<?xml version="1.0" encoding="UTF-8"?>
<testsuite xmlns:xsi="http://www.w3.org/2001/XMLSchema-instance" xsi:noNamespaceSchemaLocation="https://maven.apache.org/surefire/maven-failsafe-plugin/xsd/failsafe-test-report.xsd" version="3.0.2" name="io.apicurio.tests.serdes.apicurio.ProtobufSerdeIT" time="6.939" tests="17" errors="12" skipped="0" failures="0">
  <properties>
    <property name="java.specification.version" value="17"/>
    <property name="sun.jnu.encoding" value="UTF-8"/>
    <property name="java.class.path" value="/home/runner/work/apicurio-testing/apicurio-testing/clusters/ci419/namespaces/kafkasql/tests/integration/apicurio-registry/integration-tests/target/test-classes:/home/runner/work/apicurio-testing/apicurio-testing/clusters/ci419/namespaces/kafkasql/tests/integration/apicurio-registry/integration-tests/target/apicurio-registry-integration-tests-3.0.11-SNAPSHOT.jar:/home/runner/.m2/repository/io/quarkus/quarkus-junit5/3.20.1/quarkus-junit5-3.20.1.jar:/home/runner/.m2/repository/io/quarkus/quarkus-bootstrap-core/3.20.1/quarkus-bootstrap-core-3.20.1.jar:/home/runner/.m2/repository/io/quarkus/quarkus-classloader-commons/3.20.1/quarkus-classloader-commons-3.20.1.jar:/home/runner/.m2/repository/io/quarkus/quarkus-bootstrap-app-model/3.20.1/quarkus-bootstrap-app-model-3.20.1.jar:/home/runner/.m2/repository/io/smallrye/common/smallrye-common-io/2.12.0/smallrye-common-io-2.12.0.jar:/home/runner/.m2/repository/org/eclipse/sisu/org.eclipse.sisu.inject/0.9.0.M3/org.eclipse.sisu.inject-0.9.0.M3.jar:/home/runner/.m2/repository/io/quarkus/quarkus-test-common/3.20.1/quarkus-test-common-3.20.1.jar:/home/runner/.m2/repository/io/quarkus/quarkus-core-deployment/3.20.1/quarkus-core-deployment-3.20.1.jar:/home/runner/.m2/repository/org/aesh/readline/2.6/readline-2.6.jar:/home/runner/.m2/repository/org/fusesource/jansi/jansi/2.4.0/jansi-2.4.0.jar:/home/runner/.m2/repository/org/aesh/aesh/2.8.2/aesh-2.8.2.jar:/home/runner/.m2/repository/io/quarkus/gizmo/gizmo/1.8.0/gizmo-1.8.0.jar:/home/runner/.m2/repository/org/ow2/asm/asm-util/9.7.1/asm-util-9.7.1.jar:/home/runner/.m2/repository/org/ow2/asm/asm-analysis/9.7.1/asm-analysis-9.7.1.jar:/home/runner/.m2/repository/org/ow2/asm/asm-commons/9.7.1/asm-commons-9.7.1.jar:/home/runner/.m2/repository/org/ow2/asm/asm-tree/9.7.1/asm-tree-9.7.1.jar:/home/runner/.m2/repository/io/quarkus/quarkus-hibernate-validator-spi/3.20.1/quarkus-hibernate-validator-spi-3.20.1.jar:/home/runner/.m2/repository/io/quarkus/quarkus-class-change-agent/3.20.1/quarkus-class-change-agent-3.20.1.jar:/home/runner/.m2/repository/io/quarkus/quarkus-devtools-utilities/3.20.1/quarkus-devtools-utilities-3.20.1.jar:/home/runner/.m2/repository/io/quarkus/quarkus-builder/3.20.1/quarkus-builder-3.20.1.jar:/home/runner/.m2/repository/org/graalvm/sdk/nativeimage/23.1.2/nativeimage-23.1.2.jar:/home/runner/.m2/repository/org/graalvm/sdk/word/23.1.2/word-23.1.2.jar:/home/runner/.m2/repository/io/quarkus/quarkus-bootstrap-maven-resolver/3.20.1/quarkus-bootstrap-maven-resolver-3.20.1.jar:/home/runner/.m2/repository/io/smallrye/beanbag/smallrye-beanbag-maven/1.5.2/smallrye-beanbag-maven-1.5.2.jar:/home/runner/.m2/repository/io/smallrye/beanbag/smallrye-beanbag-sisu/1.5.2/smallrye-beanbag-sisu-1.5.2.jar:/home/runner/.m2/repository/io/smallrye/beanbag/smallrye-beanbag/1.5.2/smallrye-beanbag-1.5.2.jar:/home/runner/.m2/repository/javax/inject/javax.inject/1/javax.inject-1.jar:/home/runner/.m2/repository/org/apache/maven/maven-artifact/3.9.9/maven-artifact-3.9.9.jar:/home/runner/.m2/repository/org/apache/maven/maven-builder-support/3.9.9/maven-builder-support-3.9.9.jar:/home/runner/.m2/repository/org/apache/maven/maven-model/3.9.9/maven-model-3.9.9.jar:/home/runner/.m2/repository/org/apache/maven/maven-model-builder/3.9.9/maven-model-builder-3.9.9.jar:/home/runner/.m2/repository/org/apache/maven/maven-repository-metadata/3.9.9/maven-repository-metadata-3.9.9.jar:/home/runner/.m2/repository/org/apache/maven/maven-settings/3.9.9/maven-settings-3.9.9.jar:/home/runner/.m2/repository/org/apache/maven/resolver/maven-resolver-api/1.9.22/maven-resolver-api-1.9.22.jar:/home/runner/.m2/repository/org/apache/maven/resolver/maven-resolver-impl/1.9.22/maven-resolver-impl-1.9.22.jar:/home/runner/.m2/repository/org/apache/maven/resolver/maven-resolver-named-locks/1.9.22/maven-resolver-named-locks-1.9.22.jar:/home/runner/.m2/repository/org/apache/maven/resolver/maven-resolver-spi/1.9.22/maven-resolver-spi-1.9.22.jar:/home/runner/.m2/repository/org/apache/maven/resolver/maven-resolver-util/1.9.22/maven-resolver-util-1.9.22.jar:/home/runner/.m2/repository/org/apache/maven/resolver/maven-resolver-transport-http/1.9.20/maven-resolver-transport-http-1.9.20.jar:/home/runner/.m2/repository/org/apache/maven/wagon/wagon-provider-api/3.5.3/wagon-provider-api-3.5.3.jar:/home/runner/.m2/repository/org/apache/maven/wagon/wagon-http-shared/3.5.3/wagon-http-shared-3.5.3.jar:/home/runner/.m2/repository/org/codehaus/plexus/plexus-interpolation/1.26/plexus-interpolation-1.26.jar:/home/runner/.m2/repository/org/codehaus/plexus/plexus-utils/3.5.1/plexus-utils-3.5.1.jar:/home/runner/.m2/repository/org/codehaus/plexus/plexus-xml/4.0.1/plexus-xml-4.0.1.jar:/home/runner/.m2/repository/org/apache/maven/maven-xml-impl/4.0.0-alpha-5/maven-xml-impl-4.0.0-alpha-5.jar:/home/runner/.m2/repository/org/apache/maven/maven-api-xml/4.0.0-alpha-5/maven-api-xml-4.0.0-alpha-5.jar:/home/runner/.m2/repository/org/apache/maven/maven-api-meta/4.0.0-alpha-5/maven-api-meta-4.0.0-alpha-5.jar:/home/runner/.m2/repository/org/codehaus/plexus/plexus-cipher/2.0/plexus-cipher-2.0.jar:/home/runner/.m2/repository/org/codehaus/plexus/plexus-sec-dispatcher/2.0/plexus-sec-dispatcher-2.0.jar:/home/runner/.m2/repository/org/apache/maven/maven-embedder/3.9.9/maven-embedder-3.9.9.jar:/home/runner/.m2/repository/org/apache/maven/maven-core/3.9.9/maven-core-3.9.9.jar:/home/runner/.m2/repository/org/codehaus/plexus/plexus-component-annotations/2.1.0/plexus-component-annotations-2.1.0.jar:/home/runner/.m2/repository/org/apache/maven/maven-plugin-api/3.9.9/maven-plugin-api-3.9.9.jar:/home/runner/.m2/repository/org/apache/maven/shared/maven-shared-utils/3.4.2/maven-shared-utils-3.4.2.jar:/home/runner/.m2/repository/com/google/inject/guice/5.1.0/guice-5.1.0.jar:/home/runner/.m2/repository/aopalliance/aopalliance/1.0/aopalliance-1.0.jar:/home/runner/.m2/repository/org/codehaus/plexus/plexus-classworlds/2.6.0/plexus-classworlds-2.6.0.jar:/home/runner/.m2/repository/commons-cli/commons-cli/1.8.0/commons-cli-1.8.0.jar:/home/runner/.m2/repository/org/eclipse/sisu/org.eclipse.sisu.plexus/0.9.0.M3/org.eclipse.sisu.plexus-0.9.0.M3.jar:/home/runner/.m2/repository/org/apache/maven/maven-settings-builder/3.9.9/maven-settings-builder-3.9.9.jar:/home/runner/.m2/repository/org/apache/maven/maven-resolver-provider/3.9.9/maven-resolver-provider-3.9.9.jar:/home/runner/.m2/repository/org/apache/maven/resolver/maven-resolver-connector-basic/1.9.22/maven-resolver-connector-basic-1.9.22.jar:/home/runner/.m2/repository/org/apache/maven/resolver/maven-resolver-transport-wagon/1.9.22/maven-resolver-transport-wagon-1.9.22.jar:/home/runner/.m2/repository/org/apache/maven/wagon/wagon-http/3.5.3/wagon-http-3.5.3.jar:/home/runner/.m2/repository/org/apache/maven/wagon/wagon-file/3.5.3/wagon-file-3.5.3.jar:/home/runner/.m2/repository/io/quarkus/quarkus-bootstrap-gradle-resolver/3.20.1/quarkus-bootstrap-gradle-resolver-3.20.1.jar:/home/runner/.m2/repository/io/smallrye/jandex/3.3.0/jandex-3.3.0.jar:/home/runner/.m2/repository/org/jboss/logging/commons-logging-jboss-logging/1.0.0.Final/commons-logging-jboss-logging-1.0.0.Final.jar:/home/runner/.m2/repository/io/quarkus/quarkus-junit5-config/3.20.1/quarkus-junit5-config-3.20.1.jar:/home/runner/.m2/repository/org/junit/jupiter/junit-jupiter-api/5.12.1/junit-jupiter-api-5.12.1.jar:/home/runner/.m2/repository/io/smallrye/config/smallrye-config/3.11.4/smallrye-config-3.11.4.jar:/home/runner/.m2/repository/io/smallrye/config/smallrye-config-core/3.11.4/smallrye-config-core-3.11.4.jar:/home/runner/.m2/repository/io/smallrye/common/smallrye-common-classloader/2.12.0/smallrye-common-classloader-2.12.0.jar:/home/runner/.m2/repository/io/smallrye/config/smallrye-config-common/3.11.4/smallrye-config-common-3.11.4.jar:/home/runner/.m2/repository/org/junit/jupiter/junit-jupiter/5.12.1/junit-jupiter-5.12.1.jar:/home/runner/.m2/repository/org/junit/jupiter/junit-jupiter-params/5.12.1/junit-jupiter-params-5.12.1.jar:/home/runner/.m2/repository/org/junit/jupiter/junit-jupiter-engine/5.12.1/junit-jupiter-engine-5.12.1.jar:/home/runner/.m2/repository/io/quarkus/quarkus-core/3.20.1/quarkus-core-3.20.1.jar:/home/runner/.m2/repository/jakarta/enterprise/jakarta.enterprise.cdi-api/4.1.0/jakarta.enterprise.cdi-api-4.1.0.jar:/home/runner/.m2/repository/jakarta/enterprise/jakarta.enterprise.lang-model/4.1.0/jakarta.enterprise.lang-model-4.1.0.jar:/home/runner/.m2/repository/jakarta/el/jakarta.el-api/5.0.1/jakarta.el-api-5.0.1.jar:/home/runner/.m2/repository/jakarta/interceptor/jakarta.interceptor-api/2.2.0/jakarta.interceptor-api-2.2.0.jar:/home/runner/.m2/repository/jakarta/inject/jakarta.inject-api/2.0.1/jakarta.inject-api-2.0.1.jar:/home/runner/.m2/repository/io/smallrye/common/smallrye-common-os/2.12.0/smallrye-common-os-2.12.0.jar:/home/runner/.m2/repository/io/quarkus/quarkus-ide-launcher/3.20.1/quarkus-ide-launcher-3.20.1.jar:/home/runner/.m2/repository/io/quarkus/quarkus-development-mode-spi/3.20.1/quarkus-development-mode-spi-3.20.1.jar:/home/runner/.m2/repository/org/jboss/logging/jboss-logging/3.6.1.Final/jboss-logging-3.6.1.Final.jar:/home/runner/.m2/repository/org/jboss/logmanager/jboss-logmanager/3.1.2.Final/jboss-logmanager-3.1.2.Final.jar:/home/runner/.m2/repository/io/smallrye/common/smallrye-common-constraint/2.12.0/smallrye-common-constraint-2.12.0.jar:/home/runner/.m2/repository/io/smallrye/common/smallrye-common-cpu/2.12.0/smallrye-common-cpu-2.12.0.jar:/home/runner/.m2/repository/io/smallrye/common/smallrye-common-expression/2.12.0/smallrye-common-expression-2.12.0.jar:/home/runner/.m2/repository/io/smallrye/common/smallrye-common-net/2.12.0/smallrye-common-net-2.12.0.jar:/home/runner/.m2/repository/io/smallrye/common/smallrye-common-ref/2.12.0/smallrye-common-ref-2.12.0.jar:/home/runner/.m2/repository/jakarta/json/jakarta.json-api/2.1.3/jakarta.json-api-2.1.3.jar:/home/runner/.m2/repository/org/eclipse/parsson/parsson/1.1.7/parsson-1.1.7.jar:/home/runner/.m2/repository/org/jboss/logging/jboss-logging-annotations/3.0.4.Final/jboss-logging-annotations-3.0.4.Final.jar:/home/runner/.m2/repository/org/jboss/threads/jboss-threads/3.8.0.Final/jboss-threads-3.8.0.Final.jar:/home/runner/.m2/repository/io/smallrye/common/smallrye-common-annotation/2.12.0/smallrye-common-annotation-2.12.0.jar:/home/runner/.m2/repository/io/smallrye/common/smallrye-common-function/2.12.0/smallrye-common-function-2.12.0.jar:/home/runner/.m2/repository/org/jboss/slf4j/slf4j-jboss-logmanager/2.0.0.Final/slf4j-jboss-logmanager-2.0.0.Final.jar:/home/runner/.m2/repository/org/wildfly/common/wildfly-common/2.0.1/wildfly-common-2.0.1.jar:/home/runner/.m2/repository/io/quarkus/quarkus-bootstrap-runner/3.20.1/quarkus-bootstrap-runner-3.20.1.jar:/home/runner/.m2/repository/io/github/crac/org-crac/0.1.3/org-crac-0.1.3.jar:/home/runner/.m2/repository/io/quarkus/quarkus-fs-util/0.0.10/quarkus-fs-util-0.0.10.jar:/home/runner/.m2/repository/org/jboss/marshalling/jboss-marshalling/2.2.2.Final/jboss-marshalling-2.2.2.Final.jar:/home/runner/.m2/repository/io/fabric8/kubernetes-client/7.1.0/kubernetes-client-7.1.0.jar:/home/runner/.m2/repository/io/fabric8/kubernetes-client-api/7.1.0/kubernetes-client-api-7.1.0.jar:/home/runner/.m2/repository/io/fabric8/kubernetes-model-core/7.1.0/kubernetes-model-core-7.1.0.jar:/home/runner/.m2/repository/io/fabric8/kubernetes-model-common/7.1.0/kubernetes-model-common-7.1.0.jar:/home/runner/.m2/repository/javax/annotation/javax.annotation-api/1.3.2/javax.annotation-api-1.3.2.jar:/home/runner/.m2/repository/io/fabric8/kubernetes-model-gatewayapi/7.1.0/kubernetes-model-gatewayapi-7.1.0.jar:/home/runner/.m2/repository/io/fabric8/kubernetes-model-resource/7.1.0/kubernetes-model-resource-7.1.0.jar:/home/runner/.m2/repository/io/fabric8/kubernetes-model-rbac/7.1.0/kubernetes-model-rbac-7.1.0.jar:/home/runner/.m2/repository/io/fabric8/kubernetes-model-admissionregistration/7.1.0/kubernetes-model-admissionregistration-7.1.0.jar:/home/runner/.m2/repository/io/fabric8/kubernetes-model-apps/7.1.0/kubernetes-model-apps-7.1.0.jar:/home/runner/.m2/repository/io/fabric8/kubernetes-model-autoscaling/7.1.0/kubernetes-model-autoscaling-7.1.0.jar:/home/runner/.m2/repository/io/fabric8/kubernetes-model-apiextensions/7.1.0/kubernetes-model-apiextensions-7.1.0.jar:/home/runner/.m2/repository/io/fabric8/kubernetes-model-batch/7.1.0/kubernetes-model-batch-7.1.0.jar:/home/runner/.m2/repository/io/fabric8/kubernetes-model-certificates/7.1.0/kubernetes-model-certificates-7.1.0.jar:/home/runner/.m2/repository/io/fabric8/kubernetes-model-coordination/7.1.0/kubernetes-model-coordination-7.1.0.jar:/home/runner/.m2/repository/io/fabric8/kubernetes-model-discovery/7.1.0/kubernetes-model-discovery-7.1.0.jar:/home/runner/.m2/repository/io/fabric8/kubernetes-model-events/7.1.0/kubernetes-model-events-7.1.0.jar:/home/runner/.m2/repository/io/fabric8/kubernetes-model-extensions/7.1.0/kubernetes-model-extensions-7.1.0.jar:/home/runner/.m2/repository/io/fabric8/kubernetes-model-flowcontrol/7.1.0/kubernetes-model-flowcontrol-7.1.0.jar:/home/runner/.m2/repository/io/fabric8/kubernetes-model-networking/7.1.0/kubernetes-model-networking-7.1.0.jar:/home/runner/.m2/repository/io/fabric8/kubernetes-model-metrics/7.1.0/kubernetes-model-metrics-7.1.0.jar:/home/runner/.m2/repository/io/fabric8/kubernetes-model-policy/7.1.0/kubernetes-model-policy-7.1.0.jar:/home/runner/.m2/repository/io/fabric8/kubernetes-model-scheduling/7.1.0/kubernetes-model-scheduling-7.1.0.jar:/home/runner/.m2/repository/io/fabric8/kubernetes-model-storageclass/7.1.0/kubernetes-model-storageclass-7.1.0.jar:/home/runner/.m2/repository/io/fabric8/kubernetes-model-node/7.1.0/kubernetes-model-node-7.1.0.jar:/home/runner/.m2/repository/org/snakeyaml/snakeyaml-engine/2.9/snakeyaml-engine-2.9.jar:/home/runner/.m2/repository/com/fasterxml/jackson/dataformat/jackson-dataformat-yaml/2.15.2/jackson-dataformat-yaml-2.15.2.jar:/home/runner/.m2/repository/com/fasterxml/jackson/datatype/jackson-datatype-jsr310/2.18.2/jackson-datatype-jsr310-2.18.2.jar:/home/runner/.m2/repository/io/fabric8/zjsonpatch/7.1.0/zjsonpatch-7.1.0.jar:/home/runner/.m2/repository/io/fabric8/kubernetes-httpclient-vertx/7.1.0/kubernetes-httpclient-vertx-7.1.0.jar:/home/runner/.m2/repository/io/vertx/vertx-web-client/4.5.14/vertx-web-client-4.5.14.jar:/home/runner/.m2/repository/io/vertx/vertx-web-common/4.5.14/vertx-web-common-4.5.14.jar:/home/runner/.m2/repository/io/vertx/vertx-auth-common/4.5.14/vertx-auth-common-4.5.14.jar:/home/runner/.m2/repository/io/vertx/vertx-uri-template/4.5.14/vertx-uri-template-4.5.14.jar:/home/runner/.m2/repository/io/fabric8/openshift-client/7.1.0/openshift-client-7.1.0.jar:/home/runner/.m2/repository/io/fabric8/openshift-client-api/7.1.0/openshift-client-api-7.1.0.jar:/home/runner/.m2/repository/io/fabric8/openshift-model/7.1.0/openshift-model-7.1.0.jar:/home/runner/.m2/repository/io/fabric8/openshift-model-autoscaling/7.1.0/openshift-model-autoscaling-7.1.0.jar:/home/runner/.m2/repository/io/fabric8/openshift-model-operator/7.1.0/openshift-model-operator-7.1.0.jar:/home/runner/.m2/repository/io/fabric8/openshift-model-operatorhub/7.1.0/openshift-model-operatorhub-7.1.0.jar:/home/runner/.m2/repository/io/fabric8/openshift-model-machine/7.1.0/openshift-model-machine-7.1.0.jar:/home/runner/.m2/repository/io/fabric8/openshift-model-whereabouts/7.1.0/openshift-model-whereabouts-7.1.0.jar:/home/runner/.m2/repository/io/fabric8/openshift-model-monitoring/7.1.0/openshift-model-monitoring-7.1.0.jar:/home/runner/.m2/repository/io/fabric8/openshift-model-storageversionmigrator/7.1.0/openshift-model-storageversionmigrator-7.1.0.jar:/home/runner/.m2/repository/io/fabric8/openshift-model-tuned/7.1.0/openshift-model-tuned-7.1.0.jar:/home/runner/.m2/repository/io/fabric8/openshift-model-console/7.1.0/openshift-model-console-7.1.0.jar:/home/runner/.m2/repository/io/fabric8/openshift-model-config/7.1.0/openshift-model-config-7.1.0.jar:/home/runner/.m2/repository/io/fabric8/openshift-model-machineconfiguration/7.1.0/openshift-model-machineconfiguration-7.1.0.jar:/home/runner/.m2/repository/io/fabric8/openshift-model-miscellaneous/7.1.0/openshift-model-miscellaneous-7.1.0.jar:/home/runner/.m2/repository/io/fabric8/openshift-model-hive/7.1.0/openshift-model-hive-7.1.0.jar:/home/runner/.m2/repository/io/fabric8/openshift-model-installer/7.1.0/openshift-model-installer-7.1.0.jar:/home/runner/.m2/repository/org/junit/platform/junit-platform-launcher/1.12.1/junit-platform-launcher-1.12.1.jar:/home/runner/.m2/repository/org/junit/platform/junit-platform-engine/1.12.1/junit-platform-engine-1.12.1.jar:/home/runner/.m2/repository/org/opentest4j/opentest4j/1.3.0/opentest4j-1.3.0.jar:/home/runner/.m2/repository/org/junit/platform/junit-platform-commons/1.12.1/junit-platform-commons-1.12.1.jar:/home/runner/.m2/repository/org/apiguardian/apiguardian-api/1.1.2/apiguardian-api-1.1.2.jar:/home/runner/.m2/repository/jakarta/ws/rs/jakarta.ws.rs-api/3.1.0/jakarta.ws.rs-api-3.1.0.jar:/home/runner/work/apicurio-testing/apicurio-testing/clusters/ci419/namespaces/kafkasql/tests/integration/apicurio-registry/java-sdk/target/apicurio-registry-java-sdk-3.0.11-SNAPSHOT.jar:/home/runner/.m2/repository/com/microsoft/kiota/microsoft-kiota-abstractions/1.8.8/microsoft-kiota-abstractions-1.8.8.jar:/home/runner/.m2/repository/io/github/std-uritemplate/std-uritemplate/2.0.0/std-uritemplate-2.0.0.jar:/home/runner/.m2/repository/io/kiota/kiota-http-jdk/0.0.21/kiota-http-jdk-0.0.21.jar:/home/runner/.m2/repository/io/kiota/kiota-http-vertx/0.0.21/kiota-http-vertx-0.0.21.jar:/home/runner/.m2/repository/io/kiota/kiota-serialization-jackson/0.0.21/kiota-serialization-jackson-0.0.21.jar:/home/runner/.m2/repository/com/microsoft/kiota/microsoft-kiota-serialization-text/1.8.8/microsoft-kiota-serialization-text-1.8.8.jar:/home/runner/.m2/repository/com/microsoft/kiota/microsoft-kiota-serialization-form/1.8.8/microsoft-kiota-serialization-form-1.8.8.jar:/home/runner/.m2/repository/com/microsoft/kiota/microsoft-kiota-serialization-multipart/1.8.8/microsoft-kiota-serialization-multipart-1.8.8.jar:/home/runner/.m2/repository/jakarta/annotation/jakarta.annotation-api/3.0.0/jakarta.annotation-api-3.0.0.jar:/home/runner/.m2/repository/io/vertx/vertx-auth-oauth2/4.5.14/vertx-auth-oauth2-4.5.14.jar:/home/runner/work/apicurio-testing/apicurio-testing/clusters/ci419/namespaces/kafkasql/tests/integration/apicurio-registry/java-sdk-v2/target/apicurio-registry-v2-java-sdk-3.0.11-SNAPSHOT.jar:/home/runner/work/apicurio-testing/apicurio-testing/clusters/ci419/namespaces/kafkasql/tests/integration/apicurio-registry/utils/kafka/target/apicurio-registry-utils-kafka-3.0.11-SNAPSHOT-tests.jar:/home/runner/.m2/repository/org/eclipse/microprofile/config/microprofile-config-api/3.1/microprofile-config-api-3.1.jar:/home/runner/.m2/repository/org/apache/kafka/kafka-clients/3.9.1/kafka-clients-3.9.1.jar:/home/runner/.m2/repository/com/github/luben/zstd-jni/1.5.6-4/zstd-jni-1.5.6-4.jar:/home/runner/.m2/repository/org/lz4/lz4-java/1.8.0/lz4-java-1.8.0.jar:/home/runner/.m2/repository/org/xerial/snappy/snappy-java/1.1.10.5/snappy-java-1.1.10.5.jar:/home/runner/.m2/repository/org/slf4j/slf4j-api/2.0.6/slf4j-api-2.0.6.jar:/home/runner/work/apicurio-testing/apicurio-testing/clusters/ci419/namespaces/kafkasql/tests/integration/apicurio-registry/utils/tests/target/apicurio-registry-utils-tests-3.0.11-SNAPSHOT.jar:/home/runner/work/apicurio-testing/apicurio-testing/clusters/ci419/namespaces/kafkasql/tests/integration/apicurio-registry/common/target/apicurio-registry-common-3.0.11-SNAPSHOT.jar:/home/runner/.m2/repository/jakarta/validation/jakarta.validation-api/3.0.2/jakarta.validation-api-3.0.2.jar:/home/runner/.m2/repository/com/github/dasniko/testcontainers-keycloak/3.6.0/testcontainers-keycloak-3.6.0.jar:/home/runner/.m2/repository/org/testcontainers/testcontainers/1.20.6/testcontainers-1.20.6.jar:/home/runner/.m2/repository/org/rnorth/duct-tape/duct-tape/1.0.8/duct-tape-1.0.8.jar:/home/runner/.m2/repository/org/jetbrains/annotations/26.0.2/annotations-26.0.2.jar:/home/runner/.m2/repository/com/github/docker-java/docker-java-transport-zerodep/3.4.1/docker-java-transport-zerodep-3.4.1.jar:/home/runner/.m2/repository/com/github/docker-java/docker-java-transport/3.4.1/docker-java-transport-3.4.1.jar:/home/runner/.m2/repository/net/java/dev/jna/jna/5.8.0/jna-5.8.0.jar:/home/runner/.m2/repository/io/quarkus/quarkus-junit4-mock/3.20.1/quarkus-junit4-mock-3.20.1.jar:/home/runner/.m2/repository/org/jboss/shrinkwrap/shrinkwrap-api/2.0.0-beta-2/shrinkwrap-api-2.0.0-beta-2.jar:/home/runner/.m2/repository/org/jboss/shrinkwrap/shrinkwrap-impl-base/2.0.0-beta-2/shrinkwrap-impl-base-2.0.0-beta-2.jar:/home/runner/.m2/repository/org/jboss/shrinkwrap/shrinkwrap-spi/2.0.0-beta-2/shrinkwrap-spi-2.0.0-beta-2.jar:/home/runner/.m2/repository/org/keycloak/keycloak-admin-client/26.0.4/keycloak-admin-client-26.0.4.jar:/home/runner/.m2/repository/org/keycloak/keycloak-client-common-synced/26.0.4/keycloak-client-common-synced-26.0.4.jar:/home/runner/.m2/repository/jakarta/activation/jakarta.activation-api/2.1.3/jakarta.activation-api-2.1.3.jar:/home/runner/.m2/repository/org/eclipse/microprofile/openapi/microprofile-openapi-api/4.0.2/microprofile-openapi-api-4.0.2.jar:/home/runner/.m2/repository/org/jboss/resteasy/resteasy-client/6.2.12.Final/resteasy-client-6.2.12.Final.jar:/home/runner/.m2/repository/org/jboss/resteasy/resteasy-client-api/6.2.12.Final/resteasy-client-api-6.2.12.Final.jar:/home/runner/.m2/repository/org/jboss/resteasy/resteasy-core-spi/6.2.12.Final/resteasy-core-spi-6.2.12.Final.jar:/home/runner/.m2/repository/org/jboss/resteasy/resteasy-core/6.2.12.Final/resteasy-core-6.2.12.Final.jar:/home/runner/.m2/repository/org/eclipse/angus/angus-activation/2.0.2/angus-activation-2.0.2.jar:/home/runner/.m2/repository/com/ibm/async/asyncutil/0.1.0/asyncutil-0.1.0.jar:/home/runner/.m2/repository/org/reactivestreams/reactive-streams/1.0.4/reactive-streams-1.0.4.jar:/home/runner/.m2/repository/org/jboss/resteasy/resteasy-multipart-provider/6.2.12.Final/resteasy-multipart-provider-6.2.12.Final.jar:/home/runner/.m2/repository/jakarta/mail/jakarta.mail-api/2.1.3/jakarta.mail-api-2.1.3.jar:/home/runner/.m2/repository/org/eclipse/angus/angus-mail/2.0.3/angus-mail-2.0.3.jar:/home/runner/.m2/repository/org/apache/james/apache-mime4j-dom/0.8.12/apache-mime4j-dom-0.8.12.jar:/home/runner/.m2/repository/org/apache/james/apache-mime4j-core/0.8.12/apache-mime4j-core-0.8.12.jar:/home/runner/.m2/repository/org/apache/james/apache-mime4j-storage/0.8.12/apache-mime4j-storage-0.8.12.jar:/home/runner/.m2/repository/org/jboss/resteasy/resteasy-jackson2-provider/6.2.12.Final/resteasy-jackson2-provider-6.2.12.Final.jar:/home/runner/.m2/repository/com/fasterxml/jackson/jakarta/rs/jackson-jakarta-rs-base/2.18.2/jackson-jakarta-rs-base-2.18.2.jar:/home/runner/.m2/repository/com/fasterxml/jackson/jakarta/rs/jackson-jakarta-rs-json-provider/2.18.2/jackson-jakarta-rs-json-provider-2.18.2.jar:/home/runner/.m2/repository/com/fasterxml/jackson/module/jackson-module-jakarta-xmlbind-annotations/2.18.2/jackson-module-jakarta-xmlbind-annotations-2.18.2.jar:/home/runner/.m2/repository/com/github/java-json-tools/json-patch/1.13/json-patch-1.13.jar:/home/runner/.m2/repository/com/github/java-json-tools/msg-simple/1.2/msg-simple-1.2.jar:/home/runner/.m2/repository/com/github/java-json-tools/btf/1.3/btf-1.3.jar:/home/runner/.m2/repository/com/github/java-json-tools/jackson-coreutils/2.0/jackson-coreutils-2.0.jar:/home/runner/.m2/repository/org/jboss/resteasy/resteasy-jaxb-provider/6.2.12.Final/resteasy-jaxb-provider-6.2.12.Final.jar:/home/runner/.m2/repository/org/glassfish/jaxb/codemodel/4.0.5/codemodel-4.0.5.jar:/home/runner/.m2/repository/org/glassfish/jaxb/jaxb-core/4.0.5/jaxb-core-4.0.5.jar:/home/runner/.m2/repository/org/glassfish/jaxb/jaxb-jxc/4.0.5/jaxb-jxc-4.0.5.jar:/home/runner/.m2/repository/org/glassfish/jaxb/jaxb-runtime/4.0.5/jaxb-runtime-4.0.5.jar:/home/runner/.m2/repository/org/glassfish/jaxb/txw2/4.0.5/txw2-4.0.5.jar:/home/runner/.m2/repository/org/glassfish/jaxb/jaxb-xjc/4.0.5/jaxb-xjc-4.0.5.jar:/home/runner/.m2/repository/org/glassfish/jaxb/xsom/4.0.5/xsom-4.0.5.jar:/home/runner/.m2/repository/com/sun/istack/istack-commons-runtime/4.1.2/istack-commons-runtime-4.1.2.jar:/home/runner/.m2/repository/com/sun/istack/istack-commons-tools/4.1.2/istack-commons-tools-4.1.2.jar:/home/runner/.m2/repository/com/sun/xml/bind/external/relaxng-datatype/4.0.5/relaxng-datatype-4.0.5.jar:/home/runner/.m2/repository/com/sun/xml/bind/external/rngom/4.0.5/rngom-4.0.5.jar:/home/runner/.m2/repository/org/testcontainers/mssqlserver/1.20.6/mssqlserver-1.20.6.jar:/home/runner/.m2/repository/org/testcontainers/jdbc/1.20.6/jdbc-1.20.6.jar:/home/runner/.m2/repository/org/testcontainers/database-commons/1.20.6/database-commons-1.20.6.jar:/home/runner/.m2/repository/org/testcontainers/mysql/1.20.6/mysql-1.20.6.jar:/home/runner/.m2/repository/io/strimzi/strimzi-test-container/0.107.0/strimzi-test-container-0.107.0.jar:/home/runner/.m2/repository/org/testcontainers/toxiproxy/1.20.6/toxiproxy-1.20.6.jar:/home/runner/.m2/repository/com/github/docker-java/docker-java-api/3.4.1/docker-java-api-3.4.1.jar:/home/runner/.m2/repository/eu/rekawek/toxiproxy/toxiproxy-java/2.1.7/toxiproxy-java-2.1.7.jar:/home/runner/.m2/repository/junit/junit/4.13.2/junit-4.13.2.jar:/home/runner/.m2/repository/org/hamcrest/hamcrest-core/1.3/hamcrest-core-1.3.jar:/home/runner/.m2/repository/org/testcontainers/pulsar/1.20.4/pulsar-1.20.4.jar:/home/runner/.m2/repository/io/debezium/debezium-testing-testcontainers/2.6.2.Final/debezium-testing-testcontainers-2.6.2.Final.jar:/home/runner/.m2/repository/org/testcontainers/kafka/1.20.6/kafka-1.20.6.jar:/home/runner/.m2/repository/com/squareup/okhttp3/okhttp/4.8.1/okhttp-4.8.1.jar:/home/runner/.m2/repository/com/squareup/okio/okio/3.10.2/okio-3.10.2.jar:/home/runner/.m2/repository/com/squareup/okio/okio-jvm/3.10.2/okio-jvm-3.10.2.jar:/home/runner/.m2/repository/org/jetbrains/kotlin/kotlin-stdlib/2.0.21/kotlin-stdlib-2.0.21.jar:/home/runner/.m2/repository/org/awaitility/awaitility/4.2.2/awaitility-4.2.2.jar:/home/runner/.m2/repository/org/testcontainers/mongodb/1.20.6/mongodb-1.20.6.jar:/home/runner/.m2/repository/org/testcontainers/oracle-xe/1.20.6/oracle-xe-1.20.6.jar:/home/runner/.m2/repository/org/testcontainers/postgresql/1.20.6/postgresql-1.20.6.jar:/home/runner/.m2/repository/org/wiremock/wiremock/3.0.1/wiremock-3.0.1.jar:/home/runner/.m2/repository/org/eclipse/jetty/jetty-server/11.0.15/jetty-server-11.0.15.jar:/home/runner/.m2/repository/org/eclipse/jetty/toolchain/jetty-jakarta-servlet-api/5.0.2/jetty-jakarta-servlet-api-5.0.2.jar:/home/runner/.m2/repository/org/eclipse/jetty/jetty-http/11.0.15/jetty-http-11.0.15.jar:/home/runner/.m2/repository/org/eclipse/jetty/jetty-io/11.0.15/jetty-io-11.0.15.jar:/home/runner/.m2/repository/org/eclipse/jetty/jetty-servlet/11.0.15/jetty-servlet-11.0.15.jar:/home/runner/.m2/repository/org/eclipse/jetty/jetty-security/11.0.15/jetty-security-11.0.15.jar:/home/runner/.m2/repository/org/eclipse/jetty/jetty-servlets/11.0.15/jetty-servlets-11.0.15.jar:/home/runner/.m2/repository/org/eclipse/jetty/jetty-util/11.0.15/jetty-util-11.0.15.jar:/home/runner/.m2/repository/org/eclipse/jetty/jetty-webapp/11.0.15/jetty-webapp-11.0.15.jar:/home/runner/.m2/repository/org/eclipse/jetty/jetty-xml/11.0.15/jetty-xml-11.0.15.jar:/home/runner/.m2/repository/org/eclipse/jetty/jetty-proxy/11.0.15/jetty-proxy-11.0.15.jar:/home/runner/.m2/repository/org/eclipse/jetty/jetty-client/11.0.15/jetty-client-11.0.15.jar:/home/runner/.m2/repository/org/eclipse/jetty/http2/http2-server/11.0.15/http2-server-11.0.15.jar:/home/runner/.m2/repository/org/eclipse/jetty/http2/http2-common/11.0.15/http2-common-11.0.15.jar:/home/runner/.m2/repository/org/eclipse/jetty/http2/http2-hpack/11.0.15/http2-hpack-11.0.15.jar:/home/runner/.m2/repository/org/eclipse/jetty/jetty-alpn-server/11.0.15/jetty-alpn-server-11.0.15.jar:/home/runner/.m2/repository/org/eclipse/jetty/jetty-alpn-java-server/11.0.15/jetty-alpn-java-server-11.0.15.jar:/home/runner/.m2/repository/org/eclipse/jetty/jetty-alpn-java-client/11.0.15/jetty-alpn-java-client-11.0.15.jar:/home/runner/.m2/repository/org/eclipse/jetty/jetty-alpn-client/11.0.15/jetty-alpn-client-11.0.15.jar:/home/runner/.m2/repository/org/apache/httpcomponents/client5/httpclient5/5.2.1/httpclient5-5.2.1.jar:/home/runner/.m2/repository/org/apache/httpcomponents/core5/httpcore5/5.2/httpcore5-5.2.jar:/home/runner/.m2/repository/org/apache/httpcomponents/core5/httpcore5-h2/5.2/httpcore5-h2-5.2.jar:/home/runner/.m2/repository/org/xmlunit/xmlunit-core/2.9.1/xmlunit-core-2.9.1.jar:/home/runner/.m2/repository/jakarta/xml/bind/jakarta.xml.bind-api/4.0.2/jakarta.xml.bind-api-4.0.2.jar:/home/runner/.m2/repository/org/xmlunit/xmlunit-legacy/2.9.1/xmlunit-legacy-2.9.1.jar:/home/runner/.m2/repository/org/xmlunit/xmlunit-placeholders/2.9.1/xmlunit-placeholders-2.9.1.jar:/home/runner/.m2/repository/net/javacrumbs/json-unit/json-unit-core/2.38.0/json-unit-core-2.38.0.jar:/home/runner/.m2/repository/com/jayway/jsonpath/json-path/2.8.0/json-path-2.8.0.jar:/home/runner/.m2/repository/net/minidev/json-smart/2.4.10/json-smart-2.4.10.jar:/home/runner/.m2/repository/net/minidev/accessors-smart/2.4.9/accessors-smart-2.4.9.jar:/home/runner/.m2/repository/org/ow2/asm/asm/9.7.1/asm-9.7.1.jar:/home/runner/.m2/repository/net/sf/jopt-simple/jopt-simple/5.0.4/jopt-simple-5.0.4.jar:/home/runner/.m2/repository/com/github/jknack/handlebars/4.3.1/handlebars-4.3.1.jar:/home/runner/.m2/repository/com/github/jknack/handlebars-helpers/4.3.1/handlebars-helpers-4.3.1.jar:/home/runner/.m2/repository/commons-fileupload/commons-fileupload/1.5/commons-fileupload-1.5.jar:/home/runner/.m2/repository/com/networknt/json-schema-validator/1.5.5/json-schema-validator-1.5.5.jar:/home/runner/.m2/repository/com/ethlo/time/itu/1.10.3/itu-1.10.3.jar:/home/runner/.m2/repository/io/quarkus/quarkus-smallrye-jwt-build/3.20.1/quarkus-smallrye-jwt-build-3.20.1.jar:/home/runner/.m2/repository/io/smallrye/smallrye-jwt-build/4.6.1/smallrye-jwt-build-4.6.1.jar:/home/runner/.m2/repository/org/eclipse/microprofile/jwt/microprofile-jwt-auth-api/2.1/microprofile-jwt-auth-api-2.1.jar:/home/runner/.m2/repository/org/bitbucket/b_c/jose4j/0.9.6/jose4j-0.9.6.jar:/home/runner/.m2/repository/io/smallrye/smallrye-jwt-common/4.6.1/smallrye-jwt-common-4.6.1.jar:/home/runner/.m2/repository/io/quarkus/quarkus-jsonp/3.20.1/quarkus-jsonp-3.20.1.jar:/home/runner/.m2/repository/io/quarkus/quarkus-arc/3.20.1/quarkus-arc-3.20.1.jar:/home/runner/.m2/repository/io/quarkus/arc/arc/3.20.1/arc-3.20.1.jar:/home/runner/.m2/repository/jakarta/transaction/jakarta.transaction-api/2.0.1/jakarta.transaction-api-2.0.1.jar:/home/runner/.m2/repository/io/smallrye/reactive/mutiny/2.8.0/mutiny-2.8.0.jar:/home/runner/.m2/repository/org/jctools/jctools-core/4.0.5/jctools-core-4.0.5.jar:/home/runner/.m2/repository/org/eclipse/microprofile/context-propagation/microprofile-context-propagation-api/1.3/microprofile-context-propagation-api-1.3.jar:/home/runner/.m2/repository/io/apicurio/apicurio-common-rest-client-common/0.1.18.Final/apicurio-common-rest-client-common-0.1.18.Final.jar:/home/runner/work/apicurio-testing/apicurio-testing/clusters/ci419/namespaces/kafkasql/tests/integration/apicurio-registry/utils/maven-plugin/target/apicurio-registry-maven-plugin-3.0.11-SNAPSHOT.jar:/home/runner/.m2/repository/com/fasterxml/jackson/core/jackson-databind/2.18.2/jackson-databind-2.18.2.jar:/home/runner/.m2/repository/org/apache/avro/avro/1.12.0/avro-1.12.0.jar:/home/runner/.m2/repository/com/google/protobuf/protobuf-java/4.31.1/protobuf-java-4.31.1.jar:/home/runner/.m2/repository/com/google/protobuf/protobuf-java-util/4.31.1/protobuf-java-util-4.31.1.jar:/home/runner/.m2/repository/com/google/code/findbugs/jsr305/3.0.2/jsr305-3.0.2.jar:/home/runner/.m2/repository/com/google/code/gson/gson/2.12.1/gson-2.12.1.jar:/home/runner/.m2/repository/com/google/errorprone/error_prone_annotations/2.36.0/error_prone_annotations-2.36.0.jar:/home/runner/.m2/repository/com/google/j2objc/j2objc-annotations/2.8/j2objc-annotations-2.8.jar:/home/runner/work/apicurio-testing/apicurio-testing/clusters/ci419/namespaces/kafkasql/tests/integration/apicurio-registry/schema-util/util-provider/target/apicurio-registry-schema-util-provider-3.0.11-SNAPSHOT.jar:/home/runner/work/apicurio-testing/apicurio-testing/clusters/ci419/namespaces/kafkasql/tests/integration/apicurio-registry/schema-util/common/target/apicurio-registry-schema-util-common-3.0.11-SNAPSHOT.jar:/home/runner/.m2/repository/com/fasterxml/jackson/module/jackson-module-parameter-names/2.18.2/jackson-module-parameter-names-2.18.2.jar:/home/runner/.m2/repository/com/fasterxml/jackson/datatype/jackson-datatype-json-org/2.18.2/jackson-datatype-json-org-2.18.2.jar:/home/runner/work/apicurio-testing/apicurio-testing/clusters/ci419/namespaces/kafkasql/tests/integration/apicurio-registry/schema-util/json/target/apicurio-registry-schema-util-json-3.0.11-SNAPSHOT.jar:/home/runner/.m2/repository/com/github/erosb/everit-json-schema/1.14.5/everit-json-schema-1.14.5.jar:/home/runner/.m2/repository/commons-validator/commons-validator/1.9.0/commons-validator-1.9.0.jar:/home/runner/.m2/repository/commons-digester/commons-digester/2.1/commons-digester-2.1.jar:/home/runner/.m2/repository/commons-collections/commons-collections/3.2.2/commons-collections-3.2.2.jar:/home/runner/.m2/repository/com/damnhandy/handy-uri-templates/2.1.8/handy-uri-templates-2.1.8.jar:/home/runner/.m2/repository/joda-time/joda-time/2.10.2/joda-time-2.10.2.jar:/home/runner/.m2/repository/com/github/erosb/json-sKema/0.20.0/json-sKema-0.20.0.jar:/home/runner/.m2/repository/io/vertx/vertx-json-schema/4.5.14/vertx-json-schema-4.5.14.jar:/home/runner/work/apicurio-testing/apicurio-testing/clusters/ci419/namespaces/kafkasql/tests/integration/apicurio-registry/schema-util/protobuf/target/apicurio-registry-schema-util-protobuf-3.0.11-SNAPSHOT.jar:/home/runner/work/apicurio-testing/apicurio-testing/clusters/ci419/namespaces/kafkasql/tests/integration/apicurio-registry/utils/protobuf-schema-utilities/target/apicurio-registry-protobuf-schema-utilities-3.0.11-SNAPSHOT.jar:/home/runner/.m2/repository/com/google/api/grpc/proto-google-common-protos/2.52.0/proto-google-common-protos-2.52.0.jar:/home/runner/.m2/repository/com/squareup/wire/wire-schema-jvm/5.3.3/wire-schema-jvm-5.3.3.jar:/home/runner/.m2/repository/com/palantir/javapoet/javapoet/0.6.0/javapoet-0.6.0.jar:/home/runner/.m2/repository/com/squareup/kotlinpoet-jvm/2.0.0/kotlinpoet-jvm-2.0.0.jar:/home/runner/.m2/repository/org/jetbrains/kotlin/kotlin-reflect/2.0.21/kotlin-reflect-2.0.21.jar:/home/runner/.m2/repository/com/squareup/wire/wire-runtime-jvm/5.3.3/wire-runtime-jvm-5.3.3.jar:/home/runner/.m2/repository/com/ibm/icu/icu4j/76.1/icu4j-76.1.jar:/home/runner/.m2/repository/com/squareup/okio/okio-fakefilesystem/3.10.2/okio-fakefilesystem-3.10.2.jar:/home/runner/.m2/repository/com/squareup/okio/okio-fakefilesystem-jvm/3.10.2/okio-fakefilesystem-jvm-3.10.2.jar:/home/runner/.m2/repository/org/jetbrains/kotlinx/kotlinx-datetime-jvm/0.6.1/kotlinx-datetime-jvm-0.6.1.jar:/home/runner/work/apicurio-testing/apicurio-testing/clusters/ci419/namespaces/kafkasql/tests/integration/apicurio-registry/schema-util/asyncapi/target/apicurio-registry-schema-util-asyncapi-3.0.11-SNAPSHOT.jar:/home/runner/work/apicurio-testing/apicurio-testing/clusters/ci419/namespaces/kafkasql/tests/integration/apicurio-registry/schema-util/avro/target/apicurio-registry-schema-util-avro-3.0.11-SNAPSHOT.jar:/home/runner/work/apicurio-testing/apicurio-testing/clusters/ci419/namespaces/kafkasql/tests/integration/apicurio-registry/schema-util/graphql/target/apicurio-registry-schema-util-graphql-3.0.11-SNAPSHOT.jar:/home/runner/.m2/repository/com/graphql-java/graphql-java/22.3/graphql-java-22.3.jar:/home/runner/.m2/repository/com/graphql-java/java-dataloader/3.3.0/java-dataloader-3.3.0.jar:/home/runner/work/apicurio-testing/apicurio-testing/clusters/ci419/namespaces/kafkasql/tests/integration/apicurio-registry/schema-util/kconnect/target/apicurio-registry-schema-util-kconnect-3.0.11-SNAPSHOT.jar:/home/runner/work/apicurio-testing/apicurio-testing/clusters/ci419/namespaces/kafkasql/tests/integration/apicurio-registry/schema-util/openapi/target/apicurio-registry-schema-util-openapi-3.0.11-SNAPSHOT.jar:/home/runner/.m2/repository/io/apicurio/apicurio-data-models/2.2.1/apicurio-data-models-2.2.1.jar:/home/runner/.m2/repository/org/openapitools/openapidiff/openapi-diff-core/2.1.2/openapi-diff-core-2.1.2.jar:/home/runner/.m2/repository/io/swagger/parser/v3/swagger-parser/2.1.28/swagger-parser-2.1.28.jar:/home/runner/.m2/repository/io/swagger/parser/v3/swagger-parser-v2-converter/2.1.28/swagger-parser-v2-converter-2.1.28.jar:/home/runner/.m2/repository/io/swagger/swagger-core/1.6.16/swagger-core-1.6.16.jar:/home/runner/.m2/repository/io/swagger/swagger-models/1.6.16/swagger-models-1.6.16.jar:/home/runner/.m2/repository/io/swagger/swagger-annotations/1.6.16/swagger-annotations-1.6.16.jar:/home/runner/.m2/repository/io/swagger/swagger-parser/1.0.75/swagger-parser-1.0.75.jar:/home/runner/.m2/repository/io/swagger/swagger-parser-safe-url-resolver/1.0.75/swagger-parser-safe-url-resolver-1.0.75.jar:/home/runner/.m2/repository/io/swagger/swagger-compat-spec-parser/1.0.75/swagger-compat-spec-parser-1.0.75.jar:/home/runner/.m2/repository/com/github/java-json-tools/json-schema-validator/2.2.14/json-schema-validator-2.2.14.jar:/home/runner/.m2/repository/com/github/java-json-tools/jackson-coreutils-equivalence/1.0/jackson-coreutils-equivalence-1.0.jar:/home/runner/.m2/repository/com/github/java-json-tools/json-schema-core/1.2.14/json-schema-core-1.2.14.jar:/home/runner/.m2/repository/com/github/java-json-tools/uri-template/0.10/uri-template-0.10.jar:/home/runner/.m2/repository/com/googlecode/libphonenumber/libphonenumber/8.11.1/libphonenumber-8.11.1.jar:/home/runner/.m2/repository/com/j2html/j2html/1.6.0/j2html-1.6.0.jar:/home/runner/.m2/repository/org/apache/commons/commons-collections4/4.5.0/commons-collections4-4.5.0.jar:/home/runner/.m2/repository/org/apache/commons/commons-configuration2/2.12.0/commons-configuration2-2.12.0.jar:/home/runner/.m2/repository/org/apache/commons/commons-text/1.13.0/commons-text-1.13.0.jar:/home/runner/.m2/repository/org/slf4j/jcl-over-slf4j/2.0.17/jcl-over-slf4j-2.0.17.jar:/home/runner/.m2/repository/io/swagger/parser/v3/swagger-parser-v3/2.1.30/swagger-parser-v3-2.1.30.jar:/home/runner/.m2/repository/io/swagger/core/v3/swagger-models/2.2.34/swagger-models-2.2.34.jar:/home/runner/.m2/repository/io/swagger/core/v3/swagger-core/2.2.34/swagger-core-2.2.34.jar:/home/runner/.m2/repository/io/swagger/parser/v3/swagger-parser-core/2.1.30/swagger-parser-core-2.1.30.jar:/home/runner/.m2/repository/io/swagger/parser/v3/swagger-parser-safe-url-resolver/2.1.30/swagger-parser-safe-url-resolver-2.1.30.jar:/home/runner/work/apicurio-testing/apicurio-testing/clusters/ci419/namespaces/kafkasql/tests/integration/apicurio-registry/schema-util/wsdl/target/apicurio-registry-schema-util-wsdl-3.0.11-SNAPSHOT.jar:/home/runner/.m2/repository/wsdl4j/wsdl4j/1.6.3/wsdl4j-1.6.3.jar:/home/runner/work/apicurio-testing/apicurio-testing/clusters/ci419/namespaces/kafkasql/tests/integration/apicurio-registry/schema-util/xml/target/apicurio-registry-schema-util-xml-3.0.11-SNAPSHOT.jar:/home/runner/.m2/repository/org/apache/santuario/xmlsec/4.0.3/xmlsec-4.0.3.jar:/home/runner/.m2/repository/com/fasterxml/woodstox/woodstox-core/7.1.0/woodstox-core-7.1.0.jar:/home/runner/.m2/repository/org/codehaus/woodstox/stax2-api/4.2.2/stax2-api-4.2.2.jar:/home/runner/work/apicurio-testing/apicurio-testing/clusters/ci419/namespaces/kafkasql/tests/integration/apicurio-registry/schema-util/xsd/target/apicurio-registry-schema-util-xsd-3.0.11-SNAPSHOT.jar:/home/runner/work/apicurio-testing/apicurio-testing/clusters/ci419/namespaces/kafkasql/tests/integration/apicurio-registry/serdes/kafka/jsonschema-serde/target/apicurio-registry-jsonschema-serde-kafka-3.0.11-SNAPSHOT.jar:/home/runner/work/apicurio-testing/apicurio-testing/clusters/ci419/namespaces/kafkasql/tests/integration/apicurio-registry/serdes/kafka/serde-kafka-common/target/apicurio-registry-serde-kafka-common-3.0.11-SNAPSHOT.jar:/home/runner/work/apicurio-testing/apicurio-testing/clusters/ci419/namespaces/kafkasql/tests/integration/apicurio-registry/serdes/generic/serde-common/target/apicurio-registry-serde-common-3.0.11-SNAPSHOT.jar:/home/runner/work/apicurio-testing/apicurio-testing/clusters/ci419/namespaces/kafkasql/tests/integration/apicurio-registry/serdes/generic/serde-common-jsonschema/target/apicurio-registry-serde-common-jsonschema-3.0.11-SNAPSHOT.jar:/home/runner/.m2/repository/org/json/json/20250107/json-20250107.jar:/home/runner/work/apicurio-testing/apicurio-testing/clusters/ci419/namespaces/kafkasql/tests/integration/apicurio-registry/serdes/kafka/avro-serde/target/apicurio-registry-avro-serde-kafka-3.0.11-SNAPSHOT.jar:/home/runner/work/apicurio-testing/apicurio-testing/clusters/ci419/namespaces/kafkasql/tests/integration/apicurio-registry/serdes/generic/serde-common-avro/target/apicurio-registry-serde-common-avro-3.0.11-SNAPSHOT.jar:/home/runner/work/apicurio-testing/apicurio-testing/clusters/ci419/namespaces/kafkasql/tests/integration/apicurio-registry/serdes/kafka/protobuf-serde/target/apicurio-registry-protobuf-serde-kafka-3.0.11-SNAPSHOT.jar:/home/runner/work/apicurio-testing/apicurio-testing/clusters/ci419/namespaces/kafkasql/tests/integration/apicurio-registry/serdes/generic/serde-common-protobuf/target/apicurio-registry-serde-common-protobuf-3.0.11-SNAPSHOT.jar:/home/runner/.m2/repository/com/squareup/wire/wire-schema/5.3.3/wire-schema-5.3.3.jar:/home/runner/.m2/repository/com/squareup/wire/wire-runtime/5.3.3/wire-runtime-5.3.3.jar:/home/runner/work/apicurio-testing/apicurio-testing/clusters/ci419/namespaces/kafkasql/tests/integration/apicurio-registry/serdes/pulsar/avro-serde/target/apicurio-registry-avro-serde-pulsar-3.0.11-SNAPSHOT.jar:/home/runner/.m2/repository/org/apache/pulsar/pulsar-functions-api/3.3.4/pulsar-functions-api-3.3.4.jar:/home/runner/work/apicurio-testing/apicurio-testing/clusters/ci419/namespaces/kafkasql/tests/integration/apicurio-registry/serdes/nats/avro-serde/target/apicurio-registry-avro-serde-nats-3.0.11-SNAPSHOT.jar:/home/runner/.m2/repository/io/nats/jnats/2.20.5/jnats-2.20.5.jar:/home/runner/.m2/repository/net/i2p/crypto/eddsa/0.3.0/eddsa-0.3.0.jar:/home/runner/work/apicurio-testing/apicurio-testing/clusters/ci419/namespaces/kafkasql/tests/integration/apicurio-registry/utils/converter/target/apicurio-registry-utils-converter-3.0.11-SNAPSHOT.jar:/home/runner/work/apicurio-testing/apicurio-testing/clusters/ci419/namespaces/kafkasql/tests/integration/apicurio-registry/schema-resolver/target/apicurio-registry-schema-resolver-3.0.11-SNAPSHOT.jar:/home/runner/.m2/repository/org/apache/kafka/connect-api/3.9.1/connect-api-3.9.1.jar:/home/runner/.m2/repository/javax/ws/rs/javax.ws.rs-api/2.1.1/javax.ws.rs-api-2.1.1.jar:/home/runner/.m2/repository/org/apache/kafka/connect-json/3.9.1/connect-json-3.9.1.jar:/home/runner/.m2/repository/com/fasterxml/jackson/datatype/jackson-datatype-jdk8/2.18.2/jackson-datatype-jdk8-2.18.2.jar:/home/runner/.m2/repository/com/fasterxml/jackson/module/jackson-module-afterburner/2.18.2/jackson-module-afterburner-2.18.2.jar:/home/runner/work/apicurio-testing/apicurio-testing/clusters/ci419/namespaces/kafkasql/tests/integration/apicurio-registry/utils/kafka/target/apicurio-registry-utils-kafka-3.0.11-SNAPSHOT.jar:/home/runner/.m2/repository/org/apache/pulsar/pulsar-client/3.3.4/pulsar-client-3.3.4.jar:/home/runner/.m2/repository/org/apache/pulsar/pulsar-client-api/3.3.4/pulsar-client-api-3.3.4.jar:/home/runner/.m2/repository/org/apache/pulsar/pulsar-client-admin-api/3.3.4/pulsar-client-admin-api-3.3.4.jar:/home/runner/.m2/repository/org/apache/pulsar/bouncy-castle-bc/3.3.4/bouncy-castle-bc-3.3.4-pkg.jar:/home/runner/.m2/repository/org/bouncycastle/bcpkix-jdk18on/1.80/bcpkix-jdk18on-1.80.jar:/home/runner/.m2/repository/org/bouncycastle/bcutil-jdk18on/1.80/bcutil-jdk18on-1.80.jar:/home/runner/.m2/repository/org/bouncycastle/bcprov-jdk18on/1.80/bcprov-jdk18on-1.80.jar:/home/runner/.m2/repository/io/opentelemetry/opentelemetry-api/1.44.1/opentelemetry-api-1.44.1.jar:/home/runner/.m2/repository/io/opentelemetry/opentelemetry-context/1.44.1/opentelemetry-context-1.44.1.jar:/home/runner/.m2/repository/io/opentelemetry/opentelemetry-api-incubator/1.44.1-alpha/opentelemetry-api-incubator-1.44.1-alpha.jar:/home/runner/.m2/repository/com/fasterxml/jackson/core/jackson-annotations/2.18.2/jackson-annotations-2.18.2.jar:/home/runner/.m2/repository/javax/validation/validation-api/1.1.0.Final/validation-api-1.1.0.Final.jar:/home/runner/.m2/repository/io/confluent/kafka-avro-serializer/8.0.0/kafka-avro-serializer-8.0.0.jar:/home/runner/.m2/repository/org/apache/commons/commons-compress/1.27.1/commons-compress-1.27.1.jar:/home/runner/.m2/repository/io/confluent/kafka-schema-serializer/8.0.0/kafka-schema-serializer-8.0.0.jar:/home/runner/.m2/repository/com/fasterxml/jackson/dataformat/jackson-dataformat-csv/2.18.2/jackson-dataformat-csv-2.18.2.jar:/home/runner/.m2/repository/io/confluent/kafka-schema-registry-client/8.0.0/kafka-schema-registry-client-8.0.0.jar:/home/runner/.m2/repository/org/yaml/snakeyaml/2.3/snakeyaml-2.3.jar:/home/runner/.m2/repository/io/swagger/core/v3/swagger-annotations/2.2.29/swagger-annotations-2.2.29.jar:/home/runner/.m2/repository/com/google/guava/guava/33.4.0-jre/guava-33.4.0-jre.jar:/home/runner/.m2/repository/com/google/guava/failureaccess/1.0.1/failureaccess-1.0.1.jar:/home/runner/.m2/repository/org/checkerframework/checker-qual/3.49.0/checker-qual-3.49.0.jar:/home/runner/.m2/repository/io/confluent/logredactor/1.0.13/logredactor-1.0.13.jar:/home/runner/.m2/repository/com/google/re2j/re2j/1.6/re2j-1.6.jar:/home/runner/.m2/repository/io/confluent/logredactor-metrics/1.0.13/logredactor-metrics-1.0.13.jar:/home/runner/.m2/repository/com/eclipsesource/minimal-json/minimal-json/0.9.5/minimal-json-0.9.5.jar:/home/runner/.m2/repository/io/confluent/common-utils/8.0.0/common-utils-8.0.0.jar:/home/runner/.m2/repository/io/confluent/kafka-connect-avro-converter/8.0.0/kafka-connect-avro-converter-8.0.0.jar:/home/runner/.m2/repository/io/confluent/kafka-connect-avro-data/8.0.0/kafka-connect-avro-data-8.0.0.jar:/home/runner/.m2/repository/io/confluent/kafka-schema-converter/8.0.0/kafka-schema-converter-8.0.0.jar:/home/runner/.m2/repository/io/rest-assured/rest-assured/5.5.1/rest-assured-5.5.1.jar:/home/runner/.m2/repository/org/apache/groovy/groovy/4.0.22/groovy-4.0.22.jar:/home/runner/.m2/repository/org/apache/groovy/groovy-xml/4.0.22/groovy-xml-4.0.22.jar:/home/runner/.m2/repository/org/apache/httpcomponents/httpclient/4.5.14/httpclient-4.5.14.jar:/home/runner/.m2/repository/org/apache/httpcomponents/httpcore/4.4.16/httpcore-4.4.16.jar:/home/runner/.m2/repository/org/apache/httpcomponents/httpmime/4.5.14/httpmime-4.5.14.jar:/home/runner/.m2/repository/org/hamcrest/hamcrest/2.2/hamcrest-2.2.jar:/home/runner/.m2/repository/org/ccil/cowan/tagsoup/tagsoup/1.2.1/tagsoup-1.2.1.jar:/home/runner/.m2/repository/io/rest-assured/json-path/5.5.1/json-path-5.5.1.jar:/home/runner/.m2/repository/org/apache/groovy/groovy-json/4.0.22/groovy-json-4.0.22.jar:/home/runner/.m2/repository/io/rest-assured/rest-assured-common/5.5.1/rest-assured-common-5.5.1.jar:/home/runner/.m2/repository/io/rest-assured/xml-path/5.5.1/xml-path-5.5.1.jar:/home/runner/.m2/repository/io/zonky/test/embedded-postgres/2.1.0/embedded-postgres-2.1.0.jar:/home/runner/.m2/repository/io/zonky/test/postgres/embedded-postgres-binaries-windows-amd64/14.15.0/embedded-postgres-binaries-windows-amd64-14.15.0.jar:/home/runner/.m2/repository/io/zonky/test/postgres/embedded-postgres-binaries-darwin-amd64/14.15.0/embedded-postgres-binaries-darwin-amd64-14.15.0.jar:/home/runner/.m2/repository/io/zonky/test/postgres/embedded-postgres-binaries-linux-amd64/14.15.0/embedded-postgres-binaries-linux-amd64-14.15.0.jar:/home/runner/.m2/repository/io/zonky/test/postgres/embedded-postgres-binaries-linux-amd64-alpine/14.15.0/embedded-postgres-binaries-linux-amd64-alpine-14.15.0.jar:/home/runner/.m2/repository/org/apache/commons/commons-lang3/3.17.0/commons-lang3-3.17.0.jar:/home/runner/.m2/repository/org/tukaani/xz/1.10/xz-1.10.jar:/home/runner/.m2/repository/commons-codec/commons-codec/1.18.0/commons-codec-1.18.0.jar:/home/runner/.m2/repository/org/postgresql/postgresql/42.7.5/postgresql-42.7.5.jar:/home/runner/.m2/repository/commons-io/commons-io/2.18.0/commons-io-2.18.0.jar:/home/runner/work/apicurio-testing/apicurio-testing/clusters/ci419/namespaces/kafkasql/tests/integration/apicurio-registry/utils/importexport/target/apicurio-registry-utils-import-export-3.0.11-SNAPSHOT.jar:/home/runner/.m2/repository/io/vertx/vertx-core/4.5.14/vertx-core-4.5.14.jar:/home/runner/.m2/repository/io/netty/netty-common/4.1.119.Final/netty-common-4.1.119.Final.jar:/home/runner/.m2/repository/io/netty/netty-buffer/4.1.119.Final/netty-buffer-4.1.119.Final.jar:/home/runner/.m2/repository/io/netty/netty-transport/4.1.119.Final/netty-transport-4.1.119.Final.jar:/home/runner/.m2/repository/io/netty/netty-handler/4.1.119.Final/netty-handler-4.1.119.Final.jar:/home/runner/.m2/repository/io/netty/netty-transport-native-unix-common/4.1.119.Final/netty-transport-native-unix-common-4.1.119.Final.jar:/home/runner/.m2/repository/io/netty/netty-codec/4.1.119.Final/netty-codec-4.1.119.Final.jar:/home/runner/.m2/repository/io/netty/netty-handler-proxy/4.1.119.Final/netty-handler-proxy-4.1.119.Final.jar:/home/runner/.m2/repository/io/netty/netty-codec-socks/4.1.119.Final/netty-codec-socks-4.1.119.Final.jar:/home/runner/.m2/repository/io/netty/netty-codec-http/4.1.119.Final/netty-codec-http-4.1.119.Final.jar:/home/runner/.m2/repository/io/netty/netty-codec-http2/4.1.119.Final/netty-codec-http2-4.1.119.Final.jar:/home/runner/.m2/repository/io/netty/netty-resolver/4.1.119.Final/netty-resolver-4.1.119.Final.jar:/home/runner/.m2/repository/io/netty/netty-resolver-dns/4.1.119.Final/netty-resolver-dns-4.1.119.Final.jar:/home/runner/.m2/repository/io/netty/netty-codec-dns/4.1.119.Final/netty-codec-dns-4.1.119.Final.jar:/home/runner/.m2/repository/com/fasterxml/jackson/core/jackson-core/2.18.2/jackson-core-2.18.2.jar:"/>
    <property name="java.vm.vendor" value="Eclipse Adoptium"/>
    <property name="maven.javadoc.skip" value="true"/>
    <property name="sun.arch.data.model" value="64"/>
    <property name="java.vendor.url" value="https://adoptium.net/"/>
    <property name="user.timezone" value="Etc/UTC"/>
    <property name="os.name" value="Linux"/>
    <property name="java.vm.specification.version" value="17"/>
    <property name="sun.java.launcher" value="SUN_STANDARD"/>
    <property name="quarkus.http.test-port" value="80"/>
    <property name="sun.boot.library.path" value="/usr/lib/jvm/temurin-17-jdk-amd64/lib"/>
    <property name="sun.java.command" value="/home/runner/work/apicurio-testing/apicurio-testing/clusters/ci419/namespaces/kafkasql/tests/integration/apicurio-registry/integration-tests/target/surefire/surefirebooter-20250731170421362_3.jar /home/runner/work/apicurio-testing/apicurio-testing/clusters/ci419/namespaces/kafkasql/tests/integration/apicurio-registry/integration-tests/target/surefire 2025-07-31T17-04-21_303-jvmRun1 surefire-20250731170421362_1tmp surefire_0-20250731170421362_2tmp"/>
    <property name="maven.home" value="/home/runner/.m2/wrapper/dists/apache-maven-3.9.8-bin/4fnp1ql35bgk2a0p7m31ovbgb0/apache-maven-3.9.8"/>
    <property name="jdk.debug" value="release"/>
    <property name="surefire.test.class.path" value="/home/runner/work/apicurio-testing/apicurio-testing/clusters/ci419/namespaces/kafkasql/tests/integration/apicurio-registry/integration-tests/target/test-classes:/home/runner/work/apicurio-testing/apicurio-testing/clusters/ci419/namespaces/kafkasql/tests/integration/apicurio-registry/integration-tests/target/apicurio-registry-integration-tests-3.0.11-SNAPSHOT.jar:/home/runner/.m2/repository/io/quarkus/quarkus-junit5/3.20.1/quarkus-junit5-3.20.1.jar:/home/runner/.m2/repository/io/quarkus/quarkus-bootstrap-core/3.20.1/quarkus-bootstrap-core-3.20.1.jar:/home/runner/.m2/repository/io/quarkus/quarkus-classloader-commons/3.20.1/quarkus-classloader-commons-3.20.1.jar:/home/runner/.m2/repository/io/quarkus/quarkus-bootstrap-app-model/3.20.1/quarkus-bootstrap-app-model-3.20.1.jar:/home/runner/.m2/repository/io/smallrye/common/smallrye-common-io/2.12.0/smallrye-common-io-2.12.0.jar:/home/runner/.m2/repository/org/eclipse/sisu/org.eclipse.sisu.inject/0.9.0.M3/org.eclipse.sisu.inject-0.9.0.M3.jar:/home/runner/.m2/repository/io/quarkus/quarkus-test-common/3.20.1/quarkus-test-common-3.20.1.jar:/home/runner/.m2/repository/io/quarkus/quarkus-core-deployment/3.20.1/quarkus-core-deployment-3.20.1.jar:/home/runner/.m2/repository/org/aesh/readline/2.6/readline-2.6.jar:/home/runner/.m2/repository/org/fusesource/jansi/jansi/2.4.0/jansi-2.4.0.jar:/home/runner/.m2/repository/org/aesh/aesh/2.8.2/aesh-2.8.2.jar:/home/runner/.m2/repository/io/quarkus/gizmo/gizmo/1.8.0/gizmo-1.8.0.jar:/home/runner/.m2/repository/org/ow2/asm/asm-util/9.7.1/asm-util-9.7.1.jar:/home/runner/.m2/repository/org/ow2/asm/asm-analysis/9.7.1/asm-analysis-9.7.1.jar:/home/runner/.m2/repository/org/ow2/asm/asm-commons/9.7.1/asm-commons-9.7.1.jar:/home/runner/.m2/repository/org/ow2/asm/asm-tree/9.7.1/asm-tree-9.7.1.jar:/home/runner/.m2/repository/io/quarkus/quarkus-hibernate-validator-spi/3.20.1/quarkus-hibernate-validator-spi-3.20.1.jar:/home/runner/.m2/repository/io/quarkus/quarkus-class-change-agent/3.20.1/quarkus-class-change-agent-3.20.1.jar:/home/runner/.m2/repository/io/quarkus/quarkus-devtools-utilities/3.20.1/quarkus-devtools-utilities-3.20.1.jar:/home/runner/.m2/repository/io/quarkus/quarkus-builder/3.20.1/quarkus-builder-3.20.1.jar:/home/runner/.m2/repository/org/graalvm/sdk/nativeimage/23.1.2/nativeimage-23.1.2.jar:/home/runner/.m2/repository/org/graalvm/sdk/word/23.1.2/word-23.1.2.jar:/home/runner/.m2/repository/io/quarkus/quarkus-bootstrap-maven-resolver/3.20.1/quarkus-bootstrap-maven-resolver-3.20.1.jar:/home/runner/.m2/repository/io/smallrye/beanbag/smallrye-beanbag-maven/1.5.2/smallrye-beanbag-maven-1.5.2.jar:/home/runner/.m2/repository/io/smallrye/beanbag/smallrye-beanbag-sisu/1.5.2/smallrye-beanbag-sisu-1.5.2.jar:/home/runner/.m2/repository/io/smallrye/beanbag/smallrye-beanbag/1.5.2/smallrye-beanbag-1.5.2.jar:/home/runner/.m2/repository/javax/inject/javax.inject/1/javax.inject-1.jar:/home/runner/.m2/repository/org/apache/maven/maven-artifact/3.9.9/maven-artifact-3.9.9.jar:/home/runner/.m2/repository/org/apache/maven/maven-builder-support/3.9.9/maven-builder-support-3.9.9.jar:/home/runner/.m2/repository/org/apache/maven/maven-model/3.9.9/maven-model-3.9.9.jar:/home/runner/.m2/repository/org/apache/maven/maven-model-builder/3.9.9/maven-model-builder-3.9.9.jar:/home/runner/.m2/repository/org/apache/maven/maven-repository-metadata/3.9.9/maven-repository-metadata-3.9.9.jar:/home/runner/.m2/repository/org/apache/maven/maven-settings/3.9.9/maven-settings-3.9.9.jar:/home/runner/.m2/repository/org/apache/maven/resolver/maven-resolver-api/1.9.22/maven-resolver-api-1.9.22.jar:/home/runner/.m2/repository/org/apache/maven/resolver/maven-resolver-impl/1.9.22/maven-resolver-impl-1.9.22.jar:/home/runner/.m2/repository/org/apache/maven/resolver/maven-resolver-named-locks/1.9.22/maven-resolver-named-locks-1.9.22.jar:/home/runner/.m2/repository/org/apache/maven/resolver/maven-resolver-spi/1.9.22/maven-resolver-spi-1.9.22.jar:/home/runner/.m2/repository/org/apache/maven/resolver/maven-resolver-util/1.9.22/maven-resolver-util-1.9.22.jar:/home/runner/.m2/repository/org/apache/maven/resolver/maven-resolver-transport-http/1.9.20/maven-resolver-transport-http-1.9.20.jar:/home/runner/.m2/repository/org/apache/maven/wagon/wagon-provider-api/3.5.3/wagon-provider-api-3.5.3.jar:/home/runner/.m2/repository/org/apache/maven/wagon/wagon-http-shared/3.5.3/wagon-http-shared-3.5.3.jar:/home/runner/.m2/repository/org/codehaus/plexus/plexus-interpolation/1.26/plexus-interpolation-1.26.jar:/home/runner/.m2/repository/org/codehaus/plexus/plexus-utils/3.5.1/plexus-utils-3.5.1.jar:/home/runner/.m2/repository/org/codehaus/plexus/plexus-xml/4.0.1/plexus-xml-4.0.1.jar:/home/runner/.m2/repository/org/apache/maven/maven-xml-impl/4.0.0-alpha-5/maven-xml-impl-4.0.0-alpha-5.jar:/home/runner/.m2/repository/org/apache/maven/maven-api-xml/4.0.0-alpha-5/maven-api-xml-4.0.0-alpha-5.jar:/home/runner/.m2/repository/org/apache/maven/maven-api-meta/4.0.0-alpha-5/maven-api-meta-4.0.0-alpha-5.jar:/home/runner/.m2/repository/org/codehaus/plexus/plexus-cipher/2.0/plexus-cipher-2.0.jar:/home/runner/.m2/repository/org/codehaus/plexus/plexus-sec-dispatcher/2.0/plexus-sec-dispatcher-2.0.jar:/home/runner/.m2/repository/org/apache/maven/maven-embedder/3.9.9/maven-embedder-3.9.9.jar:/home/runner/.m2/repository/org/apache/maven/maven-core/3.9.9/maven-core-3.9.9.jar:/home/runner/.m2/repository/org/codehaus/plexus/plexus-component-annotations/2.1.0/plexus-component-annotations-2.1.0.jar:/home/runner/.m2/repository/org/apache/maven/maven-plugin-api/3.9.9/maven-plugin-api-3.9.9.jar:/home/runner/.m2/repository/org/apache/maven/shared/maven-shared-utils/3.4.2/maven-shared-utils-3.4.2.jar:/home/runner/.m2/repository/com/google/inject/guice/5.1.0/guice-5.1.0.jar:/home/runner/.m2/repository/aopalliance/aopalliance/1.0/aopalliance-1.0.jar:/home/runner/.m2/repository/org/codehaus/plexus/plexus-classworlds/2.6.0/plexus-classworlds-2.6.0.jar:/home/runner/.m2/repository/commons-cli/commons-cli/1.8.0/commons-cli-1.8.0.jar:/home/runner/.m2/repository/org/eclipse/sisu/org.eclipse.sisu.plexus/0.9.0.M3/org.eclipse.sisu.plexus-0.9.0.M3.jar:/home/runner/.m2/repository/org/apache/maven/maven-settings-builder/3.9.9/maven-settings-builder-3.9.9.jar:/home/runner/.m2/repository/org/apache/maven/maven-resolver-provider/3.9.9/maven-resolver-provider-3.9.9.jar:/home/runner/.m2/repository/org/apache/maven/resolver/maven-resolver-connector-basic/1.9.22/maven-resolver-connector-basic-1.9.22.jar:/home/runner/.m2/repository/org/apache/maven/resolver/maven-resolver-transport-wagon/1.9.22/maven-resolver-transport-wagon-1.9.22.jar:/home/runner/.m2/repository/org/apache/maven/wagon/wagon-http/3.5.3/wagon-http-3.5.3.jar:/home/runner/.m2/repository/org/apache/maven/wagon/wagon-file/3.5.3/wagon-file-3.5.3.jar:/home/runner/.m2/repository/io/quarkus/quarkus-bootstrap-gradle-resolver/3.20.1/quarkus-bootstrap-gradle-resolver-3.20.1.jar:/home/runner/.m2/repository/io/smallrye/jandex/3.3.0/jandex-3.3.0.jar:/home/runner/.m2/repository/org/jboss/logging/commons-logging-jboss-logging/1.0.0.Final/commons-logging-jboss-logging-1.0.0.Final.jar:/home/runner/.m2/repository/io/quarkus/quarkus-junit5-config/3.20.1/quarkus-junit5-config-3.20.1.jar:/home/runner/.m2/repository/org/junit/jupiter/junit-jupiter-api/5.12.1/junit-jupiter-api-5.12.1.jar:/home/runner/.m2/repository/io/smallrye/config/smallrye-config/3.11.4/smallrye-config-3.11.4.jar:/home/runner/.m2/repository/io/smallrye/config/smallrye-config-core/3.11.4/smallrye-config-core-3.11.4.jar:/home/runner/.m2/repository/io/smallrye/common/smallrye-common-classloader/2.12.0/smallrye-common-classloader-2.12.0.jar:/home/runner/.m2/repository/io/smallrye/config/smallrye-config-common/3.11.4/smallrye-config-common-3.11.4.jar:/home/runner/.m2/repository/org/junit/jupiter/junit-jupiter/5.12.1/junit-jupiter-5.12.1.jar:/home/runner/.m2/repository/org/junit/jupiter/junit-jupiter-params/5.12.1/junit-jupiter-params-5.12.1.jar:/home/runner/.m2/repository/org/junit/jupiter/junit-jupiter-engine/5.12.1/junit-jupiter-engine-5.12.1.jar:/home/runner/.m2/repository/io/quarkus/quarkus-core/3.20.1/quarkus-core-3.20.1.jar:/home/runner/.m2/repository/jakarta/enterprise/jakarta.enterprise.cdi-api/4.1.0/jakarta.enterprise.cdi-api-4.1.0.jar:/home/runner/.m2/repository/jakarta/enterprise/jakarta.enterprise.lang-model/4.1.0/jakarta.enterprise.lang-model-4.1.0.jar:/home/runner/.m2/repository/jakarta/el/jakarta.el-api/5.0.1/jakarta.el-api-5.0.1.jar:/home/runner/.m2/repository/jakarta/interceptor/jakarta.interceptor-api/2.2.0/jakarta.interceptor-api-2.2.0.jar:/home/runner/.m2/repository/jakarta/inject/jakarta.inject-api/2.0.1/jakarta.inject-api-2.0.1.jar:/home/runner/.m2/repository/io/smallrye/common/smallrye-common-os/2.12.0/smallrye-common-os-2.12.0.jar:/home/runner/.m2/repository/io/quarkus/quarkus-ide-launcher/3.20.1/quarkus-ide-launcher-3.20.1.jar:/home/runner/.m2/repository/io/quarkus/quarkus-development-mode-spi/3.20.1/quarkus-development-mode-spi-3.20.1.jar:/home/runner/.m2/repository/org/jboss/logging/jboss-logging/3.6.1.Final/jboss-logging-3.6.1.Final.jar:/home/runner/.m2/repository/org/jboss/logmanager/jboss-logmanager/3.1.2.Final/jboss-logmanager-3.1.2.Final.jar:/home/runner/.m2/repository/io/smallrye/common/smallrye-common-constraint/2.12.0/smallrye-common-constraint-2.12.0.jar:/home/runner/.m2/repository/io/smallrye/common/smallrye-common-cpu/2.12.0/smallrye-common-cpu-2.12.0.jar:/home/runner/.m2/repository/io/smallrye/common/smallrye-common-expression/2.12.0/smallrye-common-expression-2.12.0.jar:/home/runner/.m2/repository/io/smallrye/common/smallrye-common-net/2.12.0/smallrye-common-net-2.12.0.jar:/home/runner/.m2/repository/io/smallrye/common/smallrye-common-ref/2.12.0/smallrye-common-ref-2.12.0.jar:/home/runner/.m2/repository/jakarta/json/jakarta.json-api/2.1.3/jakarta.json-api-2.1.3.jar:/home/runner/.m2/repository/org/eclipse/parsson/parsson/1.1.7/parsson-1.1.7.jar:/home/runner/.m2/repository/org/jboss/logging/jboss-logging-annotations/3.0.4.Final/jboss-logging-annotations-3.0.4.Final.jar:/home/runner/.m2/repository/org/jboss/threads/jboss-threads/3.8.0.Final/jboss-threads-3.8.0.Final.jar:/home/runner/.m2/repository/io/smallrye/common/smallrye-common-annotation/2.12.0/smallrye-common-annotation-2.12.0.jar:/home/runner/.m2/repository/io/smallrye/common/smallrye-common-function/2.12.0/smallrye-common-function-2.12.0.jar:/home/runner/.m2/repository/org/jboss/slf4j/slf4j-jboss-logmanager/2.0.0.Final/slf4j-jboss-logmanager-2.0.0.Final.jar:/home/runner/.m2/repository/org/wildfly/common/wildfly-common/2.0.1/wildfly-common-2.0.1.jar:/home/runner/.m2/repository/io/quarkus/quarkus-bootstrap-runner/3.20.1/quarkus-bootstrap-runner-3.20.1.jar:/home/runner/.m2/repository/io/github/crac/org-crac/0.1.3/org-crac-0.1.3.jar:/home/runner/.m2/repository/io/quarkus/quarkus-fs-util/0.0.10/quarkus-fs-util-0.0.10.jar:/home/runner/.m2/repository/org/jboss/marshalling/jboss-marshalling/2.2.2.Final/jboss-marshalling-2.2.2.Final.jar:/home/runner/.m2/repository/io/fabric8/kubernetes-client/7.1.0/kubernetes-client-7.1.0.jar:/home/runner/.m2/repository/io/fabric8/kubernetes-client-api/7.1.0/kubernetes-client-api-7.1.0.jar:/home/runner/.m2/repository/io/fabric8/kubernetes-model-core/7.1.0/kubernetes-model-core-7.1.0.jar:/home/runner/.m2/repository/io/fabric8/kubernetes-model-common/7.1.0/kubernetes-model-common-7.1.0.jar:/home/runner/.m2/repository/javax/annotation/javax.annotation-api/1.3.2/javax.annotation-api-1.3.2.jar:/home/runner/.m2/repository/io/fabric8/kubernetes-model-gatewayapi/7.1.0/kubernetes-model-gatewayapi-7.1.0.jar:/home/runner/.m2/repository/io/fabric8/kubernetes-model-resource/7.1.0/kubernetes-model-resource-7.1.0.jar:/home/runner/.m2/repository/io/fabric8/kubernetes-model-rbac/7.1.0/kubernetes-model-rbac-7.1.0.jar:/home/runner/.m2/repository/io/fabric8/kubernetes-model-admissionregistration/7.1.0/kubernetes-model-admissionregistration-7.1.0.jar:/home/runner/.m2/repository/io/fabric8/kubernetes-model-apps/7.1.0/kubernetes-model-apps-7.1.0.jar:/home/runner/.m2/repository/io/fabric8/kubernetes-model-autoscaling/7.1.0/kubernetes-model-autoscaling-7.1.0.jar:/home/runner/.m2/repository/io/fabric8/kubernetes-model-apiextensions/7.1.0/kubernetes-model-apiextensions-7.1.0.jar:/home/runner/.m2/repository/io/fabric8/kubernetes-model-batch/7.1.0/kubernetes-model-batch-7.1.0.jar:/home/runner/.m2/repository/io/fabric8/kubernetes-model-certificates/7.1.0/kubernetes-model-certificates-7.1.0.jar:/home/runner/.m2/repository/io/fabric8/kubernetes-model-coordination/7.1.0/kubernetes-model-coordination-7.1.0.jar:/home/runner/.m2/repository/io/fabric8/kubernetes-model-discovery/7.1.0/kubernetes-model-discovery-7.1.0.jar:/home/runner/.m2/repository/io/fabric8/kubernetes-model-events/7.1.0/kubernetes-model-events-7.1.0.jar:/home/runner/.m2/repository/io/fabric8/kubernetes-model-extensions/7.1.0/kubernetes-model-extensions-7.1.0.jar:/home/runner/.m2/repository/io/fabric8/kubernetes-model-flowcontrol/7.1.0/kubernetes-model-flowcontrol-7.1.0.jar:/home/runner/.m2/repository/io/fabric8/kubernetes-model-networking/7.1.0/kubernetes-model-networking-7.1.0.jar:/home/runner/.m2/repository/io/fabric8/kubernetes-model-metrics/7.1.0/kubernetes-model-metrics-7.1.0.jar:/home/runner/.m2/repository/io/fabric8/kubernetes-model-policy/7.1.0/kubernetes-model-policy-7.1.0.jar:/home/runner/.m2/repository/io/fabric8/kubernetes-model-scheduling/7.1.0/kubernetes-model-scheduling-7.1.0.jar:/home/runner/.m2/repository/io/fabric8/kubernetes-model-storageclass/7.1.0/kubernetes-model-storageclass-7.1.0.jar:/home/runner/.m2/repository/io/fabric8/kubernetes-model-node/7.1.0/kubernetes-model-node-7.1.0.jar:/home/runner/.m2/repository/org/snakeyaml/snakeyaml-engine/2.9/snakeyaml-engine-2.9.jar:/home/runner/.m2/repository/com/fasterxml/jackson/dataformat/jackson-dataformat-yaml/2.15.2/jackson-dataformat-yaml-2.15.2.jar:/home/runner/.m2/repository/com/fasterxml/jackson/datatype/jackson-datatype-jsr310/2.18.2/jackson-datatype-jsr310-2.18.2.jar:/home/runner/.m2/repository/io/fabric8/zjsonpatch/7.1.0/zjsonpatch-7.1.0.jar:/home/runner/.m2/repository/io/fabric8/kubernetes-httpclient-vertx/7.1.0/kubernetes-httpclient-vertx-7.1.0.jar:/home/runner/.m2/repository/io/vertx/vertx-web-client/4.5.14/vertx-web-client-4.5.14.jar:/home/runner/.m2/repository/io/vertx/vertx-web-common/4.5.14/vertx-web-common-4.5.14.jar:/home/runner/.m2/repository/io/vertx/vertx-auth-common/4.5.14/vertx-auth-common-4.5.14.jar:/home/runner/.m2/repository/io/vertx/vertx-uri-template/4.5.14/vertx-uri-template-4.5.14.jar:/home/runner/.m2/repository/io/fabric8/openshift-client/7.1.0/openshift-client-7.1.0.jar:/home/runner/.m2/repository/io/fabric8/openshift-client-api/7.1.0/openshift-client-api-7.1.0.jar:/home/runner/.m2/repository/io/fabric8/openshift-model/7.1.0/openshift-model-7.1.0.jar:/home/runner/.m2/repository/io/fabric8/openshift-model-autoscaling/7.1.0/openshift-model-autoscaling-7.1.0.jar:/home/runner/.m2/repository/io/fabric8/openshift-model-operator/7.1.0/openshift-model-operator-7.1.0.jar:/home/runner/.m2/repository/io/fabric8/openshift-model-operatorhub/7.1.0/openshift-model-operatorhub-7.1.0.jar:/home/runner/.m2/repository/io/fabric8/openshift-model-machine/7.1.0/openshift-model-machine-7.1.0.jar:/home/runner/.m2/repository/io/fabric8/openshift-model-whereabouts/7.1.0/openshift-model-whereabouts-7.1.0.jar:/home/runner/.m2/repository/io/fabric8/openshift-model-monitoring/7.1.0/openshift-model-monitoring-7.1.0.jar:/home/runner/.m2/repository/io/fabric8/openshift-model-storageversionmigrator/7.1.0/openshift-model-storageversionmigrator-7.1.0.jar:/home/runner/.m2/repository/io/fabric8/openshift-model-tuned/7.1.0/openshift-model-tuned-7.1.0.jar:/home/runner/.m2/repository/io/fabric8/openshift-model-console/7.1.0/openshift-model-console-7.1.0.jar:/home/runner/.m2/repository/io/fabric8/openshift-model-config/7.1.0/openshift-model-config-7.1.0.jar:/home/runner/.m2/repository/io/fabric8/openshift-model-machineconfiguration/7.1.0/openshift-model-machineconfiguration-7.1.0.jar:/home/runner/.m2/repository/io/fabric8/openshift-model-miscellaneous/7.1.0/openshift-model-miscellaneous-7.1.0.jar:/home/runner/.m2/repository/io/fabric8/openshift-model-hive/7.1.0/openshift-model-hive-7.1.0.jar:/home/runner/.m2/repository/io/fabric8/openshift-model-installer/7.1.0/openshift-model-installer-7.1.0.jar:/home/runner/.m2/repository/org/junit/platform/junit-platform-launcher/1.12.1/junit-platform-launcher-1.12.1.jar:/home/runner/.m2/repository/org/junit/platform/junit-platform-engine/1.12.1/junit-platform-engine-1.12.1.jar:/home/runner/.m2/repository/org/opentest4j/opentest4j/1.3.0/opentest4j-1.3.0.jar:/home/runner/.m2/repository/org/junit/platform/junit-platform-commons/1.12.1/junit-platform-commons-1.12.1.jar:/home/runner/.m2/repository/org/apiguardian/apiguardian-api/1.1.2/apiguardian-api-1.1.2.jar:/home/runner/.m2/repository/jakarta/ws/rs/jakarta.ws.rs-api/3.1.0/jakarta.ws.rs-api-3.1.0.jar:/home/runner/work/apicurio-testing/apicurio-testing/clusters/ci419/namespaces/kafkasql/tests/integration/apicurio-registry/java-sdk/target/apicurio-registry-java-sdk-3.0.11-SNAPSHOT.jar:/home/runner/.m2/repository/com/microsoft/kiota/microsoft-kiota-abstractions/1.8.8/microsoft-kiota-abstractions-1.8.8.jar:/home/runner/.m2/repository/io/github/std-uritemplate/std-uritemplate/2.0.0/std-uritemplate-2.0.0.jar:/home/runner/.m2/repository/io/kiota/kiota-http-jdk/0.0.21/kiota-http-jdk-0.0.21.jar:/home/runner/.m2/repository/io/kiota/kiota-http-vertx/0.0.21/kiota-http-vertx-0.0.21.jar:/home/runner/.m2/repository/io/kiota/kiota-serialization-jackson/0.0.21/kiota-serialization-jackson-0.0.21.jar:/home/runner/.m2/repository/com/microsoft/kiota/microsoft-kiota-serialization-text/1.8.8/microsoft-kiota-serialization-text-1.8.8.jar:/home/runner/.m2/repository/com/microsoft/kiota/microsoft-kiota-serialization-form/1.8.8/microsoft-kiota-serialization-form-1.8.8.jar:/home/runner/.m2/repository/com/microsoft/kiota/microsoft-kiota-serialization-multipart/1.8.8/microsoft-kiota-serialization-multipart-1.8.8.jar:/home/runner/.m2/repository/jakarta/annotation/jakarta.annotation-api/3.0.0/jakarta.annotation-api-3.0.0.jar:/home/runner/.m2/repository/io/vertx/vertx-auth-oauth2/4.5.14/vertx-auth-oauth2-4.5.14.jar:/home/runner/work/apicurio-testing/apicurio-testing/clusters/ci419/namespaces/kafkasql/tests/integration/apicurio-registry/java-sdk-v2/target/apicurio-registry-v2-java-sdk-3.0.11-SNAPSHOT.jar:/home/runner/work/apicurio-testing/apicurio-testing/clusters/ci419/namespaces/kafkasql/tests/integration/apicurio-registry/utils/kafka/target/apicurio-registry-utils-kafka-3.0.11-SNAPSHOT-tests.jar:/home/runner/.m2/repository/org/eclipse/microprofile/config/microprofile-config-api/3.1/microprofile-config-api-3.1.jar:/home/runner/.m2/repository/org/apache/kafka/kafka-clients/3.9.1/kafka-clients-3.9.1.jar:/home/runner/.m2/repository/com/github/luben/zstd-jni/1.5.6-4/zstd-jni-1.5.6-4.jar:/home/runner/.m2/repository/org/lz4/lz4-java/1.8.0/lz4-java-1.8.0.jar:/home/runner/.m2/repository/org/xerial/snappy/snappy-java/1.1.10.5/snappy-java-1.1.10.5.jar:/home/runner/.m2/repository/org/slf4j/slf4j-api/2.0.6/slf4j-api-2.0.6.jar:/home/runner/work/apicurio-testing/apicurio-testing/clusters/ci419/namespaces/kafkasql/tests/integration/apicurio-registry/utils/tests/target/apicurio-registry-utils-tests-3.0.11-SNAPSHOT.jar:/home/runner/work/apicurio-testing/apicurio-testing/clusters/ci419/namespaces/kafkasql/tests/integration/apicurio-registry/common/target/apicurio-registry-common-3.0.11-SNAPSHOT.jar:/home/runner/.m2/repository/jakarta/validation/jakarta.validation-api/3.0.2/jakarta.validation-api-3.0.2.jar:/home/runner/.m2/repository/com/github/dasniko/testcontainers-keycloak/3.6.0/testcontainers-keycloak-3.6.0.jar:/home/runner/.m2/repository/org/testcontainers/testcontainers/1.20.6/testcontainers-1.20.6.jar:/home/runner/.m2/repository/org/rnorth/duct-tape/duct-tape/1.0.8/duct-tape-1.0.8.jar:/home/runner/.m2/repository/org/jetbrains/annotations/26.0.2/annotations-26.0.2.jar:/home/runner/.m2/repository/com/github/docker-java/docker-java-transport-zerodep/3.4.1/docker-java-transport-zerodep-3.4.1.jar:/home/runner/.m2/repository/com/github/docker-java/docker-java-transport/3.4.1/docker-java-transport-3.4.1.jar:/home/runner/.m2/repository/net/java/dev/jna/jna/5.8.0/jna-5.8.0.jar:/home/runner/.m2/repository/io/quarkus/quarkus-junit4-mock/3.20.1/quarkus-junit4-mock-3.20.1.jar:/home/runner/.m2/repository/org/jboss/shrinkwrap/shrinkwrap-api/2.0.0-beta-2/shrinkwrap-api-2.0.0-beta-2.jar:/home/runner/.m2/repository/org/jboss/shrinkwrap/shrinkwrap-impl-base/2.0.0-beta-2/shrinkwrap-impl-base-2.0.0-beta-2.jar:/home/runner/.m2/repository/org/jboss/shrinkwrap/shrinkwrap-spi/2.0.0-beta-2/shrinkwrap-spi-2.0.0-beta-2.jar:/home/runner/.m2/repository/org/keycloak/keycloak-admin-client/26.0.4/keycloak-admin-client-26.0.4.jar:/home/runner/.m2/repository/org/keycloak/keycloak-client-common-synced/26.0.4/keycloak-client-common-synced-26.0.4.jar:/home/runner/.m2/repository/jakarta/activation/jakarta.activation-api/2.1.3/jakarta.activation-api-2.1.3.jar:/home/runner/.m2/repository/org/eclipse/microprofile/openapi/microprofile-openapi-api/4.0.2/microprofile-openapi-api-4.0.2.jar:/home/runner/.m2/repository/org/jboss/resteasy/resteasy-client/6.2.12.Final/resteasy-client-6.2.12.Final.jar:/home/runner/.m2/repository/org/jboss/resteasy/resteasy-client-api/6.2.12.Final/resteasy-client-api-6.2.12.Final.jar:/home/runner/.m2/repository/org/jboss/resteasy/resteasy-core-spi/6.2.12.Final/resteasy-core-spi-6.2.12.Final.jar:/home/runner/.m2/repository/org/jboss/resteasy/resteasy-core/6.2.12.Final/resteasy-core-6.2.12.Final.jar:/home/runner/.m2/repository/org/eclipse/angus/angus-activation/2.0.2/angus-activation-2.0.2.jar:/home/runner/.m2/repository/com/ibm/async/asyncutil/0.1.0/asyncutil-0.1.0.jar:/home/runner/.m2/repository/org/reactivestreams/reactive-streams/1.0.4/reactive-streams-1.0.4.jar:/home/runner/.m2/repository/org/jboss/resteasy/resteasy-multipart-provider/6.2.12.Final/resteasy-multipart-provider-6.2.12.Final.jar:/home/runner/.m2/repository/jakarta/mail/jakarta.mail-api/2.1.3/jakarta.mail-api-2.1.3.jar:/home/runner/.m2/repository/org/eclipse/angus/angus-mail/2.0.3/angus-mail-2.0.3.jar:/home/runner/.m2/repository/org/apache/james/apache-mime4j-dom/0.8.12/apache-mime4j-dom-0.8.12.jar:/home/runner/.m2/repository/org/apache/james/apache-mime4j-core/0.8.12/apache-mime4j-core-0.8.12.jar:/home/runner/.m2/repository/org/apache/james/apache-mime4j-storage/0.8.12/apache-mime4j-storage-0.8.12.jar:/home/runner/.m2/repository/org/jboss/resteasy/resteasy-jackson2-provider/6.2.12.Final/resteasy-jackson2-provider-6.2.12.Final.jar:/home/runner/.m2/repository/com/fasterxml/jackson/jakarta/rs/jackson-jakarta-rs-base/2.18.2/jackson-jakarta-rs-base-2.18.2.jar:/home/runner/.m2/repository/com/fasterxml/jackson/jakarta/rs/jackson-jakarta-rs-json-provider/2.18.2/jackson-jakarta-rs-json-provider-2.18.2.jar:/home/runner/.m2/repository/com/fasterxml/jackson/module/jackson-module-jakarta-xmlbind-annotations/2.18.2/jackson-module-jakarta-xmlbind-annotations-2.18.2.jar:/home/runner/.m2/repository/com/github/java-json-tools/json-patch/1.13/json-patch-1.13.jar:/home/runner/.m2/repository/com/github/java-json-tools/msg-simple/1.2/msg-simple-1.2.jar:/home/runner/.m2/repository/com/github/java-json-tools/btf/1.3/btf-1.3.jar:/home/runner/.m2/repository/com/github/java-json-tools/jackson-coreutils/2.0/jackson-coreutils-2.0.jar:/home/runner/.m2/repository/org/jboss/resteasy/resteasy-jaxb-provider/6.2.12.Final/resteasy-jaxb-provider-6.2.12.Final.jar:/home/runner/.m2/repository/org/glassfish/jaxb/codemodel/4.0.5/codemodel-4.0.5.jar:/home/runner/.m2/repository/org/glassfish/jaxb/jaxb-core/4.0.5/jaxb-core-4.0.5.jar:/home/runner/.m2/repository/org/glassfish/jaxb/jaxb-jxc/4.0.5/jaxb-jxc-4.0.5.jar:/home/runner/.m2/repository/org/glassfish/jaxb/jaxb-runtime/4.0.5/jaxb-runtime-4.0.5.jar:/home/runner/.m2/repository/org/glassfish/jaxb/txw2/4.0.5/txw2-4.0.5.jar:/home/runner/.m2/repository/org/glassfish/jaxb/jaxb-xjc/4.0.5/jaxb-xjc-4.0.5.jar:/home/runner/.m2/repository/org/glassfish/jaxb/xsom/4.0.5/xsom-4.0.5.jar:/home/runner/.m2/repository/com/sun/istack/istack-commons-runtime/4.1.2/istack-commons-runtime-4.1.2.jar:/home/runner/.m2/repository/com/sun/istack/istack-commons-tools/4.1.2/istack-commons-tools-4.1.2.jar:/home/runner/.m2/repository/com/sun/xml/bind/external/relaxng-datatype/4.0.5/relaxng-datatype-4.0.5.jar:/home/runner/.m2/repository/com/sun/xml/bind/external/rngom/4.0.5/rngom-4.0.5.jar:/home/runner/.m2/repository/org/testcontainers/mssqlserver/1.20.6/mssqlserver-1.20.6.jar:/home/runner/.m2/repository/org/testcontainers/jdbc/1.20.6/jdbc-1.20.6.jar:/home/runner/.m2/repository/org/testcontainers/database-commons/1.20.6/database-commons-1.20.6.jar:/home/runner/.m2/repository/org/testcontainers/mysql/1.20.6/mysql-1.20.6.jar:/home/runner/.m2/repository/io/strimzi/strimzi-test-container/0.107.0/strimzi-test-container-0.107.0.jar:/home/runner/.m2/repository/org/testcontainers/toxiproxy/1.20.6/toxiproxy-1.20.6.jar:/home/runner/.m2/repository/com/github/docker-java/docker-java-api/3.4.1/docker-java-api-3.4.1.jar:/home/runner/.m2/repository/eu/rekawek/toxiproxy/toxiproxy-java/2.1.7/toxiproxy-java-2.1.7.jar:/home/runner/.m2/repository/junit/junit/4.13.2/junit-4.13.2.jar:/home/runner/.m2/repository/org/hamcrest/hamcrest-core/1.3/hamcrest-core-1.3.jar:/home/runner/.m2/repository/org/testcontainers/pulsar/1.20.4/pulsar-1.20.4.jar:/home/runner/.m2/repository/io/debezium/debezium-testing-testcontainers/2.6.2.Final/debezium-testing-testcontainers-2.6.2.Final.jar:/home/runner/.m2/repository/org/testcontainers/kafka/1.20.6/kafka-1.20.6.jar:/home/runner/.m2/repository/com/squareup/okhttp3/okhttp/4.8.1/okhttp-4.8.1.jar:/home/runner/.m2/repository/com/squareup/okio/okio/3.10.2/okio-3.10.2.jar:/home/runner/.m2/repository/com/squareup/okio/okio-jvm/3.10.2/okio-jvm-3.10.2.jar:/home/runner/.m2/repository/org/jetbrains/kotlin/kotlin-stdlib/2.0.21/kotlin-stdlib-2.0.21.jar:/home/runner/.m2/repository/org/awaitility/awaitility/4.2.2/awaitility-4.2.2.jar:/home/runner/.m2/repository/org/testcontainers/mongodb/1.20.6/mongodb-1.20.6.jar:/home/runner/.m2/repository/org/testcontainers/oracle-xe/1.20.6/oracle-xe-1.20.6.jar:/home/runner/.m2/repository/org/testcontainers/postgresql/1.20.6/postgresql-1.20.6.jar:/home/runner/.m2/repository/org/wiremock/wiremock/3.0.1/wiremock-3.0.1.jar:/home/runner/.m2/repository/org/eclipse/jetty/jetty-server/11.0.15/jetty-server-11.0.15.jar:/home/runner/.m2/repository/org/eclipse/jetty/toolchain/jetty-jakarta-servlet-api/5.0.2/jetty-jakarta-servlet-api-5.0.2.jar:/home/runner/.m2/repository/org/eclipse/jetty/jetty-http/11.0.15/jetty-http-11.0.15.jar:/home/runner/.m2/repository/org/eclipse/jetty/jetty-io/11.0.15/jetty-io-11.0.15.jar:/home/runner/.m2/repository/org/eclipse/jetty/jetty-servlet/11.0.15/jetty-servlet-11.0.15.jar:/home/runner/.m2/repository/org/eclipse/jetty/jetty-security/11.0.15/jetty-security-11.0.15.jar:/home/runner/.m2/repository/org/eclipse/jetty/jetty-servlets/11.0.15/jetty-servlets-11.0.15.jar:/home/runner/.m2/repository/org/eclipse/jetty/jetty-util/11.0.15/jetty-util-11.0.15.jar:/home/runner/.m2/repository/org/eclipse/jetty/jetty-webapp/11.0.15/jetty-webapp-11.0.15.jar:/home/runner/.m2/repository/org/eclipse/jetty/jetty-xml/11.0.15/jetty-xml-11.0.15.jar:/home/runner/.m2/repository/org/eclipse/jetty/jetty-proxy/11.0.15/jetty-proxy-11.0.15.jar:/home/runner/.m2/repository/org/eclipse/jetty/jetty-client/11.0.15/jetty-client-11.0.15.jar:/home/runner/.m2/repository/org/eclipse/jetty/http2/http2-server/11.0.15/http2-server-11.0.15.jar:/home/runner/.m2/repository/org/eclipse/jetty/http2/http2-common/11.0.15/http2-common-11.0.15.jar:/home/runner/.m2/repository/org/eclipse/jetty/http2/http2-hpack/11.0.15/http2-hpack-11.0.15.jar:/home/runner/.m2/repository/org/eclipse/jetty/jetty-alpn-server/11.0.15/jetty-alpn-server-11.0.15.jar:/home/runner/.m2/repository/org/eclipse/jetty/jetty-alpn-java-server/11.0.15/jetty-alpn-java-server-11.0.15.jar:/home/runner/.m2/repository/org/eclipse/jetty/jetty-alpn-java-client/11.0.15/jetty-alpn-java-client-11.0.15.jar:/home/runner/.m2/repository/org/eclipse/jetty/jetty-alpn-client/11.0.15/jetty-alpn-client-11.0.15.jar:/home/runner/.m2/repository/org/apache/httpcomponents/client5/httpclient5/5.2.1/httpclient5-5.2.1.jar:/home/runner/.m2/repository/org/apache/httpcomponents/core5/httpcore5/5.2/httpcore5-5.2.jar:/home/runner/.m2/repository/org/apache/httpcomponents/core5/httpcore5-h2/5.2/httpcore5-h2-5.2.jar:/home/runner/.m2/repository/org/xmlunit/xmlunit-core/2.9.1/xmlunit-core-2.9.1.jar:/home/runner/.m2/repository/jakarta/xml/bind/jakarta.xml.bind-api/4.0.2/jakarta.xml.bind-api-4.0.2.jar:/home/runner/.m2/repository/org/xmlunit/xmlunit-legacy/2.9.1/xmlunit-legacy-2.9.1.jar:/home/runner/.m2/repository/org/xmlunit/xmlunit-placeholders/2.9.1/xmlunit-placeholders-2.9.1.jar:/home/runner/.m2/repository/net/javacrumbs/json-unit/json-unit-core/2.38.0/json-unit-core-2.38.0.jar:/home/runner/.m2/repository/com/jayway/jsonpath/json-path/2.8.0/json-path-2.8.0.jar:/home/runner/.m2/repository/net/minidev/json-smart/2.4.10/json-smart-2.4.10.jar:/home/runner/.m2/repository/net/minidev/accessors-smart/2.4.9/accessors-smart-2.4.9.jar:/home/runner/.m2/repository/org/ow2/asm/asm/9.7.1/asm-9.7.1.jar:/home/runner/.m2/repository/net/sf/jopt-simple/jopt-simple/5.0.4/jopt-simple-5.0.4.jar:/home/runner/.m2/repository/com/github/jknack/handlebars/4.3.1/handlebars-4.3.1.jar:/home/runner/.m2/repository/com/github/jknack/handlebars-helpers/4.3.1/handlebars-helpers-4.3.1.jar:/home/runner/.m2/repository/commons-fileupload/commons-fileupload/1.5/commons-fileupload-1.5.jar:/home/runner/.m2/repository/com/networknt/json-schema-validator/1.5.5/json-schema-validator-1.5.5.jar:/home/runner/.m2/repository/com/ethlo/time/itu/1.10.3/itu-1.10.3.jar:/home/runner/.m2/repository/io/quarkus/quarkus-smallrye-jwt-build/3.20.1/quarkus-smallrye-jwt-build-3.20.1.jar:/home/runner/.m2/repository/io/smallrye/smallrye-jwt-build/4.6.1/smallrye-jwt-build-4.6.1.jar:/home/runner/.m2/repository/org/eclipse/microprofile/jwt/microprofile-jwt-auth-api/2.1/microprofile-jwt-auth-api-2.1.jar:/home/runner/.m2/repository/org/bitbucket/b_c/jose4j/0.9.6/jose4j-0.9.6.jar:/home/runner/.m2/repository/io/smallrye/smallrye-jwt-common/4.6.1/smallrye-jwt-common-4.6.1.jar:/home/runner/.m2/repository/io/quarkus/quarkus-jsonp/3.20.1/quarkus-jsonp-3.20.1.jar:/home/runner/.m2/repository/io/quarkus/quarkus-arc/3.20.1/quarkus-arc-3.20.1.jar:/home/runner/.m2/repository/io/quarkus/arc/arc/3.20.1/arc-3.20.1.jar:/home/runner/.m2/repository/jakarta/transaction/jakarta.transaction-api/2.0.1/jakarta.transaction-api-2.0.1.jar:/home/runner/.m2/repository/io/smallrye/reactive/mutiny/2.8.0/mutiny-2.8.0.jar:/home/runner/.m2/repository/org/jctools/jctools-core/4.0.5/jctools-core-4.0.5.jar:/home/runner/.m2/repository/org/eclipse/microprofile/context-propagation/microprofile-context-propagation-api/1.3/microprofile-context-propagation-api-1.3.jar:/home/runner/.m2/repository/io/apicurio/apicurio-common-rest-client-common/0.1.18.Final/apicurio-common-rest-client-common-0.1.18.Final.jar:/home/runner/work/apicurio-testing/apicurio-testing/clusters/ci419/namespaces/kafkasql/tests/integration/apicurio-registry/utils/maven-plugin/target/apicurio-registry-maven-plugin-3.0.11-SNAPSHOT.jar:/home/runner/.m2/repository/com/fasterxml/jackson/core/jackson-databind/2.18.2/jackson-databind-2.18.2.jar:/home/runner/.m2/repository/org/apache/avro/avro/1.12.0/avro-1.12.0.jar:/home/runner/.m2/repository/com/google/protobuf/protobuf-java/4.31.1/protobuf-java-4.31.1.jar:/home/runner/.m2/repository/com/google/protobuf/protobuf-java-util/4.31.1/protobuf-java-util-4.31.1.jar:/home/runner/.m2/repository/com/google/code/findbugs/jsr305/3.0.2/jsr305-3.0.2.jar:/home/runner/.m2/repository/com/google/code/gson/gson/2.12.1/gson-2.12.1.jar:/home/runner/.m2/repository/com/google/errorprone/error_prone_annotations/2.36.0/error_prone_annotations-2.36.0.jar:/home/runner/.m2/repository/com/google/j2objc/j2objc-annotations/2.8/j2objc-annotations-2.8.jar:/home/runner/work/apicurio-testing/apicurio-testing/clusters/ci419/namespaces/kafkasql/tests/integration/apicurio-registry/schema-util/util-provider/target/apicurio-registry-schema-util-provider-3.0.11-SNAPSHOT.jar:/home/runner/work/apicurio-testing/apicurio-testing/clusters/ci419/namespaces/kafkasql/tests/integration/apicurio-registry/schema-util/common/target/apicurio-registry-schema-util-common-3.0.11-SNAPSHOT.jar:/home/runner/.m2/repository/com/fasterxml/jackson/module/jackson-module-parameter-names/2.18.2/jackson-module-parameter-names-2.18.2.jar:/home/runner/.m2/repository/com/fasterxml/jackson/datatype/jackson-datatype-json-org/2.18.2/jackson-datatype-json-org-2.18.2.jar:/home/runner/work/apicurio-testing/apicurio-testing/clusters/ci419/namespaces/kafkasql/tests/integration/apicurio-registry/schema-util/json/target/apicurio-registry-schema-util-json-3.0.11-SNAPSHOT.jar:/home/runner/.m2/repository/com/github/erosb/everit-json-schema/1.14.5/everit-json-schema-1.14.5.jar:/home/runner/.m2/repository/commons-validator/commons-validator/1.9.0/commons-validator-1.9.0.jar:/home/runner/.m2/repository/commons-digester/commons-digester/2.1/commons-digester-2.1.jar:/home/runner/.m2/repository/commons-collections/commons-collections/3.2.2/commons-collections-3.2.2.jar:/home/runner/.m2/repository/com/damnhandy/handy-uri-templates/2.1.8/handy-uri-templates-2.1.8.jar:/home/runner/.m2/repository/joda-time/joda-time/2.10.2/joda-time-2.10.2.jar:/home/runner/.m2/repository/com/github/erosb/json-sKema/0.20.0/json-sKema-0.20.0.jar:/home/runner/.m2/repository/io/vertx/vertx-json-schema/4.5.14/vertx-json-schema-4.5.14.jar:/home/runner/work/apicurio-testing/apicurio-testing/clusters/ci419/namespaces/kafkasql/tests/integration/apicurio-registry/schema-util/protobuf/target/apicurio-registry-schema-util-protobuf-3.0.11-SNAPSHOT.jar:/home/runner/work/apicurio-testing/apicurio-testing/clusters/ci419/namespaces/kafkasql/tests/integration/apicurio-registry/utils/protobuf-schema-utilities/target/apicurio-registry-protobuf-schema-utilities-3.0.11-SNAPSHOT.jar:/home/runner/.m2/repository/com/google/api/grpc/proto-google-common-protos/2.52.0/proto-google-common-protos-2.52.0.jar:/home/runner/.m2/repository/com/squareup/wire/wire-schema-jvm/5.3.3/wire-schema-jvm-5.3.3.jar:/home/runner/.m2/repository/com/palantir/javapoet/javapoet/0.6.0/javapoet-0.6.0.jar:/home/runner/.m2/repository/com/squareup/kotlinpoet-jvm/2.0.0/kotlinpoet-jvm-2.0.0.jar:/home/runner/.m2/repository/org/jetbrains/kotlin/kotlin-reflect/2.0.21/kotlin-reflect-2.0.21.jar:/home/runner/.m2/repository/com/squareup/wire/wire-runtime-jvm/5.3.3/wire-runtime-jvm-5.3.3.jar:/home/runner/.m2/repository/com/ibm/icu/icu4j/76.1/icu4j-76.1.jar:/home/runner/.m2/repository/com/squareup/okio/okio-fakefilesystem/3.10.2/okio-fakefilesystem-3.10.2.jar:/home/runner/.m2/repository/com/squareup/okio/okio-fakefilesystem-jvm/3.10.2/okio-fakefilesystem-jvm-3.10.2.jar:/home/runner/.m2/repository/org/jetbrains/kotlinx/kotlinx-datetime-jvm/0.6.1/kotlinx-datetime-jvm-0.6.1.jar:/home/runner/work/apicurio-testing/apicurio-testing/clusters/ci419/namespaces/kafkasql/tests/integration/apicurio-registry/schema-util/asyncapi/target/apicurio-registry-schema-util-asyncapi-3.0.11-SNAPSHOT.jar:/home/runner/work/apicurio-testing/apicurio-testing/clusters/ci419/namespaces/kafkasql/tests/integration/apicurio-registry/schema-util/avro/target/apicurio-registry-schema-util-avro-3.0.11-SNAPSHOT.jar:/home/runner/work/apicurio-testing/apicurio-testing/clusters/ci419/namespaces/kafkasql/tests/integration/apicurio-registry/schema-util/graphql/target/apicurio-registry-schema-util-graphql-3.0.11-SNAPSHOT.jar:/home/runner/.m2/repository/com/graphql-java/graphql-java/22.3/graphql-java-22.3.jar:/home/runner/.m2/repository/com/graphql-java/java-dataloader/3.3.0/java-dataloader-3.3.0.jar:/home/runner/work/apicurio-testing/apicurio-testing/clusters/ci419/namespaces/kafkasql/tests/integration/apicurio-registry/schema-util/kconnect/target/apicurio-registry-schema-util-kconnect-3.0.11-SNAPSHOT.jar:/home/runner/work/apicurio-testing/apicurio-testing/clusters/ci419/namespaces/kafkasql/tests/integration/apicurio-registry/schema-util/openapi/target/apicurio-registry-schema-util-openapi-3.0.11-SNAPSHOT.jar:/home/runner/.m2/repository/io/apicurio/apicurio-data-models/2.2.1/apicurio-data-models-2.2.1.jar:/home/runner/.m2/repository/org/openapitools/openapidiff/openapi-diff-core/2.1.2/openapi-diff-core-2.1.2.jar:/home/runner/.m2/repository/io/swagger/parser/v3/swagger-parser/2.1.28/swagger-parser-2.1.28.jar:/home/runner/.m2/repository/io/swagger/parser/v3/swagger-parser-v2-converter/2.1.28/swagger-parser-v2-converter-2.1.28.jar:/home/runner/.m2/repository/io/swagger/swagger-core/1.6.16/swagger-core-1.6.16.jar:/home/runner/.m2/repository/io/swagger/swagger-models/1.6.16/swagger-models-1.6.16.jar:/home/runner/.m2/repository/io/swagger/swagger-annotations/1.6.16/swagger-annotations-1.6.16.jar:/home/runner/.m2/repository/io/swagger/swagger-parser/1.0.75/swagger-parser-1.0.75.jar:/home/runner/.m2/repository/io/swagger/swagger-parser-safe-url-resolver/1.0.75/swagger-parser-safe-url-resolver-1.0.75.jar:/home/runner/.m2/repository/io/swagger/swagger-compat-spec-parser/1.0.75/swagger-compat-spec-parser-1.0.75.jar:/home/runner/.m2/repository/com/github/java-json-tools/json-schema-validator/2.2.14/json-schema-validator-2.2.14.jar:/home/runner/.m2/repository/com/github/java-json-tools/jackson-coreutils-equivalence/1.0/jackson-coreutils-equivalence-1.0.jar:/home/runner/.m2/repository/com/github/java-json-tools/json-schema-core/1.2.14/json-schema-core-1.2.14.jar:/home/runner/.m2/repository/com/github/java-json-tools/uri-template/0.10/uri-template-0.10.jar:/home/runner/.m2/repository/com/googlecode/libphonenumber/libphonenumber/8.11.1/libphonenumber-8.11.1.jar:/home/runner/.m2/repository/com/j2html/j2html/1.6.0/j2html-1.6.0.jar:/home/runner/.m2/repository/org/apache/commons/commons-collections4/4.5.0/commons-collections4-4.5.0.jar:/home/runner/.m2/repository/org/apache/commons/commons-configuration2/2.12.0/commons-configuration2-2.12.0.jar:/home/runner/.m2/repository/org/apache/commons/commons-text/1.13.0/commons-text-1.13.0.jar:/home/runner/.m2/repository/org/slf4j/jcl-over-slf4j/2.0.17/jcl-over-slf4j-2.0.17.jar:/home/runner/.m2/repository/io/swagger/parser/v3/swagger-parser-v3/2.1.30/swagger-parser-v3-2.1.30.jar:/home/runner/.m2/repository/io/swagger/core/v3/swagger-models/2.2.34/swagger-models-2.2.34.jar:/home/runner/.m2/repository/io/swagger/core/v3/swagger-core/2.2.34/swagger-core-2.2.34.jar:/home/runner/.m2/repository/io/swagger/parser/v3/swagger-parser-core/2.1.30/swagger-parser-core-2.1.30.jar:/home/runner/.m2/repository/io/swagger/parser/v3/swagger-parser-safe-url-resolver/2.1.30/swagger-parser-safe-url-resolver-2.1.30.jar:/home/runner/work/apicurio-testing/apicurio-testing/clusters/ci419/namespaces/kafkasql/tests/integration/apicurio-registry/schema-util/wsdl/target/apicurio-registry-schema-util-wsdl-3.0.11-SNAPSHOT.jar:/home/runner/.m2/repository/wsdl4j/wsdl4j/1.6.3/wsdl4j-1.6.3.jar:/home/runner/work/apicurio-testing/apicurio-testing/clusters/ci419/namespaces/kafkasql/tests/integration/apicurio-registry/schema-util/xml/target/apicurio-registry-schema-util-xml-3.0.11-SNAPSHOT.jar:/home/runner/.m2/repository/org/apache/santuario/xmlsec/4.0.3/xmlsec-4.0.3.jar:/home/runner/.m2/repository/com/fasterxml/woodstox/woodstox-core/7.1.0/woodstox-core-7.1.0.jar:/home/runner/.m2/repository/org/codehaus/woodstox/stax2-api/4.2.2/stax2-api-4.2.2.jar:/home/runner/work/apicurio-testing/apicurio-testing/clusters/ci419/namespaces/kafkasql/tests/integration/apicurio-registry/schema-util/xsd/target/apicurio-registry-schema-util-xsd-3.0.11-SNAPSHOT.jar:/home/runner/work/apicurio-testing/apicurio-testing/clusters/ci419/namespaces/kafkasql/tests/integration/apicurio-registry/serdes/kafka/jsonschema-serde/target/apicurio-registry-jsonschema-serde-kafka-3.0.11-SNAPSHOT.jar:/home/runner/work/apicurio-testing/apicurio-testing/clusters/ci419/namespaces/kafkasql/tests/integration/apicurio-registry/serdes/kafka/serde-kafka-common/target/apicurio-registry-serde-kafka-common-3.0.11-SNAPSHOT.jar:/home/runner/work/apicurio-testing/apicurio-testing/clusters/ci419/namespaces/kafkasql/tests/integration/apicurio-registry/serdes/generic/serde-common/target/apicurio-registry-serde-common-3.0.11-SNAPSHOT.jar:/home/runner/work/apicurio-testing/apicurio-testing/clusters/ci419/namespaces/kafkasql/tests/integration/apicurio-registry/serdes/generic/serde-common-jsonschema/target/apicurio-registry-serde-common-jsonschema-3.0.11-SNAPSHOT.jar:/home/runner/.m2/repository/org/json/json/20250107/json-20250107.jar:/home/runner/work/apicurio-testing/apicurio-testing/clusters/ci419/namespaces/kafkasql/tests/integration/apicurio-registry/serdes/kafka/avro-serde/target/apicurio-registry-avro-serde-kafka-3.0.11-SNAPSHOT.jar:/home/runner/work/apicurio-testing/apicurio-testing/clusters/ci419/namespaces/kafkasql/tests/integration/apicurio-registry/serdes/generic/serde-common-avro/target/apicurio-registry-serde-common-avro-3.0.11-SNAPSHOT.jar:/home/runner/work/apicurio-testing/apicurio-testing/clusters/ci419/namespaces/kafkasql/tests/integration/apicurio-registry/serdes/kafka/protobuf-serde/target/apicurio-registry-protobuf-serde-kafka-3.0.11-SNAPSHOT.jar:/home/runner/work/apicurio-testing/apicurio-testing/clusters/ci419/namespaces/kafkasql/tests/integration/apicurio-registry/serdes/generic/serde-common-protobuf/target/apicurio-registry-serde-common-protobuf-3.0.11-SNAPSHOT.jar:/home/runner/.m2/repository/com/squareup/wire/wire-schema/5.3.3/wire-schema-5.3.3.jar:/home/runner/.m2/repository/com/squareup/wire/wire-runtime/5.3.3/wire-runtime-5.3.3.jar:/home/runner/work/apicurio-testing/apicurio-testing/clusters/ci419/namespaces/kafkasql/tests/integration/apicurio-registry/serdes/pulsar/avro-serde/target/apicurio-registry-avro-serde-pulsar-3.0.11-SNAPSHOT.jar:/home/runner/.m2/repository/org/apache/pulsar/pulsar-functions-api/3.3.4/pulsar-functions-api-3.3.4.jar:/home/runner/work/apicurio-testing/apicurio-testing/clusters/ci419/namespaces/kafkasql/tests/integration/apicurio-registry/serdes/nats/avro-serde/target/apicurio-registry-avro-serde-nats-3.0.11-SNAPSHOT.jar:/home/runner/.m2/repository/io/nats/jnats/2.20.5/jnats-2.20.5.jar:/home/runner/.m2/repository/net/i2p/crypto/eddsa/0.3.0/eddsa-0.3.0.jar:/home/runner/work/apicurio-testing/apicurio-testing/clusters/ci419/namespaces/kafkasql/tests/integration/apicurio-registry/utils/converter/target/apicurio-registry-utils-converter-3.0.11-SNAPSHOT.jar:/home/runner/work/apicurio-testing/apicurio-testing/clusters/ci419/namespaces/kafkasql/tests/integration/apicurio-registry/schema-resolver/target/apicurio-registry-schema-resolver-3.0.11-SNAPSHOT.jar:/home/runner/.m2/repository/org/apache/kafka/connect-api/3.9.1/connect-api-3.9.1.jar:/home/runner/.m2/repository/javax/ws/rs/javax.ws.rs-api/2.1.1/javax.ws.rs-api-2.1.1.jar:/home/runner/.m2/repository/org/apache/kafka/connect-json/3.9.1/connect-json-3.9.1.jar:/home/runner/.m2/repository/com/fasterxml/jackson/datatype/jackson-datatype-jdk8/2.18.2/jackson-datatype-jdk8-2.18.2.jar:/home/runner/.m2/repository/com/fasterxml/jackson/module/jackson-module-afterburner/2.18.2/jackson-module-afterburner-2.18.2.jar:/home/runner/work/apicurio-testing/apicurio-testing/clusters/ci419/namespaces/kafkasql/tests/integration/apicurio-registry/utils/kafka/target/apicurio-registry-utils-kafka-3.0.11-SNAPSHOT.jar:/home/runner/.m2/repository/org/apache/pulsar/pulsar-client/3.3.4/pulsar-client-3.3.4.jar:/home/runner/.m2/repository/org/apache/pulsar/pulsar-client-api/3.3.4/pulsar-client-api-3.3.4.jar:/home/runner/.m2/repository/org/apache/pulsar/pulsar-client-admin-api/3.3.4/pulsar-client-admin-api-3.3.4.jar:/home/runner/.m2/repository/org/apache/pulsar/bouncy-castle-bc/3.3.4/bouncy-castle-bc-3.3.4-pkg.jar:/home/runner/.m2/repository/org/bouncycastle/bcpkix-jdk18on/1.80/bcpkix-jdk18on-1.80.jar:/home/runner/.m2/repository/org/bouncycastle/bcutil-jdk18on/1.80/bcutil-jdk18on-1.80.jar:/home/runner/.m2/repository/org/bouncycastle/bcprov-jdk18on/1.80/bcprov-jdk18on-1.80.jar:/home/runner/.m2/repository/io/opentelemetry/opentelemetry-api/1.44.1/opentelemetry-api-1.44.1.jar:/home/runner/.m2/repository/io/opentelemetry/opentelemetry-context/1.44.1/opentelemetry-context-1.44.1.jar:/home/runner/.m2/repository/io/opentelemetry/opentelemetry-api-incubator/1.44.1-alpha/opentelemetry-api-incubator-1.44.1-alpha.jar:/home/runner/.m2/repository/com/fasterxml/jackson/core/jackson-annotations/2.18.2/jackson-annotations-2.18.2.jar:/home/runner/.m2/repository/javax/validation/validation-api/1.1.0.Final/validation-api-1.1.0.Final.jar:/home/runner/.m2/repository/io/confluent/kafka-avro-serializer/8.0.0/kafka-avro-serializer-8.0.0.jar:/home/runner/.m2/repository/org/apache/commons/commons-compress/1.27.1/commons-compress-1.27.1.jar:/home/runner/.m2/repository/io/confluent/kafka-schema-serializer/8.0.0/kafka-schema-serializer-8.0.0.jar:/home/runner/.m2/repository/com/fasterxml/jackson/dataformat/jackson-dataformat-csv/2.18.2/jackson-dataformat-csv-2.18.2.jar:/home/runner/.m2/repository/io/confluent/kafka-schema-registry-client/8.0.0/kafka-schema-registry-client-8.0.0.jar:/home/runner/.m2/repository/org/yaml/snakeyaml/2.3/snakeyaml-2.3.jar:/home/runner/.m2/repository/io/swagger/core/v3/swagger-annotations/2.2.29/swagger-annotations-2.2.29.jar:/home/runner/.m2/repository/com/google/guava/guava/33.4.0-jre/guava-33.4.0-jre.jar:/home/runner/.m2/repository/com/google/guava/failureaccess/1.0.1/failureaccess-1.0.1.jar:/home/runner/.m2/repository/org/checkerframework/checker-qual/3.49.0/checker-qual-3.49.0.jar:/home/runner/.m2/repository/io/confluent/logredactor/1.0.13/logredactor-1.0.13.jar:/home/runner/.m2/repository/com/google/re2j/re2j/1.6/re2j-1.6.jar:/home/runner/.m2/repository/io/confluent/logredactor-metrics/1.0.13/logredactor-metrics-1.0.13.jar:/home/runner/.m2/repository/com/eclipsesource/minimal-json/minimal-json/0.9.5/minimal-json-0.9.5.jar:/home/runner/.m2/repository/io/confluent/common-utils/8.0.0/common-utils-8.0.0.jar:/home/runner/.m2/repository/io/confluent/kafka-connect-avro-converter/8.0.0/kafka-connect-avro-converter-8.0.0.jar:/home/runner/.m2/repository/io/confluent/kafka-connect-avro-data/8.0.0/kafka-connect-avro-data-8.0.0.jar:/home/runner/.m2/repository/io/confluent/kafka-schema-converter/8.0.0/kafka-schema-converter-8.0.0.jar:/home/runner/.m2/repository/io/rest-assured/rest-assured/5.5.1/rest-assured-5.5.1.jar:/home/runner/.m2/repository/org/apache/groovy/groovy/4.0.22/groovy-4.0.22.jar:/home/runner/.m2/repository/org/apache/groovy/groovy-xml/4.0.22/groovy-xml-4.0.22.jar:/home/runner/.m2/repository/org/apache/httpcomponents/httpclient/4.5.14/httpclient-4.5.14.jar:/home/runner/.m2/repository/org/apache/httpcomponents/httpcore/4.4.16/httpcore-4.4.16.jar:/home/runner/.m2/repository/org/apache/httpcomponents/httpmime/4.5.14/httpmime-4.5.14.jar:/home/runner/.m2/repository/org/hamcrest/hamcrest/2.2/hamcrest-2.2.jar:/home/runner/.m2/repository/org/ccil/cowan/tagsoup/tagsoup/1.2.1/tagsoup-1.2.1.jar:/home/runner/.m2/repository/io/rest-assured/json-path/5.5.1/json-path-5.5.1.jar:/home/runner/.m2/repository/org/apache/groovy/groovy-json/4.0.22/groovy-json-4.0.22.jar:/home/runner/.m2/repository/io/rest-assured/rest-assured-common/5.5.1/rest-assured-common-5.5.1.jar:/home/runner/.m2/repository/io/rest-assured/xml-path/5.5.1/xml-path-5.5.1.jar:/home/runner/.m2/repository/io/zonky/test/embedded-postgres/2.1.0/embedded-postgres-2.1.0.jar:/home/runner/.m2/repository/io/zonky/test/postgres/embedded-postgres-binaries-windows-amd64/14.15.0/embedded-postgres-binaries-windows-amd64-14.15.0.jar:/home/runner/.m2/repository/io/zonky/test/postgres/embedded-postgres-binaries-darwin-amd64/14.15.0/embedded-postgres-binaries-darwin-amd64-14.15.0.jar:/home/runner/.m2/repository/io/zonky/test/postgres/embedded-postgres-binaries-linux-amd64/14.15.0/embedded-postgres-binaries-linux-amd64-14.15.0.jar:/home/runner/.m2/repository/io/zonky/test/postgres/embedded-postgres-binaries-linux-amd64-alpine/14.15.0/embedded-postgres-binaries-linux-amd64-alpine-14.15.0.jar:/home/runner/.m2/repository/org/apache/commons/commons-lang3/3.17.0/commons-lang3-3.17.0.jar:/home/runner/.m2/repository/org/tukaani/xz/1.10/xz-1.10.jar:/home/runner/.m2/repository/commons-codec/commons-codec/1.18.0/commons-codec-1.18.0.jar:/home/runner/.m2/repository/org/postgresql/postgresql/42.7.5/postgresql-42.7.5.jar:/home/runner/.m2/repository/commons-io/commons-io/2.18.0/commons-io-2.18.0.jar:/home/runner/work/apicurio-testing/apicurio-testing/clusters/ci419/namespaces/kafkasql/tests/integration/apicurio-registry/utils/importexport/target/apicurio-registry-utils-import-export-3.0.11-SNAPSHOT.jar:/home/runner/.m2/repository/io/vertx/vertx-core/4.5.14/vertx-core-4.5.14.jar:/home/runner/.m2/repository/io/netty/netty-common/4.1.119.Final/netty-common-4.1.119.Final.jar:/home/runner/.m2/repository/io/netty/netty-buffer/4.1.119.Final/netty-buffer-4.1.119.Final.jar:/home/runner/.m2/repository/io/netty/netty-transport/4.1.119.Final/netty-transport-4.1.119.Final.jar:/home/runner/.m2/repository/io/netty/netty-handler/4.1.119.Final/netty-handler-4.1.119.Final.jar:/home/runner/.m2/repository/io/netty/netty-transport-native-unix-common/4.1.119.Final/netty-transport-native-unix-common-4.1.119.Final.jar:/home/runner/.m2/repository/io/netty/netty-codec/4.1.119.Final/netty-codec-4.1.119.Final.jar:/home/runner/.m2/repository/io/netty/netty-handler-proxy/4.1.119.Final/netty-handler-proxy-4.1.119.Final.jar:/home/runner/.m2/repository/io/netty/netty-codec-socks/4.1.119.Final/netty-codec-socks-4.1.119.Final.jar:/home/runner/.m2/repository/io/netty/netty-codec-http/4.1.119.Final/netty-codec-http-4.1.119.Final.jar:/home/runner/.m2/repository/io/netty/netty-codec-http2/4.1.119.Final/netty-codec-http2-4.1.119.Final.jar:/home/runner/.m2/repository/io/netty/netty-resolver/4.1.119.Final/netty-resolver-4.1.119.Final.jar:/home/runner/.m2/repository/io/netty/netty-resolver-dns/4.1.119.Final/netty-resolver-dns-4.1.119.Final.jar:/home/runner/.m2/repository/io/netty/netty-codec-dns/4.1.119.Final/netty-codec-dns-4.1.119.Final.jar:/home/runner/.m2/repository/com/fasterxml/jackson/core/jackson-core/2.18.2/jackson-core-2.18.2.jar:"/>
    <property name="sun.cpu.endian" value="little"/>
    <property name="user.home" value="/home/runner"/>
    <property name="user.language" value="en"/>
    <property name="jboss.log-version" value="false"/>
    <property name="java.specification.vendor" value="Oracle Corporation"/>
    <property name="java.version.date" value="2025-07-15"/>
    <property name="java.home" value="/usr/lib/jvm/temurin-17-jdk-amd64"/>
    <property name="file.separator" value="/"/>
    <property name="basedir" value="/home/runner/work/apicurio-testing/apicurio-testing/clusters/ci419/namespaces/kafkasql/tests/integration/apicurio-registry/integration-tests"/>
    <property name="java.vm.compressedOopsMode" value="32-bit"/>
    <property name="line.separator" value="&#10;"/>
    <property name="java.specification.name" value="Java Platform API Specification"/>
    <property name="java.vm.specification.vendor" value="Oracle Corporation"/>
    <property name="quarkus.http.test-host" value="registry-app-kafkasql.apps.ci419.apicurio-testing.org"/>
    <property name="surefire.real.class.path" value="/home/runner/work/apicurio-testing/apicurio-testing/clusters/ci419/namespaces/kafkasql/tests/integration/apicurio-registry/integration-tests/target/surefire/surefirebooter-20250731170421362_3.jar"/>
    <property name="sun.management.compiler" value="HotSpot 64-Bit Tiered Compilers"/>
    <property name="org.eclipse.jetty.http.HttpGenerator.STRICT" value="true"/>
    <property name="java.runtime.version" value="17.0.16+8"/>
    <property name="user.name" value="runner"/>
    <property name="path.separator" value=":"/>
    <property name="os.version" value="6.8.0-1031-azure"/>
    <property name="java.runtime.name" value="OpenJDK Runtime Environment"/>
    <property name="file.encoding" value="UTF-8"/>
    <property name="jnidispatch.path" value="/home/runner/.cache/JNA/temp/jna6473497202307855764.tmp"/>
    <property name="java.vm.name" value="OpenJDK 64-Bit Server VM"/>
    <property name="jna.platform.library.path" value="/usr/lib/x86_64-linux-gnu:/lib/x86_64-linux-gnu:/usr/lib64:/lib64:/usr/lib:/lib:/lib32:/usr/local/lib:/usr/lib/x86_64-linux-gnu/libfakeroot"/>
    <property name="java.vendor.version" value="Temurin-17.0.16+8"/>
    <property name="quarkus.oidc.token-path" value="https://keycloak-kafkasql.apps.ci419.apicurio-testing.org/realms/registry/protocol/openid-connect/token"/>
    <property name="quarkus.http.host" value="registry-app-kafkasql.apps.ci419.apicurio-testing.org"/>
    <property name="localRepository" value="/home/runner/.m2/repository"/>
    <property name="javax.xml.xpath.XPathFactory:http://java.sun.com/jaxp/xpath/dom" value="com.sun.org.apache.xpath.internal.jaxp.XPathFactoryImpl"/>
    <property name="jna.loaded" value="true"/>
    <property name="java.vendor.url.bug" value="https://github.com/adoptium/adoptium-support/issues"/>
    <property name="jetty.git.hash" value="5bc5e562c8d05c5862505aebe5cf83a61bdbcb96"/>
    <property name="java.io.tmpdir" value="/tmp"/>
    <property name="quarkus.http.test-protocol" value="http"/>
    <property name="java.version" value="17.0.16"/>
    <property name="user.dir" value="/home/runner/work/apicurio-testing/apicurio-testing/clusters/ci419/namespaces/kafkasql/tests/integration/apicurio-registry/integration-tests"/>
    <property name="os.arch" value="amd64"/>
    <property name="groups" value="( smoke | serdes | acceptance | ui)"/>
    <property name="java.vm.specification.name" value="Java Virtual Machine Specification"/>
    <property name="native.encoding" value="UTF-8"/>
    <property name="java.util.logging.manager" value="org.jboss.logmanager.LogManager"/>
    <property name="java.library.path" value="/usr/java/packages/lib:/usr/lib64:/lib64:/lib:/usr/lib"/>
    <property name="jdk.console" value="java.base"/>
    <property name="java.vm.info" value="mixed mode, sharing"/>
    <property name="java.vendor" value="Eclipse Adoptium"/>
    <property name="java.vm.version" value="17.0.16+8"/>
    <property name="java.specification.maintenance.version" value="1"/>
    <property name="sun.io.unicode.encoding" value="UnicodeLittle"/>
    <property name="javax.xml.transform.TransformerFactory" value="com.sun.org.apache.xalan.internal.xsltc.trax.TransformerFactoryImpl"/>
    <property name="java.class.version" value="61.0"/>
  </properties>
  <testcase name="testSimpleTopicIdStrategyFindLatest" classname="io.apicurio.tests.serdes.apicurio.ProtobufSerdeIT" time="0.199">
    <error type="io.apicurio.registry.rest.client.models.RuleViolationProblemDetails"><![CDATA[io.apicurio.registry.rest.client.models.RuleViolationProblemDetails
	at io.apicurio.registry.rest.client.models.RuleViolationProblemDetails.createFromDiscriminatorValue(RuleViolationProblemDetails.java:62)
	at io.kiota.serialization.json.JsonParseNode.getObjectValue(JsonParseNode.java:247)
	at io.kiota.http.vertx.VertXRequestAdapter.lambda$throwIfFailedResponse$0(VertXRequestAdapter.java:400)
	at com.microsoft.kiota.ApiExceptionBuilder.<init>(ApiExceptionBuilder.java:26)
	at io.kiota.http.vertx.VertXRequestAdapter.throwIfFailedResponse(VertXRequestAdapter.java:399)
	at io.kiota.http.vertx.VertXRequestAdapter.send(VertXRequestAdapter.java:170)
	at io.apicurio.registry.rest.client.groups.item.artifacts.ArtifactsRequestBuilder.post(ArtifactsRequestBuilder.java:130)
	at io.apicurio.tests.ApicurioRegistryBaseIT.createArtifact(ApicurioRegistryBaseIT.java:184)
	at io.apicurio.tests.serdes.apicurio.ProtobufSerdeIT.testSimpleTopicIdStrategyFindLatest(ProtobufSerdeIT.java:76)
	at java.base/java.lang.reflect.Method.invoke(Method.java:569)
	at java.base/java.util.ArrayList.forEach(ArrayList.java:1511)
	at java.base/java.util.ArrayList.forEach(ArrayList.java:1511)
]]></error>
    <system-out><![CDATA[**** Registry Base URL: http://registry-app-kafkasql.apps.ci419.apicurio-testing.org:80
**** Registry Base URL: http://registry-app-kafkasql.apps.ci419.apicurio-testing.org:80
2025-07-31 17:05:31,202 INFO  [io.api.tes.ser.api.ProtobufSerdeIT] (main) RestAssured configured with http://registry-app-kafkasql.apps.ci419.apicurio-testing.org:80/apis/registry/v3
2025-07-31 17:05:31,206 INFO  [io.api.tes.uti.KafkaFacade] (main) Skipping deployment of kafka, because it's already deployed
2025-07-31 17:05:31,207 INFO  [io.api.tes.uti.TestSeparator] (main) ############################################################################
2025-07-31 17:05:31,207 INFO  [io.api.tes.uti.TestSeparator] (main) io.apicurio.tests.serdes.apicurio.ProtobufSerdeIT.testSimpleTopicIdStrategyFindLatest-STARTED
2025-07-31 17:05:31,208 INFO  [org.apa.kaf.cli.adm.AdminClientConfig] (main) AdminClientConfig values: 
	auto.include.jmx.reporter = true
	bootstrap.controllers = []
	bootstrap.servers = [PLAINTEXT://localhost:32770]
	client.dns.lookup = use_all_dns_ips
	client.id = 
	connections.max.idle.ms = 10000
	default.api.timeout.ms = 60000
	enable.metrics.push = true
	metadata.max.age.ms = 300000
	metadata.recovery.strategy = none
	metric.reporters = []
	metrics.num.samples = 2
	metrics.recording.level = INFO
	metrics.sample.window.ms = 30000
	receive.buffer.bytes = 65536
	reconnect.backoff.max.ms = 1000
	reconnect.backoff.ms = 50
	request.timeout.ms = 5000
	retries = 2147483647
	retry.backoff.max.ms = 1000
	retry.backoff.ms = 100
	sasl.client.callback.handler.class = null
	sasl.jaas.config = null
	sasl.kerberos.kinit.cmd = /usr/bin/kinit
	sasl.kerberos.min.time.before.relogin = 60000
	sasl.kerberos.service.name = null
	sasl.kerberos.ticket.renew.jitter = 0.05
	sasl.kerberos.ticket.renew.window.factor = 0.8
	sasl.login.callback.handler.class = null
	sasl.login.class = null
	sasl.login.connect.timeout.ms = null
	sasl.login.read.timeout.ms = null
	sasl.login.refresh.buffer.seconds = 300
	sasl.login.refresh.min.period.seconds = 60
	sasl.login.refresh.window.factor = 0.8
	sasl.login.refresh.window.jitter = 0.05
	sasl.login.retry.backoff.max.ms = 10000
	sasl.login.retry.backoff.ms = 100
	sasl.mechanism = GSSAPI
	sasl.oauthbearer.clock.skew.seconds = 30
	sasl.oauthbearer.expected.audience = null
	sasl.oauthbearer.expected.issuer = null
	sasl.oauthbearer.header.urlencode = false
	sasl.oauthbearer.jwks.endpoint.refresh.ms = 3600000
	sasl.oauthbearer.jwks.endpoint.retry.backoff.max.ms = 10000
	sasl.oauthbearer.jwks.endpoint.retry.backoff.ms = 100
	sasl.oauthbearer.jwks.endpoint.url = null
	sasl.oauthbearer.scope.claim.name = scope
	sasl.oauthbearer.sub.claim.name = sub
	sasl.oauthbearer.token.endpoint.url = null
	security.protocol = PLAINTEXT
	security.providers = null
	send.buffer.bytes = 131072
	socket.connection.setup.timeout.max.ms = 30000
	socket.connection.setup.timeout.ms = 10000
	ssl.cipher.suites = null
	ssl.enabled.protocols = [TLSv1.2, TLSv1.3]
	ssl.endpoint.identification.algorithm = https
	ssl.engine.factory.class = null
	ssl.key.password = null
	ssl.keymanager.algorithm = SunX509
	ssl.keystore.certificate.chain = null
	ssl.keystore.key = null
	ssl.keystore.location = null
	ssl.keystore.password = null
	ssl.keystore.type = JKS
	ssl.protocol = TLSv1.3
	ssl.provider = null
	ssl.secure.random.implementation = null
	ssl.trustmanager.algorithm = PKIX
	ssl.truststore.certificates = null
	ssl.truststore.location = null
	ssl.truststore.password = null
	ssl.truststore.type = JKS

2025-07-31 17:05:31,211 INFO  [org.apa.kaf.com.uti.AppInfoParser] (main) Kafka version: 3.9.1
2025-07-31 17:05:31,211 INFO  [org.apa.kaf.com.uti.AppInfoParser] (main) Kafka commitId: f745dfdcee2b9851
2025-07-31 17:05:31,211 INFO  [org.apa.kaf.com.uti.AppInfoParser] (main) Kafka startTimeMs: 1753981531211
2025-07-31 17:05:31,354 INFO  [io.api.tes.uti.TestSeparator] (main) io.apicurio.tests.serdes.apicurio.ProtobufSerdeIT.testSimpleTopicIdStrategyFindLatest-FINISHED
2025-07-31 17:05:31,354 INFO  [io.api.tes.uti.TestSeparator] (main) ############################################################################
2025-07-31 17:05:31,355 ERROR [io.api.reg.uti.tes.TestUtils] (main) === TEST FAILED ===
2025-07-31 17:05:31,355 ERROR [io.api.reg.uti.tes.TestUtils] (main) Class: class io.apicurio.tests.serdes.apicurio.ProtobufSerdeIT
2025-07-31 17:05:31,355 ERROR [io.api.reg.uti.tes.TestUtils] (main) Test:  testSimpleTopicIdStrategyFindLatest
2025-07-31 17:05:31,355 ERROR [io.api.reg.uti.tes.TestUtils] (main) ID:    [engine:junit-jupiter]/[class:io.apicurio.tests.serdes.apicurio.ProtobufSerdeIT]/[method:testSimpleTopicIdStrategyFindLatest()]
2025-07-31 17:05:31,355 ERROR [io.api.reg.uti.tes.TestUtils] (main) Error: RuleViolationProblemDetails - null
2025-07-31 17:05:31,355 ERROR [io.api.reg.uti.tes.TestUtils] (main) Rule Violation Problem Details
2025-07-31 17:05:31,364 WARNING [org.jun.jup.eng.des.MethodBasedTestDescriptor] (main) Failed to invoke TestWatcher [io.apicurio.tests.ApicurioRegistryBaseIT$RegistryApiErrorWatcher] for method [io.apicurio.tests.serdes.apicurio.ProtobufSerdeIT#testSimpleTopicIdStrategyFindLatest()] with display name [testSimpleTopicIdStrategyFindLatest]: java.lang.StackOverflowError
	at io.apicurio.tests.ApicurioRegistryBaseIT$RegistryApiErrorWatcher.logProblemDetails(ApicurioRegistryBaseIT.java:154)
	at io.apicurio.tests.ApicurioRegistryBaseIT$RegistryApiErrorWatcher.logProblemDetails(ApicurioRegistryBaseIT.java:154)
	at io.apicurio.tests.ApicurioRegistryBaseIT$RegistryApiErrorWatcher.logProblemDetails(ApicurioRegistryBaseIT.java:154)
	at io.apicurio.tests.ApicurioRegistryBaseIT$RegistryApiErrorWatcher.logProblemDetails(ApicurioRegistryBaseIT.java:154)
	at io.apicurio.tests.ApicurioRegistryBaseIT$RegistryApiErrorWatcher.logProblemDetails(ApicurioRegistryBaseIT.java:154)
	at io.apicurio.tests.ApicurioRegistryBaseIT$RegistryApiErrorWatcher.logProblemDetails(ApicurioRegistryBaseIT.java:154)
	at io.apicurio.tests.ApicurioRegistryBaseIT$RegistryApiErrorWatcher.logProblemDetails(ApicurioRegistryBaseIT.java:154)
	at io.apicurio.tests.ApicurioRegistryBaseIT$RegistryApiErrorWatcher.logProblemDetails(ApicurioRegistryBaseIT.java:154)
	at io.apicurio.tests.ApicurioRegistryBaseIT$RegistryApiErrorWatcher.logProblemDetails(ApicurioRegistryBaseIT.java:154)
	at io.apicurio.tests.ApicurioRegistryBaseIT$RegistryApiErrorWatcher.logProblemDetails(ApicurioRegistryBaseIT.java:154)
	at io.apicurio.tests.ApicurioRegistryBaseIT$RegistryApiErrorWatcher.logProblemDetails(ApicurioRegistryBaseIT.java:154)
	at io.apicurio.tests.ApicurioRegistryBaseIT$RegistryApiErrorWatcher.logProblemDetails(ApicurioRegistryBaseIT.java:154)
	at io.apicurio.tests.ApicurioRegistryBaseIT$RegistryApiErrorWatcher.logProblemDetails(ApicurioRegistryBaseIT.java:154)
	at io.apicurio.tests.ApicurioRegistryBaseIT$RegistryApiErrorWatcher.logProblemDetails(ApicurioRegistryBaseIT.java:154)
	at io.apicurio.tests.ApicurioRegistryBaseIT$RegistryApiErrorWatcher.logProblemDetails(ApicurioRegistryBaseIT.java:154)
	at io.apicurio.tests.ApicurioRegistryBaseIT$RegistryApiErrorWatcher.logProblemDetails(ApicurioRegistryBaseIT.java:154)
	at io.apicurio.tests.ApicurioRegistryBaseIT$RegistryApiErrorWatcher.logProblemDetails(ApicurioRegistryBaseIT.java:154)
	at io.apicurio.tests.ApicurioRegistryBaseIT$RegistryApiErrorWatcher.logProblemDetails(ApicurioRegistryBaseIT.java:154)
	at io.apicurio.tests.ApicurioRegistryBaseIT$RegistryApiErrorWatcher.logProblemDetails(ApicurioRegistryBaseIT.java:154)
	at io.apicurio.tests.ApicurioRegistryBaseIT$RegistryApiErrorWatcher.logProblemDetails(ApicurioRegistryBaseIT.java:154)
	at io.apicurio.tests.ApicurioRegistryBaseIT$RegistryApiErrorWatcher.logProblemDetails(ApicurioRegistryBaseIT.java:154)
	at io.apicurio.tests.ApicurioRegistryBaseIT$RegistryApiErrorWatcher.logProblemDetails(ApicurioRegistryBaseIT.java:154)
	at io.apicurio.tests.ApicurioRegistryBaseIT$RegistryApiErrorWatcher.logProblemDetails(ApicurioRegistryBaseIT.java:154)
	at io.apicurio.tests.ApicurioRegistryBaseIT$RegistryApiErrorWatcher.logProblemDetails(ApicurioRegistryBaseIT.java:154)
	at io.apicurio.tests.ApicurioRegistryBaseIT$RegistryApiErrorWatcher.logProblemDetails(ApicurioRegistryBaseIT.java:154)
	at io.apicurio.tests.ApicurioRegistryBaseIT$RegistryApiErrorWatcher.logProblemDetails(ApicurioRegistryBaseIT.java:154)
	at io.apicurio.tests.ApicurioRegistryBaseIT$RegistryApiErrorWatcher.logProblemDetails(ApicurioRegistryBaseIT.java:154)
	at io.apicurio.tests.ApicurioRegistryBaseIT$RegistryApiErrorWatcher.logProblemDetails(ApicurioRegistryBaseIT.java:154)
	at io.apicurio.tests.ApicurioRegistryBaseIT$RegistryApiErrorWatcher.logProblemDetails(ApicurioRegistryBaseIT.java:154)
	at io.apicurio.tests.ApicurioRegistryBaseIT$RegistryApiErrorWatcher.logProblemDetails(ApicurioRegistryBaseIT.java:154)
	at io.apicurio.tests.ApicurioRegistryBaseIT$RegistryApiErrorWatcher.logProblemDetails(ApicurioRegistryBaseIT.java:154)
	at io.apicurio.tests.ApicurioRegistryBaseIT$RegistryApiErrorWatcher.logProblemDetails(ApicurioRegistryBaseIT.java:154)
	at io.apicurio.tests.ApicurioRegistryBaseIT$RegistryApiErrorWatcher.logProblemDetails(ApicurioRegistryBaseIT.java:154)
	at io.apicurio.tests.ApicurioRegistryBaseIT$RegistryApiErrorWatcher.logProblemDetails(ApicurioRegistryBaseIT.java:154)
	at io.apicurio.tests.ApicurioRegistryBaseIT$RegistryApiErrorWatcher.logProblemDetails(ApicurioRegistryBaseIT.java:154)
	at io.apicurio.tests.ApicurioRegistryBaseIT$RegistryApiErrorWatcher.logProblemDetails(ApicurioRegistryBaseIT.java:154)
	at io.apicurio.tests.ApicurioRegistryBaseIT$RegistryApiErrorWatcher.logProblemDetails(ApicurioRegistryBaseIT.java:154)
	at io.apicurio.tests.ApicurioRegistryBaseIT$RegistryApiErrorWatcher.logProblemDetails(ApicurioRegistryBaseIT.java:154)
	at io.apicurio.tests.ApicurioRegistryBaseIT$RegistryApiErrorWatcher.logProblemDetails(ApicurioRegistryBaseIT.java:154)
	at io.apicurio.tests.ApicurioRegistryBaseIT$RegistryApiErrorWatcher.logProblemDetails(ApicurioRegistryBaseIT.java:154)
	at io.apicurio.tests.ApicurioRegistryBaseIT$RegistryApiErrorWatcher.logProblemDetails(ApicurioRegistryBaseIT.java:154)
	at io.apicurio.tests.ApicurioRegistryBaseIT$RegistryApiErrorWatcher.logProblemDetails(ApicurioRegistryBaseIT.java:154)
	at io.apicurio.tests.ApicurioRegistryBaseIT$RegistryApiErrorWatcher.logProblemDetails(ApicurioRegistryBaseIT.java:154)
	at io.apicurio.tests.ApicurioRegistryBaseIT$RegistryApiErrorWatcher.logProblemDetails(ApicurioRegistryBaseIT.java:154)
	at io.apicurio.tests.ApicurioRegistryBaseIT$RegistryApiErrorWatcher.logProblemDetails(ApicurioRegistryBaseIT.java:154)
	at io.apicurio.tests.ApicurioRegistryBaseIT$RegistryApiErrorWatcher.logProblemDetails(ApicurioRegistryBaseIT.java:154)
	at io.apicurio.tests.ApicurioRegistryBaseIT$RegistryApiErrorWatcher.logProblemDetails(ApicurioRegistryBaseIT.java:154)
	at io.apicurio.tests.ApicurioRegistryBaseIT$RegistryApiErrorWatcher.logProblemDetails(ApicurioRegistryBaseIT.java:154)
	at io.apicurio.tests.ApicurioRegistryBaseIT$RegistryApiErrorWatcher.logProblemDetails(ApicurioRegistryBaseIT.java:154)
	at io.apicurio.tests.ApicurioRegistryBaseIT$RegistryApiErrorWatcher.logProblemDetails(ApicurioRegistryBaseIT.java:154)
	at io.apicurio.tests.ApicurioRegistryBaseIT$RegistryApiErrorWatcher.logProblemDetails(ApicurioRegistryBaseIT.java:154)
	at io.apicurio.tests.ApicurioRegistryBaseIT$RegistryApiErrorWatcher.logProblemDetails(ApicurioRegistryBaseIT.java:154)
	at io.apicurio.tests.ApicurioRegistryBaseIT$RegistryApiErrorWatcher.logProblemDetails(ApicurioRegistryBaseIT.java:154)
	at io.apicurio.tests.ApicurioRegistryBaseIT$RegistryApiErrorWatcher.logProblemDetails(ApicurioRegistryBaseIT.java:154)
	at io.apicurio.tests.ApicurioRegistryBaseIT$RegistryApiErrorWatcher.logProblemDetails(ApicurioRegistryBaseIT.java:154)
	at io.apicurio.tests.ApicurioRegistryBaseIT$RegistryApiErrorWatcher.logProblemDetails(ApicurioRegistryBaseIT.java:154)
	at io.apicurio.tests.ApicurioRegistryBaseIT$RegistryApiErrorWatcher.logProblemDetails(ApicurioRegistryBaseIT.java:154)
	at io.apicurio.tests.ApicurioRegistryBaseIT$RegistryApiErrorWatcher.logProblemDetails(ApicurioRegistryBaseIT.java:154)
	at io.apicurio.tests.ApicurioRegistryBaseIT$RegistryApiErrorWatcher.logProblemDetails(ApicurioRegistryBaseIT.java:154)
	at io.apicurio.tests.ApicurioRegistryBaseIT$RegistryApiErrorWatcher.logProblemDetails(ApicurioRegistryBaseIT.java:154)
	at io.apicurio.tests.ApicurioRegistryBaseIT$RegistryApiErrorWatcher.logProblemDetails(ApicurioRegistryBaseIT.java:154)
	at io.apicurio.tests.ApicurioRegistryBaseIT$RegistryApiErrorWatcher.logProblemDetails(ApicurioRegistryBaseIT.java:154)
	at io.apicurio.tests.ApicurioRegistryBaseIT$RegistryApiErrorWatcher.logProblemDetails(ApicurioRegistryBaseIT.java:154)
	at io.apicurio.tests.ApicurioRegistryBaseIT$RegistryApiErrorWatcher.logProblemDetails(ApicurioRegistryBaseIT.java:154)
	at io.apicurio.tests.ApicurioRegistryBaseIT$RegistryApiErrorWatcher.logProblemDetails(ApicurioRegistryBaseIT.java:154)
	at io.apicurio.tests.ApicurioRegistryBaseIT$RegistryApiErrorWatcher.logProblemDetails(ApicurioRegistryBaseIT.java:154)
	at io.apicurio.tests.ApicurioRegistryBaseIT$RegistryApiErrorWatcher.logProblemDetails(ApicurioRegistryBaseIT.java:154)
	at io.apicurio.tests.ApicurioRegistryBaseIT$RegistryApiErrorWatcher.logProblemDetails(ApicurioRegistryBaseIT.java:154)
	at io.apicurio.tests.ApicurioRegistryBaseIT$RegistryApiErrorWatcher.logProblemDetails(ApicurioRegistryBaseIT.java:154)
	at io.apicurio.tests.ApicurioRegistryBaseIT$RegistryApiErrorWatcher.logProblemDetails(ApicurioRegistryBaseIT.java:154)
	at io.apicurio.tests.ApicurioRegistryBaseIT$RegistryApiErrorWatcher.logProblemDetails(ApicurioRegistryBaseIT.java:154)
	at io.apicurio.tests.ApicurioRegistryBaseIT$RegistryApiErrorWatcher.logProblemDetails(ApicurioRegistryBaseIT.java:154)
	at io.apicurio.tests.ApicurioRegistryBaseIT$RegistryApiErrorWatcher.logProblemDetails(ApicurioRegistryBaseIT.java:154)
	at io.apicurio.tests.ApicurioRegistryBaseIT$RegistryApiErrorWatcher.logProblemDetails(ApicurioRegistryBaseIT.java:154)
	at io.apicurio.tests.ApicurioRegistryBaseIT$RegistryApiErrorWatcher.logProblemDetails(ApicurioRegistryBaseIT.java:154)
	at io.apicurio.tests.ApicurioRegistryBaseIT$RegistryApiErrorWatcher.logProblemDetails(ApicurioRegistryBaseIT.java:154)
	at io.apicurio.tests.ApicurioRegistryBaseIT$RegistryApiErrorWatcher.logProblemDetails(ApicurioRegistryBaseIT.java:154)
	at io.apicurio.tests.ApicurioRegistryBaseIT$RegistryApiErrorWatcher.logProblemDetails(ApicurioRegistryBaseIT.java:154)
	at io.apicurio.tests.ApicurioRegistryBaseIT$RegistryApiErrorWatcher.logProblemDetails(ApicurioRegistryBaseIT.java:154)
	at io.apicurio.tests.ApicurioRegistryBaseIT$RegistryApiErrorWatcher.logProblemDetails(ApicurioRegistryBaseIT.java:154)
	at io.apicurio.tests.ApicurioRegistryBaseIT$RegistryApiErrorWatcher.logProblemDetails(ApicurioRegistryBaseIT.java:154)
	at io.apicurio.tests.ApicurioRegistryBaseIT$RegistryApiErrorWatcher.logProblemDetails(ApicurioRegistryBaseIT.java:154)
	at io.apicurio.tests.ApicurioRegistryBaseIT$RegistryApiErrorWatcher.logProblemDetails(ApicurioRegistryBaseIT.java:154)
	at io.apicurio.tests.ApicurioRegistryBaseIT$RegistryApiErrorWatcher.logProblemDetails(ApicurioRegistryBaseIT.java:154)
	at io.apicurio.tests.ApicurioRegistryBaseIT$RegistryApiErrorWatcher.logProblemDetails(ApicurioRegistryBaseIT.java:154)
	at io.apicurio.tests.ApicurioRegistryBaseIT$RegistryApiErrorWatcher.logProblemDetails(ApicurioRegistryBaseIT.java:154)
	at io.apicurio.tests.ApicurioRegistryBaseIT$RegistryApiErrorWatcher.logProblemDetails(ApicurioRegistryBaseIT.java:154)
	at io.apicurio.tests.ApicurioRegistryBaseIT$RegistryApiErrorWatcher.logProblemDetails(ApicurioRegistryBaseIT.java:154)
	at io.apicurio.tests.ApicurioRegistryBaseIT$RegistryApiErrorWatcher.logProblemDetails(ApicurioRegistryBaseIT.java:154)
	at io.apicurio.tests.ApicurioRegistryBaseIT$RegistryApiErrorWatcher.logProblemDetails(ApicurioRegistryBaseIT.java:154)
	at io.apicurio.tests.ApicurioRegistryBaseIT$RegistryApiErrorWatcher.logProblemDetails(ApicurioRegistryBaseIT.java:154)
	at io.apicurio.tests.ApicurioRegistryBaseIT$RegistryApiErrorWatcher.logProblemDetails(ApicurioRegistryBaseIT.java:154)
	at io.apicurio.tests.ApicurioRegistryBaseIT$RegistryApiErrorWatcher.logProblemDetails(ApicurioRegistryBaseIT.java:154)
	at io.apicurio.tests.ApicurioRegistryBaseIT$RegistryApiErrorWatcher.logProblemDetails(ApicurioRegistryBaseIT.java:154)
	at io.apicurio.tests.ApicurioRegistryBaseIT$RegistryApiErrorWatcher.logProblemDetails(ApicurioRegistryBaseIT.java:154)
	at io.apicurio.tests.ApicurioRegistryBaseIT$RegistryApiErrorWatcher.logProblemDetails(ApicurioRegistryBaseIT.java:154)
	at io.apicurio.tests.ApicurioRegistryBaseIT$RegistryApiErrorWatcher.logProblemDetails(ApicurioRegistryBaseIT.java:154)
	at io.apicurio.tests.ApicurioRegistryBaseIT$RegistryApiErrorWatcher.logProblemDetails(ApicurioRegistryBaseIT.java:154)
	at io.apicurio.tests.ApicurioRegistryBaseIT$RegistryApiErrorWatcher.logProblemDetails(ApicurioRegistryBaseIT.java:154)
	at io.apicurio.tests.ApicurioRegistryBaseIT$RegistryApiErrorWatcher.logProblemDetails(ApicurioRegistryBaseIT.java:154)
	at io.apicurio.tests.ApicurioRegistryBaseIT$RegistryApiErrorWatcher.logProblemDetails(ApicurioRegistryBaseIT.java:154)
	at io.apicurio.tests.ApicurioRegistryBaseIT$RegistryApiErrorWatcher.logProblemDetails(ApicurioRegistryBaseIT.java:154)
	at io.apicurio.tests.ApicurioRegistryBaseIT$RegistryApiErrorWatcher.logProblemDetails(ApicurioRegistryBaseIT.java:154)
	at io.apicurio.tests.ApicurioRegistryBaseIT$RegistryApiErrorWatcher.logProblemDetails(ApicurioRegistryBaseIT.java:154)
	at io.apicurio.tests.ApicurioRegistryBaseIT$RegistryApiErrorWatcher.logProblemDetails(ApicurioRegistryBaseIT.java:154)
	at io.apicurio.tests.ApicurioRegistryBaseIT$RegistryApiErrorWatcher.logProblemDetails(ApicurioRegistryBaseIT.java:154)
	at io.apicurio.tests.ApicurioRegistryBaseIT$RegistryApiErrorWatcher.logProblemDetails(ApicurioRegistryBaseIT.java:154)
	at io.apicurio.tests.ApicurioRegistryBaseIT$RegistryApiErrorWatcher.logProblemDetails(ApicurioRegistryBaseIT.java:154)
	at io.apicurio.tests.ApicurioRegistryBaseIT$RegistryApiErrorWatcher.logProblemDetails(ApicurioRegistryBaseIT.java:154)
	at io.apicurio.tests.ApicurioRegistryBaseIT$RegistryApiErrorWatcher.logProblemDetails(ApicurioRegistryBaseIT.java:154)
	at io.apicurio.tests.ApicurioRegistryBaseIT$RegistryApiErrorWatcher.logProblemDetails(ApicurioRegistryBaseIT.java:154)
	at io.apicurio.tests.ApicurioRegistryBaseIT$RegistryApiErrorWatcher.logProblemDetails(ApicurioRegistryBaseIT.java:154)
	at io.apicurio.tests.ApicurioRegistryBaseIT$RegistryApiErrorWatcher.logProblemDetails(ApicurioRegistryBaseIT.java:154)
	at io.apicurio.tests.ApicurioRegistryBaseIT$RegistryApiErrorWatcher.logProblemDetails(ApicurioRegistryBaseIT.java:154)
	at io.apicurio.tests.ApicurioRegistryBaseIT$RegistryApiErrorWatcher.logProblemDetails(ApicurioRegistryBaseIT.java:154)
	at io.apicurio.tests.ApicurioRegistryBaseIT$RegistryApiErrorWatcher.logProblemDetails(ApicurioRegistryBaseIT.java:154)
	at io.apicurio.tests.ApicurioRegistryBaseIT$RegistryApiErrorWatcher.logProblemDetails(ApicurioRegistryBaseIT.java:154)
	at io.apicurio.tests.ApicurioRegistryBaseIT$RegistryApiErrorWatcher.logProblemDetails(ApicurioRegistryBaseIT.java:154)
	at io.apicurio.tests.ApicurioRegistryBaseIT$RegistryApiErrorWatcher.logProblemDetails(ApicurioRegistryBaseIT.java:154)
	at io.apicurio.tests.ApicurioRegistryBaseIT$RegistryApiErrorWatcher.logProblemDetails(ApicurioRegistryBaseIT.java:154)
	at io.apicurio.tests.ApicurioRegistryBaseIT$RegistryApiErrorWatcher.logProblemDetails(ApicurioRegistryBaseIT.java:154)
	at io.apicurio.tests.ApicurioRegistryBaseIT$RegistryApiErrorWatcher.logProblemDetails(ApicurioRegistryBaseIT.java:154)
	at io.apicurio.tests.ApicurioRegistryBaseIT$RegistryApiErrorWatcher.logProblemDetails(ApicurioRegistryBaseIT.java:154)
	at io.apicurio.tests.ApicurioRegistryBaseIT$RegistryApiErrorWatcher.logProblemDetails(ApicurioRegistryBaseIT.java:154)
	at io.apicurio.tests.ApicurioRegistryBaseIT$RegistryApiErrorWatcher.logProblemDetails(ApicurioRegistryBaseIT.java:154)
	at io.apicurio.tests.ApicurioRegistryBaseIT$RegistryApiErrorWatcher.logProblemDetails(ApicurioRegistryBaseIT.java:154)
	at io.apicurio.tests.ApicurioRegistryBaseIT$RegistryApiErrorWatcher.logProblemDetails(ApicurioRegistryBaseIT.java:154)
	at io.apicurio.tests.ApicurioRegistryBaseIT$RegistryApiErrorWatcher.logProblemDetails(ApicurioRegistryBaseIT.java:154)
	at io.apicurio.tests.ApicurioRegistryBaseIT$RegistryApiErrorWatcher.logProblemDetails(ApicurioRegistryBaseIT.java:154)
	at io.apicurio.tests.ApicurioRegistryBaseIT$RegistryApiErrorWatcher.logProblemDetails(ApicurioRegistryBaseIT.java:154)
	at io.apicurio.tests.ApicurioRegistryBaseIT$RegistryApiErrorWatcher.logProblemDetails(ApicurioRegistryBaseIT.java:154)
	at io.apicurio.tests.ApicurioRegistryBaseIT$RegistryApiErrorWatcher.logProblemDetails(ApicurioRegistryBaseIT.java:154)
	at io.apicurio.tests.ApicurioRegistryBaseIT$RegistryApiErrorWatcher.logProblemDetails(ApicurioRegistryBaseIT.java:154)
	at io.apicurio.tests.ApicurioRegistryBaseIT$RegistryApiErrorWatcher.logProblemDetails(ApicurioRegistryBaseIT.java:154)
	at io.apicurio.tests.ApicurioRegistryBaseIT$RegistryApiErrorWatcher.logProblemDetails(ApicurioRegistryBaseIT.java:154)
	at io.apicurio.tests.ApicurioRegistryBaseIT$RegistryApiErrorWatcher.logProblemDetails(ApicurioRegistryBaseIT.java:154)
	at io.apicurio.tests.ApicurioRegistryBaseIT$RegistryApiErrorWatcher.logProblemDetails(ApicurioRegistryBaseIT.java:154)
	at io.apicurio.tests.ApicurioRegistryBaseIT$RegistryApiErrorWatcher.logProblemDetails(ApicurioRegistryBaseIT.java:154)
	at io.apicurio.tests.ApicurioRegistryBaseIT$RegistryApiErrorWatcher.logProblemDetails(ApicurioRegistryBaseIT.java:154)
	at io.apicurio.tests.ApicurioRegistryBaseIT$RegistryApiErrorWatcher.logProblemDetails(ApicurioRegistryBaseIT.java:154)
	at io.apicurio.tests.ApicurioRegistryBaseIT$RegistryApiErrorWatcher.logProblemDetails(ApicurioRegistryBaseIT.java:154)
	at io.apicurio.tests.ApicurioRegistryBaseIT$RegistryApiErrorWatcher.logProblemDetails(ApicurioRegistryBaseIT.java:154)
	at io.apicurio.tests.ApicurioRegistryBaseIT$RegistryApiErrorWatcher.logProblemDetails(ApicurioRegistryBaseIT.java:154)
	at io.apicurio.tests.ApicurioRegistryBaseIT$RegistryApiErrorWatcher.logProblemDetails(ApicurioRegistryBaseIT.java:154)
	at io.apicurio.tests.ApicurioRegistryBaseIT$RegistryApiErrorWatcher.logProblemDetails(ApicurioRegistryBaseIT.java:154)
	at io.apicurio.tests.ApicurioRegistryBaseIT$RegistryApiErrorWatcher.logProblemDetails(ApicurioRegistryBaseIT.java:154)
	at io.apicurio.tests.ApicurioRegistryBaseIT$RegistryApiErrorWatcher.logProblemDetails(ApicurioRegistryBaseIT.java:154)
	at io.apicurio.tests.ApicurioRegistryBaseIT$RegistryApiErrorWatcher.logProblemDetails(ApicurioRegistryBaseIT.java:154)
	at io.apicurio.tests.ApicurioRegistryBaseIT$RegistryApiErrorWatcher.logProblemDetails(ApicurioRegistryBaseIT.java:154)
	at io.apicurio.tests.ApicurioRegistryBaseIT$RegistryApiErrorWatcher.logProblemDetails(ApicurioRegistryBaseIT.java:154)
	at io.apicurio.tests.ApicurioRegistryBaseIT$RegistryApiErrorWatcher.logProblemDetails(ApicurioRegistryBaseIT.java:154)
	at io.apicurio.tests.ApicurioRegistryBaseIT$RegistryApiErrorWatcher.logProblemDetails(ApicurioRegistryBaseIT.java:154)
	at io.apicurio.tests.ApicurioRegistryBaseIT$RegistryApiErrorWatcher.logProblemDetails(ApicurioRegistryBaseIT.java:154)
	at io.apicurio.tests.ApicurioRegistryBaseIT$RegistryApiErrorWatcher.logProblemDetails(ApicurioRegistryBaseIT.java:154)
	at io.apicurio.tests.ApicurioRegistryBaseIT$RegistryApiErrorWatcher.logProblemDetails(ApicurioRegistryBaseIT.java:154)
	at io.apicurio.tests.ApicurioRegistryBaseIT$RegistryApiErrorWatcher.logProblemDetails(ApicurioRegistryBaseIT.java:154)
	at io.apicurio.tests.ApicurioRegistryBaseIT$RegistryApiErrorWatcher.logProblemDetails(ApicurioRegistryBaseIT.java:154)
	at io.apicurio.tests.ApicurioRegistryBaseIT$RegistryApiErrorWatcher.logProblemDetails(ApicurioRegistryBaseIT.java:154)
	at io.apicurio.tests.ApicurioRegistryBaseIT$RegistryApiErrorWatcher.logProblemDetails(ApicurioRegistryBaseIT.java:154)
	at io.apicurio.tests.ApicurioRegistryBaseIT$RegistryApiErrorWatcher.logProblemDetails(ApicurioRegistryBaseIT.java:154)
	at io.apicurio.tests.ApicurioRegistryBaseIT$RegistryApiErrorWatcher.logProblemDetails(ApicurioRegistryBaseIT.java:154)
	at io.apicurio.tests.ApicurioRegistryBaseIT$RegistryApiErrorWatcher.logProblemDetails(ApicurioRegistryBaseIT.java:154)
	at io.apicurio.tests.ApicurioRegistryBaseIT$RegistryApiErrorWatcher.logProblemDetails(ApicurioRegistryBaseIT.java:154)
	at io.apicurio.tests.ApicurioRegistryBaseIT$RegistryApiErrorWatcher.logProblemDetails(ApicurioRegistryBaseIT.java:154)
	at io.apicurio.tests.ApicurioRegistryBaseIT$RegistryApiErrorWatcher.logProblemDetails(ApicurioRegistryBaseIT.java:154)
	at io.apicurio.tests.ApicurioRegistryBaseIT$RegistryApiErrorWatcher.logProblemDetails(ApicurioRegistryBaseIT.java:154)
	at io.apicurio.tests.ApicurioRegistryBaseIT$RegistryApiErrorWatcher.logProblemDetails(ApicurioRegistryBaseIT.java:154)
	at io.apicurio.tests.ApicurioRegistryBaseIT$RegistryApiErrorWatcher.logProblemDetails(ApicurioRegistryBaseIT.java:154)
	at io.apicurio.tests.ApicurioRegistryBaseIT$RegistryApiErrorWatcher.logProblemDetails(ApicurioRegistryBaseIT.java:154)
	at io.apicurio.tests.ApicurioRegistryBaseIT$RegistryApiErrorWatcher.logProblemDetails(ApicurioRegistryBaseIT.java:154)
	at io.apicurio.tests.ApicurioRegistryBaseIT$RegistryApiErrorWatcher.logProblemDetails(ApicurioRegistryBaseIT.java:154)
	at io.apicurio.tests.ApicurioRegistryBaseIT$RegistryApiErrorWatcher.logProblemDetails(ApicurioRegistryBaseIT.java:154)
	at io.apicurio.tests.ApicurioRegistryBaseIT$RegistryApiErrorWatcher.logProblemDetails(ApicurioRegistryBaseIT.java:154)
	at io.apicurio.tests.ApicurioRegistryBaseIT$RegistryApiErrorWatcher.logProblemDetails(ApicurioRegistryBaseIT.java:154)
	at io.apicurio.tests.ApicurioRegistryBaseIT$RegistryApiErrorWatcher.logProblemDetails(ApicurioRegistryBaseIT.java:154)
	at io.apicurio.tests.ApicurioRegistryBaseIT$RegistryApiErrorWatcher.logProblemDetails(ApicurioRegistryBaseIT.java:154)
	at io.apicurio.tests.ApicurioRegistryBaseIT$RegistryApiErrorWatcher.logProblemDetails(ApicurioRegistryBaseIT.java:154)
	at io.apicurio.tests.ApicurioRegistryBaseIT$RegistryApiErrorWatcher.logProblemDetails(ApicurioRegistryBaseIT.java:154)
	at io.apicurio.tests.ApicurioRegistryBaseIT$RegistryApiErrorWatcher.logProblemDetails(ApicurioRegistryBaseIT.java:154)
	at io.apicurio.tests.ApicurioRegistryBaseIT$RegistryApiErrorWatcher.logProblemDetails(ApicurioRegistryBaseIT.java:154)
	at io.apicurio.tests.ApicurioRegistryBaseIT$RegistryApiErrorWatcher.logProblemDetails(ApicurioRegistryBaseIT.java:154)
	at io.apicurio.tests.ApicurioRegistryBaseIT$RegistryApiErrorWatcher.logProblemDetails(ApicurioRegistryBaseIT.java:154)
	at io.apicurio.tests.ApicurioRegistryBaseIT$RegistryApiErrorWatcher.logProblemDetails(ApicurioRegistryBaseIT.java:154)
	at io.apicurio.tests.ApicurioRegistryBaseIT$RegistryApiErrorWatcher.logProblemDetails(ApicurioRegistryBaseIT.java:154)
	at io.apicurio.tests.ApicurioRegistryBaseIT$RegistryApiErrorWatcher.logProblemDetails(ApicurioRegistryBaseIT.java:154)
	at io.apicurio.tests.ApicurioRegistryBaseIT$RegistryApiErrorWatcher.logProblemDetails(ApicurioRegistryBaseIT.java:154)
	at io.apicurio.tests.ApicurioRegistryBaseIT$RegistryApiErrorWatcher.logProblemDetails(ApicurioRegistryBaseIT.java:154)
	at io.apicurio.tests.ApicurioRegistryBaseIT$RegistryApiErrorWatcher.logProblemDetails(ApicurioRegistryBaseIT.java:154)
	at io.apicurio.tests.ApicurioRegistryBaseIT$RegistryApiErrorWatcher.logProblemDetails(ApicurioRegistryBaseIT.java:154)
	at io.apicurio.tests.ApicurioRegistryBaseIT$RegistryApiErrorWatcher.logProblemDetails(ApicurioRegistryBaseIT.java:154)
	at io.apicurio.tests.ApicurioRegistryBaseIT$RegistryApiErrorWatcher.logProblemDetails(ApicurioRegistryBaseIT.java:154)
	at io.apicurio.tests.ApicurioRegistryBaseIT$RegistryApiErrorWatcher.logProblemDetails(ApicurioRegistryBaseIT.java:154)
	at io.apicurio.tests.ApicurioRegistryBaseIT$RegistryApiErrorWatcher.logProblemDetails(ApicurioRegistryBaseIT.java:154)
	at io.apicurio.tests.ApicurioRegistryBaseIT$RegistryApiErrorWatcher.logProblemDetails(ApicurioRegistryBaseIT.java:154)
	at io.apicurio.tests.ApicurioRegistryBaseIT$RegistryApiErrorWatcher.logProblemDetails(ApicurioRegistryBaseIT.java:154)
	at io.apicurio.tests.ApicurioRegistryBaseIT$RegistryApiErrorWatcher.logProblemDetails(ApicurioRegistryBaseIT.java:154)
	at io.apicurio.tests.ApicurioRegistryBaseIT$RegistryApiErrorWatcher.logProblemDetails(ApicurioRegistryBaseIT.java:154)
	at io.apicurio.tests.ApicurioRegistryBaseIT$RegistryApiErrorWatcher.logProblemDetails(ApicurioRegistryBaseIT.java:154)
	at io.apicurio.tests.ApicurioRegistryBaseIT$RegistryApiErrorWatcher.logProblemDetails(ApicurioRegistryBaseIT.java:154)
	at io.apicurio.tests.ApicurioRegistryBaseIT$RegistryApiErrorWatcher.logProblemDetails(ApicurioRegistryBaseIT.java:154)
	at io.apicurio.tests.ApicurioRegistryBaseIT$RegistryApiErrorWatcher.logProblemDetails(ApicurioRegistryBaseIT.java:154)
	at io.apicurio.tests.ApicurioRegistryBaseIT$RegistryApiErrorWatcher.logProblemDetails(ApicurioRegistryBaseIT.java:154)
	at io.apicurio.tests.ApicurioRegistryBaseIT$RegistryApiErrorWatcher.logProblemDetails(ApicurioRegistryBaseIT.java:154)
	at io.apicurio.tests.ApicurioRegistryBaseIT$RegistryApiErrorWatcher.logProblemDetails(ApicurioRegistryBaseIT.java:154)
	at io.apicurio.tests.ApicurioRegistryBaseIT$RegistryApiErrorWatcher.logProblemDetails(ApicurioRegistryBaseIT.java:154)
	at io.apicurio.tests.ApicurioRegistryBaseIT$RegistryApiErrorWatcher.logProblemDetails(ApicurioRegistryBaseIT.java:154)
	at io.apicurio.tests.ApicurioRegistryBaseIT$RegistryApiErrorWatcher.logProblemDetails(ApicurioRegistryBaseIT.java:154)
	at io.apicurio.tests.ApicurioRegistryBaseIT$RegistryApiErrorWatcher.logProblemDetails(ApicurioRegistryBaseIT.java:154)
	at io.apicurio.tests.ApicurioRegistryBaseIT$RegistryApiErrorWatcher.logProblemDetails(ApicurioRegistryBaseIT.java:154)
	at io.apicurio.tests.ApicurioRegistryBaseIT$RegistryApiErrorWatcher.logProblemDetails(ApicurioRegistryBaseIT.java:154)
	at io.apicurio.tests.ApicurioRegistryBaseIT$RegistryApiErrorWatcher.logProblemDetails(ApicurioRegistryBaseIT.java:154)
	at io.apicurio.tests.ApicurioRegistryBaseIT$RegistryApiErrorWatcher.logProblemDetails(ApicurioRegistryBaseIT.java:154)
	at io.apicurio.tests.ApicurioRegistryBaseIT$RegistryApiErrorWatcher.logProblemDetails(ApicurioRegistryBaseIT.java:154)
	at io.apicurio.tests.ApicurioRegistryBaseIT$RegistryApiErrorWatcher.logProblemDetails(ApicurioRegistryBaseIT.java:154)
	at io.apicurio.tests.ApicurioRegistryBaseIT$RegistryApiErrorWatcher.logProblemDetails(ApicurioRegistryBaseIT.java:154)
	at io.apicurio.tests.ApicurioRegistryBaseIT$RegistryApiErrorWatcher.logProblemDetails(ApicurioRegistryBaseIT.java:154)
	at io.apicurio.tests.ApicurioRegistryBaseIT$RegistryApiErrorWatcher.logProblemDetails(ApicurioRegistryBaseIT.java:154)
	at io.apicurio.tests.ApicurioRegistryBaseIT$RegistryApiErrorWatcher.logProblemDetails(ApicurioRegistryBaseIT.java:154)
	at io.apicurio.tests.ApicurioRegistryBaseIT$RegistryApiErrorWatcher.logProblemDetails(ApicurioRegistryBaseIT.java:154)
	at io.apicurio.tests.ApicurioRegistryBaseIT$RegistryApiErrorWatcher.logProblemDetails(ApicurioRegistryBaseIT.java:154)
	at io.apicurio.tests.ApicurioRegistryBaseIT$RegistryApiErrorWatcher.logProblemDetails(ApicurioRegistryBaseIT.java:154)
	at io.apicurio.tests.ApicurioRegistryBaseIT$RegistryApiErrorWatcher.logProblemDetails(ApicurioRegistryBaseIT.java:154)
	at io.apicurio.tests.ApicurioRegistryBaseIT$RegistryApiErrorWatcher.logProblemDetails(ApicurioRegistryBaseIT.java:154)
	at io.apicurio.tests.ApicurioRegistryBaseIT$RegistryApiErrorWatcher.logProblemDetails(ApicurioRegistryBaseIT.java:154)
	at io.apicurio.tests.ApicurioRegistryBaseIT$RegistryApiErrorWatcher.logProblemDetails(ApicurioRegistryBaseIT.java:154)
	at io.apicurio.tests.ApicurioRegistryBaseIT$RegistryApiErrorWatcher.logProblemDetails(ApicurioRegistryBaseIT.java:154)
	at io.apicurio.tests.ApicurioRegistryBaseIT$RegistryApiErrorWatcher.logProblemDetails(ApicurioRegistryBaseIT.java:154)
	at io.apicurio.tests.ApicurioRegistryBaseIT$RegistryApiErrorWatcher.logProblemDetails(ApicurioRegistryBaseIT.java:154)
	at io.apicurio.tests.ApicurioRegistryBaseIT$RegistryApiErrorWatcher.logProblemDetails(ApicurioRegistryBaseIT.java:154)
	at io.apicurio.tests.ApicurioRegistryBaseIT$RegistryApiErrorWatcher.logProblemDetails(ApicurioRegistryBaseIT.java:154)
	at io.apicurio.tests.ApicurioRegistryBaseIT$RegistryApiErrorWatcher.logProblemDetails(ApicurioRegistryBaseIT.java:154)
	at io.apicurio.tests.ApicurioRegistryBaseIT$RegistryApiErrorWatcher.logProblemDetails(ApicurioRegistryBaseIT.java:154)
	at io.apicurio.tests.ApicurioRegistryBaseIT$RegistryApiErrorWatcher.logProblemDetails(ApicurioRegistryBaseIT.java:154)
	at io.apicurio.tests.ApicurioRegistryBaseIT$RegistryApiErrorWatcher.logProblemDetails(ApicurioRegistryBaseIT.java:154)
	at io.apicurio.tests.ApicurioRegistryBaseIT$RegistryApiErrorWatcher.logProblemDetails(ApicurioRegistryBaseIT.java:154)
	at io.apicurio.tests.ApicurioRegistryBaseIT$RegistryApiErrorWatcher.logProblemDetails(ApicurioRegistryBaseIT.java:154)
	at io.apicurio.tests.ApicurioRegistryBaseIT$RegistryApiErrorWatcher.logProblemDetails(ApicurioRegistryBaseIT.java:154)
	at io.apicurio.tests.ApicurioRegistryBaseIT$RegistryApiErrorWatcher.logProblemDetails(ApicurioRegistryBaseIT.java:154)
	at io.apicurio.tests.ApicurioRegistryBaseIT$RegistryApiErrorWatcher.logProblemDetails(ApicurioRegistryBaseIT.java:154)
	at io.apicurio.tests.ApicurioRegistryBaseIT$RegistryApiErrorWatcher.logProblemDetails(ApicurioRegistryBaseIT.java:154)
	at io.apicurio.tests.ApicurioRegistryBaseIT$RegistryApiErrorWatcher.logProblemDetails(ApicurioRegistryBaseIT.java:154)
	at io.apicurio.tests.ApicurioRegistryBaseIT$RegistryApiErrorWatcher.logProblemDetails(ApicurioRegistryBaseIT.java:154)
	at io.apicurio.tests.ApicurioRegistryBaseIT$RegistryApiErrorWatcher.logProblemDetails(ApicurioRegistryBaseIT.java:154)
	at io.apicurio.tests.ApicurioRegistryBaseIT$RegistryApiErrorWatcher.logProblemDetails(ApicurioRegistryBaseIT.java:154)
	at io.apicurio.tests.ApicurioRegistryBaseIT$RegistryApiErrorWatcher.logProblemDetails(ApicurioRegistryBaseIT.java:154)
	at io.apicurio.tests.ApicurioRegistryBaseIT$RegistryApiErrorWatcher.logProblemDetails(ApicurioRegistryBaseIT.java:154)
	at io.apicurio.tests.ApicurioRegistryBaseIT$RegistryApiErrorWatcher.logProblemDetails(ApicurioRegistryBaseIT.java:154)
	at io.apicurio.tests.ApicurioRegistryBaseIT$RegistryApiErrorWatcher.logProblemDetails(ApicurioRegistryBaseIT.java:154)
	at io.apicurio.tests.ApicurioRegistryBaseIT$RegistryApiErrorWatcher.logProblemDetails(ApicurioRegistryBaseIT.java:154)
	at io.apicurio.tests.ApicurioRegistryBaseIT$RegistryApiErrorWatcher.logProblemDetails(ApicurioRegistryBaseIT.java:154)
	at io.apicurio.tests.ApicurioRegistryBaseIT$RegistryApiErrorWatcher.logProblemDetails(ApicurioRegistryBaseIT.java:154)
	at io.apicurio.tests.ApicurioRegistryBaseIT$RegistryApiErrorWatcher.logProblemDetails(ApicurioRegistryBaseIT.java:154)
	at io.apicurio.tests.ApicurioRegistryBaseIT$RegistryApiErrorWatcher.logProblemDetails(ApicurioRegistryBaseIT.java:154)
	at io.apicurio.tests.ApicurioRegistryBaseIT$RegistryApiErrorWatcher.logProblemDetails(ApicurioRegistryBaseIT.java:154)
	at io.apicurio.tests.ApicurioRegistryBaseIT$RegistryApiErrorWatcher.logProblemDetails(ApicurioRegistryBaseIT.java:154)
	at io.apicurio.tests.ApicurioRegistryBaseIT$RegistryApiErrorWatcher.logProblemDetails(ApicurioRegistryBaseIT.java:154)
	at io.apicurio.tests.ApicurioRegistryBaseIT$RegistryApiErrorWatcher.logProblemDetails(ApicurioRegistryBaseIT.java:154)
	at io.apicurio.tests.ApicurioRegistryBaseIT$RegistryApiErrorWatcher.logProblemDetails(ApicurioRegistryBaseIT.java:154)
	at io.apicurio.tests.ApicurioRegistryBaseIT$RegistryApiErrorWatcher.logProblemDetails(ApicurioRegistryBaseIT.java:154)
	at io.apicurio.tests.ApicurioRegistryBaseIT$RegistryApiErrorWatcher.logProblemDetails(ApicurioRegistryBaseIT.java:154)
	at io.apicurio.tests.ApicurioRegistryBaseIT$RegistryApiErrorWatcher.logProblemDetails(ApicurioRegistryBaseIT.java:154)
	at io.apicurio.tests.ApicurioRegistryBaseIT$RegistryApiErrorWatcher.logProblemDetails(ApicurioRegistryBaseIT.java:154)
	at io.apicurio.tests.ApicurioRegistryBaseIT$RegistryApiErrorWatcher.logProblemDetails(ApicurioRegistryBaseIT.java:154)
	at io.apicurio.tests.ApicurioRegistryBaseIT$RegistryApiErrorWatcher.logProblemDetails(ApicurioRegistryBaseIT.java:154)
	at io.apicurio.tests.ApicurioRegistryBaseIT$RegistryApiErrorWatcher.logProblemDetails(ApicurioRegistryBaseIT.java:154)
	at io.apicurio.tests.ApicurioRegistryBaseIT$RegistryApiErrorWatcher.logProblemDetails(ApicurioRegistryBaseIT.java:154)
	at io.apicurio.tests.ApicurioRegistryBaseIT$RegistryApiErrorWatcher.logProblemDetails(ApicurioRegistryBaseIT.java:154)
	at io.apicurio.tests.ApicurioRegistryBaseIT$RegistryApiErrorWatcher.logProblemDetails(ApicurioRegistryBaseIT.java:154)
	at io.apicurio.tests.ApicurioRegistryBaseIT$RegistryApiErrorWatcher.logProblemDetails(ApicurioRegistryBaseIT.java:154)
	at io.apicurio.tests.ApicurioRegistryBaseIT$RegistryApiErrorWatcher.logProblemDetails(ApicurioRegistryBaseIT.java:154)
	at io.apicurio.tests.ApicurioRegistryBaseIT$RegistryApiErrorWatcher.logProblemDetails(ApicurioRegistryBaseIT.java:154)
	at io.apicurio.tests.ApicurioRegistryBaseIT$RegistryApiErrorWatcher.logProblemDetails(ApicurioRegistryBaseIT.java:154)
	at io.apicurio.tests.ApicurioRegistryBaseIT$RegistryApiErrorWatcher.logProblemDetails(ApicurioRegistryBaseIT.java:154)
	at io.apicurio.tests.ApicurioRegistryBaseIT$RegistryApiErrorWatcher.logProblemDetails(ApicurioRegistryBaseIT.java:154)
	at io.apicurio.tests.ApicurioRegistryBaseIT$RegistryApiErrorWatcher.logProblemDetails(ApicurioRegistryBaseIT.java:154)
	at io.apicurio.tests.ApicurioRegistryBaseIT$RegistryApiErrorWatcher.logProblemDetails(ApicurioRegistryBaseIT.java:154)
	at io.apicurio.tests.ApicurioRegistryBaseIT$RegistryApiErrorWatcher.logProblemDetails(ApicurioRegistryBaseIT.java:154)
	at io.apicurio.tests.ApicurioRegistryBaseIT$RegistryApiErrorWatcher.logProblemDetails(ApicurioRegistryBaseIT.java:154)
	at io.apicurio.tests.ApicurioRegistryBaseIT$RegistryApiErrorWatcher.logProblemDetails(ApicurioRegistryBaseIT.java:154)
	at io.apicurio.tests.ApicurioRegistryBaseIT$RegistryApiErrorWatcher.logProblemDetails(ApicurioRegistryBaseIT.java:154)
	at io.apicurio.tests.ApicurioRegistryBaseIT$RegistryApiErrorWatcher.logProblemDetails(ApicurioRegistryBaseIT.java:154)
	at io.apicurio.tests.ApicurioRegistryBaseIT$RegistryApiErrorWatcher.logProblemDetails(ApicurioRegistryBaseIT.java:154)
	at io.apicurio.tests.ApicurioRegistryBaseIT$RegistryApiErrorWatcher.logProblemDetails(ApicurioRegistryBaseIT.java:154)
	at io.apicurio.tests.ApicurioRegistryBaseIT$RegistryApiErrorWatcher.logProblemDetails(ApicurioRegistryBaseIT.java:154)
	at io.apicurio.tests.ApicurioRegistryBaseIT$RegistryApiErrorWatcher.logProblemDetails(ApicurioRegistryBaseIT.java:154)
	at io.apicurio.tests.ApicurioRegistryBaseIT$RegistryApiErrorWatcher.logProblemDetails(ApicurioRegistryBaseIT.java:154)
	at io.apicurio.tests.ApicurioRegistryBaseIT$RegistryApiErrorWatcher.logProblemDetails(ApicurioRegistryBaseIT.java:154)
	at io.apicurio.tests.ApicurioRegistryBaseIT$RegistryApiErrorWatcher.logProblemDetails(ApicurioRegistryBaseIT.java:154)
	at io.apicurio.tests.ApicurioRegistryBaseIT$RegistryApiErrorWatcher.logProblemDetails(ApicurioRegistryBaseIT.java:154)
	at io.apicurio.tests.ApicurioRegistryBaseIT$RegistryApiErrorWatcher.logProblemDetails(ApicurioRegistryBaseIT.java:154)
	at io.apicurio.tests.ApicurioRegistryBaseIT$RegistryApiErrorWatcher.logProblemDetails(ApicurioRegistryBaseIT.java:154)
	at io.apicurio.tests.ApicurioRegistryBaseIT$RegistryApiErrorWatcher.logProblemDetails(ApicurioRegistryBaseIT.java:154)
	at io.apicurio.tests.ApicurioRegistryBaseIT$RegistryApiErrorWatcher.logProblemDetails(ApicurioRegistryBaseIT.java:154)
	at io.apicurio.tests.ApicurioRegistryBaseIT$RegistryApiErrorWatcher.logProblemDetails(ApicurioRegistryBaseIT.java:154)
	at io.apicurio.tests.ApicurioRegistryBaseIT$RegistryApiErrorWatcher.logProblemDetails(ApicurioRegistryBaseIT.java:154)
	at io.apicurio.tests.ApicurioRegistryBaseIT$RegistryApiErrorWatcher.logProblemDetails(ApicurioRegistryBaseIT.java:154)
	at io.apicurio.tests.ApicurioRegistryBaseIT$RegistryApiErrorWatcher.logProblemDetails(ApicurioRegistryBaseIT.java:154)
	at io.apicurio.tests.ApicurioRegistryBaseIT$RegistryApiErrorWatcher.logProblemDetails(ApicurioRegistryBaseIT.java:154)
	at io.apicurio.tests.ApicurioRegistryBaseIT$RegistryApiErrorWatcher.logProblemDetails(ApicurioRegistryBaseIT.java:154)
	at io.apicurio.tests.ApicurioRegistryBaseIT$RegistryApiErrorWatcher.logProblemDetails(ApicurioRegistryBaseIT.java:154)
	at io.apicurio.tests.ApicurioRegistryBaseIT$RegistryApiErrorWatcher.logProblemDetails(ApicurioRegistryBaseIT.java:154)
	at io.apicurio.tests.ApicurioRegistryBaseIT$RegistryApiErrorWatcher.logProblemDetails(ApicurioRegistryBaseIT.java:154)
	at io.apicurio.tests.ApicurioRegistryBaseIT$RegistryApiErrorWatcher.logProblemDetails(ApicurioRegistryBaseIT.java:154)
	at io.apicurio.tests.ApicurioRegistryBaseIT$RegistryApiErrorWatcher.logProblemDetails(ApicurioRegistryBaseIT.java:154)
	at io.apicurio.tests.ApicurioRegistryBaseIT$RegistryApiErrorWatcher.logProblemDetails(ApicurioRegistryBaseIT.java:154)
	at io.apicurio.tests.ApicurioRegistryBaseIT$RegistryApiErrorWatcher.logProblemDetails(ApicurioRegistryBaseIT.java:154)
	at io.apicurio.tests.ApicurioRegistryBaseIT$RegistryApiErrorWatcher.logProblemDetails(ApicurioRegistryBaseIT.java:154)
	at io.apicurio.tests.ApicurioRegistryBaseIT$RegistryApiErrorWatcher.logProblemDetails(ApicurioRegistryBaseIT.java:154)
	at io.apicurio.tests.ApicurioRegistryBaseIT$RegistryApiErrorWatcher.logProblemDetails(ApicurioRegistryBaseIT.java:154)
	at io.apicurio.tests.ApicurioRegistryBaseIT$RegistryApiErrorWatcher.logProblemDetails(ApicurioRegistryBaseIT.java:154)
	at io.apicurio.tests.ApicurioRegistryBaseIT$RegistryApiErrorWatcher.logProblemDetails(ApicurioRegistryBaseIT.java:154)
	at io.apicurio.tests.ApicurioRegistryBaseIT$RegistryApiErrorWatcher.logProblemDetails(ApicurioRegistryBaseIT.java:154)
	at io.apicurio.tests.ApicurioRegistryBaseIT$RegistryApiErrorWatcher.logProblemDetails(ApicurioRegistryBaseIT.java:154)
	at io.apicurio.tests.ApicurioRegistryBaseIT$RegistryApiErrorWatcher.logProblemDetails(ApicurioRegistryBaseIT.java:154)
	at io.apicurio.tests.ApicurioRegistryBaseIT$RegistryApiErrorWatcher.logProblemDetails(ApicurioRegistryBaseIT.java:154)
	at io.apicurio.tests.ApicurioRegistryBaseIT$RegistryApiErrorWatcher.logProblemDetails(ApicurioRegistryBaseIT.java:154)
	at io.apicurio.tests.ApicurioRegistryBaseIT$RegistryApiErrorWatcher.logProblemDetails(ApicurioRegistryBaseIT.java:154)
	at io.apicurio.tests.ApicurioRegistryBaseIT$RegistryApiErrorWatcher.logProblemDetails(ApicurioRegistryBaseIT.java:154)
	at io.apicurio.tests.ApicurioRegistryBaseIT$RegistryApiErrorWatcher.logProblemDetails(ApicurioRegistryBaseIT.java:154)
	at io.apicurio.tests.ApicurioRegistryBaseIT$RegistryApiErrorWatcher.logProblemDetails(ApicurioRegistryBaseIT.java:154)
	at io.apicurio.tests.ApicurioRegistryBaseIT$RegistryApiErrorWatcher.logProblemDetails(ApicurioRegistryBaseIT.java:154)
	at io.apicurio.tests.ApicurioRegistryBaseIT$RegistryApiErrorWatcher.logProblemDetails(ApicurioRegistryBaseIT.java:154)
	at io.apicurio.tests.ApicurioRegistryBaseIT$RegistryApiErrorWatcher.logProblemDetails(ApicurioRegistryBaseIT.java:154)
	at io.apicurio.tests.ApicurioRegistryBaseIT$RegistryApiErrorWatcher.logProblemDetails(ApicurioRegistryBaseIT.java:154)
	at io.apicurio.tests.ApicurioRegistryBaseIT$RegistryApiErrorWatcher.logProblemDetails(ApicurioRegistryBaseIT.java:154)
	at io.apicurio.tests.ApicurioRegistryBaseIT$RegistryApiErrorWatcher.logProblemDetails(ApicurioRegistryBaseIT.java:154)
	at io.apicurio.tests.ApicurioRegistryBaseIT$RegistryApiErrorWatcher.logProblemDetails(ApicurioRegistryBaseIT.java:154)
	at io.apicurio.tests.ApicurioRegistryBaseIT$RegistryApiErrorWatcher.logProblemDetails(ApicurioRegistryBaseIT.java:154)
	at io.apicurio.tests.ApicurioRegistryBaseIT$RegistryApiErrorWatcher.logProblemDetails(ApicurioRegistryBaseIT.java:154)
	at io.apicurio.tests.ApicurioRegistryBaseIT$RegistryApiErrorWatcher.logProblemDetails(ApicurioRegistryBaseIT.java:154)
	at io.apicurio.tests.ApicurioRegistryBaseIT$RegistryApiErrorWatcher.logProblemDetails(ApicurioRegistryBaseIT.java:154)
	at io.apicurio.tests.ApicurioRegistryBaseIT$RegistryApiErrorWatcher.logProblemDetails(ApicurioRegistryBaseIT.java:154)
	at io.apicurio.tests.ApicurioRegistryBaseIT$RegistryApiErrorWatcher.logProblemDetails(ApicurioRegistryBaseIT.java:154)
	at io.apicurio.tests.ApicurioRegistryBaseIT$RegistryApiErrorWatcher.logProblemDetails(ApicurioRegistryBaseIT.java:154)
	at io.apicurio.tests.ApicurioRegistryBaseIT$RegistryApiErrorWatcher.logProblemDetails(ApicurioRegistryBaseIT.java:154)
	at io.apicurio.tests.ApicurioRegistryBaseIT$RegistryApiErrorWatcher.logProblemDetails(ApicurioRegistryBaseIT.java:154)
	at io.apicurio.tests.ApicurioRegistryBaseIT$RegistryApiErrorWatcher.logProblemDetails(ApicurioRegistryBaseIT.java:154)
	at io.apicurio.tests.ApicurioRegistryBaseIT$RegistryApiErrorWatcher.logProblemDetails(ApicurioRegistryBaseIT.java:154)
	at io.apicurio.tests.ApicurioRegistryBaseIT$RegistryApiErrorWatcher.logProblemDetails(ApicurioRegistryBaseIT.java:154)
	at io.apicurio.tests.ApicurioRegistryBaseIT$RegistryApiErrorWatcher.logProblemDetails(ApicurioRegistryBaseIT.java:154)
	at io.apicurio.tests.ApicurioRegistryBaseIT$RegistryApiErrorWatcher.logProblemDetails(ApicurioRegistryBaseIT.java:154)
	at io.apicurio.tests.ApicurioRegistryBaseIT$RegistryApiErrorWatcher.logProblemDetails(ApicurioRegistryBaseIT.java:154)
	at io.apicurio.tests.ApicurioRegistryBaseIT$RegistryApiErrorWatcher.logProblemDetails(ApicurioRegistryBaseIT.java:154)
	at io.apicurio.tests.ApicurioRegistryBaseIT$RegistryApiErrorWatcher.logProblemDetails(ApicurioRegistryBaseIT.java:154)
	at io.apicurio.tests.ApicurioRegistryBaseIT$RegistryApiErrorWatcher.logProblemDetails(ApicurioRegistryBaseIT.java:154)
	at io.apicurio.tests.ApicurioRegistryBaseIT$RegistryApiErrorWatcher.logProblemDetails(ApicurioRegistryBaseIT.java:154)
	at io.apicurio.tests.ApicurioRegistryBaseIT$RegistryApiErrorWatcher.logProblemDetails(ApicurioRegistryBaseIT.java:154)
	at io.apicurio.tests.ApicurioRegistryBaseIT$RegistryApiErrorWatcher.logProblemDetails(ApicurioRegistryBaseIT.java:154)
	at io.apicurio.tests.ApicurioRegistryBaseIT$RegistryApiErrorWatcher.logProblemDetails(ApicurioRegistryBaseIT.java:154)
	at io.apicurio.tests.ApicurioRegistryBaseIT$RegistryApiErrorWatcher.logProblemDetails(ApicurioRegistryBaseIT.java:154)
	at io.apicurio.tests.ApicurioRegistryBaseIT$RegistryApiErrorWatcher.logProblemDetails(ApicurioRegistryBaseIT.java:154)
	at io.apicurio.tests.ApicurioRegistryBaseIT$RegistryApiErrorWatcher.logProblemDetails(ApicurioRegistryBaseIT.java:154)
	at io.apicurio.tests.ApicurioRegistryBaseIT$RegistryApiErrorWatcher.logProblemDetails(ApicurioRegistryBaseIT.java:154)
	at io.apicurio.tests.ApicurioRegistryBaseIT$RegistryApiErrorWatcher.logProblemDetails(ApicurioRegistryBaseIT.java:154)
	at io.apicurio.tests.ApicurioRegistryBaseIT$RegistryApiErrorWatcher.logProblemDetails(ApicurioRegistryBaseIT.java:154)
	at io.apicurio.tests.ApicurioRegistryBaseIT$RegistryApiErrorWatcher.logProblemDetails(ApicurioRegistryBaseIT.java:154)
	at io.apicurio.tests.ApicurioRegistryBaseIT$RegistryApiErrorWatcher.logProblemDetails(ApicurioRegistryBaseIT.java:154)
	at io.apicurio.tests.ApicurioRegistryBaseIT$RegistryApiErrorWatcher.logProblemDetails(ApicurioRegistryBaseIT.java:154)
	at io.apicurio.tests.ApicurioRegistryBaseIT$RegistryApiErrorWatcher.logProblemDetails(ApicurioRegistryBaseIT.java:154)
	at io.apicurio.tests.ApicurioRegistryBaseIT$RegistryApiErrorWatcher.logProblemDetails(ApicurioRegistryBaseIT.java:154)
	at io.apicurio.tests.ApicurioRegistryBaseIT$RegistryApiErrorWatcher.logProblemDetails(ApicurioRegistryBaseIT.java:154)
	at io.apicurio.tests.ApicurioRegistryBaseIT$RegistryApiErrorWatcher.logProblemDetails(ApicurioRegistryBaseIT.java:154)
	at io.apicurio.tests.ApicurioRegistryBaseIT$RegistryApiErrorWatcher.logProblemDetails(ApicurioRegistryBaseIT.java:154)
	at io.apicurio.tests.ApicurioRegistryBaseIT$RegistryApiErrorWatcher.logProblemDetails(ApicurioRegistryBaseIT.java:154)
	at io.apicurio.tests.ApicurioRegistryBaseIT$RegistryApiErrorWatcher.logProblemDetails(ApicurioRegistryBaseIT.java:154)
	at io.apicurio.tests.ApicurioRegistryBaseIT$RegistryApiErrorWatcher.logProblemDetails(ApicurioRegistryBaseIT.java:154)
	at io.apicurio.tests.ApicurioRegistryBaseIT$RegistryApiErrorWatcher.logProblemDetails(ApicurioRegistryBaseIT.java:154)
	at io.apicurio.tests.ApicurioRegistryBaseIT$RegistryApiErrorWatcher.logProblemDetails(ApicurioRegistryBaseIT.java:154)
	at io.apicurio.tests.ApicurioRegistryBaseIT$RegistryApiErrorWatcher.logProblemDetails(ApicurioRegistryBaseIT.java:154)
	at io.apicurio.tests.ApicurioRegistryBaseIT$RegistryApiErrorWatcher.logProblemDetails(ApicurioRegistryBaseIT.java:154)
	at io.apicurio.tests.ApicurioRegistryBaseIT$RegistryApiErrorWatcher.logProblemDetails(ApicurioRegistryBaseIT.java:154)
	at io.apicurio.tests.ApicurioRegistryBaseIT$RegistryApiErrorWatcher.logProblemDetails(ApicurioRegistryBaseIT.java:154)
	at io.apicurio.tests.ApicurioRegistryBaseIT$RegistryApiErrorWatcher.logProblemDetails(ApicurioRegistryBaseIT.java:154)
	at io.apicurio.tests.ApicurioRegistryBaseIT$RegistryApiErrorWatcher.logProblemDetails(ApicurioRegistryBaseIT.java:154)
	at io.apicurio.tests.ApicurioRegistryBaseIT$RegistryApiErrorWatcher.logProblemDetails(ApicurioRegistryBaseIT.java:154)
	at io.apicurio.tests.ApicurioRegistryBaseIT$RegistryApiErrorWatcher.logProblemDetails(ApicurioRegistryBaseIT.java:154)
	at io.apicurio.tests.ApicurioRegistryBaseIT$RegistryApiErrorWatcher.logProblemDetails(ApicurioRegistryBaseIT.java:154)
	at io.apicurio.tests.ApicurioRegistryBaseIT$RegistryApiErrorWatcher.logProblemDetails(ApicurioRegistryBaseIT.java:154)
	at io.apicurio.tests.ApicurioRegistryBaseIT$RegistryApiErrorWatcher.logProblemDetails(ApicurioRegistryBaseIT.java:154)
	at io.apicurio.tests.ApicurioRegistryBaseIT$RegistryApiErrorWatcher.logProblemDetails(ApicurioRegistryBaseIT.java:154)
	at io.apicurio.tests.ApicurioRegistryBaseIT$RegistryApiErrorWatcher.logProblemDetails(ApicurioRegistryBaseIT.java:154)
	at io.apicurio.tests.ApicurioRegistryBaseIT$RegistryApiErrorWatcher.logProblemDetails(ApicurioRegistryBaseIT.java:154)
	at io.apicurio.tests.ApicurioRegistryBaseIT$RegistryApiErrorWatcher.logProblemDetails(ApicurioRegistryBaseIT.java:154)
	at io.apicurio.tests.ApicurioRegistryBaseIT$RegistryApiErrorWatcher.logProblemDetails(ApicurioRegistryBaseIT.java:154)
	at io.apicurio.tests.ApicurioRegistryBaseIT$RegistryApiErrorWatcher.logProblemDetails(ApicurioRegistryBaseIT.java:154)
	at io.apicurio.tests.ApicurioRegistryBaseIT$RegistryApiErrorWatcher.logProblemDetails(ApicurioRegistryBaseIT.java:154)
	at io.apicurio.tests.ApicurioRegistryBaseIT$RegistryApiErrorWatcher.logProblemDetails(ApicurioRegistryBaseIT.java:154)
	at io.apicurio.tests.ApicurioRegistryBaseIT$RegistryApiErrorWatcher.logProblemDetails(ApicurioRegistryBaseIT.java:154)
	at io.apicurio.tests.ApicurioRegistryBaseIT$RegistryApiErrorWatcher.logProblemDetails(ApicurioRegistryBaseIT.java:154)
	at io.apicurio.tests.ApicurioRegistryBaseIT$RegistryApiErrorWatcher.logProblemDetails(ApicurioRegistryBaseIT.java:154)
	at io.apicurio.tests.ApicurioRegistryBaseIT$RegistryApiErrorWatcher.logProblemDetails(ApicurioRegistryBaseIT.java:154)
	at io.apicurio.tests.ApicurioRegistryBaseIT$RegistryApiErrorWatcher.logProblemDetails(ApicurioRegistryBaseIT.java:154)
	at io.apicurio.tests.ApicurioRegistryBaseIT$RegistryApiErrorWatcher.logProblemDetails(ApicurioRegistryBaseIT.java:154)
	at io.apicurio.tests.ApicurioRegistryBaseIT$RegistryApiErrorWatcher.logProblemDetails(ApicurioRegistryBaseIT.java:154)
	at io.apicurio.tests.ApicurioRegistryBaseIT$RegistryApiErrorWatcher.logProblemDetails(ApicurioRegistryBaseIT.java:154)
	at io.apicurio.tests.ApicurioRegistryBaseIT$RegistryApiErrorWatcher.logProblemDetails(ApicurioRegistryBaseIT.java:154)
	at io.apicurio.tests.ApicurioRegistryBaseIT$RegistryApiErrorWatcher.logProblemDetails(ApicurioRegistryBaseIT.java:154)
	at io.apicurio.tests.ApicurioRegistryBaseIT$RegistryApiErrorWatcher.logProblemDetails(ApicurioRegistryBaseIT.java:154)
	at io.apicurio.tests.ApicurioRegistryBaseIT$RegistryApiErrorWatcher.logProblemDetails(ApicurioRegistryBaseIT.java:154)
	at io.apicurio.tests.ApicurioRegistryBaseIT$RegistryApiErrorWatcher.logProblemDetails(ApicurioRegistryBaseIT.java:154)
	at io.apicurio.tests.ApicurioRegistryBaseIT$RegistryApiErrorWatcher.logProblemDetails(ApicurioRegistryBaseIT.java:154)
	at io.apicurio.tests.ApicurioRegistryBaseIT$RegistryApiErrorWatcher.logProblemDetails(ApicurioRegistryBaseIT.java:154)
	at io.apicurio.tests.ApicurioRegistryBaseIT$RegistryApiErrorWatcher.logProblemDetails(ApicurioRegistryBaseIT.java:154)
	at io.apicurio.tests.ApicurioRegistryBaseIT$RegistryApiErrorWatcher.logProblemDetails(ApicurioRegistryBaseIT.java:154)
	at io.apicurio.tests.ApicurioRegistryBaseIT$RegistryApiErrorWatcher.logProblemDetails(ApicurioRegistryBaseIT.java:154)
	at io.apicurio.tests.ApicurioRegistryBaseIT$RegistryApiErrorWatcher.logProblemDetails(ApicurioRegistryBaseIT.java:154)
	at io.apicurio.tests.ApicurioRegistryBaseIT$RegistryApiErrorWatcher.logProblemDetails(ApicurioRegistryBaseIT.java:154)
	at io.apicurio.tests.ApicurioRegistryBaseIT$RegistryApiErrorWatcher.logProblemDetails(ApicurioRegistryBaseIT.java:154)
	at io.apicurio.tests.ApicurioRegistryBaseIT$RegistryApiErrorWatcher.logProblemDetails(ApicurioRegistryBaseIT.java:154)
	at io.apicurio.tests.ApicurioRegistryBaseIT$RegistryApiErrorWatcher.logProblemDetails(ApicurioRegistryBaseIT.java:154)
	at io.apicurio.tests.ApicurioRegistryBaseIT$RegistryApiErrorWatcher.logProblemDetails(ApicurioRegistryBaseIT.java:154)
	at io.apicurio.tests.ApicurioRegistryBaseIT$RegistryApiErrorWatcher.logProblemDetails(ApicurioRegistryBaseIT.java:154)
	at io.apicurio.tests.ApicurioRegistryBaseIT$RegistryApiErrorWatcher.logProblemDetails(ApicurioRegistryBaseIT.java:154)
	at io.apicurio.tests.ApicurioRegistryBaseIT$RegistryApiErrorWatcher.logProblemDetails(ApicurioRegistryBaseIT.java:154)
	at io.apicurio.tests.ApicurioRegistryBaseIT$RegistryApiErrorWatcher.logProblemDetails(ApicurioRegistryBaseIT.java:154)
	at io.apicurio.tests.ApicurioRegistryBaseIT$RegistryApiErrorWatcher.logProblemDetails(ApicurioRegistryBaseIT.java:154)
	at io.apicurio.tests.ApicurioRegistryBaseIT$RegistryApiErrorWatcher.logProblemDetails(ApicurioRegistryBaseIT.java:154)
	at io.apicurio.tests.ApicurioRegistryBaseIT$RegistryApiErrorWatcher.logProblemDetails(ApicurioRegistryBaseIT.java:154)
	at io.apicurio.tests.ApicurioRegistryBaseIT$RegistryApiErrorWatcher.logProblemDetails(ApicurioRegistryBaseIT.java:154)
	at io.apicurio.tests.ApicurioRegistryBaseIT$RegistryApiErrorWatcher.logProblemDetails(ApicurioRegistryBaseIT.java:154)
	at io.apicurio.tests.ApicurioRegistryBaseIT$RegistryApiErrorWatcher.logProblemDetails(ApicurioRegistryBaseIT.java:154)
	at io.apicurio.tests.ApicurioRegistryBaseIT$RegistryApiErrorWatcher.logProblemDetails(ApicurioRegistryBaseIT.java:154)
	at io.apicurio.tests.ApicurioRegistryBaseIT$RegistryApiErrorWatcher.logProblemDetails(ApicurioRegistryBaseIT.java:154)
	at io.apicurio.tests.ApicurioRegistryBaseIT$RegistryApiErrorWatcher.logProblemDetails(ApicurioRegistryBaseIT.java:154)
	at io.apicurio.tests.ApicurioRegistryBaseIT$RegistryApiErrorWatcher.logProblemDetails(ApicurioRegistryBaseIT.java:154)
	at io.apicurio.tests.ApicurioRegistryBaseIT$RegistryApiErrorWatcher.logProblemDetails(ApicurioRegistryBaseIT.java:154)
	at io.apicurio.tests.ApicurioRegistryBaseIT$RegistryApiErrorWatcher.logProblemDetails(ApicurioRegistryBaseIT.java:154)
	at io.apicurio.tests.ApicurioRegistryBaseIT$RegistryApiErrorWatcher.logProblemDetails(ApicurioRegistryBaseIT.java:154)
	at io.apicurio.tests.ApicurioRegistryBaseIT$RegistryApiErrorWatcher.logProblemDetails(ApicurioRegistryBaseIT.java:154)
	at io.apicurio.tests.ApicurioRegistryBaseIT$RegistryApiErrorWatcher.logProblemDetails(ApicurioRegistryBaseIT.java:154)
	at io.apicurio.tests.ApicurioRegistryBaseIT$RegistryApiErrorWatcher.logProblemDetails(ApicurioRegistryBaseIT.java:154)
	at io.apicurio.tests.ApicurioRegistryBaseIT$RegistryApiErrorWatcher.logProblemDetails(ApicurioRegistryBaseIT.java:154)
	at io.apicurio.tests.ApicurioRegistryBaseIT$RegistryApiErrorWatcher.logProblemDetails(ApicurioRegistryBaseIT.java:154)
	at io.apicurio.tests.ApicurioRegistryBaseIT$RegistryApiErrorWatcher.logProblemDetails(ApicurioRegistryBaseIT.java:154)
	at io.apicurio.tests.ApicurioRegistryBaseIT$RegistryApiErrorWatcher.logProblemDetails(ApicurioRegistryBaseIT.java:154)
	at io.apicurio.tests.ApicurioRegistryBaseIT$RegistryApiErrorWatcher.logProblemDetails(ApicurioRegistryBaseIT.java:154)
	at io.apicurio.tests.ApicurioRegistryBaseIT$RegistryApiErrorWatcher.logProblemDetails(ApicurioRegistryBaseIT.java:154)
	at io.apicurio.tests.ApicurioRegistryBaseIT$RegistryApiErrorWatcher.logProblemDetails(ApicurioRegistryBaseIT.java:154)
	at io.apicurio.tests.ApicurioRegistryBaseIT$RegistryApiErrorWatcher.logProblemDetails(ApicurioRegistryBaseIT.java:154)
	at io.apicurio.tests.ApicurioRegistryBaseIT$RegistryApiErrorWatcher.logProblemDetails(ApicurioRegistryBaseIT.java:154)
	at io.apicurio.tests.ApicurioRegistryBaseIT$RegistryApiErrorWatcher.logProblemDetails(ApicurioRegistryBaseIT.java:154)
	at io.apicurio.tests.ApicurioRegistryBaseIT$RegistryApiErrorWatcher.logProblemDetails(ApicurioRegistryBaseIT.java:154)
	at io.apicurio.tests.ApicurioRegistryBaseIT$RegistryApiErrorWatcher.logProblemDetails(ApicurioRegistryBaseIT.java:154)
	at io.apicurio.tests.ApicurioRegistryBaseIT$RegistryApiErrorWatcher.logProblemDetails(ApicurioRegistryBaseIT.java:154)
	at io.apicurio.tests.ApicurioRegistryBaseIT$RegistryApiErrorWatcher.logProblemDetails(ApicurioRegistryBaseIT.java:154)
	at io.apicurio.tests.ApicurioRegistryBaseIT$RegistryApiErrorWatcher.logProblemDetails(ApicurioRegistryBaseIT.java:154)
	at io.apicurio.tests.ApicurioRegistryBaseIT$RegistryApiErrorWatcher.logProblemDetails(ApicurioRegistryBaseIT.java:154)
	at io.apicurio.tests.ApicurioRegistryBaseIT$RegistryApiErrorWatcher.logProblemDetails(ApicurioRegistryBaseIT.java:154)
	at io.apicurio.tests.ApicurioRegistryBaseIT$RegistryApiErrorWatcher.logProblemDetails(ApicurioRegistryBaseIT.java:154)
	at io.apicurio.tests.ApicurioRegistryBaseIT$RegistryApiErrorWatcher.logProblemDetails(ApicurioRegistryBaseIT.java:154)
	at io.apicurio.tests.ApicurioRegistryBaseIT$RegistryApiErrorWatcher.logProblemDetails(ApicurioRegistryBaseIT.java:154)
	at io.apicurio.tests.ApicurioRegistryBaseIT$RegistryApiErrorWatcher.logProblemDetails(ApicurioRegistryBaseIT.java:154)
	at io.apicurio.tests.ApicurioRegistryBaseIT$RegistryApiErrorWatcher.logProblemDetails(ApicurioRegistryBaseIT.java:154)
	at io.apicurio.tests.ApicurioRegistryBaseIT$RegistryApiErrorWatcher.logProblemDetails(ApicurioRegistryBaseIT.java:154)
	at io.apicurio.tests.ApicurioRegistryBaseIT$RegistryApiErrorWatcher.logProblemDetails(ApicurioRegistryBaseIT.java:154)
	at io.apicurio.tests.ApicurioRegistryBaseIT$RegistryApiErrorWatcher.logProblemDetails(ApicurioRegistryBaseIT.java:154)
	at io.apicurio.tests.ApicurioRegistryBaseIT$RegistryApiErrorWatcher.logProblemDetails(ApicurioRegistryBaseIT.java:154)
	at io.apicurio.tests.ApicurioRegistryBaseIT$RegistryApiErrorWatcher.logProblemDetails(ApicurioRegistryBaseIT.java:154)
	at io.apicurio.tests.ApicurioRegistryBaseIT$RegistryApiErrorWatcher.logProblemDetails(ApicurioRegistryBaseIT.java:154)
	at io.apicurio.tests.ApicurioRegistryBaseIT$RegistryApiErrorWatcher.logProblemDetails(ApicurioRegistryBaseIT.java:154)
	at io.apicurio.tests.ApicurioRegistryBaseIT$RegistryApiErrorWatcher.logProblemDetails(ApicurioRegistryBaseIT.java:154)
	at io.apicurio.tests.ApicurioRegistryBaseIT$RegistryApiErrorWatcher.logProblemDetails(ApicurioRegistryBaseIT.java:154)
	at io.apicurio.tests.ApicurioRegistryBaseIT$RegistryApiErrorWatcher.logProblemDetails(ApicurioRegistryBaseIT.java:154)
	at io.apicurio.tests.ApicurioRegistryBaseIT$RegistryApiErrorWatcher.logProblemDetails(ApicurioRegistryBaseIT.java:154)
	at io.apicurio.tests.ApicurioRegistryBaseIT$RegistryApiErrorWatcher.logProblemDetails(ApicurioRegistryBaseIT.java:154)
	at io.apicurio.tests.ApicurioRegistryBaseIT$RegistryApiErrorWatcher.logProblemDetails(ApicurioRegistryBaseIT.java:154)
	at io.apicurio.tests.ApicurioRegistryBaseIT$RegistryApiErrorWatcher.logProblemDetails(ApicurioRegistryBaseIT.java:154)
	at io.apicurio.tests.ApicurioRegistryBaseIT$RegistryApiErrorWatcher.logProblemDetails(ApicurioRegistryBaseIT.java:154)
	at io.apicurio.tests.ApicurioRegistryBaseIT$RegistryApiErrorWatcher.logProblemDetails(ApicurioRegistryBaseIT.java:154)
	at io.apicurio.tests.ApicurioRegistryBaseIT$RegistryApiErrorWatcher.logProblemDetails(ApicurioRegistryBaseIT.java:154)
	at io.apicurio.tests.ApicurioRegistryBaseIT$RegistryApiErrorWatcher.logProblemDetails(ApicurioRegistryBaseIT.java:154)
	at io.apicurio.tests.ApicurioRegistryBaseIT$RegistryApiErrorWatcher.logProblemDetails(ApicurioRegistryBaseIT.java:154)
	at io.apicurio.tests.ApicurioRegistryBaseIT$RegistryApiErrorWatcher.logProblemDetails(ApicurioRegistryBaseIT.java:154)
	at io.apicurio.tests.ApicurioRegistryBaseIT$RegistryApiErrorWatcher.logProblemDetails(ApicurioRegistryBaseIT.java:154)
	at io.apicurio.tests.ApicurioRegistryBaseIT$RegistryApiErrorWatcher.logProblemDetails(ApicurioRegistryBaseIT.java:154)
	at io.apicurio.tests.ApicurioRegistryBaseIT$RegistryApiErrorWatcher.logProblemDetails(ApicurioRegistryBaseIT.java:154)
	at io.apicurio.tests.ApicurioRegistryBaseIT$RegistryApiErrorWatcher.logProblemDetails(ApicurioRegistryBaseIT.java:154)
	at io.apicurio.tests.ApicurioRegistryBaseIT$RegistryApiErrorWatcher.logProblemDetails(ApicurioRegistryBaseIT.java:154)
	at io.apicurio.tests.ApicurioRegistryBaseIT$RegistryApiErrorWatcher.logProblemDetails(ApicurioRegistryBaseIT.java:154)
	at io.apicurio.tests.ApicurioRegistryBaseIT$RegistryApiErrorWatcher.logProblemDetails(ApicurioRegistryBaseIT.java:154)
	at io.apicurio.tests.ApicurioRegistryBaseIT$RegistryApiErrorWatcher.logProblemDetails(ApicurioRegistryBaseIT.java:154)
	at io.apicurio.tests.ApicurioRegistryBaseIT$RegistryApiErrorWatcher.logProblemDetails(ApicurioRegistryBaseIT.java:154)
	at io.apicurio.tests.ApicurioRegistryBaseIT$RegistryApiErrorWatcher.logProblemDetails(ApicurioRegistryBaseIT.java:154)
	at io.apicurio.tests.ApicurioRegistryBaseIT$RegistryApiErrorWatcher.logProblemDetails(ApicurioRegistryBaseIT.java:154)
	at io.apicurio.tests.ApicurioRegistryBaseIT$RegistryApiErrorWatcher.logProblemDetails(ApicurioRegistryBaseIT.java:154)
	at io.apicurio.tests.ApicurioRegistryBaseIT$RegistryApiErrorWatcher.logProblemDetails(ApicurioRegistryBaseIT.java:154)
	at io.apicurio.tests.ApicurioRegistryBaseIT$RegistryApiErrorWatcher.logProblemDetails(ApicurioRegistryBaseIT.java:154)
	at io.apicurio.tests.ApicurioRegistryBaseIT$RegistryApiErrorWatcher.logProblemDetails(ApicurioRegistryBaseIT.java:154)
	at io.apicurio.tests.ApicurioRegistryBaseIT$RegistryApiErrorWatcher.logProblemDetails(ApicurioRegistryBaseIT.java:154)
	at io.apicurio.tests.ApicurioRegistryBaseIT$RegistryApiErrorWatcher.logProblemDetails(ApicurioRegistryBaseIT.java:154)
	at io.apicurio.tests.ApicurioRegistryBaseIT$RegistryApiErrorWatcher.logProblemDetails(ApicurioRegistryBaseIT.java:154)
	at io.apicurio.tests.ApicurioRegistryBaseIT$RegistryApiErrorWatcher.logProblemDetails(ApicurioRegistryBaseIT.java:154)
	at io.apicurio.tests.ApicurioRegistryBaseIT$RegistryApiErrorWatcher.logProblemDetails(ApicurioRegistryBaseIT.java:154)
	at io.apicurio.tests.ApicurioRegistryBaseIT$RegistryApiErrorWatcher.logProblemDetails(ApicurioRegistryBaseIT.java:154)
	at io.apicurio.tests.ApicurioRegistryBaseIT$RegistryApiErrorWatcher.logProblemDetails(ApicurioRegistryBaseIT.java:154)
	at io.apicurio.tests.ApicurioRegistryBaseIT$RegistryApiErrorWatcher.logProblemDetails(ApicurioRegistryBaseIT.java:154)
	at io.apicurio.tests.ApicurioRegistryBaseIT$RegistryApiErrorWatcher.logProblemDetails(ApicurioRegistryBaseIT.java:154)
	at io.apicurio.tests.ApicurioRegistryBaseIT$RegistryApiErrorWatcher.logProblemDetails(ApicurioRegistryBaseIT.java:154)
	at io.apicurio.tests.ApicurioRegistryBaseIT$RegistryApiErrorWatcher.logProblemDetails(ApicurioRegistryBaseIT.java:154)
	at io.apicurio.tests.ApicurioRegistryBaseIT$RegistryApiErrorWatcher.logProblemDetails(ApicurioRegistryBaseIT.java:154)
	at io.apicurio.tests.ApicurioRegistryBaseIT$RegistryApiErrorWatcher.logProblemDetails(ApicurioRegistryBaseIT.java:154)
	at io.apicurio.tests.ApicurioRegistryBaseIT$RegistryApiErrorWatcher.logProblemDetails(ApicurioRegistryBaseIT.java:154)
	at io.apicurio.tests.ApicurioRegistryBaseIT$RegistryApiErrorWatcher.logProblemDetails(ApicurioRegistryBaseIT.java:154)
	at io.apicurio.tests.ApicurioRegistryBaseIT$RegistryApiErrorWatcher.logProblemDetails(ApicurioRegistryBaseIT.java:154)
	at io.apicurio.tests.ApicurioRegistryBaseIT$RegistryApiErrorWatcher.logProblemDetails(ApicurioRegistryBaseIT.java:154)
	at io.apicurio.tests.ApicurioRegistryBaseIT$RegistryApiErrorWatcher.logProblemDetails(ApicurioRegistryBaseIT.java:154)
	at io.apicurio.tests.ApicurioRegistryBaseIT$RegistryApiErrorWatcher.logProblemDetails(ApicurioRegistryBaseIT.java:154)
	at io.apicurio.tests.ApicurioRegistryBaseIT$RegistryApiErrorWatcher.logProblemDetails(ApicurioRegistryBaseIT.java:154)
	at io.apicurio.tests.ApicurioRegistryBaseIT$RegistryApiErrorWatcher.logProblemDetails(ApicurioRegistryBaseIT.java:154)
	at io.apicurio.tests.ApicurioRegistryBaseIT$RegistryApiErrorWatcher.logProblemDetails(ApicurioRegistryBaseIT.java:154)
	at io.apicurio.tests.ApicurioRegistryBaseIT$RegistryApiErrorWatcher.logProblemDetails(ApicurioRegistryBaseIT.java:154)
	at io.apicurio.tests.ApicurioRegistryBaseIT$RegistryApiErrorWatcher.logProblemDetails(ApicurioRegistryBaseIT.java:154)
	at io.apicurio.tests.ApicurioRegistryBaseIT$RegistryApiErrorWatcher.logProblemDetails(ApicurioRegistryBaseIT.java:154)
	at io.apicurio.tests.ApicurioRegistryBaseIT$RegistryApiErrorWatcher.logProblemDetails(ApicurioRegistryBaseIT.java:154)
	at io.apicurio.tests.ApicurioRegistryBaseIT$RegistryApiErrorWatcher.logProblemDetails(ApicurioRegistryBaseIT.java:154)
	at io.apicurio.tests.ApicurioRegistryBaseIT$RegistryApiErrorWatcher.logProblemDetails(ApicurioRegistryBaseIT.java:154)
	at io.apicurio.tests.ApicurioRegistryBaseIT$RegistryApiErrorWatcher.logProblemDetails(ApicurioRegistryBaseIT.java:154)
	at io.apicurio.tests.ApicurioRegistryBaseIT$RegistryApiErrorWatcher.logProblemDetails(ApicurioRegistryBaseIT.java:154)
	at io.apicurio.tests.ApicurioRegistryBaseIT$RegistryApiErrorWatcher.logProblemDetails(ApicurioRegistryBaseIT.java:154)
	at io.apicurio.tests.ApicurioRegistryBaseIT$RegistryApiErrorWatcher.logProblemDetails(ApicurioRegistryBaseIT.java:154)
	at io.apicurio.tests.ApicurioRegistryBaseIT$RegistryApiErrorWatcher.logProblemDetails(ApicurioRegistryBaseIT.java:154)
	at io.apicurio.tests.ApicurioRegistryBaseIT$RegistryApiErrorWatcher.logProblemDetails(ApicurioRegistryBaseIT.java:154)
	at io.apicurio.tests.ApicurioRegistryBaseIT$RegistryApiErrorWatcher.logProblemDetails(ApicurioRegistryBaseIT.java:154)
	at io.apicurio.tests.ApicurioRegistryBaseIT$RegistryApiErrorWatcher.logProblemDetails(ApicurioRegistryBaseIT.java:154)
	at io.apicurio.tests.ApicurioRegistryBaseIT$RegistryApiErrorWatcher.logProblemDetails(ApicurioRegistryBaseIT.java:154)
	at io.apicurio.tests.ApicurioRegistryBaseIT$RegistryApiErrorWatcher.logProblemDetails(ApicurioRegistryBaseIT.java:154)
	at io.apicurio.tests.ApicurioRegistryBaseIT$RegistryApiErrorWatcher.logProblemDetails(ApicurioRegistryBaseIT.java:154)
	at io.apicurio.tests.ApicurioRegistryBaseIT$RegistryApiErrorWatcher.logProblemDetails(ApicurioRegistryBaseIT.java:154)
	at io.apicurio.tests.ApicurioRegistryBaseIT$RegistryApiErrorWatcher.logProblemDetails(ApicurioRegistryBaseIT.java:154)
	at io.apicurio.tests.ApicurioRegistryBaseIT$RegistryApiErrorWatcher.logProblemDetails(ApicurioRegistryBaseIT.java:154)
	at io.apicurio.tests.ApicurioRegistryBaseIT$RegistryApiErrorWatcher.logProblemDetails(ApicurioRegistryBaseIT.java:154)
	at io.apicurio.tests.ApicurioRegistryBaseIT$RegistryApiErrorWatcher.logProblemDetails(ApicurioRegistryBaseIT.java:154)
	at io.apicurio.tests.ApicurioRegistryBaseIT$RegistryApiErrorWatcher.logProblemDetails(ApicurioRegistryBaseIT.java:154)
	at io.apicurio.tests.ApicurioRegistryBaseIT$RegistryApiErrorWatcher.logProblemDetails(ApicurioRegistryBaseIT.java:154)
	at io.apicurio.tests.ApicurioRegistryBaseIT$RegistryApiErrorWatcher.logProblemDetails(ApicurioRegistryBaseIT.java:154)
	at io.apicurio.tests.ApicurioRegistryBaseIT$RegistryApiErrorWatcher.logProblemDetails(ApicurioRegistryBaseIT.java:154)
	at io.apicurio.tests.ApicurioRegistryBaseIT$RegistryApiErrorWatcher.logProblemDetails(ApicurioRegistryBaseIT.java:154)
	at io.apicurio.tests.ApicurioRegistryBaseIT$RegistryApiErrorWatcher.logProblemDetails(ApicurioRegistryBaseIT.java:154)
	at io.apicurio.tests.ApicurioRegistryBaseIT$RegistryApiErrorWatcher.logProblemDetails(ApicurioRegistryBaseIT.java:154)
	at io.apicurio.tests.ApicurioRegistryBaseIT$RegistryApiErrorWatcher.logProblemDetails(ApicurioRegistryBaseIT.java:154)
	at io.apicurio.tests.ApicurioRegistryBaseIT$RegistryApiErrorWatcher.logProblemDetails(ApicurioRegistryBaseIT.java:154)
	at io.apicurio.tests.ApicurioRegistryBaseIT$RegistryApiErrorWatcher.logProblemDetails(ApicurioRegistryBaseIT.java:154)
	at io.apicurio.tests.ApicurioRegistryBaseIT$RegistryApiErrorWatcher.logProblemDetails(ApicurioRegistryBaseIT.java:154)
	at io.apicurio.tests.ApicurioRegistryBaseIT$RegistryApiErrorWatcher.logProblemDetails(ApicurioRegistryBaseIT.java:154)
	at io.apicurio.tests.ApicurioRegistryBaseIT$RegistryApiErrorWatcher.logProblemDetails(ApicurioRegistryBaseIT.java:154)
	at io.apicurio.tests.ApicurioRegistryBaseIT$RegistryApiErrorWatcher.logProblemDetails(ApicurioRegistryBaseIT.java:154)
	at io.apicurio.tests.ApicurioRegistryBaseIT$RegistryApiErrorWatcher.logProblemDetails(ApicurioRegistryBaseIT.java:154)
	at io.apicurio.tests.ApicurioRegistryBaseIT$RegistryApiErrorWatcher.logProblemDetails(ApicurioRegistryBaseIT.java:154)
	at io.apicurio.tests.ApicurioRegistryBaseIT$RegistryApiErrorWatcher.logProblemDetails(ApicurioRegistryBaseIT.java:154)
	at io.apicurio.tests.ApicurioRegistryBaseIT$RegistryApiErrorWatcher.logProblemDetails(ApicurioRegistryBaseIT.java:154)
	at io.apicurio.tests.ApicurioRegistryBaseIT$RegistryApiErrorWatcher.logProblemDetails(ApicurioRegistryBaseIT.java:154)
	at io.apicurio.tests.ApicurioRegistryBaseIT$RegistryApiErrorWatcher.logProblemDetails(ApicurioRegistryBaseIT.java:154)
	at io.apicurio.tests.ApicurioRegistryBaseIT$RegistryApiErrorWatcher.logProblemDetails(ApicurioRegistryBaseIT.java:154)
	at io.apicurio.tests.ApicurioRegistryBaseIT$RegistryApiErrorWatcher.logProblemDetails(ApicurioRegistryBaseIT.java:154)
	at io.apicurio.tests.ApicurioRegistryBaseIT$RegistryApiErrorWatcher.logProblemDetails(ApicurioRegistryBaseIT.java:154)
	at io.apicurio.tests.ApicurioRegistryBaseIT$RegistryApiErrorWatcher.logProblemDetails(ApicurioRegistryBaseIT.java:154)
	at io.apicurio.tests.ApicurioRegistryBaseIT$RegistryApiErrorWatcher.logProblemDetails(ApicurioRegistryBaseIT.java:154)
	at io.apicurio.tests.ApicurioRegistryBaseIT$RegistryApiErrorWatcher.logProblemDetails(ApicurioRegistryBaseIT.java:154)
	at io.apicurio.tests.ApicurioRegistryBaseIT$RegistryApiErrorWatcher.logProblemDetails(ApicurioRegistryBaseIT.java:154)
	at io.apicurio.tests.ApicurioRegistryBaseIT$RegistryApiErrorWatcher.logProblemDetails(ApicurioRegistryBaseIT.java:154)
	at io.apicurio.tests.ApicurioRegistryBaseIT$RegistryApiErrorWatcher.logProblemDetails(ApicurioRegistryBaseIT.java:154)
	at io.apicurio.tests.ApicurioRegistryBaseIT$RegistryApiErrorWatcher.logProblemDetails(ApicurioRegistryBaseIT.java:154)
	at io.apicurio.tests.ApicurioRegistryBaseIT$RegistryApiErrorWatcher.logProblemDetails(ApicurioRegistryBaseIT.java:154)
	at io.apicurio.tests.ApicurioRegistryBaseIT$RegistryApiErrorWatcher.logProblemDetails(ApicurioRegistryBaseIT.java:154)
	at io.apicurio.tests.ApicurioRegistryBaseIT$RegistryApiErrorWatcher.logProblemDetails(ApicurioRegistryBaseIT.java:154)
	at io.apicurio.tests.ApicurioRegistryBaseIT$RegistryApiErrorWatcher.logProblemDetails(ApicurioRegistryBaseIT.java:154)
	at io.apicurio.tests.ApicurioRegistryBaseIT$RegistryApiErrorWatcher.logProblemDetails(ApicurioRegistryBaseIT.java:154)
	at io.apicurio.tests.ApicurioRegistryBaseIT$RegistryApiErrorWatcher.logProblemDetails(ApicurioRegistryBaseIT.java:154)
	at io.apicurio.tests.ApicurioRegistryBaseIT$RegistryApiErrorWatcher.logProblemDetails(ApicurioRegistryBaseIT.java:154)
	at io.apicurio.tests.ApicurioRegistryBaseIT$RegistryApiErrorWatcher.logProblemDetails(ApicurioRegistryBaseIT.java:154)
	at io.apicurio.tests.ApicurioRegistryBaseIT$RegistryApiErrorWatcher.logProblemDetails(ApicurioRegistryBaseIT.java:154)
	at io.apicurio.tests.ApicurioRegistryBaseIT$RegistryApiErrorWatcher.logProblemDetails(ApicurioRegistryBaseIT.java:154)
	at io.apicurio.tests.ApicurioRegistryBaseIT$RegistryApiErrorWatcher.logProblemDetails(ApicurioRegistryBaseIT.java:154)
	at io.apicurio.tests.ApicurioRegistryBaseIT$RegistryApiErrorWatcher.logProblemDetails(ApicurioRegistryBaseIT.java:154)
	at io.apicurio.tests.ApicurioRegistryBaseIT$RegistryApiErrorWatcher.logProblemDetails(ApicurioRegistryBaseIT.java:154)
	at io.apicurio.tests.ApicurioRegistryBaseIT$RegistryApiErrorWatcher.logProblemDetails(ApicurioRegistryBaseIT.java:154)
	at io.apicurio.tests.ApicurioRegistryBaseIT$RegistryApiErrorWatcher.logProblemDetails(ApicurioRegistryBaseIT.java:154)
	at io.apicurio.tests.ApicurioRegistryBaseIT$RegistryApiErrorWatcher.logProblemDetails(ApicurioRegistryBaseIT.java:154)
	at io.apicurio.tests.ApicurioRegistryBaseIT$RegistryApiErrorWatcher.logProblemDetails(ApicurioRegistryBaseIT.java:154)
	at io.apicurio.tests.ApicurioRegistryBaseIT$RegistryApiErrorWatcher.logProblemDetails(ApicurioRegistryBaseIT.java:154)
	at io.apicurio.tests.ApicurioRegistryBaseIT$RegistryApiErrorWatcher.logProblemDetails(ApicurioRegistryBaseIT.java:154)
	at io.apicurio.tests.ApicurioRegistryBaseIT$RegistryApiErrorWatcher.logProblemDetails(ApicurioRegistryBaseIT.java:154)
	at io.apicurio.tests.ApicurioRegistryBaseIT$RegistryApiErrorWatcher.logProblemDetails(ApicurioRegistryBaseIT.java:154)
	at io.apicurio.tests.ApicurioRegistryBaseIT$RegistryApiErrorWatcher.logProblemDetails(ApicurioRegistryBaseIT.java:154)
	at io.apicurio.tests.ApicurioRegistryBaseIT$RegistryApiErrorWatcher.logProblemDetails(ApicurioRegistryBaseIT.java:154)
	at io.apicurio.tests.ApicurioRegistryBaseIT$RegistryApiErrorWatcher.logProblemDetails(ApicurioRegistryBaseIT.java:154)
	at io.apicurio.tests.ApicurioRegistryBaseIT$RegistryApiErrorWatcher.logProblemDetails(ApicurioRegistryBaseIT.java:154)
	at io.apicurio.tests.ApicurioRegistryBaseIT$RegistryApiErrorWatcher.logProblemDetails(ApicurioRegistryBaseIT.java:154)
	at io.apicurio.tests.ApicurioRegistryBaseIT$RegistryApiErrorWatcher.logProblemDetails(ApicurioRegistryBaseIT.java:154)
	at io.apicurio.tests.ApicurioRegistryBaseIT$RegistryApiErrorWatcher.logProblemDetails(ApicurioRegistryBaseIT.java:154)
	at io.apicurio.tests.ApicurioRegistryBaseIT$RegistryApiErrorWatcher.logProblemDetails(ApicurioRegistryBaseIT.java:154)
	at io.apicurio.tests.ApicurioRegistryBaseIT$RegistryApiErrorWatcher.logProblemDetails(ApicurioRegistryBaseIT.java:154)
	at io.apicurio.tests.ApicurioRegistryBaseIT$RegistryApiErrorWatcher.logProblemDetails(ApicurioRegistryBaseIT.java:154)
	at io.apicurio.tests.ApicurioRegistryBaseIT$RegistryApiErrorWatcher.logProblemDetails(ApicurioRegistryBaseIT.java:154)
	at io.apicurio.tests.ApicurioRegistryBaseIT$RegistryApiErrorWatcher.logProblemDetails(ApicurioRegistryBaseIT.java:154)
	at io.apicurio.tests.ApicurioRegistryBaseIT$RegistryApiErrorWatcher.logProblemDetails(ApicurioRegistryBaseIT.java:154)
	at io.apicurio.tests.ApicurioRegistryBaseIT$RegistryApiErrorWatcher.logProblemDetails(ApicurioRegistryBaseIT.java:154)
	at io.apicurio.tests.ApicurioRegistryBaseIT$RegistryApiErrorWatcher.logProblemDetails(ApicurioRegistryBaseIT.java:154)
	at io.apicurio.tests.ApicurioRegistryBaseIT$RegistryApiErrorWatcher.logProblemDetails(ApicurioRegistryBaseIT.java:154)
	at io.apicurio.tests.ApicurioRegistryBaseIT$RegistryApiErrorWatcher.logProblemDetails(ApicurioRegistryBaseIT.java:154)
	at io.apicurio.tests.ApicurioRegistryBaseIT$RegistryApiErrorWatcher.logProblemDetails(ApicurioRegistryBaseIT.java:154)
	at io.apicurio.tests.ApicurioRegistryBaseIT$RegistryApiErrorWatcher.logProblemDetails(ApicurioRegistryBaseIT.java:154)
	at io.apicurio.tests.ApicurioRegistryBaseIT$RegistryApiErrorWatcher.logProblemDetails(ApicurioRegistryBaseIT.java:154)
	at io.apicurio.tests.ApicurioRegistryBaseIT$RegistryApiErrorWatcher.logProblemDetails(ApicurioRegistryBaseIT.java:154)
	at io.apicurio.tests.ApicurioRegistryBaseIT$RegistryApiErrorWatcher.logProblemDetails(ApicurioRegistryBaseIT.java:154)
	at io.apicurio.tests.ApicurioRegistryBaseIT$RegistryApiErrorWatcher.logProblemDetails(ApicurioRegistryBaseIT.java:154)
	at io.apicurio.tests.ApicurioRegistryBaseIT$RegistryApiErrorWatcher.logProblemDetails(ApicurioRegistryBaseIT.java:154)
	at io.apicurio.tests.ApicurioRegistryBaseIT$RegistryApiErrorWatcher.logProblemDetails(ApicurioRegistryBaseIT.java:154)
	at io.apicurio.tests.ApicurioRegistryBaseIT$RegistryApiErrorWatcher.logProblemDetails(ApicurioRegistryBaseIT.java:154)
	at io.apicurio.tests.ApicurioRegistryBaseIT$RegistryApiErrorWatcher.logProblemDetails(ApicurioRegistryBaseIT.java:154)
	at io.apicurio.tests.ApicurioRegistryBaseIT$RegistryApiErrorWatcher.logProblemDetails(ApicurioRegistryBaseIT.java:154)
	at io.apicurio.tests.ApicurioRegistryBaseIT$RegistryApiErrorWatcher.logProblemDetails(ApicurioRegistryBaseIT.java:154)
	at io.apicurio.tests.ApicurioRegistryBaseIT$RegistryApiErrorWatcher.logProblemDetails(ApicurioRegistryBaseIT.java:154)
	at io.apicurio.tests.ApicurioRegistryBaseIT$RegistryApiErrorWatcher.logProblemDetails(ApicurioRegistryBaseIT.java:154)
	at io.apicurio.tests.ApicurioRegistryBaseIT$RegistryApiErrorWatcher.logProblemDetails(ApicurioRegistryBaseIT.java:154)
	at io.apicurio.tests.ApicurioRegistryBaseIT$RegistryApiErrorWatcher.logProblemDetails(ApicurioRegistryBaseIT.java:154)
	at io.apicurio.tests.ApicurioRegistryBaseIT$RegistryApiErrorWatcher.logProblemDetails(ApicurioRegistryBaseIT.java:154)
	at io.apicurio.tests.ApicurioRegistryBaseIT$RegistryApiErrorWatcher.logProblemDetails(ApicurioRegistryBaseIT.java:154)
	at io.apicurio.tests.ApicurioRegistryBaseIT$RegistryApiErrorWatcher.logProblemDetails(ApicurioRegistryBaseIT.java:154)
	at io.apicurio.tests.ApicurioRegistryBaseIT$RegistryApiErrorWatcher.logProblemDetails(ApicurioRegistryBaseIT.java:154)
	at io.apicurio.tests.ApicurioRegistryBaseIT$RegistryApiErrorWatcher.logProblemDetails(ApicurioRegistryBaseIT.java:154)
	at io.apicurio.tests.ApicurioRegistryBaseIT$RegistryApiErrorWatcher.logProblemDetails(ApicurioRegistryBaseIT.java:154)
	at io.apicurio.tests.ApicurioRegistryBaseIT$RegistryApiErrorWatcher.logProblemDetails(ApicurioRegistryBaseIT.java:154)
	at io.apicurio.tests.ApicurioRegistryBaseIT$RegistryApiErrorWatcher.logProblemDetails(ApicurioRegistryBaseIT.java:154)
	at io.apicurio.tests.ApicurioRegistryBaseIT$RegistryApiErrorWatcher.logProblemDetails(ApicurioRegistryBaseIT.java:154)
	at io.apicurio.tests.ApicurioRegistryBaseIT$RegistryApiErrorWatcher.logProblemDetails(ApicurioRegistryBaseIT.java:154)
	at io.apicurio.tests.ApicurioRegistryBaseIT$RegistryApiErrorWatcher.logProblemDetails(ApicurioRegistryBaseIT.java:154)
	at io.apicurio.tests.ApicurioRegistryBaseIT$RegistryApiErrorWatcher.logProblemDetails(ApicurioRegistryBaseIT.java:154)
	at io.apicurio.tests.ApicurioRegistryBaseIT$RegistryApiErrorWatcher.logProblemDetails(ApicurioRegistryBaseIT.java:154)
	at io.apicurio.tests.ApicurioRegistryBaseIT$RegistryApiErrorWatcher.logProblemDetails(ApicurioRegistryBaseIT.java:154)
	at io.apicurio.tests.ApicurioRegistryBaseIT$RegistryApiErrorWatcher.logProblemDetails(ApicurioRegistryBaseIT.java:154)
	at io.apicurio.tests.ApicurioRegistryBaseIT$RegistryApiErrorWatcher.logProblemDetails(ApicurioRegistryBaseIT.java:154)
	at io.apicurio.tests.ApicurioRegistryBaseIT$RegistryApiErrorWatcher.logProblemDetails(ApicurioRegistryBaseIT.java:154)
	at io.apicurio.tests.ApicurioRegistryBaseIT$RegistryApiErrorWatcher.logProblemDetails(ApicurioRegistryBaseIT.java:154)
	at io.apicurio.tests.ApicurioRegistryBaseIT$RegistryApiErrorWatcher.logProblemDetails(ApicurioRegistryBaseIT.java:154)
	at io.apicurio.tests.ApicurioRegistryBaseIT$RegistryApiErrorWatcher.logProblemDetails(ApicurioRegistryBaseIT.java:154)
	at io.apicurio.tests.ApicurioRegistryBaseIT$RegistryApiErrorWatcher.logProblemDetails(ApicurioRegistryBaseIT.java:154)
	at io.apicurio.tests.ApicurioRegistryBaseIT$RegistryApiErrorWatcher.logProblemDetails(ApicurioRegistryBaseIT.java:154)
	at io.apicurio.tests.ApicurioRegistryBaseIT$RegistryApiErrorWatcher.logProblemDetails(ApicurioRegistryBaseIT.java:154)
	at io.apicurio.tests.ApicurioRegistryBaseIT$RegistryApiErrorWatcher.logProblemDetails(ApicurioRegistryBaseIT.java:154)
	at io.apicurio.tests.ApicurioRegistryBaseIT$RegistryApiErrorWatcher.logProblemDetails(ApicurioRegistryBaseIT.java:154)
	at io.apicurio.tests.ApicurioRegistryBaseIT$RegistryApiErrorWatcher.logProblemDetails(ApicurioRegistryBaseIT.java:154)
	at io.apicurio.tests.ApicurioRegistryBaseIT$RegistryApiErrorWatcher.logProblemDetails(ApicurioRegistryBaseIT.java:154)
	at io.apicurio.tests.ApicurioRegistryBaseIT$RegistryApiErrorWatcher.logProblemDetails(ApicurioRegistryBaseIT.java:154)
	at io.apicurio.tests.ApicurioRegistryBaseIT$RegistryApiErrorWatcher.logProblemDetails(ApicurioRegistryBaseIT.java:154)
	at io.apicurio.tests.ApicurioRegistryBaseIT$RegistryApiErrorWatcher.logProblemDetails(ApicurioRegistryBaseIT.java:154)
	at io.apicurio.tests.ApicurioRegistryBaseIT$RegistryApiErrorWatcher.logProblemDetails(ApicurioRegistryBaseIT.java:154)
	at io.apicurio.tests.ApicurioRegistryBaseIT$RegistryApiErrorWatcher.logProblemDetails(ApicurioRegistryBaseIT.java:154)
	at io.apicurio.tests.ApicurioRegistryBaseIT$RegistryApiErrorWatcher.logProblemDetails(ApicurioRegistryBaseIT.java:154)
	at io.apicurio.tests.ApicurioRegistryBaseIT$RegistryApiErrorWatcher.logProblemDetails(ApicurioRegistryBaseIT.java:154)
	at io.apicurio.tests.ApicurioRegistryBaseIT$RegistryApiErrorWatcher.logProblemDetails(ApicurioRegistryBaseIT.java:154)
	at io.apicurio.tests.ApicurioRegistryBaseIT$RegistryApiErrorWatcher.logProblemDetails(ApicurioRegistryBaseIT.java:154)
	at io.apicurio.tests.ApicurioRegistryBaseIT$RegistryApiErrorWatcher.logProblemDetails(ApicurioRegistryBaseIT.java:154)
	at io.apicurio.tests.ApicurioRegistryBaseIT$RegistryApiErrorWatcher.logProblemDetails(ApicurioRegistryBaseIT.java:154)
	at io.apicurio.tests.ApicurioRegistryBaseIT$RegistryApiErrorWatcher.logProblemDetails(ApicurioRegistryBaseIT.java:154)
	at io.apicurio.tests.ApicurioRegistryBaseIT$RegistryApiErrorWatcher.logProblemDetails(ApicurioRegistryBaseIT.java:154)
	at io.apicurio.tests.ApicurioRegistryBaseIT$RegistryApiErrorWatcher.logProblemDetails(ApicurioRegistryBaseIT.java:154)
	at io.apicurio.tests.ApicurioRegistryBaseIT$RegistryApiErrorWatcher.logProblemDetails(ApicurioRegistryBaseIT.java:154)
	at io.apicurio.tests.ApicurioRegistryBaseIT$RegistryApiErrorWatcher.logProblemDetails(ApicurioRegistryBaseIT.java:154)
	at io.apicurio.tests.ApicurioRegistryBaseIT$RegistryApiErrorWatcher.logProblemDetails(ApicurioRegistryBaseIT.java:154)
	at io.apicurio.tests.ApicurioRegistryBaseIT$RegistryApiErrorWatcher.logProblemDetails(ApicurioRegistryBaseIT.java:154)
	at io.apicurio.tests.ApicurioRegistryBaseIT$RegistryApiErrorWatcher.logProblemDetails(ApicurioRegistryBaseIT.java:154)
	at io.apicurio.tests.ApicurioRegistryBaseIT$RegistryApiErrorWatcher.logProblemDetails(ApicurioRegistryBaseIT.java:154)
	at io.apicurio.tests.ApicurioRegistryBaseIT$RegistryApiErrorWatcher.logProblemDetails(ApicurioRegistryBaseIT.java:154)
	at io.apicurio.tests.ApicurioRegistryBaseIT$RegistryApiErrorWatcher.logProblemDetails(ApicurioRegistryBaseIT.java:154)
	at io.apicurio.tests.ApicurioRegistryBaseIT$RegistryApiErrorWatcher.logProblemDetails(ApicurioRegistryBaseIT.java:154)
	at io.apicurio.tests.ApicurioRegistryBaseIT$RegistryApiErrorWatcher.logProblemDetails(ApicurioRegistryBaseIT.java:154)
	at io.apicurio.tests.ApicurioRegistryBaseIT$RegistryApiErrorWatcher.logProblemDetails(ApicurioRegistryBaseIT.java:154)
	at io.apicurio.tests.ApicurioRegistryBaseIT$RegistryApiErrorWatcher.logProblemDetails(ApicurioRegistryBaseIT.java:154)
	at io.apicurio.tests.ApicurioRegistryBaseIT$RegistryApiErrorWatcher.logProblemDetails(ApicurioRegistryBaseIT.java:154)
	at io.apicurio.tests.ApicurioRegistryBaseIT$RegistryApiErrorWatcher.logProblemDetails(ApicurioRegistryBaseIT.java:154)
	at io.apicurio.tests.ApicurioRegistryBaseIT$RegistryApiErrorWatcher.logProblemDetails(ApicurioRegistryBaseIT.java:154)
	at io.apicurio.tests.ApicurioRegistryBaseIT$RegistryApiErrorWatcher.logProblemDetails(ApicurioRegistryBaseIT.java:154)
	at io.apicurio.tests.ApicurioRegistryBaseIT$RegistryApiErrorWatcher.logProblemDetails(ApicurioRegistryBaseIT.java:154)
	at io.apicurio.tests.ApicurioRegistryBaseIT$RegistryApiErrorWatcher.logProblemDetails(ApicurioRegistryBaseIT.java:154)
	at io.apicurio.tests.ApicurioRegistryBaseIT$RegistryApiErrorWatcher.logProblemDetails(ApicurioRegistryBaseIT.java:154)
	at io.apicurio.tests.ApicurioRegistryBaseIT$RegistryApiErrorWatcher.logProblemDetails(ApicurioRegistryBaseIT.java:154)
	at io.apicurio.tests.ApicurioRegistryBaseIT$RegistryApiErrorWatcher.logProblemDetails(ApicurioRegistryBaseIT.java:154)
	at io.apicurio.tests.ApicurioRegistryBaseIT$RegistryApiErrorWatcher.logProblemDetails(ApicurioRegistryBaseIT.java:154)
	at io.apicurio.tests.ApicurioRegistryBaseIT$RegistryApiErrorWatcher.logProblemDetails(ApicurioRegistryBaseIT.java:154)
	at io.apicurio.tests.ApicurioRegistryBaseIT$RegistryApiErrorWatcher.logProblemDetails(ApicurioRegistryBaseIT.java:154)
	at io.apicurio.tests.ApicurioRegistryBaseIT$RegistryApiErrorWatcher.logProblemDetails(ApicurioRegistryBaseIT.java:154)
	at io.apicurio.tests.ApicurioRegistryBaseIT$RegistryApiErrorWatcher.logProblemDetails(ApicurioRegistryBaseIT.java:154)
	at io.apicurio.tests.ApicurioRegistryBaseIT$RegistryApiErrorWatcher.logProblemDetails(ApicurioRegistryBaseIT.java:154)
	at io.apicurio.tests.ApicurioRegistryBaseIT$RegistryApiErrorWatcher.logProblemDetails(ApicurioRegistryBaseIT.java:154)
	at io.apicurio.tests.ApicurioRegistryBaseIT$RegistryApiErrorWatcher.logProblemDetails(ApicurioRegistryBaseIT.java:154)
	at io.apicurio.tests.ApicurioRegistryBaseIT$RegistryApiErrorWatcher.logProblemDetails(ApicurioRegistryBaseIT.java:154)
	at io.apicurio.tests.ApicurioRegistryBaseIT$RegistryApiErrorWatcher.logProblemDetails(ApicurioRegistryBaseIT.java:154)
	at io.apicurio.tests.ApicurioRegistryBaseIT$RegistryApiErrorWatcher.logProblemDetails(ApicurioRegistryBaseIT.java:154)
	at io.apicurio.tests.ApicurioRegistryBaseIT$RegistryApiErrorWatcher.logProblemDetails(ApicurioRegistryBaseIT.java:154)
	at io.apicurio.tests.ApicurioRegistryBaseIT$RegistryApiErrorWatcher.logProblemDetails(ApicurioRegistryBaseIT.java:154)
	at io.apicurio.tests.ApicurioRegistryBaseIT$RegistryApiErrorWatcher.logProblemDetails(ApicurioRegistryBaseIT.java:154)
	at io.apicurio.tests.ApicurioRegistryBaseIT$RegistryApiErrorWatcher.logProblemDetails(ApicurioRegistryBaseIT.java:154)
	at io.apicurio.tests.ApicurioRegistryBaseIT$RegistryApiErrorWatcher.logProblemDetails(ApicurioRegistryBaseIT.java:154)
	at io.apicurio.tests.ApicurioRegistryBaseIT$RegistryApiErrorWatcher.logProblemDetails(ApicurioRegistryBaseIT.java:154)
	at io.apicurio.tests.ApicurioRegistryBaseIT$RegistryApiErrorWatcher.logProblemDetails(ApicurioRegistryBaseIT.java:154)
	at io.apicurio.tests.ApicurioRegistryBaseIT$RegistryApiErrorWatcher.logProblemDetails(ApicurioRegistryBaseIT.java:154)
	at io.apicurio.tests.ApicurioRegistryBaseIT$RegistryApiErrorWatcher.logProblemDetails(ApicurioRegistryBaseIT.java:154)
	at io.apicurio.tests.ApicurioRegistryBaseIT$RegistryApiErrorWatcher.logProblemDetails(ApicurioRegistryBaseIT.java:154)
	at io.apicurio.tests.ApicurioRegistryBaseIT$RegistryApiErrorWatcher.logProblemDetails(ApicurioRegistryBaseIT.java:154)
	at io.apicurio.tests.ApicurioRegistryBaseIT$RegistryApiErrorWatcher.logProblemDetails(ApicurioRegistryBaseIT.java:154)
	at io.apicurio.tests.ApicurioRegistryBaseIT$RegistryApiErrorWatcher.logProblemDetails(ApicurioRegistryBaseIT.java:154)
	at io.apicurio.tests.ApicurioRegistryBaseIT$RegistryApiErrorWatcher.logProblemDetails(ApicurioRegistryBaseIT.java:154)
	at io.apicurio.tests.ApicurioRegistryBaseIT$RegistryApiErrorWatcher.logProblemDetails(ApicurioRegistryBaseIT.java:154)
	at io.apicurio.tests.ApicurioRegistryBaseIT$RegistryApiErrorWatcher.logProblemDetails(ApicurioRegistryBaseIT.java:154)
	at io.apicurio.tests.ApicurioRegistryBaseIT$RegistryApiErrorWatcher.logProblemDetails(ApicurioRegistryBaseIT.java:154)
	at io.apicurio.tests.ApicurioRegistryBaseIT$RegistryApiErrorWatcher.logProblemDetails(ApicurioRegistryBaseIT.java:154)
	at io.apicurio.tests.ApicurioRegistryBaseIT$RegistryApiErrorWatcher.logProblemDetails(ApicurioRegistryBaseIT.java:154)
	at io.apicurio.tests.ApicurioRegistryBaseIT$RegistryApiErrorWatcher.logProblemDetails(ApicurioRegistryBaseIT.java:154)
	at io.apicurio.tests.ApicurioRegistryBaseIT$RegistryApiErrorWatcher.logProblemDetails(ApicurioRegistryBaseIT.java:154)
	at io.apicurio.tests.ApicurioRegistryBaseIT$RegistryApiErrorWatcher.logProblemDetails(ApicurioRegistryBaseIT.java:154)
	at io.apicurio.tests.ApicurioRegistryBaseIT$RegistryApiErrorWatcher.logProblemDetails(ApicurioRegistryBaseIT.java:154)
	at io.apicurio.tests.ApicurioRegistryBaseIT$RegistryApiErrorWatcher.logProblemDetails(ApicurioRegistryBaseIT.java:154)
	at io.apicurio.tests.ApicurioRegistryBaseIT$RegistryApiErrorWatcher.logProblemDetails(ApicurioRegistryBaseIT.java:154)
	at io.apicurio.tests.ApicurioRegistryBaseIT$RegistryApiErrorWatcher.logProblemDetails(ApicurioRegistryBaseIT.java:154)
	at io.apicurio.tests.ApicurioRegistryBaseIT$RegistryApiErrorWatcher.logProblemDetails(ApicurioRegistryBaseIT.java:154)
	at io.apicurio.tests.ApicurioRegistryBaseIT$RegistryApiErrorWatcher.logProblemDetails(ApicurioRegistryBaseIT.java:154)
	at io.apicurio.tests.ApicurioRegistryBaseIT$RegistryApiErrorWatcher.logProblemDetails(ApicurioRegistryBaseIT.java:154)
	at io.apicurio.tests.ApicurioRegistryBaseIT$RegistryApiErrorWatcher.logProblemDetails(ApicurioRegistryBaseIT.java:154)
	at io.apicurio.tests.ApicurioRegistryBaseIT$RegistryApiErrorWatcher.logProblemDetails(ApicurioRegistryBaseIT.java:154)
	at io.apicurio.tests.ApicurioRegistryBaseIT$RegistryApiErrorWatcher.logProblemDetails(ApicurioRegistryBaseIT.java:154)
	at io.apicurio.tests.ApicurioRegistryBaseIT$RegistryApiErrorWatcher.logProblemDetails(ApicurioRegistryBaseIT.java:154)
	at io.apicurio.tests.ApicurioRegistryBaseIT$RegistryApiErrorWatcher.logProblemDetails(ApicurioRegistryBaseIT.java:154)
	at io.apicurio.tests.ApicurioRegistryBaseIT$RegistryApiErrorWatcher.logProblemDetails(ApicurioRegistryBaseIT.java:154)
	at io.apicurio.tests.ApicurioRegistryBaseIT$RegistryApiErrorWatcher.logProblemDetails(ApicurioRegistryBaseIT.java:154)
	at io.apicurio.tests.ApicurioRegistryBaseIT$RegistryApiErrorWatcher.logProblemDetails(ApicurioRegistryBaseIT.java:154)
	at io.apicurio.tests.ApicurioRegistryBaseIT$RegistryApiErrorWatcher.logProblemDetails(ApicurioRegistryBaseIT.java:154)
	at io.apicurio.tests.ApicurioRegistryBaseIT$RegistryApiErrorWatcher.logProblemDetails(ApicurioRegistryBaseIT.java:154)
	at io.apicurio.tests.ApicurioRegistryBaseIT$RegistryApiErrorWatcher.logProblemDetails(ApicurioRegistryBaseIT.java:154)
	at io.apicurio.tests.ApicurioRegistryBaseIT$RegistryApiErrorWatcher.logProblemDetails(ApicurioRegistryBaseIT.java:154)
	at io.apicurio.tests.ApicurioRegistryBaseIT$RegistryApiErrorWatcher.logProblemDetails(ApicurioRegistryBaseIT.java:154)
	at io.apicurio.tests.ApicurioRegistryBaseIT$RegistryApiErrorWatcher.logProblemDetails(ApicurioRegistryBaseIT.java:154)
	at io.apicurio.tests.ApicurioRegistryBaseIT$RegistryApiErrorWatcher.logProblemDetails(ApicurioRegistryBaseIT.java:154)
	at io.apicurio.tests.ApicurioRegistryBaseIT$RegistryApiErrorWatcher.logProblemDetails(ApicurioRegistryBaseIT.java:154)
	at io.apicurio.tests.ApicurioRegistryBaseIT$RegistryApiErrorWatcher.logProblemDetails(ApicurioRegistryBaseIT.java:154)
	at io.apicurio.tests.ApicurioRegistryBaseIT$RegistryApiErrorWatcher.logProblemDetails(ApicurioRegistryBaseIT.java:154)
	at io.apicurio.tests.ApicurioRegistryBaseIT$RegistryApiErrorWatcher.logProblemDetails(ApicurioRegistryBaseIT.java:154)
	at io.apicurio.tests.ApicurioRegistryBaseIT$RegistryApiErrorWatcher.logProblemDetails(ApicurioRegistryBaseIT.java:154)
	at io.apicurio.tests.ApicurioRegistryBaseIT$RegistryApiErrorWatcher.logProblemDetails(ApicurioRegistryBaseIT.java:154)
	at io.apicurio.tests.ApicurioRegistryBaseIT$RegistryApiErrorWatcher.logProblemDetails(ApicurioRegistryBaseIT.java:154)
	at io.apicurio.tests.ApicurioRegistryBaseIT$RegistryApiErrorWatcher.logProblemDetails(ApicurioRegistryBaseIT.java:154)
	at io.apicurio.tests.ApicurioRegistryBaseIT$RegistryApiErrorWatcher.logProblemDetails(ApicurioRegistryBaseIT.java:154)
	at io.apicurio.tests.ApicurioRegistryBaseIT$RegistryApiErrorWatcher.logProblemDetails(ApicurioRegistryBaseIT.java:154)
	at io.apicurio.tests.ApicurioRegistryBaseIT$RegistryApiErrorWatcher.logProblemDetails(ApicurioRegistryBaseIT.java:154)
	at io.apicurio.tests.ApicurioRegistryBaseIT$RegistryApiErrorWatcher.logProblemDetails(ApicurioRegistryBaseIT.java:154)
	at io.apicurio.tests.ApicurioRegistryBaseIT$RegistryApiErrorWatcher.logProblemDetails(ApicurioRegistryBaseIT.java:154)
	at io.apicurio.tests.ApicurioRegistryBaseIT$RegistryApiErrorWatcher.logProblemDetails(ApicurioRegistryBaseIT.java:154)
	at io.apicurio.tests.ApicurioRegistryBaseIT$RegistryApiErrorWatcher.logProblemDetails(ApicurioRegistryBaseIT.java:154)
	at io.apicurio.tests.ApicurioRegistryBaseIT$RegistryApiErrorWatcher.logProblemDetails(ApicurioRegistryBaseIT.java:154)
	at io.apicurio.tests.ApicurioRegistryBaseIT$RegistryApiErrorWatcher.logProblemDetails(ApicurioRegistryBaseIT.java:154)
	at io.apicurio.tests.ApicurioRegistryBaseIT$RegistryApiErrorWatcher.logProblemDetails(ApicurioRegistryBaseIT.java:154)
	at io.apicurio.tests.ApicurioRegistryBaseIT$RegistryApiErrorWatcher.logProblemDetails(ApicurioRegistryBaseIT.java:154)
	at io.apicurio.tests.ApicurioRegistryBaseIT$RegistryApiErrorWatcher.logProblemDetails(ApicurioRegistryBaseIT.java:154)
	at io.apicurio.tests.ApicurioRegistryBaseIT$RegistryApiErrorWatcher.logProblemDetails(ApicurioRegistryBaseIT.java:154)
	at io.apicurio.tests.ApicurioRegistryBaseIT$RegistryApiErrorWatcher.logProblemDetails(ApicurioRegistryBaseIT.java:154)
	at io.apicurio.tests.ApicurioRegistryBaseIT$RegistryApiErrorWatcher.logProblemDetails(ApicurioRegistryBaseIT.java:154)
	at io.apicurio.tests.ApicurioRegistryBaseIT$RegistryApiErrorWatcher.logProblemDetails(ApicurioRegistryBaseIT.java:154)
	at io.apicurio.tests.ApicurioRegistryBaseIT$RegistryApiErrorWatcher.logProblemDetails(ApicurioRegistryBaseIT.java:154)
	at io.apicurio.tests.ApicurioRegistryBaseIT$RegistryApiErrorWatcher.logProblemDetails(ApicurioRegistryBaseIT.java:154)
	at io.apicurio.tests.ApicurioRegistryBaseIT$RegistryApiErrorWatcher.logProblemDetails(ApicurioRegistryBaseIT.java:154)
	at io.apicurio.tests.ApicurioRegistryBaseIT$RegistryApiErrorWatcher.logProblemDetails(ApicurioRegistryBaseIT.java:154)
	at io.apicurio.tests.ApicurioRegistryBaseIT$RegistryApiErrorWatcher.logProblemDetails(ApicurioRegistryBaseIT.java:154)
	at io.apicurio.tests.ApicurioRegistryBaseIT$RegistryApiErrorWatcher.logProblemDetails(ApicurioRegistryBaseIT.java:154)
	at io.apicurio.tests.ApicurioRegistryBaseIT$RegistryApiErrorWatcher.logProblemDetails(ApicurioRegistryBaseIT.java:154)
	at io.apicurio.tests.ApicurioRegistryBaseIT$RegistryApiErrorWatcher.logProblemDetails(ApicurioRegistryBaseIT.java:154)
	at io.apicurio.tests.ApicurioRegistryBaseIT$RegistryApiErrorWatcher.logProblemDetails(ApicurioRegistryBaseIT.java:154)
	at io.apicurio.tests.ApicurioRegistryBaseIT$RegistryApiErrorWatcher.logProblemDetails(ApicurioRegistryBaseIT.java:154)
	at io.apicurio.tests.ApicurioRegistryBaseIT$RegistryApiErrorWatcher.logProblemDetails(ApicurioRegistryBaseIT.java:154)
	at io.apicurio.tests.ApicurioRegistryBaseIT$RegistryApiErrorWatcher.logProblemDetails(ApicurioRegistryBaseIT.java:154)
	at io.apicurio.tests.ApicurioRegistryBaseIT$RegistryApiErrorWatcher.logProblemDetails(ApicurioRegistryBaseIT.java:154)
	at io.apicurio.tests.ApicurioRegistryBaseIT$RegistryApiErrorWatcher.logProblemDetails(ApicurioRegistryBaseIT.java:154)
	at io.apicurio.tests.ApicurioRegistryBaseIT$RegistryApiErrorWatcher.logProblemDetails(ApicurioRegistryBaseIT.java:154)
	at io.apicurio.tests.ApicurioRegistryBaseIT$RegistryApiErrorWatcher.logProblemDetails(ApicurioRegistryBaseIT.java:154)
	at io.apicurio.tests.ApicurioRegistryBaseIT$RegistryApiErrorWatcher.logProblemDetails(ApicurioRegistryBaseIT.java:154)
	at io.apicurio.tests.ApicurioRegistryBaseIT$RegistryApiErrorWatcher.logProblemDetails(ApicurioRegistryBaseIT.java:154)
	at io.apicurio.tests.ApicurioRegistryBaseIT$RegistryApiErrorWatcher.logProblemDetails(ApicurioRegistryBaseIT.java:154)
	at io.apicurio.tests.ApicurioRegistryBaseIT$RegistryApiErrorWatcher.logProblemDetails(ApicurioRegistryBaseIT.java:154)
	at io.apicurio.tests.ApicurioRegistryBaseIT$RegistryApiErrorWatcher.logProblemDetails(ApicurioRegistryBaseIT.java:154)
	at io.apicurio.tests.ApicurioRegistryBaseIT$RegistryApiErrorWatcher.logProblemDetails(ApicurioRegistryBaseIT.java:154)
	at io.apicurio.tests.ApicurioRegistryBaseIT$RegistryApiErrorWatcher.logProblemDetails(ApicurioRegistryBaseIT.java:154)
	at io.apicurio.tests.ApicurioRegistryBaseIT$RegistryApiErrorWatcher.logProblemDetails(ApicurioRegistryBaseIT.java:154)
	at io.apicurio.tests.ApicurioRegistryBaseIT$RegistryApiErrorWatcher.logProblemDetails(ApicurioRegistryBaseIT.java:154)
	at io.apicurio.tests.ApicurioRegistryBaseIT$RegistryApiErrorWatcher.logProblemDetails(ApicurioRegistryBaseIT.java:154)
	at io.apicurio.tests.ApicurioRegistryBaseIT$RegistryApiErrorWatcher.logProblemDetails(ApicurioRegistryBaseIT.java:154)
	at io.apicurio.tests.ApicurioRegistryBaseIT$RegistryApiErrorWatcher.logProblemDetails(ApicurioRegistryBaseIT.java:154)
	at io.apicurio.tests.ApicurioRegistryBaseIT$RegistryApiErrorWatcher.logProblemDetails(ApicurioRegistryBaseIT.java:154)
	at io.apicurio.tests.ApicurioRegistryBaseIT$RegistryApiErrorWatcher.logProblemDetails(ApicurioRegistryBaseIT.java:154)
	at io.apicurio.tests.ApicurioRegistryBaseIT$RegistryApiErrorWatcher.logProblemDetails(ApicurioRegistryBaseIT.java:154)
	at io.apicurio.tests.ApicurioRegistryBaseIT$RegistryApiErrorWatcher.logProblemDetails(ApicurioRegistryBaseIT.java:154)
	at io.apicurio.tests.ApicurioRegistryBaseIT$RegistryApiErrorWatcher.logProblemDetails(ApicurioRegistryBaseIT.java:154)
	at io.apicurio.tests.ApicurioRegistryBaseIT$RegistryApiErrorWatcher.logProblemDetails(ApicurioRegistryBaseIT.java:154)
	at io.apicurio.tests.ApicurioRegistryBaseIT$RegistryApiErrorWatcher.logProblemDetails(ApicurioRegistryBaseIT.java:154)
	at io.apicurio.tests.ApicurioRegistryBaseIT$RegistryApiErrorWatcher.logProblemDetails(ApicurioRegistryBaseIT.java:154)
	at io.apicurio.tests.ApicurioRegistryBaseIT$RegistryApiErrorWatcher.logProblemDetails(ApicurioRegistryBaseIT.java:154)
	at io.apicurio.tests.ApicurioRegistryBaseIT$RegistryApiErrorWatcher.logProblemDetails(ApicurioRegistryBaseIT.java:154)
	at io.apicurio.tests.ApicurioRegistryBaseIT$RegistryApiErrorWatcher.logProblemDetails(ApicurioRegistryBaseIT.java:154)
	at io.apicurio.tests.ApicurioRegistryBaseIT$RegistryApiErrorWatcher.logProblemDetails(ApicurioRegistryBaseIT.java:154)
	at io.apicurio.tests.ApicurioRegistryBaseIT$RegistryApiErrorWatcher.logProblemDetails(ApicurioRegistryBaseIT.java:154)
	at io.apicurio.tests.ApicurioRegistryBaseIT$RegistryApiErrorWatcher.logProblemDetails(ApicurioRegistryBaseIT.java:154)
	at io.apicurio.tests.ApicurioRegistryBaseIT$RegistryApiErrorWatcher.logProblemDetails(ApicurioRegistryBaseIT.java:154)
	at io.apicurio.tests.ApicurioRegistryBaseIT$RegistryApiErrorWatcher.logProblemDetails(ApicurioRegistryBaseIT.java:154)
	at io.apicurio.tests.ApicurioRegistryBaseIT$RegistryApiErrorWatcher.logProblemDetails(ApicurioRegistryBaseIT.java:154)
	at io.apicurio.tests.ApicurioRegistryBaseIT$RegistryApiErrorWatcher.logProblemDetails(ApicurioRegistryBaseIT.java:154)
	at io.apicurio.tests.ApicurioRegistryBaseIT$RegistryApiErrorWatcher.logProblemDetails(ApicurioRegistryBaseIT.java:154)
	at io.apicurio.tests.ApicurioRegistryBaseIT$RegistryApiErrorWatcher.logProblemDetails(ApicurioRegistryBaseIT.java:154)
	at io.apicurio.tests.ApicurioRegistryBaseIT$RegistryApiErrorWatcher.logProblemDetails(ApicurioRegistryBaseIT.java:154)
	at io.apicurio.tests.ApicurioRegistryBaseIT$RegistryApiErrorWatcher.logProblemDetails(ApicurioRegistryBaseIT.java:154)
	at io.apicurio.tests.ApicurioRegistryBaseIT$RegistryApiErrorWatcher.logProblemDetails(ApicurioRegistryBaseIT.java:154)
	at io.apicurio.tests.ApicurioRegistryBaseIT$RegistryApiErrorWatcher.logProblemDetails(ApicurioRegistryBaseIT.java:154)
	at io.apicurio.tests.ApicurioRegistryBaseIT$RegistryApiErrorWatcher.logProblemDetails(ApicurioRegistryBaseIT.java:154)
	at io.apicurio.tests.ApicurioRegistryBaseIT$RegistryApiErrorWatcher.logProblemDetails(ApicurioRegistryBaseIT.java:154)
	at io.apicurio.tests.ApicurioRegistryBaseIT$RegistryApiErrorWatcher.logProblemDetails(ApicurioRegistryBaseIT.java:154)
	at io.apicurio.tests.ApicurioRegistryBaseIT$RegistryApiErrorWatcher.logProblemDetails(ApicurioRegistryBaseIT.java:154)
	at io.apicurio.tests.ApicurioRegistryBaseIT$RegistryApiErrorWatcher.logProblemDetails(ApicurioRegistryBaseIT.java:154)
	at io.apicurio.tests.ApicurioRegistryBaseIT$RegistryApiErrorWatcher.logProblemDetails(ApicurioRegistryBaseIT.java:154)
	at io.apicurio.tests.ApicurioRegistryBaseIT$RegistryApiErrorWatcher.logProblemDetails(ApicurioRegistryBaseIT.java:154)
	at io.apicurio.tests.ApicurioRegistryBaseIT$RegistryApiErrorWatcher.logProblemDetails(ApicurioRegistryBaseIT.java:154)
	at io.apicurio.tests.ApicurioRegistryBaseIT$RegistryApiErrorWatcher.logProblemDetails(ApicurioRegistryBaseIT.java:154)
	at io.apicurio.tests.ApicurioRegistryBaseIT$RegistryApiErrorWatcher.logProblemDetails(ApicurioRegistryBaseIT.java:154)
	at io.apicurio.tests.ApicurioRegistryBaseIT$RegistryApiErrorWatcher.logProblemDetails(ApicurioRegistryBaseIT.java:154)
	at io.apicurio.tests.ApicurioRegistryBaseIT$RegistryApiErrorWatcher.logProblemDetails(ApicurioRegistryBaseIT.java:154)
	at io.apicurio.tests.ApicurioRegistryBaseIT$RegistryApiErrorWatcher.logProblemDetails(ApicurioRegistryBaseIT.java:154)
	at io.apicurio.tests.ApicurioRegistryBaseIT$RegistryApiErrorWatcher.logProblemDetails(ApicurioRegistryBaseIT.java:154)
	at io.apicurio.tests.ApicurioRegistryBaseIT$RegistryApiErrorWatcher.logProblemDetails(ApicurioRegistryBaseIT.java:154)
	at io.apicurio.tests.ApicurioRegistryBaseIT$RegistryApiErrorWatcher.logProblemDetails(ApicurioRegistryBaseIT.java:154)
	at io.apicurio.tests.ApicurioRegistryBaseIT$RegistryApiErrorWatcher.logProblemDetails(ApicurioRegistryBaseIT.java:154)
	at io.apicurio.tests.ApicurioRegistryBaseIT$RegistryApiErrorWatcher.logProblemDetails(ApicurioRegistryBaseIT.java:154)
	at io.apicurio.tests.ApicurioRegistryBaseIT$RegistryApiErrorWatcher.logProblemDetails(ApicurioRegistryBaseIT.java:154)
	at io.apicurio.tests.ApicurioRegistryBaseIT$RegistryApiErrorWatcher.logProblemDetails(ApicurioRegistryBaseIT.java:154)
	at io.apicurio.tests.ApicurioRegistryBaseIT$RegistryApiErrorWatcher.logProblemDetails(ApicurioRegistryBaseIT.java:154)
	at io.apicurio.tests.ApicurioRegistryBaseIT$RegistryApiErrorWatcher.logProblemDetails(ApicurioRegistryBaseIT.java:154)
	at io.apicurio.tests.ApicurioRegistryBaseIT$RegistryApiErrorWatcher.logProblemDetails(ApicurioRegistryBaseIT.java:154)
	at io.apicurio.tests.ApicurioRegistryBaseIT$RegistryApiErrorWatcher.logProblemDetails(ApicurioRegistryBaseIT.java:154)
	at io.apicurio.tests.ApicurioRegistryBaseIT$RegistryApiErrorWatcher.logProblemDetails(ApicurioRegistryBaseIT.java:154)
	at io.apicurio.tests.ApicurioRegistryBaseIT$RegistryApiErrorWatcher.logProblemDetails(ApicurioRegistryBaseIT.java:154)
	at io.apicurio.tests.ApicurioRegistryBaseIT$RegistryApiErrorWatcher.logProblemDetails(ApicurioRegistryBaseIT.java:154)
	at io.apicurio.tests.ApicurioRegistryBaseIT$RegistryApiErrorWatcher.logProblemDetails(ApicurioRegistryBaseIT.java:154)
	at io.apicurio.tests.ApicurioRegistryBaseIT$RegistryApiErrorWatcher.logProblemDetails(ApicurioRegistryBaseIT.java:154)
	at io.apicurio.tests.ApicurioRegistryBaseIT$RegistryApiErrorWatcher.logProblemDetails(ApicurioRegistryBaseIT.java:154)
	at io.apicurio.tests.ApicurioRegistryBaseIT$RegistryApiErrorWatcher.logProblemDetails(ApicurioRegistryBaseIT.java:154)
	at io.apicurio.tests.ApicurioRegistryBaseIT$RegistryApiErrorWatcher.logProblemDetails(ApicurioRegistryBaseIT.java:154)
	at io.apicurio.tests.ApicurioRegistryBaseIT$RegistryApiErrorWatcher.logProblemDetails(ApicurioRegistryBaseIT.java:154)
	at io.apicurio.tests.ApicurioRegistryBaseIT$RegistryApiErrorWatcher.logProblemDetails(ApicurioRegistryBaseIT.java:154)
	at io.apicurio.tests.ApicurioRegistryBaseIT$RegistryApiErrorWatcher.logProblemDetails(ApicurioRegistryBaseIT.java:154)
	at io.apicurio.tests.ApicurioRegistryBaseIT$RegistryApiErrorWatcher.logProblemDetails(ApicurioRegistryBaseIT.java:154)
	at io.apicurio.tests.ApicurioRegistryBaseIT$RegistryApiErrorWatcher.logProblemDetails(ApicurioRegistryBaseIT.java:154)
	at io.apicurio.tests.ApicurioRegistryBaseIT$RegistryApiErrorWatcher.logProblemDetails(ApicurioRegistryBaseIT.java:154)
	at io.apicurio.tests.ApicurioRegistryBaseIT$RegistryApiErrorWatcher.logProblemDetails(ApicurioRegistryBaseIT.java:154)
	at io.apicurio.tests.ApicurioRegistryBaseIT$RegistryApiErrorWatcher.logProblemDetails(ApicurioRegistryBaseIT.java:154)
	at io.apicurio.tests.ApicurioRegistryBaseIT$RegistryApiErrorWatcher.logProblemDetails(ApicurioRegistryBaseIT.java:154)
	at io.apicurio.tests.ApicurioRegistryBaseIT$RegistryApiErrorWatcher.logProblemDetails(ApicurioRegistryBaseIT.java:154)
	at io.apicurio.tests.ApicurioRegistryBaseIT$RegistryApiErrorWatcher.logProblemDetails(ApicurioRegistryBaseIT.java:154)
	at io.apicurio.tests.ApicurioRegistryBaseIT$RegistryApiErrorWatcher.logProblemDetails(ApicurioRegistryBaseIT.java:154)
	at io.apicurio.tests.ApicurioRegistryBaseIT$RegistryApiErrorWatcher.logProblemDetails(ApicurioRegistryBaseIT.java:154)
	at io.apicurio.tests.ApicurioRegistryBaseIT$RegistryApiErrorWatcher.logProblemDetails(ApicurioRegistryBaseIT.java:154)
	at io.apicurio.tests.ApicurioRegistryBaseIT$RegistryApiErrorWatcher.logProblemDetails(ApicurioRegistryBaseIT.java:154)
	at io.apicurio.tests.ApicurioRegistryBaseIT$RegistryApiErrorWatcher.logProblemDetails(ApicurioRegistryBaseIT.java:154)
	at io.apicurio.tests.ApicurioRegistryBaseIT$RegistryApiErrorWatcher.logProblemDetails(ApicurioRegistryBaseIT.java:154)
	at io.apicurio.tests.ApicurioRegistryBaseIT$RegistryApiErrorWatcher.logProblemDetails(ApicurioRegistryBaseIT.java:154)
	at io.apicurio.tests.ApicurioRegistryBaseIT$RegistryApiErrorWatcher.logProblemDetails(ApicurioRegistryBaseIT.java:154)
	at io.apicurio.tests.ApicurioRegistryBaseIT$RegistryApiErrorWatcher.logProblemDetails(ApicurioRegistryBaseIT.java:154)
	at io.apicurio.tests.ApicurioRegistryBaseIT$RegistryApiErrorWatcher.logProblemDetails(ApicurioRegistryBaseIT.java:154)
	at io.apicurio.tests.ApicurioRegistryBaseIT$RegistryApiErrorWatcher.logProblemDetails(ApicurioRegistryBaseIT.java:154)
	at io.apicurio.tests.ApicurioRegistryBaseIT$RegistryApiErrorWatcher.logProblemDetails(ApicurioRegistryBaseIT.java:154)
	at io.apicurio.tests.ApicurioRegistryBaseIT$RegistryApiErrorWatcher.logProblemDetails(ApicurioRegistryBaseIT.java:154)
	at io.apicurio.tests.ApicurioRegistryBaseIT$RegistryApiErrorWatcher.logProblemDetails(ApicurioRegistryBaseIT.java:154)
	at io.apicurio.tests.ApicurioRegistryBaseIT$RegistryApiErrorWatcher.logProblemDetails(ApicurioRegistryBaseIT.java:154)
	at io.apicurio.tests.ApicurioRegistryBaseIT$RegistryApiErrorWatcher.logProblemDetails(ApicurioRegistryBaseIT.java:154)
	at io.apicurio.tests.ApicurioRegistryBaseIT$RegistryApiErrorWatcher.logProblemDetails(ApicurioRegistryBaseIT.java:154)
	at io.apicurio.tests.ApicurioRegistryBaseIT$RegistryApiErrorWatcher.logProblemDetails(ApicurioRegistryBaseIT.java:154)
	at io.apicurio.tests.ApicurioRegistryBaseIT$RegistryApiErrorWatcher.logProblemDetails(ApicurioRegistryBaseIT.java:154)
	at io.apicurio.tests.ApicurioRegistryBaseIT$RegistryApiErrorWatcher.logProblemDetails(ApicurioRegistryBaseIT.java:154)
	at io.apicurio.tests.ApicurioRegistryBaseIT$RegistryApiErrorWatcher.logProblemDetails(ApicurioRegistryBaseIT.java:154)
	at io.apicurio.tests.ApicurioRegistryBaseIT$RegistryApiErrorWatcher.logProblemDetails(ApicurioRegistryBaseIT.java:154)
	at io.apicurio.tests.ApicurioRegistryBaseIT$RegistryApiErrorWatcher.logProblemDetails(ApicurioRegistryBaseIT.java:154)
	at io.apicurio.tests.ApicurioRegistryBaseIT$RegistryApiErrorWatcher.logProblemDetails(ApicurioRegistryBaseIT.java:154)
	at io.apicurio.tests.ApicurioRegistryBaseIT$RegistryApiErrorWatcher.logProblemDetails(ApicurioRegistryBaseIT.java:154)
	at io.apicurio.tests.ApicurioRegistryBaseIT$RegistryApiErrorWatcher.logProblemDetails(ApicurioRegistryBaseIT.java:154)
	at io.apicurio.tests.ApicurioRegistryBaseIT$RegistryApiErrorWatcher.logProblemDetails(ApicurioRegistryBaseIT.java:154)
	at io.apicurio.tests.ApicurioRegistryBaseIT$RegistryApiErrorWatcher.logProblemDetails(ApicurioRegistryBaseIT.java:154)
	at io.apicurio.tests.ApicurioRegistryBaseIT$RegistryApiErrorWatcher.logProblemDetails(ApicurioRegistryBaseIT.java:154)
	at io.apicurio.tests.ApicurioRegistryBaseIT$RegistryApiErrorWatcher.logProblemDetails(ApicurioRegistryBaseIT.java:154)
	at io.apicurio.tests.ApicurioRegistryBaseIT$RegistryApiErrorWatcher.logProblemDetails(ApicurioRegistryBaseIT.java:154)
	at io.apicurio.tests.ApicurioRegistryBaseIT$RegistryApiErrorWatcher.logProblemDetails(ApicurioRegistryBaseIT.java:154)
	at io.apicurio.tests.ApicurioRegistryBaseIT$RegistryApiErrorWatcher.logProblemDetails(ApicurioRegistryBaseIT.java:154)
	at io.apicurio.tests.ApicurioRegistryBaseIT$RegistryApiErrorWatcher.logProblemDetails(ApicurioRegistryBaseIT.java:154)
	at io.apicurio.tests.ApicurioRegistryBaseIT$RegistryApiErrorWatcher.logProblemDetails(ApicurioRegistryBaseIT.java:154)
	at io.apicurio.tests.ApicurioRegistryBaseIT$RegistryApiErrorWatcher.logProblemDetails(ApicurioRegistryBaseIT.java:154)
	at io.apicurio.tests.ApicurioRegistryBaseIT$RegistryApiErrorWatcher.logProblemDetails(ApicurioRegistryBaseIT.java:154)
	at io.apicurio.tests.ApicurioRegistryBaseIT$RegistryApiErrorWatcher.logProblemDetails(ApicurioRegistryBaseIT.java:154)
	at io.apicurio.tests.ApicurioRegistryBaseIT$RegistryApiErrorWatcher.logProblemDetails(ApicurioRegistryBaseIT.java:154)
	at io.apicurio.tests.ApicurioRegistryBaseIT$RegistryApiErrorWatcher.logProblemDetails(ApicurioRegistryBaseIT.java:154)
	at io.apicurio.tests.ApicurioRegistryBaseIT$RegistryApiErrorWatcher.logProblemDetails(ApicurioRegistryBaseIT.java:154)
	at io.apicurio.tests.ApicurioRegistryBaseIT$RegistryApiErrorWatcher.logProblemDetails(ApicurioRegistryBaseIT.java:154)
	at io.apicurio.tests.ApicurioRegistryBaseIT$RegistryApiErrorWatcher.logProblemDetails(ApicurioRegistryBaseIT.java:154)
	at io.apicurio.tests.ApicurioRegistryBaseIT$RegistryApiErrorWatcher.logProblemDetails(ApicurioRegistryBaseIT.java:154)
	at io.apicurio.tests.ApicurioRegistryBaseIT$RegistryApiErrorWatcher.logProblemDetails(ApicurioRegistryBaseIT.java:154)
	at io.apicurio.tests.ApicurioRegistryBaseIT$RegistryApiErrorWatcher.logProblemDetails(ApicurioRegistryBaseIT.java:154)
	at io.apicurio.tests.ApicurioRegistryBaseIT$RegistryApiErrorWatcher.logProblemDetails(ApicurioRegistryBaseIT.java:154)
	at io.apicurio.tests.ApicurioRegistryBaseIT$RegistryApiErrorWatcher.logProblemDetails(ApicurioRegistryBaseIT.java:154)
	at io.apicurio.tests.ApicurioRegistryBaseIT$RegistryApiErrorWatcher.logProblemDetails(ApicurioRegistryBaseIT.java:154)
	at io.apicurio.tests.ApicurioRegistryBaseIT$RegistryApiErrorWatcher.logProblemDetails(ApicurioRegistryBaseIT.java:154)
	at io.apicurio.tests.ApicurioRegistryBaseIT$RegistryApiErrorWatcher.logProblemDetails(ApicurioRegistryBaseIT.java:154)
	at io.apicurio.tests.ApicurioRegistryBaseIT$RegistryApiErrorWatcher.logProblemDetails(ApicurioRegistryBaseIT.java:154)
	at io.apicurio.tests.ApicurioRegistryBaseIT$RegistryApiErrorWatcher.logProblemDetails(ApicurioRegistryBaseIT.java:154)
	at io.apicurio.tests.ApicurioRegistryBaseIT$RegistryApiErrorWatcher.logProblemDetails(ApicurioRegistryBaseIT.java:154)
	at io.apicurio.tests.ApicurioRegistryBaseIT$RegistryApiErrorWatcher.logProblemDetails(ApicurioRegistryBaseIT.java:154)
	at io.apicurio.tests.ApicurioRegistryBaseIT$RegistryApiErrorWatcher.logProblemDetails(ApicurioRegistryBaseIT.java:154)
	at io.apicurio.tests.ApicurioRegistryBaseIT$RegistryApiErrorWatcher.logProblemDetails(ApicurioRegistryBaseIT.java:154)
	at io.apicurio.tests.ApicurioRegistryBaseIT$RegistryApiErrorWatcher.logProblemDetails(ApicurioRegistryBaseIT.java:154)
	at io.apicurio.tests.ApicurioRegistryBaseIT$RegistryApiErrorWatcher.logProblemDetails(ApicurioRegistryBaseIT.java:154)
	at io.apicurio.tests.ApicurioRegistryBaseIT$RegistryApiErrorWatcher.logProblemDetails(ApicurioRegistryBaseIT.java:154)
	at io.apicurio.tests.ApicurioRegistryBaseIT$RegistryApiErrorWatcher.logProblemDetails(ApicurioRegistryBaseIT.java:154)
	at io.apicurio.tests.ApicurioRegistryBaseIT$RegistryApiErrorWatcher.logProblemDetails(ApicurioRegistryBaseIT.java:154)
	at io.apicurio.tests.ApicurioRegistryBaseIT$RegistryApiErrorWatcher.logProblemDetails(ApicurioRegistryBaseIT.java:154)
	at io.apicurio.tests.ApicurioRegistryBaseIT$RegistryApiErrorWatcher.logProblemDetails(ApicurioRegistryBaseIT.java:154)
	at io.apicurio.tests.ApicurioRegistryBaseIT$RegistryApiErrorWatcher.logProblemDetails(ApicurioRegistryBaseIT.java:154)
	at io.apicurio.tests.ApicurioRegistryBaseIT$RegistryApiErrorWatcher.logProblemDetails(ApicurioRegistryBaseIT.java:154)
	at io.apicurio.tests.ApicurioRegistryBaseIT$RegistryApiErrorWatcher.logProblemDetails(ApicurioRegistryBaseIT.java:154)
	at io.apicurio.tests.ApicurioRegistryBaseIT$RegistryApiErrorWatcher.logProblemDetails(ApicurioRegistryBaseIT.java:154)
	at io.apicurio.tests.ApicurioRegistryBaseIT$RegistryApiErrorWatcher.logProblemDetails(ApicurioRegistryBaseIT.java:154)
	at io.apicurio.tests.ApicurioRegistryBaseIT$RegistryApiErrorWatcher.logProblemDetails(ApicurioRegistryBaseIT.java:154)
	at io.apicurio.tests.ApicurioRegistryBaseIT$RegistryApiErrorWatcher.logProblemDetails(ApicurioRegistryBaseIT.java:154)
	at io.apicurio.tests.ApicurioRegistryBaseIT$RegistryApiErrorWatcher.logProblemDetails(ApicurioRegistryBaseIT.java:154)
	at io.apicurio.tests.ApicurioRegistryBaseIT$RegistryApiErrorWatcher.logProblemDetails(ApicurioRegistryBaseIT.java:154)
	at io.apicurio.tests.ApicurioRegistryBaseIT$RegistryApiErrorWatcher.logProblemDetails(ApicurioRegistryBaseIT.java:154)
	at io.apicurio.tests.ApicurioRegistryBaseIT$RegistryApiErrorWatcher.logProblemDetails(ApicurioRegistryBaseIT.java:154)
	at io.apicurio.tests.ApicurioRegistryBaseIT$RegistryApiErrorWatcher.logProblemDetails(ApicurioRegistryBaseIT.java:154)
	at io.apicurio.tests.ApicurioRegistryBaseIT$RegistryApiErrorWatcher.logProblemDetails(ApicurioRegistryBaseIT.java:154)
	at io.apicurio.tests.ApicurioRegistryBaseIT$RegistryApiErrorWatcher.logProblemDetails(ApicurioRegistryBaseIT.java:154)
	at io.apicurio.tests.ApicurioRegistryBaseIT$RegistryApiErrorWatcher.logProblemDetails(ApicurioRegistryBaseIT.java:154)
	at io.apicurio.tests.ApicurioRegistryBaseIT$RegistryApiErrorWatcher.logProblemDetails(ApicurioRegistryBaseIT.java:154)
	at io.apicurio.tests.ApicurioRegistryBaseIT$RegistryApiErrorWatcher.logProblemDetails(ApicurioRegistryBaseIT.java:154)
	at io.apicurio.tests.ApicurioRegistryBaseIT$RegistryApiErrorWatcher.logProblemDetails(ApicurioRegistryBaseIT.java:154)
	at io.apicurio.tests.ApicurioRegistryBaseIT$RegistryApiErrorWatcher.logProblemDetails(ApicurioRegistryBaseIT.java:154)
	at io.apicurio.tests.ApicurioRegistryBaseIT$RegistryApiErrorWatcher.logProblemDetails(ApicurioRegistryBaseIT.java:154)
	at io.apicurio.tests.ApicurioRegistryBaseIT$RegistryApiErrorWatcher.logProblemDetails(ApicurioRegistryBaseIT.java:154)
	at io.apicurio.tests.ApicurioRegistryBaseIT$RegistryApiErrorWatcher.logProblemDetails(ApicurioRegistryBaseIT.java:154)
	at io.apicurio.tests.ApicurioRegistryBaseIT$RegistryApiErrorWatcher.logProblemDetails(ApicurioRegistryBaseIT.java:154)
	at io.apicurio.tests.ApicurioRegistryBaseIT$RegistryApiErrorWatcher.logProblemDetails(ApicurioRegistryBaseIT.java:154)
	at io.apicurio.tests.ApicurioRegistryBaseIT$RegistryApiErrorWatcher.logProblemDetails(ApicurioRegistryBaseIT.java:154)
	at io.apicurio.tests.ApicurioRegistryBaseIT$RegistryApiErrorWatcher.logProblemDetails(ApicurioRegistryBaseIT.java:154)
	at io.apicurio.tests.ApicurioRegistryBaseIT$RegistryApiErrorWatcher.logProblemDetails(ApicurioRegistryBaseIT.java:154)
	at io.apicurio.tests.ApicurioRegistryBaseIT$RegistryApiErrorWatcher.logProblemDetails(ApicurioRegistryBaseIT.java:154)
	at io.apicurio.tests.ApicurioRegistryBaseIT$RegistryApiErrorWatcher.logProblemDetails(ApicurioRegistryBaseIT.java:154)
	at io.apicurio.tests.ApicurioRegistryBaseIT$RegistryApiErrorWatcher.logProblemDetails(ApicurioRegistryBaseIT.java:154)
	at io.apicurio.tests.ApicurioRegistryBaseIT$RegistryApiErrorWatcher.logProblemDetails(ApicurioRegistryBaseIT.java:154)
	at io.apicurio.tests.ApicurioRegistryBaseIT$RegistryApiErrorWatcher.logProblemDetails(ApicurioRegistryBaseIT.java:154)
	at io.apicurio.tests.ApicurioRegistryBaseIT$RegistryApiErrorWatcher.logProblemDetails(ApicurioRegistryBaseIT.java:154)
	at io.apicurio.tests.ApicurioRegistryBaseIT$RegistryApiErrorWatcher.logProblemDetails(ApicurioRegistryBaseIT.java:154)
	at io.apicurio.tests.ApicurioRegistryBaseIT$RegistryApiErrorWatcher.logProblemDetails(ApicurioRegistryBaseIT.java:154)
	at io.apicurio.tests.ApicurioRegistryBaseIT$RegistryApiErrorWatcher.logProblemDetails(ApicurioRegistryBaseIT.java:154)
	at io.apicurio.tests.ApicurioRegistryBaseIT$RegistryApiErrorWatcher.logProblemDetails(ApicurioRegistryBaseIT.java:154)
	at io.apicurio.tests.ApicurioRegistryBaseIT$RegistryApiErrorWatcher.logProblemDetails(ApicurioRegistryBaseIT.java:154)
	at io.apicurio.tests.ApicurioRegistryBaseIT$RegistryApiErrorWatcher.logProblemDetails(ApicurioRegistryBaseIT.java:154)
	at io.apicurio.tests.ApicurioRegistryBaseIT$RegistryApiErrorWatcher.logProblemDetails(ApicurioRegistryBaseIT.java:154)
	at io.apicurio.tests.ApicurioRegistryBaseIT$RegistryApiErrorWatcher.logProblemDetails(ApicurioRegistryBaseIT.java:154)
	at io.apicurio.tests.ApicurioRegistryBaseIT$RegistryApiErrorWatcher.logProblemDetails(ApicurioRegistryBaseIT.java:154)
	at io.apicurio.tests.ApicurioRegistryBaseIT$RegistryApiErrorWatcher.logProblemDetails(ApicurioRegistryBaseIT.java:154)
	at io.apicurio.tests.ApicurioRegistryBaseIT$RegistryApiErrorWatcher.logProblemDetails(ApicurioRegistryBaseIT.java:154)
	at io.apicurio.tests.ApicurioRegistryBaseIT$RegistryApiErrorWatcher.logProblemDetails(ApicurioRegistryBaseIT.java:154)
	at io.apicurio.tests.ApicurioRegistryBaseIT$RegistryApiErrorWatcher.logProblemDetails(ApicurioRegistryBaseIT.java:154)
	at io.apicurio.tests.ApicurioRegistryBaseIT$RegistryApiErrorWatcher.logProblemDetails(ApicurioRegistryBaseIT.java:154)
	at io.apicurio.tests.ApicurioRegistryBaseIT$RegistryApiErrorWatcher.logProblemDetails(ApicurioRegistryBaseIT.java:154)
	at io.apicurio.tests.ApicurioRegistryBaseIT$RegistryApiErrorWatcher.logProblemDetails(ApicurioRegistryBaseIT.java:154)
	at io.apicurio.tests.ApicurioRegistryBaseIT$RegistryApiErrorWatcher.logProblemDetails(ApicurioRegistryBaseIT.java:154)
	at io.apicurio.tests.ApicurioRegistryBaseIT$RegistryApiErrorWatcher.logProblemDetails(ApicurioRegistryBaseIT.java:154)
	at io.apicurio.tests.ApicurioRegistryBaseIT$RegistryApiErrorWatcher.logProblemDetails(ApicurioRegistryBaseIT.java:154)
	at io.apicurio.tests.ApicurioRegistryBaseIT$RegistryApiErrorWatcher.logProblemDetails(ApicurioRegistryBaseIT.java:154)
	at io.apicurio.tests.ApicurioRegistryBaseIT$RegistryApiErrorWatcher.logProblemDetails(ApicurioRegistryBaseIT.java:154)
	at io.apicurio.tests.ApicurioRegistryBaseIT$RegistryApiErrorWatcher.logProblemDetails(ApicurioRegistryBaseIT.java:154)
	at io.apicurio.tests.ApicurioRegistryBaseIT$RegistryApiErrorWatcher.logProblemDetails(ApicurioRegistryBaseIT.java:154)
	at io.apicurio.tests.ApicurioRegistryBaseIT$RegistryApiErrorWatcher.logProblemDetails(ApicurioRegistryBaseIT.java:154)
	at io.apicurio.tests.ApicurioRegistryBaseIT$RegistryApiErrorWatcher.logProblemDetails(ApicurioRegistryBaseIT.java:154)
	at io.apicurio.tests.ApicurioRegistryBaseIT$RegistryApiErrorWatcher.logProblemDetails(ApicurioRegistryBaseIT.java:154)
	at io.apicurio.tests.ApicurioRegistryBaseIT$RegistryApiErrorWatcher.logProblemDetails(ApicurioRegistryBaseIT.java:154)
	at io.apicurio.tests.ApicurioRegistryBaseIT$RegistryApiErrorWatcher.logProblemDetails(ApicurioRegistryBaseIT.java:154)
	at io.apicurio.tests.ApicurioRegistryBaseIT$RegistryApiErrorWatcher.logProblemDetails(ApicurioRegistryBaseIT.java:154)
	at io.apicurio.tests.ApicurioRegistryBaseIT$RegistryApiErrorWatcher.logProblemDetails(ApicurioRegistryBaseIT.java:154)
	at io.apicurio.tests.ApicurioRegistryBaseIT$RegistryApiErrorWatcher.logProblemDetails(ApicurioRegistryBaseIT.java:154)
	at io.apicurio.tests.ApicurioRegistryBaseIT$RegistryApiErrorWatcher.logProblemDetails(ApicurioRegistryBaseIT.java:154)
	at io.apicurio.tests.ApicurioRegistryBaseIT$RegistryApiErrorWatcher.logProblemDetails(ApicurioRegistryBaseIT.java:154)
	at io.apicurio.tests.ApicurioRegistryBaseIT$RegistryApiErrorWatcher.logProblemDetails(ApicurioRegistryBaseIT.java:154)
	at io.apicurio.tests.ApicurioRegistryBaseIT$RegistryApiErrorWatcher.logProblemDetails(ApicurioRegistryBaseIT.java:154)
	at io.apicurio.tests.ApicurioRegistryBaseIT$RegistryApiErrorWatcher.logProblemDetails(ApicurioRegistryBaseIT.java:154)
	at io.apicurio.tests.ApicurioRegistryBaseIT$RegistryApiErrorWatcher.logProblemDetails(ApicurioRegistryBaseIT.java:154)
	at io.apicurio.tests.ApicurioRegistryBaseIT$RegistryApiErrorWatcher.logProblemDetails(ApicurioRegistryBaseIT.java:154)
	at io.apicurio.tests.ApicurioRegistryBaseIT$RegistryApiErrorWatcher.logProblemDetails(ApicurioRegistryBaseIT.java:154)
	at io.apicurio.tests.ApicurioRegistryBaseIT$RegistryApiErrorWatcher.logProblemDetails(ApicurioRegistryBaseIT.java:154)
	at io.apicurio.tests.ApicurioRegistryBaseIT$RegistryApiErrorWatcher.logProblemDetails(ApicurioRegistryBaseIT.java:154)
	at io.apicurio.tests.ApicurioRegistryBaseIT$RegistryApiErrorWatcher.logProblemDetails(ApicurioRegistryBaseIT.java:154)
	at io.apicurio.tests.ApicurioRegistryBaseIT$RegistryApiErrorWatcher.logProblemDetails(ApicurioRegistryBaseIT.java:154)
	at io.apicurio.tests.ApicurioRegistryBaseIT$RegistryApiErrorWatcher.logProblemDetails(ApicurioRegistryBaseIT.java:154)
	at io.apicurio.tests.ApicurioRegistryBaseIT$RegistryApiErrorWatcher.logProblemDetails(ApicurioRegistryBaseIT.java:154)
	at io.apicurio.tests.ApicurioRegistryBaseIT$RegistryApiErrorWatcher.logProblemDetails(ApicurioRegistryBaseIT.java:154)
	at io.apicurio.tests.ApicurioRegistryBaseIT$RegistryApiErrorWatcher.logProblemDetails(ApicurioRegistryBaseIT.java:154)
	at io.apicurio.tests.ApicurioRegistryBaseIT$RegistryApiErrorWatcher.logProblemDetails(ApicurioRegistryBaseIT.java:154)
	at io.apicurio.tests.ApicurioRegistryBaseIT$RegistryApiErrorWatcher.logProblemDetails(ApicurioRegistryBaseIT.java:154)
	at io.apicurio.tests.ApicurioRegistryBaseIT$RegistryApiErrorWatcher.logProblemDetails(ApicurioRegistryBaseIT.java:154)
	at io.apicurio.tests.ApicurioRegistryBaseIT$RegistryApiErrorWatcher.logProblemDetails(ApicurioRegistryBaseIT.java:154)
	at io.apicurio.tests.ApicurioRegistryBaseIT$RegistryApiErrorWatcher.logProblemDetails(ApicurioRegistryBaseIT.java:154)
	at io.apicurio.tests.ApicurioRegistryBaseIT$RegistryApiErrorWatcher.logProblemDetails(ApicurioRegistryBaseIT.java:154)
	at io.apicurio.tests.ApicurioRegistryBaseIT$RegistryApiErrorWatcher.logProblemDetails(ApicurioRegistryBaseIT.java:154)
	at io.apicurio.tests.ApicurioRegistryBaseIT$RegistryApiErrorWatcher.logProblemDetails(ApicurioRegistryBaseIT.java:154)
	at io.apicurio.tests.ApicurioRegistryBaseIT$RegistryApiErrorWatcher.logProblemDetails(ApicurioRegistryBaseIT.java:154)
	at io.apicurio.tests.ApicurioRegistryBaseIT$RegistryApiErrorWatcher.logProblemDetails(ApicurioRegistryBaseIT.java:154)
	at io.apicurio.tests.ApicurioRegistryBaseIT$RegistryApiErrorWatcher.logProblemDetails(ApicurioRegistryBaseIT.java:154)
	at io.apicurio.tests.ApicurioRegistryBaseIT$RegistryApiErrorWatcher.logProblemDetails(ApicurioRegistryBaseIT.java:154)
	at io.apicurio.tests.ApicurioRegistryBaseIT$RegistryApiErrorWatcher.logProblemDetails(ApicurioRegistryBaseIT.java:154)
	at io.apicurio.tests.ApicurioRegistryBaseIT$RegistryApiErrorWatcher.logProblemDetails(ApicurioRegistryBaseIT.java:154)
	at io.apicurio.tests.ApicurioRegistryBaseIT$RegistryApiErrorWatcher.logProblemDetails(ApicurioRegistryBaseIT.java:154)
	at io.apicurio.tests.ApicurioRegistryBaseIT$RegistryApiErrorWatcher.logProblemDetails(ApicurioRegistryBaseIT.java:154)
	at io.apicurio.tests.ApicurioRegistryBaseIT$RegistryApiErrorWatcher.logProblemDetails(ApicurioRegistryBaseIT.java:154)
	at io.apicurio.tests.ApicurioRegistryBaseIT$RegistryApiErrorWatcher.logProblemDetails(ApicurioRegistryBaseIT.java:154)
	at io.apicurio.tests.ApicurioRegistryBaseIT$RegistryApiErrorWatcher.logProblemDetails(ApicurioRegistryBaseIT.java:154)
	at io.apicurio.tests.ApicurioRegistryBaseIT$RegistryApiErrorWatcher.logProblemDetails(ApicurioRegistryBaseIT.java:154)
	at io.apicurio.tests.ApicurioRegistryBaseIT$RegistryApiErrorWatcher.logProblemDetails(ApicurioRegistryBaseIT.java:154)
	at io.apicurio.tests.ApicurioRegistryBaseIT$RegistryApiErrorWatcher.logProblemDetails(ApicurioRegistryBaseIT.java:154)
	at io.apicurio.tests.ApicurioRegistryBaseIT$RegistryApiErrorWatcher.logProblemDetails(ApicurioRegistryBaseIT.java:154)
	at io.apicurio.tests.ApicurioRegistryBaseIT$RegistryApiErrorWatcher.logProblemDetails(ApicurioRegistryBaseIT.java:154)
	at io.apicurio.tests.ApicurioRegistryBaseIT$RegistryApiErrorWatcher.logProblemDetails(ApicurioRegistryBaseIT.java:154)
	at io.apicurio.tests.ApicurioRegistryBaseIT$RegistryApiErrorWatcher.logProblemDetails(ApicurioRegistryBaseIT.java:154)
	at io.apicurio.tests.ApicurioRegistryBaseIT$RegistryApiErrorWatcher.logProblemDetails(ApicurioRegistryBaseIT.java:154)
	at io.apicurio.tests.ApicurioRegistryBaseIT$RegistryApiErrorWatcher.logProblemDetails(ApicurioRegistryBaseIT.java:154)

]]></system-out>
  </testcase>
  <testcase name="testFindLatestDeriveClassProtobufTypeTopicIdStrategy" classname="io.apicurio.tests.serdes.apicurio.ProtobufSerdeIT" time="0.062">
    <error type="io.apicurio.registry.rest.client.models.RuleViolationProblemDetails"><![CDATA[io.apicurio.registry.rest.client.models.RuleViolationProblemDetails
	at io.apicurio.registry.rest.client.models.RuleViolationProblemDetails.createFromDiscriminatorValue(RuleViolationProblemDetails.java:62)
	at io.kiota.serialization.json.JsonParseNode.getObjectValue(JsonParseNode.java:247)
	at io.kiota.http.vertx.VertXRequestAdapter.lambda$throwIfFailedResponse$0(VertXRequestAdapter.java:400)
	at com.microsoft.kiota.ApiExceptionBuilder.<init>(ApiExceptionBuilder.java:26)
	at io.kiota.http.vertx.VertXRequestAdapter.throwIfFailedResponse(VertXRequestAdapter.java:399)
	at io.kiota.http.vertx.VertXRequestAdapter.send(VertXRequestAdapter.java:170)
	at io.apicurio.registry.rest.client.groups.item.artifacts.ArtifactsRequestBuilder.post(ArtifactsRequestBuilder.java:130)
	at io.apicurio.tests.ApicurioRegistryBaseIT.createArtifact(ApicurioRegistryBaseIT.java:184)
	at io.apicurio.tests.serdes.apicurio.ProtobufSerdeIT.testFindLatestDeriveClassProtobufTypeTopicIdStrategy(ProtobufSerdeIT.java:265)
	at java.base/java.lang.reflect.Method.invoke(Method.java:569)
	at java.base/java.util.ArrayList.forEach(ArrayList.java:1511)
	at java.base/java.util.ArrayList.forEach(ArrayList.java:1511)
]]></error>
    <system-out><![CDATA[2025-07-31 17:05:31,420 INFO  [io.api.tes.uti.TestSeparator] (main) ############################################################################
2025-07-31 17:05:31,420 INFO  [io.api.tes.uti.TestSeparator] (main) io.apicurio.tests.serdes.apicurio.ProtobufSerdeIT.testFindLatestDeriveClassProtobufTypeTopicIdStrategy-STARTED
2025-07-31 17:05:31,449 INFO  [io.api.tes.uti.TestSeparator] (main) io.apicurio.tests.serdes.apicurio.ProtobufSerdeIT.testFindLatestDeriveClassProtobufTypeTopicIdStrategy-FINISHED
2025-07-31 17:05:31,449 INFO  [io.api.tes.uti.TestSeparator] (main) ############################################################################
2025-07-31 17:05:31,449 ERROR [io.api.reg.uti.tes.TestUtils] (main) === TEST FAILED ===
2025-07-31 17:05:31,449 ERROR [io.api.reg.uti.tes.TestUtils] (main) Class: class io.apicurio.tests.serdes.apicurio.ProtobufSerdeIT
2025-07-31 17:05:31,449 ERROR [io.api.reg.uti.tes.TestUtils] (main) Test:  testFindLatestDeriveClassProtobufTypeTopicIdStrategy
2025-07-31 17:05:31,449 ERROR [io.api.reg.uti.tes.TestUtils] (main) ID:    [engine:junit-jupiter]/[class:io.apicurio.tests.serdes.apicurio.ProtobufSerdeIT]/[method:testFindLatestDeriveClassProtobufTypeTopicIdStrategy()]
2025-07-31 17:05:31,449 ERROR [io.api.reg.uti.tes.TestUtils] (main) Error: RuleViolationProblemDetails - null
2025-07-31 17:05:31,449 ERROR [io.api.reg.uti.tes.TestUtils] (main) Rule Violation Problem Details
2025-07-31 17:05:31,460 WARNING [org.jun.jup.eng.des.MethodBasedTestDescriptor] (main) Failed to invoke TestWatcher [io.apicurio.tests.ApicurioRegistryBaseIT$RegistryApiErrorWatcher] for method [io.apicurio.tests.serdes.apicurio.ProtobufSerdeIT#testFindLatestDeriveClassProtobufTypeTopicIdStrategy()] with display name [testFindLatestDeriveClassProtobufTypeTopicIdStrategy]: java.lang.StackOverflowError
	at io.apicurio.tests.ApicurioRegistryBaseIT$RegistryApiErrorWatcher.logProblemDetails(ApicurioRegistryBaseIT.java:154)
	at io.apicurio.tests.ApicurioRegistryBaseIT$RegistryApiErrorWatcher.logProblemDetails(ApicurioRegistryBaseIT.java:154)
	at io.apicurio.tests.ApicurioRegistryBaseIT$RegistryApiErrorWatcher.logProblemDetails(ApicurioRegistryBaseIT.java:154)
	at io.apicurio.tests.ApicurioRegistryBaseIT$RegistryApiErrorWatcher.logProblemDetails(ApicurioRegistryBaseIT.java:154)
	at io.apicurio.tests.ApicurioRegistryBaseIT$RegistryApiErrorWatcher.logProblemDetails(ApicurioRegistryBaseIT.java:154)
	at io.apicurio.tests.ApicurioRegistryBaseIT$RegistryApiErrorWatcher.logProblemDetails(ApicurioRegistryBaseIT.java:154)
	at io.apicurio.tests.ApicurioRegistryBaseIT$RegistryApiErrorWatcher.logProblemDetails(ApicurioRegistryBaseIT.java:154)
	at io.apicurio.tests.ApicurioRegistryBaseIT$RegistryApiErrorWatcher.logProblemDetails(ApicurioRegistryBaseIT.java:154)
	at io.apicurio.tests.ApicurioRegistryBaseIT$RegistryApiErrorWatcher.logProblemDetails(ApicurioRegistryBaseIT.java:154)
	at io.apicurio.tests.ApicurioRegistryBaseIT$RegistryApiErrorWatcher.logProblemDetails(ApicurioRegistryBaseIT.java:154)
	at io.apicurio.tests.ApicurioRegistryBaseIT$RegistryApiErrorWatcher.logProblemDetails(ApicurioRegistryBaseIT.java:154)
	at io.apicurio.tests.ApicurioRegistryBaseIT$RegistryApiErrorWatcher.logProblemDetails(ApicurioRegistryBaseIT.java:154)
	at io.apicurio.tests.ApicurioRegistryBaseIT$RegistryApiErrorWatcher.logProblemDetails(ApicurioRegistryBaseIT.java:154)
	at io.apicurio.tests.ApicurioRegistryBaseIT$RegistryApiErrorWatcher.logProblemDetails(ApicurioRegistryBaseIT.java:154)
	at io.apicurio.tests.ApicurioRegistryBaseIT$RegistryApiErrorWatcher.logProblemDetails(ApicurioRegistryBaseIT.java:154)
	at io.apicurio.tests.ApicurioRegistryBaseIT$RegistryApiErrorWatcher.logProblemDetails(ApicurioRegistryBaseIT.java:154)
	at io.apicurio.tests.ApicurioRegistryBaseIT$RegistryApiErrorWatcher.logProblemDetails(ApicurioRegistryBaseIT.java:154)
	at io.apicurio.tests.ApicurioRegistryBaseIT$RegistryApiErrorWatcher.logProblemDetails(ApicurioRegistryBaseIT.java:154)
	at io.apicurio.tests.ApicurioRegistryBaseIT$RegistryApiErrorWatcher.logProblemDetails(ApicurioRegistryBaseIT.java:154)
	at io.apicurio.tests.ApicurioRegistryBaseIT$RegistryApiErrorWatcher.logProblemDetails(ApicurioRegistryBaseIT.java:154)
	at io.apicurio.tests.ApicurioRegistryBaseIT$RegistryApiErrorWatcher.logProblemDetails(ApicurioRegistryBaseIT.java:154)
	at io.apicurio.tests.ApicurioRegistryBaseIT$RegistryApiErrorWatcher.logProblemDetails(ApicurioRegistryBaseIT.java:154)
	at io.apicurio.tests.ApicurioRegistryBaseIT$RegistryApiErrorWatcher.logProblemDetails(ApicurioRegistryBaseIT.java:154)
	at io.apicurio.tests.ApicurioRegistryBaseIT$RegistryApiErrorWatcher.logProblemDetails(ApicurioRegistryBaseIT.java:154)
	at io.apicurio.tests.ApicurioRegistryBaseIT$RegistryApiErrorWatcher.logProblemDetails(ApicurioRegistryBaseIT.java:154)
	at io.apicurio.tests.ApicurioRegistryBaseIT$RegistryApiErrorWatcher.logProblemDetails(ApicurioRegistryBaseIT.java:154)
	at io.apicurio.tests.ApicurioRegistryBaseIT$RegistryApiErrorWatcher.logProblemDetails(ApicurioRegistryBaseIT.java:154)
	at io.apicurio.tests.ApicurioRegistryBaseIT$RegistryApiErrorWatcher.logProblemDetails(ApicurioRegistryBaseIT.java:154)
	at io.apicurio.tests.ApicurioRegistryBaseIT$RegistryApiErrorWatcher.logProblemDetails(ApicurioRegistryBaseIT.java:154)
	at io.apicurio.tests.ApicurioRegistryBaseIT$RegistryApiErrorWatcher.logProblemDetails(ApicurioRegistryBaseIT.java:154)
	at io.apicurio.tests.ApicurioRegistryBaseIT$RegistryApiErrorWatcher.logProblemDetails(ApicurioRegistryBaseIT.java:154)
	at io.apicurio.tests.ApicurioRegistryBaseIT$RegistryApiErrorWatcher.logProblemDetails(ApicurioRegistryBaseIT.java:154)
	at io.apicurio.tests.ApicurioRegistryBaseIT$RegistryApiErrorWatcher.logProblemDetails(ApicurioRegistryBaseIT.java:154)
	at io.apicurio.tests.ApicurioRegistryBaseIT$RegistryApiErrorWatcher.logProblemDetails(ApicurioRegistryBaseIT.java:154)
	at io.apicurio.tests.ApicurioRegistryBaseIT$RegistryApiErrorWatcher.logProblemDetails(ApicurioRegistryBaseIT.java:154)
	at io.apicurio.tests.ApicurioRegistryBaseIT$RegistryApiErrorWatcher.logProblemDetails(ApicurioRegistryBaseIT.java:154)
	at io.apicurio.tests.ApicurioRegistryBaseIT$RegistryApiErrorWatcher.logProblemDetails(ApicurioRegistryBaseIT.java:154)
	at io.apicurio.tests.ApicurioRegistryBaseIT$RegistryApiErrorWatcher.logProblemDetails(ApicurioRegistryBaseIT.java:154)
	at io.apicurio.tests.ApicurioRegistryBaseIT$RegistryApiErrorWatcher.logProblemDetails(ApicurioRegistryBaseIT.java:154)
	at io.apicurio.tests.ApicurioRegistryBaseIT$RegistryApiErrorWatcher.logProblemDetails(ApicurioRegistryBaseIT.java:154)
	at io.apicurio.tests.ApicurioRegistryBaseIT$RegistryApiErrorWatcher.logProblemDetails(ApicurioRegistryBaseIT.java:154)
	at io.apicurio.tests.ApicurioRegistryBaseIT$RegistryApiErrorWatcher.logProblemDetails(ApicurioRegistryBaseIT.java:154)
	at io.apicurio.tests.ApicurioRegistryBaseIT$RegistryApiErrorWatcher.logProblemDetails(ApicurioRegistryBaseIT.java:154)
	at io.apicurio.tests.ApicurioRegistryBaseIT$RegistryApiErrorWatcher.logProblemDetails(ApicurioRegistryBaseIT.java:154)
	at io.apicurio.tests.ApicurioRegistryBaseIT$RegistryApiErrorWatcher.logProblemDetails(ApicurioRegistryBaseIT.java:154)
	at io.apicurio.tests.ApicurioRegistryBaseIT$RegistryApiErrorWatcher.logProblemDetails(ApicurioRegistryBaseIT.java:154)
	at io.apicurio.tests.ApicurioRegistryBaseIT$RegistryApiErrorWatcher.logProblemDetails(ApicurioRegistryBaseIT.java:154)
	at io.apicurio.tests.ApicurioRegistryBaseIT$RegistryApiErrorWatcher.logProblemDetails(ApicurioRegistryBaseIT.java:154)
	at io.apicurio.tests.ApicurioRegistryBaseIT$RegistryApiErrorWatcher.logProblemDetails(ApicurioRegistryBaseIT.java:154)
	at io.apicurio.tests.ApicurioRegistryBaseIT$RegistryApiErrorWatcher.logProblemDetails(ApicurioRegistryBaseIT.java:154)
	at io.apicurio.tests.ApicurioRegistryBaseIT$RegistryApiErrorWatcher.logProblemDetails(ApicurioRegistryBaseIT.java:154)
	at io.apicurio.tests.ApicurioRegistryBaseIT$RegistryApiErrorWatcher.logProblemDetails(ApicurioRegistryBaseIT.java:154)
	at io.apicurio.tests.ApicurioRegistryBaseIT$RegistryApiErrorWatcher.logProblemDetails(ApicurioRegistryBaseIT.java:154)
	at io.apicurio.tests.ApicurioRegistryBaseIT$RegistryApiErrorWatcher.logProblemDetails(ApicurioRegistryBaseIT.java:154)
	at io.apicurio.tests.ApicurioRegistryBaseIT$RegistryApiErrorWatcher.logProblemDetails(ApicurioRegistryBaseIT.java:154)
	at io.apicurio.tests.ApicurioRegistryBaseIT$RegistryApiErrorWatcher.logProblemDetails(ApicurioRegistryBaseIT.java:154)
	at io.apicurio.tests.ApicurioRegistryBaseIT$RegistryApiErrorWatcher.logProblemDetails(ApicurioRegistryBaseIT.java:154)
	at io.apicurio.tests.ApicurioRegistryBaseIT$RegistryApiErrorWatcher.logProblemDetails(ApicurioRegistryBaseIT.java:154)
	at io.apicurio.tests.ApicurioRegistryBaseIT$RegistryApiErrorWatcher.logProblemDetails(ApicurioRegistryBaseIT.java:154)
	at io.apicurio.tests.ApicurioRegistryBaseIT$RegistryApiErrorWatcher.logProblemDetails(ApicurioRegistryBaseIT.java:154)
	at io.apicurio.tests.ApicurioRegistryBaseIT$RegistryApiErrorWatcher.logProblemDetails(ApicurioRegistryBaseIT.java:154)
	at io.apicurio.tests.ApicurioRegistryBaseIT$RegistryApiErrorWatcher.logProblemDetails(ApicurioRegistryBaseIT.java:154)
	at io.apicurio.tests.ApicurioRegistryBaseIT$RegistryApiErrorWatcher.logProblemDetails(ApicurioRegistryBaseIT.java:154)
	at io.apicurio.tests.ApicurioRegistryBaseIT$RegistryApiErrorWatcher.logProblemDetails(ApicurioRegistryBaseIT.java:154)
	at io.apicurio.tests.ApicurioRegistryBaseIT$RegistryApiErrorWatcher.logProblemDetails(ApicurioRegistryBaseIT.java:154)
	at io.apicurio.tests.ApicurioRegistryBaseIT$RegistryApiErrorWatcher.logProblemDetails(ApicurioRegistryBaseIT.java:154)
	at io.apicurio.tests.ApicurioRegistryBaseIT$RegistryApiErrorWatcher.logProblemDetails(ApicurioRegistryBaseIT.java:154)
	at io.apicurio.tests.ApicurioRegistryBaseIT$RegistryApiErrorWatcher.logProblemDetails(ApicurioRegistryBaseIT.java:154)
	at io.apicurio.tests.ApicurioRegistryBaseIT$RegistryApiErrorWatcher.logProblemDetails(ApicurioRegistryBaseIT.java:154)
	at io.apicurio.tests.ApicurioRegistryBaseIT$RegistryApiErrorWatcher.logProblemDetails(ApicurioRegistryBaseIT.java:154)
	at io.apicurio.tests.ApicurioRegistryBaseIT$RegistryApiErrorWatcher.logProblemDetails(ApicurioRegistryBaseIT.java:154)
	at io.apicurio.tests.ApicurioRegistryBaseIT$RegistryApiErrorWatcher.logProblemDetails(ApicurioRegistryBaseIT.java:154)
	at io.apicurio.tests.ApicurioRegistryBaseIT$RegistryApiErrorWatcher.logProblemDetails(ApicurioRegistryBaseIT.java:154)
	at io.apicurio.tests.ApicurioRegistryBaseIT$RegistryApiErrorWatcher.logProblemDetails(ApicurioRegistryBaseIT.java:154)
	at io.apicurio.tests.ApicurioRegistryBaseIT$RegistryApiErrorWatcher.logProblemDetails(ApicurioRegistryBaseIT.java:154)
	at io.apicurio.tests.ApicurioRegistryBaseIT$RegistryApiErrorWatcher.logProblemDetails(ApicurioRegistryBaseIT.java:154)
	at io.apicurio.tests.ApicurioRegistryBaseIT$RegistryApiErrorWatcher.logProblemDetails(ApicurioRegistryBaseIT.java:154)
	at io.apicurio.tests.ApicurioRegistryBaseIT$RegistryApiErrorWatcher.logProblemDetails(ApicurioRegistryBaseIT.java:154)
	at io.apicurio.tests.ApicurioRegistryBaseIT$RegistryApiErrorWatcher.logProblemDetails(ApicurioRegistryBaseIT.java:154)
	at io.apicurio.tests.ApicurioRegistryBaseIT$RegistryApiErrorWatcher.logProblemDetails(ApicurioRegistryBaseIT.java:154)
	at io.apicurio.tests.ApicurioRegistryBaseIT$RegistryApiErrorWatcher.logProblemDetails(ApicurioRegistryBaseIT.java:154)
	at io.apicurio.tests.ApicurioRegistryBaseIT$RegistryApiErrorWatcher.logProblemDetails(ApicurioRegistryBaseIT.java:154)
	at io.apicurio.tests.ApicurioRegistryBaseIT$RegistryApiErrorWatcher.logProblemDetails(ApicurioRegistryBaseIT.java:154)
	at io.apicurio.tests.ApicurioRegistryBaseIT$RegistryApiErrorWatcher.logProblemDetails(ApicurioRegistryBaseIT.java:154)
	at io.apicurio.tests.ApicurioRegistryBaseIT$RegistryApiErrorWatcher.logProblemDetails(ApicurioRegistryBaseIT.java:154)
	at io.apicurio.tests.ApicurioRegistryBaseIT$RegistryApiErrorWatcher.logProblemDetails(ApicurioRegistryBaseIT.java:154)
	at io.apicurio.tests.ApicurioRegistryBaseIT$RegistryApiErrorWatcher.logProblemDetails(ApicurioRegistryBaseIT.java:154)
	at io.apicurio.tests.ApicurioRegistryBaseIT$RegistryApiErrorWatcher.logProblemDetails(ApicurioRegistryBaseIT.java:154)
	at io.apicurio.tests.ApicurioRegistryBaseIT$RegistryApiErrorWatcher.logProblemDetails(ApicurioRegistryBaseIT.java:154)
	at io.apicurio.tests.ApicurioRegistryBaseIT$RegistryApiErrorWatcher.logProblemDetails(ApicurioRegistryBaseIT.java:154)
	at io.apicurio.tests.ApicurioRegistryBaseIT$RegistryApiErrorWatcher.logProblemDetails(ApicurioRegistryBaseIT.java:154)
	at io.apicurio.tests.ApicurioRegistryBaseIT$RegistryApiErrorWatcher.logProblemDetails(ApicurioRegistryBaseIT.java:154)
	at io.apicurio.tests.ApicurioRegistryBaseIT$RegistryApiErrorWatcher.logProblemDetails(ApicurioRegistryBaseIT.java:154)
	at io.apicurio.tests.ApicurioRegistryBaseIT$RegistryApiErrorWatcher.logProblemDetails(ApicurioRegistryBaseIT.java:154)
	at io.apicurio.tests.ApicurioRegistryBaseIT$RegistryApiErrorWatcher.logProblemDetails(ApicurioRegistryBaseIT.java:154)
	at io.apicurio.tests.ApicurioRegistryBaseIT$RegistryApiErrorWatcher.logProblemDetails(ApicurioRegistryBaseIT.java:154)
	at io.apicurio.tests.ApicurioRegistryBaseIT$RegistryApiErrorWatcher.logProblemDetails(ApicurioRegistryBaseIT.java:154)
	at io.apicurio.tests.ApicurioRegistryBaseIT$RegistryApiErrorWatcher.logProblemDetails(ApicurioRegistryBaseIT.java:154)
	at io.apicurio.tests.ApicurioRegistryBaseIT$RegistryApiErrorWatcher.logProblemDetails(ApicurioRegistryBaseIT.java:154)
	at io.apicurio.tests.ApicurioRegistryBaseIT$RegistryApiErrorWatcher.logProblemDetails(ApicurioRegistryBaseIT.java:154)
	at io.apicurio.tests.ApicurioRegistryBaseIT$RegistryApiErrorWatcher.logProblemDetails(ApicurioRegistryBaseIT.java:154)
	at io.apicurio.tests.ApicurioRegistryBaseIT$RegistryApiErrorWatcher.logProblemDetails(ApicurioRegistryBaseIT.java:154)
	at io.apicurio.tests.ApicurioRegistryBaseIT$RegistryApiErrorWatcher.logProblemDetails(ApicurioRegistryBaseIT.java:154)
	at io.apicurio.tests.ApicurioRegistryBaseIT$RegistryApiErrorWatcher.logProblemDetails(ApicurioRegistryBaseIT.java:154)
	at io.apicurio.tests.ApicurioRegistryBaseIT$RegistryApiErrorWatcher.logProblemDetails(ApicurioRegistryBaseIT.java:154)
	at io.apicurio.tests.ApicurioRegistryBaseIT$RegistryApiErrorWatcher.logProblemDetails(ApicurioRegistryBaseIT.java:154)
	at io.apicurio.tests.ApicurioRegistryBaseIT$RegistryApiErrorWatcher.logProblemDetails(ApicurioRegistryBaseIT.java:154)
	at io.apicurio.tests.ApicurioRegistryBaseIT$RegistryApiErrorWatcher.logProblemDetails(ApicurioRegistryBaseIT.java:154)
	at io.apicurio.tests.ApicurioRegistryBaseIT$RegistryApiErrorWatcher.logProblemDetails(ApicurioRegistryBaseIT.java:154)
	at io.apicurio.tests.ApicurioRegistryBaseIT$RegistryApiErrorWatcher.logProblemDetails(ApicurioRegistryBaseIT.java:154)
	at io.apicurio.tests.ApicurioRegistryBaseIT$RegistryApiErrorWatcher.logProblemDetails(ApicurioRegistryBaseIT.java:154)
	at io.apicurio.tests.ApicurioRegistryBaseIT$RegistryApiErrorWatcher.logProblemDetails(ApicurioRegistryBaseIT.java:154)
	at io.apicurio.tests.ApicurioRegistryBaseIT$RegistryApiErrorWatcher.logProblemDetails(ApicurioRegistryBaseIT.java:154)
	at io.apicurio.tests.ApicurioRegistryBaseIT$RegistryApiErrorWatcher.logProblemDetails(ApicurioRegistryBaseIT.java:154)
	at io.apicurio.tests.ApicurioRegistryBaseIT$RegistryApiErrorWatcher.logProblemDetails(ApicurioRegistryBaseIT.java:154)
	at io.apicurio.tests.ApicurioRegistryBaseIT$RegistryApiErrorWatcher.logProblemDetails(ApicurioRegistryBaseIT.java:154)
	at io.apicurio.tests.ApicurioRegistryBaseIT$RegistryApiErrorWatcher.logProblemDetails(ApicurioRegistryBaseIT.java:154)
	at io.apicurio.tests.ApicurioRegistryBaseIT$RegistryApiErrorWatcher.logProblemDetails(ApicurioRegistryBaseIT.java:154)
	at io.apicurio.tests.ApicurioRegistryBaseIT$RegistryApiErrorWatcher.logProblemDetails(ApicurioRegistryBaseIT.java:154)
	at io.apicurio.tests.ApicurioRegistryBaseIT$RegistryApiErrorWatcher.logProblemDetails(ApicurioRegistryBaseIT.java:154)
	at io.apicurio.tests.ApicurioRegistryBaseIT$RegistryApiErrorWatcher.logProblemDetails(ApicurioRegistryBaseIT.java:154)
	at io.apicurio.tests.ApicurioRegistryBaseIT$RegistryApiErrorWatcher.logProblemDetails(ApicurioRegistryBaseIT.java:154)
	at io.apicurio.tests.ApicurioRegistryBaseIT$RegistryApiErrorWatcher.logProblemDetails(ApicurioRegistryBaseIT.java:154)
	at io.apicurio.tests.ApicurioRegistryBaseIT$RegistryApiErrorWatcher.logProblemDetails(ApicurioRegistryBaseIT.java:154)
	at io.apicurio.tests.ApicurioRegistryBaseIT$RegistryApiErrorWatcher.logProblemDetails(ApicurioRegistryBaseIT.java:154)
	at io.apicurio.tests.ApicurioRegistryBaseIT$RegistryApiErrorWatcher.logProblemDetails(ApicurioRegistryBaseIT.java:154)
	at io.apicurio.tests.ApicurioRegistryBaseIT$RegistryApiErrorWatcher.logProblemDetails(ApicurioRegistryBaseIT.java:154)
	at io.apicurio.tests.ApicurioRegistryBaseIT$RegistryApiErrorWatcher.logProblemDetails(ApicurioRegistryBaseIT.java:154)
	at io.apicurio.tests.ApicurioRegistryBaseIT$RegistryApiErrorWatcher.logProblemDetails(ApicurioRegistryBaseIT.java:154)
	at io.apicurio.tests.ApicurioRegistryBaseIT$RegistryApiErrorWatcher.logProblemDetails(ApicurioRegistryBaseIT.java:154)
	at io.apicurio.tests.ApicurioRegistryBaseIT$RegistryApiErrorWatcher.logProblemDetails(ApicurioRegistryBaseIT.java:154)
	at io.apicurio.tests.ApicurioRegistryBaseIT$RegistryApiErrorWatcher.logProblemDetails(ApicurioRegistryBaseIT.java:154)
	at io.apicurio.tests.ApicurioRegistryBaseIT$RegistryApiErrorWatcher.logProblemDetails(ApicurioRegistryBaseIT.java:154)
	at io.apicurio.tests.ApicurioRegistryBaseIT$RegistryApiErrorWatcher.logProblemDetails(ApicurioRegistryBaseIT.java:154)
	at io.apicurio.tests.ApicurioRegistryBaseIT$RegistryApiErrorWatcher.logProblemDetails(ApicurioRegistryBaseIT.java:154)
	at io.apicurio.tests.ApicurioRegistryBaseIT$RegistryApiErrorWatcher.logProblemDetails(ApicurioRegistryBaseIT.java:154)
	at io.apicurio.tests.ApicurioRegistryBaseIT$RegistryApiErrorWatcher.logProblemDetails(ApicurioRegistryBaseIT.java:154)
	at io.apicurio.tests.ApicurioRegistryBaseIT$RegistryApiErrorWatcher.logProblemDetails(ApicurioRegistryBaseIT.java:154)
	at io.apicurio.tests.ApicurioRegistryBaseIT$RegistryApiErrorWatcher.logProblemDetails(ApicurioRegistryBaseIT.java:154)
	at io.apicurio.tests.ApicurioRegistryBaseIT$RegistryApiErrorWatcher.logProblemDetails(ApicurioRegistryBaseIT.java:154)
	at io.apicurio.tests.ApicurioRegistryBaseIT$RegistryApiErrorWatcher.logProblemDetails(ApicurioRegistryBaseIT.java:154)
	at io.apicurio.tests.ApicurioRegistryBaseIT$RegistryApiErrorWatcher.logProblemDetails(ApicurioRegistryBaseIT.java:154)
	at io.apicurio.tests.ApicurioRegistryBaseIT$RegistryApiErrorWatcher.logProblemDetails(ApicurioRegistryBaseIT.java:154)
	at io.apicurio.tests.ApicurioRegistryBaseIT$RegistryApiErrorWatcher.logProblemDetails(ApicurioRegistryBaseIT.java:154)
	at io.apicurio.tests.ApicurioRegistryBaseIT$RegistryApiErrorWatcher.logProblemDetails(ApicurioRegistryBaseIT.java:154)
	at io.apicurio.tests.ApicurioRegistryBaseIT$RegistryApiErrorWatcher.logProblemDetails(ApicurioRegistryBaseIT.java:154)
	at io.apicurio.tests.ApicurioRegistryBaseIT$RegistryApiErrorWatcher.logProblemDetails(ApicurioRegistryBaseIT.java:154)
	at io.apicurio.tests.ApicurioRegistryBaseIT$RegistryApiErrorWatcher.logProblemDetails(ApicurioRegistryBaseIT.java:154)
	at io.apicurio.tests.ApicurioRegistryBaseIT$RegistryApiErrorWatcher.logProblemDetails(ApicurioRegistryBaseIT.java:154)
	at io.apicurio.tests.ApicurioRegistryBaseIT$RegistryApiErrorWatcher.logProblemDetails(ApicurioRegistryBaseIT.java:154)
	at io.apicurio.tests.ApicurioRegistryBaseIT$RegistryApiErrorWatcher.logProblemDetails(ApicurioRegistryBaseIT.java:154)
	at io.apicurio.tests.ApicurioRegistryBaseIT$RegistryApiErrorWatcher.logProblemDetails(ApicurioRegistryBaseIT.java:154)
	at io.apicurio.tests.ApicurioRegistryBaseIT$RegistryApiErrorWatcher.logProblemDetails(ApicurioRegistryBaseIT.java:154)
	at io.apicurio.tests.ApicurioRegistryBaseIT$RegistryApiErrorWatcher.logProblemDetails(ApicurioRegistryBaseIT.java:154)
	at io.apicurio.tests.ApicurioRegistryBaseIT$RegistryApiErrorWatcher.logProblemDetails(ApicurioRegistryBaseIT.java:154)
	at io.apicurio.tests.ApicurioRegistryBaseIT$RegistryApiErrorWatcher.logProblemDetails(ApicurioRegistryBaseIT.java:154)
	at io.apicurio.tests.ApicurioRegistryBaseIT$RegistryApiErrorWatcher.logProblemDetails(ApicurioRegistryBaseIT.java:154)
	at io.apicurio.tests.ApicurioRegistryBaseIT$RegistryApiErrorWatcher.logProblemDetails(ApicurioRegistryBaseIT.java:154)
	at io.apicurio.tests.ApicurioRegistryBaseIT$RegistryApiErrorWatcher.logProblemDetails(ApicurioRegistryBaseIT.java:154)
	at io.apicurio.tests.ApicurioRegistryBaseIT$RegistryApiErrorWatcher.logProblemDetails(ApicurioRegistryBaseIT.java:154)
	at io.apicurio.tests.ApicurioRegistryBaseIT$RegistryApiErrorWatcher.logProblemDetails(ApicurioRegistryBaseIT.java:154)
	at io.apicurio.tests.ApicurioRegistryBaseIT$RegistryApiErrorWatcher.logProblemDetails(ApicurioRegistryBaseIT.java:154)
	at io.apicurio.tests.ApicurioRegistryBaseIT$RegistryApiErrorWatcher.logProblemDetails(ApicurioRegistryBaseIT.java:154)
	at io.apicurio.tests.ApicurioRegistryBaseIT$RegistryApiErrorWatcher.logProblemDetails(ApicurioRegistryBaseIT.java:154)
	at io.apicurio.tests.ApicurioRegistryBaseIT$RegistryApiErrorWatcher.logProblemDetails(ApicurioRegistryBaseIT.java:154)
	at io.apicurio.tests.ApicurioRegistryBaseIT$RegistryApiErrorWatcher.logProblemDetails(ApicurioRegistryBaseIT.java:154)
	at io.apicurio.tests.ApicurioRegistryBaseIT$RegistryApiErrorWatcher.logProblemDetails(ApicurioRegistryBaseIT.java:154)
	at io.apicurio.tests.ApicurioRegistryBaseIT$RegistryApiErrorWatcher.logProblemDetails(ApicurioRegistryBaseIT.java:154)
	at io.apicurio.tests.ApicurioRegistryBaseIT$RegistryApiErrorWatcher.logProblemDetails(ApicurioRegistryBaseIT.java:154)
	at io.apicurio.tests.ApicurioRegistryBaseIT$RegistryApiErrorWatcher.logProblemDetails(ApicurioRegistryBaseIT.java:154)
	at io.apicurio.tests.ApicurioRegistryBaseIT$RegistryApiErrorWatcher.logProblemDetails(ApicurioRegistryBaseIT.java:154)
	at io.apicurio.tests.ApicurioRegistryBaseIT$RegistryApiErrorWatcher.logProblemDetails(ApicurioRegistryBaseIT.java:154)
	at io.apicurio.tests.ApicurioRegistryBaseIT$RegistryApiErrorWatcher.logProblemDetails(ApicurioRegistryBaseIT.java:154)
	at io.apicurio.tests.ApicurioRegistryBaseIT$RegistryApiErrorWatcher.logProblemDetails(ApicurioRegistryBaseIT.java:154)
	at io.apicurio.tests.ApicurioRegistryBaseIT$RegistryApiErrorWatcher.logProblemDetails(ApicurioRegistryBaseIT.java:154)
	at io.apicurio.tests.ApicurioRegistryBaseIT$RegistryApiErrorWatcher.logProblemDetails(ApicurioRegistryBaseIT.java:154)
	at io.apicurio.tests.ApicurioRegistryBaseIT$RegistryApiErrorWatcher.logProblemDetails(ApicurioRegistryBaseIT.java:154)
	at io.apicurio.tests.ApicurioRegistryBaseIT$RegistryApiErrorWatcher.logProblemDetails(ApicurioRegistryBaseIT.java:154)
	at io.apicurio.tests.ApicurioRegistryBaseIT$RegistryApiErrorWatcher.logProblemDetails(ApicurioRegistryBaseIT.java:154)
	at io.apicurio.tests.ApicurioRegistryBaseIT$RegistryApiErrorWatcher.logProblemDetails(ApicurioRegistryBaseIT.java:154)
	at io.apicurio.tests.ApicurioRegistryBaseIT$RegistryApiErrorWatcher.logProblemDetails(ApicurioRegistryBaseIT.java:154)
	at io.apicurio.tests.ApicurioRegistryBaseIT$RegistryApiErrorWatcher.logProblemDetails(ApicurioRegistryBaseIT.java:154)
	at io.apicurio.tests.ApicurioRegistryBaseIT$RegistryApiErrorWatcher.logProblemDetails(ApicurioRegistryBaseIT.java:154)
	at io.apicurio.tests.ApicurioRegistryBaseIT$RegistryApiErrorWatcher.logProblemDetails(ApicurioRegistryBaseIT.java:154)
	at io.apicurio.tests.ApicurioRegistryBaseIT$RegistryApiErrorWatcher.logProblemDetails(ApicurioRegistryBaseIT.java:154)
	at io.apicurio.tests.ApicurioRegistryBaseIT$RegistryApiErrorWatcher.logProblemDetails(ApicurioRegistryBaseIT.java:154)
	at io.apicurio.tests.ApicurioRegistryBaseIT$RegistryApiErrorWatcher.logProblemDetails(ApicurioRegistryBaseIT.java:154)
	at io.apicurio.tests.ApicurioRegistryBaseIT$RegistryApiErrorWatcher.logProblemDetails(ApicurioRegistryBaseIT.java:154)
	at io.apicurio.tests.ApicurioRegistryBaseIT$RegistryApiErrorWatcher.logProblemDetails(ApicurioRegistryBaseIT.java:154)
	at io.apicurio.tests.ApicurioRegistryBaseIT$RegistryApiErrorWatcher.logProblemDetails(ApicurioRegistryBaseIT.java:154)
	at io.apicurio.tests.ApicurioRegistryBaseIT$RegistryApiErrorWatcher.logProblemDetails(ApicurioRegistryBaseIT.java:154)
	at io.apicurio.tests.ApicurioRegistryBaseIT$RegistryApiErrorWatcher.logProblemDetails(ApicurioRegistryBaseIT.java:154)
	at io.apicurio.tests.ApicurioRegistryBaseIT$RegistryApiErrorWatcher.logProblemDetails(ApicurioRegistryBaseIT.java:154)
	at io.apicurio.tests.ApicurioRegistryBaseIT$RegistryApiErrorWatcher.logProblemDetails(ApicurioRegistryBaseIT.java:154)
	at io.apicurio.tests.ApicurioRegistryBaseIT$RegistryApiErrorWatcher.logProblemDetails(ApicurioRegistryBaseIT.java:154)
	at io.apicurio.tests.ApicurioRegistryBaseIT$RegistryApiErrorWatcher.logProblemDetails(ApicurioRegistryBaseIT.java:154)
	at io.apicurio.tests.ApicurioRegistryBaseIT$RegistryApiErrorWatcher.logProblemDetails(ApicurioRegistryBaseIT.java:154)
	at io.apicurio.tests.ApicurioRegistryBaseIT$RegistryApiErrorWatcher.logProblemDetails(ApicurioRegistryBaseIT.java:154)
	at io.apicurio.tests.ApicurioRegistryBaseIT$RegistryApiErrorWatcher.logProblemDetails(ApicurioRegistryBaseIT.java:154)
	at io.apicurio.tests.ApicurioRegistryBaseIT$RegistryApiErrorWatcher.logProblemDetails(ApicurioRegistryBaseIT.java:154)
	at io.apicurio.tests.ApicurioRegistryBaseIT$RegistryApiErrorWatcher.logProblemDetails(ApicurioRegistryBaseIT.java:154)
	at io.apicurio.tests.ApicurioRegistryBaseIT$RegistryApiErrorWatcher.logProblemDetails(ApicurioRegistryBaseIT.java:154)
	at io.apicurio.tests.ApicurioRegistryBaseIT$RegistryApiErrorWatcher.logProblemDetails(ApicurioRegistryBaseIT.java:154)
	at io.apicurio.tests.ApicurioRegistryBaseIT$RegistryApiErrorWatcher.logProblemDetails(ApicurioRegistryBaseIT.java:154)
	at io.apicurio.tests.ApicurioRegistryBaseIT$RegistryApiErrorWatcher.logProblemDetails(ApicurioRegistryBaseIT.java:154)
	at io.apicurio.tests.ApicurioRegistryBaseIT$RegistryApiErrorWatcher.logProblemDetails(ApicurioRegistryBaseIT.java:154)
	at io.apicurio.tests.ApicurioRegistryBaseIT$RegistryApiErrorWatcher.logProblemDetails(ApicurioRegistryBaseIT.java:154)
	at io.apicurio.tests.ApicurioRegistryBaseIT$RegistryApiErrorWatcher.logProblemDetails(ApicurioRegistryBaseIT.java:154)
	at io.apicurio.tests.ApicurioRegistryBaseIT$RegistryApiErrorWatcher.logProblemDetails(ApicurioRegistryBaseIT.java:154)
	at io.apicurio.tests.ApicurioRegistryBaseIT$RegistryApiErrorWatcher.logProblemDetails(ApicurioRegistryBaseIT.java:154)
	at io.apicurio.tests.ApicurioRegistryBaseIT$RegistryApiErrorWatcher.logProblemDetails(ApicurioRegistryBaseIT.java:154)
	at io.apicurio.tests.ApicurioRegistryBaseIT$RegistryApiErrorWatcher.logProblemDetails(ApicurioRegistryBaseIT.java:154)
	at io.apicurio.tests.ApicurioRegistryBaseIT$RegistryApiErrorWatcher.logProblemDetails(ApicurioRegistryBaseIT.java:154)
	at io.apicurio.tests.ApicurioRegistryBaseIT$RegistryApiErrorWatcher.logProblemDetails(ApicurioRegistryBaseIT.java:154)
	at io.apicurio.tests.ApicurioRegistryBaseIT$RegistryApiErrorWatcher.logProblemDetails(ApicurioRegistryBaseIT.java:154)
	at io.apicurio.tests.ApicurioRegistryBaseIT$RegistryApiErrorWatcher.logProblemDetails(ApicurioRegistryBaseIT.java:154)
	at io.apicurio.tests.ApicurioRegistryBaseIT$RegistryApiErrorWatcher.logProblemDetails(ApicurioRegistryBaseIT.java:154)
	at io.apicurio.tests.ApicurioRegistryBaseIT$RegistryApiErrorWatcher.logProblemDetails(ApicurioRegistryBaseIT.java:154)
	at io.apicurio.tests.ApicurioRegistryBaseIT$RegistryApiErrorWatcher.logProblemDetails(ApicurioRegistryBaseIT.java:154)
	at io.apicurio.tests.ApicurioRegistryBaseIT$RegistryApiErrorWatcher.logProblemDetails(ApicurioRegistryBaseIT.java:154)
	at io.apicurio.tests.ApicurioRegistryBaseIT$RegistryApiErrorWatcher.logProblemDetails(ApicurioRegistryBaseIT.java:154)
	at io.apicurio.tests.ApicurioRegistryBaseIT$RegistryApiErrorWatcher.logProblemDetails(ApicurioRegistryBaseIT.java:154)
	at io.apicurio.tests.ApicurioRegistryBaseIT$RegistryApiErrorWatcher.logProblemDetails(ApicurioRegistryBaseIT.java:154)
	at io.apicurio.tests.ApicurioRegistryBaseIT$RegistryApiErrorWatcher.logProblemDetails(ApicurioRegistryBaseIT.java:154)
	at io.apicurio.tests.ApicurioRegistryBaseIT$RegistryApiErrorWatcher.logProblemDetails(ApicurioRegistryBaseIT.java:154)
	at io.apicurio.tests.ApicurioRegistryBaseIT$RegistryApiErrorWatcher.logProblemDetails(ApicurioRegistryBaseIT.java:154)
	at io.apicurio.tests.ApicurioRegistryBaseIT$RegistryApiErrorWatcher.logProblemDetails(ApicurioRegistryBaseIT.java:154)
	at io.apicurio.tests.ApicurioRegistryBaseIT$RegistryApiErrorWatcher.logProblemDetails(ApicurioRegistryBaseIT.java:154)
	at io.apicurio.tests.ApicurioRegistryBaseIT$RegistryApiErrorWatcher.logProblemDetails(ApicurioRegistryBaseIT.java:154)
	at io.apicurio.tests.ApicurioRegistryBaseIT$RegistryApiErrorWatcher.logProblemDetails(ApicurioRegistryBaseIT.java:154)
	at io.apicurio.tests.ApicurioRegistryBaseIT$RegistryApiErrorWatcher.logProblemDetails(ApicurioRegistryBaseIT.java:154)
	at io.apicurio.tests.ApicurioRegistryBaseIT$RegistryApiErrorWatcher.logProblemDetails(ApicurioRegistryBaseIT.java:154)
	at io.apicurio.tests.ApicurioRegistryBaseIT$RegistryApiErrorWatcher.logProblemDetails(ApicurioRegistryBaseIT.java:154)
	at io.apicurio.tests.ApicurioRegistryBaseIT$RegistryApiErrorWatcher.logProblemDetails(ApicurioRegistryBaseIT.java:154)
	at io.apicurio.tests.ApicurioRegistryBaseIT$RegistryApiErrorWatcher.logProblemDetails(ApicurioRegistryBaseIT.java:154)
	at io.apicurio.tests.ApicurioRegistryBaseIT$RegistryApiErrorWatcher.logProblemDetails(ApicurioRegistryBaseIT.java:154)
	at io.apicurio.tests.ApicurioRegistryBaseIT$RegistryApiErrorWatcher.logProblemDetails(ApicurioRegistryBaseIT.java:154)
	at io.apicurio.tests.ApicurioRegistryBaseIT$RegistryApiErrorWatcher.logProblemDetails(ApicurioRegistryBaseIT.java:154)
	at io.apicurio.tests.ApicurioRegistryBaseIT$RegistryApiErrorWatcher.logProblemDetails(ApicurioRegistryBaseIT.java:154)
	at io.apicurio.tests.ApicurioRegistryBaseIT$RegistryApiErrorWatcher.logProblemDetails(ApicurioRegistryBaseIT.java:154)
	at io.apicurio.tests.ApicurioRegistryBaseIT$RegistryApiErrorWatcher.logProblemDetails(ApicurioRegistryBaseIT.java:154)
	at io.apicurio.tests.ApicurioRegistryBaseIT$RegistryApiErrorWatcher.logProblemDetails(ApicurioRegistryBaseIT.java:154)
	at io.apicurio.tests.ApicurioRegistryBaseIT$RegistryApiErrorWatcher.logProblemDetails(ApicurioRegistryBaseIT.java:154)
	at io.apicurio.tests.ApicurioRegistryBaseIT$RegistryApiErrorWatcher.logProblemDetails(ApicurioRegistryBaseIT.java:154)
	at io.apicurio.tests.ApicurioRegistryBaseIT$RegistryApiErrorWatcher.logProblemDetails(ApicurioRegistryBaseIT.java:154)
	at io.apicurio.tests.ApicurioRegistryBaseIT$RegistryApiErrorWatcher.logProblemDetails(ApicurioRegistryBaseIT.java:154)
	at io.apicurio.tests.ApicurioRegistryBaseIT$RegistryApiErrorWatcher.logProblemDetails(ApicurioRegistryBaseIT.java:154)
	at io.apicurio.tests.ApicurioRegistryBaseIT$RegistryApiErrorWatcher.logProblemDetails(ApicurioRegistryBaseIT.java:154)
	at io.apicurio.tests.ApicurioRegistryBaseIT$RegistryApiErrorWatcher.logProblemDetails(ApicurioRegistryBaseIT.java:154)
	at io.apicurio.tests.ApicurioRegistryBaseIT$RegistryApiErrorWatcher.logProblemDetails(ApicurioRegistryBaseIT.java:154)
	at io.apicurio.tests.ApicurioRegistryBaseIT$RegistryApiErrorWatcher.logProblemDetails(ApicurioRegistryBaseIT.java:154)
	at io.apicurio.tests.ApicurioRegistryBaseIT$RegistryApiErrorWatcher.logProblemDetails(ApicurioRegistryBaseIT.java:154)
	at io.apicurio.tests.ApicurioRegistryBaseIT$RegistryApiErrorWatcher.logProblemDetails(ApicurioRegistryBaseIT.java:154)
	at io.apicurio.tests.ApicurioRegistryBaseIT$RegistryApiErrorWatcher.logProblemDetails(ApicurioRegistryBaseIT.java:154)
	at io.apicurio.tests.ApicurioRegistryBaseIT$RegistryApiErrorWatcher.logProblemDetails(ApicurioRegistryBaseIT.java:154)
	at io.apicurio.tests.ApicurioRegistryBaseIT$RegistryApiErrorWatcher.logProblemDetails(ApicurioRegistryBaseIT.java:154)
	at io.apicurio.tests.ApicurioRegistryBaseIT$RegistryApiErrorWatcher.logProblemDetails(ApicurioRegistryBaseIT.java:154)
	at io.apicurio.tests.ApicurioRegistryBaseIT$RegistryApiErrorWatcher.logProblemDetails(ApicurioRegistryBaseIT.java:154)
	at io.apicurio.tests.ApicurioRegistryBaseIT$RegistryApiErrorWatcher.logProblemDetails(ApicurioRegistryBaseIT.java:154)
	at io.apicurio.tests.ApicurioRegistryBaseIT$RegistryApiErrorWatcher.logProblemDetails(ApicurioRegistryBaseIT.java:154)
	at io.apicurio.tests.ApicurioRegistryBaseIT$RegistryApiErrorWatcher.logProblemDetails(ApicurioRegistryBaseIT.java:154)
	at io.apicurio.tests.ApicurioRegistryBaseIT$RegistryApiErrorWatcher.logProblemDetails(ApicurioRegistryBaseIT.java:154)
	at io.apicurio.tests.ApicurioRegistryBaseIT$RegistryApiErrorWatcher.logProblemDetails(ApicurioRegistryBaseIT.java:154)
	at io.apicurio.tests.ApicurioRegistryBaseIT$RegistryApiErrorWatcher.logProblemDetails(ApicurioRegistryBaseIT.java:154)
	at io.apicurio.tests.ApicurioRegistryBaseIT$RegistryApiErrorWatcher.logProblemDetails(ApicurioRegistryBaseIT.java:154)
	at io.apicurio.tests.ApicurioRegistryBaseIT$RegistryApiErrorWatcher.logProblemDetails(ApicurioRegistryBaseIT.java:154)
	at io.apicurio.tests.ApicurioRegistryBaseIT$RegistryApiErrorWatcher.logProblemDetails(ApicurioRegistryBaseIT.java:154)
	at io.apicurio.tests.ApicurioRegistryBaseIT$RegistryApiErrorWatcher.logProblemDetails(ApicurioRegistryBaseIT.java:154)
	at io.apicurio.tests.ApicurioRegistryBaseIT$RegistryApiErrorWatcher.logProblemDetails(ApicurioRegistryBaseIT.java:154)
	at io.apicurio.tests.ApicurioRegistryBaseIT$RegistryApiErrorWatcher.logProblemDetails(ApicurioRegistryBaseIT.java:154)
	at io.apicurio.tests.ApicurioRegistryBaseIT$RegistryApiErrorWatcher.logProblemDetails(ApicurioRegistryBaseIT.java:154)
	at io.apicurio.tests.ApicurioRegistryBaseIT$RegistryApiErrorWatcher.logProblemDetails(ApicurioRegistryBaseIT.java:154)
	at io.apicurio.tests.ApicurioRegistryBaseIT$RegistryApiErrorWatcher.logProblemDetails(ApicurioRegistryBaseIT.java:154)
	at io.apicurio.tests.ApicurioRegistryBaseIT$RegistryApiErrorWatcher.logProblemDetails(ApicurioRegistryBaseIT.java:154)
	at io.apicurio.tests.ApicurioRegistryBaseIT$RegistryApiErrorWatcher.logProblemDetails(ApicurioRegistryBaseIT.java:154)
	at io.apicurio.tests.ApicurioRegistryBaseIT$RegistryApiErrorWatcher.logProblemDetails(ApicurioRegistryBaseIT.java:154)
	at io.apicurio.tests.ApicurioRegistryBaseIT$RegistryApiErrorWatcher.logProblemDetails(ApicurioRegistryBaseIT.java:154)
	at io.apicurio.tests.ApicurioRegistryBaseIT$RegistryApiErrorWatcher.logProblemDetails(ApicurioRegistryBaseIT.java:154)
	at io.apicurio.tests.ApicurioRegistryBaseIT$RegistryApiErrorWatcher.logProblemDetails(ApicurioRegistryBaseIT.java:154)
	at io.apicurio.tests.ApicurioRegistryBaseIT$RegistryApiErrorWatcher.logProblemDetails(ApicurioRegistryBaseIT.java:154)
	at io.apicurio.tests.ApicurioRegistryBaseIT$RegistryApiErrorWatcher.logProblemDetails(ApicurioRegistryBaseIT.java:154)
	at io.apicurio.tests.ApicurioRegistryBaseIT$RegistryApiErrorWatcher.logProblemDetails(ApicurioRegistryBaseIT.java:154)
	at io.apicurio.tests.ApicurioRegistryBaseIT$RegistryApiErrorWatcher.logProblemDetails(ApicurioRegistryBaseIT.java:154)
	at io.apicurio.tests.ApicurioRegistryBaseIT$RegistryApiErrorWatcher.logProblemDetails(ApicurioRegistryBaseIT.java:154)
	at io.apicurio.tests.ApicurioRegistryBaseIT$RegistryApiErrorWatcher.logProblemDetails(ApicurioRegistryBaseIT.java:154)
	at io.apicurio.tests.ApicurioRegistryBaseIT$RegistryApiErrorWatcher.logProblemDetails(ApicurioRegistryBaseIT.java:154)
	at io.apicurio.tests.ApicurioRegistryBaseIT$RegistryApiErrorWatcher.logProblemDetails(ApicurioRegistryBaseIT.java:154)
	at io.apicurio.tests.ApicurioRegistryBaseIT$RegistryApiErrorWatcher.logProblemDetails(ApicurioRegistryBaseIT.java:154)
	at io.apicurio.tests.ApicurioRegistryBaseIT$RegistryApiErrorWatcher.logProblemDetails(ApicurioRegistryBaseIT.java:154)
	at io.apicurio.tests.ApicurioRegistryBaseIT$RegistryApiErrorWatcher.logProblemDetails(ApicurioRegistryBaseIT.java:154)
	at io.apicurio.tests.ApicurioRegistryBaseIT$RegistryApiErrorWatcher.logProblemDetails(ApicurioRegistryBaseIT.java:154)
	at io.apicurio.tests.ApicurioRegistryBaseIT$RegistryApiErrorWatcher.logProblemDetails(ApicurioRegistryBaseIT.java:154)
	at io.apicurio.tests.ApicurioRegistryBaseIT$RegistryApiErrorWatcher.logProblemDetails(ApicurioRegistryBaseIT.java:154)
	at io.apicurio.tests.ApicurioRegistryBaseIT$RegistryApiErrorWatcher.logProblemDetails(ApicurioRegistryBaseIT.java:154)
	at io.apicurio.tests.ApicurioRegistryBaseIT$RegistryApiErrorWatcher.logProblemDetails(ApicurioRegistryBaseIT.java:154)
	at io.apicurio.tests.ApicurioRegistryBaseIT$RegistryApiErrorWatcher.logProblemDetails(ApicurioRegistryBaseIT.java:154)
	at io.apicurio.tests.ApicurioRegistryBaseIT$RegistryApiErrorWatcher.logProblemDetails(ApicurioRegistryBaseIT.java:154)
	at io.apicurio.tests.ApicurioRegistryBaseIT$RegistryApiErrorWatcher.logProblemDetails(ApicurioRegistryBaseIT.java:154)
	at io.apicurio.tests.ApicurioRegistryBaseIT$RegistryApiErrorWatcher.logProblemDetails(ApicurioRegistryBaseIT.java:154)
	at io.apicurio.tests.ApicurioRegistryBaseIT$RegistryApiErrorWatcher.logProblemDetails(ApicurioRegistryBaseIT.java:154)
	at io.apicurio.tests.ApicurioRegistryBaseIT$RegistryApiErrorWatcher.logProblemDetails(ApicurioRegistryBaseIT.java:154)
	at io.apicurio.tests.ApicurioRegistryBaseIT$RegistryApiErrorWatcher.logProblemDetails(ApicurioRegistryBaseIT.java:154)
	at io.apicurio.tests.ApicurioRegistryBaseIT$RegistryApiErrorWatcher.logProblemDetails(ApicurioRegistryBaseIT.java:154)
	at io.apicurio.tests.ApicurioRegistryBaseIT$RegistryApiErrorWatcher.logProblemDetails(ApicurioRegistryBaseIT.java:154)
	at io.apicurio.tests.ApicurioRegistryBaseIT$RegistryApiErrorWatcher.logProblemDetails(ApicurioRegistryBaseIT.java:154)
	at io.apicurio.tests.ApicurioRegistryBaseIT$RegistryApiErrorWatcher.logProblemDetails(ApicurioRegistryBaseIT.java:154)
	at io.apicurio.tests.ApicurioRegistryBaseIT$RegistryApiErrorWatcher.logProblemDetails(ApicurioRegistryBaseIT.java:154)
	at io.apicurio.tests.ApicurioRegistryBaseIT$RegistryApiErrorWatcher.logProblemDetails(ApicurioRegistryBaseIT.java:154)
	at io.apicurio.tests.ApicurioRegistryBaseIT$RegistryApiErrorWatcher.logProblemDetails(ApicurioRegistryBaseIT.java:154)
	at io.apicurio.tests.ApicurioRegistryBaseIT$RegistryApiErrorWatcher.logProblemDetails(ApicurioRegistryBaseIT.java:154)
	at io.apicurio.tests.ApicurioRegistryBaseIT$RegistryApiErrorWatcher.logProblemDetails(ApicurioRegistryBaseIT.java:154)
	at io.apicurio.tests.ApicurioRegistryBaseIT$RegistryApiErrorWatcher.logProblemDetails(ApicurioRegistryBaseIT.java:154)
	at io.apicurio.tests.ApicurioRegistryBaseIT$RegistryApiErrorWatcher.logProblemDetails(ApicurioRegistryBaseIT.java:154)
	at io.apicurio.tests.ApicurioRegistryBaseIT$RegistryApiErrorWatcher.logProblemDetails(ApicurioRegistryBaseIT.java:154)
	at io.apicurio.tests.ApicurioRegistryBaseIT$RegistryApiErrorWatcher.logProblemDetails(ApicurioRegistryBaseIT.java:154)
	at io.apicurio.tests.ApicurioRegistryBaseIT$RegistryApiErrorWatcher.logProblemDetails(ApicurioRegistryBaseIT.java:154)
	at io.apicurio.tests.ApicurioRegistryBaseIT$RegistryApiErrorWatcher.logProblemDetails(ApicurioRegistryBaseIT.java:154)
	at io.apicurio.tests.ApicurioRegistryBaseIT$RegistryApiErrorWatcher.logProblemDetails(ApicurioRegistryBaseIT.java:154)
	at io.apicurio.tests.ApicurioRegistryBaseIT$RegistryApiErrorWatcher.logProblemDetails(ApicurioRegistryBaseIT.java:154)
	at io.apicurio.tests.ApicurioRegistryBaseIT$RegistryApiErrorWatcher.logProblemDetails(ApicurioRegistryBaseIT.java:154)
	at io.apicurio.tests.ApicurioRegistryBaseIT$RegistryApiErrorWatcher.logProblemDetails(ApicurioRegistryBaseIT.java:154)
	at io.apicurio.tests.ApicurioRegistryBaseIT$RegistryApiErrorWatcher.logProblemDetails(ApicurioRegistryBaseIT.java:154)
	at io.apicurio.tests.ApicurioRegistryBaseIT$RegistryApiErrorWatcher.logProblemDetails(ApicurioRegistryBaseIT.java:154)
	at io.apicurio.tests.ApicurioRegistryBaseIT$RegistryApiErrorWatcher.logProblemDetails(ApicurioRegistryBaseIT.java:154)
	at io.apicurio.tests.ApicurioRegistryBaseIT$RegistryApiErrorWatcher.logProblemDetails(ApicurioRegistryBaseIT.java:154)
	at io.apicurio.tests.ApicurioRegistryBaseIT$RegistryApiErrorWatcher.logProblemDetails(ApicurioRegistryBaseIT.java:154)
	at io.apicurio.tests.ApicurioRegistryBaseIT$RegistryApiErrorWatcher.logProblemDetails(ApicurioRegistryBaseIT.java:154)
	at io.apicurio.tests.ApicurioRegistryBaseIT$RegistryApiErrorWatcher.logProblemDetails(ApicurioRegistryBaseIT.java:154)
	at io.apicurio.tests.ApicurioRegistryBaseIT$RegistryApiErrorWatcher.logProblemDetails(ApicurioRegistryBaseIT.java:154)
	at io.apicurio.tests.ApicurioRegistryBaseIT$RegistryApiErrorWatcher.logProblemDetails(ApicurioRegistryBaseIT.java:154)
	at io.apicurio.tests.ApicurioRegistryBaseIT$RegistryApiErrorWatcher.logProblemDetails(ApicurioRegistryBaseIT.java:154)
	at io.apicurio.tests.ApicurioRegistryBaseIT$RegistryApiErrorWatcher.logProblemDetails(ApicurioRegistryBaseIT.java:154)
	at io.apicurio.tests.ApicurioRegistryBaseIT$RegistryApiErrorWatcher.logProblemDetails(ApicurioRegistryBaseIT.java:154)
	at io.apicurio.tests.ApicurioRegistryBaseIT$RegistryApiErrorWatcher.logProblemDetails(ApicurioRegistryBaseIT.java:154)
	at io.apicurio.tests.ApicurioRegistryBaseIT$RegistryApiErrorWatcher.logProblemDetails(ApicurioRegistryBaseIT.java:154)
	at io.apicurio.tests.ApicurioRegistryBaseIT$RegistryApiErrorWatcher.logProblemDetails(ApicurioRegistryBaseIT.java:154)
	at io.apicurio.tests.ApicurioRegistryBaseIT$RegistryApiErrorWatcher.logProblemDetails(ApicurioRegistryBaseIT.java:154)
	at io.apicurio.tests.ApicurioRegistryBaseIT$RegistryApiErrorWatcher.logProblemDetails(ApicurioRegistryBaseIT.java:154)
	at io.apicurio.tests.ApicurioRegistryBaseIT$RegistryApiErrorWatcher.logProblemDetails(ApicurioRegistryBaseIT.java:154)
	at io.apicurio.tests.ApicurioRegistryBaseIT$RegistryApiErrorWatcher.logProblemDetails(ApicurioRegistryBaseIT.java:154)
	at io.apicurio.tests.ApicurioRegistryBaseIT$RegistryApiErrorWatcher.logProblemDetails(ApicurioRegistryBaseIT.java:154)
	at io.apicurio.tests.ApicurioRegistryBaseIT$RegistryApiErrorWatcher.logProblemDetails(ApicurioRegistryBaseIT.java:154)
	at io.apicurio.tests.ApicurioRegistryBaseIT$RegistryApiErrorWatcher.logProblemDetails(ApicurioRegistryBaseIT.java:154)
	at io.apicurio.tests.ApicurioRegistryBaseIT$RegistryApiErrorWatcher.logProblemDetails(ApicurioRegistryBaseIT.java:154)
	at io.apicurio.tests.ApicurioRegistryBaseIT$RegistryApiErrorWatcher.logProblemDetails(ApicurioRegistryBaseIT.java:154)
	at io.apicurio.tests.ApicurioRegistryBaseIT$RegistryApiErrorWatcher.logProblemDetails(ApicurioRegistryBaseIT.java:154)
	at io.apicurio.tests.ApicurioRegistryBaseIT$RegistryApiErrorWatcher.logProblemDetails(ApicurioRegistryBaseIT.java:154)
	at io.apicurio.tests.ApicurioRegistryBaseIT$RegistryApiErrorWatcher.logProblemDetails(ApicurioRegistryBaseIT.java:154)
	at io.apicurio.tests.ApicurioRegistryBaseIT$RegistryApiErrorWatcher.logProblemDetails(ApicurioRegistryBaseIT.java:154)
	at io.apicurio.tests.ApicurioRegistryBaseIT$RegistryApiErrorWatcher.logProblemDetails(ApicurioRegistryBaseIT.java:154)
	at io.apicurio.tests.ApicurioRegistryBaseIT$RegistryApiErrorWatcher.logProblemDetails(ApicurioRegistryBaseIT.java:154)
	at io.apicurio.tests.ApicurioRegistryBaseIT$RegistryApiErrorWatcher.logProblemDetails(ApicurioRegistryBaseIT.java:154)
	at io.apicurio.tests.ApicurioRegistryBaseIT$RegistryApiErrorWatcher.logProblemDetails(ApicurioRegistryBaseIT.java:154)
	at io.apicurio.tests.ApicurioRegistryBaseIT$RegistryApiErrorWatcher.logProblemDetails(ApicurioRegistryBaseIT.java:154)
	at io.apicurio.tests.ApicurioRegistryBaseIT$RegistryApiErrorWatcher.logProblemDetails(ApicurioRegistryBaseIT.java:154)
	at io.apicurio.tests.ApicurioRegistryBaseIT$RegistryApiErrorWatcher.logProblemDetails(ApicurioRegistryBaseIT.java:154)
	at io.apicurio.tests.ApicurioRegistryBaseIT$RegistryApiErrorWatcher.logProblemDetails(ApicurioRegistryBaseIT.java:154)
	at io.apicurio.tests.ApicurioRegistryBaseIT$RegistryApiErrorWatcher.logProblemDetails(ApicurioRegistryBaseIT.java:154)
	at io.apicurio.tests.ApicurioRegistryBaseIT$RegistryApiErrorWatcher.logProblemDetails(ApicurioRegistryBaseIT.java:154)
	at io.apicurio.tests.ApicurioRegistryBaseIT$RegistryApiErrorWatcher.logProblemDetails(ApicurioRegistryBaseIT.java:154)
	at io.apicurio.tests.ApicurioRegistryBaseIT$RegistryApiErrorWatcher.logProblemDetails(ApicurioRegistryBaseIT.java:154)
	at io.apicurio.tests.ApicurioRegistryBaseIT$RegistryApiErrorWatcher.logProblemDetails(ApicurioRegistryBaseIT.java:154)
	at io.apicurio.tests.ApicurioRegistryBaseIT$RegistryApiErrorWatcher.logProblemDetails(ApicurioRegistryBaseIT.java:154)
	at io.apicurio.tests.ApicurioRegistryBaseIT$RegistryApiErrorWatcher.logProblemDetails(ApicurioRegistryBaseIT.java:154)
	at io.apicurio.tests.ApicurioRegistryBaseIT$RegistryApiErrorWatcher.logProblemDetails(ApicurioRegistryBaseIT.java:154)
	at io.apicurio.tests.ApicurioRegistryBaseIT$RegistryApiErrorWatcher.logProblemDetails(ApicurioRegistryBaseIT.java:154)
	at io.apicurio.tests.ApicurioRegistryBaseIT$RegistryApiErrorWatcher.logProblemDetails(ApicurioRegistryBaseIT.java:154)
	at io.apicurio.tests.ApicurioRegistryBaseIT$RegistryApiErrorWatcher.logProblemDetails(ApicurioRegistryBaseIT.java:154)
	at io.apicurio.tests.ApicurioRegistryBaseIT$RegistryApiErrorWatcher.logProblemDetails(ApicurioRegistryBaseIT.java:154)
	at io.apicurio.tests.ApicurioRegistryBaseIT$RegistryApiErrorWatcher.logProblemDetails(ApicurioRegistryBaseIT.java:154)
	at io.apicurio.tests.ApicurioRegistryBaseIT$RegistryApiErrorWatcher.logProblemDetails(ApicurioRegistryBaseIT.java:154)
	at io.apicurio.tests.ApicurioRegistryBaseIT$RegistryApiErrorWatcher.logProblemDetails(ApicurioRegistryBaseIT.java:154)
	at io.apicurio.tests.ApicurioRegistryBaseIT$RegistryApiErrorWatcher.logProblemDetails(ApicurioRegistryBaseIT.java:154)
	at io.apicurio.tests.ApicurioRegistryBaseIT$RegistryApiErrorWatcher.logProblemDetails(ApicurioRegistryBaseIT.java:154)
	at io.apicurio.tests.ApicurioRegistryBaseIT$RegistryApiErrorWatcher.logProblemDetails(ApicurioRegistryBaseIT.java:154)
	at io.apicurio.tests.ApicurioRegistryBaseIT$RegistryApiErrorWatcher.logProblemDetails(ApicurioRegistryBaseIT.java:154)
	at io.apicurio.tests.ApicurioRegistryBaseIT$RegistryApiErrorWatcher.logProblemDetails(ApicurioRegistryBaseIT.java:154)
	at io.apicurio.tests.ApicurioRegistryBaseIT$RegistryApiErrorWatcher.logProblemDetails(ApicurioRegistryBaseIT.java:154)
	at io.apicurio.tests.ApicurioRegistryBaseIT$RegistryApiErrorWatcher.logProblemDetails(ApicurioRegistryBaseIT.java:154)
	at io.apicurio.tests.ApicurioRegistryBaseIT$RegistryApiErrorWatcher.logProblemDetails(ApicurioRegistryBaseIT.java:154)
	at io.apicurio.tests.ApicurioRegistryBaseIT$RegistryApiErrorWatcher.logProblemDetails(ApicurioRegistryBaseIT.java:154)
	at io.apicurio.tests.ApicurioRegistryBaseIT$RegistryApiErrorWatcher.logProblemDetails(ApicurioRegistryBaseIT.java:154)
	at io.apicurio.tests.ApicurioRegistryBaseIT$RegistryApiErrorWatcher.logProblemDetails(ApicurioRegistryBaseIT.java:154)
	at io.apicurio.tests.ApicurioRegistryBaseIT$RegistryApiErrorWatcher.logProblemDetails(ApicurioRegistryBaseIT.java:154)
	at io.apicurio.tests.ApicurioRegistryBaseIT$RegistryApiErrorWatcher.logProblemDetails(ApicurioRegistryBaseIT.java:154)
	at io.apicurio.tests.ApicurioRegistryBaseIT$RegistryApiErrorWatcher.logProblemDetails(ApicurioRegistryBaseIT.java:154)
	at io.apicurio.tests.ApicurioRegistryBaseIT$RegistryApiErrorWatcher.logProblemDetails(ApicurioRegistryBaseIT.java:154)
	at io.apicurio.tests.ApicurioRegistryBaseIT$RegistryApiErrorWatcher.logProblemDetails(ApicurioRegistryBaseIT.java:154)
	at io.apicurio.tests.ApicurioRegistryBaseIT$RegistryApiErrorWatcher.logProblemDetails(ApicurioRegistryBaseIT.java:154)
	at io.apicurio.tests.ApicurioRegistryBaseIT$RegistryApiErrorWatcher.logProblemDetails(ApicurioRegistryBaseIT.java:154)
	at io.apicurio.tests.ApicurioRegistryBaseIT$RegistryApiErrorWatcher.logProblemDetails(ApicurioRegistryBaseIT.java:154)
	at io.apicurio.tests.ApicurioRegistryBaseIT$RegistryApiErrorWatcher.logProblemDetails(ApicurioRegistryBaseIT.java:154)
	at io.apicurio.tests.ApicurioRegistryBaseIT$RegistryApiErrorWatcher.logProblemDetails(ApicurioRegistryBaseIT.java:154)
	at io.apicurio.tests.ApicurioRegistryBaseIT$RegistryApiErrorWatcher.logProblemDetails(ApicurioRegistryBaseIT.java:154)
	at io.apicurio.tests.ApicurioRegistryBaseIT$RegistryApiErrorWatcher.logProblemDetails(ApicurioRegistryBaseIT.java:154)
	at io.apicurio.tests.ApicurioRegistryBaseIT$RegistryApiErrorWatcher.logProblemDetails(ApicurioRegistryBaseIT.java:154)
	at io.apicurio.tests.ApicurioRegistryBaseIT$RegistryApiErrorWatcher.logProblemDetails(ApicurioRegistryBaseIT.java:154)
	at io.apicurio.tests.ApicurioRegistryBaseIT$RegistryApiErrorWatcher.logProblemDetails(ApicurioRegistryBaseIT.java:154)
	at io.apicurio.tests.ApicurioRegistryBaseIT$RegistryApiErrorWatcher.logProblemDetails(ApicurioRegistryBaseIT.java:154)
	at io.apicurio.tests.ApicurioRegistryBaseIT$RegistryApiErrorWatcher.logProblemDetails(ApicurioRegistryBaseIT.java:154)
	at io.apicurio.tests.ApicurioRegistryBaseIT$RegistryApiErrorWatcher.logProblemDetails(ApicurioRegistryBaseIT.java:154)
	at io.apicurio.tests.ApicurioRegistryBaseIT$RegistryApiErrorWatcher.logProblemDetails(ApicurioRegistryBaseIT.java:154)
	at io.apicurio.tests.ApicurioRegistryBaseIT$RegistryApiErrorWatcher.logProblemDetails(ApicurioRegistryBaseIT.java:154)
	at io.apicurio.tests.ApicurioRegistryBaseIT$RegistryApiErrorWatcher.logProblemDetails(ApicurioRegistryBaseIT.java:154)
	at io.apicurio.tests.ApicurioRegistryBaseIT$RegistryApiErrorWatcher.logProblemDetails(ApicurioRegistryBaseIT.java:154)
	at io.apicurio.tests.ApicurioRegistryBaseIT$RegistryApiErrorWatcher.logProblemDetails(ApicurioRegistryBaseIT.java:154)
	at io.apicurio.tests.ApicurioRegistryBaseIT$RegistryApiErrorWatcher.logProblemDetails(ApicurioRegistryBaseIT.java:154)
	at io.apicurio.tests.ApicurioRegistryBaseIT$RegistryApiErrorWatcher.logProblemDetails(ApicurioRegistryBaseIT.java:154)
	at io.apicurio.tests.ApicurioRegistryBaseIT$RegistryApiErrorWatcher.logProblemDetails(ApicurioRegistryBaseIT.java:154)
	at io.apicurio.tests.ApicurioRegistryBaseIT$RegistryApiErrorWatcher.logProblemDetails(ApicurioRegistryBaseIT.java:154)
	at io.apicurio.tests.ApicurioRegistryBaseIT$RegistryApiErrorWatcher.logProblemDetails(ApicurioRegistryBaseIT.java:154)
	at io.apicurio.tests.ApicurioRegistryBaseIT$RegistryApiErrorWatcher.logProblemDetails(ApicurioRegistryBaseIT.java:154)
	at io.apicurio.tests.ApicurioRegistryBaseIT$RegistryApiErrorWatcher.logProblemDetails(ApicurioRegistryBaseIT.java:154)
	at io.apicurio.tests.ApicurioRegistryBaseIT$RegistryApiErrorWatcher.logProblemDetails(ApicurioRegistryBaseIT.java:154)
	at io.apicurio.tests.ApicurioRegistryBaseIT$RegistryApiErrorWatcher.logProblemDetails(ApicurioRegistryBaseIT.java:154)
	at io.apicurio.tests.ApicurioRegistryBaseIT$RegistryApiErrorWatcher.logProblemDetails(ApicurioRegistryBaseIT.java:154)
	at io.apicurio.tests.ApicurioRegistryBaseIT$RegistryApiErrorWatcher.logProblemDetails(ApicurioRegistryBaseIT.java:154)
	at io.apicurio.tests.ApicurioRegistryBaseIT$RegistryApiErrorWatcher.logProblemDetails(ApicurioRegistryBaseIT.java:154)
	at io.apicurio.tests.ApicurioRegistryBaseIT$RegistryApiErrorWatcher.logProblemDetails(ApicurioRegistryBaseIT.java:154)
	at io.apicurio.tests.ApicurioRegistryBaseIT$RegistryApiErrorWatcher.logProblemDetails(ApicurioRegistryBaseIT.java:154)
	at io.apicurio.tests.ApicurioRegistryBaseIT$RegistryApiErrorWatcher.logProblemDetails(ApicurioRegistryBaseIT.java:154)
	at io.apicurio.tests.ApicurioRegistryBaseIT$RegistryApiErrorWatcher.logProblemDetails(ApicurioRegistryBaseIT.java:154)
	at io.apicurio.tests.ApicurioRegistryBaseIT$RegistryApiErrorWatcher.logProblemDetails(ApicurioRegistryBaseIT.java:154)
	at io.apicurio.tests.ApicurioRegistryBaseIT$RegistryApiErrorWatcher.logProblemDetails(ApicurioRegistryBaseIT.java:154)
	at io.apicurio.tests.ApicurioRegistryBaseIT$RegistryApiErrorWatcher.logProblemDetails(ApicurioRegistryBaseIT.java:154)
	at io.apicurio.tests.ApicurioRegistryBaseIT$RegistryApiErrorWatcher.logProblemDetails(ApicurioRegistryBaseIT.java:154)
	at io.apicurio.tests.ApicurioRegistryBaseIT$RegistryApiErrorWatcher.logProblemDetails(ApicurioRegistryBaseIT.java:154)
	at io.apicurio.tests.ApicurioRegistryBaseIT$RegistryApiErrorWatcher.logProblemDetails(ApicurioRegistryBaseIT.java:154)
	at io.apicurio.tests.ApicurioRegistryBaseIT$RegistryApiErrorWatcher.logProblemDetails(ApicurioRegistryBaseIT.java:154)
	at io.apicurio.tests.ApicurioRegistryBaseIT$RegistryApiErrorWatcher.logProblemDetails(ApicurioRegistryBaseIT.java:154)
	at io.apicurio.tests.ApicurioRegistryBaseIT$RegistryApiErrorWatcher.logProblemDetails(ApicurioRegistryBaseIT.java:154)
	at io.apicurio.tests.ApicurioRegistryBaseIT$RegistryApiErrorWatcher.logProblemDetails(ApicurioRegistryBaseIT.java:154)
	at io.apicurio.tests.ApicurioRegistryBaseIT$RegistryApiErrorWatcher.logProblemDetails(ApicurioRegistryBaseIT.java:154)
	at io.apicurio.tests.ApicurioRegistryBaseIT$RegistryApiErrorWatcher.logProblemDetails(ApicurioRegistryBaseIT.java:154)
	at io.apicurio.tests.ApicurioRegistryBaseIT$RegistryApiErrorWatcher.logProblemDetails(ApicurioRegistryBaseIT.java:154)
	at io.apicurio.tests.ApicurioRegistryBaseIT$RegistryApiErrorWatcher.logProblemDetails(ApicurioRegistryBaseIT.java:154)
	at io.apicurio.tests.ApicurioRegistryBaseIT$RegistryApiErrorWatcher.logProblemDetails(ApicurioRegistryBaseIT.java:154)
	at io.apicurio.tests.ApicurioRegistryBaseIT$RegistryApiErrorWatcher.logProblemDetails(ApicurioRegistryBaseIT.java:154)
	at io.apicurio.tests.ApicurioRegistryBaseIT$RegistryApiErrorWatcher.logProblemDetails(ApicurioRegistryBaseIT.java:154)
	at io.apicurio.tests.ApicurioRegistryBaseIT$RegistryApiErrorWatcher.logProblemDetails(ApicurioRegistryBaseIT.java:154)
	at io.apicurio.tests.ApicurioRegistryBaseIT$RegistryApiErrorWatcher.logProblemDetails(ApicurioRegistryBaseIT.java:154)
	at io.apicurio.tests.ApicurioRegistryBaseIT$RegistryApiErrorWatcher.logProblemDetails(ApicurioRegistryBaseIT.java:154)
	at io.apicurio.tests.ApicurioRegistryBaseIT$RegistryApiErrorWatcher.logProblemDetails(ApicurioRegistryBaseIT.java:154)
	at io.apicurio.tests.ApicurioRegistryBaseIT$RegistryApiErrorWatcher.logProblemDetails(ApicurioRegistryBaseIT.java:154)
	at io.apicurio.tests.ApicurioRegistryBaseIT$RegistryApiErrorWatcher.logProblemDetails(ApicurioRegistryBaseIT.java:154)
	at io.apicurio.tests.ApicurioRegistryBaseIT$RegistryApiErrorWatcher.logProblemDetails(ApicurioRegistryBaseIT.java:154)
	at io.apicurio.tests.ApicurioRegistryBaseIT$RegistryApiErrorWatcher.logProblemDetails(ApicurioRegistryBaseIT.java:154)
	at io.apicurio.tests.ApicurioRegistryBaseIT$RegistryApiErrorWatcher.logProblemDetails(ApicurioRegistryBaseIT.java:154)
	at io.apicurio.tests.ApicurioRegistryBaseIT$RegistryApiErrorWatcher.logProblemDetails(ApicurioRegistryBaseIT.java:154)
	at io.apicurio.tests.ApicurioRegistryBaseIT$RegistryApiErrorWatcher.logProblemDetails(ApicurioRegistryBaseIT.java:154)
	at io.apicurio.tests.ApicurioRegistryBaseIT$RegistryApiErrorWatcher.logProblemDetails(ApicurioRegistryBaseIT.java:154)
	at io.apicurio.tests.ApicurioRegistryBaseIT$RegistryApiErrorWatcher.logProblemDetails(ApicurioRegistryBaseIT.java:154)
	at io.apicurio.tests.ApicurioRegistryBaseIT$RegistryApiErrorWatcher.logProblemDetails(ApicurioRegistryBaseIT.java:154)
	at io.apicurio.tests.ApicurioRegistryBaseIT$RegistryApiErrorWatcher.logProblemDetails(ApicurioRegistryBaseIT.java:154)
	at io.apicurio.tests.ApicurioRegistryBaseIT$RegistryApiErrorWatcher.logProblemDetails(ApicurioRegistryBaseIT.java:154)
	at io.apicurio.tests.ApicurioRegistryBaseIT$RegistryApiErrorWatcher.logProblemDetails(ApicurioRegistryBaseIT.java:154)
	at io.apicurio.tests.ApicurioRegistryBaseIT$RegistryApiErrorWatcher.logProblemDetails(ApicurioRegistryBaseIT.java:154)
	at io.apicurio.tests.ApicurioRegistryBaseIT$RegistryApiErrorWatcher.logProblemDetails(ApicurioRegistryBaseIT.java:154)
	at io.apicurio.tests.ApicurioRegistryBaseIT$RegistryApiErrorWatcher.logProblemDetails(ApicurioRegistryBaseIT.java:154)
	at io.apicurio.tests.ApicurioRegistryBaseIT$RegistryApiErrorWatcher.logProblemDetails(ApicurioRegistryBaseIT.java:154)
	at io.apicurio.tests.ApicurioRegistryBaseIT$RegistryApiErrorWatcher.logProblemDetails(ApicurioRegistryBaseIT.java:154)
	at io.apicurio.tests.ApicurioRegistryBaseIT$RegistryApiErrorWatcher.logProblemDetails(ApicurioRegistryBaseIT.java:154)
	at io.apicurio.tests.ApicurioRegistryBaseIT$RegistryApiErrorWatcher.logProblemDetails(ApicurioRegistryBaseIT.java:154)
	at io.apicurio.tests.ApicurioRegistryBaseIT$RegistryApiErrorWatcher.logProblemDetails(ApicurioRegistryBaseIT.java:154)
	at io.apicurio.tests.ApicurioRegistryBaseIT$RegistryApiErrorWatcher.logProblemDetails(ApicurioRegistryBaseIT.java:154)
	at io.apicurio.tests.ApicurioRegistryBaseIT$RegistryApiErrorWatcher.logProblemDetails(ApicurioRegistryBaseIT.java:154)
	at io.apicurio.tests.ApicurioRegistryBaseIT$RegistryApiErrorWatcher.logProblemDetails(ApicurioRegistryBaseIT.java:154)
	at io.apicurio.tests.ApicurioRegistryBaseIT$RegistryApiErrorWatcher.logProblemDetails(ApicurioRegistryBaseIT.java:154)
	at io.apicurio.tests.ApicurioRegistryBaseIT$RegistryApiErrorWatcher.logProblemDetails(ApicurioRegistryBaseIT.java:154)
	at io.apicurio.tests.ApicurioRegistryBaseIT$RegistryApiErrorWatcher.logProblemDetails(ApicurioRegistryBaseIT.java:154)
	at io.apicurio.tests.ApicurioRegistryBaseIT$RegistryApiErrorWatcher.logProblemDetails(ApicurioRegistryBaseIT.java:154)
	at io.apicurio.tests.ApicurioRegistryBaseIT$RegistryApiErrorWatcher.logProblemDetails(ApicurioRegistryBaseIT.java:154)
	at io.apicurio.tests.ApicurioRegistryBaseIT$RegistryApiErrorWatcher.logProblemDetails(ApicurioRegistryBaseIT.java:154)
	at io.apicurio.tests.ApicurioRegistryBaseIT$RegistryApiErrorWatcher.logProblemDetails(ApicurioRegistryBaseIT.java:154)
	at io.apicurio.tests.ApicurioRegistryBaseIT$RegistryApiErrorWatcher.logProblemDetails(ApicurioRegistryBaseIT.java:154)
	at io.apicurio.tests.ApicurioRegistryBaseIT$RegistryApiErrorWatcher.logProblemDetails(ApicurioRegistryBaseIT.java:154)
	at io.apicurio.tests.ApicurioRegistryBaseIT$RegistryApiErrorWatcher.logProblemDetails(ApicurioRegistryBaseIT.java:154)
	at io.apicurio.tests.ApicurioRegistryBaseIT$RegistryApiErrorWatcher.logProblemDetails(ApicurioRegistryBaseIT.java:154)
	at io.apicurio.tests.ApicurioRegistryBaseIT$RegistryApiErrorWatcher.logProblemDetails(ApicurioRegistryBaseIT.java:154)
	at io.apicurio.tests.ApicurioRegistryBaseIT$RegistryApiErrorWatcher.logProblemDetails(ApicurioRegistryBaseIT.java:154)
	at io.apicurio.tests.ApicurioRegistryBaseIT$RegistryApiErrorWatcher.logProblemDetails(ApicurioRegistryBaseIT.java:154)
	at io.apicurio.tests.ApicurioRegistryBaseIT$RegistryApiErrorWatcher.logProblemDetails(ApicurioRegistryBaseIT.java:154)
	at io.apicurio.tests.ApicurioRegistryBaseIT$RegistryApiErrorWatcher.logProblemDetails(ApicurioRegistryBaseIT.java:154)
	at io.apicurio.tests.ApicurioRegistryBaseIT$RegistryApiErrorWatcher.logProblemDetails(ApicurioRegistryBaseIT.java:154)
	at io.apicurio.tests.ApicurioRegistryBaseIT$RegistryApiErrorWatcher.logProblemDetails(ApicurioRegistryBaseIT.java:154)
	at io.apicurio.tests.ApicurioRegistryBaseIT$RegistryApiErrorWatcher.logProblemDetails(ApicurioRegistryBaseIT.java:154)
	at io.apicurio.tests.ApicurioRegistryBaseIT$RegistryApiErrorWatcher.logProblemDetails(ApicurioRegistryBaseIT.java:154)
	at io.apicurio.tests.ApicurioRegistryBaseIT$RegistryApiErrorWatcher.logProblemDetails(ApicurioRegistryBaseIT.java:154)
	at io.apicurio.tests.ApicurioRegistryBaseIT$RegistryApiErrorWatcher.logProblemDetails(ApicurioRegistryBaseIT.java:154)
	at io.apicurio.tests.ApicurioRegistryBaseIT$RegistryApiErrorWatcher.logProblemDetails(ApicurioRegistryBaseIT.java:154)
	at io.apicurio.tests.ApicurioRegistryBaseIT$RegistryApiErrorWatcher.logProblemDetails(ApicurioRegistryBaseIT.java:154)
	at io.apicurio.tests.ApicurioRegistryBaseIT$RegistryApiErrorWatcher.logProblemDetails(ApicurioRegistryBaseIT.java:154)
	at io.apicurio.tests.ApicurioRegistryBaseIT$RegistryApiErrorWatcher.logProblemDetails(ApicurioRegistryBaseIT.java:154)
	at io.apicurio.tests.ApicurioRegistryBaseIT$RegistryApiErrorWatcher.logProblemDetails(ApicurioRegistryBaseIT.java:154)
	at io.apicurio.tests.ApicurioRegistryBaseIT$RegistryApiErrorWatcher.logProblemDetails(ApicurioRegistryBaseIT.java:154)
	at io.apicurio.tests.ApicurioRegistryBaseIT$RegistryApiErrorWatcher.logProblemDetails(ApicurioRegistryBaseIT.java:154)
	at io.apicurio.tests.ApicurioRegistryBaseIT$RegistryApiErrorWatcher.logProblemDetails(ApicurioRegistryBaseIT.java:154)
	at io.apicurio.tests.ApicurioRegistryBaseIT$RegistryApiErrorWatcher.logProblemDetails(ApicurioRegistryBaseIT.java:154)
	at io.apicurio.tests.ApicurioRegistryBaseIT$RegistryApiErrorWatcher.logProblemDetails(ApicurioRegistryBaseIT.java:154)
	at io.apicurio.tests.ApicurioRegistryBaseIT$RegistryApiErrorWatcher.logProblemDetails(ApicurioRegistryBaseIT.java:154)
	at io.apicurio.tests.ApicurioRegistryBaseIT$RegistryApiErrorWatcher.logProblemDetails(ApicurioRegistryBaseIT.java:154)
	at io.apicurio.tests.ApicurioRegistryBaseIT$RegistryApiErrorWatcher.logProblemDetails(ApicurioRegistryBaseIT.java:154)
	at io.apicurio.tests.ApicurioRegistryBaseIT$RegistryApiErrorWatcher.logProblemDetails(ApicurioRegistryBaseIT.java:154)
	at io.apicurio.tests.ApicurioRegistryBaseIT$RegistryApiErrorWatcher.logProblemDetails(ApicurioRegistryBaseIT.java:154)
	at io.apicurio.tests.ApicurioRegistryBaseIT$RegistryApiErrorWatcher.logProblemDetails(ApicurioRegistryBaseIT.java:154)
	at io.apicurio.tests.ApicurioRegistryBaseIT$RegistryApiErrorWatcher.logProblemDetails(ApicurioRegistryBaseIT.java:154)
	at io.apicurio.tests.ApicurioRegistryBaseIT$RegistryApiErrorWatcher.logProblemDetails(ApicurioRegistryBaseIT.java:154)
	at io.apicurio.tests.ApicurioRegistryBaseIT$RegistryApiErrorWatcher.logProblemDetails(ApicurioRegistryBaseIT.java:154)
	at io.apicurio.tests.ApicurioRegistryBaseIT$RegistryApiErrorWatcher.logProblemDetails(ApicurioRegistryBaseIT.java:154)
	at io.apicurio.tests.ApicurioRegistryBaseIT$RegistryApiErrorWatcher.logProblemDetails(ApicurioRegistryBaseIT.java:154)
	at io.apicurio.tests.ApicurioRegistryBaseIT$RegistryApiErrorWatcher.logProblemDetails(ApicurioRegistryBaseIT.java:154)
	at io.apicurio.tests.ApicurioRegistryBaseIT$RegistryApiErrorWatcher.logProblemDetails(ApicurioRegistryBaseIT.java:154)
	at io.apicurio.tests.ApicurioRegistryBaseIT$RegistryApiErrorWatcher.logProblemDetails(ApicurioRegistryBaseIT.java:154)
	at io.apicurio.tests.ApicurioRegistryBaseIT$RegistryApiErrorWatcher.logProblemDetails(ApicurioRegistryBaseIT.java:154)
	at io.apicurio.tests.ApicurioRegistryBaseIT$RegistryApiErrorWatcher.logProblemDetails(ApicurioRegistryBaseIT.java:154)
	at io.apicurio.tests.ApicurioRegistryBaseIT$RegistryApiErrorWatcher.logProblemDetails(ApicurioRegistryBaseIT.java:154)
	at io.apicurio.tests.ApicurioRegistryBaseIT$RegistryApiErrorWatcher.logProblemDetails(ApicurioRegistryBaseIT.java:154)
	at io.apicurio.tests.ApicurioRegistryBaseIT$RegistryApiErrorWatcher.logProblemDetails(ApicurioRegistryBaseIT.java:154)
	at io.apicurio.tests.ApicurioRegistryBaseIT$RegistryApiErrorWatcher.logProblemDetails(ApicurioRegistryBaseIT.java:154)
	at io.apicurio.tests.ApicurioRegistryBaseIT$RegistryApiErrorWatcher.logProblemDetails(ApicurioRegistryBaseIT.java:154)
	at io.apicurio.tests.ApicurioRegistryBaseIT$RegistryApiErrorWatcher.logProblemDetails(ApicurioRegistryBaseIT.java:154)
	at io.apicurio.tests.ApicurioRegistryBaseIT$RegistryApiErrorWatcher.logProblemDetails(ApicurioRegistryBaseIT.java:154)
	at io.apicurio.tests.ApicurioRegistryBaseIT$RegistryApiErrorWatcher.logProblemDetails(ApicurioRegistryBaseIT.java:154)
	at io.apicurio.tests.ApicurioRegistryBaseIT$RegistryApiErrorWatcher.logProblemDetails(ApicurioRegistryBaseIT.java:154)
	at io.apicurio.tests.ApicurioRegistryBaseIT$RegistryApiErrorWatcher.logProblemDetails(ApicurioRegistryBaseIT.java:154)
	at io.apicurio.tests.ApicurioRegistryBaseIT$RegistryApiErrorWatcher.logProblemDetails(ApicurioRegistryBaseIT.java:154)
	at io.apicurio.tests.ApicurioRegistryBaseIT$RegistryApiErrorWatcher.logProblemDetails(ApicurioRegistryBaseIT.java:154)
	at io.apicurio.tests.ApicurioRegistryBaseIT$RegistryApiErrorWatcher.logProblemDetails(ApicurioRegistryBaseIT.java:154)
	at io.apicurio.tests.ApicurioRegistryBaseIT$RegistryApiErrorWatcher.logProblemDetails(ApicurioRegistryBaseIT.java:154)
	at io.apicurio.tests.ApicurioRegistryBaseIT$RegistryApiErrorWatcher.logProblemDetails(ApicurioRegistryBaseIT.java:154)
	at io.apicurio.tests.ApicurioRegistryBaseIT$RegistryApiErrorWatcher.logProblemDetails(ApicurioRegistryBaseIT.java:154)
	at io.apicurio.tests.ApicurioRegistryBaseIT$RegistryApiErrorWatcher.logProblemDetails(ApicurioRegistryBaseIT.java:154)
	at io.apicurio.tests.ApicurioRegistryBaseIT$RegistryApiErrorWatcher.logProblemDetails(ApicurioRegistryBaseIT.java:154)
	at io.apicurio.tests.ApicurioRegistryBaseIT$RegistryApiErrorWatcher.logProblemDetails(ApicurioRegistryBaseIT.java:154)
	at io.apicurio.tests.ApicurioRegistryBaseIT$RegistryApiErrorWatcher.logProblemDetails(ApicurioRegistryBaseIT.java:154)
	at io.apicurio.tests.ApicurioRegistryBaseIT$RegistryApiErrorWatcher.logProblemDetails(ApicurioRegistryBaseIT.java:154)
	at io.apicurio.tests.ApicurioRegistryBaseIT$RegistryApiErrorWatcher.logProblemDetails(ApicurioRegistryBaseIT.java:154)
	at io.apicurio.tests.ApicurioRegistryBaseIT$RegistryApiErrorWatcher.logProblemDetails(ApicurioRegistryBaseIT.java:154)
	at io.apicurio.tests.ApicurioRegistryBaseIT$RegistryApiErrorWatcher.logProblemDetails(ApicurioRegistryBaseIT.java:154)
	at io.apicurio.tests.ApicurioRegistryBaseIT$RegistryApiErrorWatcher.logProblemDetails(ApicurioRegistryBaseIT.java:154)
	at io.apicurio.tests.ApicurioRegistryBaseIT$RegistryApiErrorWatcher.logProblemDetails(ApicurioRegistryBaseIT.java:154)
	at io.apicurio.tests.ApicurioRegistryBaseIT$RegistryApiErrorWatcher.logProblemDetails(ApicurioRegistryBaseIT.java:154)
	at io.apicurio.tests.ApicurioRegistryBaseIT$RegistryApiErrorWatcher.logProblemDetails(ApicurioRegistryBaseIT.java:154)
	at io.apicurio.tests.ApicurioRegistryBaseIT$RegistryApiErrorWatcher.logProblemDetails(ApicurioRegistryBaseIT.java:154)
	at io.apicurio.tests.ApicurioRegistryBaseIT$RegistryApiErrorWatcher.logProblemDetails(ApicurioRegistryBaseIT.java:154)
	at io.apicurio.tests.ApicurioRegistryBaseIT$RegistryApiErrorWatcher.logProblemDetails(ApicurioRegistryBaseIT.java:154)
	at io.apicurio.tests.ApicurioRegistryBaseIT$RegistryApiErrorWatcher.logProblemDetails(ApicurioRegistryBaseIT.java:154)
	at io.apicurio.tests.ApicurioRegistryBaseIT$RegistryApiErrorWatcher.logProblemDetails(ApicurioRegistryBaseIT.java:154)
	at io.apicurio.tests.ApicurioRegistryBaseIT$RegistryApiErrorWatcher.logProblemDetails(ApicurioRegistryBaseIT.java:154)
	at io.apicurio.tests.ApicurioRegistryBaseIT$RegistryApiErrorWatcher.logProblemDetails(ApicurioRegistryBaseIT.java:154)
	at io.apicurio.tests.ApicurioRegistryBaseIT$RegistryApiErrorWatcher.logProblemDetails(ApicurioRegistryBaseIT.java:154)
	at io.apicurio.tests.ApicurioRegistryBaseIT$RegistryApiErrorWatcher.logProblemDetails(ApicurioRegistryBaseIT.java:154)
	at io.apicurio.tests.ApicurioRegistryBaseIT$RegistryApiErrorWatcher.logProblemDetails(ApicurioRegistryBaseIT.java:154)
	at io.apicurio.tests.ApicurioRegistryBaseIT$RegistryApiErrorWatcher.logProblemDetails(ApicurioRegistryBaseIT.java:154)
	at io.apicurio.tests.ApicurioRegistryBaseIT$RegistryApiErrorWatcher.logProblemDetails(ApicurioRegistryBaseIT.java:154)
	at io.apicurio.tests.ApicurioRegistryBaseIT$RegistryApiErrorWatcher.logProblemDetails(ApicurioRegistryBaseIT.java:154)
	at io.apicurio.tests.ApicurioRegistryBaseIT$RegistryApiErrorWatcher.logProblemDetails(ApicurioRegistryBaseIT.java:154)
	at io.apicurio.tests.ApicurioRegistryBaseIT$RegistryApiErrorWatcher.logProblemDetails(ApicurioRegistryBaseIT.java:154)
	at io.apicurio.tests.ApicurioRegistryBaseIT$RegistryApiErrorWatcher.logProblemDetails(ApicurioRegistryBaseIT.java:154)
	at io.apicurio.tests.ApicurioRegistryBaseIT$RegistryApiErrorWatcher.logProblemDetails(ApicurioRegistryBaseIT.java:154)
	at io.apicurio.tests.ApicurioRegistryBaseIT$RegistryApiErrorWatcher.logProblemDetails(ApicurioRegistryBaseIT.java:154)
	at io.apicurio.tests.ApicurioRegistryBaseIT$RegistryApiErrorWatcher.logProblemDetails(ApicurioRegistryBaseIT.java:154)
	at io.apicurio.tests.ApicurioRegistryBaseIT$RegistryApiErrorWatcher.logProblemDetails(ApicurioRegistryBaseIT.java:154)
	at io.apicurio.tests.ApicurioRegistryBaseIT$RegistryApiErrorWatcher.logProblemDetails(ApicurioRegistryBaseIT.java:154)
	at io.apicurio.tests.ApicurioRegistryBaseIT$RegistryApiErrorWatcher.logProblemDetails(ApicurioRegistryBaseIT.java:154)
	at io.apicurio.tests.ApicurioRegistryBaseIT$RegistryApiErrorWatcher.logProblemDetails(ApicurioRegistryBaseIT.java:154)
	at io.apicurio.tests.ApicurioRegistryBaseIT$RegistryApiErrorWatcher.logProblemDetails(ApicurioRegistryBaseIT.java:154)
	at io.apicurio.tests.ApicurioRegistryBaseIT$RegistryApiErrorWatcher.logProblemDetails(ApicurioRegistryBaseIT.java:154)
	at io.apicurio.tests.ApicurioRegistryBaseIT$RegistryApiErrorWatcher.logProblemDetails(ApicurioRegistryBaseIT.java:154)
	at io.apicurio.tests.ApicurioRegistryBaseIT$RegistryApiErrorWatcher.logProblemDetails(ApicurioRegistryBaseIT.java:154)
	at io.apicurio.tests.ApicurioRegistryBaseIT$RegistryApiErrorWatcher.logProblemDetails(ApicurioRegistryBaseIT.java:154)
	at io.apicurio.tests.ApicurioRegistryBaseIT$RegistryApiErrorWatcher.logProblemDetails(ApicurioRegistryBaseIT.java:154)
	at io.apicurio.tests.ApicurioRegistryBaseIT$RegistryApiErrorWatcher.logProblemDetails(ApicurioRegistryBaseIT.java:154)
	at io.apicurio.tests.ApicurioRegistryBaseIT$RegistryApiErrorWatcher.logProblemDetails(ApicurioRegistryBaseIT.java:154)
	at io.apicurio.tests.ApicurioRegistryBaseIT$RegistryApiErrorWatcher.logProblemDetails(ApicurioRegistryBaseIT.java:154)
	at io.apicurio.tests.ApicurioRegistryBaseIT$RegistryApiErrorWatcher.logProblemDetails(ApicurioRegistryBaseIT.java:154)
	at io.apicurio.tests.ApicurioRegistryBaseIT$RegistryApiErrorWatcher.logProblemDetails(ApicurioRegistryBaseIT.java:154)
	at io.apicurio.tests.ApicurioRegistryBaseIT$RegistryApiErrorWatcher.logProblemDetails(ApicurioRegistryBaseIT.java:154)
	at io.apicurio.tests.ApicurioRegistryBaseIT$RegistryApiErrorWatcher.logProblemDetails(ApicurioRegistryBaseIT.java:154)
	at io.apicurio.tests.ApicurioRegistryBaseIT$RegistryApiErrorWatcher.logProblemDetails(ApicurioRegistryBaseIT.java:154)
	at io.apicurio.tests.ApicurioRegistryBaseIT$RegistryApiErrorWatcher.logProblemDetails(ApicurioRegistryBaseIT.java:154)
	at io.apicurio.tests.ApicurioRegistryBaseIT$RegistryApiErrorWatcher.logProblemDetails(ApicurioRegistryBaseIT.java:154)
	at io.apicurio.tests.ApicurioRegistryBaseIT$RegistryApiErrorWatcher.logProblemDetails(ApicurioRegistryBaseIT.java:154)
	at io.apicurio.tests.ApicurioRegistryBaseIT$RegistryApiErrorWatcher.logProblemDetails(ApicurioRegistryBaseIT.java:154)
	at io.apicurio.tests.ApicurioRegistryBaseIT$RegistryApiErrorWatcher.logProblemDetails(ApicurioRegistryBaseIT.java:154)
	at io.apicurio.tests.ApicurioRegistryBaseIT$RegistryApiErrorWatcher.logProblemDetails(ApicurioRegistryBaseIT.java:154)
	at io.apicurio.tests.ApicurioRegistryBaseIT$RegistryApiErrorWatcher.logProblemDetails(ApicurioRegistryBaseIT.java:154)
	at io.apicurio.tests.ApicurioRegistryBaseIT$RegistryApiErrorWatcher.logProblemDetails(ApicurioRegistryBaseIT.java:154)
	at io.apicurio.tests.ApicurioRegistryBaseIT$RegistryApiErrorWatcher.logProblemDetails(ApicurioRegistryBaseIT.java:154)
	at io.apicurio.tests.ApicurioRegistryBaseIT$RegistryApiErrorWatcher.logProblemDetails(ApicurioRegistryBaseIT.java:154)
	at io.apicurio.tests.ApicurioRegistryBaseIT$RegistryApiErrorWatcher.logProblemDetails(ApicurioRegistryBaseIT.java:154)
	at io.apicurio.tests.ApicurioRegistryBaseIT$RegistryApiErrorWatcher.logProblemDetails(ApicurioRegistryBaseIT.java:154)
	at io.apicurio.tests.ApicurioRegistryBaseIT$RegistryApiErrorWatcher.logProblemDetails(ApicurioRegistryBaseIT.java:154)
	at io.apicurio.tests.ApicurioRegistryBaseIT$RegistryApiErrorWatcher.logProblemDetails(ApicurioRegistryBaseIT.java:154)
	at io.apicurio.tests.ApicurioRegistryBaseIT$RegistryApiErrorWatcher.logProblemDetails(ApicurioRegistryBaseIT.java:154)
	at io.apicurio.tests.ApicurioRegistryBaseIT$RegistryApiErrorWatcher.logProblemDetails(ApicurioRegistryBaseIT.java:154)
	at io.apicurio.tests.ApicurioRegistryBaseIT$RegistryApiErrorWatcher.logProblemDetails(ApicurioRegistryBaseIT.java:154)
	at io.apicurio.tests.ApicurioRegistryBaseIT$RegistryApiErrorWatcher.logProblemDetails(ApicurioRegistryBaseIT.java:154)
	at io.apicurio.tests.ApicurioRegistryBaseIT$RegistryApiErrorWatcher.logProblemDetails(ApicurioRegistryBaseIT.java:154)
	at io.apicurio.tests.ApicurioRegistryBaseIT$RegistryApiErrorWatcher.logProblemDetails(ApicurioRegistryBaseIT.java:154)
	at io.apicurio.tests.ApicurioRegistryBaseIT$RegistryApiErrorWatcher.logProblemDetails(ApicurioRegistryBaseIT.java:154)
	at io.apicurio.tests.ApicurioRegistryBaseIT$RegistryApiErrorWatcher.logProblemDetails(ApicurioRegistryBaseIT.java:154)
	at io.apicurio.tests.ApicurioRegistryBaseIT$RegistryApiErrorWatcher.logProblemDetails(ApicurioRegistryBaseIT.java:154)
	at io.apicurio.tests.ApicurioRegistryBaseIT$RegistryApiErrorWatcher.logProblemDetails(ApicurioRegistryBaseIT.java:154)
	at io.apicurio.tests.ApicurioRegistryBaseIT$RegistryApiErrorWatcher.logProblemDetails(ApicurioRegistryBaseIT.java:154)
	at io.apicurio.tests.ApicurioRegistryBaseIT$RegistryApiErrorWatcher.logProblemDetails(ApicurioRegistryBaseIT.java:154)
	at io.apicurio.tests.ApicurioRegistryBaseIT$RegistryApiErrorWatcher.logProblemDetails(ApicurioRegistryBaseIT.java:154)
	at io.apicurio.tests.ApicurioRegistryBaseIT$RegistryApiErrorWatcher.logProblemDetails(ApicurioRegistryBaseIT.java:154)
	at io.apicurio.tests.ApicurioRegistryBaseIT$RegistryApiErrorWatcher.logProblemDetails(ApicurioRegistryBaseIT.java:154)
	at io.apicurio.tests.ApicurioRegistryBaseIT$RegistryApiErrorWatcher.logProblemDetails(ApicurioRegistryBaseIT.java:154)
	at io.apicurio.tests.ApicurioRegistryBaseIT$RegistryApiErrorWatcher.logProblemDetails(ApicurioRegistryBaseIT.java:154)
	at io.apicurio.tests.ApicurioRegistryBaseIT$RegistryApiErrorWatcher.logProblemDetails(ApicurioRegistryBaseIT.java:154)
	at io.apicurio.tests.ApicurioRegistryBaseIT$RegistryApiErrorWatcher.logProblemDetails(ApicurioRegistryBaseIT.java:154)
	at io.apicurio.tests.ApicurioRegistryBaseIT$RegistryApiErrorWatcher.logProblemDetails(ApicurioRegistryBaseIT.java:154)
	at io.apicurio.tests.ApicurioRegistryBaseIT$RegistryApiErrorWatcher.logProblemDetails(ApicurioRegistryBaseIT.java:154)
	at io.apicurio.tests.ApicurioRegistryBaseIT$RegistryApiErrorWatcher.logProblemDetails(ApicurioRegistryBaseIT.java:154)
	at io.apicurio.tests.ApicurioRegistryBaseIT$RegistryApiErrorWatcher.logProblemDetails(ApicurioRegistryBaseIT.java:154)
	at io.apicurio.tests.ApicurioRegistryBaseIT$RegistryApiErrorWatcher.logProblemDetails(ApicurioRegistryBaseIT.java:154)
	at io.apicurio.tests.ApicurioRegistryBaseIT$RegistryApiErrorWatcher.logProblemDetails(ApicurioRegistryBaseIT.java:154)
	at io.apicurio.tests.ApicurioRegistryBaseIT$RegistryApiErrorWatcher.logProblemDetails(ApicurioRegistryBaseIT.java:154)
	at io.apicurio.tests.ApicurioRegistryBaseIT$RegistryApiErrorWatcher.logProblemDetails(ApicurioRegistryBaseIT.java:154)
	at io.apicurio.tests.ApicurioRegistryBaseIT$RegistryApiErrorWatcher.logProblemDetails(ApicurioRegistryBaseIT.java:154)
	at io.apicurio.tests.ApicurioRegistryBaseIT$RegistryApiErrorWatcher.logProblemDetails(ApicurioRegistryBaseIT.java:154)
	at io.apicurio.tests.ApicurioRegistryBaseIT$RegistryApiErrorWatcher.logProblemDetails(ApicurioRegistryBaseIT.java:154)
	at io.apicurio.tests.ApicurioRegistryBaseIT$RegistryApiErrorWatcher.logProblemDetails(ApicurioRegistryBaseIT.java:154)
	at io.apicurio.tests.ApicurioRegistryBaseIT$RegistryApiErrorWatcher.logProblemDetails(ApicurioRegistryBaseIT.java:154)
	at io.apicurio.tests.ApicurioRegistryBaseIT$RegistryApiErrorWatcher.logProblemDetails(ApicurioRegistryBaseIT.java:154)
	at io.apicurio.tests.ApicurioRegistryBaseIT$RegistryApiErrorWatcher.logProblemDetails(ApicurioRegistryBaseIT.java:154)
	at io.apicurio.tests.ApicurioRegistryBaseIT$RegistryApiErrorWatcher.logProblemDetails(ApicurioRegistryBaseIT.java:154)
	at io.apicurio.tests.ApicurioRegistryBaseIT$RegistryApiErrorWatcher.logProblemDetails(ApicurioRegistryBaseIT.java:154)
	at io.apicurio.tests.ApicurioRegistryBaseIT$RegistryApiErrorWatcher.logProblemDetails(ApicurioRegistryBaseIT.java:154)
	at io.apicurio.tests.ApicurioRegistryBaseIT$RegistryApiErrorWatcher.logProblemDetails(ApicurioRegistryBaseIT.java:154)
	at io.apicurio.tests.ApicurioRegistryBaseIT$RegistryApiErrorWatcher.logProblemDetails(ApicurioRegistryBaseIT.java:154)
	at io.apicurio.tests.ApicurioRegistryBaseIT$RegistryApiErrorWatcher.logProblemDetails(ApicurioRegistryBaseIT.java:154)
	at io.apicurio.tests.ApicurioRegistryBaseIT$RegistryApiErrorWatcher.logProblemDetails(ApicurioRegistryBaseIT.java:154)
	at io.apicurio.tests.ApicurioRegistryBaseIT$RegistryApiErrorWatcher.logProblemDetails(ApicurioRegistryBaseIT.java:154)
	at io.apicurio.tests.ApicurioRegistryBaseIT$RegistryApiErrorWatcher.logProblemDetails(ApicurioRegistryBaseIT.java:154)
	at io.apicurio.tests.ApicurioRegistryBaseIT$RegistryApiErrorWatcher.logProblemDetails(ApicurioRegistryBaseIT.java:154)
	at io.apicurio.tests.ApicurioRegistryBaseIT$RegistryApiErrorWatcher.logProblemDetails(ApicurioRegistryBaseIT.java:154)
	at io.apicurio.tests.ApicurioRegistryBaseIT$RegistryApiErrorWatcher.logProblemDetails(ApicurioRegistryBaseIT.java:154)
	at io.apicurio.tests.ApicurioRegistryBaseIT$RegistryApiErrorWatcher.logProblemDetails(ApicurioRegistryBaseIT.java:154)
	at io.apicurio.tests.ApicurioRegistryBaseIT$RegistryApiErrorWatcher.logProblemDetails(ApicurioRegistryBaseIT.java:154)
	at io.apicurio.tests.ApicurioRegistryBaseIT$RegistryApiErrorWatcher.logProblemDetails(ApicurioRegistryBaseIT.java:154)
	at io.apicurio.tests.ApicurioRegistryBaseIT$RegistryApiErrorWatcher.logProblemDetails(ApicurioRegistryBaseIT.java:154)
	at io.apicurio.tests.ApicurioRegistryBaseIT$RegistryApiErrorWatcher.logProblemDetails(ApicurioRegistryBaseIT.java:154)
	at io.apicurio.tests.ApicurioRegistryBaseIT$RegistryApiErrorWatcher.logProblemDetails(ApicurioRegistryBaseIT.java:154)
	at io.apicurio.tests.ApicurioRegistryBaseIT$RegistryApiErrorWatcher.logProblemDetails(ApicurioRegistryBaseIT.java:154)
	at io.apicurio.tests.ApicurioRegistryBaseIT$RegistryApiErrorWatcher.logProblemDetails(ApicurioRegistryBaseIT.java:154)
	at io.apicurio.tests.ApicurioRegistryBaseIT$RegistryApiErrorWatcher.logProblemDetails(ApicurioRegistryBaseIT.java:154)
	at io.apicurio.tests.ApicurioRegistryBaseIT$RegistryApiErrorWatcher.logProblemDetails(ApicurioRegistryBaseIT.java:154)
	at io.apicurio.tests.ApicurioRegistryBaseIT$RegistryApiErrorWatcher.logProblemDetails(ApicurioRegistryBaseIT.java:154)
	at io.apicurio.tests.ApicurioRegistryBaseIT$RegistryApiErrorWatcher.logProblemDetails(ApicurioRegistryBaseIT.java:154)
	at io.apicurio.tests.ApicurioRegistryBaseIT$RegistryApiErrorWatcher.logProblemDetails(ApicurioRegistryBaseIT.java:154)
	at io.apicurio.tests.ApicurioRegistryBaseIT$RegistryApiErrorWatcher.logProblemDetails(ApicurioRegistryBaseIT.java:154)
	at io.apicurio.tests.ApicurioRegistryBaseIT$RegistryApiErrorWatcher.logProblemDetails(ApicurioRegistryBaseIT.java:154)
	at io.apicurio.tests.ApicurioRegistryBaseIT$RegistryApiErrorWatcher.logProblemDetails(ApicurioRegistryBaseIT.java:154)
	at io.apicurio.tests.ApicurioRegistryBaseIT$RegistryApiErrorWatcher.logProblemDetails(ApicurioRegistryBaseIT.java:154)
	at io.apicurio.tests.ApicurioRegistryBaseIT$RegistryApiErrorWatcher.logProblemDetails(ApicurioRegistryBaseIT.java:154)
	at io.apicurio.tests.ApicurioRegistryBaseIT$RegistryApiErrorWatcher.logProblemDetails(ApicurioRegistryBaseIT.java:154)
	at io.apicurio.tests.ApicurioRegistryBaseIT$RegistryApiErrorWatcher.logProblemDetails(ApicurioRegistryBaseIT.java:154)
	at io.apicurio.tests.ApicurioRegistryBaseIT$RegistryApiErrorWatcher.logProblemDetails(ApicurioRegistryBaseIT.java:154)
	at io.apicurio.tests.ApicurioRegistryBaseIT$RegistryApiErrorWatcher.logProblemDetails(ApicurioRegistryBaseIT.java:154)
	at io.apicurio.tests.ApicurioRegistryBaseIT$RegistryApiErrorWatcher.logProblemDetails(ApicurioRegistryBaseIT.java:154)
	at io.apicurio.tests.ApicurioRegistryBaseIT$RegistryApiErrorWatcher.logProblemDetails(ApicurioRegistryBaseIT.java:154)
	at io.apicurio.tests.ApicurioRegistryBaseIT$RegistryApiErrorWatcher.logProblemDetails(ApicurioRegistryBaseIT.java:154)
	at io.apicurio.tests.ApicurioRegistryBaseIT$RegistryApiErrorWatcher.logProblemDetails(ApicurioRegistryBaseIT.java:154)
	at io.apicurio.tests.ApicurioRegistryBaseIT$RegistryApiErrorWatcher.logProblemDetails(ApicurioRegistryBaseIT.java:154)
	at io.apicurio.tests.ApicurioRegistryBaseIT$RegistryApiErrorWatcher.logProblemDetails(ApicurioRegistryBaseIT.java:154)
	at io.apicurio.tests.ApicurioRegistryBaseIT$RegistryApiErrorWatcher.logProblemDetails(ApicurioRegistryBaseIT.java:154)
	at io.apicurio.tests.ApicurioRegistryBaseIT$RegistryApiErrorWatcher.logProblemDetails(ApicurioRegistryBaseIT.java:154)
	at io.apicurio.tests.ApicurioRegistryBaseIT$RegistryApiErrorWatcher.logProblemDetails(ApicurioRegistryBaseIT.java:154)
	at io.apicurio.tests.ApicurioRegistryBaseIT$RegistryApiErrorWatcher.logProblemDetails(ApicurioRegistryBaseIT.java:154)
	at io.apicurio.tests.ApicurioRegistryBaseIT$RegistryApiErrorWatcher.logProblemDetails(ApicurioRegistryBaseIT.java:154)
	at io.apicurio.tests.ApicurioRegistryBaseIT$RegistryApiErrorWatcher.logProblemDetails(ApicurioRegistryBaseIT.java:154)
	at io.apicurio.tests.ApicurioRegistryBaseIT$RegistryApiErrorWatcher.logProblemDetails(ApicurioRegistryBaseIT.java:154)
	at io.apicurio.tests.ApicurioRegistryBaseIT$RegistryApiErrorWatcher.logProblemDetails(ApicurioRegistryBaseIT.java:154)
	at io.apicurio.tests.ApicurioRegistryBaseIT$RegistryApiErrorWatcher.logProblemDetails(ApicurioRegistryBaseIT.java:154)
	at io.apicurio.tests.ApicurioRegistryBaseIT$RegistryApiErrorWatcher.logProblemDetails(ApicurioRegistryBaseIT.java:154)
	at io.apicurio.tests.ApicurioRegistryBaseIT$RegistryApiErrorWatcher.logProblemDetails(ApicurioRegistryBaseIT.java:154)
	at io.apicurio.tests.ApicurioRegistryBaseIT$RegistryApiErrorWatcher.logProblemDetails(ApicurioRegistryBaseIT.java:154)
	at io.apicurio.tests.ApicurioRegistryBaseIT$RegistryApiErrorWatcher.logProblemDetails(ApicurioRegistryBaseIT.java:154)
	at io.apicurio.tests.ApicurioRegistryBaseIT$RegistryApiErrorWatcher.logProblemDetails(ApicurioRegistryBaseIT.java:154)
	at io.apicurio.tests.ApicurioRegistryBaseIT$RegistryApiErrorWatcher.logProblemDetails(ApicurioRegistryBaseIT.java:154)
	at io.apicurio.tests.ApicurioRegistryBaseIT$RegistryApiErrorWatcher.logProblemDetails(ApicurioRegistryBaseIT.java:154)
	at io.apicurio.tests.ApicurioRegistryBaseIT$RegistryApiErrorWatcher.logProblemDetails(ApicurioRegistryBaseIT.java:154)
	at io.apicurio.tests.ApicurioRegistryBaseIT$RegistryApiErrorWatcher.logProblemDetails(ApicurioRegistryBaseIT.java:154)
	at io.apicurio.tests.ApicurioRegistryBaseIT$RegistryApiErrorWatcher.logProblemDetails(ApicurioRegistryBaseIT.java:154)
	at io.apicurio.tests.ApicurioRegistryBaseIT$RegistryApiErrorWatcher.logProblemDetails(ApicurioRegistryBaseIT.java:154)
	at io.apicurio.tests.ApicurioRegistryBaseIT$RegistryApiErrorWatcher.logProblemDetails(ApicurioRegistryBaseIT.java:154)
	at io.apicurio.tests.ApicurioRegistryBaseIT$RegistryApiErrorWatcher.logProblemDetails(ApicurioRegistryBaseIT.java:154)
	at io.apicurio.tests.ApicurioRegistryBaseIT$RegistryApiErrorWatcher.logProblemDetails(ApicurioRegistryBaseIT.java:154)
	at io.apicurio.tests.ApicurioRegistryBaseIT$RegistryApiErrorWatcher.logProblemDetails(ApicurioRegistryBaseIT.java:154)
	at io.apicurio.tests.ApicurioRegistryBaseIT$RegistryApiErrorWatcher.logProblemDetails(ApicurioRegistryBaseIT.java:154)
	at io.apicurio.tests.ApicurioRegistryBaseIT$RegistryApiErrorWatcher.logProblemDetails(ApicurioRegistryBaseIT.java:154)
	at io.apicurio.tests.ApicurioRegistryBaseIT$RegistryApiErrorWatcher.logProblemDetails(ApicurioRegistryBaseIT.java:154)
	at io.apicurio.tests.ApicurioRegistryBaseIT$RegistryApiErrorWatcher.logProblemDetails(ApicurioRegistryBaseIT.java:154)
	at io.apicurio.tests.ApicurioRegistryBaseIT$RegistryApiErrorWatcher.logProblemDetails(ApicurioRegistryBaseIT.java:154)
	at io.apicurio.tests.ApicurioRegistryBaseIT$RegistryApiErrorWatcher.logProblemDetails(ApicurioRegistryBaseIT.java:154)
	at io.apicurio.tests.ApicurioRegistryBaseIT$RegistryApiErrorWatcher.logProblemDetails(ApicurioRegistryBaseIT.java:154)
	at io.apicurio.tests.ApicurioRegistryBaseIT$RegistryApiErrorWatcher.logProblemDetails(ApicurioRegistryBaseIT.java:154)
	at io.apicurio.tests.ApicurioRegistryBaseIT$RegistryApiErrorWatcher.logProblemDetails(ApicurioRegistryBaseIT.java:154)
	at io.apicurio.tests.ApicurioRegistryBaseIT$RegistryApiErrorWatcher.logProblemDetails(ApicurioRegistryBaseIT.java:154)
	at io.apicurio.tests.ApicurioRegistryBaseIT$RegistryApiErrorWatcher.logProblemDetails(ApicurioRegistryBaseIT.java:154)
	at io.apicurio.tests.ApicurioRegistryBaseIT$RegistryApiErrorWatcher.logProblemDetails(ApicurioRegistryBaseIT.java:154)
	at io.apicurio.tests.ApicurioRegistryBaseIT$RegistryApiErrorWatcher.logProblemDetails(ApicurioRegistryBaseIT.java:154)
	at io.apicurio.tests.ApicurioRegistryBaseIT$RegistryApiErrorWatcher.logProblemDetails(ApicurioRegistryBaseIT.java:154)
	at io.apicurio.tests.ApicurioRegistryBaseIT$RegistryApiErrorWatcher.logProblemDetails(ApicurioRegistryBaseIT.java:154)
	at io.apicurio.tests.ApicurioRegistryBaseIT$RegistryApiErrorWatcher.logProblemDetails(ApicurioRegistryBaseIT.java:154)
	at io.apicurio.tests.ApicurioRegistryBaseIT$RegistryApiErrorWatcher.logProblemDetails(ApicurioRegistryBaseIT.java:154)
	at io.apicurio.tests.ApicurioRegistryBaseIT$RegistryApiErrorWatcher.logProblemDetails(ApicurioRegistryBaseIT.java:154)
	at io.apicurio.tests.ApicurioRegistryBaseIT$RegistryApiErrorWatcher.logProblemDetails(ApicurioRegistryBaseIT.java:154)
	at io.apicurio.tests.ApicurioRegistryBaseIT$RegistryApiErrorWatcher.logProblemDetails(ApicurioRegistryBaseIT.java:154)
	at io.apicurio.tests.ApicurioRegistryBaseIT$RegistryApiErrorWatcher.logProblemDetails(ApicurioRegistryBaseIT.java:154)
	at io.apicurio.tests.ApicurioRegistryBaseIT$RegistryApiErrorWatcher.logProblemDetails(ApicurioRegistryBaseIT.java:154)
	at io.apicurio.tests.ApicurioRegistryBaseIT$RegistryApiErrorWatcher.logProblemDetails(ApicurioRegistryBaseIT.java:154)
	at io.apicurio.tests.ApicurioRegistryBaseIT$RegistryApiErrorWatcher.logProblemDetails(ApicurioRegistryBaseIT.java:154)
	at io.apicurio.tests.ApicurioRegistryBaseIT$RegistryApiErrorWatcher.logProblemDetails(ApicurioRegistryBaseIT.java:154)
	at io.apicurio.tests.ApicurioRegistryBaseIT$RegistryApiErrorWatcher.logProblemDetails(ApicurioRegistryBaseIT.java:154)
	at io.apicurio.tests.ApicurioRegistryBaseIT$RegistryApiErrorWatcher.logProblemDetails(ApicurioRegistryBaseIT.java:154)
	at io.apicurio.tests.ApicurioRegistryBaseIT$RegistryApiErrorWatcher.logProblemDetails(ApicurioRegistryBaseIT.java:154)
	at io.apicurio.tests.ApicurioRegistryBaseIT$RegistryApiErrorWatcher.logProblemDetails(ApicurioRegistryBaseIT.java:154)
	at io.apicurio.tests.ApicurioRegistryBaseIT$RegistryApiErrorWatcher.logProblemDetails(ApicurioRegistryBaseIT.java:154)
	at io.apicurio.tests.ApicurioRegistryBaseIT$RegistryApiErrorWatcher.logProblemDetails(ApicurioRegistryBaseIT.java:154)
	at io.apicurio.tests.ApicurioRegistryBaseIT$RegistryApiErrorWatcher.logProblemDetails(ApicurioRegistryBaseIT.java:154)
	at io.apicurio.tests.ApicurioRegistryBaseIT$RegistryApiErrorWatcher.logProblemDetails(ApicurioRegistryBaseIT.java:154)
	at io.apicurio.tests.ApicurioRegistryBaseIT$RegistryApiErrorWatcher.logProblemDetails(ApicurioRegistryBaseIT.java:154)
	at io.apicurio.tests.ApicurioRegistryBaseIT$RegistryApiErrorWatcher.logProblemDetails(ApicurioRegistryBaseIT.java:154)
	at io.apicurio.tests.ApicurioRegistryBaseIT$RegistryApiErrorWatcher.logProblemDetails(ApicurioRegistryBaseIT.java:154)
	at io.apicurio.tests.ApicurioRegistryBaseIT$RegistryApiErrorWatcher.logProblemDetails(ApicurioRegistryBaseIT.java:154)
	at io.apicurio.tests.ApicurioRegistryBaseIT$RegistryApiErrorWatcher.logProblemDetails(ApicurioRegistryBaseIT.java:154)
	at io.apicurio.tests.ApicurioRegistryBaseIT$RegistryApiErrorWatcher.logProblemDetails(ApicurioRegistryBaseIT.java:154)
	at io.apicurio.tests.ApicurioRegistryBaseIT$RegistryApiErrorWatcher.logProblemDetails(ApicurioRegistryBaseIT.java:154)
	at io.apicurio.tests.ApicurioRegistryBaseIT$RegistryApiErrorWatcher.logProblemDetails(ApicurioRegistryBaseIT.java:154)
	at io.apicurio.tests.ApicurioRegistryBaseIT$RegistryApiErrorWatcher.logProblemDetails(ApicurioRegistryBaseIT.java:154)
	at io.apicurio.tests.ApicurioRegistryBaseIT$RegistryApiErrorWatcher.logProblemDetails(ApicurioRegistryBaseIT.java:154)
	at io.apicurio.tests.ApicurioRegistryBaseIT$RegistryApiErrorWatcher.logProblemDetails(ApicurioRegistryBaseIT.java:154)
	at io.apicurio.tests.ApicurioRegistryBaseIT$RegistryApiErrorWatcher.logProblemDetails(ApicurioRegistryBaseIT.java:154)
	at io.apicurio.tests.ApicurioRegistryBaseIT$RegistryApiErrorWatcher.logProblemDetails(ApicurioRegistryBaseIT.java:154)
	at io.apicurio.tests.ApicurioRegistryBaseIT$RegistryApiErrorWatcher.logProblemDetails(ApicurioRegistryBaseIT.java:154)
	at io.apicurio.tests.ApicurioRegistryBaseIT$RegistryApiErrorWatcher.logProblemDetails(ApicurioRegistryBaseIT.java:154)
	at io.apicurio.tests.ApicurioRegistryBaseIT$RegistryApiErrorWatcher.logProblemDetails(ApicurioRegistryBaseIT.java:154)
	at io.apicurio.tests.ApicurioRegistryBaseIT$RegistryApiErrorWatcher.logProblemDetails(ApicurioRegistryBaseIT.java:154)
	at io.apicurio.tests.ApicurioRegistryBaseIT$RegistryApiErrorWatcher.logProblemDetails(ApicurioRegistryBaseIT.java:154)
	at io.apicurio.tests.ApicurioRegistryBaseIT$RegistryApiErrorWatcher.logProblemDetails(ApicurioRegistryBaseIT.java:154)
	at io.apicurio.tests.ApicurioRegistryBaseIT$RegistryApiErrorWatcher.logProblemDetails(ApicurioRegistryBaseIT.java:154)
	at io.apicurio.tests.ApicurioRegistryBaseIT$RegistryApiErrorWatcher.logProblemDetails(ApicurioRegistryBaseIT.java:154)
	at io.apicurio.tests.ApicurioRegistryBaseIT$RegistryApiErrorWatcher.logProblemDetails(ApicurioRegistryBaseIT.java:154)
	at io.apicurio.tests.ApicurioRegistryBaseIT$RegistryApiErrorWatcher.logProblemDetails(ApicurioRegistryBaseIT.java:154)
	at io.apicurio.tests.ApicurioRegistryBaseIT$RegistryApiErrorWatcher.logProblemDetails(ApicurioRegistryBaseIT.java:154)
	at io.apicurio.tests.ApicurioRegistryBaseIT$RegistryApiErrorWatcher.logProblemDetails(ApicurioRegistryBaseIT.java:154)
	at io.apicurio.tests.ApicurioRegistryBaseIT$RegistryApiErrorWatcher.logProblemDetails(ApicurioRegistryBaseIT.java:154)
	at io.apicurio.tests.ApicurioRegistryBaseIT$RegistryApiErrorWatcher.logProblemDetails(ApicurioRegistryBaseIT.java:154)
	at io.apicurio.tests.ApicurioRegistryBaseIT$RegistryApiErrorWatcher.logProblemDetails(ApicurioRegistryBaseIT.java:154)
	at io.apicurio.tests.ApicurioRegistryBaseIT$RegistryApiErrorWatcher.logProblemDetails(ApicurioRegistryBaseIT.java:154)
	at io.apicurio.tests.ApicurioRegistryBaseIT$RegistryApiErrorWatcher.logProblemDetails(ApicurioRegistryBaseIT.java:154)
	at io.apicurio.tests.ApicurioRegistryBaseIT$RegistryApiErrorWatcher.logProblemDetails(ApicurioRegistryBaseIT.java:154)
	at io.apicurio.tests.ApicurioRegistryBaseIT$RegistryApiErrorWatcher.logProblemDetails(ApicurioRegistryBaseIT.java:154)
	at io.apicurio.tests.ApicurioRegistryBaseIT$RegistryApiErrorWatcher.logProblemDetails(ApicurioRegistryBaseIT.java:154)
	at io.apicurio.tests.ApicurioRegistryBaseIT$RegistryApiErrorWatcher.logProblemDetails(ApicurioRegistryBaseIT.java:154)
	at io.apicurio.tests.ApicurioRegistryBaseIT$RegistryApiErrorWatcher.logProblemDetails(ApicurioRegistryBaseIT.java:154)
	at io.apicurio.tests.ApicurioRegistryBaseIT$RegistryApiErrorWatcher.logProblemDetails(ApicurioRegistryBaseIT.java:154)
	at io.apicurio.tests.ApicurioRegistryBaseIT$RegistryApiErrorWatcher.logProblemDetails(ApicurioRegistryBaseIT.java:154)
	at io.apicurio.tests.ApicurioRegistryBaseIT$RegistryApiErrorWatcher.logProblemDetails(ApicurioRegistryBaseIT.java:154)
	at io.apicurio.tests.ApicurioRegistryBaseIT$RegistryApiErrorWatcher.logProblemDetails(ApicurioRegistryBaseIT.java:154)
	at io.apicurio.tests.ApicurioRegistryBaseIT$RegistryApiErrorWatcher.logProblemDetails(ApicurioRegistryBaseIT.java:154)
	at io.apicurio.tests.ApicurioRegistryBaseIT$RegistryApiErrorWatcher.logProblemDetails(ApicurioRegistryBaseIT.java:154)
	at io.apicurio.tests.ApicurioRegistryBaseIT$RegistryApiErrorWatcher.logProblemDetails(ApicurioRegistryBaseIT.java:154)
	at io.apicurio.tests.ApicurioRegistryBaseIT$RegistryApiErrorWatcher.logProblemDetails(ApicurioRegistryBaseIT.java:154)
	at io.apicurio.tests.ApicurioRegistryBaseIT$RegistryApiErrorWatcher.logProblemDetails(ApicurioRegistryBaseIT.java:154)
	at io.apicurio.tests.ApicurioRegistryBaseIT$RegistryApiErrorWatcher.logProblemDetails(ApicurioRegistryBaseIT.java:154)
	at io.apicurio.tests.ApicurioRegistryBaseIT$RegistryApiErrorWatcher.logProblemDetails(ApicurioRegistryBaseIT.java:154)
	at io.apicurio.tests.ApicurioRegistryBaseIT$RegistryApiErrorWatcher.logProblemDetails(ApicurioRegistryBaseIT.java:154)
	at io.apicurio.tests.ApicurioRegistryBaseIT$RegistryApiErrorWatcher.logProblemDetails(ApicurioRegistryBaseIT.java:154)
	at io.apicurio.tests.ApicurioRegistryBaseIT$RegistryApiErrorWatcher.logProblemDetails(ApicurioRegistryBaseIT.java:154)
	at io.apicurio.tests.ApicurioRegistryBaseIT$RegistryApiErrorWatcher.logProblemDetails(ApicurioRegistryBaseIT.java:154)
	at io.apicurio.tests.ApicurioRegistryBaseIT$RegistryApiErrorWatcher.logProblemDetails(ApicurioRegistryBaseIT.java:154)
	at io.apicurio.tests.ApicurioRegistryBaseIT$RegistryApiErrorWatcher.logProblemDetails(ApicurioRegistryBaseIT.java:154)
	at io.apicurio.tests.ApicurioRegistryBaseIT$RegistryApiErrorWatcher.logProblemDetails(ApicurioRegistryBaseIT.java:154)
	at io.apicurio.tests.ApicurioRegistryBaseIT$RegistryApiErrorWatcher.logProblemDetails(ApicurioRegistryBaseIT.java:154)
	at io.apicurio.tests.ApicurioRegistryBaseIT$RegistryApiErrorWatcher.logProblemDetails(ApicurioRegistryBaseIT.java:154)
	at io.apicurio.tests.ApicurioRegistryBaseIT$RegistryApiErrorWatcher.logProblemDetails(ApicurioRegistryBaseIT.java:154)
	at io.apicurio.tests.ApicurioRegistryBaseIT$RegistryApiErrorWatcher.logProblemDetails(ApicurioRegistryBaseIT.java:154)
	at io.apicurio.tests.ApicurioRegistryBaseIT$RegistryApiErrorWatcher.logProblemDetails(ApicurioRegistryBaseIT.java:154)
	at io.apicurio.tests.ApicurioRegistryBaseIT$RegistryApiErrorWatcher.logProblemDetails(ApicurioRegistryBaseIT.java:154)
	at io.apicurio.tests.ApicurioRegistryBaseIT$RegistryApiErrorWatcher.logProblemDetails(ApicurioRegistryBaseIT.java:154)
	at io.apicurio.tests.ApicurioRegistryBaseIT$RegistryApiErrorWatcher.logProblemDetails(ApicurioRegistryBaseIT.java:154)
	at io.apicurio.tests.ApicurioRegistryBaseIT$RegistryApiErrorWatcher.logProblemDetails(ApicurioRegistryBaseIT.java:154)
	at io.apicurio.tests.ApicurioRegistryBaseIT$RegistryApiErrorWatcher.logProblemDetails(ApicurioRegistryBaseIT.java:154)
	at io.apicurio.tests.ApicurioRegistryBaseIT$RegistryApiErrorWatcher.logProblemDetails(ApicurioRegistryBaseIT.java:154)
	at io.apicurio.tests.ApicurioRegistryBaseIT$RegistryApiErrorWatcher.logProblemDetails(ApicurioRegistryBaseIT.java:154)
	at io.apicurio.tests.ApicurioRegistryBaseIT$RegistryApiErrorWatcher.logProblemDetails(ApicurioRegistryBaseIT.java:154)
	at io.apicurio.tests.ApicurioRegistryBaseIT$RegistryApiErrorWatcher.logProblemDetails(ApicurioRegistryBaseIT.java:154)
	at io.apicurio.tests.ApicurioRegistryBaseIT$RegistryApiErrorWatcher.logProblemDetails(ApicurioRegistryBaseIT.java:154)
	at io.apicurio.tests.ApicurioRegistryBaseIT$RegistryApiErrorWatcher.logProblemDetails(ApicurioRegistryBaseIT.java:154)
	at io.apicurio.tests.ApicurioRegistryBaseIT$RegistryApiErrorWatcher.logProblemDetails(ApicurioRegistryBaseIT.java:154)
	at io.apicurio.tests.ApicurioRegistryBaseIT$RegistryApiErrorWatcher.logProblemDetails(ApicurioRegistryBaseIT.java:154)
	at io.apicurio.tests.ApicurioRegistryBaseIT$RegistryApiErrorWatcher.logProblemDetails(ApicurioRegistryBaseIT.java:154)
	at io.apicurio.tests.ApicurioRegistryBaseIT$RegistryApiErrorWatcher.logProblemDetails(ApicurioRegistryBaseIT.java:154)
	at io.apicurio.tests.ApicurioRegistryBaseIT$RegistryApiErrorWatcher.logProblemDetails(ApicurioRegistryBaseIT.java:154)
	at io.apicurio.tests.ApicurioRegistryBaseIT$RegistryApiErrorWatcher.logProblemDetails(ApicurioRegistryBaseIT.java:154)
	at io.apicurio.tests.ApicurioRegistryBaseIT$RegistryApiErrorWatcher.logProblemDetails(ApicurioRegistryBaseIT.java:154)
	at io.apicurio.tests.ApicurioRegistryBaseIT$RegistryApiErrorWatcher.logProblemDetails(ApicurioRegistryBaseIT.java:154)
	at io.apicurio.tests.ApicurioRegistryBaseIT$RegistryApiErrorWatcher.logProblemDetails(ApicurioRegistryBaseIT.java:154)
	at io.apicurio.tests.ApicurioRegistryBaseIT$RegistryApiErrorWatcher.logProblemDetails(ApicurioRegistryBaseIT.java:154)
	at io.apicurio.tests.ApicurioRegistryBaseIT$RegistryApiErrorWatcher.logProblemDetails(ApicurioRegistryBaseIT.java:154)
	at io.apicurio.tests.ApicurioRegistryBaseIT$RegistryApiErrorWatcher.logProblemDetails(ApicurioRegistryBaseIT.java:154)
	at io.apicurio.tests.ApicurioRegistryBaseIT$RegistryApiErrorWatcher.logProblemDetails(ApicurioRegistryBaseIT.java:154)
	at io.apicurio.tests.ApicurioRegistryBaseIT$RegistryApiErrorWatcher.logProblemDetails(ApicurioRegistryBaseIT.java:154)
	at io.apicurio.tests.ApicurioRegistryBaseIT$RegistryApiErrorWatcher.logProblemDetails(ApicurioRegistryBaseIT.java:154)
	at io.apicurio.tests.ApicurioRegistryBaseIT$RegistryApiErrorWatcher.logProblemDetails(ApicurioRegistryBaseIT.java:154)
	at io.apicurio.tests.ApicurioRegistryBaseIT$RegistryApiErrorWatcher.logProblemDetails(ApicurioRegistryBaseIT.java:154)
	at io.apicurio.tests.ApicurioRegistryBaseIT$RegistryApiErrorWatcher.logProblemDetails(ApicurioRegistryBaseIT.java:154)
	at io.apicurio.tests.ApicurioRegistryBaseIT$RegistryApiErrorWatcher.logProblemDetails(ApicurioRegistryBaseIT.java:154)
	at io.apicurio.tests.ApicurioRegistryBaseIT$RegistryApiErrorWatcher.logProblemDetails(ApicurioRegistryBaseIT.java:154)
	at io.apicurio.tests.ApicurioRegistryBaseIT$RegistryApiErrorWatcher.logProblemDetails(ApicurioRegistryBaseIT.java:154)
	at io.apicurio.tests.ApicurioRegistryBaseIT$RegistryApiErrorWatcher.logProblemDetails(ApicurioRegistryBaseIT.java:154)
	at io.apicurio.tests.ApicurioRegistryBaseIT$RegistryApiErrorWatcher.logProblemDetails(ApicurioRegistryBaseIT.java:154)
	at io.apicurio.tests.ApicurioRegistryBaseIT$RegistryApiErrorWatcher.logProblemDetails(ApicurioRegistryBaseIT.java:154)
	at io.apicurio.tests.ApicurioRegistryBaseIT$RegistryApiErrorWatcher.logProblemDetails(ApicurioRegistryBaseIT.java:154)
	at io.apicurio.tests.ApicurioRegistryBaseIT$RegistryApiErrorWatcher.logProblemDetails(ApicurioRegistryBaseIT.java:154)
	at io.apicurio.tests.ApicurioRegistryBaseIT$RegistryApiErrorWatcher.logProblemDetails(ApicurioRegistryBaseIT.java:154)
	at io.apicurio.tests.ApicurioRegistryBaseIT$RegistryApiErrorWatcher.logProblemDetails(ApicurioRegistryBaseIT.java:154)
	at io.apicurio.tests.ApicurioRegistryBaseIT$RegistryApiErrorWatcher.logProblemDetails(ApicurioRegistryBaseIT.java:154)
	at io.apicurio.tests.ApicurioRegistryBaseIT$RegistryApiErrorWatcher.logProblemDetails(ApicurioRegistryBaseIT.java:154)
	at io.apicurio.tests.ApicurioRegistryBaseIT$RegistryApiErrorWatcher.logProblemDetails(ApicurioRegistryBaseIT.java:154)
	at io.apicurio.tests.ApicurioRegistryBaseIT$RegistryApiErrorWatcher.logProblemDetails(ApicurioRegistryBaseIT.java:154)
	at io.apicurio.tests.ApicurioRegistryBaseIT$RegistryApiErrorWatcher.logProblemDetails(ApicurioRegistryBaseIT.java:154)
	at io.apicurio.tests.ApicurioRegistryBaseIT$RegistryApiErrorWatcher.logProblemDetails(ApicurioRegistryBaseIT.java:154)
	at io.apicurio.tests.ApicurioRegistryBaseIT$RegistryApiErrorWatcher.logProblemDetails(ApicurioRegistryBaseIT.java:154)
	at io.apicurio.tests.ApicurioRegistryBaseIT$RegistryApiErrorWatcher.logProblemDetails(ApicurioRegistryBaseIT.java:154)
	at io.apicurio.tests.ApicurioRegistryBaseIT$RegistryApiErrorWatcher.logProblemDetails(ApicurioRegistryBaseIT.java:154)
	at io.apicurio.tests.ApicurioRegistryBaseIT$RegistryApiErrorWatcher.logProblemDetails(ApicurioRegistryBaseIT.java:154)
	at io.apicurio.tests.ApicurioRegistryBaseIT$RegistryApiErrorWatcher.logProblemDetails(ApicurioRegistryBaseIT.java:154)
	at io.apicurio.tests.ApicurioRegistryBaseIT$RegistryApiErrorWatcher.logProblemDetails(ApicurioRegistryBaseIT.java:154)
	at io.apicurio.tests.ApicurioRegistryBaseIT$RegistryApiErrorWatcher.logProblemDetails(ApicurioRegistryBaseIT.java:154)
	at io.apicurio.tests.ApicurioRegistryBaseIT$RegistryApiErrorWatcher.logProblemDetails(ApicurioRegistryBaseIT.java:154)
	at io.apicurio.tests.ApicurioRegistryBaseIT$RegistryApiErrorWatcher.logProblemDetails(ApicurioRegistryBaseIT.java:154)
	at io.apicurio.tests.ApicurioRegistryBaseIT$RegistryApiErrorWatcher.logProblemDetails(ApicurioRegistryBaseIT.java:154)
	at io.apicurio.tests.ApicurioRegistryBaseIT$RegistryApiErrorWatcher.logProblemDetails(ApicurioRegistryBaseIT.java:154)
	at io.apicurio.tests.ApicurioRegistryBaseIT$RegistryApiErrorWatcher.logProblemDetails(ApicurioRegistryBaseIT.java:154)
	at io.apicurio.tests.ApicurioRegistryBaseIT$RegistryApiErrorWatcher.logProblemDetails(ApicurioRegistryBaseIT.java:154)
	at io.apicurio.tests.ApicurioRegistryBaseIT$RegistryApiErrorWatcher.logProblemDetails(ApicurioRegistryBaseIT.java:154)
	at io.apicurio.tests.ApicurioRegistryBaseIT$RegistryApiErrorWatcher.logProblemDetails(ApicurioRegistryBaseIT.java:154)
	at io.apicurio.tests.ApicurioRegistryBaseIT$RegistryApiErrorWatcher.logProblemDetails(ApicurioRegistryBaseIT.java:154)
	at io.apicurio.tests.ApicurioRegistryBaseIT$RegistryApiErrorWatcher.logProblemDetails(ApicurioRegistryBaseIT.java:154)
	at io.apicurio.tests.ApicurioRegistryBaseIT$RegistryApiErrorWatcher.logProblemDetails(ApicurioRegistryBaseIT.java:154)
	at io.apicurio.tests.ApicurioRegistryBaseIT$RegistryApiErrorWatcher.logProblemDetails(ApicurioRegistryBaseIT.java:154)
	at io.apicurio.tests.ApicurioRegistryBaseIT$RegistryApiErrorWatcher.logProblemDetails(ApicurioRegistryBaseIT.java:154)
	at io.apicurio.tests.ApicurioRegistryBaseIT$RegistryApiErrorWatcher.logProblemDetails(ApicurioRegistryBaseIT.java:154)
	at io.apicurio.tests.ApicurioRegistryBaseIT$RegistryApiErrorWatcher.logProblemDetails(ApicurioRegistryBaseIT.java:154)
	at io.apicurio.tests.ApicurioRegistryBaseIT$RegistryApiErrorWatcher.logProblemDetails(ApicurioRegistryBaseIT.java:154)
	at io.apicurio.tests.ApicurioRegistryBaseIT$RegistryApiErrorWatcher.logProblemDetails(ApicurioRegistryBaseIT.java:154)
	at io.apicurio.tests.ApicurioRegistryBaseIT$RegistryApiErrorWatcher.logProblemDetails(ApicurioRegistryBaseIT.java:154)
	at io.apicurio.tests.ApicurioRegistryBaseIT$RegistryApiErrorWatcher.logProblemDetails(ApicurioRegistryBaseIT.java:154)
	at io.apicurio.tests.ApicurioRegistryBaseIT$RegistryApiErrorWatcher.logProblemDetails(ApicurioRegistryBaseIT.java:154)
	at io.apicurio.tests.ApicurioRegistryBaseIT$RegistryApiErrorWatcher.logProblemDetails(ApicurioRegistryBaseIT.java:154)
	at io.apicurio.tests.ApicurioRegistryBaseIT$RegistryApiErrorWatcher.logProblemDetails(ApicurioRegistryBaseIT.java:154)
	at io.apicurio.tests.ApicurioRegistryBaseIT$RegistryApiErrorWatcher.logProblemDetails(ApicurioRegistryBaseIT.java:154)
	at io.apicurio.tests.ApicurioRegistryBaseIT$RegistryApiErrorWatcher.logProblemDetails(ApicurioRegistryBaseIT.java:154)
	at io.apicurio.tests.ApicurioRegistryBaseIT$RegistryApiErrorWatcher.logProblemDetails(ApicurioRegistryBaseIT.java:154)
	at io.apicurio.tests.ApicurioRegistryBaseIT$RegistryApiErrorWatcher.logProblemDetails(ApicurioRegistryBaseIT.java:154)
	at io.apicurio.tests.ApicurioRegistryBaseIT$RegistryApiErrorWatcher.logProblemDetails(ApicurioRegistryBaseIT.java:154)
	at io.apicurio.tests.ApicurioRegistryBaseIT$RegistryApiErrorWatcher.logProblemDetails(ApicurioRegistryBaseIT.java:154)
	at io.apicurio.tests.ApicurioRegistryBaseIT$RegistryApiErrorWatcher.logProblemDetails(ApicurioRegistryBaseIT.java:154)
	at io.apicurio.tests.ApicurioRegistryBaseIT$RegistryApiErrorWatcher.logProblemDetails(ApicurioRegistryBaseIT.java:154)
	at io.apicurio.tests.ApicurioRegistryBaseIT$RegistryApiErrorWatcher.logProblemDetails(ApicurioRegistryBaseIT.java:154)
	at io.apicurio.tests.ApicurioRegistryBaseIT$RegistryApiErrorWatcher.logProblemDetails(ApicurioRegistryBaseIT.java:154)
	at io.apicurio.tests.ApicurioRegistryBaseIT$RegistryApiErrorWatcher.logProblemDetails(ApicurioRegistryBaseIT.java:154)
	at io.apicurio.tests.ApicurioRegistryBaseIT$RegistryApiErrorWatcher.logProblemDetails(ApicurioRegistryBaseIT.java:154)
	at io.apicurio.tests.ApicurioRegistryBaseIT$RegistryApiErrorWatcher.logProblemDetails(ApicurioRegistryBaseIT.java:154)
	at io.apicurio.tests.ApicurioRegistryBaseIT$RegistryApiErrorWatcher.logProblemDetails(ApicurioRegistryBaseIT.java:154)
	at io.apicurio.tests.ApicurioRegistryBaseIT$RegistryApiErrorWatcher.logProblemDetails(ApicurioRegistryBaseIT.java:154)
	at io.apicurio.tests.ApicurioRegistryBaseIT$RegistryApiErrorWatcher.logProblemDetails(ApicurioRegistryBaseIT.java:154)
	at io.apicurio.tests.ApicurioRegistryBaseIT$RegistryApiErrorWatcher.logProblemDetails(ApicurioRegistryBaseIT.java:154)
	at io.apicurio.tests.ApicurioRegistryBaseIT$RegistryApiErrorWatcher.logProblemDetails(ApicurioRegistryBaseIT.java:154)
	at io.apicurio.tests.ApicurioRegistryBaseIT$RegistryApiErrorWatcher.logProblemDetails(ApicurioRegistryBaseIT.java:154)
	at io.apicurio.tests.ApicurioRegistryBaseIT$RegistryApiErrorWatcher.logProblemDetails(ApicurioRegistryBaseIT.java:154)
	at io.apicurio.tests.ApicurioRegistryBaseIT$RegistryApiErrorWatcher.logProblemDetails(ApicurioRegistryBaseIT.java:154)
	at io.apicurio.tests.ApicurioRegistryBaseIT$RegistryApiErrorWatcher.logProblemDetails(ApicurioRegistryBaseIT.java:154)
	at io.apicurio.tests.ApicurioRegistryBaseIT$RegistryApiErrorWatcher.logProblemDetails(ApicurioRegistryBaseIT.java:154)
	at io.apicurio.tests.ApicurioRegistryBaseIT$RegistryApiErrorWatcher.logProblemDetails(ApicurioRegistryBaseIT.java:154)
	at io.apicurio.tests.ApicurioRegistryBaseIT$RegistryApiErrorWatcher.logProblemDetails(ApicurioRegistryBaseIT.java:154)
	at io.apicurio.tests.ApicurioRegistryBaseIT$RegistryApiErrorWatcher.logProblemDetails(ApicurioRegistryBaseIT.java:154)
	at io.apicurio.tests.ApicurioRegistryBaseIT$RegistryApiErrorWatcher.logProblemDetails(ApicurioRegistryBaseIT.java:154)
	at io.apicurio.tests.ApicurioRegistryBaseIT$RegistryApiErrorWatcher.logProblemDetails(ApicurioRegistryBaseIT.java:154)
	at io.apicurio.tests.ApicurioRegistryBaseIT$RegistryApiErrorWatcher.logProblemDetails(ApicurioRegistryBaseIT.java:154)
	at io.apicurio.tests.ApicurioRegistryBaseIT$RegistryApiErrorWatcher.logProblemDetails(ApicurioRegistryBaseIT.java:154)
	at io.apicurio.tests.ApicurioRegistryBaseIT$RegistryApiErrorWatcher.logProblemDetails(ApicurioRegistryBaseIT.java:154)
	at io.apicurio.tests.ApicurioRegistryBaseIT$RegistryApiErrorWatcher.logProblemDetails(ApicurioRegistryBaseIT.java:154)
	at io.apicurio.tests.ApicurioRegistryBaseIT$RegistryApiErrorWatcher.logProblemDetails(ApicurioRegistryBaseIT.java:154)
	at io.apicurio.tests.ApicurioRegistryBaseIT$RegistryApiErrorWatcher.logProblemDetails(ApicurioRegistryBaseIT.java:154)
	at io.apicurio.tests.ApicurioRegistryBaseIT$RegistryApiErrorWatcher.logProblemDetails(ApicurioRegistryBaseIT.java:154)
	at io.apicurio.tests.ApicurioRegistryBaseIT$RegistryApiErrorWatcher.logProblemDetails(ApicurioRegistryBaseIT.java:154)
	at io.apicurio.tests.ApicurioRegistryBaseIT$RegistryApiErrorWatcher.logProblemDetails(ApicurioRegistryBaseIT.java:154)
	at io.apicurio.tests.ApicurioRegistryBaseIT$RegistryApiErrorWatcher.logProblemDetails(ApicurioRegistryBaseIT.java:154)
	at io.apicurio.tests.ApicurioRegistryBaseIT$RegistryApiErrorWatcher.logProblemDetails(ApicurioRegistryBaseIT.java:154)
	at io.apicurio.tests.ApicurioRegistryBaseIT$RegistryApiErrorWatcher.logProblemDetails(ApicurioRegistryBaseIT.java:154)
	at io.apicurio.tests.ApicurioRegistryBaseIT$RegistryApiErrorWatcher.logProblemDetails(ApicurioRegistryBaseIT.java:154)
	at io.apicurio.tests.ApicurioRegistryBaseIT$RegistryApiErrorWatcher.logProblemDetails(ApicurioRegistryBaseIT.java:154)
	at io.apicurio.tests.ApicurioRegistryBaseIT$RegistryApiErrorWatcher.logProblemDetails(ApicurioRegistryBaseIT.java:154)
	at io.apicurio.tests.ApicurioRegistryBaseIT$RegistryApiErrorWatcher.logProblemDetails(ApicurioRegistryBaseIT.java:154)
	at io.apicurio.tests.ApicurioRegistryBaseIT$RegistryApiErrorWatcher.logProblemDetails(ApicurioRegistryBaseIT.java:154)
	at io.apicurio.tests.ApicurioRegistryBaseIT$RegistryApiErrorWatcher.logProblemDetails(ApicurioRegistryBaseIT.java:154)
	at io.apicurio.tests.ApicurioRegistryBaseIT$RegistryApiErrorWatcher.logProblemDetails(ApicurioRegistryBaseIT.java:154)
	at io.apicurio.tests.ApicurioRegistryBaseIT$RegistryApiErrorWatcher.logProblemDetails(ApicurioRegistryBaseIT.java:154)
	at io.apicurio.tests.ApicurioRegistryBaseIT$RegistryApiErrorWatcher.logProblemDetails(ApicurioRegistryBaseIT.java:154)
	at io.apicurio.tests.ApicurioRegistryBaseIT$RegistryApiErrorWatcher.logProblemDetails(ApicurioRegistryBaseIT.java:154)
	at io.apicurio.tests.ApicurioRegistryBaseIT$RegistryApiErrorWatcher.logProblemDetails(ApicurioRegistryBaseIT.java:154)
	at io.apicurio.tests.ApicurioRegistryBaseIT$RegistryApiErrorWatcher.logProblemDetails(ApicurioRegistryBaseIT.java:154)
	at io.apicurio.tests.ApicurioRegistryBaseIT$RegistryApiErrorWatcher.logProblemDetails(ApicurioRegistryBaseIT.java:154)
	at io.apicurio.tests.ApicurioRegistryBaseIT$RegistryApiErrorWatcher.logProblemDetails(ApicurioRegistryBaseIT.java:154)
	at io.apicurio.tests.ApicurioRegistryBaseIT$RegistryApiErrorWatcher.logProblemDetails(ApicurioRegistryBaseIT.java:154)
	at io.apicurio.tests.ApicurioRegistryBaseIT$RegistryApiErrorWatcher.logProblemDetails(ApicurioRegistryBaseIT.java:154)
	at io.apicurio.tests.ApicurioRegistryBaseIT$RegistryApiErrorWatcher.logProblemDetails(ApicurioRegistryBaseIT.java:154)
	at io.apicurio.tests.ApicurioRegistryBaseIT$RegistryApiErrorWatcher.logProblemDetails(ApicurioRegistryBaseIT.java:154)
	at io.apicurio.tests.ApicurioRegistryBaseIT$RegistryApiErrorWatcher.logProblemDetails(ApicurioRegistryBaseIT.java:154)
	at io.apicurio.tests.ApicurioRegistryBaseIT$RegistryApiErrorWatcher.logProblemDetails(ApicurioRegistryBaseIT.java:154)
	at io.apicurio.tests.ApicurioRegistryBaseIT$RegistryApiErrorWatcher.logProblemDetails(ApicurioRegistryBaseIT.java:154)
	at io.apicurio.tests.ApicurioRegistryBaseIT$RegistryApiErrorWatcher.logProblemDetails(ApicurioRegistryBaseIT.java:154)
	at io.apicurio.tests.ApicurioRegistryBaseIT$RegistryApiErrorWatcher.logProblemDetails(ApicurioRegistryBaseIT.java:154)
	at io.apicurio.tests.ApicurioRegistryBaseIT$RegistryApiErrorWatcher.logProblemDetails(ApicurioRegistryBaseIT.java:154)
	at io.apicurio.tests.ApicurioRegistryBaseIT$RegistryApiErrorWatcher.logProblemDetails(ApicurioRegistryBaseIT.java:154)
	at io.apicurio.tests.ApicurioRegistryBaseIT$RegistryApiErrorWatcher.logProblemDetails(ApicurioRegistryBaseIT.java:154)
	at io.apicurio.tests.ApicurioRegistryBaseIT$RegistryApiErrorWatcher.logProblemDetails(ApicurioRegistryBaseIT.java:154)
	at io.apicurio.tests.ApicurioRegistryBaseIT$RegistryApiErrorWatcher.logProblemDetails(ApicurioRegistryBaseIT.java:154)
	at io.apicurio.tests.ApicurioRegistryBaseIT$RegistryApiErrorWatcher.logProblemDetails(ApicurioRegistryBaseIT.java:154)
	at io.apicurio.tests.ApicurioRegistryBaseIT$RegistryApiErrorWatcher.logProblemDetails(ApicurioRegistryBaseIT.java:154)
	at io.apicurio.tests.ApicurioRegistryBaseIT$RegistryApiErrorWatcher.logProblemDetails(ApicurioRegistryBaseIT.java:154)
	at io.apicurio.tests.ApicurioRegistryBaseIT$RegistryApiErrorWatcher.logProblemDetails(ApicurioRegistryBaseIT.java:154)
	at io.apicurio.tests.ApicurioRegistryBaseIT$RegistryApiErrorWatcher.logProblemDetails(ApicurioRegistryBaseIT.java:154)
	at io.apicurio.tests.ApicurioRegistryBaseIT$RegistryApiErrorWatcher.logProblemDetails(ApicurioRegistryBaseIT.java:154)
	at io.apicurio.tests.ApicurioRegistryBaseIT$RegistryApiErrorWatcher.logProblemDetails(ApicurioRegistryBaseIT.java:154)
	at io.apicurio.tests.ApicurioRegistryBaseIT$RegistryApiErrorWatcher.logProblemDetails(ApicurioRegistryBaseIT.java:154)
	at io.apicurio.tests.ApicurioRegistryBaseIT$RegistryApiErrorWatcher.logProblemDetails(ApicurioRegistryBaseIT.java:154)
	at io.apicurio.tests.ApicurioRegistryBaseIT$RegistryApiErrorWatcher.logProblemDetails(ApicurioRegistryBaseIT.java:154)
	at io.apicurio.tests.ApicurioRegistryBaseIT$RegistryApiErrorWatcher.logProblemDetails(ApicurioRegistryBaseIT.java:154)
	at io.apicurio.tests.ApicurioRegistryBaseIT$RegistryApiErrorWatcher.logProblemDetails(ApicurioRegistryBaseIT.java:154)
	at io.apicurio.tests.ApicurioRegistryBaseIT$RegistryApiErrorWatcher.logProblemDetails(ApicurioRegistryBaseIT.java:154)
	at io.apicurio.tests.ApicurioRegistryBaseIT$RegistryApiErrorWatcher.logProblemDetails(ApicurioRegistryBaseIT.java:154)
	at io.apicurio.tests.ApicurioRegistryBaseIT$RegistryApiErrorWatcher.logProblemDetails(ApicurioRegistryBaseIT.java:154)
	at io.apicurio.tests.ApicurioRegistryBaseIT$RegistryApiErrorWatcher.logProblemDetails(ApicurioRegistryBaseIT.java:154)
	at io.apicurio.tests.ApicurioRegistryBaseIT$RegistryApiErrorWatcher.logProblemDetails(ApicurioRegistryBaseIT.java:154)
	at io.apicurio.tests.ApicurioRegistryBaseIT$RegistryApiErrorWatcher.logProblemDetails(ApicurioRegistryBaseIT.java:154)
	at io.apicurio.tests.ApicurioRegistryBaseIT$RegistryApiErrorWatcher.logProblemDetails(ApicurioRegistryBaseIT.java:154)
	at io.apicurio.tests.ApicurioRegistryBaseIT$RegistryApiErrorWatcher.logProblemDetails(ApicurioRegistryBaseIT.java:154)
	at io.apicurio.tests.ApicurioRegistryBaseIT$RegistryApiErrorWatcher.logProblemDetails(ApicurioRegistryBaseIT.java:154)
	at io.apicurio.tests.ApicurioRegistryBaseIT$RegistryApiErrorWatcher.logProblemDetails(ApicurioRegistryBaseIT.java:154)
	at io.apicurio.tests.ApicurioRegistryBaseIT$RegistryApiErrorWatcher.logProblemDetails(ApicurioRegistryBaseIT.java:154)
	at io.apicurio.tests.ApicurioRegistryBaseIT$RegistryApiErrorWatcher.logProblemDetails(ApicurioRegistryBaseIT.java:154)
	at io.apicurio.tests.ApicurioRegistryBaseIT$RegistryApiErrorWatcher.logProblemDetails(ApicurioRegistryBaseIT.java:154)
	at io.apicurio.tests.ApicurioRegistryBaseIT$RegistryApiErrorWatcher.logProblemDetails(ApicurioRegistryBaseIT.java:154)
	at io.apicurio.tests.ApicurioRegistryBaseIT$RegistryApiErrorWatcher.logProblemDetails(ApicurioRegistryBaseIT.java:154)
	at io.apicurio.tests.ApicurioRegistryBaseIT$RegistryApiErrorWatcher.logProblemDetails(ApicurioRegistryBaseIT.java:154)
	at io.apicurio.tests.ApicurioRegistryBaseIT$RegistryApiErrorWatcher.logProblemDetails(ApicurioRegistryBaseIT.java:154)
	at io.apicurio.tests.ApicurioRegistryBaseIT$RegistryApiErrorWatcher.logProblemDetails(ApicurioRegistryBaseIT.java:154)
	at io.apicurio.tests.ApicurioRegistryBaseIT$RegistryApiErrorWatcher.logProblemDetails(ApicurioRegistryBaseIT.java:154)
	at io.apicurio.tests.ApicurioRegistryBaseIT$RegistryApiErrorWatcher.logProblemDetails(ApicurioRegistryBaseIT.java:154)
	at io.apicurio.tests.ApicurioRegistryBaseIT$RegistryApiErrorWatcher.logProblemDetails(ApicurioRegistryBaseIT.java:154)
	at io.apicurio.tests.ApicurioRegistryBaseIT$RegistryApiErrorWatcher.logProblemDetails(ApicurioRegistryBaseIT.java:154)
	at io.apicurio.tests.ApicurioRegistryBaseIT$RegistryApiErrorWatcher.logProblemDetails(ApicurioRegistryBaseIT.java:154)
	at io.apicurio.tests.ApicurioRegistryBaseIT$RegistryApiErrorWatcher.logProblemDetails(ApicurioRegistryBaseIT.java:154)
	at io.apicurio.tests.ApicurioRegistryBaseIT$RegistryApiErrorWatcher.logProblemDetails(ApicurioRegistryBaseIT.java:154)
	at io.apicurio.tests.ApicurioRegistryBaseIT$RegistryApiErrorWatcher.logProblemDetails(ApicurioRegistryBaseIT.java:154)
	at io.apicurio.tests.ApicurioRegistryBaseIT$RegistryApiErrorWatcher.logProblemDetails(ApicurioRegistryBaseIT.java:154)
	at io.apicurio.tests.ApicurioRegistryBaseIT$RegistryApiErrorWatcher.logProblemDetails(ApicurioRegistryBaseIT.java:154)
	at io.apicurio.tests.ApicurioRegistryBaseIT$RegistryApiErrorWatcher.logProblemDetails(ApicurioRegistryBaseIT.java:154)
	at io.apicurio.tests.ApicurioRegistryBaseIT$RegistryApiErrorWatcher.logProblemDetails(ApicurioRegistryBaseIT.java:154)
	at io.apicurio.tests.ApicurioRegistryBaseIT$RegistryApiErrorWatcher.logProblemDetails(ApicurioRegistryBaseIT.java:154)
	at io.apicurio.tests.ApicurioRegistryBaseIT$RegistryApiErrorWatcher.logProblemDetails(ApicurioRegistryBaseIT.java:154)
	at io.apicurio.tests.ApicurioRegistryBaseIT$RegistryApiErrorWatcher.logProblemDetails(ApicurioRegistryBaseIT.java:154)
	at io.apicurio.tests.ApicurioRegistryBaseIT$RegistryApiErrorWatcher.logProblemDetails(ApicurioRegistryBaseIT.java:154)
	at io.apicurio.tests.ApicurioRegistryBaseIT$RegistryApiErrorWatcher.logProblemDetails(ApicurioRegistryBaseIT.java:154)
	at io.apicurio.tests.ApicurioRegistryBaseIT$RegistryApiErrorWatcher.logProblemDetails(ApicurioRegistryBaseIT.java:154)
	at io.apicurio.tests.ApicurioRegistryBaseIT$RegistryApiErrorWatcher.logProblemDetails(ApicurioRegistryBaseIT.java:154)
	at io.apicurio.tests.ApicurioRegistryBaseIT$RegistryApiErrorWatcher.logProblemDetails(ApicurioRegistryBaseIT.java:154)
	at io.apicurio.tests.ApicurioRegistryBaseIT$RegistryApiErrorWatcher.logProblemDetails(ApicurioRegistryBaseIT.java:154)
	at io.apicurio.tests.ApicurioRegistryBaseIT$RegistryApiErrorWatcher.logProblemDetails(ApicurioRegistryBaseIT.java:154)
	at io.apicurio.tests.ApicurioRegistryBaseIT$RegistryApiErrorWatcher.logProblemDetails(ApicurioRegistryBaseIT.java:154)
	at io.apicurio.tests.ApicurioRegistryBaseIT$RegistryApiErrorWatcher.logProblemDetails(ApicurioRegistryBaseIT.java:154)
	at io.apicurio.tests.ApicurioRegistryBaseIT$RegistryApiErrorWatcher.logProblemDetails(ApicurioRegistryBaseIT.java:154)
	at io.apicurio.tests.ApicurioRegistryBaseIT$RegistryApiErrorWatcher.logProblemDetails(ApicurioRegistryBaseIT.java:154)
	at io.apicurio.tests.ApicurioRegistryBaseIT$RegistryApiErrorWatcher.logProblemDetails(ApicurioRegistryBaseIT.java:154)
	at io.apicurio.tests.ApicurioRegistryBaseIT$RegistryApiErrorWatcher.logProblemDetails(ApicurioRegistryBaseIT.java:154)
	at io.apicurio.tests.ApicurioRegistryBaseIT$RegistryApiErrorWatcher.logProblemDetails(ApicurioRegistryBaseIT.java:154)
	at io.apicurio.tests.ApicurioRegistryBaseIT$RegistryApiErrorWatcher.logProblemDetails(ApicurioRegistryBaseIT.java:154)
	at io.apicurio.tests.ApicurioRegistryBaseIT$RegistryApiErrorWatcher.logProblemDetails(ApicurioRegistryBaseIT.java:154)
	at io.apicurio.tests.ApicurioRegistryBaseIT$RegistryApiErrorWatcher.logProblemDetails(ApicurioRegistryBaseIT.java:154)
	at io.apicurio.tests.ApicurioRegistryBaseIT$RegistryApiErrorWatcher.logProblemDetails(ApicurioRegistryBaseIT.java:154)
	at io.apicurio.tests.ApicurioRegistryBaseIT$RegistryApiErrorWatcher.logProblemDetails(ApicurioRegistryBaseIT.java:154)
	at io.apicurio.tests.ApicurioRegistryBaseIT$RegistryApiErrorWatcher.logProblemDetails(ApicurioRegistryBaseIT.java:154)
	at io.apicurio.tests.ApicurioRegistryBaseIT$RegistryApiErrorWatcher.logProblemDetails(ApicurioRegistryBaseIT.java:154)
	at io.apicurio.tests.ApicurioRegistryBaseIT$RegistryApiErrorWatcher.logProblemDetails(ApicurioRegistryBaseIT.java:154)
	at io.apicurio.tests.ApicurioRegistryBaseIT$RegistryApiErrorWatcher.logProblemDetails(ApicurioRegistryBaseIT.java:154)
	at io.apicurio.tests.ApicurioRegistryBaseIT$RegistryApiErrorWatcher.logProblemDetails(ApicurioRegistryBaseIT.java:154)
	at io.apicurio.tests.ApicurioRegistryBaseIT$RegistryApiErrorWatcher.logProblemDetails(ApicurioRegistryBaseIT.java:154)
	at io.apicurio.tests.ApicurioRegistryBaseIT$RegistryApiErrorWatcher.logProblemDetails(ApicurioRegistryBaseIT.java:154)
	at io.apicurio.tests.ApicurioRegistryBaseIT$RegistryApiErrorWatcher.logProblemDetails(ApicurioRegistryBaseIT.java:154)
	at io.apicurio.tests.ApicurioRegistryBaseIT$RegistryApiErrorWatcher.logProblemDetails(ApicurioRegistryBaseIT.java:154)
	at io.apicurio.tests.ApicurioRegistryBaseIT$RegistryApiErrorWatcher.logProblemDetails(ApicurioRegistryBaseIT.java:154)
	at io.apicurio.tests.ApicurioRegistryBaseIT$RegistryApiErrorWatcher.logProblemDetails(ApicurioRegistryBaseIT.java:154)
	at io.apicurio.tests.ApicurioRegistryBaseIT$RegistryApiErrorWatcher.logProblemDetails(ApicurioRegistryBaseIT.java:154)
	at io.apicurio.tests.ApicurioRegistryBaseIT$RegistryApiErrorWatcher.logProblemDetails(ApicurioRegistryBaseIT.java:154)
	at io.apicurio.tests.ApicurioRegistryBaseIT$RegistryApiErrorWatcher.logProblemDetails(ApicurioRegistryBaseIT.java:154)
	at io.apicurio.tests.ApicurioRegistryBaseIT$RegistryApiErrorWatcher.logProblemDetails(ApicurioRegistryBaseIT.java:154)
	at io.apicurio.tests.ApicurioRegistryBaseIT$RegistryApiErrorWatcher.logProblemDetails(ApicurioRegistryBaseIT.java:154)
	at io.apicurio.tests.ApicurioRegistryBaseIT$RegistryApiErrorWatcher.logProblemDetails(ApicurioRegistryBaseIT.java:154)
	at io.apicurio.tests.ApicurioRegistryBaseIT$RegistryApiErrorWatcher.logProblemDetails(ApicurioRegistryBaseIT.java:154)
	at io.apicurio.tests.ApicurioRegistryBaseIT$RegistryApiErrorWatcher.logProblemDetails(ApicurioRegistryBaseIT.java:154)
	at io.apicurio.tests.ApicurioRegistryBaseIT$RegistryApiErrorWatcher.logProblemDetails(ApicurioRegistryBaseIT.java:154)
	at io.apicurio.tests.ApicurioRegistryBaseIT$RegistryApiErrorWatcher.logProblemDetails(ApicurioRegistryBaseIT.java:154)
	at io.apicurio.tests.ApicurioRegistryBaseIT$RegistryApiErrorWatcher.logProblemDetails(ApicurioRegistryBaseIT.java:154)
	at io.apicurio.tests.ApicurioRegistryBaseIT$RegistryApiErrorWatcher.logProblemDetails(ApicurioRegistryBaseIT.java:154)
	at io.apicurio.tests.ApicurioRegistryBaseIT$RegistryApiErrorWatcher.logProblemDetails(ApicurioRegistryBaseIT.java:154)
	at io.apicurio.tests.ApicurioRegistryBaseIT$RegistryApiErrorWatcher.logProblemDetails(ApicurioRegistryBaseIT.java:154)
	at io.apicurio.tests.ApicurioRegistryBaseIT$RegistryApiErrorWatcher.logProblemDetails(ApicurioRegistryBaseIT.java:154)
	at io.apicurio.tests.ApicurioRegistryBaseIT$RegistryApiErrorWatcher.logProblemDetails(ApicurioRegistryBaseIT.java:154)
	at io.apicurio.tests.ApicurioRegistryBaseIT$RegistryApiErrorWatcher.logProblemDetails(ApicurioRegistryBaseIT.java:154)
	at io.apicurio.tests.ApicurioRegistryBaseIT$RegistryApiErrorWatcher.logProblemDetails(ApicurioRegistryBaseIT.java:154)
	at io.apicurio.tests.ApicurioRegistryBaseIT$RegistryApiErrorWatcher.logProblemDetails(ApicurioRegistryBaseIT.java:154)
	at io.apicurio.tests.ApicurioRegistryBaseIT$RegistryApiErrorWatcher.logProblemDetails(ApicurioRegistryBaseIT.java:154)
	at io.apicurio.tests.ApicurioRegistryBaseIT$RegistryApiErrorWatcher.logProblemDetails(ApicurioRegistryBaseIT.java:154)
	at io.apicurio.tests.ApicurioRegistryBaseIT$RegistryApiErrorWatcher.logProblemDetails(ApicurioRegistryBaseIT.java:154)
	at io.apicurio.tests.ApicurioRegistryBaseIT$RegistryApiErrorWatcher.logProblemDetails(ApicurioRegistryBaseIT.java:154)
	at io.apicurio.tests.ApicurioRegistryBaseIT$RegistryApiErrorWatcher.logProblemDetails(ApicurioRegistryBaseIT.java:154)

]]></system-out>
  </testcase>
  <testcase name="testWrongSchema" classname="io.apicurio.tests.serdes.apicurio.ProtobufSerdeIT" time="0.071">
    <error type="io.apicurio.registry.rest.client.models.RuleViolationProblemDetails"><![CDATA[io.apicurio.registry.rest.client.models.RuleViolationProblemDetails
	at io.apicurio.registry.rest.client.models.RuleViolationProblemDetails.createFromDiscriminatorValue(RuleViolationProblemDetails.java:62)
	at io.kiota.serialization.json.JsonParseNode.getObjectValue(JsonParseNode.java:247)
	at io.kiota.http.vertx.VertXRequestAdapter.lambda$throwIfFailedResponse$0(VertXRequestAdapter.java:400)
	at com.microsoft.kiota.ApiExceptionBuilder.<init>(ApiExceptionBuilder.java:26)
	at io.kiota.http.vertx.VertXRequestAdapter.throwIfFailedResponse(VertXRequestAdapter.java:399)
	at io.kiota.http.vertx.VertXRequestAdapter.send(VertXRequestAdapter.java:170)
	at io.apicurio.registry.rest.client.groups.item.artifacts.ArtifactsRequestBuilder.post(ArtifactsRequestBuilder.java:130)
	at io.apicurio.tests.ApicurioRegistryBaseIT.createArtifact(ApicurioRegistryBaseIT.java:184)
	at io.apicurio.tests.serdes.apicurio.ProtobufSerdeIT.testWrongSchema(ProtobufSerdeIT.java:98)
	at java.base/java.lang.reflect.Method.invoke(Method.java:569)
	at java.base/java.util.ArrayList.forEach(ArrayList.java:1511)
	at java.base/java.util.ArrayList.forEach(ArrayList.java:1511)
]]></error>
    <system-out><![CDATA[2025-07-31 17:05:31,488 INFO  [io.api.tes.uti.TestSeparator] (main) ############################################################################
2025-07-31 17:05:31,488 INFO  [io.api.tes.uti.TestSeparator] (main) io.apicurio.tests.serdes.apicurio.ProtobufSerdeIT.testWrongSchema-STARTED
2025-07-31 17:05:31,512 INFO  [io.api.tes.uti.TestSeparator] (main) io.apicurio.tests.serdes.apicurio.ProtobufSerdeIT.testWrongSchema-FINISHED
2025-07-31 17:05:31,512 INFO  [io.api.tes.uti.TestSeparator] (main) ############################################################################
2025-07-31 17:05:31,512 ERROR [io.api.reg.uti.tes.TestUtils] (main) === TEST FAILED ===
2025-07-31 17:05:31,512 ERROR [io.api.reg.uti.tes.TestUtils] (main) Class: class io.apicurio.tests.serdes.apicurio.ProtobufSerdeIT
2025-07-31 17:05:31,512 ERROR [io.api.reg.uti.tes.TestUtils] (main) Test:  testWrongSchema
2025-07-31 17:05:31,512 ERROR [io.api.reg.uti.tes.TestUtils] (main) ID:    [engine:junit-jupiter]/[class:io.apicurio.tests.serdes.apicurio.ProtobufSerdeIT]/[method:testWrongSchema()]
2025-07-31 17:05:31,512 ERROR [io.api.reg.uti.tes.TestUtils] (main) Error: RuleViolationProblemDetails - null
2025-07-31 17:05:31,512 ERROR [io.api.reg.uti.tes.TestUtils] (main) Rule Violation Problem Details
2025-07-31 17:05:31,526 WARNING [org.jun.jup.eng.des.MethodBasedTestDescriptor] (main) Failed to invoke TestWatcher [io.apicurio.tests.ApicurioRegistryBaseIT$RegistryApiErrorWatcher] for method [io.apicurio.tests.serdes.apicurio.ProtobufSerdeIT#testWrongSchema()] with display name [testWrongSchema]: java.lang.StackOverflowError
	at io.apicurio.tests.ApicurioRegistryBaseIT$RegistryApiErrorWatcher.logProblemDetails(ApicurioRegistryBaseIT.java:154)
	at io.apicurio.tests.ApicurioRegistryBaseIT$RegistryApiErrorWatcher.logProblemDetails(ApicurioRegistryBaseIT.java:154)
	at io.apicurio.tests.ApicurioRegistryBaseIT$RegistryApiErrorWatcher.logProblemDetails(ApicurioRegistryBaseIT.java:154)
	at io.apicurio.tests.ApicurioRegistryBaseIT$RegistryApiErrorWatcher.logProblemDetails(ApicurioRegistryBaseIT.java:154)
	at io.apicurio.tests.ApicurioRegistryBaseIT$RegistryApiErrorWatcher.logProblemDetails(ApicurioRegistryBaseIT.java:154)
	at io.apicurio.tests.ApicurioRegistryBaseIT$RegistryApiErrorWatcher.logProblemDetails(ApicurioRegistryBaseIT.java:154)
	at io.apicurio.tests.ApicurioRegistryBaseIT$RegistryApiErrorWatcher.logProblemDetails(ApicurioRegistryBaseIT.java:154)
	at io.apicurio.tests.ApicurioRegistryBaseIT$RegistryApiErrorWatcher.logProblemDetails(ApicurioRegistryBaseIT.java:154)
	at io.apicurio.tests.ApicurioRegistryBaseIT$RegistryApiErrorWatcher.logProblemDetails(ApicurioRegistryBaseIT.java:154)
	at io.apicurio.tests.ApicurioRegistryBaseIT$RegistryApiErrorWatcher.logProblemDetails(ApicurioRegistryBaseIT.java:154)
	at io.apicurio.tests.ApicurioRegistryBaseIT$RegistryApiErrorWatcher.logProblemDetails(ApicurioRegistryBaseIT.java:154)
	at io.apicurio.tests.ApicurioRegistryBaseIT$RegistryApiErrorWatcher.logProblemDetails(ApicurioRegistryBaseIT.java:154)
	at io.apicurio.tests.ApicurioRegistryBaseIT$RegistryApiErrorWatcher.logProblemDetails(ApicurioRegistryBaseIT.java:154)
	at io.apicurio.tests.ApicurioRegistryBaseIT$RegistryApiErrorWatcher.logProblemDetails(ApicurioRegistryBaseIT.java:154)
	at io.apicurio.tests.ApicurioRegistryBaseIT$RegistryApiErrorWatcher.logProblemDetails(ApicurioRegistryBaseIT.java:154)
	at io.apicurio.tests.ApicurioRegistryBaseIT$RegistryApiErrorWatcher.logProblemDetails(ApicurioRegistryBaseIT.java:154)
	at io.apicurio.tests.ApicurioRegistryBaseIT$RegistryApiErrorWatcher.logProblemDetails(ApicurioRegistryBaseIT.java:154)
	at io.apicurio.tests.ApicurioRegistryBaseIT$RegistryApiErrorWatcher.logProblemDetails(ApicurioRegistryBaseIT.java:154)
	at io.apicurio.tests.ApicurioRegistryBaseIT$RegistryApiErrorWatcher.logProblemDetails(ApicurioRegistryBaseIT.java:154)
	at io.apicurio.tests.ApicurioRegistryBaseIT$RegistryApiErrorWatcher.logProblemDetails(ApicurioRegistryBaseIT.java:154)
	at io.apicurio.tests.ApicurioRegistryBaseIT$RegistryApiErrorWatcher.logProblemDetails(ApicurioRegistryBaseIT.java:154)
	at io.apicurio.tests.ApicurioRegistryBaseIT$RegistryApiErrorWatcher.logProblemDetails(ApicurioRegistryBaseIT.java:154)
	at io.apicurio.tests.ApicurioRegistryBaseIT$RegistryApiErrorWatcher.logProblemDetails(ApicurioRegistryBaseIT.java:154)
	at io.apicurio.tests.ApicurioRegistryBaseIT$RegistryApiErrorWatcher.logProblemDetails(ApicurioRegistryBaseIT.java:154)
	at io.apicurio.tests.ApicurioRegistryBaseIT$RegistryApiErrorWatcher.logProblemDetails(ApicurioRegistryBaseIT.java:154)
	at io.apicurio.tests.ApicurioRegistryBaseIT$RegistryApiErrorWatcher.logProblemDetails(ApicurioRegistryBaseIT.java:154)
	at io.apicurio.tests.ApicurioRegistryBaseIT$RegistryApiErrorWatcher.logProblemDetails(ApicurioRegistryBaseIT.java:154)
	at io.apicurio.tests.ApicurioRegistryBaseIT$RegistryApiErrorWatcher.logProblemDetails(ApicurioRegistryBaseIT.java:154)
	at io.apicurio.tests.ApicurioRegistryBaseIT$RegistryApiErrorWatcher.logProblemDetails(ApicurioRegistryBaseIT.java:154)
	at io.apicurio.tests.ApicurioRegistryBaseIT$RegistryApiErrorWatcher.logProblemDetails(ApicurioRegistryBaseIT.java:154)
	at io.apicurio.tests.ApicurioRegistryBaseIT$RegistryApiErrorWatcher.logProblemDetails(ApicurioRegistryBaseIT.java:154)
	at io.apicurio.tests.ApicurioRegistryBaseIT$RegistryApiErrorWatcher.logProblemDetails(ApicurioRegistryBaseIT.java:154)
	at io.apicurio.tests.ApicurioRegistryBaseIT$RegistryApiErrorWatcher.logProblemDetails(ApicurioRegistryBaseIT.java:154)
	at io.apicurio.tests.ApicurioRegistryBaseIT$RegistryApiErrorWatcher.logProblemDetails(ApicurioRegistryBaseIT.java:154)
	at io.apicurio.tests.ApicurioRegistryBaseIT$RegistryApiErrorWatcher.logProblemDetails(ApicurioRegistryBaseIT.java:154)
	at io.apicurio.tests.ApicurioRegistryBaseIT$RegistryApiErrorWatcher.logProblemDetails(ApicurioRegistryBaseIT.java:154)
	at io.apicurio.tests.ApicurioRegistryBaseIT$RegistryApiErrorWatcher.logProblemDetails(ApicurioRegistryBaseIT.java:154)
	at io.apicurio.tests.ApicurioRegistryBaseIT$RegistryApiErrorWatcher.logProblemDetails(ApicurioRegistryBaseIT.java:154)
	at io.apicurio.tests.ApicurioRegistryBaseIT$RegistryApiErrorWatcher.logProblemDetails(ApicurioRegistryBaseIT.java:154)
	at io.apicurio.tests.ApicurioRegistryBaseIT$RegistryApiErrorWatcher.logProblemDetails(ApicurioRegistryBaseIT.java:154)
	at io.apicurio.tests.ApicurioRegistryBaseIT$RegistryApiErrorWatcher.logProblemDetails(ApicurioRegistryBaseIT.java:154)
	at io.apicurio.tests.ApicurioRegistryBaseIT$RegistryApiErrorWatcher.logProblemDetails(ApicurioRegistryBaseIT.java:154)
	at io.apicurio.tests.ApicurioRegistryBaseIT$RegistryApiErrorWatcher.logProblemDetails(ApicurioRegistryBaseIT.java:154)
	at io.apicurio.tests.ApicurioRegistryBaseIT$RegistryApiErrorWatcher.logProblemDetails(ApicurioRegistryBaseIT.java:154)
	at io.apicurio.tests.ApicurioRegistryBaseIT$RegistryApiErrorWatcher.logProblemDetails(ApicurioRegistryBaseIT.java:154)
	at io.apicurio.tests.ApicurioRegistryBaseIT$RegistryApiErrorWatcher.logProblemDetails(ApicurioRegistryBaseIT.java:154)
	at io.apicurio.tests.ApicurioRegistryBaseIT$RegistryApiErrorWatcher.logProblemDetails(ApicurioRegistryBaseIT.java:154)
	at io.apicurio.tests.ApicurioRegistryBaseIT$RegistryApiErrorWatcher.logProblemDetails(ApicurioRegistryBaseIT.java:154)
	at io.apicurio.tests.ApicurioRegistryBaseIT$RegistryApiErrorWatcher.logProblemDetails(ApicurioRegistryBaseIT.java:154)
	at io.apicurio.tests.ApicurioRegistryBaseIT$RegistryApiErrorWatcher.logProblemDetails(ApicurioRegistryBaseIT.java:154)
	at io.apicurio.tests.ApicurioRegistryBaseIT$RegistryApiErrorWatcher.logProblemDetails(ApicurioRegistryBaseIT.java:154)
	at io.apicurio.tests.ApicurioRegistryBaseIT$RegistryApiErrorWatcher.logProblemDetails(ApicurioRegistryBaseIT.java:154)
	at io.apicurio.tests.ApicurioRegistryBaseIT$RegistryApiErrorWatcher.logProblemDetails(ApicurioRegistryBaseIT.java:154)
	at io.apicurio.tests.ApicurioRegistryBaseIT$RegistryApiErrorWatcher.logProblemDetails(ApicurioRegistryBaseIT.java:154)
	at io.apicurio.tests.ApicurioRegistryBaseIT$RegistryApiErrorWatcher.logProblemDetails(ApicurioRegistryBaseIT.java:154)
	at io.apicurio.tests.ApicurioRegistryBaseIT$RegistryApiErrorWatcher.logProblemDetails(ApicurioRegistryBaseIT.java:154)
	at io.apicurio.tests.ApicurioRegistryBaseIT$RegistryApiErrorWatcher.logProblemDetails(ApicurioRegistryBaseIT.java:154)
	at io.apicurio.tests.ApicurioRegistryBaseIT$RegistryApiErrorWatcher.logProblemDetails(ApicurioRegistryBaseIT.java:154)
	at io.apicurio.tests.ApicurioRegistryBaseIT$RegistryApiErrorWatcher.logProblemDetails(ApicurioRegistryBaseIT.java:154)
	at io.apicurio.tests.ApicurioRegistryBaseIT$RegistryApiErrorWatcher.logProblemDetails(ApicurioRegistryBaseIT.java:154)
	at io.apicurio.tests.ApicurioRegistryBaseIT$RegistryApiErrorWatcher.logProblemDetails(ApicurioRegistryBaseIT.java:154)
	at io.apicurio.tests.ApicurioRegistryBaseIT$RegistryApiErrorWatcher.logProblemDetails(ApicurioRegistryBaseIT.java:154)
	at io.apicurio.tests.ApicurioRegistryBaseIT$RegistryApiErrorWatcher.logProblemDetails(ApicurioRegistryBaseIT.java:154)
	at io.apicurio.tests.ApicurioRegistryBaseIT$RegistryApiErrorWatcher.logProblemDetails(ApicurioRegistryBaseIT.java:154)
	at io.apicurio.tests.ApicurioRegistryBaseIT$RegistryApiErrorWatcher.logProblemDetails(ApicurioRegistryBaseIT.java:154)
	at io.apicurio.tests.ApicurioRegistryBaseIT$RegistryApiErrorWatcher.logProblemDetails(ApicurioRegistryBaseIT.java:154)
	at io.apicurio.tests.ApicurioRegistryBaseIT$RegistryApiErrorWatcher.logProblemDetails(ApicurioRegistryBaseIT.java:154)
	at io.apicurio.tests.ApicurioRegistryBaseIT$RegistryApiErrorWatcher.logProblemDetails(ApicurioRegistryBaseIT.java:154)
	at io.apicurio.tests.ApicurioRegistryBaseIT$RegistryApiErrorWatcher.logProblemDetails(ApicurioRegistryBaseIT.java:154)
	at io.apicurio.tests.ApicurioRegistryBaseIT$RegistryApiErrorWatcher.logProblemDetails(ApicurioRegistryBaseIT.java:154)
	at io.apicurio.tests.ApicurioRegistryBaseIT$RegistryApiErrorWatcher.logProblemDetails(ApicurioRegistryBaseIT.java:154)
	at io.apicurio.tests.ApicurioRegistryBaseIT$RegistryApiErrorWatcher.logProblemDetails(ApicurioRegistryBaseIT.java:154)
	at io.apicurio.tests.ApicurioRegistryBaseIT$RegistryApiErrorWatcher.logProblemDetails(ApicurioRegistryBaseIT.java:154)
	at io.apicurio.tests.ApicurioRegistryBaseIT$RegistryApiErrorWatcher.logProblemDetails(ApicurioRegistryBaseIT.java:154)
	at io.apicurio.tests.ApicurioRegistryBaseIT$RegistryApiErrorWatcher.logProblemDetails(ApicurioRegistryBaseIT.java:154)
	at io.apicurio.tests.ApicurioRegistryBaseIT$RegistryApiErrorWatcher.logProblemDetails(ApicurioRegistryBaseIT.java:154)
	at io.apicurio.tests.ApicurioRegistryBaseIT$RegistryApiErrorWatcher.logProblemDetails(ApicurioRegistryBaseIT.java:154)
	at io.apicurio.tests.ApicurioRegistryBaseIT$RegistryApiErrorWatcher.logProblemDetails(ApicurioRegistryBaseIT.java:154)
	at io.apicurio.tests.ApicurioRegistryBaseIT$RegistryApiErrorWatcher.logProblemDetails(ApicurioRegistryBaseIT.java:154)
	at io.apicurio.tests.ApicurioRegistryBaseIT$RegistryApiErrorWatcher.logProblemDetails(ApicurioRegistryBaseIT.java:154)
	at io.apicurio.tests.ApicurioRegistryBaseIT$RegistryApiErrorWatcher.logProblemDetails(ApicurioRegistryBaseIT.java:154)
	at io.apicurio.tests.ApicurioRegistryBaseIT$RegistryApiErrorWatcher.logProblemDetails(ApicurioRegistryBaseIT.java:154)
	at io.apicurio.tests.ApicurioRegistryBaseIT$RegistryApiErrorWatcher.logProblemDetails(ApicurioRegistryBaseIT.java:154)
	at io.apicurio.tests.ApicurioRegistryBaseIT$RegistryApiErrorWatcher.logProblemDetails(ApicurioRegistryBaseIT.java:154)
	at io.apicurio.tests.ApicurioRegistryBaseIT$RegistryApiErrorWatcher.logProblemDetails(ApicurioRegistryBaseIT.java:154)
	at io.apicurio.tests.ApicurioRegistryBaseIT$RegistryApiErrorWatcher.logProblemDetails(ApicurioRegistryBaseIT.java:154)
	at io.apicurio.tests.ApicurioRegistryBaseIT$RegistryApiErrorWatcher.logProblemDetails(ApicurioRegistryBaseIT.java:154)
	at io.apicurio.tests.ApicurioRegistryBaseIT$RegistryApiErrorWatcher.logProblemDetails(ApicurioRegistryBaseIT.java:154)
	at io.apicurio.tests.ApicurioRegistryBaseIT$RegistryApiErrorWatcher.logProblemDetails(ApicurioRegistryBaseIT.java:154)
	at io.apicurio.tests.ApicurioRegistryBaseIT$RegistryApiErrorWatcher.logProblemDetails(ApicurioRegistryBaseIT.java:154)
	at io.apicurio.tests.ApicurioRegistryBaseIT$RegistryApiErrorWatcher.logProblemDetails(ApicurioRegistryBaseIT.java:154)
	at io.apicurio.tests.ApicurioRegistryBaseIT$RegistryApiErrorWatcher.logProblemDetails(ApicurioRegistryBaseIT.java:154)
	at io.apicurio.tests.ApicurioRegistryBaseIT$RegistryApiErrorWatcher.logProblemDetails(ApicurioRegistryBaseIT.java:154)
	at io.apicurio.tests.ApicurioRegistryBaseIT$RegistryApiErrorWatcher.logProblemDetails(ApicurioRegistryBaseIT.java:154)
	at io.apicurio.tests.ApicurioRegistryBaseIT$RegistryApiErrorWatcher.logProblemDetails(ApicurioRegistryBaseIT.java:154)
	at io.apicurio.tests.ApicurioRegistryBaseIT$RegistryApiErrorWatcher.logProblemDetails(ApicurioRegistryBaseIT.java:154)
	at io.apicurio.tests.ApicurioRegistryBaseIT$RegistryApiErrorWatcher.logProblemDetails(ApicurioRegistryBaseIT.java:154)
	at io.apicurio.tests.ApicurioRegistryBaseIT$RegistryApiErrorWatcher.logProblemDetails(ApicurioRegistryBaseIT.java:154)
	at io.apicurio.tests.ApicurioRegistryBaseIT$RegistryApiErrorWatcher.logProblemDetails(ApicurioRegistryBaseIT.java:154)
	at io.apicurio.tests.ApicurioRegistryBaseIT$RegistryApiErrorWatcher.logProblemDetails(ApicurioRegistryBaseIT.java:154)
	at io.apicurio.tests.ApicurioRegistryBaseIT$RegistryApiErrorWatcher.logProblemDetails(ApicurioRegistryBaseIT.java:154)
	at io.apicurio.tests.ApicurioRegistryBaseIT$RegistryApiErrorWatcher.logProblemDetails(ApicurioRegistryBaseIT.java:154)
	at io.apicurio.tests.ApicurioRegistryBaseIT$RegistryApiErrorWatcher.logProblemDetails(ApicurioRegistryBaseIT.java:154)
	at io.apicurio.tests.ApicurioRegistryBaseIT$RegistryApiErrorWatcher.logProblemDetails(ApicurioRegistryBaseIT.java:154)
	at io.apicurio.tests.ApicurioRegistryBaseIT$RegistryApiErrorWatcher.logProblemDetails(ApicurioRegistryBaseIT.java:154)
	at io.apicurio.tests.ApicurioRegistryBaseIT$RegistryApiErrorWatcher.logProblemDetails(ApicurioRegistryBaseIT.java:154)
	at io.apicurio.tests.ApicurioRegistryBaseIT$RegistryApiErrorWatcher.logProblemDetails(ApicurioRegistryBaseIT.java:154)
	at io.apicurio.tests.ApicurioRegistryBaseIT$RegistryApiErrorWatcher.logProblemDetails(ApicurioRegistryBaseIT.java:154)
	at io.apicurio.tests.ApicurioRegistryBaseIT$RegistryApiErrorWatcher.logProblemDetails(ApicurioRegistryBaseIT.java:154)
	at io.apicurio.tests.ApicurioRegistryBaseIT$RegistryApiErrorWatcher.logProblemDetails(ApicurioRegistryBaseIT.java:154)
	at io.apicurio.tests.ApicurioRegistryBaseIT$RegistryApiErrorWatcher.logProblemDetails(ApicurioRegistryBaseIT.java:154)
	at io.apicurio.tests.ApicurioRegistryBaseIT$RegistryApiErrorWatcher.logProblemDetails(ApicurioRegistryBaseIT.java:154)
	at io.apicurio.tests.ApicurioRegistryBaseIT$RegistryApiErrorWatcher.logProblemDetails(ApicurioRegistryBaseIT.java:154)
	at io.apicurio.tests.ApicurioRegistryBaseIT$RegistryApiErrorWatcher.logProblemDetails(ApicurioRegistryBaseIT.java:154)
	at io.apicurio.tests.ApicurioRegistryBaseIT$RegistryApiErrorWatcher.logProblemDetails(ApicurioRegistryBaseIT.java:154)
	at io.apicurio.tests.ApicurioRegistryBaseIT$RegistryApiErrorWatcher.logProblemDetails(ApicurioRegistryBaseIT.java:154)
	at io.apicurio.tests.ApicurioRegistryBaseIT$RegistryApiErrorWatcher.logProblemDetails(ApicurioRegistryBaseIT.java:154)
	at io.apicurio.tests.ApicurioRegistryBaseIT$RegistryApiErrorWatcher.logProblemDetails(ApicurioRegistryBaseIT.java:154)
	at io.apicurio.tests.ApicurioRegistryBaseIT$RegistryApiErrorWatcher.logProblemDetails(ApicurioRegistryBaseIT.java:154)
	at io.apicurio.tests.ApicurioRegistryBaseIT$RegistryApiErrorWatcher.logProblemDetails(ApicurioRegistryBaseIT.java:154)
	at io.apicurio.tests.ApicurioRegistryBaseIT$RegistryApiErrorWatcher.logProblemDetails(ApicurioRegistryBaseIT.java:154)
	at io.apicurio.tests.ApicurioRegistryBaseIT$RegistryApiErrorWatcher.logProblemDetails(ApicurioRegistryBaseIT.java:154)
	at io.apicurio.tests.ApicurioRegistryBaseIT$RegistryApiErrorWatcher.logProblemDetails(ApicurioRegistryBaseIT.java:154)
	at io.apicurio.tests.ApicurioRegistryBaseIT$RegistryApiErrorWatcher.logProblemDetails(ApicurioRegistryBaseIT.java:154)
	at io.apicurio.tests.ApicurioRegistryBaseIT$RegistryApiErrorWatcher.logProblemDetails(ApicurioRegistryBaseIT.java:154)
	at io.apicurio.tests.ApicurioRegistryBaseIT$RegistryApiErrorWatcher.logProblemDetails(ApicurioRegistryBaseIT.java:154)
	at io.apicurio.tests.ApicurioRegistryBaseIT$RegistryApiErrorWatcher.logProblemDetails(ApicurioRegistryBaseIT.java:154)
	at io.apicurio.tests.ApicurioRegistryBaseIT$RegistryApiErrorWatcher.logProblemDetails(ApicurioRegistryBaseIT.java:154)
	at io.apicurio.tests.ApicurioRegistryBaseIT$RegistryApiErrorWatcher.logProblemDetails(ApicurioRegistryBaseIT.java:154)
	at io.apicurio.tests.ApicurioRegistryBaseIT$RegistryApiErrorWatcher.logProblemDetails(ApicurioRegistryBaseIT.java:154)
	at io.apicurio.tests.ApicurioRegistryBaseIT$RegistryApiErrorWatcher.logProblemDetails(ApicurioRegistryBaseIT.java:154)
	at io.apicurio.tests.ApicurioRegistryBaseIT$RegistryApiErrorWatcher.logProblemDetails(ApicurioRegistryBaseIT.java:154)
	at io.apicurio.tests.ApicurioRegistryBaseIT$RegistryApiErrorWatcher.logProblemDetails(ApicurioRegistryBaseIT.java:154)
	at io.apicurio.tests.ApicurioRegistryBaseIT$RegistryApiErrorWatcher.logProblemDetails(ApicurioRegistryBaseIT.java:154)
	at io.apicurio.tests.ApicurioRegistryBaseIT$RegistryApiErrorWatcher.logProblemDetails(ApicurioRegistryBaseIT.java:154)
	at io.apicurio.tests.ApicurioRegistryBaseIT$RegistryApiErrorWatcher.logProblemDetails(ApicurioRegistryBaseIT.java:154)
	at io.apicurio.tests.ApicurioRegistryBaseIT$RegistryApiErrorWatcher.logProblemDetails(ApicurioRegistryBaseIT.java:154)
	at io.apicurio.tests.ApicurioRegistryBaseIT$RegistryApiErrorWatcher.logProblemDetails(ApicurioRegistryBaseIT.java:154)
	at io.apicurio.tests.ApicurioRegistryBaseIT$RegistryApiErrorWatcher.logProblemDetails(ApicurioRegistryBaseIT.java:154)
	at io.apicurio.tests.ApicurioRegistryBaseIT$RegistryApiErrorWatcher.logProblemDetails(ApicurioRegistryBaseIT.java:154)
	at io.apicurio.tests.ApicurioRegistryBaseIT$RegistryApiErrorWatcher.logProblemDetails(ApicurioRegistryBaseIT.java:154)
	at io.apicurio.tests.ApicurioRegistryBaseIT$RegistryApiErrorWatcher.logProblemDetails(ApicurioRegistryBaseIT.java:154)
	at io.apicurio.tests.ApicurioRegistryBaseIT$RegistryApiErrorWatcher.logProblemDetails(ApicurioRegistryBaseIT.java:154)
	at io.apicurio.tests.ApicurioRegistryBaseIT$RegistryApiErrorWatcher.logProblemDetails(ApicurioRegistryBaseIT.java:154)
	at io.apicurio.tests.ApicurioRegistryBaseIT$RegistryApiErrorWatcher.logProblemDetails(ApicurioRegistryBaseIT.java:154)
	at io.apicurio.tests.ApicurioRegistryBaseIT$RegistryApiErrorWatcher.logProblemDetails(ApicurioRegistryBaseIT.java:154)
	at io.apicurio.tests.ApicurioRegistryBaseIT$RegistryApiErrorWatcher.logProblemDetails(ApicurioRegistryBaseIT.java:154)
	at io.apicurio.tests.ApicurioRegistryBaseIT$RegistryApiErrorWatcher.logProblemDetails(ApicurioRegistryBaseIT.java:154)
	at io.apicurio.tests.ApicurioRegistryBaseIT$RegistryApiErrorWatcher.logProblemDetails(ApicurioRegistryBaseIT.java:154)
	at io.apicurio.tests.ApicurioRegistryBaseIT$RegistryApiErrorWatcher.logProblemDetails(ApicurioRegistryBaseIT.java:154)
	at io.apicurio.tests.ApicurioRegistryBaseIT$RegistryApiErrorWatcher.logProblemDetails(ApicurioRegistryBaseIT.java:154)
	at io.apicurio.tests.ApicurioRegistryBaseIT$RegistryApiErrorWatcher.logProblemDetails(ApicurioRegistryBaseIT.java:154)
	at io.apicurio.tests.ApicurioRegistryBaseIT$RegistryApiErrorWatcher.logProblemDetails(ApicurioRegistryBaseIT.java:154)
	at io.apicurio.tests.ApicurioRegistryBaseIT$RegistryApiErrorWatcher.logProblemDetails(ApicurioRegistryBaseIT.java:154)
	at io.apicurio.tests.ApicurioRegistryBaseIT$RegistryApiErrorWatcher.logProblemDetails(ApicurioRegistryBaseIT.java:154)
	at io.apicurio.tests.ApicurioRegistryBaseIT$RegistryApiErrorWatcher.logProblemDetails(ApicurioRegistryBaseIT.java:154)
	at io.apicurio.tests.ApicurioRegistryBaseIT$RegistryApiErrorWatcher.logProblemDetails(ApicurioRegistryBaseIT.java:154)
	at io.apicurio.tests.ApicurioRegistryBaseIT$RegistryApiErrorWatcher.logProblemDetails(ApicurioRegistryBaseIT.java:154)
	at io.apicurio.tests.ApicurioRegistryBaseIT$RegistryApiErrorWatcher.logProblemDetails(ApicurioRegistryBaseIT.java:154)
	at io.apicurio.tests.ApicurioRegistryBaseIT$RegistryApiErrorWatcher.logProblemDetails(ApicurioRegistryBaseIT.java:154)
	at io.apicurio.tests.ApicurioRegistryBaseIT$RegistryApiErrorWatcher.logProblemDetails(ApicurioRegistryBaseIT.java:154)
	at io.apicurio.tests.ApicurioRegistryBaseIT$RegistryApiErrorWatcher.logProblemDetails(ApicurioRegistryBaseIT.java:154)
	at io.apicurio.tests.ApicurioRegistryBaseIT$RegistryApiErrorWatcher.logProblemDetails(ApicurioRegistryBaseIT.java:154)
	at io.apicurio.tests.ApicurioRegistryBaseIT$RegistryApiErrorWatcher.logProblemDetails(ApicurioRegistryBaseIT.java:154)
	at io.apicurio.tests.ApicurioRegistryBaseIT$RegistryApiErrorWatcher.logProblemDetails(ApicurioRegistryBaseIT.java:154)
	at io.apicurio.tests.ApicurioRegistryBaseIT$RegistryApiErrorWatcher.logProblemDetails(ApicurioRegistryBaseIT.java:154)
	at io.apicurio.tests.ApicurioRegistryBaseIT$RegistryApiErrorWatcher.logProblemDetails(ApicurioRegistryBaseIT.java:154)
	at io.apicurio.tests.ApicurioRegistryBaseIT$RegistryApiErrorWatcher.logProblemDetails(ApicurioRegistryBaseIT.java:154)
	at io.apicurio.tests.ApicurioRegistryBaseIT$RegistryApiErrorWatcher.logProblemDetails(ApicurioRegistryBaseIT.java:154)
	at io.apicurio.tests.ApicurioRegistryBaseIT$RegistryApiErrorWatcher.logProblemDetails(ApicurioRegistryBaseIT.java:154)
	at io.apicurio.tests.ApicurioRegistryBaseIT$RegistryApiErrorWatcher.logProblemDetails(ApicurioRegistryBaseIT.java:154)
	at io.apicurio.tests.ApicurioRegistryBaseIT$RegistryApiErrorWatcher.logProblemDetails(ApicurioRegistryBaseIT.java:154)
	at io.apicurio.tests.ApicurioRegistryBaseIT$RegistryApiErrorWatcher.logProblemDetails(ApicurioRegistryBaseIT.java:154)
	at io.apicurio.tests.ApicurioRegistryBaseIT$RegistryApiErrorWatcher.logProblemDetails(ApicurioRegistryBaseIT.java:154)
	at io.apicurio.tests.ApicurioRegistryBaseIT$RegistryApiErrorWatcher.logProblemDetails(ApicurioRegistryBaseIT.java:154)
	at io.apicurio.tests.ApicurioRegistryBaseIT$RegistryApiErrorWatcher.logProblemDetails(ApicurioRegistryBaseIT.java:154)
	at io.apicurio.tests.ApicurioRegistryBaseIT$RegistryApiErrorWatcher.logProblemDetails(ApicurioRegistryBaseIT.java:154)
	at io.apicurio.tests.ApicurioRegistryBaseIT$RegistryApiErrorWatcher.logProblemDetails(ApicurioRegistryBaseIT.java:154)
	at io.apicurio.tests.ApicurioRegistryBaseIT$RegistryApiErrorWatcher.logProblemDetails(ApicurioRegistryBaseIT.java:154)
	at io.apicurio.tests.ApicurioRegistryBaseIT$RegistryApiErrorWatcher.logProblemDetails(ApicurioRegistryBaseIT.java:154)
	at io.apicurio.tests.ApicurioRegistryBaseIT$RegistryApiErrorWatcher.logProblemDetails(ApicurioRegistryBaseIT.java:154)
	at io.apicurio.tests.ApicurioRegistryBaseIT$RegistryApiErrorWatcher.logProblemDetails(ApicurioRegistryBaseIT.java:154)
	at io.apicurio.tests.ApicurioRegistryBaseIT$RegistryApiErrorWatcher.logProblemDetails(ApicurioRegistryBaseIT.java:154)
	at io.apicurio.tests.ApicurioRegistryBaseIT$RegistryApiErrorWatcher.logProblemDetails(ApicurioRegistryBaseIT.java:154)
	at io.apicurio.tests.ApicurioRegistryBaseIT$RegistryApiErrorWatcher.logProblemDetails(ApicurioRegistryBaseIT.java:154)
	at io.apicurio.tests.ApicurioRegistryBaseIT$RegistryApiErrorWatcher.logProblemDetails(ApicurioRegistryBaseIT.java:154)
	at io.apicurio.tests.ApicurioRegistryBaseIT$RegistryApiErrorWatcher.logProblemDetails(ApicurioRegistryBaseIT.java:154)
	at io.apicurio.tests.ApicurioRegistryBaseIT$RegistryApiErrorWatcher.logProblemDetails(ApicurioRegistryBaseIT.java:154)
	at io.apicurio.tests.ApicurioRegistryBaseIT$RegistryApiErrorWatcher.logProblemDetails(ApicurioRegistryBaseIT.java:154)
	at io.apicurio.tests.ApicurioRegistryBaseIT$RegistryApiErrorWatcher.logProblemDetails(ApicurioRegistryBaseIT.java:154)
	at io.apicurio.tests.ApicurioRegistryBaseIT$RegistryApiErrorWatcher.logProblemDetails(ApicurioRegistryBaseIT.java:154)
	at io.apicurio.tests.ApicurioRegistryBaseIT$RegistryApiErrorWatcher.logProblemDetails(ApicurioRegistryBaseIT.java:154)
	at io.apicurio.tests.ApicurioRegistryBaseIT$RegistryApiErrorWatcher.logProblemDetails(ApicurioRegistryBaseIT.java:154)
	at io.apicurio.tests.ApicurioRegistryBaseIT$RegistryApiErrorWatcher.logProblemDetails(ApicurioRegistryBaseIT.java:154)
	at io.apicurio.tests.ApicurioRegistryBaseIT$RegistryApiErrorWatcher.logProblemDetails(ApicurioRegistryBaseIT.java:154)
	at io.apicurio.tests.ApicurioRegistryBaseIT$RegistryApiErrorWatcher.logProblemDetails(ApicurioRegistryBaseIT.java:154)
	at io.apicurio.tests.ApicurioRegistryBaseIT$RegistryApiErrorWatcher.logProblemDetails(ApicurioRegistryBaseIT.java:154)
	at io.apicurio.tests.ApicurioRegistryBaseIT$RegistryApiErrorWatcher.logProblemDetails(ApicurioRegistryBaseIT.java:154)
	at io.apicurio.tests.ApicurioRegistryBaseIT$RegistryApiErrorWatcher.logProblemDetails(ApicurioRegistryBaseIT.java:154)
	at io.apicurio.tests.ApicurioRegistryBaseIT$RegistryApiErrorWatcher.logProblemDetails(ApicurioRegistryBaseIT.java:154)
	at io.apicurio.tests.ApicurioRegistryBaseIT$RegistryApiErrorWatcher.logProblemDetails(ApicurioRegistryBaseIT.java:154)
	at io.apicurio.tests.ApicurioRegistryBaseIT$RegistryApiErrorWatcher.logProblemDetails(ApicurioRegistryBaseIT.java:154)
	at io.apicurio.tests.ApicurioRegistryBaseIT$RegistryApiErrorWatcher.logProblemDetails(ApicurioRegistryBaseIT.java:154)
	at io.apicurio.tests.ApicurioRegistryBaseIT$RegistryApiErrorWatcher.logProblemDetails(ApicurioRegistryBaseIT.java:154)
	at io.apicurio.tests.ApicurioRegistryBaseIT$RegistryApiErrorWatcher.logProblemDetails(ApicurioRegistryBaseIT.java:154)
	at io.apicurio.tests.ApicurioRegistryBaseIT$RegistryApiErrorWatcher.logProblemDetails(ApicurioRegistryBaseIT.java:154)
	at io.apicurio.tests.ApicurioRegistryBaseIT$RegistryApiErrorWatcher.logProblemDetails(ApicurioRegistryBaseIT.java:154)
	at io.apicurio.tests.ApicurioRegistryBaseIT$RegistryApiErrorWatcher.logProblemDetails(ApicurioRegistryBaseIT.java:154)
	at io.apicurio.tests.ApicurioRegistryBaseIT$RegistryApiErrorWatcher.logProblemDetails(ApicurioRegistryBaseIT.java:154)
	at io.apicurio.tests.ApicurioRegistryBaseIT$RegistryApiErrorWatcher.logProblemDetails(ApicurioRegistryBaseIT.java:154)
	at io.apicurio.tests.ApicurioRegistryBaseIT$RegistryApiErrorWatcher.logProblemDetails(ApicurioRegistryBaseIT.java:154)
	at io.apicurio.tests.ApicurioRegistryBaseIT$RegistryApiErrorWatcher.logProblemDetails(ApicurioRegistryBaseIT.java:154)
	at io.apicurio.tests.ApicurioRegistryBaseIT$RegistryApiErrorWatcher.logProblemDetails(ApicurioRegistryBaseIT.java:154)
	at io.apicurio.tests.ApicurioRegistryBaseIT$RegistryApiErrorWatcher.logProblemDetails(ApicurioRegistryBaseIT.java:154)
	at io.apicurio.tests.ApicurioRegistryBaseIT$RegistryApiErrorWatcher.logProblemDetails(ApicurioRegistryBaseIT.java:154)
	at io.apicurio.tests.ApicurioRegistryBaseIT$RegistryApiErrorWatcher.logProblemDetails(ApicurioRegistryBaseIT.java:154)
	at io.apicurio.tests.ApicurioRegistryBaseIT$RegistryApiErrorWatcher.logProblemDetails(ApicurioRegistryBaseIT.java:154)
	at io.apicurio.tests.ApicurioRegistryBaseIT$RegistryApiErrorWatcher.logProblemDetails(ApicurioRegistryBaseIT.java:154)
	at io.apicurio.tests.ApicurioRegistryBaseIT$RegistryApiErrorWatcher.logProblemDetails(ApicurioRegistryBaseIT.java:154)
	at io.apicurio.tests.ApicurioRegistryBaseIT$RegistryApiErrorWatcher.logProblemDetails(ApicurioRegistryBaseIT.java:154)
	at io.apicurio.tests.ApicurioRegistryBaseIT$RegistryApiErrorWatcher.logProblemDetails(ApicurioRegistryBaseIT.java:154)
	at io.apicurio.tests.ApicurioRegistryBaseIT$RegistryApiErrorWatcher.logProblemDetails(ApicurioRegistryBaseIT.java:154)
	at io.apicurio.tests.ApicurioRegistryBaseIT$RegistryApiErrorWatcher.logProblemDetails(ApicurioRegistryBaseIT.java:154)
	at io.apicurio.tests.ApicurioRegistryBaseIT$RegistryApiErrorWatcher.logProblemDetails(ApicurioRegistryBaseIT.java:154)
	at io.apicurio.tests.ApicurioRegistryBaseIT$RegistryApiErrorWatcher.logProblemDetails(ApicurioRegistryBaseIT.java:154)
	at io.apicurio.tests.ApicurioRegistryBaseIT$RegistryApiErrorWatcher.logProblemDetails(ApicurioRegistryBaseIT.java:154)
	at io.apicurio.tests.ApicurioRegistryBaseIT$RegistryApiErrorWatcher.logProblemDetails(ApicurioRegistryBaseIT.java:154)
	at io.apicurio.tests.ApicurioRegistryBaseIT$RegistryApiErrorWatcher.logProblemDetails(ApicurioRegistryBaseIT.java:154)
	at io.apicurio.tests.ApicurioRegistryBaseIT$RegistryApiErrorWatcher.logProblemDetails(ApicurioRegistryBaseIT.java:154)
	at io.apicurio.tests.ApicurioRegistryBaseIT$RegistryApiErrorWatcher.logProblemDetails(ApicurioRegistryBaseIT.java:154)
	at io.apicurio.tests.ApicurioRegistryBaseIT$RegistryApiErrorWatcher.logProblemDetails(ApicurioRegistryBaseIT.java:154)
	at io.apicurio.tests.ApicurioRegistryBaseIT$RegistryApiErrorWatcher.logProblemDetails(ApicurioRegistryBaseIT.java:154)
	at io.apicurio.tests.ApicurioRegistryBaseIT$RegistryApiErrorWatcher.logProblemDetails(ApicurioRegistryBaseIT.java:154)
	at io.apicurio.tests.ApicurioRegistryBaseIT$RegistryApiErrorWatcher.logProblemDetails(ApicurioRegistryBaseIT.java:154)
	at io.apicurio.tests.ApicurioRegistryBaseIT$RegistryApiErrorWatcher.logProblemDetails(ApicurioRegistryBaseIT.java:154)
	at io.apicurio.tests.ApicurioRegistryBaseIT$RegistryApiErrorWatcher.logProblemDetails(ApicurioRegistryBaseIT.java:154)
	at io.apicurio.tests.ApicurioRegistryBaseIT$RegistryApiErrorWatcher.logProblemDetails(ApicurioRegistryBaseIT.java:154)
	at io.apicurio.tests.ApicurioRegistryBaseIT$RegistryApiErrorWatcher.logProblemDetails(ApicurioRegistryBaseIT.java:154)
	at io.apicurio.tests.ApicurioRegistryBaseIT$RegistryApiErrorWatcher.logProblemDetails(ApicurioRegistryBaseIT.java:154)
	at io.apicurio.tests.ApicurioRegistryBaseIT$RegistryApiErrorWatcher.logProblemDetails(ApicurioRegistryBaseIT.java:154)
	at io.apicurio.tests.ApicurioRegistryBaseIT$RegistryApiErrorWatcher.logProblemDetails(ApicurioRegistryBaseIT.java:154)
	at io.apicurio.tests.ApicurioRegistryBaseIT$RegistryApiErrorWatcher.logProblemDetails(ApicurioRegistryBaseIT.java:154)
	at io.apicurio.tests.ApicurioRegistryBaseIT$RegistryApiErrorWatcher.logProblemDetails(ApicurioRegistryBaseIT.java:154)
	at io.apicurio.tests.ApicurioRegistryBaseIT$RegistryApiErrorWatcher.logProblemDetails(ApicurioRegistryBaseIT.java:154)
	at io.apicurio.tests.ApicurioRegistryBaseIT$RegistryApiErrorWatcher.logProblemDetails(ApicurioRegistryBaseIT.java:154)
	at io.apicurio.tests.ApicurioRegistryBaseIT$RegistryApiErrorWatcher.logProblemDetails(ApicurioRegistryBaseIT.java:154)
	at io.apicurio.tests.ApicurioRegistryBaseIT$RegistryApiErrorWatcher.logProblemDetails(ApicurioRegistryBaseIT.java:154)
	at io.apicurio.tests.ApicurioRegistryBaseIT$RegistryApiErrorWatcher.logProblemDetails(ApicurioRegistryBaseIT.java:154)
	at io.apicurio.tests.ApicurioRegistryBaseIT$RegistryApiErrorWatcher.logProblemDetails(ApicurioRegistryBaseIT.java:154)
	at io.apicurio.tests.ApicurioRegistryBaseIT$RegistryApiErrorWatcher.logProblemDetails(ApicurioRegistryBaseIT.java:154)
	at io.apicurio.tests.ApicurioRegistryBaseIT$RegistryApiErrorWatcher.logProblemDetails(ApicurioRegistryBaseIT.java:154)
	at io.apicurio.tests.ApicurioRegistryBaseIT$RegistryApiErrorWatcher.logProblemDetails(ApicurioRegistryBaseIT.java:154)
	at io.apicurio.tests.ApicurioRegistryBaseIT$RegistryApiErrorWatcher.logProblemDetails(ApicurioRegistryBaseIT.java:154)
	at io.apicurio.tests.ApicurioRegistryBaseIT$RegistryApiErrorWatcher.logProblemDetails(ApicurioRegistryBaseIT.java:154)
	at io.apicurio.tests.ApicurioRegistryBaseIT$RegistryApiErrorWatcher.logProblemDetails(ApicurioRegistryBaseIT.java:154)
	at io.apicurio.tests.ApicurioRegistryBaseIT$RegistryApiErrorWatcher.logProblemDetails(ApicurioRegistryBaseIT.java:154)
	at io.apicurio.tests.ApicurioRegistryBaseIT$RegistryApiErrorWatcher.logProblemDetails(ApicurioRegistryBaseIT.java:154)
	at io.apicurio.tests.ApicurioRegistryBaseIT$RegistryApiErrorWatcher.logProblemDetails(ApicurioRegistryBaseIT.java:154)
	at io.apicurio.tests.ApicurioRegistryBaseIT$RegistryApiErrorWatcher.logProblemDetails(ApicurioRegistryBaseIT.java:154)
	at io.apicurio.tests.ApicurioRegistryBaseIT$RegistryApiErrorWatcher.logProblemDetails(ApicurioRegistryBaseIT.java:154)
	at io.apicurio.tests.ApicurioRegistryBaseIT$RegistryApiErrorWatcher.logProblemDetails(ApicurioRegistryBaseIT.java:154)
	at io.apicurio.tests.ApicurioRegistryBaseIT$RegistryApiErrorWatcher.logProblemDetails(ApicurioRegistryBaseIT.java:154)
	at io.apicurio.tests.ApicurioRegistryBaseIT$RegistryApiErrorWatcher.logProblemDetails(ApicurioRegistryBaseIT.java:154)
	at io.apicurio.tests.ApicurioRegistryBaseIT$RegistryApiErrorWatcher.logProblemDetails(ApicurioRegistryBaseIT.java:154)
	at io.apicurio.tests.ApicurioRegistryBaseIT$RegistryApiErrorWatcher.logProblemDetails(ApicurioRegistryBaseIT.java:154)
	at io.apicurio.tests.ApicurioRegistryBaseIT$RegistryApiErrorWatcher.logProblemDetails(ApicurioRegistryBaseIT.java:154)
	at io.apicurio.tests.ApicurioRegistryBaseIT$RegistryApiErrorWatcher.logProblemDetails(ApicurioRegistryBaseIT.java:154)
	at io.apicurio.tests.ApicurioRegistryBaseIT$RegistryApiErrorWatcher.logProblemDetails(ApicurioRegistryBaseIT.java:154)
	at io.apicurio.tests.ApicurioRegistryBaseIT$RegistryApiErrorWatcher.logProblemDetails(ApicurioRegistryBaseIT.java:154)
	at io.apicurio.tests.ApicurioRegistryBaseIT$RegistryApiErrorWatcher.logProblemDetails(ApicurioRegistryBaseIT.java:154)
	at io.apicurio.tests.ApicurioRegistryBaseIT$RegistryApiErrorWatcher.logProblemDetails(ApicurioRegistryBaseIT.java:154)
	at io.apicurio.tests.ApicurioRegistryBaseIT$RegistryApiErrorWatcher.logProblemDetails(ApicurioRegistryBaseIT.java:154)
	at io.apicurio.tests.ApicurioRegistryBaseIT$RegistryApiErrorWatcher.logProblemDetails(ApicurioRegistryBaseIT.java:154)
	at io.apicurio.tests.ApicurioRegistryBaseIT$RegistryApiErrorWatcher.logProblemDetails(ApicurioRegistryBaseIT.java:154)
	at io.apicurio.tests.ApicurioRegistryBaseIT$RegistryApiErrorWatcher.logProblemDetails(ApicurioRegistryBaseIT.java:154)
	at io.apicurio.tests.ApicurioRegistryBaseIT$RegistryApiErrorWatcher.logProblemDetails(ApicurioRegistryBaseIT.java:154)
	at io.apicurio.tests.ApicurioRegistryBaseIT$RegistryApiErrorWatcher.logProblemDetails(ApicurioRegistryBaseIT.java:154)
	at io.apicurio.tests.ApicurioRegistryBaseIT$RegistryApiErrorWatcher.logProblemDetails(ApicurioRegistryBaseIT.java:154)
	at io.apicurio.tests.ApicurioRegistryBaseIT$RegistryApiErrorWatcher.logProblemDetails(ApicurioRegistryBaseIT.java:154)
	at io.apicurio.tests.ApicurioRegistryBaseIT$RegistryApiErrorWatcher.logProblemDetails(ApicurioRegistryBaseIT.java:154)
	at io.apicurio.tests.ApicurioRegistryBaseIT$RegistryApiErrorWatcher.logProblemDetails(ApicurioRegistryBaseIT.java:154)
	at io.apicurio.tests.ApicurioRegistryBaseIT$RegistryApiErrorWatcher.logProblemDetails(ApicurioRegistryBaseIT.java:154)
	at io.apicurio.tests.ApicurioRegistryBaseIT$RegistryApiErrorWatcher.logProblemDetails(ApicurioRegistryBaseIT.java:154)
	at io.apicurio.tests.ApicurioRegistryBaseIT$RegistryApiErrorWatcher.logProblemDetails(ApicurioRegistryBaseIT.java:154)
	at io.apicurio.tests.ApicurioRegistryBaseIT$RegistryApiErrorWatcher.logProblemDetails(ApicurioRegistryBaseIT.java:154)
	at io.apicurio.tests.ApicurioRegistryBaseIT$RegistryApiErrorWatcher.logProblemDetails(ApicurioRegistryBaseIT.java:154)
	at io.apicurio.tests.ApicurioRegistryBaseIT$RegistryApiErrorWatcher.logProblemDetails(ApicurioRegistryBaseIT.java:154)
	at io.apicurio.tests.ApicurioRegistryBaseIT$RegistryApiErrorWatcher.logProblemDetails(ApicurioRegistryBaseIT.java:154)
	at io.apicurio.tests.ApicurioRegistryBaseIT$RegistryApiErrorWatcher.logProblemDetails(ApicurioRegistryBaseIT.java:154)
	at io.apicurio.tests.ApicurioRegistryBaseIT$RegistryApiErrorWatcher.logProblemDetails(ApicurioRegistryBaseIT.java:154)
	at io.apicurio.tests.ApicurioRegistryBaseIT$RegistryApiErrorWatcher.logProblemDetails(ApicurioRegistryBaseIT.java:154)
	at io.apicurio.tests.ApicurioRegistryBaseIT$RegistryApiErrorWatcher.logProblemDetails(ApicurioRegistryBaseIT.java:154)
	at io.apicurio.tests.ApicurioRegistryBaseIT$RegistryApiErrorWatcher.logProblemDetails(ApicurioRegistryBaseIT.java:154)
	at io.apicurio.tests.ApicurioRegistryBaseIT$RegistryApiErrorWatcher.logProblemDetails(ApicurioRegistryBaseIT.java:154)
	at io.apicurio.tests.ApicurioRegistryBaseIT$RegistryApiErrorWatcher.logProblemDetails(ApicurioRegistryBaseIT.java:154)
	at io.apicurio.tests.ApicurioRegistryBaseIT$RegistryApiErrorWatcher.logProblemDetails(ApicurioRegistryBaseIT.java:154)
	at io.apicurio.tests.ApicurioRegistryBaseIT$RegistryApiErrorWatcher.logProblemDetails(ApicurioRegistryBaseIT.java:154)
	at io.apicurio.tests.ApicurioRegistryBaseIT$RegistryApiErrorWatcher.logProblemDetails(ApicurioRegistryBaseIT.java:154)
	at io.apicurio.tests.ApicurioRegistryBaseIT$RegistryApiErrorWatcher.logProblemDetails(ApicurioRegistryBaseIT.java:154)
	at io.apicurio.tests.ApicurioRegistryBaseIT$RegistryApiErrorWatcher.logProblemDetails(ApicurioRegistryBaseIT.java:154)
	at io.apicurio.tests.ApicurioRegistryBaseIT$RegistryApiErrorWatcher.logProblemDetails(ApicurioRegistryBaseIT.java:154)
	at io.apicurio.tests.ApicurioRegistryBaseIT$RegistryApiErrorWatcher.logProblemDetails(ApicurioRegistryBaseIT.java:154)
	at io.apicurio.tests.ApicurioRegistryBaseIT$RegistryApiErrorWatcher.logProblemDetails(ApicurioRegistryBaseIT.java:154)
	at io.apicurio.tests.ApicurioRegistryBaseIT$RegistryApiErrorWatcher.logProblemDetails(ApicurioRegistryBaseIT.java:154)
	at io.apicurio.tests.ApicurioRegistryBaseIT$RegistryApiErrorWatcher.logProblemDetails(ApicurioRegistryBaseIT.java:154)
	at io.apicurio.tests.ApicurioRegistryBaseIT$RegistryApiErrorWatcher.logProblemDetails(ApicurioRegistryBaseIT.java:154)
	at io.apicurio.tests.ApicurioRegistryBaseIT$RegistryApiErrorWatcher.logProblemDetails(ApicurioRegistryBaseIT.java:154)
	at io.apicurio.tests.ApicurioRegistryBaseIT$RegistryApiErrorWatcher.logProblemDetails(ApicurioRegistryBaseIT.java:154)
	at io.apicurio.tests.ApicurioRegistryBaseIT$RegistryApiErrorWatcher.logProblemDetails(ApicurioRegistryBaseIT.java:154)
	at io.apicurio.tests.ApicurioRegistryBaseIT$RegistryApiErrorWatcher.logProblemDetails(ApicurioRegistryBaseIT.java:154)
	at io.apicurio.tests.ApicurioRegistryBaseIT$RegistryApiErrorWatcher.logProblemDetails(ApicurioRegistryBaseIT.java:154)
	at io.apicurio.tests.ApicurioRegistryBaseIT$RegistryApiErrorWatcher.logProblemDetails(ApicurioRegistryBaseIT.java:154)
	at io.apicurio.tests.ApicurioRegistryBaseIT$RegistryApiErrorWatcher.logProblemDetails(ApicurioRegistryBaseIT.java:154)
	at io.apicurio.tests.ApicurioRegistryBaseIT$RegistryApiErrorWatcher.logProblemDetails(ApicurioRegistryBaseIT.java:154)
	at io.apicurio.tests.ApicurioRegistryBaseIT$RegistryApiErrorWatcher.logProblemDetails(ApicurioRegistryBaseIT.java:154)
	at io.apicurio.tests.ApicurioRegistryBaseIT$RegistryApiErrorWatcher.logProblemDetails(ApicurioRegistryBaseIT.java:154)
	at io.apicurio.tests.ApicurioRegistryBaseIT$RegistryApiErrorWatcher.logProblemDetails(ApicurioRegistryBaseIT.java:154)
	at io.apicurio.tests.ApicurioRegistryBaseIT$RegistryApiErrorWatcher.logProblemDetails(ApicurioRegistryBaseIT.java:154)
	at io.apicurio.tests.ApicurioRegistryBaseIT$RegistryApiErrorWatcher.logProblemDetails(ApicurioRegistryBaseIT.java:154)
	at io.apicurio.tests.ApicurioRegistryBaseIT$RegistryApiErrorWatcher.logProblemDetails(ApicurioRegistryBaseIT.java:154)
	at io.apicurio.tests.ApicurioRegistryBaseIT$RegistryApiErrorWatcher.logProblemDetails(ApicurioRegistryBaseIT.java:154)
	at io.apicurio.tests.ApicurioRegistryBaseIT$RegistryApiErrorWatcher.logProblemDetails(ApicurioRegistryBaseIT.java:154)
	at io.apicurio.tests.ApicurioRegistryBaseIT$RegistryApiErrorWatcher.logProblemDetails(ApicurioRegistryBaseIT.java:154)
	at io.apicurio.tests.ApicurioRegistryBaseIT$RegistryApiErrorWatcher.logProblemDetails(ApicurioRegistryBaseIT.java:154)
	at io.apicurio.tests.ApicurioRegistryBaseIT$RegistryApiErrorWatcher.logProblemDetails(ApicurioRegistryBaseIT.java:154)
	at io.apicurio.tests.ApicurioRegistryBaseIT$RegistryApiErrorWatcher.logProblemDetails(ApicurioRegistryBaseIT.java:154)
	at io.apicurio.tests.ApicurioRegistryBaseIT$RegistryApiErrorWatcher.logProblemDetails(ApicurioRegistryBaseIT.java:154)
	at io.apicurio.tests.ApicurioRegistryBaseIT$RegistryApiErrorWatcher.logProblemDetails(ApicurioRegistryBaseIT.java:154)
	at io.apicurio.tests.ApicurioRegistryBaseIT$RegistryApiErrorWatcher.logProblemDetails(ApicurioRegistryBaseIT.java:154)
	at io.apicurio.tests.ApicurioRegistryBaseIT$RegistryApiErrorWatcher.logProblemDetails(ApicurioRegistryBaseIT.java:154)
	at io.apicurio.tests.ApicurioRegistryBaseIT$RegistryApiErrorWatcher.logProblemDetails(ApicurioRegistryBaseIT.java:154)
	at io.apicurio.tests.ApicurioRegistryBaseIT$RegistryApiErrorWatcher.logProblemDetails(ApicurioRegistryBaseIT.java:154)
	at io.apicurio.tests.ApicurioRegistryBaseIT$RegistryApiErrorWatcher.logProblemDetails(ApicurioRegistryBaseIT.java:154)
	at io.apicurio.tests.ApicurioRegistryBaseIT$RegistryApiErrorWatcher.logProblemDetails(ApicurioRegistryBaseIT.java:154)
	at io.apicurio.tests.ApicurioRegistryBaseIT$RegistryApiErrorWatcher.logProblemDetails(ApicurioRegistryBaseIT.java:154)
	at io.apicurio.tests.ApicurioRegistryBaseIT$RegistryApiErrorWatcher.logProblemDetails(ApicurioRegistryBaseIT.java:154)
	at io.apicurio.tests.ApicurioRegistryBaseIT$RegistryApiErrorWatcher.logProblemDetails(ApicurioRegistryBaseIT.java:154)
	at io.apicurio.tests.ApicurioRegistryBaseIT$RegistryApiErrorWatcher.logProblemDetails(ApicurioRegistryBaseIT.java:154)
	at io.apicurio.tests.ApicurioRegistryBaseIT$RegistryApiErrorWatcher.logProblemDetails(ApicurioRegistryBaseIT.java:154)
	at io.apicurio.tests.ApicurioRegistryBaseIT$RegistryApiErrorWatcher.logProblemDetails(ApicurioRegistryBaseIT.java:154)
	at io.apicurio.tests.ApicurioRegistryBaseIT$RegistryApiErrorWatcher.logProblemDetails(ApicurioRegistryBaseIT.java:154)
	at io.apicurio.tests.ApicurioRegistryBaseIT$RegistryApiErrorWatcher.logProblemDetails(ApicurioRegistryBaseIT.java:154)
	at io.apicurio.tests.ApicurioRegistryBaseIT$RegistryApiErrorWatcher.logProblemDetails(ApicurioRegistryBaseIT.java:154)
	at io.apicurio.tests.ApicurioRegistryBaseIT$RegistryApiErrorWatcher.logProblemDetails(ApicurioRegistryBaseIT.java:154)
	at io.apicurio.tests.ApicurioRegistryBaseIT$RegistryApiErrorWatcher.logProblemDetails(ApicurioRegistryBaseIT.java:154)
	at io.apicurio.tests.ApicurioRegistryBaseIT$RegistryApiErrorWatcher.logProblemDetails(ApicurioRegistryBaseIT.java:154)
	at io.apicurio.tests.ApicurioRegistryBaseIT$RegistryApiErrorWatcher.logProblemDetails(ApicurioRegistryBaseIT.java:154)
	at io.apicurio.tests.ApicurioRegistryBaseIT$RegistryApiErrorWatcher.logProblemDetails(ApicurioRegistryBaseIT.java:154)
	at io.apicurio.tests.ApicurioRegistryBaseIT$RegistryApiErrorWatcher.logProblemDetails(ApicurioRegistryBaseIT.java:154)
	at io.apicurio.tests.ApicurioRegistryBaseIT$RegistryApiErrorWatcher.logProblemDetails(ApicurioRegistryBaseIT.java:154)
	at io.apicurio.tests.ApicurioRegistryBaseIT$RegistryApiErrorWatcher.logProblemDetails(ApicurioRegistryBaseIT.java:154)
	at io.apicurio.tests.ApicurioRegistryBaseIT$RegistryApiErrorWatcher.logProblemDetails(ApicurioRegistryBaseIT.java:154)
	at io.apicurio.tests.ApicurioRegistryBaseIT$RegistryApiErrorWatcher.logProblemDetails(ApicurioRegistryBaseIT.java:154)
	at io.apicurio.tests.ApicurioRegistryBaseIT$RegistryApiErrorWatcher.logProblemDetails(ApicurioRegistryBaseIT.java:154)
	at io.apicurio.tests.ApicurioRegistryBaseIT$RegistryApiErrorWatcher.logProblemDetails(ApicurioRegistryBaseIT.java:154)
	at io.apicurio.tests.ApicurioRegistryBaseIT$RegistryApiErrorWatcher.logProblemDetails(ApicurioRegistryBaseIT.java:154)
	at io.apicurio.tests.ApicurioRegistryBaseIT$RegistryApiErrorWatcher.logProblemDetails(ApicurioRegistryBaseIT.java:154)
	at io.apicurio.tests.ApicurioRegistryBaseIT$RegistryApiErrorWatcher.logProblemDetails(ApicurioRegistryBaseIT.java:154)
	at io.apicurio.tests.ApicurioRegistryBaseIT$RegistryApiErrorWatcher.logProblemDetails(ApicurioRegistryBaseIT.java:154)
	at io.apicurio.tests.ApicurioRegistryBaseIT$RegistryApiErrorWatcher.logProblemDetails(ApicurioRegistryBaseIT.java:154)
	at io.apicurio.tests.ApicurioRegistryBaseIT$RegistryApiErrorWatcher.logProblemDetails(ApicurioRegistryBaseIT.java:154)
	at io.apicurio.tests.ApicurioRegistryBaseIT$RegistryApiErrorWatcher.logProblemDetails(ApicurioRegistryBaseIT.java:154)
	at io.apicurio.tests.ApicurioRegistryBaseIT$RegistryApiErrorWatcher.logProblemDetails(ApicurioRegistryBaseIT.java:154)
	at io.apicurio.tests.ApicurioRegistryBaseIT$RegistryApiErrorWatcher.logProblemDetails(ApicurioRegistryBaseIT.java:154)
	at io.apicurio.tests.ApicurioRegistryBaseIT$RegistryApiErrorWatcher.logProblemDetails(ApicurioRegistryBaseIT.java:154)
	at io.apicurio.tests.ApicurioRegistryBaseIT$RegistryApiErrorWatcher.logProblemDetails(ApicurioRegistryBaseIT.java:154)
	at io.apicurio.tests.ApicurioRegistryBaseIT$RegistryApiErrorWatcher.logProblemDetails(ApicurioRegistryBaseIT.java:154)
	at io.apicurio.tests.ApicurioRegistryBaseIT$RegistryApiErrorWatcher.logProblemDetails(ApicurioRegistryBaseIT.java:154)
	at io.apicurio.tests.ApicurioRegistryBaseIT$RegistryApiErrorWatcher.logProblemDetails(ApicurioRegistryBaseIT.java:154)
	at io.apicurio.tests.ApicurioRegistryBaseIT$RegistryApiErrorWatcher.logProblemDetails(ApicurioRegistryBaseIT.java:154)
	at io.apicurio.tests.ApicurioRegistryBaseIT$RegistryApiErrorWatcher.logProblemDetails(ApicurioRegistryBaseIT.java:154)
	at io.apicurio.tests.ApicurioRegistryBaseIT$RegistryApiErrorWatcher.logProblemDetails(ApicurioRegistryBaseIT.java:154)
	at io.apicurio.tests.ApicurioRegistryBaseIT$RegistryApiErrorWatcher.logProblemDetails(ApicurioRegistryBaseIT.java:154)
	at io.apicurio.tests.ApicurioRegistryBaseIT$RegistryApiErrorWatcher.logProblemDetails(ApicurioRegistryBaseIT.java:154)
	at io.apicurio.tests.ApicurioRegistryBaseIT$RegistryApiErrorWatcher.logProblemDetails(ApicurioRegistryBaseIT.java:154)
	at io.apicurio.tests.ApicurioRegistryBaseIT$RegistryApiErrorWatcher.logProblemDetails(ApicurioRegistryBaseIT.java:154)
	at io.apicurio.tests.ApicurioRegistryBaseIT$RegistryApiErrorWatcher.logProblemDetails(ApicurioRegistryBaseIT.java:154)
	at io.apicurio.tests.ApicurioRegistryBaseIT$RegistryApiErrorWatcher.logProblemDetails(ApicurioRegistryBaseIT.java:154)
	at io.apicurio.tests.ApicurioRegistryBaseIT$RegistryApiErrorWatcher.logProblemDetails(ApicurioRegistryBaseIT.java:154)
	at io.apicurio.tests.ApicurioRegistryBaseIT$RegistryApiErrorWatcher.logProblemDetails(ApicurioRegistryBaseIT.java:154)
	at io.apicurio.tests.ApicurioRegistryBaseIT$RegistryApiErrorWatcher.logProblemDetails(ApicurioRegistryBaseIT.java:154)
	at io.apicurio.tests.ApicurioRegistryBaseIT$RegistryApiErrorWatcher.logProblemDetails(ApicurioRegistryBaseIT.java:154)
	at io.apicurio.tests.ApicurioRegistryBaseIT$RegistryApiErrorWatcher.logProblemDetails(ApicurioRegistryBaseIT.java:154)
	at io.apicurio.tests.ApicurioRegistryBaseIT$RegistryApiErrorWatcher.logProblemDetails(ApicurioRegistryBaseIT.java:154)
	at io.apicurio.tests.ApicurioRegistryBaseIT$RegistryApiErrorWatcher.logProblemDetails(ApicurioRegistryBaseIT.java:154)
	at io.apicurio.tests.ApicurioRegistryBaseIT$RegistryApiErrorWatcher.logProblemDetails(ApicurioRegistryBaseIT.java:154)
	at io.apicurio.tests.ApicurioRegistryBaseIT$RegistryApiErrorWatcher.logProblemDetails(ApicurioRegistryBaseIT.java:154)
	at io.apicurio.tests.ApicurioRegistryBaseIT$RegistryApiErrorWatcher.logProblemDetails(ApicurioRegistryBaseIT.java:154)
	at io.apicurio.tests.ApicurioRegistryBaseIT$RegistryApiErrorWatcher.logProblemDetails(ApicurioRegistryBaseIT.java:154)
	at io.apicurio.tests.ApicurioRegistryBaseIT$RegistryApiErrorWatcher.logProblemDetails(ApicurioRegistryBaseIT.java:154)
	at io.apicurio.tests.ApicurioRegistryBaseIT$RegistryApiErrorWatcher.logProblemDetails(ApicurioRegistryBaseIT.java:154)
	at io.apicurio.tests.ApicurioRegistryBaseIT$RegistryApiErrorWatcher.logProblemDetails(ApicurioRegistryBaseIT.java:154)
	at io.apicurio.tests.ApicurioRegistryBaseIT$RegistryApiErrorWatcher.logProblemDetails(ApicurioRegistryBaseIT.java:154)
	at io.apicurio.tests.ApicurioRegistryBaseIT$RegistryApiErrorWatcher.logProblemDetails(ApicurioRegistryBaseIT.java:154)
	at io.apicurio.tests.ApicurioRegistryBaseIT$RegistryApiErrorWatcher.logProblemDetails(ApicurioRegistryBaseIT.java:154)
	at io.apicurio.tests.ApicurioRegistryBaseIT$RegistryApiErrorWatcher.logProblemDetails(ApicurioRegistryBaseIT.java:154)
	at io.apicurio.tests.ApicurioRegistryBaseIT$RegistryApiErrorWatcher.logProblemDetails(ApicurioRegistryBaseIT.java:154)
	at io.apicurio.tests.ApicurioRegistryBaseIT$RegistryApiErrorWatcher.logProblemDetails(ApicurioRegistryBaseIT.java:154)
	at io.apicurio.tests.ApicurioRegistryBaseIT$RegistryApiErrorWatcher.logProblemDetails(ApicurioRegistryBaseIT.java:154)
	at io.apicurio.tests.ApicurioRegistryBaseIT$RegistryApiErrorWatcher.logProblemDetails(ApicurioRegistryBaseIT.java:154)
	at io.apicurio.tests.ApicurioRegistryBaseIT$RegistryApiErrorWatcher.logProblemDetails(ApicurioRegistryBaseIT.java:154)
	at io.apicurio.tests.ApicurioRegistryBaseIT$RegistryApiErrorWatcher.logProblemDetails(ApicurioRegistryBaseIT.java:154)
	at io.apicurio.tests.ApicurioRegistryBaseIT$RegistryApiErrorWatcher.logProblemDetails(ApicurioRegistryBaseIT.java:154)
	at io.apicurio.tests.ApicurioRegistryBaseIT$RegistryApiErrorWatcher.logProblemDetails(ApicurioRegistryBaseIT.java:154)
	at io.apicurio.tests.ApicurioRegistryBaseIT$RegistryApiErrorWatcher.logProblemDetails(ApicurioRegistryBaseIT.java:154)
	at io.apicurio.tests.ApicurioRegistryBaseIT$RegistryApiErrorWatcher.logProblemDetails(ApicurioRegistryBaseIT.java:154)
	at io.apicurio.tests.ApicurioRegistryBaseIT$RegistryApiErrorWatcher.logProblemDetails(ApicurioRegistryBaseIT.java:154)
	at io.apicurio.tests.ApicurioRegistryBaseIT$RegistryApiErrorWatcher.logProblemDetails(ApicurioRegistryBaseIT.java:154)
	at io.apicurio.tests.ApicurioRegistryBaseIT$RegistryApiErrorWatcher.logProblemDetails(ApicurioRegistryBaseIT.java:154)
	at io.apicurio.tests.ApicurioRegistryBaseIT$RegistryApiErrorWatcher.logProblemDetails(ApicurioRegistryBaseIT.java:154)
	at io.apicurio.tests.ApicurioRegistryBaseIT$RegistryApiErrorWatcher.logProblemDetails(ApicurioRegistryBaseIT.java:154)
	at io.apicurio.tests.ApicurioRegistryBaseIT$RegistryApiErrorWatcher.logProblemDetails(ApicurioRegistryBaseIT.java:154)
	at io.apicurio.tests.ApicurioRegistryBaseIT$RegistryApiErrorWatcher.logProblemDetails(ApicurioRegistryBaseIT.java:154)
	at io.apicurio.tests.ApicurioRegistryBaseIT$RegistryApiErrorWatcher.logProblemDetails(ApicurioRegistryBaseIT.java:154)
	at io.apicurio.tests.ApicurioRegistryBaseIT$RegistryApiErrorWatcher.logProblemDetails(ApicurioRegistryBaseIT.java:154)
	at io.apicurio.tests.ApicurioRegistryBaseIT$RegistryApiErrorWatcher.logProblemDetails(ApicurioRegistryBaseIT.java:154)
	at io.apicurio.tests.ApicurioRegistryBaseIT$RegistryApiErrorWatcher.logProblemDetails(ApicurioRegistryBaseIT.java:154)
	at io.apicurio.tests.ApicurioRegistryBaseIT$RegistryApiErrorWatcher.logProblemDetails(ApicurioRegistryBaseIT.java:154)
	at io.apicurio.tests.ApicurioRegistryBaseIT$RegistryApiErrorWatcher.logProblemDetails(ApicurioRegistryBaseIT.java:154)
	at io.apicurio.tests.ApicurioRegistryBaseIT$RegistryApiErrorWatcher.logProblemDetails(ApicurioRegistryBaseIT.java:154)
	at io.apicurio.tests.ApicurioRegistryBaseIT$RegistryApiErrorWatcher.logProblemDetails(ApicurioRegistryBaseIT.java:154)
	at io.apicurio.tests.ApicurioRegistryBaseIT$RegistryApiErrorWatcher.logProblemDetails(ApicurioRegistryBaseIT.java:154)
	at io.apicurio.tests.ApicurioRegistryBaseIT$RegistryApiErrorWatcher.logProblemDetails(ApicurioRegistryBaseIT.java:154)
	at io.apicurio.tests.ApicurioRegistryBaseIT$RegistryApiErrorWatcher.logProblemDetails(ApicurioRegistryBaseIT.java:154)
	at io.apicurio.tests.ApicurioRegistryBaseIT$RegistryApiErrorWatcher.logProblemDetails(ApicurioRegistryBaseIT.java:154)
	at io.apicurio.tests.ApicurioRegistryBaseIT$RegistryApiErrorWatcher.logProblemDetails(ApicurioRegistryBaseIT.java:154)
	at io.apicurio.tests.ApicurioRegistryBaseIT$RegistryApiErrorWatcher.logProblemDetails(ApicurioRegistryBaseIT.java:154)
	at io.apicurio.tests.ApicurioRegistryBaseIT$RegistryApiErrorWatcher.logProblemDetails(ApicurioRegistryBaseIT.java:154)
	at io.apicurio.tests.ApicurioRegistryBaseIT$RegistryApiErrorWatcher.logProblemDetails(ApicurioRegistryBaseIT.java:154)
	at io.apicurio.tests.ApicurioRegistryBaseIT$RegistryApiErrorWatcher.logProblemDetails(ApicurioRegistryBaseIT.java:154)
	at io.apicurio.tests.ApicurioRegistryBaseIT$RegistryApiErrorWatcher.logProblemDetails(ApicurioRegistryBaseIT.java:154)
	at io.apicurio.tests.ApicurioRegistryBaseIT$RegistryApiErrorWatcher.logProblemDetails(ApicurioRegistryBaseIT.java:154)
	at io.apicurio.tests.ApicurioRegistryBaseIT$RegistryApiErrorWatcher.logProblemDetails(ApicurioRegistryBaseIT.java:154)
	at io.apicurio.tests.ApicurioRegistryBaseIT$RegistryApiErrorWatcher.logProblemDetails(ApicurioRegistryBaseIT.java:154)
	at io.apicurio.tests.ApicurioRegistryBaseIT$RegistryApiErrorWatcher.logProblemDetails(ApicurioRegistryBaseIT.java:154)
	at io.apicurio.tests.ApicurioRegistryBaseIT$RegistryApiErrorWatcher.logProblemDetails(ApicurioRegistryBaseIT.java:154)
	at io.apicurio.tests.ApicurioRegistryBaseIT$RegistryApiErrorWatcher.logProblemDetails(ApicurioRegistryBaseIT.java:154)
	at io.apicurio.tests.ApicurioRegistryBaseIT$RegistryApiErrorWatcher.logProblemDetails(ApicurioRegistryBaseIT.java:154)
	at io.apicurio.tests.ApicurioRegistryBaseIT$RegistryApiErrorWatcher.logProblemDetails(ApicurioRegistryBaseIT.java:154)
	at io.apicurio.tests.ApicurioRegistryBaseIT$RegistryApiErrorWatcher.logProblemDetails(ApicurioRegistryBaseIT.java:154)
	at io.apicurio.tests.ApicurioRegistryBaseIT$RegistryApiErrorWatcher.logProblemDetails(ApicurioRegistryBaseIT.java:154)
	at io.apicurio.tests.ApicurioRegistryBaseIT$RegistryApiErrorWatcher.logProblemDetails(ApicurioRegistryBaseIT.java:154)
	at io.apicurio.tests.ApicurioRegistryBaseIT$RegistryApiErrorWatcher.logProblemDetails(ApicurioRegistryBaseIT.java:154)
	at io.apicurio.tests.ApicurioRegistryBaseIT$RegistryApiErrorWatcher.logProblemDetails(ApicurioRegistryBaseIT.java:154)
	at io.apicurio.tests.ApicurioRegistryBaseIT$RegistryApiErrorWatcher.logProblemDetails(ApicurioRegistryBaseIT.java:154)
	at io.apicurio.tests.ApicurioRegistryBaseIT$RegistryApiErrorWatcher.logProblemDetails(ApicurioRegistryBaseIT.java:154)
	at io.apicurio.tests.ApicurioRegistryBaseIT$RegistryApiErrorWatcher.logProblemDetails(ApicurioRegistryBaseIT.java:154)
	at io.apicurio.tests.ApicurioRegistryBaseIT$RegistryApiErrorWatcher.logProblemDetails(ApicurioRegistryBaseIT.java:154)
	at io.apicurio.tests.ApicurioRegistryBaseIT$RegistryApiErrorWatcher.logProblemDetails(ApicurioRegistryBaseIT.java:154)
	at io.apicurio.tests.ApicurioRegistryBaseIT$RegistryApiErrorWatcher.logProblemDetails(ApicurioRegistryBaseIT.java:154)
	at io.apicurio.tests.ApicurioRegistryBaseIT$RegistryApiErrorWatcher.logProblemDetails(ApicurioRegistryBaseIT.java:154)
	at io.apicurio.tests.ApicurioRegistryBaseIT$RegistryApiErrorWatcher.logProblemDetails(ApicurioRegistryBaseIT.java:154)
	at io.apicurio.tests.ApicurioRegistryBaseIT$RegistryApiErrorWatcher.logProblemDetails(ApicurioRegistryBaseIT.java:154)
	at io.apicurio.tests.ApicurioRegistryBaseIT$RegistryApiErrorWatcher.logProblemDetails(ApicurioRegistryBaseIT.java:154)
	at io.apicurio.tests.ApicurioRegistryBaseIT$RegistryApiErrorWatcher.logProblemDetails(ApicurioRegistryBaseIT.java:154)
	at io.apicurio.tests.ApicurioRegistryBaseIT$RegistryApiErrorWatcher.logProblemDetails(ApicurioRegistryBaseIT.java:154)
	at io.apicurio.tests.ApicurioRegistryBaseIT$RegistryApiErrorWatcher.logProblemDetails(ApicurioRegistryBaseIT.java:154)
	at io.apicurio.tests.ApicurioRegistryBaseIT$RegistryApiErrorWatcher.logProblemDetails(ApicurioRegistryBaseIT.java:154)
	at io.apicurio.tests.ApicurioRegistryBaseIT$RegistryApiErrorWatcher.logProblemDetails(ApicurioRegistryBaseIT.java:154)
	at io.apicurio.tests.ApicurioRegistryBaseIT$RegistryApiErrorWatcher.logProblemDetails(ApicurioRegistryBaseIT.java:154)
	at io.apicurio.tests.ApicurioRegistryBaseIT$RegistryApiErrorWatcher.logProblemDetails(ApicurioRegistryBaseIT.java:154)
	at io.apicurio.tests.ApicurioRegistryBaseIT$RegistryApiErrorWatcher.logProblemDetails(ApicurioRegistryBaseIT.java:154)
	at io.apicurio.tests.ApicurioRegistryBaseIT$RegistryApiErrorWatcher.logProblemDetails(ApicurioRegistryBaseIT.java:154)
	at io.apicurio.tests.ApicurioRegistryBaseIT$RegistryApiErrorWatcher.logProblemDetails(ApicurioRegistryBaseIT.java:154)
	at io.apicurio.tests.ApicurioRegistryBaseIT$RegistryApiErrorWatcher.logProblemDetails(ApicurioRegistryBaseIT.java:154)
	at io.apicurio.tests.ApicurioRegistryBaseIT$RegistryApiErrorWatcher.logProblemDetails(ApicurioRegistryBaseIT.java:154)
	at io.apicurio.tests.ApicurioRegistryBaseIT$RegistryApiErrorWatcher.logProblemDetails(ApicurioRegistryBaseIT.java:154)
	at io.apicurio.tests.ApicurioRegistryBaseIT$RegistryApiErrorWatcher.logProblemDetails(ApicurioRegistryBaseIT.java:154)
	at io.apicurio.tests.ApicurioRegistryBaseIT$RegistryApiErrorWatcher.logProblemDetails(ApicurioRegistryBaseIT.java:154)
	at io.apicurio.tests.ApicurioRegistryBaseIT$RegistryApiErrorWatcher.logProblemDetails(ApicurioRegistryBaseIT.java:154)
	at io.apicurio.tests.ApicurioRegistryBaseIT$RegistryApiErrorWatcher.logProblemDetails(ApicurioRegistryBaseIT.java:154)
	at io.apicurio.tests.ApicurioRegistryBaseIT$RegistryApiErrorWatcher.logProblemDetails(ApicurioRegistryBaseIT.java:154)
	at io.apicurio.tests.ApicurioRegistryBaseIT$RegistryApiErrorWatcher.logProblemDetails(ApicurioRegistryBaseIT.java:154)
	at io.apicurio.tests.ApicurioRegistryBaseIT$RegistryApiErrorWatcher.logProblemDetails(ApicurioRegistryBaseIT.java:154)
	at io.apicurio.tests.ApicurioRegistryBaseIT$RegistryApiErrorWatcher.logProblemDetails(ApicurioRegistryBaseIT.java:154)
	at io.apicurio.tests.ApicurioRegistryBaseIT$RegistryApiErrorWatcher.logProblemDetails(ApicurioRegistryBaseIT.java:154)
	at io.apicurio.tests.ApicurioRegistryBaseIT$RegistryApiErrorWatcher.logProblemDetails(ApicurioRegistryBaseIT.java:154)
	at io.apicurio.tests.ApicurioRegistryBaseIT$RegistryApiErrorWatcher.logProblemDetails(ApicurioRegistryBaseIT.java:154)
	at io.apicurio.tests.ApicurioRegistryBaseIT$RegistryApiErrorWatcher.logProblemDetails(ApicurioRegistryBaseIT.java:154)
	at io.apicurio.tests.ApicurioRegistryBaseIT$RegistryApiErrorWatcher.logProblemDetails(ApicurioRegistryBaseIT.java:154)
	at io.apicurio.tests.ApicurioRegistryBaseIT$RegistryApiErrorWatcher.logProblemDetails(ApicurioRegistryBaseIT.java:154)
	at io.apicurio.tests.ApicurioRegistryBaseIT$RegistryApiErrorWatcher.logProblemDetails(ApicurioRegistryBaseIT.java:154)
	at io.apicurio.tests.ApicurioRegistryBaseIT$RegistryApiErrorWatcher.logProblemDetails(ApicurioRegistryBaseIT.java:154)
	at io.apicurio.tests.ApicurioRegistryBaseIT$RegistryApiErrorWatcher.logProblemDetails(ApicurioRegistryBaseIT.java:154)
	at io.apicurio.tests.ApicurioRegistryBaseIT$RegistryApiErrorWatcher.logProblemDetails(ApicurioRegistryBaseIT.java:154)
	at io.apicurio.tests.ApicurioRegistryBaseIT$RegistryApiErrorWatcher.logProblemDetails(ApicurioRegistryBaseIT.java:154)
	at io.apicurio.tests.ApicurioRegistryBaseIT$RegistryApiErrorWatcher.logProblemDetails(ApicurioRegistryBaseIT.java:154)
	at io.apicurio.tests.ApicurioRegistryBaseIT$RegistryApiErrorWatcher.logProblemDetails(ApicurioRegistryBaseIT.java:154)
	at io.apicurio.tests.ApicurioRegistryBaseIT$RegistryApiErrorWatcher.logProblemDetails(ApicurioRegistryBaseIT.java:154)
	at io.apicurio.tests.ApicurioRegistryBaseIT$RegistryApiErrorWatcher.logProblemDetails(ApicurioRegistryBaseIT.java:154)
	at io.apicurio.tests.ApicurioRegistryBaseIT$RegistryApiErrorWatcher.logProblemDetails(ApicurioRegistryBaseIT.java:154)
	at io.apicurio.tests.ApicurioRegistryBaseIT$RegistryApiErrorWatcher.logProblemDetails(ApicurioRegistryBaseIT.java:154)
	at io.apicurio.tests.ApicurioRegistryBaseIT$RegistryApiErrorWatcher.logProblemDetails(ApicurioRegistryBaseIT.java:154)
	at io.apicurio.tests.ApicurioRegistryBaseIT$RegistryApiErrorWatcher.logProblemDetails(ApicurioRegistryBaseIT.java:154)
	at io.apicurio.tests.ApicurioRegistryBaseIT$RegistryApiErrorWatcher.logProblemDetails(ApicurioRegistryBaseIT.java:154)
	at io.apicurio.tests.ApicurioRegistryBaseIT$RegistryApiErrorWatcher.logProblemDetails(ApicurioRegistryBaseIT.java:154)
	at io.apicurio.tests.ApicurioRegistryBaseIT$RegistryApiErrorWatcher.logProblemDetails(ApicurioRegistryBaseIT.java:154)
	at io.apicurio.tests.ApicurioRegistryBaseIT$RegistryApiErrorWatcher.logProblemDetails(ApicurioRegistryBaseIT.java:154)
	at io.apicurio.tests.ApicurioRegistryBaseIT$RegistryApiErrorWatcher.logProblemDetails(ApicurioRegistryBaseIT.java:154)
	at io.apicurio.tests.ApicurioRegistryBaseIT$RegistryApiErrorWatcher.logProblemDetails(ApicurioRegistryBaseIT.java:154)
	at io.apicurio.tests.ApicurioRegistryBaseIT$RegistryApiErrorWatcher.logProblemDetails(ApicurioRegistryBaseIT.java:154)
	at io.apicurio.tests.ApicurioRegistryBaseIT$RegistryApiErrorWatcher.logProblemDetails(ApicurioRegistryBaseIT.java:154)
	at io.apicurio.tests.ApicurioRegistryBaseIT$RegistryApiErrorWatcher.logProblemDetails(ApicurioRegistryBaseIT.java:154)
	at io.apicurio.tests.ApicurioRegistryBaseIT$RegistryApiErrorWatcher.logProblemDetails(ApicurioRegistryBaseIT.java:154)
	at io.apicurio.tests.ApicurioRegistryBaseIT$RegistryApiErrorWatcher.logProblemDetails(ApicurioRegistryBaseIT.java:154)
	at io.apicurio.tests.ApicurioRegistryBaseIT$RegistryApiErrorWatcher.logProblemDetails(ApicurioRegistryBaseIT.java:154)
	at io.apicurio.tests.ApicurioRegistryBaseIT$RegistryApiErrorWatcher.logProblemDetails(ApicurioRegistryBaseIT.java:154)
	at io.apicurio.tests.ApicurioRegistryBaseIT$RegistryApiErrorWatcher.logProblemDetails(ApicurioRegistryBaseIT.java:154)
	at io.apicurio.tests.ApicurioRegistryBaseIT$RegistryApiErrorWatcher.logProblemDetails(ApicurioRegistryBaseIT.java:154)
	at io.apicurio.tests.ApicurioRegistryBaseIT$RegistryApiErrorWatcher.logProblemDetails(ApicurioRegistryBaseIT.java:154)
	at io.apicurio.tests.ApicurioRegistryBaseIT$RegistryApiErrorWatcher.logProblemDetails(ApicurioRegistryBaseIT.java:154)
	at io.apicurio.tests.ApicurioRegistryBaseIT$RegistryApiErrorWatcher.logProblemDetails(ApicurioRegistryBaseIT.java:154)
	at io.apicurio.tests.ApicurioRegistryBaseIT$RegistryApiErrorWatcher.logProblemDetails(ApicurioRegistryBaseIT.java:154)
	at io.apicurio.tests.ApicurioRegistryBaseIT$RegistryApiErrorWatcher.logProblemDetails(ApicurioRegistryBaseIT.java:154)
	at io.apicurio.tests.ApicurioRegistryBaseIT$RegistryApiErrorWatcher.logProblemDetails(ApicurioRegistryBaseIT.java:154)
	at io.apicurio.tests.ApicurioRegistryBaseIT$RegistryApiErrorWatcher.logProblemDetails(ApicurioRegistryBaseIT.java:154)
	at io.apicurio.tests.ApicurioRegistryBaseIT$RegistryApiErrorWatcher.logProblemDetails(ApicurioRegistryBaseIT.java:154)
	at io.apicurio.tests.ApicurioRegistryBaseIT$RegistryApiErrorWatcher.logProblemDetails(ApicurioRegistryBaseIT.java:154)
	at io.apicurio.tests.ApicurioRegistryBaseIT$RegistryApiErrorWatcher.logProblemDetails(ApicurioRegistryBaseIT.java:154)
	at io.apicurio.tests.ApicurioRegistryBaseIT$RegistryApiErrorWatcher.logProblemDetails(ApicurioRegistryBaseIT.java:154)
	at io.apicurio.tests.ApicurioRegistryBaseIT$RegistryApiErrorWatcher.logProblemDetails(ApicurioRegistryBaseIT.java:154)
	at io.apicurio.tests.ApicurioRegistryBaseIT$RegistryApiErrorWatcher.logProblemDetails(ApicurioRegistryBaseIT.java:154)
	at io.apicurio.tests.ApicurioRegistryBaseIT$RegistryApiErrorWatcher.logProblemDetails(ApicurioRegistryBaseIT.java:154)
	at io.apicurio.tests.ApicurioRegistryBaseIT$RegistryApiErrorWatcher.logProblemDetails(ApicurioRegistryBaseIT.java:154)
	at io.apicurio.tests.ApicurioRegistryBaseIT$RegistryApiErrorWatcher.logProblemDetails(ApicurioRegistryBaseIT.java:154)
	at io.apicurio.tests.ApicurioRegistryBaseIT$RegistryApiErrorWatcher.logProblemDetails(ApicurioRegistryBaseIT.java:154)
	at io.apicurio.tests.ApicurioRegistryBaseIT$RegistryApiErrorWatcher.logProblemDetails(ApicurioRegistryBaseIT.java:154)
	at io.apicurio.tests.ApicurioRegistryBaseIT$RegistryApiErrorWatcher.logProblemDetails(ApicurioRegistryBaseIT.java:154)
	at io.apicurio.tests.ApicurioRegistryBaseIT$RegistryApiErrorWatcher.logProblemDetails(ApicurioRegistryBaseIT.java:154)
	at io.apicurio.tests.ApicurioRegistryBaseIT$RegistryApiErrorWatcher.logProblemDetails(ApicurioRegistryBaseIT.java:154)
	at io.apicurio.tests.ApicurioRegistryBaseIT$RegistryApiErrorWatcher.logProblemDetails(ApicurioRegistryBaseIT.java:154)
	at io.apicurio.tests.ApicurioRegistryBaseIT$RegistryApiErrorWatcher.logProblemDetails(ApicurioRegistryBaseIT.java:154)
	at io.apicurio.tests.ApicurioRegistryBaseIT$RegistryApiErrorWatcher.logProblemDetails(ApicurioRegistryBaseIT.java:154)
	at io.apicurio.tests.ApicurioRegistryBaseIT$RegistryApiErrorWatcher.logProblemDetails(ApicurioRegistryBaseIT.java:154)
	at io.apicurio.tests.ApicurioRegistryBaseIT$RegistryApiErrorWatcher.logProblemDetails(ApicurioRegistryBaseIT.java:154)
	at io.apicurio.tests.ApicurioRegistryBaseIT$RegistryApiErrorWatcher.logProblemDetails(ApicurioRegistryBaseIT.java:154)
	at io.apicurio.tests.ApicurioRegistryBaseIT$RegistryApiErrorWatcher.logProblemDetails(ApicurioRegistryBaseIT.java:154)
	at io.apicurio.tests.ApicurioRegistryBaseIT$RegistryApiErrorWatcher.logProblemDetails(ApicurioRegistryBaseIT.java:154)
	at io.apicurio.tests.ApicurioRegistryBaseIT$RegistryApiErrorWatcher.logProblemDetails(ApicurioRegistryBaseIT.java:154)
	at io.apicurio.tests.ApicurioRegistryBaseIT$RegistryApiErrorWatcher.logProblemDetails(ApicurioRegistryBaseIT.java:154)
	at io.apicurio.tests.ApicurioRegistryBaseIT$RegistryApiErrorWatcher.logProblemDetails(ApicurioRegistryBaseIT.java:154)
	at io.apicurio.tests.ApicurioRegistryBaseIT$RegistryApiErrorWatcher.logProblemDetails(ApicurioRegistryBaseIT.java:154)
	at io.apicurio.tests.ApicurioRegistryBaseIT$RegistryApiErrorWatcher.logProblemDetails(ApicurioRegistryBaseIT.java:154)
	at io.apicurio.tests.ApicurioRegistryBaseIT$RegistryApiErrorWatcher.logProblemDetails(ApicurioRegistryBaseIT.java:154)
	at io.apicurio.tests.ApicurioRegistryBaseIT$RegistryApiErrorWatcher.logProblemDetails(ApicurioRegistryBaseIT.java:154)
	at io.apicurio.tests.ApicurioRegistryBaseIT$RegistryApiErrorWatcher.logProblemDetails(ApicurioRegistryBaseIT.java:154)
	at io.apicurio.tests.ApicurioRegistryBaseIT$RegistryApiErrorWatcher.logProblemDetails(ApicurioRegistryBaseIT.java:154)
	at io.apicurio.tests.ApicurioRegistryBaseIT$RegistryApiErrorWatcher.logProblemDetails(ApicurioRegistryBaseIT.java:154)
	at io.apicurio.tests.ApicurioRegistryBaseIT$RegistryApiErrorWatcher.logProblemDetails(ApicurioRegistryBaseIT.java:154)
	at io.apicurio.tests.ApicurioRegistryBaseIT$RegistryApiErrorWatcher.logProblemDetails(ApicurioRegistryBaseIT.java:154)
	at io.apicurio.tests.ApicurioRegistryBaseIT$RegistryApiErrorWatcher.logProblemDetails(ApicurioRegistryBaseIT.java:154)
	at io.apicurio.tests.ApicurioRegistryBaseIT$RegistryApiErrorWatcher.logProblemDetails(ApicurioRegistryBaseIT.java:154)
	at io.apicurio.tests.ApicurioRegistryBaseIT$RegistryApiErrorWatcher.logProblemDetails(ApicurioRegistryBaseIT.java:154)
	at io.apicurio.tests.ApicurioRegistryBaseIT$RegistryApiErrorWatcher.logProblemDetails(ApicurioRegistryBaseIT.java:154)
	at io.apicurio.tests.ApicurioRegistryBaseIT$RegistryApiErrorWatcher.logProblemDetails(ApicurioRegistryBaseIT.java:154)
	at io.apicurio.tests.ApicurioRegistryBaseIT$RegistryApiErrorWatcher.logProblemDetails(ApicurioRegistryBaseIT.java:154)
	at io.apicurio.tests.ApicurioRegistryBaseIT$RegistryApiErrorWatcher.logProblemDetails(ApicurioRegistryBaseIT.java:154)
	at io.apicurio.tests.ApicurioRegistryBaseIT$RegistryApiErrorWatcher.logProblemDetails(ApicurioRegistryBaseIT.java:154)
	at io.apicurio.tests.ApicurioRegistryBaseIT$RegistryApiErrorWatcher.logProblemDetails(ApicurioRegistryBaseIT.java:154)
	at io.apicurio.tests.ApicurioRegistryBaseIT$RegistryApiErrorWatcher.logProblemDetails(ApicurioRegistryBaseIT.java:154)
	at io.apicurio.tests.ApicurioRegistryBaseIT$RegistryApiErrorWatcher.logProblemDetails(ApicurioRegistryBaseIT.java:154)
	at io.apicurio.tests.ApicurioRegistryBaseIT$RegistryApiErrorWatcher.logProblemDetails(ApicurioRegistryBaseIT.java:154)
	at io.apicurio.tests.ApicurioRegistryBaseIT$RegistryApiErrorWatcher.logProblemDetails(ApicurioRegistryBaseIT.java:154)
	at io.apicurio.tests.ApicurioRegistryBaseIT$RegistryApiErrorWatcher.logProblemDetails(ApicurioRegistryBaseIT.java:154)
	at io.apicurio.tests.ApicurioRegistryBaseIT$RegistryApiErrorWatcher.logProblemDetails(ApicurioRegistryBaseIT.java:154)
	at io.apicurio.tests.ApicurioRegistryBaseIT$RegistryApiErrorWatcher.logProblemDetails(ApicurioRegistryBaseIT.java:154)
	at io.apicurio.tests.ApicurioRegistryBaseIT$RegistryApiErrorWatcher.logProblemDetails(ApicurioRegistryBaseIT.java:154)
	at io.apicurio.tests.ApicurioRegistryBaseIT$RegistryApiErrorWatcher.logProblemDetails(ApicurioRegistryBaseIT.java:154)
	at io.apicurio.tests.ApicurioRegistryBaseIT$RegistryApiErrorWatcher.logProblemDetails(ApicurioRegistryBaseIT.java:154)
	at io.apicurio.tests.ApicurioRegistryBaseIT$RegistryApiErrorWatcher.logProblemDetails(ApicurioRegistryBaseIT.java:154)
	at io.apicurio.tests.ApicurioRegistryBaseIT$RegistryApiErrorWatcher.logProblemDetails(ApicurioRegistryBaseIT.java:154)
	at io.apicurio.tests.ApicurioRegistryBaseIT$RegistryApiErrorWatcher.logProblemDetails(ApicurioRegistryBaseIT.java:154)
	at io.apicurio.tests.ApicurioRegistryBaseIT$RegistryApiErrorWatcher.logProblemDetails(ApicurioRegistryBaseIT.java:154)
	at io.apicurio.tests.ApicurioRegistryBaseIT$RegistryApiErrorWatcher.logProblemDetails(ApicurioRegistryBaseIT.java:154)
	at io.apicurio.tests.ApicurioRegistryBaseIT$RegistryApiErrorWatcher.logProblemDetails(ApicurioRegistryBaseIT.java:154)
	at io.apicurio.tests.ApicurioRegistryBaseIT$RegistryApiErrorWatcher.logProblemDetails(ApicurioRegistryBaseIT.java:154)
	at io.apicurio.tests.ApicurioRegistryBaseIT$RegistryApiErrorWatcher.logProblemDetails(ApicurioRegistryBaseIT.java:154)
	at io.apicurio.tests.ApicurioRegistryBaseIT$RegistryApiErrorWatcher.logProblemDetails(ApicurioRegistryBaseIT.java:154)
	at io.apicurio.tests.ApicurioRegistryBaseIT$RegistryApiErrorWatcher.logProblemDetails(ApicurioRegistryBaseIT.java:154)
	at io.apicurio.tests.ApicurioRegistryBaseIT$RegistryApiErrorWatcher.logProblemDetails(ApicurioRegistryBaseIT.java:154)
	at io.apicurio.tests.ApicurioRegistryBaseIT$RegistryApiErrorWatcher.logProblemDetails(ApicurioRegistryBaseIT.java:154)
	at io.apicurio.tests.ApicurioRegistryBaseIT$RegistryApiErrorWatcher.logProblemDetails(ApicurioRegistryBaseIT.java:154)
	at io.apicurio.tests.ApicurioRegistryBaseIT$RegistryApiErrorWatcher.logProblemDetails(ApicurioRegistryBaseIT.java:154)
	at io.apicurio.tests.ApicurioRegistryBaseIT$RegistryApiErrorWatcher.logProblemDetails(ApicurioRegistryBaseIT.java:154)
	at io.apicurio.tests.ApicurioRegistryBaseIT$RegistryApiErrorWatcher.logProblemDetails(ApicurioRegistryBaseIT.java:154)
	at io.apicurio.tests.ApicurioRegistryBaseIT$RegistryApiErrorWatcher.logProblemDetails(ApicurioRegistryBaseIT.java:154)
	at io.apicurio.tests.ApicurioRegistryBaseIT$RegistryApiErrorWatcher.logProblemDetails(ApicurioRegistryBaseIT.java:154)
	at io.apicurio.tests.ApicurioRegistryBaseIT$RegistryApiErrorWatcher.logProblemDetails(ApicurioRegistryBaseIT.java:154)
	at io.apicurio.tests.ApicurioRegistryBaseIT$RegistryApiErrorWatcher.logProblemDetails(ApicurioRegistryBaseIT.java:154)
	at io.apicurio.tests.ApicurioRegistryBaseIT$RegistryApiErrorWatcher.logProblemDetails(ApicurioRegistryBaseIT.java:154)
	at io.apicurio.tests.ApicurioRegistryBaseIT$RegistryApiErrorWatcher.logProblemDetails(ApicurioRegistryBaseIT.java:154)
	at io.apicurio.tests.ApicurioRegistryBaseIT$RegistryApiErrorWatcher.logProblemDetails(ApicurioRegistryBaseIT.java:154)
	at io.apicurio.tests.ApicurioRegistryBaseIT$RegistryApiErrorWatcher.logProblemDetails(ApicurioRegistryBaseIT.java:154)
	at io.apicurio.tests.ApicurioRegistryBaseIT$RegistryApiErrorWatcher.logProblemDetails(ApicurioRegistryBaseIT.java:154)
	at io.apicurio.tests.ApicurioRegistryBaseIT$RegistryApiErrorWatcher.logProblemDetails(ApicurioRegistryBaseIT.java:154)
	at io.apicurio.tests.ApicurioRegistryBaseIT$RegistryApiErrorWatcher.logProblemDetails(ApicurioRegistryBaseIT.java:154)
	at io.apicurio.tests.ApicurioRegistryBaseIT$RegistryApiErrorWatcher.logProblemDetails(ApicurioRegistryBaseIT.java:154)
	at io.apicurio.tests.ApicurioRegistryBaseIT$RegistryApiErrorWatcher.logProblemDetails(ApicurioRegistryBaseIT.java:154)
	at io.apicurio.tests.ApicurioRegistryBaseIT$RegistryApiErrorWatcher.logProblemDetails(ApicurioRegistryBaseIT.java:154)
	at io.apicurio.tests.ApicurioRegistryBaseIT$RegistryApiErrorWatcher.logProblemDetails(ApicurioRegistryBaseIT.java:154)
	at io.apicurio.tests.ApicurioRegistryBaseIT$RegistryApiErrorWatcher.logProblemDetails(ApicurioRegistryBaseIT.java:154)
	at io.apicurio.tests.ApicurioRegistryBaseIT$RegistryApiErrorWatcher.logProblemDetails(ApicurioRegistryBaseIT.java:154)
	at io.apicurio.tests.ApicurioRegistryBaseIT$RegistryApiErrorWatcher.logProblemDetails(ApicurioRegistryBaseIT.java:154)
	at io.apicurio.tests.ApicurioRegistryBaseIT$RegistryApiErrorWatcher.logProblemDetails(ApicurioRegistryBaseIT.java:154)
	at io.apicurio.tests.ApicurioRegistryBaseIT$RegistryApiErrorWatcher.logProblemDetails(ApicurioRegistryBaseIT.java:154)
	at io.apicurio.tests.ApicurioRegistryBaseIT$RegistryApiErrorWatcher.logProblemDetails(ApicurioRegistryBaseIT.java:154)
	at io.apicurio.tests.ApicurioRegistryBaseIT$RegistryApiErrorWatcher.logProblemDetails(ApicurioRegistryBaseIT.java:154)
	at io.apicurio.tests.ApicurioRegistryBaseIT$RegistryApiErrorWatcher.logProblemDetails(ApicurioRegistryBaseIT.java:154)
	at io.apicurio.tests.ApicurioRegistryBaseIT$RegistryApiErrorWatcher.logProblemDetails(ApicurioRegistryBaseIT.java:154)
	at io.apicurio.tests.ApicurioRegistryBaseIT$RegistryApiErrorWatcher.logProblemDetails(ApicurioRegistryBaseIT.java:154)
	at io.apicurio.tests.ApicurioRegistryBaseIT$RegistryApiErrorWatcher.logProblemDetails(ApicurioRegistryBaseIT.java:154)
	at io.apicurio.tests.ApicurioRegistryBaseIT$RegistryApiErrorWatcher.logProblemDetails(ApicurioRegistryBaseIT.java:154)
	at io.apicurio.tests.ApicurioRegistryBaseIT$RegistryApiErrorWatcher.logProblemDetails(ApicurioRegistryBaseIT.java:154)
	at io.apicurio.tests.ApicurioRegistryBaseIT$RegistryApiErrorWatcher.logProblemDetails(ApicurioRegistryBaseIT.java:154)
	at io.apicurio.tests.ApicurioRegistryBaseIT$RegistryApiErrorWatcher.logProblemDetails(ApicurioRegistryBaseIT.java:154)
	at io.apicurio.tests.ApicurioRegistryBaseIT$RegistryApiErrorWatcher.logProblemDetails(ApicurioRegistryBaseIT.java:154)
	at io.apicurio.tests.ApicurioRegistryBaseIT$RegistryApiErrorWatcher.logProblemDetails(ApicurioRegistryBaseIT.java:154)
	at io.apicurio.tests.ApicurioRegistryBaseIT$RegistryApiErrorWatcher.logProblemDetails(ApicurioRegistryBaseIT.java:154)
	at io.apicurio.tests.ApicurioRegistryBaseIT$RegistryApiErrorWatcher.logProblemDetails(ApicurioRegistryBaseIT.java:154)
	at io.apicurio.tests.ApicurioRegistryBaseIT$RegistryApiErrorWatcher.logProblemDetails(ApicurioRegistryBaseIT.java:154)
	at io.apicurio.tests.ApicurioRegistryBaseIT$RegistryApiErrorWatcher.logProblemDetails(ApicurioRegistryBaseIT.java:154)
	at io.apicurio.tests.ApicurioRegistryBaseIT$RegistryApiErrorWatcher.logProblemDetails(ApicurioRegistryBaseIT.java:154)
	at io.apicurio.tests.ApicurioRegistryBaseIT$RegistryApiErrorWatcher.logProblemDetails(ApicurioRegistryBaseIT.java:154)
	at io.apicurio.tests.ApicurioRegistryBaseIT$RegistryApiErrorWatcher.logProblemDetails(ApicurioRegistryBaseIT.java:154)
	at io.apicurio.tests.ApicurioRegistryBaseIT$RegistryApiErrorWatcher.logProblemDetails(ApicurioRegistryBaseIT.java:154)
	at io.apicurio.tests.ApicurioRegistryBaseIT$RegistryApiErrorWatcher.logProblemDetails(ApicurioRegistryBaseIT.java:154)
	at io.apicurio.tests.ApicurioRegistryBaseIT$RegistryApiErrorWatcher.logProblemDetails(ApicurioRegistryBaseIT.java:154)
	at io.apicurio.tests.ApicurioRegistryBaseIT$RegistryApiErrorWatcher.logProblemDetails(ApicurioRegistryBaseIT.java:154)
	at io.apicurio.tests.ApicurioRegistryBaseIT$RegistryApiErrorWatcher.logProblemDetails(ApicurioRegistryBaseIT.java:154)
	at io.apicurio.tests.ApicurioRegistryBaseIT$RegistryApiErrorWatcher.logProblemDetails(ApicurioRegistryBaseIT.java:154)
	at io.apicurio.tests.ApicurioRegistryBaseIT$RegistryApiErrorWatcher.logProblemDetails(ApicurioRegistryBaseIT.java:154)
	at io.apicurio.tests.ApicurioRegistryBaseIT$RegistryApiErrorWatcher.logProblemDetails(ApicurioRegistryBaseIT.java:154)
	at io.apicurio.tests.ApicurioRegistryBaseIT$RegistryApiErrorWatcher.logProblemDetails(ApicurioRegistryBaseIT.java:154)
	at io.apicurio.tests.ApicurioRegistryBaseIT$RegistryApiErrorWatcher.logProblemDetails(ApicurioRegistryBaseIT.java:154)
	at io.apicurio.tests.ApicurioRegistryBaseIT$RegistryApiErrorWatcher.logProblemDetails(ApicurioRegistryBaseIT.java:154)
	at io.apicurio.tests.ApicurioRegistryBaseIT$RegistryApiErrorWatcher.logProblemDetails(ApicurioRegistryBaseIT.java:154)
	at io.apicurio.tests.ApicurioRegistryBaseIT$RegistryApiErrorWatcher.logProblemDetails(ApicurioRegistryBaseIT.java:154)
	at io.apicurio.tests.ApicurioRegistryBaseIT$RegistryApiErrorWatcher.logProblemDetails(ApicurioRegistryBaseIT.java:154)
	at io.apicurio.tests.ApicurioRegistryBaseIT$RegistryApiErrorWatcher.logProblemDetails(ApicurioRegistryBaseIT.java:154)
	at io.apicurio.tests.ApicurioRegistryBaseIT$RegistryApiErrorWatcher.logProblemDetails(ApicurioRegistryBaseIT.java:154)
	at io.apicurio.tests.ApicurioRegistryBaseIT$RegistryApiErrorWatcher.logProblemDetails(ApicurioRegistryBaseIT.java:154)
	at io.apicurio.tests.ApicurioRegistryBaseIT$RegistryApiErrorWatcher.logProblemDetails(ApicurioRegistryBaseIT.java:154)
	at io.apicurio.tests.ApicurioRegistryBaseIT$RegistryApiErrorWatcher.logProblemDetails(ApicurioRegistryBaseIT.java:154)
	at io.apicurio.tests.ApicurioRegistryBaseIT$RegistryApiErrorWatcher.logProblemDetails(ApicurioRegistryBaseIT.java:154)
	at io.apicurio.tests.ApicurioRegistryBaseIT$RegistryApiErrorWatcher.logProblemDetails(ApicurioRegistryBaseIT.java:154)
	at io.apicurio.tests.ApicurioRegistryBaseIT$RegistryApiErrorWatcher.logProblemDetails(ApicurioRegistryBaseIT.java:154)
	at io.apicurio.tests.ApicurioRegistryBaseIT$RegistryApiErrorWatcher.logProblemDetails(ApicurioRegistryBaseIT.java:154)
	at io.apicurio.tests.ApicurioRegistryBaseIT$RegistryApiErrorWatcher.logProblemDetails(ApicurioRegistryBaseIT.java:154)
	at io.apicurio.tests.ApicurioRegistryBaseIT$RegistryApiErrorWatcher.logProblemDetails(ApicurioRegistryBaseIT.java:154)
	at io.apicurio.tests.ApicurioRegistryBaseIT$RegistryApiErrorWatcher.logProblemDetails(ApicurioRegistryBaseIT.java:154)
	at io.apicurio.tests.ApicurioRegistryBaseIT$RegistryApiErrorWatcher.logProblemDetails(ApicurioRegistryBaseIT.java:154)
	at io.apicurio.tests.ApicurioRegistryBaseIT$RegistryApiErrorWatcher.logProblemDetails(ApicurioRegistryBaseIT.java:154)
	at io.apicurio.tests.ApicurioRegistryBaseIT$RegistryApiErrorWatcher.logProblemDetails(ApicurioRegistryBaseIT.java:154)
	at io.apicurio.tests.ApicurioRegistryBaseIT$RegistryApiErrorWatcher.logProblemDetails(ApicurioRegistryBaseIT.java:154)
	at io.apicurio.tests.ApicurioRegistryBaseIT$RegistryApiErrorWatcher.logProblemDetails(ApicurioRegistryBaseIT.java:154)
	at io.apicurio.tests.ApicurioRegistryBaseIT$RegistryApiErrorWatcher.logProblemDetails(ApicurioRegistryBaseIT.java:154)
	at io.apicurio.tests.ApicurioRegistryBaseIT$RegistryApiErrorWatcher.logProblemDetails(ApicurioRegistryBaseIT.java:154)
	at io.apicurio.tests.ApicurioRegistryBaseIT$RegistryApiErrorWatcher.logProblemDetails(ApicurioRegistryBaseIT.java:154)
	at io.apicurio.tests.ApicurioRegistryBaseIT$RegistryApiErrorWatcher.logProblemDetails(ApicurioRegistryBaseIT.java:154)
	at io.apicurio.tests.ApicurioRegistryBaseIT$RegistryApiErrorWatcher.logProblemDetails(ApicurioRegistryBaseIT.java:154)
	at io.apicurio.tests.ApicurioRegistryBaseIT$RegistryApiErrorWatcher.logProblemDetails(ApicurioRegistryBaseIT.java:154)
	at io.apicurio.tests.ApicurioRegistryBaseIT$RegistryApiErrorWatcher.logProblemDetails(ApicurioRegistryBaseIT.java:154)
	at io.apicurio.tests.ApicurioRegistryBaseIT$RegistryApiErrorWatcher.logProblemDetails(ApicurioRegistryBaseIT.java:154)
	at io.apicurio.tests.ApicurioRegistryBaseIT$RegistryApiErrorWatcher.logProblemDetails(ApicurioRegistryBaseIT.java:154)
	at io.apicurio.tests.ApicurioRegistryBaseIT$RegistryApiErrorWatcher.logProblemDetails(ApicurioRegistryBaseIT.java:154)
	at io.apicurio.tests.ApicurioRegistryBaseIT$RegistryApiErrorWatcher.logProblemDetails(ApicurioRegistryBaseIT.java:154)
	at io.apicurio.tests.ApicurioRegistryBaseIT$RegistryApiErrorWatcher.logProblemDetails(ApicurioRegistryBaseIT.java:154)
	at io.apicurio.tests.ApicurioRegistryBaseIT$RegistryApiErrorWatcher.logProblemDetails(ApicurioRegistryBaseIT.java:154)
	at io.apicurio.tests.ApicurioRegistryBaseIT$RegistryApiErrorWatcher.logProblemDetails(ApicurioRegistryBaseIT.java:154)
	at io.apicurio.tests.ApicurioRegistryBaseIT$RegistryApiErrorWatcher.logProblemDetails(ApicurioRegistryBaseIT.java:154)
	at io.apicurio.tests.ApicurioRegistryBaseIT$RegistryApiErrorWatcher.logProblemDetails(ApicurioRegistryBaseIT.java:154)
	at io.apicurio.tests.ApicurioRegistryBaseIT$RegistryApiErrorWatcher.logProblemDetails(ApicurioRegistryBaseIT.java:154)
	at io.apicurio.tests.ApicurioRegistryBaseIT$RegistryApiErrorWatcher.logProblemDetails(ApicurioRegistryBaseIT.java:154)
	at io.apicurio.tests.ApicurioRegistryBaseIT$RegistryApiErrorWatcher.logProblemDetails(ApicurioRegistryBaseIT.java:154)
	at io.apicurio.tests.ApicurioRegistryBaseIT$RegistryApiErrorWatcher.logProblemDetails(ApicurioRegistryBaseIT.java:154)
	at io.apicurio.tests.ApicurioRegistryBaseIT$RegistryApiErrorWatcher.logProblemDetails(ApicurioRegistryBaseIT.java:154)
	at io.apicurio.tests.ApicurioRegistryBaseIT$RegistryApiErrorWatcher.logProblemDetails(ApicurioRegistryBaseIT.java:154)
	at io.apicurio.tests.ApicurioRegistryBaseIT$RegistryApiErrorWatcher.logProblemDetails(ApicurioRegistryBaseIT.java:154)
	at io.apicurio.tests.ApicurioRegistryBaseIT$RegistryApiErrorWatcher.logProblemDetails(ApicurioRegistryBaseIT.java:154)
	at io.apicurio.tests.ApicurioRegistryBaseIT$RegistryApiErrorWatcher.logProblemDetails(ApicurioRegistryBaseIT.java:154)
	at io.apicurio.tests.ApicurioRegistryBaseIT$RegistryApiErrorWatcher.logProblemDetails(ApicurioRegistryBaseIT.java:154)
	at io.apicurio.tests.ApicurioRegistryBaseIT$RegistryApiErrorWatcher.logProblemDetails(ApicurioRegistryBaseIT.java:154)
	at io.apicurio.tests.ApicurioRegistryBaseIT$RegistryApiErrorWatcher.logProblemDetails(ApicurioRegistryBaseIT.java:154)
	at io.apicurio.tests.ApicurioRegistryBaseIT$RegistryApiErrorWatcher.logProblemDetails(ApicurioRegistryBaseIT.java:154)
	at io.apicurio.tests.ApicurioRegistryBaseIT$RegistryApiErrorWatcher.logProblemDetails(ApicurioRegistryBaseIT.java:154)
	at io.apicurio.tests.ApicurioRegistryBaseIT$RegistryApiErrorWatcher.logProblemDetails(ApicurioRegistryBaseIT.java:154)
	at io.apicurio.tests.ApicurioRegistryBaseIT$RegistryApiErrorWatcher.logProblemDetails(ApicurioRegistryBaseIT.java:154)
	at io.apicurio.tests.ApicurioRegistryBaseIT$RegistryApiErrorWatcher.logProblemDetails(ApicurioRegistryBaseIT.java:154)
	at io.apicurio.tests.ApicurioRegistryBaseIT$RegistryApiErrorWatcher.logProblemDetails(ApicurioRegistryBaseIT.java:154)
	at io.apicurio.tests.ApicurioRegistryBaseIT$RegistryApiErrorWatcher.logProblemDetails(ApicurioRegistryBaseIT.java:154)
	at io.apicurio.tests.ApicurioRegistryBaseIT$RegistryApiErrorWatcher.logProblemDetails(ApicurioRegistryBaseIT.java:154)
	at io.apicurio.tests.ApicurioRegistryBaseIT$RegistryApiErrorWatcher.logProblemDetails(ApicurioRegistryBaseIT.java:154)
	at io.apicurio.tests.ApicurioRegistryBaseIT$RegistryApiErrorWatcher.logProblemDetails(ApicurioRegistryBaseIT.java:154)
	at io.apicurio.tests.ApicurioRegistryBaseIT$RegistryApiErrorWatcher.logProblemDetails(ApicurioRegistryBaseIT.java:154)
	at io.apicurio.tests.ApicurioRegistryBaseIT$RegistryApiErrorWatcher.logProblemDetails(ApicurioRegistryBaseIT.java:154)
	at io.apicurio.tests.ApicurioRegistryBaseIT$RegistryApiErrorWatcher.logProblemDetails(ApicurioRegistryBaseIT.java:154)
	at io.apicurio.tests.ApicurioRegistryBaseIT$RegistryApiErrorWatcher.logProblemDetails(ApicurioRegistryBaseIT.java:154)
	at io.apicurio.tests.ApicurioRegistryBaseIT$RegistryApiErrorWatcher.logProblemDetails(ApicurioRegistryBaseIT.java:154)
	at io.apicurio.tests.ApicurioRegistryBaseIT$RegistryApiErrorWatcher.logProblemDetails(ApicurioRegistryBaseIT.java:154)
	at io.apicurio.tests.ApicurioRegistryBaseIT$RegistryApiErrorWatcher.logProblemDetails(ApicurioRegistryBaseIT.java:154)
	at io.apicurio.tests.ApicurioRegistryBaseIT$RegistryApiErrorWatcher.logProblemDetails(ApicurioRegistryBaseIT.java:154)
	at io.apicurio.tests.ApicurioRegistryBaseIT$RegistryApiErrorWatcher.logProblemDetails(ApicurioRegistryBaseIT.java:154)
	at io.apicurio.tests.ApicurioRegistryBaseIT$RegistryApiErrorWatcher.logProblemDetails(ApicurioRegistryBaseIT.java:154)
	at io.apicurio.tests.ApicurioRegistryBaseIT$RegistryApiErrorWatcher.logProblemDetails(ApicurioRegistryBaseIT.java:154)
	at io.apicurio.tests.ApicurioRegistryBaseIT$RegistryApiErrorWatcher.logProblemDetails(ApicurioRegistryBaseIT.java:154)
	at io.apicurio.tests.ApicurioRegistryBaseIT$RegistryApiErrorWatcher.logProblemDetails(ApicurioRegistryBaseIT.java:154)
	at io.apicurio.tests.ApicurioRegistryBaseIT$RegistryApiErrorWatcher.logProblemDetails(ApicurioRegistryBaseIT.java:154)
	at io.apicurio.tests.ApicurioRegistryBaseIT$RegistryApiErrorWatcher.logProblemDetails(ApicurioRegistryBaseIT.java:154)
	at io.apicurio.tests.ApicurioRegistryBaseIT$RegistryApiErrorWatcher.logProblemDetails(ApicurioRegistryBaseIT.java:154)
	at io.apicurio.tests.ApicurioRegistryBaseIT$RegistryApiErrorWatcher.logProblemDetails(ApicurioRegistryBaseIT.java:154)
	at io.apicurio.tests.ApicurioRegistryBaseIT$RegistryApiErrorWatcher.logProblemDetails(ApicurioRegistryBaseIT.java:154)
	at io.apicurio.tests.ApicurioRegistryBaseIT$RegistryApiErrorWatcher.logProblemDetails(ApicurioRegistryBaseIT.java:154)
	at io.apicurio.tests.ApicurioRegistryBaseIT$RegistryApiErrorWatcher.logProblemDetails(ApicurioRegistryBaseIT.java:154)
	at io.apicurio.tests.ApicurioRegistryBaseIT$RegistryApiErrorWatcher.logProblemDetails(ApicurioRegistryBaseIT.java:154)
	at io.apicurio.tests.ApicurioRegistryBaseIT$RegistryApiErrorWatcher.logProblemDetails(ApicurioRegistryBaseIT.java:154)
	at io.apicurio.tests.ApicurioRegistryBaseIT$RegistryApiErrorWatcher.logProblemDetails(ApicurioRegistryBaseIT.java:154)
	at io.apicurio.tests.ApicurioRegistryBaseIT$RegistryApiErrorWatcher.logProblemDetails(ApicurioRegistryBaseIT.java:154)
	at io.apicurio.tests.ApicurioRegistryBaseIT$RegistryApiErrorWatcher.logProblemDetails(ApicurioRegistryBaseIT.java:154)
	at io.apicurio.tests.ApicurioRegistryBaseIT$RegistryApiErrorWatcher.logProblemDetails(ApicurioRegistryBaseIT.java:154)
	at io.apicurio.tests.ApicurioRegistryBaseIT$RegistryApiErrorWatcher.logProblemDetails(ApicurioRegistryBaseIT.java:154)
	at io.apicurio.tests.ApicurioRegistryBaseIT$RegistryApiErrorWatcher.logProblemDetails(ApicurioRegistryBaseIT.java:154)
	at io.apicurio.tests.ApicurioRegistryBaseIT$RegistryApiErrorWatcher.logProblemDetails(ApicurioRegistryBaseIT.java:154)
	at io.apicurio.tests.ApicurioRegistryBaseIT$RegistryApiErrorWatcher.logProblemDetails(ApicurioRegistryBaseIT.java:154)
	at io.apicurio.tests.ApicurioRegistryBaseIT$RegistryApiErrorWatcher.logProblemDetails(ApicurioRegistryBaseIT.java:154)
	at io.apicurio.tests.ApicurioRegistryBaseIT$RegistryApiErrorWatcher.logProblemDetails(ApicurioRegistryBaseIT.java:154)
	at io.apicurio.tests.ApicurioRegistryBaseIT$RegistryApiErrorWatcher.logProblemDetails(ApicurioRegistryBaseIT.java:154)
	at io.apicurio.tests.ApicurioRegistryBaseIT$RegistryApiErrorWatcher.logProblemDetails(ApicurioRegistryBaseIT.java:154)
	at io.apicurio.tests.ApicurioRegistryBaseIT$RegistryApiErrorWatcher.logProblemDetails(ApicurioRegistryBaseIT.java:154)
	at io.apicurio.tests.ApicurioRegistryBaseIT$RegistryApiErrorWatcher.logProblemDetails(ApicurioRegistryBaseIT.java:154)
	at io.apicurio.tests.ApicurioRegistryBaseIT$RegistryApiErrorWatcher.logProblemDetails(ApicurioRegistryBaseIT.java:154)
	at io.apicurio.tests.ApicurioRegistryBaseIT$RegistryApiErrorWatcher.logProblemDetails(ApicurioRegistryBaseIT.java:154)
	at io.apicurio.tests.ApicurioRegistryBaseIT$RegistryApiErrorWatcher.logProblemDetails(ApicurioRegistryBaseIT.java:154)
	at io.apicurio.tests.ApicurioRegistryBaseIT$RegistryApiErrorWatcher.logProblemDetails(ApicurioRegistryBaseIT.java:154)
	at io.apicurio.tests.ApicurioRegistryBaseIT$RegistryApiErrorWatcher.logProblemDetails(ApicurioRegistryBaseIT.java:154)
	at io.apicurio.tests.ApicurioRegistryBaseIT$RegistryApiErrorWatcher.logProblemDetails(ApicurioRegistryBaseIT.java:154)
	at io.apicurio.tests.ApicurioRegistryBaseIT$RegistryApiErrorWatcher.logProblemDetails(ApicurioRegistryBaseIT.java:154)
	at io.apicurio.tests.ApicurioRegistryBaseIT$RegistryApiErrorWatcher.logProblemDetails(ApicurioRegistryBaseIT.java:154)
	at io.apicurio.tests.ApicurioRegistryBaseIT$RegistryApiErrorWatcher.logProblemDetails(ApicurioRegistryBaseIT.java:154)
	at io.apicurio.tests.ApicurioRegistryBaseIT$RegistryApiErrorWatcher.logProblemDetails(ApicurioRegistryBaseIT.java:154)
	at io.apicurio.tests.ApicurioRegistryBaseIT$RegistryApiErrorWatcher.logProblemDetails(ApicurioRegistryBaseIT.java:154)
	at io.apicurio.tests.ApicurioRegistryBaseIT$RegistryApiErrorWatcher.logProblemDetails(ApicurioRegistryBaseIT.java:154)
	at io.apicurio.tests.ApicurioRegistryBaseIT$RegistryApiErrorWatcher.logProblemDetails(ApicurioRegistryBaseIT.java:154)
	at io.apicurio.tests.ApicurioRegistryBaseIT$RegistryApiErrorWatcher.logProblemDetails(ApicurioRegistryBaseIT.java:154)
	at io.apicurio.tests.ApicurioRegistryBaseIT$RegistryApiErrorWatcher.logProblemDetails(ApicurioRegistryBaseIT.java:154)
	at io.apicurio.tests.ApicurioRegistryBaseIT$RegistryApiErrorWatcher.logProblemDetails(ApicurioRegistryBaseIT.java:154)
	at io.apicurio.tests.ApicurioRegistryBaseIT$RegistryApiErrorWatcher.logProblemDetails(ApicurioRegistryBaseIT.java:154)
	at io.apicurio.tests.ApicurioRegistryBaseIT$RegistryApiErrorWatcher.logProblemDetails(ApicurioRegistryBaseIT.java:154)
	at io.apicurio.tests.ApicurioRegistryBaseIT$RegistryApiErrorWatcher.logProblemDetails(ApicurioRegistryBaseIT.java:154)
	at io.apicurio.tests.ApicurioRegistryBaseIT$RegistryApiErrorWatcher.logProblemDetails(ApicurioRegistryBaseIT.java:154)
	at io.apicurio.tests.ApicurioRegistryBaseIT$RegistryApiErrorWatcher.logProblemDetails(ApicurioRegistryBaseIT.java:154)
	at io.apicurio.tests.ApicurioRegistryBaseIT$RegistryApiErrorWatcher.logProblemDetails(ApicurioRegistryBaseIT.java:154)
	at io.apicurio.tests.ApicurioRegistryBaseIT$RegistryApiErrorWatcher.logProblemDetails(ApicurioRegistryBaseIT.java:154)
	at io.apicurio.tests.ApicurioRegistryBaseIT$RegistryApiErrorWatcher.logProblemDetails(ApicurioRegistryBaseIT.java:154)
	at io.apicurio.tests.ApicurioRegistryBaseIT$RegistryApiErrorWatcher.logProblemDetails(ApicurioRegistryBaseIT.java:154)
	at io.apicurio.tests.ApicurioRegistryBaseIT$RegistryApiErrorWatcher.logProblemDetails(ApicurioRegistryBaseIT.java:154)
	at io.apicurio.tests.ApicurioRegistryBaseIT$RegistryApiErrorWatcher.logProblemDetails(ApicurioRegistryBaseIT.java:154)
	at io.apicurio.tests.ApicurioRegistryBaseIT$RegistryApiErrorWatcher.logProblemDetails(ApicurioRegistryBaseIT.java:154)
	at io.apicurio.tests.ApicurioRegistryBaseIT$RegistryApiErrorWatcher.logProblemDetails(ApicurioRegistryBaseIT.java:154)
	at io.apicurio.tests.ApicurioRegistryBaseIT$RegistryApiErrorWatcher.logProblemDetails(ApicurioRegistryBaseIT.java:154)
	at io.apicurio.tests.ApicurioRegistryBaseIT$RegistryApiErrorWatcher.logProblemDetails(ApicurioRegistryBaseIT.java:154)
	at io.apicurio.tests.ApicurioRegistryBaseIT$RegistryApiErrorWatcher.logProblemDetails(ApicurioRegistryBaseIT.java:154)
	at io.apicurio.tests.ApicurioRegistryBaseIT$RegistryApiErrorWatcher.logProblemDetails(ApicurioRegistryBaseIT.java:154)
	at io.apicurio.tests.ApicurioRegistryBaseIT$RegistryApiErrorWatcher.logProblemDetails(ApicurioRegistryBaseIT.java:154)
	at io.apicurio.tests.ApicurioRegistryBaseIT$RegistryApiErrorWatcher.logProblemDetails(ApicurioRegistryBaseIT.java:154)
	at io.apicurio.tests.ApicurioRegistryBaseIT$RegistryApiErrorWatcher.logProblemDetails(ApicurioRegistryBaseIT.java:154)
	at io.apicurio.tests.ApicurioRegistryBaseIT$RegistryApiErrorWatcher.logProblemDetails(ApicurioRegistryBaseIT.java:154)
	at io.apicurio.tests.ApicurioRegistryBaseIT$RegistryApiErrorWatcher.logProblemDetails(ApicurioRegistryBaseIT.java:154)
	at io.apicurio.tests.ApicurioRegistryBaseIT$RegistryApiErrorWatcher.logProblemDetails(ApicurioRegistryBaseIT.java:154)
	at io.apicurio.tests.ApicurioRegistryBaseIT$RegistryApiErrorWatcher.logProblemDetails(ApicurioRegistryBaseIT.java:154)
	at io.apicurio.tests.ApicurioRegistryBaseIT$RegistryApiErrorWatcher.logProblemDetails(ApicurioRegistryBaseIT.java:154)
	at io.apicurio.tests.ApicurioRegistryBaseIT$RegistryApiErrorWatcher.logProblemDetails(ApicurioRegistryBaseIT.java:154)
	at io.apicurio.tests.ApicurioRegistryBaseIT$RegistryApiErrorWatcher.logProblemDetails(ApicurioRegistryBaseIT.java:154)
	at io.apicurio.tests.ApicurioRegistryBaseIT$RegistryApiErrorWatcher.logProblemDetails(ApicurioRegistryBaseIT.java:154)
	at io.apicurio.tests.ApicurioRegistryBaseIT$RegistryApiErrorWatcher.logProblemDetails(ApicurioRegistryBaseIT.java:154)
	at io.apicurio.tests.ApicurioRegistryBaseIT$RegistryApiErrorWatcher.logProblemDetails(ApicurioRegistryBaseIT.java:154)
	at io.apicurio.tests.ApicurioRegistryBaseIT$RegistryApiErrorWatcher.logProblemDetails(ApicurioRegistryBaseIT.java:154)
	at io.apicurio.tests.ApicurioRegistryBaseIT$RegistryApiErrorWatcher.logProblemDetails(ApicurioRegistryBaseIT.java:154)
	at io.apicurio.tests.ApicurioRegistryBaseIT$RegistryApiErrorWatcher.logProblemDetails(ApicurioRegistryBaseIT.java:154)
	at io.apicurio.tests.ApicurioRegistryBaseIT$RegistryApiErrorWatcher.logProblemDetails(ApicurioRegistryBaseIT.java:154)
	at io.apicurio.tests.ApicurioRegistryBaseIT$RegistryApiErrorWatcher.logProblemDetails(ApicurioRegistryBaseIT.java:154)
	at io.apicurio.tests.ApicurioRegistryBaseIT$RegistryApiErrorWatcher.logProblemDetails(ApicurioRegistryBaseIT.java:154)
	at io.apicurio.tests.ApicurioRegistryBaseIT$RegistryApiErrorWatcher.logProblemDetails(ApicurioRegistryBaseIT.java:154)
	at io.apicurio.tests.ApicurioRegistryBaseIT$RegistryApiErrorWatcher.logProblemDetails(ApicurioRegistryBaseIT.java:154)
	at io.apicurio.tests.ApicurioRegistryBaseIT$RegistryApiErrorWatcher.logProblemDetails(ApicurioRegistryBaseIT.java:154)
	at io.apicurio.tests.ApicurioRegistryBaseIT$RegistryApiErrorWatcher.logProblemDetails(ApicurioRegistryBaseIT.java:154)
	at io.apicurio.tests.ApicurioRegistryBaseIT$RegistryApiErrorWatcher.logProblemDetails(ApicurioRegistryBaseIT.java:154)
	at io.apicurio.tests.ApicurioRegistryBaseIT$RegistryApiErrorWatcher.logProblemDetails(ApicurioRegistryBaseIT.java:154)
	at io.apicurio.tests.ApicurioRegistryBaseIT$RegistryApiErrorWatcher.logProblemDetails(ApicurioRegistryBaseIT.java:154)
	at io.apicurio.tests.ApicurioRegistryBaseIT$RegistryApiErrorWatcher.logProblemDetails(ApicurioRegistryBaseIT.java:154)
	at io.apicurio.tests.ApicurioRegistryBaseIT$RegistryApiErrorWatcher.logProblemDetails(ApicurioRegistryBaseIT.java:154)
	at io.apicurio.tests.ApicurioRegistryBaseIT$RegistryApiErrorWatcher.logProblemDetails(ApicurioRegistryBaseIT.java:154)
	at io.apicurio.tests.ApicurioRegistryBaseIT$RegistryApiErrorWatcher.logProblemDetails(ApicurioRegistryBaseIT.java:154)
	at io.apicurio.tests.ApicurioRegistryBaseIT$RegistryApiErrorWatcher.logProblemDetails(ApicurioRegistryBaseIT.java:154)
	at io.apicurio.tests.ApicurioRegistryBaseIT$RegistryApiErrorWatcher.logProblemDetails(ApicurioRegistryBaseIT.java:154)
	at io.apicurio.tests.ApicurioRegistryBaseIT$RegistryApiErrorWatcher.logProblemDetails(ApicurioRegistryBaseIT.java:154)
	at io.apicurio.tests.ApicurioRegistryBaseIT$RegistryApiErrorWatcher.logProblemDetails(ApicurioRegistryBaseIT.java:154)
	at io.apicurio.tests.ApicurioRegistryBaseIT$RegistryApiErrorWatcher.logProblemDetails(ApicurioRegistryBaseIT.java:154)
	at io.apicurio.tests.ApicurioRegistryBaseIT$RegistryApiErrorWatcher.logProblemDetails(ApicurioRegistryBaseIT.java:154)
	at io.apicurio.tests.ApicurioRegistryBaseIT$RegistryApiErrorWatcher.logProblemDetails(ApicurioRegistryBaseIT.java:154)
	at io.apicurio.tests.ApicurioRegistryBaseIT$RegistryApiErrorWatcher.logProblemDetails(ApicurioRegistryBaseIT.java:154)
	at io.apicurio.tests.ApicurioRegistryBaseIT$RegistryApiErrorWatcher.logProblemDetails(ApicurioRegistryBaseIT.java:154)
	at io.apicurio.tests.ApicurioRegistryBaseIT$RegistryApiErrorWatcher.logProblemDetails(ApicurioRegistryBaseIT.java:154)
	at io.apicurio.tests.ApicurioRegistryBaseIT$RegistryApiErrorWatcher.logProblemDetails(ApicurioRegistryBaseIT.java:154)
	at io.apicurio.tests.ApicurioRegistryBaseIT$RegistryApiErrorWatcher.logProblemDetails(ApicurioRegistryBaseIT.java:154)
	at io.apicurio.tests.ApicurioRegistryBaseIT$RegistryApiErrorWatcher.logProblemDetails(ApicurioRegistryBaseIT.java:154)
	at io.apicurio.tests.ApicurioRegistryBaseIT$RegistryApiErrorWatcher.logProblemDetails(ApicurioRegistryBaseIT.java:154)
	at io.apicurio.tests.ApicurioRegistryBaseIT$RegistryApiErrorWatcher.logProblemDetails(ApicurioRegistryBaseIT.java:154)
	at io.apicurio.tests.ApicurioRegistryBaseIT$RegistryApiErrorWatcher.logProblemDetails(ApicurioRegistryBaseIT.java:154)
	at io.apicurio.tests.ApicurioRegistryBaseIT$RegistryApiErrorWatcher.logProblemDetails(ApicurioRegistryBaseIT.java:154)
	at io.apicurio.tests.ApicurioRegistryBaseIT$RegistryApiErrorWatcher.logProblemDetails(ApicurioRegistryBaseIT.java:154)
	at io.apicurio.tests.ApicurioRegistryBaseIT$RegistryApiErrorWatcher.logProblemDetails(ApicurioRegistryBaseIT.java:154)
	at io.apicurio.tests.ApicurioRegistryBaseIT$RegistryApiErrorWatcher.logProblemDetails(ApicurioRegistryBaseIT.java:154)
	at io.apicurio.tests.ApicurioRegistryBaseIT$RegistryApiErrorWatcher.logProblemDetails(ApicurioRegistryBaseIT.java:154)
	at io.apicurio.tests.ApicurioRegistryBaseIT$RegistryApiErrorWatcher.logProblemDetails(ApicurioRegistryBaseIT.java:154)
	at io.apicurio.tests.ApicurioRegistryBaseIT$RegistryApiErrorWatcher.logProblemDetails(ApicurioRegistryBaseIT.java:154)
	at io.apicurio.tests.ApicurioRegistryBaseIT$RegistryApiErrorWatcher.logProblemDetails(ApicurioRegistryBaseIT.java:154)
	at io.apicurio.tests.ApicurioRegistryBaseIT$RegistryApiErrorWatcher.logProblemDetails(ApicurioRegistryBaseIT.java:154)
	at io.apicurio.tests.ApicurioRegistryBaseIT$RegistryApiErrorWatcher.logProblemDetails(ApicurioRegistryBaseIT.java:154)
	at io.apicurio.tests.ApicurioRegistryBaseIT$RegistryApiErrorWatcher.logProblemDetails(ApicurioRegistryBaseIT.java:154)
	at io.apicurio.tests.ApicurioRegistryBaseIT$RegistryApiErrorWatcher.logProblemDetails(ApicurioRegistryBaseIT.java:154)
	at io.apicurio.tests.ApicurioRegistryBaseIT$RegistryApiErrorWatcher.logProblemDetails(ApicurioRegistryBaseIT.java:154)
	at io.apicurio.tests.ApicurioRegistryBaseIT$RegistryApiErrorWatcher.logProblemDetails(ApicurioRegistryBaseIT.java:154)
	at io.apicurio.tests.ApicurioRegistryBaseIT$RegistryApiErrorWatcher.logProblemDetails(ApicurioRegistryBaseIT.java:154)
	at io.apicurio.tests.ApicurioRegistryBaseIT$RegistryApiErrorWatcher.logProblemDetails(ApicurioRegistryBaseIT.java:154)
	at io.apicurio.tests.ApicurioRegistryBaseIT$RegistryApiErrorWatcher.logProblemDetails(ApicurioRegistryBaseIT.java:154)
	at io.apicurio.tests.ApicurioRegistryBaseIT$RegistryApiErrorWatcher.logProblemDetails(ApicurioRegistryBaseIT.java:154)
	at io.apicurio.tests.ApicurioRegistryBaseIT$RegistryApiErrorWatcher.logProblemDetails(ApicurioRegistryBaseIT.java:154)
	at io.apicurio.tests.ApicurioRegistryBaseIT$RegistryApiErrorWatcher.logProblemDetails(ApicurioRegistryBaseIT.java:154)
	at io.apicurio.tests.ApicurioRegistryBaseIT$RegistryApiErrorWatcher.logProblemDetails(ApicurioRegistryBaseIT.java:154)
	at io.apicurio.tests.ApicurioRegistryBaseIT$RegistryApiErrorWatcher.logProblemDetails(ApicurioRegistryBaseIT.java:154)
	at io.apicurio.tests.ApicurioRegistryBaseIT$RegistryApiErrorWatcher.logProblemDetails(ApicurioRegistryBaseIT.java:154)
	at io.apicurio.tests.ApicurioRegistryBaseIT$RegistryApiErrorWatcher.logProblemDetails(ApicurioRegistryBaseIT.java:154)
	at io.apicurio.tests.ApicurioRegistryBaseIT$RegistryApiErrorWatcher.logProblemDetails(ApicurioRegistryBaseIT.java:154)
	at io.apicurio.tests.ApicurioRegistryBaseIT$RegistryApiErrorWatcher.logProblemDetails(ApicurioRegistryBaseIT.java:154)
	at io.apicurio.tests.ApicurioRegistryBaseIT$RegistryApiErrorWatcher.logProblemDetails(ApicurioRegistryBaseIT.java:154)
	at io.apicurio.tests.ApicurioRegistryBaseIT$RegistryApiErrorWatcher.logProblemDetails(ApicurioRegistryBaseIT.java:154)
	at io.apicurio.tests.ApicurioRegistryBaseIT$RegistryApiErrorWatcher.logProblemDetails(ApicurioRegistryBaseIT.java:154)
	at io.apicurio.tests.ApicurioRegistryBaseIT$RegistryApiErrorWatcher.logProblemDetails(ApicurioRegistryBaseIT.java:154)
	at io.apicurio.tests.ApicurioRegistryBaseIT$RegistryApiErrorWatcher.logProblemDetails(ApicurioRegistryBaseIT.java:154)
	at io.apicurio.tests.ApicurioRegistryBaseIT$RegistryApiErrorWatcher.logProblemDetails(ApicurioRegistryBaseIT.java:154)
	at io.apicurio.tests.ApicurioRegistryBaseIT$RegistryApiErrorWatcher.logProblemDetails(ApicurioRegistryBaseIT.java:154)
	at io.apicurio.tests.ApicurioRegistryBaseIT$RegistryApiErrorWatcher.logProblemDetails(ApicurioRegistryBaseIT.java:154)
	at io.apicurio.tests.ApicurioRegistryBaseIT$RegistryApiErrorWatcher.logProblemDetails(ApicurioRegistryBaseIT.java:154)
	at io.apicurio.tests.ApicurioRegistryBaseIT$RegistryApiErrorWatcher.logProblemDetails(ApicurioRegistryBaseIT.java:154)
	at io.apicurio.tests.ApicurioRegistryBaseIT$RegistryApiErrorWatcher.logProblemDetails(ApicurioRegistryBaseIT.java:154)
	at io.apicurio.tests.ApicurioRegistryBaseIT$RegistryApiErrorWatcher.logProblemDetails(ApicurioRegistryBaseIT.java:154)
	at io.apicurio.tests.ApicurioRegistryBaseIT$RegistryApiErrorWatcher.logProblemDetails(ApicurioRegistryBaseIT.java:154)
	at io.apicurio.tests.ApicurioRegistryBaseIT$RegistryApiErrorWatcher.logProblemDetails(ApicurioRegistryBaseIT.java:154)
	at io.apicurio.tests.ApicurioRegistryBaseIT$RegistryApiErrorWatcher.logProblemDetails(ApicurioRegistryBaseIT.java:154)
	at io.apicurio.tests.ApicurioRegistryBaseIT$RegistryApiErrorWatcher.logProblemDetails(ApicurioRegistryBaseIT.java:154)
	at io.apicurio.tests.ApicurioRegistryBaseIT$RegistryApiErrorWatcher.logProblemDetails(ApicurioRegistryBaseIT.java:154)
	at io.apicurio.tests.ApicurioRegistryBaseIT$RegistryApiErrorWatcher.logProblemDetails(ApicurioRegistryBaseIT.java:154)
	at io.apicurio.tests.ApicurioRegistryBaseIT$RegistryApiErrorWatcher.logProblemDetails(ApicurioRegistryBaseIT.java:154)
	at io.apicurio.tests.ApicurioRegistryBaseIT$RegistryApiErrorWatcher.logProblemDetails(ApicurioRegistryBaseIT.java:154)
	at io.apicurio.tests.ApicurioRegistryBaseIT$RegistryApiErrorWatcher.logProblemDetails(ApicurioRegistryBaseIT.java:154)
	at io.apicurio.tests.ApicurioRegistryBaseIT$RegistryApiErrorWatcher.logProblemDetails(ApicurioRegistryBaseIT.java:154)
	at io.apicurio.tests.ApicurioRegistryBaseIT$RegistryApiErrorWatcher.logProblemDetails(ApicurioRegistryBaseIT.java:154)
	at io.apicurio.tests.ApicurioRegistryBaseIT$RegistryApiErrorWatcher.logProblemDetails(ApicurioRegistryBaseIT.java:154)
	at io.apicurio.tests.ApicurioRegistryBaseIT$RegistryApiErrorWatcher.logProblemDetails(ApicurioRegistryBaseIT.java:154)
	at io.apicurio.tests.ApicurioRegistryBaseIT$RegistryApiErrorWatcher.logProblemDetails(ApicurioRegistryBaseIT.java:154)
	at io.apicurio.tests.ApicurioRegistryBaseIT$RegistryApiErrorWatcher.logProblemDetails(ApicurioRegistryBaseIT.java:154)
	at io.apicurio.tests.ApicurioRegistryBaseIT$RegistryApiErrorWatcher.logProblemDetails(ApicurioRegistryBaseIT.java:154)
	at io.apicurio.tests.ApicurioRegistryBaseIT$RegistryApiErrorWatcher.logProblemDetails(ApicurioRegistryBaseIT.java:154)
	at io.apicurio.tests.ApicurioRegistryBaseIT$RegistryApiErrorWatcher.logProblemDetails(ApicurioRegistryBaseIT.java:154)
	at io.apicurio.tests.ApicurioRegistryBaseIT$RegistryApiErrorWatcher.logProblemDetails(ApicurioRegistryBaseIT.java:154)
	at io.apicurio.tests.ApicurioRegistryBaseIT$RegistryApiErrorWatcher.logProblemDetails(ApicurioRegistryBaseIT.java:154)
	at io.apicurio.tests.ApicurioRegistryBaseIT$RegistryApiErrorWatcher.logProblemDetails(ApicurioRegistryBaseIT.java:154)
	at io.apicurio.tests.ApicurioRegistryBaseIT$RegistryApiErrorWatcher.logProblemDetails(ApicurioRegistryBaseIT.java:154)
	at io.apicurio.tests.ApicurioRegistryBaseIT$RegistryApiErrorWatcher.logProblemDetails(ApicurioRegistryBaseIT.java:154)
	at io.apicurio.tests.ApicurioRegistryBaseIT$RegistryApiErrorWatcher.logProblemDetails(ApicurioRegistryBaseIT.java:154)
	at io.apicurio.tests.ApicurioRegistryBaseIT$RegistryApiErrorWatcher.logProblemDetails(ApicurioRegistryBaseIT.java:154)
	at io.apicurio.tests.ApicurioRegistryBaseIT$RegistryApiErrorWatcher.logProblemDetails(ApicurioRegistryBaseIT.java:154)
	at io.apicurio.tests.ApicurioRegistryBaseIT$RegistryApiErrorWatcher.logProblemDetails(ApicurioRegistryBaseIT.java:154)
	at io.apicurio.tests.ApicurioRegistryBaseIT$RegistryApiErrorWatcher.logProblemDetails(ApicurioRegistryBaseIT.java:154)
	at io.apicurio.tests.ApicurioRegistryBaseIT$RegistryApiErrorWatcher.logProblemDetails(ApicurioRegistryBaseIT.java:154)
	at io.apicurio.tests.ApicurioRegistryBaseIT$RegistryApiErrorWatcher.logProblemDetails(ApicurioRegistryBaseIT.java:154)
	at io.apicurio.tests.ApicurioRegistryBaseIT$RegistryApiErrorWatcher.logProblemDetails(ApicurioRegistryBaseIT.java:154)
	at io.apicurio.tests.ApicurioRegistryBaseIT$RegistryApiErrorWatcher.logProblemDetails(ApicurioRegistryBaseIT.java:154)
	at io.apicurio.tests.ApicurioRegistryBaseIT$RegistryApiErrorWatcher.logProblemDetails(ApicurioRegistryBaseIT.java:154)
	at io.apicurio.tests.ApicurioRegistryBaseIT$RegistryApiErrorWatcher.logProblemDetails(ApicurioRegistryBaseIT.java:154)
	at io.apicurio.tests.ApicurioRegistryBaseIT$RegistryApiErrorWatcher.logProblemDetails(ApicurioRegistryBaseIT.java:154)
	at io.apicurio.tests.ApicurioRegistryBaseIT$RegistryApiErrorWatcher.logProblemDetails(ApicurioRegistryBaseIT.java:154)
	at io.apicurio.tests.ApicurioRegistryBaseIT$RegistryApiErrorWatcher.logProblemDetails(ApicurioRegistryBaseIT.java:154)
	at io.apicurio.tests.ApicurioRegistryBaseIT$RegistryApiErrorWatcher.logProblemDetails(ApicurioRegistryBaseIT.java:154)
	at io.apicurio.tests.ApicurioRegistryBaseIT$RegistryApiErrorWatcher.logProblemDetails(ApicurioRegistryBaseIT.java:154)
	at io.apicurio.tests.ApicurioRegistryBaseIT$RegistryApiErrorWatcher.logProblemDetails(ApicurioRegistryBaseIT.java:154)
	at io.apicurio.tests.ApicurioRegistryBaseIT$RegistryApiErrorWatcher.logProblemDetails(ApicurioRegistryBaseIT.java:154)
	at io.apicurio.tests.ApicurioRegistryBaseIT$RegistryApiErrorWatcher.logProblemDetails(ApicurioRegistryBaseIT.java:154)
	at io.apicurio.tests.ApicurioRegistryBaseIT$RegistryApiErrorWatcher.logProblemDetails(ApicurioRegistryBaseIT.java:154)
	at io.apicurio.tests.ApicurioRegistryBaseIT$RegistryApiErrorWatcher.logProblemDetails(ApicurioRegistryBaseIT.java:154)
	at io.apicurio.tests.ApicurioRegistryBaseIT$RegistryApiErrorWatcher.logProblemDetails(ApicurioRegistryBaseIT.java:154)
	at io.apicurio.tests.ApicurioRegistryBaseIT$RegistryApiErrorWatcher.logProblemDetails(ApicurioRegistryBaseIT.java:154)
	at io.apicurio.tests.ApicurioRegistryBaseIT$RegistryApiErrorWatcher.logProblemDetails(ApicurioRegistryBaseIT.java:154)
	at io.apicurio.tests.ApicurioRegistryBaseIT$RegistryApiErrorWatcher.logProblemDetails(ApicurioRegistryBaseIT.java:154)
	at io.apicurio.tests.ApicurioRegistryBaseIT$RegistryApiErrorWatcher.logProblemDetails(ApicurioRegistryBaseIT.java:154)
	at io.apicurio.tests.ApicurioRegistryBaseIT$RegistryApiErrorWatcher.logProblemDetails(ApicurioRegistryBaseIT.java:154)
	at io.apicurio.tests.ApicurioRegistryBaseIT$RegistryApiErrorWatcher.logProblemDetails(ApicurioRegistryBaseIT.java:154)
	at io.apicurio.tests.ApicurioRegistryBaseIT$RegistryApiErrorWatcher.logProblemDetails(ApicurioRegistryBaseIT.java:154)
	at io.apicurio.tests.ApicurioRegistryBaseIT$RegistryApiErrorWatcher.logProblemDetails(ApicurioRegistryBaseIT.java:154)
	at io.apicurio.tests.ApicurioRegistryBaseIT$RegistryApiErrorWatcher.logProblemDetails(ApicurioRegistryBaseIT.java:154)
	at io.apicurio.tests.ApicurioRegistryBaseIT$RegistryApiErrorWatcher.logProblemDetails(ApicurioRegistryBaseIT.java:154)
	at io.apicurio.tests.ApicurioRegistryBaseIT$RegistryApiErrorWatcher.logProblemDetails(ApicurioRegistryBaseIT.java:154)
	at io.apicurio.tests.ApicurioRegistryBaseIT$RegistryApiErrorWatcher.logProblemDetails(ApicurioRegistryBaseIT.java:154)
	at io.apicurio.tests.ApicurioRegistryBaseIT$RegistryApiErrorWatcher.logProblemDetails(ApicurioRegistryBaseIT.java:154)
	at io.apicurio.tests.ApicurioRegistryBaseIT$RegistryApiErrorWatcher.logProblemDetails(ApicurioRegistryBaseIT.java:154)
	at io.apicurio.tests.ApicurioRegistryBaseIT$RegistryApiErrorWatcher.logProblemDetails(ApicurioRegistryBaseIT.java:154)
	at io.apicurio.tests.ApicurioRegistryBaseIT$RegistryApiErrorWatcher.logProblemDetails(ApicurioRegistryBaseIT.java:154)
	at io.apicurio.tests.ApicurioRegistryBaseIT$RegistryApiErrorWatcher.logProblemDetails(ApicurioRegistryBaseIT.java:154)
	at io.apicurio.tests.ApicurioRegistryBaseIT$RegistryApiErrorWatcher.logProblemDetails(ApicurioRegistryBaseIT.java:154)
	at io.apicurio.tests.ApicurioRegistryBaseIT$RegistryApiErrorWatcher.logProblemDetails(ApicurioRegistryBaseIT.java:154)
	at io.apicurio.tests.ApicurioRegistryBaseIT$RegistryApiErrorWatcher.logProblemDetails(ApicurioRegistryBaseIT.java:154)
	at io.apicurio.tests.ApicurioRegistryBaseIT$RegistryApiErrorWatcher.logProblemDetails(ApicurioRegistryBaseIT.java:154)
	at io.apicurio.tests.ApicurioRegistryBaseIT$RegistryApiErrorWatcher.logProblemDetails(ApicurioRegistryBaseIT.java:154)
	at io.apicurio.tests.ApicurioRegistryBaseIT$RegistryApiErrorWatcher.logProblemDetails(ApicurioRegistryBaseIT.java:154)
	at io.apicurio.tests.ApicurioRegistryBaseIT$RegistryApiErrorWatcher.logProblemDetails(ApicurioRegistryBaseIT.java:154)
	at io.apicurio.tests.ApicurioRegistryBaseIT$RegistryApiErrorWatcher.logProblemDetails(ApicurioRegistryBaseIT.java:154)
	at io.apicurio.tests.ApicurioRegistryBaseIT$RegistryApiErrorWatcher.logProblemDetails(ApicurioRegistryBaseIT.java:154)
	at io.apicurio.tests.ApicurioRegistryBaseIT$RegistryApiErrorWatcher.logProblemDetails(ApicurioRegistryBaseIT.java:154)
	at io.apicurio.tests.ApicurioRegistryBaseIT$RegistryApiErrorWatcher.logProblemDetails(ApicurioRegistryBaseIT.java:154)
	at io.apicurio.tests.ApicurioRegistryBaseIT$RegistryApiErrorWatcher.logProblemDetails(ApicurioRegistryBaseIT.java:154)
	at io.apicurio.tests.ApicurioRegistryBaseIT$RegistryApiErrorWatcher.logProblemDetails(ApicurioRegistryBaseIT.java:154)
	at io.apicurio.tests.ApicurioRegistryBaseIT$RegistryApiErrorWatcher.logProblemDetails(ApicurioRegistryBaseIT.java:154)
	at io.apicurio.tests.ApicurioRegistryBaseIT$RegistryApiErrorWatcher.logProblemDetails(ApicurioRegistryBaseIT.java:154)
	at io.apicurio.tests.ApicurioRegistryBaseIT$RegistryApiErrorWatcher.logProblemDetails(ApicurioRegistryBaseIT.java:154)
	at io.apicurio.tests.ApicurioRegistryBaseIT$RegistryApiErrorWatcher.logProblemDetails(ApicurioRegistryBaseIT.java:154)
	at io.apicurio.tests.ApicurioRegistryBaseIT$RegistryApiErrorWatcher.logProblemDetails(ApicurioRegistryBaseIT.java:154)
	at io.apicurio.tests.ApicurioRegistryBaseIT$RegistryApiErrorWatcher.logProblemDetails(ApicurioRegistryBaseIT.java:154)
	at io.apicurio.tests.ApicurioRegistryBaseIT$RegistryApiErrorWatcher.logProblemDetails(ApicurioRegistryBaseIT.java:154)
	at io.apicurio.tests.ApicurioRegistryBaseIT$RegistryApiErrorWatcher.logProblemDetails(ApicurioRegistryBaseIT.java:154)
	at io.apicurio.tests.ApicurioRegistryBaseIT$RegistryApiErrorWatcher.logProblemDetails(ApicurioRegistryBaseIT.java:154)
	at io.apicurio.tests.ApicurioRegistryBaseIT$RegistryApiErrorWatcher.logProblemDetails(ApicurioRegistryBaseIT.java:154)
	at io.apicurio.tests.ApicurioRegistryBaseIT$RegistryApiErrorWatcher.logProblemDetails(ApicurioRegistryBaseIT.java:154)
	at io.apicurio.tests.ApicurioRegistryBaseIT$RegistryApiErrorWatcher.logProblemDetails(ApicurioRegistryBaseIT.java:154)
	at io.apicurio.tests.ApicurioRegistryBaseIT$RegistryApiErrorWatcher.logProblemDetails(ApicurioRegistryBaseIT.java:154)
	at io.apicurio.tests.ApicurioRegistryBaseIT$RegistryApiErrorWatcher.logProblemDetails(ApicurioRegistryBaseIT.java:154)
	at io.apicurio.tests.ApicurioRegistryBaseIT$RegistryApiErrorWatcher.logProblemDetails(ApicurioRegistryBaseIT.java:154)
	at io.apicurio.tests.ApicurioRegistryBaseIT$RegistryApiErrorWatcher.logProblemDetails(ApicurioRegistryBaseIT.java:154)
	at io.apicurio.tests.ApicurioRegistryBaseIT$RegistryApiErrorWatcher.logProblemDetails(ApicurioRegistryBaseIT.java:154)
	at io.apicurio.tests.ApicurioRegistryBaseIT$RegistryApiErrorWatcher.logProblemDetails(ApicurioRegistryBaseIT.java:154)
	at io.apicurio.tests.ApicurioRegistryBaseIT$RegistryApiErrorWatcher.logProblemDetails(ApicurioRegistryBaseIT.java:154)
	at io.apicurio.tests.ApicurioRegistryBaseIT$RegistryApiErrorWatcher.logProblemDetails(ApicurioRegistryBaseIT.java:154)
	at io.apicurio.tests.ApicurioRegistryBaseIT$RegistryApiErrorWatcher.logProblemDetails(ApicurioRegistryBaseIT.java:154)
	at io.apicurio.tests.ApicurioRegistryBaseIT$RegistryApiErrorWatcher.logProblemDetails(ApicurioRegistryBaseIT.java:154)
	at io.apicurio.tests.ApicurioRegistryBaseIT$RegistryApiErrorWatcher.logProblemDetails(ApicurioRegistryBaseIT.java:154)
	at io.apicurio.tests.ApicurioRegistryBaseIT$RegistryApiErrorWatcher.logProblemDetails(ApicurioRegistryBaseIT.java:154)
	at io.apicurio.tests.ApicurioRegistryBaseIT$RegistryApiErrorWatcher.logProblemDetails(ApicurioRegistryBaseIT.java:154)
	at io.apicurio.tests.ApicurioRegistryBaseIT$RegistryApiErrorWatcher.logProblemDetails(ApicurioRegistryBaseIT.java:154)
	at io.apicurio.tests.ApicurioRegistryBaseIT$RegistryApiErrorWatcher.logProblemDetails(ApicurioRegistryBaseIT.java:154)
	at io.apicurio.tests.ApicurioRegistryBaseIT$RegistryApiErrorWatcher.logProblemDetails(ApicurioRegistryBaseIT.java:154)
	at io.apicurio.tests.ApicurioRegistryBaseIT$RegistryApiErrorWatcher.logProblemDetails(ApicurioRegistryBaseIT.java:154)
	at io.apicurio.tests.ApicurioRegistryBaseIT$RegistryApiErrorWatcher.logProblemDetails(ApicurioRegistryBaseIT.java:154)
	at io.apicurio.tests.ApicurioRegistryBaseIT$RegistryApiErrorWatcher.logProblemDetails(ApicurioRegistryBaseIT.java:154)
	at io.apicurio.tests.ApicurioRegistryBaseIT$RegistryApiErrorWatcher.logProblemDetails(ApicurioRegistryBaseIT.java:154)
	at io.apicurio.tests.ApicurioRegistryBaseIT$RegistryApiErrorWatcher.logProblemDetails(ApicurioRegistryBaseIT.java:154)
	at io.apicurio.tests.ApicurioRegistryBaseIT$RegistryApiErrorWatcher.logProblemDetails(ApicurioRegistryBaseIT.java:154)
	at io.apicurio.tests.ApicurioRegistryBaseIT$RegistryApiErrorWatcher.logProblemDetails(ApicurioRegistryBaseIT.java:154)
	at io.apicurio.tests.ApicurioRegistryBaseIT$RegistryApiErrorWatcher.logProblemDetails(ApicurioRegistryBaseIT.java:154)
	at io.apicurio.tests.ApicurioRegistryBaseIT$RegistryApiErrorWatcher.logProblemDetails(ApicurioRegistryBaseIT.java:154)
	at io.apicurio.tests.ApicurioRegistryBaseIT$RegistryApiErrorWatcher.logProblemDetails(ApicurioRegistryBaseIT.java:154)
	at io.apicurio.tests.ApicurioRegistryBaseIT$RegistryApiErrorWatcher.logProblemDetails(ApicurioRegistryBaseIT.java:154)
	at io.apicurio.tests.ApicurioRegistryBaseIT$RegistryApiErrorWatcher.logProblemDetails(ApicurioRegistryBaseIT.java:154)
	at io.apicurio.tests.ApicurioRegistryBaseIT$RegistryApiErrorWatcher.logProblemDetails(ApicurioRegistryBaseIT.java:154)
	at io.apicurio.tests.ApicurioRegistryBaseIT$RegistryApiErrorWatcher.logProblemDetails(ApicurioRegistryBaseIT.java:154)
	at io.apicurio.tests.ApicurioRegistryBaseIT$RegistryApiErrorWatcher.logProblemDetails(ApicurioRegistryBaseIT.java:154)
	at io.apicurio.tests.ApicurioRegistryBaseIT$RegistryApiErrorWatcher.logProblemDetails(ApicurioRegistryBaseIT.java:154)
	at io.apicurio.tests.ApicurioRegistryBaseIT$RegistryApiErrorWatcher.logProblemDetails(ApicurioRegistryBaseIT.java:154)
	at io.apicurio.tests.ApicurioRegistryBaseIT$RegistryApiErrorWatcher.logProblemDetails(ApicurioRegistryBaseIT.java:154)
	at io.apicurio.tests.ApicurioRegistryBaseIT$RegistryApiErrorWatcher.logProblemDetails(ApicurioRegistryBaseIT.java:154)
	at io.apicurio.tests.ApicurioRegistryBaseIT$RegistryApiErrorWatcher.logProblemDetails(ApicurioRegistryBaseIT.java:154)
	at io.apicurio.tests.ApicurioRegistryBaseIT$RegistryApiErrorWatcher.logProblemDetails(ApicurioRegistryBaseIT.java:154)
	at io.apicurio.tests.ApicurioRegistryBaseIT$RegistryApiErrorWatcher.logProblemDetails(ApicurioRegistryBaseIT.java:154)
	at io.apicurio.tests.ApicurioRegistryBaseIT$RegistryApiErrorWatcher.logProblemDetails(ApicurioRegistryBaseIT.java:154)
	at io.apicurio.tests.ApicurioRegistryBaseIT$RegistryApiErrorWatcher.logProblemDetails(ApicurioRegistryBaseIT.java:154)
	at io.apicurio.tests.ApicurioRegistryBaseIT$RegistryApiErrorWatcher.logProblemDetails(ApicurioRegistryBaseIT.java:154)
	at io.apicurio.tests.ApicurioRegistryBaseIT$RegistryApiErrorWatcher.logProblemDetails(ApicurioRegistryBaseIT.java:154)
	at io.apicurio.tests.ApicurioRegistryBaseIT$RegistryApiErrorWatcher.logProblemDetails(ApicurioRegistryBaseIT.java:154)
	at io.apicurio.tests.ApicurioRegistryBaseIT$RegistryApiErrorWatcher.logProblemDetails(ApicurioRegistryBaseIT.java:154)
	at io.apicurio.tests.ApicurioRegistryBaseIT$RegistryApiErrorWatcher.logProblemDetails(ApicurioRegistryBaseIT.java:154)
	at io.apicurio.tests.ApicurioRegistryBaseIT$RegistryApiErrorWatcher.logProblemDetails(ApicurioRegistryBaseIT.java:154)
	at io.apicurio.tests.ApicurioRegistryBaseIT$RegistryApiErrorWatcher.logProblemDetails(ApicurioRegistryBaseIT.java:154)
	at io.apicurio.tests.ApicurioRegistryBaseIT$RegistryApiErrorWatcher.logProblemDetails(ApicurioRegistryBaseIT.java:154)
	at io.apicurio.tests.ApicurioRegistryBaseIT$RegistryApiErrorWatcher.logProblemDetails(ApicurioRegistryBaseIT.java:154)
	at io.apicurio.tests.ApicurioRegistryBaseIT$RegistryApiErrorWatcher.logProblemDetails(ApicurioRegistryBaseIT.java:154)
	at io.apicurio.tests.ApicurioRegistryBaseIT$RegistryApiErrorWatcher.logProblemDetails(ApicurioRegistryBaseIT.java:154)
	at io.apicurio.tests.ApicurioRegistryBaseIT$RegistryApiErrorWatcher.logProblemDetails(ApicurioRegistryBaseIT.java:154)
	at io.apicurio.tests.ApicurioRegistryBaseIT$RegistryApiErrorWatcher.logProblemDetails(ApicurioRegistryBaseIT.java:154)
	at io.apicurio.tests.ApicurioRegistryBaseIT$RegistryApiErrorWatcher.logProblemDetails(ApicurioRegistryBaseIT.java:154)
	at io.apicurio.tests.ApicurioRegistryBaseIT$RegistryApiErrorWatcher.logProblemDetails(ApicurioRegistryBaseIT.java:154)
	at io.apicurio.tests.ApicurioRegistryBaseIT$RegistryApiErrorWatcher.logProblemDetails(ApicurioRegistryBaseIT.java:154)
	at io.apicurio.tests.ApicurioRegistryBaseIT$RegistryApiErrorWatcher.logProblemDetails(ApicurioRegistryBaseIT.java:154)
	at io.apicurio.tests.ApicurioRegistryBaseIT$RegistryApiErrorWatcher.logProblemDetails(ApicurioRegistryBaseIT.java:154)
	at io.apicurio.tests.ApicurioRegistryBaseIT$RegistryApiErrorWatcher.logProblemDetails(ApicurioRegistryBaseIT.java:154)
	at io.apicurio.tests.ApicurioRegistryBaseIT$RegistryApiErrorWatcher.logProblemDetails(ApicurioRegistryBaseIT.java:154)
	at io.apicurio.tests.ApicurioRegistryBaseIT$RegistryApiErrorWatcher.logProblemDetails(ApicurioRegistryBaseIT.java:154)
	at io.apicurio.tests.ApicurioRegistryBaseIT$RegistryApiErrorWatcher.logProblemDetails(ApicurioRegistryBaseIT.java:154)
	at io.apicurio.tests.ApicurioRegistryBaseIT$RegistryApiErrorWatcher.logProblemDetails(ApicurioRegistryBaseIT.java:154)
	at io.apicurio.tests.ApicurioRegistryBaseIT$RegistryApiErrorWatcher.logProblemDetails(ApicurioRegistryBaseIT.java:154)
	at io.apicurio.tests.ApicurioRegistryBaseIT$RegistryApiErrorWatcher.logProblemDetails(ApicurioRegistryBaseIT.java:154)
	at io.apicurio.tests.ApicurioRegistryBaseIT$RegistryApiErrorWatcher.logProblemDetails(ApicurioRegistryBaseIT.java:154)
	at io.apicurio.tests.ApicurioRegistryBaseIT$RegistryApiErrorWatcher.logProblemDetails(ApicurioRegistryBaseIT.java:154)
	at io.apicurio.tests.ApicurioRegistryBaseIT$RegistryApiErrorWatcher.logProblemDetails(ApicurioRegistryBaseIT.java:154)
	at io.apicurio.tests.ApicurioRegistryBaseIT$RegistryApiErrorWatcher.logProblemDetails(ApicurioRegistryBaseIT.java:154)
	at io.apicurio.tests.ApicurioRegistryBaseIT$RegistryApiErrorWatcher.logProblemDetails(ApicurioRegistryBaseIT.java:154)
	at io.apicurio.tests.ApicurioRegistryBaseIT$RegistryApiErrorWatcher.logProblemDetails(ApicurioRegistryBaseIT.java:154)
	at io.apicurio.tests.ApicurioRegistryBaseIT$RegistryApiErrorWatcher.logProblemDetails(ApicurioRegistryBaseIT.java:154)
	at io.apicurio.tests.ApicurioRegistryBaseIT$RegistryApiErrorWatcher.logProblemDetails(ApicurioRegistryBaseIT.java:154)
	at io.apicurio.tests.ApicurioRegistryBaseIT$RegistryApiErrorWatcher.logProblemDetails(ApicurioRegistryBaseIT.java:154)
	at io.apicurio.tests.ApicurioRegistryBaseIT$RegistryApiErrorWatcher.logProblemDetails(ApicurioRegistryBaseIT.java:154)
	at io.apicurio.tests.ApicurioRegistryBaseIT$RegistryApiErrorWatcher.logProblemDetails(ApicurioRegistryBaseIT.java:154)
	at io.apicurio.tests.ApicurioRegistryBaseIT$RegistryApiErrorWatcher.logProblemDetails(ApicurioRegistryBaseIT.java:154)
	at io.apicurio.tests.ApicurioRegistryBaseIT$RegistryApiErrorWatcher.logProblemDetails(ApicurioRegistryBaseIT.java:154)
	at io.apicurio.tests.ApicurioRegistryBaseIT$RegistryApiErrorWatcher.logProblemDetails(ApicurioRegistryBaseIT.java:154)
	at io.apicurio.tests.ApicurioRegistryBaseIT$RegistryApiErrorWatcher.logProblemDetails(ApicurioRegistryBaseIT.java:154)
	at io.apicurio.tests.ApicurioRegistryBaseIT$RegistryApiErrorWatcher.logProblemDetails(ApicurioRegistryBaseIT.java:154)
	at io.apicurio.tests.ApicurioRegistryBaseIT$RegistryApiErrorWatcher.logProblemDetails(ApicurioRegistryBaseIT.java:154)
	at io.apicurio.tests.ApicurioRegistryBaseIT$RegistryApiErrorWatcher.logProblemDetails(ApicurioRegistryBaseIT.java:154)
	at io.apicurio.tests.ApicurioRegistryBaseIT$RegistryApiErrorWatcher.logProblemDetails(ApicurioRegistryBaseIT.java:154)
	at io.apicurio.tests.ApicurioRegistryBaseIT$RegistryApiErrorWatcher.logProblemDetails(ApicurioRegistryBaseIT.java:154)
	at io.apicurio.tests.ApicurioRegistryBaseIT$RegistryApiErrorWatcher.logProblemDetails(ApicurioRegistryBaseIT.java:154)
	at io.apicurio.tests.ApicurioRegistryBaseIT$RegistryApiErrorWatcher.logProblemDetails(ApicurioRegistryBaseIT.java:154)
	at io.apicurio.tests.ApicurioRegistryBaseIT$RegistryApiErrorWatcher.logProblemDetails(ApicurioRegistryBaseIT.java:154)
	at io.apicurio.tests.ApicurioRegistryBaseIT$RegistryApiErrorWatcher.logProblemDetails(ApicurioRegistryBaseIT.java:154)
	at io.apicurio.tests.ApicurioRegistryBaseIT$RegistryApiErrorWatcher.logProblemDetails(ApicurioRegistryBaseIT.java:154)
	at io.apicurio.tests.ApicurioRegistryBaseIT$RegistryApiErrorWatcher.logProblemDetails(ApicurioRegistryBaseIT.java:154)

]]></system-out>
  </testcase>
  <testcase name="testTopicIdStrategyAutoRegister" classname="io.apicurio.tests.serdes.apicurio.ProtobufSerdeIT" time="1.897">
    <system-out><![CDATA[2025-07-31 17:05:31,558 INFO  [io.api.tes.uti.TestSeparator] (main) ############################################################################
2025-07-31 17:05:31,558 INFO  [io.api.tes.uti.TestSeparator] (main) io.apicurio.tests.serdes.apicurio.ProtobufSerdeIT.testTopicIdStrategyAutoRegister-STARTED
**** Registry Base URL: http://registry-app-kafkasql.apps.ci419.apicurio-testing.org:80
2025-07-31 17:05:31,589 INFO  [org.apa.kaf.cli.pro.ProducerConfig] (main) ProducerConfig values: 
	acks = -1
	auto.include.jmx.reporter = true
	batch.size = 16384
	bootstrap.servers = [PLAINTEXT://localhost:32770]
	buffer.memory = 33554432
	client.dns.lookup = use_all_dns_ips
	client.id = Producer-topic-aaf31ae2_e19d_4af1_afcc_50aa447d4910
	compression.gzip.level = -1
	compression.lz4.level = 9
	compression.type = none
	compression.zstd.level = 3
	connections.max.idle.ms = 10000
	delivery.timeout.ms = 120000
	enable.idempotence = true
	enable.metrics.push = true
	interceptor.classes = []
	key.serializer = class org.apache.kafka.common.serialization.StringSerializer
	linger.ms = 0
	max.block.ms = 60000
	max.in.flight.requests.per.connection = 5
	max.request.size = 1048576
	metadata.max.age.ms = 300000
	metadata.max.idle.ms = 300000
	metadata.recovery.strategy = none
	metric.reporters = []
	metrics.num.samples = 2
	metrics.recording.level = INFO
	metrics.sample.window.ms = 30000
	partitioner.adaptive.partitioning.enable = true
	partitioner.availability.timeout.ms = 0
	partitioner.class = null
	partitioner.ignore.keys = false
	receive.buffer.bytes = 32768
	reconnect.backoff.max.ms = 1000
	reconnect.backoff.ms = 50
	request.timeout.ms = 5000
	retries = 2147483647
	retry.backoff.max.ms = 1000
	retry.backoff.ms = 100
	sasl.client.callback.handler.class = null
	sasl.jaas.config = null
	sasl.kerberos.kinit.cmd = /usr/bin/kinit
	sasl.kerberos.min.time.before.relogin = 60000
	sasl.kerberos.service.name = null
	sasl.kerberos.ticket.renew.jitter = 0.05
	sasl.kerberos.ticket.renew.window.factor = 0.8
	sasl.login.callback.handler.class = null
	sasl.login.class = null
	sasl.login.connect.timeout.ms = null
	sasl.login.read.timeout.ms = null
	sasl.login.refresh.buffer.seconds = 300
	sasl.login.refresh.min.period.seconds = 60
	sasl.login.refresh.window.factor = 0.8
	sasl.login.refresh.window.jitter = 0.05
	sasl.login.retry.backoff.max.ms = 10000
	sasl.login.retry.backoff.ms = 100
	sasl.mechanism = GSSAPI
	sasl.oauthbearer.clock.skew.seconds = 30
	sasl.oauthbearer.expected.audience = null
	sasl.oauthbearer.expected.issuer = null
	sasl.oauthbearer.header.urlencode = false
	sasl.oauthbearer.jwks.endpoint.refresh.ms = 3600000
	sasl.oauthbearer.jwks.endpoint.retry.backoff.max.ms = 10000
	sasl.oauthbearer.jwks.endpoint.retry.backoff.ms = 100
	sasl.oauthbearer.jwks.endpoint.url = null
	sasl.oauthbearer.scope.claim.name = scope
	sasl.oauthbearer.sub.claim.name = sub
	sasl.oauthbearer.token.endpoint.url = null
	security.protocol = PLAINTEXT
	security.providers = null
	send.buffer.bytes = 131072
	socket.connection.setup.timeout.max.ms = 30000
	socket.connection.setup.timeout.ms = 10000
	ssl.cipher.suites = null
	ssl.enabled.protocols = [TLSv1.2, TLSv1.3]
	ssl.endpoint.identification.algorithm = https
	ssl.engine.factory.class = null
	ssl.key.password = null
	ssl.keymanager.algorithm = SunX509
	ssl.keystore.certificate.chain = null
	ssl.keystore.key = null
	ssl.keystore.location = null
	ssl.keystore.password = null
	ssl.keystore.type = JKS
	ssl.protocol = TLSv1.3
	ssl.provider = null
	ssl.secure.random.implementation = null
	ssl.trustmanager.algorithm = PKIX
	ssl.truststore.certificates = null
	ssl.truststore.location = null
	ssl.truststore.password = null
	ssl.truststore.type = JKS
	transaction.timeout.ms = 60000
	transactional.id = null
	value.serializer = class io.apicurio.registry.serde.protobuf.ProtobufKafkaSerializer

2025-07-31 17:05:31,596 INFO  [org.apa.kaf.com.tel.int.KafkaMetricsCollector] (main) initializing Kafka metrics collector
2025-07-31 17:05:31,625 INFO  [org.apa.kaf.cli.pro.KafkaProducer] (main) [Producer clientId=Producer-topic-aaf31ae2_e19d_4af1_afcc_50aa447d4910] Instantiated an idempotent producer.
2025-07-31 17:05:31,631 INFO  [org.apa.kaf.cli.pro.ProducerConfig] (main) These configurations '[apicurio.registry.url, apicurio.registry.headers.enabled, apicurio.registry.auto-register, apicurio.registry.artifact-resolver-strategy]' were supplied but are not used yet.
2025-07-31 17:05:31,631 INFO  [org.apa.kaf.com.uti.AppInfoParser] (main) Kafka version: 3.9.1
2025-07-31 17:05:31,631 INFO  [org.apa.kaf.com.uti.AppInfoParser] (main) Kafka commitId: f745dfdcee2b9851
2025-07-31 17:05:31,631 INFO  [org.apa.kaf.com.uti.AppInfoParser] (main) Kafka startTimeMs: 1753981531631
2025-07-31 17:05:31,631 INFO  [io.api.tes.ser.api.SimpleSerdesTesterBuilder$SimpleSerdesTester] (main) Using producer configuration: {apicurio.registry.url=http://registry-app-kafkasql.apps.ci419.apicurio-testing.org:80/apis/registry/v3, apicurio.registry.headers.enabled=true, apicurio.registry.auto-register=true, apicurio.registry.artifact-resolver-strategy=io.apicurio.registry.serde.strategy.TopicIdStrategy, value.serializer=io.apicurio.registry.serde.protobuf.ProtobufKafkaSerializer, request.timeout.ms=5000, acks=all, bootstrap.servers=PLAINTEXT://localhost:32770, connections.max.idle.ms=10000, key.serializer=org.apache.kafka.common.serialization.StringSerializer, client.id=Producer-topic-aaf31ae2_e19d_4af1_afcc_50aa447d4910}
2025-07-31 17:05:31,632 INFO  [io.api.tes.ser.api.SimpleSerdesTesterBuilder$SimpleSerdesTester] (main) Using consumer configuration: {apicurio.registry.headers.enabled=true}
2025-07-31 17:05:31,637 INFO  [org.apa.kaf.cli.Metadata] (kafka-producer-network-thread | Producer-topic-aaf31ae2_e19d_4af1_afcc_50aa447d4910) [Producer clientId=Producer-topic-aaf31ae2_e19d_4af1_afcc_50aa447d4910] Cluster ID: WpqyxNU-RHKB_ermmfvksw
2025-07-31 17:05:31,637 INFO  [org.apa.kaf.cli.pro.int.TransactionManager] (kafka-producer-network-thread | Producer-topic-aaf31ae2_e19d_4af1_afcc_50aa447d4910) [Producer clientId=Producer-topic-aaf31ae2_e19d_4af1_afcc_50aa447d4910] ProducerId set to 32 with epoch 0
2025-07-31 17:05:31,859 INFO  [io.api.tes.ser.api.KafkaSerdesTester] (Thread-773) Sending message header {
  time {
  }
}
d1: 1.753981531633E12
s1: "a"
i1: 123
bi1: 1
point {
  longitude: 22.0
  latitude: 22.0
  altitude: 1.0
}
 to topic topic-aaf31ae2_e19d_4af1_afcc_50aa447d4910
2025-07-31 17:05:32,347 INFO  [io.api.tes.ser.api.KafkaSerdesTester] (Thread-773) Sending message header {
  time {
  }
}
d1: 1.753981532347E12
s1: "a"
i1: 123
bi1: 1
point {
  longitude: 22.0
  latitude: 22.0
  altitude: 1.0
}
 to topic topic-aaf31ae2_e19d_4af1_afcc_50aa447d4910
2025-07-31 17:05:32,388 INFO  [io.api.tes.ser.api.KafkaSerdesTester] (Thread-773) Sending message header {
  time {
  }
}
d1: 1.753981532387E12
s1: "a"
i1: 123
bi1: 1
point {
  longitude: 22.0
  latitude: 22.0
  altitude: 1.0
}
 to topic topic-aaf31ae2_e19d_4af1_afcc_50aa447d4910
2025-07-31 17:05:32,425 INFO  [io.api.tes.ser.api.KafkaSerdesTester] (Thread-773) Sending message header {
  time {
  }
}
d1: 1.753981532425E12
s1: "a"
i1: 123
bi1: 1
point {
  longitude: 22.0
  latitude: 22.0
  altitude: 1.0
}
 to topic topic-aaf31ae2_e19d_4af1_afcc_50aa447d4910
2025-07-31 17:05:32,466 INFO  [io.api.tes.ser.api.KafkaSerdesTester] (Thread-773) Sending message header {
  time {
  }
}
d1: 1.753981532465E12
s1: "a"
i1: 123
bi1: 1
point {
  longitude: 22.0
  latitude: 22.0
  altitude: 1.0
}
 to topic topic-aaf31ae2_e19d_4af1_afcc_50aa447d4910
2025-07-31 17:05:32,505 INFO  [io.api.tes.ser.api.KafkaSerdesTester] (Thread-773) Sending message header {
  time {
  }
}
d1: 1.753981532504E12
s1: "a"
i1: 123
bi1: 1
point {
  longitude: 22.0
  latitude: 22.0
  altitude: 1.0
}
 to topic topic-aaf31ae2_e19d_4af1_afcc_50aa447d4910
2025-07-31 17:05:32,542 INFO  [io.api.tes.ser.api.KafkaSerdesTester] (Thread-773) Sending message header {
  time {
  }
}
d1: 1.753981532542E12
s1: "a"
i1: 123
bi1: 1
point {
  longitude: 22.0
  latitude: 22.0
  altitude: 1.0
}
 to topic topic-aaf31ae2_e19d_4af1_afcc_50aa447d4910
2025-07-31 17:05:32,585 INFO  [io.api.tes.ser.api.KafkaSerdesTester] (Thread-773) Sending message header {
  time {
  }
}
d1: 1.753981532583E12
s1: "a"
i1: 123
bi1: 1
point {
  longitude: 22.0
  latitude: 22.0
  altitude: 1.0
}
 to topic topic-aaf31ae2_e19d_4af1_afcc_50aa447d4910
2025-07-31 17:05:32,620 INFO  [io.api.tes.ser.api.KafkaSerdesTester] (Thread-773) Sending message header {
  time {
  }
}
d1: 1.75398153262E12
s1: "a"
i1: 123
bi1: 1
point {
  longitude: 22.0
  latitude: 22.0
  altitude: 1.0
}
 to topic topic-aaf31ae2_e19d_4af1_afcc_50aa447d4910
2025-07-31 17:05:32,664 INFO  [io.api.tes.ser.api.KafkaSerdesTester] (Thread-773) Sending message header {
  time {
  }
}
d1: 1.753981532663E12
s1: "a"
i1: 123
bi1: 1
point {
  longitude: 22.0
  latitude: 22.0
  altitude: 1.0
}
 to topic topic-aaf31ae2_e19d_4af1_afcc_50aa447d4910
2025-07-31 17:05:32,744 INFO  [io.api.tes.ser.api.KafkaSerdesTester] (Thread-773) Produced 10 messages
2025-07-31 17:05:32,744 INFO  [org.apa.kaf.cli.pro.KafkaProducer] (Thread-773) [Producer clientId=Producer-topic-aaf31ae2_e19d_4af1_afcc_50aa447d4910] Closing the Kafka producer with timeoutMillis = 9223372036854775807 ms.
2025-07-31 17:05:32,747 INFO  [org.apa.kaf.com.met.Metrics] (Thread-773) Metrics scheduler closed
2025-07-31 17:05:32,747 INFO  [org.apa.kaf.com.met.Metrics] (Thread-773) Closing reporter org.apache.kafka.common.metrics.JmxReporter
2025-07-31 17:05:32,747 INFO  [org.apa.kaf.com.met.Metrics] (Thread-773) Closing reporter org.apache.kafka.common.telemetry.internals.ClientTelemetryReporter
2025-07-31 17:05:32,747 INFO  [org.apa.kaf.com.met.Metrics] (Thread-773) Metrics reporters closed
2025-07-31 17:05:32,748 INFO  [org.apa.kaf.com.uti.AppInfoParser] (Thread-773) App info kafka.producer for Producer-topic-aaf31ae2_e19d_4af1_afcc_50aa447d4910 unregistered
**** Registry Base URL: http://registry-app-kafkasql.apps.ci419.apicurio-testing.org:80
2025-07-31 17:05:32,778 INFO  [org.apa.kaf.cli.con.ConsumerConfig] (main) ConsumerConfig values: 
	allow.auto.create.topics = true
	auto.commit.interval.ms = 500
	auto.include.jmx.reporter = true
	auto.offset.reset = earliest
	bootstrap.servers = [PLAINTEXT://localhost:32770]
	check.crcs = true
	client.dns.lookup = use_all_dns_ips
	client.id = consumer-Consumer-topic-aaf31ae2_e19d_4af1_afcc_50aa447d4910-23
	client.rack = 
	connections.max.idle.ms = 10000
	default.api.timeout.ms = 60000
	enable.auto.commit = true
	enable.metrics.push = true
	exclude.internal.topics = true
	fetch.max.bytes = 52428800
	fetch.max.wait.ms = 500
	fetch.min.bytes = 1
	group.id = Consumer-topic-aaf31ae2_e19d_4af1_afcc_50aa447d4910
	group.instance.id = null
	group.protocol = classic
	group.remote.assignor = null
	heartbeat.interval.ms = 3000
	interceptor.classes = []
	internal.leave.group.on.close = true
	internal.throw.on.fetch.stable.offset.unsupported = false
	isolation.level = read_uncommitted
	key.deserializer = class org.apache.kafka.common.serialization.StringDeserializer
	max.partition.fetch.bytes = 1048576
	max.poll.interval.ms = 300000
	max.poll.records = 500
	metadata.max.age.ms = 300000
	metadata.recovery.strategy = none
	metric.reporters = []
	metrics.num.samples = 2
	metrics.recording.level = INFO
	metrics.sample.window.ms = 30000
	partition.assignment.strategy = [class org.apache.kafka.clients.consumer.RangeAssignor, class org.apache.kafka.clients.consumer.CooperativeStickyAssignor]
	receive.buffer.bytes = 65536
	reconnect.backoff.max.ms = 1000
	reconnect.backoff.ms = 50
	request.timeout.ms = 5000
	retry.backoff.max.ms = 1000
	retry.backoff.ms = 100
	sasl.client.callback.handler.class = null
	sasl.jaas.config = null
	sasl.kerberos.kinit.cmd = /usr/bin/kinit
	sasl.kerberos.min.time.before.relogin = 60000
	sasl.kerberos.service.name = null
	sasl.kerberos.ticket.renew.jitter = 0.05
	sasl.kerberos.ticket.renew.window.factor = 0.8
	sasl.login.callback.handler.class = null
	sasl.login.class = null
	sasl.login.connect.timeout.ms = null
	sasl.login.read.timeout.ms = null
	sasl.login.refresh.buffer.seconds = 300
	sasl.login.refresh.min.period.seconds = 60
	sasl.login.refresh.window.factor = 0.8
	sasl.login.refresh.window.jitter = 0.05
	sasl.login.retry.backoff.max.ms = 10000
	sasl.login.retry.backoff.ms = 100
	sasl.mechanism = GSSAPI
	sasl.oauthbearer.clock.skew.seconds = 30
	sasl.oauthbearer.expected.audience = null
	sasl.oauthbearer.expected.issuer = null
	sasl.oauthbearer.header.urlencode = false
	sasl.oauthbearer.jwks.endpoint.refresh.ms = 3600000
	sasl.oauthbearer.jwks.endpoint.retry.backoff.max.ms = 10000
	sasl.oauthbearer.jwks.endpoint.retry.backoff.ms = 100
	sasl.oauthbearer.jwks.endpoint.url = null
	sasl.oauthbearer.scope.claim.name = scope
	sasl.oauthbearer.sub.claim.name = sub
	sasl.oauthbearer.token.endpoint.url = null
	security.protocol = PLAINTEXT
	security.providers = null
	send.buffer.bytes = 131072
	session.timeout.ms = 45000
	socket.connection.setup.timeout.max.ms = 30000
	socket.connection.setup.timeout.ms = 10000
	ssl.cipher.suites = null
	ssl.enabled.protocols = [TLSv1.2, TLSv1.3]
	ssl.endpoint.identification.algorithm = https
	ssl.engine.factory.class = null
	ssl.key.password = null
	ssl.keymanager.algorithm = SunX509
	ssl.keystore.certificate.chain = null
	ssl.keystore.key = null
	ssl.keystore.location = null
	ssl.keystore.password = null
	ssl.keystore.type = JKS
	ssl.protocol = TLSv1.3
	ssl.provider = null
	ssl.secure.random.implementation = null
	ssl.trustmanager.algorithm = PKIX
	ssl.truststore.certificates = null
	ssl.truststore.location = null
	ssl.truststore.password = null
	ssl.truststore.type = JKS
	value.deserializer = class io.apicurio.registry.serde.protobuf.ProtobufKafkaDeserializer

2025-07-31 17:05:32,779 INFO  [org.apa.kaf.com.tel.int.KafkaMetricsCollector] (main) initializing Kafka metrics collector
2025-07-31 17:05:32,784 INFO  [org.apa.kaf.cli.con.ConsumerConfig] (main) These configurations '[apicurio.registry.url, apicurio.registry.headers.enabled]' were supplied but are not used yet.
2025-07-31 17:05:32,784 INFO  [org.apa.kaf.com.uti.AppInfoParser] (main) Kafka version: 3.9.1
2025-07-31 17:05:32,784 INFO  [org.apa.kaf.com.uti.AppInfoParser] (main) Kafka commitId: f745dfdcee2b9851
2025-07-31 17:05:32,784 INFO  [org.apa.kaf.com.uti.AppInfoParser] (main) Kafka startTimeMs: 1753981532784
2025-07-31 17:05:32,784 INFO  [org.apa.kaf.cli.con.int.ClassicKafkaConsumer] (Thread-776) [Consumer clientId=consumer-Consumer-topic-aaf31ae2_e19d_4af1_afcc_50aa447d4910-23, groupId=Consumer-topic-aaf31ae2_e19d_4af1_afcc_50aa447d4910] Subscribed to topic(s): topic-aaf31ae2_e19d_4af1_afcc_50aa447d4910
2025-07-31 17:05:32,788 INFO  [org.apa.kaf.cli.Metadata] (Thread-776) [Consumer clientId=consumer-Consumer-topic-aaf31ae2_e19d_4af1_afcc_50aa447d4910-23, groupId=Consumer-topic-aaf31ae2_e19d_4af1_afcc_50aa447d4910] Cluster ID: WpqyxNU-RHKB_ermmfvksw
2025-07-31 17:05:32,788 INFO  [org.apa.kaf.cli.con.int.ConsumerCoordinator] (Thread-776) [Consumer clientId=consumer-Consumer-topic-aaf31ae2_e19d_4af1_afcc_50aa447d4910-23, groupId=Consumer-topic-aaf31ae2_e19d_4af1_afcc_50aa447d4910] Discovered group coordinator localhost:32770 (id: 2147483647 rack: null)
2025-07-31 17:05:32,790 INFO  [org.apa.kaf.cli.con.int.ConsumerCoordinator] (Thread-776) [Consumer clientId=consumer-Consumer-topic-aaf31ae2_e19d_4af1_afcc_50aa447d4910-23, groupId=Consumer-topic-aaf31ae2_e19d_4af1_afcc_50aa447d4910] (Re-)joining group
2025-07-31 17:05:32,793 INFO  [org.apa.kaf.cli.con.int.ConsumerCoordinator] (Thread-776) [Consumer clientId=consumer-Consumer-topic-aaf31ae2_e19d_4af1_afcc_50aa447d4910-23, groupId=Consumer-topic-aaf31ae2_e19d_4af1_afcc_50aa447d4910] Request joining group due to: need to re-join with the given member-id: consumer-Consumer-topic-aaf31ae2_e19d_4af1_afcc_50aa447d4910-23-70d3f3cf-783b-488f-bec4-04a92df6ff98
2025-07-31 17:05:32,793 INFO  [org.apa.kaf.cli.con.int.ConsumerCoordinator] (Thread-776) [Consumer clientId=consumer-Consumer-topic-aaf31ae2_e19d_4af1_afcc_50aa447d4910-23, groupId=Consumer-topic-aaf31ae2_e19d_4af1_afcc_50aa447d4910] (Re-)joining group
2025-07-31 17:05:32,795 INFO  [org.apa.kaf.cli.con.int.ConsumerCoordinator] (Thread-776) [Consumer clientId=consumer-Consumer-topic-aaf31ae2_e19d_4af1_afcc_50aa447d4910-23, groupId=Consumer-topic-aaf31ae2_e19d_4af1_afcc_50aa447d4910] Successfully joined group with generation Generation{generationId=1, memberId='consumer-Consumer-topic-aaf31ae2_e19d_4af1_afcc_50aa447d4910-23-70d3f3cf-783b-488f-bec4-04a92df6ff98', protocol='range'}
2025-07-31 17:05:32,796 INFO  [org.apa.kaf.cli.con.int.ConsumerCoordinator] (Thread-776) [Consumer clientId=consumer-Consumer-topic-aaf31ae2_e19d_4af1_afcc_50aa447d4910-23, groupId=Consumer-topic-aaf31ae2_e19d_4af1_afcc_50aa447d4910] Finished assignment for group at generation 1: {consumer-Consumer-topic-aaf31ae2_e19d_4af1_afcc_50aa447d4910-23-70d3f3cf-783b-488f-bec4-04a92df6ff98=Assignment(partitions=[topic-aaf31ae2_e19d_4af1_afcc_50aa447d4910-0])}
2025-07-31 17:05:32,799 INFO  [org.apa.kaf.cli.con.int.ConsumerCoordinator] (Thread-776) [Consumer clientId=consumer-Consumer-topic-aaf31ae2_e19d_4af1_afcc_50aa447d4910-23, groupId=Consumer-topic-aaf31ae2_e19d_4af1_afcc_50aa447d4910] Successfully synced group in generation Generation{generationId=1, memberId='consumer-Consumer-topic-aaf31ae2_e19d_4af1_afcc_50aa447d4910-23-70d3f3cf-783b-488f-bec4-04a92df6ff98', protocol='range'}
2025-07-31 17:05:32,799 INFO  [org.apa.kaf.cli.con.int.ConsumerCoordinator] (Thread-776) [Consumer clientId=consumer-Consumer-topic-aaf31ae2_e19d_4af1_afcc_50aa447d4910-23, groupId=Consumer-topic-aaf31ae2_e19d_4af1_afcc_50aa447d4910] Notifying assignor about the new Assignment(partitions=[topic-aaf31ae2_e19d_4af1_afcc_50aa447d4910-0])
2025-07-31 17:05:32,799 INFO  [org.apa.kaf.cli.con.int.ConsumerRebalanceListenerInvoker] (Thread-776) [Consumer clientId=consumer-Consumer-topic-aaf31ae2_e19d_4af1_afcc_50aa447d4910-23, groupId=Consumer-topic-aaf31ae2_e19d_4af1_afcc_50aa447d4910] Adding newly assigned partitions: topic-aaf31ae2_e19d_4af1_afcc_50aa447d4910-0
2025-07-31 17:05:32,800 INFO  [org.apa.kaf.cli.con.int.ConsumerCoordinator] (Thread-776) [Consumer clientId=consumer-Consumer-topic-aaf31ae2_e19d_4af1_afcc_50aa447d4910-23, groupId=Consumer-topic-aaf31ae2_e19d_4af1_afcc_50aa447d4910] Found no committed offset for partition topic-aaf31ae2_e19d_4af1_afcc_50aa447d4910-0
2025-07-31 17:05:32,805 INFO  [org.apa.kaf.cli.con.int.SubscriptionState] (Thread-776) [Consumer clientId=consumer-Consumer-topic-aaf31ae2_e19d_4af1_afcc_50aa447d4910-23, groupId=Consumer-topic-aaf31ae2_e19d_4af1_afcc_50aa447d4910] Resetting offset for partition topic-aaf31ae2_e19d_4af1_afcc_50aa447d4910-0 to position FetchPosition{offset=0, offsetEpoch=Optional.empty, currentLeader=LeaderAndEpoch{leader=Optional[localhost:32770 (id: 0 rack: null)], epoch=0}}.
2025-07-31 17:05:32,934 INFO  [io.api.tes.ser.api.KafkaSerdesTester] (Thread-776) topic-aaf31ae2_e19d_4af1_afcc_50aa447d4910 0 0 header {
  time {
  }
}
d1: 1.753981531633E12
s1: "a"
i1: 123
bi1: 1
point {
  longitude: 22.0
  latitude: 22.0
  altitude: 1.0
}

2025-07-31 17:05:32,934 INFO  [io.api.tes.ser.api.KafkaSerdesTester] (Thread-776) topic-aaf31ae2_e19d_4af1_afcc_50aa447d4910 0 1 header {
  time {
  }
}
d1: 1.753981532347E12
s1: "a"
i1: 123
bi1: 1
point {
  longitude: 22.0
  latitude: 22.0
  altitude: 1.0
}

2025-07-31 17:05:32,935 INFO  [io.api.tes.ser.api.KafkaSerdesTester] (Thread-776) topic-aaf31ae2_e19d_4af1_afcc_50aa447d4910 0 2 header {
  time {
  }
}
d1: 1.753981532387E12
s1: "a"
i1: 123
bi1: 1
point {
  longitude: 22.0
  latitude: 22.0
  altitude: 1.0
}

2025-07-31 17:05:32,935 INFO  [io.api.tes.ser.api.KafkaSerdesTester] (Thread-776) topic-aaf31ae2_e19d_4af1_afcc_50aa447d4910 0 3 header {
  time {
  }
}
d1: 1.753981532425E12
s1: "a"
i1: 123
bi1: 1
point {
  longitude: 22.0
  latitude: 22.0
  altitude: 1.0
}

2025-07-31 17:05:32,935 INFO  [io.api.tes.ser.api.KafkaSerdesTester] (Thread-776) topic-aaf31ae2_e19d_4af1_afcc_50aa447d4910 0 4 header {
  time {
  }
}
d1: 1.753981532465E12
s1: "a"
i1: 123
bi1: 1
point {
  longitude: 22.0
  latitude: 22.0
  altitude: 1.0
}

2025-07-31 17:05:32,937 INFO  [io.api.tes.ser.api.KafkaSerdesTester] (Thread-776) topic-aaf31ae2_e19d_4af1_afcc_50aa447d4910 0 5 header {
  time {
  }
}
d1: 1.753981532504E12
s1: "a"
i1: 123
bi1: 1
point {
  longitude: 22.0
  latitude: 22.0
  altitude: 1.0
}

2025-07-31 17:05:32,938 INFO  [io.api.tes.ser.api.KafkaSerdesTester] (Thread-776) topic-aaf31ae2_e19d_4af1_afcc_50aa447d4910 0 6 header {
  time {
  }
}
d1: 1.753981532542E12
s1: "a"
i1: 123
bi1: 1
point {
  longitude: 22.0
  latitude: 22.0
  altitude: 1.0
}

2025-07-31 17:05:32,938 INFO  [io.api.tes.ser.api.KafkaSerdesTester] (Thread-776) topic-aaf31ae2_e19d_4af1_afcc_50aa447d4910 0 7 header {
  time {
  }
}
d1: 1.753981532583E12
s1: "a"
i1: 123
bi1: 1
point {
  longitude: 22.0
  latitude: 22.0
  altitude: 1.0
}

2025-07-31 17:05:32,938 INFO  [io.api.tes.ser.api.KafkaSerdesTester] (Thread-776) topic-aaf31ae2_e19d_4af1_afcc_50aa447d4910 0 8 header {
  time {
  }
}
d1: 1.75398153262E12
s1: "a"
i1: 123
bi1: 1
point {
  longitude: 22.0
  latitude: 22.0
  altitude: 1.0
}

2025-07-31 17:05:32,938 INFO  [io.api.tes.ser.api.KafkaSerdesTester] (Thread-776) topic-aaf31ae2_e19d_4af1_afcc_50aa447d4910 0 9 header {
  time {
  }
}
d1: 1.753981532663E12
s1: "a"
i1: 123
bi1: 1
point {
  longitude: 22.0
  latitude: 22.0
  altitude: 1.0
}

2025-07-31 17:05:32,938 INFO  [io.api.tes.ser.api.KafkaSerdesTester] (Thread-776) Consumed 10 messages
2025-07-31 17:05:32,941 INFO  [org.apa.kaf.cli.con.int.ConsumerRebalanceListenerInvoker] (Thread-776) [Consumer clientId=consumer-Consumer-topic-aaf31ae2_e19d_4af1_afcc_50aa447d4910-23, groupId=Consumer-topic-aaf31ae2_e19d_4af1_afcc_50aa447d4910] Revoke previously assigned partitions topic-aaf31ae2_e19d_4af1_afcc_50aa447d4910-0
2025-07-31 17:05:32,941 INFO  [org.apa.kaf.cli.con.int.ConsumerCoordinator] (Thread-776) [Consumer clientId=consumer-Consumer-topic-aaf31ae2_e19d_4af1_afcc_50aa447d4910-23, groupId=Consumer-topic-aaf31ae2_e19d_4af1_afcc_50aa447d4910] Member consumer-Consumer-topic-aaf31ae2_e19d_4af1_afcc_50aa447d4910-23-70d3f3cf-783b-488f-bec4-04a92df6ff98 sending LeaveGroup request to coordinator localhost:32770 (id: 2147483647 rack: null) due to the consumer is being closed
2025-07-31 17:05:32,941 INFO  [org.apa.kaf.cli.con.int.ConsumerCoordinator] (Thread-776) [Consumer clientId=consumer-Consumer-topic-aaf31ae2_e19d_4af1_afcc_50aa447d4910-23, groupId=Consumer-topic-aaf31ae2_e19d_4af1_afcc_50aa447d4910] Resetting generation and member id due to: consumer pro-actively leaving the group
2025-07-31 17:05:32,941 INFO  [org.apa.kaf.cli.con.int.ConsumerCoordinator] (Thread-776) [Consumer clientId=consumer-Consumer-topic-aaf31ae2_e19d_4af1_afcc_50aa447d4910-23, groupId=Consumer-topic-aaf31ae2_e19d_4af1_afcc_50aa447d4910] Request joining group due to: consumer pro-actively leaving the group
2025-07-31 17:05:33,436 INFO  [org.apa.kaf.com.met.Metrics] (Thread-776) Metrics scheduler closed
2025-07-31 17:05:33,436 INFO  [org.apa.kaf.com.met.Metrics] (Thread-776) Closing reporter org.apache.kafka.common.metrics.JmxReporter
2025-07-31 17:05:33,436 INFO  [org.apa.kaf.com.met.Metrics] (Thread-776) Closing reporter org.apache.kafka.common.telemetry.internals.ClientTelemetryReporter
2025-07-31 17:05:33,436 INFO  [org.apa.kaf.com.met.Metrics] (Thread-776) Metrics reporters closed
2025-07-31 17:05:33,438 INFO  [org.apa.kaf.com.uti.AppInfoParser] (Thread-776) App info kafka.consumer for consumer-Consumer-topic-aaf31ae2_e19d_4af1_afcc_50aa447d4910-23 unregistered
2025-07-31 17:05:33,455 INFO  [io.api.tes.uti.TestSeparator] (main) io.apicurio.tests.serdes.apicurio.ProtobufSerdeIT.testTopicIdStrategyAutoRegister-FINISHED
2025-07-31 17:05:33,455 INFO  [io.api.tes.uti.TestSeparator] (main) ############################################################################
Test passed: testTopicIdStrategyAutoRegister
]]></system-out>
  </testcase>
  <testcase name="testAutoRegisterAndUseBody" classname="io.apicurio.tests.serdes.apicurio.ProtobufSerdeIT" time="1.349">
    <system-out><![CDATA[2025-07-31 17:05:33,456 INFO  [io.api.tes.uti.TestSeparator] (main) ############################################################################
2025-07-31 17:05:33,456 INFO  [io.api.tes.uti.TestSeparator] (main) io.apicurio.tests.serdes.apicurio.ProtobufSerdeIT.testAutoRegisterAndUseBody-STARTED
**** Registry Base URL: http://registry-app-kafkasql.apps.ci419.apicurio-testing.org:80
2025-07-31 17:05:33,464 INFO  [org.apa.kaf.cli.pro.ProducerConfig] (main) ProducerConfig values: 
	acks = -1
	auto.include.jmx.reporter = true
	batch.size = 16384
	bootstrap.servers = [PLAINTEXT://localhost:32770]
	buffer.memory = 33554432
	client.dns.lookup = use_all_dns_ips
	client.id = Producer-topic-42235aec_8159_4337_a1a2_1bbb388bfb89
	compression.gzip.level = -1
	compression.lz4.level = 9
	compression.type = none
	compression.zstd.level = 3
	connections.max.idle.ms = 10000
	delivery.timeout.ms = 120000
	enable.idempotence = true
	enable.metrics.push = true
	interceptor.classes = []
	key.serializer = class org.apache.kafka.common.serialization.StringSerializer
	linger.ms = 0
	max.block.ms = 60000
	max.in.flight.requests.per.connection = 5
	max.request.size = 1048576
	metadata.max.age.ms = 300000
	metadata.max.idle.ms = 300000
	metadata.recovery.strategy = none
	metric.reporters = []
	metrics.num.samples = 2
	metrics.recording.level = INFO
	metrics.sample.window.ms = 30000
	partitioner.adaptive.partitioning.enable = true
	partitioner.availability.timeout.ms = 0
	partitioner.class = null
	partitioner.ignore.keys = false
	receive.buffer.bytes = 32768
	reconnect.backoff.max.ms = 1000
	reconnect.backoff.ms = 50
	request.timeout.ms = 5000
	retries = 2147483647
	retry.backoff.max.ms = 1000
	retry.backoff.ms = 100
	sasl.client.callback.handler.class = null
	sasl.jaas.config = null
	sasl.kerberos.kinit.cmd = /usr/bin/kinit
	sasl.kerberos.min.time.before.relogin = 60000
	sasl.kerberos.service.name = null
	sasl.kerberos.ticket.renew.jitter = 0.05
	sasl.kerberos.ticket.renew.window.factor = 0.8
	sasl.login.callback.handler.class = null
	sasl.login.class = null
	sasl.login.connect.timeout.ms = null
	sasl.login.read.timeout.ms = null
	sasl.login.refresh.buffer.seconds = 300
	sasl.login.refresh.min.period.seconds = 60
	sasl.login.refresh.window.factor = 0.8
	sasl.login.refresh.window.jitter = 0.05
	sasl.login.retry.backoff.max.ms = 10000
	sasl.login.retry.backoff.ms = 100
	sasl.mechanism = GSSAPI
	sasl.oauthbearer.clock.skew.seconds = 30
	sasl.oauthbearer.expected.audience = null
	sasl.oauthbearer.expected.issuer = null
	sasl.oauthbearer.header.urlencode = false
	sasl.oauthbearer.jwks.endpoint.refresh.ms = 3600000
	sasl.oauthbearer.jwks.endpoint.retry.backoff.max.ms = 10000
	sasl.oauthbearer.jwks.endpoint.retry.backoff.ms = 100
	sasl.oauthbearer.jwks.endpoint.url = null
	sasl.oauthbearer.scope.claim.name = scope
	sasl.oauthbearer.sub.claim.name = sub
	sasl.oauthbearer.token.endpoint.url = null
	security.protocol = PLAINTEXT
	security.providers = null
	send.buffer.bytes = 131072
	socket.connection.setup.timeout.max.ms = 30000
	socket.connection.setup.timeout.ms = 10000
	ssl.cipher.suites = null
	ssl.enabled.protocols = [TLSv1.2, TLSv1.3]
	ssl.endpoint.identification.algorithm = https
	ssl.engine.factory.class = null
	ssl.key.password = null
	ssl.keymanager.algorithm = SunX509
	ssl.keystore.certificate.chain = null
	ssl.keystore.key = null
	ssl.keystore.location = null
	ssl.keystore.password = null
	ssl.keystore.type = JKS
	ssl.protocol = TLSv1.3
	ssl.provider = null
	ssl.secure.random.implementation = null
	ssl.trustmanager.algorithm = PKIX
	ssl.truststore.certificates = null
	ssl.truststore.location = null
	ssl.truststore.password = null
	ssl.truststore.type = JKS
	transaction.timeout.ms = 60000
	transactional.id = null
	value.serializer = class io.apicurio.registry.serde.protobuf.ProtobufKafkaSerializer

2025-07-31 17:05:33,464 INFO  [org.apa.kaf.com.tel.int.KafkaMetricsCollector] (main) initializing Kafka metrics collector
2025-07-31 17:05:33,472 INFO  [org.apa.kaf.cli.pro.KafkaProducer] (main) [Producer clientId=Producer-topic-42235aec_8159_4337_a1a2_1bbb388bfb89] Instantiated an idempotent producer.
2025-07-31 17:05:33,476 INFO  [org.apa.kaf.cli.pro.ProducerConfig] (main) These configurations '[apicurio.registry.url, apicurio.registry.auto-register, apicurio.registry.artifact-resolver-strategy]' were supplied but are not used yet.
2025-07-31 17:05:33,476 INFO  [org.apa.kaf.com.uti.AppInfoParser] (main) Kafka version: 3.9.1
2025-07-31 17:05:33,476 INFO  [org.apa.kaf.com.uti.AppInfoParser] (main) Kafka commitId: f745dfdcee2b9851
2025-07-31 17:05:33,476 INFO  [org.apa.kaf.com.uti.AppInfoParser] (main) Kafka startTimeMs: 1753981533476
2025-07-31 17:05:33,476 INFO  [io.api.tes.ser.api.SimpleSerdesTesterBuilder$SimpleSerdesTester] (main) Using producer configuration: {apicurio.registry.url=http://registry-app-kafkasql.apps.ci419.apicurio-testing.org:80/apis/registry/v3, apicurio.registry.auto-register=true, apicurio.registry.artifact-resolver-strategy=io.apicurio.registry.serde.strategy.TopicIdStrategy, value.serializer=io.apicurio.registry.serde.protobuf.ProtobufKafkaSerializer, request.timeout.ms=5000, acks=all, bootstrap.servers=PLAINTEXT://localhost:32770, connections.max.idle.ms=10000, key.serializer=org.apache.kafka.common.serialization.StringSerializer, client.id=Producer-topic-42235aec_8159_4337_a1a2_1bbb388bfb89}
2025-07-31 17:05:33,476 INFO  [io.api.tes.ser.api.SimpleSerdesTesterBuilder$SimpleSerdesTester] (main) Using consumer configuration: {apicurio.protobuf.derive.class=true}
2025-07-31 17:05:33,480 INFO  [io.api.tes.ser.api.KafkaSerdesTester] (Thread-779) Sending message header {
  time {
  }
}
d1: 1.753981533479E12
s1: "a"
i1: 123
bi1: 1
point {
  longitude: 22.0
  latitude: 22.0
  altitude: 1.0
}
 to topic topic-42235aec_8159_4337_a1a2_1bbb388bfb89
2025-07-31 17:05:33,488 WARN  [org.apa.kaf.cli.NetworkClient] (kafka-producer-network-thread | Producer-topic-42235aec_8159_4337_a1a2_1bbb388bfb89) [Producer clientId=Producer-topic-42235aec_8159_4337_a1a2_1bbb388bfb89] The metadata response from the cluster reported a recoverable issue with correlation id 2 : {topic-42235aec_8159_4337_a1a2_1bbb388bfb89=LEADER_NOT_AVAILABLE}
2025-07-31 17:05:33,488 INFO  [org.apa.kaf.cli.Metadata] (kafka-producer-network-thread | Producer-topic-42235aec_8159_4337_a1a2_1bbb388bfb89) [Producer clientId=Producer-topic-42235aec_8159_4337_a1a2_1bbb388bfb89] Cluster ID: WpqyxNU-RHKB_ermmfvksw
2025-07-31 17:05:33,490 INFO  [org.apa.kaf.cli.pro.int.TransactionManager] (kafka-producer-network-thread | Producer-topic-42235aec_8159_4337_a1a2_1bbb388bfb89) [Producer clientId=Producer-topic-42235aec_8159_4337_a1a2_1bbb388bfb89] ProducerId set to 33 with epoch 0
2025-07-31 17:05:33,831 INFO  [io.api.tes.ser.api.KafkaSerdesTester] (Thread-779) Sending message header {
  time {
  }
}
d1: 1.75398153383E12
s1: "a"
i1: 123
bi1: 1
point {
  longitude: 22.0
  latitude: 22.0
  altitude: 1.0
}
 to topic topic-42235aec_8159_4337_a1a2_1bbb388bfb89
2025-07-31 17:05:33,865 INFO  [io.api.tes.ser.api.KafkaSerdesTester] (Thread-779) Sending message header {
  time {
  }
}
d1: 1.753981533865E12
s1: "a"
i1: 123
bi1: 1
point {
  longitude: 22.0
  latitude: 22.0
  altitude: 1.0
}
 to topic topic-42235aec_8159_4337_a1a2_1bbb388bfb89
2025-07-31 17:05:33,904 INFO  [io.api.tes.ser.api.KafkaSerdesTester] (Thread-779) Sending message header {
  time {
  }
}
d1: 1.753981533904E12
s1: "a"
i1: 123
bi1: 1
point {
  longitude: 22.0
  latitude: 22.0
  altitude: 1.0
}
 to topic topic-42235aec_8159_4337_a1a2_1bbb388bfb89
2025-07-31 17:05:33,944 INFO  [io.api.tes.ser.api.KafkaSerdesTester] (Thread-779) Sending message header {
  time {
  }
}
d1: 1.753981533943E12
s1: "a"
i1: 123
bi1: 1
point {
  longitude: 22.0
  latitude: 22.0
  altitude: 1.0
}
 to topic topic-42235aec_8159_4337_a1a2_1bbb388bfb89
2025-07-31 17:05:33,982 INFO  [io.api.tes.ser.api.KafkaSerdesTester] (Thread-779) Sending message header {
  time {
  }
}
d1: 1.753981533982E12
s1: "a"
i1: 123
bi1: 1
point {
  longitude: 22.0
  latitude: 22.0
  altitude: 1.0
}
 to topic topic-42235aec_8159_4337_a1a2_1bbb388bfb89
2025-07-31 17:05:34,018 INFO  [io.api.tes.ser.api.KafkaSerdesTester] (Thread-779) Sending message header {
  time {
  }
}
d1: 1.753981534018E12
s1: "a"
i1: 123
bi1: 1
point {
  longitude: 22.0
  latitude: 22.0
  altitude: 1.0
}
 to topic topic-42235aec_8159_4337_a1a2_1bbb388bfb89
2025-07-31 17:05:34,053 INFO  [io.api.tes.ser.api.KafkaSerdesTester] (Thread-779) Sending message header {
  time {
  }
}
d1: 1.753981534052E12
s1: "a"
i1: 123
bi1: 1
point {
  longitude: 22.0
  latitude: 22.0
  altitude: 1.0
}
 to topic topic-42235aec_8159_4337_a1a2_1bbb388bfb89
2025-07-31 17:05:34,088 INFO  [io.api.tes.ser.api.KafkaSerdesTester] (Thread-779) Sending message header {
  time {
  }
}
d1: 1.753981534088E12
s1: "a"
i1: 123
bi1: 1
point {
  longitude: 22.0
  latitude: 22.0
  altitude: 1.0
}
 to topic topic-42235aec_8159_4337_a1a2_1bbb388bfb89
2025-07-31 17:05:34,149 INFO  [io.api.tes.ser.api.KafkaSerdesTester] (Thread-779) Sending message header {
  time {
  }
}
d1: 1.753981534148E12
s1: "a"
i1: 123
bi1: 1
point {
  longitude: 22.0
  latitude: 22.0
  altitude: 1.0
}
 to topic topic-42235aec_8159_4337_a1a2_1bbb388bfb89
2025-07-31 17:05:34,182 INFO  [io.api.tes.ser.api.KafkaSerdesTester] (Thread-779) Produced 10 messages
2025-07-31 17:05:34,183 INFO  [org.apa.kaf.cli.pro.KafkaProducer] (Thread-779) [Producer clientId=Producer-topic-42235aec_8159_4337_a1a2_1bbb388bfb89] Closing the Kafka producer with timeoutMillis = 9223372036854775807 ms.
2025-07-31 17:05:34,184 INFO  [org.apa.kaf.com.met.Metrics] (Thread-779) Metrics scheduler closed
2025-07-31 17:05:34,184 INFO  [org.apa.kaf.com.met.Metrics] (Thread-779) Closing reporter org.apache.kafka.common.metrics.JmxReporter
2025-07-31 17:05:34,184 INFO  [org.apa.kaf.com.met.Metrics] (Thread-779) Closing reporter org.apache.kafka.common.telemetry.internals.ClientTelemetryReporter
2025-07-31 17:05:34,184 INFO  [org.apa.kaf.com.met.Metrics] (Thread-779) Metrics reporters closed
2025-07-31 17:05:34,185 INFO  [org.apa.kaf.com.uti.AppInfoParser] (Thread-779) App info kafka.producer for Producer-topic-42235aec_8159_4337_a1a2_1bbb388bfb89 unregistered
**** Registry Base URL: http://registry-app-kafkasql.apps.ci419.apicurio-testing.org:80
2025-07-31 17:05:34,211 INFO  [org.apa.kaf.cli.con.ConsumerConfig] (main) ConsumerConfig values: 
	allow.auto.create.topics = true
	auto.commit.interval.ms = 500
	auto.include.jmx.reporter = true
	auto.offset.reset = earliest
	bootstrap.servers = [PLAINTEXT://localhost:32770]
	check.crcs = true
	client.dns.lookup = use_all_dns_ips
	client.id = consumer-Consumer-topic-42235aec_8159_4337_a1a2_1bbb388bfb89-24
	client.rack = 
	connections.max.idle.ms = 10000
	default.api.timeout.ms = 60000
	enable.auto.commit = true
	enable.metrics.push = true
	exclude.internal.topics = true
	fetch.max.bytes = 52428800
	fetch.max.wait.ms = 500
	fetch.min.bytes = 1
	group.id = Consumer-topic-42235aec_8159_4337_a1a2_1bbb388bfb89
	group.instance.id = null
	group.protocol = classic
	group.remote.assignor = null
	heartbeat.interval.ms = 3000
	interceptor.classes = []
	internal.leave.group.on.close = true
	internal.throw.on.fetch.stable.offset.unsupported = false
	isolation.level = read_uncommitted
	key.deserializer = class org.apache.kafka.common.serialization.StringDeserializer
	max.partition.fetch.bytes = 1048576
	max.poll.interval.ms = 300000
	max.poll.records = 500
	metadata.max.age.ms = 300000
	metadata.recovery.strategy = none
	metric.reporters = []
	metrics.num.samples = 2
	metrics.recording.level = INFO
	metrics.sample.window.ms = 30000
	partition.assignment.strategy = [class org.apache.kafka.clients.consumer.RangeAssignor, class org.apache.kafka.clients.consumer.CooperativeStickyAssignor]
	receive.buffer.bytes = 65536
	reconnect.backoff.max.ms = 1000
	reconnect.backoff.ms = 50
	request.timeout.ms = 5000
	retry.backoff.max.ms = 1000
	retry.backoff.ms = 100
	sasl.client.callback.handler.class = null
	sasl.jaas.config = null
	sasl.kerberos.kinit.cmd = /usr/bin/kinit
	sasl.kerberos.min.time.before.relogin = 60000
	sasl.kerberos.service.name = null
	sasl.kerberos.ticket.renew.jitter = 0.05
	sasl.kerberos.ticket.renew.window.factor = 0.8
	sasl.login.callback.handler.class = null
	sasl.login.class = null
	sasl.login.connect.timeout.ms = null
	sasl.login.read.timeout.ms = null
	sasl.login.refresh.buffer.seconds = 300
	sasl.login.refresh.min.period.seconds = 60
	sasl.login.refresh.window.factor = 0.8
	sasl.login.refresh.window.jitter = 0.05
	sasl.login.retry.backoff.max.ms = 10000
	sasl.login.retry.backoff.ms = 100
	sasl.mechanism = GSSAPI
	sasl.oauthbearer.clock.skew.seconds = 30
	sasl.oauthbearer.expected.audience = null
	sasl.oauthbearer.expected.issuer = null
	sasl.oauthbearer.header.urlencode = false
	sasl.oauthbearer.jwks.endpoint.refresh.ms = 3600000
	sasl.oauthbearer.jwks.endpoint.retry.backoff.max.ms = 10000
	sasl.oauthbearer.jwks.endpoint.retry.backoff.ms = 100
	sasl.oauthbearer.jwks.endpoint.url = null
	sasl.oauthbearer.scope.claim.name = scope
	sasl.oauthbearer.sub.claim.name = sub
	sasl.oauthbearer.token.endpoint.url = null
	security.protocol = PLAINTEXT
	security.providers = null
	send.buffer.bytes = 131072
	session.timeout.ms = 45000
	socket.connection.setup.timeout.max.ms = 30000
	socket.connection.setup.timeout.ms = 10000
	ssl.cipher.suites = null
	ssl.enabled.protocols = [TLSv1.2, TLSv1.3]
	ssl.endpoint.identification.algorithm = https
	ssl.engine.factory.class = null
	ssl.key.password = null
	ssl.keymanager.algorithm = SunX509
	ssl.keystore.certificate.chain = null
	ssl.keystore.key = null
	ssl.keystore.location = null
	ssl.keystore.password = null
	ssl.keystore.type = JKS
	ssl.protocol = TLSv1.3
	ssl.provider = null
	ssl.secure.random.implementation = null
	ssl.trustmanager.algorithm = PKIX
	ssl.truststore.certificates = null
	ssl.truststore.location = null
	ssl.truststore.password = null
	ssl.truststore.type = JKS
	value.deserializer = class io.apicurio.registry.serde.protobuf.ProtobufKafkaDeserializer

2025-07-31 17:05:34,212 INFO  [org.apa.kaf.com.tel.int.KafkaMetricsCollector] (main) initializing Kafka metrics collector
2025-07-31 17:05:34,215 INFO  [org.apa.kaf.cli.con.ConsumerConfig] (main) These configurations '[apicurio.registry.url, apicurio.protobuf.derive.class]' were supplied but are not used yet.
2025-07-31 17:05:34,215 INFO  [org.apa.kaf.com.uti.AppInfoParser] (main) Kafka version: 3.9.1
2025-07-31 17:05:34,215 INFO  [org.apa.kaf.com.uti.AppInfoParser] (main) Kafka commitId: f745dfdcee2b9851
2025-07-31 17:05:34,215 INFO  [org.apa.kaf.com.uti.AppInfoParser] (main) Kafka startTimeMs: 1753981534215
2025-07-31 17:05:34,216 INFO  [org.apa.kaf.cli.con.int.ClassicKafkaConsumer] (Thread-782) [Consumer clientId=consumer-Consumer-topic-42235aec_8159_4337_a1a2_1bbb388bfb89-24, groupId=Consumer-topic-42235aec_8159_4337_a1a2_1bbb388bfb89] Subscribed to topic(s): topic-42235aec_8159_4337_a1a2_1bbb388bfb89
2025-07-31 17:05:34,219 INFO  [org.apa.kaf.cli.Metadata] (Thread-782) [Consumer clientId=consumer-Consumer-topic-42235aec_8159_4337_a1a2_1bbb388bfb89-24, groupId=Consumer-topic-42235aec_8159_4337_a1a2_1bbb388bfb89] Cluster ID: WpqyxNU-RHKB_ermmfvksw
2025-07-31 17:05:34,219 INFO  [org.apa.kaf.cli.con.int.ConsumerCoordinator] (Thread-782) [Consumer clientId=consumer-Consumer-topic-42235aec_8159_4337_a1a2_1bbb388bfb89-24, groupId=Consumer-topic-42235aec_8159_4337_a1a2_1bbb388bfb89] Discovered group coordinator localhost:32770 (id: 2147483647 rack: null)
2025-07-31 17:05:34,220 INFO  [org.apa.kaf.cli.con.int.ConsumerCoordinator] (Thread-782) [Consumer clientId=consumer-Consumer-topic-42235aec_8159_4337_a1a2_1bbb388bfb89-24, groupId=Consumer-topic-42235aec_8159_4337_a1a2_1bbb388bfb89] (Re-)joining group
2025-07-31 17:05:34,224 INFO  [org.apa.kaf.cli.con.int.ConsumerCoordinator] (Thread-782) [Consumer clientId=consumer-Consumer-topic-42235aec_8159_4337_a1a2_1bbb388bfb89-24, groupId=Consumer-topic-42235aec_8159_4337_a1a2_1bbb388bfb89] Request joining group due to: need to re-join with the given member-id: consumer-Consumer-topic-42235aec_8159_4337_a1a2_1bbb388bfb89-24-bf394adb-8d7b-4607-840f-900999f4660b
2025-07-31 17:05:34,224 INFO  [org.apa.kaf.cli.con.int.ConsumerCoordinator] (Thread-782) [Consumer clientId=consumer-Consumer-topic-42235aec_8159_4337_a1a2_1bbb388bfb89-24, groupId=Consumer-topic-42235aec_8159_4337_a1a2_1bbb388bfb89] (Re-)joining group
2025-07-31 17:05:34,225 INFO  [org.apa.kaf.cli.con.int.ConsumerCoordinator] (Thread-782) [Consumer clientId=consumer-Consumer-topic-42235aec_8159_4337_a1a2_1bbb388bfb89-24, groupId=Consumer-topic-42235aec_8159_4337_a1a2_1bbb388bfb89] Successfully joined group with generation Generation{generationId=1, memberId='consumer-Consumer-topic-42235aec_8159_4337_a1a2_1bbb388bfb89-24-bf394adb-8d7b-4607-840f-900999f4660b', protocol='range'}
2025-07-31 17:05:34,226 INFO  [org.apa.kaf.cli.con.int.ConsumerCoordinator] (Thread-782) [Consumer clientId=consumer-Consumer-topic-42235aec_8159_4337_a1a2_1bbb388bfb89-24, groupId=Consumer-topic-42235aec_8159_4337_a1a2_1bbb388bfb89] Finished assignment for group at generation 1: {consumer-Consumer-topic-42235aec_8159_4337_a1a2_1bbb388bfb89-24-bf394adb-8d7b-4607-840f-900999f4660b=Assignment(partitions=[topic-42235aec_8159_4337_a1a2_1bbb388bfb89-0])}
2025-07-31 17:05:34,227 INFO  [org.apa.kaf.cli.con.int.ConsumerCoordinator] (Thread-782) [Consumer clientId=consumer-Consumer-topic-42235aec_8159_4337_a1a2_1bbb388bfb89-24, groupId=Consumer-topic-42235aec_8159_4337_a1a2_1bbb388bfb89] Successfully synced group in generation Generation{generationId=1, memberId='consumer-Consumer-topic-42235aec_8159_4337_a1a2_1bbb388bfb89-24-bf394adb-8d7b-4607-840f-900999f4660b', protocol='range'}
2025-07-31 17:05:34,227 INFO  [org.apa.kaf.cli.con.int.ConsumerCoordinator] (Thread-782) [Consumer clientId=consumer-Consumer-topic-42235aec_8159_4337_a1a2_1bbb388bfb89-24, groupId=Consumer-topic-42235aec_8159_4337_a1a2_1bbb388bfb89] Notifying assignor about the new Assignment(partitions=[topic-42235aec_8159_4337_a1a2_1bbb388bfb89-0])
2025-07-31 17:05:34,227 INFO  [org.apa.kaf.cli.con.int.ConsumerRebalanceListenerInvoker] (Thread-782) [Consumer clientId=consumer-Consumer-topic-42235aec_8159_4337_a1a2_1bbb388bfb89-24, groupId=Consumer-topic-42235aec_8159_4337_a1a2_1bbb388bfb89] Adding newly assigned partitions: topic-42235aec_8159_4337_a1a2_1bbb388bfb89-0
2025-07-31 17:05:34,228 INFO  [org.apa.kaf.cli.con.int.ConsumerCoordinator] (Thread-782) [Consumer clientId=consumer-Consumer-topic-42235aec_8159_4337_a1a2_1bbb388bfb89-24, groupId=Consumer-topic-42235aec_8159_4337_a1a2_1bbb388bfb89] Found no committed offset for partition topic-42235aec_8159_4337_a1a2_1bbb388bfb89-0
2025-07-31 17:05:34,231 INFO  [org.apa.kaf.cli.con.int.SubscriptionState] (Thread-782) [Consumer clientId=consumer-Consumer-topic-42235aec_8159_4337_a1a2_1bbb388bfb89-24, groupId=Consumer-topic-42235aec_8159_4337_a1a2_1bbb388bfb89] Resetting offset for partition topic-42235aec_8159_4337_a1a2_1bbb388bfb89-0 to position FetchPosition{offset=0, offsetEpoch=Optional.empty, currentLeader=LeaderAndEpoch{leader=Optional[localhost:32770 (id: 0 rack: null)], epoch=0}}.
2025-07-31 17:05:34,296 INFO  [io.api.tes.ser.api.KafkaSerdesTester] (Thread-782) topic-42235aec_8159_4337_a1a2_1bbb388bfb89 0 0 header {
  time {
  }
}
d1: 1.753981533479E12
s1: "a"
i1: 123
bi1: 1
point {
  longitude: 22.0
  latitude: 22.0
  altitude: 1.0
}

2025-07-31 17:05:34,296 INFO  [io.api.tes.ser.api.KafkaSerdesTester] (Thread-782) topic-42235aec_8159_4337_a1a2_1bbb388bfb89 0 1 header {
  time {
  }
}
d1: 1.75398153383E12
s1: "a"
i1: 123
bi1: 1
point {
  longitude: 22.0
  latitude: 22.0
  altitude: 1.0
}

2025-07-31 17:05:34,297 INFO  [io.api.tes.ser.api.KafkaSerdesTester] (Thread-782) topic-42235aec_8159_4337_a1a2_1bbb388bfb89 0 2 header {
  time {
  }
}
d1: 1.753981533865E12
s1: "a"
i1: 123
bi1: 1
point {
  longitude: 22.0
  latitude: 22.0
  altitude: 1.0
}

2025-07-31 17:05:34,297 INFO  [io.api.tes.ser.api.KafkaSerdesTester] (Thread-782) topic-42235aec_8159_4337_a1a2_1bbb388bfb89 0 3 header {
  time {
  }
}
d1: 1.753981533904E12
s1: "a"
i1: 123
bi1: 1
point {
  longitude: 22.0
  latitude: 22.0
  altitude: 1.0
}

2025-07-31 17:05:34,297 INFO  [io.api.tes.ser.api.KafkaSerdesTester] (Thread-782) topic-42235aec_8159_4337_a1a2_1bbb388bfb89 0 4 header {
  time {
  }
}
d1: 1.753981533943E12
s1: "a"
i1: 123
bi1: 1
point {
  longitude: 22.0
  latitude: 22.0
  altitude: 1.0
}

2025-07-31 17:05:34,297 INFO  [io.api.tes.ser.api.KafkaSerdesTester] (Thread-782) topic-42235aec_8159_4337_a1a2_1bbb388bfb89 0 5 header {
  time {
  }
}
d1: 1.753981533982E12
s1: "a"
i1: 123
bi1: 1
point {
  longitude: 22.0
  latitude: 22.0
  altitude: 1.0
}

2025-07-31 17:05:34,297 INFO  [io.api.tes.ser.api.KafkaSerdesTester] (Thread-782) topic-42235aec_8159_4337_a1a2_1bbb388bfb89 0 6 header {
  time {
  }
}
d1: 1.753981534018E12
s1: "a"
i1: 123
bi1: 1
point {
  longitude: 22.0
  latitude: 22.0
  altitude: 1.0
}

2025-07-31 17:05:34,297 INFO  [io.api.tes.ser.api.KafkaSerdesTester] (Thread-782) topic-42235aec_8159_4337_a1a2_1bbb388bfb89 0 7 header {
  time {
  }
}
d1: 1.753981534052E12
s1: "a"
i1: 123
bi1: 1
point {
  longitude: 22.0
  latitude: 22.0
  altitude: 1.0
}

2025-07-31 17:05:34,298 INFO  [io.api.tes.ser.api.KafkaSerdesTester] (Thread-782) topic-42235aec_8159_4337_a1a2_1bbb388bfb89 0 8 header {
  time {
  }
}
d1: 1.753981534088E12
s1: "a"
i1: 123
bi1: 1
point {
  longitude: 22.0
  latitude: 22.0
  altitude: 1.0
}

2025-07-31 17:05:34,298 INFO  [io.api.tes.ser.api.KafkaSerdesTester] (Thread-782) topic-42235aec_8159_4337_a1a2_1bbb388bfb89 0 9 header {
  time {
  }
}
d1: 1.753981534148E12
s1: "a"
i1: 123
bi1: 1
point {
  longitude: 22.0
  latitude: 22.0
  altitude: 1.0
}

2025-07-31 17:05:34,298 INFO  [io.api.tes.ser.api.KafkaSerdesTester] (Thread-782) Consumed 10 messages
2025-07-31 17:05:34,300 INFO  [org.apa.kaf.cli.con.int.ConsumerRebalanceListenerInvoker] (Thread-782) [Consumer clientId=consumer-Consumer-topic-42235aec_8159_4337_a1a2_1bbb388bfb89-24, groupId=Consumer-topic-42235aec_8159_4337_a1a2_1bbb388bfb89] Revoke previously assigned partitions topic-42235aec_8159_4337_a1a2_1bbb388bfb89-0
2025-07-31 17:05:34,300 INFO  [org.apa.kaf.cli.con.int.ConsumerCoordinator] (Thread-782) [Consumer clientId=consumer-Consumer-topic-42235aec_8159_4337_a1a2_1bbb388bfb89-24, groupId=Consumer-topic-42235aec_8159_4337_a1a2_1bbb388bfb89] Member consumer-Consumer-topic-42235aec_8159_4337_a1a2_1bbb388bfb89-24-bf394adb-8d7b-4607-840f-900999f4660b sending LeaveGroup request to coordinator localhost:32770 (id: 2147483647 rack: null) due to the consumer is being closed
2025-07-31 17:05:34,300 INFO  [org.apa.kaf.cli.con.int.ConsumerCoordinator] (Thread-782) [Consumer clientId=consumer-Consumer-topic-42235aec_8159_4337_a1a2_1bbb388bfb89-24, groupId=Consumer-topic-42235aec_8159_4337_a1a2_1bbb388bfb89] Resetting generation and member id due to: consumer pro-actively leaving the group
2025-07-31 17:05:34,301 INFO  [org.apa.kaf.cli.con.int.ConsumerCoordinator] (Thread-782) [Consumer clientId=consumer-Consumer-topic-42235aec_8159_4337_a1a2_1bbb388bfb89-24, groupId=Consumer-topic-42235aec_8159_4337_a1a2_1bbb388bfb89] Request joining group due to: consumer pro-actively leaving the group
2025-07-31 17:05:34,801 INFO  [org.apa.kaf.com.met.Metrics] (Thread-782) Metrics scheduler closed
2025-07-31 17:05:34,801 INFO  [org.apa.kaf.com.met.Metrics] (Thread-782) Closing reporter org.apache.kafka.common.metrics.JmxReporter
2025-07-31 17:05:34,801 INFO  [org.apa.kaf.com.met.Metrics] (Thread-782) Closing reporter org.apache.kafka.common.telemetry.internals.ClientTelemetryReporter
2025-07-31 17:05:34,801 INFO  [org.apa.kaf.com.met.Metrics] (Thread-782) Metrics reporters closed
2025-07-31 17:05:34,804 INFO  [org.apa.kaf.com.uti.AppInfoParser] (Thread-782) App info kafka.consumer for consumer-Consumer-topic-42235aec_8159_4337_a1a2_1bbb388bfb89-24 unregistered
2025-07-31 17:05:34,804 INFO  [io.api.tes.uti.TestSeparator] (main) io.apicurio.tests.serdes.apicurio.ProtobufSerdeIT.testAutoRegisterAndUseBody-FINISHED
2025-07-31 17:05:34,804 INFO  [io.api.tes.uti.TestSeparator] (main) ############################################################################
Test passed: testAutoRegisterAndUseBody
]]></system-out>
  </testcase>
  <testcase name="testValidation" classname="io.apicurio.tests.serdes.apicurio.ProtobufSerdeIT" time="0.036">
    <error type="io.apicurio.registry.rest.client.models.RuleViolationProblemDetails"><![CDATA[io.apicurio.registry.rest.client.models.RuleViolationProblemDetails
	at io.apicurio.registry.rest.client.models.RuleViolationProblemDetails.createFromDiscriminatorValue(RuleViolationProblemDetails.java:62)
	at io.kiota.serialization.json.JsonParseNode.getObjectValue(JsonParseNode.java:247)
	at io.kiota.http.vertx.VertXRequestAdapter.lambda$throwIfFailedResponse$0(VertXRequestAdapter.java:400)
	at com.microsoft.kiota.ApiExceptionBuilder.<init>(ApiExceptionBuilder.java:26)
	at io.kiota.http.vertx.VertXRequestAdapter.throwIfFailedResponse(VertXRequestAdapter.java:399)
	at io.kiota.http.vertx.VertXRequestAdapter.send(VertXRequestAdapter.java:170)
	at io.apicurio.registry.rest.client.groups.item.artifacts.ArtifactsRequestBuilder.post(ArtifactsRequestBuilder.java:130)
	at io.apicurio.tests.ApicurioRegistryBaseIT.createArtifact(ApicurioRegistryBaseIT.java:184)
	at io.apicurio.tests.serdes.apicurio.ProtobufSerdeIT.testValidation(ProtobufSerdeIT.java:164)
	at java.base/java.lang.reflect.Method.invoke(Method.java:569)
	at java.base/java.util.ArrayList.forEach(ArrayList.java:1511)
	at java.base/java.util.ArrayList.forEach(ArrayList.java:1511)
]]></error>
    <system-out><![CDATA[2025-07-31 17:05:34,805 INFO  [io.api.tes.uti.TestSeparator] (main) ############################################################################
2025-07-31 17:05:34,806 INFO  [io.api.tes.uti.TestSeparator] (main) io.apicurio.tests.serdes.apicurio.ProtobufSerdeIT.testValidation-STARTED
2025-07-31 17:05:34,828 INFO  [io.api.tes.uti.TestSeparator] (main) io.apicurio.tests.serdes.apicurio.ProtobufSerdeIT.testValidation-FINISHED
2025-07-31 17:05:34,828 INFO  [io.api.tes.uti.TestSeparator] (main) ############################################################################
2025-07-31 17:05:34,828 ERROR [io.api.reg.uti.tes.TestUtils] (main) === TEST FAILED ===
2025-07-31 17:05:34,828 ERROR [io.api.reg.uti.tes.TestUtils] (main) Class: class io.apicurio.tests.serdes.apicurio.ProtobufSerdeIT
2025-07-31 17:05:34,828 ERROR [io.api.reg.uti.tes.TestUtils] (main) Test:  testValidation
2025-07-31 17:05:34,828 ERROR [io.api.reg.uti.tes.TestUtils] (main) ID:    [engine:junit-jupiter]/[class:io.apicurio.tests.serdes.apicurio.ProtobufSerdeIT]/[method:testValidation()]
2025-07-31 17:05:34,828 ERROR [io.api.reg.uti.tes.TestUtils] (main) Error: RuleViolationProblemDetails - null
2025-07-31 17:05:34,828 ERROR [io.api.reg.uti.tes.TestUtils] (main) Rule Violation Problem Details
2025-07-31 17:05:34,837 WARNING [org.jun.jup.eng.des.MethodBasedTestDescriptor] (main) Failed to invoke TestWatcher [io.apicurio.tests.ApicurioRegistryBaseIT$RegistryApiErrorWatcher] for method [io.apicurio.tests.serdes.apicurio.ProtobufSerdeIT#testValidation()] with display name [testValidation]: java.lang.StackOverflowError
	at io.apicurio.tests.ApicurioRegistryBaseIT$RegistryApiErrorWatcher.logProblemDetails(ApicurioRegistryBaseIT.java:154)
	at io.apicurio.tests.ApicurioRegistryBaseIT$RegistryApiErrorWatcher.logProblemDetails(ApicurioRegistryBaseIT.java:154)
	at io.apicurio.tests.ApicurioRegistryBaseIT$RegistryApiErrorWatcher.logProblemDetails(ApicurioRegistryBaseIT.java:154)
	at io.apicurio.tests.ApicurioRegistryBaseIT$RegistryApiErrorWatcher.logProblemDetails(ApicurioRegistryBaseIT.java:154)
	at io.apicurio.tests.ApicurioRegistryBaseIT$RegistryApiErrorWatcher.logProblemDetails(ApicurioRegistryBaseIT.java:154)
	at io.apicurio.tests.ApicurioRegistryBaseIT$RegistryApiErrorWatcher.logProblemDetails(ApicurioRegistryBaseIT.java:154)
	at io.apicurio.tests.ApicurioRegistryBaseIT$RegistryApiErrorWatcher.logProblemDetails(ApicurioRegistryBaseIT.java:154)
	at io.apicurio.tests.ApicurioRegistryBaseIT$RegistryApiErrorWatcher.logProblemDetails(ApicurioRegistryBaseIT.java:154)
	at io.apicurio.tests.ApicurioRegistryBaseIT$RegistryApiErrorWatcher.logProblemDetails(ApicurioRegistryBaseIT.java:154)
	at io.apicurio.tests.ApicurioRegistryBaseIT$RegistryApiErrorWatcher.logProblemDetails(ApicurioRegistryBaseIT.java:154)
	at io.apicurio.tests.ApicurioRegistryBaseIT$RegistryApiErrorWatcher.logProblemDetails(ApicurioRegistryBaseIT.java:154)
	at io.apicurio.tests.ApicurioRegistryBaseIT$RegistryApiErrorWatcher.logProblemDetails(ApicurioRegistryBaseIT.java:154)
	at io.apicurio.tests.ApicurioRegistryBaseIT$RegistryApiErrorWatcher.logProblemDetails(ApicurioRegistryBaseIT.java:154)
	at io.apicurio.tests.ApicurioRegistryBaseIT$RegistryApiErrorWatcher.logProblemDetails(ApicurioRegistryBaseIT.java:154)
	at io.apicurio.tests.ApicurioRegistryBaseIT$RegistryApiErrorWatcher.logProblemDetails(ApicurioRegistryBaseIT.java:154)
	at io.apicurio.tests.ApicurioRegistryBaseIT$RegistryApiErrorWatcher.logProblemDetails(ApicurioRegistryBaseIT.java:154)
	at io.apicurio.tests.ApicurioRegistryBaseIT$RegistryApiErrorWatcher.logProblemDetails(ApicurioRegistryBaseIT.java:154)
	at io.apicurio.tests.ApicurioRegistryBaseIT$RegistryApiErrorWatcher.logProblemDetails(ApicurioRegistryBaseIT.java:154)
	at io.apicurio.tests.ApicurioRegistryBaseIT$RegistryApiErrorWatcher.logProblemDetails(ApicurioRegistryBaseIT.java:154)
	at io.apicurio.tests.ApicurioRegistryBaseIT$RegistryApiErrorWatcher.logProblemDetails(ApicurioRegistryBaseIT.java:154)
	at io.apicurio.tests.ApicurioRegistryBaseIT$RegistryApiErrorWatcher.logProblemDetails(ApicurioRegistryBaseIT.java:154)
	at io.apicurio.tests.ApicurioRegistryBaseIT$RegistryApiErrorWatcher.logProblemDetails(ApicurioRegistryBaseIT.java:154)
	at io.apicurio.tests.ApicurioRegistryBaseIT$RegistryApiErrorWatcher.logProblemDetails(ApicurioRegistryBaseIT.java:154)
	at io.apicurio.tests.ApicurioRegistryBaseIT$RegistryApiErrorWatcher.logProblemDetails(ApicurioRegistryBaseIT.java:154)
	at io.apicurio.tests.ApicurioRegistryBaseIT$RegistryApiErrorWatcher.logProblemDetails(ApicurioRegistryBaseIT.java:154)
	at io.apicurio.tests.ApicurioRegistryBaseIT$RegistryApiErrorWatcher.logProblemDetails(ApicurioRegistryBaseIT.java:154)
	at io.apicurio.tests.ApicurioRegistryBaseIT$RegistryApiErrorWatcher.logProblemDetails(ApicurioRegistryBaseIT.java:154)
	at io.apicurio.tests.ApicurioRegistryBaseIT$RegistryApiErrorWatcher.logProblemDetails(ApicurioRegistryBaseIT.java:154)
	at io.apicurio.tests.ApicurioRegistryBaseIT$RegistryApiErrorWatcher.logProblemDetails(ApicurioRegistryBaseIT.java:154)
	at io.apicurio.tests.ApicurioRegistryBaseIT$RegistryApiErrorWatcher.logProblemDetails(ApicurioRegistryBaseIT.java:154)
	at io.apicurio.tests.ApicurioRegistryBaseIT$RegistryApiErrorWatcher.logProblemDetails(ApicurioRegistryBaseIT.java:154)
	at io.apicurio.tests.ApicurioRegistryBaseIT$RegistryApiErrorWatcher.logProblemDetails(ApicurioRegistryBaseIT.java:154)
	at io.apicurio.tests.ApicurioRegistryBaseIT$RegistryApiErrorWatcher.logProblemDetails(ApicurioRegistryBaseIT.java:154)
	at io.apicurio.tests.ApicurioRegistryBaseIT$RegistryApiErrorWatcher.logProblemDetails(ApicurioRegistryBaseIT.java:154)
	at io.apicurio.tests.ApicurioRegistryBaseIT$RegistryApiErrorWatcher.logProblemDetails(ApicurioRegistryBaseIT.java:154)
	at io.apicurio.tests.ApicurioRegistryBaseIT$RegistryApiErrorWatcher.logProblemDetails(ApicurioRegistryBaseIT.java:154)
	at io.apicurio.tests.ApicurioRegistryBaseIT$RegistryApiErrorWatcher.logProblemDetails(ApicurioRegistryBaseIT.java:154)
	at io.apicurio.tests.ApicurioRegistryBaseIT$RegistryApiErrorWatcher.logProblemDetails(ApicurioRegistryBaseIT.java:154)
	at io.apicurio.tests.ApicurioRegistryBaseIT$RegistryApiErrorWatcher.logProblemDetails(ApicurioRegistryBaseIT.java:154)
	at io.apicurio.tests.ApicurioRegistryBaseIT$RegistryApiErrorWatcher.logProblemDetails(ApicurioRegistryBaseIT.java:154)
	at io.apicurio.tests.ApicurioRegistryBaseIT$RegistryApiErrorWatcher.logProblemDetails(ApicurioRegistryBaseIT.java:154)
	at io.apicurio.tests.ApicurioRegistryBaseIT$RegistryApiErrorWatcher.logProblemDetails(ApicurioRegistryBaseIT.java:154)
	at io.apicurio.tests.ApicurioRegistryBaseIT$RegistryApiErrorWatcher.logProblemDetails(ApicurioRegistryBaseIT.java:154)
	at io.apicurio.tests.ApicurioRegistryBaseIT$RegistryApiErrorWatcher.logProblemDetails(ApicurioRegistryBaseIT.java:154)
	at io.apicurio.tests.ApicurioRegistryBaseIT$RegistryApiErrorWatcher.logProblemDetails(ApicurioRegistryBaseIT.java:154)
	at io.apicurio.tests.ApicurioRegistryBaseIT$RegistryApiErrorWatcher.logProblemDetails(ApicurioRegistryBaseIT.java:154)
	at io.apicurio.tests.ApicurioRegistryBaseIT$RegistryApiErrorWatcher.logProblemDetails(ApicurioRegistryBaseIT.java:154)
	at io.apicurio.tests.ApicurioRegistryBaseIT$RegistryApiErrorWatcher.logProblemDetails(ApicurioRegistryBaseIT.java:154)
	at io.apicurio.tests.ApicurioRegistryBaseIT$RegistryApiErrorWatcher.logProblemDetails(ApicurioRegistryBaseIT.java:154)
	at io.apicurio.tests.ApicurioRegistryBaseIT$RegistryApiErrorWatcher.logProblemDetails(ApicurioRegistryBaseIT.java:154)
	at io.apicurio.tests.ApicurioRegistryBaseIT$RegistryApiErrorWatcher.logProblemDetails(ApicurioRegistryBaseIT.java:154)
	at io.apicurio.tests.ApicurioRegistryBaseIT$RegistryApiErrorWatcher.logProblemDetails(ApicurioRegistryBaseIT.java:154)
	at io.apicurio.tests.ApicurioRegistryBaseIT$RegistryApiErrorWatcher.logProblemDetails(ApicurioRegistryBaseIT.java:154)
	at io.apicurio.tests.ApicurioRegistryBaseIT$RegistryApiErrorWatcher.logProblemDetails(ApicurioRegistryBaseIT.java:154)
	at io.apicurio.tests.ApicurioRegistryBaseIT$RegistryApiErrorWatcher.logProblemDetails(ApicurioRegistryBaseIT.java:154)
	at io.apicurio.tests.ApicurioRegistryBaseIT$RegistryApiErrorWatcher.logProblemDetails(ApicurioRegistryBaseIT.java:154)
	at io.apicurio.tests.ApicurioRegistryBaseIT$RegistryApiErrorWatcher.logProblemDetails(ApicurioRegistryBaseIT.java:154)
	at io.apicurio.tests.ApicurioRegistryBaseIT$RegistryApiErrorWatcher.logProblemDetails(ApicurioRegistryBaseIT.java:154)
	at io.apicurio.tests.ApicurioRegistryBaseIT$RegistryApiErrorWatcher.logProblemDetails(ApicurioRegistryBaseIT.java:154)
	at io.apicurio.tests.ApicurioRegistryBaseIT$RegistryApiErrorWatcher.logProblemDetails(ApicurioRegistryBaseIT.java:154)
	at io.apicurio.tests.ApicurioRegistryBaseIT$RegistryApiErrorWatcher.logProblemDetails(ApicurioRegistryBaseIT.java:154)
	at io.apicurio.tests.ApicurioRegistryBaseIT$RegistryApiErrorWatcher.logProblemDetails(ApicurioRegistryBaseIT.java:154)
	at io.apicurio.tests.ApicurioRegistryBaseIT$RegistryApiErrorWatcher.logProblemDetails(ApicurioRegistryBaseIT.java:154)
	at io.apicurio.tests.ApicurioRegistryBaseIT$RegistryApiErrorWatcher.logProblemDetails(ApicurioRegistryBaseIT.java:154)
	at io.apicurio.tests.ApicurioRegistryBaseIT$RegistryApiErrorWatcher.logProblemDetails(ApicurioRegistryBaseIT.java:154)
	at io.apicurio.tests.ApicurioRegistryBaseIT$RegistryApiErrorWatcher.logProblemDetails(ApicurioRegistryBaseIT.java:154)
	at io.apicurio.tests.ApicurioRegistryBaseIT$RegistryApiErrorWatcher.logProblemDetails(ApicurioRegistryBaseIT.java:154)
	at io.apicurio.tests.ApicurioRegistryBaseIT$RegistryApiErrorWatcher.logProblemDetails(ApicurioRegistryBaseIT.java:154)
	at io.apicurio.tests.ApicurioRegistryBaseIT$RegistryApiErrorWatcher.logProblemDetails(ApicurioRegistryBaseIT.java:154)
	at io.apicurio.tests.ApicurioRegistryBaseIT$RegistryApiErrorWatcher.logProblemDetails(ApicurioRegistryBaseIT.java:154)
	at io.apicurio.tests.ApicurioRegistryBaseIT$RegistryApiErrorWatcher.logProblemDetails(ApicurioRegistryBaseIT.java:154)
	at io.apicurio.tests.ApicurioRegistryBaseIT$RegistryApiErrorWatcher.logProblemDetails(ApicurioRegistryBaseIT.java:154)
	at io.apicurio.tests.ApicurioRegistryBaseIT$RegistryApiErrorWatcher.logProblemDetails(ApicurioRegistryBaseIT.java:154)
	at io.apicurio.tests.ApicurioRegistryBaseIT$RegistryApiErrorWatcher.logProblemDetails(ApicurioRegistryBaseIT.java:154)
	at io.apicurio.tests.ApicurioRegistryBaseIT$RegistryApiErrorWatcher.logProblemDetails(ApicurioRegistryBaseIT.java:154)
	at io.apicurio.tests.ApicurioRegistryBaseIT$RegistryApiErrorWatcher.logProblemDetails(ApicurioRegistryBaseIT.java:154)
	at io.apicurio.tests.ApicurioRegistryBaseIT$RegistryApiErrorWatcher.logProblemDetails(ApicurioRegistryBaseIT.java:154)
	at io.apicurio.tests.ApicurioRegistryBaseIT$RegistryApiErrorWatcher.logProblemDetails(ApicurioRegistryBaseIT.java:154)
	at io.apicurio.tests.ApicurioRegistryBaseIT$RegistryApiErrorWatcher.logProblemDetails(ApicurioRegistryBaseIT.java:154)
	at io.apicurio.tests.ApicurioRegistryBaseIT$RegistryApiErrorWatcher.logProblemDetails(ApicurioRegistryBaseIT.java:154)
	at io.apicurio.tests.ApicurioRegistryBaseIT$RegistryApiErrorWatcher.logProblemDetails(ApicurioRegistryBaseIT.java:154)
	at io.apicurio.tests.ApicurioRegistryBaseIT$RegistryApiErrorWatcher.logProblemDetails(ApicurioRegistryBaseIT.java:154)
	at io.apicurio.tests.ApicurioRegistryBaseIT$RegistryApiErrorWatcher.logProblemDetails(ApicurioRegistryBaseIT.java:154)
	at io.apicurio.tests.ApicurioRegistryBaseIT$RegistryApiErrorWatcher.logProblemDetails(ApicurioRegistryBaseIT.java:154)
	at io.apicurio.tests.ApicurioRegistryBaseIT$RegistryApiErrorWatcher.logProblemDetails(ApicurioRegistryBaseIT.java:154)
	at io.apicurio.tests.ApicurioRegistryBaseIT$RegistryApiErrorWatcher.logProblemDetails(ApicurioRegistryBaseIT.java:154)
	at io.apicurio.tests.ApicurioRegistryBaseIT$RegistryApiErrorWatcher.logProblemDetails(ApicurioRegistryBaseIT.java:154)
	at io.apicurio.tests.ApicurioRegistryBaseIT$RegistryApiErrorWatcher.logProblemDetails(ApicurioRegistryBaseIT.java:154)
	at io.apicurio.tests.ApicurioRegistryBaseIT$RegistryApiErrorWatcher.logProblemDetails(ApicurioRegistryBaseIT.java:154)
	at io.apicurio.tests.ApicurioRegistryBaseIT$RegistryApiErrorWatcher.logProblemDetails(ApicurioRegistryBaseIT.java:154)
	at io.apicurio.tests.ApicurioRegistryBaseIT$RegistryApiErrorWatcher.logProblemDetails(ApicurioRegistryBaseIT.java:154)
	at io.apicurio.tests.ApicurioRegistryBaseIT$RegistryApiErrorWatcher.logProblemDetails(ApicurioRegistryBaseIT.java:154)
	at io.apicurio.tests.ApicurioRegistryBaseIT$RegistryApiErrorWatcher.logProblemDetails(ApicurioRegistryBaseIT.java:154)
	at io.apicurio.tests.ApicurioRegistryBaseIT$RegistryApiErrorWatcher.logProblemDetails(ApicurioRegistryBaseIT.java:154)
	at io.apicurio.tests.ApicurioRegistryBaseIT$RegistryApiErrorWatcher.logProblemDetails(ApicurioRegistryBaseIT.java:154)
	at io.apicurio.tests.ApicurioRegistryBaseIT$RegistryApiErrorWatcher.logProblemDetails(ApicurioRegistryBaseIT.java:154)
	at io.apicurio.tests.ApicurioRegistryBaseIT$RegistryApiErrorWatcher.logProblemDetails(ApicurioRegistryBaseIT.java:154)
	at io.apicurio.tests.ApicurioRegistryBaseIT$RegistryApiErrorWatcher.logProblemDetails(ApicurioRegistryBaseIT.java:154)
	at io.apicurio.tests.ApicurioRegistryBaseIT$RegistryApiErrorWatcher.logProblemDetails(ApicurioRegistryBaseIT.java:154)
	at io.apicurio.tests.ApicurioRegistryBaseIT$RegistryApiErrorWatcher.logProblemDetails(ApicurioRegistryBaseIT.java:154)
	at io.apicurio.tests.ApicurioRegistryBaseIT$RegistryApiErrorWatcher.logProblemDetails(ApicurioRegistryBaseIT.java:154)
	at io.apicurio.tests.ApicurioRegistryBaseIT$RegistryApiErrorWatcher.logProblemDetails(ApicurioRegistryBaseIT.java:154)
	at io.apicurio.tests.ApicurioRegistryBaseIT$RegistryApiErrorWatcher.logProblemDetails(ApicurioRegistryBaseIT.java:154)
	at io.apicurio.tests.ApicurioRegistryBaseIT$RegistryApiErrorWatcher.logProblemDetails(ApicurioRegistryBaseIT.java:154)
	at io.apicurio.tests.ApicurioRegistryBaseIT$RegistryApiErrorWatcher.logProblemDetails(ApicurioRegistryBaseIT.java:154)
	at io.apicurio.tests.ApicurioRegistryBaseIT$RegistryApiErrorWatcher.logProblemDetails(ApicurioRegistryBaseIT.java:154)
	at io.apicurio.tests.ApicurioRegistryBaseIT$RegistryApiErrorWatcher.logProblemDetails(ApicurioRegistryBaseIT.java:154)
	at io.apicurio.tests.ApicurioRegistryBaseIT$RegistryApiErrorWatcher.logProblemDetails(ApicurioRegistryBaseIT.java:154)
	at io.apicurio.tests.ApicurioRegistryBaseIT$RegistryApiErrorWatcher.logProblemDetails(ApicurioRegistryBaseIT.java:154)
	at io.apicurio.tests.ApicurioRegistryBaseIT$RegistryApiErrorWatcher.logProblemDetails(ApicurioRegistryBaseIT.java:154)
	at io.apicurio.tests.ApicurioRegistryBaseIT$RegistryApiErrorWatcher.logProblemDetails(ApicurioRegistryBaseIT.java:154)
	at io.apicurio.tests.ApicurioRegistryBaseIT$RegistryApiErrorWatcher.logProblemDetails(ApicurioRegistryBaseIT.java:154)
	at io.apicurio.tests.ApicurioRegistryBaseIT$RegistryApiErrorWatcher.logProblemDetails(ApicurioRegistryBaseIT.java:154)
	at io.apicurio.tests.ApicurioRegistryBaseIT$RegistryApiErrorWatcher.logProblemDetails(ApicurioRegistryBaseIT.java:154)
	at io.apicurio.tests.ApicurioRegistryBaseIT$RegistryApiErrorWatcher.logProblemDetails(ApicurioRegistryBaseIT.java:154)
	at io.apicurio.tests.ApicurioRegistryBaseIT$RegistryApiErrorWatcher.logProblemDetails(ApicurioRegistryBaseIT.java:154)
	at io.apicurio.tests.ApicurioRegistryBaseIT$RegistryApiErrorWatcher.logProblemDetails(ApicurioRegistryBaseIT.java:154)
	at io.apicurio.tests.ApicurioRegistryBaseIT$RegistryApiErrorWatcher.logProblemDetails(ApicurioRegistryBaseIT.java:154)
	at io.apicurio.tests.ApicurioRegistryBaseIT$RegistryApiErrorWatcher.logProblemDetails(ApicurioRegistryBaseIT.java:154)
	at io.apicurio.tests.ApicurioRegistryBaseIT$RegistryApiErrorWatcher.logProblemDetails(ApicurioRegistryBaseIT.java:154)
	at io.apicurio.tests.ApicurioRegistryBaseIT$RegistryApiErrorWatcher.logProblemDetails(ApicurioRegistryBaseIT.java:154)
	at io.apicurio.tests.ApicurioRegistryBaseIT$RegistryApiErrorWatcher.logProblemDetails(ApicurioRegistryBaseIT.java:154)
	at io.apicurio.tests.ApicurioRegistryBaseIT$RegistryApiErrorWatcher.logProblemDetails(ApicurioRegistryBaseIT.java:154)
	at io.apicurio.tests.ApicurioRegistryBaseIT$RegistryApiErrorWatcher.logProblemDetails(ApicurioRegistryBaseIT.java:154)
	at io.apicurio.tests.ApicurioRegistryBaseIT$RegistryApiErrorWatcher.logProblemDetails(ApicurioRegistryBaseIT.java:154)
	at io.apicurio.tests.ApicurioRegistryBaseIT$RegistryApiErrorWatcher.logProblemDetails(ApicurioRegistryBaseIT.java:154)
	at io.apicurio.tests.ApicurioRegistryBaseIT$RegistryApiErrorWatcher.logProblemDetails(ApicurioRegistryBaseIT.java:154)
	at io.apicurio.tests.ApicurioRegistryBaseIT$RegistryApiErrorWatcher.logProblemDetails(ApicurioRegistryBaseIT.java:154)
	at io.apicurio.tests.ApicurioRegistryBaseIT$RegistryApiErrorWatcher.logProblemDetails(ApicurioRegistryBaseIT.java:154)
	at io.apicurio.tests.ApicurioRegistryBaseIT$RegistryApiErrorWatcher.logProblemDetails(ApicurioRegistryBaseIT.java:154)
	at io.apicurio.tests.ApicurioRegistryBaseIT$RegistryApiErrorWatcher.logProblemDetails(ApicurioRegistryBaseIT.java:154)
	at io.apicurio.tests.ApicurioRegistryBaseIT$RegistryApiErrorWatcher.logProblemDetails(ApicurioRegistryBaseIT.java:154)
	at io.apicurio.tests.ApicurioRegistryBaseIT$RegistryApiErrorWatcher.logProblemDetails(ApicurioRegistryBaseIT.java:154)
	at io.apicurio.tests.ApicurioRegistryBaseIT$RegistryApiErrorWatcher.logProblemDetails(ApicurioRegistryBaseIT.java:154)
	at io.apicurio.tests.ApicurioRegistryBaseIT$RegistryApiErrorWatcher.logProblemDetails(ApicurioRegistryBaseIT.java:154)
	at io.apicurio.tests.ApicurioRegistryBaseIT$RegistryApiErrorWatcher.logProblemDetails(ApicurioRegistryBaseIT.java:154)
	at io.apicurio.tests.ApicurioRegistryBaseIT$RegistryApiErrorWatcher.logProblemDetails(ApicurioRegistryBaseIT.java:154)
	at io.apicurio.tests.ApicurioRegistryBaseIT$RegistryApiErrorWatcher.logProblemDetails(ApicurioRegistryBaseIT.java:154)
	at io.apicurio.tests.ApicurioRegistryBaseIT$RegistryApiErrorWatcher.logProblemDetails(ApicurioRegistryBaseIT.java:154)
	at io.apicurio.tests.ApicurioRegistryBaseIT$RegistryApiErrorWatcher.logProblemDetails(ApicurioRegistryBaseIT.java:154)
	at io.apicurio.tests.ApicurioRegistryBaseIT$RegistryApiErrorWatcher.logProblemDetails(ApicurioRegistryBaseIT.java:154)
	at io.apicurio.tests.ApicurioRegistryBaseIT$RegistryApiErrorWatcher.logProblemDetails(ApicurioRegistryBaseIT.java:154)
	at io.apicurio.tests.ApicurioRegistryBaseIT$RegistryApiErrorWatcher.logProblemDetails(ApicurioRegistryBaseIT.java:154)
	at io.apicurio.tests.ApicurioRegistryBaseIT$RegistryApiErrorWatcher.logProblemDetails(ApicurioRegistryBaseIT.java:154)
	at io.apicurio.tests.ApicurioRegistryBaseIT$RegistryApiErrorWatcher.logProblemDetails(ApicurioRegistryBaseIT.java:154)
	at io.apicurio.tests.ApicurioRegistryBaseIT$RegistryApiErrorWatcher.logProblemDetails(ApicurioRegistryBaseIT.java:154)
	at io.apicurio.tests.ApicurioRegistryBaseIT$RegistryApiErrorWatcher.logProblemDetails(ApicurioRegistryBaseIT.java:154)
	at io.apicurio.tests.ApicurioRegistryBaseIT$RegistryApiErrorWatcher.logProblemDetails(ApicurioRegistryBaseIT.java:154)
	at io.apicurio.tests.ApicurioRegistryBaseIT$RegistryApiErrorWatcher.logProblemDetails(ApicurioRegistryBaseIT.java:154)
	at io.apicurio.tests.ApicurioRegistryBaseIT$RegistryApiErrorWatcher.logProblemDetails(ApicurioRegistryBaseIT.java:154)
	at io.apicurio.tests.ApicurioRegistryBaseIT$RegistryApiErrorWatcher.logProblemDetails(ApicurioRegistryBaseIT.java:154)
	at io.apicurio.tests.ApicurioRegistryBaseIT$RegistryApiErrorWatcher.logProblemDetails(ApicurioRegistryBaseIT.java:154)
	at io.apicurio.tests.ApicurioRegistryBaseIT$RegistryApiErrorWatcher.logProblemDetails(ApicurioRegistryBaseIT.java:154)
	at io.apicurio.tests.ApicurioRegistryBaseIT$RegistryApiErrorWatcher.logProblemDetails(ApicurioRegistryBaseIT.java:154)
	at io.apicurio.tests.ApicurioRegistryBaseIT$RegistryApiErrorWatcher.logProblemDetails(ApicurioRegistryBaseIT.java:154)
	at io.apicurio.tests.ApicurioRegistryBaseIT$RegistryApiErrorWatcher.logProblemDetails(ApicurioRegistryBaseIT.java:154)
	at io.apicurio.tests.ApicurioRegistryBaseIT$RegistryApiErrorWatcher.logProblemDetails(ApicurioRegistryBaseIT.java:154)
	at io.apicurio.tests.ApicurioRegistryBaseIT$RegistryApiErrorWatcher.logProblemDetails(ApicurioRegistryBaseIT.java:154)
	at io.apicurio.tests.ApicurioRegistryBaseIT$RegistryApiErrorWatcher.logProblemDetails(ApicurioRegistryBaseIT.java:154)
	at io.apicurio.tests.ApicurioRegistryBaseIT$RegistryApiErrorWatcher.logProblemDetails(ApicurioRegistryBaseIT.java:154)
	at io.apicurio.tests.ApicurioRegistryBaseIT$RegistryApiErrorWatcher.logProblemDetails(ApicurioRegistryBaseIT.java:154)
	at io.apicurio.tests.ApicurioRegistryBaseIT$RegistryApiErrorWatcher.logProblemDetails(ApicurioRegistryBaseIT.java:154)
	at io.apicurio.tests.ApicurioRegistryBaseIT$RegistryApiErrorWatcher.logProblemDetails(ApicurioRegistryBaseIT.java:154)
	at io.apicurio.tests.ApicurioRegistryBaseIT$RegistryApiErrorWatcher.logProblemDetails(ApicurioRegistryBaseIT.java:154)
	at io.apicurio.tests.ApicurioRegistryBaseIT$RegistryApiErrorWatcher.logProblemDetails(ApicurioRegistryBaseIT.java:154)
	at io.apicurio.tests.ApicurioRegistryBaseIT$RegistryApiErrorWatcher.logProblemDetails(ApicurioRegistryBaseIT.java:154)
	at io.apicurio.tests.ApicurioRegistryBaseIT$RegistryApiErrorWatcher.logProblemDetails(ApicurioRegistryBaseIT.java:154)
	at io.apicurio.tests.ApicurioRegistryBaseIT$RegistryApiErrorWatcher.logProblemDetails(ApicurioRegistryBaseIT.java:154)
	at io.apicurio.tests.ApicurioRegistryBaseIT$RegistryApiErrorWatcher.logProblemDetails(ApicurioRegistryBaseIT.java:154)
	at io.apicurio.tests.ApicurioRegistryBaseIT$RegistryApiErrorWatcher.logProblemDetails(ApicurioRegistryBaseIT.java:154)
	at io.apicurio.tests.ApicurioRegistryBaseIT$RegistryApiErrorWatcher.logProblemDetails(ApicurioRegistryBaseIT.java:154)
	at io.apicurio.tests.ApicurioRegistryBaseIT$RegistryApiErrorWatcher.logProblemDetails(ApicurioRegistryBaseIT.java:154)
	at io.apicurio.tests.ApicurioRegistryBaseIT$RegistryApiErrorWatcher.logProblemDetails(ApicurioRegistryBaseIT.java:154)
	at io.apicurio.tests.ApicurioRegistryBaseIT$RegistryApiErrorWatcher.logProblemDetails(ApicurioRegistryBaseIT.java:154)
	at io.apicurio.tests.ApicurioRegistryBaseIT$RegistryApiErrorWatcher.logProblemDetails(ApicurioRegistryBaseIT.java:154)
	at io.apicurio.tests.ApicurioRegistryBaseIT$RegistryApiErrorWatcher.logProblemDetails(ApicurioRegistryBaseIT.java:154)
	at io.apicurio.tests.ApicurioRegistryBaseIT$RegistryApiErrorWatcher.logProblemDetails(ApicurioRegistryBaseIT.java:154)
	at io.apicurio.tests.ApicurioRegistryBaseIT$RegistryApiErrorWatcher.logProblemDetails(ApicurioRegistryBaseIT.java:154)
	at io.apicurio.tests.ApicurioRegistryBaseIT$RegistryApiErrorWatcher.logProblemDetails(ApicurioRegistryBaseIT.java:154)
	at io.apicurio.tests.ApicurioRegistryBaseIT$RegistryApiErrorWatcher.logProblemDetails(ApicurioRegistryBaseIT.java:154)
	at io.apicurio.tests.ApicurioRegistryBaseIT$RegistryApiErrorWatcher.logProblemDetails(ApicurioRegistryBaseIT.java:154)
	at io.apicurio.tests.ApicurioRegistryBaseIT$RegistryApiErrorWatcher.logProblemDetails(ApicurioRegistryBaseIT.java:154)
	at io.apicurio.tests.ApicurioRegistryBaseIT$RegistryApiErrorWatcher.logProblemDetails(ApicurioRegistryBaseIT.java:154)
	at io.apicurio.tests.ApicurioRegistryBaseIT$RegistryApiErrorWatcher.logProblemDetails(ApicurioRegistryBaseIT.java:154)
	at io.apicurio.tests.ApicurioRegistryBaseIT$RegistryApiErrorWatcher.logProblemDetails(ApicurioRegistryBaseIT.java:154)
	at io.apicurio.tests.ApicurioRegistryBaseIT$RegistryApiErrorWatcher.logProblemDetails(ApicurioRegistryBaseIT.java:154)
	at io.apicurio.tests.ApicurioRegistryBaseIT$RegistryApiErrorWatcher.logProblemDetails(ApicurioRegistryBaseIT.java:154)
	at io.apicurio.tests.ApicurioRegistryBaseIT$RegistryApiErrorWatcher.logProblemDetails(ApicurioRegistryBaseIT.java:154)
	at io.apicurio.tests.ApicurioRegistryBaseIT$RegistryApiErrorWatcher.logProblemDetails(ApicurioRegistryBaseIT.java:154)
	at io.apicurio.tests.ApicurioRegistryBaseIT$RegistryApiErrorWatcher.logProblemDetails(ApicurioRegistryBaseIT.java:154)
	at io.apicurio.tests.ApicurioRegistryBaseIT$RegistryApiErrorWatcher.logProblemDetails(ApicurioRegistryBaseIT.java:154)
	at io.apicurio.tests.ApicurioRegistryBaseIT$RegistryApiErrorWatcher.logProblemDetails(ApicurioRegistryBaseIT.java:154)
	at io.apicurio.tests.ApicurioRegistryBaseIT$RegistryApiErrorWatcher.logProblemDetails(ApicurioRegistryBaseIT.java:154)
	at io.apicurio.tests.ApicurioRegistryBaseIT$RegistryApiErrorWatcher.logProblemDetails(ApicurioRegistryBaseIT.java:154)
	at io.apicurio.tests.ApicurioRegistryBaseIT$RegistryApiErrorWatcher.logProblemDetails(ApicurioRegistryBaseIT.java:154)
	at io.apicurio.tests.ApicurioRegistryBaseIT$RegistryApiErrorWatcher.logProblemDetails(ApicurioRegistryBaseIT.java:154)
	at io.apicurio.tests.ApicurioRegistryBaseIT$RegistryApiErrorWatcher.logProblemDetails(ApicurioRegistryBaseIT.java:154)
	at io.apicurio.tests.ApicurioRegistryBaseIT$RegistryApiErrorWatcher.logProblemDetails(ApicurioRegistryBaseIT.java:154)
	at io.apicurio.tests.ApicurioRegistryBaseIT$RegistryApiErrorWatcher.logProblemDetails(ApicurioRegistryBaseIT.java:154)
	at io.apicurio.tests.ApicurioRegistryBaseIT$RegistryApiErrorWatcher.logProblemDetails(ApicurioRegistryBaseIT.java:154)
	at io.apicurio.tests.ApicurioRegistryBaseIT$RegistryApiErrorWatcher.logProblemDetails(ApicurioRegistryBaseIT.java:154)
	at io.apicurio.tests.ApicurioRegistryBaseIT$RegistryApiErrorWatcher.logProblemDetails(ApicurioRegistryBaseIT.java:154)
	at io.apicurio.tests.ApicurioRegistryBaseIT$RegistryApiErrorWatcher.logProblemDetails(ApicurioRegistryBaseIT.java:154)
	at io.apicurio.tests.ApicurioRegistryBaseIT$RegistryApiErrorWatcher.logProblemDetails(ApicurioRegistryBaseIT.java:154)
	at io.apicurio.tests.ApicurioRegistryBaseIT$RegistryApiErrorWatcher.logProblemDetails(ApicurioRegistryBaseIT.java:154)
	at io.apicurio.tests.ApicurioRegistryBaseIT$RegistryApiErrorWatcher.logProblemDetails(ApicurioRegistryBaseIT.java:154)
	at io.apicurio.tests.ApicurioRegistryBaseIT$RegistryApiErrorWatcher.logProblemDetails(ApicurioRegistryBaseIT.java:154)
	at io.apicurio.tests.ApicurioRegistryBaseIT$RegistryApiErrorWatcher.logProblemDetails(ApicurioRegistryBaseIT.java:154)
	at io.apicurio.tests.ApicurioRegistryBaseIT$RegistryApiErrorWatcher.logProblemDetails(ApicurioRegistryBaseIT.java:154)
	at io.apicurio.tests.ApicurioRegistryBaseIT$RegistryApiErrorWatcher.logProblemDetails(ApicurioRegistryBaseIT.java:154)
	at io.apicurio.tests.ApicurioRegistryBaseIT$RegistryApiErrorWatcher.logProblemDetails(ApicurioRegistryBaseIT.java:154)
	at io.apicurio.tests.ApicurioRegistryBaseIT$RegistryApiErrorWatcher.logProblemDetails(ApicurioRegistryBaseIT.java:154)
	at io.apicurio.tests.ApicurioRegistryBaseIT$RegistryApiErrorWatcher.logProblemDetails(ApicurioRegistryBaseIT.java:154)
	at io.apicurio.tests.ApicurioRegistryBaseIT$RegistryApiErrorWatcher.logProblemDetails(ApicurioRegistryBaseIT.java:154)
	at io.apicurio.tests.ApicurioRegistryBaseIT$RegistryApiErrorWatcher.logProblemDetails(ApicurioRegistryBaseIT.java:154)
	at io.apicurio.tests.ApicurioRegistryBaseIT$RegistryApiErrorWatcher.logProblemDetails(ApicurioRegistryBaseIT.java:154)
	at io.apicurio.tests.ApicurioRegistryBaseIT$RegistryApiErrorWatcher.logProblemDetails(ApicurioRegistryBaseIT.java:154)
	at io.apicurio.tests.ApicurioRegistryBaseIT$RegistryApiErrorWatcher.logProblemDetails(ApicurioRegistryBaseIT.java:154)
	at io.apicurio.tests.ApicurioRegistryBaseIT$RegistryApiErrorWatcher.logProblemDetails(ApicurioRegistryBaseIT.java:154)
	at io.apicurio.tests.ApicurioRegistryBaseIT$RegistryApiErrorWatcher.logProblemDetails(ApicurioRegistryBaseIT.java:154)
	at io.apicurio.tests.ApicurioRegistryBaseIT$RegistryApiErrorWatcher.logProblemDetails(ApicurioRegistryBaseIT.java:154)
	at io.apicurio.tests.ApicurioRegistryBaseIT$RegistryApiErrorWatcher.logProblemDetails(ApicurioRegistryBaseIT.java:154)
	at io.apicurio.tests.ApicurioRegistryBaseIT$RegistryApiErrorWatcher.logProblemDetails(ApicurioRegistryBaseIT.java:154)
	at io.apicurio.tests.ApicurioRegistryBaseIT$RegistryApiErrorWatcher.logProblemDetails(ApicurioRegistryBaseIT.java:154)
	at io.apicurio.tests.ApicurioRegistryBaseIT$RegistryApiErrorWatcher.logProblemDetails(ApicurioRegistryBaseIT.java:154)
	at io.apicurio.tests.ApicurioRegistryBaseIT$RegistryApiErrorWatcher.logProblemDetails(ApicurioRegistryBaseIT.java:154)
	at io.apicurio.tests.ApicurioRegistryBaseIT$RegistryApiErrorWatcher.logProblemDetails(ApicurioRegistryBaseIT.java:154)
	at io.apicurio.tests.ApicurioRegistryBaseIT$RegistryApiErrorWatcher.logProblemDetails(ApicurioRegistryBaseIT.java:154)
	at io.apicurio.tests.ApicurioRegistryBaseIT$RegistryApiErrorWatcher.logProblemDetails(ApicurioRegistryBaseIT.java:154)
	at io.apicurio.tests.ApicurioRegistryBaseIT$RegistryApiErrorWatcher.logProblemDetails(ApicurioRegistryBaseIT.java:154)
	at io.apicurio.tests.ApicurioRegistryBaseIT$RegistryApiErrorWatcher.logProblemDetails(ApicurioRegistryBaseIT.java:154)
	at io.apicurio.tests.ApicurioRegistryBaseIT$RegistryApiErrorWatcher.logProblemDetails(ApicurioRegistryBaseIT.java:154)
	at io.apicurio.tests.ApicurioRegistryBaseIT$RegistryApiErrorWatcher.logProblemDetails(ApicurioRegistryBaseIT.java:154)
	at io.apicurio.tests.ApicurioRegistryBaseIT$RegistryApiErrorWatcher.logProblemDetails(ApicurioRegistryBaseIT.java:154)
	at io.apicurio.tests.ApicurioRegistryBaseIT$RegistryApiErrorWatcher.logProblemDetails(ApicurioRegistryBaseIT.java:154)
	at io.apicurio.tests.ApicurioRegistryBaseIT$RegistryApiErrorWatcher.logProblemDetails(ApicurioRegistryBaseIT.java:154)
	at io.apicurio.tests.ApicurioRegistryBaseIT$RegistryApiErrorWatcher.logProblemDetails(ApicurioRegistryBaseIT.java:154)
	at io.apicurio.tests.ApicurioRegistryBaseIT$RegistryApiErrorWatcher.logProblemDetails(ApicurioRegistryBaseIT.java:154)
	at io.apicurio.tests.ApicurioRegistryBaseIT$RegistryApiErrorWatcher.logProblemDetails(ApicurioRegistryBaseIT.java:154)
	at io.apicurio.tests.ApicurioRegistryBaseIT$RegistryApiErrorWatcher.logProblemDetails(ApicurioRegistryBaseIT.java:154)
	at io.apicurio.tests.ApicurioRegistryBaseIT$RegistryApiErrorWatcher.logProblemDetails(ApicurioRegistryBaseIT.java:154)
	at io.apicurio.tests.ApicurioRegistryBaseIT$RegistryApiErrorWatcher.logProblemDetails(ApicurioRegistryBaseIT.java:154)
	at io.apicurio.tests.ApicurioRegistryBaseIT$RegistryApiErrorWatcher.logProblemDetails(ApicurioRegistryBaseIT.java:154)
	at io.apicurio.tests.ApicurioRegistryBaseIT$RegistryApiErrorWatcher.logProblemDetails(ApicurioRegistryBaseIT.java:154)
	at io.apicurio.tests.ApicurioRegistryBaseIT$RegistryApiErrorWatcher.logProblemDetails(ApicurioRegistryBaseIT.java:154)
	at io.apicurio.tests.ApicurioRegistryBaseIT$RegistryApiErrorWatcher.logProblemDetails(ApicurioRegistryBaseIT.java:154)
	at io.apicurio.tests.ApicurioRegistryBaseIT$RegistryApiErrorWatcher.logProblemDetails(ApicurioRegistryBaseIT.java:154)
	at io.apicurio.tests.ApicurioRegistryBaseIT$RegistryApiErrorWatcher.logProblemDetails(ApicurioRegistryBaseIT.java:154)
	at io.apicurio.tests.ApicurioRegistryBaseIT$RegistryApiErrorWatcher.logProblemDetails(ApicurioRegistryBaseIT.java:154)
	at io.apicurio.tests.ApicurioRegistryBaseIT$RegistryApiErrorWatcher.logProblemDetails(ApicurioRegistryBaseIT.java:154)
	at io.apicurio.tests.ApicurioRegistryBaseIT$RegistryApiErrorWatcher.logProblemDetails(ApicurioRegistryBaseIT.java:154)
	at io.apicurio.tests.ApicurioRegistryBaseIT$RegistryApiErrorWatcher.logProblemDetails(ApicurioRegistryBaseIT.java:154)
	at io.apicurio.tests.ApicurioRegistryBaseIT$RegistryApiErrorWatcher.logProblemDetails(ApicurioRegistryBaseIT.java:154)
	at io.apicurio.tests.ApicurioRegistryBaseIT$RegistryApiErrorWatcher.logProblemDetails(ApicurioRegistryBaseIT.java:154)
	at io.apicurio.tests.ApicurioRegistryBaseIT$RegistryApiErrorWatcher.logProblemDetails(ApicurioRegistryBaseIT.java:154)
	at io.apicurio.tests.ApicurioRegistryBaseIT$RegistryApiErrorWatcher.logProblemDetails(ApicurioRegistryBaseIT.java:154)
	at io.apicurio.tests.ApicurioRegistryBaseIT$RegistryApiErrorWatcher.logProblemDetails(ApicurioRegistryBaseIT.java:154)
	at io.apicurio.tests.ApicurioRegistryBaseIT$RegistryApiErrorWatcher.logProblemDetails(ApicurioRegistryBaseIT.java:154)
	at io.apicurio.tests.ApicurioRegistryBaseIT$RegistryApiErrorWatcher.logProblemDetails(ApicurioRegistryBaseIT.java:154)
	at io.apicurio.tests.ApicurioRegistryBaseIT$RegistryApiErrorWatcher.logProblemDetails(ApicurioRegistryBaseIT.java:154)
	at io.apicurio.tests.ApicurioRegistryBaseIT$RegistryApiErrorWatcher.logProblemDetails(ApicurioRegistryBaseIT.java:154)
	at io.apicurio.tests.ApicurioRegistryBaseIT$RegistryApiErrorWatcher.logProblemDetails(ApicurioRegistryBaseIT.java:154)
	at io.apicurio.tests.ApicurioRegistryBaseIT$RegistryApiErrorWatcher.logProblemDetails(ApicurioRegistryBaseIT.java:154)
	at io.apicurio.tests.ApicurioRegistryBaseIT$RegistryApiErrorWatcher.logProblemDetails(ApicurioRegistryBaseIT.java:154)
	at io.apicurio.tests.ApicurioRegistryBaseIT$RegistryApiErrorWatcher.logProblemDetails(ApicurioRegistryBaseIT.java:154)
	at io.apicurio.tests.ApicurioRegistryBaseIT$RegistryApiErrorWatcher.logProblemDetails(ApicurioRegistryBaseIT.java:154)
	at io.apicurio.tests.ApicurioRegistryBaseIT$RegistryApiErrorWatcher.logProblemDetails(ApicurioRegistryBaseIT.java:154)
	at io.apicurio.tests.ApicurioRegistryBaseIT$RegistryApiErrorWatcher.logProblemDetails(ApicurioRegistryBaseIT.java:154)
	at io.apicurio.tests.ApicurioRegistryBaseIT$RegistryApiErrorWatcher.logProblemDetails(ApicurioRegistryBaseIT.java:154)
	at io.apicurio.tests.ApicurioRegistryBaseIT$RegistryApiErrorWatcher.logProblemDetails(ApicurioRegistryBaseIT.java:154)
	at io.apicurio.tests.ApicurioRegistryBaseIT$RegistryApiErrorWatcher.logProblemDetails(ApicurioRegistryBaseIT.java:154)
	at io.apicurio.tests.ApicurioRegistryBaseIT$RegistryApiErrorWatcher.logProblemDetails(ApicurioRegistryBaseIT.java:154)
	at io.apicurio.tests.ApicurioRegistryBaseIT$RegistryApiErrorWatcher.logProblemDetails(ApicurioRegistryBaseIT.java:154)
	at io.apicurio.tests.ApicurioRegistryBaseIT$RegistryApiErrorWatcher.logProblemDetails(ApicurioRegistryBaseIT.java:154)
	at io.apicurio.tests.ApicurioRegistryBaseIT$RegistryApiErrorWatcher.logProblemDetails(ApicurioRegistryBaseIT.java:154)
	at io.apicurio.tests.ApicurioRegistryBaseIT$RegistryApiErrorWatcher.logProblemDetails(ApicurioRegistryBaseIT.java:154)
	at io.apicurio.tests.ApicurioRegistryBaseIT$RegistryApiErrorWatcher.logProblemDetails(ApicurioRegistryBaseIT.java:154)
	at io.apicurio.tests.ApicurioRegistryBaseIT$RegistryApiErrorWatcher.logProblemDetails(ApicurioRegistryBaseIT.java:154)
	at io.apicurio.tests.ApicurioRegistryBaseIT$RegistryApiErrorWatcher.logProblemDetails(ApicurioRegistryBaseIT.java:154)
	at io.apicurio.tests.ApicurioRegistryBaseIT$RegistryApiErrorWatcher.logProblemDetails(ApicurioRegistryBaseIT.java:154)
	at io.apicurio.tests.ApicurioRegistryBaseIT$RegistryApiErrorWatcher.logProblemDetails(ApicurioRegistryBaseIT.java:154)
	at io.apicurio.tests.ApicurioRegistryBaseIT$RegistryApiErrorWatcher.logProblemDetails(ApicurioRegistryBaseIT.java:154)
	at io.apicurio.tests.ApicurioRegistryBaseIT$RegistryApiErrorWatcher.logProblemDetails(ApicurioRegistryBaseIT.java:154)
	at io.apicurio.tests.ApicurioRegistryBaseIT$RegistryApiErrorWatcher.logProblemDetails(ApicurioRegistryBaseIT.java:154)
	at io.apicurio.tests.ApicurioRegistryBaseIT$RegistryApiErrorWatcher.logProblemDetails(ApicurioRegistryBaseIT.java:154)
	at io.apicurio.tests.ApicurioRegistryBaseIT$RegistryApiErrorWatcher.logProblemDetails(ApicurioRegistryBaseIT.java:154)
	at io.apicurio.tests.ApicurioRegistryBaseIT$RegistryApiErrorWatcher.logProblemDetails(ApicurioRegistryBaseIT.java:154)
	at io.apicurio.tests.ApicurioRegistryBaseIT$RegistryApiErrorWatcher.logProblemDetails(ApicurioRegistryBaseIT.java:154)
	at io.apicurio.tests.ApicurioRegistryBaseIT$RegistryApiErrorWatcher.logProblemDetails(ApicurioRegistryBaseIT.java:154)
	at io.apicurio.tests.ApicurioRegistryBaseIT$RegistryApiErrorWatcher.logProblemDetails(ApicurioRegistryBaseIT.java:154)
	at io.apicurio.tests.ApicurioRegistryBaseIT$RegistryApiErrorWatcher.logProblemDetails(ApicurioRegistryBaseIT.java:154)
	at io.apicurio.tests.ApicurioRegistryBaseIT$RegistryApiErrorWatcher.logProblemDetails(ApicurioRegistryBaseIT.java:154)
	at io.apicurio.tests.ApicurioRegistryBaseIT$RegistryApiErrorWatcher.logProblemDetails(ApicurioRegistryBaseIT.java:154)
	at io.apicurio.tests.ApicurioRegistryBaseIT$RegistryApiErrorWatcher.logProblemDetails(ApicurioRegistryBaseIT.java:154)
	at io.apicurio.tests.ApicurioRegistryBaseIT$RegistryApiErrorWatcher.logProblemDetails(ApicurioRegistryBaseIT.java:154)
	at io.apicurio.tests.ApicurioRegistryBaseIT$RegistryApiErrorWatcher.logProblemDetails(ApicurioRegistryBaseIT.java:154)
	at io.apicurio.tests.ApicurioRegistryBaseIT$RegistryApiErrorWatcher.logProblemDetails(ApicurioRegistryBaseIT.java:154)
	at io.apicurio.tests.ApicurioRegistryBaseIT$RegistryApiErrorWatcher.logProblemDetails(ApicurioRegistryBaseIT.java:154)
	at io.apicurio.tests.ApicurioRegistryBaseIT$RegistryApiErrorWatcher.logProblemDetails(ApicurioRegistryBaseIT.java:154)
	at io.apicurio.tests.ApicurioRegistryBaseIT$RegistryApiErrorWatcher.logProblemDetails(ApicurioRegistryBaseIT.java:154)
	at io.apicurio.tests.ApicurioRegistryBaseIT$RegistryApiErrorWatcher.logProblemDetails(ApicurioRegistryBaseIT.java:154)
	at io.apicurio.tests.ApicurioRegistryBaseIT$RegistryApiErrorWatcher.logProblemDetails(ApicurioRegistryBaseIT.java:154)
	at io.apicurio.tests.ApicurioRegistryBaseIT$RegistryApiErrorWatcher.logProblemDetails(ApicurioRegistryBaseIT.java:154)
	at io.apicurio.tests.ApicurioRegistryBaseIT$RegistryApiErrorWatcher.logProblemDetails(ApicurioRegistryBaseIT.java:154)
	at io.apicurio.tests.ApicurioRegistryBaseIT$RegistryApiErrorWatcher.logProblemDetails(ApicurioRegistryBaseIT.java:154)
	at io.apicurio.tests.ApicurioRegistryBaseIT$RegistryApiErrorWatcher.logProblemDetails(ApicurioRegistryBaseIT.java:154)
	at io.apicurio.tests.ApicurioRegistryBaseIT$RegistryApiErrorWatcher.logProblemDetails(ApicurioRegistryBaseIT.java:154)
	at io.apicurio.tests.ApicurioRegistryBaseIT$RegistryApiErrorWatcher.logProblemDetails(ApicurioRegistryBaseIT.java:154)
	at io.apicurio.tests.ApicurioRegistryBaseIT$RegistryApiErrorWatcher.logProblemDetails(ApicurioRegistryBaseIT.java:154)
	at io.apicurio.tests.ApicurioRegistryBaseIT$RegistryApiErrorWatcher.logProblemDetails(ApicurioRegistryBaseIT.java:154)
	at io.apicurio.tests.ApicurioRegistryBaseIT$RegistryApiErrorWatcher.logProblemDetails(ApicurioRegistryBaseIT.java:154)
	at io.apicurio.tests.ApicurioRegistryBaseIT$RegistryApiErrorWatcher.logProblemDetails(ApicurioRegistryBaseIT.java:154)
	at io.apicurio.tests.ApicurioRegistryBaseIT$RegistryApiErrorWatcher.logProblemDetails(ApicurioRegistryBaseIT.java:154)
	at io.apicurio.tests.ApicurioRegistryBaseIT$RegistryApiErrorWatcher.logProblemDetails(ApicurioRegistryBaseIT.java:154)
	at io.apicurio.tests.ApicurioRegistryBaseIT$RegistryApiErrorWatcher.logProblemDetails(ApicurioRegistryBaseIT.java:154)
	at io.apicurio.tests.ApicurioRegistryBaseIT$RegistryApiErrorWatcher.logProblemDetails(ApicurioRegistryBaseIT.java:154)
	at io.apicurio.tests.ApicurioRegistryBaseIT$RegistryApiErrorWatcher.logProblemDetails(ApicurioRegistryBaseIT.java:154)
	at io.apicurio.tests.ApicurioRegistryBaseIT$RegistryApiErrorWatcher.logProblemDetails(ApicurioRegistryBaseIT.java:154)
	at io.apicurio.tests.ApicurioRegistryBaseIT$RegistryApiErrorWatcher.logProblemDetails(ApicurioRegistryBaseIT.java:154)
	at io.apicurio.tests.ApicurioRegistryBaseIT$RegistryApiErrorWatcher.logProblemDetails(ApicurioRegistryBaseIT.java:154)
	at io.apicurio.tests.ApicurioRegistryBaseIT$RegistryApiErrorWatcher.logProblemDetails(ApicurioRegistryBaseIT.java:154)
	at io.apicurio.tests.ApicurioRegistryBaseIT$RegistryApiErrorWatcher.logProblemDetails(ApicurioRegistryBaseIT.java:154)
	at io.apicurio.tests.ApicurioRegistryBaseIT$RegistryApiErrorWatcher.logProblemDetails(ApicurioRegistryBaseIT.java:154)
	at io.apicurio.tests.ApicurioRegistryBaseIT$RegistryApiErrorWatcher.logProblemDetails(ApicurioRegistryBaseIT.java:154)
	at io.apicurio.tests.ApicurioRegistryBaseIT$RegistryApiErrorWatcher.logProblemDetails(ApicurioRegistryBaseIT.java:154)
	at io.apicurio.tests.ApicurioRegistryBaseIT$RegistryApiErrorWatcher.logProblemDetails(ApicurioRegistryBaseIT.java:154)
	at io.apicurio.tests.ApicurioRegistryBaseIT$RegistryApiErrorWatcher.logProblemDetails(ApicurioRegistryBaseIT.java:154)
	at io.apicurio.tests.ApicurioRegistryBaseIT$RegistryApiErrorWatcher.logProblemDetails(ApicurioRegistryBaseIT.java:154)
	at io.apicurio.tests.ApicurioRegistryBaseIT$RegistryApiErrorWatcher.logProblemDetails(ApicurioRegistryBaseIT.java:154)
	at io.apicurio.tests.ApicurioRegistryBaseIT$RegistryApiErrorWatcher.logProblemDetails(ApicurioRegistryBaseIT.java:154)
	at io.apicurio.tests.ApicurioRegistryBaseIT$RegistryApiErrorWatcher.logProblemDetails(ApicurioRegistryBaseIT.java:154)
	at io.apicurio.tests.ApicurioRegistryBaseIT$RegistryApiErrorWatcher.logProblemDetails(ApicurioRegistryBaseIT.java:154)
	at io.apicurio.tests.ApicurioRegistryBaseIT$RegistryApiErrorWatcher.logProblemDetails(ApicurioRegistryBaseIT.java:154)
	at io.apicurio.tests.ApicurioRegistryBaseIT$RegistryApiErrorWatcher.logProblemDetails(ApicurioRegistryBaseIT.java:154)
	at io.apicurio.tests.ApicurioRegistryBaseIT$RegistryApiErrorWatcher.logProblemDetails(ApicurioRegistryBaseIT.java:154)
	at io.apicurio.tests.ApicurioRegistryBaseIT$RegistryApiErrorWatcher.logProblemDetails(ApicurioRegistryBaseIT.java:154)
	at io.apicurio.tests.ApicurioRegistryBaseIT$RegistryApiErrorWatcher.logProblemDetails(ApicurioRegistryBaseIT.java:154)
	at io.apicurio.tests.ApicurioRegistryBaseIT$RegistryApiErrorWatcher.logProblemDetails(ApicurioRegistryBaseIT.java:154)
	at io.apicurio.tests.ApicurioRegistryBaseIT$RegistryApiErrorWatcher.logProblemDetails(ApicurioRegistryBaseIT.java:154)
	at io.apicurio.tests.ApicurioRegistryBaseIT$RegistryApiErrorWatcher.logProblemDetails(ApicurioRegistryBaseIT.java:154)
	at io.apicurio.tests.ApicurioRegistryBaseIT$RegistryApiErrorWatcher.logProblemDetails(ApicurioRegistryBaseIT.java:154)
	at io.apicurio.tests.ApicurioRegistryBaseIT$RegistryApiErrorWatcher.logProblemDetails(ApicurioRegistryBaseIT.java:154)
	at io.apicurio.tests.ApicurioRegistryBaseIT$RegistryApiErrorWatcher.logProblemDetails(ApicurioRegistryBaseIT.java:154)
	at io.apicurio.tests.ApicurioRegistryBaseIT$RegistryApiErrorWatcher.logProblemDetails(ApicurioRegistryBaseIT.java:154)
	at io.apicurio.tests.ApicurioRegistryBaseIT$RegistryApiErrorWatcher.logProblemDetails(ApicurioRegistryBaseIT.java:154)
	at io.apicurio.tests.ApicurioRegistryBaseIT$RegistryApiErrorWatcher.logProblemDetails(ApicurioRegistryBaseIT.java:154)
	at io.apicurio.tests.ApicurioRegistryBaseIT$RegistryApiErrorWatcher.logProblemDetails(ApicurioRegistryBaseIT.java:154)
	at io.apicurio.tests.ApicurioRegistryBaseIT$RegistryApiErrorWatcher.logProblemDetails(ApicurioRegistryBaseIT.java:154)
	at io.apicurio.tests.ApicurioRegistryBaseIT$RegistryApiErrorWatcher.logProblemDetails(ApicurioRegistryBaseIT.java:154)
	at io.apicurio.tests.ApicurioRegistryBaseIT$RegistryApiErrorWatcher.logProblemDetails(ApicurioRegistryBaseIT.java:154)
	at io.apicurio.tests.ApicurioRegistryBaseIT$RegistryApiErrorWatcher.logProblemDetails(ApicurioRegistryBaseIT.java:154)
	at io.apicurio.tests.ApicurioRegistryBaseIT$RegistryApiErrorWatcher.logProblemDetails(ApicurioRegistryBaseIT.java:154)
	at io.apicurio.tests.ApicurioRegistryBaseIT$RegistryApiErrorWatcher.logProblemDetails(ApicurioRegistryBaseIT.java:154)
	at io.apicurio.tests.ApicurioRegistryBaseIT$RegistryApiErrorWatcher.logProblemDetails(ApicurioRegistryBaseIT.java:154)
	at io.apicurio.tests.ApicurioRegistryBaseIT$RegistryApiErrorWatcher.logProblemDetails(ApicurioRegistryBaseIT.java:154)
	at io.apicurio.tests.ApicurioRegistryBaseIT$RegistryApiErrorWatcher.logProblemDetails(ApicurioRegistryBaseIT.java:154)
	at io.apicurio.tests.ApicurioRegistryBaseIT$RegistryApiErrorWatcher.logProblemDetails(ApicurioRegistryBaseIT.java:154)
	at io.apicurio.tests.ApicurioRegistryBaseIT$RegistryApiErrorWatcher.logProblemDetails(ApicurioRegistryBaseIT.java:154)
	at io.apicurio.tests.ApicurioRegistryBaseIT$RegistryApiErrorWatcher.logProblemDetails(ApicurioRegistryBaseIT.java:154)
	at io.apicurio.tests.ApicurioRegistryBaseIT$RegistryApiErrorWatcher.logProblemDetails(ApicurioRegistryBaseIT.java:154)
	at io.apicurio.tests.ApicurioRegistryBaseIT$RegistryApiErrorWatcher.logProblemDetails(ApicurioRegistryBaseIT.java:154)
	at io.apicurio.tests.ApicurioRegistryBaseIT$RegistryApiErrorWatcher.logProblemDetails(ApicurioRegistryBaseIT.java:154)
	at io.apicurio.tests.ApicurioRegistryBaseIT$RegistryApiErrorWatcher.logProblemDetails(ApicurioRegistryBaseIT.java:154)
	at io.apicurio.tests.ApicurioRegistryBaseIT$RegistryApiErrorWatcher.logProblemDetails(ApicurioRegistryBaseIT.java:154)
	at io.apicurio.tests.ApicurioRegistryBaseIT$RegistryApiErrorWatcher.logProblemDetails(ApicurioRegistryBaseIT.java:154)
	at io.apicurio.tests.ApicurioRegistryBaseIT$RegistryApiErrorWatcher.logProblemDetails(ApicurioRegistryBaseIT.java:154)
	at io.apicurio.tests.ApicurioRegistryBaseIT$RegistryApiErrorWatcher.logProblemDetails(ApicurioRegistryBaseIT.java:154)
	at io.apicurio.tests.ApicurioRegistryBaseIT$RegistryApiErrorWatcher.logProblemDetails(ApicurioRegistryBaseIT.java:154)
	at io.apicurio.tests.ApicurioRegistryBaseIT$RegistryApiErrorWatcher.logProblemDetails(ApicurioRegistryBaseIT.java:154)
	at io.apicurio.tests.ApicurioRegistryBaseIT$RegistryApiErrorWatcher.logProblemDetails(ApicurioRegistryBaseIT.java:154)
	at io.apicurio.tests.ApicurioRegistryBaseIT$RegistryApiErrorWatcher.logProblemDetails(ApicurioRegistryBaseIT.java:154)
	at io.apicurio.tests.ApicurioRegistryBaseIT$RegistryApiErrorWatcher.logProblemDetails(ApicurioRegistryBaseIT.java:154)
	at io.apicurio.tests.ApicurioRegistryBaseIT$RegistryApiErrorWatcher.logProblemDetails(ApicurioRegistryBaseIT.java:154)
	at io.apicurio.tests.ApicurioRegistryBaseIT$RegistryApiErrorWatcher.logProblemDetails(ApicurioRegistryBaseIT.java:154)
	at io.apicurio.tests.ApicurioRegistryBaseIT$RegistryApiErrorWatcher.logProblemDetails(ApicurioRegistryBaseIT.java:154)
	at io.apicurio.tests.ApicurioRegistryBaseIT$RegistryApiErrorWatcher.logProblemDetails(ApicurioRegistryBaseIT.java:154)
	at io.apicurio.tests.ApicurioRegistryBaseIT$RegistryApiErrorWatcher.logProblemDetails(ApicurioRegistryBaseIT.java:154)
	at io.apicurio.tests.ApicurioRegistryBaseIT$RegistryApiErrorWatcher.logProblemDetails(ApicurioRegistryBaseIT.java:154)
	at io.apicurio.tests.ApicurioRegistryBaseIT$RegistryApiErrorWatcher.logProblemDetails(ApicurioRegistryBaseIT.java:154)
	at io.apicurio.tests.ApicurioRegistryBaseIT$RegistryApiErrorWatcher.logProblemDetails(ApicurioRegistryBaseIT.java:154)
	at io.apicurio.tests.ApicurioRegistryBaseIT$RegistryApiErrorWatcher.logProblemDetails(ApicurioRegistryBaseIT.java:154)
	at io.apicurio.tests.ApicurioRegistryBaseIT$RegistryApiErrorWatcher.logProblemDetails(ApicurioRegistryBaseIT.java:154)
	at io.apicurio.tests.ApicurioRegistryBaseIT$RegistryApiErrorWatcher.logProblemDetails(ApicurioRegistryBaseIT.java:154)
	at io.apicurio.tests.ApicurioRegistryBaseIT$RegistryApiErrorWatcher.logProblemDetails(ApicurioRegistryBaseIT.java:154)
	at io.apicurio.tests.ApicurioRegistryBaseIT$RegistryApiErrorWatcher.logProblemDetails(ApicurioRegistryBaseIT.java:154)
	at io.apicurio.tests.ApicurioRegistryBaseIT$RegistryApiErrorWatcher.logProblemDetails(ApicurioRegistryBaseIT.java:154)
	at io.apicurio.tests.ApicurioRegistryBaseIT$RegistryApiErrorWatcher.logProblemDetails(ApicurioRegistryBaseIT.java:154)
	at io.apicurio.tests.ApicurioRegistryBaseIT$RegistryApiErrorWatcher.logProblemDetails(ApicurioRegistryBaseIT.java:154)
	at io.apicurio.tests.ApicurioRegistryBaseIT$RegistryApiErrorWatcher.logProblemDetails(ApicurioRegistryBaseIT.java:154)
	at io.apicurio.tests.ApicurioRegistryBaseIT$RegistryApiErrorWatcher.logProblemDetails(ApicurioRegistryBaseIT.java:154)
	at io.apicurio.tests.ApicurioRegistryBaseIT$RegistryApiErrorWatcher.logProblemDetails(ApicurioRegistryBaseIT.java:154)
	at io.apicurio.tests.ApicurioRegistryBaseIT$RegistryApiErrorWatcher.logProblemDetails(ApicurioRegistryBaseIT.java:154)
	at io.apicurio.tests.ApicurioRegistryBaseIT$RegistryApiErrorWatcher.logProblemDetails(ApicurioRegistryBaseIT.java:154)
	at io.apicurio.tests.ApicurioRegistryBaseIT$RegistryApiErrorWatcher.logProblemDetails(ApicurioRegistryBaseIT.java:154)
	at io.apicurio.tests.ApicurioRegistryBaseIT$RegistryApiErrorWatcher.logProblemDetails(ApicurioRegistryBaseIT.java:154)
	at io.apicurio.tests.ApicurioRegistryBaseIT$RegistryApiErrorWatcher.logProblemDetails(ApicurioRegistryBaseIT.java:154)
	at io.apicurio.tests.ApicurioRegistryBaseIT$RegistryApiErrorWatcher.logProblemDetails(ApicurioRegistryBaseIT.java:154)
	at io.apicurio.tests.ApicurioRegistryBaseIT$RegistryApiErrorWatcher.logProblemDetails(ApicurioRegistryBaseIT.java:154)
	at io.apicurio.tests.ApicurioRegistryBaseIT$RegistryApiErrorWatcher.logProblemDetails(ApicurioRegistryBaseIT.java:154)
	at io.apicurio.tests.ApicurioRegistryBaseIT$RegistryApiErrorWatcher.logProblemDetails(ApicurioRegistryBaseIT.java:154)
	at io.apicurio.tests.ApicurioRegistryBaseIT$RegistryApiErrorWatcher.logProblemDetails(ApicurioRegistryBaseIT.java:154)
	at io.apicurio.tests.ApicurioRegistryBaseIT$RegistryApiErrorWatcher.logProblemDetails(ApicurioRegistryBaseIT.java:154)
	at io.apicurio.tests.ApicurioRegistryBaseIT$RegistryApiErrorWatcher.logProblemDetails(ApicurioRegistryBaseIT.java:154)
	at io.apicurio.tests.ApicurioRegistryBaseIT$RegistryApiErrorWatcher.logProblemDetails(ApicurioRegistryBaseIT.java:154)
	at io.apicurio.tests.ApicurioRegistryBaseIT$RegistryApiErrorWatcher.logProblemDetails(ApicurioRegistryBaseIT.java:154)
	at io.apicurio.tests.ApicurioRegistryBaseIT$RegistryApiErrorWatcher.logProblemDetails(ApicurioRegistryBaseIT.java:154)
	at io.apicurio.tests.ApicurioRegistryBaseIT$RegistryApiErrorWatcher.logProblemDetails(ApicurioRegistryBaseIT.java:154)
	at io.apicurio.tests.ApicurioRegistryBaseIT$RegistryApiErrorWatcher.logProblemDetails(ApicurioRegistryBaseIT.java:154)
	at io.apicurio.tests.ApicurioRegistryBaseIT$RegistryApiErrorWatcher.logProblemDetails(ApicurioRegistryBaseIT.java:154)
	at io.apicurio.tests.ApicurioRegistryBaseIT$RegistryApiErrorWatcher.logProblemDetails(ApicurioRegistryBaseIT.java:154)
	at io.apicurio.tests.ApicurioRegistryBaseIT$RegistryApiErrorWatcher.logProblemDetails(ApicurioRegistryBaseIT.java:154)
	at io.apicurio.tests.ApicurioRegistryBaseIT$RegistryApiErrorWatcher.logProblemDetails(ApicurioRegistryBaseIT.java:154)
	at io.apicurio.tests.ApicurioRegistryBaseIT$RegistryApiErrorWatcher.logProblemDetails(ApicurioRegistryBaseIT.java:154)
	at io.apicurio.tests.ApicurioRegistryBaseIT$RegistryApiErrorWatcher.logProblemDetails(ApicurioRegistryBaseIT.java:154)
	at io.apicurio.tests.ApicurioRegistryBaseIT$RegistryApiErrorWatcher.logProblemDetails(ApicurioRegistryBaseIT.java:154)
	at io.apicurio.tests.ApicurioRegistryBaseIT$RegistryApiErrorWatcher.logProblemDetails(ApicurioRegistryBaseIT.java:154)
	at io.apicurio.tests.ApicurioRegistryBaseIT$RegistryApiErrorWatcher.logProblemDetails(ApicurioRegistryBaseIT.java:154)
	at io.apicurio.tests.ApicurioRegistryBaseIT$RegistryApiErrorWatcher.logProblemDetails(ApicurioRegistryBaseIT.java:154)
	at io.apicurio.tests.ApicurioRegistryBaseIT$RegistryApiErrorWatcher.logProblemDetails(ApicurioRegistryBaseIT.java:154)
	at io.apicurio.tests.ApicurioRegistryBaseIT$RegistryApiErrorWatcher.logProblemDetails(ApicurioRegistryBaseIT.java:154)
	at io.apicurio.tests.ApicurioRegistryBaseIT$RegistryApiErrorWatcher.logProblemDetails(ApicurioRegistryBaseIT.java:154)
	at io.apicurio.tests.ApicurioRegistryBaseIT$RegistryApiErrorWatcher.logProblemDetails(ApicurioRegistryBaseIT.java:154)
	at io.apicurio.tests.ApicurioRegistryBaseIT$RegistryApiErrorWatcher.logProblemDetails(ApicurioRegistryBaseIT.java:154)
	at io.apicurio.tests.ApicurioRegistryBaseIT$RegistryApiErrorWatcher.logProblemDetails(ApicurioRegistryBaseIT.java:154)
	at io.apicurio.tests.ApicurioRegistryBaseIT$RegistryApiErrorWatcher.logProblemDetails(ApicurioRegistryBaseIT.java:154)
	at io.apicurio.tests.ApicurioRegistryBaseIT$RegistryApiErrorWatcher.logProblemDetails(ApicurioRegistryBaseIT.java:154)
	at io.apicurio.tests.ApicurioRegistryBaseIT$RegistryApiErrorWatcher.logProblemDetails(ApicurioRegistryBaseIT.java:154)
	at io.apicurio.tests.ApicurioRegistryBaseIT$RegistryApiErrorWatcher.logProblemDetails(ApicurioRegistryBaseIT.java:154)
	at io.apicurio.tests.ApicurioRegistryBaseIT$RegistryApiErrorWatcher.logProblemDetails(ApicurioRegistryBaseIT.java:154)
	at io.apicurio.tests.ApicurioRegistryBaseIT$RegistryApiErrorWatcher.logProblemDetails(ApicurioRegistryBaseIT.java:154)
	at io.apicurio.tests.ApicurioRegistryBaseIT$RegistryApiErrorWatcher.logProblemDetails(ApicurioRegistryBaseIT.java:154)
	at io.apicurio.tests.ApicurioRegistryBaseIT$RegistryApiErrorWatcher.logProblemDetails(ApicurioRegistryBaseIT.java:154)
	at io.apicurio.tests.ApicurioRegistryBaseIT$RegistryApiErrorWatcher.logProblemDetails(ApicurioRegistryBaseIT.java:154)
	at io.apicurio.tests.ApicurioRegistryBaseIT$RegistryApiErrorWatcher.logProblemDetails(ApicurioRegistryBaseIT.java:154)
	at io.apicurio.tests.ApicurioRegistryBaseIT$RegistryApiErrorWatcher.logProblemDetails(ApicurioRegistryBaseIT.java:154)
	at io.apicurio.tests.ApicurioRegistryBaseIT$RegistryApiErrorWatcher.logProblemDetails(ApicurioRegistryBaseIT.java:154)
	at io.apicurio.tests.ApicurioRegistryBaseIT$RegistryApiErrorWatcher.logProblemDetails(ApicurioRegistryBaseIT.java:154)
	at io.apicurio.tests.ApicurioRegistryBaseIT$RegistryApiErrorWatcher.logProblemDetails(ApicurioRegistryBaseIT.java:154)
	at io.apicurio.tests.ApicurioRegistryBaseIT$RegistryApiErrorWatcher.logProblemDetails(ApicurioRegistryBaseIT.java:154)
	at io.apicurio.tests.ApicurioRegistryBaseIT$RegistryApiErrorWatcher.logProblemDetails(ApicurioRegistryBaseIT.java:154)
	at io.apicurio.tests.ApicurioRegistryBaseIT$RegistryApiErrorWatcher.logProblemDetails(ApicurioRegistryBaseIT.java:154)
	at io.apicurio.tests.ApicurioRegistryBaseIT$RegistryApiErrorWatcher.logProblemDetails(ApicurioRegistryBaseIT.java:154)
	at io.apicurio.tests.ApicurioRegistryBaseIT$RegistryApiErrorWatcher.logProblemDetails(ApicurioRegistryBaseIT.java:154)
	at io.apicurio.tests.ApicurioRegistryBaseIT$RegistryApiErrorWatcher.logProblemDetails(ApicurioRegistryBaseIT.java:154)
	at io.apicurio.tests.ApicurioRegistryBaseIT$RegistryApiErrorWatcher.logProblemDetails(ApicurioRegistryBaseIT.java:154)
	at io.apicurio.tests.ApicurioRegistryBaseIT$RegistryApiErrorWatcher.logProblemDetails(ApicurioRegistryBaseIT.java:154)
	at io.apicurio.tests.ApicurioRegistryBaseIT$RegistryApiErrorWatcher.logProblemDetails(ApicurioRegistryBaseIT.java:154)
	at io.apicurio.tests.ApicurioRegistryBaseIT$RegistryApiErrorWatcher.logProblemDetails(ApicurioRegistryBaseIT.java:154)
	at io.apicurio.tests.ApicurioRegistryBaseIT$RegistryApiErrorWatcher.logProblemDetails(ApicurioRegistryBaseIT.java:154)
	at io.apicurio.tests.ApicurioRegistryBaseIT$RegistryApiErrorWatcher.logProblemDetails(ApicurioRegistryBaseIT.java:154)
	at io.apicurio.tests.ApicurioRegistryBaseIT$RegistryApiErrorWatcher.logProblemDetails(ApicurioRegistryBaseIT.java:154)
	at io.apicurio.tests.ApicurioRegistryBaseIT$RegistryApiErrorWatcher.logProblemDetails(ApicurioRegistryBaseIT.java:154)
	at io.apicurio.tests.ApicurioRegistryBaseIT$RegistryApiErrorWatcher.logProblemDetails(ApicurioRegistryBaseIT.java:154)
	at io.apicurio.tests.ApicurioRegistryBaseIT$RegistryApiErrorWatcher.logProblemDetails(ApicurioRegistryBaseIT.java:154)
	at io.apicurio.tests.ApicurioRegistryBaseIT$RegistryApiErrorWatcher.logProblemDetails(ApicurioRegistryBaseIT.java:154)
	at io.apicurio.tests.ApicurioRegistryBaseIT$RegistryApiErrorWatcher.logProblemDetails(ApicurioRegistryBaseIT.java:154)
	at io.apicurio.tests.ApicurioRegistryBaseIT$RegistryApiErrorWatcher.logProblemDetails(ApicurioRegistryBaseIT.java:154)
	at io.apicurio.tests.ApicurioRegistryBaseIT$RegistryApiErrorWatcher.logProblemDetails(ApicurioRegistryBaseIT.java:154)
	at io.apicurio.tests.ApicurioRegistryBaseIT$RegistryApiErrorWatcher.logProblemDetails(ApicurioRegistryBaseIT.java:154)
	at io.apicurio.tests.ApicurioRegistryBaseIT$RegistryApiErrorWatcher.logProblemDetails(ApicurioRegistryBaseIT.java:154)
	at io.apicurio.tests.ApicurioRegistryBaseIT$RegistryApiErrorWatcher.logProblemDetails(ApicurioRegistryBaseIT.java:154)
	at io.apicurio.tests.ApicurioRegistryBaseIT$RegistryApiErrorWatcher.logProblemDetails(ApicurioRegistryBaseIT.java:154)
	at io.apicurio.tests.ApicurioRegistryBaseIT$RegistryApiErrorWatcher.logProblemDetails(ApicurioRegistryBaseIT.java:154)
	at io.apicurio.tests.ApicurioRegistryBaseIT$RegistryApiErrorWatcher.logProblemDetails(ApicurioRegistryBaseIT.java:154)
	at io.apicurio.tests.ApicurioRegistryBaseIT$RegistryApiErrorWatcher.logProblemDetails(ApicurioRegistryBaseIT.java:154)
	at io.apicurio.tests.ApicurioRegistryBaseIT$RegistryApiErrorWatcher.logProblemDetails(ApicurioRegistryBaseIT.java:154)
	at io.apicurio.tests.ApicurioRegistryBaseIT$RegistryApiErrorWatcher.logProblemDetails(ApicurioRegistryBaseIT.java:154)
	at io.apicurio.tests.ApicurioRegistryBaseIT$RegistryApiErrorWatcher.logProblemDetails(ApicurioRegistryBaseIT.java:154)
	at io.apicurio.tests.ApicurioRegistryBaseIT$RegistryApiErrorWatcher.logProblemDetails(ApicurioRegistryBaseIT.java:154)
	at io.apicurio.tests.ApicurioRegistryBaseIT$RegistryApiErrorWatcher.logProblemDetails(ApicurioRegistryBaseIT.java:154)
	at io.apicurio.tests.ApicurioRegistryBaseIT$RegistryApiErrorWatcher.logProblemDetails(ApicurioRegistryBaseIT.java:154)
	at io.apicurio.tests.ApicurioRegistryBaseIT$RegistryApiErrorWatcher.logProblemDetails(ApicurioRegistryBaseIT.java:154)
	at io.apicurio.tests.ApicurioRegistryBaseIT$RegistryApiErrorWatcher.logProblemDetails(ApicurioRegistryBaseIT.java:154)
	at io.apicurio.tests.ApicurioRegistryBaseIT$RegistryApiErrorWatcher.logProblemDetails(ApicurioRegistryBaseIT.java:154)
	at io.apicurio.tests.ApicurioRegistryBaseIT$RegistryApiErrorWatcher.logProblemDetails(ApicurioRegistryBaseIT.java:154)
	at io.apicurio.tests.ApicurioRegistryBaseIT$RegistryApiErrorWatcher.logProblemDetails(ApicurioRegistryBaseIT.java:154)
	at io.apicurio.tests.ApicurioRegistryBaseIT$RegistryApiErrorWatcher.logProblemDetails(ApicurioRegistryBaseIT.java:154)
	at io.apicurio.tests.ApicurioRegistryBaseIT$RegistryApiErrorWatcher.logProblemDetails(ApicurioRegistryBaseIT.java:154)
	at io.apicurio.tests.ApicurioRegistryBaseIT$RegistryApiErrorWatcher.logProblemDetails(ApicurioRegistryBaseIT.java:154)
	at io.apicurio.tests.ApicurioRegistryBaseIT$RegistryApiErrorWatcher.logProblemDetails(ApicurioRegistryBaseIT.java:154)
	at io.apicurio.tests.ApicurioRegistryBaseIT$RegistryApiErrorWatcher.logProblemDetails(ApicurioRegistryBaseIT.java:154)
	at io.apicurio.tests.ApicurioRegistryBaseIT$RegistryApiErrorWatcher.logProblemDetails(ApicurioRegistryBaseIT.java:154)
	at io.apicurio.tests.ApicurioRegistryBaseIT$RegistryApiErrorWatcher.logProblemDetails(ApicurioRegistryBaseIT.java:154)
	at io.apicurio.tests.ApicurioRegistryBaseIT$RegistryApiErrorWatcher.logProblemDetails(ApicurioRegistryBaseIT.java:154)
	at io.apicurio.tests.ApicurioRegistryBaseIT$RegistryApiErrorWatcher.logProblemDetails(ApicurioRegistryBaseIT.java:154)
	at io.apicurio.tests.ApicurioRegistryBaseIT$RegistryApiErrorWatcher.logProblemDetails(ApicurioRegistryBaseIT.java:154)
	at io.apicurio.tests.ApicurioRegistryBaseIT$RegistryApiErrorWatcher.logProblemDetails(ApicurioRegistryBaseIT.java:154)
	at io.apicurio.tests.ApicurioRegistryBaseIT$RegistryApiErrorWatcher.logProblemDetails(ApicurioRegistryBaseIT.java:154)
	at io.apicurio.tests.ApicurioRegistryBaseIT$RegistryApiErrorWatcher.logProblemDetails(ApicurioRegistryBaseIT.java:154)
	at io.apicurio.tests.ApicurioRegistryBaseIT$RegistryApiErrorWatcher.logProblemDetails(ApicurioRegistryBaseIT.java:154)
	at io.apicurio.tests.ApicurioRegistryBaseIT$RegistryApiErrorWatcher.logProblemDetails(ApicurioRegistryBaseIT.java:154)
	at io.apicurio.tests.ApicurioRegistryBaseIT$RegistryApiErrorWatcher.logProblemDetails(ApicurioRegistryBaseIT.java:154)
	at io.apicurio.tests.ApicurioRegistryBaseIT$RegistryApiErrorWatcher.logProblemDetails(ApicurioRegistryBaseIT.java:154)
	at io.apicurio.tests.ApicurioRegistryBaseIT$RegistryApiErrorWatcher.logProblemDetails(ApicurioRegistryBaseIT.java:154)
	at io.apicurio.tests.ApicurioRegistryBaseIT$RegistryApiErrorWatcher.logProblemDetails(ApicurioRegistryBaseIT.java:154)
	at io.apicurio.tests.ApicurioRegistryBaseIT$RegistryApiErrorWatcher.logProblemDetails(ApicurioRegistryBaseIT.java:154)
	at io.apicurio.tests.ApicurioRegistryBaseIT$RegistryApiErrorWatcher.logProblemDetails(ApicurioRegistryBaseIT.java:154)
	at io.apicurio.tests.ApicurioRegistryBaseIT$RegistryApiErrorWatcher.logProblemDetails(ApicurioRegistryBaseIT.java:154)
	at io.apicurio.tests.ApicurioRegistryBaseIT$RegistryApiErrorWatcher.logProblemDetails(ApicurioRegistryBaseIT.java:154)
	at io.apicurio.tests.ApicurioRegistryBaseIT$RegistryApiErrorWatcher.logProblemDetails(ApicurioRegistryBaseIT.java:154)
	at io.apicurio.tests.ApicurioRegistryBaseIT$RegistryApiErrorWatcher.logProblemDetails(ApicurioRegistryBaseIT.java:154)
	at io.apicurio.tests.ApicurioRegistryBaseIT$RegistryApiErrorWatcher.logProblemDetails(ApicurioRegistryBaseIT.java:154)
	at io.apicurio.tests.ApicurioRegistryBaseIT$RegistryApiErrorWatcher.logProblemDetails(ApicurioRegistryBaseIT.java:154)
	at io.apicurio.tests.ApicurioRegistryBaseIT$RegistryApiErrorWatcher.logProblemDetails(ApicurioRegistryBaseIT.java:154)
	at io.apicurio.tests.ApicurioRegistryBaseIT$RegistryApiErrorWatcher.logProblemDetails(ApicurioRegistryBaseIT.java:154)
	at io.apicurio.tests.ApicurioRegistryBaseIT$RegistryApiErrorWatcher.logProblemDetails(ApicurioRegistryBaseIT.java:154)
	at io.apicurio.tests.ApicurioRegistryBaseIT$RegistryApiErrorWatcher.logProblemDetails(ApicurioRegistryBaseIT.java:154)
	at io.apicurio.tests.ApicurioRegistryBaseIT$RegistryApiErrorWatcher.logProblemDetails(ApicurioRegistryBaseIT.java:154)
	at io.apicurio.tests.ApicurioRegistryBaseIT$RegistryApiErrorWatcher.logProblemDetails(ApicurioRegistryBaseIT.java:154)
	at io.apicurio.tests.ApicurioRegistryBaseIT$RegistryApiErrorWatcher.logProblemDetails(ApicurioRegistryBaseIT.java:154)
	at io.apicurio.tests.ApicurioRegistryBaseIT$RegistryApiErrorWatcher.logProblemDetails(ApicurioRegistryBaseIT.java:154)
	at io.apicurio.tests.ApicurioRegistryBaseIT$RegistryApiErrorWatcher.logProblemDetails(ApicurioRegistryBaseIT.java:154)
	at io.apicurio.tests.ApicurioRegistryBaseIT$RegistryApiErrorWatcher.logProblemDetails(ApicurioRegistryBaseIT.java:154)
	at io.apicurio.tests.ApicurioRegistryBaseIT$RegistryApiErrorWatcher.logProblemDetails(ApicurioRegistryBaseIT.java:154)
	at io.apicurio.tests.ApicurioRegistryBaseIT$RegistryApiErrorWatcher.logProblemDetails(ApicurioRegistryBaseIT.java:154)
	at io.apicurio.tests.ApicurioRegistryBaseIT$RegistryApiErrorWatcher.logProblemDetails(ApicurioRegistryBaseIT.java:154)
	at io.apicurio.tests.ApicurioRegistryBaseIT$RegistryApiErrorWatcher.logProblemDetails(ApicurioRegistryBaseIT.java:154)
	at io.apicurio.tests.ApicurioRegistryBaseIT$RegistryApiErrorWatcher.logProblemDetails(ApicurioRegistryBaseIT.java:154)
	at io.apicurio.tests.ApicurioRegistryBaseIT$RegistryApiErrorWatcher.logProblemDetails(ApicurioRegistryBaseIT.java:154)
	at io.apicurio.tests.ApicurioRegistryBaseIT$RegistryApiErrorWatcher.logProblemDetails(ApicurioRegistryBaseIT.java:154)
	at io.apicurio.tests.ApicurioRegistryBaseIT$RegistryApiErrorWatcher.logProblemDetails(ApicurioRegistryBaseIT.java:154)
	at io.apicurio.tests.ApicurioRegistryBaseIT$RegistryApiErrorWatcher.logProblemDetails(ApicurioRegistryBaseIT.java:154)
	at io.apicurio.tests.ApicurioRegistryBaseIT$RegistryApiErrorWatcher.logProblemDetails(ApicurioRegistryBaseIT.java:154)
	at io.apicurio.tests.ApicurioRegistryBaseIT$RegistryApiErrorWatcher.logProblemDetails(ApicurioRegistryBaseIT.java:154)
	at io.apicurio.tests.ApicurioRegistryBaseIT$RegistryApiErrorWatcher.logProblemDetails(ApicurioRegistryBaseIT.java:154)
	at io.apicurio.tests.ApicurioRegistryBaseIT$RegistryApiErrorWatcher.logProblemDetails(ApicurioRegistryBaseIT.java:154)
	at io.apicurio.tests.ApicurioRegistryBaseIT$RegistryApiErrorWatcher.logProblemDetails(ApicurioRegistryBaseIT.java:154)
	at io.apicurio.tests.ApicurioRegistryBaseIT$RegistryApiErrorWatcher.logProblemDetails(ApicurioRegistryBaseIT.java:154)
	at io.apicurio.tests.ApicurioRegistryBaseIT$RegistryApiErrorWatcher.logProblemDetails(ApicurioRegistryBaseIT.java:154)
	at io.apicurio.tests.ApicurioRegistryBaseIT$RegistryApiErrorWatcher.logProblemDetails(ApicurioRegistryBaseIT.java:154)
	at io.apicurio.tests.ApicurioRegistryBaseIT$RegistryApiErrorWatcher.logProblemDetails(ApicurioRegistryBaseIT.java:154)
	at io.apicurio.tests.ApicurioRegistryBaseIT$RegistryApiErrorWatcher.logProblemDetails(ApicurioRegistryBaseIT.java:154)
	at io.apicurio.tests.ApicurioRegistryBaseIT$RegistryApiErrorWatcher.logProblemDetails(ApicurioRegistryBaseIT.java:154)
	at io.apicurio.tests.ApicurioRegistryBaseIT$RegistryApiErrorWatcher.logProblemDetails(ApicurioRegistryBaseIT.java:154)
	at io.apicurio.tests.ApicurioRegistryBaseIT$RegistryApiErrorWatcher.logProblemDetails(ApicurioRegistryBaseIT.java:154)
	at io.apicurio.tests.ApicurioRegistryBaseIT$RegistryApiErrorWatcher.logProblemDetails(ApicurioRegistryBaseIT.java:154)
	at io.apicurio.tests.ApicurioRegistryBaseIT$RegistryApiErrorWatcher.logProblemDetails(ApicurioRegistryBaseIT.java:154)
	at io.apicurio.tests.ApicurioRegistryBaseIT$RegistryApiErrorWatcher.logProblemDetails(ApicurioRegistryBaseIT.java:154)
	at io.apicurio.tests.ApicurioRegistryBaseIT$RegistryApiErrorWatcher.logProblemDetails(ApicurioRegistryBaseIT.java:154)
	at io.apicurio.tests.ApicurioRegistryBaseIT$RegistryApiErrorWatcher.logProblemDetails(ApicurioRegistryBaseIT.java:154)
	at io.apicurio.tests.ApicurioRegistryBaseIT$RegistryApiErrorWatcher.logProblemDetails(ApicurioRegistryBaseIT.java:154)
	at io.apicurio.tests.ApicurioRegistryBaseIT$RegistryApiErrorWatcher.logProblemDetails(ApicurioRegistryBaseIT.java:154)
	at io.apicurio.tests.ApicurioRegistryBaseIT$RegistryApiErrorWatcher.logProblemDetails(ApicurioRegistryBaseIT.java:154)
	at io.apicurio.tests.ApicurioRegistryBaseIT$RegistryApiErrorWatcher.logProblemDetails(ApicurioRegistryBaseIT.java:154)
	at io.apicurio.tests.ApicurioRegistryBaseIT$RegistryApiErrorWatcher.logProblemDetails(ApicurioRegistryBaseIT.java:154)
	at io.apicurio.tests.ApicurioRegistryBaseIT$RegistryApiErrorWatcher.logProblemDetails(ApicurioRegistryBaseIT.java:154)
	at io.apicurio.tests.ApicurioRegistryBaseIT$RegistryApiErrorWatcher.logProblemDetails(ApicurioRegistryBaseIT.java:154)
	at io.apicurio.tests.ApicurioRegistryBaseIT$RegistryApiErrorWatcher.logProblemDetails(ApicurioRegistryBaseIT.java:154)
	at io.apicurio.tests.ApicurioRegistryBaseIT$RegistryApiErrorWatcher.logProblemDetails(ApicurioRegistryBaseIT.java:154)
	at io.apicurio.tests.ApicurioRegistryBaseIT$RegistryApiErrorWatcher.logProblemDetails(ApicurioRegistryBaseIT.java:154)
	at io.apicurio.tests.ApicurioRegistryBaseIT$RegistryApiErrorWatcher.logProblemDetails(ApicurioRegistryBaseIT.java:154)
	at io.apicurio.tests.ApicurioRegistryBaseIT$RegistryApiErrorWatcher.logProblemDetails(ApicurioRegistryBaseIT.java:154)
	at io.apicurio.tests.ApicurioRegistryBaseIT$RegistryApiErrorWatcher.logProblemDetails(ApicurioRegistryBaseIT.java:154)
	at io.apicurio.tests.ApicurioRegistryBaseIT$RegistryApiErrorWatcher.logProblemDetails(ApicurioRegistryBaseIT.java:154)
	at io.apicurio.tests.ApicurioRegistryBaseIT$RegistryApiErrorWatcher.logProblemDetails(ApicurioRegistryBaseIT.java:154)
	at io.apicurio.tests.ApicurioRegistryBaseIT$RegistryApiErrorWatcher.logProblemDetails(ApicurioRegistryBaseIT.java:154)
	at io.apicurio.tests.ApicurioRegistryBaseIT$RegistryApiErrorWatcher.logProblemDetails(ApicurioRegistryBaseIT.java:154)
	at io.apicurio.tests.ApicurioRegistryBaseIT$RegistryApiErrorWatcher.logProblemDetails(ApicurioRegistryBaseIT.java:154)
	at io.apicurio.tests.ApicurioRegistryBaseIT$RegistryApiErrorWatcher.logProblemDetails(ApicurioRegistryBaseIT.java:154)
	at io.apicurio.tests.ApicurioRegistryBaseIT$RegistryApiErrorWatcher.logProblemDetails(ApicurioRegistryBaseIT.java:154)
	at io.apicurio.tests.ApicurioRegistryBaseIT$RegistryApiErrorWatcher.logProblemDetails(ApicurioRegistryBaseIT.java:154)
	at io.apicurio.tests.ApicurioRegistryBaseIT$RegistryApiErrorWatcher.logProblemDetails(ApicurioRegistryBaseIT.java:154)
	at io.apicurio.tests.ApicurioRegistryBaseIT$RegistryApiErrorWatcher.logProblemDetails(ApicurioRegistryBaseIT.java:154)
	at io.apicurio.tests.ApicurioRegistryBaseIT$RegistryApiErrorWatcher.logProblemDetails(ApicurioRegistryBaseIT.java:154)
	at io.apicurio.tests.ApicurioRegistryBaseIT$RegistryApiErrorWatcher.logProblemDetails(ApicurioRegistryBaseIT.java:154)
	at io.apicurio.tests.ApicurioRegistryBaseIT$RegistryApiErrorWatcher.logProblemDetails(ApicurioRegistryBaseIT.java:154)
	at io.apicurio.tests.ApicurioRegistryBaseIT$RegistryApiErrorWatcher.logProblemDetails(ApicurioRegistryBaseIT.java:154)
	at io.apicurio.tests.ApicurioRegistryBaseIT$RegistryApiErrorWatcher.logProblemDetails(ApicurioRegistryBaseIT.java:154)
	at io.apicurio.tests.ApicurioRegistryBaseIT$RegistryApiErrorWatcher.logProblemDetails(ApicurioRegistryBaseIT.java:154)
	at io.apicurio.tests.ApicurioRegistryBaseIT$RegistryApiErrorWatcher.logProblemDetails(ApicurioRegistryBaseIT.java:154)
	at io.apicurio.tests.ApicurioRegistryBaseIT$RegistryApiErrorWatcher.logProblemDetails(ApicurioRegistryBaseIT.java:154)
	at io.apicurio.tests.ApicurioRegistryBaseIT$RegistryApiErrorWatcher.logProblemDetails(ApicurioRegistryBaseIT.java:154)
	at io.apicurio.tests.ApicurioRegistryBaseIT$RegistryApiErrorWatcher.logProblemDetails(ApicurioRegistryBaseIT.java:154)
	at io.apicurio.tests.ApicurioRegistryBaseIT$RegistryApiErrorWatcher.logProblemDetails(ApicurioRegistryBaseIT.java:154)
	at io.apicurio.tests.ApicurioRegistryBaseIT$RegistryApiErrorWatcher.logProblemDetails(ApicurioRegistryBaseIT.java:154)
	at io.apicurio.tests.ApicurioRegistryBaseIT$RegistryApiErrorWatcher.logProblemDetails(ApicurioRegistryBaseIT.java:154)
	at io.apicurio.tests.ApicurioRegistryBaseIT$RegistryApiErrorWatcher.logProblemDetails(ApicurioRegistryBaseIT.java:154)
	at io.apicurio.tests.ApicurioRegistryBaseIT$RegistryApiErrorWatcher.logProblemDetails(ApicurioRegistryBaseIT.java:154)
	at io.apicurio.tests.ApicurioRegistryBaseIT$RegistryApiErrorWatcher.logProblemDetails(ApicurioRegistryBaseIT.java:154)
	at io.apicurio.tests.ApicurioRegistryBaseIT$RegistryApiErrorWatcher.logProblemDetails(ApicurioRegistryBaseIT.java:154)
	at io.apicurio.tests.ApicurioRegistryBaseIT$RegistryApiErrorWatcher.logProblemDetails(ApicurioRegistryBaseIT.java:154)
	at io.apicurio.tests.ApicurioRegistryBaseIT$RegistryApiErrorWatcher.logProblemDetails(ApicurioRegistryBaseIT.java:154)
	at io.apicurio.tests.ApicurioRegistryBaseIT$RegistryApiErrorWatcher.logProblemDetails(ApicurioRegistryBaseIT.java:154)
	at io.apicurio.tests.ApicurioRegistryBaseIT$RegistryApiErrorWatcher.logProblemDetails(ApicurioRegistryBaseIT.java:154)
	at io.apicurio.tests.ApicurioRegistryBaseIT$RegistryApiErrorWatcher.logProblemDetails(ApicurioRegistryBaseIT.java:154)
	at io.apicurio.tests.ApicurioRegistryBaseIT$RegistryApiErrorWatcher.logProblemDetails(ApicurioRegistryBaseIT.java:154)
	at io.apicurio.tests.ApicurioRegistryBaseIT$RegistryApiErrorWatcher.logProblemDetails(ApicurioRegistryBaseIT.java:154)
	at io.apicurio.tests.ApicurioRegistryBaseIT$RegistryApiErrorWatcher.logProblemDetails(ApicurioRegistryBaseIT.java:154)
	at io.apicurio.tests.ApicurioRegistryBaseIT$RegistryApiErrorWatcher.logProblemDetails(ApicurioRegistryBaseIT.java:154)
	at io.apicurio.tests.ApicurioRegistryBaseIT$RegistryApiErrorWatcher.logProblemDetails(ApicurioRegistryBaseIT.java:154)
	at io.apicurio.tests.ApicurioRegistryBaseIT$RegistryApiErrorWatcher.logProblemDetails(ApicurioRegistryBaseIT.java:154)
	at io.apicurio.tests.ApicurioRegistryBaseIT$RegistryApiErrorWatcher.logProblemDetails(ApicurioRegistryBaseIT.java:154)
	at io.apicurio.tests.ApicurioRegistryBaseIT$RegistryApiErrorWatcher.logProblemDetails(ApicurioRegistryBaseIT.java:154)
	at io.apicurio.tests.ApicurioRegistryBaseIT$RegistryApiErrorWatcher.logProblemDetails(ApicurioRegistryBaseIT.java:154)
	at io.apicurio.tests.ApicurioRegistryBaseIT$RegistryApiErrorWatcher.logProblemDetails(ApicurioRegistryBaseIT.java:154)
	at io.apicurio.tests.ApicurioRegistryBaseIT$RegistryApiErrorWatcher.logProblemDetails(ApicurioRegistryBaseIT.java:154)
	at io.apicurio.tests.ApicurioRegistryBaseIT$RegistryApiErrorWatcher.logProblemDetails(ApicurioRegistryBaseIT.java:154)
	at io.apicurio.tests.ApicurioRegistryBaseIT$RegistryApiErrorWatcher.logProblemDetails(ApicurioRegistryBaseIT.java:154)
	at io.apicurio.tests.ApicurioRegistryBaseIT$RegistryApiErrorWatcher.logProblemDetails(ApicurioRegistryBaseIT.java:154)
	at io.apicurio.tests.ApicurioRegistryBaseIT$RegistryApiErrorWatcher.logProblemDetails(ApicurioRegistryBaseIT.java:154)
	at io.apicurio.tests.ApicurioRegistryBaseIT$RegistryApiErrorWatcher.logProblemDetails(ApicurioRegistryBaseIT.java:154)
	at io.apicurio.tests.ApicurioRegistryBaseIT$RegistryApiErrorWatcher.logProblemDetails(ApicurioRegistryBaseIT.java:154)
	at io.apicurio.tests.ApicurioRegistryBaseIT$RegistryApiErrorWatcher.logProblemDetails(ApicurioRegistryBaseIT.java:154)
	at io.apicurio.tests.ApicurioRegistryBaseIT$RegistryApiErrorWatcher.logProblemDetails(ApicurioRegistryBaseIT.java:154)
	at io.apicurio.tests.ApicurioRegistryBaseIT$RegistryApiErrorWatcher.logProblemDetails(ApicurioRegistryBaseIT.java:154)
	at io.apicurio.tests.ApicurioRegistryBaseIT$RegistryApiErrorWatcher.logProblemDetails(ApicurioRegistryBaseIT.java:154)
	at io.apicurio.tests.ApicurioRegistryBaseIT$RegistryApiErrorWatcher.logProblemDetails(ApicurioRegistryBaseIT.java:154)
	at io.apicurio.tests.ApicurioRegistryBaseIT$RegistryApiErrorWatcher.logProblemDetails(ApicurioRegistryBaseIT.java:154)
	at io.apicurio.tests.ApicurioRegistryBaseIT$RegistryApiErrorWatcher.logProblemDetails(ApicurioRegistryBaseIT.java:154)
	at io.apicurio.tests.ApicurioRegistryBaseIT$RegistryApiErrorWatcher.logProblemDetails(ApicurioRegistryBaseIT.java:154)
	at io.apicurio.tests.ApicurioRegistryBaseIT$RegistryApiErrorWatcher.logProblemDetails(ApicurioRegistryBaseIT.java:154)
	at io.apicurio.tests.ApicurioRegistryBaseIT$RegistryApiErrorWatcher.logProblemDetails(ApicurioRegistryBaseIT.java:154)
	at io.apicurio.tests.ApicurioRegistryBaseIT$RegistryApiErrorWatcher.logProblemDetails(ApicurioRegistryBaseIT.java:154)
	at io.apicurio.tests.ApicurioRegistryBaseIT$RegistryApiErrorWatcher.logProblemDetails(ApicurioRegistryBaseIT.java:154)
	at io.apicurio.tests.ApicurioRegistryBaseIT$RegistryApiErrorWatcher.logProblemDetails(ApicurioRegistryBaseIT.java:154)
	at io.apicurio.tests.ApicurioRegistryBaseIT$RegistryApiErrorWatcher.logProblemDetails(ApicurioRegistryBaseIT.java:154)
	at io.apicurio.tests.ApicurioRegistryBaseIT$RegistryApiErrorWatcher.logProblemDetails(ApicurioRegistryBaseIT.java:154)
	at io.apicurio.tests.ApicurioRegistryBaseIT$RegistryApiErrorWatcher.logProblemDetails(ApicurioRegistryBaseIT.java:154)
	at io.apicurio.tests.ApicurioRegistryBaseIT$RegistryApiErrorWatcher.logProblemDetails(ApicurioRegistryBaseIT.java:154)
	at io.apicurio.tests.ApicurioRegistryBaseIT$RegistryApiErrorWatcher.logProblemDetails(ApicurioRegistryBaseIT.java:154)
	at io.apicurio.tests.ApicurioRegistryBaseIT$RegistryApiErrorWatcher.logProblemDetails(ApicurioRegistryBaseIT.java:154)
	at io.apicurio.tests.ApicurioRegistryBaseIT$RegistryApiErrorWatcher.logProblemDetails(ApicurioRegistryBaseIT.java:154)
	at io.apicurio.tests.ApicurioRegistryBaseIT$RegistryApiErrorWatcher.logProblemDetails(ApicurioRegistryBaseIT.java:154)
	at io.apicurio.tests.ApicurioRegistryBaseIT$RegistryApiErrorWatcher.logProblemDetails(ApicurioRegistryBaseIT.java:154)
	at io.apicurio.tests.ApicurioRegistryBaseIT$RegistryApiErrorWatcher.logProblemDetails(ApicurioRegistryBaseIT.java:154)
	at io.apicurio.tests.ApicurioRegistryBaseIT$RegistryApiErrorWatcher.logProblemDetails(ApicurioRegistryBaseIT.java:154)
	at io.apicurio.tests.ApicurioRegistryBaseIT$RegistryApiErrorWatcher.logProblemDetails(ApicurioRegistryBaseIT.java:154)
	at io.apicurio.tests.ApicurioRegistryBaseIT$RegistryApiErrorWatcher.logProblemDetails(ApicurioRegistryBaseIT.java:154)
	at io.apicurio.tests.ApicurioRegistryBaseIT$RegistryApiErrorWatcher.logProblemDetails(ApicurioRegistryBaseIT.java:154)
	at io.apicurio.tests.ApicurioRegistryBaseIT$RegistryApiErrorWatcher.logProblemDetails(ApicurioRegistryBaseIT.java:154)
	at io.apicurio.tests.ApicurioRegistryBaseIT$RegistryApiErrorWatcher.logProblemDetails(ApicurioRegistryBaseIT.java:154)
	at io.apicurio.tests.ApicurioRegistryBaseIT$RegistryApiErrorWatcher.logProblemDetails(ApicurioRegistryBaseIT.java:154)
	at io.apicurio.tests.ApicurioRegistryBaseIT$RegistryApiErrorWatcher.logProblemDetails(ApicurioRegistryBaseIT.java:154)
	at io.apicurio.tests.ApicurioRegistryBaseIT$RegistryApiErrorWatcher.logProblemDetails(ApicurioRegistryBaseIT.java:154)
	at io.apicurio.tests.ApicurioRegistryBaseIT$RegistryApiErrorWatcher.logProblemDetails(ApicurioRegistryBaseIT.java:154)
	at io.apicurio.tests.ApicurioRegistryBaseIT$RegistryApiErrorWatcher.logProblemDetails(ApicurioRegistryBaseIT.java:154)
	at io.apicurio.tests.ApicurioRegistryBaseIT$RegistryApiErrorWatcher.logProblemDetails(ApicurioRegistryBaseIT.java:154)
	at io.apicurio.tests.ApicurioRegistryBaseIT$RegistryApiErrorWatcher.logProblemDetails(ApicurioRegistryBaseIT.java:154)
	at io.apicurio.tests.ApicurioRegistryBaseIT$RegistryApiErrorWatcher.logProblemDetails(ApicurioRegistryBaseIT.java:154)
	at io.apicurio.tests.ApicurioRegistryBaseIT$RegistryApiErrorWatcher.logProblemDetails(ApicurioRegistryBaseIT.java:154)
	at io.apicurio.tests.ApicurioRegistryBaseIT$RegistryApiErrorWatcher.logProblemDetails(ApicurioRegistryBaseIT.java:154)
	at io.apicurio.tests.ApicurioRegistryBaseIT$RegistryApiErrorWatcher.logProblemDetails(ApicurioRegistryBaseIT.java:154)
	at io.apicurio.tests.ApicurioRegistryBaseIT$RegistryApiErrorWatcher.logProblemDetails(ApicurioRegistryBaseIT.java:154)
	at io.apicurio.tests.ApicurioRegistryBaseIT$RegistryApiErrorWatcher.logProblemDetails(ApicurioRegistryBaseIT.java:154)
	at io.apicurio.tests.ApicurioRegistryBaseIT$RegistryApiErrorWatcher.logProblemDetails(ApicurioRegistryBaseIT.java:154)
	at io.apicurio.tests.ApicurioRegistryBaseIT$RegistryApiErrorWatcher.logProblemDetails(ApicurioRegistryBaseIT.java:154)
	at io.apicurio.tests.ApicurioRegistryBaseIT$RegistryApiErrorWatcher.logProblemDetails(ApicurioRegistryBaseIT.java:154)
	at io.apicurio.tests.ApicurioRegistryBaseIT$RegistryApiErrorWatcher.logProblemDetails(ApicurioRegistryBaseIT.java:154)
	at io.apicurio.tests.ApicurioRegistryBaseIT$RegistryApiErrorWatcher.logProblemDetails(ApicurioRegistryBaseIT.java:154)
	at io.apicurio.tests.ApicurioRegistryBaseIT$RegistryApiErrorWatcher.logProblemDetails(ApicurioRegistryBaseIT.java:154)
	at io.apicurio.tests.ApicurioRegistryBaseIT$RegistryApiErrorWatcher.logProblemDetails(ApicurioRegistryBaseIT.java:154)
	at io.apicurio.tests.ApicurioRegistryBaseIT$RegistryApiErrorWatcher.logProblemDetails(ApicurioRegistryBaseIT.java:154)
	at io.apicurio.tests.ApicurioRegistryBaseIT$RegistryApiErrorWatcher.logProblemDetails(ApicurioRegistryBaseIT.java:154)
	at io.apicurio.tests.ApicurioRegistryBaseIT$RegistryApiErrorWatcher.logProblemDetails(ApicurioRegistryBaseIT.java:154)
	at io.apicurio.tests.ApicurioRegistryBaseIT$RegistryApiErrorWatcher.logProblemDetails(ApicurioRegistryBaseIT.java:154)
	at io.apicurio.tests.ApicurioRegistryBaseIT$RegistryApiErrorWatcher.logProblemDetails(ApicurioRegistryBaseIT.java:154)
	at io.apicurio.tests.ApicurioRegistryBaseIT$RegistryApiErrorWatcher.logProblemDetails(ApicurioRegistryBaseIT.java:154)
	at io.apicurio.tests.ApicurioRegistryBaseIT$RegistryApiErrorWatcher.logProblemDetails(ApicurioRegistryBaseIT.java:154)
	at io.apicurio.tests.ApicurioRegistryBaseIT$RegistryApiErrorWatcher.logProblemDetails(ApicurioRegistryBaseIT.java:154)
	at io.apicurio.tests.ApicurioRegistryBaseIT$RegistryApiErrorWatcher.logProblemDetails(ApicurioRegistryBaseIT.java:154)
	at io.apicurio.tests.ApicurioRegistryBaseIT$RegistryApiErrorWatcher.logProblemDetails(ApicurioRegistryBaseIT.java:154)
	at io.apicurio.tests.ApicurioRegistryBaseIT$RegistryApiErrorWatcher.logProblemDetails(ApicurioRegistryBaseIT.java:154)
	at io.apicurio.tests.ApicurioRegistryBaseIT$RegistryApiErrorWatcher.logProblemDetails(ApicurioRegistryBaseIT.java:154)
	at io.apicurio.tests.ApicurioRegistryBaseIT$RegistryApiErrorWatcher.logProblemDetails(ApicurioRegistryBaseIT.java:154)
	at io.apicurio.tests.ApicurioRegistryBaseIT$RegistryApiErrorWatcher.logProblemDetails(ApicurioRegistryBaseIT.java:154)
	at io.apicurio.tests.ApicurioRegistryBaseIT$RegistryApiErrorWatcher.logProblemDetails(ApicurioRegistryBaseIT.java:154)
	at io.apicurio.tests.ApicurioRegistryBaseIT$RegistryApiErrorWatcher.logProblemDetails(ApicurioRegistryBaseIT.java:154)
	at io.apicurio.tests.ApicurioRegistryBaseIT$RegistryApiErrorWatcher.logProblemDetails(ApicurioRegistryBaseIT.java:154)
	at io.apicurio.tests.ApicurioRegistryBaseIT$RegistryApiErrorWatcher.logProblemDetails(ApicurioRegistryBaseIT.java:154)
	at io.apicurio.tests.ApicurioRegistryBaseIT$RegistryApiErrorWatcher.logProblemDetails(ApicurioRegistryBaseIT.java:154)
	at io.apicurio.tests.ApicurioRegistryBaseIT$RegistryApiErrorWatcher.logProblemDetails(ApicurioRegistryBaseIT.java:154)
	at io.apicurio.tests.ApicurioRegistryBaseIT$RegistryApiErrorWatcher.logProblemDetails(ApicurioRegistryBaseIT.java:154)
	at io.apicurio.tests.ApicurioRegistryBaseIT$RegistryApiErrorWatcher.logProblemDetails(ApicurioRegistryBaseIT.java:154)
	at io.apicurio.tests.ApicurioRegistryBaseIT$RegistryApiErrorWatcher.logProblemDetails(ApicurioRegistryBaseIT.java:154)
	at io.apicurio.tests.ApicurioRegistryBaseIT$RegistryApiErrorWatcher.logProblemDetails(ApicurioRegistryBaseIT.java:154)
	at io.apicurio.tests.ApicurioRegistryBaseIT$RegistryApiErrorWatcher.logProblemDetails(ApicurioRegistryBaseIT.java:154)
	at io.apicurio.tests.ApicurioRegistryBaseIT$RegistryApiErrorWatcher.logProblemDetails(ApicurioRegistryBaseIT.java:154)
	at io.apicurio.tests.ApicurioRegistryBaseIT$RegistryApiErrorWatcher.logProblemDetails(ApicurioRegistryBaseIT.java:154)
	at io.apicurio.tests.ApicurioRegistryBaseIT$RegistryApiErrorWatcher.logProblemDetails(ApicurioRegistryBaseIT.java:154)
	at io.apicurio.tests.ApicurioRegistryBaseIT$RegistryApiErrorWatcher.logProblemDetails(ApicurioRegistryBaseIT.java:154)
	at io.apicurio.tests.ApicurioRegistryBaseIT$RegistryApiErrorWatcher.logProblemDetails(ApicurioRegistryBaseIT.java:154)
	at io.apicurio.tests.ApicurioRegistryBaseIT$RegistryApiErrorWatcher.logProblemDetails(ApicurioRegistryBaseIT.java:154)
	at io.apicurio.tests.ApicurioRegistryBaseIT$RegistryApiErrorWatcher.logProblemDetails(ApicurioRegistryBaseIT.java:154)
	at io.apicurio.tests.ApicurioRegistryBaseIT$RegistryApiErrorWatcher.logProblemDetails(ApicurioRegistryBaseIT.java:154)
	at io.apicurio.tests.ApicurioRegistryBaseIT$RegistryApiErrorWatcher.logProblemDetails(ApicurioRegistryBaseIT.java:154)
	at io.apicurio.tests.ApicurioRegistryBaseIT$RegistryApiErrorWatcher.logProblemDetails(ApicurioRegistryBaseIT.java:154)
	at io.apicurio.tests.ApicurioRegistryBaseIT$RegistryApiErrorWatcher.logProblemDetails(ApicurioRegistryBaseIT.java:154)
	at io.apicurio.tests.ApicurioRegistryBaseIT$RegistryApiErrorWatcher.logProblemDetails(ApicurioRegistryBaseIT.java:154)
	at io.apicurio.tests.ApicurioRegistryBaseIT$RegistryApiErrorWatcher.logProblemDetails(ApicurioRegistryBaseIT.java:154)
	at io.apicurio.tests.ApicurioRegistryBaseIT$RegistryApiErrorWatcher.logProblemDetails(ApicurioRegistryBaseIT.java:154)
	at io.apicurio.tests.ApicurioRegistryBaseIT$RegistryApiErrorWatcher.logProblemDetails(ApicurioRegistryBaseIT.java:154)
	at io.apicurio.tests.ApicurioRegistryBaseIT$RegistryApiErrorWatcher.logProblemDetails(ApicurioRegistryBaseIT.java:154)
	at io.apicurio.tests.ApicurioRegistryBaseIT$RegistryApiErrorWatcher.logProblemDetails(ApicurioRegistryBaseIT.java:154)
	at io.apicurio.tests.ApicurioRegistryBaseIT$RegistryApiErrorWatcher.logProblemDetails(ApicurioRegistryBaseIT.java:154)
	at io.apicurio.tests.ApicurioRegistryBaseIT$RegistryApiErrorWatcher.logProblemDetails(ApicurioRegistryBaseIT.java:154)
	at io.apicurio.tests.ApicurioRegistryBaseIT$RegistryApiErrorWatcher.logProblemDetails(ApicurioRegistryBaseIT.java:154)
	at io.apicurio.tests.ApicurioRegistryBaseIT$RegistryApiErrorWatcher.logProblemDetails(ApicurioRegistryBaseIT.java:154)
	at io.apicurio.tests.ApicurioRegistryBaseIT$RegistryApiErrorWatcher.logProblemDetails(ApicurioRegistryBaseIT.java:154)
	at io.apicurio.tests.ApicurioRegistryBaseIT$RegistryApiErrorWatcher.logProblemDetails(ApicurioRegistryBaseIT.java:154)
	at io.apicurio.tests.ApicurioRegistryBaseIT$RegistryApiErrorWatcher.logProblemDetails(ApicurioRegistryBaseIT.java:154)
	at io.apicurio.tests.ApicurioRegistryBaseIT$RegistryApiErrorWatcher.logProblemDetails(ApicurioRegistryBaseIT.java:154)
	at io.apicurio.tests.ApicurioRegistryBaseIT$RegistryApiErrorWatcher.logProblemDetails(ApicurioRegistryBaseIT.java:154)
	at io.apicurio.tests.ApicurioRegistryBaseIT$RegistryApiErrorWatcher.logProblemDetails(ApicurioRegistryBaseIT.java:154)
	at io.apicurio.tests.ApicurioRegistryBaseIT$RegistryApiErrorWatcher.logProblemDetails(ApicurioRegistryBaseIT.java:154)
	at io.apicurio.tests.ApicurioRegistryBaseIT$RegistryApiErrorWatcher.logProblemDetails(ApicurioRegistryBaseIT.java:154)
	at io.apicurio.tests.ApicurioRegistryBaseIT$RegistryApiErrorWatcher.logProblemDetails(ApicurioRegistryBaseIT.java:154)
	at io.apicurio.tests.ApicurioRegistryBaseIT$RegistryApiErrorWatcher.logProblemDetails(ApicurioRegistryBaseIT.java:154)
	at io.apicurio.tests.ApicurioRegistryBaseIT$RegistryApiErrorWatcher.logProblemDetails(ApicurioRegistryBaseIT.java:154)
	at io.apicurio.tests.ApicurioRegistryBaseIT$RegistryApiErrorWatcher.logProblemDetails(ApicurioRegistryBaseIT.java:154)
	at io.apicurio.tests.ApicurioRegistryBaseIT$RegistryApiErrorWatcher.logProblemDetails(ApicurioRegistryBaseIT.java:154)
	at io.apicurio.tests.ApicurioRegistryBaseIT$RegistryApiErrorWatcher.logProblemDetails(ApicurioRegistryBaseIT.java:154)
	at io.apicurio.tests.ApicurioRegistryBaseIT$RegistryApiErrorWatcher.logProblemDetails(ApicurioRegistryBaseIT.java:154)
	at io.apicurio.tests.ApicurioRegistryBaseIT$RegistryApiErrorWatcher.logProblemDetails(ApicurioRegistryBaseIT.java:154)
	at io.apicurio.tests.ApicurioRegistryBaseIT$RegistryApiErrorWatcher.logProblemDetails(ApicurioRegistryBaseIT.java:154)
	at io.apicurio.tests.ApicurioRegistryBaseIT$RegistryApiErrorWatcher.logProblemDetails(ApicurioRegistryBaseIT.java:154)
	at io.apicurio.tests.ApicurioRegistryBaseIT$RegistryApiErrorWatcher.logProblemDetails(ApicurioRegistryBaseIT.java:154)
	at io.apicurio.tests.ApicurioRegistryBaseIT$RegistryApiErrorWatcher.logProblemDetails(ApicurioRegistryBaseIT.java:154)
	at io.apicurio.tests.ApicurioRegistryBaseIT$RegistryApiErrorWatcher.logProblemDetails(ApicurioRegistryBaseIT.java:154)
	at io.apicurio.tests.ApicurioRegistryBaseIT$RegistryApiErrorWatcher.logProblemDetails(ApicurioRegistryBaseIT.java:154)
	at io.apicurio.tests.ApicurioRegistryBaseIT$RegistryApiErrorWatcher.logProblemDetails(ApicurioRegistryBaseIT.java:154)
	at io.apicurio.tests.ApicurioRegistryBaseIT$RegistryApiErrorWatcher.logProblemDetails(ApicurioRegistryBaseIT.java:154)
	at io.apicurio.tests.ApicurioRegistryBaseIT$RegistryApiErrorWatcher.logProblemDetails(ApicurioRegistryBaseIT.java:154)
	at io.apicurio.tests.ApicurioRegistryBaseIT$RegistryApiErrorWatcher.logProblemDetails(ApicurioRegistryBaseIT.java:154)
	at io.apicurio.tests.ApicurioRegistryBaseIT$RegistryApiErrorWatcher.logProblemDetails(ApicurioRegistryBaseIT.java:154)
	at io.apicurio.tests.ApicurioRegistryBaseIT$RegistryApiErrorWatcher.logProblemDetails(ApicurioRegistryBaseIT.java:154)
	at io.apicurio.tests.ApicurioRegistryBaseIT$RegistryApiErrorWatcher.logProblemDetails(ApicurioRegistryBaseIT.java:154)
	at io.apicurio.tests.ApicurioRegistryBaseIT$RegistryApiErrorWatcher.logProblemDetails(ApicurioRegistryBaseIT.java:154)
	at io.apicurio.tests.ApicurioRegistryBaseIT$RegistryApiErrorWatcher.logProblemDetails(ApicurioRegistryBaseIT.java:154)
	at io.apicurio.tests.ApicurioRegistryBaseIT$RegistryApiErrorWatcher.logProblemDetails(ApicurioRegistryBaseIT.java:154)
	at io.apicurio.tests.ApicurioRegistryBaseIT$RegistryApiErrorWatcher.logProblemDetails(ApicurioRegistryBaseIT.java:154)
	at io.apicurio.tests.ApicurioRegistryBaseIT$RegistryApiErrorWatcher.logProblemDetails(ApicurioRegistryBaseIT.java:154)
	at io.apicurio.tests.ApicurioRegistryBaseIT$RegistryApiErrorWatcher.logProblemDetails(ApicurioRegistryBaseIT.java:154)
	at io.apicurio.tests.ApicurioRegistryBaseIT$RegistryApiErrorWatcher.logProblemDetails(ApicurioRegistryBaseIT.java:154)
	at io.apicurio.tests.ApicurioRegistryBaseIT$RegistryApiErrorWatcher.logProblemDetails(ApicurioRegistryBaseIT.java:154)
	at io.apicurio.tests.ApicurioRegistryBaseIT$RegistryApiErrorWatcher.logProblemDetails(ApicurioRegistryBaseIT.java:154)
	at io.apicurio.tests.ApicurioRegistryBaseIT$RegistryApiErrorWatcher.logProblemDetails(ApicurioRegistryBaseIT.java:154)
	at io.apicurio.tests.ApicurioRegistryBaseIT$RegistryApiErrorWatcher.logProblemDetails(ApicurioRegistryBaseIT.java:154)
	at io.apicurio.tests.ApicurioRegistryBaseIT$RegistryApiErrorWatcher.logProblemDetails(ApicurioRegistryBaseIT.java:154)
	at io.apicurio.tests.ApicurioRegistryBaseIT$RegistryApiErrorWatcher.logProblemDetails(ApicurioRegistryBaseIT.java:154)
	at io.apicurio.tests.ApicurioRegistryBaseIT$RegistryApiErrorWatcher.logProblemDetails(ApicurioRegistryBaseIT.java:154)
	at io.apicurio.tests.ApicurioRegistryBaseIT$RegistryApiErrorWatcher.logProblemDetails(ApicurioRegistryBaseIT.java:154)
	at io.apicurio.tests.ApicurioRegistryBaseIT$RegistryApiErrorWatcher.logProblemDetails(ApicurioRegistryBaseIT.java:154)
	at io.apicurio.tests.ApicurioRegistryBaseIT$RegistryApiErrorWatcher.logProblemDetails(ApicurioRegistryBaseIT.java:154)
	at io.apicurio.tests.ApicurioRegistryBaseIT$RegistryApiErrorWatcher.logProblemDetails(ApicurioRegistryBaseIT.java:154)
	at io.apicurio.tests.ApicurioRegistryBaseIT$RegistryApiErrorWatcher.logProblemDetails(ApicurioRegistryBaseIT.java:154)
	at io.apicurio.tests.ApicurioRegistryBaseIT$RegistryApiErrorWatcher.logProblemDetails(ApicurioRegistryBaseIT.java:154)
	at io.apicurio.tests.ApicurioRegistryBaseIT$RegistryApiErrorWatcher.logProblemDetails(ApicurioRegistryBaseIT.java:154)
	at io.apicurio.tests.ApicurioRegistryBaseIT$RegistryApiErrorWatcher.logProblemDetails(ApicurioRegistryBaseIT.java:154)
	at io.apicurio.tests.ApicurioRegistryBaseIT$RegistryApiErrorWatcher.logProblemDetails(ApicurioRegistryBaseIT.java:154)
	at io.apicurio.tests.ApicurioRegistryBaseIT$RegistryApiErrorWatcher.logProblemDetails(ApicurioRegistryBaseIT.java:154)
	at io.apicurio.tests.ApicurioRegistryBaseIT$RegistryApiErrorWatcher.logProblemDetails(ApicurioRegistryBaseIT.java:154)
	at io.apicurio.tests.ApicurioRegistryBaseIT$RegistryApiErrorWatcher.logProblemDetails(ApicurioRegistryBaseIT.java:154)
	at io.apicurio.tests.ApicurioRegistryBaseIT$RegistryApiErrorWatcher.logProblemDetails(ApicurioRegistryBaseIT.java:154)
	at io.apicurio.tests.ApicurioRegistryBaseIT$RegistryApiErrorWatcher.logProblemDetails(ApicurioRegistryBaseIT.java:154)
	at io.apicurio.tests.ApicurioRegistryBaseIT$RegistryApiErrorWatcher.logProblemDetails(ApicurioRegistryBaseIT.java:154)
	at io.apicurio.tests.ApicurioRegistryBaseIT$RegistryApiErrorWatcher.logProblemDetails(ApicurioRegistryBaseIT.java:154)
	at io.apicurio.tests.ApicurioRegistryBaseIT$RegistryApiErrorWatcher.logProblemDetails(ApicurioRegistryBaseIT.java:154)
	at io.apicurio.tests.ApicurioRegistryBaseIT$RegistryApiErrorWatcher.logProblemDetails(ApicurioRegistryBaseIT.java:154)
	at io.apicurio.tests.ApicurioRegistryBaseIT$RegistryApiErrorWatcher.logProblemDetails(ApicurioRegistryBaseIT.java:154)
	at io.apicurio.tests.ApicurioRegistryBaseIT$RegistryApiErrorWatcher.logProblemDetails(ApicurioRegistryBaseIT.java:154)
	at io.apicurio.tests.ApicurioRegistryBaseIT$RegistryApiErrorWatcher.logProblemDetails(ApicurioRegistryBaseIT.java:154)
	at io.apicurio.tests.ApicurioRegistryBaseIT$RegistryApiErrorWatcher.logProblemDetails(ApicurioRegistryBaseIT.java:154)
	at io.apicurio.tests.ApicurioRegistryBaseIT$RegistryApiErrorWatcher.logProblemDetails(ApicurioRegistryBaseIT.java:154)
	at io.apicurio.tests.ApicurioRegistryBaseIT$RegistryApiErrorWatcher.logProblemDetails(ApicurioRegistryBaseIT.java:154)
	at io.apicurio.tests.ApicurioRegistryBaseIT$RegistryApiErrorWatcher.logProblemDetails(ApicurioRegistryBaseIT.java:154)
	at io.apicurio.tests.ApicurioRegistryBaseIT$RegistryApiErrorWatcher.logProblemDetails(ApicurioRegistryBaseIT.java:154)
	at io.apicurio.tests.ApicurioRegistryBaseIT$RegistryApiErrorWatcher.logProblemDetails(ApicurioRegistryBaseIT.java:154)
	at io.apicurio.tests.ApicurioRegistryBaseIT$RegistryApiErrorWatcher.logProblemDetails(ApicurioRegistryBaseIT.java:154)
	at io.apicurio.tests.ApicurioRegistryBaseIT$RegistryApiErrorWatcher.logProblemDetails(ApicurioRegistryBaseIT.java:154)
	at io.apicurio.tests.ApicurioRegistryBaseIT$RegistryApiErrorWatcher.logProblemDetails(ApicurioRegistryBaseIT.java:154)
	at io.apicurio.tests.ApicurioRegistryBaseIT$RegistryApiErrorWatcher.logProblemDetails(ApicurioRegistryBaseIT.java:154)
	at io.apicurio.tests.ApicurioRegistryBaseIT$RegistryApiErrorWatcher.logProblemDetails(ApicurioRegistryBaseIT.java:154)
	at io.apicurio.tests.ApicurioRegistryBaseIT$RegistryApiErrorWatcher.logProblemDetails(ApicurioRegistryBaseIT.java:154)
	at io.apicurio.tests.ApicurioRegistryBaseIT$RegistryApiErrorWatcher.logProblemDetails(ApicurioRegistryBaseIT.java:154)
	at io.apicurio.tests.ApicurioRegistryBaseIT$RegistryApiErrorWatcher.logProblemDetails(ApicurioRegistryBaseIT.java:154)
	at io.apicurio.tests.ApicurioRegistryBaseIT$RegistryApiErrorWatcher.logProblemDetails(ApicurioRegistryBaseIT.java:154)
	at io.apicurio.tests.ApicurioRegistryBaseIT$RegistryApiErrorWatcher.logProblemDetails(ApicurioRegistryBaseIT.java:154)
	at io.apicurio.tests.ApicurioRegistryBaseIT$RegistryApiErrorWatcher.logProblemDetails(ApicurioRegistryBaseIT.java:154)
	at io.apicurio.tests.ApicurioRegistryBaseIT$RegistryApiErrorWatcher.logProblemDetails(ApicurioRegistryBaseIT.java:154)
	at io.apicurio.tests.ApicurioRegistryBaseIT$RegistryApiErrorWatcher.logProblemDetails(ApicurioRegistryBaseIT.java:154)
	at io.apicurio.tests.ApicurioRegistryBaseIT$RegistryApiErrorWatcher.logProblemDetails(ApicurioRegistryBaseIT.java:154)
	at io.apicurio.tests.ApicurioRegistryBaseIT$RegistryApiErrorWatcher.logProblemDetails(ApicurioRegistryBaseIT.java:154)
	at io.apicurio.tests.ApicurioRegistryBaseIT$RegistryApiErrorWatcher.logProblemDetails(ApicurioRegistryBaseIT.java:154)
	at io.apicurio.tests.ApicurioRegistryBaseIT$RegistryApiErrorWatcher.logProblemDetails(ApicurioRegistryBaseIT.java:154)
	at io.apicurio.tests.ApicurioRegistryBaseIT$RegistryApiErrorWatcher.logProblemDetails(ApicurioRegistryBaseIT.java:154)
	at io.apicurio.tests.ApicurioRegistryBaseIT$RegistryApiErrorWatcher.logProblemDetails(ApicurioRegistryBaseIT.java:154)
	at io.apicurio.tests.ApicurioRegistryBaseIT$RegistryApiErrorWatcher.logProblemDetails(ApicurioRegistryBaseIT.java:154)
	at io.apicurio.tests.ApicurioRegistryBaseIT$RegistryApiErrorWatcher.logProblemDetails(ApicurioRegistryBaseIT.java:154)
	at io.apicurio.tests.ApicurioRegistryBaseIT$RegistryApiErrorWatcher.logProblemDetails(ApicurioRegistryBaseIT.java:154)
	at io.apicurio.tests.ApicurioRegistryBaseIT$RegistryApiErrorWatcher.logProblemDetails(ApicurioRegistryBaseIT.java:154)
	at io.apicurio.tests.ApicurioRegistryBaseIT$RegistryApiErrorWatcher.logProblemDetails(ApicurioRegistryBaseIT.java:154)
	at io.apicurio.tests.ApicurioRegistryBaseIT$RegistryApiErrorWatcher.logProblemDetails(ApicurioRegistryBaseIT.java:154)
	at io.apicurio.tests.ApicurioRegistryBaseIT$RegistryApiErrorWatcher.logProblemDetails(ApicurioRegistryBaseIT.java:154)
	at io.apicurio.tests.ApicurioRegistryBaseIT$RegistryApiErrorWatcher.logProblemDetails(ApicurioRegistryBaseIT.java:154)
	at io.apicurio.tests.ApicurioRegistryBaseIT$RegistryApiErrorWatcher.logProblemDetails(ApicurioRegistryBaseIT.java:154)
	at io.apicurio.tests.ApicurioRegistryBaseIT$RegistryApiErrorWatcher.logProblemDetails(ApicurioRegistryBaseIT.java:154)
	at io.apicurio.tests.ApicurioRegistryBaseIT$RegistryApiErrorWatcher.logProblemDetails(ApicurioRegistryBaseIT.java:154)
	at io.apicurio.tests.ApicurioRegistryBaseIT$RegistryApiErrorWatcher.logProblemDetails(ApicurioRegistryBaseIT.java:154)
	at io.apicurio.tests.ApicurioRegistryBaseIT$RegistryApiErrorWatcher.logProblemDetails(ApicurioRegistryBaseIT.java:154)
	at io.apicurio.tests.ApicurioRegistryBaseIT$RegistryApiErrorWatcher.logProblemDetails(ApicurioRegistryBaseIT.java:154)
	at io.apicurio.tests.ApicurioRegistryBaseIT$RegistryApiErrorWatcher.logProblemDetails(ApicurioRegistryBaseIT.java:154)
	at io.apicurio.tests.ApicurioRegistryBaseIT$RegistryApiErrorWatcher.logProblemDetails(ApicurioRegistryBaseIT.java:154)
	at io.apicurio.tests.ApicurioRegistryBaseIT$RegistryApiErrorWatcher.logProblemDetails(ApicurioRegistryBaseIT.java:154)
	at io.apicurio.tests.ApicurioRegistryBaseIT$RegistryApiErrorWatcher.logProblemDetails(ApicurioRegistryBaseIT.java:154)
	at io.apicurio.tests.ApicurioRegistryBaseIT$RegistryApiErrorWatcher.logProblemDetails(ApicurioRegistryBaseIT.java:154)
	at io.apicurio.tests.ApicurioRegistryBaseIT$RegistryApiErrorWatcher.logProblemDetails(ApicurioRegistryBaseIT.java:154)
	at io.apicurio.tests.ApicurioRegistryBaseIT$RegistryApiErrorWatcher.logProblemDetails(ApicurioRegistryBaseIT.java:154)
	at io.apicurio.tests.ApicurioRegistryBaseIT$RegistryApiErrorWatcher.logProblemDetails(ApicurioRegistryBaseIT.java:154)
	at io.apicurio.tests.ApicurioRegistryBaseIT$RegistryApiErrorWatcher.logProblemDetails(ApicurioRegistryBaseIT.java:154)
	at io.apicurio.tests.ApicurioRegistryBaseIT$RegistryApiErrorWatcher.logProblemDetails(ApicurioRegistryBaseIT.java:154)
	at io.apicurio.tests.ApicurioRegistryBaseIT$RegistryApiErrorWatcher.logProblemDetails(ApicurioRegistryBaseIT.java:154)
	at io.apicurio.tests.ApicurioRegistryBaseIT$RegistryApiErrorWatcher.logProblemDetails(ApicurioRegistryBaseIT.java:154)
	at io.apicurio.tests.ApicurioRegistryBaseIT$RegistryApiErrorWatcher.logProblemDetails(ApicurioRegistryBaseIT.java:154)
	at io.apicurio.tests.ApicurioRegistryBaseIT$RegistryApiErrorWatcher.logProblemDetails(ApicurioRegistryBaseIT.java:154)
	at io.apicurio.tests.ApicurioRegistryBaseIT$RegistryApiErrorWatcher.logProblemDetails(ApicurioRegistryBaseIT.java:154)
	at io.apicurio.tests.ApicurioRegistryBaseIT$RegistryApiErrorWatcher.logProblemDetails(ApicurioRegistryBaseIT.java:154)
	at io.apicurio.tests.ApicurioRegistryBaseIT$RegistryApiErrorWatcher.logProblemDetails(ApicurioRegistryBaseIT.java:154)
	at io.apicurio.tests.ApicurioRegistryBaseIT$RegistryApiErrorWatcher.logProblemDetails(ApicurioRegistryBaseIT.java:154)
	at io.apicurio.tests.ApicurioRegistryBaseIT$RegistryApiErrorWatcher.logProblemDetails(ApicurioRegistryBaseIT.java:154)
	at io.apicurio.tests.ApicurioRegistryBaseIT$RegistryApiErrorWatcher.logProblemDetails(ApicurioRegistryBaseIT.java:154)
	at io.apicurio.tests.ApicurioRegistryBaseIT$RegistryApiErrorWatcher.logProblemDetails(ApicurioRegistryBaseIT.java:154)
	at io.apicurio.tests.ApicurioRegistryBaseIT$RegistryApiErrorWatcher.logProblemDetails(ApicurioRegistryBaseIT.java:154)
	at io.apicurio.tests.ApicurioRegistryBaseIT$RegistryApiErrorWatcher.logProblemDetails(ApicurioRegistryBaseIT.java:154)
	at io.apicurio.tests.ApicurioRegistryBaseIT$RegistryApiErrorWatcher.logProblemDetails(ApicurioRegistryBaseIT.java:154)
	at io.apicurio.tests.ApicurioRegistryBaseIT$RegistryApiErrorWatcher.logProblemDetails(ApicurioRegistryBaseIT.java:154)
	at io.apicurio.tests.ApicurioRegistryBaseIT$RegistryApiErrorWatcher.logProblemDetails(ApicurioRegistryBaseIT.java:154)
	at io.apicurio.tests.ApicurioRegistryBaseIT$RegistryApiErrorWatcher.logProblemDetails(ApicurioRegistryBaseIT.java:154)
	at io.apicurio.tests.ApicurioRegistryBaseIT$RegistryApiErrorWatcher.logProblemDetails(ApicurioRegistryBaseIT.java:154)
	at io.apicurio.tests.ApicurioRegistryBaseIT$RegistryApiErrorWatcher.logProblemDetails(ApicurioRegistryBaseIT.java:154)
	at io.apicurio.tests.ApicurioRegistryBaseIT$RegistryApiErrorWatcher.logProblemDetails(ApicurioRegistryBaseIT.java:154)
	at io.apicurio.tests.ApicurioRegistryBaseIT$RegistryApiErrorWatcher.logProblemDetails(ApicurioRegistryBaseIT.java:154)
	at io.apicurio.tests.ApicurioRegistryBaseIT$RegistryApiErrorWatcher.logProblemDetails(ApicurioRegistryBaseIT.java:154)
	at io.apicurio.tests.ApicurioRegistryBaseIT$RegistryApiErrorWatcher.logProblemDetails(ApicurioRegistryBaseIT.java:154)
	at io.apicurio.tests.ApicurioRegistryBaseIT$RegistryApiErrorWatcher.logProblemDetails(ApicurioRegistryBaseIT.java:154)
	at io.apicurio.tests.ApicurioRegistryBaseIT$RegistryApiErrorWatcher.logProblemDetails(ApicurioRegistryBaseIT.java:154)
	at io.apicurio.tests.ApicurioRegistryBaseIT$RegistryApiErrorWatcher.logProblemDetails(ApicurioRegistryBaseIT.java:154)
	at io.apicurio.tests.ApicurioRegistryBaseIT$RegistryApiErrorWatcher.logProblemDetails(ApicurioRegistryBaseIT.java:154)
	at io.apicurio.tests.ApicurioRegistryBaseIT$RegistryApiErrorWatcher.logProblemDetails(ApicurioRegistryBaseIT.java:154)
	at io.apicurio.tests.ApicurioRegistryBaseIT$RegistryApiErrorWatcher.logProblemDetails(ApicurioRegistryBaseIT.java:154)
	at io.apicurio.tests.ApicurioRegistryBaseIT$RegistryApiErrorWatcher.logProblemDetails(ApicurioRegistryBaseIT.java:154)
	at io.apicurio.tests.ApicurioRegistryBaseIT$RegistryApiErrorWatcher.logProblemDetails(ApicurioRegistryBaseIT.java:154)
	at io.apicurio.tests.ApicurioRegistryBaseIT$RegistryApiErrorWatcher.logProblemDetails(ApicurioRegistryBaseIT.java:154)
	at io.apicurio.tests.ApicurioRegistryBaseIT$RegistryApiErrorWatcher.logProblemDetails(ApicurioRegistryBaseIT.java:154)
	at io.apicurio.tests.ApicurioRegistryBaseIT$RegistryApiErrorWatcher.logProblemDetails(ApicurioRegistryBaseIT.java:154)
	at io.apicurio.tests.ApicurioRegistryBaseIT$RegistryApiErrorWatcher.logProblemDetails(ApicurioRegistryBaseIT.java:154)
	at io.apicurio.tests.ApicurioRegistryBaseIT$RegistryApiErrorWatcher.logProblemDetails(ApicurioRegistryBaseIT.java:154)
	at io.apicurio.tests.ApicurioRegistryBaseIT$RegistryApiErrorWatcher.logProblemDetails(ApicurioRegistryBaseIT.java:154)
	at io.apicurio.tests.ApicurioRegistryBaseIT$RegistryApiErrorWatcher.logProblemDetails(ApicurioRegistryBaseIT.java:154)
	at io.apicurio.tests.ApicurioRegistryBaseIT$RegistryApiErrorWatcher.logProblemDetails(ApicurioRegistryBaseIT.java:154)
	at io.apicurio.tests.ApicurioRegistryBaseIT$RegistryApiErrorWatcher.logProblemDetails(ApicurioRegistryBaseIT.java:154)
	at io.apicurio.tests.ApicurioRegistryBaseIT$RegistryApiErrorWatcher.logProblemDetails(ApicurioRegistryBaseIT.java:154)
	at io.apicurio.tests.ApicurioRegistryBaseIT$RegistryApiErrorWatcher.logProblemDetails(ApicurioRegistryBaseIT.java:154)
	at io.apicurio.tests.ApicurioRegistryBaseIT$RegistryApiErrorWatcher.logProblemDetails(ApicurioRegistryBaseIT.java:154)
	at io.apicurio.tests.ApicurioRegistryBaseIT$RegistryApiErrorWatcher.logProblemDetails(ApicurioRegistryBaseIT.java:154)
	at io.apicurio.tests.ApicurioRegistryBaseIT$RegistryApiErrorWatcher.logProblemDetails(ApicurioRegistryBaseIT.java:154)
	at io.apicurio.tests.ApicurioRegistryBaseIT$RegistryApiErrorWatcher.logProblemDetails(ApicurioRegistryBaseIT.java:154)
	at io.apicurio.tests.ApicurioRegistryBaseIT$RegistryApiErrorWatcher.logProblemDetails(ApicurioRegistryBaseIT.java:154)
	at io.apicurio.tests.ApicurioRegistryBaseIT$RegistryApiErrorWatcher.logProblemDetails(ApicurioRegistryBaseIT.java:154)
	at io.apicurio.tests.ApicurioRegistryBaseIT$RegistryApiErrorWatcher.logProblemDetails(ApicurioRegistryBaseIT.java:154)
	at io.apicurio.tests.ApicurioRegistryBaseIT$RegistryApiErrorWatcher.logProblemDetails(ApicurioRegistryBaseIT.java:154)
	at io.apicurio.tests.ApicurioRegistryBaseIT$RegistryApiErrorWatcher.logProblemDetails(ApicurioRegistryBaseIT.java:154)
	at io.apicurio.tests.ApicurioRegistryBaseIT$RegistryApiErrorWatcher.logProblemDetails(ApicurioRegistryBaseIT.java:154)
	at io.apicurio.tests.ApicurioRegistryBaseIT$RegistryApiErrorWatcher.logProblemDetails(ApicurioRegistryBaseIT.java:154)
	at io.apicurio.tests.ApicurioRegistryBaseIT$RegistryApiErrorWatcher.logProblemDetails(ApicurioRegistryBaseIT.java:154)
	at io.apicurio.tests.ApicurioRegistryBaseIT$RegistryApiErrorWatcher.logProblemDetails(ApicurioRegistryBaseIT.java:154)
	at io.apicurio.tests.ApicurioRegistryBaseIT$RegistryApiErrorWatcher.logProblemDetails(ApicurioRegistryBaseIT.java:154)
	at io.apicurio.tests.ApicurioRegistryBaseIT$RegistryApiErrorWatcher.logProblemDetails(ApicurioRegistryBaseIT.java:154)
	at io.apicurio.tests.ApicurioRegistryBaseIT$RegistryApiErrorWatcher.logProblemDetails(ApicurioRegistryBaseIT.java:154)
	at io.apicurio.tests.ApicurioRegistryBaseIT$RegistryApiErrorWatcher.logProblemDetails(ApicurioRegistryBaseIT.java:154)
	at io.apicurio.tests.ApicurioRegistryBaseIT$RegistryApiErrorWatcher.logProblemDetails(ApicurioRegistryBaseIT.java:154)
	at io.apicurio.tests.ApicurioRegistryBaseIT$RegistryApiErrorWatcher.logProblemDetails(ApicurioRegistryBaseIT.java:154)
	at io.apicurio.tests.ApicurioRegistryBaseIT$RegistryApiErrorWatcher.logProblemDetails(ApicurioRegistryBaseIT.java:154)
	at io.apicurio.tests.ApicurioRegistryBaseIT$RegistryApiErrorWatcher.logProblemDetails(ApicurioRegistryBaseIT.java:154)
	at io.apicurio.tests.ApicurioRegistryBaseIT$RegistryApiErrorWatcher.logProblemDetails(ApicurioRegistryBaseIT.java:154)
	at io.apicurio.tests.ApicurioRegistryBaseIT$RegistryApiErrorWatcher.logProblemDetails(ApicurioRegistryBaseIT.java:154)
	at io.apicurio.tests.ApicurioRegistryBaseIT$RegistryApiErrorWatcher.logProblemDetails(ApicurioRegistryBaseIT.java:154)
	at io.apicurio.tests.ApicurioRegistryBaseIT$RegistryApiErrorWatcher.logProblemDetails(ApicurioRegistryBaseIT.java:154)
	at io.apicurio.tests.ApicurioRegistryBaseIT$RegistryApiErrorWatcher.logProblemDetails(ApicurioRegistryBaseIT.java:154)
	at io.apicurio.tests.ApicurioRegistryBaseIT$RegistryApiErrorWatcher.logProblemDetails(ApicurioRegistryBaseIT.java:154)
	at io.apicurio.tests.ApicurioRegistryBaseIT$RegistryApiErrorWatcher.logProblemDetails(ApicurioRegistryBaseIT.java:154)
	at io.apicurio.tests.ApicurioRegistryBaseIT$RegistryApiErrorWatcher.logProblemDetails(ApicurioRegistryBaseIT.java:154)
	at io.apicurio.tests.ApicurioRegistryBaseIT$RegistryApiErrorWatcher.logProblemDetails(ApicurioRegistryBaseIT.java:154)
	at io.apicurio.tests.ApicurioRegistryBaseIT$RegistryApiErrorWatcher.logProblemDetails(ApicurioRegistryBaseIT.java:154)
	at io.apicurio.tests.ApicurioRegistryBaseIT$RegistryApiErrorWatcher.logProblemDetails(ApicurioRegistryBaseIT.java:154)
	at io.apicurio.tests.ApicurioRegistryBaseIT$RegistryApiErrorWatcher.logProblemDetails(ApicurioRegistryBaseIT.java:154)
	at io.apicurio.tests.ApicurioRegistryBaseIT$RegistryApiErrorWatcher.logProblemDetails(ApicurioRegistryBaseIT.java:154)
	at io.apicurio.tests.ApicurioRegistryBaseIT$RegistryApiErrorWatcher.logProblemDetails(ApicurioRegistryBaseIT.java:154)
	at io.apicurio.tests.ApicurioRegistryBaseIT$RegistryApiErrorWatcher.logProblemDetails(ApicurioRegistryBaseIT.java:154)
	at io.apicurio.tests.ApicurioRegistryBaseIT$RegistryApiErrorWatcher.logProblemDetails(ApicurioRegistryBaseIT.java:154)
	at io.apicurio.tests.ApicurioRegistryBaseIT$RegistryApiErrorWatcher.logProblemDetails(ApicurioRegistryBaseIT.java:154)
	at io.apicurio.tests.ApicurioRegistryBaseIT$RegistryApiErrorWatcher.logProblemDetails(ApicurioRegistryBaseIT.java:154)
	at io.apicurio.tests.ApicurioRegistryBaseIT$RegistryApiErrorWatcher.logProblemDetails(ApicurioRegistryBaseIT.java:154)
	at io.apicurio.tests.ApicurioRegistryBaseIT$RegistryApiErrorWatcher.logProblemDetails(ApicurioRegistryBaseIT.java:154)
	at io.apicurio.tests.ApicurioRegistryBaseIT$RegistryApiErrorWatcher.logProblemDetails(ApicurioRegistryBaseIT.java:154)
	at io.apicurio.tests.ApicurioRegistryBaseIT$RegistryApiErrorWatcher.logProblemDetails(ApicurioRegistryBaseIT.java:154)
	at io.apicurio.tests.ApicurioRegistryBaseIT$RegistryApiErrorWatcher.logProblemDetails(ApicurioRegistryBaseIT.java:154)
	at io.apicurio.tests.ApicurioRegistryBaseIT$RegistryApiErrorWatcher.logProblemDetails(ApicurioRegistryBaseIT.java:154)
	at io.apicurio.tests.ApicurioRegistryBaseIT$RegistryApiErrorWatcher.logProblemDetails(ApicurioRegistryBaseIT.java:154)
	at io.apicurio.tests.ApicurioRegistryBaseIT$RegistryApiErrorWatcher.logProblemDetails(ApicurioRegistryBaseIT.java:154)
	at io.apicurio.tests.ApicurioRegistryBaseIT$RegistryApiErrorWatcher.logProblemDetails(ApicurioRegistryBaseIT.java:154)
	at io.apicurio.tests.ApicurioRegistryBaseIT$RegistryApiErrorWatcher.logProblemDetails(ApicurioRegistryBaseIT.java:154)
	at io.apicurio.tests.ApicurioRegistryBaseIT$RegistryApiErrorWatcher.logProblemDetails(ApicurioRegistryBaseIT.java:154)
	at io.apicurio.tests.ApicurioRegistryBaseIT$RegistryApiErrorWatcher.logProblemDetails(ApicurioRegistryBaseIT.java:154)
	at io.apicurio.tests.ApicurioRegistryBaseIT$RegistryApiErrorWatcher.logProblemDetails(ApicurioRegistryBaseIT.java:154)
	at io.apicurio.tests.ApicurioRegistryBaseIT$RegistryApiErrorWatcher.logProblemDetails(ApicurioRegistryBaseIT.java:154)
	at io.apicurio.tests.ApicurioRegistryBaseIT$RegistryApiErrorWatcher.logProblemDetails(ApicurioRegistryBaseIT.java:154)
	at io.apicurio.tests.ApicurioRegistryBaseIT$RegistryApiErrorWatcher.logProblemDetails(ApicurioRegistryBaseIT.java:154)
	at io.apicurio.tests.ApicurioRegistryBaseIT$RegistryApiErrorWatcher.logProblemDetails(ApicurioRegistryBaseIT.java:154)
	at io.apicurio.tests.ApicurioRegistryBaseIT$RegistryApiErrorWatcher.logProblemDetails(ApicurioRegistryBaseIT.java:154)
	at io.apicurio.tests.ApicurioRegistryBaseIT$RegistryApiErrorWatcher.logProblemDetails(ApicurioRegistryBaseIT.java:154)
	at io.apicurio.tests.ApicurioRegistryBaseIT$RegistryApiErrorWatcher.logProblemDetails(ApicurioRegistryBaseIT.java:154)
	at io.apicurio.tests.ApicurioRegistryBaseIT$RegistryApiErrorWatcher.logProblemDetails(ApicurioRegistryBaseIT.java:154)
	at io.apicurio.tests.ApicurioRegistryBaseIT$RegistryApiErrorWatcher.logProblemDetails(ApicurioRegistryBaseIT.java:154)
	at io.apicurio.tests.ApicurioRegistryBaseIT$RegistryApiErrorWatcher.logProblemDetails(ApicurioRegistryBaseIT.java:154)
	at io.apicurio.tests.ApicurioRegistryBaseIT$RegistryApiErrorWatcher.logProblemDetails(ApicurioRegistryBaseIT.java:154)
	at io.apicurio.tests.ApicurioRegistryBaseIT$RegistryApiErrorWatcher.logProblemDetails(ApicurioRegistryBaseIT.java:154)
	at io.apicurio.tests.ApicurioRegistryBaseIT$RegistryApiErrorWatcher.logProblemDetails(ApicurioRegistryBaseIT.java:154)
	at io.apicurio.tests.ApicurioRegistryBaseIT$RegistryApiErrorWatcher.logProblemDetails(ApicurioRegistryBaseIT.java:154)
	at io.apicurio.tests.ApicurioRegistryBaseIT$RegistryApiErrorWatcher.logProblemDetails(ApicurioRegistryBaseIT.java:154)
	at io.apicurio.tests.ApicurioRegistryBaseIT$RegistryApiErrorWatcher.logProblemDetails(ApicurioRegistryBaseIT.java:154)
	at io.apicurio.tests.ApicurioRegistryBaseIT$RegistryApiErrorWatcher.logProblemDetails(ApicurioRegistryBaseIT.java:154)
	at io.apicurio.tests.ApicurioRegistryBaseIT$RegistryApiErrorWatcher.logProblemDetails(ApicurioRegistryBaseIT.java:154)
	at io.apicurio.tests.ApicurioRegistryBaseIT$RegistryApiErrorWatcher.logProblemDetails(ApicurioRegistryBaseIT.java:154)
	at io.apicurio.tests.ApicurioRegistryBaseIT$RegistryApiErrorWatcher.logProblemDetails(ApicurioRegistryBaseIT.java:154)
	at io.apicurio.tests.ApicurioRegistryBaseIT$RegistryApiErrorWatcher.logProblemDetails(ApicurioRegistryBaseIT.java:154)
	at io.apicurio.tests.ApicurioRegistryBaseIT$RegistryApiErrorWatcher.logProblemDetails(ApicurioRegistryBaseIT.java:154)
	at io.apicurio.tests.ApicurioRegistryBaseIT$RegistryApiErrorWatcher.logProblemDetails(ApicurioRegistryBaseIT.java:154)
	at io.apicurio.tests.ApicurioRegistryBaseIT$RegistryApiErrorWatcher.logProblemDetails(ApicurioRegistryBaseIT.java:154)
	at io.apicurio.tests.ApicurioRegistryBaseIT$RegistryApiErrorWatcher.logProblemDetails(ApicurioRegistryBaseIT.java:154)
	at io.apicurio.tests.ApicurioRegistryBaseIT$RegistryApiErrorWatcher.logProblemDetails(ApicurioRegistryBaseIT.java:154)
	at io.apicurio.tests.ApicurioRegistryBaseIT$RegistryApiErrorWatcher.logProblemDetails(ApicurioRegistryBaseIT.java:154)
	at io.apicurio.tests.ApicurioRegistryBaseIT$RegistryApiErrorWatcher.logProblemDetails(ApicurioRegistryBaseIT.java:154)
	at io.apicurio.tests.ApicurioRegistryBaseIT$RegistryApiErrorWatcher.logProblemDetails(ApicurioRegistryBaseIT.java:154)
	at io.apicurio.tests.ApicurioRegistryBaseIT$RegistryApiErrorWatcher.logProblemDetails(ApicurioRegistryBaseIT.java:154)
	at io.apicurio.tests.ApicurioRegistryBaseIT$RegistryApiErrorWatcher.logProblemDetails(ApicurioRegistryBaseIT.java:154)
	at io.apicurio.tests.ApicurioRegistryBaseIT$RegistryApiErrorWatcher.logProblemDetails(ApicurioRegistryBaseIT.java:154)
	at io.apicurio.tests.ApicurioRegistryBaseIT$RegistryApiErrorWatcher.logProblemDetails(ApicurioRegistryBaseIT.java:154)
	at io.apicurio.tests.ApicurioRegistryBaseIT$RegistryApiErrorWatcher.logProblemDetails(ApicurioRegistryBaseIT.java:154)
	at io.apicurio.tests.ApicurioRegistryBaseIT$RegistryApiErrorWatcher.logProblemDetails(ApicurioRegistryBaseIT.java:154)
	at io.apicurio.tests.ApicurioRegistryBaseIT$RegistryApiErrorWatcher.logProblemDetails(ApicurioRegistryBaseIT.java:154)
	at io.apicurio.tests.ApicurioRegistryBaseIT$RegistryApiErrorWatcher.logProblemDetails(ApicurioRegistryBaseIT.java:154)
	at io.apicurio.tests.ApicurioRegistryBaseIT$RegistryApiErrorWatcher.logProblemDetails(ApicurioRegistryBaseIT.java:154)
	at io.apicurio.tests.ApicurioRegistryBaseIT$RegistryApiErrorWatcher.logProblemDetails(ApicurioRegistryBaseIT.java:154)
	at io.apicurio.tests.ApicurioRegistryBaseIT$RegistryApiErrorWatcher.logProblemDetails(ApicurioRegistryBaseIT.java:154)
	at io.apicurio.tests.ApicurioRegistryBaseIT$RegistryApiErrorWatcher.logProblemDetails(ApicurioRegistryBaseIT.java:154)
	at io.apicurio.tests.ApicurioRegistryBaseIT$RegistryApiErrorWatcher.logProblemDetails(ApicurioRegistryBaseIT.java:154)
	at io.apicurio.tests.ApicurioRegistryBaseIT$RegistryApiErrorWatcher.logProblemDetails(ApicurioRegistryBaseIT.java:154)
	at io.apicurio.tests.ApicurioRegistryBaseIT$RegistryApiErrorWatcher.logProblemDetails(ApicurioRegistryBaseIT.java:154)
	at io.apicurio.tests.ApicurioRegistryBaseIT$RegistryApiErrorWatcher.logProblemDetails(ApicurioRegistryBaseIT.java:154)
	at io.apicurio.tests.ApicurioRegistryBaseIT$RegistryApiErrorWatcher.logProblemDetails(ApicurioRegistryBaseIT.java:154)
	at io.apicurio.tests.ApicurioRegistryBaseIT$RegistryApiErrorWatcher.logProblemDetails(ApicurioRegistryBaseIT.java:154)
	at io.apicurio.tests.ApicurioRegistryBaseIT$RegistryApiErrorWatcher.logProblemDetails(ApicurioRegistryBaseIT.java:154)
	at io.apicurio.tests.ApicurioRegistryBaseIT$RegistryApiErrorWatcher.logProblemDetails(ApicurioRegistryBaseIT.java:154)
	at io.apicurio.tests.ApicurioRegistryBaseIT$RegistryApiErrorWatcher.logProblemDetails(ApicurioRegistryBaseIT.java:154)
	at io.apicurio.tests.ApicurioRegistryBaseIT$RegistryApiErrorWatcher.logProblemDetails(ApicurioRegistryBaseIT.java:154)
	at io.apicurio.tests.ApicurioRegistryBaseIT$RegistryApiErrorWatcher.logProblemDetails(ApicurioRegistryBaseIT.java:154)
	at io.apicurio.tests.ApicurioRegistryBaseIT$RegistryApiErrorWatcher.logProblemDetails(ApicurioRegistryBaseIT.java:154)
	at io.apicurio.tests.ApicurioRegistryBaseIT$RegistryApiErrorWatcher.logProblemDetails(ApicurioRegistryBaseIT.java:154)
	at io.apicurio.tests.ApicurioRegistryBaseIT$RegistryApiErrorWatcher.logProblemDetails(ApicurioRegistryBaseIT.java:154)
	at io.apicurio.tests.ApicurioRegistryBaseIT$RegistryApiErrorWatcher.logProblemDetails(ApicurioRegistryBaseIT.java:154)
	at io.apicurio.tests.ApicurioRegistryBaseIT$RegistryApiErrorWatcher.logProblemDetails(ApicurioRegistryBaseIT.java:154)
	at io.apicurio.tests.ApicurioRegistryBaseIT$RegistryApiErrorWatcher.logProblemDetails(ApicurioRegistryBaseIT.java:154)
	at io.apicurio.tests.ApicurioRegistryBaseIT$RegistryApiErrorWatcher.logProblemDetails(ApicurioRegistryBaseIT.java:154)
	at io.apicurio.tests.ApicurioRegistryBaseIT$RegistryApiErrorWatcher.logProblemDetails(ApicurioRegistryBaseIT.java:154)
	at io.apicurio.tests.ApicurioRegistryBaseIT$RegistryApiErrorWatcher.logProblemDetails(ApicurioRegistryBaseIT.java:154)
	at io.apicurio.tests.ApicurioRegistryBaseIT$RegistryApiErrorWatcher.logProblemDetails(ApicurioRegistryBaseIT.java:154)
	at io.apicurio.tests.ApicurioRegistryBaseIT$RegistryApiErrorWatcher.logProblemDetails(ApicurioRegistryBaseIT.java:154)
	at io.apicurio.tests.ApicurioRegistryBaseIT$RegistryApiErrorWatcher.logProblemDetails(ApicurioRegistryBaseIT.java:154)
	at io.apicurio.tests.ApicurioRegistryBaseIT$RegistryApiErrorWatcher.logProblemDetails(ApicurioRegistryBaseIT.java:154)
	at io.apicurio.tests.ApicurioRegistryBaseIT$RegistryApiErrorWatcher.logProblemDetails(ApicurioRegistryBaseIT.java:154)
	at io.apicurio.tests.ApicurioRegistryBaseIT$RegistryApiErrorWatcher.logProblemDetails(ApicurioRegistryBaseIT.java:154)
	at io.apicurio.tests.ApicurioRegistryBaseIT$RegistryApiErrorWatcher.logProblemDetails(ApicurioRegistryBaseIT.java:154)
	at io.apicurio.tests.ApicurioRegistryBaseIT$RegistryApiErrorWatcher.logProblemDetails(ApicurioRegistryBaseIT.java:154)
	at io.apicurio.tests.ApicurioRegistryBaseIT$RegistryApiErrorWatcher.logProblemDetails(ApicurioRegistryBaseIT.java:154)
	at io.apicurio.tests.ApicurioRegistryBaseIT$RegistryApiErrorWatcher.logProblemDetails(ApicurioRegistryBaseIT.java:154)
	at io.apicurio.tests.ApicurioRegistryBaseIT$RegistryApiErrorWatcher.logProblemDetails(ApicurioRegistryBaseIT.java:154)
	at io.apicurio.tests.ApicurioRegistryBaseIT$RegistryApiErrorWatcher.logProblemDetails(ApicurioRegistryBaseIT.java:154)
	at io.apicurio.tests.ApicurioRegistryBaseIT$RegistryApiErrorWatcher.logProblemDetails(ApicurioRegistryBaseIT.java:154)
	at io.apicurio.tests.ApicurioRegistryBaseIT$RegistryApiErrorWatcher.logProblemDetails(ApicurioRegistryBaseIT.java:154)
	at io.apicurio.tests.ApicurioRegistryBaseIT$RegistryApiErrorWatcher.logProblemDetails(ApicurioRegistryBaseIT.java:154)
	at io.apicurio.tests.ApicurioRegistryBaseIT$RegistryApiErrorWatcher.logProblemDetails(ApicurioRegistryBaseIT.java:154)
	at io.apicurio.tests.ApicurioRegistryBaseIT$RegistryApiErrorWatcher.logProblemDetails(ApicurioRegistryBaseIT.java:154)
	at io.apicurio.tests.ApicurioRegistryBaseIT$RegistryApiErrorWatcher.logProblemDetails(ApicurioRegistryBaseIT.java:154)
	at io.apicurio.tests.ApicurioRegistryBaseIT$RegistryApiErrorWatcher.logProblemDetails(ApicurioRegistryBaseIT.java:154)
	at io.apicurio.tests.ApicurioRegistryBaseIT$RegistryApiErrorWatcher.logProblemDetails(ApicurioRegistryBaseIT.java:154)
	at io.apicurio.tests.ApicurioRegistryBaseIT$RegistryApiErrorWatcher.logProblemDetails(ApicurioRegistryBaseIT.java:154)
	at io.apicurio.tests.ApicurioRegistryBaseIT$RegistryApiErrorWatcher.logProblemDetails(ApicurioRegistryBaseIT.java:154)
	at io.apicurio.tests.ApicurioRegistryBaseIT$RegistryApiErrorWatcher.logProblemDetails(ApicurioRegistryBaseIT.java:154)
	at io.apicurio.tests.ApicurioRegistryBaseIT$RegistryApiErrorWatcher.logProblemDetails(ApicurioRegistryBaseIT.java:154)
	at io.apicurio.tests.ApicurioRegistryBaseIT$RegistryApiErrorWatcher.logProblemDetails(ApicurioRegistryBaseIT.java:154)
	at io.apicurio.tests.ApicurioRegistryBaseIT$RegistryApiErrorWatcher.logProblemDetails(ApicurioRegistryBaseIT.java:154)
	at io.apicurio.tests.ApicurioRegistryBaseIT$RegistryApiErrorWatcher.logProblemDetails(ApicurioRegistryBaseIT.java:154)
	at io.apicurio.tests.ApicurioRegistryBaseIT$RegistryApiErrorWatcher.logProblemDetails(ApicurioRegistryBaseIT.java:154)
	at io.apicurio.tests.ApicurioRegistryBaseIT$RegistryApiErrorWatcher.logProblemDetails(ApicurioRegistryBaseIT.java:154)
	at io.apicurio.tests.ApicurioRegistryBaseIT$RegistryApiErrorWatcher.logProblemDetails(ApicurioRegistryBaseIT.java:154)
	at io.apicurio.tests.ApicurioRegistryBaseIT$RegistryApiErrorWatcher.logProblemDetails(ApicurioRegistryBaseIT.java:154)
	at io.apicurio.tests.ApicurioRegistryBaseIT$RegistryApiErrorWatcher.logProblemDetails(ApicurioRegistryBaseIT.java:154)
	at io.apicurio.tests.ApicurioRegistryBaseIT$RegistryApiErrorWatcher.logProblemDetails(ApicurioRegistryBaseIT.java:154)
	at io.apicurio.tests.ApicurioRegistryBaseIT$RegistryApiErrorWatcher.logProblemDetails(ApicurioRegistryBaseIT.java:154)
	at io.apicurio.tests.ApicurioRegistryBaseIT$RegistryApiErrorWatcher.logProblemDetails(ApicurioRegistryBaseIT.java:154)
	at io.apicurio.tests.ApicurioRegistryBaseIT$RegistryApiErrorWatcher.logProblemDetails(ApicurioRegistryBaseIT.java:154)
	at io.apicurio.tests.ApicurioRegistryBaseIT$RegistryApiErrorWatcher.logProblemDetails(ApicurioRegistryBaseIT.java:154)
	at io.apicurio.tests.ApicurioRegistryBaseIT$RegistryApiErrorWatcher.logProblemDetails(ApicurioRegistryBaseIT.java:154)
	at io.apicurio.tests.ApicurioRegistryBaseIT$RegistryApiErrorWatcher.logProblemDetails(ApicurioRegistryBaseIT.java:154)
	at io.apicurio.tests.ApicurioRegistryBaseIT$RegistryApiErrorWatcher.logProblemDetails(ApicurioRegistryBaseIT.java:154)
	at io.apicurio.tests.ApicurioRegistryBaseIT$RegistryApiErrorWatcher.logProblemDetails(ApicurioRegistryBaseIT.java:154)
	at io.apicurio.tests.ApicurioRegistryBaseIT$RegistryApiErrorWatcher.logProblemDetails(ApicurioRegistryBaseIT.java:154)
	at io.apicurio.tests.ApicurioRegistryBaseIT$RegistryApiErrorWatcher.logProblemDetails(ApicurioRegistryBaseIT.java:154)
	at io.apicurio.tests.ApicurioRegistryBaseIT$RegistryApiErrorWatcher.logProblemDetails(ApicurioRegistryBaseIT.java:154)
	at io.apicurio.tests.ApicurioRegistryBaseIT$RegistryApiErrorWatcher.logProblemDetails(ApicurioRegistryBaseIT.java:154)
	at io.apicurio.tests.ApicurioRegistryBaseIT$RegistryApiErrorWatcher.logProblemDetails(ApicurioRegistryBaseIT.java:154)
	at io.apicurio.tests.ApicurioRegistryBaseIT$RegistryApiErrorWatcher.logProblemDetails(ApicurioRegistryBaseIT.java:154)
	at io.apicurio.tests.ApicurioRegistryBaseIT$RegistryApiErrorWatcher.logProblemDetails(ApicurioRegistryBaseIT.java:154)
	at io.apicurio.tests.ApicurioRegistryBaseIT$RegistryApiErrorWatcher.logProblemDetails(ApicurioRegistryBaseIT.java:154)
	at io.apicurio.tests.ApicurioRegistryBaseIT$RegistryApiErrorWatcher.logProblemDetails(ApicurioRegistryBaseIT.java:154)
	at io.apicurio.tests.ApicurioRegistryBaseIT$RegistryApiErrorWatcher.logProblemDetails(ApicurioRegistryBaseIT.java:154)
	at io.apicurio.tests.ApicurioRegistryBaseIT$RegistryApiErrorWatcher.logProblemDetails(ApicurioRegistryBaseIT.java:154)
	at io.apicurio.tests.ApicurioRegistryBaseIT$RegistryApiErrorWatcher.logProblemDetails(ApicurioRegistryBaseIT.java:154)
	at io.apicurio.tests.ApicurioRegistryBaseIT$RegistryApiErrorWatcher.logProblemDetails(ApicurioRegistryBaseIT.java:154)
	at io.apicurio.tests.ApicurioRegistryBaseIT$RegistryApiErrorWatcher.logProblemDetails(ApicurioRegistryBaseIT.java:154)
	at io.apicurio.tests.ApicurioRegistryBaseIT$RegistryApiErrorWatcher.logProblemDetails(ApicurioRegistryBaseIT.java:154)
	at io.apicurio.tests.ApicurioRegistryBaseIT$RegistryApiErrorWatcher.logProblemDetails(ApicurioRegistryBaseIT.java:154)
	at io.apicurio.tests.ApicurioRegistryBaseIT$RegistryApiErrorWatcher.logProblemDetails(ApicurioRegistryBaseIT.java:154)
	at io.apicurio.tests.ApicurioRegistryBaseIT$RegistryApiErrorWatcher.logProblemDetails(ApicurioRegistryBaseIT.java:154)

]]></system-out>
  </testcase>
  <testcase name="testArtifactNotFound" classname="io.apicurio.tests.serdes.apicurio.ProtobufSerdeIT" time="0.002">
    <system-out><![CDATA[2025-07-31 17:05:34,843 INFO  [io.api.tes.uti.TestSeparator] (main) ############################################################################
2025-07-31 17:05:34,843 INFO  [io.api.tes.uti.TestSeparator] (main) io.apicurio.tests.serdes.apicurio.ProtobufSerdeIT.testArtifactNotFound-STARTED
2025-07-31 17:05:34,845 INFO  [io.api.tes.uti.TestSeparator] (main) io.apicurio.tests.serdes.apicurio.ProtobufSerdeIT.testArtifactNotFound-FINISHED
2025-07-31 17:05:34,845 INFO  [io.api.tes.uti.TestSeparator] (main) ############################################################################
Test passed: testArtifactNotFound
]]></system-out>
  </testcase>
  <testcase name="testTopicIdStrategyFindLatest" classname="io.apicurio.tests.serdes.apicurio.ProtobufSerdeIT" time="0.046">
    <error type="io.apicurio.registry.rest.client.models.RuleViolationProblemDetails"><![CDATA[io.apicurio.registry.rest.client.models.RuleViolationProblemDetails
	at io.apicurio.registry.rest.client.models.RuleViolationProblemDetails.createFromDiscriminatorValue(RuleViolationProblemDetails.java:62)
	at io.kiota.serialization.json.JsonParseNode.getObjectValue(JsonParseNode.java:247)
	at io.kiota.http.vertx.VertXRequestAdapter.lambda$throwIfFailedResponse$0(VertXRequestAdapter.java:400)
	at com.microsoft.kiota.ApiExceptionBuilder.<init>(ApiExceptionBuilder.java:26)
	at io.kiota.http.vertx.VertXRequestAdapter.throwIfFailedResponse(VertXRequestAdapter.java:399)
	at io.kiota.http.vertx.VertXRequestAdapter.send(VertXRequestAdapter.java:170)
	at io.apicurio.registry.rest.client.groups.item.artifacts.ArtifactsRequestBuilder.post(ArtifactsRequestBuilder.java:130)
	at io.apicurio.tests.ApicurioRegistryBaseIT.createArtifact(ApicurioRegistryBaseIT.java:184)
	at io.apicurio.tests.serdes.apicurio.ProtobufSerdeIT.testTopicIdStrategyFindLatest(ProtobufSerdeIT.java:56)
	at java.base/java.lang.reflect.Method.invoke(Method.java:569)
	at java.base/java.util.ArrayList.forEach(ArrayList.java:1511)
	at java.base/java.util.ArrayList.forEach(ArrayList.java:1511)
]]></error>
    <system-out><![CDATA[2025-07-31 17:05:34,846 INFO  [io.api.tes.uti.TestSeparator] (main) ############################################################################
2025-07-31 17:05:34,846 INFO  [io.api.tes.uti.TestSeparator] (main) io.apicurio.tests.serdes.apicurio.ProtobufSerdeIT.testTopicIdStrategyFindLatest-STARTED
2025-07-31 17:05:34,862 INFO  [io.api.tes.uti.TestSeparator] (main) io.apicurio.tests.serdes.apicurio.ProtobufSerdeIT.testTopicIdStrategyFindLatest-FINISHED
2025-07-31 17:05:34,863 INFO  [io.api.tes.uti.TestSeparator] (main) ############################################################################
2025-07-31 17:05:34,865 ERROR [io.api.reg.uti.tes.TestUtils] (main) === TEST FAILED ===
2025-07-31 17:05:34,865 ERROR [io.api.reg.uti.tes.TestUtils] (main) Class: class io.apicurio.tests.serdes.apicurio.ProtobufSerdeIT
2025-07-31 17:05:34,865 ERROR [io.api.reg.uti.tes.TestUtils] (main) Test:  testTopicIdStrategyFindLatest
2025-07-31 17:05:34,865 ERROR [io.api.reg.uti.tes.TestUtils] (main) ID:    [engine:junit-jupiter]/[class:io.apicurio.tests.serdes.apicurio.ProtobufSerdeIT]/[method:testTopicIdStrategyFindLatest()]
2025-07-31 17:05:34,865 ERROR [io.api.reg.uti.tes.TestUtils] (main) Error: RuleViolationProblemDetails - null
2025-07-31 17:05:34,865 ERROR [io.api.reg.uti.tes.TestUtils] (main) Rule Violation Problem Details
2025-07-31 17:05:34,888 WARNING [org.jun.jup.eng.des.MethodBasedTestDescriptor] (main) Failed to invoke TestWatcher [io.apicurio.tests.ApicurioRegistryBaseIT$RegistryApiErrorWatcher] for method [io.apicurio.tests.serdes.apicurio.ProtobufSerdeIT#testTopicIdStrategyFindLatest()] with display name [testTopicIdStrategyFindLatest]: java.lang.StackOverflowError
	at io.apicurio.tests.ApicurioRegistryBaseIT$RegistryApiErrorWatcher.logProblemDetails(ApicurioRegistryBaseIT.java:154)
	at io.apicurio.tests.ApicurioRegistryBaseIT$RegistryApiErrorWatcher.logProblemDetails(ApicurioRegistryBaseIT.java:154)
	at io.apicurio.tests.ApicurioRegistryBaseIT$RegistryApiErrorWatcher.logProblemDetails(ApicurioRegistryBaseIT.java:154)
	at io.apicurio.tests.ApicurioRegistryBaseIT$RegistryApiErrorWatcher.logProblemDetails(ApicurioRegistryBaseIT.java:154)
	at io.apicurio.tests.ApicurioRegistryBaseIT$RegistryApiErrorWatcher.logProblemDetails(ApicurioRegistryBaseIT.java:154)
	at io.apicurio.tests.ApicurioRegistryBaseIT$RegistryApiErrorWatcher.logProblemDetails(ApicurioRegistryBaseIT.java:154)
	at io.apicurio.tests.ApicurioRegistryBaseIT$RegistryApiErrorWatcher.logProblemDetails(ApicurioRegistryBaseIT.java:154)
	at io.apicurio.tests.ApicurioRegistryBaseIT$RegistryApiErrorWatcher.logProblemDetails(ApicurioRegistryBaseIT.java:154)
	at io.apicurio.tests.ApicurioRegistryBaseIT$RegistryApiErrorWatcher.logProblemDetails(ApicurioRegistryBaseIT.java:154)
	at io.apicurio.tests.ApicurioRegistryBaseIT$RegistryApiErrorWatcher.logProblemDetails(ApicurioRegistryBaseIT.java:154)
	at io.apicurio.tests.ApicurioRegistryBaseIT$RegistryApiErrorWatcher.logProblemDetails(ApicurioRegistryBaseIT.java:154)
	at io.apicurio.tests.ApicurioRegistryBaseIT$RegistryApiErrorWatcher.logProblemDetails(ApicurioRegistryBaseIT.java:154)
	at io.apicurio.tests.ApicurioRegistryBaseIT$RegistryApiErrorWatcher.logProblemDetails(ApicurioRegistryBaseIT.java:154)
	at io.apicurio.tests.ApicurioRegistryBaseIT$RegistryApiErrorWatcher.logProblemDetails(ApicurioRegistryBaseIT.java:154)
	at io.apicurio.tests.ApicurioRegistryBaseIT$RegistryApiErrorWatcher.logProblemDetails(ApicurioRegistryBaseIT.java:154)
	at io.apicurio.tests.ApicurioRegistryBaseIT$RegistryApiErrorWatcher.logProblemDetails(ApicurioRegistryBaseIT.java:154)
	at io.apicurio.tests.ApicurioRegistryBaseIT$RegistryApiErrorWatcher.logProblemDetails(ApicurioRegistryBaseIT.java:154)
	at io.apicurio.tests.ApicurioRegistryBaseIT$RegistryApiErrorWatcher.logProblemDetails(ApicurioRegistryBaseIT.java:154)
	at io.apicurio.tests.ApicurioRegistryBaseIT$RegistryApiErrorWatcher.logProblemDetails(ApicurioRegistryBaseIT.java:154)
	at io.apicurio.tests.ApicurioRegistryBaseIT$RegistryApiErrorWatcher.logProblemDetails(ApicurioRegistryBaseIT.java:154)
	at io.apicurio.tests.ApicurioRegistryBaseIT$RegistryApiErrorWatcher.logProblemDetails(ApicurioRegistryBaseIT.java:154)
	at io.apicurio.tests.ApicurioRegistryBaseIT$RegistryApiErrorWatcher.logProblemDetails(ApicurioRegistryBaseIT.java:154)
	at io.apicurio.tests.ApicurioRegistryBaseIT$RegistryApiErrorWatcher.logProblemDetails(ApicurioRegistryBaseIT.java:154)
	at io.apicurio.tests.ApicurioRegistryBaseIT$RegistryApiErrorWatcher.logProblemDetails(ApicurioRegistryBaseIT.java:154)
	at io.apicurio.tests.ApicurioRegistryBaseIT$RegistryApiErrorWatcher.logProblemDetails(ApicurioRegistryBaseIT.java:154)
	at io.apicurio.tests.ApicurioRegistryBaseIT$RegistryApiErrorWatcher.logProblemDetails(ApicurioRegistryBaseIT.java:154)
	at io.apicurio.tests.ApicurioRegistryBaseIT$RegistryApiErrorWatcher.logProblemDetails(ApicurioRegistryBaseIT.java:154)
	at io.apicurio.tests.ApicurioRegistryBaseIT$RegistryApiErrorWatcher.logProblemDetails(ApicurioRegistryBaseIT.java:154)
	at io.apicurio.tests.ApicurioRegistryBaseIT$RegistryApiErrorWatcher.logProblemDetails(ApicurioRegistryBaseIT.java:154)
	at io.apicurio.tests.ApicurioRegistryBaseIT$RegistryApiErrorWatcher.logProblemDetails(ApicurioRegistryBaseIT.java:154)
	at io.apicurio.tests.ApicurioRegistryBaseIT$RegistryApiErrorWatcher.logProblemDetails(ApicurioRegistryBaseIT.java:154)
	at io.apicurio.tests.ApicurioRegistryBaseIT$RegistryApiErrorWatcher.logProblemDetails(ApicurioRegistryBaseIT.java:154)
	at io.apicurio.tests.ApicurioRegistryBaseIT$RegistryApiErrorWatcher.logProblemDetails(ApicurioRegistryBaseIT.java:154)
	at io.apicurio.tests.ApicurioRegistryBaseIT$RegistryApiErrorWatcher.logProblemDetails(ApicurioRegistryBaseIT.java:154)
	at io.apicurio.tests.ApicurioRegistryBaseIT$RegistryApiErrorWatcher.logProblemDetails(ApicurioRegistryBaseIT.java:154)
	at io.apicurio.tests.ApicurioRegistryBaseIT$RegistryApiErrorWatcher.logProblemDetails(ApicurioRegistryBaseIT.java:154)
	at io.apicurio.tests.ApicurioRegistryBaseIT$RegistryApiErrorWatcher.logProblemDetails(ApicurioRegistryBaseIT.java:154)
	at io.apicurio.tests.ApicurioRegistryBaseIT$RegistryApiErrorWatcher.logProblemDetails(ApicurioRegistryBaseIT.java:154)
	at io.apicurio.tests.ApicurioRegistryBaseIT$RegistryApiErrorWatcher.logProblemDetails(ApicurioRegistryBaseIT.java:154)
	at io.apicurio.tests.ApicurioRegistryBaseIT$RegistryApiErrorWatcher.logProblemDetails(ApicurioRegistryBaseIT.java:154)
	at io.apicurio.tests.ApicurioRegistryBaseIT$RegistryApiErrorWatcher.logProblemDetails(ApicurioRegistryBaseIT.java:154)
	at io.apicurio.tests.ApicurioRegistryBaseIT$RegistryApiErrorWatcher.logProblemDetails(ApicurioRegistryBaseIT.java:154)
	at io.apicurio.tests.ApicurioRegistryBaseIT$RegistryApiErrorWatcher.logProblemDetails(ApicurioRegistryBaseIT.java:154)
	at io.apicurio.tests.ApicurioRegistryBaseIT$RegistryApiErrorWatcher.logProblemDetails(ApicurioRegistryBaseIT.java:154)
	at io.apicurio.tests.ApicurioRegistryBaseIT$RegistryApiErrorWatcher.logProblemDetails(ApicurioRegistryBaseIT.java:154)
	at io.apicurio.tests.ApicurioRegistryBaseIT$RegistryApiErrorWatcher.logProblemDetails(ApicurioRegistryBaseIT.java:154)
	at io.apicurio.tests.ApicurioRegistryBaseIT$RegistryApiErrorWatcher.logProblemDetails(ApicurioRegistryBaseIT.java:154)
	at io.apicurio.tests.ApicurioRegistryBaseIT$RegistryApiErrorWatcher.logProblemDetails(ApicurioRegistryBaseIT.java:154)
	at io.apicurio.tests.ApicurioRegistryBaseIT$RegistryApiErrorWatcher.logProblemDetails(ApicurioRegistryBaseIT.java:154)
	at io.apicurio.tests.ApicurioRegistryBaseIT$RegistryApiErrorWatcher.logProblemDetails(ApicurioRegistryBaseIT.java:154)
	at io.apicurio.tests.ApicurioRegistryBaseIT$RegistryApiErrorWatcher.logProblemDetails(ApicurioRegistryBaseIT.java:154)
	at io.apicurio.tests.ApicurioRegistryBaseIT$RegistryApiErrorWatcher.logProblemDetails(ApicurioRegistryBaseIT.java:154)
	at io.apicurio.tests.ApicurioRegistryBaseIT$RegistryApiErrorWatcher.logProblemDetails(ApicurioRegistryBaseIT.java:154)
	at io.apicurio.tests.ApicurioRegistryBaseIT$RegistryApiErrorWatcher.logProblemDetails(ApicurioRegistryBaseIT.java:154)
	at io.apicurio.tests.ApicurioRegistryBaseIT$RegistryApiErrorWatcher.logProblemDetails(ApicurioRegistryBaseIT.java:154)
	at io.apicurio.tests.ApicurioRegistryBaseIT$RegistryApiErrorWatcher.logProblemDetails(ApicurioRegistryBaseIT.java:154)
	at io.apicurio.tests.ApicurioRegistryBaseIT$RegistryApiErrorWatcher.logProblemDetails(ApicurioRegistryBaseIT.java:154)
	at io.apicurio.tests.ApicurioRegistryBaseIT$RegistryApiErrorWatcher.logProblemDetails(ApicurioRegistryBaseIT.java:154)
	at io.apicurio.tests.ApicurioRegistryBaseIT$RegistryApiErrorWatcher.logProblemDetails(ApicurioRegistryBaseIT.java:154)
	at io.apicurio.tests.ApicurioRegistryBaseIT$RegistryApiErrorWatcher.logProblemDetails(ApicurioRegistryBaseIT.java:154)
	at io.apicurio.tests.ApicurioRegistryBaseIT$RegistryApiErrorWatcher.logProblemDetails(ApicurioRegistryBaseIT.java:154)
	at io.apicurio.tests.ApicurioRegistryBaseIT$RegistryApiErrorWatcher.logProblemDetails(ApicurioRegistryBaseIT.java:154)
	at io.apicurio.tests.ApicurioRegistryBaseIT$RegistryApiErrorWatcher.logProblemDetails(ApicurioRegistryBaseIT.java:154)
	at io.apicurio.tests.ApicurioRegistryBaseIT$RegistryApiErrorWatcher.logProblemDetails(ApicurioRegistryBaseIT.java:154)
	at io.apicurio.tests.ApicurioRegistryBaseIT$RegistryApiErrorWatcher.logProblemDetails(ApicurioRegistryBaseIT.java:154)
	at io.apicurio.tests.ApicurioRegistryBaseIT$RegistryApiErrorWatcher.logProblemDetails(ApicurioRegistryBaseIT.java:154)
	at io.apicurio.tests.ApicurioRegistryBaseIT$RegistryApiErrorWatcher.logProblemDetails(ApicurioRegistryBaseIT.java:154)
	at io.apicurio.tests.ApicurioRegistryBaseIT$RegistryApiErrorWatcher.logProblemDetails(ApicurioRegistryBaseIT.java:154)
	at io.apicurio.tests.ApicurioRegistryBaseIT$RegistryApiErrorWatcher.logProblemDetails(ApicurioRegistryBaseIT.java:154)
	at io.apicurio.tests.ApicurioRegistryBaseIT$RegistryApiErrorWatcher.logProblemDetails(ApicurioRegistryBaseIT.java:154)
	at io.apicurio.tests.ApicurioRegistryBaseIT$RegistryApiErrorWatcher.logProblemDetails(ApicurioRegistryBaseIT.java:154)
	at io.apicurio.tests.ApicurioRegistryBaseIT$RegistryApiErrorWatcher.logProblemDetails(ApicurioRegistryBaseIT.java:154)
	at io.apicurio.tests.ApicurioRegistryBaseIT$RegistryApiErrorWatcher.logProblemDetails(ApicurioRegistryBaseIT.java:154)
	at io.apicurio.tests.ApicurioRegistryBaseIT$RegistryApiErrorWatcher.logProblemDetails(ApicurioRegistryBaseIT.java:154)
	at io.apicurio.tests.ApicurioRegistryBaseIT$RegistryApiErrorWatcher.logProblemDetails(ApicurioRegistryBaseIT.java:154)
	at io.apicurio.tests.ApicurioRegistryBaseIT$RegistryApiErrorWatcher.logProblemDetails(ApicurioRegistryBaseIT.java:154)
	at io.apicurio.tests.ApicurioRegistryBaseIT$RegistryApiErrorWatcher.logProblemDetails(ApicurioRegistryBaseIT.java:154)
	at io.apicurio.tests.ApicurioRegistryBaseIT$RegistryApiErrorWatcher.logProblemDetails(ApicurioRegistryBaseIT.java:154)
	at io.apicurio.tests.ApicurioRegistryBaseIT$RegistryApiErrorWatcher.logProblemDetails(ApicurioRegistryBaseIT.java:154)
	at io.apicurio.tests.ApicurioRegistryBaseIT$RegistryApiErrorWatcher.logProblemDetails(ApicurioRegistryBaseIT.java:154)
	at io.apicurio.tests.ApicurioRegistryBaseIT$RegistryApiErrorWatcher.logProblemDetails(ApicurioRegistryBaseIT.java:154)
	at io.apicurio.tests.ApicurioRegistryBaseIT$RegistryApiErrorWatcher.logProblemDetails(ApicurioRegistryBaseIT.java:154)
	at io.apicurio.tests.ApicurioRegistryBaseIT$RegistryApiErrorWatcher.logProblemDetails(ApicurioRegistryBaseIT.java:154)
	at io.apicurio.tests.ApicurioRegistryBaseIT$RegistryApiErrorWatcher.logProblemDetails(ApicurioRegistryBaseIT.java:154)
	at io.apicurio.tests.ApicurioRegistryBaseIT$RegistryApiErrorWatcher.logProblemDetails(ApicurioRegistryBaseIT.java:154)
	at io.apicurio.tests.ApicurioRegistryBaseIT$RegistryApiErrorWatcher.logProblemDetails(ApicurioRegistryBaseIT.java:154)
	at io.apicurio.tests.ApicurioRegistryBaseIT$RegistryApiErrorWatcher.logProblemDetails(ApicurioRegistryBaseIT.java:154)
	at io.apicurio.tests.ApicurioRegistryBaseIT$RegistryApiErrorWatcher.logProblemDetails(ApicurioRegistryBaseIT.java:154)
	at io.apicurio.tests.ApicurioRegistryBaseIT$RegistryApiErrorWatcher.logProblemDetails(ApicurioRegistryBaseIT.java:154)
	at io.apicurio.tests.ApicurioRegistryBaseIT$RegistryApiErrorWatcher.logProblemDetails(ApicurioRegistryBaseIT.java:154)
	at io.apicurio.tests.ApicurioRegistryBaseIT$RegistryApiErrorWatcher.logProblemDetails(ApicurioRegistryBaseIT.java:154)
	at io.apicurio.tests.ApicurioRegistryBaseIT$RegistryApiErrorWatcher.logProblemDetails(ApicurioRegistryBaseIT.java:154)
	at io.apicurio.tests.ApicurioRegistryBaseIT$RegistryApiErrorWatcher.logProblemDetails(ApicurioRegistryBaseIT.java:154)
	at io.apicurio.tests.ApicurioRegistryBaseIT$RegistryApiErrorWatcher.logProblemDetails(ApicurioRegistryBaseIT.java:154)
	at io.apicurio.tests.ApicurioRegistryBaseIT$RegistryApiErrorWatcher.logProblemDetails(ApicurioRegistryBaseIT.java:154)
	at io.apicurio.tests.ApicurioRegistryBaseIT$RegistryApiErrorWatcher.logProblemDetails(ApicurioRegistryBaseIT.java:154)
	at io.apicurio.tests.ApicurioRegistryBaseIT$RegistryApiErrorWatcher.logProblemDetails(ApicurioRegistryBaseIT.java:154)
	at io.apicurio.tests.ApicurioRegistryBaseIT$RegistryApiErrorWatcher.logProblemDetails(ApicurioRegistryBaseIT.java:154)
	at io.apicurio.tests.ApicurioRegistryBaseIT$RegistryApiErrorWatcher.logProblemDetails(ApicurioRegistryBaseIT.java:154)
	at io.apicurio.tests.ApicurioRegistryBaseIT$RegistryApiErrorWatcher.logProblemDetails(ApicurioRegistryBaseIT.java:154)
	at io.apicurio.tests.ApicurioRegistryBaseIT$RegistryApiErrorWatcher.logProblemDetails(ApicurioRegistryBaseIT.java:154)
	at io.apicurio.tests.ApicurioRegistryBaseIT$RegistryApiErrorWatcher.logProblemDetails(ApicurioRegistryBaseIT.java:154)
	at io.apicurio.tests.ApicurioRegistryBaseIT$RegistryApiErrorWatcher.logProblemDetails(ApicurioRegistryBaseIT.java:154)
	at io.apicurio.tests.ApicurioRegistryBaseIT$RegistryApiErrorWatcher.logProblemDetails(ApicurioRegistryBaseIT.java:154)
	at io.apicurio.tests.ApicurioRegistryBaseIT$RegistryApiErrorWatcher.logProblemDetails(ApicurioRegistryBaseIT.java:154)
	at io.apicurio.tests.ApicurioRegistryBaseIT$RegistryApiErrorWatcher.logProblemDetails(ApicurioRegistryBaseIT.java:154)
	at io.apicurio.tests.ApicurioRegistryBaseIT$RegistryApiErrorWatcher.logProblemDetails(ApicurioRegistryBaseIT.java:154)
	at io.apicurio.tests.ApicurioRegistryBaseIT$RegistryApiErrorWatcher.logProblemDetails(ApicurioRegistryBaseIT.java:154)
	at io.apicurio.tests.ApicurioRegistryBaseIT$RegistryApiErrorWatcher.logProblemDetails(ApicurioRegistryBaseIT.java:154)
	at io.apicurio.tests.ApicurioRegistryBaseIT$RegistryApiErrorWatcher.logProblemDetails(ApicurioRegistryBaseIT.java:154)
	at io.apicurio.tests.ApicurioRegistryBaseIT$RegistryApiErrorWatcher.logProblemDetails(ApicurioRegistryBaseIT.java:154)
	at io.apicurio.tests.ApicurioRegistryBaseIT$RegistryApiErrorWatcher.logProblemDetails(ApicurioRegistryBaseIT.java:154)
	at io.apicurio.tests.ApicurioRegistryBaseIT$RegistryApiErrorWatcher.logProblemDetails(ApicurioRegistryBaseIT.java:154)
	at io.apicurio.tests.ApicurioRegistryBaseIT$RegistryApiErrorWatcher.logProblemDetails(ApicurioRegistryBaseIT.java:154)
	at io.apicurio.tests.ApicurioRegistryBaseIT$RegistryApiErrorWatcher.logProblemDetails(ApicurioRegistryBaseIT.java:154)
	at io.apicurio.tests.ApicurioRegistryBaseIT$RegistryApiErrorWatcher.logProblemDetails(ApicurioRegistryBaseIT.java:154)
	at io.apicurio.tests.ApicurioRegistryBaseIT$RegistryApiErrorWatcher.logProblemDetails(ApicurioRegistryBaseIT.java:154)
	at io.apicurio.tests.ApicurioRegistryBaseIT$RegistryApiErrorWatcher.logProblemDetails(ApicurioRegistryBaseIT.java:154)
	at io.apicurio.tests.ApicurioRegistryBaseIT$RegistryApiErrorWatcher.logProblemDetails(ApicurioRegistryBaseIT.java:154)
	at io.apicurio.tests.ApicurioRegistryBaseIT$RegistryApiErrorWatcher.logProblemDetails(ApicurioRegistryBaseIT.java:154)
	at io.apicurio.tests.ApicurioRegistryBaseIT$RegistryApiErrorWatcher.logProblemDetails(ApicurioRegistryBaseIT.java:154)
	at io.apicurio.tests.ApicurioRegistryBaseIT$RegistryApiErrorWatcher.logProblemDetails(ApicurioRegistryBaseIT.java:154)
	at io.apicurio.tests.ApicurioRegistryBaseIT$RegistryApiErrorWatcher.logProblemDetails(ApicurioRegistryBaseIT.java:154)
	at io.apicurio.tests.ApicurioRegistryBaseIT$RegistryApiErrorWatcher.logProblemDetails(ApicurioRegistryBaseIT.java:154)
	at io.apicurio.tests.ApicurioRegistryBaseIT$RegistryApiErrorWatcher.logProblemDetails(ApicurioRegistryBaseIT.java:154)
	at io.apicurio.tests.ApicurioRegistryBaseIT$RegistryApiErrorWatcher.logProblemDetails(ApicurioRegistryBaseIT.java:154)
	at io.apicurio.tests.ApicurioRegistryBaseIT$RegistryApiErrorWatcher.logProblemDetails(ApicurioRegistryBaseIT.java:154)
	at io.apicurio.tests.ApicurioRegistryBaseIT$RegistryApiErrorWatcher.logProblemDetails(ApicurioRegistryBaseIT.java:154)
	at io.apicurio.tests.ApicurioRegistryBaseIT$RegistryApiErrorWatcher.logProblemDetails(ApicurioRegistryBaseIT.java:154)
	at io.apicurio.tests.ApicurioRegistryBaseIT$RegistryApiErrorWatcher.logProblemDetails(ApicurioRegistryBaseIT.java:154)
	at io.apicurio.tests.ApicurioRegistryBaseIT$RegistryApiErrorWatcher.logProblemDetails(ApicurioRegistryBaseIT.java:154)
	at io.apicurio.tests.ApicurioRegistryBaseIT$RegistryApiErrorWatcher.logProblemDetails(ApicurioRegistryBaseIT.java:154)
	at io.apicurio.tests.ApicurioRegistryBaseIT$RegistryApiErrorWatcher.logProblemDetails(ApicurioRegistryBaseIT.java:154)
	at io.apicurio.tests.ApicurioRegistryBaseIT$RegistryApiErrorWatcher.logProblemDetails(ApicurioRegistryBaseIT.java:154)
	at io.apicurio.tests.ApicurioRegistryBaseIT$RegistryApiErrorWatcher.logProblemDetails(ApicurioRegistryBaseIT.java:154)
	at io.apicurio.tests.ApicurioRegistryBaseIT$RegistryApiErrorWatcher.logProblemDetails(ApicurioRegistryBaseIT.java:154)
	at io.apicurio.tests.ApicurioRegistryBaseIT$RegistryApiErrorWatcher.logProblemDetails(ApicurioRegistryBaseIT.java:154)
	at io.apicurio.tests.ApicurioRegistryBaseIT$RegistryApiErrorWatcher.logProblemDetails(ApicurioRegistryBaseIT.java:154)
	at io.apicurio.tests.ApicurioRegistryBaseIT$RegistryApiErrorWatcher.logProblemDetails(ApicurioRegistryBaseIT.java:154)
	at io.apicurio.tests.ApicurioRegistryBaseIT$RegistryApiErrorWatcher.logProblemDetails(ApicurioRegistryBaseIT.java:154)
	at io.apicurio.tests.ApicurioRegistryBaseIT$RegistryApiErrorWatcher.logProblemDetails(ApicurioRegistryBaseIT.java:154)
	at io.apicurio.tests.ApicurioRegistryBaseIT$RegistryApiErrorWatcher.logProblemDetails(ApicurioRegistryBaseIT.java:154)
	at io.apicurio.tests.ApicurioRegistryBaseIT$RegistryApiErrorWatcher.logProblemDetails(ApicurioRegistryBaseIT.java:154)
	at io.apicurio.tests.ApicurioRegistryBaseIT$RegistryApiErrorWatcher.logProblemDetails(ApicurioRegistryBaseIT.java:154)
	at io.apicurio.tests.ApicurioRegistryBaseIT$RegistryApiErrorWatcher.logProblemDetails(ApicurioRegistryBaseIT.java:154)
	at io.apicurio.tests.ApicurioRegistryBaseIT$RegistryApiErrorWatcher.logProblemDetails(ApicurioRegistryBaseIT.java:154)
	at io.apicurio.tests.ApicurioRegistryBaseIT$RegistryApiErrorWatcher.logProblemDetails(ApicurioRegistryBaseIT.java:154)
	at io.apicurio.tests.ApicurioRegistryBaseIT$RegistryApiErrorWatcher.logProblemDetails(ApicurioRegistryBaseIT.java:154)
	at io.apicurio.tests.ApicurioRegistryBaseIT$RegistryApiErrorWatcher.logProblemDetails(ApicurioRegistryBaseIT.java:154)
	at io.apicurio.tests.ApicurioRegistryBaseIT$RegistryApiErrorWatcher.logProblemDetails(ApicurioRegistryBaseIT.java:154)
	at io.apicurio.tests.ApicurioRegistryBaseIT$RegistryApiErrorWatcher.logProblemDetails(ApicurioRegistryBaseIT.java:154)
	at io.apicurio.tests.ApicurioRegistryBaseIT$RegistryApiErrorWatcher.logProblemDetails(ApicurioRegistryBaseIT.java:154)
	at io.apicurio.tests.ApicurioRegistryBaseIT$RegistryApiErrorWatcher.logProblemDetails(ApicurioRegistryBaseIT.java:154)
	at io.apicurio.tests.ApicurioRegistryBaseIT$RegistryApiErrorWatcher.logProblemDetails(ApicurioRegistryBaseIT.java:154)
	at io.apicurio.tests.ApicurioRegistryBaseIT$RegistryApiErrorWatcher.logProblemDetails(ApicurioRegistryBaseIT.java:154)
	at io.apicurio.tests.ApicurioRegistryBaseIT$RegistryApiErrorWatcher.logProblemDetails(ApicurioRegistryBaseIT.java:154)
	at io.apicurio.tests.ApicurioRegistryBaseIT$RegistryApiErrorWatcher.logProblemDetails(ApicurioRegistryBaseIT.java:154)
	at io.apicurio.tests.ApicurioRegistryBaseIT$RegistryApiErrorWatcher.logProblemDetails(ApicurioRegistryBaseIT.java:154)
	at io.apicurio.tests.ApicurioRegistryBaseIT$RegistryApiErrorWatcher.logProblemDetails(ApicurioRegistryBaseIT.java:154)
	at io.apicurio.tests.ApicurioRegistryBaseIT$RegistryApiErrorWatcher.logProblemDetails(ApicurioRegistryBaseIT.java:154)
	at io.apicurio.tests.ApicurioRegistryBaseIT$RegistryApiErrorWatcher.logProblemDetails(ApicurioRegistryBaseIT.java:154)
	at io.apicurio.tests.ApicurioRegistryBaseIT$RegistryApiErrorWatcher.logProblemDetails(ApicurioRegistryBaseIT.java:154)
	at io.apicurio.tests.ApicurioRegistryBaseIT$RegistryApiErrorWatcher.logProblemDetails(ApicurioRegistryBaseIT.java:154)
	at io.apicurio.tests.ApicurioRegistryBaseIT$RegistryApiErrorWatcher.logProblemDetails(ApicurioRegistryBaseIT.java:154)
	at io.apicurio.tests.ApicurioRegistryBaseIT$RegistryApiErrorWatcher.logProblemDetails(ApicurioRegistryBaseIT.java:154)
	at io.apicurio.tests.ApicurioRegistryBaseIT$RegistryApiErrorWatcher.logProblemDetails(ApicurioRegistryBaseIT.java:154)
	at io.apicurio.tests.ApicurioRegistryBaseIT$RegistryApiErrorWatcher.logProblemDetails(ApicurioRegistryBaseIT.java:154)
	at io.apicurio.tests.ApicurioRegistryBaseIT$RegistryApiErrorWatcher.logProblemDetails(ApicurioRegistryBaseIT.java:154)
	at io.apicurio.tests.ApicurioRegistryBaseIT$RegistryApiErrorWatcher.logProblemDetails(ApicurioRegistryBaseIT.java:154)
	at io.apicurio.tests.ApicurioRegistryBaseIT$RegistryApiErrorWatcher.logProblemDetails(ApicurioRegistryBaseIT.java:154)
	at io.apicurio.tests.ApicurioRegistryBaseIT$RegistryApiErrorWatcher.logProblemDetails(ApicurioRegistryBaseIT.java:154)
	at io.apicurio.tests.ApicurioRegistryBaseIT$RegistryApiErrorWatcher.logProblemDetails(ApicurioRegistryBaseIT.java:154)
	at io.apicurio.tests.ApicurioRegistryBaseIT$RegistryApiErrorWatcher.logProblemDetails(ApicurioRegistryBaseIT.java:154)
	at io.apicurio.tests.ApicurioRegistryBaseIT$RegistryApiErrorWatcher.logProblemDetails(ApicurioRegistryBaseIT.java:154)
	at io.apicurio.tests.ApicurioRegistryBaseIT$RegistryApiErrorWatcher.logProblemDetails(ApicurioRegistryBaseIT.java:154)
	at io.apicurio.tests.ApicurioRegistryBaseIT$RegistryApiErrorWatcher.logProblemDetails(ApicurioRegistryBaseIT.java:154)
	at io.apicurio.tests.ApicurioRegistryBaseIT$RegistryApiErrorWatcher.logProblemDetails(ApicurioRegistryBaseIT.java:154)
	at io.apicurio.tests.ApicurioRegistryBaseIT$RegistryApiErrorWatcher.logProblemDetails(ApicurioRegistryBaseIT.java:154)
	at io.apicurio.tests.ApicurioRegistryBaseIT$RegistryApiErrorWatcher.logProblemDetails(ApicurioRegistryBaseIT.java:154)
	at io.apicurio.tests.ApicurioRegistryBaseIT$RegistryApiErrorWatcher.logProblemDetails(ApicurioRegistryBaseIT.java:154)
	at io.apicurio.tests.ApicurioRegistryBaseIT$RegistryApiErrorWatcher.logProblemDetails(ApicurioRegistryBaseIT.java:154)
	at io.apicurio.tests.ApicurioRegistryBaseIT$RegistryApiErrorWatcher.logProblemDetails(ApicurioRegistryBaseIT.java:154)
	at io.apicurio.tests.ApicurioRegistryBaseIT$RegistryApiErrorWatcher.logProblemDetails(ApicurioRegistryBaseIT.java:154)
	at io.apicurio.tests.ApicurioRegistryBaseIT$RegistryApiErrorWatcher.logProblemDetails(ApicurioRegistryBaseIT.java:154)
	at io.apicurio.tests.ApicurioRegistryBaseIT$RegistryApiErrorWatcher.logProblemDetails(ApicurioRegistryBaseIT.java:154)
	at io.apicurio.tests.ApicurioRegistryBaseIT$RegistryApiErrorWatcher.logProblemDetails(ApicurioRegistryBaseIT.java:154)
	at io.apicurio.tests.ApicurioRegistryBaseIT$RegistryApiErrorWatcher.logProblemDetails(ApicurioRegistryBaseIT.java:154)
	at io.apicurio.tests.ApicurioRegistryBaseIT$RegistryApiErrorWatcher.logProblemDetails(ApicurioRegistryBaseIT.java:154)
	at io.apicurio.tests.ApicurioRegistryBaseIT$RegistryApiErrorWatcher.logProblemDetails(ApicurioRegistryBaseIT.java:154)
	at io.apicurio.tests.ApicurioRegistryBaseIT$RegistryApiErrorWatcher.logProblemDetails(ApicurioRegistryBaseIT.java:154)
	at io.apicurio.tests.ApicurioRegistryBaseIT$RegistryApiErrorWatcher.logProblemDetails(ApicurioRegistryBaseIT.java:154)
	at io.apicurio.tests.ApicurioRegistryBaseIT$RegistryApiErrorWatcher.logProblemDetails(ApicurioRegistryBaseIT.java:154)
	at io.apicurio.tests.ApicurioRegistryBaseIT$RegistryApiErrorWatcher.logProblemDetails(ApicurioRegistryBaseIT.java:154)
	at io.apicurio.tests.ApicurioRegistryBaseIT$RegistryApiErrorWatcher.logProblemDetails(ApicurioRegistryBaseIT.java:154)
	at io.apicurio.tests.ApicurioRegistryBaseIT$RegistryApiErrorWatcher.logProblemDetails(ApicurioRegistryBaseIT.java:154)
	at io.apicurio.tests.ApicurioRegistryBaseIT$RegistryApiErrorWatcher.logProblemDetails(ApicurioRegistryBaseIT.java:154)
	at io.apicurio.tests.ApicurioRegistryBaseIT$RegistryApiErrorWatcher.logProblemDetails(ApicurioRegistryBaseIT.java:154)
	at io.apicurio.tests.ApicurioRegistryBaseIT$RegistryApiErrorWatcher.logProblemDetails(ApicurioRegistryBaseIT.java:154)
	at io.apicurio.tests.ApicurioRegistryBaseIT$RegistryApiErrorWatcher.logProblemDetails(ApicurioRegistryBaseIT.java:154)
	at io.apicurio.tests.ApicurioRegistryBaseIT$RegistryApiErrorWatcher.logProblemDetails(ApicurioRegistryBaseIT.java:154)
	at io.apicurio.tests.ApicurioRegistryBaseIT$RegistryApiErrorWatcher.logProblemDetails(ApicurioRegistryBaseIT.java:154)
	at io.apicurio.tests.ApicurioRegistryBaseIT$RegistryApiErrorWatcher.logProblemDetails(ApicurioRegistryBaseIT.java:154)
	at io.apicurio.tests.ApicurioRegistryBaseIT$RegistryApiErrorWatcher.logProblemDetails(ApicurioRegistryBaseIT.java:154)
	at io.apicurio.tests.ApicurioRegistryBaseIT$RegistryApiErrorWatcher.logProblemDetails(ApicurioRegistryBaseIT.java:154)
	at io.apicurio.tests.ApicurioRegistryBaseIT$RegistryApiErrorWatcher.logProblemDetails(ApicurioRegistryBaseIT.java:154)
	at io.apicurio.tests.ApicurioRegistryBaseIT$RegistryApiErrorWatcher.logProblemDetails(ApicurioRegistryBaseIT.java:154)
	at io.apicurio.tests.ApicurioRegistryBaseIT$RegistryApiErrorWatcher.logProblemDetails(ApicurioRegistryBaseIT.java:154)
	at io.apicurio.tests.ApicurioRegistryBaseIT$RegistryApiErrorWatcher.logProblemDetails(ApicurioRegistryBaseIT.java:154)
	at io.apicurio.tests.ApicurioRegistryBaseIT$RegistryApiErrorWatcher.logProblemDetails(ApicurioRegistryBaseIT.java:154)
	at io.apicurio.tests.ApicurioRegistryBaseIT$RegistryApiErrorWatcher.logProblemDetails(ApicurioRegistryBaseIT.java:154)
	at io.apicurio.tests.ApicurioRegistryBaseIT$RegistryApiErrorWatcher.logProblemDetails(ApicurioRegistryBaseIT.java:154)
	at io.apicurio.tests.ApicurioRegistryBaseIT$RegistryApiErrorWatcher.logProblemDetails(ApicurioRegistryBaseIT.java:154)
	at io.apicurio.tests.ApicurioRegistryBaseIT$RegistryApiErrorWatcher.logProblemDetails(ApicurioRegistryBaseIT.java:154)
	at io.apicurio.tests.ApicurioRegistryBaseIT$RegistryApiErrorWatcher.logProblemDetails(ApicurioRegistryBaseIT.java:154)
	at io.apicurio.tests.ApicurioRegistryBaseIT$RegistryApiErrorWatcher.logProblemDetails(ApicurioRegistryBaseIT.java:154)
	at io.apicurio.tests.ApicurioRegistryBaseIT$RegistryApiErrorWatcher.logProblemDetails(ApicurioRegistryBaseIT.java:154)
	at io.apicurio.tests.ApicurioRegistryBaseIT$RegistryApiErrorWatcher.logProblemDetails(ApicurioRegistryBaseIT.java:154)
	at io.apicurio.tests.ApicurioRegistryBaseIT$RegistryApiErrorWatcher.logProblemDetails(ApicurioRegistryBaseIT.java:154)
	at io.apicurio.tests.ApicurioRegistryBaseIT$RegistryApiErrorWatcher.logProblemDetails(ApicurioRegistryBaseIT.java:154)
	at io.apicurio.tests.ApicurioRegistryBaseIT$RegistryApiErrorWatcher.logProblemDetails(ApicurioRegistryBaseIT.java:154)
	at io.apicurio.tests.ApicurioRegistryBaseIT$RegistryApiErrorWatcher.logProblemDetails(ApicurioRegistryBaseIT.java:154)
	at io.apicurio.tests.ApicurioRegistryBaseIT$RegistryApiErrorWatcher.logProblemDetails(ApicurioRegistryBaseIT.java:154)
	at io.apicurio.tests.ApicurioRegistryBaseIT$RegistryApiErrorWatcher.logProblemDetails(ApicurioRegistryBaseIT.java:154)
	at io.apicurio.tests.ApicurioRegistryBaseIT$RegistryApiErrorWatcher.logProblemDetails(ApicurioRegistryBaseIT.java:154)
	at io.apicurio.tests.ApicurioRegistryBaseIT$RegistryApiErrorWatcher.logProblemDetails(ApicurioRegistryBaseIT.java:154)
	at io.apicurio.tests.ApicurioRegistryBaseIT$RegistryApiErrorWatcher.logProblemDetails(ApicurioRegistryBaseIT.java:154)
	at io.apicurio.tests.ApicurioRegistryBaseIT$RegistryApiErrorWatcher.logProblemDetails(ApicurioRegistryBaseIT.java:154)
	at io.apicurio.tests.ApicurioRegistryBaseIT$RegistryApiErrorWatcher.logProblemDetails(ApicurioRegistryBaseIT.java:154)
	at io.apicurio.tests.ApicurioRegistryBaseIT$RegistryApiErrorWatcher.logProblemDetails(ApicurioRegistryBaseIT.java:154)
	at io.apicurio.tests.ApicurioRegistryBaseIT$RegistryApiErrorWatcher.logProblemDetails(ApicurioRegistryBaseIT.java:154)
	at io.apicurio.tests.ApicurioRegistryBaseIT$RegistryApiErrorWatcher.logProblemDetails(ApicurioRegistryBaseIT.java:154)
	at io.apicurio.tests.ApicurioRegistryBaseIT$RegistryApiErrorWatcher.logProblemDetails(ApicurioRegistryBaseIT.java:154)
	at io.apicurio.tests.ApicurioRegistryBaseIT$RegistryApiErrorWatcher.logProblemDetails(ApicurioRegistryBaseIT.java:154)
	at io.apicurio.tests.ApicurioRegistryBaseIT$RegistryApiErrorWatcher.logProblemDetails(ApicurioRegistryBaseIT.java:154)
	at io.apicurio.tests.ApicurioRegistryBaseIT$RegistryApiErrorWatcher.logProblemDetails(ApicurioRegistryBaseIT.java:154)
	at io.apicurio.tests.ApicurioRegistryBaseIT$RegistryApiErrorWatcher.logProblemDetails(ApicurioRegistryBaseIT.java:154)
	at io.apicurio.tests.ApicurioRegistryBaseIT$RegistryApiErrorWatcher.logProblemDetails(ApicurioRegistryBaseIT.java:154)
	at io.apicurio.tests.ApicurioRegistryBaseIT$RegistryApiErrorWatcher.logProblemDetails(ApicurioRegistryBaseIT.java:154)
	at io.apicurio.tests.ApicurioRegistryBaseIT$RegistryApiErrorWatcher.logProblemDetails(ApicurioRegistryBaseIT.java:154)
	at io.apicurio.tests.ApicurioRegistryBaseIT$RegistryApiErrorWatcher.logProblemDetails(ApicurioRegistryBaseIT.java:154)
	at io.apicurio.tests.ApicurioRegistryBaseIT$RegistryApiErrorWatcher.logProblemDetails(ApicurioRegistryBaseIT.java:154)
	at io.apicurio.tests.ApicurioRegistryBaseIT$RegistryApiErrorWatcher.logProblemDetails(ApicurioRegistryBaseIT.java:154)
	at io.apicurio.tests.ApicurioRegistryBaseIT$RegistryApiErrorWatcher.logProblemDetails(ApicurioRegistryBaseIT.java:154)
	at io.apicurio.tests.ApicurioRegistryBaseIT$RegistryApiErrorWatcher.logProblemDetails(ApicurioRegistryBaseIT.java:154)
	at io.apicurio.tests.ApicurioRegistryBaseIT$RegistryApiErrorWatcher.logProblemDetails(ApicurioRegistryBaseIT.java:154)
	at io.apicurio.tests.ApicurioRegistryBaseIT$RegistryApiErrorWatcher.logProblemDetails(ApicurioRegistryBaseIT.java:154)
	at io.apicurio.tests.ApicurioRegistryBaseIT$RegistryApiErrorWatcher.logProblemDetails(ApicurioRegistryBaseIT.java:154)
	at io.apicurio.tests.ApicurioRegistryBaseIT$RegistryApiErrorWatcher.logProblemDetails(ApicurioRegistryBaseIT.java:154)
	at io.apicurio.tests.ApicurioRegistryBaseIT$RegistryApiErrorWatcher.logProblemDetails(ApicurioRegistryBaseIT.java:154)
	at io.apicurio.tests.ApicurioRegistryBaseIT$RegistryApiErrorWatcher.logProblemDetails(ApicurioRegistryBaseIT.java:154)
	at io.apicurio.tests.ApicurioRegistryBaseIT$RegistryApiErrorWatcher.logProblemDetails(ApicurioRegistryBaseIT.java:154)
	at io.apicurio.tests.ApicurioRegistryBaseIT$RegistryApiErrorWatcher.logProblemDetails(ApicurioRegistryBaseIT.java:154)
	at io.apicurio.tests.ApicurioRegistryBaseIT$RegistryApiErrorWatcher.logProblemDetails(ApicurioRegistryBaseIT.java:154)
	at io.apicurio.tests.ApicurioRegistryBaseIT$RegistryApiErrorWatcher.logProblemDetails(ApicurioRegistryBaseIT.java:154)
	at io.apicurio.tests.ApicurioRegistryBaseIT$RegistryApiErrorWatcher.logProblemDetails(ApicurioRegistryBaseIT.java:154)
	at io.apicurio.tests.ApicurioRegistryBaseIT$RegistryApiErrorWatcher.logProblemDetails(ApicurioRegistryBaseIT.java:154)
	at io.apicurio.tests.ApicurioRegistryBaseIT$RegistryApiErrorWatcher.logProblemDetails(ApicurioRegistryBaseIT.java:154)
	at io.apicurio.tests.ApicurioRegistryBaseIT$RegistryApiErrorWatcher.logProblemDetails(ApicurioRegistryBaseIT.java:154)
	at io.apicurio.tests.ApicurioRegistryBaseIT$RegistryApiErrorWatcher.logProblemDetails(ApicurioRegistryBaseIT.java:154)
	at io.apicurio.tests.ApicurioRegistryBaseIT$RegistryApiErrorWatcher.logProblemDetails(ApicurioRegistryBaseIT.java:154)
	at io.apicurio.tests.ApicurioRegistryBaseIT$RegistryApiErrorWatcher.logProblemDetails(ApicurioRegistryBaseIT.java:154)
	at io.apicurio.tests.ApicurioRegistryBaseIT$RegistryApiErrorWatcher.logProblemDetails(ApicurioRegistryBaseIT.java:154)
	at io.apicurio.tests.ApicurioRegistryBaseIT$RegistryApiErrorWatcher.logProblemDetails(ApicurioRegistryBaseIT.java:154)
	at io.apicurio.tests.ApicurioRegistryBaseIT$RegistryApiErrorWatcher.logProblemDetails(ApicurioRegistryBaseIT.java:154)
	at io.apicurio.tests.ApicurioRegistryBaseIT$RegistryApiErrorWatcher.logProblemDetails(ApicurioRegistryBaseIT.java:154)
	at io.apicurio.tests.ApicurioRegistryBaseIT$RegistryApiErrorWatcher.logProblemDetails(ApicurioRegistryBaseIT.java:154)
	at io.apicurio.tests.ApicurioRegistryBaseIT$RegistryApiErrorWatcher.logProblemDetails(ApicurioRegistryBaseIT.java:154)
	at io.apicurio.tests.ApicurioRegistryBaseIT$RegistryApiErrorWatcher.logProblemDetails(ApicurioRegistryBaseIT.java:154)
	at io.apicurio.tests.ApicurioRegistryBaseIT$RegistryApiErrorWatcher.logProblemDetails(ApicurioRegistryBaseIT.java:154)
	at io.apicurio.tests.ApicurioRegistryBaseIT$RegistryApiErrorWatcher.logProblemDetails(ApicurioRegistryBaseIT.java:154)
	at io.apicurio.tests.ApicurioRegistryBaseIT$RegistryApiErrorWatcher.logProblemDetails(ApicurioRegistryBaseIT.java:154)
	at io.apicurio.tests.ApicurioRegistryBaseIT$RegistryApiErrorWatcher.logProblemDetails(ApicurioRegistryBaseIT.java:154)
	at io.apicurio.tests.ApicurioRegistryBaseIT$RegistryApiErrorWatcher.logProblemDetails(ApicurioRegistryBaseIT.java:154)
	at io.apicurio.tests.ApicurioRegistryBaseIT$RegistryApiErrorWatcher.logProblemDetails(ApicurioRegistryBaseIT.java:154)
	at io.apicurio.tests.ApicurioRegistryBaseIT$RegistryApiErrorWatcher.logProblemDetails(ApicurioRegistryBaseIT.java:154)
	at io.apicurio.tests.ApicurioRegistryBaseIT$RegistryApiErrorWatcher.logProblemDetails(ApicurioRegistryBaseIT.java:154)
	at io.apicurio.tests.ApicurioRegistryBaseIT$RegistryApiErrorWatcher.logProblemDetails(ApicurioRegistryBaseIT.java:154)
	at io.apicurio.tests.ApicurioRegistryBaseIT$RegistryApiErrorWatcher.logProblemDetails(ApicurioRegistryBaseIT.java:154)
	at io.apicurio.tests.ApicurioRegistryBaseIT$RegistryApiErrorWatcher.logProblemDetails(ApicurioRegistryBaseIT.java:154)
	at io.apicurio.tests.ApicurioRegistryBaseIT$RegistryApiErrorWatcher.logProblemDetails(ApicurioRegistryBaseIT.java:154)
	at io.apicurio.tests.ApicurioRegistryBaseIT$RegistryApiErrorWatcher.logProblemDetails(ApicurioRegistryBaseIT.java:154)
	at io.apicurio.tests.ApicurioRegistryBaseIT$RegistryApiErrorWatcher.logProblemDetails(ApicurioRegistryBaseIT.java:154)
	at io.apicurio.tests.ApicurioRegistryBaseIT$RegistryApiErrorWatcher.logProblemDetails(ApicurioRegistryBaseIT.java:154)
	at io.apicurio.tests.ApicurioRegistryBaseIT$RegistryApiErrorWatcher.logProblemDetails(ApicurioRegistryBaseIT.java:154)
	at io.apicurio.tests.ApicurioRegistryBaseIT$RegistryApiErrorWatcher.logProblemDetails(ApicurioRegistryBaseIT.java:154)
	at io.apicurio.tests.ApicurioRegistryBaseIT$RegistryApiErrorWatcher.logProblemDetails(ApicurioRegistryBaseIT.java:154)
	at io.apicurio.tests.ApicurioRegistryBaseIT$RegistryApiErrorWatcher.logProblemDetails(ApicurioRegistryBaseIT.java:154)
	at io.apicurio.tests.ApicurioRegistryBaseIT$RegistryApiErrorWatcher.logProblemDetails(ApicurioRegistryBaseIT.java:154)
	at io.apicurio.tests.ApicurioRegistryBaseIT$RegistryApiErrorWatcher.logProblemDetails(ApicurioRegistryBaseIT.java:154)
	at io.apicurio.tests.ApicurioRegistryBaseIT$RegistryApiErrorWatcher.logProblemDetails(ApicurioRegistryBaseIT.java:154)
	at io.apicurio.tests.ApicurioRegistryBaseIT$RegistryApiErrorWatcher.logProblemDetails(ApicurioRegistryBaseIT.java:154)
	at io.apicurio.tests.ApicurioRegistryBaseIT$RegistryApiErrorWatcher.logProblemDetails(ApicurioRegistryBaseIT.java:154)
	at io.apicurio.tests.ApicurioRegistryBaseIT$RegistryApiErrorWatcher.logProblemDetails(ApicurioRegistryBaseIT.java:154)
	at io.apicurio.tests.ApicurioRegistryBaseIT$RegistryApiErrorWatcher.logProblemDetails(ApicurioRegistryBaseIT.java:154)
	at io.apicurio.tests.ApicurioRegistryBaseIT$RegistryApiErrorWatcher.logProblemDetails(ApicurioRegistryBaseIT.java:154)
	at io.apicurio.tests.ApicurioRegistryBaseIT$RegistryApiErrorWatcher.logProblemDetails(ApicurioRegistryBaseIT.java:154)
	at io.apicurio.tests.ApicurioRegistryBaseIT$RegistryApiErrorWatcher.logProblemDetails(ApicurioRegistryBaseIT.java:154)
	at io.apicurio.tests.ApicurioRegistryBaseIT$RegistryApiErrorWatcher.logProblemDetails(ApicurioRegistryBaseIT.java:154)
	at io.apicurio.tests.ApicurioRegistryBaseIT$RegistryApiErrorWatcher.logProblemDetails(ApicurioRegistryBaseIT.java:154)
	at io.apicurio.tests.ApicurioRegistryBaseIT$RegistryApiErrorWatcher.logProblemDetails(ApicurioRegistryBaseIT.java:154)
	at io.apicurio.tests.ApicurioRegistryBaseIT$RegistryApiErrorWatcher.logProblemDetails(ApicurioRegistryBaseIT.java:154)
	at io.apicurio.tests.ApicurioRegistryBaseIT$RegistryApiErrorWatcher.logProblemDetails(ApicurioRegistryBaseIT.java:154)
	at io.apicurio.tests.ApicurioRegistryBaseIT$RegistryApiErrorWatcher.logProblemDetails(ApicurioRegistryBaseIT.java:154)
	at io.apicurio.tests.ApicurioRegistryBaseIT$RegistryApiErrorWatcher.logProblemDetails(ApicurioRegistryBaseIT.java:154)
	at io.apicurio.tests.ApicurioRegistryBaseIT$RegistryApiErrorWatcher.logProblemDetails(ApicurioRegistryBaseIT.java:154)
	at io.apicurio.tests.ApicurioRegistryBaseIT$RegistryApiErrorWatcher.logProblemDetails(ApicurioRegistryBaseIT.java:154)
	at io.apicurio.tests.ApicurioRegistryBaseIT$RegistryApiErrorWatcher.logProblemDetails(ApicurioRegistryBaseIT.java:154)
	at io.apicurio.tests.ApicurioRegistryBaseIT$RegistryApiErrorWatcher.logProblemDetails(ApicurioRegistryBaseIT.java:154)
	at io.apicurio.tests.ApicurioRegistryBaseIT$RegistryApiErrorWatcher.logProblemDetails(ApicurioRegistryBaseIT.java:154)
	at io.apicurio.tests.ApicurioRegistryBaseIT$RegistryApiErrorWatcher.logProblemDetails(ApicurioRegistryBaseIT.java:154)
	at io.apicurio.tests.ApicurioRegistryBaseIT$RegistryApiErrorWatcher.logProblemDetails(ApicurioRegistryBaseIT.java:154)
	at io.apicurio.tests.ApicurioRegistryBaseIT$RegistryApiErrorWatcher.logProblemDetails(ApicurioRegistryBaseIT.java:154)
	at io.apicurio.tests.ApicurioRegistryBaseIT$RegistryApiErrorWatcher.logProblemDetails(ApicurioRegistryBaseIT.java:154)
	at io.apicurio.tests.ApicurioRegistryBaseIT$RegistryApiErrorWatcher.logProblemDetails(ApicurioRegistryBaseIT.java:154)
	at io.apicurio.tests.ApicurioRegistryBaseIT$RegistryApiErrorWatcher.logProblemDetails(ApicurioRegistryBaseIT.java:154)
	at io.apicurio.tests.ApicurioRegistryBaseIT$RegistryApiErrorWatcher.logProblemDetails(ApicurioRegistryBaseIT.java:154)
	at io.apicurio.tests.ApicurioRegistryBaseIT$RegistryApiErrorWatcher.logProblemDetails(ApicurioRegistryBaseIT.java:154)
	at io.apicurio.tests.ApicurioRegistryBaseIT$RegistryApiErrorWatcher.logProblemDetails(ApicurioRegistryBaseIT.java:154)
	at io.apicurio.tests.ApicurioRegistryBaseIT$RegistryApiErrorWatcher.logProblemDetails(ApicurioRegistryBaseIT.java:154)
	at io.apicurio.tests.ApicurioRegistryBaseIT$RegistryApiErrorWatcher.logProblemDetails(ApicurioRegistryBaseIT.java:154)
	at io.apicurio.tests.ApicurioRegistryBaseIT$RegistryApiErrorWatcher.logProblemDetails(ApicurioRegistryBaseIT.java:154)
	at io.apicurio.tests.ApicurioRegistryBaseIT$RegistryApiErrorWatcher.logProblemDetails(ApicurioRegistryBaseIT.java:154)
	at io.apicurio.tests.ApicurioRegistryBaseIT$RegistryApiErrorWatcher.logProblemDetails(ApicurioRegistryBaseIT.java:154)
	at io.apicurio.tests.ApicurioRegistryBaseIT$RegistryApiErrorWatcher.logProblemDetails(ApicurioRegistryBaseIT.java:154)
	at io.apicurio.tests.ApicurioRegistryBaseIT$RegistryApiErrorWatcher.logProblemDetails(ApicurioRegistryBaseIT.java:154)
	at io.apicurio.tests.ApicurioRegistryBaseIT$RegistryApiErrorWatcher.logProblemDetails(ApicurioRegistryBaseIT.java:154)
	at io.apicurio.tests.ApicurioRegistryBaseIT$RegistryApiErrorWatcher.logProblemDetails(ApicurioRegistryBaseIT.java:154)
	at io.apicurio.tests.ApicurioRegistryBaseIT$RegistryApiErrorWatcher.logProblemDetails(ApicurioRegistryBaseIT.java:154)
	at io.apicurio.tests.ApicurioRegistryBaseIT$RegistryApiErrorWatcher.logProblemDetails(ApicurioRegistryBaseIT.java:154)
	at io.apicurio.tests.ApicurioRegistryBaseIT$RegistryApiErrorWatcher.logProblemDetails(ApicurioRegistryBaseIT.java:154)
	at io.apicurio.tests.ApicurioRegistryBaseIT$RegistryApiErrorWatcher.logProblemDetails(ApicurioRegistryBaseIT.java:154)
	at io.apicurio.tests.ApicurioRegistryBaseIT$RegistryApiErrorWatcher.logProblemDetails(ApicurioRegistryBaseIT.java:154)
	at io.apicurio.tests.ApicurioRegistryBaseIT$RegistryApiErrorWatcher.logProblemDetails(ApicurioRegistryBaseIT.java:154)
	at io.apicurio.tests.ApicurioRegistryBaseIT$RegistryApiErrorWatcher.logProblemDetails(ApicurioRegistryBaseIT.java:154)
	at io.apicurio.tests.ApicurioRegistryBaseIT$RegistryApiErrorWatcher.logProblemDetails(ApicurioRegistryBaseIT.java:154)
	at io.apicurio.tests.ApicurioRegistryBaseIT$RegistryApiErrorWatcher.logProblemDetails(ApicurioRegistryBaseIT.java:154)
	at io.apicurio.tests.ApicurioRegistryBaseIT$RegistryApiErrorWatcher.logProblemDetails(ApicurioRegistryBaseIT.java:154)
	at io.apicurio.tests.ApicurioRegistryBaseIT$RegistryApiErrorWatcher.logProblemDetails(ApicurioRegistryBaseIT.java:154)
	at io.apicurio.tests.ApicurioRegistryBaseIT$RegistryApiErrorWatcher.logProblemDetails(ApicurioRegistryBaseIT.java:154)
	at io.apicurio.tests.ApicurioRegistryBaseIT$RegistryApiErrorWatcher.logProblemDetails(ApicurioRegistryBaseIT.java:154)
	at io.apicurio.tests.ApicurioRegistryBaseIT$RegistryApiErrorWatcher.logProblemDetails(ApicurioRegistryBaseIT.java:154)
	at io.apicurio.tests.ApicurioRegistryBaseIT$RegistryApiErrorWatcher.logProblemDetails(ApicurioRegistryBaseIT.java:154)
	at io.apicurio.tests.ApicurioRegistryBaseIT$RegistryApiErrorWatcher.logProblemDetails(ApicurioRegistryBaseIT.java:154)
	at io.apicurio.tests.ApicurioRegistryBaseIT$RegistryApiErrorWatcher.logProblemDetails(ApicurioRegistryBaseIT.java:154)
	at io.apicurio.tests.ApicurioRegistryBaseIT$RegistryApiErrorWatcher.logProblemDetails(ApicurioRegistryBaseIT.java:154)
	at io.apicurio.tests.ApicurioRegistryBaseIT$RegistryApiErrorWatcher.logProblemDetails(ApicurioRegistryBaseIT.java:154)
	at io.apicurio.tests.ApicurioRegistryBaseIT$RegistryApiErrorWatcher.logProblemDetails(ApicurioRegistryBaseIT.java:154)
	at io.apicurio.tests.ApicurioRegistryBaseIT$RegistryApiErrorWatcher.logProblemDetails(ApicurioRegistryBaseIT.java:154)
	at io.apicurio.tests.ApicurioRegistryBaseIT$RegistryApiErrorWatcher.logProblemDetails(ApicurioRegistryBaseIT.java:154)
	at io.apicurio.tests.ApicurioRegistryBaseIT$RegistryApiErrorWatcher.logProblemDetails(ApicurioRegistryBaseIT.java:154)
	at io.apicurio.tests.ApicurioRegistryBaseIT$RegistryApiErrorWatcher.logProblemDetails(ApicurioRegistryBaseIT.java:154)
	at io.apicurio.tests.ApicurioRegistryBaseIT$RegistryApiErrorWatcher.logProblemDetails(ApicurioRegistryBaseIT.java:154)
	at io.apicurio.tests.ApicurioRegistryBaseIT$RegistryApiErrorWatcher.logProblemDetails(ApicurioRegistryBaseIT.java:154)
	at io.apicurio.tests.ApicurioRegistryBaseIT$RegistryApiErrorWatcher.logProblemDetails(ApicurioRegistryBaseIT.java:154)
	at io.apicurio.tests.ApicurioRegistryBaseIT$RegistryApiErrorWatcher.logProblemDetails(ApicurioRegistryBaseIT.java:154)
	at io.apicurio.tests.ApicurioRegistryBaseIT$RegistryApiErrorWatcher.logProblemDetails(ApicurioRegistryBaseIT.java:154)
	at io.apicurio.tests.ApicurioRegistryBaseIT$RegistryApiErrorWatcher.logProblemDetails(ApicurioRegistryBaseIT.java:154)
	at io.apicurio.tests.ApicurioRegistryBaseIT$RegistryApiErrorWatcher.logProblemDetails(ApicurioRegistryBaseIT.java:154)
	at io.apicurio.tests.ApicurioRegistryBaseIT$RegistryApiErrorWatcher.logProblemDetails(ApicurioRegistryBaseIT.java:154)
	at io.apicurio.tests.ApicurioRegistryBaseIT$RegistryApiErrorWatcher.logProblemDetails(ApicurioRegistryBaseIT.java:154)
	at io.apicurio.tests.ApicurioRegistryBaseIT$RegistryApiErrorWatcher.logProblemDetails(ApicurioRegistryBaseIT.java:154)
	at io.apicurio.tests.ApicurioRegistryBaseIT$RegistryApiErrorWatcher.logProblemDetails(ApicurioRegistryBaseIT.java:154)
	at io.apicurio.tests.ApicurioRegistryBaseIT$RegistryApiErrorWatcher.logProblemDetails(ApicurioRegistryBaseIT.java:154)
	at io.apicurio.tests.ApicurioRegistryBaseIT$RegistryApiErrorWatcher.logProblemDetails(ApicurioRegistryBaseIT.java:154)
	at io.apicurio.tests.ApicurioRegistryBaseIT$RegistryApiErrorWatcher.logProblemDetails(ApicurioRegistryBaseIT.java:154)
	at io.apicurio.tests.ApicurioRegistryBaseIT$RegistryApiErrorWatcher.logProblemDetails(ApicurioRegistryBaseIT.java:154)
	at io.apicurio.tests.ApicurioRegistryBaseIT$RegistryApiErrorWatcher.logProblemDetails(ApicurioRegistryBaseIT.java:154)
	at io.apicurio.tests.ApicurioRegistryBaseIT$RegistryApiErrorWatcher.logProblemDetails(ApicurioRegistryBaseIT.java:154)
	at io.apicurio.tests.ApicurioRegistryBaseIT$RegistryApiErrorWatcher.logProblemDetails(ApicurioRegistryBaseIT.java:154)
	at io.apicurio.tests.ApicurioRegistryBaseIT$RegistryApiErrorWatcher.logProblemDetails(ApicurioRegistryBaseIT.java:154)
	at io.apicurio.tests.ApicurioRegistryBaseIT$RegistryApiErrorWatcher.logProblemDetails(ApicurioRegistryBaseIT.java:154)
	at io.apicurio.tests.ApicurioRegistryBaseIT$RegistryApiErrorWatcher.logProblemDetails(ApicurioRegistryBaseIT.java:154)
	at io.apicurio.tests.ApicurioRegistryBaseIT$RegistryApiErrorWatcher.logProblemDetails(ApicurioRegistryBaseIT.java:154)
	at io.apicurio.tests.ApicurioRegistryBaseIT$RegistryApiErrorWatcher.logProblemDetails(ApicurioRegistryBaseIT.java:154)
	at io.apicurio.tests.ApicurioRegistryBaseIT$RegistryApiErrorWatcher.logProblemDetails(ApicurioRegistryBaseIT.java:154)
	at io.apicurio.tests.ApicurioRegistryBaseIT$RegistryApiErrorWatcher.logProblemDetails(ApicurioRegistryBaseIT.java:154)
	at io.apicurio.tests.ApicurioRegistryBaseIT$RegistryApiErrorWatcher.logProblemDetails(ApicurioRegistryBaseIT.java:154)
	at io.apicurio.tests.ApicurioRegistryBaseIT$RegistryApiErrorWatcher.logProblemDetails(ApicurioRegistryBaseIT.java:154)
	at io.apicurio.tests.ApicurioRegistryBaseIT$RegistryApiErrorWatcher.logProblemDetails(ApicurioRegistryBaseIT.java:154)
	at io.apicurio.tests.ApicurioRegistryBaseIT$RegistryApiErrorWatcher.logProblemDetails(ApicurioRegistryBaseIT.java:154)
	at io.apicurio.tests.ApicurioRegistryBaseIT$RegistryApiErrorWatcher.logProblemDetails(ApicurioRegistryBaseIT.java:154)
	at io.apicurio.tests.ApicurioRegistryBaseIT$RegistryApiErrorWatcher.logProblemDetails(ApicurioRegistryBaseIT.java:154)
	at io.apicurio.tests.ApicurioRegistryBaseIT$RegistryApiErrorWatcher.logProblemDetails(ApicurioRegistryBaseIT.java:154)
	at io.apicurio.tests.ApicurioRegistryBaseIT$RegistryApiErrorWatcher.logProblemDetails(ApicurioRegistryBaseIT.java:154)
	at io.apicurio.tests.ApicurioRegistryBaseIT$RegistryApiErrorWatcher.logProblemDetails(ApicurioRegistryBaseIT.java:154)
	at io.apicurio.tests.ApicurioRegistryBaseIT$RegistryApiErrorWatcher.logProblemDetails(ApicurioRegistryBaseIT.java:154)
	at io.apicurio.tests.ApicurioRegistryBaseIT$RegistryApiErrorWatcher.logProblemDetails(ApicurioRegistryBaseIT.java:154)
	at io.apicurio.tests.ApicurioRegistryBaseIT$RegistryApiErrorWatcher.logProblemDetails(ApicurioRegistryBaseIT.java:154)
	at io.apicurio.tests.ApicurioRegistryBaseIT$RegistryApiErrorWatcher.logProblemDetails(ApicurioRegistryBaseIT.java:154)
	at io.apicurio.tests.ApicurioRegistryBaseIT$RegistryApiErrorWatcher.logProblemDetails(ApicurioRegistryBaseIT.java:154)
	at io.apicurio.tests.ApicurioRegistryBaseIT$RegistryApiErrorWatcher.logProblemDetails(ApicurioRegistryBaseIT.java:154)
	at io.apicurio.tests.ApicurioRegistryBaseIT$RegistryApiErrorWatcher.logProblemDetails(ApicurioRegistryBaseIT.java:154)
	at io.apicurio.tests.ApicurioRegistryBaseIT$RegistryApiErrorWatcher.logProblemDetails(ApicurioRegistryBaseIT.java:154)
	at io.apicurio.tests.ApicurioRegistryBaseIT$RegistryApiErrorWatcher.logProblemDetails(ApicurioRegistryBaseIT.java:154)
	at io.apicurio.tests.ApicurioRegistryBaseIT$RegistryApiErrorWatcher.logProblemDetails(ApicurioRegistryBaseIT.java:154)
	at io.apicurio.tests.ApicurioRegistryBaseIT$RegistryApiErrorWatcher.logProblemDetails(ApicurioRegistryBaseIT.java:154)
	at io.apicurio.tests.ApicurioRegistryBaseIT$RegistryApiErrorWatcher.logProblemDetails(ApicurioRegistryBaseIT.java:154)
	at io.apicurio.tests.ApicurioRegistryBaseIT$RegistryApiErrorWatcher.logProblemDetails(ApicurioRegistryBaseIT.java:154)
	at io.apicurio.tests.ApicurioRegistryBaseIT$RegistryApiErrorWatcher.logProblemDetails(ApicurioRegistryBaseIT.java:154)
	at io.apicurio.tests.ApicurioRegistryBaseIT$RegistryApiErrorWatcher.logProblemDetails(ApicurioRegistryBaseIT.java:154)
	at io.apicurio.tests.ApicurioRegistryBaseIT$RegistryApiErrorWatcher.logProblemDetails(ApicurioRegistryBaseIT.java:154)
	at io.apicurio.tests.ApicurioRegistryBaseIT$RegistryApiErrorWatcher.logProblemDetails(ApicurioRegistryBaseIT.java:154)
	at io.apicurio.tests.ApicurioRegistryBaseIT$RegistryApiErrorWatcher.logProblemDetails(ApicurioRegistryBaseIT.java:154)
	at io.apicurio.tests.ApicurioRegistryBaseIT$RegistryApiErrorWatcher.logProblemDetails(ApicurioRegistryBaseIT.java:154)
	at io.apicurio.tests.ApicurioRegistryBaseIT$RegistryApiErrorWatcher.logProblemDetails(ApicurioRegistryBaseIT.java:154)
	at io.apicurio.tests.ApicurioRegistryBaseIT$RegistryApiErrorWatcher.logProblemDetails(ApicurioRegistryBaseIT.java:154)
	at io.apicurio.tests.ApicurioRegistryBaseIT$RegistryApiErrorWatcher.logProblemDetails(ApicurioRegistryBaseIT.java:154)
	at io.apicurio.tests.ApicurioRegistryBaseIT$RegistryApiErrorWatcher.logProblemDetails(ApicurioRegistryBaseIT.java:154)
	at io.apicurio.tests.ApicurioRegistryBaseIT$RegistryApiErrorWatcher.logProblemDetails(ApicurioRegistryBaseIT.java:154)
	at io.apicurio.tests.ApicurioRegistryBaseIT$RegistryApiErrorWatcher.logProblemDetails(ApicurioRegistryBaseIT.java:154)
	at io.apicurio.tests.ApicurioRegistryBaseIT$RegistryApiErrorWatcher.logProblemDetails(ApicurioRegistryBaseIT.java:154)
	at io.apicurio.tests.ApicurioRegistryBaseIT$RegistryApiErrorWatcher.logProblemDetails(ApicurioRegistryBaseIT.java:154)
	at io.apicurio.tests.ApicurioRegistryBaseIT$RegistryApiErrorWatcher.logProblemDetails(ApicurioRegistryBaseIT.java:154)
	at io.apicurio.tests.ApicurioRegistryBaseIT$RegistryApiErrorWatcher.logProblemDetails(ApicurioRegistryBaseIT.java:154)
	at io.apicurio.tests.ApicurioRegistryBaseIT$RegistryApiErrorWatcher.logProblemDetails(ApicurioRegistryBaseIT.java:154)
	at io.apicurio.tests.ApicurioRegistryBaseIT$RegistryApiErrorWatcher.logProblemDetails(ApicurioRegistryBaseIT.java:154)
	at io.apicurio.tests.ApicurioRegistryBaseIT$RegistryApiErrorWatcher.logProblemDetails(ApicurioRegistryBaseIT.java:154)
	at io.apicurio.tests.ApicurioRegistryBaseIT$RegistryApiErrorWatcher.logProblemDetails(ApicurioRegistryBaseIT.java:154)
	at io.apicurio.tests.ApicurioRegistryBaseIT$RegistryApiErrorWatcher.logProblemDetails(ApicurioRegistryBaseIT.java:154)
	at io.apicurio.tests.ApicurioRegistryBaseIT$RegistryApiErrorWatcher.logProblemDetails(ApicurioRegistryBaseIT.java:154)
	at io.apicurio.tests.ApicurioRegistryBaseIT$RegistryApiErrorWatcher.logProblemDetails(ApicurioRegistryBaseIT.java:154)
	at io.apicurio.tests.ApicurioRegistryBaseIT$RegistryApiErrorWatcher.logProblemDetails(ApicurioRegistryBaseIT.java:154)
	at io.apicurio.tests.ApicurioRegistryBaseIT$RegistryApiErrorWatcher.logProblemDetails(ApicurioRegistryBaseIT.java:154)
	at io.apicurio.tests.ApicurioRegistryBaseIT$RegistryApiErrorWatcher.logProblemDetails(ApicurioRegistryBaseIT.java:154)
	at io.apicurio.tests.ApicurioRegistryBaseIT$RegistryApiErrorWatcher.logProblemDetails(ApicurioRegistryBaseIT.java:154)
	at io.apicurio.tests.ApicurioRegistryBaseIT$RegistryApiErrorWatcher.logProblemDetails(ApicurioRegistryBaseIT.java:154)
	at io.apicurio.tests.ApicurioRegistryBaseIT$RegistryApiErrorWatcher.logProblemDetails(ApicurioRegistryBaseIT.java:154)
	at io.apicurio.tests.ApicurioRegistryBaseIT$RegistryApiErrorWatcher.logProblemDetails(ApicurioRegistryBaseIT.java:154)
	at io.apicurio.tests.ApicurioRegistryBaseIT$RegistryApiErrorWatcher.logProblemDetails(ApicurioRegistryBaseIT.java:154)
	at io.apicurio.tests.ApicurioRegistryBaseIT$RegistryApiErrorWatcher.logProblemDetails(ApicurioRegistryBaseIT.java:154)
	at io.apicurio.tests.ApicurioRegistryBaseIT$RegistryApiErrorWatcher.logProblemDetails(ApicurioRegistryBaseIT.java:154)
	at io.apicurio.tests.ApicurioRegistryBaseIT$RegistryApiErrorWatcher.logProblemDetails(ApicurioRegistryBaseIT.java:154)
	at io.apicurio.tests.ApicurioRegistryBaseIT$RegistryApiErrorWatcher.logProblemDetails(ApicurioRegistryBaseIT.java:154)
	at io.apicurio.tests.ApicurioRegistryBaseIT$RegistryApiErrorWatcher.logProblemDetails(ApicurioRegistryBaseIT.java:154)
	at io.apicurio.tests.ApicurioRegistryBaseIT$RegistryApiErrorWatcher.logProblemDetails(ApicurioRegistryBaseIT.java:154)
	at io.apicurio.tests.ApicurioRegistryBaseIT$RegistryApiErrorWatcher.logProblemDetails(ApicurioRegistryBaseIT.java:154)
	at io.apicurio.tests.ApicurioRegistryBaseIT$RegistryApiErrorWatcher.logProblemDetails(ApicurioRegistryBaseIT.java:154)
	at io.apicurio.tests.ApicurioRegistryBaseIT$RegistryApiErrorWatcher.logProblemDetails(ApicurioRegistryBaseIT.java:154)
	at io.apicurio.tests.ApicurioRegistryBaseIT$RegistryApiErrorWatcher.logProblemDetails(ApicurioRegistryBaseIT.java:154)
	at io.apicurio.tests.ApicurioRegistryBaseIT$RegistryApiErrorWatcher.logProblemDetails(ApicurioRegistryBaseIT.java:154)
	at io.apicurio.tests.ApicurioRegistryBaseIT$RegistryApiErrorWatcher.logProblemDetails(ApicurioRegistryBaseIT.java:154)
	at io.apicurio.tests.ApicurioRegistryBaseIT$RegistryApiErrorWatcher.logProblemDetails(ApicurioRegistryBaseIT.java:154)
	at io.apicurio.tests.ApicurioRegistryBaseIT$RegistryApiErrorWatcher.logProblemDetails(ApicurioRegistryBaseIT.java:154)
	at io.apicurio.tests.ApicurioRegistryBaseIT$RegistryApiErrorWatcher.logProblemDetails(ApicurioRegistryBaseIT.java:154)
	at io.apicurio.tests.ApicurioRegistryBaseIT$RegistryApiErrorWatcher.logProblemDetails(ApicurioRegistryBaseIT.java:154)
	at io.apicurio.tests.ApicurioRegistryBaseIT$RegistryApiErrorWatcher.logProblemDetails(ApicurioRegistryBaseIT.java:154)
	at io.apicurio.tests.ApicurioRegistryBaseIT$RegistryApiErrorWatcher.logProblemDetails(ApicurioRegistryBaseIT.java:154)
	at io.apicurio.tests.ApicurioRegistryBaseIT$RegistryApiErrorWatcher.logProblemDetails(ApicurioRegistryBaseIT.java:154)
	at io.apicurio.tests.ApicurioRegistryBaseIT$RegistryApiErrorWatcher.logProblemDetails(ApicurioRegistryBaseIT.java:154)
	at io.apicurio.tests.ApicurioRegistryBaseIT$RegistryApiErrorWatcher.logProblemDetails(ApicurioRegistryBaseIT.java:154)
	at io.apicurio.tests.ApicurioRegistryBaseIT$RegistryApiErrorWatcher.logProblemDetails(ApicurioRegistryBaseIT.java:154)
	at io.apicurio.tests.ApicurioRegistryBaseIT$RegistryApiErrorWatcher.logProblemDetails(ApicurioRegistryBaseIT.java:154)
	at io.apicurio.tests.ApicurioRegistryBaseIT$RegistryApiErrorWatcher.logProblemDetails(ApicurioRegistryBaseIT.java:154)
	at io.apicurio.tests.ApicurioRegistryBaseIT$RegistryApiErrorWatcher.logProblemDetails(ApicurioRegistryBaseIT.java:154)
	at io.apicurio.tests.ApicurioRegistryBaseIT$RegistryApiErrorWatcher.logProblemDetails(ApicurioRegistryBaseIT.java:154)
	at io.apicurio.tests.ApicurioRegistryBaseIT$RegistryApiErrorWatcher.logProblemDetails(ApicurioRegistryBaseIT.java:154)
	at io.apicurio.tests.ApicurioRegistryBaseIT$RegistryApiErrorWatcher.logProblemDetails(ApicurioRegistryBaseIT.java:154)
	at io.apicurio.tests.ApicurioRegistryBaseIT$RegistryApiErrorWatcher.logProblemDetails(ApicurioRegistryBaseIT.java:154)
	at io.apicurio.tests.ApicurioRegistryBaseIT$RegistryApiErrorWatcher.logProblemDetails(ApicurioRegistryBaseIT.java:154)
	at io.apicurio.tests.ApicurioRegistryBaseIT$RegistryApiErrorWatcher.logProblemDetails(ApicurioRegistryBaseIT.java:154)
	at io.apicurio.tests.ApicurioRegistryBaseIT$RegistryApiErrorWatcher.logProblemDetails(ApicurioRegistryBaseIT.java:154)
	at io.apicurio.tests.ApicurioRegistryBaseIT$RegistryApiErrorWatcher.logProblemDetails(ApicurioRegistryBaseIT.java:154)
	at io.apicurio.tests.ApicurioRegistryBaseIT$RegistryApiErrorWatcher.logProblemDetails(ApicurioRegistryBaseIT.java:154)
	at io.apicurio.tests.ApicurioRegistryBaseIT$RegistryApiErrorWatcher.logProblemDetails(ApicurioRegistryBaseIT.java:154)
	at io.apicurio.tests.ApicurioRegistryBaseIT$RegistryApiErrorWatcher.logProblemDetails(ApicurioRegistryBaseIT.java:154)
	at io.apicurio.tests.ApicurioRegistryBaseIT$RegistryApiErrorWatcher.logProblemDetails(ApicurioRegistryBaseIT.java:154)
	at io.apicurio.tests.ApicurioRegistryBaseIT$RegistryApiErrorWatcher.logProblemDetails(ApicurioRegistryBaseIT.java:154)
	at io.apicurio.tests.ApicurioRegistryBaseIT$RegistryApiErrorWatcher.logProblemDetails(ApicurioRegistryBaseIT.java:154)
	at io.apicurio.tests.ApicurioRegistryBaseIT$RegistryApiErrorWatcher.logProblemDetails(ApicurioRegistryBaseIT.java:154)
	at io.apicurio.tests.ApicurioRegistryBaseIT$RegistryApiErrorWatcher.logProblemDetails(ApicurioRegistryBaseIT.java:154)
	at io.apicurio.tests.ApicurioRegistryBaseIT$RegistryApiErrorWatcher.logProblemDetails(ApicurioRegistryBaseIT.java:154)
	at io.apicurio.tests.ApicurioRegistryBaseIT$RegistryApiErrorWatcher.logProblemDetails(ApicurioRegistryBaseIT.java:154)
	at io.apicurio.tests.ApicurioRegistryBaseIT$RegistryApiErrorWatcher.logProblemDetails(ApicurioRegistryBaseIT.java:154)
	at io.apicurio.tests.ApicurioRegistryBaseIT$RegistryApiErrorWatcher.logProblemDetails(ApicurioRegistryBaseIT.java:154)
	at io.apicurio.tests.ApicurioRegistryBaseIT$RegistryApiErrorWatcher.logProblemDetails(ApicurioRegistryBaseIT.java:154)
	at io.apicurio.tests.ApicurioRegistryBaseIT$RegistryApiErrorWatcher.logProblemDetails(ApicurioRegistryBaseIT.java:154)
	at io.apicurio.tests.ApicurioRegistryBaseIT$RegistryApiErrorWatcher.logProblemDetails(ApicurioRegistryBaseIT.java:154)
	at io.apicurio.tests.ApicurioRegistryBaseIT$RegistryApiErrorWatcher.logProblemDetails(ApicurioRegistryBaseIT.java:154)
	at io.apicurio.tests.ApicurioRegistryBaseIT$RegistryApiErrorWatcher.logProblemDetails(ApicurioRegistryBaseIT.java:154)
	at io.apicurio.tests.ApicurioRegistryBaseIT$RegistryApiErrorWatcher.logProblemDetails(ApicurioRegistryBaseIT.java:154)
	at io.apicurio.tests.ApicurioRegistryBaseIT$RegistryApiErrorWatcher.logProblemDetails(ApicurioRegistryBaseIT.java:154)
	at io.apicurio.tests.ApicurioRegistryBaseIT$RegistryApiErrorWatcher.logProblemDetails(ApicurioRegistryBaseIT.java:154)
	at io.apicurio.tests.ApicurioRegistryBaseIT$RegistryApiErrorWatcher.logProblemDetails(ApicurioRegistryBaseIT.java:154)
	at io.apicurio.tests.ApicurioRegistryBaseIT$RegistryApiErrorWatcher.logProblemDetails(ApicurioRegistryBaseIT.java:154)
	at io.apicurio.tests.ApicurioRegistryBaseIT$RegistryApiErrorWatcher.logProblemDetails(ApicurioRegistryBaseIT.java:154)
	at io.apicurio.tests.ApicurioRegistryBaseIT$RegistryApiErrorWatcher.logProblemDetails(ApicurioRegistryBaseIT.java:154)
	at io.apicurio.tests.ApicurioRegistryBaseIT$RegistryApiErrorWatcher.logProblemDetails(ApicurioRegistryBaseIT.java:154)
	at io.apicurio.tests.ApicurioRegistryBaseIT$RegistryApiErrorWatcher.logProblemDetails(ApicurioRegistryBaseIT.java:154)
	at io.apicurio.tests.ApicurioRegistryBaseIT$RegistryApiErrorWatcher.logProblemDetails(ApicurioRegistryBaseIT.java:154)
	at io.apicurio.tests.ApicurioRegistryBaseIT$RegistryApiErrorWatcher.logProblemDetails(ApicurioRegistryBaseIT.java:154)
	at io.apicurio.tests.ApicurioRegistryBaseIT$RegistryApiErrorWatcher.logProblemDetails(ApicurioRegistryBaseIT.java:154)
	at io.apicurio.tests.ApicurioRegistryBaseIT$RegistryApiErrorWatcher.logProblemDetails(ApicurioRegistryBaseIT.java:154)
	at io.apicurio.tests.ApicurioRegistryBaseIT$RegistryApiErrorWatcher.logProblemDetails(ApicurioRegistryBaseIT.java:154)
	at io.apicurio.tests.ApicurioRegistryBaseIT$RegistryApiErrorWatcher.logProblemDetails(ApicurioRegistryBaseIT.java:154)
	at io.apicurio.tests.ApicurioRegistryBaseIT$RegistryApiErrorWatcher.logProblemDetails(ApicurioRegistryBaseIT.java:154)
	at io.apicurio.tests.ApicurioRegistryBaseIT$RegistryApiErrorWatcher.logProblemDetails(ApicurioRegistryBaseIT.java:154)
	at io.apicurio.tests.ApicurioRegistryBaseIT$RegistryApiErrorWatcher.logProblemDetails(ApicurioRegistryBaseIT.java:154)
	at io.apicurio.tests.ApicurioRegistryBaseIT$RegistryApiErrorWatcher.logProblemDetails(ApicurioRegistryBaseIT.java:154)
	at io.apicurio.tests.ApicurioRegistryBaseIT$RegistryApiErrorWatcher.logProblemDetails(ApicurioRegistryBaseIT.java:154)
	at io.apicurio.tests.ApicurioRegistryBaseIT$RegistryApiErrorWatcher.logProblemDetails(ApicurioRegistryBaseIT.java:154)
	at io.apicurio.tests.ApicurioRegistryBaseIT$RegistryApiErrorWatcher.logProblemDetails(ApicurioRegistryBaseIT.java:154)
	at io.apicurio.tests.ApicurioRegistryBaseIT$RegistryApiErrorWatcher.logProblemDetails(ApicurioRegistryBaseIT.java:154)
	at io.apicurio.tests.ApicurioRegistryBaseIT$RegistryApiErrorWatcher.logProblemDetails(ApicurioRegistryBaseIT.java:154)
	at io.apicurio.tests.ApicurioRegistryBaseIT$RegistryApiErrorWatcher.logProblemDetails(ApicurioRegistryBaseIT.java:154)
	at io.apicurio.tests.ApicurioRegistryBaseIT$RegistryApiErrorWatcher.logProblemDetails(ApicurioRegistryBaseIT.java:154)
	at io.apicurio.tests.ApicurioRegistryBaseIT$RegistryApiErrorWatcher.logProblemDetails(ApicurioRegistryBaseIT.java:154)
	at io.apicurio.tests.ApicurioRegistryBaseIT$RegistryApiErrorWatcher.logProblemDetails(ApicurioRegistryBaseIT.java:154)
	at io.apicurio.tests.ApicurioRegistryBaseIT$RegistryApiErrorWatcher.logProblemDetails(ApicurioRegistryBaseIT.java:154)
	at io.apicurio.tests.ApicurioRegistryBaseIT$RegistryApiErrorWatcher.logProblemDetails(ApicurioRegistryBaseIT.java:154)
	at io.apicurio.tests.ApicurioRegistryBaseIT$RegistryApiErrorWatcher.logProblemDetails(ApicurioRegistryBaseIT.java:154)
	at io.apicurio.tests.ApicurioRegistryBaseIT$RegistryApiErrorWatcher.logProblemDetails(ApicurioRegistryBaseIT.java:154)
	at io.apicurio.tests.ApicurioRegistryBaseIT$RegistryApiErrorWatcher.logProblemDetails(ApicurioRegistryBaseIT.java:154)
	at io.apicurio.tests.ApicurioRegistryBaseIT$RegistryApiErrorWatcher.logProblemDetails(ApicurioRegistryBaseIT.java:154)
	at io.apicurio.tests.ApicurioRegistryBaseIT$RegistryApiErrorWatcher.logProblemDetails(ApicurioRegistryBaseIT.java:154)
	at io.apicurio.tests.ApicurioRegistryBaseIT$RegistryApiErrorWatcher.logProblemDetails(ApicurioRegistryBaseIT.java:154)
	at io.apicurio.tests.ApicurioRegistryBaseIT$RegistryApiErrorWatcher.logProblemDetails(ApicurioRegistryBaseIT.java:154)
	at io.apicurio.tests.ApicurioRegistryBaseIT$RegistryApiErrorWatcher.logProblemDetails(ApicurioRegistryBaseIT.java:154)
	at io.apicurio.tests.ApicurioRegistryBaseIT$RegistryApiErrorWatcher.logProblemDetails(ApicurioRegistryBaseIT.java:154)
	at io.apicurio.tests.ApicurioRegistryBaseIT$RegistryApiErrorWatcher.logProblemDetails(ApicurioRegistryBaseIT.java:154)
	at io.apicurio.tests.ApicurioRegistryBaseIT$RegistryApiErrorWatcher.logProblemDetails(ApicurioRegistryBaseIT.java:154)
	at io.apicurio.tests.ApicurioRegistryBaseIT$RegistryApiErrorWatcher.logProblemDetails(ApicurioRegistryBaseIT.java:154)
	at io.apicurio.tests.ApicurioRegistryBaseIT$RegistryApiErrorWatcher.logProblemDetails(ApicurioRegistryBaseIT.java:154)
	at io.apicurio.tests.ApicurioRegistryBaseIT$RegistryApiErrorWatcher.logProblemDetails(ApicurioRegistryBaseIT.java:154)
	at io.apicurio.tests.ApicurioRegistryBaseIT$RegistryApiErrorWatcher.logProblemDetails(ApicurioRegistryBaseIT.java:154)
	at io.apicurio.tests.ApicurioRegistryBaseIT$RegistryApiErrorWatcher.logProblemDetails(ApicurioRegistryBaseIT.java:154)
	at io.apicurio.tests.ApicurioRegistryBaseIT$RegistryApiErrorWatcher.logProblemDetails(ApicurioRegistryBaseIT.java:154)
	at io.apicurio.tests.ApicurioRegistryBaseIT$RegistryApiErrorWatcher.logProblemDetails(ApicurioRegistryBaseIT.java:154)
	at io.apicurio.tests.ApicurioRegistryBaseIT$RegistryApiErrorWatcher.logProblemDetails(ApicurioRegistryBaseIT.java:154)
	at io.apicurio.tests.ApicurioRegistryBaseIT$RegistryApiErrorWatcher.logProblemDetails(ApicurioRegistryBaseIT.java:154)
	at io.apicurio.tests.ApicurioRegistryBaseIT$RegistryApiErrorWatcher.logProblemDetails(ApicurioRegistryBaseIT.java:154)
	at io.apicurio.tests.ApicurioRegistryBaseIT$RegistryApiErrorWatcher.logProblemDetails(ApicurioRegistryBaseIT.java:154)
	at io.apicurio.tests.ApicurioRegistryBaseIT$RegistryApiErrorWatcher.logProblemDetails(ApicurioRegistryBaseIT.java:154)
	at io.apicurio.tests.ApicurioRegistryBaseIT$RegistryApiErrorWatcher.logProblemDetails(ApicurioRegistryBaseIT.java:154)
	at io.apicurio.tests.ApicurioRegistryBaseIT$RegistryApiErrorWatcher.logProblemDetails(ApicurioRegistryBaseIT.java:154)
	at io.apicurio.tests.ApicurioRegistryBaseIT$RegistryApiErrorWatcher.logProblemDetails(ApicurioRegistryBaseIT.java:154)
	at io.apicurio.tests.ApicurioRegistryBaseIT$RegistryApiErrorWatcher.logProblemDetails(ApicurioRegistryBaseIT.java:154)
	at io.apicurio.tests.ApicurioRegistryBaseIT$RegistryApiErrorWatcher.logProblemDetails(ApicurioRegistryBaseIT.java:154)
	at io.apicurio.tests.ApicurioRegistryBaseIT$RegistryApiErrorWatcher.logProblemDetails(ApicurioRegistryBaseIT.java:154)
	at io.apicurio.tests.ApicurioRegistryBaseIT$RegistryApiErrorWatcher.logProblemDetails(ApicurioRegistryBaseIT.java:154)
	at io.apicurio.tests.ApicurioRegistryBaseIT$RegistryApiErrorWatcher.logProblemDetails(ApicurioRegistryBaseIT.java:154)
	at io.apicurio.tests.ApicurioRegistryBaseIT$RegistryApiErrorWatcher.logProblemDetails(ApicurioRegistryBaseIT.java:154)
	at io.apicurio.tests.ApicurioRegistryBaseIT$RegistryApiErrorWatcher.logProblemDetails(ApicurioRegistryBaseIT.java:154)
	at io.apicurio.tests.ApicurioRegistryBaseIT$RegistryApiErrorWatcher.logProblemDetails(ApicurioRegistryBaseIT.java:154)
	at io.apicurio.tests.ApicurioRegistryBaseIT$RegistryApiErrorWatcher.logProblemDetails(ApicurioRegistryBaseIT.java:154)
	at io.apicurio.tests.ApicurioRegistryBaseIT$RegistryApiErrorWatcher.logProblemDetails(ApicurioRegistryBaseIT.java:154)
	at io.apicurio.tests.ApicurioRegistryBaseIT$RegistryApiErrorWatcher.logProblemDetails(ApicurioRegistryBaseIT.java:154)
	at io.apicurio.tests.ApicurioRegistryBaseIT$RegistryApiErrorWatcher.logProblemDetails(ApicurioRegistryBaseIT.java:154)
	at io.apicurio.tests.ApicurioRegistryBaseIT$RegistryApiErrorWatcher.logProblemDetails(ApicurioRegistryBaseIT.java:154)
	at io.apicurio.tests.ApicurioRegistryBaseIT$RegistryApiErrorWatcher.logProblemDetails(ApicurioRegistryBaseIT.java:154)
	at io.apicurio.tests.ApicurioRegistryBaseIT$RegistryApiErrorWatcher.logProblemDetails(ApicurioRegistryBaseIT.java:154)
	at io.apicurio.tests.ApicurioRegistryBaseIT$RegistryApiErrorWatcher.logProblemDetails(ApicurioRegistryBaseIT.java:154)
	at io.apicurio.tests.ApicurioRegistryBaseIT$RegistryApiErrorWatcher.logProblemDetails(ApicurioRegistryBaseIT.java:154)
	at io.apicurio.tests.ApicurioRegistryBaseIT$RegistryApiErrorWatcher.logProblemDetails(ApicurioRegistryBaseIT.java:154)
	at io.apicurio.tests.ApicurioRegistryBaseIT$RegistryApiErrorWatcher.logProblemDetails(ApicurioRegistryBaseIT.java:154)
	at io.apicurio.tests.ApicurioRegistryBaseIT$RegistryApiErrorWatcher.logProblemDetails(ApicurioRegistryBaseIT.java:154)
	at io.apicurio.tests.ApicurioRegistryBaseIT$RegistryApiErrorWatcher.logProblemDetails(ApicurioRegistryBaseIT.java:154)
	at io.apicurio.tests.ApicurioRegistryBaseIT$RegistryApiErrorWatcher.logProblemDetails(ApicurioRegistryBaseIT.java:154)
	at io.apicurio.tests.ApicurioRegistryBaseIT$RegistryApiErrorWatcher.logProblemDetails(ApicurioRegistryBaseIT.java:154)
	at io.apicurio.tests.ApicurioRegistryBaseIT$RegistryApiErrorWatcher.logProblemDetails(ApicurioRegistryBaseIT.java:154)
	at io.apicurio.tests.ApicurioRegistryBaseIT$RegistryApiErrorWatcher.logProblemDetails(ApicurioRegistryBaseIT.java:154)
	at io.apicurio.tests.ApicurioRegistryBaseIT$RegistryApiErrorWatcher.logProblemDetails(ApicurioRegistryBaseIT.java:154)
	at io.apicurio.tests.ApicurioRegistryBaseIT$RegistryApiErrorWatcher.logProblemDetails(ApicurioRegistryBaseIT.java:154)
	at io.apicurio.tests.ApicurioRegistryBaseIT$RegistryApiErrorWatcher.logProblemDetails(ApicurioRegistryBaseIT.java:154)
	at io.apicurio.tests.ApicurioRegistryBaseIT$RegistryApiErrorWatcher.logProblemDetails(ApicurioRegistryBaseIT.java:154)
	at io.apicurio.tests.ApicurioRegistryBaseIT$RegistryApiErrorWatcher.logProblemDetails(ApicurioRegistryBaseIT.java:154)
	at io.apicurio.tests.ApicurioRegistryBaseIT$RegistryApiErrorWatcher.logProblemDetails(ApicurioRegistryBaseIT.java:154)
	at io.apicurio.tests.ApicurioRegistryBaseIT$RegistryApiErrorWatcher.logProblemDetails(ApicurioRegistryBaseIT.java:154)
	at io.apicurio.tests.ApicurioRegistryBaseIT$RegistryApiErrorWatcher.logProblemDetails(ApicurioRegistryBaseIT.java:154)
	at io.apicurio.tests.ApicurioRegistryBaseIT$RegistryApiErrorWatcher.logProblemDetails(ApicurioRegistryBaseIT.java:154)
	at io.apicurio.tests.ApicurioRegistryBaseIT$RegistryApiErrorWatcher.logProblemDetails(ApicurioRegistryBaseIT.java:154)
	at io.apicurio.tests.ApicurioRegistryBaseIT$RegistryApiErrorWatcher.logProblemDetails(ApicurioRegistryBaseIT.java:154)
	at io.apicurio.tests.ApicurioRegistryBaseIT$RegistryApiErrorWatcher.logProblemDetails(ApicurioRegistryBaseIT.java:154)
	at io.apicurio.tests.ApicurioRegistryBaseIT$RegistryApiErrorWatcher.logProblemDetails(ApicurioRegistryBaseIT.java:154)
	at io.apicurio.tests.ApicurioRegistryBaseIT$RegistryApiErrorWatcher.logProblemDetails(ApicurioRegistryBaseIT.java:154)
	at io.apicurio.tests.ApicurioRegistryBaseIT$RegistryApiErrorWatcher.logProblemDetails(ApicurioRegistryBaseIT.java:154)
	at io.apicurio.tests.ApicurioRegistryBaseIT$RegistryApiErrorWatcher.logProblemDetails(ApicurioRegistryBaseIT.java:154)
	at io.apicurio.tests.ApicurioRegistryBaseIT$RegistryApiErrorWatcher.logProblemDetails(ApicurioRegistryBaseIT.java:154)
	at io.apicurio.tests.ApicurioRegistryBaseIT$RegistryApiErrorWatcher.logProblemDetails(ApicurioRegistryBaseIT.java:154)
	at io.apicurio.tests.ApicurioRegistryBaseIT$RegistryApiErrorWatcher.logProblemDetails(ApicurioRegistryBaseIT.java:154)
	at io.apicurio.tests.ApicurioRegistryBaseIT$RegistryApiErrorWatcher.logProblemDetails(ApicurioRegistryBaseIT.java:154)
	at io.apicurio.tests.ApicurioRegistryBaseIT$RegistryApiErrorWatcher.logProblemDetails(ApicurioRegistryBaseIT.java:154)
	at io.apicurio.tests.ApicurioRegistryBaseIT$RegistryApiErrorWatcher.logProblemDetails(ApicurioRegistryBaseIT.java:154)
	at io.apicurio.tests.ApicurioRegistryBaseIT$RegistryApiErrorWatcher.logProblemDetails(ApicurioRegistryBaseIT.java:154)
	at io.apicurio.tests.ApicurioRegistryBaseIT$RegistryApiErrorWatcher.logProblemDetails(ApicurioRegistryBaseIT.java:154)
	at io.apicurio.tests.ApicurioRegistryBaseIT$RegistryApiErrorWatcher.logProblemDetails(ApicurioRegistryBaseIT.java:154)
	at io.apicurio.tests.ApicurioRegistryBaseIT$RegistryApiErrorWatcher.logProblemDetails(ApicurioRegistryBaseIT.java:154)
	at io.apicurio.tests.ApicurioRegistryBaseIT$RegistryApiErrorWatcher.logProblemDetails(ApicurioRegistryBaseIT.java:154)
	at io.apicurio.tests.ApicurioRegistryBaseIT$RegistryApiErrorWatcher.logProblemDetails(ApicurioRegistryBaseIT.java:154)
	at io.apicurio.tests.ApicurioRegistryBaseIT$RegistryApiErrorWatcher.logProblemDetails(ApicurioRegistryBaseIT.java:154)
	at io.apicurio.tests.ApicurioRegistryBaseIT$RegistryApiErrorWatcher.logProblemDetails(ApicurioRegistryBaseIT.java:154)
	at io.apicurio.tests.ApicurioRegistryBaseIT$RegistryApiErrorWatcher.logProblemDetails(ApicurioRegistryBaseIT.java:154)
	at io.apicurio.tests.ApicurioRegistryBaseIT$RegistryApiErrorWatcher.logProblemDetails(ApicurioRegistryBaseIT.java:154)
	at io.apicurio.tests.ApicurioRegistryBaseIT$RegistryApiErrorWatcher.logProblemDetails(ApicurioRegistryBaseIT.java:154)
	at io.apicurio.tests.ApicurioRegistryBaseIT$RegistryApiErrorWatcher.logProblemDetails(ApicurioRegistryBaseIT.java:154)
	at io.apicurio.tests.ApicurioRegistryBaseIT$RegistryApiErrorWatcher.logProblemDetails(ApicurioRegistryBaseIT.java:154)
	at io.apicurio.tests.ApicurioRegistryBaseIT$RegistryApiErrorWatcher.logProblemDetails(ApicurioRegistryBaseIT.java:154)
	at io.apicurio.tests.ApicurioRegistryBaseIT$RegistryApiErrorWatcher.logProblemDetails(ApicurioRegistryBaseIT.java:154)
	at io.apicurio.tests.ApicurioRegistryBaseIT$RegistryApiErrorWatcher.logProblemDetails(ApicurioRegistryBaseIT.java:154)
	at io.apicurio.tests.ApicurioRegistryBaseIT$RegistryApiErrorWatcher.logProblemDetails(ApicurioRegistryBaseIT.java:154)
	at io.apicurio.tests.ApicurioRegistryBaseIT$RegistryApiErrorWatcher.logProblemDetails(ApicurioRegistryBaseIT.java:154)
	at io.apicurio.tests.ApicurioRegistryBaseIT$RegistryApiErrorWatcher.logProblemDetails(ApicurioRegistryBaseIT.java:154)
	at io.apicurio.tests.ApicurioRegistryBaseIT$RegistryApiErrorWatcher.logProblemDetails(ApicurioRegistryBaseIT.java:154)
	at io.apicurio.tests.ApicurioRegistryBaseIT$RegistryApiErrorWatcher.logProblemDetails(ApicurioRegistryBaseIT.java:154)
	at io.apicurio.tests.ApicurioRegistryBaseIT$RegistryApiErrorWatcher.logProblemDetails(ApicurioRegistryBaseIT.java:154)
	at io.apicurio.tests.ApicurioRegistryBaseIT$RegistryApiErrorWatcher.logProblemDetails(ApicurioRegistryBaseIT.java:154)
	at io.apicurio.tests.ApicurioRegistryBaseIT$RegistryApiErrorWatcher.logProblemDetails(ApicurioRegistryBaseIT.java:154)
	at io.apicurio.tests.ApicurioRegistryBaseIT$RegistryApiErrorWatcher.logProblemDetails(ApicurioRegistryBaseIT.java:154)
	at io.apicurio.tests.ApicurioRegistryBaseIT$RegistryApiErrorWatcher.logProblemDetails(ApicurioRegistryBaseIT.java:154)
	at io.apicurio.tests.ApicurioRegistryBaseIT$RegistryApiErrorWatcher.logProblemDetails(ApicurioRegistryBaseIT.java:154)
	at io.apicurio.tests.ApicurioRegistryBaseIT$RegistryApiErrorWatcher.logProblemDetails(ApicurioRegistryBaseIT.java:154)
	at io.apicurio.tests.ApicurioRegistryBaseIT$RegistryApiErrorWatcher.logProblemDetails(ApicurioRegistryBaseIT.java:154)
	at io.apicurio.tests.ApicurioRegistryBaseIT$RegistryApiErrorWatcher.logProblemDetails(ApicurioRegistryBaseIT.java:154)
	at io.apicurio.tests.ApicurioRegistryBaseIT$RegistryApiErrorWatcher.logProblemDetails(ApicurioRegistryBaseIT.java:154)
	at io.apicurio.tests.ApicurioRegistryBaseIT$RegistryApiErrorWatcher.logProblemDetails(ApicurioRegistryBaseIT.java:154)
	at io.apicurio.tests.ApicurioRegistryBaseIT$RegistryApiErrorWatcher.logProblemDetails(ApicurioRegistryBaseIT.java:154)
	at io.apicurio.tests.ApicurioRegistryBaseIT$RegistryApiErrorWatcher.logProblemDetails(ApicurioRegistryBaseIT.java:154)
	at io.apicurio.tests.ApicurioRegistryBaseIT$RegistryApiErrorWatcher.logProblemDetails(ApicurioRegistryBaseIT.java:154)
	at io.apicurio.tests.ApicurioRegistryBaseIT$RegistryApiErrorWatcher.logProblemDetails(ApicurioRegistryBaseIT.java:154)
	at io.apicurio.tests.ApicurioRegistryBaseIT$RegistryApiErrorWatcher.logProblemDetails(ApicurioRegistryBaseIT.java:154)
	at io.apicurio.tests.ApicurioRegistryBaseIT$RegistryApiErrorWatcher.logProblemDetails(ApicurioRegistryBaseIT.java:154)
	at io.apicurio.tests.ApicurioRegistryBaseIT$RegistryApiErrorWatcher.logProblemDetails(ApicurioRegistryBaseIT.java:154)
	at io.apicurio.tests.ApicurioRegistryBaseIT$RegistryApiErrorWatcher.logProblemDetails(ApicurioRegistryBaseIT.java:154)
	at io.apicurio.tests.ApicurioRegistryBaseIT$RegistryApiErrorWatcher.logProblemDetails(ApicurioRegistryBaseIT.java:154)
	at io.apicurio.tests.ApicurioRegistryBaseIT$RegistryApiErrorWatcher.logProblemDetails(ApicurioRegistryBaseIT.java:154)
	at io.apicurio.tests.ApicurioRegistryBaseIT$RegistryApiErrorWatcher.logProblemDetails(ApicurioRegistryBaseIT.java:154)
	at io.apicurio.tests.ApicurioRegistryBaseIT$RegistryApiErrorWatcher.logProblemDetails(ApicurioRegistryBaseIT.java:154)
	at io.apicurio.tests.ApicurioRegistryBaseIT$RegistryApiErrorWatcher.logProblemDetails(ApicurioRegistryBaseIT.java:154)
	at io.apicurio.tests.ApicurioRegistryBaseIT$RegistryApiErrorWatcher.logProblemDetails(ApicurioRegistryBaseIT.java:154)
	at io.apicurio.tests.ApicurioRegistryBaseIT$RegistryApiErrorWatcher.logProblemDetails(ApicurioRegistryBaseIT.java:154)
	at io.apicurio.tests.ApicurioRegistryBaseIT$RegistryApiErrorWatcher.logProblemDetails(ApicurioRegistryBaseIT.java:154)
	at io.apicurio.tests.ApicurioRegistryBaseIT$RegistryApiErrorWatcher.logProblemDetails(ApicurioRegistryBaseIT.java:154)
	at io.apicurio.tests.ApicurioRegistryBaseIT$RegistryApiErrorWatcher.logProblemDetails(ApicurioRegistryBaseIT.java:154)
	at io.apicurio.tests.ApicurioRegistryBaseIT$RegistryApiErrorWatcher.logProblemDetails(ApicurioRegistryBaseIT.java:154)
	at io.apicurio.tests.ApicurioRegistryBaseIT$RegistryApiErrorWatcher.logProblemDetails(ApicurioRegistryBaseIT.java:154)
	at io.apicurio.tests.ApicurioRegistryBaseIT$RegistryApiErrorWatcher.logProblemDetails(ApicurioRegistryBaseIT.java:154)
	at io.apicurio.tests.ApicurioRegistryBaseIT$RegistryApiErrorWatcher.logProblemDetails(ApicurioRegistryBaseIT.java:154)
	at io.apicurio.tests.ApicurioRegistryBaseIT$RegistryApiErrorWatcher.logProblemDetails(ApicurioRegistryBaseIT.java:154)
	at io.apicurio.tests.ApicurioRegistryBaseIT$RegistryApiErrorWatcher.logProblemDetails(ApicurioRegistryBaseIT.java:154)
	at io.apicurio.tests.ApicurioRegistryBaseIT$RegistryApiErrorWatcher.logProblemDetails(ApicurioRegistryBaseIT.java:154)
	at io.apicurio.tests.ApicurioRegistryBaseIT$RegistryApiErrorWatcher.logProblemDetails(ApicurioRegistryBaseIT.java:154)
	at io.apicurio.tests.ApicurioRegistryBaseIT$RegistryApiErrorWatcher.logProblemDetails(ApicurioRegistryBaseIT.java:154)
	at io.apicurio.tests.ApicurioRegistryBaseIT$RegistryApiErrorWatcher.logProblemDetails(ApicurioRegistryBaseIT.java:154)
	at io.apicurio.tests.ApicurioRegistryBaseIT$RegistryApiErrorWatcher.logProblemDetails(ApicurioRegistryBaseIT.java:154)
	at io.apicurio.tests.ApicurioRegistryBaseIT$RegistryApiErrorWatcher.logProblemDetails(ApicurioRegistryBaseIT.java:154)
	at io.apicurio.tests.ApicurioRegistryBaseIT$RegistryApiErrorWatcher.logProblemDetails(ApicurioRegistryBaseIT.java:154)
	at io.apicurio.tests.ApicurioRegistryBaseIT$RegistryApiErrorWatcher.logProblemDetails(ApicurioRegistryBaseIT.java:154)
	at io.apicurio.tests.ApicurioRegistryBaseIT$RegistryApiErrorWatcher.logProblemDetails(ApicurioRegistryBaseIT.java:154)
	at io.apicurio.tests.ApicurioRegistryBaseIT$RegistryApiErrorWatcher.logProblemDetails(ApicurioRegistryBaseIT.java:154)
	at io.apicurio.tests.ApicurioRegistryBaseIT$RegistryApiErrorWatcher.logProblemDetails(ApicurioRegistryBaseIT.java:154)
	at io.apicurio.tests.ApicurioRegistryBaseIT$RegistryApiErrorWatcher.logProblemDetails(ApicurioRegistryBaseIT.java:154)
	at io.apicurio.tests.ApicurioRegistryBaseIT$RegistryApiErrorWatcher.logProblemDetails(ApicurioRegistryBaseIT.java:154)
	at io.apicurio.tests.ApicurioRegistryBaseIT$RegistryApiErrorWatcher.logProblemDetails(ApicurioRegistryBaseIT.java:154)
	at io.apicurio.tests.ApicurioRegistryBaseIT$RegistryApiErrorWatcher.logProblemDetails(ApicurioRegistryBaseIT.java:154)
	at io.apicurio.tests.ApicurioRegistryBaseIT$RegistryApiErrorWatcher.logProblemDetails(ApicurioRegistryBaseIT.java:154)
	at io.apicurio.tests.ApicurioRegistryBaseIT$RegistryApiErrorWatcher.logProblemDetails(ApicurioRegistryBaseIT.java:154)
	at io.apicurio.tests.ApicurioRegistryBaseIT$RegistryApiErrorWatcher.logProblemDetails(ApicurioRegistryBaseIT.java:154)
	at io.apicurio.tests.ApicurioRegistryBaseIT$RegistryApiErrorWatcher.logProblemDetails(ApicurioRegistryBaseIT.java:154)
	at io.apicurio.tests.ApicurioRegistryBaseIT$RegistryApiErrorWatcher.logProblemDetails(ApicurioRegistryBaseIT.java:154)
	at io.apicurio.tests.ApicurioRegistryBaseIT$RegistryApiErrorWatcher.logProblemDetails(ApicurioRegistryBaseIT.java:154)
	at io.apicurio.tests.ApicurioRegistryBaseIT$RegistryApiErrorWatcher.logProblemDetails(ApicurioRegistryBaseIT.java:154)
	at io.apicurio.tests.ApicurioRegistryBaseIT$RegistryApiErrorWatcher.logProblemDetails(ApicurioRegistryBaseIT.java:154)
	at io.apicurio.tests.ApicurioRegistryBaseIT$RegistryApiErrorWatcher.logProblemDetails(ApicurioRegistryBaseIT.java:154)
	at io.apicurio.tests.ApicurioRegistryBaseIT$RegistryApiErrorWatcher.logProblemDetails(ApicurioRegistryBaseIT.java:154)
	at io.apicurio.tests.ApicurioRegistryBaseIT$RegistryApiErrorWatcher.logProblemDetails(ApicurioRegistryBaseIT.java:154)
	at io.apicurio.tests.ApicurioRegistryBaseIT$RegistryApiErrorWatcher.logProblemDetails(ApicurioRegistryBaseIT.java:154)
	at io.apicurio.tests.ApicurioRegistryBaseIT$RegistryApiErrorWatcher.logProblemDetails(ApicurioRegistryBaseIT.java:154)
	at io.apicurio.tests.ApicurioRegistryBaseIT$RegistryApiErrorWatcher.logProblemDetails(ApicurioRegistryBaseIT.java:154)
	at io.apicurio.tests.ApicurioRegistryBaseIT$RegistryApiErrorWatcher.logProblemDetails(ApicurioRegistryBaseIT.java:154)
	at io.apicurio.tests.ApicurioRegistryBaseIT$RegistryApiErrorWatcher.logProblemDetails(ApicurioRegistryBaseIT.java:154)
	at io.apicurio.tests.ApicurioRegistryBaseIT$RegistryApiErrorWatcher.logProblemDetails(ApicurioRegistryBaseIT.java:154)
	at io.apicurio.tests.ApicurioRegistryBaseIT$RegistryApiErrorWatcher.logProblemDetails(ApicurioRegistryBaseIT.java:154)
	at io.apicurio.tests.ApicurioRegistryBaseIT$RegistryApiErrorWatcher.logProblemDetails(ApicurioRegistryBaseIT.java:154)
	at io.apicurio.tests.ApicurioRegistryBaseIT$RegistryApiErrorWatcher.logProblemDetails(ApicurioRegistryBaseIT.java:154)
	at io.apicurio.tests.ApicurioRegistryBaseIT$RegistryApiErrorWatcher.logProblemDetails(ApicurioRegistryBaseIT.java:154)
	at io.apicurio.tests.ApicurioRegistryBaseIT$RegistryApiErrorWatcher.logProblemDetails(ApicurioRegistryBaseIT.java:154)
	at io.apicurio.tests.ApicurioRegistryBaseIT$RegistryApiErrorWatcher.logProblemDetails(ApicurioRegistryBaseIT.java:154)
	at io.apicurio.tests.ApicurioRegistryBaseIT$RegistryApiErrorWatcher.logProblemDetails(ApicurioRegistryBaseIT.java:154)
	at io.apicurio.tests.ApicurioRegistryBaseIT$RegistryApiErrorWatcher.logProblemDetails(ApicurioRegistryBaseIT.java:154)
	at io.apicurio.tests.ApicurioRegistryBaseIT$RegistryApiErrorWatcher.logProblemDetails(ApicurioRegistryBaseIT.java:154)
	at io.apicurio.tests.ApicurioRegistryBaseIT$RegistryApiErrorWatcher.logProblemDetails(ApicurioRegistryBaseIT.java:154)
	at io.apicurio.tests.ApicurioRegistryBaseIT$RegistryApiErrorWatcher.logProblemDetails(ApicurioRegistryBaseIT.java:154)
	at io.apicurio.tests.ApicurioRegistryBaseIT$RegistryApiErrorWatcher.logProblemDetails(ApicurioRegistryBaseIT.java:154)
	at io.apicurio.tests.ApicurioRegistryBaseIT$RegistryApiErrorWatcher.logProblemDetails(ApicurioRegistryBaseIT.java:154)
	at io.apicurio.tests.ApicurioRegistryBaseIT$RegistryApiErrorWatcher.logProblemDetails(ApicurioRegistryBaseIT.java:154)
	at io.apicurio.tests.ApicurioRegistryBaseIT$RegistryApiErrorWatcher.logProblemDetails(ApicurioRegistryBaseIT.java:154)
	at io.apicurio.tests.ApicurioRegistryBaseIT$RegistryApiErrorWatcher.logProblemDetails(ApicurioRegistryBaseIT.java:154)
	at io.apicurio.tests.ApicurioRegistryBaseIT$RegistryApiErrorWatcher.logProblemDetails(ApicurioRegistryBaseIT.java:154)
	at io.apicurio.tests.ApicurioRegistryBaseIT$RegistryApiErrorWatcher.logProblemDetails(ApicurioRegistryBaseIT.java:154)
	at io.apicurio.tests.ApicurioRegistryBaseIT$RegistryApiErrorWatcher.logProblemDetails(ApicurioRegistryBaseIT.java:154)
	at io.apicurio.tests.ApicurioRegistryBaseIT$RegistryApiErrorWatcher.logProblemDetails(ApicurioRegistryBaseIT.java:154)
	at io.apicurio.tests.ApicurioRegistryBaseIT$RegistryApiErrorWatcher.logProblemDetails(ApicurioRegistryBaseIT.java:154)
	at io.apicurio.tests.ApicurioRegistryBaseIT$RegistryApiErrorWatcher.logProblemDetails(ApicurioRegistryBaseIT.java:154)
	at io.apicurio.tests.ApicurioRegistryBaseIT$RegistryApiErrorWatcher.logProblemDetails(ApicurioRegistryBaseIT.java:154)
	at io.apicurio.tests.ApicurioRegistryBaseIT$RegistryApiErrorWatcher.logProblemDetails(ApicurioRegistryBaseIT.java:154)
	at io.apicurio.tests.ApicurioRegistryBaseIT$RegistryApiErrorWatcher.logProblemDetails(ApicurioRegistryBaseIT.java:154)
	at io.apicurio.tests.ApicurioRegistryBaseIT$RegistryApiErrorWatcher.logProblemDetails(ApicurioRegistryBaseIT.java:154)
	at io.apicurio.tests.ApicurioRegistryBaseIT$RegistryApiErrorWatcher.logProblemDetails(ApicurioRegistryBaseIT.java:154)
	at io.apicurio.tests.ApicurioRegistryBaseIT$RegistryApiErrorWatcher.logProblemDetails(ApicurioRegistryBaseIT.java:154)
	at io.apicurio.tests.ApicurioRegistryBaseIT$RegistryApiErrorWatcher.logProblemDetails(ApicurioRegistryBaseIT.java:154)
	at io.apicurio.tests.ApicurioRegistryBaseIT$RegistryApiErrorWatcher.logProblemDetails(ApicurioRegistryBaseIT.java:154)
	at io.apicurio.tests.ApicurioRegistryBaseIT$RegistryApiErrorWatcher.logProblemDetails(ApicurioRegistryBaseIT.java:154)
	at io.apicurio.tests.ApicurioRegistryBaseIT$RegistryApiErrorWatcher.logProblemDetails(ApicurioRegistryBaseIT.java:154)
	at io.apicurio.tests.ApicurioRegistryBaseIT$RegistryApiErrorWatcher.logProblemDetails(ApicurioRegistryBaseIT.java:154)
	at io.apicurio.tests.ApicurioRegistryBaseIT$RegistryApiErrorWatcher.logProblemDetails(ApicurioRegistryBaseIT.java:154)
	at io.apicurio.tests.ApicurioRegistryBaseIT$RegistryApiErrorWatcher.logProblemDetails(ApicurioRegistryBaseIT.java:154)
	at io.apicurio.tests.ApicurioRegistryBaseIT$RegistryApiErrorWatcher.logProblemDetails(ApicurioRegistryBaseIT.java:154)
	at io.apicurio.tests.ApicurioRegistryBaseIT$RegistryApiErrorWatcher.logProblemDetails(ApicurioRegistryBaseIT.java:154)
	at io.apicurio.tests.ApicurioRegistryBaseIT$RegistryApiErrorWatcher.logProblemDetails(ApicurioRegistryBaseIT.java:154)
	at io.apicurio.tests.ApicurioRegistryBaseIT$RegistryApiErrorWatcher.logProblemDetails(ApicurioRegistryBaseIT.java:154)
	at io.apicurio.tests.ApicurioRegistryBaseIT$RegistryApiErrorWatcher.logProblemDetails(ApicurioRegistryBaseIT.java:154)
	at io.apicurio.tests.ApicurioRegistryBaseIT$RegistryApiErrorWatcher.logProblemDetails(ApicurioRegistryBaseIT.java:154)
	at io.apicurio.tests.ApicurioRegistryBaseIT$RegistryApiErrorWatcher.logProblemDetails(ApicurioRegistryBaseIT.java:154)
	at io.apicurio.tests.ApicurioRegistryBaseIT$RegistryApiErrorWatcher.logProblemDetails(ApicurioRegistryBaseIT.java:154)
	at io.apicurio.tests.ApicurioRegistryBaseIT$RegistryApiErrorWatcher.logProblemDetails(ApicurioRegistryBaseIT.java:154)
	at io.apicurio.tests.ApicurioRegistryBaseIT$RegistryApiErrorWatcher.logProblemDetails(ApicurioRegistryBaseIT.java:154)
	at io.apicurio.tests.ApicurioRegistryBaseIT$RegistryApiErrorWatcher.logProblemDetails(ApicurioRegistryBaseIT.java:154)
	at io.apicurio.tests.ApicurioRegistryBaseIT$RegistryApiErrorWatcher.logProblemDetails(ApicurioRegistryBaseIT.java:154)
	at io.apicurio.tests.ApicurioRegistryBaseIT$RegistryApiErrorWatcher.logProblemDetails(ApicurioRegistryBaseIT.java:154)
	at io.apicurio.tests.ApicurioRegistryBaseIT$RegistryApiErrorWatcher.logProblemDetails(ApicurioRegistryBaseIT.java:154)
	at io.apicurio.tests.ApicurioRegistryBaseIT$RegistryApiErrorWatcher.logProblemDetails(ApicurioRegistryBaseIT.java:154)
	at io.apicurio.tests.ApicurioRegistryBaseIT$RegistryApiErrorWatcher.logProblemDetails(ApicurioRegistryBaseIT.java:154)
	at io.apicurio.tests.ApicurioRegistryBaseIT$RegistryApiErrorWatcher.logProblemDetails(ApicurioRegistryBaseIT.java:154)
	at io.apicurio.tests.ApicurioRegistryBaseIT$RegistryApiErrorWatcher.logProblemDetails(ApicurioRegistryBaseIT.java:154)
	at io.apicurio.tests.ApicurioRegistryBaseIT$RegistryApiErrorWatcher.logProblemDetails(ApicurioRegistryBaseIT.java:154)
	at io.apicurio.tests.ApicurioRegistryBaseIT$RegistryApiErrorWatcher.logProblemDetails(ApicurioRegistryBaseIT.java:154)
	at io.apicurio.tests.ApicurioRegistryBaseIT$RegistryApiErrorWatcher.logProblemDetails(ApicurioRegistryBaseIT.java:154)
	at io.apicurio.tests.ApicurioRegistryBaseIT$RegistryApiErrorWatcher.logProblemDetails(ApicurioRegistryBaseIT.java:154)
	at io.apicurio.tests.ApicurioRegistryBaseIT$RegistryApiErrorWatcher.logProblemDetails(ApicurioRegistryBaseIT.java:154)
	at io.apicurio.tests.ApicurioRegistryBaseIT$RegistryApiErrorWatcher.logProblemDetails(ApicurioRegistryBaseIT.java:154)
	at io.apicurio.tests.ApicurioRegistryBaseIT$RegistryApiErrorWatcher.logProblemDetails(ApicurioRegistryBaseIT.java:154)
	at io.apicurio.tests.ApicurioRegistryBaseIT$RegistryApiErrorWatcher.logProblemDetails(ApicurioRegistryBaseIT.java:154)
	at io.apicurio.tests.ApicurioRegistryBaseIT$RegistryApiErrorWatcher.logProblemDetails(ApicurioRegistryBaseIT.java:154)
	at io.apicurio.tests.ApicurioRegistryBaseIT$RegistryApiErrorWatcher.logProblemDetails(ApicurioRegistryBaseIT.java:154)
	at io.apicurio.tests.ApicurioRegistryBaseIT$RegistryApiErrorWatcher.logProblemDetails(ApicurioRegistryBaseIT.java:154)
	at io.apicurio.tests.ApicurioRegistryBaseIT$RegistryApiErrorWatcher.logProblemDetails(ApicurioRegistryBaseIT.java:154)
	at io.apicurio.tests.ApicurioRegistryBaseIT$RegistryApiErrorWatcher.logProblemDetails(ApicurioRegistryBaseIT.java:154)
	at io.apicurio.tests.ApicurioRegistryBaseIT$RegistryApiErrorWatcher.logProblemDetails(ApicurioRegistryBaseIT.java:154)
	at io.apicurio.tests.ApicurioRegistryBaseIT$RegistryApiErrorWatcher.logProblemDetails(ApicurioRegistryBaseIT.java:154)
	at io.apicurio.tests.ApicurioRegistryBaseIT$RegistryApiErrorWatcher.logProblemDetails(ApicurioRegistryBaseIT.java:154)
	at io.apicurio.tests.ApicurioRegistryBaseIT$RegistryApiErrorWatcher.logProblemDetails(ApicurioRegistryBaseIT.java:154)
	at io.apicurio.tests.ApicurioRegistryBaseIT$RegistryApiErrorWatcher.logProblemDetails(ApicurioRegistryBaseIT.java:154)
	at io.apicurio.tests.ApicurioRegistryBaseIT$RegistryApiErrorWatcher.logProblemDetails(ApicurioRegistryBaseIT.java:154)
	at io.apicurio.tests.ApicurioRegistryBaseIT$RegistryApiErrorWatcher.logProblemDetails(ApicurioRegistryBaseIT.java:154)
	at io.apicurio.tests.ApicurioRegistryBaseIT$RegistryApiErrorWatcher.logProblemDetails(ApicurioRegistryBaseIT.java:154)
	at io.apicurio.tests.ApicurioRegistryBaseIT$RegistryApiErrorWatcher.logProblemDetails(ApicurioRegistryBaseIT.java:154)
	at io.apicurio.tests.ApicurioRegistryBaseIT$RegistryApiErrorWatcher.logProblemDetails(ApicurioRegistryBaseIT.java:154)
	at io.apicurio.tests.ApicurioRegistryBaseIT$RegistryApiErrorWatcher.logProblemDetails(ApicurioRegistryBaseIT.java:154)
	at io.apicurio.tests.ApicurioRegistryBaseIT$RegistryApiErrorWatcher.logProblemDetails(ApicurioRegistryBaseIT.java:154)
	at io.apicurio.tests.ApicurioRegistryBaseIT$RegistryApiErrorWatcher.logProblemDetails(ApicurioRegistryBaseIT.java:154)
	at io.apicurio.tests.ApicurioRegistryBaseIT$RegistryApiErrorWatcher.logProblemDetails(ApicurioRegistryBaseIT.java:154)
	at io.apicurio.tests.ApicurioRegistryBaseIT$RegistryApiErrorWatcher.logProblemDetails(ApicurioRegistryBaseIT.java:154)
	at io.apicurio.tests.ApicurioRegistryBaseIT$RegistryApiErrorWatcher.logProblemDetails(ApicurioRegistryBaseIT.java:154)
	at io.apicurio.tests.ApicurioRegistryBaseIT$RegistryApiErrorWatcher.logProblemDetails(ApicurioRegistryBaseIT.java:154)
	at io.apicurio.tests.ApicurioRegistryBaseIT$RegistryApiErrorWatcher.logProblemDetails(ApicurioRegistryBaseIT.java:154)
	at io.apicurio.tests.ApicurioRegistryBaseIT$RegistryApiErrorWatcher.logProblemDetails(ApicurioRegistryBaseIT.java:154)
	at io.apicurio.tests.ApicurioRegistryBaseIT$RegistryApiErrorWatcher.logProblemDetails(ApicurioRegistryBaseIT.java:154)
	at io.apicurio.tests.ApicurioRegistryBaseIT$RegistryApiErrorWatcher.logProblemDetails(ApicurioRegistryBaseIT.java:154)
	at io.apicurio.tests.ApicurioRegistryBaseIT$RegistryApiErrorWatcher.logProblemDetails(ApicurioRegistryBaseIT.java:154)
	at io.apicurio.tests.ApicurioRegistryBaseIT$RegistryApiErrorWatcher.logProblemDetails(ApicurioRegistryBaseIT.java:154)
	at io.apicurio.tests.ApicurioRegistryBaseIT$RegistryApiErrorWatcher.logProblemDetails(ApicurioRegistryBaseIT.java:154)
	at io.apicurio.tests.ApicurioRegistryBaseIT$RegistryApiErrorWatcher.logProblemDetails(ApicurioRegistryBaseIT.java:154)
	at io.apicurio.tests.ApicurioRegistryBaseIT$RegistryApiErrorWatcher.logProblemDetails(ApicurioRegistryBaseIT.java:154)
	at io.apicurio.tests.ApicurioRegistryBaseIT$RegistryApiErrorWatcher.logProblemDetails(ApicurioRegistryBaseIT.java:154)
	at io.apicurio.tests.ApicurioRegistryBaseIT$RegistryApiErrorWatcher.logProblemDetails(ApicurioRegistryBaseIT.java:154)
	at io.apicurio.tests.ApicurioRegistryBaseIT$RegistryApiErrorWatcher.logProblemDetails(ApicurioRegistryBaseIT.java:154)
	at io.apicurio.tests.ApicurioRegistryBaseIT$RegistryApiErrorWatcher.logProblemDetails(ApicurioRegistryBaseIT.java:154)
	at io.apicurio.tests.ApicurioRegistryBaseIT$RegistryApiErrorWatcher.logProblemDetails(ApicurioRegistryBaseIT.java:154)
	at io.apicurio.tests.ApicurioRegistryBaseIT$RegistryApiErrorWatcher.logProblemDetails(ApicurioRegistryBaseIT.java:154)
	at io.apicurio.tests.ApicurioRegistryBaseIT$RegistryApiErrorWatcher.logProblemDetails(ApicurioRegistryBaseIT.java:154)
	at io.apicurio.tests.ApicurioRegistryBaseIT$RegistryApiErrorWatcher.logProblemDetails(ApicurioRegistryBaseIT.java:154)
	at io.apicurio.tests.ApicurioRegistryBaseIT$RegistryApiErrorWatcher.logProblemDetails(ApicurioRegistryBaseIT.java:154)
	at io.apicurio.tests.ApicurioRegistryBaseIT$RegistryApiErrorWatcher.logProblemDetails(ApicurioRegistryBaseIT.java:154)
	at io.apicurio.tests.ApicurioRegistryBaseIT$RegistryApiErrorWatcher.logProblemDetails(ApicurioRegistryBaseIT.java:154)
	at io.apicurio.tests.ApicurioRegistryBaseIT$RegistryApiErrorWatcher.logProblemDetails(ApicurioRegistryBaseIT.java:154)
	at io.apicurio.tests.ApicurioRegistryBaseIT$RegistryApiErrorWatcher.logProblemDetails(ApicurioRegistryBaseIT.java:154)
	at io.apicurio.tests.ApicurioRegistryBaseIT$RegistryApiErrorWatcher.logProblemDetails(ApicurioRegistryBaseIT.java:154)
	at io.apicurio.tests.ApicurioRegistryBaseIT$RegistryApiErrorWatcher.logProblemDetails(ApicurioRegistryBaseIT.java:154)
	at io.apicurio.tests.ApicurioRegistryBaseIT$RegistryApiErrorWatcher.logProblemDetails(ApicurioRegistryBaseIT.java:154)
	at io.apicurio.tests.ApicurioRegistryBaseIT$RegistryApiErrorWatcher.logProblemDetails(ApicurioRegistryBaseIT.java:154)
	at io.apicurio.tests.ApicurioRegistryBaseIT$RegistryApiErrorWatcher.logProblemDetails(ApicurioRegistryBaseIT.java:154)
	at io.apicurio.tests.ApicurioRegistryBaseIT$RegistryApiErrorWatcher.logProblemDetails(ApicurioRegistryBaseIT.java:154)
	at io.apicurio.tests.ApicurioRegistryBaseIT$RegistryApiErrorWatcher.logProblemDetails(ApicurioRegistryBaseIT.java:154)
	at io.apicurio.tests.ApicurioRegistryBaseIT$RegistryApiErrorWatcher.logProblemDetails(ApicurioRegistryBaseIT.java:154)
	at io.apicurio.tests.ApicurioRegistryBaseIT$RegistryApiErrorWatcher.logProblemDetails(ApicurioRegistryBaseIT.java:154)
	at io.apicurio.tests.ApicurioRegistryBaseIT$RegistryApiErrorWatcher.logProblemDetails(ApicurioRegistryBaseIT.java:154)
	at io.apicurio.tests.ApicurioRegistryBaseIT$RegistryApiErrorWatcher.logProblemDetails(ApicurioRegistryBaseIT.java:154)
	at io.apicurio.tests.ApicurioRegistryBaseIT$RegistryApiErrorWatcher.logProblemDetails(ApicurioRegistryBaseIT.java:154)
	at io.apicurio.tests.ApicurioRegistryBaseIT$RegistryApiErrorWatcher.logProblemDetails(ApicurioRegistryBaseIT.java:154)
	at io.apicurio.tests.ApicurioRegistryBaseIT$RegistryApiErrorWatcher.logProblemDetails(ApicurioRegistryBaseIT.java:154)
	at io.apicurio.tests.ApicurioRegistryBaseIT$RegistryApiErrorWatcher.logProblemDetails(ApicurioRegistryBaseIT.java:154)
	at io.apicurio.tests.ApicurioRegistryBaseIT$RegistryApiErrorWatcher.logProblemDetails(ApicurioRegistryBaseIT.java:154)
	at io.apicurio.tests.ApicurioRegistryBaseIT$RegistryApiErrorWatcher.logProblemDetails(ApicurioRegistryBaseIT.java:154)
	at io.apicurio.tests.ApicurioRegistryBaseIT$RegistryApiErrorWatcher.logProblemDetails(ApicurioRegistryBaseIT.java:154)
	at io.apicurio.tests.ApicurioRegistryBaseIT$RegistryApiErrorWatcher.logProblemDetails(ApicurioRegistryBaseIT.java:154)
	at io.apicurio.tests.ApicurioRegistryBaseIT$RegistryApiErrorWatcher.logProblemDetails(ApicurioRegistryBaseIT.java:154)
	at io.apicurio.tests.ApicurioRegistryBaseIT$RegistryApiErrorWatcher.logProblemDetails(ApicurioRegistryBaseIT.java:154)
	at io.apicurio.tests.ApicurioRegistryBaseIT$RegistryApiErrorWatcher.logProblemDetails(ApicurioRegistryBaseIT.java:154)
	at io.apicurio.tests.ApicurioRegistryBaseIT$RegistryApiErrorWatcher.logProblemDetails(ApicurioRegistryBaseIT.java:154)
	at io.apicurio.tests.ApicurioRegistryBaseIT$RegistryApiErrorWatcher.logProblemDetails(ApicurioRegistryBaseIT.java:154)
	at io.apicurio.tests.ApicurioRegistryBaseIT$RegistryApiErrorWatcher.logProblemDetails(ApicurioRegistryBaseIT.java:154)
	at io.apicurio.tests.ApicurioRegistryBaseIT$RegistryApiErrorWatcher.logProblemDetails(ApicurioRegistryBaseIT.java:154)
	at io.apicurio.tests.ApicurioRegistryBaseIT$RegistryApiErrorWatcher.logProblemDetails(ApicurioRegistryBaseIT.java:154)
	at io.apicurio.tests.ApicurioRegistryBaseIT$RegistryApiErrorWatcher.logProblemDetails(ApicurioRegistryBaseIT.java:154)
	at io.apicurio.tests.ApicurioRegistryBaseIT$RegistryApiErrorWatcher.logProblemDetails(ApicurioRegistryBaseIT.java:154)
	at io.apicurio.tests.ApicurioRegistryBaseIT$RegistryApiErrorWatcher.logProblemDetails(ApicurioRegistryBaseIT.java:154)
	at io.apicurio.tests.ApicurioRegistryBaseIT$RegistryApiErrorWatcher.logProblemDetails(ApicurioRegistryBaseIT.java:154)
	at io.apicurio.tests.ApicurioRegistryBaseIT$RegistryApiErrorWatcher.logProblemDetails(ApicurioRegistryBaseIT.java:154)
	at io.apicurio.tests.ApicurioRegistryBaseIT$RegistryApiErrorWatcher.logProblemDetails(ApicurioRegistryBaseIT.java:154)
	at io.apicurio.tests.ApicurioRegistryBaseIT$RegistryApiErrorWatcher.logProblemDetails(ApicurioRegistryBaseIT.java:154)
	at io.apicurio.tests.ApicurioRegistryBaseIT$RegistryApiErrorWatcher.logProblemDetails(ApicurioRegistryBaseIT.java:154)
	at io.apicurio.tests.ApicurioRegistryBaseIT$RegistryApiErrorWatcher.logProblemDetails(ApicurioRegistryBaseIT.java:154)
	at io.apicurio.tests.ApicurioRegistryBaseIT$RegistryApiErrorWatcher.logProblemDetails(ApicurioRegistryBaseIT.java:154)
	at io.apicurio.tests.ApicurioRegistryBaseIT$RegistryApiErrorWatcher.logProblemDetails(ApicurioRegistryBaseIT.java:154)
	at io.apicurio.tests.ApicurioRegistryBaseIT$RegistryApiErrorWatcher.logProblemDetails(ApicurioRegistryBaseIT.java:154)
	at io.apicurio.tests.ApicurioRegistryBaseIT$RegistryApiErrorWatcher.logProblemDetails(ApicurioRegistryBaseIT.java:154)
	at io.apicurio.tests.ApicurioRegistryBaseIT$RegistryApiErrorWatcher.logProblemDetails(ApicurioRegistryBaseIT.java:154)
	at io.apicurio.tests.ApicurioRegistryBaseIT$RegistryApiErrorWatcher.logProblemDetails(ApicurioRegistryBaseIT.java:154)
	at io.apicurio.tests.ApicurioRegistryBaseIT$RegistryApiErrorWatcher.logProblemDetails(ApicurioRegistryBaseIT.java:154)
	at io.apicurio.tests.ApicurioRegistryBaseIT$RegistryApiErrorWatcher.logProblemDetails(ApicurioRegistryBaseIT.java:154)
	at io.apicurio.tests.ApicurioRegistryBaseIT$RegistryApiErrorWatcher.logProblemDetails(ApicurioRegistryBaseIT.java:154)
	at io.apicurio.tests.ApicurioRegistryBaseIT$RegistryApiErrorWatcher.logProblemDetails(ApicurioRegistryBaseIT.java:154)
	at io.apicurio.tests.ApicurioRegistryBaseIT$RegistryApiErrorWatcher.logProblemDetails(ApicurioRegistryBaseIT.java:154)
	at io.apicurio.tests.ApicurioRegistryBaseIT$RegistryApiErrorWatcher.logProblemDetails(ApicurioRegistryBaseIT.java:154)
	at io.apicurio.tests.ApicurioRegistryBaseIT$RegistryApiErrorWatcher.logProblemDetails(ApicurioRegistryBaseIT.java:154)
	at io.apicurio.tests.ApicurioRegistryBaseIT$RegistryApiErrorWatcher.logProblemDetails(ApicurioRegistryBaseIT.java:154)
	at io.apicurio.tests.ApicurioRegistryBaseIT$RegistryApiErrorWatcher.logProblemDetails(ApicurioRegistryBaseIT.java:154)
	at io.apicurio.tests.ApicurioRegistryBaseIT$RegistryApiErrorWatcher.logProblemDetails(ApicurioRegistryBaseIT.java:154)
	at io.apicurio.tests.ApicurioRegistryBaseIT$RegistryApiErrorWatcher.logProblemDetails(ApicurioRegistryBaseIT.java:154)
	at io.apicurio.tests.ApicurioRegistryBaseIT$RegistryApiErrorWatcher.logProblemDetails(ApicurioRegistryBaseIT.java:154)
	at io.apicurio.tests.ApicurioRegistryBaseIT$RegistryApiErrorWatcher.logProblemDetails(ApicurioRegistryBaseIT.java:154)
	at io.apicurio.tests.ApicurioRegistryBaseIT$RegistryApiErrorWatcher.logProblemDetails(ApicurioRegistryBaseIT.java:154)
	at io.apicurio.tests.ApicurioRegistryBaseIT$RegistryApiErrorWatcher.logProblemDetails(ApicurioRegistryBaseIT.java:154)
	at io.apicurio.tests.ApicurioRegistryBaseIT$RegistryApiErrorWatcher.logProblemDetails(ApicurioRegistryBaseIT.java:154)
	at io.apicurio.tests.ApicurioRegistryBaseIT$RegistryApiErrorWatcher.logProblemDetails(ApicurioRegistryBaseIT.java:154)
	at io.apicurio.tests.ApicurioRegistryBaseIT$RegistryApiErrorWatcher.logProblemDetails(ApicurioRegistryBaseIT.java:154)
	at io.apicurio.tests.ApicurioRegistryBaseIT$RegistryApiErrorWatcher.logProblemDetails(ApicurioRegistryBaseIT.java:154)
	at io.apicurio.tests.ApicurioRegistryBaseIT$RegistryApiErrorWatcher.logProblemDetails(ApicurioRegistryBaseIT.java:154)
	at io.apicurio.tests.ApicurioRegistryBaseIT$RegistryApiErrorWatcher.logProblemDetails(ApicurioRegistryBaseIT.java:154)
	at io.apicurio.tests.ApicurioRegistryBaseIT$RegistryApiErrorWatcher.logProblemDetails(ApicurioRegistryBaseIT.java:154)
	at io.apicurio.tests.ApicurioRegistryBaseIT$RegistryApiErrorWatcher.logProblemDetails(ApicurioRegistryBaseIT.java:154)
	at io.apicurio.tests.ApicurioRegistryBaseIT$RegistryApiErrorWatcher.logProblemDetails(ApicurioRegistryBaseIT.java:154)
	at io.apicurio.tests.ApicurioRegistryBaseIT$RegistryApiErrorWatcher.logProblemDetails(ApicurioRegistryBaseIT.java:154)
	at io.apicurio.tests.ApicurioRegistryBaseIT$RegistryApiErrorWatcher.logProblemDetails(ApicurioRegistryBaseIT.java:154)
	at io.apicurio.tests.ApicurioRegistryBaseIT$RegistryApiErrorWatcher.logProblemDetails(ApicurioRegistryBaseIT.java:154)
	at io.apicurio.tests.ApicurioRegistryBaseIT$RegistryApiErrorWatcher.logProblemDetails(ApicurioRegistryBaseIT.java:154)
	at io.apicurio.tests.ApicurioRegistryBaseIT$RegistryApiErrorWatcher.logProblemDetails(ApicurioRegistryBaseIT.java:154)
	at io.apicurio.tests.ApicurioRegistryBaseIT$RegistryApiErrorWatcher.logProblemDetails(ApicurioRegistryBaseIT.java:154)
	at io.apicurio.tests.ApicurioRegistryBaseIT$RegistryApiErrorWatcher.logProblemDetails(ApicurioRegistryBaseIT.java:154)
	at io.apicurio.tests.ApicurioRegistryBaseIT$RegistryApiErrorWatcher.logProblemDetails(ApicurioRegistryBaseIT.java:154)
	at io.apicurio.tests.ApicurioRegistryBaseIT$RegistryApiErrorWatcher.logProblemDetails(ApicurioRegistryBaseIT.java:154)
	at io.apicurio.tests.ApicurioRegistryBaseIT$RegistryApiErrorWatcher.logProblemDetails(ApicurioRegistryBaseIT.java:154)
	at io.apicurio.tests.ApicurioRegistryBaseIT$RegistryApiErrorWatcher.logProblemDetails(ApicurioRegistryBaseIT.java:154)
	at io.apicurio.tests.ApicurioRegistryBaseIT$RegistryApiErrorWatcher.logProblemDetails(ApicurioRegistryBaseIT.java:154)
	at io.apicurio.tests.ApicurioRegistryBaseIT$RegistryApiErrorWatcher.logProblemDetails(ApicurioRegistryBaseIT.java:154)
	at io.apicurio.tests.ApicurioRegistryBaseIT$RegistryApiErrorWatcher.logProblemDetails(ApicurioRegistryBaseIT.java:154)
	at io.apicurio.tests.ApicurioRegistryBaseIT$RegistryApiErrorWatcher.logProblemDetails(ApicurioRegistryBaseIT.java:154)
	at io.apicurio.tests.ApicurioRegistryBaseIT$RegistryApiErrorWatcher.logProblemDetails(ApicurioRegistryBaseIT.java:154)
	at io.apicurio.tests.ApicurioRegistryBaseIT$RegistryApiErrorWatcher.logProblemDetails(ApicurioRegistryBaseIT.java:154)
	at io.apicurio.tests.ApicurioRegistryBaseIT$RegistryApiErrorWatcher.logProblemDetails(ApicurioRegistryBaseIT.java:154)
	at io.apicurio.tests.ApicurioRegistryBaseIT$RegistryApiErrorWatcher.logProblemDetails(ApicurioRegistryBaseIT.java:154)
	at io.apicurio.tests.ApicurioRegistryBaseIT$RegistryApiErrorWatcher.logProblemDetails(ApicurioRegistryBaseIT.java:154)
	at io.apicurio.tests.ApicurioRegistryBaseIT$RegistryApiErrorWatcher.logProblemDetails(ApicurioRegistryBaseIT.java:154)
	at io.apicurio.tests.ApicurioRegistryBaseIT$RegistryApiErrorWatcher.logProblemDetails(ApicurioRegistryBaseIT.java:154)
	at io.apicurio.tests.ApicurioRegistryBaseIT$RegistryApiErrorWatcher.logProblemDetails(ApicurioRegistryBaseIT.java:154)
	at io.apicurio.tests.ApicurioRegistryBaseIT$RegistryApiErrorWatcher.logProblemDetails(ApicurioRegistryBaseIT.java:154)
	at io.apicurio.tests.ApicurioRegistryBaseIT$RegistryApiErrorWatcher.logProblemDetails(ApicurioRegistryBaseIT.java:154)
	at io.apicurio.tests.ApicurioRegistryBaseIT$RegistryApiErrorWatcher.logProblemDetails(ApicurioRegistryBaseIT.java:154)
	at io.apicurio.tests.ApicurioRegistryBaseIT$RegistryApiErrorWatcher.logProblemDetails(ApicurioRegistryBaseIT.java:154)
	at io.apicurio.tests.ApicurioRegistryBaseIT$RegistryApiErrorWatcher.logProblemDetails(ApicurioRegistryBaseIT.java:154)
	at io.apicurio.tests.ApicurioRegistryBaseIT$RegistryApiErrorWatcher.logProblemDetails(ApicurioRegistryBaseIT.java:154)
	at io.apicurio.tests.ApicurioRegistryBaseIT$RegistryApiErrorWatcher.logProblemDetails(ApicurioRegistryBaseIT.java:154)
	at io.apicurio.tests.ApicurioRegistryBaseIT$RegistryApiErrorWatcher.logProblemDetails(ApicurioRegistryBaseIT.java:154)
	at io.apicurio.tests.ApicurioRegistryBaseIT$RegistryApiErrorWatcher.logProblemDetails(ApicurioRegistryBaseIT.java:154)
	at io.apicurio.tests.ApicurioRegistryBaseIT$RegistryApiErrorWatcher.logProblemDetails(ApicurioRegistryBaseIT.java:154)
	at io.apicurio.tests.ApicurioRegistryBaseIT$RegistryApiErrorWatcher.logProblemDetails(ApicurioRegistryBaseIT.java:154)
	at io.apicurio.tests.ApicurioRegistryBaseIT$RegistryApiErrorWatcher.logProblemDetails(ApicurioRegistryBaseIT.java:154)
	at io.apicurio.tests.ApicurioRegistryBaseIT$RegistryApiErrorWatcher.logProblemDetails(ApicurioRegistryBaseIT.java:154)
	at io.apicurio.tests.ApicurioRegistryBaseIT$RegistryApiErrorWatcher.logProblemDetails(ApicurioRegistryBaseIT.java:154)
	at io.apicurio.tests.ApicurioRegistryBaseIT$RegistryApiErrorWatcher.logProblemDetails(ApicurioRegistryBaseIT.java:154)
	at io.apicurio.tests.ApicurioRegistryBaseIT$RegistryApiErrorWatcher.logProblemDetails(ApicurioRegistryBaseIT.java:154)
	at io.apicurio.tests.ApicurioRegistryBaseIT$RegistryApiErrorWatcher.logProblemDetails(ApicurioRegistryBaseIT.java:154)
	at io.apicurio.tests.ApicurioRegistryBaseIT$RegistryApiErrorWatcher.logProblemDetails(ApicurioRegistryBaseIT.java:154)
	at io.apicurio.tests.ApicurioRegistryBaseIT$RegistryApiErrorWatcher.logProblemDetails(ApicurioRegistryBaseIT.java:154)
	at io.apicurio.tests.ApicurioRegistryBaseIT$RegistryApiErrorWatcher.logProblemDetails(ApicurioRegistryBaseIT.java:154)
	at io.apicurio.tests.ApicurioRegistryBaseIT$RegistryApiErrorWatcher.logProblemDetails(ApicurioRegistryBaseIT.java:154)
	at io.apicurio.tests.ApicurioRegistryBaseIT$RegistryApiErrorWatcher.logProblemDetails(ApicurioRegistryBaseIT.java:154)
	at io.apicurio.tests.ApicurioRegistryBaseIT$RegistryApiErrorWatcher.logProblemDetails(ApicurioRegistryBaseIT.java:154)
	at io.apicurio.tests.ApicurioRegistryBaseIT$RegistryApiErrorWatcher.logProblemDetails(ApicurioRegistryBaseIT.java:154)
	at io.apicurio.tests.ApicurioRegistryBaseIT$RegistryApiErrorWatcher.logProblemDetails(ApicurioRegistryBaseIT.java:154)
	at io.apicurio.tests.ApicurioRegistryBaseIT$RegistryApiErrorWatcher.logProblemDetails(ApicurioRegistryBaseIT.java:154)
	at io.apicurio.tests.ApicurioRegistryBaseIT$RegistryApiErrorWatcher.logProblemDetails(ApicurioRegistryBaseIT.java:154)
	at io.apicurio.tests.ApicurioRegistryBaseIT$RegistryApiErrorWatcher.logProblemDetails(ApicurioRegistryBaseIT.java:154)
	at io.apicurio.tests.ApicurioRegistryBaseIT$RegistryApiErrorWatcher.logProblemDetails(ApicurioRegistryBaseIT.java:154)
	at io.apicurio.tests.ApicurioRegistryBaseIT$RegistryApiErrorWatcher.logProblemDetails(ApicurioRegistryBaseIT.java:154)
	at io.apicurio.tests.ApicurioRegistryBaseIT$RegistryApiErrorWatcher.logProblemDetails(ApicurioRegistryBaseIT.java:154)
	at io.apicurio.tests.ApicurioRegistryBaseIT$RegistryApiErrorWatcher.logProblemDetails(ApicurioRegistryBaseIT.java:154)
	at io.apicurio.tests.ApicurioRegistryBaseIT$RegistryApiErrorWatcher.logProblemDetails(ApicurioRegistryBaseIT.java:154)
	at io.apicurio.tests.ApicurioRegistryBaseIT$RegistryApiErrorWatcher.logProblemDetails(ApicurioRegistryBaseIT.java:154)
	at io.apicurio.tests.ApicurioRegistryBaseIT$RegistryApiErrorWatcher.logProblemDetails(ApicurioRegistryBaseIT.java:154)
	at io.apicurio.tests.ApicurioRegistryBaseIT$RegistryApiErrorWatcher.logProblemDetails(ApicurioRegistryBaseIT.java:154)
	at io.apicurio.tests.ApicurioRegistryBaseIT$RegistryApiErrorWatcher.logProblemDetails(ApicurioRegistryBaseIT.java:154)
	at io.apicurio.tests.ApicurioRegistryBaseIT$RegistryApiErrorWatcher.logProblemDetails(ApicurioRegistryBaseIT.java:154)
	at io.apicurio.tests.ApicurioRegistryBaseIT$RegistryApiErrorWatcher.logProblemDetails(ApicurioRegistryBaseIT.java:154)
	at io.apicurio.tests.ApicurioRegistryBaseIT$RegistryApiErrorWatcher.logProblemDetails(ApicurioRegistryBaseIT.java:154)
	at io.apicurio.tests.ApicurioRegistryBaseIT$RegistryApiErrorWatcher.logProblemDetails(ApicurioRegistryBaseIT.java:154)
	at io.apicurio.tests.ApicurioRegistryBaseIT$RegistryApiErrorWatcher.logProblemDetails(ApicurioRegistryBaseIT.java:154)
	at io.apicurio.tests.ApicurioRegistryBaseIT$RegistryApiErrorWatcher.logProblemDetails(ApicurioRegistryBaseIT.java:154)
	at io.apicurio.tests.ApicurioRegistryBaseIT$RegistryApiErrorWatcher.logProblemDetails(ApicurioRegistryBaseIT.java:154)
	at io.apicurio.tests.ApicurioRegistryBaseIT$RegistryApiErrorWatcher.logProblemDetails(ApicurioRegistryBaseIT.java:154)
	at io.apicurio.tests.ApicurioRegistryBaseIT$RegistryApiErrorWatcher.logProblemDetails(ApicurioRegistryBaseIT.java:154)
	at io.apicurio.tests.ApicurioRegistryBaseIT$RegistryApiErrorWatcher.logProblemDetails(ApicurioRegistryBaseIT.java:154)
	at io.apicurio.tests.ApicurioRegistryBaseIT$RegistryApiErrorWatcher.logProblemDetails(ApicurioRegistryBaseIT.java:154)
	at io.apicurio.tests.ApicurioRegistryBaseIT$RegistryApiErrorWatcher.logProblemDetails(ApicurioRegistryBaseIT.java:154)
	at io.apicurio.tests.ApicurioRegistryBaseIT$RegistryApiErrorWatcher.logProblemDetails(ApicurioRegistryBaseIT.java:154)
	at io.apicurio.tests.ApicurioRegistryBaseIT$RegistryApiErrorWatcher.logProblemDetails(ApicurioRegistryBaseIT.java:154)
	at io.apicurio.tests.ApicurioRegistryBaseIT$RegistryApiErrorWatcher.logProblemDetails(ApicurioRegistryBaseIT.java:154)
	at io.apicurio.tests.ApicurioRegistryBaseIT$RegistryApiErrorWatcher.logProblemDetails(ApicurioRegistryBaseIT.java:154)
	at io.apicurio.tests.ApicurioRegistryBaseIT$RegistryApiErrorWatcher.logProblemDetails(ApicurioRegistryBaseIT.java:154)
	at io.apicurio.tests.ApicurioRegistryBaseIT$RegistryApiErrorWatcher.logProblemDetails(ApicurioRegistryBaseIT.java:154)
	at io.apicurio.tests.ApicurioRegistryBaseIT$RegistryApiErrorWatcher.logProblemDetails(ApicurioRegistryBaseIT.java:154)
	at io.apicurio.tests.ApicurioRegistryBaseIT$RegistryApiErrorWatcher.logProblemDetails(ApicurioRegistryBaseIT.java:154)
	at io.apicurio.tests.ApicurioRegistryBaseIT$RegistryApiErrorWatcher.logProblemDetails(ApicurioRegistryBaseIT.java:154)
	at io.apicurio.tests.ApicurioRegistryBaseIT$RegistryApiErrorWatcher.logProblemDetails(ApicurioRegistryBaseIT.java:154)
	at io.apicurio.tests.ApicurioRegistryBaseIT$RegistryApiErrorWatcher.logProblemDetails(ApicurioRegistryBaseIT.java:154)
	at io.apicurio.tests.ApicurioRegistryBaseIT$RegistryApiErrorWatcher.logProblemDetails(ApicurioRegistryBaseIT.java:154)
	at io.apicurio.tests.ApicurioRegistryBaseIT$RegistryApiErrorWatcher.logProblemDetails(ApicurioRegistryBaseIT.java:154)
	at io.apicurio.tests.ApicurioRegistryBaseIT$RegistryApiErrorWatcher.logProblemDetails(ApicurioRegistryBaseIT.java:154)
	at io.apicurio.tests.ApicurioRegistryBaseIT$RegistryApiErrorWatcher.logProblemDetails(ApicurioRegistryBaseIT.java:154)
	at io.apicurio.tests.ApicurioRegistryBaseIT$RegistryApiErrorWatcher.logProblemDetails(ApicurioRegistryBaseIT.java:154)
	at io.apicurio.tests.ApicurioRegistryBaseIT$RegistryApiErrorWatcher.logProblemDetails(ApicurioRegistryBaseIT.java:154)
	at io.apicurio.tests.ApicurioRegistryBaseIT$RegistryApiErrorWatcher.logProblemDetails(ApicurioRegistryBaseIT.java:154)
	at io.apicurio.tests.ApicurioRegistryBaseIT$RegistryApiErrorWatcher.logProblemDetails(ApicurioRegistryBaseIT.java:154)
	at io.apicurio.tests.ApicurioRegistryBaseIT$RegistryApiErrorWatcher.logProblemDetails(ApicurioRegistryBaseIT.java:154)
	at io.apicurio.tests.ApicurioRegistryBaseIT$RegistryApiErrorWatcher.logProblemDetails(ApicurioRegistryBaseIT.java:154)
	at io.apicurio.tests.ApicurioRegistryBaseIT$RegistryApiErrorWatcher.logProblemDetails(ApicurioRegistryBaseIT.java:154)
	at io.apicurio.tests.ApicurioRegistryBaseIT$RegistryApiErrorWatcher.logProblemDetails(ApicurioRegistryBaseIT.java:154)
	at io.apicurio.tests.ApicurioRegistryBaseIT$RegistryApiErrorWatcher.logProblemDetails(ApicurioRegistryBaseIT.java:154)
	at io.apicurio.tests.ApicurioRegistryBaseIT$RegistryApiErrorWatcher.logProblemDetails(ApicurioRegistryBaseIT.java:154)
	at io.apicurio.tests.ApicurioRegistryBaseIT$RegistryApiErrorWatcher.logProblemDetails(ApicurioRegistryBaseIT.java:154)
	at io.apicurio.tests.ApicurioRegistryBaseIT$RegistryApiErrorWatcher.logProblemDetails(ApicurioRegistryBaseIT.java:154)
	at io.apicurio.tests.ApicurioRegistryBaseIT$RegistryApiErrorWatcher.logProblemDetails(ApicurioRegistryBaseIT.java:154)
	at io.apicurio.tests.ApicurioRegistryBaseIT$RegistryApiErrorWatcher.logProblemDetails(ApicurioRegistryBaseIT.java:154)
	at io.apicurio.tests.ApicurioRegistryBaseIT$RegistryApiErrorWatcher.logProblemDetails(ApicurioRegistryBaseIT.java:154)
	at io.apicurio.tests.ApicurioRegistryBaseIT$RegistryApiErrorWatcher.logProblemDetails(ApicurioRegistryBaseIT.java:154)
	at io.apicurio.tests.ApicurioRegistryBaseIT$RegistryApiErrorWatcher.logProblemDetails(ApicurioRegistryBaseIT.java:154)
	at io.apicurio.tests.ApicurioRegistryBaseIT$RegistryApiErrorWatcher.logProblemDetails(ApicurioRegistryBaseIT.java:154)
	at io.apicurio.tests.ApicurioRegistryBaseIT$RegistryApiErrorWatcher.logProblemDetails(ApicurioRegistryBaseIT.java:154)
	at io.apicurio.tests.ApicurioRegistryBaseIT$RegistryApiErrorWatcher.logProblemDetails(ApicurioRegistryBaseIT.java:154)
	at io.apicurio.tests.ApicurioRegistryBaseIT$RegistryApiErrorWatcher.logProblemDetails(ApicurioRegistryBaseIT.java:154)
	at io.apicurio.tests.ApicurioRegistryBaseIT$RegistryApiErrorWatcher.logProblemDetails(ApicurioRegistryBaseIT.java:154)
	at io.apicurio.tests.ApicurioRegistryBaseIT$RegistryApiErrorWatcher.logProblemDetails(ApicurioRegistryBaseIT.java:154)
	at io.apicurio.tests.ApicurioRegistryBaseIT$RegistryApiErrorWatcher.logProblemDetails(ApicurioRegistryBaseIT.java:154)
	at io.apicurio.tests.ApicurioRegistryBaseIT$RegistryApiErrorWatcher.logProblemDetails(ApicurioRegistryBaseIT.java:154)
	at io.apicurio.tests.ApicurioRegistryBaseIT$RegistryApiErrorWatcher.logProblemDetails(ApicurioRegistryBaseIT.java:154)
	at io.apicurio.tests.ApicurioRegistryBaseIT$RegistryApiErrorWatcher.logProblemDetails(ApicurioRegistryBaseIT.java:154)
	at io.apicurio.tests.ApicurioRegistryBaseIT$RegistryApiErrorWatcher.logProblemDetails(ApicurioRegistryBaseIT.java:154)
	at io.apicurio.tests.ApicurioRegistryBaseIT$RegistryApiErrorWatcher.logProblemDetails(ApicurioRegistryBaseIT.java:154)
	at io.apicurio.tests.ApicurioRegistryBaseIT$RegistryApiErrorWatcher.logProblemDetails(ApicurioRegistryBaseIT.java:154)
	at io.apicurio.tests.ApicurioRegistryBaseIT$RegistryApiErrorWatcher.logProblemDetails(ApicurioRegistryBaseIT.java:154)
	at io.apicurio.tests.ApicurioRegistryBaseIT$RegistryApiErrorWatcher.logProblemDetails(ApicurioRegistryBaseIT.java:154)
	at io.apicurio.tests.ApicurioRegistryBaseIT$RegistryApiErrorWatcher.logProblemDetails(ApicurioRegistryBaseIT.java:154)
	at io.apicurio.tests.ApicurioRegistryBaseIT$RegistryApiErrorWatcher.logProblemDetails(ApicurioRegistryBaseIT.java:154)
	at io.apicurio.tests.ApicurioRegistryBaseIT$RegistryApiErrorWatcher.logProblemDetails(ApicurioRegistryBaseIT.java:154)
	at io.apicurio.tests.ApicurioRegistryBaseIT$RegistryApiErrorWatcher.logProblemDetails(ApicurioRegistryBaseIT.java:154)
	at io.apicurio.tests.ApicurioRegistryBaseIT$RegistryApiErrorWatcher.logProblemDetails(ApicurioRegistryBaseIT.java:154)
	at io.apicurio.tests.ApicurioRegistryBaseIT$RegistryApiErrorWatcher.logProblemDetails(ApicurioRegistryBaseIT.java:154)
	at io.apicurio.tests.ApicurioRegistryBaseIT$RegistryApiErrorWatcher.logProblemDetails(ApicurioRegistryBaseIT.java:154)
	at io.apicurio.tests.ApicurioRegistryBaseIT$RegistryApiErrorWatcher.logProblemDetails(ApicurioRegistryBaseIT.java:154)
	at io.apicurio.tests.ApicurioRegistryBaseIT$RegistryApiErrorWatcher.logProblemDetails(ApicurioRegistryBaseIT.java:154)
	at io.apicurio.tests.ApicurioRegistryBaseIT$RegistryApiErrorWatcher.logProblemDetails(ApicurioRegistryBaseIT.java:154)
	at io.apicurio.tests.ApicurioRegistryBaseIT$RegistryApiErrorWatcher.logProblemDetails(ApicurioRegistryBaseIT.java:154)
	at io.apicurio.tests.ApicurioRegistryBaseIT$RegistryApiErrorWatcher.logProblemDetails(ApicurioRegistryBaseIT.java:154)
	at io.apicurio.tests.ApicurioRegistryBaseIT$RegistryApiErrorWatcher.logProblemDetails(ApicurioRegistryBaseIT.java:154)
	at io.apicurio.tests.ApicurioRegistryBaseIT$RegistryApiErrorWatcher.logProblemDetails(ApicurioRegistryBaseIT.java:154)
	at io.apicurio.tests.ApicurioRegistryBaseIT$RegistryApiErrorWatcher.logProblemDetails(ApicurioRegistryBaseIT.java:154)
	at io.apicurio.tests.ApicurioRegistryBaseIT$RegistryApiErrorWatcher.logProblemDetails(ApicurioRegistryBaseIT.java:154)
	at io.apicurio.tests.ApicurioRegistryBaseIT$RegistryApiErrorWatcher.logProblemDetails(ApicurioRegistryBaseIT.java:154)
	at io.apicurio.tests.ApicurioRegistryBaseIT$RegistryApiErrorWatcher.logProblemDetails(ApicurioRegistryBaseIT.java:154)
	at io.apicurio.tests.ApicurioRegistryBaseIT$RegistryApiErrorWatcher.logProblemDetails(ApicurioRegistryBaseIT.java:154)
	at io.apicurio.tests.ApicurioRegistryBaseIT$RegistryApiErrorWatcher.logProblemDetails(ApicurioRegistryBaseIT.java:154)
	at io.apicurio.tests.ApicurioRegistryBaseIT$RegistryApiErrorWatcher.logProblemDetails(ApicurioRegistryBaseIT.java:154)
	at io.apicurio.tests.ApicurioRegistryBaseIT$RegistryApiErrorWatcher.logProblemDetails(ApicurioRegistryBaseIT.java:154)
	at io.apicurio.tests.ApicurioRegistryBaseIT$RegistryApiErrorWatcher.logProblemDetails(ApicurioRegistryBaseIT.java:154)
	at io.apicurio.tests.ApicurioRegistryBaseIT$RegistryApiErrorWatcher.logProblemDetails(ApicurioRegistryBaseIT.java:154)
	at io.apicurio.tests.ApicurioRegistryBaseIT$RegistryApiErrorWatcher.logProblemDetails(ApicurioRegistryBaseIT.java:154)
	at io.apicurio.tests.ApicurioRegistryBaseIT$RegistryApiErrorWatcher.logProblemDetails(ApicurioRegistryBaseIT.java:154)
	at io.apicurio.tests.ApicurioRegistryBaseIT$RegistryApiErrorWatcher.logProblemDetails(ApicurioRegistryBaseIT.java:154)
	at io.apicurio.tests.ApicurioRegistryBaseIT$RegistryApiErrorWatcher.logProblemDetails(ApicurioRegistryBaseIT.java:154)
	at io.apicurio.tests.ApicurioRegistryBaseIT$RegistryApiErrorWatcher.logProblemDetails(ApicurioRegistryBaseIT.java:154)
	at io.apicurio.tests.ApicurioRegistryBaseIT$RegistryApiErrorWatcher.logProblemDetails(ApicurioRegistryBaseIT.java:154)
	at io.apicurio.tests.ApicurioRegistryBaseIT$RegistryApiErrorWatcher.logProblemDetails(ApicurioRegistryBaseIT.java:154)
	at io.apicurio.tests.ApicurioRegistryBaseIT$RegistryApiErrorWatcher.logProblemDetails(ApicurioRegistryBaseIT.java:154)
	at io.apicurio.tests.ApicurioRegistryBaseIT$RegistryApiErrorWatcher.logProblemDetails(ApicurioRegistryBaseIT.java:154)
	at io.apicurio.tests.ApicurioRegistryBaseIT$RegistryApiErrorWatcher.logProblemDetails(ApicurioRegistryBaseIT.java:154)
	at io.apicurio.tests.ApicurioRegistryBaseIT$RegistryApiErrorWatcher.logProblemDetails(ApicurioRegistryBaseIT.java:154)
	at io.apicurio.tests.ApicurioRegistryBaseIT$RegistryApiErrorWatcher.logProblemDetails(ApicurioRegistryBaseIT.java:154)
	at io.apicurio.tests.ApicurioRegistryBaseIT$RegistryApiErrorWatcher.logProblemDetails(ApicurioRegistryBaseIT.java:154)
	at io.apicurio.tests.ApicurioRegistryBaseIT$RegistryApiErrorWatcher.logProblemDetails(ApicurioRegistryBaseIT.java:154)
	at io.apicurio.tests.ApicurioRegistryBaseIT$RegistryApiErrorWatcher.logProblemDetails(ApicurioRegistryBaseIT.java:154)
	at io.apicurio.tests.ApicurioRegistryBaseIT$RegistryApiErrorWatcher.logProblemDetails(ApicurioRegistryBaseIT.java:154)
	at io.apicurio.tests.ApicurioRegistryBaseIT$RegistryApiErrorWatcher.logProblemDetails(ApicurioRegistryBaseIT.java:154)
	at io.apicurio.tests.ApicurioRegistryBaseIT$RegistryApiErrorWatcher.logProblemDetails(ApicurioRegistryBaseIT.java:154)
	at io.apicurio.tests.ApicurioRegistryBaseIT$RegistryApiErrorWatcher.logProblemDetails(ApicurioRegistryBaseIT.java:154)
	at io.apicurio.tests.ApicurioRegistryBaseIT$RegistryApiErrorWatcher.logProblemDetails(ApicurioRegistryBaseIT.java:154)
	at io.apicurio.tests.ApicurioRegistryBaseIT$RegistryApiErrorWatcher.logProblemDetails(ApicurioRegistryBaseIT.java:154)
	at io.apicurio.tests.ApicurioRegistryBaseIT$RegistryApiErrorWatcher.logProblemDetails(ApicurioRegistryBaseIT.java:154)
	at io.apicurio.tests.ApicurioRegistryBaseIT$RegistryApiErrorWatcher.logProblemDetails(ApicurioRegistryBaseIT.java:154)
	at io.apicurio.tests.ApicurioRegistryBaseIT$RegistryApiErrorWatcher.logProblemDetails(ApicurioRegistryBaseIT.java:154)
	at io.apicurio.tests.ApicurioRegistryBaseIT$RegistryApiErrorWatcher.logProblemDetails(ApicurioRegistryBaseIT.java:154)
	at io.apicurio.tests.ApicurioRegistryBaseIT$RegistryApiErrorWatcher.logProblemDetails(ApicurioRegistryBaseIT.java:154)
	at io.apicurio.tests.ApicurioRegistryBaseIT$RegistryApiErrorWatcher.logProblemDetails(ApicurioRegistryBaseIT.java:154)
	at io.apicurio.tests.ApicurioRegistryBaseIT$RegistryApiErrorWatcher.logProblemDetails(ApicurioRegistryBaseIT.java:154)
	at io.apicurio.tests.ApicurioRegistryBaseIT$RegistryApiErrorWatcher.logProblemDetails(ApicurioRegistryBaseIT.java:154)
	at io.apicurio.tests.ApicurioRegistryBaseIT$RegistryApiErrorWatcher.logProblemDetails(ApicurioRegistryBaseIT.java:154)
	at io.apicurio.tests.ApicurioRegistryBaseIT$RegistryApiErrorWatcher.logProblemDetails(ApicurioRegistryBaseIT.java:154)
	at io.apicurio.tests.ApicurioRegistryBaseIT$RegistryApiErrorWatcher.logProblemDetails(ApicurioRegistryBaseIT.java:154)
	at io.apicurio.tests.ApicurioRegistryBaseIT$RegistryApiErrorWatcher.logProblemDetails(ApicurioRegistryBaseIT.java:154)
	at io.apicurio.tests.ApicurioRegistryBaseIT$RegistryApiErrorWatcher.logProblemDetails(ApicurioRegistryBaseIT.java:154)
	at io.apicurio.tests.ApicurioRegistryBaseIT$RegistryApiErrorWatcher.logProblemDetails(ApicurioRegistryBaseIT.java:154)
	at io.apicurio.tests.ApicurioRegistryBaseIT$RegistryApiErrorWatcher.logProblemDetails(ApicurioRegistryBaseIT.java:154)
	at io.apicurio.tests.ApicurioRegistryBaseIT$RegistryApiErrorWatcher.logProblemDetails(ApicurioRegistryBaseIT.java:154)
	at io.apicurio.tests.ApicurioRegistryBaseIT$RegistryApiErrorWatcher.logProblemDetails(ApicurioRegistryBaseIT.java:154)
	at io.apicurio.tests.ApicurioRegistryBaseIT$RegistryApiErrorWatcher.logProblemDetails(ApicurioRegistryBaseIT.java:154)
	at io.apicurio.tests.ApicurioRegistryBaseIT$RegistryApiErrorWatcher.logProblemDetails(ApicurioRegistryBaseIT.java:154)

]]></system-out>
  </testcase>
  <testcase name="testWrongSchemaFindLatest" classname="io.apicurio.tests.serdes.apicurio.ProtobufSerdeIT" time="0.047">
    <error type="io.apicurio.registry.rest.client.models.RuleViolationProblemDetails"><![CDATA[io.apicurio.registry.rest.client.models.RuleViolationProblemDetails
	at io.apicurio.registry.rest.client.models.RuleViolationProblemDetails.createFromDiscriminatorValue(RuleViolationProblemDetails.java:62)
	at io.kiota.serialization.json.JsonParseNode.getObjectValue(JsonParseNode.java:247)
	at io.kiota.http.vertx.VertXRequestAdapter.lambda$throwIfFailedResponse$0(VertXRequestAdapter.java:400)
	at com.microsoft.kiota.ApiExceptionBuilder.<init>(ApiExceptionBuilder.java:26)
	at io.kiota.http.vertx.VertXRequestAdapter.throwIfFailedResponse(VertXRequestAdapter.java:399)
	at io.kiota.http.vertx.VertXRequestAdapter.send(VertXRequestAdapter.java:170)
	at io.apicurio.registry.rest.client.groups.item.artifacts.ArtifactsRequestBuilder.post(ArtifactsRequestBuilder.java:130)
	at io.apicurio.tests.ApicurioRegistryBaseIT.createArtifact(ApicurioRegistryBaseIT.java:184)
	at io.apicurio.tests.serdes.apicurio.ProtobufSerdeIT.testWrongSchemaFindLatest(ProtobufSerdeIT.java:119)
	at java.base/java.lang.reflect.Method.invoke(Method.java:569)
	at java.base/java.util.ArrayList.forEach(ArrayList.java:1511)
	at java.base/java.util.ArrayList.forEach(ArrayList.java:1511)
]]></error>
    <system-out><![CDATA[2025-07-31 17:05:34,893 INFO  [io.api.tes.uti.TestSeparator] (main) ############################################################################
2025-07-31 17:05:34,894 INFO  [io.api.tes.uti.TestSeparator] (main) io.apicurio.tests.serdes.apicurio.ProtobufSerdeIT.testWrongSchemaFindLatest-STARTED
2025-07-31 17:05:34,914 INFO  [io.api.tes.uti.TestSeparator] (main) io.apicurio.tests.serdes.apicurio.ProtobufSerdeIT.testWrongSchemaFindLatest-FINISHED
2025-07-31 17:05:34,914 INFO  [io.api.tes.uti.TestSeparator] (main) ############################################################################
2025-07-31 17:05:34,915 ERROR [io.api.reg.uti.tes.TestUtils] (main) === TEST FAILED ===
2025-07-31 17:05:34,915 ERROR [io.api.reg.uti.tes.TestUtils] (main) Class: class io.apicurio.tests.serdes.apicurio.ProtobufSerdeIT
2025-07-31 17:05:34,915 ERROR [io.api.reg.uti.tes.TestUtils] (main) Test:  testWrongSchemaFindLatest
2025-07-31 17:05:34,915 ERROR [io.api.reg.uti.tes.TestUtils] (main) ID:    [engine:junit-jupiter]/[class:io.apicurio.tests.serdes.apicurio.ProtobufSerdeIT]/[method:testWrongSchemaFindLatest()]
2025-07-31 17:05:34,915 ERROR [io.api.reg.uti.tes.TestUtils] (main) Error: RuleViolationProblemDetails - null
2025-07-31 17:05:34,915 ERROR [io.api.reg.uti.tes.TestUtils] (main) Rule Violation Problem Details
2025-07-31 17:05:34,932 WARNING [org.jun.jup.eng.des.MethodBasedTestDescriptor] (main) Failed to invoke TestWatcher [io.apicurio.tests.ApicurioRegistryBaseIT$RegistryApiErrorWatcher] for method [io.apicurio.tests.serdes.apicurio.ProtobufSerdeIT#testWrongSchemaFindLatest()] with display name [testWrongSchemaFindLatest]: java.lang.StackOverflowError
	at io.apicurio.tests.ApicurioRegistryBaseIT$RegistryApiErrorWatcher.logProblemDetails(ApicurioRegistryBaseIT.java:154)
	at io.apicurio.tests.ApicurioRegistryBaseIT$RegistryApiErrorWatcher.logProblemDetails(ApicurioRegistryBaseIT.java:154)
	at io.apicurio.tests.ApicurioRegistryBaseIT$RegistryApiErrorWatcher.logProblemDetails(ApicurioRegistryBaseIT.java:154)
	at io.apicurio.tests.ApicurioRegistryBaseIT$RegistryApiErrorWatcher.logProblemDetails(ApicurioRegistryBaseIT.java:154)
	at io.apicurio.tests.ApicurioRegistryBaseIT$RegistryApiErrorWatcher.logProblemDetails(ApicurioRegistryBaseIT.java:154)
	at io.apicurio.tests.ApicurioRegistryBaseIT$RegistryApiErrorWatcher.logProblemDetails(ApicurioRegistryBaseIT.java:154)
	at io.apicurio.tests.ApicurioRegistryBaseIT$RegistryApiErrorWatcher.logProblemDetails(ApicurioRegistryBaseIT.java:154)
	at io.apicurio.tests.ApicurioRegistryBaseIT$RegistryApiErrorWatcher.logProblemDetails(ApicurioRegistryBaseIT.java:154)
	at io.apicurio.tests.ApicurioRegistryBaseIT$RegistryApiErrorWatcher.logProblemDetails(ApicurioRegistryBaseIT.java:154)
	at io.apicurio.tests.ApicurioRegistryBaseIT$RegistryApiErrorWatcher.logProblemDetails(ApicurioRegistryBaseIT.java:154)
	at io.apicurio.tests.ApicurioRegistryBaseIT$RegistryApiErrorWatcher.logProblemDetails(ApicurioRegistryBaseIT.java:154)
	at io.apicurio.tests.ApicurioRegistryBaseIT$RegistryApiErrorWatcher.logProblemDetails(ApicurioRegistryBaseIT.java:154)
	at io.apicurio.tests.ApicurioRegistryBaseIT$RegistryApiErrorWatcher.logProblemDetails(ApicurioRegistryBaseIT.java:154)
	at io.apicurio.tests.ApicurioRegistryBaseIT$RegistryApiErrorWatcher.logProblemDetails(ApicurioRegistryBaseIT.java:154)
	at io.apicurio.tests.ApicurioRegistryBaseIT$RegistryApiErrorWatcher.logProblemDetails(ApicurioRegistryBaseIT.java:154)
	at io.apicurio.tests.ApicurioRegistryBaseIT$RegistryApiErrorWatcher.logProblemDetails(ApicurioRegistryBaseIT.java:154)
	at io.apicurio.tests.ApicurioRegistryBaseIT$RegistryApiErrorWatcher.logProblemDetails(ApicurioRegistryBaseIT.java:154)
	at io.apicurio.tests.ApicurioRegistryBaseIT$RegistryApiErrorWatcher.logProblemDetails(ApicurioRegistryBaseIT.java:154)
	at io.apicurio.tests.ApicurioRegistryBaseIT$RegistryApiErrorWatcher.logProblemDetails(ApicurioRegistryBaseIT.java:154)
	at io.apicurio.tests.ApicurioRegistryBaseIT$RegistryApiErrorWatcher.logProblemDetails(ApicurioRegistryBaseIT.java:154)
	at io.apicurio.tests.ApicurioRegistryBaseIT$RegistryApiErrorWatcher.logProblemDetails(ApicurioRegistryBaseIT.java:154)
	at io.apicurio.tests.ApicurioRegistryBaseIT$RegistryApiErrorWatcher.logProblemDetails(ApicurioRegistryBaseIT.java:154)
	at io.apicurio.tests.ApicurioRegistryBaseIT$RegistryApiErrorWatcher.logProblemDetails(ApicurioRegistryBaseIT.java:154)
	at io.apicurio.tests.ApicurioRegistryBaseIT$RegistryApiErrorWatcher.logProblemDetails(ApicurioRegistryBaseIT.java:154)
	at io.apicurio.tests.ApicurioRegistryBaseIT$RegistryApiErrorWatcher.logProblemDetails(ApicurioRegistryBaseIT.java:154)
	at io.apicurio.tests.ApicurioRegistryBaseIT$RegistryApiErrorWatcher.logProblemDetails(ApicurioRegistryBaseIT.java:154)
	at io.apicurio.tests.ApicurioRegistryBaseIT$RegistryApiErrorWatcher.logProblemDetails(ApicurioRegistryBaseIT.java:154)
	at io.apicurio.tests.ApicurioRegistryBaseIT$RegistryApiErrorWatcher.logProblemDetails(ApicurioRegistryBaseIT.java:154)
	at io.apicurio.tests.ApicurioRegistryBaseIT$RegistryApiErrorWatcher.logProblemDetails(ApicurioRegistryBaseIT.java:154)
	at io.apicurio.tests.ApicurioRegistryBaseIT$RegistryApiErrorWatcher.logProblemDetails(ApicurioRegistryBaseIT.java:154)
	at io.apicurio.tests.ApicurioRegistryBaseIT$RegistryApiErrorWatcher.logProblemDetails(ApicurioRegistryBaseIT.java:154)
	at io.apicurio.tests.ApicurioRegistryBaseIT$RegistryApiErrorWatcher.logProblemDetails(ApicurioRegistryBaseIT.java:154)
	at io.apicurio.tests.ApicurioRegistryBaseIT$RegistryApiErrorWatcher.logProblemDetails(ApicurioRegistryBaseIT.java:154)
	at io.apicurio.tests.ApicurioRegistryBaseIT$RegistryApiErrorWatcher.logProblemDetails(ApicurioRegistryBaseIT.java:154)
	at io.apicurio.tests.ApicurioRegistryBaseIT$RegistryApiErrorWatcher.logProblemDetails(ApicurioRegistryBaseIT.java:154)
	at io.apicurio.tests.ApicurioRegistryBaseIT$RegistryApiErrorWatcher.logProblemDetails(ApicurioRegistryBaseIT.java:154)
	at io.apicurio.tests.ApicurioRegistryBaseIT$RegistryApiErrorWatcher.logProblemDetails(ApicurioRegistryBaseIT.java:154)
	at io.apicurio.tests.ApicurioRegistryBaseIT$RegistryApiErrorWatcher.logProblemDetails(ApicurioRegistryBaseIT.java:154)
	at io.apicurio.tests.ApicurioRegistryBaseIT$RegistryApiErrorWatcher.logProblemDetails(ApicurioRegistryBaseIT.java:154)
	at io.apicurio.tests.ApicurioRegistryBaseIT$RegistryApiErrorWatcher.logProblemDetails(ApicurioRegistryBaseIT.java:154)
	at io.apicurio.tests.ApicurioRegistryBaseIT$RegistryApiErrorWatcher.logProblemDetails(ApicurioRegistryBaseIT.java:154)
	at io.apicurio.tests.ApicurioRegistryBaseIT$RegistryApiErrorWatcher.logProblemDetails(ApicurioRegistryBaseIT.java:154)
	at io.apicurio.tests.ApicurioRegistryBaseIT$RegistryApiErrorWatcher.logProblemDetails(ApicurioRegistryBaseIT.java:154)
	at io.apicurio.tests.ApicurioRegistryBaseIT$RegistryApiErrorWatcher.logProblemDetails(ApicurioRegistryBaseIT.java:154)
	at io.apicurio.tests.ApicurioRegistryBaseIT$RegistryApiErrorWatcher.logProblemDetails(ApicurioRegistryBaseIT.java:154)
	at io.apicurio.tests.ApicurioRegistryBaseIT$RegistryApiErrorWatcher.logProblemDetails(ApicurioRegistryBaseIT.java:154)
	at io.apicurio.tests.ApicurioRegistryBaseIT$RegistryApiErrorWatcher.logProblemDetails(ApicurioRegistryBaseIT.java:154)
	at io.apicurio.tests.ApicurioRegistryBaseIT$RegistryApiErrorWatcher.logProblemDetails(ApicurioRegistryBaseIT.java:154)
	at io.apicurio.tests.ApicurioRegistryBaseIT$RegistryApiErrorWatcher.logProblemDetails(ApicurioRegistryBaseIT.java:154)
	at io.apicurio.tests.ApicurioRegistryBaseIT$RegistryApiErrorWatcher.logProblemDetails(ApicurioRegistryBaseIT.java:154)
	at io.apicurio.tests.ApicurioRegistryBaseIT$RegistryApiErrorWatcher.logProblemDetails(ApicurioRegistryBaseIT.java:154)
	at io.apicurio.tests.ApicurioRegistryBaseIT$RegistryApiErrorWatcher.logProblemDetails(ApicurioRegistryBaseIT.java:154)
	at io.apicurio.tests.ApicurioRegistryBaseIT$RegistryApiErrorWatcher.logProblemDetails(ApicurioRegistryBaseIT.java:154)
	at io.apicurio.tests.ApicurioRegistryBaseIT$RegistryApiErrorWatcher.logProblemDetails(ApicurioRegistryBaseIT.java:154)
	at io.apicurio.tests.ApicurioRegistryBaseIT$RegistryApiErrorWatcher.logProblemDetails(ApicurioRegistryBaseIT.java:154)
	at io.apicurio.tests.ApicurioRegistryBaseIT$RegistryApiErrorWatcher.logProblemDetails(ApicurioRegistryBaseIT.java:154)
	at io.apicurio.tests.ApicurioRegistryBaseIT$RegistryApiErrorWatcher.logProblemDetails(ApicurioRegistryBaseIT.java:154)
	at io.apicurio.tests.ApicurioRegistryBaseIT$RegistryApiErrorWatcher.logProblemDetails(ApicurioRegistryBaseIT.java:154)
	at io.apicurio.tests.ApicurioRegistryBaseIT$RegistryApiErrorWatcher.logProblemDetails(ApicurioRegistryBaseIT.java:154)
	at io.apicurio.tests.ApicurioRegistryBaseIT$RegistryApiErrorWatcher.logProblemDetails(ApicurioRegistryBaseIT.java:154)
	at io.apicurio.tests.ApicurioRegistryBaseIT$RegistryApiErrorWatcher.logProblemDetails(ApicurioRegistryBaseIT.java:154)
	at io.apicurio.tests.ApicurioRegistryBaseIT$RegistryApiErrorWatcher.logProblemDetails(ApicurioRegistryBaseIT.java:154)
	at io.apicurio.tests.ApicurioRegistryBaseIT$RegistryApiErrorWatcher.logProblemDetails(ApicurioRegistryBaseIT.java:154)
	at io.apicurio.tests.ApicurioRegistryBaseIT$RegistryApiErrorWatcher.logProblemDetails(ApicurioRegistryBaseIT.java:154)
	at io.apicurio.tests.ApicurioRegistryBaseIT$RegistryApiErrorWatcher.logProblemDetails(ApicurioRegistryBaseIT.java:154)
	at io.apicurio.tests.ApicurioRegistryBaseIT$RegistryApiErrorWatcher.logProblemDetails(ApicurioRegistryBaseIT.java:154)
	at io.apicurio.tests.ApicurioRegistryBaseIT$RegistryApiErrorWatcher.logProblemDetails(ApicurioRegistryBaseIT.java:154)
	at io.apicurio.tests.ApicurioRegistryBaseIT$RegistryApiErrorWatcher.logProblemDetails(ApicurioRegistryBaseIT.java:154)
	at io.apicurio.tests.ApicurioRegistryBaseIT$RegistryApiErrorWatcher.logProblemDetails(ApicurioRegistryBaseIT.java:154)
	at io.apicurio.tests.ApicurioRegistryBaseIT$RegistryApiErrorWatcher.logProblemDetails(ApicurioRegistryBaseIT.java:154)
	at io.apicurio.tests.ApicurioRegistryBaseIT$RegistryApiErrorWatcher.logProblemDetails(ApicurioRegistryBaseIT.java:154)
	at io.apicurio.tests.ApicurioRegistryBaseIT$RegistryApiErrorWatcher.logProblemDetails(ApicurioRegistryBaseIT.java:154)
	at io.apicurio.tests.ApicurioRegistryBaseIT$RegistryApiErrorWatcher.logProblemDetails(ApicurioRegistryBaseIT.java:154)
	at io.apicurio.tests.ApicurioRegistryBaseIT$RegistryApiErrorWatcher.logProblemDetails(ApicurioRegistryBaseIT.java:154)
	at io.apicurio.tests.ApicurioRegistryBaseIT$RegistryApiErrorWatcher.logProblemDetails(ApicurioRegistryBaseIT.java:154)
	at io.apicurio.tests.ApicurioRegistryBaseIT$RegistryApiErrorWatcher.logProblemDetails(ApicurioRegistryBaseIT.java:154)
	at io.apicurio.tests.ApicurioRegistryBaseIT$RegistryApiErrorWatcher.logProblemDetails(ApicurioRegistryBaseIT.java:154)
	at io.apicurio.tests.ApicurioRegistryBaseIT$RegistryApiErrorWatcher.logProblemDetails(ApicurioRegistryBaseIT.java:154)
	at io.apicurio.tests.ApicurioRegistryBaseIT$RegistryApiErrorWatcher.logProblemDetails(ApicurioRegistryBaseIT.java:154)
	at io.apicurio.tests.ApicurioRegistryBaseIT$RegistryApiErrorWatcher.logProblemDetails(ApicurioRegistryBaseIT.java:154)
	at io.apicurio.tests.ApicurioRegistryBaseIT$RegistryApiErrorWatcher.logProblemDetails(ApicurioRegistryBaseIT.java:154)
	at io.apicurio.tests.ApicurioRegistryBaseIT$RegistryApiErrorWatcher.logProblemDetails(ApicurioRegistryBaseIT.java:154)
	at io.apicurio.tests.ApicurioRegistryBaseIT$RegistryApiErrorWatcher.logProblemDetails(ApicurioRegistryBaseIT.java:154)
	at io.apicurio.tests.ApicurioRegistryBaseIT$RegistryApiErrorWatcher.logProblemDetails(ApicurioRegistryBaseIT.java:154)
	at io.apicurio.tests.ApicurioRegistryBaseIT$RegistryApiErrorWatcher.logProblemDetails(ApicurioRegistryBaseIT.java:154)
	at io.apicurio.tests.ApicurioRegistryBaseIT$RegistryApiErrorWatcher.logProblemDetails(ApicurioRegistryBaseIT.java:154)
	at io.apicurio.tests.ApicurioRegistryBaseIT$RegistryApiErrorWatcher.logProblemDetails(ApicurioRegistryBaseIT.java:154)
	at io.apicurio.tests.ApicurioRegistryBaseIT$RegistryApiErrorWatcher.logProblemDetails(ApicurioRegistryBaseIT.java:154)
	at io.apicurio.tests.ApicurioRegistryBaseIT$RegistryApiErrorWatcher.logProblemDetails(ApicurioRegistryBaseIT.java:154)
	at io.apicurio.tests.ApicurioRegistryBaseIT$RegistryApiErrorWatcher.logProblemDetails(ApicurioRegistryBaseIT.java:154)
	at io.apicurio.tests.ApicurioRegistryBaseIT$RegistryApiErrorWatcher.logProblemDetails(ApicurioRegistryBaseIT.java:154)
	at io.apicurio.tests.ApicurioRegistryBaseIT$RegistryApiErrorWatcher.logProblemDetails(ApicurioRegistryBaseIT.java:154)
	at io.apicurio.tests.ApicurioRegistryBaseIT$RegistryApiErrorWatcher.logProblemDetails(ApicurioRegistryBaseIT.java:154)
	at io.apicurio.tests.ApicurioRegistryBaseIT$RegistryApiErrorWatcher.logProblemDetails(ApicurioRegistryBaseIT.java:154)
	at io.apicurio.tests.ApicurioRegistryBaseIT$RegistryApiErrorWatcher.logProblemDetails(ApicurioRegistryBaseIT.java:154)
	at io.apicurio.tests.ApicurioRegistryBaseIT$RegistryApiErrorWatcher.logProblemDetails(ApicurioRegistryBaseIT.java:154)
	at io.apicurio.tests.ApicurioRegistryBaseIT$RegistryApiErrorWatcher.logProblemDetails(ApicurioRegistryBaseIT.java:154)
	at io.apicurio.tests.ApicurioRegistryBaseIT$RegistryApiErrorWatcher.logProblemDetails(ApicurioRegistryBaseIT.java:154)
	at io.apicurio.tests.ApicurioRegistryBaseIT$RegistryApiErrorWatcher.logProblemDetails(ApicurioRegistryBaseIT.java:154)
	at io.apicurio.tests.ApicurioRegistryBaseIT$RegistryApiErrorWatcher.logProblemDetails(ApicurioRegistryBaseIT.java:154)
	at io.apicurio.tests.ApicurioRegistryBaseIT$RegistryApiErrorWatcher.logProblemDetails(ApicurioRegistryBaseIT.java:154)
	at io.apicurio.tests.ApicurioRegistryBaseIT$RegistryApiErrorWatcher.logProblemDetails(ApicurioRegistryBaseIT.java:154)
	at io.apicurio.tests.ApicurioRegistryBaseIT$RegistryApiErrorWatcher.logProblemDetails(ApicurioRegistryBaseIT.java:154)
	at io.apicurio.tests.ApicurioRegistryBaseIT$RegistryApiErrorWatcher.logProblemDetails(ApicurioRegistryBaseIT.java:154)
	at io.apicurio.tests.ApicurioRegistryBaseIT$RegistryApiErrorWatcher.logProblemDetails(ApicurioRegistryBaseIT.java:154)
	at io.apicurio.tests.ApicurioRegistryBaseIT$RegistryApiErrorWatcher.logProblemDetails(ApicurioRegistryBaseIT.java:154)
	at io.apicurio.tests.ApicurioRegistryBaseIT$RegistryApiErrorWatcher.logProblemDetails(ApicurioRegistryBaseIT.java:154)
	at io.apicurio.tests.ApicurioRegistryBaseIT$RegistryApiErrorWatcher.logProblemDetails(ApicurioRegistryBaseIT.java:154)
	at io.apicurio.tests.ApicurioRegistryBaseIT$RegistryApiErrorWatcher.logProblemDetails(ApicurioRegistryBaseIT.java:154)
	at io.apicurio.tests.ApicurioRegistryBaseIT$RegistryApiErrorWatcher.logProblemDetails(ApicurioRegistryBaseIT.java:154)
	at io.apicurio.tests.ApicurioRegistryBaseIT$RegistryApiErrorWatcher.logProblemDetails(ApicurioRegistryBaseIT.java:154)
	at io.apicurio.tests.ApicurioRegistryBaseIT$RegistryApiErrorWatcher.logProblemDetails(ApicurioRegistryBaseIT.java:154)
	at io.apicurio.tests.ApicurioRegistryBaseIT$RegistryApiErrorWatcher.logProblemDetails(ApicurioRegistryBaseIT.java:154)
	at io.apicurio.tests.ApicurioRegistryBaseIT$RegistryApiErrorWatcher.logProblemDetails(ApicurioRegistryBaseIT.java:154)
	at io.apicurio.tests.ApicurioRegistryBaseIT$RegistryApiErrorWatcher.logProblemDetails(ApicurioRegistryBaseIT.java:154)
	at io.apicurio.tests.ApicurioRegistryBaseIT$RegistryApiErrorWatcher.logProblemDetails(ApicurioRegistryBaseIT.java:154)
	at io.apicurio.tests.ApicurioRegistryBaseIT$RegistryApiErrorWatcher.logProblemDetails(ApicurioRegistryBaseIT.java:154)
	at io.apicurio.tests.ApicurioRegistryBaseIT$RegistryApiErrorWatcher.logProblemDetails(ApicurioRegistryBaseIT.java:154)
	at io.apicurio.tests.ApicurioRegistryBaseIT$RegistryApiErrorWatcher.logProblemDetails(ApicurioRegistryBaseIT.java:154)
	at io.apicurio.tests.ApicurioRegistryBaseIT$RegistryApiErrorWatcher.logProblemDetails(ApicurioRegistryBaseIT.java:154)
	at io.apicurio.tests.ApicurioRegistryBaseIT$RegistryApiErrorWatcher.logProblemDetails(ApicurioRegistryBaseIT.java:154)
	at io.apicurio.tests.ApicurioRegistryBaseIT$RegistryApiErrorWatcher.logProblemDetails(ApicurioRegistryBaseIT.java:154)
	at io.apicurio.tests.ApicurioRegistryBaseIT$RegistryApiErrorWatcher.logProblemDetails(ApicurioRegistryBaseIT.java:154)
	at io.apicurio.tests.ApicurioRegistryBaseIT$RegistryApiErrorWatcher.logProblemDetails(ApicurioRegistryBaseIT.java:154)
	at io.apicurio.tests.ApicurioRegistryBaseIT$RegistryApiErrorWatcher.logProblemDetails(ApicurioRegistryBaseIT.java:154)
	at io.apicurio.tests.ApicurioRegistryBaseIT$RegistryApiErrorWatcher.logProblemDetails(ApicurioRegistryBaseIT.java:154)
	at io.apicurio.tests.ApicurioRegistryBaseIT$RegistryApiErrorWatcher.logProblemDetails(ApicurioRegistryBaseIT.java:154)
	at io.apicurio.tests.ApicurioRegistryBaseIT$RegistryApiErrorWatcher.logProblemDetails(ApicurioRegistryBaseIT.java:154)
	at io.apicurio.tests.ApicurioRegistryBaseIT$RegistryApiErrorWatcher.logProblemDetails(ApicurioRegistryBaseIT.java:154)
	at io.apicurio.tests.ApicurioRegistryBaseIT$RegistryApiErrorWatcher.logProblemDetails(ApicurioRegistryBaseIT.java:154)
	at io.apicurio.tests.ApicurioRegistryBaseIT$RegistryApiErrorWatcher.logProblemDetails(ApicurioRegistryBaseIT.java:154)
	at io.apicurio.tests.ApicurioRegistryBaseIT$RegistryApiErrorWatcher.logProblemDetails(ApicurioRegistryBaseIT.java:154)
	at io.apicurio.tests.ApicurioRegistryBaseIT$RegistryApiErrorWatcher.logProblemDetails(ApicurioRegistryBaseIT.java:154)
	at io.apicurio.tests.ApicurioRegistryBaseIT$RegistryApiErrorWatcher.logProblemDetails(ApicurioRegistryBaseIT.java:154)
	at io.apicurio.tests.ApicurioRegistryBaseIT$RegistryApiErrorWatcher.logProblemDetails(ApicurioRegistryBaseIT.java:154)
	at io.apicurio.tests.ApicurioRegistryBaseIT$RegistryApiErrorWatcher.logProblemDetails(ApicurioRegistryBaseIT.java:154)
	at io.apicurio.tests.ApicurioRegistryBaseIT$RegistryApiErrorWatcher.logProblemDetails(ApicurioRegistryBaseIT.java:154)
	at io.apicurio.tests.ApicurioRegistryBaseIT$RegistryApiErrorWatcher.logProblemDetails(ApicurioRegistryBaseIT.java:154)
	at io.apicurio.tests.ApicurioRegistryBaseIT$RegistryApiErrorWatcher.logProblemDetails(ApicurioRegistryBaseIT.java:154)
	at io.apicurio.tests.ApicurioRegistryBaseIT$RegistryApiErrorWatcher.logProblemDetails(ApicurioRegistryBaseIT.java:154)
	at io.apicurio.tests.ApicurioRegistryBaseIT$RegistryApiErrorWatcher.logProblemDetails(ApicurioRegistryBaseIT.java:154)
	at io.apicurio.tests.ApicurioRegistryBaseIT$RegistryApiErrorWatcher.logProblemDetails(ApicurioRegistryBaseIT.java:154)
	at io.apicurio.tests.ApicurioRegistryBaseIT$RegistryApiErrorWatcher.logProblemDetails(ApicurioRegistryBaseIT.java:154)
	at io.apicurio.tests.ApicurioRegistryBaseIT$RegistryApiErrorWatcher.logProblemDetails(ApicurioRegistryBaseIT.java:154)
	at io.apicurio.tests.ApicurioRegistryBaseIT$RegistryApiErrorWatcher.logProblemDetails(ApicurioRegistryBaseIT.java:154)
	at io.apicurio.tests.ApicurioRegistryBaseIT$RegistryApiErrorWatcher.logProblemDetails(ApicurioRegistryBaseIT.java:154)
	at io.apicurio.tests.ApicurioRegistryBaseIT$RegistryApiErrorWatcher.logProblemDetails(ApicurioRegistryBaseIT.java:154)
	at io.apicurio.tests.ApicurioRegistryBaseIT$RegistryApiErrorWatcher.logProblemDetails(ApicurioRegistryBaseIT.java:154)
	at io.apicurio.tests.ApicurioRegistryBaseIT$RegistryApiErrorWatcher.logProblemDetails(ApicurioRegistryBaseIT.java:154)
	at io.apicurio.tests.ApicurioRegistryBaseIT$RegistryApiErrorWatcher.logProblemDetails(ApicurioRegistryBaseIT.java:154)
	at io.apicurio.tests.ApicurioRegistryBaseIT$RegistryApiErrorWatcher.logProblemDetails(ApicurioRegistryBaseIT.java:154)
	at io.apicurio.tests.ApicurioRegistryBaseIT$RegistryApiErrorWatcher.logProblemDetails(ApicurioRegistryBaseIT.java:154)
	at io.apicurio.tests.ApicurioRegistryBaseIT$RegistryApiErrorWatcher.logProblemDetails(ApicurioRegistryBaseIT.java:154)
	at io.apicurio.tests.ApicurioRegistryBaseIT$RegistryApiErrorWatcher.logProblemDetails(ApicurioRegistryBaseIT.java:154)
	at io.apicurio.tests.ApicurioRegistryBaseIT$RegistryApiErrorWatcher.logProblemDetails(ApicurioRegistryBaseIT.java:154)
	at io.apicurio.tests.ApicurioRegistryBaseIT$RegistryApiErrorWatcher.logProblemDetails(ApicurioRegistryBaseIT.java:154)
	at io.apicurio.tests.ApicurioRegistryBaseIT$RegistryApiErrorWatcher.logProblemDetails(ApicurioRegistryBaseIT.java:154)
	at io.apicurio.tests.ApicurioRegistryBaseIT$RegistryApiErrorWatcher.logProblemDetails(ApicurioRegistryBaseIT.java:154)
	at io.apicurio.tests.ApicurioRegistryBaseIT$RegistryApiErrorWatcher.logProblemDetails(ApicurioRegistryBaseIT.java:154)
	at io.apicurio.tests.ApicurioRegistryBaseIT$RegistryApiErrorWatcher.logProblemDetails(ApicurioRegistryBaseIT.java:154)
	at io.apicurio.tests.ApicurioRegistryBaseIT$RegistryApiErrorWatcher.logProblemDetails(ApicurioRegistryBaseIT.java:154)
	at io.apicurio.tests.ApicurioRegistryBaseIT$RegistryApiErrorWatcher.logProblemDetails(ApicurioRegistryBaseIT.java:154)
	at io.apicurio.tests.ApicurioRegistryBaseIT$RegistryApiErrorWatcher.logProblemDetails(ApicurioRegistryBaseIT.java:154)
	at io.apicurio.tests.ApicurioRegistryBaseIT$RegistryApiErrorWatcher.logProblemDetails(ApicurioRegistryBaseIT.java:154)
	at io.apicurio.tests.ApicurioRegistryBaseIT$RegistryApiErrorWatcher.logProblemDetails(ApicurioRegistryBaseIT.java:154)
	at io.apicurio.tests.ApicurioRegistryBaseIT$RegistryApiErrorWatcher.logProblemDetails(ApicurioRegistryBaseIT.java:154)
	at io.apicurio.tests.ApicurioRegistryBaseIT$RegistryApiErrorWatcher.logProblemDetails(ApicurioRegistryBaseIT.java:154)
	at io.apicurio.tests.ApicurioRegistryBaseIT$RegistryApiErrorWatcher.logProblemDetails(ApicurioRegistryBaseIT.java:154)
	at io.apicurio.tests.ApicurioRegistryBaseIT$RegistryApiErrorWatcher.logProblemDetails(ApicurioRegistryBaseIT.java:154)
	at io.apicurio.tests.ApicurioRegistryBaseIT$RegistryApiErrorWatcher.logProblemDetails(ApicurioRegistryBaseIT.java:154)
	at io.apicurio.tests.ApicurioRegistryBaseIT$RegistryApiErrorWatcher.logProblemDetails(ApicurioRegistryBaseIT.java:154)
	at io.apicurio.tests.ApicurioRegistryBaseIT$RegistryApiErrorWatcher.logProblemDetails(ApicurioRegistryBaseIT.java:154)
	at io.apicurio.tests.ApicurioRegistryBaseIT$RegistryApiErrorWatcher.logProblemDetails(ApicurioRegistryBaseIT.java:154)
	at io.apicurio.tests.ApicurioRegistryBaseIT$RegistryApiErrorWatcher.logProblemDetails(ApicurioRegistryBaseIT.java:154)
	at io.apicurio.tests.ApicurioRegistryBaseIT$RegistryApiErrorWatcher.logProblemDetails(ApicurioRegistryBaseIT.java:154)
	at io.apicurio.tests.ApicurioRegistryBaseIT$RegistryApiErrorWatcher.logProblemDetails(ApicurioRegistryBaseIT.java:154)
	at io.apicurio.tests.ApicurioRegistryBaseIT$RegistryApiErrorWatcher.logProblemDetails(ApicurioRegistryBaseIT.java:154)
	at io.apicurio.tests.ApicurioRegistryBaseIT$RegistryApiErrorWatcher.logProblemDetails(ApicurioRegistryBaseIT.java:154)
	at io.apicurio.tests.ApicurioRegistryBaseIT$RegistryApiErrorWatcher.logProblemDetails(ApicurioRegistryBaseIT.java:154)
	at io.apicurio.tests.ApicurioRegistryBaseIT$RegistryApiErrorWatcher.logProblemDetails(ApicurioRegistryBaseIT.java:154)
	at io.apicurio.tests.ApicurioRegistryBaseIT$RegistryApiErrorWatcher.logProblemDetails(ApicurioRegistryBaseIT.java:154)
	at io.apicurio.tests.ApicurioRegistryBaseIT$RegistryApiErrorWatcher.logProblemDetails(ApicurioRegistryBaseIT.java:154)
	at io.apicurio.tests.ApicurioRegistryBaseIT$RegistryApiErrorWatcher.logProblemDetails(ApicurioRegistryBaseIT.java:154)
	at io.apicurio.tests.ApicurioRegistryBaseIT$RegistryApiErrorWatcher.logProblemDetails(ApicurioRegistryBaseIT.java:154)
	at io.apicurio.tests.ApicurioRegistryBaseIT$RegistryApiErrorWatcher.logProblemDetails(ApicurioRegistryBaseIT.java:154)
	at io.apicurio.tests.ApicurioRegistryBaseIT$RegistryApiErrorWatcher.logProblemDetails(ApicurioRegistryBaseIT.java:154)
	at io.apicurio.tests.ApicurioRegistryBaseIT$RegistryApiErrorWatcher.logProblemDetails(ApicurioRegistryBaseIT.java:154)
	at io.apicurio.tests.ApicurioRegistryBaseIT$RegistryApiErrorWatcher.logProblemDetails(ApicurioRegistryBaseIT.java:154)
	at io.apicurio.tests.ApicurioRegistryBaseIT$RegistryApiErrorWatcher.logProblemDetails(ApicurioRegistryBaseIT.java:154)
	at io.apicurio.tests.ApicurioRegistryBaseIT$RegistryApiErrorWatcher.logProblemDetails(ApicurioRegistryBaseIT.java:154)
	at io.apicurio.tests.ApicurioRegistryBaseIT$RegistryApiErrorWatcher.logProblemDetails(ApicurioRegistryBaseIT.java:154)
	at io.apicurio.tests.ApicurioRegistryBaseIT$RegistryApiErrorWatcher.logProblemDetails(ApicurioRegistryBaseIT.java:154)
	at io.apicurio.tests.ApicurioRegistryBaseIT$RegistryApiErrorWatcher.logProblemDetails(ApicurioRegistryBaseIT.java:154)
	at io.apicurio.tests.ApicurioRegistryBaseIT$RegistryApiErrorWatcher.logProblemDetails(ApicurioRegistryBaseIT.java:154)
	at io.apicurio.tests.ApicurioRegistryBaseIT$RegistryApiErrorWatcher.logProblemDetails(ApicurioRegistryBaseIT.java:154)
	at io.apicurio.tests.ApicurioRegistryBaseIT$RegistryApiErrorWatcher.logProblemDetails(ApicurioRegistryBaseIT.java:154)
	at io.apicurio.tests.ApicurioRegistryBaseIT$RegistryApiErrorWatcher.logProblemDetails(ApicurioRegistryBaseIT.java:154)
	at io.apicurio.tests.ApicurioRegistryBaseIT$RegistryApiErrorWatcher.logProblemDetails(ApicurioRegistryBaseIT.java:154)
	at io.apicurio.tests.ApicurioRegistryBaseIT$RegistryApiErrorWatcher.logProblemDetails(ApicurioRegistryBaseIT.java:154)
	at io.apicurio.tests.ApicurioRegistryBaseIT$RegistryApiErrorWatcher.logProblemDetails(ApicurioRegistryBaseIT.java:154)
	at io.apicurio.tests.ApicurioRegistryBaseIT$RegistryApiErrorWatcher.logProblemDetails(ApicurioRegistryBaseIT.java:154)
	at io.apicurio.tests.ApicurioRegistryBaseIT$RegistryApiErrorWatcher.logProblemDetails(ApicurioRegistryBaseIT.java:154)
	at io.apicurio.tests.ApicurioRegistryBaseIT$RegistryApiErrorWatcher.logProblemDetails(ApicurioRegistryBaseIT.java:154)
	at io.apicurio.tests.ApicurioRegistryBaseIT$RegistryApiErrorWatcher.logProblemDetails(ApicurioRegistryBaseIT.java:154)
	at io.apicurio.tests.ApicurioRegistryBaseIT$RegistryApiErrorWatcher.logProblemDetails(ApicurioRegistryBaseIT.java:154)
	at io.apicurio.tests.ApicurioRegistryBaseIT$RegistryApiErrorWatcher.logProblemDetails(ApicurioRegistryBaseIT.java:154)
	at io.apicurio.tests.ApicurioRegistryBaseIT$RegistryApiErrorWatcher.logProblemDetails(ApicurioRegistryBaseIT.java:154)
	at io.apicurio.tests.ApicurioRegistryBaseIT$RegistryApiErrorWatcher.logProblemDetails(ApicurioRegistryBaseIT.java:154)
	at io.apicurio.tests.ApicurioRegistryBaseIT$RegistryApiErrorWatcher.logProblemDetails(ApicurioRegistryBaseIT.java:154)
	at io.apicurio.tests.ApicurioRegistryBaseIT$RegistryApiErrorWatcher.logProblemDetails(ApicurioRegistryBaseIT.java:154)
	at io.apicurio.tests.ApicurioRegistryBaseIT$RegistryApiErrorWatcher.logProblemDetails(ApicurioRegistryBaseIT.java:154)
	at io.apicurio.tests.ApicurioRegistryBaseIT$RegistryApiErrorWatcher.logProblemDetails(ApicurioRegistryBaseIT.java:154)
	at io.apicurio.tests.ApicurioRegistryBaseIT$RegistryApiErrorWatcher.logProblemDetails(ApicurioRegistryBaseIT.java:154)
	at io.apicurio.tests.ApicurioRegistryBaseIT$RegistryApiErrorWatcher.logProblemDetails(ApicurioRegistryBaseIT.java:154)
	at io.apicurio.tests.ApicurioRegistryBaseIT$RegistryApiErrorWatcher.logProblemDetails(ApicurioRegistryBaseIT.java:154)
	at io.apicurio.tests.ApicurioRegistryBaseIT$RegistryApiErrorWatcher.logProblemDetails(ApicurioRegistryBaseIT.java:154)
	at io.apicurio.tests.ApicurioRegistryBaseIT$RegistryApiErrorWatcher.logProblemDetails(ApicurioRegistryBaseIT.java:154)
	at io.apicurio.tests.ApicurioRegistryBaseIT$RegistryApiErrorWatcher.logProblemDetails(ApicurioRegistryBaseIT.java:154)
	at io.apicurio.tests.ApicurioRegistryBaseIT$RegistryApiErrorWatcher.logProblemDetails(ApicurioRegistryBaseIT.java:154)
	at io.apicurio.tests.ApicurioRegistryBaseIT$RegistryApiErrorWatcher.logProblemDetails(ApicurioRegistryBaseIT.java:154)
	at io.apicurio.tests.ApicurioRegistryBaseIT$RegistryApiErrorWatcher.logProblemDetails(ApicurioRegistryBaseIT.java:154)
	at io.apicurio.tests.ApicurioRegistryBaseIT$RegistryApiErrorWatcher.logProblemDetails(ApicurioRegistryBaseIT.java:154)
	at io.apicurio.tests.ApicurioRegistryBaseIT$RegistryApiErrorWatcher.logProblemDetails(ApicurioRegistryBaseIT.java:154)
	at io.apicurio.tests.ApicurioRegistryBaseIT$RegistryApiErrorWatcher.logProblemDetails(ApicurioRegistryBaseIT.java:154)
	at io.apicurio.tests.ApicurioRegistryBaseIT$RegistryApiErrorWatcher.logProblemDetails(ApicurioRegistryBaseIT.java:154)
	at io.apicurio.tests.ApicurioRegistryBaseIT$RegistryApiErrorWatcher.logProblemDetails(ApicurioRegistryBaseIT.java:154)
	at io.apicurio.tests.ApicurioRegistryBaseIT$RegistryApiErrorWatcher.logProblemDetails(ApicurioRegistryBaseIT.java:154)
	at io.apicurio.tests.ApicurioRegistryBaseIT$RegistryApiErrorWatcher.logProblemDetails(ApicurioRegistryBaseIT.java:154)
	at io.apicurio.tests.ApicurioRegistryBaseIT$RegistryApiErrorWatcher.logProblemDetails(ApicurioRegistryBaseIT.java:154)
	at io.apicurio.tests.ApicurioRegistryBaseIT$RegistryApiErrorWatcher.logProblemDetails(ApicurioRegistryBaseIT.java:154)
	at io.apicurio.tests.ApicurioRegistryBaseIT$RegistryApiErrorWatcher.logProblemDetails(ApicurioRegistryBaseIT.java:154)
	at io.apicurio.tests.ApicurioRegistryBaseIT$RegistryApiErrorWatcher.logProblemDetails(ApicurioRegistryBaseIT.java:154)
	at io.apicurio.tests.ApicurioRegistryBaseIT$RegistryApiErrorWatcher.logProblemDetails(ApicurioRegistryBaseIT.java:154)
	at io.apicurio.tests.ApicurioRegistryBaseIT$RegistryApiErrorWatcher.logProblemDetails(ApicurioRegistryBaseIT.java:154)
	at io.apicurio.tests.ApicurioRegistryBaseIT$RegistryApiErrorWatcher.logProblemDetails(ApicurioRegistryBaseIT.java:154)
	at io.apicurio.tests.ApicurioRegistryBaseIT$RegistryApiErrorWatcher.logProblemDetails(ApicurioRegistryBaseIT.java:154)
	at io.apicurio.tests.ApicurioRegistryBaseIT$RegistryApiErrorWatcher.logProblemDetails(ApicurioRegistryBaseIT.java:154)
	at io.apicurio.tests.ApicurioRegistryBaseIT$RegistryApiErrorWatcher.logProblemDetails(ApicurioRegistryBaseIT.java:154)
	at io.apicurio.tests.ApicurioRegistryBaseIT$RegistryApiErrorWatcher.logProblemDetails(ApicurioRegistryBaseIT.java:154)
	at io.apicurio.tests.ApicurioRegistryBaseIT$RegistryApiErrorWatcher.logProblemDetails(ApicurioRegistryBaseIT.java:154)
	at io.apicurio.tests.ApicurioRegistryBaseIT$RegistryApiErrorWatcher.logProblemDetails(ApicurioRegistryBaseIT.java:154)
	at io.apicurio.tests.ApicurioRegistryBaseIT$RegistryApiErrorWatcher.logProblemDetails(ApicurioRegistryBaseIT.java:154)
	at io.apicurio.tests.ApicurioRegistryBaseIT$RegistryApiErrorWatcher.logProblemDetails(ApicurioRegistryBaseIT.java:154)
	at io.apicurio.tests.ApicurioRegistryBaseIT$RegistryApiErrorWatcher.logProblemDetails(ApicurioRegistryBaseIT.java:154)
	at io.apicurio.tests.ApicurioRegistryBaseIT$RegistryApiErrorWatcher.logProblemDetails(ApicurioRegistryBaseIT.java:154)
	at io.apicurio.tests.ApicurioRegistryBaseIT$RegistryApiErrorWatcher.logProblemDetails(ApicurioRegistryBaseIT.java:154)
	at io.apicurio.tests.ApicurioRegistryBaseIT$RegistryApiErrorWatcher.logProblemDetails(ApicurioRegistryBaseIT.java:154)
	at io.apicurio.tests.ApicurioRegistryBaseIT$RegistryApiErrorWatcher.logProblemDetails(ApicurioRegistryBaseIT.java:154)
	at io.apicurio.tests.ApicurioRegistryBaseIT$RegistryApiErrorWatcher.logProblemDetails(ApicurioRegistryBaseIT.java:154)
	at io.apicurio.tests.ApicurioRegistryBaseIT$RegistryApiErrorWatcher.logProblemDetails(ApicurioRegistryBaseIT.java:154)
	at io.apicurio.tests.ApicurioRegistryBaseIT$RegistryApiErrorWatcher.logProblemDetails(ApicurioRegistryBaseIT.java:154)
	at io.apicurio.tests.ApicurioRegistryBaseIT$RegistryApiErrorWatcher.logProblemDetails(ApicurioRegistryBaseIT.java:154)
	at io.apicurio.tests.ApicurioRegistryBaseIT$RegistryApiErrorWatcher.logProblemDetails(ApicurioRegistryBaseIT.java:154)
	at io.apicurio.tests.ApicurioRegistryBaseIT$RegistryApiErrorWatcher.logProblemDetails(ApicurioRegistryBaseIT.java:154)
	at io.apicurio.tests.ApicurioRegistryBaseIT$RegistryApiErrorWatcher.logProblemDetails(ApicurioRegistryBaseIT.java:154)
	at io.apicurio.tests.ApicurioRegistryBaseIT$RegistryApiErrorWatcher.logProblemDetails(ApicurioRegistryBaseIT.java:154)
	at io.apicurio.tests.ApicurioRegistryBaseIT$RegistryApiErrorWatcher.logProblemDetails(ApicurioRegistryBaseIT.java:154)
	at io.apicurio.tests.ApicurioRegistryBaseIT$RegistryApiErrorWatcher.logProblemDetails(ApicurioRegistryBaseIT.java:154)
	at io.apicurio.tests.ApicurioRegistryBaseIT$RegistryApiErrorWatcher.logProblemDetails(ApicurioRegistryBaseIT.java:154)
	at io.apicurio.tests.ApicurioRegistryBaseIT$RegistryApiErrorWatcher.logProblemDetails(ApicurioRegistryBaseIT.java:154)
	at io.apicurio.tests.ApicurioRegistryBaseIT$RegistryApiErrorWatcher.logProblemDetails(ApicurioRegistryBaseIT.java:154)
	at io.apicurio.tests.ApicurioRegistryBaseIT$RegistryApiErrorWatcher.logProblemDetails(ApicurioRegistryBaseIT.java:154)
	at io.apicurio.tests.ApicurioRegistryBaseIT$RegistryApiErrorWatcher.logProblemDetails(ApicurioRegistryBaseIT.java:154)
	at io.apicurio.tests.ApicurioRegistryBaseIT$RegistryApiErrorWatcher.logProblemDetails(ApicurioRegistryBaseIT.java:154)
	at io.apicurio.tests.ApicurioRegistryBaseIT$RegistryApiErrorWatcher.logProblemDetails(ApicurioRegistryBaseIT.java:154)
	at io.apicurio.tests.ApicurioRegistryBaseIT$RegistryApiErrorWatcher.logProblemDetails(ApicurioRegistryBaseIT.java:154)
	at io.apicurio.tests.ApicurioRegistryBaseIT$RegistryApiErrorWatcher.logProblemDetails(ApicurioRegistryBaseIT.java:154)
	at io.apicurio.tests.ApicurioRegistryBaseIT$RegistryApiErrorWatcher.logProblemDetails(ApicurioRegistryBaseIT.java:154)
	at io.apicurio.tests.ApicurioRegistryBaseIT$RegistryApiErrorWatcher.logProblemDetails(ApicurioRegistryBaseIT.java:154)
	at io.apicurio.tests.ApicurioRegistryBaseIT$RegistryApiErrorWatcher.logProblemDetails(ApicurioRegistryBaseIT.java:154)
	at io.apicurio.tests.ApicurioRegistryBaseIT$RegistryApiErrorWatcher.logProblemDetails(ApicurioRegistryBaseIT.java:154)
	at io.apicurio.tests.ApicurioRegistryBaseIT$RegistryApiErrorWatcher.logProblemDetails(ApicurioRegistryBaseIT.java:154)
	at io.apicurio.tests.ApicurioRegistryBaseIT$RegistryApiErrorWatcher.logProblemDetails(ApicurioRegistryBaseIT.java:154)
	at io.apicurio.tests.ApicurioRegistryBaseIT$RegistryApiErrorWatcher.logProblemDetails(ApicurioRegistryBaseIT.java:154)
	at io.apicurio.tests.ApicurioRegistryBaseIT$RegistryApiErrorWatcher.logProblemDetails(ApicurioRegistryBaseIT.java:154)
	at io.apicurio.tests.ApicurioRegistryBaseIT$RegistryApiErrorWatcher.logProblemDetails(ApicurioRegistryBaseIT.java:154)
	at io.apicurio.tests.ApicurioRegistryBaseIT$RegistryApiErrorWatcher.logProblemDetails(ApicurioRegistryBaseIT.java:154)
	at io.apicurio.tests.ApicurioRegistryBaseIT$RegistryApiErrorWatcher.logProblemDetails(ApicurioRegistryBaseIT.java:154)
	at io.apicurio.tests.ApicurioRegistryBaseIT$RegistryApiErrorWatcher.logProblemDetails(ApicurioRegistryBaseIT.java:154)
	at io.apicurio.tests.ApicurioRegistryBaseIT$RegistryApiErrorWatcher.logProblemDetails(ApicurioRegistryBaseIT.java:154)
	at io.apicurio.tests.ApicurioRegistryBaseIT$RegistryApiErrorWatcher.logProblemDetails(ApicurioRegistryBaseIT.java:154)
	at io.apicurio.tests.ApicurioRegistryBaseIT$RegistryApiErrorWatcher.logProblemDetails(ApicurioRegistryBaseIT.java:154)
	at io.apicurio.tests.ApicurioRegistryBaseIT$RegistryApiErrorWatcher.logProblemDetails(ApicurioRegistryBaseIT.java:154)
	at io.apicurio.tests.ApicurioRegistryBaseIT$RegistryApiErrorWatcher.logProblemDetails(ApicurioRegistryBaseIT.java:154)
	at io.apicurio.tests.ApicurioRegistryBaseIT$RegistryApiErrorWatcher.logProblemDetails(ApicurioRegistryBaseIT.java:154)
	at io.apicurio.tests.ApicurioRegistryBaseIT$RegistryApiErrorWatcher.logProblemDetails(ApicurioRegistryBaseIT.java:154)
	at io.apicurio.tests.ApicurioRegistryBaseIT$RegistryApiErrorWatcher.logProblemDetails(ApicurioRegistryBaseIT.java:154)
	at io.apicurio.tests.ApicurioRegistryBaseIT$RegistryApiErrorWatcher.logProblemDetails(ApicurioRegistryBaseIT.java:154)
	at io.apicurio.tests.ApicurioRegistryBaseIT$RegistryApiErrorWatcher.logProblemDetails(ApicurioRegistryBaseIT.java:154)
	at io.apicurio.tests.ApicurioRegistryBaseIT$RegistryApiErrorWatcher.logProblemDetails(ApicurioRegistryBaseIT.java:154)
	at io.apicurio.tests.ApicurioRegistryBaseIT$RegistryApiErrorWatcher.logProblemDetails(ApicurioRegistryBaseIT.java:154)
	at io.apicurio.tests.ApicurioRegistryBaseIT$RegistryApiErrorWatcher.logProblemDetails(ApicurioRegistryBaseIT.java:154)
	at io.apicurio.tests.ApicurioRegistryBaseIT$RegistryApiErrorWatcher.logProblemDetails(ApicurioRegistryBaseIT.java:154)
	at io.apicurio.tests.ApicurioRegistryBaseIT$RegistryApiErrorWatcher.logProblemDetails(ApicurioRegistryBaseIT.java:154)
	at io.apicurio.tests.ApicurioRegistryBaseIT$RegistryApiErrorWatcher.logProblemDetails(ApicurioRegistryBaseIT.java:154)
	at io.apicurio.tests.ApicurioRegistryBaseIT$RegistryApiErrorWatcher.logProblemDetails(ApicurioRegistryBaseIT.java:154)
	at io.apicurio.tests.ApicurioRegistryBaseIT$RegistryApiErrorWatcher.logProblemDetails(ApicurioRegistryBaseIT.java:154)
	at io.apicurio.tests.ApicurioRegistryBaseIT$RegistryApiErrorWatcher.logProblemDetails(ApicurioRegistryBaseIT.java:154)
	at io.apicurio.tests.ApicurioRegistryBaseIT$RegistryApiErrorWatcher.logProblemDetails(ApicurioRegistryBaseIT.java:154)
	at io.apicurio.tests.ApicurioRegistryBaseIT$RegistryApiErrorWatcher.logProblemDetails(ApicurioRegistryBaseIT.java:154)
	at io.apicurio.tests.ApicurioRegistryBaseIT$RegistryApiErrorWatcher.logProblemDetails(ApicurioRegistryBaseIT.java:154)
	at io.apicurio.tests.ApicurioRegistryBaseIT$RegistryApiErrorWatcher.logProblemDetails(ApicurioRegistryBaseIT.java:154)
	at io.apicurio.tests.ApicurioRegistryBaseIT$RegistryApiErrorWatcher.logProblemDetails(ApicurioRegistryBaseIT.java:154)
	at io.apicurio.tests.ApicurioRegistryBaseIT$RegistryApiErrorWatcher.logProblemDetails(ApicurioRegistryBaseIT.java:154)
	at io.apicurio.tests.ApicurioRegistryBaseIT$RegistryApiErrorWatcher.logProblemDetails(ApicurioRegistryBaseIT.java:154)
	at io.apicurio.tests.ApicurioRegistryBaseIT$RegistryApiErrorWatcher.logProblemDetails(ApicurioRegistryBaseIT.java:154)
	at io.apicurio.tests.ApicurioRegistryBaseIT$RegistryApiErrorWatcher.logProblemDetails(ApicurioRegistryBaseIT.java:154)
	at io.apicurio.tests.ApicurioRegistryBaseIT$RegistryApiErrorWatcher.logProblemDetails(ApicurioRegistryBaseIT.java:154)
	at io.apicurio.tests.ApicurioRegistryBaseIT$RegistryApiErrorWatcher.logProblemDetails(ApicurioRegistryBaseIT.java:154)
	at io.apicurio.tests.ApicurioRegistryBaseIT$RegistryApiErrorWatcher.logProblemDetails(ApicurioRegistryBaseIT.java:154)
	at io.apicurio.tests.ApicurioRegistryBaseIT$RegistryApiErrorWatcher.logProblemDetails(ApicurioRegistryBaseIT.java:154)
	at io.apicurio.tests.ApicurioRegistryBaseIT$RegistryApiErrorWatcher.logProblemDetails(ApicurioRegistryBaseIT.java:154)
	at io.apicurio.tests.ApicurioRegistryBaseIT$RegistryApiErrorWatcher.logProblemDetails(ApicurioRegistryBaseIT.java:154)
	at io.apicurio.tests.ApicurioRegistryBaseIT$RegistryApiErrorWatcher.logProblemDetails(ApicurioRegistryBaseIT.java:154)
	at io.apicurio.tests.ApicurioRegistryBaseIT$RegistryApiErrorWatcher.logProblemDetails(ApicurioRegistryBaseIT.java:154)
	at io.apicurio.tests.ApicurioRegistryBaseIT$RegistryApiErrorWatcher.logProblemDetails(ApicurioRegistryBaseIT.java:154)
	at io.apicurio.tests.ApicurioRegistryBaseIT$RegistryApiErrorWatcher.logProblemDetails(ApicurioRegistryBaseIT.java:154)
	at io.apicurio.tests.ApicurioRegistryBaseIT$RegistryApiErrorWatcher.logProblemDetails(ApicurioRegistryBaseIT.java:154)
	at io.apicurio.tests.ApicurioRegistryBaseIT$RegistryApiErrorWatcher.logProblemDetails(ApicurioRegistryBaseIT.java:154)
	at io.apicurio.tests.ApicurioRegistryBaseIT$RegistryApiErrorWatcher.logProblemDetails(ApicurioRegistryBaseIT.java:154)
	at io.apicurio.tests.ApicurioRegistryBaseIT$RegistryApiErrorWatcher.logProblemDetails(ApicurioRegistryBaseIT.java:154)
	at io.apicurio.tests.ApicurioRegistryBaseIT$RegistryApiErrorWatcher.logProblemDetails(ApicurioRegistryBaseIT.java:154)
	at io.apicurio.tests.ApicurioRegistryBaseIT$RegistryApiErrorWatcher.logProblemDetails(ApicurioRegistryBaseIT.java:154)
	at io.apicurio.tests.ApicurioRegistryBaseIT$RegistryApiErrorWatcher.logProblemDetails(ApicurioRegistryBaseIT.java:154)
	at io.apicurio.tests.ApicurioRegistryBaseIT$RegistryApiErrorWatcher.logProblemDetails(ApicurioRegistryBaseIT.java:154)
	at io.apicurio.tests.ApicurioRegistryBaseIT$RegistryApiErrorWatcher.logProblemDetails(ApicurioRegistryBaseIT.java:154)
	at io.apicurio.tests.ApicurioRegistryBaseIT$RegistryApiErrorWatcher.logProblemDetails(ApicurioRegistryBaseIT.java:154)
	at io.apicurio.tests.ApicurioRegistryBaseIT$RegistryApiErrorWatcher.logProblemDetails(ApicurioRegistryBaseIT.java:154)
	at io.apicurio.tests.ApicurioRegistryBaseIT$RegistryApiErrorWatcher.logProblemDetails(ApicurioRegistryBaseIT.java:154)
	at io.apicurio.tests.ApicurioRegistryBaseIT$RegistryApiErrorWatcher.logProblemDetails(ApicurioRegistryBaseIT.java:154)
	at io.apicurio.tests.ApicurioRegistryBaseIT$RegistryApiErrorWatcher.logProblemDetails(ApicurioRegistryBaseIT.java:154)
	at io.apicurio.tests.ApicurioRegistryBaseIT$RegistryApiErrorWatcher.logProblemDetails(ApicurioRegistryBaseIT.java:154)
	at io.apicurio.tests.ApicurioRegistryBaseIT$RegistryApiErrorWatcher.logProblemDetails(ApicurioRegistryBaseIT.java:154)
	at io.apicurio.tests.ApicurioRegistryBaseIT$RegistryApiErrorWatcher.logProblemDetails(ApicurioRegistryBaseIT.java:154)
	at io.apicurio.tests.ApicurioRegistryBaseIT$RegistryApiErrorWatcher.logProblemDetails(ApicurioRegistryBaseIT.java:154)
	at io.apicurio.tests.ApicurioRegistryBaseIT$RegistryApiErrorWatcher.logProblemDetails(ApicurioRegistryBaseIT.java:154)
	at io.apicurio.tests.ApicurioRegistryBaseIT$RegistryApiErrorWatcher.logProblemDetails(ApicurioRegistryBaseIT.java:154)
	at io.apicurio.tests.ApicurioRegistryBaseIT$RegistryApiErrorWatcher.logProblemDetails(ApicurioRegistryBaseIT.java:154)
	at io.apicurio.tests.ApicurioRegistryBaseIT$RegistryApiErrorWatcher.logProblemDetails(ApicurioRegistryBaseIT.java:154)
	at io.apicurio.tests.ApicurioRegistryBaseIT$RegistryApiErrorWatcher.logProblemDetails(ApicurioRegistryBaseIT.java:154)
	at io.apicurio.tests.ApicurioRegistryBaseIT$RegistryApiErrorWatcher.logProblemDetails(ApicurioRegistryBaseIT.java:154)
	at io.apicurio.tests.ApicurioRegistryBaseIT$RegistryApiErrorWatcher.logProblemDetails(ApicurioRegistryBaseIT.java:154)
	at io.apicurio.tests.ApicurioRegistryBaseIT$RegistryApiErrorWatcher.logProblemDetails(ApicurioRegistryBaseIT.java:154)
	at io.apicurio.tests.ApicurioRegistryBaseIT$RegistryApiErrorWatcher.logProblemDetails(ApicurioRegistryBaseIT.java:154)
	at io.apicurio.tests.ApicurioRegistryBaseIT$RegistryApiErrorWatcher.logProblemDetails(ApicurioRegistryBaseIT.java:154)
	at io.apicurio.tests.ApicurioRegistryBaseIT$RegistryApiErrorWatcher.logProblemDetails(ApicurioRegistryBaseIT.java:154)
	at io.apicurio.tests.ApicurioRegistryBaseIT$RegistryApiErrorWatcher.logProblemDetails(ApicurioRegistryBaseIT.java:154)
	at io.apicurio.tests.ApicurioRegistryBaseIT$RegistryApiErrorWatcher.logProblemDetails(ApicurioRegistryBaseIT.java:154)
	at io.apicurio.tests.ApicurioRegistryBaseIT$RegistryApiErrorWatcher.logProblemDetails(ApicurioRegistryBaseIT.java:154)
	at io.apicurio.tests.ApicurioRegistryBaseIT$RegistryApiErrorWatcher.logProblemDetails(ApicurioRegistryBaseIT.java:154)
	at io.apicurio.tests.ApicurioRegistryBaseIT$RegistryApiErrorWatcher.logProblemDetails(ApicurioRegistryBaseIT.java:154)
	at io.apicurio.tests.ApicurioRegistryBaseIT$RegistryApiErrorWatcher.logProblemDetails(ApicurioRegistryBaseIT.java:154)
	at io.apicurio.tests.ApicurioRegistryBaseIT$RegistryApiErrorWatcher.logProblemDetails(ApicurioRegistryBaseIT.java:154)
	at io.apicurio.tests.ApicurioRegistryBaseIT$RegistryApiErrorWatcher.logProblemDetails(ApicurioRegistryBaseIT.java:154)
	at io.apicurio.tests.ApicurioRegistryBaseIT$RegistryApiErrorWatcher.logProblemDetails(ApicurioRegistryBaseIT.java:154)
	at io.apicurio.tests.ApicurioRegistryBaseIT$RegistryApiErrorWatcher.logProblemDetails(ApicurioRegistryBaseIT.java:154)
	at io.apicurio.tests.ApicurioRegistryBaseIT$RegistryApiErrorWatcher.logProblemDetails(ApicurioRegistryBaseIT.java:154)
	at io.apicurio.tests.ApicurioRegistryBaseIT$RegistryApiErrorWatcher.logProblemDetails(ApicurioRegistryBaseIT.java:154)
	at io.apicurio.tests.ApicurioRegistryBaseIT$RegistryApiErrorWatcher.logProblemDetails(ApicurioRegistryBaseIT.java:154)
	at io.apicurio.tests.ApicurioRegistryBaseIT$RegistryApiErrorWatcher.logProblemDetails(ApicurioRegistryBaseIT.java:154)
	at io.apicurio.tests.ApicurioRegistryBaseIT$RegistryApiErrorWatcher.logProblemDetails(ApicurioRegistryBaseIT.java:154)
	at io.apicurio.tests.ApicurioRegistryBaseIT$RegistryApiErrorWatcher.logProblemDetails(ApicurioRegistryBaseIT.java:154)
	at io.apicurio.tests.ApicurioRegistryBaseIT$RegistryApiErrorWatcher.logProblemDetails(ApicurioRegistryBaseIT.java:154)
	at io.apicurio.tests.ApicurioRegistryBaseIT$RegistryApiErrorWatcher.logProblemDetails(ApicurioRegistryBaseIT.java:154)
	at io.apicurio.tests.ApicurioRegistryBaseIT$RegistryApiErrorWatcher.logProblemDetails(ApicurioRegistryBaseIT.java:154)
	at io.apicurio.tests.ApicurioRegistryBaseIT$RegistryApiErrorWatcher.logProblemDetails(ApicurioRegistryBaseIT.java:154)
	at io.apicurio.tests.ApicurioRegistryBaseIT$RegistryApiErrorWatcher.logProblemDetails(ApicurioRegistryBaseIT.java:154)
	at io.apicurio.tests.ApicurioRegistryBaseIT$RegistryApiErrorWatcher.logProblemDetails(ApicurioRegistryBaseIT.java:154)
	at io.apicurio.tests.ApicurioRegistryBaseIT$RegistryApiErrorWatcher.logProblemDetails(ApicurioRegistryBaseIT.java:154)
	at io.apicurio.tests.ApicurioRegistryBaseIT$RegistryApiErrorWatcher.logProblemDetails(ApicurioRegistryBaseIT.java:154)
	at io.apicurio.tests.ApicurioRegistryBaseIT$RegistryApiErrorWatcher.logProblemDetails(ApicurioRegistryBaseIT.java:154)
	at io.apicurio.tests.ApicurioRegistryBaseIT$RegistryApiErrorWatcher.logProblemDetails(ApicurioRegistryBaseIT.java:154)
	at io.apicurio.tests.ApicurioRegistryBaseIT$RegistryApiErrorWatcher.logProblemDetails(ApicurioRegistryBaseIT.java:154)
	at io.apicurio.tests.ApicurioRegistryBaseIT$RegistryApiErrorWatcher.logProblemDetails(ApicurioRegistryBaseIT.java:154)
	at io.apicurio.tests.ApicurioRegistryBaseIT$RegistryApiErrorWatcher.logProblemDetails(ApicurioRegistryBaseIT.java:154)
	at io.apicurio.tests.ApicurioRegistryBaseIT$RegistryApiErrorWatcher.logProblemDetails(ApicurioRegistryBaseIT.java:154)
	at io.apicurio.tests.ApicurioRegistryBaseIT$RegistryApiErrorWatcher.logProblemDetails(ApicurioRegistryBaseIT.java:154)
	at io.apicurio.tests.ApicurioRegistryBaseIT$RegistryApiErrorWatcher.logProblemDetails(ApicurioRegistryBaseIT.java:154)
	at io.apicurio.tests.ApicurioRegistryBaseIT$RegistryApiErrorWatcher.logProblemDetails(ApicurioRegistryBaseIT.java:154)
	at io.apicurio.tests.ApicurioRegistryBaseIT$RegistryApiErrorWatcher.logProblemDetails(ApicurioRegistryBaseIT.java:154)
	at io.apicurio.tests.ApicurioRegistryBaseIT$RegistryApiErrorWatcher.logProblemDetails(ApicurioRegistryBaseIT.java:154)
	at io.apicurio.tests.ApicurioRegistryBaseIT$RegistryApiErrorWatcher.logProblemDetails(ApicurioRegistryBaseIT.java:154)
	at io.apicurio.tests.ApicurioRegistryBaseIT$RegistryApiErrorWatcher.logProblemDetails(ApicurioRegistryBaseIT.java:154)
	at io.apicurio.tests.ApicurioRegistryBaseIT$RegistryApiErrorWatcher.logProblemDetails(ApicurioRegistryBaseIT.java:154)
	at io.apicurio.tests.ApicurioRegistryBaseIT$RegistryApiErrorWatcher.logProblemDetails(ApicurioRegistryBaseIT.java:154)
	at io.apicurio.tests.ApicurioRegistryBaseIT$RegistryApiErrorWatcher.logProblemDetails(ApicurioRegistryBaseIT.java:154)
	at io.apicurio.tests.ApicurioRegistryBaseIT$RegistryApiErrorWatcher.logProblemDetails(ApicurioRegistryBaseIT.java:154)
	at io.apicurio.tests.ApicurioRegistryBaseIT$RegistryApiErrorWatcher.logProblemDetails(ApicurioRegistryBaseIT.java:154)
	at io.apicurio.tests.ApicurioRegistryBaseIT$RegistryApiErrorWatcher.logProblemDetails(ApicurioRegistryBaseIT.java:154)
	at io.apicurio.tests.ApicurioRegistryBaseIT$RegistryApiErrorWatcher.logProblemDetails(ApicurioRegistryBaseIT.java:154)
	at io.apicurio.tests.ApicurioRegistryBaseIT$RegistryApiErrorWatcher.logProblemDetails(ApicurioRegistryBaseIT.java:154)
	at io.apicurio.tests.ApicurioRegistryBaseIT$RegistryApiErrorWatcher.logProblemDetails(ApicurioRegistryBaseIT.java:154)
	at io.apicurio.tests.ApicurioRegistryBaseIT$RegistryApiErrorWatcher.logProblemDetails(ApicurioRegistryBaseIT.java:154)
	at io.apicurio.tests.ApicurioRegistryBaseIT$RegistryApiErrorWatcher.logProblemDetails(ApicurioRegistryBaseIT.java:154)
	at io.apicurio.tests.ApicurioRegistryBaseIT$RegistryApiErrorWatcher.logProblemDetails(ApicurioRegistryBaseIT.java:154)
	at io.apicurio.tests.ApicurioRegistryBaseIT$RegistryApiErrorWatcher.logProblemDetails(ApicurioRegistryBaseIT.java:154)
	at io.apicurio.tests.ApicurioRegistryBaseIT$RegistryApiErrorWatcher.logProblemDetails(ApicurioRegistryBaseIT.java:154)
	at io.apicurio.tests.ApicurioRegistryBaseIT$RegistryApiErrorWatcher.logProblemDetails(ApicurioRegistryBaseIT.java:154)
	at io.apicurio.tests.ApicurioRegistryBaseIT$RegistryApiErrorWatcher.logProblemDetails(ApicurioRegistryBaseIT.java:154)
	at io.apicurio.tests.ApicurioRegistryBaseIT$RegistryApiErrorWatcher.logProblemDetails(ApicurioRegistryBaseIT.java:154)
	at io.apicurio.tests.ApicurioRegistryBaseIT$RegistryApiErrorWatcher.logProblemDetails(ApicurioRegistryBaseIT.java:154)
	at io.apicurio.tests.ApicurioRegistryBaseIT$RegistryApiErrorWatcher.logProblemDetails(ApicurioRegistryBaseIT.java:154)
	at io.apicurio.tests.ApicurioRegistryBaseIT$RegistryApiErrorWatcher.logProblemDetails(ApicurioRegistryBaseIT.java:154)
	at io.apicurio.tests.ApicurioRegistryBaseIT$RegistryApiErrorWatcher.logProblemDetails(ApicurioRegistryBaseIT.java:154)
	at io.apicurio.tests.ApicurioRegistryBaseIT$RegistryApiErrorWatcher.logProblemDetails(ApicurioRegistryBaseIT.java:154)
	at io.apicurio.tests.ApicurioRegistryBaseIT$RegistryApiErrorWatcher.logProblemDetails(ApicurioRegistryBaseIT.java:154)
	at io.apicurio.tests.ApicurioRegistryBaseIT$RegistryApiErrorWatcher.logProblemDetails(ApicurioRegistryBaseIT.java:154)
	at io.apicurio.tests.ApicurioRegistryBaseIT$RegistryApiErrorWatcher.logProblemDetails(ApicurioRegistryBaseIT.java:154)
	at io.apicurio.tests.ApicurioRegistryBaseIT$RegistryApiErrorWatcher.logProblemDetails(ApicurioRegistryBaseIT.java:154)
	at io.apicurio.tests.ApicurioRegistryBaseIT$RegistryApiErrorWatcher.logProblemDetails(ApicurioRegistryBaseIT.java:154)
	at io.apicurio.tests.ApicurioRegistryBaseIT$RegistryApiErrorWatcher.logProblemDetails(ApicurioRegistryBaseIT.java:154)
	at io.apicurio.tests.ApicurioRegistryBaseIT$RegistryApiErrorWatcher.logProblemDetails(ApicurioRegistryBaseIT.java:154)
	at io.apicurio.tests.ApicurioRegistryBaseIT$RegistryApiErrorWatcher.logProblemDetails(ApicurioRegistryBaseIT.java:154)
	at io.apicurio.tests.ApicurioRegistryBaseIT$RegistryApiErrorWatcher.logProblemDetails(ApicurioRegistryBaseIT.java:154)
	at io.apicurio.tests.ApicurioRegistryBaseIT$RegistryApiErrorWatcher.logProblemDetails(ApicurioRegistryBaseIT.java:154)
	at io.apicurio.tests.ApicurioRegistryBaseIT$RegistryApiErrorWatcher.logProblemDetails(ApicurioRegistryBaseIT.java:154)
	at io.apicurio.tests.ApicurioRegistryBaseIT$RegistryApiErrorWatcher.logProblemDetails(ApicurioRegistryBaseIT.java:154)
	at io.apicurio.tests.ApicurioRegistryBaseIT$RegistryApiErrorWatcher.logProblemDetails(ApicurioRegistryBaseIT.java:154)
	at io.apicurio.tests.ApicurioRegistryBaseIT$RegistryApiErrorWatcher.logProblemDetails(ApicurioRegistryBaseIT.java:154)
	at io.apicurio.tests.ApicurioRegistryBaseIT$RegistryApiErrorWatcher.logProblemDetails(ApicurioRegistryBaseIT.java:154)
	at io.apicurio.tests.ApicurioRegistryBaseIT$RegistryApiErrorWatcher.logProblemDetails(ApicurioRegistryBaseIT.java:154)
	at io.apicurio.tests.ApicurioRegistryBaseIT$RegistryApiErrorWatcher.logProblemDetails(ApicurioRegistryBaseIT.java:154)
	at io.apicurio.tests.ApicurioRegistryBaseIT$RegistryApiErrorWatcher.logProblemDetails(ApicurioRegistryBaseIT.java:154)
	at io.apicurio.tests.ApicurioRegistryBaseIT$RegistryApiErrorWatcher.logProblemDetails(ApicurioRegistryBaseIT.java:154)
	at io.apicurio.tests.ApicurioRegistryBaseIT$RegistryApiErrorWatcher.logProblemDetails(ApicurioRegistryBaseIT.java:154)
	at io.apicurio.tests.ApicurioRegistryBaseIT$RegistryApiErrorWatcher.logProblemDetails(ApicurioRegistryBaseIT.java:154)
	at io.apicurio.tests.ApicurioRegistryBaseIT$RegistryApiErrorWatcher.logProblemDetails(ApicurioRegistryBaseIT.java:154)
	at io.apicurio.tests.ApicurioRegistryBaseIT$RegistryApiErrorWatcher.logProblemDetails(ApicurioRegistryBaseIT.java:154)
	at io.apicurio.tests.ApicurioRegistryBaseIT$RegistryApiErrorWatcher.logProblemDetails(ApicurioRegistryBaseIT.java:154)
	at io.apicurio.tests.ApicurioRegistryBaseIT$RegistryApiErrorWatcher.logProblemDetails(ApicurioRegistryBaseIT.java:154)
	at io.apicurio.tests.ApicurioRegistryBaseIT$RegistryApiErrorWatcher.logProblemDetails(ApicurioRegistryBaseIT.java:154)
	at io.apicurio.tests.ApicurioRegistryBaseIT$RegistryApiErrorWatcher.logProblemDetails(ApicurioRegistryBaseIT.java:154)
	at io.apicurio.tests.ApicurioRegistryBaseIT$RegistryApiErrorWatcher.logProblemDetails(ApicurioRegistryBaseIT.java:154)
	at io.apicurio.tests.ApicurioRegistryBaseIT$RegistryApiErrorWatcher.logProblemDetails(ApicurioRegistryBaseIT.java:154)
	at io.apicurio.tests.ApicurioRegistryBaseIT$RegistryApiErrorWatcher.logProblemDetails(ApicurioRegistryBaseIT.java:154)
	at io.apicurio.tests.ApicurioRegistryBaseIT$RegistryApiErrorWatcher.logProblemDetails(ApicurioRegistryBaseIT.java:154)
	at io.apicurio.tests.ApicurioRegistryBaseIT$RegistryApiErrorWatcher.logProblemDetails(ApicurioRegistryBaseIT.java:154)
	at io.apicurio.tests.ApicurioRegistryBaseIT$RegistryApiErrorWatcher.logProblemDetails(ApicurioRegistryBaseIT.java:154)
	at io.apicurio.tests.ApicurioRegistryBaseIT$RegistryApiErrorWatcher.logProblemDetails(ApicurioRegistryBaseIT.java:154)
	at io.apicurio.tests.ApicurioRegistryBaseIT$RegistryApiErrorWatcher.logProblemDetails(ApicurioRegistryBaseIT.java:154)
	at io.apicurio.tests.ApicurioRegistryBaseIT$RegistryApiErrorWatcher.logProblemDetails(ApicurioRegistryBaseIT.java:154)
	at io.apicurio.tests.ApicurioRegistryBaseIT$RegistryApiErrorWatcher.logProblemDetails(ApicurioRegistryBaseIT.java:154)
	at io.apicurio.tests.ApicurioRegistryBaseIT$RegistryApiErrorWatcher.logProblemDetails(ApicurioRegistryBaseIT.java:154)
	at io.apicurio.tests.ApicurioRegistryBaseIT$RegistryApiErrorWatcher.logProblemDetails(ApicurioRegistryBaseIT.java:154)
	at io.apicurio.tests.ApicurioRegistryBaseIT$RegistryApiErrorWatcher.logProblemDetails(ApicurioRegistryBaseIT.java:154)
	at io.apicurio.tests.ApicurioRegistryBaseIT$RegistryApiErrorWatcher.logProblemDetails(ApicurioRegistryBaseIT.java:154)
	at io.apicurio.tests.ApicurioRegistryBaseIT$RegistryApiErrorWatcher.logProblemDetails(ApicurioRegistryBaseIT.java:154)
	at io.apicurio.tests.ApicurioRegistryBaseIT$RegistryApiErrorWatcher.logProblemDetails(ApicurioRegistryBaseIT.java:154)
	at io.apicurio.tests.ApicurioRegistryBaseIT$RegistryApiErrorWatcher.logProblemDetails(ApicurioRegistryBaseIT.java:154)
	at io.apicurio.tests.ApicurioRegistryBaseIT$RegistryApiErrorWatcher.logProblemDetails(ApicurioRegistryBaseIT.java:154)
	at io.apicurio.tests.ApicurioRegistryBaseIT$RegistryApiErrorWatcher.logProblemDetails(ApicurioRegistryBaseIT.java:154)
	at io.apicurio.tests.ApicurioRegistryBaseIT$RegistryApiErrorWatcher.logProblemDetails(ApicurioRegistryBaseIT.java:154)
	at io.apicurio.tests.ApicurioRegistryBaseIT$RegistryApiErrorWatcher.logProblemDetails(ApicurioRegistryBaseIT.java:154)
	at io.apicurio.tests.ApicurioRegistryBaseIT$RegistryApiErrorWatcher.logProblemDetails(ApicurioRegistryBaseIT.java:154)
	at io.apicurio.tests.ApicurioRegistryBaseIT$RegistryApiErrorWatcher.logProblemDetails(ApicurioRegistryBaseIT.java:154)
	at io.apicurio.tests.ApicurioRegistryBaseIT$RegistryApiErrorWatcher.logProblemDetails(ApicurioRegistryBaseIT.java:154)
	at io.apicurio.tests.ApicurioRegistryBaseIT$RegistryApiErrorWatcher.logProblemDetails(ApicurioRegistryBaseIT.java:154)
	at io.apicurio.tests.ApicurioRegistryBaseIT$RegistryApiErrorWatcher.logProblemDetails(ApicurioRegistryBaseIT.java:154)
	at io.apicurio.tests.ApicurioRegistryBaseIT$RegistryApiErrorWatcher.logProblemDetails(ApicurioRegistryBaseIT.java:154)
	at io.apicurio.tests.ApicurioRegistryBaseIT$RegistryApiErrorWatcher.logProblemDetails(ApicurioRegistryBaseIT.java:154)
	at io.apicurio.tests.ApicurioRegistryBaseIT$RegistryApiErrorWatcher.logProblemDetails(ApicurioRegistryBaseIT.java:154)
	at io.apicurio.tests.ApicurioRegistryBaseIT$RegistryApiErrorWatcher.logProblemDetails(ApicurioRegistryBaseIT.java:154)
	at io.apicurio.tests.ApicurioRegistryBaseIT$RegistryApiErrorWatcher.logProblemDetails(ApicurioRegistryBaseIT.java:154)
	at io.apicurio.tests.ApicurioRegistryBaseIT$RegistryApiErrorWatcher.logProblemDetails(ApicurioRegistryBaseIT.java:154)
	at io.apicurio.tests.ApicurioRegistryBaseIT$RegistryApiErrorWatcher.logProblemDetails(ApicurioRegistryBaseIT.java:154)
	at io.apicurio.tests.ApicurioRegistryBaseIT$RegistryApiErrorWatcher.logProblemDetails(ApicurioRegistryBaseIT.java:154)
	at io.apicurio.tests.ApicurioRegistryBaseIT$RegistryApiErrorWatcher.logProblemDetails(ApicurioRegistryBaseIT.java:154)
	at io.apicurio.tests.ApicurioRegistryBaseIT$RegistryApiErrorWatcher.logProblemDetails(ApicurioRegistryBaseIT.java:154)
	at io.apicurio.tests.ApicurioRegistryBaseIT$RegistryApiErrorWatcher.logProblemDetails(ApicurioRegistryBaseIT.java:154)
	at io.apicurio.tests.ApicurioRegistryBaseIT$RegistryApiErrorWatcher.logProblemDetails(ApicurioRegistryBaseIT.java:154)
	at io.apicurio.tests.ApicurioRegistryBaseIT$RegistryApiErrorWatcher.logProblemDetails(ApicurioRegistryBaseIT.java:154)
	at io.apicurio.tests.ApicurioRegistryBaseIT$RegistryApiErrorWatcher.logProblemDetails(ApicurioRegistryBaseIT.java:154)
	at io.apicurio.tests.ApicurioRegistryBaseIT$RegistryApiErrorWatcher.logProblemDetails(ApicurioRegistryBaseIT.java:154)
	at io.apicurio.tests.ApicurioRegistryBaseIT$RegistryApiErrorWatcher.logProblemDetails(ApicurioRegistryBaseIT.java:154)
	at io.apicurio.tests.ApicurioRegistryBaseIT$RegistryApiErrorWatcher.logProblemDetails(ApicurioRegistryBaseIT.java:154)
	at io.apicurio.tests.ApicurioRegistryBaseIT$RegistryApiErrorWatcher.logProblemDetails(ApicurioRegistryBaseIT.java:154)
	at io.apicurio.tests.ApicurioRegistryBaseIT$RegistryApiErrorWatcher.logProblemDetails(ApicurioRegistryBaseIT.java:154)
	at io.apicurio.tests.ApicurioRegistryBaseIT$RegistryApiErrorWatcher.logProblemDetails(ApicurioRegistryBaseIT.java:154)
	at io.apicurio.tests.ApicurioRegistryBaseIT$RegistryApiErrorWatcher.logProblemDetails(ApicurioRegistryBaseIT.java:154)
	at io.apicurio.tests.ApicurioRegistryBaseIT$RegistryApiErrorWatcher.logProblemDetails(ApicurioRegistryBaseIT.java:154)
	at io.apicurio.tests.ApicurioRegistryBaseIT$RegistryApiErrorWatcher.logProblemDetails(ApicurioRegistryBaseIT.java:154)
	at io.apicurio.tests.ApicurioRegistryBaseIT$RegistryApiErrorWatcher.logProblemDetails(ApicurioRegistryBaseIT.java:154)
	at io.apicurio.tests.ApicurioRegistryBaseIT$RegistryApiErrorWatcher.logProblemDetails(ApicurioRegistryBaseIT.java:154)
	at io.apicurio.tests.ApicurioRegistryBaseIT$RegistryApiErrorWatcher.logProblemDetails(ApicurioRegistryBaseIT.java:154)
	at io.apicurio.tests.ApicurioRegistryBaseIT$RegistryApiErrorWatcher.logProblemDetails(ApicurioRegistryBaseIT.java:154)
	at io.apicurio.tests.ApicurioRegistryBaseIT$RegistryApiErrorWatcher.logProblemDetails(ApicurioRegistryBaseIT.java:154)
	at io.apicurio.tests.ApicurioRegistryBaseIT$RegistryApiErrorWatcher.logProblemDetails(ApicurioRegistryBaseIT.java:154)
	at io.apicurio.tests.ApicurioRegistryBaseIT$RegistryApiErrorWatcher.logProblemDetails(ApicurioRegistryBaseIT.java:154)
	at io.apicurio.tests.ApicurioRegistryBaseIT$RegistryApiErrorWatcher.logProblemDetails(ApicurioRegistryBaseIT.java:154)
	at io.apicurio.tests.ApicurioRegistryBaseIT$RegistryApiErrorWatcher.logProblemDetails(ApicurioRegistryBaseIT.java:154)
	at io.apicurio.tests.ApicurioRegistryBaseIT$RegistryApiErrorWatcher.logProblemDetails(ApicurioRegistryBaseIT.java:154)
	at io.apicurio.tests.ApicurioRegistryBaseIT$RegistryApiErrorWatcher.logProblemDetails(ApicurioRegistryBaseIT.java:154)
	at io.apicurio.tests.ApicurioRegistryBaseIT$RegistryApiErrorWatcher.logProblemDetails(ApicurioRegistryBaseIT.java:154)
	at io.apicurio.tests.ApicurioRegistryBaseIT$RegistryApiErrorWatcher.logProblemDetails(ApicurioRegistryBaseIT.java:154)
	at io.apicurio.tests.ApicurioRegistryBaseIT$RegistryApiErrorWatcher.logProblemDetails(ApicurioRegistryBaseIT.java:154)
	at io.apicurio.tests.ApicurioRegistryBaseIT$RegistryApiErrorWatcher.logProblemDetails(ApicurioRegistryBaseIT.java:154)
	at io.apicurio.tests.ApicurioRegistryBaseIT$RegistryApiErrorWatcher.logProblemDetails(ApicurioRegistryBaseIT.java:154)
	at io.apicurio.tests.ApicurioRegistryBaseIT$RegistryApiErrorWatcher.logProblemDetails(ApicurioRegistryBaseIT.java:154)
	at io.apicurio.tests.ApicurioRegistryBaseIT$RegistryApiErrorWatcher.logProblemDetails(ApicurioRegistryBaseIT.java:154)
	at io.apicurio.tests.ApicurioRegistryBaseIT$RegistryApiErrorWatcher.logProblemDetails(ApicurioRegistryBaseIT.java:154)
	at io.apicurio.tests.ApicurioRegistryBaseIT$RegistryApiErrorWatcher.logProblemDetails(ApicurioRegistryBaseIT.java:154)
	at io.apicurio.tests.ApicurioRegistryBaseIT$RegistryApiErrorWatcher.logProblemDetails(ApicurioRegistryBaseIT.java:154)
	at io.apicurio.tests.ApicurioRegistryBaseIT$RegistryApiErrorWatcher.logProblemDetails(ApicurioRegistryBaseIT.java:154)
	at io.apicurio.tests.ApicurioRegistryBaseIT$RegistryApiErrorWatcher.logProblemDetails(ApicurioRegistryBaseIT.java:154)
	at io.apicurio.tests.ApicurioRegistryBaseIT$RegistryApiErrorWatcher.logProblemDetails(ApicurioRegistryBaseIT.java:154)
	at io.apicurio.tests.ApicurioRegistryBaseIT$RegistryApiErrorWatcher.logProblemDetails(ApicurioRegistryBaseIT.java:154)
	at io.apicurio.tests.ApicurioRegistryBaseIT$RegistryApiErrorWatcher.logProblemDetails(ApicurioRegistryBaseIT.java:154)
	at io.apicurio.tests.ApicurioRegistryBaseIT$RegistryApiErrorWatcher.logProblemDetails(ApicurioRegistryBaseIT.java:154)
	at io.apicurio.tests.ApicurioRegistryBaseIT$RegistryApiErrorWatcher.logProblemDetails(ApicurioRegistryBaseIT.java:154)
	at io.apicurio.tests.ApicurioRegistryBaseIT$RegistryApiErrorWatcher.logProblemDetails(ApicurioRegistryBaseIT.java:154)
	at io.apicurio.tests.ApicurioRegistryBaseIT$RegistryApiErrorWatcher.logProblemDetails(ApicurioRegistryBaseIT.java:154)
	at io.apicurio.tests.ApicurioRegistryBaseIT$RegistryApiErrorWatcher.logProblemDetails(ApicurioRegistryBaseIT.java:154)
	at io.apicurio.tests.ApicurioRegistryBaseIT$RegistryApiErrorWatcher.logProblemDetails(ApicurioRegistryBaseIT.java:154)
	at io.apicurio.tests.ApicurioRegistryBaseIT$RegistryApiErrorWatcher.logProblemDetails(ApicurioRegistryBaseIT.java:154)
	at io.apicurio.tests.ApicurioRegistryBaseIT$RegistryApiErrorWatcher.logProblemDetails(ApicurioRegistryBaseIT.java:154)
	at io.apicurio.tests.ApicurioRegistryBaseIT$RegistryApiErrorWatcher.logProblemDetails(ApicurioRegistryBaseIT.java:154)
	at io.apicurio.tests.ApicurioRegistryBaseIT$RegistryApiErrorWatcher.logProblemDetails(ApicurioRegistryBaseIT.java:154)
	at io.apicurio.tests.ApicurioRegistryBaseIT$RegistryApiErrorWatcher.logProblemDetails(ApicurioRegistryBaseIT.java:154)
	at io.apicurio.tests.ApicurioRegistryBaseIT$RegistryApiErrorWatcher.logProblemDetails(ApicurioRegistryBaseIT.java:154)
	at io.apicurio.tests.ApicurioRegistryBaseIT$RegistryApiErrorWatcher.logProblemDetails(ApicurioRegistryBaseIT.java:154)
	at io.apicurio.tests.ApicurioRegistryBaseIT$RegistryApiErrorWatcher.logProblemDetails(ApicurioRegistryBaseIT.java:154)
	at io.apicurio.tests.ApicurioRegistryBaseIT$RegistryApiErrorWatcher.logProblemDetails(ApicurioRegistryBaseIT.java:154)
	at io.apicurio.tests.ApicurioRegistryBaseIT$RegistryApiErrorWatcher.logProblemDetails(ApicurioRegistryBaseIT.java:154)
	at io.apicurio.tests.ApicurioRegistryBaseIT$RegistryApiErrorWatcher.logProblemDetails(ApicurioRegistryBaseIT.java:154)
	at io.apicurio.tests.ApicurioRegistryBaseIT$RegistryApiErrorWatcher.logProblemDetails(ApicurioRegistryBaseIT.java:154)
	at io.apicurio.tests.ApicurioRegistryBaseIT$RegistryApiErrorWatcher.logProblemDetails(ApicurioRegistryBaseIT.java:154)
	at io.apicurio.tests.ApicurioRegistryBaseIT$RegistryApiErrorWatcher.logProblemDetails(ApicurioRegistryBaseIT.java:154)
	at io.apicurio.tests.ApicurioRegistryBaseIT$RegistryApiErrorWatcher.logProblemDetails(ApicurioRegistryBaseIT.java:154)
	at io.apicurio.tests.ApicurioRegistryBaseIT$RegistryApiErrorWatcher.logProblemDetails(ApicurioRegistryBaseIT.java:154)
	at io.apicurio.tests.ApicurioRegistryBaseIT$RegistryApiErrorWatcher.logProblemDetails(ApicurioRegistryBaseIT.java:154)
	at io.apicurio.tests.ApicurioRegistryBaseIT$RegistryApiErrorWatcher.logProblemDetails(ApicurioRegistryBaseIT.java:154)
	at io.apicurio.tests.ApicurioRegistryBaseIT$RegistryApiErrorWatcher.logProblemDetails(ApicurioRegistryBaseIT.java:154)
	at io.apicurio.tests.ApicurioRegistryBaseIT$RegistryApiErrorWatcher.logProblemDetails(ApicurioRegistryBaseIT.java:154)
	at io.apicurio.tests.ApicurioRegistryBaseIT$RegistryApiErrorWatcher.logProblemDetails(ApicurioRegistryBaseIT.java:154)
	at io.apicurio.tests.ApicurioRegistryBaseIT$RegistryApiErrorWatcher.logProblemDetails(ApicurioRegistryBaseIT.java:154)
	at io.apicurio.tests.ApicurioRegistryBaseIT$RegistryApiErrorWatcher.logProblemDetails(ApicurioRegistryBaseIT.java:154)
	at io.apicurio.tests.ApicurioRegistryBaseIT$RegistryApiErrorWatcher.logProblemDetails(ApicurioRegistryBaseIT.java:154)
	at io.apicurio.tests.ApicurioRegistryBaseIT$RegistryApiErrorWatcher.logProblemDetails(ApicurioRegistryBaseIT.java:154)
	at io.apicurio.tests.ApicurioRegistryBaseIT$RegistryApiErrorWatcher.logProblemDetails(ApicurioRegistryBaseIT.java:154)
	at io.apicurio.tests.ApicurioRegistryBaseIT$RegistryApiErrorWatcher.logProblemDetails(ApicurioRegistryBaseIT.java:154)
	at io.apicurio.tests.ApicurioRegistryBaseIT$RegistryApiErrorWatcher.logProblemDetails(ApicurioRegistryBaseIT.java:154)
	at io.apicurio.tests.ApicurioRegistryBaseIT$RegistryApiErrorWatcher.logProblemDetails(ApicurioRegistryBaseIT.java:154)
	at io.apicurio.tests.ApicurioRegistryBaseIT$RegistryApiErrorWatcher.logProblemDetails(ApicurioRegistryBaseIT.java:154)
	at io.apicurio.tests.ApicurioRegistryBaseIT$RegistryApiErrorWatcher.logProblemDetails(ApicurioRegistryBaseIT.java:154)
	at io.apicurio.tests.ApicurioRegistryBaseIT$RegistryApiErrorWatcher.logProblemDetails(ApicurioRegistryBaseIT.java:154)
	at io.apicurio.tests.ApicurioRegistryBaseIT$RegistryApiErrorWatcher.logProblemDetails(ApicurioRegistryBaseIT.java:154)
	at io.apicurio.tests.ApicurioRegistryBaseIT$RegistryApiErrorWatcher.logProblemDetails(ApicurioRegistryBaseIT.java:154)
	at io.apicurio.tests.ApicurioRegistryBaseIT$RegistryApiErrorWatcher.logProblemDetails(ApicurioRegistryBaseIT.java:154)
	at io.apicurio.tests.ApicurioRegistryBaseIT$RegistryApiErrorWatcher.logProblemDetails(ApicurioRegistryBaseIT.java:154)
	at io.apicurio.tests.ApicurioRegistryBaseIT$RegistryApiErrorWatcher.logProblemDetails(ApicurioRegistryBaseIT.java:154)
	at io.apicurio.tests.ApicurioRegistryBaseIT$RegistryApiErrorWatcher.logProblemDetails(ApicurioRegistryBaseIT.java:154)
	at io.apicurio.tests.ApicurioRegistryBaseIT$RegistryApiErrorWatcher.logProblemDetails(ApicurioRegistryBaseIT.java:154)
	at io.apicurio.tests.ApicurioRegistryBaseIT$RegistryApiErrorWatcher.logProblemDetails(ApicurioRegistryBaseIT.java:154)
	at io.apicurio.tests.ApicurioRegistryBaseIT$RegistryApiErrorWatcher.logProblemDetails(ApicurioRegistryBaseIT.java:154)
	at io.apicurio.tests.ApicurioRegistryBaseIT$RegistryApiErrorWatcher.logProblemDetails(ApicurioRegistryBaseIT.java:154)
	at io.apicurio.tests.ApicurioRegistryBaseIT$RegistryApiErrorWatcher.logProblemDetails(ApicurioRegistryBaseIT.java:154)
	at io.apicurio.tests.ApicurioRegistryBaseIT$RegistryApiErrorWatcher.logProblemDetails(ApicurioRegistryBaseIT.java:154)
	at io.apicurio.tests.ApicurioRegistryBaseIT$RegistryApiErrorWatcher.logProblemDetails(ApicurioRegistryBaseIT.java:154)
	at io.apicurio.tests.ApicurioRegistryBaseIT$RegistryApiErrorWatcher.logProblemDetails(ApicurioRegistryBaseIT.java:154)
	at io.apicurio.tests.ApicurioRegistryBaseIT$RegistryApiErrorWatcher.logProblemDetails(ApicurioRegistryBaseIT.java:154)
	at io.apicurio.tests.ApicurioRegistryBaseIT$RegistryApiErrorWatcher.logProblemDetails(ApicurioRegistryBaseIT.java:154)
	at io.apicurio.tests.ApicurioRegistryBaseIT$RegistryApiErrorWatcher.logProblemDetails(ApicurioRegistryBaseIT.java:154)
	at io.apicurio.tests.ApicurioRegistryBaseIT$RegistryApiErrorWatcher.logProblemDetails(ApicurioRegistryBaseIT.java:154)
	at io.apicurio.tests.ApicurioRegistryBaseIT$RegistryApiErrorWatcher.logProblemDetails(ApicurioRegistryBaseIT.java:154)
	at io.apicurio.tests.ApicurioRegistryBaseIT$RegistryApiErrorWatcher.logProblemDetails(ApicurioRegistryBaseIT.java:154)
	at io.apicurio.tests.ApicurioRegistryBaseIT$RegistryApiErrorWatcher.logProblemDetails(ApicurioRegistryBaseIT.java:154)
	at io.apicurio.tests.ApicurioRegistryBaseIT$RegistryApiErrorWatcher.logProblemDetails(ApicurioRegistryBaseIT.java:154)
	at io.apicurio.tests.ApicurioRegistryBaseIT$RegistryApiErrorWatcher.logProblemDetails(ApicurioRegistryBaseIT.java:154)
	at io.apicurio.tests.ApicurioRegistryBaseIT$RegistryApiErrorWatcher.logProblemDetails(ApicurioRegistryBaseIT.java:154)
	at io.apicurio.tests.ApicurioRegistryBaseIT$RegistryApiErrorWatcher.logProblemDetails(ApicurioRegistryBaseIT.java:154)
	at io.apicurio.tests.ApicurioRegistryBaseIT$RegistryApiErrorWatcher.logProblemDetails(ApicurioRegistryBaseIT.java:154)
	at io.apicurio.tests.ApicurioRegistryBaseIT$RegistryApiErrorWatcher.logProblemDetails(ApicurioRegistryBaseIT.java:154)
	at io.apicurio.tests.ApicurioRegistryBaseIT$RegistryApiErrorWatcher.logProblemDetails(ApicurioRegistryBaseIT.java:154)
	at io.apicurio.tests.ApicurioRegistryBaseIT$RegistryApiErrorWatcher.logProblemDetails(ApicurioRegistryBaseIT.java:154)
	at io.apicurio.tests.ApicurioRegistryBaseIT$RegistryApiErrorWatcher.logProblemDetails(ApicurioRegistryBaseIT.java:154)
	at io.apicurio.tests.ApicurioRegistryBaseIT$RegistryApiErrorWatcher.logProblemDetails(ApicurioRegistryBaseIT.java:154)
	at io.apicurio.tests.ApicurioRegistryBaseIT$RegistryApiErrorWatcher.logProblemDetails(ApicurioRegistryBaseIT.java:154)
	at io.apicurio.tests.ApicurioRegistryBaseIT$RegistryApiErrorWatcher.logProblemDetails(ApicurioRegistryBaseIT.java:154)
	at io.apicurio.tests.ApicurioRegistryBaseIT$RegistryApiErrorWatcher.logProblemDetails(ApicurioRegistryBaseIT.java:154)
	at io.apicurio.tests.ApicurioRegistryBaseIT$RegistryApiErrorWatcher.logProblemDetails(ApicurioRegistryBaseIT.java:154)
	at io.apicurio.tests.ApicurioRegistryBaseIT$RegistryApiErrorWatcher.logProblemDetails(ApicurioRegistryBaseIT.java:154)
	at io.apicurio.tests.ApicurioRegistryBaseIT$RegistryApiErrorWatcher.logProblemDetails(ApicurioRegistryBaseIT.java:154)
	at io.apicurio.tests.ApicurioRegistryBaseIT$RegistryApiErrorWatcher.logProblemDetails(ApicurioRegistryBaseIT.java:154)
	at io.apicurio.tests.ApicurioRegistryBaseIT$RegistryApiErrorWatcher.logProblemDetails(ApicurioRegistryBaseIT.java:154)
	at io.apicurio.tests.ApicurioRegistryBaseIT$RegistryApiErrorWatcher.logProblemDetails(ApicurioRegistryBaseIT.java:154)
	at io.apicurio.tests.ApicurioRegistryBaseIT$RegistryApiErrorWatcher.logProblemDetails(ApicurioRegistryBaseIT.java:154)
	at io.apicurio.tests.ApicurioRegistryBaseIT$RegistryApiErrorWatcher.logProblemDetails(ApicurioRegistryBaseIT.java:154)
	at io.apicurio.tests.ApicurioRegistryBaseIT$RegistryApiErrorWatcher.logProblemDetails(ApicurioRegistryBaseIT.java:154)
	at io.apicurio.tests.ApicurioRegistryBaseIT$RegistryApiErrorWatcher.logProblemDetails(ApicurioRegistryBaseIT.java:154)
	at io.apicurio.tests.ApicurioRegistryBaseIT$RegistryApiErrorWatcher.logProblemDetails(ApicurioRegistryBaseIT.java:154)
	at io.apicurio.tests.ApicurioRegistryBaseIT$RegistryApiErrorWatcher.logProblemDetails(ApicurioRegistryBaseIT.java:154)
	at io.apicurio.tests.ApicurioRegistryBaseIT$RegistryApiErrorWatcher.logProblemDetails(ApicurioRegistryBaseIT.java:154)
	at io.apicurio.tests.ApicurioRegistryBaseIT$RegistryApiErrorWatcher.logProblemDetails(ApicurioRegistryBaseIT.java:154)
	at io.apicurio.tests.ApicurioRegistryBaseIT$RegistryApiErrorWatcher.logProblemDetails(ApicurioRegistryBaseIT.java:154)
	at io.apicurio.tests.ApicurioRegistryBaseIT$RegistryApiErrorWatcher.logProblemDetails(ApicurioRegistryBaseIT.java:154)
	at io.apicurio.tests.ApicurioRegistryBaseIT$RegistryApiErrorWatcher.logProblemDetails(ApicurioRegistryBaseIT.java:154)
	at io.apicurio.tests.ApicurioRegistryBaseIT$RegistryApiErrorWatcher.logProblemDetails(ApicurioRegistryBaseIT.java:154)
	at io.apicurio.tests.ApicurioRegistryBaseIT$RegistryApiErrorWatcher.logProblemDetails(ApicurioRegistryBaseIT.java:154)
	at io.apicurio.tests.ApicurioRegistryBaseIT$RegistryApiErrorWatcher.logProblemDetails(ApicurioRegistryBaseIT.java:154)
	at io.apicurio.tests.ApicurioRegistryBaseIT$RegistryApiErrorWatcher.logProblemDetails(ApicurioRegistryBaseIT.java:154)
	at io.apicurio.tests.ApicurioRegistryBaseIT$RegistryApiErrorWatcher.logProblemDetails(ApicurioRegistryBaseIT.java:154)
	at io.apicurio.tests.ApicurioRegistryBaseIT$RegistryApiErrorWatcher.logProblemDetails(ApicurioRegistryBaseIT.java:154)
	at io.apicurio.tests.ApicurioRegistryBaseIT$RegistryApiErrorWatcher.logProblemDetails(ApicurioRegistryBaseIT.java:154)
	at io.apicurio.tests.ApicurioRegistryBaseIT$RegistryApiErrorWatcher.logProblemDetails(ApicurioRegistryBaseIT.java:154)
	at io.apicurio.tests.ApicurioRegistryBaseIT$RegistryApiErrorWatcher.logProblemDetails(ApicurioRegistryBaseIT.java:154)
	at io.apicurio.tests.ApicurioRegistryBaseIT$RegistryApiErrorWatcher.logProblemDetails(ApicurioRegistryBaseIT.java:154)
	at io.apicurio.tests.ApicurioRegistryBaseIT$RegistryApiErrorWatcher.logProblemDetails(ApicurioRegistryBaseIT.java:154)
	at io.apicurio.tests.ApicurioRegistryBaseIT$RegistryApiErrorWatcher.logProblemDetails(ApicurioRegistryBaseIT.java:154)
	at io.apicurio.tests.ApicurioRegistryBaseIT$RegistryApiErrorWatcher.logProblemDetails(ApicurioRegistryBaseIT.java:154)
	at io.apicurio.tests.ApicurioRegistryBaseIT$RegistryApiErrorWatcher.logProblemDetails(ApicurioRegistryBaseIT.java:154)
	at io.apicurio.tests.ApicurioRegistryBaseIT$RegistryApiErrorWatcher.logProblemDetails(ApicurioRegistryBaseIT.java:154)
	at io.apicurio.tests.ApicurioRegistryBaseIT$RegistryApiErrorWatcher.logProblemDetails(ApicurioRegistryBaseIT.java:154)
	at io.apicurio.tests.ApicurioRegistryBaseIT$RegistryApiErrorWatcher.logProblemDetails(ApicurioRegistryBaseIT.java:154)
	at io.apicurio.tests.ApicurioRegistryBaseIT$RegistryApiErrorWatcher.logProblemDetails(ApicurioRegistryBaseIT.java:154)
	at io.apicurio.tests.ApicurioRegistryBaseIT$RegistryApiErrorWatcher.logProblemDetails(ApicurioRegistryBaseIT.java:154)
	at io.apicurio.tests.ApicurioRegistryBaseIT$RegistryApiErrorWatcher.logProblemDetails(ApicurioRegistryBaseIT.java:154)
	at io.apicurio.tests.ApicurioRegistryBaseIT$RegistryApiErrorWatcher.logProblemDetails(ApicurioRegistryBaseIT.java:154)
	at io.apicurio.tests.ApicurioRegistryBaseIT$RegistryApiErrorWatcher.logProblemDetails(ApicurioRegistryBaseIT.java:154)
	at io.apicurio.tests.ApicurioRegistryBaseIT$RegistryApiErrorWatcher.logProblemDetails(ApicurioRegistryBaseIT.java:154)
	at io.apicurio.tests.ApicurioRegistryBaseIT$RegistryApiErrorWatcher.logProblemDetails(ApicurioRegistryBaseIT.java:154)
	at io.apicurio.tests.ApicurioRegistryBaseIT$RegistryApiErrorWatcher.logProblemDetails(ApicurioRegistryBaseIT.java:154)
	at io.apicurio.tests.ApicurioRegistryBaseIT$RegistryApiErrorWatcher.logProblemDetails(ApicurioRegistryBaseIT.java:154)
	at io.apicurio.tests.ApicurioRegistryBaseIT$RegistryApiErrorWatcher.logProblemDetails(ApicurioRegistryBaseIT.java:154)
	at io.apicurio.tests.ApicurioRegistryBaseIT$RegistryApiErrorWatcher.logProblemDetails(ApicurioRegistryBaseIT.java:154)
	at io.apicurio.tests.ApicurioRegistryBaseIT$RegistryApiErrorWatcher.logProblemDetails(ApicurioRegistryBaseIT.java:154)
	at io.apicurio.tests.ApicurioRegistryBaseIT$RegistryApiErrorWatcher.logProblemDetails(ApicurioRegistryBaseIT.java:154)
	at io.apicurio.tests.ApicurioRegistryBaseIT$RegistryApiErrorWatcher.logProblemDetails(ApicurioRegistryBaseIT.java:154)
	at io.apicurio.tests.ApicurioRegistryBaseIT$RegistryApiErrorWatcher.logProblemDetails(ApicurioRegistryBaseIT.java:154)
	at io.apicurio.tests.ApicurioRegistryBaseIT$RegistryApiErrorWatcher.logProblemDetails(ApicurioRegistryBaseIT.java:154)
	at io.apicurio.tests.ApicurioRegistryBaseIT$RegistryApiErrorWatcher.logProblemDetails(ApicurioRegistryBaseIT.java:154)
	at io.apicurio.tests.ApicurioRegistryBaseIT$RegistryApiErrorWatcher.logProblemDetails(ApicurioRegistryBaseIT.java:154)
	at io.apicurio.tests.ApicurioRegistryBaseIT$RegistryApiErrorWatcher.logProblemDetails(ApicurioRegistryBaseIT.java:154)
	at io.apicurio.tests.ApicurioRegistryBaseIT$RegistryApiErrorWatcher.logProblemDetails(ApicurioRegistryBaseIT.java:154)
	at io.apicurio.tests.ApicurioRegistryBaseIT$RegistryApiErrorWatcher.logProblemDetails(ApicurioRegistryBaseIT.java:154)
	at io.apicurio.tests.ApicurioRegistryBaseIT$RegistryApiErrorWatcher.logProblemDetails(ApicurioRegistryBaseIT.java:154)
	at io.apicurio.tests.ApicurioRegistryBaseIT$RegistryApiErrorWatcher.logProblemDetails(ApicurioRegistryBaseIT.java:154)
	at io.apicurio.tests.ApicurioRegistryBaseIT$RegistryApiErrorWatcher.logProblemDetails(ApicurioRegistryBaseIT.java:154)
	at io.apicurio.tests.ApicurioRegistryBaseIT$RegistryApiErrorWatcher.logProblemDetails(ApicurioRegistryBaseIT.java:154)
	at io.apicurio.tests.ApicurioRegistryBaseIT$RegistryApiErrorWatcher.logProblemDetails(ApicurioRegistryBaseIT.java:154)
	at io.apicurio.tests.ApicurioRegistryBaseIT$RegistryApiErrorWatcher.logProblemDetails(ApicurioRegistryBaseIT.java:154)
	at io.apicurio.tests.ApicurioRegistryBaseIT$RegistryApiErrorWatcher.logProblemDetails(ApicurioRegistryBaseIT.java:154)
	at io.apicurio.tests.ApicurioRegistryBaseIT$RegistryApiErrorWatcher.logProblemDetails(ApicurioRegistryBaseIT.java:154)
	at io.apicurio.tests.ApicurioRegistryBaseIT$RegistryApiErrorWatcher.logProblemDetails(ApicurioRegistryBaseIT.java:154)
	at io.apicurio.tests.ApicurioRegistryBaseIT$RegistryApiErrorWatcher.logProblemDetails(ApicurioRegistryBaseIT.java:154)
	at io.apicurio.tests.ApicurioRegistryBaseIT$RegistryApiErrorWatcher.logProblemDetails(ApicurioRegistryBaseIT.java:154)
	at io.apicurio.tests.ApicurioRegistryBaseIT$RegistryApiErrorWatcher.logProblemDetails(ApicurioRegistryBaseIT.java:154)
	at io.apicurio.tests.ApicurioRegistryBaseIT$RegistryApiErrorWatcher.logProblemDetails(ApicurioRegistryBaseIT.java:154)
	at io.apicurio.tests.ApicurioRegistryBaseIT$RegistryApiErrorWatcher.logProblemDetails(ApicurioRegistryBaseIT.java:154)
	at io.apicurio.tests.ApicurioRegistryBaseIT$RegistryApiErrorWatcher.logProblemDetails(ApicurioRegistryBaseIT.java:154)
	at io.apicurio.tests.ApicurioRegistryBaseIT$RegistryApiErrorWatcher.logProblemDetails(ApicurioRegistryBaseIT.java:154)
	at io.apicurio.tests.ApicurioRegistryBaseIT$RegistryApiErrorWatcher.logProblemDetails(ApicurioRegistryBaseIT.java:154)
	at io.apicurio.tests.ApicurioRegistryBaseIT$RegistryApiErrorWatcher.logProblemDetails(ApicurioRegistryBaseIT.java:154)
	at io.apicurio.tests.ApicurioRegistryBaseIT$RegistryApiErrorWatcher.logProblemDetails(ApicurioRegistryBaseIT.java:154)
	at io.apicurio.tests.ApicurioRegistryBaseIT$RegistryApiErrorWatcher.logProblemDetails(ApicurioRegistryBaseIT.java:154)
	at io.apicurio.tests.ApicurioRegistryBaseIT$RegistryApiErrorWatcher.logProblemDetails(ApicurioRegistryBaseIT.java:154)
	at io.apicurio.tests.ApicurioRegistryBaseIT$RegistryApiErrorWatcher.logProblemDetails(ApicurioRegistryBaseIT.java:154)
	at io.apicurio.tests.ApicurioRegistryBaseIT$RegistryApiErrorWatcher.logProblemDetails(ApicurioRegistryBaseIT.java:154)
	at io.apicurio.tests.ApicurioRegistryBaseIT$RegistryApiErrorWatcher.logProblemDetails(ApicurioRegistryBaseIT.java:154)
	at io.apicurio.tests.ApicurioRegistryBaseIT$RegistryApiErrorWatcher.logProblemDetails(ApicurioRegistryBaseIT.java:154)
	at io.apicurio.tests.ApicurioRegistryBaseIT$RegistryApiErrorWatcher.logProblemDetails(ApicurioRegistryBaseIT.java:154)
	at io.apicurio.tests.ApicurioRegistryBaseIT$RegistryApiErrorWatcher.logProblemDetails(ApicurioRegistryBaseIT.java:154)
	at io.apicurio.tests.ApicurioRegistryBaseIT$RegistryApiErrorWatcher.logProblemDetails(ApicurioRegistryBaseIT.java:154)
	at io.apicurio.tests.ApicurioRegistryBaseIT$RegistryApiErrorWatcher.logProblemDetails(ApicurioRegistryBaseIT.java:154)
	at io.apicurio.tests.ApicurioRegistryBaseIT$RegistryApiErrorWatcher.logProblemDetails(ApicurioRegistryBaseIT.java:154)
	at io.apicurio.tests.ApicurioRegistryBaseIT$RegistryApiErrorWatcher.logProblemDetails(ApicurioRegistryBaseIT.java:154)
	at io.apicurio.tests.ApicurioRegistryBaseIT$RegistryApiErrorWatcher.logProblemDetails(ApicurioRegistryBaseIT.java:154)
	at io.apicurio.tests.ApicurioRegistryBaseIT$RegistryApiErrorWatcher.logProblemDetails(ApicurioRegistryBaseIT.java:154)
	at io.apicurio.tests.ApicurioRegistryBaseIT$RegistryApiErrorWatcher.logProblemDetails(ApicurioRegistryBaseIT.java:154)
	at io.apicurio.tests.ApicurioRegistryBaseIT$RegistryApiErrorWatcher.logProblemDetails(ApicurioRegistryBaseIT.java:154)
	at io.apicurio.tests.ApicurioRegistryBaseIT$RegistryApiErrorWatcher.logProblemDetails(ApicurioRegistryBaseIT.java:154)
	at io.apicurio.tests.ApicurioRegistryBaseIT$RegistryApiErrorWatcher.logProblemDetails(ApicurioRegistryBaseIT.java:154)
	at io.apicurio.tests.ApicurioRegistryBaseIT$RegistryApiErrorWatcher.logProblemDetails(ApicurioRegistryBaseIT.java:154)
	at io.apicurio.tests.ApicurioRegistryBaseIT$RegistryApiErrorWatcher.logProblemDetails(ApicurioRegistryBaseIT.java:154)
	at io.apicurio.tests.ApicurioRegistryBaseIT$RegistryApiErrorWatcher.logProblemDetails(ApicurioRegistryBaseIT.java:154)
	at io.apicurio.tests.ApicurioRegistryBaseIT$RegistryApiErrorWatcher.logProblemDetails(ApicurioRegistryBaseIT.java:154)
	at io.apicurio.tests.ApicurioRegistryBaseIT$RegistryApiErrorWatcher.logProblemDetails(ApicurioRegistryBaseIT.java:154)
	at io.apicurio.tests.ApicurioRegistryBaseIT$RegistryApiErrorWatcher.logProblemDetails(ApicurioRegistryBaseIT.java:154)
	at io.apicurio.tests.ApicurioRegistryBaseIT$RegistryApiErrorWatcher.logProblemDetails(ApicurioRegistryBaseIT.java:154)
	at io.apicurio.tests.ApicurioRegistryBaseIT$RegistryApiErrorWatcher.logProblemDetails(ApicurioRegistryBaseIT.java:154)
	at io.apicurio.tests.ApicurioRegistryBaseIT$RegistryApiErrorWatcher.logProblemDetails(ApicurioRegistryBaseIT.java:154)
	at io.apicurio.tests.ApicurioRegistryBaseIT$RegistryApiErrorWatcher.logProblemDetails(ApicurioRegistryBaseIT.java:154)
	at io.apicurio.tests.ApicurioRegistryBaseIT$RegistryApiErrorWatcher.logProblemDetails(ApicurioRegistryBaseIT.java:154)
	at io.apicurio.tests.ApicurioRegistryBaseIT$RegistryApiErrorWatcher.logProblemDetails(ApicurioRegistryBaseIT.java:154)
	at io.apicurio.tests.ApicurioRegistryBaseIT$RegistryApiErrorWatcher.logProblemDetails(ApicurioRegistryBaseIT.java:154)
	at io.apicurio.tests.ApicurioRegistryBaseIT$RegistryApiErrorWatcher.logProblemDetails(ApicurioRegistryBaseIT.java:154)
	at io.apicurio.tests.ApicurioRegistryBaseIT$RegistryApiErrorWatcher.logProblemDetails(ApicurioRegistryBaseIT.java:154)
	at io.apicurio.tests.ApicurioRegistryBaseIT$RegistryApiErrorWatcher.logProblemDetails(ApicurioRegistryBaseIT.java:154)
	at io.apicurio.tests.ApicurioRegistryBaseIT$RegistryApiErrorWatcher.logProblemDetails(ApicurioRegistryBaseIT.java:154)
	at io.apicurio.tests.ApicurioRegistryBaseIT$RegistryApiErrorWatcher.logProblemDetails(ApicurioRegistryBaseIT.java:154)
	at io.apicurio.tests.ApicurioRegistryBaseIT$RegistryApiErrorWatcher.logProblemDetails(ApicurioRegistryBaseIT.java:154)
	at io.apicurio.tests.ApicurioRegistryBaseIT$RegistryApiErrorWatcher.logProblemDetails(ApicurioRegistryBaseIT.java:154)
	at io.apicurio.tests.ApicurioRegistryBaseIT$RegistryApiErrorWatcher.logProblemDetails(ApicurioRegistryBaseIT.java:154)
	at io.apicurio.tests.ApicurioRegistryBaseIT$RegistryApiErrorWatcher.logProblemDetails(ApicurioRegistryBaseIT.java:154)
	at io.apicurio.tests.ApicurioRegistryBaseIT$RegistryApiErrorWatcher.logProblemDetails(ApicurioRegistryBaseIT.java:154)
	at io.apicurio.tests.ApicurioRegistryBaseIT$RegistryApiErrorWatcher.logProblemDetails(ApicurioRegistryBaseIT.java:154)
	at io.apicurio.tests.ApicurioRegistryBaseIT$RegistryApiErrorWatcher.logProblemDetails(ApicurioRegistryBaseIT.java:154)
	at io.apicurio.tests.ApicurioRegistryBaseIT$RegistryApiErrorWatcher.logProblemDetails(ApicurioRegistryBaseIT.java:154)
	at io.apicurio.tests.ApicurioRegistryBaseIT$RegistryApiErrorWatcher.logProblemDetails(ApicurioRegistryBaseIT.java:154)
	at io.apicurio.tests.ApicurioRegistryBaseIT$RegistryApiErrorWatcher.logProblemDetails(ApicurioRegistryBaseIT.java:154)
	at io.apicurio.tests.ApicurioRegistryBaseIT$RegistryApiErrorWatcher.logProblemDetails(ApicurioRegistryBaseIT.java:154)
	at io.apicurio.tests.ApicurioRegistryBaseIT$RegistryApiErrorWatcher.logProblemDetails(ApicurioRegistryBaseIT.java:154)
	at io.apicurio.tests.ApicurioRegistryBaseIT$RegistryApiErrorWatcher.logProblemDetails(ApicurioRegistryBaseIT.java:154)
	at io.apicurio.tests.ApicurioRegistryBaseIT$RegistryApiErrorWatcher.logProblemDetails(ApicurioRegistryBaseIT.java:154)
	at io.apicurio.tests.ApicurioRegistryBaseIT$RegistryApiErrorWatcher.logProblemDetails(ApicurioRegistryBaseIT.java:154)
	at io.apicurio.tests.ApicurioRegistryBaseIT$RegistryApiErrorWatcher.logProblemDetails(ApicurioRegistryBaseIT.java:154)
	at io.apicurio.tests.ApicurioRegistryBaseIT$RegistryApiErrorWatcher.logProblemDetails(ApicurioRegistryBaseIT.java:154)
	at io.apicurio.tests.ApicurioRegistryBaseIT$RegistryApiErrorWatcher.logProblemDetails(ApicurioRegistryBaseIT.java:154)
	at io.apicurio.tests.ApicurioRegistryBaseIT$RegistryApiErrorWatcher.logProblemDetails(ApicurioRegistryBaseIT.java:154)
	at io.apicurio.tests.ApicurioRegistryBaseIT$RegistryApiErrorWatcher.logProblemDetails(ApicurioRegistryBaseIT.java:154)
	at io.apicurio.tests.ApicurioRegistryBaseIT$RegistryApiErrorWatcher.logProblemDetails(ApicurioRegistryBaseIT.java:154)
	at io.apicurio.tests.ApicurioRegistryBaseIT$RegistryApiErrorWatcher.logProblemDetails(ApicurioRegistryBaseIT.java:154)
	at io.apicurio.tests.ApicurioRegistryBaseIT$RegistryApiErrorWatcher.logProblemDetails(ApicurioRegistryBaseIT.java:154)
	at io.apicurio.tests.ApicurioRegistryBaseIT$RegistryApiErrorWatcher.logProblemDetails(ApicurioRegistryBaseIT.java:154)
	at io.apicurio.tests.ApicurioRegistryBaseIT$RegistryApiErrorWatcher.logProblemDetails(ApicurioRegistryBaseIT.java:154)
	at io.apicurio.tests.ApicurioRegistryBaseIT$RegistryApiErrorWatcher.logProblemDetails(ApicurioRegistryBaseIT.java:154)
	at io.apicurio.tests.ApicurioRegistryBaseIT$RegistryApiErrorWatcher.logProblemDetails(ApicurioRegistryBaseIT.java:154)
	at io.apicurio.tests.ApicurioRegistryBaseIT$RegistryApiErrorWatcher.logProblemDetails(ApicurioRegistryBaseIT.java:154)
	at io.apicurio.tests.ApicurioRegistryBaseIT$RegistryApiErrorWatcher.logProblemDetails(ApicurioRegistryBaseIT.java:154)
	at io.apicurio.tests.ApicurioRegistryBaseIT$RegistryApiErrorWatcher.logProblemDetails(ApicurioRegistryBaseIT.java:154)
	at io.apicurio.tests.ApicurioRegistryBaseIT$RegistryApiErrorWatcher.logProblemDetails(ApicurioRegistryBaseIT.java:154)
	at io.apicurio.tests.ApicurioRegistryBaseIT$RegistryApiErrorWatcher.logProblemDetails(ApicurioRegistryBaseIT.java:154)
	at io.apicurio.tests.ApicurioRegistryBaseIT$RegistryApiErrorWatcher.logProblemDetails(ApicurioRegistryBaseIT.java:154)
	at io.apicurio.tests.ApicurioRegistryBaseIT$RegistryApiErrorWatcher.logProblemDetails(ApicurioRegistryBaseIT.java:154)
	at io.apicurio.tests.ApicurioRegistryBaseIT$RegistryApiErrorWatcher.logProblemDetails(ApicurioRegistryBaseIT.java:154)
	at io.apicurio.tests.ApicurioRegistryBaseIT$RegistryApiErrorWatcher.logProblemDetails(ApicurioRegistryBaseIT.java:154)
	at io.apicurio.tests.ApicurioRegistryBaseIT$RegistryApiErrorWatcher.logProblemDetails(ApicurioRegistryBaseIT.java:154)
	at io.apicurio.tests.ApicurioRegistryBaseIT$RegistryApiErrorWatcher.logProblemDetails(ApicurioRegistryBaseIT.java:154)
	at io.apicurio.tests.ApicurioRegistryBaseIT$RegistryApiErrorWatcher.logProblemDetails(ApicurioRegistryBaseIT.java:154)
	at io.apicurio.tests.ApicurioRegistryBaseIT$RegistryApiErrorWatcher.logProblemDetails(ApicurioRegistryBaseIT.java:154)
	at io.apicurio.tests.ApicurioRegistryBaseIT$RegistryApiErrorWatcher.logProblemDetails(ApicurioRegistryBaseIT.java:154)
	at io.apicurio.tests.ApicurioRegistryBaseIT$RegistryApiErrorWatcher.logProblemDetails(ApicurioRegistryBaseIT.java:154)
	at io.apicurio.tests.ApicurioRegistryBaseIT$RegistryApiErrorWatcher.logProblemDetails(ApicurioRegistryBaseIT.java:154)
	at io.apicurio.tests.ApicurioRegistryBaseIT$RegistryApiErrorWatcher.logProblemDetails(ApicurioRegistryBaseIT.java:154)
	at io.apicurio.tests.ApicurioRegistryBaseIT$RegistryApiErrorWatcher.logProblemDetails(ApicurioRegistryBaseIT.java:154)
	at io.apicurio.tests.ApicurioRegistryBaseIT$RegistryApiErrorWatcher.logProblemDetails(ApicurioRegistryBaseIT.java:154)
	at io.apicurio.tests.ApicurioRegistryBaseIT$RegistryApiErrorWatcher.logProblemDetails(ApicurioRegistryBaseIT.java:154)
	at io.apicurio.tests.ApicurioRegistryBaseIT$RegistryApiErrorWatcher.logProblemDetails(ApicurioRegistryBaseIT.java:154)
	at io.apicurio.tests.ApicurioRegistryBaseIT$RegistryApiErrorWatcher.logProblemDetails(ApicurioRegistryBaseIT.java:154)
	at io.apicurio.tests.ApicurioRegistryBaseIT$RegistryApiErrorWatcher.logProblemDetails(ApicurioRegistryBaseIT.java:154)
	at io.apicurio.tests.ApicurioRegistryBaseIT$RegistryApiErrorWatcher.logProblemDetails(ApicurioRegistryBaseIT.java:154)
	at io.apicurio.tests.ApicurioRegistryBaseIT$RegistryApiErrorWatcher.logProblemDetails(ApicurioRegistryBaseIT.java:154)
	at io.apicurio.tests.ApicurioRegistryBaseIT$RegistryApiErrorWatcher.logProblemDetails(ApicurioRegistryBaseIT.java:154)
	at io.apicurio.tests.ApicurioRegistryBaseIT$RegistryApiErrorWatcher.logProblemDetails(ApicurioRegistryBaseIT.java:154)
	at io.apicurio.tests.ApicurioRegistryBaseIT$RegistryApiErrorWatcher.logProblemDetails(ApicurioRegistryBaseIT.java:154)
	at io.apicurio.tests.ApicurioRegistryBaseIT$RegistryApiErrorWatcher.logProblemDetails(ApicurioRegistryBaseIT.java:154)
	at io.apicurio.tests.ApicurioRegistryBaseIT$RegistryApiErrorWatcher.logProblemDetails(ApicurioRegistryBaseIT.java:154)
	at io.apicurio.tests.ApicurioRegistryBaseIT$RegistryApiErrorWatcher.logProblemDetails(ApicurioRegistryBaseIT.java:154)
	at io.apicurio.tests.ApicurioRegistryBaseIT$RegistryApiErrorWatcher.logProblemDetails(ApicurioRegistryBaseIT.java:154)
	at io.apicurio.tests.ApicurioRegistryBaseIT$RegistryApiErrorWatcher.logProblemDetails(ApicurioRegistryBaseIT.java:154)
	at io.apicurio.tests.ApicurioRegistryBaseIT$RegistryApiErrorWatcher.logProblemDetails(ApicurioRegistryBaseIT.java:154)
	at io.apicurio.tests.ApicurioRegistryBaseIT$RegistryApiErrorWatcher.logProblemDetails(ApicurioRegistryBaseIT.java:154)
	at io.apicurio.tests.ApicurioRegistryBaseIT$RegistryApiErrorWatcher.logProblemDetails(ApicurioRegistryBaseIT.java:154)
	at io.apicurio.tests.ApicurioRegistryBaseIT$RegistryApiErrorWatcher.logProblemDetails(ApicurioRegistryBaseIT.java:154)
	at io.apicurio.tests.ApicurioRegistryBaseIT$RegistryApiErrorWatcher.logProblemDetails(ApicurioRegistryBaseIT.java:154)
	at io.apicurio.tests.ApicurioRegistryBaseIT$RegistryApiErrorWatcher.logProblemDetails(ApicurioRegistryBaseIT.java:154)
	at io.apicurio.tests.ApicurioRegistryBaseIT$RegistryApiErrorWatcher.logProblemDetails(ApicurioRegistryBaseIT.java:154)
	at io.apicurio.tests.ApicurioRegistryBaseIT$RegistryApiErrorWatcher.logProblemDetails(ApicurioRegistryBaseIT.java:154)
	at io.apicurio.tests.ApicurioRegistryBaseIT$RegistryApiErrorWatcher.logProblemDetails(ApicurioRegistryBaseIT.java:154)
	at io.apicurio.tests.ApicurioRegistryBaseIT$RegistryApiErrorWatcher.logProblemDetails(ApicurioRegistryBaseIT.java:154)
	at io.apicurio.tests.ApicurioRegistryBaseIT$RegistryApiErrorWatcher.logProblemDetails(ApicurioRegistryBaseIT.java:154)
	at io.apicurio.tests.ApicurioRegistryBaseIT$RegistryApiErrorWatcher.logProblemDetails(ApicurioRegistryBaseIT.java:154)
	at io.apicurio.tests.ApicurioRegistryBaseIT$RegistryApiErrorWatcher.logProblemDetails(ApicurioRegistryBaseIT.java:154)
	at io.apicurio.tests.ApicurioRegistryBaseIT$RegistryApiErrorWatcher.logProblemDetails(ApicurioRegistryBaseIT.java:154)
	at io.apicurio.tests.ApicurioRegistryBaseIT$RegistryApiErrorWatcher.logProblemDetails(ApicurioRegistryBaseIT.java:154)
	at io.apicurio.tests.ApicurioRegistryBaseIT$RegistryApiErrorWatcher.logProblemDetails(ApicurioRegistryBaseIT.java:154)
	at io.apicurio.tests.ApicurioRegistryBaseIT$RegistryApiErrorWatcher.logProblemDetails(ApicurioRegistryBaseIT.java:154)
	at io.apicurio.tests.ApicurioRegistryBaseIT$RegistryApiErrorWatcher.logProblemDetails(ApicurioRegistryBaseIT.java:154)
	at io.apicurio.tests.ApicurioRegistryBaseIT$RegistryApiErrorWatcher.logProblemDetails(ApicurioRegistryBaseIT.java:154)
	at io.apicurio.tests.ApicurioRegistryBaseIT$RegistryApiErrorWatcher.logProblemDetails(ApicurioRegistryBaseIT.java:154)
	at io.apicurio.tests.ApicurioRegistryBaseIT$RegistryApiErrorWatcher.logProblemDetails(ApicurioRegistryBaseIT.java:154)
	at io.apicurio.tests.ApicurioRegistryBaseIT$RegistryApiErrorWatcher.logProblemDetails(ApicurioRegistryBaseIT.java:154)
	at io.apicurio.tests.ApicurioRegistryBaseIT$RegistryApiErrorWatcher.logProblemDetails(ApicurioRegistryBaseIT.java:154)
	at io.apicurio.tests.ApicurioRegistryBaseIT$RegistryApiErrorWatcher.logProblemDetails(ApicurioRegistryBaseIT.java:154)
	at io.apicurio.tests.ApicurioRegistryBaseIT$RegistryApiErrorWatcher.logProblemDetails(ApicurioRegistryBaseIT.java:154)
	at io.apicurio.tests.ApicurioRegistryBaseIT$RegistryApiErrorWatcher.logProblemDetails(ApicurioRegistryBaseIT.java:154)
	at io.apicurio.tests.ApicurioRegistryBaseIT$RegistryApiErrorWatcher.logProblemDetails(ApicurioRegistryBaseIT.java:154)
	at io.apicurio.tests.ApicurioRegistryBaseIT$RegistryApiErrorWatcher.logProblemDetails(ApicurioRegistryBaseIT.java:154)
	at io.apicurio.tests.ApicurioRegistryBaseIT$RegistryApiErrorWatcher.logProblemDetails(ApicurioRegistryBaseIT.java:154)
	at io.apicurio.tests.ApicurioRegistryBaseIT$RegistryApiErrorWatcher.logProblemDetails(ApicurioRegistryBaseIT.java:154)
	at io.apicurio.tests.ApicurioRegistryBaseIT$RegistryApiErrorWatcher.logProblemDetails(ApicurioRegistryBaseIT.java:154)
	at io.apicurio.tests.ApicurioRegistryBaseIT$RegistryApiErrorWatcher.logProblemDetails(ApicurioRegistryBaseIT.java:154)
	at io.apicurio.tests.ApicurioRegistryBaseIT$RegistryApiErrorWatcher.logProblemDetails(ApicurioRegistryBaseIT.java:154)
	at io.apicurio.tests.ApicurioRegistryBaseIT$RegistryApiErrorWatcher.logProblemDetails(ApicurioRegistryBaseIT.java:154)
	at io.apicurio.tests.ApicurioRegistryBaseIT$RegistryApiErrorWatcher.logProblemDetails(ApicurioRegistryBaseIT.java:154)
	at io.apicurio.tests.ApicurioRegistryBaseIT$RegistryApiErrorWatcher.logProblemDetails(ApicurioRegistryBaseIT.java:154)
	at io.apicurio.tests.ApicurioRegistryBaseIT$RegistryApiErrorWatcher.logProblemDetails(ApicurioRegistryBaseIT.java:154)
	at io.apicurio.tests.ApicurioRegistryBaseIT$RegistryApiErrorWatcher.logProblemDetails(ApicurioRegistryBaseIT.java:154)
	at io.apicurio.tests.ApicurioRegistryBaseIT$RegistryApiErrorWatcher.logProblemDetails(ApicurioRegistryBaseIT.java:154)
	at io.apicurio.tests.ApicurioRegistryBaseIT$RegistryApiErrorWatcher.logProblemDetails(ApicurioRegistryBaseIT.java:154)
	at io.apicurio.tests.ApicurioRegistryBaseIT$RegistryApiErrorWatcher.logProblemDetails(ApicurioRegistryBaseIT.java:154)
	at io.apicurio.tests.ApicurioRegistryBaseIT$RegistryApiErrorWatcher.logProblemDetails(ApicurioRegistryBaseIT.java:154)
	at io.apicurio.tests.ApicurioRegistryBaseIT$RegistryApiErrorWatcher.logProblemDetails(ApicurioRegistryBaseIT.java:154)
	at io.apicurio.tests.ApicurioRegistryBaseIT$RegistryApiErrorWatcher.logProblemDetails(ApicurioRegistryBaseIT.java:154)
	at io.apicurio.tests.ApicurioRegistryBaseIT$RegistryApiErrorWatcher.logProblemDetails(ApicurioRegistryBaseIT.java:154)
	at io.apicurio.tests.ApicurioRegistryBaseIT$RegistryApiErrorWatcher.logProblemDetails(ApicurioRegistryBaseIT.java:154)
	at io.apicurio.tests.ApicurioRegistryBaseIT$RegistryApiErrorWatcher.logProblemDetails(ApicurioRegistryBaseIT.java:154)
	at io.apicurio.tests.ApicurioRegistryBaseIT$RegistryApiErrorWatcher.logProblemDetails(ApicurioRegistryBaseIT.java:154)
	at io.apicurio.tests.ApicurioRegistryBaseIT$RegistryApiErrorWatcher.logProblemDetails(ApicurioRegistryBaseIT.java:154)
	at io.apicurio.tests.ApicurioRegistryBaseIT$RegistryApiErrorWatcher.logProblemDetails(ApicurioRegistryBaseIT.java:154)
	at io.apicurio.tests.ApicurioRegistryBaseIT$RegistryApiErrorWatcher.logProblemDetails(ApicurioRegistryBaseIT.java:154)
	at io.apicurio.tests.ApicurioRegistryBaseIT$RegistryApiErrorWatcher.logProblemDetails(ApicurioRegistryBaseIT.java:154)
	at io.apicurio.tests.ApicurioRegistryBaseIT$RegistryApiErrorWatcher.logProblemDetails(ApicurioRegistryBaseIT.java:154)
	at io.apicurio.tests.ApicurioRegistryBaseIT$RegistryApiErrorWatcher.logProblemDetails(ApicurioRegistryBaseIT.java:154)
	at io.apicurio.tests.ApicurioRegistryBaseIT$RegistryApiErrorWatcher.logProblemDetails(ApicurioRegistryBaseIT.java:154)
	at io.apicurio.tests.ApicurioRegistryBaseIT$RegistryApiErrorWatcher.logProblemDetails(ApicurioRegistryBaseIT.java:154)
	at io.apicurio.tests.ApicurioRegistryBaseIT$RegistryApiErrorWatcher.logProblemDetails(ApicurioRegistryBaseIT.java:154)
	at io.apicurio.tests.ApicurioRegistryBaseIT$RegistryApiErrorWatcher.logProblemDetails(ApicurioRegistryBaseIT.java:154)
	at io.apicurio.tests.ApicurioRegistryBaseIT$RegistryApiErrorWatcher.logProblemDetails(ApicurioRegistryBaseIT.java:154)
	at io.apicurio.tests.ApicurioRegistryBaseIT$RegistryApiErrorWatcher.logProblemDetails(ApicurioRegistryBaseIT.java:154)
	at io.apicurio.tests.ApicurioRegistryBaseIT$RegistryApiErrorWatcher.logProblemDetails(ApicurioRegistryBaseIT.java:154)
	at io.apicurio.tests.ApicurioRegistryBaseIT$RegistryApiErrorWatcher.logProblemDetails(ApicurioRegistryBaseIT.java:154)
	at io.apicurio.tests.ApicurioRegistryBaseIT$RegistryApiErrorWatcher.logProblemDetails(ApicurioRegistryBaseIT.java:154)
	at io.apicurio.tests.ApicurioRegistryBaseIT$RegistryApiErrorWatcher.logProblemDetails(ApicurioRegistryBaseIT.java:154)
	at io.apicurio.tests.ApicurioRegistryBaseIT$RegistryApiErrorWatcher.logProblemDetails(ApicurioRegistryBaseIT.java:154)
	at io.apicurio.tests.ApicurioRegistryBaseIT$RegistryApiErrorWatcher.logProblemDetails(ApicurioRegistryBaseIT.java:154)
	at io.apicurio.tests.ApicurioRegistryBaseIT$RegistryApiErrorWatcher.logProblemDetails(ApicurioRegistryBaseIT.java:154)
	at io.apicurio.tests.ApicurioRegistryBaseIT$RegistryApiErrorWatcher.logProblemDetails(ApicurioRegistryBaseIT.java:154)
	at io.apicurio.tests.ApicurioRegistryBaseIT$RegistryApiErrorWatcher.logProblemDetails(ApicurioRegistryBaseIT.java:154)
	at io.apicurio.tests.ApicurioRegistryBaseIT$RegistryApiErrorWatcher.logProblemDetails(ApicurioRegistryBaseIT.java:154)
	at io.apicurio.tests.ApicurioRegistryBaseIT$RegistryApiErrorWatcher.logProblemDetails(ApicurioRegistryBaseIT.java:154)
	at io.apicurio.tests.ApicurioRegistryBaseIT$RegistryApiErrorWatcher.logProblemDetails(ApicurioRegistryBaseIT.java:154)
	at io.apicurio.tests.ApicurioRegistryBaseIT$RegistryApiErrorWatcher.logProblemDetails(ApicurioRegistryBaseIT.java:154)
	at io.apicurio.tests.ApicurioRegistryBaseIT$RegistryApiErrorWatcher.logProblemDetails(ApicurioRegistryBaseIT.java:154)
	at io.apicurio.tests.ApicurioRegistryBaseIT$RegistryApiErrorWatcher.logProblemDetails(ApicurioRegistryBaseIT.java:154)
	at io.apicurio.tests.ApicurioRegistryBaseIT$RegistryApiErrorWatcher.logProblemDetails(ApicurioRegistryBaseIT.java:154)
	at io.apicurio.tests.ApicurioRegistryBaseIT$RegistryApiErrorWatcher.logProblemDetails(ApicurioRegistryBaseIT.java:154)
	at io.apicurio.tests.ApicurioRegistryBaseIT$RegistryApiErrorWatcher.logProblemDetails(ApicurioRegistryBaseIT.java:154)
	at io.apicurio.tests.ApicurioRegistryBaseIT$RegistryApiErrorWatcher.logProblemDetails(ApicurioRegistryBaseIT.java:154)
	at io.apicurio.tests.ApicurioRegistryBaseIT$RegistryApiErrorWatcher.logProblemDetails(ApicurioRegistryBaseIT.java:154)
	at io.apicurio.tests.ApicurioRegistryBaseIT$RegistryApiErrorWatcher.logProblemDetails(ApicurioRegistryBaseIT.java:154)
	at io.apicurio.tests.ApicurioRegistryBaseIT$RegistryApiErrorWatcher.logProblemDetails(ApicurioRegistryBaseIT.java:154)
	at io.apicurio.tests.ApicurioRegistryBaseIT$RegistryApiErrorWatcher.logProblemDetails(ApicurioRegistryBaseIT.java:154)
	at io.apicurio.tests.ApicurioRegistryBaseIT$RegistryApiErrorWatcher.logProblemDetails(ApicurioRegistryBaseIT.java:154)
	at io.apicurio.tests.ApicurioRegistryBaseIT$RegistryApiErrorWatcher.logProblemDetails(ApicurioRegistryBaseIT.java:154)
	at io.apicurio.tests.ApicurioRegistryBaseIT$RegistryApiErrorWatcher.logProblemDetails(ApicurioRegistryBaseIT.java:154)
	at io.apicurio.tests.ApicurioRegistryBaseIT$RegistryApiErrorWatcher.logProblemDetails(ApicurioRegistryBaseIT.java:154)
	at io.apicurio.tests.ApicurioRegistryBaseIT$RegistryApiErrorWatcher.logProblemDetails(ApicurioRegistryBaseIT.java:154)
	at io.apicurio.tests.ApicurioRegistryBaseIT$RegistryApiErrorWatcher.logProblemDetails(ApicurioRegistryBaseIT.java:154)
	at io.apicurio.tests.ApicurioRegistryBaseIT$RegistryApiErrorWatcher.logProblemDetails(ApicurioRegistryBaseIT.java:154)
	at io.apicurio.tests.ApicurioRegistryBaseIT$RegistryApiErrorWatcher.logProblemDetails(ApicurioRegistryBaseIT.java:154)
	at io.apicurio.tests.ApicurioRegistryBaseIT$RegistryApiErrorWatcher.logProblemDetails(ApicurioRegistryBaseIT.java:154)
	at io.apicurio.tests.ApicurioRegistryBaseIT$RegistryApiErrorWatcher.logProblemDetails(ApicurioRegistryBaseIT.java:154)
	at io.apicurio.tests.ApicurioRegistryBaseIT$RegistryApiErrorWatcher.logProblemDetails(ApicurioRegistryBaseIT.java:154)
	at io.apicurio.tests.ApicurioRegistryBaseIT$RegistryApiErrorWatcher.logProblemDetails(ApicurioRegistryBaseIT.java:154)
	at io.apicurio.tests.ApicurioRegistryBaseIT$RegistryApiErrorWatcher.logProblemDetails(ApicurioRegistryBaseIT.java:154)
	at io.apicurio.tests.ApicurioRegistryBaseIT$RegistryApiErrorWatcher.logProblemDetails(ApicurioRegistryBaseIT.java:154)
	at io.apicurio.tests.ApicurioRegistryBaseIT$RegistryApiErrorWatcher.logProblemDetails(ApicurioRegistryBaseIT.java:154)
	at io.apicurio.tests.ApicurioRegistryBaseIT$RegistryApiErrorWatcher.logProblemDetails(ApicurioRegistryBaseIT.java:154)
	at io.apicurio.tests.ApicurioRegistryBaseIT$RegistryApiErrorWatcher.logProblemDetails(ApicurioRegistryBaseIT.java:154)
	at io.apicurio.tests.ApicurioRegistryBaseIT$RegistryApiErrorWatcher.logProblemDetails(ApicurioRegistryBaseIT.java:154)
	at io.apicurio.tests.ApicurioRegistryBaseIT$RegistryApiErrorWatcher.logProblemDetails(ApicurioRegistryBaseIT.java:154)
	at io.apicurio.tests.ApicurioRegistryBaseIT$RegistryApiErrorWatcher.logProblemDetails(ApicurioRegistryBaseIT.java:154)
	at io.apicurio.tests.ApicurioRegistryBaseIT$RegistryApiErrorWatcher.logProblemDetails(ApicurioRegistryBaseIT.java:154)
	at io.apicurio.tests.ApicurioRegistryBaseIT$RegistryApiErrorWatcher.logProblemDetails(ApicurioRegistryBaseIT.java:154)
	at io.apicurio.tests.ApicurioRegistryBaseIT$RegistryApiErrorWatcher.logProblemDetails(ApicurioRegistryBaseIT.java:154)
	at io.apicurio.tests.ApicurioRegistryBaseIT$RegistryApiErrorWatcher.logProblemDetails(ApicurioRegistryBaseIT.java:154)
	at io.apicurio.tests.ApicurioRegistryBaseIT$RegistryApiErrorWatcher.logProblemDetails(ApicurioRegistryBaseIT.java:154)
	at io.apicurio.tests.ApicurioRegistryBaseIT$RegistryApiErrorWatcher.logProblemDetails(ApicurioRegistryBaseIT.java:154)
	at io.apicurio.tests.ApicurioRegistryBaseIT$RegistryApiErrorWatcher.logProblemDetails(ApicurioRegistryBaseIT.java:154)
	at io.apicurio.tests.ApicurioRegistryBaseIT$RegistryApiErrorWatcher.logProblemDetails(ApicurioRegistryBaseIT.java:154)
	at io.apicurio.tests.ApicurioRegistryBaseIT$RegistryApiErrorWatcher.logProblemDetails(ApicurioRegistryBaseIT.java:154)
	at io.apicurio.tests.ApicurioRegistryBaseIT$RegistryApiErrorWatcher.logProblemDetails(ApicurioRegistryBaseIT.java:154)
	at io.apicurio.tests.ApicurioRegistryBaseIT$RegistryApiErrorWatcher.logProblemDetails(ApicurioRegistryBaseIT.java:154)
	at io.apicurio.tests.ApicurioRegistryBaseIT$RegistryApiErrorWatcher.logProblemDetails(ApicurioRegistryBaseIT.java:154)
	at io.apicurio.tests.ApicurioRegistryBaseIT$RegistryApiErrorWatcher.logProblemDetails(ApicurioRegistryBaseIT.java:154)
	at io.apicurio.tests.ApicurioRegistryBaseIT$RegistryApiErrorWatcher.logProblemDetails(ApicurioRegistryBaseIT.java:154)
	at io.apicurio.tests.ApicurioRegistryBaseIT$RegistryApiErrorWatcher.logProblemDetails(ApicurioRegistryBaseIT.java:154)
	at io.apicurio.tests.ApicurioRegistryBaseIT$RegistryApiErrorWatcher.logProblemDetails(ApicurioRegistryBaseIT.java:154)
	at io.apicurio.tests.ApicurioRegistryBaseIT$RegistryApiErrorWatcher.logProblemDetails(ApicurioRegistryBaseIT.java:154)
	at io.apicurio.tests.ApicurioRegistryBaseIT$RegistryApiErrorWatcher.logProblemDetails(ApicurioRegistryBaseIT.java:154)
	at io.apicurio.tests.ApicurioRegistryBaseIT$RegistryApiErrorWatcher.logProblemDetails(ApicurioRegistryBaseIT.java:154)
	at io.apicurio.tests.ApicurioRegistryBaseIT$RegistryApiErrorWatcher.logProblemDetails(ApicurioRegistryBaseIT.java:154)
	at io.apicurio.tests.ApicurioRegistryBaseIT$RegistryApiErrorWatcher.logProblemDetails(ApicurioRegistryBaseIT.java:154)
	at io.apicurio.tests.ApicurioRegistryBaseIT$RegistryApiErrorWatcher.logProblemDetails(ApicurioRegistryBaseIT.java:154)
	at io.apicurio.tests.ApicurioRegistryBaseIT$RegistryApiErrorWatcher.logProblemDetails(ApicurioRegistryBaseIT.java:154)
	at io.apicurio.tests.ApicurioRegistryBaseIT$RegistryApiErrorWatcher.logProblemDetails(ApicurioRegistryBaseIT.java:154)
	at io.apicurio.tests.ApicurioRegistryBaseIT$RegistryApiErrorWatcher.logProblemDetails(ApicurioRegistryBaseIT.java:154)
	at io.apicurio.tests.ApicurioRegistryBaseIT$RegistryApiErrorWatcher.logProblemDetails(ApicurioRegistryBaseIT.java:154)
	at io.apicurio.tests.ApicurioRegistryBaseIT$RegistryApiErrorWatcher.logProblemDetails(ApicurioRegistryBaseIT.java:154)
	at io.apicurio.tests.ApicurioRegistryBaseIT$RegistryApiErrorWatcher.logProblemDetails(ApicurioRegistryBaseIT.java:154)
	at io.apicurio.tests.ApicurioRegistryBaseIT$RegistryApiErrorWatcher.logProblemDetails(ApicurioRegistryBaseIT.java:154)
	at io.apicurio.tests.ApicurioRegistryBaseIT$RegistryApiErrorWatcher.logProblemDetails(ApicurioRegistryBaseIT.java:154)
	at io.apicurio.tests.ApicurioRegistryBaseIT$RegistryApiErrorWatcher.logProblemDetails(ApicurioRegistryBaseIT.java:154)
	at io.apicurio.tests.ApicurioRegistryBaseIT$RegistryApiErrorWatcher.logProblemDetails(ApicurioRegistryBaseIT.java:154)
	at io.apicurio.tests.ApicurioRegistryBaseIT$RegistryApiErrorWatcher.logProblemDetails(ApicurioRegistryBaseIT.java:154)
	at io.apicurio.tests.ApicurioRegistryBaseIT$RegistryApiErrorWatcher.logProblemDetails(ApicurioRegistryBaseIT.java:154)
	at io.apicurio.tests.ApicurioRegistryBaseIT$RegistryApiErrorWatcher.logProblemDetails(ApicurioRegistryBaseIT.java:154)
	at io.apicurio.tests.ApicurioRegistryBaseIT$RegistryApiErrorWatcher.logProblemDetails(ApicurioRegistryBaseIT.java:154)
	at io.apicurio.tests.ApicurioRegistryBaseIT$RegistryApiErrorWatcher.logProblemDetails(ApicurioRegistryBaseIT.java:154)
	at io.apicurio.tests.ApicurioRegistryBaseIT$RegistryApiErrorWatcher.logProblemDetails(ApicurioRegistryBaseIT.java:154)
	at io.apicurio.tests.ApicurioRegistryBaseIT$RegistryApiErrorWatcher.logProblemDetails(ApicurioRegistryBaseIT.java:154)
	at io.apicurio.tests.ApicurioRegistryBaseIT$RegistryApiErrorWatcher.logProblemDetails(ApicurioRegistryBaseIT.java:154)
	at io.apicurio.tests.ApicurioRegistryBaseIT$RegistryApiErrorWatcher.logProblemDetails(ApicurioRegistryBaseIT.java:154)
	at io.apicurio.tests.ApicurioRegistryBaseIT$RegistryApiErrorWatcher.logProblemDetails(ApicurioRegistryBaseIT.java:154)
	at io.apicurio.tests.ApicurioRegistryBaseIT$RegistryApiErrorWatcher.logProblemDetails(ApicurioRegistryBaseIT.java:154)
	at io.apicurio.tests.ApicurioRegistryBaseIT$RegistryApiErrorWatcher.logProblemDetails(ApicurioRegistryBaseIT.java:154)
	at io.apicurio.tests.ApicurioRegistryBaseIT$RegistryApiErrorWatcher.logProblemDetails(ApicurioRegistryBaseIT.java:154)
	at io.apicurio.tests.ApicurioRegistryBaseIT$RegistryApiErrorWatcher.logProblemDetails(ApicurioRegistryBaseIT.java:154)
	at io.apicurio.tests.ApicurioRegistryBaseIT$RegistryApiErrorWatcher.logProblemDetails(ApicurioRegistryBaseIT.java:154)
	at io.apicurio.tests.ApicurioRegistryBaseIT$RegistryApiErrorWatcher.logProblemDetails(ApicurioRegistryBaseIT.java:154)
	at io.apicurio.tests.ApicurioRegistryBaseIT$RegistryApiErrorWatcher.logProblemDetails(ApicurioRegistryBaseIT.java:154)
	at io.apicurio.tests.ApicurioRegistryBaseIT$RegistryApiErrorWatcher.logProblemDetails(ApicurioRegistryBaseIT.java:154)
	at io.apicurio.tests.ApicurioRegistryBaseIT$RegistryApiErrorWatcher.logProblemDetails(ApicurioRegistryBaseIT.java:154)
	at io.apicurio.tests.ApicurioRegistryBaseIT$RegistryApiErrorWatcher.logProblemDetails(ApicurioRegistryBaseIT.java:154)
	at io.apicurio.tests.ApicurioRegistryBaseIT$RegistryApiErrorWatcher.logProblemDetails(ApicurioRegistryBaseIT.java:154)
	at io.apicurio.tests.ApicurioRegistryBaseIT$RegistryApiErrorWatcher.logProblemDetails(ApicurioRegistryBaseIT.java:154)
	at io.apicurio.tests.ApicurioRegistryBaseIT$RegistryApiErrorWatcher.logProblemDetails(ApicurioRegistryBaseIT.java:154)
	at io.apicurio.tests.ApicurioRegistryBaseIT$RegistryApiErrorWatcher.logProblemDetails(ApicurioRegistryBaseIT.java:154)
	at io.apicurio.tests.ApicurioRegistryBaseIT$RegistryApiErrorWatcher.logProblemDetails(ApicurioRegistryBaseIT.java:154)
	at io.apicurio.tests.ApicurioRegistryBaseIT$RegistryApiErrorWatcher.logProblemDetails(ApicurioRegistryBaseIT.java:154)
	at io.apicurio.tests.ApicurioRegistryBaseIT$RegistryApiErrorWatcher.logProblemDetails(ApicurioRegistryBaseIT.java:154)
	at io.apicurio.tests.ApicurioRegistryBaseIT$RegistryApiErrorWatcher.logProblemDetails(ApicurioRegistryBaseIT.java:154)
	at io.apicurio.tests.ApicurioRegistryBaseIT$RegistryApiErrorWatcher.logProblemDetails(ApicurioRegistryBaseIT.java:154)
	at io.apicurio.tests.ApicurioRegistryBaseIT$RegistryApiErrorWatcher.logProblemDetails(ApicurioRegistryBaseIT.java:154)
	at io.apicurio.tests.ApicurioRegistryBaseIT$RegistryApiErrorWatcher.logProblemDetails(ApicurioRegistryBaseIT.java:154)
	at io.apicurio.tests.ApicurioRegistryBaseIT$RegistryApiErrorWatcher.logProblemDetails(ApicurioRegistryBaseIT.java:154)
	at io.apicurio.tests.ApicurioRegistryBaseIT$RegistryApiErrorWatcher.logProblemDetails(ApicurioRegistryBaseIT.java:154)
	at io.apicurio.tests.ApicurioRegistryBaseIT$RegistryApiErrorWatcher.logProblemDetails(ApicurioRegistryBaseIT.java:154)
	at io.apicurio.tests.ApicurioRegistryBaseIT$RegistryApiErrorWatcher.logProblemDetails(ApicurioRegistryBaseIT.java:154)
	at io.apicurio.tests.ApicurioRegistryBaseIT$RegistryApiErrorWatcher.logProblemDetails(ApicurioRegistryBaseIT.java:154)
	at io.apicurio.tests.ApicurioRegistryBaseIT$RegistryApiErrorWatcher.logProblemDetails(ApicurioRegistryBaseIT.java:154)
	at io.apicurio.tests.ApicurioRegistryBaseIT$RegistryApiErrorWatcher.logProblemDetails(ApicurioRegistryBaseIT.java:154)
	at io.apicurio.tests.ApicurioRegistryBaseIT$RegistryApiErrorWatcher.logProblemDetails(ApicurioRegistryBaseIT.java:154)
	at io.apicurio.tests.ApicurioRegistryBaseIT$RegistryApiErrorWatcher.logProblemDetails(ApicurioRegistryBaseIT.java:154)
	at io.apicurio.tests.ApicurioRegistryBaseIT$RegistryApiErrorWatcher.logProblemDetails(ApicurioRegistryBaseIT.java:154)
	at io.apicurio.tests.ApicurioRegistryBaseIT$RegistryApiErrorWatcher.logProblemDetails(ApicurioRegistryBaseIT.java:154)
	at io.apicurio.tests.ApicurioRegistryBaseIT$RegistryApiErrorWatcher.logProblemDetails(ApicurioRegistryBaseIT.java:154)
	at io.apicurio.tests.ApicurioRegistryBaseIT$RegistryApiErrorWatcher.logProblemDetails(ApicurioRegistryBaseIT.java:154)
	at io.apicurio.tests.ApicurioRegistryBaseIT$RegistryApiErrorWatcher.logProblemDetails(ApicurioRegistryBaseIT.java:154)
	at io.apicurio.tests.ApicurioRegistryBaseIT$RegistryApiErrorWatcher.logProblemDetails(ApicurioRegistryBaseIT.java:154)
	at io.apicurio.tests.ApicurioRegistryBaseIT$RegistryApiErrorWatcher.logProblemDetails(ApicurioRegistryBaseIT.java:154)
	at io.apicurio.tests.ApicurioRegistryBaseIT$RegistryApiErrorWatcher.logProblemDetails(ApicurioRegistryBaseIT.java:154)
	at io.apicurio.tests.ApicurioRegistryBaseIT$RegistryApiErrorWatcher.logProblemDetails(ApicurioRegistryBaseIT.java:154)
	at io.apicurio.tests.ApicurioRegistryBaseIT$RegistryApiErrorWatcher.logProblemDetails(ApicurioRegistryBaseIT.java:154)
	at io.apicurio.tests.ApicurioRegistryBaseIT$RegistryApiErrorWatcher.logProblemDetails(ApicurioRegistryBaseIT.java:154)
	at io.apicurio.tests.ApicurioRegistryBaseIT$RegistryApiErrorWatcher.logProblemDetails(ApicurioRegistryBaseIT.java:154)
	at io.apicurio.tests.ApicurioRegistryBaseIT$RegistryApiErrorWatcher.logProblemDetails(ApicurioRegistryBaseIT.java:154)
	at io.apicurio.tests.ApicurioRegistryBaseIT$RegistryApiErrorWatcher.logProblemDetails(ApicurioRegistryBaseIT.java:154)
	at io.apicurio.tests.ApicurioRegistryBaseIT$RegistryApiErrorWatcher.logProblemDetails(ApicurioRegistryBaseIT.java:154)
	at io.apicurio.tests.ApicurioRegistryBaseIT$RegistryApiErrorWatcher.logProblemDetails(ApicurioRegistryBaseIT.java:154)
	at io.apicurio.tests.ApicurioRegistryBaseIT$RegistryApiErrorWatcher.logProblemDetails(ApicurioRegistryBaseIT.java:154)
	at io.apicurio.tests.ApicurioRegistryBaseIT$RegistryApiErrorWatcher.logProblemDetails(ApicurioRegistryBaseIT.java:154)
	at io.apicurio.tests.ApicurioRegistryBaseIT$RegistryApiErrorWatcher.logProblemDetails(ApicurioRegistryBaseIT.java:154)
	at io.apicurio.tests.ApicurioRegistryBaseIT$RegistryApiErrorWatcher.logProblemDetails(ApicurioRegistryBaseIT.java:154)
	at io.apicurio.tests.ApicurioRegistryBaseIT$RegistryApiErrorWatcher.logProblemDetails(ApicurioRegistryBaseIT.java:154)
	at io.apicurio.tests.ApicurioRegistryBaseIT$RegistryApiErrorWatcher.logProblemDetails(ApicurioRegistryBaseIT.java:154)
	at io.apicurio.tests.ApicurioRegistryBaseIT$RegistryApiErrorWatcher.logProblemDetails(ApicurioRegistryBaseIT.java:154)
	at io.apicurio.tests.ApicurioRegistryBaseIT$RegistryApiErrorWatcher.logProblemDetails(ApicurioRegistryBaseIT.java:154)
	at io.apicurio.tests.ApicurioRegistryBaseIT$RegistryApiErrorWatcher.logProblemDetails(ApicurioRegistryBaseIT.java:154)
	at io.apicurio.tests.ApicurioRegistryBaseIT$RegistryApiErrorWatcher.logProblemDetails(ApicurioRegistryBaseIT.java:154)
	at io.apicurio.tests.ApicurioRegistryBaseIT$RegistryApiErrorWatcher.logProblemDetails(ApicurioRegistryBaseIT.java:154)
	at io.apicurio.tests.ApicurioRegistryBaseIT$RegistryApiErrorWatcher.logProblemDetails(ApicurioRegistryBaseIT.java:154)
	at io.apicurio.tests.ApicurioRegistryBaseIT$RegistryApiErrorWatcher.logProblemDetails(ApicurioRegistryBaseIT.java:154)
	at io.apicurio.tests.ApicurioRegistryBaseIT$RegistryApiErrorWatcher.logProblemDetails(ApicurioRegistryBaseIT.java:154)
	at io.apicurio.tests.ApicurioRegistryBaseIT$RegistryApiErrorWatcher.logProblemDetails(ApicurioRegistryBaseIT.java:154)
	at io.apicurio.tests.ApicurioRegistryBaseIT$RegistryApiErrorWatcher.logProblemDetails(ApicurioRegistryBaseIT.java:154)
	at io.apicurio.tests.ApicurioRegistryBaseIT$RegistryApiErrorWatcher.logProblemDetails(ApicurioRegistryBaseIT.java:154)
	at io.apicurio.tests.ApicurioRegistryBaseIT$RegistryApiErrorWatcher.logProblemDetails(ApicurioRegistryBaseIT.java:154)
	at io.apicurio.tests.ApicurioRegistryBaseIT$RegistryApiErrorWatcher.logProblemDetails(ApicurioRegistryBaseIT.java:154)
	at io.apicurio.tests.ApicurioRegistryBaseIT$RegistryApiErrorWatcher.logProblemDetails(ApicurioRegistryBaseIT.java:154)
	at io.apicurio.tests.ApicurioRegistryBaseIT$RegistryApiErrorWatcher.logProblemDetails(ApicurioRegistryBaseIT.java:154)
	at io.apicurio.tests.ApicurioRegistryBaseIT$RegistryApiErrorWatcher.logProblemDetails(ApicurioRegistryBaseIT.java:154)
	at io.apicurio.tests.ApicurioRegistryBaseIT$RegistryApiErrorWatcher.logProblemDetails(ApicurioRegistryBaseIT.java:154)
	at io.apicurio.tests.ApicurioRegistryBaseIT$RegistryApiErrorWatcher.logProblemDetails(ApicurioRegistryBaseIT.java:154)
	at io.apicurio.tests.ApicurioRegistryBaseIT$RegistryApiErrorWatcher.logProblemDetails(ApicurioRegistryBaseIT.java:154)
	at io.apicurio.tests.ApicurioRegistryBaseIT$RegistryApiErrorWatcher.logProblemDetails(ApicurioRegistryBaseIT.java:154)
	at io.apicurio.tests.ApicurioRegistryBaseIT$RegistryApiErrorWatcher.logProblemDetails(ApicurioRegistryBaseIT.java:154)
	at io.apicurio.tests.ApicurioRegistryBaseIT$RegistryApiErrorWatcher.logProblemDetails(ApicurioRegistryBaseIT.java:154)
	at io.apicurio.tests.ApicurioRegistryBaseIT$RegistryApiErrorWatcher.logProblemDetails(ApicurioRegistryBaseIT.java:154)
	at io.apicurio.tests.ApicurioRegistryBaseIT$RegistryApiErrorWatcher.logProblemDetails(ApicurioRegistryBaseIT.java:154)
	at io.apicurio.tests.ApicurioRegistryBaseIT$RegistryApiErrorWatcher.logProblemDetails(ApicurioRegistryBaseIT.java:154)
	at io.apicurio.tests.ApicurioRegistryBaseIT$RegistryApiErrorWatcher.logProblemDetails(ApicurioRegistryBaseIT.java:154)
	at io.apicurio.tests.ApicurioRegistryBaseIT$RegistryApiErrorWatcher.logProblemDetails(ApicurioRegistryBaseIT.java:154)
	at io.apicurio.tests.ApicurioRegistryBaseIT$RegistryApiErrorWatcher.logProblemDetails(ApicurioRegistryBaseIT.java:154)
	at io.apicurio.tests.ApicurioRegistryBaseIT$RegistryApiErrorWatcher.logProblemDetails(ApicurioRegistryBaseIT.java:154)
	at io.apicurio.tests.ApicurioRegistryBaseIT$RegistryApiErrorWatcher.logProblemDetails(ApicurioRegistryBaseIT.java:154)
	at io.apicurio.tests.ApicurioRegistryBaseIT$RegistryApiErrorWatcher.logProblemDetails(ApicurioRegistryBaseIT.java:154)
	at io.apicurio.tests.ApicurioRegistryBaseIT$RegistryApiErrorWatcher.logProblemDetails(ApicurioRegistryBaseIT.java:154)
	at io.apicurio.tests.ApicurioRegistryBaseIT$RegistryApiErrorWatcher.logProblemDetails(ApicurioRegistryBaseIT.java:154)
	at io.apicurio.tests.ApicurioRegistryBaseIT$RegistryApiErrorWatcher.logProblemDetails(ApicurioRegistryBaseIT.java:154)
	at io.apicurio.tests.ApicurioRegistryBaseIT$RegistryApiErrorWatcher.logProblemDetails(ApicurioRegistryBaseIT.java:154)
	at io.apicurio.tests.ApicurioRegistryBaseIT$RegistryApiErrorWatcher.logProblemDetails(ApicurioRegistryBaseIT.java:154)
	at io.apicurio.tests.ApicurioRegistryBaseIT$RegistryApiErrorWatcher.logProblemDetails(ApicurioRegistryBaseIT.java:154)
	at io.apicurio.tests.ApicurioRegistryBaseIT$RegistryApiErrorWatcher.logProblemDetails(ApicurioRegistryBaseIT.java:154)
	at io.apicurio.tests.ApicurioRegistryBaseIT$RegistryApiErrorWatcher.logProblemDetails(ApicurioRegistryBaseIT.java:154)
	at io.apicurio.tests.ApicurioRegistryBaseIT$RegistryApiErrorWatcher.logProblemDetails(ApicurioRegistryBaseIT.java:154)
	at io.apicurio.tests.ApicurioRegistryBaseIT$RegistryApiErrorWatcher.logProblemDetails(ApicurioRegistryBaseIT.java:154)
	at io.apicurio.tests.ApicurioRegistryBaseIT$RegistryApiErrorWatcher.logProblemDetails(ApicurioRegistryBaseIT.java:154)
	at io.apicurio.tests.ApicurioRegistryBaseIT$RegistryApiErrorWatcher.logProblemDetails(ApicurioRegistryBaseIT.java:154)
	at io.apicurio.tests.ApicurioRegistryBaseIT$RegistryApiErrorWatcher.logProblemDetails(ApicurioRegistryBaseIT.java:154)
	at io.apicurio.tests.ApicurioRegistryBaseIT$RegistryApiErrorWatcher.logProblemDetails(ApicurioRegistryBaseIT.java:154)
	at io.apicurio.tests.ApicurioRegistryBaseIT$RegistryApiErrorWatcher.logProblemDetails(ApicurioRegistryBaseIT.java:154)
	at io.apicurio.tests.ApicurioRegistryBaseIT$RegistryApiErrorWatcher.logProblemDetails(ApicurioRegistryBaseIT.java:154)
	at io.apicurio.tests.ApicurioRegistryBaseIT$RegistryApiErrorWatcher.logProblemDetails(ApicurioRegistryBaseIT.java:154)
	at io.apicurio.tests.ApicurioRegistryBaseIT$RegistryApiErrorWatcher.logProblemDetails(ApicurioRegistryBaseIT.java:154)
	at io.apicurio.tests.ApicurioRegistryBaseIT$RegistryApiErrorWatcher.logProblemDetails(ApicurioRegistryBaseIT.java:154)
	at io.apicurio.tests.ApicurioRegistryBaseIT$RegistryApiErrorWatcher.logProblemDetails(ApicurioRegistryBaseIT.java:154)
	at io.apicurio.tests.ApicurioRegistryBaseIT$RegistryApiErrorWatcher.logProblemDetails(ApicurioRegistryBaseIT.java:154)
	at io.apicurio.tests.ApicurioRegistryBaseIT$RegistryApiErrorWatcher.logProblemDetails(ApicurioRegistryBaseIT.java:154)
	at io.apicurio.tests.ApicurioRegistryBaseIT$RegistryApiErrorWatcher.logProblemDetails(ApicurioRegistryBaseIT.java:154)
	at io.apicurio.tests.ApicurioRegistryBaseIT$RegistryApiErrorWatcher.logProblemDetails(ApicurioRegistryBaseIT.java:154)
	at io.apicurio.tests.ApicurioRegistryBaseIT$RegistryApiErrorWatcher.logProblemDetails(ApicurioRegistryBaseIT.java:154)
	at io.apicurio.tests.ApicurioRegistryBaseIT$RegistryApiErrorWatcher.logProblemDetails(ApicurioRegistryBaseIT.java:154)
	at io.apicurio.tests.ApicurioRegistryBaseIT$RegistryApiErrorWatcher.logProblemDetails(ApicurioRegistryBaseIT.java:154)
	at io.apicurio.tests.ApicurioRegistryBaseIT$RegistryApiErrorWatcher.logProblemDetails(ApicurioRegistryBaseIT.java:154)
	at io.apicurio.tests.ApicurioRegistryBaseIT$RegistryApiErrorWatcher.logProblemDetails(ApicurioRegistryBaseIT.java:154)
	at io.apicurio.tests.ApicurioRegistryBaseIT$RegistryApiErrorWatcher.logProblemDetails(ApicurioRegistryBaseIT.java:154)
	at io.apicurio.tests.ApicurioRegistryBaseIT$RegistryApiErrorWatcher.logProblemDetails(ApicurioRegistryBaseIT.java:154)
	at io.apicurio.tests.ApicurioRegistryBaseIT$RegistryApiErrorWatcher.logProblemDetails(ApicurioRegistryBaseIT.java:154)
	at io.apicurio.tests.ApicurioRegistryBaseIT$RegistryApiErrorWatcher.logProblemDetails(ApicurioRegistryBaseIT.java:154)
	at io.apicurio.tests.ApicurioRegistryBaseIT$RegistryApiErrorWatcher.logProblemDetails(ApicurioRegistryBaseIT.java:154)
	at io.apicurio.tests.ApicurioRegistryBaseIT$RegistryApiErrorWatcher.logProblemDetails(ApicurioRegistryBaseIT.java:154)
	at io.apicurio.tests.ApicurioRegistryBaseIT$RegistryApiErrorWatcher.logProblemDetails(ApicurioRegistryBaseIT.java:154)
	at io.apicurio.tests.ApicurioRegistryBaseIT$RegistryApiErrorWatcher.logProblemDetails(ApicurioRegistryBaseIT.java:154)
	at io.apicurio.tests.ApicurioRegistryBaseIT$RegistryApiErrorWatcher.logProblemDetails(ApicurioRegistryBaseIT.java:154)
	at io.apicurio.tests.ApicurioRegistryBaseIT$RegistryApiErrorWatcher.logProblemDetails(ApicurioRegistryBaseIT.java:154)
	at io.apicurio.tests.ApicurioRegistryBaseIT$RegistryApiErrorWatcher.logProblemDetails(ApicurioRegistryBaseIT.java:154)
	at io.apicurio.tests.ApicurioRegistryBaseIT$RegistryApiErrorWatcher.logProblemDetails(ApicurioRegistryBaseIT.java:154)
	at io.apicurio.tests.ApicurioRegistryBaseIT$RegistryApiErrorWatcher.logProblemDetails(ApicurioRegistryBaseIT.java:154)
	at io.apicurio.tests.ApicurioRegistryBaseIT$RegistryApiErrorWatcher.logProblemDetails(ApicurioRegistryBaseIT.java:154)
	at io.apicurio.tests.ApicurioRegistryBaseIT$RegistryApiErrorWatcher.logProblemDetails(ApicurioRegistryBaseIT.java:154)
	at io.apicurio.tests.ApicurioRegistryBaseIT$RegistryApiErrorWatcher.logProblemDetails(ApicurioRegistryBaseIT.java:154)
	at io.apicurio.tests.ApicurioRegistryBaseIT$RegistryApiErrorWatcher.logProblemDetails(ApicurioRegistryBaseIT.java:154)
	at io.apicurio.tests.ApicurioRegistryBaseIT$RegistryApiErrorWatcher.logProblemDetails(ApicurioRegistryBaseIT.java:154)

]]></system-out>
  </testcase>
  <testcase name="testAutoRegisterDeriveClassProtobufType" classname="io.apicurio.tests.serdes.apicurio.ProtobufSerdeIT" time="1.342">
    <system-out><![CDATA[2025-07-31 17:05:34,945 INFO  [io.api.tes.uti.TestSeparator] (main) ############################################################################
2025-07-31 17:05:34,945 INFO  [io.api.tes.uti.TestSeparator] (main) io.apicurio.tests.serdes.apicurio.ProtobufSerdeIT.testAutoRegisterDeriveClassProtobufType-STARTED
**** Registry Base URL: http://registry-app-kafkasql.apps.ci419.apicurio-testing.org:80
2025-07-31 17:05:34,951 INFO  [org.apa.kaf.cli.pro.ProducerConfig] (main) ProducerConfig values: 
	acks = -1
	auto.include.jmx.reporter = true
	batch.size = 16384
	bootstrap.servers = [PLAINTEXT://localhost:32770]
	buffer.memory = 33554432
	client.dns.lookup = use_all_dns_ips
	client.id = Producer-topic-2812e2d0_a6e4_4dac_97b9_69679f29c15b
	compression.gzip.level = -1
	compression.lz4.level = 9
	compression.type = none
	compression.zstd.level = 3
	connections.max.idle.ms = 10000
	delivery.timeout.ms = 120000
	enable.idempotence = true
	enable.metrics.push = true
	interceptor.classes = []
	key.serializer = class org.apache.kafka.common.serialization.StringSerializer
	linger.ms = 0
	max.block.ms = 60000
	max.in.flight.requests.per.connection = 5
	max.request.size = 1048576
	metadata.max.age.ms = 300000
	metadata.max.idle.ms = 300000
	metadata.recovery.strategy = none
	metric.reporters = []
	metrics.num.samples = 2
	metrics.recording.level = INFO
	metrics.sample.window.ms = 30000
	partitioner.adaptive.partitioning.enable = true
	partitioner.availability.timeout.ms = 0
	partitioner.class = null
	partitioner.ignore.keys = false
	receive.buffer.bytes = 32768
	reconnect.backoff.max.ms = 1000
	reconnect.backoff.ms = 50
	request.timeout.ms = 5000
	retries = 2147483647
	retry.backoff.max.ms = 1000
	retry.backoff.ms = 100
	sasl.client.callback.handler.class = null
	sasl.jaas.config = null
	sasl.kerberos.kinit.cmd = /usr/bin/kinit
	sasl.kerberos.min.time.before.relogin = 60000
	sasl.kerberos.service.name = null
	sasl.kerberos.ticket.renew.jitter = 0.05
	sasl.kerberos.ticket.renew.window.factor = 0.8
	sasl.login.callback.handler.class = null
	sasl.login.class = null
	sasl.login.connect.timeout.ms = null
	sasl.login.read.timeout.ms = null
	sasl.login.refresh.buffer.seconds = 300
	sasl.login.refresh.min.period.seconds = 60
	sasl.login.refresh.window.factor = 0.8
	sasl.login.refresh.window.jitter = 0.05
	sasl.login.retry.backoff.max.ms = 10000
	sasl.login.retry.backoff.ms = 100
	sasl.mechanism = GSSAPI
	sasl.oauthbearer.clock.skew.seconds = 30
	sasl.oauthbearer.expected.audience = null
	sasl.oauthbearer.expected.issuer = null
	sasl.oauthbearer.header.urlencode = false
	sasl.oauthbearer.jwks.endpoint.refresh.ms = 3600000
	sasl.oauthbearer.jwks.endpoint.retry.backoff.max.ms = 10000
	sasl.oauthbearer.jwks.endpoint.retry.backoff.ms = 100
	sasl.oauthbearer.jwks.endpoint.url = null
	sasl.oauthbearer.scope.claim.name = scope
	sasl.oauthbearer.sub.claim.name = sub
	sasl.oauthbearer.token.endpoint.url = null
	security.protocol = PLAINTEXT
	security.providers = null
	send.buffer.bytes = 131072
	socket.connection.setup.timeout.max.ms = 30000
	socket.connection.setup.timeout.ms = 10000
	ssl.cipher.suites = null
	ssl.enabled.protocols = [TLSv1.2, TLSv1.3]
	ssl.endpoint.identification.algorithm = https
	ssl.engine.factory.class = null
	ssl.key.password = null
	ssl.keymanager.algorithm = SunX509
	ssl.keystore.certificate.chain = null
	ssl.keystore.key = null
	ssl.keystore.location = null
	ssl.keystore.password = null
	ssl.keystore.type = JKS
	ssl.protocol = TLSv1.3
	ssl.provider = null
	ssl.secure.random.implementation = null
	ssl.trustmanager.algorithm = PKIX
	ssl.truststore.certificates = null
	ssl.truststore.location = null
	ssl.truststore.password = null
	ssl.truststore.type = JKS
	transaction.timeout.ms = 60000
	transactional.id = null
	value.serializer = class io.apicurio.registry.serde.protobuf.ProtobufKafkaSerializer

2025-07-31 17:05:34,951 INFO  [org.apa.kaf.com.tel.int.KafkaMetricsCollector] (main) initializing Kafka metrics collector
2025-07-31 17:05:34,962 INFO  [org.apa.kaf.cli.pro.KafkaProducer] (main) [Producer clientId=Producer-topic-2812e2d0_a6e4_4dac_97b9_69679f29c15b] Instantiated an idempotent producer.
2025-07-31 17:05:34,967 INFO  [org.apa.kaf.cli.pro.ProducerConfig] (main) These configurations '[apicurio.registry.url, apicurio.registry.auto-register, apicurio.registry.artifact-resolver-strategy]' were supplied but are not used yet.
2025-07-31 17:05:34,967 INFO  [org.apa.kaf.com.uti.AppInfoParser] (main) Kafka version: 3.9.1
2025-07-31 17:05:34,967 INFO  [org.apa.kaf.com.uti.AppInfoParser] (main) Kafka commitId: f745dfdcee2b9851
2025-07-31 17:05:34,967 INFO  [org.apa.kaf.com.uti.AppInfoParser] (main) Kafka startTimeMs: 1753981534967
2025-07-31 17:05:34,967 INFO  [io.api.tes.ser.api.SimpleSerdesTesterBuilder$SimpleSerdesTester] (main) Using producer configuration: {apicurio.registry.url=http://registry-app-kafkasql.apps.ci419.apicurio-testing.org:80/apis/registry/v3, apicurio.registry.auto-register=true, apicurio.registry.artifact-resolver-strategy=io.apicurio.registry.serde.strategy.TopicIdStrategy, value.serializer=io.apicurio.registry.serde.protobuf.ProtobufKafkaSerializer, request.timeout.ms=5000, acks=all, bootstrap.servers=PLAINTEXT://localhost:32770, connections.max.idle.ms=10000, key.serializer=org.apache.kafka.common.serialization.StringSerializer, client.id=Producer-topic-2812e2d0_a6e4_4dac_97b9_69679f29c15b}
2025-07-31 17:05:34,967 INFO  [io.api.tes.ser.api.SimpleSerdesTesterBuilder$SimpleSerdesTester] (main) Using consumer configuration: {apicurio.protobuf.derive.class=true}
2025-07-31 17:05:34,969 INFO  [io.api.tes.ser.api.KafkaSerdesTester] (Thread-785) Sending message header {
  time {
  }
}
d1: 1.753981534969E12
s1: "a"
i1: 123
bi1: 1
point {
  longitude: 22.0
  latitude: 22.0
  altitude: 1.0
}
 to topic topic-2812e2d0_a6e4_4dac_97b9_69679f29c15b
2025-07-31 17:05:35,001 WARN  [org.apa.kaf.cli.NetworkClient] (kafka-producer-network-thread | Producer-topic-2812e2d0_a6e4_4dac_97b9_69679f29c15b) [Producer clientId=Producer-topic-2812e2d0_a6e4_4dac_97b9_69679f29c15b] The metadata response from the cluster reported a recoverable issue with correlation id 2 : {topic-2812e2d0_a6e4_4dac_97b9_69679f29c15b=LEADER_NOT_AVAILABLE}
2025-07-31 17:05:35,001 INFO  [org.apa.kaf.cli.Metadata] (kafka-producer-network-thread | Producer-topic-2812e2d0_a6e4_4dac_97b9_69679f29c15b) [Producer clientId=Producer-topic-2812e2d0_a6e4_4dac_97b9_69679f29c15b] Cluster ID: WpqyxNU-RHKB_ermmfvksw
2025-07-31 17:05:35,001 INFO  [org.apa.kaf.cli.pro.int.TransactionManager] (kafka-producer-network-thread | Producer-topic-2812e2d0_a6e4_4dac_97b9_69679f29c15b) [Producer clientId=Producer-topic-2812e2d0_a6e4_4dac_97b9_69679f29c15b] ProducerId set to 34 with epoch 0
2025-07-31 17:05:35,223 INFO  [io.api.tes.ser.api.KafkaSerdesTester] (Thread-785) Sending message header {
  time {
  }
}
d1: 1.753981535222E12
s1: "a"
i1: 123
bi1: 1
point {
  longitude: 22.0
  latitude: 22.0
  altitude: 1.0
}
 to topic topic-2812e2d0_a6e4_4dac_97b9_69679f29c15b
2025-07-31 17:05:35,257 INFO  [io.api.tes.ser.api.KafkaSerdesTester] (Thread-785) Sending message header {
  time {
  }
}
d1: 1.753981535257E12
s1: "a"
i1: 123
bi1: 1
point {
  longitude: 22.0
  latitude: 22.0
  altitude: 1.0
}
 to topic topic-2812e2d0_a6e4_4dac_97b9_69679f29c15b
2025-07-31 17:05:35,291 INFO  [io.api.tes.ser.api.KafkaSerdesTester] (Thread-785) Sending message header {
  time {
  }
}
d1: 1.753981535291E12
s1: "a"
i1: 123
bi1: 1
point {
  longitude: 22.0
  latitude: 22.0
  altitude: 1.0
}
 to topic topic-2812e2d0_a6e4_4dac_97b9_69679f29c15b
2025-07-31 17:05:35,348 INFO  [io.api.tes.ser.api.KafkaSerdesTester] (Thread-785) Sending message header {
  time {
  }
}
d1: 1.753981535347E12
s1: "a"
i1: 123
bi1: 1
point {
  longitude: 22.0
  latitude: 22.0
  altitude: 1.0
}
 to topic topic-2812e2d0_a6e4_4dac_97b9_69679f29c15b
2025-07-31 17:05:35,382 INFO  [io.api.tes.ser.api.KafkaSerdesTester] (Thread-785) Sending message header {
  time {
  }
}
d1: 1.753981535382E12
s1: "a"
i1: 123
bi1: 1
point {
  longitude: 22.0
  latitude: 22.0
  altitude: 1.0
}
 to topic topic-2812e2d0_a6e4_4dac_97b9_69679f29c15b
2025-07-31 17:05:35,448 INFO  [io.api.tes.ser.api.KafkaSerdesTester] (Thread-785) Sending message header {
  time {
  }
}
d1: 1.753981535448E12
s1: "a"
i1: 123
bi1: 1
point {
  longitude: 22.0
  latitude: 22.0
  altitude: 1.0
}
 to topic topic-2812e2d0_a6e4_4dac_97b9_69679f29c15b
2025-07-31 17:05:35,481 INFO  [io.api.tes.ser.api.KafkaSerdesTester] (Thread-785) Sending message header {
  time {
  }
}
d1: 1.75398153548E12
s1: "a"
i1: 123
bi1: 1
point {
  longitude: 22.0
  latitude: 22.0
  altitude: 1.0
}
 to topic topic-2812e2d0_a6e4_4dac_97b9_69679f29c15b
2025-07-31 17:05:35,548 INFO  [io.api.tes.ser.api.KafkaSerdesTester] (Thread-785) Sending message header {
  time {
  }
}
d1: 1.753981535547E12
s1: "a"
i1: 123
bi1: 1
point {
  longitude: 22.0
  latitude: 22.0
  altitude: 1.0
}
 to topic topic-2812e2d0_a6e4_4dac_97b9_69679f29c15b
2025-07-31 17:05:35,581 INFO  [io.api.tes.ser.api.KafkaSerdesTester] (Thread-785) Sending message header {
  time {
  }
}
d1: 1.75398153558E12
s1: "a"
i1: 123
bi1: 1
point {
  longitude: 22.0
  latitude: 22.0
  altitude: 1.0
}
 to topic topic-2812e2d0_a6e4_4dac_97b9_69679f29c15b
2025-07-31 17:05:35,645 INFO  [io.api.tes.ser.api.KafkaSerdesTester] (Thread-785) Produced 10 messages
2025-07-31 17:05:35,646 INFO  [org.apa.kaf.cli.pro.KafkaProducer] (Thread-785) [Producer clientId=Producer-topic-2812e2d0_a6e4_4dac_97b9_69679f29c15b] Closing the Kafka producer with timeoutMillis = 9223372036854775807 ms.
2025-07-31 17:05:35,648 INFO  [org.apa.kaf.com.met.Metrics] (Thread-785) Metrics scheduler closed
2025-07-31 17:05:35,648 INFO  [org.apa.kaf.com.met.Metrics] (Thread-785) Closing reporter org.apache.kafka.common.metrics.JmxReporter
2025-07-31 17:05:35,648 INFO  [org.apa.kaf.com.met.Metrics] (Thread-785) Closing reporter org.apache.kafka.common.telemetry.internals.ClientTelemetryReporter
2025-07-31 17:05:35,648 INFO  [org.apa.kaf.com.met.Metrics] (Thread-785) Metrics reporters closed
2025-07-31 17:05:35,648 INFO  [org.apa.kaf.com.uti.AppInfoParser] (Thread-785) App info kafka.producer for Producer-topic-2812e2d0_a6e4_4dac_97b9_69679f29c15b unregistered
**** Registry Base URL: http://registry-app-kafkasql.apps.ci419.apicurio-testing.org:80
2025-07-31 17:05:35,677 INFO  [org.apa.kaf.cli.con.ConsumerConfig] (main) ConsumerConfig values: 
	allow.auto.create.topics = true
	auto.commit.interval.ms = 500
	auto.include.jmx.reporter = true
	auto.offset.reset = earliest
	bootstrap.servers = [PLAINTEXT://localhost:32770]
	check.crcs = true
	client.dns.lookup = use_all_dns_ips
	client.id = consumer-Consumer-topic-2812e2d0_a6e4_4dac_97b9_69679f29c15b-25
	client.rack = 
	connections.max.idle.ms = 10000
	default.api.timeout.ms = 60000
	enable.auto.commit = true
	enable.metrics.push = true
	exclude.internal.topics = true
	fetch.max.bytes = 52428800
	fetch.max.wait.ms = 500
	fetch.min.bytes = 1
	group.id = Consumer-topic-2812e2d0_a6e4_4dac_97b9_69679f29c15b
	group.instance.id = null
	group.protocol = classic
	group.remote.assignor = null
	heartbeat.interval.ms = 3000
	interceptor.classes = []
	internal.leave.group.on.close = true
	internal.throw.on.fetch.stable.offset.unsupported = false
	isolation.level = read_uncommitted
	key.deserializer = class org.apache.kafka.common.serialization.StringDeserializer
	max.partition.fetch.bytes = 1048576
	max.poll.interval.ms = 300000
	max.poll.records = 500
	metadata.max.age.ms = 300000
	metadata.recovery.strategy = none
	metric.reporters = []
	metrics.num.samples = 2
	metrics.recording.level = INFO
	metrics.sample.window.ms = 30000
	partition.assignment.strategy = [class org.apache.kafka.clients.consumer.RangeAssignor, class org.apache.kafka.clients.consumer.CooperativeStickyAssignor]
	receive.buffer.bytes = 65536
	reconnect.backoff.max.ms = 1000
	reconnect.backoff.ms = 50
	request.timeout.ms = 5000
	retry.backoff.max.ms = 1000
	retry.backoff.ms = 100
	sasl.client.callback.handler.class = null
	sasl.jaas.config = null
	sasl.kerberos.kinit.cmd = /usr/bin/kinit
	sasl.kerberos.min.time.before.relogin = 60000
	sasl.kerberos.service.name = null
	sasl.kerberos.ticket.renew.jitter = 0.05
	sasl.kerberos.ticket.renew.window.factor = 0.8
	sasl.login.callback.handler.class = null
	sasl.login.class = null
	sasl.login.connect.timeout.ms = null
	sasl.login.read.timeout.ms = null
	sasl.login.refresh.buffer.seconds = 300
	sasl.login.refresh.min.period.seconds = 60
	sasl.login.refresh.window.factor = 0.8
	sasl.login.refresh.window.jitter = 0.05
	sasl.login.retry.backoff.max.ms = 10000
	sasl.login.retry.backoff.ms = 100
	sasl.mechanism = GSSAPI
	sasl.oauthbearer.clock.skew.seconds = 30
	sasl.oauthbearer.expected.audience = null
	sasl.oauthbearer.expected.issuer = null
	sasl.oauthbearer.header.urlencode = false
	sasl.oauthbearer.jwks.endpoint.refresh.ms = 3600000
	sasl.oauthbearer.jwks.endpoint.retry.backoff.max.ms = 10000
	sasl.oauthbearer.jwks.endpoint.retry.backoff.ms = 100
	sasl.oauthbearer.jwks.endpoint.url = null
	sasl.oauthbearer.scope.claim.name = scope
	sasl.oauthbearer.sub.claim.name = sub
	sasl.oauthbearer.token.endpoint.url = null
	security.protocol = PLAINTEXT
	security.providers = null
	send.buffer.bytes = 131072
	session.timeout.ms = 45000
	socket.connection.setup.timeout.max.ms = 30000
	socket.connection.setup.timeout.ms = 10000
	ssl.cipher.suites = null
	ssl.enabled.protocols = [TLSv1.2, TLSv1.3]
	ssl.endpoint.identification.algorithm = https
	ssl.engine.factory.class = null
	ssl.key.password = null
	ssl.keymanager.algorithm = SunX509
	ssl.keystore.certificate.chain = null
	ssl.keystore.key = null
	ssl.keystore.location = null
	ssl.keystore.password = null
	ssl.keystore.type = JKS
	ssl.protocol = TLSv1.3
	ssl.provider = null
	ssl.secure.random.implementation = null
	ssl.trustmanager.algorithm = PKIX
	ssl.truststore.certificates = null
	ssl.truststore.location = null
	ssl.truststore.password = null
	ssl.truststore.type = JKS
	value.deserializer = class io.apicurio.registry.serde.protobuf.ProtobufKafkaDeserializer

2025-07-31 17:05:35,677 INFO  [org.apa.kaf.com.tel.int.KafkaMetricsCollector] (main) initializing Kafka metrics collector
2025-07-31 17:05:35,680 INFO  [org.apa.kaf.cli.con.ConsumerConfig] (main) These configurations '[apicurio.registry.url, apicurio.protobuf.derive.class]' were supplied but are not used yet.
2025-07-31 17:05:35,680 INFO  [org.apa.kaf.com.uti.AppInfoParser] (main) Kafka version: 3.9.1
2025-07-31 17:05:35,680 INFO  [org.apa.kaf.com.uti.AppInfoParser] (main) Kafka commitId: f745dfdcee2b9851
2025-07-31 17:05:35,680 INFO  [org.apa.kaf.com.uti.AppInfoParser] (main) Kafka startTimeMs: 1753981535680
2025-07-31 17:05:35,681 INFO  [org.apa.kaf.cli.con.int.ClassicKafkaConsumer] (Thread-788) [Consumer clientId=consumer-Consumer-topic-2812e2d0_a6e4_4dac_97b9_69679f29c15b-25, groupId=Consumer-topic-2812e2d0_a6e4_4dac_97b9_69679f29c15b] Subscribed to topic(s): topic-2812e2d0_a6e4_4dac_97b9_69679f29c15b
2025-07-31 17:05:35,684 INFO  [org.apa.kaf.cli.Metadata] (Thread-788) [Consumer clientId=consumer-Consumer-topic-2812e2d0_a6e4_4dac_97b9_69679f29c15b-25, groupId=Consumer-topic-2812e2d0_a6e4_4dac_97b9_69679f29c15b] Cluster ID: WpqyxNU-RHKB_ermmfvksw
2025-07-31 17:05:35,684 INFO  [org.apa.kaf.cli.con.int.ConsumerCoordinator] (Thread-788) [Consumer clientId=consumer-Consumer-topic-2812e2d0_a6e4_4dac_97b9_69679f29c15b-25, groupId=Consumer-topic-2812e2d0_a6e4_4dac_97b9_69679f29c15b] Discovered group coordinator localhost:32770 (id: 2147483647 rack: null)
2025-07-31 17:05:35,685 INFO  [org.apa.kaf.cli.con.int.ConsumerCoordinator] (Thread-788) [Consumer clientId=consumer-Consumer-topic-2812e2d0_a6e4_4dac_97b9_69679f29c15b-25, groupId=Consumer-topic-2812e2d0_a6e4_4dac_97b9_69679f29c15b] (Re-)joining group
2025-07-31 17:05:35,688 INFO  [org.apa.kaf.cli.con.int.ConsumerCoordinator] (Thread-788) [Consumer clientId=consumer-Consumer-topic-2812e2d0_a6e4_4dac_97b9_69679f29c15b-25, groupId=Consumer-topic-2812e2d0_a6e4_4dac_97b9_69679f29c15b] Request joining group due to: need to re-join with the given member-id: consumer-Consumer-topic-2812e2d0_a6e4_4dac_97b9_69679f29c15b-25-508a8004-e86a-4192-bd1d-cca2d8f38410
2025-07-31 17:05:35,688 INFO  [org.apa.kaf.cli.con.int.ConsumerCoordinator] (Thread-788) [Consumer clientId=consumer-Consumer-topic-2812e2d0_a6e4_4dac_97b9_69679f29c15b-25, groupId=Consumer-topic-2812e2d0_a6e4_4dac_97b9_69679f29c15b] (Re-)joining group
2025-07-31 17:05:35,690 INFO  [org.apa.kaf.cli.con.int.ConsumerCoordinator] (Thread-788) [Consumer clientId=consumer-Consumer-topic-2812e2d0_a6e4_4dac_97b9_69679f29c15b-25, groupId=Consumer-topic-2812e2d0_a6e4_4dac_97b9_69679f29c15b] Successfully joined group with generation Generation{generationId=1, memberId='consumer-Consumer-topic-2812e2d0_a6e4_4dac_97b9_69679f29c15b-25-508a8004-e86a-4192-bd1d-cca2d8f38410', protocol='range'}
2025-07-31 17:05:35,690 INFO  [org.apa.kaf.cli.con.int.ConsumerCoordinator] (Thread-788) [Consumer clientId=consumer-Consumer-topic-2812e2d0_a6e4_4dac_97b9_69679f29c15b-25, groupId=Consumer-topic-2812e2d0_a6e4_4dac_97b9_69679f29c15b] Finished assignment for group at generation 1: {consumer-Consumer-topic-2812e2d0_a6e4_4dac_97b9_69679f29c15b-25-508a8004-e86a-4192-bd1d-cca2d8f38410=Assignment(partitions=[topic-2812e2d0_a6e4_4dac_97b9_69679f29c15b-0])}
2025-07-31 17:05:35,692 INFO  [org.apa.kaf.cli.con.int.ConsumerCoordinator] (Thread-788) [Consumer clientId=consumer-Consumer-topic-2812e2d0_a6e4_4dac_97b9_69679f29c15b-25, groupId=Consumer-topic-2812e2d0_a6e4_4dac_97b9_69679f29c15b] Successfully synced group in generation Generation{generationId=1, memberId='consumer-Consumer-topic-2812e2d0_a6e4_4dac_97b9_69679f29c15b-25-508a8004-e86a-4192-bd1d-cca2d8f38410', protocol='range'}
2025-07-31 17:05:35,692 INFO  [org.apa.kaf.cli.con.int.ConsumerCoordinator] (Thread-788) [Consumer clientId=consumer-Consumer-topic-2812e2d0_a6e4_4dac_97b9_69679f29c15b-25, groupId=Consumer-topic-2812e2d0_a6e4_4dac_97b9_69679f29c15b] Notifying assignor about the new Assignment(partitions=[topic-2812e2d0_a6e4_4dac_97b9_69679f29c15b-0])
2025-07-31 17:05:35,692 INFO  [org.apa.kaf.cli.con.int.ConsumerRebalanceListenerInvoker] (Thread-788) [Consumer clientId=consumer-Consumer-topic-2812e2d0_a6e4_4dac_97b9_69679f29c15b-25, groupId=Consumer-topic-2812e2d0_a6e4_4dac_97b9_69679f29c15b] Adding newly assigned partitions: topic-2812e2d0_a6e4_4dac_97b9_69679f29c15b-0
2025-07-31 17:05:35,693 INFO  [org.apa.kaf.cli.con.int.ConsumerCoordinator] (Thread-788) [Consumer clientId=consumer-Consumer-topic-2812e2d0_a6e4_4dac_97b9_69679f29c15b-25, groupId=Consumer-topic-2812e2d0_a6e4_4dac_97b9_69679f29c15b] Found no committed offset for partition topic-2812e2d0_a6e4_4dac_97b9_69679f29c15b-0
2025-07-31 17:05:35,698 INFO  [org.apa.kaf.cli.con.int.SubscriptionState] (Thread-788) [Consumer clientId=consumer-Consumer-topic-2812e2d0_a6e4_4dac_97b9_69679f29c15b-25, groupId=Consumer-topic-2812e2d0_a6e4_4dac_97b9_69679f29c15b] Resetting offset for partition topic-2812e2d0_a6e4_4dac_97b9_69679f29c15b-0 to position FetchPosition{offset=0, offsetEpoch=Optional.empty, currentLeader=LeaderAndEpoch{leader=Optional[localhost:32770 (id: 0 rack: null)], epoch=0}}.
2025-07-31 17:05:35,761 INFO  [io.api.tes.ser.api.KafkaSerdesTester] (Thread-788) topic-2812e2d0_a6e4_4dac_97b9_69679f29c15b 0 0 header {
  time {
  }
}
d1: 1.753981534969E12
s1: "a"
i1: 123
bi1: 1
point {
  longitude: 22.0
  latitude: 22.0
  altitude: 1.0
}

2025-07-31 17:05:35,762 INFO  [io.api.tes.ser.api.KafkaSerdesTester] (Thread-788) topic-2812e2d0_a6e4_4dac_97b9_69679f29c15b 0 1 header {
  time {
  }
}
d1: 1.753981535222E12
s1: "a"
i1: 123
bi1: 1
point {
  longitude: 22.0
  latitude: 22.0
  altitude: 1.0
}

2025-07-31 17:05:35,763 INFO  [io.api.tes.ser.api.KafkaSerdesTester] (Thread-788) topic-2812e2d0_a6e4_4dac_97b9_69679f29c15b 0 2 header {
  time {
  }
}
d1: 1.753981535257E12
s1: "a"
i1: 123
bi1: 1
point {
  longitude: 22.0
  latitude: 22.0
  altitude: 1.0
}

2025-07-31 17:05:35,763 INFO  [io.api.tes.ser.api.KafkaSerdesTester] (Thread-788) topic-2812e2d0_a6e4_4dac_97b9_69679f29c15b 0 3 header {
  time {
  }
}
d1: 1.753981535291E12
s1: "a"
i1: 123
bi1: 1
point {
  longitude: 22.0
  latitude: 22.0
  altitude: 1.0
}

2025-07-31 17:05:35,763 INFO  [io.api.tes.ser.api.KafkaSerdesTester] (Thread-788) topic-2812e2d0_a6e4_4dac_97b9_69679f29c15b 0 4 header {
  time {
  }
}
d1: 1.753981535347E12
s1: "a"
i1: 123
bi1: 1
point {
  longitude: 22.0
  latitude: 22.0
  altitude: 1.0
}

2025-07-31 17:05:35,763 INFO  [io.api.tes.ser.api.KafkaSerdesTester] (Thread-788) topic-2812e2d0_a6e4_4dac_97b9_69679f29c15b 0 5 header {
  time {
  }
}
d1: 1.753981535382E12
s1: "a"
i1: 123
bi1: 1
point {
  longitude: 22.0
  latitude: 22.0
  altitude: 1.0
}

2025-07-31 17:05:35,763 INFO  [io.api.tes.ser.api.KafkaSerdesTester] (Thread-788) topic-2812e2d0_a6e4_4dac_97b9_69679f29c15b 0 6 header {
  time {
  }
}
d1: 1.753981535448E12
s1: "a"
i1: 123
bi1: 1
point {
  longitude: 22.0
  latitude: 22.0
  altitude: 1.0
}

2025-07-31 17:05:35,763 INFO  [io.api.tes.ser.api.KafkaSerdesTester] (Thread-788) topic-2812e2d0_a6e4_4dac_97b9_69679f29c15b 0 7 header {
  time {
  }
}
d1: 1.75398153548E12
s1: "a"
i1: 123
bi1: 1
point {
  longitude: 22.0
  latitude: 22.0
  altitude: 1.0
}

2025-07-31 17:05:35,763 INFO  [io.api.tes.ser.api.KafkaSerdesTester] (Thread-788) topic-2812e2d0_a6e4_4dac_97b9_69679f29c15b 0 8 header {
  time {
  }
}
d1: 1.753981535547E12
s1: "a"
i1: 123
bi1: 1
point {
  longitude: 22.0
  latitude: 22.0
  altitude: 1.0
}

2025-07-31 17:05:35,764 INFO  [io.api.tes.ser.api.KafkaSerdesTester] (Thread-788) topic-2812e2d0_a6e4_4dac_97b9_69679f29c15b 0 9 header {
  time {
  }
}
d1: 1.75398153558E12
s1: "a"
i1: 123
bi1: 1
point {
  longitude: 22.0
  latitude: 22.0
  altitude: 1.0
}

2025-07-31 17:05:35,764 INFO  [io.api.tes.ser.api.KafkaSerdesTester] (Thread-788) Consumed 10 messages
2025-07-31 17:05:35,766 INFO  [org.apa.kaf.cli.con.int.ConsumerRebalanceListenerInvoker] (Thread-788) [Consumer clientId=consumer-Consumer-topic-2812e2d0_a6e4_4dac_97b9_69679f29c15b-25, groupId=Consumer-topic-2812e2d0_a6e4_4dac_97b9_69679f29c15b] Revoke previously assigned partitions topic-2812e2d0_a6e4_4dac_97b9_69679f29c15b-0
2025-07-31 17:05:35,766 INFO  [org.apa.kaf.cli.con.int.ConsumerCoordinator] (Thread-788) [Consumer clientId=consumer-Consumer-topic-2812e2d0_a6e4_4dac_97b9_69679f29c15b-25, groupId=Consumer-topic-2812e2d0_a6e4_4dac_97b9_69679f29c15b] Member consumer-Consumer-topic-2812e2d0_a6e4_4dac_97b9_69679f29c15b-25-508a8004-e86a-4192-bd1d-cca2d8f38410 sending LeaveGroup request to coordinator localhost:32770 (id: 2147483647 rack: null) due to the consumer is being closed
2025-07-31 17:05:35,766 INFO  [org.apa.kaf.cli.con.int.ConsumerCoordinator] (Thread-788) [Consumer clientId=consumer-Consumer-topic-2812e2d0_a6e4_4dac_97b9_69679f29c15b-25, groupId=Consumer-topic-2812e2d0_a6e4_4dac_97b9_69679f29c15b] Resetting generation and member id due to: consumer pro-actively leaving the group
2025-07-31 17:05:35,766 INFO  [org.apa.kaf.cli.con.int.ConsumerCoordinator] (Thread-788) [Consumer clientId=consumer-Consumer-topic-2812e2d0_a6e4_4dac_97b9_69679f29c15b-25, groupId=Consumer-topic-2812e2d0_a6e4_4dac_97b9_69679f29c15b] Request joining group due to: consumer pro-actively leaving the group
2025-07-31 17:05:36,263 INFO  [org.apa.kaf.com.met.Metrics] (Thread-788) Metrics scheduler closed
2025-07-31 17:05:36,263 INFO  [org.apa.kaf.com.met.Metrics] (Thread-788) Closing reporter org.apache.kafka.common.metrics.JmxReporter
2025-07-31 17:05:36,263 INFO  [org.apa.kaf.com.met.Metrics] (Thread-788) Closing reporter org.apache.kafka.common.telemetry.internals.ClientTelemetryReporter
2025-07-31 17:05:36,263 INFO  [org.apa.kaf.com.met.Metrics] (Thread-788) Metrics reporters closed
2025-07-31 17:05:36,265 INFO  [org.apa.kaf.com.uti.AppInfoParser] (Thread-788) App info kafka.consumer for consumer-Consumer-topic-2812e2d0_a6e4_4dac_97b9_69679f29c15b-25 unregistered
2025-07-31 17:05:36,282 INFO  [io.api.tes.uti.TestSeparator] (main) io.apicurio.tests.serdes.apicurio.ProtobufSerdeIT.testAutoRegisterDeriveClassProtobufType-FINISHED
2025-07-31 17:05:36,282 INFO  [io.api.tes.uti.TestSeparator] (main) ############################################################################
Test passed: testAutoRegisterDeriveClassProtobufType
]]></system-out>
  </testcase>
  <testcase name="testConsumeReturnSpecificClass" classname="io.apicurio.tests.serdes.apicurio.ProtobufSerdeIT" time="0.04">
    <error type="io.apicurio.registry.rest.client.models.RuleViolationProblemDetails"><![CDATA[io.apicurio.registry.rest.client.models.RuleViolationProblemDetails
	at io.apicurio.registry.rest.client.models.RuleViolationProblemDetails.createFromDiscriminatorValue(RuleViolationProblemDetails.java:62)
	at io.kiota.serialization.json.JsonParseNode.getObjectValue(JsonParseNode.java:247)
	at io.kiota.http.vertx.VertXRequestAdapter.lambda$throwIfFailedResponse$0(VertXRequestAdapter.java:400)
	at com.microsoft.kiota.ApiExceptionBuilder.<init>(ApiExceptionBuilder.java:26)
	at io.kiota.http.vertx.VertXRequestAdapter.throwIfFailedResponse(VertXRequestAdapter.java:399)
	at io.kiota.http.vertx.VertXRequestAdapter.send(VertXRequestAdapter.java:170)
	at io.apicurio.registry.rest.client.groups.item.artifacts.ArtifactsRequestBuilder.post(ArtifactsRequestBuilder.java:130)
	at io.apicurio.tests.ApicurioRegistryBaseIT.createArtifact(ApicurioRegistryBaseIT.java:184)
	at io.apicurio.tests.serdes.apicurio.ProtobufSerdeIT.testConsumeReturnSpecificClass(ProtobufSerdeIT.java:243)
	at java.base/java.lang.reflect.Method.invoke(Method.java:569)
	at java.base/java.util.ArrayList.forEach(ArrayList.java:1511)
	at java.base/java.util.ArrayList.forEach(ArrayList.java:1511)
]]></error>
    <system-out><![CDATA[2025-07-31 17:05:36,283 INFO  [io.api.tes.uti.TestSeparator] (main) ############################################################################
2025-07-31 17:05:36,283 INFO  [io.api.tes.uti.TestSeparator] (main) io.apicurio.tests.serdes.apicurio.ProtobufSerdeIT.testConsumeReturnSpecificClass-STARTED
2025-07-31 17:05:36,302 INFO  [io.api.tes.uti.TestSeparator] (main) io.apicurio.tests.serdes.apicurio.ProtobufSerdeIT.testConsumeReturnSpecificClass-FINISHED
2025-07-31 17:05:36,302 INFO  [io.api.tes.uti.TestSeparator] (main) ############################################################################
2025-07-31 17:05:36,302 ERROR [io.api.reg.uti.tes.TestUtils] (main) === TEST FAILED ===
2025-07-31 17:05:36,302 ERROR [io.api.reg.uti.tes.TestUtils] (main) Class: class io.apicurio.tests.serdes.apicurio.ProtobufSerdeIT
2025-07-31 17:05:36,302 ERROR [io.api.reg.uti.tes.TestUtils] (main) Test:  testConsumeReturnSpecificClass
2025-07-31 17:05:36,302 ERROR [io.api.reg.uti.tes.TestUtils] (main) ID:    [engine:junit-jupiter]/[class:io.apicurio.tests.serdes.apicurio.ProtobufSerdeIT]/[method:testConsumeReturnSpecificClass()]
2025-07-31 17:05:36,302 ERROR [io.api.reg.uti.tes.TestUtils] (main) Error: RuleViolationProblemDetails - null
2025-07-31 17:05:36,302 ERROR [io.api.reg.uti.tes.TestUtils] (main) Rule Violation Problem Details
2025-07-31 17:05:36,311 WARNING [org.jun.jup.eng.des.MethodBasedTestDescriptor] (main) Failed to invoke TestWatcher [io.apicurio.tests.ApicurioRegistryBaseIT$RegistryApiErrorWatcher] for method [io.apicurio.tests.serdes.apicurio.ProtobufSerdeIT#testConsumeReturnSpecificClass()] with display name [testConsumeReturnSpecificClass]: java.lang.StackOverflowError
	at io.apicurio.tests.ApicurioRegistryBaseIT$RegistryApiErrorWatcher.logProblemDetails(ApicurioRegistryBaseIT.java:154)
	at io.apicurio.tests.ApicurioRegistryBaseIT$RegistryApiErrorWatcher.logProblemDetails(ApicurioRegistryBaseIT.java:154)
	at io.apicurio.tests.ApicurioRegistryBaseIT$RegistryApiErrorWatcher.logProblemDetails(ApicurioRegistryBaseIT.java:154)
	at io.apicurio.tests.ApicurioRegistryBaseIT$RegistryApiErrorWatcher.logProblemDetails(ApicurioRegistryBaseIT.java:154)
	at io.apicurio.tests.ApicurioRegistryBaseIT$RegistryApiErrorWatcher.logProblemDetails(ApicurioRegistryBaseIT.java:154)
	at io.apicurio.tests.ApicurioRegistryBaseIT$RegistryApiErrorWatcher.logProblemDetails(ApicurioRegistryBaseIT.java:154)
	at io.apicurio.tests.ApicurioRegistryBaseIT$RegistryApiErrorWatcher.logProblemDetails(ApicurioRegistryBaseIT.java:154)
	at io.apicurio.tests.ApicurioRegistryBaseIT$RegistryApiErrorWatcher.logProblemDetails(ApicurioRegistryBaseIT.java:154)
	at io.apicurio.tests.ApicurioRegistryBaseIT$RegistryApiErrorWatcher.logProblemDetails(ApicurioRegistryBaseIT.java:154)
	at io.apicurio.tests.ApicurioRegistryBaseIT$RegistryApiErrorWatcher.logProblemDetails(ApicurioRegistryBaseIT.java:154)
	at io.apicurio.tests.ApicurioRegistryBaseIT$RegistryApiErrorWatcher.logProblemDetails(ApicurioRegistryBaseIT.java:154)
	at io.apicurio.tests.ApicurioRegistryBaseIT$RegistryApiErrorWatcher.logProblemDetails(ApicurioRegistryBaseIT.java:154)
	at io.apicurio.tests.ApicurioRegistryBaseIT$RegistryApiErrorWatcher.logProblemDetails(ApicurioRegistryBaseIT.java:154)
	at io.apicurio.tests.ApicurioRegistryBaseIT$RegistryApiErrorWatcher.logProblemDetails(ApicurioRegistryBaseIT.java:154)
	at io.apicurio.tests.ApicurioRegistryBaseIT$RegistryApiErrorWatcher.logProblemDetails(ApicurioRegistryBaseIT.java:154)
	at io.apicurio.tests.ApicurioRegistryBaseIT$RegistryApiErrorWatcher.logProblemDetails(ApicurioRegistryBaseIT.java:154)
	at io.apicurio.tests.ApicurioRegistryBaseIT$RegistryApiErrorWatcher.logProblemDetails(ApicurioRegistryBaseIT.java:154)
	at io.apicurio.tests.ApicurioRegistryBaseIT$RegistryApiErrorWatcher.logProblemDetails(ApicurioRegistryBaseIT.java:154)
	at io.apicurio.tests.ApicurioRegistryBaseIT$RegistryApiErrorWatcher.logProblemDetails(ApicurioRegistryBaseIT.java:154)
	at io.apicurio.tests.ApicurioRegistryBaseIT$RegistryApiErrorWatcher.logProblemDetails(ApicurioRegistryBaseIT.java:154)
	at io.apicurio.tests.ApicurioRegistryBaseIT$RegistryApiErrorWatcher.logProblemDetails(ApicurioRegistryBaseIT.java:154)
	at io.apicurio.tests.ApicurioRegistryBaseIT$RegistryApiErrorWatcher.logProblemDetails(ApicurioRegistryBaseIT.java:154)
	at io.apicurio.tests.ApicurioRegistryBaseIT$RegistryApiErrorWatcher.logProblemDetails(ApicurioRegistryBaseIT.java:154)
	at io.apicurio.tests.ApicurioRegistryBaseIT$RegistryApiErrorWatcher.logProblemDetails(ApicurioRegistryBaseIT.java:154)
	at io.apicurio.tests.ApicurioRegistryBaseIT$RegistryApiErrorWatcher.logProblemDetails(ApicurioRegistryBaseIT.java:154)
	at io.apicurio.tests.ApicurioRegistryBaseIT$RegistryApiErrorWatcher.logProblemDetails(ApicurioRegistryBaseIT.java:154)
	at io.apicurio.tests.ApicurioRegistryBaseIT$RegistryApiErrorWatcher.logProblemDetails(ApicurioRegistryBaseIT.java:154)
	at io.apicurio.tests.ApicurioRegistryBaseIT$RegistryApiErrorWatcher.logProblemDetails(ApicurioRegistryBaseIT.java:154)
	at io.apicurio.tests.ApicurioRegistryBaseIT$RegistryApiErrorWatcher.logProblemDetails(ApicurioRegistryBaseIT.java:154)
	at io.apicurio.tests.ApicurioRegistryBaseIT$RegistryApiErrorWatcher.logProblemDetails(ApicurioRegistryBaseIT.java:154)
	at io.apicurio.tests.ApicurioRegistryBaseIT$RegistryApiErrorWatcher.logProblemDetails(ApicurioRegistryBaseIT.java:154)
	at io.apicurio.tests.ApicurioRegistryBaseIT$RegistryApiErrorWatcher.logProblemDetails(ApicurioRegistryBaseIT.java:154)
	at io.apicurio.tests.ApicurioRegistryBaseIT$RegistryApiErrorWatcher.logProblemDetails(ApicurioRegistryBaseIT.java:154)
	at io.apicurio.tests.ApicurioRegistryBaseIT$RegistryApiErrorWatcher.logProblemDetails(ApicurioRegistryBaseIT.java:154)
	at io.apicurio.tests.ApicurioRegistryBaseIT$RegistryApiErrorWatcher.logProblemDetails(ApicurioRegistryBaseIT.java:154)
	at io.apicurio.tests.ApicurioRegistryBaseIT$RegistryApiErrorWatcher.logProblemDetails(ApicurioRegistryBaseIT.java:154)
	at io.apicurio.tests.ApicurioRegistryBaseIT$RegistryApiErrorWatcher.logProblemDetails(ApicurioRegistryBaseIT.java:154)
	at io.apicurio.tests.ApicurioRegistryBaseIT$RegistryApiErrorWatcher.logProblemDetails(ApicurioRegistryBaseIT.java:154)
	at io.apicurio.tests.ApicurioRegistryBaseIT$RegistryApiErrorWatcher.logProblemDetails(ApicurioRegistryBaseIT.java:154)
	at io.apicurio.tests.ApicurioRegistryBaseIT$RegistryApiErrorWatcher.logProblemDetails(ApicurioRegistryBaseIT.java:154)
	at io.apicurio.tests.ApicurioRegistryBaseIT$RegistryApiErrorWatcher.logProblemDetails(ApicurioRegistryBaseIT.java:154)
	at io.apicurio.tests.ApicurioRegistryBaseIT$RegistryApiErrorWatcher.logProblemDetails(ApicurioRegistryBaseIT.java:154)
	at io.apicurio.tests.ApicurioRegistryBaseIT$RegistryApiErrorWatcher.logProblemDetails(ApicurioRegistryBaseIT.java:154)
	at io.apicurio.tests.ApicurioRegistryBaseIT$RegistryApiErrorWatcher.logProblemDetails(ApicurioRegistryBaseIT.java:154)
	at io.apicurio.tests.ApicurioRegistryBaseIT$RegistryApiErrorWatcher.logProblemDetails(ApicurioRegistryBaseIT.java:154)
	at io.apicurio.tests.ApicurioRegistryBaseIT$RegistryApiErrorWatcher.logProblemDetails(ApicurioRegistryBaseIT.java:154)
	at io.apicurio.tests.ApicurioRegistryBaseIT$RegistryApiErrorWatcher.logProblemDetails(ApicurioRegistryBaseIT.java:154)
	at io.apicurio.tests.ApicurioRegistryBaseIT$RegistryApiErrorWatcher.logProblemDetails(ApicurioRegistryBaseIT.java:154)
	at io.apicurio.tests.ApicurioRegistryBaseIT$RegistryApiErrorWatcher.logProblemDetails(ApicurioRegistryBaseIT.java:154)
	at io.apicurio.tests.ApicurioRegistryBaseIT$RegistryApiErrorWatcher.logProblemDetails(ApicurioRegistryBaseIT.java:154)
	at io.apicurio.tests.ApicurioRegistryBaseIT$RegistryApiErrorWatcher.logProblemDetails(ApicurioRegistryBaseIT.java:154)
	at io.apicurio.tests.ApicurioRegistryBaseIT$RegistryApiErrorWatcher.logProblemDetails(ApicurioRegistryBaseIT.java:154)
	at io.apicurio.tests.ApicurioRegistryBaseIT$RegistryApiErrorWatcher.logProblemDetails(ApicurioRegistryBaseIT.java:154)
	at io.apicurio.tests.ApicurioRegistryBaseIT$RegistryApiErrorWatcher.logProblemDetails(ApicurioRegistryBaseIT.java:154)
	at io.apicurio.tests.ApicurioRegistryBaseIT$RegistryApiErrorWatcher.logProblemDetails(ApicurioRegistryBaseIT.java:154)
	at io.apicurio.tests.ApicurioRegistryBaseIT$RegistryApiErrorWatcher.logProblemDetails(ApicurioRegistryBaseIT.java:154)
	at io.apicurio.tests.ApicurioRegistryBaseIT$RegistryApiErrorWatcher.logProblemDetails(ApicurioRegistryBaseIT.java:154)
	at io.apicurio.tests.ApicurioRegistryBaseIT$RegistryApiErrorWatcher.logProblemDetails(ApicurioRegistryBaseIT.java:154)
	at io.apicurio.tests.ApicurioRegistryBaseIT$RegistryApiErrorWatcher.logProblemDetails(ApicurioRegistryBaseIT.java:154)
	at io.apicurio.tests.ApicurioRegistryBaseIT$RegistryApiErrorWatcher.logProblemDetails(ApicurioRegistryBaseIT.java:154)
	at io.apicurio.tests.ApicurioRegistryBaseIT$RegistryApiErrorWatcher.logProblemDetails(ApicurioRegistryBaseIT.java:154)
	at io.apicurio.tests.ApicurioRegistryBaseIT$RegistryApiErrorWatcher.logProblemDetails(ApicurioRegistryBaseIT.java:154)
	at io.apicurio.tests.ApicurioRegistryBaseIT$RegistryApiErrorWatcher.logProblemDetails(ApicurioRegistryBaseIT.java:154)
	at io.apicurio.tests.ApicurioRegistryBaseIT$RegistryApiErrorWatcher.logProblemDetails(ApicurioRegistryBaseIT.java:154)
	at io.apicurio.tests.ApicurioRegistryBaseIT$RegistryApiErrorWatcher.logProblemDetails(ApicurioRegistryBaseIT.java:154)
	at io.apicurio.tests.ApicurioRegistryBaseIT$RegistryApiErrorWatcher.logProblemDetails(ApicurioRegistryBaseIT.java:154)
	at io.apicurio.tests.ApicurioRegistryBaseIT$RegistryApiErrorWatcher.logProblemDetails(ApicurioRegistryBaseIT.java:154)
	at io.apicurio.tests.ApicurioRegistryBaseIT$RegistryApiErrorWatcher.logProblemDetails(ApicurioRegistryBaseIT.java:154)
	at io.apicurio.tests.ApicurioRegistryBaseIT$RegistryApiErrorWatcher.logProblemDetails(ApicurioRegistryBaseIT.java:154)
	at io.apicurio.tests.ApicurioRegistryBaseIT$RegistryApiErrorWatcher.logProblemDetails(ApicurioRegistryBaseIT.java:154)
	at io.apicurio.tests.ApicurioRegistryBaseIT$RegistryApiErrorWatcher.logProblemDetails(ApicurioRegistryBaseIT.java:154)
	at io.apicurio.tests.ApicurioRegistryBaseIT$RegistryApiErrorWatcher.logProblemDetails(ApicurioRegistryBaseIT.java:154)
	at io.apicurio.tests.ApicurioRegistryBaseIT$RegistryApiErrorWatcher.logProblemDetails(ApicurioRegistryBaseIT.java:154)
	at io.apicurio.tests.ApicurioRegistryBaseIT$RegistryApiErrorWatcher.logProblemDetails(ApicurioRegistryBaseIT.java:154)
	at io.apicurio.tests.ApicurioRegistryBaseIT$RegistryApiErrorWatcher.logProblemDetails(ApicurioRegistryBaseIT.java:154)
	at io.apicurio.tests.ApicurioRegistryBaseIT$RegistryApiErrorWatcher.logProblemDetails(ApicurioRegistryBaseIT.java:154)
	at io.apicurio.tests.ApicurioRegistryBaseIT$RegistryApiErrorWatcher.logProblemDetails(ApicurioRegistryBaseIT.java:154)
	at io.apicurio.tests.ApicurioRegistryBaseIT$RegistryApiErrorWatcher.logProblemDetails(ApicurioRegistryBaseIT.java:154)
	at io.apicurio.tests.ApicurioRegistryBaseIT$RegistryApiErrorWatcher.logProblemDetails(ApicurioRegistryBaseIT.java:154)
	at io.apicurio.tests.ApicurioRegistryBaseIT$RegistryApiErrorWatcher.logProblemDetails(ApicurioRegistryBaseIT.java:154)
	at io.apicurio.tests.ApicurioRegistryBaseIT$RegistryApiErrorWatcher.logProblemDetails(ApicurioRegistryBaseIT.java:154)
	at io.apicurio.tests.ApicurioRegistryBaseIT$RegistryApiErrorWatcher.logProblemDetails(ApicurioRegistryBaseIT.java:154)
	at io.apicurio.tests.ApicurioRegistryBaseIT$RegistryApiErrorWatcher.logProblemDetails(ApicurioRegistryBaseIT.java:154)
	at io.apicurio.tests.ApicurioRegistryBaseIT$RegistryApiErrorWatcher.logProblemDetails(ApicurioRegistryBaseIT.java:154)
	at io.apicurio.tests.ApicurioRegistryBaseIT$RegistryApiErrorWatcher.logProblemDetails(ApicurioRegistryBaseIT.java:154)
	at io.apicurio.tests.ApicurioRegistryBaseIT$RegistryApiErrorWatcher.logProblemDetails(ApicurioRegistryBaseIT.java:154)
	at io.apicurio.tests.ApicurioRegistryBaseIT$RegistryApiErrorWatcher.logProblemDetails(ApicurioRegistryBaseIT.java:154)
	at io.apicurio.tests.ApicurioRegistryBaseIT$RegistryApiErrorWatcher.logProblemDetails(ApicurioRegistryBaseIT.java:154)
	at io.apicurio.tests.ApicurioRegistryBaseIT$RegistryApiErrorWatcher.logProblemDetails(ApicurioRegistryBaseIT.java:154)
	at io.apicurio.tests.ApicurioRegistryBaseIT$RegistryApiErrorWatcher.logProblemDetails(ApicurioRegistryBaseIT.java:154)
	at io.apicurio.tests.ApicurioRegistryBaseIT$RegistryApiErrorWatcher.logProblemDetails(ApicurioRegistryBaseIT.java:154)
	at io.apicurio.tests.ApicurioRegistryBaseIT$RegistryApiErrorWatcher.logProblemDetails(ApicurioRegistryBaseIT.java:154)
	at io.apicurio.tests.ApicurioRegistryBaseIT$RegistryApiErrorWatcher.logProblemDetails(ApicurioRegistryBaseIT.java:154)
	at io.apicurio.tests.ApicurioRegistryBaseIT$RegistryApiErrorWatcher.logProblemDetails(ApicurioRegistryBaseIT.java:154)
	at io.apicurio.tests.ApicurioRegistryBaseIT$RegistryApiErrorWatcher.logProblemDetails(ApicurioRegistryBaseIT.java:154)
	at io.apicurio.tests.ApicurioRegistryBaseIT$RegistryApiErrorWatcher.logProblemDetails(ApicurioRegistryBaseIT.java:154)
	at io.apicurio.tests.ApicurioRegistryBaseIT$RegistryApiErrorWatcher.logProblemDetails(ApicurioRegistryBaseIT.java:154)
	at io.apicurio.tests.ApicurioRegistryBaseIT$RegistryApiErrorWatcher.logProblemDetails(ApicurioRegistryBaseIT.java:154)
	at io.apicurio.tests.ApicurioRegistryBaseIT$RegistryApiErrorWatcher.logProblemDetails(ApicurioRegistryBaseIT.java:154)
	at io.apicurio.tests.ApicurioRegistryBaseIT$RegistryApiErrorWatcher.logProblemDetails(ApicurioRegistryBaseIT.java:154)
	at io.apicurio.tests.ApicurioRegistryBaseIT$RegistryApiErrorWatcher.logProblemDetails(ApicurioRegistryBaseIT.java:154)
	at io.apicurio.tests.ApicurioRegistryBaseIT$RegistryApiErrorWatcher.logProblemDetails(ApicurioRegistryBaseIT.java:154)
	at io.apicurio.tests.ApicurioRegistryBaseIT$RegistryApiErrorWatcher.logProblemDetails(ApicurioRegistryBaseIT.java:154)
	at io.apicurio.tests.ApicurioRegistryBaseIT$RegistryApiErrorWatcher.logProblemDetails(ApicurioRegistryBaseIT.java:154)
	at io.apicurio.tests.ApicurioRegistryBaseIT$RegistryApiErrorWatcher.logProblemDetails(ApicurioRegistryBaseIT.java:154)
	at io.apicurio.tests.ApicurioRegistryBaseIT$RegistryApiErrorWatcher.logProblemDetails(ApicurioRegistryBaseIT.java:154)
	at io.apicurio.tests.ApicurioRegistryBaseIT$RegistryApiErrorWatcher.logProblemDetails(ApicurioRegistryBaseIT.java:154)
	at io.apicurio.tests.ApicurioRegistryBaseIT$RegistryApiErrorWatcher.logProblemDetails(ApicurioRegistryBaseIT.java:154)
	at io.apicurio.tests.ApicurioRegistryBaseIT$RegistryApiErrorWatcher.logProblemDetails(ApicurioRegistryBaseIT.java:154)
	at io.apicurio.tests.ApicurioRegistryBaseIT$RegistryApiErrorWatcher.logProblemDetails(ApicurioRegistryBaseIT.java:154)
	at io.apicurio.tests.ApicurioRegistryBaseIT$RegistryApiErrorWatcher.logProblemDetails(ApicurioRegistryBaseIT.java:154)
	at io.apicurio.tests.ApicurioRegistryBaseIT$RegistryApiErrorWatcher.logProblemDetails(ApicurioRegistryBaseIT.java:154)
	at io.apicurio.tests.ApicurioRegistryBaseIT$RegistryApiErrorWatcher.logProblemDetails(ApicurioRegistryBaseIT.java:154)
	at io.apicurio.tests.ApicurioRegistryBaseIT$RegistryApiErrorWatcher.logProblemDetails(ApicurioRegistryBaseIT.java:154)
	at io.apicurio.tests.ApicurioRegistryBaseIT$RegistryApiErrorWatcher.logProblemDetails(ApicurioRegistryBaseIT.java:154)
	at io.apicurio.tests.ApicurioRegistryBaseIT$RegistryApiErrorWatcher.logProblemDetails(ApicurioRegistryBaseIT.java:154)
	at io.apicurio.tests.ApicurioRegistryBaseIT$RegistryApiErrorWatcher.logProblemDetails(ApicurioRegistryBaseIT.java:154)
	at io.apicurio.tests.ApicurioRegistryBaseIT$RegistryApiErrorWatcher.logProblemDetails(ApicurioRegistryBaseIT.java:154)
	at io.apicurio.tests.ApicurioRegistryBaseIT$RegistryApiErrorWatcher.logProblemDetails(ApicurioRegistryBaseIT.java:154)
	at io.apicurio.tests.ApicurioRegistryBaseIT$RegistryApiErrorWatcher.logProblemDetails(ApicurioRegistryBaseIT.java:154)
	at io.apicurio.tests.ApicurioRegistryBaseIT$RegistryApiErrorWatcher.logProblemDetails(ApicurioRegistryBaseIT.java:154)
	at io.apicurio.tests.ApicurioRegistryBaseIT$RegistryApiErrorWatcher.logProblemDetails(ApicurioRegistryBaseIT.java:154)
	at io.apicurio.tests.ApicurioRegistryBaseIT$RegistryApiErrorWatcher.logProblemDetails(ApicurioRegistryBaseIT.java:154)
	at io.apicurio.tests.ApicurioRegistryBaseIT$RegistryApiErrorWatcher.logProblemDetails(ApicurioRegistryBaseIT.java:154)
	at io.apicurio.tests.ApicurioRegistryBaseIT$RegistryApiErrorWatcher.logProblemDetails(ApicurioRegistryBaseIT.java:154)
	at io.apicurio.tests.ApicurioRegistryBaseIT$RegistryApiErrorWatcher.logProblemDetails(ApicurioRegistryBaseIT.java:154)
	at io.apicurio.tests.ApicurioRegistryBaseIT$RegistryApiErrorWatcher.logProblemDetails(ApicurioRegistryBaseIT.java:154)
	at io.apicurio.tests.ApicurioRegistryBaseIT$RegistryApiErrorWatcher.logProblemDetails(ApicurioRegistryBaseIT.java:154)
	at io.apicurio.tests.ApicurioRegistryBaseIT$RegistryApiErrorWatcher.logProblemDetails(ApicurioRegistryBaseIT.java:154)
	at io.apicurio.tests.ApicurioRegistryBaseIT$RegistryApiErrorWatcher.logProblemDetails(ApicurioRegistryBaseIT.java:154)
	at io.apicurio.tests.ApicurioRegistryBaseIT$RegistryApiErrorWatcher.logProblemDetails(ApicurioRegistryBaseIT.java:154)
	at io.apicurio.tests.ApicurioRegistryBaseIT$RegistryApiErrorWatcher.logProblemDetails(ApicurioRegistryBaseIT.java:154)
	at io.apicurio.tests.ApicurioRegistryBaseIT$RegistryApiErrorWatcher.logProblemDetails(ApicurioRegistryBaseIT.java:154)
	at io.apicurio.tests.ApicurioRegistryBaseIT$RegistryApiErrorWatcher.logProblemDetails(ApicurioRegistryBaseIT.java:154)
	at io.apicurio.tests.ApicurioRegistryBaseIT$RegistryApiErrorWatcher.logProblemDetails(ApicurioRegistryBaseIT.java:154)
	at io.apicurio.tests.ApicurioRegistryBaseIT$RegistryApiErrorWatcher.logProblemDetails(ApicurioRegistryBaseIT.java:154)
	at io.apicurio.tests.ApicurioRegistryBaseIT$RegistryApiErrorWatcher.logProblemDetails(ApicurioRegistryBaseIT.java:154)
	at io.apicurio.tests.ApicurioRegistryBaseIT$RegistryApiErrorWatcher.logProblemDetails(ApicurioRegistryBaseIT.java:154)
	at io.apicurio.tests.ApicurioRegistryBaseIT$RegistryApiErrorWatcher.logProblemDetails(ApicurioRegistryBaseIT.java:154)
	at io.apicurio.tests.ApicurioRegistryBaseIT$RegistryApiErrorWatcher.logProblemDetails(ApicurioRegistryBaseIT.java:154)
	at io.apicurio.tests.ApicurioRegistryBaseIT$RegistryApiErrorWatcher.logProblemDetails(ApicurioRegistryBaseIT.java:154)
	at io.apicurio.tests.ApicurioRegistryBaseIT$RegistryApiErrorWatcher.logProblemDetails(ApicurioRegistryBaseIT.java:154)
	at io.apicurio.tests.ApicurioRegistryBaseIT$RegistryApiErrorWatcher.logProblemDetails(ApicurioRegistryBaseIT.java:154)
	at io.apicurio.tests.ApicurioRegistryBaseIT$RegistryApiErrorWatcher.logProblemDetails(ApicurioRegistryBaseIT.java:154)
	at io.apicurio.tests.ApicurioRegistryBaseIT$RegistryApiErrorWatcher.logProblemDetails(ApicurioRegistryBaseIT.java:154)
	at io.apicurio.tests.ApicurioRegistryBaseIT$RegistryApiErrorWatcher.logProblemDetails(ApicurioRegistryBaseIT.java:154)
	at io.apicurio.tests.ApicurioRegistryBaseIT$RegistryApiErrorWatcher.logProblemDetails(ApicurioRegistryBaseIT.java:154)
	at io.apicurio.tests.ApicurioRegistryBaseIT$RegistryApiErrorWatcher.logProblemDetails(ApicurioRegistryBaseIT.java:154)
	at io.apicurio.tests.ApicurioRegistryBaseIT$RegistryApiErrorWatcher.logProblemDetails(ApicurioRegistryBaseIT.java:154)
	at io.apicurio.tests.ApicurioRegistryBaseIT$RegistryApiErrorWatcher.logProblemDetails(ApicurioRegistryBaseIT.java:154)
	at io.apicurio.tests.ApicurioRegistryBaseIT$RegistryApiErrorWatcher.logProblemDetails(ApicurioRegistryBaseIT.java:154)
	at io.apicurio.tests.ApicurioRegistryBaseIT$RegistryApiErrorWatcher.logProblemDetails(ApicurioRegistryBaseIT.java:154)
	at io.apicurio.tests.ApicurioRegistryBaseIT$RegistryApiErrorWatcher.logProblemDetails(ApicurioRegistryBaseIT.java:154)
	at io.apicurio.tests.ApicurioRegistryBaseIT$RegistryApiErrorWatcher.logProblemDetails(ApicurioRegistryBaseIT.java:154)
	at io.apicurio.tests.ApicurioRegistryBaseIT$RegistryApiErrorWatcher.logProblemDetails(ApicurioRegistryBaseIT.java:154)
	at io.apicurio.tests.ApicurioRegistryBaseIT$RegistryApiErrorWatcher.logProblemDetails(ApicurioRegistryBaseIT.java:154)
	at io.apicurio.tests.ApicurioRegistryBaseIT$RegistryApiErrorWatcher.logProblemDetails(ApicurioRegistryBaseIT.java:154)
	at io.apicurio.tests.ApicurioRegistryBaseIT$RegistryApiErrorWatcher.logProblemDetails(ApicurioRegistryBaseIT.java:154)
	at io.apicurio.tests.ApicurioRegistryBaseIT$RegistryApiErrorWatcher.logProblemDetails(ApicurioRegistryBaseIT.java:154)
	at io.apicurio.tests.ApicurioRegistryBaseIT$RegistryApiErrorWatcher.logProblemDetails(ApicurioRegistryBaseIT.java:154)
	at io.apicurio.tests.ApicurioRegistryBaseIT$RegistryApiErrorWatcher.logProblemDetails(ApicurioRegistryBaseIT.java:154)
	at io.apicurio.tests.ApicurioRegistryBaseIT$RegistryApiErrorWatcher.logProblemDetails(ApicurioRegistryBaseIT.java:154)
	at io.apicurio.tests.ApicurioRegistryBaseIT$RegistryApiErrorWatcher.logProblemDetails(ApicurioRegistryBaseIT.java:154)
	at io.apicurio.tests.ApicurioRegistryBaseIT$RegistryApiErrorWatcher.logProblemDetails(ApicurioRegistryBaseIT.java:154)
	at io.apicurio.tests.ApicurioRegistryBaseIT$RegistryApiErrorWatcher.logProblemDetails(ApicurioRegistryBaseIT.java:154)
	at io.apicurio.tests.ApicurioRegistryBaseIT$RegistryApiErrorWatcher.logProblemDetails(ApicurioRegistryBaseIT.java:154)
	at io.apicurio.tests.ApicurioRegistryBaseIT$RegistryApiErrorWatcher.logProblemDetails(ApicurioRegistryBaseIT.java:154)
	at io.apicurio.tests.ApicurioRegistryBaseIT$RegistryApiErrorWatcher.logProblemDetails(ApicurioRegistryBaseIT.java:154)
	at io.apicurio.tests.ApicurioRegistryBaseIT$RegistryApiErrorWatcher.logProblemDetails(ApicurioRegistryBaseIT.java:154)
	at io.apicurio.tests.ApicurioRegistryBaseIT$RegistryApiErrorWatcher.logProblemDetails(ApicurioRegistryBaseIT.java:154)
	at io.apicurio.tests.ApicurioRegistryBaseIT$RegistryApiErrorWatcher.logProblemDetails(ApicurioRegistryBaseIT.java:154)
	at io.apicurio.tests.ApicurioRegistryBaseIT$RegistryApiErrorWatcher.logProblemDetails(ApicurioRegistryBaseIT.java:154)
	at io.apicurio.tests.ApicurioRegistryBaseIT$RegistryApiErrorWatcher.logProblemDetails(ApicurioRegistryBaseIT.java:154)
	at io.apicurio.tests.ApicurioRegistryBaseIT$RegistryApiErrorWatcher.logProblemDetails(ApicurioRegistryBaseIT.java:154)
	at io.apicurio.tests.ApicurioRegistryBaseIT$RegistryApiErrorWatcher.logProblemDetails(ApicurioRegistryBaseIT.java:154)
	at io.apicurio.tests.ApicurioRegistryBaseIT$RegistryApiErrorWatcher.logProblemDetails(ApicurioRegistryBaseIT.java:154)
	at io.apicurio.tests.ApicurioRegistryBaseIT$RegistryApiErrorWatcher.logProblemDetails(ApicurioRegistryBaseIT.java:154)
	at io.apicurio.tests.ApicurioRegistryBaseIT$RegistryApiErrorWatcher.logProblemDetails(ApicurioRegistryBaseIT.java:154)
	at io.apicurio.tests.ApicurioRegistryBaseIT$RegistryApiErrorWatcher.logProblemDetails(ApicurioRegistryBaseIT.java:154)
	at io.apicurio.tests.ApicurioRegistryBaseIT$RegistryApiErrorWatcher.logProblemDetails(ApicurioRegistryBaseIT.java:154)
	at io.apicurio.tests.ApicurioRegistryBaseIT$RegistryApiErrorWatcher.logProblemDetails(ApicurioRegistryBaseIT.java:154)
	at io.apicurio.tests.ApicurioRegistryBaseIT$RegistryApiErrorWatcher.logProblemDetails(ApicurioRegistryBaseIT.java:154)
	at io.apicurio.tests.ApicurioRegistryBaseIT$RegistryApiErrorWatcher.logProblemDetails(ApicurioRegistryBaseIT.java:154)
	at io.apicurio.tests.ApicurioRegistryBaseIT$RegistryApiErrorWatcher.logProblemDetails(ApicurioRegistryBaseIT.java:154)
	at io.apicurio.tests.ApicurioRegistryBaseIT$RegistryApiErrorWatcher.logProblemDetails(ApicurioRegistryBaseIT.java:154)
	at io.apicurio.tests.ApicurioRegistryBaseIT$RegistryApiErrorWatcher.logProblemDetails(ApicurioRegistryBaseIT.java:154)
	at io.apicurio.tests.ApicurioRegistryBaseIT$RegistryApiErrorWatcher.logProblemDetails(ApicurioRegistryBaseIT.java:154)
	at io.apicurio.tests.ApicurioRegistryBaseIT$RegistryApiErrorWatcher.logProblemDetails(ApicurioRegistryBaseIT.java:154)
	at io.apicurio.tests.ApicurioRegistryBaseIT$RegistryApiErrorWatcher.logProblemDetails(ApicurioRegistryBaseIT.java:154)
	at io.apicurio.tests.ApicurioRegistryBaseIT$RegistryApiErrorWatcher.logProblemDetails(ApicurioRegistryBaseIT.java:154)
	at io.apicurio.tests.ApicurioRegistryBaseIT$RegistryApiErrorWatcher.logProblemDetails(ApicurioRegistryBaseIT.java:154)
	at io.apicurio.tests.ApicurioRegistryBaseIT$RegistryApiErrorWatcher.logProblemDetails(ApicurioRegistryBaseIT.java:154)
	at io.apicurio.tests.ApicurioRegistryBaseIT$RegistryApiErrorWatcher.logProblemDetails(ApicurioRegistryBaseIT.java:154)
	at io.apicurio.tests.ApicurioRegistryBaseIT$RegistryApiErrorWatcher.logProblemDetails(ApicurioRegistryBaseIT.java:154)
	at io.apicurio.tests.ApicurioRegistryBaseIT$RegistryApiErrorWatcher.logProblemDetails(ApicurioRegistryBaseIT.java:154)
	at io.apicurio.tests.ApicurioRegistryBaseIT$RegistryApiErrorWatcher.logProblemDetails(ApicurioRegistryBaseIT.java:154)
	at io.apicurio.tests.ApicurioRegistryBaseIT$RegistryApiErrorWatcher.logProblemDetails(ApicurioRegistryBaseIT.java:154)
	at io.apicurio.tests.ApicurioRegistryBaseIT$RegistryApiErrorWatcher.logProblemDetails(ApicurioRegistryBaseIT.java:154)
	at io.apicurio.tests.ApicurioRegistryBaseIT$RegistryApiErrorWatcher.logProblemDetails(ApicurioRegistryBaseIT.java:154)
	at io.apicurio.tests.ApicurioRegistryBaseIT$RegistryApiErrorWatcher.logProblemDetails(ApicurioRegistryBaseIT.java:154)
	at io.apicurio.tests.ApicurioRegistryBaseIT$RegistryApiErrorWatcher.logProblemDetails(ApicurioRegistryBaseIT.java:154)
	at io.apicurio.tests.ApicurioRegistryBaseIT$RegistryApiErrorWatcher.logProblemDetails(ApicurioRegistryBaseIT.java:154)
	at io.apicurio.tests.ApicurioRegistryBaseIT$RegistryApiErrorWatcher.logProblemDetails(ApicurioRegistryBaseIT.java:154)
	at io.apicurio.tests.ApicurioRegistryBaseIT$RegistryApiErrorWatcher.logProblemDetails(ApicurioRegistryBaseIT.java:154)
	at io.apicurio.tests.ApicurioRegistryBaseIT$RegistryApiErrorWatcher.logProblemDetails(ApicurioRegistryBaseIT.java:154)
	at io.apicurio.tests.ApicurioRegistryBaseIT$RegistryApiErrorWatcher.logProblemDetails(ApicurioRegistryBaseIT.java:154)
	at io.apicurio.tests.ApicurioRegistryBaseIT$RegistryApiErrorWatcher.logProblemDetails(ApicurioRegistryBaseIT.java:154)
	at io.apicurio.tests.ApicurioRegistryBaseIT$RegistryApiErrorWatcher.logProblemDetails(ApicurioRegistryBaseIT.java:154)
	at io.apicurio.tests.ApicurioRegistryBaseIT$RegistryApiErrorWatcher.logProblemDetails(ApicurioRegistryBaseIT.java:154)
	at io.apicurio.tests.ApicurioRegistryBaseIT$RegistryApiErrorWatcher.logProblemDetails(ApicurioRegistryBaseIT.java:154)
	at io.apicurio.tests.ApicurioRegistryBaseIT$RegistryApiErrorWatcher.logProblemDetails(ApicurioRegistryBaseIT.java:154)
	at io.apicurio.tests.ApicurioRegistryBaseIT$RegistryApiErrorWatcher.logProblemDetails(ApicurioRegistryBaseIT.java:154)
	at io.apicurio.tests.ApicurioRegistryBaseIT$RegistryApiErrorWatcher.logProblemDetails(ApicurioRegistryBaseIT.java:154)
	at io.apicurio.tests.ApicurioRegistryBaseIT$RegistryApiErrorWatcher.logProblemDetails(ApicurioRegistryBaseIT.java:154)
	at io.apicurio.tests.ApicurioRegistryBaseIT$RegistryApiErrorWatcher.logProblemDetails(ApicurioRegistryBaseIT.java:154)
	at io.apicurio.tests.ApicurioRegistryBaseIT$RegistryApiErrorWatcher.logProblemDetails(ApicurioRegistryBaseIT.java:154)
	at io.apicurio.tests.ApicurioRegistryBaseIT$RegistryApiErrorWatcher.logProblemDetails(ApicurioRegistryBaseIT.java:154)
	at io.apicurio.tests.ApicurioRegistryBaseIT$RegistryApiErrorWatcher.logProblemDetails(ApicurioRegistryBaseIT.java:154)
	at io.apicurio.tests.ApicurioRegistryBaseIT$RegistryApiErrorWatcher.logProblemDetails(ApicurioRegistryBaseIT.java:154)
	at io.apicurio.tests.ApicurioRegistryBaseIT$RegistryApiErrorWatcher.logProblemDetails(ApicurioRegistryBaseIT.java:154)
	at io.apicurio.tests.ApicurioRegistryBaseIT$RegistryApiErrorWatcher.logProblemDetails(ApicurioRegistryBaseIT.java:154)
	at io.apicurio.tests.ApicurioRegistryBaseIT$RegistryApiErrorWatcher.logProblemDetails(ApicurioRegistryBaseIT.java:154)
	at io.apicurio.tests.ApicurioRegistryBaseIT$RegistryApiErrorWatcher.logProblemDetails(ApicurioRegistryBaseIT.java:154)
	at io.apicurio.tests.ApicurioRegistryBaseIT$RegistryApiErrorWatcher.logProblemDetails(ApicurioRegistryBaseIT.java:154)
	at io.apicurio.tests.ApicurioRegistryBaseIT$RegistryApiErrorWatcher.logProblemDetails(ApicurioRegistryBaseIT.java:154)
	at io.apicurio.tests.ApicurioRegistryBaseIT$RegistryApiErrorWatcher.logProblemDetails(ApicurioRegistryBaseIT.java:154)
	at io.apicurio.tests.ApicurioRegistryBaseIT$RegistryApiErrorWatcher.logProblemDetails(ApicurioRegistryBaseIT.java:154)
	at io.apicurio.tests.ApicurioRegistryBaseIT$RegistryApiErrorWatcher.logProblemDetails(ApicurioRegistryBaseIT.java:154)
	at io.apicurio.tests.ApicurioRegistryBaseIT$RegistryApiErrorWatcher.logProblemDetails(ApicurioRegistryBaseIT.java:154)
	at io.apicurio.tests.ApicurioRegistryBaseIT$RegistryApiErrorWatcher.logProblemDetails(ApicurioRegistryBaseIT.java:154)
	at io.apicurio.tests.ApicurioRegistryBaseIT$RegistryApiErrorWatcher.logProblemDetails(ApicurioRegistryBaseIT.java:154)
	at io.apicurio.tests.ApicurioRegistryBaseIT$RegistryApiErrorWatcher.logProblemDetails(ApicurioRegistryBaseIT.java:154)
	at io.apicurio.tests.ApicurioRegistryBaseIT$RegistryApiErrorWatcher.logProblemDetails(ApicurioRegistryBaseIT.java:154)
	at io.apicurio.tests.ApicurioRegistryBaseIT$RegistryApiErrorWatcher.logProblemDetails(ApicurioRegistryBaseIT.java:154)
	at io.apicurio.tests.ApicurioRegistryBaseIT$RegistryApiErrorWatcher.logProblemDetails(ApicurioRegistryBaseIT.java:154)
	at io.apicurio.tests.ApicurioRegistryBaseIT$RegistryApiErrorWatcher.logProblemDetails(ApicurioRegistryBaseIT.java:154)
	at io.apicurio.tests.ApicurioRegistryBaseIT$RegistryApiErrorWatcher.logProblemDetails(ApicurioRegistryBaseIT.java:154)
	at io.apicurio.tests.ApicurioRegistryBaseIT$RegistryApiErrorWatcher.logProblemDetails(ApicurioRegistryBaseIT.java:154)
	at io.apicurio.tests.ApicurioRegistryBaseIT$RegistryApiErrorWatcher.logProblemDetails(ApicurioRegistryBaseIT.java:154)
	at io.apicurio.tests.ApicurioRegistryBaseIT$RegistryApiErrorWatcher.logProblemDetails(ApicurioRegistryBaseIT.java:154)
	at io.apicurio.tests.ApicurioRegistryBaseIT$RegistryApiErrorWatcher.logProblemDetails(ApicurioRegistryBaseIT.java:154)
	at io.apicurio.tests.ApicurioRegistryBaseIT$RegistryApiErrorWatcher.logProblemDetails(ApicurioRegistryBaseIT.java:154)
	at io.apicurio.tests.ApicurioRegistryBaseIT$RegistryApiErrorWatcher.logProblemDetails(ApicurioRegistryBaseIT.java:154)
	at io.apicurio.tests.ApicurioRegistryBaseIT$RegistryApiErrorWatcher.logProblemDetails(ApicurioRegistryBaseIT.java:154)
	at io.apicurio.tests.ApicurioRegistryBaseIT$RegistryApiErrorWatcher.logProblemDetails(ApicurioRegistryBaseIT.java:154)
	at io.apicurio.tests.ApicurioRegistryBaseIT$RegistryApiErrorWatcher.logProblemDetails(ApicurioRegistryBaseIT.java:154)
	at io.apicurio.tests.ApicurioRegistryBaseIT$RegistryApiErrorWatcher.logProblemDetails(ApicurioRegistryBaseIT.java:154)
	at io.apicurio.tests.ApicurioRegistryBaseIT$RegistryApiErrorWatcher.logProblemDetails(ApicurioRegistryBaseIT.java:154)
	at io.apicurio.tests.ApicurioRegistryBaseIT$RegistryApiErrorWatcher.logProblemDetails(ApicurioRegistryBaseIT.java:154)
	at io.apicurio.tests.ApicurioRegistryBaseIT$RegistryApiErrorWatcher.logProblemDetails(ApicurioRegistryBaseIT.java:154)
	at io.apicurio.tests.ApicurioRegistryBaseIT$RegistryApiErrorWatcher.logProblemDetails(ApicurioRegistryBaseIT.java:154)
	at io.apicurio.tests.ApicurioRegistryBaseIT$RegistryApiErrorWatcher.logProblemDetails(ApicurioRegistryBaseIT.java:154)
	at io.apicurio.tests.ApicurioRegistryBaseIT$RegistryApiErrorWatcher.logProblemDetails(ApicurioRegistryBaseIT.java:154)
	at io.apicurio.tests.ApicurioRegistryBaseIT$RegistryApiErrorWatcher.logProblemDetails(ApicurioRegistryBaseIT.java:154)
	at io.apicurio.tests.ApicurioRegistryBaseIT$RegistryApiErrorWatcher.logProblemDetails(ApicurioRegistryBaseIT.java:154)
	at io.apicurio.tests.ApicurioRegistryBaseIT$RegistryApiErrorWatcher.logProblemDetails(ApicurioRegistryBaseIT.java:154)
	at io.apicurio.tests.ApicurioRegistryBaseIT$RegistryApiErrorWatcher.logProblemDetails(ApicurioRegistryBaseIT.java:154)
	at io.apicurio.tests.ApicurioRegistryBaseIT$RegistryApiErrorWatcher.logProblemDetails(ApicurioRegistryBaseIT.java:154)
	at io.apicurio.tests.ApicurioRegistryBaseIT$RegistryApiErrorWatcher.logProblemDetails(ApicurioRegistryBaseIT.java:154)
	at io.apicurio.tests.ApicurioRegistryBaseIT$RegistryApiErrorWatcher.logProblemDetails(ApicurioRegistryBaseIT.java:154)
	at io.apicurio.tests.ApicurioRegistryBaseIT$RegistryApiErrorWatcher.logProblemDetails(ApicurioRegistryBaseIT.java:154)
	at io.apicurio.tests.ApicurioRegistryBaseIT$RegistryApiErrorWatcher.logProblemDetails(ApicurioRegistryBaseIT.java:154)
	at io.apicurio.tests.ApicurioRegistryBaseIT$RegistryApiErrorWatcher.logProblemDetails(ApicurioRegistryBaseIT.java:154)
	at io.apicurio.tests.ApicurioRegistryBaseIT$RegistryApiErrorWatcher.logProblemDetails(ApicurioRegistryBaseIT.java:154)
	at io.apicurio.tests.ApicurioRegistryBaseIT$RegistryApiErrorWatcher.logProblemDetails(ApicurioRegistryBaseIT.java:154)
	at io.apicurio.tests.ApicurioRegistryBaseIT$RegistryApiErrorWatcher.logProblemDetails(ApicurioRegistryBaseIT.java:154)
	at io.apicurio.tests.ApicurioRegistryBaseIT$RegistryApiErrorWatcher.logProblemDetails(ApicurioRegistryBaseIT.java:154)
	at io.apicurio.tests.ApicurioRegistryBaseIT$RegistryApiErrorWatcher.logProblemDetails(ApicurioRegistryBaseIT.java:154)
	at io.apicurio.tests.ApicurioRegistryBaseIT$RegistryApiErrorWatcher.logProblemDetails(ApicurioRegistryBaseIT.java:154)
	at io.apicurio.tests.ApicurioRegistryBaseIT$RegistryApiErrorWatcher.logProblemDetails(ApicurioRegistryBaseIT.java:154)
	at io.apicurio.tests.ApicurioRegistryBaseIT$RegistryApiErrorWatcher.logProblemDetails(ApicurioRegistryBaseIT.java:154)
	at io.apicurio.tests.ApicurioRegistryBaseIT$RegistryApiErrorWatcher.logProblemDetails(ApicurioRegistryBaseIT.java:154)
	at io.apicurio.tests.ApicurioRegistryBaseIT$RegistryApiErrorWatcher.logProblemDetails(ApicurioRegistryBaseIT.java:154)
	at io.apicurio.tests.ApicurioRegistryBaseIT$RegistryApiErrorWatcher.logProblemDetails(ApicurioRegistryBaseIT.java:154)
	at io.apicurio.tests.ApicurioRegistryBaseIT$RegistryApiErrorWatcher.logProblemDetails(ApicurioRegistryBaseIT.java:154)
	at io.apicurio.tests.ApicurioRegistryBaseIT$RegistryApiErrorWatcher.logProblemDetails(ApicurioRegistryBaseIT.java:154)
	at io.apicurio.tests.ApicurioRegistryBaseIT$RegistryApiErrorWatcher.logProblemDetails(ApicurioRegistryBaseIT.java:154)
	at io.apicurio.tests.ApicurioRegistryBaseIT$RegistryApiErrorWatcher.logProblemDetails(ApicurioRegistryBaseIT.java:154)
	at io.apicurio.tests.ApicurioRegistryBaseIT$RegistryApiErrorWatcher.logProblemDetails(ApicurioRegistryBaseIT.java:154)
	at io.apicurio.tests.ApicurioRegistryBaseIT$RegistryApiErrorWatcher.logProblemDetails(ApicurioRegistryBaseIT.java:154)
	at io.apicurio.tests.ApicurioRegistryBaseIT$RegistryApiErrorWatcher.logProblemDetails(ApicurioRegistryBaseIT.java:154)
	at io.apicurio.tests.ApicurioRegistryBaseIT$RegistryApiErrorWatcher.logProblemDetails(ApicurioRegistryBaseIT.java:154)
	at io.apicurio.tests.ApicurioRegistryBaseIT$RegistryApiErrorWatcher.logProblemDetails(ApicurioRegistryBaseIT.java:154)
	at io.apicurio.tests.ApicurioRegistryBaseIT$RegistryApiErrorWatcher.logProblemDetails(ApicurioRegistryBaseIT.java:154)
	at io.apicurio.tests.ApicurioRegistryBaseIT$RegistryApiErrorWatcher.logProblemDetails(ApicurioRegistryBaseIT.java:154)
	at io.apicurio.tests.ApicurioRegistryBaseIT$RegistryApiErrorWatcher.logProblemDetails(ApicurioRegistryBaseIT.java:154)
	at io.apicurio.tests.ApicurioRegistryBaseIT$RegistryApiErrorWatcher.logProblemDetails(ApicurioRegistryBaseIT.java:154)
	at io.apicurio.tests.ApicurioRegistryBaseIT$RegistryApiErrorWatcher.logProblemDetails(ApicurioRegistryBaseIT.java:154)
	at io.apicurio.tests.ApicurioRegistryBaseIT$RegistryApiErrorWatcher.logProblemDetails(ApicurioRegistryBaseIT.java:154)
	at io.apicurio.tests.ApicurioRegistryBaseIT$RegistryApiErrorWatcher.logProblemDetails(ApicurioRegistryBaseIT.java:154)
	at io.apicurio.tests.ApicurioRegistryBaseIT$RegistryApiErrorWatcher.logProblemDetails(ApicurioRegistryBaseIT.java:154)
	at io.apicurio.tests.ApicurioRegistryBaseIT$RegistryApiErrorWatcher.logProblemDetails(ApicurioRegistryBaseIT.java:154)
	at io.apicurio.tests.ApicurioRegistryBaseIT$RegistryApiErrorWatcher.logProblemDetails(ApicurioRegistryBaseIT.java:154)
	at io.apicurio.tests.ApicurioRegistryBaseIT$RegistryApiErrorWatcher.logProblemDetails(ApicurioRegistryBaseIT.java:154)
	at io.apicurio.tests.ApicurioRegistryBaseIT$RegistryApiErrorWatcher.logProblemDetails(ApicurioRegistryBaseIT.java:154)
	at io.apicurio.tests.ApicurioRegistryBaseIT$RegistryApiErrorWatcher.logProblemDetails(ApicurioRegistryBaseIT.java:154)
	at io.apicurio.tests.ApicurioRegistryBaseIT$RegistryApiErrorWatcher.logProblemDetails(ApicurioRegistryBaseIT.java:154)
	at io.apicurio.tests.ApicurioRegistryBaseIT$RegistryApiErrorWatcher.logProblemDetails(ApicurioRegistryBaseIT.java:154)
	at io.apicurio.tests.ApicurioRegistryBaseIT$RegistryApiErrorWatcher.logProblemDetails(ApicurioRegistryBaseIT.java:154)
	at io.apicurio.tests.ApicurioRegistryBaseIT$RegistryApiErrorWatcher.logProblemDetails(ApicurioRegistryBaseIT.java:154)
	at io.apicurio.tests.ApicurioRegistryBaseIT$RegistryApiErrorWatcher.logProblemDetails(ApicurioRegistryBaseIT.java:154)
	at io.apicurio.tests.ApicurioRegistryBaseIT$RegistryApiErrorWatcher.logProblemDetails(ApicurioRegistryBaseIT.java:154)
	at io.apicurio.tests.ApicurioRegistryBaseIT$RegistryApiErrorWatcher.logProblemDetails(ApicurioRegistryBaseIT.java:154)
	at io.apicurio.tests.ApicurioRegistryBaseIT$RegistryApiErrorWatcher.logProblemDetails(ApicurioRegistryBaseIT.java:154)
	at io.apicurio.tests.ApicurioRegistryBaseIT$RegistryApiErrorWatcher.logProblemDetails(ApicurioRegistryBaseIT.java:154)
	at io.apicurio.tests.ApicurioRegistryBaseIT$RegistryApiErrorWatcher.logProblemDetails(ApicurioRegistryBaseIT.java:154)
	at io.apicurio.tests.ApicurioRegistryBaseIT$RegistryApiErrorWatcher.logProblemDetails(ApicurioRegistryBaseIT.java:154)
	at io.apicurio.tests.ApicurioRegistryBaseIT$RegistryApiErrorWatcher.logProblemDetails(ApicurioRegistryBaseIT.java:154)
	at io.apicurio.tests.ApicurioRegistryBaseIT$RegistryApiErrorWatcher.logProblemDetails(ApicurioRegistryBaseIT.java:154)
	at io.apicurio.tests.ApicurioRegistryBaseIT$RegistryApiErrorWatcher.logProblemDetails(ApicurioRegistryBaseIT.java:154)
	at io.apicurio.tests.ApicurioRegistryBaseIT$RegistryApiErrorWatcher.logProblemDetails(ApicurioRegistryBaseIT.java:154)
	at io.apicurio.tests.ApicurioRegistryBaseIT$RegistryApiErrorWatcher.logProblemDetails(ApicurioRegistryBaseIT.java:154)
	at io.apicurio.tests.ApicurioRegistryBaseIT$RegistryApiErrorWatcher.logProblemDetails(ApicurioRegistryBaseIT.java:154)
	at io.apicurio.tests.ApicurioRegistryBaseIT$RegistryApiErrorWatcher.logProblemDetails(ApicurioRegistryBaseIT.java:154)
	at io.apicurio.tests.ApicurioRegistryBaseIT$RegistryApiErrorWatcher.logProblemDetails(ApicurioRegistryBaseIT.java:154)
	at io.apicurio.tests.ApicurioRegistryBaseIT$RegistryApiErrorWatcher.logProblemDetails(ApicurioRegistryBaseIT.java:154)
	at io.apicurio.tests.ApicurioRegistryBaseIT$RegistryApiErrorWatcher.logProblemDetails(ApicurioRegistryBaseIT.java:154)
	at io.apicurio.tests.ApicurioRegistryBaseIT$RegistryApiErrorWatcher.logProblemDetails(ApicurioRegistryBaseIT.java:154)
	at io.apicurio.tests.ApicurioRegistryBaseIT$RegistryApiErrorWatcher.logProblemDetails(ApicurioRegistryBaseIT.java:154)
	at io.apicurio.tests.ApicurioRegistryBaseIT$RegistryApiErrorWatcher.logProblemDetails(ApicurioRegistryBaseIT.java:154)
	at io.apicurio.tests.ApicurioRegistryBaseIT$RegistryApiErrorWatcher.logProblemDetails(ApicurioRegistryBaseIT.java:154)
	at io.apicurio.tests.ApicurioRegistryBaseIT$RegistryApiErrorWatcher.logProblemDetails(ApicurioRegistryBaseIT.java:154)
	at io.apicurio.tests.ApicurioRegistryBaseIT$RegistryApiErrorWatcher.logProblemDetails(ApicurioRegistryBaseIT.java:154)
	at io.apicurio.tests.ApicurioRegistryBaseIT$RegistryApiErrorWatcher.logProblemDetails(ApicurioRegistryBaseIT.java:154)
	at io.apicurio.tests.ApicurioRegistryBaseIT$RegistryApiErrorWatcher.logProblemDetails(ApicurioRegistryBaseIT.java:154)
	at io.apicurio.tests.ApicurioRegistryBaseIT$RegistryApiErrorWatcher.logProblemDetails(ApicurioRegistryBaseIT.java:154)
	at io.apicurio.tests.ApicurioRegistryBaseIT$RegistryApiErrorWatcher.logProblemDetails(ApicurioRegistryBaseIT.java:154)
	at io.apicurio.tests.ApicurioRegistryBaseIT$RegistryApiErrorWatcher.logProblemDetails(ApicurioRegistryBaseIT.java:154)
	at io.apicurio.tests.ApicurioRegistryBaseIT$RegistryApiErrorWatcher.logProblemDetails(ApicurioRegistryBaseIT.java:154)
	at io.apicurio.tests.ApicurioRegistryBaseIT$RegistryApiErrorWatcher.logProblemDetails(ApicurioRegistryBaseIT.java:154)
	at io.apicurio.tests.ApicurioRegistryBaseIT$RegistryApiErrorWatcher.logProblemDetails(ApicurioRegistryBaseIT.java:154)
	at io.apicurio.tests.ApicurioRegistryBaseIT$RegistryApiErrorWatcher.logProblemDetails(ApicurioRegistryBaseIT.java:154)
	at io.apicurio.tests.ApicurioRegistryBaseIT$RegistryApiErrorWatcher.logProblemDetails(ApicurioRegistryBaseIT.java:154)
	at io.apicurio.tests.ApicurioRegistryBaseIT$RegistryApiErrorWatcher.logProblemDetails(ApicurioRegistryBaseIT.java:154)
	at io.apicurio.tests.ApicurioRegistryBaseIT$RegistryApiErrorWatcher.logProblemDetails(ApicurioRegistryBaseIT.java:154)
	at io.apicurio.tests.ApicurioRegistryBaseIT$RegistryApiErrorWatcher.logProblemDetails(ApicurioRegistryBaseIT.java:154)
	at io.apicurio.tests.ApicurioRegistryBaseIT$RegistryApiErrorWatcher.logProblemDetails(ApicurioRegistryBaseIT.java:154)
	at io.apicurio.tests.ApicurioRegistryBaseIT$RegistryApiErrorWatcher.logProblemDetails(ApicurioRegistryBaseIT.java:154)
	at io.apicurio.tests.ApicurioRegistryBaseIT$RegistryApiErrorWatcher.logProblemDetails(ApicurioRegistryBaseIT.java:154)
	at io.apicurio.tests.ApicurioRegistryBaseIT$RegistryApiErrorWatcher.logProblemDetails(ApicurioRegistryBaseIT.java:154)
	at io.apicurio.tests.ApicurioRegistryBaseIT$RegistryApiErrorWatcher.logProblemDetails(ApicurioRegistryBaseIT.java:154)
	at io.apicurio.tests.ApicurioRegistryBaseIT$RegistryApiErrorWatcher.logProblemDetails(ApicurioRegistryBaseIT.java:154)
	at io.apicurio.tests.ApicurioRegistryBaseIT$RegistryApiErrorWatcher.logProblemDetails(ApicurioRegistryBaseIT.java:154)
	at io.apicurio.tests.ApicurioRegistryBaseIT$RegistryApiErrorWatcher.logProblemDetails(ApicurioRegistryBaseIT.java:154)
	at io.apicurio.tests.ApicurioRegistryBaseIT$RegistryApiErrorWatcher.logProblemDetails(ApicurioRegistryBaseIT.java:154)
	at io.apicurio.tests.ApicurioRegistryBaseIT$RegistryApiErrorWatcher.logProblemDetails(ApicurioRegistryBaseIT.java:154)
	at io.apicurio.tests.ApicurioRegistryBaseIT$RegistryApiErrorWatcher.logProblemDetails(ApicurioRegistryBaseIT.java:154)
	at io.apicurio.tests.ApicurioRegistryBaseIT$RegistryApiErrorWatcher.logProblemDetails(ApicurioRegistryBaseIT.java:154)
	at io.apicurio.tests.ApicurioRegistryBaseIT$RegistryApiErrorWatcher.logProblemDetails(ApicurioRegistryBaseIT.java:154)
	at io.apicurio.tests.ApicurioRegistryBaseIT$RegistryApiErrorWatcher.logProblemDetails(ApicurioRegistryBaseIT.java:154)
	at io.apicurio.tests.ApicurioRegistryBaseIT$RegistryApiErrorWatcher.logProblemDetails(ApicurioRegistryBaseIT.java:154)
	at io.apicurio.tests.ApicurioRegistryBaseIT$RegistryApiErrorWatcher.logProblemDetails(ApicurioRegistryBaseIT.java:154)
	at io.apicurio.tests.ApicurioRegistryBaseIT$RegistryApiErrorWatcher.logProblemDetails(ApicurioRegistryBaseIT.java:154)
	at io.apicurio.tests.ApicurioRegistryBaseIT$RegistryApiErrorWatcher.logProblemDetails(ApicurioRegistryBaseIT.java:154)
	at io.apicurio.tests.ApicurioRegistryBaseIT$RegistryApiErrorWatcher.logProblemDetails(ApicurioRegistryBaseIT.java:154)
	at io.apicurio.tests.ApicurioRegistryBaseIT$RegistryApiErrorWatcher.logProblemDetails(ApicurioRegistryBaseIT.java:154)
	at io.apicurio.tests.ApicurioRegistryBaseIT$RegistryApiErrorWatcher.logProblemDetails(ApicurioRegistryBaseIT.java:154)
	at io.apicurio.tests.ApicurioRegistryBaseIT$RegistryApiErrorWatcher.logProblemDetails(ApicurioRegistryBaseIT.java:154)
	at io.apicurio.tests.ApicurioRegistryBaseIT$RegistryApiErrorWatcher.logProblemDetails(ApicurioRegistryBaseIT.java:154)
	at io.apicurio.tests.ApicurioRegistryBaseIT$RegistryApiErrorWatcher.logProblemDetails(ApicurioRegistryBaseIT.java:154)
	at io.apicurio.tests.ApicurioRegistryBaseIT$RegistryApiErrorWatcher.logProblemDetails(ApicurioRegistryBaseIT.java:154)
	at io.apicurio.tests.ApicurioRegistryBaseIT$RegistryApiErrorWatcher.logProblemDetails(ApicurioRegistryBaseIT.java:154)
	at io.apicurio.tests.ApicurioRegistryBaseIT$RegistryApiErrorWatcher.logProblemDetails(ApicurioRegistryBaseIT.java:154)
	at io.apicurio.tests.ApicurioRegistryBaseIT$RegistryApiErrorWatcher.logProblemDetails(ApicurioRegistryBaseIT.java:154)
	at io.apicurio.tests.ApicurioRegistryBaseIT$RegistryApiErrorWatcher.logProblemDetails(ApicurioRegistryBaseIT.java:154)
	at io.apicurio.tests.ApicurioRegistryBaseIT$RegistryApiErrorWatcher.logProblemDetails(ApicurioRegistryBaseIT.java:154)
	at io.apicurio.tests.ApicurioRegistryBaseIT$RegistryApiErrorWatcher.logProblemDetails(ApicurioRegistryBaseIT.java:154)
	at io.apicurio.tests.ApicurioRegistryBaseIT$RegistryApiErrorWatcher.logProblemDetails(ApicurioRegistryBaseIT.java:154)
	at io.apicurio.tests.ApicurioRegistryBaseIT$RegistryApiErrorWatcher.logProblemDetails(ApicurioRegistryBaseIT.java:154)
	at io.apicurio.tests.ApicurioRegistryBaseIT$RegistryApiErrorWatcher.logProblemDetails(ApicurioRegistryBaseIT.java:154)
	at io.apicurio.tests.ApicurioRegistryBaseIT$RegistryApiErrorWatcher.logProblemDetails(ApicurioRegistryBaseIT.java:154)
	at io.apicurio.tests.ApicurioRegistryBaseIT$RegistryApiErrorWatcher.logProblemDetails(ApicurioRegistryBaseIT.java:154)
	at io.apicurio.tests.ApicurioRegistryBaseIT$RegistryApiErrorWatcher.logProblemDetails(ApicurioRegistryBaseIT.java:154)
	at io.apicurio.tests.ApicurioRegistryBaseIT$RegistryApiErrorWatcher.logProblemDetails(ApicurioRegistryBaseIT.java:154)
	at io.apicurio.tests.ApicurioRegistryBaseIT$RegistryApiErrorWatcher.logProblemDetails(ApicurioRegistryBaseIT.java:154)
	at io.apicurio.tests.ApicurioRegistryBaseIT$RegistryApiErrorWatcher.logProblemDetails(ApicurioRegistryBaseIT.java:154)
	at io.apicurio.tests.ApicurioRegistryBaseIT$RegistryApiErrorWatcher.logProblemDetails(ApicurioRegistryBaseIT.java:154)
	at io.apicurio.tests.ApicurioRegistryBaseIT$RegistryApiErrorWatcher.logProblemDetails(ApicurioRegistryBaseIT.java:154)
	at io.apicurio.tests.ApicurioRegistryBaseIT$RegistryApiErrorWatcher.logProblemDetails(ApicurioRegistryBaseIT.java:154)
	at io.apicurio.tests.ApicurioRegistryBaseIT$RegistryApiErrorWatcher.logProblemDetails(ApicurioRegistryBaseIT.java:154)
	at io.apicurio.tests.ApicurioRegistryBaseIT$RegistryApiErrorWatcher.logProblemDetails(ApicurioRegistryBaseIT.java:154)
	at io.apicurio.tests.ApicurioRegistryBaseIT$RegistryApiErrorWatcher.logProblemDetails(ApicurioRegistryBaseIT.java:154)
	at io.apicurio.tests.ApicurioRegistryBaseIT$RegistryApiErrorWatcher.logProblemDetails(ApicurioRegistryBaseIT.java:154)
	at io.apicurio.tests.ApicurioRegistryBaseIT$RegistryApiErrorWatcher.logProblemDetails(ApicurioRegistryBaseIT.java:154)
	at io.apicurio.tests.ApicurioRegistryBaseIT$RegistryApiErrorWatcher.logProblemDetails(ApicurioRegistryBaseIT.java:154)
	at io.apicurio.tests.ApicurioRegistryBaseIT$RegistryApiErrorWatcher.logProblemDetails(ApicurioRegistryBaseIT.java:154)
	at io.apicurio.tests.ApicurioRegistryBaseIT$RegistryApiErrorWatcher.logProblemDetails(ApicurioRegistryBaseIT.java:154)
	at io.apicurio.tests.ApicurioRegistryBaseIT$RegistryApiErrorWatcher.logProblemDetails(ApicurioRegistryBaseIT.java:154)
	at io.apicurio.tests.ApicurioRegistryBaseIT$RegistryApiErrorWatcher.logProblemDetails(ApicurioRegistryBaseIT.java:154)
	at io.apicurio.tests.ApicurioRegistryBaseIT$RegistryApiErrorWatcher.logProblemDetails(ApicurioRegistryBaseIT.java:154)
	at io.apicurio.tests.ApicurioRegistryBaseIT$RegistryApiErrorWatcher.logProblemDetails(ApicurioRegistryBaseIT.java:154)
	at io.apicurio.tests.ApicurioRegistryBaseIT$RegistryApiErrorWatcher.logProblemDetails(ApicurioRegistryBaseIT.java:154)
	at io.apicurio.tests.ApicurioRegistryBaseIT$RegistryApiErrorWatcher.logProblemDetails(ApicurioRegistryBaseIT.java:154)
	at io.apicurio.tests.ApicurioRegistryBaseIT$RegistryApiErrorWatcher.logProblemDetails(ApicurioRegistryBaseIT.java:154)
	at io.apicurio.tests.ApicurioRegistryBaseIT$RegistryApiErrorWatcher.logProblemDetails(ApicurioRegistryBaseIT.java:154)
	at io.apicurio.tests.ApicurioRegistryBaseIT$RegistryApiErrorWatcher.logProblemDetails(ApicurioRegistryBaseIT.java:154)
	at io.apicurio.tests.ApicurioRegistryBaseIT$RegistryApiErrorWatcher.logProblemDetails(ApicurioRegistryBaseIT.java:154)
	at io.apicurio.tests.ApicurioRegistryBaseIT$RegistryApiErrorWatcher.logProblemDetails(ApicurioRegistryBaseIT.java:154)
	at io.apicurio.tests.ApicurioRegistryBaseIT$RegistryApiErrorWatcher.logProblemDetails(ApicurioRegistryBaseIT.java:154)
	at io.apicurio.tests.ApicurioRegistryBaseIT$RegistryApiErrorWatcher.logProblemDetails(ApicurioRegistryBaseIT.java:154)
	at io.apicurio.tests.ApicurioRegistryBaseIT$RegistryApiErrorWatcher.logProblemDetails(ApicurioRegistryBaseIT.java:154)
	at io.apicurio.tests.ApicurioRegistryBaseIT$RegistryApiErrorWatcher.logProblemDetails(ApicurioRegistryBaseIT.java:154)
	at io.apicurio.tests.ApicurioRegistryBaseIT$RegistryApiErrorWatcher.logProblemDetails(ApicurioRegistryBaseIT.java:154)
	at io.apicurio.tests.ApicurioRegistryBaseIT$RegistryApiErrorWatcher.logProblemDetails(ApicurioRegistryBaseIT.java:154)
	at io.apicurio.tests.ApicurioRegistryBaseIT$RegistryApiErrorWatcher.logProblemDetails(ApicurioRegistryBaseIT.java:154)
	at io.apicurio.tests.ApicurioRegistryBaseIT$RegistryApiErrorWatcher.logProblemDetails(ApicurioRegistryBaseIT.java:154)
	at io.apicurio.tests.ApicurioRegistryBaseIT$RegistryApiErrorWatcher.logProblemDetails(ApicurioRegistryBaseIT.java:154)
	at io.apicurio.tests.ApicurioRegistryBaseIT$RegistryApiErrorWatcher.logProblemDetails(ApicurioRegistryBaseIT.java:154)
	at io.apicurio.tests.ApicurioRegistryBaseIT$RegistryApiErrorWatcher.logProblemDetails(ApicurioRegistryBaseIT.java:154)
	at io.apicurio.tests.ApicurioRegistryBaseIT$RegistryApiErrorWatcher.logProblemDetails(ApicurioRegistryBaseIT.java:154)
	at io.apicurio.tests.ApicurioRegistryBaseIT$RegistryApiErrorWatcher.logProblemDetails(ApicurioRegistryBaseIT.java:154)
	at io.apicurio.tests.ApicurioRegistryBaseIT$RegistryApiErrorWatcher.logProblemDetails(ApicurioRegistryBaseIT.java:154)
	at io.apicurio.tests.ApicurioRegistryBaseIT$RegistryApiErrorWatcher.logProblemDetails(ApicurioRegistryBaseIT.java:154)
	at io.apicurio.tests.ApicurioRegistryBaseIT$RegistryApiErrorWatcher.logProblemDetails(ApicurioRegistryBaseIT.java:154)
	at io.apicurio.tests.ApicurioRegistryBaseIT$RegistryApiErrorWatcher.logProblemDetails(ApicurioRegistryBaseIT.java:154)
	at io.apicurio.tests.ApicurioRegistryBaseIT$RegistryApiErrorWatcher.logProblemDetails(ApicurioRegistryBaseIT.java:154)
	at io.apicurio.tests.ApicurioRegistryBaseIT$RegistryApiErrorWatcher.logProblemDetails(ApicurioRegistryBaseIT.java:154)
	at io.apicurio.tests.ApicurioRegistryBaseIT$RegistryApiErrorWatcher.logProblemDetails(ApicurioRegistryBaseIT.java:154)
	at io.apicurio.tests.ApicurioRegistryBaseIT$RegistryApiErrorWatcher.logProblemDetails(ApicurioRegistryBaseIT.java:154)
	at io.apicurio.tests.ApicurioRegistryBaseIT$RegistryApiErrorWatcher.logProblemDetails(ApicurioRegistryBaseIT.java:154)
	at io.apicurio.tests.ApicurioRegistryBaseIT$RegistryApiErrorWatcher.logProblemDetails(ApicurioRegistryBaseIT.java:154)
	at io.apicurio.tests.ApicurioRegistryBaseIT$RegistryApiErrorWatcher.logProblemDetails(ApicurioRegistryBaseIT.java:154)
	at io.apicurio.tests.ApicurioRegistryBaseIT$RegistryApiErrorWatcher.logProblemDetails(ApicurioRegistryBaseIT.java:154)
	at io.apicurio.tests.ApicurioRegistryBaseIT$RegistryApiErrorWatcher.logProblemDetails(ApicurioRegistryBaseIT.java:154)
	at io.apicurio.tests.ApicurioRegistryBaseIT$RegistryApiErrorWatcher.logProblemDetails(ApicurioRegistryBaseIT.java:154)
	at io.apicurio.tests.ApicurioRegistryBaseIT$RegistryApiErrorWatcher.logProblemDetails(ApicurioRegistryBaseIT.java:154)
	at io.apicurio.tests.ApicurioRegistryBaseIT$RegistryApiErrorWatcher.logProblemDetails(ApicurioRegistryBaseIT.java:154)
	at io.apicurio.tests.ApicurioRegistryBaseIT$RegistryApiErrorWatcher.logProblemDetails(ApicurioRegistryBaseIT.java:154)
	at io.apicurio.tests.ApicurioRegistryBaseIT$RegistryApiErrorWatcher.logProblemDetails(ApicurioRegistryBaseIT.java:154)
	at io.apicurio.tests.ApicurioRegistryBaseIT$RegistryApiErrorWatcher.logProblemDetails(ApicurioRegistryBaseIT.java:154)
	at io.apicurio.tests.ApicurioRegistryBaseIT$RegistryApiErrorWatcher.logProblemDetails(ApicurioRegistryBaseIT.java:154)
	at io.apicurio.tests.ApicurioRegistryBaseIT$RegistryApiErrorWatcher.logProblemDetails(ApicurioRegistryBaseIT.java:154)
	at io.apicurio.tests.ApicurioRegistryBaseIT$RegistryApiErrorWatcher.logProblemDetails(ApicurioRegistryBaseIT.java:154)
	at io.apicurio.tests.ApicurioRegistryBaseIT$RegistryApiErrorWatcher.logProblemDetails(ApicurioRegistryBaseIT.java:154)
	at io.apicurio.tests.ApicurioRegistryBaseIT$RegistryApiErrorWatcher.logProblemDetails(ApicurioRegistryBaseIT.java:154)
	at io.apicurio.tests.ApicurioRegistryBaseIT$RegistryApiErrorWatcher.logProblemDetails(ApicurioRegistryBaseIT.java:154)
	at io.apicurio.tests.ApicurioRegistryBaseIT$RegistryApiErrorWatcher.logProblemDetails(ApicurioRegistryBaseIT.java:154)
	at io.apicurio.tests.ApicurioRegistryBaseIT$RegistryApiErrorWatcher.logProblemDetails(ApicurioRegistryBaseIT.java:154)
	at io.apicurio.tests.ApicurioRegistryBaseIT$RegistryApiErrorWatcher.logProblemDetails(ApicurioRegistryBaseIT.java:154)
	at io.apicurio.tests.ApicurioRegistryBaseIT$RegistryApiErrorWatcher.logProblemDetails(ApicurioRegistryBaseIT.java:154)
	at io.apicurio.tests.ApicurioRegistryBaseIT$RegistryApiErrorWatcher.logProblemDetails(ApicurioRegistryBaseIT.java:154)
	at io.apicurio.tests.ApicurioRegistryBaseIT$RegistryApiErrorWatcher.logProblemDetails(ApicurioRegistryBaseIT.java:154)
	at io.apicurio.tests.ApicurioRegistryBaseIT$RegistryApiErrorWatcher.logProblemDetails(ApicurioRegistryBaseIT.java:154)
	at io.apicurio.tests.ApicurioRegistryBaseIT$RegistryApiErrorWatcher.logProblemDetails(ApicurioRegistryBaseIT.java:154)
	at io.apicurio.tests.ApicurioRegistryBaseIT$RegistryApiErrorWatcher.logProblemDetails(ApicurioRegistryBaseIT.java:154)
	at io.apicurio.tests.ApicurioRegistryBaseIT$RegistryApiErrorWatcher.logProblemDetails(ApicurioRegistryBaseIT.java:154)
	at io.apicurio.tests.ApicurioRegistryBaseIT$RegistryApiErrorWatcher.logProblemDetails(ApicurioRegistryBaseIT.java:154)
	at io.apicurio.tests.ApicurioRegistryBaseIT$RegistryApiErrorWatcher.logProblemDetails(ApicurioRegistryBaseIT.java:154)
	at io.apicurio.tests.ApicurioRegistryBaseIT$RegistryApiErrorWatcher.logProblemDetails(ApicurioRegistryBaseIT.java:154)
	at io.apicurio.tests.ApicurioRegistryBaseIT$RegistryApiErrorWatcher.logProblemDetails(ApicurioRegistryBaseIT.java:154)
	at io.apicurio.tests.ApicurioRegistryBaseIT$RegistryApiErrorWatcher.logProblemDetails(ApicurioRegistryBaseIT.java:154)
	at io.apicurio.tests.ApicurioRegistryBaseIT$RegistryApiErrorWatcher.logProblemDetails(ApicurioRegistryBaseIT.java:154)
	at io.apicurio.tests.ApicurioRegistryBaseIT$RegistryApiErrorWatcher.logProblemDetails(ApicurioRegistryBaseIT.java:154)
	at io.apicurio.tests.ApicurioRegistryBaseIT$RegistryApiErrorWatcher.logProblemDetails(ApicurioRegistryBaseIT.java:154)
	at io.apicurio.tests.ApicurioRegistryBaseIT$RegistryApiErrorWatcher.logProblemDetails(ApicurioRegistryBaseIT.java:154)
	at io.apicurio.tests.ApicurioRegistryBaseIT$RegistryApiErrorWatcher.logProblemDetails(ApicurioRegistryBaseIT.java:154)
	at io.apicurio.tests.ApicurioRegistryBaseIT$RegistryApiErrorWatcher.logProblemDetails(ApicurioRegistryBaseIT.java:154)
	at io.apicurio.tests.ApicurioRegistryBaseIT$RegistryApiErrorWatcher.logProblemDetails(ApicurioRegistryBaseIT.java:154)
	at io.apicurio.tests.ApicurioRegistryBaseIT$RegistryApiErrorWatcher.logProblemDetails(ApicurioRegistryBaseIT.java:154)
	at io.apicurio.tests.ApicurioRegistryBaseIT$RegistryApiErrorWatcher.logProblemDetails(ApicurioRegistryBaseIT.java:154)
	at io.apicurio.tests.ApicurioRegistryBaseIT$RegistryApiErrorWatcher.logProblemDetails(ApicurioRegistryBaseIT.java:154)
	at io.apicurio.tests.ApicurioRegistryBaseIT$RegistryApiErrorWatcher.logProblemDetails(ApicurioRegistryBaseIT.java:154)
	at io.apicurio.tests.ApicurioRegistryBaseIT$RegistryApiErrorWatcher.logProblemDetails(ApicurioRegistryBaseIT.java:154)
	at io.apicurio.tests.ApicurioRegistryBaseIT$RegistryApiErrorWatcher.logProblemDetails(ApicurioRegistryBaseIT.java:154)
	at io.apicurio.tests.ApicurioRegistryBaseIT$RegistryApiErrorWatcher.logProblemDetails(ApicurioRegistryBaseIT.java:154)
	at io.apicurio.tests.ApicurioRegistryBaseIT$RegistryApiErrorWatcher.logProblemDetails(ApicurioRegistryBaseIT.java:154)
	at io.apicurio.tests.ApicurioRegistryBaseIT$RegistryApiErrorWatcher.logProblemDetails(ApicurioRegistryBaseIT.java:154)
	at io.apicurio.tests.ApicurioRegistryBaseIT$RegistryApiErrorWatcher.logProblemDetails(ApicurioRegistryBaseIT.java:154)
	at io.apicurio.tests.ApicurioRegistryBaseIT$RegistryApiErrorWatcher.logProblemDetails(ApicurioRegistryBaseIT.java:154)
	at io.apicurio.tests.ApicurioRegistryBaseIT$RegistryApiErrorWatcher.logProblemDetails(ApicurioRegistryBaseIT.java:154)
	at io.apicurio.tests.ApicurioRegistryBaseIT$RegistryApiErrorWatcher.logProblemDetails(ApicurioRegistryBaseIT.java:154)
	at io.apicurio.tests.ApicurioRegistryBaseIT$RegistryApiErrorWatcher.logProblemDetails(ApicurioRegistryBaseIT.java:154)
	at io.apicurio.tests.ApicurioRegistryBaseIT$RegistryApiErrorWatcher.logProblemDetails(ApicurioRegistryBaseIT.java:154)
	at io.apicurio.tests.ApicurioRegistryBaseIT$RegistryApiErrorWatcher.logProblemDetails(ApicurioRegistryBaseIT.java:154)
	at io.apicurio.tests.ApicurioRegistryBaseIT$RegistryApiErrorWatcher.logProblemDetails(ApicurioRegistryBaseIT.java:154)
	at io.apicurio.tests.ApicurioRegistryBaseIT$RegistryApiErrorWatcher.logProblemDetails(ApicurioRegistryBaseIT.java:154)
	at io.apicurio.tests.ApicurioRegistryBaseIT$RegistryApiErrorWatcher.logProblemDetails(ApicurioRegistryBaseIT.java:154)
	at io.apicurio.tests.ApicurioRegistryBaseIT$RegistryApiErrorWatcher.logProblemDetails(ApicurioRegistryBaseIT.java:154)
	at io.apicurio.tests.ApicurioRegistryBaseIT$RegistryApiErrorWatcher.logProblemDetails(ApicurioRegistryBaseIT.java:154)
	at io.apicurio.tests.ApicurioRegistryBaseIT$RegistryApiErrorWatcher.logProblemDetails(ApicurioRegistryBaseIT.java:154)
	at io.apicurio.tests.ApicurioRegistryBaseIT$RegistryApiErrorWatcher.logProblemDetails(ApicurioRegistryBaseIT.java:154)
	at io.apicurio.tests.ApicurioRegistryBaseIT$RegistryApiErrorWatcher.logProblemDetails(ApicurioRegistryBaseIT.java:154)
	at io.apicurio.tests.ApicurioRegistryBaseIT$RegistryApiErrorWatcher.logProblemDetails(ApicurioRegistryBaseIT.java:154)
	at io.apicurio.tests.ApicurioRegistryBaseIT$RegistryApiErrorWatcher.logProblemDetails(ApicurioRegistryBaseIT.java:154)
	at io.apicurio.tests.ApicurioRegistryBaseIT$RegistryApiErrorWatcher.logProblemDetails(ApicurioRegistryBaseIT.java:154)
	at io.apicurio.tests.ApicurioRegistryBaseIT$RegistryApiErrorWatcher.logProblemDetails(ApicurioRegistryBaseIT.java:154)
	at io.apicurio.tests.ApicurioRegistryBaseIT$RegistryApiErrorWatcher.logProblemDetails(ApicurioRegistryBaseIT.java:154)
	at io.apicurio.tests.ApicurioRegistryBaseIT$RegistryApiErrorWatcher.logProblemDetails(ApicurioRegistryBaseIT.java:154)
	at io.apicurio.tests.ApicurioRegistryBaseIT$RegistryApiErrorWatcher.logProblemDetails(ApicurioRegistryBaseIT.java:154)
	at io.apicurio.tests.ApicurioRegistryBaseIT$RegistryApiErrorWatcher.logProblemDetails(ApicurioRegistryBaseIT.java:154)
	at io.apicurio.tests.ApicurioRegistryBaseIT$RegistryApiErrorWatcher.logProblemDetails(ApicurioRegistryBaseIT.java:154)
	at io.apicurio.tests.ApicurioRegistryBaseIT$RegistryApiErrorWatcher.logProblemDetails(ApicurioRegistryBaseIT.java:154)
	at io.apicurio.tests.ApicurioRegistryBaseIT$RegistryApiErrorWatcher.logProblemDetails(ApicurioRegistryBaseIT.java:154)
	at io.apicurio.tests.ApicurioRegistryBaseIT$RegistryApiErrorWatcher.logProblemDetails(ApicurioRegistryBaseIT.java:154)
	at io.apicurio.tests.ApicurioRegistryBaseIT$RegistryApiErrorWatcher.logProblemDetails(ApicurioRegistryBaseIT.java:154)
	at io.apicurio.tests.ApicurioRegistryBaseIT$RegistryApiErrorWatcher.logProblemDetails(ApicurioRegistryBaseIT.java:154)
	at io.apicurio.tests.ApicurioRegistryBaseIT$RegistryApiErrorWatcher.logProblemDetails(ApicurioRegistryBaseIT.java:154)
	at io.apicurio.tests.ApicurioRegistryBaseIT$RegistryApiErrorWatcher.logProblemDetails(ApicurioRegistryBaseIT.java:154)
	at io.apicurio.tests.ApicurioRegistryBaseIT$RegistryApiErrorWatcher.logProblemDetails(ApicurioRegistryBaseIT.java:154)
	at io.apicurio.tests.ApicurioRegistryBaseIT$RegistryApiErrorWatcher.logProblemDetails(ApicurioRegistryBaseIT.java:154)
	at io.apicurio.tests.ApicurioRegistryBaseIT$RegistryApiErrorWatcher.logProblemDetails(ApicurioRegistryBaseIT.java:154)
	at io.apicurio.tests.ApicurioRegistryBaseIT$RegistryApiErrorWatcher.logProblemDetails(ApicurioRegistryBaseIT.java:154)
	at io.apicurio.tests.ApicurioRegistryBaseIT$RegistryApiErrorWatcher.logProblemDetails(ApicurioRegistryBaseIT.java:154)
	at io.apicurio.tests.ApicurioRegistryBaseIT$RegistryApiErrorWatcher.logProblemDetails(ApicurioRegistryBaseIT.java:154)
	at io.apicurio.tests.ApicurioRegistryBaseIT$RegistryApiErrorWatcher.logProblemDetails(ApicurioRegistryBaseIT.java:154)
	at io.apicurio.tests.ApicurioRegistryBaseIT$RegistryApiErrorWatcher.logProblemDetails(ApicurioRegistryBaseIT.java:154)
	at io.apicurio.tests.ApicurioRegistryBaseIT$RegistryApiErrorWatcher.logProblemDetails(ApicurioRegistryBaseIT.java:154)
	at io.apicurio.tests.ApicurioRegistryBaseIT$RegistryApiErrorWatcher.logProblemDetails(ApicurioRegistryBaseIT.java:154)
	at io.apicurio.tests.ApicurioRegistryBaseIT$RegistryApiErrorWatcher.logProblemDetails(ApicurioRegistryBaseIT.java:154)
	at io.apicurio.tests.ApicurioRegistryBaseIT$RegistryApiErrorWatcher.logProblemDetails(ApicurioRegistryBaseIT.java:154)
	at io.apicurio.tests.ApicurioRegistryBaseIT$RegistryApiErrorWatcher.logProblemDetails(ApicurioRegistryBaseIT.java:154)
	at io.apicurio.tests.ApicurioRegistryBaseIT$RegistryApiErrorWatcher.logProblemDetails(ApicurioRegistryBaseIT.java:154)
	at io.apicurio.tests.ApicurioRegistryBaseIT$RegistryApiErrorWatcher.logProblemDetails(ApicurioRegistryBaseIT.java:154)
	at io.apicurio.tests.ApicurioRegistryBaseIT$RegistryApiErrorWatcher.logProblemDetails(ApicurioRegistryBaseIT.java:154)
	at io.apicurio.tests.ApicurioRegistryBaseIT$RegistryApiErrorWatcher.logProblemDetails(ApicurioRegistryBaseIT.java:154)
	at io.apicurio.tests.ApicurioRegistryBaseIT$RegistryApiErrorWatcher.logProblemDetails(ApicurioRegistryBaseIT.java:154)
	at io.apicurio.tests.ApicurioRegistryBaseIT$RegistryApiErrorWatcher.logProblemDetails(ApicurioRegistryBaseIT.java:154)
	at io.apicurio.tests.ApicurioRegistryBaseIT$RegistryApiErrorWatcher.logProblemDetails(ApicurioRegistryBaseIT.java:154)
	at io.apicurio.tests.ApicurioRegistryBaseIT$RegistryApiErrorWatcher.logProblemDetails(ApicurioRegistryBaseIT.java:154)
	at io.apicurio.tests.ApicurioRegistryBaseIT$RegistryApiErrorWatcher.logProblemDetails(ApicurioRegistryBaseIT.java:154)
	at io.apicurio.tests.ApicurioRegistryBaseIT$RegistryApiErrorWatcher.logProblemDetails(ApicurioRegistryBaseIT.java:154)
	at io.apicurio.tests.ApicurioRegistryBaseIT$RegistryApiErrorWatcher.logProblemDetails(ApicurioRegistryBaseIT.java:154)
	at io.apicurio.tests.ApicurioRegistryBaseIT$RegistryApiErrorWatcher.logProblemDetails(ApicurioRegistryBaseIT.java:154)
	at io.apicurio.tests.ApicurioRegistryBaseIT$RegistryApiErrorWatcher.logProblemDetails(ApicurioRegistryBaseIT.java:154)
	at io.apicurio.tests.ApicurioRegistryBaseIT$RegistryApiErrorWatcher.logProblemDetails(ApicurioRegistryBaseIT.java:154)
	at io.apicurio.tests.ApicurioRegistryBaseIT$RegistryApiErrorWatcher.logProblemDetails(ApicurioRegistryBaseIT.java:154)
	at io.apicurio.tests.ApicurioRegistryBaseIT$RegistryApiErrorWatcher.logProblemDetails(ApicurioRegistryBaseIT.java:154)
	at io.apicurio.tests.ApicurioRegistryBaseIT$RegistryApiErrorWatcher.logProblemDetails(ApicurioRegistryBaseIT.java:154)
	at io.apicurio.tests.ApicurioRegistryBaseIT$RegistryApiErrorWatcher.logProblemDetails(ApicurioRegistryBaseIT.java:154)
	at io.apicurio.tests.ApicurioRegistryBaseIT$RegistryApiErrorWatcher.logProblemDetails(ApicurioRegistryBaseIT.java:154)
	at io.apicurio.tests.ApicurioRegistryBaseIT$RegistryApiErrorWatcher.logProblemDetails(ApicurioRegistryBaseIT.java:154)
	at io.apicurio.tests.ApicurioRegistryBaseIT$RegistryApiErrorWatcher.logProblemDetails(ApicurioRegistryBaseIT.java:154)
	at io.apicurio.tests.ApicurioRegistryBaseIT$RegistryApiErrorWatcher.logProblemDetails(ApicurioRegistryBaseIT.java:154)
	at io.apicurio.tests.ApicurioRegistryBaseIT$RegistryApiErrorWatcher.logProblemDetails(ApicurioRegistryBaseIT.java:154)
	at io.apicurio.tests.ApicurioRegistryBaseIT$RegistryApiErrorWatcher.logProblemDetails(ApicurioRegistryBaseIT.java:154)
	at io.apicurio.tests.ApicurioRegistryBaseIT$RegistryApiErrorWatcher.logProblemDetails(ApicurioRegistryBaseIT.java:154)
	at io.apicurio.tests.ApicurioRegistryBaseIT$RegistryApiErrorWatcher.logProblemDetails(ApicurioRegistryBaseIT.java:154)
	at io.apicurio.tests.ApicurioRegistryBaseIT$RegistryApiErrorWatcher.logProblemDetails(ApicurioRegistryBaseIT.java:154)
	at io.apicurio.tests.ApicurioRegistryBaseIT$RegistryApiErrorWatcher.logProblemDetails(ApicurioRegistryBaseIT.java:154)
	at io.apicurio.tests.ApicurioRegistryBaseIT$RegistryApiErrorWatcher.logProblemDetails(ApicurioRegistryBaseIT.java:154)
	at io.apicurio.tests.ApicurioRegistryBaseIT$RegistryApiErrorWatcher.logProblemDetails(ApicurioRegistryBaseIT.java:154)
	at io.apicurio.tests.ApicurioRegistryBaseIT$RegistryApiErrorWatcher.logProblemDetails(ApicurioRegistryBaseIT.java:154)
	at io.apicurio.tests.ApicurioRegistryBaseIT$RegistryApiErrorWatcher.logProblemDetails(ApicurioRegistryBaseIT.java:154)
	at io.apicurio.tests.ApicurioRegistryBaseIT$RegistryApiErrorWatcher.logProblemDetails(ApicurioRegistryBaseIT.java:154)
	at io.apicurio.tests.ApicurioRegistryBaseIT$RegistryApiErrorWatcher.logProblemDetails(ApicurioRegistryBaseIT.java:154)
	at io.apicurio.tests.ApicurioRegistryBaseIT$RegistryApiErrorWatcher.logProblemDetails(ApicurioRegistryBaseIT.java:154)
	at io.apicurio.tests.ApicurioRegistryBaseIT$RegistryApiErrorWatcher.logProblemDetails(ApicurioRegistryBaseIT.java:154)
	at io.apicurio.tests.ApicurioRegistryBaseIT$RegistryApiErrorWatcher.logProblemDetails(ApicurioRegistryBaseIT.java:154)
	at io.apicurio.tests.ApicurioRegistryBaseIT$RegistryApiErrorWatcher.logProblemDetails(ApicurioRegistryBaseIT.java:154)
	at io.apicurio.tests.ApicurioRegistryBaseIT$RegistryApiErrorWatcher.logProblemDetails(ApicurioRegistryBaseIT.java:154)
	at io.apicurio.tests.ApicurioRegistryBaseIT$RegistryApiErrorWatcher.logProblemDetails(ApicurioRegistryBaseIT.java:154)
	at io.apicurio.tests.ApicurioRegistryBaseIT$RegistryApiErrorWatcher.logProblemDetails(ApicurioRegistryBaseIT.java:154)
	at io.apicurio.tests.ApicurioRegistryBaseIT$RegistryApiErrorWatcher.logProblemDetails(ApicurioRegistryBaseIT.java:154)
	at io.apicurio.tests.ApicurioRegistryBaseIT$RegistryApiErrorWatcher.logProblemDetails(ApicurioRegistryBaseIT.java:154)
	at io.apicurio.tests.ApicurioRegistryBaseIT$RegistryApiErrorWatcher.logProblemDetails(ApicurioRegistryBaseIT.java:154)
	at io.apicurio.tests.ApicurioRegistryBaseIT$RegistryApiErrorWatcher.logProblemDetails(ApicurioRegistryBaseIT.java:154)
	at io.apicurio.tests.ApicurioRegistryBaseIT$RegistryApiErrorWatcher.logProblemDetails(ApicurioRegistryBaseIT.java:154)
	at io.apicurio.tests.ApicurioRegistryBaseIT$RegistryApiErrorWatcher.logProblemDetails(ApicurioRegistryBaseIT.java:154)
	at io.apicurio.tests.ApicurioRegistryBaseIT$RegistryApiErrorWatcher.logProblemDetails(ApicurioRegistryBaseIT.java:154)
	at io.apicurio.tests.ApicurioRegistryBaseIT$RegistryApiErrorWatcher.logProblemDetails(ApicurioRegistryBaseIT.java:154)
	at io.apicurio.tests.ApicurioRegistryBaseIT$RegistryApiErrorWatcher.logProblemDetails(ApicurioRegistryBaseIT.java:154)
	at io.apicurio.tests.ApicurioRegistryBaseIT$RegistryApiErrorWatcher.logProblemDetails(ApicurioRegistryBaseIT.java:154)
	at io.apicurio.tests.ApicurioRegistryBaseIT$RegistryApiErrorWatcher.logProblemDetails(ApicurioRegistryBaseIT.java:154)
	at io.apicurio.tests.ApicurioRegistryBaseIT$RegistryApiErrorWatcher.logProblemDetails(ApicurioRegistryBaseIT.java:154)
	at io.apicurio.tests.ApicurioRegistryBaseIT$RegistryApiErrorWatcher.logProblemDetails(ApicurioRegistryBaseIT.java:154)
	at io.apicurio.tests.ApicurioRegistryBaseIT$RegistryApiErrorWatcher.logProblemDetails(ApicurioRegistryBaseIT.java:154)
	at io.apicurio.tests.ApicurioRegistryBaseIT$RegistryApiErrorWatcher.logProblemDetails(ApicurioRegistryBaseIT.java:154)
	at io.apicurio.tests.ApicurioRegistryBaseIT$RegistryApiErrorWatcher.logProblemDetails(ApicurioRegistryBaseIT.java:154)
	at io.apicurio.tests.ApicurioRegistryBaseIT$RegistryApiErrorWatcher.logProblemDetails(ApicurioRegistryBaseIT.java:154)
	at io.apicurio.tests.ApicurioRegistryBaseIT$RegistryApiErrorWatcher.logProblemDetails(ApicurioRegistryBaseIT.java:154)
	at io.apicurio.tests.ApicurioRegistryBaseIT$RegistryApiErrorWatcher.logProblemDetails(ApicurioRegistryBaseIT.java:154)
	at io.apicurio.tests.ApicurioRegistryBaseIT$RegistryApiErrorWatcher.logProblemDetails(ApicurioRegistryBaseIT.java:154)
	at io.apicurio.tests.ApicurioRegistryBaseIT$RegistryApiErrorWatcher.logProblemDetails(ApicurioRegistryBaseIT.java:154)
	at io.apicurio.tests.ApicurioRegistryBaseIT$RegistryApiErrorWatcher.logProblemDetails(ApicurioRegistryBaseIT.java:154)
	at io.apicurio.tests.ApicurioRegistryBaseIT$RegistryApiErrorWatcher.logProblemDetails(ApicurioRegistryBaseIT.java:154)
	at io.apicurio.tests.ApicurioRegistryBaseIT$RegistryApiErrorWatcher.logProblemDetails(ApicurioRegistryBaseIT.java:154)
	at io.apicurio.tests.ApicurioRegistryBaseIT$RegistryApiErrorWatcher.logProblemDetails(ApicurioRegistryBaseIT.java:154)
	at io.apicurio.tests.ApicurioRegistryBaseIT$RegistryApiErrorWatcher.logProblemDetails(ApicurioRegistryBaseIT.java:154)
	at io.apicurio.tests.ApicurioRegistryBaseIT$RegistryApiErrorWatcher.logProblemDetails(ApicurioRegistryBaseIT.java:154)
	at io.apicurio.tests.ApicurioRegistryBaseIT$RegistryApiErrorWatcher.logProblemDetails(ApicurioRegistryBaseIT.java:154)
	at io.apicurio.tests.ApicurioRegistryBaseIT$RegistryApiErrorWatcher.logProblemDetails(ApicurioRegistryBaseIT.java:154)
	at io.apicurio.tests.ApicurioRegistryBaseIT$RegistryApiErrorWatcher.logProblemDetails(ApicurioRegistryBaseIT.java:154)
	at io.apicurio.tests.ApicurioRegistryBaseIT$RegistryApiErrorWatcher.logProblemDetails(ApicurioRegistryBaseIT.java:154)
	at io.apicurio.tests.ApicurioRegistryBaseIT$RegistryApiErrorWatcher.logProblemDetails(ApicurioRegistryBaseIT.java:154)
	at io.apicurio.tests.ApicurioRegistryBaseIT$RegistryApiErrorWatcher.logProblemDetails(ApicurioRegistryBaseIT.java:154)
	at io.apicurio.tests.ApicurioRegistryBaseIT$RegistryApiErrorWatcher.logProblemDetails(ApicurioRegistryBaseIT.java:154)
	at io.apicurio.tests.ApicurioRegistryBaseIT$RegistryApiErrorWatcher.logProblemDetails(ApicurioRegistryBaseIT.java:154)
	at io.apicurio.tests.ApicurioRegistryBaseIT$RegistryApiErrorWatcher.logProblemDetails(ApicurioRegistryBaseIT.java:154)
	at io.apicurio.tests.ApicurioRegistryBaseIT$RegistryApiErrorWatcher.logProblemDetails(ApicurioRegistryBaseIT.java:154)
	at io.apicurio.tests.ApicurioRegistryBaseIT$RegistryApiErrorWatcher.logProblemDetails(ApicurioRegistryBaseIT.java:154)
	at io.apicurio.tests.ApicurioRegistryBaseIT$RegistryApiErrorWatcher.logProblemDetails(ApicurioRegistryBaseIT.java:154)
	at io.apicurio.tests.ApicurioRegistryBaseIT$RegistryApiErrorWatcher.logProblemDetails(ApicurioRegistryBaseIT.java:154)
	at io.apicurio.tests.ApicurioRegistryBaseIT$RegistryApiErrorWatcher.logProblemDetails(ApicurioRegistryBaseIT.java:154)
	at io.apicurio.tests.ApicurioRegistryBaseIT$RegistryApiErrorWatcher.logProblemDetails(ApicurioRegistryBaseIT.java:154)
	at io.apicurio.tests.ApicurioRegistryBaseIT$RegistryApiErrorWatcher.logProblemDetails(ApicurioRegistryBaseIT.java:154)
	at io.apicurio.tests.ApicurioRegistryBaseIT$RegistryApiErrorWatcher.logProblemDetails(ApicurioRegistryBaseIT.java:154)
	at io.apicurio.tests.ApicurioRegistryBaseIT$RegistryApiErrorWatcher.logProblemDetails(ApicurioRegistryBaseIT.java:154)
	at io.apicurio.tests.ApicurioRegistryBaseIT$RegistryApiErrorWatcher.logProblemDetails(ApicurioRegistryBaseIT.java:154)
	at io.apicurio.tests.ApicurioRegistryBaseIT$RegistryApiErrorWatcher.logProblemDetails(ApicurioRegistryBaseIT.java:154)
	at io.apicurio.tests.ApicurioRegistryBaseIT$RegistryApiErrorWatcher.logProblemDetails(ApicurioRegistryBaseIT.java:154)
	at io.apicurio.tests.ApicurioRegistryBaseIT$RegistryApiErrorWatcher.logProblemDetails(ApicurioRegistryBaseIT.java:154)
	at io.apicurio.tests.ApicurioRegistryBaseIT$RegistryApiErrorWatcher.logProblemDetails(ApicurioRegistryBaseIT.java:154)
	at io.apicurio.tests.ApicurioRegistryBaseIT$RegistryApiErrorWatcher.logProblemDetails(ApicurioRegistryBaseIT.java:154)
	at io.apicurio.tests.ApicurioRegistryBaseIT$RegistryApiErrorWatcher.logProblemDetails(ApicurioRegistryBaseIT.java:154)
	at io.apicurio.tests.ApicurioRegistryBaseIT$RegistryApiErrorWatcher.logProblemDetails(ApicurioRegistryBaseIT.java:154)
	at io.apicurio.tests.ApicurioRegistryBaseIT$RegistryApiErrorWatcher.logProblemDetails(ApicurioRegistryBaseIT.java:154)
	at io.apicurio.tests.ApicurioRegistryBaseIT$RegistryApiErrorWatcher.logProblemDetails(ApicurioRegistryBaseIT.java:154)
	at io.apicurio.tests.ApicurioRegistryBaseIT$RegistryApiErrorWatcher.logProblemDetails(ApicurioRegistryBaseIT.java:154)
	at io.apicurio.tests.ApicurioRegistryBaseIT$RegistryApiErrorWatcher.logProblemDetails(ApicurioRegistryBaseIT.java:154)
	at io.apicurio.tests.ApicurioRegistryBaseIT$RegistryApiErrorWatcher.logProblemDetails(ApicurioRegistryBaseIT.java:154)
	at io.apicurio.tests.ApicurioRegistryBaseIT$RegistryApiErrorWatcher.logProblemDetails(ApicurioRegistryBaseIT.java:154)
	at io.apicurio.tests.ApicurioRegistryBaseIT$RegistryApiErrorWatcher.logProblemDetails(ApicurioRegistryBaseIT.java:154)
	at io.apicurio.tests.ApicurioRegistryBaseIT$RegistryApiErrorWatcher.logProblemDetails(ApicurioRegistryBaseIT.java:154)
	at io.apicurio.tests.ApicurioRegistryBaseIT$RegistryApiErrorWatcher.logProblemDetails(ApicurioRegistryBaseIT.java:154)
	at io.apicurio.tests.ApicurioRegistryBaseIT$RegistryApiErrorWatcher.logProblemDetails(ApicurioRegistryBaseIT.java:154)
	at io.apicurio.tests.ApicurioRegistryBaseIT$RegistryApiErrorWatcher.logProblemDetails(ApicurioRegistryBaseIT.java:154)
	at io.apicurio.tests.ApicurioRegistryBaseIT$RegistryApiErrorWatcher.logProblemDetails(ApicurioRegistryBaseIT.java:154)
	at io.apicurio.tests.ApicurioRegistryBaseIT$RegistryApiErrorWatcher.logProblemDetails(ApicurioRegistryBaseIT.java:154)
	at io.apicurio.tests.ApicurioRegistryBaseIT$RegistryApiErrorWatcher.logProblemDetails(ApicurioRegistryBaseIT.java:154)
	at io.apicurio.tests.ApicurioRegistryBaseIT$RegistryApiErrorWatcher.logProblemDetails(ApicurioRegistryBaseIT.java:154)
	at io.apicurio.tests.ApicurioRegistryBaseIT$RegistryApiErrorWatcher.logProblemDetails(ApicurioRegistryBaseIT.java:154)
	at io.apicurio.tests.ApicurioRegistryBaseIT$RegistryApiErrorWatcher.logProblemDetails(ApicurioRegistryBaseIT.java:154)
	at io.apicurio.tests.ApicurioRegistryBaseIT$RegistryApiErrorWatcher.logProblemDetails(ApicurioRegistryBaseIT.java:154)
	at io.apicurio.tests.ApicurioRegistryBaseIT$RegistryApiErrorWatcher.logProblemDetails(ApicurioRegistryBaseIT.java:154)
	at io.apicurio.tests.ApicurioRegistryBaseIT$RegistryApiErrorWatcher.logProblemDetails(ApicurioRegistryBaseIT.java:154)
	at io.apicurio.tests.ApicurioRegistryBaseIT$RegistryApiErrorWatcher.logProblemDetails(ApicurioRegistryBaseIT.java:154)
	at io.apicurio.tests.ApicurioRegistryBaseIT$RegistryApiErrorWatcher.logProblemDetails(ApicurioRegistryBaseIT.java:154)
	at io.apicurio.tests.ApicurioRegistryBaseIT$RegistryApiErrorWatcher.logProblemDetails(ApicurioRegistryBaseIT.java:154)
	at io.apicurio.tests.ApicurioRegistryBaseIT$RegistryApiErrorWatcher.logProblemDetails(ApicurioRegistryBaseIT.java:154)
	at io.apicurio.tests.ApicurioRegistryBaseIT$RegistryApiErrorWatcher.logProblemDetails(ApicurioRegistryBaseIT.java:154)
	at io.apicurio.tests.ApicurioRegistryBaseIT$RegistryApiErrorWatcher.logProblemDetails(ApicurioRegistryBaseIT.java:154)
	at io.apicurio.tests.ApicurioRegistryBaseIT$RegistryApiErrorWatcher.logProblemDetails(ApicurioRegistryBaseIT.java:154)
	at io.apicurio.tests.ApicurioRegistryBaseIT$RegistryApiErrorWatcher.logProblemDetails(ApicurioRegistryBaseIT.java:154)
	at io.apicurio.tests.ApicurioRegistryBaseIT$RegistryApiErrorWatcher.logProblemDetails(ApicurioRegistryBaseIT.java:154)
	at io.apicurio.tests.ApicurioRegistryBaseIT$RegistryApiErrorWatcher.logProblemDetails(ApicurioRegistryBaseIT.java:154)
	at io.apicurio.tests.ApicurioRegistryBaseIT$RegistryApiErrorWatcher.logProblemDetails(ApicurioRegistryBaseIT.java:154)
	at io.apicurio.tests.ApicurioRegistryBaseIT$RegistryApiErrorWatcher.logProblemDetails(ApicurioRegistryBaseIT.java:154)
	at io.apicurio.tests.ApicurioRegistryBaseIT$RegistryApiErrorWatcher.logProblemDetails(ApicurioRegistryBaseIT.java:154)
	at io.apicurio.tests.ApicurioRegistryBaseIT$RegistryApiErrorWatcher.logProblemDetails(ApicurioRegistryBaseIT.java:154)
	at io.apicurio.tests.ApicurioRegistryBaseIT$RegistryApiErrorWatcher.logProblemDetails(ApicurioRegistryBaseIT.java:154)
	at io.apicurio.tests.ApicurioRegistryBaseIT$RegistryApiErrorWatcher.logProblemDetails(ApicurioRegistryBaseIT.java:154)
	at io.apicurio.tests.ApicurioRegistryBaseIT$RegistryApiErrorWatcher.logProblemDetails(ApicurioRegistryBaseIT.java:154)
	at io.apicurio.tests.ApicurioRegistryBaseIT$RegistryApiErrorWatcher.logProblemDetails(ApicurioRegistryBaseIT.java:154)
	at io.apicurio.tests.ApicurioRegistryBaseIT$RegistryApiErrorWatcher.logProblemDetails(ApicurioRegistryBaseIT.java:154)
	at io.apicurio.tests.ApicurioRegistryBaseIT$RegistryApiErrorWatcher.logProblemDetails(ApicurioRegistryBaseIT.java:154)
	at io.apicurio.tests.ApicurioRegistryBaseIT$RegistryApiErrorWatcher.logProblemDetails(ApicurioRegistryBaseIT.java:154)
	at io.apicurio.tests.ApicurioRegistryBaseIT$RegistryApiErrorWatcher.logProblemDetails(ApicurioRegistryBaseIT.java:154)
	at io.apicurio.tests.ApicurioRegistryBaseIT$RegistryApiErrorWatcher.logProblemDetails(ApicurioRegistryBaseIT.java:154)
	at io.apicurio.tests.ApicurioRegistryBaseIT$RegistryApiErrorWatcher.logProblemDetails(ApicurioRegistryBaseIT.java:154)
	at io.apicurio.tests.ApicurioRegistryBaseIT$RegistryApiErrorWatcher.logProblemDetails(ApicurioRegistryBaseIT.java:154)
	at io.apicurio.tests.ApicurioRegistryBaseIT$RegistryApiErrorWatcher.logProblemDetails(ApicurioRegistryBaseIT.java:154)
	at io.apicurio.tests.ApicurioRegistryBaseIT$RegistryApiErrorWatcher.logProblemDetails(ApicurioRegistryBaseIT.java:154)
	at io.apicurio.tests.ApicurioRegistryBaseIT$RegistryApiErrorWatcher.logProblemDetails(ApicurioRegistryBaseIT.java:154)
	at io.apicurio.tests.ApicurioRegistryBaseIT$RegistryApiErrorWatcher.logProblemDetails(ApicurioRegistryBaseIT.java:154)
	at io.apicurio.tests.ApicurioRegistryBaseIT$RegistryApiErrorWatcher.logProblemDetails(ApicurioRegistryBaseIT.java:154)
	at io.apicurio.tests.ApicurioRegistryBaseIT$RegistryApiErrorWatcher.logProblemDetails(ApicurioRegistryBaseIT.java:154)
	at io.apicurio.tests.ApicurioRegistryBaseIT$RegistryApiErrorWatcher.logProblemDetails(ApicurioRegistryBaseIT.java:154)
	at io.apicurio.tests.ApicurioRegistryBaseIT$RegistryApiErrorWatcher.logProblemDetails(ApicurioRegistryBaseIT.java:154)
	at io.apicurio.tests.ApicurioRegistryBaseIT$RegistryApiErrorWatcher.logProblemDetails(ApicurioRegistryBaseIT.java:154)
	at io.apicurio.tests.ApicurioRegistryBaseIT$RegistryApiErrorWatcher.logProblemDetails(ApicurioRegistryBaseIT.java:154)
	at io.apicurio.tests.ApicurioRegistryBaseIT$RegistryApiErrorWatcher.logProblemDetails(ApicurioRegistryBaseIT.java:154)
	at io.apicurio.tests.ApicurioRegistryBaseIT$RegistryApiErrorWatcher.logProblemDetails(ApicurioRegistryBaseIT.java:154)
	at io.apicurio.tests.ApicurioRegistryBaseIT$RegistryApiErrorWatcher.logProblemDetails(ApicurioRegistryBaseIT.java:154)
	at io.apicurio.tests.ApicurioRegistryBaseIT$RegistryApiErrorWatcher.logProblemDetails(ApicurioRegistryBaseIT.java:154)
	at io.apicurio.tests.ApicurioRegistryBaseIT$RegistryApiErrorWatcher.logProblemDetails(ApicurioRegistryBaseIT.java:154)
	at io.apicurio.tests.ApicurioRegistryBaseIT$RegistryApiErrorWatcher.logProblemDetails(ApicurioRegistryBaseIT.java:154)
	at io.apicurio.tests.ApicurioRegistryBaseIT$RegistryApiErrorWatcher.logProblemDetails(ApicurioRegistryBaseIT.java:154)
	at io.apicurio.tests.ApicurioRegistryBaseIT$RegistryApiErrorWatcher.logProblemDetails(ApicurioRegistryBaseIT.java:154)
	at io.apicurio.tests.ApicurioRegistryBaseIT$RegistryApiErrorWatcher.logProblemDetails(ApicurioRegistryBaseIT.java:154)
	at io.apicurio.tests.ApicurioRegistryBaseIT$RegistryApiErrorWatcher.logProblemDetails(ApicurioRegistryBaseIT.java:154)
	at io.apicurio.tests.ApicurioRegistryBaseIT$RegistryApiErrorWatcher.logProblemDetails(ApicurioRegistryBaseIT.java:154)
	at io.apicurio.tests.ApicurioRegistryBaseIT$RegistryApiErrorWatcher.logProblemDetails(ApicurioRegistryBaseIT.java:154)
	at io.apicurio.tests.ApicurioRegistryBaseIT$RegistryApiErrorWatcher.logProblemDetails(ApicurioRegistryBaseIT.java:154)
	at io.apicurio.tests.ApicurioRegistryBaseIT$RegistryApiErrorWatcher.logProblemDetails(ApicurioRegistryBaseIT.java:154)
	at io.apicurio.tests.ApicurioRegistryBaseIT$RegistryApiErrorWatcher.logProblemDetails(ApicurioRegistryBaseIT.java:154)
	at io.apicurio.tests.ApicurioRegistryBaseIT$RegistryApiErrorWatcher.logProblemDetails(ApicurioRegistryBaseIT.java:154)
	at io.apicurio.tests.ApicurioRegistryBaseIT$RegistryApiErrorWatcher.logProblemDetails(ApicurioRegistryBaseIT.java:154)
	at io.apicurio.tests.ApicurioRegistryBaseIT$RegistryApiErrorWatcher.logProblemDetails(ApicurioRegistryBaseIT.java:154)
	at io.apicurio.tests.ApicurioRegistryBaseIT$RegistryApiErrorWatcher.logProblemDetails(ApicurioRegistryBaseIT.java:154)
	at io.apicurio.tests.ApicurioRegistryBaseIT$RegistryApiErrorWatcher.logProblemDetails(ApicurioRegistryBaseIT.java:154)
	at io.apicurio.tests.ApicurioRegistryBaseIT$RegistryApiErrorWatcher.logProblemDetails(ApicurioRegistryBaseIT.java:154)
	at io.apicurio.tests.ApicurioRegistryBaseIT$RegistryApiErrorWatcher.logProblemDetails(ApicurioRegistryBaseIT.java:154)
	at io.apicurio.tests.ApicurioRegistryBaseIT$RegistryApiErrorWatcher.logProblemDetails(ApicurioRegistryBaseIT.java:154)
	at io.apicurio.tests.ApicurioRegistryBaseIT$RegistryApiErrorWatcher.logProblemDetails(ApicurioRegistryBaseIT.java:154)
	at io.apicurio.tests.ApicurioRegistryBaseIT$RegistryApiErrorWatcher.logProblemDetails(ApicurioRegistryBaseIT.java:154)
	at io.apicurio.tests.ApicurioRegistryBaseIT$RegistryApiErrorWatcher.logProblemDetails(ApicurioRegistryBaseIT.java:154)
	at io.apicurio.tests.ApicurioRegistryBaseIT$RegistryApiErrorWatcher.logProblemDetails(ApicurioRegistryBaseIT.java:154)
	at io.apicurio.tests.ApicurioRegistryBaseIT$RegistryApiErrorWatcher.logProblemDetails(ApicurioRegistryBaseIT.java:154)
	at io.apicurio.tests.ApicurioRegistryBaseIT$RegistryApiErrorWatcher.logProblemDetails(ApicurioRegistryBaseIT.java:154)
	at io.apicurio.tests.ApicurioRegistryBaseIT$RegistryApiErrorWatcher.logProblemDetails(ApicurioRegistryBaseIT.java:154)
	at io.apicurio.tests.ApicurioRegistryBaseIT$RegistryApiErrorWatcher.logProblemDetails(ApicurioRegistryBaseIT.java:154)
	at io.apicurio.tests.ApicurioRegistryBaseIT$RegistryApiErrorWatcher.logProblemDetails(ApicurioRegistryBaseIT.java:154)
	at io.apicurio.tests.ApicurioRegistryBaseIT$RegistryApiErrorWatcher.logProblemDetails(ApicurioRegistryBaseIT.java:154)
	at io.apicurio.tests.ApicurioRegistryBaseIT$RegistryApiErrorWatcher.logProblemDetails(ApicurioRegistryBaseIT.java:154)
	at io.apicurio.tests.ApicurioRegistryBaseIT$RegistryApiErrorWatcher.logProblemDetails(ApicurioRegistryBaseIT.java:154)
	at io.apicurio.tests.ApicurioRegistryBaseIT$RegistryApiErrorWatcher.logProblemDetails(ApicurioRegistryBaseIT.java:154)
	at io.apicurio.tests.ApicurioRegistryBaseIT$RegistryApiErrorWatcher.logProblemDetails(ApicurioRegistryBaseIT.java:154)
	at io.apicurio.tests.ApicurioRegistryBaseIT$RegistryApiErrorWatcher.logProblemDetails(ApicurioRegistryBaseIT.java:154)
	at io.apicurio.tests.ApicurioRegistryBaseIT$RegistryApiErrorWatcher.logProblemDetails(ApicurioRegistryBaseIT.java:154)
	at io.apicurio.tests.ApicurioRegistryBaseIT$RegistryApiErrorWatcher.logProblemDetails(ApicurioRegistryBaseIT.java:154)
	at io.apicurio.tests.ApicurioRegistryBaseIT$RegistryApiErrorWatcher.logProblemDetails(ApicurioRegistryBaseIT.java:154)
	at io.apicurio.tests.ApicurioRegistryBaseIT$RegistryApiErrorWatcher.logProblemDetails(ApicurioRegistryBaseIT.java:154)
	at io.apicurio.tests.ApicurioRegistryBaseIT$RegistryApiErrorWatcher.logProblemDetails(ApicurioRegistryBaseIT.java:154)
	at io.apicurio.tests.ApicurioRegistryBaseIT$RegistryApiErrorWatcher.logProblemDetails(ApicurioRegistryBaseIT.java:154)
	at io.apicurio.tests.ApicurioRegistryBaseIT$RegistryApiErrorWatcher.logProblemDetails(ApicurioRegistryBaseIT.java:154)
	at io.apicurio.tests.ApicurioRegistryBaseIT$RegistryApiErrorWatcher.logProblemDetails(ApicurioRegistryBaseIT.java:154)
	at io.apicurio.tests.ApicurioRegistryBaseIT$RegistryApiErrorWatcher.logProblemDetails(ApicurioRegistryBaseIT.java:154)
	at io.apicurio.tests.ApicurioRegistryBaseIT$RegistryApiErrorWatcher.logProblemDetails(ApicurioRegistryBaseIT.java:154)
	at io.apicurio.tests.ApicurioRegistryBaseIT$RegistryApiErrorWatcher.logProblemDetails(ApicurioRegistryBaseIT.java:154)
	at io.apicurio.tests.ApicurioRegistryBaseIT$RegistryApiErrorWatcher.logProblemDetails(ApicurioRegistryBaseIT.java:154)
	at io.apicurio.tests.ApicurioRegistryBaseIT$RegistryApiErrorWatcher.logProblemDetails(ApicurioRegistryBaseIT.java:154)
	at io.apicurio.tests.ApicurioRegistryBaseIT$RegistryApiErrorWatcher.logProblemDetails(ApicurioRegistryBaseIT.java:154)
	at io.apicurio.tests.ApicurioRegistryBaseIT$RegistryApiErrorWatcher.logProblemDetails(ApicurioRegistryBaseIT.java:154)
	at io.apicurio.tests.ApicurioRegistryBaseIT$RegistryApiErrorWatcher.logProblemDetails(ApicurioRegistryBaseIT.java:154)
	at io.apicurio.tests.ApicurioRegistryBaseIT$RegistryApiErrorWatcher.logProblemDetails(ApicurioRegistryBaseIT.java:154)
	at io.apicurio.tests.ApicurioRegistryBaseIT$RegistryApiErrorWatcher.logProblemDetails(ApicurioRegistryBaseIT.java:154)
	at io.apicurio.tests.ApicurioRegistryBaseIT$RegistryApiErrorWatcher.logProblemDetails(ApicurioRegistryBaseIT.java:154)
	at io.apicurio.tests.ApicurioRegistryBaseIT$RegistryApiErrorWatcher.logProblemDetails(ApicurioRegistryBaseIT.java:154)
	at io.apicurio.tests.ApicurioRegistryBaseIT$RegistryApiErrorWatcher.logProblemDetails(ApicurioRegistryBaseIT.java:154)
	at io.apicurio.tests.ApicurioRegistryBaseIT$RegistryApiErrorWatcher.logProblemDetails(ApicurioRegistryBaseIT.java:154)
	at io.apicurio.tests.ApicurioRegistryBaseIT$RegistryApiErrorWatcher.logProblemDetails(ApicurioRegistryBaseIT.java:154)
	at io.apicurio.tests.ApicurioRegistryBaseIT$RegistryApiErrorWatcher.logProblemDetails(ApicurioRegistryBaseIT.java:154)
	at io.apicurio.tests.ApicurioRegistryBaseIT$RegistryApiErrorWatcher.logProblemDetails(ApicurioRegistryBaseIT.java:154)
	at io.apicurio.tests.ApicurioRegistryBaseIT$RegistryApiErrorWatcher.logProblemDetails(ApicurioRegistryBaseIT.java:154)
	at io.apicurio.tests.ApicurioRegistryBaseIT$RegistryApiErrorWatcher.logProblemDetails(ApicurioRegistryBaseIT.java:154)
	at io.apicurio.tests.ApicurioRegistryBaseIT$RegistryApiErrorWatcher.logProblemDetails(ApicurioRegistryBaseIT.java:154)
	at io.apicurio.tests.ApicurioRegistryBaseIT$RegistryApiErrorWatcher.logProblemDetails(ApicurioRegistryBaseIT.java:154)
	at io.apicurio.tests.ApicurioRegistryBaseIT$RegistryApiErrorWatcher.logProblemDetails(ApicurioRegistryBaseIT.java:154)
	at io.apicurio.tests.ApicurioRegistryBaseIT$RegistryApiErrorWatcher.logProblemDetails(ApicurioRegistryBaseIT.java:154)
	at io.apicurio.tests.ApicurioRegistryBaseIT$RegistryApiErrorWatcher.logProblemDetails(ApicurioRegistryBaseIT.java:154)
	at io.apicurio.tests.ApicurioRegistryBaseIT$RegistryApiErrorWatcher.logProblemDetails(ApicurioRegistryBaseIT.java:154)
	at io.apicurio.tests.ApicurioRegistryBaseIT$RegistryApiErrorWatcher.logProblemDetails(ApicurioRegistryBaseIT.java:154)
	at io.apicurio.tests.ApicurioRegistryBaseIT$RegistryApiErrorWatcher.logProblemDetails(ApicurioRegistryBaseIT.java:154)
	at io.apicurio.tests.ApicurioRegistryBaseIT$RegistryApiErrorWatcher.logProblemDetails(ApicurioRegistryBaseIT.java:154)
	at io.apicurio.tests.ApicurioRegistryBaseIT$RegistryApiErrorWatcher.logProblemDetails(ApicurioRegistryBaseIT.java:154)
	at io.apicurio.tests.ApicurioRegistryBaseIT$RegistryApiErrorWatcher.logProblemDetails(ApicurioRegistryBaseIT.java:154)
	at io.apicurio.tests.ApicurioRegistryBaseIT$RegistryApiErrorWatcher.logProblemDetails(ApicurioRegistryBaseIT.java:154)
	at io.apicurio.tests.ApicurioRegistryBaseIT$RegistryApiErrorWatcher.logProblemDetails(ApicurioRegistryBaseIT.java:154)
	at io.apicurio.tests.ApicurioRegistryBaseIT$RegistryApiErrorWatcher.logProblemDetails(ApicurioRegistryBaseIT.java:154)
	at io.apicurio.tests.ApicurioRegistryBaseIT$RegistryApiErrorWatcher.logProblemDetails(ApicurioRegistryBaseIT.java:154)
	at io.apicurio.tests.ApicurioRegistryBaseIT$RegistryApiErrorWatcher.logProblemDetails(ApicurioRegistryBaseIT.java:154)
	at io.apicurio.tests.ApicurioRegistryBaseIT$RegistryApiErrorWatcher.logProblemDetails(ApicurioRegistryBaseIT.java:154)
	at io.apicurio.tests.ApicurioRegistryBaseIT$RegistryApiErrorWatcher.logProblemDetails(ApicurioRegistryBaseIT.java:154)
	at io.apicurio.tests.ApicurioRegistryBaseIT$RegistryApiErrorWatcher.logProblemDetails(ApicurioRegistryBaseIT.java:154)
	at io.apicurio.tests.ApicurioRegistryBaseIT$RegistryApiErrorWatcher.logProblemDetails(ApicurioRegistryBaseIT.java:154)
	at io.apicurio.tests.ApicurioRegistryBaseIT$RegistryApiErrorWatcher.logProblemDetails(ApicurioRegistryBaseIT.java:154)
	at io.apicurio.tests.ApicurioRegistryBaseIT$RegistryApiErrorWatcher.logProblemDetails(ApicurioRegistryBaseIT.java:154)
	at io.apicurio.tests.ApicurioRegistryBaseIT$RegistryApiErrorWatcher.logProblemDetails(ApicurioRegistryBaseIT.java:154)
	at io.apicurio.tests.ApicurioRegistryBaseIT$RegistryApiErrorWatcher.logProblemDetails(ApicurioRegistryBaseIT.java:154)
	at io.apicurio.tests.ApicurioRegistryBaseIT$RegistryApiErrorWatcher.logProblemDetails(ApicurioRegistryBaseIT.java:154)
	at io.apicurio.tests.ApicurioRegistryBaseIT$RegistryApiErrorWatcher.logProblemDetails(ApicurioRegistryBaseIT.java:154)
	at io.apicurio.tests.ApicurioRegistryBaseIT$RegistryApiErrorWatcher.logProblemDetails(ApicurioRegistryBaseIT.java:154)
	at io.apicurio.tests.ApicurioRegistryBaseIT$RegistryApiErrorWatcher.logProblemDetails(ApicurioRegistryBaseIT.java:154)
	at io.apicurio.tests.ApicurioRegistryBaseIT$RegistryApiErrorWatcher.logProblemDetails(ApicurioRegistryBaseIT.java:154)
	at io.apicurio.tests.ApicurioRegistryBaseIT$RegistryApiErrorWatcher.logProblemDetails(ApicurioRegistryBaseIT.java:154)
	at io.apicurio.tests.ApicurioRegistryBaseIT$RegistryApiErrorWatcher.logProblemDetails(ApicurioRegistryBaseIT.java:154)
	at io.apicurio.tests.ApicurioRegistryBaseIT$RegistryApiErrorWatcher.logProblemDetails(ApicurioRegistryBaseIT.java:154)
	at io.apicurio.tests.ApicurioRegistryBaseIT$RegistryApiErrorWatcher.logProblemDetails(ApicurioRegistryBaseIT.java:154)
	at io.apicurio.tests.ApicurioRegistryBaseIT$RegistryApiErrorWatcher.logProblemDetails(ApicurioRegistryBaseIT.java:154)
	at io.apicurio.tests.ApicurioRegistryBaseIT$RegistryApiErrorWatcher.logProblemDetails(ApicurioRegistryBaseIT.java:154)
	at io.apicurio.tests.ApicurioRegistryBaseIT$RegistryApiErrorWatcher.logProblemDetails(ApicurioRegistryBaseIT.java:154)
	at io.apicurio.tests.ApicurioRegistryBaseIT$RegistryApiErrorWatcher.logProblemDetails(ApicurioRegistryBaseIT.java:154)
	at io.apicurio.tests.ApicurioRegistryBaseIT$RegistryApiErrorWatcher.logProblemDetails(ApicurioRegistryBaseIT.java:154)
	at io.apicurio.tests.ApicurioRegistryBaseIT$RegistryApiErrorWatcher.logProblemDetails(ApicurioRegistryBaseIT.java:154)
	at io.apicurio.tests.ApicurioRegistryBaseIT$RegistryApiErrorWatcher.logProblemDetails(ApicurioRegistryBaseIT.java:154)
	at io.apicurio.tests.ApicurioRegistryBaseIT$RegistryApiErrorWatcher.logProblemDetails(ApicurioRegistryBaseIT.java:154)
	at io.apicurio.tests.ApicurioRegistryBaseIT$RegistryApiErrorWatcher.logProblemDetails(ApicurioRegistryBaseIT.java:154)
	at io.apicurio.tests.ApicurioRegistryBaseIT$RegistryApiErrorWatcher.logProblemDetails(ApicurioRegistryBaseIT.java:154)
	at io.apicurio.tests.ApicurioRegistryBaseIT$RegistryApiErrorWatcher.logProblemDetails(ApicurioRegistryBaseIT.java:154)
	at io.apicurio.tests.ApicurioRegistryBaseIT$RegistryApiErrorWatcher.logProblemDetails(ApicurioRegistryBaseIT.java:154)
	at io.apicurio.tests.ApicurioRegistryBaseIT$RegistryApiErrorWatcher.logProblemDetails(ApicurioRegistryBaseIT.java:154)
	at io.apicurio.tests.ApicurioRegistryBaseIT$RegistryApiErrorWatcher.logProblemDetails(ApicurioRegistryBaseIT.java:154)
	at io.apicurio.tests.ApicurioRegistryBaseIT$RegistryApiErrorWatcher.logProblemDetails(ApicurioRegistryBaseIT.java:154)
	at io.apicurio.tests.ApicurioRegistryBaseIT$RegistryApiErrorWatcher.logProblemDetails(ApicurioRegistryBaseIT.java:154)
	at io.apicurio.tests.ApicurioRegistryBaseIT$RegistryApiErrorWatcher.logProblemDetails(ApicurioRegistryBaseIT.java:154)
	at io.apicurio.tests.ApicurioRegistryBaseIT$RegistryApiErrorWatcher.logProblemDetails(ApicurioRegistryBaseIT.java:154)
	at io.apicurio.tests.ApicurioRegistryBaseIT$RegistryApiErrorWatcher.logProblemDetails(ApicurioRegistryBaseIT.java:154)
	at io.apicurio.tests.ApicurioRegistryBaseIT$RegistryApiErrorWatcher.logProblemDetails(ApicurioRegistryBaseIT.java:154)
	at io.apicurio.tests.ApicurioRegistryBaseIT$RegistryApiErrorWatcher.logProblemDetails(ApicurioRegistryBaseIT.java:154)
	at io.apicurio.tests.ApicurioRegistryBaseIT$RegistryApiErrorWatcher.logProblemDetails(ApicurioRegistryBaseIT.java:154)
	at io.apicurio.tests.ApicurioRegistryBaseIT$RegistryApiErrorWatcher.logProblemDetails(ApicurioRegistryBaseIT.java:154)
	at io.apicurio.tests.ApicurioRegistryBaseIT$RegistryApiErrorWatcher.logProblemDetails(ApicurioRegistryBaseIT.java:154)
	at io.apicurio.tests.ApicurioRegistryBaseIT$RegistryApiErrorWatcher.logProblemDetails(ApicurioRegistryBaseIT.java:154)
	at io.apicurio.tests.ApicurioRegistryBaseIT$RegistryApiErrorWatcher.logProblemDetails(ApicurioRegistryBaseIT.java:154)
	at io.apicurio.tests.ApicurioRegistryBaseIT$RegistryApiErrorWatcher.logProblemDetails(ApicurioRegistryBaseIT.java:154)
	at io.apicurio.tests.ApicurioRegistryBaseIT$RegistryApiErrorWatcher.logProblemDetails(ApicurioRegistryBaseIT.java:154)
	at io.apicurio.tests.ApicurioRegistryBaseIT$RegistryApiErrorWatcher.logProblemDetails(ApicurioRegistryBaseIT.java:154)
	at io.apicurio.tests.ApicurioRegistryBaseIT$RegistryApiErrorWatcher.logProblemDetails(ApicurioRegistryBaseIT.java:154)
	at io.apicurio.tests.ApicurioRegistryBaseIT$RegistryApiErrorWatcher.logProblemDetails(ApicurioRegistryBaseIT.java:154)
	at io.apicurio.tests.ApicurioRegistryBaseIT$RegistryApiErrorWatcher.logProblemDetails(ApicurioRegistryBaseIT.java:154)
	at io.apicurio.tests.ApicurioRegistryBaseIT$RegistryApiErrorWatcher.logProblemDetails(ApicurioRegistryBaseIT.java:154)
	at io.apicurio.tests.ApicurioRegistryBaseIT$RegistryApiErrorWatcher.logProblemDetails(ApicurioRegistryBaseIT.java:154)
	at io.apicurio.tests.ApicurioRegistryBaseIT$RegistryApiErrorWatcher.logProblemDetails(ApicurioRegistryBaseIT.java:154)
	at io.apicurio.tests.ApicurioRegistryBaseIT$RegistryApiErrorWatcher.logProblemDetails(ApicurioRegistryBaseIT.java:154)
	at io.apicurio.tests.ApicurioRegistryBaseIT$RegistryApiErrorWatcher.logProblemDetails(ApicurioRegistryBaseIT.java:154)
	at io.apicurio.tests.ApicurioRegistryBaseIT$RegistryApiErrorWatcher.logProblemDetails(ApicurioRegistryBaseIT.java:154)
	at io.apicurio.tests.ApicurioRegistryBaseIT$RegistryApiErrorWatcher.logProblemDetails(ApicurioRegistryBaseIT.java:154)
	at io.apicurio.tests.ApicurioRegistryBaseIT$RegistryApiErrorWatcher.logProblemDetails(ApicurioRegistryBaseIT.java:154)
	at io.apicurio.tests.ApicurioRegistryBaseIT$RegistryApiErrorWatcher.logProblemDetails(ApicurioRegistryBaseIT.java:154)
	at io.apicurio.tests.ApicurioRegistryBaseIT$RegistryApiErrorWatcher.logProblemDetails(ApicurioRegistryBaseIT.java:154)
	at io.apicurio.tests.ApicurioRegistryBaseIT$RegistryApiErrorWatcher.logProblemDetails(ApicurioRegistryBaseIT.java:154)
	at io.apicurio.tests.ApicurioRegistryBaseIT$RegistryApiErrorWatcher.logProblemDetails(ApicurioRegistryBaseIT.java:154)
	at io.apicurio.tests.ApicurioRegistryBaseIT$RegistryApiErrorWatcher.logProblemDetails(ApicurioRegistryBaseIT.java:154)
	at io.apicurio.tests.ApicurioRegistryBaseIT$RegistryApiErrorWatcher.logProblemDetails(ApicurioRegistryBaseIT.java:154)
	at io.apicurio.tests.ApicurioRegistryBaseIT$RegistryApiErrorWatcher.logProblemDetails(ApicurioRegistryBaseIT.java:154)
	at io.apicurio.tests.ApicurioRegistryBaseIT$RegistryApiErrorWatcher.logProblemDetails(ApicurioRegistryBaseIT.java:154)
	at io.apicurio.tests.ApicurioRegistryBaseIT$RegistryApiErrorWatcher.logProblemDetails(ApicurioRegistryBaseIT.java:154)
	at io.apicurio.tests.ApicurioRegistryBaseIT$RegistryApiErrorWatcher.logProblemDetails(ApicurioRegistryBaseIT.java:154)
	at io.apicurio.tests.ApicurioRegistryBaseIT$RegistryApiErrorWatcher.logProblemDetails(ApicurioRegistryBaseIT.java:154)
	at io.apicurio.tests.ApicurioRegistryBaseIT$RegistryApiErrorWatcher.logProblemDetails(ApicurioRegistryBaseIT.java:154)
	at io.apicurio.tests.ApicurioRegistryBaseIT$RegistryApiErrorWatcher.logProblemDetails(ApicurioRegistryBaseIT.java:154)
	at io.apicurio.tests.ApicurioRegistryBaseIT$RegistryApiErrorWatcher.logProblemDetails(ApicurioRegistryBaseIT.java:154)
	at io.apicurio.tests.ApicurioRegistryBaseIT$RegistryApiErrorWatcher.logProblemDetails(ApicurioRegistryBaseIT.java:154)
	at io.apicurio.tests.ApicurioRegistryBaseIT$RegistryApiErrorWatcher.logProblemDetails(ApicurioRegistryBaseIT.java:154)
	at io.apicurio.tests.ApicurioRegistryBaseIT$RegistryApiErrorWatcher.logProblemDetails(ApicurioRegistryBaseIT.java:154)
	at io.apicurio.tests.ApicurioRegistryBaseIT$RegistryApiErrorWatcher.logProblemDetails(ApicurioRegistryBaseIT.java:154)
	at io.apicurio.tests.ApicurioRegistryBaseIT$RegistryApiErrorWatcher.logProblemDetails(ApicurioRegistryBaseIT.java:154)
	at io.apicurio.tests.ApicurioRegistryBaseIT$RegistryApiErrorWatcher.logProblemDetails(ApicurioRegistryBaseIT.java:154)
	at io.apicurio.tests.ApicurioRegistryBaseIT$RegistryApiErrorWatcher.logProblemDetails(ApicurioRegistryBaseIT.java:154)
	at io.apicurio.tests.ApicurioRegistryBaseIT$RegistryApiErrorWatcher.logProblemDetails(ApicurioRegistryBaseIT.java:154)
	at io.apicurio.tests.ApicurioRegistryBaseIT$RegistryApiErrorWatcher.logProblemDetails(ApicurioRegistryBaseIT.java:154)
	at io.apicurio.tests.ApicurioRegistryBaseIT$RegistryApiErrorWatcher.logProblemDetails(ApicurioRegistryBaseIT.java:154)
	at io.apicurio.tests.ApicurioRegistryBaseIT$RegistryApiErrorWatcher.logProblemDetails(ApicurioRegistryBaseIT.java:154)
	at io.apicurio.tests.ApicurioRegistryBaseIT$RegistryApiErrorWatcher.logProblemDetails(ApicurioRegistryBaseIT.java:154)
	at io.apicurio.tests.ApicurioRegistryBaseIT$RegistryApiErrorWatcher.logProblemDetails(ApicurioRegistryBaseIT.java:154)
	at io.apicurio.tests.ApicurioRegistryBaseIT$RegistryApiErrorWatcher.logProblemDetails(ApicurioRegistryBaseIT.java:154)
	at io.apicurio.tests.ApicurioRegistryBaseIT$RegistryApiErrorWatcher.logProblemDetails(ApicurioRegistryBaseIT.java:154)
	at io.apicurio.tests.ApicurioRegistryBaseIT$RegistryApiErrorWatcher.logProblemDetails(ApicurioRegistryBaseIT.java:154)
	at io.apicurio.tests.ApicurioRegistryBaseIT$RegistryApiErrorWatcher.logProblemDetails(ApicurioRegistryBaseIT.java:154)
	at io.apicurio.tests.ApicurioRegistryBaseIT$RegistryApiErrorWatcher.logProblemDetails(ApicurioRegistryBaseIT.java:154)
	at io.apicurio.tests.ApicurioRegistryBaseIT$RegistryApiErrorWatcher.logProblemDetails(ApicurioRegistryBaseIT.java:154)
	at io.apicurio.tests.ApicurioRegistryBaseIT$RegistryApiErrorWatcher.logProblemDetails(ApicurioRegistryBaseIT.java:154)
	at io.apicurio.tests.ApicurioRegistryBaseIT$RegistryApiErrorWatcher.logProblemDetails(ApicurioRegistryBaseIT.java:154)
	at io.apicurio.tests.ApicurioRegistryBaseIT$RegistryApiErrorWatcher.logProblemDetails(ApicurioRegistryBaseIT.java:154)
	at io.apicurio.tests.ApicurioRegistryBaseIT$RegistryApiErrorWatcher.logProblemDetails(ApicurioRegistryBaseIT.java:154)
	at io.apicurio.tests.ApicurioRegistryBaseIT$RegistryApiErrorWatcher.logProblemDetails(ApicurioRegistryBaseIT.java:154)
	at io.apicurio.tests.ApicurioRegistryBaseIT$RegistryApiErrorWatcher.logProblemDetails(ApicurioRegistryBaseIT.java:154)
	at io.apicurio.tests.ApicurioRegistryBaseIT$RegistryApiErrorWatcher.logProblemDetails(ApicurioRegistryBaseIT.java:154)
	at io.apicurio.tests.ApicurioRegistryBaseIT$RegistryApiErrorWatcher.logProblemDetails(ApicurioRegistryBaseIT.java:154)
	at io.apicurio.tests.ApicurioRegistryBaseIT$RegistryApiErrorWatcher.logProblemDetails(ApicurioRegistryBaseIT.java:154)
	at io.apicurio.tests.ApicurioRegistryBaseIT$RegistryApiErrorWatcher.logProblemDetails(ApicurioRegistryBaseIT.java:154)
	at io.apicurio.tests.ApicurioRegistryBaseIT$RegistryApiErrorWatcher.logProblemDetails(ApicurioRegistryBaseIT.java:154)
	at io.apicurio.tests.ApicurioRegistryBaseIT$RegistryApiErrorWatcher.logProblemDetails(ApicurioRegistryBaseIT.java:154)
	at io.apicurio.tests.ApicurioRegistryBaseIT$RegistryApiErrorWatcher.logProblemDetails(ApicurioRegistryBaseIT.java:154)
	at io.apicurio.tests.ApicurioRegistryBaseIT$RegistryApiErrorWatcher.logProblemDetails(ApicurioRegistryBaseIT.java:154)
	at io.apicurio.tests.ApicurioRegistryBaseIT$RegistryApiErrorWatcher.logProblemDetails(ApicurioRegistryBaseIT.java:154)
	at io.apicurio.tests.ApicurioRegistryBaseIT$RegistryApiErrorWatcher.logProblemDetails(ApicurioRegistryBaseIT.java:154)
	at io.apicurio.tests.ApicurioRegistryBaseIT$RegistryApiErrorWatcher.logProblemDetails(ApicurioRegistryBaseIT.java:154)
	at io.apicurio.tests.ApicurioRegistryBaseIT$RegistryApiErrorWatcher.logProblemDetails(ApicurioRegistryBaseIT.java:154)
	at io.apicurio.tests.ApicurioRegistryBaseIT$RegistryApiErrorWatcher.logProblemDetails(ApicurioRegistryBaseIT.java:154)
	at io.apicurio.tests.ApicurioRegistryBaseIT$RegistryApiErrorWatcher.logProblemDetails(ApicurioRegistryBaseIT.java:154)
	at io.apicurio.tests.ApicurioRegistryBaseIT$RegistryApiErrorWatcher.logProblemDetails(ApicurioRegistryBaseIT.java:154)
	at io.apicurio.tests.ApicurioRegistryBaseIT$RegistryApiErrorWatcher.logProblemDetails(ApicurioRegistryBaseIT.java:154)
	at io.apicurio.tests.ApicurioRegistryBaseIT$RegistryApiErrorWatcher.logProblemDetails(ApicurioRegistryBaseIT.java:154)
	at io.apicurio.tests.ApicurioRegistryBaseIT$RegistryApiErrorWatcher.logProblemDetails(ApicurioRegistryBaseIT.java:154)
	at io.apicurio.tests.ApicurioRegistryBaseIT$RegistryApiErrorWatcher.logProblemDetails(ApicurioRegistryBaseIT.java:154)
	at io.apicurio.tests.ApicurioRegistryBaseIT$RegistryApiErrorWatcher.logProblemDetails(ApicurioRegistryBaseIT.java:154)
	at io.apicurio.tests.ApicurioRegistryBaseIT$RegistryApiErrorWatcher.logProblemDetails(ApicurioRegistryBaseIT.java:154)
	at io.apicurio.tests.ApicurioRegistryBaseIT$RegistryApiErrorWatcher.logProblemDetails(ApicurioRegistryBaseIT.java:154)
	at io.apicurio.tests.ApicurioRegistryBaseIT$RegistryApiErrorWatcher.logProblemDetails(ApicurioRegistryBaseIT.java:154)
	at io.apicurio.tests.ApicurioRegistryBaseIT$RegistryApiErrorWatcher.logProblemDetails(ApicurioRegistryBaseIT.java:154)
	at io.apicurio.tests.ApicurioRegistryBaseIT$RegistryApiErrorWatcher.logProblemDetails(ApicurioRegistryBaseIT.java:154)
	at io.apicurio.tests.ApicurioRegistryBaseIT$RegistryApiErrorWatcher.logProblemDetails(ApicurioRegistryBaseIT.java:154)
	at io.apicurio.tests.ApicurioRegistryBaseIT$RegistryApiErrorWatcher.logProblemDetails(ApicurioRegistryBaseIT.java:154)
	at io.apicurio.tests.ApicurioRegistryBaseIT$RegistryApiErrorWatcher.logProblemDetails(ApicurioRegistryBaseIT.java:154)
	at io.apicurio.tests.ApicurioRegistryBaseIT$RegistryApiErrorWatcher.logProblemDetails(ApicurioRegistryBaseIT.java:154)
	at io.apicurio.tests.ApicurioRegistryBaseIT$RegistryApiErrorWatcher.logProblemDetails(ApicurioRegistryBaseIT.java:154)
	at io.apicurio.tests.ApicurioRegistryBaseIT$RegistryApiErrorWatcher.logProblemDetails(ApicurioRegistryBaseIT.java:154)
	at io.apicurio.tests.ApicurioRegistryBaseIT$RegistryApiErrorWatcher.logProblemDetails(ApicurioRegistryBaseIT.java:154)
	at io.apicurio.tests.ApicurioRegistryBaseIT$RegistryApiErrorWatcher.logProblemDetails(ApicurioRegistryBaseIT.java:154)
	at io.apicurio.tests.ApicurioRegistryBaseIT$RegistryApiErrorWatcher.logProblemDetails(ApicurioRegistryBaseIT.java:154)
	at io.apicurio.tests.ApicurioRegistryBaseIT$RegistryApiErrorWatcher.logProblemDetails(ApicurioRegistryBaseIT.java:154)
	at io.apicurio.tests.ApicurioRegistryBaseIT$RegistryApiErrorWatcher.logProblemDetails(ApicurioRegistryBaseIT.java:154)
	at io.apicurio.tests.ApicurioRegistryBaseIT$RegistryApiErrorWatcher.logProblemDetails(ApicurioRegistryBaseIT.java:154)
	at io.apicurio.tests.ApicurioRegistryBaseIT$RegistryApiErrorWatcher.logProblemDetails(ApicurioRegistryBaseIT.java:154)
	at io.apicurio.tests.ApicurioRegistryBaseIT$RegistryApiErrorWatcher.logProblemDetails(ApicurioRegistryBaseIT.java:154)
	at io.apicurio.tests.ApicurioRegistryBaseIT$RegistryApiErrorWatcher.logProblemDetails(ApicurioRegistryBaseIT.java:154)
	at io.apicurio.tests.ApicurioRegistryBaseIT$RegistryApiErrorWatcher.logProblemDetails(ApicurioRegistryBaseIT.java:154)
	at io.apicurio.tests.ApicurioRegistryBaseIT$RegistryApiErrorWatcher.logProblemDetails(ApicurioRegistryBaseIT.java:154)
	at io.apicurio.tests.ApicurioRegistryBaseIT$RegistryApiErrorWatcher.logProblemDetails(ApicurioRegistryBaseIT.java:154)
	at io.apicurio.tests.ApicurioRegistryBaseIT$RegistryApiErrorWatcher.logProblemDetails(ApicurioRegistryBaseIT.java:154)
	at io.apicurio.tests.ApicurioRegistryBaseIT$RegistryApiErrorWatcher.logProblemDetails(ApicurioRegistryBaseIT.java:154)
	at io.apicurio.tests.ApicurioRegistryBaseIT$RegistryApiErrorWatcher.logProblemDetails(ApicurioRegistryBaseIT.java:154)
	at io.apicurio.tests.ApicurioRegistryBaseIT$RegistryApiErrorWatcher.logProblemDetails(ApicurioRegistryBaseIT.java:154)
	at io.apicurio.tests.ApicurioRegistryBaseIT$RegistryApiErrorWatcher.logProblemDetails(ApicurioRegistryBaseIT.java:154)
	at io.apicurio.tests.ApicurioRegistryBaseIT$RegistryApiErrorWatcher.logProblemDetails(ApicurioRegistryBaseIT.java:154)
	at io.apicurio.tests.ApicurioRegistryBaseIT$RegistryApiErrorWatcher.logProblemDetails(ApicurioRegistryBaseIT.java:154)
	at io.apicurio.tests.ApicurioRegistryBaseIT$RegistryApiErrorWatcher.logProblemDetails(ApicurioRegistryBaseIT.java:154)
	at io.apicurio.tests.ApicurioRegistryBaseIT$RegistryApiErrorWatcher.logProblemDetails(ApicurioRegistryBaseIT.java:154)
	at io.apicurio.tests.ApicurioRegistryBaseIT$RegistryApiErrorWatcher.logProblemDetails(ApicurioRegistryBaseIT.java:154)
	at io.apicurio.tests.ApicurioRegistryBaseIT$RegistryApiErrorWatcher.logProblemDetails(ApicurioRegistryBaseIT.java:154)
	at io.apicurio.tests.ApicurioRegistryBaseIT$RegistryApiErrorWatcher.logProblemDetails(ApicurioRegistryBaseIT.java:154)
	at io.apicurio.tests.ApicurioRegistryBaseIT$RegistryApiErrorWatcher.logProblemDetails(ApicurioRegistryBaseIT.java:154)
	at io.apicurio.tests.ApicurioRegistryBaseIT$RegistryApiErrorWatcher.logProblemDetails(ApicurioRegistryBaseIT.java:154)
	at io.apicurio.tests.ApicurioRegistryBaseIT$RegistryApiErrorWatcher.logProblemDetails(ApicurioRegistryBaseIT.java:154)
	at io.apicurio.tests.ApicurioRegistryBaseIT$RegistryApiErrorWatcher.logProblemDetails(ApicurioRegistryBaseIT.java:154)
	at io.apicurio.tests.ApicurioRegistryBaseIT$RegistryApiErrorWatcher.logProblemDetails(ApicurioRegistryBaseIT.java:154)
	at io.apicurio.tests.ApicurioRegistryBaseIT$RegistryApiErrorWatcher.logProblemDetails(ApicurioRegistryBaseIT.java:154)
	at io.apicurio.tests.ApicurioRegistryBaseIT$RegistryApiErrorWatcher.logProblemDetails(ApicurioRegistryBaseIT.java:154)
	at io.apicurio.tests.ApicurioRegistryBaseIT$RegistryApiErrorWatcher.logProblemDetails(ApicurioRegistryBaseIT.java:154)
	at io.apicurio.tests.ApicurioRegistryBaseIT$RegistryApiErrorWatcher.logProblemDetails(ApicurioRegistryBaseIT.java:154)
	at io.apicurio.tests.ApicurioRegistryBaseIT$RegistryApiErrorWatcher.logProblemDetails(ApicurioRegistryBaseIT.java:154)
	at io.apicurio.tests.ApicurioRegistryBaseIT$RegistryApiErrorWatcher.logProblemDetails(ApicurioRegistryBaseIT.java:154)
	at io.apicurio.tests.ApicurioRegistryBaseIT$RegistryApiErrorWatcher.logProblemDetails(ApicurioRegistryBaseIT.java:154)
	at io.apicurio.tests.ApicurioRegistryBaseIT$RegistryApiErrorWatcher.logProblemDetails(ApicurioRegistryBaseIT.java:154)
	at io.apicurio.tests.ApicurioRegistryBaseIT$RegistryApiErrorWatcher.logProblemDetails(ApicurioRegistryBaseIT.java:154)
	at io.apicurio.tests.ApicurioRegistryBaseIT$RegistryApiErrorWatcher.logProblemDetails(ApicurioRegistryBaseIT.java:154)
	at io.apicurio.tests.ApicurioRegistryBaseIT$RegistryApiErrorWatcher.logProblemDetails(ApicurioRegistryBaseIT.java:154)
	at io.apicurio.tests.ApicurioRegistryBaseIT$RegistryApiErrorWatcher.logProblemDetails(ApicurioRegistryBaseIT.java:154)
	at io.apicurio.tests.ApicurioRegistryBaseIT$RegistryApiErrorWatcher.logProblemDetails(ApicurioRegistryBaseIT.java:154)
	at io.apicurio.tests.ApicurioRegistryBaseIT$RegistryApiErrorWatcher.logProblemDetails(ApicurioRegistryBaseIT.java:154)
	at io.apicurio.tests.ApicurioRegistryBaseIT$RegistryApiErrorWatcher.logProblemDetails(ApicurioRegistryBaseIT.java:154)
	at io.apicurio.tests.ApicurioRegistryBaseIT$RegistryApiErrorWatcher.logProblemDetails(ApicurioRegistryBaseIT.java:154)
	at io.apicurio.tests.ApicurioRegistryBaseIT$RegistryApiErrorWatcher.logProblemDetails(ApicurioRegistryBaseIT.java:154)
	at io.apicurio.tests.ApicurioRegistryBaseIT$RegistryApiErrorWatcher.logProblemDetails(ApicurioRegistryBaseIT.java:154)
	at io.apicurio.tests.ApicurioRegistryBaseIT$RegistryApiErrorWatcher.logProblemDetails(ApicurioRegistryBaseIT.java:154)
	at io.apicurio.tests.ApicurioRegistryBaseIT$RegistryApiErrorWatcher.logProblemDetails(ApicurioRegistryBaseIT.java:154)
	at io.apicurio.tests.ApicurioRegistryBaseIT$RegistryApiErrorWatcher.logProblemDetails(ApicurioRegistryBaseIT.java:154)
	at io.apicurio.tests.ApicurioRegistryBaseIT$RegistryApiErrorWatcher.logProblemDetails(ApicurioRegistryBaseIT.java:154)
	at io.apicurio.tests.ApicurioRegistryBaseIT$RegistryApiErrorWatcher.logProblemDetails(ApicurioRegistryBaseIT.java:154)
	at io.apicurio.tests.ApicurioRegistryBaseIT$RegistryApiErrorWatcher.logProblemDetails(ApicurioRegistryBaseIT.java:154)
	at io.apicurio.tests.ApicurioRegistryBaseIT$RegistryApiErrorWatcher.logProblemDetails(ApicurioRegistryBaseIT.java:154)
	at io.apicurio.tests.ApicurioRegistryBaseIT$RegistryApiErrorWatcher.logProblemDetails(ApicurioRegistryBaseIT.java:154)
	at io.apicurio.tests.ApicurioRegistryBaseIT$RegistryApiErrorWatcher.logProblemDetails(ApicurioRegistryBaseIT.java:154)
	at io.apicurio.tests.ApicurioRegistryBaseIT$RegistryApiErrorWatcher.logProblemDetails(ApicurioRegistryBaseIT.java:154)
	at io.apicurio.tests.ApicurioRegistryBaseIT$RegistryApiErrorWatcher.logProblemDetails(ApicurioRegistryBaseIT.java:154)
	at io.apicurio.tests.ApicurioRegistryBaseIT$RegistryApiErrorWatcher.logProblemDetails(ApicurioRegistryBaseIT.java:154)
	at io.apicurio.tests.ApicurioRegistryBaseIT$RegistryApiErrorWatcher.logProblemDetails(ApicurioRegistryBaseIT.java:154)
	at io.apicurio.tests.ApicurioRegistryBaseIT$RegistryApiErrorWatcher.logProblemDetails(ApicurioRegistryBaseIT.java:154)
	at io.apicurio.tests.ApicurioRegistryBaseIT$RegistryApiErrorWatcher.logProblemDetails(ApicurioRegistryBaseIT.java:154)
	at io.apicurio.tests.ApicurioRegistryBaseIT$RegistryApiErrorWatcher.logProblemDetails(ApicurioRegistryBaseIT.java:154)
	at io.apicurio.tests.ApicurioRegistryBaseIT$RegistryApiErrorWatcher.logProblemDetails(ApicurioRegistryBaseIT.java:154)
	at io.apicurio.tests.ApicurioRegistryBaseIT$RegistryApiErrorWatcher.logProblemDetails(ApicurioRegistryBaseIT.java:154)
	at io.apicurio.tests.ApicurioRegistryBaseIT$RegistryApiErrorWatcher.logProblemDetails(ApicurioRegistryBaseIT.java:154)
	at io.apicurio.tests.ApicurioRegistryBaseIT$RegistryApiErrorWatcher.logProblemDetails(ApicurioRegistryBaseIT.java:154)
	at io.apicurio.tests.ApicurioRegistryBaseIT$RegistryApiErrorWatcher.logProblemDetails(ApicurioRegistryBaseIT.java:154)
	at io.apicurio.tests.ApicurioRegistryBaseIT$RegistryApiErrorWatcher.logProblemDetails(ApicurioRegistryBaseIT.java:154)
	at io.apicurio.tests.ApicurioRegistryBaseIT$RegistryApiErrorWatcher.logProblemDetails(ApicurioRegistryBaseIT.java:154)
	at io.apicurio.tests.ApicurioRegistryBaseIT$RegistryApiErrorWatcher.logProblemDetails(ApicurioRegistryBaseIT.java:154)
	at io.apicurio.tests.ApicurioRegistryBaseIT$RegistryApiErrorWatcher.logProblemDetails(ApicurioRegistryBaseIT.java:154)
	at io.apicurio.tests.ApicurioRegistryBaseIT$RegistryApiErrorWatcher.logProblemDetails(ApicurioRegistryBaseIT.java:154)
	at io.apicurio.tests.ApicurioRegistryBaseIT$RegistryApiErrorWatcher.logProblemDetails(ApicurioRegistryBaseIT.java:154)
	at io.apicurio.tests.ApicurioRegistryBaseIT$RegistryApiErrorWatcher.logProblemDetails(ApicurioRegistryBaseIT.java:154)
	at io.apicurio.tests.ApicurioRegistryBaseIT$RegistryApiErrorWatcher.logProblemDetails(ApicurioRegistryBaseIT.java:154)
	at io.apicurio.tests.ApicurioRegistryBaseIT$RegistryApiErrorWatcher.logProblemDetails(ApicurioRegistryBaseIT.java:154)
	at io.apicurio.tests.ApicurioRegistryBaseIT$RegistryApiErrorWatcher.logProblemDetails(ApicurioRegistryBaseIT.java:154)
	at io.apicurio.tests.ApicurioRegistryBaseIT$RegistryApiErrorWatcher.logProblemDetails(ApicurioRegistryBaseIT.java:154)
	at io.apicurio.tests.ApicurioRegistryBaseIT$RegistryApiErrorWatcher.logProblemDetails(ApicurioRegistryBaseIT.java:154)
	at io.apicurio.tests.ApicurioRegistryBaseIT$RegistryApiErrorWatcher.logProblemDetails(ApicurioRegistryBaseIT.java:154)
	at io.apicurio.tests.ApicurioRegistryBaseIT$RegistryApiErrorWatcher.logProblemDetails(ApicurioRegistryBaseIT.java:154)
	at io.apicurio.tests.ApicurioRegistryBaseIT$RegistryApiErrorWatcher.logProblemDetails(ApicurioRegistryBaseIT.java:154)
	at io.apicurio.tests.ApicurioRegistryBaseIT$RegistryApiErrorWatcher.logProblemDetails(ApicurioRegistryBaseIT.java:154)
	at io.apicurio.tests.ApicurioRegistryBaseIT$RegistryApiErrorWatcher.logProblemDetails(ApicurioRegistryBaseIT.java:154)
	at io.apicurio.tests.ApicurioRegistryBaseIT$RegistryApiErrorWatcher.logProblemDetails(ApicurioRegistryBaseIT.java:154)
	at io.apicurio.tests.ApicurioRegistryBaseIT$RegistryApiErrorWatcher.logProblemDetails(ApicurioRegistryBaseIT.java:154)
	at io.apicurio.tests.ApicurioRegistryBaseIT$RegistryApiErrorWatcher.logProblemDetails(ApicurioRegistryBaseIT.java:154)
	at io.apicurio.tests.ApicurioRegistryBaseIT$RegistryApiErrorWatcher.logProblemDetails(ApicurioRegistryBaseIT.java:154)
	at io.apicurio.tests.ApicurioRegistryBaseIT$RegistryApiErrorWatcher.logProblemDetails(ApicurioRegistryBaseIT.java:154)
	at io.apicurio.tests.ApicurioRegistryBaseIT$RegistryApiErrorWatcher.logProblemDetails(ApicurioRegistryBaseIT.java:154)
	at io.apicurio.tests.ApicurioRegistryBaseIT$RegistryApiErrorWatcher.logProblemDetails(ApicurioRegistryBaseIT.java:154)
	at io.apicurio.tests.ApicurioRegistryBaseIT$RegistryApiErrorWatcher.logProblemDetails(ApicurioRegistryBaseIT.java:154)
	at io.apicurio.tests.ApicurioRegistryBaseIT$RegistryApiErrorWatcher.logProblemDetails(ApicurioRegistryBaseIT.java:154)
	at io.apicurio.tests.ApicurioRegistryBaseIT$RegistryApiErrorWatcher.logProblemDetails(ApicurioRegistryBaseIT.java:154)
	at io.apicurio.tests.ApicurioRegistryBaseIT$RegistryApiErrorWatcher.logProblemDetails(ApicurioRegistryBaseIT.java:154)
	at io.apicurio.tests.ApicurioRegistryBaseIT$RegistryApiErrorWatcher.logProblemDetails(ApicurioRegistryBaseIT.java:154)
	at io.apicurio.tests.ApicurioRegistryBaseIT$RegistryApiErrorWatcher.logProblemDetails(ApicurioRegistryBaseIT.java:154)
	at io.apicurio.tests.ApicurioRegistryBaseIT$RegistryApiErrorWatcher.logProblemDetails(ApicurioRegistryBaseIT.java:154)
	at io.apicurio.tests.ApicurioRegistryBaseIT$RegistryApiErrorWatcher.logProblemDetails(ApicurioRegistryBaseIT.java:154)
	at io.apicurio.tests.ApicurioRegistryBaseIT$RegistryApiErrorWatcher.logProblemDetails(ApicurioRegistryBaseIT.java:154)
	at io.apicurio.tests.ApicurioRegistryBaseIT$RegistryApiErrorWatcher.logProblemDetails(ApicurioRegistryBaseIT.java:154)
	at io.apicurio.tests.ApicurioRegistryBaseIT$RegistryApiErrorWatcher.logProblemDetails(ApicurioRegistryBaseIT.java:154)
	at io.apicurio.tests.ApicurioRegistryBaseIT$RegistryApiErrorWatcher.logProblemDetails(ApicurioRegistryBaseIT.java:154)
	at io.apicurio.tests.ApicurioRegistryBaseIT$RegistryApiErrorWatcher.logProblemDetails(ApicurioRegistryBaseIT.java:154)
	at io.apicurio.tests.ApicurioRegistryBaseIT$RegistryApiErrorWatcher.logProblemDetails(ApicurioRegistryBaseIT.java:154)
	at io.apicurio.tests.ApicurioRegistryBaseIT$RegistryApiErrorWatcher.logProblemDetails(ApicurioRegistryBaseIT.java:154)
	at io.apicurio.tests.ApicurioRegistryBaseIT$RegistryApiErrorWatcher.logProblemDetails(ApicurioRegistryBaseIT.java:154)
	at io.apicurio.tests.ApicurioRegistryBaseIT$RegistryApiErrorWatcher.logProblemDetails(ApicurioRegistryBaseIT.java:154)
	at io.apicurio.tests.ApicurioRegistryBaseIT$RegistryApiErrorWatcher.logProblemDetails(ApicurioRegistryBaseIT.java:154)
	at io.apicurio.tests.ApicurioRegistryBaseIT$RegistryApiErrorWatcher.logProblemDetails(ApicurioRegistryBaseIT.java:154)
	at io.apicurio.tests.ApicurioRegistryBaseIT$RegistryApiErrorWatcher.logProblemDetails(ApicurioRegistryBaseIT.java:154)
	at io.apicurio.tests.ApicurioRegistryBaseIT$RegistryApiErrorWatcher.logProblemDetails(ApicurioRegistryBaseIT.java:154)
	at io.apicurio.tests.ApicurioRegistryBaseIT$RegistryApiErrorWatcher.logProblemDetails(ApicurioRegistryBaseIT.java:154)
	at io.apicurio.tests.ApicurioRegistryBaseIT$RegistryApiErrorWatcher.logProblemDetails(ApicurioRegistryBaseIT.java:154)
	at io.apicurio.tests.ApicurioRegistryBaseIT$RegistryApiErrorWatcher.logProblemDetails(ApicurioRegistryBaseIT.java:154)
	at io.apicurio.tests.ApicurioRegistryBaseIT$RegistryApiErrorWatcher.logProblemDetails(ApicurioRegistryBaseIT.java:154)
	at io.apicurio.tests.ApicurioRegistryBaseIT$RegistryApiErrorWatcher.logProblemDetails(ApicurioRegistryBaseIT.java:154)
	at io.apicurio.tests.ApicurioRegistryBaseIT$RegistryApiErrorWatcher.logProblemDetails(ApicurioRegistryBaseIT.java:154)
	at io.apicurio.tests.ApicurioRegistryBaseIT$RegistryApiErrorWatcher.logProblemDetails(ApicurioRegistryBaseIT.java:154)
	at io.apicurio.tests.ApicurioRegistryBaseIT$RegistryApiErrorWatcher.logProblemDetails(ApicurioRegistryBaseIT.java:154)
	at io.apicurio.tests.ApicurioRegistryBaseIT$RegistryApiErrorWatcher.logProblemDetails(ApicurioRegistryBaseIT.java:154)
	at io.apicurio.tests.ApicurioRegistryBaseIT$RegistryApiErrorWatcher.logProblemDetails(ApicurioRegistryBaseIT.java:154)
	at io.apicurio.tests.ApicurioRegistryBaseIT$RegistryApiErrorWatcher.logProblemDetails(ApicurioRegistryBaseIT.java:154)
	at io.apicurio.tests.ApicurioRegistryBaseIT$RegistryApiErrorWatcher.logProblemDetails(ApicurioRegistryBaseIT.java:154)
	at io.apicurio.tests.ApicurioRegistryBaseIT$RegistryApiErrorWatcher.logProblemDetails(ApicurioRegistryBaseIT.java:154)
	at io.apicurio.tests.ApicurioRegistryBaseIT$RegistryApiErrorWatcher.logProblemDetails(ApicurioRegistryBaseIT.java:154)
	at io.apicurio.tests.ApicurioRegistryBaseIT$RegistryApiErrorWatcher.logProblemDetails(ApicurioRegistryBaseIT.java:154)
	at io.apicurio.tests.ApicurioRegistryBaseIT$RegistryApiErrorWatcher.logProblemDetails(ApicurioRegistryBaseIT.java:154)
	at io.apicurio.tests.ApicurioRegistryBaseIT$RegistryApiErrorWatcher.logProblemDetails(ApicurioRegistryBaseIT.java:154)
	at io.apicurio.tests.ApicurioRegistryBaseIT$RegistryApiErrorWatcher.logProblemDetails(ApicurioRegistryBaseIT.java:154)
	at io.apicurio.tests.ApicurioRegistryBaseIT$RegistryApiErrorWatcher.logProblemDetails(ApicurioRegistryBaseIT.java:154)
	at io.apicurio.tests.ApicurioRegistryBaseIT$RegistryApiErrorWatcher.logProblemDetails(ApicurioRegistryBaseIT.java:154)
	at io.apicurio.tests.ApicurioRegistryBaseIT$RegistryApiErrorWatcher.logProblemDetails(ApicurioRegistryBaseIT.java:154)
	at io.apicurio.tests.ApicurioRegistryBaseIT$RegistryApiErrorWatcher.logProblemDetails(ApicurioRegistryBaseIT.java:154)
	at io.apicurio.tests.ApicurioRegistryBaseIT$RegistryApiErrorWatcher.logProblemDetails(ApicurioRegistryBaseIT.java:154)
	at io.apicurio.tests.ApicurioRegistryBaseIT$RegistryApiErrorWatcher.logProblemDetails(ApicurioRegistryBaseIT.java:154)
	at io.apicurio.tests.ApicurioRegistryBaseIT$RegistryApiErrorWatcher.logProblemDetails(ApicurioRegistryBaseIT.java:154)
	at io.apicurio.tests.ApicurioRegistryBaseIT$RegistryApiErrorWatcher.logProblemDetails(ApicurioRegistryBaseIT.java:154)
	at io.apicurio.tests.ApicurioRegistryBaseIT$RegistryApiErrorWatcher.logProblemDetails(ApicurioRegistryBaseIT.java:154)
	at io.apicurio.tests.ApicurioRegistryBaseIT$RegistryApiErrorWatcher.logProblemDetails(ApicurioRegistryBaseIT.java:154)
	at io.apicurio.tests.ApicurioRegistryBaseIT$RegistryApiErrorWatcher.logProblemDetails(ApicurioRegistryBaseIT.java:154)
	at io.apicurio.tests.ApicurioRegistryBaseIT$RegistryApiErrorWatcher.logProblemDetails(ApicurioRegistryBaseIT.java:154)
	at io.apicurio.tests.ApicurioRegistryBaseIT$RegistryApiErrorWatcher.logProblemDetails(ApicurioRegistryBaseIT.java:154)
	at io.apicurio.tests.ApicurioRegistryBaseIT$RegistryApiErrorWatcher.logProblemDetails(ApicurioRegistryBaseIT.java:154)
	at io.apicurio.tests.ApicurioRegistryBaseIT$RegistryApiErrorWatcher.logProblemDetails(ApicurioRegistryBaseIT.java:154)
	at io.apicurio.tests.ApicurioRegistryBaseIT$RegistryApiErrorWatcher.logProblemDetails(ApicurioRegistryBaseIT.java:154)
	at io.apicurio.tests.ApicurioRegistryBaseIT$RegistryApiErrorWatcher.logProblemDetails(ApicurioRegistryBaseIT.java:154)
	at io.apicurio.tests.ApicurioRegistryBaseIT$RegistryApiErrorWatcher.logProblemDetails(ApicurioRegistryBaseIT.java:154)
	at io.apicurio.tests.ApicurioRegistryBaseIT$RegistryApiErrorWatcher.logProblemDetails(ApicurioRegistryBaseIT.java:154)
	at io.apicurio.tests.ApicurioRegistryBaseIT$RegistryApiErrorWatcher.logProblemDetails(ApicurioRegistryBaseIT.java:154)
	at io.apicurio.tests.ApicurioRegistryBaseIT$RegistryApiErrorWatcher.logProblemDetails(ApicurioRegistryBaseIT.java:154)
	at io.apicurio.tests.ApicurioRegistryBaseIT$RegistryApiErrorWatcher.logProblemDetails(ApicurioRegistryBaseIT.java:154)
	at io.apicurio.tests.ApicurioRegistryBaseIT$RegistryApiErrorWatcher.logProblemDetails(ApicurioRegistryBaseIT.java:154)
	at io.apicurio.tests.ApicurioRegistryBaseIT$RegistryApiErrorWatcher.logProblemDetails(ApicurioRegistryBaseIT.java:154)
	at io.apicurio.tests.ApicurioRegistryBaseIT$RegistryApiErrorWatcher.logProblemDetails(ApicurioRegistryBaseIT.java:154)

]]></system-out>
  </testcase>
  <testcase name="testFindLatestSpecificProtobufType" classname="io.apicurio.tests.serdes.apicurio.ProtobufSerdeIT" time="0.055">
    <error type="io.apicurio.registry.rest.client.models.RuleViolationProblemDetails"><![CDATA[io.apicurio.registry.rest.client.models.RuleViolationProblemDetails
	at io.apicurio.registry.rest.client.models.RuleViolationProblemDetails.createFromDiscriminatorValue(RuleViolationProblemDetails.java:62)
	at io.kiota.serialization.json.JsonParseNode.getObjectValue(JsonParseNode.java:247)
	at io.kiota.http.vertx.VertXRequestAdapter.lambda$throwIfFailedResponse$0(VertXRequestAdapter.java:400)
	at com.microsoft.kiota.ApiExceptionBuilder.<init>(ApiExceptionBuilder.java:26)
	at io.kiota.http.vertx.VertXRequestAdapter.throwIfFailedResponse(VertXRequestAdapter.java:399)
	at io.kiota.http.vertx.VertXRequestAdapter.send(VertXRequestAdapter.java:170)
	at io.apicurio.registry.rest.client.groups.item.artifacts.ArtifactsRequestBuilder.post(ArtifactsRequestBuilder.java:130)
	at io.apicurio.tests.ApicurioRegistryBaseIT.createArtifact(ApicurioRegistryBaseIT.java:184)
	at io.apicurio.tests.serdes.apicurio.ProtobufSerdeIT.testFindLatestSpecificProtobufType(ProtobufSerdeIT.java:308)
	at java.base/java.lang.reflect.Method.invoke(Method.java:569)
	at java.base/java.util.ArrayList.forEach(ArrayList.java:1511)
	at java.base/java.util.ArrayList.forEach(ArrayList.java:1511)
]]></error>
    <system-out><![CDATA[2025-07-31 17:05:36,331 INFO  [io.api.tes.uti.TestSeparator] (main) ############################################################################
2025-07-31 17:05:36,331 INFO  [io.api.tes.uti.TestSeparator] (main) io.apicurio.tests.serdes.apicurio.ProtobufSerdeIT.testFindLatestSpecificProtobufType-STARTED
2025-07-31 17:05:36,352 INFO  [io.api.tes.uti.TestSeparator] (main) io.apicurio.tests.serdes.apicurio.ProtobufSerdeIT.testFindLatestSpecificProtobufType-FINISHED
2025-07-31 17:05:36,352 INFO  [io.api.tes.uti.TestSeparator] (main) ############################################################################
2025-07-31 17:05:36,352 ERROR [io.api.reg.uti.tes.TestUtils] (main) === TEST FAILED ===
2025-07-31 17:05:36,353 ERROR [io.api.reg.uti.tes.TestUtils] (main) Class: class io.apicurio.tests.serdes.apicurio.ProtobufSerdeIT
2025-07-31 17:05:36,353 ERROR [io.api.reg.uti.tes.TestUtils] (main) Test:  testFindLatestSpecificProtobufType
2025-07-31 17:05:36,353 ERROR [io.api.reg.uti.tes.TestUtils] (main) ID:    [engine:junit-jupiter]/[class:io.apicurio.tests.serdes.apicurio.ProtobufSerdeIT]/[method:testFindLatestSpecificProtobufType()]
2025-07-31 17:05:36,353 ERROR [io.api.reg.uti.tes.TestUtils] (main) Error: RuleViolationProblemDetails - null
2025-07-31 17:05:36,353 ERROR [io.api.reg.uti.tes.TestUtils] (main) Rule Violation Problem Details
2025-07-31 17:05:36,378 WARNING [org.jun.jup.eng.des.MethodBasedTestDescriptor] (main) Failed to invoke TestWatcher [io.apicurio.tests.ApicurioRegistryBaseIT$RegistryApiErrorWatcher] for method [io.apicurio.tests.serdes.apicurio.ProtobufSerdeIT#testFindLatestSpecificProtobufType()] with display name [testFindLatestSpecificProtobufType]: java.lang.StackOverflowError
	at io.apicurio.tests.ApicurioRegistryBaseIT$RegistryApiErrorWatcher.logProblemDetails(ApicurioRegistryBaseIT.java:154)
	at io.apicurio.tests.ApicurioRegistryBaseIT$RegistryApiErrorWatcher.logProblemDetails(ApicurioRegistryBaseIT.java:154)
	at io.apicurio.tests.ApicurioRegistryBaseIT$RegistryApiErrorWatcher.logProblemDetails(ApicurioRegistryBaseIT.java:154)
	at io.apicurio.tests.ApicurioRegistryBaseIT$RegistryApiErrorWatcher.logProblemDetails(ApicurioRegistryBaseIT.java:154)
	at io.apicurio.tests.ApicurioRegistryBaseIT$RegistryApiErrorWatcher.logProblemDetails(ApicurioRegistryBaseIT.java:154)
	at io.apicurio.tests.ApicurioRegistryBaseIT$RegistryApiErrorWatcher.logProblemDetails(ApicurioRegistryBaseIT.java:154)
	at io.apicurio.tests.ApicurioRegistryBaseIT$RegistryApiErrorWatcher.logProblemDetails(ApicurioRegistryBaseIT.java:154)
	at io.apicurio.tests.ApicurioRegistryBaseIT$RegistryApiErrorWatcher.logProblemDetails(ApicurioRegistryBaseIT.java:154)
	at io.apicurio.tests.ApicurioRegistryBaseIT$RegistryApiErrorWatcher.logProblemDetails(ApicurioRegistryBaseIT.java:154)
	at io.apicurio.tests.ApicurioRegistryBaseIT$RegistryApiErrorWatcher.logProblemDetails(ApicurioRegistryBaseIT.java:154)
	at io.apicurio.tests.ApicurioRegistryBaseIT$RegistryApiErrorWatcher.logProblemDetails(ApicurioRegistryBaseIT.java:154)
	at io.apicurio.tests.ApicurioRegistryBaseIT$RegistryApiErrorWatcher.logProblemDetails(ApicurioRegistryBaseIT.java:154)
	at io.apicurio.tests.ApicurioRegistryBaseIT$RegistryApiErrorWatcher.logProblemDetails(ApicurioRegistryBaseIT.java:154)
	at io.apicurio.tests.ApicurioRegistryBaseIT$RegistryApiErrorWatcher.logProblemDetails(ApicurioRegistryBaseIT.java:154)
	at io.apicurio.tests.ApicurioRegistryBaseIT$RegistryApiErrorWatcher.logProblemDetails(ApicurioRegistryBaseIT.java:154)
	at io.apicurio.tests.ApicurioRegistryBaseIT$RegistryApiErrorWatcher.logProblemDetails(ApicurioRegistryBaseIT.java:154)
	at io.apicurio.tests.ApicurioRegistryBaseIT$RegistryApiErrorWatcher.logProblemDetails(ApicurioRegistryBaseIT.java:154)
	at io.apicurio.tests.ApicurioRegistryBaseIT$RegistryApiErrorWatcher.logProblemDetails(ApicurioRegistryBaseIT.java:154)
	at io.apicurio.tests.ApicurioRegistryBaseIT$RegistryApiErrorWatcher.logProblemDetails(ApicurioRegistryBaseIT.java:154)
	at io.apicurio.tests.ApicurioRegistryBaseIT$RegistryApiErrorWatcher.logProblemDetails(ApicurioRegistryBaseIT.java:154)
	at io.apicurio.tests.ApicurioRegistryBaseIT$RegistryApiErrorWatcher.logProblemDetails(ApicurioRegistryBaseIT.java:154)
	at io.apicurio.tests.ApicurioRegistryBaseIT$RegistryApiErrorWatcher.logProblemDetails(ApicurioRegistryBaseIT.java:154)
	at io.apicurio.tests.ApicurioRegistryBaseIT$RegistryApiErrorWatcher.logProblemDetails(ApicurioRegistryBaseIT.java:154)
	at io.apicurio.tests.ApicurioRegistryBaseIT$RegistryApiErrorWatcher.logProblemDetails(ApicurioRegistryBaseIT.java:154)
	at io.apicurio.tests.ApicurioRegistryBaseIT$RegistryApiErrorWatcher.logProblemDetails(ApicurioRegistryBaseIT.java:154)
	at io.apicurio.tests.ApicurioRegistryBaseIT$RegistryApiErrorWatcher.logProblemDetails(ApicurioRegistryBaseIT.java:154)
	at io.apicurio.tests.ApicurioRegistryBaseIT$RegistryApiErrorWatcher.logProblemDetails(ApicurioRegistryBaseIT.java:154)
	at io.apicurio.tests.ApicurioRegistryBaseIT$RegistryApiErrorWatcher.logProblemDetails(ApicurioRegistryBaseIT.java:154)
	at io.apicurio.tests.ApicurioRegistryBaseIT$RegistryApiErrorWatcher.logProblemDetails(ApicurioRegistryBaseIT.java:154)
	at io.apicurio.tests.ApicurioRegistryBaseIT$RegistryApiErrorWatcher.logProblemDetails(ApicurioRegistryBaseIT.java:154)
	at io.apicurio.tests.ApicurioRegistryBaseIT$RegistryApiErrorWatcher.logProblemDetails(ApicurioRegistryBaseIT.java:154)
	at io.apicurio.tests.ApicurioRegistryBaseIT$RegistryApiErrorWatcher.logProblemDetails(ApicurioRegistryBaseIT.java:154)
	at io.apicurio.tests.ApicurioRegistryBaseIT$RegistryApiErrorWatcher.logProblemDetails(ApicurioRegistryBaseIT.java:154)
	at io.apicurio.tests.ApicurioRegistryBaseIT$RegistryApiErrorWatcher.logProblemDetails(ApicurioRegistryBaseIT.java:154)
	at io.apicurio.tests.ApicurioRegistryBaseIT$RegistryApiErrorWatcher.logProblemDetails(ApicurioRegistryBaseIT.java:154)
	at io.apicurio.tests.ApicurioRegistryBaseIT$RegistryApiErrorWatcher.logProblemDetails(ApicurioRegistryBaseIT.java:154)
	at io.apicurio.tests.ApicurioRegistryBaseIT$RegistryApiErrorWatcher.logProblemDetails(ApicurioRegistryBaseIT.java:154)
	at io.apicurio.tests.ApicurioRegistryBaseIT$RegistryApiErrorWatcher.logProblemDetails(ApicurioRegistryBaseIT.java:154)
	at io.apicurio.tests.ApicurioRegistryBaseIT$RegistryApiErrorWatcher.logProblemDetails(ApicurioRegistryBaseIT.java:154)
	at io.apicurio.tests.ApicurioRegistryBaseIT$RegistryApiErrorWatcher.logProblemDetails(ApicurioRegistryBaseIT.java:154)
	at io.apicurio.tests.ApicurioRegistryBaseIT$RegistryApiErrorWatcher.logProblemDetails(ApicurioRegistryBaseIT.java:154)
	at io.apicurio.tests.ApicurioRegistryBaseIT$RegistryApiErrorWatcher.logProblemDetails(ApicurioRegistryBaseIT.java:154)
	at io.apicurio.tests.ApicurioRegistryBaseIT$RegistryApiErrorWatcher.logProblemDetails(ApicurioRegistryBaseIT.java:154)
	at io.apicurio.tests.ApicurioRegistryBaseIT$RegistryApiErrorWatcher.logProblemDetails(ApicurioRegistryBaseIT.java:154)
	at io.apicurio.tests.ApicurioRegistryBaseIT$RegistryApiErrorWatcher.logProblemDetails(ApicurioRegistryBaseIT.java:154)
	at io.apicurio.tests.ApicurioRegistryBaseIT$RegistryApiErrorWatcher.logProblemDetails(ApicurioRegistryBaseIT.java:154)
	at io.apicurio.tests.ApicurioRegistryBaseIT$RegistryApiErrorWatcher.logProblemDetails(ApicurioRegistryBaseIT.java:154)
	at io.apicurio.tests.ApicurioRegistryBaseIT$RegistryApiErrorWatcher.logProblemDetails(ApicurioRegistryBaseIT.java:154)
	at io.apicurio.tests.ApicurioRegistryBaseIT$RegistryApiErrorWatcher.logProblemDetails(ApicurioRegistryBaseIT.java:154)
	at io.apicurio.tests.ApicurioRegistryBaseIT$RegistryApiErrorWatcher.logProblemDetails(ApicurioRegistryBaseIT.java:154)
	at io.apicurio.tests.ApicurioRegistryBaseIT$RegistryApiErrorWatcher.logProblemDetails(ApicurioRegistryBaseIT.java:154)
	at io.apicurio.tests.ApicurioRegistryBaseIT$RegistryApiErrorWatcher.logProblemDetails(ApicurioRegistryBaseIT.java:154)
	at io.apicurio.tests.ApicurioRegistryBaseIT$RegistryApiErrorWatcher.logProblemDetails(ApicurioRegistryBaseIT.java:154)
	at io.apicurio.tests.ApicurioRegistryBaseIT$RegistryApiErrorWatcher.logProblemDetails(ApicurioRegistryBaseIT.java:154)
	at io.apicurio.tests.ApicurioRegistryBaseIT$RegistryApiErrorWatcher.logProblemDetails(ApicurioRegistryBaseIT.java:154)
	at io.apicurio.tests.ApicurioRegistryBaseIT$RegistryApiErrorWatcher.logProblemDetails(ApicurioRegistryBaseIT.java:154)
	at io.apicurio.tests.ApicurioRegistryBaseIT$RegistryApiErrorWatcher.logProblemDetails(ApicurioRegistryBaseIT.java:154)
	at io.apicurio.tests.ApicurioRegistryBaseIT$RegistryApiErrorWatcher.logProblemDetails(ApicurioRegistryBaseIT.java:154)
	at io.apicurio.tests.ApicurioRegistryBaseIT$RegistryApiErrorWatcher.logProblemDetails(ApicurioRegistryBaseIT.java:154)
	at io.apicurio.tests.ApicurioRegistryBaseIT$RegistryApiErrorWatcher.logProblemDetails(ApicurioRegistryBaseIT.java:154)
	at io.apicurio.tests.ApicurioRegistryBaseIT$RegistryApiErrorWatcher.logProblemDetails(ApicurioRegistryBaseIT.java:154)
	at io.apicurio.tests.ApicurioRegistryBaseIT$RegistryApiErrorWatcher.logProblemDetails(ApicurioRegistryBaseIT.java:154)
	at io.apicurio.tests.ApicurioRegistryBaseIT$RegistryApiErrorWatcher.logProblemDetails(ApicurioRegistryBaseIT.java:154)
	at io.apicurio.tests.ApicurioRegistryBaseIT$RegistryApiErrorWatcher.logProblemDetails(ApicurioRegistryBaseIT.java:154)
	at io.apicurio.tests.ApicurioRegistryBaseIT$RegistryApiErrorWatcher.logProblemDetails(ApicurioRegistryBaseIT.java:154)
	at io.apicurio.tests.ApicurioRegistryBaseIT$RegistryApiErrorWatcher.logProblemDetails(ApicurioRegistryBaseIT.java:154)
	at io.apicurio.tests.ApicurioRegistryBaseIT$RegistryApiErrorWatcher.logProblemDetails(ApicurioRegistryBaseIT.java:154)
	at io.apicurio.tests.ApicurioRegistryBaseIT$RegistryApiErrorWatcher.logProblemDetails(ApicurioRegistryBaseIT.java:154)
	at io.apicurio.tests.ApicurioRegistryBaseIT$RegistryApiErrorWatcher.logProblemDetails(ApicurioRegistryBaseIT.java:154)
	at io.apicurio.tests.ApicurioRegistryBaseIT$RegistryApiErrorWatcher.logProblemDetails(ApicurioRegistryBaseIT.java:154)
	at io.apicurio.tests.ApicurioRegistryBaseIT$RegistryApiErrorWatcher.logProblemDetails(ApicurioRegistryBaseIT.java:154)
	at io.apicurio.tests.ApicurioRegistryBaseIT$RegistryApiErrorWatcher.logProblemDetails(ApicurioRegistryBaseIT.java:154)
	at io.apicurio.tests.ApicurioRegistryBaseIT$RegistryApiErrorWatcher.logProblemDetails(ApicurioRegistryBaseIT.java:154)
	at io.apicurio.tests.ApicurioRegistryBaseIT$RegistryApiErrorWatcher.logProblemDetails(ApicurioRegistryBaseIT.java:154)
	at io.apicurio.tests.ApicurioRegistryBaseIT$RegistryApiErrorWatcher.logProblemDetails(ApicurioRegistryBaseIT.java:154)
	at io.apicurio.tests.ApicurioRegistryBaseIT$RegistryApiErrorWatcher.logProblemDetails(ApicurioRegistryBaseIT.java:154)
	at io.apicurio.tests.ApicurioRegistryBaseIT$RegistryApiErrorWatcher.logProblemDetails(ApicurioRegistryBaseIT.java:154)
	at io.apicurio.tests.ApicurioRegistryBaseIT$RegistryApiErrorWatcher.logProblemDetails(ApicurioRegistryBaseIT.java:154)
	at io.apicurio.tests.ApicurioRegistryBaseIT$RegistryApiErrorWatcher.logProblemDetails(ApicurioRegistryBaseIT.java:154)
	at io.apicurio.tests.ApicurioRegistryBaseIT$RegistryApiErrorWatcher.logProblemDetails(ApicurioRegistryBaseIT.java:154)
	at io.apicurio.tests.ApicurioRegistryBaseIT$RegistryApiErrorWatcher.logProblemDetails(ApicurioRegistryBaseIT.java:154)
	at io.apicurio.tests.ApicurioRegistryBaseIT$RegistryApiErrorWatcher.logProblemDetails(ApicurioRegistryBaseIT.java:154)
	at io.apicurio.tests.ApicurioRegistryBaseIT$RegistryApiErrorWatcher.logProblemDetails(ApicurioRegistryBaseIT.java:154)
	at io.apicurio.tests.ApicurioRegistryBaseIT$RegistryApiErrorWatcher.logProblemDetails(ApicurioRegistryBaseIT.java:154)
	at io.apicurio.tests.ApicurioRegistryBaseIT$RegistryApiErrorWatcher.logProblemDetails(ApicurioRegistryBaseIT.java:154)
	at io.apicurio.tests.ApicurioRegistryBaseIT$RegistryApiErrorWatcher.logProblemDetails(ApicurioRegistryBaseIT.java:154)
	at io.apicurio.tests.ApicurioRegistryBaseIT$RegistryApiErrorWatcher.logProblemDetails(ApicurioRegistryBaseIT.java:154)
	at io.apicurio.tests.ApicurioRegistryBaseIT$RegistryApiErrorWatcher.logProblemDetails(ApicurioRegistryBaseIT.java:154)
	at io.apicurio.tests.ApicurioRegistryBaseIT$RegistryApiErrorWatcher.logProblemDetails(ApicurioRegistryBaseIT.java:154)
	at io.apicurio.tests.ApicurioRegistryBaseIT$RegistryApiErrorWatcher.logProblemDetails(ApicurioRegistryBaseIT.java:154)
	at io.apicurio.tests.ApicurioRegistryBaseIT$RegistryApiErrorWatcher.logProblemDetails(ApicurioRegistryBaseIT.java:154)
	at io.apicurio.tests.ApicurioRegistryBaseIT$RegistryApiErrorWatcher.logProblemDetails(ApicurioRegistryBaseIT.java:154)
	at io.apicurio.tests.ApicurioRegistryBaseIT$RegistryApiErrorWatcher.logProblemDetails(ApicurioRegistryBaseIT.java:154)
	at io.apicurio.tests.ApicurioRegistryBaseIT$RegistryApiErrorWatcher.logProblemDetails(ApicurioRegistryBaseIT.java:154)
	at io.apicurio.tests.ApicurioRegistryBaseIT$RegistryApiErrorWatcher.logProblemDetails(ApicurioRegistryBaseIT.java:154)
	at io.apicurio.tests.ApicurioRegistryBaseIT$RegistryApiErrorWatcher.logProblemDetails(ApicurioRegistryBaseIT.java:154)
	at io.apicurio.tests.ApicurioRegistryBaseIT$RegistryApiErrorWatcher.logProblemDetails(ApicurioRegistryBaseIT.java:154)
	at io.apicurio.tests.ApicurioRegistryBaseIT$RegistryApiErrorWatcher.logProblemDetails(ApicurioRegistryBaseIT.java:154)
	at io.apicurio.tests.ApicurioRegistryBaseIT$RegistryApiErrorWatcher.logProblemDetails(ApicurioRegistryBaseIT.java:154)
	at io.apicurio.tests.ApicurioRegistryBaseIT$RegistryApiErrorWatcher.logProblemDetails(ApicurioRegistryBaseIT.java:154)
	at io.apicurio.tests.ApicurioRegistryBaseIT$RegistryApiErrorWatcher.logProblemDetails(ApicurioRegistryBaseIT.java:154)
	at io.apicurio.tests.ApicurioRegistryBaseIT$RegistryApiErrorWatcher.logProblemDetails(ApicurioRegistryBaseIT.java:154)
	at io.apicurio.tests.ApicurioRegistryBaseIT$RegistryApiErrorWatcher.logProblemDetails(ApicurioRegistryBaseIT.java:154)
	at io.apicurio.tests.ApicurioRegistryBaseIT$RegistryApiErrorWatcher.logProblemDetails(ApicurioRegistryBaseIT.java:154)
	at io.apicurio.tests.ApicurioRegistryBaseIT$RegistryApiErrorWatcher.logProblemDetails(ApicurioRegistryBaseIT.java:154)
	at io.apicurio.tests.ApicurioRegistryBaseIT$RegistryApiErrorWatcher.logProblemDetails(ApicurioRegistryBaseIT.java:154)
	at io.apicurio.tests.ApicurioRegistryBaseIT$RegistryApiErrorWatcher.logProblemDetails(ApicurioRegistryBaseIT.java:154)
	at io.apicurio.tests.ApicurioRegistryBaseIT$RegistryApiErrorWatcher.logProblemDetails(ApicurioRegistryBaseIT.java:154)
	at io.apicurio.tests.ApicurioRegistryBaseIT$RegistryApiErrorWatcher.logProblemDetails(ApicurioRegistryBaseIT.java:154)
	at io.apicurio.tests.ApicurioRegistryBaseIT$RegistryApiErrorWatcher.logProblemDetails(ApicurioRegistryBaseIT.java:154)
	at io.apicurio.tests.ApicurioRegistryBaseIT$RegistryApiErrorWatcher.logProblemDetails(ApicurioRegistryBaseIT.java:154)
	at io.apicurio.tests.ApicurioRegistryBaseIT$RegistryApiErrorWatcher.logProblemDetails(ApicurioRegistryBaseIT.java:154)
	at io.apicurio.tests.ApicurioRegistryBaseIT$RegistryApiErrorWatcher.logProblemDetails(ApicurioRegistryBaseIT.java:154)
	at io.apicurio.tests.ApicurioRegistryBaseIT$RegistryApiErrorWatcher.logProblemDetails(ApicurioRegistryBaseIT.java:154)
	at io.apicurio.tests.ApicurioRegistryBaseIT$RegistryApiErrorWatcher.logProblemDetails(ApicurioRegistryBaseIT.java:154)
	at io.apicurio.tests.ApicurioRegistryBaseIT$RegistryApiErrorWatcher.logProblemDetails(ApicurioRegistryBaseIT.java:154)
	at io.apicurio.tests.ApicurioRegistryBaseIT$RegistryApiErrorWatcher.logProblemDetails(ApicurioRegistryBaseIT.java:154)
	at io.apicurio.tests.ApicurioRegistryBaseIT$RegistryApiErrorWatcher.logProblemDetails(ApicurioRegistryBaseIT.java:154)
	at io.apicurio.tests.ApicurioRegistryBaseIT$RegistryApiErrorWatcher.logProblemDetails(ApicurioRegistryBaseIT.java:154)
	at io.apicurio.tests.ApicurioRegistryBaseIT$RegistryApiErrorWatcher.logProblemDetails(ApicurioRegistryBaseIT.java:154)
	at io.apicurio.tests.ApicurioRegistryBaseIT$RegistryApiErrorWatcher.logProblemDetails(ApicurioRegistryBaseIT.java:154)
	at io.apicurio.tests.ApicurioRegistryBaseIT$RegistryApiErrorWatcher.logProblemDetails(ApicurioRegistryBaseIT.java:154)
	at io.apicurio.tests.ApicurioRegistryBaseIT$RegistryApiErrorWatcher.logProblemDetails(ApicurioRegistryBaseIT.java:154)
	at io.apicurio.tests.ApicurioRegistryBaseIT$RegistryApiErrorWatcher.logProblemDetails(ApicurioRegistryBaseIT.java:154)
	at io.apicurio.tests.ApicurioRegistryBaseIT$RegistryApiErrorWatcher.logProblemDetails(ApicurioRegistryBaseIT.java:154)
	at io.apicurio.tests.ApicurioRegistryBaseIT$RegistryApiErrorWatcher.logProblemDetails(ApicurioRegistryBaseIT.java:154)
	at io.apicurio.tests.ApicurioRegistryBaseIT$RegistryApiErrorWatcher.logProblemDetails(ApicurioRegistryBaseIT.java:154)
	at io.apicurio.tests.ApicurioRegistryBaseIT$RegistryApiErrorWatcher.logProblemDetails(ApicurioRegistryBaseIT.java:154)
	at io.apicurio.tests.ApicurioRegistryBaseIT$RegistryApiErrorWatcher.logProblemDetails(ApicurioRegistryBaseIT.java:154)
	at io.apicurio.tests.ApicurioRegistryBaseIT$RegistryApiErrorWatcher.logProblemDetails(ApicurioRegistryBaseIT.java:154)
	at io.apicurio.tests.ApicurioRegistryBaseIT$RegistryApiErrorWatcher.logProblemDetails(ApicurioRegistryBaseIT.java:154)
	at io.apicurio.tests.ApicurioRegistryBaseIT$RegistryApiErrorWatcher.logProblemDetails(ApicurioRegistryBaseIT.java:154)
	at io.apicurio.tests.ApicurioRegistryBaseIT$RegistryApiErrorWatcher.logProblemDetails(ApicurioRegistryBaseIT.java:154)
	at io.apicurio.tests.ApicurioRegistryBaseIT$RegistryApiErrorWatcher.logProblemDetails(ApicurioRegistryBaseIT.java:154)
	at io.apicurio.tests.ApicurioRegistryBaseIT$RegistryApiErrorWatcher.logProblemDetails(ApicurioRegistryBaseIT.java:154)
	at io.apicurio.tests.ApicurioRegistryBaseIT$RegistryApiErrorWatcher.logProblemDetails(ApicurioRegistryBaseIT.java:154)
	at io.apicurio.tests.ApicurioRegistryBaseIT$RegistryApiErrorWatcher.logProblemDetails(ApicurioRegistryBaseIT.java:154)
	at io.apicurio.tests.ApicurioRegistryBaseIT$RegistryApiErrorWatcher.logProblemDetails(ApicurioRegistryBaseIT.java:154)
	at io.apicurio.tests.ApicurioRegistryBaseIT$RegistryApiErrorWatcher.logProblemDetails(ApicurioRegistryBaseIT.java:154)
	at io.apicurio.tests.ApicurioRegistryBaseIT$RegistryApiErrorWatcher.logProblemDetails(ApicurioRegistryBaseIT.java:154)
	at io.apicurio.tests.ApicurioRegistryBaseIT$RegistryApiErrorWatcher.logProblemDetails(ApicurioRegistryBaseIT.java:154)
	at io.apicurio.tests.ApicurioRegistryBaseIT$RegistryApiErrorWatcher.logProblemDetails(ApicurioRegistryBaseIT.java:154)
	at io.apicurio.tests.ApicurioRegistryBaseIT$RegistryApiErrorWatcher.logProblemDetails(ApicurioRegistryBaseIT.java:154)
	at io.apicurio.tests.ApicurioRegistryBaseIT$RegistryApiErrorWatcher.logProblemDetails(ApicurioRegistryBaseIT.java:154)
	at io.apicurio.tests.ApicurioRegistryBaseIT$RegistryApiErrorWatcher.logProblemDetails(ApicurioRegistryBaseIT.java:154)
	at io.apicurio.tests.ApicurioRegistryBaseIT$RegistryApiErrorWatcher.logProblemDetails(ApicurioRegistryBaseIT.java:154)
	at io.apicurio.tests.ApicurioRegistryBaseIT$RegistryApiErrorWatcher.logProblemDetails(ApicurioRegistryBaseIT.java:154)
	at io.apicurio.tests.ApicurioRegistryBaseIT$RegistryApiErrorWatcher.logProblemDetails(ApicurioRegistryBaseIT.java:154)
	at io.apicurio.tests.ApicurioRegistryBaseIT$RegistryApiErrorWatcher.logProblemDetails(ApicurioRegistryBaseIT.java:154)
	at io.apicurio.tests.ApicurioRegistryBaseIT$RegistryApiErrorWatcher.logProblemDetails(ApicurioRegistryBaseIT.java:154)
	at io.apicurio.tests.ApicurioRegistryBaseIT$RegistryApiErrorWatcher.logProblemDetails(ApicurioRegistryBaseIT.java:154)
	at io.apicurio.tests.ApicurioRegistryBaseIT$RegistryApiErrorWatcher.logProblemDetails(ApicurioRegistryBaseIT.java:154)
	at io.apicurio.tests.ApicurioRegistryBaseIT$RegistryApiErrorWatcher.logProblemDetails(ApicurioRegistryBaseIT.java:154)
	at io.apicurio.tests.ApicurioRegistryBaseIT$RegistryApiErrorWatcher.logProblemDetails(ApicurioRegistryBaseIT.java:154)
	at io.apicurio.tests.ApicurioRegistryBaseIT$RegistryApiErrorWatcher.logProblemDetails(ApicurioRegistryBaseIT.java:154)
	at io.apicurio.tests.ApicurioRegistryBaseIT$RegistryApiErrorWatcher.logProblemDetails(ApicurioRegistryBaseIT.java:154)
	at io.apicurio.tests.ApicurioRegistryBaseIT$RegistryApiErrorWatcher.logProblemDetails(ApicurioRegistryBaseIT.java:154)
	at io.apicurio.tests.ApicurioRegistryBaseIT$RegistryApiErrorWatcher.logProblemDetails(ApicurioRegistryBaseIT.java:154)
	at io.apicurio.tests.ApicurioRegistryBaseIT$RegistryApiErrorWatcher.logProblemDetails(ApicurioRegistryBaseIT.java:154)
	at io.apicurio.tests.ApicurioRegistryBaseIT$RegistryApiErrorWatcher.logProblemDetails(ApicurioRegistryBaseIT.java:154)
	at io.apicurio.tests.ApicurioRegistryBaseIT$RegistryApiErrorWatcher.logProblemDetails(ApicurioRegistryBaseIT.java:154)
	at io.apicurio.tests.ApicurioRegistryBaseIT$RegistryApiErrorWatcher.logProblemDetails(ApicurioRegistryBaseIT.java:154)
	at io.apicurio.tests.ApicurioRegistryBaseIT$RegistryApiErrorWatcher.logProblemDetails(ApicurioRegistryBaseIT.java:154)
	at io.apicurio.tests.ApicurioRegistryBaseIT$RegistryApiErrorWatcher.logProblemDetails(ApicurioRegistryBaseIT.java:154)
	at io.apicurio.tests.ApicurioRegistryBaseIT$RegistryApiErrorWatcher.logProblemDetails(ApicurioRegistryBaseIT.java:154)
	at io.apicurio.tests.ApicurioRegistryBaseIT$RegistryApiErrorWatcher.logProblemDetails(ApicurioRegistryBaseIT.java:154)
	at io.apicurio.tests.ApicurioRegistryBaseIT$RegistryApiErrorWatcher.logProblemDetails(ApicurioRegistryBaseIT.java:154)
	at io.apicurio.tests.ApicurioRegistryBaseIT$RegistryApiErrorWatcher.logProblemDetails(ApicurioRegistryBaseIT.java:154)
	at io.apicurio.tests.ApicurioRegistryBaseIT$RegistryApiErrorWatcher.logProblemDetails(ApicurioRegistryBaseIT.java:154)
	at io.apicurio.tests.ApicurioRegistryBaseIT$RegistryApiErrorWatcher.logProblemDetails(ApicurioRegistryBaseIT.java:154)
	at io.apicurio.tests.ApicurioRegistryBaseIT$RegistryApiErrorWatcher.logProblemDetails(ApicurioRegistryBaseIT.java:154)
	at io.apicurio.tests.ApicurioRegistryBaseIT$RegistryApiErrorWatcher.logProblemDetails(ApicurioRegistryBaseIT.java:154)
	at io.apicurio.tests.ApicurioRegistryBaseIT$RegistryApiErrorWatcher.logProblemDetails(ApicurioRegistryBaseIT.java:154)
	at io.apicurio.tests.ApicurioRegistryBaseIT$RegistryApiErrorWatcher.logProblemDetails(ApicurioRegistryBaseIT.java:154)
	at io.apicurio.tests.ApicurioRegistryBaseIT$RegistryApiErrorWatcher.logProblemDetails(ApicurioRegistryBaseIT.java:154)
	at io.apicurio.tests.ApicurioRegistryBaseIT$RegistryApiErrorWatcher.logProblemDetails(ApicurioRegistryBaseIT.java:154)
	at io.apicurio.tests.ApicurioRegistryBaseIT$RegistryApiErrorWatcher.logProblemDetails(ApicurioRegistryBaseIT.java:154)
	at io.apicurio.tests.ApicurioRegistryBaseIT$RegistryApiErrorWatcher.logProblemDetails(ApicurioRegistryBaseIT.java:154)
	at io.apicurio.tests.ApicurioRegistryBaseIT$RegistryApiErrorWatcher.logProblemDetails(ApicurioRegistryBaseIT.java:154)
	at io.apicurio.tests.ApicurioRegistryBaseIT$RegistryApiErrorWatcher.logProblemDetails(ApicurioRegistryBaseIT.java:154)
	at io.apicurio.tests.ApicurioRegistryBaseIT$RegistryApiErrorWatcher.logProblemDetails(ApicurioRegistryBaseIT.java:154)
	at io.apicurio.tests.ApicurioRegistryBaseIT$RegistryApiErrorWatcher.logProblemDetails(ApicurioRegistryBaseIT.java:154)
	at io.apicurio.tests.ApicurioRegistryBaseIT$RegistryApiErrorWatcher.logProblemDetails(ApicurioRegistryBaseIT.java:154)
	at io.apicurio.tests.ApicurioRegistryBaseIT$RegistryApiErrorWatcher.logProblemDetails(ApicurioRegistryBaseIT.java:154)
	at io.apicurio.tests.ApicurioRegistryBaseIT$RegistryApiErrorWatcher.logProblemDetails(ApicurioRegistryBaseIT.java:154)
	at io.apicurio.tests.ApicurioRegistryBaseIT$RegistryApiErrorWatcher.logProblemDetails(ApicurioRegistryBaseIT.java:154)
	at io.apicurio.tests.ApicurioRegistryBaseIT$RegistryApiErrorWatcher.logProblemDetails(ApicurioRegistryBaseIT.java:154)
	at io.apicurio.tests.ApicurioRegistryBaseIT$RegistryApiErrorWatcher.logProblemDetails(ApicurioRegistryBaseIT.java:154)
	at io.apicurio.tests.ApicurioRegistryBaseIT$RegistryApiErrorWatcher.logProblemDetails(ApicurioRegistryBaseIT.java:154)
	at io.apicurio.tests.ApicurioRegistryBaseIT$RegistryApiErrorWatcher.logProblemDetails(ApicurioRegistryBaseIT.java:154)
	at io.apicurio.tests.ApicurioRegistryBaseIT$RegistryApiErrorWatcher.logProblemDetails(ApicurioRegistryBaseIT.java:154)
	at io.apicurio.tests.ApicurioRegistryBaseIT$RegistryApiErrorWatcher.logProblemDetails(ApicurioRegistryBaseIT.java:154)
	at io.apicurio.tests.ApicurioRegistryBaseIT$RegistryApiErrorWatcher.logProblemDetails(ApicurioRegistryBaseIT.java:154)
	at io.apicurio.tests.ApicurioRegistryBaseIT$RegistryApiErrorWatcher.logProblemDetails(ApicurioRegistryBaseIT.java:154)
	at io.apicurio.tests.ApicurioRegistryBaseIT$RegistryApiErrorWatcher.logProblemDetails(ApicurioRegistryBaseIT.java:154)
	at io.apicurio.tests.ApicurioRegistryBaseIT$RegistryApiErrorWatcher.logProblemDetails(ApicurioRegistryBaseIT.java:154)
	at io.apicurio.tests.ApicurioRegistryBaseIT$RegistryApiErrorWatcher.logProblemDetails(ApicurioRegistryBaseIT.java:154)
	at io.apicurio.tests.ApicurioRegistryBaseIT$RegistryApiErrorWatcher.logProblemDetails(ApicurioRegistryBaseIT.java:154)
	at io.apicurio.tests.ApicurioRegistryBaseIT$RegistryApiErrorWatcher.logProblemDetails(ApicurioRegistryBaseIT.java:154)
	at io.apicurio.tests.ApicurioRegistryBaseIT$RegistryApiErrorWatcher.logProblemDetails(ApicurioRegistryBaseIT.java:154)
	at io.apicurio.tests.ApicurioRegistryBaseIT$RegistryApiErrorWatcher.logProblemDetails(ApicurioRegistryBaseIT.java:154)
	at io.apicurio.tests.ApicurioRegistryBaseIT$RegistryApiErrorWatcher.logProblemDetails(ApicurioRegistryBaseIT.java:154)
	at io.apicurio.tests.ApicurioRegistryBaseIT$RegistryApiErrorWatcher.logProblemDetails(ApicurioRegistryBaseIT.java:154)
	at io.apicurio.tests.ApicurioRegistryBaseIT$RegistryApiErrorWatcher.logProblemDetails(ApicurioRegistryBaseIT.java:154)
	at io.apicurio.tests.ApicurioRegistryBaseIT$RegistryApiErrorWatcher.logProblemDetails(ApicurioRegistryBaseIT.java:154)
	at io.apicurio.tests.ApicurioRegistryBaseIT$RegistryApiErrorWatcher.logProblemDetails(ApicurioRegistryBaseIT.java:154)
	at io.apicurio.tests.ApicurioRegistryBaseIT$RegistryApiErrorWatcher.logProblemDetails(ApicurioRegistryBaseIT.java:154)
	at io.apicurio.tests.ApicurioRegistryBaseIT$RegistryApiErrorWatcher.logProblemDetails(ApicurioRegistryBaseIT.java:154)
	at io.apicurio.tests.ApicurioRegistryBaseIT$RegistryApiErrorWatcher.logProblemDetails(ApicurioRegistryBaseIT.java:154)
	at io.apicurio.tests.ApicurioRegistryBaseIT$RegistryApiErrorWatcher.logProblemDetails(ApicurioRegistryBaseIT.java:154)
	at io.apicurio.tests.ApicurioRegistryBaseIT$RegistryApiErrorWatcher.logProblemDetails(ApicurioRegistryBaseIT.java:154)
	at io.apicurio.tests.ApicurioRegistryBaseIT$RegistryApiErrorWatcher.logProblemDetails(ApicurioRegistryBaseIT.java:154)
	at io.apicurio.tests.ApicurioRegistryBaseIT$RegistryApiErrorWatcher.logProblemDetails(ApicurioRegistryBaseIT.java:154)
	at io.apicurio.tests.ApicurioRegistryBaseIT$RegistryApiErrorWatcher.logProblemDetails(ApicurioRegistryBaseIT.java:154)
	at io.apicurio.tests.ApicurioRegistryBaseIT$RegistryApiErrorWatcher.logProblemDetails(ApicurioRegistryBaseIT.java:154)
	at io.apicurio.tests.ApicurioRegistryBaseIT$RegistryApiErrorWatcher.logProblemDetails(ApicurioRegistryBaseIT.java:154)
	at io.apicurio.tests.ApicurioRegistryBaseIT$RegistryApiErrorWatcher.logProblemDetails(ApicurioRegistryBaseIT.java:154)
	at io.apicurio.tests.ApicurioRegistryBaseIT$RegistryApiErrorWatcher.logProblemDetails(ApicurioRegistryBaseIT.java:154)
	at io.apicurio.tests.ApicurioRegistryBaseIT$RegistryApiErrorWatcher.logProblemDetails(ApicurioRegistryBaseIT.java:154)
	at io.apicurio.tests.ApicurioRegistryBaseIT$RegistryApiErrorWatcher.logProblemDetails(ApicurioRegistryBaseIT.java:154)
	at io.apicurio.tests.ApicurioRegistryBaseIT$RegistryApiErrorWatcher.logProblemDetails(ApicurioRegistryBaseIT.java:154)
	at io.apicurio.tests.ApicurioRegistryBaseIT$RegistryApiErrorWatcher.logProblemDetails(ApicurioRegistryBaseIT.java:154)
	at io.apicurio.tests.ApicurioRegistryBaseIT$RegistryApiErrorWatcher.logProblemDetails(ApicurioRegistryBaseIT.java:154)
	at io.apicurio.tests.ApicurioRegistryBaseIT$RegistryApiErrorWatcher.logProblemDetails(ApicurioRegistryBaseIT.java:154)
	at io.apicurio.tests.ApicurioRegistryBaseIT$RegistryApiErrorWatcher.logProblemDetails(ApicurioRegistryBaseIT.java:154)
	at io.apicurio.tests.ApicurioRegistryBaseIT$RegistryApiErrorWatcher.logProblemDetails(ApicurioRegistryBaseIT.java:154)
	at io.apicurio.tests.ApicurioRegistryBaseIT$RegistryApiErrorWatcher.logProblemDetails(ApicurioRegistryBaseIT.java:154)
	at io.apicurio.tests.ApicurioRegistryBaseIT$RegistryApiErrorWatcher.logProblemDetails(ApicurioRegistryBaseIT.java:154)
	at io.apicurio.tests.ApicurioRegistryBaseIT$RegistryApiErrorWatcher.logProblemDetails(ApicurioRegistryBaseIT.java:154)
	at io.apicurio.tests.ApicurioRegistryBaseIT$RegistryApiErrorWatcher.logProblemDetails(ApicurioRegistryBaseIT.java:154)
	at io.apicurio.tests.ApicurioRegistryBaseIT$RegistryApiErrorWatcher.logProblemDetails(ApicurioRegistryBaseIT.java:154)
	at io.apicurio.tests.ApicurioRegistryBaseIT$RegistryApiErrorWatcher.logProblemDetails(ApicurioRegistryBaseIT.java:154)
	at io.apicurio.tests.ApicurioRegistryBaseIT$RegistryApiErrorWatcher.logProblemDetails(ApicurioRegistryBaseIT.java:154)
	at io.apicurio.tests.ApicurioRegistryBaseIT$RegistryApiErrorWatcher.logProblemDetails(ApicurioRegistryBaseIT.java:154)
	at io.apicurio.tests.ApicurioRegistryBaseIT$RegistryApiErrorWatcher.logProblemDetails(ApicurioRegistryBaseIT.java:154)
	at io.apicurio.tests.ApicurioRegistryBaseIT$RegistryApiErrorWatcher.logProblemDetails(ApicurioRegistryBaseIT.java:154)
	at io.apicurio.tests.ApicurioRegistryBaseIT$RegistryApiErrorWatcher.logProblemDetails(ApicurioRegistryBaseIT.java:154)
	at io.apicurio.tests.ApicurioRegistryBaseIT$RegistryApiErrorWatcher.logProblemDetails(ApicurioRegistryBaseIT.java:154)
	at io.apicurio.tests.ApicurioRegistryBaseIT$RegistryApiErrorWatcher.logProblemDetails(ApicurioRegistryBaseIT.java:154)
	at io.apicurio.tests.ApicurioRegistryBaseIT$RegistryApiErrorWatcher.logProblemDetails(ApicurioRegistryBaseIT.java:154)
	at io.apicurio.tests.ApicurioRegistryBaseIT$RegistryApiErrorWatcher.logProblemDetails(ApicurioRegistryBaseIT.java:154)
	at io.apicurio.tests.ApicurioRegistryBaseIT$RegistryApiErrorWatcher.logProblemDetails(ApicurioRegistryBaseIT.java:154)
	at io.apicurio.tests.ApicurioRegistryBaseIT$RegistryApiErrorWatcher.logProblemDetails(ApicurioRegistryBaseIT.java:154)
	at io.apicurio.tests.ApicurioRegistryBaseIT$RegistryApiErrorWatcher.logProblemDetails(ApicurioRegistryBaseIT.java:154)
	at io.apicurio.tests.ApicurioRegistryBaseIT$RegistryApiErrorWatcher.logProblemDetails(ApicurioRegistryBaseIT.java:154)
	at io.apicurio.tests.ApicurioRegistryBaseIT$RegistryApiErrorWatcher.logProblemDetails(ApicurioRegistryBaseIT.java:154)
	at io.apicurio.tests.ApicurioRegistryBaseIT$RegistryApiErrorWatcher.logProblemDetails(ApicurioRegistryBaseIT.java:154)
	at io.apicurio.tests.ApicurioRegistryBaseIT$RegistryApiErrorWatcher.logProblemDetails(ApicurioRegistryBaseIT.java:154)
	at io.apicurio.tests.ApicurioRegistryBaseIT$RegistryApiErrorWatcher.logProblemDetails(ApicurioRegistryBaseIT.java:154)
	at io.apicurio.tests.ApicurioRegistryBaseIT$RegistryApiErrorWatcher.logProblemDetails(ApicurioRegistryBaseIT.java:154)
	at io.apicurio.tests.ApicurioRegistryBaseIT$RegistryApiErrorWatcher.logProblemDetails(ApicurioRegistryBaseIT.java:154)
	at io.apicurio.tests.ApicurioRegistryBaseIT$RegistryApiErrorWatcher.logProblemDetails(ApicurioRegistryBaseIT.java:154)
	at io.apicurio.tests.ApicurioRegistryBaseIT$RegistryApiErrorWatcher.logProblemDetails(ApicurioRegistryBaseIT.java:154)
	at io.apicurio.tests.ApicurioRegistryBaseIT$RegistryApiErrorWatcher.logProblemDetails(ApicurioRegistryBaseIT.java:154)
	at io.apicurio.tests.ApicurioRegistryBaseIT$RegistryApiErrorWatcher.logProblemDetails(ApicurioRegistryBaseIT.java:154)
	at io.apicurio.tests.ApicurioRegistryBaseIT$RegistryApiErrorWatcher.logProblemDetails(ApicurioRegistryBaseIT.java:154)
	at io.apicurio.tests.ApicurioRegistryBaseIT$RegistryApiErrorWatcher.logProblemDetails(ApicurioRegistryBaseIT.java:154)
	at io.apicurio.tests.ApicurioRegistryBaseIT$RegistryApiErrorWatcher.logProblemDetails(ApicurioRegistryBaseIT.java:154)
	at io.apicurio.tests.ApicurioRegistryBaseIT$RegistryApiErrorWatcher.logProblemDetails(ApicurioRegistryBaseIT.java:154)
	at io.apicurio.tests.ApicurioRegistryBaseIT$RegistryApiErrorWatcher.logProblemDetails(ApicurioRegistryBaseIT.java:154)
	at io.apicurio.tests.ApicurioRegistryBaseIT$RegistryApiErrorWatcher.logProblemDetails(ApicurioRegistryBaseIT.java:154)
	at io.apicurio.tests.ApicurioRegistryBaseIT$RegistryApiErrorWatcher.logProblemDetails(ApicurioRegistryBaseIT.java:154)
	at io.apicurio.tests.ApicurioRegistryBaseIT$RegistryApiErrorWatcher.logProblemDetails(ApicurioRegistryBaseIT.java:154)
	at io.apicurio.tests.ApicurioRegistryBaseIT$RegistryApiErrorWatcher.logProblemDetails(ApicurioRegistryBaseIT.java:154)
	at io.apicurio.tests.ApicurioRegistryBaseIT$RegistryApiErrorWatcher.logProblemDetails(ApicurioRegistryBaseIT.java:154)
	at io.apicurio.tests.ApicurioRegistryBaseIT$RegistryApiErrorWatcher.logProblemDetails(ApicurioRegistryBaseIT.java:154)
	at io.apicurio.tests.ApicurioRegistryBaseIT$RegistryApiErrorWatcher.logProblemDetails(ApicurioRegistryBaseIT.java:154)
	at io.apicurio.tests.ApicurioRegistryBaseIT$RegistryApiErrorWatcher.logProblemDetails(ApicurioRegistryBaseIT.java:154)
	at io.apicurio.tests.ApicurioRegistryBaseIT$RegistryApiErrorWatcher.logProblemDetails(ApicurioRegistryBaseIT.java:154)
	at io.apicurio.tests.ApicurioRegistryBaseIT$RegistryApiErrorWatcher.logProblemDetails(ApicurioRegistryBaseIT.java:154)
	at io.apicurio.tests.ApicurioRegistryBaseIT$RegistryApiErrorWatcher.logProblemDetails(ApicurioRegistryBaseIT.java:154)
	at io.apicurio.tests.ApicurioRegistryBaseIT$RegistryApiErrorWatcher.logProblemDetails(ApicurioRegistryBaseIT.java:154)
	at io.apicurio.tests.ApicurioRegistryBaseIT$RegistryApiErrorWatcher.logProblemDetails(ApicurioRegistryBaseIT.java:154)
	at io.apicurio.tests.ApicurioRegistryBaseIT$RegistryApiErrorWatcher.logProblemDetails(ApicurioRegistryBaseIT.java:154)
	at io.apicurio.tests.ApicurioRegistryBaseIT$RegistryApiErrorWatcher.logProblemDetails(ApicurioRegistryBaseIT.java:154)
	at io.apicurio.tests.ApicurioRegistryBaseIT$RegistryApiErrorWatcher.logProblemDetails(ApicurioRegistryBaseIT.java:154)
	at io.apicurio.tests.ApicurioRegistryBaseIT$RegistryApiErrorWatcher.logProblemDetails(ApicurioRegistryBaseIT.java:154)
	at io.apicurio.tests.ApicurioRegistryBaseIT$RegistryApiErrorWatcher.logProblemDetails(ApicurioRegistryBaseIT.java:154)
	at io.apicurio.tests.ApicurioRegistryBaseIT$RegistryApiErrorWatcher.logProblemDetails(ApicurioRegistryBaseIT.java:154)
	at io.apicurio.tests.ApicurioRegistryBaseIT$RegistryApiErrorWatcher.logProblemDetails(ApicurioRegistryBaseIT.java:154)
	at io.apicurio.tests.ApicurioRegistryBaseIT$RegistryApiErrorWatcher.logProblemDetails(ApicurioRegistryBaseIT.java:154)
	at io.apicurio.tests.ApicurioRegistryBaseIT$RegistryApiErrorWatcher.logProblemDetails(ApicurioRegistryBaseIT.java:154)
	at io.apicurio.tests.ApicurioRegistryBaseIT$RegistryApiErrorWatcher.logProblemDetails(ApicurioRegistryBaseIT.java:154)
	at io.apicurio.tests.ApicurioRegistryBaseIT$RegistryApiErrorWatcher.logProblemDetails(ApicurioRegistryBaseIT.java:154)
	at io.apicurio.tests.ApicurioRegistryBaseIT$RegistryApiErrorWatcher.logProblemDetails(ApicurioRegistryBaseIT.java:154)
	at io.apicurio.tests.ApicurioRegistryBaseIT$RegistryApiErrorWatcher.logProblemDetails(ApicurioRegistryBaseIT.java:154)
	at io.apicurio.tests.ApicurioRegistryBaseIT$RegistryApiErrorWatcher.logProblemDetails(ApicurioRegistryBaseIT.java:154)
	at io.apicurio.tests.ApicurioRegistryBaseIT$RegistryApiErrorWatcher.logProblemDetails(ApicurioRegistryBaseIT.java:154)
	at io.apicurio.tests.ApicurioRegistryBaseIT$RegistryApiErrorWatcher.logProblemDetails(ApicurioRegistryBaseIT.java:154)
	at io.apicurio.tests.ApicurioRegistryBaseIT$RegistryApiErrorWatcher.logProblemDetails(ApicurioRegistryBaseIT.java:154)
	at io.apicurio.tests.ApicurioRegistryBaseIT$RegistryApiErrorWatcher.logProblemDetails(ApicurioRegistryBaseIT.java:154)
	at io.apicurio.tests.ApicurioRegistryBaseIT$RegistryApiErrorWatcher.logProblemDetails(ApicurioRegistryBaseIT.java:154)
	at io.apicurio.tests.ApicurioRegistryBaseIT$RegistryApiErrorWatcher.logProblemDetails(ApicurioRegistryBaseIT.java:154)
	at io.apicurio.tests.ApicurioRegistryBaseIT$RegistryApiErrorWatcher.logProblemDetails(ApicurioRegistryBaseIT.java:154)
	at io.apicurio.tests.ApicurioRegistryBaseIT$RegistryApiErrorWatcher.logProblemDetails(ApicurioRegistryBaseIT.java:154)
	at io.apicurio.tests.ApicurioRegistryBaseIT$RegistryApiErrorWatcher.logProblemDetails(ApicurioRegistryBaseIT.java:154)
	at io.apicurio.tests.ApicurioRegistryBaseIT$RegistryApiErrorWatcher.logProblemDetails(ApicurioRegistryBaseIT.java:154)
	at io.apicurio.tests.ApicurioRegistryBaseIT$RegistryApiErrorWatcher.logProblemDetails(ApicurioRegistryBaseIT.java:154)
	at io.apicurio.tests.ApicurioRegistryBaseIT$RegistryApiErrorWatcher.logProblemDetails(ApicurioRegistryBaseIT.java:154)
	at io.apicurio.tests.ApicurioRegistryBaseIT$RegistryApiErrorWatcher.logProblemDetails(ApicurioRegistryBaseIT.java:154)
	at io.apicurio.tests.ApicurioRegistryBaseIT$RegistryApiErrorWatcher.logProblemDetails(ApicurioRegistryBaseIT.java:154)
	at io.apicurio.tests.ApicurioRegistryBaseIT$RegistryApiErrorWatcher.logProblemDetails(ApicurioRegistryBaseIT.java:154)
	at io.apicurio.tests.ApicurioRegistryBaseIT$RegistryApiErrorWatcher.logProblemDetails(ApicurioRegistryBaseIT.java:154)
	at io.apicurio.tests.ApicurioRegistryBaseIT$RegistryApiErrorWatcher.logProblemDetails(ApicurioRegistryBaseIT.java:154)
	at io.apicurio.tests.ApicurioRegistryBaseIT$RegistryApiErrorWatcher.logProblemDetails(ApicurioRegistryBaseIT.java:154)
	at io.apicurio.tests.ApicurioRegistryBaseIT$RegistryApiErrorWatcher.logProblemDetails(ApicurioRegistryBaseIT.java:154)
	at io.apicurio.tests.ApicurioRegistryBaseIT$RegistryApiErrorWatcher.logProblemDetails(ApicurioRegistryBaseIT.java:154)
	at io.apicurio.tests.ApicurioRegistryBaseIT$RegistryApiErrorWatcher.logProblemDetails(ApicurioRegistryBaseIT.java:154)
	at io.apicurio.tests.ApicurioRegistryBaseIT$RegistryApiErrorWatcher.logProblemDetails(ApicurioRegistryBaseIT.java:154)
	at io.apicurio.tests.ApicurioRegistryBaseIT$RegistryApiErrorWatcher.logProblemDetails(ApicurioRegistryBaseIT.java:154)
	at io.apicurio.tests.ApicurioRegistryBaseIT$RegistryApiErrorWatcher.logProblemDetails(ApicurioRegistryBaseIT.java:154)
	at io.apicurio.tests.ApicurioRegistryBaseIT$RegistryApiErrorWatcher.logProblemDetails(ApicurioRegistryBaseIT.java:154)
	at io.apicurio.tests.ApicurioRegistryBaseIT$RegistryApiErrorWatcher.logProblemDetails(ApicurioRegistryBaseIT.java:154)
	at io.apicurio.tests.ApicurioRegistryBaseIT$RegistryApiErrorWatcher.logProblemDetails(ApicurioRegistryBaseIT.java:154)
	at io.apicurio.tests.ApicurioRegistryBaseIT$RegistryApiErrorWatcher.logProblemDetails(ApicurioRegistryBaseIT.java:154)
	at io.apicurio.tests.ApicurioRegistryBaseIT$RegistryApiErrorWatcher.logProblemDetails(ApicurioRegistryBaseIT.java:154)
	at io.apicurio.tests.ApicurioRegistryBaseIT$RegistryApiErrorWatcher.logProblemDetails(ApicurioRegistryBaseIT.java:154)
	at io.apicurio.tests.ApicurioRegistryBaseIT$RegistryApiErrorWatcher.logProblemDetails(ApicurioRegistryBaseIT.java:154)
	at io.apicurio.tests.ApicurioRegistryBaseIT$RegistryApiErrorWatcher.logProblemDetails(ApicurioRegistryBaseIT.java:154)
	at io.apicurio.tests.ApicurioRegistryBaseIT$RegistryApiErrorWatcher.logProblemDetails(ApicurioRegistryBaseIT.java:154)
	at io.apicurio.tests.ApicurioRegistryBaseIT$RegistryApiErrorWatcher.logProblemDetails(ApicurioRegistryBaseIT.java:154)
	at io.apicurio.tests.ApicurioRegistryBaseIT$RegistryApiErrorWatcher.logProblemDetails(ApicurioRegistryBaseIT.java:154)
	at io.apicurio.tests.ApicurioRegistryBaseIT$RegistryApiErrorWatcher.logProblemDetails(ApicurioRegistryBaseIT.java:154)
	at io.apicurio.tests.ApicurioRegistryBaseIT$RegistryApiErrorWatcher.logProblemDetails(ApicurioRegistryBaseIT.java:154)
	at io.apicurio.tests.ApicurioRegistryBaseIT$RegistryApiErrorWatcher.logProblemDetails(ApicurioRegistryBaseIT.java:154)
	at io.apicurio.tests.ApicurioRegistryBaseIT$RegistryApiErrorWatcher.logProblemDetails(ApicurioRegistryBaseIT.java:154)
	at io.apicurio.tests.ApicurioRegistryBaseIT$RegistryApiErrorWatcher.logProblemDetails(ApicurioRegistryBaseIT.java:154)
	at io.apicurio.tests.ApicurioRegistryBaseIT$RegistryApiErrorWatcher.logProblemDetails(ApicurioRegistryBaseIT.java:154)
	at io.apicurio.tests.ApicurioRegistryBaseIT$RegistryApiErrorWatcher.logProblemDetails(ApicurioRegistryBaseIT.java:154)
	at io.apicurio.tests.ApicurioRegistryBaseIT$RegistryApiErrorWatcher.logProblemDetails(ApicurioRegistryBaseIT.java:154)
	at io.apicurio.tests.ApicurioRegistryBaseIT$RegistryApiErrorWatcher.logProblemDetails(ApicurioRegistryBaseIT.java:154)
	at io.apicurio.tests.ApicurioRegistryBaseIT$RegistryApiErrorWatcher.logProblemDetails(ApicurioRegistryBaseIT.java:154)
	at io.apicurio.tests.ApicurioRegistryBaseIT$RegistryApiErrorWatcher.logProblemDetails(ApicurioRegistryBaseIT.java:154)
	at io.apicurio.tests.ApicurioRegistryBaseIT$RegistryApiErrorWatcher.logProblemDetails(ApicurioRegistryBaseIT.java:154)
	at io.apicurio.tests.ApicurioRegistryBaseIT$RegistryApiErrorWatcher.logProblemDetails(ApicurioRegistryBaseIT.java:154)
	at io.apicurio.tests.ApicurioRegistryBaseIT$RegistryApiErrorWatcher.logProblemDetails(ApicurioRegistryBaseIT.java:154)
	at io.apicurio.tests.ApicurioRegistryBaseIT$RegistryApiErrorWatcher.logProblemDetails(ApicurioRegistryBaseIT.java:154)
	at io.apicurio.tests.ApicurioRegistryBaseIT$RegistryApiErrorWatcher.logProblemDetails(ApicurioRegistryBaseIT.java:154)
	at io.apicurio.tests.ApicurioRegistryBaseIT$RegistryApiErrorWatcher.logProblemDetails(ApicurioRegistryBaseIT.java:154)
	at io.apicurio.tests.ApicurioRegistryBaseIT$RegistryApiErrorWatcher.logProblemDetails(ApicurioRegistryBaseIT.java:154)
	at io.apicurio.tests.ApicurioRegistryBaseIT$RegistryApiErrorWatcher.logProblemDetails(ApicurioRegistryBaseIT.java:154)
	at io.apicurio.tests.ApicurioRegistryBaseIT$RegistryApiErrorWatcher.logProblemDetails(ApicurioRegistryBaseIT.java:154)
	at io.apicurio.tests.ApicurioRegistryBaseIT$RegistryApiErrorWatcher.logProblemDetails(ApicurioRegistryBaseIT.java:154)
	at io.apicurio.tests.ApicurioRegistryBaseIT$RegistryApiErrorWatcher.logProblemDetails(ApicurioRegistryBaseIT.java:154)
	at io.apicurio.tests.ApicurioRegistryBaseIT$RegistryApiErrorWatcher.logProblemDetails(ApicurioRegistryBaseIT.java:154)
	at io.apicurio.tests.ApicurioRegistryBaseIT$RegistryApiErrorWatcher.logProblemDetails(ApicurioRegistryBaseIT.java:154)
	at io.apicurio.tests.ApicurioRegistryBaseIT$RegistryApiErrorWatcher.logProblemDetails(ApicurioRegistryBaseIT.java:154)
	at io.apicurio.tests.ApicurioRegistryBaseIT$RegistryApiErrorWatcher.logProblemDetails(ApicurioRegistryBaseIT.java:154)
	at io.apicurio.tests.ApicurioRegistryBaseIT$RegistryApiErrorWatcher.logProblemDetails(ApicurioRegistryBaseIT.java:154)
	at io.apicurio.tests.ApicurioRegistryBaseIT$RegistryApiErrorWatcher.logProblemDetails(ApicurioRegistryBaseIT.java:154)
	at io.apicurio.tests.ApicurioRegistryBaseIT$RegistryApiErrorWatcher.logProblemDetails(ApicurioRegistryBaseIT.java:154)
	at io.apicurio.tests.ApicurioRegistryBaseIT$RegistryApiErrorWatcher.logProblemDetails(ApicurioRegistryBaseIT.java:154)
	at io.apicurio.tests.ApicurioRegistryBaseIT$RegistryApiErrorWatcher.logProblemDetails(ApicurioRegistryBaseIT.java:154)
	at io.apicurio.tests.ApicurioRegistryBaseIT$RegistryApiErrorWatcher.logProblemDetails(ApicurioRegistryBaseIT.java:154)
	at io.apicurio.tests.ApicurioRegistryBaseIT$RegistryApiErrorWatcher.logProblemDetails(ApicurioRegistryBaseIT.java:154)
	at io.apicurio.tests.ApicurioRegistryBaseIT$RegistryApiErrorWatcher.logProblemDetails(ApicurioRegistryBaseIT.java:154)
	at io.apicurio.tests.ApicurioRegistryBaseIT$RegistryApiErrorWatcher.logProblemDetails(ApicurioRegistryBaseIT.java:154)
	at io.apicurio.tests.ApicurioRegistryBaseIT$RegistryApiErrorWatcher.logProblemDetails(ApicurioRegistryBaseIT.java:154)
	at io.apicurio.tests.ApicurioRegistryBaseIT$RegistryApiErrorWatcher.logProblemDetails(ApicurioRegistryBaseIT.java:154)
	at io.apicurio.tests.ApicurioRegistryBaseIT$RegistryApiErrorWatcher.logProblemDetails(ApicurioRegistryBaseIT.java:154)
	at io.apicurio.tests.ApicurioRegistryBaseIT$RegistryApiErrorWatcher.logProblemDetails(ApicurioRegistryBaseIT.java:154)
	at io.apicurio.tests.ApicurioRegistryBaseIT$RegistryApiErrorWatcher.logProblemDetails(ApicurioRegistryBaseIT.java:154)
	at io.apicurio.tests.ApicurioRegistryBaseIT$RegistryApiErrorWatcher.logProblemDetails(ApicurioRegistryBaseIT.java:154)
	at io.apicurio.tests.ApicurioRegistryBaseIT$RegistryApiErrorWatcher.logProblemDetails(ApicurioRegistryBaseIT.java:154)
	at io.apicurio.tests.ApicurioRegistryBaseIT$RegistryApiErrorWatcher.logProblemDetails(ApicurioRegistryBaseIT.java:154)
	at io.apicurio.tests.ApicurioRegistryBaseIT$RegistryApiErrorWatcher.logProblemDetails(ApicurioRegistryBaseIT.java:154)
	at io.apicurio.tests.ApicurioRegistryBaseIT$RegistryApiErrorWatcher.logProblemDetails(ApicurioRegistryBaseIT.java:154)
	at io.apicurio.tests.ApicurioRegistryBaseIT$RegistryApiErrorWatcher.logProblemDetails(ApicurioRegistryBaseIT.java:154)
	at io.apicurio.tests.ApicurioRegistryBaseIT$RegistryApiErrorWatcher.logProblemDetails(ApicurioRegistryBaseIT.java:154)
	at io.apicurio.tests.ApicurioRegistryBaseIT$RegistryApiErrorWatcher.logProblemDetails(ApicurioRegistryBaseIT.java:154)
	at io.apicurio.tests.ApicurioRegistryBaseIT$RegistryApiErrorWatcher.logProblemDetails(ApicurioRegistryBaseIT.java:154)
	at io.apicurio.tests.ApicurioRegistryBaseIT$RegistryApiErrorWatcher.logProblemDetails(ApicurioRegistryBaseIT.java:154)
	at io.apicurio.tests.ApicurioRegistryBaseIT$RegistryApiErrorWatcher.logProblemDetails(ApicurioRegistryBaseIT.java:154)
	at io.apicurio.tests.ApicurioRegistryBaseIT$RegistryApiErrorWatcher.logProblemDetails(ApicurioRegistryBaseIT.java:154)
	at io.apicurio.tests.ApicurioRegistryBaseIT$RegistryApiErrorWatcher.logProblemDetails(ApicurioRegistryBaseIT.java:154)
	at io.apicurio.tests.ApicurioRegistryBaseIT$RegistryApiErrorWatcher.logProblemDetails(ApicurioRegistryBaseIT.java:154)
	at io.apicurio.tests.ApicurioRegistryBaseIT$RegistryApiErrorWatcher.logProblemDetails(ApicurioRegistryBaseIT.java:154)
	at io.apicurio.tests.ApicurioRegistryBaseIT$RegistryApiErrorWatcher.logProblemDetails(ApicurioRegistryBaseIT.java:154)
	at io.apicurio.tests.ApicurioRegistryBaseIT$RegistryApiErrorWatcher.logProblemDetails(ApicurioRegistryBaseIT.java:154)
	at io.apicurio.tests.ApicurioRegistryBaseIT$RegistryApiErrorWatcher.logProblemDetails(ApicurioRegistryBaseIT.java:154)
	at io.apicurio.tests.ApicurioRegistryBaseIT$RegistryApiErrorWatcher.logProblemDetails(ApicurioRegistryBaseIT.java:154)
	at io.apicurio.tests.ApicurioRegistryBaseIT$RegistryApiErrorWatcher.logProblemDetails(ApicurioRegistryBaseIT.java:154)
	at io.apicurio.tests.ApicurioRegistryBaseIT$RegistryApiErrorWatcher.logProblemDetails(ApicurioRegistryBaseIT.java:154)
	at io.apicurio.tests.ApicurioRegistryBaseIT$RegistryApiErrorWatcher.logProblemDetails(ApicurioRegistryBaseIT.java:154)
	at io.apicurio.tests.ApicurioRegistryBaseIT$RegistryApiErrorWatcher.logProblemDetails(ApicurioRegistryBaseIT.java:154)
	at io.apicurio.tests.ApicurioRegistryBaseIT$RegistryApiErrorWatcher.logProblemDetails(ApicurioRegistryBaseIT.java:154)
	at io.apicurio.tests.ApicurioRegistryBaseIT$RegistryApiErrorWatcher.logProblemDetails(ApicurioRegistryBaseIT.java:154)
	at io.apicurio.tests.ApicurioRegistryBaseIT$RegistryApiErrorWatcher.logProblemDetails(ApicurioRegistryBaseIT.java:154)
	at io.apicurio.tests.ApicurioRegistryBaseIT$RegistryApiErrorWatcher.logProblemDetails(ApicurioRegistryBaseIT.java:154)
	at io.apicurio.tests.ApicurioRegistryBaseIT$RegistryApiErrorWatcher.logProblemDetails(ApicurioRegistryBaseIT.java:154)
	at io.apicurio.tests.ApicurioRegistryBaseIT$RegistryApiErrorWatcher.logProblemDetails(ApicurioRegistryBaseIT.java:154)
	at io.apicurio.tests.ApicurioRegistryBaseIT$RegistryApiErrorWatcher.logProblemDetails(ApicurioRegistryBaseIT.java:154)
	at io.apicurio.tests.ApicurioRegistryBaseIT$RegistryApiErrorWatcher.logProblemDetails(ApicurioRegistryBaseIT.java:154)
	at io.apicurio.tests.ApicurioRegistryBaseIT$RegistryApiErrorWatcher.logProblemDetails(ApicurioRegistryBaseIT.java:154)
	at io.apicurio.tests.ApicurioRegistryBaseIT$RegistryApiErrorWatcher.logProblemDetails(ApicurioRegistryBaseIT.java:154)
	at io.apicurio.tests.ApicurioRegistryBaseIT$RegistryApiErrorWatcher.logProblemDetails(ApicurioRegistryBaseIT.java:154)
	at io.apicurio.tests.ApicurioRegistryBaseIT$RegistryApiErrorWatcher.logProblemDetails(ApicurioRegistryBaseIT.java:154)
	at io.apicurio.tests.ApicurioRegistryBaseIT$RegistryApiErrorWatcher.logProblemDetails(ApicurioRegistryBaseIT.java:154)
	at io.apicurio.tests.ApicurioRegistryBaseIT$RegistryApiErrorWatcher.logProblemDetails(ApicurioRegistryBaseIT.java:154)
	at io.apicurio.tests.ApicurioRegistryBaseIT$RegistryApiErrorWatcher.logProblemDetails(ApicurioRegistryBaseIT.java:154)
	at io.apicurio.tests.ApicurioRegistryBaseIT$RegistryApiErrorWatcher.logProblemDetails(ApicurioRegistryBaseIT.java:154)
	at io.apicurio.tests.ApicurioRegistryBaseIT$RegistryApiErrorWatcher.logProblemDetails(ApicurioRegistryBaseIT.java:154)
	at io.apicurio.tests.ApicurioRegistryBaseIT$RegistryApiErrorWatcher.logProblemDetails(ApicurioRegistryBaseIT.java:154)
	at io.apicurio.tests.ApicurioRegistryBaseIT$RegistryApiErrorWatcher.logProblemDetails(ApicurioRegistryBaseIT.java:154)
	at io.apicurio.tests.ApicurioRegistryBaseIT$RegistryApiErrorWatcher.logProblemDetails(ApicurioRegistryBaseIT.java:154)
	at io.apicurio.tests.ApicurioRegistryBaseIT$RegistryApiErrorWatcher.logProblemDetails(ApicurioRegistryBaseIT.java:154)
	at io.apicurio.tests.ApicurioRegistryBaseIT$RegistryApiErrorWatcher.logProblemDetails(ApicurioRegistryBaseIT.java:154)
	at io.apicurio.tests.ApicurioRegistryBaseIT$RegistryApiErrorWatcher.logProblemDetails(ApicurioRegistryBaseIT.java:154)
	at io.apicurio.tests.ApicurioRegistryBaseIT$RegistryApiErrorWatcher.logProblemDetails(ApicurioRegistryBaseIT.java:154)
	at io.apicurio.tests.ApicurioRegistryBaseIT$RegistryApiErrorWatcher.logProblemDetails(ApicurioRegistryBaseIT.java:154)
	at io.apicurio.tests.ApicurioRegistryBaseIT$RegistryApiErrorWatcher.logProblemDetails(ApicurioRegistryBaseIT.java:154)
	at io.apicurio.tests.ApicurioRegistryBaseIT$RegistryApiErrorWatcher.logProblemDetails(ApicurioRegistryBaseIT.java:154)
	at io.apicurio.tests.ApicurioRegistryBaseIT$RegistryApiErrorWatcher.logProblemDetails(ApicurioRegistryBaseIT.java:154)
	at io.apicurio.tests.ApicurioRegistryBaseIT$RegistryApiErrorWatcher.logProblemDetails(ApicurioRegistryBaseIT.java:154)
	at io.apicurio.tests.ApicurioRegistryBaseIT$RegistryApiErrorWatcher.logProblemDetails(ApicurioRegistryBaseIT.java:154)
	at io.apicurio.tests.ApicurioRegistryBaseIT$RegistryApiErrorWatcher.logProblemDetails(ApicurioRegistryBaseIT.java:154)
	at io.apicurio.tests.ApicurioRegistryBaseIT$RegistryApiErrorWatcher.logProblemDetails(ApicurioRegistryBaseIT.java:154)
	at io.apicurio.tests.ApicurioRegistryBaseIT$RegistryApiErrorWatcher.logProblemDetails(ApicurioRegistryBaseIT.java:154)
	at io.apicurio.tests.ApicurioRegistryBaseIT$RegistryApiErrorWatcher.logProblemDetails(ApicurioRegistryBaseIT.java:154)
	at io.apicurio.tests.ApicurioRegistryBaseIT$RegistryApiErrorWatcher.logProblemDetails(ApicurioRegistryBaseIT.java:154)
	at io.apicurio.tests.ApicurioRegistryBaseIT$RegistryApiErrorWatcher.logProblemDetails(ApicurioRegistryBaseIT.java:154)
	at io.apicurio.tests.ApicurioRegistryBaseIT$RegistryApiErrorWatcher.logProblemDetails(ApicurioRegistryBaseIT.java:154)
	at io.apicurio.tests.ApicurioRegistryBaseIT$RegistryApiErrorWatcher.logProblemDetails(ApicurioRegistryBaseIT.java:154)
	at io.apicurio.tests.ApicurioRegistryBaseIT$RegistryApiErrorWatcher.logProblemDetails(ApicurioRegistryBaseIT.java:154)
	at io.apicurio.tests.ApicurioRegistryBaseIT$RegistryApiErrorWatcher.logProblemDetails(ApicurioRegistryBaseIT.java:154)
	at io.apicurio.tests.ApicurioRegistryBaseIT$RegistryApiErrorWatcher.logProblemDetails(ApicurioRegistryBaseIT.java:154)
	at io.apicurio.tests.ApicurioRegistryBaseIT$RegistryApiErrorWatcher.logProblemDetails(ApicurioRegistryBaseIT.java:154)
	at io.apicurio.tests.ApicurioRegistryBaseIT$RegistryApiErrorWatcher.logProblemDetails(ApicurioRegistryBaseIT.java:154)
	at io.apicurio.tests.ApicurioRegistryBaseIT$RegistryApiErrorWatcher.logProblemDetails(ApicurioRegistryBaseIT.java:154)
	at io.apicurio.tests.ApicurioRegistryBaseIT$RegistryApiErrorWatcher.logProblemDetails(ApicurioRegistryBaseIT.java:154)
	at io.apicurio.tests.ApicurioRegistryBaseIT$RegistryApiErrorWatcher.logProblemDetails(ApicurioRegistryBaseIT.java:154)
	at io.apicurio.tests.ApicurioRegistryBaseIT$RegistryApiErrorWatcher.logProblemDetails(ApicurioRegistryBaseIT.java:154)
	at io.apicurio.tests.ApicurioRegistryBaseIT$RegistryApiErrorWatcher.logProblemDetails(ApicurioRegistryBaseIT.java:154)
	at io.apicurio.tests.ApicurioRegistryBaseIT$RegistryApiErrorWatcher.logProblemDetails(ApicurioRegistryBaseIT.java:154)
	at io.apicurio.tests.ApicurioRegistryBaseIT$RegistryApiErrorWatcher.logProblemDetails(ApicurioRegistryBaseIT.java:154)
	at io.apicurio.tests.ApicurioRegistryBaseIT$RegistryApiErrorWatcher.logProblemDetails(ApicurioRegistryBaseIT.java:154)
	at io.apicurio.tests.ApicurioRegistryBaseIT$RegistryApiErrorWatcher.logProblemDetails(ApicurioRegistryBaseIT.java:154)
	at io.apicurio.tests.ApicurioRegistryBaseIT$RegistryApiErrorWatcher.logProblemDetails(ApicurioRegistryBaseIT.java:154)
	at io.apicurio.tests.ApicurioRegistryBaseIT$RegistryApiErrorWatcher.logProblemDetails(ApicurioRegistryBaseIT.java:154)
	at io.apicurio.tests.ApicurioRegistryBaseIT$RegistryApiErrorWatcher.logProblemDetails(ApicurioRegistryBaseIT.java:154)
	at io.apicurio.tests.ApicurioRegistryBaseIT$RegistryApiErrorWatcher.logProblemDetails(ApicurioRegistryBaseIT.java:154)
	at io.apicurio.tests.ApicurioRegistryBaseIT$RegistryApiErrorWatcher.logProblemDetails(ApicurioRegistryBaseIT.java:154)
	at io.apicurio.tests.ApicurioRegistryBaseIT$RegistryApiErrorWatcher.logProblemDetails(ApicurioRegistryBaseIT.java:154)
	at io.apicurio.tests.ApicurioRegistryBaseIT$RegistryApiErrorWatcher.logProblemDetails(ApicurioRegistryBaseIT.java:154)
	at io.apicurio.tests.ApicurioRegistryBaseIT$RegistryApiErrorWatcher.logProblemDetails(ApicurioRegistryBaseIT.java:154)
	at io.apicurio.tests.ApicurioRegistryBaseIT$RegistryApiErrorWatcher.logProblemDetails(ApicurioRegistryBaseIT.java:154)
	at io.apicurio.tests.ApicurioRegistryBaseIT$RegistryApiErrorWatcher.logProblemDetails(ApicurioRegistryBaseIT.java:154)
	at io.apicurio.tests.ApicurioRegistryBaseIT$RegistryApiErrorWatcher.logProblemDetails(ApicurioRegistryBaseIT.java:154)
	at io.apicurio.tests.ApicurioRegistryBaseIT$RegistryApiErrorWatcher.logProblemDetails(ApicurioRegistryBaseIT.java:154)
	at io.apicurio.tests.ApicurioRegistryBaseIT$RegistryApiErrorWatcher.logProblemDetails(ApicurioRegistryBaseIT.java:154)
	at io.apicurio.tests.ApicurioRegistryBaseIT$RegistryApiErrorWatcher.logProblemDetails(ApicurioRegistryBaseIT.java:154)
	at io.apicurio.tests.ApicurioRegistryBaseIT$RegistryApiErrorWatcher.logProblemDetails(ApicurioRegistryBaseIT.java:154)
	at io.apicurio.tests.ApicurioRegistryBaseIT$RegistryApiErrorWatcher.logProblemDetails(ApicurioRegistryBaseIT.java:154)
	at io.apicurio.tests.ApicurioRegistryBaseIT$RegistryApiErrorWatcher.logProblemDetails(ApicurioRegistryBaseIT.java:154)
	at io.apicurio.tests.ApicurioRegistryBaseIT$RegistryApiErrorWatcher.logProblemDetails(ApicurioRegistryBaseIT.java:154)
	at io.apicurio.tests.ApicurioRegistryBaseIT$RegistryApiErrorWatcher.logProblemDetails(ApicurioRegistryBaseIT.java:154)
	at io.apicurio.tests.ApicurioRegistryBaseIT$RegistryApiErrorWatcher.logProblemDetails(ApicurioRegistryBaseIT.java:154)
	at io.apicurio.tests.ApicurioRegistryBaseIT$RegistryApiErrorWatcher.logProblemDetails(ApicurioRegistryBaseIT.java:154)
	at io.apicurio.tests.ApicurioRegistryBaseIT$RegistryApiErrorWatcher.logProblemDetails(ApicurioRegistryBaseIT.java:154)
	at io.apicurio.tests.ApicurioRegistryBaseIT$RegistryApiErrorWatcher.logProblemDetails(ApicurioRegistryBaseIT.java:154)
	at io.apicurio.tests.ApicurioRegistryBaseIT$RegistryApiErrorWatcher.logProblemDetails(ApicurioRegistryBaseIT.java:154)
	at io.apicurio.tests.ApicurioRegistryBaseIT$RegistryApiErrorWatcher.logProblemDetails(ApicurioRegistryBaseIT.java:154)
	at io.apicurio.tests.ApicurioRegistryBaseIT$RegistryApiErrorWatcher.logProblemDetails(ApicurioRegistryBaseIT.java:154)
	at io.apicurio.tests.ApicurioRegistryBaseIT$RegistryApiErrorWatcher.logProblemDetails(ApicurioRegistryBaseIT.java:154)
	at io.apicurio.tests.ApicurioRegistryBaseIT$RegistryApiErrorWatcher.logProblemDetails(ApicurioRegistryBaseIT.java:154)
	at io.apicurio.tests.ApicurioRegistryBaseIT$RegistryApiErrorWatcher.logProblemDetails(ApicurioRegistryBaseIT.java:154)
	at io.apicurio.tests.ApicurioRegistryBaseIT$RegistryApiErrorWatcher.logProblemDetails(ApicurioRegistryBaseIT.java:154)
	at io.apicurio.tests.ApicurioRegistryBaseIT$RegistryApiErrorWatcher.logProblemDetails(ApicurioRegistryBaseIT.java:154)
	at io.apicurio.tests.ApicurioRegistryBaseIT$RegistryApiErrorWatcher.logProblemDetails(ApicurioRegistryBaseIT.java:154)
	at io.apicurio.tests.ApicurioRegistryBaseIT$RegistryApiErrorWatcher.logProblemDetails(ApicurioRegistryBaseIT.java:154)
	at io.apicurio.tests.ApicurioRegistryBaseIT$RegistryApiErrorWatcher.logProblemDetails(ApicurioRegistryBaseIT.java:154)
	at io.apicurio.tests.ApicurioRegistryBaseIT$RegistryApiErrorWatcher.logProblemDetails(ApicurioRegistryBaseIT.java:154)
	at io.apicurio.tests.ApicurioRegistryBaseIT$RegistryApiErrorWatcher.logProblemDetails(ApicurioRegistryBaseIT.java:154)
	at io.apicurio.tests.ApicurioRegistryBaseIT$RegistryApiErrorWatcher.logProblemDetails(ApicurioRegistryBaseIT.java:154)
	at io.apicurio.tests.ApicurioRegistryBaseIT$RegistryApiErrorWatcher.logProblemDetails(ApicurioRegistryBaseIT.java:154)
	at io.apicurio.tests.ApicurioRegistryBaseIT$RegistryApiErrorWatcher.logProblemDetails(ApicurioRegistryBaseIT.java:154)
	at io.apicurio.tests.ApicurioRegistryBaseIT$RegistryApiErrorWatcher.logProblemDetails(ApicurioRegistryBaseIT.java:154)
	at io.apicurio.tests.ApicurioRegistryBaseIT$RegistryApiErrorWatcher.logProblemDetails(ApicurioRegistryBaseIT.java:154)
	at io.apicurio.tests.ApicurioRegistryBaseIT$RegistryApiErrorWatcher.logProblemDetails(ApicurioRegistryBaseIT.java:154)
	at io.apicurio.tests.ApicurioRegistryBaseIT$RegistryApiErrorWatcher.logProblemDetails(ApicurioRegistryBaseIT.java:154)
	at io.apicurio.tests.ApicurioRegistryBaseIT$RegistryApiErrorWatcher.logProblemDetails(ApicurioRegistryBaseIT.java:154)
	at io.apicurio.tests.ApicurioRegistryBaseIT$RegistryApiErrorWatcher.logProblemDetails(ApicurioRegistryBaseIT.java:154)
	at io.apicurio.tests.ApicurioRegistryBaseIT$RegistryApiErrorWatcher.logProblemDetails(ApicurioRegistryBaseIT.java:154)
	at io.apicurio.tests.ApicurioRegistryBaseIT$RegistryApiErrorWatcher.logProblemDetails(ApicurioRegistryBaseIT.java:154)
	at io.apicurio.tests.ApicurioRegistryBaseIT$RegistryApiErrorWatcher.logProblemDetails(ApicurioRegistryBaseIT.java:154)
	at io.apicurio.tests.ApicurioRegistryBaseIT$RegistryApiErrorWatcher.logProblemDetails(ApicurioRegistryBaseIT.java:154)
	at io.apicurio.tests.ApicurioRegistryBaseIT$RegistryApiErrorWatcher.logProblemDetails(ApicurioRegistryBaseIT.java:154)
	at io.apicurio.tests.ApicurioRegistryBaseIT$RegistryApiErrorWatcher.logProblemDetails(ApicurioRegistryBaseIT.java:154)
	at io.apicurio.tests.ApicurioRegistryBaseIT$RegistryApiErrorWatcher.logProblemDetails(ApicurioRegistryBaseIT.java:154)
	at io.apicurio.tests.ApicurioRegistryBaseIT$RegistryApiErrorWatcher.logProblemDetails(ApicurioRegistryBaseIT.java:154)
	at io.apicurio.tests.ApicurioRegistryBaseIT$RegistryApiErrorWatcher.logProblemDetails(ApicurioRegistryBaseIT.java:154)
	at io.apicurio.tests.ApicurioRegistryBaseIT$RegistryApiErrorWatcher.logProblemDetails(ApicurioRegistryBaseIT.java:154)
	at io.apicurio.tests.ApicurioRegistryBaseIT$RegistryApiErrorWatcher.logProblemDetails(ApicurioRegistryBaseIT.java:154)
	at io.apicurio.tests.ApicurioRegistryBaseIT$RegistryApiErrorWatcher.logProblemDetails(ApicurioRegistryBaseIT.java:154)
	at io.apicurio.tests.ApicurioRegistryBaseIT$RegistryApiErrorWatcher.logProblemDetails(ApicurioRegistryBaseIT.java:154)
	at io.apicurio.tests.ApicurioRegistryBaseIT$RegistryApiErrorWatcher.logProblemDetails(ApicurioRegistryBaseIT.java:154)
	at io.apicurio.tests.ApicurioRegistryBaseIT$RegistryApiErrorWatcher.logProblemDetails(ApicurioRegistryBaseIT.java:154)
	at io.apicurio.tests.ApicurioRegistryBaseIT$RegistryApiErrorWatcher.logProblemDetails(ApicurioRegistryBaseIT.java:154)
	at io.apicurio.tests.ApicurioRegistryBaseIT$RegistryApiErrorWatcher.logProblemDetails(ApicurioRegistryBaseIT.java:154)
	at io.apicurio.tests.ApicurioRegistryBaseIT$RegistryApiErrorWatcher.logProblemDetails(ApicurioRegistryBaseIT.java:154)
	at io.apicurio.tests.ApicurioRegistryBaseIT$RegistryApiErrorWatcher.logProblemDetails(ApicurioRegistryBaseIT.java:154)
	at io.apicurio.tests.ApicurioRegistryBaseIT$RegistryApiErrorWatcher.logProblemDetails(ApicurioRegistryBaseIT.java:154)
	at io.apicurio.tests.ApicurioRegistryBaseIT$RegistryApiErrorWatcher.logProblemDetails(ApicurioRegistryBaseIT.java:154)
	at io.apicurio.tests.ApicurioRegistryBaseIT$RegistryApiErrorWatcher.logProblemDetails(ApicurioRegistryBaseIT.java:154)
	at io.apicurio.tests.ApicurioRegistryBaseIT$RegistryApiErrorWatcher.logProblemDetails(ApicurioRegistryBaseIT.java:154)
	at io.apicurio.tests.ApicurioRegistryBaseIT$RegistryApiErrorWatcher.logProblemDetails(ApicurioRegistryBaseIT.java:154)
	at io.apicurio.tests.ApicurioRegistryBaseIT$RegistryApiErrorWatcher.logProblemDetails(ApicurioRegistryBaseIT.java:154)
	at io.apicurio.tests.ApicurioRegistryBaseIT$RegistryApiErrorWatcher.logProblemDetails(ApicurioRegistryBaseIT.java:154)
	at io.apicurio.tests.ApicurioRegistryBaseIT$RegistryApiErrorWatcher.logProblemDetails(ApicurioRegistryBaseIT.java:154)
	at io.apicurio.tests.ApicurioRegistryBaseIT$RegistryApiErrorWatcher.logProblemDetails(ApicurioRegistryBaseIT.java:154)
	at io.apicurio.tests.ApicurioRegistryBaseIT$RegistryApiErrorWatcher.logProblemDetails(ApicurioRegistryBaseIT.java:154)
	at io.apicurio.tests.ApicurioRegistryBaseIT$RegistryApiErrorWatcher.logProblemDetails(ApicurioRegistryBaseIT.java:154)
	at io.apicurio.tests.ApicurioRegistryBaseIT$RegistryApiErrorWatcher.logProblemDetails(ApicurioRegistryBaseIT.java:154)
	at io.apicurio.tests.ApicurioRegistryBaseIT$RegistryApiErrorWatcher.logProblemDetails(ApicurioRegistryBaseIT.java:154)
	at io.apicurio.tests.ApicurioRegistryBaseIT$RegistryApiErrorWatcher.logProblemDetails(ApicurioRegistryBaseIT.java:154)
	at io.apicurio.tests.ApicurioRegistryBaseIT$RegistryApiErrorWatcher.logProblemDetails(ApicurioRegistryBaseIT.java:154)
	at io.apicurio.tests.ApicurioRegistryBaseIT$RegistryApiErrorWatcher.logProblemDetails(ApicurioRegistryBaseIT.java:154)
	at io.apicurio.tests.ApicurioRegistryBaseIT$RegistryApiErrorWatcher.logProblemDetails(ApicurioRegistryBaseIT.java:154)
	at io.apicurio.tests.ApicurioRegistryBaseIT$RegistryApiErrorWatcher.logProblemDetails(ApicurioRegistryBaseIT.java:154)
	at io.apicurio.tests.ApicurioRegistryBaseIT$RegistryApiErrorWatcher.logProblemDetails(ApicurioRegistryBaseIT.java:154)
	at io.apicurio.tests.ApicurioRegistryBaseIT$RegistryApiErrorWatcher.logProblemDetails(ApicurioRegistryBaseIT.java:154)
	at io.apicurio.tests.ApicurioRegistryBaseIT$RegistryApiErrorWatcher.logProblemDetails(ApicurioRegistryBaseIT.java:154)
	at io.apicurio.tests.ApicurioRegistryBaseIT$RegistryApiErrorWatcher.logProblemDetails(ApicurioRegistryBaseIT.java:154)
	at io.apicurio.tests.ApicurioRegistryBaseIT$RegistryApiErrorWatcher.logProblemDetails(ApicurioRegistryBaseIT.java:154)
	at io.apicurio.tests.ApicurioRegistryBaseIT$RegistryApiErrorWatcher.logProblemDetails(ApicurioRegistryBaseIT.java:154)
	at io.apicurio.tests.ApicurioRegistryBaseIT$RegistryApiErrorWatcher.logProblemDetails(ApicurioRegistryBaseIT.java:154)
	at io.apicurio.tests.ApicurioRegistryBaseIT$RegistryApiErrorWatcher.logProblemDetails(ApicurioRegistryBaseIT.java:154)
	at io.apicurio.tests.ApicurioRegistryBaseIT$RegistryApiErrorWatcher.logProblemDetails(ApicurioRegistryBaseIT.java:154)
	at io.apicurio.tests.ApicurioRegistryBaseIT$RegistryApiErrorWatcher.logProblemDetails(ApicurioRegistryBaseIT.java:154)
	at io.apicurio.tests.ApicurioRegistryBaseIT$RegistryApiErrorWatcher.logProblemDetails(ApicurioRegistryBaseIT.java:154)
	at io.apicurio.tests.ApicurioRegistryBaseIT$RegistryApiErrorWatcher.logProblemDetails(ApicurioRegistryBaseIT.java:154)
	at io.apicurio.tests.ApicurioRegistryBaseIT$RegistryApiErrorWatcher.logProblemDetails(ApicurioRegistryBaseIT.java:154)
	at io.apicurio.tests.ApicurioRegistryBaseIT$RegistryApiErrorWatcher.logProblemDetails(ApicurioRegistryBaseIT.java:154)
	at io.apicurio.tests.ApicurioRegistryBaseIT$RegistryApiErrorWatcher.logProblemDetails(ApicurioRegistryBaseIT.java:154)
	at io.apicurio.tests.ApicurioRegistryBaseIT$RegistryApiErrorWatcher.logProblemDetails(ApicurioRegistryBaseIT.java:154)
	at io.apicurio.tests.ApicurioRegistryBaseIT$RegistryApiErrorWatcher.logProblemDetails(ApicurioRegistryBaseIT.java:154)
	at io.apicurio.tests.ApicurioRegistryBaseIT$RegistryApiErrorWatcher.logProblemDetails(ApicurioRegistryBaseIT.java:154)
	at io.apicurio.tests.ApicurioRegistryBaseIT$RegistryApiErrorWatcher.logProblemDetails(ApicurioRegistryBaseIT.java:154)
	at io.apicurio.tests.ApicurioRegistryBaseIT$RegistryApiErrorWatcher.logProblemDetails(ApicurioRegistryBaseIT.java:154)
	at io.apicurio.tests.ApicurioRegistryBaseIT$RegistryApiErrorWatcher.logProblemDetails(ApicurioRegistryBaseIT.java:154)
	at io.apicurio.tests.ApicurioRegistryBaseIT$RegistryApiErrorWatcher.logProblemDetails(ApicurioRegistryBaseIT.java:154)
	at io.apicurio.tests.ApicurioRegistryBaseIT$RegistryApiErrorWatcher.logProblemDetails(ApicurioRegistryBaseIT.java:154)
	at io.apicurio.tests.ApicurioRegistryBaseIT$RegistryApiErrorWatcher.logProblemDetails(ApicurioRegistryBaseIT.java:154)
	at io.apicurio.tests.ApicurioRegistryBaseIT$RegistryApiErrorWatcher.logProblemDetails(ApicurioRegistryBaseIT.java:154)
	at io.apicurio.tests.ApicurioRegistryBaseIT$RegistryApiErrorWatcher.logProblemDetails(ApicurioRegistryBaseIT.java:154)
	at io.apicurio.tests.ApicurioRegistryBaseIT$RegistryApiErrorWatcher.logProblemDetails(ApicurioRegistryBaseIT.java:154)
	at io.apicurio.tests.ApicurioRegistryBaseIT$RegistryApiErrorWatcher.logProblemDetails(ApicurioRegistryBaseIT.java:154)
	at io.apicurio.tests.ApicurioRegistryBaseIT$RegistryApiErrorWatcher.logProblemDetails(ApicurioRegistryBaseIT.java:154)
	at io.apicurio.tests.ApicurioRegistryBaseIT$RegistryApiErrorWatcher.logProblemDetails(ApicurioRegistryBaseIT.java:154)
	at io.apicurio.tests.ApicurioRegistryBaseIT$RegistryApiErrorWatcher.logProblemDetails(ApicurioRegistryBaseIT.java:154)
	at io.apicurio.tests.ApicurioRegistryBaseIT$RegistryApiErrorWatcher.logProblemDetails(ApicurioRegistryBaseIT.java:154)
	at io.apicurio.tests.ApicurioRegistryBaseIT$RegistryApiErrorWatcher.logProblemDetails(ApicurioRegistryBaseIT.java:154)
	at io.apicurio.tests.ApicurioRegistryBaseIT$RegistryApiErrorWatcher.logProblemDetails(ApicurioRegistryBaseIT.java:154)
	at io.apicurio.tests.ApicurioRegistryBaseIT$RegistryApiErrorWatcher.logProblemDetails(ApicurioRegistryBaseIT.java:154)
	at io.apicurio.tests.ApicurioRegistryBaseIT$RegistryApiErrorWatcher.logProblemDetails(ApicurioRegistryBaseIT.java:154)
	at io.apicurio.tests.ApicurioRegistryBaseIT$RegistryApiErrorWatcher.logProblemDetails(ApicurioRegistryBaseIT.java:154)
	at io.apicurio.tests.ApicurioRegistryBaseIT$RegistryApiErrorWatcher.logProblemDetails(ApicurioRegistryBaseIT.java:154)
	at io.apicurio.tests.ApicurioRegistryBaseIT$RegistryApiErrorWatcher.logProblemDetails(ApicurioRegistryBaseIT.java:154)
	at io.apicurio.tests.ApicurioRegistryBaseIT$RegistryApiErrorWatcher.logProblemDetails(ApicurioRegistryBaseIT.java:154)
	at io.apicurio.tests.ApicurioRegistryBaseIT$RegistryApiErrorWatcher.logProblemDetails(ApicurioRegistryBaseIT.java:154)
	at io.apicurio.tests.ApicurioRegistryBaseIT$RegistryApiErrorWatcher.logProblemDetails(ApicurioRegistryBaseIT.java:154)
	at io.apicurio.tests.ApicurioRegistryBaseIT$RegistryApiErrorWatcher.logProblemDetails(ApicurioRegistryBaseIT.java:154)
	at io.apicurio.tests.ApicurioRegistryBaseIT$RegistryApiErrorWatcher.logProblemDetails(ApicurioRegistryBaseIT.java:154)
	at io.apicurio.tests.ApicurioRegistryBaseIT$RegistryApiErrorWatcher.logProblemDetails(ApicurioRegistryBaseIT.java:154)
	at io.apicurio.tests.ApicurioRegistryBaseIT$RegistryApiErrorWatcher.logProblemDetails(ApicurioRegistryBaseIT.java:154)
	at io.apicurio.tests.ApicurioRegistryBaseIT$RegistryApiErrorWatcher.logProblemDetails(ApicurioRegistryBaseIT.java:154)
	at io.apicurio.tests.ApicurioRegistryBaseIT$RegistryApiErrorWatcher.logProblemDetails(ApicurioRegistryBaseIT.java:154)
	at io.apicurio.tests.ApicurioRegistryBaseIT$RegistryApiErrorWatcher.logProblemDetails(ApicurioRegistryBaseIT.java:154)
	at io.apicurio.tests.ApicurioRegistryBaseIT$RegistryApiErrorWatcher.logProblemDetails(ApicurioRegistryBaseIT.java:154)
	at io.apicurio.tests.ApicurioRegistryBaseIT$RegistryApiErrorWatcher.logProblemDetails(ApicurioRegistryBaseIT.java:154)
	at io.apicurio.tests.ApicurioRegistryBaseIT$RegistryApiErrorWatcher.logProblemDetails(ApicurioRegistryBaseIT.java:154)
	at io.apicurio.tests.ApicurioRegistryBaseIT$RegistryApiErrorWatcher.logProblemDetails(ApicurioRegistryBaseIT.java:154)
	at io.apicurio.tests.ApicurioRegistryBaseIT$RegistryApiErrorWatcher.logProblemDetails(ApicurioRegistryBaseIT.java:154)
	at io.apicurio.tests.ApicurioRegistryBaseIT$RegistryApiErrorWatcher.logProblemDetails(ApicurioRegistryBaseIT.java:154)
	at io.apicurio.tests.ApicurioRegistryBaseIT$RegistryApiErrorWatcher.logProblemDetails(ApicurioRegistryBaseIT.java:154)
	at io.apicurio.tests.ApicurioRegistryBaseIT$RegistryApiErrorWatcher.logProblemDetails(ApicurioRegistryBaseIT.java:154)
	at io.apicurio.tests.ApicurioRegistryBaseIT$RegistryApiErrorWatcher.logProblemDetails(ApicurioRegistryBaseIT.java:154)
	at io.apicurio.tests.ApicurioRegistryBaseIT$RegistryApiErrorWatcher.logProblemDetails(ApicurioRegistryBaseIT.java:154)
	at io.apicurio.tests.ApicurioRegistryBaseIT$RegistryApiErrorWatcher.logProblemDetails(ApicurioRegistryBaseIT.java:154)
	at io.apicurio.tests.ApicurioRegistryBaseIT$RegistryApiErrorWatcher.logProblemDetails(ApicurioRegistryBaseIT.java:154)
	at io.apicurio.tests.ApicurioRegistryBaseIT$RegistryApiErrorWatcher.logProblemDetails(ApicurioRegistryBaseIT.java:154)
	at io.apicurio.tests.ApicurioRegistryBaseIT$RegistryApiErrorWatcher.logProblemDetails(ApicurioRegistryBaseIT.java:154)
	at io.apicurio.tests.ApicurioRegistryBaseIT$RegistryApiErrorWatcher.logProblemDetails(ApicurioRegistryBaseIT.java:154)
	at io.apicurio.tests.ApicurioRegistryBaseIT$RegistryApiErrorWatcher.logProblemDetails(ApicurioRegistryBaseIT.java:154)
	at io.apicurio.tests.ApicurioRegistryBaseIT$RegistryApiErrorWatcher.logProblemDetails(ApicurioRegistryBaseIT.java:154)
	at io.apicurio.tests.ApicurioRegistryBaseIT$RegistryApiErrorWatcher.logProblemDetails(ApicurioRegistryBaseIT.java:154)
	at io.apicurio.tests.ApicurioRegistryBaseIT$RegistryApiErrorWatcher.logProblemDetails(ApicurioRegistryBaseIT.java:154)
	at io.apicurio.tests.ApicurioRegistryBaseIT$RegistryApiErrorWatcher.logProblemDetails(ApicurioRegistryBaseIT.java:154)
	at io.apicurio.tests.ApicurioRegistryBaseIT$RegistryApiErrorWatcher.logProblemDetails(ApicurioRegistryBaseIT.java:154)
	at io.apicurio.tests.ApicurioRegistryBaseIT$RegistryApiErrorWatcher.logProblemDetails(ApicurioRegistryBaseIT.java:154)
	at io.apicurio.tests.ApicurioRegistryBaseIT$RegistryApiErrorWatcher.logProblemDetails(ApicurioRegistryBaseIT.java:154)
	at io.apicurio.tests.ApicurioRegistryBaseIT$RegistryApiErrorWatcher.logProblemDetails(ApicurioRegistryBaseIT.java:154)
	at io.apicurio.tests.ApicurioRegistryBaseIT$RegistryApiErrorWatcher.logProblemDetails(ApicurioRegistryBaseIT.java:154)
	at io.apicurio.tests.ApicurioRegistryBaseIT$RegistryApiErrorWatcher.logProblemDetails(ApicurioRegistryBaseIT.java:154)
	at io.apicurio.tests.ApicurioRegistryBaseIT$RegistryApiErrorWatcher.logProblemDetails(ApicurioRegistryBaseIT.java:154)
	at io.apicurio.tests.ApicurioRegistryBaseIT$RegistryApiErrorWatcher.logProblemDetails(ApicurioRegistryBaseIT.java:154)
	at io.apicurio.tests.ApicurioRegistryBaseIT$RegistryApiErrorWatcher.logProblemDetails(ApicurioRegistryBaseIT.java:154)
	at io.apicurio.tests.ApicurioRegistryBaseIT$RegistryApiErrorWatcher.logProblemDetails(ApicurioRegistryBaseIT.java:154)
	at io.apicurio.tests.ApicurioRegistryBaseIT$RegistryApiErrorWatcher.logProblemDetails(ApicurioRegistryBaseIT.java:154)
	at io.apicurio.tests.ApicurioRegistryBaseIT$RegistryApiErrorWatcher.logProblemDetails(ApicurioRegistryBaseIT.java:154)
	at io.apicurio.tests.ApicurioRegistryBaseIT$RegistryApiErrorWatcher.logProblemDetails(ApicurioRegistryBaseIT.java:154)
	at io.apicurio.tests.ApicurioRegistryBaseIT$RegistryApiErrorWatcher.logProblemDetails(ApicurioRegistryBaseIT.java:154)
	at io.apicurio.tests.ApicurioRegistryBaseIT$RegistryApiErrorWatcher.logProblemDetails(ApicurioRegistryBaseIT.java:154)
	at io.apicurio.tests.ApicurioRegistryBaseIT$RegistryApiErrorWatcher.logProblemDetails(ApicurioRegistryBaseIT.java:154)
	at io.apicurio.tests.ApicurioRegistryBaseIT$RegistryApiErrorWatcher.logProblemDetails(ApicurioRegistryBaseIT.java:154)
	at io.apicurio.tests.ApicurioRegistryBaseIT$RegistryApiErrorWatcher.logProblemDetails(ApicurioRegistryBaseIT.java:154)
	at io.apicurio.tests.ApicurioRegistryBaseIT$RegistryApiErrorWatcher.logProblemDetails(ApicurioRegistryBaseIT.java:154)
	at io.apicurio.tests.ApicurioRegistryBaseIT$RegistryApiErrorWatcher.logProblemDetails(ApicurioRegistryBaseIT.java:154)
	at io.apicurio.tests.ApicurioRegistryBaseIT$RegistryApiErrorWatcher.logProblemDetails(ApicurioRegistryBaseIT.java:154)
	at io.apicurio.tests.ApicurioRegistryBaseIT$RegistryApiErrorWatcher.logProblemDetails(ApicurioRegistryBaseIT.java:154)
	at io.apicurio.tests.ApicurioRegistryBaseIT$RegistryApiErrorWatcher.logProblemDetails(ApicurioRegistryBaseIT.java:154)
	at io.apicurio.tests.ApicurioRegistryBaseIT$RegistryApiErrorWatcher.logProblemDetails(ApicurioRegistryBaseIT.java:154)
	at io.apicurio.tests.ApicurioRegistryBaseIT$RegistryApiErrorWatcher.logProblemDetails(ApicurioRegistryBaseIT.java:154)
	at io.apicurio.tests.ApicurioRegistryBaseIT$RegistryApiErrorWatcher.logProblemDetails(ApicurioRegistryBaseIT.java:154)
	at io.apicurio.tests.ApicurioRegistryBaseIT$RegistryApiErrorWatcher.logProblemDetails(ApicurioRegistryBaseIT.java:154)
	at io.apicurio.tests.ApicurioRegistryBaseIT$RegistryApiErrorWatcher.logProblemDetails(ApicurioRegistryBaseIT.java:154)
	at io.apicurio.tests.ApicurioRegistryBaseIT$RegistryApiErrorWatcher.logProblemDetails(ApicurioRegistryBaseIT.java:154)
	at io.apicurio.tests.ApicurioRegistryBaseIT$RegistryApiErrorWatcher.logProblemDetails(ApicurioRegistryBaseIT.java:154)
	at io.apicurio.tests.ApicurioRegistryBaseIT$RegistryApiErrorWatcher.logProblemDetails(ApicurioRegistryBaseIT.java:154)
	at io.apicurio.tests.ApicurioRegistryBaseIT$RegistryApiErrorWatcher.logProblemDetails(ApicurioRegistryBaseIT.java:154)
	at io.apicurio.tests.ApicurioRegistryBaseIT$RegistryApiErrorWatcher.logProblemDetails(ApicurioRegistryBaseIT.java:154)
	at io.apicurio.tests.ApicurioRegistryBaseIT$RegistryApiErrorWatcher.logProblemDetails(ApicurioRegistryBaseIT.java:154)
	at io.apicurio.tests.ApicurioRegistryBaseIT$RegistryApiErrorWatcher.logProblemDetails(ApicurioRegistryBaseIT.java:154)
	at io.apicurio.tests.ApicurioRegistryBaseIT$RegistryApiErrorWatcher.logProblemDetails(ApicurioRegistryBaseIT.java:154)
	at io.apicurio.tests.ApicurioRegistryBaseIT$RegistryApiErrorWatcher.logProblemDetails(ApicurioRegistryBaseIT.java:154)
	at io.apicurio.tests.ApicurioRegistryBaseIT$RegistryApiErrorWatcher.logProblemDetails(ApicurioRegistryBaseIT.java:154)
	at io.apicurio.tests.ApicurioRegistryBaseIT$RegistryApiErrorWatcher.logProblemDetails(ApicurioRegistryBaseIT.java:154)
	at io.apicurio.tests.ApicurioRegistryBaseIT$RegistryApiErrorWatcher.logProblemDetails(ApicurioRegistryBaseIT.java:154)
	at io.apicurio.tests.ApicurioRegistryBaseIT$RegistryApiErrorWatcher.logProblemDetails(ApicurioRegistryBaseIT.java:154)
	at io.apicurio.tests.ApicurioRegistryBaseIT$RegistryApiErrorWatcher.logProblemDetails(ApicurioRegistryBaseIT.java:154)
	at io.apicurio.tests.ApicurioRegistryBaseIT$RegistryApiErrorWatcher.logProblemDetails(ApicurioRegistryBaseIT.java:154)
	at io.apicurio.tests.ApicurioRegistryBaseIT$RegistryApiErrorWatcher.logProblemDetails(ApicurioRegistryBaseIT.java:154)
	at io.apicurio.tests.ApicurioRegistryBaseIT$RegistryApiErrorWatcher.logProblemDetails(ApicurioRegistryBaseIT.java:154)
	at io.apicurio.tests.ApicurioRegistryBaseIT$RegistryApiErrorWatcher.logProblemDetails(ApicurioRegistryBaseIT.java:154)
	at io.apicurio.tests.ApicurioRegistryBaseIT$RegistryApiErrorWatcher.logProblemDetails(ApicurioRegistryBaseIT.java:154)
	at io.apicurio.tests.ApicurioRegistryBaseIT$RegistryApiErrorWatcher.logProblemDetails(ApicurioRegistryBaseIT.java:154)
	at io.apicurio.tests.ApicurioRegistryBaseIT$RegistryApiErrorWatcher.logProblemDetails(ApicurioRegistryBaseIT.java:154)
	at io.apicurio.tests.ApicurioRegistryBaseIT$RegistryApiErrorWatcher.logProblemDetails(ApicurioRegistryBaseIT.java:154)
	at io.apicurio.tests.ApicurioRegistryBaseIT$RegistryApiErrorWatcher.logProblemDetails(ApicurioRegistryBaseIT.java:154)
	at io.apicurio.tests.ApicurioRegistryBaseIT$RegistryApiErrorWatcher.logProblemDetails(ApicurioRegistryBaseIT.java:154)
	at io.apicurio.tests.ApicurioRegistryBaseIT$RegistryApiErrorWatcher.logProblemDetails(ApicurioRegistryBaseIT.java:154)
	at io.apicurio.tests.ApicurioRegistryBaseIT$RegistryApiErrorWatcher.logProblemDetails(ApicurioRegistryBaseIT.java:154)
	at io.apicurio.tests.ApicurioRegistryBaseIT$RegistryApiErrorWatcher.logProblemDetails(ApicurioRegistryBaseIT.java:154)
	at io.apicurio.tests.ApicurioRegistryBaseIT$RegistryApiErrorWatcher.logProblemDetails(ApicurioRegistryBaseIT.java:154)
	at io.apicurio.tests.ApicurioRegistryBaseIT$RegistryApiErrorWatcher.logProblemDetails(ApicurioRegistryBaseIT.java:154)
	at io.apicurio.tests.ApicurioRegistryBaseIT$RegistryApiErrorWatcher.logProblemDetails(ApicurioRegistryBaseIT.java:154)
	at io.apicurio.tests.ApicurioRegistryBaseIT$RegistryApiErrorWatcher.logProblemDetails(ApicurioRegistryBaseIT.java:154)
	at io.apicurio.tests.ApicurioRegistryBaseIT$RegistryApiErrorWatcher.logProblemDetails(ApicurioRegistryBaseIT.java:154)
	at io.apicurio.tests.ApicurioRegistryBaseIT$RegistryApiErrorWatcher.logProblemDetails(ApicurioRegistryBaseIT.java:154)
	at io.apicurio.tests.ApicurioRegistryBaseIT$RegistryApiErrorWatcher.logProblemDetails(ApicurioRegistryBaseIT.java:154)
	at io.apicurio.tests.ApicurioRegistryBaseIT$RegistryApiErrorWatcher.logProblemDetails(ApicurioRegistryBaseIT.java:154)
	at io.apicurio.tests.ApicurioRegistryBaseIT$RegistryApiErrorWatcher.logProblemDetails(ApicurioRegistryBaseIT.java:154)
	at io.apicurio.tests.ApicurioRegistryBaseIT$RegistryApiErrorWatcher.logProblemDetails(ApicurioRegistryBaseIT.java:154)
	at io.apicurio.tests.ApicurioRegistryBaseIT$RegistryApiErrorWatcher.logProblemDetails(ApicurioRegistryBaseIT.java:154)
	at io.apicurio.tests.ApicurioRegistryBaseIT$RegistryApiErrorWatcher.logProblemDetails(ApicurioRegistryBaseIT.java:154)
	at io.apicurio.tests.ApicurioRegistryBaseIT$RegistryApiErrorWatcher.logProblemDetails(ApicurioRegistryBaseIT.java:154)
	at io.apicurio.tests.ApicurioRegistryBaseIT$RegistryApiErrorWatcher.logProblemDetails(ApicurioRegistryBaseIT.java:154)
	at io.apicurio.tests.ApicurioRegistryBaseIT$RegistryApiErrorWatcher.logProblemDetails(ApicurioRegistryBaseIT.java:154)
	at io.apicurio.tests.ApicurioRegistryBaseIT$RegistryApiErrorWatcher.logProblemDetails(ApicurioRegistryBaseIT.java:154)
	at io.apicurio.tests.ApicurioRegistryBaseIT$RegistryApiErrorWatcher.logProblemDetails(ApicurioRegistryBaseIT.java:154)
	at io.apicurio.tests.ApicurioRegistryBaseIT$RegistryApiErrorWatcher.logProblemDetails(ApicurioRegistryBaseIT.java:154)
	at io.apicurio.tests.ApicurioRegistryBaseIT$RegistryApiErrorWatcher.logProblemDetails(ApicurioRegistryBaseIT.java:154)
	at io.apicurio.tests.ApicurioRegistryBaseIT$RegistryApiErrorWatcher.logProblemDetails(ApicurioRegistryBaseIT.java:154)
	at io.apicurio.tests.ApicurioRegistryBaseIT$RegistryApiErrorWatcher.logProblemDetails(ApicurioRegistryBaseIT.java:154)
	at io.apicurio.tests.ApicurioRegistryBaseIT$RegistryApiErrorWatcher.logProblemDetails(ApicurioRegistryBaseIT.java:154)
	at io.apicurio.tests.ApicurioRegistryBaseIT$RegistryApiErrorWatcher.logProblemDetails(ApicurioRegistryBaseIT.java:154)
	at io.apicurio.tests.ApicurioRegistryBaseIT$RegistryApiErrorWatcher.logProblemDetails(ApicurioRegistryBaseIT.java:154)
	at io.apicurio.tests.ApicurioRegistryBaseIT$RegistryApiErrorWatcher.logProblemDetails(ApicurioRegistryBaseIT.java:154)
	at io.apicurio.tests.ApicurioRegistryBaseIT$RegistryApiErrorWatcher.logProblemDetails(ApicurioRegistryBaseIT.java:154)
	at io.apicurio.tests.ApicurioRegistryBaseIT$RegistryApiErrorWatcher.logProblemDetails(ApicurioRegistryBaseIT.java:154)
	at io.apicurio.tests.ApicurioRegistryBaseIT$RegistryApiErrorWatcher.logProblemDetails(ApicurioRegistryBaseIT.java:154)
	at io.apicurio.tests.ApicurioRegistryBaseIT$RegistryApiErrorWatcher.logProblemDetails(ApicurioRegistryBaseIT.java:154)
	at io.apicurio.tests.ApicurioRegistryBaseIT$RegistryApiErrorWatcher.logProblemDetails(ApicurioRegistryBaseIT.java:154)
	at io.apicurio.tests.ApicurioRegistryBaseIT$RegistryApiErrorWatcher.logProblemDetails(ApicurioRegistryBaseIT.java:154)
	at io.apicurio.tests.ApicurioRegistryBaseIT$RegistryApiErrorWatcher.logProblemDetails(ApicurioRegistryBaseIT.java:154)
	at io.apicurio.tests.ApicurioRegistryBaseIT$RegistryApiErrorWatcher.logProblemDetails(ApicurioRegistryBaseIT.java:154)
	at io.apicurio.tests.ApicurioRegistryBaseIT$RegistryApiErrorWatcher.logProblemDetails(ApicurioRegistryBaseIT.java:154)
	at io.apicurio.tests.ApicurioRegistryBaseIT$RegistryApiErrorWatcher.logProblemDetails(ApicurioRegistryBaseIT.java:154)
	at io.apicurio.tests.ApicurioRegistryBaseIT$RegistryApiErrorWatcher.logProblemDetails(ApicurioRegistryBaseIT.java:154)
	at io.apicurio.tests.ApicurioRegistryBaseIT$RegistryApiErrorWatcher.logProblemDetails(ApicurioRegistryBaseIT.java:154)
	at io.apicurio.tests.ApicurioRegistryBaseIT$RegistryApiErrorWatcher.logProblemDetails(ApicurioRegistryBaseIT.java:154)
	at io.apicurio.tests.ApicurioRegistryBaseIT$RegistryApiErrorWatcher.logProblemDetails(ApicurioRegistryBaseIT.java:154)
	at io.apicurio.tests.ApicurioRegistryBaseIT$RegistryApiErrorWatcher.logProblemDetails(ApicurioRegistryBaseIT.java:154)
	at io.apicurio.tests.ApicurioRegistryBaseIT$RegistryApiErrorWatcher.logProblemDetails(ApicurioRegistryBaseIT.java:154)
	at io.apicurio.tests.ApicurioRegistryBaseIT$RegistryApiErrorWatcher.logProblemDetails(ApicurioRegistryBaseIT.java:154)
	at io.apicurio.tests.ApicurioRegistryBaseIT$RegistryApiErrorWatcher.logProblemDetails(ApicurioRegistryBaseIT.java:154)
	at io.apicurio.tests.ApicurioRegistryBaseIT$RegistryApiErrorWatcher.logProblemDetails(ApicurioRegistryBaseIT.java:154)
	at io.apicurio.tests.ApicurioRegistryBaseIT$RegistryApiErrorWatcher.logProblemDetails(ApicurioRegistryBaseIT.java:154)
	at io.apicurio.tests.ApicurioRegistryBaseIT$RegistryApiErrorWatcher.logProblemDetails(ApicurioRegistryBaseIT.java:154)
	at io.apicurio.tests.ApicurioRegistryBaseIT$RegistryApiErrorWatcher.logProblemDetails(ApicurioRegistryBaseIT.java:154)
	at io.apicurio.tests.ApicurioRegistryBaseIT$RegistryApiErrorWatcher.logProblemDetails(ApicurioRegistryBaseIT.java:154)
	at io.apicurio.tests.ApicurioRegistryBaseIT$RegistryApiErrorWatcher.logProblemDetails(ApicurioRegistryBaseIT.java:154)
	at io.apicurio.tests.ApicurioRegistryBaseIT$RegistryApiErrorWatcher.logProblemDetails(ApicurioRegistryBaseIT.java:154)
	at io.apicurio.tests.ApicurioRegistryBaseIT$RegistryApiErrorWatcher.logProblemDetails(ApicurioRegistryBaseIT.java:154)
	at io.apicurio.tests.ApicurioRegistryBaseIT$RegistryApiErrorWatcher.logProblemDetails(ApicurioRegistryBaseIT.java:154)
	at io.apicurio.tests.ApicurioRegistryBaseIT$RegistryApiErrorWatcher.logProblemDetails(ApicurioRegistryBaseIT.java:154)
	at io.apicurio.tests.ApicurioRegistryBaseIT$RegistryApiErrorWatcher.logProblemDetails(ApicurioRegistryBaseIT.java:154)
	at io.apicurio.tests.ApicurioRegistryBaseIT$RegistryApiErrorWatcher.logProblemDetails(ApicurioRegistryBaseIT.java:154)
	at io.apicurio.tests.ApicurioRegistryBaseIT$RegistryApiErrorWatcher.logProblemDetails(ApicurioRegistryBaseIT.java:154)
	at io.apicurio.tests.ApicurioRegistryBaseIT$RegistryApiErrorWatcher.logProblemDetails(ApicurioRegistryBaseIT.java:154)
	at io.apicurio.tests.ApicurioRegistryBaseIT$RegistryApiErrorWatcher.logProblemDetails(ApicurioRegistryBaseIT.java:154)
	at io.apicurio.tests.ApicurioRegistryBaseIT$RegistryApiErrorWatcher.logProblemDetails(ApicurioRegistryBaseIT.java:154)
	at io.apicurio.tests.ApicurioRegistryBaseIT$RegistryApiErrorWatcher.logProblemDetails(ApicurioRegistryBaseIT.java:154)
	at io.apicurio.tests.ApicurioRegistryBaseIT$RegistryApiErrorWatcher.logProblemDetails(ApicurioRegistryBaseIT.java:154)
	at io.apicurio.tests.ApicurioRegistryBaseIT$RegistryApiErrorWatcher.logProblemDetails(ApicurioRegistryBaseIT.java:154)
	at io.apicurio.tests.ApicurioRegistryBaseIT$RegistryApiErrorWatcher.logProblemDetails(ApicurioRegistryBaseIT.java:154)
	at io.apicurio.tests.ApicurioRegistryBaseIT$RegistryApiErrorWatcher.logProblemDetails(ApicurioRegistryBaseIT.java:154)
	at io.apicurio.tests.ApicurioRegistryBaseIT$RegistryApiErrorWatcher.logProblemDetails(ApicurioRegistryBaseIT.java:154)
	at io.apicurio.tests.ApicurioRegistryBaseIT$RegistryApiErrorWatcher.logProblemDetails(ApicurioRegistryBaseIT.java:154)
	at io.apicurio.tests.ApicurioRegistryBaseIT$RegistryApiErrorWatcher.logProblemDetails(ApicurioRegistryBaseIT.java:154)
	at io.apicurio.tests.ApicurioRegistryBaseIT$RegistryApiErrorWatcher.logProblemDetails(ApicurioRegistryBaseIT.java:154)
	at io.apicurio.tests.ApicurioRegistryBaseIT$RegistryApiErrorWatcher.logProblemDetails(ApicurioRegistryBaseIT.java:154)
	at io.apicurio.tests.ApicurioRegistryBaseIT$RegistryApiErrorWatcher.logProblemDetails(ApicurioRegistryBaseIT.java:154)
	at io.apicurio.tests.ApicurioRegistryBaseIT$RegistryApiErrorWatcher.logProblemDetails(ApicurioRegistryBaseIT.java:154)
	at io.apicurio.tests.ApicurioRegistryBaseIT$RegistryApiErrorWatcher.logProblemDetails(ApicurioRegistryBaseIT.java:154)
	at io.apicurio.tests.ApicurioRegistryBaseIT$RegistryApiErrorWatcher.logProblemDetails(ApicurioRegistryBaseIT.java:154)
	at io.apicurio.tests.ApicurioRegistryBaseIT$RegistryApiErrorWatcher.logProblemDetails(ApicurioRegistryBaseIT.java:154)
	at io.apicurio.tests.ApicurioRegistryBaseIT$RegistryApiErrorWatcher.logProblemDetails(ApicurioRegistryBaseIT.java:154)
	at io.apicurio.tests.ApicurioRegistryBaseIT$RegistryApiErrorWatcher.logProblemDetails(ApicurioRegistryBaseIT.java:154)
	at io.apicurio.tests.ApicurioRegistryBaseIT$RegistryApiErrorWatcher.logProblemDetails(ApicurioRegistryBaseIT.java:154)
	at io.apicurio.tests.ApicurioRegistryBaseIT$RegistryApiErrorWatcher.logProblemDetails(ApicurioRegistryBaseIT.java:154)
	at io.apicurio.tests.ApicurioRegistryBaseIT$RegistryApiErrorWatcher.logProblemDetails(ApicurioRegistryBaseIT.java:154)
	at io.apicurio.tests.ApicurioRegistryBaseIT$RegistryApiErrorWatcher.logProblemDetails(ApicurioRegistryBaseIT.java:154)
	at io.apicurio.tests.ApicurioRegistryBaseIT$RegistryApiErrorWatcher.logProblemDetails(ApicurioRegistryBaseIT.java:154)
	at io.apicurio.tests.ApicurioRegistryBaseIT$RegistryApiErrorWatcher.logProblemDetails(ApicurioRegistryBaseIT.java:154)
	at io.apicurio.tests.ApicurioRegistryBaseIT$RegistryApiErrorWatcher.logProblemDetails(ApicurioRegistryBaseIT.java:154)
	at io.apicurio.tests.ApicurioRegistryBaseIT$RegistryApiErrorWatcher.logProblemDetails(ApicurioRegistryBaseIT.java:154)
	at io.apicurio.tests.ApicurioRegistryBaseIT$RegistryApiErrorWatcher.logProblemDetails(ApicurioRegistryBaseIT.java:154)
	at io.apicurio.tests.ApicurioRegistryBaseIT$RegistryApiErrorWatcher.logProblemDetails(ApicurioRegistryBaseIT.java:154)
	at io.apicurio.tests.ApicurioRegistryBaseIT$RegistryApiErrorWatcher.logProblemDetails(ApicurioRegistryBaseIT.java:154)
	at io.apicurio.tests.ApicurioRegistryBaseIT$RegistryApiErrorWatcher.logProblemDetails(ApicurioRegistryBaseIT.java:154)
	at io.apicurio.tests.ApicurioRegistryBaseIT$RegistryApiErrorWatcher.logProblemDetails(ApicurioRegistryBaseIT.java:154)
	at io.apicurio.tests.ApicurioRegistryBaseIT$RegistryApiErrorWatcher.logProblemDetails(ApicurioRegistryBaseIT.java:154)
	at io.apicurio.tests.ApicurioRegistryBaseIT$RegistryApiErrorWatcher.logProblemDetails(ApicurioRegistryBaseIT.java:154)
	at io.apicurio.tests.ApicurioRegistryBaseIT$RegistryApiErrorWatcher.logProblemDetails(ApicurioRegistryBaseIT.java:154)
	at io.apicurio.tests.ApicurioRegistryBaseIT$RegistryApiErrorWatcher.logProblemDetails(ApicurioRegistryBaseIT.java:154)
	at io.apicurio.tests.ApicurioRegistryBaseIT$RegistryApiErrorWatcher.logProblemDetails(ApicurioRegistryBaseIT.java:154)
	at io.apicurio.tests.ApicurioRegistryBaseIT$RegistryApiErrorWatcher.logProblemDetails(ApicurioRegistryBaseIT.java:154)
	at io.apicurio.tests.ApicurioRegistryBaseIT$RegistryApiErrorWatcher.logProblemDetails(ApicurioRegistryBaseIT.java:154)
	at io.apicurio.tests.ApicurioRegistryBaseIT$RegistryApiErrorWatcher.logProblemDetails(ApicurioRegistryBaseIT.java:154)
	at io.apicurio.tests.ApicurioRegistryBaseIT$RegistryApiErrorWatcher.logProblemDetails(ApicurioRegistryBaseIT.java:154)
	at io.apicurio.tests.ApicurioRegistryBaseIT$RegistryApiErrorWatcher.logProblemDetails(ApicurioRegistryBaseIT.java:154)
	at io.apicurio.tests.ApicurioRegistryBaseIT$RegistryApiErrorWatcher.logProblemDetails(ApicurioRegistryBaseIT.java:154)
	at io.apicurio.tests.ApicurioRegistryBaseIT$RegistryApiErrorWatcher.logProblemDetails(ApicurioRegistryBaseIT.java:154)
	at io.apicurio.tests.ApicurioRegistryBaseIT$RegistryApiErrorWatcher.logProblemDetails(ApicurioRegistryBaseIT.java:154)
	at io.apicurio.tests.ApicurioRegistryBaseIT$RegistryApiErrorWatcher.logProblemDetails(ApicurioRegistryBaseIT.java:154)
	at io.apicurio.tests.ApicurioRegistryBaseIT$RegistryApiErrorWatcher.logProblemDetails(ApicurioRegistryBaseIT.java:154)
	at io.apicurio.tests.ApicurioRegistryBaseIT$RegistryApiErrorWatcher.logProblemDetails(ApicurioRegistryBaseIT.java:154)
	at io.apicurio.tests.ApicurioRegistryBaseIT$RegistryApiErrorWatcher.logProblemDetails(ApicurioRegistryBaseIT.java:154)
	at io.apicurio.tests.ApicurioRegistryBaseIT$RegistryApiErrorWatcher.logProblemDetails(ApicurioRegistryBaseIT.java:154)
	at io.apicurio.tests.ApicurioRegistryBaseIT$RegistryApiErrorWatcher.logProblemDetails(ApicurioRegistryBaseIT.java:154)
	at io.apicurio.tests.ApicurioRegistryBaseIT$RegistryApiErrorWatcher.logProblemDetails(ApicurioRegistryBaseIT.java:154)
	at io.apicurio.tests.ApicurioRegistryBaseIT$RegistryApiErrorWatcher.logProblemDetails(ApicurioRegistryBaseIT.java:154)
	at io.apicurio.tests.ApicurioRegistryBaseIT$RegistryApiErrorWatcher.logProblemDetails(ApicurioRegistryBaseIT.java:154)
	at io.apicurio.tests.ApicurioRegistryBaseIT$RegistryApiErrorWatcher.logProblemDetails(ApicurioRegistryBaseIT.java:154)
	at io.apicurio.tests.ApicurioRegistryBaseIT$RegistryApiErrorWatcher.logProblemDetails(ApicurioRegistryBaseIT.java:154)
	at io.apicurio.tests.ApicurioRegistryBaseIT$RegistryApiErrorWatcher.logProblemDetails(ApicurioRegistryBaseIT.java:154)
	at io.apicurio.tests.ApicurioRegistryBaseIT$RegistryApiErrorWatcher.logProblemDetails(ApicurioRegistryBaseIT.java:154)
	at io.apicurio.tests.ApicurioRegistryBaseIT$RegistryApiErrorWatcher.logProblemDetails(ApicurioRegistryBaseIT.java:154)
	at io.apicurio.tests.ApicurioRegistryBaseIT$RegistryApiErrorWatcher.logProblemDetails(ApicurioRegistryBaseIT.java:154)
	at io.apicurio.tests.ApicurioRegistryBaseIT$RegistryApiErrorWatcher.logProblemDetails(ApicurioRegistryBaseIT.java:154)
	at io.apicurio.tests.ApicurioRegistryBaseIT$RegistryApiErrorWatcher.logProblemDetails(ApicurioRegistryBaseIT.java:154)
	at io.apicurio.tests.ApicurioRegistryBaseIT$RegistryApiErrorWatcher.logProblemDetails(ApicurioRegistryBaseIT.java:154)
	at io.apicurio.tests.ApicurioRegistryBaseIT$RegistryApiErrorWatcher.logProblemDetails(ApicurioRegistryBaseIT.java:154)
	at io.apicurio.tests.ApicurioRegistryBaseIT$RegistryApiErrorWatcher.logProblemDetails(ApicurioRegistryBaseIT.java:154)
	at io.apicurio.tests.ApicurioRegistryBaseIT$RegistryApiErrorWatcher.logProblemDetails(ApicurioRegistryBaseIT.java:154)
	at io.apicurio.tests.ApicurioRegistryBaseIT$RegistryApiErrorWatcher.logProblemDetails(ApicurioRegistryBaseIT.java:154)
	at io.apicurio.tests.ApicurioRegistryBaseIT$RegistryApiErrorWatcher.logProblemDetails(ApicurioRegistryBaseIT.java:154)
	at io.apicurio.tests.ApicurioRegistryBaseIT$RegistryApiErrorWatcher.logProblemDetails(ApicurioRegistryBaseIT.java:154)
	at io.apicurio.tests.ApicurioRegistryBaseIT$RegistryApiErrorWatcher.logProblemDetails(ApicurioRegistryBaseIT.java:154)
	at io.apicurio.tests.ApicurioRegistryBaseIT$RegistryApiErrorWatcher.logProblemDetails(ApicurioRegistryBaseIT.java:154)
	at io.apicurio.tests.ApicurioRegistryBaseIT$RegistryApiErrorWatcher.logProblemDetails(ApicurioRegistryBaseIT.java:154)
	at io.apicurio.tests.ApicurioRegistryBaseIT$RegistryApiErrorWatcher.logProblemDetails(ApicurioRegistryBaseIT.java:154)
	at io.apicurio.tests.ApicurioRegistryBaseIT$RegistryApiErrorWatcher.logProblemDetails(ApicurioRegistryBaseIT.java:154)
	at io.apicurio.tests.ApicurioRegistryBaseIT$RegistryApiErrorWatcher.logProblemDetails(ApicurioRegistryBaseIT.java:154)
	at io.apicurio.tests.ApicurioRegistryBaseIT$RegistryApiErrorWatcher.logProblemDetails(ApicurioRegistryBaseIT.java:154)
	at io.apicurio.tests.ApicurioRegistryBaseIT$RegistryApiErrorWatcher.logProblemDetails(ApicurioRegistryBaseIT.java:154)
	at io.apicurio.tests.ApicurioRegistryBaseIT$RegistryApiErrorWatcher.logProblemDetails(ApicurioRegistryBaseIT.java:154)
	at io.apicurio.tests.ApicurioRegistryBaseIT$RegistryApiErrorWatcher.logProblemDetails(ApicurioRegistryBaseIT.java:154)
	at io.apicurio.tests.ApicurioRegistryBaseIT$RegistryApiErrorWatcher.logProblemDetails(ApicurioRegistryBaseIT.java:154)
	at io.apicurio.tests.ApicurioRegistryBaseIT$RegistryApiErrorWatcher.logProblemDetails(ApicurioRegistryBaseIT.java:154)
	at io.apicurio.tests.ApicurioRegistryBaseIT$RegistryApiErrorWatcher.logProblemDetails(ApicurioRegistryBaseIT.java:154)
	at io.apicurio.tests.ApicurioRegistryBaseIT$RegistryApiErrorWatcher.logProblemDetails(ApicurioRegistryBaseIT.java:154)
	at io.apicurio.tests.ApicurioRegistryBaseIT$RegistryApiErrorWatcher.logProblemDetails(ApicurioRegistryBaseIT.java:154)
	at io.apicurio.tests.ApicurioRegistryBaseIT$RegistryApiErrorWatcher.logProblemDetails(ApicurioRegistryBaseIT.java:154)
	at io.apicurio.tests.ApicurioRegistryBaseIT$RegistryApiErrorWatcher.logProblemDetails(ApicurioRegistryBaseIT.java:154)
	at io.apicurio.tests.ApicurioRegistryBaseIT$RegistryApiErrorWatcher.logProblemDetails(ApicurioRegistryBaseIT.java:154)
	at io.apicurio.tests.ApicurioRegistryBaseIT$RegistryApiErrorWatcher.logProblemDetails(ApicurioRegistryBaseIT.java:154)
	at io.apicurio.tests.ApicurioRegistryBaseIT$RegistryApiErrorWatcher.logProblemDetails(ApicurioRegistryBaseIT.java:154)
	at io.apicurio.tests.ApicurioRegistryBaseIT$RegistryApiErrorWatcher.logProblemDetails(ApicurioRegistryBaseIT.java:154)
	at io.apicurio.tests.ApicurioRegistryBaseIT$RegistryApiErrorWatcher.logProblemDetails(ApicurioRegistryBaseIT.java:154)
	at io.apicurio.tests.ApicurioRegistryBaseIT$RegistryApiErrorWatcher.logProblemDetails(ApicurioRegistryBaseIT.java:154)
	at io.apicurio.tests.ApicurioRegistryBaseIT$RegistryApiErrorWatcher.logProblemDetails(ApicurioRegistryBaseIT.java:154)
	at io.apicurio.tests.ApicurioRegistryBaseIT$RegistryApiErrorWatcher.logProblemDetails(ApicurioRegistryBaseIT.java:154)
	at io.apicurio.tests.ApicurioRegistryBaseIT$RegistryApiErrorWatcher.logProblemDetails(ApicurioRegistryBaseIT.java:154)
	at io.apicurio.tests.ApicurioRegistryBaseIT$RegistryApiErrorWatcher.logProblemDetails(ApicurioRegistryBaseIT.java:154)
	at io.apicurio.tests.ApicurioRegistryBaseIT$RegistryApiErrorWatcher.logProblemDetails(ApicurioRegistryBaseIT.java:154)
	at io.apicurio.tests.ApicurioRegistryBaseIT$RegistryApiErrorWatcher.logProblemDetails(ApicurioRegistryBaseIT.java:154)
	at io.apicurio.tests.ApicurioRegistryBaseIT$RegistryApiErrorWatcher.logProblemDetails(ApicurioRegistryBaseIT.java:154)
	at io.apicurio.tests.ApicurioRegistryBaseIT$RegistryApiErrorWatcher.logProblemDetails(ApicurioRegistryBaseIT.java:154)
	at io.apicurio.tests.ApicurioRegistryBaseIT$RegistryApiErrorWatcher.logProblemDetails(ApicurioRegistryBaseIT.java:154)
	at io.apicurio.tests.ApicurioRegistryBaseIT$RegistryApiErrorWatcher.logProblemDetails(ApicurioRegistryBaseIT.java:154)
	at io.apicurio.tests.ApicurioRegistryBaseIT$RegistryApiErrorWatcher.logProblemDetails(ApicurioRegistryBaseIT.java:154)
	at io.apicurio.tests.ApicurioRegistryBaseIT$RegistryApiErrorWatcher.logProblemDetails(ApicurioRegistryBaseIT.java:154)
	at io.apicurio.tests.ApicurioRegistryBaseIT$RegistryApiErrorWatcher.logProblemDetails(ApicurioRegistryBaseIT.java:154)
	at io.apicurio.tests.ApicurioRegistryBaseIT$RegistryApiErrorWatcher.logProblemDetails(ApicurioRegistryBaseIT.java:154)
	at io.apicurio.tests.ApicurioRegistryBaseIT$RegistryApiErrorWatcher.logProblemDetails(ApicurioRegistryBaseIT.java:154)
	at io.apicurio.tests.ApicurioRegistryBaseIT$RegistryApiErrorWatcher.logProblemDetails(ApicurioRegistryBaseIT.java:154)
	at io.apicurio.tests.ApicurioRegistryBaseIT$RegistryApiErrorWatcher.logProblemDetails(ApicurioRegistryBaseIT.java:154)
	at io.apicurio.tests.ApicurioRegistryBaseIT$RegistryApiErrorWatcher.logProblemDetails(ApicurioRegistryBaseIT.java:154)
	at io.apicurio.tests.ApicurioRegistryBaseIT$RegistryApiErrorWatcher.logProblemDetails(ApicurioRegistryBaseIT.java:154)
	at io.apicurio.tests.ApicurioRegistryBaseIT$RegistryApiErrorWatcher.logProblemDetails(ApicurioRegistryBaseIT.java:154)
	at io.apicurio.tests.ApicurioRegistryBaseIT$RegistryApiErrorWatcher.logProblemDetails(ApicurioRegistryBaseIT.java:154)
	at io.apicurio.tests.ApicurioRegistryBaseIT$RegistryApiErrorWatcher.logProblemDetails(ApicurioRegistryBaseIT.java:154)
	at io.apicurio.tests.ApicurioRegistryBaseIT$RegistryApiErrorWatcher.logProblemDetails(ApicurioRegistryBaseIT.java:154)
	at io.apicurio.tests.ApicurioRegistryBaseIT$RegistryApiErrorWatcher.logProblemDetails(ApicurioRegistryBaseIT.java:154)
	at io.apicurio.tests.ApicurioRegistryBaseIT$RegistryApiErrorWatcher.logProblemDetails(ApicurioRegistryBaseIT.java:154)
	at io.apicurio.tests.ApicurioRegistryBaseIT$RegistryApiErrorWatcher.logProblemDetails(ApicurioRegistryBaseIT.java:154)
	at io.apicurio.tests.ApicurioRegistryBaseIT$RegistryApiErrorWatcher.logProblemDetails(ApicurioRegistryBaseIT.java:154)
	at io.apicurio.tests.ApicurioRegistryBaseIT$RegistryApiErrorWatcher.logProblemDetails(ApicurioRegistryBaseIT.java:154)
	at io.apicurio.tests.ApicurioRegistryBaseIT$RegistryApiErrorWatcher.logProblemDetails(ApicurioRegistryBaseIT.java:154)
	at io.apicurio.tests.ApicurioRegistryBaseIT$RegistryApiErrorWatcher.logProblemDetails(ApicurioRegistryBaseIT.java:154)
	at io.apicurio.tests.ApicurioRegistryBaseIT$RegistryApiErrorWatcher.logProblemDetails(ApicurioRegistryBaseIT.java:154)
	at io.apicurio.tests.ApicurioRegistryBaseIT$RegistryApiErrorWatcher.logProblemDetails(ApicurioRegistryBaseIT.java:154)
	at io.apicurio.tests.ApicurioRegistryBaseIT$RegistryApiErrorWatcher.logProblemDetails(ApicurioRegistryBaseIT.java:154)
	at io.apicurio.tests.ApicurioRegistryBaseIT$RegistryApiErrorWatcher.logProblemDetails(ApicurioRegistryBaseIT.java:154)
	at io.apicurio.tests.ApicurioRegistryBaseIT$RegistryApiErrorWatcher.logProblemDetails(ApicurioRegistryBaseIT.java:154)
	at io.apicurio.tests.ApicurioRegistryBaseIT$RegistryApiErrorWatcher.logProblemDetails(ApicurioRegistryBaseIT.java:154)
	at io.apicurio.tests.ApicurioRegistryBaseIT$RegistryApiErrorWatcher.logProblemDetails(ApicurioRegistryBaseIT.java:154)
	at io.apicurio.tests.ApicurioRegistryBaseIT$RegistryApiErrorWatcher.logProblemDetails(ApicurioRegistryBaseIT.java:154)
	at io.apicurio.tests.ApicurioRegistryBaseIT$RegistryApiErrorWatcher.logProblemDetails(ApicurioRegistryBaseIT.java:154)
	at io.apicurio.tests.ApicurioRegistryBaseIT$RegistryApiErrorWatcher.logProblemDetails(ApicurioRegistryBaseIT.java:154)
	at io.apicurio.tests.ApicurioRegistryBaseIT$RegistryApiErrorWatcher.logProblemDetails(ApicurioRegistryBaseIT.java:154)
	at io.apicurio.tests.ApicurioRegistryBaseIT$RegistryApiErrorWatcher.logProblemDetails(ApicurioRegistryBaseIT.java:154)
	at io.apicurio.tests.ApicurioRegistryBaseIT$RegistryApiErrorWatcher.logProblemDetails(ApicurioRegistryBaseIT.java:154)
	at io.apicurio.tests.ApicurioRegistryBaseIT$RegistryApiErrorWatcher.logProblemDetails(ApicurioRegistryBaseIT.java:154)
	at io.apicurio.tests.ApicurioRegistryBaseIT$RegistryApiErrorWatcher.logProblemDetails(ApicurioRegistryBaseIT.java:154)
	at io.apicurio.tests.ApicurioRegistryBaseIT$RegistryApiErrorWatcher.logProblemDetails(ApicurioRegistryBaseIT.java:154)
	at io.apicurio.tests.ApicurioRegistryBaseIT$RegistryApiErrorWatcher.logProblemDetails(ApicurioRegistryBaseIT.java:154)
	at io.apicurio.tests.ApicurioRegistryBaseIT$RegistryApiErrorWatcher.logProblemDetails(ApicurioRegistryBaseIT.java:154)
	at io.apicurio.tests.ApicurioRegistryBaseIT$RegistryApiErrorWatcher.logProblemDetails(ApicurioRegistryBaseIT.java:154)
	at io.apicurio.tests.ApicurioRegistryBaseIT$RegistryApiErrorWatcher.logProblemDetails(ApicurioRegistryBaseIT.java:154)
	at io.apicurio.tests.ApicurioRegistryBaseIT$RegistryApiErrorWatcher.logProblemDetails(ApicurioRegistryBaseIT.java:154)
	at io.apicurio.tests.ApicurioRegistryBaseIT$RegistryApiErrorWatcher.logProblemDetails(ApicurioRegistryBaseIT.java:154)
	at io.apicurio.tests.ApicurioRegistryBaseIT$RegistryApiErrorWatcher.logProblemDetails(ApicurioRegistryBaseIT.java:154)
	at io.apicurio.tests.ApicurioRegistryBaseIT$RegistryApiErrorWatcher.logProblemDetails(ApicurioRegistryBaseIT.java:154)
	at io.apicurio.tests.ApicurioRegistryBaseIT$RegistryApiErrorWatcher.logProblemDetails(ApicurioRegistryBaseIT.java:154)
	at io.apicurio.tests.ApicurioRegistryBaseIT$RegistryApiErrorWatcher.logProblemDetails(ApicurioRegistryBaseIT.java:154)
	at io.apicurio.tests.ApicurioRegistryBaseIT$RegistryApiErrorWatcher.logProblemDetails(ApicurioRegistryBaseIT.java:154)
	at io.apicurio.tests.ApicurioRegistryBaseIT$RegistryApiErrorWatcher.logProblemDetails(ApicurioRegistryBaseIT.java:154)
	at io.apicurio.tests.ApicurioRegistryBaseIT$RegistryApiErrorWatcher.logProblemDetails(ApicurioRegistryBaseIT.java:154)
	at io.apicurio.tests.ApicurioRegistryBaseIT$RegistryApiErrorWatcher.logProblemDetails(ApicurioRegistryBaseIT.java:154)
	at io.apicurio.tests.ApicurioRegistryBaseIT$RegistryApiErrorWatcher.logProblemDetails(ApicurioRegistryBaseIT.java:154)
	at io.apicurio.tests.ApicurioRegistryBaseIT$RegistryApiErrorWatcher.logProblemDetails(ApicurioRegistryBaseIT.java:154)
	at io.apicurio.tests.ApicurioRegistryBaseIT$RegistryApiErrorWatcher.logProblemDetails(ApicurioRegistryBaseIT.java:154)
	at io.apicurio.tests.ApicurioRegistryBaseIT$RegistryApiErrorWatcher.logProblemDetails(ApicurioRegistryBaseIT.java:154)
	at io.apicurio.tests.ApicurioRegistryBaseIT$RegistryApiErrorWatcher.logProblemDetails(ApicurioRegistryBaseIT.java:154)
	at io.apicurio.tests.ApicurioRegistryBaseIT$RegistryApiErrorWatcher.logProblemDetails(ApicurioRegistryBaseIT.java:154)
	at io.apicurio.tests.ApicurioRegistryBaseIT$RegistryApiErrorWatcher.logProblemDetails(ApicurioRegistryBaseIT.java:154)
	at io.apicurio.tests.ApicurioRegistryBaseIT$RegistryApiErrorWatcher.logProblemDetails(ApicurioRegistryBaseIT.java:154)
	at io.apicurio.tests.ApicurioRegistryBaseIT$RegistryApiErrorWatcher.logProblemDetails(ApicurioRegistryBaseIT.java:154)
	at io.apicurio.tests.ApicurioRegistryBaseIT$RegistryApiErrorWatcher.logProblemDetails(ApicurioRegistryBaseIT.java:154)
	at io.apicurio.tests.ApicurioRegistryBaseIT$RegistryApiErrorWatcher.logProblemDetails(ApicurioRegistryBaseIT.java:154)
	at io.apicurio.tests.ApicurioRegistryBaseIT$RegistryApiErrorWatcher.logProblemDetails(ApicurioRegistryBaseIT.java:154)
	at io.apicurio.tests.ApicurioRegistryBaseIT$RegistryApiErrorWatcher.logProblemDetails(ApicurioRegistryBaseIT.java:154)
	at io.apicurio.tests.ApicurioRegistryBaseIT$RegistryApiErrorWatcher.logProblemDetails(ApicurioRegistryBaseIT.java:154)
	at io.apicurio.tests.ApicurioRegistryBaseIT$RegistryApiErrorWatcher.logProblemDetails(ApicurioRegistryBaseIT.java:154)
	at io.apicurio.tests.ApicurioRegistryBaseIT$RegistryApiErrorWatcher.logProblemDetails(ApicurioRegistryBaseIT.java:154)
	at io.apicurio.tests.ApicurioRegistryBaseIT$RegistryApiErrorWatcher.logProblemDetails(ApicurioRegistryBaseIT.java:154)
	at io.apicurio.tests.ApicurioRegistryBaseIT$RegistryApiErrorWatcher.logProblemDetails(ApicurioRegistryBaseIT.java:154)
	at io.apicurio.tests.ApicurioRegistryBaseIT$RegistryApiErrorWatcher.logProblemDetails(ApicurioRegistryBaseIT.java:154)
	at io.apicurio.tests.ApicurioRegistryBaseIT$RegistryApiErrorWatcher.logProblemDetails(ApicurioRegistryBaseIT.java:154)
	at io.apicurio.tests.ApicurioRegistryBaseIT$RegistryApiErrorWatcher.logProblemDetails(ApicurioRegistryBaseIT.java:154)
	at io.apicurio.tests.ApicurioRegistryBaseIT$RegistryApiErrorWatcher.logProblemDetails(ApicurioRegistryBaseIT.java:154)
	at io.apicurio.tests.ApicurioRegistryBaseIT$RegistryApiErrorWatcher.logProblemDetails(ApicurioRegistryBaseIT.java:154)
	at io.apicurio.tests.ApicurioRegistryBaseIT$RegistryApiErrorWatcher.logProblemDetails(ApicurioRegistryBaseIT.java:154)
	at io.apicurio.tests.ApicurioRegistryBaseIT$RegistryApiErrorWatcher.logProblemDetails(ApicurioRegistryBaseIT.java:154)
	at io.apicurio.tests.ApicurioRegistryBaseIT$RegistryApiErrorWatcher.logProblemDetails(ApicurioRegistryBaseIT.java:154)
	at io.apicurio.tests.ApicurioRegistryBaseIT$RegistryApiErrorWatcher.logProblemDetails(ApicurioRegistryBaseIT.java:154)
	at io.apicurio.tests.ApicurioRegistryBaseIT$RegistryApiErrorWatcher.logProblemDetails(ApicurioRegistryBaseIT.java:154)
	at io.apicurio.tests.ApicurioRegistryBaseIT$RegistryApiErrorWatcher.logProblemDetails(ApicurioRegistryBaseIT.java:154)
	at io.apicurio.tests.ApicurioRegistryBaseIT$RegistryApiErrorWatcher.logProblemDetails(ApicurioRegistryBaseIT.java:154)
	at io.apicurio.tests.ApicurioRegistryBaseIT$RegistryApiErrorWatcher.logProblemDetails(ApicurioRegistryBaseIT.java:154)
	at io.apicurio.tests.ApicurioRegistryBaseIT$RegistryApiErrorWatcher.logProblemDetails(ApicurioRegistryBaseIT.java:154)
	at io.apicurio.tests.ApicurioRegistryBaseIT$RegistryApiErrorWatcher.logProblemDetails(ApicurioRegistryBaseIT.java:154)
	at io.apicurio.tests.ApicurioRegistryBaseIT$RegistryApiErrorWatcher.logProblemDetails(ApicurioRegistryBaseIT.java:154)
	at io.apicurio.tests.ApicurioRegistryBaseIT$RegistryApiErrorWatcher.logProblemDetails(ApicurioRegistryBaseIT.java:154)
	at io.apicurio.tests.ApicurioRegistryBaseIT$RegistryApiErrorWatcher.logProblemDetails(ApicurioRegistryBaseIT.java:154)
	at io.apicurio.tests.ApicurioRegistryBaseIT$RegistryApiErrorWatcher.logProblemDetails(ApicurioRegistryBaseIT.java:154)
	at io.apicurio.tests.ApicurioRegistryBaseIT$RegistryApiErrorWatcher.logProblemDetails(ApicurioRegistryBaseIT.java:154)
	at io.apicurio.tests.ApicurioRegistryBaseIT$RegistryApiErrorWatcher.logProblemDetails(ApicurioRegistryBaseIT.java:154)
	at io.apicurio.tests.ApicurioRegistryBaseIT$RegistryApiErrorWatcher.logProblemDetails(ApicurioRegistryBaseIT.java:154)
	at io.apicurio.tests.ApicurioRegistryBaseIT$RegistryApiErrorWatcher.logProblemDetails(ApicurioRegistryBaseIT.java:154)
	at io.apicurio.tests.ApicurioRegistryBaseIT$RegistryApiErrorWatcher.logProblemDetails(ApicurioRegistryBaseIT.java:154)
	at io.apicurio.tests.ApicurioRegistryBaseIT$RegistryApiErrorWatcher.logProblemDetails(ApicurioRegistryBaseIT.java:154)
	at io.apicurio.tests.ApicurioRegistryBaseIT$RegistryApiErrorWatcher.logProblemDetails(ApicurioRegistryBaseIT.java:154)
	at io.apicurio.tests.ApicurioRegistryBaseIT$RegistryApiErrorWatcher.logProblemDetails(ApicurioRegistryBaseIT.java:154)
	at io.apicurio.tests.ApicurioRegistryBaseIT$RegistryApiErrorWatcher.logProblemDetails(ApicurioRegistryBaseIT.java:154)
	at io.apicurio.tests.ApicurioRegistryBaseIT$RegistryApiErrorWatcher.logProblemDetails(ApicurioRegistryBaseIT.java:154)
	at io.apicurio.tests.ApicurioRegistryBaseIT$RegistryApiErrorWatcher.logProblemDetails(ApicurioRegistryBaseIT.java:154)
	at io.apicurio.tests.ApicurioRegistryBaseIT$RegistryApiErrorWatcher.logProblemDetails(ApicurioRegistryBaseIT.java:154)
	at io.apicurio.tests.ApicurioRegistryBaseIT$RegistryApiErrorWatcher.logProblemDetails(ApicurioRegistryBaseIT.java:154)
	at io.apicurio.tests.ApicurioRegistryBaseIT$RegistryApiErrorWatcher.logProblemDetails(ApicurioRegistryBaseIT.java:154)
	at io.apicurio.tests.ApicurioRegistryBaseIT$RegistryApiErrorWatcher.logProblemDetails(ApicurioRegistryBaseIT.java:154)
	at io.apicurio.tests.ApicurioRegistryBaseIT$RegistryApiErrorWatcher.logProblemDetails(ApicurioRegistryBaseIT.java:154)
	at io.apicurio.tests.ApicurioRegistryBaseIT$RegistryApiErrorWatcher.logProblemDetails(ApicurioRegistryBaseIT.java:154)
	at io.apicurio.tests.ApicurioRegistryBaseIT$RegistryApiErrorWatcher.logProblemDetails(ApicurioRegistryBaseIT.java:154)
	at io.apicurio.tests.ApicurioRegistryBaseIT$RegistryApiErrorWatcher.logProblemDetails(ApicurioRegistryBaseIT.java:154)
	at io.apicurio.tests.ApicurioRegistryBaseIT$RegistryApiErrorWatcher.logProblemDetails(ApicurioRegistryBaseIT.java:154)
	at io.apicurio.tests.ApicurioRegistryBaseIT$RegistryApiErrorWatcher.logProblemDetails(ApicurioRegistryBaseIT.java:154)
	at io.apicurio.tests.ApicurioRegistryBaseIT$RegistryApiErrorWatcher.logProblemDetails(ApicurioRegistryBaseIT.java:154)
	at io.apicurio.tests.ApicurioRegistryBaseIT$RegistryApiErrorWatcher.logProblemDetails(ApicurioRegistryBaseIT.java:154)
	at io.apicurio.tests.ApicurioRegistryBaseIT$RegistryApiErrorWatcher.logProblemDetails(ApicurioRegistryBaseIT.java:154)
	at io.apicurio.tests.ApicurioRegistryBaseIT$RegistryApiErrorWatcher.logProblemDetails(ApicurioRegistryBaseIT.java:154)
	at io.apicurio.tests.ApicurioRegistryBaseIT$RegistryApiErrorWatcher.logProblemDetails(ApicurioRegistryBaseIT.java:154)
	at io.apicurio.tests.ApicurioRegistryBaseIT$RegistryApiErrorWatcher.logProblemDetails(ApicurioRegistryBaseIT.java:154)
	at io.apicurio.tests.ApicurioRegistryBaseIT$RegistryApiErrorWatcher.logProblemDetails(ApicurioRegistryBaseIT.java:154)
	at io.apicurio.tests.ApicurioRegistryBaseIT$RegistryApiErrorWatcher.logProblemDetails(ApicurioRegistryBaseIT.java:154)
	at io.apicurio.tests.ApicurioRegistryBaseIT$RegistryApiErrorWatcher.logProblemDetails(ApicurioRegistryBaseIT.java:154)
	at io.apicurio.tests.ApicurioRegistryBaseIT$RegistryApiErrorWatcher.logProblemDetails(ApicurioRegistryBaseIT.java:154)
	at io.apicurio.tests.ApicurioRegistryBaseIT$RegistryApiErrorWatcher.logProblemDetails(ApicurioRegistryBaseIT.java:154)
	at io.apicurio.tests.ApicurioRegistryBaseIT$RegistryApiErrorWatcher.logProblemDetails(ApicurioRegistryBaseIT.java:154)
	at io.apicurio.tests.ApicurioRegistryBaseIT$RegistryApiErrorWatcher.logProblemDetails(ApicurioRegistryBaseIT.java:154)
	at io.apicurio.tests.ApicurioRegistryBaseIT$RegistryApiErrorWatcher.logProblemDetails(ApicurioRegistryBaseIT.java:154)
	at io.apicurio.tests.ApicurioRegistryBaseIT$RegistryApiErrorWatcher.logProblemDetails(ApicurioRegistryBaseIT.java:154)
	at io.apicurio.tests.ApicurioRegistryBaseIT$RegistryApiErrorWatcher.logProblemDetails(ApicurioRegistryBaseIT.java:154)
	at io.apicurio.tests.ApicurioRegistryBaseIT$RegistryApiErrorWatcher.logProblemDetails(ApicurioRegistryBaseIT.java:154)
	at io.apicurio.tests.ApicurioRegistryBaseIT$RegistryApiErrorWatcher.logProblemDetails(ApicurioRegistryBaseIT.java:154)
	at io.apicurio.tests.ApicurioRegistryBaseIT$RegistryApiErrorWatcher.logProblemDetails(ApicurioRegistryBaseIT.java:154)
	at io.apicurio.tests.ApicurioRegistryBaseIT$RegistryApiErrorWatcher.logProblemDetails(ApicurioRegistryBaseIT.java:154)
	at io.apicurio.tests.ApicurioRegistryBaseIT$RegistryApiErrorWatcher.logProblemDetails(ApicurioRegistryBaseIT.java:154)
	at io.apicurio.tests.ApicurioRegistryBaseIT$RegistryApiErrorWatcher.logProblemDetails(ApicurioRegistryBaseIT.java:154)
	at io.apicurio.tests.ApicurioRegistryBaseIT$RegistryApiErrorWatcher.logProblemDetails(ApicurioRegistryBaseIT.java:154)
	at io.apicurio.tests.ApicurioRegistryBaseIT$RegistryApiErrorWatcher.logProblemDetails(ApicurioRegistryBaseIT.java:154)
	at io.apicurio.tests.ApicurioRegistryBaseIT$RegistryApiErrorWatcher.logProblemDetails(ApicurioRegistryBaseIT.java:154)
	at io.apicurio.tests.ApicurioRegistryBaseIT$RegistryApiErrorWatcher.logProblemDetails(ApicurioRegistryBaseIT.java:154)
	at io.apicurio.tests.ApicurioRegistryBaseIT$RegistryApiErrorWatcher.logProblemDetails(ApicurioRegistryBaseIT.java:154)
	at io.apicurio.tests.ApicurioRegistryBaseIT$RegistryApiErrorWatcher.logProblemDetails(ApicurioRegistryBaseIT.java:154)
	at io.apicurio.tests.ApicurioRegistryBaseIT$RegistryApiErrorWatcher.logProblemDetails(ApicurioRegistryBaseIT.java:154)
	at io.apicurio.tests.ApicurioRegistryBaseIT$RegistryApiErrorWatcher.logProblemDetails(ApicurioRegistryBaseIT.java:154)
	at io.apicurio.tests.ApicurioRegistryBaseIT$RegistryApiErrorWatcher.logProblemDetails(ApicurioRegistryBaseIT.java:154)
	at io.apicurio.tests.ApicurioRegistryBaseIT$RegistryApiErrorWatcher.logProblemDetails(ApicurioRegistryBaseIT.java:154)
	at io.apicurio.tests.ApicurioRegistryBaseIT$RegistryApiErrorWatcher.logProblemDetails(ApicurioRegistryBaseIT.java:154)
	at io.apicurio.tests.ApicurioRegistryBaseIT$RegistryApiErrorWatcher.logProblemDetails(ApicurioRegistryBaseIT.java:154)
	at io.apicurio.tests.ApicurioRegistryBaseIT$RegistryApiErrorWatcher.logProblemDetails(ApicurioRegistryBaseIT.java:154)
	at io.apicurio.tests.ApicurioRegistryBaseIT$RegistryApiErrorWatcher.logProblemDetails(ApicurioRegistryBaseIT.java:154)
	at io.apicurio.tests.ApicurioRegistryBaseIT$RegistryApiErrorWatcher.logProblemDetails(ApicurioRegistryBaseIT.java:154)
	at io.apicurio.tests.ApicurioRegistryBaseIT$RegistryApiErrorWatcher.logProblemDetails(ApicurioRegistryBaseIT.java:154)
	at io.apicurio.tests.ApicurioRegistryBaseIT$RegistryApiErrorWatcher.logProblemDetails(ApicurioRegistryBaseIT.java:154)
	at io.apicurio.tests.ApicurioRegistryBaseIT$RegistryApiErrorWatcher.logProblemDetails(ApicurioRegistryBaseIT.java:154)
	at io.apicurio.tests.ApicurioRegistryBaseIT$RegistryApiErrorWatcher.logProblemDetails(ApicurioRegistryBaseIT.java:154)
	at io.apicurio.tests.ApicurioRegistryBaseIT$RegistryApiErrorWatcher.logProblemDetails(ApicurioRegistryBaseIT.java:154)
	at io.apicurio.tests.ApicurioRegistryBaseIT$RegistryApiErrorWatcher.logProblemDetails(ApicurioRegistryBaseIT.java:154)
	at io.apicurio.tests.ApicurioRegistryBaseIT$RegistryApiErrorWatcher.logProblemDetails(ApicurioRegistryBaseIT.java:154)
	at io.apicurio.tests.ApicurioRegistryBaseIT$RegistryApiErrorWatcher.logProblemDetails(ApicurioRegistryBaseIT.java:154)
	at io.apicurio.tests.ApicurioRegistryBaseIT$RegistryApiErrorWatcher.logProblemDetails(ApicurioRegistryBaseIT.java:154)
	at io.apicurio.tests.ApicurioRegistryBaseIT$RegistryApiErrorWatcher.logProblemDetails(ApicurioRegistryBaseIT.java:154)
	at io.apicurio.tests.ApicurioRegistryBaseIT$RegistryApiErrorWatcher.logProblemDetails(ApicurioRegistryBaseIT.java:154)
	at io.apicurio.tests.ApicurioRegistryBaseIT$RegistryApiErrorWatcher.logProblemDetails(ApicurioRegistryBaseIT.java:154)
	at io.apicurio.tests.ApicurioRegistryBaseIT$RegistryApiErrorWatcher.logProblemDetails(ApicurioRegistryBaseIT.java:154)
	at io.apicurio.tests.ApicurioRegistryBaseIT$RegistryApiErrorWatcher.logProblemDetails(ApicurioRegistryBaseIT.java:154)
	at io.apicurio.tests.ApicurioRegistryBaseIT$RegistryApiErrorWatcher.logProblemDetails(ApicurioRegistryBaseIT.java:154)
	at io.apicurio.tests.ApicurioRegistryBaseIT$RegistryApiErrorWatcher.logProblemDetails(ApicurioRegistryBaseIT.java:154)
	at io.apicurio.tests.ApicurioRegistryBaseIT$RegistryApiErrorWatcher.logProblemDetails(ApicurioRegistryBaseIT.java:154)
	at io.apicurio.tests.ApicurioRegistryBaseIT$RegistryApiErrorWatcher.logProblemDetails(ApicurioRegistryBaseIT.java:154)
	at io.apicurio.tests.ApicurioRegistryBaseIT$RegistryApiErrorWatcher.logProblemDetails(ApicurioRegistryBaseIT.java:154)
	at io.apicurio.tests.ApicurioRegistryBaseIT$RegistryApiErrorWatcher.logProblemDetails(ApicurioRegistryBaseIT.java:154)
	at io.apicurio.tests.ApicurioRegistryBaseIT$RegistryApiErrorWatcher.logProblemDetails(ApicurioRegistryBaseIT.java:154)
	at io.apicurio.tests.ApicurioRegistryBaseIT$RegistryApiErrorWatcher.logProblemDetails(ApicurioRegistryBaseIT.java:154)
	at io.apicurio.tests.ApicurioRegistryBaseIT$RegistryApiErrorWatcher.logProblemDetails(ApicurioRegistryBaseIT.java:154)
	at io.apicurio.tests.ApicurioRegistryBaseIT$RegistryApiErrorWatcher.logProblemDetails(ApicurioRegistryBaseIT.java:154)
	at io.apicurio.tests.ApicurioRegistryBaseIT$RegistryApiErrorWatcher.logProblemDetails(ApicurioRegistryBaseIT.java:154)
	at io.apicurio.tests.ApicurioRegistryBaseIT$RegistryApiErrorWatcher.logProblemDetails(ApicurioRegistryBaseIT.java:154)
	at io.apicurio.tests.ApicurioRegistryBaseIT$RegistryApiErrorWatcher.logProblemDetails(ApicurioRegistryBaseIT.java:154)
	at io.apicurio.tests.ApicurioRegistryBaseIT$RegistryApiErrorWatcher.logProblemDetails(ApicurioRegistryBaseIT.java:154)
	at io.apicurio.tests.ApicurioRegistryBaseIT$RegistryApiErrorWatcher.logProblemDetails(ApicurioRegistryBaseIT.java:154)
	at io.apicurio.tests.ApicurioRegistryBaseIT$RegistryApiErrorWatcher.logProblemDetails(ApicurioRegistryBaseIT.java:154)
	at io.apicurio.tests.ApicurioRegistryBaseIT$RegistryApiErrorWatcher.logProblemDetails(ApicurioRegistryBaseIT.java:154)
	at io.apicurio.tests.ApicurioRegistryBaseIT$RegistryApiErrorWatcher.logProblemDetails(ApicurioRegistryBaseIT.java:154)
	at io.apicurio.tests.ApicurioRegistryBaseIT$RegistryApiErrorWatcher.logProblemDetails(ApicurioRegistryBaseIT.java:154)
	at io.apicurio.tests.ApicurioRegistryBaseIT$RegistryApiErrorWatcher.logProblemDetails(ApicurioRegistryBaseIT.java:154)
	at io.apicurio.tests.ApicurioRegistryBaseIT$RegistryApiErrorWatcher.logProblemDetails(ApicurioRegistryBaseIT.java:154)
	at io.apicurio.tests.ApicurioRegistryBaseIT$RegistryApiErrorWatcher.logProblemDetails(ApicurioRegistryBaseIT.java:154)
	at io.apicurio.tests.ApicurioRegistryBaseIT$RegistryApiErrorWatcher.logProblemDetails(ApicurioRegistryBaseIT.java:154)
	at io.apicurio.tests.ApicurioRegistryBaseIT$RegistryApiErrorWatcher.logProblemDetails(ApicurioRegistryBaseIT.java:154)
	at io.apicurio.tests.ApicurioRegistryBaseIT$RegistryApiErrorWatcher.logProblemDetails(ApicurioRegistryBaseIT.java:154)
	at io.apicurio.tests.ApicurioRegistryBaseIT$RegistryApiErrorWatcher.logProblemDetails(ApicurioRegistryBaseIT.java:154)
	at io.apicurio.tests.ApicurioRegistryBaseIT$RegistryApiErrorWatcher.logProblemDetails(ApicurioRegistryBaseIT.java:154)
	at io.apicurio.tests.ApicurioRegistryBaseIT$RegistryApiErrorWatcher.logProblemDetails(ApicurioRegistryBaseIT.java:154)
	at io.apicurio.tests.ApicurioRegistryBaseIT$RegistryApiErrorWatcher.logProblemDetails(ApicurioRegistryBaseIT.java:154)
	at io.apicurio.tests.ApicurioRegistryBaseIT$RegistryApiErrorWatcher.logProblemDetails(ApicurioRegistryBaseIT.java:154)
	at io.apicurio.tests.ApicurioRegistryBaseIT$RegistryApiErrorWatcher.logProblemDetails(ApicurioRegistryBaseIT.java:154)
	at io.apicurio.tests.ApicurioRegistryBaseIT$RegistryApiErrorWatcher.logProblemDetails(ApicurioRegistryBaseIT.java:154)
	at io.apicurio.tests.ApicurioRegistryBaseIT$RegistryApiErrorWatcher.logProblemDetails(ApicurioRegistryBaseIT.java:154)
	at io.apicurio.tests.ApicurioRegistryBaseIT$RegistryApiErrorWatcher.logProblemDetails(ApicurioRegistryBaseIT.java:154)
	at io.apicurio.tests.ApicurioRegistryBaseIT$RegistryApiErrorWatcher.logProblemDetails(ApicurioRegistryBaseIT.java:154)
	at io.apicurio.tests.ApicurioRegistryBaseIT$RegistryApiErrorWatcher.logProblemDetails(ApicurioRegistryBaseIT.java:154)
	at io.apicurio.tests.ApicurioRegistryBaseIT$RegistryApiErrorWatcher.logProblemDetails(ApicurioRegistryBaseIT.java:154)
	at io.apicurio.tests.ApicurioRegistryBaseIT$RegistryApiErrorWatcher.logProblemDetails(ApicurioRegistryBaseIT.java:154)
	at io.apicurio.tests.ApicurioRegistryBaseIT$RegistryApiErrorWatcher.logProblemDetails(ApicurioRegistryBaseIT.java:154)
	at io.apicurio.tests.ApicurioRegistryBaseIT$RegistryApiErrorWatcher.logProblemDetails(ApicurioRegistryBaseIT.java:154)
	at io.apicurio.tests.ApicurioRegistryBaseIT$RegistryApiErrorWatcher.logProblemDetails(ApicurioRegistryBaseIT.java:154)
	at io.apicurio.tests.ApicurioRegistryBaseIT$RegistryApiErrorWatcher.logProblemDetails(ApicurioRegistryBaseIT.java:154)
	at io.apicurio.tests.ApicurioRegistryBaseIT$RegistryApiErrorWatcher.logProblemDetails(ApicurioRegistryBaseIT.java:154)
	at io.apicurio.tests.ApicurioRegistryBaseIT$RegistryApiErrorWatcher.logProblemDetails(ApicurioRegistryBaseIT.java:154)
	at io.apicurio.tests.ApicurioRegistryBaseIT$RegistryApiErrorWatcher.logProblemDetails(ApicurioRegistryBaseIT.java:154)
	at io.apicurio.tests.ApicurioRegistryBaseIT$RegistryApiErrorWatcher.logProblemDetails(ApicurioRegistryBaseIT.java:154)
	at io.apicurio.tests.ApicurioRegistryBaseIT$RegistryApiErrorWatcher.logProblemDetails(ApicurioRegistryBaseIT.java:154)
	at io.apicurio.tests.ApicurioRegistryBaseIT$RegistryApiErrorWatcher.logProblemDetails(ApicurioRegistryBaseIT.java:154)
	at io.apicurio.tests.ApicurioRegistryBaseIT$RegistryApiErrorWatcher.logProblemDetails(ApicurioRegistryBaseIT.java:154)
	at io.apicurio.tests.ApicurioRegistryBaseIT$RegistryApiErrorWatcher.logProblemDetails(ApicurioRegistryBaseIT.java:154)
	at io.apicurio.tests.ApicurioRegistryBaseIT$RegistryApiErrorWatcher.logProblemDetails(ApicurioRegistryBaseIT.java:154)
	at io.apicurio.tests.ApicurioRegistryBaseIT$RegistryApiErrorWatcher.logProblemDetails(ApicurioRegistryBaseIT.java:154)
	at io.apicurio.tests.ApicurioRegistryBaseIT$RegistryApiErrorWatcher.logProblemDetails(ApicurioRegistryBaseIT.java:154)
	at io.apicurio.tests.ApicurioRegistryBaseIT$RegistryApiErrorWatcher.logProblemDetails(ApicurioRegistryBaseIT.java:154)
	at io.apicurio.tests.ApicurioRegistryBaseIT$RegistryApiErrorWatcher.logProblemDetails(ApicurioRegistryBaseIT.java:154)
	at io.apicurio.tests.ApicurioRegistryBaseIT$RegistryApiErrorWatcher.logProblemDetails(ApicurioRegistryBaseIT.java:154)
	at io.apicurio.tests.ApicurioRegistryBaseIT$RegistryApiErrorWatcher.logProblemDetails(ApicurioRegistryBaseIT.java:154)
	at io.apicurio.tests.ApicurioRegistryBaseIT$RegistryApiErrorWatcher.logProblemDetails(ApicurioRegistryBaseIT.java:154)
	at io.apicurio.tests.ApicurioRegistryBaseIT$RegistryApiErrorWatcher.logProblemDetails(ApicurioRegistryBaseIT.java:154)
	at io.apicurio.tests.ApicurioRegistryBaseIT$RegistryApiErrorWatcher.logProblemDetails(ApicurioRegistryBaseIT.java:154)
	at io.apicurio.tests.ApicurioRegistryBaseIT$RegistryApiErrorWatcher.logProblemDetails(ApicurioRegistryBaseIT.java:154)
	at io.apicurio.tests.ApicurioRegistryBaseIT$RegistryApiErrorWatcher.logProblemDetails(ApicurioRegistryBaseIT.java:154)
	at io.apicurio.tests.ApicurioRegistryBaseIT$RegistryApiErrorWatcher.logProblemDetails(ApicurioRegistryBaseIT.java:154)

]]></system-out>
  </testcase>
  <testcase name="testFindLatestDynamicMessageProtobufType" classname="io.apicurio.tests.serdes.apicurio.ProtobufSerdeIT" time="0.068">
    <error type="io.apicurio.registry.rest.client.models.RuleViolationProblemDetails"><![CDATA[io.apicurio.registry.rest.client.models.RuleViolationProblemDetails
	at io.apicurio.registry.rest.client.models.RuleViolationProblemDetails.createFromDiscriminatorValue(RuleViolationProblemDetails.java:62)
	at io.kiota.serialization.json.JsonParseNode.getObjectValue(JsonParseNode.java:247)
	at io.kiota.http.vertx.VertXRequestAdapter.lambda$throwIfFailedResponse$0(VertXRequestAdapter.java:400)
	at com.microsoft.kiota.ApiExceptionBuilder.<init>(ApiExceptionBuilder.java:26)
	at io.kiota.http.vertx.VertXRequestAdapter.throwIfFailedResponse(VertXRequestAdapter.java:399)
	at io.kiota.http.vertx.VertXRequestAdapter.send(VertXRequestAdapter.java:170)
	at io.apicurio.registry.rest.client.groups.item.artifacts.ArtifactsRequestBuilder.post(ArtifactsRequestBuilder.java:130)
	at io.apicurio.tests.ApicurioRegistryBaseIT.createArtifact(ApicurioRegistryBaseIT.java:184)
	at io.apicurio.tests.serdes.apicurio.ProtobufSerdeIT.testFindLatestDynamicMessageProtobufType(ProtobufSerdeIT.java:345)
	at java.base/java.lang.reflect.Method.invoke(Method.java:569)
	at java.base/java.util.ArrayList.forEach(ArrayList.java:1511)
	at java.base/java.util.ArrayList.forEach(ArrayList.java:1511)
]]></error>
    <system-out><![CDATA[2025-07-31 17:05:36,391 INFO  [io.api.tes.uti.TestSeparator] (main) ############################################################################
2025-07-31 17:05:36,391 INFO  [io.api.tes.uti.TestSeparator] (main) io.apicurio.tests.serdes.apicurio.ProtobufSerdeIT.testFindLatestDynamicMessageProtobufType-STARTED
2025-07-31 17:05:36,409 INFO  [io.api.tes.uti.TestSeparator] (main) io.apicurio.tests.serdes.apicurio.ProtobufSerdeIT.testFindLatestDynamicMessageProtobufType-FINISHED
2025-07-31 17:05:36,409 INFO  [io.api.tes.uti.TestSeparator] (main) ############################################################################
2025-07-31 17:05:36,409 ERROR [io.api.reg.uti.tes.TestUtils] (main) === TEST FAILED ===
2025-07-31 17:05:36,410 ERROR [io.api.reg.uti.tes.TestUtils] (main) Class: class io.apicurio.tests.serdes.apicurio.ProtobufSerdeIT
2025-07-31 17:05:36,410 ERROR [io.api.reg.uti.tes.TestUtils] (main) Test:  testFindLatestDynamicMessageProtobufType
2025-07-31 17:05:36,410 ERROR [io.api.reg.uti.tes.TestUtils] (main) ID:    [engine:junit-jupiter]/[class:io.apicurio.tests.serdes.apicurio.ProtobufSerdeIT]/[method:testFindLatestDynamicMessageProtobufType()]
2025-07-31 17:05:36,410 ERROR [io.api.reg.uti.tes.TestUtils] (main) Error: RuleViolationProblemDetails - null
2025-07-31 17:05:36,410 ERROR [io.api.reg.uti.tes.TestUtils] (main) Rule Violation Problem Details
2025-07-31 17:05:36,442 WARNING [org.jun.jup.eng.des.MethodBasedTestDescriptor] (main) Failed to invoke TestWatcher [io.apicurio.tests.ApicurioRegistryBaseIT$RegistryApiErrorWatcher] for method [io.apicurio.tests.serdes.apicurio.ProtobufSerdeIT#testFindLatestDynamicMessageProtobufType()] with display name [testFindLatestDynamicMessageProtobufType]: java.lang.StackOverflowError
	at io.apicurio.tests.ApicurioRegistryBaseIT$RegistryApiErrorWatcher.logProblemDetails(ApicurioRegistryBaseIT.java:154)
	at io.apicurio.tests.ApicurioRegistryBaseIT$RegistryApiErrorWatcher.logProblemDetails(ApicurioRegistryBaseIT.java:154)
	at io.apicurio.tests.ApicurioRegistryBaseIT$RegistryApiErrorWatcher.logProblemDetails(ApicurioRegistryBaseIT.java:154)
	at io.apicurio.tests.ApicurioRegistryBaseIT$RegistryApiErrorWatcher.logProblemDetails(ApicurioRegistryBaseIT.java:154)
	at io.apicurio.tests.ApicurioRegistryBaseIT$RegistryApiErrorWatcher.logProblemDetails(ApicurioRegistryBaseIT.java:154)
	at io.apicurio.tests.ApicurioRegistryBaseIT$RegistryApiErrorWatcher.logProblemDetails(ApicurioRegistryBaseIT.java:154)
	at io.apicurio.tests.ApicurioRegistryBaseIT$RegistryApiErrorWatcher.logProblemDetails(ApicurioRegistryBaseIT.java:154)
	at io.apicurio.tests.ApicurioRegistryBaseIT$RegistryApiErrorWatcher.logProblemDetails(ApicurioRegistryBaseIT.java:154)
	at io.apicurio.tests.ApicurioRegistryBaseIT$RegistryApiErrorWatcher.logProblemDetails(ApicurioRegistryBaseIT.java:154)
	at io.apicurio.tests.ApicurioRegistryBaseIT$RegistryApiErrorWatcher.logProblemDetails(ApicurioRegistryBaseIT.java:154)
	at io.apicurio.tests.ApicurioRegistryBaseIT$RegistryApiErrorWatcher.logProblemDetails(ApicurioRegistryBaseIT.java:154)
	at io.apicurio.tests.ApicurioRegistryBaseIT$RegistryApiErrorWatcher.logProblemDetails(ApicurioRegistryBaseIT.java:154)
	at io.apicurio.tests.ApicurioRegistryBaseIT$RegistryApiErrorWatcher.logProblemDetails(ApicurioRegistryBaseIT.java:154)
	at io.apicurio.tests.ApicurioRegistryBaseIT$RegistryApiErrorWatcher.logProblemDetails(ApicurioRegistryBaseIT.java:154)
	at io.apicurio.tests.ApicurioRegistryBaseIT$RegistryApiErrorWatcher.logProblemDetails(ApicurioRegistryBaseIT.java:154)
	at io.apicurio.tests.ApicurioRegistryBaseIT$RegistryApiErrorWatcher.logProblemDetails(ApicurioRegistryBaseIT.java:154)
	at io.apicurio.tests.ApicurioRegistryBaseIT$RegistryApiErrorWatcher.logProblemDetails(ApicurioRegistryBaseIT.java:154)
	at io.apicurio.tests.ApicurioRegistryBaseIT$RegistryApiErrorWatcher.logProblemDetails(ApicurioRegistryBaseIT.java:154)
	at io.apicurio.tests.ApicurioRegistryBaseIT$RegistryApiErrorWatcher.logProblemDetails(ApicurioRegistryBaseIT.java:154)
	at io.apicurio.tests.ApicurioRegistryBaseIT$RegistryApiErrorWatcher.logProblemDetails(ApicurioRegistryBaseIT.java:154)
	at io.apicurio.tests.ApicurioRegistryBaseIT$RegistryApiErrorWatcher.logProblemDetails(ApicurioRegistryBaseIT.java:154)
	at io.apicurio.tests.ApicurioRegistryBaseIT$RegistryApiErrorWatcher.logProblemDetails(ApicurioRegistryBaseIT.java:154)
	at io.apicurio.tests.ApicurioRegistryBaseIT$RegistryApiErrorWatcher.logProblemDetails(ApicurioRegistryBaseIT.java:154)
	at io.apicurio.tests.ApicurioRegistryBaseIT$RegistryApiErrorWatcher.logProblemDetails(ApicurioRegistryBaseIT.java:154)
	at io.apicurio.tests.ApicurioRegistryBaseIT$RegistryApiErrorWatcher.logProblemDetails(ApicurioRegistryBaseIT.java:154)
	at io.apicurio.tests.ApicurioRegistryBaseIT$RegistryApiErrorWatcher.logProblemDetails(ApicurioRegistryBaseIT.java:154)
	at io.apicurio.tests.ApicurioRegistryBaseIT$RegistryApiErrorWatcher.logProblemDetails(ApicurioRegistryBaseIT.java:154)
	at io.apicurio.tests.ApicurioRegistryBaseIT$RegistryApiErrorWatcher.logProblemDetails(ApicurioRegistryBaseIT.java:154)
	at io.apicurio.tests.ApicurioRegistryBaseIT$RegistryApiErrorWatcher.logProblemDetails(ApicurioRegistryBaseIT.java:154)
	at io.apicurio.tests.ApicurioRegistryBaseIT$RegistryApiErrorWatcher.logProblemDetails(ApicurioRegistryBaseIT.java:154)
	at io.apicurio.tests.ApicurioRegistryBaseIT$RegistryApiErrorWatcher.logProblemDetails(ApicurioRegistryBaseIT.java:154)
	at io.apicurio.tests.ApicurioRegistryBaseIT$RegistryApiErrorWatcher.logProblemDetails(ApicurioRegistryBaseIT.java:154)
	at io.apicurio.tests.ApicurioRegistryBaseIT$RegistryApiErrorWatcher.logProblemDetails(ApicurioRegistryBaseIT.java:154)
	at io.apicurio.tests.ApicurioRegistryBaseIT$RegistryApiErrorWatcher.logProblemDetails(ApicurioRegistryBaseIT.java:154)
	at io.apicurio.tests.ApicurioRegistryBaseIT$RegistryApiErrorWatcher.logProblemDetails(ApicurioRegistryBaseIT.java:154)
	at io.apicurio.tests.ApicurioRegistryBaseIT$RegistryApiErrorWatcher.logProblemDetails(ApicurioRegistryBaseIT.java:154)
	at io.apicurio.tests.ApicurioRegistryBaseIT$RegistryApiErrorWatcher.logProblemDetails(ApicurioRegistryBaseIT.java:154)
	at io.apicurio.tests.ApicurioRegistryBaseIT$RegistryApiErrorWatcher.logProblemDetails(ApicurioRegistryBaseIT.java:154)
	at io.apicurio.tests.ApicurioRegistryBaseIT$RegistryApiErrorWatcher.logProblemDetails(ApicurioRegistryBaseIT.java:154)
	at io.apicurio.tests.ApicurioRegistryBaseIT$RegistryApiErrorWatcher.logProblemDetails(ApicurioRegistryBaseIT.java:154)
	at io.apicurio.tests.ApicurioRegistryBaseIT$RegistryApiErrorWatcher.logProblemDetails(ApicurioRegistryBaseIT.java:154)
	at io.apicurio.tests.ApicurioRegistryBaseIT$RegistryApiErrorWatcher.logProblemDetails(ApicurioRegistryBaseIT.java:154)
	at io.apicurio.tests.ApicurioRegistryBaseIT$RegistryApiErrorWatcher.logProblemDetails(ApicurioRegistryBaseIT.java:154)
	at io.apicurio.tests.ApicurioRegistryBaseIT$RegistryApiErrorWatcher.logProblemDetails(ApicurioRegistryBaseIT.java:154)
	at io.apicurio.tests.ApicurioRegistryBaseIT$RegistryApiErrorWatcher.logProblemDetails(ApicurioRegistryBaseIT.java:154)
	at io.apicurio.tests.ApicurioRegistryBaseIT$RegistryApiErrorWatcher.logProblemDetails(ApicurioRegistryBaseIT.java:154)
	at io.apicurio.tests.ApicurioRegistryBaseIT$RegistryApiErrorWatcher.logProblemDetails(ApicurioRegistryBaseIT.java:154)
	at io.apicurio.tests.ApicurioRegistryBaseIT$RegistryApiErrorWatcher.logProblemDetails(ApicurioRegistryBaseIT.java:154)
	at io.apicurio.tests.ApicurioRegistryBaseIT$RegistryApiErrorWatcher.logProblemDetails(ApicurioRegistryBaseIT.java:154)
	at io.apicurio.tests.ApicurioRegistryBaseIT$RegistryApiErrorWatcher.logProblemDetails(ApicurioRegistryBaseIT.java:154)
	at io.apicurio.tests.ApicurioRegistryBaseIT$RegistryApiErrorWatcher.logProblemDetails(ApicurioRegistryBaseIT.java:154)
	at io.apicurio.tests.ApicurioRegistryBaseIT$RegistryApiErrorWatcher.logProblemDetails(ApicurioRegistryBaseIT.java:154)
	at io.apicurio.tests.ApicurioRegistryBaseIT$RegistryApiErrorWatcher.logProblemDetails(ApicurioRegistryBaseIT.java:154)
	at io.apicurio.tests.ApicurioRegistryBaseIT$RegistryApiErrorWatcher.logProblemDetails(ApicurioRegistryBaseIT.java:154)
	at io.apicurio.tests.ApicurioRegistryBaseIT$RegistryApiErrorWatcher.logProblemDetails(ApicurioRegistryBaseIT.java:154)
	at io.apicurio.tests.ApicurioRegistryBaseIT$RegistryApiErrorWatcher.logProblemDetails(ApicurioRegistryBaseIT.java:154)
	at io.apicurio.tests.ApicurioRegistryBaseIT$RegistryApiErrorWatcher.logProblemDetails(ApicurioRegistryBaseIT.java:154)
	at io.apicurio.tests.ApicurioRegistryBaseIT$RegistryApiErrorWatcher.logProblemDetails(ApicurioRegistryBaseIT.java:154)
	at io.apicurio.tests.ApicurioRegistryBaseIT$RegistryApiErrorWatcher.logProblemDetails(ApicurioRegistryBaseIT.java:154)
	at io.apicurio.tests.ApicurioRegistryBaseIT$RegistryApiErrorWatcher.logProblemDetails(ApicurioRegistryBaseIT.java:154)
	at io.apicurio.tests.ApicurioRegistryBaseIT$RegistryApiErrorWatcher.logProblemDetails(ApicurioRegistryBaseIT.java:154)
	at io.apicurio.tests.ApicurioRegistryBaseIT$RegistryApiErrorWatcher.logProblemDetails(ApicurioRegistryBaseIT.java:154)
	at io.apicurio.tests.ApicurioRegistryBaseIT$RegistryApiErrorWatcher.logProblemDetails(ApicurioRegistryBaseIT.java:154)
	at io.apicurio.tests.ApicurioRegistryBaseIT$RegistryApiErrorWatcher.logProblemDetails(ApicurioRegistryBaseIT.java:154)
	at io.apicurio.tests.ApicurioRegistryBaseIT$RegistryApiErrorWatcher.logProblemDetails(ApicurioRegistryBaseIT.java:154)
	at io.apicurio.tests.ApicurioRegistryBaseIT$RegistryApiErrorWatcher.logProblemDetails(ApicurioRegistryBaseIT.java:154)
	at io.apicurio.tests.ApicurioRegistryBaseIT$RegistryApiErrorWatcher.logProblemDetails(ApicurioRegistryBaseIT.java:154)
	at io.apicurio.tests.ApicurioRegistryBaseIT$RegistryApiErrorWatcher.logProblemDetails(ApicurioRegistryBaseIT.java:154)
	at io.apicurio.tests.ApicurioRegistryBaseIT$RegistryApiErrorWatcher.logProblemDetails(ApicurioRegistryBaseIT.java:154)
	at io.apicurio.tests.ApicurioRegistryBaseIT$RegistryApiErrorWatcher.logProblemDetails(ApicurioRegistryBaseIT.java:154)
	at io.apicurio.tests.ApicurioRegistryBaseIT$RegistryApiErrorWatcher.logProblemDetails(ApicurioRegistryBaseIT.java:154)
	at io.apicurio.tests.ApicurioRegistryBaseIT$RegistryApiErrorWatcher.logProblemDetails(ApicurioRegistryBaseIT.java:154)
	at io.apicurio.tests.ApicurioRegistryBaseIT$RegistryApiErrorWatcher.logProblemDetails(ApicurioRegistryBaseIT.java:154)
	at io.apicurio.tests.ApicurioRegistryBaseIT$RegistryApiErrorWatcher.logProblemDetails(ApicurioRegistryBaseIT.java:154)
	at io.apicurio.tests.ApicurioRegistryBaseIT$RegistryApiErrorWatcher.logProblemDetails(ApicurioRegistryBaseIT.java:154)
	at io.apicurio.tests.ApicurioRegistryBaseIT$RegistryApiErrorWatcher.logProblemDetails(ApicurioRegistryBaseIT.java:154)
	at io.apicurio.tests.ApicurioRegistryBaseIT$RegistryApiErrorWatcher.logProblemDetails(ApicurioRegistryBaseIT.java:154)
	at io.apicurio.tests.ApicurioRegistryBaseIT$RegistryApiErrorWatcher.logProblemDetails(ApicurioRegistryBaseIT.java:154)
	at io.apicurio.tests.ApicurioRegistryBaseIT$RegistryApiErrorWatcher.logProblemDetails(ApicurioRegistryBaseIT.java:154)
	at io.apicurio.tests.ApicurioRegistryBaseIT$RegistryApiErrorWatcher.logProblemDetails(ApicurioRegistryBaseIT.java:154)
	at io.apicurio.tests.ApicurioRegistryBaseIT$RegistryApiErrorWatcher.logProblemDetails(ApicurioRegistryBaseIT.java:154)
	at io.apicurio.tests.ApicurioRegistryBaseIT$RegistryApiErrorWatcher.logProblemDetails(ApicurioRegistryBaseIT.java:154)
	at io.apicurio.tests.ApicurioRegistryBaseIT$RegistryApiErrorWatcher.logProblemDetails(ApicurioRegistryBaseIT.java:154)
	at io.apicurio.tests.ApicurioRegistryBaseIT$RegistryApiErrorWatcher.logProblemDetails(ApicurioRegistryBaseIT.java:154)
	at io.apicurio.tests.ApicurioRegistryBaseIT$RegistryApiErrorWatcher.logProblemDetails(ApicurioRegistryBaseIT.java:154)
	at io.apicurio.tests.ApicurioRegistryBaseIT$RegistryApiErrorWatcher.logProblemDetails(ApicurioRegistryBaseIT.java:154)
	at io.apicurio.tests.ApicurioRegistryBaseIT$RegistryApiErrorWatcher.logProblemDetails(ApicurioRegistryBaseIT.java:154)
	at io.apicurio.tests.ApicurioRegistryBaseIT$RegistryApiErrorWatcher.logProblemDetails(ApicurioRegistryBaseIT.java:154)
	at io.apicurio.tests.ApicurioRegistryBaseIT$RegistryApiErrorWatcher.logProblemDetails(ApicurioRegistryBaseIT.java:154)
	at io.apicurio.tests.ApicurioRegistryBaseIT$RegistryApiErrorWatcher.logProblemDetails(ApicurioRegistryBaseIT.java:154)
	at io.apicurio.tests.ApicurioRegistryBaseIT$RegistryApiErrorWatcher.logProblemDetails(ApicurioRegistryBaseIT.java:154)
	at io.apicurio.tests.ApicurioRegistryBaseIT$RegistryApiErrorWatcher.logProblemDetails(ApicurioRegistryBaseIT.java:154)
	at io.apicurio.tests.ApicurioRegistryBaseIT$RegistryApiErrorWatcher.logProblemDetails(ApicurioRegistryBaseIT.java:154)
	at io.apicurio.tests.ApicurioRegistryBaseIT$RegistryApiErrorWatcher.logProblemDetails(ApicurioRegistryBaseIT.java:154)
	at io.apicurio.tests.ApicurioRegistryBaseIT$RegistryApiErrorWatcher.logProblemDetails(ApicurioRegistryBaseIT.java:154)
	at io.apicurio.tests.ApicurioRegistryBaseIT$RegistryApiErrorWatcher.logProblemDetails(ApicurioRegistryBaseIT.java:154)
	at io.apicurio.tests.ApicurioRegistryBaseIT$RegistryApiErrorWatcher.logProblemDetails(ApicurioRegistryBaseIT.java:154)
	at io.apicurio.tests.ApicurioRegistryBaseIT$RegistryApiErrorWatcher.logProblemDetails(ApicurioRegistryBaseIT.java:154)
	at io.apicurio.tests.ApicurioRegistryBaseIT$RegistryApiErrorWatcher.logProblemDetails(ApicurioRegistryBaseIT.java:154)
	at io.apicurio.tests.ApicurioRegistryBaseIT$RegistryApiErrorWatcher.logProblemDetails(ApicurioRegistryBaseIT.java:154)
	at io.apicurio.tests.ApicurioRegistryBaseIT$RegistryApiErrorWatcher.logProblemDetails(ApicurioRegistryBaseIT.java:154)
	at io.apicurio.tests.ApicurioRegistryBaseIT$RegistryApiErrorWatcher.logProblemDetails(ApicurioRegistryBaseIT.java:154)
	at io.apicurio.tests.ApicurioRegistryBaseIT$RegistryApiErrorWatcher.logProblemDetails(ApicurioRegistryBaseIT.java:154)
	at io.apicurio.tests.ApicurioRegistryBaseIT$RegistryApiErrorWatcher.logProblemDetails(ApicurioRegistryBaseIT.java:154)
	at io.apicurio.tests.ApicurioRegistryBaseIT$RegistryApiErrorWatcher.logProblemDetails(ApicurioRegistryBaseIT.java:154)
	at io.apicurio.tests.ApicurioRegistryBaseIT$RegistryApiErrorWatcher.logProblemDetails(ApicurioRegistryBaseIT.java:154)
	at io.apicurio.tests.ApicurioRegistryBaseIT$RegistryApiErrorWatcher.logProblemDetails(ApicurioRegistryBaseIT.java:154)
	at io.apicurio.tests.ApicurioRegistryBaseIT$RegistryApiErrorWatcher.logProblemDetails(ApicurioRegistryBaseIT.java:154)
	at io.apicurio.tests.ApicurioRegistryBaseIT$RegistryApiErrorWatcher.logProblemDetails(ApicurioRegistryBaseIT.java:154)
	at io.apicurio.tests.ApicurioRegistryBaseIT$RegistryApiErrorWatcher.logProblemDetails(ApicurioRegistryBaseIT.java:154)
	at io.apicurio.tests.ApicurioRegistryBaseIT$RegistryApiErrorWatcher.logProblemDetails(ApicurioRegistryBaseIT.java:154)
	at io.apicurio.tests.ApicurioRegistryBaseIT$RegistryApiErrorWatcher.logProblemDetails(ApicurioRegistryBaseIT.java:154)
	at io.apicurio.tests.ApicurioRegistryBaseIT$RegistryApiErrorWatcher.logProblemDetails(ApicurioRegistryBaseIT.java:154)
	at io.apicurio.tests.ApicurioRegistryBaseIT$RegistryApiErrorWatcher.logProblemDetails(ApicurioRegistryBaseIT.java:154)
	at io.apicurio.tests.ApicurioRegistryBaseIT$RegistryApiErrorWatcher.logProblemDetails(ApicurioRegistryBaseIT.java:154)
	at io.apicurio.tests.ApicurioRegistryBaseIT$RegistryApiErrorWatcher.logProblemDetails(ApicurioRegistryBaseIT.java:154)
	at io.apicurio.tests.ApicurioRegistryBaseIT$RegistryApiErrorWatcher.logProblemDetails(ApicurioRegistryBaseIT.java:154)
	at io.apicurio.tests.ApicurioRegistryBaseIT$RegistryApiErrorWatcher.logProblemDetails(ApicurioRegistryBaseIT.java:154)
	at io.apicurio.tests.ApicurioRegistryBaseIT$RegistryApiErrorWatcher.logProblemDetails(ApicurioRegistryBaseIT.java:154)
	at io.apicurio.tests.ApicurioRegistryBaseIT$RegistryApiErrorWatcher.logProblemDetails(ApicurioRegistryBaseIT.java:154)
	at io.apicurio.tests.ApicurioRegistryBaseIT$RegistryApiErrorWatcher.logProblemDetails(ApicurioRegistryBaseIT.java:154)
	at io.apicurio.tests.ApicurioRegistryBaseIT$RegistryApiErrorWatcher.logProblemDetails(ApicurioRegistryBaseIT.java:154)
	at io.apicurio.tests.ApicurioRegistryBaseIT$RegistryApiErrorWatcher.logProblemDetails(ApicurioRegistryBaseIT.java:154)
	at io.apicurio.tests.ApicurioRegistryBaseIT$RegistryApiErrorWatcher.logProblemDetails(ApicurioRegistryBaseIT.java:154)
	at io.apicurio.tests.ApicurioRegistryBaseIT$RegistryApiErrorWatcher.logProblemDetails(ApicurioRegistryBaseIT.java:154)
	at io.apicurio.tests.ApicurioRegistryBaseIT$RegistryApiErrorWatcher.logProblemDetails(ApicurioRegistryBaseIT.java:154)
	at io.apicurio.tests.ApicurioRegistryBaseIT$RegistryApiErrorWatcher.logProblemDetails(ApicurioRegistryBaseIT.java:154)
	at io.apicurio.tests.ApicurioRegistryBaseIT$RegistryApiErrorWatcher.logProblemDetails(ApicurioRegistryBaseIT.java:154)
	at io.apicurio.tests.ApicurioRegistryBaseIT$RegistryApiErrorWatcher.logProblemDetails(ApicurioRegistryBaseIT.java:154)
	at io.apicurio.tests.ApicurioRegistryBaseIT$RegistryApiErrorWatcher.logProblemDetails(ApicurioRegistryBaseIT.java:154)
	at io.apicurio.tests.ApicurioRegistryBaseIT$RegistryApiErrorWatcher.logProblemDetails(ApicurioRegistryBaseIT.java:154)
	at io.apicurio.tests.ApicurioRegistryBaseIT$RegistryApiErrorWatcher.logProblemDetails(ApicurioRegistryBaseIT.java:154)
	at io.apicurio.tests.ApicurioRegistryBaseIT$RegistryApiErrorWatcher.logProblemDetails(ApicurioRegistryBaseIT.java:154)
	at io.apicurio.tests.ApicurioRegistryBaseIT$RegistryApiErrorWatcher.logProblemDetails(ApicurioRegistryBaseIT.java:154)
	at io.apicurio.tests.ApicurioRegistryBaseIT$RegistryApiErrorWatcher.logProblemDetails(ApicurioRegistryBaseIT.java:154)
	at io.apicurio.tests.ApicurioRegistryBaseIT$RegistryApiErrorWatcher.logProblemDetails(ApicurioRegistryBaseIT.java:154)
	at io.apicurio.tests.ApicurioRegistryBaseIT$RegistryApiErrorWatcher.logProblemDetails(ApicurioRegistryBaseIT.java:154)
	at io.apicurio.tests.ApicurioRegistryBaseIT$RegistryApiErrorWatcher.logProblemDetails(ApicurioRegistryBaseIT.java:154)
	at io.apicurio.tests.ApicurioRegistryBaseIT$RegistryApiErrorWatcher.logProblemDetails(ApicurioRegistryBaseIT.java:154)
	at io.apicurio.tests.ApicurioRegistryBaseIT$RegistryApiErrorWatcher.logProblemDetails(ApicurioRegistryBaseIT.java:154)
	at io.apicurio.tests.ApicurioRegistryBaseIT$RegistryApiErrorWatcher.logProblemDetails(ApicurioRegistryBaseIT.java:154)
	at io.apicurio.tests.ApicurioRegistryBaseIT$RegistryApiErrorWatcher.logProblemDetails(ApicurioRegistryBaseIT.java:154)
	at io.apicurio.tests.ApicurioRegistryBaseIT$RegistryApiErrorWatcher.logProblemDetails(ApicurioRegistryBaseIT.java:154)
	at io.apicurio.tests.ApicurioRegistryBaseIT$RegistryApiErrorWatcher.logProblemDetails(ApicurioRegistryBaseIT.java:154)
	at io.apicurio.tests.ApicurioRegistryBaseIT$RegistryApiErrorWatcher.logProblemDetails(ApicurioRegistryBaseIT.java:154)
	at io.apicurio.tests.ApicurioRegistryBaseIT$RegistryApiErrorWatcher.logProblemDetails(ApicurioRegistryBaseIT.java:154)
	at io.apicurio.tests.ApicurioRegistryBaseIT$RegistryApiErrorWatcher.logProblemDetails(ApicurioRegistryBaseIT.java:154)
	at io.apicurio.tests.ApicurioRegistryBaseIT$RegistryApiErrorWatcher.logProblemDetails(ApicurioRegistryBaseIT.java:154)
	at io.apicurio.tests.ApicurioRegistryBaseIT$RegistryApiErrorWatcher.logProblemDetails(ApicurioRegistryBaseIT.java:154)
	at io.apicurio.tests.ApicurioRegistryBaseIT$RegistryApiErrorWatcher.logProblemDetails(ApicurioRegistryBaseIT.java:154)
	at io.apicurio.tests.ApicurioRegistryBaseIT$RegistryApiErrorWatcher.logProblemDetails(ApicurioRegistryBaseIT.java:154)
	at io.apicurio.tests.ApicurioRegistryBaseIT$RegistryApiErrorWatcher.logProblemDetails(ApicurioRegistryBaseIT.java:154)
	at io.apicurio.tests.ApicurioRegistryBaseIT$RegistryApiErrorWatcher.logProblemDetails(ApicurioRegistryBaseIT.java:154)
	at io.apicurio.tests.ApicurioRegistryBaseIT$RegistryApiErrorWatcher.logProblemDetails(ApicurioRegistryBaseIT.java:154)
	at io.apicurio.tests.ApicurioRegistryBaseIT$RegistryApiErrorWatcher.logProblemDetails(ApicurioRegistryBaseIT.java:154)
	at io.apicurio.tests.ApicurioRegistryBaseIT$RegistryApiErrorWatcher.logProblemDetails(ApicurioRegistryBaseIT.java:154)
	at io.apicurio.tests.ApicurioRegistryBaseIT$RegistryApiErrorWatcher.logProblemDetails(ApicurioRegistryBaseIT.java:154)
	at io.apicurio.tests.ApicurioRegistryBaseIT$RegistryApiErrorWatcher.logProblemDetails(ApicurioRegistryBaseIT.java:154)
	at io.apicurio.tests.ApicurioRegistryBaseIT$RegistryApiErrorWatcher.logProblemDetails(ApicurioRegistryBaseIT.java:154)
	at io.apicurio.tests.ApicurioRegistryBaseIT$RegistryApiErrorWatcher.logProblemDetails(ApicurioRegistryBaseIT.java:154)
	at io.apicurio.tests.ApicurioRegistryBaseIT$RegistryApiErrorWatcher.logProblemDetails(ApicurioRegistryBaseIT.java:154)
	at io.apicurio.tests.ApicurioRegistryBaseIT$RegistryApiErrorWatcher.logProblemDetails(ApicurioRegistryBaseIT.java:154)
	at io.apicurio.tests.ApicurioRegistryBaseIT$RegistryApiErrorWatcher.logProblemDetails(ApicurioRegistryBaseIT.java:154)
	at io.apicurio.tests.ApicurioRegistryBaseIT$RegistryApiErrorWatcher.logProblemDetails(ApicurioRegistryBaseIT.java:154)
	at io.apicurio.tests.ApicurioRegistryBaseIT$RegistryApiErrorWatcher.logProblemDetails(ApicurioRegistryBaseIT.java:154)
	at io.apicurio.tests.ApicurioRegistryBaseIT$RegistryApiErrorWatcher.logProblemDetails(ApicurioRegistryBaseIT.java:154)
	at io.apicurio.tests.ApicurioRegistryBaseIT$RegistryApiErrorWatcher.logProblemDetails(ApicurioRegistryBaseIT.java:154)
	at io.apicurio.tests.ApicurioRegistryBaseIT$RegistryApiErrorWatcher.logProblemDetails(ApicurioRegistryBaseIT.java:154)
	at io.apicurio.tests.ApicurioRegistryBaseIT$RegistryApiErrorWatcher.logProblemDetails(ApicurioRegistryBaseIT.java:154)
	at io.apicurio.tests.ApicurioRegistryBaseIT$RegistryApiErrorWatcher.logProblemDetails(ApicurioRegistryBaseIT.java:154)
	at io.apicurio.tests.ApicurioRegistryBaseIT$RegistryApiErrorWatcher.logProblemDetails(ApicurioRegistryBaseIT.java:154)
	at io.apicurio.tests.ApicurioRegistryBaseIT$RegistryApiErrorWatcher.logProblemDetails(ApicurioRegistryBaseIT.java:154)
	at io.apicurio.tests.ApicurioRegistryBaseIT$RegistryApiErrorWatcher.logProblemDetails(ApicurioRegistryBaseIT.java:154)
	at io.apicurio.tests.ApicurioRegistryBaseIT$RegistryApiErrorWatcher.logProblemDetails(ApicurioRegistryBaseIT.java:154)
	at io.apicurio.tests.ApicurioRegistryBaseIT$RegistryApiErrorWatcher.logProblemDetails(ApicurioRegistryBaseIT.java:154)
	at io.apicurio.tests.ApicurioRegistryBaseIT$RegistryApiErrorWatcher.logProblemDetails(ApicurioRegistryBaseIT.java:154)
	at io.apicurio.tests.ApicurioRegistryBaseIT$RegistryApiErrorWatcher.logProblemDetails(ApicurioRegistryBaseIT.java:154)
	at io.apicurio.tests.ApicurioRegistryBaseIT$RegistryApiErrorWatcher.logProblemDetails(ApicurioRegistryBaseIT.java:154)
	at io.apicurio.tests.ApicurioRegistryBaseIT$RegistryApiErrorWatcher.logProblemDetails(ApicurioRegistryBaseIT.java:154)
	at io.apicurio.tests.ApicurioRegistryBaseIT$RegistryApiErrorWatcher.logProblemDetails(ApicurioRegistryBaseIT.java:154)
	at io.apicurio.tests.ApicurioRegistryBaseIT$RegistryApiErrorWatcher.logProblemDetails(ApicurioRegistryBaseIT.java:154)
	at io.apicurio.tests.ApicurioRegistryBaseIT$RegistryApiErrorWatcher.logProblemDetails(ApicurioRegistryBaseIT.java:154)
	at io.apicurio.tests.ApicurioRegistryBaseIT$RegistryApiErrorWatcher.logProblemDetails(ApicurioRegistryBaseIT.java:154)
	at io.apicurio.tests.ApicurioRegistryBaseIT$RegistryApiErrorWatcher.logProblemDetails(ApicurioRegistryBaseIT.java:154)
	at io.apicurio.tests.ApicurioRegistryBaseIT$RegistryApiErrorWatcher.logProblemDetails(ApicurioRegistryBaseIT.java:154)
	at io.apicurio.tests.ApicurioRegistryBaseIT$RegistryApiErrorWatcher.logProblemDetails(ApicurioRegistryBaseIT.java:154)
	at io.apicurio.tests.ApicurioRegistryBaseIT$RegistryApiErrorWatcher.logProblemDetails(ApicurioRegistryBaseIT.java:154)
	at io.apicurio.tests.ApicurioRegistryBaseIT$RegistryApiErrorWatcher.logProblemDetails(ApicurioRegistryBaseIT.java:154)
	at io.apicurio.tests.ApicurioRegistryBaseIT$RegistryApiErrorWatcher.logProblemDetails(ApicurioRegistryBaseIT.java:154)
	at io.apicurio.tests.ApicurioRegistryBaseIT$RegistryApiErrorWatcher.logProblemDetails(ApicurioRegistryBaseIT.java:154)
	at io.apicurio.tests.ApicurioRegistryBaseIT$RegistryApiErrorWatcher.logProblemDetails(ApicurioRegistryBaseIT.java:154)
	at io.apicurio.tests.ApicurioRegistryBaseIT$RegistryApiErrorWatcher.logProblemDetails(ApicurioRegistryBaseIT.java:154)
	at io.apicurio.tests.ApicurioRegistryBaseIT$RegistryApiErrorWatcher.logProblemDetails(ApicurioRegistryBaseIT.java:154)
	at io.apicurio.tests.ApicurioRegistryBaseIT$RegistryApiErrorWatcher.logProblemDetails(ApicurioRegistryBaseIT.java:154)
	at io.apicurio.tests.ApicurioRegistryBaseIT$RegistryApiErrorWatcher.logProblemDetails(ApicurioRegistryBaseIT.java:154)
	at io.apicurio.tests.ApicurioRegistryBaseIT$RegistryApiErrorWatcher.logProblemDetails(ApicurioRegistryBaseIT.java:154)
	at io.apicurio.tests.ApicurioRegistryBaseIT$RegistryApiErrorWatcher.logProblemDetails(ApicurioRegistryBaseIT.java:154)
	at io.apicurio.tests.ApicurioRegistryBaseIT$RegistryApiErrorWatcher.logProblemDetails(ApicurioRegistryBaseIT.java:154)
	at io.apicurio.tests.ApicurioRegistryBaseIT$RegistryApiErrorWatcher.logProblemDetails(ApicurioRegistryBaseIT.java:154)
	at io.apicurio.tests.ApicurioRegistryBaseIT$RegistryApiErrorWatcher.logProblemDetails(ApicurioRegistryBaseIT.java:154)
	at io.apicurio.tests.ApicurioRegistryBaseIT$RegistryApiErrorWatcher.logProblemDetails(ApicurioRegistryBaseIT.java:154)
	at io.apicurio.tests.ApicurioRegistryBaseIT$RegistryApiErrorWatcher.logProblemDetails(ApicurioRegistryBaseIT.java:154)
	at io.apicurio.tests.ApicurioRegistryBaseIT$RegistryApiErrorWatcher.logProblemDetails(ApicurioRegistryBaseIT.java:154)
	at io.apicurio.tests.ApicurioRegistryBaseIT$RegistryApiErrorWatcher.logProblemDetails(ApicurioRegistryBaseIT.java:154)
	at io.apicurio.tests.ApicurioRegistryBaseIT$RegistryApiErrorWatcher.logProblemDetails(ApicurioRegistryBaseIT.java:154)
	at io.apicurio.tests.ApicurioRegistryBaseIT$RegistryApiErrorWatcher.logProblemDetails(ApicurioRegistryBaseIT.java:154)
	at io.apicurio.tests.ApicurioRegistryBaseIT$RegistryApiErrorWatcher.logProblemDetails(ApicurioRegistryBaseIT.java:154)
	at io.apicurio.tests.ApicurioRegistryBaseIT$RegistryApiErrorWatcher.logProblemDetails(ApicurioRegistryBaseIT.java:154)
	at io.apicurio.tests.ApicurioRegistryBaseIT$RegistryApiErrorWatcher.logProblemDetails(ApicurioRegistryBaseIT.java:154)
	at io.apicurio.tests.ApicurioRegistryBaseIT$RegistryApiErrorWatcher.logProblemDetails(ApicurioRegistryBaseIT.java:154)
	at io.apicurio.tests.ApicurioRegistryBaseIT$RegistryApiErrorWatcher.logProblemDetails(ApicurioRegistryBaseIT.java:154)
	at io.apicurio.tests.ApicurioRegistryBaseIT$RegistryApiErrorWatcher.logProblemDetails(ApicurioRegistryBaseIT.java:154)
	at io.apicurio.tests.ApicurioRegistryBaseIT$RegistryApiErrorWatcher.logProblemDetails(ApicurioRegistryBaseIT.java:154)
	at io.apicurio.tests.ApicurioRegistryBaseIT$RegistryApiErrorWatcher.logProblemDetails(ApicurioRegistryBaseIT.java:154)
	at io.apicurio.tests.ApicurioRegistryBaseIT$RegistryApiErrorWatcher.logProblemDetails(ApicurioRegistryBaseIT.java:154)
	at io.apicurio.tests.ApicurioRegistryBaseIT$RegistryApiErrorWatcher.logProblemDetails(ApicurioRegistryBaseIT.java:154)
	at io.apicurio.tests.ApicurioRegistryBaseIT$RegistryApiErrorWatcher.logProblemDetails(ApicurioRegistryBaseIT.java:154)
	at io.apicurio.tests.ApicurioRegistryBaseIT$RegistryApiErrorWatcher.logProblemDetails(ApicurioRegistryBaseIT.java:154)
	at io.apicurio.tests.ApicurioRegistryBaseIT$RegistryApiErrorWatcher.logProblemDetails(ApicurioRegistryBaseIT.java:154)
	at io.apicurio.tests.ApicurioRegistryBaseIT$RegistryApiErrorWatcher.logProblemDetails(ApicurioRegistryBaseIT.java:154)
	at io.apicurio.tests.ApicurioRegistryBaseIT$RegistryApiErrorWatcher.logProblemDetails(ApicurioRegistryBaseIT.java:154)
	at io.apicurio.tests.ApicurioRegistryBaseIT$RegistryApiErrorWatcher.logProblemDetails(ApicurioRegistryBaseIT.java:154)
	at io.apicurio.tests.ApicurioRegistryBaseIT$RegistryApiErrorWatcher.logProblemDetails(ApicurioRegistryBaseIT.java:154)
	at io.apicurio.tests.ApicurioRegistryBaseIT$RegistryApiErrorWatcher.logProblemDetails(ApicurioRegistryBaseIT.java:154)
	at io.apicurio.tests.ApicurioRegistryBaseIT$RegistryApiErrorWatcher.logProblemDetails(ApicurioRegistryBaseIT.java:154)
	at io.apicurio.tests.ApicurioRegistryBaseIT$RegistryApiErrorWatcher.logProblemDetails(ApicurioRegistryBaseIT.java:154)
	at io.apicurio.tests.ApicurioRegistryBaseIT$RegistryApiErrorWatcher.logProblemDetails(ApicurioRegistryBaseIT.java:154)
	at io.apicurio.tests.ApicurioRegistryBaseIT$RegistryApiErrorWatcher.logProblemDetails(ApicurioRegistryBaseIT.java:154)
	at io.apicurio.tests.ApicurioRegistryBaseIT$RegistryApiErrorWatcher.logProblemDetails(ApicurioRegistryBaseIT.java:154)
	at io.apicurio.tests.ApicurioRegistryBaseIT$RegistryApiErrorWatcher.logProblemDetails(ApicurioRegistryBaseIT.java:154)
	at io.apicurio.tests.ApicurioRegistryBaseIT$RegistryApiErrorWatcher.logProblemDetails(ApicurioRegistryBaseIT.java:154)
	at io.apicurio.tests.ApicurioRegistryBaseIT$RegistryApiErrorWatcher.logProblemDetails(ApicurioRegistryBaseIT.java:154)
	at io.apicurio.tests.ApicurioRegistryBaseIT$RegistryApiErrorWatcher.logProblemDetails(ApicurioRegistryBaseIT.java:154)
	at io.apicurio.tests.ApicurioRegistryBaseIT$RegistryApiErrorWatcher.logProblemDetails(ApicurioRegistryBaseIT.java:154)
	at io.apicurio.tests.ApicurioRegistryBaseIT$RegistryApiErrorWatcher.logProblemDetails(ApicurioRegistryBaseIT.java:154)
	at io.apicurio.tests.ApicurioRegistryBaseIT$RegistryApiErrorWatcher.logProblemDetails(ApicurioRegistryBaseIT.java:154)
	at io.apicurio.tests.ApicurioRegistryBaseIT$RegistryApiErrorWatcher.logProblemDetails(ApicurioRegistryBaseIT.java:154)
	at io.apicurio.tests.ApicurioRegistryBaseIT$RegistryApiErrorWatcher.logProblemDetails(ApicurioRegistryBaseIT.java:154)
	at io.apicurio.tests.ApicurioRegistryBaseIT$RegistryApiErrorWatcher.logProblemDetails(ApicurioRegistryBaseIT.java:154)
	at io.apicurio.tests.ApicurioRegistryBaseIT$RegistryApiErrorWatcher.logProblemDetails(ApicurioRegistryBaseIT.java:154)
	at io.apicurio.tests.ApicurioRegistryBaseIT$RegistryApiErrorWatcher.logProblemDetails(ApicurioRegistryBaseIT.java:154)
	at io.apicurio.tests.ApicurioRegistryBaseIT$RegistryApiErrorWatcher.logProblemDetails(ApicurioRegistryBaseIT.java:154)
	at io.apicurio.tests.ApicurioRegistryBaseIT$RegistryApiErrorWatcher.logProblemDetails(ApicurioRegistryBaseIT.java:154)
	at io.apicurio.tests.ApicurioRegistryBaseIT$RegistryApiErrorWatcher.logProblemDetails(ApicurioRegistryBaseIT.java:154)
	at io.apicurio.tests.ApicurioRegistryBaseIT$RegistryApiErrorWatcher.logProblemDetails(ApicurioRegistryBaseIT.java:154)
	at io.apicurio.tests.ApicurioRegistryBaseIT$RegistryApiErrorWatcher.logProblemDetails(ApicurioRegistryBaseIT.java:154)
	at io.apicurio.tests.ApicurioRegistryBaseIT$RegistryApiErrorWatcher.logProblemDetails(ApicurioRegistryBaseIT.java:154)
	at io.apicurio.tests.ApicurioRegistryBaseIT$RegistryApiErrorWatcher.logProblemDetails(ApicurioRegistryBaseIT.java:154)
	at io.apicurio.tests.ApicurioRegistryBaseIT$RegistryApiErrorWatcher.logProblemDetails(ApicurioRegistryBaseIT.java:154)
	at io.apicurio.tests.ApicurioRegistryBaseIT$RegistryApiErrorWatcher.logProblemDetails(ApicurioRegistryBaseIT.java:154)
	at io.apicurio.tests.ApicurioRegistryBaseIT$RegistryApiErrorWatcher.logProblemDetails(ApicurioRegistryBaseIT.java:154)
	at io.apicurio.tests.ApicurioRegistryBaseIT$RegistryApiErrorWatcher.logProblemDetails(ApicurioRegistryBaseIT.java:154)
	at io.apicurio.tests.ApicurioRegistryBaseIT$RegistryApiErrorWatcher.logProblemDetails(ApicurioRegistryBaseIT.java:154)
	at io.apicurio.tests.ApicurioRegistryBaseIT$RegistryApiErrorWatcher.logProblemDetails(ApicurioRegistryBaseIT.java:154)
	at io.apicurio.tests.ApicurioRegistryBaseIT$RegistryApiErrorWatcher.logProblemDetails(ApicurioRegistryBaseIT.java:154)
	at io.apicurio.tests.ApicurioRegistryBaseIT$RegistryApiErrorWatcher.logProblemDetails(ApicurioRegistryBaseIT.java:154)
	at io.apicurio.tests.ApicurioRegistryBaseIT$RegistryApiErrorWatcher.logProblemDetails(ApicurioRegistryBaseIT.java:154)
	at io.apicurio.tests.ApicurioRegistryBaseIT$RegistryApiErrorWatcher.logProblemDetails(ApicurioRegistryBaseIT.java:154)
	at io.apicurio.tests.ApicurioRegistryBaseIT$RegistryApiErrorWatcher.logProblemDetails(ApicurioRegistryBaseIT.java:154)
	at io.apicurio.tests.ApicurioRegistryBaseIT$RegistryApiErrorWatcher.logProblemDetails(ApicurioRegistryBaseIT.java:154)
	at io.apicurio.tests.ApicurioRegistryBaseIT$RegistryApiErrorWatcher.logProblemDetails(ApicurioRegistryBaseIT.java:154)
	at io.apicurio.tests.ApicurioRegistryBaseIT$RegistryApiErrorWatcher.logProblemDetails(ApicurioRegistryBaseIT.java:154)
	at io.apicurio.tests.ApicurioRegistryBaseIT$RegistryApiErrorWatcher.logProblemDetails(ApicurioRegistryBaseIT.java:154)
	at io.apicurio.tests.ApicurioRegistryBaseIT$RegistryApiErrorWatcher.logProblemDetails(ApicurioRegistryBaseIT.java:154)
	at io.apicurio.tests.ApicurioRegistryBaseIT$RegistryApiErrorWatcher.logProblemDetails(ApicurioRegistryBaseIT.java:154)
	at io.apicurio.tests.ApicurioRegistryBaseIT$RegistryApiErrorWatcher.logProblemDetails(ApicurioRegistryBaseIT.java:154)
	at io.apicurio.tests.ApicurioRegistryBaseIT$RegistryApiErrorWatcher.logProblemDetails(ApicurioRegistryBaseIT.java:154)
	at io.apicurio.tests.ApicurioRegistryBaseIT$RegistryApiErrorWatcher.logProblemDetails(ApicurioRegistryBaseIT.java:154)
	at io.apicurio.tests.ApicurioRegistryBaseIT$RegistryApiErrorWatcher.logProblemDetails(ApicurioRegistryBaseIT.java:154)
	at io.apicurio.tests.ApicurioRegistryBaseIT$RegistryApiErrorWatcher.logProblemDetails(ApicurioRegistryBaseIT.java:154)
	at io.apicurio.tests.ApicurioRegistryBaseIT$RegistryApiErrorWatcher.logProblemDetails(ApicurioRegistryBaseIT.java:154)
	at io.apicurio.tests.ApicurioRegistryBaseIT$RegistryApiErrorWatcher.logProblemDetails(ApicurioRegistryBaseIT.java:154)
	at io.apicurio.tests.ApicurioRegistryBaseIT$RegistryApiErrorWatcher.logProblemDetails(ApicurioRegistryBaseIT.java:154)
	at io.apicurio.tests.ApicurioRegistryBaseIT$RegistryApiErrorWatcher.logProblemDetails(ApicurioRegistryBaseIT.java:154)
	at io.apicurio.tests.ApicurioRegistryBaseIT$RegistryApiErrorWatcher.logProblemDetails(ApicurioRegistryBaseIT.java:154)
	at io.apicurio.tests.ApicurioRegistryBaseIT$RegistryApiErrorWatcher.logProblemDetails(ApicurioRegistryBaseIT.java:154)
	at io.apicurio.tests.ApicurioRegistryBaseIT$RegistryApiErrorWatcher.logProblemDetails(ApicurioRegistryBaseIT.java:154)
	at io.apicurio.tests.ApicurioRegistryBaseIT$RegistryApiErrorWatcher.logProblemDetails(ApicurioRegistryBaseIT.java:154)
	at io.apicurio.tests.ApicurioRegistryBaseIT$RegistryApiErrorWatcher.logProblemDetails(ApicurioRegistryBaseIT.java:154)
	at io.apicurio.tests.ApicurioRegistryBaseIT$RegistryApiErrorWatcher.logProblemDetails(ApicurioRegistryBaseIT.java:154)
	at io.apicurio.tests.ApicurioRegistryBaseIT$RegistryApiErrorWatcher.logProblemDetails(ApicurioRegistryBaseIT.java:154)
	at io.apicurio.tests.ApicurioRegistryBaseIT$RegistryApiErrorWatcher.logProblemDetails(ApicurioRegistryBaseIT.java:154)
	at io.apicurio.tests.ApicurioRegistryBaseIT$RegistryApiErrorWatcher.logProblemDetails(ApicurioRegistryBaseIT.java:154)
	at io.apicurio.tests.ApicurioRegistryBaseIT$RegistryApiErrorWatcher.logProblemDetails(ApicurioRegistryBaseIT.java:154)
	at io.apicurio.tests.ApicurioRegistryBaseIT$RegistryApiErrorWatcher.logProblemDetails(ApicurioRegistryBaseIT.java:154)
	at io.apicurio.tests.ApicurioRegistryBaseIT$RegistryApiErrorWatcher.logProblemDetails(ApicurioRegistryBaseIT.java:154)
	at io.apicurio.tests.ApicurioRegistryBaseIT$RegistryApiErrorWatcher.logProblemDetails(ApicurioRegistryBaseIT.java:154)
	at io.apicurio.tests.ApicurioRegistryBaseIT$RegistryApiErrorWatcher.logProblemDetails(ApicurioRegistryBaseIT.java:154)
	at io.apicurio.tests.ApicurioRegistryBaseIT$RegistryApiErrorWatcher.logProblemDetails(ApicurioRegistryBaseIT.java:154)
	at io.apicurio.tests.ApicurioRegistryBaseIT$RegistryApiErrorWatcher.logProblemDetails(ApicurioRegistryBaseIT.java:154)
	at io.apicurio.tests.ApicurioRegistryBaseIT$RegistryApiErrorWatcher.logProblemDetails(ApicurioRegistryBaseIT.java:154)
	at io.apicurio.tests.ApicurioRegistryBaseIT$RegistryApiErrorWatcher.logProblemDetails(ApicurioRegistryBaseIT.java:154)
	at io.apicurio.tests.ApicurioRegistryBaseIT$RegistryApiErrorWatcher.logProblemDetails(ApicurioRegistryBaseIT.java:154)
	at io.apicurio.tests.ApicurioRegistryBaseIT$RegistryApiErrorWatcher.logProblemDetails(ApicurioRegistryBaseIT.java:154)
	at io.apicurio.tests.ApicurioRegistryBaseIT$RegistryApiErrorWatcher.logProblemDetails(ApicurioRegistryBaseIT.java:154)
	at io.apicurio.tests.ApicurioRegistryBaseIT$RegistryApiErrorWatcher.logProblemDetails(ApicurioRegistryBaseIT.java:154)
	at io.apicurio.tests.ApicurioRegistryBaseIT$RegistryApiErrorWatcher.logProblemDetails(ApicurioRegistryBaseIT.java:154)
	at io.apicurio.tests.ApicurioRegistryBaseIT$RegistryApiErrorWatcher.logProblemDetails(ApicurioRegistryBaseIT.java:154)
	at io.apicurio.tests.ApicurioRegistryBaseIT$RegistryApiErrorWatcher.logProblemDetails(ApicurioRegistryBaseIT.java:154)
	at io.apicurio.tests.ApicurioRegistryBaseIT$RegistryApiErrorWatcher.logProblemDetails(ApicurioRegistryBaseIT.java:154)
	at io.apicurio.tests.ApicurioRegistryBaseIT$RegistryApiErrorWatcher.logProblemDetails(ApicurioRegistryBaseIT.java:154)
	at io.apicurio.tests.ApicurioRegistryBaseIT$RegistryApiErrorWatcher.logProblemDetails(ApicurioRegistryBaseIT.java:154)
	at io.apicurio.tests.ApicurioRegistryBaseIT$RegistryApiErrorWatcher.logProblemDetails(ApicurioRegistryBaseIT.java:154)
	at io.apicurio.tests.ApicurioRegistryBaseIT$RegistryApiErrorWatcher.logProblemDetails(ApicurioRegistryBaseIT.java:154)
	at io.apicurio.tests.ApicurioRegistryBaseIT$RegistryApiErrorWatcher.logProblemDetails(ApicurioRegistryBaseIT.java:154)
	at io.apicurio.tests.ApicurioRegistryBaseIT$RegistryApiErrorWatcher.logProblemDetails(ApicurioRegistryBaseIT.java:154)
	at io.apicurio.tests.ApicurioRegistryBaseIT$RegistryApiErrorWatcher.logProblemDetails(ApicurioRegistryBaseIT.java:154)
	at io.apicurio.tests.ApicurioRegistryBaseIT$RegistryApiErrorWatcher.logProblemDetails(ApicurioRegistryBaseIT.java:154)
	at io.apicurio.tests.ApicurioRegistryBaseIT$RegistryApiErrorWatcher.logProblemDetails(ApicurioRegistryBaseIT.java:154)
	at io.apicurio.tests.ApicurioRegistryBaseIT$RegistryApiErrorWatcher.logProblemDetails(ApicurioRegistryBaseIT.java:154)
	at io.apicurio.tests.ApicurioRegistryBaseIT$RegistryApiErrorWatcher.logProblemDetails(ApicurioRegistryBaseIT.java:154)
	at io.apicurio.tests.ApicurioRegistryBaseIT$RegistryApiErrorWatcher.logProblemDetails(ApicurioRegistryBaseIT.java:154)
	at io.apicurio.tests.ApicurioRegistryBaseIT$RegistryApiErrorWatcher.logProblemDetails(ApicurioRegistryBaseIT.java:154)
	at io.apicurio.tests.ApicurioRegistryBaseIT$RegistryApiErrorWatcher.logProblemDetails(ApicurioRegistryBaseIT.java:154)
	at io.apicurio.tests.ApicurioRegistryBaseIT$RegistryApiErrorWatcher.logProblemDetails(ApicurioRegistryBaseIT.java:154)
	at io.apicurio.tests.ApicurioRegistryBaseIT$RegistryApiErrorWatcher.logProblemDetails(ApicurioRegistryBaseIT.java:154)
	at io.apicurio.tests.ApicurioRegistryBaseIT$RegistryApiErrorWatcher.logProblemDetails(ApicurioRegistryBaseIT.java:154)
	at io.apicurio.tests.ApicurioRegistryBaseIT$RegistryApiErrorWatcher.logProblemDetails(ApicurioRegistryBaseIT.java:154)
	at io.apicurio.tests.ApicurioRegistryBaseIT$RegistryApiErrorWatcher.logProblemDetails(ApicurioRegistryBaseIT.java:154)
	at io.apicurio.tests.ApicurioRegistryBaseIT$RegistryApiErrorWatcher.logProblemDetails(ApicurioRegistryBaseIT.java:154)
	at io.apicurio.tests.ApicurioRegistryBaseIT$RegistryApiErrorWatcher.logProblemDetails(ApicurioRegistryBaseIT.java:154)
	at io.apicurio.tests.ApicurioRegistryBaseIT$RegistryApiErrorWatcher.logProblemDetails(ApicurioRegistryBaseIT.java:154)
	at io.apicurio.tests.ApicurioRegistryBaseIT$RegistryApiErrorWatcher.logProblemDetails(ApicurioRegistryBaseIT.java:154)
	at io.apicurio.tests.ApicurioRegistryBaseIT$RegistryApiErrorWatcher.logProblemDetails(ApicurioRegistryBaseIT.java:154)
	at io.apicurio.tests.ApicurioRegistryBaseIT$RegistryApiErrorWatcher.logProblemDetails(ApicurioRegistryBaseIT.java:154)
	at io.apicurio.tests.ApicurioRegistryBaseIT$RegistryApiErrorWatcher.logProblemDetails(ApicurioRegistryBaseIT.java:154)
	at io.apicurio.tests.ApicurioRegistryBaseIT$RegistryApiErrorWatcher.logProblemDetails(ApicurioRegistryBaseIT.java:154)
	at io.apicurio.tests.ApicurioRegistryBaseIT$RegistryApiErrorWatcher.logProblemDetails(ApicurioRegistryBaseIT.java:154)
	at io.apicurio.tests.ApicurioRegistryBaseIT$RegistryApiErrorWatcher.logProblemDetails(ApicurioRegistryBaseIT.java:154)
	at io.apicurio.tests.ApicurioRegistryBaseIT$RegistryApiErrorWatcher.logProblemDetails(ApicurioRegistryBaseIT.java:154)
	at io.apicurio.tests.ApicurioRegistryBaseIT$RegistryApiErrorWatcher.logProblemDetails(ApicurioRegistryBaseIT.java:154)
	at io.apicurio.tests.ApicurioRegistryBaseIT$RegistryApiErrorWatcher.logProblemDetails(ApicurioRegistryBaseIT.java:154)
	at io.apicurio.tests.ApicurioRegistryBaseIT$RegistryApiErrorWatcher.logProblemDetails(ApicurioRegistryBaseIT.java:154)
	at io.apicurio.tests.ApicurioRegistryBaseIT$RegistryApiErrorWatcher.logProblemDetails(ApicurioRegistryBaseIT.java:154)
	at io.apicurio.tests.ApicurioRegistryBaseIT$RegistryApiErrorWatcher.logProblemDetails(ApicurioRegistryBaseIT.java:154)
	at io.apicurio.tests.ApicurioRegistryBaseIT$RegistryApiErrorWatcher.logProblemDetails(ApicurioRegistryBaseIT.java:154)
	at io.apicurio.tests.ApicurioRegistryBaseIT$RegistryApiErrorWatcher.logProblemDetails(ApicurioRegistryBaseIT.java:154)
	at io.apicurio.tests.ApicurioRegistryBaseIT$RegistryApiErrorWatcher.logProblemDetails(ApicurioRegistryBaseIT.java:154)
	at io.apicurio.tests.ApicurioRegistryBaseIT$RegistryApiErrorWatcher.logProblemDetails(ApicurioRegistryBaseIT.java:154)
	at io.apicurio.tests.ApicurioRegistryBaseIT$RegistryApiErrorWatcher.logProblemDetails(ApicurioRegistryBaseIT.java:154)
	at io.apicurio.tests.ApicurioRegistryBaseIT$RegistryApiErrorWatcher.logProblemDetails(ApicurioRegistryBaseIT.java:154)
	at io.apicurio.tests.ApicurioRegistryBaseIT$RegistryApiErrorWatcher.logProblemDetails(ApicurioRegistryBaseIT.java:154)
	at io.apicurio.tests.ApicurioRegistryBaseIT$RegistryApiErrorWatcher.logProblemDetails(ApicurioRegistryBaseIT.java:154)
	at io.apicurio.tests.ApicurioRegistryBaseIT$RegistryApiErrorWatcher.logProblemDetails(ApicurioRegistryBaseIT.java:154)
	at io.apicurio.tests.ApicurioRegistryBaseIT$RegistryApiErrorWatcher.logProblemDetails(ApicurioRegistryBaseIT.java:154)
	at io.apicurio.tests.ApicurioRegistryBaseIT$RegistryApiErrorWatcher.logProblemDetails(ApicurioRegistryBaseIT.java:154)
	at io.apicurio.tests.ApicurioRegistryBaseIT$RegistryApiErrorWatcher.logProblemDetails(ApicurioRegistryBaseIT.java:154)
	at io.apicurio.tests.ApicurioRegistryBaseIT$RegistryApiErrorWatcher.logProblemDetails(ApicurioRegistryBaseIT.java:154)
	at io.apicurio.tests.ApicurioRegistryBaseIT$RegistryApiErrorWatcher.logProblemDetails(ApicurioRegistryBaseIT.java:154)
	at io.apicurio.tests.ApicurioRegistryBaseIT$RegistryApiErrorWatcher.logProblemDetails(ApicurioRegistryBaseIT.java:154)
	at io.apicurio.tests.ApicurioRegistryBaseIT$RegistryApiErrorWatcher.logProblemDetails(ApicurioRegistryBaseIT.java:154)
	at io.apicurio.tests.ApicurioRegistryBaseIT$RegistryApiErrorWatcher.logProblemDetails(ApicurioRegistryBaseIT.java:154)
	at io.apicurio.tests.ApicurioRegistryBaseIT$RegistryApiErrorWatcher.logProblemDetails(ApicurioRegistryBaseIT.java:154)
	at io.apicurio.tests.ApicurioRegistryBaseIT$RegistryApiErrorWatcher.logProblemDetails(ApicurioRegistryBaseIT.java:154)
	at io.apicurio.tests.ApicurioRegistryBaseIT$RegistryApiErrorWatcher.logProblemDetails(ApicurioRegistryBaseIT.java:154)
	at io.apicurio.tests.ApicurioRegistryBaseIT$RegistryApiErrorWatcher.logProblemDetails(ApicurioRegistryBaseIT.java:154)
	at io.apicurio.tests.ApicurioRegistryBaseIT$RegistryApiErrorWatcher.logProblemDetails(ApicurioRegistryBaseIT.java:154)
	at io.apicurio.tests.ApicurioRegistryBaseIT$RegistryApiErrorWatcher.logProblemDetails(ApicurioRegistryBaseIT.java:154)
	at io.apicurio.tests.ApicurioRegistryBaseIT$RegistryApiErrorWatcher.logProblemDetails(ApicurioRegistryBaseIT.java:154)
	at io.apicurio.tests.ApicurioRegistryBaseIT$RegistryApiErrorWatcher.logProblemDetails(ApicurioRegistryBaseIT.java:154)
	at io.apicurio.tests.ApicurioRegistryBaseIT$RegistryApiErrorWatcher.logProblemDetails(ApicurioRegistryBaseIT.java:154)
	at io.apicurio.tests.ApicurioRegistryBaseIT$RegistryApiErrorWatcher.logProblemDetails(ApicurioRegistryBaseIT.java:154)
	at io.apicurio.tests.ApicurioRegistryBaseIT$RegistryApiErrorWatcher.logProblemDetails(ApicurioRegistryBaseIT.java:154)
	at io.apicurio.tests.ApicurioRegistryBaseIT$RegistryApiErrorWatcher.logProblemDetails(ApicurioRegistryBaseIT.java:154)
	at io.apicurio.tests.ApicurioRegistryBaseIT$RegistryApiErrorWatcher.logProblemDetails(ApicurioRegistryBaseIT.java:154)
	at io.apicurio.tests.ApicurioRegistryBaseIT$RegistryApiErrorWatcher.logProblemDetails(ApicurioRegistryBaseIT.java:154)
	at io.apicurio.tests.ApicurioRegistryBaseIT$RegistryApiErrorWatcher.logProblemDetails(ApicurioRegistryBaseIT.java:154)
	at io.apicurio.tests.ApicurioRegistryBaseIT$RegistryApiErrorWatcher.logProblemDetails(ApicurioRegistryBaseIT.java:154)
	at io.apicurio.tests.ApicurioRegistryBaseIT$RegistryApiErrorWatcher.logProblemDetails(ApicurioRegistryBaseIT.java:154)
	at io.apicurio.tests.ApicurioRegistryBaseIT$RegistryApiErrorWatcher.logProblemDetails(ApicurioRegistryBaseIT.java:154)
	at io.apicurio.tests.ApicurioRegistryBaseIT$RegistryApiErrorWatcher.logProblemDetails(ApicurioRegistryBaseIT.java:154)
	at io.apicurio.tests.ApicurioRegistryBaseIT$RegistryApiErrorWatcher.logProblemDetails(ApicurioRegistryBaseIT.java:154)
	at io.apicurio.tests.ApicurioRegistryBaseIT$RegistryApiErrorWatcher.logProblemDetails(ApicurioRegistryBaseIT.java:154)
	at io.apicurio.tests.ApicurioRegistryBaseIT$RegistryApiErrorWatcher.logProblemDetails(ApicurioRegistryBaseIT.java:154)
	at io.apicurio.tests.ApicurioRegistryBaseIT$RegistryApiErrorWatcher.logProblemDetails(ApicurioRegistryBaseIT.java:154)
	at io.apicurio.tests.ApicurioRegistryBaseIT$RegistryApiErrorWatcher.logProblemDetails(ApicurioRegistryBaseIT.java:154)
	at io.apicurio.tests.ApicurioRegistryBaseIT$RegistryApiErrorWatcher.logProblemDetails(ApicurioRegistryBaseIT.java:154)
	at io.apicurio.tests.ApicurioRegistryBaseIT$RegistryApiErrorWatcher.logProblemDetails(ApicurioRegistryBaseIT.java:154)
	at io.apicurio.tests.ApicurioRegistryBaseIT$RegistryApiErrorWatcher.logProblemDetails(ApicurioRegistryBaseIT.java:154)
	at io.apicurio.tests.ApicurioRegistryBaseIT$RegistryApiErrorWatcher.logProblemDetails(ApicurioRegistryBaseIT.java:154)
	at io.apicurio.tests.ApicurioRegistryBaseIT$RegistryApiErrorWatcher.logProblemDetails(ApicurioRegistryBaseIT.java:154)
	at io.apicurio.tests.ApicurioRegistryBaseIT$RegistryApiErrorWatcher.logProblemDetails(ApicurioRegistryBaseIT.java:154)
	at io.apicurio.tests.ApicurioRegistryBaseIT$RegistryApiErrorWatcher.logProblemDetails(ApicurioRegistryBaseIT.java:154)
	at io.apicurio.tests.ApicurioRegistryBaseIT$RegistryApiErrorWatcher.logProblemDetails(ApicurioRegistryBaseIT.java:154)
	at io.apicurio.tests.ApicurioRegistryBaseIT$RegistryApiErrorWatcher.logProblemDetails(ApicurioRegistryBaseIT.java:154)
	at io.apicurio.tests.ApicurioRegistryBaseIT$RegistryApiErrorWatcher.logProblemDetails(ApicurioRegistryBaseIT.java:154)
	at io.apicurio.tests.ApicurioRegistryBaseIT$RegistryApiErrorWatcher.logProblemDetails(ApicurioRegistryBaseIT.java:154)
	at io.apicurio.tests.ApicurioRegistryBaseIT$RegistryApiErrorWatcher.logProblemDetails(ApicurioRegistryBaseIT.java:154)
	at io.apicurio.tests.ApicurioRegistryBaseIT$RegistryApiErrorWatcher.logProblemDetails(ApicurioRegistryBaseIT.java:154)
	at io.apicurio.tests.ApicurioRegistryBaseIT$RegistryApiErrorWatcher.logProblemDetails(ApicurioRegistryBaseIT.java:154)
	at io.apicurio.tests.ApicurioRegistryBaseIT$RegistryApiErrorWatcher.logProblemDetails(ApicurioRegistryBaseIT.java:154)
	at io.apicurio.tests.ApicurioRegistryBaseIT$RegistryApiErrorWatcher.logProblemDetails(ApicurioRegistryBaseIT.java:154)
	at io.apicurio.tests.ApicurioRegistryBaseIT$RegistryApiErrorWatcher.logProblemDetails(ApicurioRegistryBaseIT.java:154)
	at io.apicurio.tests.ApicurioRegistryBaseIT$RegistryApiErrorWatcher.logProblemDetails(ApicurioRegistryBaseIT.java:154)
	at io.apicurio.tests.ApicurioRegistryBaseIT$RegistryApiErrorWatcher.logProblemDetails(ApicurioRegistryBaseIT.java:154)
	at io.apicurio.tests.ApicurioRegistryBaseIT$RegistryApiErrorWatcher.logProblemDetails(ApicurioRegistryBaseIT.java:154)
	at io.apicurio.tests.ApicurioRegistryBaseIT$RegistryApiErrorWatcher.logProblemDetails(ApicurioRegistryBaseIT.java:154)
	at io.apicurio.tests.ApicurioRegistryBaseIT$RegistryApiErrorWatcher.logProblemDetails(ApicurioRegistryBaseIT.java:154)
	at io.apicurio.tests.ApicurioRegistryBaseIT$RegistryApiErrorWatcher.logProblemDetails(ApicurioRegistryBaseIT.java:154)
	at io.apicurio.tests.ApicurioRegistryBaseIT$RegistryApiErrorWatcher.logProblemDetails(ApicurioRegistryBaseIT.java:154)
	at io.apicurio.tests.ApicurioRegistryBaseIT$RegistryApiErrorWatcher.logProblemDetails(ApicurioRegistryBaseIT.java:154)
	at io.apicurio.tests.ApicurioRegistryBaseIT$RegistryApiErrorWatcher.logProblemDetails(ApicurioRegistryBaseIT.java:154)
	at io.apicurio.tests.ApicurioRegistryBaseIT$RegistryApiErrorWatcher.logProblemDetails(ApicurioRegistryBaseIT.java:154)
	at io.apicurio.tests.ApicurioRegistryBaseIT$RegistryApiErrorWatcher.logProblemDetails(ApicurioRegistryBaseIT.java:154)
	at io.apicurio.tests.ApicurioRegistryBaseIT$RegistryApiErrorWatcher.logProblemDetails(ApicurioRegistryBaseIT.java:154)
	at io.apicurio.tests.ApicurioRegistryBaseIT$RegistryApiErrorWatcher.logProblemDetails(ApicurioRegistryBaseIT.java:154)
	at io.apicurio.tests.ApicurioRegistryBaseIT$RegistryApiErrorWatcher.logProblemDetails(ApicurioRegistryBaseIT.java:154)
	at io.apicurio.tests.ApicurioRegistryBaseIT$RegistryApiErrorWatcher.logProblemDetails(ApicurioRegistryBaseIT.java:154)
	at io.apicurio.tests.ApicurioRegistryBaseIT$RegistryApiErrorWatcher.logProblemDetails(ApicurioRegistryBaseIT.java:154)
	at io.apicurio.tests.ApicurioRegistryBaseIT$RegistryApiErrorWatcher.logProblemDetails(ApicurioRegistryBaseIT.java:154)
	at io.apicurio.tests.ApicurioRegistryBaseIT$RegistryApiErrorWatcher.logProblemDetails(ApicurioRegistryBaseIT.java:154)
	at io.apicurio.tests.ApicurioRegistryBaseIT$RegistryApiErrorWatcher.logProblemDetails(ApicurioRegistryBaseIT.java:154)
	at io.apicurio.tests.ApicurioRegistryBaseIT$RegistryApiErrorWatcher.logProblemDetails(ApicurioRegistryBaseIT.java:154)
	at io.apicurio.tests.ApicurioRegistryBaseIT$RegistryApiErrorWatcher.logProblemDetails(ApicurioRegistryBaseIT.java:154)
	at io.apicurio.tests.ApicurioRegistryBaseIT$RegistryApiErrorWatcher.logProblemDetails(ApicurioRegistryBaseIT.java:154)
	at io.apicurio.tests.ApicurioRegistryBaseIT$RegistryApiErrorWatcher.logProblemDetails(ApicurioRegistryBaseIT.java:154)
	at io.apicurio.tests.ApicurioRegistryBaseIT$RegistryApiErrorWatcher.logProblemDetails(ApicurioRegistryBaseIT.java:154)
	at io.apicurio.tests.ApicurioRegistryBaseIT$RegistryApiErrorWatcher.logProblemDetails(ApicurioRegistryBaseIT.java:154)
	at io.apicurio.tests.ApicurioRegistryBaseIT$RegistryApiErrorWatcher.logProblemDetails(ApicurioRegistryBaseIT.java:154)
	at io.apicurio.tests.ApicurioRegistryBaseIT$RegistryApiErrorWatcher.logProblemDetails(ApicurioRegistryBaseIT.java:154)
	at io.apicurio.tests.ApicurioRegistryBaseIT$RegistryApiErrorWatcher.logProblemDetails(ApicurioRegistryBaseIT.java:154)
	at io.apicurio.tests.ApicurioRegistryBaseIT$RegistryApiErrorWatcher.logProblemDetails(ApicurioRegistryBaseIT.java:154)
	at io.apicurio.tests.ApicurioRegistryBaseIT$RegistryApiErrorWatcher.logProblemDetails(ApicurioRegistryBaseIT.java:154)
	at io.apicurio.tests.ApicurioRegistryBaseIT$RegistryApiErrorWatcher.logProblemDetails(ApicurioRegistryBaseIT.java:154)
	at io.apicurio.tests.ApicurioRegistryBaseIT$RegistryApiErrorWatcher.logProblemDetails(ApicurioRegistryBaseIT.java:154)
	at io.apicurio.tests.ApicurioRegistryBaseIT$RegistryApiErrorWatcher.logProblemDetails(ApicurioRegistryBaseIT.java:154)
	at io.apicurio.tests.ApicurioRegistryBaseIT$RegistryApiErrorWatcher.logProblemDetails(ApicurioRegistryBaseIT.java:154)
	at io.apicurio.tests.ApicurioRegistryBaseIT$RegistryApiErrorWatcher.logProblemDetails(ApicurioRegistryBaseIT.java:154)
	at io.apicurio.tests.ApicurioRegistryBaseIT$RegistryApiErrorWatcher.logProblemDetails(ApicurioRegistryBaseIT.java:154)
	at io.apicurio.tests.ApicurioRegistryBaseIT$RegistryApiErrorWatcher.logProblemDetails(ApicurioRegistryBaseIT.java:154)
	at io.apicurio.tests.ApicurioRegistryBaseIT$RegistryApiErrorWatcher.logProblemDetails(ApicurioRegistryBaseIT.java:154)
	at io.apicurio.tests.ApicurioRegistryBaseIT$RegistryApiErrorWatcher.logProblemDetails(ApicurioRegistryBaseIT.java:154)
	at io.apicurio.tests.ApicurioRegistryBaseIT$RegistryApiErrorWatcher.logProblemDetails(ApicurioRegistryBaseIT.java:154)
	at io.apicurio.tests.ApicurioRegistryBaseIT$RegistryApiErrorWatcher.logProblemDetails(ApicurioRegistryBaseIT.java:154)
	at io.apicurio.tests.ApicurioRegistryBaseIT$RegistryApiErrorWatcher.logProblemDetails(ApicurioRegistryBaseIT.java:154)
	at io.apicurio.tests.ApicurioRegistryBaseIT$RegistryApiErrorWatcher.logProblemDetails(ApicurioRegistryBaseIT.java:154)
	at io.apicurio.tests.ApicurioRegistryBaseIT$RegistryApiErrorWatcher.logProblemDetails(ApicurioRegistryBaseIT.java:154)
	at io.apicurio.tests.ApicurioRegistryBaseIT$RegistryApiErrorWatcher.logProblemDetails(ApicurioRegistryBaseIT.java:154)
	at io.apicurio.tests.ApicurioRegistryBaseIT$RegistryApiErrorWatcher.logProblemDetails(ApicurioRegistryBaseIT.java:154)
	at io.apicurio.tests.ApicurioRegistryBaseIT$RegistryApiErrorWatcher.logProblemDetails(ApicurioRegistryBaseIT.java:154)
	at io.apicurio.tests.ApicurioRegistryBaseIT$RegistryApiErrorWatcher.logProblemDetails(ApicurioRegistryBaseIT.java:154)
	at io.apicurio.tests.ApicurioRegistryBaseIT$RegistryApiErrorWatcher.logProblemDetails(ApicurioRegistryBaseIT.java:154)
	at io.apicurio.tests.ApicurioRegistryBaseIT$RegistryApiErrorWatcher.logProblemDetails(ApicurioRegistryBaseIT.java:154)
	at io.apicurio.tests.ApicurioRegistryBaseIT$RegistryApiErrorWatcher.logProblemDetails(ApicurioRegistryBaseIT.java:154)
	at io.apicurio.tests.ApicurioRegistryBaseIT$RegistryApiErrorWatcher.logProblemDetails(ApicurioRegistryBaseIT.java:154)
	at io.apicurio.tests.ApicurioRegistryBaseIT$RegistryApiErrorWatcher.logProblemDetails(ApicurioRegistryBaseIT.java:154)
	at io.apicurio.tests.ApicurioRegistryBaseIT$RegistryApiErrorWatcher.logProblemDetails(ApicurioRegistryBaseIT.java:154)
	at io.apicurio.tests.ApicurioRegistryBaseIT$RegistryApiErrorWatcher.logProblemDetails(ApicurioRegistryBaseIT.java:154)
	at io.apicurio.tests.ApicurioRegistryBaseIT$RegistryApiErrorWatcher.logProblemDetails(ApicurioRegistryBaseIT.java:154)
	at io.apicurio.tests.ApicurioRegistryBaseIT$RegistryApiErrorWatcher.logProblemDetails(ApicurioRegistryBaseIT.java:154)
	at io.apicurio.tests.ApicurioRegistryBaseIT$RegistryApiErrorWatcher.logProblemDetails(ApicurioRegistryBaseIT.java:154)
	at io.apicurio.tests.ApicurioRegistryBaseIT$RegistryApiErrorWatcher.logProblemDetails(ApicurioRegistryBaseIT.java:154)
	at io.apicurio.tests.ApicurioRegistryBaseIT$RegistryApiErrorWatcher.logProblemDetails(ApicurioRegistryBaseIT.java:154)
	at io.apicurio.tests.ApicurioRegistryBaseIT$RegistryApiErrorWatcher.logProblemDetails(ApicurioRegistryBaseIT.java:154)
	at io.apicurio.tests.ApicurioRegistryBaseIT$RegistryApiErrorWatcher.logProblemDetails(ApicurioRegistryBaseIT.java:154)
	at io.apicurio.tests.ApicurioRegistryBaseIT$RegistryApiErrorWatcher.logProblemDetails(ApicurioRegistryBaseIT.java:154)
	at io.apicurio.tests.ApicurioRegistryBaseIT$RegistryApiErrorWatcher.logProblemDetails(ApicurioRegistryBaseIT.java:154)
	at io.apicurio.tests.ApicurioRegistryBaseIT$RegistryApiErrorWatcher.logProblemDetails(ApicurioRegistryBaseIT.java:154)
	at io.apicurio.tests.ApicurioRegistryBaseIT$RegistryApiErrorWatcher.logProblemDetails(ApicurioRegistryBaseIT.java:154)
	at io.apicurio.tests.ApicurioRegistryBaseIT$RegistryApiErrorWatcher.logProblemDetails(ApicurioRegistryBaseIT.java:154)
	at io.apicurio.tests.ApicurioRegistryBaseIT$RegistryApiErrorWatcher.logProblemDetails(ApicurioRegistryBaseIT.java:154)
	at io.apicurio.tests.ApicurioRegistryBaseIT$RegistryApiErrorWatcher.logProblemDetails(ApicurioRegistryBaseIT.java:154)
	at io.apicurio.tests.ApicurioRegistryBaseIT$RegistryApiErrorWatcher.logProblemDetails(ApicurioRegistryBaseIT.java:154)
	at io.apicurio.tests.ApicurioRegistryBaseIT$RegistryApiErrorWatcher.logProblemDetails(ApicurioRegistryBaseIT.java:154)
	at io.apicurio.tests.ApicurioRegistryBaseIT$RegistryApiErrorWatcher.logProblemDetails(ApicurioRegistryBaseIT.java:154)
	at io.apicurio.tests.ApicurioRegistryBaseIT$RegistryApiErrorWatcher.logProblemDetails(ApicurioRegistryBaseIT.java:154)
	at io.apicurio.tests.ApicurioRegistryBaseIT$RegistryApiErrorWatcher.logProblemDetails(ApicurioRegistryBaseIT.java:154)
	at io.apicurio.tests.ApicurioRegistryBaseIT$RegistryApiErrorWatcher.logProblemDetails(ApicurioRegistryBaseIT.java:154)
	at io.apicurio.tests.ApicurioRegistryBaseIT$RegistryApiErrorWatcher.logProblemDetails(ApicurioRegistryBaseIT.java:154)
	at io.apicurio.tests.ApicurioRegistryBaseIT$RegistryApiErrorWatcher.logProblemDetails(ApicurioRegistryBaseIT.java:154)
	at io.apicurio.tests.ApicurioRegistryBaseIT$RegistryApiErrorWatcher.logProblemDetails(ApicurioRegistryBaseIT.java:154)
	at io.apicurio.tests.ApicurioRegistryBaseIT$RegistryApiErrorWatcher.logProblemDetails(ApicurioRegistryBaseIT.java:154)
	at io.apicurio.tests.ApicurioRegistryBaseIT$RegistryApiErrorWatcher.logProblemDetails(ApicurioRegistryBaseIT.java:154)
	at io.apicurio.tests.ApicurioRegistryBaseIT$RegistryApiErrorWatcher.logProblemDetails(ApicurioRegistryBaseIT.java:154)
	at io.apicurio.tests.ApicurioRegistryBaseIT$RegistryApiErrorWatcher.logProblemDetails(ApicurioRegistryBaseIT.java:154)
	at io.apicurio.tests.ApicurioRegistryBaseIT$RegistryApiErrorWatcher.logProblemDetails(ApicurioRegistryBaseIT.java:154)
	at io.apicurio.tests.ApicurioRegistryBaseIT$RegistryApiErrorWatcher.logProblemDetails(ApicurioRegistryBaseIT.java:154)
	at io.apicurio.tests.ApicurioRegistryBaseIT$RegistryApiErrorWatcher.logProblemDetails(ApicurioRegistryBaseIT.java:154)
	at io.apicurio.tests.ApicurioRegistryBaseIT$RegistryApiErrorWatcher.logProblemDetails(ApicurioRegistryBaseIT.java:154)
	at io.apicurio.tests.ApicurioRegistryBaseIT$RegistryApiErrorWatcher.logProblemDetails(ApicurioRegistryBaseIT.java:154)
	at io.apicurio.tests.ApicurioRegistryBaseIT$RegistryApiErrorWatcher.logProblemDetails(ApicurioRegistryBaseIT.java:154)
	at io.apicurio.tests.ApicurioRegistryBaseIT$RegistryApiErrorWatcher.logProblemDetails(ApicurioRegistryBaseIT.java:154)
	at io.apicurio.tests.ApicurioRegistryBaseIT$RegistryApiErrorWatcher.logProblemDetails(ApicurioRegistryBaseIT.java:154)
	at io.apicurio.tests.ApicurioRegistryBaseIT$RegistryApiErrorWatcher.logProblemDetails(ApicurioRegistryBaseIT.java:154)
	at io.apicurio.tests.ApicurioRegistryBaseIT$RegistryApiErrorWatcher.logProblemDetails(ApicurioRegistryBaseIT.java:154)
	at io.apicurio.tests.ApicurioRegistryBaseIT$RegistryApiErrorWatcher.logProblemDetails(ApicurioRegistryBaseIT.java:154)
	at io.apicurio.tests.ApicurioRegistryBaseIT$RegistryApiErrorWatcher.logProblemDetails(ApicurioRegistryBaseIT.java:154)
	at io.apicurio.tests.ApicurioRegistryBaseIT$RegistryApiErrorWatcher.logProblemDetails(ApicurioRegistryBaseIT.java:154)
	at io.apicurio.tests.ApicurioRegistryBaseIT$RegistryApiErrorWatcher.logProblemDetails(ApicurioRegistryBaseIT.java:154)
	at io.apicurio.tests.ApicurioRegistryBaseIT$RegistryApiErrorWatcher.logProblemDetails(ApicurioRegistryBaseIT.java:154)
	at io.apicurio.tests.ApicurioRegistryBaseIT$RegistryApiErrorWatcher.logProblemDetails(ApicurioRegistryBaseIT.java:154)
	at io.apicurio.tests.ApicurioRegistryBaseIT$RegistryApiErrorWatcher.logProblemDetails(ApicurioRegistryBaseIT.java:154)
	at io.apicurio.tests.ApicurioRegistryBaseIT$RegistryApiErrorWatcher.logProblemDetails(ApicurioRegistryBaseIT.java:154)
	at io.apicurio.tests.ApicurioRegistryBaseIT$RegistryApiErrorWatcher.logProblemDetails(ApicurioRegistryBaseIT.java:154)
	at io.apicurio.tests.ApicurioRegistryBaseIT$RegistryApiErrorWatcher.logProblemDetails(ApicurioRegistryBaseIT.java:154)
	at io.apicurio.tests.ApicurioRegistryBaseIT$RegistryApiErrorWatcher.logProblemDetails(ApicurioRegistryBaseIT.java:154)
	at io.apicurio.tests.ApicurioRegistryBaseIT$RegistryApiErrorWatcher.logProblemDetails(ApicurioRegistryBaseIT.java:154)
	at io.apicurio.tests.ApicurioRegistryBaseIT$RegistryApiErrorWatcher.logProblemDetails(ApicurioRegistryBaseIT.java:154)
	at io.apicurio.tests.ApicurioRegistryBaseIT$RegistryApiErrorWatcher.logProblemDetails(ApicurioRegistryBaseIT.java:154)
	at io.apicurio.tests.ApicurioRegistryBaseIT$RegistryApiErrorWatcher.logProblemDetails(ApicurioRegistryBaseIT.java:154)
	at io.apicurio.tests.ApicurioRegistryBaseIT$RegistryApiErrorWatcher.logProblemDetails(ApicurioRegistryBaseIT.java:154)
	at io.apicurio.tests.ApicurioRegistryBaseIT$RegistryApiErrorWatcher.logProblemDetails(ApicurioRegistryBaseIT.java:154)
	at io.apicurio.tests.ApicurioRegistryBaseIT$RegistryApiErrorWatcher.logProblemDetails(ApicurioRegistryBaseIT.java:154)
	at io.apicurio.tests.ApicurioRegistryBaseIT$RegistryApiErrorWatcher.logProblemDetails(ApicurioRegistryBaseIT.java:154)
	at io.apicurio.tests.ApicurioRegistryBaseIT$RegistryApiErrorWatcher.logProblemDetails(ApicurioRegistryBaseIT.java:154)
	at io.apicurio.tests.ApicurioRegistryBaseIT$RegistryApiErrorWatcher.logProblemDetails(ApicurioRegistryBaseIT.java:154)
	at io.apicurio.tests.ApicurioRegistryBaseIT$RegistryApiErrorWatcher.logProblemDetails(ApicurioRegistryBaseIT.java:154)
	at io.apicurio.tests.ApicurioRegistryBaseIT$RegistryApiErrorWatcher.logProblemDetails(ApicurioRegistryBaseIT.java:154)
	at io.apicurio.tests.ApicurioRegistryBaseIT$RegistryApiErrorWatcher.logProblemDetails(ApicurioRegistryBaseIT.java:154)
	at io.apicurio.tests.ApicurioRegistryBaseIT$RegistryApiErrorWatcher.logProblemDetails(ApicurioRegistryBaseIT.java:154)
	at io.apicurio.tests.ApicurioRegistryBaseIT$RegistryApiErrorWatcher.logProblemDetails(ApicurioRegistryBaseIT.java:154)
	at io.apicurio.tests.ApicurioRegistryBaseIT$RegistryApiErrorWatcher.logProblemDetails(ApicurioRegistryBaseIT.java:154)
	at io.apicurio.tests.ApicurioRegistryBaseIT$RegistryApiErrorWatcher.logProblemDetails(ApicurioRegistryBaseIT.java:154)
	at io.apicurio.tests.ApicurioRegistryBaseIT$RegistryApiErrorWatcher.logProblemDetails(ApicurioRegistryBaseIT.java:154)
	at io.apicurio.tests.ApicurioRegistryBaseIT$RegistryApiErrorWatcher.logProblemDetails(ApicurioRegistryBaseIT.java:154)
	at io.apicurio.tests.ApicurioRegistryBaseIT$RegistryApiErrorWatcher.logProblemDetails(ApicurioRegistryBaseIT.java:154)
	at io.apicurio.tests.ApicurioRegistryBaseIT$RegistryApiErrorWatcher.logProblemDetails(ApicurioRegistryBaseIT.java:154)
	at io.apicurio.tests.ApicurioRegistryBaseIT$RegistryApiErrorWatcher.logProblemDetails(ApicurioRegistryBaseIT.java:154)
	at io.apicurio.tests.ApicurioRegistryBaseIT$RegistryApiErrorWatcher.logProblemDetails(ApicurioRegistryBaseIT.java:154)
	at io.apicurio.tests.ApicurioRegistryBaseIT$RegistryApiErrorWatcher.logProblemDetails(ApicurioRegistryBaseIT.java:154)
	at io.apicurio.tests.ApicurioRegistryBaseIT$RegistryApiErrorWatcher.logProblemDetails(ApicurioRegistryBaseIT.java:154)
	at io.apicurio.tests.ApicurioRegistryBaseIT$RegistryApiErrorWatcher.logProblemDetails(ApicurioRegistryBaseIT.java:154)
	at io.apicurio.tests.ApicurioRegistryBaseIT$RegistryApiErrorWatcher.logProblemDetails(ApicurioRegistryBaseIT.java:154)
	at io.apicurio.tests.ApicurioRegistryBaseIT$RegistryApiErrorWatcher.logProblemDetails(ApicurioRegistryBaseIT.java:154)
	at io.apicurio.tests.ApicurioRegistryBaseIT$RegistryApiErrorWatcher.logProblemDetails(ApicurioRegistryBaseIT.java:154)
	at io.apicurio.tests.ApicurioRegistryBaseIT$RegistryApiErrorWatcher.logProblemDetails(ApicurioRegistryBaseIT.java:154)
	at io.apicurio.tests.ApicurioRegistryBaseIT$RegistryApiErrorWatcher.logProblemDetails(ApicurioRegistryBaseIT.java:154)
	at io.apicurio.tests.ApicurioRegistryBaseIT$RegistryApiErrorWatcher.logProblemDetails(ApicurioRegistryBaseIT.java:154)
	at io.apicurio.tests.ApicurioRegistryBaseIT$RegistryApiErrorWatcher.logProblemDetails(ApicurioRegistryBaseIT.java:154)
	at io.apicurio.tests.ApicurioRegistryBaseIT$RegistryApiErrorWatcher.logProblemDetails(ApicurioRegistryBaseIT.java:154)
	at io.apicurio.tests.ApicurioRegistryBaseIT$RegistryApiErrorWatcher.logProblemDetails(ApicurioRegistryBaseIT.java:154)
	at io.apicurio.tests.ApicurioRegistryBaseIT$RegistryApiErrorWatcher.logProblemDetails(ApicurioRegistryBaseIT.java:154)
	at io.apicurio.tests.ApicurioRegistryBaseIT$RegistryApiErrorWatcher.logProblemDetails(ApicurioRegistryBaseIT.java:154)
	at io.apicurio.tests.ApicurioRegistryBaseIT$RegistryApiErrorWatcher.logProblemDetails(ApicurioRegistryBaseIT.java:154)
	at io.apicurio.tests.ApicurioRegistryBaseIT$RegistryApiErrorWatcher.logProblemDetails(ApicurioRegistryBaseIT.java:154)
	at io.apicurio.tests.ApicurioRegistryBaseIT$RegistryApiErrorWatcher.logProblemDetails(ApicurioRegistryBaseIT.java:154)
	at io.apicurio.tests.ApicurioRegistryBaseIT$RegistryApiErrorWatcher.logProblemDetails(ApicurioRegistryBaseIT.java:154)
	at io.apicurio.tests.ApicurioRegistryBaseIT$RegistryApiErrorWatcher.logProblemDetails(ApicurioRegistryBaseIT.java:154)
	at io.apicurio.tests.ApicurioRegistryBaseIT$RegistryApiErrorWatcher.logProblemDetails(ApicurioRegistryBaseIT.java:154)
	at io.apicurio.tests.ApicurioRegistryBaseIT$RegistryApiErrorWatcher.logProblemDetails(ApicurioRegistryBaseIT.java:154)
	at io.apicurio.tests.ApicurioRegistryBaseIT$RegistryApiErrorWatcher.logProblemDetails(ApicurioRegistryBaseIT.java:154)
	at io.apicurio.tests.ApicurioRegistryBaseIT$RegistryApiErrorWatcher.logProblemDetails(ApicurioRegistryBaseIT.java:154)
	at io.apicurio.tests.ApicurioRegistryBaseIT$RegistryApiErrorWatcher.logProblemDetails(ApicurioRegistryBaseIT.java:154)
	at io.apicurio.tests.ApicurioRegistryBaseIT$RegistryApiErrorWatcher.logProblemDetails(ApicurioRegistryBaseIT.java:154)
	at io.apicurio.tests.ApicurioRegistryBaseIT$RegistryApiErrorWatcher.logProblemDetails(ApicurioRegistryBaseIT.java:154)
	at io.apicurio.tests.ApicurioRegistryBaseIT$RegistryApiErrorWatcher.logProblemDetails(ApicurioRegistryBaseIT.java:154)
	at io.apicurio.tests.ApicurioRegistryBaseIT$RegistryApiErrorWatcher.logProblemDetails(ApicurioRegistryBaseIT.java:154)
	at io.apicurio.tests.ApicurioRegistryBaseIT$RegistryApiErrorWatcher.logProblemDetails(ApicurioRegistryBaseIT.java:154)
	at io.apicurio.tests.ApicurioRegistryBaseIT$RegistryApiErrorWatcher.logProblemDetails(ApicurioRegistryBaseIT.java:154)
	at io.apicurio.tests.ApicurioRegistryBaseIT$RegistryApiErrorWatcher.logProblemDetails(ApicurioRegistryBaseIT.java:154)
	at io.apicurio.tests.ApicurioRegistryBaseIT$RegistryApiErrorWatcher.logProblemDetails(ApicurioRegistryBaseIT.java:154)
	at io.apicurio.tests.ApicurioRegistryBaseIT$RegistryApiErrorWatcher.logProblemDetails(ApicurioRegistryBaseIT.java:154)
	at io.apicurio.tests.ApicurioRegistryBaseIT$RegistryApiErrorWatcher.logProblemDetails(ApicurioRegistryBaseIT.java:154)
	at io.apicurio.tests.ApicurioRegistryBaseIT$RegistryApiErrorWatcher.logProblemDetails(ApicurioRegistryBaseIT.java:154)
	at io.apicurio.tests.ApicurioRegistryBaseIT$RegistryApiErrorWatcher.logProblemDetails(ApicurioRegistryBaseIT.java:154)
	at io.apicurio.tests.ApicurioRegistryBaseIT$RegistryApiErrorWatcher.logProblemDetails(ApicurioRegistryBaseIT.java:154)
	at io.apicurio.tests.ApicurioRegistryBaseIT$RegistryApiErrorWatcher.logProblemDetails(ApicurioRegistryBaseIT.java:154)
	at io.apicurio.tests.ApicurioRegistryBaseIT$RegistryApiErrorWatcher.logProblemDetails(ApicurioRegistryBaseIT.java:154)
	at io.apicurio.tests.ApicurioRegistryBaseIT$RegistryApiErrorWatcher.logProblemDetails(ApicurioRegistryBaseIT.java:154)
	at io.apicurio.tests.ApicurioRegistryBaseIT$RegistryApiErrorWatcher.logProblemDetails(ApicurioRegistryBaseIT.java:154)
	at io.apicurio.tests.ApicurioRegistryBaseIT$RegistryApiErrorWatcher.logProblemDetails(ApicurioRegistryBaseIT.java:154)
	at io.apicurio.tests.ApicurioRegistryBaseIT$RegistryApiErrorWatcher.logProblemDetails(ApicurioRegistryBaseIT.java:154)
	at io.apicurio.tests.ApicurioRegistryBaseIT$RegistryApiErrorWatcher.logProblemDetails(ApicurioRegistryBaseIT.java:154)
	at io.apicurio.tests.ApicurioRegistryBaseIT$RegistryApiErrorWatcher.logProblemDetails(ApicurioRegistryBaseIT.java:154)
	at io.apicurio.tests.ApicurioRegistryBaseIT$RegistryApiErrorWatcher.logProblemDetails(ApicurioRegistryBaseIT.java:154)
	at io.apicurio.tests.ApicurioRegistryBaseIT$RegistryApiErrorWatcher.logProblemDetails(ApicurioRegistryBaseIT.java:154)
	at io.apicurio.tests.ApicurioRegistryBaseIT$RegistryApiErrorWatcher.logProblemDetails(ApicurioRegistryBaseIT.java:154)
	at io.apicurio.tests.ApicurioRegistryBaseIT$RegistryApiErrorWatcher.logProblemDetails(ApicurioRegistryBaseIT.java:154)
	at io.apicurio.tests.ApicurioRegistryBaseIT$RegistryApiErrorWatcher.logProblemDetails(ApicurioRegistryBaseIT.java:154)
	at io.apicurio.tests.ApicurioRegistryBaseIT$RegistryApiErrorWatcher.logProblemDetails(ApicurioRegistryBaseIT.java:154)
	at io.apicurio.tests.ApicurioRegistryBaseIT$RegistryApiErrorWatcher.logProblemDetails(ApicurioRegistryBaseIT.java:154)
	at io.apicurio.tests.ApicurioRegistryBaseIT$RegistryApiErrorWatcher.logProblemDetails(ApicurioRegistryBaseIT.java:154)
	at io.apicurio.tests.ApicurioRegistryBaseIT$RegistryApiErrorWatcher.logProblemDetails(ApicurioRegistryBaseIT.java:154)
	at io.apicurio.tests.ApicurioRegistryBaseIT$RegistryApiErrorWatcher.logProblemDetails(ApicurioRegistryBaseIT.java:154)
	at io.apicurio.tests.ApicurioRegistryBaseIT$RegistryApiErrorWatcher.logProblemDetails(ApicurioRegistryBaseIT.java:154)
	at io.apicurio.tests.ApicurioRegistryBaseIT$RegistryApiErrorWatcher.logProblemDetails(ApicurioRegistryBaseIT.java:154)
	at io.apicurio.tests.ApicurioRegistryBaseIT$RegistryApiErrorWatcher.logProblemDetails(ApicurioRegistryBaseIT.java:154)
	at io.apicurio.tests.ApicurioRegistryBaseIT$RegistryApiErrorWatcher.logProblemDetails(ApicurioRegistryBaseIT.java:154)
	at io.apicurio.tests.ApicurioRegistryBaseIT$RegistryApiErrorWatcher.logProblemDetails(ApicurioRegistryBaseIT.java:154)
	at io.apicurio.tests.ApicurioRegistryBaseIT$RegistryApiErrorWatcher.logProblemDetails(ApicurioRegistryBaseIT.java:154)
	at io.apicurio.tests.ApicurioRegistryBaseIT$RegistryApiErrorWatcher.logProblemDetails(ApicurioRegistryBaseIT.java:154)
	at io.apicurio.tests.ApicurioRegistryBaseIT$RegistryApiErrorWatcher.logProblemDetails(ApicurioRegistryBaseIT.java:154)
	at io.apicurio.tests.ApicurioRegistryBaseIT$RegistryApiErrorWatcher.logProblemDetails(ApicurioRegistryBaseIT.java:154)
	at io.apicurio.tests.ApicurioRegistryBaseIT$RegistryApiErrorWatcher.logProblemDetails(ApicurioRegistryBaseIT.java:154)
	at io.apicurio.tests.ApicurioRegistryBaseIT$RegistryApiErrorWatcher.logProblemDetails(ApicurioRegistryBaseIT.java:154)
	at io.apicurio.tests.ApicurioRegistryBaseIT$RegistryApiErrorWatcher.logProblemDetails(ApicurioRegistryBaseIT.java:154)
	at io.apicurio.tests.ApicurioRegistryBaseIT$RegistryApiErrorWatcher.logProblemDetails(ApicurioRegistryBaseIT.java:154)
	at io.apicurio.tests.ApicurioRegistryBaseIT$RegistryApiErrorWatcher.logProblemDetails(ApicurioRegistryBaseIT.java:154)
	at io.apicurio.tests.ApicurioRegistryBaseIT$RegistryApiErrorWatcher.logProblemDetails(ApicurioRegistryBaseIT.java:154)
	at io.apicurio.tests.ApicurioRegistryBaseIT$RegistryApiErrorWatcher.logProblemDetails(ApicurioRegistryBaseIT.java:154)
	at io.apicurio.tests.ApicurioRegistryBaseIT$RegistryApiErrorWatcher.logProblemDetails(ApicurioRegistryBaseIT.java:154)
	at io.apicurio.tests.ApicurioRegistryBaseIT$RegistryApiErrorWatcher.logProblemDetails(ApicurioRegistryBaseIT.java:154)
	at io.apicurio.tests.ApicurioRegistryBaseIT$RegistryApiErrorWatcher.logProblemDetails(ApicurioRegistryBaseIT.java:154)
	at io.apicurio.tests.ApicurioRegistryBaseIT$RegistryApiErrorWatcher.logProblemDetails(ApicurioRegistryBaseIT.java:154)
	at io.apicurio.tests.ApicurioRegistryBaseIT$RegistryApiErrorWatcher.logProblemDetails(ApicurioRegistryBaseIT.java:154)
	at io.apicurio.tests.ApicurioRegistryBaseIT$RegistryApiErrorWatcher.logProblemDetails(ApicurioRegistryBaseIT.java:154)
	at io.apicurio.tests.ApicurioRegistryBaseIT$RegistryApiErrorWatcher.logProblemDetails(ApicurioRegistryBaseIT.java:154)
	at io.apicurio.tests.ApicurioRegistryBaseIT$RegistryApiErrorWatcher.logProblemDetails(ApicurioRegistryBaseIT.java:154)
	at io.apicurio.tests.ApicurioRegistryBaseIT$RegistryApiErrorWatcher.logProblemDetails(ApicurioRegistryBaseIT.java:154)
	at io.apicurio.tests.ApicurioRegistryBaseIT$RegistryApiErrorWatcher.logProblemDetails(ApicurioRegistryBaseIT.java:154)
	at io.apicurio.tests.ApicurioRegistryBaseIT$RegistryApiErrorWatcher.logProblemDetails(ApicurioRegistryBaseIT.java:154)
	at io.apicurio.tests.ApicurioRegistryBaseIT$RegistryApiErrorWatcher.logProblemDetails(ApicurioRegistryBaseIT.java:154)
	at io.apicurio.tests.ApicurioRegistryBaseIT$RegistryApiErrorWatcher.logProblemDetails(ApicurioRegistryBaseIT.java:154)
	at io.apicurio.tests.ApicurioRegistryBaseIT$RegistryApiErrorWatcher.logProblemDetails(ApicurioRegistryBaseIT.java:154)
	at io.apicurio.tests.ApicurioRegistryBaseIT$RegistryApiErrorWatcher.logProblemDetails(ApicurioRegistryBaseIT.java:154)
	at io.apicurio.tests.ApicurioRegistryBaseIT$RegistryApiErrorWatcher.logProblemDetails(ApicurioRegistryBaseIT.java:154)
	at io.apicurio.tests.ApicurioRegistryBaseIT$RegistryApiErrorWatcher.logProblemDetails(ApicurioRegistryBaseIT.java:154)
	at io.apicurio.tests.ApicurioRegistryBaseIT$RegistryApiErrorWatcher.logProblemDetails(ApicurioRegistryBaseIT.java:154)
	at io.apicurio.tests.ApicurioRegistryBaseIT$RegistryApiErrorWatcher.logProblemDetails(ApicurioRegistryBaseIT.java:154)
	at io.apicurio.tests.ApicurioRegistryBaseIT$RegistryApiErrorWatcher.logProblemDetails(ApicurioRegistryBaseIT.java:154)
	at io.apicurio.tests.ApicurioRegistryBaseIT$RegistryApiErrorWatcher.logProblemDetails(ApicurioRegistryBaseIT.java:154)
	at io.apicurio.tests.ApicurioRegistryBaseIT$RegistryApiErrorWatcher.logProblemDetails(ApicurioRegistryBaseIT.java:154)
	at io.apicurio.tests.ApicurioRegistryBaseIT$RegistryApiErrorWatcher.logProblemDetails(ApicurioRegistryBaseIT.java:154)
	at io.apicurio.tests.ApicurioRegistryBaseIT$RegistryApiErrorWatcher.logProblemDetails(ApicurioRegistryBaseIT.java:154)
	at io.apicurio.tests.ApicurioRegistryBaseIT$RegistryApiErrorWatcher.logProblemDetails(ApicurioRegistryBaseIT.java:154)
	at io.apicurio.tests.ApicurioRegistryBaseIT$RegistryApiErrorWatcher.logProblemDetails(ApicurioRegistryBaseIT.java:154)
	at io.apicurio.tests.ApicurioRegistryBaseIT$RegistryApiErrorWatcher.logProblemDetails(ApicurioRegistryBaseIT.java:154)
	at io.apicurio.tests.ApicurioRegistryBaseIT$RegistryApiErrorWatcher.logProblemDetails(ApicurioRegistryBaseIT.java:154)
	at io.apicurio.tests.ApicurioRegistryBaseIT$RegistryApiErrorWatcher.logProblemDetails(ApicurioRegistryBaseIT.java:154)
	at io.apicurio.tests.ApicurioRegistryBaseIT$RegistryApiErrorWatcher.logProblemDetails(ApicurioRegistryBaseIT.java:154)
	at io.apicurio.tests.ApicurioRegistryBaseIT$RegistryApiErrorWatcher.logProblemDetails(ApicurioRegistryBaseIT.java:154)
	at io.apicurio.tests.ApicurioRegistryBaseIT$RegistryApiErrorWatcher.logProblemDetails(ApicurioRegistryBaseIT.java:154)
	at io.apicurio.tests.ApicurioRegistryBaseIT$RegistryApiErrorWatcher.logProblemDetails(ApicurioRegistryBaseIT.java:154)
	at io.apicurio.tests.ApicurioRegistryBaseIT$RegistryApiErrorWatcher.logProblemDetails(ApicurioRegistryBaseIT.java:154)
	at io.apicurio.tests.ApicurioRegistryBaseIT$RegistryApiErrorWatcher.logProblemDetails(ApicurioRegistryBaseIT.java:154)
	at io.apicurio.tests.ApicurioRegistryBaseIT$RegistryApiErrorWatcher.logProblemDetails(ApicurioRegistryBaseIT.java:154)
	at io.apicurio.tests.ApicurioRegistryBaseIT$RegistryApiErrorWatcher.logProblemDetails(ApicurioRegistryBaseIT.java:154)
	at io.apicurio.tests.ApicurioRegistryBaseIT$RegistryApiErrorWatcher.logProblemDetails(ApicurioRegistryBaseIT.java:154)
	at io.apicurio.tests.ApicurioRegistryBaseIT$RegistryApiErrorWatcher.logProblemDetails(ApicurioRegistryBaseIT.java:154)
	at io.apicurio.tests.ApicurioRegistryBaseIT$RegistryApiErrorWatcher.logProblemDetails(ApicurioRegistryBaseIT.java:154)
	at io.apicurio.tests.ApicurioRegistryBaseIT$RegistryApiErrorWatcher.logProblemDetails(ApicurioRegistryBaseIT.java:154)
	at io.apicurio.tests.ApicurioRegistryBaseIT$RegistryApiErrorWatcher.logProblemDetails(ApicurioRegistryBaseIT.java:154)
	at io.apicurio.tests.ApicurioRegistryBaseIT$RegistryApiErrorWatcher.logProblemDetails(ApicurioRegistryBaseIT.java:154)
	at io.apicurio.tests.ApicurioRegistryBaseIT$RegistryApiErrorWatcher.logProblemDetails(ApicurioRegistryBaseIT.java:154)
	at io.apicurio.tests.ApicurioRegistryBaseIT$RegistryApiErrorWatcher.logProblemDetails(ApicurioRegistryBaseIT.java:154)
	at io.apicurio.tests.ApicurioRegistryBaseIT$RegistryApiErrorWatcher.logProblemDetails(ApicurioRegistryBaseIT.java:154)
	at io.apicurio.tests.ApicurioRegistryBaseIT$RegistryApiErrorWatcher.logProblemDetails(ApicurioRegistryBaseIT.java:154)
	at io.apicurio.tests.ApicurioRegistryBaseIT$RegistryApiErrorWatcher.logProblemDetails(ApicurioRegistryBaseIT.java:154)
	at io.apicurio.tests.ApicurioRegistryBaseIT$RegistryApiErrorWatcher.logProblemDetails(ApicurioRegistryBaseIT.java:154)
	at io.apicurio.tests.ApicurioRegistryBaseIT$RegistryApiErrorWatcher.logProblemDetails(ApicurioRegistryBaseIT.java:154)
	at io.apicurio.tests.ApicurioRegistryBaseIT$RegistryApiErrorWatcher.logProblemDetails(ApicurioRegistryBaseIT.java:154)
	at io.apicurio.tests.ApicurioRegistryBaseIT$RegistryApiErrorWatcher.logProblemDetails(ApicurioRegistryBaseIT.java:154)
	at io.apicurio.tests.ApicurioRegistryBaseIT$RegistryApiErrorWatcher.logProblemDetails(ApicurioRegistryBaseIT.java:154)
	at io.apicurio.tests.ApicurioRegistryBaseIT$RegistryApiErrorWatcher.logProblemDetails(ApicurioRegistryBaseIT.java:154)
	at io.apicurio.tests.ApicurioRegistryBaseIT$RegistryApiErrorWatcher.logProblemDetails(ApicurioRegistryBaseIT.java:154)
	at io.apicurio.tests.ApicurioRegistryBaseIT$RegistryApiErrorWatcher.logProblemDetails(ApicurioRegistryBaseIT.java:154)
	at io.apicurio.tests.ApicurioRegistryBaseIT$RegistryApiErrorWatcher.logProblemDetails(ApicurioRegistryBaseIT.java:154)
	at io.apicurio.tests.ApicurioRegistryBaseIT$RegistryApiErrorWatcher.logProblemDetails(ApicurioRegistryBaseIT.java:154)
	at io.apicurio.tests.ApicurioRegistryBaseIT$RegistryApiErrorWatcher.logProblemDetails(ApicurioRegistryBaseIT.java:154)
	at io.apicurio.tests.ApicurioRegistryBaseIT$RegistryApiErrorWatcher.logProblemDetails(ApicurioRegistryBaseIT.java:154)
	at io.apicurio.tests.ApicurioRegistryBaseIT$RegistryApiErrorWatcher.logProblemDetails(ApicurioRegistryBaseIT.java:154)
	at io.apicurio.tests.ApicurioRegistryBaseIT$RegistryApiErrorWatcher.logProblemDetails(ApicurioRegistryBaseIT.java:154)
	at io.apicurio.tests.ApicurioRegistryBaseIT$RegistryApiErrorWatcher.logProblemDetails(ApicurioRegistryBaseIT.java:154)
	at io.apicurio.tests.ApicurioRegistryBaseIT$RegistryApiErrorWatcher.logProblemDetails(ApicurioRegistryBaseIT.java:154)
	at io.apicurio.tests.ApicurioRegistryBaseIT$RegistryApiErrorWatcher.logProblemDetails(ApicurioRegistryBaseIT.java:154)
	at io.apicurio.tests.ApicurioRegistryBaseIT$RegistryApiErrorWatcher.logProblemDetails(ApicurioRegistryBaseIT.java:154)
	at io.apicurio.tests.ApicurioRegistryBaseIT$RegistryApiErrorWatcher.logProblemDetails(ApicurioRegistryBaseIT.java:154)
	at io.apicurio.tests.ApicurioRegistryBaseIT$RegistryApiErrorWatcher.logProblemDetails(ApicurioRegistryBaseIT.java:154)
	at io.apicurio.tests.ApicurioRegistryBaseIT$RegistryApiErrorWatcher.logProblemDetails(ApicurioRegistryBaseIT.java:154)
	at io.apicurio.tests.ApicurioRegistryBaseIT$RegistryApiErrorWatcher.logProblemDetails(ApicurioRegistryBaseIT.java:154)
	at io.apicurio.tests.ApicurioRegistryBaseIT$RegistryApiErrorWatcher.logProblemDetails(ApicurioRegistryBaseIT.java:154)
	at io.apicurio.tests.ApicurioRegistryBaseIT$RegistryApiErrorWatcher.logProblemDetails(ApicurioRegistryBaseIT.java:154)
	at io.apicurio.tests.ApicurioRegistryBaseIT$RegistryApiErrorWatcher.logProblemDetails(ApicurioRegistryBaseIT.java:154)
	at io.apicurio.tests.ApicurioRegistryBaseIT$RegistryApiErrorWatcher.logProblemDetails(ApicurioRegistryBaseIT.java:154)
	at io.apicurio.tests.ApicurioRegistryBaseIT$RegistryApiErrorWatcher.logProblemDetails(ApicurioRegistryBaseIT.java:154)
	at io.apicurio.tests.ApicurioRegistryBaseIT$RegistryApiErrorWatcher.logProblemDetails(ApicurioRegistryBaseIT.java:154)
	at io.apicurio.tests.ApicurioRegistryBaseIT$RegistryApiErrorWatcher.logProblemDetails(ApicurioRegistryBaseIT.java:154)
	at io.apicurio.tests.ApicurioRegistryBaseIT$RegistryApiErrorWatcher.logProblemDetails(ApicurioRegistryBaseIT.java:154)
	at io.apicurio.tests.ApicurioRegistryBaseIT$RegistryApiErrorWatcher.logProblemDetails(ApicurioRegistryBaseIT.java:154)
	at io.apicurio.tests.ApicurioRegistryBaseIT$RegistryApiErrorWatcher.logProblemDetails(ApicurioRegistryBaseIT.java:154)
	at io.apicurio.tests.ApicurioRegistryBaseIT$RegistryApiErrorWatcher.logProblemDetails(ApicurioRegistryBaseIT.java:154)
	at io.apicurio.tests.ApicurioRegistryBaseIT$RegistryApiErrorWatcher.logProblemDetails(ApicurioRegistryBaseIT.java:154)
	at io.apicurio.tests.ApicurioRegistryBaseIT$RegistryApiErrorWatcher.logProblemDetails(ApicurioRegistryBaseIT.java:154)
	at io.apicurio.tests.ApicurioRegistryBaseIT$RegistryApiErrorWatcher.logProblemDetails(ApicurioRegistryBaseIT.java:154)
	at io.apicurio.tests.ApicurioRegistryBaseIT$RegistryApiErrorWatcher.logProblemDetails(ApicurioRegistryBaseIT.java:154)
	at io.apicurio.tests.ApicurioRegistryBaseIT$RegistryApiErrorWatcher.logProblemDetails(ApicurioRegistryBaseIT.java:154)
	at io.apicurio.tests.ApicurioRegistryBaseIT$RegistryApiErrorWatcher.logProblemDetails(ApicurioRegistryBaseIT.java:154)
	at io.apicurio.tests.ApicurioRegistryBaseIT$RegistryApiErrorWatcher.logProblemDetails(ApicurioRegistryBaseIT.java:154)
	at io.apicurio.tests.ApicurioRegistryBaseIT$RegistryApiErrorWatcher.logProblemDetails(ApicurioRegistryBaseIT.java:154)
	at io.apicurio.tests.ApicurioRegistryBaseIT$RegistryApiErrorWatcher.logProblemDetails(ApicurioRegistryBaseIT.java:154)
	at io.apicurio.tests.ApicurioRegistryBaseIT$RegistryApiErrorWatcher.logProblemDetails(ApicurioRegistryBaseIT.java:154)
	at io.apicurio.tests.ApicurioRegistryBaseIT$RegistryApiErrorWatcher.logProblemDetails(ApicurioRegistryBaseIT.java:154)
	at io.apicurio.tests.ApicurioRegistryBaseIT$RegistryApiErrorWatcher.logProblemDetails(ApicurioRegistryBaseIT.java:154)
	at io.apicurio.tests.ApicurioRegistryBaseIT$RegistryApiErrorWatcher.logProblemDetails(ApicurioRegistryBaseIT.java:154)
	at io.apicurio.tests.ApicurioRegistryBaseIT$RegistryApiErrorWatcher.logProblemDetails(ApicurioRegistryBaseIT.java:154)
	at io.apicurio.tests.ApicurioRegistryBaseIT$RegistryApiErrorWatcher.logProblemDetails(ApicurioRegistryBaseIT.java:154)
	at io.apicurio.tests.ApicurioRegistryBaseIT$RegistryApiErrorWatcher.logProblemDetails(ApicurioRegistryBaseIT.java:154)
	at io.apicurio.tests.ApicurioRegistryBaseIT$RegistryApiErrorWatcher.logProblemDetails(ApicurioRegistryBaseIT.java:154)
	at io.apicurio.tests.ApicurioRegistryBaseIT$RegistryApiErrorWatcher.logProblemDetails(ApicurioRegistryBaseIT.java:154)
	at io.apicurio.tests.ApicurioRegistryBaseIT$RegistryApiErrorWatcher.logProblemDetails(ApicurioRegistryBaseIT.java:154)
	at io.apicurio.tests.ApicurioRegistryBaseIT$RegistryApiErrorWatcher.logProblemDetails(ApicurioRegistryBaseIT.java:154)
	at io.apicurio.tests.ApicurioRegistryBaseIT$RegistryApiErrorWatcher.logProblemDetails(ApicurioRegistryBaseIT.java:154)
	at io.apicurio.tests.ApicurioRegistryBaseIT$RegistryApiErrorWatcher.logProblemDetails(ApicurioRegistryBaseIT.java:154)
	at io.apicurio.tests.ApicurioRegistryBaseIT$RegistryApiErrorWatcher.logProblemDetails(ApicurioRegistryBaseIT.java:154)
	at io.apicurio.tests.ApicurioRegistryBaseIT$RegistryApiErrorWatcher.logProblemDetails(ApicurioRegistryBaseIT.java:154)
	at io.apicurio.tests.ApicurioRegistryBaseIT$RegistryApiErrorWatcher.logProblemDetails(ApicurioRegistryBaseIT.java:154)
	at io.apicurio.tests.ApicurioRegistryBaseIT$RegistryApiErrorWatcher.logProblemDetails(ApicurioRegistryBaseIT.java:154)
	at io.apicurio.tests.ApicurioRegistryBaseIT$RegistryApiErrorWatcher.logProblemDetails(ApicurioRegistryBaseIT.java:154)
	at io.apicurio.tests.ApicurioRegistryBaseIT$RegistryApiErrorWatcher.logProblemDetails(ApicurioRegistryBaseIT.java:154)
	at io.apicurio.tests.ApicurioRegistryBaseIT$RegistryApiErrorWatcher.logProblemDetails(ApicurioRegistryBaseIT.java:154)
	at io.apicurio.tests.ApicurioRegistryBaseIT$RegistryApiErrorWatcher.logProblemDetails(ApicurioRegistryBaseIT.java:154)
	at io.apicurio.tests.ApicurioRegistryBaseIT$RegistryApiErrorWatcher.logProblemDetails(ApicurioRegistryBaseIT.java:154)
	at io.apicurio.tests.ApicurioRegistryBaseIT$RegistryApiErrorWatcher.logProblemDetails(ApicurioRegistryBaseIT.java:154)
	at io.apicurio.tests.ApicurioRegistryBaseIT$RegistryApiErrorWatcher.logProblemDetails(ApicurioRegistryBaseIT.java:154)
	at io.apicurio.tests.ApicurioRegistryBaseIT$RegistryApiErrorWatcher.logProblemDetails(ApicurioRegistryBaseIT.java:154)
	at io.apicurio.tests.ApicurioRegistryBaseIT$RegistryApiErrorWatcher.logProblemDetails(ApicurioRegistryBaseIT.java:154)
	at io.apicurio.tests.ApicurioRegistryBaseIT$RegistryApiErrorWatcher.logProblemDetails(ApicurioRegistryBaseIT.java:154)
	at io.apicurio.tests.ApicurioRegistryBaseIT$RegistryApiErrorWatcher.logProblemDetails(ApicurioRegistryBaseIT.java:154)
	at io.apicurio.tests.ApicurioRegistryBaseIT$RegistryApiErrorWatcher.logProblemDetails(ApicurioRegistryBaseIT.java:154)
	at io.apicurio.tests.ApicurioRegistryBaseIT$RegistryApiErrorWatcher.logProblemDetails(ApicurioRegistryBaseIT.java:154)
	at io.apicurio.tests.ApicurioRegistryBaseIT$RegistryApiErrorWatcher.logProblemDetails(ApicurioRegistryBaseIT.java:154)
	at io.apicurio.tests.ApicurioRegistryBaseIT$RegistryApiErrorWatcher.logProblemDetails(ApicurioRegistryBaseIT.java:154)
	at io.apicurio.tests.ApicurioRegistryBaseIT$RegistryApiErrorWatcher.logProblemDetails(ApicurioRegistryBaseIT.java:154)
	at io.apicurio.tests.ApicurioRegistryBaseIT$RegistryApiErrorWatcher.logProblemDetails(ApicurioRegistryBaseIT.java:154)
	at io.apicurio.tests.ApicurioRegistryBaseIT$RegistryApiErrorWatcher.logProblemDetails(ApicurioRegistryBaseIT.java:154)
	at io.apicurio.tests.ApicurioRegistryBaseIT$RegistryApiErrorWatcher.logProblemDetails(ApicurioRegistryBaseIT.java:154)
	at io.apicurio.tests.ApicurioRegistryBaseIT$RegistryApiErrorWatcher.logProblemDetails(ApicurioRegistryBaseIT.java:154)
	at io.apicurio.tests.ApicurioRegistryBaseIT$RegistryApiErrorWatcher.logProblemDetails(ApicurioRegistryBaseIT.java:154)
	at io.apicurio.tests.ApicurioRegistryBaseIT$RegistryApiErrorWatcher.logProblemDetails(ApicurioRegistryBaseIT.java:154)
	at io.apicurio.tests.ApicurioRegistryBaseIT$RegistryApiErrorWatcher.logProblemDetails(ApicurioRegistryBaseIT.java:154)
	at io.apicurio.tests.ApicurioRegistryBaseIT$RegistryApiErrorWatcher.logProblemDetails(ApicurioRegistryBaseIT.java:154)
	at io.apicurio.tests.ApicurioRegistryBaseIT$RegistryApiErrorWatcher.logProblemDetails(ApicurioRegistryBaseIT.java:154)
	at io.apicurio.tests.ApicurioRegistryBaseIT$RegistryApiErrorWatcher.logProblemDetails(ApicurioRegistryBaseIT.java:154)
	at io.apicurio.tests.ApicurioRegistryBaseIT$RegistryApiErrorWatcher.logProblemDetails(ApicurioRegistryBaseIT.java:154)
	at io.apicurio.tests.ApicurioRegistryBaseIT$RegistryApiErrorWatcher.logProblemDetails(ApicurioRegistryBaseIT.java:154)
	at io.apicurio.tests.ApicurioRegistryBaseIT$RegistryApiErrorWatcher.logProblemDetails(ApicurioRegistryBaseIT.java:154)
	at io.apicurio.tests.ApicurioRegistryBaseIT$RegistryApiErrorWatcher.logProblemDetails(ApicurioRegistryBaseIT.java:154)
	at io.apicurio.tests.ApicurioRegistryBaseIT$RegistryApiErrorWatcher.logProblemDetails(ApicurioRegistryBaseIT.java:154)
	at io.apicurio.tests.ApicurioRegistryBaseIT$RegistryApiErrorWatcher.logProblemDetails(ApicurioRegistryBaseIT.java:154)
	at io.apicurio.tests.ApicurioRegistryBaseIT$RegistryApiErrorWatcher.logProblemDetails(ApicurioRegistryBaseIT.java:154)
	at io.apicurio.tests.ApicurioRegistryBaseIT$RegistryApiErrorWatcher.logProblemDetails(ApicurioRegistryBaseIT.java:154)
	at io.apicurio.tests.ApicurioRegistryBaseIT$RegistryApiErrorWatcher.logProblemDetails(ApicurioRegistryBaseIT.java:154)
	at io.apicurio.tests.ApicurioRegistryBaseIT$RegistryApiErrorWatcher.logProblemDetails(ApicurioRegistryBaseIT.java:154)
	at io.apicurio.tests.ApicurioRegistryBaseIT$RegistryApiErrorWatcher.logProblemDetails(ApicurioRegistryBaseIT.java:154)
	at io.apicurio.tests.ApicurioRegistryBaseIT$RegistryApiErrorWatcher.logProblemDetails(ApicurioRegistryBaseIT.java:154)
	at io.apicurio.tests.ApicurioRegistryBaseIT$RegistryApiErrorWatcher.logProblemDetails(ApicurioRegistryBaseIT.java:154)
	at io.apicurio.tests.ApicurioRegistryBaseIT$RegistryApiErrorWatcher.logProblemDetails(ApicurioRegistryBaseIT.java:154)
	at io.apicurio.tests.ApicurioRegistryBaseIT$RegistryApiErrorWatcher.logProblemDetails(ApicurioRegistryBaseIT.java:154)
	at io.apicurio.tests.ApicurioRegistryBaseIT$RegistryApiErrorWatcher.logProblemDetails(ApicurioRegistryBaseIT.java:154)
	at io.apicurio.tests.ApicurioRegistryBaseIT$RegistryApiErrorWatcher.logProblemDetails(ApicurioRegistryBaseIT.java:154)
	at io.apicurio.tests.ApicurioRegistryBaseIT$RegistryApiErrorWatcher.logProblemDetails(ApicurioRegistryBaseIT.java:154)
	at io.apicurio.tests.ApicurioRegistryBaseIT$RegistryApiErrorWatcher.logProblemDetails(ApicurioRegistryBaseIT.java:154)
	at io.apicurio.tests.ApicurioRegistryBaseIT$RegistryApiErrorWatcher.logProblemDetails(ApicurioRegistryBaseIT.java:154)
	at io.apicurio.tests.ApicurioRegistryBaseIT$RegistryApiErrorWatcher.logProblemDetails(ApicurioRegistryBaseIT.java:154)
	at io.apicurio.tests.ApicurioRegistryBaseIT$RegistryApiErrorWatcher.logProblemDetails(ApicurioRegistryBaseIT.java:154)
	at io.apicurio.tests.ApicurioRegistryBaseIT$RegistryApiErrorWatcher.logProblemDetails(ApicurioRegistryBaseIT.java:154)
	at io.apicurio.tests.ApicurioRegistryBaseIT$RegistryApiErrorWatcher.logProblemDetails(ApicurioRegistryBaseIT.java:154)
	at io.apicurio.tests.ApicurioRegistryBaseIT$RegistryApiErrorWatcher.logProblemDetails(ApicurioRegistryBaseIT.java:154)
	at io.apicurio.tests.ApicurioRegistryBaseIT$RegistryApiErrorWatcher.logProblemDetails(ApicurioRegistryBaseIT.java:154)
	at io.apicurio.tests.ApicurioRegistryBaseIT$RegistryApiErrorWatcher.logProblemDetails(ApicurioRegistryBaseIT.java:154)
	at io.apicurio.tests.ApicurioRegistryBaseIT$RegistryApiErrorWatcher.logProblemDetails(ApicurioRegistryBaseIT.java:154)
	at io.apicurio.tests.ApicurioRegistryBaseIT$RegistryApiErrorWatcher.logProblemDetails(ApicurioRegistryBaseIT.java:154)
	at io.apicurio.tests.ApicurioRegistryBaseIT$RegistryApiErrorWatcher.logProblemDetails(ApicurioRegistryBaseIT.java:154)
	at io.apicurio.tests.ApicurioRegistryBaseIT$RegistryApiErrorWatcher.logProblemDetails(ApicurioRegistryBaseIT.java:154)
	at io.apicurio.tests.ApicurioRegistryBaseIT$RegistryApiErrorWatcher.logProblemDetails(ApicurioRegistryBaseIT.java:154)
	at io.apicurio.tests.ApicurioRegistryBaseIT$RegistryApiErrorWatcher.logProblemDetails(ApicurioRegistryBaseIT.java:154)
	at io.apicurio.tests.ApicurioRegistryBaseIT$RegistryApiErrorWatcher.logProblemDetails(ApicurioRegistryBaseIT.java:154)
	at io.apicurio.tests.ApicurioRegistryBaseIT$RegistryApiErrorWatcher.logProblemDetails(ApicurioRegistryBaseIT.java:154)
	at io.apicurio.tests.ApicurioRegistryBaseIT$RegistryApiErrorWatcher.logProblemDetails(ApicurioRegistryBaseIT.java:154)
	at io.apicurio.tests.ApicurioRegistryBaseIT$RegistryApiErrorWatcher.logProblemDetails(ApicurioRegistryBaseIT.java:154)
	at io.apicurio.tests.ApicurioRegistryBaseIT$RegistryApiErrorWatcher.logProblemDetails(ApicurioRegistryBaseIT.java:154)
	at io.apicurio.tests.ApicurioRegistryBaseIT$RegistryApiErrorWatcher.logProblemDetails(ApicurioRegistryBaseIT.java:154)
	at io.apicurio.tests.ApicurioRegistryBaseIT$RegistryApiErrorWatcher.logProblemDetails(ApicurioRegistryBaseIT.java:154)
	at io.apicurio.tests.ApicurioRegistryBaseIT$RegistryApiErrorWatcher.logProblemDetails(ApicurioRegistryBaseIT.java:154)
	at io.apicurio.tests.ApicurioRegistryBaseIT$RegistryApiErrorWatcher.logProblemDetails(ApicurioRegistryBaseIT.java:154)
	at io.apicurio.tests.ApicurioRegistryBaseIT$RegistryApiErrorWatcher.logProblemDetails(ApicurioRegistryBaseIT.java:154)
	at io.apicurio.tests.ApicurioRegistryBaseIT$RegistryApiErrorWatcher.logProblemDetails(ApicurioRegistryBaseIT.java:154)
	at io.apicurio.tests.ApicurioRegistryBaseIT$RegistryApiErrorWatcher.logProblemDetails(ApicurioRegistryBaseIT.java:154)
	at io.apicurio.tests.ApicurioRegistryBaseIT$RegistryApiErrorWatcher.logProblemDetails(ApicurioRegistryBaseIT.java:154)
	at io.apicurio.tests.ApicurioRegistryBaseIT$RegistryApiErrorWatcher.logProblemDetails(ApicurioRegistryBaseIT.java:154)
	at io.apicurio.tests.ApicurioRegistryBaseIT$RegistryApiErrorWatcher.logProblemDetails(ApicurioRegistryBaseIT.java:154)
	at io.apicurio.tests.ApicurioRegistryBaseIT$RegistryApiErrorWatcher.logProblemDetails(ApicurioRegistryBaseIT.java:154)
	at io.apicurio.tests.ApicurioRegistryBaseIT$RegistryApiErrorWatcher.logProblemDetails(ApicurioRegistryBaseIT.java:154)
	at io.apicurio.tests.ApicurioRegistryBaseIT$RegistryApiErrorWatcher.logProblemDetails(ApicurioRegistryBaseIT.java:154)
	at io.apicurio.tests.ApicurioRegistryBaseIT$RegistryApiErrorWatcher.logProblemDetails(ApicurioRegistryBaseIT.java:154)
	at io.apicurio.tests.ApicurioRegistryBaseIT$RegistryApiErrorWatcher.logProblemDetails(ApicurioRegistryBaseIT.java:154)
	at io.apicurio.tests.ApicurioRegistryBaseIT$RegistryApiErrorWatcher.logProblemDetails(ApicurioRegistryBaseIT.java:154)
	at io.apicurio.tests.ApicurioRegistryBaseIT$RegistryApiErrorWatcher.logProblemDetails(ApicurioRegistryBaseIT.java:154)
	at io.apicurio.tests.ApicurioRegistryBaseIT$RegistryApiErrorWatcher.logProblemDetails(ApicurioRegistryBaseIT.java:154)
	at io.apicurio.tests.ApicurioRegistryBaseIT$RegistryApiErrorWatcher.logProblemDetails(ApicurioRegistryBaseIT.java:154)
	at io.apicurio.tests.ApicurioRegistryBaseIT$RegistryApiErrorWatcher.logProblemDetails(ApicurioRegistryBaseIT.java:154)
	at io.apicurio.tests.ApicurioRegistryBaseIT$RegistryApiErrorWatcher.logProblemDetails(ApicurioRegistryBaseIT.java:154)
	at io.apicurio.tests.ApicurioRegistryBaseIT$RegistryApiErrorWatcher.logProblemDetails(ApicurioRegistryBaseIT.java:154)
	at io.apicurio.tests.ApicurioRegistryBaseIT$RegistryApiErrorWatcher.logProblemDetails(ApicurioRegistryBaseIT.java:154)
	at io.apicurio.tests.ApicurioRegistryBaseIT$RegistryApiErrorWatcher.logProblemDetails(ApicurioRegistryBaseIT.java:154)
	at io.apicurio.tests.ApicurioRegistryBaseIT$RegistryApiErrorWatcher.logProblemDetails(ApicurioRegistryBaseIT.java:154)
	at io.apicurio.tests.ApicurioRegistryBaseIT$RegistryApiErrorWatcher.logProblemDetails(ApicurioRegistryBaseIT.java:154)
	at io.apicurio.tests.ApicurioRegistryBaseIT$RegistryApiErrorWatcher.logProblemDetails(ApicurioRegistryBaseIT.java:154)
	at io.apicurio.tests.ApicurioRegistryBaseIT$RegistryApiErrorWatcher.logProblemDetails(ApicurioRegistryBaseIT.java:154)
	at io.apicurio.tests.ApicurioRegistryBaseIT$RegistryApiErrorWatcher.logProblemDetails(ApicurioRegistryBaseIT.java:154)
	at io.apicurio.tests.ApicurioRegistryBaseIT$RegistryApiErrorWatcher.logProblemDetails(ApicurioRegistryBaseIT.java:154)
	at io.apicurio.tests.ApicurioRegistryBaseIT$RegistryApiErrorWatcher.logProblemDetails(ApicurioRegistryBaseIT.java:154)
	at io.apicurio.tests.ApicurioRegistryBaseIT$RegistryApiErrorWatcher.logProblemDetails(ApicurioRegistryBaseIT.java:154)
	at io.apicurio.tests.ApicurioRegistryBaseIT$RegistryApiErrorWatcher.logProblemDetails(ApicurioRegistryBaseIT.java:154)
	at io.apicurio.tests.ApicurioRegistryBaseIT$RegistryApiErrorWatcher.logProblemDetails(ApicurioRegistryBaseIT.java:154)
	at io.apicurio.tests.ApicurioRegistryBaseIT$RegistryApiErrorWatcher.logProblemDetails(ApicurioRegistryBaseIT.java:154)
	at io.apicurio.tests.ApicurioRegistryBaseIT$RegistryApiErrorWatcher.logProblemDetails(ApicurioRegistryBaseIT.java:154)
	at io.apicurio.tests.ApicurioRegistryBaseIT$RegistryApiErrorWatcher.logProblemDetails(ApicurioRegistryBaseIT.java:154)
	at io.apicurio.tests.ApicurioRegistryBaseIT$RegistryApiErrorWatcher.logProblemDetails(ApicurioRegistryBaseIT.java:154)
	at io.apicurio.tests.ApicurioRegistryBaseIT$RegistryApiErrorWatcher.logProblemDetails(ApicurioRegistryBaseIT.java:154)
	at io.apicurio.tests.ApicurioRegistryBaseIT$RegistryApiErrorWatcher.logProblemDetails(ApicurioRegistryBaseIT.java:154)
	at io.apicurio.tests.ApicurioRegistryBaseIT$RegistryApiErrorWatcher.logProblemDetails(ApicurioRegistryBaseIT.java:154)
	at io.apicurio.tests.ApicurioRegistryBaseIT$RegistryApiErrorWatcher.logProblemDetails(ApicurioRegistryBaseIT.java:154)
	at io.apicurio.tests.ApicurioRegistryBaseIT$RegistryApiErrorWatcher.logProblemDetails(ApicurioRegistryBaseIT.java:154)
	at io.apicurio.tests.ApicurioRegistryBaseIT$RegistryApiErrorWatcher.logProblemDetails(ApicurioRegistryBaseIT.java:154)
	at io.apicurio.tests.ApicurioRegistryBaseIT$RegistryApiErrorWatcher.logProblemDetails(ApicurioRegistryBaseIT.java:154)
	at io.apicurio.tests.ApicurioRegistryBaseIT$RegistryApiErrorWatcher.logProblemDetails(ApicurioRegistryBaseIT.java:154)
	at io.apicurio.tests.ApicurioRegistryBaseIT$RegistryApiErrorWatcher.logProblemDetails(ApicurioRegistryBaseIT.java:154)
	at io.apicurio.tests.ApicurioRegistryBaseIT$RegistryApiErrorWatcher.logProblemDetails(ApicurioRegistryBaseIT.java:154)
	at io.apicurio.tests.ApicurioRegistryBaseIT$RegistryApiErrorWatcher.logProblemDetails(ApicurioRegistryBaseIT.java:154)
	at io.apicurio.tests.ApicurioRegistryBaseIT$RegistryApiErrorWatcher.logProblemDetails(ApicurioRegistryBaseIT.java:154)
	at io.apicurio.tests.ApicurioRegistryBaseIT$RegistryApiErrorWatcher.logProblemDetails(ApicurioRegistryBaseIT.java:154)
	at io.apicurio.tests.ApicurioRegistryBaseIT$RegistryApiErrorWatcher.logProblemDetails(ApicurioRegistryBaseIT.java:154)
	at io.apicurio.tests.ApicurioRegistryBaseIT$RegistryApiErrorWatcher.logProblemDetails(ApicurioRegistryBaseIT.java:154)
	at io.apicurio.tests.ApicurioRegistryBaseIT$RegistryApiErrorWatcher.logProblemDetails(ApicurioRegistryBaseIT.java:154)
	at io.apicurio.tests.ApicurioRegistryBaseIT$RegistryApiErrorWatcher.logProblemDetails(ApicurioRegistryBaseIT.java:154)
	at io.apicurio.tests.ApicurioRegistryBaseIT$RegistryApiErrorWatcher.logProblemDetails(ApicurioRegistryBaseIT.java:154)
	at io.apicurio.tests.ApicurioRegistryBaseIT$RegistryApiErrorWatcher.logProblemDetails(ApicurioRegistryBaseIT.java:154)
	at io.apicurio.tests.ApicurioRegistryBaseIT$RegistryApiErrorWatcher.logProblemDetails(ApicurioRegistryBaseIT.java:154)
	at io.apicurio.tests.ApicurioRegistryBaseIT$RegistryApiErrorWatcher.logProblemDetails(ApicurioRegistryBaseIT.java:154)
	at io.apicurio.tests.ApicurioRegistryBaseIT$RegistryApiErrorWatcher.logProblemDetails(ApicurioRegistryBaseIT.java:154)
	at io.apicurio.tests.ApicurioRegistryBaseIT$RegistryApiErrorWatcher.logProblemDetails(ApicurioRegistryBaseIT.java:154)
	at io.apicurio.tests.ApicurioRegistryBaseIT$RegistryApiErrorWatcher.logProblemDetails(ApicurioRegistryBaseIT.java:154)
	at io.apicurio.tests.ApicurioRegistryBaseIT$RegistryApiErrorWatcher.logProblemDetails(ApicurioRegistryBaseIT.java:154)
	at io.apicurio.tests.ApicurioRegistryBaseIT$RegistryApiErrorWatcher.logProblemDetails(ApicurioRegistryBaseIT.java:154)
	at io.apicurio.tests.ApicurioRegistryBaseIT$RegistryApiErrorWatcher.logProblemDetails(ApicurioRegistryBaseIT.java:154)
	at io.apicurio.tests.ApicurioRegistryBaseIT$RegistryApiErrorWatcher.logProblemDetails(ApicurioRegistryBaseIT.java:154)
	at io.apicurio.tests.ApicurioRegistryBaseIT$RegistryApiErrorWatcher.logProblemDetails(ApicurioRegistryBaseIT.java:154)
	at io.apicurio.tests.ApicurioRegistryBaseIT$RegistryApiErrorWatcher.logProblemDetails(ApicurioRegistryBaseIT.java:154)
	at io.apicurio.tests.ApicurioRegistryBaseIT$RegistryApiErrorWatcher.logProblemDetails(ApicurioRegistryBaseIT.java:154)
	at io.apicurio.tests.ApicurioRegistryBaseIT$RegistryApiErrorWatcher.logProblemDetails(ApicurioRegistryBaseIT.java:154)
	at io.apicurio.tests.ApicurioRegistryBaseIT$RegistryApiErrorWatcher.logProblemDetails(ApicurioRegistryBaseIT.java:154)
	at io.apicurio.tests.ApicurioRegistryBaseIT$RegistryApiErrorWatcher.logProblemDetails(ApicurioRegistryBaseIT.java:154)
	at io.apicurio.tests.ApicurioRegistryBaseIT$RegistryApiErrorWatcher.logProblemDetails(ApicurioRegistryBaseIT.java:154)
	at io.apicurio.tests.ApicurioRegistryBaseIT$RegistryApiErrorWatcher.logProblemDetails(ApicurioRegistryBaseIT.java:154)
	at io.apicurio.tests.ApicurioRegistryBaseIT$RegistryApiErrorWatcher.logProblemDetails(ApicurioRegistryBaseIT.java:154)
	at io.apicurio.tests.ApicurioRegistryBaseIT$RegistryApiErrorWatcher.logProblemDetails(ApicurioRegistryBaseIT.java:154)
	at io.apicurio.tests.ApicurioRegistryBaseIT$RegistryApiErrorWatcher.logProblemDetails(ApicurioRegistryBaseIT.java:154)
	at io.apicurio.tests.ApicurioRegistryBaseIT$RegistryApiErrorWatcher.logProblemDetails(ApicurioRegistryBaseIT.java:154)
	at io.apicurio.tests.ApicurioRegistryBaseIT$RegistryApiErrorWatcher.logProblemDetails(ApicurioRegistryBaseIT.java:154)
	at io.apicurio.tests.ApicurioRegistryBaseIT$RegistryApiErrorWatcher.logProblemDetails(ApicurioRegistryBaseIT.java:154)
	at io.apicurio.tests.ApicurioRegistryBaseIT$RegistryApiErrorWatcher.logProblemDetails(ApicurioRegistryBaseIT.java:154)
	at io.apicurio.tests.ApicurioRegistryBaseIT$RegistryApiErrorWatcher.logProblemDetails(ApicurioRegistryBaseIT.java:154)
	at io.apicurio.tests.ApicurioRegistryBaseIT$RegistryApiErrorWatcher.logProblemDetails(ApicurioRegistryBaseIT.java:154)
	at io.apicurio.tests.ApicurioRegistryBaseIT$RegistryApiErrorWatcher.logProblemDetails(ApicurioRegistryBaseIT.java:154)
	at io.apicurio.tests.ApicurioRegistryBaseIT$RegistryApiErrorWatcher.logProblemDetails(ApicurioRegistryBaseIT.java:154)
	at io.apicurio.tests.ApicurioRegistryBaseIT$RegistryApiErrorWatcher.logProblemDetails(ApicurioRegistryBaseIT.java:154)
	at io.apicurio.tests.ApicurioRegistryBaseIT$RegistryApiErrorWatcher.logProblemDetails(ApicurioRegistryBaseIT.java:154)
	at io.apicurio.tests.ApicurioRegistryBaseIT$RegistryApiErrorWatcher.logProblemDetails(ApicurioRegistryBaseIT.java:154)
	at io.apicurio.tests.ApicurioRegistryBaseIT$RegistryApiErrorWatcher.logProblemDetails(ApicurioRegistryBaseIT.java:154)
	at io.apicurio.tests.ApicurioRegistryBaseIT$RegistryApiErrorWatcher.logProblemDetails(ApicurioRegistryBaseIT.java:154)
	at io.apicurio.tests.ApicurioRegistryBaseIT$RegistryApiErrorWatcher.logProblemDetails(ApicurioRegistryBaseIT.java:154)
	at io.apicurio.tests.ApicurioRegistryBaseIT$RegistryApiErrorWatcher.logProblemDetails(ApicurioRegistryBaseIT.java:154)
	at io.apicurio.tests.ApicurioRegistryBaseIT$RegistryApiErrorWatcher.logProblemDetails(ApicurioRegistryBaseIT.java:154)
	at io.apicurio.tests.ApicurioRegistryBaseIT$RegistryApiErrorWatcher.logProblemDetails(ApicurioRegistryBaseIT.java:154)
	at io.apicurio.tests.ApicurioRegistryBaseIT$RegistryApiErrorWatcher.logProblemDetails(ApicurioRegistryBaseIT.java:154)
	at io.apicurio.tests.ApicurioRegistryBaseIT$RegistryApiErrorWatcher.logProblemDetails(ApicurioRegistryBaseIT.java:154)
	at io.apicurio.tests.ApicurioRegistryBaseIT$RegistryApiErrorWatcher.logProblemDetails(ApicurioRegistryBaseIT.java:154)
	at io.apicurio.tests.ApicurioRegistryBaseIT$RegistryApiErrorWatcher.logProblemDetails(ApicurioRegistryBaseIT.java:154)
	at io.apicurio.tests.ApicurioRegistryBaseIT$RegistryApiErrorWatcher.logProblemDetails(ApicurioRegistryBaseIT.java:154)
	at io.apicurio.tests.ApicurioRegistryBaseIT$RegistryApiErrorWatcher.logProblemDetails(ApicurioRegistryBaseIT.java:154)
	at io.apicurio.tests.ApicurioRegistryBaseIT$RegistryApiErrorWatcher.logProblemDetails(ApicurioRegistryBaseIT.java:154)
	at io.apicurio.tests.ApicurioRegistryBaseIT$RegistryApiErrorWatcher.logProblemDetails(ApicurioRegistryBaseIT.java:154)
	at io.apicurio.tests.ApicurioRegistryBaseIT$RegistryApiErrorWatcher.logProblemDetails(ApicurioRegistryBaseIT.java:154)
	at io.apicurio.tests.ApicurioRegistryBaseIT$RegistryApiErrorWatcher.logProblemDetails(ApicurioRegistryBaseIT.java:154)
	at io.apicurio.tests.ApicurioRegistryBaseIT$RegistryApiErrorWatcher.logProblemDetails(ApicurioRegistryBaseIT.java:154)
	at io.apicurio.tests.ApicurioRegistryBaseIT$RegistryApiErrorWatcher.logProblemDetails(ApicurioRegistryBaseIT.java:154)
	at io.apicurio.tests.ApicurioRegistryBaseIT$RegistryApiErrorWatcher.logProblemDetails(ApicurioRegistryBaseIT.java:154)
	at io.apicurio.tests.ApicurioRegistryBaseIT$RegistryApiErrorWatcher.logProblemDetails(ApicurioRegistryBaseIT.java:154)
	at io.apicurio.tests.ApicurioRegistryBaseIT$RegistryApiErrorWatcher.logProblemDetails(ApicurioRegistryBaseIT.java:154)
	at io.apicurio.tests.ApicurioRegistryBaseIT$RegistryApiErrorWatcher.logProblemDetails(ApicurioRegistryBaseIT.java:154)
	at io.apicurio.tests.ApicurioRegistryBaseIT$RegistryApiErrorWatcher.logProblemDetails(ApicurioRegistryBaseIT.java:154)
	at io.apicurio.tests.ApicurioRegistryBaseIT$RegistryApiErrorWatcher.logProblemDetails(ApicurioRegistryBaseIT.java:154)
	at io.apicurio.tests.ApicurioRegistryBaseIT$RegistryApiErrorWatcher.logProblemDetails(ApicurioRegistryBaseIT.java:154)
	at io.apicurio.tests.ApicurioRegistryBaseIT$RegistryApiErrorWatcher.logProblemDetails(ApicurioRegistryBaseIT.java:154)
	at io.apicurio.tests.ApicurioRegistryBaseIT$RegistryApiErrorWatcher.logProblemDetails(ApicurioRegistryBaseIT.java:154)
	at io.apicurio.tests.ApicurioRegistryBaseIT$RegistryApiErrorWatcher.logProblemDetails(ApicurioRegistryBaseIT.java:154)
	at io.apicurio.tests.ApicurioRegistryBaseIT$RegistryApiErrorWatcher.logProblemDetails(ApicurioRegistryBaseIT.java:154)
	at io.apicurio.tests.ApicurioRegistryBaseIT$RegistryApiErrorWatcher.logProblemDetails(ApicurioRegistryBaseIT.java:154)
	at io.apicurio.tests.ApicurioRegistryBaseIT$RegistryApiErrorWatcher.logProblemDetails(ApicurioRegistryBaseIT.java:154)
	at io.apicurio.tests.ApicurioRegistryBaseIT$RegistryApiErrorWatcher.logProblemDetails(ApicurioRegistryBaseIT.java:154)
	at io.apicurio.tests.ApicurioRegistryBaseIT$RegistryApiErrorWatcher.logProblemDetails(ApicurioRegistryBaseIT.java:154)
	at io.apicurio.tests.ApicurioRegistryBaseIT$RegistryApiErrorWatcher.logProblemDetails(ApicurioRegistryBaseIT.java:154)
	at io.apicurio.tests.ApicurioRegistryBaseIT$RegistryApiErrorWatcher.logProblemDetails(ApicurioRegistryBaseIT.java:154)
	at io.apicurio.tests.ApicurioRegistryBaseIT$RegistryApiErrorWatcher.logProblemDetails(ApicurioRegistryBaseIT.java:154)
	at io.apicurio.tests.ApicurioRegistryBaseIT$RegistryApiErrorWatcher.logProblemDetails(ApicurioRegistryBaseIT.java:154)
	at io.apicurio.tests.ApicurioRegistryBaseIT$RegistryApiErrorWatcher.logProblemDetails(ApicurioRegistryBaseIT.java:154)
	at io.apicurio.tests.ApicurioRegistryBaseIT$RegistryApiErrorWatcher.logProblemDetails(ApicurioRegistryBaseIT.java:154)
	at io.apicurio.tests.ApicurioRegistryBaseIT$RegistryApiErrorWatcher.logProblemDetails(ApicurioRegistryBaseIT.java:154)
	at io.apicurio.tests.ApicurioRegistryBaseIT$RegistryApiErrorWatcher.logProblemDetails(ApicurioRegistryBaseIT.java:154)
	at io.apicurio.tests.ApicurioRegistryBaseIT$RegistryApiErrorWatcher.logProblemDetails(ApicurioRegistryBaseIT.java:154)
	at io.apicurio.tests.ApicurioRegistryBaseIT$RegistryApiErrorWatcher.logProblemDetails(ApicurioRegistryBaseIT.java:154)
	at io.apicurio.tests.ApicurioRegistryBaseIT$RegistryApiErrorWatcher.logProblemDetails(ApicurioRegistryBaseIT.java:154)
	at io.apicurio.tests.ApicurioRegistryBaseIT$RegistryApiErrorWatcher.logProblemDetails(ApicurioRegistryBaseIT.java:154)
	at io.apicurio.tests.ApicurioRegistryBaseIT$RegistryApiErrorWatcher.logProblemDetails(ApicurioRegistryBaseIT.java:154)
	at io.apicurio.tests.ApicurioRegistryBaseIT$RegistryApiErrorWatcher.logProblemDetails(ApicurioRegistryBaseIT.java:154)
	at io.apicurio.tests.ApicurioRegistryBaseIT$RegistryApiErrorWatcher.logProblemDetails(ApicurioRegistryBaseIT.java:154)
	at io.apicurio.tests.ApicurioRegistryBaseIT$RegistryApiErrorWatcher.logProblemDetails(ApicurioRegistryBaseIT.java:154)
	at io.apicurio.tests.ApicurioRegistryBaseIT$RegistryApiErrorWatcher.logProblemDetails(ApicurioRegistryBaseIT.java:154)
	at io.apicurio.tests.ApicurioRegistryBaseIT$RegistryApiErrorWatcher.logProblemDetails(ApicurioRegistryBaseIT.java:154)
	at io.apicurio.tests.ApicurioRegistryBaseIT$RegistryApiErrorWatcher.logProblemDetails(ApicurioRegistryBaseIT.java:154)
	at io.apicurio.tests.ApicurioRegistryBaseIT$RegistryApiErrorWatcher.logProblemDetails(ApicurioRegistryBaseIT.java:154)
	at io.apicurio.tests.ApicurioRegistryBaseIT$RegistryApiErrorWatcher.logProblemDetails(ApicurioRegistryBaseIT.java:154)
	at io.apicurio.tests.ApicurioRegistryBaseIT$RegistryApiErrorWatcher.logProblemDetails(ApicurioRegistryBaseIT.java:154)
	at io.apicurio.tests.ApicurioRegistryBaseIT$RegistryApiErrorWatcher.logProblemDetails(ApicurioRegistryBaseIT.java:154)
	at io.apicurio.tests.ApicurioRegistryBaseIT$RegistryApiErrorWatcher.logProblemDetails(ApicurioRegistryBaseIT.java:154)
	at io.apicurio.tests.ApicurioRegistryBaseIT$RegistryApiErrorWatcher.logProblemDetails(ApicurioRegistryBaseIT.java:154)
	at io.apicurio.tests.ApicurioRegistryBaseIT$RegistryApiErrorWatcher.logProblemDetails(ApicurioRegistryBaseIT.java:154)
	at io.apicurio.tests.ApicurioRegistryBaseIT$RegistryApiErrorWatcher.logProblemDetails(ApicurioRegistryBaseIT.java:154)
	at io.apicurio.tests.ApicurioRegistryBaseIT$RegistryApiErrorWatcher.logProblemDetails(ApicurioRegistryBaseIT.java:154)
	at io.apicurio.tests.ApicurioRegistryBaseIT$RegistryApiErrorWatcher.logProblemDetails(ApicurioRegistryBaseIT.java:154)
	at io.apicurio.tests.ApicurioRegistryBaseIT$RegistryApiErrorWatcher.logProblemDetails(ApicurioRegistryBaseIT.java:154)
	at io.apicurio.tests.ApicurioRegistryBaseIT$RegistryApiErrorWatcher.logProblemDetails(ApicurioRegistryBaseIT.java:154)
	at io.apicurio.tests.ApicurioRegistryBaseIT$RegistryApiErrorWatcher.logProblemDetails(ApicurioRegistryBaseIT.java:154)
	at io.apicurio.tests.ApicurioRegistryBaseIT$RegistryApiErrorWatcher.logProblemDetails(ApicurioRegistryBaseIT.java:154)
	at io.apicurio.tests.ApicurioRegistryBaseIT$RegistryApiErrorWatcher.logProblemDetails(ApicurioRegistryBaseIT.java:154)
	at io.apicurio.tests.ApicurioRegistryBaseIT$RegistryApiErrorWatcher.logProblemDetails(ApicurioRegistryBaseIT.java:154)
	at io.apicurio.tests.ApicurioRegistryBaseIT$RegistryApiErrorWatcher.logProblemDetails(ApicurioRegistryBaseIT.java:154)
	at io.apicurio.tests.ApicurioRegistryBaseIT$RegistryApiErrorWatcher.logProblemDetails(ApicurioRegistryBaseIT.java:154)
	at io.apicurio.tests.ApicurioRegistryBaseIT$RegistryApiErrorWatcher.logProblemDetails(ApicurioRegistryBaseIT.java:154)
	at io.apicurio.tests.ApicurioRegistryBaseIT$RegistryApiErrorWatcher.logProblemDetails(ApicurioRegistryBaseIT.java:154)
	at io.apicurio.tests.ApicurioRegistryBaseIT$RegistryApiErrorWatcher.logProblemDetails(ApicurioRegistryBaseIT.java:154)
	at io.apicurio.tests.ApicurioRegistryBaseIT$RegistryApiErrorWatcher.logProblemDetails(ApicurioRegistryBaseIT.java:154)
	at io.apicurio.tests.ApicurioRegistryBaseIT$RegistryApiErrorWatcher.logProblemDetails(ApicurioRegistryBaseIT.java:154)
	at io.apicurio.tests.ApicurioRegistryBaseIT$RegistryApiErrorWatcher.logProblemDetails(ApicurioRegistryBaseIT.java:154)
	at io.apicurio.tests.ApicurioRegistryBaseIT$RegistryApiErrorWatcher.logProblemDetails(ApicurioRegistryBaseIT.java:154)
	at io.apicurio.tests.ApicurioRegistryBaseIT$RegistryApiErrorWatcher.logProblemDetails(ApicurioRegistryBaseIT.java:154)
	at io.apicurio.tests.ApicurioRegistryBaseIT$RegistryApiErrorWatcher.logProblemDetails(ApicurioRegistryBaseIT.java:154)
	at io.apicurio.tests.ApicurioRegistryBaseIT$RegistryApiErrorWatcher.logProblemDetails(ApicurioRegistryBaseIT.java:154)
	at io.apicurio.tests.ApicurioRegistryBaseIT$RegistryApiErrorWatcher.logProblemDetails(ApicurioRegistryBaseIT.java:154)
	at io.apicurio.tests.ApicurioRegistryBaseIT$RegistryApiErrorWatcher.logProblemDetails(ApicurioRegistryBaseIT.java:154)
	at io.apicurio.tests.ApicurioRegistryBaseIT$RegistryApiErrorWatcher.logProblemDetails(ApicurioRegistryBaseIT.java:154)
	at io.apicurio.tests.ApicurioRegistryBaseIT$RegistryApiErrorWatcher.logProblemDetails(ApicurioRegistryBaseIT.java:154)
	at io.apicurio.tests.ApicurioRegistryBaseIT$RegistryApiErrorWatcher.logProblemDetails(ApicurioRegistryBaseIT.java:154)
	at io.apicurio.tests.ApicurioRegistryBaseIT$RegistryApiErrorWatcher.logProblemDetails(ApicurioRegistryBaseIT.java:154)
	at io.apicurio.tests.ApicurioRegistryBaseIT$RegistryApiErrorWatcher.logProblemDetails(ApicurioRegistryBaseIT.java:154)
	at io.apicurio.tests.ApicurioRegistryBaseIT$RegistryApiErrorWatcher.logProblemDetails(ApicurioRegistryBaseIT.java:154)
	at io.apicurio.tests.ApicurioRegistryBaseIT$RegistryApiErrorWatcher.logProblemDetails(ApicurioRegistryBaseIT.java:154)
	at io.apicurio.tests.ApicurioRegistryBaseIT$RegistryApiErrorWatcher.logProblemDetails(ApicurioRegistryBaseIT.java:154)
	at io.apicurio.tests.ApicurioRegistryBaseIT$RegistryApiErrorWatcher.logProblemDetails(ApicurioRegistryBaseIT.java:154)
	at io.apicurio.tests.ApicurioRegistryBaseIT$RegistryApiErrorWatcher.logProblemDetails(ApicurioRegistryBaseIT.java:154)
	at io.apicurio.tests.ApicurioRegistryBaseIT$RegistryApiErrorWatcher.logProblemDetails(ApicurioRegistryBaseIT.java:154)
	at io.apicurio.tests.ApicurioRegistryBaseIT$RegistryApiErrorWatcher.logProblemDetails(ApicurioRegistryBaseIT.java:154)
	at io.apicurio.tests.ApicurioRegistryBaseIT$RegistryApiErrorWatcher.logProblemDetails(ApicurioRegistryBaseIT.java:154)
	at io.apicurio.tests.ApicurioRegistryBaseIT$RegistryApiErrorWatcher.logProblemDetails(ApicurioRegistryBaseIT.java:154)
	at io.apicurio.tests.ApicurioRegistryBaseIT$RegistryApiErrorWatcher.logProblemDetails(ApicurioRegistryBaseIT.java:154)
	at io.apicurio.tests.ApicurioRegistryBaseIT$RegistryApiErrorWatcher.logProblemDetails(ApicurioRegistryBaseIT.java:154)
	at io.apicurio.tests.ApicurioRegistryBaseIT$RegistryApiErrorWatcher.logProblemDetails(ApicurioRegistryBaseIT.java:154)
	at io.apicurio.tests.ApicurioRegistryBaseIT$RegistryApiErrorWatcher.logProblemDetails(ApicurioRegistryBaseIT.java:154)
	at io.apicurio.tests.ApicurioRegistryBaseIT$RegistryApiErrorWatcher.logProblemDetails(ApicurioRegistryBaseIT.java:154)
	at io.apicurio.tests.ApicurioRegistryBaseIT$RegistryApiErrorWatcher.logProblemDetails(ApicurioRegistryBaseIT.java:154)
	at io.apicurio.tests.ApicurioRegistryBaseIT$RegistryApiErrorWatcher.logProblemDetails(ApicurioRegistryBaseIT.java:154)
	at io.apicurio.tests.ApicurioRegistryBaseIT$RegistryApiErrorWatcher.logProblemDetails(ApicurioRegistryBaseIT.java:154)
	at io.apicurio.tests.ApicurioRegistryBaseIT$RegistryApiErrorWatcher.logProblemDetails(ApicurioRegistryBaseIT.java:154)
	at io.apicurio.tests.ApicurioRegistryBaseIT$RegistryApiErrorWatcher.logProblemDetails(ApicurioRegistryBaseIT.java:154)
	at io.apicurio.tests.ApicurioRegistryBaseIT$RegistryApiErrorWatcher.logProblemDetails(ApicurioRegistryBaseIT.java:154)
	at io.apicurio.tests.ApicurioRegistryBaseIT$RegistryApiErrorWatcher.logProblemDetails(ApicurioRegistryBaseIT.java:154)
	at io.apicurio.tests.ApicurioRegistryBaseIT$RegistryApiErrorWatcher.logProblemDetails(ApicurioRegistryBaseIT.java:154)
	at io.apicurio.tests.ApicurioRegistryBaseIT$RegistryApiErrorWatcher.logProblemDetails(ApicurioRegistryBaseIT.java:154)
	at io.apicurio.tests.ApicurioRegistryBaseIT$RegistryApiErrorWatcher.logProblemDetails(ApicurioRegistryBaseIT.java:154)
	at io.apicurio.tests.ApicurioRegistryBaseIT$RegistryApiErrorWatcher.logProblemDetails(ApicurioRegistryBaseIT.java:154)
	at io.apicurio.tests.ApicurioRegistryBaseIT$RegistryApiErrorWatcher.logProblemDetails(ApicurioRegistryBaseIT.java:154)
	at io.apicurio.tests.ApicurioRegistryBaseIT$RegistryApiErrorWatcher.logProblemDetails(ApicurioRegistryBaseIT.java:154)
	at io.apicurio.tests.ApicurioRegistryBaseIT$RegistryApiErrorWatcher.logProblemDetails(ApicurioRegistryBaseIT.java:154)
	at io.apicurio.tests.ApicurioRegistryBaseIT$RegistryApiErrorWatcher.logProblemDetails(ApicurioRegistryBaseIT.java:154)
	at io.apicurio.tests.ApicurioRegistryBaseIT$RegistryApiErrorWatcher.logProblemDetails(ApicurioRegistryBaseIT.java:154)
	at io.apicurio.tests.ApicurioRegistryBaseIT$RegistryApiErrorWatcher.logProblemDetails(ApicurioRegistryBaseIT.java:154)
	at io.apicurio.tests.ApicurioRegistryBaseIT$RegistryApiErrorWatcher.logProblemDetails(ApicurioRegistryBaseIT.java:154)
	at io.apicurio.tests.ApicurioRegistryBaseIT$RegistryApiErrorWatcher.logProblemDetails(ApicurioRegistryBaseIT.java:154)
	at io.apicurio.tests.ApicurioRegistryBaseIT$RegistryApiErrorWatcher.logProblemDetails(ApicurioRegistryBaseIT.java:154)
	at io.apicurio.tests.ApicurioRegistryBaseIT$RegistryApiErrorWatcher.logProblemDetails(ApicurioRegistryBaseIT.java:154)
	at io.apicurio.tests.ApicurioRegistryBaseIT$RegistryApiErrorWatcher.logProblemDetails(ApicurioRegistryBaseIT.java:154)
	at io.apicurio.tests.ApicurioRegistryBaseIT$RegistryApiErrorWatcher.logProblemDetails(ApicurioRegistryBaseIT.java:154)
	at io.apicurio.tests.ApicurioRegistryBaseIT$RegistryApiErrorWatcher.logProblemDetails(ApicurioRegistryBaseIT.java:154)
	at io.apicurio.tests.ApicurioRegistryBaseIT$RegistryApiErrorWatcher.logProblemDetails(ApicurioRegistryBaseIT.java:154)
	at io.apicurio.tests.ApicurioRegistryBaseIT$RegistryApiErrorWatcher.logProblemDetails(ApicurioRegistryBaseIT.java:154)
	at io.apicurio.tests.ApicurioRegistryBaseIT$RegistryApiErrorWatcher.logProblemDetails(ApicurioRegistryBaseIT.java:154)
	at io.apicurio.tests.ApicurioRegistryBaseIT$RegistryApiErrorWatcher.logProblemDetails(ApicurioRegistryBaseIT.java:154)
	at io.apicurio.tests.ApicurioRegistryBaseIT$RegistryApiErrorWatcher.logProblemDetails(ApicurioRegistryBaseIT.java:154)
	at io.apicurio.tests.ApicurioRegistryBaseIT$RegistryApiErrorWatcher.logProblemDetails(ApicurioRegistryBaseIT.java:154)
	at io.apicurio.tests.ApicurioRegistryBaseIT$RegistryApiErrorWatcher.logProblemDetails(ApicurioRegistryBaseIT.java:154)
	at io.apicurio.tests.ApicurioRegistryBaseIT$RegistryApiErrorWatcher.logProblemDetails(ApicurioRegistryBaseIT.java:154)
	at io.apicurio.tests.ApicurioRegistryBaseIT$RegistryApiErrorWatcher.logProblemDetails(ApicurioRegistryBaseIT.java:154)
	at io.apicurio.tests.ApicurioRegistryBaseIT$RegistryApiErrorWatcher.logProblemDetails(ApicurioRegistryBaseIT.java:154)
	at io.apicurio.tests.ApicurioRegistryBaseIT$RegistryApiErrorWatcher.logProblemDetails(ApicurioRegistryBaseIT.java:154)
	at io.apicurio.tests.ApicurioRegistryBaseIT$RegistryApiErrorWatcher.logProblemDetails(ApicurioRegistryBaseIT.java:154)
	at io.apicurio.tests.ApicurioRegistryBaseIT$RegistryApiErrorWatcher.logProblemDetails(ApicurioRegistryBaseIT.java:154)
	at io.apicurio.tests.ApicurioRegistryBaseIT$RegistryApiErrorWatcher.logProblemDetails(ApicurioRegistryBaseIT.java:154)
	at io.apicurio.tests.ApicurioRegistryBaseIT$RegistryApiErrorWatcher.logProblemDetails(ApicurioRegistryBaseIT.java:154)
	at io.apicurio.tests.ApicurioRegistryBaseIT$RegistryApiErrorWatcher.logProblemDetails(ApicurioRegistryBaseIT.java:154)
	at io.apicurio.tests.ApicurioRegistryBaseIT$RegistryApiErrorWatcher.logProblemDetails(ApicurioRegistryBaseIT.java:154)
	at io.apicurio.tests.ApicurioRegistryBaseIT$RegistryApiErrorWatcher.logProblemDetails(ApicurioRegistryBaseIT.java:154)
	at io.apicurio.tests.ApicurioRegistryBaseIT$RegistryApiErrorWatcher.logProblemDetails(ApicurioRegistryBaseIT.java:154)
	at io.apicurio.tests.ApicurioRegistryBaseIT$RegistryApiErrorWatcher.logProblemDetails(ApicurioRegistryBaseIT.java:154)
	at io.apicurio.tests.ApicurioRegistryBaseIT$RegistryApiErrorWatcher.logProblemDetails(ApicurioRegistryBaseIT.java:154)
	at io.apicurio.tests.ApicurioRegistryBaseIT$RegistryApiErrorWatcher.logProblemDetails(ApicurioRegistryBaseIT.java:154)
	at io.apicurio.tests.ApicurioRegistryBaseIT$RegistryApiErrorWatcher.logProblemDetails(ApicurioRegistryBaseIT.java:154)
	at io.apicurio.tests.ApicurioRegistryBaseIT$RegistryApiErrorWatcher.logProblemDetails(ApicurioRegistryBaseIT.java:154)
	at io.apicurio.tests.ApicurioRegistryBaseIT$RegistryApiErrorWatcher.logProblemDetails(ApicurioRegistryBaseIT.java:154)
	at io.apicurio.tests.ApicurioRegistryBaseIT$RegistryApiErrorWatcher.logProblemDetails(ApicurioRegistryBaseIT.java:154)
	at io.apicurio.tests.ApicurioRegistryBaseIT$RegistryApiErrorWatcher.logProblemDetails(ApicurioRegistryBaseIT.java:154)
	at io.apicurio.tests.ApicurioRegistryBaseIT$RegistryApiErrorWatcher.logProblemDetails(ApicurioRegistryBaseIT.java:154)
	at io.apicurio.tests.ApicurioRegistryBaseIT$RegistryApiErrorWatcher.logProblemDetails(ApicurioRegistryBaseIT.java:154)
	at io.apicurio.tests.ApicurioRegistryBaseIT$RegistryApiErrorWatcher.logProblemDetails(ApicurioRegistryBaseIT.java:154)
	at io.apicurio.tests.ApicurioRegistryBaseIT$RegistryApiErrorWatcher.logProblemDetails(ApicurioRegistryBaseIT.java:154)
	at io.apicurio.tests.ApicurioRegistryBaseIT$RegistryApiErrorWatcher.logProblemDetails(ApicurioRegistryBaseIT.java:154)
	at io.apicurio.tests.ApicurioRegistryBaseIT$RegistryApiErrorWatcher.logProblemDetails(ApicurioRegistryBaseIT.java:154)
	at io.apicurio.tests.ApicurioRegistryBaseIT$RegistryApiErrorWatcher.logProblemDetails(ApicurioRegistryBaseIT.java:154)
	at io.apicurio.tests.ApicurioRegistryBaseIT$RegistryApiErrorWatcher.logProblemDetails(ApicurioRegistryBaseIT.java:154)
	at io.apicurio.tests.ApicurioRegistryBaseIT$RegistryApiErrorWatcher.logProblemDetails(ApicurioRegistryBaseIT.java:154)
	at io.apicurio.tests.ApicurioRegistryBaseIT$RegistryApiErrorWatcher.logProblemDetails(ApicurioRegistryBaseIT.java:154)
	at io.apicurio.tests.ApicurioRegistryBaseIT$RegistryApiErrorWatcher.logProblemDetails(ApicurioRegistryBaseIT.java:154)
	at io.apicurio.tests.ApicurioRegistryBaseIT$RegistryApiErrorWatcher.logProblemDetails(ApicurioRegistryBaseIT.java:154)
	at io.apicurio.tests.ApicurioRegistryBaseIT$RegistryApiErrorWatcher.logProblemDetails(ApicurioRegistryBaseIT.java:154)
	at io.apicurio.tests.ApicurioRegistryBaseIT$RegistryApiErrorWatcher.logProblemDetails(ApicurioRegistryBaseIT.java:154)
	at io.apicurio.tests.ApicurioRegistryBaseIT$RegistryApiErrorWatcher.logProblemDetails(ApicurioRegistryBaseIT.java:154)
	at io.apicurio.tests.ApicurioRegistryBaseIT$RegistryApiErrorWatcher.logProblemDetails(ApicurioRegistryBaseIT.java:154)
	at io.apicurio.tests.ApicurioRegistryBaseIT$RegistryApiErrorWatcher.logProblemDetails(ApicurioRegistryBaseIT.java:154)
	at io.apicurio.tests.ApicurioRegistryBaseIT$RegistryApiErrorWatcher.logProblemDetails(ApicurioRegistryBaseIT.java:154)
	at io.apicurio.tests.ApicurioRegistryBaseIT$RegistryApiErrorWatcher.logProblemDetails(ApicurioRegistryBaseIT.java:154)
	at io.apicurio.tests.ApicurioRegistryBaseIT$RegistryApiErrorWatcher.logProblemDetails(ApicurioRegistryBaseIT.java:154)
	at io.apicurio.tests.ApicurioRegistryBaseIT$RegistryApiErrorWatcher.logProblemDetails(ApicurioRegistryBaseIT.java:154)
	at io.apicurio.tests.ApicurioRegistryBaseIT$RegistryApiErrorWatcher.logProblemDetails(ApicurioRegistryBaseIT.java:154)
	at io.apicurio.tests.ApicurioRegistryBaseIT$RegistryApiErrorWatcher.logProblemDetails(ApicurioRegistryBaseIT.java:154)

]]></system-out>
  </testcase>
  <testcase name="testFindLatestDeriveClassProtobufTypeSimpleTopicIdStrategy" classname="io.apicurio.tests.serdes.apicurio.ProtobufSerdeIT" time="0.059">
    <error type="io.apicurio.registry.rest.client.models.RuleViolationProblemDetails"><![CDATA[io.apicurio.registry.rest.client.models.RuleViolationProblemDetails
	at io.apicurio.registry.rest.client.models.RuleViolationProblemDetails.createFromDiscriminatorValue(RuleViolationProblemDetails.java:62)
	at io.kiota.serialization.json.JsonParseNode.getObjectValue(JsonParseNode.java:247)
	at io.kiota.http.vertx.VertXRequestAdapter.lambda$throwIfFailedResponse$0(VertXRequestAdapter.java:400)
	at com.microsoft.kiota.ApiExceptionBuilder.<init>(ApiExceptionBuilder.java:26)
	at io.kiota.http.vertx.VertXRequestAdapter.throwIfFailedResponse(VertXRequestAdapter.java:399)
	at io.kiota.http.vertx.VertXRequestAdapter.send(VertXRequestAdapter.java:170)
	at io.apicurio.registry.rest.client.groups.item.artifacts.ArtifactsRequestBuilder.post(ArtifactsRequestBuilder.java:130)
	at io.apicurio.tests.ApicurioRegistryBaseIT.createArtifact(ApicurioRegistryBaseIT.java:184)
	at io.apicurio.tests.serdes.apicurio.ProtobufSerdeIT.testFindLatestDeriveClassProtobufTypeSimpleTopicIdStrategy(ProtobufSerdeIT.java:286)
	at java.base/java.lang.reflect.Method.invoke(Method.java:569)
	at java.base/java.util.ArrayList.forEach(ArrayList.java:1511)
	at java.base/java.util.ArrayList.forEach(ArrayList.java:1511)
]]></error>
    <system-out><![CDATA[2025-07-31 17:05:36,458 INFO  [io.api.tes.uti.TestSeparator] (main) ############################################################################
2025-07-31 17:05:36,458 INFO  [io.api.tes.uti.TestSeparator] (main) io.apicurio.tests.serdes.apicurio.ProtobufSerdeIT.testFindLatestDeriveClassProtobufTypeSimpleTopicIdStrategy-STARTED
2025-07-31 17:05:36,479 INFO  [io.api.tes.uti.TestSeparator] (main) io.apicurio.tests.serdes.apicurio.ProtobufSerdeIT.testFindLatestDeriveClassProtobufTypeSimpleTopicIdStrategy-FINISHED
2025-07-31 17:05:36,479 INFO  [io.api.tes.uti.TestSeparator] (main) ############################################################################
2025-07-31 17:05:36,479 ERROR [io.api.reg.uti.tes.TestUtils] (main) === TEST FAILED ===
2025-07-31 17:05:36,479 ERROR [io.api.reg.uti.tes.TestUtils] (main) Class: class io.apicurio.tests.serdes.apicurio.ProtobufSerdeIT
2025-07-31 17:05:36,479 ERROR [io.api.reg.uti.tes.TestUtils] (main) Test:  testFindLatestDeriveClassProtobufTypeSimpleTopicIdStrategy
2025-07-31 17:05:36,480 ERROR [io.api.reg.uti.tes.TestUtils] (main) ID:    [engine:junit-jupiter]/[class:io.apicurio.tests.serdes.apicurio.ProtobufSerdeIT]/[method:testFindLatestDeriveClassProtobufTypeSimpleTopicIdStrategy()]
2025-07-31 17:05:36,480 ERROR [io.api.reg.uti.tes.TestUtils] (main) Error: RuleViolationProblemDetails - null
2025-07-31 17:05:36,480 ERROR [io.api.reg.uti.tes.TestUtils] (main) Rule Violation Problem Details
2025-07-31 17:05:36,508 WARNING [org.jun.jup.eng.des.MethodBasedTestDescriptor] (main) Failed to invoke TestWatcher [io.apicurio.tests.ApicurioRegistryBaseIT$RegistryApiErrorWatcher] for method [io.apicurio.tests.serdes.apicurio.ProtobufSerdeIT#testFindLatestDeriveClassProtobufTypeSimpleTopicIdStrategy()] with display name [testFindLatestDeriveClassProtobufTypeSimpleTopicIdStrategy]: java.lang.StackOverflowError
	at io.apicurio.tests.ApicurioRegistryBaseIT$RegistryApiErrorWatcher.logProblemDetails(ApicurioRegistryBaseIT.java:154)
	at io.apicurio.tests.ApicurioRegistryBaseIT$RegistryApiErrorWatcher.logProblemDetails(ApicurioRegistryBaseIT.java:154)
	at io.apicurio.tests.ApicurioRegistryBaseIT$RegistryApiErrorWatcher.logProblemDetails(ApicurioRegistryBaseIT.java:154)
	at io.apicurio.tests.ApicurioRegistryBaseIT$RegistryApiErrorWatcher.logProblemDetails(ApicurioRegistryBaseIT.java:154)
	at io.apicurio.tests.ApicurioRegistryBaseIT$RegistryApiErrorWatcher.logProblemDetails(ApicurioRegistryBaseIT.java:154)
	at io.apicurio.tests.ApicurioRegistryBaseIT$RegistryApiErrorWatcher.logProblemDetails(ApicurioRegistryBaseIT.java:154)
	at io.apicurio.tests.ApicurioRegistryBaseIT$RegistryApiErrorWatcher.logProblemDetails(ApicurioRegistryBaseIT.java:154)
	at io.apicurio.tests.ApicurioRegistryBaseIT$RegistryApiErrorWatcher.logProblemDetails(ApicurioRegistryBaseIT.java:154)
	at io.apicurio.tests.ApicurioRegistryBaseIT$RegistryApiErrorWatcher.logProblemDetails(ApicurioRegistryBaseIT.java:154)
	at io.apicurio.tests.ApicurioRegistryBaseIT$RegistryApiErrorWatcher.logProblemDetails(ApicurioRegistryBaseIT.java:154)
	at io.apicurio.tests.ApicurioRegistryBaseIT$RegistryApiErrorWatcher.logProblemDetails(ApicurioRegistryBaseIT.java:154)
	at io.apicurio.tests.ApicurioRegistryBaseIT$RegistryApiErrorWatcher.logProblemDetails(ApicurioRegistryBaseIT.java:154)
	at io.apicurio.tests.ApicurioRegistryBaseIT$RegistryApiErrorWatcher.logProblemDetails(ApicurioRegistryBaseIT.java:154)
	at io.apicurio.tests.ApicurioRegistryBaseIT$RegistryApiErrorWatcher.logProblemDetails(ApicurioRegistryBaseIT.java:154)
	at io.apicurio.tests.ApicurioRegistryBaseIT$RegistryApiErrorWatcher.logProblemDetails(ApicurioRegistryBaseIT.java:154)
	at io.apicurio.tests.ApicurioRegistryBaseIT$RegistryApiErrorWatcher.logProblemDetails(ApicurioRegistryBaseIT.java:154)
	at io.apicurio.tests.ApicurioRegistryBaseIT$RegistryApiErrorWatcher.logProblemDetails(ApicurioRegistryBaseIT.java:154)
	at io.apicurio.tests.ApicurioRegistryBaseIT$RegistryApiErrorWatcher.logProblemDetails(ApicurioRegistryBaseIT.java:154)
	at io.apicurio.tests.ApicurioRegistryBaseIT$RegistryApiErrorWatcher.logProblemDetails(ApicurioRegistryBaseIT.java:154)
	at io.apicurio.tests.ApicurioRegistryBaseIT$RegistryApiErrorWatcher.logProblemDetails(ApicurioRegistryBaseIT.java:154)
	at io.apicurio.tests.ApicurioRegistryBaseIT$RegistryApiErrorWatcher.logProblemDetails(ApicurioRegistryBaseIT.java:154)
	at io.apicurio.tests.ApicurioRegistryBaseIT$RegistryApiErrorWatcher.logProblemDetails(ApicurioRegistryBaseIT.java:154)
	at io.apicurio.tests.ApicurioRegistryBaseIT$RegistryApiErrorWatcher.logProblemDetails(ApicurioRegistryBaseIT.java:154)
	at io.apicurio.tests.ApicurioRegistryBaseIT$RegistryApiErrorWatcher.logProblemDetails(ApicurioRegistryBaseIT.java:154)
	at io.apicurio.tests.ApicurioRegistryBaseIT$RegistryApiErrorWatcher.logProblemDetails(ApicurioRegistryBaseIT.java:154)
	at io.apicurio.tests.ApicurioRegistryBaseIT$RegistryApiErrorWatcher.logProblemDetails(ApicurioRegistryBaseIT.java:154)
	at io.apicurio.tests.ApicurioRegistryBaseIT$RegistryApiErrorWatcher.logProblemDetails(ApicurioRegistryBaseIT.java:154)
	at io.apicurio.tests.ApicurioRegistryBaseIT$RegistryApiErrorWatcher.logProblemDetails(ApicurioRegistryBaseIT.java:154)
	at io.apicurio.tests.ApicurioRegistryBaseIT$RegistryApiErrorWatcher.logProblemDetails(ApicurioRegistryBaseIT.java:154)
	at io.apicurio.tests.ApicurioRegistryBaseIT$RegistryApiErrorWatcher.logProblemDetails(ApicurioRegistryBaseIT.java:154)
	at io.apicurio.tests.ApicurioRegistryBaseIT$RegistryApiErrorWatcher.logProblemDetails(ApicurioRegistryBaseIT.java:154)
	at io.apicurio.tests.ApicurioRegistryBaseIT$RegistryApiErrorWatcher.logProblemDetails(ApicurioRegistryBaseIT.java:154)
	at io.apicurio.tests.ApicurioRegistryBaseIT$RegistryApiErrorWatcher.logProblemDetails(ApicurioRegistryBaseIT.java:154)
	at io.apicurio.tests.ApicurioRegistryBaseIT$RegistryApiErrorWatcher.logProblemDetails(ApicurioRegistryBaseIT.java:154)
	at io.apicurio.tests.ApicurioRegistryBaseIT$RegistryApiErrorWatcher.logProblemDetails(ApicurioRegistryBaseIT.java:154)
	at io.apicurio.tests.ApicurioRegistryBaseIT$RegistryApiErrorWatcher.logProblemDetails(ApicurioRegistryBaseIT.java:154)
	at io.apicurio.tests.ApicurioRegistryBaseIT$RegistryApiErrorWatcher.logProblemDetails(ApicurioRegistryBaseIT.java:154)
	at io.apicurio.tests.ApicurioRegistryBaseIT$RegistryApiErrorWatcher.logProblemDetails(ApicurioRegistryBaseIT.java:154)
	at io.apicurio.tests.ApicurioRegistryBaseIT$RegistryApiErrorWatcher.logProblemDetails(ApicurioRegistryBaseIT.java:154)
	at io.apicurio.tests.ApicurioRegistryBaseIT$RegistryApiErrorWatcher.logProblemDetails(ApicurioRegistryBaseIT.java:154)
	at io.apicurio.tests.ApicurioRegistryBaseIT$RegistryApiErrorWatcher.logProblemDetails(ApicurioRegistryBaseIT.java:154)
	at io.apicurio.tests.ApicurioRegistryBaseIT$RegistryApiErrorWatcher.logProblemDetails(ApicurioRegistryBaseIT.java:154)
	at io.apicurio.tests.ApicurioRegistryBaseIT$RegistryApiErrorWatcher.logProblemDetails(ApicurioRegistryBaseIT.java:154)
	at io.apicurio.tests.ApicurioRegistryBaseIT$RegistryApiErrorWatcher.logProblemDetails(ApicurioRegistryBaseIT.java:154)
	at io.apicurio.tests.ApicurioRegistryBaseIT$RegistryApiErrorWatcher.logProblemDetails(ApicurioRegistryBaseIT.java:154)
	at io.apicurio.tests.ApicurioRegistryBaseIT$RegistryApiErrorWatcher.logProblemDetails(ApicurioRegistryBaseIT.java:154)
	at io.apicurio.tests.ApicurioRegistryBaseIT$RegistryApiErrorWatcher.logProblemDetails(ApicurioRegistryBaseIT.java:154)
	at io.apicurio.tests.ApicurioRegistryBaseIT$RegistryApiErrorWatcher.logProblemDetails(ApicurioRegistryBaseIT.java:154)
	at io.apicurio.tests.ApicurioRegistryBaseIT$RegistryApiErrorWatcher.logProblemDetails(ApicurioRegistryBaseIT.java:154)
	at io.apicurio.tests.ApicurioRegistryBaseIT$RegistryApiErrorWatcher.logProblemDetails(ApicurioRegistryBaseIT.java:154)
	at io.apicurio.tests.ApicurioRegistryBaseIT$RegistryApiErrorWatcher.logProblemDetails(ApicurioRegistryBaseIT.java:154)
	at io.apicurio.tests.ApicurioRegistryBaseIT$RegistryApiErrorWatcher.logProblemDetails(ApicurioRegistryBaseIT.java:154)
	at io.apicurio.tests.ApicurioRegistryBaseIT$RegistryApiErrorWatcher.logProblemDetails(ApicurioRegistryBaseIT.java:154)
	at io.apicurio.tests.ApicurioRegistryBaseIT$RegistryApiErrorWatcher.logProblemDetails(ApicurioRegistryBaseIT.java:154)
	at io.apicurio.tests.ApicurioRegistryBaseIT$RegistryApiErrorWatcher.logProblemDetails(ApicurioRegistryBaseIT.java:154)
	at io.apicurio.tests.ApicurioRegistryBaseIT$RegistryApiErrorWatcher.logProblemDetails(ApicurioRegistryBaseIT.java:154)
	at io.apicurio.tests.ApicurioRegistryBaseIT$RegistryApiErrorWatcher.logProblemDetails(ApicurioRegistryBaseIT.java:154)
	at io.apicurio.tests.ApicurioRegistryBaseIT$RegistryApiErrorWatcher.logProblemDetails(ApicurioRegistryBaseIT.java:154)
	at io.apicurio.tests.ApicurioRegistryBaseIT$RegistryApiErrorWatcher.logProblemDetails(ApicurioRegistryBaseIT.java:154)
	at io.apicurio.tests.ApicurioRegistryBaseIT$RegistryApiErrorWatcher.logProblemDetails(ApicurioRegistryBaseIT.java:154)
	at io.apicurio.tests.ApicurioRegistryBaseIT$RegistryApiErrorWatcher.logProblemDetails(ApicurioRegistryBaseIT.java:154)
	at io.apicurio.tests.ApicurioRegistryBaseIT$RegistryApiErrorWatcher.logProblemDetails(ApicurioRegistryBaseIT.java:154)
	at io.apicurio.tests.ApicurioRegistryBaseIT$RegistryApiErrorWatcher.logProblemDetails(ApicurioRegistryBaseIT.java:154)
	at io.apicurio.tests.ApicurioRegistryBaseIT$RegistryApiErrorWatcher.logProblemDetails(ApicurioRegistryBaseIT.java:154)
	at io.apicurio.tests.ApicurioRegistryBaseIT$RegistryApiErrorWatcher.logProblemDetails(ApicurioRegistryBaseIT.java:154)
	at io.apicurio.tests.ApicurioRegistryBaseIT$RegistryApiErrorWatcher.logProblemDetails(ApicurioRegistryBaseIT.java:154)
	at io.apicurio.tests.ApicurioRegistryBaseIT$RegistryApiErrorWatcher.logProblemDetails(ApicurioRegistryBaseIT.java:154)
	at io.apicurio.tests.ApicurioRegistryBaseIT$RegistryApiErrorWatcher.logProblemDetails(ApicurioRegistryBaseIT.java:154)
	at io.apicurio.tests.ApicurioRegistryBaseIT$RegistryApiErrorWatcher.logProblemDetails(ApicurioRegistryBaseIT.java:154)
	at io.apicurio.tests.ApicurioRegistryBaseIT$RegistryApiErrorWatcher.logProblemDetails(ApicurioRegistryBaseIT.java:154)
	at io.apicurio.tests.ApicurioRegistryBaseIT$RegistryApiErrorWatcher.logProblemDetails(ApicurioRegistryBaseIT.java:154)
	at io.apicurio.tests.ApicurioRegistryBaseIT$RegistryApiErrorWatcher.logProblemDetails(ApicurioRegistryBaseIT.java:154)
	at io.apicurio.tests.ApicurioRegistryBaseIT$RegistryApiErrorWatcher.logProblemDetails(ApicurioRegistryBaseIT.java:154)
	at io.apicurio.tests.ApicurioRegistryBaseIT$RegistryApiErrorWatcher.logProblemDetails(ApicurioRegistryBaseIT.java:154)
	at io.apicurio.tests.ApicurioRegistryBaseIT$RegistryApiErrorWatcher.logProblemDetails(ApicurioRegistryBaseIT.java:154)
	at io.apicurio.tests.ApicurioRegistryBaseIT$RegistryApiErrorWatcher.logProblemDetails(ApicurioRegistryBaseIT.java:154)
	at io.apicurio.tests.ApicurioRegistryBaseIT$RegistryApiErrorWatcher.logProblemDetails(ApicurioRegistryBaseIT.java:154)
	at io.apicurio.tests.ApicurioRegistryBaseIT$RegistryApiErrorWatcher.logProblemDetails(ApicurioRegistryBaseIT.java:154)
	at io.apicurio.tests.ApicurioRegistryBaseIT$RegistryApiErrorWatcher.logProblemDetails(ApicurioRegistryBaseIT.java:154)
	at io.apicurio.tests.ApicurioRegistryBaseIT$RegistryApiErrorWatcher.logProblemDetails(ApicurioRegistryBaseIT.java:154)
	at io.apicurio.tests.ApicurioRegistryBaseIT$RegistryApiErrorWatcher.logProblemDetails(ApicurioRegistryBaseIT.java:154)
	at io.apicurio.tests.ApicurioRegistryBaseIT$RegistryApiErrorWatcher.logProblemDetails(ApicurioRegistryBaseIT.java:154)
	at io.apicurio.tests.ApicurioRegistryBaseIT$RegistryApiErrorWatcher.logProblemDetails(ApicurioRegistryBaseIT.java:154)
	at io.apicurio.tests.ApicurioRegistryBaseIT$RegistryApiErrorWatcher.logProblemDetails(ApicurioRegistryBaseIT.java:154)
	at io.apicurio.tests.ApicurioRegistryBaseIT$RegistryApiErrorWatcher.logProblemDetails(ApicurioRegistryBaseIT.java:154)
	at io.apicurio.tests.ApicurioRegistryBaseIT$RegistryApiErrorWatcher.logProblemDetails(ApicurioRegistryBaseIT.java:154)
	at io.apicurio.tests.ApicurioRegistryBaseIT$RegistryApiErrorWatcher.logProblemDetails(ApicurioRegistryBaseIT.java:154)
	at io.apicurio.tests.ApicurioRegistryBaseIT$RegistryApiErrorWatcher.logProblemDetails(ApicurioRegistryBaseIT.java:154)
	at io.apicurio.tests.ApicurioRegistryBaseIT$RegistryApiErrorWatcher.logProblemDetails(ApicurioRegistryBaseIT.java:154)
	at io.apicurio.tests.ApicurioRegistryBaseIT$RegistryApiErrorWatcher.logProblemDetails(ApicurioRegistryBaseIT.java:154)
	at io.apicurio.tests.ApicurioRegistryBaseIT$RegistryApiErrorWatcher.logProblemDetails(ApicurioRegistryBaseIT.java:154)
	at io.apicurio.tests.ApicurioRegistryBaseIT$RegistryApiErrorWatcher.logProblemDetails(ApicurioRegistryBaseIT.java:154)
	at io.apicurio.tests.ApicurioRegistryBaseIT$RegistryApiErrorWatcher.logProblemDetails(ApicurioRegistryBaseIT.java:154)
	at io.apicurio.tests.ApicurioRegistryBaseIT$RegistryApiErrorWatcher.logProblemDetails(ApicurioRegistryBaseIT.java:154)
	at io.apicurio.tests.ApicurioRegistryBaseIT$RegistryApiErrorWatcher.logProblemDetails(ApicurioRegistryBaseIT.java:154)
	at io.apicurio.tests.ApicurioRegistryBaseIT$RegistryApiErrorWatcher.logProblemDetails(ApicurioRegistryBaseIT.java:154)
	at io.apicurio.tests.ApicurioRegistryBaseIT$RegistryApiErrorWatcher.logProblemDetails(ApicurioRegistryBaseIT.java:154)
	at io.apicurio.tests.ApicurioRegistryBaseIT$RegistryApiErrorWatcher.logProblemDetails(ApicurioRegistryBaseIT.java:154)
	at io.apicurio.tests.ApicurioRegistryBaseIT$RegistryApiErrorWatcher.logProblemDetails(ApicurioRegistryBaseIT.java:154)
	at io.apicurio.tests.ApicurioRegistryBaseIT$RegistryApiErrorWatcher.logProblemDetails(ApicurioRegistryBaseIT.java:154)
	at io.apicurio.tests.ApicurioRegistryBaseIT$RegistryApiErrorWatcher.logProblemDetails(ApicurioRegistryBaseIT.java:154)
	at io.apicurio.tests.ApicurioRegistryBaseIT$RegistryApiErrorWatcher.logProblemDetails(ApicurioRegistryBaseIT.java:154)
	at io.apicurio.tests.ApicurioRegistryBaseIT$RegistryApiErrorWatcher.logProblemDetails(ApicurioRegistryBaseIT.java:154)
	at io.apicurio.tests.ApicurioRegistryBaseIT$RegistryApiErrorWatcher.logProblemDetails(ApicurioRegistryBaseIT.java:154)
	at io.apicurio.tests.ApicurioRegistryBaseIT$RegistryApiErrorWatcher.logProblemDetails(ApicurioRegistryBaseIT.java:154)
	at io.apicurio.tests.ApicurioRegistryBaseIT$RegistryApiErrorWatcher.logProblemDetails(ApicurioRegistryBaseIT.java:154)
	at io.apicurio.tests.ApicurioRegistryBaseIT$RegistryApiErrorWatcher.logProblemDetails(ApicurioRegistryBaseIT.java:154)
	at io.apicurio.tests.ApicurioRegistryBaseIT$RegistryApiErrorWatcher.logProblemDetails(ApicurioRegistryBaseIT.java:154)
	at io.apicurio.tests.ApicurioRegistryBaseIT$RegistryApiErrorWatcher.logProblemDetails(ApicurioRegistryBaseIT.java:154)
	at io.apicurio.tests.ApicurioRegistryBaseIT$RegistryApiErrorWatcher.logProblemDetails(ApicurioRegistryBaseIT.java:154)
	at io.apicurio.tests.ApicurioRegistryBaseIT$RegistryApiErrorWatcher.logProblemDetails(ApicurioRegistryBaseIT.java:154)
	at io.apicurio.tests.ApicurioRegistryBaseIT$RegistryApiErrorWatcher.logProblemDetails(ApicurioRegistryBaseIT.java:154)
	at io.apicurio.tests.ApicurioRegistryBaseIT$RegistryApiErrorWatcher.logProblemDetails(ApicurioRegistryBaseIT.java:154)
	at io.apicurio.tests.ApicurioRegistryBaseIT$RegistryApiErrorWatcher.logProblemDetails(ApicurioRegistryBaseIT.java:154)
	at io.apicurio.tests.ApicurioRegistryBaseIT$RegistryApiErrorWatcher.logProblemDetails(ApicurioRegistryBaseIT.java:154)
	at io.apicurio.tests.ApicurioRegistryBaseIT$RegistryApiErrorWatcher.logProblemDetails(ApicurioRegistryBaseIT.java:154)
	at io.apicurio.tests.ApicurioRegistryBaseIT$RegistryApiErrorWatcher.logProblemDetails(ApicurioRegistryBaseIT.java:154)
	at io.apicurio.tests.ApicurioRegistryBaseIT$RegistryApiErrorWatcher.logProblemDetails(ApicurioRegistryBaseIT.java:154)
	at io.apicurio.tests.ApicurioRegistryBaseIT$RegistryApiErrorWatcher.logProblemDetails(ApicurioRegistryBaseIT.java:154)
	at io.apicurio.tests.ApicurioRegistryBaseIT$RegistryApiErrorWatcher.logProblemDetails(ApicurioRegistryBaseIT.java:154)
	at io.apicurio.tests.ApicurioRegistryBaseIT$RegistryApiErrorWatcher.logProblemDetails(ApicurioRegistryBaseIT.java:154)
	at io.apicurio.tests.ApicurioRegistryBaseIT$RegistryApiErrorWatcher.logProblemDetails(ApicurioRegistryBaseIT.java:154)
	at io.apicurio.tests.ApicurioRegistryBaseIT$RegistryApiErrorWatcher.logProblemDetails(ApicurioRegistryBaseIT.java:154)
	at io.apicurio.tests.ApicurioRegistryBaseIT$RegistryApiErrorWatcher.logProblemDetails(ApicurioRegistryBaseIT.java:154)
	at io.apicurio.tests.ApicurioRegistryBaseIT$RegistryApiErrorWatcher.logProblemDetails(ApicurioRegistryBaseIT.java:154)
	at io.apicurio.tests.ApicurioRegistryBaseIT$RegistryApiErrorWatcher.logProblemDetails(ApicurioRegistryBaseIT.java:154)
	at io.apicurio.tests.ApicurioRegistryBaseIT$RegistryApiErrorWatcher.logProblemDetails(ApicurioRegistryBaseIT.java:154)
	at io.apicurio.tests.ApicurioRegistryBaseIT$RegistryApiErrorWatcher.logProblemDetails(ApicurioRegistryBaseIT.java:154)
	at io.apicurio.tests.ApicurioRegistryBaseIT$RegistryApiErrorWatcher.logProblemDetails(ApicurioRegistryBaseIT.java:154)
	at io.apicurio.tests.ApicurioRegistryBaseIT$RegistryApiErrorWatcher.logProblemDetails(ApicurioRegistryBaseIT.java:154)
	at io.apicurio.tests.ApicurioRegistryBaseIT$RegistryApiErrorWatcher.logProblemDetails(ApicurioRegistryBaseIT.java:154)
	at io.apicurio.tests.ApicurioRegistryBaseIT$RegistryApiErrorWatcher.logProblemDetails(ApicurioRegistryBaseIT.java:154)
	at io.apicurio.tests.ApicurioRegistryBaseIT$RegistryApiErrorWatcher.logProblemDetails(ApicurioRegistryBaseIT.java:154)
	at io.apicurio.tests.ApicurioRegistryBaseIT$RegistryApiErrorWatcher.logProblemDetails(ApicurioRegistryBaseIT.java:154)
	at io.apicurio.tests.ApicurioRegistryBaseIT$RegistryApiErrorWatcher.logProblemDetails(ApicurioRegistryBaseIT.java:154)
	at io.apicurio.tests.ApicurioRegistryBaseIT$RegistryApiErrorWatcher.logProblemDetails(ApicurioRegistryBaseIT.java:154)
	at io.apicurio.tests.ApicurioRegistryBaseIT$RegistryApiErrorWatcher.logProblemDetails(ApicurioRegistryBaseIT.java:154)
	at io.apicurio.tests.ApicurioRegistryBaseIT$RegistryApiErrorWatcher.logProblemDetails(ApicurioRegistryBaseIT.java:154)
	at io.apicurio.tests.ApicurioRegistryBaseIT$RegistryApiErrorWatcher.logProblemDetails(ApicurioRegistryBaseIT.java:154)
	at io.apicurio.tests.ApicurioRegistryBaseIT$RegistryApiErrorWatcher.logProblemDetails(ApicurioRegistryBaseIT.java:154)
	at io.apicurio.tests.ApicurioRegistryBaseIT$RegistryApiErrorWatcher.logProblemDetails(ApicurioRegistryBaseIT.java:154)
	at io.apicurio.tests.ApicurioRegistryBaseIT$RegistryApiErrorWatcher.logProblemDetails(ApicurioRegistryBaseIT.java:154)
	at io.apicurio.tests.ApicurioRegistryBaseIT$RegistryApiErrorWatcher.logProblemDetails(ApicurioRegistryBaseIT.java:154)
	at io.apicurio.tests.ApicurioRegistryBaseIT$RegistryApiErrorWatcher.logProblemDetails(ApicurioRegistryBaseIT.java:154)
	at io.apicurio.tests.ApicurioRegistryBaseIT$RegistryApiErrorWatcher.logProblemDetails(ApicurioRegistryBaseIT.java:154)
	at io.apicurio.tests.ApicurioRegistryBaseIT$RegistryApiErrorWatcher.logProblemDetails(ApicurioRegistryBaseIT.java:154)
	at io.apicurio.tests.ApicurioRegistryBaseIT$RegistryApiErrorWatcher.logProblemDetails(ApicurioRegistryBaseIT.java:154)
	at io.apicurio.tests.ApicurioRegistryBaseIT$RegistryApiErrorWatcher.logProblemDetails(ApicurioRegistryBaseIT.java:154)
	at io.apicurio.tests.ApicurioRegistryBaseIT$RegistryApiErrorWatcher.logProblemDetails(ApicurioRegistryBaseIT.java:154)
	at io.apicurio.tests.ApicurioRegistryBaseIT$RegistryApiErrorWatcher.logProblemDetails(ApicurioRegistryBaseIT.java:154)
	at io.apicurio.tests.ApicurioRegistryBaseIT$RegistryApiErrorWatcher.logProblemDetails(ApicurioRegistryBaseIT.java:154)
	at io.apicurio.tests.ApicurioRegistryBaseIT$RegistryApiErrorWatcher.logProblemDetails(ApicurioRegistryBaseIT.java:154)
	at io.apicurio.tests.ApicurioRegistryBaseIT$RegistryApiErrorWatcher.logProblemDetails(ApicurioRegistryBaseIT.java:154)
	at io.apicurio.tests.ApicurioRegistryBaseIT$RegistryApiErrorWatcher.logProblemDetails(ApicurioRegistryBaseIT.java:154)
	at io.apicurio.tests.ApicurioRegistryBaseIT$RegistryApiErrorWatcher.logProblemDetails(ApicurioRegistryBaseIT.java:154)
	at io.apicurio.tests.ApicurioRegistryBaseIT$RegistryApiErrorWatcher.logProblemDetails(ApicurioRegistryBaseIT.java:154)
	at io.apicurio.tests.ApicurioRegistryBaseIT$RegistryApiErrorWatcher.logProblemDetails(ApicurioRegistryBaseIT.java:154)
	at io.apicurio.tests.ApicurioRegistryBaseIT$RegistryApiErrorWatcher.logProblemDetails(ApicurioRegistryBaseIT.java:154)
	at io.apicurio.tests.ApicurioRegistryBaseIT$RegistryApiErrorWatcher.logProblemDetails(ApicurioRegistryBaseIT.java:154)
	at io.apicurio.tests.ApicurioRegistryBaseIT$RegistryApiErrorWatcher.logProblemDetails(ApicurioRegistryBaseIT.java:154)
	at io.apicurio.tests.ApicurioRegistryBaseIT$RegistryApiErrorWatcher.logProblemDetails(ApicurioRegistryBaseIT.java:154)
	at io.apicurio.tests.ApicurioRegistryBaseIT$RegistryApiErrorWatcher.logProblemDetails(ApicurioRegistryBaseIT.java:154)
	at io.apicurio.tests.ApicurioRegistryBaseIT$RegistryApiErrorWatcher.logProblemDetails(ApicurioRegistryBaseIT.java:154)
	at io.apicurio.tests.ApicurioRegistryBaseIT$RegistryApiErrorWatcher.logProblemDetails(ApicurioRegistryBaseIT.java:154)
	at io.apicurio.tests.ApicurioRegistryBaseIT$RegistryApiErrorWatcher.logProblemDetails(ApicurioRegistryBaseIT.java:154)
	at io.apicurio.tests.ApicurioRegistryBaseIT$RegistryApiErrorWatcher.logProblemDetails(ApicurioRegistryBaseIT.java:154)
	at io.apicurio.tests.ApicurioRegistryBaseIT$RegistryApiErrorWatcher.logProblemDetails(ApicurioRegistryBaseIT.java:154)
	at io.apicurio.tests.ApicurioRegistryBaseIT$RegistryApiErrorWatcher.logProblemDetails(ApicurioRegistryBaseIT.java:154)
	at io.apicurio.tests.ApicurioRegistryBaseIT$RegistryApiErrorWatcher.logProblemDetails(ApicurioRegistryBaseIT.java:154)
	at io.apicurio.tests.ApicurioRegistryBaseIT$RegistryApiErrorWatcher.logProblemDetails(ApicurioRegistryBaseIT.java:154)
	at io.apicurio.tests.ApicurioRegistryBaseIT$RegistryApiErrorWatcher.logProblemDetails(ApicurioRegistryBaseIT.java:154)
	at io.apicurio.tests.ApicurioRegistryBaseIT$RegistryApiErrorWatcher.logProblemDetails(ApicurioRegistryBaseIT.java:154)
	at io.apicurio.tests.ApicurioRegistryBaseIT$RegistryApiErrorWatcher.logProblemDetails(ApicurioRegistryBaseIT.java:154)
	at io.apicurio.tests.ApicurioRegistryBaseIT$RegistryApiErrorWatcher.logProblemDetails(ApicurioRegistryBaseIT.java:154)
	at io.apicurio.tests.ApicurioRegistryBaseIT$RegistryApiErrorWatcher.logProblemDetails(ApicurioRegistryBaseIT.java:154)
	at io.apicurio.tests.ApicurioRegistryBaseIT$RegistryApiErrorWatcher.logProblemDetails(ApicurioRegistryBaseIT.java:154)
	at io.apicurio.tests.ApicurioRegistryBaseIT$RegistryApiErrorWatcher.logProblemDetails(ApicurioRegistryBaseIT.java:154)
	at io.apicurio.tests.ApicurioRegistryBaseIT$RegistryApiErrorWatcher.logProblemDetails(ApicurioRegistryBaseIT.java:154)
	at io.apicurio.tests.ApicurioRegistryBaseIT$RegistryApiErrorWatcher.logProblemDetails(ApicurioRegistryBaseIT.java:154)
	at io.apicurio.tests.ApicurioRegistryBaseIT$RegistryApiErrorWatcher.logProblemDetails(ApicurioRegistryBaseIT.java:154)
	at io.apicurio.tests.ApicurioRegistryBaseIT$RegistryApiErrorWatcher.logProblemDetails(ApicurioRegistryBaseIT.java:154)
	at io.apicurio.tests.ApicurioRegistryBaseIT$RegistryApiErrorWatcher.logProblemDetails(ApicurioRegistryBaseIT.java:154)
	at io.apicurio.tests.ApicurioRegistryBaseIT$RegistryApiErrorWatcher.logProblemDetails(ApicurioRegistryBaseIT.java:154)
	at io.apicurio.tests.ApicurioRegistryBaseIT$RegistryApiErrorWatcher.logProblemDetails(ApicurioRegistryBaseIT.java:154)
	at io.apicurio.tests.ApicurioRegistryBaseIT$RegistryApiErrorWatcher.logProblemDetails(ApicurioRegistryBaseIT.java:154)
	at io.apicurio.tests.ApicurioRegistryBaseIT$RegistryApiErrorWatcher.logProblemDetails(ApicurioRegistryBaseIT.java:154)
	at io.apicurio.tests.ApicurioRegistryBaseIT$RegistryApiErrorWatcher.logProblemDetails(ApicurioRegistryBaseIT.java:154)
	at io.apicurio.tests.ApicurioRegistryBaseIT$RegistryApiErrorWatcher.logProblemDetails(ApicurioRegistryBaseIT.java:154)
	at io.apicurio.tests.ApicurioRegistryBaseIT$RegistryApiErrorWatcher.logProblemDetails(ApicurioRegistryBaseIT.java:154)
	at io.apicurio.tests.ApicurioRegistryBaseIT$RegistryApiErrorWatcher.logProblemDetails(ApicurioRegistryBaseIT.java:154)
	at io.apicurio.tests.ApicurioRegistryBaseIT$RegistryApiErrorWatcher.logProblemDetails(ApicurioRegistryBaseIT.java:154)
	at io.apicurio.tests.ApicurioRegistryBaseIT$RegistryApiErrorWatcher.logProblemDetails(ApicurioRegistryBaseIT.java:154)
	at io.apicurio.tests.ApicurioRegistryBaseIT$RegistryApiErrorWatcher.logProblemDetails(ApicurioRegistryBaseIT.java:154)
	at io.apicurio.tests.ApicurioRegistryBaseIT$RegistryApiErrorWatcher.logProblemDetails(ApicurioRegistryBaseIT.java:154)
	at io.apicurio.tests.ApicurioRegistryBaseIT$RegistryApiErrorWatcher.logProblemDetails(ApicurioRegistryBaseIT.java:154)
	at io.apicurio.tests.ApicurioRegistryBaseIT$RegistryApiErrorWatcher.logProblemDetails(ApicurioRegistryBaseIT.java:154)
	at io.apicurio.tests.ApicurioRegistryBaseIT$RegistryApiErrorWatcher.logProblemDetails(ApicurioRegistryBaseIT.java:154)
	at io.apicurio.tests.ApicurioRegistryBaseIT$RegistryApiErrorWatcher.logProblemDetails(ApicurioRegistryBaseIT.java:154)
	at io.apicurio.tests.ApicurioRegistryBaseIT$RegistryApiErrorWatcher.logProblemDetails(ApicurioRegistryBaseIT.java:154)
	at io.apicurio.tests.ApicurioRegistryBaseIT$RegistryApiErrorWatcher.logProblemDetails(ApicurioRegistryBaseIT.java:154)
	at io.apicurio.tests.ApicurioRegistryBaseIT$RegistryApiErrorWatcher.logProblemDetails(ApicurioRegistryBaseIT.java:154)
	at io.apicurio.tests.ApicurioRegistryBaseIT$RegistryApiErrorWatcher.logProblemDetails(ApicurioRegistryBaseIT.java:154)
	at io.apicurio.tests.ApicurioRegistryBaseIT$RegistryApiErrorWatcher.logProblemDetails(ApicurioRegistryBaseIT.java:154)
	at io.apicurio.tests.ApicurioRegistryBaseIT$RegistryApiErrorWatcher.logProblemDetails(ApicurioRegistryBaseIT.java:154)
	at io.apicurio.tests.ApicurioRegistryBaseIT$RegistryApiErrorWatcher.logProblemDetails(ApicurioRegistryBaseIT.java:154)
	at io.apicurio.tests.ApicurioRegistryBaseIT$RegistryApiErrorWatcher.logProblemDetails(ApicurioRegistryBaseIT.java:154)
	at io.apicurio.tests.ApicurioRegistryBaseIT$RegistryApiErrorWatcher.logProblemDetails(ApicurioRegistryBaseIT.java:154)
	at io.apicurio.tests.ApicurioRegistryBaseIT$RegistryApiErrorWatcher.logProblemDetails(ApicurioRegistryBaseIT.java:154)
	at io.apicurio.tests.ApicurioRegistryBaseIT$RegistryApiErrorWatcher.logProblemDetails(ApicurioRegistryBaseIT.java:154)
	at io.apicurio.tests.ApicurioRegistryBaseIT$RegistryApiErrorWatcher.logProblemDetails(ApicurioRegistryBaseIT.java:154)
	at io.apicurio.tests.ApicurioRegistryBaseIT$RegistryApiErrorWatcher.logProblemDetails(ApicurioRegistryBaseIT.java:154)
	at io.apicurio.tests.ApicurioRegistryBaseIT$RegistryApiErrorWatcher.logProblemDetails(ApicurioRegistryBaseIT.java:154)
	at io.apicurio.tests.ApicurioRegistryBaseIT$RegistryApiErrorWatcher.logProblemDetails(ApicurioRegistryBaseIT.java:154)
	at io.apicurio.tests.ApicurioRegistryBaseIT$RegistryApiErrorWatcher.logProblemDetails(ApicurioRegistryBaseIT.java:154)
	at io.apicurio.tests.ApicurioRegistryBaseIT$RegistryApiErrorWatcher.logProblemDetails(ApicurioRegistryBaseIT.java:154)
	at io.apicurio.tests.ApicurioRegistryBaseIT$RegistryApiErrorWatcher.logProblemDetails(ApicurioRegistryBaseIT.java:154)
	at io.apicurio.tests.ApicurioRegistryBaseIT$RegistryApiErrorWatcher.logProblemDetails(ApicurioRegistryBaseIT.java:154)
	at io.apicurio.tests.ApicurioRegistryBaseIT$RegistryApiErrorWatcher.logProblemDetails(ApicurioRegistryBaseIT.java:154)
	at io.apicurio.tests.ApicurioRegistryBaseIT$RegistryApiErrorWatcher.logProblemDetails(ApicurioRegistryBaseIT.java:154)
	at io.apicurio.tests.ApicurioRegistryBaseIT$RegistryApiErrorWatcher.logProblemDetails(ApicurioRegistryBaseIT.java:154)
	at io.apicurio.tests.ApicurioRegistryBaseIT$RegistryApiErrorWatcher.logProblemDetails(ApicurioRegistryBaseIT.java:154)
	at io.apicurio.tests.ApicurioRegistryBaseIT$RegistryApiErrorWatcher.logProblemDetails(ApicurioRegistryBaseIT.java:154)
	at io.apicurio.tests.ApicurioRegistryBaseIT$RegistryApiErrorWatcher.logProblemDetails(ApicurioRegistryBaseIT.java:154)
	at io.apicurio.tests.ApicurioRegistryBaseIT$RegistryApiErrorWatcher.logProblemDetails(ApicurioRegistryBaseIT.java:154)
	at io.apicurio.tests.ApicurioRegistryBaseIT$RegistryApiErrorWatcher.logProblemDetails(ApicurioRegistryBaseIT.java:154)
	at io.apicurio.tests.ApicurioRegistryBaseIT$RegistryApiErrorWatcher.logProblemDetails(ApicurioRegistryBaseIT.java:154)
	at io.apicurio.tests.ApicurioRegistryBaseIT$RegistryApiErrorWatcher.logProblemDetails(ApicurioRegistryBaseIT.java:154)
	at io.apicurio.tests.ApicurioRegistryBaseIT$RegistryApiErrorWatcher.logProblemDetails(ApicurioRegistryBaseIT.java:154)
	at io.apicurio.tests.ApicurioRegistryBaseIT$RegistryApiErrorWatcher.logProblemDetails(ApicurioRegistryBaseIT.java:154)
	at io.apicurio.tests.ApicurioRegistryBaseIT$RegistryApiErrorWatcher.logProblemDetails(ApicurioRegistryBaseIT.java:154)
	at io.apicurio.tests.ApicurioRegistryBaseIT$RegistryApiErrorWatcher.logProblemDetails(ApicurioRegistryBaseIT.java:154)
	at io.apicurio.tests.ApicurioRegistryBaseIT$RegistryApiErrorWatcher.logProblemDetails(ApicurioRegistryBaseIT.java:154)
	at io.apicurio.tests.ApicurioRegistryBaseIT$RegistryApiErrorWatcher.logProblemDetails(ApicurioRegistryBaseIT.java:154)
	at io.apicurio.tests.ApicurioRegistryBaseIT$RegistryApiErrorWatcher.logProblemDetails(ApicurioRegistryBaseIT.java:154)
	at io.apicurio.tests.ApicurioRegistryBaseIT$RegistryApiErrorWatcher.logProblemDetails(ApicurioRegistryBaseIT.java:154)
	at io.apicurio.tests.ApicurioRegistryBaseIT$RegistryApiErrorWatcher.logProblemDetails(ApicurioRegistryBaseIT.java:154)
	at io.apicurio.tests.ApicurioRegistryBaseIT$RegistryApiErrorWatcher.logProblemDetails(ApicurioRegistryBaseIT.java:154)
	at io.apicurio.tests.ApicurioRegistryBaseIT$RegistryApiErrorWatcher.logProblemDetails(ApicurioRegistryBaseIT.java:154)
	at io.apicurio.tests.ApicurioRegistryBaseIT$RegistryApiErrorWatcher.logProblemDetails(ApicurioRegistryBaseIT.java:154)
	at io.apicurio.tests.ApicurioRegistryBaseIT$RegistryApiErrorWatcher.logProblemDetails(ApicurioRegistryBaseIT.java:154)
	at io.apicurio.tests.ApicurioRegistryBaseIT$RegistryApiErrorWatcher.logProblemDetails(ApicurioRegistryBaseIT.java:154)
	at io.apicurio.tests.ApicurioRegistryBaseIT$RegistryApiErrorWatcher.logProblemDetails(ApicurioRegistryBaseIT.java:154)
	at io.apicurio.tests.ApicurioRegistryBaseIT$RegistryApiErrorWatcher.logProblemDetails(ApicurioRegistryBaseIT.java:154)
	at io.apicurio.tests.ApicurioRegistryBaseIT$RegistryApiErrorWatcher.logProblemDetails(ApicurioRegistryBaseIT.java:154)
	at io.apicurio.tests.ApicurioRegistryBaseIT$RegistryApiErrorWatcher.logProblemDetails(ApicurioRegistryBaseIT.java:154)
	at io.apicurio.tests.ApicurioRegistryBaseIT$RegistryApiErrorWatcher.logProblemDetails(ApicurioRegistryBaseIT.java:154)
	at io.apicurio.tests.ApicurioRegistryBaseIT$RegistryApiErrorWatcher.logProblemDetails(ApicurioRegistryBaseIT.java:154)
	at io.apicurio.tests.ApicurioRegistryBaseIT$RegistryApiErrorWatcher.logProblemDetails(ApicurioRegistryBaseIT.java:154)
	at io.apicurio.tests.ApicurioRegistryBaseIT$RegistryApiErrorWatcher.logProblemDetails(ApicurioRegistryBaseIT.java:154)
	at io.apicurio.tests.ApicurioRegistryBaseIT$RegistryApiErrorWatcher.logProblemDetails(ApicurioRegistryBaseIT.java:154)
	at io.apicurio.tests.ApicurioRegistryBaseIT$RegistryApiErrorWatcher.logProblemDetails(ApicurioRegistryBaseIT.java:154)
	at io.apicurio.tests.ApicurioRegistryBaseIT$RegistryApiErrorWatcher.logProblemDetails(ApicurioRegistryBaseIT.java:154)
	at io.apicurio.tests.ApicurioRegistryBaseIT$RegistryApiErrorWatcher.logProblemDetails(ApicurioRegistryBaseIT.java:154)
	at io.apicurio.tests.ApicurioRegistryBaseIT$RegistryApiErrorWatcher.logProblemDetails(ApicurioRegistryBaseIT.java:154)
	at io.apicurio.tests.ApicurioRegistryBaseIT$RegistryApiErrorWatcher.logProblemDetails(ApicurioRegistryBaseIT.java:154)
	at io.apicurio.tests.ApicurioRegistryBaseIT$RegistryApiErrorWatcher.logProblemDetails(ApicurioRegistryBaseIT.java:154)
	at io.apicurio.tests.ApicurioRegistryBaseIT$RegistryApiErrorWatcher.logProblemDetails(ApicurioRegistryBaseIT.java:154)
	at io.apicurio.tests.ApicurioRegistryBaseIT$RegistryApiErrorWatcher.logProblemDetails(ApicurioRegistryBaseIT.java:154)
	at io.apicurio.tests.ApicurioRegistryBaseIT$RegistryApiErrorWatcher.logProblemDetails(ApicurioRegistryBaseIT.java:154)
	at io.apicurio.tests.ApicurioRegistryBaseIT$RegistryApiErrorWatcher.logProblemDetails(ApicurioRegistryBaseIT.java:154)
	at io.apicurio.tests.ApicurioRegistryBaseIT$RegistryApiErrorWatcher.logProblemDetails(ApicurioRegistryBaseIT.java:154)
	at io.apicurio.tests.ApicurioRegistryBaseIT$RegistryApiErrorWatcher.logProblemDetails(ApicurioRegistryBaseIT.java:154)
	at io.apicurio.tests.ApicurioRegistryBaseIT$RegistryApiErrorWatcher.logProblemDetails(ApicurioRegistryBaseIT.java:154)
	at io.apicurio.tests.ApicurioRegistryBaseIT$RegistryApiErrorWatcher.logProblemDetails(ApicurioRegistryBaseIT.java:154)
	at io.apicurio.tests.ApicurioRegistryBaseIT$RegistryApiErrorWatcher.logProblemDetails(ApicurioRegistryBaseIT.java:154)
	at io.apicurio.tests.ApicurioRegistryBaseIT$RegistryApiErrorWatcher.logProblemDetails(ApicurioRegistryBaseIT.java:154)
	at io.apicurio.tests.ApicurioRegistryBaseIT$RegistryApiErrorWatcher.logProblemDetails(ApicurioRegistryBaseIT.java:154)
	at io.apicurio.tests.ApicurioRegistryBaseIT$RegistryApiErrorWatcher.logProblemDetails(ApicurioRegistryBaseIT.java:154)
	at io.apicurio.tests.ApicurioRegistryBaseIT$RegistryApiErrorWatcher.logProblemDetails(ApicurioRegistryBaseIT.java:154)
	at io.apicurio.tests.ApicurioRegistryBaseIT$RegistryApiErrorWatcher.logProblemDetails(ApicurioRegistryBaseIT.java:154)
	at io.apicurio.tests.ApicurioRegistryBaseIT$RegistryApiErrorWatcher.logProblemDetails(ApicurioRegistryBaseIT.java:154)
	at io.apicurio.tests.ApicurioRegistryBaseIT$RegistryApiErrorWatcher.logProblemDetails(ApicurioRegistryBaseIT.java:154)
	at io.apicurio.tests.ApicurioRegistryBaseIT$RegistryApiErrorWatcher.logProblemDetails(ApicurioRegistryBaseIT.java:154)
	at io.apicurio.tests.ApicurioRegistryBaseIT$RegistryApiErrorWatcher.logProblemDetails(ApicurioRegistryBaseIT.java:154)
	at io.apicurio.tests.ApicurioRegistryBaseIT$RegistryApiErrorWatcher.logProblemDetails(ApicurioRegistryBaseIT.java:154)
	at io.apicurio.tests.ApicurioRegistryBaseIT$RegistryApiErrorWatcher.logProblemDetails(ApicurioRegistryBaseIT.java:154)
	at io.apicurio.tests.ApicurioRegistryBaseIT$RegistryApiErrorWatcher.logProblemDetails(ApicurioRegistryBaseIT.java:154)
	at io.apicurio.tests.ApicurioRegistryBaseIT$RegistryApiErrorWatcher.logProblemDetails(ApicurioRegistryBaseIT.java:154)
	at io.apicurio.tests.ApicurioRegistryBaseIT$RegistryApiErrorWatcher.logProblemDetails(ApicurioRegistryBaseIT.java:154)
	at io.apicurio.tests.ApicurioRegistryBaseIT$RegistryApiErrorWatcher.logProblemDetails(ApicurioRegistryBaseIT.java:154)
	at io.apicurio.tests.ApicurioRegistryBaseIT$RegistryApiErrorWatcher.logProblemDetails(ApicurioRegistryBaseIT.java:154)
	at io.apicurio.tests.ApicurioRegistryBaseIT$RegistryApiErrorWatcher.logProblemDetails(ApicurioRegistryBaseIT.java:154)
	at io.apicurio.tests.ApicurioRegistryBaseIT$RegistryApiErrorWatcher.logProblemDetails(ApicurioRegistryBaseIT.java:154)
	at io.apicurio.tests.ApicurioRegistryBaseIT$RegistryApiErrorWatcher.logProblemDetails(ApicurioRegistryBaseIT.java:154)
	at io.apicurio.tests.ApicurioRegistryBaseIT$RegistryApiErrorWatcher.logProblemDetails(ApicurioRegistryBaseIT.java:154)
	at io.apicurio.tests.ApicurioRegistryBaseIT$RegistryApiErrorWatcher.logProblemDetails(ApicurioRegistryBaseIT.java:154)
	at io.apicurio.tests.ApicurioRegistryBaseIT$RegistryApiErrorWatcher.logProblemDetails(ApicurioRegistryBaseIT.java:154)
	at io.apicurio.tests.ApicurioRegistryBaseIT$RegistryApiErrorWatcher.logProblemDetails(ApicurioRegistryBaseIT.java:154)
	at io.apicurio.tests.ApicurioRegistryBaseIT$RegistryApiErrorWatcher.logProblemDetails(ApicurioRegistryBaseIT.java:154)
	at io.apicurio.tests.ApicurioRegistryBaseIT$RegistryApiErrorWatcher.logProblemDetails(ApicurioRegistryBaseIT.java:154)
	at io.apicurio.tests.ApicurioRegistryBaseIT$RegistryApiErrorWatcher.logProblemDetails(ApicurioRegistryBaseIT.java:154)
	at io.apicurio.tests.ApicurioRegistryBaseIT$RegistryApiErrorWatcher.logProblemDetails(ApicurioRegistryBaseIT.java:154)
	at io.apicurio.tests.ApicurioRegistryBaseIT$RegistryApiErrorWatcher.logProblemDetails(ApicurioRegistryBaseIT.java:154)
	at io.apicurio.tests.ApicurioRegistryBaseIT$RegistryApiErrorWatcher.logProblemDetails(ApicurioRegistryBaseIT.java:154)
	at io.apicurio.tests.ApicurioRegistryBaseIT$RegistryApiErrorWatcher.logProblemDetails(ApicurioRegistryBaseIT.java:154)
	at io.apicurio.tests.ApicurioRegistryBaseIT$RegistryApiErrorWatcher.logProblemDetails(ApicurioRegistryBaseIT.java:154)
	at io.apicurio.tests.ApicurioRegistryBaseIT$RegistryApiErrorWatcher.logProblemDetails(ApicurioRegistryBaseIT.java:154)
	at io.apicurio.tests.ApicurioRegistryBaseIT$RegistryApiErrorWatcher.logProblemDetails(ApicurioRegistryBaseIT.java:154)
	at io.apicurio.tests.ApicurioRegistryBaseIT$RegistryApiErrorWatcher.logProblemDetails(ApicurioRegistryBaseIT.java:154)
	at io.apicurio.tests.ApicurioRegistryBaseIT$RegistryApiErrorWatcher.logProblemDetails(ApicurioRegistryBaseIT.java:154)
	at io.apicurio.tests.ApicurioRegistryBaseIT$RegistryApiErrorWatcher.logProblemDetails(ApicurioRegistryBaseIT.java:154)
	at io.apicurio.tests.ApicurioRegistryBaseIT$RegistryApiErrorWatcher.logProblemDetails(ApicurioRegistryBaseIT.java:154)
	at io.apicurio.tests.ApicurioRegistryBaseIT$RegistryApiErrorWatcher.logProblemDetails(ApicurioRegistryBaseIT.java:154)
	at io.apicurio.tests.ApicurioRegistryBaseIT$RegistryApiErrorWatcher.logProblemDetails(ApicurioRegistryBaseIT.java:154)
	at io.apicurio.tests.ApicurioRegistryBaseIT$RegistryApiErrorWatcher.logProblemDetails(ApicurioRegistryBaseIT.java:154)
	at io.apicurio.tests.ApicurioRegistryBaseIT$RegistryApiErrorWatcher.logProblemDetails(ApicurioRegistryBaseIT.java:154)
	at io.apicurio.tests.ApicurioRegistryBaseIT$RegistryApiErrorWatcher.logProblemDetails(ApicurioRegistryBaseIT.java:154)
	at io.apicurio.tests.ApicurioRegistryBaseIT$RegistryApiErrorWatcher.logProblemDetails(ApicurioRegistryBaseIT.java:154)
	at io.apicurio.tests.ApicurioRegistryBaseIT$RegistryApiErrorWatcher.logProblemDetails(ApicurioRegistryBaseIT.java:154)
	at io.apicurio.tests.ApicurioRegistryBaseIT$RegistryApiErrorWatcher.logProblemDetails(ApicurioRegistryBaseIT.java:154)
	at io.apicurio.tests.ApicurioRegistryBaseIT$RegistryApiErrorWatcher.logProblemDetails(ApicurioRegistryBaseIT.java:154)
	at io.apicurio.tests.ApicurioRegistryBaseIT$RegistryApiErrorWatcher.logProblemDetails(ApicurioRegistryBaseIT.java:154)
	at io.apicurio.tests.ApicurioRegistryBaseIT$RegistryApiErrorWatcher.logProblemDetails(ApicurioRegistryBaseIT.java:154)
	at io.apicurio.tests.ApicurioRegistryBaseIT$RegistryApiErrorWatcher.logProblemDetails(ApicurioRegistryBaseIT.java:154)
	at io.apicurio.tests.ApicurioRegistryBaseIT$RegistryApiErrorWatcher.logProblemDetails(ApicurioRegistryBaseIT.java:154)
	at io.apicurio.tests.ApicurioRegistryBaseIT$RegistryApiErrorWatcher.logProblemDetails(ApicurioRegistryBaseIT.java:154)
	at io.apicurio.tests.ApicurioRegistryBaseIT$RegistryApiErrorWatcher.logProblemDetails(ApicurioRegistryBaseIT.java:154)
	at io.apicurio.tests.ApicurioRegistryBaseIT$RegistryApiErrorWatcher.logProblemDetails(ApicurioRegistryBaseIT.java:154)
	at io.apicurio.tests.ApicurioRegistryBaseIT$RegistryApiErrorWatcher.logProblemDetails(ApicurioRegistryBaseIT.java:154)
	at io.apicurio.tests.ApicurioRegistryBaseIT$RegistryApiErrorWatcher.logProblemDetails(ApicurioRegistryBaseIT.java:154)
	at io.apicurio.tests.ApicurioRegistryBaseIT$RegistryApiErrorWatcher.logProblemDetails(ApicurioRegistryBaseIT.java:154)
	at io.apicurio.tests.ApicurioRegistryBaseIT$RegistryApiErrorWatcher.logProblemDetails(ApicurioRegistryBaseIT.java:154)
	at io.apicurio.tests.ApicurioRegistryBaseIT$RegistryApiErrorWatcher.logProblemDetails(ApicurioRegistryBaseIT.java:154)
	at io.apicurio.tests.ApicurioRegistryBaseIT$RegistryApiErrorWatcher.logProblemDetails(ApicurioRegistryBaseIT.java:154)
	at io.apicurio.tests.ApicurioRegistryBaseIT$RegistryApiErrorWatcher.logProblemDetails(ApicurioRegistryBaseIT.java:154)
	at io.apicurio.tests.ApicurioRegistryBaseIT$RegistryApiErrorWatcher.logProblemDetails(ApicurioRegistryBaseIT.java:154)
	at io.apicurio.tests.ApicurioRegistryBaseIT$RegistryApiErrorWatcher.logProblemDetails(ApicurioRegistryBaseIT.java:154)
	at io.apicurio.tests.ApicurioRegistryBaseIT$RegistryApiErrorWatcher.logProblemDetails(ApicurioRegistryBaseIT.java:154)
	at io.apicurio.tests.ApicurioRegistryBaseIT$RegistryApiErrorWatcher.logProblemDetails(ApicurioRegistryBaseIT.java:154)
	at io.apicurio.tests.ApicurioRegistryBaseIT$RegistryApiErrorWatcher.logProblemDetails(ApicurioRegistryBaseIT.java:154)
	at io.apicurio.tests.ApicurioRegistryBaseIT$RegistryApiErrorWatcher.logProblemDetails(ApicurioRegistryBaseIT.java:154)
	at io.apicurio.tests.ApicurioRegistryBaseIT$RegistryApiErrorWatcher.logProblemDetails(ApicurioRegistryBaseIT.java:154)
	at io.apicurio.tests.ApicurioRegistryBaseIT$RegistryApiErrorWatcher.logProblemDetails(ApicurioRegistryBaseIT.java:154)
	at io.apicurio.tests.ApicurioRegistryBaseIT$RegistryApiErrorWatcher.logProblemDetails(ApicurioRegistryBaseIT.java:154)
	at io.apicurio.tests.ApicurioRegistryBaseIT$RegistryApiErrorWatcher.logProblemDetails(ApicurioRegistryBaseIT.java:154)
	at io.apicurio.tests.ApicurioRegistryBaseIT$RegistryApiErrorWatcher.logProblemDetails(ApicurioRegistryBaseIT.java:154)
	at io.apicurio.tests.ApicurioRegistryBaseIT$RegistryApiErrorWatcher.logProblemDetails(ApicurioRegistryBaseIT.java:154)
	at io.apicurio.tests.ApicurioRegistryBaseIT$RegistryApiErrorWatcher.logProblemDetails(ApicurioRegistryBaseIT.java:154)
	at io.apicurio.tests.ApicurioRegistryBaseIT$RegistryApiErrorWatcher.logProblemDetails(ApicurioRegistryBaseIT.java:154)
	at io.apicurio.tests.ApicurioRegistryBaseIT$RegistryApiErrorWatcher.logProblemDetails(ApicurioRegistryBaseIT.java:154)
	at io.apicurio.tests.ApicurioRegistryBaseIT$RegistryApiErrorWatcher.logProblemDetails(ApicurioRegistryBaseIT.java:154)
	at io.apicurio.tests.ApicurioRegistryBaseIT$RegistryApiErrorWatcher.logProblemDetails(ApicurioRegistryBaseIT.java:154)
	at io.apicurio.tests.ApicurioRegistryBaseIT$RegistryApiErrorWatcher.logProblemDetails(ApicurioRegistryBaseIT.java:154)
	at io.apicurio.tests.ApicurioRegistryBaseIT$RegistryApiErrorWatcher.logProblemDetails(ApicurioRegistryBaseIT.java:154)
	at io.apicurio.tests.ApicurioRegistryBaseIT$RegistryApiErrorWatcher.logProblemDetails(ApicurioRegistryBaseIT.java:154)
	at io.apicurio.tests.ApicurioRegistryBaseIT$RegistryApiErrorWatcher.logProblemDetails(ApicurioRegistryBaseIT.java:154)
	at io.apicurio.tests.ApicurioRegistryBaseIT$RegistryApiErrorWatcher.logProblemDetails(ApicurioRegistryBaseIT.java:154)
	at io.apicurio.tests.ApicurioRegistryBaseIT$RegistryApiErrorWatcher.logProblemDetails(ApicurioRegistryBaseIT.java:154)
	at io.apicurio.tests.ApicurioRegistryBaseIT$RegistryApiErrorWatcher.logProblemDetails(ApicurioRegistryBaseIT.java:154)
	at io.apicurio.tests.ApicurioRegistryBaseIT$RegistryApiErrorWatcher.logProblemDetails(ApicurioRegistryBaseIT.java:154)
	at io.apicurio.tests.ApicurioRegistryBaseIT$RegistryApiErrorWatcher.logProblemDetails(ApicurioRegistryBaseIT.java:154)
	at io.apicurio.tests.ApicurioRegistryBaseIT$RegistryApiErrorWatcher.logProblemDetails(ApicurioRegistryBaseIT.java:154)
	at io.apicurio.tests.ApicurioRegistryBaseIT$RegistryApiErrorWatcher.logProblemDetails(ApicurioRegistryBaseIT.java:154)
	at io.apicurio.tests.ApicurioRegistryBaseIT$RegistryApiErrorWatcher.logProblemDetails(ApicurioRegistryBaseIT.java:154)
	at io.apicurio.tests.ApicurioRegistryBaseIT$RegistryApiErrorWatcher.logProblemDetails(ApicurioRegistryBaseIT.java:154)
	at io.apicurio.tests.ApicurioRegistryBaseIT$RegistryApiErrorWatcher.logProblemDetails(ApicurioRegistryBaseIT.java:154)
	at io.apicurio.tests.ApicurioRegistryBaseIT$RegistryApiErrorWatcher.logProblemDetails(ApicurioRegistryBaseIT.java:154)
	at io.apicurio.tests.ApicurioRegistryBaseIT$RegistryApiErrorWatcher.logProblemDetails(ApicurioRegistryBaseIT.java:154)
	at io.apicurio.tests.ApicurioRegistryBaseIT$RegistryApiErrorWatcher.logProblemDetails(ApicurioRegistryBaseIT.java:154)
	at io.apicurio.tests.ApicurioRegistryBaseIT$RegistryApiErrorWatcher.logProblemDetails(ApicurioRegistryBaseIT.java:154)
	at io.apicurio.tests.ApicurioRegistryBaseIT$RegistryApiErrorWatcher.logProblemDetails(ApicurioRegistryBaseIT.java:154)
	at io.apicurio.tests.ApicurioRegistryBaseIT$RegistryApiErrorWatcher.logProblemDetails(ApicurioRegistryBaseIT.java:154)
	at io.apicurio.tests.ApicurioRegistryBaseIT$RegistryApiErrorWatcher.logProblemDetails(ApicurioRegistryBaseIT.java:154)
	at io.apicurio.tests.ApicurioRegistryBaseIT$RegistryApiErrorWatcher.logProblemDetails(ApicurioRegistryBaseIT.java:154)
	at io.apicurio.tests.ApicurioRegistryBaseIT$RegistryApiErrorWatcher.logProblemDetails(ApicurioRegistryBaseIT.java:154)
	at io.apicurio.tests.ApicurioRegistryBaseIT$RegistryApiErrorWatcher.logProblemDetails(ApicurioRegistryBaseIT.java:154)
	at io.apicurio.tests.ApicurioRegistryBaseIT$RegistryApiErrorWatcher.logProblemDetails(ApicurioRegistryBaseIT.java:154)
	at io.apicurio.tests.ApicurioRegistryBaseIT$RegistryApiErrorWatcher.logProblemDetails(ApicurioRegistryBaseIT.java:154)
	at io.apicurio.tests.ApicurioRegistryBaseIT$RegistryApiErrorWatcher.logProblemDetails(ApicurioRegistryBaseIT.java:154)
	at io.apicurio.tests.ApicurioRegistryBaseIT$RegistryApiErrorWatcher.logProblemDetails(ApicurioRegistryBaseIT.java:154)
	at io.apicurio.tests.ApicurioRegistryBaseIT$RegistryApiErrorWatcher.logProblemDetails(ApicurioRegistryBaseIT.java:154)
	at io.apicurio.tests.ApicurioRegistryBaseIT$RegistryApiErrorWatcher.logProblemDetails(ApicurioRegistryBaseIT.java:154)
	at io.apicurio.tests.ApicurioRegistryBaseIT$RegistryApiErrorWatcher.logProblemDetails(ApicurioRegistryBaseIT.java:154)
	at io.apicurio.tests.ApicurioRegistryBaseIT$RegistryApiErrorWatcher.logProblemDetails(ApicurioRegistryBaseIT.java:154)
	at io.apicurio.tests.ApicurioRegistryBaseIT$RegistryApiErrorWatcher.logProblemDetails(ApicurioRegistryBaseIT.java:154)
	at io.apicurio.tests.ApicurioRegistryBaseIT$RegistryApiErrorWatcher.logProblemDetails(ApicurioRegistryBaseIT.java:154)
	at io.apicurio.tests.ApicurioRegistryBaseIT$RegistryApiErrorWatcher.logProblemDetails(ApicurioRegistryBaseIT.java:154)
	at io.apicurio.tests.ApicurioRegistryBaseIT$RegistryApiErrorWatcher.logProblemDetails(ApicurioRegistryBaseIT.java:154)
	at io.apicurio.tests.ApicurioRegistryBaseIT$RegistryApiErrorWatcher.logProblemDetails(ApicurioRegistryBaseIT.java:154)
	at io.apicurio.tests.ApicurioRegistryBaseIT$RegistryApiErrorWatcher.logProblemDetails(ApicurioRegistryBaseIT.java:154)
	at io.apicurio.tests.ApicurioRegistryBaseIT$RegistryApiErrorWatcher.logProblemDetails(ApicurioRegistryBaseIT.java:154)
	at io.apicurio.tests.ApicurioRegistryBaseIT$RegistryApiErrorWatcher.logProblemDetails(ApicurioRegistryBaseIT.java:154)
	at io.apicurio.tests.ApicurioRegistryBaseIT$RegistryApiErrorWatcher.logProblemDetails(ApicurioRegistryBaseIT.java:154)
	at io.apicurio.tests.ApicurioRegistryBaseIT$RegistryApiErrorWatcher.logProblemDetails(ApicurioRegistryBaseIT.java:154)
	at io.apicurio.tests.ApicurioRegistryBaseIT$RegistryApiErrorWatcher.logProblemDetails(ApicurioRegistryBaseIT.java:154)
	at io.apicurio.tests.ApicurioRegistryBaseIT$RegistryApiErrorWatcher.logProblemDetails(ApicurioRegistryBaseIT.java:154)
	at io.apicurio.tests.ApicurioRegistryBaseIT$RegistryApiErrorWatcher.logProblemDetails(ApicurioRegistryBaseIT.java:154)
	at io.apicurio.tests.ApicurioRegistryBaseIT$RegistryApiErrorWatcher.logProblemDetails(ApicurioRegistryBaseIT.java:154)
	at io.apicurio.tests.ApicurioRegistryBaseIT$RegistryApiErrorWatcher.logProblemDetails(ApicurioRegistryBaseIT.java:154)
	at io.apicurio.tests.ApicurioRegistryBaseIT$RegistryApiErrorWatcher.logProblemDetails(ApicurioRegistryBaseIT.java:154)
	at io.apicurio.tests.ApicurioRegistryBaseIT$RegistryApiErrorWatcher.logProblemDetails(ApicurioRegistryBaseIT.java:154)
	at io.apicurio.tests.ApicurioRegistryBaseIT$RegistryApiErrorWatcher.logProblemDetails(ApicurioRegistryBaseIT.java:154)
	at io.apicurio.tests.ApicurioRegistryBaseIT$RegistryApiErrorWatcher.logProblemDetails(ApicurioRegistryBaseIT.java:154)
	at io.apicurio.tests.ApicurioRegistryBaseIT$RegistryApiErrorWatcher.logProblemDetails(ApicurioRegistryBaseIT.java:154)
	at io.apicurio.tests.ApicurioRegistryBaseIT$RegistryApiErrorWatcher.logProblemDetails(ApicurioRegistryBaseIT.java:154)
	at io.apicurio.tests.ApicurioRegistryBaseIT$RegistryApiErrorWatcher.logProblemDetails(ApicurioRegistryBaseIT.java:154)
	at io.apicurio.tests.ApicurioRegistryBaseIT$RegistryApiErrorWatcher.logProblemDetails(ApicurioRegistryBaseIT.java:154)
	at io.apicurio.tests.ApicurioRegistryBaseIT$RegistryApiErrorWatcher.logProblemDetails(ApicurioRegistryBaseIT.java:154)
	at io.apicurio.tests.ApicurioRegistryBaseIT$RegistryApiErrorWatcher.logProblemDetails(ApicurioRegistryBaseIT.java:154)
	at io.apicurio.tests.ApicurioRegistryBaseIT$RegistryApiErrorWatcher.logProblemDetails(ApicurioRegistryBaseIT.java:154)
	at io.apicurio.tests.ApicurioRegistryBaseIT$RegistryApiErrorWatcher.logProblemDetails(ApicurioRegistryBaseIT.java:154)
	at io.apicurio.tests.ApicurioRegistryBaseIT$RegistryApiErrorWatcher.logProblemDetails(ApicurioRegistryBaseIT.java:154)
	at io.apicurio.tests.ApicurioRegistryBaseIT$RegistryApiErrorWatcher.logProblemDetails(ApicurioRegistryBaseIT.java:154)
	at io.apicurio.tests.ApicurioRegistryBaseIT$RegistryApiErrorWatcher.logProblemDetails(ApicurioRegistryBaseIT.java:154)
	at io.apicurio.tests.ApicurioRegistryBaseIT$RegistryApiErrorWatcher.logProblemDetails(ApicurioRegistryBaseIT.java:154)
	at io.apicurio.tests.ApicurioRegistryBaseIT$RegistryApiErrorWatcher.logProblemDetails(ApicurioRegistryBaseIT.java:154)
	at io.apicurio.tests.ApicurioRegistryBaseIT$RegistryApiErrorWatcher.logProblemDetails(ApicurioRegistryBaseIT.java:154)
	at io.apicurio.tests.ApicurioRegistryBaseIT$RegistryApiErrorWatcher.logProblemDetails(ApicurioRegistryBaseIT.java:154)
	at io.apicurio.tests.ApicurioRegistryBaseIT$RegistryApiErrorWatcher.logProblemDetails(ApicurioRegistryBaseIT.java:154)
	at io.apicurio.tests.ApicurioRegistryBaseIT$RegistryApiErrorWatcher.logProblemDetails(ApicurioRegistryBaseIT.java:154)
	at io.apicurio.tests.ApicurioRegistryBaseIT$RegistryApiErrorWatcher.logProblemDetails(ApicurioRegistryBaseIT.java:154)
	at io.apicurio.tests.ApicurioRegistryBaseIT$RegistryApiErrorWatcher.logProblemDetails(ApicurioRegistryBaseIT.java:154)
	at io.apicurio.tests.ApicurioRegistryBaseIT$RegistryApiErrorWatcher.logProblemDetails(ApicurioRegistryBaseIT.java:154)
	at io.apicurio.tests.ApicurioRegistryBaseIT$RegistryApiErrorWatcher.logProblemDetails(ApicurioRegistryBaseIT.java:154)
	at io.apicurio.tests.ApicurioRegistryBaseIT$RegistryApiErrorWatcher.logProblemDetails(ApicurioRegistryBaseIT.java:154)
	at io.apicurio.tests.ApicurioRegistryBaseIT$RegistryApiErrorWatcher.logProblemDetails(ApicurioRegistryBaseIT.java:154)
	at io.apicurio.tests.ApicurioRegistryBaseIT$RegistryApiErrorWatcher.logProblemDetails(ApicurioRegistryBaseIT.java:154)
	at io.apicurio.tests.ApicurioRegistryBaseIT$RegistryApiErrorWatcher.logProblemDetails(ApicurioRegistryBaseIT.java:154)
	at io.apicurio.tests.ApicurioRegistryBaseIT$RegistryApiErrorWatcher.logProblemDetails(ApicurioRegistryBaseIT.java:154)
	at io.apicurio.tests.ApicurioRegistryBaseIT$RegistryApiErrorWatcher.logProblemDetails(ApicurioRegistryBaseIT.java:154)
	at io.apicurio.tests.ApicurioRegistryBaseIT$RegistryApiErrorWatcher.logProblemDetails(ApicurioRegistryBaseIT.java:154)
	at io.apicurio.tests.ApicurioRegistryBaseIT$RegistryApiErrorWatcher.logProblemDetails(ApicurioRegistryBaseIT.java:154)
	at io.apicurio.tests.ApicurioRegistryBaseIT$RegistryApiErrorWatcher.logProblemDetails(ApicurioRegistryBaseIT.java:154)
	at io.apicurio.tests.ApicurioRegistryBaseIT$RegistryApiErrorWatcher.logProblemDetails(ApicurioRegistryBaseIT.java:154)
	at io.apicurio.tests.ApicurioRegistryBaseIT$RegistryApiErrorWatcher.logProblemDetails(ApicurioRegistryBaseIT.java:154)
	at io.apicurio.tests.ApicurioRegistryBaseIT$RegistryApiErrorWatcher.logProblemDetails(ApicurioRegistryBaseIT.java:154)
	at io.apicurio.tests.ApicurioRegistryBaseIT$RegistryApiErrorWatcher.logProblemDetails(ApicurioRegistryBaseIT.java:154)
	at io.apicurio.tests.ApicurioRegistryBaseIT$RegistryApiErrorWatcher.logProblemDetails(ApicurioRegistryBaseIT.java:154)
	at io.apicurio.tests.ApicurioRegistryBaseIT$RegistryApiErrorWatcher.logProblemDetails(ApicurioRegistryBaseIT.java:154)
	at io.apicurio.tests.ApicurioRegistryBaseIT$RegistryApiErrorWatcher.logProblemDetails(ApicurioRegistryBaseIT.java:154)
	at io.apicurio.tests.ApicurioRegistryBaseIT$RegistryApiErrorWatcher.logProblemDetails(ApicurioRegistryBaseIT.java:154)
	at io.apicurio.tests.ApicurioRegistryBaseIT$RegistryApiErrorWatcher.logProblemDetails(ApicurioRegistryBaseIT.java:154)
	at io.apicurio.tests.ApicurioRegistryBaseIT$RegistryApiErrorWatcher.logProblemDetails(ApicurioRegistryBaseIT.java:154)
	at io.apicurio.tests.ApicurioRegistryBaseIT$RegistryApiErrorWatcher.logProblemDetails(ApicurioRegistryBaseIT.java:154)
	at io.apicurio.tests.ApicurioRegistryBaseIT$RegistryApiErrorWatcher.logProblemDetails(ApicurioRegistryBaseIT.java:154)
	at io.apicurio.tests.ApicurioRegistryBaseIT$RegistryApiErrorWatcher.logProblemDetails(ApicurioRegistryBaseIT.java:154)
	at io.apicurio.tests.ApicurioRegistryBaseIT$RegistryApiErrorWatcher.logProblemDetails(ApicurioRegistryBaseIT.java:154)
	at io.apicurio.tests.ApicurioRegistryBaseIT$RegistryApiErrorWatcher.logProblemDetails(ApicurioRegistryBaseIT.java:154)
	at io.apicurio.tests.ApicurioRegistryBaseIT$RegistryApiErrorWatcher.logProblemDetails(ApicurioRegistryBaseIT.java:154)
	at io.apicurio.tests.ApicurioRegistryBaseIT$RegistryApiErrorWatcher.logProblemDetails(ApicurioRegistryBaseIT.java:154)
	at io.apicurio.tests.ApicurioRegistryBaseIT$RegistryApiErrorWatcher.logProblemDetails(ApicurioRegistryBaseIT.java:154)
	at io.apicurio.tests.ApicurioRegistryBaseIT$RegistryApiErrorWatcher.logProblemDetails(ApicurioRegistryBaseIT.java:154)
	at io.apicurio.tests.ApicurioRegistryBaseIT$RegistryApiErrorWatcher.logProblemDetails(ApicurioRegistryBaseIT.java:154)
	at io.apicurio.tests.ApicurioRegistryBaseIT$RegistryApiErrorWatcher.logProblemDetails(ApicurioRegistryBaseIT.java:154)
	at io.apicurio.tests.ApicurioRegistryBaseIT$RegistryApiErrorWatcher.logProblemDetails(ApicurioRegistryBaseIT.java:154)
	at io.apicurio.tests.ApicurioRegistryBaseIT$RegistryApiErrorWatcher.logProblemDetails(ApicurioRegistryBaseIT.java:154)
	at io.apicurio.tests.ApicurioRegistryBaseIT$RegistryApiErrorWatcher.logProblemDetails(ApicurioRegistryBaseIT.java:154)
	at io.apicurio.tests.ApicurioRegistryBaseIT$RegistryApiErrorWatcher.logProblemDetails(ApicurioRegistryBaseIT.java:154)
	at io.apicurio.tests.ApicurioRegistryBaseIT$RegistryApiErrorWatcher.logProblemDetails(ApicurioRegistryBaseIT.java:154)
	at io.apicurio.tests.ApicurioRegistryBaseIT$RegistryApiErrorWatcher.logProblemDetails(ApicurioRegistryBaseIT.java:154)
	at io.apicurio.tests.ApicurioRegistryBaseIT$RegistryApiErrorWatcher.logProblemDetails(ApicurioRegistryBaseIT.java:154)
	at io.apicurio.tests.ApicurioRegistryBaseIT$RegistryApiErrorWatcher.logProblemDetails(ApicurioRegistryBaseIT.java:154)
	at io.apicurio.tests.ApicurioRegistryBaseIT$RegistryApiErrorWatcher.logProblemDetails(ApicurioRegistryBaseIT.java:154)
	at io.apicurio.tests.ApicurioRegistryBaseIT$RegistryApiErrorWatcher.logProblemDetails(ApicurioRegistryBaseIT.java:154)
	at io.apicurio.tests.ApicurioRegistryBaseIT$RegistryApiErrorWatcher.logProblemDetails(ApicurioRegistryBaseIT.java:154)
	at io.apicurio.tests.ApicurioRegistryBaseIT$RegistryApiErrorWatcher.logProblemDetails(ApicurioRegistryBaseIT.java:154)
	at io.apicurio.tests.ApicurioRegistryBaseIT$RegistryApiErrorWatcher.logProblemDetails(ApicurioRegistryBaseIT.java:154)
	at io.apicurio.tests.ApicurioRegistryBaseIT$RegistryApiErrorWatcher.logProblemDetails(ApicurioRegistryBaseIT.java:154)
	at io.apicurio.tests.ApicurioRegistryBaseIT$RegistryApiErrorWatcher.logProblemDetails(ApicurioRegistryBaseIT.java:154)
	at io.apicurio.tests.ApicurioRegistryBaseIT$RegistryApiErrorWatcher.logProblemDetails(ApicurioRegistryBaseIT.java:154)
	at io.apicurio.tests.ApicurioRegistryBaseIT$RegistryApiErrorWatcher.logProblemDetails(ApicurioRegistryBaseIT.java:154)
	at io.apicurio.tests.ApicurioRegistryBaseIT$RegistryApiErrorWatcher.logProblemDetails(ApicurioRegistryBaseIT.java:154)
	at io.apicurio.tests.ApicurioRegistryBaseIT$RegistryApiErrorWatcher.logProblemDetails(ApicurioRegistryBaseIT.java:154)
	at io.apicurio.tests.ApicurioRegistryBaseIT$RegistryApiErrorWatcher.logProblemDetails(ApicurioRegistryBaseIT.java:154)
	at io.apicurio.tests.ApicurioRegistryBaseIT$RegistryApiErrorWatcher.logProblemDetails(ApicurioRegistryBaseIT.java:154)
	at io.apicurio.tests.ApicurioRegistryBaseIT$RegistryApiErrorWatcher.logProblemDetails(ApicurioRegistryBaseIT.java:154)
	at io.apicurio.tests.ApicurioRegistryBaseIT$RegistryApiErrorWatcher.logProblemDetails(ApicurioRegistryBaseIT.java:154)
	at io.apicurio.tests.ApicurioRegistryBaseIT$RegistryApiErrorWatcher.logProblemDetails(ApicurioRegistryBaseIT.java:154)
	at io.apicurio.tests.ApicurioRegistryBaseIT$RegistryApiErrorWatcher.logProblemDetails(ApicurioRegistryBaseIT.java:154)
	at io.apicurio.tests.ApicurioRegistryBaseIT$RegistryApiErrorWatcher.logProblemDetails(ApicurioRegistryBaseIT.java:154)
	at io.apicurio.tests.ApicurioRegistryBaseIT$RegistryApiErrorWatcher.logProblemDetails(ApicurioRegistryBaseIT.java:154)
	at io.apicurio.tests.ApicurioRegistryBaseIT$RegistryApiErrorWatcher.logProblemDetails(ApicurioRegistryBaseIT.java:154)
	at io.apicurio.tests.ApicurioRegistryBaseIT$RegistryApiErrorWatcher.logProblemDetails(ApicurioRegistryBaseIT.java:154)
	at io.apicurio.tests.ApicurioRegistryBaseIT$RegistryApiErrorWatcher.logProblemDetails(ApicurioRegistryBaseIT.java:154)
	at io.apicurio.tests.ApicurioRegistryBaseIT$RegistryApiErrorWatcher.logProblemDetails(ApicurioRegistryBaseIT.java:154)
	at io.apicurio.tests.ApicurioRegistryBaseIT$RegistryApiErrorWatcher.logProblemDetails(ApicurioRegistryBaseIT.java:154)
	at io.apicurio.tests.ApicurioRegistryBaseIT$RegistryApiErrorWatcher.logProblemDetails(ApicurioRegistryBaseIT.java:154)
	at io.apicurio.tests.ApicurioRegistryBaseIT$RegistryApiErrorWatcher.logProblemDetails(ApicurioRegistryBaseIT.java:154)
	at io.apicurio.tests.ApicurioRegistryBaseIT$RegistryApiErrorWatcher.logProblemDetails(ApicurioRegistryBaseIT.java:154)
	at io.apicurio.tests.ApicurioRegistryBaseIT$RegistryApiErrorWatcher.logProblemDetails(ApicurioRegistryBaseIT.java:154)
	at io.apicurio.tests.ApicurioRegistryBaseIT$RegistryApiErrorWatcher.logProblemDetails(ApicurioRegistryBaseIT.java:154)
	at io.apicurio.tests.ApicurioRegistryBaseIT$RegistryApiErrorWatcher.logProblemDetails(ApicurioRegistryBaseIT.java:154)
	at io.apicurio.tests.ApicurioRegistryBaseIT$RegistryApiErrorWatcher.logProblemDetails(ApicurioRegistryBaseIT.java:154)
	at io.apicurio.tests.ApicurioRegistryBaseIT$RegistryApiErrorWatcher.logProblemDetails(ApicurioRegistryBaseIT.java:154)
	at io.apicurio.tests.ApicurioRegistryBaseIT$RegistryApiErrorWatcher.logProblemDetails(ApicurioRegistryBaseIT.java:154)
	at io.apicurio.tests.ApicurioRegistryBaseIT$RegistryApiErrorWatcher.logProblemDetails(ApicurioRegistryBaseIT.java:154)
	at io.apicurio.tests.ApicurioRegistryBaseIT$RegistryApiErrorWatcher.logProblemDetails(ApicurioRegistryBaseIT.java:154)
	at io.apicurio.tests.ApicurioRegistryBaseIT$RegistryApiErrorWatcher.logProblemDetails(ApicurioRegistryBaseIT.java:154)
	at io.apicurio.tests.ApicurioRegistryBaseIT$RegistryApiErrorWatcher.logProblemDetails(ApicurioRegistryBaseIT.java:154)
	at io.apicurio.tests.ApicurioRegistryBaseIT$RegistryApiErrorWatcher.logProblemDetails(ApicurioRegistryBaseIT.java:154)
	at io.apicurio.tests.ApicurioRegistryBaseIT$RegistryApiErrorWatcher.logProblemDetails(ApicurioRegistryBaseIT.java:154)
	at io.apicurio.tests.ApicurioRegistryBaseIT$RegistryApiErrorWatcher.logProblemDetails(ApicurioRegistryBaseIT.java:154)
	at io.apicurio.tests.ApicurioRegistryBaseIT$RegistryApiErrorWatcher.logProblemDetails(ApicurioRegistryBaseIT.java:154)
	at io.apicurio.tests.ApicurioRegistryBaseIT$RegistryApiErrorWatcher.logProblemDetails(ApicurioRegistryBaseIT.java:154)
	at io.apicurio.tests.ApicurioRegistryBaseIT$RegistryApiErrorWatcher.logProblemDetails(ApicurioRegistryBaseIT.java:154)
	at io.apicurio.tests.ApicurioRegistryBaseIT$RegistryApiErrorWatcher.logProblemDetails(ApicurioRegistryBaseIT.java:154)
	at io.apicurio.tests.ApicurioRegistryBaseIT$RegistryApiErrorWatcher.logProblemDetails(ApicurioRegistryBaseIT.java:154)
	at io.apicurio.tests.ApicurioRegistryBaseIT$RegistryApiErrorWatcher.logProblemDetails(ApicurioRegistryBaseIT.java:154)
	at io.apicurio.tests.ApicurioRegistryBaseIT$RegistryApiErrorWatcher.logProblemDetails(ApicurioRegistryBaseIT.java:154)
	at io.apicurio.tests.ApicurioRegistryBaseIT$RegistryApiErrorWatcher.logProblemDetails(ApicurioRegistryBaseIT.java:154)
	at io.apicurio.tests.ApicurioRegistryBaseIT$RegistryApiErrorWatcher.logProblemDetails(ApicurioRegistryBaseIT.java:154)
	at io.apicurio.tests.ApicurioRegistryBaseIT$RegistryApiErrorWatcher.logProblemDetails(ApicurioRegistryBaseIT.java:154)
	at io.apicurio.tests.ApicurioRegistryBaseIT$RegistryApiErrorWatcher.logProblemDetails(ApicurioRegistryBaseIT.java:154)
	at io.apicurio.tests.ApicurioRegistryBaseIT$RegistryApiErrorWatcher.logProblemDetails(ApicurioRegistryBaseIT.java:154)
	at io.apicurio.tests.ApicurioRegistryBaseIT$RegistryApiErrorWatcher.logProblemDetails(ApicurioRegistryBaseIT.java:154)
	at io.apicurio.tests.ApicurioRegistryBaseIT$RegistryApiErrorWatcher.logProblemDetails(ApicurioRegistryBaseIT.java:154)
	at io.apicurio.tests.ApicurioRegistryBaseIT$RegistryApiErrorWatcher.logProblemDetails(ApicurioRegistryBaseIT.java:154)
	at io.apicurio.tests.ApicurioRegistryBaseIT$RegistryApiErrorWatcher.logProblemDetails(ApicurioRegistryBaseIT.java:154)
	at io.apicurio.tests.ApicurioRegistryBaseIT$RegistryApiErrorWatcher.logProblemDetails(ApicurioRegistryBaseIT.java:154)
	at io.apicurio.tests.ApicurioRegistryBaseIT$RegistryApiErrorWatcher.logProblemDetails(ApicurioRegistryBaseIT.java:154)
	at io.apicurio.tests.ApicurioRegistryBaseIT$RegistryApiErrorWatcher.logProblemDetails(ApicurioRegistryBaseIT.java:154)
	at io.apicurio.tests.ApicurioRegistryBaseIT$RegistryApiErrorWatcher.logProblemDetails(ApicurioRegistryBaseIT.java:154)
	at io.apicurio.tests.ApicurioRegistryBaseIT$RegistryApiErrorWatcher.logProblemDetails(ApicurioRegistryBaseIT.java:154)
	at io.apicurio.tests.ApicurioRegistryBaseIT$RegistryApiErrorWatcher.logProblemDetails(ApicurioRegistryBaseIT.java:154)
	at io.apicurio.tests.ApicurioRegistryBaseIT$RegistryApiErrorWatcher.logProblemDetails(ApicurioRegistryBaseIT.java:154)
	at io.apicurio.tests.ApicurioRegistryBaseIT$RegistryApiErrorWatcher.logProblemDetails(ApicurioRegistryBaseIT.java:154)
	at io.apicurio.tests.ApicurioRegistryBaseIT$RegistryApiErrorWatcher.logProblemDetails(ApicurioRegistryBaseIT.java:154)
	at io.apicurio.tests.ApicurioRegistryBaseIT$RegistryApiErrorWatcher.logProblemDetails(ApicurioRegistryBaseIT.java:154)
	at io.apicurio.tests.ApicurioRegistryBaseIT$RegistryApiErrorWatcher.logProblemDetails(ApicurioRegistryBaseIT.java:154)
	at io.apicurio.tests.ApicurioRegistryBaseIT$RegistryApiErrorWatcher.logProblemDetails(ApicurioRegistryBaseIT.java:154)
	at io.apicurio.tests.ApicurioRegistryBaseIT$RegistryApiErrorWatcher.logProblemDetails(ApicurioRegistryBaseIT.java:154)
	at io.apicurio.tests.ApicurioRegistryBaseIT$RegistryApiErrorWatcher.logProblemDetails(ApicurioRegistryBaseIT.java:154)
	at io.apicurio.tests.ApicurioRegistryBaseIT$RegistryApiErrorWatcher.logProblemDetails(ApicurioRegistryBaseIT.java:154)
	at io.apicurio.tests.ApicurioRegistryBaseIT$RegistryApiErrorWatcher.logProblemDetails(ApicurioRegistryBaseIT.java:154)
	at io.apicurio.tests.ApicurioRegistryBaseIT$RegistryApiErrorWatcher.logProblemDetails(ApicurioRegistryBaseIT.java:154)
	at io.apicurio.tests.ApicurioRegistryBaseIT$RegistryApiErrorWatcher.logProblemDetails(ApicurioRegistryBaseIT.java:154)
	at io.apicurio.tests.ApicurioRegistryBaseIT$RegistryApiErrorWatcher.logProblemDetails(ApicurioRegistryBaseIT.java:154)
	at io.apicurio.tests.ApicurioRegistryBaseIT$RegistryApiErrorWatcher.logProblemDetails(ApicurioRegistryBaseIT.java:154)
	at io.apicurio.tests.ApicurioRegistryBaseIT$RegistryApiErrorWatcher.logProblemDetails(ApicurioRegistryBaseIT.java:154)
	at io.apicurio.tests.ApicurioRegistryBaseIT$RegistryApiErrorWatcher.logProblemDetails(ApicurioRegistryBaseIT.java:154)
	at io.apicurio.tests.ApicurioRegistryBaseIT$RegistryApiErrorWatcher.logProblemDetails(ApicurioRegistryBaseIT.java:154)
	at io.apicurio.tests.ApicurioRegistryBaseIT$RegistryApiErrorWatcher.logProblemDetails(ApicurioRegistryBaseIT.java:154)
	at io.apicurio.tests.ApicurioRegistryBaseIT$RegistryApiErrorWatcher.logProblemDetails(ApicurioRegistryBaseIT.java:154)
	at io.apicurio.tests.ApicurioRegistryBaseIT$RegistryApiErrorWatcher.logProblemDetails(ApicurioRegistryBaseIT.java:154)
	at io.apicurio.tests.ApicurioRegistryBaseIT$RegistryApiErrorWatcher.logProblemDetails(ApicurioRegistryBaseIT.java:154)
	at io.apicurio.tests.ApicurioRegistryBaseIT$RegistryApiErrorWatcher.logProblemDetails(ApicurioRegistryBaseIT.java:154)
	at io.apicurio.tests.ApicurioRegistryBaseIT$RegistryApiErrorWatcher.logProblemDetails(ApicurioRegistryBaseIT.java:154)
	at io.apicurio.tests.ApicurioRegistryBaseIT$RegistryApiErrorWatcher.logProblemDetails(ApicurioRegistryBaseIT.java:154)
	at io.apicurio.tests.ApicurioRegistryBaseIT$RegistryApiErrorWatcher.logProblemDetails(ApicurioRegistryBaseIT.java:154)
	at io.apicurio.tests.ApicurioRegistryBaseIT$RegistryApiErrorWatcher.logProblemDetails(ApicurioRegistryBaseIT.java:154)
	at io.apicurio.tests.ApicurioRegistryBaseIT$RegistryApiErrorWatcher.logProblemDetails(ApicurioRegistryBaseIT.java:154)
	at io.apicurio.tests.ApicurioRegistryBaseIT$RegistryApiErrorWatcher.logProblemDetails(ApicurioRegistryBaseIT.java:154)
	at io.apicurio.tests.ApicurioRegistryBaseIT$RegistryApiErrorWatcher.logProblemDetails(ApicurioRegistryBaseIT.java:154)
	at io.apicurio.tests.ApicurioRegistryBaseIT$RegistryApiErrorWatcher.logProblemDetails(ApicurioRegistryBaseIT.java:154)
	at io.apicurio.tests.ApicurioRegistryBaseIT$RegistryApiErrorWatcher.logProblemDetails(ApicurioRegistryBaseIT.java:154)
	at io.apicurio.tests.ApicurioRegistryBaseIT$RegistryApiErrorWatcher.logProblemDetails(ApicurioRegistryBaseIT.java:154)
	at io.apicurio.tests.ApicurioRegistryBaseIT$RegistryApiErrorWatcher.logProblemDetails(ApicurioRegistryBaseIT.java:154)
	at io.apicurio.tests.ApicurioRegistryBaseIT$RegistryApiErrorWatcher.logProblemDetails(ApicurioRegistryBaseIT.java:154)
	at io.apicurio.tests.ApicurioRegistryBaseIT$RegistryApiErrorWatcher.logProblemDetails(ApicurioRegistryBaseIT.java:154)
	at io.apicurio.tests.ApicurioRegistryBaseIT$RegistryApiErrorWatcher.logProblemDetails(ApicurioRegistryBaseIT.java:154)
	at io.apicurio.tests.ApicurioRegistryBaseIT$RegistryApiErrorWatcher.logProblemDetails(ApicurioRegistryBaseIT.java:154)
	at io.apicurio.tests.ApicurioRegistryBaseIT$RegistryApiErrorWatcher.logProblemDetails(ApicurioRegistryBaseIT.java:154)
	at io.apicurio.tests.ApicurioRegistryBaseIT$RegistryApiErrorWatcher.logProblemDetails(ApicurioRegistryBaseIT.java:154)
	at io.apicurio.tests.ApicurioRegistryBaseIT$RegistryApiErrorWatcher.logProblemDetails(ApicurioRegistryBaseIT.java:154)
	at io.apicurio.tests.ApicurioRegistryBaseIT$RegistryApiErrorWatcher.logProblemDetails(ApicurioRegistryBaseIT.java:154)
	at io.apicurio.tests.ApicurioRegistryBaseIT$RegistryApiErrorWatcher.logProblemDetails(ApicurioRegistryBaseIT.java:154)
	at io.apicurio.tests.ApicurioRegistryBaseIT$RegistryApiErrorWatcher.logProblemDetails(ApicurioRegistryBaseIT.java:154)
	at io.apicurio.tests.ApicurioRegistryBaseIT$RegistryApiErrorWatcher.logProblemDetails(ApicurioRegistryBaseIT.java:154)
	at io.apicurio.tests.ApicurioRegistryBaseIT$RegistryApiErrorWatcher.logProblemDetails(ApicurioRegistryBaseIT.java:154)
	at io.apicurio.tests.ApicurioRegistryBaseIT$RegistryApiErrorWatcher.logProblemDetails(ApicurioRegistryBaseIT.java:154)
	at io.apicurio.tests.ApicurioRegistryBaseIT$RegistryApiErrorWatcher.logProblemDetails(ApicurioRegistryBaseIT.java:154)
	at io.apicurio.tests.ApicurioRegistryBaseIT$RegistryApiErrorWatcher.logProblemDetails(ApicurioRegistryBaseIT.java:154)
	at io.apicurio.tests.ApicurioRegistryBaseIT$RegistryApiErrorWatcher.logProblemDetails(ApicurioRegistryBaseIT.java:154)
	at io.apicurio.tests.ApicurioRegistryBaseIT$RegistryApiErrorWatcher.logProblemDetails(ApicurioRegistryBaseIT.java:154)
	at io.apicurio.tests.ApicurioRegistryBaseIT$RegistryApiErrorWatcher.logProblemDetails(ApicurioRegistryBaseIT.java:154)
	at io.apicurio.tests.ApicurioRegistryBaseIT$RegistryApiErrorWatcher.logProblemDetails(ApicurioRegistryBaseIT.java:154)
	at io.apicurio.tests.ApicurioRegistryBaseIT$RegistryApiErrorWatcher.logProblemDetails(ApicurioRegistryBaseIT.java:154)
	at io.apicurio.tests.ApicurioRegistryBaseIT$RegistryApiErrorWatcher.logProblemDetails(ApicurioRegistryBaseIT.java:154)
	at io.apicurio.tests.ApicurioRegistryBaseIT$RegistryApiErrorWatcher.logProblemDetails(ApicurioRegistryBaseIT.java:154)
	at io.apicurio.tests.ApicurioRegistryBaseIT$RegistryApiErrorWatcher.logProblemDetails(ApicurioRegistryBaseIT.java:154)
	at io.apicurio.tests.ApicurioRegistryBaseIT$RegistryApiErrorWatcher.logProblemDetails(ApicurioRegistryBaseIT.java:154)
	at io.apicurio.tests.ApicurioRegistryBaseIT$RegistryApiErrorWatcher.logProblemDetails(ApicurioRegistryBaseIT.java:154)
	at io.apicurio.tests.ApicurioRegistryBaseIT$RegistryApiErrorWatcher.logProblemDetails(ApicurioRegistryBaseIT.java:154)
	at io.apicurio.tests.ApicurioRegistryBaseIT$RegistryApiErrorWatcher.logProblemDetails(ApicurioRegistryBaseIT.java:154)
	at io.apicurio.tests.ApicurioRegistryBaseIT$RegistryApiErrorWatcher.logProblemDetails(ApicurioRegistryBaseIT.java:154)
	at io.apicurio.tests.ApicurioRegistryBaseIT$RegistryApiErrorWatcher.logProblemDetails(ApicurioRegistryBaseIT.java:154)
	at io.apicurio.tests.ApicurioRegistryBaseIT$RegistryApiErrorWatcher.logProblemDetails(ApicurioRegistryBaseIT.java:154)
	at io.apicurio.tests.ApicurioRegistryBaseIT$RegistryApiErrorWatcher.logProblemDetails(ApicurioRegistryBaseIT.java:154)
	at io.apicurio.tests.ApicurioRegistryBaseIT$RegistryApiErrorWatcher.logProblemDetails(ApicurioRegistryBaseIT.java:154)
	at io.apicurio.tests.ApicurioRegistryBaseIT$RegistryApiErrorWatcher.logProblemDetails(ApicurioRegistryBaseIT.java:154)
	at io.apicurio.tests.ApicurioRegistryBaseIT$RegistryApiErrorWatcher.logProblemDetails(ApicurioRegistryBaseIT.java:154)
	at io.apicurio.tests.ApicurioRegistryBaseIT$RegistryApiErrorWatcher.logProblemDetails(ApicurioRegistryBaseIT.java:154)
	at io.apicurio.tests.ApicurioRegistryBaseIT$RegistryApiErrorWatcher.logProblemDetails(ApicurioRegistryBaseIT.java:154)
	at io.apicurio.tests.ApicurioRegistryBaseIT$RegistryApiErrorWatcher.logProblemDetails(ApicurioRegistryBaseIT.java:154)
	at io.apicurio.tests.ApicurioRegistryBaseIT$RegistryApiErrorWatcher.logProblemDetails(ApicurioRegistryBaseIT.java:154)
	at io.apicurio.tests.ApicurioRegistryBaseIT$RegistryApiErrorWatcher.logProblemDetails(ApicurioRegistryBaseIT.java:154)
	at io.apicurio.tests.ApicurioRegistryBaseIT$RegistryApiErrorWatcher.logProblemDetails(ApicurioRegistryBaseIT.java:154)
	at io.apicurio.tests.ApicurioRegistryBaseIT$RegistryApiErrorWatcher.logProblemDetails(ApicurioRegistryBaseIT.java:154)
	at io.apicurio.tests.ApicurioRegistryBaseIT$RegistryApiErrorWatcher.logProblemDetails(ApicurioRegistryBaseIT.java:154)
	at io.apicurio.tests.ApicurioRegistryBaseIT$RegistryApiErrorWatcher.logProblemDetails(ApicurioRegistryBaseIT.java:154)
	at io.apicurio.tests.ApicurioRegistryBaseIT$RegistryApiErrorWatcher.logProblemDetails(ApicurioRegistryBaseIT.java:154)
	at io.apicurio.tests.ApicurioRegistryBaseIT$RegistryApiErrorWatcher.logProblemDetails(ApicurioRegistryBaseIT.java:154)
	at io.apicurio.tests.ApicurioRegistryBaseIT$RegistryApiErrorWatcher.logProblemDetails(ApicurioRegistryBaseIT.java:154)
	at io.apicurio.tests.ApicurioRegistryBaseIT$RegistryApiErrorWatcher.logProblemDetails(ApicurioRegistryBaseIT.java:154)
	at io.apicurio.tests.ApicurioRegistryBaseIT$RegistryApiErrorWatcher.logProblemDetails(ApicurioRegistryBaseIT.java:154)
	at io.apicurio.tests.ApicurioRegistryBaseIT$RegistryApiErrorWatcher.logProblemDetails(ApicurioRegistryBaseIT.java:154)
	at io.apicurio.tests.ApicurioRegistryBaseIT$RegistryApiErrorWatcher.logProblemDetails(ApicurioRegistryBaseIT.java:154)
	at io.apicurio.tests.ApicurioRegistryBaseIT$RegistryApiErrorWatcher.logProblemDetails(ApicurioRegistryBaseIT.java:154)
	at io.apicurio.tests.ApicurioRegistryBaseIT$RegistryApiErrorWatcher.logProblemDetails(ApicurioRegistryBaseIT.java:154)
	at io.apicurio.tests.ApicurioRegistryBaseIT$RegistryApiErrorWatcher.logProblemDetails(ApicurioRegistryBaseIT.java:154)
	at io.apicurio.tests.ApicurioRegistryBaseIT$RegistryApiErrorWatcher.logProblemDetails(ApicurioRegistryBaseIT.java:154)
	at io.apicurio.tests.ApicurioRegistryBaseIT$RegistryApiErrorWatcher.logProblemDetails(ApicurioRegistryBaseIT.java:154)
	at io.apicurio.tests.ApicurioRegistryBaseIT$RegistryApiErrorWatcher.logProblemDetails(ApicurioRegistryBaseIT.java:154)
	at io.apicurio.tests.ApicurioRegistryBaseIT$RegistryApiErrorWatcher.logProblemDetails(ApicurioRegistryBaseIT.java:154)
	at io.apicurio.tests.ApicurioRegistryBaseIT$RegistryApiErrorWatcher.logProblemDetails(ApicurioRegistryBaseIT.java:154)
	at io.apicurio.tests.ApicurioRegistryBaseIT$RegistryApiErrorWatcher.logProblemDetails(ApicurioRegistryBaseIT.java:154)
	at io.apicurio.tests.ApicurioRegistryBaseIT$RegistryApiErrorWatcher.logProblemDetails(ApicurioRegistryBaseIT.java:154)
	at io.apicurio.tests.ApicurioRegistryBaseIT$RegistryApiErrorWatcher.logProblemDetails(ApicurioRegistryBaseIT.java:154)
	at io.apicurio.tests.ApicurioRegistryBaseIT$RegistryApiErrorWatcher.logProblemDetails(ApicurioRegistryBaseIT.java:154)
	at io.apicurio.tests.ApicurioRegistryBaseIT$RegistryApiErrorWatcher.logProblemDetails(ApicurioRegistryBaseIT.java:154)
	at io.apicurio.tests.ApicurioRegistryBaseIT$RegistryApiErrorWatcher.logProblemDetails(ApicurioRegistryBaseIT.java:154)
	at io.apicurio.tests.ApicurioRegistryBaseIT$RegistryApiErrorWatcher.logProblemDetails(ApicurioRegistryBaseIT.java:154)
	at io.apicurio.tests.ApicurioRegistryBaseIT$RegistryApiErrorWatcher.logProblemDetails(ApicurioRegistryBaseIT.java:154)
	at io.apicurio.tests.ApicurioRegistryBaseIT$RegistryApiErrorWatcher.logProblemDetails(ApicurioRegistryBaseIT.java:154)
	at io.apicurio.tests.ApicurioRegistryBaseIT$RegistryApiErrorWatcher.logProblemDetails(ApicurioRegistryBaseIT.java:154)
	at io.apicurio.tests.ApicurioRegistryBaseIT$RegistryApiErrorWatcher.logProblemDetails(ApicurioRegistryBaseIT.java:154)
	at io.apicurio.tests.ApicurioRegistryBaseIT$RegistryApiErrorWatcher.logProblemDetails(ApicurioRegistryBaseIT.java:154)
	at io.apicurio.tests.ApicurioRegistryBaseIT$RegistryApiErrorWatcher.logProblemDetails(ApicurioRegistryBaseIT.java:154)
	at io.apicurio.tests.ApicurioRegistryBaseIT$RegistryApiErrorWatcher.logProblemDetails(ApicurioRegistryBaseIT.java:154)
	at io.apicurio.tests.ApicurioRegistryBaseIT$RegistryApiErrorWatcher.logProblemDetails(ApicurioRegistryBaseIT.java:154)
	at io.apicurio.tests.ApicurioRegistryBaseIT$RegistryApiErrorWatcher.logProblemDetails(ApicurioRegistryBaseIT.java:154)
	at io.apicurio.tests.ApicurioRegistryBaseIT$RegistryApiErrorWatcher.logProblemDetails(ApicurioRegistryBaseIT.java:154)
	at io.apicurio.tests.ApicurioRegistryBaseIT$RegistryApiErrorWatcher.logProblemDetails(ApicurioRegistryBaseIT.java:154)
	at io.apicurio.tests.ApicurioRegistryBaseIT$RegistryApiErrorWatcher.logProblemDetails(ApicurioRegistryBaseIT.java:154)
	at io.apicurio.tests.ApicurioRegistryBaseIT$RegistryApiErrorWatcher.logProblemDetails(ApicurioRegistryBaseIT.java:154)
	at io.apicurio.tests.ApicurioRegistryBaseIT$RegistryApiErrorWatcher.logProblemDetails(ApicurioRegistryBaseIT.java:154)
	at io.apicurio.tests.ApicurioRegistryBaseIT$RegistryApiErrorWatcher.logProblemDetails(ApicurioRegistryBaseIT.java:154)
	at io.apicurio.tests.ApicurioRegistryBaseIT$RegistryApiErrorWatcher.logProblemDetails(ApicurioRegistryBaseIT.java:154)
	at io.apicurio.tests.ApicurioRegistryBaseIT$RegistryApiErrorWatcher.logProblemDetails(ApicurioRegistryBaseIT.java:154)
	at io.apicurio.tests.ApicurioRegistryBaseIT$RegistryApiErrorWatcher.logProblemDetails(ApicurioRegistryBaseIT.java:154)
	at io.apicurio.tests.ApicurioRegistryBaseIT$RegistryApiErrorWatcher.logProblemDetails(ApicurioRegistryBaseIT.java:154)
	at io.apicurio.tests.ApicurioRegistryBaseIT$RegistryApiErrorWatcher.logProblemDetails(ApicurioRegistryBaseIT.java:154)
	at io.apicurio.tests.ApicurioRegistryBaseIT$RegistryApiErrorWatcher.logProblemDetails(ApicurioRegistryBaseIT.java:154)
	at io.apicurio.tests.ApicurioRegistryBaseIT$RegistryApiErrorWatcher.logProblemDetails(ApicurioRegistryBaseIT.java:154)
	at io.apicurio.tests.ApicurioRegistryBaseIT$RegistryApiErrorWatcher.logProblemDetails(ApicurioRegistryBaseIT.java:154)
	at io.apicurio.tests.ApicurioRegistryBaseIT$RegistryApiErrorWatcher.logProblemDetails(ApicurioRegistryBaseIT.java:154)
	at io.apicurio.tests.ApicurioRegistryBaseIT$RegistryApiErrorWatcher.logProblemDetails(ApicurioRegistryBaseIT.java:154)
	at io.apicurio.tests.ApicurioRegistryBaseIT$RegistryApiErrorWatcher.logProblemDetails(ApicurioRegistryBaseIT.java:154)
	at io.apicurio.tests.ApicurioRegistryBaseIT$RegistryApiErrorWatcher.logProblemDetails(ApicurioRegistryBaseIT.java:154)
	at io.apicurio.tests.ApicurioRegistryBaseIT$RegistryApiErrorWatcher.logProblemDetails(ApicurioRegistryBaseIT.java:154)
	at io.apicurio.tests.ApicurioRegistryBaseIT$RegistryApiErrorWatcher.logProblemDetails(ApicurioRegistryBaseIT.java:154)
	at io.apicurio.tests.ApicurioRegistryBaseIT$RegistryApiErrorWatcher.logProblemDetails(ApicurioRegistryBaseIT.java:154)
	at io.apicurio.tests.ApicurioRegistryBaseIT$RegistryApiErrorWatcher.logProblemDetails(ApicurioRegistryBaseIT.java:154)
	at io.apicurio.tests.ApicurioRegistryBaseIT$RegistryApiErrorWatcher.logProblemDetails(ApicurioRegistryBaseIT.java:154)
	at io.apicurio.tests.ApicurioRegistryBaseIT$RegistryApiErrorWatcher.logProblemDetails(ApicurioRegistryBaseIT.java:154)
	at io.apicurio.tests.ApicurioRegistryBaseIT$RegistryApiErrorWatcher.logProblemDetails(ApicurioRegistryBaseIT.java:154)
	at io.apicurio.tests.ApicurioRegistryBaseIT$RegistryApiErrorWatcher.logProblemDetails(ApicurioRegistryBaseIT.java:154)
	at io.apicurio.tests.ApicurioRegistryBaseIT$RegistryApiErrorWatcher.logProblemDetails(ApicurioRegistryBaseIT.java:154)
	at io.apicurio.tests.ApicurioRegistryBaseIT$RegistryApiErrorWatcher.logProblemDetails(ApicurioRegistryBaseIT.java:154)
	at io.apicurio.tests.ApicurioRegistryBaseIT$RegistryApiErrorWatcher.logProblemDetails(ApicurioRegistryBaseIT.java:154)
	at io.apicurio.tests.ApicurioRegistryBaseIT$RegistryApiErrorWatcher.logProblemDetails(ApicurioRegistryBaseIT.java:154)
	at io.apicurio.tests.ApicurioRegistryBaseIT$RegistryApiErrorWatcher.logProblemDetails(ApicurioRegistryBaseIT.java:154)
	at io.apicurio.tests.ApicurioRegistryBaseIT$RegistryApiErrorWatcher.logProblemDetails(ApicurioRegistryBaseIT.java:154)
	at io.apicurio.tests.ApicurioRegistryBaseIT$RegistryApiErrorWatcher.logProblemDetails(ApicurioRegistryBaseIT.java:154)
	at io.apicurio.tests.ApicurioRegistryBaseIT$RegistryApiErrorWatcher.logProblemDetails(ApicurioRegistryBaseIT.java:154)
	at io.apicurio.tests.ApicurioRegistryBaseIT$RegistryApiErrorWatcher.logProblemDetails(ApicurioRegistryBaseIT.java:154)
	at io.apicurio.tests.ApicurioRegistryBaseIT$RegistryApiErrorWatcher.logProblemDetails(ApicurioRegistryBaseIT.java:154)
	at io.apicurio.tests.ApicurioRegistryBaseIT$RegistryApiErrorWatcher.logProblemDetails(ApicurioRegistryBaseIT.java:154)
	at io.apicurio.tests.ApicurioRegistryBaseIT$RegistryApiErrorWatcher.logProblemDetails(ApicurioRegistryBaseIT.java:154)
	at io.apicurio.tests.ApicurioRegistryBaseIT$RegistryApiErrorWatcher.logProblemDetails(ApicurioRegistryBaseIT.java:154)
	at io.apicurio.tests.ApicurioRegistryBaseIT$RegistryApiErrorWatcher.logProblemDetails(ApicurioRegistryBaseIT.java:154)
	at io.apicurio.tests.ApicurioRegistryBaseIT$RegistryApiErrorWatcher.logProblemDetails(ApicurioRegistryBaseIT.java:154)
	at io.apicurio.tests.ApicurioRegistryBaseIT$RegistryApiErrorWatcher.logProblemDetails(ApicurioRegistryBaseIT.java:154)
	at io.apicurio.tests.ApicurioRegistryBaseIT$RegistryApiErrorWatcher.logProblemDetails(ApicurioRegistryBaseIT.java:154)
	at io.apicurio.tests.ApicurioRegistryBaseIT$RegistryApiErrorWatcher.logProblemDetails(ApicurioRegistryBaseIT.java:154)
	at io.apicurio.tests.ApicurioRegistryBaseIT$RegistryApiErrorWatcher.logProblemDetails(ApicurioRegistryBaseIT.java:154)
	at io.apicurio.tests.ApicurioRegistryBaseIT$RegistryApiErrorWatcher.logProblemDetails(ApicurioRegistryBaseIT.java:154)
	at io.apicurio.tests.ApicurioRegistryBaseIT$RegistryApiErrorWatcher.logProblemDetails(ApicurioRegistryBaseIT.java:154)
	at io.apicurio.tests.ApicurioRegistryBaseIT$RegistryApiErrorWatcher.logProblemDetails(ApicurioRegistryBaseIT.java:154)
	at io.apicurio.tests.ApicurioRegistryBaseIT$RegistryApiErrorWatcher.logProblemDetails(ApicurioRegistryBaseIT.java:154)
	at io.apicurio.tests.ApicurioRegistryBaseIT$RegistryApiErrorWatcher.logProblemDetails(ApicurioRegistryBaseIT.java:154)
	at io.apicurio.tests.ApicurioRegistryBaseIT$RegistryApiErrorWatcher.logProblemDetails(ApicurioRegistryBaseIT.java:154)
	at io.apicurio.tests.ApicurioRegistryBaseIT$RegistryApiErrorWatcher.logProblemDetails(ApicurioRegistryBaseIT.java:154)
	at io.apicurio.tests.ApicurioRegistryBaseIT$RegistryApiErrorWatcher.logProblemDetails(ApicurioRegistryBaseIT.java:154)
	at io.apicurio.tests.ApicurioRegistryBaseIT$RegistryApiErrorWatcher.logProblemDetails(ApicurioRegistryBaseIT.java:154)
	at io.apicurio.tests.ApicurioRegistryBaseIT$RegistryApiErrorWatcher.logProblemDetails(ApicurioRegistryBaseIT.java:154)
	at io.apicurio.tests.ApicurioRegistryBaseIT$RegistryApiErrorWatcher.logProblemDetails(ApicurioRegistryBaseIT.java:154)
	at io.apicurio.tests.ApicurioRegistryBaseIT$RegistryApiErrorWatcher.logProblemDetails(ApicurioRegistryBaseIT.java:154)
	at io.apicurio.tests.ApicurioRegistryBaseIT$RegistryApiErrorWatcher.logProblemDetails(ApicurioRegistryBaseIT.java:154)
	at io.apicurio.tests.ApicurioRegistryBaseIT$RegistryApiErrorWatcher.logProblemDetails(ApicurioRegistryBaseIT.java:154)
	at io.apicurio.tests.ApicurioRegistryBaseIT$RegistryApiErrorWatcher.logProblemDetails(ApicurioRegistryBaseIT.java:154)
	at io.apicurio.tests.ApicurioRegistryBaseIT$RegistryApiErrorWatcher.logProblemDetails(ApicurioRegistryBaseIT.java:154)
	at io.apicurio.tests.ApicurioRegistryBaseIT$RegistryApiErrorWatcher.logProblemDetails(ApicurioRegistryBaseIT.java:154)
	at io.apicurio.tests.ApicurioRegistryBaseIT$RegistryApiErrorWatcher.logProblemDetails(ApicurioRegistryBaseIT.java:154)
	at io.apicurio.tests.ApicurioRegistryBaseIT$RegistryApiErrorWatcher.logProblemDetails(ApicurioRegistryBaseIT.java:154)
	at io.apicurio.tests.ApicurioRegistryBaseIT$RegistryApiErrorWatcher.logProblemDetails(ApicurioRegistryBaseIT.java:154)
	at io.apicurio.tests.ApicurioRegistryBaseIT$RegistryApiErrorWatcher.logProblemDetails(ApicurioRegistryBaseIT.java:154)
	at io.apicurio.tests.ApicurioRegistryBaseIT$RegistryApiErrorWatcher.logProblemDetails(ApicurioRegistryBaseIT.java:154)
	at io.apicurio.tests.ApicurioRegistryBaseIT$RegistryApiErrorWatcher.logProblemDetails(ApicurioRegistryBaseIT.java:154)
	at io.apicurio.tests.ApicurioRegistryBaseIT$RegistryApiErrorWatcher.logProblemDetails(ApicurioRegistryBaseIT.java:154)
	at io.apicurio.tests.ApicurioRegistryBaseIT$RegistryApiErrorWatcher.logProblemDetails(ApicurioRegistryBaseIT.java:154)
	at io.apicurio.tests.ApicurioRegistryBaseIT$RegistryApiErrorWatcher.logProblemDetails(ApicurioRegistryBaseIT.java:154)
	at io.apicurio.tests.ApicurioRegistryBaseIT$RegistryApiErrorWatcher.logProblemDetails(ApicurioRegistryBaseIT.java:154)
	at io.apicurio.tests.ApicurioRegistryBaseIT$RegistryApiErrorWatcher.logProblemDetails(ApicurioRegistryBaseIT.java:154)
	at io.apicurio.tests.ApicurioRegistryBaseIT$RegistryApiErrorWatcher.logProblemDetails(ApicurioRegistryBaseIT.java:154)
	at io.apicurio.tests.ApicurioRegistryBaseIT$RegistryApiErrorWatcher.logProblemDetails(ApicurioRegistryBaseIT.java:154)
	at io.apicurio.tests.ApicurioRegistryBaseIT$RegistryApiErrorWatcher.logProblemDetails(ApicurioRegistryBaseIT.java:154)
	at io.apicurio.tests.ApicurioRegistryBaseIT$RegistryApiErrorWatcher.logProblemDetails(ApicurioRegistryBaseIT.java:154)
	at io.apicurio.tests.ApicurioRegistryBaseIT$RegistryApiErrorWatcher.logProblemDetails(ApicurioRegistryBaseIT.java:154)
	at io.apicurio.tests.ApicurioRegistryBaseIT$RegistryApiErrorWatcher.logProblemDetails(ApicurioRegistryBaseIT.java:154)
	at io.apicurio.tests.ApicurioRegistryBaseIT$RegistryApiErrorWatcher.logProblemDetails(ApicurioRegistryBaseIT.java:154)
	at io.apicurio.tests.ApicurioRegistryBaseIT$RegistryApiErrorWatcher.logProblemDetails(ApicurioRegistryBaseIT.java:154)
	at io.apicurio.tests.ApicurioRegistryBaseIT$RegistryApiErrorWatcher.logProblemDetails(ApicurioRegistryBaseIT.java:154)
	at io.apicurio.tests.ApicurioRegistryBaseIT$RegistryApiErrorWatcher.logProblemDetails(ApicurioRegistryBaseIT.java:154)
	at io.apicurio.tests.ApicurioRegistryBaseIT$RegistryApiErrorWatcher.logProblemDetails(ApicurioRegistryBaseIT.java:154)
	at io.apicurio.tests.ApicurioRegistryBaseIT$RegistryApiErrorWatcher.logProblemDetails(ApicurioRegistryBaseIT.java:154)
	at io.apicurio.tests.ApicurioRegistryBaseIT$RegistryApiErrorWatcher.logProblemDetails(ApicurioRegistryBaseIT.java:154)
	at io.apicurio.tests.ApicurioRegistryBaseIT$RegistryApiErrorWatcher.logProblemDetails(ApicurioRegistryBaseIT.java:154)
	at io.apicurio.tests.ApicurioRegistryBaseIT$RegistryApiErrorWatcher.logProblemDetails(ApicurioRegistryBaseIT.java:154)
	at io.apicurio.tests.ApicurioRegistryBaseIT$RegistryApiErrorWatcher.logProblemDetails(ApicurioRegistryBaseIT.java:154)
	at io.apicurio.tests.ApicurioRegistryBaseIT$RegistryApiErrorWatcher.logProblemDetails(ApicurioRegistryBaseIT.java:154)
	at io.apicurio.tests.ApicurioRegistryBaseIT$RegistryApiErrorWatcher.logProblemDetails(ApicurioRegistryBaseIT.java:154)
	at io.apicurio.tests.ApicurioRegistryBaseIT$RegistryApiErrorWatcher.logProblemDetails(ApicurioRegistryBaseIT.java:154)
	at io.apicurio.tests.ApicurioRegistryBaseIT$RegistryApiErrorWatcher.logProblemDetails(ApicurioRegistryBaseIT.java:154)
	at io.apicurio.tests.ApicurioRegistryBaseIT$RegistryApiErrorWatcher.logProblemDetails(ApicurioRegistryBaseIT.java:154)
	at io.apicurio.tests.ApicurioRegistryBaseIT$RegistryApiErrorWatcher.logProblemDetails(ApicurioRegistryBaseIT.java:154)
	at io.apicurio.tests.ApicurioRegistryBaseIT$RegistryApiErrorWatcher.logProblemDetails(ApicurioRegistryBaseIT.java:154)
	at io.apicurio.tests.ApicurioRegistryBaseIT$RegistryApiErrorWatcher.logProblemDetails(ApicurioRegistryBaseIT.java:154)
	at io.apicurio.tests.ApicurioRegistryBaseIT$RegistryApiErrorWatcher.logProblemDetails(ApicurioRegistryBaseIT.java:154)
	at io.apicurio.tests.ApicurioRegistryBaseIT$RegistryApiErrorWatcher.logProblemDetails(ApicurioRegistryBaseIT.java:154)
	at io.apicurio.tests.ApicurioRegistryBaseIT$RegistryApiErrorWatcher.logProblemDetails(ApicurioRegistryBaseIT.java:154)
	at io.apicurio.tests.ApicurioRegistryBaseIT$RegistryApiErrorWatcher.logProblemDetails(ApicurioRegistryBaseIT.java:154)
	at io.apicurio.tests.ApicurioRegistryBaseIT$RegistryApiErrorWatcher.logProblemDetails(ApicurioRegistryBaseIT.java:154)
	at io.apicurio.tests.ApicurioRegistryBaseIT$RegistryApiErrorWatcher.logProblemDetails(ApicurioRegistryBaseIT.java:154)
	at io.apicurio.tests.ApicurioRegistryBaseIT$RegistryApiErrorWatcher.logProblemDetails(ApicurioRegistryBaseIT.java:154)
	at io.apicurio.tests.ApicurioRegistryBaseIT$RegistryApiErrorWatcher.logProblemDetails(ApicurioRegistryBaseIT.java:154)
	at io.apicurio.tests.ApicurioRegistryBaseIT$RegistryApiErrorWatcher.logProblemDetails(ApicurioRegistryBaseIT.java:154)
	at io.apicurio.tests.ApicurioRegistryBaseIT$RegistryApiErrorWatcher.logProblemDetails(ApicurioRegistryBaseIT.java:154)
	at io.apicurio.tests.ApicurioRegistryBaseIT$RegistryApiErrorWatcher.logProblemDetails(ApicurioRegistryBaseIT.java:154)
	at io.apicurio.tests.ApicurioRegistryBaseIT$RegistryApiErrorWatcher.logProblemDetails(ApicurioRegistryBaseIT.java:154)
	at io.apicurio.tests.ApicurioRegistryBaseIT$RegistryApiErrorWatcher.logProblemDetails(ApicurioRegistryBaseIT.java:154)
	at io.apicurio.tests.ApicurioRegistryBaseIT$RegistryApiErrorWatcher.logProblemDetails(ApicurioRegistryBaseIT.java:154)
	at io.apicurio.tests.ApicurioRegistryBaseIT$RegistryApiErrorWatcher.logProblemDetails(ApicurioRegistryBaseIT.java:154)
	at io.apicurio.tests.ApicurioRegistryBaseIT$RegistryApiErrorWatcher.logProblemDetails(ApicurioRegistryBaseIT.java:154)
	at io.apicurio.tests.ApicurioRegistryBaseIT$RegistryApiErrorWatcher.logProblemDetails(ApicurioRegistryBaseIT.java:154)
	at io.apicurio.tests.ApicurioRegistryBaseIT$RegistryApiErrorWatcher.logProblemDetails(ApicurioRegistryBaseIT.java:154)
	at io.apicurio.tests.ApicurioRegistryBaseIT$RegistryApiErrorWatcher.logProblemDetails(ApicurioRegistryBaseIT.java:154)
	at io.apicurio.tests.ApicurioRegistryBaseIT$RegistryApiErrorWatcher.logProblemDetails(ApicurioRegistryBaseIT.java:154)
	at io.apicurio.tests.ApicurioRegistryBaseIT$RegistryApiErrorWatcher.logProblemDetails(ApicurioRegistryBaseIT.java:154)
	at io.apicurio.tests.ApicurioRegistryBaseIT$RegistryApiErrorWatcher.logProblemDetails(ApicurioRegistryBaseIT.java:154)
	at io.apicurio.tests.ApicurioRegistryBaseIT$RegistryApiErrorWatcher.logProblemDetails(ApicurioRegistryBaseIT.java:154)
	at io.apicurio.tests.ApicurioRegistryBaseIT$RegistryApiErrorWatcher.logProblemDetails(ApicurioRegistryBaseIT.java:154)
	at io.apicurio.tests.ApicurioRegistryBaseIT$RegistryApiErrorWatcher.logProblemDetails(ApicurioRegistryBaseIT.java:154)
	at io.apicurio.tests.ApicurioRegistryBaseIT$RegistryApiErrorWatcher.logProblemDetails(ApicurioRegistryBaseIT.java:154)
	at io.apicurio.tests.ApicurioRegistryBaseIT$RegistryApiErrorWatcher.logProblemDetails(ApicurioRegistryBaseIT.java:154)
	at io.apicurio.tests.ApicurioRegistryBaseIT$RegistryApiErrorWatcher.logProblemDetails(ApicurioRegistryBaseIT.java:154)
	at io.apicurio.tests.ApicurioRegistryBaseIT$RegistryApiErrorWatcher.logProblemDetails(ApicurioRegistryBaseIT.java:154)
	at io.apicurio.tests.ApicurioRegistryBaseIT$RegistryApiErrorWatcher.logProblemDetails(ApicurioRegistryBaseIT.java:154)
	at io.apicurio.tests.ApicurioRegistryBaseIT$RegistryApiErrorWatcher.logProblemDetails(ApicurioRegistryBaseIT.java:154)
	at io.apicurio.tests.ApicurioRegistryBaseIT$RegistryApiErrorWatcher.logProblemDetails(ApicurioRegistryBaseIT.java:154)
	at io.apicurio.tests.ApicurioRegistryBaseIT$RegistryApiErrorWatcher.logProblemDetails(ApicurioRegistryBaseIT.java:154)
	at io.apicurio.tests.ApicurioRegistryBaseIT$RegistryApiErrorWatcher.logProblemDetails(ApicurioRegistryBaseIT.java:154)
	at io.apicurio.tests.ApicurioRegistryBaseIT$RegistryApiErrorWatcher.logProblemDetails(ApicurioRegistryBaseIT.java:154)
	at io.apicurio.tests.ApicurioRegistryBaseIT$RegistryApiErrorWatcher.logProblemDetails(ApicurioRegistryBaseIT.java:154)
	at io.apicurio.tests.ApicurioRegistryBaseIT$RegistryApiErrorWatcher.logProblemDetails(ApicurioRegistryBaseIT.java:154)
	at io.apicurio.tests.ApicurioRegistryBaseIT$RegistryApiErrorWatcher.logProblemDetails(ApicurioRegistryBaseIT.java:154)
	at io.apicurio.tests.ApicurioRegistryBaseIT$RegistryApiErrorWatcher.logProblemDetails(ApicurioRegistryBaseIT.java:154)
	at io.apicurio.tests.ApicurioRegistryBaseIT$RegistryApiErrorWatcher.logProblemDetails(ApicurioRegistryBaseIT.java:154)
	at io.apicurio.tests.ApicurioRegistryBaseIT$RegistryApiErrorWatcher.logProblemDetails(ApicurioRegistryBaseIT.java:154)
	at io.apicurio.tests.ApicurioRegistryBaseIT$RegistryApiErrorWatcher.logProblemDetails(ApicurioRegistryBaseIT.java:154)
	at io.apicurio.tests.ApicurioRegistryBaseIT$RegistryApiErrorWatcher.logProblemDetails(ApicurioRegistryBaseIT.java:154)
	at io.apicurio.tests.ApicurioRegistryBaseIT$RegistryApiErrorWatcher.logProblemDetails(ApicurioRegistryBaseIT.java:154)
	at io.apicurio.tests.ApicurioRegistryBaseIT$RegistryApiErrorWatcher.logProblemDetails(ApicurioRegistryBaseIT.java:154)
	at io.apicurio.tests.ApicurioRegistryBaseIT$RegistryApiErrorWatcher.logProblemDetails(ApicurioRegistryBaseIT.java:154)
	at io.apicurio.tests.ApicurioRegistryBaseIT$RegistryApiErrorWatcher.logProblemDetails(ApicurioRegistryBaseIT.java:154)
	at io.apicurio.tests.ApicurioRegistryBaseIT$RegistryApiErrorWatcher.logProblemDetails(ApicurioRegistryBaseIT.java:154)
	at io.apicurio.tests.ApicurioRegistryBaseIT$RegistryApiErrorWatcher.logProblemDetails(ApicurioRegistryBaseIT.java:154)
	at io.apicurio.tests.ApicurioRegistryBaseIT$RegistryApiErrorWatcher.logProblemDetails(ApicurioRegistryBaseIT.java:154)
	at io.apicurio.tests.ApicurioRegistryBaseIT$RegistryApiErrorWatcher.logProblemDetails(ApicurioRegistryBaseIT.java:154)
	at io.apicurio.tests.ApicurioRegistryBaseIT$RegistryApiErrorWatcher.logProblemDetails(ApicurioRegistryBaseIT.java:154)
	at io.apicurio.tests.ApicurioRegistryBaseIT$RegistryApiErrorWatcher.logProblemDetails(ApicurioRegistryBaseIT.java:154)
	at io.apicurio.tests.ApicurioRegistryBaseIT$RegistryApiErrorWatcher.logProblemDetails(ApicurioRegistryBaseIT.java:154)
	at io.apicurio.tests.ApicurioRegistryBaseIT$RegistryApiErrorWatcher.logProblemDetails(ApicurioRegistryBaseIT.java:154)
	at io.apicurio.tests.ApicurioRegistryBaseIT$RegistryApiErrorWatcher.logProblemDetails(ApicurioRegistryBaseIT.java:154)
	at io.apicurio.tests.ApicurioRegistryBaseIT$RegistryApiErrorWatcher.logProblemDetails(ApicurioRegistryBaseIT.java:154)
	at io.apicurio.tests.ApicurioRegistryBaseIT$RegistryApiErrorWatcher.logProblemDetails(ApicurioRegistryBaseIT.java:154)
	at io.apicurio.tests.ApicurioRegistryBaseIT$RegistryApiErrorWatcher.logProblemDetails(ApicurioRegistryBaseIT.java:154)
	at io.apicurio.tests.ApicurioRegistryBaseIT$RegistryApiErrorWatcher.logProblemDetails(ApicurioRegistryBaseIT.java:154)
	at io.apicurio.tests.ApicurioRegistryBaseIT$RegistryApiErrorWatcher.logProblemDetails(ApicurioRegistryBaseIT.java:154)
	at io.apicurio.tests.ApicurioRegistryBaseIT$RegistryApiErrorWatcher.logProblemDetails(ApicurioRegistryBaseIT.java:154)
	at io.apicurio.tests.ApicurioRegistryBaseIT$RegistryApiErrorWatcher.logProblemDetails(ApicurioRegistryBaseIT.java:154)
	at io.apicurio.tests.ApicurioRegistryBaseIT$RegistryApiErrorWatcher.logProblemDetails(ApicurioRegistryBaseIT.java:154)
	at io.apicurio.tests.ApicurioRegistryBaseIT$RegistryApiErrorWatcher.logProblemDetails(ApicurioRegistryBaseIT.java:154)
	at io.apicurio.tests.ApicurioRegistryBaseIT$RegistryApiErrorWatcher.logProblemDetails(ApicurioRegistryBaseIT.java:154)
	at io.apicurio.tests.ApicurioRegistryBaseIT$RegistryApiErrorWatcher.logProblemDetails(ApicurioRegistryBaseIT.java:154)
	at io.apicurio.tests.ApicurioRegistryBaseIT$RegistryApiErrorWatcher.logProblemDetails(ApicurioRegistryBaseIT.java:154)
	at io.apicurio.tests.ApicurioRegistryBaseIT$RegistryApiErrorWatcher.logProblemDetails(ApicurioRegistryBaseIT.java:154)
	at io.apicurio.tests.ApicurioRegistryBaseIT$RegistryApiErrorWatcher.logProblemDetails(ApicurioRegistryBaseIT.java:154)
	at io.apicurio.tests.ApicurioRegistryBaseIT$RegistryApiErrorWatcher.logProblemDetails(ApicurioRegistryBaseIT.java:154)
	at io.apicurio.tests.ApicurioRegistryBaseIT$RegistryApiErrorWatcher.logProblemDetails(ApicurioRegistryBaseIT.java:154)
	at io.apicurio.tests.ApicurioRegistryBaseIT$RegistryApiErrorWatcher.logProblemDetails(ApicurioRegistryBaseIT.java:154)
	at io.apicurio.tests.ApicurioRegistryBaseIT$RegistryApiErrorWatcher.logProblemDetails(ApicurioRegistryBaseIT.java:154)
	at io.apicurio.tests.ApicurioRegistryBaseIT$RegistryApiErrorWatcher.logProblemDetails(ApicurioRegistryBaseIT.java:154)
	at io.apicurio.tests.ApicurioRegistryBaseIT$RegistryApiErrorWatcher.logProblemDetails(ApicurioRegistryBaseIT.java:154)
	at io.apicurio.tests.ApicurioRegistryBaseIT$RegistryApiErrorWatcher.logProblemDetails(ApicurioRegistryBaseIT.java:154)
	at io.apicurio.tests.ApicurioRegistryBaseIT$RegistryApiErrorWatcher.logProblemDetails(ApicurioRegistryBaseIT.java:154)
	at io.apicurio.tests.ApicurioRegistryBaseIT$RegistryApiErrorWatcher.logProblemDetails(ApicurioRegistryBaseIT.java:154)
	at io.apicurio.tests.ApicurioRegistryBaseIT$RegistryApiErrorWatcher.logProblemDetails(ApicurioRegistryBaseIT.java:154)
	at io.apicurio.tests.ApicurioRegistryBaseIT$RegistryApiErrorWatcher.logProblemDetails(ApicurioRegistryBaseIT.java:154)
	at io.apicurio.tests.ApicurioRegistryBaseIT$RegistryApiErrorWatcher.logProblemDetails(ApicurioRegistryBaseIT.java:154)
	at io.apicurio.tests.ApicurioRegistryBaseIT$RegistryApiErrorWatcher.logProblemDetails(ApicurioRegistryBaseIT.java:154)
	at io.apicurio.tests.ApicurioRegistryBaseIT$RegistryApiErrorWatcher.logProblemDetails(ApicurioRegistryBaseIT.java:154)
	at io.apicurio.tests.ApicurioRegistryBaseIT$RegistryApiErrorWatcher.logProblemDetails(ApicurioRegistryBaseIT.java:154)
	at io.apicurio.tests.ApicurioRegistryBaseIT$RegistryApiErrorWatcher.logProblemDetails(ApicurioRegistryBaseIT.java:154)
	at io.apicurio.tests.ApicurioRegistryBaseIT$RegistryApiErrorWatcher.logProblemDetails(ApicurioRegistryBaseIT.java:154)
	at io.apicurio.tests.ApicurioRegistryBaseIT$RegistryApiErrorWatcher.logProblemDetails(ApicurioRegistryBaseIT.java:154)
	at io.apicurio.tests.ApicurioRegistryBaseIT$RegistryApiErrorWatcher.logProblemDetails(ApicurioRegistryBaseIT.java:154)
	at io.apicurio.tests.ApicurioRegistryBaseIT$RegistryApiErrorWatcher.logProblemDetails(ApicurioRegistryBaseIT.java:154)
	at io.apicurio.tests.ApicurioRegistryBaseIT$RegistryApiErrorWatcher.logProblemDetails(ApicurioRegistryBaseIT.java:154)
	at io.apicurio.tests.ApicurioRegistryBaseIT$RegistryApiErrorWatcher.logProblemDetails(ApicurioRegistryBaseIT.java:154)
	at io.apicurio.tests.ApicurioRegistryBaseIT$RegistryApiErrorWatcher.logProblemDetails(ApicurioRegistryBaseIT.java:154)
	at io.apicurio.tests.ApicurioRegistryBaseIT$RegistryApiErrorWatcher.logProblemDetails(ApicurioRegistryBaseIT.java:154)
	at io.apicurio.tests.ApicurioRegistryBaseIT$RegistryApiErrorWatcher.logProblemDetails(ApicurioRegistryBaseIT.java:154)
	at io.apicurio.tests.ApicurioRegistryBaseIT$RegistryApiErrorWatcher.logProblemDetails(ApicurioRegistryBaseIT.java:154)
	at io.apicurio.tests.ApicurioRegistryBaseIT$RegistryApiErrorWatcher.logProblemDetails(ApicurioRegistryBaseIT.java:154)
	at io.apicurio.tests.ApicurioRegistryBaseIT$RegistryApiErrorWatcher.logProblemDetails(ApicurioRegistryBaseIT.java:154)
	at io.apicurio.tests.ApicurioRegistryBaseIT$RegistryApiErrorWatcher.logProblemDetails(ApicurioRegistryBaseIT.java:154)
	at io.apicurio.tests.ApicurioRegistryBaseIT$RegistryApiErrorWatcher.logProblemDetails(ApicurioRegistryBaseIT.java:154)
	at io.apicurio.tests.ApicurioRegistryBaseIT$RegistryApiErrorWatcher.logProblemDetails(ApicurioRegistryBaseIT.java:154)
	at io.apicurio.tests.ApicurioRegistryBaseIT$RegistryApiErrorWatcher.logProblemDetails(ApicurioRegistryBaseIT.java:154)
	at io.apicurio.tests.ApicurioRegistryBaseIT$RegistryApiErrorWatcher.logProblemDetails(ApicurioRegistryBaseIT.java:154)
	at io.apicurio.tests.ApicurioRegistryBaseIT$RegistryApiErrorWatcher.logProblemDetails(ApicurioRegistryBaseIT.java:154)
	at io.apicurio.tests.ApicurioRegistryBaseIT$RegistryApiErrorWatcher.logProblemDetails(ApicurioRegistryBaseIT.java:154)
	at io.apicurio.tests.ApicurioRegistryBaseIT$RegistryApiErrorWatcher.logProblemDetails(ApicurioRegistryBaseIT.java:154)
	at io.apicurio.tests.ApicurioRegistryBaseIT$RegistryApiErrorWatcher.logProblemDetails(ApicurioRegistryBaseIT.java:154)
	at io.apicurio.tests.ApicurioRegistryBaseIT$RegistryApiErrorWatcher.logProblemDetails(ApicurioRegistryBaseIT.java:154)
	at io.apicurio.tests.ApicurioRegistryBaseIT$RegistryApiErrorWatcher.logProblemDetails(ApicurioRegistryBaseIT.java:154)
	at io.apicurio.tests.ApicurioRegistryBaseIT$RegistryApiErrorWatcher.logProblemDetails(ApicurioRegistryBaseIT.java:154)
	at io.apicurio.tests.ApicurioRegistryBaseIT$RegistryApiErrorWatcher.logProblemDetails(ApicurioRegistryBaseIT.java:154)
	at io.apicurio.tests.ApicurioRegistryBaseIT$RegistryApiErrorWatcher.logProblemDetails(ApicurioRegistryBaseIT.java:154)
	at io.apicurio.tests.ApicurioRegistryBaseIT$RegistryApiErrorWatcher.logProblemDetails(ApicurioRegistryBaseIT.java:154)
	at io.apicurio.tests.ApicurioRegistryBaseIT$RegistryApiErrorWatcher.logProblemDetails(ApicurioRegistryBaseIT.java:154)
	at io.apicurio.tests.ApicurioRegistryBaseIT$RegistryApiErrorWatcher.logProblemDetails(ApicurioRegistryBaseIT.java:154)
	at io.apicurio.tests.ApicurioRegistryBaseIT$RegistryApiErrorWatcher.logProblemDetails(ApicurioRegistryBaseIT.java:154)
	at io.apicurio.tests.ApicurioRegistryBaseIT$RegistryApiErrorWatcher.logProblemDetails(ApicurioRegistryBaseIT.java:154)
	at io.apicurio.tests.ApicurioRegistryBaseIT$RegistryApiErrorWatcher.logProblemDetails(ApicurioRegistryBaseIT.java:154)
	at io.apicurio.tests.ApicurioRegistryBaseIT$RegistryApiErrorWatcher.logProblemDetails(ApicurioRegistryBaseIT.java:154)
	at io.apicurio.tests.ApicurioRegistryBaseIT$RegistryApiErrorWatcher.logProblemDetails(ApicurioRegistryBaseIT.java:154)
	at io.apicurio.tests.ApicurioRegistryBaseIT$RegistryApiErrorWatcher.logProblemDetails(ApicurioRegistryBaseIT.java:154)
	at io.apicurio.tests.ApicurioRegistryBaseIT$RegistryApiErrorWatcher.logProblemDetails(ApicurioRegistryBaseIT.java:154)
	at io.apicurio.tests.ApicurioRegistryBaseIT$RegistryApiErrorWatcher.logProblemDetails(ApicurioRegistryBaseIT.java:154)
	at io.apicurio.tests.ApicurioRegistryBaseIT$RegistryApiErrorWatcher.logProblemDetails(ApicurioRegistryBaseIT.java:154)
	at io.apicurio.tests.ApicurioRegistryBaseIT$RegistryApiErrorWatcher.logProblemDetails(ApicurioRegistryBaseIT.java:154)
	at io.apicurio.tests.ApicurioRegistryBaseIT$RegistryApiErrorWatcher.logProblemDetails(ApicurioRegistryBaseIT.java:154)
	at io.apicurio.tests.ApicurioRegistryBaseIT$RegistryApiErrorWatcher.logProblemDetails(ApicurioRegistryBaseIT.java:154)
	at io.apicurio.tests.ApicurioRegistryBaseIT$RegistryApiErrorWatcher.logProblemDetails(ApicurioRegistryBaseIT.java:154)
	at io.apicurio.tests.ApicurioRegistryBaseIT$RegistryApiErrorWatcher.logProblemDetails(ApicurioRegistryBaseIT.java:154)
	at io.apicurio.tests.ApicurioRegistryBaseIT$RegistryApiErrorWatcher.logProblemDetails(ApicurioRegistryBaseIT.java:154)
	at io.apicurio.tests.ApicurioRegistryBaseIT$RegistryApiErrorWatcher.logProblemDetails(ApicurioRegistryBaseIT.java:154)
	at io.apicurio.tests.ApicurioRegistryBaseIT$RegistryApiErrorWatcher.logProblemDetails(ApicurioRegistryBaseIT.java:154)
	at io.apicurio.tests.ApicurioRegistryBaseIT$RegistryApiErrorWatcher.logProblemDetails(ApicurioRegistryBaseIT.java:154)
	at io.apicurio.tests.ApicurioRegistryBaseIT$RegistryApiErrorWatcher.logProblemDetails(ApicurioRegistryBaseIT.java:154)
	at io.apicurio.tests.ApicurioRegistryBaseIT$RegistryApiErrorWatcher.logProblemDetails(ApicurioRegistryBaseIT.java:154)
	at io.apicurio.tests.ApicurioRegistryBaseIT$RegistryApiErrorWatcher.logProblemDetails(ApicurioRegistryBaseIT.java:154)
	at io.apicurio.tests.ApicurioRegistryBaseIT$RegistryApiErrorWatcher.logProblemDetails(ApicurioRegistryBaseIT.java:154)
	at io.apicurio.tests.ApicurioRegistryBaseIT$RegistryApiErrorWatcher.logProblemDetails(ApicurioRegistryBaseIT.java:154)
	at io.apicurio.tests.ApicurioRegistryBaseIT$RegistryApiErrorWatcher.logProblemDetails(ApicurioRegistryBaseIT.java:154)
	at io.apicurio.tests.ApicurioRegistryBaseIT$RegistryApiErrorWatcher.logProblemDetails(ApicurioRegistryBaseIT.java:154)
	at io.apicurio.tests.ApicurioRegistryBaseIT$RegistryApiErrorWatcher.logProblemDetails(ApicurioRegistryBaseIT.java:154)
	at io.apicurio.tests.ApicurioRegistryBaseIT$RegistryApiErrorWatcher.logProblemDetails(ApicurioRegistryBaseIT.java:154)
	at io.apicurio.tests.ApicurioRegistryBaseIT$RegistryApiErrorWatcher.logProblemDetails(ApicurioRegistryBaseIT.java:154)
	at io.apicurio.tests.ApicurioRegistryBaseIT$RegistryApiErrorWatcher.logProblemDetails(ApicurioRegistryBaseIT.java:154)
	at io.apicurio.tests.ApicurioRegistryBaseIT$RegistryApiErrorWatcher.logProblemDetails(ApicurioRegistryBaseIT.java:154)
	at io.apicurio.tests.ApicurioRegistryBaseIT$RegistryApiErrorWatcher.logProblemDetails(ApicurioRegistryBaseIT.java:154)
	at io.apicurio.tests.ApicurioRegistryBaseIT$RegistryApiErrorWatcher.logProblemDetails(ApicurioRegistryBaseIT.java:154)
	at io.apicurio.tests.ApicurioRegistryBaseIT$RegistryApiErrorWatcher.logProblemDetails(ApicurioRegistryBaseIT.java:154)
	at io.apicurio.tests.ApicurioRegistryBaseIT$RegistryApiErrorWatcher.logProblemDetails(ApicurioRegistryBaseIT.java:154)
	at io.apicurio.tests.ApicurioRegistryBaseIT$RegistryApiErrorWatcher.logProblemDetails(ApicurioRegistryBaseIT.java:154)
	at io.apicurio.tests.ApicurioRegistryBaseIT$RegistryApiErrorWatcher.logProblemDetails(ApicurioRegistryBaseIT.java:154)
	at io.apicurio.tests.ApicurioRegistryBaseIT$RegistryApiErrorWatcher.logProblemDetails(ApicurioRegistryBaseIT.java:154)
	at io.apicurio.tests.ApicurioRegistryBaseIT$RegistryApiErrorWatcher.logProblemDetails(ApicurioRegistryBaseIT.java:154)
	at io.apicurio.tests.ApicurioRegistryBaseIT$RegistryApiErrorWatcher.logProblemDetails(ApicurioRegistryBaseIT.java:154)
	at io.apicurio.tests.ApicurioRegistryBaseIT$RegistryApiErrorWatcher.logProblemDetails(ApicurioRegistryBaseIT.java:154)
	at io.apicurio.tests.ApicurioRegistryBaseIT$RegistryApiErrorWatcher.logProblemDetails(ApicurioRegistryBaseIT.java:154)
	at io.apicurio.tests.ApicurioRegistryBaseIT$RegistryApiErrorWatcher.logProblemDetails(ApicurioRegistryBaseIT.java:154)
	at io.apicurio.tests.ApicurioRegistryBaseIT$RegistryApiErrorWatcher.logProblemDetails(ApicurioRegistryBaseIT.java:154)
	at io.apicurio.tests.ApicurioRegistryBaseIT$RegistryApiErrorWatcher.logProblemDetails(ApicurioRegistryBaseIT.java:154)
	at io.apicurio.tests.ApicurioRegistryBaseIT$RegistryApiErrorWatcher.logProblemDetails(ApicurioRegistryBaseIT.java:154)
	at io.apicurio.tests.ApicurioRegistryBaseIT$RegistryApiErrorWatcher.logProblemDetails(ApicurioRegistryBaseIT.java:154)
	at io.apicurio.tests.ApicurioRegistryBaseIT$RegistryApiErrorWatcher.logProblemDetails(ApicurioRegistryBaseIT.java:154)
	at io.apicurio.tests.ApicurioRegistryBaseIT$RegistryApiErrorWatcher.logProblemDetails(ApicurioRegistryBaseIT.java:154)
	at io.apicurio.tests.ApicurioRegistryBaseIT$RegistryApiErrorWatcher.logProblemDetails(ApicurioRegistryBaseIT.java:154)
	at io.apicurio.tests.ApicurioRegistryBaseIT$RegistryApiErrorWatcher.logProblemDetails(ApicurioRegistryBaseIT.java:154)
	at io.apicurio.tests.ApicurioRegistryBaseIT$RegistryApiErrorWatcher.logProblemDetails(ApicurioRegistryBaseIT.java:154)
	at io.apicurio.tests.ApicurioRegistryBaseIT$RegistryApiErrorWatcher.logProblemDetails(ApicurioRegistryBaseIT.java:154)
	at io.apicurio.tests.ApicurioRegistryBaseIT$RegistryApiErrorWatcher.logProblemDetails(ApicurioRegistryBaseIT.java:154)
	at io.apicurio.tests.ApicurioRegistryBaseIT$RegistryApiErrorWatcher.logProblemDetails(ApicurioRegistryBaseIT.java:154)
	at io.apicurio.tests.ApicurioRegistryBaseIT$RegistryApiErrorWatcher.logProblemDetails(ApicurioRegistryBaseIT.java:154)
	at io.apicurio.tests.ApicurioRegistryBaseIT$RegistryApiErrorWatcher.logProblemDetails(ApicurioRegistryBaseIT.java:154)
	at io.apicurio.tests.ApicurioRegistryBaseIT$RegistryApiErrorWatcher.logProblemDetails(ApicurioRegistryBaseIT.java:154)
	at io.apicurio.tests.ApicurioRegistryBaseIT$RegistryApiErrorWatcher.logProblemDetails(ApicurioRegistryBaseIT.java:154)
	at io.apicurio.tests.ApicurioRegistryBaseIT$RegistryApiErrorWatcher.logProblemDetails(ApicurioRegistryBaseIT.java:154)
	at io.apicurio.tests.ApicurioRegistryBaseIT$RegistryApiErrorWatcher.logProblemDetails(ApicurioRegistryBaseIT.java:154)
	at io.apicurio.tests.ApicurioRegistryBaseIT$RegistryApiErrorWatcher.logProblemDetails(ApicurioRegistryBaseIT.java:154)
	at io.apicurio.tests.ApicurioRegistryBaseIT$RegistryApiErrorWatcher.logProblemDetails(ApicurioRegistryBaseIT.java:154)
	at io.apicurio.tests.ApicurioRegistryBaseIT$RegistryApiErrorWatcher.logProblemDetails(ApicurioRegistryBaseIT.java:154)
	at io.apicurio.tests.ApicurioRegistryBaseIT$RegistryApiErrorWatcher.logProblemDetails(ApicurioRegistryBaseIT.java:154)
	at io.apicurio.tests.ApicurioRegistryBaseIT$RegistryApiErrorWatcher.logProblemDetails(ApicurioRegistryBaseIT.java:154)
	at io.apicurio.tests.ApicurioRegistryBaseIT$RegistryApiErrorWatcher.logProblemDetails(ApicurioRegistryBaseIT.java:154)
	at io.apicurio.tests.ApicurioRegistryBaseIT$RegistryApiErrorWatcher.logProblemDetails(ApicurioRegistryBaseIT.java:154)
	at io.apicurio.tests.ApicurioRegistryBaseIT$RegistryApiErrorWatcher.logProblemDetails(ApicurioRegistryBaseIT.java:154)
	at io.apicurio.tests.ApicurioRegistryBaseIT$RegistryApiErrorWatcher.logProblemDetails(ApicurioRegistryBaseIT.java:154)
	at io.apicurio.tests.ApicurioRegistryBaseIT$RegistryApiErrorWatcher.logProblemDetails(ApicurioRegistryBaseIT.java:154)
	at io.apicurio.tests.ApicurioRegistryBaseIT$RegistryApiErrorWatcher.logProblemDetails(ApicurioRegistryBaseIT.java:154)
	at io.apicurio.tests.ApicurioRegistryBaseIT$RegistryApiErrorWatcher.logProblemDetails(ApicurioRegistryBaseIT.java:154)
	at io.apicurio.tests.ApicurioRegistryBaseIT$RegistryApiErrorWatcher.logProblemDetails(ApicurioRegistryBaseIT.java:154)
	at io.apicurio.tests.ApicurioRegistryBaseIT$RegistryApiErrorWatcher.logProblemDetails(ApicurioRegistryBaseIT.java:154)
	at io.apicurio.tests.ApicurioRegistryBaseIT$RegistryApiErrorWatcher.logProblemDetails(ApicurioRegistryBaseIT.java:154)
	at io.apicurio.tests.ApicurioRegistryBaseIT$RegistryApiErrorWatcher.logProblemDetails(ApicurioRegistryBaseIT.java:154)
	at io.apicurio.tests.ApicurioRegistryBaseIT$RegistryApiErrorWatcher.logProblemDetails(ApicurioRegistryBaseIT.java:154)
	at io.apicurio.tests.ApicurioRegistryBaseIT$RegistryApiErrorWatcher.logProblemDetails(ApicurioRegistryBaseIT.java:154)
	at io.apicurio.tests.ApicurioRegistryBaseIT$RegistryApiErrorWatcher.logProblemDetails(ApicurioRegistryBaseIT.java:154)
	at io.apicurio.tests.ApicurioRegistryBaseIT$RegistryApiErrorWatcher.logProblemDetails(ApicurioRegistryBaseIT.java:154)
	at io.apicurio.tests.ApicurioRegistryBaseIT$RegistryApiErrorWatcher.logProblemDetails(ApicurioRegistryBaseIT.java:154)
	at io.apicurio.tests.ApicurioRegistryBaseIT$RegistryApiErrorWatcher.logProblemDetails(ApicurioRegistryBaseIT.java:154)
	at io.apicurio.tests.ApicurioRegistryBaseIT$RegistryApiErrorWatcher.logProblemDetails(ApicurioRegistryBaseIT.java:154)
	at io.apicurio.tests.ApicurioRegistryBaseIT$RegistryApiErrorWatcher.logProblemDetails(ApicurioRegistryBaseIT.java:154)
	at io.apicurio.tests.ApicurioRegistryBaseIT$RegistryApiErrorWatcher.logProblemDetails(ApicurioRegistryBaseIT.java:154)
	at io.apicurio.tests.ApicurioRegistryBaseIT$RegistryApiErrorWatcher.logProblemDetails(ApicurioRegistryBaseIT.java:154)
	at io.apicurio.tests.ApicurioRegistryBaseIT$RegistryApiErrorWatcher.logProblemDetails(ApicurioRegistryBaseIT.java:154)
	at io.apicurio.tests.ApicurioRegistryBaseIT$RegistryApiErrorWatcher.logProblemDetails(ApicurioRegistryBaseIT.java:154)
	at io.apicurio.tests.ApicurioRegistryBaseIT$RegistryApiErrorWatcher.logProblemDetails(ApicurioRegistryBaseIT.java:154)
	at io.apicurio.tests.ApicurioRegistryBaseIT$RegistryApiErrorWatcher.logProblemDetails(ApicurioRegistryBaseIT.java:154)
	at io.apicurio.tests.ApicurioRegistryBaseIT$RegistryApiErrorWatcher.logProblemDetails(ApicurioRegistryBaseIT.java:154)
	at io.apicurio.tests.ApicurioRegistryBaseIT$RegistryApiErrorWatcher.logProblemDetails(ApicurioRegistryBaseIT.java:154)
	at io.apicurio.tests.ApicurioRegistryBaseIT$RegistryApiErrorWatcher.logProblemDetails(ApicurioRegistryBaseIT.java:154)
	at io.apicurio.tests.ApicurioRegistryBaseIT$RegistryApiErrorWatcher.logProblemDetails(ApicurioRegistryBaseIT.java:154)
	at io.apicurio.tests.ApicurioRegistryBaseIT$RegistryApiErrorWatcher.logProblemDetails(ApicurioRegistryBaseIT.java:154)
	at io.apicurio.tests.ApicurioRegistryBaseIT$RegistryApiErrorWatcher.logProblemDetails(ApicurioRegistryBaseIT.java:154)
	at io.apicurio.tests.ApicurioRegistryBaseIT$RegistryApiErrorWatcher.logProblemDetails(ApicurioRegistryBaseIT.java:154)
	at io.apicurio.tests.ApicurioRegistryBaseIT$RegistryApiErrorWatcher.logProblemDetails(ApicurioRegistryBaseIT.java:154)
	at io.apicurio.tests.ApicurioRegistryBaseIT$RegistryApiErrorWatcher.logProblemDetails(ApicurioRegistryBaseIT.java:154)
	at io.apicurio.tests.ApicurioRegistryBaseIT$RegistryApiErrorWatcher.logProblemDetails(ApicurioRegistryBaseIT.java:154)
	at io.apicurio.tests.ApicurioRegistryBaseIT$RegistryApiErrorWatcher.logProblemDetails(ApicurioRegistryBaseIT.java:154)
	at io.apicurio.tests.ApicurioRegistryBaseIT$RegistryApiErrorWatcher.logProblemDetails(ApicurioRegistryBaseIT.java:154)
	at io.apicurio.tests.ApicurioRegistryBaseIT$RegistryApiErrorWatcher.logProblemDetails(ApicurioRegistryBaseIT.java:154)
	at io.apicurio.tests.ApicurioRegistryBaseIT$RegistryApiErrorWatcher.logProblemDetails(ApicurioRegistryBaseIT.java:154)
	at io.apicurio.tests.ApicurioRegistryBaseIT$RegistryApiErrorWatcher.logProblemDetails(ApicurioRegistryBaseIT.java:154)
	at io.apicurio.tests.ApicurioRegistryBaseIT$RegistryApiErrorWatcher.logProblemDetails(ApicurioRegistryBaseIT.java:154)
	at io.apicurio.tests.ApicurioRegistryBaseIT$RegistryApiErrorWatcher.logProblemDetails(ApicurioRegistryBaseIT.java:154)
	at io.apicurio.tests.ApicurioRegistryBaseIT$RegistryApiErrorWatcher.logProblemDetails(ApicurioRegistryBaseIT.java:154)
	at io.apicurio.tests.ApicurioRegistryBaseIT$RegistryApiErrorWatcher.logProblemDetails(ApicurioRegistryBaseIT.java:154)
	at io.apicurio.tests.ApicurioRegistryBaseIT$RegistryApiErrorWatcher.logProblemDetails(ApicurioRegistryBaseIT.java:154)
	at io.apicurio.tests.ApicurioRegistryBaseIT$RegistryApiErrorWatcher.logProblemDetails(ApicurioRegistryBaseIT.java:154)
	at io.apicurio.tests.ApicurioRegistryBaseIT$RegistryApiErrorWatcher.logProblemDetails(ApicurioRegistryBaseIT.java:154)
	at io.apicurio.tests.ApicurioRegistryBaseIT$RegistryApiErrorWatcher.logProblemDetails(ApicurioRegistryBaseIT.java:154)
	at io.apicurio.tests.ApicurioRegistryBaseIT$RegistryApiErrorWatcher.logProblemDetails(ApicurioRegistryBaseIT.java:154)
	at io.apicurio.tests.ApicurioRegistryBaseIT$RegistryApiErrorWatcher.logProblemDetails(ApicurioRegistryBaseIT.java:154)
	at io.apicurio.tests.ApicurioRegistryBaseIT$RegistryApiErrorWatcher.logProblemDetails(ApicurioRegistryBaseIT.java:154)
	at io.apicurio.tests.ApicurioRegistryBaseIT$RegistryApiErrorWatcher.logProblemDetails(ApicurioRegistryBaseIT.java:154)
	at io.apicurio.tests.ApicurioRegistryBaseIT$RegistryApiErrorWatcher.logProblemDetails(ApicurioRegistryBaseIT.java:154)
	at io.apicurio.tests.ApicurioRegistryBaseIT$RegistryApiErrorWatcher.logProblemDetails(ApicurioRegistryBaseIT.java:154)
	at io.apicurio.tests.ApicurioRegistryBaseIT$RegistryApiErrorWatcher.logProblemDetails(ApicurioRegistryBaseIT.java:154)
	at io.apicurio.tests.ApicurioRegistryBaseIT$RegistryApiErrorWatcher.logProblemDetails(ApicurioRegistryBaseIT.java:154)
	at io.apicurio.tests.ApicurioRegistryBaseIT$RegistryApiErrorWatcher.logProblemDetails(ApicurioRegistryBaseIT.java:154)
	at io.apicurio.tests.ApicurioRegistryBaseIT$RegistryApiErrorWatcher.logProblemDetails(ApicurioRegistryBaseIT.java:154)
	at io.apicurio.tests.ApicurioRegistryBaseIT$RegistryApiErrorWatcher.logProblemDetails(ApicurioRegistryBaseIT.java:154)
	at io.apicurio.tests.ApicurioRegistryBaseIT$RegistryApiErrorWatcher.logProblemDetails(ApicurioRegistryBaseIT.java:154)
	at io.apicurio.tests.ApicurioRegistryBaseIT$RegistryApiErrorWatcher.logProblemDetails(ApicurioRegistryBaseIT.java:154)
	at io.apicurio.tests.ApicurioRegistryBaseIT$RegistryApiErrorWatcher.logProblemDetails(ApicurioRegistryBaseIT.java:154)
	at io.apicurio.tests.ApicurioRegistryBaseIT$RegistryApiErrorWatcher.logProblemDetails(ApicurioRegistryBaseIT.java:154)
	at io.apicurio.tests.ApicurioRegistryBaseIT$RegistryApiErrorWatcher.logProblemDetails(ApicurioRegistryBaseIT.java:154)
	at io.apicurio.tests.ApicurioRegistryBaseIT$RegistryApiErrorWatcher.logProblemDetails(ApicurioRegistryBaseIT.java:154)
	at io.apicurio.tests.ApicurioRegistryBaseIT$RegistryApiErrorWatcher.logProblemDetails(ApicurioRegistryBaseIT.java:154)
	at io.apicurio.tests.ApicurioRegistryBaseIT$RegistryApiErrorWatcher.logProblemDetails(ApicurioRegistryBaseIT.java:154)
	at io.apicurio.tests.ApicurioRegistryBaseIT$RegistryApiErrorWatcher.logProblemDetails(ApicurioRegistryBaseIT.java:154)
	at io.apicurio.tests.ApicurioRegistryBaseIT$RegistryApiErrorWatcher.logProblemDetails(ApicurioRegistryBaseIT.java:154)
	at io.apicurio.tests.ApicurioRegistryBaseIT$RegistryApiErrorWatcher.logProblemDetails(ApicurioRegistryBaseIT.java:154)
	at io.apicurio.tests.ApicurioRegistryBaseIT$RegistryApiErrorWatcher.logProblemDetails(ApicurioRegistryBaseIT.java:154)
	at io.apicurio.tests.ApicurioRegistryBaseIT$RegistryApiErrorWatcher.logProblemDetails(ApicurioRegistryBaseIT.java:154)
	at io.apicurio.tests.ApicurioRegistryBaseIT$RegistryApiErrorWatcher.logProblemDetails(ApicurioRegistryBaseIT.java:154)
	at io.apicurio.tests.ApicurioRegistryBaseIT$RegistryApiErrorWatcher.logProblemDetails(ApicurioRegistryBaseIT.java:154)
	at io.apicurio.tests.ApicurioRegistryBaseIT$RegistryApiErrorWatcher.logProblemDetails(ApicurioRegistryBaseIT.java:154)
	at io.apicurio.tests.ApicurioRegistryBaseIT$RegistryApiErrorWatcher.logProblemDetails(ApicurioRegistryBaseIT.java:154)
	at io.apicurio.tests.ApicurioRegistryBaseIT$RegistryApiErrorWatcher.logProblemDetails(ApicurioRegistryBaseIT.java:154)
	at io.apicurio.tests.ApicurioRegistryBaseIT$RegistryApiErrorWatcher.logProblemDetails(ApicurioRegistryBaseIT.java:154)
	at io.apicurio.tests.ApicurioRegistryBaseIT$RegistryApiErrorWatcher.logProblemDetails(ApicurioRegistryBaseIT.java:154)
	at io.apicurio.tests.ApicurioRegistryBaseIT$RegistryApiErrorWatcher.logProblemDetails(ApicurioRegistryBaseIT.java:154)
	at io.apicurio.tests.ApicurioRegistryBaseIT$RegistryApiErrorWatcher.logProblemDetails(ApicurioRegistryBaseIT.java:154)
	at io.apicurio.tests.ApicurioRegistryBaseIT$RegistryApiErrorWatcher.logProblemDetails(ApicurioRegistryBaseIT.java:154)
	at io.apicurio.tests.ApicurioRegistryBaseIT$RegistryApiErrorWatcher.logProblemDetails(ApicurioRegistryBaseIT.java:154)
	at io.apicurio.tests.ApicurioRegistryBaseIT$RegistryApiErrorWatcher.logProblemDetails(ApicurioRegistryBaseIT.java:154)
	at io.apicurio.tests.ApicurioRegistryBaseIT$RegistryApiErrorWatcher.logProblemDetails(ApicurioRegistryBaseIT.java:154)
	at io.apicurio.tests.ApicurioRegistryBaseIT$RegistryApiErrorWatcher.logProblemDetails(ApicurioRegistryBaseIT.java:154)
	at io.apicurio.tests.ApicurioRegistryBaseIT$RegistryApiErrorWatcher.logProblemDetails(ApicurioRegistryBaseIT.java:154)
	at io.apicurio.tests.ApicurioRegistryBaseIT$RegistryApiErrorWatcher.logProblemDetails(ApicurioRegistryBaseIT.java:154)
	at io.apicurio.tests.ApicurioRegistryBaseIT$RegistryApiErrorWatcher.logProblemDetails(ApicurioRegistryBaseIT.java:154)
	at io.apicurio.tests.ApicurioRegistryBaseIT$RegistryApiErrorWatcher.logProblemDetails(ApicurioRegistryBaseIT.java:154)
	at io.apicurio.tests.ApicurioRegistryBaseIT$RegistryApiErrorWatcher.logProblemDetails(ApicurioRegistryBaseIT.java:154)
	at io.apicurio.tests.ApicurioRegistryBaseIT$RegistryApiErrorWatcher.logProblemDetails(ApicurioRegistryBaseIT.java:154)
	at io.apicurio.tests.ApicurioRegistryBaseIT$RegistryApiErrorWatcher.logProblemDetails(ApicurioRegistryBaseIT.java:154)
	at io.apicurio.tests.ApicurioRegistryBaseIT$RegistryApiErrorWatcher.logProblemDetails(ApicurioRegistryBaseIT.java:154)
	at io.apicurio.tests.ApicurioRegistryBaseIT$RegistryApiErrorWatcher.logProblemDetails(ApicurioRegistryBaseIT.java:154)
	at io.apicurio.tests.ApicurioRegistryBaseIT$RegistryApiErrorWatcher.logProblemDetails(ApicurioRegistryBaseIT.java:154)
	at io.apicurio.tests.ApicurioRegistryBaseIT$RegistryApiErrorWatcher.logProblemDetails(ApicurioRegistryBaseIT.java:154)
	at io.apicurio.tests.ApicurioRegistryBaseIT$RegistryApiErrorWatcher.logProblemDetails(ApicurioRegistryBaseIT.java:154)
	at io.apicurio.tests.ApicurioRegistryBaseIT$RegistryApiErrorWatcher.logProblemDetails(ApicurioRegistryBaseIT.java:154)
	at io.apicurio.tests.ApicurioRegistryBaseIT$RegistryApiErrorWatcher.logProblemDetails(ApicurioRegistryBaseIT.java:154)
	at io.apicurio.tests.ApicurioRegistryBaseIT$RegistryApiErrorWatcher.logProblemDetails(ApicurioRegistryBaseIT.java:154)
	at io.apicurio.tests.ApicurioRegistryBaseIT$RegistryApiErrorWatcher.logProblemDetails(ApicurioRegistryBaseIT.java:154)
	at io.apicurio.tests.ApicurioRegistryBaseIT$RegistryApiErrorWatcher.logProblemDetails(ApicurioRegistryBaseIT.java:154)
	at io.apicurio.tests.ApicurioRegistryBaseIT$RegistryApiErrorWatcher.logProblemDetails(ApicurioRegistryBaseIT.java:154)
	at io.apicurio.tests.ApicurioRegistryBaseIT$RegistryApiErrorWatcher.logProblemDetails(ApicurioRegistryBaseIT.java:154)
	at io.apicurio.tests.ApicurioRegistryBaseIT$RegistryApiErrorWatcher.logProblemDetails(ApicurioRegistryBaseIT.java:154)
	at io.apicurio.tests.ApicurioRegistryBaseIT$RegistryApiErrorWatcher.logProblemDetails(ApicurioRegistryBaseIT.java:154)
	at io.apicurio.tests.ApicurioRegistryBaseIT$RegistryApiErrorWatcher.logProblemDetails(ApicurioRegistryBaseIT.java:154)
	at io.apicurio.tests.ApicurioRegistryBaseIT$RegistryApiErrorWatcher.logProblemDetails(ApicurioRegistryBaseIT.java:154)
	at io.apicurio.tests.ApicurioRegistryBaseIT$RegistryApiErrorWatcher.logProblemDetails(ApicurioRegistryBaseIT.java:154)
	at io.apicurio.tests.ApicurioRegistryBaseIT$RegistryApiErrorWatcher.logProblemDetails(ApicurioRegistryBaseIT.java:154)
	at io.apicurio.tests.ApicurioRegistryBaseIT$RegistryApiErrorWatcher.logProblemDetails(ApicurioRegistryBaseIT.java:154)
	at io.apicurio.tests.ApicurioRegistryBaseIT$RegistryApiErrorWatcher.logProblemDetails(ApicurioRegistryBaseIT.java:154)
	at io.apicurio.tests.ApicurioRegistryBaseIT$RegistryApiErrorWatcher.logProblemDetails(ApicurioRegistryBaseIT.java:154)
	at io.apicurio.tests.ApicurioRegistryBaseIT$RegistryApiErrorWatcher.logProblemDetails(ApicurioRegistryBaseIT.java:154)
	at io.apicurio.tests.ApicurioRegistryBaseIT$RegistryApiErrorWatcher.logProblemDetails(ApicurioRegistryBaseIT.java:154)
	at io.apicurio.tests.ApicurioRegistryBaseIT$RegistryApiErrorWatcher.logProblemDetails(ApicurioRegistryBaseIT.java:154)
	at io.apicurio.tests.ApicurioRegistryBaseIT$RegistryApiErrorWatcher.logProblemDetails(ApicurioRegistryBaseIT.java:154)
	at io.apicurio.tests.ApicurioRegistryBaseIT$RegistryApiErrorWatcher.logProblemDetails(ApicurioRegistryBaseIT.java:154)
	at io.apicurio.tests.ApicurioRegistryBaseIT$RegistryApiErrorWatcher.logProblemDetails(ApicurioRegistryBaseIT.java:154)
	at io.apicurio.tests.ApicurioRegistryBaseIT$RegistryApiErrorWatcher.logProblemDetails(ApicurioRegistryBaseIT.java:154)
	at io.apicurio.tests.ApicurioRegistryBaseIT$RegistryApiErrorWatcher.logProblemDetails(ApicurioRegistryBaseIT.java:154)
	at io.apicurio.tests.ApicurioRegistryBaseIT$RegistryApiErrorWatcher.logProblemDetails(ApicurioRegistryBaseIT.java:154)
	at io.apicurio.tests.ApicurioRegistryBaseIT$RegistryApiErrorWatcher.logProblemDetails(ApicurioRegistryBaseIT.java:154)
	at io.apicurio.tests.ApicurioRegistryBaseIT$RegistryApiErrorWatcher.logProblemDetails(ApicurioRegistryBaseIT.java:154)
	at io.apicurio.tests.ApicurioRegistryBaseIT$RegistryApiErrorWatcher.logProblemDetails(ApicurioRegistryBaseIT.java:154)

]]></system-out>
  </testcase>
  <testcase name="testFindLatestAndUseBody" classname="io.apicurio.tests.serdes.apicurio.ProtobufSerdeIT" time="0.076">
    <error type="io.apicurio.registry.rest.client.models.RuleViolationProblemDetails"><![CDATA[io.apicurio.registry.rest.client.models.RuleViolationProblemDetails
	at io.apicurio.registry.rest.client.models.RuleViolationProblemDetails.createFromDiscriminatorValue(RuleViolationProblemDetails.java:62)
	at io.kiota.serialization.json.JsonParseNode.getObjectValue(JsonParseNode.java:247)
	at io.kiota.http.vertx.VertXRequestAdapter.lambda$throwIfFailedResponse$0(VertXRequestAdapter.java:400)
	at com.microsoft.kiota.ApiExceptionBuilder.<init>(ApiExceptionBuilder.java:26)
	at io.kiota.http.vertx.VertXRequestAdapter.throwIfFailedResponse(VertXRequestAdapter.java:399)
	at io.kiota.http.vertx.VertXRequestAdapter.send(VertXRequestAdapter.java:170)
	at io.apicurio.registry.rest.client.groups.item.artifacts.ArtifactsRequestBuilder.post(ArtifactsRequestBuilder.java:130)
	at io.apicurio.tests.ApicurioRegistryBaseIT.createArtifact(ApicurioRegistryBaseIT.java:184)
	at io.apicurio.tests.serdes.apicurio.ProtobufSerdeIT.testFindLatestAndUseBody(ProtobufSerdeIT.java:493)
	at java.base/java.lang.reflect.Method.invoke(Method.java:569)
	at java.base/java.util.ArrayList.forEach(ArrayList.java:1511)
	at java.base/java.util.ArrayList.forEach(ArrayList.java:1511)
]]></error>
    <system-out><![CDATA[2025-07-31 17:05:36,524 INFO  [io.api.tes.uti.TestSeparator] (main) ############################################################################
2025-07-31 17:05:36,525 INFO  [io.api.tes.uti.TestSeparator] (main) io.apicurio.tests.serdes.apicurio.ProtobufSerdeIT.testFindLatestAndUseBody-STARTED
2025-07-31 17:05:36,549 INFO  [io.api.tes.uti.TestSeparator] (main) io.apicurio.tests.serdes.apicurio.ProtobufSerdeIT.testFindLatestAndUseBody-FINISHED
2025-07-31 17:05:36,549 INFO  [io.api.tes.uti.TestSeparator] (main) ############################################################################
2025-07-31 17:05:36,549 ERROR [io.api.reg.uti.tes.TestUtils] (main) === TEST FAILED ===
2025-07-31 17:05:36,549 ERROR [io.api.reg.uti.tes.TestUtils] (main) Class: class io.apicurio.tests.serdes.apicurio.ProtobufSerdeIT
2025-07-31 17:05:36,549 ERROR [io.api.reg.uti.tes.TestUtils] (main) Test:  testFindLatestAndUseBody
2025-07-31 17:05:36,549 ERROR [io.api.reg.uti.tes.TestUtils] (main) ID:    [engine:junit-jupiter]/[class:io.apicurio.tests.serdes.apicurio.ProtobufSerdeIT]/[method:testFindLatestAndUseBody()]
2025-07-31 17:05:36,549 ERROR [io.api.reg.uti.tes.TestUtils] (main) Error: RuleViolationProblemDetails - null
2025-07-31 17:05:36,549 ERROR [io.api.reg.uti.tes.TestUtils] (main) Rule Violation Problem Details
2025-07-31 17:05:36,579 WARNING [org.jun.jup.eng.des.MethodBasedTestDescriptor] (main) Failed to invoke TestWatcher [io.apicurio.tests.ApicurioRegistryBaseIT$RegistryApiErrorWatcher] for method [io.apicurio.tests.serdes.apicurio.ProtobufSerdeIT#testFindLatestAndUseBody()] with display name [testFindLatestAndUseBody]: java.lang.StackOverflowError
	at io.apicurio.tests.ApicurioRegistryBaseIT$RegistryApiErrorWatcher.logProblemDetails(ApicurioRegistryBaseIT.java:154)
	at io.apicurio.tests.ApicurioRegistryBaseIT$RegistryApiErrorWatcher.logProblemDetails(ApicurioRegistryBaseIT.java:154)
	at io.apicurio.tests.ApicurioRegistryBaseIT$RegistryApiErrorWatcher.logProblemDetails(ApicurioRegistryBaseIT.java:154)
	at io.apicurio.tests.ApicurioRegistryBaseIT$RegistryApiErrorWatcher.logProblemDetails(ApicurioRegistryBaseIT.java:154)
	at io.apicurio.tests.ApicurioRegistryBaseIT$RegistryApiErrorWatcher.logProblemDetails(ApicurioRegistryBaseIT.java:154)
	at io.apicurio.tests.ApicurioRegistryBaseIT$RegistryApiErrorWatcher.logProblemDetails(ApicurioRegistryBaseIT.java:154)
	at io.apicurio.tests.ApicurioRegistryBaseIT$RegistryApiErrorWatcher.logProblemDetails(ApicurioRegistryBaseIT.java:154)
	at io.apicurio.tests.ApicurioRegistryBaseIT$RegistryApiErrorWatcher.logProblemDetails(ApicurioRegistryBaseIT.java:154)
	at io.apicurio.tests.ApicurioRegistryBaseIT$RegistryApiErrorWatcher.logProblemDetails(ApicurioRegistryBaseIT.java:154)
	at io.apicurio.tests.ApicurioRegistryBaseIT$RegistryApiErrorWatcher.logProblemDetails(ApicurioRegistryBaseIT.java:154)
	at io.apicurio.tests.ApicurioRegistryBaseIT$RegistryApiErrorWatcher.logProblemDetails(ApicurioRegistryBaseIT.java:154)
	at io.apicurio.tests.ApicurioRegistryBaseIT$RegistryApiErrorWatcher.logProblemDetails(ApicurioRegistryBaseIT.java:154)
	at io.apicurio.tests.ApicurioRegistryBaseIT$RegistryApiErrorWatcher.logProblemDetails(ApicurioRegistryBaseIT.java:154)
	at io.apicurio.tests.ApicurioRegistryBaseIT$RegistryApiErrorWatcher.logProblemDetails(ApicurioRegistryBaseIT.java:154)
	at io.apicurio.tests.ApicurioRegistryBaseIT$RegistryApiErrorWatcher.logProblemDetails(ApicurioRegistryBaseIT.java:154)
	at io.apicurio.tests.ApicurioRegistryBaseIT$RegistryApiErrorWatcher.logProblemDetails(ApicurioRegistryBaseIT.java:154)
	at io.apicurio.tests.ApicurioRegistryBaseIT$RegistryApiErrorWatcher.logProblemDetails(ApicurioRegistryBaseIT.java:154)
	at io.apicurio.tests.ApicurioRegistryBaseIT$RegistryApiErrorWatcher.logProblemDetails(ApicurioRegistryBaseIT.java:154)
	at io.apicurio.tests.ApicurioRegistryBaseIT$RegistryApiErrorWatcher.logProblemDetails(ApicurioRegistryBaseIT.java:154)
	at io.apicurio.tests.ApicurioRegistryBaseIT$RegistryApiErrorWatcher.logProblemDetails(ApicurioRegistryBaseIT.java:154)
	at io.apicurio.tests.ApicurioRegistryBaseIT$RegistryApiErrorWatcher.logProblemDetails(ApicurioRegistryBaseIT.java:154)
	at io.apicurio.tests.ApicurioRegistryBaseIT$RegistryApiErrorWatcher.logProblemDetails(ApicurioRegistryBaseIT.java:154)
	at io.apicurio.tests.ApicurioRegistryBaseIT$RegistryApiErrorWatcher.logProblemDetails(ApicurioRegistryBaseIT.java:154)
	at io.apicurio.tests.ApicurioRegistryBaseIT$RegistryApiErrorWatcher.logProblemDetails(ApicurioRegistryBaseIT.java:154)
	at io.apicurio.tests.ApicurioRegistryBaseIT$RegistryApiErrorWatcher.logProblemDetails(ApicurioRegistryBaseIT.java:154)
	at io.apicurio.tests.ApicurioRegistryBaseIT$RegistryApiErrorWatcher.logProblemDetails(ApicurioRegistryBaseIT.java:154)
	at io.apicurio.tests.ApicurioRegistryBaseIT$RegistryApiErrorWatcher.logProblemDetails(ApicurioRegistryBaseIT.java:154)
	at io.apicurio.tests.ApicurioRegistryBaseIT$RegistryApiErrorWatcher.logProblemDetails(ApicurioRegistryBaseIT.java:154)
	at io.apicurio.tests.ApicurioRegistryBaseIT$RegistryApiErrorWatcher.logProblemDetails(ApicurioRegistryBaseIT.java:154)
	at io.apicurio.tests.ApicurioRegistryBaseIT$RegistryApiErrorWatcher.logProblemDetails(ApicurioRegistryBaseIT.java:154)
	at io.apicurio.tests.ApicurioRegistryBaseIT$RegistryApiErrorWatcher.logProblemDetails(ApicurioRegistryBaseIT.java:154)
	at io.apicurio.tests.ApicurioRegistryBaseIT$RegistryApiErrorWatcher.logProblemDetails(ApicurioRegistryBaseIT.java:154)
	at io.apicurio.tests.ApicurioRegistryBaseIT$RegistryApiErrorWatcher.logProblemDetails(ApicurioRegistryBaseIT.java:154)
	at io.apicurio.tests.ApicurioRegistryBaseIT$RegistryApiErrorWatcher.logProblemDetails(ApicurioRegistryBaseIT.java:154)
	at io.apicurio.tests.ApicurioRegistryBaseIT$RegistryApiErrorWatcher.logProblemDetails(ApicurioRegistryBaseIT.java:154)
	at io.apicurio.tests.ApicurioRegistryBaseIT$RegistryApiErrorWatcher.logProblemDetails(ApicurioRegistryBaseIT.java:154)
	at io.apicurio.tests.ApicurioRegistryBaseIT$RegistryApiErrorWatcher.logProblemDetails(ApicurioRegistryBaseIT.java:154)
	at io.apicurio.tests.ApicurioRegistryBaseIT$RegistryApiErrorWatcher.logProblemDetails(ApicurioRegistryBaseIT.java:154)
	at io.apicurio.tests.ApicurioRegistryBaseIT$RegistryApiErrorWatcher.logProblemDetails(ApicurioRegistryBaseIT.java:154)
	at io.apicurio.tests.ApicurioRegistryBaseIT$RegistryApiErrorWatcher.logProblemDetails(ApicurioRegistryBaseIT.java:154)
	at io.apicurio.tests.ApicurioRegistryBaseIT$RegistryApiErrorWatcher.logProblemDetails(ApicurioRegistryBaseIT.java:154)
	at io.apicurio.tests.ApicurioRegistryBaseIT$RegistryApiErrorWatcher.logProblemDetails(ApicurioRegistryBaseIT.java:154)
	at io.apicurio.tests.ApicurioRegistryBaseIT$RegistryApiErrorWatcher.logProblemDetails(ApicurioRegistryBaseIT.java:154)
	at io.apicurio.tests.ApicurioRegistryBaseIT$RegistryApiErrorWatcher.logProblemDetails(ApicurioRegistryBaseIT.java:154)
	at io.apicurio.tests.ApicurioRegistryBaseIT$RegistryApiErrorWatcher.logProblemDetails(ApicurioRegistryBaseIT.java:154)
	at io.apicurio.tests.ApicurioRegistryBaseIT$RegistryApiErrorWatcher.logProblemDetails(ApicurioRegistryBaseIT.java:154)
	at io.apicurio.tests.ApicurioRegistryBaseIT$RegistryApiErrorWatcher.logProblemDetails(ApicurioRegistryBaseIT.java:154)
	at io.apicurio.tests.ApicurioRegistryBaseIT$RegistryApiErrorWatcher.logProblemDetails(ApicurioRegistryBaseIT.java:154)
	at io.apicurio.tests.ApicurioRegistryBaseIT$RegistryApiErrorWatcher.logProblemDetails(ApicurioRegistryBaseIT.java:154)
	at io.apicurio.tests.ApicurioRegistryBaseIT$RegistryApiErrorWatcher.logProblemDetails(ApicurioRegistryBaseIT.java:154)
	at io.apicurio.tests.ApicurioRegistryBaseIT$RegistryApiErrorWatcher.logProblemDetails(ApicurioRegistryBaseIT.java:154)
	at io.apicurio.tests.ApicurioRegistryBaseIT$RegistryApiErrorWatcher.logProblemDetails(ApicurioRegistryBaseIT.java:154)
	at io.apicurio.tests.ApicurioRegistryBaseIT$RegistryApiErrorWatcher.logProblemDetails(ApicurioRegistryBaseIT.java:154)
	at io.apicurio.tests.ApicurioRegistryBaseIT$RegistryApiErrorWatcher.logProblemDetails(ApicurioRegistryBaseIT.java:154)
	at io.apicurio.tests.ApicurioRegistryBaseIT$RegistryApiErrorWatcher.logProblemDetails(ApicurioRegistryBaseIT.java:154)
	at io.apicurio.tests.ApicurioRegistryBaseIT$RegistryApiErrorWatcher.logProblemDetails(ApicurioRegistryBaseIT.java:154)
	at io.apicurio.tests.ApicurioRegistryBaseIT$RegistryApiErrorWatcher.logProblemDetails(ApicurioRegistryBaseIT.java:154)
	at io.apicurio.tests.ApicurioRegistryBaseIT$RegistryApiErrorWatcher.logProblemDetails(ApicurioRegistryBaseIT.java:154)
	at io.apicurio.tests.ApicurioRegistryBaseIT$RegistryApiErrorWatcher.logProblemDetails(ApicurioRegistryBaseIT.java:154)
	at io.apicurio.tests.ApicurioRegistryBaseIT$RegistryApiErrorWatcher.logProblemDetails(ApicurioRegistryBaseIT.java:154)
	at io.apicurio.tests.ApicurioRegistryBaseIT$RegistryApiErrorWatcher.logProblemDetails(ApicurioRegistryBaseIT.java:154)
	at io.apicurio.tests.ApicurioRegistryBaseIT$RegistryApiErrorWatcher.logProblemDetails(ApicurioRegistryBaseIT.java:154)
	at io.apicurio.tests.ApicurioRegistryBaseIT$RegistryApiErrorWatcher.logProblemDetails(ApicurioRegistryBaseIT.java:154)
	at io.apicurio.tests.ApicurioRegistryBaseIT$RegistryApiErrorWatcher.logProblemDetails(ApicurioRegistryBaseIT.java:154)
	at io.apicurio.tests.ApicurioRegistryBaseIT$RegistryApiErrorWatcher.logProblemDetails(ApicurioRegistryBaseIT.java:154)
	at io.apicurio.tests.ApicurioRegistryBaseIT$RegistryApiErrorWatcher.logProblemDetails(ApicurioRegistryBaseIT.java:154)
	at io.apicurio.tests.ApicurioRegistryBaseIT$RegistryApiErrorWatcher.logProblemDetails(ApicurioRegistryBaseIT.java:154)
	at io.apicurio.tests.ApicurioRegistryBaseIT$RegistryApiErrorWatcher.logProblemDetails(ApicurioRegistryBaseIT.java:154)
	at io.apicurio.tests.ApicurioRegistryBaseIT$RegistryApiErrorWatcher.logProblemDetails(ApicurioRegistryBaseIT.java:154)
	at io.apicurio.tests.ApicurioRegistryBaseIT$RegistryApiErrorWatcher.logProblemDetails(ApicurioRegistryBaseIT.java:154)
	at io.apicurio.tests.ApicurioRegistryBaseIT$RegistryApiErrorWatcher.logProblemDetails(ApicurioRegistryBaseIT.java:154)
	at io.apicurio.tests.ApicurioRegistryBaseIT$RegistryApiErrorWatcher.logProblemDetails(ApicurioRegistryBaseIT.java:154)
	at io.apicurio.tests.ApicurioRegistryBaseIT$RegistryApiErrorWatcher.logProblemDetails(ApicurioRegistryBaseIT.java:154)
	at io.apicurio.tests.ApicurioRegistryBaseIT$RegistryApiErrorWatcher.logProblemDetails(ApicurioRegistryBaseIT.java:154)
	at io.apicurio.tests.ApicurioRegistryBaseIT$RegistryApiErrorWatcher.logProblemDetails(ApicurioRegistryBaseIT.java:154)
	at io.apicurio.tests.ApicurioRegistryBaseIT$RegistryApiErrorWatcher.logProblemDetails(ApicurioRegistryBaseIT.java:154)
	at io.apicurio.tests.ApicurioRegistryBaseIT$RegistryApiErrorWatcher.logProblemDetails(ApicurioRegistryBaseIT.java:154)
	at io.apicurio.tests.ApicurioRegistryBaseIT$RegistryApiErrorWatcher.logProblemDetails(ApicurioRegistryBaseIT.java:154)
	at io.apicurio.tests.ApicurioRegistryBaseIT$RegistryApiErrorWatcher.logProblemDetails(ApicurioRegistryBaseIT.java:154)
	at io.apicurio.tests.ApicurioRegistryBaseIT$RegistryApiErrorWatcher.logProblemDetails(ApicurioRegistryBaseIT.java:154)
	at io.apicurio.tests.ApicurioRegistryBaseIT$RegistryApiErrorWatcher.logProblemDetails(ApicurioRegistryBaseIT.java:154)
	at io.apicurio.tests.ApicurioRegistryBaseIT$RegistryApiErrorWatcher.logProblemDetails(ApicurioRegistryBaseIT.java:154)
	at io.apicurio.tests.ApicurioRegistryBaseIT$RegistryApiErrorWatcher.logProblemDetails(ApicurioRegistryBaseIT.java:154)
	at io.apicurio.tests.ApicurioRegistryBaseIT$RegistryApiErrorWatcher.logProblemDetails(ApicurioRegistryBaseIT.java:154)
	at io.apicurio.tests.ApicurioRegistryBaseIT$RegistryApiErrorWatcher.logProblemDetails(ApicurioRegistryBaseIT.java:154)
	at io.apicurio.tests.ApicurioRegistryBaseIT$RegistryApiErrorWatcher.logProblemDetails(ApicurioRegistryBaseIT.java:154)
	at io.apicurio.tests.ApicurioRegistryBaseIT$RegistryApiErrorWatcher.logProblemDetails(ApicurioRegistryBaseIT.java:154)
	at io.apicurio.tests.ApicurioRegistryBaseIT$RegistryApiErrorWatcher.logProblemDetails(ApicurioRegistryBaseIT.java:154)
	at io.apicurio.tests.ApicurioRegistryBaseIT$RegistryApiErrorWatcher.logProblemDetails(ApicurioRegistryBaseIT.java:154)
	at io.apicurio.tests.ApicurioRegistryBaseIT$RegistryApiErrorWatcher.logProblemDetails(ApicurioRegistryBaseIT.java:154)
	at io.apicurio.tests.ApicurioRegistryBaseIT$RegistryApiErrorWatcher.logProblemDetails(ApicurioRegistryBaseIT.java:154)
	at io.apicurio.tests.ApicurioRegistryBaseIT$RegistryApiErrorWatcher.logProblemDetails(ApicurioRegistryBaseIT.java:154)
	at io.apicurio.tests.ApicurioRegistryBaseIT$RegistryApiErrorWatcher.logProblemDetails(ApicurioRegistryBaseIT.java:154)
	at io.apicurio.tests.ApicurioRegistryBaseIT$RegistryApiErrorWatcher.logProblemDetails(ApicurioRegistryBaseIT.java:154)
	at io.apicurio.tests.ApicurioRegistryBaseIT$RegistryApiErrorWatcher.logProblemDetails(ApicurioRegistryBaseIT.java:154)
	at io.apicurio.tests.ApicurioRegistryBaseIT$RegistryApiErrorWatcher.logProblemDetails(ApicurioRegistryBaseIT.java:154)
	at io.apicurio.tests.ApicurioRegistryBaseIT$RegistryApiErrorWatcher.logProblemDetails(ApicurioRegistryBaseIT.java:154)
	at io.apicurio.tests.ApicurioRegistryBaseIT$RegistryApiErrorWatcher.logProblemDetails(ApicurioRegistryBaseIT.java:154)
	at io.apicurio.tests.ApicurioRegistryBaseIT$RegistryApiErrorWatcher.logProblemDetails(ApicurioRegistryBaseIT.java:154)
	at io.apicurio.tests.ApicurioRegistryBaseIT$RegistryApiErrorWatcher.logProblemDetails(ApicurioRegistryBaseIT.java:154)
	at io.apicurio.tests.ApicurioRegistryBaseIT$RegistryApiErrorWatcher.logProblemDetails(ApicurioRegistryBaseIT.java:154)
	at io.apicurio.tests.ApicurioRegistryBaseIT$RegistryApiErrorWatcher.logProblemDetails(ApicurioRegistryBaseIT.java:154)
	at io.apicurio.tests.ApicurioRegistryBaseIT$RegistryApiErrorWatcher.logProblemDetails(ApicurioRegistryBaseIT.java:154)
	at io.apicurio.tests.ApicurioRegistryBaseIT$RegistryApiErrorWatcher.logProblemDetails(ApicurioRegistryBaseIT.java:154)
	at io.apicurio.tests.ApicurioRegistryBaseIT$RegistryApiErrorWatcher.logProblemDetails(ApicurioRegistryBaseIT.java:154)
	at io.apicurio.tests.ApicurioRegistryBaseIT$RegistryApiErrorWatcher.logProblemDetails(ApicurioRegistryBaseIT.java:154)
	at io.apicurio.tests.ApicurioRegistryBaseIT$RegistryApiErrorWatcher.logProblemDetails(ApicurioRegistryBaseIT.java:154)
	at io.apicurio.tests.ApicurioRegistryBaseIT$RegistryApiErrorWatcher.logProblemDetails(ApicurioRegistryBaseIT.java:154)
	at io.apicurio.tests.ApicurioRegistryBaseIT$RegistryApiErrorWatcher.logProblemDetails(ApicurioRegistryBaseIT.java:154)
	at io.apicurio.tests.ApicurioRegistryBaseIT$RegistryApiErrorWatcher.logProblemDetails(ApicurioRegistryBaseIT.java:154)
	at io.apicurio.tests.ApicurioRegistryBaseIT$RegistryApiErrorWatcher.logProblemDetails(ApicurioRegistryBaseIT.java:154)
	at io.apicurio.tests.ApicurioRegistryBaseIT$RegistryApiErrorWatcher.logProblemDetails(ApicurioRegistryBaseIT.java:154)
	at io.apicurio.tests.ApicurioRegistryBaseIT$RegistryApiErrorWatcher.logProblemDetails(ApicurioRegistryBaseIT.java:154)
	at io.apicurio.tests.ApicurioRegistryBaseIT$RegistryApiErrorWatcher.logProblemDetails(ApicurioRegistryBaseIT.java:154)
	at io.apicurio.tests.ApicurioRegistryBaseIT$RegistryApiErrorWatcher.logProblemDetails(ApicurioRegistryBaseIT.java:154)
	at io.apicurio.tests.ApicurioRegistryBaseIT$RegistryApiErrorWatcher.logProblemDetails(ApicurioRegistryBaseIT.java:154)
	at io.apicurio.tests.ApicurioRegistryBaseIT$RegistryApiErrorWatcher.logProblemDetails(ApicurioRegistryBaseIT.java:154)
	at io.apicurio.tests.ApicurioRegistryBaseIT$RegistryApiErrorWatcher.logProblemDetails(ApicurioRegistryBaseIT.java:154)
	at io.apicurio.tests.ApicurioRegistryBaseIT$RegistryApiErrorWatcher.logProblemDetails(ApicurioRegistryBaseIT.java:154)
	at io.apicurio.tests.ApicurioRegistryBaseIT$RegistryApiErrorWatcher.logProblemDetails(ApicurioRegistryBaseIT.java:154)
	at io.apicurio.tests.ApicurioRegistryBaseIT$RegistryApiErrorWatcher.logProblemDetails(ApicurioRegistryBaseIT.java:154)
	at io.apicurio.tests.ApicurioRegistryBaseIT$RegistryApiErrorWatcher.logProblemDetails(ApicurioRegistryBaseIT.java:154)
	at io.apicurio.tests.ApicurioRegistryBaseIT$RegistryApiErrorWatcher.logProblemDetails(ApicurioRegistryBaseIT.java:154)
	at io.apicurio.tests.ApicurioRegistryBaseIT$RegistryApiErrorWatcher.logProblemDetails(ApicurioRegistryBaseIT.java:154)
	at io.apicurio.tests.ApicurioRegistryBaseIT$RegistryApiErrorWatcher.logProblemDetails(ApicurioRegistryBaseIT.java:154)
	at io.apicurio.tests.ApicurioRegistryBaseIT$RegistryApiErrorWatcher.logProblemDetails(ApicurioRegistryBaseIT.java:154)
	at io.apicurio.tests.ApicurioRegistryBaseIT$RegistryApiErrorWatcher.logProblemDetails(ApicurioRegistryBaseIT.java:154)
	at io.apicurio.tests.ApicurioRegistryBaseIT$RegistryApiErrorWatcher.logProblemDetails(ApicurioRegistryBaseIT.java:154)
	at io.apicurio.tests.ApicurioRegistryBaseIT$RegistryApiErrorWatcher.logProblemDetails(ApicurioRegistryBaseIT.java:154)
	at io.apicurio.tests.ApicurioRegistryBaseIT$RegistryApiErrorWatcher.logProblemDetails(ApicurioRegistryBaseIT.java:154)
	at io.apicurio.tests.ApicurioRegistryBaseIT$RegistryApiErrorWatcher.logProblemDetails(ApicurioRegistryBaseIT.java:154)
	at io.apicurio.tests.ApicurioRegistryBaseIT$RegistryApiErrorWatcher.logProblemDetails(ApicurioRegistryBaseIT.java:154)
	at io.apicurio.tests.ApicurioRegistryBaseIT$RegistryApiErrorWatcher.logProblemDetails(ApicurioRegistryBaseIT.java:154)
	at io.apicurio.tests.ApicurioRegistryBaseIT$RegistryApiErrorWatcher.logProblemDetails(ApicurioRegistryBaseIT.java:154)
	at io.apicurio.tests.ApicurioRegistryBaseIT$RegistryApiErrorWatcher.logProblemDetails(ApicurioRegistryBaseIT.java:154)
	at io.apicurio.tests.ApicurioRegistryBaseIT$RegistryApiErrorWatcher.logProblemDetails(ApicurioRegistryBaseIT.java:154)
	at io.apicurio.tests.ApicurioRegistryBaseIT$RegistryApiErrorWatcher.logProblemDetails(ApicurioRegistryBaseIT.java:154)
	at io.apicurio.tests.ApicurioRegistryBaseIT$RegistryApiErrorWatcher.logProblemDetails(ApicurioRegistryBaseIT.java:154)
	at io.apicurio.tests.ApicurioRegistryBaseIT$RegistryApiErrorWatcher.logProblemDetails(ApicurioRegistryBaseIT.java:154)
	at io.apicurio.tests.ApicurioRegistryBaseIT$RegistryApiErrorWatcher.logProblemDetails(ApicurioRegistryBaseIT.java:154)
	at io.apicurio.tests.ApicurioRegistryBaseIT$RegistryApiErrorWatcher.logProblemDetails(ApicurioRegistryBaseIT.java:154)
	at io.apicurio.tests.ApicurioRegistryBaseIT$RegistryApiErrorWatcher.logProblemDetails(ApicurioRegistryBaseIT.java:154)
	at io.apicurio.tests.ApicurioRegistryBaseIT$RegistryApiErrorWatcher.logProblemDetails(ApicurioRegistryBaseIT.java:154)
	at io.apicurio.tests.ApicurioRegistryBaseIT$RegistryApiErrorWatcher.logProblemDetails(ApicurioRegistryBaseIT.java:154)
	at io.apicurio.tests.ApicurioRegistryBaseIT$RegistryApiErrorWatcher.logProblemDetails(ApicurioRegistryBaseIT.java:154)
	at io.apicurio.tests.ApicurioRegistryBaseIT$RegistryApiErrorWatcher.logProblemDetails(ApicurioRegistryBaseIT.java:154)
	at io.apicurio.tests.ApicurioRegistryBaseIT$RegistryApiErrorWatcher.logProblemDetails(ApicurioRegistryBaseIT.java:154)
	at io.apicurio.tests.ApicurioRegistryBaseIT$RegistryApiErrorWatcher.logProblemDetails(ApicurioRegistryBaseIT.java:154)
	at io.apicurio.tests.ApicurioRegistryBaseIT$RegistryApiErrorWatcher.logProblemDetails(ApicurioRegistryBaseIT.java:154)
	at io.apicurio.tests.ApicurioRegistryBaseIT$RegistryApiErrorWatcher.logProblemDetails(ApicurioRegistryBaseIT.java:154)
	at io.apicurio.tests.ApicurioRegistryBaseIT$RegistryApiErrorWatcher.logProblemDetails(ApicurioRegistryBaseIT.java:154)
	at io.apicurio.tests.ApicurioRegistryBaseIT$RegistryApiErrorWatcher.logProblemDetails(ApicurioRegistryBaseIT.java:154)
	at io.apicurio.tests.ApicurioRegistryBaseIT$RegistryApiErrorWatcher.logProblemDetails(ApicurioRegistryBaseIT.java:154)
	at io.apicurio.tests.ApicurioRegistryBaseIT$RegistryApiErrorWatcher.logProblemDetails(ApicurioRegistryBaseIT.java:154)
	at io.apicurio.tests.ApicurioRegistryBaseIT$RegistryApiErrorWatcher.logProblemDetails(ApicurioRegistryBaseIT.java:154)
	at io.apicurio.tests.ApicurioRegistryBaseIT$RegistryApiErrorWatcher.logProblemDetails(ApicurioRegistryBaseIT.java:154)
	at io.apicurio.tests.ApicurioRegistryBaseIT$RegistryApiErrorWatcher.logProblemDetails(ApicurioRegistryBaseIT.java:154)
	at io.apicurio.tests.ApicurioRegistryBaseIT$RegistryApiErrorWatcher.logProblemDetails(ApicurioRegistryBaseIT.java:154)
	at io.apicurio.tests.ApicurioRegistryBaseIT$RegistryApiErrorWatcher.logProblemDetails(ApicurioRegistryBaseIT.java:154)
	at io.apicurio.tests.ApicurioRegistryBaseIT$RegistryApiErrorWatcher.logProblemDetails(ApicurioRegistryBaseIT.java:154)
	at io.apicurio.tests.ApicurioRegistryBaseIT$RegistryApiErrorWatcher.logProblemDetails(ApicurioRegistryBaseIT.java:154)
	at io.apicurio.tests.ApicurioRegistryBaseIT$RegistryApiErrorWatcher.logProblemDetails(ApicurioRegistryBaseIT.java:154)
	at io.apicurio.tests.ApicurioRegistryBaseIT$RegistryApiErrorWatcher.logProblemDetails(ApicurioRegistryBaseIT.java:154)
	at io.apicurio.tests.ApicurioRegistryBaseIT$RegistryApiErrorWatcher.logProblemDetails(ApicurioRegistryBaseIT.java:154)
	at io.apicurio.tests.ApicurioRegistryBaseIT$RegistryApiErrorWatcher.logProblemDetails(ApicurioRegistryBaseIT.java:154)
	at io.apicurio.tests.ApicurioRegistryBaseIT$RegistryApiErrorWatcher.logProblemDetails(ApicurioRegistryBaseIT.java:154)
	at io.apicurio.tests.ApicurioRegistryBaseIT$RegistryApiErrorWatcher.logProblemDetails(ApicurioRegistryBaseIT.java:154)
	at io.apicurio.tests.ApicurioRegistryBaseIT$RegistryApiErrorWatcher.logProblemDetails(ApicurioRegistryBaseIT.java:154)
	at io.apicurio.tests.ApicurioRegistryBaseIT$RegistryApiErrorWatcher.logProblemDetails(ApicurioRegistryBaseIT.java:154)
	at io.apicurio.tests.ApicurioRegistryBaseIT$RegistryApiErrorWatcher.logProblemDetails(ApicurioRegistryBaseIT.java:154)
	at io.apicurio.tests.ApicurioRegistryBaseIT$RegistryApiErrorWatcher.logProblemDetails(ApicurioRegistryBaseIT.java:154)
	at io.apicurio.tests.ApicurioRegistryBaseIT$RegistryApiErrorWatcher.logProblemDetails(ApicurioRegistryBaseIT.java:154)
	at io.apicurio.tests.ApicurioRegistryBaseIT$RegistryApiErrorWatcher.logProblemDetails(ApicurioRegistryBaseIT.java:154)
	at io.apicurio.tests.ApicurioRegistryBaseIT$RegistryApiErrorWatcher.logProblemDetails(ApicurioRegistryBaseIT.java:154)
	at io.apicurio.tests.ApicurioRegistryBaseIT$RegistryApiErrorWatcher.logProblemDetails(ApicurioRegistryBaseIT.java:154)
	at io.apicurio.tests.ApicurioRegistryBaseIT$RegistryApiErrorWatcher.logProblemDetails(ApicurioRegistryBaseIT.java:154)
	at io.apicurio.tests.ApicurioRegistryBaseIT$RegistryApiErrorWatcher.logProblemDetails(ApicurioRegistryBaseIT.java:154)
	at io.apicurio.tests.ApicurioRegistryBaseIT$RegistryApiErrorWatcher.logProblemDetails(ApicurioRegistryBaseIT.java:154)
	at io.apicurio.tests.ApicurioRegistryBaseIT$RegistryApiErrorWatcher.logProblemDetails(ApicurioRegistryBaseIT.java:154)
	at io.apicurio.tests.ApicurioRegistryBaseIT$RegistryApiErrorWatcher.logProblemDetails(ApicurioRegistryBaseIT.java:154)
	at io.apicurio.tests.ApicurioRegistryBaseIT$RegistryApiErrorWatcher.logProblemDetails(ApicurioRegistryBaseIT.java:154)
	at io.apicurio.tests.ApicurioRegistryBaseIT$RegistryApiErrorWatcher.logProblemDetails(ApicurioRegistryBaseIT.java:154)
	at io.apicurio.tests.ApicurioRegistryBaseIT$RegistryApiErrorWatcher.logProblemDetails(ApicurioRegistryBaseIT.java:154)
	at io.apicurio.tests.ApicurioRegistryBaseIT$RegistryApiErrorWatcher.logProblemDetails(ApicurioRegistryBaseIT.java:154)
	at io.apicurio.tests.ApicurioRegistryBaseIT$RegistryApiErrorWatcher.logProblemDetails(ApicurioRegistryBaseIT.java:154)
	at io.apicurio.tests.ApicurioRegistryBaseIT$RegistryApiErrorWatcher.logProblemDetails(ApicurioRegistryBaseIT.java:154)
	at io.apicurio.tests.ApicurioRegistryBaseIT$RegistryApiErrorWatcher.logProblemDetails(ApicurioRegistryBaseIT.java:154)
	at io.apicurio.tests.ApicurioRegistryBaseIT$RegistryApiErrorWatcher.logProblemDetails(ApicurioRegistryBaseIT.java:154)
	at io.apicurio.tests.ApicurioRegistryBaseIT$RegistryApiErrorWatcher.logProblemDetails(ApicurioRegistryBaseIT.java:154)
	at io.apicurio.tests.ApicurioRegistryBaseIT$RegistryApiErrorWatcher.logProblemDetails(ApicurioRegistryBaseIT.java:154)
	at io.apicurio.tests.ApicurioRegistryBaseIT$RegistryApiErrorWatcher.logProblemDetails(ApicurioRegistryBaseIT.java:154)
	at io.apicurio.tests.ApicurioRegistryBaseIT$RegistryApiErrorWatcher.logProblemDetails(ApicurioRegistryBaseIT.java:154)
	at io.apicurio.tests.ApicurioRegistryBaseIT$RegistryApiErrorWatcher.logProblemDetails(ApicurioRegistryBaseIT.java:154)
	at io.apicurio.tests.ApicurioRegistryBaseIT$RegistryApiErrorWatcher.logProblemDetails(ApicurioRegistryBaseIT.java:154)
	at io.apicurio.tests.ApicurioRegistryBaseIT$RegistryApiErrorWatcher.logProblemDetails(ApicurioRegistryBaseIT.java:154)
	at io.apicurio.tests.ApicurioRegistryBaseIT$RegistryApiErrorWatcher.logProblemDetails(ApicurioRegistryBaseIT.java:154)
	at io.apicurio.tests.ApicurioRegistryBaseIT$RegistryApiErrorWatcher.logProblemDetails(ApicurioRegistryBaseIT.java:154)
	at io.apicurio.tests.ApicurioRegistryBaseIT$RegistryApiErrorWatcher.logProblemDetails(ApicurioRegistryBaseIT.java:154)
	at io.apicurio.tests.ApicurioRegistryBaseIT$RegistryApiErrorWatcher.logProblemDetails(ApicurioRegistryBaseIT.java:154)
	at io.apicurio.tests.ApicurioRegistryBaseIT$RegistryApiErrorWatcher.logProblemDetails(ApicurioRegistryBaseIT.java:154)
	at io.apicurio.tests.ApicurioRegistryBaseIT$RegistryApiErrorWatcher.logProblemDetails(ApicurioRegistryBaseIT.java:154)
	at io.apicurio.tests.ApicurioRegistryBaseIT$RegistryApiErrorWatcher.logProblemDetails(ApicurioRegistryBaseIT.java:154)
	at io.apicurio.tests.ApicurioRegistryBaseIT$RegistryApiErrorWatcher.logProblemDetails(ApicurioRegistryBaseIT.java:154)
	at io.apicurio.tests.ApicurioRegistryBaseIT$RegistryApiErrorWatcher.logProblemDetails(ApicurioRegistryBaseIT.java:154)
	at io.apicurio.tests.ApicurioRegistryBaseIT$RegistryApiErrorWatcher.logProblemDetails(ApicurioRegistryBaseIT.java:154)
	at io.apicurio.tests.ApicurioRegistryBaseIT$RegistryApiErrorWatcher.logProblemDetails(ApicurioRegistryBaseIT.java:154)
	at io.apicurio.tests.ApicurioRegistryBaseIT$RegistryApiErrorWatcher.logProblemDetails(ApicurioRegistryBaseIT.java:154)
	at io.apicurio.tests.ApicurioRegistryBaseIT$RegistryApiErrorWatcher.logProblemDetails(ApicurioRegistryBaseIT.java:154)
	at io.apicurio.tests.ApicurioRegistryBaseIT$RegistryApiErrorWatcher.logProblemDetails(ApicurioRegistryBaseIT.java:154)
	at io.apicurio.tests.ApicurioRegistryBaseIT$RegistryApiErrorWatcher.logProblemDetails(ApicurioRegistryBaseIT.java:154)
	at io.apicurio.tests.ApicurioRegistryBaseIT$RegistryApiErrorWatcher.logProblemDetails(ApicurioRegistryBaseIT.java:154)
	at io.apicurio.tests.ApicurioRegistryBaseIT$RegistryApiErrorWatcher.logProblemDetails(ApicurioRegistryBaseIT.java:154)
	at io.apicurio.tests.ApicurioRegistryBaseIT$RegistryApiErrorWatcher.logProblemDetails(ApicurioRegistryBaseIT.java:154)
	at io.apicurio.tests.ApicurioRegistryBaseIT$RegistryApiErrorWatcher.logProblemDetails(ApicurioRegistryBaseIT.java:154)
	at io.apicurio.tests.ApicurioRegistryBaseIT$RegistryApiErrorWatcher.logProblemDetails(ApicurioRegistryBaseIT.java:154)
	at io.apicurio.tests.ApicurioRegistryBaseIT$RegistryApiErrorWatcher.logProblemDetails(ApicurioRegistryBaseIT.java:154)
	at io.apicurio.tests.ApicurioRegistryBaseIT$RegistryApiErrorWatcher.logProblemDetails(ApicurioRegistryBaseIT.java:154)
	at io.apicurio.tests.ApicurioRegistryBaseIT$RegistryApiErrorWatcher.logProblemDetails(ApicurioRegistryBaseIT.java:154)
	at io.apicurio.tests.ApicurioRegistryBaseIT$RegistryApiErrorWatcher.logProblemDetails(ApicurioRegistryBaseIT.java:154)
	at io.apicurio.tests.ApicurioRegistryBaseIT$RegistryApiErrorWatcher.logProblemDetails(ApicurioRegistryBaseIT.java:154)
	at io.apicurio.tests.ApicurioRegistryBaseIT$RegistryApiErrorWatcher.logProblemDetails(ApicurioRegistryBaseIT.java:154)
	at io.apicurio.tests.ApicurioRegistryBaseIT$RegistryApiErrorWatcher.logProblemDetails(ApicurioRegistryBaseIT.java:154)
	at io.apicurio.tests.ApicurioRegistryBaseIT$RegistryApiErrorWatcher.logProblemDetails(ApicurioRegistryBaseIT.java:154)
	at io.apicurio.tests.ApicurioRegistryBaseIT$RegistryApiErrorWatcher.logProblemDetails(ApicurioRegistryBaseIT.java:154)
	at io.apicurio.tests.ApicurioRegistryBaseIT$RegistryApiErrorWatcher.logProblemDetails(ApicurioRegistryBaseIT.java:154)
	at io.apicurio.tests.ApicurioRegistryBaseIT$RegistryApiErrorWatcher.logProblemDetails(ApicurioRegistryBaseIT.java:154)
	at io.apicurio.tests.ApicurioRegistryBaseIT$RegistryApiErrorWatcher.logProblemDetails(ApicurioRegistryBaseIT.java:154)
	at io.apicurio.tests.ApicurioRegistryBaseIT$RegistryApiErrorWatcher.logProblemDetails(ApicurioRegistryBaseIT.java:154)
	at io.apicurio.tests.ApicurioRegistryBaseIT$RegistryApiErrorWatcher.logProblemDetails(ApicurioRegistryBaseIT.java:154)
	at io.apicurio.tests.ApicurioRegistryBaseIT$RegistryApiErrorWatcher.logProblemDetails(ApicurioRegistryBaseIT.java:154)
	at io.apicurio.tests.ApicurioRegistryBaseIT$RegistryApiErrorWatcher.logProblemDetails(ApicurioRegistryBaseIT.java:154)
	at io.apicurio.tests.ApicurioRegistryBaseIT$RegistryApiErrorWatcher.logProblemDetails(ApicurioRegistryBaseIT.java:154)
	at io.apicurio.tests.ApicurioRegistryBaseIT$RegistryApiErrorWatcher.logProblemDetails(ApicurioRegistryBaseIT.java:154)
	at io.apicurio.tests.ApicurioRegistryBaseIT$RegistryApiErrorWatcher.logProblemDetails(ApicurioRegistryBaseIT.java:154)
	at io.apicurio.tests.ApicurioRegistryBaseIT$RegistryApiErrorWatcher.logProblemDetails(ApicurioRegistryBaseIT.java:154)
	at io.apicurio.tests.ApicurioRegistryBaseIT$RegistryApiErrorWatcher.logProblemDetails(ApicurioRegistryBaseIT.java:154)
	at io.apicurio.tests.ApicurioRegistryBaseIT$RegistryApiErrorWatcher.logProblemDetails(ApicurioRegistryBaseIT.java:154)
	at io.apicurio.tests.ApicurioRegistryBaseIT$RegistryApiErrorWatcher.logProblemDetails(ApicurioRegistryBaseIT.java:154)
	at io.apicurio.tests.ApicurioRegistryBaseIT$RegistryApiErrorWatcher.logProblemDetails(ApicurioRegistryBaseIT.java:154)
	at io.apicurio.tests.ApicurioRegistryBaseIT$RegistryApiErrorWatcher.logProblemDetails(ApicurioRegistryBaseIT.java:154)
	at io.apicurio.tests.ApicurioRegistryBaseIT$RegistryApiErrorWatcher.logProblemDetails(ApicurioRegistryBaseIT.java:154)
	at io.apicurio.tests.ApicurioRegistryBaseIT$RegistryApiErrorWatcher.logProblemDetails(ApicurioRegistryBaseIT.java:154)
	at io.apicurio.tests.ApicurioRegistryBaseIT$RegistryApiErrorWatcher.logProblemDetails(ApicurioRegistryBaseIT.java:154)
	at io.apicurio.tests.ApicurioRegistryBaseIT$RegistryApiErrorWatcher.logProblemDetails(ApicurioRegistryBaseIT.java:154)
	at io.apicurio.tests.ApicurioRegistryBaseIT$RegistryApiErrorWatcher.logProblemDetails(ApicurioRegistryBaseIT.java:154)
	at io.apicurio.tests.ApicurioRegistryBaseIT$RegistryApiErrorWatcher.logProblemDetails(ApicurioRegistryBaseIT.java:154)
	at io.apicurio.tests.ApicurioRegistryBaseIT$RegistryApiErrorWatcher.logProblemDetails(ApicurioRegistryBaseIT.java:154)
	at io.apicurio.tests.ApicurioRegistryBaseIT$RegistryApiErrorWatcher.logProblemDetails(ApicurioRegistryBaseIT.java:154)
	at io.apicurio.tests.ApicurioRegistryBaseIT$RegistryApiErrorWatcher.logProblemDetails(ApicurioRegistryBaseIT.java:154)
	at io.apicurio.tests.ApicurioRegistryBaseIT$RegistryApiErrorWatcher.logProblemDetails(ApicurioRegistryBaseIT.java:154)
	at io.apicurio.tests.ApicurioRegistryBaseIT$RegistryApiErrorWatcher.logProblemDetails(ApicurioRegistryBaseIT.java:154)
	at io.apicurio.tests.ApicurioRegistryBaseIT$RegistryApiErrorWatcher.logProblemDetails(ApicurioRegistryBaseIT.java:154)
	at io.apicurio.tests.ApicurioRegistryBaseIT$RegistryApiErrorWatcher.logProblemDetails(ApicurioRegistryBaseIT.java:154)
	at io.apicurio.tests.ApicurioRegistryBaseIT$RegistryApiErrorWatcher.logProblemDetails(ApicurioRegistryBaseIT.java:154)
	at io.apicurio.tests.ApicurioRegistryBaseIT$RegistryApiErrorWatcher.logProblemDetails(ApicurioRegistryBaseIT.java:154)
	at io.apicurio.tests.ApicurioRegistryBaseIT$RegistryApiErrorWatcher.logProblemDetails(ApicurioRegistryBaseIT.java:154)
	at io.apicurio.tests.ApicurioRegistryBaseIT$RegistryApiErrorWatcher.logProblemDetails(ApicurioRegistryBaseIT.java:154)
	at io.apicurio.tests.ApicurioRegistryBaseIT$RegistryApiErrorWatcher.logProblemDetails(ApicurioRegistryBaseIT.java:154)
	at io.apicurio.tests.ApicurioRegistryBaseIT$RegistryApiErrorWatcher.logProblemDetails(ApicurioRegistryBaseIT.java:154)
	at io.apicurio.tests.ApicurioRegistryBaseIT$RegistryApiErrorWatcher.logProblemDetails(ApicurioRegistryBaseIT.java:154)
	at io.apicurio.tests.ApicurioRegistryBaseIT$RegistryApiErrorWatcher.logProblemDetails(ApicurioRegistryBaseIT.java:154)
	at io.apicurio.tests.ApicurioRegistryBaseIT$RegistryApiErrorWatcher.logProblemDetails(ApicurioRegistryBaseIT.java:154)
	at io.apicurio.tests.ApicurioRegistryBaseIT$RegistryApiErrorWatcher.logProblemDetails(ApicurioRegistryBaseIT.java:154)
	at io.apicurio.tests.ApicurioRegistryBaseIT$RegistryApiErrorWatcher.logProblemDetails(ApicurioRegistryBaseIT.java:154)
	at io.apicurio.tests.ApicurioRegistryBaseIT$RegistryApiErrorWatcher.logProblemDetails(ApicurioRegistryBaseIT.java:154)
	at io.apicurio.tests.ApicurioRegistryBaseIT$RegistryApiErrorWatcher.logProblemDetails(ApicurioRegistryBaseIT.java:154)
	at io.apicurio.tests.ApicurioRegistryBaseIT$RegistryApiErrorWatcher.logProblemDetails(ApicurioRegistryBaseIT.java:154)
	at io.apicurio.tests.ApicurioRegistryBaseIT$RegistryApiErrorWatcher.logProblemDetails(ApicurioRegistryBaseIT.java:154)
	at io.apicurio.tests.ApicurioRegistryBaseIT$RegistryApiErrorWatcher.logProblemDetails(ApicurioRegistryBaseIT.java:154)
	at io.apicurio.tests.ApicurioRegistryBaseIT$RegistryApiErrorWatcher.logProblemDetails(ApicurioRegistryBaseIT.java:154)
	at io.apicurio.tests.ApicurioRegistryBaseIT$RegistryApiErrorWatcher.logProblemDetails(ApicurioRegistryBaseIT.java:154)
	at io.apicurio.tests.ApicurioRegistryBaseIT$RegistryApiErrorWatcher.logProblemDetails(ApicurioRegistryBaseIT.java:154)
	at io.apicurio.tests.ApicurioRegistryBaseIT$RegistryApiErrorWatcher.logProblemDetails(ApicurioRegistryBaseIT.java:154)
	at io.apicurio.tests.ApicurioRegistryBaseIT$RegistryApiErrorWatcher.logProblemDetails(ApicurioRegistryBaseIT.java:154)
	at io.apicurio.tests.ApicurioRegistryBaseIT$RegistryApiErrorWatcher.logProblemDetails(ApicurioRegistryBaseIT.java:154)
	at io.apicurio.tests.ApicurioRegistryBaseIT$RegistryApiErrorWatcher.logProblemDetails(ApicurioRegistryBaseIT.java:154)
	at io.apicurio.tests.ApicurioRegistryBaseIT$RegistryApiErrorWatcher.logProblemDetails(ApicurioRegistryBaseIT.java:154)
	at io.apicurio.tests.ApicurioRegistryBaseIT$RegistryApiErrorWatcher.logProblemDetails(ApicurioRegistryBaseIT.java:154)
	at io.apicurio.tests.ApicurioRegistryBaseIT$RegistryApiErrorWatcher.logProblemDetails(ApicurioRegistryBaseIT.java:154)
	at io.apicurio.tests.ApicurioRegistryBaseIT$RegistryApiErrorWatcher.logProblemDetails(ApicurioRegistryBaseIT.java:154)
	at io.apicurio.tests.ApicurioRegistryBaseIT$RegistryApiErrorWatcher.logProblemDetails(ApicurioRegistryBaseIT.java:154)
	at io.apicurio.tests.ApicurioRegistryBaseIT$RegistryApiErrorWatcher.logProblemDetails(ApicurioRegistryBaseIT.java:154)
	at io.apicurio.tests.ApicurioRegistryBaseIT$RegistryApiErrorWatcher.logProblemDetails(ApicurioRegistryBaseIT.java:154)
	at io.apicurio.tests.ApicurioRegistryBaseIT$RegistryApiErrorWatcher.logProblemDetails(ApicurioRegistryBaseIT.java:154)
	at io.apicurio.tests.ApicurioRegistryBaseIT$RegistryApiErrorWatcher.logProblemDetails(ApicurioRegistryBaseIT.java:154)
	at io.apicurio.tests.ApicurioRegistryBaseIT$RegistryApiErrorWatcher.logProblemDetails(ApicurioRegistryBaseIT.java:154)
	at io.apicurio.tests.ApicurioRegistryBaseIT$RegistryApiErrorWatcher.logProblemDetails(ApicurioRegistryBaseIT.java:154)
	at io.apicurio.tests.ApicurioRegistryBaseIT$RegistryApiErrorWatcher.logProblemDetails(ApicurioRegistryBaseIT.java:154)
	at io.apicurio.tests.ApicurioRegistryBaseIT$RegistryApiErrorWatcher.logProblemDetails(ApicurioRegistryBaseIT.java:154)
	at io.apicurio.tests.ApicurioRegistryBaseIT$RegistryApiErrorWatcher.logProblemDetails(ApicurioRegistryBaseIT.java:154)
	at io.apicurio.tests.ApicurioRegistryBaseIT$RegistryApiErrorWatcher.logProblemDetails(ApicurioRegistryBaseIT.java:154)
	at io.apicurio.tests.ApicurioRegistryBaseIT$RegistryApiErrorWatcher.logProblemDetails(ApicurioRegistryBaseIT.java:154)
	at io.apicurio.tests.ApicurioRegistryBaseIT$RegistryApiErrorWatcher.logProblemDetails(ApicurioRegistryBaseIT.java:154)
	at io.apicurio.tests.ApicurioRegistryBaseIT$RegistryApiErrorWatcher.logProblemDetails(ApicurioRegistryBaseIT.java:154)
	at io.apicurio.tests.ApicurioRegistryBaseIT$RegistryApiErrorWatcher.logProblemDetails(ApicurioRegistryBaseIT.java:154)
	at io.apicurio.tests.ApicurioRegistryBaseIT$RegistryApiErrorWatcher.logProblemDetails(ApicurioRegistryBaseIT.java:154)
	at io.apicurio.tests.ApicurioRegistryBaseIT$RegistryApiErrorWatcher.logProblemDetails(ApicurioRegistryBaseIT.java:154)
	at io.apicurio.tests.ApicurioRegistryBaseIT$RegistryApiErrorWatcher.logProblemDetails(ApicurioRegistryBaseIT.java:154)
	at io.apicurio.tests.ApicurioRegistryBaseIT$RegistryApiErrorWatcher.logProblemDetails(ApicurioRegistryBaseIT.java:154)
	at io.apicurio.tests.ApicurioRegistryBaseIT$RegistryApiErrorWatcher.logProblemDetails(ApicurioRegistryBaseIT.java:154)
	at io.apicurio.tests.ApicurioRegistryBaseIT$RegistryApiErrorWatcher.logProblemDetails(ApicurioRegistryBaseIT.java:154)
	at io.apicurio.tests.ApicurioRegistryBaseIT$RegistryApiErrorWatcher.logProblemDetails(ApicurioRegistryBaseIT.java:154)
	at io.apicurio.tests.ApicurioRegistryBaseIT$RegistryApiErrorWatcher.logProblemDetails(ApicurioRegistryBaseIT.java:154)
	at io.apicurio.tests.ApicurioRegistryBaseIT$RegistryApiErrorWatcher.logProblemDetails(ApicurioRegistryBaseIT.java:154)
	at io.apicurio.tests.ApicurioRegistryBaseIT$RegistryApiErrorWatcher.logProblemDetails(ApicurioRegistryBaseIT.java:154)
	at io.apicurio.tests.ApicurioRegistryBaseIT$RegistryApiErrorWatcher.logProblemDetails(ApicurioRegistryBaseIT.java:154)
	at io.apicurio.tests.ApicurioRegistryBaseIT$RegistryApiErrorWatcher.logProblemDetails(ApicurioRegistryBaseIT.java:154)
	at io.apicurio.tests.ApicurioRegistryBaseIT$RegistryApiErrorWatcher.logProblemDetails(ApicurioRegistryBaseIT.java:154)
	at io.apicurio.tests.ApicurioRegistryBaseIT$RegistryApiErrorWatcher.logProblemDetails(ApicurioRegistryBaseIT.java:154)
	at io.apicurio.tests.ApicurioRegistryBaseIT$RegistryApiErrorWatcher.logProblemDetails(ApicurioRegistryBaseIT.java:154)
	at io.apicurio.tests.ApicurioRegistryBaseIT$RegistryApiErrorWatcher.logProblemDetails(ApicurioRegistryBaseIT.java:154)
	at io.apicurio.tests.ApicurioRegistryBaseIT$RegistryApiErrorWatcher.logProblemDetails(ApicurioRegistryBaseIT.java:154)
	at io.apicurio.tests.ApicurioRegistryBaseIT$RegistryApiErrorWatcher.logProblemDetails(ApicurioRegistryBaseIT.java:154)
	at io.apicurio.tests.ApicurioRegistryBaseIT$RegistryApiErrorWatcher.logProblemDetails(ApicurioRegistryBaseIT.java:154)
	at io.apicurio.tests.ApicurioRegistryBaseIT$RegistryApiErrorWatcher.logProblemDetails(ApicurioRegistryBaseIT.java:154)
	at io.apicurio.tests.ApicurioRegistryBaseIT$RegistryApiErrorWatcher.logProblemDetails(ApicurioRegistryBaseIT.java:154)
	at io.apicurio.tests.ApicurioRegistryBaseIT$RegistryApiErrorWatcher.logProblemDetails(ApicurioRegistryBaseIT.java:154)
	at io.apicurio.tests.ApicurioRegistryBaseIT$RegistryApiErrorWatcher.logProblemDetails(ApicurioRegistryBaseIT.java:154)
	at io.apicurio.tests.ApicurioRegistryBaseIT$RegistryApiErrorWatcher.logProblemDetails(ApicurioRegistryBaseIT.java:154)
	at io.apicurio.tests.ApicurioRegistryBaseIT$RegistryApiErrorWatcher.logProblemDetails(ApicurioRegistryBaseIT.java:154)
	at io.apicurio.tests.ApicurioRegistryBaseIT$RegistryApiErrorWatcher.logProblemDetails(ApicurioRegistryBaseIT.java:154)
	at io.apicurio.tests.ApicurioRegistryBaseIT$RegistryApiErrorWatcher.logProblemDetails(ApicurioRegistryBaseIT.java:154)
	at io.apicurio.tests.ApicurioRegistryBaseIT$RegistryApiErrorWatcher.logProblemDetails(ApicurioRegistryBaseIT.java:154)
	at io.apicurio.tests.ApicurioRegistryBaseIT$RegistryApiErrorWatcher.logProblemDetails(ApicurioRegistryBaseIT.java:154)
	at io.apicurio.tests.ApicurioRegistryBaseIT$RegistryApiErrorWatcher.logProblemDetails(ApicurioRegistryBaseIT.java:154)
	at io.apicurio.tests.ApicurioRegistryBaseIT$RegistryApiErrorWatcher.logProblemDetails(ApicurioRegistryBaseIT.java:154)
	at io.apicurio.tests.ApicurioRegistryBaseIT$RegistryApiErrorWatcher.logProblemDetails(ApicurioRegistryBaseIT.java:154)
	at io.apicurio.tests.ApicurioRegistryBaseIT$RegistryApiErrorWatcher.logProblemDetails(ApicurioRegistryBaseIT.java:154)
	at io.apicurio.tests.ApicurioRegistryBaseIT$RegistryApiErrorWatcher.logProblemDetails(ApicurioRegistryBaseIT.java:154)
	at io.apicurio.tests.ApicurioRegistryBaseIT$RegistryApiErrorWatcher.logProblemDetails(ApicurioRegistryBaseIT.java:154)
	at io.apicurio.tests.ApicurioRegistryBaseIT$RegistryApiErrorWatcher.logProblemDetails(ApicurioRegistryBaseIT.java:154)
	at io.apicurio.tests.ApicurioRegistryBaseIT$RegistryApiErrorWatcher.logProblemDetails(ApicurioRegistryBaseIT.java:154)
	at io.apicurio.tests.ApicurioRegistryBaseIT$RegistryApiErrorWatcher.logProblemDetails(ApicurioRegistryBaseIT.java:154)
	at io.apicurio.tests.ApicurioRegistryBaseIT$RegistryApiErrorWatcher.logProblemDetails(ApicurioRegistryBaseIT.java:154)
	at io.apicurio.tests.ApicurioRegistryBaseIT$RegistryApiErrorWatcher.logProblemDetails(ApicurioRegistryBaseIT.java:154)
	at io.apicurio.tests.ApicurioRegistryBaseIT$RegistryApiErrorWatcher.logProblemDetails(ApicurioRegistryBaseIT.java:154)
	at io.apicurio.tests.ApicurioRegistryBaseIT$RegistryApiErrorWatcher.logProblemDetails(ApicurioRegistryBaseIT.java:154)
	at io.apicurio.tests.ApicurioRegistryBaseIT$RegistryApiErrorWatcher.logProblemDetails(ApicurioRegistryBaseIT.java:154)
	at io.apicurio.tests.ApicurioRegistryBaseIT$RegistryApiErrorWatcher.logProblemDetails(ApicurioRegistryBaseIT.java:154)
	at io.apicurio.tests.ApicurioRegistryBaseIT$RegistryApiErrorWatcher.logProblemDetails(ApicurioRegistryBaseIT.java:154)
	at io.apicurio.tests.ApicurioRegistryBaseIT$RegistryApiErrorWatcher.logProblemDetails(ApicurioRegistryBaseIT.java:154)
	at io.apicurio.tests.ApicurioRegistryBaseIT$RegistryApiErrorWatcher.logProblemDetails(ApicurioRegistryBaseIT.java:154)
	at io.apicurio.tests.ApicurioRegistryBaseIT$RegistryApiErrorWatcher.logProblemDetails(ApicurioRegistryBaseIT.java:154)
	at io.apicurio.tests.ApicurioRegistryBaseIT$RegistryApiErrorWatcher.logProblemDetails(ApicurioRegistryBaseIT.java:154)
	at io.apicurio.tests.ApicurioRegistryBaseIT$RegistryApiErrorWatcher.logProblemDetails(ApicurioRegistryBaseIT.java:154)
	at io.apicurio.tests.ApicurioRegistryBaseIT$RegistryApiErrorWatcher.logProblemDetails(ApicurioRegistryBaseIT.java:154)
	at io.apicurio.tests.ApicurioRegistryBaseIT$RegistryApiErrorWatcher.logProblemDetails(ApicurioRegistryBaseIT.java:154)
	at io.apicurio.tests.ApicurioRegistryBaseIT$RegistryApiErrorWatcher.logProblemDetails(ApicurioRegistryBaseIT.java:154)
	at io.apicurio.tests.ApicurioRegistryBaseIT$RegistryApiErrorWatcher.logProblemDetails(ApicurioRegistryBaseIT.java:154)
	at io.apicurio.tests.ApicurioRegistryBaseIT$RegistryApiErrorWatcher.logProblemDetails(ApicurioRegistryBaseIT.java:154)
	at io.apicurio.tests.ApicurioRegistryBaseIT$RegistryApiErrorWatcher.logProblemDetails(ApicurioRegistryBaseIT.java:154)
	at io.apicurio.tests.ApicurioRegistryBaseIT$RegistryApiErrorWatcher.logProblemDetails(ApicurioRegistryBaseIT.java:154)
	at io.apicurio.tests.ApicurioRegistryBaseIT$RegistryApiErrorWatcher.logProblemDetails(ApicurioRegistryBaseIT.java:154)
	at io.apicurio.tests.ApicurioRegistryBaseIT$RegistryApiErrorWatcher.logProblemDetails(ApicurioRegistryBaseIT.java:154)
	at io.apicurio.tests.ApicurioRegistryBaseIT$RegistryApiErrorWatcher.logProblemDetails(ApicurioRegistryBaseIT.java:154)
	at io.apicurio.tests.ApicurioRegistryBaseIT$RegistryApiErrorWatcher.logProblemDetails(ApicurioRegistryBaseIT.java:154)
	at io.apicurio.tests.ApicurioRegistryBaseIT$RegistryApiErrorWatcher.logProblemDetails(ApicurioRegistryBaseIT.java:154)
	at io.apicurio.tests.ApicurioRegistryBaseIT$RegistryApiErrorWatcher.logProblemDetails(ApicurioRegistryBaseIT.java:154)
	at io.apicurio.tests.ApicurioRegistryBaseIT$RegistryApiErrorWatcher.logProblemDetails(ApicurioRegistryBaseIT.java:154)
	at io.apicurio.tests.ApicurioRegistryBaseIT$RegistryApiErrorWatcher.logProblemDetails(ApicurioRegistryBaseIT.java:154)
	at io.apicurio.tests.ApicurioRegistryBaseIT$RegistryApiErrorWatcher.logProblemDetails(ApicurioRegistryBaseIT.java:154)
	at io.apicurio.tests.ApicurioRegistryBaseIT$RegistryApiErrorWatcher.logProblemDetails(ApicurioRegistryBaseIT.java:154)
	at io.apicurio.tests.ApicurioRegistryBaseIT$RegistryApiErrorWatcher.logProblemDetails(ApicurioRegistryBaseIT.java:154)
	at io.apicurio.tests.ApicurioRegistryBaseIT$RegistryApiErrorWatcher.logProblemDetails(ApicurioRegistryBaseIT.java:154)
	at io.apicurio.tests.ApicurioRegistryBaseIT$RegistryApiErrorWatcher.logProblemDetails(ApicurioRegistryBaseIT.java:154)
	at io.apicurio.tests.ApicurioRegistryBaseIT$RegistryApiErrorWatcher.logProblemDetails(ApicurioRegistryBaseIT.java:154)
	at io.apicurio.tests.ApicurioRegistryBaseIT$RegistryApiErrorWatcher.logProblemDetails(ApicurioRegistryBaseIT.java:154)
	at io.apicurio.tests.ApicurioRegistryBaseIT$RegistryApiErrorWatcher.logProblemDetails(ApicurioRegistryBaseIT.java:154)
	at io.apicurio.tests.ApicurioRegistryBaseIT$RegistryApiErrorWatcher.logProblemDetails(ApicurioRegistryBaseIT.java:154)
	at io.apicurio.tests.ApicurioRegistryBaseIT$RegistryApiErrorWatcher.logProblemDetails(ApicurioRegistryBaseIT.java:154)
	at io.apicurio.tests.ApicurioRegistryBaseIT$RegistryApiErrorWatcher.logProblemDetails(ApicurioRegistryBaseIT.java:154)
	at io.apicurio.tests.ApicurioRegistryBaseIT$RegistryApiErrorWatcher.logProblemDetails(ApicurioRegistryBaseIT.java:154)
	at io.apicurio.tests.ApicurioRegistryBaseIT$RegistryApiErrorWatcher.logProblemDetails(ApicurioRegistryBaseIT.java:154)
	at io.apicurio.tests.ApicurioRegistryBaseIT$RegistryApiErrorWatcher.logProblemDetails(ApicurioRegistryBaseIT.java:154)
	at io.apicurio.tests.ApicurioRegistryBaseIT$RegistryApiErrorWatcher.logProblemDetails(ApicurioRegistryBaseIT.java:154)
	at io.apicurio.tests.ApicurioRegistryBaseIT$RegistryApiErrorWatcher.logProblemDetails(ApicurioRegistryBaseIT.java:154)
	at io.apicurio.tests.ApicurioRegistryBaseIT$RegistryApiErrorWatcher.logProblemDetails(ApicurioRegistryBaseIT.java:154)
	at io.apicurio.tests.ApicurioRegistryBaseIT$RegistryApiErrorWatcher.logProblemDetails(ApicurioRegistryBaseIT.java:154)
	at io.apicurio.tests.ApicurioRegistryBaseIT$RegistryApiErrorWatcher.logProblemDetails(ApicurioRegistryBaseIT.java:154)
	at io.apicurio.tests.ApicurioRegistryBaseIT$RegistryApiErrorWatcher.logProblemDetails(ApicurioRegistryBaseIT.java:154)
	at io.apicurio.tests.ApicurioRegistryBaseIT$RegistryApiErrorWatcher.logProblemDetails(ApicurioRegistryBaseIT.java:154)
	at io.apicurio.tests.ApicurioRegistryBaseIT$RegistryApiErrorWatcher.logProblemDetails(ApicurioRegistryBaseIT.java:154)
	at io.apicurio.tests.ApicurioRegistryBaseIT$RegistryApiErrorWatcher.logProblemDetails(ApicurioRegistryBaseIT.java:154)
	at io.apicurio.tests.ApicurioRegistryBaseIT$RegistryApiErrorWatcher.logProblemDetails(ApicurioRegistryBaseIT.java:154)
	at io.apicurio.tests.ApicurioRegistryBaseIT$RegistryApiErrorWatcher.logProblemDetails(ApicurioRegistryBaseIT.java:154)
	at io.apicurio.tests.ApicurioRegistryBaseIT$RegistryApiErrorWatcher.logProblemDetails(ApicurioRegistryBaseIT.java:154)
	at io.apicurio.tests.ApicurioRegistryBaseIT$RegistryApiErrorWatcher.logProblemDetails(ApicurioRegistryBaseIT.java:154)
	at io.apicurio.tests.ApicurioRegistryBaseIT$RegistryApiErrorWatcher.logProblemDetails(ApicurioRegistryBaseIT.java:154)
	at io.apicurio.tests.ApicurioRegistryBaseIT$RegistryApiErrorWatcher.logProblemDetails(ApicurioRegistryBaseIT.java:154)
	at io.apicurio.tests.ApicurioRegistryBaseIT$RegistryApiErrorWatcher.logProblemDetails(ApicurioRegistryBaseIT.java:154)
	at io.apicurio.tests.ApicurioRegistryBaseIT$RegistryApiErrorWatcher.logProblemDetails(ApicurioRegistryBaseIT.java:154)
	at io.apicurio.tests.ApicurioRegistryBaseIT$RegistryApiErrorWatcher.logProblemDetails(ApicurioRegistryBaseIT.java:154)
	at io.apicurio.tests.ApicurioRegistryBaseIT$RegistryApiErrorWatcher.logProblemDetails(ApicurioRegistryBaseIT.java:154)
	at io.apicurio.tests.ApicurioRegistryBaseIT$RegistryApiErrorWatcher.logProblemDetails(ApicurioRegistryBaseIT.java:154)
	at io.apicurio.tests.ApicurioRegistryBaseIT$RegistryApiErrorWatcher.logProblemDetails(ApicurioRegistryBaseIT.java:154)
	at io.apicurio.tests.ApicurioRegistryBaseIT$RegistryApiErrorWatcher.logProblemDetails(ApicurioRegistryBaseIT.java:154)
	at io.apicurio.tests.ApicurioRegistryBaseIT$RegistryApiErrorWatcher.logProblemDetails(ApicurioRegistryBaseIT.java:154)
	at io.apicurio.tests.ApicurioRegistryBaseIT$RegistryApiErrorWatcher.logProblemDetails(ApicurioRegistryBaseIT.java:154)
	at io.apicurio.tests.ApicurioRegistryBaseIT$RegistryApiErrorWatcher.logProblemDetails(ApicurioRegistryBaseIT.java:154)
	at io.apicurio.tests.ApicurioRegistryBaseIT$RegistryApiErrorWatcher.logProblemDetails(ApicurioRegistryBaseIT.java:154)
	at io.apicurio.tests.ApicurioRegistryBaseIT$RegistryApiErrorWatcher.logProblemDetails(ApicurioRegistryBaseIT.java:154)
	at io.apicurio.tests.ApicurioRegistryBaseIT$RegistryApiErrorWatcher.logProblemDetails(ApicurioRegistryBaseIT.java:154)
	at io.apicurio.tests.ApicurioRegistryBaseIT$RegistryApiErrorWatcher.logProblemDetails(ApicurioRegistryBaseIT.java:154)
	at io.apicurio.tests.ApicurioRegistryBaseIT$RegistryApiErrorWatcher.logProblemDetails(ApicurioRegistryBaseIT.java:154)
	at io.apicurio.tests.ApicurioRegistryBaseIT$RegistryApiErrorWatcher.logProblemDetails(ApicurioRegistryBaseIT.java:154)
	at io.apicurio.tests.ApicurioRegistryBaseIT$RegistryApiErrorWatcher.logProblemDetails(ApicurioRegistryBaseIT.java:154)
	at io.apicurio.tests.ApicurioRegistryBaseIT$RegistryApiErrorWatcher.logProblemDetails(ApicurioRegistryBaseIT.java:154)
	at io.apicurio.tests.ApicurioRegistryBaseIT$RegistryApiErrorWatcher.logProblemDetails(ApicurioRegistryBaseIT.java:154)
	at io.apicurio.tests.ApicurioRegistryBaseIT$RegistryApiErrorWatcher.logProblemDetails(ApicurioRegistryBaseIT.java:154)
	at io.apicurio.tests.ApicurioRegistryBaseIT$RegistryApiErrorWatcher.logProblemDetails(ApicurioRegistryBaseIT.java:154)
	at io.apicurio.tests.ApicurioRegistryBaseIT$RegistryApiErrorWatcher.logProblemDetails(ApicurioRegistryBaseIT.java:154)
	at io.apicurio.tests.ApicurioRegistryBaseIT$RegistryApiErrorWatcher.logProblemDetails(ApicurioRegistryBaseIT.java:154)
	at io.apicurio.tests.ApicurioRegistryBaseIT$RegistryApiErrorWatcher.logProblemDetails(ApicurioRegistryBaseIT.java:154)
	at io.apicurio.tests.ApicurioRegistryBaseIT$RegistryApiErrorWatcher.logProblemDetails(ApicurioRegistryBaseIT.java:154)
	at io.apicurio.tests.ApicurioRegistryBaseIT$RegistryApiErrorWatcher.logProblemDetails(ApicurioRegistryBaseIT.java:154)
	at io.apicurio.tests.ApicurioRegistryBaseIT$RegistryApiErrorWatcher.logProblemDetails(ApicurioRegistryBaseIT.java:154)
	at io.apicurio.tests.ApicurioRegistryBaseIT$RegistryApiErrorWatcher.logProblemDetails(ApicurioRegistryBaseIT.java:154)
	at io.apicurio.tests.ApicurioRegistryBaseIT$RegistryApiErrorWatcher.logProblemDetails(ApicurioRegistryBaseIT.java:154)
	at io.apicurio.tests.ApicurioRegistryBaseIT$RegistryApiErrorWatcher.logProblemDetails(ApicurioRegistryBaseIT.java:154)
	at io.apicurio.tests.ApicurioRegistryBaseIT$RegistryApiErrorWatcher.logProblemDetails(ApicurioRegistryBaseIT.java:154)
	at io.apicurio.tests.ApicurioRegistryBaseIT$RegistryApiErrorWatcher.logProblemDetails(ApicurioRegistryBaseIT.java:154)
	at io.apicurio.tests.ApicurioRegistryBaseIT$RegistryApiErrorWatcher.logProblemDetails(ApicurioRegistryBaseIT.java:154)
	at io.apicurio.tests.ApicurioRegistryBaseIT$RegistryApiErrorWatcher.logProblemDetails(ApicurioRegistryBaseIT.java:154)
	at io.apicurio.tests.ApicurioRegistryBaseIT$RegistryApiErrorWatcher.logProblemDetails(ApicurioRegistryBaseIT.java:154)
	at io.apicurio.tests.ApicurioRegistryBaseIT$RegistryApiErrorWatcher.logProblemDetails(ApicurioRegistryBaseIT.java:154)
	at io.apicurio.tests.ApicurioRegistryBaseIT$RegistryApiErrorWatcher.logProblemDetails(ApicurioRegistryBaseIT.java:154)
	at io.apicurio.tests.ApicurioRegistryBaseIT$RegistryApiErrorWatcher.logProblemDetails(ApicurioRegistryBaseIT.java:154)
	at io.apicurio.tests.ApicurioRegistryBaseIT$RegistryApiErrorWatcher.logProblemDetails(ApicurioRegistryBaseIT.java:154)
	at io.apicurio.tests.ApicurioRegistryBaseIT$RegistryApiErrorWatcher.logProblemDetails(ApicurioRegistryBaseIT.java:154)
	at io.apicurio.tests.ApicurioRegistryBaseIT$RegistryApiErrorWatcher.logProblemDetails(ApicurioRegistryBaseIT.java:154)
	at io.apicurio.tests.ApicurioRegistryBaseIT$RegistryApiErrorWatcher.logProblemDetails(ApicurioRegistryBaseIT.java:154)
	at io.apicurio.tests.ApicurioRegistryBaseIT$RegistryApiErrorWatcher.logProblemDetails(ApicurioRegistryBaseIT.java:154)
	at io.apicurio.tests.ApicurioRegistryBaseIT$RegistryApiErrorWatcher.logProblemDetails(ApicurioRegistryBaseIT.java:154)
	at io.apicurio.tests.ApicurioRegistryBaseIT$RegistryApiErrorWatcher.logProblemDetails(ApicurioRegistryBaseIT.java:154)
	at io.apicurio.tests.ApicurioRegistryBaseIT$RegistryApiErrorWatcher.logProblemDetails(ApicurioRegistryBaseIT.java:154)
	at io.apicurio.tests.ApicurioRegistryBaseIT$RegistryApiErrorWatcher.logProblemDetails(ApicurioRegistryBaseIT.java:154)
	at io.apicurio.tests.ApicurioRegistryBaseIT$RegistryApiErrorWatcher.logProblemDetails(ApicurioRegistryBaseIT.java:154)
	at io.apicurio.tests.ApicurioRegistryBaseIT$RegistryApiErrorWatcher.logProblemDetails(ApicurioRegistryBaseIT.java:154)
	at io.apicurio.tests.ApicurioRegistryBaseIT$RegistryApiErrorWatcher.logProblemDetails(ApicurioRegistryBaseIT.java:154)
	at io.apicurio.tests.ApicurioRegistryBaseIT$RegistryApiErrorWatcher.logProblemDetails(ApicurioRegistryBaseIT.java:154)
	at io.apicurio.tests.ApicurioRegistryBaseIT$RegistryApiErrorWatcher.logProblemDetails(ApicurioRegistryBaseIT.java:154)
	at io.apicurio.tests.ApicurioRegistryBaseIT$RegistryApiErrorWatcher.logProblemDetails(ApicurioRegistryBaseIT.java:154)
	at io.apicurio.tests.ApicurioRegistryBaseIT$RegistryApiErrorWatcher.logProblemDetails(ApicurioRegistryBaseIT.java:154)
	at io.apicurio.tests.ApicurioRegistryBaseIT$RegistryApiErrorWatcher.logProblemDetails(ApicurioRegistryBaseIT.java:154)
	at io.apicurio.tests.ApicurioRegistryBaseIT$RegistryApiErrorWatcher.logProblemDetails(ApicurioRegistryBaseIT.java:154)
	at io.apicurio.tests.ApicurioRegistryBaseIT$RegistryApiErrorWatcher.logProblemDetails(ApicurioRegistryBaseIT.java:154)
	at io.apicurio.tests.ApicurioRegistryBaseIT$RegistryApiErrorWatcher.logProblemDetails(ApicurioRegistryBaseIT.java:154)
	at io.apicurio.tests.ApicurioRegistryBaseIT$RegistryApiErrorWatcher.logProblemDetails(ApicurioRegistryBaseIT.java:154)
	at io.apicurio.tests.ApicurioRegistryBaseIT$RegistryApiErrorWatcher.logProblemDetails(ApicurioRegistryBaseIT.java:154)
	at io.apicurio.tests.ApicurioRegistryBaseIT$RegistryApiErrorWatcher.logProblemDetails(ApicurioRegistryBaseIT.java:154)
	at io.apicurio.tests.ApicurioRegistryBaseIT$RegistryApiErrorWatcher.logProblemDetails(ApicurioRegistryBaseIT.java:154)
	at io.apicurio.tests.ApicurioRegistryBaseIT$RegistryApiErrorWatcher.logProblemDetails(ApicurioRegistryBaseIT.java:154)
	at io.apicurio.tests.ApicurioRegistryBaseIT$RegistryApiErrorWatcher.logProblemDetails(ApicurioRegistryBaseIT.java:154)
	at io.apicurio.tests.ApicurioRegistryBaseIT$RegistryApiErrorWatcher.logProblemDetails(ApicurioRegistryBaseIT.java:154)
	at io.apicurio.tests.ApicurioRegistryBaseIT$RegistryApiErrorWatcher.logProblemDetails(ApicurioRegistryBaseIT.java:154)
	at io.apicurio.tests.ApicurioRegistryBaseIT$RegistryApiErrorWatcher.logProblemDetails(ApicurioRegistryBaseIT.java:154)
	at io.apicurio.tests.ApicurioRegistryBaseIT$RegistryApiErrorWatcher.logProblemDetails(ApicurioRegistryBaseIT.java:154)
	at io.apicurio.tests.ApicurioRegistryBaseIT$RegistryApiErrorWatcher.logProblemDetails(ApicurioRegistryBaseIT.java:154)
	at io.apicurio.tests.ApicurioRegistryBaseIT$RegistryApiErrorWatcher.logProblemDetails(ApicurioRegistryBaseIT.java:154)
	at io.apicurio.tests.ApicurioRegistryBaseIT$RegistryApiErrorWatcher.logProblemDetails(ApicurioRegistryBaseIT.java:154)
	at io.apicurio.tests.ApicurioRegistryBaseIT$RegistryApiErrorWatcher.logProblemDetails(ApicurioRegistryBaseIT.java:154)
	at io.apicurio.tests.ApicurioRegistryBaseIT$RegistryApiErrorWatcher.logProblemDetails(ApicurioRegistryBaseIT.java:154)
	at io.apicurio.tests.ApicurioRegistryBaseIT$RegistryApiErrorWatcher.logProblemDetails(ApicurioRegistryBaseIT.java:154)
	at io.apicurio.tests.ApicurioRegistryBaseIT$RegistryApiErrorWatcher.logProblemDetails(ApicurioRegistryBaseIT.java:154)
	at io.apicurio.tests.ApicurioRegistryBaseIT$RegistryApiErrorWatcher.logProblemDetails(ApicurioRegistryBaseIT.java:154)
	at io.apicurio.tests.ApicurioRegistryBaseIT$RegistryApiErrorWatcher.logProblemDetails(ApicurioRegistryBaseIT.java:154)
	at io.apicurio.tests.ApicurioRegistryBaseIT$RegistryApiErrorWatcher.logProblemDetails(ApicurioRegistryBaseIT.java:154)
	at io.apicurio.tests.ApicurioRegistryBaseIT$RegistryApiErrorWatcher.logProblemDetails(ApicurioRegistryBaseIT.java:154)
	at io.apicurio.tests.ApicurioRegistryBaseIT$RegistryApiErrorWatcher.logProblemDetails(ApicurioRegistryBaseIT.java:154)
	at io.apicurio.tests.ApicurioRegistryBaseIT$RegistryApiErrorWatcher.logProblemDetails(ApicurioRegistryBaseIT.java:154)
	at io.apicurio.tests.ApicurioRegistryBaseIT$RegistryApiErrorWatcher.logProblemDetails(ApicurioRegistryBaseIT.java:154)
	at io.apicurio.tests.ApicurioRegistryBaseIT$RegistryApiErrorWatcher.logProblemDetails(ApicurioRegistryBaseIT.java:154)
	at io.apicurio.tests.ApicurioRegistryBaseIT$RegistryApiErrorWatcher.logProblemDetails(ApicurioRegistryBaseIT.java:154)
	at io.apicurio.tests.ApicurioRegistryBaseIT$RegistryApiErrorWatcher.logProblemDetails(ApicurioRegistryBaseIT.java:154)
	at io.apicurio.tests.ApicurioRegistryBaseIT$RegistryApiErrorWatcher.logProblemDetails(ApicurioRegistryBaseIT.java:154)
	at io.apicurio.tests.ApicurioRegistryBaseIT$RegistryApiErrorWatcher.logProblemDetails(ApicurioRegistryBaseIT.java:154)
	at io.apicurio.tests.ApicurioRegistryBaseIT$RegistryApiErrorWatcher.logProblemDetails(ApicurioRegistryBaseIT.java:154)
	at io.apicurio.tests.ApicurioRegistryBaseIT$RegistryApiErrorWatcher.logProblemDetails(ApicurioRegistryBaseIT.java:154)
	at io.apicurio.tests.ApicurioRegistryBaseIT$RegistryApiErrorWatcher.logProblemDetails(ApicurioRegistryBaseIT.java:154)
	at io.apicurio.tests.ApicurioRegistryBaseIT$RegistryApiErrorWatcher.logProblemDetails(ApicurioRegistryBaseIT.java:154)
	at io.apicurio.tests.ApicurioRegistryBaseIT$RegistryApiErrorWatcher.logProblemDetails(ApicurioRegistryBaseIT.java:154)
	at io.apicurio.tests.ApicurioRegistryBaseIT$RegistryApiErrorWatcher.logProblemDetails(ApicurioRegistryBaseIT.java:154)
	at io.apicurio.tests.ApicurioRegistryBaseIT$RegistryApiErrorWatcher.logProblemDetails(ApicurioRegistryBaseIT.java:154)
	at io.apicurio.tests.ApicurioRegistryBaseIT$RegistryApiErrorWatcher.logProblemDetails(ApicurioRegistryBaseIT.java:154)
	at io.apicurio.tests.ApicurioRegistryBaseIT$RegistryApiErrorWatcher.logProblemDetails(ApicurioRegistryBaseIT.java:154)
	at io.apicurio.tests.ApicurioRegistryBaseIT$RegistryApiErrorWatcher.logProblemDetails(ApicurioRegistryBaseIT.java:154)
	at io.apicurio.tests.ApicurioRegistryBaseIT$RegistryApiErrorWatcher.logProblemDetails(ApicurioRegistryBaseIT.java:154)
	at io.apicurio.tests.ApicurioRegistryBaseIT$RegistryApiErrorWatcher.logProblemDetails(ApicurioRegistryBaseIT.java:154)
	at io.apicurio.tests.ApicurioRegistryBaseIT$RegistryApiErrorWatcher.logProblemDetails(ApicurioRegistryBaseIT.java:154)
	at io.apicurio.tests.ApicurioRegistryBaseIT$RegistryApiErrorWatcher.logProblemDetails(ApicurioRegistryBaseIT.java:154)
	at io.apicurio.tests.ApicurioRegistryBaseIT$RegistryApiErrorWatcher.logProblemDetails(ApicurioRegistryBaseIT.java:154)
	at io.apicurio.tests.ApicurioRegistryBaseIT$RegistryApiErrorWatcher.logProblemDetails(ApicurioRegistryBaseIT.java:154)
	at io.apicurio.tests.ApicurioRegistryBaseIT$RegistryApiErrorWatcher.logProblemDetails(ApicurioRegistryBaseIT.java:154)
	at io.apicurio.tests.ApicurioRegistryBaseIT$RegistryApiErrorWatcher.logProblemDetails(ApicurioRegistryBaseIT.java:154)
	at io.apicurio.tests.ApicurioRegistryBaseIT$RegistryApiErrorWatcher.logProblemDetails(ApicurioRegistryBaseIT.java:154)
	at io.apicurio.tests.ApicurioRegistryBaseIT$RegistryApiErrorWatcher.logProblemDetails(ApicurioRegistryBaseIT.java:154)
	at io.apicurio.tests.ApicurioRegistryBaseIT$RegistryApiErrorWatcher.logProblemDetails(ApicurioRegistryBaseIT.java:154)
	at io.apicurio.tests.ApicurioRegistryBaseIT$RegistryApiErrorWatcher.logProblemDetails(ApicurioRegistryBaseIT.java:154)
	at io.apicurio.tests.ApicurioRegistryBaseIT$RegistryApiErrorWatcher.logProblemDetails(ApicurioRegistryBaseIT.java:154)
	at io.apicurio.tests.ApicurioRegistryBaseIT$RegistryApiErrorWatcher.logProblemDetails(ApicurioRegistryBaseIT.java:154)
	at io.apicurio.tests.ApicurioRegistryBaseIT$RegistryApiErrorWatcher.logProblemDetails(ApicurioRegistryBaseIT.java:154)
	at io.apicurio.tests.ApicurioRegistryBaseIT$RegistryApiErrorWatcher.logProblemDetails(ApicurioRegistryBaseIT.java:154)
	at io.apicurio.tests.ApicurioRegistryBaseIT$RegistryApiErrorWatcher.logProblemDetails(ApicurioRegistryBaseIT.java:154)
	at io.apicurio.tests.ApicurioRegistryBaseIT$RegistryApiErrorWatcher.logProblemDetails(ApicurioRegistryBaseIT.java:154)
	at io.apicurio.tests.ApicurioRegistryBaseIT$RegistryApiErrorWatcher.logProblemDetails(ApicurioRegistryBaseIT.java:154)
	at io.apicurio.tests.ApicurioRegistryBaseIT$RegistryApiErrorWatcher.logProblemDetails(ApicurioRegistryBaseIT.java:154)
	at io.apicurio.tests.ApicurioRegistryBaseIT$RegistryApiErrorWatcher.logProblemDetails(ApicurioRegistryBaseIT.java:154)
	at io.apicurio.tests.ApicurioRegistryBaseIT$RegistryApiErrorWatcher.logProblemDetails(ApicurioRegistryBaseIT.java:154)
	at io.apicurio.tests.ApicurioRegistryBaseIT$RegistryApiErrorWatcher.logProblemDetails(ApicurioRegistryBaseIT.java:154)
	at io.apicurio.tests.ApicurioRegistryBaseIT$RegistryApiErrorWatcher.logProblemDetails(ApicurioRegistryBaseIT.java:154)
	at io.apicurio.tests.ApicurioRegistryBaseIT$RegistryApiErrorWatcher.logProblemDetails(ApicurioRegistryBaseIT.java:154)
	at io.apicurio.tests.ApicurioRegistryBaseIT$RegistryApiErrorWatcher.logProblemDetails(ApicurioRegistryBaseIT.java:154)
	at io.apicurio.tests.ApicurioRegistryBaseIT$RegistryApiErrorWatcher.logProblemDetails(ApicurioRegistryBaseIT.java:154)
	at io.apicurio.tests.ApicurioRegistryBaseIT$RegistryApiErrorWatcher.logProblemDetails(ApicurioRegistryBaseIT.java:154)
	at io.apicurio.tests.ApicurioRegistryBaseIT$RegistryApiErrorWatcher.logProblemDetails(ApicurioRegistryBaseIT.java:154)
	at io.apicurio.tests.ApicurioRegistryBaseIT$RegistryApiErrorWatcher.logProblemDetails(ApicurioRegistryBaseIT.java:154)
	at io.apicurio.tests.ApicurioRegistryBaseIT$RegistryApiErrorWatcher.logProblemDetails(ApicurioRegistryBaseIT.java:154)
	at io.apicurio.tests.ApicurioRegistryBaseIT$RegistryApiErrorWatcher.logProblemDetails(ApicurioRegistryBaseIT.java:154)
	at io.apicurio.tests.ApicurioRegistryBaseIT$RegistryApiErrorWatcher.logProblemDetails(ApicurioRegistryBaseIT.java:154)
	at io.apicurio.tests.ApicurioRegistryBaseIT$RegistryApiErrorWatcher.logProblemDetails(ApicurioRegistryBaseIT.java:154)
	at io.apicurio.tests.ApicurioRegistryBaseIT$RegistryApiErrorWatcher.logProblemDetails(ApicurioRegistryBaseIT.java:154)
	at io.apicurio.tests.ApicurioRegistryBaseIT$RegistryApiErrorWatcher.logProblemDetails(ApicurioRegistryBaseIT.java:154)
	at io.apicurio.tests.ApicurioRegistryBaseIT$RegistryApiErrorWatcher.logProblemDetails(ApicurioRegistryBaseIT.java:154)
	at io.apicurio.tests.ApicurioRegistryBaseIT$RegistryApiErrorWatcher.logProblemDetails(ApicurioRegistryBaseIT.java:154)
	at io.apicurio.tests.ApicurioRegistryBaseIT$RegistryApiErrorWatcher.logProblemDetails(ApicurioRegistryBaseIT.java:154)
	at io.apicurio.tests.ApicurioRegistryBaseIT$RegistryApiErrorWatcher.logProblemDetails(ApicurioRegistryBaseIT.java:154)
	at io.apicurio.tests.ApicurioRegistryBaseIT$RegistryApiErrorWatcher.logProblemDetails(ApicurioRegistryBaseIT.java:154)
	at io.apicurio.tests.ApicurioRegistryBaseIT$RegistryApiErrorWatcher.logProblemDetails(ApicurioRegistryBaseIT.java:154)
	at io.apicurio.tests.ApicurioRegistryBaseIT$RegistryApiErrorWatcher.logProblemDetails(ApicurioRegistryBaseIT.java:154)
	at io.apicurio.tests.ApicurioRegistryBaseIT$RegistryApiErrorWatcher.logProblemDetails(ApicurioRegistryBaseIT.java:154)
	at io.apicurio.tests.ApicurioRegistryBaseIT$RegistryApiErrorWatcher.logProblemDetails(ApicurioRegistryBaseIT.java:154)
	at io.apicurio.tests.ApicurioRegistryBaseIT$RegistryApiErrorWatcher.logProblemDetails(ApicurioRegistryBaseIT.java:154)
	at io.apicurio.tests.ApicurioRegistryBaseIT$RegistryApiErrorWatcher.logProblemDetails(ApicurioRegistryBaseIT.java:154)
	at io.apicurio.tests.ApicurioRegistryBaseIT$RegistryApiErrorWatcher.logProblemDetails(ApicurioRegistryBaseIT.java:154)
	at io.apicurio.tests.ApicurioRegistryBaseIT$RegistryApiErrorWatcher.logProblemDetails(ApicurioRegistryBaseIT.java:154)
	at io.apicurio.tests.ApicurioRegistryBaseIT$RegistryApiErrorWatcher.logProblemDetails(ApicurioRegistryBaseIT.java:154)
	at io.apicurio.tests.ApicurioRegistryBaseIT$RegistryApiErrorWatcher.logProblemDetails(ApicurioRegistryBaseIT.java:154)
	at io.apicurio.tests.ApicurioRegistryBaseIT$RegistryApiErrorWatcher.logProblemDetails(ApicurioRegistryBaseIT.java:154)
	at io.apicurio.tests.ApicurioRegistryBaseIT$RegistryApiErrorWatcher.logProblemDetails(ApicurioRegistryBaseIT.java:154)
	at io.apicurio.tests.ApicurioRegistryBaseIT$RegistryApiErrorWatcher.logProblemDetails(ApicurioRegistryBaseIT.java:154)
	at io.apicurio.tests.ApicurioRegistryBaseIT$RegistryApiErrorWatcher.logProblemDetails(ApicurioRegistryBaseIT.java:154)
	at io.apicurio.tests.ApicurioRegistryBaseIT$RegistryApiErrorWatcher.logProblemDetails(ApicurioRegistryBaseIT.java:154)
	at io.apicurio.tests.ApicurioRegistryBaseIT$RegistryApiErrorWatcher.logProblemDetails(ApicurioRegistryBaseIT.java:154)
	at io.apicurio.tests.ApicurioRegistryBaseIT$RegistryApiErrorWatcher.logProblemDetails(ApicurioRegistryBaseIT.java:154)
	at io.apicurio.tests.ApicurioRegistryBaseIT$RegistryApiErrorWatcher.logProblemDetails(ApicurioRegistryBaseIT.java:154)
	at io.apicurio.tests.ApicurioRegistryBaseIT$RegistryApiErrorWatcher.logProblemDetails(ApicurioRegistryBaseIT.java:154)
	at io.apicurio.tests.ApicurioRegistryBaseIT$RegistryApiErrorWatcher.logProblemDetails(ApicurioRegistryBaseIT.java:154)
	at io.apicurio.tests.ApicurioRegistryBaseIT$RegistryApiErrorWatcher.logProblemDetails(ApicurioRegistryBaseIT.java:154)
	at io.apicurio.tests.ApicurioRegistryBaseIT$RegistryApiErrorWatcher.logProblemDetails(ApicurioRegistryBaseIT.java:154)
	at io.apicurio.tests.ApicurioRegistryBaseIT$RegistryApiErrorWatcher.logProblemDetails(ApicurioRegistryBaseIT.java:154)
	at io.apicurio.tests.ApicurioRegistryBaseIT$RegistryApiErrorWatcher.logProblemDetails(ApicurioRegistryBaseIT.java:154)
	at io.apicurio.tests.ApicurioRegistryBaseIT$RegistryApiErrorWatcher.logProblemDetails(ApicurioRegistryBaseIT.java:154)
	at io.apicurio.tests.ApicurioRegistryBaseIT$RegistryApiErrorWatcher.logProblemDetails(ApicurioRegistryBaseIT.java:154)
	at io.apicurio.tests.ApicurioRegistryBaseIT$RegistryApiErrorWatcher.logProblemDetails(ApicurioRegistryBaseIT.java:154)
	at io.apicurio.tests.ApicurioRegistryBaseIT$RegistryApiErrorWatcher.logProblemDetails(ApicurioRegistryBaseIT.java:154)
	at io.apicurio.tests.ApicurioRegistryBaseIT$RegistryApiErrorWatcher.logProblemDetails(ApicurioRegistryBaseIT.java:154)
	at io.apicurio.tests.ApicurioRegistryBaseIT$RegistryApiErrorWatcher.logProblemDetails(ApicurioRegistryBaseIT.java:154)
	at io.apicurio.tests.ApicurioRegistryBaseIT$RegistryApiErrorWatcher.logProblemDetails(ApicurioRegistryBaseIT.java:154)
	at io.apicurio.tests.ApicurioRegistryBaseIT$RegistryApiErrorWatcher.logProblemDetails(ApicurioRegistryBaseIT.java:154)
	at io.apicurio.tests.ApicurioRegistryBaseIT$RegistryApiErrorWatcher.logProblemDetails(ApicurioRegistryBaseIT.java:154)
	at io.apicurio.tests.ApicurioRegistryBaseIT$RegistryApiErrorWatcher.logProblemDetails(ApicurioRegistryBaseIT.java:154)
	at io.apicurio.tests.ApicurioRegistryBaseIT$RegistryApiErrorWatcher.logProblemDetails(ApicurioRegistryBaseIT.java:154)
	at io.apicurio.tests.ApicurioRegistryBaseIT$RegistryApiErrorWatcher.logProblemDetails(ApicurioRegistryBaseIT.java:154)
	at io.apicurio.tests.ApicurioRegistryBaseIT$RegistryApiErrorWatcher.logProblemDetails(ApicurioRegistryBaseIT.java:154)
	at io.apicurio.tests.ApicurioRegistryBaseIT$RegistryApiErrorWatcher.logProblemDetails(ApicurioRegistryBaseIT.java:154)
	at io.apicurio.tests.ApicurioRegistryBaseIT$RegistryApiErrorWatcher.logProblemDetails(ApicurioRegistryBaseIT.java:154)
	at io.apicurio.tests.ApicurioRegistryBaseIT$RegistryApiErrorWatcher.logProblemDetails(ApicurioRegistryBaseIT.java:154)
	at io.apicurio.tests.ApicurioRegistryBaseIT$RegistryApiErrorWatcher.logProblemDetails(ApicurioRegistryBaseIT.java:154)
	at io.apicurio.tests.ApicurioRegistryBaseIT$RegistryApiErrorWatcher.logProblemDetails(ApicurioRegistryBaseIT.java:154)
	at io.apicurio.tests.ApicurioRegistryBaseIT$RegistryApiErrorWatcher.logProblemDetails(ApicurioRegistryBaseIT.java:154)
	at io.apicurio.tests.ApicurioRegistryBaseIT$RegistryApiErrorWatcher.logProblemDetails(ApicurioRegistryBaseIT.java:154)
	at io.apicurio.tests.ApicurioRegistryBaseIT$RegistryApiErrorWatcher.logProblemDetails(ApicurioRegistryBaseIT.java:154)
	at io.apicurio.tests.ApicurioRegistryBaseIT$RegistryApiErrorWatcher.logProblemDetails(ApicurioRegistryBaseIT.java:154)
	at io.apicurio.tests.ApicurioRegistryBaseIT$RegistryApiErrorWatcher.logProblemDetails(ApicurioRegistryBaseIT.java:154)
	at io.apicurio.tests.ApicurioRegistryBaseIT$RegistryApiErrorWatcher.logProblemDetails(ApicurioRegistryBaseIT.java:154)
	at io.apicurio.tests.ApicurioRegistryBaseIT$RegistryApiErrorWatcher.logProblemDetails(ApicurioRegistryBaseIT.java:154)
	at io.apicurio.tests.ApicurioRegistryBaseIT$RegistryApiErrorWatcher.logProblemDetails(ApicurioRegistryBaseIT.java:154)
	at io.apicurio.tests.ApicurioRegistryBaseIT$RegistryApiErrorWatcher.logProblemDetails(ApicurioRegistryBaseIT.java:154)
	at io.apicurio.tests.ApicurioRegistryBaseIT$RegistryApiErrorWatcher.logProblemDetails(ApicurioRegistryBaseIT.java:154)
	at io.apicurio.tests.ApicurioRegistryBaseIT$RegistryApiErrorWatcher.logProblemDetails(ApicurioRegistryBaseIT.java:154)
	at io.apicurio.tests.ApicurioRegistryBaseIT$RegistryApiErrorWatcher.logProblemDetails(ApicurioRegistryBaseIT.java:154)
	at io.apicurio.tests.ApicurioRegistryBaseIT$RegistryApiErrorWatcher.logProblemDetails(ApicurioRegistryBaseIT.java:154)
	at io.apicurio.tests.ApicurioRegistryBaseIT$RegistryApiErrorWatcher.logProblemDetails(ApicurioRegistryBaseIT.java:154)
	at io.apicurio.tests.ApicurioRegistryBaseIT$RegistryApiErrorWatcher.logProblemDetails(ApicurioRegistryBaseIT.java:154)
	at io.apicurio.tests.ApicurioRegistryBaseIT$RegistryApiErrorWatcher.logProblemDetails(ApicurioRegistryBaseIT.java:154)
	at io.apicurio.tests.ApicurioRegistryBaseIT$RegistryApiErrorWatcher.logProblemDetails(ApicurioRegistryBaseIT.java:154)
	at io.apicurio.tests.ApicurioRegistryBaseIT$RegistryApiErrorWatcher.logProblemDetails(ApicurioRegistryBaseIT.java:154)
	at io.apicurio.tests.ApicurioRegistryBaseIT$RegistryApiErrorWatcher.logProblemDetails(ApicurioRegistryBaseIT.java:154)
	at io.apicurio.tests.ApicurioRegistryBaseIT$RegistryApiErrorWatcher.logProblemDetails(ApicurioRegistryBaseIT.java:154)
	at io.apicurio.tests.ApicurioRegistryBaseIT$RegistryApiErrorWatcher.logProblemDetails(ApicurioRegistryBaseIT.java:154)
	at io.apicurio.tests.ApicurioRegistryBaseIT$RegistryApiErrorWatcher.logProblemDetails(ApicurioRegistryBaseIT.java:154)
	at io.apicurio.tests.ApicurioRegistryBaseIT$RegistryApiErrorWatcher.logProblemDetails(ApicurioRegistryBaseIT.java:154)
	at io.apicurio.tests.ApicurioRegistryBaseIT$RegistryApiErrorWatcher.logProblemDetails(ApicurioRegistryBaseIT.java:154)
	at io.apicurio.tests.ApicurioRegistryBaseIT$RegistryApiErrorWatcher.logProblemDetails(ApicurioRegistryBaseIT.java:154)
	at io.apicurio.tests.ApicurioRegistryBaseIT$RegistryApiErrorWatcher.logProblemDetails(ApicurioRegistryBaseIT.java:154)
	at io.apicurio.tests.ApicurioRegistryBaseIT$RegistryApiErrorWatcher.logProblemDetails(ApicurioRegistryBaseIT.java:154)
	at io.apicurio.tests.ApicurioRegistryBaseIT$RegistryApiErrorWatcher.logProblemDetails(ApicurioRegistryBaseIT.java:154)
	at io.apicurio.tests.ApicurioRegistryBaseIT$RegistryApiErrorWatcher.logProblemDetails(ApicurioRegistryBaseIT.java:154)
	at io.apicurio.tests.ApicurioRegistryBaseIT$RegistryApiErrorWatcher.logProblemDetails(ApicurioRegistryBaseIT.java:154)
	at io.apicurio.tests.ApicurioRegistryBaseIT$RegistryApiErrorWatcher.logProblemDetails(ApicurioRegistryBaseIT.java:154)
	at io.apicurio.tests.ApicurioRegistryBaseIT$RegistryApiErrorWatcher.logProblemDetails(ApicurioRegistryBaseIT.java:154)
	at io.apicurio.tests.ApicurioRegistryBaseIT$RegistryApiErrorWatcher.logProblemDetails(ApicurioRegistryBaseIT.java:154)
	at io.apicurio.tests.ApicurioRegistryBaseIT$RegistryApiErrorWatcher.logProblemDetails(ApicurioRegistryBaseIT.java:154)
	at io.apicurio.tests.ApicurioRegistryBaseIT$RegistryApiErrorWatcher.logProblemDetails(ApicurioRegistryBaseIT.java:154)
	at io.apicurio.tests.ApicurioRegistryBaseIT$RegistryApiErrorWatcher.logProblemDetails(ApicurioRegistryBaseIT.java:154)
	at io.apicurio.tests.ApicurioRegistryBaseIT$RegistryApiErrorWatcher.logProblemDetails(ApicurioRegistryBaseIT.java:154)
	at io.apicurio.tests.ApicurioRegistryBaseIT$RegistryApiErrorWatcher.logProblemDetails(ApicurioRegistryBaseIT.java:154)
	at io.apicurio.tests.ApicurioRegistryBaseIT$RegistryApiErrorWatcher.logProblemDetails(ApicurioRegistryBaseIT.java:154)
	at io.apicurio.tests.ApicurioRegistryBaseIT$RegistryApiErrorWatcher.logProblemDetails(ApicurioRegistryBaseIT.java:154)
	at io.apicurio.tests.ApicurioRegistryBaseIT$RegistryApiErrorWatcher.logProblemDetails(ApicurioRegistryBaseIT.java:154)
	at io.apicurio.tests.ApicurioRegistryBaseIT$RegistryApiErrorWatcher.logProblemDetails(ApicurioRegistryBaseIT.java:154)
	at io.apicurio.tests.ApicurioRegistryBaseIT$RegistryApiErrorWatcher.logProblemDetails(ApicurioRegistryBaseIT.java:154)
	at io.apicurio.tests.ApicurioRegistryBaseIT$RegistryApiErrorWatcher.logProblemDetails(ApicurioRegistryBaseIT.java:154)
	at io.apicurio.tests.ApicurioRegistryBaseIT$RegistryApiErrorWatcher.logProblemDetails(ApicurioRegistryBaseIT.java:154)
	at io.apicurio.tests.ApicurioRegistryBaseIT$RegistryApiErrorWatcher.logProblemDetails(ApicurioRegistryBaseIT.java:154)
	at io.apicurio.tests.ApicurioRegistryBaseIT$RegistryApiErrorWatcher.logProblemDetails(ApicurioRegistryBaseIT.java:154)
	at io.apicurio.tests.ApicurioRegistryBaseIT$RegistryApiErrorWatcher.logProblemDetails(ApicurioRegistryBaseIT.java:154)
	at io.apicurio.tests.ApicurioRegistryBaseIT$RegistryApiErrorWatcher.logProblemDetails(ApicurioRegistryBaseIT.java:154)
	at io.apicurio.tests.ApicurioRegistryBaseIT$RegistryApiErrorWatcher.logProblemDetails(ApicurioRegistryBaseIT.java:154)
	at io.apicurio.tests.ApicurioRegistryBaseIT$RegistryApiErrorWatcher.logProblemDetails(ApicurioRegistryBaseIT.java:154)
	at io.apicurio.tests.ApicurioRegistryBaseIT$RegistryApiErrorWatcher.logProblemDetails(ApicurioRegistryBaseIT.java:154)
	at io.apicurio.tests.ApicurioRegistryBaseIT$RegistryApiErrorWatcher.logProblemDetails(ApicurioRegistryBaseIT.java:154)
	at io.apicurio.tests.ApicurioRegistryBaseIT$RegistryApiErrorWatcher.logProblemDetails(ApicurioRegistryBaseIT.java:154)
	at io.apicurio.tests.ApicurioRegistryBaseIT$RegistryApiErrorWatcher.logProblemDetails(ApicurioRegistryBaseIT.java:154)
	at io.apicurio.tests.ApicurioRegistryBaseIT$RegistryApiErrorWatcher.logProblemDetails(ApicurioRegistryBaseIT.java:154)
	at io.apicurio.tests.ApicurioRegistryBaseIT$RegistryApiErrorWatcher.logProblemDetails(ApicurioRegistryBaseIT.java:154)
	at io.apicurio.tests.ApicurioRegistryBaseIT$RegistryApiErrorWatcher.logProblemDetails(ApicurioRegistryBaseIT.java:154)
	at io.apicurio.tests.ApicurioRegistryBaseIT$RegistryApiErrorWatcher.logProblemDetails(ApicurioRegistryBaseIT.java:154)
	at io.apicurio.tests.ApicurioRegistryBaseIT$RegistryApiErrorWatcher.logProblemDetails(ApicurioRegistryBaseIT.java:154)
	at io.apicurio.tests.ApicurioRegistryBaseIT$RegistryApiErrorWatcher.logProblemDetails(ApicurioRegistryBaseIT.java:154)
	at io.apicurio.tests.ApicurioRegistryBaseIT$RegistryApiErrorWatcher.logProblemDetails(ApicurioRegistryBaseIT.java:154)
	at io.apicurio.tests.ApicurioRegistryBaseIT$RegistryApiErrorWatcher.logProblemDetails(ApicurioRegistryBaseIT.java:154)
	at io.apicurio.tests.ApicurioRegistryBaseIT$RegistryApiErrorWatcher.logProblemDetails(ApicurioRegistryBaseIT.java:154)
	at io.apicurio.tests.ApicurioRegistryBaseIT$RegistryApiErrorWatcher.logProblemDetails(ApicurioRegistryBaseIT.java:154)
	at io.apicurio.tests.ApicurioRegistryBaseIT$RegistryApiErrorWatcher.logProblemDetails(ApicurioRegistryBaseIT.java:154)
	at io.apicurio.tests.ApicurioRegistryBaseIT$RegistryApiErrorWatcher.logProblemDetails(ApicurioRegistryBaseIT.java:154)
	at io.apicurio.tests.ApicurioRegistryBaseIT$RegistryApiErrorWatcher.logProblemDetails(ApicurioRegistryBaseIT.java:154)
	at io.apicurio.tests.ApicurioRegistryBaseIT$RegistryApiErrorWatcher.logProblemDetails(ApicurioRegistryBaseIT.java:154)
	at io.apicurio.tests.ApicurioRegistryBaseIT$RegistryApiErrorWatcher.logProblemDetails(ApicurioRegistryBaseIT.java:154)
	at io.apicurio.tests.ApicurioRegistryBaseIT$RegistryApiErrorWatcher.logProblemDetails(ApicurioRegistryBaseIT.java:154)
	at io.apicurio.tests.ApicurioRegistryBaseIT$RegistryApiErrorWatcher.logProblemDetails(ApicurioRegistryBaseIT.java:154)
	at io.apicurio.tests.ApicurioRegistryBaseIT$RegistryApiErrorWatcher.logProblemDetails(ApicurioRegistryBaseIT.java:154)
	at io.apicurio.tests.ApicurioRegistryBaseIT$RegistryApiErrorWatcher.logProblemDetails(ApicurioRegistryBaseIT.java:154)
	at io.apicurio.tests.ApicurioRegistryBaseIT$RegistryApiErrorWatcher.logProblemDetails(ApicurioRegistryBaseIT.java:154)
	at io.apicurio.tests.ApicurioRegistryBaseIT$RegistryApiErrorWatcher.logProblemDetails(ApicurioRegistryBaseIT.java:154)
	at io.apicurio.tests.ApicurioRegistryBaseIT$RegistryApiErrorWatcher.logProblemDetails(ApicurioRegistryBaseIT.java:154)
	at io.apicurio.tests.ApicurioRegistryBaseIT$RegistryApiErrorWatcher.logProblemDetails(ApicurioRegistryBaseIT.java:154)
	at io.apicurio.tests.ApicurioRegistryBaseIT$RegistryApiErrorWatcher.logProblemDetails(ApicurioRegistryBaseIT.java:154)
	at io.apicurio.tests.ApicurioRegistryBaseIT$RegistryApiErrorWatcher.logProblemDetails(ApicurioRegistryBaseIT.java:154)
	at io.apicurio.tests.ApicurioRegistryBaseIT$RegistryApiErrorWatcher.logProblemDetails(ApicurioRegistryBaseIT.java:154)
	at io.apicurio.tests.ApicurioRegistryBaseIT$RegistryApiErrorWatcher.logProblemDetails(ApicurioRegistryBaseIT.java:154)
	at io.apicurio.tests.ApicurioRegistryBaseIT$RegistryApiErrorWatcher.logProblemDetails(ApicurioRegistryBaseIT.java:154)
	at io.apicurio.tests.ApicurioRegistryBaseIT$RegistryApiErrorWatcher.logProblemDetails(ApicurioRegistryBaseIT.java:154)
	at io.apicurio.tests.ApicurioRegistryBaseIT$RegistryApiErrorWatcher.logProblemDetails(ApicurioRegistryBaseIT.java:154)
	at io.apicurio.tests.ApicurioRegistryBaseIT$RegistryApiErrorWatcher.logProblemDetails(ApicurioRegistryBaseIT.java:154)
	at io.apicurio.tests.ApicurioRegistryBaseIT$RegistryApiErrorWatcher.logProblemDetails(ApicurioRegistryBaseIT.java:154)
	at io.apicurio.tests.ApicurioRegistryBaseIT$RegistryApiErrorWatcher.logProblemDetails(ApicurioRegistryBaseIT.java:154)
	at io.apicurio.tests.ApicurioRegistryBaseIT$RegistryApiErrorWatcher.logProblemDetails(ApicurioRegistryBaseIT.java:154)
	at io.apicurio.tests.ApicurioRegistryBaseIT$RegistryApiErrorWatcher.logProblemDetails(ApicurioRegistryBaseIT.java:154)
	at io.apicurio.tests.ApicurioRegistryBaseIT$RegistryApiErrorWatcher.logProblemDetails(ApicurioRegistryBaseIT.java:154)
	at io.apicurio.tests.ApicurioRegistryBaseIT$RegistryApiErrorWatcher.logProblemDetails(ApicurioRegistryBaseIT.java:154)
	at io.apicurio.tests.ApicurioRegistryBaseIT$RegistryApiErrorWatcher.logProblemDetails(ApicurioRegistryBaseIT.java:154)
	at io.apicurio.tests.ApicurioRegistryBaseIT$RegistryApiErrorWatcher.logProblemDetails(ApicurioRegistryBaseIT.java:154)
	at io.apicurio.tests.ApicurioRegistryBaseIT$RegistryApiErrorWatcher.logProblemDetails(ApicurioRegistryBaseIT.java:154)
	at io.apicurio.tests.ApicurioRegistryBaseIT$RegistryApiErrorWatcher.logProblemDetails(ApicurioRegistryBaseIT.java:154)
	at io.apicurio.tests.ApicurioRegistryBaseIT$RegistryApiErrorWatcher.logProblemDetails(ApicurioRegistryBaseIT.java:154)
	at io.apicurio.tests.ApicurioRegistryBaseIT$RegistryApiErrorWatcher.logProblemDetails(ApicurioRegistryBaseIT.java:154)
	at io.apicurio.tests.ApicurioRegistryBaseIT$RegistryApiErrorWatcher.logProblemDetails(ApicurioRegistryBaseIT.java:154)
	at io.apicurio.tests.ApicurioRegistryBaseIT$RegistryApiErrorWatcher.logProblemDetails(ApicurioRegistryBaseIT.java:154)
	at io.apicurio.tests.ApicurioRegistryBaseIT$RegistryApiErrorWatcher.logProblemDetails(ApicurioRegistryBaseIT.java:154)
	at io.apicurio.tests.ApicurioRegistryBaseIT$RegistryApiErrorWatcher.logProblemDetails(ApicurioRegistryBaseIT.java:154)
	at io.apicurio.tests.ApicurioRegistryBaseIT$RegistryApiErrorWatcher.logProblemDetails(ApicurioRegistryBaseIT.java:154)
	at io.apicurio.tests.ApicurioRegistryBaseIT$RegistryApiErrorWatcher.logProblemDetails(ApicurioRegistryBaseIT.java:154)
	at io.apicurio.tests.ApicurioRegistryBaseIT$RegistryApiErrorWatcher.logProblemDetails(ApicurioRegistryBaseIT.java:154)
	at io.apicurio.tests.ApicurioRegistryBaseIT$RegistryApiErrorWatcher.logProblemDetails(ApicurioRegistryBaseIT.java:154)
	at io.apicurio.tests.ApicurioRegistryBaseIT$RegistryApiErrorWatcher.logProblemDetails(ApicurioRegistryBaseIT.java:154)
	at io.apicurio.tests.ApicurioRegistryBaseIT$RegistryApiErrorWatcher.logProblemDetails(ApicurioRegistryBaseIT.java:154)
	at io.apicurio.tests.ApicurioRegistryBaseIT$RegistryApiErrorWatcher.logProblemDetails(ApicurioRegistryBaseIT.java:154)
	at io.apicurio.tests.ApicurioRegistryBaseIT$RegistryApiErrorWatcher.logProblemDetails(ApicurioRegistryBaseIT.java:154)
	at io.apicurio.tests.ApicurioRegistryBaseIT$RegistryApiErrorWatcher.logProblemDetails(ApicurioRegistryBaseIT.java:154)
	at io.apicurio.tests.ApicurioRegistryBaseIT$RegistryApiErrorWatcher.logProblemDetails(ApicurioRegistryBaseIT.java:154)
	at io.apicurio.tests.ApicurioRegistryBaseIT$RegistryApiErrorWatcher.logProblemDetails(ApicurioRegistryBaseIT.java:154)
	at io.apicurio.tests.ApicurioRegistryBaseIT$RegistryApiErrorWatcher.logProblemDetails(ApicurioRegistryBaseIT.java:154)
	at io.apicurio.tests.ApicurioRegistryBaseIT$RegistryApiErrorWatcher.logProblemDetails(ApicurioRegistryBaseIT.java:154)
	at io.apicurio.tests.ApicurioRegistryBaseIT$RegistryApiErrorWatcher.logProblemDetails(ApicurioRegistryBaseIT.java:154)
	at io.apicurio.tests.ApicurioRegistryBaseIT$RegistryApiErrorWatcher.logProblemDetails(ApicurioRegistryBaseIT.java:154)
	at io.apicurio.tests.ApicurioRegistryBaseIT$RegistryApiErrorWatcher.logProblemDetails(ApicurioRegistryBaseIT.java:154)
	at io.apicurio.tests.ApicurioRegistryBaseIT$RegistryApiErrorWatcher.logProblemDetails(ApicurioRegistryBaseIT.java:154)
	at io.apicurio.tests.ApicurioRegistryBaseIT$RegistryApiErrorWatcher.logProblemDetails(ApicurioRegistryBaseIT.java:154)
	at io.apicurio.tests.ApicurioRegistryBaseIT$RegistryApiErrorWatcher.logProblemDetails(ApicurioRegistryBaseIT.java:154)
	at io.apicurio.tests.ApicurioRegistryBaseIT$RegistryApiErrorWatcher.logProblemDetails(ApicurioRegistryBaseIT.java:154)
	at io.apicurio.tests.ApicurioRegistryBaseIT$RegistryApiErrorWatcher.logProblemDetails(ApicurioRegistryBaseIT.java:154)
	at io.apicurio.tests.ApicurioRegistryBaseIT$RegistryApiErrorWatcher.logProblemDetails(ApicurioRegistryBaseIT.java:154)
	at io.apicurio.tests.ApicurioRegistryBaseIT$RegistryApiErrorWatcher.logProblemDetails(ApicurioRegistryBaseIT.java:154)
	at io.apicurio.tests.ApicurioRegistryBaseIT$RegistryApiErrorWatcher.logProblemDetails(ApicurioRegistryBaseIT.java:154)
	at io.apicurio.tests.ApicurioRegistryBaseIT$RegistryApiErrorWatcher.logProblemDetails(ApicurioRegistryBaseIT.java:154)
	at io.apicurio.tests.ApicurioRegistryBaseIT$RegistryApiErrorWatcher.logProblemDetails(ApicurioRegistryBaseIT.java:154)
	at io.apicurio.tests.ApicurioRegistryBaseIT$RegistryApiErrorWatcher.logProblemDetails(ApicurioRegistryBaseIT.java:154)
	at io.apicurio.tests.ApicurioRegistryBaseIT$RegistryApiErrorWatcher.logProblemDetails(ApicurioRegistryBaseIT.java:154)
	at io.apicurio.tests.ApicurioRegistryBaseIT$RegistryApiErrorWatcher.logProblemDetails(ApicurioRegistryBaseIT.java:154)
	at io.apicurio.tests.ApicurioRegistryBaseIT$RegistryApiErrorWatcher.logProblemDetails(ApicurioRegistryBaseIT.java:154)
	at io.apicurio.tests.ApicurioRegistryBaseIT$RegistryApiErrorWatcher.logProblemDetails(ApicurioRegistryBaseIT.java:154)
	at io.apicurio.tests.ApicurioRegistryBaseIT$RegistryApiErrorWatcher.logProblemDetails(ApicurioRegistryBaseIT.java:154)
	at io.apicurio.tests.ApicurioRegistryBaseIT$RegistryApiErrorWatcher.logProblemDetails(ApicurioRegistryBaseIT.java:154)
	at io.apicurio.tests.ApicurioRegistryBaseIT$RegistryApiErrorWatcher.logProblemDetails(ApicurioRegistryBaseIT.java:154)
	at io.apicurio.tests.ApicurioRegistryBaseIT$RegistryApiErrorWatcher.logProblemDetails(ApicurioRegistryBaseIT.java:154)
	at io.apicurio.tests.ApicurioRegistryBaseIT$RegistryApiErrorWatcher.logProblemDetails(ApicurioRegistryBaseIT.java:154)
	at io.apicurio.tests.ApicurioRegistryBaseIT$RegistryApiErrorWatcher.logProblemDetails(ApicurioRegistryBaseIT.java:154)
	at io.apicurio.tests.ApicurioRegistryBaseIT$RegistryApiErrorWatcher.logProblemDetails(ApicurioRegistryBaseIT.java:154)
	at io.apicurio.tests.ApicurioRegistryBaseIT$RegistryApiErrorWatcher.logProblemDetails(ApicurioRegistryBaseIT.java:154)
	at io.apicurio.tests.ApicurioRegistryBaseIT$RegistryApiErrorWatcher.logProblemDetails(ApicurioRegistryBaseIT.java:154)
	at io.apicurio.tests.ApicurioRegistryBaseIT$RegistryApiErrorWatcher.logProblemDetails(ApicurioRegistryBaseIT.java:154)
	at io.apicurio.tests.ApicurioRegistryBaseIT$RegistryApiErrorWatcher.logProblemDetails(ApicurioRegistryBaseIT.java:154)
	at io.apicurio.tests.ApicurioRegistryBaseIT$RegistryApiErrorWatcher.logProblemDetails(ApicurioRegistryBaseIT.java:154)
	at io.apicurio.tests.ApicurioRegistryBaseIT$RegistryApiErrorWatcher.logProblemDetails(ApicurioRegistryBaseIT.java:154)
	at io.apicurio.tests.ApicurioRegistryBaseIT$RegistryApiErrorWatcher.logProblemDetails(ApicurioRegistryBaseIT.java:154)
	at io.apicurio.tests.ApicurioRegistryBaseIT$RegistryApiErrorWatcher.logProblemDetails(ApicurioRegistryBaseIT.java:154)
	at io.apicurio.tests.ApicurioRegistryBaseIT$RegistryApiErrorWatcher.logProblemDetails(ApicurioRegistryBaseIT.java:154)
	at io.apicurio.tests.ApicurioRegistryBaseIT$RegistryApiErrorWatcher.logProblemDetails(ApicurioRegistryBaseIT.java:154)
	at io.apicurio.tests.ApicurioRegistryBaseIT$RegistryApiErrorWatcher.logProblemDetails(ApicurioRegistryBaseIT.java:154)
	at io.apicurio.tests.ApicurioRegistryBaseIT$RegistryApiErrorWatcher.logProblemDetails(ApicurioRegistryBaseIT.java:154)
	at io.apicurio.tests.ApicurioRegistryBaseIT$RegistryApiErrorWatcher.logProblemDetails(ApicurioRegistryBaseIT.java:154)
	at io.apicurio.tests.ApicurioRegistryBaseIT$RegistryApiErrorWatcher.logProblemDetails(ApicurioRegistryBaseIT.java:154)
	at io.apicurio.tests.ApicurioRegistryBaseIT$RegistryApiErrorWatcher.logProblemDetails(ApicurioRegistryBaseIT.java:154)
	at io.apicurio.tests.ApicurioRegistryBaseIT$RegistryApiErrorWatcher.logProblemDetails(ApicurioRegistryBaseIT.java:154)
	at io.apicurio.tests.ApicurioRegistryBaseIT$RegistryApiErrorWatcher.logProblemDetails(ApicurioRegistryBaseIT.java:154)
	at io.apicurio.tests.ApicurioRegistryBaseIT$RegistryApiErrorWatcher.logProblemDetails(ApicurioRegistryBaseIT.java:154)
	at io.apicurio.tests.ApicurioRegistryBaseIT$RegistryApiErrorWatcher.logProblemDetails(ApicurioRegistryBaseIT.java:154)
	at io.apicurio.tests.ApicurioRegistryBaseIT$RegistryApiErrorWatcher.logProblemDetails(ApicurioRegistryBaseIT.java:154)
	at io.apicurio.tests.ApicurioRegistryBaseIT$RegistryApiErrorWatcher.logProblemDetails(ApicurioRegistryBaseIT.java:154)
	at io.apicurio.tests.ApicurioRegistryBaseIT$RegistryApiErrorWatcher.logProblemDetails(ApicurioRegistryBaseIT.java:154)
	at io.apicurio.tests.ApicurioRegistryBaseIT$RegistryApiErrorWatcher.logProblemDetails(ApicurioRegistryBaseIT.java:154)
	at io.apicurio.tests.ApicurioRegistryBaseIT$RegistryApiErrorWatcher.logProblemDetails(ApicurioRegistryBaseIT.java:154)
	at io.apicurio.tests.ApicurioRegistryBaseIT$RegistryApiErrorWatcher.logProblemDetails(ApicurioRegistryBaseIT.java:154)
	at io.apicurio.tests.ApicurioRegistryBaseIT$RegistryApiErrorWatcher.logProblemDetails(ApicurioRegistryBaseIT.java:154)
	at io.apicurio.tests.ApicurioRegistryBaseIT$RegistryApiErrorWatcher.logProblemDetails(ApicurioRegistryBaseIT.java:154)
	at io.apicurio.tests.ApicurioRegistryBaseIT$RegistryApiErrorWatcher.logProblemDetails(ApicurioRegistryBaseIT.java:154)
	at io.apicurio.tests.ApicurioRegistryBaseIT$RegistryApiErrorWatcher.logProblemDetails(ApicurioRegistryBaseIT.java:154)
	at io.apicurio.tests.ApicurioRegistryBaseIT$RegistryApiErrorWatcher.logProblemDetails(ApicurioRegistryBaseIT.java:154)
	at io.apicurio.tests.ApicurioRegistryBaseIT$RegistryApiErrorWatcher.logProblemDetails(ApicurioRegistryBaseIT.java:154)
	at io.apicurio.tests.ApicurioRegistryBaseIT$RegistryApiErrorWatcher.logProblemDetails(ApicurioRegistryBaseIT.java:154)
	at io.apicurio.tests.ApicurioRegistryBaseIT$RegistryApiErrorWatcher.logProblemDetails(ApicurioRegistryBaseIT.java:154)
	at io.apicurio.tests.ApicurioRegistryBaseIT$RegistryApiErrorWatcher.logProblemDetails(ApicurioRegistryBaseIT.java:154)
	at io.apicurio.tests.ApicurioRegistryBaseIT$RegistryApiErrorWatcher.logProblemDetails(ApicurioRegistryBaseIT.java:154)
	at io.apicurio.tests.ApicurioRegistryBaseIT$RegistryApiErrorWatcher.logProblemDetails(ApicurioRegistryBaseIT.java:154)
	at io.apicurio.tests.ApicurioRegistryBaseIT$RegistryApiErrorWatcher.logProblemDetails(ApicurioRegistryBaseIT.java:154)
	at io.apicurio.tests.ApicurioRegistryBaseIT$RegistryApiErrorWatcher.logProblemDetails(ApicurioRegistryBaseIT.java:154)
	at io.apicurio.tests.ApicurioRegistryBaseIT$RegistryApiErrorWatcher.logProblemDetails(ApicurioRegistryBaseIT.java:154)
	at io.apicurio.tests.ApicurioRegistryBaseIT$RegistryApiErrorWatcher.logProblemDetails(ApicurioRegistryBaseIT.java:154)
	at io.apicurio.tests.ApicurioRegistryBaseIT$RegistryApiErrorWatcher.logProblemDetails(ApicurioRegistryBaseIT.java:154)
	at io.apicurio.tests.ApicurioRegistryBaseIT$RegistryApiErrorWatcher.logProblemDetails(ApicurioRegistryBaseIT.java:154)
	at io.apicurio.tests.ApicurioRegistryBaseIT$RegistryApiErrorWatcher.logProblemDetails(ApicurioRegistryBaseIT.java:154)
	at io.apicurio.tests.ApicurioRegistryBaseIT$RegistryApiErrorWatcher.logProblemDetails(ApicurioRegistryBaseIT.java:154)
	at io.apicurio.tests.ApicurioRegistryBaseIT$RegistryApiErrorWatcher.logProblemDetails(ApicurioRegistryBaseIT.java:154)
	at io.apicurio.tests.ApicurioRegistryBaseIT$RegistryApiErrorWatcher.logProblemDetails(ApicurioRegistryBaseIT.java:154)
	at io.apicurio.tests.ApicurioRegistryBaseIT$RegistryApiErrorWatcher.logProblemDetails(ApicurioRegistryBaseIT.java:154)
	at io.apicurio.tests.ApicurioRegistryBaseIT$RegistryApiErrorWatcher.logProblemDetails(ApicurioRegistryBaseIT.java:154)
	at io.apicurio.tests.ApicurioRegistryBaseIT$RegistryApiErrorWatcher.logProblemDetails(ApicurioRegistryBaseIT.java:154)
	at io.apicurio.tests.ApicurioRegistryBaseIT$RegistryApiErrorWatcher.logProblemDetails(ApicurioRegistryBaseIT.java:154)
	at io.apicurio.tests.ApicurioRegistryBaseIT$RegistryApiErrorWatcher.logProblemDetails(ApicurioRegistryBaseIT.java:154)
	at io.apicurio.tests.ApicurioRegistryBaseIT$RegistryApiErrorWatcher.logProblemDetails(ApicurioRegistryBaseIT.java:154)
	at io.apicurio.tests.ApicurioRegistryBaseIT$RegistryApiErrorWatcher.logProblemDetails(ApicurioRegistryBaseIT.java:154)
	at io.apicurio.tests.ApicurioRegistryBaseIT$RegistryApiErrorWatcher.logProblemDetails(ApicurioRegistryBaseIT.java:154)
	at io.apicurio.tests.ApicurioRegistryBaseIT$RegistryApiErrorWatcher.logProblemDetails(ApicurioRegistryBaseIT.java:154)
	at io.apicurio.tests.ApicurioRegistryBaseIT$RegistryApiErrorWatcher.logProblemDetails(ApicurioRegistryBaseIT.java:154)
	at io.apicurio.tests.ApicurioRegistryBaseIT$RegistryApiErrorWatcher.logProblemDetails(ApicurioRegistryBaseIT.java:154)
	at io.apicurio.tests.ApicurioRegistryBaseIT$RegistryApiErrorWatcher.logProblemDetails(ApicurioRegistryBaseIT.java:154)
	at io.apicurio.tests.ApicurioRegistryBaseIT$RegistryApiErrorWatcher.logProblemDetails(ApicurioRegistryBaseIT.java:154)
	at io.apicurio.tests.ApicurioRegistryBaseIT$RegistryApiErrorWatcher.logProblemDetails(ApicurioRegistryBaseIT.java:154)
	at io.apicurio.tests.ApicurioRegistryBaseIT$RegistryApiErrorWatcher.logProblemDetails(ApicurioRegistryBaseIT.java:154)
	at io.apicurio.tests.ApicurioRegistryBaseIT$RegistryApiErrorWatcher.logProblemDetails(ApicurioRegistryBaseIT.java:154)
	at io.apicurio.tests.ApicurioRegistryBaseIT$RegistryApiErrorWatcher.logProblemDetails(ApicurioRegistryBaseIT.java:154)
	at io.apicurio.tests.ApicurioRegistryBaseIT$RegistryApiErrorWatcher.logProblemDetails(ApicurioRegistryBaseIT.java:154)
	at io.apicurio.tests.ApicurioRegistryBaseIT$RegistryApiErrorWatcher.logProblemDetails(ApicurioRegistryBaseIT.java:154)
	at io.apicurio.tests.ApicurioRegistryBaseIT$RegistryApiErrorWatcher.logProblemDetails(ApicurioRegistryBaseIT.java:154)
	at io.apicurio.tests.ApicurioRegistryBaseIT$RegistryApiErrorWatcher.logProblemDetails(ApicurioRegistryBaseIT.java:154)
	at io.apicurio.tests.ApicurioRegistryBaseIT$RegistryApiErrorWatcher.logProblemDetails(ApicurioRegistryBaseIT.java:154)
	at io.apicurio.tests.ApicurioRegistryBaseIT$RegistryApiErrorWatcher.logProblemDetails(ApicurioRegistryBaseIT.java:154)
	at io.apicurio.tests.ApicurioRegistryBaseIT$RegistryApiErrorWatcher.logProblemDetails(ApicurioRegistryBaseIT.java:154)
	at io.apicurio.tests.ApicurioRegistryBaseIT$RegistryApiErrorWatcher.logProblemDetails(ApicurioRegistryBaseIT.java:154)
	at io.apicurio.tests.ApicurioRegistryBaseIT$RegistryApiErrorWatcher.logProblemDetails(ApicurioRegistryBaseIT.java:154)
	at io.apicurio.tests.ApicurioRegistryBaseIT$RegistryApiErrorWatcher.logProblemDetails(ApicurioRegistryBaseIT.java:154)
	at io.apicurio.tests.ApicurioRegistryBaseIT$RegistryApiErrorWatcher.logProblemDetails(ApicurioRegistryBaseIT.java:154)
	at io.apicurio.tests.ApicurioRegistryBaseIT$RegistryApiErrorWatcher.logProblemDetails(ApicurioRegistryBaseIT.java:154)
	at io.apicurio.tests.ApicurioRegistryBaseIT$RegistryApiErrorWatcher.logProblemDetails(ApicurioRegistryBaseIT.java:154)
	at io.apicurio.tests.ApicurioRegistryBaseIT$RegistryApiErrorWatcher.logProblemDetails(ApicurioRegistryBaseIT.java:154)
	at io.apicurio.tests.ApicurioRegistryBaseIT$RegistryApiErrorWatcher.logProblemDetails(ApicurioRegistryBaseIT.java:154)
	at io.apicurio.tests.ApicurioRegistryBaseIT$RegistryApiErrorWatcher.logProblemDetails(ApicurioRegistryBaseIT.java:154)
	at io.apicurio.tests.ApicurioRegistryBaseIT$RegistryApiErrorWatcher.logProblemDetails(ApicurioRegistryBaseIT.java:154)
	at io.apicurio.tests.ApicurioRegistryBaseIT$RegistryApiErrorWatcher.logProblemDetails(ApicurioRegistryBaseIT.java:154)
	at io.apicurio.tests.ApicurioRegistryBaseIT$RegistryApiErrorWatcher.logProblemDetails(ApicurioRegistryBaseIT.java:154)
	at io.apicurio.tests.ApicurioRegistryBaseIT$RegistryApiErrorWatcher.logProblemDetails(ApicurioRegistryBaseIT.java:154)
	at io.apicurio.tests.ApicurioRegistryBaseIT$RegistryApiErrorWatcher.logProblemDetails(ApicurioRegistryBaseIT.java:154)
	at io.apicurio.tests.ApicurioRegistryBaseIT$RegistryApiErrorWatcher.logProblemDetails(ApicurioRegistryBaseIT.java:154)
	at io.apicurio.tests.ApicurioRegistryBaseIT$RegistryApiErrorWatcher.logProblemDetails(ApicurioRegistryBaseIT.java:154)
	at io.apicurio.tests.ApicurioRegistryBaseIT$RegistryApiErrorWatcher.logProblemDetails(ApicurioRegistryBaseIT.java:154)
	at io.apicurio.tests.ApicurioRegistryBaseIT$RegistryApiErrorWatcher.logProblemDetails(ApicurioRegistryBaseIT.java:154)
	at io.apicurio.tests.ApicurioRegistryBaseIT$RegistryApiErrorWatcher.logProblemDetails(ApicurioRegistryBaseIT.java:154)
	at io.apicurio.tests.ApicurioRegistryBaseIT$RegistryApiErrorWatcher.logProblemDetails(ApicurioRegistryBaseIT.java:154)
	at io.apicurio.tests.ApicurioRegistryBaseIT$RegistryApiErrorWatcher.logProblemDetails(ApicurioRegistryBaseIT.java:154)
	at io.apicurio.tests.ApicurioRegistryBaseIT$RegistryApiErrorWatcher.logProblemDetails(ApicurioRegistryBaseIT.java:154)
	at io.apicurio.tests.ApicurioRegistryBaseIT$RegistryApiErrorWatcher.logProblemDetails(ApicurioRegistryBaseIT.java:154)
	at io.apicurio.tests.ApicurioRegistryBaseIT$RegistryApiErrorWatcher.logProblemDetails(ApicurioRegistryBaseIT.java:154)
	at io.apicurio.tests.ApicurioRegistryBaseIT$RegistryApiErrorWatcher.logProblemDetails(ApicurioRegistryBaseIT.java:154)
	at io.apicurio.tests.ApicurioRegistryBaseIT$RegistryApiErrorWatcher.logProblemDetails(ApicurioRegistryBaseIT.java:154)
	at io.apicurio.tests.ApicurioRegistryBaseIT$RegistryApiErrorWatcher.logProblemDetails(ApicurioRegistryBaseIT.java:154)
	at io.apicurio.tests.ApicurioRegistryBaseIT$RegistryApiErrorWatcher.logProblemDetails(ApicurioRegistryBaseIT.java:154)
	at io.apicurio.tests.ApicurioRegistryBaseIT$RegistryApiErrorWatcher.logProblemDetails(ApicurioRegistryBaseIT.java:154)
	at io.apicurio.tests.ApicurioRegistryBaseIT$RegistryApiErrorWatcher.logProblemDetails(ApicurioRegistryBaseIT.java:154)
	at io.apicurio.tests.ApicurioRegistryBaseIT$RegistryApiErrorWatcher.logProblemDetails(ApicurioRegistryBaseIT.java:154)
	at io.apicurio.tests.ApicurioRegistryBaseIT$RegistryApiErrorWatcher.logProblemDetails(ApicurioRegistryBaseIT.java:154)
	at io.apicurio.tests.ApicurioRegistryBaseIT$RegistryApiErrorWatcher.logProblemDetails(ApicurioRegistryBaseIT.java:154)
	at io.apicurio.tests.ApicurioRegistryBaseIT$RegistryApiErrorWatcher.logProblemDetails(ApicurioRegistryBaseIT.java:154)
	at io.apicurio.tests.ApicurioRegistryBaseIT$RegistryApiErrorWatcher.logProblemDetails(ApicurioRegistryBaseIT.java:154)
	at io.apicurio.tests.ApicurioRegistryBaseIT$RegistryApiErrorWatcher.logProblemDetails(ApicurioRegistryBaseIT.java:154)
	at io.apicurio.tests.ApicurioRegistryBaseIT$RegistryApiErrorWatcher.logProblemDetails(ApicurioRegistryBaseIT.java:154)
	at io.apicurio.tests.ApicurioRegistryBaseIT$RegistryApiErrorWatcher.logProblemDetails(ApicurioRegistryBaseIT.java:154)
	at io.apicurio.tests.ApicurioRegistryBaseIT$RegistryApiErrorWatcher.logProblemDetails(ApicurioRegistryBaseIT.java:154)
	at io.apicurio.tests.ApicurioRegistryBaseIT$RegistryApiErrorWatcher.logProblemDetails(ApicurioRegistryBaseIT.java:154)
	at io.apicurio.tests.ApicurioRegistryBaseIT$RegistryApiErrorWatcher.logProblemDetails(ApicurioRegistryBaseIT.java:154)
	at io.apicurio.tests.ApicurioRegistryBaseIT$RegistryApiErrorWatcher.logProblemDetails(ApicurioRegistryBaseIT.java:154)
	at io.apicurio.tests.ApicurioRegistryBaseIT$RegistryApiErrorWatcher.logProblemDetails(ApicurioRegistryBaseIT.java:154)
	at io.apicurio.tests.ApicurioRegistryBaseIT$RegistryApiErrorWatcher.logProblemDetails(ApicurioRegistryBaseIT.java:154)
	at io.apicurio.tests.ApicurioRegistryBaseIT$RegistryApiErrorWatcher.logProblemDetails(ApicurioRegistryBaseIT.java:154)
	at io.apicurio.tests.ApicurioRegistryBaseIT$RegistryApiErrorWatcher.logProblemDetails(ApicurioRegistryBaseIT.java:154)
	at io.apicurio.tests.ApicurioRegistryBaseIT$RegistryApiErrorWatcher.logProblemDetails(ApicurioRegistryBaseIT.java:154)
	at io.apicurio.tests.ApicurioRegistryBaseIT$RegistryApiErrorWatcher.logProblemDetails(ApicurioRegistryBaseIT.java:154)
	at io.apicurio.tests.ApicurioRegistryBaseIT$RegistryApiErrorWatcher.logProblemDetails(ApicurioRegistryBaseIT.java:154)
	at io.apicurio.tests.ApicurioRegistryBaseIT$RegistryApiErrorWatcher.logProblemDetails(ApicurioRegistryBaseIT.java:154)
	at io.apicurio.tests.ApicurioRegistryBaseIT$RegistryApiErrorWatcher.logProblemDetails(ApicurioRegistryBaseIT.java:154)
	at io.apicurio.tests.ApicurioRegistryBaseIT$RegistryApiErrorWatcher.logProblemDetails(ApicurioRegistryBaseIT.java:154)
	at io.apicurio.tests.ApicurioRegistryBaseIT$RegistryApiErrorWatcher.logProblemDetails(ApicurioRegistryBaseIT.java:154)
	at io.apicurio.tests.ApicurioRegistryBaseIT$RegistryApiErrorWatcher.logProblemDetails(ApicurioRegistryBaseIT.java:154)
	at io.apicurio.tests.ApicurioRegistryBaseIT$RegistryApiErrorWatcher.logProblemDetails(ApicurioRegistryBaseIT.java:154)
	at io.apicurio.tests.ApicurioRegistryBaseIT$RegistryApiErrorWatcher.logProblemDetails(ApicurioRegistryBaseIT.java:154)
	at io.apicurio.tests.ApicurioRegistryBaseIT$RegistryApiErrorWatcher.logProblemDetails(ApicurioRegistryBaseIT.java:154)
	at io.apicurio.tests.ApicurioRegistryBaseIT$RegistryApiErrorWatcher.logProblemDetails(ApicurioRegistryBaseIT.java:154)
	at io.apicurio.tests.ApicurioRegistryBaseIT$RegistryApiErrorWatcher.logProblemDetails(ApicurioRegistryBaseIT.java:154)
	at io.apicurio.tests.ApicurioRegistryBaseIT$RegistryApiErrorWatcher.logProblemDetails(ApicurioRegistryBaseIT.java:154)
	at io.apicurio.tests.ApicurioRegistryBaseIT$RegistryApiErrorWatcher.logProblemDetails(ApicurioRegistryBaseIT.java:154)
	at io.apicurio.tests.ApicurioRegistryBaseIT$RegistryApiErrorWatcher.logProblemDetails(ApicurioRegistryBaseIT.java:154)
	at io.apicurio.tests.ApicurioRegistryBaseIT$RegistryApiErrorWatcher.logProblemDetails(ApicurioRegistryBaseIT.java:154)
	at io.apicurio.tests.ApicurioRegistryBaseIT$RegistryApiErrorWatcher.logProblemDetails(ApicurioRegistryBaseIT.java:154)
	at io.apicurio.tests.ApicurioRegistryBaseIT$RegistryApiErrorWatcher.logProblemDetails(ApicurioRegistryBaseIT.java:154)
	at io.apicurio.tests.ApicurioRegistryBaseIT$RegistryApiErrorWatcher.logProblemDetails(ApicurioRegistryBaseIT.java:154)
	at io.apicurio.tests.ApicurioRegistryBaseIT$RegistryApiErrorWatcher.logProblemDetails(ApicurioRegistryBaseIT.java:154)
	at io.apicurio.tests.ApicurioRegistryBaseIT$RegistryApiErrorWatcher.logProblemDetails(ApicurioRegistryBaseIT.java:154)
	at io.apicurio.tests.ApicurioRegistryBaseIT$RegistryApiErrorWatcher.logProblemDetails(ApicurioRegistryBaseIT.java:154)
	at io.apicurio.tests.ApicurioRegistryBaseIT$RegistryApiErrorWatcher.logProblemDetails(ApicurioRegistryBaseIT.java:154)
	at io.apicurio.tests.ApicurioRegistryBaseIT$RegistryApiErrorWatcher.logProblemDetails(ApicurioRegistryBaseIT.java:154)
	at io.apicurio.tests.ApicurioRegistryBaseIT$RegistryApiErrorWatcher.logProblemDetails(ApicurioRegistryBaseIT.java:154)
	at io.apicurio.tests.ApicurioRegistryBaseIT$RegistryApiErrorWatcher.logProblemDetails(ApicurioRegistryBaseIT.java:154)
	at io.apicurio.tests.ApicurioRegistryBaseIT$RegistryApiErrorWatcher.logProblemDetails(ApicurioRegistryBaseIT.java:154)
	at io.apicurio.tests.ApicurioRegistryBaseIT$RegistryApiErrorWatcher.logProblemDetails(ApicurioRegistryBaseIT.java:154)
	at io.apicurio.tests.ApicurioRegistryBaseIT$RegistryApiErrorWatcher.logProblemDetails(ApicurioRegistryBaseIT.java:154)
	at io.apicurio.tests.ApicurioRegistryBaseIT$RegistryApiErrorWatcher.logProblemDetails(ApicurioRegistryBaseIT.java:154)
	at io.apicurio.tests.ApicurioRegistryBaseIT$RegistryApiErrorWatcher.logProblemDetails(ApicurioRegistryBaseIT.java:154)
	at io.apicurio.tests.ApicurioRegistryBaseIT$RegistryApiErrorWatcher.logProblemDetails(ApicurioRegistryBaseIT.java:154)
	at io.apicurio.tests.ApicurioRegistryBaseIT$RegistryApiErrorWatcher.logProblemDetails(ApicurioRegistryBaseIT.java:154)
	at io.apicurio.tests.ApicurioRegistryBaseIT$RegistryApiErrorWatcher.logProblemDetails(ApicurioRegistryBaseIT.java:154)
	at io.apicurio.tests.ApicurioRegistryBaseIT$RegistryApiErrorWatcher.logProblemDetails(ApicurioRegistryBaseIT.java:154)
	at io.apicurio.tests.ApicurioRegistryBaseIT$RegistryApiErrorWatcher.logProblemDetails(ApicurioRegistryBaseIT.java:154)
	at io.apicurio.tests.ApicurioRegistryBaseIT$RegistryApiErrorWatcher.logProblemDetails(ApicurioRegistryBaseIT.java:154)
	at io.apicurio.tests.ApicurioRegistryBaseIT$RegistryApiErrorWatcher.logProblemDetails(ApicurioRegistryBaseIT.java:154)
	at io.apicurio.tests.ApicurioRegistryBaseIT$RegistryApiErrorWatcher.logProblemDetails(ApicurioRegistryBaseIT.java:154)
	at io.apicurio.tests.ApicurioRegistryBaseIT$RegistryApiErrorWatcher.logProblemDetails(ApicurioRegistryBaseIT.java:154)
	at io.apicurio.tests.ApicurioRegistryBaseIT$RegistryApiErrorWatcher.logProblemDetails(ApicurioRegistryBaseIT.java:154)
	at io.apicurio.tests.ApicurioRegistryBaseIT$RegistryApiErrorWatcher.logProblemDetails(ApicurioRegistryBaseIT.java:154)
	at io.apicurio.tests.ApicurioRegistryBaseIT$RegistryApiErrorWatcher.logProblemDetails(ApicurioRegistryBaseIT.java:154)
	at io.apicurio.tests.ApicurioRegistryBaseIT$RegistryApiErrorWatcher.logProblemDetails(ApicurioRegistryBaseIT.java:154)
	at io.apicurio.tests.ApicurioRegistryBaseIT$RegistryApiErrorWatcher.logProblemDetails(ApicurioRegistryBaseIT.java:154)
	at io.apicurio.tests.ApicurioRegistryBaseIT$RegistryApiErrorWatcher.logProblemDetails(ApicurioRegistryBaseIT.java:154)
	at io.apicurio.tests.ApicurioRegistryBaseIT$RegistryApiErrorWatcher.logProblemDetails(ApicurioRegistryBaseIT.java:154)
	at io.apicurio.tests.ApicurioRegistryBaseIT$RegistryApiErrorWatcher.logProblemDetails(ApicurioRegistryBaseIT.java:154)
	at io.apicurio.tests.ApicurioRegistryBaseIT$RegistryApiErrorWatcher.logProblemDetails(ApicurioRegistryBaseIT.java:154)
	at io.apicurio.tests.ApicurioRegistryBaseIT$RegistryApiErrorWatcher.logProblemDetails(ApicurioRegistryBaseIT.java:154)
	at io.apicurio.tests.ApicurioRegistryBaseIT$RegistryApiErrorWatcher.logProblemDetails(ApicurioRegistryBaseIT.java:154)
	at io.apicurio.tests.ApicurioRegistryBaseIT$RegistryApiErrorWatcher.logProblemDetails(ApicurioRegistryBaseIT.java:154)
	at io.apicurio.tests.ApicurioRegistryBaseIT$RegistryApiErrorWatcher.logProblemDetails(ApicurioRegistryBaseIT.java:154)
	at io.apicurio.tests.ApicurioRegistryBaseIT$RegistryApiErrorWatcher.logProblemDetails(ApicurioRegistryBaseIT.java:154)
	at io.apicurio.tests.ApicurioRegistryBaseIT$RegistryApiErrorWatcher.logProblemDetails(ApicurioRegistryBaseIT.java:154)
	at io.apicurio.tests.ApicurioRegistryBaseIT$RegistryApiErrorWatcher.logProblemDetails(ApicurioRegistryBaseIT.java:154)
	at io.apicurio.tests.ApicurioRegistryBaseIT$RegistryApiErrorWatcher.logProblemDetails(ApicurioRegistryBaseIT.java:154)
	at io.apicurio.tests.ApicurioRegistryBaseIT$RegistryApiErrorWatcher.logProblemDetails(ApicurioRegistryBaseIT.java:154)
	at io.apicurio.tests.ApicurioRegistryBaseIT$RegistryApiErrorWatcher.logProblemDetails(ApicurioRegistryBaseIT.java:154)
	at io.apicurio.tests.ApicurioRegistryBaseIT$RegistryApiErrorWatcher.logProblemDetails(ApicurioRegistryBaseIT.java:154)
	at io.apicurio.tests.ApicurioRegistryBaseIT$RegistryApiErrorWatcher.logProblemDetails(ApicurioRegistryBaseIT.java:154)
	at io.apicurio.tests.ApicurioRegistryBaseIT$RegistryApiErrorWatcher.logProblemDetails(ApicurioRegistryBaseIT.java:154)
	at io.apicurio.tests.ApicurioRegistryBaseIT$RegistryApiErrorWatcher.logProblemDetails(ApicurioRegistryBaseIT.java:154)
	at io.apicurio.tests.ApicurioRegistryBaseIT$RegistryApiErrorWatcher.logProblemDetails(ApicurioRegistryBaseIT.java:154)
	at io.apicurio.tests.ApicurioRegistryBaseIT$RegistryApiErrorWatcher.logProblemDetails(ApicurioRegistryBaseIT.java:154)
	at io.apicurio.tests.ApicurioRegistryBaseIT$RegistryApiErrorWatcher.logProblemDetails(ApicurioRegistryBaseIT.java:154)
	at io.apicurio.tests.ApicurioRegistryBaseIT$RegistryApiErrorWatcher.logProblemDetails(ApicurioRegistryBaseIT.java:154)
	at io.apicurio.tests.ApicurioRegistryBaseIT$RegistryApiErrorWatcher.logProblemDetails(ApicurioRegistryBaseIT.java:154)
	at io.apicurio.tests.ApicurioRegistryBaseIT$RegistryApiErrorWatcher.logProblemDetails(ApicurioRegistryBaseIT.java:154)
	at io.apicurio.tests.ApicurioRegistryBaseIT$RegistryApiErrorWatcher.logProblemDetails(ApicurioRegistryBaseIT.java:154)
	at io.apicurio.tests.ApicurioRegistryBaseIT$RegistryApiErrorWatcher.logProblemDetails(ApicurioRegistryBaseIT.java:154)
	at io.apicurio.tests.ApicurioRegistryBaseIT$RegistryApiErrorWatcher.logProblemDetails(ApicurioRegistryBaseIT.java:154)
	at io.apicurio.tests.ApicurioRegistryBaseIT$RegistryApiErrorWatcher.logProblemDetails(ApicurioRegistryBaseIT.java:154)
	at io.apicurio.tests.ApicurioRegistryBaseIT$RegistryApiErrorWatcher.logProblemDetails(ApicurioRegistryBaseIT.java:154)
	at io.apicurio.tests.ApicurioRegistryBaseIT$RegistryApiErrorWatcher.logProblemDetails(ApicurioRegistryBaseIT.java:154)
	at io.apicurio.tests.ApicurioRegistryBaseIT$RegistryApiErrorWatcher.logProblemDetails(ApicurioRegistryBaseIT.java:154)
	at io.apicurio.tests.ApicurioRegistryBaseIT$RegistryApiErrorWatcher.logProblemDetails(ApicurioRegistryBaseIT.java:154)
	at io.apicurio.tests.ApicurioRegistryBaseIT$RegistryApiErrorWatcher.logProblemDetails(ApicurioRegistryBaseIT.java:154)
	at io.apicurio.tests.ApicurioRegistryBaseIT$RegistryApiErrorWatcher.logProblemDetails(ApicurioRegistryBaseIT.java:154)
	at io.apicurio.tests.ApicurioRegistryBaseIT$RegistryApiErrorWatcher.logProblemDetails(ApicurioRegistryBaseIT.java:154)
	at io.apicurio.tests.ApicurioRegistryBaseIT$RegistryApiErrorWatcher.logProblemDetails(ApicurioRegistryBaseIT.java:154)
	at io.apicurio.tests.ApicurioRegistryBaseIT$RegistryApiErrorWatcher.logProblemDetails(ApicurioRegistryBaseIT.java:154)
	at io.apicurio.tests.ApicurioRegistryBaseIT$RegistryApiErrorWatcher.logProblemDetails(ApicurioRegistryBaseIT.java:154)
	at io.apicurio.tests.ApicurioRegistryBaseIT$RegistryApiErrorWatcher.logProblemDetails(ApicurioRegistryBaseIT.java:154)
	at io.apicurio.tests.ApicurioRegistryBaseIT$RegistryApiErrorWatcher.logProblemDetails(ApicurioRegistryBaseIT.java:154)
	at io.apicurio.tests.ApicurioRegistryBaseIT$RegistryApiErrorWatcher.logProblemDetails(ApicurioRegistryBaseIT.java:154)
	at io.apicurio.tests.ApicurioRegistryBaseIT$RegistryApiErrorWatcher.logProblemDetails(ApicurioRegistryBaseIT.java:154)
	at io.apicurio.tests.ApicurioRegistryBaseIT$RegistryApiErrorWatcher.logProblemDetails(ApicurioRegistryBaseIT.java:154)
	at io.apicurio.tests.ApicurioRegistryBaseIT$RegistryApiErrorWatcher.logProblemDetails(ApicurioRegistryBaseIT.java:154)
	at io.apicurio.tests.ApicurioRegistryBaseIT$RegistryApiErrorWatcher.logProblemDetails(ApicurioRegistryBaseIT.java:154)
	at io.apicurio.tests.ApicurioRegistryBaseIT$RegistryApiErrorWatcher.logProblemDetails(ApicurioRegistryBaseIT.java:154)
	at io.apicurio.tests.ApicurioRegistryBaseIT$RegistryApiErrorWatcher.logProblemDetails(ApicurioRegistryBaseIT.java:154)
	at io.apicurio.tests.ApicurioRegistryBaseIT$RegistryApiErrorWatcher.logProblemDetails(ApicurioRegistryBaseIT.java:154)
	at io.apicurio.tests.ApicurioRegistryBaseIT$RegistryApiErrorWatcher.logProblemDetails(ApicurioRegistryBaseIT.java:154)
	at io.apicurio.tests.ApicurioRegistryBaseIT$RegistryApiErrorWatcher.logProblemDetails(ApicurioRegistryBaseIT.java:154)
	at io.apicurio.tests.ApicurioRegistryBaseIT$RegistryApiErrorWatcher.logProblemDetails(ApicurioRegistryBaseIT.java:154)
	at io.apicurio.tests.ApicurioRegistryBaseIT$RegistryApiErrorWatcher.logProblemDetails(ApicurioRegistryBaseIT.java:154)
	at io.apicurio.tests.ApicurioRegistryBaseIT$RegistryApiErrorWatcher.logProblemDetails(ApicurioRegistryBaseIT.java:154)
	at io.apicurio.tests.ApicurioRegistryBaseIT$RegistryApiErrorWatcher.logProblemDetails(ApicurioRegistryBaseIT.java:154)
	at io.apicurio.tests.ApicurioRegistryBaseIT$RegistryApiErrorWatcher.logProblemDetails(ApicurioRegistryBaseIT.java:154)
	at io.apicurio.tests.ApicurioRegistryBaseIT$RegistryApiErrorWatcher.logProblemDetails(ApicurioRegistryBaseIT.java:154)
	at io.apicurio.tests.ApicurioRegistryBaseIT$RegistryApiErrorWatcher.logProblemDetails(ApicurioRegistryBaseIT.java:154)
	at io.apicurio.tests.ApicurioRegistryBaseIT$RegistryApiErrorWatcher.logProblemDetails(ApicurioRegistryBaseIT.java:154)
	at io.apicurio.tests.ApicurioRegistryBaseIT$RegistryApiErrorWatcher.logProblemDetails(ApicurioRegistryBaseIT.java:154)
	at io.apicurio.tests.ApicurioRegistryBaseIT$RegistryApiErrorWatcher.logProblemDetails(ApicurioRegistryBaseIT.java:154)
	at io.apicurio.tests.ApicurioRegistryBaseIT$RegistryApiErrorWatcher.logProblemDetails(ApicurioRegistryBaseIT.java:154)
	at io.apicurio.tests.ApicurioRegistryBaseIT$RegistryApiErrorWatcher.logProblemDetails(ApicurioRegistryBaseIT.java:154)
	at io.apicurio.tests.ApicurioRegistryBaseIT$RegistryApiErrorWatcher.logProblemDetails(ApicurioRegistryBaseIT.java:154)
	at io.apicurio.tests.ApicurioRegistryBaseIT$RegistryApiErrorWatcher.logProblemDetails(ApicurioRegistryBaseIT.java:154)
	at io.apicurio.tests.ApicurioRegistryBaseIT$RegistryApiErrorWatcher.logProblemDetails(ApicurioRegistryBaseIT.java:154)
	at io.apicurio.tests.ApicurioRegistryBaseIT$RegistryApiErrorWatcher.logProblemDetails(ApicurioRegistryBaseIT.java:154)
	at io.apicurio.tests.ApicurioRegistryBaseIT$RegistryApiErrorWatcher.logProblemDetails(ApicurioRegistryBaseIT.java:154)
	at io.apicurio.tests.ApicurioRegistryBaseIT$RegistryApiErrorWatcher.logProblemDetails(ApicurioRegistryBaseIT.java:154)
	at io.apicurio.tests.ApicurioRegistryBaseIT$RegistryApiErrorWatcher.logProblemDetails(ApicurioRegistryBaseIT.java:154)
	at io.apicurio.tests.ApicurioRegistryBaseIT$RegistryApiErrorWatcher.logProblemDetails(ApicurioRegistryBaseIT.java:154)
	at io.apicurio.tests.ApicurioRegistryBaseIT$RegistryApiErrorWatcher.logProblemDetails(ApicurioRegistryBaseIT.java:154)
	at io.apicurio.tests.ApicurioRegistryBaseIT$RegistryApiErrorWatcher.logProblemDetails(ApicurioRegistryBaseIT.java:154)
	at io.apicurio.tests.ApicurioRegistryBaseIT$RegistryApiErrorWatcher.logProblemDetails(ApicurioRegistryBaseIT.java:154)
	at io.apicurio.tests.ApicurioRegistryBaseIT$RegistryApiErrorWatcher.logProblemDetails(ApicurioRegistryBaseIT.java:154)
	at io.apicurio.tests.ApicurioRegistryBaseIT$RegistryApiErrorWatcher.logProblemDetails(ApicurioRegistryBaseIT.java:154)
	at io.apicurio.tests.ApicurioRegistryBaseIT$RegistryApiErrorWatcher.logProblemDetails(ApicurioRegistryBaseIT.java:154)
	at io.apicurio.tests.ApicurioRegistryBaseIT$RegistryApiErrorWatcher.logProblemDetails(ApicurioRegistryBaseIT.java:154)
	at io.apicurio.tests.ApicurioRegistryBaseIT$RegistryApiErrorWatcher.logProblemDetails(ApicurioRegistryBaseIT.java:154)
	at io.apicurio.tests.ApicurioRegistryBaseIT$RegistryApiErrorWatcher.logProblemDetails(ApicurioRegistryBaseIT.java:154)
	at io.apicurio.tests.ApicurioRegistryBaseIT$RegistryApiErrorWatcher.logProblemDetails(ApicurioRegistryBaseIT.java:154)
	at io.apicurio.tests.ApicurioRegistryBaseIT$RegistryApiErrorWatcher.logProblemDetails(ApicurioRegistryBaseIT.java:154)
	at io.apicurio.tests.ApicurioRegistryBaseIT$RegistryApiErrorWatcher.logProblemDetails(ApicurioRegistryBaseIT.java:154)
	at io.apicurio.tests.ApicurioRegistryBaseIT$RegistryApiErrorWatcher.logProblemDetails(ApicurioRegistryBaseIT.java:154)
	at io.apicurio.tests.ApicurioRegistryBaseIT$RegistryApiErrorWatcher.logProblemDetails(ApicurioRegistryBaseIT.java:154)
	at io.apicurio.tests.ApicurioRegistryBaseIT$RegistryApiErrorWatcher.logProblemDetails(ApicurioRegistryBaseIT.java:154)
	at io.apicurio.tests.ApicurioRegistryBaseIT$RegistryApiErrorWatcher.logProblemDetails(ApicurioRegistryBaseIT.java:154)
	at io.apicurio.tests.ApicurioRegistryBaseIT$RegistryApiErrorWatcher.logProblemDetails(ApicurioRegistryBaseIT.java:154)
	at io.apicurio.tests.ApicurioRegistryBaseIT$RegistryApiErrorWatcher.logProblemDetails(ApicurioRegistryBaseIT.java:154)
	at io.apicurio.tests.ApicurioRegistryBaseIT$RegistryApiErrorWatcher.logProblemDetails(ApicurioRegistryBaseIT.java:154)
	at io.apicurio.tests.ApicurioRegistryBaseIT$RegistryApiErrorWatcher.logProblemDetails(ApicurioRegistryBaseIT.java:154)
	at io.apicurio.tests.ApicurioRegistryBaseIT$RegistryApiErrorWatcher.logProblemDetails(ApicurioRegistryBaseIT.java:154)
	at io.apicurio.tests.ApicurioRegistryBaseIT$RegistryApiErrorWatcher.logProblemDetails(ApicurioRegistryBaseIT.java:154)
	at io.apicurio.tests.ApicurioRegistryBaseIT$RegistryApiErrorWatcher.logProblemDetails(ApicurioRegistryBaseIT.java:154)
	at io.apicurio.tests.ApicurioRegistryBaseIT$RegistryApiErrorWatcher.logProblemDetails(ApicurioRegistryBaseIT.java:154)
	at io.apicurio.tests.ApicurioRegistryBaseIT$RegistryApiErrorWatcher.logProblemDetails(ApicurioRegistryBaseIT.java:154)
	at io.apicurio.tests.ApicurioRegistryBaseIT$RegistryApiErrorWatcher.logProblemDetails(ApicurioRegistryBaseIT.java:154)
	at io.apicurio.tests.ApicurioRegistryBaseIT$RegistryApiErrorWatcher.logProblemDetails(ApicurioRegistryBaseIT.java:154)
	at io.apicurio.tests.ApicurioRegistryBaseIT$RegistryApiErrorWatcher.logProblemDetails(ApicurioRegistryBaseIT.java:154)
	at io.apicurio.tests.ApicurioRegistryBaseIT$RegistryApiErrorWatcher.logProblemDetails(ApicurioRegistryBaseIT.java:154)
	at io.apicurio.tests.ApicurioRegistryBaseIT$RegistryApiErrorWatcher.logProblemDetails(ApicurioRegistryBaseIT.java:154)
	at io.apicurio.tests.ApicurioRegistryBaseIT$RegistryApiErrorWatcher.logProblemDetails(ApicurioRegistryBaseIT.java:154)
	at io.apicurio.tests.ApicurioRegistryBaseIT$RegistryApiErrorWatcher.logProblemDetails(ApicurioRegistryBaseIT.java:154)
	at io.apicurio.tests.ApicurioRegistryBaseIT$RegistryApiErrorWatcher.logProblemDetails(ApicurioRegistryBaseIT.java:154)
	at io.apicurio.tests.ApicurioRegistryBaseIT$RegistryApiErrorWatcher.logProblemDetails(ApicurioRegistryBaseIT.java:154)
	at io.apicurio.tests.ApicurioRegistryBaseIT$RegistryApiErrorWatcher.logProblemDetails(ApicurioRegistryBaseIT.java:154)
	at io.apicurio.tests.ApicurioRegistryBaseIT$RegistryApiErrorWatcher.logProblemDetails(ApicurioRegistryBaseIT.java:154)
	at io.apicurio.tests.ApicurioRegistryBaseIT$RegistryApiErrorWatcher.logProblemDetails(ApicurioRegistryBaseIT.java:154)
	at io.apicurio.tests.ApicurioRegistryBaseIT$RegistryApiErrorWatcher.logProblemDetails(ApicurioRegistryBaseIT.java:154)
	at io.apicurio.tests.ApicurioRegistryBaseIT$RegistryApiErrorWatcher.logProblemDetails(ApicurioRegistryBaseIT.java:154)
	at io.apicurio.tests.ApicurioRegistryBaseIT$RegistryApiErrorWatcher.logProblemDetails(ApicurioRegistryBaseIT.java:154)
	at io.apicurio.tests.ApicurioRegistryBaseIT$RegistryApiErrorWatcher.logProblemDetails(ApicurioRegistryBaseIT.java:154)
	at io.apicurio.tests.ApicurioRegistryBaseIT$RegistryApiErrorWatcher.logProblemDetails(ApicurioRegistryBaseIT.java:154)
	at io.apicurio.tests.ApicurioRegistryBaseIT$RegistryApiErrorWatcher.logProblemDetails(ApicurioRegistryBaseIT.java:154)
	at io.apicurio.tests.ApicurioRegistryBaseIT$RegistryApiErrorWatcher.logProblemDetails(ApicurioRegistryBaseIT.java:154)
	at io.apicurio.tests.ApicurioRegistryBaseIT$RegistryApiErrorWatcher.logProblemDetails(ApicurioRegistryBaseIT.java:154)
	at io.apicurio.tests.ApicurioRegistryBaseIT$RegistryApiErrorWatcher.logProblemDetails(ApicurioRegistryBaseIT.java:154)
	at io.apicurio.tests.ApicurioRegistryBaseIT$RegistryApiErrorWatcher.logProblemDetails(ApicurioRegistryBaseIT.java:154)
	at io.apicurio.tests.ApicurioRegistryBaseIT$RegistryApiErrorWatcher.logProblemDetails(ApicurioRegistryBaseIT.java:154)
	at io.apicurio.tests.ApicurioRegistryBaseIT$RegistryApiErrorWatcher.logProblemDetails(ApicurioRegistryBaseIT.java:154)
	at io.apicurio.tests.ApicurioRegistryBaseIT$RegistryApiErrorWatcher.logProblemDetails(ApicurioRegistryBaseIT.java:154)
	at io.apicurio.tests.ApicurioRegistryBaseIT$RegistryApiErrorWatcher.logProblemDetails(ApicurioRegistryBaseIT.java:154)
	at io.apicurio.tests.ApicurioRegistryBaseIT$RegistryApiErrorWatcher.logProblemDetails(ApicurioRegistryBaseIT.java:154)
	at io.apicurio.tests.ApicurioRegistryBaseIT$RegistryApiErrorWatcher.logProblemDetails(ApicurioRegistryBaseIT.java:154)
	at io.apicurio.tests.ApicurioRegistryBaseIT$RegistryApiErrorWatcher.logProblemDetails(ApicurioRegistryBaseIT.java:154)
	at io.apicurio.tests.ApicurioRegistryBaseIT$RegistryApiErrorWatcher.logProblemDetails(ApicurioRegistryBaseIT.java:154)
	at io.apicurio.tests.ApicurioRegistryBaseIT$RegistryApiErrorWatcher.logProblemDetails(ApicurioRegistryBaseIT.java:154)
	at io.apicurio.tests.ApicurioRegistryBaseIT$RegistryApiErrorWatcher.logProblemDetails(ApicurioRegistryBaseIT.java:154)
	at io.apicurio.tests.ApicurioRegistryBaseIT$RegistryApiErrorWatcher.logProblemDetails(ApicurioRegistryBaseIT.java:154)
	at io.apicurio.tests.ApicurioRegistryBaseIT$RegistryApiErrorWatcher.logProblemDetails(ApicurioRegistryBaseIT.java:154)
	at io.apicurio.tests.ApicurioRegistryBaseIT$RegistryApiErrorWatcher.logProblemDetails(ApicurioRegistryBaseIT.java:154)
	at io.apicurio.tests.ApicurioRegistryBaseIT$RegistryApiErrorWatcher.logProblemDetails(ApicurioRegistryBaseIT.java:154)
	at io.apicurio.tests.ApicurioRegistryBaseIT$RegistryApiErrorWatcher.logProblemDetails(ApicurioRegistryBaseIT.java:154)
	at io.apicurio.tests.ApicurioRegistryBaseIT$RegistryApiErrorWatcher.logProblemDetails(ApicurioRegistryBaseIT.java:154)
	at io.apicurio.tests.ApicurioRegistryBaseIT$RegistryApiErrorWatcher.logProblemDetails(ApicurioRegistryBaseIT.java:154)
	at io.apicurio.tests.ApicurioRegistryBaseIT$RegistryApiErrorWatcher.logProblemDetails(ApicurioRegistryBaseIT.java:154)
	at io.apicurio.tests.ApicurioRegistryBaseIT$RegistryApiErrorWatcher.logProblemDetails(ApicurioRegistryBaseIT.java:154)
	at io.apicurio.tests.ApicurioRegistryBaseIT$RegistryApiErrorWatcher.logProblemDetails(ApicurioRegistryBaseIT.java:154)
	at io.apicurio.tests.ApicurioRegistryBaseIT$RegistryApiErrorWatcher.logProblemDetails(ApicurioRegistryBaseIT.java:154)
	at io.apicurio.tests.ApicurioRegistryBaseIT$RegistryApiErrorWatcher.logProblemDetails(ApicurioRegistryBaseIT.java:154)
	at io.apicurio.tests.ApicurioRegistryBaseIT$RegistryApiErrorWatcher.logProblemDetails(ApicurioRegistryBaseIT.java:154)
	at io.apicurio.tests.ApicurioRegistryBaseIT$RegistryApiErrorWatcher.logProblemDetails(ApicurioRegistryBaseIT.java:154)
	at io.apicurio.tests.ApicurioRegistryBaseIT$RegistryApiErrorWatcher.logProblemDetails(ApicurioRegistryBaseIT.java:154)
	at io.apicurio.tests.ApicurioRegistryBaseIT$RegistryApiErrorWatcher.logProblemDetails(ApicurioRegistryBaseIT.java:154)
	at io.apicurio.tests.ApicurioRegistryBaseIT$RegistryApiErrorWatcher.logProblemDetails(ApicurioRegistryBaseIT.java:154)
	at io.apicurio.tests.ApicurioRegistryBaseIT$RegistryApiErrorWatcher.logProblemDetails(ApicurioRegistryBaseIT.java:154)
	at io.apicurio.tests.ApicurioRegistryBaseIT$RegistryApiErrorWatcher.logProblemDetails(ApicurioRegistryBaseIT.java:154)
	at io.apicurio.tests.ApicurioRegistryBaseIT$RegistryApiErrorWatcher.logProblemDetails(ApicurioRegistryBaseIT.java:154)
	at io.apicurio.tests.ApicurioRegistryBaseIT$RegistryApiErrorWatcher.logProblemDetails(ApicurioRegistryBaseIT.java:154)
	at io.apicurio.tests.ApicurioRegistryBaseIT$RegistryApiErrorWatcher.logProblemDetails(ApicurioRegistryBaseIT.java:154)
	at io.apicurio.tests.ApicurioRegistryBaseIT$RegistryApiErrorWatcher.logProblemDetails(ApicurioRegistryBaseIT.java:154)
	at io.apicurio.tests.ApicurioRegistryBaseIT$RegistryApiErrorWatcher.logProblemDetails(ApicurioRegistryBaseIT.java:154)
	at io.apicurio.tests.ApicurioRegistryBaseIT$RegistryApiErrorWatcher.logProblemDetails(ApicurioRegistryBaseIT.java:154)
	at io.apicurio.tests.ApicurioRegistryBaseIT$RegistryApiErrorWatcher.logProblemDetails(ApicurioRegistryBaseIT.java:154)

]]></system-out>
  </testcase>
  <testcase name="testConsumeDynamicMessage" classname="io.apicurio.tests.serdes.apicurio.ProtobufSerdeIT" time="0.078">
    <error type="io.apicurio.registry.rest.client.models.RuleViolationProblemDetails"><![CDATA[io.apicurio.registry.rest.client.models.RuleViolationProblemDetails
	at io.apicurio.registry.rest.client.models.RuleViolationProblemDetails.createFromDiscriminatorValue(RuleViolationProblemDetails.java:62)
	at io.kiota.serialization.json.JsonParseNode.getObjectValue(JsonParseNode.java:247)
	at io.kiota.http.vertx.VertXRequestAdapter.lambda$throwIfFailedResponse$0(VertXRequestAdapter.java:400)
	at com.microsoft.kiota.ApiExceptionBuilder.<init>(ApiExceptionBuilder.java:26)
	at io.kiota.http.vertx.VertXRequestAdapter.throwIfFailedResponse(VertXRequestAdapter.java:399)
	at io.kiota.http.vertx.VertXRequestAdapter.send(VertXRequestAdapter.java:170)
	at io.apicurio.registry.rest.client.groups.item.artifacts.ArtifactsRequestBuilder.post(ArtifactsRequestBuilder.java:130)
	at io.apicurio.tests.ApicurioRegistryBaseIT.createArtifact(ApicurioRegistryBaseIT.java:184)
	at io.apicurio.tests.serdes.apicurio.ProtobufSerdeIT.testConsumeDynamicMessage(ProtobufSerdeIT.java:221)
	at java.base/java.lang.reflect.Method.invoke(Method.java:569)
	at java.base/java.util.ArrayList.forEach(ArrayList.java:1511)
	at java.base/java.util.ArrayList.forEach(ArrayList.java:1511)
]]></error>
    <system-out><![CDATA[2025-07-31 17:05:36,598 INFO  [io.api.tes.uti.TestSeparator] (main) ############################################################################
2025-07-31 17:05:36,598 INFO  [io.api.tes.uti.TestSeparator] (main) io.apicurio.tests.serdes.apicurio.ProtobufSerdeIT.testConsumeDynamicMessage-STARTED
2025-07-31 17:05:36,632 INFO  [io.api.tes.uti.TestSeparator] (main) io.apicurio.tests.serdes.apicurio.ProtobufSerdeIT.testConsumeDynamicMessage-FINISHED
2025-07-31 17:05:36,633 INFO  [io.api.tes.uti.TestSeparator] (main) ############################################################################
2025-07-31 17:05:36,640 ERROR [io.api.reg.uti.tes.TestUtils] (main) === TEST FAILED ===
2025-07-31 17:05:36,640 ERROR [io.api.reg.uti.tes.TestUtils] (main) Class: class io.apicurio.tests.serdes.apicurio.ProtobufSerdeIT
2025-07-31 17:05:36,640 ERROR [io.api.reg.uti.tes.TestUtils] (main) Test:  testConsumeDynamicMessage
2025-07-31 17:05:36,640 ERROR [io.api.reg.uti.tes.TestUtils] (main) ID:    [engine:junit-jupiter]/[class:io.apicurio.tests.serdes.apicurio.ProtobufSerdeIT]/[method:testConsumeDynamicMessage()]
2025-07-31 17:05:36,640 ERROR [io.api.reg.uti.tes.TestUtils] (main) Error: RuleViolationProblemDetails - null
2025-07-31 17:05:36,640 ERROR [io.api.reg.uti.tes.TestUtils] (main) Rule Violation Problem Details
2025-07-31 17:05:36,669 WARNING [org.jun.jup.eng.des.MethodBasedTestDescriptor] (main) Failed to invoke TestWatcher [io.apicurio.tests.ApicurioRegistryBaseIT$RegistryApiErrorWatcher] for method [io.apicurio.tests.serdes.apicurio.ProtobufSerdeIT#testConsumeDynamicMessage()] with display name [testConsumeDynamicMessage]: java.lang.StackOverflowError
	at io.apicurio.tests.ApicurioRegistryBaseIT$RegistryApiErrorWatcher.logProblemDetails(ApicurioRegistryBaseIT.java:154)
	at io.apicurio.tests.ApicurioRegistryBaseIT$RegistryApiErrorWatcher.logProblemDetails(ApicurioRegistryBaseIT.java:154)
	at io.apicurio.tests.ApicurioRegistryBaseIT$RegistryApiErrorWatcher.logProblemDetails(ApicurioRegistryBaseIT.java:154)
	at io.apicurio.tests.ApicurioRegistryBaseIT$RegistryApiErrorWatcher.logProblemDetails(ApicurioRegistryBaseIT.java:154)
	at io.apicurio.tests.ApicurioRegistryBaseIT$RegistryApiErrorWatcher.logProblemDetails(ApicurioRegistryBaseIT.java:154)
	at io.apicurio.tests.ApicurioRegistryBaseIT$RegistryApiErrorWatcher.logProblemDetails(ApicurioRegistryBaseIT.java:154)
	at io.apicurio.tests.ApicurioRegistryBaseIT$RegistryApiErrorWatcher.logProblemDetails(ApicurioRegistryBaseIT.java:154)
	at io.apicurio.tests.ApicurioRegistryBaseIT$RegistryApiErrorWatcher.logProblemDetails(ApicurioRegistryBaseIT.java:154)
	at io.apicurio.tests.ApicurioRegistryBaseIT$RegistryApiErrorWatcher.logProblemDetails(ApicurioRegistryBaseIT.java:154)
	at io.apicurio.tests.ApicurioRegistryBaseIT$RegistryApiErrorWatcher.logProblemDetails(ApicurioRegistryBaseIT.java:154)
	at io.apicurio.tests.ApicurioRegistryBaseIT$RegistryApiErrorWatcher.logProblemDetails(ApicurioRegistryBaseIT.java:154)
	at io.apicurio.tests.ApicurioRegistryBaseIT$RegistryApiErrorWatcher.logProblemDetails(ApicurioRegistryBaseIT.java:154)
	at io.apicurio.tests.ApicurioRegistryBaseIT$RegistryApiErrorWatcher.logProblemDetails(ApicurioRegistryBaseIT.java:154)
	at io.apicurio.tests.ApicurioRegistryBaseIT$RegistryApiErrorWatcher.logProblemDetails(ApicurioRegistryBaseIT.java:154)
	at io.apicurio.tests.ApicurioRegistryBaseIT$RegistryApiErrorWatcher.logProblemDetails(ApicurioRegistryBaseIT.java:154)
	at io.apicurio.tests.ApicurioRegistryBaseIT$RegistryApiErrorWatcher.logProblemDetails(ApicurioRegistryBaseIT.java:154)
	at io.apicurio.tests.ApicurioRegistryBaseIT$RegistryApiErrorWatcher.logProblemDetails(ApicurioRegistryBaseIT.java:154)
	at io.apicurio.tests.ApicurioRegistryBaseIT$RegistryApiErrorWatcher.logProblemDetails(ApicurioRegistryBaseIT.java:154)
	at io.apicurio.tests.ApicurioRegistryBaseIT$RegistryApiErrorWatcher.logProblemDetails(ApicurioRegistryBaseIT.java:154)
	at io.apicurio.tests.ApicurioRegistryBaseIT$RegistryApiErrorWatcher.logProblemDetails(ApicurioRegistryBaseIT.java:154)
	at io.apicurio.tests.ApicurioRegistryBaseIT$RegistryApiErrorWatcher.logProblemDetails(ApicurioRegistryBaseIT.java:154)
	at io.apicurio.tests.ApicurioRegistryBaseIT$RegistryApiErrorWatcher.logProblemDetails(ApicurioRegistryBaseIT.java:154)
	at io.apicurio.tests.ApicurioRegistryBaseIT$RegistryApiErrorWatcher.logProblemDetails(ApicurioRegistryBaseIT.java:154)
	at io.apicurio.tests.ApicurioRegistryBaseIT$RegistryApiErrorWatcher.logProblemDetails(ApicurioRegistryBaseIT.java:154)
	at io.apicurio.tests.ApicurioRegistryBaseIT$RegistryApiErrorWatcher.logProblemDetails(ApicurioRegistryBaseIT.java:154)
	at io.apicurio.tests.ApicurioRegistryBaseIT$RegistryApiErrorWatcher.logProblemDetails(ApicurioRegistryBaseIT.java:154)
	at io.apicurio.tests.ApicurioRegistryBaseIT$RegistryApiErrorWatcher.logProblemDetails(ApicurioRegistryBaseIT.java:154)
	at io.apicurio.tests.ApicurioRegistryBaseIT$RegistryApiErrorWatcher.logProblemDetails(ApicurioRegistryBaseIT.java:154)
	at io.apicurio.tests.ApicurioRegistryBaseIT$RegistryApiErrorWatcher.logProblemDetails(ApicurioRegistryBaseIT.java:154)
	at io.apicurio.tests.ApicurioRegistryBaseIT$RegistryApiErrorWatcher.logProblemDetails(ApicurioRegistryBaseIT.java:154)
	at io.apicurio.tests.ApicurioRegistryBaseIT$RegistryApiErrorWatcher.logProblemDetails(ApicurioRegistryBaseIT.java:154)
	at io.apicurio.tests.ApicurioRegistryBaseIT$RegistryApiErrorWatcher.logProblemDetails(ApicurioRegistryBaseIT.java:154)
	at io.apicurio.tests.ApicurioRegistryBaseIT$RegistryApiErrorWatcher.logProblemDetails(ApicurioRegistryBaseIT.java:154)
	at io.apicurio.tests.ApicurioRegistryBaseIT$RegistryApiErrorWatcher.logProblemDetails(ApicurioRegistryBaseIT.java:154)
	at io.apicurio.tests.ApicurioRegistryBaseIT$RegistryApiErrorWatcher.logProblemDetails(ApicurioRegistryBaseIT.java:154)
	at io.apicurio.tests.ApicurioRegistryBaseIT$RegistryApiErrorWatcher.logProblemDetails(ApicurioRegistryBaseIT.java:154)
	at io.apicurio.tests.ApicurioRegistryBaseIT$RegistryApiErrorWatcher.logProblemDetails(ApicurioRegistryBaseIT.java:154)
	at io.apicurio.tests.ApicurioRegistryBaseIT$RegistryApiErrorWatcher.logProblemDetails(ApicurioRegistryBaseIT.java:154)
	at io.apicurio.tests.ApicurioRegistryBaseIT$RegistryApiErrorWatcher.logProblemDetails(ApicurioRegistryBaseIT.java:154)
	at io.apicurio.tests.ApicurioRegistryBaseIT$RegistryApiErrorWatcher.logProblemDetails(ApicurioRegistryBaseIT.java:154)
	at io.apicurio.tests.ApicurioRegistryBaseIT$RegistryApiErrorWatcher.logProblemDetails(ApicurioRegistryBaseIT.java:154)
	at io.apicurio.tests.ApicurioRegistryBaseIT$RegistryApiErrorWatcher.logProblemDetails(ApicurioRegistryBaseIT.java:154)
	at io.apicurio.tests.ApicurioRegistryBaseIT$RegistryApiErrorWatcher.logProblemDetails(ApicurioRegistryBaseIT.java:154)
	at io.apicurio.tests.ApicurioRegistryBaseIT$RegistryApiErrorWatcher.logProblemDetails(ApicurioRegistryBaseIT.java:154)
	at io.apicurio.tests.ApicurioRegistryBaseIT$RegistryApiErrorWatcher.logProblemDetails(ApicurioRegistryBaseIT.java:154)
	at io.apicurio.tests.ApicurioRegistryBaseIT$RegistryApiErrorWatcher.logProblemDetails(ApicurioRegistryBaseIT.java:154)
	at io.apicurio.tests.ApicurioRegistryBaseIT$RegistryApiErrorWatcher.logProblemDetails(ApicurioRegistryBaseIT.java:154)
	at io.apicurio.tests.ApicurioRegistryBaseIT$RegistryApiErrorWatcher.logProblemDetails(ApicurioRegistryBaseIT.java:154)
	at io.apicurio.tests.ApicurioRegistryBaseIT$RegistryApiErrorWatcher.logProblemDetails(ApicurioRegistryBaseIT.java:154)
	at io.apicurio.tests.ApicurioRegistryBaseIT$RegistryApiErrorWatcher.logProblemDetails(ApicurioRegistryBaseIT.java:154)
	at io.apicurio.tests.ApicurioRegistryBaseIT$RegistryApiErrorWatcher.logProblemDetails(ApicurioRegistryBaseIT.java:154)
	at io.apicurio.tests.ApicurioRegistryBaseIT$RegistryApiErrorWatcher.logProblemDetails(ApicurioRegistryBaseIT.java:154)
	at io.apicurio.tests.ApicurioRegistryBaseIT$RegistryApiErrorWatcher.logProblemDetails(ApicurioRegistryBaseIT.java:154)
	at io.apicurio.tests.ApicurioRegistryBaseIT$RegistryApiErrorWatcher.logProblemDetails(ApicurioRegistryBaseIT.java:154)
	at io.apicurio.tests.ApicurioRegistryBaseIT$RegistryApiErrorWatcher.logProblemDetails(ApicurioRegistryBaseIT.java:154)
	at io.apicurio.tests.ApicurioRegistryBaseIT$RegistryApiErrorWatcher.logProblemDetails(ApicurioRegistryBaseIT.java:154)
	at io.apicurio.tests.ApicurioRegistryBaseIT$RegistryApiErrorWatcher.logProblemDetails(ApicurioRegistryBaseIT.java:154)
	at io.apicurio.tests.ApicurioRegistryBaseIT$RegistryApiErrorWatcher.logProblemDetails(ApicurioRegistryBaseIT.java:154)
	at io.apicurio.tests.ApicurioRegistryBaseIT$RegistryApiErrorWatcher.logProblemDetails(ApicurioRegistryBaseIT.java:154)
	at io.apicurio.tests.ApicurioRegistryBaseIT$RegistryApiErrorWatcher.logProblemDetails(ApicurioRegistryBaseIT.java:154)
	at io.apicurio.tests.ApicurioRegistryBaseIT$RegistryApiErrorWatcher.logProblemDetails(ApicurioRegistryBaseIT.java:154)
	at io.apicurio.tests.ApicurioRegistryBaseIT$RegistryApiErrorWatcher.logProblemDetails(ApicurioRegistryBaseIT.java:154)
	at io.apicurio.tests.ApicurioRegistryBaseIT$RegistryApiErrorWatcher.logProblemDetails(ApicurioRegistryBaseIT.java:154)
	at io.apicurio.tests.ApicurioRegistryBaseIT$RegistryApiErrorWatcher.logProblemDetails(ApicurioRegistryBaseIT.java:154)
	at io.apicurio.tests.ApicurioRegistryBaseIT$RegistryApiErrorWatcher.logProblemDetails(ApicurioRegistryBaseIT.java:154)
	at io.apicurio.tests.ApicurioRegistryBaseIT$RegistryApiErrorWatcher.logProblemDetails(ApicurioRegistryBaseIT.java:154)
	at io.apicurio.tests.ApicurioRegistryBaseIT$RegistryApiErrorWatcher.logProblemDetails(ApicurioRegistryBaseIT.java:154)
	at io.apicurio.tests.ApicurioRegistryBaseIT$RegistryApiErrorWatcher.logProblemDetails(ApicurioRegistryBaseIT.java:154)
	at io.apicurio.tests.ApicurioRegistryBaseIT$RegistryApiErrorWatcher.logProblemDetails(ApicurioRegistryBaseIT.java:154)
	at io.apicurio.tests.ApicurioRegistryBaseIT$RegistryApiErrorWatcher.logProblemDetails(ApicurioRegistryBaseIT.java:154)
	at io.apicurio.tests.ApicurioRegistryBaseIT$RegistryApiErrorWatcher.logProblemDetails(ApicurioRegistryBaseIT.java:154)
	at io.apicurio.tests.ApicurioRegistryBaseIT$RegistryApiErrorWatcher.logProblemDetails(ApicurioRegistryBaseIT.java:154)
	at io.apicurio.tests.ApicurioRegistryBaseIT$RegistryApiErrorWatcher.logProblemDetails(ApicurioRegistryBaseIT.java:154)
	at io.apicurio.tests.ApicurioRegistryBaseIT$RegistryApiErrorWatcher.logProblemDetails(ApicurioRegistryBaseIT.java:154)
	at io.apicurio.tests.ApicurioRegistryBaseIT$RegistryApiErrorWatcher.logProblemDetails(ApicurioRegistryBaseIT.java:154)
	at io.apicurio.tests.ApicurioRegistryBaseIT$RegistryApiErrorWatcher.logProblemDetails(ApicurioRegistryBaseIT.java:154)
	at io.apicurio.tests.ApicurioRegistryBaseIT$RegistryApiErrorWatcher.logProblemDetails(ApicurioRegistryBaseIT.java:154)
	at io.apicurio.tests.ApicurioRegistryBaseIT$RegistryApiErrorWatcher.logProblemDetails(ApicurioRegistryBaseIT.java:154)
	at io.apicurio.tests.ApicurioRegistryBaseIT$RegistryApiErrorWatcher.logProblemDetails(ApicurioRegistryBaseIT.java:154)
	at io.apicurio.tests.ApicurioRegistryBaseIT$RegistryApiErrorWatcher.logProblemDetails(ApicurioRegistryBaseIT.java:154)
	at io.apicurio.tests.ApicurioRegistryBaseIT$RegistryApiErrorWatcher.logProblemDetails(ApicurioRegistryBaseIT.java:154)
	at io.apicurio.tests.ApicurioRegistryBaseIT$RegistryApiErrorWatcher.logProblemDetails(ApicurioRegistryBaseIT.java:154)
	at io.apicurio.tests.ApicurioRegistryBaseIT$RegistryApiErrorWatcher.logProblemDetails(ApicurioRegistryBaseIT.java:154)
	at io.apicurio.tests.ApicurioRegistryBaseIT$RegistryApiErrorWatcher.logProblemDetails(ApicurioRegistryBaseIT.java:154)
	at io.apicurio.tests.ApicurioRegistryBaseIT$RegistryApiErrorWatcher.logProblemDetails(ApicurioRegistryBaseIT.java:154)
	at io.apicurio.tests.ApicurioRegistryBaseIT$RegistryApiErrorWatcher.logProblemDetails(ApicurioRegistryBaseIT.java:154)
	at io.apicurio.tests.ApicurioRegistryBaseIT$RegistryApiErrorWatcher.logProblemDetails(ApicurioRegistryBaseIT.java:154)
	at io.apicurio.tests.ApicurioRegistryBaseIT$RegistryApiErrorWatcher.logProblemDetails(ApicurioRegistryBaseIT.java:154)
	at io.apicurio.tests.ApicurioRegistryBaseIT$RegistryApiErrorWatcher.logProblemDetails(ApicurioRegistryBaseIT.java:154)
	at io.apicurio.tests.ApicurioRegistryBaseIT$RegistryApiErrorWatcher.logProblemDetails(ApicurioRegistryBaseIT.java:154)
	at io.apicurio.tests.ApicurioRegistryBaseIT$RegistryApiErrorWatcher.logProblemDetails(ApicurioRegistryBaseIT.java:154)
	at io.apicurio.tests.ApicurioRegistryBaseIT$RegistryApiErrorWatcher.logProblemDetails(ApicurioRegistryBaseIT.java:154)
	at io.apicurio.tests.ApicurioRegistryBaseIT$RegistryApiErrorWatcher.logProblemDetails(ApicurioRegistryBaseIT.java:154)
	at io.apicurio.tests.ApicurioRegistryBaseIT$RegistryApiErrorWatcher.logProblemDetails(ApicurioRegistryBaseIT.java:154)
	at io.apicurio.tests.ApicurioRegistryBaseIT$RegistryApiErrorWatcher.logProblemDetails(ApicurioRegistryBaseIT.java:154)
	at io.apicurio.tests.ApicurioRegistryBaseIT$RegistryApiErrorWatcher.logProblemDetails(ApicurioRegistryBaseIT.java:154)
	at io.apicurio.tests.ApicurioRegistryBaseIT$RegistryApiErrorWatcher.logProblemDetails(ApicurioRegistryBaseIT.java:154)
	at io.apicurio.tests.ApicurioRegistryBaseIT$RegistryApiErrorWatcher.logProblemDetails(ApicurioRegistryBaseIT.java:154)
	at io.apicurio.tests.ApicurioRegistryBaseIT$RegistryApiErrorWatcher.logProblemDetails(ApicurioRegistryBaseIT.java:154)
	at io.apicurio.tests.ApicurioRegistryBaseIT$RegistryApiErrorWatcher.logProblemDetails(ApicurioRegistryBaseIT.java:154)
	at io.apicurio.tests.ApicurioRegistryBaseIT$RegistryApiErrorWatcher.logProblemDetails(ApicurioRegistryBaseIT.java:154)
	at io.apicurio.tests.ApicurioRegistryBaseIT$RegistryApiErrorWatcher.logProblemDetails(ApicurioRegistryBaseIT.java:154)
	at io.apicurio.tests.ApicurioRegistryBaseIT$RegistryApiErrorWatcher.logProblemDetails(ApicurioRegistryBaseIT.java:154)
	at io.apicurio.tests.ApicurioRegistryBaseIT$RegistryApiErrorWatcher.logProblemDetails(ApicurioRegistryBaseIT.java:154)
	at io.apicurio.tests.ApicurioRegistryBaseIT$RegistryApiErrorWatcher.logProblemDetails(ApicurioRegistryBaseIT.java:154)
	at io.apicurio.tests.ApicurioRegistryBaseIT$RegistryApiErrorWatcher.logProblemDetails(ApicurioRegistryBaseIT.java:154)
	at io.apicurio.tests.ApicurioRegistryBaseIT$RegistryApiErrorWatcher.logProblemDetails(ApicurioRegistryBaseIT.java:154)
	at io.apicurio.tests.ApicurioRegistryBaseIT$RegistryApiErrorWatcher.logProblemDetails(ApicurioRegistryBaseIT.java:154)
	at io.apicurio.tests.ApicurioRegistryBaseIT$RegistryApiErrorWatcher.logProblemDetails(ApicurioRegistryBaseIT.java:154)
	at io.apicurio.tests.ApicurioRegistryBaseIT$RegistryApiErrorWatcher.logProblemDetails(ApicurioRegistryBaseIT.java:154)
	at io.apicurio.tests.ApicurioRegistryBaseIT$RegistryApiErrorWatcher.logProblemDetails(ApicurioRegistryBaseIT.java:154)
	at io.apicurio.tests.ApicurioRegistryBaseIT$RegistryApiErrorWatcher.logProblemDetails(ApicurioRegistryBaseIT.java:154)
	at io.apicurio.tests.ApicurioRegistryBaseIT$RegistryApiErrorWatcher.logProblemDetails(ApicurioRegistryBaseIT.java:154)
	at io.apicurio.tests.ApicurioRegistryBaseIT$RegistryApiErrorWatcher.logProblemDetails(ApicurioRegistryBaseIT.java:154)
	at io.apicurio.tests.ApicurioRegistryBaseIT$RegistryApiErrorWatcher.logProblemDetails(ApicurioRegistryBaseIT.java:154)
	at io.apicurio.tests.ApicurioRegistryBaseIT$RegistryApiErrorWatcher.logProblemDetails(ApicurioRegistryBaseIT.java:154)
	at io.apicurio.tests.ApicurioRegistryBaseIT$RegistryApiErrorWatcher.logProblemDetails(ApicurioRegistryBaseIT.java:154)
	at io.apicurio.tests.ApicurioRegistryBaseIT$RegistryApiErrorWatcher.logProblemDetails(ApicurioRegistryBaseIT.java:154)
	at io.apicurio.tests.ApicurioRegistryBaseIT$RegistryApiErrorWatcher.logProblemDetails(ApicurioRegistryBaseIT.java:154)
	at io.apicurio.tests.ApicurioRegistryBaseIT$RegistryApiErrorWatcher.logProblemDetails(ApicurioRegistryBaseIT.java:154)
	at io.apicurio.tests.ApicurioRegistryBaseIT$RegistryApiErrorWatcher.logProblemDetails(ApicurioRegistryBaseIT.java:154)
	at io.apicurio.tests.ApicurioRegistryBaseIT$RegistryApiErrorWatcher.logProblemDetails(ApicurioRegistryBaseIT.java:154)
	at io.apicurio.tests.ApicurioRegistryBaseIT$RegistryApiErrorWatcher.logProblemDetails(ApicurioRegistryBaseIT.java:154)
	at io.apicurio.tests.ApicurioRegistryBaseIT$RegistryApiErrorWatcher.logProblemDetails(ApicurioRegistryBaseIT.java:154)
	at io.apicurio.tests.ApicurioRegistryBaseIT$RegistryApiErrorWatcher.logProblemDetails(ApicurioRegistryBaseIT.java:154)
	at io.apicurio.tests.ApicurioRegistryBaseIT$RegistryApiErrorWatcher.logProblemDetails(ApicurioRegistryBaseIT.java:154)
	at io.apicurio.tests.ApicurioRegistryBaseIT$RegistryApiErrorWatcher.logProblemDetails(ApicurioRegistryBaseIT.java:154)
	at io.apicurio.tests.ApicurioRegistryBaseIT$RegistryApiErrorWatcher.logProblemDetails(ApicurioRegistryBaseIT.java:154)
	at io.apicurio.tests.ApicurioRegistryBaseIT$RegistryApiErrorWatcher.logProblemDetails(ApicurioRegistryBaseIT.java:154)
	at io.apicurio.tests.ApicurioRegistryBaseIT$RegistryApiErrorWatcher.logProblemDetails(ApicurioRegistryBaseIT.java:154)
	at io.apicurio.tests.ApicurioRegistryBaseIT$RegistryApiErrorWatcher.logProblemDetails(ApicurioRegistryBaseIT.java:154)
	at io.apicurio.tests.ApicurioRegistryBaseIT$RegistryApiErrorWatcher.logProblemDetails(ApicurioRegistryBaseIT.java:154)
	at io.apicurio.tests.ApicurioRegistryBaseIT$RegistryApiErrorWatcher.logProblemDetails(ApicurioRegistryBaseIT.java:154)
	at io.apicurio.tests.ApicurioRegistryBaseIT$RegistryApiErrorWatcher.logProblemDetails(ApicurioRegistryBaseIT.java:154)
	at io.apicurio.tests.ApicurioRegistryBaseIT$RegistryApiErrorWatcher.logProblemDetails(ApicurioRegistryBaseIT.java:154)
	at io.apicurio.tests.ApicurioRegistryBaseIT$RegistryApiErrorWatcher.logProblemDetails(ApicurioRegistryBaseIT.java:154)
	at io.apicurio.tests.ApicurioRegistryBaseIT$RegistryApiErrorWatcher.logProblemDetails(ApicurioRegistryBaseIT.java:154)
	at io.apicurio.tests.ApicurioRegistryBaseIT$RegistryApiErrorWatcher.logProblemDetails(ApicurioRegistryBaseIT.java:154)
	at io.apicurio.tests.ApicurioRegistryBaseIT$RegistryApiErrorWatcher.logProblemDetails(ApicurioRegistryBaseIT.java:154)
	at io.apicurio.tests.ApicurioRegistryBaseIT$RegistryApiErrorWatcher.logProblemDetails(ApicurioRegistryBaseIT.java:154)
	at io.apicurio.tests.ApicurioRegistryBaseIT$RegistryApiErrorWatcher.logProblemDetails(ApicurioRegistryBaseIT.java:154)
	at io.apicurio.tests.ApicurioRegistryBaseIT$RegistryApiErrorWatcher.logProblemDetails(ApicurioRegistryBaseIT.java:154)
	at io.apicurio.tests.ApicurioRegistryBaseIT$RegistryApiErrorWatcher.logProblemDetails(ApicurioRegistryBaseIT.java:154)
	at io.apicurio.tests.ApicurioRegistryBaseIT$RegistryApiErrorWatcher.logProblemDetails(ApicurioRegistryBaseIT.java:154)
	at io.apicurio.tests.ApicurioRegistryBaseIT$RegistryApiErrorWatcher.logProblemDetails(ApicurioRegistryBaseIT.java:154)
	at io.apicurio.tests.ApicurioRegistryBaseIT$RegistryApiErrorWatcher.logProblemDetails(ApicurioRegistryBaseIT.java:154)
	at io.apicurio.tests.ApicurioRegistryBaseIT$RegistryApiErrorWatcher.logProblemDetails(ApicurioRegistryBaseIT.java:154)
	at io.apicurio.tests.ApicurioRegistryBaseIT$RegistryApiErrorWatcher.logProblemDetails(ApicurioRegistryBaseIT.java:154)
	at io.apicurio.tests.ApicurioRegistryBaseIT$RegistryApiErrorWatcher.logProblemDetails(ApicurioRegistryBaseIT.java:154)
	at io.apicurio.tests.ApicurioRegistryBaseIT$RegistryApiErrorWatcher.logProblemDetails(ApicurioRegistryBaseIT.java:154)
	at io.apicurio.tests.ApicurioRegistryBaseIT$RegistryApiErrorWatcher.logProblemDetails(ApicurioRegistryBaseIT.java:154)
	at io.apicurio.tests.ApicurioRegistryBaseIT$RegistryApiErrorWatcher.logProblemDetails(ApicurioRegistryBaseIT.java:154)
	at io.apicurio.tests.ApicurioRegistryBaseIT$RegistryApiErrorWatcher.logProblemDetails(ApicurioRegistryBaseIT.java:154)
	at io.apicurio.tests.ApicurioRegistryBaseIT$RegistryApiErrorWatcher.logProblemDetails(ApicurioRegistryBaseIT.java:154)
	at io.apicurio.tests.ApicurioRegistryBaseIT$RegistryApiErrorWatcher.logProblemDetails(ApicurioRegistryBaseIT.java:154)
	at io.apicurio.tests.ApicurioRegistryBaseIT$RegistryApiErrorWatcher.logProblemDetails(ApicurioRegistryBaseIT.java:154)
	at io.apicurio.tests.ApicurioRegistryBaseIT$RegistryApiErrorWatcher.logProblemDetails(ApicurioRegistryBaseIT.java:154)
	at io.apicurio.tests.ApicurioRegistryBaseIT$RegistryApiErrorWatcher.logProblemDetails(ApicurioRegistryBaseIT.java:154)
	at io.apicurio.tests.ApicurioRegistryBaseIT$RegistryApiErrorWatcher.logProblemDetails(ApicurioRegistryBaseIT.java:154)
	at io.apicurio.tests.ApicurioRegistryBaseIT$RegistryApiErrorWatcher.logProblemDetails(ApicurioRegistryBaseIT.java:154)
	at io.apicurio.tests.ApicurioRegistryBaseIT$RegistryApiErrorWatcher.logProblemDetails(ApicurioRegistryBaseIT.java:154)
	at io.apicurio.tests.ApicurioRegistryBaseIT$RegistryApiErrorWatcher.logProblemDetails(ApicurioRegistryBaseIT.java:154)
	at io.apicurio.tests.ApicurioRegistryBaseIT$RegistryApiErrorWatcher.logProblemDetails(ApicurioRegistryBaseIT.java:154)
	at io.apicurio.tests.ApicurioRegistryBaseIT$RegistryApiErrorWatcher.logProblemDetails(ApicurioRegistryBaseIT.java:154)
	at io.apicurio.tests.ApicurioRegistryBaseIT$RegistryApiErrorWatcher.logProblemDetails(ApicurioRegistryBaseIT.java:154)
	at io.apicurio.tests.ApicurioRegistryBaseIT$RegistryApiErrorWatcher.logProblemDetails(ApicurioRegistryBaseIT.java:154)
	at io.apicurio.tests.ApicurioRegistryBaseIT$RegistryApiErrorWatcher.logProblemDetails(ApicurioRegistryBaseIT.java:154)
	at io.apicurio.tests.ApicurioRegistryBaseIT$RegistryApiErrorWatcher.logProblemDetails(ApicurioRegistryBaseIT.java:154)
	at io.apicurio.tests.ApicurioRegistryBaseIT$RegistryApiErrorWatcher.logProblemDetails(ApicurioRegistryBaseIT.java:154)
	at io.apicurio.tests.ApicurioRegistryBaseIT$RegistryApiErrorWatcher.logProblemDetails(ApicurioRegistryBaseIT.java:154)
	at io.apicurio.tests.ApicurioRegistryBaseIT$RegistryApiErrorWatcher.logProblemDetails(ApicurioRegistryBaseIT.java:154)
	at io.apicurio.tests.ApicurioRegistryBaseIT$RegistryApiErrorWatcher.logProblemDetails(ApicurioRegistryBaseIT.java:154)
	at io.apicurio.tests.ApicurioRegistryBaseIT$RegistryApiErrorWatcher.logProblemDetails(ApicurioRegistryBaseIT.java:154)
	at io.apicurio.tests.ApicurioRegistryBaseIT$RegistryApiErrorWatcher.logProblemDetails(ApicurioRegistryBaseIT.java:154)
	at io.apicurio.tests.ApicurioRegistryBaseIT$RegistryApiErrorWatcher.logProblemDetails(ApicurioRegistryBaseIT.java:154)
	at io.apicurio.tests.ApicurioRegistryBaseIT$RegistryApiErrorWatcher.logProblemDetails(ApicurioRegistryBaseIT.java:154)
	at io.apicurio.tests.ApicurioRegistryBaseIT$RegistryApiErrorWatcher.logProblemDetails(ApicurioRegistryBaseIT.java:154)
	at io.apicurio.tests.ApicurioRegistryBaseIT$RegistryApiErrorWatcher.logProblemDetails(ApicurioRegistryBaseIT.java:154)
	at io.apicurio.tests.ApicurioRegistryBaseIT$RegistryApiErrorWatcher.logProblemDetails(ApicurioRegistryBaseIT.java:154)
	at io.apicurio.tests.ApicurioRegistryBaseIT$RegistryApiErrorWatcher.logProblemDetails(ApicurioRegistryBaseIT.java:154)
	at io.apicurio.tests.ApicurioRegistryBaseIT$RegistryApiErrorWatcher.logProblemDetails(ApicurioRegistryBaseIT.java:154)
	at io.apicurio.tests.ApicurioRegistryBaseIT$RegistryApiErrorWatcher.logProblemDetails(ApicurioRegistryBaseIT.java:154)
	at io.apicurio.tests.ApicurioRegistryBaseIT$RegistryApiErrorWatcher.logProblemDetails(ApicurioRegistryBaseIT.java:154)
	at io.apicurio.tests.ApicurioRegistryBaseIT$RegistryApiErrorWatcher.logProblemDetails(ApicurioRegistryBaseIT.java:154)
	at io.apicurio.tests.ApicurioRegistryBaseIT$RegistryApiErrorWatcher.logProblemDetails(ApicurioRegistryBaseIT.java:154)
	at io.apicurio.tests.ApicurioRegistryBaseIT$RegistryApiErrorWatcher.logProblemDetails(ApicurioRegistryBaseIT.java:154)
	at io.apicurio.tests.ApicurioRegistryBaseIT$RegistryApiErrorWatcher.logProblemDetails(ApicurioRegistryBaseIT.java:154)
	at io.apicurio.tests.ApicurioRegistryBaseIT$RegistryApiErrorWatcher.logProblemDetails(ApicurioRegistryBaseIT.java:154)
	at io.apicurio.tests.ApicurioRegistryBaseIT$RegistryApiErrorWatcher.logProblemDetails(ApicurioRegistryBaseIT.java:154)
	at io.apicurio.tests.ApicurioRegistryBaseIT$RegistryApiErrorWatcher.logProblemDetails(ApicurioRegistryBaseIT.java:154)
	at io.apicurio.tests.ApicurioRegistryBaseIT$RegistryApiErrorWatcher.logProblemDetails(ApicurioRegistryBaseIT.java:154)
	at io.apicurio.tests.ApicurioRegistryBaseIT$RegistryApiErrorWatcher.logProblemDetails(ApicurioRegistryBaseIT.java:154)
	at io.apicurio.tests.ApicurioRegistryBaseIT$RegistryApiErrorWatcher.logProblemDetails(ApicurioRegistryBaseIT.java:154)
	at io.apicurio.tests.ApicurioRegistryBaseIT$RegistryApiErrorWatcher.logProblemDetails(ApicurioRegistryBaseIT.java:154)
	at io.apicurio.tests.ApicurioRegistryBaseIT$RegistryApiErrorWatcher.logProblemDetails(ApicurioRegistryBaseIT.java:154)
	at io.apicurio.tests.ApicurioRegistryBaseIT$RegistryApiErrorWatcher.logProblemDetails(ApicurioRegistryBaseIT.java:154)
	at io.apicurio.tests.ApicurioRegistryBaseIT$RegistryApiErrorWatcher.logProblemDetails(ApicurioRegistryBaseIT.java:154)
	at io.apicurio.tests.ApicurioRegistryBaseIT$RegistryApiErrorWatcher.logProblemDetails(ApicurioRegistryBaseIT.java:154)
	at io.apicurio.tests.ApicurioRegistryBaseIT$RegistryApiErrorWatcher.logProblemDetails(ApicurioRegistryBaseIT.java:154)
	at io.apicurio.tests.ApicurioRegistryBaseIT$RegistryApiErrorWatcher.logProblemDetails(ApicurioRegistryBaseIT.java:154)
	at io.apicurio.tests.ApicurioRegistryBaseIT$RegistryApiErrorWatcher.logProblemDetails(ApicurioRegistryBaseIT.java:154)
	at io.apicurio.tests.ApicurioRegistryBaseIT$RegistryApiErrorWatcher.logProblemDetails(ApicurioRegistryBaseIT.java:154)
	at io.apicurio.tests.ApicurioRegistryBaseIT$RegistryApiErrorWatcher.logProblemDetails(ApicurioRegistryBaseIT.java:154)
	at io.apicurio.tests.ApicurioRegistryBaseIT$RegistryApiErrorWatcher.logProblemDetails(ApicurioRegistryBaseIT.java:154)
	at io.apicurio.tests.ApicurioRegistryBaseIT$RegistryApiErrorWatcher.logProblemDetails(ApicurioRegistryBaseIT.java:154)
	at io.apicurio.tests.ApicurioRegistryBaseIT$RegistryApiErrorWatcher.logProblemDetails(ApicurioRegistryBaseIT.java:154)
	at io.apicurio.tests.ApicurioRegistryBaseIT$RegistryApiErrorWatcher.logProblemDetails(ApicurioRegistryBaseIT.java:154)
	at io.apicurio.tests.ApicurioRegistryBaseIT$RegistryApiErrorWatcher.logProblemDetails(ApicurioRegistryBaseIT.java:154)
	at io.apicurio.tests.ApicurioRegistryBaseIT$RegistryApiErrorWatcher.logProblemDetails(ApicurioRegistryBaseIT.java:154)
	at io.apicurio.tests.ApicurioRegistryBaseIT$RegistryApiErrorWatcher.logProblemDetails(ApicurioRegistryBaseIT.java:154)
	at io.apicurio.tests.ApicurioRegistryBaseIT$RegistryApiErrorWatcher.logProblemDetails(ApicurioRegistryBaseIT.java:154)
	at io.apicurio.tests.ApicurioRegistryBaseIT$RegistryApiErrorWatcher.logProblemDetails(ApicurioRegistryBaseIT.java:154)
	at io.apicurio.tests.ApicurioRegistryBaseIT$RegistryApiErrorWatcher.logProblemDetails(ApicurioRegistryBaseIT.java:154)
	at io.apicurio.tests.ApicurioRegistryBaseIT$RegistryApiErrorWatcher.logProblemDetails(ApicurioRegistryBaseIT.java:154)
	at io.apicurio.tests.ApicurioRegistryBaseIT$RegistryApiErrorWatcher.logProblemDetails(ApicurioRegistryBaseIT.java:154)
	at io.apicurio.tests.ApicurioRegistryBaseIT$RegistryApiErrorWatcher.logProblemDetails(ApicurioRegistryBaseIT.java:154)
	at io.apicurio.tests.ApicurioRegistryBaseIT$RegistryApiErrorWatcher.logProblemDetails(ApicurioRegistryBaseIT.java:154)
	at io.apicurio.tests.ApicurioRegistryBaseIT$RegistryApiErrorWatcher.logProblemDetails(ApicurioRegistryBaseIT.java:154)
	at io.apicurio.tests.ApicurioRegistryBaseIT$RegistryApiErrorWatcher.logProblemDetails(ApicurioRegistryBaseIT.java:154)
	at io.apicurio.tests.ApicurioRegistryBaseIT$RegistryApiErrorWatcher.logProblemDetails(ApicurioRegistryBaseIT.java:154)
	at io.apicurio.tests.ApicurioRegistryBaseIT$RegistryApiErrorWatcher.logProblemDetails(ApicurioRegistryBaseIT.java:154)
	at io.apicurio.tests.ApicurioRegistryBaseIT$RegistryApiErrorWatcher.logProblemDetails(ApicurioRegistryBaseIT.java:154)
	at io.apicurio.tests.ApicurioRegistryBaseIT$RegistryApiErrorWatcher.logProblemDetails(ApicurioRegistryBaseIT.java:154)
	at io.apicurio.tests.ApicurioRegistryBaseIT$RegistryApiErrorWatcher.logProblemDetails(ApicurioRegistryBaseIT.java:154)
	at io.apicurio.tests.ApicurioRegistryBaseIT$RegistryApiErrorWatcher.logProblemDetails(ApicurioRegistryBaseIT.java:154)
	at io.apicurio.tests.ApicurioRegistryBaseIT$RegistryApiErrorWatcher.logProblemDetails(ApicurioRegistryBaseIT.java:154)
	at io.apicurio.tests.ApicurioRegistryBaseIT$RegistryApiErrorWatcher.logProblemDetails(ApicurioRegistryBaseIT.java:154)
	at io.apicurio.tests.ApicurioRegistryBaseIT$RegistryApiErrorWatcher.logProblemDetails(ApicurioRegistryBaseIT.java:154)
	at io.apicurio.tests.ApicurioRegistryBaseIT$RegistryApiErrorWatcher.logProblemDetails(ApicurioRegistryBaseIT.java:154)
	at io.apicurio.tests.ApicurioRegistryBaseIT$RegistryApiErrorWatcher.logProblemDetails(ApicurioRegistryBaseIT.java:154)
	at io.apicurio.tests.ApicurioRegistryBaseIT$RegistryApiErrorWatcher.logProblemDetails(ApicurioRegistryBaseIT.java:154)
	at io.apicurio.tests.ApicurioRegistryBaseIT$RegistryApiErrorWatcher.logProblemDetails(ApicurioRegistryBaseIT.java:154)
	at io.apicurio.tests.ApicurioRegistryBaseIT$RegistryApiErrorWatcher.logProblemDetails(ApicurioRegistryBaseIT.java:154)
	at io.apicurio.tests.ApicurioRegistryBaseIT$RegistryApiErrorWatcher.logProblemDetails(ApicurioRegistryBaseIT.java:154)
	at io.apicurio.tests.ApicurioRegistryBaseIT$RegistryApiErrorWatcher.logProblemDetails(ApicurioRegistryBaseIT.java:154)
	at io.apicurio.tests.ApicurioRegistryBaseIT$RegistryApiErrorWatcher.logProblemDetails(ApicurioRegistryBaseIT.java:154)
	at io.apicurio.tests.ApicurioRegistryBaseIT$RegistryApiErrorWatcher.logProblemDetails(ApicurioRegistryBaseIT.java:154)
	at io.apicurio.tests.ApicurioRegistryBaseIT$RegistryApiErrorWatcher.logProblemDetails(ApicurioRegistryBaseIT.java:154)
	at io.apicurio.tests.ApicurioRegistryBaseIT$RegistryApiErrorWatcher.logProblemDetails(ApicurioRegistryBaseIT.java:154)
	at io.apicurio.tests.ApicurioRegistryBaseIT$RegistryApiErrorWatcher.logProblemDetails(ApicurioRegistryBaseIT.java:154)
	at io.apicurio.tests.ApicurioRegistryBaseIT$RegistryApiErrorWatcher.logProblemDetails(ApicurioRegistryBaseIT.java:154)
	at io.apicurio.tests.ApicurioRegistryBaseIT$RegistryApiErrorWatcher.logProblemDetails(ApicurioRegistryBaseIT.java:154)
	at io.apicurio.tests.ApicurioRegistryBaseIT$RegistryApiErrorWatcher.logProblemDetails(ApicurioRegistryBaseIT.java:154)
	at io.apicurio.tests.ApicurioRegistryBaseIT$RegistryApiErrorWatcher.logProblemDetails(ApicurioRegistryBaseIT.java:154)
	at io.apicurio.tests.ApicurioRegistryBaseIT$RegistryApiErrorWatcher.logProblemDetails(ApicurioRegistryBaseIT.java:154)
	at io.apicurio.tests.ApicurioRegistryBaseIT$RegistryApiErrorWatcher.logProblemDetails(ApicurioRegistryBaseIT.java:154)
	at io.apicurio.tests.ApicurioRegistryBaseIT$RegistryApiErrorWatcher.logProblemDetails(ApicurioRegistryBaseIT.java:154)
	at io.apicurio.tests.ApicurioRegistryBaseIT$RegistryApiErrorWatcher.logProblemDetails(ApicurioRegistryBaseIT.java:154)
	at io.apicurio.tests.ApicurioRegistryBaseIT$RegistryApiErrorWatcher.logProblemDetails(ApicurioRegistryBaseIT.java:154)
	at io.apicurio.tests.ApicurioRegistryBaseIT$RegistryApiErrorWatcher.logProblemDetails(ApicurioRegistryBaseIT.java:154)
	at io.apicurio.tests.ApicurioRegistryBaseIT$RegistryApiErrorWatcher.logProblemDetails(ApicurioRegistryBaseIT.java:154)
	at io.apicurio.tests.ApicurioRegistryBaseIT$RegistryApiErrorWatcher.logProblemDetails(ApicurioRegistryBaseIT.java:154)
	at io.apicurio.tests.ApicurioRegistryBaseIT$RegistryApiErrorWatcher.logProblemDetails(ApicurioRegistryBaseIT.java:154)
	at io.apicurio.tests.ApicurioRegistryBaseIT$RegistryApiErrorWatcher.logProblemDetails(ApicurioRegistryBaseIT.java:154)
	at io.apicurio.tests.ApicurioRegistryBaseIT$RegistryApiErrorWatcher.logProblemDetails(ApicurioRegistryBaseIT.java:154)
	at io.apicurio.tests.ApicurioRegistryBaseIT$RegistryApiErrorWatcher.logProblemDetails(ApicurioRegistryBaseIT.java:154)
	at io.apicurio.tests.ApicurioRegistryBaseIT$RegistryApiErrorWatcher.logProblemDetails(ApicurioRegistryBaseIT.java:154)
	at io.apicurio.tests.ApicurioRegistryBaseIT$RegistryApiErrorWatcher.logProblemDetails(ApicurioRegistryBaseIT.java:154)
	at io.apicurio.tests.ApicurioRegistryBaseIT$RegistryApiErrorWatcher.logProblemDetails(ApicurioRegistryBaseIT.java:154)
	at io.apicurio.tests.ApicurioRegistryBaseIT$RegistryApiErrorWatcher.logProblemDetails(ApicurioRegistryBaseIT.java:154)
	at io.apicurio.tests.ApicurioRegistryBaseIT$RegistryApiErrorWatcher.logProblemDetails(ApicurioRegistryBaseIT.java:154)
	at io.apicurio.tests.ApicurioRegistryBaseIT$RegistryApiErrorWatcher.logProblemDetails(ApicurioRegistryBaseIT.java:154)
	at io.apicurio.tests.ApicurioRegistryBaseIT$RegistryApiErrorWatcher.logProblemDetails(ApicurioRegistryBaseIT.java:154)
	at io.apicurio.tests.ApicurioRegistryBaseIT$RegistryApiErrorWatcher.logProblemDetails(ApicurioRegistryBaseIT.java:154)
	at io.apicurio.tests.ApicurioRegistryBaseIT$RegistryApiErrorWatcher.logProblemDetails(ApicurioRegistryBaseIT.java:154)
	at io.apicurio.tests.ApicurioRegistryBaseIT$RegistryApiErrorWatcher.logProblemDetails(ApicurioRegistryBaseIT.java:154)
	at io.apicurio.tests.ApicurioRegistryBaseIT$RegistryApiErrorWatcher.logProblemDetails(ApicurioRegistryBaseIT.java:154)
	at io.apicurio.tests.ApicurioRegistryBaseIT$RegistryApiErrorWatcher.logProblemDetails(ApicurioRegistryBaseIT.java:154)
	at io.apicurio.tests.ApicurioRegistryBaseIT$RegistryApiErrorWatcher.logProblemDetails(ApicurioRegistryBaseIT.java:154)
	at io.apicurio.tests.ApicurioRegistryBaseIT$RegistryApiErrorWatcher.logProblemDetails(ApicurioRegistryBaseIT.java:154)
	at io.apicurio.tests.ApicurioRegistryBaseIT$RegistryApiErrorWatcher.logProblemDetails(ApicurioRegistryBaseIT.java:154)
	at io.apicurio.tests.ApicurioRegistryBaseIT$RegistryApiErrorWatcher.logProblemDetails(ApicurioRegistryBaseIT.java:154)
	at io.apicurio.tests.ApicurioRegistryBaseIT$RegistryApiErrorWatcher.logProblemDetails(ApicurioRegistryBaseIT.java:154)
	at io.apicurio.tests.ApicurioRegistryBaseIT$RegistryApiErrorWatcher.logProblemDetails(ApicurioRegistryBaseIT.java:154)
	at io.apicurio.tests.ApicurioRegistryBaseIT$RegistryApiErrorWatcher.logProblemDetails(ApicurioRegistryBaseIT.java:154)
	at io.apicurio.tests.ApicurioRegistryBaseIT$RegistryApiErrorWatcher.logProblemDetails(ApicurioRegistryBaseIT.java:154)
	at io.apicurio.tests.ApicurioRegistryBaseIT$RegistryApiErrorWatcher.logProblemDetails(ApicurioRegistryBaseIT.java:154)
	at io.apicurio.tests.ApicurioRegistryBaseIT$RegistryApiErrorWatcher.logProblemDetails(ApicurioRegistryBaseIT.java:154)
	at io.apicurio.tests.ApicurioRegistryBaseIT$RegistryApiErrorWatcher.logProblemDetails(ApicurioRegistryBaseIT.java:154)
	at io.apicurio.tests.ApicurioRegistryBaseIT$RegistryApiErrorWatcher.logProblemDetails(ApicurioRegistryBaseIT.java:154)
	at io.apicurio.tests.ApicurioRegistryBaseIT$RegistryApiErrorWatcher.logProblemDetails(ApicurioRegistryBaseIT.java:154)
	at io.apicurio.tests.ApicurioRegistryBaseIT$RegistryApiErrorWatcher.logProblemDetails(ApicurioRegistryBaseIT.java:154)
	at io.apicurio.tests.ApicurioRegistryBaseIT$RegistryApiErrorWatcher.logProblemDetails(ApicurioRegistryBaseIT.java:154)
	at io.apicurio.tests.ApicurioRegistryBaseIT$RegistryApiErrorWatcher.logProblemDetails(ApicurioRegistryBaseIT.java:154)
	at io.apicurio.tests.ApicurioRegistryBaseIT$RegistryApiErrorWatcher.logProblemDetails(ApicurioRegistryBaseIT.java:154)
	at io.apicurio.tests.ApicurioRegistryBaseIT$RegistryApiErrorWatcher.logProblemDetails(ApicurioRegistryBaseIT.java:154)
	at io.apicurio.tests.ApicurioRegistryBaseIT$RegistryApiErrorWatcher.logProblemDetails(ApicurioRegistryBaseIT.java:154)
	at io.apicurio.tests.ApicurioRegistryBaseIT$RegistryApiErrorWatcher.logProblemDetails(ApicurioRegistryBaseIT.java:154)
	at io.apicurio.tests.ApicurioRegistryBaseIT$RegistryApiErrorWatcher.logProblemDetails(ApicurioRegistryBaseIT.java:154)
	at io.apicurio.tests.ApicurioRegistryBaseIT$RegistryApiErrorWatcher.logProblemDetails(ApicurioRegistryBaseIT.java:154)
	at io.apicurio.tests.ApicurioRegistryBaseIT$RegistryApiErrorWatcher.logProblemDetails(ApicurioRegistryBaseIT.java:154)
	at io.apicurio.tests.ApicurioRegistryBaseIT$RegistryApiErrorWatcher.logProblemDetails(ApicurioRegistryBaseIT.java:154)
	at io.apicurio.tests.ApicurioRegistryBaseIT$RegistryApiErrorWatcher.logProblemDetails(ApicurioRegistryBaseIT.java:154)
	at io.apicurio.tests.ApicurioRegistryBaseIT$RegistryApiErrorWatcher.logProblemDetails(ApicurioRegistryBaseIT.java:154)
	at io.apicurio.tests.ApicurioRegistryBaseIT$RegistryApiErrorWatcher.logProblemDetails(ApicurioRegistryBaseIT.java:154)
	at io.apicurio.tests.ApicurioRegistryBaseIT$RegistryApiErrorWatcher.logProblemDetails(ApicurioRegistryBaseIT.java:154)
	at io.apicurio.tests.ApicurioRegistryBaseIT$RegistryApiErrorWatcher.logProblemDetails(ApicurioRegistryBaseIT.java:154)
	at io.apicurio.tests.ApicurioRegistryBaseIT$RegistryApiErrorWatcher.logProblemDetails(ApicurioRegistryBaseIT.java:154)
	at io.apicurio.tests.ApicurioRegistryBaseIT$RegistryApiErrorWatcher.logProblemDetails(ApicurioRegistryBaseIT.java:154)
	at io.apicurio.tests.ApicurioRegistryBaseIT$RegistryApiErrorWatcher.logProblemDetails(ApicurioRegistryBaseIT.java:154)
	at io.apicurio.tests.ApicurioRegistryBaseIT$RegistryApiErrorWatcher.logProblemDetails(ApicurioRegistryBaseIT.java:154)
	at io.apicurio.tests.ApicurioRegistryBaseIT$RegistryApiErrorWatcher.logProblemDetails(ApicurioRegistryBaseIT.java:154)
	at io.apicurio.tests.ApicurioRegistryBaseIT$RegistryApiErrorWatcher.logProblemDetails(ApicurioRegistryBaseIT.java:154)
	at io.apicurio.tests.ApicurioRegistryBaseIT$RegistryApiErrorWatcher.logProblemDetails(ApicurioRegistryBaseIT.java:154)
	at io.apicurio.tests.ApicurioRegistryBaseIT$RegistryApiErrorWatcher.logProblemDetails(ApicurioRegistryBaseIT.java:154)
	at io.apicurio.tests.ApicurioRegistryBaseIT$RegistryApiErrorWatcher.logProblemDetails(ApicurioRegistryBaseIT.java:154)
	at io.apicurio.tests.ApicurioRegistryBaseIT$RegistryApiErrorWatcher.logProblemDetails(ApicurioRegistryBaseIT.java:154)
	at io.apicurio.tests.ApicurioRegistryBaseIT$RegistryApiErrorWatcher.logProblemDetails(ApicurioRegistryBaseIT.java:154)
	at io.apicurio.tests.ApicurioRegistryBaseIT$RegistryApiErrorWatcher.logProblemDetails(ApicurioRegistryBaseIT.java:154)
	at io.apicurio.tests.ApicurioRegistryBaseIT$RegistryApiErrorWatcher.logProblemDetails(ApicurioRegistryBaseIT.java:154)
	at io.apicurio.tests.ApicurioRegistryBaseIT$RegistryApiErrorWatcher.logProblemDetails(ApicurioRegistryBaseIT.java:154)
	at io.apicurio.tests.ApicurioRegistryBaseIT$RegistryApiErrorWatcher.logProblemDetails(ApicurioRegistryBaseIT.java:154)
	at io.apicurio.tests.ApicurioRegistryBaseIT$RegistryApiErrorWatcher.logProblemDetails(ApicurioRegistryBaseIT.java:154)
	at io.apicurio.tests.ApicurioRegistryBaseIT$RegistryApiErrorWatcher.logProblemDetails(ApicurioRegistryBaseIT.java:154)
	at io.apicurio.tests.ApicurioRegistryBaseIT$RegistryApiErrorWatcher.logProblemDetails(ApicurioRegistryBaseIT.java:154)
	at io.apicurio.tests.ApicurioRegistryBaseIT$RegistryApiErrorWatcher.logProblemDetails(ApicurioRegistryBaseIT.java:154)
	at io.apicurio.tests.ApicurioRegistryBaseIT$RegistryApiErrorWatcher.logProblemDetails(ApicurioRegistryBaseIT.java:154)
	at io.apicurio.tests.ApicurioRegistryBaseIT$RegistryApiErrorWatcher.logProblemDetails(ApicurioRegistryBaseIT.java:154)
	at io.apicurio.tests.ApicurioRegistryBaseIT$RegistryApiErrorWatcher.logProblemDetails(ApicurioRegistryBaseIT.java:154)
	at io.apicurio.tests.ApicurioRegistryBaseIT$RegistryApiErrorWatcher.logProblemDetails(ApicurioRegistryBaseIT.java:154)
	at io.apicurio.tests.ApicurioRegistryBaseIT$RegistryApiErrorWatcher.logProblemDetails(ApicurioRegistryBaseIT.java:154)
	at io.apicurio.tests.ApicurioRegistryBaseIT$RegistryApiErrorWatcher.logProblemDetails(ApicurioRegistryBaseIT.java:154)
	at io.apicurio.tests.ApicurioRegistryBaseIT$RegistryApiErrorWatcher.logProblemDetails(ApicurioRegistryBaseIT.java:154)
	at io.apicurio.tests.ApicurioRegistryBaseIT$RegistryApiErrorWatcher.logProblemDetails(ApicurioRegistryBaseIT.java:154)
	at io.apicurio.tests.ApicurioRegistryBaseIT$RegistryApiErrorWatcher.logProblemDetails(ApicurioRegistryBaseIT.java:154)
	at io.apicurio.tests.ApicurioRegistryBaseIT$RegistryApiErrorWatcher.logProblemDetails(ApicurioRegistryBaseIT.java:154)
	at io.apicurio.tests.ApicurioRegistryBaseIT$RegistryApiErrorWatcher.logProblemDetails(ApicurioRegistryBaseIT.java:154)
	at io.apicurio.tests.ApicurioRegistryBaseIT$RegistryApiErrorWatcher.logProblemDetails(ApicurioRegistryBaseIT.java:154)
	at io.apicurio.tests.ApicurioRegistryBaseIT$RegistryApiErrorWatcher.logProblemDetails(ApicurioRegistryBaseIT.java:154)
	at io.apicurio.tests.ApicurioRegistryBaseIT$RegistryApiErrorWatcher.logProblemDetails(ApicurioRegistryBaseIT.java:154)
	at io.apicurio.tests.ApicurioRegistryBaseIT$RegistryApiErrorWatcher.logProblemDetails(ApicurioRegistryBaseIT.java:154)
	at io.apicurio.tests.ApicurioRegistryBaseIT$RegistryApiErrorWatcher.logProblemDetails(ApicurioRegistryBaseIT.java:154)
	at io.apicurio.tests.ApicurioRegistryBaseIT$RegistryApiErrorWatcher.logProblemDetails(ApicurioRegistryBaseIT.java:154)
	at io.apicurio.tests.ApicurioRegistryBaseIT$RegistryApiErrorWatcher.logProblemDetails(ApicurioRegistryBaseIT.java:154)
	at io.apicurio.tests.ApicurioRegistryBaseIT$RegistryApiErrorWatcher.logProblemDetails(ApicurioRegistryBaseIT.java:154)
	at io.apicurio.tests.ApicurioRegistryBaseIT$RegistryApiErrorWatcher.logProblemDetails(ApicurioRegistryBaseIT.java:154)
	at io.apicurio.tests.ApicurioRegistryBaseIT$RegistryApiErrorWatcher.logProblemDetails(ApicurioRegistryBaseIT.java:154)
	at io.apicurio.tests.ApicurioRegistryBaseIT$RegistryApiErrorWatcher.logProblemDetails(ApicurioRegistryBaseIT.java:154)
	at io.apicurio.tests.ApicurioRegistryBaseIT$RegistryApiErrorWatcher.logProblemDetails(ApicurioRegistryBaseIT.java:154)
	at io.apicurio.tests.ApicurioRegistryBaseIT$RegistryApiErrorWatcher.logProblemDetails(ApicurioRegistryBaseIT.java:154)
	at io.apicurio.tests.ApicurioRegistryBaseIT$RegistryApiErrorWatcher.logProblemDetails(ApicurioRegistryBaseIT.java:154)
	at io.apicurio.tests.ApicurioRegistryBaseIT$RegistryApiErrorWatcher.logProblemDetails(ApicurioRegistryBaseIT.java:154)
	at io.apicurio.tests.ApicurioRegistryBaseIT$RegistryApiErrorWatcher.logProblemDetails(ApicurioRegistryBaseIT.java:154)
	at io.apicurio.tests.ApicurioRegistryBaseIT$RegistryApiErrorWatcher.logProblemDetails(ApicurioRegistryBaseIT.java:154)
	at io.apicurio.tests.ApicurioRegistryBaseIT$RegistryApiErrorWatcher.logProblemDetails(ApicurioRegistryBaseIT.java:154)
	at io.apicurio.tests.ApicurioRegistryBaseIT$RegistryApiErrorWatcher.logProblemDetails(ApicurioRegistryBaseIT.java:154)
	at io.apicurio.tests.ApicurioRegistryBaseIT$RegistryApiErrorWatcher.logProblemDetails(ApicurioRegistryBaseIT.java:154)
	at io.apicurio.tests.ApicurioRegistryBaseIT$RegistryApiErrorWatcher.logProblemDetails(ApicurioRegistryBaseIT.java:154)
	at io.apicurio.tests.ApicurioRegistryBaseIT$RegistryApiErrorWatcher.logProblemDetails(ApicurioRegistryBaseIT.java:154)
	at io.apicurio.tests.ApicurioRegistryBaseIT$RegistryApiErrorWatcher.logProblemDetails(ApicurioRegistryBaseIT.java:154)
	at io.apicurio.tests.ApicurioRegistryBaseIT$RegistryApiErrorWatcher.logProblemDetails(ApicurioRegistryBaseIT.java:154)
	at io.apicurio.tests.ApicurioRegistryBaseIT$RegistryApiErrorWatcher.logProblemDetails(ApicurioRegistryBaseIT.java:154)
	at io.apicurio.tests.ApicurioRegistryBaseIT$RegistryApiErrorWatcher.logProblemDetails(ApicurioRegistryBaseIT.java:154)
	at io.apicurio.tests.ApicurioRegistryBaseIT$RegistryApiErrorWatcher.logProblemDetails(ApicurioRegistryBaseIT.java:154)
	at io.apicurio.tests.ApicurioRegistryBaseIT$RegistryApiErrorWatcher.logProblemDetails(ApicurioRegistryBaseIT.java:154)
	at io.apicurio.tests.ApicurioRegistryBaseIT$RegistryApiErrorWatcher.logProblemDetails(ApicurioRegistryBaseIT.java:154)
	at io.apicurio.tests.ApicurioRegistryBaseIT$RegistryApiErrorWatcher.logProblemDetails(ApicurioRegistryBaseIT.java:154)
	at io.apicurio.tests.ApicurioRegistryBaseIT$RegistryApiErrorWatcher.logProblemDetails(ApicurioRegistryBaseIT.java:154)
	at io.apicurio.tests.ApicurioRegistryBaseIT$RegistryApiErrorWatcher.logProblemDetails(ApicurioRegistryBaseIT.java:154)
	at io.apicurio.tests.ApicurioRegistryBaseIT$RegistryApiErrorWatcher.logProblemDetails(ApicurioRegistryBaseIT.java:154)
	at io.apicurio.tests.ApicurioRegistryBaseIT$RegistryApiErrorWatcher.logProblemDetails(ApicurioRegistryBaseIT.java:154)
	at io.apicurio.tests.ApicurioRegistryBaseIT$RegistryApiErrorWatcher.logProblemDetails(ApicurioRegistryBaseIT.java:154)
	at io.apicurio.tests.ApicurioRegistryBaseIT$RegistryApiErrorWatcher.logProblemDetails(ApicurioRegistryBaseIT.java:154)
	at io.apicurio.tests.ApicurioRegistryBaseIT$RegistryApiErrorWatcher.logProblemDetails(ApicurioRegistryBaseIT.java:154)
	at io.apicurio.tests.ApicurioRegistryBaseIT$RegistryApiErrorWatcher.logProblemDetails(ApicurioRegistryBaseIT.java:154)
	at io.apicurio.tests.ApicurioRegistryBaseIT$RegistryApiErrorWatcher.logProblemDetails(ApicurioRegistryBaseIT.java:154)
	at io.apicurio.tests.ApicurioRegistryBaseIT$RegistryApiErrorWatcher.logProblemDetails(ApicurioRegistryBaseIT.java:154)
	at io.apicurio.tests.ApicurioRegistryBaseIT$RegistryApiErrorWatcher.logProblemDetails(ApicurioRegistryBaseIT.java:154)
	at io.apicurio.tests.ApicurioRegistryBaseIT$RegistryApiErrorWatcher.logProblemDetails(ApicurioRegistryBaseIT.java:154)
	at io.apicurio.tests.ApicurioRegistryBaseIT$RegistryApiErrorWatcher.logProblemDetails(ApicurioRegistryBaseIT.java:154)
	at io.apicurio.tests.ApicurioRegistryBaseIT$RegistryApiErrorWatcher.logProblemDetails(ApicurioRegistryBaseIT.java:154)
	at io.apicurio.tests.ApicurioRegistryBaseIT$RegistryApiErrorWatcher.logProblemDetails(ApicurioRegistryBaseIT.java:154)
	at io.apicurio.tests.ApicurioRegistryBaseIT$RegistryApiErrorWatcher.logProblemDetails(ApicurioRegistryBaseIT.java:154)
	at io.apicurio.tests.ApicurioRegistryBaseIT$RegistryApiErrorWatcher.logProblemDetails(ApicurioRegistryBaseIT.java:154)
	at io.apicurio.tests.ApicurioRegistryBaseIT$RegistryApiErrorWatcher.logProblemDetails(ApicurioRegistryBaseIT.java:154)
	at io.apicurio.tests.ApicurioRegistryBaseIT$RegistryApiErrorWatcher.logProblemDetails(ApicurioRegistryBaseIT.java:154)
	at io.apicurio.tests.ApicurioRegistryBaseIT$RegistryApiErrorWatcher.logProblemDetails(ApicurioRegistryBaseIT.java:154)
	at io.apicurio.tests.ApicurioRegistryBaseIT$RegistryApiErrorWatcher.logProblemDetails(ApicurioRegistryBaseIT.java:154)
	at io.apicurio.tests.ApicurioRegistryBaseIT$RegistryApiErrorWatcher.logProblemDetails(ApicurioRegistryBaseIT.java:154)
	at io.apicurio.tests.ApicurioRegistryBaseIT$RegistryApiErrorWatcher.logProblemDetails(ApicurioRegistryBaseIT.java:154)
	at io.apicurio.tests.ApicurioRegistryBaseIT$RegistryApiErrorWatcher.logProblemDetails(ApicurioRegistryBaseIT.java:154)
	at io.apicurio.tests.ApicurioRegistryBaseIT$RegistryApiErrorWatcher.logProblemDetails(ApicurioRegistryBaseIT.java:154)
	at io.apicurio.tests.ApicurioRegistryBaseIT$RegistryApiErrorWatcher.logProblemDetails(ApicurioRegistryBaseIT.java:154)
	at io.apicurio.tests.ApicurioRegistryBaseIT$RegistryApiErrorWatcher.logProblemDetails(ApicurioRegistryBaseIT.java:154)
	at io.apicurio.tests.ApicurioRegistryBaseIT$RegistryApiErrorWatcher.logProblemDetails(ApicurioRegistryBaseIT.java:154)
	at io.apicurio.tests.ApicurioRegistryBaseIT$RegistryApiErrorWatcher.logProblemDetails(ApicurioRegistryBaseIT.java:154)
	at io.apicurio.tests.ApicurioRegistryBaseIT$RegistryApiErrorWatcher.logProblemDetails(ApicurioRegistryBaseIT.java:154)
	at io.apicurio.tests.ApicurioRegistryBaseIT$RegistryApiErrorWatcher.logProblemDetails(ApicurioRegistryBaseIT.java:154)
	at io.apicurio.tests.ApicurioRegistryBaseIT$RegistryApiErrorWatcher.logProblemDetails(ApicurioRegistryBaseIT.java:154)
	at io.apicurio.tests.ApicurioRegistryBaseIT$RegistryApiErrorWatcher.logProblemDetails(ApicurioRegistryBaseIT.java:154)
	at io.apicurio.tests.ApicurioRegistryBaseIT$RegistryApiErrorWatcher.logProblemDetails(ApicurioRegistryBaseIT.java:154)
	at io.apicurio.tests.ApicurioRegistryBaseIT$RegistryApiErrorWatcher.logProblemDetails(ApicurioRegistryBaseIT.java:154)
	at io.apicurio.tests.ApicurioRegistryBaseIT$RegistryApiErrorWatcher.logProblemDetails(ApicurioRegistryBaseIT.java:154)
	at io.apicurio.tests.ApicurioRegistryBaseIT$RegistryApiErrorWatcher.logProblemDetails(ApicurioRegistryBaseIT.java:154)
	at io.apicurio.tests.ApicurioRegistryBaseIT$RegistryApiErrorWatcher.logProblemDetails(ApicurioRegistryBaseIT.java:154)
	at io.apicurio.tests.ApicurioRegistryBaseIT$RegistryApiErrorWatcher.logProblemDetails(ApicurioRegistryBaseIT.java:154)
	at io.apicurio.tests.ApicurioRegistryBaseIT$RegistryApiErrorWatcher.logProblemDetails(ApicurioRegistryBaseIT.java:154)
	at io.apicurio.tests.ApicurioRegistryBaseIT$RegistryApiErrorWatcher.logProblemDetails(ApicurioRegistryBaseIT.java:154)
	at io.apicurio.tests.ApicurioRegistryBaseIT$RegistryApiErrorWatcher.logProblemDetails(ApicurioRegistryBaseIT.java:154)
	at io.apicurio.tests.ApicurioRegistryBaseIT$RegistryApiErrorWatcher.logProblemDetails(ApicurioRegistryBaseIT.java:154)
	at io.apicurio.tests.ApicurioRegistryBaseIT$RegistryApiErrorWatcher.logProblemDetails(ApicurioRegistryBaseIT.java:154)
	at io.apicurio.tests.ApicurioRegistryBaseIT$RegistryApiErrorWatcher.logProblemDetails(ApicurioRegistryBaseIT.java:154)
	at io.apicurio.tests.ApicurioRegistryBaseIT$RegistryApiErrorWatcher.logProblemDetails(ApicurioRegistryBaseIT.java:154)
	at io.apicurio.tests.ApicurioRegistryBaseIT$RegistryApiErrorWatcher.logProblemDetails(ApicurioRegistryBaseIT.java:154)
	at io.apicurio.tests.ApicurioRegistryBaseIT$RegistryApiErrorWatcher.logProblemDetails(ApicurioRegistryBaseIT.java:154)
	at io.apicurio.tests.ApicurioRegistryBaseIT$RegistryApiErrorWatcher.logProblemDetails(ApicurioRegistryBaseIT.java:154)
	at io.apicurio.tests.ApicurioRegistryBaseIT$RegistryApiErrorWatcher.logProblemDetails(ApicurioRegistryBaseIT.java:154)
	at io.apicurio.tests.ApicurioRegistryBaseIT$RegistryApiErrorWatcher.logProblemDetails(ApicurioRegistryBaseIT.java:154)
	at io.apicurio.tests.ApicurioRegistryBaseIT$RegistryApiErrorWatcher.logProblemDetails(ApicurioRegistryBaseIT.java:154)
	at io.apicurio.tests.ApicurioRegistryBaseIT$RegistryApiErrorWatcher.logProblemDetails(ApicurioRegistryBaseIT.java:154)
	at io.apicurio.tests.ApicurioRegistryBaseIT$RegistryApiErrorWatcher.logProblemDetails(ApicurioRegistryBaseIT.java:154)
	at io.apicurio.tests.ApicurioRegistryBaseIT$RegistryApiErrorWatcher.logProblemDetails(ApicurioRegistryBaseIT.java:154)
	at io.apicurio.tests.ApicurioRegistryBaseIT$RegistryApiErrorWatcher.logProblemDetails(ApicurioRegistryBaseIT.java:154)
	at io.apicurio.tests.ApicurioRegistryBaseIT$RegistryApiErrorWatcher.logProblemDetails(ApicurioRegistryBaseIT.java:154)
	at io.apicurio.tests.ApicurioRegistryBaseIT$RegistryApiErrorWatcher.logProblemDetails(ApicurioRegistryBaseIT.java:154)
	at io.apicurio.tests.ApicurioRegistryBaseIT$RegistryApiErrorWatcher.logProblemDetails(ApicurioRegistryBaseIT.java:154)
	at io.apicurio.tests.ApicurioRegistryBaseIT$RegistryApiErrorWatcher.logProblemDetails(ApicurioRegistryBaseIT.java:154)
	at io.apicurio.tests.ApicurioRegistryBaseIT$RegistryApiErrorWatcher.logProblemDetails(ApicurioRegistryBaseIT.java:154)
	at io.apicurio.tests.ApicurioRegistryBaseIT$RegistryApiErrorWatcher.logProblemDetails(ApicurioRegistryBaseIT.java:154)
	at io.apicurio.tests.ApicurioRegistryBaseIT$RegistryApiErrorWatcher.logProblemDetails(ApicurioRegistryBaseIT.java:154)
	at io.apicurio.tests.ApicurioRegistryBaseIT$RegistryApiErrorWatcher.logProblemDetails(ApicurioRegistryBaseIT.java:154)
	at io.apicurio.tests.ApicurioRegistryBaseIT$RegistryApiErrorWatcher.logProblemDetails(ApicurioRegistryBaseIT.java:154)
	at io.apicurio.tests.ApicurioRegistryBaseIT$RegistryApiErrorWatcher.logProblemDetails(ApicurioRegistryBaseIT.java:154)
	at io.apicurio.tests.ApicurioRegistryBaseIT$RegistryApiErrorWatcher.logProblemDetails(ApicurioRegistryBaseIT.java:154)
	at io.apicurio.tests.ApicurioRegistryBaseIT$RegistryApiErrorWatcher.logProblemDetails(ApicurioRegistryBaseIT.java:154)
	at io.apicurio.tests.ApicurioRegistryBaseIT$RegistryApiErrorWatcher.logProblemDetails(ApicurioRegistryBaseIT.java:154)
	at io.apicurio.tests.ApicurioRegistryBaseIT$RegistryApiErrorWatcher.logProblemDetails(ApicurioRegistryBaseIT.java:154)
	at io.apicurio.tests.ApicurioRegistryBaseIT$RegistryApiErrorWatcher.logProblemDetails(ApicurioRegistryBaseIT.java:154)
	at io.apicurio.tests.ApicurioRegistryBaseIT$RegistryApiErrorWatcher.logProblemDetails(ApicurioRegistryBaseIT.java:154)
	at io.apicurio.tests.ApicurioRegistryBaseIT$RegistryApiErrorWatcher.logProblemDetails(ApicurioRegistryBaseIT.java:154)
	at io.apicurio.tests.ApicurioRegistryBaseIT$RegistryApiErrorWatcher.logProblemDetails(ApicurioRegistryBaseIT.java:154)
	at io.apicurio.tests.ApicurioRegistryBaseIT$RegistryApiErrorWatcher.logProblemDetails(ApicurioRegistryBaseIT.java:154)
	at io.apicurio.tests.ApicurioRegistryBaseIT$RegistryApiErrorWatcher.logProblemDetails(ApicurioRegistryBaseIT.java:154)
	at io.apicurio.tests.ApicurioRegistryBaseIT$RegistryApiErrorWatcher.logProblemDetails(ApicurioRegistryBaseIT.java:154)
	at io.apicurio.tests.ApicurioRegistryBaseIT$RegistryApiErrorWatcher.logProblemDetails(ApicurioRegistryBaseIT.java:154)
	at io.apicurio.tests.ApicurioRegistryBaseIT$RegistryApiErrorWatcher.logProblemDetails(ApicurioRegistryBaseIT.java:154)
	at io.apicurio.tests.ApicurioRegistryBaseIT$RegistryApiErrorWatcher.logProblemDetails(ApicurioRegistryBaseIT.java:154)
	at io.apicurio.tests.ApicurioRegistryBaseIT$RegistryApiErrorWatcher.logProblemDetails(ApicurioRegistryBaseIT.java:154)
	at io.apicurio.tests.ApicurioRegistryBaseIT$RegistryApiErrorWatcher.logProblemDetails(ApicurioRegistryBaseIT.java:154)
	at io.apicurio.tests.ApicurioRegistryBaseIT$RegistryApiErrorWatcher.logProblemDetails(ApicurioRegistryBaseIT.java:154)
	at io.apicurio.tests.ApicurioRegistryBaseIT$RegistryApiErrorWatcher.logProblemDetails(ApicurioRegistryBaseIT.java:154)
	at io.apicurio.tests.ApicurioRegistryBaseIT$RegistryApiErrorWatcher.logProblemDetails(ApicurioRegistryBaseIT.java:154)
	at io.apicurio.tests.ApicurioRegistryBaseIT$RegistryApiErrorWatcher.logProblemDetails(ApicurioRegistryBaseIT.java:154)
	at io.apicurio.tests.ApicurioRegistryBaseIT$RegistryApiErrorWatcher.logProblemDetails(ApicurioRegistryBaseIT.java:154)
	at io.apicurio.tests.ApicurioRegistryBaseIT$RegistryApiErrorWatcher.logProblemDetails(ApicurioRegistryBaseIT.java:154)
	at io.apicurio.tests.ApicurioRegistryBaseIT$RegistryApiErrorWatcher.logProblemDetails(ApicurioRegistryBaseIT.java:154)
	at io.apicurio.tests.ApicurioRegistryBaseIT$RegistryApiErrorWatcher.logProblemDetails(ApicurioRegistryBaseIT.java:154)
	at io.apicurio.tests.ApicurioRegistryBaseIT$RegistryApiErrorWatcher.logProblemDetails(ApicurioRegistryBaseIT.java:154)
	at io.apicurio.tests.ApicurioRegistryBaseIT$RegistryApiErrorWatcher.logProblemDetails(ApicurioRegistryBaseIT.java:154)
	at io.apicurio.tests.ApicurioRegistryBaseIT$RegistryApiErrorWatcher.logProblemDetails(ApicurioRegistryBaseIT.java:154)
	at io.apicurio.tests.ApicurioRegistryBaseIT$RegistryApiErrorWatcher.logProblemDetails(ApicurioRegistryBaseIT.java:154)
	at io.apicurio.tests.ApicurioRegistryBaseIT$RegistryApiErrorWatcher.logProblemDetails(ApicurioRegistryBaseIT.java:154)
	at io.apicurio.tests.ApicurioRegistryBaseIT$RegistryApiErrorWatcher.logProblemDetails(ApicurioRegistryBaseIT.java:154)
	at io.apicurio.tests.ApicurioRegistryBaseIT$RegistryApiErrorWatcher.logProblemDetails(ApicurioRegistryBaseIT.java:154)
	at io.apicurio.tests.ApicurioRegistryBaseIT$RegistryApiErrorWatcher.logProblemDetails(ApicurioRegistryBaseIT.java:154)
	at io.apicurio.tests.ApicurioRegistryBaseIT$RegistryApiErrorWatcher.logProblemDetails(ApicurioRegistryBaseIT.java:154)
	at io.apicurio.tests.ApicurioRegistryBaseIT$RegistryApiErrorWatcher.logProblemDetails(ApicurioRegistryBaseIT.java:154)
	at io.apicurio.tests.ApicurioRegistryBaseIT$RegistryApiErrorWatcher.logProblemDetails(ApicurioRegistryBaseIT.java:154)
	at io.apicurio.tests.ApicurioRegistryBaseIT$RegistryApiErrorWatcher.logProblemDetails(ApicurioRegistryBaseIT.java:154)
	at io.apicurio.tests.ApicurioRegistryBaseIT$RegistryApiErrorWatcher.logProblemDetails(ApicurioRegistryBaseIT.java:154)
	at io.apicurio.tests.ApicurioRegistryBaseIT$RegistryApiErrorWatcher.logProblemDetails(ApicurioRegistryBaseIT.java:154)
	at io.apicurio.tests.ApicurioRegistryBaseIT$RegistryApiErrorWatcher.logProblemDetails(ApicurioRegistryBaseIT.java:154)
	at io.apicurio.tests.ApicurioRegistryBaseIT$RegistryApiErrorWatcher.logProblemDetails(ApicurioRegistryBaseIT.java:154)
	at io.apicurio.tests.ApicurioRegistryBaseIT$RegistryApiErrorWatcher.logProblemDetails(ApicurioRegistryBaseIT.java:154)
	at io.apicurio.tests.ApicurioRegistryBaseIT$RegistryApiErrorWatcher.logProblemDetails(ApicurioRegistryBaseIT.java:154)
	at io.apicurio.tests.ApicurioRegistryBaseIT$RegistryApiErrorWatcher.logProblemDetails(ApicurioRegistryBaseIT.java:154)
	at io.apicurio.tests.ApicurioRegistryBaseIT$RegistryApiErrorWatcher.logProblemDetails(ApicurioRegistryBaseIT.java:154)
	at io.apicurio.tests.ApicurioRegistryBaseIT$RegistryApiErrorWatcher.logProblemDetails(ApicurioRegistryBaseIT.java:154)
	at io.apicurio.tests.ApicurioRegistryBaseIT$RegistryApiErrorWatcher.logProblemDetails(ApicurioRegistryBaseIT.java:154)
	at io.apicurio.tests.ApicurioRegistryBaseIT$RegistryApiErrorWatcher.logProblemDetails(ApicurioRegistryBaseIT.java:154)
	at io.apicurio.tests.ApicurioRegistryBaseIT$RegistryApiErrorWatcher.logProblemDetails(ApicurioRegistryBaseIT.java:154)
	at io.apicurio.tests.ApicurioRegistryBaseIT$RegistryApiErrorWatcher.logProblemDetails(ApicurioRegistryBaseIT.java:154)
	at io.apicurio.tests.ApicurioRegistryBaseIT$RegistryApiErrorWatcher.logProblemDetails(ApicurioRegistryBaseIT.java:154)
	at io.apicurio.tests.ApicurioRegistryBaseIT$RegistryApiErrorWatcher.logProblemDetails(ApicurioRegistryBaseIT.java:154)
	at io.apicurio.tests.ApicurioRegistryBaseIT$RegistryApiErrorWatcher.logProblemDetails(ApicurioRegistryBaseIT.java:154)
	at io.apicurio.tests.ApicurioRegistryBaseIT$RegistryApiErrorWatcher.logProblemDetails(ApicurioRegistryBaseIT.java:154)
	at io.apicurio.tests.ApicurioRegistryBaseIT$RegistryApiErrorWatcher.logProblemDetails(ApicurioRegistryBaseIT.java:154)
	at io.apicurio.tests.ApicurioRegistryBaseIT$RegistryApiErrorWatcher.logProblemDetails(ApicurioRegistryBaseIT.java:154)
	at io.apicurio.tests.ApicurioRegistryBaseIT$RegistryApiErrorWatcher.logProblemDetails(ApicurioRegistryBaseIT.java:154)
	at io.apicurio.tests.ApicurioRegistryBaseIT$RegistryApiErrorWatcher.logProblemDetails(ApicurioRegistryBaseIT.java:154)
	at io.apicurio.tests.ApicurioRegistryBaseIT$RegistryApiErrorWatcher.logProblemDetails(ApicurioRegistryBaseIT.java:154)
	at io.apicurio.tests.ApicurioRegistryBaseIT$RegistryApiErrorWatcher.logProblemDetails(ApicurioRegistryBaseIT.java:154)
	at io.apicurio.tests.ApicurioRegistryBaseIT$RegistryApiErrorWatcher.logProblemDetails(ApicurioRegistryBaseIT.java:154)
	at io.apicurio.tests.ApicurioRegistryBaseIT$RegistryApiErrorWatcher.logProblemDetails(ApicurioRegistryBaseIT.java:154)
	at io.apicurio.tests.ApicurioRegistryBaseIT$RegistryApiErrorWatcher.logProblemDetails(ApicurioRegistryBaseIT.java:154)
	at io.apicurio.tests.ApicurioRegistryBaseIT$RegistryApiErrorWatcher.logProblemDetails(ApicurioRegistryBaseIT.java:154)
	at io.apicurio.tests.ApicurioRegistryBaseIT$RegistryApiErrorWatcher.logProblemDetails(ApicurioRegistryBaseIT.java:154)
	at io.apicurio.tests.ApicurioRegistryBaseIT$RegistryApiErrorWatcher.logProblemDetails(ApicurioRegistryBaseIT.java:154)
	at io.apicurio.tests.ApicurioRegistryBaseIT$RegistryApiErrorWatcher.logProblemDetails(ApicurioRegistryBaseIT.java:154)
	at io.apicurio.tests.ApicurioRegistryBaseIT$RegistryApiErrorWatcher.logProblemDetails(ApicurioRegistryBaseIT.java:154)
	at io.apicurio.tests.ApicurioRegistryBaseIT$RegistryApiErrorWatcher.logProblemDetails(ApicurioRegistryBaseIT.java:154)
	at io.apicurio.tests.ApicurioRegistryBaseIT$RegistryApiErrorWatcher.logProblemDetails(ApicurioRegistryBaseIT.java:154)
	at io.apicurio.tests.ApicurioRegistryBaseIT$RegistryApiErrorWatcher.logProblemDetails(ApicurioRegistryBaseIT.java:154)
	at io.apicurio.tests.ApicurioRegistryBaseIT$RegistryApiErrorWatcher.logProblemDetails(ApicurioRegistryBaseIT.java:154)
	at io.apicurio.tests.ApicurioRegistryBaseIT$RegistryApiErrorWatcher.logProblemDetails(ApicurioRegistryBaseIT.java:154)
	at io.apicurio.tests.ApicurioRegistryBaseIT$RegistryApiErrorWatcher.logProblemDetails(ApicurioRegistryBaseIT.java:154)
	at io.apicurio.tests.ApicurioRegistryBaseIT$RegistryApiErrorWatcher.logProblemDetails(ApicurioRegistryBaseIT.java:154)
	at io.apicurio.tests.ApicurioRegistryBaseIT$RegistryApiErrorWatcher.logProblemDetails(ApicurioRegistryBaseIT.java:154)
	at io.apicurio.tests.ApicurioRegistryBaseIT$RegistryApiErrorWatcher.logProblemDetails(ApicurioRegistryBaseIT.java:154)
	at io.apicurio.tests.ApicurioRegistryBaseIT$RegistryApiErrorWatcher.logProblemDetails(ApicurioRegistryBaseIT.java:154)
	at io.apicurio.tests.ApicurioRegistryBaseIT$RegistryApiErrorWatcher.logProblemDetails(ApicurioRegistryBaseIT.java:154)
	at io.apicurio.tests.ApicurioRegistryBaseIT$RegistryApiErrorWatcher.logProblemDetails(ApicurioRegistryBaseIT.java:154)
	at io.apicurio.tests.ApicurioRegistryBaseIT$RegistryApiErrorWatcher.logProblemDetails(ApicurioRegistryBaseIT.java:154)
	at io.apicurio.tests.ApicurioRegistryBaseIT$RegistryApiErrorWatcher.logProblemDetails(ApicurioRegistryBaseIT.java:154)
	at io.apicurio.tests.ApicurioRegistryBaseIT$RegistryApiErrorWatcher.logProblemDetails(ApicurioRegistryBaseIT.java:154)
	at io.apicurio.tests.ApicurioRegistryBaseIT$RegistryApiErrorWatcher.logProblemDetails(ApicurioRegistryBaseIT.java:154)
	at io.apicurio.tests.ApicurioRegistryBaseIT$RegistryApiErrorWatcher.logProblemDetails(ApicurioRegistryBaseIT.java:154)
	at io.apicurio.tests.ApicurioRegistryBaseIT$RegistryApiErrorWatcher.logProblemDetails(ApicurioRegistryBaseIT.java:154)
	at io.apicurio.tests.ApicurioRegistryBaseIT$RegistryApiErrorWatcher.logProblemDetails(ApicurioRegistryBaseIT.java:154)
	at io.apicurio.tests.ApicurioRegistryBaseIT$RegistryApiErrorWatcher.logProblemDetails(ApicurioRegistryBaseIT.java:154)
	at io.apicurio.tests.ApicurioRegistryBaseIT$RegistryApiErrorWatcher.logProblemDetails(ApicurioRegistryBaseIT.java:154)
	at io.apicurio.tests.ApicurioRegistryBaseIT$RegistryApiErrorWatcher.logProblemDetails(ApicurioRegistryBaseIT.java:154)
	at io.apicurio.tests.ApicurioRegistryBaseIT$RegistryApiErrorWatcher.logProblemDetails(ApicurioRegistryBaseIT.java:154)
	at io.apicurio.tests.ApicurioRegistryBaseIT$RegistryApiErrorWatcher.logProblemDetails(ApicurioRegistryBaseIT.java:154)
	at io.apicurio.tests.ApicurioRegistryBaseIT$RegistryApiErrorWatcher.logProblemDetails(ApicurioRegistryBaseIT.java:154)
	at io.apicurio.tests.ApicurioRegistryBaseIT$RegistryApiErrorWatcher.logProblemDetails(ApicurioRegistryBaseIT.java:154)
	at io.apicurio.tests.ApicurioRegistryBaseIT$RegistryApiErrorWatcher.logProblemDetails(ApicurioRegistryBaseIT.java:154)
	at io.apicurio.tests.ApicurioRegistryBaseIT$RegistryApiErrorWatcher.logProblemDetails(ApicurioRegistryBaseIT.java:154)
	at io.apicurio.tests.ApicurioRegistryBaseIT$RegistryApiErrorWatcher.logProblemDetails(ApicurioRegistryBaseIT.java:154)
	at io.apicurio.tests.ApicurioRegistryBaseIT$RegistryApiErrorWatcher.logProblemDetails(ApicurioRegistryBaseIT.java:154)
	at io.apicurio.tests.ApicurioRegistryBaseIT$RegistryApiErrorWatcher.logProblemDetails(ApicurioRegistryBaseIT.java:154)
	at io.apicurio.tests.ApicurioRegistryBaseIT$RegistryApiErrorWatcher.logProblemDetails(ApicurioRegistryBaseIT.java:154)
	at io.apicurio.tests.ApicurioRegistryBaseIT$RegistryApiErrorWatcher.logProblemDetails(ApicurioRegistryBaseIT.java:154)
	at io.apicurio.tests.ApicurioRegistryBaseIT$RegistryApiErrorWatcher.logProblemDetails(ApicurioRegistryBaseIT.java:154)
	at io.apicurio.tests.ApicurioRegistryBaseIT$RegistryApiErrorWatcher.logProblemDetails(ApicurioRegistryBaseIT.java:154)
	at io.apicurio.tests.ApicurioRegistryBaseIT$RegistryApiErrorWatcher.logProblemDetails(ApicurioRegistryBaseIT.java:154)
	at io.apicurio.tests.ApicurioRegistryBaseIT$RegistryApiErrorWatcher.logProblemDetails(ApicurioRegistryBaseIT.java:154)
	at io.apicurio.tests.ApicurioRegistryBaseIT$RegistryApiErrorWatcher.logProblemDetails(ApicurioRegistryBaseIT.java:154)
	at io.apicurio.tests.ApicurioRegistryBaseIT$RegistryApiErrorWatcher.logProblemDetails(ApicurioRegistryBaseIT.java:154)
	at io.apicurio.tests.ApicurioRegistryBaseIT$RegistryApiErrorWatcher.logProblemDetails(ApicurioRegistryBaseIT.java:154)
	at io.apicurio.tests.ApicurioRegistryBaseIT$RegistryApiErrorWatcher.logProblemDetails(ApicurioRegistryBaseIT.java:154)
	at io.apicurio.tests.ApicurioRegistryBaseIT$RegistryApiErrorWatcher.logProblemDetails(ApicurioRegistryBaseIT.java:154)
	at io.apicurio.tests.ApicurioRegistryBaseIT$RegistryApiErrorWatcher.logProblemDetails(ApicurioRegistryBaseIT.java:154)
	at io.apicurio.tests.ApicurioRegistryBaseIT$RegistryApiErrorWatcher.logProblemDetails(ApicurioRegistryBaseIT.java:154)
	at io.apicurio.tests.ApicurioRegistryBaseIT$RegistryApiErrorWatcher.logProblemDetails(ApicurioRegistryBaseIT.java:154)
	at io.apicurio.tests.ApicurioRegistryBaseIT$RegistryApiErrorWatcher.logProblemDetails(ApicurioRegistryBaseIT.java:154)
	at io.apicurio.tests.ApicurioRegistryBaseIT$RegistryApiErrorWatcher.logProblemDetails(ApicurioRegistryBaseIT.java:154)
	at io.apicurio.tests.ApicurioRegistryBaseIT$RegistryApiErrorWatcher.logProblemDetails(ApicurioRegistryBaseIT.java:154)
	at io.apicurio.tests.ApicurioRegistryBaseIT$RegistryApiErrorWatcher.logProblemDetails(ApicurioRegistryBaseIT.java:154)
	at io.apicurio.tests.ApicurioRegistryBaseIT$RegistryApiErrorWatcher.logProblemDetails(ApicurioRegistryBaseIT.java:154)
	at io.apicurio.tests.ApicurioRegistryBaseIT$RegistryApiErrorWatcher.logProblemDetails(ApicurioRegistryBaseIT.java:154)
	at io.apicurio.tests.ApicurioRegistryBaseIT$RegistryApiErrorWatcher.logProblemDetails(ApicurioRegistryBaseIT.java:154)
	at io.apicurio.tests.ApicurioRegistryBaseIT$RegistryApiErrorWatcher.logProblemDetails(ApicurioRegistryBaseIT.java:154)
	at io.apicurio.tests.ApicurioRegistryBaseIT$RegistryApiErrorWatcher.logProblemDetails(ApicurioRegistryBaseIT.java:154)
	at io.apicurio.tests.ApicurioRegistryBaseIT$RegistryApiErrorWatcher.logProblemDetails(ApicurioRegistryBaseIT.java:154)
	at io.apicurio.tests.ApicurioRegistryBaseIT$RegistryApiErrorWatcher.logProblemDetails(ApicurioRegistryBaseIT.java:154)
	at io.apicurio.tests.ApicurioRegistryBaseIT$RegistryApiErrorWatcher.logProblemDetails(ApicurioRegistryBaseIT.java:154)
	at io.apicurio.tests.ApicurioRegistryBaseIT$RegistryApiErrorWatcher.logProblemDetails(ApicurioRegistryBaseIT.java:154)
	at io.apicurio.tests.ApicurioRegistryBaseIT$RegistryApiErrorWatcher.logProblemDetails(ApicurioRegistryBaseIT.java:154)
	at io.apicurio.tests.ApicurioRegistryBaseIT$RegistryApiErrorWatcher.logProblemDetails(ApicurioRegistryBaseIT.java:154)
	at io.apicurio.tests.ApicurioRegistryBaseIT$RegistryApiErrorWatcher.logProblemDetails(ApicurioRegistryBaseIT.java:154)
	at io.apicurio.tests.ApicurioRegistryBaseIT$RegistryApiErrorWatcher.logProblemDetails(ApicurioRegistryBaseIT.java:154)
	at io.apicurio.tests.ApicurioRegistryBaseIT$RegistryApiErrorWatcher.logProblemDetails(ApicurioRegistryBaseIT.java:154)
	at io.apicurio.tests.ApicurioRegistryBaseIT$RegistryApiErrorWatcher.logProblemDetails(ApicurioRegistryBaseIT.java:154)
	at io.apicurio.tests.ApicurioRegistryBaseIT$RegistryApiErrorWatcher.logProblemDetails(ApicurioRegistryBaseIT.java:154)
	at io.apicurio.tests.ApicurioRegistryBaseIT$RegistryApiErrorWatcher.logProblemDetails(ApicurioRegistryBaseIT.java:154)
	at io.apicurio.tests.ApicurioRegistryBaseIT$RegistryApiErrorWatcher.logProblemDetails(ApicurioRegistryBaseIT.java:154)
	at io.apicurio.tests.ApicurioRegistryBaseIT$RegistryApiErrorWatcher.logProblemDetails(ApicurioRegistryBaseIT.java:154)
	at io.apicurio.tests.ApicurioRegistryBaseIT$RegistryApiErrorWatcher.logProblemDetails(ApicurioRegistryBaseIT.java:154)
	at io.apicurio.tests.ApicurioRegistryBaseIT$RegistryApiErrorWatcher.logProblemDetails(ApicurioRegistryBaseIT.java:154)
	at io.apicurio.tests.ApicurioRegistryBaseIT$RegistryApiErrorWatcher.logProblemDetails(ApicurioRegistryBaseIT.java:154)
	at io.apicurio.tests.ApicurioRegistryBaseIT$RegistryApiErrorWatcher.logProblemDetails(ApicurioRegistryBaseIT.java:154)
	at io.apicurio.tests.ApicurioRegistryBaseIT$RegistryApiErrorWatcher.logProblemDetails(ApicurioRegistryBaseIT.java:154)
	at io.apicurio.tests.ApicurioRegistryBaseIT$RegistryApiErrorWatcher.logProblemDetails(ApicurioRegistryBaseIT.java:154)
	at io.apicurio.tests.ApicurioRegistryBaseIT$RegistryApiErrorWatcher.logProblemDetails(ApicurioRegistryBaseIT.java:154)
	at io.apicurio.tests.ApicurioRegistryBaseIT$RegistryApiErrorWatcher.logProblemDetails(ApicurioRegistryBaseIT.java:154)
	at io.apicurio.tests.ApicurioRegistryBaseIT$RegistryApiErrorWatcher.logProblemDetails(ApicurioRegistryBaseIT.java:154)
	at io.apicurio.tests.ApicurioRegistryBaseIT$RegistryApiErrorWatcher.logProblemDetails(ApicurioRegistryBaseIT.java:154)
	at io.apicurio.tests.ApicurioRegistryBaseIT$RegistryApiErrorWatcher.logProblemDetails(ApicurioRegistryBaseIT.java:154)
	at io.apicurio.tests.ApicurioRegistryBaseIT$RegistryApiErrorWatcher.logProblemDetails(ApicurioRegistryBaseIT.java:154)
	at io.apicurio.tests.ApicurioRegistryBaseIT$RegistryApiErrorWatcher.logProblemDetails(ApicurioRegistryBaseIT.java:154)
	at io.apicurio.tests.ApicurioRegistryBaseIT$RegistryApiErrorWatcher.logProblemDetails(ApicurioRegistryBaseIT.java:154)
	at io.apicurio.tests.ApicurioRegistryBaseIT$RegistryApiErrorWatcher.logProblemDetails(ApicurioRegistryBaseIT.java:154)
	at io.apicurio.tests.ApicurioRegistryBaseIT$RegistryApiErrorWatcher.logProblemDetails(ApicurioRegistryBaseIT.java:154)
	at io.apicurio.tests.ApicurioRegistryBaseIT$RegistryApiErrorWatcher.logProblemDetails(ApicurioRegistryBaseIT.java:154)
	at io.apicurio.tests.ApicurioRegistryBaseIT$RegistryApiErrorWatcher.logProblemDetails(ApicurioRegistryBaseIT.java:154)
	at io.apicurio.tests.ApicurioRegistryBaseIT$RegistryApiErrorWatcher.logProblemDetails(ApicurioRegistryBaseIT.java:154)
	at io.apicurio.tests.ApicurioRegistryBaseIT$RegistryApiErrorWatcher.logProblemDetails(ApicurioRegistryBaseIT.java:154)
	at io.apicurio.tests.ApicurioRegistryBaseIT$RegistryApiErrorWatcher.logProblemDetails(ApicurioRegistryBaseIT.java:154)
	at io.apicurio.tests.ApicurioRegistryBaseIT$RegistryApiErrorWatcher.logProblemDetails(ApicurioRegistryBaseIT.java:154)
	at io.apicurio.tests.ApicurioRegistryBaseIT$RegistryApiErrorWatcher.logProblemDetails(ApicurioRegistryBaseIT.java:154)
	at io.apicurio.tests.ApicurioRegistryBaseIT$RegistryApiErrorWatcher.logProblemDetails(ApicurioRegistryBaseIT.java:154)
	at io.apicurio.tests.ApicurioRegistryBaseIT$RegistryApiErrorWatcher.logProblemDetails(ApicurioRegistryBaseIT.java:154)
	at io.apicurio.tests.ApicurioRegistryBaseIT$RegistryApiErrorWatcher.logProblemDetails(ApicurioRegistryBaseIT.java:154)
	at io.apicurio.tests.ApicurioRegistryBaseIT$RegistryApiErrorWatcher.logProblemDetails(ApicurioRegistryBaseIT.java:154)
	at io.apicurio.tests.ApicurioRegistryBaseIT$RegistryApiErrorWatcher.logProblemDetails(ApicurioRegistryBaseIT.java:154)
	at io.apicurio.tests.ApicurioRegistryBaseIT$RegistryApiErrorWatcher.logProblemDetails(ApicurioRegistryBaseIT.java:154)
	at io.apicurio.tests.ApicurioRegistryBaseIT$RegistryApiErrorWatcher.logProblemDetails(ApicurioRegistryBaseIT.java:154)
	at io.apicurio.tests.ApicurioRegistryBaseIT$RegistryApiErrorWatcher.logProblemDetails(ApicurioRegistryBaseIT.java:154)
	at io.apicurio.tests.ApicurioRegistryBaseIT$RegistryApiErrorWatcher.logProblemDetails(ApicurioRegistryBaseIT.java:154)
	at io.apicurio.tests.ApicurioRegistryBaseIT$RegistryApiErrorWatcher.logProblemDetails(ApicurioRegistryBaseIT.java:154)
	at io.apicurio.tests.ApicurioRegistryBaseIT$RegistryApiErrorWatcher.logProblemDetails(ApicurioRegistryBaseIT.java:154)
	at io.apicurio.tests.ApicurioRegistryBaseIT$RegistryApiErrorWatcher.logProblemDetails(ApicurioRegistryBaseIT.java:154)
	at io.apicurio.tests.ApicurioRegistryBaseIT$RegistryApiErrorWatcher.logProblemDetails(ApicurioRegistryBaseIT.java:154)
	at io.apicurio.tests.ApicurioRegistryBaseIT$RegistryApiErrorWatcher.logProblemDetails(ApicurioRegistryBaseIT.java:154)
	at io.apicurio.tests.ApicurioRegistryBaseIT$RegistryApiErrorWatcher.logProblemDetails(ApicurioRegistryBaseIT.java:154)
	at io.apicurio.tests.ApicurioRegistryBaseIT$RegistryApiErrorWatcher.logProblemDetails(ApicurioRegistryBaseIT.java:154)
	at io.apicurio.tests.ApicurioRegistryBaseIT$RegistryApiErrorWatcher.logProblemDetails(ApicurioRegistryBaseIT.java:154)
	at io.apicurio.tests.ApicurioRegistryBaseIT$RegistryApiErrorWatcher.logProblemDetails(ApicurioRegistryBaseIT.java:154)
	at io.apicurio.tests.ApicurioRegistryBaseIT$RegistryApiErrorWatcher.logProblemDetails(ApicurioRegistryBaseIT.java:154)
	at io.apicurio.tests.ApicurioRegistryBaseIT$RegistryApiErrorWatcher.logProblemDetails(ApicurioRegistryBaseIT.java:154)
	at io.apicurio.tests.ApicurioRegistryBaseIT$RegistryApiErrorWatcher.logProblemDetails(ApicurioRegistryBaseIT.java:154)
	at io.apicurio.tests.ApicurioRegistryBaseIT$RegistryApiErrorWatcher.logProblemDetails(ApicurioRegistryBaseIT.java:154)
	at io.apicurio.tests.ApicurioRegistryBaseIT$RegistryApiErrorWatcher.logProblemDetails(ApicurioRegistryBaseIT.java:154)
	at io.apicurio.tests.ApicurioRegistryBaseIT$RegistryApiErrorWatcher.logProblemDetails(ApicurioRegistryBaseIT.java:154)
	at io.apicurio.tests.ApicurioRegistryBaseIT$RegistryApiErrorWatcher.logProblemDetails(ApicurioRegistryBaseIT.java:154)
	at io.apicurio.tests.ApicurioRegistryBaseIT$RegistryApiErrorWatcher.logProblemDetails(ApicurioRegistryBaseIT.java:154)
	at io.apicurio.tests.ApicurioRegistryBaseIT$RegistryApiErrorWatcher.logProblemDetails(ApicurioRegistryBaseIT.java:154)
	at io.apicurio.tests.ApicurioRegistryBaseIT$RegistryApiErrorWatcher.logProblemDetails(ApicurioRegistryBaseIT.java:154)
	at io.apicurio.tests.ApicurioRegistryBaseIT$RegistryApiErrorWatcher.logProblemDetails(ApicurioRegistryBaseIT.java:154)
	at io.apicurio.tests.ApicurioRegistryBaseIT$RegistryApiErrorWatcher.logProblemDetails(ApicurioRegistryBaseIT.java:154)
	at io.apicurio.tests.ApicurioRegistryBaseIT$RegistryApiErrorWatcher.logProblemDetails(ApicurioRegistryBaseIT.java:154)
	at io.apicurio.tests.ApicurioRegistryBaseIT$RegistryApiErrorWatcher.logProblemDetails(ApicurioRegistryBaseIT.java:154)
	at io.apicurio.tests.ApicurioRegistryBaseIT$RegistryApiErrorWatcher.logProblemDetails(ApicurioRegistryBaseIT.java:154)
	at io.apicurio.tests.ApicurioRegistryBaseIT$RegistryApiErrorWatcher.logProblemDetails(ApicurioRegistryBaseIT.java:154)
	at io.apicurio.tests.ApicurioRegistryBaseIT$RegistryApiErrorWatcher.logProblemDetails(ApicurioRegistryBaseIT.java:154)
	at io.apicurio.tests.ApicurioRegistryBaseIT$RegistryApiErrorWatcher.logProblemDetails(ApicurioRegistryBaseIT.java:154)
	at io.apicurio.tests.ApicurioRegistryBaseIT$RegistryApiErrorWatcher.logProblemDetails(ApicurioRegistryBaseIT.java:154)
	at io.apicurio.tests.ApicurioRegistryBaseIT$RegistryApiErrorWatcher.logProblemDetails(ApicurioRegistryBaseIT.java:154)
	at io.apicurio.tests.ApicurioRegistryBaseIT$RegistryApiErrorWatcher.logProblemDetails(ApicurioRegistryBaseIT.java:154)
	at io.apicurio.tests.ApicurioRegistryBaseIT$RegistryApiErrorWatcher.logProblemDetails(ApicurioRegistryBaseIT.java:154)
	at io.apicurio.tests.ApicurioRegistryBaseIT$RegistryApiErrorWatcher.logProblemDetails(ApicurioRegistryBaseIT.java:154)
	at io.apicurio.tests.ApicurioRegistryBaseIT$RegistryApiErrorWatcher.logProblemDetails(ApicurioRegistryBaseIT.java:154)
	at io.apicurio.tests.ApicurioRegistryBaseIT$RegistryApiErrorWatcher.logProblemDetails(ApicurioRegistryBaseIT.java:154)
	at io.apicurio.tests.ApicurioRegistryBaseIT$RegistryApiErrorWatcher.logProblemDetails(ApicurioRegistryBaseIT.java:154)
	at io.apicurio.tests.ApicurioRegistryBaseIT$RegistryApiErrorWatcher.logProblemDetails(ApicurioRegistryBaseIT.java:154)
	at io.apicurio.tests.ApicurioRegistryBaseIT$RegistryApiErrorWatcher.logProblemDetails(ApicurioRegistryBaseIT.java:154)
	at io.apicurio.tests.ApicurioRegistryBaseIT$RegistryApiErrorWatcher.logProblemDetails(ApicurioRegistryBaseIT.java:154)
	at io.apicurio.tests.ApicurioRegistryBaseIT$RegistryApiErrorWatcher.logProblemDetails(ApicurioRegistryBaseIT.java:154)
	at io.apicurio.tests.ApicurioRegistryBaseIT$RegistryApiErrorWatcher.logProblemDetails(ApicurioRegistryBaseIT.java:154)
	at io.apicurio.tests.ApicurioRegistryBaseIT$RegistryApiErrorWatcher.logProblemDetails(ApicurioRegistryBaseIT.java:154)
	at io.apicurio.tests.ApicurioRegistryBaseIT$RegistryApiErrorWatcher.logProblemDetails(ApicurioRegistryBaseIT.java:154)
	at io.apicurio.tests.ApicurioRegistryBaseIT$RegistryApiErrorWatcher.logProblemDetails(ApicurioRegistryBaseIT.java:154)
	at io.apicurio.tests.ApicurioRegistryBaseIT$RegistryApiErrorWatcher.logProblemDetails(ApicurioRegistryBaseIT.java:154)
	at io.apicurio.tests.ApicurioRegistryBaseIT$RegistryApiErrorWatcher.logProblemDetails(ApicurioRegistryBaseIT.java:154)
	at io.apicurio.tests.ApicurioRegistryBaseIT$RegistryApiErrorWatcher.logProblemDetails(ApicurioRegistryBaseIT.java:154)
	at io.apicurio.tests.ApicurioRegistryBaseIT$RegistryApiErrorWatcher.logProblemDetails(ApicurioRegistryBaseIT.java:154)
	at io.apicurio.tests.ApicurioRegistryBaseIT$RegistryApiErrorWatcher.logProblemDetails(ApicurioRegistryBaseIT.java:154)
	at io.apicurio.tests.ApicurioRegistryBaseIT$RegistryApiErrorWatcher.logProblemDetails(ApicurioRegistryBaseIT.java:154)
	at io.apicurio.tests.ApicurioRegistryBaseIT$RegistryApiErrorWatcher.logProblemDetails(ApicurioRegistryBaseIT.java:154)
	at io.apicurio.tests.ApicurioRegistryBaseIT$RegistryApiErrorWatcher.logProblemDetails(ApicurioRegistryBaseIT.java:154)
	at io.apicurio.tests.ApicurioRegistryBaseIT$RegistryApiErrorWatcher.logProblemDetails(ApicurioRegistryBaseIT.java:154)
	at io.apicurio.tests.ApicurioRegistryBaseIT$RegistryApiErrorWatcher.logProblemDetails(ApicurioRegistryBaseIT.java:154)
	at io.apicurio.tests.ApicurioRegistryBaseIT$RegistryApiErrorWatcher.logProblemDetails(ApicurioRegistryBaseIT.java:154)
	at io.apicurio.tests.ApicurioRegistryBaseIT$RegistryApiErrorWatcher.logProblemDetails(ApicurioRegistryBaseIT.java:154)
	at io.apicurio.tests.ApicurioRegistryBaseIT$RegistryApiErrorWatcher.logProblemDetails(ApicurioRegistryBaseIT.java:154)
	at io.apicurio.tests.ApicurioRegistryBaseIT$RegistryApiErrorWatcher.logProblemDetails(ApicurioRegistryBaseIT.java:154)
	at io.apicurio.tests.ApicurioRegistryBaseIT$RegistryApiErrorWatcher.logProblemDetails(ApicurioRegistryBaseIT.java:154)
	at io.apicurio.tests.ApicurioRegistryBaseIT$RegistryApiErrorWatcher.logProblemDetails(ApicurioRegistryBaseIT.java:154)
	at io.apicurio.tests.ApicurioRegistryBaseIT$RegistryApiErrorWatcher.logProblemDetails(ApicurioRegistryBaseIT.java:154)
	at io.apicurio.tests.ApicurioRegistryBaseIT$RegistryApiErrorWatcher.logProblemDetails(ApicurioRegistryBaseIT.java:154)
	at io.apicurio.tests.ApicurioRegistryBaseIT$RegistryApiErrorWatcher.logProblemDetails(ApicurioRegistryBaseIT.java:154)
	at io.apicurio.tests.ApicurioRegistryBaseIT$RegistryApiErrorWatcher.logProblemDetails(ApicurioRegistryBaseIT.java:154)
	at io.apicurio.tests.ApicurioRegistryBaseIT$RegistryApiErrorWatcher.logProblemDetails(ApicurioRegistryBaseIT.java:154)
	at io.apicurio.tests.ApicurioRegistryBaseIT$RegistryApiErrorWatcher.logProblemDetails(ApicurioRegistryBaseIT.java:154)
	at io.apicurio.tests.ApicurioRegistryBaseIT$RegistryApiErrorWatcher.logProblemDetails(ApicurioRegistryBaseIT.java:154)
	at io.apicurio.tests.ApicurioRegistryBaseIT$RegistryApiErrorWatcher.logProblemDetails(ApicurioRegistryBaseIT.java:154)
	at io.apicurio.tests.ApicurioRegistryBaseIT$RegistryApiErrorWatcher.logProblemDetails(ApicurioRegistryBaseIT.java:154)
	at io.apicurio.tests.ApicurioRegistryBaseIT$RegistryApiErrorWatcher.logProblemDetails(ApicurioRegistryBaseIT.java:154)
	at io.apicurio.tests.ApicurioRegistryBaseIT$RegistryApiErrorWatcher.logProblemDetails(ApicurioRegistryBaseIT.java:154)
	at io.apicurio.tests.ApicurioRegistryBaseIT$RegistryApiErrorWatcher.logProblemDetails(ApicurioRegistryBaseIT.java:154)
	at io.apicurio.tests.ApicurioRegistryBaseIT$RegistryApiErrorWatcher.logProblemDetails(ApicurioRegistryBaseIT.java:154)
	at io.apicurio.tests.ApicurioRegistryBaseIT$RegistryApiErrorWatcher.logProblemDetails(ApicurioRegistryBaseIT.java:154)
	at io.apicurio.tests.ApicurioRegistryBaseIT$RegistryApiErrorWatcher.logProblemDetails(ApicurioRegistryBaseIT.java:154)
	at io.apicurio.tests.ApicurioRegistryBaseIT$RegistryApiErrorWatcher.logProblemDetails(ApicurioRegistryBaseIT.java:154)
	at io.apicurio.tests.ApicurioRegistryBaseIT$RegistryApiErrorWatcher.logProblemDetails(ApicurioRegistryBaseIT.java:154)
	at io.apicurio.tests.ApicurioRegistryBaseIT$RegistryApiErrorWatcher.logProblemDetails(ApicurioRegistryBaseIT.java:154)
	at io.apicurio.tests.ApicurioRegistryBaseIT$RegistryApiErrorWatcher.logProblemDetails(ApicurioRegistryBaseIT.java:154)
	at io.apicurio.tests.ApicurioRegistryBaseIT$RegistryApiErrorWatcher.logProblemDetails(ApicurioRegistryBaseIT.java:154)
	at io.apicurio.tests.ApicurioRegistryBaseIT$RegistryApiErrorWatcher.logProblemDetails(ApicurioRegistryBaseIT.java:154)
	at io.apicurio.tests.ApicurioRegistryBaseIT$RegistryApiErrorWatcher.logProblemDetails(ApicurioRegistryBaseIT.java:154)
	at io.apicurio.tests.ApicurioRegistryBaseIT$RegistryApiErrorWatcher.logProblemDetails(ApicurioRegistryBaseIT.java:154)
	at io.apicurio.tests.ApicurioRegistryBaseIT$RegistryApiErrorWatcher.logProblemDetails(ApicurioRegistryBaseIT.java:154)
	at io.apicurio.tests.ApicurioRegistryBaseIT$RegistryApiErrorWatcher.logProblemDetails(ApicurioRegistryBaseIT.java:154)
	at io.apicurio.tests.ApicurioRegistryBaseIT$RegistryApiErrorWatcher.logProblemDetails(ApicurioRegistryBaseIT.java:154)
	at io.apicurio.tests.ApicurioRegistryBaseIT$RegistryApiErrorWatcher.logProblemDetails(ApicurioRegistryBaseIT.java:154)
	at io.apicurio.tests.ApicurioRegistryBaseIT$RegistryApiErrorWatcher.logProblemDetails(ApicurioRegistryBaseIT.java:154)
	at io.apicurio.tests.ApicurioRegistryBaseIT$RegistryApiErrorWatcher.logProblemDetails(ApicurioRegistryBaseIT.java:154)
	at io.apicurio.tests.ApicurioRegistryBaseIT$RegistryApiErrorWatcher.logProblemDetails(ApicurioRegistryBaseIT.java:154)
	at io.apicurio.tests.ApicurioRegistryBaseIT$RegistryApiErrorWatcher.logProblemDetails(ApicurioRegistryBaseIT.java:154)
	at io.apicurio.tests.ApicurioRegistryBaseIT$RegistryApiErrorWatcher.logProblemDetails(ApicurioRegistryBaseIT.java:154)
	at io.apicurio.tests.ApicurioRegistryBaseIT$RegistryApiErrorWatcher.logProblemDetails(ApicurioRegistryBaseIT.java:154)
	at io.apicurio.tests.ApicurioRegistryBaseIT$RegistryApiErrorWatcher.logProblemDetails(ApicurioRegistryBaseIT.java:154)
	at io.apicurio.tests.ApicurioRegistryBaseIT$RegistryApiErrorWatcher.logProblemDetails(ApicurioRegistryBaseIT.java:154)
	at io.apicurio.tests.ApicurioRegistryBaseIT$RegistryApiErrorWatcher.logProblemDetails(ApicurioRegistryBaseIT.java:154)
	at io.apicurio.tests.ApicurioRegistryBaseIT$RegistryApiErrorWatcher.logProblemDetails(ApicurioRegistryBaseIT.java:154)
	at io.apicurio.tests.ApicurioRegistryBaseIT$RegistryApiErrorWatcher.logProblemDetails(ApicurioRegistryBaseIT.java:154)
	at io.apicurio.tests.ApicurioRegistryBaseIT$RegistryApiErrorWatcher.logProblemDetails(ApicurioRegistryBaseIT.java:154)
	at io.apicurio.tests.ApicurioRegistryBaseIT$RegistryApiErrorWatcher.logProblemDetails(ApicurioRegistryBaseIT.java:154)
	at io.apicurio.tests.ApicurioRegistryBaseIT$RegistryApiErrorWatcher.logProblemDetails(ApicurioRegistryBaseIT.java:154)
	at io.apicurio.tests.ApicurioRegistryBaseIT$RegistryApiErrorWatcher.logProblemDetails(ApicurioRegistryBaseIT.java:154)
	at io.apicurio.tests.ApicurioRegistryBaseIT$RegistryApiErrorWatcher.logProblemDetails(ApicurioRegistryBaseIT.java:154)
	at io.apicurio.tests.ApicurioRegistryBaseIT$RegistryApiErrorWatcher.logProblemDetails(ApicurioRegistryBaseIT.java:154)
	at io.apicurio.tests.ApicurioRegistryBaseIT$RegistryApiErrorWatcher.logProblemDetails(ApicurioRegistryBaseIT.java:154)
	at io.apicurio.tests.ApicurioRegistryBaseIT$RegistryApiErrorWatcher.logProblemDetails(ApicurioRegistryBaseIT.java:154)
	at io.apicurio.tests.ApicurioRegistryBaseIT$RegistryApiErrorWatcher.logProblemDetails(ApicurioRegistryBaseIT.java:154)
	at io.apicurio.tests.ApicurioRegistryBaseIT$RegistryApiErrorWatcher.logProblemDetails(ApicurioRegistryBaseIT.java:154)
	at io.apicurio.tests.ApicurioRegistryBaseIT$RegistryApiErrorWatcher.logProblemDetails(ApicurioRegistryBaseIT.java:154)
	at io.apicurio.tests.ApicurioRegistryBaseIT$RegistryApiErrorWatcher.logProblemDetails(ApicurioRegistryBaseIT.java:154)
	at io.apicurio.tests.ApicurioRegistryBaseIT$RegistryApiErrorWatcher.logProblemDetails(ApicurioRegistryBaseIT.java:154)
	at io.apicurio.tests.ApicurioRegistryBaseIT$RegistryApiErrorWatcher.logProblemDetails(ApicurioRegistryBaseIT.java:154)
	at io.apicurio.tests.ApicurioRegistryBaseIT$RegistryApiErrorWatcher.logProblemDetails(ApicurioRegistryBaseIT.java:154)
	at io.apicurio.tests.ApicurioRegistryBaseIT$RegistryApiErrorWatcher.logProblemDetails(ApicurioRegistryBaseIT.java:154)
	at io.apicurio.tests.ApicurioRegistryBaseIT$RegistryApiErrorWatcher.logProblemDetails(ApicurioRegistryBaseIT.java:154)
	at io.apicurio.tests.ApicurioRegistryBaseIT$RegistryApiErrorWatcher.logProblemDetails(ApicurioRegistryBaseIT.java:154)
	at io.apicurio.tests.ApicurioRegistryBaseIT$RegistryApiErrorWatcher.logProblemDetails(ApicurioRegistryBaseIT.java:154)
	at io.apicurio.tests.ApicurioRegistryBaseIT$RegistryApiErrorWatcher.logProblemDetails(ApicurioRegistryBaseIT.java:154)
	at io.apicurio.tests.ApicurioRegistryBaseIT$RegistryApiErrorWatcher.logProblemDetails(ApicurioRegistryBaseIT.java:154)
	at io.apicurio.tests.ApicurioRegistryBaseIT$RegistryApiErrorWatcher.logProblemDetails(ApicurioRegistryBaseIT.java:154)
	at io.apicurio.tests.ApicurioRegistryBaseIT$RegistryApiErrorWatcher.logProblemDetails(ApicurioRegistryBaseIT.java:154)
	at io.apicurio.tests.ApicurioRegistryBaseIT$RegistryApiErrorWatcher.logProblemDetails(ApicurioRegistryBaseIT.java:154)
	at io.apicurio.tests.ApicurioRegistryBaseIT$RegistryApiErrorWatcher.logProblemDetails(ApicurioRegistryBaseIT.java:154)
	at io.apicurio.tests.ApicurioRegistryBaseIT$RegistryApiErrorWatcher.logProblemDetails(ApicurioRegistryBaseIT.java:154)
	at io.apicurio.tests.ApicurioRegistryBaseIT$RegistryApiErrorWatcher.logProblemDetails(ApicurioRegistryBaseIT.java:154)
	at io.apicurio.tests.ApicurioRegistryBaseIT$RegistryApiErrorWatcher.logProblemDetails(ApicurioRegistryBaseIT.java:154)
	at io.apicurio.tests.ApicurioRegistryBaseIT$RegistryApiErrorWatcher.logProblemDetails(ApicurioRegistryBaseIT.java:154)
	at io.apicurio.tests.ApicurioRegistryBaseIT$RegistryApiErrorWatcher.logProblemDetails(ApicurioRegistryBaseIT.java:154)
	at io.apicurio.tests.ApicurioRegistryBaseIT$RegistryApiErrorWatcher.logProblemDetails(ApicurioRegistryBaseIT.java:154)
	at io.apicurio.tests.ApicurioRegistryBaseIT$RegistryApiErrorWatcher.logProblemDetails(ApicurioRegistryBaseIT.java:154)
	at io.apicurio.tests.ApicurioRegistryBaseIT$RegistryApiErrorWatcher.logProblemDetails(ApicurioRegistryBaseIT.java:154)
	at io.apicurio.tests.ApicurioRegistryBaseIT$RegistryApiErrorWatcher.logProblemDetails(ApicurioRegistryBaseIT.java:154)
	at io.apicurio.tests.ApicurioRegistryBaseIT$RegistryApiErrorWatcher.logProblemDetails(ApicurioRegistryBaseIT.java:154)
	at io.apicurio.tests.ApicurioRegistryBaseIT$RegistryApiErrorWatcher.logProblemDetails(ApicurioRegistryBaseIT.java:154)
	at io.apicurio.tests.ApicurioRegistryBaseIT$RegistryApiErrorWatcher.logProblemDetails(ApicurioRegistryBaseIT.java:154)
	at io.apicurio.tests.ApicurioRegistryBaseIT$RegistryApiErrorWatcher.logProblemDetails(ApicurioRegistryBaseIT.java:154)
	at io.apicurio.tests.ApicurioRegistryBaseIT$RegistryApiErrorWatcher.logProblemDetails(ApicurioRegistryBaseIT.java:154)
	at io.apicurio.tests.ApicurioRegistryBaseIT$RegistryApiErrorWatcher.logProblemDetails(ApicurioRegistryBaseIT.java:154)
	at io.apicurio.tests.ApicurioRegistryBaseIT$RegistryApiErrorWatcher.logProblemDetails(ApicurioRegistryBaseIT.java:154)
	at io.apicurio.tests.ApicurioRegistryBaseIT$RegistryApiErrorWatcher.logProblemDetails(ApicurioRegistryBaseIT.java:154)
	at io.apicurio.tests.ApicurioRegistryBaseIT$RegistryApiErrorWatcher.logProblemDetails(ApicurioRegistryBaseIT.java:154)
	at io.apicurio.tests.ApicurioRegistryBaseIT$RegistryApiErrorWatcher.logProblemDetails(ApicurioRegistryBaseIT.java:154)
	at io.apicurio.tests.ApicurioRegistryBaseIT$RegistryApiErrorWatcher.logProblemDetails(ApicurioRegistryBaseIT.java:154)
	at io.apicurio.tests.ApicurioRegistryBaseIT$RegistryApiErrorWatcher.logProblemDetails(ApicurioRegistryBaseIT.java:154)
	at io.apicurio.tests.ApicurioRegistryBaseIT$RegistryApiErrorWatcher.logProblemDetails(ApicurioRegistryBaseIT.java:154)
	at io.apicurio.tests.ApicurioRegistryBaseIT$RegistryApiErrorWatcher.logProblemDetails(ApicurioRegistryBaseIT.java:154)
	at io.apicurio.tests.ApicurioRegistryBaseIT$RegistryApiErrorWatcher.logProblemDetails(ApicurioRegistryBaseIT.java:154)
	at io.apicurio.tests.ApicurioRegistryBaseIT$RegistryApiErrorWatcher.logProblemDetails(ApicurioRegistryBaseIT.java:154)
	at io.apicurio.tests.ApicurioRegistryBaseIT$RegistryApiErrorWatcher.logProblemDetails(ApicurioRegistryBaseIT.java:154)
	at io.apicurio.tests.ApicurioRegistryBaseIT$RegistryApiErrorWatcher.logProblemDetails(ApicurioRegistryBaseIT.java:154)
	at io.apicurio.tests.ApicurioRegistryBaseIT$RegistryApiErrorWatcher.logProblemDetails(ApicurioRegistryBaseIT.java:154)
	at io.apicurio.tests.ApicurioRegistryBaseIT$RegistryApiErrorWatcher.logProblemDetails(ApicurioRegistryBaseIT.java:154)
	at io.apicurio.tests.ApicurioRegistryBaseIT$RegistryApiErrorWatcher.logProblemDetails(ApicurioRegistryBaseIT.java:154)
	at io.apicurio.tests.ApicurioRegistryBaseIT$RegistryApiErrorWatcher.logProblemDetails(ApicurioRegistryBaseIT.java:154)
	at io.apicurio.tests.ApicurioRegistryBaseIT$RegistryApiErrorWatcher.logProblemDetails(ApicurioRegistryBaseIT.java:154)
	at io.apicurio.tests.ApicurioRegistryBaseIT$RegistryApiErrorWatcher.logProblemDetails(ApicurioRegistryBaseIT.java:154)
	at io.apicurio.tests.ApicurioRegistryBaseIT$RegistryApiErrorWatcher.logProblemDetails(ApicurioRegistryBaseIT.java:154)
	at io.apicurio.tests.ApicurioRegistryBaseIT$RegistryApiErrorWatcher.logProblemDetails(ApicurioRegistryBaseIT.java:154)
	at io.apicurio.tests.ApicurioRegistryBaseIT$RegistryApiErrorWatcher.logProblemDetails(ApicurioRegistryBaseIT.java:154)
	at io.apicurio.tests.ApicurioRegistryBaseIT$RegistryApiErrorWatcher.logProblemDetails(ApicurioRegistryBaseIT.java:154)
	at io.apicurio.tests.ApicurioRegistryBaseIT$RegistryApiErrorWatcher.logProblemDetails(ApicurioRegistryBaseIT.java:154)
	at io.apicurio.tests.ApicurioRegistryBaseIT$RegistryApiErrorWatcher.logProblemDetails(ApicurioRegistryBaseIT.java:154)
	at io.apicurio.tests.ApicurioRegistryBaseIT$RegistryApiErrorWatcher.logProblemDetails(ApicurioRegistryBaseIT.java:154)
	at io.apicurio.tests.ApicurioRegistryBaseIT$RegistryApiErrorWatcher.logProblemDetails(ApicurioRegistryBaseIT.java:154)
	at io.apicurio.tests.ApicurioRegistryBaseIT$RegistryApiErrorWatcher.logProblemDetails(ApicurioRegistryBaseIT.java:154)
	at io.apicurio.tests.ApicurioRegistryBaseIT$RegistryApiErrorWatcher.logProblemDetails(ApicurioRegistryBaseIT.java:154)
	at io.apicurio.tests.ApicurioRegistryBaseIT$RegistryApiErrorWatcher.logProblemDetails(ApicurioRegistryBaseIT.java:154)
	at io.apicurio.tests.ApicurioRegistryBaseIT$RegistryApiErrorWatcher.logProblemDetails(ApicurioRegistryBaseIT.java:154)
	at io.apicurio.tests.ApicurioRegistryBaseIT$RegistryApiErrorWatcher.logProblemDetails(ApicurioRegistryBaseIT.java:154)
	at io.apicurio.tests.ApicurioRegistryBaseIT$RegistryApiErrorWatcher.logProblemDetails(ApicurioRegistryBaseIT.java:154)
	at io.apicurio.tests.ApicurioRegistryBaseIT$RegistryApiErrorWatcher.logProblemDetails(ApicurioRegistryBaseIT.java:154)
	at io.apicurio.tests.ApicurioRegistryBaseIT$RegistryApiErrorWatcher.logProblemDetails(ApicurioRegistryBaseIT.java:154)
	at io.apicurio.tests.ApicurioRegistryBaseIT$RegistryApiErrorWatcher.logProblemDetails(ApicurioRegistryBaseIT.java:154)
	at io.apicurio.tests.ApicurioRegistryBaseIT$RegistryApiErrorWatcher.logProblemDetails(ApicurioRegistryBaseIT.java:154)
	at io.apicurio.tests.ApicurioRegistryBaseIT$RegistryApiErrorWatcher.logProblemDetails(ApicurioRegistryBaseIT.java:154)
	at io.apicurio.tests.ApicurioRegistryBaseIT$RegistryApiErrorWatcher.logProblemDetails(ApicurioRegistryBaseIT.java:154)
	at io.apicurio.tests.ApicurioRegistryBaseIT$RegistryApiErrorWatcher.logProblemDetails(ApicurioRegistryBaseIT.java:154)
	at io.apicurio.tests.ApicurioRegistryBaseIT$RegistryApiErrorWatcher.logProblemDetails(ApicurioRegistryBaseIT.java:154)
	at io.apicurio.tests.ApicurioRegistryBaseIT$RegistryApiErrorWatcher.logProblemDetails(ApicurioRegistryBaseIT.java:154)
	at io.apicurio.tests.ApicurioRegistryBaseIT$RegistryApiErrorWatcher.logProblemDetails(ApicurioRegistryBaseIT.java:154)
	at io.apicurio.tests.ApicurioRegistryBaseIT$RegistryApiErrorWatcher.logProblemDetails(ApicurioRegistryBaseIT.java:154)
	at io.apicurio.tests.ApicurioRegistryBaseIT$RegistryApiErrorWatcher.logProblemDetails(ApicurioRegistryBaseIT.java:154)
	at io.apicurio.tests.ApicurioRegistryBaseIT$RegistryApiErrorWatcher.logProblemDetails(ApicurioRegistryBaseIT.java:154)
	at io.apicurio.tests.ApicurioRegistryBaseIT$RegistryApiErrorWatcher.logProblemDetails(ApicurioRegistryBaseIT.java:154)
	at io.apicurio.tests.ApicurioRegistryBaseIT$RegistryApiErrorWatcher.logProblemDetails(ApicurioRegistryBaseIT.java:154)
	at io.apicurio.tests.ApicurioRegistryBaseIT$RegistryApiErrorWatcher.logProblemDetails(ApicurioRegistryBaseIT.java:154)
	at io.apicurio.tests.ApicurioRegistryBaseIT$RegistryApiErrorWatcher.logProblemDetails(ApicurioRegistryBaseIT.java:154)
	at io.apicurio.tests.ApicurioRegistryBaseIT$RegistryApiErrorWatcher.logProblemDetails(ApicurioRegistryBaseIT.java:154)
	at io.apicurio.tests.ApicurioRegistryBaseIT$RegistryApiErrorWatcher.logProblemDetails(ApicurioRegistryBaseIT.java:154)
	at io.apicurio.tests.ApicurioRegistryBaseIT$RegistryApiErrorWatcher.logProblemDetails(ApicurioRegistryBaseIT.java:154)
	at io.apicurio.tests.ApicurioRegistryBaseIT$RegistryApiErrorWatcher.logProblemDetails(ApicurioRegistryBaseIT.java:154)
	at io.apicurio.tests.ApicurioRegistryBaseIT$RegistryApiErrorWatcher.logProblemDetails(ApicurioRegistryBaseIT.java:154)
	at io.apicurio.tests.ApicurioRegistryBaseIT$RegistryApiErrorWatcher.logProblemDetails(ApicurioRegistryBaseIT.java:154)
	at io.apicurio.tests.ApicurioRegistryBaseIT$RegistryApiErrorWatcher.logProblemDetails(ApicurioRegistryBaseIT.java:154)
	at io.apicurio.tests.ApicurioRegistryBaseIT$RegistryApiErrorWatcher.logProblemDetails(ApicurioRegistryBaseIT.java:154)
	at io.apicurio.tests.ApicurioRegistryBaseIT$RegistryApiErrorWatcher.logProblemDetails(ApicurioRegistryBaseIT.java:154)
	at io.apicurio.tests.ApicurioRegistryBaseIT$RegistryApiErrorWatcher.logProblemDetails(ApicurioRegistryBaseIT.java:154)
	at io.apicurio.tests.ApicurioRegistryBaseIT$RegistryApiErrorWatcher.logProblemDetails(ApicurioRegistryBaseIT.java:154)
	at io.apicurio.tests.ApicurioRegistryBaseIT$RegistryApiErrorWatcher.logProblemDetails(ApicurioRegistryBaseIT.java:154)
	at io.apicurio.tests.ApicurioRegistryBaseIT$RegistryApiErrorWatcher.logProblemDetails(ApicurioRegistryBaseIT.java:154)
	at io.apicurio.tests.ApicurioRegistryBaseIT$RegistryApiErrorWatcher.logProblemDetails(ApicurioRegistryBaseIT.java:154)
	at io.apicurio.tests.ApicurioRegistryBaseIT$RegistryApiErrorWatcher.logProblemDetails(ApicurioRegistryBaseIT.java:154)
	at io.apicurio.tests.ApicurioRegistryBaseIT$RegistryApiErrorWatcher.logProblemDetails(ApicurioRegistryBaseIT.java:154)
	at io.apicurio.tests.ApicurioRegistryBaseIT$RegistryApiErrorWatcher.logProblemDetails(ApicurioRegistryBaseIT.java:154)
	at io.apicurio.tests.ApicurioRegistryBaseIT$RegistryApiErrorWatcher.logProblemDetails(ApicurioRegistryBaseIT.java:154)
	at io.apicurio.tests.ApicurioRegistryBaseIT$RegistryApiErrorWatcher.logProblemDetails(ApicurioRegistryBaseIT.java:154)
	at io.apicurio.tests.ApicurioRegistryBaseIT$RegistryApiErrorWatcher.logProblemDetails(ApicurioRegistryBaseIT.java:154)
	at io.apicurio.tests.ApicurioRegistryBaseIT$RegistryApiErrorWatcher.logProblemDetails(ApicurioRegistryBaseIT.java:154)
	at io.apicurio.tests.ApicurioRegistryBaseIT$RegistryApiErrorWatcher.logProblemDetails(ApicurioRegistryBaseIT.java:154)
	at io.apicurio.tests.ApicurioRegistryBaseIT$RegistryApiErrorWatcher.logProblemDetails(ApicurioRegistryBaseIT.java:154)
	at io.apicurio.tests.ApicurioRegistryBaseIT$RegistryApiErrorWatcher.logProblemDetails(ApicurioRegistryBaseIT.java:154)
	at io.apicurio.tests.ApicurioRegistryBaseIT$RegistryApiErrorWatcher.logProblemDetails(ApicurioRegistryBaseIT.java:154)
	at io.apicurio.tests.ApicurioRegistryBaseIT$RegistryApiErrorWatcher.logProblemDetails(ApicurioRegistryBaseIT.java:154)
	at io.apicurio.tests.ApicurioRegistryBaseIT$RegistryApiErrorWatcher.logProblemDetails(ApicurioRegistryBaseIT.java:154)
	at io.apicurio.tests.ApicurioRegistryBaseIT$RegistryApiErrorWatcher.logProblemDetails(ApicurioRegistryBaseIT.java:154)
	at io.apicurio.tests.ApicurioRegistryBaseIT$RegistryApiErrorWatcher.logProblemDetails(ApicurioRegistryBaseIT.java:154)
	at io.apicurio.tests.ApicurioRegistryBaseIT$RegistryApiErrorWatcher.logProblemDetails(ApicurioRegistryBaseIT.java:154)
	at io.apicurio.tests.ApicurioRegistryBaseIT$RegistryApiErrorWatcher.logProblemDetails(ApicurioRegistryBaseIT.java:154)
	at io.apicurio.tests.ApicurioRegistryBaseIT$RegistryApiErrorWatcher.logProblemDetails(ApicurioRegistryBaseIT.java:154)
	at io.apicurio.tests.ApicurioRegistryBaseIT$RegistryApiErrorWatcher.logProblemDetails(ApicurioRegistryBaseIT.java:154)
	at io.apicurio.tests.ApicurioRegistryBaseIT$RegistryApiErrorWatcher.logProblemDetails(ApicurioRegistryBaseIT.java:154)
	at io.apicurio.tests.ApicurioRegistryBaseIT$RegistryApiErrorWatcher.logProblemDetails(ApicurioRegistryBaseIT.java:154)
	at io.apicurio.tests.ApicurioRegistryBaseIT$RegistryApiErrorWatcher.logProblemDetails(ApicurioRegistryBaseIT.java:154)
	at io.apicurio.tests.ApicurioRegistryBaseIT$RegistryApiErrorWatcher.logProblemDetails(ApicurioRegistryBaseIT.java:154)
	at io.apicurio.tests.ApicurioRegistryBaseIT$RegistryApiErrorWatcher.logProblemDetails(ApicurioRegistryBaseIT.java:154)
	at io.apicurio.tests.ApicurioRegistryBaseIT$RegistryApiErrorWatcher.logProblemDetails(ApicurioRegistryBaseIT.java:154)
	at io.apicurio.tests.ApicurioRegistryBaseIT$RegistryApiErrorWatcher.logProblemDetails(ApicurioRegistryBaseIT.java:154)
	at io.apicurio.tests.ApicurioRegistryBaseIT$RegistryApiErrorWatcher.logProblemDetails(ApicurioRegistryBaseIT.java:154)
	at io.apicurio.tests.ApicurioRegistryBaseIT$RegistryApiErrorWatcher.logProblemDetails(ApicurioRegistryBaseIT.java:154)
	at io.apicurio.tests.ApicurioRegistryBaseIT$RegistryApiErrorWatcher.logProblemDetails(ApicurioRegistryBaseIT.java:154)
	at io.apicurio.tests.ApicurioRegistryBaseIT$RegistryApiErrorWatcher.logProblemDetails(ApicurioRegistryBaseIT.java:154)
	at io.apicurio.tests.ApicurioRegistryBaseIT$RegistryApiErrorWatcher.logProblemDetails(ApicurioRegistryBaseIT.java:154)
	at io.apicurio.tests.ApicurioRegistryBaseIT$RegistryApiErrorWatcher.logProblemDetails(ApicurioRegistryBaseIT.java:154)
	at io.apicurio.tests.ApicurioRegistryBaseIT$RegistryApiErrorWatcher.logProblemDetails(ApicurioRegistryBaseIT.java:154)
	at io.apicurio.tests.ApicurioRegistryBaseIT$RegistryApiErrorWatcher.logProblemDetails(ApicurioRegistryBaseIT.java:154)
	at io.apicurio.tests.ApicurioRegistryBaseIT$RegistryApiErrorWatcher.logProblemDetails(ApicurioRegistryBaseIT.java:154)
	at io.apicurio.tests.ApicurioRegistryBaseIT$RegistryApiErrorWatcher.logProblemDetails(ApicurioRegistryBaseIT.java:154)
	at io.apicurio.tests.ApicurioRegistryBaseIT$RegistryApiErrorWatcher.logProblemDetails(ApicurioRegistryBaseIT.java:154)
	at io.apicurio.tests.ApicurioRegistryBaseIT$RegistryApiErrorWatcher.logProblemDetails(ApicurioRegistryBaseIT.java:154)
	at io.apicurio.tests.ApicurioRegistryBaseIT$RegistryApiErrorWatcher.logProblemDetails(ApicurioRegistryBaseIT.java:154)
	at io.apicurio.tests.ApicurioRegistryBaseIT$RegistryApiErrorWatcher.logProblemDetails(ApicurioRegistryBaseIT.java:154)
	at io.apicurio.tests.ApicurioRegistryBaseIT$RegistryApiErrorWatcher.logProblemDetails(ApicurioRegistryBaseIT.java:154)
	at io.apicurio.tests.ApicurioRegistryBaseIT$RegistryApiErrorWatcher.logProblemDetails(ApicurioRegistryBaseIT.java:154)
	at io.apicurio.tests.ApicurioRegistryBaseIT$RegistryApiErrorWatcher.logProblemDetails(ApicurioRegistryBaseIT.java:154)
	at io.apicurio.tests.ApicurioRegistryBaseIT$RegistryApiErrorWatcher.logProblemDetails(ApicurioRegistryBaseIT.java:154)
	at io.apicurio.tests.ApicurioRegistryBaseIT$RegistryApiErrorWatcher.logProblemDetails(ApicurioRegistryBaseIT.java:154)
	at io.apicurio.tests.ApicurioRegistryBaseIT$RegistryApiErrorWatcher.logProblemDetails(ApicurioRegistryBaseIT.java:154)
	at io.apicurio.tests.ApicurioRegistryBaseIT$RegistryApiErrorWatcher.logProblemDetails(ApicurioRegistryBaseIT.java:154)
	at io.apicurio.tests.ApicurioRegistryBaseIT$RegistryApiErrorWatcher.logProblemDetails(ApicurioRegistryBaseIT.java:154)
	at io.apicurio.tests.ApicurioRegistryBaseIT$RegistryApiErrorWatcher.logProblemDetails(ApicurioRegistryBaseIT.java:154)
	at io.apicurio.tests.ApicurioRegistryBaseIT$RegistryApiErrorWatcher.logProblemDetails(ApicurioRegistryBaseIT.java:154)
	at io.apicurio.tests.ApicurioRegistryBaseIT$RegistryApiErrorWatcher.logProblemDetails(ApicurioRegistryBaseIT.java:154)
	at io.apicurio.tests.ApicurioRegistryBaseIT$RegistryApiErrorWatcher.logProblemDetails(ApicurioRegistryBaseIT.java:154)
	at io.apicurio.tests.ApicurioRegistryBaseIT$RegistryApiErrorWatcher.logProblemDetails(ApicurioRegistryBaseIT.java:154)
	at io.apicurio.tests.ApicurioRegistryBaseIT$RegistryApiErrorWatcher.logProblemDetails(ApicurioRegistryBaseIT.java:154)
	at io.apicurio.tests.ApicurioRegistryBaseIT$RegistryApiErrorWatcher.logProblemDetails(ApicurioRegistryBaseIT.java:154)
	at io.apicurio.tests.ApicurioRegistryBaseIT$RegistryApiErrorWatcher.logProblemDetails(ApicurioRegistryBaseIT.java:154)
	at io.apicurio.tests.ApicurioRegistryBaseIT$RegistryApiErrorWatcher.logProblemDetails(ApicurioRegistryBaseIT.java:154)
	at io.apicurio.tests.ApicurioRegistryBaseIT$RegistryApiErrorWatcher.logProblemDetails(ApicurioRegistryBaseIT.java:154)
	at io.apicurio.tests.ApicurioRegistryBaseIT$RegistryApiErrorWatcher.logProblemDetails(ApicurioRegistryBaseIT.java:154)
	at io.apicurio.tests.ApicurioRegistryBaseIT$RegistryApiErrorWatcher.logProblemDetails(ApicurioRegistryBaseIT.java:154)
	at io.apicurio.tests.ApicurioRegistryBaseIT$RegistryApiErrorWatcher.logProblemDetails(ApicurioRegistryBaseIT.java:154)
	at io.apicurio.tests.ApicurioRegistryBaseIT$RegistryApiErrorWatcher.logProblemDetails(ApicurioRegistryBaseIT.java:154)
	at io.apicurio.tests.ApicurioRegistryBaseIT$RegistryApiErrorWatcher.logProblemDetails(ApicurioRegistryBaseIT.java:154)
	at io.apicurio.tests.ApicurioRegistryBaseIT$RegistryApiErrorWatcher.logProblemDetails(ApicurioRegistryBaseIT.java:154)
	at io.apicurio.tests.ApicurioRegistryBaseIT$RegistryApiErrorWatcher.logProblemDetails(ApicurioRegistryBaseIT.java:154)
	at io.apicurio.tests.ApicurioRegistryBaseIT$RegistryApiErrorWatcher.logProblemDetails(ApicurioRegistryBaseIT.java:154)
	at io.apicurio.tests.ApicurioRegistryBaseIT$RegistryApiErrorWatcher.logProblemDetails(ApicurioRegistryBaseIT.java:154)
	at io.apicurio.tests.ApicurioRegistryBaseIT$RegistryApiErrorWatcher.logProblemDetails(ApicurioRegistryBaseIT.java:154)
	at io.apicurio.tests.ApicurioRegistryBaseIT$RegistryApiErrorWatcher.logProblemDetails(ApicurioRegistryBaseIT.java:154)
	at io.apicurio.tests.ApicurioRegistryBaseIT$RegistryApiErrorWatcher.logProblemDetails(ApicurioRegistryBaseIT.java:154)
	at io.apicurio.tests.ApicurioRegistryBaseIT$RegistryApiErrorWatcher.logProblemDetails(ApicurioRegistryBaseIT.java:154)
	at io.apicurio.tests.ApicurioRegistryBaseIT$RegistryApiErrorWatcher.logProblemDetails(ApicurioRegistryBaseIT.java:154)
	at io.apicurio.tests.ApicurioRegistryBaseIT$RegistryApiErrorWatcher.logProblemDetails(ApicurioRegistryBaseIT.java:154)
	at io.apicurio.tests.ApicurioRegistryBaseIT$RegistryApiErrorWatcher.logProblemDetails(ApicurioRegistryBaseIT.java:154)
	at io.apicurio.tests.ApicurioRegistryBaseIT$RegistryApiErrorWatcher.logProblemDetails(ApicurioRegistryBaseIT.java:154)
	at io.apicurio.tests.ApicurioRegistryBaseIT$RegistryApiErrorWatcher.logProblemDetails(ApicurioRegistryBaseIT.java:154)
	at io.apicurio.tests.ApicurioRegistryBaseIT$RegistryApiErrorWatcher.logProblemDetails(ApicurioRegistryBaseIT.java:154)
	at io.apicurio.tests.ApicurioRegistryBaseIT$RegistryApiErrorWatcher.logProblemDetails(ApicurioRegistryBaseIT.java:154)
	at io.apicurio.tests.ApicurioRegistryBaseIT$RegistryApiErrorWatcher.logProblemDetails(ApicurioRegistryBaseIT.java:154)
	at io.apicurio.tests.ApicurioRegistryBaseIT$RegistryApiErrorWatcher.logProblemDetails(ApicurioRegistryBaseIT.java:154)
	at io.apicurio.tests.ApicurioRegistryBaseIT$RegistryApiErrorWatcher.logProblemDetails(ApicurioRegistryBaseIT.java:154)
	at io.apicurio.tests.ApicurioRegistryBaseIT$RegistryApiErrorWatcher.logProblemDetails(ApicurioRegistryBaseIT.java:154)
	at io.apicurio.tests.ApicurioRegistryBaseIT$RegistryApiErrorWatcher.logProblemDetails(ApicurioRegistryBaseIT.java:154)
	at io.apicurio.tests.ApicurioRegistryBaseIT$RegistryApiErrorWatcher.logProblemDetails(ApicurioRegistryBaseIT.java:154)
	at io.apicurio.tests.ApicurioRegistryBaseIT$RegistryApiErrorWatcher.logProblemDetails(ApicurioRegistryBaseIT.java:154)
	at io.apicurio.tests.ApicurioRegistryBaseIT$RegistryApiErrorWatcher.logProblemDetails(ApicurioRegistryBaseIT.java:154)
	at io.apicurio.tests.ApicurioRegistryBaseIT$RegistryApiErrorWatcher.logProblemDetails(ApicurioRegistryBaseIT.java:154)
	at io.apicurio.tests.ApicurioRegistryBaseIT$RegistryApiErrorWatcher.logProblemDetails(ApicurioRegistryBaseIT.java:154)
	at io.apicurio.tests.ApicurioRegistryBaseIT$RegistryApiErrorWatcher.logProblemDetails(ApicurioRegistryBaseIT.java:154)
	at io.apicurio.tests.ApicurioRegistryBaseIT$RegistryApiErrorWatcher.logProblemDetails(ApicurioRegistryBaseIT.java:154)
	at io.apicurio.tests.ApicurioRegistryBaseIT$RegistryApiErrorWatcher.logProblemDetails(ApicurioRegistryBaseIT.java:154)
	at io.apicurio.tests.ApicurioRegistryBaseIT$RegistryApiErrorWatcher.logProblemDetails(ApicurioRegistryBaseIT.java:154)
	at io.apicurio.tests.ApicurioRegistryBaseIT$RegistryApiErrorWatcher.logProblemDetails(ApicurioRegistryBaseIT.java:154)
	at io.apicurio.tests.ApicurioRegistryBaseIT$RegistryApiErrorWatcher.logProblemDetails(ApicurioRegistryBaseIT.java:154)
	at io.apicurio.tests.ApicurioRegistryBaseIT$RegistryApiErrorWatcher.logProblemDetails(ApicurioRegistryBaseIT.java:154)
	at io.apicurio.tests.ApicurioRegistryBaseIT$RegistryApiErrorWatcher.logProblemDetails(ApicurioRegistryBaseIT.java:154)
	at io.apicurio.tests.ApicurioRegistryBaseIT$RegistryApiErrorWatcher.logProblemDetails(ApicurioRegistryBaseIT.java:154)
	at io.apicurio.tests.ApicurioRegistryBaseIT$RegistryApiErrorWatcher.logProblemDetails(ApicurioRegistryBaseIT.java:154)
	at io.apicurio.tests.ApicurioRegistryBaseIT$RegistryApiErrorWatcher.logProblemDetails(ApicurioRegistryBaseIT.java:154)
	at io.apicurio.tests.ApicurioRegistryBaseIT$RegistryApiErrorWatcher.logProblemDetails(ApicurioRegistryBaseIT.java:154)
	at io.apicurio.tests.ApicurioRegistryBaseIT$RegistryApiErrorWatcher.logProblemDetails(ApicurioRegistryBaseIT.java:154)
	at io.apicurio.tests.ApicurioRegistryBaseIT$RegistryApiErrorWatcher.logProblemDetails(ApicurioRegistryBaseIT.java:154)
	at io.apicurio.tests.ApicurioRegistryBaseIT$RegistryApiErrorWatcher.logProblemDetails(ApicurioRegistryBaseIT.java:154)
	at io.apicurio.tests.ApicurioRegistryBaseIT$RegistryApiErrorWatcher.logProblemDetails(ApicurioRegistryBaseIT.java:154)
	at io.apicurio.tests.ApicurioRegistryBaseIT$RegistryApiErrorWatcher.logProblemDetails(ApicurioRegistryBaseIT.java:154)
	at io.apicurio.tests.ApicurioRegistryBaseIT$RegistryApiErrorWatcher.logProblemDetails(ApicurioRegistryBaseIT.java:154)
	at io.apicurio.tests.ApicurioRegistryBaseIT$RegistryApiErrorWatcher.logProblemDetails(ApicurioRegistryBaseIT.java:154)
	at io.apicurio.tests.ApicurioRegistryBaseIT$RegistryApiErrorWatcher.logProblemDetails(ApicurioRegistryBaseIT.java:154)
	at io.apicurio.tests.ApicurioRegistryBaseIT$RegistryApiErrorWatcher.logProblemDetails(ApicurioRegistryBaseIT.java:154)
	at io.apicurio.tests.ApicurioRegistryBaseIT$RegistryApiErrorWatcher.logProblemDetails(ApicurioRegistryBaseIT.java:154)
	at io.apicurio.tests.ApicurioRegistryBaseIT$RegistryApiErrorWatcher.logProblemDetails(ApicurioRegistryBaseIT.java:154)
	at io.apicurio.tests.ApicurioRegistryBaseIT$RegistryApiErrorWatcher.logProblemDetails(ApicurioRegistryBaseIT.java:154)
	at io.apicurio.tests.ApicurioRegistryBaseIT$RegistryApiErrorWatcher.logProblemDetails(ApicurioRegistryBaseIT.java:154)
	at io.apicurio.tests.ApicurioRegistryBaseIT$RegistryApiErrorWatcher.logProblemDetails(ApicurioRegistryBaseIT.java:154)
	at io.apicurio.tests.ApicurioRegistryBaseIT$RegistryApiErrorWatcher.logProblemDetails(ApicurioRegistryBaseIT.java:154)
	at io.apicurio.tests.ApicurioRegistryBaseIT$RegistryApiErrorWatcher.logProblemDetails(ApicurioRegistryBaseIT.java:154)
	at io.apicurio.tests.ApicurioRegistryBaseIT$RegistryApiErrorWatcher.logProblemDetails(ApicurioRegistryBaseIT.java:154)
	at io.apicurio.tests.ApicurioRegistryBaseIT$RegistryApiErrorWatcher.logProblemDetails(ApicurioRegistryBaseIT.java:154)
	at io.apicurio.tests.ApicurioRegistryBaseIT$RegistryApiErrorWatcher.logProblemDetails(ApicurioRegistryBaseIT.java:154)
	at io.apicurio.tests.ApicurioRegistryBaseIT$RegistryApiErrorWatcher.logProblemDetails(ApicurioRegistryBaseIT.java:154)
	at io.apicurio.tests.ApicurioRegistryBaseIT$RegistryApiErrorWatcher.logProblemDetails(ApicurioRegistryBaseIT.java:154)
	at io.apicurio.tests.ApicurioRegistryBaseIT$RegistryApiErrorWatcher.logProblemDetails(ApicurioRegistryBaseIT.java:154)
	at io.apicurio.tests.ApicurioRegistryBaseIT$RegistryApiErrorWatcher.logProblemDetails(ApicurioRegistryBaseIT.java:154)
	at io.apicurio.tests.ApicurioRegistryBaseIT$RegistryApiErrorWatcher.logProblemDetails(ApicurioRegistryBaseIT.java:154)
	at io.apicurio.tests.ApicurioRegistryBaseIT$RegistryApiErrorWatcher.logProblemDetails(ApicurioRegistryBaseIT.java:154)
	at io.apicurio.tests.ApicurioRegistryBaseIT$RegistryApiErrorWatcher.logProblemDetails(ApicurioRegistryBaseIT.java:154)
	at io.apicurio.tests.ApicurioRegistryBaseIT$RegistryApiErrorWatcher.logProblemDetails(ApicurioRegistryBaseIT.java:154)
	at io.apicurio.tests.ApicurioRegistryBaseIT$RegistryApiErrorWatcher.logProblemDetails(ApicurioRegistryBaseIT.java:154)
	at io.apicurio.tests.ApicurioRegistryBaseIT$RegistryApiErrorWatcher.logProblemDetails(ApicurioRegistryBaseIT.java:154)
	at io.apicurio.tests.ApicurioRegistryBaseIT$RegistryApiErrorWatcher.logProblemDetails(ApicurioRegistryBaseIT.java:154)
	at io.apicurio.tests.ApicurioRegistryBaseIT$RegistryApiErrorWatcher.logProblemDetails(ApicurioRegistryBaseIT.java:154)
	at io.apicurio.tests.ApicurioRegistryBaseIT$RegistryApiErrorWatcher.logProblemDetails(ApicurioRegistryBaseIT.java:154)
	at io.apicurio.tests.ApicurioRegistryBaseIT$RegistryApiErrorWatcher.logProblemDetails(ApicurioRegistryBaseIT.java:154)
	at io.apicurio.tests.ApicurioRegistryBaseIT$RegistryApiErrorWatcher.logProblemDetails(ApicurioRegistryBaseIT.java:154)
	at io.apicurio.tests.ApicurioRegistryBaseIT$RegistryApiErrorWatcher.logProblemDetails(ApicurioRegistryBaseIT.java:154)
	at io.apicurio.tests.ApicurioRegistryBaseIT$RegistryApiErrorWatcher.logProblemDetails(ApicurioRegistryBaseIT.java:154)
	at io.apicurio.tests.ApicurioRegistryBaseIT$RegistryApiErrorWatcher.logProblemDetails(ApicurioRegistryBaseIT.java:154)
	at io.apicurio.tests.ApicurioRegistryBaseIT$RegistryApiErrorWatcher.logProblemDetails(ApicurioRegistryBaseIT.java:154)
	at io.apicurio.tests.ApicurioRegistryBaseIT$RegistryApiErrorWatcher.logProblemDetails(ApicurioRegistryBaseIT.java:154)
	at io.apicurio.tests.ApicurioRegistryBaseIT$RegistryApiErrorWatcher.logProblemDetails(ApicurioRegistryBaseIT.java:154)
	at io.apicurio.tests.ApicurioRegistryBaseIT$RegistryApiErrorWatcher.logProblemDetails(ApicurioRegistryBaseIT.java:154)
	at io.apicurio.tests.ApicurioRegistryBaseIT$RegistryApiErrorWatcher.logProblemDetails(ApicurioRegistryBaseIT.java:154)
	at io.apicurio.tests.ApicurioRegistryBaseIT$RegistryApiErrorWatcher.logProblemDetails(ApicurioRegistryBaseIT.java:154)
	at io.apicurio.tests.ApicurioRegistryBaseIT$RegistryApiErrorWatcher.logProblemDetails(ApicurioRegistryBaseIT.java:154)
	at io.apicurio.tests.ApicurioRegistryBaseIT$RegistryApiErrorWatcher.logProblemDetails(ApicurioRegistryBaseIT.java:154)
	at io.apicurio.tests.ApicurioRegistryBaseIT$RegistryApiErrorWatcher.logProblemDetails(ApicurioRegistryBaseIT.java:154)
	at io.apicurio.tests.ApicurioRegistryBaseIT$RegistryApiErrorWatcher.logProblemDetails(ApicurioRegistryBaseIT.java:154)
	at io.apicurio.tests.ApicurioRegistryBaseIT$RegistryApiErrorWatcher.logProblemDetails(ApicurioRegistryBaseIT.java:154)
	at io.apicurio.tests.ApicurioRegistryBaseIT$RegistryApiErrorWatcher.logProblemDetails(ApicurioRegistryBaseIT.java:154)
	at io.apicurio.tests.ApicurioRegistryBaseIT$RegistryApiErrorWatcher.logProblemDetails(ApicurioRegistryBaseIT.java:154)
	at io.apicurio.tests.ApicurioRegistryBaseIT$RegistryApiErrorWatcher.logProblemDetails(ApicurioRegistryBaseIT.java:154)
	at io.apicurio.tests.ApicurioRegistryBaseIT$RegistryApiErrorWatcher.logProblemDetails(ApicurioRegistryBaseIT.java:154)
	at io.apicurio.tests.ApicurioRegistryBaseIT$RegistryApiErrorWatcher.logProblemDetails(ApicurioRegistryBaseIT.java:154)
	at io.apicurio.tests.ApicurioRegistryBaseIT$RegistryApiErrorWatcher.logProblemDetails(ApicurioRegistryBaseIT.java:154)
	at io.apicurio.tests.ApicurioRegistryBaseIT$RegistryApiErrorWatcher.logProblemDetails(ApicurioRegistryBaseIT.java:154)
	at io.apicurio.tests.ApicurioRegistryBaseIT$RegistryApiErrorWatcher.logProblemDetails(ApicurioRegistryBaseIT.java:154)
	at io.apicurio.tests.ApicurioRegistryBaseIT$RegistryApiErrorWatcher.logProblemDetails(ApicurioRegistryBaseIT.java:154)
	at io.apicurio.tests.ApicurioRegistryBaseIT$RegistryApiErrorWatcher.logProblemDetails(ApicurioRegistryBaseIT.java:154)
	at io.apicurio.tests.ApicurioRegistryBaseIT$RegistryApiErrorWatcher.logProblemDetails(ApicurioRegistryBaseIT.java:154)
	at io.apicurio.tests.ApicurioRegistryBaseIT$RegistryApiErrorWatcher.logProblemDetails(ApicurioRegistryBaseIT.java:154)
	at io.apicurio.tests.ApicurioRegistryBaseIT$RegistryApiErrorWatcher.logProblemDetails(ApicurioRegistryBaseIT.java:154)
	at io.apicurio.tests.ApicurioRegistryBaseIT$RegistryApiErrorWatcher.logProblemDetails(ApicurioRegistryBaseIT.java:154)
	at io.apicurio.tests.ApicurioRegistryBaseIT$RegistryApiErrorWatcher.logProblemDetails(ApicurioRegistryBaseIT.java:154)
	at io.apicurio.tests.ApicurioRegistryBaseIT$RegistryApiErrorWatcher.logProblemDetails(ApicurioRegistryBaseIT.java:154)
	at io.apicurio.tests.ApicurioRegistryBaseIT$RegistryApiErrorWatcher.logProblemDetails(ApicurioRegistryBaseIT.java:154)
	at io.apicurio.tests.ApicurioRegistryBaseIT$RegistryApiErrorWatcher.logProblemDetails(ApicurioRegistryBaseIT.java:154)
	at io.apicurio.tests.ApicurioRegistryBaseIT$RegistryApiErrorWatcher.logProblemDetails(ApicurioRegistryBaseIT.java:154)
	at io.apicurio.tests.ApicurioRegistryBaseIT$RegistryApiErrorWatcher.logProblemDetails(ApicurioRegistryBaseIT.java:154)
	at io.apicurio.tests.ApicurioRegistryBaseIT$RegistryApiErrorWatcher.logProblemDetails(ApicurioRegistryBaseIT.java:154)
	at io.apicurio.tests.ApicurioRegistryBaseIT$RegistryApiErrorWatcher.logProblemDetails(ApicurioRegistryBaseIT.java:154)
	at io.apicurio.tests.ApicurioRegistryBaseIT$RegistryApiErrorWatcher.logProblemDetails(ApicurioRegistryBaseIT.java:154)
	at io.apicurio.tests.ApicurioRegistryBaseIT$RegistryApiErrorWatcher.logProblemDetails(ApicurioRegistryBaseIT.java:154)
	at io.apicurio.tests.ApicurioRegistryBaseIT$RegistryApiErrorWatcher.logProblemDetails(ApicurioRegistryBaseIT.java:154)
	at io.apicurio.tests.ApicurioRegistryBaseIT$RegistryApiErrorWatcher.logProblemDetails(ApicurioRegistryBaseIT.java:154)
	at io.apicurio.tests.ApicurioRegistryBaseIT$RegistryApiErrorWatcher.logProblemDetails(ApicurioRegistryBaseIT.java:154)
	at io.apicurio.tests.ApicurioRegistryBaseIT$RegistryApiErrorWatcher.logProblemDetails(ApicurioRegistryBaseIT.java:154)
	at io.apicurio.tests.ApicurioRegistryBaseIT$RegistryApiErrorWatcher.logProblemDetails(ApicurioRegistryBaseIT.java:154)
	at io.apicurio.tests.ApicurioRegistryBaseIT$RegistryApiErrorWatcher.logProblemDetails(ApicurioRegistryBaseIT.java:154)
	at io.apicurio.tests.ApicurioRegistryBaseIT$RegistryApiErrorWatcher.logProblemDetails(ApicurioRegistryBaseIT.java:154)
	at io.apicurio.tests.ApicurioRegistryBaseIT$RegistryApiErrorWatcher.logProblemDetails(ApicurioRegistryBaseIT.java:154)
	at io.apicurio.tests.ApicurioRegistryBaseIT$RegistryApiErrorWatcher.logProblemDetails(ApicurioRegistryBaseIT.java:154)
	at io.apicurio.tests.ApicurioRegistryBaseIT$RegistryApiErrorWatcher.logProblemDetails(ApicurioRegistryBaseIT.java:154)
	at io.apicurio.tests.ApicurioRegistryBaseIT$RegistryApiErrorWatcher.logProblemDetails(ApicurioRegistryBaseIT.java:154)
	at io.apicurio.tests.ApicurioRegistryBaseIT$RegistryApiErrorWatcher.logProblemDetails(ApicurioRegistryBaseIT.java:154)
	at io.apicurio.tests.ApicurioRegistryBaseIT$RegistryApiErrorWatcher.logProblemDetails(ApicurioRegistryBaseIT.java:154)
	at io.apicurio.tests.ApicurioRegistryBaseIT$RegistryApiErrorWatcher.logProblemDetails(ApicurioRegistryBaseIT.java:154)
	at io.apicurio.tests.ApicurioRegistryBaseIT$RegistryApiErrorWatcher.logProblemDetails(ApicurioRegistryBaseIT.java:154)
	at io.apicurio.tests.ApicurioRegistryBaseIT$RegistryApiErrorWatcher.logProblemDetails(ApicurioRegistryBaseIT.java:154)
	at io.apicurio.tests.ApicurioRegistryBaseIT$RegistryApiErrorWatcher.logProblemDetails(ApicurioRegistryBaseIT.java:154)
	at io.apicurio.tests.ApicurioRegistryBaseIT$RegistryApiErrorWatcher.logProblemDetails(ApicurioRegistryBaseIT.java:154)
	at io.apicurio.tests.ApicurioRegistryBaseIT$RegistryApiErrorWatcher.logProblemDetails(ApicurioRegistryBaseIT.java:154)
	at io.apicurio.tests.ApicurioRegistryBaseIT$RegistryApiErrorWatcher.logProblemDetails(ApicurioRegistryBaseIT.java:154)
	at io.apicurio.tests.ApicurioRegistryBaseIT$RegistryApiErrorWatcher.logProblemDetails(ApicurioRegistryBaseIT.java:154)
	at io.apicurio.tests.ApicurioRegistryBaseIT$RegistryApiErrorWatcher.logProblemDetails(ApicurioRegistryBaseIT.java:154)
	at io.apicurio.tests.ApicurioRegistryBaseIT$RegistryApiErrorWatcher.logProblemDetails(ApicurioRegistryBaseIT.java:154)
	at io.apicurio.tests.ApicurioRegistryBaseIT$RegistryApiErrorWatcher.logProblemDetails(ApicurioRegistryBaseIT.java:154)
	at io.apicurio.tests.ApicurioRegistryBaseIT$RegistryApiErrorWatcher.logProblemDetails(ApicurioRegistryBaseIT.java:154)
	at io.apicurio.tests.ApicurioRegistryBaseIT$RegistryApiErrorWatcher.logProblemDetails(ApicurioRegistryBaseIT.java:154)
	at io.apicurio.tests.ApicurioRegistryBaseIT$RegistryApiErrorWatcher.logProblemDetails(ApicurioRegistryBaseIT.java:154)
	at io.apicurio.tests.ApicurioRegistryBaseIT$RegistryApiErrorWatcher.logProblemDetails(ApicurioRegistryBaseIT.java:154)
	at io.apicurio.tests.ApicurioRegistryBaseIT$RegistryApiErrorWatcher.logProblemDetails(ApicurioRegistryBaseIT.java:154)
	at io.apicurio.tests.ApicurioRegistryBaseIT$RegistryApiErrorWatcher.logProblemDetails(ApicurioRegistryBaseIT.java:154)
	at io.apicurio.tests.ApicurioRegistryBaseIT$RegistryApiErrorWatcher.logProblemDetails(ApicurioRegistryBaseIT.java:154)
	at io.apicurio.tests.ApicurioRegistryBaseIT$RegistryApiErrorWatcher.logProblemDetails(ApicurioRegistryBaseIT.java:154)
	at io.apicurio.tests.ApicurioRegistryBaseIT$RegistryApiErrorWatcher.logProblemDetails(ApicurioRegistryBaseIT.java:154)
	at io.apicurio.tests.ApicurioRegistryBaseIT$RegistryApiErrorWatcher.logProblemDetails(ApicurioRegistryBaseIT.java:154)
	at io.apicurio.tests.ApicurioRegistryBaseIT$RegistryApiErrorWatcher.logProblemDetails(ApicurioRegistryBaseIT.java:154)
	at io.apicurio.tests.ApicurioRegistryBaseIT$RegistryApiErrorWatcher.logProblemDetails(ApicurioRegistryBaseIT.java:154)
	at io.apicurio.tests.ApicurioRegistryBaseIT$RegistryApiErrorWatcher.logProblemDetails(ApicurioRegistryBaseIT.java:154)
	at io.apicurio.tests.ApicurioRegistryBaseIT$RegistryApiErrorWatcher.logProblemDetails(ApicurioRegistryBaseIT.java:154)
	at io.apicurio.tests.ApicurioRegistryBaseIT$RegistryApiErrorWatcher.logProblemDetails(ApicurioRegistryBaseIT.java:154)
	at io.apicurio.tests.ApicurioRegistryBaseIT$RegistryApiErrorWatcher.logProblemDetails(ApicurioRegistryBaseIT.java:154)
	at io.apicurio.tests.ApicurioRegistryBaseIT$RegistryApiErrorWatcher.logProblemDetails(ApicurioRegistryBaseIT.java:154)
	at io.apicurio.tests.ApicurioRegistryBaseIT$RegistryApiErrorWatcher.logProblemDetails(ApicurioRegistryBaseIT.java:154)
	at io.apicurio.tests.ApicurioRegistryBaseIT$RegistryApiErrorWatcher.logProblemDetails(ApicurioRegistryBaseIT.java:154)
	at io.apicurio.tests.ApicurioRegistryBaseIT$RegistryApiErrorWatcher.logProblemDetails(ApicurioRegistryBaseIT.java:154)
	at io.apicurio.tests.ApicurioRegistryBaseIT$RegistryApiErrorWatcher.logProblemDetails(ApicurioRegistryBaseIT.java:154)
	at io.apicurio.tests.ApicurioRegistryBaseIT$RegistryApiErrorWatcher.logProblemDetails(ApicurioRegistryBaseIT.java:154)
	at io.apicurio.tests.ApicurioRegistryBaseIT$RegistryApiErrorWatcher.logProblemDetails(ApicurioRegistryBaseIT.java:154)
	at io.apicurio.tests.ApicurioRegistryBaseIT$RegistryApiErrorWatcher.logProblemDetails(ApicurioRegistryBaseIT.java:154)
	at io.apicurio.tests.ApicurioRegistryBaseIT$RegistryApiErrorWatcher.logProblemDetails(ApicurioRegistryBaseIT.java:154)
	at io.apicurio.tests.ApicurioRegistryBaseIT$RegistryApiErrorWatcher.logProblemDetails(ApicurioRegistryBaseIT.java:154)
	at io.apicurio.tests.ApicurioRegistryBaseIT$RegistryApiErrorWatcher.logProblemDetails(ApicurioRegistryBaseIT.java:154)
	at io.apicurio.tests.ApicurioRegistryBaseIT$RegistryApiErrorWatcher.logProblemDetails(ApicurioRegistryBaseIT.java:154)
	at io.apicurio.tests.ApicurioRegistryBaseIT$RegistryApiErrorWatcher.logProblemDetails(ApicurioRegistryBaseIT.java:154)
	at io.apicurio.tests.ApicurioRegistryBaseIT$RegistryApiErrorWatcher.logProblemDetails(ApicurioRegistryBaseIT.java:154)
	at io.apicurio.tests.ApicurioRegistryBaseIT$RegistryApiErrorWatcher.logProblemDetails(ApicurioRegistryBaseIT.java:154)
	at io.apicurio.tests.ApicurioRegistryBaseIT$RegistryApiErrorWatcher.logProblemDetails(ApicurioRegistryBaseIT.java:154)
	at io.apicurio.tests.ApicurioRegistryBaseIT$RegistryApiErrorWatcher.logProblemDetails(ApicurioRegistryBaseIT.java:154)
	at io.apicurio.tests.ApicurioRegistryBaseIT$RegistryApiErrorWatcher.logProblemDetails(ApicurioRegistryBaseIT.java:154)
	at io.apicurio.tests.ApicurioRegistryBaseIT$RegistryApiErrorWatcher.logProblemDetails(ApicurioRegistryBaseIT.java:154)
	at io.apicurio.tests.ApicurioRegistryBaseIT$RegistryApiErrorWatcher.logProblemDetails(ApicurioRegistryBaseIT.java:154)
	at io.apicurio.tests.ApicurioRegistryBaseIT$RegistryApiErrorWatcher.logProblemDetails(ApicurioRegistryBaseIT.java:154)
	at io.apicurio.tests.ApicurioRegistryBaseIT$RegistryApiErrorWatcher.logProblemDetails(ApicurioRegistryBaseIT.java:154)

]]></system-out>
  </testcase>
  <testcase name="testAutoRegisterDynamicMessageProtobufType" classname="io.apicurio.tests.serdes.apicurio.ProtobufSerdeIT" time="1.378">
    <system-out><![CDATA[2025-07-31 17:05:36,680 INFO  [io.api.tes.uti.TestSeparator] (main) ############################################################################
2025-07-31 17:05:36,680 INFO  [io.api.tes.uti.TestSeparator] (main) io.apicurio.tests.serdes.apicurio.ProtobufSerdeIT.testAutoRegisterDynamicMessageProtobufType-STARTED
**** Registry Base URL: http://registry-app-kafkasql.apps.ci419.apicurio-testing.org:80
2025-07-31 17:05:36,687 INFO  [org.apa.kaf.cli.pro.ProducerConfig] (main) ProducerConfig values: 
	acks = -1
	auto.include.jmx.reporter = true
	batch.size = 16384
	bootstrap.servers = [PLAINTEXT://localhost:32770]
	buffer.memory = 33554432
	client.dns.lookup = use_all_dns_ips
	client.id = Producer-topic-541bb4a5_b34f_4dec_b88f_230a58694813
	compression.gzip.level = -1
	compression.lz4.level = 9
	compression.type = none
	compression.zstd.level = 3
	connections.max.idle.ms = 10000
	delivery.timeout.ms = 120000
	enable.idempotence = true
	enable.metrics.push = true
	interceptor.classes = []
	key.serializer = class org.apache.kafka.common.serialization.StringSerializer
	linger.ms = 0
	max.block.ms = 60000
	max.in.flight.requests.per.connection = 5
	max.request.size = 1048576
	metadata.max.age.ms = 300000
	metadata.max.idle.ms = 300000
	metadata.recovery.strategy = none
	metric.reporters = []
	metrics.num.samples = 2
	metrics.recording.level = INFO
	metrics.sample.window.ms = 30000
	partitioner.adaptive.partitioning.enable = true
	partitioner.availability.timeout.ms = 0
	partitioner.class = null
	partitioner.ignore.keys = false
	receive.buffer.bytes = 32768
	reconnect.backoff.max.ms = 1000
	reconnect.backoff.ms = 50
	request.timeout.ms = 5000
	retries = 2147483647
	retry.backoff.max.ms = 1000
	retry.backoff.ms = 100
	sasl.client.callback.handler.class = null
	sasl.jaas.config = null
	sasl.kerberos.kinit.cmd = /usr/bin/kinit
	sasl.kerberos.min.time.before.relogin = 60000
	sasl.kerberos.service.name = null
	sasl.kerberos.ticket.renew.jitter = 0.05
	sasl.kerberos.ticket.renew.window.factor = 0.8
	sasl.login.callback.handler.class = null
	sasl.login.class = null
	sasl.login.connect.timeout.ms = null
	sasl.login.read.timeout.ms = null
	sasl.login.refresh.buffer.seconds = 300
	sasl.login.refresh.min.period.seconds = 60
	sasl.login.refresh.window.factor = 0.8
	sasl.login.refresh.window.jitter = 0.05
	sasl.login.retry.backoff.max.ms = 10000
	sasl.login.retry.backoff.ms = 100
	sasl.mechanism = GSSAPI
	sasl.oauthbearer.clock.skew.seconds = 30
	sasl.oauthbearer.expected.audience = null
	sasl.oauthbearer.expected.issuer = null
	sasl.oauthbearer.header.urlencode = false
	sasl.oauthbearer.jwks.endpoint.refresh.ms = 3600000
	sasl.oauthbearer.jwks.endpoint.retry.backoff.max.ms = 10000
	sasl.oauthbearer.jwks.endpoint.retry.backoff.ms = 100
	sasl.oauthbearer.jwks.endpoint.url = null
	sasl.oauthbearer.scope.claim.name = scope
	sasl.oauthbearer.sub.claim.name = sub
	sasl.oauthbearer.token.endpoint.url = null
	security.protocol = PLAINTEXT
	security.providers = null
	send.buffer.bytes = 131072
	socket.connection.setup.timeout.max.ms = 30000
	socket.connection.setup.timeout.ms = 10000
	ssl.cipher.suites = null
	ssl.enabled.protocols = [TLSv1.2, TLSv1.3]
	ssl.endpoint.identification.algorithm = https
	ssl.engine.factory.class = null
	ssl.key.password = null
	ssl.keymanager.algorithm = SunX509
	ssl.keystore.certificate.chain = null
	ssl.keystore.key = null
	ssl.keystore.location = null
	ssl.keystore.password = null
	ssl.keystore.type = JKS
	ssl.protocol = TLSv1.3
	ssl.provider = null
	ssl.secure.random.implementation = null
	ssl.trustmanager.algorithm = PKIX
	ssl.truststore.certificates = null
	ssl.truststore.location = null
	ssl.truststore.password = null
	ssl.truststore.type = JKS
	transaction.timeout.ms = 60000
	transactional.id = null
	value.serializer = class io.apicurio.registry.serde.protobuf.ProtobufKafkaSerializer

2025-07-31 17:05:36,687 INFO  [org.apa.kaf.com.tel.int.KafkaMetricsCollector] (main) initializing Kafka metrics collector
2025-07-31 17:05:36,694 INFO  [org.apa.kaf.cli.pro.KafkaProducer] (main) [Producer clientId=Producer-topic-541bb4a5_b34f_4dec_b88f_230a58694813] Instantiated an idempotent producer.
2025-07-31 17:05:36,704 INFO  [org.apa.kaf.cli.pro.ProducerConfig] (main) These configurations '[apicurio.registry.url, apicurio.registry.auto-register, apicurio.registry.artifact-resolver-strategy]' were supplied but are not used yet.
2025-07-31 17:05:36,704 INFO  [org.apa.kaf.com.uti.AppInfoParser] (main) Kafka version: 3.9.1
2025-07-31 17:05:36,704 INFO  [org.apa.kaf.com.uti.AppInfoParser] (main) Kafka commitId: f745dfdcee2b9851
2025-07-31 17:05:36,704 INFO  [org.apa.kaf.com.uti.AppInfoParser] (main) Kafka startTimeMs: 1753981536704
2025-07-31 17:05:36,705 INFO  [io.api.tes.ser.api.SimpleSerdesTesterBuilder$SimpleSerdesTester] (main) Using producer configuration: {apicurio.registry.url=http://registry-app-kafkasql.apps.ci419.apicurio-testing.org:80/apis/registry/v3, apicurio.registry.auto-register=true, apicurio.registry.artifact-resolver-strategy=io.apicurio.registry.serde.strategy.TopicIdStrategy, value.serializer=io.apicurio.registry.serde.protobuf.ProtobufKafkaSerializer, request.timeout.ms=5000, acks=all, bootstrap.servers=PLAINTEXT://localhost:32770, connections.max.idle.ms=10000, key.serializer=org.apache.kafka.common.serialization.StringSerializer, client.id=Producer-topic-541bb4a5_b34f_4dec_b88f_230a58694813}
2025-07-31 17:05:36,705 INFO  [io.api.tes.ser.api.SimpleSerdesTesterBuilder$SimpleSerdesTester] (main) Using consumer configuration: {apicurio.registry.deserializer.value.return-class=com.google.protobuf.DynamicMessage}
2025-07-31 17:05:36,716 INFO  [org.apa.kaf.cli.Metadata] (kafka-producer-network-thread | Producer-topic-541bb4a5_b34f_4dec_b88f_230a58694813) [Producer clientId=Producer-topic-541bb4a5_b34f_4dec_b88f_230a58694813] Cluster ID: WpqyxNU-RHKB_ermmfvksw
2025-07-31 17:05:36,727 INFO  [io.api.tes.ser.api.KafkaSerdesTester] (Thread-791) Sending message header {
  time {
  }
}
d1: 1.753981536713E12
s1: "a"
i1: 123
bi1: 1
point {
  longitude: 22.0
  latitude: 22.0
  altitude: 1.0
}
 to topic topic-541bb4a5_b34f_4dec_b88f_230a58694813
2025-07-31 17:05:36,732 INFO  [org.apa.kaf.cli.pro.int.TransactionManager] (kafka-producer-network-thread | Producer-topic-541bb4a5_b34f_4dec_b88f_230a58694813) [Producer clientId=Producer-topic-541bb4a5_b34f_4dec_b88f_230a58694813] ProducerId set to 35 with epoch 0
2025-07-31 17:05:36,747 WARN  [org.apa.kaf.cli.NetworkClient] (kafka-producer-network-thread | Producer-topic-541bb4a5_b34f_4dec_b88f_230a58694813) [Producer clientId=Producer-topic-541bb4a5_b34f_4dec_b88f_230a58694813] The metadata response from the cluster reported a recoverable issue with correlation id 6 : {topic-541bb4a5_b34f_4dec_b88f_230a58694813=LEADER_NOT_AVAILABLE}
2025-07-31 17:05:36,969 INFO  [io.api.tes.ser.api.KafkaSerdesTester] (Thread-791) Sending message header {
  time {
  }
}
d1: 1.753981536969E12
s1: "a"
i1: 123
bi1: 1
point {
  longitude: 22.0
  latitude: 22.0
  altitude: 1.0
}
 to topic topic-541bb4a5_b34f_4dec_b88f_230a58694813
2025-07-31 17:05:37,012 INFO  [io.api.tes.ser.api.KafkaSerdesTester] (Thread-791) Sending message header {
  time {
  }
}
d1: 1.753981537012E12
s1: "a"
i1: 123
bi1: 1
point {
  longitude: 22.0
  latitude: 22.0
  altitude: 1.0
}
 to topic topic-541bb4a5_b34f_4dec_b88f_230a58694813
2025-07-31 17:05:37,063 INFO  [io.api.tes.ser.api.KafkaSerdesTester] (Thread-791) Sending message header {
  time {
  }
}
d1: 1.753981537063E12
s1: "a"
i1: 123
bi1: 1
point {
  longitude: 22.0
  latitude: 22.0
  altitude: 1.0
}
 to topic topic-541bb4a5_b34f_4dec_b88f_230a58694813
2025-07-31 17:05:37,113 INFO  [io.api.tes.ser.api.KafkaSerdesTester] (Thread-791) Sending message header {
  time {
  }
}
d1: 1.753981537113E12
s1: "a"
i1: 123
bi1: 1
point {
  longitude: 22.0
  latitude: 22.0
  altitude: 1.0
}
 to topic topic-541bb4a5_b34f_4dec_b88f_230a58694813
2025-07-31 17:05:37,170 INFO  [io.api.tes.ser.api.KafkaSerdesTester] (Thread-791) Sending message header {
  time {
  }
}
d1: 1.75398153717E12
s1: "a"
i1: 123
bi1: 1
point {
  longitude: 22.0
  latitude: 22.0
  altitude: 1.0
}
 to topic topic-541bb4a5_b34f_4dec_b88f_230a58694813
2025-07-31 17:05:37,217 INFO  [io.api.tes.ser.api.KafkaSerdesTester] (Thread-791) Sending message header {
  time {
  }
}
d1: 1.753981537217E12
s1: "a"
i1: 123
bi1: 1
point {
  longitude: 22.0
  latitude: 22.0
  altitude: 1.0
}
 to topic topic-541bb4a5_b34f_4dec_b88f_230a58694813
2025-07-31 17:05:37,263 INFO  [io.api.tes.ser.api.KafkaSerdesTester] (Thread-791) Sending message header {
  time {
  }
}
d1: 1.753981537263E12
s1: "a"
i1: 123
bi1: 1
point {
  longitude: 22.0
  latitude: 22.0
  altitude: 1.0
}
 to topic topic-541bb4a5_b34f_4dec_b88f_230a58694813
2025-07-31 17:05:37,312 INFO  [io.api.tes.ser.api.KafkaSerdesTester] (Thread-791) Sending message header {
  time {
  }
}
d1: 1.753981537312E12
s1: "a"
i1: 123
bi1: 1
point {
  longitude: 22.0
  latitude: 22.0
  altitude: 1.0
}
 to topic topic-541bb4a5_b34f_4dec_b88f_230a58694813
2025-07-31 17:05:37,354 INFO  [io.api.tes.ser.api.KafkaSerdesTester] (Thread-791) Sending message header {
  time {
  }
}
d1: 1.753981537354E12
s1: "a"
i1: 123
bi1: 1
point {
  longitude: 22.0
  latitude: 22.0
  altitude: 1.0
}
 to topic topic-541bb4a5_b34f_4dec_b88f_230a58694813
2025-07-31 17:05:37,395 INFO  [io.api.tes.ser.api.KafkaSerdesTester] (Thread-791) Produced 10 messages
2025-07-31 17:05:37,395 INFO  [org.apa.kaf.cli.pro.KafkaProducer] (Thread-791) [Producer clientId=Producer-topic-541bb4a5_b34f_4dec_b88f_230a58694813] Closing the Kafka producer with timeoutMillis = 9223372036854775807 ms.
2025-07-31 17:05:37,398 INFO  [org.apa.kaf.com.met.Metrics] (Thread-791) Metrics scheduler closed
2025-07-31 17:05:37,398 INFO  [org.apa.kaf.com.met.Metrics] (Thread-791) Closing reporter org.apache.kafka.common.metrics.JmxReporter
2025-07-31 17:05:37,398 INFO  [org.apa.kaf.com.met.Metrics] (Thread-791) Closing reporter org.apache.kafka.common.telemetry.internals.ClientTelemetryReporter
2025-07-31 17:05:37,398 INFO  [org.apa.kaf.com.met.Metrics] (Thread-791) Metrics reporters closed
2025-07-31 17:05:37,406 INFO  [org.apa.kaf.com.uti.AppInfoParser] (Thread-791) App info kafka.producer for Producer-topic-541bb4a5_b34f_4dec_b88f_230a58694813 unregistered
**** Registry Base URL: http://registry-app-kafkasql.apps.ci419.apicurio-testing.org:80
2025-07-31 17:05:37,431 INFO  [org.apa.kaf.cli.con.ConsumerConfig] (main) ConsumerConfig values: 
	allow.auto.create.topics = true
	auto.commit.interval.ms = 500
	auto.include.jmx.reporter = true
	auto.offset.reset = earliest
	bootstrap.servers = [PLAINTEXT://localhost:32770]
	check.crcs = true
	client.dns.lookup = use_all_dns_ips
	client.id = consumer-Consumer-topic-541bb4a5_b34f_4dec_b88f_230a58694813-26
	client.rack = 
	connections.max.idle.ms = 10000
	default.api.timeout.ms = 60000
	enable.auto.commit = true
	enable.metrics.push = true
	exclude.internal.topics = true
	fetch.max.bytes = 52428800
	fetch.max.wait.ms = 500
	fetch.min.bytes = 1
	group.id = Consumer-topic-541bb4a5_b34f_4dec_b88f_230a58694813
	group.instance.id = null
	group.protocol = classic
	group.remote.assignor = null
	heartbeat.interval.ms = 3000
	interceptor.classes = []
	internal.leave.group.on.close = true
	internal.throw.on.fetch.stable.offset.unsupported = false
	isolation.level = read_uncommitted
	key.deserializer = class org.apache.kafka.common.serialization.StringDeserializer
	max.partition.fetch.bytes = 1048576
	max.poll.interval.ms = 300000
	max.poll.records = 500
	metadata.max.age.ms = 300000
	metadata.recovery.strategy = none
	metric.reporters = []
	metrics.num.samples = 2
	metrics.recording.level = INFO
	metrics.sample.window.ms = 30000
	partition.assignment.strategy = [class org.apache.kafka.clients.consumer.RangeAssignor, class org.apache.kafka.clients.consumer.CooperativeStickyAssignor]
	receive.buffer.bytes = 65536
	reconnect.backoff.max.ms = 1000
	reconnect.backoff.ms = 50
	request.timeout.ms = 5000
	retry.backoff.max.ms = 1000
	retry.backoff.ms = 100
	sasl.client.callback.handler.class = null
	sasl.jaas.config = null
	sasl.kerberos.kinit.cmd = /usr/bin/kinit
	sasl.kerberos.min.time.before.relogin = 60000
	sasl.kerberos.service.name = null
	sasl.kerberos.ticket.renew.jitter = 0.05
	sasl.kerberos.ticket.renew.window.factor = 0.8
	sasl.login.callback.handler.class = null
	sasl.login.class = null
	sasl.login.connect.timeout.ms = null
	sasl.login.read.timeout.ms = null
	sasl.login.refresh.buffer.seconds = 300
	sasl.login.refresh.min.period.seconds = 60
	sasl.login.refresh.window.factor = 0.8
	sasl.login.refresh.window.jitter = 0.05
	sasl.login.retry.backoff.max.ms = 10000
	sasl.login.retry.backoff.ms = 100
	sasl.mechanism = GSSAPI
	sasl.oauthbearer.clock.skew.seconds = 30
	sasl.oauthbearer.expected.audience = null
	sasl.oauthbearer.expected.issuer = null
	sasl.oauthbearer.header.urlencode = false
	sasl.oauthbearer.jwks.endpoint.refresh.ms = 3600000
	sasl.oauthbearer.jwks.endpoint.retry.backoff.max.ms = 10000
	sasl.oauthbearer.jwks.endpoint.retry.backoff.ms = 100
	sasl.oauthbearer.jwks.endpoint.url = null
	sasl.oauthbearer.scope.claim.name = scope
	sasl.oauthbearer.sub.claim.name = sub
	sasl.oauthbearer.token.endpoint.url = null
	security.protocol = PLAINTEXT
	security.providers = null
	send.buffer.bytes = 131072
	session.timeout.ms = 45000
	socket.connection.setup.timeout.max.ms = 30000
	socket.connection.setup.timeout.ms = 10000
	ssl.cipher.suites = null
	ssl.enabled.protocols = [TLSv1.2, TLSv1.3]
	ssl.endpoint.identification.algorithm = https
	ssl.engine.factory.class = null
	ssl.key.password = null
	ssl.keymanager.algorithm = SunX509
	ssl.keystore.certificate.chain = null
	ssl.keystore.key = null
	ssl.keystore.location = null
	ssl.keystore.password = null
	ssl.keystore.type = JKS
	ssl.protocol = TLSv1.3
	ssl.provider = null
	ssl.secure.random.implementation = null
	ssl.trustmanager.algorithm = PKIX
	ssl.truststore.certificates = null
	ssl.truststore.location = null
	ssl.truststore.password = null
	ssl.truststore.type = JKS
	value.deserializer = class io.apicurio.registry.serde.protobuf.ProtobufKafkaDeserializer

2025-07-31 17:05:37,431 INFO  [org.apa.kaf.com.tel.int.KafkaMetricsCollector] (main) initializing Kafka metrics collector
2025-07-31 17:05:37,437 INFO  [org.apa.kaf.cli.con.ConsumerConfig] (main) These configurations '[apicurio.registry.deserializer.value.return-class, apicurio.registry.url]' were supplied but are not used yet.
2025-07-31 17:05:37,437 INFO  [org.apa.kaf.com.uti.AppInfoParser] (main) Kafka version: 3.9.1
2025-07-31 17:05:37,437 INFO  [org.apa.kaf.com.uti.AppInfoParser] (main) Kafka commitId: f745dfdcee2b9851
2025-07-31 17:05:37,437 INFO  [org.apa.kaf.com.uti.AppInfoParser] (main) Kafka startTimeMs: 1753981537437
2025-07-31 17:05:37,437 INFO  [org.apa.kaf.cli.con.int.ClassicKafkaConsumer] (Thread-794) [Consumer clientId=consumer-Consumer-topic-541bb4a5_b34f_4dec_b88f_230a58694813-26, groupId=Consumer-topic-541bb4a5_b34f_4dec_b88f_230a58694813] Subscribed to topic(s): topic-541bb4a5_b34f_4dec_b88f_230a58694813
2025-07-31 17:05:37,445 INFO  [org.apa.kaf.cli.Metadata] (Thread-794) [Consumer clientId=consumer-Consumer-topic-541bb4a5_b34f_4dec_b88f_230a58694813-26, groupId=Consumer-topic-541bb4a5_b34f_4dec_b88f_230a58694813] Cluster ID: WpqyxNU-RHKB_ermmfvksw
2025-07-31 17:05:37,446 INFO  [org.apa.kaf.cli.con.int.ConsumerCoordinator] (Thread-794) [Consumer clientId=consumer-Consumer-topic-541bb4a5_b34f_4dec_b88f_230a58694813-26, groupId=Consumer-topic-541bb4a5_b34f_4dec_b88f_230a58694813] Discovered group coordinator localhost:32770 (id: 2147483647 rack: null)
2025-07-31 17:05:37,449 INFO  [org.apa.kaf.cli.con.int.ConsumerCoordinator] (Thread-794) [Consumer clientId=consumer-Consumer-topic-541bb4a5_b34f_4dec_b88f_230a58694813-26, groupId=Consumer-topic-541bb4a5_b34f_4dec_b88f_230a58694813] (Re-)joining group
2025-07-31 17:05:37,454 INFO  [org.apa.kaf.cli.con.int.ConsumerCoordinator] (Thread-794) [Consumer clientId=consumer-Consumer-topic-541bb4a5_b34f_4dec_b88f_230a58694813-26, groupId=Consumer-topic-541bb4a5_b34f_4dec_b88f_230a58694813] Request joining group due to: need to re-join with the given member-id: consumer-Consumer-topic-541bb4a5_b34f_4dec_b88f_230a58694813-26-fa8698fd-04da-4fdb-97b5-c81df87d8830
2025-07-31 17:05:37,454 INFO  [org.apa.kaf.cli.con.int.ConsumerCoordinator] (Thread-794) [Consumer clientId=consumer-Consumer-topic-541bb4a5_b34f_4dec_b88f_230a58694813-26, groupId=Consumer-topic-541bb4a5_b34f_4dec_b88f_230a58694813] (Re-)joining group
2025-07-31 17:05:37,456 INFO  [org.apa.kaf.cli.con.int.ConsumerCoordinator] (Thread-794) [Consumer clientId=consumer-Consumer-topic-541bb4a5_b34f_4dec_b88f_230a58694813-26, groupId=Consumer-topic-541bb4a5_b34f_4dec_b88f_230a58694813] Successfully joined group with generation Generation{generationId=1, memberId='consumer-Consumer-topic-541bb4a5_b34f_4dec_b88f_230a58694813-26-fa8698fd-04da-4fdb-97b5-c81df87d8830', protocol='range'}
2025-07-31 17:05:37,456 INFO  [org.apa.kaf.cli.con.int.ConsumerCoordinator] (Thread-794) [Consumer clientId=consumer-Consumer-topic-541bb4a5_b34f_4dec_b88f_230a58694813-26, groupId=Consumer-topic-541bb4a5_b34f_4dec_b88f_230a58694813] Finished assignment for group at generation 1: {consumer-Consumer-topic-541bb4a5_b34f_4dec_b88f_230a58694813-26-fa8698fd-04da-4fdb-97b5-c81df87d8830=Assignment(partitions=[topic-541bb4a5_b34f_4dec_b88f_230a58694813-0])}
2025-07-31 17:05:37,461 INFO  [org.apa.kaf.cli.con.int.ConsumerCoordinator] (Thread-794) [Consumer clientId=consumer-Consumer-topic-541bb4a5_b34f_4dec_b88f_230a58694813-26, groupId=Consumer-topic-541bb4a5_b34f_4dec_b88f_230a58694813] Successfully synced group in generation Generation{generationId=1, memberId='consumer-Consumer-topic-541bb4a5_b34f_4dec_b88f_230a58694813-26-fa8698fd-04da-4fdb-97b5-c81df87d8830', protocol='range'}
2025-07-31 17:05:37,461 INFO  [org.apa.kaf.cli.con.int.ConsumerCoordinator] (Thread-794) [Consumer clientId=consumer-Consumer-topic-541bb4a5_b34f_4dec_b88f_230a58694813-26, groupId=Consumer-topic-541bb4a5_b34f_4dec_b88f_230a58694813] Notifying assignor about the new Assignment(partitions=[topic-541bb4a5_b34f_4dec_b88f_230a58694813-0])
2025-07-31 17:05:37,462 INFO  [org.apa.kaf.cli.con.int.ConsumerRebalanceListenerInvoker] (Thread-794) [Consumer clientId=consumer-Consumer-topic-541bb4a5_b34f_4dec_b88f_230a58694813-26, groupId=Consumer-topic-541bb4a5_b34f_4dec_b88f_230a58694813] Adding newly assigned partitions: topic-541bb4a5_b34f_4dec_b88f_230a58694813-0
2025-07-31 17:05:37,463 INFO  [org.apa.kaf.cli.con.int.ConsumerCoordinator] (Thread-794) [Consumer clientId=consumer-Consumer-topic-541bb4a5_b34f_4dec_b88f_230a58694813-26, groupId=Consumer-topic-541bb4a5_b34f_4dec_b88f_230a58694813] Found no committed offset for partition topic-541bb4a5_b34f_4dec_b88f_230a58694813-0
2025-07-31 17:05:37,464 INFO  [org.apa.kaf.cli.con.int.SubscriptionState] (Thread-794) [Consumer clientId=consumer-Consumer-topic-541bb4a5_b34f_4dec_b88f_230a58694813-26, groupId=Consumer-topic-541bb4a5_b34f_4dec_b88f_230a58694813] Resetting offset for partition topic-541bb4a5_b34f_4dec_b88f_230a58694813-0 to position FetchPosition{offset=0, offsetEpoch=Optional.empty, currentLeader=LeaderAndEpoch{leader=Optional[localhost:32770 (id: 0 rack: null)], epoch=0}}.
2025-07-31 17:05:37,535 INFO  [io.api.tes.ser.api.KafkaSerdesTester] (Thread-794) topic-541bb4a5_b34f_4dec_b88f_230a58694813 0 0 header {
  time {
  }
}
d1: 1.753981536713E12
s1: "a"
i1: 123
bi1: 1
point {
  longitude: 22.0
  latitude: 22.0
  altitude: 1.0
}

2025-07-31 17:05:37,535 INFO  [io.api.tes.ser.api.KafkaSerdesTester] (Thread-794) topic-541bb4a5_b34f_4dec_b88f_230a58694813 0 1 header {
  time {
  }
}
d1: 1.753981536969E12
s1: "a"
i1: 123
bi1: 1
point {
  longitude: 22.0
  latitude: 22.0
  altitude: 1.0
}

2025-07-31 17:05:37,535 INFO  [io.api.tes.ser.api.KafkaSerdesTester] (Thread-794) topic-541bb4a5_b34f_4dec_b88f_230a58694813 0 2 header {
  time {
  }
}
d1: 1.753981537012E12
s1: "a"
i1: 123
bi1: 1
point {
  longitude: 22.0
  latitude: 22.0
  altitude: 1.0
}

2025-07-31 17:05:37,535 INFO  [io.api.tes.ser.api.KafkaSerdesTester] (Thread-794) topic-541bb4a5_b34f_4dec_b88f_230a58694813 0 3 header {
  time {
  }
}
d1: 1.753981537063E12
s1: "a"
i1: 123
bi1: 1
point {
  longitude: 22.0
  latitude: 22.0
  altitude: 1.0
}

2025-07-31 17:05:37,535 INFO  [io.api.tes.ser.api.KafkaSerdesTester] (Thread-794) topic-541bb4a5_b34f_4dec_b88f_230a58694813 0 4 header {
  time {
  }
}
d1: 1.753981537113E12
s1: "a"
i1: 123
bi1: 1
point {
  longitude: 22.0
  latitude: 22.0
  altitude: 1.0
}

2025-07-31 17:05:37,535 INFO  [io.api.tes.ser.api.KafkaSerdesTester] (Thread-794) topic-541bb4a5_b34f_4dec_b88f_230a58694813 0 5 header {
  time {
  }
}
d1: 1.75398153717E12
s1: "a"
i1: 123
bi1: 1
point {
  longitude: 22.0
  latitude: 22.0
  altitude: 1.0
}

2025-07-31 17:05:37,535 INFO  [io.api.tes.ser.api.KafkaSerdesTester] (Thread-794) topic-541bb4a5_b34f_4dec_b88f_230a58694813 0 6 header {
  time {
  }
}
d1: 1.753981537217E12
s1: "a"
i1: 123
bi1: 1
point {
  longitude: 22.0
  latitude: 22.0
  altitude: 1.0
}

2025-07-31 17:05:37,535 INFO  [io.api.tes.ser.api.KafkaSerdesTester] (Thread-794) topic-541bb4a5_b34f_4dec_b88f_230a58694813 0 7 header {
  time {
  }
}
d1: 1.753981537263E12
s1: "a"
i1: 123
bi1: 1
point {
  longitude: 22.0
  latitude: 22.0
  altitude: 1.0
}

2025-07-31 17:05:37,535 INFO  [io.api.tes.ser.api.KafkaSerdesTester] (Thread-794) topic-541bb4a5_b34f_4dec_b88f_230a58694813 0 8 header {
  time {
  }
}
d1: 1.753981537312E12
s1: "a"
i1: 123
bi1: 1
point {
  longitude: 22.0
  latitude: 22.0
  altitude: 1.0
}

2025-07-31 17:05:37,535 INFO  [io.api.tes.ser.api.KafkaSerdesTester] (Thread-794) topic-541bb4a5_b34f_4dec_b88f_230a58694813 0 9 header {
  time {
  }
}
d1: 1.753981537354E12
s1: "a"
i1: 123
bi1: 1
point {
  longitude: 22.0
  latitude: 22.0
  altitude: 1.0
}

2025-07-31 17:05:37,535 INFO  [io.api.tes.ser.api.KafkaSerdesTester] (Thread-794) Consumed 10 messages
2025-07-31 17:05:37,538 INFO  [org.apa.kaf.cli.con.int.ConsumerRebalanceListenerInvoker] (Thread-794) [Consumer clientId=consumer-Consumer-topic-541bb4a5_b34f_4dec_b88f_230a58694813-26, groupId=Consumer-topic-541bb4a5_b34f_4dec_b88f_230a58694813] Revoke previously assigned partitions topic-541bb4a5_b34f_4dec_b88f_230a58694813-0
2025-07-31 17:05:37,538 INFO  [org.apa.kaf.cli.con.int.ConsumerCoordinator] (Thread-794) [Consumer clientId=consumer-Consumer-topic-541bb4a5_b34f_4dec_b88f_230a58694813-26, groupId=Consumer-topic-541bb4a5_b34f_4dec_b88f_230a58694813] Member consumer-Consumer-topic-541bb4a5_b34f_4dec_b88f_230a58694813-26-fa8698fd-04da-4fdb-97b5-c81df87d8830 sending LeaveGroup request to coordinator localhost:32770 (id: 2147483647 rack: null) due to the consumer is being closed
2025-07-31 17:05:37,538 INFO  [org.apa.kaf.cli.con.int.ConsumerCoordinator] (Thread-794) [Consumer clientId=consumer-Consumer-topic-541bb4a5_b34f_4dec_b88f_230a58694813-26, groupId=Consumer-topic-541bb4a5_b34f_4dec_b88f_230a58694813] Resetting generation and member id due to: consumer pro-actively leaving the group
2025-07-31 17:05:37,538 INFO  [org.apa.kaf.cli.con.int.ConsumerCoordinator] (Thread-794) [Consumer clientId=consumer-Consumer-topic-541bb4a5_b34f_4dec_b88f_230a58694813-26, groupId=Consumer-topic-541bb4a5_b34f_4dec_b88f_230a58694813] Request joining group due to: consumer pro-actively leaving the group
2025-07-31 17:05:38,038 INFO  [org.apa.kaf.com.met.Metrics] (Thread-794) Metrics scheduler closed
2025-07-31 17:05:38,038 INFO  [org.apa.kaf.com.met.Metrics] (Thread-794) Closing reporter org.apache.kafka.common.metrics.JmxReporter
2025-07-31 17:05:38,038 INFO  [org.apa.kaf.com.met.Metrics] (Thread-794) Closing reporter org.apache.kafka.common.telemetry.internals.ClientTelemetryReporter
2025-07-31 17:05:38,038 INFO  [org.apa.kaf.com.met.Metrics] (Thread-794) Metrics reporters closed
2025-07-31 17:05:38,040 INFO  [org.apa.kaf.com.uti.AppInfoParser] (Thread-794) App info kafka.consumer for consumer-Consumer-topic-541bb4a5_b34f_4dec_b88f_230a58694813-26 unregistered
2025-07-31 17:05:38,056 INFO  [io.api.tes.uti.TestSeparator] (main) io.apicurio.tests.serdes.apicurio.ProtobufSerdeIT.testAutoRegisterDynamicMessageProtobufType-FINISHED
2025-07-31 17:05:38,056 INFO  [io.api.tes.uti.TestSeparator] (main) ############################################################################
Test passed: testAutoRegisterDynamicMessageProtobufType
]]></system-out>
  </testcase>
</testsuite>