<?xml version="1.0" encoding="UTF-8"?>
<testsuite xmlns:xsi="http://www.w3.org/2001/XMLSchema-instance" xsi:noNamespaceSchemaLocation="https://maven.apache.org/surefire/maven-failsafe-plugin/xsd/failsafe-test-report.xsd" version="3.0.2" name="io.apicurio.tests.serdes.confluent.BasicConfluentSerDesIT" time="11.414" tests="8" errors="0" skipped="0" failures="0">
  <properties>
    <property name="java.specification.version" value="17"/>
    <property name="sun.jnu.encoding" value="UTF-8"/>
    <property name="java.class.path" value="/home/runner/work/apicurio-testing/apicurio-testing/clusters/ci419/namespaces/kafkasql/tests/integration/apicurio-registry/integration-tests/target/test-classes:/home/runner/work/apicurio-testing/apicurio-testing/clusters/ci419/namespaces/kafkasql/tests/integration/apicurio-registry/integration-tests/target/apicurio-registry-integration-tests-3.0.11-SNAPSHOT.jar:/home/runner/.m2/repository/io/quarkus/quarkus-junit5/3.20.1/quarkus-junit5-3.20.1.jar:/home/runner/.m2/repository/io/quarkus/quarkus-bootstrap-core/3.20.1/quarkus-bootstrap-core-3.20.1.jar:/home/runner/.m2/repository/io/quarkus/quarkus-classloader-commons/3.20.1/quarkus-classloader-commons-3.20.1.jar:/home/runner/.m2/repository/io/quarkus/quarkus-bootstrap-app-model/3.20.1/quarkus-bootstrap-app-model-3.20.1.jar:/home/runner/.m2/repository/io/smallrye/common/smallrye-common-io/2.12.0/smallrye-common-io-2.12.0.jar:/home/runner/.m2/repository/org/eclipse/sisu/org.eclipse.sisu.inject/0.9.0.M3/org.eclipse.sisu.inject-0.9.0.M3.jar:/home/runner/.m2/repository/io/quarkus/quarkus-test-common/3.20.1/quarkus-test-common-3.20.1.jar:/home/runner/.m2/repository/io/quarkus/quarkus-core-deployment/3.20.1/quarkus-core-deployment-3.20.1.jar:/home/runner/.m2/repository/org/aesh/readline/2.6/readline-2.6.jar:/home/runner/.m2/repository/org/fusesource/jansi/jansi/2.4.0/jansi-2.4.0.jar:/home/runner/.m2/repository/org/aesh/aesh/2.8.2/aesh-2.8.2.jar:/home/runner/.m2/repository/io/quarkus/gizmo/gizmo/1.8.0/gizmo-1.8.0.jar:/home/runner/.m2/repository/org/ow2/asm/asm-util/9.7.1/asm-util-9.7.1.jar:/home/runner/.m2/repository/org/ow2/asm/asm-analysis/9.7.1/asm-analysis-9.7.1.jar:/home/runner/.m2/repository/org/ow2/asm/asm-commons/9.7.1/asm-commons-9.7.1.jar:/home/runner/.m2/repository/org/ow2/asm/asm-tree/9.7.1/asm-tree-9.7.1.jar:/home/runner/.m2/repository/io/quarkus/quarkus-hibernate-validator-spi/3.20.1/quarkus-hibernate-validator-spi-3.20.1.jar:/home/runner/.m2/repository/io/quarkus/quarkus-class-change-agent/3.20.1/quarkus-class-change-agent-3.20.1.jar:/home/runner/.m2/repository/io/quarkus/quarkus-devtools-utilities/3.20.1/quarkus-devtools-utilities-3.20.1.jar:/home/runner/.m2/repository/io/quarkus/quarkus-builder/3.20.1/quarkus-builder-3.20.1.jar:/home/runner/.m2/repository/org/graalvm/sdk/nativeimage/23.1.2/nativeimage-23.1.2.jar:/home/runner/.m2/repository/org/graalvm/sdk/word/23.1.2/word-23.1.2.jar:/home/runner/.m2/repository/io/quarkus/quarkus-bootstrap-maven-resolver/3.20.1/quarkus-bootstrap-maven-resolver-3.20.1.jar:/home/runner/.m2/repository/io/smallrye/beanbag/smallrye-beanbag-maven/1.5.2/smallrye-beanbag-maven-1.5.2.jar:/home/runner/.m2/repository/io/smallrye/beanbag/smallrye-beanbag-sisu/1.5.2/smallrye-beanbag-sisu-1.5.2.jar:/home/runner/.m2/repository/io/smallrye/beanbag/smallrye-beanbag/1.5.2/smallrye-beanbag-1.5.2.jar:/home/runner/.m2/repository/javax/inject/javax.inject/1/javax.inject-1.jar:/home/runner/.m2/repository/org/apache/maven/maven-artifact/3.9.9/maven-artifact-3.9.9.jar:/home/runner/.m2/repository/org/apache/maven/maven-builder-support/3.9.9/maven-builder-support-3.9.9.jar:/home/runner/.m2/repository/org/apache/maven/maven-model/3.9.9/maven-model-3.9.9.jar:/home/runner/.m2/repository/org/apache/maven/maven-model-builder/3.9.9/maven-model-builder-3.9.9.jar:/home/runner/.m2/repository/org/apache/maven/maven-repository-metadata/3.9.9/maven-repository-metadata-3.9.9.jar:/home/runner/.m2/repository/org/apache/maven/maven-settings/3.9.9/maven-settings-3.9.9.jar:/home/runner/.m2/repository/org/apache/maven/resolver/maven-resolver-api/1.9.22/maven-resolver-api-1.9.22.jar:/home/runner/.m2/repository/org/apache/maven/resolver/maven-resolver-impl/1.9.22/maven-resolver-impl-1.9.22.jar:/home/runner/.m2/repository/org/apache/maven/resolver/maven-resolver-named-locks/1.9.22/maven-resolver-named-locks-1.9.22.jar:/home/runner/.m2/repository/org/apache/maven/resolver/maven-resolver-spi/1.9.22/maven-resolver-spi-1.9.22.jar:/home/runner/.m2/repository/org/apache/maven/resolver/maven-resolver-util/1.9.22/maven-resolver-util-1.9.22.jar:/home/runner/.m2/repository/org/apache/maven/resolver/maven-resolver-transport-http/1.9.20/maven-resolver-transport-http-1.9.20.jar:/home/runner/.m2/repository/org/apache/maven/wagon/wagon-provider-api/3.5.3/wagon-provider-api-3.5.3.jar:/home/runner/.m2/repository/org/apache/maven/wagon/wagon-http-shared/3.5.3/wagon-http-shared-3.5.3.jar:/home/runner/.m2/repository/org/codehaus/plexus/plexus-interpolation/1.26/plexus-interpolation-1.26.jar:/home/runner/.m2/repository/org/codehaus/plexus/plexus-utils/3.5.1/plexus-utils-3.5.1.jar:/home/runner/.m2/repository/org/codehaus/plexus/plexus-xml/4.0.1/plexus-xml-4.0.1.jar:/home/runner/.m2/repository/org/apache/maven/maven-xml-impl/4.0.0-alpha-5/maven-xml-impl-4.0.0-alpha-5.jar:/home/runner/.m2/repository/org/apache/maven/maven-api-xml/4.0.0-alpha-5/maven-api-xml-4.0.0-alpha-5.jar:/home/runner/.m2/repository/org/apache/maven/maven-api-meta/4.0.0-alpha-5/maven-api-meta-4.0.0-alpha-5.jar:/home/runner/.m2/repository/org/codehaus/plexus/plexus-cipher/2.0/plexus-cipher-2.0.jar:/home/runner/.m2/repository/org/codehaus/plexus/plexus-sec-dispatcher/2.0/plexus-sec-dispatcher-2.0.jar:/home/runner/.m2/repository/org/apache/maven/maven-embedder/3.9.9/maven-embedder-3.9.9.jar:/home/runner/.m2/repository/org/apache/maven/maven-core/3.9.9/maven-core-3.9.9.jar:/home/runner/.m2/repository/org/codehaus/plexus/plexus-component-annotations/2.1.0/plexus-component-annotations-2.1.0.jar:/home/runner/.m2/repository/org/apache/maven/maven-plugin-api/3.9.9/maven-plugin-api-3.9.9.jar:/home/runner/.m2/repository/org/apache/maven/shared/maven-shared-utils/3.4.2/maven-shared-utils-3.4.2.jar:/home/runner/.m2/repository/com/google/inject/guice/5.1.0/guice-5.1.0.jar:/home/runner/.m2/repository/aopalliance/aopalliance/1.0/aopalliance-1.0.jar:/home/runner/.m2/repository/org/codehaus/plexus/plexus-classworlds/2.6.0/plexus-classworlds-2.6.0.jar:/home/runner/.m2/repository/commons-cli/commons-cli/1.8.0/commons-cli-1.8.0.jar:/home/runner/.m2/repository/org/eclipse/sisu/org.eclipse.sisu.plexus/0.9.0.M3/org.eclipse.sisu.plexus-0.9.0.M3.jar:/home/runner/.m2/repository/org/apache/maven/maven-settings-builder/3.9.9/maven-settings-builder-3.9.9.jar:/home/runner/.m2/repository/org/apache/maven/maven-resolver-provider/3.9.9/maven-resolver-provider-3.9.9.jar:/home/runner/.m2/repository/org/apache/maven/resolver/maven-resolver-connector-basic/1.9.22/maven-resolver-connector-basic-1.9.22.jar:/home/runner/.m2/repository/org/apache/maven/resolver/maven-resolver-transport-wagon/1.9.22/maven-resolver-transport-wagon-1.9.22.jar:/home/runner/.m2/repository/org/apache/maven/wagon/wagon-http/3.5.3/wagon-http-3.5.3.jar:/home/runner/.m2/repository/org/apache/maven/wagon/wagon-file/3.5.3/wagon-file-3.5.3.jar:/home/runner/.m2/repository/io/quarkus/quarkus-bootstrap-gradle-resolver/3.20.1/quarkus-bootstrap-gradle-resolver-3.20.1.jar:/home/runner/.m2/repository/io/smallrye/jandex/3.3.0/jandex-3.3.0.jar:/home/runner/.m2/repository/org/jboss/logging/commons-logging-jboss-logging/1.0.0.Final/commons-logging-jboss-logging-1.0.0.Final.jar:/home/runner/.m2/repository/io/quarkus/quarkus-junit5-config/3.20.1/quarkus-junit5-config-3.20.1.jar:/home/runner/.m2/repository/org/junit/jupiter/junit-jupiter-api/5.12.1/junit-jupiter-api-5.12.1.jar:/home/runner/.m2/repository/io/smallrye/config/smallrye-config/3.11.4/smallrye-config-3.11.4.jar:/home/runner/.m2/repository/io/smallrye/config/smallrye-config-core/3.11.4/smallrye-config-core-3.11.4.jar:/home/runner/.m2/repository/io/smallrye/common/smallrye-common-classloader/2.12.0/smallrye-common-classloader-2.12.0.jar:/home/runner/.m2/repository/io/smallrye/config/smallrye-config-common/3.11.4/smallrye-config-common-3.11.4.jar:/home/runner/.m2/repository/org/junit/jupiter/junit-jupiter/5.12.1/junit-jupiter-5.12.1.jar:/home/runner/.m2/repository/org/junit/jupiter/junit-jupiter-params/5.12.1/junit-jupiter-params-5.12.1.jar:/home/runner/.m2/repository/org/junit/jupiter/junit-jupiter-engine/5.12.1/junit-jupiter-engine-5.12.1.jar:/home/runner/.m2/repository/io/quarkus/quarkus-core/3.20.1/quarkus-core-3.20.1.jar:/home/runner/.m2/repository/jakarta/enterprise/jakarta.enterprise.cdi-api/4.1.0/jakarta.enterprise.cdi-api-4.1.0.jar:/home/runner/.m2/repository/jakarta/enterprise/jakarta.enterprise.lang-model/4.1.0/jakarta.enterprise.lang-model-4.1.0.jar:/home/runner/.m2/repository/jakarta/el/jakarta.el-api/5.0.1/jakarta.el-api-5.0.1.jar:/home/runner/.m2/repository/jakarta/interceptor/jakarta.interceptor-api/2.2.0/jakarta.interceptor-api-2.2.0.jar:/home/runner/.m2/repository/jakarta/inject/jakarta.inject-api/2.0.1/jakarta.inject-api-2.0.1.jar:/home/runner/.m2/repository/io/smallrye/common/smallrye-common-os/2.12.0/smallrye-common-os-2.12.0.jar:/home/runner/.m2/repository/io/quarkus/quarkus-ide-launcher/3.20.1/quarkus-ide-launcher-3.20.1.jar:/home/runner/.m2/repository/io/quarkus/quarkus-development-mode-spi/3.20.1/quarkus-development-mode-spi-3.20.1.jar:/home/runner/.m2/repository/org/jboss/logging/jboss-logging/3.6.1.Final/jboss-logging-3.6.1.Final.jar:/home/runner/.m2/repository/org/jboss/logmanager/jboss-logmanager/3.1.2.Final/jboss-logmanager-3.1.2.Final.jar:/home/runner/.m2/repository/io/smallrye/common/smallrye-common-constraint/2.12.0/smallrye-common-constraint-2.12.0.jar:/home/runner/.m2/repository/io/smallrye/common/smallrye-common-cpu/2.12.0/smallrye-common-cpu-2.12.0.jar:/home/runner/.m2/repository/io/smallrye/common/smallrye-common-expression/2.12.0/smallrye-common-expression-2.12.0.jar:/home/runner/.m2/repository/io/smallrye/common/smallrye-common-net/2.12.0/smallrye-common-net-2.12.0.jar:/home/runner/.m2/repository/io/smallrye/common/smallrye-common-ref/2.12.0/smallrye-common-ref-2.12.0.jar:/home/runner/.m2/repository/jakarta/json/jakarta.json-api/2.1.3/jakarta.json-api-2.1.3.jar:/home/runner/.m2/repository/org/eclipse/parsson/parsson/1.1.7/parsson-1.1.7.jar:/home/runner/.m2/repository/org/jboss/logging/jboss-logging-annotations/3.0.4.Final/jboss-logging-annotations-3.0.4.Final.jar:/home/runner/.m2/repository/org/jboss/threads/jboss-threads/3.8.0.Final/jboss-threads-3.8.0.Final.jar:/home/runner/.m2/repository/io/smallrye/common/smallrye-common-annotation/2.12.0/smallrye-common-annotation-2.12.0.jar:/home/runner/.m2/repository/io/smallrye/common/smallrye-common-function/2.12.0/smallrye-common-function-2.12.0.jar:/home/runner/.m2/repository/org/jboss/slf4j/slf4j-jboss-logmanager/2.0.0.Final/slf4j-jboss-logmanager-2.0.0.Final.jar:/home/runner/.m2/repository/org/wildfly/common/wildfly-common/2.0.1/wildfly-common-2.0.1.jar:/home/runner/.m2/repository/io/quarkus/quarkus-bootstrap-runner/3.20.1/quarkus-bootstrap-runner-3.20.1.jar:/home/runner/.m2/repository/io/github/crac/org-crac/0.1.3/org-crac-0.1.3.jar:/home/runner/.m2/repository/io/quarkus/quarkus-fs-util/0.0.10/quarkus-fs-util-0.0.10.jar:/home/runner/.m2/repository/org/jboss/marshalling/jboss-marshalling/2.2.2.Final/jboss-marshalling-2.2.2.Final.jar:/home/runner/.m2/repository/io/fabric8/kubernetes-client/7.1.0/kubernetes-client-7.1.0.jar:/home/runner/.m2/repository/io/fabric8/kubernetes-client-api/7.1.0/kubernetes-client-api-7.1.0.jar:/home/runner/.m2/repository/io/fabric8/kubernetes-model-core/7.1.0/kubernetes-model-core-7.1.0.jar:/home/runner/.m2/repository/io/fabric8/kubernetes-model-common/7.1.0/kubernetes-model-common-7.1.0.jar:/home/runner/.m2/repository/javax/annotation/javax.annotation-api/1.3.2/javax.annotation-api-1.3.2.jar:/home/runner/.m2/repository/io/fabric8/kubernetes-model-gatewayapi/7.1.0/kubernetes-model-gatewayapi-7.1.0.jar:/home/runner/.m2/repository/io/fabric8/kubernetes-model-resource/7.1.0/kubernetes-model-resource-7.1.0.jar:/home/runner/.m2/repository/io/fabric8/kubernetes-model-rbac/7.1.0/kubernetes-model-rbac-7.1.0.jar:/home/runner/.m2/repository/io/fabric8/kubernetes-model-admissionregistration/7.1.0/kubernetes-model-admissionregistration-7.1.0.jar:/home/runner/.m2/repository/io/fabric8/kubernetes-model-apps/7.1.0/kubernetes-model-apps-7.1.0.jar:/home/runner/.m2/repository/io/fabric8/kubernetes-model-autoscaling/7.1.0/kubernetes-model-autoscaling-7.1.0.jar:/home/runner/.m2/repository/io/fabric8/kubernetes-model-apiextensions/7.1.0/kubernetes-model-apiextensions-7.1.0.jar:/home/runner/.m2/repository/io/fabric8/kubernetes-model-batch/7.1.0/kubernetes-model-batch-7.1.0.jar:/home/runner/.m2/repository/io/fabric8/kubernetes-model-certificates/7.1.0/kubernetes-model-certificates-7.1.0.jar:/home/runner/.m2/repository/io/fabric8/kubernetes-model-coordination/7.1.0/kubernetes-model-coordination-7.1.0.jar:/home/runner/.m2/repository/io/fabric8/kubernetes-model-discovery/7.1.0/kubernetes-model-discovery-7.1.0.jar:/home/runner/.m2/repository/io/fabric8/kubernetes-model-events/7.1.0/kubernetes-model-events-7.1.0.jar:/home/runner/.m2/repository/io/fabric8/kubernetes-model-extensions/7.1.0/kubernetes-model-extensions-7.1.0.jar:/home/runner/.m2/repository/io/fabric8/kubernetes-model-flowcontrol/7.1.0/kubernetes-model-flowcontrol-7.1.0.jar:/home/runner/.m2/repository/io/fabric8/kubernetes-model-networking/7.1.0/kubernetes-model-networking-7.1.0.jar:/home/runner/.m2/repository/io/fabric8/kubernetes-model-metrics/7.1.0/kubernetes-model-metrics-7.1.0.jar:/home/runner/.m2/repository/io/fabric8/kubernetes-model-policy/7.1.0/kubernetes-model-policy-7.1.0.jar:/home/runner/.m2/repository/io/fabric8/kubernetes-model-scheduling/7.1.0/kubernetes-model-scheduling-7.1.0.jar:/home/runner/.m2/repository/io/fabric8/kubernetes-model-storageclass/7.1.0/kubernetes-model-storageclass-7.1.0.jar:/home/runner/.m2/repository/io/fabric8/kubernetes-model-node/7.1.0/kubernetes-model-node-7.1.0.jar:/home/runner/.m2/repository/org/snakeyaml/snakeyaml-engine/2.9/snakeyaml-engine-2.9.jar:/home/runner/.m2/repository/com/fasterxml/jackson/dataformat/jackson-dataformat-yaml/2.15.2/jackson-dataformat-yaml-2.15.2.jar:/home/runner/.m2/repository/com/fasterxml/jackson/datatype/jackson-datatype-jsr310/2.18.2/jackson-datatype-jsr310-2.18.2.jar:/home/runner/.m2/repository/io/fabric8/zjsonpatch/7.1.0/zjsonpatch-7.1.0.jar:/home/runner/.m2/repository/io/fabric8/kubernetes-httpclient-vertx/7.1.0/kubernetes-httpclient-vertx-7.1.0.jar:/home/runner/.m2/repository/io/vertx/vertx-web-client/4.5.14/vertx-web-client-4.5.14.jar:/home/runner/.m2/repository/io/vertx/vertx-web-common/4.5.14/vertx-web-common-4.5.14.jar:/home/runner/.m2/repository/io/vertx/vertx-auth-common/4.5.14/vertx-auth-common-4.5.14.jar:/home/runner/.m2/repository/io/vertx/vertx-uri-template/4.5.14/vertx-uri-template-4.5.14.jar:/home/runner/.m2/repository/io/fabric8/openshift-client/7.1.0/openshift-client-7.1.0.jar:/home/runner/.m2/repository/io/fabric8/openshift-client-api/7.1.0/openshift-client-api-7.1.0.jar:/home/runner/.m2/repository/io/fabric8/openshift-model/7.1.0/openshift-model-7.1.0.jar:/home/runner/.m2/repository/io/fabric8/openshift-model-autoscaling/7.1.0/openshift-model-autoscaling-7.1.0.jar:/home/runner/.m2/repository/io/fabric8/openshift-model-operator/7.1.0/openshift-model-operator-7.1.0.jar:/home/runner/.m2/repository/io/fabric8/openshift-model-operatorhub/7.1.0/openshift-model-operatorhub-7.1.0.jar:/home/runner/.m2/repository/io/fabric8/openshift-model-machine/7.1.0/openshift-model-machine-7.1.0.jar:/home/runner/.m2/repository/io/fabric8/openshift-model-whereabouts/7.1.0/openshift-model-whereabouts-7.1.0.jar:/home/runner/.m2/repository/io/fabric8/openshift-model-monitoring/7.1.0/openshift-model-monitoring-7.1.0.jar:/home/runner/.m2/repository/io/fabric8/openshift-model-storageversionmigrator/7.1.0/openshift-model-storageversionmigrator-7.1.0.jar:/home/runner/.m2/repository/io/fabric8/openshift-model-tuned/7.1.0/openshift-model-tuned-7.1.0.jar:/home/runner/.m2/repository/io/fabric8/openshift-model-console/7.1.0/openshift-model-console-7.1.0.jar:/home/runner/.m2/repository/io/fabric8/openshift-model-config/7.1.0/openshift-model-config-7.1.0.jar:/home/runner/.m2/repository/io/fabric8/openshift-model-machineconfiguration/7.1.0/openshift-model-machineconfiguration-7.1.0.jar:/home/runner/.m2/repository/io/fabric8/openshift-model-miscellaneous/7.1.0/openshift-model-miscellaneous-7.1.0.jar:/home/runner/.m2/repository/io/fabric8/openshift-model-hive/7.1.0/openshift-model-hive-7.1.0.jar:/home/runner/.m2/repository/io/fabric8/openshift-model-installer/7.1.0/openshift-model-installer-7.1.0.jar:/home/runner/.m2/repository/org/junit/platform/junit-platform-launcher/1.12.1/junit-platform-launcher-1.12.1.jar:/home/runner/.m2/repository/org/junit/platform/junit-platform-engine/1.12.1/junit-platform-engine-1.12.1.jar:/home/runner/.m2/repository/org/opentest4j/opentest4j/1.3.0/opentest4j-1.3.0.jar:/home/runner/.m2/repository/org/junit/platform/junit-platform-commons/1.12.1/junit-platform-commons-1.12.1.jar:/home/runner/.m2/repository/org/apiguardian/apiguardian-api/1.1.2/apiguardian-api-1.1.2.jar:/home/runner/.m2/repository/jakarta/ws/rs/jakarta.ws.rs-api/3.1.0/jakarta.ws.rs-api-3.1.0.jar:/home/runner/work/apicurio-testing/apicurio-testing/clusters/ci419/namespaces/kafkasql/tests/integration/apicurio-registry/java-sdk/target/apicurio-registry-java-sdk-3.0.11-SNAPSHOT.jar:/home/runner/.m2/repository/com/microsoft/kiota/microsoft-kiota-abstractions/1.8.8/microsoft-kiota-abstractions-1.8.8.jar:/home/runner/.m2/repository/io/github/std-uritemplate/std-uritemplate/2.0.0/std-uritemplate-2.0.0.jar:/home/runner/.m2/repository/io/kiota/kiota-http-jdk/0.0.21/kiota-http-jdk-0.0.21.jar:/home/runner/.m2/repository/io/kiota/kiota-http-vertx/0.0.21/kiota-http-vertx-0.0.21.jar:/home/runner/.m2/repository/io/kiota/kiota-serialization-jackson/0.0.21/kiota-serialization-jackson-0.0.21.jar:/home/runner/.m2/repository/com/microsoft/kiota/microsoft-kiota-serialization-text/1.8.8/microsoft-kiota-serialization-text-1.8.8.jar:/home/runner/.m2/repository/com/microsoft/kiota/microsoft-kiota-serialization-form/1.8.8/microsoft-kiota-serialization-form-1.8.8.jar:/home/runner/.m2/repository/com/microsoft/kiota/microsoft-kiota-serialization-multipart/1.8.8/microsoft-kiota-serialization-multipart-1.8.8.jar:/home/runner/.m2/repository/jakarta/annotation/jakarta.annotation-api/3.0.0/jakarta.annotation-api-3.0.0.jar:/home/runner/.m2/repository/io/vertx/vertx-auth-oauth2/4.5.14/vertx-auth-oauth2-4.5.14.jar:/home/runner/work/apicurio-testing/apicurio-testing/clusters/ci419/namespaces/kafkasql/tests/integration/apicurio-registry/java-sdk-v2/target/apicurio-registry-v2-java-sdk-3.0.11-SNAPSHOT.jar:/home/runner/work/apicurio-testing/apicurio-testing/clusters/ci419/namespaces/kafkasql/tests/integration/apicurio-registry/utils/kafka/target/apicurio-registry-utils-kafka-3.0.11-SNAPSHOT-tests.jar:/home/runner/.m2/repository/org/eclipse/microprofile/config/microprofile-config-api/3.1/microprofile-config-api-3.1.jar:/home/runner/.m2/repository/org/apache/kafka/kafka-clients/3.9.1/kafka-clients-3.9.1.jar:/home/runner/.m2/repository/com/github/luben/zstd-jni/1.5.6-4/zstd-jni-1.5.6-4.jar:/home/runner/.m2/repository/org/lz4/lz4-java/1.8.0/lz4-java-1.8.0.jar:/home/runner/.m2/repository/org/xerial/snappy/snappy-java/1.1.10.5/snappy-java-1.1.10.5.jar:/home/runner/.m2/repository/org/slf4j/slf4j-api/2.0.6/slf4j-api-2.0.6.jar:/home/runner/work/apicurio-testing/apicurio-testing/clusters/ci419/namespaces/kafkasql/tests/integration/apicurio-registry/utils/tests/target/apicurio-registry-utils-tests-3.0.11-SNAPSHOT.jar:/home/runner/work/apicurio-testing/apicurio-testing/clusters/ci419/namespaces/kafkasql/tests/integration/apicurio-registry/common/target/apicurio-registry-common-3.0.11-SNAPSHOT.jar:/home/runner/.m2/repository/jakarta/validation/jakarta.validation-api/3.0.2/jakarta.validation-api-3.0.2.jar:/home/runner/.m2/repository/com/github/dasniko/testcontainers-keycloak/3.6.0/testcontainers-keycloak-3.6.0.jar:/home/runner/.m2/repository/org/testcontainers/testcontainers/1.20.6/testcontainers-1.20.6.jar:/home/runner/.m2/repository/org/rnorth/duct-tape/duct-tape/1.0.8/duct-tape-1.0.8.jar:/home/runner/.m2/repository/org/jetbrains/annotations/26.0.2/annotations-26.0.2.jar:/home/runner/.m2/repository/com/github/docker-java/docker-java-transport-zerodep/3.4.1/docker-java-transport-zerodep-3.4.1.jar:/home/runner/.m2/repository/com/github/docker-java/docker-java-transport/3.4.1/docker-java-transport-3.4.1.jar:/home/runner/.m2/repository/net/java/dev/jna/jna/5.8.0/jna-5.8.0.jar:/home/runner/.m2/repository/io/quarkus/quarkus-junit4-mock/3.20.1/quarkus-junit4-mock-3.20.1.jar:/home/runner/.m2/repository/org/jboss/shrinkwrap/shrinkwrap-api/2.0.0-beta-2/shrinkwrap-api-2.0.0-beta-2.jar:/home/runner/.m2/repository/org/jboss/shrinkwrap/shrinkwrap-impl-base/2.0.0-beta-2/shrinkwrap-impl-base-2.0.0-beta-2.jar:/home/runner/.m2/repository/org/jboss/shrinkwrap/shrinkwrap-spi/2.0.0-beta-2/shrinkwrap-spi-2.0.0-beta-2.jar:/home/runner/.m2/repository/org/keycloak/keycloak-admin-client/26.0.4/keycloak-admin-client-26.0.4.jar:/home/runner/.m2/repository/org/keycloak/keycloak-client-common-synced/26.0.4/keycloak-client-common-synced-26.0.4.jar:/home/runner/.m2/repository/jakarta/activation/jakarta.activation-api/2.1.3/jakarta.activation-api-2.1.3.jar:/home/runner/.m2/repository/org/eclipse/microprofile/openapi/microprofile-openapi-api/4.0.2/microprofile-openapi-api-4.0.2.jar:/home/runner/.m2/repository/org/jboss/resteasy/resteasy-client/6.2.12.Final/resteasy-client-6.2.12.Final.jar:/home/runner/.m2/repository/org/jboss/resteasy/resteasy-client-api/6.2.12.Final/resteasy-client-api-6.2.12.Final.jar:/home/runner/.m2/repository/org/jboss/resteasy/resteasy-core-spi/6.2.12.Final/resteasy-core-spi-6.2.12.Final.jar:/home/runner/.m2/repository/org/jboss/resteasy/resteasy-core/6.2.12.Final/resteasy-core-6.2.12.Final.jar:/home/runner/.m2/repository/org/eclipse/angus/angus-activation/2.0.2/angus-activation-2.0.2.jar:/home/runner/.m2/repository/com/ibm/async/asyncutil/0.1.0/asyncutil-0.1.0.jar:/home/runner/.m2/repository/org/reactivestreams/reactive-streams/1.0.4/reactive-streams-1.0.4.jar:/home/runner/.m2/repository/org/jboss/resteasy/resteasy-multipart-provider/6.2.12.Final/resteasy-multipart-provider-6.2.12.Final.jar:/home/runner/.m2/repository/jakarta/mail/jakarta.mail-api/2.1.3/jakarta.mail-api-2.1.3.jar:/home/runner/.m2/repository/org/eclipse/angus/angus-mail/2.0.3/angus-mail-2.0.3.jar:/home/runner/.m2/repository/org/apache/james/apache-mime4j-dom/0.8.12/apache-mime4j-dom-0.8.12.jar:/home/runner/.m2/repository/org/apache/james/apache-mime4j-core/0.8.12/apache-mime4j-core-0.8.12.jar:/home/runner/.m2/repository/org/apache/james/apache-mime4j-storage/0.8.12/apache-mime4j-storage-0.8.12.jar:/home/runner/.m2/repository/org/jboss/resteasy/resteasy-jackson2-provider/6.2.12.Final/resteasy-jackson2-provider-6.2.12.Final.jar:/home/runner/.m2/repository/com/fasterxml/jackson/jakarta/rs/jackson-jakarta-rs-base/2.18.2/jackson-jakarta-rs-base-2.18.2.jar:/home/runner/.m2/repository/com/fasterxml/jackson/jakarta/rs/jackson-jakarta-rs-json-provider/2.18.2/jackson-jakarta-rs-json-provider-2.18.2.jar:/home/runner/.m2/repository/com/fasterxml/jackson/module/jackson-module-jakarta-xmlbind-annotations/2.18.2/jackson-module-jakarta-xmlbind-annotations-2.18.2.jar:/home/runner/.m2/repository/com/github/java-json-tools/json-patch/1.13/json-patch-1.13.jar:/home/runner/.m2/repository/com/github/java-json-tools/msg-simple/1.2/msg-simple-1.2.jar:/home/runner/.m2/repository/com/github/java-json-tools/btf/1.3/btf-1.3.jar:/home/runner/.m2/repository/com/github/java-json-tools/jackson-coreutils/2.0/jackson-coreutils-2.0.jar:/home/runner/.m2/repository/org/jboss/resteasy/resteasy-jaxb-provider/6.2.12.Final/resteasy-jaxb-provider-6.2.12.Final.jar:/home/runner/.m2/repository/org/glassfish/jaxb/codemodel/4.0.5/codemodel-4.0.5.jar:/home/runner/.m2/repository/org/glassfish/jaxb/jaxb-core/4.0.5/jaxb-core-4.0.5.jar:/home/runner/.m2/repository/org/glassfish/jaxb/jaxb-jxc/4.0.5/jaxb-jxc-4.0.5.jar:/home/runner/.m2/repository/org/glassfish/jaxb/jaxb-runtime/4.0.5/jaxb-runtime-4.0.5.jar:/home/runner/.m2/repository/org/glassfish/jaxb/txw2/4.0.5/txw2-4.0.5.jar:/home/runner/.m2/repository/org/glassfish/jaxb/jaxb-xjc/4.0.5/jaxb-xjc-4.0.5.jar:/home/runner/.m2/repository/org/glassfish/jaxb/xsom/4.0.5/xsom-4.0.5.jar:/home/runner/.m2/repository/com/sun/istack/istack-commons-runtime/4.1.2/istack-commons-runtime-4.1.2.jar:/home/runner/.m2/repository/com/sun/istack/istack-commons-tools/4.1.2/istack-commons-tools-4.1.2.jar:/home/runner/.m2/repository/com/sun/xml/bind/external/relaxng-datatype/4.0.5/relaxng-datatype-4.0.5.jar:/home/runner/.m2/repository/com/sun/xml/bind/external/rngom/4.0.5/rngom-4.0.5.jar:/home/runner/.m2/repository/org/testcontainers/mssqlserver/1.20.6/mssqlserver-1.20.6.jar:/home/runner/.m2/repository/org/testcontainers/jdbc/1.20.6/jdbc-1.20.6.jar:/home/runner/.m2/repository/org/testcontainers/database-commons/1.20.6/database-commons-1.20.6.jar:/home/runner/.m2/repository/org/testcontainers/mysql/1.20.6/mysql-1.20.6.jar:/home/runner/.m2/repository/io/strimzi/strimzi-test-container/0.107.0/strimzi-test-container-0.107.0.jar:/home/runner/.m2/repository/org/testcontainers/toxiproxy/1.20.6/toxiproxy-1.20.6.jar:/home/runner/.m2/repository/com/github/docker-java/docker-java-api/3.4.1/docker-java-api-3.4.1.jar:/home/runner/.m2/repository/eu/rekawek/toxiproxy/toxiproxy-java/2.1.7/toxiproxy-java-2.1.7.jar:/home/runner/.m2/repository/junit/junit/4.13.2/junit-4.13.2.jar:/home/runner/.m2/repository/org/hamcrest/hamcrest-core/1.3/hamcrest-core-1.3.jar:/home/runner/.m2/repository/org/testcontainers/pulsar/1.20.4/pulsar-1.20.4.jar:/home/runner/.m2/repository/io/debezium/debezium-testing-testcontainers/2.6.2.Final/debezium-testing-testcontainers-2.6.2.Final.jar:/home/runner/.m2/repository/org/testcontainers/kafka/1.20.6/kafka-1.20.6.jar:/home/runner/.m2/repository/com/squareup/okhttp3/okhttp/4.8.1/okhttp-4.8.1.jar:/home/runner/.m2/repository/com/squareup/okio/okio/3.10.2/okio-3.10.2.jar:/home/runner/.m2/repository/com/squareup/okio/okio-jvm/3.10.2/okio-jvm-3.10.2.jar:/home/runner/.m2/repository/org/jetbrains/kotlin/kotlin-stdlib/2.0.21/kotlin-stdlib-2.0.21.jar:/home/runner/.m2/repository/org/awaitility/awaitility/4.2.2/awaitility-4.2.2.jar:/home/runner/.m2/repository/org/testcontainers/mongodb/1.20.6/mongodb-1.20.6.jar:/home/runner/.m2/repository/org/testcontainers/oracle-xe/1.20.6/oracle-xe-1.20.6.jar:/home/runner/.m2/repository/org/testcontainers/postgresql/1.20.6/postgresql-1.20.6.jar:/home/runner/.m2/repository/org/wiremock/wiremock/3.0.1/wiremock-3.0.1.jar:/home/runner/.m2/repository/org/eclipse/jetty/jetty-server/11.0.15/jetty-server-11.0.15.jar:/home/runner/.m2/repository/org/eclipse/jetty/toolchain/jetty-jakarta-servlet-api/5.0.2/jetty-jakarta-servlet-api-5.0.2.jar:/home/runner/.m2/repository/org/eclipse/jetty/jetty-http/11.0.15/jetty-http-11.0.15.jar:/home/runner/.m2/repository/org/eclipse/jetty/jetty-io/11.0.15/jetty-io-11.0.15.jar:/home/runner/.m2/repository/org/eclipse/jetty/jetty-servlet/11.0.15/jetty-servlet-11.0.15.jar:/home/runner/.m2/repository/org/eclipse/jetty/jetty-security/11.0.15/jetty-security-11.0.15.jar:/home/runner/.m2/repository/org/eclipse/jetty/jetty-servlets/11.0.15/jetty-servlets-11.0.15.jar:/home/runner/.m2/repository/org/eclipse/jetty/jetty-util/11.0.15/jetty-util-11.0.15.jar:/home/runner/.m2/repository/org/eclipse/jetty/jetty-webapp/11.0.15/jetty-webapp-11.0.15.jar:/home/runner/.m2/repository/org/eclipse/jetty/jetty-xml/11.0.15/jetty-xml-11.0.15.jar:/home/runner/.m2/repository/org/eclipse/jetty/jetty-proxy/11.0.15/jetty-proxy-11.0.15.jar:/home/runner/.m2/repository/org/eclipse/jetty/jetty-client/11.0.15/jetty-client-11.0.15.jar:/home/runner/.m2/repository/org/eclipse/jetty/http2/http2-server/11.0.15/http2-server-11.0.15.jar:/home/runner/.m2/repository/org/eclipse/jetty/http2/http2-common/11.0.15/http2-common-11.0.15.jar:/home/runner/.m2/repository/org/eclipse/jetty/http2/http2-hpack/11.0.15/http2-hpack-11.0.15.jar:/home/runner/.m2/repository/org/eclipse/jetty/jetty-alpn-server/11.0.15/jetty-alpn-server-11.0.15.jar:/home/runner/.m2/repository/org/eclipse/jetty/jetty-alpn-java-server/11.0.15/jetty-alpn-java-server-11.0.15.jar:/home/runner/.m2/repository/org/eclipse/jetty/jetty-alpn-java-client/11.0.15/jetty-alpn-java-client-11.0.15.jar:/home/runner/.m2/repository/org/eclipse/jetty/jetty-alpn-client/11.0.15/jetty-alpn-client-11.0.15.jar:/home/runner/.m2/repository/org/apache/httpcomponents/client5/httpclient5/5.2.1/httpclient5-5.2.1.jar:/home/runner/.m2/repository/org/apache/httpcomponents/core5/httpcore5/5.2/httpcore5-5.2.jar:/home/runner/.m2/repository/org/apache/httpcomponents/core5/httpcore5-h2/5.2/httpcore5-h2-5.2.jar:/home/runner/.m2/repository/org/xmlunit/xmlunit-core/2.9.1/xmlunit-core-2.9.1.jar:/home/runner/.m2/repository/jakarta/xml/bind/jakarta.xml.bind-api/4.0.2/jakarta.xml.bind-api-4.0.2.jar:/home/runner/.m2/repository/org/xmlunit/xmlunit-legacy/2.9.1/xmlunit-legacy-2.9.1.jar:/home/runner/.m2/repository/org/xmlunit/xmlunit-placeholders/2.9.1/xmlunit-placeholders-2.9.1.jar:/home/runner/.m2/repository/net/javacrumbs/json-unit/json-unit-core/2.38.0/json-unit-core-2.38.0.jar:/home/runner/.m2/repository/com/jayway/jsonpath/json-path/2.8.0/json-path-2.8.0.jar:/home/runner/.m2/repository/net/minidev/json-smart/2.4.10/json-smart-2.4.10.jar:/home/runner/.m2/repository/net/minidev/accessors-smart/2.4.9/accessors-smart-2.4.9.jar:/home/runner/.m2/repository/org/ow2/asm/asm/9.7.1/asm-9.7.1.jar:/home/runner/.m2/repository/net/sf/jopt-simple/jopt-simple/5.0.4/jopt-simple-5.0.4.jar:/home/runner/.m2/repository/com/github/jknack/handlebars/4.3.1/handlebars-4.3.1.jar:/home/runner/.m2/repository/com/github/jknack/handlebars-helpers/4.3.1/handlebars-helpers-4.3.1.jar:/home/runner/.m2/repository/commons-fileupload/commons-fileupload/1.5/commons-fileupload-1.5.jar:/home/runner/.m2/repository/com/networknt/json-schema-validator/1.5.5/json-schema-validator-1.5.5.jar:/home/runner/.m2/repository/com/ethlo/time/itu/1.10.3/itu-1.10.3.jar:/home/runner/.m2/repository/io/quarkus/quarkus-smallrye-jwt-build/3.20.1/quarkus-smallrye-jwt-build-3.20.1.jar:/home/runner/.m2/repository/io/smallrye/smallrye-jwt-build/4.6.1/smallrye-jwt-build-4.6.1.jar:/home/runner/.m2/repository/org/eclipse/microprofile/jwt/microprofile-jwt-auth-api/2.1/microprofile-jwt-auth-api-2.1.jar:/home/runner/.m2/repository/org/bitbucket/b_c/jose4j/0.9.6/jose4j-0.9.6.jar:/home/runner/.m2/repository/io/smallrye/smallrye-jwt-common/4.6.1/smallrye-jwt-common-4.6.1.jar:/home/runner/.m2/repository/io/quarkus/quarkus-jsonp/3.20.1/quarkus-jsonp-3.20.1.jar:/home/runner/.m2/repository/io/quarkus/quarkus-arc/3.20.1/quarkus-arc-3.20.1.jar:/home/runner/.m2/repository/io/quarkus/arc/arc/3.20.1/arc-3.20.1.jar:/home/runner/.m2/repository/jakarta/transaction/jakarta.transaction-api/2.0.1/jakarta.transaction-api-2.0.1.jar:/home/runner/.m2/repository/io/smallrye/reactive/mutiny/2.8.0/mutiny-2.8.0.jar:/home/runner/.m2/repository/org/jctools/jctools-core/4.0.5/jctools-core-4.0.5.jar:/home/runner/.m2/repository/org/eclipse/microprofile/context-propagation/microprofile-context-propagation-api/1.3/microprofile-context-propagation-api-1.3.jar:/home/runner/.m2/repository/io/apicurio/apicurio-common-rest-client-common/0.1.18.Final/apicurio-common-rest-client-common-0.1.18.Final.jar:/home/runner/work/apicurio-testing/apicurio-testing/clusters/ci419/namespaces/kafkasql/tests/integration/apicurio-registry/utils/maven-plugin/target/apicurio-registry-maven-plugin-3.0.11-SNAPSHOT.jar:/home/runner/.m2/repository/com/fasterxml/jackson/core/jackson-databind/2.18.2/jackson-databind-2.18.2.jar:/home/runner/.m2/repository/org/apache/avro/avro/1.12.0/avro-1.12.0.jar:/home/runner/.m2/repository/com/google/protobuf/protobuf-java/4.31.1/protobuf-java-4.31.1.jar:/home/runner/.m2/repository/com/google/protobuf/protobuf-java-util/4.31.1/protobuf-java-util-4.31.1.jar:/home/runner/.m2/repository/com/google/code/findbugs/jsr305/3.0.2/jsr305-3.0.2.jar:/home/runner/.m2/repository/com/google/code/gson/gson/2.12.1/gson-2.12.1.jar:/home/runner/.m2/repository/com/google/errorprone/error_prone_annotations/2.36.0/error_prone_annotations-2.36.0.jar:/home/runner/.m2/repository/com/google/j2objc/j2objc-annotations/2.8/j2objc-annotations-2.8.jar:/home/runner/work/apicurio-testing/apicurio-testing/clusters/ci419/namespaces/kafkasql/tests/integration/apicurio-registry/schema-util/util-provider/target/apicurio-registry-schema-util-provider-3.0.11-SNAPSHOT.jar:/home/runner/work/apicurio-testing/apicurio-testing/clusters/ci419/namespaces/kafkasql/tests/integration/apicurio-registry/schema-util/common/target/apicurio-registry-schema-util-common-3.0.11-SNAPSHOT.jar:/home/runner/.m2/repository/com/fasterxml/jackson/module/jackson-module-parameter-names/2.18.2/jackson-module-parameter-names-2.18.2.jar:/home/runner/.m2/repository/com/fasterxml/jackson/datatype/jackson-datatype-json-org/2.18.2/jackson-datatype-json-org-2.18.2.jar:/home/runner/work/apicurio-testing/apicurio-testing/clusters/ci419/namespaces/kafkasql/tests/integration/apicurio-registry/schema-util/json/target/apicurio-registry-schema-util-json-3.0.11-SNAPSHOT.jar:/home/runner/.m2/repository/com/github/erosb/everit-json-schema/1.14.5/everit-json-schema-1.14.5.jar:/home/runner/.m2/repository/commons-validator/commons-validator/1.9.0/commons-validator-1.9.0.jar:/home/runner/.m2/repository/commons-digester/commons-digester/2.1/commons-digester-2.1.jar:/home/runner/.m2/repository/commons-collections/commons-collections/3.2.2/commons-collections-3.2.2.jar:/home/runner/.m2/repository/com/damnhandy/handy-uri-templates/2.1.8/handy-uri-templates-2.1.8.jar:/home/runner/.m2/repository/joda-time/joda-time/2.10.2/joda-time-2.10.2.jar:/home/runner/.m2/repository/com/github/erosb/json-sKema/0.20.0/json-sKema-0.20.0.jar:/home/runner/.m2/repository/io/vertx/vertx-json-schema/4.5.14/vertx-json-schema-4.5.14.jar:/home/runner/work/apicurio-testing/apicurio-testing/clusters/ci419/namespaces/kafkasql/tests/integration/apicurio-registry/schema-util/protobuf/target/apicurio-registry-schema-util-protobuf-3.0.11-SNAPSHOT.jar:/home/runner/work/apicurio-testing/apicurio-testing/clusters/ci419/namespaces/kafkasql/tests/integration/apicurio-registry/utils/protobuf-schema-utilities/target/apicurio-registry-protobuf-schema-utilities-3.0.11-SNAPSHOT.jar:/home/runner/.m2/repository/com/google/api/grpc/proto-google-common-protos/2.52.0/proto-google-common-protos-2.52.0.jar:/home/runner/.m2/repository/com/squareup/wire/wire-schema-jvm/5.3.3/wire-schema-jvm-5.3.3.jar:/home/runner/.m2/repository/com/palantir/javapoet/javapoet/0.6.0/javapoet-0.6.0.jar:/home/runner/.m2/repository/com/squareup/kotlinpoet-jvm/2.0.0/kotlinpoet-jvm-2.0.0.jar:/home/runner/.m2/repository/org/jetbrains/kotlin/kotlin-reflect/2.0.21/kotlin-reflect-2.0.21.jar:/home/runner/.m2/repository/com/squareup/wire/wire-runtime-jvm/5.3.3/wire-runtime-jvm-5.3.3.jar:/home/runner/.m2/repository/com/ibm/icu/icu4j/76.1/icu4j-76.1.jar:/home/runner/.m2/repository/com/squareup/okio/okio-fakefilesystem/3.10.2/okio-fakefilesystem-3.10.2.jar:/home/runner/.m2/repository/com/squareup/okio/okio-fakefilesystem-jvm/3.10.2/okio-fakefilesystem-jvm-3.10.2.jar:/home/runner/.m2/repository/org/jetbrains/kotlinx/kotlinx-datetime-jvm/0.6.1/kotlinx-datetime-jvm-0.6.1.jar:/home/runner/work/apicurio-testing/apicurio-testing/clusters/ci419/namespaces/kafkasql/tests/integration/apicurio-registry/schema-util/asyncapi/target/apicurio-registry-schema-util-asyncapi-3.0.11-SNAPSHOT.jar:/home/runner/work/apicurio-testing/apicurio-testing/clusters/ci419/namespaces/kafkasql/tests/integration/apicurio-registry/schema-util/avro/target/apicurio-registry-schema-util-avro-3.0.11-SNAPSHOT.jar:/home/runner/work/apicurio-testing/apicurio-testing/clusters/ci419/namespaces/kafkasql/tests/integration/apicurio-registry/schema-util/graphql/target/apicurio-registry-schema-util-graphql-3.0.11-SNAPSHOT.jar:/home/runner/.m2/repository/com/graphql-java/graphql-java/22.3/graphql-java-22.3.jar:/home/runner/.m2/repository/com/graphql-java/java-dataloader/3.3.0/java-dataloader-3.3.0.jar:/home/runner/work/apicurio-testing/apicurio-testing/clusters/ci419/namespaces/kafkasql/tests/integration/apicurio-registry/schema-util/kconnect/target/apicurio-registry-schema-util-kconnect-3.0.11-SNAPSHOT.jar:/home/runner/work/apicurio-testing/apicurio-testing/clusters/ci419/namespaces/kafkasql/tests/integration/apicurio-registry/schema-util/openapi/target/apicurio-registry-schema-util-openapi-3.0.11-SNAPSHOT.jar:/home/runner/.m2/repository/io/apicurio/apicurio-data-models/2.2.1/apicurio-data-models-2.2.1.jar:/home/runner/.m2/repository/org/openapitools/openapidiff/openapi-diff-core/2.1.2/openapi-diff-core-2.1.2.jar:/home/runner/.m2/repository/io/swagger/parser/v3/swagger-parser/2.1.28/swagger-parser-2.1.28.jar:/home/runner/.m2/repository/io/swagger/parser/v3/swagger-parser-v2-converter/2.1.28/swagger-parser-v2-converter-2.1.28.jar:/home/runner/.m2/repository/io/swagger/swagger-core/1.6.16/swagger-core-1.6.16.jar:/home/runner/.m2/repository/io/swagger/swagger-models/1.6.16/swagger-models-1.6.16.jar:/home/runner/.m2/repository/io/swagger/swagger-annotations/1.6.16/swagger-annotations-1.6.16.jar:/home/runner/.m2/repository/io/swagger/swagger-parser/1.0.75/swagger-parser-1.0.75.jar:/home/runner/.m2/repository/io/swagger/swagger-parser-safe-url-resolver/1.0.75/swagger-parser-safe-url-resolver-1.0.75.jar:/home/runner/.m2/repository/io/swagger/swagger-compat-spec-parser/1.0.75/swagger-compat-spec-parser-1.0.75.jar:/home/runner/.m2/repository/com/github/java-json-tools/json-schema-validator/2.2.14/json-schema-validator-2.2.14.jar:/home/runner/.m2/repository/com/github/java-json-tools/jackson-coreutils-equivalence/1.0/jackson-coreutils-equivalence-1.0.jar:/home/runner/.m2/repository/com/github/java-json-tools/json-schema-core/1.2.14/json-schema-core-1.2.14.jar:/home/runner/.m2/repository/com/github/java-json-tools/uri-template/0.10/uri-template-0.10.jar:/home/runner/.m2/repository/com/googlecode/libphonenumber/libphonenumber/8.11.1/libphonenumber-8.11.1.jar:/home/runner/.m2/repository/com/j2html/j2html/1.6.0/j2html-1.6.0.jar:/home/runner/.m2/repository/org/apache/commons/commons-collections4/4.5.0/commons-collections4-4.5.0.jar:/home/runner/.m2/repository/org/apache/commons/commons-configuration2/2.12.0/commons-configuration2-2.12.0.jar:/home/runner/.m2/repository/org/apache/commons/commons-text/1.13.0/commons-text-1.13.0.jar:/home/runner/.m2/repository/org/slf4j/jcl-over-slf4j/2.0.17/jcl-over-slf4j-2.0.17.jar:/home/runner/.m2/repository/io/swagger/parser/v3/swagger-parser-v3/2.1.30/swagger-parser-v3-2.1.30.jar:/home/runner/.m2/repository/io/swagger/core/v3/swagger-models/2.2.34/swagger-models-2.2.34.jar:/home/runner/.m2/repository/io/swagger/core/v3/swagger-core/2.2.34/swagger-core-2.2.34.jar:/home/runner/.m2/repository/io/swagger/parser/v3/swagger-parser-core/2.1.30/swagger-parser-core-2.1.30.jar:/home/runner/.m2/repository/io/swagger/parser/v3/swagger-parser-safe-url-resolver/2.1.30/swagger-parser-safe-url-resolver-2.1.30.jar:/home/runner/work/apicurio-testing/apicurio-testing/clusters/ci419/namespaces/kafkasql/tests/integration/apicurio-registry/schema-util/wsdl/target/apicurio-registry-schema-util-wsdl-3.0.11-SNAPSHOT.jar:/home/runner/.m2/repository/wsdl4j/wsdl4j/1.6.3/wsdl4j-1.6.3.jar:/home/runner/work/apicurio-testing/apicurio-testing/clusters/ci419/namespaces/kafkasql/tests/integration/apicurio-registry/schema-util/xml/target/apicurio-registry-schema-util-xml-3.0.11-SNAPSHOT.jar:/home/runner/.m2/repository/org/apache/santuario/xmlsec/4.0.3/xmlsec-4.0.3.jar:/home/runner/.m2/repository/com/fasterxml/woodstox/woodstox-core/7.1.0/woodstox-core-7.1.0.jar:/home/runner/.m2/repository/org/codehaus/woodstox/stax2-api/4.2.2/stax2-api-4.2.2.jar:/home/runner/work/apicurio-testing/apicurio-testing/clusters/ci419/namespaces/kafkasql/tests/integration/apicurio-registry/schema-util/xsd/target/apicurio-registry-schema-util-xsd-3.0.11-SNAPSHOT.jar:/home/runner/work/apicurio-testing/apicurio-testing/clusters/ci419/namespaces/kafkasql/tests/integration/apicurio-registry/serdes/kafka/jsonschema-serde/target/apicurio-registry-jsonschema-serde-kafka-3.0.11-SNAPSHOT.jar:/home/runner/work/apicurio-testing/apicurio-testing/clusters/ci419/namespaces/kafkasql/tests/integration/apicurio-registry/serdes/kafka/serde-kafka-common/target/apicurio-registry-serde-kafka-common-3.0.11-SNAPSHOT.jar:/home/runner/work/apicurio-testing/apicurio-testing/clusters/ci419/namespaces/kafkasql/tests/integration/apicurio-registry/serdes/generic/serde-common/target/apicurio-registry-serde-common-3.0.11-SNAPSHOT.jar:/home/runner/work/apicurio-testing/apicurio-testing/clusters/ci419/namespaces/kafkasql/tests/integration/apicurio-registry/serdes/generic/serde-common-jsonschema/target/apicurio-registry-serde-common-jsonschema-3.0.11-SNAPSHOT.jar:/home/runner/.m2/repository/org/json/json/20250107/json-20250107.jar:/home/runner/work/apicurio-testing/apicurio-testing/clusters/ci419/namespaces/kafkasql/tests/integration/apicurio-registry/serdes/kafka/avro-serde/target/apicurio-registry-avro-serde-kafka-3.0.11-SNAPSHOT.jar:/home/runner/work/apicurio-testing/apicurio-testing/clusters/ci419/namespaces/kafkasql/tests/integration/apicurio-registry/serdes/generic/serde-common-avro/target/apicurio-registry-serde-common-avro-3.0.11-SNAPSHOT.jar:/home/runner/work/apicurio-testing/apicurio-testing/clusters/ci419/namespaces/kafkasql/tests/integration/apicurio-registry/serdes/kafka/protobuf-serde/target/apicurio-registry-protobuf-serde-kafka-3.0.11-SNAPSHOT.jar:/home/runner/work/apicurio-testing/apicurio-testing/clusters/ci419/namespaces/kafkasql/tests/integration/apicurio-registry/serdes/generic/serde-common-protobuf/target/apicurio-registry-serde-common-protobuf-3.0.11-SNAPSHOT.jar:/home/runner/.m2/repository/com/squareup/wire/wire-schema/5.3.3/wire-schema-5.3.3.jar:/home/runner/.m2/repository/com/squareup/wire/wire-runtime/5.3.3/wire-runtime-5.3.3.jar:/home/runner/work/apicurio-testing/apicurio-testing/clusters/ci419/namespaces/kafkasql/tests/integration/apicurio-registry/serdes/pulsar/avro-serde/target/apicurio-registry-avro-serde-pulsar-3.0.11-SNAPSHOT.jar:/home/runner/.m2/repository/org/apache/pulsar/pulsar-functions-api/3.3.4/pulsar-functions-api-3.3.4.jar:/home/runner/work/apicurio-testing/apicurio-testing/clusters/ci419/namespaces/kafkasql/tests/integration/apicurio-registry/serdes/nats/avro-serde/target/apicurio-registry-avro-serde-nats-3.0.11-SNAPSHOT.jar:/home/runner/.m2/repository/io/nats/jnats/2.20.5/jnats-2.20.5.jar:/home/runner/.m2/repository/net/i2p/crypto/eddsa/0.3.0/eddsa-0.3.0.jar:/home/runner/work/apicurio-testing/apicurio-testing/clusters/ci419/namespaces/kafkasql/tests/integration/apicurio-registry/utils/converter/target/apicurio-registry-utils-converter-3.0.11-SNAPSHOT.jar:/home/runner/work/apicurio-testing/apicurio-testing/clusters/ci419/namespaces/kafkasql/tests/integration/apicurio-registry/schema-resolver/target/apicurio-registry-schema-resolver-3.0.11-SNAPSHOT.jar:/home/runner/.m2/repository/org/apache/kafka/connect-api/3.9.1/connect-api-3.9.1.jar:/home/runner/.m2/repository/javax/ws/rs/javax.ws.rs-api/2.1.1/javax.ws.rs-api-2.1.1.jar:/home/runner/.m2/repository/org/apache/kafka/connect-json/3.9.1/connect-json-3.9.1.jar:/home/runner/.m2/repository/com/fasterxml/jackson/datatype/jackson-datatype-jdk8/2.18.2/jackson-datatype-jdk8-2.18.2.jar:/home/runner/.m2/repository/com/fasterxml/jackson/module/jackson-module-afterburner/2.18.2/jackson-module-afterburner-2.18.2.jar:/home/runner/work/apicurio-testing/apicurio-testing/clusters/ci419/namespaces/kafkasql/tests/integration/apicurio-registry/utils/kafka/target/apicurio-registry-utils-kafka-3.0.11-SNAPSHOT.jar:/home/runner/.m2/repository/org/apache/pulsar/pulsar-client/3.3.4/pulsar-client-3.3.4.jar:/home/runner/.m2/repository/org/apache/pulsar/pulsar-client-api/3.3.4/pulsar-client-api-3.3.4.jar:/home/runner/.m2/repository/org/apache/pulsar/pulsar-client-admin-api/3.3.4/pulsar-client-admin-api-3.3.4.jar:/home/runner/.m2/repository/org/apache/pulsar/bouncy-castle-bc/3.3.4/bouncy-castle-bc-3.3.4-pkg.jar:/home/runner/.m2/repository/org/bouncycastle/bcpkix-jdk18on/1.80/bcpkix-jdk18on-1.80.jar:/home/runner/.m2/repository/org/bouncycastle/bcutil-jdk18on/1.80/bcutil-jdk18on-1.80.jar:/home/runner/.m2/repository/org/bouncycastle/bcprov-jdk18on/1.80/bcprov-jdk18on-1.80.jar:/home/runner/.m2/repository/io/opentelemetry/opentelemetry-api/1.44.1/opentelemetry-api-1.44.1.jar:/home/runner/.m2/repository/io/opentelemetry/opentelemetry-context/1.44.1/opentelemetry-context-1.44.1.jar:/home/runner/.m2/repository/io/opentelemetry/opentelemetry-api-incubator/1.44.1-alpha/opentelemetry-api-incubator-1.44.1-alpha.jar:/home/runner/.m2/repository/com/fasterxml/jackson/core/jackson-annotations/2.18.2/jackson-annotations-2.18.2.jar:/home/runner/.m2/repository/javax/validation/validation-api/1.1.0.Final/validation-api-1.1.0.Final.jar:/home/runner/.m2/repository/io/confluent/kafka-avro-serializer/8.0.0/kafka-avro-serializer-8.0.0.jar:/home/runner/.m2/repository/org/apache/commons/commons-compress/1.27.1/commons-compress-1.27.1.jar:/home/runner/.m2/repository/io/confluent/kafka-schema-serializer/8.0.0/kafka-schema-serializer-8.0.0.jar:/home/runner/.m2/repository/com/fasterxml/jackson/dataformat/jackson-dataformat-csv/2.18.2/jackson-dataformat-csv-2.18.2.jar:/home/runner/.m2/repository/io/confluent/kafka-schema-registry-client/8.0.0/kafka-schema-registry-client-8.0.0.jar:/home/runner/.m2/repository/org/yaml/snakeyaml/2.3/snakeyaml-2.3.jar:/home/runner/.m2/repository/io/swagger/core/v3/swagger-annotations/2.2.29/swagger-annotations-2.2.29.jar:/home/runner/.m2/repository/com/google/guava/guava/33.4.0-jre/guava-33.4.0-jre.jar:/home/runner/.m2/repository/com/google/guava/failureaccess/1.0.1/failureaccess-1.0.1.jar:/home/runner/.m2/repository/org/checkerframework/checker-qual/3.49.0/checker-qual-3.49.0.jar:/home/runner/.m2/repository/io/confluent/logredactor/1.0.13/logredactor-1.0.13.jar:/home/runner/.m2/repository/com/google/re2j/re2j/1.6/re2j-1.6.jar:/home/runner/.m2/repository/io/confluent/logredactor-metrics/1.0.13/logredactor-metrics-1.0.13.jar:/home/runner/.m2/repository/com/eclipsesource/minimal-json/minimal-json/0.9.5/minimal-json-0.9.5.jar:/home/runner/.m2/repository/io/confluent/common-utils/8.0.0/common-utils-8.0.0.jar:/home/runner/.m2/repository/io/confluent/kafka-connect-avro-converter/8.0.0/kafka-connect-avro-converter-8.0.0.jar:/home/runner/.m2/repository/io/confluent/kafka-connect-avro-data/8.0.0/kafka-connect-avro-data-8.0.0.jar:/home/runner/.m2/repository/io/confluent/kafka-schema-converter/8.0.0/kafka-schema-converter-8.0.0.jar:/home/runner/.m2/repository/io/rest-assured/rest-assured/5.5.1/rest-assured-5.5.1.jar:/home/runner/.m2/repository/org/apache/groovy/groovy/4.0.22/groovy-4.0.22.jar:/home/runner/.m2/repository/org/apache/groovy/groovy-xml/4.0.22/groovy-xml-4.0.22.jar:/home/runner/.m2/repository/org/apache/httpcomponents/httpclient/4.5.14/httpclient-4.5.14.jar:/home/runner/.m2/repository/org/apache/httpcomponents/httpcore/4.4.16/httpcore-4.4.16.jar:/home/runner/.m2/repository/org/apache/httpcomponents/httpmime/4.5.14/httpmime-4.5.14.jar:/home/runner/.m2/repository/org/hamcrest/hamcrest/2.2/hamcrest-2.2.jar:/home/runner/.m2/repository/org/ccil/cowan/tagsoup/tagsoup/1.2.1/tagsoup-1.2.1.jar:/home/runner/.m2/repository/io/rest-assured/json-path/5.5.1/json-path-5.5.1.jar:/home/runner/.m2/repository/org/apache/groovy/groovy-json/4.0.22/groovy-json-4.0.22.jar:/home/runner/.m2/repository/io/rest-assured/rest-assured-common/5.5.1/rest-assured-common-5.5.1.jar:/home/runner/.m2/repository/io/rest-assured/xml-path/5.5.1/xml-path-5.5.1.jar:/home/runner/.m2/repository/io/zonky/test/embedded-postgres/2.1.0/embedded-postgres-2.1.0.jar:/home/runner/.m2/repository/io/zonky/test/postgres/embedded-postgres-binaries-windows-amd64/14.15.0/embedded-postgres-binaries-windows-amd64-14.15.0.jar:/home/runner/.m2/repository/io/zonky/test/postgres/embedded-postgres-binaries-darwin-amd64/14.15.0/embedded-postgres-binaries-darwin-amd64-14.15.0.jar:/home/runner/.m2/repository/io/zonky/test/postgres/embedded-postgres-binaries-linux-amd64/14.15.0/embedded-postgres-binaries-linux-amd64-14.15.0.jar:/home/runner/.m2/repository/io/zonky/test/postgres/embedded-postgres-binaries-linux-amd64-alpine/14.15.0/embedded-postgres-binaries-linux-amd64-alpine-14.15.0.jar:/home/runner/.m2/repository/org/apache/commons/commons-lang3/3.17.0/commons-lang3-3.17.0.jar:/home/runner/.m2/repository/org/tukaani/xz/1.10/xz-1.10.jar:/home/runner/.m2/repository/commons-codec/commons-codec/1.18.0/commons-codec-1.18.0.jar:/home/runner/.m2/repository/org/postgresql/postgresql/42.7.5/postgresql-42.7.5.jar:/home/runner/.m2/repository/commons-io/commons-io/2.18.0/commons-io-2.18.0.jar:/home/runner/work/apicurio-testing/apicurio-testing/clusters/ci419/namespaces/kafkasql/tests/integration/apicurio-registry/utils/importexport/target/apicurio-registry-utils-import-export-3.0.11-SNAPSHOT.jar:/home/runner/.m2/repository/io/vertx/vertx-core/4.5.14/vertx-core-4.5.14.jar:/home/runner/.m2/repository/io/netty/netty-common/4.1.119.Final/netty-common-4.1.119.Final.jar:/home/runner/.m2/repository/io/netty/netty-buffer/4.1.119.Final/netty-buffer-4.1.119.Final.jar:/home/runner/.m2/repository/io/netty/netty-transport/4.1.119.Final/netty-transport-4.1.119.Final.jar:/home/runner/.m2/repository/io/netty/netty-handler/4.1.119.Final/netty-handler-4.1.119.Final.jar:/home/runner/.m2/repository/io/netty/netty-transport-native-unix-common/4.1.119.Final/netty-transport-native-unix-common-4.1.119.Final.jar:/home/runner/.m2/repository/io/netty/netty-codec/4.1.119.Final/netty-codec-4.1.119.Final.jar:/home/runner/.m2/repository/io/netty/netty-handler-proxy/4.1.119.Final/netty-handler-proxy-4.1.119.Final.jar:/home/runner/.m2/repository/io/netty/netty-codec-socks/4.1.119.Final/netty-codec-socks-4.1.119.Final.jar:/home/runner/.m2/repository/io/netty/netty-codec-http/4.1.119.Final/netty-codec-http-4.1.119.Final.jar:/home/runner/.m2/repository/io/netty/netty-codec-http2/4.1.119.Final/netty-codec-http2-4.1.119.Final.jar:/home/runner/.m2/repository/io/netty/netty-resolver/4.1.119.Final/netty-resolver-4.1.119.Final.jar:/home/runner/.m2/repository/io/netty/netty-resolver-dns/4.1.119.Final/netty-resolver-dns-4.1.119.Final.jar:/home/runner/.m2/repository/io/netty/netty-codec-dns/4.1.119.Final/netty-codec-dns-4.1.119.Final.jar:/home/runner/.m2/repository/com/fasterxml/jackson/core/jackson-core/2.18.2/jackson-core-2.18.2.jar:"/>
    <property name="java.vm.vendor" value="Eclipse Adoptium"/>
    <property name="maven.javadoc.skip" value="true"/>
    <property name="sun.arch.data.model" value="64"/>
    <property name="java.vendor.url" value="https://adoptium.net/"/>
    <property name="user.timezone" value="Etc/UTC"/>
    <property name="os.name" value="Linux"/>
    <property name="java.vm.specification.version" value="17"/>
    <property name="sun.java.launcher" value="SUN_STANDARD"/>
    <property name="quarkus.http.test-port" value="80"/>
    <property name="sun.boot.library.path" value="/usr/lib/jvm/temurin-17-jdk-amd64/lib"/>
    <property name="sun.java.command" value="/home/runner/work/apicurio-testing/apicurio-testing/clusters/ci419/namespaces/kafkasql/tests/integration/apicurio-registry/integration-tests/target/surefire/surefirebooter-20250731170421362_3.jar /home/runner/work/apicurio-testing/apicurio-testing/clusters/ci419/namespaces/kafkasql/tests/integration/apicurio-registry/integration-tests/target/surefire 2025-07-31T17-04-21_303-jvmRun1 surefire-20250731170421362_1tmp surefire_0-20250731170421362_2tmp"/>
    <property name="maven.home" value="/home/runner/.m2/wrapper/dists/apache-maven-3.9.8-bin/4fnp1ql35bgk2a0p7m31ovbgb0/apache-maven-3.9.8"/>
    <property name="jdk.debug" value="release"/>
    <property name="surefire.test.class.path" value="/home/runner/work/apicurio-testing/apicurio-testing/clusters/ci419/namespaces/kafkasql/tests/integration/apicurio-registry/integration-tests/target/test-classes:/home/runner/work/apicurio-testing/apicurio-testing/clusters/ci419/namespaces/kafkasql/tests/integration/apicurio-registry/integration-tests/target/apicurio-registry-integration-tests-3.0.11-SNAPSHOT.jar:/home/runner/.m2/repository/io/quarkus/quarkus-junit5/3.20.1/quarkus-junit5-3.20.1.jar:/home/runner/.m2/repository/io/quarkus/quarkus-bootstrap-core/3.20.1/quarkus-bootstrap-core-3.20.1.jar:/home/runner/.m2/repository/io/quarkus/quarkus-classloader-commons/3.20.1/quarkus-classloader-commons-3.20.1.jar:/home/runner/.m2/repository/io/quarkus/quarkus-bootstrap-app-model/3.20.1/quarkus-bootstrap-app-model-3.20.1.jar:/home/runner/.m2/repository/io/smallrye/common/smallrye-common-io/2.12.0/smallrye-common-io-2.12.0.jar:/home/runner/.m2/repository/org/eclipse/sisu/org.eclipse.sisu.inject/0.9.0.M3/org.eclipse.sisu.inject-0.9.0.M3.jar:/home/runner/.m2/repository/io/quarkus/quarkus-test-common/3.20.1/quarkus-test-common-3.20.1.jar:/home/runner/.m2/repository/io/quarkus/quarkus-core-deployment/3.20.1/quarkus-core-deployment-3.20.1.jar:/home/runner/.m2/repository/org/aesh/readline/2.6/readline-2.6.jar:/home/runner/.m2/repository/org/fusesource/jansi/jansi/2.4.0/jansi-2.4.0.jar:/home/runner/.m2/repository/org/aesh/aesh/2.8.2/aesh-2.8.2.jar:/home/runner/.m2/repository/io/quarkus/gizmo/gizmo/1.8.0/gizmo-1.8.0.jar:/home/runner/.m2/repository/org/ow2/asm/asm-util/9.7.1/asm-util-9.7.1.jar:/home/runner/.m2/repository/org/ow2/asm/asm-analysis/9.7.1/asm-analysis-9.7.1.jar:/home/runner/.m2/repository/org/ow2/asm/asm-commons/9.7.1/asm-commons-9.7.1.jar:/home/runner/.m2/repository/org/ow2/asm/asm-tree/9.7.1/asm-tree-9.7.1.jar:/home/runner/.m2/repository/io/quarkus/quarkus-hibernate-validator-spi/3.20.1/quarkus-hibernate-validator-spi-3.20.1.jar:/home/runner/.m2/repository/io/quarkus/quarkus-class-change-agent/3.20.1/quarkus-class-change-agent-3.20.1.jar:/home/runner/.m2/repository/io/quarkus/quarkus-devtools-utilities/3.20.1/quarkus-devtools-utilities-3.20.1.jar:/home/runner/.m2/repository/io/quarkus/quarkus-builder/3.20.1/quarkus-builder-3.20.1.jar:/home/runner/.m2/repository/org/graalvm/sdk/nativeimage/23.1.2/nativeimage-23.1.2.jar:/home/runner/.m2/repository/org/graalvm/sdk/word/23.1.2/word-23.1.2.jar:/home/runner/.m2/repository/io/quarkus/quarkus-bootstrap-maven-resolver/3.20.1/quarkus-bootstrap-maven-resolver-3.20.1.jar:/home/runner/.m2/repository/io/smallrye/beanbag/smallrye-beanbag-maven/1.5.2/smallrye-beanbag-maven-1.5.2.jar:/home/runner/.m2/repository/io/smallrye/beanbag/smallrye-beanbag-sisu/1.5.2/smallrye-beanbag-sisu-1.5.2.jar:/home/runner/.m2/repository/io/smallrye/beanbag/smallrye-beanbag/1.5.2/smallrye-beanbag-1.5.2.jar:/home/runner/.m2/repository/javax/inject/javax.inject/1/javax.inject-1.jar:/home/runner/.m2/repository/org/apache/maven/maven-artifact/3.9.9/maven-artifact-3.9.9.jar:/home/runner/.m2/repository/org/apache/maven/maven-builder-support/3.9.9/maven-builder-support-3.9.9.jar:/home/runner/.m2/repository/org/apache/maven/maven-model/3.9.9/maven-model-3.9.9.jar:/home/runner/.m2/repository/org/apache/maven/maven-model-builder/3.9.9/maven-model-builder-3.9.9.jar:/home/runner/.m2/repository/org/apache/maven/maven-repository-metadata/3.9.9/maven-repository-metadata-3.9.9.jar:/home/runner/.m2/repository/org/apache/maven/maven-settings/3.9.9/maven-settings-3.9.9.jar:/home/runner/.m2/repository/org/apache/maven/resolver/maven-resolver-api/1.9.22/maven-resolver-api-1.9.22.jar:/home/runner/.m2/repository/org/apache/maven/resolver/maven-resolver-impl/1.9.22/maven-resolver-impl-1.9.22.jar:/home/runner/.m2/repository/org/apache/maven/resolver/maven-resolver-named-locks/1.9.22/maven-resolver-named-locks-1.9.22.jar:/home/runner/.m2/repository/org/apache/maven/resolver/maven-resolver-spi/1.9.22/maven-resolver-spi-1.9.22.jar:/home/runner/.m2/repository/org/apache/maven/resolver/maven-resolver-util/1.9.22/maven-resolver-util-1.9.22.jar:/home/runner/.m2/repository/org/apache/maven/resolver/maven-resolver-transport-http/1.9.20/maven-resolver-transport-http-1.9.20.jar:/home/runner/.m2/repository/org/apache/maven/wagon/wagon-provider-api/3.5.3/wagon-provider-api-3.5.3.jar:/home/runner/.m2/repository/org/apache/maven/wagon/wagon-http-shared/3.5.3/wagon-http-shared-3.5.3.jar:/home/runner/.m2/repository/org/codehaus/plexus/plexus-interpolation/1.26/plexus-interpolation-1.26.jar:/home/runner/.m2/repository/org/codehaus/plexus/plexus-utils/3.5.1/plexus-utils-3.5.1.jar:/home/runner/.m2/repository/org/codehaus/plexus/plexus-xml/4.0.1/plexus-xml-4.0.1.jar:/home/runner/.m2/repository/org/apache/maven/maven-xml-impl/4.0.0-alpha-5/maven-xml-impl-4.0.0-alpha-5.jar:/home/runner/.m2/repository/org/apache/maven/maven-api-xml/4.0.0-alpha-5/maven-api-xml-4.0.0-alpha-5.jar:/home/runner/.m2/repository/org/apache/maven/maven-api-meta/4.0.0-alpha-5/maven-api-meta-4.0.0-alpha-5.jar:/home/runner/.m2/repository/org/codehaus/plexus/plexus-cipher/2.0/plexus-cipher-2.0.jar:/home/runner/.m2/repository/org/codehaus/plexus/plexus-sec-dispatcher/2.0/plexus-sec-dispatcher-2.0.jar:/home/runner/.m2/repository/org/apache/maven/maven-embedder/3.9.9/maven-embedder-3.9.9.jar:/home/runner/.m2/repository/org/apache/maven/maven-core/3.9.9/maven-core-3.9.9.jar:/home/runner/.m2/repository/org/codehaus/plexus/plexus-component-annotations/2.1.0/plexus-component-annotations-2.1.0.jar:/home/runner/.m2/repository/org/apache/maven/maven-plugin-api/3.9.9/maven-plugin-api-3.9.9.jar:/home/runner/.m2/repository/org/apache/maven/shared/maven-shared-utils/3.4.2/maven-shared-utils-3.4.2.jar:/home/runner/.m2/repository/com/google/inject/guice/5.1.0/guice-5.1.0.jar:/home/runner/.m2/repository/aopalliance/aopalliance/1.0/aopalliance-1.0.jar:/home/runner/.m2/repository/org/codehaus/plexus/plexus-classworlds/2.6.0/plexus-classworlds-2.6.0.jar:/home/runner/.m2/repository/commons-cli/commons-cli/1.8.0/commons-cli-1.8.0.jar:/home/runner/.m2/repository/org/eclipse/sisu/org.eclipse.sisu.plexus/0.9.0.M3/org.eclipse.sisu.plexus-0.9.0.M3.jar:/home/runner/.m2/repository/org/apache/maven/maven-settings-builder/3.9.9/maven-settings-builder-3.9.9.jar:/home/runner/.m2/repository/org/apache/maven/maven-resolver-provider/3.9.9/maven-resolver-provider-3.9.9.jar:/home/runner/.m2/repository/org/apache/maven/resolver/maven-resolver-connector-basic/1.9.22/maven-resolver-connector-basic-1.9.22.jar:/home/runner/.m2/repository/org/apache/maven/resolver/maven-resolver-transport-wagon/1.9.22/maven-resolver-transport-wagon-1.9.22.jar:/home/runner/.m2/repository/org/apache/maven/wagon/wagon-http/3.5.3/wagon-http-3.5.3.jar:/home/runner/.m2/repository/org/apache/maven/wagon/wagon-file/3.5.3/wagon-file-3.5.3.jar:/home/runner/.m2/repository/io/quarkus/quarkus-bootstrap-gradle-resolver/3.20.1/quarkus-bootstrap-gradle-resolver-3.20.1.jar:/home/runner/.m2/repository/io/smallrye/jandex/3.3.0/jandex-3.3.0.jar:/home/runner/.m2/repository/org/jboss/logging/commons-logging-jboss-logging/1.0.0.Final/commons-logging-jboss-logging-1.0.0.Final.jar:/home/runner/.m2/repository/io/quarkus/quarkus-junit5-config/3.20.1/quarkus-junit5-config-3.20.1.jar:/home/runner/.m2/repository/org/junit/jupiter/junit-jupiter-api/5.12.1/junit-jupiter-api-5.12.1.jar:/home/runner/.m2/repository/io/smallrye/config/smallrye-config/3.11.4/smallrye-config-3.11.4.jar:/home/runner/.m2/repository/io/smallrye/config/smallrye-config-core/3.11.4/smallrye-config-core-3.11.4.jar:/home/runner/.m2/repository/io/smallrye/common/smallrye-common-classloader/2.12.0/smallrye-common-classloader-2.12.0.jar:/home/runner/.m2/repository/io/smallrye/config/smallrye-config-common/3.11.4/smallrye-config-common-3.11.4.jar:/home/runner/.m2/repository/org/junit/jupiter/junit-jupiter/5.12.1/junit-jupiter-5.12.1.jar:/home/runner/.m2/repository/org/junit/jupiter/junit-jupiter-params/5.12.1/junit-jupiter-params-5.12.1.jar:/home/runner/.m2/repository/org/junit/jupiter/junit-jupiter-engine/5.12.1/junit-jupiter-engine-5.12.1.jar:/home/runner/.m2/repository/io/quarkus/quarkus-core/3.20.1/quarkus-core-3.20.1.jar:/home/runner/.m2/repository/jakarta/enterprise/jakarta.enterprise.cdi-api/4.1.0/jakarta.enterprise.cdi-api-4.1.0.jar:/home/runner/.m2/repository/jakarta/enterprise/jakarta.enterprise.lang-model/4.1.0/jakarta.enterprise.lang-model-4.1.0.jar:/home/runner/.m2/repository/jakarta/el/jakarta.el-api/5.0.1/jakarta.el-api-5.0.1.jar:/home/runner/.m2/repository/jakarta/interceptor/jakarta.interceptor-api/2.2.0/jakarta.interceptor-api-2.2.0.jar:/home/runner/.m2/repository/jakarta/inject/jakarta.inject-api/2.0.1/jakarta.inject-api-2.0.1.jar:/home/runner/.m2/repository/io/smallrye/common/smallrye-common-os/2.12.0/smallrye-common-os-2.12.0.jar:/home/runner/.m2/repository/io/quarkus/quarkus-ide-launcher/3.20.1/quarkus-ide-launcher-3.20.1.jar:/home/runner/.m2/repository/io/quarkus/quarkus-development-mode-spi/3.20.1/quarkus-development-mode-spi-3.20.1.jar:/home/runner/.m2/repository/org/jboss/logging/jboss-logging/3.6.1.Final/jboss-logging-3.6.1.Final.jar:/home/runner/.m2/repository/org/jboss/logmanager/jboss-logmanager/3.1.2.Final/jboss-logmanager-3.1.2.Final.jar:/home/runner/.m2/repository/io/smallrye/common/smallrye-common-constraint/2.12.0/smallrye-common-constraint-2.12.0.jar:/home/runner/.m2/repository/io/smallrye/common/smallrye-common-cpu/2.12.0/smallrye-common-cpu-2.12.0.jar:/home/runner/.m2/repository/io/smallrye/common/smallrye-common-expression/2.12.0/smallrye-common-expression-2.12.0.jar:/home/runner/.m2/repository/io/smallrye/common/smallrye-common-net/2.12.0/smallrye-common-net-2.12.0.jar:/home/runner/.m2/repository/io/smallrye/common/smallrye-common-ref/2.12.0/smallrye-common-ref-2.12.0.jar:/home/runner/.m2/repository/jakarta/json/jakarta.json-api/2.1.3/jakarta.json-api-2.1.3.jar:/home/runner/.m2/repository/org/eclipse/parsson/parsson/1.1.7/parsson-1.1.7.jar:/home/runner/.m2/repository/org/jboss/logging/jboss-logging-annotations/3.0.4.Final/jboss-logging-annotations-3.0.4.Final.jar:/home/runner/.m2/repository/org/jboss/threads/jboss-threads/3.8.0.Final/jboss-threads-3.8.0.Final.jar:/home/runner/.m2/repository/io/smallrye/common/smallrye-common-annotation/2.12.0/smallrye-common-annotation-2.12.0.jar:/home/runner/.m2/repository/io/smallrye/common/smallrye-common-function/2.12.0/smallrye-common-function-2.12.0.jar:/home/runner/.m2/repository/org/jboss/slf4j/slf4j-jboss-logmanager/2.0.0.Final/slf4j-jboss-logmanager-2.0.0.Final.jar:/home/runner/.m2/repository/org/wildfly/common/wildfly-common/2.0.1/wildfly-common-2.0.1.jar:/home/runner/.m2/repository/io/quarkus/quarkus-bootstrap-runner/3.20.1/quarkus-bootstrap-runner-3.20.1.jar:/home/runner/.m2/repository/io/github/crac/org-crac/0.1.3/org-crac-0.1.3.jar:/home/runner/.m2/repository/io/quarkus/quarkus-fs-util/0.0.10/quarkus-fs-util-0.0.10.jar:/home/runner/.m2/repository/org/jboss/marshalling/jboss-marshalling/2.2.2.Final/jboss-marshalling-2.2.2.Final.jar:/home/runner/.m2/repository/io/fabric8/kubernetes-client/7.1.0/kubernetes-client-7.1.0.jar:/home/runner/.m2/repository/io/fabric8/kubernetes-client-api/7.1.0/kubernetes-client-api-7.1.0.jar:/home/runner/.m2/repository/io/fabric8/kubernetes-model-core/7.1.0/kubernetes-model-core-7.1.0.jar:/home/runner/.m2/repository/io/fabric8/kubernetes-model-common/7.1.0/kubernetes-model-common-7.1.0.jar:/home/runner/.m2/repository/javax/annotation/javax.annotation-api/1.3.2/javax.annotation-api-1.3.2.jar:/home/runner/.m2/repository/io/fabric8/kubernetes-model-gatewayapi/7.1.0/kubernetes-model-gatewayapi-7.1.0.jar:/home/runner/.m2/repository/io/fabric8/kubernetes-model-resource/7.1.0/kubernetes-model-resource-7.1.0.jar:/home/runner/.m2/repository/io/fabric8/kubernetes-model-rbac/7.1.0/kubernetes-model-rbac-7.1.0.jar:/home/runner/.m2/repository/io/fabric8/kubernetes-model-admissionregistration/7.1.0/kubernetes-model-admissionregistration-7.1.0.jar:/home/runner/.m2/repository/io/fabric8/kubernetes-model-apps/7.1.0/kubernetes-model-apps-7.1.0.jar:/home/runner/.m2/repository/io/fabric8/kubernetes-model-autoscaling/7.1.0/kubernetes-model-autoscaling-7.1.0.jar:/home/runner/.m2/repository/io/fabric8/kubernetes-model-apiextensions/7.1.0/kubernetes-model-apiextensions-7.1.0.jar:/home/runner/.m2/repository/io/fabric8/kubernetes-model-batch/7.1.0/kubernetes-model-batch-7.1.0.jar:/home/runner/.m2/repository/io/fabric8/kubernetes-model-certificates/7.1.0/kubernetes-model-certificates-7.1.0.jar:/home/runner/.m2/repository/io/fabric8/kubernetes-model-coordination/7.1.0/kubernetes-model-coordination-7.1.0.jar:/home/runner/.m2/repository/io/fabric8/kubernetes-model-discovery/7.1.0/kubernetes-model-discovery-7.1.0.jar:/home/runner/.m2/repository/io/fabric8/kubernetes-model-events/7.1.0/kubernetes-model-events-7.1.0.jar:/home/runner/.m2/repository/io/fabric8/kubernetes-model-extensions/7.1.0/kubernetes-model-extensions-7.1.0.jar:/home/runner/.m2/repository/io/fabric8/kubernetes-model-flowcontrol/7.1.0/kubernetes-model-flowcontrol-7.1.0.jar:/home/runner/.m2/repository/io/fabric8/kubernetes-model-networking/7.1.0/kubernetes-model-networking-7.1.0.jar:/home/runner/.m2/repository/io/fabric8/kubernetes-model-metrics/7.1.0/kubernetes-model-metrics-7.1.0.jar:/home/runner/.m2/repository/io/fabric8/kubernetes-model-policy/7.1.0/kubernetes-model-policy-7.1.0.jar:/home/runner/.m2/repository/io/fabric8/kubernetes-model-scheduling/7.1.0/kubernetes-model-scheduling-7.1.0.jar:/home/runner/.m2/repository/io/fabric8/kubernetes-model-storageclass/7.1.0/kubernetes-model-storageclass-7.1.0.jar:/home/runner/.m2/repository/io/fabric8/kubernetes-model-node/7.1.0/kubernetes-model-node-7.1.0.jar:/home/runner/.m2/repository/org/snakeyaml/snakeyaml-engine/2.9/snakeyaml-engine-2.9.jar:/home/runner/.m2/repository/com/fasterxml/jackson/dataformat/jackson-dataformat-yaml/2.15.2/jackson-dataformat-yaml-2.15.2.jar:/home/runner/.m2/repository/com/fasterxml/jackson/datatype/jackson-datatype-jsr310/2.18.2/jackson-datatype-jsr310-2.18.2.jar:/home/runner/.m2/repository/io/fabric8/zjsonpatch/7.1.0/zjsonpatch-7.1.0.jar:/home/runner/.m2/repository/io/fabric8/kubernetes-httpclient-vertx/7.1.0/kubernetes-httpclient-vertx-7.1.0.jar:/home/runner/.m2/repository/io/vertx/vertx-web-client/4.5.14/vertx-web-client-4.5.14.jar:/home/runner/.m2/repository/io/vertx/vertx-web-common/4.5.14/vertx-web-common-4.5.14.jar:/home/runner/.m2/repository/io/vertx/vertx-auth-common/4.5.14/vertx-auth-common-4.5.14.jar:/home/runner/.m2/repository/io/vertx/vertx-uri-template/4.5.14/vertx-uri-template-4.5.14.jar:/home/runner/.m2/repository/io/fabric8/openshift-client/7.1.0/openshift-client-7.1.0.jar:/home/runner/.m2/repository/io/fabric8/openshift-client-api/7.1.0/openshift-client-api-7.1.0.jar:/home/runner/.m2/repository/io/fabric8/openshift-model/7.1.0/openshift-model-7.1.0.jar:/home/runner/.m2/repository/io/fabric8/openshift-model-autoscaling/7.1.0/openshift-model-autoscaling-7.1.0.jar:/home/runner/.m2/repository/io/fabric8/openshift-model-operator/7.1.0/openshift-model-operator-7.1.0.jar:/home/runner/.m2/repository/io/fabric8/openshift-model-operatorhub/7.1.0/openshift-model-operatorhub-7.1.0.jar:/home/runner/.m2/repository/io/fabric8/openshift-model-machine/7.1.0/openshift-model-machine-7.1.0.jar:/home/runner/.m2/repository/io/fabric8/openshift-model-whereabouts/7.1.0/openshift-model-whereabouts-7.1.0.jar:/home/runner/.m2/repository/io/fabric8/openshift-model-monitoring/7.1.0/openshift-model-monitoring-7.1.0.jar:/home/runner/.m2/repository/io/fabric8/openshift-model-storageversionmigrator/7.1.0/openshift-model-storageversionmigrator-7.1.0.jar:/home/runner/.m2/repository/io/fabric8/openshift-model-tuned/7.1.0/openshift-model-tuned-7.1.0.jar:/home/runner/.m2/repository/io/fabric8/openshift-model-console/7.1.0/openshift-model-console-7.1.0.jar:/home/runner/.m2/repository/io/fabric8/openshift-model-config/7.1.0/openshift-model-config-7.1.0.jar:/home/runner/.m2/repository/io/fabric8/openshift-model-machineconfiguration/7.1.0/openshift-model-machineconfiguration-7.1.0.jar:/home/runner/.m2/repository/io/fabric8/openshift-model-miscellaneous/7.1.0/openshift-model-miscellaneous-7.1.0.jar:/home/runner/.m2/repository/io/fabric8/openshift-model-hive/7.1.0/openshift-model-hive-7.1.0.jar:/home/runner/.m2/repository/io/fabric8/openshift-model-installer/7.1.0/openshift-model-installer-7.1.0.jar:/home/runner/.m2/repository/org/junit/platform/junit-platform-launcher/1.12.1/junit-platform-launcher-1.12.1.jar:/home/runner/.m2/repository/org/junit/platform/junit-platform-engine/1.12.1/junit-platform-engine-1.12.1.jar:/home/runner/.m2/repository/org/opentest4j/opentest4j/1.3.0/opentest4j-1.3.0.jar:/home/runner/.m2/repository/org/junit/platform/junit-platform-commons/1.12.1/junit-platform-commons-1.12.1.jar:/home/runner/.m2/repository/org/apiguardian/apiguardian-api/1.1.2/apiguardian-api-1.1.2.jar:/home/runner/.m2/repository/jakarta/ws/rs/jakarta.ws.rs-api/3.1.0/jakarta.ws.rs-api-3.1.0.jar:/home/runner/work/apicurio-testing/apicurio-testing/clusters/ci419/namespaces/kafkasql/tests/integration/apicurio-registry/java-sdk/target/apicurio-registry-java-sdk-3.0.11-SNAPSHOT.jar:/home/runner/.m2/repository/com/microsoft/kiota/microsoft-kiota-abstractions/1.8.8/microsoft-kiota-abstractions-1.8.8.jar:/home/runner/.m2/repository/io/github/std-uritemplate/std-uritemplate/2.0.0/std-uritemplate-2.0.0.jar:/home/runner/.m2/repository/io/kiota/kiota-http-jdk/0.0.21/kiota-http-jdk-0.0.21.jar:/home/runner/.m2/repository/io/kiota/kiota-http-vertx/0.0.21/kiota-http-vertx-0.0.21.jar:/home/runner/.m2/repository/io/kiota/kiota-serialization-jackson/0.0.21/kiota-serialization-jackson-0.0.21.jar:/home/runner/.m2/repository/com/microsoft/kiota/microsoft-kiota-serialization-text/1.8.8/microsoft-kiota-serialization-text-1.8.8.jar:/home/runner/.m2/repository/com/microsoft/kiota/microsoft-kiota-serialization-form/1.8.8/microsoft-kiota-serialization-form-1.8.8.jar:/home/runner/.m2/repository/com/microsoft/kiota/microsoft-kiota-serialization-multipart/1.8.8/microsoft-kiota-serialization-multipart-1.8.8.jar:/home/runner/.m2/repository/jakarta/annotation/jakarta.annotation-api/3.0.0/jakarta.annotation-api-3.0.0.jar:/home/runner/.m2/repository/io/vertx/vertx-auth-oauth2/4.5.14/vertx-auth-oauth2-4.5.14.jar:/home/runner/work/apicurio-testing/apicurio-testing/clusters/ci419/namespaces/kafkasql/tests/integration/apicurio-registry/java-sdk-v2/target/apicurio-registry-v2-java-sdk-3.0.11-SNAPSHOT.jar:/home/runner/work/apicurio-testing/apicurio-testing/clusters/ci419/namespaces/kafkasql/tests/integration/apicurio-registry/utils/kafka/target/apicurio-registry-utils-kafka-3.0.11-SNAPSHOT-tests.jar:/home/runner/.m2/repository/org/eclipse/microprofile/config/microprofile-config-api/3.1/microprofile-config-api-3.1.jar:/home/runner/.m2/repository/org/apache/kafka/kafka-clients/3.9.1/kafka-clients-3.9.1.jar:/home/runner/.m2/repository/com/github/luben/zstd-jni/1.5.6-4/zstd-jni-1.5.6-4.jar:/home/runner/.m2/repository/org/lz4/lz4-java/1.8.0/lz4-java-1.8.0.jar:/home/runner/.m2/repository/org/xerial/snappy/snappy-java/1.1.10.5/snappy-java-1.1.10.5.jar:/home/runner/.m2/repository/org/slf4j/slf4j-api/2.0.6/slf4j-api-2.0.6.jar:/home/runner/work/apicurio-testing/apicurio-testing/clusters/ci419/namespaces/kafkasql/tests/integration/apicurio-registry/utils/tests/target/apicurio-registry-utils-tests-3.0.11-SNAPSHOT.jar:/home/runner/work/apicurio-testing/apicurio-testing/clusters/ci419/namespaces/kafkasql/tests/integration/apicurio-registry/common/target/apicurio-registry-common-3.0.11-SNAPSHOT.jar:/home/runner/.m2/repository/jakarta/validation/jakarta.validation-api/3.0.2/jakarta.validation-api-3.0.2.jar:/home/runner/.m2/repository/com/github/dasniko/testcontainers-keycloak/3.6.0/testcontainers-keycloak-3.6.0.jar:/home/runner/.m2/repository/org/testcontainers/testcontainers/1.20.6/testcontainers-1.20.6.jar:/home/runner/.m2/repository/org/rnorth/duct-tape/duct-tape/1.0.8/duct-tape-1.0.8.jar:/home/runner/.m2/repository/org/jetbrains/annotations/26.0.2/annotations-26.0.2.jar:/home/runner/.m2/repository/com/github/docker-java/docker-java-transport-zerodep/3.4.1/docker-java-transport-zerodep-3.4.1.jar:/home/runner/.m2/repository/com/github/docker-java/docker-java-transport/3.4.1/docker-java-transport-3.4.1.jar:/home/runner/.m2/repository/net/java/dev/jna/jna/5.8.0/jna-5.8.0.jar:/home/runner/.m2/repository/io/quarkus/quarkus-junit4-mock/3.20.1/quarkus-junit4-mock-3.20.1.jar:/home/runner/.m2/repository/org/jboss/shrinkwrap/shrinkwrap-api/2.0.0-beta-2/shrinkwrap-api-2.0.0-beta-2.jar:/home/runner/.m2/repository/org/jboss/shrinkwrap/shrinkwrap-impl-base/2.0.0-beta-2/shrinkwrap-impl-base-2.0.0-beta-2.jar:/home/runner/.m2/repository/org/jboss/shrinkwrap/shrinkwrap-spi/2.0.0-beta-2/shrinkwrap-spi-2.0.0-beta-2.jar:/home/runner/.m2/repository/org/keycloak/keycloak-admin-client/26.0.4/keycloak-admin-client-26.0.4.jar:/home/runner/.m2/repository/org/keycloak/keycloak-client-common-synced/26.0.4/keycloak-client-common-synced-26.0.4.jar:/home/runner/.m2/repository/jakarta/activation/jakarta.activation-api/2.1.3/jakarta.activation-api-2.1.3.jar:/home/runner/.m2/repository/org/eclipse/microprofile/openapi/microprofile-openapi-api/4.0.2/microprofile-openapi-api-4.0.2.jar:/home/runner/.m2/repository/org/jboss/resteasy/resteasy-client/6.2.12.Final/resteasy-client-6.2.12.Final.jar:/home/runner/.m2/repository/org/jboss/resteasy/resteasy-client-api/6.2.12.Final/resteasy-client-api-6.2.12.Final.jar:/home/runner/.m2/repository/org/jboss/resteasy/resteasy-core-spi/6.2.12.Final/resteasy-core-spi-6.2.12.Final.jar:/home/runner/.m2/repository/org/jboss/resteasy/resteasy-core/6.2.12.Final/resteasy-core-6.2.12.Final.jar:/home/runner/.m2/repository/org/eclipse/angus/angus-activation/2.0.2/angus-activation-2.0.2.jar:/home/runner/.m2/repository/com/ibm/async/asyncutil/0.1.0/asyncutil-0.1.0.jar:/home/runner/.m2/repository/org/reactivestreams/reactive-streams/1.0.4/reactive-streams-1.0.4.jar:/home/runner/.m2/repository/org/jboss/resteasy/resteasy-multipart-provider/6.2.12.Final/resteasy-multipart-provider-6.2.12.Final.jar:/home/runner/.m2/repository/jakarta/mail/jakarta.mail-api/2.1.3/jakarta.mail-api-2.1.3.jar:/home/runner/.m2/repository/org/eclipse/angus/angus-mail/2.0.3/angus-mail-2.0.3.jar:/home/runner/.m2/repository/org/apache/james/apache-mime4j-dom/0.8.12/apache-mime4j-dom-0.8.12.jar:/home/runner/.m2/repository/org/apache/james/apache-mime4j-core/0.8.12/apache-mime4j-core-0.8.12.jar:/home/runner/.m2/repository/org/apache/james/apache-mime4j-storage/0.8.12/apache-mime4j-storage-0.8.12.jar:/home/runner/.m2/repository/org/jboss/resteasy/resteasy-jackson2-provider/6.2.12.Final/resteasy-jackson2-provider-6.2.12.Final.jar:/home/runner/.m2/repository/com/fasterxml/jackson/jakarta/rs/jackson-jakarta-rs-base/2.18.2/jackson-jakarta-rs-base-2.18.2.jar:/home/runner/.m2/repository/com/fasterxml/jackson/jakarta/rs/jackson-jakarta-rs-json-provider/2.18.2/jackson-jakarta-rs-json-provider-2.18.2.jar:/home/runner/.m2/repository/com/fasterxml/jackson/module/jackson-module-jakarta-xmlbind-annotations/2.18.2/jackson-module-jakarta-xmlbind-annotations-2.18.2.jar:/home/runner/.m2/repository/com/github/java-json-tools/json-patch/1.13/json-patch-1.13.jar:/home/runner/.m2/repository/com/github/java-json-tools/msg-simple/1.2/msg-simple-1.2.jar:/home/runner/.m2/repository/com/github/java-json-tools/btf/1.3/btf-1.3.jar:/home/runner/.m2/repository/com/github/java-json-tools/jackson-coreutils/2.0/jackson-coreutils-2.0.jar:/home/runner/.m2/repository/org/jboss/resteasy/resteasy-jaxb-provider/6.2.12.Final/resteasy-jaxb-provider-6.2.12.Final.jar:/home/runner/.m2/repository/org/glassfish/jaxb/codemodel/4.0.5/codemodel-4.0.5.jar:/home/runner/.m2/repository/org/glassfish/jaxb/jaxb-core/4.0.5/jaxb-core-4.0.5.jar:/home/runner/.m2/repository/org/glassfish/jaxb/jaxb-jxc/4.0.5/jaxb-jxc-4.0.5.jar:/home/runner/.m2/repository/org/glassfish/jaxb/jaxb-runtime/4.0.5/jaxb-runtime-4.0.5.jar:/home/runner/.m2/repository/org/glassfish/jaxb/txw2/4.0.5/txw2-4.0.5.jar:/home/runner/.m2/repository/org/glassfish/jaxb/jaxb-xjc/4.0.5/jaxb-xjc-4.0.5.jar:/home/runner/.m2/repository/org/glassfish/jaxb/xsom/4.0.5/xsom-4.0.5.jar:/home/runner/.m2/repository/com/sun/istack/istack-commons-runtime/4.1.2/istack-commons-runtime-4.1.2.jar:/home/runner/.m2/repository/com/sun/istack/istack-commons-tools/4.1.2/istack-commons-tools-4.1.2.jar:/home/runner/.m2/repository/com/sun/xml/bind/external/relaxng-datatype/4.0.5/relaxng-datatype-4.0.5.jar:/home/runner/.m2/repository/com/sun/xml/bind/external/rngom/4.0.5/rngom-4.0.5.jar:/home/runner/.m2/repository/org/testcontainers/mssqlserver/1.20.6/mssqlserver-1.20.6.jar:/home/runner/.m2/repository/org/testcontainers/jdbc/1.20.6/jdbc-1.20.6.jar:/home/runner/.m2/repository/org/testcontainers/database-commons/1.20.6/database-commons-1.20.6.jar:/home/runner/.m2/repository/org/testcontainers/mysql/1.20.6/mysql-1.20.6.jar:/home/runner/.m2/repository/io/strimzi/strimzi-test-container/0.107.0/strimzi-test-container-0.107.0.jar:/home/runner/.m2/repository/org/testcontainers/toxiproxy/1.20.6/toxiproxy-1.20.6.jar:/home/runner/.m2/repository/com/github/docker-java/docker-java-api/3.4.1/docker-java-api-3.4.1.jar:/home/runner/.m2/repository/eu/rekawek/toxiproxy/toxiproxy-java/2.1.7/toxiproxy-java-2.1.7.jar:/home/runner/.m2/repository/junit/junit/4.13.2/junit-4.13.2.jar:/home/runner/.m2/repository/org/hamcrest/hamcrest-core/1.3/hamcrest-core-1.3.jar:/home/runner/.m2/repository/org/testcontainers/pulsar/1.20.4/pulsar-1.20.4.jar:/home/runner/.m2/repository/io/debezium/debezium-testing-testcontainers/2.6.2.Final/debezium-testing-testcontainers-2.6.2.Final.jar:/home/runner/.m2/repository/org/testcontainers/kafka/1.20.6/kafka-1.20.6.jar:/home/runner/.m2/repository/com/squareup/okhttp3/okhttp/4.8.1/okhttp-4.8.1.jar:/home/runner/.m2/repository/com/squareup/okio/okio/3.10.2/okio-3.10.2.jar:/home/runner/.m2/repository/com/squareup/okio/okio-jvm/3.10.2/okio-jvm-3.10.2.jar:/home/runner/.m2/repository/org/jetbrains/kotlin/kotlin-stdlib/2.0.21/kotlin-stdlib-2.0.21.jar:/home/runner/.m2/repository/org/awaitility/awaitility/4.2.2/awaitility-4.2.2.jar:/home/runner/.m2/repository/org/testcontainers/mongodb/1.20.6/mongodb-1.20.6.jar:/home/runner/.m2/repository/org/testcontainers/oracle-xe/1.20.6/oracle-xe-1.20.6.jar:/home/runner/.m2/repository/org/testcontainers/postgresql/1.20.6/postgresql-1.20.6.jar:/home/runner/.m2/repository/org/wiremock/wiremock/3.0.1/wiremock-3.0.1.jar:/home/runner/.m2/repository/org/eclipse/jetty/jetty-server/11.0.15/jetty-server-11.0.15.jar:/home/runner/.m2/repository/org/eclipse/jetty/toolchain/jetty-jakarta-servlet-api/5.0.2/jetty-jakarta-servlet-api-5.0.2.jar:/home/runner/.m2/repository/org/eclipse/jetty/jetty-http/11.0.15/jetty-http-11.0.15.jar:/home/runner/.m2/repository/org/eclipse/jetty/jetty-io/11.0.15/jetty-io-11.0.15.jar:/home/runner/.m2/repository/org/eclipse/jetty/jetty-servlet/11.0.15/jetty-servlet-11.0.15.jar:/home/runner/.m2/repository/org/eclipse/jetty/jetty-security/11.0.15/jetty-security-11.0.15.jar:/home/runner/.m2/repository/org/eclipse/jetty/jetty-servlets/11.0.15/jetty-servlets-11.0.15.jar:/home/runner/.m2/repository/org/eclipse/jetty/jetty-util/11.0.15/jetty-util-11.0.15.jar:/home/runner/.m2/repository/org/eclipse/jetty/jetty-webapp/11.0.15/jetty-webapp-11.0.15.jar:/home/runner/.m2/repository/org/eclipse/jetty/jetty-xml/11.0.15/jetty-xml-11.0.15.jar:/home/runner/.m2/repository/org/eclipse/jetty/jetty-proxy/11.0.15/jetty-proxy-11.0.15.jar:/home/runner/.m2/repository/org/eclipse/jetty/jetty-client/11.0.15/jetty-client-11.0.15.jar:/home/runner/.m2/repository/org/eclipse/jetty/http2/http2-server/11.0.15/http2-server-11.0.15.jar:/home/runner/.m2/repository/org/eclipse/jetty/http2/http2-common/11.0.15/http2-common-11.0.15.jar:/home/runner/.m2/repository/org/eclipse/jetty/http2/http2-hpack/11.0.15/http2-hpack-11.0.15.jar:/home/runner/.m2/repository/org/eclipse/jetty/jetty-alpn-server/11.0.15/jetty-alpn-server-11.0.15.jar:/home/runner/.m2/repository/org/eclipse/jetty/jetty-alpn-java-server/11.0.15/jetty-alpn-java-server-11.0.15.jar:/home/runner/.m2/repository/org/eclipse/jetty/jetty-alpn-java-client/11.0.15/jetty-alpn-java-client-11.0.15.jar:/home/runner/.m2/repository/org/eclipse/jetty/jetty-alpn-client/11.0.15/jetty-alpn-client-11.0.15.jar:/home/runner/.m2/repository/org/apache/httpcomponents/client5/httpclient5/5.2.1/httpclient5-5.2.1.jar:/home/runner/.m2/repository/org/apache/httpcomponents/core5/httpcore5/5.2/httpcore5-5.2.jar:/home/runner/.m2/repository/org/apache/httpcomponents/core5/httpcore5-h2/5.2/httpcore5-h2-5.2.jar:/home/runner/.m2/repository/org/xmlunit/xmlunit-core/2.9.1/xmlunit-core-2.9.1.jar:/home/runner/.m2/repository/jakarta/xml/bind/jakarta.xml.bind-api/4.0.2/jakarta.xml.bind-api-4.0.2.jar:/home/runner/.m2/repository/org/xmlunit/xmlunit-legacy/2.9.1/xmlunit-legacy-2.9.1.jar:/home/runner/.m2/repository/org/xmlunit/xmlunit-placeholders/2.9.1/xmlunit-placeholders-2.9.1.jar:/home/runner/.m2/repository/net/javacrumbs/json-unit/json-unit-core/2.38.0/json-unit-core-2.38.0.jar:/home/runner/.m2/repository/com/jayway/jsonpath/json-path/2.8.0/json-path-2.8.0.jar:/home/runner/.m2/repository/net/minidev/json-smart/2.4.10/json-smart-2.4.10.jar:/home/runner/.m2/repository/net/minidev/accessors-smart/2.4.9/accessors-smart-2.4.9.jar:/home/runner/.m2/repository/org/ow2/asm/asm/9.7.1/asm-9.7.1.jar:/home/runner/.m2/repository/net/sf/jopt-simple/jopt-simple/5.0.4/jopt-simple-5.0.4.jar:/home/runner/.m2/repository/com/github/jknack/handlebars/4.3.1/handlebars-4.3.1.jar:/home/runner/.m2/repository/com/github/jknack/handlebars-helpers/4.3.1/handlebars-helpers-4.3.1.jar:/home/runner/.m2/repository/commons-fileupload/commons-fileupload/1.5/commons-fileupload-1.5.jar:/home/runner/.m2/repository/com/networknt/json-schema-validator/1.5.5/json-schema-validator-1.5.5.jar:/home/runner/.m2/repository/com/ethlo/time/itu/1.10.3/itu-1.10.3.jar:/home/runner/.m2/repository/io/quarkus/quarkus-smallrye-jwt-build/3.20.1/quarkus-smallrye-jwt-build-3.20.1.jar:/home/runner/.m2/repository/io/smallrye/smallrye-jwt-build/4.6.1/smallrye-jwt-build-4.6.1.jar:/home/runner/.m2/repository/org/eclipse/microprofile/jwt/microprofile-jwt-auth-api/2.1/microprofile-jwt-auth-api-2.1.jar:/home/runner/.m2/repository/org/bitbucket/b_c/jose4j/0.9.6/jose4j-0.9.6.jar:/home/runner/.m2/repository/io/smallrye/smallrye-jwt-common/4.6.1/smallrye-jwt-common-4.6.1.jar:/home/runner/.m2/repository/io/quarkus/quarkus-jsonp/3.20.1/quarkus-jsonp-3.20.1.jar:/home/runner/.m2/repository/io/quarkus/quarkus-arc/3.20.1/quarkus-arc-3.20.1.jar:/home/runner/.m2/repository/io/quarkus/arc/arc/3.20.1/arc-3.20.1.jar:/home/runner/.m2/repository/jakarta/transaction/jakarta.transaction-api/2.0.1/jakarta.transaction-api-2.0.1.jar:/home/runner/.m2/repository/io/smallrye/reactive/mutiny/2.8.0/mutiny-2.8.0.jar:/home/runner/.m2/repository/org/jctools/jctools-core/4.0.5/jctools-core-4.0.5.jar:/home/runner/.m2/repository/org/eclipse/microprofile/context-propagation/microprofile-context-propagation-api/1.3/microprofile-context-propagation-api-1.3.jar:/home/runner/.m2/repository/io/apicurio/apicurio-common-rest-client-common/0.1.18.Final/apicurio-common-rest-client-common-0.1.18.Final.jar:/home/runner/work/apicurio-testing/apicurio-testing/clusters/ci419/namespaces/kafkasql/tests/integration/apicurio-registry/utils/maven-plugin/target/apicurio-registry-maven-plugin-3.0.11-SNAPSHOT.jar:/home/runner/.m2/repository/com/fasterxml/jackson/core/jackson-databind/2.18.2/jackson-databind-2.18.2.jar:/home/runner/.m2/repository/org/apache/avro/avro/1.12.0/avro-1.12.0.jar:/home/runner/.m2/repository/com/google/protobuf/protobuf-java/4.31.1/protobuf-java-4.31.1.jar:/home/runner/.m2/repository/com/google/protobuf/protobuf-java-util/4.31.1/protobuf-java-util-4.31.1.jar:/home/runner/.m2/repository/com/google/code/findbugs/jsr305/3.0.2/jsr305-3.0.2.jar:/home/runner/.m2/repository/com/google/code/gson/gson/2.12.1/gson-2.12.1.jar:/home/runner/.m2/repository/com/google/errorprone/error_prone_annotations/2.36.0/error_prone_annotations-2.36.0.jar:/home/runner/.m2/repository/com/google/j2objc/j2objc-annotations/2.8/j2objc-annotations-2.8.jar:/home/runner/work/apicurio-testing/apicurio-testing/clusters/ci419/namespaces/kafkasql/tests/integration/apicurio-registry/schema-util/util-provider/target/apicurio-registry-schema-util-provider-3.0.11-SNAPSHOT.jar:/home/runner/work/apicurio-testing/apicurio-testing/clusters/ci419/namespaces/kafkasql/tests/integration/apicurio-registry/schema-util/common/target/apicurio-registry-schema-util-common-3.0.11-SNAPSHOT.jar:/home/runner/.m2/repository/com/fasterxml/jackson/module/jackson-module-parameter-names/2.18.2/jackson-module-parameter-names-2.18.2.jar:/home/runner/.m2/repository/com/fasterxml/jackson/datatype/jackson-datatype-json-org/2.18.2/jackson-datatype-json-org-2.18.2.jar:/home/runner/work/apicurio-testing/apicurio-testing/clusters/ci419/namespaces/kafkasql/tests/integration/apicurio-registry/schema-util/json/target/apicurio-registry-schema-util-json-3.0.11-SNAPSHOT.jar:/home/runner/.m2/repository/com/github/erosb/everit-json-schema/1.14.5/everit-json-schema-1.14.5.jar:/home/runner/.m2/repository/commons-validator/commons-validator/1.9.0/commons-validator-1.9.0.jar:/home/runner/.m2/repository/commons-digester/commons-digester/2.1/commons-digester-2.1.jar:/home/runner/.m2/repository/commons-collections/commons-collections/3.2.2/commons-collections-3.2.2.jar:/home/runner/.m2/repository/com/damnhandy/handy-uri-templates/2.1.8/handy-uri-templates-2.1.8.jar:/home/runner/.m2/repository/joda-time/joda-time/2.10.2/joda-time-2.10.2.jar:/home/runner/.m2/repository/com/github/erosb/json-sKema/0.20.0/json-sKema-0.20.0.jar:/home/runner/.m2/repository/io/vertx/vertx-json-schema/4.5.14/vertx-json-schema-4.5.14.jar:/home/runner/work/apicurio-testing/apicurio-testing/clusters/ci419/namespaces/kafkasql/tests/integration/apicurio-registry/schema-util/protobuf/target/apicurio-registry-schema-util-protobuf-3.0.11-SNAPSHOT.jar:/home/runner/work/apicurio-testing/apicurio-testing/clusters/ci419/namespaces/kafkasql/tests/integration/apicurio-registry/utils/protobuf-schema-utilities/target/apicurio-registry-protobuf-schema-utilities-3.0.11-SNAPSHOT.jar:/home/runner/.m2/repository/com/google/api/grpc/proto-google-common-protos/2.52.0/proto-google-common-protos-2.52.0.jar:/home/runner/.m2/repository/com/squareup/wire/wire-schema-jvm/5.3.3/wire-schema-jvm-5.3.3.jar:/home/runner/.m2/repository/com/palantir/javapoet/javapoet/0.6.0/javapoet-0.6.0.jar:/home/runner/.m2/repository/com/squareup/kotlinpoet-jvm/2.0.0/kotlinpoet-jvm-2.0.0.jar:/home/runner/.m2/repository/org/jetbrains/kotlin/kotlin-reflect/2.0.21/kotlin-reflect-2.0.21.jar:/home/runner/.m2/repository/com/squareup/wire/wire-runtime-jvm/5.3.3/wire-runtime-jvm-5.3.3.jar:/home/runner/.m2/repository/com/ibm/icu/icu4j/76.1/icu4j-76.1.jar:/home/runner/.m2/repository/com/squareup/okio/okio-fakefilesystem/3.10.2/okio-fakefilesystem-3.10.2.jar:/home/runner/.m2/repository/com/squareup/okio/okio-fakefilesystem-jvm/3.10.2/okio-fakefilesystem-jvm-3.10.2.jar:/home/runner/.m2/repository/org/jetbrains/kotlinx/kotlinx-datetime-jvm/0.6.1/kotlinx-datetime-jvm-0.6.1.jar:/home/runner/work/apicurio-testing/apicurio-testing/clusters/ci419/namespaces/kafkasql/tests/integration/apicurio-registry/schema-util/asyncapi/target/apicurio-registry-schema-util-asyncapi-3.0.11-SNAPSHOT.jar:/home/runner/work/apicurio-testing/apicurio-testing/clusters/ci419/namespaces/kafkasql/tests/integration/apicurio-registry/schema-util/avro/target/apicurio-registry-schema-util-avro-3.0.11-SNAPSHOT.jar:/home/runner/work/apicurio-testing/apicurio-testing/clusters/ci419/namespaces/kafkasql/tests/integration/apicurio-registry/schema-util/graphql/target/apicurio-registry-schema-util-graphql-3.0.11-SNAPSHOT.jar:/home/runner/.m2/repository/com/graphql-java/graphql-java/22.3/graphql-java-22.3.jar:/home/runner/.m2/repository/com/graphql-java/java-dataloader/3.3.0/java-dataloader-3.3.0.jar:/home/runner/work/apicurio-testing/apicurio-testing/clusters/ci419/namespaces/kafkasql/tests/integration/apicurio-registry/schema-util/kconnect/target/apicurio-registry-schema-util-kconnect-3.0.11-SNAPSHOT.jar:/home/runner/work/apicurio-testing/apicurio-testing/clusters/ci419/namespaces/kafkasql/tests/integration/apicurio-registry/schema-util/openapi/target/apicurio-registry-schema-util-openapi-3.0.11-SNAPSHOT.jar:/home/runner/.m2/repository/io/apicurio/apicurio-data-models/2.2.1/apicurio-data-models-2.2.1.jar:/home/runner/.m2/repository/org/openapitools/openapidiff/openapi-diff-core/2.1.2/openapi-diff-core-2.1.2.jar:/home/runner/.m2/repository/io/swagger/parser/v3/swagger-parser/2.1.28/swagger-parser-2.1.28.jar:/home/runner/.m2/repository/io/swagger/parser/v3/swagger-parser-v2-converter/2.1.28/swagger-parser-v2-converter-2.1.28.jar:/home/runner/.m2/repository/io/swagger/swagger-core/1.6.16/swagger-core-1.6.16.jar:/home/runner/.m2/repository/io/swagger/swagger-models/1.6.16/swagger-models-1.6.16.jar:/home/runner/.m2/repository/io/swagger/swagger-annotations/1.6.16/swagger-annotations-1.6.16.jar:/home/runner/.m2/repository/io/swagger/swagger-parser/1.0.75/swagger-parser-1.0.75.jar:/home/runner/.m2/repository/io/swagger/swagger-parser-safe-url-resolver/1.0.75/swagger-parser-safe-url-resolver-1.0.75.jar:/home/runner/.m2/repository/io/swagger/swagger-compat-spec-parser/1.0.75/swagger-compat-spec-parser-1.0.75.jar:/home/runner/.m2/repository/com/github/java-json-tools/json-schema-validator/2.2.14/json-schema-validator-2.2.14.jar:/home/runner/.m2/repository/com/github/java-json-tools/jackson-coreutils-equivalence/1.0/jackson-coreutils-equivalence-1.0.jar:/home/runner/.m2/repository/com/github/java-json-tools/json-schema-core/1.2.14/json-schema-core-1.2.14.jar:/home/runner/.m2/repository/com/github/java-json-tools/uri-template/0.10/uri-template-0.10.jar:/home/runner/.m2/repository/com/googlecode/libphonenumber/libphonenumber/8.11.1/libphonenumber-8.11.1.jar:/home/runner/.m2/repository/com/j2html/j2html/1.6.0/j2html-1.6.0.jar:/home/runner/.m2/repository/org/apache/commons/commons-collections4/4.5.0/commons-collections4-4.5.0.jar:/home/runner/.m2/repository/org/apache/commons/commons-configuration2/2.12.0/commons-configuration2-2.12.0.jar:/home/runner/.m2/repository/org/apache/commons/commons-text/1.13.0/commons-text-1.13.0.jar:/home/runner/.m2/repository/org/slf4j/jcl-over-slf4j/2.0.17/jcl-over-slf4j-2.0.17.jar:/home/runner/.m2/repository/io/swagger/parser/v3/swagger-parser-v3/2.1.30/swagger-parser-v3-2.1.30.jar:/home/runner/.m2/repository/io/swagger/core/v3/swagger-models/2.2.34/swagger-models-2.2.34.jar:/home/runner/.m2/repository/io/swagger/core/v3/swagger-core/2.2.34/swagger-core-2.2.34.jar:/home/runner/.m2/repository/io/swagger/parser/v3/swagger-parser-core/2.1.30/swagger-parser-core-2.1.30.jar:/home/runner/.m2/repository/io/swagger/parser/v3/swagger-parser-safe-url-resolver/2.1.30/swagger-parser-safe-url-resolver-2.1.30.jar:/home/runner/work/apicurio-testing/apicurio-testing/clusters/ci419/namespaces/kafkasql/tests/integration/apicurio-registry/schema-util/wsdl/target/apicurio-registry-schema-util-wsdl-3.0.11-SNAPSHOT.jar:/home/runner/.m2/repository/wsdl4j/wsdl4j/1.6.3/wsdl4j-1.6.3.jar:/home/runner/work/apicurio-testing/apicurio-testing/clusters/ci419/namespaces/kafkasql/tests/integration/apicurio-registry/schema-util/xml/target/apicurio-registry-schema-util-xml-3.0.11-SNAPSHOT.jar:/home/runner/.m2/repository/org/apache/santuario/xmlsec/4.0.3/xmlsec-4.0.3.jar:/home/runner/.m2/repository/com/fasterxml/woodstox/woodstox-core/7.1.0/woodstox-core-7.1.0.jar:/home/runner/.m2/repository/org/codehaus/woodstox/stax2-api/4.2.2/stax2-api-4.2.2.jar:/home/runner/work/apicurio-testing/apicurio-testing/clusters/ci419/namespaces/kafkasql/tests/integration/apicurio-registry/schema-util/xsd/target/apicurio-registry-schema-util-xsd-3.0.11-SNAPSHOT.jar:/home/runner/work/apicurio-testing/apicurio-testing/clusters/ci419/namespaces/kafkasql/tests/integration/apicurio-registry/serdes/kafka/jsonschema-serde/target/apicurio-registry-jsonschema-serde-kafka-3.0.11-SNAPSHOT.jar:/home/runner/work/apicurio-testing/apicurio-testing/clusters/ci419/namespaces/kafkasql/tests/integration/apicurio-registry/serdes/kafka/serde-kafka-common/target/apicurio-registry-serde-kafka-common-3.0.11-SNAPSHOT.jar:/home/runner/work/apicurio-testing/apicurio-testing/clusters/ci419/namespaces/kafkasql/tests/integration/apicurio-registry/serdes/generic/serde-common/target/apicurio-registry-serde-common-3.0.11-SNAPSHOT.jar:/home/runner/work/apicurio-testing/apicurio-testing/clusters/ci419/namespaces/kafkasql/tests/integration/apicurio-registry/serdes/generic/serde-common-jsonschema/target/apicurio-registry-serde-common-jsonschema-3.0.11-SNAPSHOT.jar:/home/runner/.m2/repository/org/json/json/20250107/json-20250107.jar:/home/runner/work/apicurio-testing/apicurio-testing/clusters/ci419/namespaces/kafkasql/tests/integration/apicurio-registry/serdes/kafka/avro-serde/target/apicurio-registry-avro-serde-kafka-3.0.11-SNAPSHOT.jar:/home/runner/work/apicurio-testing/apicurio-testing/clusters/ci419/namespaces/kafkasql/tests/integration/apicurio-registry/serdes/generic/serde-common-avro/target/apicurio-registry-serde-common-avro-3.0.11-SNAPSHOT.jar:/home/runner/work/apicurio-testing/apicurio-testing/clusters/ci419/namespaces/kafkasql/tests/integration/apicurio-registry/serdes/kafka/protobuf-serde/target/apicurio-registry-protobuf-serde-kafka-3.0.11-SNAPSHOT.jar:/home/runner/work/apicurio-testing/apicurio-testing/clusters/ci419/namespaces/kafkasql/tests/integration/apicurio-registry/serdes/generic/serde-common-protobuf/target/apicurio-registry-serde-common-protobuf-3.0.11-SNAPSHOT.jar:/home/runner/.m2/repository/com/squareup/wire/wire-schema/5.3.3/wire-schema-5.3.3.jar:/home/runner/.m2/repository/com/squareup/wire/wire-runtime/5.3.3/wire-runtime-5.3.3.jar:/home/runner/work/apicurio-testing/apicurio-testing/clusters/ci419/namespaces/kafkasql/tests/integration/apicurio-registry/serdes/pulsar/avro-serde/target/apicurio-registry-avro-serde-pulsar-3.0.11-SNAPSHOT.jar:/home/runner/.m2/repository/org/apache/pulsar/pulsar-functions-api/3.3.4/pulsar-functions-api-3.3.4.jar:/home/runner/work/apicurio-testing/apicurio-testing/clusters/ci419/namespaces/kafkasql/tests/integration/apicurio-registry/serdes/nats/avro-serde/target/apicurio-registry-avro-serde-nats-3.0.11-SNAPSHOT.jar:/home/runner/.m2/repository/io/nats/jnats/2.20.5/jnats-2.20.5.jar:/home/runner/.m2/repository/net/i2p/crypto/eddsa/0.3.0/eddsa-0.3.0.jar:/home/runner/work/apicurio-testing/apicurio-testing/clusters/ci419/namespaces/kafkasql/tests/integration/apicurio-registry/utils/converter/target/apicurio-registry-utils-converter-3.0.11-SNAPSHOT.jar:/home/runner/work/apicurio-testing/apicurio-testing/clusters/ci419/namespaces/kafkasql/tests/integration/apicurio-registry/schema-resolver/target/apicurio-registry-schema-resolver-3.0.11-SNAPSHOT.jar:/home/runner/.m2/repository/org/apache/kafka/connect-api/3.9.1/connect-api-3.9.1.jar:/home/runner/.m2/repository/javax/ws/rs/javax.ws.rs-api/2.1.1/javax.ws.rs-api-2.1.1.jar:/home/runner/.m2/repository/org/apache/kafka/connect-json/3.9.1/connect-json-3.9.1.jar:/home/runner/.m2/repository/com/fasterxml/jackson/datatype/jackson-datatype-jdk8/2.18.2/jackson-datatype-jdk8-2.18.2.jar:/home/runner/.m2/repository/com/fasterxml/jackson/module/jackson-module-afterburner/2.18.2/jackson-module-afterburner-2.18.2.jar:/home/runner/work/apicurio-testing/apicurio-testing/clusters/ci419/namespaces/kafkasql/tests/integration/apicurio-registry/utils/kafka/target/apicurio-registry-utils-kafka-3.0.11-SNAPSHOT.jar:/home/runner/.m2/repository/org/apache/pulsar/pulsar-client/3.3.4/pulsar-client-3.3.4.jar:/home/runner/.m2/repository/org/apache/pulsar/pulsar-client-api/3.3.4/pulsar-client-api-3.3.4.jar:/home/runner/.m2/repository/org/apache/pulsar/pulsar-client-admin-api/3.3.4/pulsar-client-admin-api-3.3.4.jar:/home/runner/.m2/repository/org/apache/pulsar/bouncy-castle-bc/3.3.4/bouncy-castle-bc-3.3.4-pkg.jar:/home/runner/.m2/repository/org/bouncycastle/bcpkix-jdk18on/1.80/bcpkix-jdk18on-1.80.jar:/home/runner/.m2/repository/org/bouncycastle/bcutil-jdk18on/1.80/bcutil-jdk18on-1.80.jar:/home/runner/.m2/repository/org/bouncycastle/bcprov-jdk18on/1.80/bcprov-jdk18on-1.80.jar:/home/runner/.m2/repository/io/opentelemetry/opentelemetry-api/1.44.1/opentelemetry-api-1.44.1.jar:/home/runner/.m2/repository/io/opentelemetry/opentelemetry-context/1.44.1/opentelemetry-context-1.44.1.jar:/home/runner/.m2/repository/io/opentelemetry/opentelemetry-api-incubator/1.44.1-alpha/opentelemetry-api-incubator-1.44.1-alpha.jar:/home/runner/.m2/repository/com/fasterxml/jackson/core/jackson-annotations/2.18.2/jackson-annotations-2.18.2.jar:/home/runner/.m2/repository/javax/validation/validation-api/1.1.0.Final/validation-api-1.1.0.Final.jar:/home/runner/.m2/repository/io/confluent/kafka-avro-serializer/8.0.0/kafka-avro-serializer-8.0.0.jar:/home/runner/.m2/repository/org/apache/commons/commons-compress/1.27.1/commons-compress-1.27.1.jar:/home/runner/.m2/repository/io/confluent/kafka-schema-serializer/8.0.0/kafka-schema-serializer-8.0.0.jar:/home/runner/.m2/repository/com/fasterxml/jackson/dataformat/jackson-dataformat-csv/2.18.2/jackson-dataformat-csv-2.18.2.jar:/home/runner/.m2/repository/io/confluent/kafka-schema-registry-client/8.0.0/kafka-schema-registry-client-8.0.0.jar:/home/runner/.m2/repository/org/yaml/snakeyaml/2.3/snakeyaml-2.3.jar:/home/runner/.m2/repository/io/swagger/core/v3/swagger-annotations/2.2.29/swagger-annotations-2.2.29.jar:/home/runner/.m2/repository/com/google/guava/guava/33.4.0-jre/guava-33.4.0-jre.jar:/home/runner/.m2/repository/com/google/guava/failureaccess/1.0.1/failureaccess-1.0.1.jar:/home/runner/.m2/repository/org/checkerframework/checker-qual/3.49.0/checker-qual-3.49.0.jar:/home/runner/.m2/repository/io/confluent/logredactor/1.0.13/logredactor-1.0.13.jar:/home/runner/.m2/repository/com/google/re2j/re2j/1.6/re2j-1.6.jar:/home/runner/.m2/repository/io/confluent/logredactor-metrics/1.0.13/logredactor-metrics-1.0.13.jar:/home/runner/.m2/repository/com/eclipsesource/minimal-json/minimal-json/0.9.5/minimal-json-0.9.5.jar:/home/runner/.m2/repository/io/confluent/common-utils/8.0.0/common-utils-8.0.0.jar:/home/runner/.m2/repository/io/confluent/kafka-connect-avro-converter/8.0.0/kafka-connect-avro-converter-8.0.0.jar:/home/runner/.m2/repository/io/confluent/kafka-connect-avro-data/8.0.0/kafka-connect-avro-data-8.0.0.jar:/home/runner/.m2/repository/io/confluent/kafka-schema-converter/8.0.0/kafka-schema-converter-8.0.0.jar:/home/runner/.m2/repository/io/rest-assured/rest-assured/5.5.1/rest-assured-5.5.1.jar:/home/runner/.m2/repository/org/apache/groovy/groovy/4.0.22/groovy-4.0.22.jar:/home/runner/.m2/repository/org/apache/groovy/groovy-xml/4.0.22/groovy-xml-4.0.22.jar:/home/runner/.m2/repository/org/apache/httpcomponents/httpclient/4.5.14/httpclient-4.5.14.jar:/home/runner/.m2/repository/org/apache/httpcomponents/httpcore/4.4.16/httpcore-4.4.16.jar:/home/runner/.m2/repository/org/apache/httpcomponents/httpmime/4.5.14/httpmime-4.5.14.jar:/home/runner/.m2/repository/org/hamcrest/hamcrest/2.2/hamcrest-2.2.jar:/home/runner/.m2/repository/org/ccil/cowan/tagsoup/tagsoup/1.2.1/tagsoup-1.2.1.jar:/home/runner/.m2/repository/io/rest-assured/json-path/5.5.1/json-path-5.5.1.jar:/home/runner/.m2/repository/org/apache/groovy/groovy-json/4.0.22/groovy-json-4.0.22.jar:/home/runner/.m2/repository/io/rest-assured/rest-assured-common/5.5.1/rest-assured-common-5.5.1.jar:/home/runner/.m2/repository/io/rest-assured/xml-path/5.5.1/xml-path-5.5.1.jar:/home/runner/.m2/repository/io/zonky/test/embedded-postgres/2.1.0/embedded-postgres-2.1.0.jar:/home/runner/.m2/repository/io/zonky/test/postgres/embedded-postgres-binaries-windows-amd64/14.15.0/embedded-postgres-binaries-windows-amd64-14.15.0.jar:/home/runner/.m2/repository/io/zonky/test/postgres/embedded-postgres-binaries-darwin-amd64/14.15.0/embedded-postgres-binaries-darwin-amd64-14.15.0.jar:/home/runner/.m2/repository/io/zonky/test/postgres/embedded-postgres-binaries-linux-amd64/14.15.0/embedded-postgres-binaries-linux-amd64-14.15.0.jar:/home/runner/.m2/repository/io/zonky/test/postgres/embedded-postgres-binaries-linux-amd64-alpine/14.15.0/embedded-postgres-binaries-linux-amd64-alpine-14.15.0.jar:/home/runner/.m2/repository/org/apache/commons/commons-lang3/3.17.0/commons-lang3-3.17.0.jar:/home/runner/.m2/repository/org/tukaani/xz/1.10/xz-1.10.jar:/home/runner/.m2/repository/commons-codec/commons-codec/1.18.0/commons-codec-1.18.0.jar:/home/runner/.m2/repository/org/postgresql/postgresql/42.7.5/postgresql-42.7.5.jar:/home/runner/.m2/repository/commons-io/commons-io/2.18.0/commons-io-2.18.0.jar:/home/runner/work/apicurio-testing/apicurio-testing/clusters/ci419/namespaces/kafkasql/tests/integration/apicurio-registry/utils/importexport/target/apicurio-registry-utils-import-export-3.0.11-SNAPSHOT.jar:/home/runner/.m2/repository/io/vertx/vertx-core/4.5.14/vertx-core-4.5.14.jar:/home/runner/.m2/repository/io/netty/netty-common/4.1.119.Final/netty-common-4.1.119.Final.jar:/home/runner/.m2/repository/io/netty/netty-buffer/4.1.119.Final/netty-buffer-4.1.119.Final.jar:/home/runner/.m2/repository/io/netty/netty-transport/4.1.119.Final/netty-transport-4.1.119.Final.jar:/home/runner/.m2/repository/io/netty/netty-handler/4.1.119.Final/netty-handler-4.1.119.Final.jar:/home/runner/.m2/repository/io/netty/netty-transport-native-unix-common/4.1.119.Final/netty-transport-native-unix-common-4.1.119.Final.jar:/home/runner/.m2/repository/io/netty/netty-codec/4.1.119.Final/netty-codec-4.1.119.Final.jar:/home/runner/.m2/repository/io/netty/netty-handler-proxy/4.1.119.Final/netty-handler-proxy-4.1.119.Final.jar:/home/runner/.m2/repository/io/netty/netty-codec-socks/4.1.119.Final/netty-codec-socks-4.1.119.Final.jar:/home/runner/.m2/repository/io/netty/netty-codec-http/4.1.119.Final/netty-codec-http-4.1.119.Final.jar:/home/runner/.m2/repository/io/netty/netty-codec-http2/4.1.119.Final/netty-codec-http2-4.1.119.Final.jar:/home/runner/.m2/repository/io/netty/netty-resolver/4.1.119.Final/netty-resolver-4.1.119.Final.jar:/home/runner/.m2/repository/io/netty/netty-resolver-dns/4.1.119.Final/netty-resolver-dns-4.1.119.Final.jar:/home/runner/.m2/repository/io/netty/netty-codec-dns/4.1.119.Final/netty-codec-dns-4.1.119.Final.jar:/home/runner/.m2/repository/com/fasterxml/jackson/core/jackson-core/2.18.2/jackson-core-2.18.2.jar:"/>
    <property name="sun.cpu.endian" value="little"/>
    <property name="user.home" value="/home/runner"/>
    <property name="user.language" value="en"/>
    <property name="jboss.log-version" value="false"/>
    <property name="java.specification.vendor" value="Oracle Corporation"/>
    <property name="java.version.date" value="2025-07-15"/>
    <property name="java.home" value="/usr/lib/jvm/temurin-17-jdk-amd64"/>
    <property name="file.separator" value="/"/>
    <property name="basedir" value="/home/runner/work/apicurio-testing/apicurio-testing/clusters/ci419/namespaces/kafkasql/tests/integration/apicurio-registry/integration-tests"/>
    <property name="java.vm.compressedOopsMode" value="32-bit"/>
    <property name="line.separator" value="&#10;"/>
    <property name="java.specification.name" value="Java Platform API Specification"/>
    <property name="java.vm.specification.vendor" value="Oracle Corporation"/>
    <property name="quarkus.http.test-host" value="registry-app-kafkasql.apps.ci419.apicurio-testing.org"/>
    <property name="surefire.real.class.path" value="/home/runner/work/apicurio-testing/apicurio-testing/clusters/ci419/namespaces/kafkasql/tests/integration/apicurio-registry/integration-tests/target/surefire/surefirebooter-20250731170421362_3.jar"/>
    <property name="sun.management.compiler" value="HotSpot 64-Bit Tiered Compilers"/>
    <property name="org.eclipse.jetty.http.HttpGenerator.STRICT" value="true"/>
    <property name="java.runtime.version" value="17.0.16+8"/>
    <property name="user.name" value="runner"/>
    <property name="path.separator" value=":"/>
    <property name="os.version" value="6.8.0-1031-azure"/>
    <property name="java.runtime.name" value="OpenJDK Runtime Environment"/>
    <property name="file.encoding" value="UTF-8"/>
    <property name="jnidispatch.path" value="/home/runner/.cache/JNA/temp/jna6473497202307855764.tmp"/>
    <property name="java.vm.name" value="OpenJDK 64-Bit Server VM"/>
    <property name="jna.platform.library.path" value="/usr/lib/x86_64-linux-gnu:/lib/x86_64-linux-gnu:/usr/lib64:/lib64:/usr/lib:/lib:/lib32:/usr/local/lib:/usr/lib/x86_64-linux-gnu/libfakeroot"/>
    <property name="java.vendor.version" value="Temurin-17.0.16+8"/>
    <property name="quarkus.oidc.token-path" value="https://keycloak-kafkasql.apps.ci419.apicurio-testing.org/realms/registry/protocol/openid-connect/token"/>
    <property name="quarkus.http.host" value="registry-app-kafkasql.apps.ci419.apicurio-testing.org"/>
    <property name="localRepository" value="/home/runner/.m2/repository"/>
    <property name="javax.xml.xpath.XPathFactory:http://java.sun.com/jaxp/xpath/dom" value="com.sun.org.apache.xpath.internal.jaxp.XPathFactoryImpl"/>
    <property name="jna.loaded" value="true"/>
    <property name="java.vendor.url.bug" value="https://github.com/adoptium/adoptium-support/issues"/>
    <property name="jetty.git.hash" value="5bc5e562c8d05c5862505aebe5cf83a61bdbcb96"/>
    <property name="java.io.tmpdir" value="/tmp"/>
    <property name="quarkus.http.test-protocol" value="http"/>
    <property name="java.version" value="17.0.16"/>
    <property name="user.dir" value="/home/runner/work/apicurio-testing/apicurio-testing/clusters/ci419/namespaces/kafkasql/tests/integration/apicurio-registry/integration-tests"/>
    <property name="os.arch" value="amd64"/>
    <property name="groups" value="( smoke | serdes | acceptance | ui)"/>
    <property name="java.vm.specification.name" value="Java Virtual Machine Specification"/>
    <property name="native.encoding" value="UTF-8"/>
    <property name="java.util.logging.manager" value="org.jboss.logmanager.LogManager"/>
    <property name="java.library.path" value="/usr/java/packages/lib:/usr/lib64:/lib64:/lib:/usr/lib"/>
    <property name="jdk.console" value="java.base"/>
    <property name="java.vm.info" value="mixed mode, sharing"/>
    <property name="java.vendor" value="Eclipse Adoptium"/>
    <property name="java.vm.version" value="17.0.16+8"/>
    <property name="java.specification.maintenance.version" value="1"/>
    <property name="sun.io.unicode.encoding" value="UnicodeLittle"/>
    <property name="javax.xml.transform.TransformerFactory" value="com.sun.org.apache.xalan.internal.xsltc.trax.TransformerFactoryImpl"/>
    <property name="java.class.version" value="61.0"/>
  </properties>
  <testcase name="testEvolveAvroConfluent" classname="io.apicurio.tests.serdes.confluent.BasicConfluentSerDesIT" time="4.492">
    <system-out><![CDATA[**** Registry Base URL: http://registry-app-kafkasql.apps.ci419.apicurio-testing.org:80
**** Registry Base URL: http://registry-app-kafkasql.apps.ci419.apicurio-testing.org:80
2025-07-31 17:06:07,439 INFO  [io.api.tes.ser.con.BasicConfluentSerDesIT] (main) RestAssured configured with http://registry-app-kafkasql.apps.ci419.apicurio-testing.org:80/apis/registry/v3
**** Registry Base URL: http://registry-app-kafkasql.apps.ci419.apicurio-testing.org:80
2025-07-31 17:06:07,528 INFO  [io.api.tes.ser.con.BasicConfluentSerDesIT] (main) Deleting confluent schema subj_e391bf51_4d97_4a0e_8fca_6b2a2b172272-value
2025-07-31 17:06:07,587 INFO  [io.api.tes.ser.con.BasicConfluentSerDesIT] (main) Deleting confluent schema subj_99caca4b_0d55_477b_984f_22f88521e40e-value
2025-07-31 17:06:07,626 INFO  [io.api.tes.ser.con.BasicConfluentSerDesIT] (main) Deleting confluent schema CUSTOMERS-key
2025-07-31 17:06:07,664 INFO  [io.api.tes.ser.con.BasicConfluentSerDesIT] (main) Deleting confluent schema CUSTOMERS.Value
2025-07-31 17:06:07,703 INFO  [io.api.tes.ser.con.BasicConfluentSerDesIT] (main) Deleting confluent schema CUSTOMERS-value
2025-07-31 17:06:07,744 INFO  [io.api.tes.ser.con.BasicConfluentSerDesIT] (main) Deleting confluent schema subj_b285b367_dbff_4ecc_a851_a3d98e53af99-value
2025-07-31 17:06:07,782 INFO  [io.api.tes.ser.con.BasicConfluentSerDesIT] (main) Deleting confluent schema topic-3c120448_e07a_4813_be06_5c08758fe9a5-value
2025-07-31 17:06:07,821 INFO  [io.api.tes.ser.con.BasicConfluentSerDesIT] (main) Deleting confluent schema topic-b75039dc_9adf_427e_b380_78fb322c0d63-value
2025-07-31 17:06:07,860 INFO  [io.api.tes.ser.con.BasicConfluentSerDesIT] (main) Deleting confluent schema topic-81bf5714_e8d7_447c_a6ca_d54087302438-value
2025-07-31 17:06:07,900 INFO  [io.api.tes.ser.con.BasicConfluentSerDesIT] (main) Deleting confluent schema topic-626a948c_cadf_489e_813c_6c700a796e6e-value
2025-07-31 17:06:07,937 INFO  [io.api.tes.ser.con.BasicConfluentSerDesIT] (main) Deleting confluent schema topic-b8baf743_7435_42ee_8f1e_5fc94520fb77-value
2025-07-31 17:06:07,976 INFO  [io.api.tes.ser.con.BasicConfluentSerDesIT] (main) Deleting confluent schema topic-30b1a554_53c5_4a15_a2f8_c3cd8d327f6a-value
2025-07-31 17:06:08,041 INFO  [io.api.tes.ser.con.BasicConfluentSerDesIT] (main) Deleting confluent schema myrecordconfluent
2025-07-31 17:06:08,079 INFO  [io.api.tes.ser.con.BasicConfluentSerDesIT] (main) Deleting confluent schema topic-e7c989e9_b48a_4ae4_8a37_b6acf4994d49
2025-07-31 17:06:08,120 INFO  [io.api.tes.ser.con.BasicConfluentSerDesIT] (main) Deleting confluent schema topic-3a7b99ce_0512_4a9a_bda3_251f26733f49-value
2025-07-31 17:06:08,156 INFO  [io.api.tes.ser.con.BasicConfluentSerDesIT] (main) Deleting confluent schema topic-20f0ceaf_5182_4717_b888_ebd0d71e6e22
2025-07-31 17:06:08,195 INFO  [io.api.tes.ser.con.BasicConfluentSerDesIT] (main) Deleting confluent schema topic-8e5474f9_d6f6_455b_a1e7_aa0c7d5236dc-value
2025-07-31 17:06:08,233 INFO  [io.api.tes.ser.con.BasicConfluentSerDesIT] (main) Deleting confluent schema topic-1f739edc_c68f_4f78_9cf8_32dd57666a60
2025-07-31 17:06:08,273 INFO  [io.api.tes.ser.con.BasicConfluentSerDesIT] (main) Deleting confluent schema google/protobuf/timestamp.proto
2025-07-31 17:06:08,316 INFO  [io.api.tes.ser.con.BasicConfluentSerDesIT] (main) Deleting confluent schema topic-aaf31ae2_e19d_4af1_afcc_50aa447d4910-value
2025-07-31 17:06:08,354 INFO  [io.api.tes.ser.con.BasicConfluentSerDesIT] (main) Deleting confluent schema topic-42235aec_8159_4337_a1a2_1bbb388bfb89-value
2025-07-31 17:06:08,391 INFO  [io.api.tes.ser.con.BasicConfluentSerDesIT] (main) Deleting confluent schema topic-2812e2d0_a6e4_4dac_97b9_69679f29c15b-value
2025-07-31 17:06:08,428 INFO  [io.api.tes.ser.con.BasicConfluentSerDesIT] (main) Deleting confluent schema topic-541bb4a5_b34f_4dec_b88f_230a58694813-value
2025-07-31 17:06:08,473 INFO  [io.api.tes.uti.KafkaFacade] (main) Skipping deployment of kafka, because it's already deployed
2025-07-31 17:06:08,474 INFO  [io.api.tes.uti.TestSeparator] (main) ############################################################################
2025-07-31 17:06:08,474 INFO  [io.api.tes.uti.TestSeparator] (main) io.apicurio.tests.serdes.confluent.BasicConfluentSerDesIT.testEvolveAvroConfluent-STARTED
2025-07-31 17:06:08,476 INFO  [org.apa.kaf.cli.adm.AdminClientConfig] (main) AdminClientConfig values: 
	auto.include.jmx.reporter = true
	bootstrap.controllers = []
	bootstrap.servers = [PLAINTEXT://localhost:32770]
	client.dns.lookup = use_all_dns_ips
	client.id = 
	connections.max.idle.ms = 10000
	default.api.timeout.ms = 60000
	enable.metrics.push = true
	metadata.max.age.ms = 300000
	metadata.recovery.strategy = none
	metric.reporters = []
	metrics.num.samples = 2
	metrics.recording.level = INFO
	metrics.sample.window.ms = 30000
	receive.buffer.bytes = 65536
	reconnect.backoff.max.ms = 1000
	reconnect.backoff.ms = 50
	request.timeout.ms = 5000
	retries = 2147483647
	retry.backoff.max.ms = 1000
	retry.backoff.ms = 100
	sasl.client.callback.handler.class = null
	sasl.jaas.config = null
	sasl.kerberos.kinit.cmd = /usr/bin/kinit
	sasl.kerberos.min.time.before.relogin = 60000
	sasl.kerberos.service.name = null
	sasl.kerberos.ticket.renew.jitter = 0.05
	sasl.kerberos.ticket.renew.window.factor = 0.8
	sasl.login.callback.handler.class = null
	sasl.login.class = null
	sasl.login.connect.timeout.ms = null
	sasl.login.read.timeout.ms = null
	sasl.login.refresh.buffer.seconds = 300
	sasl.login.refresh.min.period.seconds = 60
	sasl.login.refresh.window.factor = 0.8
	sasl.login.refresh.window.jitter = 0.05
	sasl.login.retry.backoff.max.ms = 10000
	sasl.login.retry.backoff.ms = 100
	sasl.mechanism = GSSAPI
	sasl.oauthbearer.clock.skew.seconds = 30
	sasl.oauthbearer.expected.audience = null
	sasl.oauthbearer.expected.issuer = null
	sasl.oauthbearer.header.urlencode = false
	sasl.oauthbearer.jwks.endpoint.refresh.ms = 3600000
	sasl.oauthbearer.jwks.endpoint.retry.backoff.max.ms = 10000
	sasl.oauthbearer.jwks.endpoint.retry.backoff.ms = 100
	sasl.oauthbearer.jwks.endpoint.url = null
	sasl.oauthbearer.scope.claim.name = scope
	sasl.oauthbearer.sub.claim.name = sub
	sasl.oauthbearer.token.endpoint.url = null
	security.protocol = PLAINTEXT
	security.providers = null
	send.buffer.bytes = 131072
	socket.connection.setup.timeout.max.ms = 30000
	socket.connection.setup.timeout.ms = 10000
	ssl.cipher.suites = null
	ssl.enabled.protocols = [TLSv1.2, TLSv1.3]
	ssl.endpoint.identification.algorithm = https
	ssl.engine.factory.class = null
	ssl.key.password = null
	ssl.keymanager.algorithm = SunX509
	ssl.keystore.certificate.chain = null
	ssl.keystore.key = null
	ssl.keystore.location = null
	ssl.keystore.password = null
	ssl.keystore.type = JKS
	ssl.protocol = TLSv1.3
	ssl.provider = null
	ssl.secure.random.implementation = null
	ssl.trustmanager.algorithm = PKIX
	ssl.truststore.certificates = null
	ssl.truststore.location = null
	ssl.truststore.password = null
	ssl.truststore.type = JKS

2025-07-31 17:06:08,477 INFO  [org.apa.kaf.com.uti.AppInfoParser] (main) Kafka version: 3.9.1
2025-07-31 17:06:08,478 INFO  [org.apa.kaf.com.uti.AppInfoParser] (main) Kafka commitId: f745dfdcee2b9851
2025-07-31 17:06:08,478 INFO  [org.apa.kaf.com.uti.AppInfoParser] (main) Kafka startTimeMs: 1753981568477
2025-07-31 17:06:08,674 INFO  [io.api.tes.ser.con.BasicConfluentSerDesIT] (main) Checking that created schema is equal to the get schema
2025-07-31 17:06:08,707 INFO  [io.api.tes.ser.con.BasicConfluentSerDesIT] (main) Created schema with id:95 and name:sc780290cx9285x491ex87abxb16cecccef00
**** Registry Base URL: http://registry-app-kafkasql.apps.ci419.apicurio-testing.org:80
2025-07-31 17:06:08,714 INFO  [org.apa.kaf.cli.pro.ProducerConfig] (main) ProducerConfig values: 
	acks = -1
	auto.include.jmx.reporter = true
	batch.size = 16384
	bootstrap.servers = [PLAINTEXT://localhost:32770]
	buffer.memory = 33554432
	client.dns.lookup = use_all_dns_ips
	client.id = Producer-topic-c3c68a3a_4028_4277_99cb_707901c0e428
	compression.gzip.level = -1
	compression.lz4.level = 9
	compression.type = none
	compression.zstd.level = 3
	connections.max.idle.ms = 10000
	delivery.timeout.ms = 120000
	enable.idempotence = true
	enable.metrics.push = true
	interceptor.classes = []
	key.serializer = class org.apache.kafka.common.serialization.StringSerializer
	linger.ms = 0
	max.block.ms = 60000
	max.in.flight.requests.per.connection = 5
	max.request.size = 1048576
	metadata.max.age.ms = 300000
	metadata.max.idle.ms = 300000
	metadata.recovery.strategy = none
	metric.reporters = []
	metrics.num.samples = 2
	metrics.recording.level = INFO
	metrics.sample.window.ms = 30000
	partitioner.adaptive.partitioning.enable = true
	partitioner.availability.timeout.ms = 0
	partitioner.class = null
	partitioner.ignore.keys = false
	receive.buffer.bytes = 32768
	reconnect.backoff.max.ms = 1000
	reconnect.backoff.ms = 50
	request.timeout.ms = 5000
	retries = 2147483647
	retry.backoff.max.ms = 1000
	retry.backoff.ms = 100
	sasl.client.callback.handler.class = null
	sasl.jaas.config = null
	sasl.kerberos.kinit.cmd = /usr/bin/kinit
	sasl.kerberos.min.time.before.relogin = 60000
	sasl.kerberos.service.name = null
	sasl.kerberos.ticket.renew.jitter = 0.05
	sasl.kerberos.ticket.renew.window.factor = 0.8
	sasl.login.callback.handler.class = null
	sasl.login.class = null
	sasl.login.connect.timeout.ms = null
	sasl.login.read.timeout.ms = null
	sasl.login.refresh.buffer.seconds = 300
	sasl.login.refresh.min.period.seconds = 60
	sasl.login.refresh.window.factor = 0.8
	sasl.login.refresh.window.jitter = 0.05
	sasl.login.retry.backoff.max.ms = 10000
	sasl.login.retry.backoff.ms = 100
	sasl.mechanism = GSSAPI
	sasl.oauthbearer.clock.skew.seconds = 30
	sasl.oauthbearer.expected.audience = null
	sasl.oauthbearer.expected.issuer = null
	sasl.oauthbearer.header.urlencode = false
	sasl.oauthbearer.jwks.endpoint.refresh.ms = 3600000
	sasl.oauthbearer.jwks.endpoint.retry.backoff.max.ms = 10000
	sasl.oauthbearer.jwks.endpoint.retry.backoff.ms = 100
	sasl.oauthbearer.jwks.endpoint.url = null
	sasl.oauthbearer.scope.claim.name = scope
	sasl.oauthbearer.sub.claim.name = sub
	sasl.oauthbearer.token.endpoint.url = null
	security.protocol = PLAINTEXT
	security.providers = null
	send.buffer.bytes = 131072
	socket.connection.setup.timeout.max.ms = 30000
	socket.connection.setup.timeout.ms = 10000
	ssl.cipher.suites = null
	ssl.enabled.protocols = [TLSv1.2, TLSv1.3]
	ssl.endpoint.identification.algorithm = https
	ssl.engine.factory.class = null
	ssl.key.password = null
	ssl.keymanager.algorithm = SunX509
	ssl.keystore.certificate.chain = null
	ssl.keystore.key = null
	ssl.keystore.location = null
	ssl.keystore.password = null
	ssl.keystore.type = JKS
	ssl.protocol = TLSv1.3
	ssl.provider = null
	ssl.secure.random.implementation = null
	ssl.trustmanager.algorithm = PKIX
	ssl.truststore.certificates = null
	ssl.truststore.location = null
	ssl.truststore.password = null
	ssl.truststore.type = JKS
	transaction.timeout.ms = 60000
	transactional.id = null
	value.serializer = class io.confluent.kafka.serializers.KafkaAvroSerializer

2025-07-31 17:06:08,715 INFO  [org.apa.kaf.com.tel.int.KafkaMetricsCollector] (main) initializing Kafka metrics collector
2025-07-31 17:06:08,717 INFO  [io.con.kaf.ser.KafkaAvroSerializerConfig] (main) KafkaAvroSerializerConfig values: 
	auto.register.schemas = false
	avro.reflection.allow.null = false
	avro.remove.java.properties = false
	avro.use.logical.type.converters = false
	basic.auth.credentials.source = URL
	basic.auth.user.info = [hidden]
	bearer.auth.cache.expiry.buffer.seconds = 300
	bearer.auth.client.id = null
	bearer.auth.client.secret = null
	bearer.auth.credentials.source = STATIC_TOKEN
	bearer.auth.custom.provider.class = null
	bearer.auth.identity.pool.id = null
	bearer.auth.issuer.endpoint.url = null
	bearer.auth.logical.cluster = null
	bearer.auth.scope = null
	bearer.auth.scope.claim.name = scope
	bearer.auth.sub.claim.name = sub
	bearer.auth.token = [hidden]
	context.name.strategy = class io.confluent.kafka.serializers.context.NullContextNameStrategy
	http.connect.timeout.ms = 60000
	http.read.timeout.ms = 60000
	id.compatibility.strict = true
	key.schema.id.deserializer = class io.confluent.kafka.serializers.schema.id.DualSchemaIdDeserializer
	key.schema.id.serializer = class io.confluent.kafka.serializers.schema.id.PrefixSchemaIdSerializer
	key.subject.name.strategy = class io.confluent.kafka.serializers.subject.TopicNameStrategy
	latest.cache.size = 1000
	latest.cache.ttl.sec = -1
	latest.compatibility.strict = true
	max.retries = 3
	max.schemas.per.subject = 1000
	normalize.schemas = false
	propagate.schema.tags = false
	proxy.host = 
	proxy.port = -1
	retries.max.wait.ms = 20000
	retries.wait.ms = 1000
	rule.actions = []
	rule.executors = []
	rule.service.loader.enable = true
	schema.format = null
	schema.reflection = false
	schema.registry.basic.auth.user.info = [hidden]
	schema.registry.ssl.cipher.suites = null
	schema.registry.ssl.enabled.protocols = [TLSv1.2, TLSv1.3]
	schema.registry.ssl.endpoint.identification.algorithm = https
	schema.registry.ssl.engine.factory.class = null
	schema.registry.ssl.key.password = null
	schema.registry.ssl.keymanager.algorithm = SunX509
	schema.registry.ssl.keystore.certificate.chain = null
	schema.registry.ssl.keystore.key = null
	schema.registry.ssl.keystore.location = null
	schema.registry.ssl.keystore.password = null
	schema.registry.ssl.keystore.type = JKS
	schema.registry.ssl.protocol = TLSv1.3
	schema.registry.ssl.provider = null
	schema.registry.ssl.secure.random.implementation = null
	schema.registry.ssl.trustmanager.algorithm = PKIX
	schema.registry.ssl.truststore.certificates = null
	schema.registry.ssl.truststore.location = null
	schema.registry.ssl.truststore.password = null
	schema.registry.ssl.truststore.type = JKS
	schema.registry.url = [http://registry-app-kafkasql.apps.ci419.apicurio-testing.org:80/apis/ccompat/v7]
	schema.registry.url.randomize = false
	use.latest.version = false
	use.latest.with.metadata = null
	use.schema.id = -1
	value.schema.id.deserializer = class io.confluent.kafka.serializers.schema.id.DualSchemaIdDeserializer
	value.schema.id.serializer = class io.confluent.kafka.serializers.schema.id.PrefixSchemaIdSerializer
	value.subject.name.strategy = class io.confluent.kafka.serializers.subject.TopicRecordNameStrategy

2025-07-31 17:06:08,736 INFO  [org.apa.kaf.cli.pro.KafkaProducer] (main) [Producer clientId=Producer-topic-c3c68a3a_4028_4277_99cb_707901c0e428] Instantiated an idempotent producer.
2025-07-31 17:06:08,739 INFO  [org.apa.kaf.cli.pro.ProducerConfig] (main) These configurations '[schema.registry.url, auto.register.schemas, value.subject.name.strategy]' were supplied but are not used yet.
2025-07-31 17:06:08,739 INFO  [org.apa.kaf.com.uti.AppInfoParser] (main) Kafka version: 3.9.1
2025-07-31 17:06:08,739 INFO  [org.apa.kaf.com.uti.AppInfoParser] (main) Kafka commitId: f745dfdcee2b9851
2025-07-31 17:06:08,739 INFO  [org.apa.kaf.com.uti.AppInfoParser] (main) Kafka startTimeMs: 1753981568739
**** Registry Base URL: http://registry-app-kafkasql.apps.ci419.apicurio-testing.org:80
2025-07-31 17:06:08,745 INFO  [org.apa.kaf.cli.con.ConsumerConfig] (main) ConsumerConfig values: 
	allow.auto.create.topics = true
	auto.commit.interval.ms = 500
	auto.include.jmx.reporter = true
	auto.offset.reset = earliest
	bootstrap.servers = [PLAINTEXT://localhost:32770]
	check.crcs = true
	client.dns.lookup = use_all_dns_ips
	client.id = consumer-Consumer-topic-c3c68a3a_4028_4277_99cb_707901c0e428-27
	client.rack = 
	connections.max.idle.ms = 10000
	default.api.timeout.ms = 60000
	enable.auto.commit = true
	enable.metrics.push = true
	exclude.internal.topics = true
	fetch.max.bytes = 52428800
	fetch.max.wait.ms = 500
	fetch.min.bytes = 1
	group.id = Consumer-topic-c3c68a3a_4028_4277_99cb_707901c0e428
	group.instance.id = null
	group.protocol = classic
	group.remote.assignor = null
	heartbeat.interval.ms = 3000
	interceptor.classes = []
	internal.leave.group.on.close = true
	internal.throw.on.fetch.stable.offset.unsupported = false
	isolation.level = read_uncommitted
	key.deserializer = class org.apache.kafka.common.serialization.StringDeserializer
	max.partition.fetch.bytes = 1048576
	max.poll.interval.ms = 300000
	max.poll.records = 500
	metadata.max.age.ms = 300000
	metadata.recovery.strategy = none
	metric.reporters = []
	metrics.num.samples = 2
	metrics.recording.level = INFO
	metrics.sample.window.ms = 30000
	partition.assignment.strategy = [class org.apache.kafka.clients.consumer.RangeAssignor, class org.apache.kafka.clients.consumer.CooperativeStickyAssignor]
	receive.buffer.bytes = 65536
	reconnect.backoff.max.ms = 1000
	reconnect.backoff.ms = 50
	request.timeout.ms = 5000
	retry.backoff.max.ms = 1000
	retry.backoff.ms = 100
	sasl.client.callback.handler.class = null
	sasl.jaas.config = null
	sasl.kerberos.kinit.cmd = /usr/bin/kinit
	sasl.kerberos.min.time.before.relogin = 60000
	sasl.kerberos.service.name = null
	sasl.kerberos.ticket.renew.jitter = 0.05
	sasl.kerberos.ticket.renew.window.factor = 0.8
	sasl.login.callback.handler.class = null
	sasl.login.class = null
	sasl.login.connect.timeout.ms = null
	sasl.login.read.timeout.ms = null
	sasl.login.refresh.buffer.seconds = 300
	sasl.login.refresh.min.period.seconds = 60
	sasl.login.refresh.window.factor = 0.8
	sasl.login.refresh.window.jitter = 0.05
	sasl.login.retry.backoff.max.ms = 10000
	sasl.login.retry.backoff.ms = 100
	sasl.mechanism = GSSAPI
	sasl.oauthbearer.clock.skew.seconds = 30
	sasl.oauthbearer.expected.audience = null
	sasl.oauthbearer.expected.issuer = null
	sasl.oauthbearer.header.urlencode = false
	sasl.oauthbearer.jwks.endpoint.refresh.ms = 3600000
	sasl.oauthbearer.jwks.endpoint.retry.backoff.max.ms = 10000
	sasl.oauthbearer.jwks.endpoint.retry.backoff.ms = 100
	sasl.oauthbearer.jwks.endpoint.url = null
	sasl.oauthbearer.scope.claim.name = scope
	sasl.oauthbearer.sub.claim.name = sub
	sasl.oauthbearer.token.endpoint.url = null
	security.protocol = PLAINTEXT
	security.providers = null
	send.buffer.bytes = 131072
	session.timeout.ms = 45000
	socket.connection.setup.timeout.max.ms = 30000
	socket.connection.setup.timeout.ms = 10000
	ssl.cipher.suites = null
	ssl.enabled.protocols = [TLSv1.2, TLSv1.3]
	ssl.endpoint.identification.algorithm = https
	ssl.engine.factory.class = null
	ssl.key.password = null
	ssl.keymanager.algorithm = SunX509
	ssl.keystore.certificate.chain = null
	ssl.keystore.key = null
	ssl.keystore.location = null
	ssl.keystore.password = null
	ssl.keystore.type = JKS
	ssl.protocol = TLSv1.3
	ssl.provider = null
	ssl.secure.random.implementation = null
	ssl.trustmanager.algorithm = PKIX
	ssl.truststore.certificates = null
	ssl.truststore.location = null
	ssl.truststore.password = null
	ssl.truststore.type = JKS
	value.deserializer = class io.confluent.kafka.serializers.KafkaAvroDeserializer

2025-07-31 17:06:08,745 INFO  [org.apa.kaf.com.tel.int.KafkaMetricsCollector] (main) initializing Kafka metrics collector
2025-07-31 17:06:08,746 INFO  [org.apa.kaf.cli.Metadata] (kafka-producer-network-thread | Producer-topic-c3c68a3a_4028_4277_99cb_707901c0e428) [Producer clientId=Producer-topic-c3c68a3a_4028_4277_99cb_707901c0e428] Cluster ID: WpqyxNU-RHKB_ermmfvksw
2025-07-31 17:06:08,746 INFO  [org.apa.kaf.cli.pro.int.TransactionManager] (kafka-producer-network-thread | Producer-topic-c3c68a3a_4028_4277_99cb_707901c0e428) [Producer clientId=Producer-topic-c3c68a3a_4028_4277_99cb_707901c0e428] ProducerId set to 36 with epoch 0
2025-07-31 17:06:08,747 INFO  [io.con.kaf.ser.KafkaAvroDeserializerConfig] (main) KafkaAvroDeserializerConfig values: 
	auto.register.schemas = true
	avro.reflection.allow.null = false
	avro.use.logical.type.converters = false
	basic.auth.credentials.source = URL
	basic.auth.user.info = [hidden]
	bearer.auth.cache.expiry.buffer.seconds = 300
	bearer.auth.client.id = null
	bearer.auth.client.secret = null
	bearer.auth.credentials.source = STATIC_TOKEN
	bearer.auth.custom.provider.class = null
	bearer.auth.identity.pool.id = null
	bearer.auth.issuer.endpoint.url = null
	bearer.auth.logical.cluster = null
	bearer.auth.scope = null
	bearer.auth.scope.claim.name = scope
	bearer.auth.sub.claim.name = sub
	bearer.auth.token = [hidden]
	context.name.strategy = class io.confluent.kafka.serializers.context.NullContextNameStrategy
	http.connect.timeout.ms = 60000
	http.read.timeout.ms = 60000
	id.compatibility.strict = true
	key.schema.id.deserializer = class io.confluent.kafka.serializers.schema.id.DualSchemaIdDeserializer
	key.schema.id.serializer = class io.confluent.kafka.serializers.schema.id.PrefixSchemaIdSerializer
	key.subject.name.strategy = class io.confluent.kafka.serializers.subject.TopicNameStrategy
	latest.cache.size = 1000
	latest.cache.ttl.sec = -1
	latest.compatibility.strict = true
	max.retries = 3
	max.schemas.per.subject = 1000
	normalize.schemas = false
	propagate.schema.tags = false
	proxy.host = 
	proxy.port = -1
	retries.max.wait.ms = 20000
	retries.wait.ms = 1000
	rule.actions = []
	rule.executors = []
	rule.service.loader.enable = true
	schema.format = null
	schema.reflection = false
	schema.registry.basic.auth.user.info = [hidden]
	schema.registry.ssl.cipher.suites = null
	schema.registry.ssl.enabled.protocols = [TLSv1.2, TLSv1.3]
	schema.registry.ssl.endpoint.identification.algorithm = https
	schema.registry.ssl.engine.factory.class = null
	schema.registry.ssl.key.password = null
	schema.registry.ssl.keymanager.algorithm = SunX509
	schema.registry.ssl.keystore.certificate.chain = null
	schema.registry.ssl.keystore.key = null
	schema.registry.ssl.keystore.location = null
	schema.registry.ssl.keystore.password = null
	schema.registry.ssl.keystore.type = JKS
	schema.registry.ssl.protocol = TLSv1.3
	schema.registry.ssl.provider = null
	schema.registry.ssl.secure.random.implementation = null
	schema.registry.ssl.trustmanager.algorithm = PKIX
	schema.registry.ssl.truststore.certificates = null
	schema.registry.ssl.truststore.location = null
	schema.registry.ssl.truststore.password = null
	schema.registry.ssl.truststore.type = JKS
	schema.registry.url = [http://registry-app-kafkasql.apps.ci419.apicurio-testing.org:80/apis/ccompat/v7]
	schema.registry.url.randomize = false
	specific.avro.key.type = null
	specific.avro.reader = false
	specific.avro.value.type = null
	use.latest.version = false
	use.latest.with.metadata = null
	use.schema.id = -1
	value.schema.id.deserializer = class io.confluent.kafka.serializers.schema.id.DualSchemaIdDeserializer
	value.schema.id.serializer = class io.confluent.kafka.serializers.schema.id.PrefixSchemaIdSerializer
	value.subject.name.strategy = class io.confluent.kafka.serializers.subject.TopicNameStrategy

2025-07-31 17:06:08,751 INFO  [org.apa.kaf.cli.con.ConsumerConfig] (main) These configurations '[schema.registry.url]' were supplied but are not used yet.
2025-07-31 17:06:08,751 INFO  [org.apa.kaf.com.uti.AppInfoParser] (main) Kafka version: 3.9.1
2025-07-31 17:06:08,751 INFO  [org.apa.kaf.com.uti.AppInfoParser] (main) Kafka commitId: f745dfdcee2b9851
2025-07-31 17:06:08,751 INFO  [org.apa.kaf.com.uti.AppInfoParser] (main) Kafka startTimeMs: 1753981568751
2025-07-31 17:06:08,752 INFO  [io.api.tes.ser.api.KafkaSerdesTester] (Thread-821) Sending message {"key1": "value-0"} to topic topic-c3c68a3a_4028_4277_99cb_707901c0e428
2025-07-31 17:06:08,794 INFO  [io.api.tes.ser.api.KafkaSerdesTester] (Thread-821) Sending message {"key1": "value-1"} to topic topic-c3c68a3a_4028_4277_99cb_707901c0e428
2025-07-31 17:06:08,799 INFO  [io.api.tes.ser.api.KafkaSerdesTester] (Thread-821) Sending message {"key1": "value-2"} to topic topic-c3c68a3a_4028_4277_99cb_707901c0e428
2025-07-31 17:06:08,800 INFO  [io.api.tes.ser.api.KafkaSerdesTester] (Thread-821) Sending message {"key1": "value-3"} to topic topic-c3c68a3a_4028_4277_99cb_707901c0e428
2025-07-31 17:06:08,802 INFO  [io.api.tes.ser.api.KafkaSerdesTester] (Thread-821) Sending message {"key1": "value-4"} to topic topic-c3c68a3a_4028_4277_99cb_707901c0e428
2025-07-31 17:06:08,804 INFO  [io.api.tes.ser.api.KafkaSerdesTester] (Thread-821) Sending message {"key1": "value-5"} to topic topic-c3c68a3a_4028_4277_99cb_707901c0e428
2025-07-31 17:06:08,806 INFO  [io.api.tes.ser.api.KafkaSerdesTester] (Thread-821) Sending message {"key1": "value-6"} to topic topic-c3c68a3a_4028_4277_99cb_707901c0e428
2025-07-31 17:06:08,810 INFO  [io.api.tes.ser.api.KafkaSerdesTester] (Thread-821) Sending message {"key1": "value-7"} to topic topic-c3c68a3a_4028_4277_99cb_707901c0e428
2025-07-31 17:06:08,811 INFO  [io.api.tes.ser.api.KafkaSerdesTester] (Thread-821) Sending message {"key1": "value-8"} to topic topic-c3c68a3a_4028_4277_99cb_707901c0e428
2025-07-31 17:06:08,812 INFO  [io.api.tes.ser.api.KafkaSerdesTester] (Thread-821) Sending message {"key1": "value-9"} to topic topic-c3c68a3a_4028_4277_99cb_707901c0e428
2025-07-31 17:06:08,813 INFO  [io.api.tes.ser.api.KafkaSerdesTester] (Thread-821) Produced 10 messages
2025-07-31 17:06:08,813 INFO  [org.apa.kaf.cli.pro.KafkaProducer] (Thread-821) [Producer clientId=Producer-topic-c3c68a3a_4028_4277_99cb_707901c0e428] Closing the Kafka producer with timeoutMillis = 9223372036854775807 ms.
2025-07-31 17:06:08,815 INFO  [org.apa.kaf.com.met.Metrics] (Thread-821) Metrics scheduler closed
2025-07-31 17:06:08,815 INFO  [org.apa.kaf.com.met.Metrics] (Thread-821) Closing reporter org.apache.kafka.common.metrics.JmxReporter
2025-07-31 17:06:08,816 INFO  [org.apa.kaf.com.met.Metrics] (Thread-821) Closing reporter org.apache.kafka.common.telemetry.internals.ClientTelemetryReporter
2025-07-31 17:06:08,816 INFO  [org.apa.kaf.com.met.Metrics] (Thread-821) Metrics reporters closed
2025-07-31 17:06:08,816 INFO  [org.apa.kaf.com.uti.AppInfoParser] (Thread-821) App info kafka.producer for Producer-topic-c3c68a3a_4028_4277_99cb_707901c0e428 unregistered
2025-07-31 17:06:08,817 INFO  [org.apa.kaf.cli.con.int.ClassicKafkaConsumer] (Thread-822) [Consumer clientId=consumer-Consumer-topic-c3c68a3a_4028_4277_99cb_707901c0e428-27, groupId=Consumer-topic-c3c68a3a_4028_4277_99cb_707901c0e428] Subscribed to topic(s): topic-c3c68a3a_4028_4277_99cb_707901c0e428
2025-07-31 17:06:08,820 INFO  [org.apa.kaf.cli.Metadata] (Thread-822) [Consumer clientId=consumer-Consumer-topic-c3c68a3a_4028_4277_99cb_707901c0e428-27, groupId=Consumer-topic-c3c68a3a_4028_4277_99cb_707901c0e428] Cluster ID: WpqyxNU-RHKB_ermmfvksw
2025-07-31 17:06:08,820 INFO  [org.apa.kaf.cli.con.int.ConsumerCoordinator] (Thread-822) [Consumer clientId=consumer-Consumer-topic-c3c68a3a_4028_4277_99cb_707901c0e428-27, groupId=Consumer-topic-c3c68a3a_4028_4277_99cb_707901c0e428] Discovered group coordinator localhost:32770 (id: 2147483647 rack: null)
2025-07-31 17:06:08,822 INFO  [org.apa.kaf.cli.con.int.ConsumerCoordinator] (Thread-822) [Consumer clientId=consumer-Consumer-topic-c3c68a3a_4028_4277_99cb_707901c0e428-27, groupId=Consumer-topic-c3c68a3a_4028_4277_99cb_707901c0e428] (Re-)joining group
2025-07-31 17:06:08,825 INFO  [org.apa.kaf.cli.con.int.ConsumerCoordinator] (Thread-822) [Consumer clientId=consumer-Consumer-topic-c3c68a3a_4028_4277_99cb_707901c0e428-27, groupId=Consumer-topic-c3c68a3a_4028_4277_99cb_707901c0e428] Request joining group due to: need to re-join with the given member-id: consumer-Consumer-topic-c3c68a3a_4028_4277_99cb_707901c0e428-27-228d13af-6014-4aaa-b078-0eb27a0582fe
2025-07-31 17:06:08,826 INFO  [org.apa.kaf.cli.con.int.ConsumerCoordinator] (Thread-822) [Consumer clientId=consumer-Consumer-topic-c3c68a3a_4028_4277_99cb_707901c0e428-27, groupId=Consumer-topic-c3c68a3a_4028_4277_99cb_707901c0e428] (Re-)joining group
2025-07-31 17:06:08,828 INFO  [org.apa.kaf.cli.con.int.ConsumerCoordinator] (Thread-822) [Consumer clientId=consumer-Consumer-topic-c3c68a3a_4028_4277_99cb_707901c0e428-27, groupId=Consumer-topic-c3c68a3a_4028_4277_99cb_707901c0e428] Successfully joined group with generation Generation{generationId=1, memberId='consumer-Consumer-topic-c3c68a3a_4028_4277_99cb_707901c0e428-27-228d13af-6014-4aaa-b078-0eb27a0582fe', protocol='range'}
2025-07-31 17:06:08,829 INFO  [org.apa.kaf.cli.con.int.ConsumerCoordinator] (Thread-822) [Consumer clientId=consumer-Consumer-topic-c3c68a3a_4028_4277_99cb_707901c0e428-27, groupId=Consumer-topic-c3c68a3a_4028_4277_99cb_707901c0e428] Finished assignment for group at generation 1: {consumer-Consumer-topic-c3c68a3a_4028_4277_99cb_707901c0e428-27-228d13af-6014-4aaa-b078-0eb27a0582fe=Assignment(partitions=[topic-c3c68a3a_4028_4277_99cb_707901c0e428-0])}
2025-07-31 17:06:08,831 INFO  [org.apa.kaf.cli.con.int.ConsumerCoordinator] (Thread-822) [Consumer clientId=consumer-Consumer-topic-c3c68a3a_4028_4277_99cb_707901c0e428-27, groupId=Consumer-topic-c3c68a3a_4028_4277_99cb_707901c0e428] Successfully synced group in generation Generation{generationId=1, memberId='consumer-Consumer-topic-c3c68a3a_4028_4277_99cb_707901c0e428-27-228d13af-6014-4aaa-b078-0eb27a0582fe', protocol='range'}
2025-07-31 17:06:08,831 INFO  [org.apa.kaf.cli.con.int.ConsumerCoordinator] (Thread-822) [Consumer clientId=consumer-Consumer-topic-c3c68a3a_4028_4277_99cb_707901c0e428-27, groupId=Consumer-topic-c3c68a3a_4028_4277_99cb_707901c0e428] Notifying assignor about the new Assignment(partitions=[topic-c3c68a3a_4028_4277_99cb_707901c0e428-0])
2025-07-31 17:06:08,831 INFO  [org.apa.kaf.cli.con.int.ConsumerRebalanceListenerInvoker] (Thread-822) [Consumer clientId=consumer-Consumer-topic-c3c68a3a_4028_4277_99cb_707901c0e428-27, groupId=Consumer-topic-c3c68a3a_4028_4277_99cb_707901c0e428] Adding newly assigned partitions: topic-c3c68a3a_4028_4277_99cb_707901c0e428-0
2025-07-31 17:06:08,832 INFO  [org.apa.kaf.cli.con.int.ConsumerCoordinator] (Thread-822) [Consumer clientId=consumer-Consumer-topic-c3c68a3a_4028_4277_99cb_707901c0e428-27, groupId=Consumer-topic-c3c68a3a_4028_4277_99cb_707901c0e428] Found no committed offset for partition topic-c3c68a3a_4028_4277_99cb_707901c0e428-0
2025-07-31 17:06:08,837 INFO  [org.apa.kaf.cli.con.int.SubscriptionState] (Thread-822) [Consumer clientId=consumer-Consumer-topic-c3c68a3a_4028_4277_99cb_707901c0e428-27, groupId=Consumer-topic-c3c68a3a_4028_4277_99cb_707901c0e428] Resetting offset for partition topic-c3c68a3a_4028_4277_99cb_707901c0e428-0 to position FetchPosition{offset=0, offsetEpoch=Optional.empty, currentLeader=LeaderAndEpoch{leader=Optional[localhost:32770 (id: 0 rack: null)], epoch=0}}.
2025-07-31 17:06:08,858 INFO  [io.api.tes.ser.api.KafkaSerdesTester] (Thread-822) topic-c3c68a3a_4028_4277_99cb_707901c0e428 0 0 {"key1": "value-0"}
2025-07-31 17:06:08,859 INFO  [io.api.tes.ser.api.KafkaSerdesTester] (Thread-822) topic-c3c68a3a_4028_4277_99cb_707901c0e428 0 1 {"key1": "value-1"}
2025-07-31 17:06:08,859 INFO  [io.api.tes.ser.api.KafkaSerdesTester] (Thread-822) topic-c3c68a3a_4028_4277_99cb_707901c0e428 0 2 {"key1": "value-2"}
2025-07-31 17:06:08,859 INFO  [io.api.tes.ser.api.KafkaSerdesTester] (Thread-822) topic-c3c68a3a_4028_4277_99cb_707901c0e428 0 3 {"key1": "value-3"}
2025-07-31 17:06:08,859 INFO  [io.api.tes.ser.api.KafkaSerdesTester] (Thread-822) topic-c3c68a3a_4028_4277_99cb_707901c0e428 0 4 {"key1": "value-4"}
2025-07-31 17:06:08,859 INFO  [io.api.tes.ser.api.KafkaSerdesTester] (Thread-822) topic-c3c68a3a_4028_4277_99cb_707901c0e428 0 5 {"key1": "value-5"}
2025-07-31 17:06:08,859 INFO  [io.api.tes.ser.api.KafkaSerdesTester] (Thread-822) topic-c3c68a3a_4028_4277_99cb_707901c0e428 0 6 {"key1": "value-6"}
2025-07-31 17:06:08,859 INFO  [io.api.tes.ser.api.KafkaSerdesTester] (Thread-822) topic-c3c68a3a_4028_4277_99cb_707901c0e428 0 7 {"key1": "value-7"}
2025-07-31 17:06:08,859 INFO  [io.api.tes.ser.api.KafkaSerdesTester] (Thread-822) topic-c3c68a3a_4028_4277_99cb_707901c0e428 0 8 {"key1": "value-8"}
2025-07-31 17:06:08,859 INFO  [io.api.tes.ser.api.KafkaSerdesTester] (Thread-822) topic-c3c68a3a_4028_4277_99cb_707901c0e428 0 9 {"key1": "value-9"}
2025-07-31 17:06:08,859 INFO  [io.api.tes.ser.api.KafkaSerdesTester] (Thread-822) Consumed 10 messages
2025-07-31 17:06:08,865 INFO  [org.apa.kaf.cli.con.int.ConsumerRebalanceListenerInvoker] (Thread-822) [Consumer clientId=consumer-Consumer-topic-c3c68a3a_4028_4277_99cb_707901c0e428-27, groupId=Consumer-topic-c3c68a3a_4028_4277_99cb_707901c0e428] Revoke previously assigned partitions topic-c3c68a3a_4028_4277_99cb_707901c0e428-0
2025-07-31 17:06:08,865 INFO  [org.apa.kaf.cli.con.int.ConsumerCoordinator] (Thread-822) [Consumer clientId=consumer-Consumer-topic-c3c68a3a_4028_4277_99cb_707901c0e428-27, groupId=Consumer-topic-c3c68a3a_4028_4277_99cb_707901c0e428] Member consumer-Consumer-topic-c3c68a3a_4028_4277_99cb_707901c0e428-27-228d13af-6014-4aaa-b078-0eb27a0582fe sending LeaveGroup request to coordinator localhost:32770 (id: 2147483647 rack: null) due to the consumer is being closed
2025-07-31 17:06:08,866 INFO  [org.apa.kaf.cli.con.int.ConsumerCoordinator] (Thread-822) [Consumer clientId=consumer-Consumer-topic-c3c68a3a_4028_4277_99cb_707901c0e428-27, groupId=Consumer-topic-c3c68a3a_4028_4277_99cb_707901c0e428] Resetting generation and member id due to: consumer pro-actively leaving the group
2025-07-31 17:06:08,866 INFO  [org.apa.kaf.cli.con.int.ConsumerCoordinator] (Thread-822) [Consumer clientId=consumer-Consumer-topic-c3c68a3a_4028_4277_99cb_707901c0e428-27, groupId=Consumer-topic-c3c68a3a_4028_4277_99cb_707901c0e428] Request joining group due to: consumer pro-actively leaving the group
2025-07-31 17:06:09,363 INFO  [org.apa.kaf.com.met.Metrics] (Thread-822) Metrics scheduler closed
2025-07-31 17:06:09,363 INFO  [org.apa.kaf.com.met.Metrics] (Thread-822) Closing reporter org.apache.kafka.common.metrics.JmxReporter
2025-07-31 17:06:09,363 INFO  [org.apa.kaf.com.met.Metrics] (Thread-822) Closing reporter org.apache.kafka.common.telemetry.internals.ClientTelemetryReporter
2025-07-31 17:06:09,363 INFO  [org.apa.kaf.com.met.Metrics] (Thread-822) Metrics reporters closed
2025-07-31 17:06:09,366 INFO  [org.apa.kaf.com.uti.AppInfoParser] (Thread-822) App info kafka.consumer for consumer-Consumer-topic-c3c68a3a_4028_4277_99cb_707901c0e428-27 unregistered
**** Registry Base URL: http://registry-app-kafkasql.apps.ci419.apicurio-testing.org:80
2025-07-31 17:06:10,428 INFO  [org.apa.kaf.cli.pro.ProducerConfig] (main) ProducerConfig values: 
	acks = -1
	auto.include.jmx.reporter = true
	batch.size = 16384
	bootstrap.servers = [PLAINTEXT://localhost:32770]
	buffer.memory = 33554432
	client.dns.lookup = use_all_dns_ips
	client.id = Producer-topic-c3c68a3a_4028_4277_99cb_707901c0e428
	compression.gzip.level = -1
	compression.lz4.level = 9
	compression.type = none
	compression.zstd.level = 3
	connections.max.idle.ms = 10000
	delivery.timeout.ms = 120000
	enable.idempotence = true
	enable.metrics.push = true
	interceptor.classes = []
	key.serializer = class org.apache.kafka.common.serialization.StringSerializer
	linger.ms = 0
	max.block.ms = 60000
	max.in.flight.requests.per.connection = 5
	max.request.size = 1048576
	metadata.max.age.ms = 300000
	metadata.max.idle.ms = 300000
	metadata.recovery.strategy = none
	metric.reporters = []
	metrics.num.samples = 2
	metrics.recording.level = INFO
	metrics.sample.window.ms = 30000
	partitioner.adaptive.partitioning.enable = true
	partitioner.availability.timeout.ms = 0
	partitioner.class = null
	partitioner.ignore.keys = false
	receive.buffer.bytes = 32768
	reconnect.backoff.max.ms = 1000
	reconnect.backoff.ms = 50
	request.timeout.ms = 5000
	retries = 2147483647
	retry.backoff.max.ms = 1000
	retry.backoff.ms = 100
	sasl.client.callback.handler.class = null
	sasl.jaas.config = null
	sasl.kerberos.kinit.cmd = /usr/bin/kinit
	sasl.kerberos.min.time.before.relogin = 60000
	sasl.kerberos.service.name = null
	sasl.kerberos.ticket.renew.jitter = 0.05
	sasl.kerberos.ticket.renew.window.factor = 0.8
	sasl.login.callback.handler.class = null
	sasl.login.class = null
	sasl.login.connect.timeout.ms = null
	sasl.login.read.timeout.ms = null
	sasl.login.refresh.buffer.seconds = 300
	sasl.login.refresh.min.period.seconds = 60
	sasl.login.refresh.window.factor = 0.8
	sasl.login.refresh.window.jitter = 0.05
	sasl.login.retry.backoff.max.ms = 10000
	sasl.login.retry.backoff.ms = 100
	sasl.mechanism = GSSAPI
	sasl.oauthbearer.clock.skew.seconds = 30
	sasl.oauthbearer.expected.audience = null
	sasl.oauthbearer.expected.issuer = null
	sasl.oauthbearer.header.urlencode = false
	sasl.oauthbearer.jwks.endpoint.refresh.ms = 3600000
	sasl.oauthbearer.jwks.endpoint.retry.backoff.max.ms = 10000
	sasl.oauthbearer.jwks.endpoint.retry.backoff.ms = 100
	sasl.oauthbearer.jwks.endpoint.url = null
	sasl.oauthbearer.scope.claim.name = scope
	sasl.oauthbearer.sub.claim.name = sub
	sasl.oauthbearer.token.endpoint.url = null
	security.protocol = PLAINTEXT
	security.providers = null
	send.buffer.bytes = 131072
	socket.connection.setup.timeout.max.ms = 30000
	socket.connection.setup.timeout.ms = 10000
	ssl.cipher.suites = null
	ssl.enabled.protocols = [TLSv1.2, TLSv1.3]
	ssl.endpoint.identification.algorithm = https
	ssl.engine.factory.class = null
	ssl.key.password = null
	ssl.keymanager.algorithm = SunX509
	ssl.keystore.certificate.chain = null
	ssl.keystore.key = null
	ssl.keystore.location = null
	ssl.keystore.password = null
	ssl.keystore.type = JKS
	ssl.protocol = TLSv1.3
	ssl.provider = null
	ssl.secure.random.implementation = null
	ssl.trustmanager.algorithm = PKIX
	ssl.truststore.certificates = null
	ssl.truststore.location = null
	ssl.truststore.password = null
	ssl.truststore.type = JKS
	transaction.timeout.ms = 60000
	transactional.id = null
	value.serializer = class io.confluent.kafka.serializers.KafkaAvroSerializer

2025-07-31 17:06:10,429 INFO  [org.apa.kaf.com.tel.int.KafkaMetricsCollector] (main) initializing Kafka metrics collector
2025-07-31 17:06:10,429 INFO  [io.con.kaf.ser.KafkaAvroSerializerConfig] (main) KafkaAvroSerializerConfig values: 
	auto.register.schemas = false
	avro.reflection.allow.null = false
	avro.remove.java.properties = false
	avro.use.logical.type.converters = false
	basic.auth.credentials.source = URL
	basic.auth.user.info = [hidden]
	bearer.auth.cache.expiry.buffer.seconds = 300
	bearer.auth.client.id = null
	bearer.auth.client.secret = null
	bearer.auth.credentials.source = STATIC_TOKEN
	bearer.auth.custom.provider.class = null
	bearer.auth.identity.pool.id = null
	bearer.auth.issuer.endpoint.url = null
	bearer.auth.logical.cluster = null
	bearer.auth.scope = null
	bearer.auth.scope.claim.name = scope
	bearer.auth.sub.claim.name = sub
	bearer.auth.token = [hidden]
	context.name.strategy = class io.confluent.kafka.serializers.context.NullContextNameStrategy
	http.connect.timeout.ms = 60000
	http.read.timeout.ms = 60000
	id.compatibility.strict = true
	key.schema.id.deserializer = class io.confluent.kafka.serializers.schema.id.DualSchemaIdDeserializer
	key.schema.id.serializer = class io.confluent.kafka.serializers.schema.id.PrefixSchemaIdSerializer
	key.subject.name.strategy = class io.confluent.kafka.serializers.subject.TopicNameStrategy
	latest.cache.size = 1000
	latest.cache.ttl.sec = -1
	latest.compatibility.strict = true
	max.retries = 3
	max.schemas.per.subject = 1000
	normalize.schemas = false
	propagate.schema.tags = false
	proxy.host = 
	proxy.port = -1
	retries.max.wait.ms = 20000
	retries.wait.ms = 1000
	rule.actions = []
	rule.executors = []
	rule.service.loader.enable = true
	schema.format = null
	schema.reflection = false
	schema.registry.basic.auth.user.info = [hidden]
	schema.registry.ssl.cipher.suites = null
	schema.registry.ssl.enabled.protocols = [TLSv1.2, TLSv1.3]
	schema.registry.ssl.endpoint.identification.algorithm = https
	schema.registry.ssl.engine.factory.class = null
	schema.registry.ssl.key.password = null
	schema.registry.ssl.keymanager.algorithm = SunX509
	schema.registry.ssl.keystore.certificate.chain = null
	schema.registry.ssl.keystore.key = null
	schema.registry.ssl.keystore.location = null
	schema.registry.ssl.keystore.password = null
	schema.registry.ssl.keystore.type = JKS
	schema.registry.ssl.protocol = TLSv1.3
	schema.registry.ssl.provider = null
	schema.registry.ssl.secure.random.implementation = null
	schema.registry.ssl.trustmanager.algorithm = PKIX
	schema.registry.ssl.truststore.certificates = null
	schema.registry.ssl.truststore.location = null
	schema.registry.ssl.truststore.password = null
	schema.registry.ssl.truststore.type = JKS
	schema.registry.url = [http://registry-app-kafkasql.apps.ci419.apicurio-testing.org:80/apis/ccompat/v7]
	schema.registry.url.randomize = false
	use.latest.version = false
	use.latest.with.metadata = null
	use.schema.id = -1
	value.schema.id.deserializer = class io.confluent.kafka.serializers.schema.id.DualSchemaIdDeserializer
	value.schema.id.serializer = class io.confluent.kafka.serializers.schema.id.PrefixSchemaIdSerializer
	value.subject.name.strategy = class io.confluent.kafka.serializers.subject.TopicRecordNameStrategy

2025-07-31 17:06:10,431 INFO  [org.apa.kaf.cli.pro.KafkaProducer] (main) [Producer clientId=Producer-topic-c3c68a3a_4028_4277_99cb_707901c0e428] Instantiated an idempotent producer.
2025-07-31 17:06:10,433 INFO  [org.apa.kaf.cli.pro.ProducerConfig] (main) These configurations '[schema.registry.url, auto.register.schemas, value.subject.name.strategy]' were supplied but are not used yet.
2025-07-31 17:06:10,433 INFO  [org.apa.kaf.com.uti.AppInfoParser] (main) Kafka version: 3.9.1
2025-07-31 17:06:10,433 INFO  [org.apa.kaf.com.uti.AppInfoParser] (main) Kafka commitId: f745dfdcee2b9851
2025-07-31 17:06:10,433 INFO  [org.apa.kaf.com.uti.AppInfoParser] (main) Kafka startTimeMs: 1753981570433
2025-07-31 17:06:10,435 INFO  [io.api.tes.ser.api.KafkaSerdesTester] (Thread-823) Sending message {"key1": "value-0", "key2": "value-0"} to topic topic-c3c68a3a_4028_4277_99cb_707901c0e428
2025-07-31 17:06:10,438 INFO  [org.apa.kaf.cli.Metadata] (kafka-producer-network-thread | Producer-topic-c3c68a3a_4028_4277_99cb_707901c0e428) [Producer clientId=Producer-topic-c3c68a3a_4028_4277_99cb_707901c0e428] Cluster ID: WpqyxNU-RHKB_ermmfvksw
2025-07-31 17:06:10,439 INFO  [org.apa.kaf.cli.pro.int.TransactionManager] (kafka-producer-network-thread | Producer-topic-c3c68a3a_4028_4277_99cb_707901c0e428) [Producer clientId=Producer-topic-c3c68a3a_4028_4277_99cb_707901c0e428] ProducerId set to 37 with epoch 0
2025-07-31 17:06:10,454 INFO  [io.api.tes.ser.api.KafkaSerdesTester] (Thread-823) Sending message {"key1": "value-1", "key2": "value-1"} to topic topic-c3c68a3a_4028_4277_99cb_707901c0e428
2025-07-31 17:06:10,456 INFO  [io.api.tes.ser.api.KafkaSerdesTester] (Thread-823) Sending message {"key1": "value-2", "key2": "value-2"} to topic topic-c3c68a3a_4028_4277_99cb_707901c0e428
2025-07-31 17:06:10,456 INFO  [io.api.tes.ser.api.KafkaSerdesTester] (Thread-823) Sending message {"key1": "value-3", "key2": "value-3"} to topic topic-c3c68a3a_4028_4277_99cb_707901c0e428
2025-07-31 17:06:10,457 INFO  [io.api.tes.ser.api.KafkaSerdesTester] (Thread-823) Sending message {"key1": "value-4", "key2": "value-4"} to topic topic-c3c68a3a_4028_4277_99cb_707901c0e428
2025-07-31 17:06:10,458 INFO  [io.api.tes.ser.api.KafkaSerdesTester] (Thread-823) Sending message {"key1": "value-5", "key2": "value-5"} to topic topic-c3c68a3a_4028_4277_99cb_707901c0e428
2025-07-31 17:06:10,459 INFO  [io.api.tes.ser.api.KafkaSerdesTester] (Thread-823) Sending message {"key1": "value-6", "key2": "value-6"} to topic topic-c3c68a3a_4028_4277_99cb_707901c0e428
2025-07-31 17:06:10,460 INFO  [io.api.tes.ser.api.KafkaSerdesTester] (Thread-823) Sending message {"key1": "value-7", "key2": "value-7"} to topic topic-c3c68a3a_4028_4277_99cb_707901c0e428
2025-07-31 17:06:10,462 INFO  [io.api.tes.ser.api.KafkaSerdesTester] (Thread-823) Sending message {"key1": "value-8", "key2": "value-8"} to topic topic-c3c68a3a_4028_4277_99cb_707901c0e428
2025-07-31 17:06:10,463 INFO  [io.api.tes.ser.api.KafkaSerdesTester] (Thread-823) Sending message {"key1": "value-9", "key2": "value-9"} to topic topic-c3c68a3a_4028_4277_99cb_707901c0e428
2025-07-31 17:06:10,465 INFO  [io.api.tes.ser.api.KafkaSerdesTester] (Thread-823) Produced 10 messages
2025-07-31 17:06:10,465 INFO  [org.apa.kaf.cli.pro.KafkaProducer] (Thread-823) [Producer clientId=Producer-topic-c3c68a3a_4028_4277_99cb_707901c0e428] Closing the Kafka producer with timeoutMillis = 9223372036854775807 ms.
2025-07-31 17:06:10,468 INFO  [org.apa.kaf.com.met.Metrics] (Thread-823) Metrics scheduler closed
2025-07-31 17:06:10,468 INFO  [org.apa.kaf.com.met.Metrics] (Thread-823) Closing reporter org.apache.kafka.common.metrics.JmxReporter
2025-07-31 17:06:10,468 INFO  [org.apa.kaf.com.met.Metrics] (Thread-823) Closing reporter org.apache.kafka.common.telemetry.internals.ClientTelemetryReporter
2025-07-31 17:06:10,468 INFO  [org.apa.kaf.com.met.Metrics] (Thread-823) Metrics reporters closed
2025-07-31 17:06:10,468 INFO  [org.apa.kaf.com.uti.AppInfoParser] (Thread-823) App info kafka.producer for Producer-topic-c3c68a3a_4028_4277_99cb_707901c0e428 unregistered
**** Registry Base URL: http://registry-app-kafkasql.apps.ci419.apicurio-testing.org:80
2025-07-31 17:06:10,469 INFO  [org.apa.kaf.cli.pro.ProducerConfig] (main) ProducerConfig values: 
	acks = -1
	auto.include.jmx.reporter = true
	batch.size = 16384
	bootstrap.servers = [PLAINTEXT://localhost:32770]
	buffer.memory = 33554432
	client.dns.lookup = use_all_dns_ips
	client.id = Producer-topic-c3c68a3a_4028_4277_99cb_707901c0e428
	compression.gzip.level = -1
	compression.lz4.level = 9
	compression.type = none
	compression.zstd.level = 3
	connections.max.idle.ms = 10000
	delivery.timeout.ms = 120000
	enable.idempotence = true
	enable.metrics.push = true
	interceptor.classes = []
	key.serializer = class org.apache.kafka.common.serialization.StringSerializer
	linger.ms = 0
	max.block.ms = 60000
	max.in.flight.requests.per.connection = 5
	max.request.size = 1048576
	metadata.max.age.ms = 300000
	metadata.max.idle.ms = 300000
	metadata.recovery.strategy = none
	metric.reporters = []
	metrics.num.samples = 2
	metrics.recording.level = INFO
	metrics.sample.window.ms = 30000
	partitioner.adaptive.partitioning.enable = true
	partitioner.availability.timeout.ms = 0
	partitioner.class = null
	partitioner.ignore.keys = false
	receive.buffer.bytes = 32768
	reconnect.backoff.max.ms = 1000
	reconnect.backoff.ms = 50
	request.timeout.ms = 5000
	retries = 2147483647
	retry.backoff.max.ms = 1000
	retry.backoff.ms = 100
	sasl.client.callback.handler.class = null
	sasl.jaas.config = null
	sasl.kerberos.kinit.cmd = /usr/bin/kinit
	sasl.kerberos.min.time.before.relogin = 60000
	sasl.kerberos.service.name = null
	sasl.kerberos.ticket.renew.jitter = 0.05
	sasl.kerberos.ticket.renew.window.factor = 0.8
	sasl.login.callback.handler.class = null
	sasl.login.class = null
	sasl.login.connect.timeout.ms = null
	sasl.login.read.timeout.ms = null
	sasl.login.refresh.buffer.seconds = 300
	sasl.login.refresh.min.period.seconds = 60
	sasl.login.refresh.window.factor = 0.8
	sasl.login.refresh.window.jitter = 0.05
	sasl.login.retry.backoff.max.ms = 10000
	sasl.login.retry.backoff.ms = 100
	sasl.mechanism = GSSAPI
	sasl.oauthbearer.clock.skew.seconds = 30
	sasl.oauthbearer.expected.audience = null
	sasl.oauthbearer.expected.issuer = null
	sasl.oauthbearer.header.urlencode = false
	sasl.oauthbearer.jwks.endpoint.refresh.ms = 3600000
	sasl.oauthbearer.jwks.endpoint.retry.backoff.max.ms = 10000
	sasl.oauthbearer.jwks.endpoint.retry.backoff.ms = 100
	sasl.oauthbearer.jwks.endpoint.url = null
	sasl.oauthbearer.scope.claim.name = scope
	sasl.oauthbearer.sub.claim.name = sub
	sasl.oauthbearer.token.endpoint.url = null
	security.protocol = PLAINTEXT
	security.providers = null
	send.buffer.bytes = 131072
	socket.connection.setup.timeout.max.ms = 30000
	socket.connection.setup.timeout.ms = 10000
	ssl.cipher.suites = null
	ssl.enabled.protocols = [TLSv1.2, TLSv1.3]
	ssl.endpoint.identification.algorithm = https
	ssl.engine.factory.class = null
	ssl.key.password = null
	ssl.keymanager.algorithm = SunX509
	ssl.keystore.certificate.chain = null
	ssl.keystore.key = null
	ssl.keystore.location = null
	ssl.keystore.password = null
	ssl.keystore.type = JKS
	ssl.protocol = TLSv1.3
	ssl.provider = null
	ssl.secure.random.implementation = null
	ssl.trustmanager.algorithm = PKIX
	ssl.truststore.certificates = null
	ssl.truststore.location = null
	ssl.truststore.password = null
	ssl.truststore.type = JKS
	transaction.timeout.ms = 60000
	transactional.id = null
	value.serializer = class io.confluent.kafka.serializers.KafkaAvroSerializer

2025-07-31 17:06:10,469 INFO  [org.apa.kaf.com.tel.int.KafkaMetricsCollector] (main) initializing Kafka metrics collector
2025-07-31 17:06:10,470 INFO  [io.con.kaf.ser.KafkaAvroSerializerConfig] (main) KafkaAvroSerializerConfig values: 
	auto.register.schemas = false
	avro.reflection.allow.null = false
	avro.remove.java.properties = false
	avro.use.logical.type.converters = false
	basic.auth.credentials.source = URL
	basic.auth.user.info = [hidden]
	bearer.auth.cache.expiry.buffer.seconds = 300
	bearer.auth.client.id = null
	bearer.auth.client.secret = null
	bearer.auth.credentials.source = STATIC_TOKEN
	bearer.auth.custom.provider.class = null
	bearer.auth.identity.pool.id = null
	bearer.auth.issuer.endpoint.url = null
	bearer.auth.logical.cluster = null
	bearer.auth.scope = null
	bearer.auth.scope.claim.name = scope
	bearer.auth.sub.claim.name = sub
	bearer.auth.token = [hidden]
	context.name.strategy = class io.confluent.kafka.serializers.context.NullContextNameStrategy
	http.connect.timeout.ms = 60000
	http.read.timeout.ms = 60000
	id.compatibility.strict = true
	key.schema.id.deserializer = class io.confluent.kafka.serializers.schema.id.DualSchemaIdDeserializer
	key.schema.id.serializer = class io.confluent.kafka.serializers.schema.id.PrefixSchemaIdSerializer
	key.subject.name.strategy = class io.confluent.kafka.serializers.subject.TopicNameStrategy
	latest.cache.size = 1000
	latest.cache.ttl.sec = -1
	latest.compatibility.strict = true
	max.retries = 3
	max.schemas.per.subject = 1000
	normalize.schemas = false
	propagate.schema.tags = false
	proxy.host = 
	proxy.port = -1
	retries.max.wait.ms = 20000
	retries.wait.ms = 1000
	rule.actions = []
	rule.executors = []
	rule.service.loader.enable = true
	schema.format = null
	schema.reflection = false
	schema.registry.basic.auth.user.info = [hidden]
	schema.registry.ssl.cipher.suites = null
	schema.registry.ssl.enabled.protocols = [TLSv1.2, TLSv1.3]
	schema.registry.ssl.endpoint.identification.algorithm = https
	schema.registry.ssl.engine.factory.class = null
	schema.registry.ssl.key.password = null
	schema.registry.ssl.keymanager.algorithm = SunX509
	schema.registry.ssl.keystore.certificate.chain = null
	schema.registry.ssl.keystore.key = null
	schema.registry.ssl.keystore.location = null
	schema.registry.ssl.keystore.password = null
	schema.registry.ssl.keystore.type = JKS
	schema.registry.ssl.protocol = TLSv1.3
	schema.registry.ssl.provider = null
	schema.registry.ssl.secure.random.implementation = null
	schema.registry.ssl.trustmanager.algorithm = PKIX
	schema.registry.ssl.truststore.certificates = null
	schema.registry.ssl.truststore.location = null
	schema.registry.ssl.truststore.password = null
	schema.registry.ssl.truststore.type = JKS
	schema.registry.url = [http://registry-app-kafkasql.apps.ci419.apicurio-testing.org:80/apis/ccompat/v7]
	schema.registry.url.randomize = false
	use.latest.version = false
	use.latest.with.metadata = null
	use.schema.id = -1
	value.schema.id.deserializer = class io.confluent.kafka.serializers.schema.id.DualSchemaIdDeserializer
	value.schema.id.serializer = class io.confluent.kafka.serializers.schema.id.PrefixSchemaIdSerializer
	value.subject.name.strategy = class io.confluent.kafka.serializers.subject.TopicRecordNameStrategy

2025-07-31 17:06:10,472 INFO  [org.apa.kaf.cli.pro.KafkaProducer] (main) [Producer clientId=Producer-topic-c3c68a3a_4028_4277_99cb_707901c0e428] Instantiated an idempotent producer.
2025-07-31 17:06:10,474 INFO  [org.apa.kaf.cli.pro.ProducerConfig] (main) These configurations '[schema.registry.url, auto.register.schemas, value.subject.name.strategy]' were supplied but are not used yet.
2025-07-31 17:06:10,474 INFO  [org.apa.kaf.com.uti.AppInfoParser] (main) Kafka version: 3.9.1
2025-07-31 17:06:10,474 INFO  [org.apa.kaf.com.uti.AppInfoParser] (main) Kafka commitId: f745dfdcee2b9851
2025-07-31 17:06:10,474 INFO  [org.apa.kaf.com.uti.AppInfoParser] (main) Kafka startTimeMs: 1753981570474
2025-07-31 17:06:10,476 INFO  [io.api.tes.ser.api.KafkaSerdesTester] (Thread-824) Sending message {"key1": "value-0"} to topic topic-c3c68a3a_4028_4277_99cb_707901c0e428
2025-07-31 17:06:10,477 INFO  [org.apa.kaf.cli.Metadata] (kafka-producer-network-thread | Producer-topic-c3c68a3a_4028_4277_99cb_707901c0e428) [Producer clientId=Producer-topic-c3c68a3a_4028_4277_99cb_707901c0e428] Cluster ID: WpqyxNU-RHKB_ermmfvksw
2025-07-31 17:06:10,477 INFO  [org.apa.kaf.cli.pro.int.TransactionManager] (kafka-producer-network-thread | Producer-topic-c3c68a3a_4028_4277_99cb_707901c0e428) [Producer clientId=Producer-topic-c3c68a3a_4028_4277_99cb_707901c0e428] ProducerId set to 38 with epoch 0
2025-07-31 17:06:10,495 INFO  [io.api.tes.ser.api.KafkaSerdesTester] (Thread-824) Sending message {"key1": "value-1"} to topic topic-c3c68a3a_4028_4277_99cb_707901c0e428
2025-07-31 17:06:10,496 INFO  [io.api.tes.ser.api.KafkaSerdesTester] (Thread-824) Sending message {"key1": "value-2"} to topic topic-c3c68a3a_4028_4277_99cb_707901c0e428
2025-07-31 17:06:10,498 INFO  [io.api.tes.ser.api.KafkaSerdesTester] (Thread-824) Sending message {"key1": "value-3"} to topic topic-c3c68a3a_4028_4277_99cb_707901c0e428
2025-07-31 17:06:10,499 INFO  [io.api.tes.ser.api.KafkaSerdesTester] (Thread-824) Sending message {"key1": "value-4"} to topic topic-c3c68a3a_4028_4277_99cb_707901c0e428
2025-07-31 17:06:10,500 INFO  [io.api.tes.ser.api.KafkaSerdesTester] (Thread-824) Sending message {"key1": "value-5"} to topic topic-c3c68a3a_4028_4277_99cb_707901c0e428
2025-07-31 17:06:10,501 INFO  [io.api.tes.ser.api.KafkaSerdesTester] (Thread-824) Sending message {"key1": "value-6"} to topic topic-c3c68a3a_4028_4277_99cb_707901c0e428
2025-07-31 17:06:10,503 INFO  [io.api.tes.ser.api.KafkaSerdesTester] (Thread-824) Sending message {"key1": "value-7"} to topic topic-c3c68a3a_4028_4277_99cb_707901c0e428
2025-07-31 17:06:10,504 INFO  [io.api.tes.ser.api.KafkaSerdesTester] (Thread-824) Sending message {"key1": "value-8"} to topic topic-c3c68a3a_4028_4277_99cb_707901c0e428
2025-07-31 17:06:10,512 INFO  [io.api.tes.ser.api.KafkaSerdesTester] (Thread-824) Sending message {"key1": "value-9"} to topic topic-c3c68a3a_4028_4277_99cb_707901c0e428
2025-07-31 17:06:10,513 INFO  [io.api.tes.ser.api.KafkaSerdesTester] (Thread-824) Produced 10 messages
2025-07-31 17:06:10,513 INFO  [org.apa.kaf.cli.pro.KafkaProducer] (Thread-824) [Producer clientId=Producer-topic-c3c68a3a_4028_4277_99cb_707901c0e428] Closing the Kafka producer with timeoutMillis = 9223372036854775807 ms.
2025-07-31 17:06:10,517 INFO  [org.apa.kaf.com.met.Metrics] (Thread-824) Metrics scheduler closed
2025-07-31 17:06:10,517 INFO  [org.apa.kaf.com.met.Metrics] (Thread-824) Closing reporter org.apache.kafka.common.metrics.JmxReporter
2025-07-31 17:06:10,517 INFO  [org.apa.kaf.com.met.Metrics] (Thread-824) Closing reporter org.apache.kafka.common.telemetry.internals.ClientTelemetryReporter
2025-07-31 17:06:10,517 INFO  [org.apa.kaf.com.met.Metrics] (Thread-824) Metrics reporters closed
2025-07-31 17:06:10,517 INFO  [org.apa.kaf.com.uti.AppInfoParser] (Thread-824) App info kafka.producer for Producer-topic-c3c68a3a_4028_4277_99cb_707901c0e428 unregistered
**** Registry Base URL: http://registry-app-kafkasql.apps.ci419.apicurio-testing.org:80
2025-07-31 17:06:10,518 INFO  [org.apa.kaf.cli.con.ConsumerConfig] (main) ConsumerConfig values: 
	allow.auto.create.topics = true
	auto.commit.interval.ms = 500
	auto.include.jmx.reporter = true
	auto.offset.reset = earliest
	bootstrap.servers = [PLAINTEXT://localhost:32770]
	check.crcs = true
	client.dns.lookup = use_all_dns_ips
	client.id = consumer-Consumer-topic-c3c68a3a_4028_4277_99cb_707901c0e428-28
	client.rack = 
	connections.max.idle.ms = 10000
	default.api.timeout.ms = 60000
	enable.auto.commit = true
	enable.metrics.push = true
	exclude.internal.topics = true
	fetch.max.bytes = 52428800
	fetch.max.wait.ms = 500
	fetch.min.bytes = 1
	group.id = Consumer-topic-c3c68a3a_4028_4277_99cb_707901c0e428
	group.instance.id = null
	group.protocol = classic
	group.remote.assignor = null
	heartbeat.interval.ms = 3000
	interceptor.classes = []
	internal.leave.group.on.close = true
	internal.throw.on.fetch.stable.offset.unsupported = false
	isolation.level = read_uncommitted
	key.deserializer = class org.apache.kafka.common.serialization.StringDeserializer
	max.partition.fetch.bytes = 1048576
	max.poll.interval.ms = 300000
	max.poll.records = 500
	metadata.max.age.ms = 300000
	metadata.recovery.strategy = none
	metric.reporters = []
	metrics.num.samples = 2
	metrics.recording.level = INFO
	metrics.sample.window.ms = 30000
	partition.assignment.strategy = [class org.apache.kafka.clients.consumer.RangeAssignor, class org.apache.kafka.clients.consumer.CooperativeStickyAssignor]
	receive.buffer.bytes = 65536
	reconnect.backoff.max.ms = 1000
	reconnect.backoff.ms = 50
	request.timeout.ms = 5000
	retry.backoff.max.ms = 1000
	retry.backoff.ms = 100
	sasl.client.callback.handler.class = null
	sasl.jaas.config = null
	sasl.kerberos.kinit.cmd = /usr/bin/kinit
	sasl.kerberos.min.time.before.relogin = 60000
	sasl.kerberos.service.name = null
	sasl.kerberos.ticket.renew.jitter = 0.05
	sasl.kerberos.ticket.renew.window.factor = 0.8
	sasl.login.callback.handler.class = null
	sasl.login.class = null
	sasl.login.connect.timeout.ms = null
	sasl.login.read.timeout.ms = null
	sasl.login.refresh.buffer.seconds = 300
	sasl.login.refresh.min.period.seconds = 60
	sasl.login.refresh.window.factor = 0.8
	sasl.login.refresh.window.jitter = 0.05
	sasl.login.retry.backoff.max.ms = 10000
	sasl.login.retry.backoff.ms = 100
	sasl.mechanism = GSSAPI
	sasl.oauthbearer.clock.skew.seconds = 30
	sasl.oauthbearer.expected.audience = null
	sasl.oauthbearer.expected.issuer = null
	sasl.oauthbearer.header.urlencode = false
	sasl.oauthbearer.jwks.endpoint.refresh.ms = 3600000
	sasl.oauthbearer.jwks.endpoint.retry.backoff.max.ms = 10000
	sasl.oauthbearer.jwks.endpoint.retry.backoff.ms = 100
	sasl.oauthbearer.jwks.endpoint.url = null
	sasl.oauthbearer.scope.claim.name = scope
	sasl.oauthbearer.sub.claim.name = sub
	sasl.oauthbearer.token.endpoint.url = null
	security.protocol = PLAINTEXT
	security.providers = null
	send.buffer.bytes = 131072
	session.timeout.ms = 45000
	socket.connection.setup.timeout.max.ms = 30000
	socket.connection.setup.timeout.ms = 10000
	ssl.cipher.suites = null
	ssl.enabled.protocols = [TLSv1.2, TLSv1.3]
	ssl.endpoint.identification.algorithm = https
	ssl.engine.factory.class = null
	ssl.key.password = null
	ssl.keymanager.algorithm = SunX509
	ssl.keystore.certificate.chain = null
	ssl.keystore.key = null
	ssl.keystore.location = null
	ssl.keystore.password = null
	ssl.keystore.type = JKS
	ssl.protocol = TLSv1.3
	ssl.provider = null
	ssl.secure.random.implementation = null
	ssl.trustmanager.algorithm = PKIX
	ssl.truststore.certificates = null
	ssl.truststore.location = null
	ssl.truststore.password = null
	ssl.truststore.type = JKS
	value.deserializer = class io.confluent.kafka.serializers.KafkaAvroDeserializer

2025-07-31 17:06:10,520 INFO  [org.apa.kaf.com.tel.int.KafkaMetricsCollector] (main) initializing Kafka metrics collector
2025-07-31 17:06:10,520 INFO  [io.con.kaf.ser.KafkaAvroDeserializerConfig] (main) KafkaAvroDeserializerConfig values: 
	auto.register.schemas = true
	avro.reflection.allow.null = false
	avro.use.logical.type.converters = false
	basic.auth.credentials.source = URL
	basic.auth.user.info = [hidden]
	bearer.auth.cache.expiry.buffer.seconds = 300
	bearer.auth.client.id = null
	bearer.auth.client.secret = null
	bearer.auth.credentials.source = STATIC_TOKEN
	bearer.auth.custom.provider.class = null
	bearer.auth.identity.pool.id = null
	bearer.auth.issuer.endpoint.url = null
	bearer.auth.logical.cluster = null
	bearer.auth.scope = null
	bearer.auth.scope.claim.name = scope
	bearer.auth.sub.claim.name = sub
	bearer.auth.token = [hidden]
	context.name.strategy = class io.confluent.kafka.serializers.context.NullContextNameStrategy
	http.connect.timeout.ms = 60000
	http.read.timeout.ms = 60000
	id.compatibility.strict = true
	key.schema.id.deserializer = class io.confluent.kafka.serializers.schema.id.DualSchemaIdDeserializer
	key.schema.id.serializer = class io.confluent.kafka.serializers.schema.id.PrefixSchemaIdSerializer
	key.subject.name.strategy = class io.confluent.kafka.serializers.subject.TopicNameStrategy
	latest.cache.size = 1000
	latest.cache.ttl.sec = -1
	latest.compatibility.strict = true
	max.retries = 3
	max.schemas.per.subject = 1000
	normalize.schemas = false
	propagate.schema.tags = false
	proxy.host = 
	proxy.port = -1
	retries.max.wait.ms = 20000
	retries.wait.ms = 1000
	rule.actions = []
	rule.executors = []
	rule.service.loader.enable = true
	schema.format = null
	schema.reflection = false
	schema.registry.basic.auth.user.info = [hidden]
	schema.registry.ssl.cipher.suites = null
	schema.registry.ssl.enabled.protocols = [TLSv1.2, TLSv1.3]
	schema.registry.ssl.endpoint.identification.algorithm = https
	schema.registry.ssl.engine.factory.class = null
	schema.registry.ssl.key.password = null
	schema.registry.ssl.keymanager.algorithm = SunX509
	schema.registry.ssl.keystore.certificate.chain = null
	schema.registry.ssl.keystore.key = null
	schema.registry.ssl.keystore.location = null
	schema.registry.ssl.keystore.password = null
	schema.registry.ssl.keystore.type = JKS
	schema.registry.ssl.protocol = TLSv1.3
	schema.registry.ssl.provider = null
	schema.registry.ssl.secure.random.implementation = null
	schema.registry.ssl.trustmanager.algorithm = PKIX
	schema.registry.ssl.truststore.certificates = null
	schema.registry.ssl.truststore.location = null
	schema.registry.ssl.truststore.password = null
	schema.registry.ssl.truststore.type = JKS
	schema.registry.url = [http://registry-app-kafkasql.apps.ci419.apicurio-testing.org:80/apis/ccompat/v7]
	schema.registry.url.randomize = false
	specific.avro.key.type = null
	specific.avro.reader = false
	specific.avro.value.type = null
	use.latest.version = false
	use.latest.with.metadata = null
	use.schema.id = -1
	value.schema.id.deserializer = class io.confluent.kafka.serializers.schema.id.DualSchemaIdDeserializer
	value.schema.id.serializer = class io.confluent.kafka.serializers.schema.id.PrefixSchemaIdSerializer
	value.subject.name.strategy = class io.confluent.kafka.serializers.subject.TopicNameStrategy

2025-07-31 17:06:10,527 INFO  [org.apa.kaf.cli.con.ConsumerConfig] (main) These configurations '[schema.registry.url]' were supplied but are not used yet.
2025-07-31 17:06:10,527 INFO  [org.apa.kaf.com.uti.AppInfoParser] (main) Kafka version: 3.9.1
2025-07-31 17:06:10,527 INFO  [org.apa.kaf.com.uti.AppInfoParser] (main) Kafka commitId: f745dfdcee2b9851
2025-07-31 17:06:10,527 INFO  [org.apa.kaf.com.uti.AppInfoParser] (main) Kafka startTimeMs: 1753981570527
2025-07-31 17:06:10,542 INFO  [org.apa.kaf.cli.con.int.ClassicKafkaConsumer] (Thread-825) [Consumer clientId=consumer-Consumer-topic-c3c68a3a_4028_4277_99cb_707901c0e428-28, groupId=Consumer-topic-c3c68a3a_4028_4277_99cb_707901c0e428] Subscribed to topic(s): topic-c3c68a3a_4028_4277_99cb_707901c0e428
2025-07-31 17:06:10,549 INFO  [org.apa.kaf.cli.Metadata] (Thread-825) [Consumer clientId=consumer-Consumer-topic-c3c68a3a_4028_4277_99cb_707901c0e428-28, groupId=Consumer-topic-c3c68a3a_4028_4277_99cb_707901c0e428] Cluster ID: WpqyxNU-RHKB_ermmfvksw
2025-07-31 17:06:10,551 INFO  [org.apa.kaf.cli.con.int.ConsumerCoordinator] (Thread-825) [Consumer clientId=consumer-Consumer-topic-c3c68a3a_4028_4277_99cb_707901c0e428-28, groupId=Consumer-topic-c3c68a3a_4028_4277_99cb_707901c0e428] Discovered group coordinator localhost:32770 (id: 2147483647 rack: null)
2025-07-31 17:06:10,552 INFO  [org.apa.kaf.cli.con.int.ConsumerCoordinator] (Thread-825) [Consumer clientId=consumer-Consumer-topic-c3c68a3a_4028_4277_99cb_707901c0e428-28, groupId=Consumer-topic-c3c68a3a_4028_4277_99cb_707901c0e428] (Re-)joining group
2025-07-31 17:06:10,556 INFO  [org.apa.kaf.cli.con.int.ConsumerCoordinator] (Thread-825) [Consumer clientId=consumer-Consumer-topic-c3c68a3a_4028_4277_99cb_707901c0e428-28, groupId=Consumer-topic-c3c68a3a_4028_4277_99cb_707901c0e428] Request joining group due to: need to re-join with the given member-id: consumer-Consumer-topic-c3c68a3a_4028_4277_99cb_707901c0e428-28-987f24c6-8e21-414f-a91d-a50582a4d0f8
2025-07-31 17:06:10,556 INFO  [org.apa.kaf.cli.con.int.ConsumerCoordinator] (Thread-825) [Consumer clientId=consumer-Consumer-topic-c3c68a3a_4028_4277_99cb_707901c0e428-28, groupId=Consumer-topic-c3c68a3a_4028_4277_99cb_707901c0e428] (Re-)joining group
2025-07-31 17:06:10,560 INFO  [org.apa.kaf.cli.con.int.ConsumerCoordinator] (Thread-825) [Consumer clientId=consumer-Consumer-topic-c3c68a3a_4028_4277_99cb_707901c0e428-28, groupId=Consumer-topic-c3c68a3a_4028_4277_99cb_707901c0e428] Successfully joined group with generation Generation{generationId=3, memberId='consumer-Consumer-topic-c3c68a3a_4028_4277_99cb_707901c0e428-28-987f24c6-8e21-414f-a91d-a50582a4d0f8', protocol='range'}
2025-07-31 17:06:10,560 INFO  [org.apa.kaf.cli.con.int.ConsumerCoordinator] (Thread-825) [Consumer clientId=consumer-Consumer-topic-c3c68a3a_4028_4277_99cb_707901c0e428-28, groupId=Consumer-topic-c3c68a3a_4028_4277_99cb_707901c0e428] Finished assignment for group at generation 3: {consumer-Consumer-topic-c3c68a3a_4028_4277_99cb_707901c0e428-28-987f24c6-8e21-414f-a91d-a50582a4d0f8=Assignment(partitions=[topic-c3c68a3a_4028_4277_99cb_707901c0e428-0])}
2025-07-31 17:06:10,562 INFO  [org.apa.kaf.cli.con.int.ConsumerCoordinator] (Thread-825) [Consumer clientId=consumer-Consumer-topic-c3c68a3a_4028_4277_99cb_707901c0e428-28, groupId=Consumer-topic-c3c68a3a_4028_4277_99cb_707901c0e428] Successfully synced group in generation Generation{generationId=3, memberId='consumer-Consumer-topic-c3c68a3a_4028_4277_99cb_707901c0e428-28-987f24c6-8e21-414f-a91d-a50582a4d0f8', protocol='range'}
2025-07-31 17:06:10,562 INFO  [org.apa.kaf.cli.con.int.ConsumerCoordinator] (Thread-825) [Consumer clientId=consumer-Consumer-topic-c3c68a3a_4028_4277_99cb_707901c0e428-28, groupId=Consumer-topic-c3c68a3a_4028_4277_99cb_707901c0e428] Notifying assignor about the new Assignment(partitions=[topic-c3c68a3a_4028_4277_99cb_707901c0e428-0])
2025-07-31 17:06:10,562 INFO  [org.apa.kaf.cli.con.int.ConsumerRebalanceListenerInvoker] (Thread-825) [Consumer clientId=consumer-Consumer-topic-c3c68a3a_4028_4277_99cb_707901c0e428-28, groupId=Consumer-topic-c3c68a3a_4028_4277_99cb_707901c0e428] Adding newly assigned partitions: topic-c3c68a3a_4028_4277_99cb_707901c0e428-0
2025-07-31 17:06:10,563 INFO  [org.apa.kaf.cli.con.int.ConsumerUtils] (Thread-825) Setting offset for partition topic-c3c68a3a_4028_4277_99cb_707901c0e428-0 to the committed offset FetchPosition{offset=10, offsetEpoch=Optional[0], currentLeader=LeaderAndEpoch{leader=Optional[localhost:32770 (id: 0 rack: null)], epoch=0}}
2025-07-31 17:06:10,596 INFO  [io.api.tes.ser.api.KafkaSerdesTester] (Thread-825) topic-c3c68a3a_4028_4277_99cb_707901c0e428 0 10 {"key1": "value-0", "key2": "value-0"}
2025-07-31 17:06:10,596 INFO  [io.api.tes.ser.api.KafkaSerdesTester] (Thread-825) topic-c3c68a3a_4028_4277_99cb_707901c0e428 0 11 {"key1": "value-1", "key2": "value-1"}
2025-07-31 17:06:10,596 INFO  [io.api.tes.ser.api.KafkaSerdesTester] (Thread-825) topic-c3c68a3a_4028_4277_99cb_707901c0e428 0 12 {"key1": "value-2", "key2": "value-2"}
2025-07-31 17:06:10,596 INFO  [io.api.tes.ser.api.KafkaSerdesTester] (Thread-825) topic-c3c68a3a_4028_4277_99cb_707901c0e428 0 13 {"key1": "value-3", "key2": "value-3"}
2025-07-31 17:06:10,596 INFO  [io.api.tes.ser.api.KafkaSerdesTester] (Thread-825) topic-c3c68a3a_4028_4277_99cb_707901c0e428 0 14 {"key1": "value-4", "key2": "value-4"}
2025-07-31 17:06:10,596 INFO  [io.api.tes.ser.api.KafkaSerdesTester] (Thread-825) topic-c3c68a3a_4028_4277_99cb_707901c0e428 0 15 {"key1": "value-5", "key2": "value-5"}
2025-07-31 17:06:10,596 INFO  [io.api.tes.ser.api.KafkaSerdesTester] (Thread-825) topic-c3c68a3a_4028_4277_99cb_707901c0e428 0 16 {"key1": "value-6", "key2": "value-6"}
2025-07-31 17:06:10,596 INFO  [io.api.tes.ser.api.KafkaSerdesTester] (Thread-825) topic-c3c68a3a_4028_4277_99cb_707901c0e428 0 17 {"key1": "value-7", "key2": "value-7"}
2025-07-31 17:06:10,597 INFO  [io.api.tes.ser.api.KafkaSerdesTester] (Thread-825) topic-c3c68a3a_4028_4277_99cb_707901c0e428 0 18 {"key1": "value-8", "key2": "value-8"}
2025-07-31 17:06:10,597 INFO  [io.api.tes.ser.api.KafkaSerdesTester] (Thread-825) topic-c3c68a3a_4028_4277_99cb_707901c0e428 0 19 {"key1": "value-9", "key2": "value-9"}
2025-07-31 17:06:10,597 INFO  [io.api.tes.ser.api.KafkaSerdesTester] (Thread-825) topic-c3c68a3a_4028_4277_99cb_707901c0e428 0 20 {"key1": "value-0"}
2025-07-31 17:06:10,597 INFO  [io.api.tes.ser.api.KafkaSerdesTester] (Thread-825) topic-c3c68a3a_4028_4277_99cb_707901c0e428 0 21 {"key1": "value-1"}
2025-07-31 17:06:10,597 INFO  [io.api.tes.ser.api.KafkaSerdesTester] (Thread-825) topic-c3c68a3a_4028_4277_99cb_707901c0e428 0 22 {"key1": "value-2"}
2025-07-31 17:06:10,597 INFO  [io.api.tes.ser.api.KafkaSerdesTester] (Thread-825) topic-c3c68a3a_4028_4277_99cb_707901c0e428 0 23 {"key1": "value-3"}
2025-07-31 17:06:10,597 INFO  [io.api.tes.ser.api.KafkaSerdesTester] (Thread-825) topic-c3c68a3a_4028_4277_99cb_707901c0e428 0 24 {"key1": "value-4"}
2025-07-31 17:06:10,597 INFO  [io.api.tes.ser.api.KafkaSerdesTester] (Thread-825) topic-c3c68a3a_4028_4277_99cb_707901c0e428 0 25 {"key1": "value-5"}
2025-07-31 17:06:10,597 INFO  [io.api.tes.ser.api.KafkaSerdesTester] (Thread-825) topic-c3c68a3a_4028_4277_99cb_707901c0e428 0 26 {"key1": "value-6"}
2025-07-31 17:06:10,597 INFO  [io.api.tes.ser.api.KafkaSerdesTester] (Thread-825) topic-c3c68a3a_4028_4277_99cb_707901c0e428 0 27 {"key1": "value-7"}
2025-07-31 17:06:10,597 INFO  [io.api.tes.ser.api.KafkaSerdesTester] (Thread-825) topic-c3c68a3a_4028_4277_99cb_707901c0e428 0 28 {"key1": "value-8"}
2025-07-31 17:06:10,597 INFO  [io.api.tes.ser.api.KafkaSerdesTester] (Thread-825) topic-c3c68a3a_4028_4277_99cb_707901c0e428 0 29 {"key1": "value-9"}
2025-07-31 17:06:10,597 INFO  [io.api.tes.ser.api.KafkaSerdesTester] (Thread-825) Consumed 20 messages
2025-07-31 17:06:10,599 INFO  [org.apa.kaf.cli.con.int.ConsumerRebalanceListenerInvoker] (Thread-825) [Consumer clientId=consumer-Consumer-topic-c3c68a3a_4028_4277_99cb_707901c0e428-28, groupId=Consumer-topic-c3c68a3a_4028_4277_99cb_707901c0e428] Revoke previously assigned partitions topic-c3c68a3a_4028_4277_99cb_707901c0e428-0
2025-07-31 17:06:10,599 INFO  [org.apa.kaf.cli.con.int.ConsumerCoordinator] (Thread-825) [Consumer clientId=consumer-Consumer-topic-c3c68a3a_4028_4277_99cb_707901c0e428-28, groupId=Consumer-topic-c3c68a3a_4028_4277_99cb_707901c0e428] Member consumer-Consumer-topic-c3c68a3a_4028_4277_99cb_707901c0e428-28-987f24c6-8e21-414f-a91d-a50582a4d0f8 sending LeaveGroup request to coordinator localhost:32770 (id: 2147483647 rack: null) due to the consumer is being closed
2025-07-31 17:06:10,600 INFO  [org.apa.kaf.cli.con.int.ConsumerCoordinator] (Thread-825) [Consumer clientId=consumer-Consumer-topic-c3c68a3a_4028_4277_99cb_707901c0e428-28, groupId=Consumer-topic-c3c68a3a_4028_4277_99cb_707901c0e428] Resetting generation and member id due to: consumer pro-actively leaving the group
2025-07-31 17:06:10,600 INFO  [org.apa.kaf.cli.con.int.ConsumerCoordinator] (Thread-825) [Consumer clientId=consumer-Consumer-topic-c3c68a3a_4028_4277_99cb_707901c0e428-28, groupId=Consumer-topic-c3c68a3a_4028_4277_99cb_707901c0e428] Request joining group due to: consumer pro-actively leaving the group
2025-07-31 17:06:11,099 INFO  [org.apa.kaf.com.met.Metrics] (Thread-825) Metrics scheduler closed
2025-07-31 17:06:11,099 INFO  [org.apa.kaf.com.met.Metrics] (Thread-825) Closing reporter org.apache.kafka.common.metrics.JmxReporter
2025-07-31 17:06:11,099 INFO  [org.apa.kaf.com.met.Metrics] (Thread-825) Closing reporter org.apache.kafka.common.telemetry.internals.ClientTelemetryReporter
2025-07-31 17:06:11,099 INFO  [org.apa.kaf.com.met.Metrics] (Thread-825) Metrics reporters closed
2025-07-31 17:06:11,101 INFO  [org.apa.kaf.com.uti.AppInfoParser] (Thread-825) App info kafka.consumer for consumer-Consumer-topic-c3c68a3a_4028_4277_99cb_707901c0e428-28 unregistered
**** Registry Base URL: http://registry-app-kafkasql.apps.ci419.apicurio-testing.org:80
2025-07-31 17:06:12,155 INFO  [org.apa.kaf.cli.pro.ProducerConfig] (main) ProducerConfig values: 
	acks = -1
	auto.include.jmx.reporter = true
	batch.size = 16384
	bootstrap.servers = [PLAINTEXT://localhost:32770]
	buffer.memory = 33554432
	client.dns.lookup = use_all_dns_ips
	client.id = Producer-topic-c3c68a3a_4028_4277_99cb_707901c0e428
	compression.gzip.level = -1
	compression.lz4.level = 9
	compression.type = none
	compression.zstd.level = 3
	connections.max.idle.ms = 10000
	delivery.timeout.ms = 120000
	enable.idempotence = true
	enable.metrics.push = true
	interceptor.classes = []
	key.serializer = class org.apache.kafka.common.serialization.StringSerializer
	linger.ms = 0
	max.block.ms = 60000
	max.in.flight.requests.per.connection = 5
	max.request.size = 1048576
	metadata.max.age.ms = 300000
	metadata.max.idle.ms = 300000
	metadata.recovery.strategy = none
	metric.reporters = []
	metrics.num.samples = 2
	metrics.recording.level = INFO
	metrics.sample.window.ms = 30000
	partitioner.adaptive.partitioning.enable = true
	partitioner.availability.timeout.ms = 0
	partitioner.class = null
	partitioner.ignore.keys = false
	receive.buffer.bytes = 32768
	reconnect.backoff.max.ms = 1000
	reconnect.backoff.ms = 50
	request.timeout.ms = 5000
	retries = 2147483647
	retry.backoff.max.ms = 1000
	retry.backoff.ms = 100
	sasl.client.callback.handler.class = null
	sasl.jaas.config = null
	sasl.kerberos.kinit.cmd = /usr/bin/kinit
	sasl.kerberos.min.time.before.relogin = 60000
	sasl.kerberos.service.name = null
	sasl.kerberos.ticket.renew.jitter = 0.05
	sasl.kerberos.ticket.renew.window.factor = 0.8
	sasl.login.callback.handler.class = null
	sasl.login.class = null
	sasl.login.connect.timeout.ms = null
	sasl.login.read.timeout.ms = null
	sasl.login.refresh.buffer.seconds = 300
	sasl.login.refresh.min.period.seconds = 60
	sasl.login.refresh.window.factor = 0.8
	sasl.login.refresh.window.jitter = 0.05
	sasl.login.retry.backoff.max.ms = 10000
	sasl.login.retry.backoff.ms = 100
	sasl.mechanism = GSSAPI
	sasl.oauthbearer.clock.skew.seconds = 30
	sasl.oauthbearer.expected.audience = null
	sasl.oauthbearer.expected.issuer = null
	sasl.oauthbearer.header.urlencode = false
	sasl.oauthbearer.jwks.endpoint.refresh.ms = 3600000
	sasl.oauthbearer.jwks.endpoint.retry.backoff.max.ms = 10000
	sasl.oauthbearer.jwks.endpoint.retry.backoff.ms = 100
	sasl.oauthbearer.jwks.endpoint.url = null
	sasl.oauthbearer.scope.claim.name = scope
	sasl.oauthbearer.sub.claim.name = sub
	sasl.oauthbearer.token.endpoint.url = null
	security.protocol = PLAINTEXT
	security.providers = null
	send.buffer.bytes = 131072
	socket.connection.setup.timeout.max.ms = 30000
	socket.connection.setup.timeout.ms = 10000
	ssl.cipher.suites = null
	ssl.enabled.protocols = [TLSv1.2, TLSv1.3]
	ssl.endpoint.identification.algorithm = https
	ssl.engine.factory.class = null
	ssl.key.password = null
	ssl.keymanager.algorithm = SunX509
	ssl.keystore.certificate.chain = null
	ssl.keystore.key = null
	ssl.keystore.location = null
	ssl.keystore.password = null
	ssl.keystore.type = JKS
	ssl.protocol = TLSv1.3
	ssl.provider = null
	ssl.secure.random.implementation = null
	ssl.trustmanager.algorithm = PKIX
	ssl.truststore.certificates = null
	ssl.truststore.location = null
	ssl.truststore.password = null
	ssl.truststore.type = JKS
	transaction.timeout.ms = 60000
	transactional.id = null
	value.serializer = class io.confluent.kafka.serializers.KafkaAvroSerializer

2025-07-31 17:06:12,156 INFO  [org.apa.kaf.com.tel.int.KafkaMetricsCollector] (main) initializing Kafka metrics collector
2025-07-31 17:06:12,156 INFO  [io.con.kaf.ser.KafkaAvroSerializerConfig] (main) KafkaAvroSerializerConfig values: 
	auto.register.schemas = false
	avro.reflection.allow.null = false
	avro.remove.java.properties = false
	avro.use.logical.type.converters = false
	basic.auth.credentials.source = URL
	basic.auth.user.info = [hidden]
	bearer.auth.cache.expiry.buffer.seconds = 300
	bearer.auth.client.id = null
	bearer.auth.client.secret = null
	bearer.auth.credentials.source = STATIC_TOKEN
	bearer.auth.custom.provider.class = null
	bearer.auth.identity.pool.id = null
	bearer.auth.issuer.endpoint.url = null
	bearer.auth.logical.cluster = null
	bearer.auth.scope = null
	bearer.auth.scope.claim.name = scope
	bearer.auth.sub.claim.name = sub
	bearer.auth.token = [hidden]
	context.name.strategy = class io.confluent.kafka.serializers.context.NullContextNameStrategy
	http.connect.timeout.ms = 60000
	http.read.timeout.ms = 60000
	id.compatibility.strict = true
	key.schema.id.deserializer = class io.confluent.kafka.serializers.schema.id.DualSchemaIdDeserializer
	key.schema.id.serializer = class io.confluent.kafka.serializers.schema.id.PrefixSchemaIdSerializer
	key.subject.name.strategy = class io.confluent.kafka.serializers.subject.TopicNameStrategy
	latest.cache.size = 1000
	latest.cache.ttl.sec = -1
	latest.compatibility.strict = true
	max.retries = 3
	max.schemas.per.subject = 1000
	normalize.schemas = false
	propagate.schema.tags = false
	proxy.host = 
	proxy.port = -1
	retries.max.wait.ms = 20000
	retries.wait.ms = 1000
	rule.actions = []
	rule.executors = []
	rule.service.loader.enable = true
	schema.format = null
	schema.reflection = false
	schema.registry.basic.auth.user.info = [hidden]
	schema.registry.ssl.cipher.suites = null
	schema.registry.ssl.enabled.protocols = [TLSv1.2, TLSv1.3]
	schema.registry.ssl.endpoint.identification.algorithm = https
	schema.registry.ssl.engine.factory.class = null
	schema.registry.ssl.key.password = null
	schema.registry.ssl.keymanager.algorithm = SunX509
	schema.registry.ssl.keystore.certificate.chain = null
	schema.registry.ssl.keystore.key = null
	schema.registry.ssl.keystore.location = null
	schema.registry.ssl.keystore.password = null
	schema.registry.ssl.keystore.type = JKS
	schema.registry.ssl.protocol = TLSv1.3
	schema.registry.ssl.provider = null
	schema.registry.ssl.secure.random.implementation = null
	schema.registry.ssl.trustmanager.algorithm = PKIX
	schema.registry.ssl.truststore.certificates = null
	schema.registry.ssl.truststore.location = null
	schema.registry.ssl.truststore.password = null
	schema.registry.ssl.truststore.type = JKS
	schema.registry.url = [http://registry-app-kafkasql.apps.ci419.apicurio-testing.org:80/apis/ccompat/v7]
	schema.registry.url.randomize = false
	use.latest.version = false
	use.latest.with.metadata = null
	use.schema.id = -1
	value.schema.id.deserializer = class io.confluent.kafka.serializers.schema.id.DualSchemaIdDeserializer
	value.schema.id.serializer = class io.confluent.kafka.serializers.schema.id.PrefixSchemaIdSerializer
	value.subject.name.strategy = class io.confluent.kafka.serializers.subject.TopicRecordNameStrategy

2025-07-31 17:06:12,158 INFO  [org.apa.kaf.cli.pro.KafkaProducer] (main) [Producer clientId=Producer-topic-c3c68a3a_4028_4277_99cb_707901c0e428] Instantiated an idempotent producer.
2025-07-31 17:06:12,159 INFO  [org.apa.kaf.cli.pro.ProducerConfig] (main) These configurations '[schema.registry.url, auto.register.schemas, value.subject.name.strategy]' were supplied but are not used yet.
2025-07-31 17:06:12,159 INFO  [org.apa.kaf.com.uti.AppInfoParser] (main) Kafka version: 3.9.1
2025-07-31 17:06:12,159 INFO  [org.apa.kaf.com.uti.AppInfoParser] (main) Kafka commitId: f745dfdcee2b9851
2025-07-31 17:06:12,159 INFO  [org.apa.kaf.com.uti.AppInfoParser] (main) Kafka startTimeMs: 1753981572159
2025-07-31 17:06:12,160 INFO  [io.api.tes.ser.api.KafkaSerdesTester] (Thread-826) Sending message {"key1": "value-0", "key2": "value-0", "key3": "value-0"} to topic topic-c3c68a3a_4028_4277_99cb_707901c0e428
2025-07-31 17:06:12,163 INFO  [org.apa.kaf.cli.Metadata] (kafka-producer-network-thread | Producer-topic-c3c68a3a_4028_4277_99cb_707901c0e428) [Producer clientId=Producer-topic-c3c68a3a_4028_4277_99cb_707901c0e428] Cluster ID: WpqyxNU-RHKB_ermmfvksw
2025-07-31 17:06:12,163 INFO  [org.apa.kaf.cli.pro.int.TransactionManager] (kafka-producer-network-thread | Producer-topic-c3c68a3a_4028_4277_99cb_707901c0e428) [Producer clientId=Producer-topic-c3c68a3a_4028_4277_99cb_707901c0e428] ProducerId set to 39 with epoch 0
2025-07-31 17:06:12,180 INFO  [io.api.tes.ser.api.KafkaSerdesTester] (Thread-826) Sending message {"key1": "value-1", "key2": "value-1", "key3": "value-1"} to topic topic-c3c68a3a_4028_4277_99cb_707901c0e428
2025-07-31 17:06:12,181 INFO  [io.api.tes.ser.api.KafkaSerdesTester] (Thread-826) Sending message {"key1": "value-2", "key2": "value-2", "key3": "value-2"} to topic topic-c3c68a3a_4028_4277_99cb_707901c0e428
2025-07-31 17:06:12,183 INFO  [io.api.tes.ser.api.KafkaSerdesTester] (Thread-826) Sending message {"key1": "value-3", "key2": "value-3", "key3": "value-3"} to topic topic-c3c68a3a_4028_4277_99cb_707901c0e428
2025-07-31 17:06:12,184 INFO  [io.api.tes.ser.api.KafkaSerdesTester] (Thread-826) Sending message {"key1": "value-4", "key2": "value-4", "key3": "value-4"} to topic topic-c3c68a3a_4028_4277_99cb_707901c0e428
2025-07-31 17:06:12,185 INFO  [io.api.tes.ser.api.KafkaSerdesTester] (Thread-826) Sending message {"key1": "value-5", "key2": "value-5", "key3": "value-5"} to topic topic-c3c68a3a_4028_4277_99cb_707901c0e428
2025-07-31 17:06:12,186 INFO  [io.api.tes.ser.api.KafkaSerdesTester] (Thread-826) Sending message {"key1": "value-6", "key2": "value-6", "key3": "value-6"} to topic topic-c3c68a3a_4028_4277_99cb_707901c0e428
2025-07-31 17:06:12,188 INFO  [io.api.tes.ser.api.KafkaSerdesTester] (Thread-826) Sending message {"key1": "value-7", "key2": "value-7", "key3": "value-7"} to topic topic-c3c68a3a_4028_4277_99cb_707901c0e428
2025-07-31 17:06:12,189 INFO  [io.api.tes.ser.api.KafkaSerdesTester] (Thread-826) Sending message {"key1": "value-8", "key2": "value-8", "key3": "value-8"} to topic topic-c3c68a3a_4028_4277_99cb_707901c0e428
2025-07-31 17:06:12,195 INFO  [io.api.tes.ser.api.KafkaSerdesTester] (Thread-826) Sending message {"key1": "value-9", "key2": "value-9", "key3": "value-9"} to topic topic-c3c68a3a_4028_4277_99cb_707901c0e428
2025-07-31 17:06:12,197 INFO  [io.api.tes.ser.api.KafkaSerdesTester] (Thread-826) Produced 10 messages
2025-07-31 17:06:12,197 INFO  [org.apa.kaf.cli.pro.KafkaProducer] (Thread-826) [Producer clientId=Producer-topic-c3c68a3a_4028_4277_99cb_707901c0e428] Closing the Kafka producer with timeoutMillis = 9223372036854775807 ms.
2025-07-31 17:06:12,199 INFO  [org.apa.kaf.com.met.Metrics] (Thread-826) Metrics scheduler closed
2025-07-31 17:06:12,199 INFO  [org.apa.kaf.com.met.Metrics] (Thread-826) Closing reporter org.apache.kafka.common.metrics.JmxReporter
2025-07-31 17:06:12,199 INFO  [org.apa.kaf.com.met.Metrics] (Thread-826) Closing reporter org.apache.kafka.common.telemetry.internals.ClientTelemetryReporter
2025-07-31 17:06:12,199 INFO  [org.apa.kaf.com.met.Metrics] (Thread-826) Metrics reporters closed
2025-07-31 17:06:12,200 INFO  [org.apa.kaf.com.uti.AppInfoParser] (Thread-826) App info kafka.producer for Producer-topic-c3c68a3a_4028_4277_99cb_707901c0e428 unregistered
**** Registry Base URL: http://registry-app-kafkasql.apps.ci419.apicurio-testing.org:80
2025-07-31 17:06:12,201 INFO  [org.apa.kaf.cli.pro.ProducerConfig] (main) ProducerConfig values: 
	acks = -1
	auto.include.jmx.reporter = true
	batch.size = 16384
	bootstrap.servers = [PLAINTEXT://localhost:32770]
	buffer.memory = 33554432
	client.dns.lookup = use_all_dns_ips
	client.id = Producer-topic-c3c68a3a_4028_4277_99cb_707901c0e428
	compression.gzip.level = -1
	compression.lz4.level = 9
	compression.type = none
	compression.zstd.level = 3
	connections.max.idle.ms = 10000
	delivery.timeout.ms = 120000
	enable.idempotence = true
	enable.metrics.push = true
	interceptor.classes = []
	key.serializer = class org.apache.kafka.common.serialization.StringSerializer
	linger.ms = 0
	max.block.ms = 60000
	max.in.flight.requests.per.connection = 5
	max.request.size = 1048576
	metadata.max.age.ms = 300000
	metadata.max.idle.ms = 300000
	metadata.recovery.strategy = none
	metric.reporters = []
	metrics.num.samples = 2
	metrics.recording.level = INFO
	metrics.sample.window.ms = 30000
	partitioner.adaptive.partitioning.enable = true
	partitioner.availability.timeout.ms = 0
	partitioner.class = null
	partitioner.ignore.keys = false
	receive.buffer.bytes = 32768
	reconnect.backoff.max.ms = 1000
	reconnect.backoff.ms = 50
	request.timeout.ms = 5000
	retries = 2147483647
	retry.backoff.max.ms = 1000
	retry.backoff.ms = 100
	sasl.client.callback.handler.class = null
	sasl.jaas.config = null
	sasl.kerberos.kinit.cmd = /usr/bin/kinit
	sasl.kerberos.min.time.before.relogin = 60000
	sasl.kerberos.service.name = null
	sasl.kerberos.ticket.renew.jitter = 0.05
	sasl.kerberos.ticket.renew.window.factor = 0.8
	sasl.login.callback.handler.class = null
	sasl.login.class = null
	sasl.login.connect.timeout.ms = null
	sasl.login.read.timeout.ms = null
	sasl.login.refresh.buffer.seconds = 300
	sasl.login.refresh.min.period.seconds = 60
	sasl.login.refresh.window.factor = 0.8
	sasl.login.refresh.window.jitter = 0.05
	sasl.login.retry.backoff.max.ms = 10000
	sasl.login.retry.backoff.ms = 100
	sasl.mechanism = GSSAPI
	sasl.oauthbearer.clock.skew.seconds = 30
	sasl.oauthbearer.expected.audience = null
	sasl.oauthbearer.expected.issuer = null
	sasl.oauthbearer.header.urlencode = false
	sasl.oauthbearer.jwks.endpoint.refresh.ms = 3600000
	sasl.oauthbearer.jwks.endpoint.retry.backoff.max.ms = 10000
	sasl.oauthbearer.jwks.endpoint.retry.backoff.ms = 100
	sasl.oauthbearer.jwks.endpoint.url = null
	sasl.oauthbearer.scope.claim.name = scope
	sasl.oauthbearer.sub.claim.name = sub
	sasl.oauthbearer.token.endpoint.url = null
	security.protocol = PLAINTEXT
	security.providers = null
	send.buffer.bytes = 131072
	socket.connection.setup.timeout.max.ms = 30000
	socket.connection.setup.timeout.ms = 10000
	ssl.cipher.suites = null
	ssl.enabled.protocols = [TLSv1.2, TLSv1.3]
	ssl.endpoint.identification.algorithm = https
	ssl.engine.factory.class = null
	ssl.key.password = null
	ssl.keymanager.algorithm = SunX509
	ssl.keystore.certificate.chain = null
	ssl.keystore.key = null
	ssl.keystore.location = null
	ssl.keystore.password = null
	ssl.keystore.type = JKS
	ssl.protocol = TLSv1.3
	ssl.provider = null
	ssl.secure.random.implementation = null
	ssl.trustmanager.algorithm = PKIX
	ssl.truststore.certificates = null
	ssl.truststore.location = null
	ssl.truststore.password = null
	ssl.truststore.type = JKS
	transaction.timeout.ms = 60000
	transactional.id = null
	value.serializer = class io.confluent.kafka.serializers.KafkaAvroSerializer

2025-07-31 17:06:12,201 INFO  [org.apa.kaf.com.tel.int.KafkaMetricsCollector] (main) initializing Kafka metrics collector
2025-07-31 17:06:12,202 INFO  [io.con.kaf.ser.KafkaAvroSerializerConfig] (main) KafkaAvroSerializerConfig values: 
	auto.register.schemas = false
	avro.reflection.allow.null = false
	avro.remove.java.properties = false
	avro.use.logical.type.converters = false
	basic.auth.credentials.source = URL
	basic.auth.user.info = [hidden]
	bearer.auth.cache.expiry.buffer.seconds = 300
	bearer.auth.client.id = null
	bearer.auth.client.secret = null
	bearer.auth.credentials.source = STATIC_TOKEN
	bearer.auth.custom.provider.class = null
	bearer.auth.identity.pool.id = null
	bearer.auth.issuer.endpoint.url = null
	bearer.auth.logical.cluster = null
	bearer.auth.scope = null
	bearer.auth.scope.claim.name = scope
	bearer.auth.sub.claim.name = sub
	bearer.auth.token = [hidden]
	context.name.strategy = class io.confluent.kafka.serializers.context.NullContextNameStrategy
	http.connect.timeout.ms = 60000
	http.read.timeout.ms = 60000
	id.compatibility.strict = true
	key.schema.id.deserializer = class io.confluent.kafka.serializers.schema.id.DualSchemaIdDeserializer
	key.schema.id.serializer = class io.confluent.kafka.serializers.schema.id.PrefixSchemaIdSerializer
	key.subject.name.strategy = class io.confluent.kafka.serializers.subject.TopicNameStrategy
	latest.cache.size = 1000
	latest.cache.ttl.sec = -1
	latest.compatibility.strict = true
	max.retries = 3
	max.schemas.per.subject = 1000
	normalize.schemas = false
	propagate.schema.tags = false
	proxy.host = 
	proxy.port = -1
	retries.max.wait.ms = 20000
	retries.wait.ms = 1000
	rule.actions = []
	rule.executors = []
	rule.service.loader.enable = true
	schema.format = null
	schema.reflection = false
	schema.registry.basic.auth.user.info = [hidden]
	schema.registry.ssl.cipher.suites = null
	schema.registry.ssl.enabled.protocols = [TLSv1.2, TLSv1.3]
	schema.registry.ssl.endpoint.identification.algorithm = https
	schema.registry.ssl.engine.factory.class = null
	schema.registry.ssl.key.password = null
	schema.registry.ssl.keymanager.algorithm = SunX509
	schema.registry.ssl.keystore.certificate.chain = null
	schema.registry.ssl.keystore.key = null
	schema.registry.ssl.keystore.location = null
	schema.registry.ssl.keystore.password = null
	schema.registry.ssl.keystore.type = JKS
	schema.registry.ssl.protocol = TLSv1.3
	schema.registry.ssl.provider = null
	schema.registry.ssl.secure.random.implementation = null
	schema.registry.ssl.trustmanager.algorithm = PKIX
	schema.registry.ssl.truststore.certificates = null
	schema.registry.ssl.truststore.location = null
	schema.registry.ssl.truststore.password = null
	schema.registry.ssl.truststore.type = JKS
	schema.registry.url = [http://registry-app-kafkasql.apps.ci419.apicurio-testing.org:80/apis/ccompat/v7]
	schema.registry.url.randomize = false
	use.latest.version = false
	use.latest.with.metadata = null
	use.schema.id = -1
	value.schema.id.deserializer = class io.confluent.kafka.serializers.schema.id.DualSchemaIdDeserializer
	value.schema.id.serializer = class io.confluent.kafka.serializers.schema.id.PrefixSchemaIdSerializer
	value.subject.name.strategy = class io.confluent.kafka.serializers.subject.TopicRecordNameStrategy

2025-07-31 17:06:12,207 INFO  [org.apa.kaf.cli.pro.KafkaProducer] (main) [Producer clientId=Producer-topic-c3c68a3a_4028_4277_99cb_707901c0e428] Instantiated an idempotent producer.
2025-07-31 17:06:12,212 INFO  [org.apa.kaf.cli.pro.ProducerConfig] (main) These configurations '[schema.registry.url, auto.register.schemas, value.subject.name.strategy]' were supplied but are not used yet.
2025-07-31 17:06:12,212 INFO  [org.apa.kaf.com.uti.AppInfoParser] (main) Kafka version: 3.9.1
2025-07-31 17:06:12,212 INFO  [org.apa.kaf.com.uti.AppInfoParser] (main) Kafka commitId: f745dfdcee2b9851
2025-07-31 17:06:12,212 INFO  [org.apa.kaf.com.uti.AppInfoParser] (main) Kafka startTimeMs: 1753981572212
2025-07-31 17:06:12,212 INFO  [io.api.tes.ser.api.KafkaSerdesTester] (Thread-827) Sending message {"key1": "value-0", "key2": "value-0"} to topic topic-c3c68a3a_4028_4277_99cb_707901c0e428
2025-07-31 17:06:12,218 INFO  [org.apa.kaf.cli.Metadata] (kafka-producer-network-thread | Producer-topic-c3c68a3a_4028_4277_99cb_707901c0e428) [Producer clientId=Producer-topic-c3c68a3a_4028_4277_99cb_707901c0e428] Cluster ID: WpqyxNU-RHKB_ermmfvksw
2025-07-31 17:06:12,218 INFO  [org.apa.kaf.cli.pro.int.TransactionManager] (kafka-producer-network-thread | Producer-topic-c3c68a3a_4028_4277_99cb_707901c0e428) [Producer clientId=Producer-topic-c3c68a3a_4028_4277_99cb_707901c0e428] ProducerId set to 40 with epoch 0
2025-07-31 17:06:12,237 INFO  [io.api.tes.ser.api.KafkaSerdesTester] (Thread-827) Sending message {"key1": "value-1", "key2": "value-1"} to topic topic-c3c68a3a_4028_4277_99cb_707901c0e428
2025-07-31 17:06:12,238 INFO  [io.api.tes.ser.api.KafkaSerdesTester] (Thread-827) Sending message {"key1": "value-2", "key2": "value-2"} to topic topic-c3c68a3a_4028_4277_99cb_707901c0e428
2025-07-31 17:06:12,239 INFO  [io.api.tes.ser.api.KafkaSerdesTester] (Thread-827) Sending message {"key1": "value-3", "key2": "value-3"} to topic topic-c3c68a3a_4028_4277_99cb_707901c0e428
2025-07-31 17:06:12,249 INFO  [io.api.tes.ser.api.KafkaSerdesTester] (Thread-827) Sending message {"key1": "value-4", "key2": "value-4"} to topic topic-c3c68a3a_4028_4277_99cb_707901c0e428
2025-07-31 17:06:12,251 INFO  [io.api.tes.ser.api.KafkaSerdesTester] (Thread-827) Sending message {"key1": "value-5", "key2": "value-5"} to topic topic-c3c68a3a_4028_4277_99cb_707901c0e428
2025-07-31 17:06:12,252 INFO  [io.api.tes.ser.api.KafkaSerdesTester] (Thread-827) Sending message {"key1": "value-6", "key2": "value-6"} to topic topic-c3c68a3a_4028_4277_99cb_707901c0e428
2025-07-31 17:06:12,253 INFO  [io.api.tes.ser.api.KafkaSerdesTester] (Thread-827) Sending message {"key1": "value-7", "key2": "value-7"} to topic topic-c3c68a3a_4028_4277_99cb_707901c0e428
2025-07-31 17:06:12,254 INFO  [io.api.tes.ser.api.KafkaSerdesTester] (Thread-827) Sending message {"key1": "value-8", "key2": "value-8"} to topic topic-c3c68a3a_4028_4277_99cb_707901c0e428
2025-07-31 17:06:12,257 INFO  [io.api.tes.ser.api.KafkaSerdesTester] (Thread-827) Sending message {"key1": "value-9", "key2": "value-9"} to topic topic-c3c68a3a_4028_4277_99cb_707901c0e428
2025-07-31 17:06:12,258 INFO  [io.api.tes.ser.api.KafkaSerdesTester] (Thread-827) Produced 10 messages
2025-07-31 17:06:12,258 INFO  [org.apa.kaf.cli.pro.KafkaProducer] (Thread-827) [Producer clientId=Producer-topic-c3c68a3a_4028_4277_99cb_707901c0e428] Closing the Kafka producer with timeoutMillis = 9223372036854775807 ms.
2025-07-31 17:06:12,262 INFO  [org.apa.kaf.com.met.Metrics] (Thread-827) Metrics scheduler closed
2025-07-31 17:06:12,262 INFO  [org.apa.kaf.com.met.Metrics] (Thread-827) Closing reporter org.apache.kafka.common.metrics.JmxReporter
2025-07-31 17:06:12,262 INFO  [org.apa.kaf.com.met.Metrics] (Thread-827) Closing reporter org.apache.kafka.common.telemetry.internals.ClientTelemetryReporter
2025-07-31 17:06:12,262 INFO  [org.apa.kaf.com.met.Metrics] (Thread-827) Metrics reporters closed
2025-07-31 17:06:12,262 INFO  [org.apa.kaf.com.uti.AppInfoParser] (Thread-827) App info kafka.producer for Producer-topic-c3c68a3a_4028_4277_99cb_707901c0e428 unregistered
**** Registry Base URL: http://registry-app-kafkasql.apps.ci419.apicurio-testing.org:80
2025-07-31 17:06:12,263 INFO  [org.apa.kaf.cli.pro.ProducerConfig] (main) ProducerConfig values: 
	acks = -1
	auto.include.jmx.reporter = true
	batch.size = 16384
	bootstrap.servers = [PLAINTEXT://localhost:32770]
	buffer.memory = 33554432
	client.dns.lookup = use_all_dns_ips
	client.id = Producer-topic-c3c68a3a_4028_4277_99cb_707901c0e428
	compression.gzip.level = -1
	compression.lz4.level = 9
	compression.type = none
	compression.zstd.level = 3
	connections.max.idle.ms = 10000
	delivery.timeout.ms = 120000
	enable.idempotence = true
	enable.metrics.push = true
	interceptor.classes = []
	key.serializer = class org.apache.kafka.common.serialization.StringSerializer
	linger.ms = 0
	max.block.ms = 60000
	max.in.flight.requests.per.connection = 5
	max.request.size = 1048576
	metadata.max.age.ms = 300000
	metadata.max.idle.ms = 300000
	metadata.recovery.strategy = none
	metric.reporters = []
	metrics.num.samples = 2
	metrics.recording.level = INFO
	metrics.sample.window.ms = 30000
	partitioner.adaptive.partitioning.enable = true
	partitioner.availability.timeout.ms = 0
	partitioner.class = null
	partitioner.ignore.keys = false
	receive.buffer.bytes = 32768
	reconnect.backoff.max.ms = 1000
	reconnect.backoff.ms = 50
	request.timeout.ms = 5000
	retries = 2147483647
	retry.backoff.max.ms = 1000
	retry.backoff.ms = 100
	sasl.client.callback.handler.class = null
	sasl.jaas.config = null
	sasl.kerberos.kinit.cmd = /usr/bin/kinit
	sasl.kerberos.min.time.before.relogin = 60000
	sasl.kerberos.service.name = null
	sasl.kerberos.ticket.renew.jitter = 0.05
	sasl.kerberos.ticket.renew.window.factor = 0.8
	sasl.login.callback.handler.class = null
	sasl.login.class = null
	sasl.login.connect.timeout.ms = null
	sasl.login.read.timeout.ms = null
	sasl.login.refresh.buffer.seconds = 300
	sasl.login.refresh.min.period.seconds = 60
	sasl.login.refresh.window.factor = 0.8
	sasl.login.refresh.window.jitter = 0.05
	sasl.login.retry.backoff.max.ms = 10000
	sasl.login.retry.backoff.ms = 100
	sasl.mechanism = GSSAPI
	sasl.oauthbearer.clock.skew.seconds = 30
	sasl.oauthbearer.expected.audience = null
	sasl.oauthbearer.expected.issuer = null
	sasl.oauthbearer.header.urlencode = false
	sasl.oauthbearer.jwks.endpoint.refresh.ms = 3600000
	sasl.oauthbearer.jwks.endpoint.retry.backoff.max.ms = 10000
	sasl.oauthbearer.jwks.endpoint.retry.backoff.ms = 100
	sasl.oauthbearer.jwks.endpoint.url = null
	sasl.oauthbearer.scope.claim.name = scope
	sasl.oauthbearer.sub.claim.name = sub
	sasl.oauthbearer.token.endpoint.url = null
	security.protocol = PLAINTEXT
	security.providers = null
	send.buffer.bytes = 131072
	socket.connection.setup.timeout.max.ms = 30000
	socket.connection.setup.timeout.ms = 10000
	ssl.cipher.suites = null
	ssl.enabled.protocols = [TLSv1.2, TLSv1.3]
	ssl.endpoint.identification.algorithm = https
	ssl.engine.factory.class = null
	ssl.key.password = null
	ssl.keymanager.algorithm = SunX509
	ssl.keystore.certificate.chain = null
	ssl.keystore.key = null
	ssl.keystore.location = null
	ssl.keystore.password = null
	ssl.keystore.type = JKS
	ssl.protocol = TLSv1.3
	ssl.provider = null
	ssl.secure.random.implementation = null
	ssl.trustmanager.algorithm = PKIX
	ssl.truststore.certificates = null
	ssl.truststore.location = null
	ssl.truststore.password = null
	ssl.truststore.type = JKS
	transaction.timeout.ms = 60000
	transactional.id = null
	value.serializer = class io.confluent.kafka.serializers.KafkaAvroSerializer

2025-07-31 17:06:12,263 INFO  [org.apa.kaf.com.tel.int.KafkaMetricsCollector] (main) initializing Kafka metrics collector
2025-07-31 17:06:12,263 INFO  [io.con.kaf.ser.KafkaAvroSerializerConfig] (main) KafkaAvroSerializerConfig values: 
	auto.register.schemas = false
	avro.reflection.allow.null = false
	avro.remove.java.properties = false
	avro.use.logical.type.converters = false
	basic.auth.credentials.source = URL
	basic.auth.user.info = [hidden]
	bearer.auth.cache.expiry.buffer.seconds = 300
	bearer.auth.client.id = null
	bearer.auth.client.secret = null
	bearer.auth.credentials.source = STATIC_TOKEN
	bearer.auth.custom.provider.class = null
	bearer.auth.identity.pool.id = null
	bearer.auth.issuer.endpoint.url = null
	bearer.auth.logical.cluster = null
	bearer.auth.scope = null
	bearer.auth.scope.claim.name = scope
	bearer.auth.sub.claim.name = sub
	bearer.auth.token = [hidden]
	context.name.strategy = class io.confluent.kafka.serializers.context.NullContextNameStrategy
	http.connect.timeout.ms = 60000
	http.read.timeout.ms = 60000
	id.compatibility.strict = true
	key.schema.id.deserializer = class io.confluent.kafka.serializers.schema.id.DualSchemaIdDeserializer
	key.schema.id.serializer = class io.confluent.kafka.serializers.schema.id.PrefixSchemaIdSerializer
	key.subject.name.strategy = class io.confluent.kafka.serializers.subject.TopicNameStrategy
	latest.cache.size = 1000
	latest.cache.ttl.sec = -1
	latest.compatibility.strict = true
	max.retries = 3
	max.schemas.per.subject = 1000
	normalize.schemas = false
	propagate.schema.tags = false
	proxy.host = 
	proxy.port = -1
	retries.max.wait.ms = 20000
	retries.wait.ms = 1000
	rule.actions = []
	rule.executors = []
	rule.service.loader.enable = true
	schema.format = null
	schema.reflection = false
	schema.registry.basic.auth.user.info = [hidden]
	schema.registry.ssl.cipher.suites = null
	schema.registry.ssl.enabled.protocols = [TLSv1.2, TLSv1.3]
	schema.registry.ssl.endpoint.identification.algorithm = https
	schema.registry.ssl.engine.factory.class = null
	schema.registry.ssl.key.password = null
	schema.registry.ssl.keymanager.algorithm = SunX509
	schema.registry.ssl.keystore.certificate.chain = null
	schema.registry.ssl.keystore.key = null
	schema.registry.ssl.keystore.location = null
	schema.registry.ssl.keystore.password = null
	schema.registry.ssl.keystore.type = JKS
	schema.registry.ssl.protocol = TLSv1.3
	schema.registry.ssl.provider = null
	schema.registry.ssl.secure.random.implementation = null
	schema.registry.ssl.trustmanager.algorithm = PKIX
	schema.registry.ssl.truststore.certificates = null
	schema.registry.ssl.truststore.location = null
	schema.registry.ssl.truststore.password = null
	schema.registry.ssl.truststore.type = JKS
	schema.registry.url = [http://registry-app-kafkasql.apps.ci419.apicurio-testing.org:80/apis/ccompat/v7]
	schema.registry.url.randomize = false
	use.latest.version = false
	use.latest.with.metadata = null
	use.schema.id = -1
	value.schema.id.deserializer = class io.confluent.kafka.serializers.schema.id.DualSchemaIdDeserializer
	value.schema.id.serializer = class io.confluent.kafka.serializers.schema.id.PrefixSchemaIdSerializer
	value.subject.name.strategy = class io.confluent.kafka.serializers.subject.TopicRecordNameStrategy

2025-07-31 17:06:12,268 INFO  [org.apa.kaf.cli.pro.KafkaProducer] (main) [Producer clientId=Producer-topic-c3c68a3a_4028_4277_99cb_707901c0e428] Instantiated an idempotent producer.
2025-07-31 17:06:12,273 INFO  [org.apa.kaf.cli.pro.ProducerConfig] (main) These configurations '[schema.registry.url, auto.register.schemas, value.subject.name.strategy]' were supplied but are not used yet.
2025-07-31 17:06:12,273 INFO  [org.apa.kaf.com.uti.AppInfoParser] (main) Kafka version: 3.9.1
2025-07-31 17:06:12,273 INFO  [org.apa.kaf.com.uti.AppInfoParser] (main) Kafka commitId: f745dfdcee2b9851
2025-07-31 17:06:12,274 INFO  [org.apa.kaf.com.uti.AppInfoParser] (main) Kafka startTimeMs: 1753981572273
2025-07-31 17:06:12,276 INFO  [io.api.tes.ser.api.KafkaSerdesTester] (Thread-828) Sending message {"key1": "value-0"} to topic topic-c3c68a3a_4028_4277_99cb_707901c0e428
2025-07-31 17:06:12,278 INFO  [org.apa.kaf.cli.Metadata] (kafka-producer-network-thread | Producer-topic-c3c68a3a_4028_4277_99cb_707901c0e428) [Producer clientId=Producer-topic-c3c68a3a_4028_4277_99cb_707901c0e428] Cluster ID: WpqyxNU-RHKB_ermmfvksw
2025-07-31 17:06:12,279 INFO  [org.apa.kaf.cli.pro.int.TransactionManager] (kafka-producer-network-thread | Producer-topic-c3c68a3a_4028_4277_99cb_707901c0e428) [Producer clientId=Producer-topic-c3c68a3a_4028_4277_99cb_707901c0e428] ProducerId set to 41 with epoch 0
2025-07-31 17:06:12,301 INFO  [io.api.tes.ser.api.KafkaSerdesTester] (Thread-828) Sending message {"key1": "value-1"} to topic topic-c3c68a3a_4028_4277_99cb_707901c0e428
2025-07-31 17:06:12,308 INFO  [io.api.tes.ser.api.KafkaSerdesTester] (Thread-828) Sending message {"key1": "value-2"} to topic topic-c3c68a3a_4028_4277_99cb_707901c0e428
2025-07-31 17:06:12,310 INFO  [io.api.tes.ser.api.KafkaSerdesTester] (Thread-828) Sending message {"key1": "value-3"} to topic topic-c3c68a3a_4028_4277_99cb_707901c0e428
2025-07-31 17:06:12,312 INFO  [io.api.tes.ser.api.KafkaSerdesTester] (Thread-828) Sending message {"key1": "value-4"} to topic topic-c3c68a3a_4028_4277_99cb_707901c0e428
2025-07-31 17:06:12,315 INFO  [io.api.tes.ser.api.KafkaSerdesTester] (Thread-828) Sending message {"key1": "value-5"} to topic topic-c3c68a3a_4028_4277_99cb_707901c0e428
2025-07-31 17:06:12,316 INFO  [io.api.tes.ser.api.KafkaSerdesTester] (Thread-828) Sending message {"key1": "value-6"} to topic topic-c3c68a3a_4028_4277_99cb_707901c0e428
2025-07-31 17:06:12,317 INFO  [io.api.tes.ser.api.KafkaSerdesTester] (Thread-828) Sending message {"key1": "value-7"} to topic topic-c3c68a3a_4028_4277_99cb_707901c0e428
2025-07-31 17:06:12,318 INFO  [io.api.tes.ser.api.KafkaSerdesTester] (Thread-828) Sending message {"key1": "value-8"} to topic topic-c3c68a3a_4028_4277_99cb_707901c0e428
2025-07-31 17:06:12,319 INFO  [io.api.tes.ser.api.KafkaSerdesTester] (Thread-828) Sending message {"key1": "value-9"} to topic topic-c3c68a3a_4028_4277_99cb_707901c0e428
2025-07-31 17:06:12,324 INFO  [io.api.tes.ser.api.KafkaSerdesTester] (Thread-828) Produced 10 messages
2025-07-31 17:06:12,324 INFO  [org.apa.kaf.cli.pro.KafkaProducer] (Thread-828) [Producer clientId=Producer-topic-c3c68a3a_4028_4277_99cb_707901c0e428] Closing the Kafka producer with timeoutMillis = 9223372036854775807 ms.
2025-07-31 17:06:12,326 INFO  [org.apa.kaf.com.met.Metrics] (Thread-828) Metrics scheduler closed
2025-07-31 17:06:12,326 INFO  [org.apa.kaf.com.met.Metrics] (Thread-828) Closing reporter org.apache.kafka.common.metrics.JmxReporter
2025-07-31 17:06:12,326 INFO  [org.apa.kaf.com.met.Metrics] (Thread-828) Closing reporter org.apache.kafka.common.telemetry.internals.ClientTelemetryReporter
2025-07-31 17:06:12,326 INFO  [org.apa.kaf.com.met.Metrics] (Thread-828) Metrics reporters closed
2025-07-31 17:06:12,326 INFO  [org.apa.kaf.com.uti.AppInfoParser] (Thread-828) App info kafka.producer for Producer-topic-c3c68a3a_4028_4277_99cb_707901c0e428 unregistered
**** Registry Base URL: http://registry-app-kafkasql.apps.ci419.apicurio-testing.org:80
2025-07-31 17:06:12,326 INFO  [org.apa.kaf.cli.con.ConsumerConfig] (main) ConsumerConfig values: 
	allow.auto.create.topics = true
	auto.commit.interval.ms = 500
	auto.include.jmx.reporter = true
	auto.offset.reset = earliest
	bootstrap.servers = [PLAINTEXT://localhost:32770]
	check.crcs = true
	client.dns.lookup = use_all_dns_ips
	client.id = consumer-Consumer-topic-c3c68a3a_4028_4277_99cb_707901c0e428-29
	client.rack = 
	connections.max.idle.ms = 10000
	default.api.timeout.ms = 60000
	enable.auto.commit = true
	enable.metrics.push = true
	exclude.internal.topics = true
	fetch.max.bytes = 52428800
	fetch.max.wait.ms = 500
	fetch.min.bytes = 1
	group.id = Consumer-topic-c3c68a3a_4028_4277_99cb_707901c0e428
	group.instance.id = null
	group.protocol = classic
	group.remote.assignor = null
	heartbeat.interval.ms = 3000
	interceptor.classes = []
	internal.leave.group.on.close = true
	internal.throw.on.fetch.stable.offset.unsupported = false
	isolation.level = read_uncommitted
	key.deserializer = class org.apache.kafka.common.serialization.StringDeserializer
	max.partition.fetch.bytes = 1048576
	max.poll.interval.ms = 300000
	max.poll.records = 500
	metadata.max.age.ms = 300000
	metadata.recovery.strategy = none
	metric.reporters = []
	metrics.num.samples = 2
	metrics.recording.level = INFO
	metrics.sample.window.ms = 30000
	partition.assignment.strategy = [class org.apache.kafka.clients.consumer.RangeAssignor, class org.apache.kafka.clients.consumer.CooperativeStickyAssignor]
	receive.buffer.bytes = 65536
	reconnect.backoff.max.ms = 1000
	reconnect.backoff.ms = 50
	request.timeout.ms = 5000
	retry.backoff.max.ms = 1000
	retry.backoff.ms = 100
	sasl.client.callback.handler.class = null
	sasl.jaas.config = null
	sasl.kerberos.kinit.cmd = /usr/bin/kinit
	sasl.kerberos.min.time.before.relogin = 60000
	sasl.kerberos.service.name = null
	sasl.kerberos.ticket.renew.jitter = 0.05
	sasl.kerberos.ticket.renew.window.factor = 0.8
	sasl.login.callback.handler.class = null
	sasl.login.class = null
	sasl.login.connect.timeout.ms = null
	sasl.login.read.timeout.ms = null
	sasl.login.refresh.buffer.seconds = 300
	sasl.login.refresh.min.period.seconds = 60
	sasl.login.refresh.window.factor = 0.8
	sasl.login.refresh.window.jitter = 0.05
	sasl.login.retry.backoff.max.ms = 10000
	sasl.login.retry.backoff.ms = 100
	sasl.mechanism = GSSAPI
	sasl.oauthbearer.clock.skew.seconds = 30
	sasl.oauthbearer.expected.audience = null
	sasl.oauthbearer.expected.issuer = null
	sasl.oauthbearer.header.urlencode = false
	sasl.oauthbearer.jwks.endpoint.refresh.ms = 3600000
	sasl.oauthbearer.jwks.endpoint.retry.backoff.max.ms = 10000
	sasl.oauthbearer.jwks.endpoint.retry.backoff.ms = 100
	sasl.oauthbearer.jwks.endpoint.url = null
	sasl.oauthbearer.scope.claim.name = scope
	sasl.oauthbearer.sub.claim.name = sub
	sasl.oauthbearer.token.endpoint.url = null
	security.protocol = PLAINTEXT
	security.providers = null
	send.buffer.bytes = 131072
	session.timeout.ms = 45000
	socket.connection.setup.timeout.max.ms = 30000
	socket.connection.setup.timeout.ms = 10000
	ssl.cipher.suites = null
	ssl.enabled.protocols = [TLSv1.2, TLSv1.3]
	ssl.endpoint.identification.algorithm = https
	ssl.engine.factory.class = null
	ssl.key.password = null
	ssl.keymanager.algorithm = SunX509
	ssl.keystore.certificate.chain = null
	ssl.keystore.key = null
	ssl.keystore.location = null
	ssl.keystore.password = null
	ssl.keystore.type = JKS
	ssl.protocol = TLSv1.3
	ssl.provider = null
	ssl.secure.random.implementation = null
	ssl.trustmanager.algorithm = PKIX
	ssl.truststore.certificates = null
	ssl.truststore.location = null
	ssl.truststore.password = null
	ssl.truststore.type = JKS
	value.deserializer = class io.confluent.kafka.serializers.KafkaAvroDeserializer

2025-07-31 17:06:12,327 INFO  [org.apa.kaf.com.tel.int.KafkaMetricsCollector] (main) initializing Kafka metrics collector
2025-07-31 17:06:12,327 INFO  [io.con.kaf.ser.KafkaAvroDeserializerConfig] (main) KafkaAvroDeserializerConfig values: 
	auto.register.schemas = true
	avro.reflection.allow.null = false
	avro.use.logical.type.converters = false
	basic.auth.credentials.source = URL
	basic.auth.user.info = [hidden]
	bearer.auth.cache.expiry.buffer.seconds = 300
	bearer.auth.client.id = null
	bearer.auth.client.secret = null
	bearer.auth.credentials.source = STATIC_TOKEN
	bearer.auth.custom.provider.class = null
	bearer.auth.identity.pool.id = null
	bearer.auth.issuer.endpoint.url = null
	bearer.auth.logical.cluster = null
	bearer.auth.scope = null
	bearer.auth.scope.claim.name = scope
	bearer.auth.sub.claim.name = sub
	bearer.auth.token = [hidden]
	context.name.strategy = class io.confluent.kafka.serializers.context.NullContextNameStrategy
	http.connect.timeout.ms = 60000
	http.read.timeout.ms = 60000
	id.compatibility.strict = true
	key.schema.id.deserializer = class io.confluent.kafka.serializers.schema.id.DualSchemaIdDeserializer
	key.schema.id.serializer = class io.confluent.kafka.serializers.schema.id.PrefixSchemaIdSerializer
	key.subject.name.strategy = class io.confluent.kafka.serializers.subject.TopicNameStrategy
	latest.cache.size = 1000
	latest.cache.ttl.sec = -1
	latest.compatibility.strict = true
	max.retries = 3
	max.schemas.per.subject = 1000
	normalize.schemas = false
	propagate.schema.tags = false
	proxy.host = 
	proxy.port = -1
	retries.max.wait.ms = 20000
	retries.wait.ms = 1000
	rule.actions = []
	rule.executors = []
	rule.service.loader.enable = true
	schema.format = null
	schema.reflection = false
	schema.registry.basic.auth.user.info = [hidden]
	schema.registry.ssl.cipher.suites = null
	schema.registry.ssl.enabled.protocols = [TLSv1.2, TLSv1.3]
	schema.registry.ssl.endpoint.identification.algorithm = https
	schema.registry.ssl.engine.factory.class = null
	schema.registry.ssl.key.password = null
	schema.registry.ssl.keymanager.algorithm = SunX509
	schema.registry.ssl.keystore.certificate.chain = null
	schema.registry.ssl.keystore.key = null
	schema.registry.ssl.keystore.location = null
	schema.registry.ssl.keystore.password = null
	schema.registry.ssl.keystore.type = JKS
	schema.registry.ssl.protocol = TLSv1.3
	schema.registry.ssl.provider = null
	schema.registry.ssl.secure.random.implementation = null
	schema.registry.ssl.trustmanager.algorithm = PKIX
	schema.registry.ssl.truststore.certificates = null
	schema.registry.ssl.truststore.location = null
	schema.registry.ssl.truststore.password = null
	schema.registry.ssl.truststore.type = JKS
	schema.registry.url = [http://registry-app-kafkasql.apps.ci419.apicurio-testing.org:80/apis/ccompat/v7]
	schema.registry.url.randomize = false
	specific.avro.key.type = null
	specific.avro.reader = false
	specific.avro.value.type = null
	use.latest.version = false
	use.latest.with.metadata = null
	use.schema.id = -1
	value.schema.id.deserializer = class io.confluent.kafka.serializers.schema.id.DualSchemaIdDeserializer
	value.schema.id.serializer = class io.confluent.kafka.serializers.schema.id.PrefixSchemaIdSerializer
	value.subject.name.strategy = class io.confluent.kafka.serializers.subject.TopicNameStrategy

2025-07-31 17:06:12,334 INFO  [org.apa.kaf.cli.con.ConsumerConfig] (main) These configurations '[schema.registry.url]' were supplied but are not used yet.
2025-07-31 17:06:12,334 INFO  [org.apa.kaf.com.uti.AppInfoParser] (main) Kafka version: 3.9.1
2025-07-31 17:06:12,334 INFO  [org.apa.kaf.com.uti.AppInfoParser] (main) Kafka commitId: f745dfdcee2b9851
2025-07-31 17:06:12,334 INFO  [org.apa.kaf.com.uti.AppInfoParser] (main) Kafka startTimeMs: 1753981572334
2025-07-31 17:06:12,337 INFO  [org.apa.kaf.cli.con.int.ClassicKafkaConsumer] (Thread-829) [Consumer clientId=consumer-Consumer-topic-c3c68a3a_4028_4277_99cb_707901c0e428-29, groupId=Consumer-topic-c3c68a3a_4028_4277_99cb_707901c0e428] Subscribed to topic(s): topic-c3c68a3a_4028_4277_99cb_707901c0e428
2025-07-31 17:06:12,341 INFO  [org.apa.kaf.cli.Metadata] (Thread-829) [Consumer clientId=consumer-Consumer-topic-c3c68a3a_4028_4277_99cb_707901c0e428-29, groupId=Consumer-topic-c3c68a3a_4028_4277_99cb_707901c0e428] Cluster ID: WpqyxNU-RHKB_ermmfvksw
2025-07-31 17:06:12,341 INFO  [org.apa.kaf.cli.con.int.ConsumerCoordinator] (Thread-829) [Consumer clientId=consumer-Consumer-topic-c3c68a3a_4028_4277_99cb_707901c0e428-29, groupId=Consumer-topic-c3c68a3a_4028_4277_99cb_707901c0e428] Discovered group coordinator localhost:32770 (id: 2147483647 rack: null)
2025-07-31 17:06:12,342 INFO  [org.apa.kaf.cli.con.int.ConsumerCoordinator] (Thread-829) [Consumer clientId=consumer-Consumer-topic-c3c68a3a_4028_4277_99cb_707901c0e428-29, groupId=Consumer-topic-c3c68a3a_4028_4277_99cb_707901c0e428] (Re-)joining group
2025-07-31 17:06:12,345 INFO  [org.apa.kaf.cli.con.int.ConsumerCoordinator] (Thread-829) [Consumer clientId=consumer-Consumer-topic-c3c68a3a_4028_4277_99cb_707901c0e428-29, groupId=Consumer-topic-c3c68a3a_4028_4277_99cb_707901c0e428] Request joining group due to: need to re-join with the given member-id: consumer-Consumer-topic-c3c68a3a_4028_4277_99cb_707901c0e428-29-03a8535f-1c03-48a6-89b9-2a40e6832100
2025-07-31 17:06:12,345 INFO  [org.apa.kaf.cli.con.int.ConsumerCoordinator] (Thread-829) [Consumer clientId=consumer-Consumer-topic-c3c68a3a_4028_4277_99cb_707901c0e428-29, groupId=Consumer-topic-c3c68a3a_4028_4277_99cb_707901c0e428] (Re-)joining group
2025-07-31 17:06:12,347 INFO  [org.apa.kaf.cli.con.int.ConsumerCoordinator] (Thread-829) [Consumer clientId=consumer-Consumer-topic-c3c68a3a_4028_4277_99cb_707901c0e428-29, groupId=Consumer-topic-c3c68a3a_4028_4277_99cb_707901c0e428] Successfully joined group with generation Generation{generationId=5, memberId='consumer-Consumer-topic-c3c68a3a_4028_4277_99cb_707901c0e428-29-03a8535f-1c03-48a6-89b9-2a40e6832100', protocol='range'}
2025-07-31 17:06:12,347 INFO  [org.apa.kaf.cli.con.int.ConsumerCoordinator] (Thread-829) [Consumer clientId=consumer-Consumer-topic-c3c68a3a_4028_4277_99cb_707901c0e428-29, groupId=Consumer-topic-c3c68a3a_4028_4277_99cb_707901c0e428] Finished assignment for group at generation 5: {consumer-Consumer-topic-c3c68a3a_4028_4277_99cb_707901c0e428-29-03a8535f-1c03-48a6-89b9-2a40e6832100=Assignment(partitions=[topic-c3c68a3a_4028_4277_99cb_707901c0e428-0])}
2025-07-31 17:06:12,349 INFO  [org.apa.kaf.cli.con.int.ConsumerCoordinator] (Thread-829) [Consumer clientId=consumer-Consumer-topic-c3c68a3a_4028_4277_99cb_707901c0e428-29, groupId=Consumer-topic-c3c68a3a_4028_4277_99cb_707901c0e428] Successfully synced group in generation Generation{generationId=5, memberId='consumer-Consumer-topic-c3c68a3a_4028_4277_99cb_707901c0e428-29-03a8535f-1c03-48a6-89b9-2a40e6832100', protocol='range'}
2025-07-31 17:06:12,349 INFO  [org.apa.kaf.cli.con.int.ConsumerCoordinator] (Thread-829) [Consumer clientId=consumer-Consumer-topic-c3c68a3a_4028_4277_99cb_707901c0e428-29, groupId=Consumer-topic-c3c68a3a_4028_4277_99cb_707901c0e428] Notifying assignor about the new Assignment(partitions=[topic-c3c68a3a_4028_4277_99cb_707901c0e428-0])
2025-07-31 17:06:12,349 INFO  [org.apa.kaf.cli.con.int.ConsumerRebalanceListenerInvoker] (Thread-829) [Consumer clientId=consumer-Consumer-topic-c3c68a3a_4028_4277_99cb_707901c0e428-29, groupId=Consumer-topic-c3c68a3a_4028_4277_99cb_707901c0e428] Adding newly assigned partitions: topic-c3c68a3a_4028_4277_99cb_707901c0e428-0
2025-07-31 17:06:12,351 INFO  [org.apa.kaf.cli.con.int.ConsumerUtils] (Thread-829) Setting offset for partition topic-c3c68a3a_4028_4277_99cb_707901c0e428-0 to the committed offset FetchPosition{offset=30, offsetEpoch=Optional[0], currentLeader=LeaderAndEpoch{leader=Optional[localhost:32770 (id: 0 rack: null)], epoch=0}}
2025-07-31 17:06:12,399 INFO  [io.api.tes.ser.api.KafkaSerdesTester] (Thread-829) topic-c3c68a3a_4028_4277_99cb_707901c0e428 0 30 {"key1": "value-0", "key2": "value-0", "key3": "value-0"}
2025-07-31 17:06:12,399 INFO  [io.api.tes.ser.api.KafkaSerdesTester] (Thread-829) topic-c3c68a3a_4028_4277_99cb_707901c0e428 0 31 {"key1": "value-1", "key2": "value-1", "key3": "value-1"}
2025-07-31 17:06:12,399 INFO  [io.api.tes.ser.api.KafkaSerdesTester] (Thread-829) topic-c3c68a3a_4028_4277_99cb_707901c0e428 0 32 {"key1": "value-2", "key2": "value-2", "key3": "value-2"}
2025-07-31 17:06:12,399 INFO  [io.api.tes.ser.api.KafkaSerdesTester] (Thread-829) topic-c3c68a3a_4028_4277_99cb_707901c0e428 0 33 {"key1": "value-3", "key2": "value-3", "key3": "value-3"}
2025-07-31 17:06:12,399 INFO  [io.api.tes.ser.api.KafkaSerdesTester] (Thread-829) topic-c3c68a3a_4028_4277_99cb_707901c0e428 0 34 {"key1": "value-4", "key2": "value-4", "key3": "value-4"}
2025-07-31 17:06:12,399 INFO  [io.api.tes.ser.api.KafkaSerdesTester] (Thread-829) topic-c3c68a3a_4028_4277_99cb_707901c0e428 0 35 {"key1": "value-5", "key2": "value-5", "key3": "value-5"}
2025-07-31 17:06:12,399 INFO  [io.api.tes.ser.api.KafkaSerdesTester] (Thread-829) topic-c3c68a3a_4028_4277_99cb_707901c0e428 0 36 {"key1": "value-6", "key2": "value-6", "key3": "value-6"}
2025-07-31 17:06:12,399 INFO  [io.api.tes.ser.api.KafkaSerdesTester] (Thread-829) topic-c3c68a3a_4028_4277_99cb_707901c0e428 0 37 {"key1": "value-7", "key2": "value-7", "key3": "value-7"}
2025-07-31 17:06:12,399 INFO  [io.api.tes.ser.api.KafkaSerdesTester] (Thread-829) topic-c3c68a3a_4028_4277_99cb_707901c0e428 0 38 {"key1": "value-8", "key2": "value-8", "key3": "value-8"}
2025-07-31 17:06:12,399 INFO  [io.api.tes.ser.api.KafkaSerdesTester] (Thread-829) topic-c3c68a3a_4028_4277_99cb_707901c0e428 0 39 {"key1": "value-9", "key2": "value-9", "key3": "value-9"}
2025-07-31 17:06:12,399 INFO  [io.api.tes.ser.api.KafkaSerdesTester] (Thread-829) topic-c3c68a3a_4028_4277_99cb_707901c0e428 0 40 {"key1": "value-0", "key2": "value-0"}
2025-07-31 17:06:12,399 INFO  [io.api.tes.ser.api.KafkaSerdesTester] (Thread-829) topic-c3c68a3a_4028_4277_99cb_707901c0e428 0 41 {"key1": "value-1", "key2": "value-1"}
2025-07-31 17:06:12,399 INFO  [io.api.tes.ser.api.KafkaSerdesTester] (Thread-829) topic-c3c68a3a_4028_4277_99cb_707901c0e428 0 42 {"key1": "value-2", "key2": "value-2"}
2025-07-31 17:06:12,399 INFO  [io.api.tes.ser.api.KafkaSerdesTester] (Thread-829) topic-c3c68a3a_4028_4277_99cb_707901c0e428 0 43 {"key1": "value-3", "key2": "value-3"}
2025-07-31 17:06:12,399 INFO  [io.api.tes.ser.api.KafkaSerdesTester] (Thread-829) topic-c3c68a3a_4028_4277_99cb_707901c0e428 0 44 {"key1": "value-4", "key2": "value-4"}
2025-07-31 17:06:12,399 INFO  [io.api.tes.ser.api.KafkaSerdesTester] (Thread-829) topic-c3c68a3a_4028_4277_99cb_707901c0e428 0 45 {"key1": "value-5", "key2": "value-5"}
2025-07-31 17:06:12,399 INFO  [io.api.tes.ser.api.KafkaSerdesTester] (Thread-829) topic-c3c68a3a_4028_4277_99cb_707901c0e428 0 46 {"key1": "value-6", "key2": "value-6"}
2025-07-31 17:06:12,399 INFO  [io.api.tes.ser.api.KafkaSerdesTester] (Thread-829) topic-c3c68a3a_4028_4277_99cb_707901c0e428 0 47 {"key1": "value-7", "key2": "value-7"}
2025-07-31 17:06:12,399 INFO  [io.api.tes.ser.api.KafkaSerdesTester] (Thread-829) topic-c3c68a3a_4028_4277_99cb_707901c0e428 0 48 {"key1": "value-8", "key2": "value-8"}
2025-07-31 17:06:12,399 INFO  [io.api.tes.ser.api.KafkaSerdesTester] (Thread-829) topic-c3c68a3a_4028_4277_99cb_707901c0e428 0 49 {"key1": "value-9", "key2": "value-9"}
2025-07-31 17:06:12,399 INFO  [io.api.tes.ser.api.KafkaSerdesTester] (Thread-829) topic-c3c68a3a_4028_4277_99cb_707901c0e428 0 50 {"key1": "value-0"}
2025-07-31 17:06:12,399 INFO  [io.api.tes.ser.api.KafkaSerdesTester] (Thread-829) topic-c3c68a3a_4028_4277_99cb_707901c0e428 0 51 {"key1": "value-1"}
2025-07-31 17:06:12,399 INFO  [io.api.tes.ser.api.KafkaSerdesTester] (Thread-829) topic-c3c68a3a_4028_4277_99cb_707901c0e428 0 52 {"key1": "value-2"}
2025-07-31 17:06:12,399 INFO  [io.api.tes.ser.api.KafkaSerdesTester] (Thread-829) topic-c3c68a3a_4028_4277_99cb_707901c0e428 0 53 {"key1": "value-3"}
2025-07-31 17:06:12,399 INFO  [io.api.tes.ser.api.KafkaSerdesTester] (Thread-829) topic-c3c68a3a_4028_4277_99cb_707901c0e428 0 54 {"key1": "value-4"}
2025-07-31 17:06:12,399 INFO  [io.api.tes.ser.api.KafkaSerdesTester] (Thread-829) topic-c3c68a3a_4028_4277_99cb_707901c0e428 0 55 {"key1": "value-5"}
2025-07-31 17:06:12,399 INFO  [io.api.tes.ser.api.KafkaSerdesTester] (Thread-829) topic-c3c68a3a_4028_4277_99cb_707901c0e428 0 56 {"key1": "value-6"}
2025-07-31 17:06:12,399 INFO  [io.api.tes.ser.api.KafkaSerdesTester] (Thread-829) topic-c3c68a3a_4028_4277_99cb_707901c0e428 0 57 {"key1": "value-7"}
2025-07-31 17:06:12,399 INFO  [io.api.tes.ser.api.KafkaSerdesTester] (Thread-829) topic-c3c68a3a_4028_4277_99cb_707901c0e428 0 58 {"key1": "value-8"}
2025-07-31 17:06:12,400 INFO  [io.api.tes.ser.api.KafkaSerdesTester] (Thread-829) topic-c3c68a3a_4028_4277_99cb_707901c0e428 0 59 {"key1": "value-9"}
2025-07-31 17:06:12,400 INFO  [io.api.tes.ser.api.KafkaSerdesTester] (Thread-829) Consumed 30 messages
2025-07-31 17:06:12,401 INFO  [org.apa.kaf.cli.con.int.ConsumerRebalanceListenerInvoker] (Thread-829) [Consumer clientId=consumer-Consumer-topic-c3c68a3a_4028_4277_99cb_707901c0e428-29, groupId=Consumer-topic-c3c68a3a_4028_4277_99cb_707901c0e428] Revoke previously assigned partitions topic-c3c68a3a_4028_4277_99cb_707901c0e428-0
2025-07-31 17:06:12,401 INFO  [org.apa.kaf.cli.con.int.ConsumerCoordinator] (Thread-829) [Consumer clientId=consumer-Consumer-topic-c3c68a3a_4028_4277_99cb_707901c0e428-29, groupId=Consumer-topic-c3c68a3a_4028_4277_99cb_707901c0e428] Member consumer-Consumer-topic-c3c68a3a_4028_4277_99cb_707901c0e428-29-03a8535f-1c03-48a6-89b9-2a40e6832100 sending LeaveGroup request to coordinator localhost:32770 (id: 2147483647 rack: null) due to the consumer is being closed
2025-07-31 17:06:12,402 INFO  [org.apa.kaf.cli.con.int.ConsumerCoordinator] (Thread-829) [Consumer clientId=consumer-Consumer-topic-c3c68a3a_4028_4277_99cb_707901c0e428-29, groupId=Consumer-topic-c3c68a3a_4028_4277_99cb_707901c0e428] Resetting generation and member id due to: consumer pro-actively leaving the group
2025-07-31 17:06:12,402 INFO  [org.apa.kaf.cli.con.int.ConsumerCoordinator] (Thread-829) [Consumer clientId=consumer-Consumer-topic-c3c68a3a_4028_4277_99cb_707901c0e428-29, groupId=Consumer-topic-c3c68a3a_4028_4277_99cb_707901c0e428] Request joining group due to: consumer pro-actively leaving the group
2025-07-31 17:06:12,902 INFO  [org.apa.kaf.com.met.Metrics] (Thread-829) Metrics scheduler closed
2025-07-31 17:06:12,902 INFO  [org.apa.kaf.com.met.Metrics] (Thread-829) Closing reporter org.apache.kafka.common.metrics.JmxReporter
2025-07-31 17:06:12,902 INFO  [org.apa.kaf.com.met.Metrics] (Thread-829) Closing reporter org.apache.kafka.common.telemetry.internals.ClientTelemetryReporter
2025-07-31 17:06:12,902 INFO  [org.apa.kaf.com.met.Metrics] (Thread-829) Metrics reporters closed
2025-07-31 17:06:12,904 INFO  [org.apa.kaf.com.uti.AppInfoParser] (Thread-829) App info kafka.consumer for consumer-Consumer-topic-c3c68a3a_4028_4277_99cb_707901c0e428-29 unregistered
2025-07-31 17:06:12,905 INFO  [org.apa.kaf.cli.pro.KafkaProducer] (main) [Producer clientId=Producer-topic-c3c68a3a_4028_4277_99cb_707901c0e428] Closing the Kafka producer with timeoutMillis = 9223372036854775807 ms.
2025-07-31 17:06:12,905 INFO  [org.apa.kaf.com.met.Metrics] (main) Metrics scheduler closed
2025-07-31 17:06:12,905 INFO  [org.apa.kaf.com.met.Metrics] (main) Closing reporter org.apache.kafka.common.metrics.JmxReporter
2025-07-31 17:06:12,905 INFO  [org.apa.kaf.com.met.Metrics] (main) Closing reporter org.apache.kafka.common.telemetry.internals.ClientTelemetryReporter
2025-07-31 17:06:12,905 INFO  [org.apa.kaf.com.met.Metrics] (main) Metrics reporters closed
2025-07-31 17:06:12,905 INFO  [org.apa.kaf.com.uti.AppInfoParser] (main) App info kafka.producer for Producer-topic-c3c68a3a_4028_4277_99cb_707901c0e428 unregistered
2025-07-31 17:06:12,928 INFO  [io.api.tes.ser.con.BasicConfluentSerDesIT] (main) Deleting confluent schema topic-c3c68a3a_4028_4277_99cb_707901c0e428-sc780290cx9285x491ex87abxb16cecccef00
2025-07-31 17:06:12,965 INFO  [io.api.tes.uti.TestSeparator] (main) io.apicurio.tests.serdes.confluent.BasicConfluentSerDesIT.testEvolveAvroConfluent-FINISHED
2025-07-31 17:06:12,965 INFO  [io.api.tes.uti.TestSeparator] (main) ############################################################################
Test passed: testEvolveAvroConfluent
]]></system-out>
  </testcase>
  <testcase name="testAvroConfluentSerDes" classname="io.apicurio.tests.serdes.confluent.BasicConfluentSerDesIT" time="0.736">
    <system-out><![CDATA[2025-07-31 17:06:12,966 INFO  [io.api.tes.uti.TestSeparator] (main) ############################################################################
2025-07-31 17:06:12,966 INFO  [io.api.tes.uti.TestSeparator] (main) io.apicurio.tests.serdes.confluent.BasicConfluentSerDesIT.testAvroConfluentSerDes-STARTED
2025-07-31 17:06:13,042 INFO  [io.api.tes.ser.con.BasicConfluentSerDesIT] (main) Checking that created schema is equal to the get schema
2025-07-31 17:06:13,054 INFO  [io.api.tes.ser.con.BasicConfluentSerDesIT] (main) Created schema with id:98 and name:myrecordconfluent1
**** Registry Base URL: http://registry-app-kafkasql.apps.ci419.apicurio-testing.org:80
2025-07-31 17:06:13,055 INFO  [org.apa.kaf.cli.pro.ProducerConfig] (main) ProducerConfig values: 
	acks = -1
	auto.include.jmx.reporter = true
	batch.size = 16384
	bootstrap.servers = [PLAINTEXT://localhost:32770]
	buffer.memory = 33554432
	client.dns.lookup = use_all_dns_ips
	client.id = Producer-topic-c770e408_66c7_48a5_8c39_9d70a3907aa7
	compression.gzip.level = -1
	compression.lz4.level = 9
	compression.type = none
	compression.zstd.level = 3
	connections.max.idle.ms = 10000
	delivery.timeout.ms = 120000
	enable.idempotence = true
	enable.metrics.push = true
	interceptor.classes = []
	key.serializer = class org.apache.kafka.common.serialization.StringSerializer
	linger.ms = 0
	max.block.ms = 60000
	max.in.flight.requests.per.connection = 5
	max.request.size = 1048576
	metadata.max.age.ms = 300000
	metadata.max.idle.ms = 300000
	metadata.recovery.strategy = none
	metric.reporters = []
	metrics.num.samples = 2
	metrics.recording.level = INFO
	metrics.sample.window.ms = 30000
	partitioner.adaptive.partitioning.enable = true
	partitioner.availability.timeout.ms = 0
	partitioner.class = null
	partitioner.ignore.keys = false
	receive.buffer.bytes = 32768
	reconnect.backoff.max.ms = 1000
	reconnect.backoff.ms = 50
	request.timeout.ms = 5000
	retries = 2147483647
	retry.backoff.max.ms = 1000
	retry.backoff.ms = 100
	sasl.client.callback.handler.class = null
	sasl.jaas.config = null
	sasl.kerberos.kinit.cmd = /usr/bin/kinit
	sasl.kerberos.min.time.before.relogin = 60000
	sasl.kerberos.service.name = null
	sasl.kerberos.ticket.renew.jitter = 0.05
	sasl.kerberos.ticket.renew.window.factor = 0.8
	sasl.login.callback.handler.class = null
	sasl.login.class = null
	sasl.login.connect.timeout.ms = null
	sasl.login.read.timeout.ms = null
	sasl.login.refresh.buffer.seconds = 300
	sasl.login.refresh.min.period.seconds = 60
	sasl.login.refresh.window.factor = 0.8
	sasl.login.refresh.window.jitter = 0.05
	sasl.login.retry.backoff.max.ms = 10000
	sasl.login.retry.backoff.ms = 100
	sasl.mechanism = GSSAPI
	sasl.oauthbearer.clock.skew.seconds = 30
	sasl.oauthbearer.expected.audience = null
	sasl.oauthbearer.expected.issuer = null
	sasl.oauthbearer.header.urlencode = false
	sasl.oauthbearer.jwks.endpoint.refresh.ms = 3600000
	sasl.oauthbearer.jwks.endpoint.retry.backoff.max.ms = 10000
	sasl.oauthbearer.jwks.endpoint.retry.backoff.ms = 100
	sasl.oauthbearer.jwks.endpoint.url = null
	sasl.oauthbearer.scope.claim.name = scope
	sasl.oauthbearer.sub.claim.name = sub
	sasl.oauthbearer.token.endpoint.url = null
	security.protocol = PLAINTEXT
	security.providers = null
	send.buffer.bytes = 131072
	socket.connection.setup.timeout.max.ms = 30000
	socket.connection.setup.timeout.ms = 10000
	ssl.cipher.suites = null
	ssl.enabled.protocols = [TLSv1.2, TLSv1.3]
	ssl.endpoint.identification.algorithm = https
	ssl.engine.factory.class = null
	ssl.key.password = null
	ssl.keymanager.algorithm = SunX509
	ssl.keystore.certificate.chain = null
	ssl.keystore.key = null
	ssl.keystore.location = null
	ssl.keystore.password = null
	ssl.keystore.type = JKS
	ssl.protocol = TLSv1.3
	ssl.provider = null
	ssl.secure.random.implementation = null
	ssl.trustmanager.algorithm = PKIX
	ssl.truststore.certificates = null
	ssl.truststore.location = null
	ssl.truststore.password = null
	ssl.truststore.type = JKS
	transaction.timeout.ms = 60000
	transactional.id = null
	value.serializer = class io.confluent.kafka.serializers.KafkaAvroSerializer

2025-07-31 17:06:13,055 INFO  [org.apa.kaf.com.tel.int.KafkaMetricsCollector] (main) initializing Kafka metrics collector
2025-07-31 17:06:13,056 INFO  [io.con.kaf.ser.KafkaAvroSerializerConfig] (main) KafkaAvroSerializerConfig values: 
	auto.register.schemas = false
	avro.reflection.allow.null = false
	avro.remove.java.properties = false
	avro.use.logical.type.converters = false
	basic.auth.credentials.source = URL
	basic.auth.user.info = [hidden]
	bearer.auth.cache.expiry.buffer.seconds = 300
	bearer.auth.client.id = null
	bearer.auth.client.secret = null
	bearer.auth.credentials.source = STATIC_TOKEN
	bearer.auth.custom.provider.class = null
	bearer.auth.identity.pool.id = null
	bearer.auth.issuer.endpoint.url = null
	bearer.auth.logical.cluster = null
	bearer.auth.scope = null
	bearer.auth.scope.claim.name = scope
	bearer.auth.sub.claim.name = sub
	bearer.auth.token = [hidden]
	context.name.strategy = class io.confluent.kafka.serializers.context.NullContextNameStrategy
	http.connect.timeout.ms = 60000
	http.read.timeout.ms = 60000
	id.compatibility.strict = true
	key.schema.id.deserializer = class io.confluent.kafka.serializers.schema.id.DualSchemaIdDeserializer
	key.schema.id.serializer = class io.confluent.kafka.serializers.schema.id.PrefixSchemaIdSerializer
	key.subject.name.strategy = class io.confluent.kafka.serializers.subject.TopicNameStrategy
	latest.cache.size = 1000
	latest.cache.ttl.sec = -1
	latest.compatibility.strict = true
	max.retries = 3
	max.schemas.per.subject = 1000
	normalize.schemas = false
	propagate.schema.tags = false
	proxy.host = 
	proxy.port = -1
	retries.max.wait.ms = 20000
	retries.wait.ms = 1000
	rule.actions = []
	rule.executors = []
	rule.service.loader.enable = true
	schema.format = null
	schema.reflection = false
	schema.registry.basic.auth.user.info = [hidden]
	schema.registry.ssl.cipher.suites = null
	schema.registry.ssl.enabled.protocols = [TLSv1.2, TLSv1.3]
	schema.registry.ssl.endpoint.identification.algorithm = https
	schema.registry.ssl.engine.factory.class = null
	schema.registry.ssl.key.password = null
	schema.registry.ssl.keymanager.algorithm = SunX509
	schema.registry.ssl.keystore.certificate.chain = null
	schema.registry.ssl.keystore.key = null
	schema.registry.ssl.keystore.location = null
	schema.registry.ssl.keystore.password = null
	schema.registry.ssl.keystore.type = JKS
	schema.registry.ssl.protocol = TLSv1.3
	schema.registry.ssl.provider = null
	schema.registry.ssl.secure.random.implementation = null
	schema.registry.ssl.trustmanager.algorithm = PKIX
	schema.registry.ssl.truststore.certificates = null
	schema.registry.ssl.truststore.location = null
	schema.registry.ssl.truststore.password = null
	schema.registry.ssl.truststore.type = JKS
	schema.registry.url = [http://registry-app-kafkasql.apps.ci419.apicurio-testing.org:80/apis/ccompat/v7]
	schema.registry.url.randomize = false
	use.latest.version = false
	use.latest.with.metadata = null
	use.schema.id = -1
	value.schema.id.deserializer = class io.confluent.kafka.serializers.schema.id.DualSchemaIdDeserializer
	value.schema.id.serializer = class io.confluent.kafka.serializers.schema.id.PrefixSchemaIdSerializer
	value.subject.name.strategy = class io.confluent.kafka.serializers.subject.TopicNameStrategy

2025-07-31 17:06:13,057 INFO  [org.apa.kaf.cli.pro.KafkaProducer] (main) [Producer clientId=Producer-topic-c770e408_66c7_48a5_8c39_9d70a3907aa7] Instantiated an idempotent producer.
2025-07-31 17:06:13,059 INFO  [org.apa.kaf.cli.pro.ProducerConfig] (main) These configurations '[schema.registry.url, auto.register.schemas, value.subject.name.strategy]' were supplied but are not used yet.
2025-07-31 17:06:13,060 INFO  [org.apa.kaf.com.uti.AppInfoParser] (main) Kafka version: 3.9.1
2025-07-31 17:06:13,060 INFO  [org.apa.kaf.com.uti.AppInfoParser] (main) Kafka commitId: f745dfdcee2b9851
2025-07-31 17:06:13,060 INFO  [org.apa.kaf.com.uti.AppInfoParser] (main) Kafka startTimeMs: 1753981573060
2025-07-31 17:06:13,060 INFO  [io.api.tes.ser.api.SimpleSerdesTesterBuilder$SimpleSerdesTester] (main) Using producer configuration: {schema.registry.url=http://registry-app-kafkasql.apps.ci419.apicurio-testing.org:80/apis/ccompat/v7, value.serializer=io.confluent.kafka.serializers.KafkaAvroSerializer, request.timeout.ms=5000, auto.register.schemas=false, acks=all, bootstrap.servers=PLAINTEXT://localhost:32770, connections.max.idle.ms=10000, key.serializer=org.apache.kafka.common.serialization.StringSerializer, value.subject.name.strategy=io.confluent.kafka.serializers.subject.TopicNameStrategy, client.id=Producer-topic-c770e408_66c7_48a5_8c39_9d70a3907aa7}
2025-07-31 17:06:13,060 INFO  [io.api.tes.ser.api.SimpleSerdesTesterBuilder$SimpleSerdesTester] (main) Using consumer configuration: {}
2025-07-31 17:06:13,060 INFO  [io.api.tes.ser.api.KafkaSerdesTester] (Thread-830) Sending message {"key1": "value-0"} to topic topic-c770e408_66c7_48a5_8c39_9d70a3907aa7
2025-07-31 17:06:13,064 INFO  [org.apa.kaf.cli.Metadata] (kafka-producer-network-thread | Producer-topic-c770e408_66c7_48a5_8c39_9d70a3907aa7) [Producer clientId=Producer-topic-c770e408_66c7_48a5_8c39_9d70a3907aa7] Cluster ID: WpqyxNU-RHKB_ermmfvksw
2025-07-31 17:06:13,064 INFO  [org.apa.kaf.cli.pro.int.TransactionManager] (kafka-producer-network-thread | Producer-topic-c770e408_66c7_48a5_8c39_9d70a3907aa7) [Producer clientId=Producer-topic-c770e408_66c7_48a5_8c39_9d70a3907aa7] ProducerId set to 42 with epoch 0
2025-07-31 17:06:13,080 INFO  [io.api.tes.ser.api.KafkaSerdesTester] (Thread-830) Sending message {"key1": "value-1"} to topic topic-c770e408_66c7_48a5_8c39_9d70a3907aa7
2025-07-31 17:06:13,081 INFO  [io.api.tes.ser.api.KafkaSerdesTester] (Thread-830) Sending message {"key1": "value-2"} to topic topic-c770e408_66c7_48a5_8c39_9d70a3907aa7
2025-07-31 17:06:13,082 INFO  [io.api.tes.ser.api.KafkaSerdesTester] (Thread-830) Sending message {"key1": "value-3"} to topic topic-c770e408_66c7_48a5_8c39_9d70a3907aa7
2025-07-31 17:06:13,083 INFO  [io.api.tes.ser.api.KafkaSerdesTester] (Thread-830) Sending message {"key1": "value-4"} to topic topic-c770e408_66c7_48a5_8c39_9d70a3907aa7
2025-07-31 17:06:13,084 INFO  [io.api.tes.ser.api.KafkaSerdesTester] (Thread-830) Sending message {"key1": "value-5"} to topic topic-c770e408_66c7_48a5_8c39_9d70a3907aa7
2025-07-31 17:06:13,086 INFO  [io.api.tes.ser.api.KafkaSerdesTester] (Thread-830) Sending message {"key1": "value-6"} to topic topic-c770e408_66c7_48a5_8c39_9d70a3907aa7
2025-07-31 17:06:13,087 INFO  [io.api.tes.ser.api.KafkaSerdesTester] (Thread-830) Sending message {"key1": "value-7"} to topic topic-c770e408_66c7_48a5_8c39_9d70a3907aa7
2025-07-31 17:06:13,088 INFO  [io.api.tes.ser.api.KafkaSerdesTester] (Thread-830) Sending message {"key1": "value-8"} to topic topic-c770e408_66c7_48a5_8c39_9d70a3907aa7
2025-07-31 17:06:13,089 INFO  [io.api.tes.ser.api.KafkaSerdesTester] (Thread-830) Sending message {"key1": "value-9"} to topic topic-c770e408_66c7_48a5_8c39_9d70a3907aa7
2025-07-31 17:06:13,090 INFO  [io.api.tes.ser.api.KafkaSerdesTester] (Thread-830) Produced 10 messages
2025-07-31 17:06:13,090 INFO  [org.apa.kaf.cli.pro.KafkaProducer] (Thread-830) [Producer clientId=Producer-topic-c770e408_66c7_48a5_8c39_9d70a3907aa7] Closing the Kafka producer with timeoutMillis = 9223372036854775807 ms.
2025-07-31 17:06:13,092 INFO  [org.apa.kaf.com.met.Metrics] (Thread-830) Metrics scheduler closed
2025-07-31 17:06:13,092 INFO  [org.apa.kaf.com.met.Metrics] (Thread-830) Closing reporter org.apache.kafka.common.metrics.JmxReporter
2025-07-31 17:06:13,092 INFO  [org.apa.kaf.com.met.Metrics] (Thread-830) Closing reporter org.apache.kafka.common.telemetry.internals.ClientTelemetryReporter
2025-07-31 17:06:13,092 INFO  [org.apa.kaf.com.met.Metrics] (Thread-830) Metrics reporters closed
2025-07-31 17:06:13,092 INFO  [org.apa.kaf.com.uti.AppInfoParser] (Thread-830) App info kafka.producer for Producer-topic-c770e408_66c7_48a5_8c39_9d70a3907aa7 unregistered
**** Registry Base URL: http://registry-app-kafkasql.apps.ci419.apicurio-testing.org:80
2025-07-31 17:06:13,093 INFO  [org.apa.kaf.cli.con.ConsumerConfig] (main) ConsumerConfig values: 
	allow.auto.create.topics = true
	auto.commit.interval.ms = 500
	auto.include.jmx.reporter = true
	auto.offset.reset = earliest
	bootstrap.servers = [PLAINTEXT://localhost:32770]
	check.crcs = true
	client.dns.lookup = use_all_dns_ips
	client.id = consumer-Consumer-topic-c770e408_66c7_48a5_8c39_9d70a3907aa7-30
	client.rack = 
	connections.max.idle.ms = 10000
	default.api.timeout.ms = 60000
	enable.auto.commit = true
	enable.metrics.push = true
	exclude.internal.topics = true
	fetch.max.bytes = 52428800
	fetch.max.wait.ms = 500
	fetch.min.bytes = 1
	group.id = Consumer-topic-c770e408_66c7_48a5_8c39_9d70a3907aa7
	group.instance.id = null
	group.protocol = classic
	group.remote.assignor = null
	heartbeat.interval.ms = 3000
	interceptor.classes = []
	internal.leave.group.on.close = true
	internal.throw.on.fetch.stable.offset.unsupported = false
	isolation.level = read_uncommitted
	key.deserializer = class org.apache.kafka.common.serialization.StringDeserializer
	max.partition.fetch.bytes = 1048576
	max.poll.interval.ms = 300000
	max.poll.records = 500
	metadata.max.age.ms = 300000
	metadata.recovery.strategy = none
	metric.reporters = []
	metrics.num.samples = 2
	metrics.recording.level = INFO
	metrics.sample.window.ms = 30000
	partition.assignment.strategy = [class org.apache.kafka.clients.consumer.RangeAssignor, class org.apache.kafka.clients.consumer.CooperativeStickyAssignor]
	receive.buffer.bytes = 65536
	reconnect.backoff.max.ms = 1000
	reconnect.backoff.ms = 50
	request.timeout.ms = 5000
	retry.backoff.max.ms = 1000
	retry.backoff.ms = 100
	sasl.client.callback.handler.class = null
	sasl.jaas.config = null
	sasl.kerberos.kinit.cmd = /usr/bin/kinit
	sasl.kerberos.min.time.before.relogin = 60000
	sasl.kerberos.service.name = null
	sasl.kerberos.ticket.renew.jitter = 0.05
	sasl.kerberos.ticket.renew.window.factor = 0.8
	sasl.login.callback.handler.class = null
	sasl.login.class = null
	sasl.login.connect.timeout.ms = null
	sasl.login.read.timeout.ms = null
	sasl.login.refresh.buffer.seconds = 300
	sasl.login.refresh.min.period.seconds = 60
	sasl.login.refresh.window.factor = 0.8
	sasl.login.refresh.window.jitter = 0.05
	sasl.login.retry.backoff.max.ms = 10000
	sasl.login.retry.backoff.ms = 100
	sasl.mechanism = GSSAPI
	sasl.oauthbearer.clock.skew.seconds = 30
	sasl.oauthbearer.expected.audience = null
	sasl.oauthbearer.expected.issuer = null
	sasl.oauthbearer.header.urlencode = false
	sasl.oauthbearer.jwks.endpoint.refresh.ms = 3600000
	sasl.oauthbearer.jwks.endpoint.retry.backoff.max.ms = 10000
	sasl.oauthbearer.jwks.endpoint.retry.backoff.ms = 100
	sasl.oauthbearer.jwks.endpoint.url = null
	sasl.oauthbearer.scope.claim.name = scope
	sasl.oauthbearer.sub.claim.name = sub
	sasl.oauthbearer.token.endpoint.url = null
	security.protocol = PLAINTEXT
	security.providers = null
	send.buffer.bytes = 131072
	session.timeout.ms = 45000
	socket.connection.setup.timeout.max.ms = 30000
	socket.connection.setup.timeout.ms = 10000
	ssl.cipher.suites = null
	ssl.enabled.protocols = [TLSv1.2, TLSv1.3]
	ssl.endpoint.identification.algorithm = https
	ssl.engine.factory.class = null
	ssl.key.password = null
	ssl.keymanager.algorithm = SunX509
	ssl.keystore.certificate.chain = null
	ssl.keystore.key = null
	ssl.keystore.location = null
	ssl.keystore.password = null
	ssl.keystore.type = JKS
	ssl.protocol = TLSv1.3
	ssl.provider = null
	ssl.secure.random.implementation = null
	ssl.trustmanager.algorithm = PKIX
	ssl.truststore.certificates = null
	ssl.truststore.location = null
	ssl.truststore.password = null
	ssl.truststore.type = JKS
	value.deserializer = class io.confluent.kafka.serializers.KafkaAvroDeserializer

2025-07-31 17:06:13,093 INFO  [org.apa.kaf.com.tel.int.KafkaMetricsCollector] (main) initializing Kafka metrics collector
2025-07-31 17:06:13,093 INFO  [io.con.kaf.ser.KafkaAvroDeserializerConfig] (main) KafkaAvroDeserializerConfig values: 
	auto.register.schemas = true
	avro.reflection.allow.null = false
	avro.use.logical.type.converters = false
	basic.auth.credentials.source = URL
	basic.auth.user.info = [hidden]
	bearer.auth.cache.expiry.buffer.seconds = 300
	bearer.auth.client.id = null
	bearer.auth.client.secret = null
	bearer.auth.credentials.source = STATIC_TOKEN
	bearer.auth.custom.provider.class = null
	bearer.auth.identity.pool.id = null
	bearer.auth.issuer.endpoint.url = null
	bearer.auth.logical.cluster = null
	bearer.auth.scope = null
	bearer.auth.scope.claim.name = scope
	bearer.auth.sub.claim.name = sub
	bearer.auth.token = [hidden]
	context.name.strategy = class io.confluent.kafka.serializers.context.NullContextNameStrategy
	http.connect.timeout.ms = 60000
	http.read.timeout.ms = 60000
	id.compatibility.strict = true
	key.schema.id.deserializer = class io.confluent.kafka.serializers.schema.id.DualSchemaIdDeserializer
	key.schema.id.serializer = class io.confluent.kafka.serializers.schema.id.PrefixSchemaIdSerializer
	key.subject.name.strategy = class io.confluent.kafka.serializers.subject.TopicNameStrategy
	latest.cache.size = 1000
	latest.cache.ttl.sec = -1
	latest.compatibility.strict = true
	max.retries = 3
	max.schemas.per.subject = 1000
	normalize.schemas = false
	propagate.schema.tags = false
	proxy.host = 
	proxy.port = -1
	retries.max.wait.ms = 20000
	retries.wait.ms = 1000
	rule.actions = []
	rule.executors = []
	rule.service.loader.enable = true
	schema.format = null
	schema.reflection = false
	schema.registry.basic.auth.user.info = [hidden]
	schema.registry.ssl.cipher.suites = null
	schema.registry.ssl.enabled.protocols = [TLSv1.2, TLSv1.3]
	schema.registry.ssl.endpoint.identification.algorithm = https
	schema.registry.ssl.engine.factory.class = null
	schema.registry.ssl.key.password = null
	schema.registry.ssl.keymanager.algorithm = SunX509
	schema.registry.ssl.keystore.certificate.chain = null
	schema.registry.ssl.keystore.key = null
	schema.registry.ssl.keystore.location = null
	schema.registry.ssl.keystore.password = null
	schema.registry.ssl.keystore.type = JKS
	schema.registry.ssl.protocol = TLSv1.3
	schema.registry.ssl.provider = null
	schema.registry.ssl.secure.random.implementation = null
	schema.registry.ssl.trustmanager.algorithm = PKIX
	schema.registry.ssl.truststore.certificates = null
	schema.registry.ssl.truststore.location = null
	schema.registry.ssl.truststore.password = null
	schema.registry.ssl.truststore.type = JKS
	schema.registry.url = [http://registry-app-kafkasql.apps.ci419.apicurio-testing.org:80/apis/ccompat/v7]
	schema.registry.url.randomize = false
	specific.avro.key.type = null
	specific.avro.reader = false
	specific.avro.value.type = null
	use.latest.version = false
	use.latest.with.metadata = null
	use.schema.id = -1
	value.schema.id.deserializer = class io.confluent.kafka.serializers.schema.id.DualSchemaIdDeserializer
	value.schema.id.serializer = class io.confluent.kafka.serializers.schema.id.PrefixSchemaIdSerializer
	value.subject.name.strategy = class io.confluent.kafka.serializers.subject.TopicNameStrategy

2025-07-31 17:06:13,098 INFO  [org.apa.kaf.cli.con.ConsumerConfig] (main) These configurations '[schema.registry.url]' were supplied but are not used yet.
2025-07-31 17:06:13,098 INFO  [org.apa.kaf.com.uti.AppInfoParser] (main) Kafka version: 3.9.1
2025-07-31 17:06:13,098 INFO  [org.apa.kaf.com.uti.AppInfoParser] (main) Kafka commitId: f745dfdcee2b9851
2025-07-31 17:06:13,098 INFO  [org.apa.kaf.com.uti.AppInfoParser] (main) Kafka startTimeMs: 1753981573098
2025-07-31 17:06:13,098 INFO  [org.apa.kaf.cli.con.int.ClassicKafkaConsumer] (Thread-831) [Consumer clientId=consumer-Consumer-topic-c770e408_66c7_48a5_8c39_9d70a3907aa7-30, groupId=Consumer-topic-c770e408_66c7_48a5_8c39_9d70a3907aa7] Subscribed to topic(s): topic-c770e408_66c7_48a5_8c39_9d70a3907aa7
2025-07-31 17:06:13,102 INFO  [org.apa.kaf.cli.Metadata] (Thread-831) [Consumer clientId=consumer-Consumer-topic-c770e408_66c7_48a5_8c39_9d70a3907aa7-30, groupId=Consumer-topic-c770e408_66c7_48a5_8c39_9d70a3907aa7] Cluster ID: WpqyxNU-RHKB_ermmfvksw
2025-07-31 17:06:13,102 INFO  [org.apa.kaf.cli.con.int.ConsumerCoordinator] (Thread-831) [Consumer clientId=consumer-Consumer-topic-c770e408_66c7_48a5_8c39_9d70a3907aa7-30, groupId=Consumer-topic-c770e408_66c7_48a5_8c39_9d70a3907aa7] Discovered group coordinator localhost:32770 (id: 2147483647 rack: null)
2025-07-31 17:06:13,104 INFO  [org.apa.kaf.cli.con.int.ConsumerCoordinator] (Thread-831) [Consumer clientId=consumer-Consumer-topic-c770e408_66c7_48a5_8c39_9d70a3907aa7-30, groupId=Consumer-topic-c770e408_66c7_48a5_8c39_9d70a3907aa7] (Re-)joining group
2025-07-31 17:06:13,106 INFO  [org.apa.kaf.cli.con.int.ConsumerCoordinator] (Thread-831) [Consumer clientId=consumer-Consumer-topic-c770e408_66c7_48a5_8c39_9d70a3907aa7-30, groupId=Consumer-topic-c770e408_66c7_48a5_8c39_9d70a3907aa7] Request joining group due to: need to re-join with the given member-id: consumer-Consumer-topic-c770e408_66c7_48a5_8c39_9d70a3907aa7-30-88d91864-d536-4fec-9366-a669c5a6a174
2025-07-31 17:06:13,106 INFO  [org.apa.kaf.cli.con.int.ConsumerCoordinator] (Thread-831) [Consumer clientId=consumer-Consumer-topic-c770e408_66c7_48a5_8c39_9d70a3907aa7-30, groupId=Consumer-topic-c770e408_66c7_48a5_8c39_9d70a3907aa7] (Re-)joining group
2025-07-31 17:06:13,109 INFO  [org.apa.kaf.cli.con.int.ConsumerCoordinator] (Thread-831) [Consumer clientId=consumer-Consumer-topic-c770e408_66c7_48a5_8c39_9d70a3907aa7-30, groupId=Consumer-topic-c770e408_66c7_48a5_8c39_9d70a3907aa7] Successfully joined group with generation Generation{generationId=1, memberId='consumer-Consumer-topic-c770e408_66c7_48a5_8c39_9d70a3907aa7-30-88d91864-d536-4fec-9366-a669c5a6a174', protocol='range'}
2025-07-31 17:06:13,109 INFO  [org.apa.kaf.cli.con.int.ConsumerCoordinator] (Thread-831) [Consumer clientId=consumer-Consumer-topic-c770e408_66c7_48a5_8c39_9d70a3907aa7-30, groupId=Consumer-topic-c770e408_66c7_48a5_8c39_9d70a3907aa7] Finished assignment for group at generation 1: {consumer-Consumer-topic-c770e408_66c7_48a5_8c39_9d70a3907aa7-30-88d91864-d536-4fec-9366-a669c5a6a174=Assignment(partitions=[topic-c770e408_66c7_48a5_8c39_9d70a3907aa7-0])}
2025-07-31 17:06:13,112 INFO  [org.apa.kaf.cli.con.int.ConsumerCoordinator] (Thread-831) [Consumer clientId=consumer-Consumer-topic-c770e408_66c7_48a5_8c39_9d70a3907aa7-30, groupId=Consumer-topic-c770e408_66c7_48a5_8c39_9d70a3907aa7] Successfully synced group in generation Generation{generationId=1, memberId='consumer-Consumer-topic-c770e408_66c7_48a5_8c39_9d70a3907aa7-30-88d91864-d536-4fec-9366-a669c5a6a174', protocol='range'}
2025-07-31 17:06:13,112 INFO  [org.apa.kaf.cli.con.int.ConsumerCoordinator] (Thread-831) [Consumer clientId=consumer-Consumer-topic-c770e408_66c7_48a5_8c39_9d70a3907aa7-30, groupId=Consumer-topic-c770e408_66c7_48a5_8c39_9d70a3907aa7] Notifying assignor about the new Assignment(partitions=[topic-c770e408_66c7_48a5_8c39_9d70a3907aa7-0])
2025-07-31 17:06:13,112 INFO  [org.apa.kaf.cli.con.int.ConsumerRebalanceListenerInvoker] (Thread-831) [Consumer clientId=consumer-Consumer-topic-c770e408_66c7_48a5_8c39_9d70a3907aa7-30, groupId=Consumer-topic-c770e408_66c7_48a5_8c39_9d70a3907aa7] Adding newly assigned partitions: topic-c770e408_66c7_48a5_8c39_9d70a3907aa7-0
2025-07-31 17:06:13,113 INFO  [org.apa.kaf.cli.con.int.ConsumerCoordinator] (Thread-831) [Consumer clientId=consumer-Consumer-topic-c770e408_66c7_48a5_8c39_9d70a3907aa7-30, groupId=Consumer-topic-c770e408_66c7_48a5_8c39_9d70a3907aa7] Found no committed offset for partition topic-c770e408_66c7_48a5_8c39_9d70a3907aa7-0
2025-07-31 17:06:13,117 INFO  [org.apa.kaf.cli.con.int.SubscriptionState] (Thread-831) [Consumer clientId=consumer-Consumer-topic-c770e408_66c7_48a5_8c39_9d70a3907aa7-30, groupId=Consumer-topic-c770e408_66c7_48a5_8c39_9d70a3907aa7] Resetting offset for partition topic-c770e408_66c7_48a5_8c39_9d70a3907aa7-0 to position FetchPosition{offset=0, offsetEpoch=Optional.empty, currentLeader=LeaderAndEpoch{leader=Optional[localhost:32770 (id: 0 rack: null)], epoch=0}}.
2025-07-31 17:06:13,135 INFO  [io.api.tes.ser.api.KafkaSerdesTester] (Thread-831) topic-c770e408_66c7_48a5_8c39_9d70a3907aa7 0 0 {"key1": "value-0"}
2025-07-31 17:06:13,135 INFO  [io.api.tes.ser.api.KafkaSerdesTester] (Thread-831) topic-c770e408_66c7_48a5_8c39_9d70a3907aa7 0 1 {"key1": "value-1"}
2025-07-31 17:06:13,135 INFO  [io.api.tes.ser.api.KafkaSerdesTester] (Thread-831) topic-c770e408_66c7_48a5_8c39_9d70a3907aa7 0 2 {"key1": "value-2"}
2025-07-31 17:06:13,135 INFO  [io.api.tes.ser.api.KafkaSerdesTester] (Thread-831) topic-c770e408_66c7_48a5_8c39_9d70a3907aa7 0 3 {"key1": "value-3"}
2025-07-31 17:06:13,135 INFO  [io.api.tes.ser.api.KafkaSerdesTester] (Thread-831) topic-c770e408_66c7_48a5_8c39_9d70a3907aa7 0 4 {"key1": "value-4"}
2025-07-31 17:06:13,135 INFO  [io.api.tes.ser.api.KafkaSerdesTester] (Thread-831) topic-c770e408_66c7_48a5_8c39_9d70a3907aa7 0 5 {"key1": "value-5"}
2025-07-31 17:06:13,135 INFO  [io.api.tes.ser.api.KafkaSerdesTester] (Thread-831) topic-c770e408_66c7_48a5_8c39_9d70a3907aa7 0 6 {"key1": "value-6"}
2025-07-31 17:06:13,135 INFO  [io.api.tes.ser.api.KafkaSerdesTester] (Thread-831) topic-c770e408_66c7_48a5_8c39_9d70a3907aa7 0 7 {"key1": "value-7"}
2025-07-31 17:06:13,135 INFO  [io.api.tes.ser.api.KafkaSerdesTester] (Thread-831) topic-c770e408_66c7_48a5_8c39_9d70a3907aa7 0 8 {"key1": "value-8"}
2025-07-31 17:06:13,135 INFO  [io.api.tes.ser.api.KafkaSerdesTester] (Thread-831) topic-c770e408_66c7_48a5_8c39_9d70a3907aa7 0 9 {"key1": "value-9"}
2025-07-31 17:06:13,135 INFO  [io.api.tes.ser.api.KafkaSerdesTester] (Thread-831) Consumed 10 messages
2025-07-31 17:06:13,137 INFO  [org.apa.kaf.cli.con.int.ConsumerRebalanceListenerInvoker] (Thread-831) [Consumer clientId=consumer-Consumer-topic-c770e408_66c7_48a5_8c39_9d70a3907aa7-30, groupId=Consumer-topic-c770e408_66c7_48a5_8c39_9d70a3907aa7] Revoke previously assigned partitions topic-c770e408_66c7_48a5_8c39_9d70a3907aa7-0
2025-07-31 17:06:13,137 INFO  [org.apa.kaf.cli.con.int.ConsumerCoordinator] (Thread-831) [Consumer clientId=consumer-Consumer-topic-c770e408_66c7_48a5_8c39_9d70a3907aa7-30, groupId=Consumer-topic-c770e408_66c7_48a5_8c39_9d70a3907aa7] Member consumer-Consumer-topic-c770e408_66c7_48a5_8c39_9d70a3907aa7-30-88d91864-d536-4fec-9366-a669c5a6a174 sending LeaveGroup request to coordinator localhost:32770 (id: 2147483647 rack: null) due to the consumer is being closed
2025-07-31 17:06:13,137 INFO  [org.apa.kaf.cli.con.int.ConsumerCoordinator] (Thread-831) [Consumer clientId=consumer-Consumer-topic-c770e408_66c7_48a5_8c39_9d70a3907aa7-30, groupId=Consumer-topic-c770e408_66c7_48a5_8c39_9d70a3907aa7] Resetting generation and member id due to: consumer pro-actively leaving the group
2025-07-31 17:06:13,137 INFO  [org.apa.kaf.cli.con.int.ConsumerCoordinator] (Thread-831) [Consumer clientId=consumer-Consumer-topic-c770e408_66c7_48a5_8c39_9d70a3907aa7-30, groupId=Consumer-topic-c770e408_66c7_48a5_8c39_9d70a3907aa7] Request joining group due to: consumer pro-actively leaving the group
2025-07-31 17:06:13,640 INFO  [org.apa.kaf.com.met.Metrics] (Thread-831) Metrics scheduler closed
2025-07-31 17:06:13,640 INFO  [org.apa.kaf.com.met.Metrics] (Thread-831) Closing reporter org.apache.kafka.common.metrics.JmxReporter
2025-07-31 17:06:13,640 INFO  [org.apa.kaf.com.met.Metrics] (Thread-831) Closing reporter org.apache.kafka.common.telemetry.internals.ClientTelemetryReporter
2025-07-31 17:06:13,640 INFO  [org.apa.kaf.com.met.Metrics] (Thread-831) Metrics reporters closed
2025-07-31 17:06:13,642 INFO  [org.apa.kaf.com.uti.AppInfoParser] (Thread-831) App info kafka.consumer for consumer-Consumer-topic-c770e408_66c7_48a5_8c39_9d70a3907aa7-30 unregistered
2025-07-31 17:06:13,664 INFO  [io.api.tes.ser.con.BasicConfluentSerDesIT] (main) Deleting confluent schema topic-c770e408_66c7_48a5_8c39_9d70a3907aa7-value
2025-07-31 17:06:13,702 INFO  [io.api.tes.uti.TestSeparator] (main) io.apicurio.tests.serdes.confluent.BasicConfluentSerDesIT.testAvroConfluentSerDes-FINISHED
2025-07-31 17:06:13,702 INFO  [io.api.tes.uti.TestSeparator] (main) ############################################################################
Test passed: testAvroConfluentSerDes
]]></system-out>
  </testcase>
  <testcase name="testAvroConfluentForMultipleTopics" classname="io.apicurio.tests.serdes.confluent.BasicConfluentSerDesIT" time="2.068">
    <system-out><![CDATA[2025-07-31 17:06:13,703 INFO  [io.api.tes.uti.TestSeparator] (main) ############################################################################
2025-07-31 17:06:13,704 INFO  [io.api.tes.uti.TestSeparator] (main) io.apicurio.tests.serdes.confluent.BasicConfluentSerDesIT.testAvroConfluentForMultipleTopics-STARTED
2025-07-31 17:06:13,774 INFO  [io.api.tes.ser.con.BasicConfluentSerDesIT] (main) Checking that created schema is equal to the get schema
2025-07-31 17:06:13,786 INFO  [io.api.tes.ser.con.BasicConfluentSerDesIT] (main) Created schema with id:99 and name:myrecordconfluent6
**** Registry Base URL: http://registry-app-kafkasql.apps.ci419.apicurio-testing.org:80
2025-07-31 17:06:13,786 INFO  [org.apa.kaf.cli.pro.ProducerConfig] (main) ProducerConfig values: 
	acks = -1
	auto.include.jmx.reporter = true
	batch.size = 16384
	bootstrap.servers = [PLAINTEXT://localhost:32770]
	buffer.memory = 33554432
	client.dns.lookup = use_all_dns_ips
	client.id = Producer-topic-fc424c96_5bbf_4b20_bf8f_8c53bd6c100e
	compression.gzip.level = -1
	compression.lz4.level = 9
	compression.type = none
	compression.zstd.level = 3
	connections.max.idle.ms = 10000
	delivery.timeout.ms = 120000
	enable.idempotence = true
	enable.metrics.push = true
	interceptor.classes = []
	key.serializer = class org.apache.kafka.common.serialization.StringSerializer
	linger.ms = 0
	max.block.ms = 60000
	max.in.flight.requests.per.connection = 5
	max.request.size = 1048576
	metadata.max.age.ms = 300000
	metadata.max.idle.ms = 300000
	metadata.recovery.strategy = none
	metric.reporters = []
	metrics.num.samples = 2
	metrics.recording.level = INFO
	metrics.sample.window.ms = 30000
	partitioner.adaptive.partitioning.enable = true
	partitioner.availability.timeout.ms = 0
	partitioner.class = null
	partitioner.ignore.keys = false
	receive.buffer.bytes = 32768
	reconnect.backoff.max.ms = 1000
	reconnect.backoff.ms = 50
	request.timeout.ms = 5000
	retries = 2147483647
	retry.backoff.max.ms = 1000
	retry.backoff.ms = 100
	sasl.client.callback.handler.class = null
	sasl.jaas.config = null
	sasl.kerberos.kinit.cmd = /usr/bin/kinit
	sasl.kerberos.min.time.before.relogin = 60000
	sasl.kerberos.service.name = null
	sasl.kerberos.ticket.renew.jitter = 0.05
	sasl.kerberos.ticket.renew.window.factor = 0.8
	sasl.login.callback.handler.class = null
	sasl.login.class = null
	sasl.login.connect.timeout.ms = null
	sasl.login.read.timeout.ms = null
	sasl.login.refresh.buffer.seconds = 300
	sasl.login.refresh.min.period.seconds = 60
	sasl.login.refresh.window.factor = 0.8
	sasl.login.refresh.window.jitter = 0.05
	sasl.login.retry.backoff.max.ms = 10000
	sasl.login.retry.backoff.ms = 100
	sasl.mechanism = GSSAPI
	sasl.oauthbearer.clock.skew.seconds = 30
	sasl.oauthbearer.expected.audience = null
	sasl.oauthbearer.expected.issuer = null
	sasl.oauthbearer.header.urlencode = false
	sasl.oauthbearer.jwks.endpoint.refresh.ms = 3600000
	sasl.oauthbearer.jwks.endpoint.retry.backoff.max.ms = 10000
	sasl.oauthbearer.jwks.endpoint.retry.backoff.ms = 100
	sasl.oauthbearer.jwks.endpoint.url = null
	sasl.oauthbearer.scope.claim.name = scope
	sasl.oauthbearer.sub.claim.name = sub
	sasl.oauthbearer.token.endpoint.url = null
	security.protocol = PLAINTEXT
	security.providers = null
	send.buffer.bytes = 131072
	socket.connection.setup.timeout.max.ms = 30000
	socket.connection.setup.timeout.ms = 10000
	ssl.cipher.suites = null
	ssl.enabled.protocols = [TLSv1.2, TLSv1.3]
	ssl.endpoint.identification.algorithm = https
	ssl.engine.factory.class = null
	ssl.key.password = null
	ssl.keymanager.algorithm = SunX509
	ssl.keystore.certificate.chain = null
	ssl.keystore.key = null
	ssl.keystore.location = null
	ssl.keystore.password = null
	ssl.keystore.type = JKS
	ssl.protocol = TLSv1.3
	ssl.provider = null
	ssl.secure.random.implementation = null
	ssl.trustmanager.algorithm = PKIX
	ssl.truststore.certificates = null
	ssl.truststore.location = null
	ssl.truststore.password = null
	ssl.truststore.type = JKS
	transaction.timeout.ms = 60000
	transactional.id = null
	value.serializer = class io.apicurio.registry.serde.avro.AvroKafkaSerializer

2025-07-31 17:06:13,787 INFO  [org.apa.kaf.com.tel.int.KafkaMetricsCollector] (main) initializing Kafka metrics collector
2025-07-31 17:06:13,791 INFO  [org.apa.kaf.cli.pro.KafkaProducer] (main) [Producer clientId=Producer-topic-fc424c96_5bbf_4b20_bf8f_8c53bd6c100e] Instantiated an idempotent producer.
2025-07-31 17:06:13,793 INFO  [org.apa.kaf.cli.pro.ProducerConfig] (main) These configurations '[apicurio.registry.url, apicurio.registry.artifact-resolver-strategy]' were supplied but are not used yet.
2025-07-31 17:06:13,793 INFO  [org.apa.kaf.com.uti.AppInfoParser] (main) Kafka version: 3.9.1
2025-07-31 17:06:13,793 INFO  [org.apa.kaf.com.uti.AppInfoParser] (main) Kafka commitId: f745dfdcee2b9851
2025-07-31 17:06:13,793 INFO  [org.apa.kaf.com.uti.AppInfoParser] (main) Kafka startTimeMs: 1753981573793
**** Registry Base URL: http://registry-app-kafkasql.apps.ci419.apicurio-testing.org:80
2025-07-31 17:06:13,793 INFO  [org.apa.kaf.cli.pro.ProducerConfig] (main) ProducerConfig values: 
	acks = -1
	auto.include.jmx.reporter = true
	batch.size = 16384
	bootstrap.servers = [PLAINTEXT://localhost:32770]
	buffer.memory = 33554432
	client.dns.lookup = use_all_dns_ips
	client.id = Producer-topic-5f07b77e_6992_4c15_99a8_266a7d7608b2
	compression.gzip.level = -1
	compression.lz4.level = 9
	compression.type = none
	compression.zstd.level = 3
	connections.max.idle.ms = 10000
	delivery.timeout.ms = 120000
	enable.idempotence = true
	enable.metrics.push = true
	interceptor.classes = []
	key.serializer = class org.apache.kafka.common.serialization.StringSerializer
	linger.ms = 0
	max.block.ms = 60000
	max.in.flight.requests.per.connection = 5
	max.request.size = 1048576
	metadata.max.age.ms = 300000
	metadata.max.idle.ms = 300000
	metadata.recovery.strategy = none
	metric.reporters = []
	metrics.num.samples = 2
	metrics.recording.level = INFO
	metrics.sample.window.ms = 30000
	partitioner.adaptive.partitioning.enable = true
	partitioner.availability.timeout.ms = 0
	partitioner.class = null
	partitioner.ignore.keys = false
	receive.buffer.bytes = 32768
	reconnect.backoff.max.ms = 1000
	reconnect.backoff.ms = 50
	request.timeout.ms = 5000
	retries = 2147483647
	retry.backoff.max.ms = 1000
	retry.backoff.ms = 100
	sasl.client.callback.handler.class = null
	sasl.jaas.config = null
	sasl.kerberos.kinit.cmd = /usr/bin/kinit
	sasl.kerberos.min.time.before.relogin = 60000
	sasl.kerberos.service.name = null
	sasl.kerberos.ticket.renew.jitter = 0.05
	sasl.kerberos.ticket.renew.window.factor = 0.8
	sasl.login.callback.handler.class = null
	sasl.login.class = null
	sasl.login.connect.timeout.ms = null
	sasl.login.read.timeout.ms = null
	sasl.login.refresh.buffer.seconds = 300
	sasl.login.refresh.min.period.seconds = 60
	sasl.login.refresh.window.factor = 0.8
	sasl.login.refresh.window.jitter = 0.05
	sasl.login.retry.backoff.max.ms = 10000
	sasl.login.retry.backoff.ms = 100
	sasl.mechanism = GSSAPI
	sasl.oauthbearer.clock.skew.seconds = 30
	sasl.oauthbearer.expected.audience = null
	sasl.oauthbearer.expected.issuer = null
	sasl.oauthbearer.header.urlencode = false
	sasl.oauthbearer.jwks.endpoint.refresh.ms = 3600000
	sasl.oauthbearer.jwks.endpoint.retry.backoff.max.ms = 10000
	sasl.oauthbearer.jwks.endpoint.retry.backoff.ms = 100
	sasl.oauthbearer.jwks.endpoint.url = null
	sasl.oauthbearer.scope.claim.name = scope
	sasl.oauthbearer.sub.claim.name = sub
	sasl.oauthbearer.token.endpoint.url = null
	security.protocol = PLAINTEXT
	security.providers = null
	send.buffer.bytes = 131072
	socket.connection.setup.timeout.max.ms = 30000
	socket.connection.setup.timeout.ms = 10000
	ssl.cipher.suites = null
	ssl.enabled.protocols = [TLSv1.2, TLSv1.3]
	ssl.endpoint.identification.algorithm = https
	ssl.engine.factory.class = null
	ssl.key.password = null
	ssl.keymanager.algorithm = SunX509
	ssl.keystore.certificate.chain = null
	ssl.keystore.key = null
	ssl.keystore.location = null
	ssl.keystore.password = null
	ssl.keystore.type = JKS
	ssl.protocol = TLSv1.3
	ssl.provider = null
	ssl.secure.random.implementation = null
	ssl.trustmanager.algorithm = PKIX
	ssl.truststore.certificates = null
	ssl.truststore.location = null
	ssl.truststore.password = null
	ssl.truststore.type = JKS
	transaction.timeout.ms = 60000
	transactional.id = null
	value.serializer = class io.apicurio.registry.serde.avro.AvroKafkaSerializer

2025-07-31 17:06:13,794 INFO  [org.apa.kaf.com.tel.int.KafkaMetricsCollector] (main) initializing Kafka metrics collector
2025-07-31 17:06:13,799 INFO  [org.apa.kaf.cli.pro.KafkaProducer] (main) [Producer clientId=Producer-topic-5f07b77e_6992_4c15_99a8_266a7d7608b2] Instantiated an idempotent producer.
2025-07-31 17:06:13,802 INFO  [org.apa.kaf.cli.Metadata] (kafka-producer-network-thread | Producer-topic-fc424c96_5bbf_4b20_bf8f_8c53bd6c100e) [Producer clientId=Producer-topic-fc424c96_5bbf_4b20_bf8f_8c53bd6c100e] Cluster ID: WpqyxNU-RHKB_ermmfvksw
2025-07-31 17:06:13,802 INFO  [org.apa.kaf.cli.pro.int.TransactionManager] (kafka-producer-network-thread | Producer-topic-fc424c96_5bbf_4b20_bf8f_8c53bd6c100e) [Producer clientId=Producer-topic-fc424c96_5bbf_4b20_bf8f_8c53bd6c100e] ProducerId set to 43 with epoch 0
2025-07-31 17:06:13,804 INFO  [org.apa.kaf.cli.pro.ProducerConfig] (main) These configurations '[apicurio.registry.url, apicurio.registry.artifact-resolver-strategy]' were supplied but are not used yet.
2025-07-31 17:06:13,804 INFO  [org.apa.kaf.com.uti.AppInfoParser] (main) Kafka version: 3.9.1
2025-07-31 17:06:13,804 INFO  [org.apa.kaf.com.uti.AppInfoParser] (main) Kafka commitId: f745dfdcee2b9851
2025-07-31 17:06:13,804 INFO  [org.apa.kaf.com.uti.AppInfoParser] (main) Kafka startTimeMs: 1753981573804
**** Registry Base URL: http://registry-app-kafkasql.apps.ci419.apicurio-testing.org:80
2025-07-31 17:06:13,805 INFO  [org.apa.kaf.cli.pro.ProducerConfig] (main) ProducerConfig values: 
	acks = -1
	auto.include.jmx.reporter = true
	batch.size = 16384
	bootstrap.servers = [PLAINTEXT://localhost:32770]
	buffer.memory = 33554432
	client.dns.lookup = use_all_dns_ips
	client.id = Producer-topic-b48de8c0_4201_401d_9283_4006884b91cc
	compression.gzip.level = -1
	compression.lz4.level = 9
	compression.type = none
	compression.zstd.level = 3
	connections.max.idle.ms = 10000
	delivery.timeout.ms = 120000
	enable.idempotence = true
	enable.metrics.push = true
	interceptor.classes = []
	key.serializer = class org.apache.kafka.common.serialization.StringSerializer
	linger.ms = 0
	max.block.ms = 60000
	max.in.flight.requests.per.connection = 5
	max.request.size = 1048576
	metadata.max.age.ms = 300000
	metadata.max.idle.ms = 300000
	metadata.recovery.strategy = none
	metric.reporters = []
	metrics.num.samples = 2
	metrics.recording.level = INFO
	metrics.sample.window.ms = 30000
	partitioner.adaptive.partitioning.enable = true
	partitioner.availability.timeout.ms = 0
	partitioner.class = null
	partitioner.ignore.keys = false
	receive.buffer.bytes = 32768
	reconnect.backoff.max.ms = 1000
	reconnect.backoff.ms = 50
	request.timeout.ms = 5000
	retries = 2147483647
	retry.backoff.max.ms = 1000
	retry.backoff.ms = 100
	sasl.client.callback.handler.class = null
	sasl.jaas.config = null
	sasl.kerberos.kinit.cmd = /usr/bin/kinit
	sasl.kerberos.min.time.before.relogin = 60000
	sasl.kerberos.service.name = null
	sasl.kerberos.ticket.renew.jitter = 0.05
	sasl.kerberos.ticket.renew.window.factor = 0.8
	sasl.login.callback.handler.class = null
	sasl.login.class = null
	sasl.login.connect.timeout.ms = null
	sasl.login.read.timeout.ms = null
	sasl.login.refresh.buffer.seconds = 300
	sasl.login.refresh.min.period.seconds = 60
	sasl.login.refresh.window.factor = 0.8
	sasl.login.refresh.window.jitter = 0.05
	sasl.login.retry.backoff.max.ms = 10000
	sasl.login.retry.backoff.ms = 100
	sasl.mechanism = GSSAPI
	sasl.oauthbearer.clock.skew.seconds = 30
	sasl.oauthbearer.expected.audience = null
	sasl.oauthbearer.expected.issuer = null
	sasl.oauthbearer.header.urlencode = false
	sasl.oauthbearer.jwks.endpoint.refresh.ms = 3600000
	sasl.oauthbearer.jwks.endpoint.retry.backoff.max.ms = 10000
	sasl.oauthbearer.jwks.endpoint.retry.backoff.ms = 100
	sasl.oauthbearer.jwks.endpoint.url = null
	sasl.oauthbearer.scope.claim.name = scope
	sasl.oauthbearer.sub.claim.name = sub
	sasl.oauthbearer.token.endpoint.url = null
	security.protocol = PLAINTEXT
	security.providers = null
	send.buffer.bytes = 131072
	socket.connection.setup.timeout.max.ms = 30000
	socket.connection.setup.timeout.ms = 10000
	ssl.cipher.suites = null
	ssl.enabled.protocols = [TLSv1.2, TLSv1.3]
	ssl.endpoint.identification.algorithm = https
	ssl.engine.factory.class = null
	ssl.key.password = null
	ssl.keymanager.algorithm = SunX509
	ssl.keystore.certificate.chain = null
	ssl.keystore.key = null
	ssl.keystore.location = null
	ssl.keystore.password = null
	ssl.keystore.type = JKS
	ssl.protocol = TLSv1.3
	ssl.provider = null
	ssl.secure.random.implementation = null
	ssl.trustmanager.algorithm = PKIX
	ssl.truststore.certificates = null
	ssl.truststore.location = null
	ssl.truststore.password = null
	ssl.truststore.type = JKS
	transaction.timeout.ms = 60000
	transactional.id = null
	value.serializer = class io.apicurio.registry.serde.avro.AvroKafkaSerializer

2025-07-31 17:06:13,805 INFO  [org.apa.kaf.com.tel.int.KafkaMetricsCollector] (main) initializing Kafka metrics collector
2025-07-31 17:06:13,808 INFO  [org.apa.kaf.cli.Metadata] (kafka-producer-network-thread | Producer-topic-5f07b77e_6992_4c15_99a8_266a7d7608b2) [Producer clientId=Producer-topic-5f07b77e_6992_4c15_99a8_266a7d7608b2] Cluster ID: WpqyxNU-RHKB_ermmfvksw
2025-07-31 17:06:13,808 INFO  [org.apa.kaf.cli.pro.int.TransactionManager] (kafka-producer-network-thread | Producer-topic-5f07b77e_6992_4c15_99a8_266a7d7608b2) [Producer clientId=Producer-topic-5f07b77e_6992_4c15_99a8_266a7d7608b2] ProducerId set to 44 with epoch 0
2025-07-31 17:06:13,819 INFO  [org.apa.kaf.cli.pro.KafkaProducer] (main) [Producer clientId=Producer-topic-b48de8c0_4201_401d_9283_4006884b91cc] Instantiated an idempotent producer.
2025-07-31 17:06:13,820 INFO  [org.apa.kaf.cli.pro.ProducerConfig] (main) These configurations '[apicurio.registry.url, apicurio.registry.artifact-resolver-strategy]' were supplied but are not used yet.
2025-07-31 17:06:13,820 INFO  [org.apa.kaf.com.uti.AppInfoParser] (main) Kafka version: 3.9.1
2025-07-31 17:06:13,820 INFO  [org.apa.kaf.com.uti.AppInfoParser] (main) Kafka commitId: f745dfdcee2b9851
2025-07-31 17:06:13,820 INFO  [org.apa.kaf.com.uti.AppInfoParser] (main) Kafka startTimeMs: 1753981573820
**** Registry Base URL: http://registry-app-kafkasql.apps.ci419.apicurio-testing.org:80
2025-07-31 17:06:13,821 INFO  [org.apa.kaf.cli.con.ConsumerConfig] (main) ConsumerConfig values: 
	allow.auto.create.topics = true
	auto.commit.interval.ms = 500
	auto.include.jmx.reporter = true
	auto.offset.reset = earliest
	bootstrap.servers = [PLAINTEXT://localhost:32770]
	check.crcs = true
	client.dns.lookup = use_all_dns_ips
	client.id = consumer-Consumer-topic-fc424c96_5bbf_4b20_bf8f_8c53bd6c100e-31
	client.rack = 
	connections.max.idle.ms = 10000
	default.api.timeout.ms = 60000
	enable.auto.commit = true
	enable.metrics.push = true
	exclude.internal.topics = true
	fetch.max.bytes = 52428800
	fetch.max.wait.ms = 500
	fetch.min.bytes = 1
	group.id = Consumer-topic-fc424c96_5bbf_4b20_bf8f_8c53bd6c100e
	group.instance.id = null
	group.protocol = classic
	group.remote.assignor = null
	heartbeat.interval.ms = 3000
	interceptor.classes = []
	internal.leave.group.on.close = true
	internal.throw.on.fetch.stable.offset.unsupported = false
	isolation.level = read_uncommitted
	key.deserializer = class org.apache.kafka.common.serialization.StringDeserializer
	max.partition.fetch.bytes = 1048576
	max.poll.interval.ms = 300000
	max.poll.records = 500
	metadata.max.age.ms = 300000
	metadata.recovery.strategy = none
	metric.reporters = []
	metrics.num.samples = 2
	metrics.recording.level = INFO
	metrics.sample.window.ms = 30000
	partition.assignment.strategy = [class org.apache.kafka.clients.consumer.RangeAssignor, class org.apache.kafka.clients.consumer.CooperativeStickyAssignor]
	receive.buffer.bytes = 65536
	reconnect.backoff.max.ms = 1000
	reconnect.backoff.ms = 50
	request.timeout.ms = 5000
	retry.backoff.max.ms = 1000
	retry.backoff.ms = 100
	sasl.client.callback.handler.class = null
	sasl.jaas.config = null
	sasl.kerberos.kinit.cmd = /usr/bin/kinit
	sasl.kerberos.min.time.before.relogin = 60000
	sasl.kerberos.service.name = null
	sasl.kerberos.ticket.renew.jitter = 0.05
	sasl.kerberos.ticket.renew.window.factor = 0.8
	sasl.login.callback.handler.class = null
	sasl.login.class = null
	sasl.login.connect.timeout.ms = null
	sasl.login.read.timeout.ms = null
	sasl.login.refresh.buffer.seconds = 300
	sasl.login.refresh.min.period.seconds = 60
	sasl.login.refresh.window.factor = 0.8
	sasl.login.refresh.window.jitter = 0.05
	sasl.login.retry.backoff.max.ms = 10000
	sasl.login.retry.backoff.ms = 100
	sasl.mechanism = GSSAPI
	sasl.oauthbearer.clock.skew.seconds = 30
	sasl.oauthbearer.expected.audience = null
	sasl.oauthbearer.expected.issuer = null
	sasl.oauthbearer.header.urlencode = false
	sasl.oauthbearer.jwks.endpoint.refresh.ms = 3600000
	sasl.oauthbearer.jwks.endpoint.retry.backoff.max.ms = 10000
	sasl.oauthbearer.jwks.endpoint.retry.backoff.ms = 100
	sasl.oauthbearer.jwks.endpoint.url = null
	sasl.oauthbearer.scope.claim.name = scope
	sasl.oauthbearer.sub.claim.name = sub
	sasl.oauthbearer.token.endpoint.url = null
	security.protocol = PLAINTEXT
	security.providers = null
	send.buffer.bytes = 131072
	session.timeout.ms = 45000
	socket.connection.setup.timeout.max.ms = 30000
	socket.connection.setup.timeout.ms = 10000
	ssl.cipher.suites = null
	ssl.enabled.protocols = [TLSv1.2, TLSv1.3]
	ssl.endpoint.identification.algorithm = https
	ssl.engine.factory.class = null
	ssl.key.password = null
	ssl.keymanager.algorithm = SunX509
	ssl.keystore.certificate.chain = null
	ssl.keystore.key = null
	ssl.keystore.location = null
	ssl.keystore.password = null
	ssl.keystore.type = JKS
	ssl.protocol = TLSv1.3
	ssl.provider = null
	ssl.secure.random.implementation = null
	ssl.trustmanager.algorithm = PKIX
	ssl.truststore.certificates = null
	ssl.truststore.location = null
	ssl.truststore.password = null
	ssl.truststore.type = JKS
	value.deserializer = class io.apicurio.registry.serde.avro.AvroKafkaDeserializer

2025-07-31 17:06:13,821 INFO  [org.apa.kaf.com.tel.int.KafkaMetricsCollector] (main) initializing Kafka metrics collector
2025-07-31 17:06:13,830 INFO  [org.apa.kaf.cli.Metadata] (kafka-producer-network-thread | Producer-topic-b48de8c0_4201_401d_9283_4006884b91cc) [Producer clientId=Producer-topic-b48de8c0_4201_401d_9283_4006884b91cc] Cluster ID: WpqyxNU-RHKB_ermmfvksw
2025-07-31 17:06:13,830 INFO  [org.apa.kaf.cli.pro.int.TransactionManager] (kafka-producer-network-thread | Producer-topic-b48de8c0_4201_401d_9283_4006884b91cc) [Producer clientId=Producer-topic-b48de8c0_4201_401d_9283_4006884b91cc] ProducerId set to 45 with epoch 0
2025-07-31 17:06:13,834 INFO  [org.apa.kaf.cli.con.ConsumerConfig] (main) These configurations '[apicurio.registry.url]' were supplied but are not used yet.
2025-07-31 17:06:13,834 INFO  [org.apa.kaf.com.uti.AppInfoParser] (main) Kafka version: 3.9.1
2025-07-31 17:06:13,834 INFO  [org.apa.kaf.com.uti.AppInfoParser] (main) Kafka commitId: f745dfdcee2b9851
2025-07-31 17:06:13,834 INFO  [org.apa.kaf.com.uti.AppInfoParser] (main) Kafka startTimeMs: 1753981573834
**** Registry Base URL: http://registry-app-kafkasql.apps.ci419.apicurio-testing.org:80
2025-07-31 17:06:13,834 INFO  [org.apa.kaf.cli.con.ConsumerConfig] (main) ConsumerConfig values: 
	allow.auto.create.topics = true
	auto.commit.interval.ms = 500
	auto.include.jmx.reporter = true
	auto.offset.reset = earliest
	bootstrap.servers = [PLAINTEXT://localhost:32770]
	check.crcs = true
	client.dns.lookup = use_all_dns_ips
	client.id = consumer-Consumer-topic-5f07b77e_6992_4c15_99a8_266a7d7608b2-32
	client.rack = 
	connections.max.idle.ms = 10000
	default.api.timeout.ms = 60000
	enable.auto.commit = true
	enable.metrics.push = true
	exclude.internal.topics = true
	fetch.max.bytes = 52428800
	fetch.max.wait.ms = 500
	fetch.min.bytes = 1
	group.id = Consumer-topic-5f07b77e_6992_4c15_99a8_266a7d7608b2
	group.instance.id = null
	group.protocol = classic
	group.remote.assignor = null
	heartbeat.interval.ms = 3000
	interceptor.classes = []
	internal.leave.group.on.close = true
	internal.throw.on.fetch.stable.offset.unsupported = false
	isolation.level = read_uncommitted
	key.deserializer = class org.apache.kafka.common.serialization.StringDeserializer
	max.partition.fetch.bytes = 1048576
	max.poll.interval.ms = 300000
	max.poll.records = 500
	metadata.max.age.ms = 300000
	metadata.recovery.strategy = none
	metric.reporters = []
	metrics.num.samples = 2
	metrics.recording.level = INFO
	metrics.sample.window.ms = 30000
	partition.assignment.strategy = [class org.apache.kafka.clients.consumer.RangeAssignor, class org.apache.kafka.clients.consumer.CooperativeStickyAssignor]
	receive.buffer.bytes = 65536
	reconnect.backoff.max.ms = 1000
	reconnect.backoff.ms = 50
	request.timeout.ms = 5000
	retry.backoff.max.ms = 1000
	retry.backoff.ms = 100
	sasl.client.callback.handler.class = null
	sasl.jaas.config = null
	sasl.kerberos.kinit.cmd = /usr/bin/kinit
	sasl.kerberos.min.time.before.relogin = 60000
	sasl.kerberos.service.name = null
	sasl.kerberos.ticket.renew.jitter = 0.05
	sasl.kerberos.ticket.renew.window.factor = 0.8
	sasl.login.callback.handler.class = null
	sasl.login.class = null
	sasl.login.connect.timeout.ms = null
	sasl.login.read.timeout.ms = null
	sasl.login.refresh.buffer.seconds = 300
	sasl.login.refresh.min.period.seconds = 60
	sasl.login.refresh.window.factor = 0.8
	sasl.login.refresh.window.jitter = 0.05
	sasl.login.retry.backoff.max.ms = 10000
	sasl.login.retry.backoff.ms = 100
	sasl.mechanism = GSSAPI
	sasl.oauthbearer.clock.skew.seconds = 30
	sasl.oauthbearer.expected.audience = null
	sasl.oauthbearer.expected.issuer = null
	sasl.oauthbearer.header.urlencode = false
	sasl.oauthbearer.jwks.endpoint.refresh.ms = 3600000
	sasl.oauthbearer.jwks.endpoint.retry.backoff.max.ms = 10000
	sasl.oauthbearer.jwks.endpoint.retry.backoff.ms = 100
	sasl.oauthbearer.jwks.endpoint.url = null
	sasl.oauthbearer.scope.claim.name = scope
	sasl.oauthbearer.sub.claim.name = sub
	sasl.oauthbearer.token.endpoint.url = null
	security.protocol = PLAINTEXT
	security.providers = null
	send.buffer.bytes = 131072
	session.timeout.ms = 45000
	socket.connection.setup.timeout.max.ms = 30000
	socket.connection.setup.timeout.ms = 10000
	ssl.cipher.suites = null
	ssl.enabled.protocols = [TLSv1.2, TLSv1.3]
	ssl.endpoint.identification.algorithm = https
	ssl.engine.factory.class = null
	ssl.key.password = null
	ssl.keymanager.algorithm = SunX509
	ssl.keystore.certificate.chain = null
	ssl.keystore.key = null
	ssl.keystore.location = null
	ssl.keystore.password = null
	ssl.keystore.type = JKS
	ssl.protocol = TLSv1.3
	ssl.provider = null
	ssl.secure.random.implementation = null
	ssl.trustmanager.algorithm = PKIX
	ssl.truststore.certificates = null
	ssl.truststore.location = null
	ssl.truststore.password = null
	ssl.truststore.type = JKS
	value.deserializer = class io.apicurio.registry.serde.avro.AvroKafkaDeserializer

2025-07-31 17:06:13,835 INFO  [org.apa.kaf.com.tel.int.KafkaMetricsCollector] (main) initializing Kafka metrics collector
2025-07-31 17:06:13,839 INFO  [org.apa.kaf.cli.con.ConsumerConfig] (main) These configurations '[apicurio.registry.url]' were supplied but are not used yet.
2025-07-31 17:06:13,839 INFO  [org.apa.kaf.com.uti.AppInfoParser] (main) Kafka version: 3.9.1
2025-07-31 17:06:13,839 INFO  [org.apa.kaf.com.uti.AppInfoParser] (main) Kafka commitId: f745dfdcee2b9851
2025-07-31 17:06:13,839 INFO  [org.apa.kaf.com.uti.AppInfoParser] (main) Kafka startTimeMs: 1753981573839
**** Registry Base URL: http://registry-app-kafkasql.apps.ci419.apicurio-testing.org:80
2025-07-31 17:06:13,839 INFO  [org.apa.kaf.cli.con.ConsumerConfig] (main) ConsumerConfig values: 
	allow.auto.create.topics = true
	auto.commit.interval.ms = 500
	auto.include.jmx.reporter = true
	auto.offset.reset = earliest
	bootstrap.servers = [PLAINTEXT://localhost:32770]
	check.crcs = true
	client.dns.lookup = use_all_dns_ips
	client.id = consumer-Consumer-topic-b48de8c0_4201_401d_9283_4006884b91cc-33
	client.rack = 
	connections.max.idle.ms = 10000
	default.api.timeout.ms = 60000
	enable.auto.commit = true
	enable.metrics.push = true
	exclude.internal.topics = true
	fetch.max.bytes = 52428800
	fetch.max.wait.ms = 500
	fetch.min.bytes = 1
	group.id = Consumer-topic-b48de8c0_4201_401d_9283_4006884b91cc
	group.instance.id = null
	group.protocol = classic
	group.remote.assignor = null
	heartbeat.interval.ms = 3000
	interceptor.classes = []
	internal.leave.group.on.close = true
	internal.throw.on.fetch.stable.offset.unsupported = false
	isolation.level = read_uncommitted
	key.deserializer = class org.apache.kafka.common.serialization.StringDeserializer
	max.partition.fetch.bytes = 1048576
	max.poll.interval.ms = 300000
	max.poll.records = 500
	metadata.max.age.ms = 300000
	metadata.recovery.strategy = none
	metric.reporters = []
	metrics.num.samples = 2
	metrics.recording.level = INFO
	metrics.sample.window.ms = 30000
	partition.assignment.strategy = [class org.apache.kafka.clients.consumer.RangeAssignor, class org.apache.kafka.clients.consumer.CooperativeStickyAssignor]
	receive.buffer.bytes = 65536
	reconnect.backoff.max.ms = 1000
	reconnect.backoff.ms = 50
	request.timeout.ms = 5000
	retry.backoff.max.ms = 1000
	retry.backoff.ms = 100
	sasl.client.callback.handler.class = null
	sasl.jaas.config = null
	sasl.kerberos.kinit.cmd = /usr/bin/kinit
	sasl.kerberos.min.time.before.relogin = 60000
	sasl.kerberos.service.name = null
	sasl.kerberos.ticket.renew.jitter = 0.05
	sasl.kerberos.ticket.renew.window.factor = 0.8
	sasl.login.callback.handler.class = null
	sasl.login.class = null
	sasl.login.connect.timeout.ms = null
	sasl.login.read.timeout.ms = null
	sasl.login.refresh.buffer.seconds = 300
	sasl.login.refresh.min.period.seconds = 60
	sasl.login.refresh.window.factor = 0.8
	sasl.login.refresh.window.jitter = 0.05
	sasl.login.retry.backoff.max.ms = 10000
	sasl.login.retry.backoff.ms = 100
	sasl.mechanism = GSSAPI
	sasl.oauthbearer.clock.skew.seconds = 30
	sasl.oauthbearer.expected.audience = null
	sasl.oauthbearer.expected.issuer = null
	sasl.oauthbearer.header.urlencode = false
	sasl.oauthbearer.jwks.endpoint.refresh.ms = 3600000
	sasl.oauthbearer.jwks.endpoint.retry.backoff.max.ms = 10000
	sasl.oauthbearer.jwks.endpoint.retry.backoff.ms = 100
	sasl.oauthbearer.jwks.endpoint.url = null
	sasl.oauthbearer.scope.claim.name = scope
	sasl.oauthbearer.sub.claim.name = sub
	sasl.oauthbearer.token.endpoint.url = null
	security.protocol = PLAINTEXT
	security.providers = null
	send.buffer.bytes = 131072
	session.timeout.ms = 45000
	socket.connection.setup.timeout.max.ms = 30000
	socket.connection.setup.timeout.ms = 10000
	ssl.cipher.suites = null
	ssl.enabled.protocols = [TLSv1.2, TLSv1.3]
	ssl.endpoint.identification.algorithm = https
	ssl.engine.factory.class = null
	ssl.key.password = null
	ssl.keymanager.algorithm = SunX509
	ssl.keystore.certificate.chain = null
	ssl.keystore.key = null
	ssl.keystore.location = null
	ssl.keystore.password = null
	ssl.keystore.type = JKS
	ssl.protocol = TLSv1.3
	ssl.provider = null
	ssl.secure.random.implementation = null
	ssl.trustmanager.algorithm = PKIX
	ssl.truststore.certificates = null
	ssl.truststore.location = null
	ssl.truststore.password = null
	ssl.truststore.type = JKS
	value.deserializer = class io.apicurio.registry.serde.avro.AvroKafkaDeserializer

2025-07-31 17:06:13,839 INFO  [org.apa.kaf.com.tel.int.KafkaMetricsCollector] (main) initializing Kafka metrics collector
2025-07-31 17:06:13,844 INFO  [org.apa.kaf.cli.con.ConsumerConfig] (main) These configurations '[apicurio.registry.url]' were supplied but are not used yet.
2025-07-31 17:06:13,844 INFO  [org.apa.kaf.com.uti.AppInfoParser] (main) Kafka version: 3.9.1
2025-07-31 17:06:13,844 INFO  [org.apa.kaf.com.uti.AppInfoParser] (main) Kafka commitId: f745dfdcee2b9851
2025-07-31 17:06:13,844 INFO  [org.apa.kaf.com.uti.AppInfoParser] (main) Kafka startTimeMs: 1753981573844
2025-07-31 17:06:13,844 INFO  [io.api.tes.ser.api.KafkaSerdesTester] (Thread-844) Sending message {"key1": "value-0"} to topic topic-fc424c96_5bbf_4b20_bf8f_8c53bd6c100e
2025-07-31 17:06:13,848 INFO  [DefaultSchemaResolver] (Thread-844) Retrieving schema content using string: {"type":"record","name":"myrecordconfluent6","fields":[{"name":"key1","type":"string"}]}
2025-07-31 17:06:13,874 INFO  [io.api.tes.ser.api.KafkaSerdesTester] (Thread-844) Sending message {"key1": "value-1"} to topic topic-fc424c96_5bbf_4b20_bf8f_8c53bd6c100e
2025-07-31 17:06:13,874 INFO  [io.api.tes.ser.api.KafkaSerdesTester] (Thread-844) Sending message {"key1": "value-2"} to topic topic-fc424c96_5bbf_4b20_bf8f_8c53bd6c100e
2025-07-31 17:06:13,875 INFO  [io.api.tes.ser.api.KafkaSerdesTester] (Thread-844) Sending message {"key1": "value-3"} to topic topic-fc424c96_5bbf_4b20_bf8f_8c53bd6c100e
2025-07-31 17:06:13,876 INFO  [io.api.tes.ser.api.KafkaSerdesTester] (Thread-844) Sending message {"key1": "value-4"} to topic topic-fc424c96_5bbf_4b20_bf8f_8c53bd6c100e
2025-07-31 17:06:13,877 INFO  [io.api.tes.ser.api.KafkaSerdesTester] (Thread-844) Sending message {"key1": "value-5"} to topic topic-fc424c96_5bbf_4b20_bf8f_8c53bd6c100e
2025-07-31 17:06:13,878 INFO  [io.api.tes.ser.api.KafkaSerdesTester] (Thread-844) Sending message {"key1": "value-6"} to topic topic-fc424c96_5bbf_4b20_bf8f_8c53bd6c100e
2025-07-31 17:06:13,879 INFO  [io.api.tes.ser.api.KafkaSerdesTester] (Thread-844) Sending message {"key1": "value-7"} to topic topic-fc424c96_5bbf_4b20_bf8f_8c53bd6c100e
2025-07-31 17:06:13,880 INFO  [io.api.tes.ser.api.KafkaSerdesTester] (Thread-844) Sending message {"key1": "value-8"} to topic topic-fc424c96_5bbf_4b20_bf8f_8c53bd6c100e
2025-07-31 17:06:13,881 INFO  [io.api.tes.ser.api.KafkaSerdesTester] (Thread-844) Sending message {"key1": "value-9"} to topic topic-fc424c96_5bbf_4b20_bf8f_8c53bd6c100e
2025-07-31 17:06:13,887 INFO  [io.api.tes.ser.api.KafkaSerdesTester] (Thread-844) Produced 10 messages
2025-07-31 17:06:13,887 INFO  [org.apa.kaf.cli.pro.KafkaProducer] (Thread-844) [Producer clientId=Producer-topic-fc424c96_5bbf_4b20_bf8f_8c53bd6c100e] Closing the Kafka producer with timeoutMillis = 9223372036854775807 ms.
2025-07-31 17:06:13,889 INFO  [org.apa.kaf.com.met.Metrics] (Thread-844) Metrics scheduler closed
2025-07-31 17:06:13,889 INFO  [org.apa.kaf.com.met.Metrics] (Thread-844) Closing reporter org.apache.kafka.common.metrics.JmxReporter
2025-07-31 17:06:13,889 INFO  [org.apa.kaf.com.met.Metrics] (Thread-844) Closing reporter org.apache.kafka.common.telemetry.internals.ClientTelemetryReporter
2025-07-31 17:06:13,889 INFO  [org.apa.kaf.com.met.Metrics] (Thread-844) Metrics reporters closed
2025-07-31 17:06:13,889 INFO  [org.apa.kaf.com.uti.AppInfoParser] (Thread-844) App info kafka.producer for Producer-topic-fc424c96_5bbf_4b20_bf8f_8c53bd6c100e unregistered
2025-07-31 17:06:13,891 INFO  [io.api.tes.ser.api.KafkaSerdesTester] (Thread-845) Sending message {"key1": "value-0"} to topic topic-5f07b77e_6992_4c15_99a8_266a7d7608b2
2025-07-31 17:06:13,895 INFO  [DefaultSchemaResolver] (Thread-845) Retrieving schema content using string: {"type":"record","name":"myrecordconfluent6","fields":[{"name":"key1","type":"string"}]}
2025-07-31 17:06:13,921 INFO  [io.api.tes.ser.api.KafkaSerdesTester] (Thread-845) Sending message {"key1": "value-1"} to topic topic-5f07b77e_6992_4c15_99a8_266a7d7608b2
2025-07-31 17:06:13,922 INFO  [io.api.tes.ser.api.KafkaSerdesTester] (Thread-845) Sending message {"key1": "value-2"} to topic topic-5f07b77e_6992_4c15_99a8_266a7d7608b2
2025-07-31 17:06:13,923 INFO  [io.api.tes.ser.api.KafkaSerdesTester] (Thread-845) Sending message {"key1": "value-3"} to topic topic-5f07b77e_6992_4c15_99a8_266a7d7608b2
2025-07-31 17:06:13,925 INFO  [io.api.tes.ser.api.KafkaSerdesTester] (Thread-845) Sending message {"key1": "value-4"} to topic topic-5f07b77e_6992_4c15_99a8_266a7d7608b2
2025-07-31 17:06:13,926 INFO  [io.api.tes.ser.api.KafkaSerdesTester] (Thread-845) Sending message {"key1": "value-5"} to topic topic-5f07b77e_6992_4c15_99a8_266a7d7608b2
2025-07-31 17:06:13,927 INFO  [io.api.tes.ser.api.KafkaSerdesTester] (Thread-845) Sending message {"key1": "value-6"} to topic topic-5f07b77e_6992_4c15_99a8_266a7d7608b2
2025-07-31 17:06:13,928 INFO  [io.api.tes.ser.api.KafkaSerdesTester] (Thread-845) Sending message {"key1": "value-7"} to topic topic-5f07b77e_6992_4c15_99a8_266a7d7608b2
2025-07-31 17:06:13,929 INFO  [io.api.tes.ser.api.KafkaSerdesTester] (Thread-845) Sending message {"key1": "value-8"} to topic topic-5f07b77e_6992_4c15_99a8_266a7d7608b2
2025-07-31 17:06:13,931 INFO  [io.api.tes.ser.api.KafkaSerdesTester] (Thread-845) Sending message {"key1": "value-9"} to topic topic-5f07b77e_6992_4c15_99a8_266a7d7608b2
2025-07-31 17:06:13,934 INFO  [io.api.tes.ser.api.KafkaSerdesTester] (Thread-845) Produced 10 messages
2025-07-31 17:06:13,934 INFO  [org.apa.kaf.cli.pro.KafkaProducer] (Thread-845) [Producer clientId=Producer-topic-5f07b77e_6992_4c15_99a8_266a7d7608b2] Closing the Kafka producer with timeoutMillis = 9223372036854775807 ms.
2025-07-31 17:06:13,938 INFO  [org.apa.kaf.com.met.Metrics] (Thread-845) Metrics scheduler closed
2025-07-31 17:06:13,938 INFO  [org.apa.kaf.com.met.Metrics] (Thread-845) Closing reporter org.apache.kafka.common.metrics.JmxReporter
2025-07-31 17:06:13,938 INFO  [org.apa.kaf.com.met.Metrics] (Thread-845) Closing reporter org.apache.kafka.common.telemetry.internals.ClientTelemetryReporter
2025-07-31 17:06:13,938 INFO  [org.apa.kaf.com.met.Metrics] (Thread-845) Metrics reporters closed
2025-07-31 17:06:13,938 INFO  [org.apa.kaf.com.uti.AppInfoParser] (Thread-845) App info kafka.producer for Producer-topic-5f07b77e_6992_4c15_99a8_266a7d7608b2 unregistered
2025-07-31 17:06:13,940 INFO  [io.api.tes.ser.api.KafkaSerdesTester] (Thread-846) Sending message {"key1": "value-0"} to topic topic-b48de8c0_4201_401d_9283_4006884b91cc
2025-07-31 17:06:13,944 INFO  [DefaultSchemaResolver] (Thread-846) Retrieving schema content using string: {"type":"record","name":"myrecordconfluent6","fields":[{"name":"key1","type":"string"}]}
2025-07-31 17:06:13,969 INFO  [io.api.tes.ser.api.KafkaSerdesTester] (Thread-846) Sending message {"key1": "value-1"} to topic topic-b48de8c0_4201_401d_9283_4006884b91cc
2025-07-31 17:06:13,970 INFO  [io.api.tes.ser.api.KafkaSerdesTester] (Thread-846) Sending message {"key1": "value-2"} to topic topic-b48de8c0_4201_401d_9283_4006884b91cc
2025-07-31 17:06:13,971 INFO  [io.api.tes.ser.api.KafkaSerdesTester] (Thread-846) Sending message {"key1": "value-3"} to topic topic-b48de8c0_4201_401d_9283_4006884b91cc
2025-07-31 17:06:13,972 INFO  [io.api.tes.ser.api.KafkaSerdesTester] (Thread-846) Sending message {"key1": "value-4"} to topic topic-b48de8c0_4201_401d_9283_4006884b91cc
2025-07-31 17:06:13,973 INFO  [io.api.tes.ser.api.KafkaSerdesTester] (Thread-846) Sending message {"key1": "value-5"} to topic topic-b48de8c0_4201_401d_9283_4006884b91cc
2025-07-31 17:06:13,974 INFO  [io.api.tes.ser.api.KafkaSerdesTester] (Thread-846) Sending message {"key1": "value-6"} to topic topic-b48de8c0_4201_401d_9283_4006884b91cc
2025-07-31 17:06:13,975 INFO  [io.api.tes.ser.api.KafkaSerdesTester] (Thread-846) Sending message {"key1": "value-7"} to topic topic-b48de8c0_4201_401d_9283_4006884b91cc
2025-07-31 17:06:13,976 INFO  [io.api.tes.ser.api.KafkaSerdesTester] (Thread-846) Sending message {"key1": "value-8"} to topic topic-b48de8c0_4201_401d_9283_4006884b91cc
2025-07-31 17:06:13,977 INFO  [io.api.tes.ser.api.KafkaSerdesTester] (Thread-846) Sending message {"key1": "value-9"} to topic topic-b48de8c0_4201_401d_9283_4006884b91cc
2025-07-31 17:06:13,978 INFO  [io.api.tes.ser.api.KafkaSerdesTester] (Thread-846) Produced 10 messages
2025-07-31 17:06:13,978 INFO  [org.apa.kaf.cli.pro.KafkaProducer] (Thread-846) [Producer clientId=Producer-topic-b48de8c0_4201_401d_9283_4006884b91cc] Closing the Kafka producer with timeoutMillis = 9223372036854775807 ms.
2025-07-31 17:06:13,979 INFO  [org.apa.kaf.com.met.Metrics] (Thread-846) Metrics scheduler closed
2025-07-31 17:06:13,979 INFO  [org.apa.kaf.com.met.Metrics] (Thread-846) Closing reporter org.apache.kafka.common.metrics.JmxReporter
2025-07-31 17:06:13,979 INFO  [org.apa.kaf.com.met.Metrics] (Thread-846) Closing reporter org.apache.kafka.common.telemetry.internals.ClientTelemetryReporter
2025-07-31 17:06:13,979 INFO  [org.apa.kaf.com.met.Metrics] (Thread-846) Metrics reporters closed
2025-07-31 17:06:13,979 INFO  [org.apa.kaf.com.uti.AppInfoParser] (Thread-846) App info kafka.producer for Producer-topic-b48de8c0_4201_401d_9283_4006884b91cc unregistered
2025-07-31 17:06:13,980 INFO  [org.apa.kaf.cli.con.int.ClassicKafkaConsumer] (Thread-847) [Consumer clientId=consumer-Consumer-topic-fc424c96_5bbf_4b20_bf8f_8c53bd6c100e-31, groupId=Consumer-topic-fc424c96_5bbf_4b20_bf8f_8c53bd6c100e] Subscribed to topic(s): topic-fc424c96_5bbf_4b20_bf8f_8c53bd6c100e
2025-07-31 17:06:13,984 INFO  [org.apa.kaf.cli.Metadata] (Thread-847) [Consumer clientId=consumer-Consumer-topic-fc424c96_5bbf_4b20_bf8f_8c53bd6c100e-31, groupId=Consumer-topic-fc424c96_5bbf_4b20_bf8f_8c53bd6c100e] Cluster ID: WpqyxNU-RHKB_ermmfvksw
2025-07-31 17:06:13,986 INFO  [org.apa.kaf.cli.con.int.ConsumerCoordinator] (Thread-847) [Consumer clientId=consumer-Consumer-topic-fc424c96_5bbf_4b20_bf8f_8c53bd6c100e-31, groupId=Consumer-topic-fc424c96_5bbf_4b20_bf8f_8c53bd6c100e] Discovered group coordinator localhost:32770 (id: 2147483647 rack: null)
2025-07-31 17:06:13,988 INFO  [org.apa.kaf.cli.con.int.ConsumerCoordinator] (Thread-847) [Consumer clientId=consumer-Consumer-topic-fc424c96_5bbf_4b20_bf8f_8c53bd6c100e-31, groupId=Consumer-topic-fc424c96_5bbf_4b20_bf8f_8c53bd6c100e] (Re-)joining group
2025-07-31 17:06:13,990 INFO  [org.apa.kaf.cli.con.int.ConsumerCoordinator] (Thread-847) [Consumer clientId=consumer-Consumer-topic-fc424c96_5bbf_4b20_bf8f_8c53bd6c100e-31, groupId=Consumer-topic-fc424c96_5bbf_4b20_bf8f_8c53bd6c100e] Request joining group due to: need to re-join with the given member-id: consumer-Consumer-topic-fc424c96_5bbf_4b20_bf8f_8c53bd6c100e-31-14380170-aff9-48d0-8978-d57e190644c1
2025-07-31 17:06:13,990 INFO  [org.apa.kaf.cli.con.int.ConsumerCoordinator] (Thread-847) [Consumer clientId=consumer-Consumer-topic-fc424c96_5bbf_4b20_bf8f_8c53bd6c100e-31, groupId=Consumer-topic-fc424c96_5bbf_4b20_bf8f_8c53bd6c100e] (Re-)joining group
2025-07-31 17:06:13,993 INFO  [org.apa.kaf.cli.con.int.ConsumerCoordinator] (Thread-847) [Consumer clientId=consumer-Consumer-topic-fc424c96_5bbf_4b20_bf8f_8c53bd6c100e-31, groupId=Consumer-topic-fc424c96_5bbf_4b20_bf8f_8c53bd6c100e] Successfully joined group with generation Generation{generationId=1, memberId='consumer-Consumer-topic-fc424c96_5bbf_4b20_bf8f_8c53bd6c100e-31-14380170-aff9-48d0-8978-d57e190644c1', protocol='range'}
2025-07-31 17:06:13,993 INFO  [org.apa.kaf.cli.con.int.ConsumerCoordinator] (Thread-847) [Consumer clientId=consumer-Consumer-topic-fc424c96_5bbf_4b20_bf8f_8c53bd6c100e-31, groupId=Consumer-topic-fc424c96_5bbf_4b20_bf8f_8c53bd6c100e] Finished assignment for group at generation 1: {consumer-Consumer-topic-fc424c96_5bbf_4b20_bf8f_8c53bd6c100e-31-14380170-aff9-48d0-8978-d57e190644c1=Assignment(partitions=[topic-fc424c96_5bbf_4b20_bf8f_8c53bd6c100e-0])}
2025-07-31 17:06:13,999 INFO  [org.apa.kaf.cli.con.int.ConsumerCoordinator] (Thread-847) [Consumer clientId=consumer-Consumer-topic-fc424c96_5bbf_4b20_bf8f_8c53bd6c100e-31, groupId=Consumer-topic-fc424c96_5bbf_4b20_bf8f_8c53bd6c100e] Successfully synced group in generation Generation{generationId=1, memberId='consumer-Consumer-topic-fc424c96_5bbf_4b20_bf8f_8c53bd6c100e-31-14380170-aff9-48d0-8978-d57e190644c1', protocol='range'}
2025-07-31 17:06:13,999 INFO  [org.apa.kaf.cli.con.int.ConsumerCoordinator] (Thread-847) [Consumer clientId=consumer-Consumer-topic-fc424c96_5bbf_4b20_bf8f_8c53bd6c100e-31, groupId=Consumer-topic-fc424c96_5bbf_4b20_bf8f_8c53bd6c100e] Notifying assignor about the new Assignment(partitions=[topic-fc424c96_5bbf_4b20_bf8f_8c53bd6c100e-0])
2025-07-31 17:06:13,999 INFO  [org.apa.kaf.cli.con.int.ConsumerRebalanceListenerInvoker] (Thread-847) [Consumer clientId=consumer-Consumer-topic-fc424c96_5bbf_4b20_bf8f_8c53bd6c100e-31, groupId=Consumer-topic-fc424c96_5bbf_4b20_bf8f_8c53bd6c100e] Adding newly assigned partitions: topic-fc424c96_5bbf_4b20_bf8f_8c53bd6c100e-0
2025-07-31 17:06:14,001 INFO  [org.apa.kaf.cli.con.int.ConsumerCoordinator] (Thread-847) [Consumer clientId=consumer-Consumer-topic-fc424c96_5bbf_4b20_bf8f_8c53bd6c100e-31, groupId=Consumer-topic-fc424c96_5bbf_4b20_bf8f_8c53bd6c100e] Found no committed offset for partition topic-fc424c96_5bbf_4b20_bf8f_8c53bd6c100e-0
2025-07-31 17:06:14,015 INFO  [org.apa.kaf.cli.con.int.SubscriptionState] (Thread-847) [Consumer clientId=consumer-Consumer-topic-fc424c96_5bbf_4b20_bf8f_8c53bd6c100e-31, groupId=Consumer-topic-fc424c96_5bbf_4b20_bf8f_8c53bd6c100e] Resetting offset for partition topic-fc424c96_5bbf_4b20_bf8f_8c53bd6c100e-0 to position FetchPosition{offset=0, offsetEpoch=Optional.empty, currentLeader=LeaderAndEpoch{leader=Optional[localhost:32770 (id: 0 rack: null)], epoch=0}}.
2025-07-31 17:06:14,065 INFO  [io.api.tes.ser.api.KafkaSerdesTester] (Thread-847) topic-fc424c96_5bbf_4b20_bf8f_8c53bd6c100e 0 0 {"key1": "value-0"}
2025-07-31 17:06:14,065 INFO  [io.api.tes.ser.api.KafkaSerdesTester] (Thread-847) topic-fc424c96_5bbf_4b20_bf8f_8c53bd6c100e 0 1 {"key1": "value-1"}
2025-07-31 17:06:14,065 INFO  [io.api.tes.ser.api.KafkaSerdesTester] (Thread-847) topic-fc424c96_5bbf_4b20_bf8f_8c53bd6c100e 0 2 {"key1": "value-2"}
2025-07-31 17:06:14,065 INFO  [io.api.tes.ser.api.KafkaSerdesTester] (Thread-847) topic-fc424c96_5bbf_4b20_bf8f_8c53bd6c100e 0 3 {"key1": "value-3"}
2025-07-31 17:06:14,065 INFO  [io.api.tes.ser.api.KafkaSerdesTester] (Thread-847) topic-fc424c96_5bbf_4b20_bf8f_8c53bd6c100e 0 4 {"key1": "value-4"}
2025-07-31 17:06:14,065 INFO  [io.api.tes.ser.api.KafkaSerdesTester] (Thread-847) topic-fc424c96_5bbf_4b20_bf8f_8c53bd6c100e 0 5 {"key1": "value-5"}
2025-07-31 17:06:14,065 INFO  [io.api.tes.ser.api.KafkaSerdesTester] (Thread-847) topic-fc424c96_5bbf_4b20_bf8f_8c53bd6c100e 0 6 {"key1": "value-6"}
2025-07-31 17:06:14,065 INFO  [io.api.tes.ser.api.KafkaSerdesTester] (Thread-847) topic-fc424c96_5bbf_4b20_bf8f_8c53bd6c100e 0 7 {"key1": "value-7"}
2025-07-31 17:06:14,065 INFO  [io.api.tes.ser.api.KafkaSerdesTester] (Thread-847) topic-fc424c96_5bbf_4b20_bf8f_8c53bd6c100e 0 8 {"key1": "value-8"}
2025-07-31 17:06:14,065 INFO  [io.api.tes.ser.api.KafkaSerdesTester] (Thread-847) topic-fc424c96_5bbf_4b20_bf8f_8c53bd6c100e 0 9 {"key1": "value-9"}
2025-07-31 17:06:14,065 INFO  [io.api.tes.ser.api.KafkaSerdesTester] (Thread-847) Consumed 10 messages
2025-07-31 17:06:14,067 INFO  [org.apa.kaf.cli.con.int.ConsumerRebalanceListenerInvoker] (Thread-847) [Consumer clientId=consumer-Consumer-topic-fc424c96_5bbf_4b20_bf8f_8c53bd6c100e-31, groupId=Consumer-topic-fc424c96_5bbf_4b20_bf8f_8c53bd6c100e] Revoke previously assigned partitions topic-fc424c96_5bbf_4b20_bf8f_8c53bd6c100e-0
2025-07-31 17:06:14,067 INFO  [org.apa.kaf.cli.con.int.ConsumerCoordinator] (Thread-847) [Consumer clientId=consumer-Consumer-topic-fc424c96_5bbf_4b20_bf8f_8c53bd6c100e-31, groupId=Consumer-topic-fc424c96_5bbf_4b20_bf8f_8c53bd6c100e] Member consumer-Consumer-topic-fc424c96_5bbf_4b20_bf8f_8c53bd6c100e-31-14380170-aff9-48d0-8978-d57e190644c1 sending LeaveGroup request to coordinator localhost:32770 (id: 2147483647 rack: null) due to the consumer is being closed
2025-07-31 17:06:14,068 INFO  [org.apa.kaf.cli.con.int.ConsumerCoordinator] (Thread-847) [Consumer clientId=consumer-Consumer-topic-fc424c96_5bbf_4b20_bf8f_8c53bd6c100e-31, groupId=Consumer-topic-fc424c96_5bbf_4b20_bf8f_8c53bd6c100e] Resetting generation and member id due to: consumer pro-actively leaving the group
2025-07-31 17:06:14,069 INFO  [org.apa.kaf.cli.con.int.ConsumerCoordinator] (Thread-847) [Consumer clientId=consumer-Consumer-topic-fc424c96_5bbf_4b20_bf8f_8c53bd6c100e-31, groupId=Consumer-topic-fc424c96_5bbf_4b20_bf8f_8c53bd6c100e] Request joining group due to: consumer pro-actively leaving the group
2025-07-31 17:06:14,568 INFO  [org.apa.kaf.com.met.Metrics] (Thread-847) Metrics scheduler closed
2025-07-31 17:06:14,568 INFO  [org.apa.kaf.com.met.Metrics] (Thread-847) Closing reporter org.apache.kafka.common.metrics.JmxReporter
2025-07-31 17:06:14,568 INFO  [org.apa.kaf.com.met.Metrics] (Thread-847) Closing reporter org.apache.kafka.common.telemetry.internals.ClientTelemetryReporter
2025-07-31 17:06:14,568 INFO  [org.apa.kaf.com.met.Metrics] (Thread-847) Metrics reporters closed
2025-07-31 17:06:14,570 INFO  [org.apa.kaf.com.uti.AppInfoParser] (Thread-847) App info kafka.consumer for consumer-Consumer-topic-fc424c96_5bbf_4b20_bf8f_8c53bd6c100e-31 unregistered
2025-07-31 17:06:14,571 INFO  [org.apa.kaf.cli.con.int.ClassicKafkaConsumer] (Thread-848) [Consumer clientId=consumer-Consumer-topic-5f07b77e_6992_4c15_99a8_266a7d7608b2-32, groupId=Consumer-topic-5f07b77e_6992_4c15_99a8_266a7d7608b2] Subscribed to topic(s): topic-5f07b77e_6992_4c15_99a8_266a7d7608b2
2025-07-31 17:06:14,577 INFO  [org.apa.kaf.cli.Metadata] (Thread-848) [Consumer clientId=consumer-Consumer-topic-5f07b77e_6992_4c15_99a8_266a7d7608b2-32, groupId=Consumer-topic-5f07b77e_6992_4c15_99a8_266a7d7608b2] Cluster ID: WpqyxNU-RHKB_ermmfvksw
2025-07-31 17:06:14,578 INFO  [org.apa.kaf.cli.con.int.ConsumerCoordinator] (Thread-848) [Consumer clientId=consumer-Consumer-topic-5f07b77e_6992_4c15_99a8_266a7d7608b2-32, groupId=Consumer-topic-5f07b77e_6992_4c15_99a8_266a7d7608b2] Discovered group coordinator localhost:32770 (id: 2147483647 rack: null)
2025-07-31 17:06:14,579 INFO  [org.apa.kaf.cli.con.int.ConsumerCoordinator] (Thread-848) [Consumer clientId=consumer-Consumer-topic-5f07b77e_6992_4c15_99a8_266a7d7608b2-32, groupId=Consumer-topic-5f07b77e_6992_4c15_99a8_266a7d7608b2] (Re-)joining group
2025-07-31 17:06:14,582 INFO  [org.apa.kaf.cli.con.int.ConsumerCoordinator] (Thread-848) [Consumer clientId=consumer-Consumer-topic-5f07b77e_6992_4c15_99a8_266a7d7608b2-32, groupId=Consumer-topic-5f07b77e_6992_4c15_99a8_266a7d7608b2] Request joining group due to: need to re-join with the given member-id: consumer-Consumer-topic-5f07b77e_6992_4c15_99a8_266a7d7608b2-32-50982b3b-fdf4-4d03-b348-4661bebc2e0f
2025-07-31 17:06:14,582 INFO  [org.apa.kaf.cli.con.int.ConsumerCoordinator] (Thread-848) [Consumer clientId=consumer-Consumer-topic-5f07b77e_6992_4c15_99a8_266a7d7608b2-32, groupId=Consumer-topic-5f07b77e_6992_4c15_99a8_266a7d7608b2] (Re-)joining group
2025-07-31 17:06:14,584 INFO  [org.apa.kaf.cli.con.int.ConsumerCoordinator] (Thread-848) [Consumer clientId=consumer-Consumer-topic-5f07b77e_6992_4c15_99a8_266a7d7608b2-32, groupId=Consumer-topic-5f07b77e_6992_4c15_99a8_266a7d7608b2] Successfully joined group with generation Generation{generationId=1, memberId='consumer-Consumer-topic-5f07b77e_6992_4c15_99a8_266a7d7608b2-32-50982b3b-fdf4-4d03-b348-4661bebc2e0f', protocol='range'}
2025-07-31 17:06:14,584 INFO  [org.apa.kaf.cli.con.int.ConsumerCoordinator] (Thread-848) [Consumer clientId=consumer-Consumer-topic-5f07b77e_6992_4c15_99a8_266a7d7608b2-32, groupId=Consumer-topic-5f07b77e_6992_4c15_99a8_266a7d7608b2] Finished assignment for group at generation 1: {consumer-Consumer-topic-5f07b77e_6992_4c15_99a8_266a7d7608b2-32-50982b3b-fdf4-4d03-b348-4661bebc2e0f=Assignment(partitions=[topic-5f07b77e_6992_4c15_99a8_266a7d7608b2-0])}
2025-07-31 17:06:14,586 INFO  [org.apa.kaf.cli.con.int.ConsumerCoordinator] (Thread-848) [Consumer clientId=consumer-Consumer-topic-5f07b77e_6992_4c15_99a8_266a7d7608b2-32, groupId=Consumer-topic-5f07b77e_6992_4c15_99a8_266a7d7608b2] Successfully synced group in generation Generation{generationId=1, memberId='consumer-Consumer-topic-5f07b77e_6992_4c15_99a8_266a7d7608b2-32-50982b3b-fdf4-4d03-b348-4661bebc2e0f', protocol='range'}
2025-07-31 17:06:14,586 INFO  [org.apa.kaf.cli.con.int.ConsumerCoordinator] (Thread-848) [Consumer clientId=consumer-Consumer-topic-5f07b77e_6992_4c15_99a8_266a7d7608b2-32, groupId=Consumer-topic-5f07b77e_6992_4c15_99a8_266a7d7608b2] Notifying assignor about the new Assignment(partitions=[topic-5f07b77e_6992_4c15_99a8_266a7d7608b2-0])
2025-07-31 17:06:14,586 INFO  [org.apa.kaf.cli.con.int.ConsumerRebalanceListenerInvoker] (Thread-848) [Consumer clientId=consumer-Consumer-topic-5f07b77e_6992_4c15_99a8_266a7d7608b2-32, groupId=Consumer-topic-5f07b77e_6992_4c15_99a8_266a7d7608b2] Adding newly assigned partitions: topic-5f07b77e_6992_4c15_99a8_266a7d7608b2-0
2025-07-31 17:06:14,587 INFO  [org.apa.kaf.cli.con.int.ConsumerCoordinator] (Thread-848) [Consumer clientId=consumer-Consumer-topic-5f07b77e_6992_4c15_99a8_266a7d7608b2-32, groupId=Consumer-topic-5f07b77e_6992_4c15_99a8_266a7d7608b2] Found no committed offset for partition topic-5f07b77e_6992_4c15_99a8_266a7d7608b2-0
2025-07-31 17:06:14,592 INFO  [org.apa.kaf.cli.con.int.SubscriptionState] (Thread-848) [Consumer clientId=consumer-Consumer-topic-5f07b77e_6992_4c15_99a8_266a7d7608b2-32, groupId=Consumer-topic-5f07b77e_6992_4c15_99a8_266a7d7608b2] Resetting offset for partition topic-5f07b77e_6992_4c15_99a8_266a7d7608b2-0 to position FetchPosition{offset=0, offsetEpoch=Optional.empty, currentLeader=LeaderAndEpoch{leader=Optional[localhost:32770 (id: 0 rack: null)], epoch=0}}.
2025-07-31 17:06:14,639 INFO  [io.api.tes.ser.api.KafkaSerdesTester] (Thread-848) topic-5f07b77e_6992_4c15_99a8_266a7d7608b2 0 0 {"key1": "value-0"}
2025-07-31 17:06:14,639 INFO  [io.api.tes.ser.api.KafkaSerdesTester] (Thread-848) topic-5f07b77e_6992_4c15_99a8_266a7d7608b2 0 1 {"key1": "value-1"}
2025-07-31 17:06:14,639 INFO  [io.api.tes.ser.api.KafkaSerdesTester] (Thread-848) topic-5f07b77e_6992_4c15_99a8_266a7d7608b2 0 2 {"key1": "value-2"}
2025-07-31 17:06:14,639 INFO  [io.api.tes.ser.api.KafkaSerdesTester] (Thread-848) topic-5f07b77e_6992_4c15_99a8_266a7d7608b2 0 3 {"key1": "value-3"}
2025-07-31 17:06:14,639 INFO  [io.api.tes.ser.api.KafkaSerdesTester] (Thread-848) topic-5f07b77e_6992_4c15_99a8_266a7d7608b2 0 4 {"key1": "value-4"}
2025-07-31 17:06:14,639 INFO  [io.api.tes.ser.api.KafkaSerdesTester] (Thread-848) topic-5f07b77e_6992_4c15_99a8_266a7d7608b2 0 5 {"key1": "value-5"}
2025-07-31 17:06:14,639 INFO  [io.api.tes.ser.api.KafkaSerdesTester] (Thread-848) topic-5f07b77e_6992_4c15_99a8_266a7d7608b2 0 6 {"key1": "value-6"}
2025-07-31 17:06:14,639 INFO  [io.api.tes.ser.api.KafkaSerdesTester] (Thread-848) topic-5f07b77e_6992_4c15_99a8_266a7d7608b2 0 7 {"key1": "value-7"}
2025-07-31 17:06:14,639 INFO  [io.api.tes.ser.api.KafkaSerdesTester] (Thread-848) topic-5f07b77e_6992_4c15_99a8_266a7d7608b2 0 8 {"key1": "value-8"}
2025-07-31 17:06:14,639 INFO  [io.api.tes.ser.api.KafkaSerdesTester] (Thread-848) topic-5f07b77e_6992_4c15_99a8_266a7d7608b2 0 9 {"key1": "value-9"}
2025-07-31 17:06:14,639 INFO  [io.api.tes.ser.api.KafkaSerdesTester] (Thread-848) Consumed 10 messages
2025-07-31 17:06:14,642 INFO  [org.apa.kaf.cli.con.int.ConsumerRebalanceListenerInvoker] (Thread-848) [Consumer clientId=consumer-Consumer-topic-5f07b77e_6992_4c15_99a8_266a7d7608b2-32, groupId=Consumer-topic-5f07b77e_6992_4c15_99a8_266a7d7608b2] Revoke previously assigned partitions topic-5f07b77e_6992_4c15_99a8_266a7d7608b2-0
2025-07-31 17:06:14,642 INFO  [org.apa.kaf.cli.con.int.ConsumerCoordinator] (Thread-848) [Consumer clientId=consumer-Consumer-topic-5f07b77e_6992_4c15_99a8_266a7d7608b2-32, groupId=Consumer-topic-5f07b77e_6992_4c15_99a8_266a7d7608b2] Member consumer-Consumer-topic-5f07b77e_6992_4c15_99a8_266a7d7608b2-32-50982b3b-fdf4-4d03-b348-4661bebc2e0f sending LeaveGroup request to coordinator localhost:32770 (id: 2147483647 rack: null) due to the consumer is being closed
2025-07-31 17:06:14,643 INFO  [org.apa.kaf.cli.con.int.ConsumerCoordinator] (Thread-848) [Consumer clientId=consumer-Consumer-topic-5f07b77e_6992_4c15_99a8_266a7d7608b2-32, groupId=Consumer-topic-5f07b77e_6992_4c15_99a8_266a7d7608b2] Resetting generation and member id due to: consumer pro-actively leaving the group
2025-07-31 17:06:14,643 INFO  [org.apa.kaf.cli.con.int.ConsumerCoordinator] (Thread-848) [Consumer clientId=consumer-Consumer-topic-5f07b77e_6992_4c15_99a8_266a7d7608b2-32, groupId=Consumer-topic-5f07b77e_6992_4c15_99a8_266a7d7608b2] Request joining group due to: consumer pro-actively leaving the group
2025-07-31 17:06:15,143 INFO  [org.apa.kaf.com.met.Metrics] (Thread-848) Metrics scheduler closed
2025-07-31 17:06:15,143 INFO  [org.apa.kaf.com.met.Metrics] (Thread-848) Closing reporter org.apache.kafka.common.metrics.JmxReporter
2025-07-31 17:06:15,143 INFO  [org.apa.kaf.com.met.Metrics] (Thread-848) Closing reporter org.apache.kafka.common.telemetry.internals.ClientTelemetryReporter
2025-07-31 17:06:15,143 INFO  [org.apa.kaf.com.met.Metrics] (Thread-848) Metrics reporters closed
2025-07-31 17:06:15,144 INFO  [org.apa.kaf.com.uti.AppInfoParser] (Thread-848) App info kafka.consumer for consumer-Consumer-topic-5f07b77e_6992_4c15_99a8_266a7d7608b2-32 unregistered
2025-07-31 17:06:15,145 INFO  [org.apa.kaf.cli.con.int.ClassicKafkaConsumer] (Thread-849) [Consumer clientId=consumer-Consumer-topic-b48de8c0_4201_401d_9283_4006884b91cc-33, groupId=Consumer-topic-b48de8c0_4201_401d_9283_4006884b91cc] Subscribed to topic(s): topic-b48de8c0_4201_401d_9283_4006884b91cc
2025-07-31 17:06:15,149 INFO  [org.apa.kaf.cli.Metadata] (Thread-849) [Consumer clientId=consumer-Consumer-topic-b48de8c0_4201_401d_9283_4006884b91cc-33, groupId=Consumer-topic-b48de8c0_4201_401d_9283_4006884b91cc] Cluster ID: WpqyxNU-RHKB_ermmfvksw
2025-07-31 17:06:15,150 INFO  [org.apa.kaf.cli.con.int.ConsumerCoordinator] (Thread-849) [Consumer clientId=consumer-Consumer-topic-b48de8c0_4201_401d_9283_4006884b91cc-33, groupId=Consumer-topic-b48de8c0_4201_401d_9283_4006884b91cc] Discovered group coordinator localhost:32770 (id: 2147483647 rack: null)
2025-07-31 17:06:15,150 INFO  [org.apa.kaf.cli.con.int.ConsumerCoordinator] (Thread-849) [Consumer clientId=consumer-Consumer-topic-b48de8c0_4201_401d_9283_4006884b91cc-33, groupId=Consumer-topic-b48de8c0_4201_401d_9283_4006884b91cc] (Re-)joining group
2025-07-31 17:06:15,152 INFO  [org.apa.kaf.cli.con.int.ConsumerCoordinator] (Thread-849) [Consumer clientId=consumer-Consumer-topic-b48de8c0_4201_401d_9283_4006884b91cc-33, groupId=Consumer-topic-b48de8c0_4201_401d_9283_4006884b91cc] Request joining group due to: need to re-join with the given member-id: consumer-Consumer-topic-b48de8c0_4201_401d_9283_4006884b91cc-33-e3b1cd50-7e99-4fcc-848a-d8a91a89aebc
2025-07-31 17:06:15,152 INFO  [org.apa.kaf.cli.con.int.ConsumerCoordinator] (Thread-849) [Consumer clientId=consumer-Consumer-topic-b48de8c0_4201_401d_9283_4006884b91cc-33, groupId=Consumer-topic-b48de8c0_4201_401d_9283_4006884b91cc] (Re-)joining group
2025-07-31 17:06:15,154 INFO  [org.apa.kaf.cli.con.int.ConsumerCoordinator] (Thread-849) [Consumer clientId=consumer-Consumer-topic-b48de8c0_4201_401d_9283_4006884b91cc-33, groupId=Consumer-topic-b48de8c0_4201_401d_9283_4006884b91cc] Successfully joined group with generation Generation{generationId=1, memberId='consumer-Consumer-topic-b48de8c0_4201_401d_9283_4006884b91cc-33-e3b1cd50-7e99-4fcc-848a-d8a91a89aebc', protocol='range'}
2025-07-31 17:06:15,154 INFO  [org.apa.kaf.cli.con.int.ConsumerCoordinator] (Thread-849) [Consumer clientId=consumer-Consumer-topic-b48de8c0_4201_401d_9283_4006884b91cc-33, groupId=Consumer-topic-b48de8c0_4201_401d_9283_4006884b91cc] Finished assignment for group at generation 1: {consumer-Consumer-topic-b48de8c0_4201_401d_9283_4006884b91cc-33-e3b1cd50-7e99-4fcc-848a-d8a91a89aebc=Assignment(partitions=[topic-b48de8c0_4201_401d_9283_4006884b91cc-0])}
2025-07-31 17:06:15,156 INFO  [org.apa.kaf.cli.con.int.ConsumerCoordinator] (Thread-849) [Consumer clientId=consumer-Consumer-topic-b48de8c0_4201_401d_9283_4006884b91cc-33, groupId=Consumer-topic-b48de8c0_4201_401d_9283_4006884b91cc] Successfully synced group in generation Generation{generationId=1, memberId='consumer-Consumer-topic-b48de8c0_4201_401d_9283_4006884b91cc-33-e3b1cd50-7e99-4fcc-848a-d8a91a89aebc', protocol='range'}
2025-07-31 17:06:15,156 INFO  [org.apa.kaf.cli.con.int.ConsumerCoordinator] (Thread-849) [Consumer clientId=consumer-Consumer-topic-b48de8c0_4201_401d_9283_4006884b91cc-33, groupId=Consumer-topic-b48de8c0_4201_401d_9283_4006884b91cc] Notifying assignor about the new Assignment(partitions=[topic-b48de8c0_4201_401d_9283_4006884b91cc-0])
2025-07-31 17:06:15,156 INFO  [org.apa.kaf.cli.con.int.ConsumerRebalanceListenerInvoker] (Thread-849) [Consumer clientId=consumer-Consumer-topic-b48de8c0_4201_401d_9283_4006884b91cc-33, groupId=Consumer-topic-b48de8c0_4201_401d_9283_4006884b91cc] Adding newly assigned partitions: topic-b48de8c0_4201_401d_9283_4006884b91cc-0
2025-07-31 17:06:15,157 INFO  [org.apa.kaf.cli.con.int.ConsumerCoordinator] (Thread-849) [Consumer clientId=consumer-Consumer-topic-b48de8c0_4201_401d_9283_4006884b91cc-33, groupId=Consumer-topic-b48de8c0_4201_401d_9283_4006884b91cc] Found no committed offset for partition topic-b48de8c0_4201_401d_9283_4006884b91cc-0
2025-07-31 17:06:15,160 INFO  [org.apa.kaf.cli.con.int.SubscriptionState] (Thread-849) [Consumer clientId=consumer-Consumer-topic-b48de8c0_4201_401d_9283_4006884b91cc-33, groupId=Consumer-topic-b48de8c0_4201_401d_9283_4006884b91cc] Resetting offset for partition topic-b48de8c0_4201_401d_9283_4006884b91cc-0 to position FetchPosition{offset=0, offsetEpoch=Optional.empty, currentLeader=LeaderAndEpoch{leader=Optional[localhost:32770 (id: 0 rack: null)], epoch=0}}.
2025-07-31 17:06:15,202 INFO  [io.api.tes.ser.api.KafkaSerdesTester] (Thread-849) topic-b48de8c0_4201_401d_9283_4006884b91cc 0 0 {"key1": "value-0"}
2025-07-31 17:06:15,202 INFO  [io.api.tes.ser.api.KafkaSerdesTester] (Thread-849) topic-b48de8c0_4201_401d_9283_4006884b91cc 0 1 {"key1": "value-1"}
2025-07-31 17:06:15,202 INFO  [io.api.tes.ser.api.KafkaSerdesTester] (Thread-849) topic-b48de8c0_4201_401d_9283_4006884b91cc 0 2 {"key1": "value-2"}
2025-07-31 17:06:15,202 INFO  [io.api.tes.ser.api.KafkaSerdesTester] (Thread-849) topic-b48de8c0_4201_401d_9283_4006884b91cc 0 3 {"key1": "value-3"}
2025-07-31 17:06:15,202 INFO  [io.api.tes.ser.api.KafkaSerdesTester] (Thread-849) topic-b48de8c0_4201_401d_9283_4006884b91cc 0 4 {"key1": "value-4"}
2025-07-31 17:06:15,202 INFO  [io.api.tes.ser.api.KafkaSerdesTester] (Thread-849) topic-b48de8c0_4201_401d_9283_4006884b91cc 0 5 {"key1": "value-5"}
2025-07-31 17:06:15,202 INFO  [io.api.tes.ser.api.KafkaSerdesTester] (Thread-849) topic-b48de8c0_4201_401d_9283_4006884b91cc 0 6 {"key1": "value-6"}
2025-07-31 17:06:15,202 INFO  [io.api.tes.ser.api.KafkaSerdesTester] (Thread-849) topic-b48de8c0_4201_401d_9283_4006884b91cc 0 7 {"key1": "value-7"}
2025-07-31 17:06:15,202 INFO  [io.api.tes.ser.api.KafkaSerdesTester] (Thread-849) topic-b48de8c0_4201_401d_9283_4006884b91cc 0 8 {"key1": "value-8"}
2025-07-31 17:06:15,202 INFO  [io.api.tes.ser.api.KafkaSerdesTester] (Thread-849) topic-b48de8c0_4201_401d_9283_4006884b91cc 0 9 {"key1": "value-9"}
2025-07-31 17:06:15,202 INFO  [io.api.tes.ser.api.KafkaSerdesTester] (Thread-849) Consumed 10 messages
2025-07-31 17:06:15,204 INFO  [org.apa.kaf.cli.con.int.ConsumerRebalanceListenerInvoker] (Thread-849) [Consumer clientId=consumer-Consumer-topic-b48de8c0_4201_401d_9283_4006884b91cc-33, groupId=Consumer-topic-b48de8c0_4201_401d_9283_4006884b91cc] Revoke previously assigned partitions topic-b48de8c0_4201_401d_9283_4006884b91cc-0
2025-07-31 17:06:15,204 INFO  [org.apa.kaf.cli.con.int.ConsumerCoordinator] (Thread-849) [Consumer clientId=consumer-Consumer-topic-b48de8c0_4201_401d_9283_4006884b91cc-33, groupId=Consumer-topic-b48de8c0_4201_401d_9283_4006884b91cc] Member consumer-Consumer-topic-b48de8c0_4201_401d_9283_4006884b91cc-33-e3b1cd50-7e99-4fcc-848a-d8a91a89aebc sending LeaveGroup request to coordinator localhost:32770 (id: 2147483647 rack: null) due to the consumer is being closed
2025-07-31 17:06:15,204 INFO  [org.apa.kaf.cli.con.int.ConsumerCoordinator] (Thread-849) [Consumer clientId=consumer-Consumer-topic-b48de8c0_4201_401d_9283_4006884b91cc-33, groupId=Consumer-topic-b48de8c0_4201_401d_9283_4006884b91cc] Resetting generation and member id due to: consumer pro-actively leaving the group
2025-07-31 17:06:15,204 INFO  [org.apa.kaf.cli.con.int.ConsumerCoordinator] (Thread-849) [Consumer clientId=consumer-Consumer-topic-b48de8c0_4201_401d_9283_4006884b91cc-33, groupId=Consumer-topic-b48de8c0_4201_401d_9283_4006884b91cc] Request joining group due to: consumer pro-actively leaving the group
2025-07-31 17:06:15,704 INFO  [org.apa.kaf.com.met.Metrics] (Thread-849) Metrics scheduler closed
2025-07-31 17:06:15,704 INFO  [org.apa.kaf.com.met.Metrics] (Thread-849) Closing reporter org.apache.kafka.common.metrics.JmxReporter
2025-07-31 17:06:15,704 INFO  [org.apa.kaf.com.met.Metrics] (Thread-849) Closing reporter org.apache.kafka.common.telemetry.internals.ClientTelemetryReporter
2025-07-31 17:06:15,704 INFO  [org.apa.kaf.com.met.Metrics] (Thread-849) Metrics reporters closed
2025-07-31 17:06:15,706 INFO  [org.apa.kaf.com.uti.AppInfoParser] (Thread-849) App info kafka.consumer for consumer-Consumer-topic-b48de8c0_4201_401d_9283_4006884b91cc-33 unregistered
2025-07-31 17:06:15,733 INFO  [io.api.tes.ser.con.BasicConfluentSerDesIT] (main) Deleting confluent schema myrecordconfluent6
2025-07-31 17:06:15,770 INFO  [io.api.tes.uti.TestSeparator] (main) io.apicurio.tests.serdes.confluent.BasicConfluentSerDesIT.testAvroConfluentForMultipleTopics-FINISHED
2025-07-31 17:06:15,771 INFO  [io.api.tes.uti.TestSeparator] (main) ############################################################################
Test passed: testAvroConfluentForMultipleTopics
]]></system-out>
  </testcase>
  <testcase name="testAvroConfluentApicurio" classname="io.apicurio.tests.serdes.confluent.BasicConfluentSerDesIT" time="0.738">
    <system-out><![CDATA[2025-07-31 17:06:15,772 INFO  [io.api.tes.uti.TestSeparator] (main) ############################################################################
2025-07-31 17:06:15,772 INFO  [io.api.tes.uti.TestSeparator] (main) io.apicurio.tests.serdes.confluent.BasicConfluentSerDesIT.testAvroConfluentApicurio-STARTED
2025-07-31 17:06:15,838 INFO  [io.api.tes.ser.con.BasicConfluentSerDesIT] (main) Checking that created schema is equal to the get schema
2025-07-31 17:06:15,849 INFO  [io.api.tes.ser.con.BasicConfluentSerDesIT] (main) Created schema with id:100 and name:myrecordconfluent1
**** Registry Base URL: http://registry-app-kafkasql.apps.ci419.apicurio-testing.org:80
2025-07-31 17:06:15,850 INFO  [org.apa.kaf.cli.pro.ProducerConfig] (main) ProducerConfig values: 
	acks = -1
	auto.include.jmx.reporter = true
	batch.size = 16384
	bootstrap.servers = [PLAINTEXT://localhost:32770]
	buffer.memory = 33554432
	client.dns.lookup = use_all_dns_ips
	client.id = Producer-topic-e0d386f5_e4be_48e7_a67d_e143e6889713
	compression.gzip.level = -1
	compression.lz4.level = 9
	compression.type = none
	compression.zstd.level = 3
	connections.max.idle.ms = 10000
	delivery.timeout.ms = 120000
	enable.idempotence = true
	enable.metrics.push = true
	interceptor.classes = []
	key.serializer = class org.apache.kafka.common.serialization.StringSerializer
	linger.ms = 0
	max.block.ms = 60000
	max.in.flight.requests.per.connection = 5
	max.request.size = 1048576
	metadata.max.age.ms = 300000
	metadata.max.idle.ms = 300000
	metadata.recovery.strategy = none
	metric.reporters = []
	metrics.num.samples = 2
	metrics.recording.level = INFO
	metrics.sample.window.ms = 30000
	partitioner.adaptive.partitioning.enable = true
	partitioner.availability.timeout.ms = 0
	partitioner.class = null
	partitioner.ignore.keys = false
	receive.buffer.bytes = 32768
	reconnect.backoff.max.ms = 1000
	reconnect.backoff.ms = 50
	request.timeout.ms = 5000
	retries = 2147483647
	retry.backoff.max.ms = 1000
	retry.backoff.ms = 100
	sasl.client.callback.handler.class = null
	sasl.jaas.config = null
	sasl.kerberos.kinit.cmd = /usr/bin/kinit
	sasl.kerberos.min.time.before.relogin = 60000
	sasl.kerberos.service.name = null
	sasl.kerberos.ticket.renew.jitter = 0.05
	sasl.kerberos.ticket.renew.window.factor = 0.8
	sasl.login.callback.handler.class = null
	sasl.login.class = null
	sasl.login.connect.timeout.ms = null
	sasl.login.read.timeout.ms = null
	sasl.login.refresh.buffer.seconds = 300
	sasl.login.refresh.min.period.seconds = 60
	sasl.login.refresh.window.factor = 0.8
	sasl.login.refresh.window.jitter = 0.05
	sasl.login.retry.backoff.max.ms = 10000
	sasl.login.retry.backoff.ms = 100
	sasl.mechanism = GSSAPI
	sasl.oauthbearer.clock.skew.seconds = 30
	sasl.oauthbearer.expected.audience = null
	sasl.oauthbearer.expected.issuer = null
	sasl.oauthbearer.header.urlencode = false
	sasl.oauthbearer.jwks.endpoint.refresh.ms = 3600000
	sasl.oauthbearer.jwks.endpoint.retry.backoff.max.ms = 10000
	sasl.oauthbearer.jwks.endpoint.retry.backoff.ms = 100
	sasl.oauthbearer.jwks.endpoint.url = null
	sasl.oauthbearer.scope.claim.name = scope
	sasl.oauthbearer.sub.claim.name = sub
	sasl.oauthbearer.token.endpoint.url = null
	security.protocol = PLAINTEXT
	security.providers = null
	send.buffer.bytes = 131072
	socket.connection.setup.timeout.max.ms = 30000
	socket.connection.setup.timeout.ms = 10000
	ssl.cipher.suites = null
	ssl.enabled.protocols = [TLSv1.2, TLSv1.3]
	ssl.endpoint.identification.algorithm = https
	ssl.engine.factory.class = null
	ssl.key.password = null
	ssl.keymanager.algorithm = SunX509
	ssl.keystore.certificate.chain = null
	ssl.keystore.key = null
	ssl.keystore.location = null
	ssl.keystore.password = null
	ssl.keystore.type = JKS
	ssl.protocol = TLSv1.3
	ssl.provider = null
	ssl.secure.random.implementation = null
	ssl.trustmanager.algorithm = PKIX
	ssl.truststore.certificates = null
	ssl.truststore.location = null
	ssl.truststore.password = null
	ssl.truststore.type = JKS
	transaction.timeout.ms = 60000
	transactional.id = null
	value.serializer = class io.confluent.kafka.serializers.KafkaAvroSerializer

2025-07-31 17:06:15,850 INFO  [org.apa.kaf.com.tel.int.KafkaMetricsCollector] (main) initializing Kafka metrics collector
2025-07-31 17:06:15,851 INFO  [io.con.kaf.ser.KafkaAvroSerializerConfig] (main) KafkaAvroSerializerConfig values: 
	auto.register.schemas = false
	avro.reflection.allow.null = false
	avro.remove.java.properties = false
	avro.use.logical.type.converters = false
	basic.auth.credentials.source = URL
	basic.auth.user.info = [hidden]
	bearer.auth.cache.expiry.buffer.seconds = 300
	bearer.auth.client.id = null
	bearer.auth.client.secret = null
	bearer.auth.credentials.source = STATIC_TOKEN
	bearer.auth.custom.provider.class = null
	bearer.auth.identity.pool.id = null
	bearer.auth.issuer.endpoint.url = null
	bearer.auth.logical.cluster = null
	bearer.auth.scope = null
	bearer.auth.scope.claim.name = scope
	bearer.auth.sub.claim.name = sub
	bearer.auth.token = [hidden]
	context.name.strategy = class io.confluent.kafka.serializers.context.NullContextNameStrategy
	http.connect.timeout.ms = 60000
	http.read.timeout.ms = 60000
	id.compatibility.strict = true
	key.schema.id.deserializer = class io.confluent.kafka.serializers.schema.id.DualSchemaIdDeserializer
	key.schema.id.serializer = class io.confluent.kafka.serializers.schema.id.PrefixSchemaIdSerializer
	key.subject.name.strategy = class io.confluent.kafka.serializers.subject.TopicNameStrategy
	latest.cache.size = 1000
	latest.cache.ttl.sec = -1
	latest.compatibility.strict = true
	max.retries = 3
	max.schemas.per.subject = 1000
	normalize.schemas = false
	propagate.schema.tags = false
	proxy.host = 
	proxy.port = -1
	retries.max.wait.ms = 20000
	retries.wait.ms = 1000
	rule.actions = []
	rule.executors = []
	rule.service.loader.enable = true
	schema.format = null
	schema.reflection = false
	schema.registry.basic.auth.user.info = [hidden]
	schema.registry.ssl.cipher.suites = null
	schema.registry.ssl.enabled.protocols = [TLSv1.2, TLSv1.3]
	schema.registry.ssl.endpoint.identification.algorithm = https
	schema.registry.ssl.engine.factory.class = null
	schema.registry.ssl.key.password = null
	schema.registry.ssl.keymanager.algorithm = SunX509
	schema.registry.ssl.keystore.certificate.chain = null
	schema.registry.ssl.keystore.key = null
	schema.registry.ssl.keystore.location = null
	schema.registry.ssl.keystore.password = null
	schema.registry.ssl.keystore.type = JKS
	schema.registry.ssl.protocol = TLSv1.3
	schema.registry.ssl.provider = null
	schema.registry.ssl.secure.random.implementation = null
	schema.registry.ssl.trustmanager.algorithm = PKIX
	schema.registry.ssl.truststore.certificates = null
	schema.registry.ssl.truststore.location = null
	schema.registry.ssl.truststore.password = null
	schema.registry.ssl.truststore.type = JKS
	schema.registry.url = [http://registry-app-kafkasql.apps.ci419.apicurio-testing.org:80/apis/ccompat/v7]
	schema.registry.url.randomize = false
	use.latest.version = false
	use.latest.with.metadata = null
	use.schema.id = -1
	value.schema.id.deserializer = class io.confluent.kafka.serializers.schema.id.DualSchemaIdDeserializer
	value.schema.id.serializer = class io.confluent.kafka.serializers.schema.id.PrefixSchemaIdSerializer
	value.subject.name.strategy = class io.confluent.kafka.serializers.subject.TopicNameStrategy

2025-07-31 17:06:15,852 INFO  [org.apa.kaf.cli.pro.KafkaProducer] (main) [Producer clientId=Producer-topic-e0d386f5_e4be_48e7_a67d_e143e6889713] Instantiated an idempotent producer.
2025-07-31 17:06:15,854 INFO  [org.apa.kaf.cli.pro.ProducerConfig] (main) These configurations '[schema.registry.url, auto.register.schemas, value.subject.name.strategy]' were supplied but are not used yet.
2025-07-31 17:06:15,854 INFO  [org.apa.kaf.com.uti.AppInfoParser] (main) Kafka version: 3.9.1
2025-07-31 17:06:15,854 INFO  [org.apa.kaf.com.uti.AppInfoParser] (main) Kafka commitId: f745dfdcee2b9851
2025-07-31 17:06:15,854 INFO  [org.apa.kaf.com.uti.AppInfoParser] (main) Kafka startTimeMs: 1753981575854
2025-07-31 17:06:15,855 INFO  [io.api.tes.ser.api.SimpleSerdesTesterBuilder$SimpleSerdesTester] (main) Using producer configuration: {schema.registry.url=http://registry-app-kafkasql.apps.ci419.apicurio-testing.org:80/apis/ccompat/v7, value.serializer=io.confluent.kafka.serializers.KafkaAvroSerializer, request.timeout.ms=5000, auto.register.schemas=false, acks=all, bootstrap.servers=PLAINTEXT://localhost:32770, connections.max.idle.ms=10000, key.serializer=org.apache.kafka.common.serialization.StringSerializer, value.subject.name.strategy=io.confluent.kafka.serializers.subject.TopicNameStrategy, client.id=Producer-topic-e0d386f5_e4be_48e7_a67d_e143e6889713}
2025-07-31 17:06:15,855 INFO  [io.api.tes.ser.api.SimpleSerdesTesterBuilder$SimpleSerdesTester] (main) Using consumer configuration: {}
2025-07-31 17:06:15,855 INFO  [io.api.tes.ser.api.KafkaSerdesTester] (Thread-850) Sending message {"key1": "value-0"} to topic topic-e0d386f5_e4be_48e7_a67d_e143e6889713
2025-07-31 17:06:15,858 INFO  [org.apa.kaf.cli.Metadata] (kafka-producer-network-thread | Producer-topic-e0d386f5_e4be_48e7_a67d_e143e6889713) [Producer clientId=Producer-topic-e0d386f5_e4be_48e7_a67d_e143e6889713] Cluster ID: WpqyxNU-RHKB_ermmfvksw
2025-07-31 17:06:15,859 INFO  [org.apa.kaf.cli.pro.int.TransactionManager] (kafka-producer-network-thread | Producer-topic-e0d386f5_e4be_48e7_a67d_e143e6889713) [Producer clientId=Producer-topic-e0d386f5_e4be_48e7_a67d_e143e6889713] ProducerId set to 46 with epoch 0
2025-07-31 17:06:15,875 INFO  [io.api.tes.ser.api.KafkaSerdesTester] (Thread-850) Sending message {"key1": "value-1"} to topic topic-e0d386f5_e4be_48e7_a67d_e143e6889713
2025-07-31 17:06:15,877 INFO  [io.api.tes.ser.api.KafkaSerdesTester] (Thread-850) Sending message {"key1": "value-2"} to topic topic-e0d386f5_e4be_48e7_a67d_e143e6889713
2025-07-31 17:06:15,878 INFO  [io.api.tes.ser.api.KafkaSerdesTester] (Thread-850) Sending message {"key1": "value-3"} to topic topic-e0d386f5_e4be_48e7_a67d_e143e6889713
2025-07-31 17:06:15,879 INFO  [io.api.tes.ser.api.KafkaSerdesTester] (Thread-850) Sending message {"key1": "value-4"} to topic topic-e0d386f5_e4be_48e7_a67d_e143e6889713
2025-07-31 17:06:15,880 INFO  [io.api.tes.ser.api.KafkaSerdesTester] (Thread-850) Sending message {"key1": "value-5"} to topic topic-e0d386f5_e4be_48e7_a67d_e143e6889713
2025-07-31 17:06:15,881 INFO  [io.api.tes.ser.api.KafkaSerdesTester] (Thread-850) Sending message {"key1": "value-6"} to topic topic-e0d386f5_e4be_48e7_a67d_e143e6889713
2025-07-31 17:06:15,882 INFO  [io.api.tes.ser.api.KafkaSerdesTester] (Thread-850) Sending message {"key1": "value-7"} to topic topic-e0d386f5_e4be_48e7_a67d_e143e6889713
2025-07-31 17:06:15,883 INFO  [io.api.tes.ser.api.KafkaSerdesTester] (Thread-850) Sending message {"key1": "value-8"} to topic topic-e0d386f5_e4be_48e7_a67d_e143e6889713
2025-07-31 17:06:15,884 INFO  [io.api.tes.ser.api.KafkaSerdesTester] (Thread-850) Sending message {"key1": "value-9"} to topic topic-e0d386f5_e4be_48e7_a67d_e143e6889713
2025-07-31 17:06:15,885 INFO  [io.api.tes.ser.api.KafkaSerdesTester] (Thread-850) Produced 10 messages
2025-07-31 17:06:15,885 INFO  [org.apa.kaf.cli.pro.KafkaProducer] (Thread-850) [Producer clientId=Producer-topic-e0d386f5_e4be_48e7_a67d_e143e6889713] Closing the Kafka producer with timeoutMillis = 9223372036854775807 ms.
2025-07-31 17:06:15,886 INFO  [org.apa.kaf.com.met.Metrics] (Thread-850) Metrics scheduler closed
2025-07-31 17:06:15,886 INFO  [org.apa.kaf.com.met.Metrics] (Thread-850) Closing reporter org.apache.kafka.common.metrics.JmxReporter
2025-07-31 17:06:15,886 INFO  [org.apa.kaf.com.met.Metrics] (Thread-850) Closing reporter org.apache.kafka.common.telemetry.internals.ClientTelemetryReporter
2025-07-31 17:06:15,887 INFO  [org.apa.kaf.com.met.Metrics] (Thread-850) Metrics reporters closed
2025-07-31 17:06:15,887 INFO  [org.apa.kaf.com.uti.AppInfoParser] (Thread-850) App info kafka.producer for Producer-topic-e0d386f5_e4be_48e7_a67d_e143e6889713 unregistered
**** Registry Base URL: http://registry-app-kafkasql.apps.ci419.apicurio-testing.org:80
2025-07-31 17:06:15,887 INFO  [org.apa.kaf.cli.con.ConsumerConfig] (main) ConsumerConfig values: 
	allow.auto.create.topics = true
	auto.commit.interval.ms = 500
	auto.include.jmx.reporter = true
	auto.offset.reset = earliest
	bootstrap.servers = [PLAINTEXT://localhost:32770]
	check.crcs = true
	client.dns.lookup = use_all_dns_ips
	client.id = consumer-Consumer-topic-e0d386f5_e4be_48e7_a67d_e143e6889713-34
	client.rack = 
	connections.max.idle.ms = 10000
	default.api.timeout.ms = 60000
	enable.auto.commit = true
	enable.metrics.push = true
	exclude.internal.topics = true
	fetch.max.bytes = 52428800
	fetch.max.wait.ms = 500
	fetch.min.bytes = 1
	group.id = Consumer-topic-e0d386f5_e4be_48e7_a67d_e143e6889713
	group.instance.id = null
	group.protocol = classic
	group.remote.assignor = null
	heartbeat.interval.ms = 3000
	interceptor.classes = []
	internal.leave.group.on.close = true
	internal.throw.on.fetch.stable.offset.unsupported = false
	isolation.level = read_uncommitted
	key.deserializer = class org.apache.kafka.common.serialization.StringDeserializer
	max.partition.fetch.bytes = 1048576
	max.poll.interval.ms = 300000
	max.poll.records = 500
	metadata.max.age.ms = 300000
	metadata.recovery.strategy = none
	metric.reporters = []
	metrics.num.samples = 2
	metrics.recording.level = INFO
	metrics.sample.window.ms = 30000
	partition.assignment.strategy = [class org.apache.kafka.clients.consumer.RangeAssignor, class org.apache.kafka.clients.consumer.CooperativeStickyAssignor]
	receive.buffer.bytes = 65536
	reconnect.backoff.max.ms = 1000
	reconnect.backoff.ms = 50
	request.timeout.ms = 5000
	retry.backoff.max.ms = 1000
	retry.backoff.ms = 100
	sasl.client.callback.handler.class = null
	sasl.jaas.config = null
	sasl.kerberos.kinit.cmd = /usr/bin/kinit
	sasl.kerberos.min.time.before.relogin = 60000
	sasl.kerberos.service.name = null
	sasl.kerberos.ticket.renew.jitter = 0.05
	sasl.kerberos.ticket.renew.window.factor = 0.8
	sasl.login.callback.handler.class = null
	sasl.login.class = null
	sasl.login.connect.timeout.ms = null
	sasl.login.read.timeout.ms = null
	sasl.login.refresh.buffer.seconds = 300
	sasl.login.refresh.min.period.seconds = 60
	sasl.login.refresh.window.factor = 0.8
	sasl.login.refresh.window.jitter = 0.05
	sasl.login.retry.backoff.max.ms = 10000
	sasl.login.retry.backoff.ms = 100
	sasl.mechanism = GSSAPI
	sasl.oauthbearer.clock.skew.seconds = 30
	sasl.oauthbearer.expected.audience = null
	sasl.oauthbearer.expected.issuer = null
	sasl.oauthbearer.header.urlencode = false
	sasl.oauthbearer.jwks.endpoint.refresh.ms = 3600000
	sasl.oauthbearer.jwks.endpoint.retry.backoff.max.ms = 10000
	sasl.oauthbearer.jwks.endpoint.retry.backoff.ms = 100
	sasl.oauthbearer.jwks.endpoint.url = null
	sasl.oauthbearer.scope.claim.name = scope
	sasl.oauthbearer.sub.claim.name = sub
	sasl.oauthbearer.token.endpoint.url = null
	security.protocol = PLAINTEXT
	security.providers = null
	send.buffer.bytes = 131072
	session.timeout.ms = 45000
	socket.connection.setup.timeout.max.ms = 30000
	socket.connection.setup.timeout.ms = 10000
	ssl.cipher.suites = null
	ssl.enabled.protocols = [TLSv1.2, TLSv1.3]
	ssl.endpoint.identification.algorithm = https
	ssl.engine.factory.class = null
	ssl.key.password = null
	ssl.keymanager.algorithm = SunX509
	ssl.keystore.certificate.chain = null
	ssl.keystore.key = null
	ssl.keystore.location = null
	ssl.keystore.password = null
	ssl.keystore.type = JKS
	ssl.protocol = TLSv1.3
	ssl.provider = null
	ssl.secure.random.implementation = null
	ssl.trustmanager.algorithm = PKIX
	ssl.truststore.certificates = null
	ssl.truststore.location = null
	ssl.truststore.password = null
	ssl.truststore.type = JKS
	value.deserializer = class io.apicurio.registry.serde.avro.AvroKafkaDeserializer

2025-07-31 17:06:15,887 INFO  [org.apa.kaf.com.tel.int.KafkaMetricsCollector] (main) initializing Kafka metrics collector
2025-07-31 17:06:15,891 INFO  [org.apa.kaf.cli.con.ConsumerConfig] (main) These configurations '[apicurio.registry.url]' were supplied but are not used yet.
2025-07-31 17:06:15,891 INFO  [org.apa.kaf.com.uti.AppInfoParser] (main) Kafka version: 3.9.1
2025-07-31 17:06:15,891 INFO  [org.apa.kaf.com.uti.AppInfoParser] (main) Kafka commitId: f745dfdcee2b9851
2025-07-31 17:06:15,891 INFO  [org.apa.kaf.com.uti.AppInfoParser] (main) Kafka startTimeMs: 1753981575891
2025-07-31 17:06:15,891 INFO  [org.apa.kaf.cli.con.int.ClassicKafkaConsumer] (Thread-853) [Consumer clientId=consumer-Consumer-topic-e0d386f5_e4be_48e7_a67d_e143e6889713-34, groupId=Consumer-topic-e0d386f5_e4be_48e7_a67d_e143e6889713] Subscribed to topic(s): topic-e0d386f5_e4be_48e7_a67d_e143e6889713
2025-07-31 17:06:15,894 INFO  [org.apa.kaf.cli.Metadata] (Thread-853) [Consumer clientId=consumer-Consumer-topic-e0d386f5_e4be_48e7_a67d_e143e6889713-34, groupId=Consumer-topic-e0d386f5_e4be_48e7_a67d_e143e6889713] Cluster ID: WpqyxNU-RHKB_ermmfvksw
2025-07-31 17:06:15,894 INFO  [org.apa.kaf.cli.con.int.ConsumerCoordinator] (Thread-853) [Consumer clientId=consumer-Consumer-topic-e0d386f5_e4be_48e7_a67d_e143e6889713-34, groupId=Consumer-topic-e0d386f5_e4be_48e7_a67d_e143e6889713] Discovered group coordinator localhost:32770 (id: 2147483647 rack: null)
2025-07-31 17:06:15,895 INFO  [org.apa.kaf.cli.con.int.ConsumerCoordinator] (Thread-853) [Consumer clientId=consumer-Consumer-topic-e0d386f5_e4be_48e7_a67d_e143e6889713-34, groupId=Consumer-topic-e0d386f5_e4be_48e7_a67d_e143e6889713] (Re-)joining group
2025-07-31 17:06:15,897 INFO  [org.apa.kaf.cli.con.int.ConsumerCoordinator] (Thread-853) [Consumer clientId=consumer-Consumer-topic-e0d386f5_e4be_48e7_a67d_e143e6889713-34, groupId=Consumer-topic-e0d386f5_e4be_48e7_a67d_e143e6889713] Request joining group due to: need to re-join with the given member-id: consumer-Consumer-topic-e0d386f5_e4be_48e7_a67d_e143e6889713-34-afa5b8a3-189e-4221-b35e-2d09b7a75c27
2025-07-31 17:06:15,898 INFO  [org.apa.kaf.cli.con.int.ConsumerCoordinator] (Thread-853) [Consumer clientId=consumer-Consumer-topic-e0d386f5_e4be_48e7_a67d_e143e6889713-34, groupId=Consumer-topic-e0d386f5_e4be_48e7_a67d_e143e6889713] (Re-)joining group
2025-07-31 17:06:15,900 INFO  [org.apa.kaf.cli.con.int.ConsumerCoordinator] (Thread-853) [Consumer clientId=consumer-Consumer-topic-e0d386f5_e4be_48e7_a67d_e143e6889713-34, groupId=Consumer-topic-e0d386f5_e4be_48e7_a67d_e143e6889713] Successfully joined group with generation Generation{generationId=1, memberId='consumer-Consumer-topic-e0d386f5_e4be_48e7_a67d_e143e6889713-34-afa5b8a3-189e-4221-b35e-2d09b7a75c27', protocol='range'}
2025-07-31 17:06:15,900 INFO  [org.apa.kaf.cli.con.int.ConsumerCoordinator] (Thread-853) [Consumer clientId=consumer-Consumer-topic-e0d386f5_e4be_48e7_a67d_e143e6889713-34, groupId=Consumer-topic-e0d386f5_e4be_48e7_a67d_e143e6889713] Finished assignment for group at generation 1: {consumer-Consumer-topic-e0d386f5_e4be_48e7_a67d_e143e6889713-34-afa5b8a3-189e-4221-b35e-2d09b7a75c27=Assignment(partitions=[topic-e0d386f5_e4be_48e7_a67d_e143e6889713-0])}
2025-07-31 17:06:15,902 INFO  [org.apa.kaf.cli.con.int.ConsumerCoordinator] (Thread-853) [Consumer clientId=consumer-Consumer-topic-e0d386f5_e4be_48e7_a67d_e143e6889713-34, groupId=Consumer-topic-e0d386f5_e4be_48e7_a67d_e143e6889713] Successfully synced group in generation Generation{generationId=1, memberId='consumer-Consumer-topic-e0d386f5_e4be_48e7_a67d_e143e6889713-34-afa5b8a3-189e-4221-b35e-2d09b7a75c27', protocol='range'}
2025-07-31 17:06:15,902 INFO  [org.apa.kaf.cli.con.int.ConsumerCoordinator] (Thread-853) [Consumer clientId=consumer-Consumer-topic-e0d386f5_e4be_48e7_a67d_e143e6889713-34, groupId=Consumer-topic-e0d386f5_e4be_48e7_a67d_e143e6889713] Notifying assignor about the new Assignment(partitions=[topic-e0d386f5_e4be_48e7_a67d_e143e6889713-0])
2025-07-31 17:06:15,902 INFO  [org.apa.kaf.cli.con.int.ConsumerRebalanceListenerInvoker] (Thread-853) [Consumer clientId=consumer-Consumer-topic-e0d386f5_e4be_48e7_a67d_e143e6889713-34, groupId=Consumer-topic-e0d386f5_e4be_48e7_a67d_e143e6889713] Adding newly assigned partitions: topic-e0d386f5_e4be_48e7_a67d_e143e6889713-0
2025-07-31 17:06:15,903 INFO  [org.apa.kaf.cli.con.int.ConsumerCoordinator] (Thread-853) [Consumer clientId=consumer-Consumer-topic-e0d386f5_e4be_48e7_a67d_e143e6889713-34, groupId=Consumer-topic-e0d386f5_e4be_48e7_a67d_e143e6889713] Found no committed offset for partition topic-e0d386f5_e4be_48e7_a67d_e143e6889713-0
2025-07-31 17:06:15,905 INFO  [org.apa.kaf.cli.con.int.SubscriptionState] (Thread-853) [Consumer clientId=consumer-Consumer-topic-e0d386f5_e4be_48e7_a67d_e143e6889713-34, groupId=Consumer-topic-e0d386f5_e4be_48e7_a67d_e143e6889713] Resetting offset for partition topic-e0d386f5_e4be_48e7_a67d_e143e6889713-0 to position FetchPosition{offset=0, offsetEpoch=Optional.empty, currentLeader=LeaderAndEpoch{leader=Optional[localhost:32770 (id: 0 rack: null)], epoch=0}}.
2025-07-31 17:06:15,941 INFO  [io.api.tes.ser.api.KafkaSerdesTester] (Thread-853) topic-e0d386f5_e4be_48e7_a67d_e143e6889713 0 0 {"key1": "value-0"}
2025-07-31 17:06:15,941 INFO  [io.api.tes.ser.api.KafkaSerdesTester] (Thread-853) topic-e0d386f5_e4be_48e7_a67d_e143e6889713 0 1 {"key1": "value-1"}
2025-07-31 17:06:15,941 INFO  [io.api.tes.ser.api.KafkaSerdesTester] (Thread-853) topic-e0d386f5_e4be_48e7_a67d_e143e6889713 0 2 {"key1": "value-2"}
2025-07-31 17:06:15,941 INFO  [io.api.tes.ser.api.KafkaSerdesTester] (Thread-853) topic-e0d386f5_e4be_48e7_a67d_e143e6889713 0 3 {"key1": "value-3"}
2025-07-31 17:06:15,941 INFO  [io.api.tes.ser.api.KafkaSerdesTester] (Thread-853) topic-e0d386f5_e4be_48e7_a67d_e143e6889713 0 4 {"key1": "value-4"}
2025-07-31 17:06:15,941 INFO  [io.api.tes.ser.api.KafkaSerdesTester] (Thread-853) topic-e0d386f5_e4be_48e7_a67d_e143e6889713 0 5 {"key1": "value-5"}
2025-07-31 17:06:15,941 INFO  [io.api.tes.ser.api.KafkaSerdesTester] (Thread-853) topic-e0d386f5_e4be_48e7_a67d_e143e6889713 0 6 {"key1": "value-6"}
2025-07-31 17:06:15,941 INFO  [io.api.tes.ser.api.KafkaSerdesTester] (Thread-853) topic-e0d386f5_e4be_48e7_a67d_e143e6889713 0 7 {"key1": "value-7"}
2025-07-31 17:06:15,941 INFO  [io.api.tes.ser.api.KafkaSerdesTester] (Thread-853) topic-e0d386f5_e4be_48e7_a67d_e143e6889713 0 8 {"key1": "value-8"}
2025-07-31 17:06:15,941 INFO  [io.api.tes.ser.api.KafkaSerdesTester] (Thread-853) topic-e0d386f5_e4be_48e7_a67d_e143e6889713 0 9 {"key1": "value-9"}
2025-07-31 17:06:15,941 INFO  [io.api.tes.ser.api.KafkaSerdesTester] (Thread-853) Consumed 10 messages
2025-07-31 17:06:15,943 INFO  [org.apa.kaf.cli.con.int.ConsumerRebalanceListenerInvoker] (Thread-853) [Consumer clientId=consumer-Consumer-topic-e0d386f5_e4be_48e7_a67d_e143e6889713-34, groupId=Consumer-topic-e0d386f5_e4be_48e7_a67d_e143e6889713] Revoke previously assigned partitions topic-e0d386f5_e4be_48e7_a67d_e143e6889713-0
2025-07-31 17:06:15,943 INFO  [org.apa.kaf.cli.con.int.ConsumerCoordinator] (Thread-853) [Consumer clientId=consumer-Consumer-topic-e0d386f5_e4be_48e7_a67d_e143e6889713-34, groupId=Consumer-topic-e0d386f5_e4be_48e7_a67d_e143e6889713] Member consumer-Consumer-topic-e0d386f5_e4be_48e7_a67d_e143e6889713-34-afa5b8a3-189e-4221-b35e-2d09b7a75c27 sending LeaveGroup request to coordinator localhost:32770 (id: 2147483647 rack: null) due to the consumer is being closed
2025-07-31 17:06:15,943 INFO  [org.apa.kaf.cli.con.int.ConsumerCoordinator] (Thread-853) [Consumer clientId=consumer-Consumer-topic-e0d386f5_e4be_48e7_a67d_e143e6889713-34, groupId=Consumer-topic-e0d386f5_e4be_48e7_a67d_e143e6889713] Resetting generation and member id due to: consumer pro-actively leaving the group
2025-07-31 17:06:15,943 INFO  [org.apa.kaf.cli.con.int.ConsumerCoordinator] (Thread-853) [Consumer clientId=consumer-Consumer-topic-e0d386f5_e4be_48e7_a67d_e143e6889713-34, groupId=Consumer-topic-e0d386f5_e4be_48e7_a67d_e143e6889713] Request joining group due to: consumer pro-actively leaving the group
2025-07-31 17:06:16,444 INFO  [org.apa.kaf.com.met.Metrics] (Thread-853) Metrics scheduler closed
2025-07-31 17:06:16,444 INFO  [org.apa.kaf.com.met.Metrics] (Thread-853) Closing reporter org.apache.kafka.common.metrics.JmxReporter
2025-07-31 17:06:16,444 INFO  [org.apa.kaf.com.met.Metrics] (Thread-853) Closing reporter org.apache.kafka.common.telemetry.internals.ClientTelemetryReporter
2025-07-31 17:06:16,444 INFO  [org.apa.kaf.com.met.Metrics] (Thread-853) Metrics reporters closed
2025-07-31 17:06:16,446 INFO  [org.apa.kaf.com.uti.AppInfoParser] (Thread-853) App info kafka.consumer for consumer-Consumer-topic-e0d386f5_e4be_48e7_a67d_e143e6889713-34 unregistered
2025-07-31 17:06:16,470 INFO  [io.api.tes.ser.con.BasicConfluentSerDesIT] (main) Deleting confluent schema topic-e0d386f5_e4be_48e7_a67d_e143e6889713-value
2025-07-31 17:06:16,509 INFO  [io.api.tes.uti.TestSeparator] (main) io.apicurio.tests.serdes.confluent.BasicConfluentSerDesIT.testAvroConfluentApicurio-FINISHED
2025-07-31 17:06:16,509 INFO  [io.api.tes.uti.TestSeparator] (main) ############################################################################
Test passed: testAvroConfluentApicurio
]]></system-out>
  </testcase>
  <testcase name="testAvroConfluentSerDesWrongStrategyTopic" classname="io.apicurio.tests.serdes.confluent.BasicConfluentSerDesIT" time="0.202">
    <system-out><![CDATA[2025-07-31 17:06:16,510 INFO  [io.api.tes.uti.TestSeparator] (main) ############################################################################
2025-07-31 17:06:16,510 INFO  [io.api.tes.uti.TestSeparator] (main) io.apicurio.tests.serdes.confluent.BasicConfluentSerDesIT.testAvroConfluentSerDesWrongStrategyTopic-STARTED
2025-07-31 17:06:16,592 INFO  [io.api.tes.ser.con.BasicConfluentSerDesIT] (main) Checking that created schema is equal to the get schema
2025-07-31 17:06:16,611 INFO  [io.api.tes.ser.con.BasicConfluentSerDesIT] (main) Created schema with id:101 and name:myrecordconfluent3
**** Registry Base URL: http://registry-app-kafkasql.apps.ci419.apicurio-testing.org:80
2025-07-31 17:06:16,612 INFO  [org.apa.kaf.cli.pro.ProducerConfig] (main) ProducerConfig values: 
	acks = -1
	auto.include.jmx.reporter = true
	batch.size = 16384
	bootstrap.servers = [PLAINTEXT://localhost:32770]
	buffer.memory = 33554432
	client.dns.lookup = use_all_dns_ips
	client.id = Producer-topic-538839e0_5849_48af_b57d_6a1999d8f9cc
	compression.gzip.level = -1
	compression.lz4.level = 9
	compression.type = none
	compression.zstd.level = 3
	connections.max.idle.ms = 10000
	delivery.timeout.ms = 120000
	enable.idempotence = true
	enable.metrics.push = true
	interceptor.classes = []
	key.serializer = class org.apache.kafka.common.serialization.StringSerializer
	linger.ms = 0
	max.block.ms = 60000
	max.in.flight.requests.per.connection = 5
	max.request.size = 1048576
	metadata.max.age.ms = 300000
	metadata.max.idle.ms = 300000
	metadata.recovery.strategy = none
	metric.reporters = []
	metrics.num.samples = 2
	metrics.recording.level = INFO
	metrics.sample.window.ms = 30000
	partitioner.adaptive.partitioning.enable = true
	partitioner.availability.timeout.ms = 0
	partitioner.class = null
	partitioner.ignore.keys = false
	receive.buffer.bytes = 32768
	reconnect.backoff.max.ms = 1000
	reconnect.backoff.ms = 50
	request.timeout.ms = 5000
	retries = 2147483647
	retry.backoff.max.ms = 1000
	retry.backoff.ms = 100
	sasl.client.callback.handler.class = null
	sasl.jaas.config = null
	sasl.kerberos.kinit.cmd = /usr/bin/kinit
	sasl.kerberos.min.time.before.relogin = 60000
	sasl.kerberos.service.name = null
	sasl.kerberos.ticket.renew.jitter = 0.05
	sasl.kerberos.ticket.renew.window.factor = 0.8
	sasl.login.callback.handler.class = null
	sasl.login.class = null
	sasl.login.connect.timeout.ms = null
	sasl.login.read.timeout.ms = null
	sasl.login.refresh.buffer.seconds = 300
	sasl.login.refresh.min.period.seconds = 60
	sasl.login.refresh.window.factor = 0.8
	sasl.login.refresh.window.jitter = 0.05
	sasl.login.retry.backoff.max.ms = 10000
	sasl.login.retry.backoff.ms = 100
	sasl.mechanism = GSSAPI
	sasl.oauthbearer.clock.skew.seconds = 30
	sasl.oauthbearer.expected.audience = null
	sasl.oauthbearer.expected.issuer = null
	sasl.oauthbearer.header.urlencode = false
	sasl.oauthbearer.jwks.endpoint.refresh.ms = 3600000
	sasl.oauthbearer.jwks.endpoint.retry.backoff.max.ms = 10000
	sasl.oauthbearer.jwks.endpoint.retry.backoff.ms = 100
	sasl.oauthbearer.jwks.endpoint.url = null
	sasl.oauthbearer.scope.claim.name = scope
	sasl.oauthbearer.sub.claim.name = sub
	sasl.oauthbearer.token.endpoint.url = null
	security.protocol = PLAINTEXT
	security.providers = null
	send.buffer.bytes = 131072
	socket.connection.setup.timeout.max.ms = 30000
	socket.connection.setup.timeout.ms = 10000
	ssl.cipher.suites = null
	ssl.enabled.protocols = [TLSv1.2, TLSv1.3]
	ssl.endpoint.identification.algorithm = https
	ssl.engine.factory.class = null
	ssl.key.password = null
	ssl.keymanager.algorithm = SunX509
	ssl.keystore.certificate.chain = null
	ssl.keystore.key = null
	ssl.keystore.location = null
	ssl.keystore.password = null
	ssl.keystore.type = JKS
	ssl.protocol = TLSv1.3
	ssl.provider = null
	ssl.secure.random.implementation = null
	ssl.trustmanager.algorithm = PKIX
	ssl.truststore.certificates = null
	ssl.truststore.location = null
	ssl.truststore.password = null
	ssl.truststore.type = JKS
	transaction.timeout.ms = 60000
	transactional.id = null
	value.serializer = class io.confluent.kafka.serializers.KafkaAvroSerializer

2025-07-31 17:06:16,612 INFO  [org.apa.kaf.com.tel.int.KafkaMetricsCollector] (main) initializing Kafka metrics collector
2025-07-31 17:06:16,613 INFO  [io.con.kaf.ser.KafkaAvroSerializerConfig] (main) KafkaAvroSerializerConfig values: 
	auto.register.schemas = false
	avro.reflection.allow.null = false
	avro.remove.java.properties = false
	avro.use.logical.type.converters = false
	basic.auth.credentials.source = URL
	basic.auth.user.info = [hidden]
	bearer.auth.cache.expiry.buffer.seconds = 300
	bearer.auth.client.id = null
	bearer.auth.client.secret = null
	bearer.auth.credentials.source = STATIC_TOKEN
	bearer.auth.custom.provider.class = null
	bearer.auth.identity.pool.id = null
	bearer.auth.issuer.endpoint.url = null
	bearer.auth.logical.cluster = null
	bearer.auth.scope = null
	bearer.auth.scope.claim.name = scope
	bearer.auth.sub.claim.name = sub
	bearer.auth.token = [hidden]
	context.name.strategy = class io.confluent.kafka.serializers.context.NullContextNameStrategy
	http.connect.timeout.ms = 60000
	http.read.timeout.ms = 60000
	id.compatibility.strict = true
	key.schema.id.deserializer = class io.confluent.kafka.serializers.schema.id.DualSchemaIdDeserializer
	key.schema.id.serializer = class io.confluent.kafka.serializers.schema.id.PrefixSchemaIdSerializer
	key.subject.name.strategy = class io.confluent.kafka.serializers.subject.TopicNameStrategy
	latest.cache.size = 1000
	latest.cache.ttl.sec = -1
	latest.compatibility.strict = true
	max.retries = 3
	max.schemas.per.subject = 1000
	normalize.schemas = false
	propagate.schema.tags = false
	proxy.host = 
	proxy.port = -1
	retries.max.wait.ms = 20000
	retries.wait.ms = 1000
	rule.actions = []
	rule.executors = []
	rule.service.loader.enable = true
	schema.format = null
	schema.reflection = false
	schema.registry.basic.auth.user.info = [hidden]
	schema.registry.ssl.cipher.suites = null
	schema.registry.ssl.enabled.protocols = [TLSv1.2, TLSv1.3]
	schema.registry.ssl.endpoint.identification.algorithm = https
	schema.registry.ssl.engine.factory.class = null
	schema.registry.ssl.key.password = null
	schema.registry.ssl.keymanager.algorithm = SunX509
	schema.registry.ssl.keystore.certificate.chain = null
	schema.registry.ssl.keystore.key = null
	schema.registry.ssl.keystore.location = null
	schema.registry.ssl.keystore.password = null
	schema.registry.ssl.keystore.type = JKS
	schema.registry.ssl.protocol = TLSv1.3
	schema.registry.ssl.provider = null
	schema.registry.ssl.secure.random.implementation = null
	schema.registry.ssl.trustmanager.algorithm = PKIX
	schema.registry.ssl.truststore.certificates = null
	schema.registry.ssl.truststore.location = null
	schema.registry.ssl.truststore.password = null
	schema.registry.ssl.truststore.type = JKS
	schema.registry.url = [http://registry-app-kafkasql.apps.ci419.apicurio-testing.org:80/apis/ccompat/v7]
	schema.registry.url.randomize = false
	use.latest.version = false
	use.latest.with.metadata = null
	use.schema.id = -1
	value.schema.id.deserializer = class io.confluent.kafka.serializers.schema.id.DualSchemaIdDeserializer
	value.schema.id.serializer = class io.confluent.kafka.serializers.schema.id.PrefixSchemaIdSerializer
	value.subject.name.strategy = class io.confluent.kafka.serializers.subject.TopicNameStrategy

2025-07-31 17:06:16,614 INFO  [org.apa.kaf.cli.pro.KafkaProducer] (main) [Producer clientId=Producer-topic-538839e0_5849_48af_b57d_6a1999d8f9cc] Instantiated an idempotent producer.
2025-07-31 17:06:16,618 INFO  [org.apa.kaf.cli.pro.ProducerConfig] (main) These configurations '[schema.registry.url, auto.register.schemas, value.subject.name.strategy]' were supplied but are not used yet.
2025-07-31 17:06:16,618 INFO  [org.apa.kaf.com.uti.AppInfoParser] (main) Kafka version: 3.9.1
2025-07-31 17:06:16,618 INFO  [org.apa.kaf.com.uti.AppInfoParser] (main) Kafka commitId: f745dfdcee2b9851
2025-07-31 17:06:16,618 INFO  [org.apa.kaf.com.uti.AppInfoParser] (main) Kafka startTimeMs: 1753981576618
2025-07-31 17:06:16,620 INFO  [io.api.tes.ser.api.KafkaSerdesTester] (Thread-854) Sending message {"key1": "value-0"} to topic topic-538839e0_5849_48af_b57d_6a1999d8f9cc
2025-07-31 17:06:16,621 INFO  [org.apa.kaf.cli.Metadata] (kafka-producer-network-thread | Producer-topic-538839e0_5849_48af_b57d_6a1999d8f9cc) [Producer clientId=Producer-topic-538839e0_5849_48af_b57d_6a1999d8f9cc] Cluster ID: WpqyxNU-RHKB_ermmfvksw
2025-07-31 17:06:16,621 INFO  [org.apa.kaf.cli.pro.int.TransactionManager] (kafka-producer-network-thread | Producer-topic-538839e0_5849_48af_b57d_6a1999d8f9cc) [Producer clientId=Producer-topic-538839e0_5849_48af_b57d_6a1999d8f9cc] ProducerId set to 47 with epoch 0
2025-07-31 17:06:16,645 INFO  [org.apa.kaf.cli.pro.KafkaProducer] (Thread-854) [Producer clientId=Producer-topic-538839e0_5849_48af_b57d_6a1999d8f9cc] Closing the Kafka producer with timeoutMillis = 9223372036854775807 ms.
2025-07-31 17:06:16,646 INFO  [org.apa.kaf.com.met.Metrics] (Thread-854) Metrics scheduler closed
2025-07-31 17:06:16,646 INFO  [org.apa.kaf.com.met.Metrics] (Thread-854) Closing reporter org.apache.kafka.common.metrics.JmxReporter
2025-07-31 17:06:16,646 INFO  [org.apa.kaf.com.met.Metrics] (Thread-854) Closing reporter org.apache.kafka.common.telemetry.internals.ClientTelemetryReporter
2025-07-31 17:06:16,646 INFO  [org.apa.kaf.com.met.Metrics] (Thread-854) Metrics reporters closed
2025-07-31 17:06:16,646 INFO  [org.apa.kaf.com.uti.AppInfoParser] (Thread-854) App info kafka.producer for Producer-topic-538839e0_5849_48af_b57d_6a1999d8f9cc unregistered
2025-07-31 17:06:16,670 INFO  [io.api.tes.ser.con.BasicConfluentSerDesIT] (main) Deleting confluent schema myrecordconfluent3
2025-07-31 17:06:16,711 INFO  [io.api.tes.uti.TestSeparator] (main) io.apicurio.tests.serdes.confluent.BasicConfluentSerDesIT.testAvroConfluentSerDesWrongStrategyTopic-FINISHED
2025-07-31 17:06:16,711 INFO  [io.api.tes.uti.TestSeparator] (main) ############################################################################
Test passed: testAvroConfluentSerDesWrongStrategyTopic
]]></system-out>
  </testcase>
  <testcase name="testAvroApicurioConfluent" classname="io.apicurio.tests.serdes.confluent.BasicConfluentSerDesIT" time="1.769">
    <system-out><![CDATA[2025-07-31 17:06:16,712 INFO  [io.api.tes.uti.TestSeparator] (main) ############################################################################
2025-07-31 17:06:16,712 INFO  [io.api.tes.uti.TestSeparator] (main) io.apicurio.tests.serdes.confluent.BasicConfluentSerDesIT.testAvroApicurioConfluent-STARTED
**** Registry Base URL: http://registry-app-kafkasql.apps.ci419.apicurio-testing.org:80
2025-07-31 17:06:17,785 INFO  [org.apa.kaf.cli.pro.ProducerConfig] (main) ProducerConfig values: 
	acks = -1
	auto.include.jmx.reporter = true
	batch.size = 16384
	bootstrap.servers = [PLAINTEXT://localhost:32770]
	buffer.memory = 33554432
	client.dns.lookup = use_all_dns_ips
	client.id = Producer-topic-31be1d25_4eab_4d15_be37_6e00865af0cc
	compression.gzip.level = -1
	compression.lz4.level = 9
	compression.type = none
	compression.zstd.level = 3
	connections.max.idle.ms = 10000
	delivery.timeout.ms = 120000
	enable.idempotence = true
	enable.metrics.push = true
	interceptor.classes = []
	key.serializer = class org.apache.kafka.common.serialization.StringSerializer
	linger.ms = 0
	max.block.ms = 60000
	max.in.flight.requests.per.connection = 5
	max.request.size = 1048576
	metadata.max.age.ms = 300000
	metadata.max.idle.ms = 300000
	metadata.recovery.strategy = none
	metric.reporters = []
	metrics.num.samples = 2
	metrics.recording.level = INFO
	metrics.sample.window.ms = 30000
	partitioner.adaptive.partitioning.enable = true
	partitioner.availability.timeout.ms = 0
	partitioner.class = null
	partitioner.ignore.keys = false
	receive.buffer.bytes = 32768
	reconnect.backoff.max.ms = 1000
	reconnect.backoff.ms = 50
	request.timeout.ms = 5000
	retries = 2147483647
	retry.backoff.max.ms = 1000
	retry.backoff.ms = 100
	sasl.client.callback.handler.class = null
	sasl.jaas.config = null
	sasl.kerberos.kinit.cmd = /usr/bin/kinit
	sasl.kerberos.min.time.before.relogin = 60000
	sasl.kerberos.service.name = null
	sasl.kerberos.ticket.renew.jitter = 0.05
	sasl.kerberos.ticket.renew.window.factor = 0.8
	sasl.login.callback.handler.class = null
	sasl.login.class = null
	sasl.login.connect.timeout.ms = null
	sasl.login.read.timeout.ms = null
	sasl.login.refresh.buffer.seconds = 300
	sasl.login.refresh.min.period.seconds = 60
	sasl.login.refresh.window.factor = 0.8
	sasl.login.refresh.window.jitter = 0.05
	sasl.login.retry.backoff.max.ms = 10000
	sasl.login.retry.backoff.ms = 100
	sasl.mechanism = GSSAPI
	sasl.oauthbearer.clock.skew.seconds = 30
	sasl.oauthbearer.expected.audience = null
	sasl.oauthbearer.expected.issuer = null
	sasl.oauthbearer.header.urlencode = false
	sasl.oauthbearer.jwks.endpoint.refresh.ms = 3600000
	sasl.oauthbearer.jwks.endpoint.retry.backoff.max.ms = 10000
	sasl.oauthbearer.jwks.endpoint.retry.backoff.ms = 100
	sasl.oauthbearer.jwks.endpoint.url = null
	sasl.oauthbearer.scope.claim.name = scope
	sasl.oauthbearer.sub.claim.name = sub
	sasl.oauthbearer.token.endpoint.url = null
	security.protocol = PLAINTEXT
	security.providers = null
	send.buffer.bytes = 131072
	socket.connection.setup.timeout.max.ms = 30000
	socket.connection.setup.timeout.ms = 10000
	ssl.cipher.suites = null
	ssl.enabled.protocols = [TLSv1.2, TLSv1.3]
	ssl.endpoint.identification.algorithm = https
	ssl.engine.factory.class = null
	ssl.key.password = null
	ssl.keymanager.algorithm = SunX509
	ssl.keystore.certificate.chain = null
	ssl.keystore.key = null
	ssl.keystore.location = null
	ssl.keystore.password = null
	ssl.keystore.type = JKS
	ssl.protocol = TLSv1.3
	ssl.provider = null
	ssl.secure.random.implementation = null
	ssl.trustmanager.algorithm = PKIX
	ssl.truststore.certificates = null
	ssl.truststore.location = null
	ssl.truststore.password = null
	ssl.truststore.type = JKS
	transaction.timeout.ms = 60000
	transactional.id = null
	value.serializer = class io.apicurio.registry.serde.avro.AvroKafkaSerializer

2025-07-31 17:06:17,785 INFO  [org.apa.kaf.com.tel.int.KafkaMetricsCollector] (main) initializing Kafka metrics collector
2025-07-31 17:06:17,789 INFO  [org.apa.kaf.cli.pro.KafkaProducer] (main) [Producer clientId=Producer-topic-31be1d25_4eab_4d15_be37_6e00865af0cc] Instantiated an idempotent producer.
2025-07-31 17:06:17,791 INFO  [org.apa.kaf.cli.pro.ProducerConfig] (main) These configurations '[apicurio.registry.url, apicurio.registry.artifact-resolver-strategy]' were supplied but are not used yet.
2025-07-31 17:06:17,791 INFO  [org.apa.kaf.com.uti.AppInfoParser] (main) Kafka version: 3.9.1
2025-07-31 17:06:17,791 INFO  [org.apa.kaf.com.uti.AppInfoParser] (main) Kafka commitId: f745dfdcee2b9851
2025-07-31 17:06:17,791 INFO  [org.apa.kaf.com.uti.AppInfoParser] (main) Kafka startTimeMs: 1753981577791
2025-07-31 17:06:17,791 INFO  [io.api.tes.ser.api.SimpleSerdesTesterBuilder$SimpleSerdesTester] (main) Using producer configuration: {apicurio.registry.url=http://registry-app-kafkasql.apps.ci419.apicurio-testing.org:80/apis/registry/v3, apicurio.registry.artifact-resolver-strategy=io.apicurio.registry.serde.strategy.TopicIdStrategy, value.serializer=io.apicurio.registry.serde.avro.AvroKafkaSerializer, request.timeout.ms=5000, acks=all, bootstrap.servers=PLAINTEXT://localhost:32770, connections.max.idle.ms=10000, key.serializer=org.apache.kafka.common.serialization.StringSerializer, client.id=Producer-topic-31be1d25_4eab_4d15_be37_6e00865af0cc}
2025-07-31 17:06:17,791 INFO  [io.api.tes.ser.api.SimpleSerdesTesterBuilder$SimpleSerdesTester] (main) Using consumer configuration: {}
2025-07-31 17:06:17,791 INFO  [io.api.tes.ser.api.KafkaSerdesTester] (Thread-857) Sending message {"key1": "value-0"} to topic topic-31be1d25_4eab_4d15_be37_6e00865af0cc
2025-07-31 17:06:17,796 INFO  [org.apa.kaf.cli.Metadata] (kafka-producer-network-thread | Producer-topic-31be1d25_4eab_4d15_be37_6e00865af0cc) [Producer clientId=Producer-topic-31be1d25_4eab_4d15_be37_6e00865af0cc] Cluster ID: WpqyxNU-RHKB_ermmfvksw
2025-07-31 17:06:17,797 INFO  [org.apa.kaf.cli.pro.int.TransactionManager] (kafka-producer-network-thread | Producer-topic-31be1d25_4eab_4d15_be37_6e00865af0cc) [Producer clientId=Producer-topic-31be1d25_4eab_4d15_be37_6e00865af0cc] ProducerId set to 48 with epoch 0
2025-07-31 17:06:17,798 INFO  [DefaultSchemaResolver] (Thread-857) Retrieving schema content using string: {"type":"record","name":"myrecordconfluent1","fields":[{"name":"key1","type":"string"}]}
2025-07-31 17:06:17,831 INFO  [io.api.tes.ser.api.KafkaSerdesTester] (Thread-857) Sending message {"key1": "value-1"} to topic topic-31be1d25_4eab_4d15_be37_6e00865af0cc
2025-07-31 17:06:17,833 INFO  [io.api.tes.ser.api.KafkaSerdesTester] (Thread-857) Sending message {"key1": "value-2"} to topic topic-31be1d25_4eab_4d15_be37_6e00865af0cc
2025-07-31 17:06:17,834 INFO  [io.api.tes.ser.api.KafkaSerdesTester] (Thread-857) Sending message {"key1": "value-3"} to topic topic-31be1d25_4eab_4d15_be37_6e00865af0cc
2025-07-31 17:06:17,835 INFO  [io.api.tes.ser.api.KafkaSerdesTester] (Thread-857) Sending message {"key1": "value-4"} to topic topic-31be1d25_4eab_4d15_be37_6e00865af0cc
2025-07-31 17:06:17,836 INFO  [io.api.tes.ser.api.KafkaSerdesTester] (Thread-857) Sending message {"key1": "value-5"} to topic topic-31be1d25_4eab_4d15_be37_6e00865af0cc
2025-07-31 17:06:17,838 INFO  [io.api.tes.ser.api.KafkaSerdesTester] (Thread-857) Sending message {"key1": "value-6"} to topic topic-31be1d25_4eab_4d15_be37_6e00865af0cc
2025-07-31 17:06:17,841 INFO  [io.api.tes.ser.api.KafkaSerdesTester] (Thread-857) Sending message {"key1": "value-7"} to topic topic-31be1d25_4eab_4d15_be37_6e00865af0cc
2025-07-31 17:06:17,842 INFO  [io.api.tes.ser.api.KafkaSerdesTester] (Thread-857) Sending message {"key1": "value-8"} to topic topic-31be1d25_4eab_4d15_be37_6e00865af0cc
2025-07-31 17:06:17,844 INFO  [io.api.tes.ser.api.KafkaSerdesTester] (Thread-857) Sending message {"key1": "value-9"} to topic topic-31be1d25_4eab_4d15_be37_6e00865af0cc
2025-07-31 17:06:17,847 INFO  [io.api.tes.ser.api.KafkaSerdesTester] (Thread-857) Produced 10 messages
2025-07-31 17:06:17,847 INFO  [org.apa.kaf.cli.pro.KafkaProducer] (Thread-857) [Producer clientId=Producer-topic-31be1d25_4eab_4d15_be37_6e00865af0cc] Closing the Kafka producer with timeoutMillis = 9223372036854775807 ms.
2025-07-31 17:06:17,849 INFO  [org.apa.kaf.com.met.Metrics] (Thread-857) Metrics scheduler closed
2025-07-31 17:06:17,849 INFO  [org.apa.kaf.com.met.Metrics] (Thread-857) Closing reporter org.apache.kafka.common.metrics.JmxReporter
2025-07-31 17:06:17,849 INFO  [org.apa.kaf.com.met.Metrics] (Thread-857) Closing reporter org.apache.kafka.common.telemetry.internals.ClientTelemetryReporter
2025-07-31 17:06:17,849 INFO  [org.apa.kaf.com.met.Metrics] (Thread-857) Metrics reporters closed
2025-07-31 17:06:17,849 INFO  [org.apa.kaf.com.uti.AppInfoParser] (Thread-857) App info kafka.producer for Producer-topic-31be1d25_4eab_4d15_be37_6e00865af0cc unregistered
**** Registry Base URL: http://registry-app-kafkasql.apps.ci419.apicurio-testing.org:80
2025-07-31 17:06:17,851 INFO  [org.apa.kaf.cli.con.ConsumerConfig] (main) ConsumerConfig values: 
	allow.auto.create.topics = true
	auto.commit.interval.ms = 500
	auto.include.jmx.reporter = true
	auto.offset.reset = earliest
	bootstrap.servers = [PLAINTEXT://localhost:32770]
	check.crcs = true
	client.dns.lookup = use_all_dns_ips
	client.id = consumer-Consumer-topic-31be1d25_4eab_4d15_be37_6e00865af0cc-35
	client.rack = 
	connections.max.idle.ms = 10000
	default.api.timeout.ms = 60000
	enable.auto.commit = true
	enable.metrics.push = true
	exclude.internal.topics = true
	fetch.max.bytes = 52428800
	fetch.max.wait.ms = 500
	fetch.min.bytes = 1
	group.id = Consumer-topic-31be1d25_4eab_4d15_be37_6e00865af0cc
	group.instance.id = null
	group.protocol = classic
	group.remote.assignor = null
	heartbeat.interval.ms = 3000
	interceptor.classes = []
	internal.leave.group.on.close = true
	internal.throw.on.fetch.stable.offset.unsupported = false
	isolation.level = read_uncommitted
	key.deserializer = class org.apache.kafka.common.serialization.StringDeserializer
	max.partition.fetch.bytes = 1048576
	max.poll.interval.ms = 300000
	max.poll.records = 500
	metadata.max.age.ms = 300000
	metadata.recovery.strategy = none
	metric.reporters = []
	metrics.num.samples = 2
	metrics.recording.level = INFO
	metrics.sample.window.ms = 30000
	partition.assignment.strategy = [class org.apache.kafka.clients.consumer.RangeAssignor, class org.apache.kafka.clients.consumer.CooperativeStickyAssignor]
	receive.buffer.bytes = 65536
	reconnect.backoff.max.ms = 1000
	reconnect.backoff.ms = 50
	request.timeout.ms = 5000
	retry.backoff.max.ms = 1000
	retry.backoff.ms = 100
	sasl.client.callback.handler.class = null
	sasl.jaas.config = null
	sasl.kerberos.kinit.cmd = /usr/bin/kinit
	sasl.kerberos.min.time.before.relogin = 60000
	sasl.kerberos.service.name = null
	sasl.kerberos.ticket.renew.jitter = 0.05
	sasl.kerberos.ticket.renew.window.factor = 0.8
	sasl.login.callback.handler.class = null
	sasl.login.class = null
	sasl.login.connect.timeout.ms = null
	sasl.login.read.timeout.ms = null
	sasl.login.refresh.buffer.seconds = 300
	sasl.login.refresh.min.period.seconds = 60
	sasl.login.refresh.window.factor = 0.8
	sasl.login.refresh.window.jitter = 0.05
	sasl.login.retry.backoff.max.ms = 10000
	sasl.login.retry.backoff.ms = 100
	sasl.mechanism = GSSAPI
	sasl.oauthbearer.clock.skew.seconds = 30
	sasl.oauthbearer.expected.audience = null
	sasl.oauthbearer.expected.issuer = null
	sasl.oauthbearer.header.urlencode = false
	sasl.oauthbearer.jwks.endpoint.refresh.ms = 3600000
	sasl.oauthbearer.jwks.endpoint.retry.backoff.max.ms = 10000
	sasl.oauthbearer.jwks.endpoint.retry.backoff.ms = 100
	sasl.oauthbearer.jwks.endpoint.url = null
	sasl.oauthbearer.scope.claim.name = scope
	sasl.oauthbearer.sub.claim.name = sub
	sasl.oauthbearer.token.endpoint.url = null
	security.protocol = PLAINTEXT
	security.providers = null
	send.buffer.bytes = 131072
	session.timeout.ms = 45000
	socket.connection.setup.timeout.max.ms = 30000
	socket.connection.setup.timeout.ms = 10000
	ssl.cipher.suites = null
	ssl.enabled.protocols = [TLSv1.2, TLSv1.3]
	ssl.endpoint.identification.algorithm = https
	ssl.engine.factory.class = null
	ssl.key.password = null
	ssl.keymanager.algorithm = SunX509
	ssl.keystore.certificate.chain = null
	ssl.keystore.key = null
	ssl.keystore.location = null
	ssl.keystore.password = null
	ssl.keystore.type = JKS
	ssl.protocol = TLSv1.3
	ssl.provider = null
	ssl.secure.random.implementation = null
	ssl.trustmanager.algorithm = PKIX
	ssl.truststore.certificates = null
	ssl.truststore.location = null
	ssl.truststore.password = null
	ssl.truststore.type = JKS
	value.deserializer = class io.confluent.kafka.serializers.KafkaAvroDeserializer

2025-07-31 17:06:17,851 INFO  [org.apa.kaf.com.tel.int.KafkaMetricsCollector] (main) initializing Kafka metrics collector
2025-07-31 17:06:17,856 INFO  [io.con.kaf.ser.KafkaAvroDeserializerConfig] (main) KafkaAvroDeserializerConfig values: 
	auto.register.schemas = true
	avro.reflection.allow.null = false
	avro.use.logical.type.converters = false
	basic.auth.credentials.source = URL
	basic.auth.user.info = [hidden]
	bearer.auth.cache.expiry.buffer.seconds = 300
	bearer.auth.client.id = null
	bearer.auth.client.secret = null
	bearer.auth.credentials.source = STATIC_TOKEN
	bearer.auth.custom.provider.class = null
	bearer.auth.identity.pool.id = null
	bearer.auth.issuer.endpoint.url = null
	bearer.auth.logical.cluster = null
	bearer.auth.scope = null
	bearer.auth.scope.claim.name = scope
	bearer.auth.sub.claim.name = sub
	bearer.auth.token = [hidden]
	context.name.strategy = class io.confluent.kafka.serializers.context.NullContextNameStrategy
	http.connect.timeout.ms = 60000
	http.read.timeout.ms = 60000
	id.compatibility.strict = true
	key.schema.id.deserializer = class io.confluent.kafka.serializers.schema.id.DualSchemaIdDeserializer
	key.schema.id.serializer = class io.confluent.kafka.serializers.schema.id.PrefixSchemaIdSerializer
	key.subject.name.strategy = class io.confluent.kafka.serializers.subject.TopicNameStrategy
	latest.cache.size = 1000
	latest.cache.ttl.sec = -1
	latest.compatibility.strict = true
	max.retries = 3
	max.schemas.per.subject = 1000
	normalize.schemas = false
	propagate.schema.tags = false
	proxy.host = 
	proxy.port = -1
	retries.max.wait.ms = 20000
	retries.wait.ms = 1000
	rule.actions = []
	rule.executors = []
	rule.service.loader.enable = true
	schema.format = null
	schema.reflection = false
	schema.registry.basic.auth.user.info = [hidden]
	schema.registry.ssl.cipher.suites = null
	schema.registry.ssl.enabled.protocols = [TLSv1.2, TLSv1.3]
	schema.registry.ssl.endpoint.identification.algorithm = https
	schema.registry.ssl.engine.factory.class = null
	schema.registry.ssl.key.password = null
	schema.registry.ssl.keymanager.algorithm = SunX509
	schema.registry.ssl.keystore.certificate.chain = null
	schema.registry.ssl.keystore.key = null
	schema.registry.ssl.keystore.location = null
	schema.registry.ssl.keystore.password = null
	schema.registry.ssl.keystore.type = JKS
	schema.registry.ssl.protocol = TLSv1.3
	schema.registry.ssl.provider = null
	schema.registry.ssl.secure.random.implementation = null
	schema.registry.ssl.trustmanager.algorithm = PKIX
	schema.registry.ssl.truststore.certificates = null
	schema.registry.ssl.truststore.location = null
	schema.registry.ssl.truststore.password = null
	schema.registry.ssl.truststore.type = JKS
	schema.registry.url = [http://registry-app-kafkasql.apps.ci419.apicurio-testing.org:80/apis/ccompat/v7]
	schema.registry.url.randomize = false
	specific.avro.key.type = null
	specific.avro.reader = false
	specific.avro.value.type = null
	use.latest.version = false
	use.latest.with.metadata = null
	use.schema.id = -1
	value.schema.id.deserializer = class io.confluent.kafka.serializers.schema.id.DualSchemaIdDeserializer
	value.schema.id.serializer = class io.confluent.kafka.serializers.schema.id.PrefixSchemaIdSerializer
	value.subject.name.strategy = class io.confluent.kafka.serializers.subject.TopicNameStrategy

2025-07-31 17:06:17,868 INFO  [org.apa.kaf.cli.con.ConsumerConfig] (main) These configurations '[schema.registry.url]' were supplied but are not used yet.
2025-07-31 17:06:17,868 INFO  [org.apa.kaf.com.uti.AppInfoParser] (main) Kafka version: 3.9.1
2025-07-31 17:06:17,868 INFO  [org.apa.kaf.com.uti.AppInfoParser] (main) Kafka commitId: f745dfdcee2b9851
2025-07-31 17:06:17,868 INFO  [org.apa.kaf.com.uti.AppInfoParser] (main) Kafka startTimeMs: 1753981577868
2025-07-31 17:06:17,869 INFO  [org.apa.kaf.cli.con.int.ClassicKafkaConsumer] (Thread-858) [Consumer clientId=consumer-Consumer-topic-31be1d25_4eab_4d15_be37_6e00865af0cc-35, groupId=Consumer-topic-31be1d25_4eab_4d15_be37_6e00865af0cc] Subscribed to topic(s): topic-31be1d25_4eab_4d15_be37_6e00865af0cc
2025-07-31 17:06:17,874 INFO  [org.apa.kaf.cli.Metadata] (Thread-858) [Consumer clientId=consumer-Consumer-topic-31be1d25_4eab_4d15_be37_6e00865af0cc-35, groupId=Consumer-topic-31be1d25_4eab_4d15_be37_6e00865af0cc] Cluster ID: WpqyxNU-RHKB_ermmfvksw
2025-07-31 17:06:17,876 INFO  [org.apa.kaf.cli.con.int.ConsumerCoordinator] (Thread-858) [Consumer clientId=consumer-Consumer-topic-31be1d25_4eab_4d15_be37_6e00865af0cc-35, groupId=Consumer-topic-31be1d25_4eab_4d15_be37_6e00865af0cc] Discovered group coordinator localhost:32770 (id: 2147483647 rack: null)
2025-07-31 17:06:17,878 INFO  [org.apa.kaf.cli.con.int.ConsumerCoordinator] (Thread-858) [Consumer clientId=consumer-Consumer-topic-31be1d25_4eab_4d15_be37_6e00865af0cc-35, groupId=Consumer-topic-31be1d25_4eab_4d15_be37_6e00865af0cc] (Re-)joining group
2025-07-31 17:06:17,883 INFO  [org.apa.kaf.cli.con.int.ConsumerCoordinator] (Thread-858) [Consumer clientId=consumer-Consumer-topic-31be1d25_4eab_4d15_be37_6e00865af0cc-35, groupId=Consumer-topic-31be1d25_4eab_4d15_be37_6e00865af0cc] Request joining group due to: need to re-join with the given member-id: consumer-Consumer-topic-31be1d25_4eab_4d15_be37_6e00865af0cc-35-28239737-4904-40e5-9cfb-208fd8251651
2025-07-31 17:06:17,883 INFO  [org.apa.kaf.cli.con.int.ConsumerCoordinator] (Thread-858) [Consumer clientId=consumer-Consumer-topic-31be1d25_4eab_4d15_be37_6e00865af0cc-35, groupId=Consumer-topic-31be1d25_4eab_4d15_be37_6e00865af0cc] (Re-)joining group
2025-07-31 17:06:17,887 INFO  [org.apa.kaf.cli.con.int.ConsumerCoordinator] (Thread-858) [Consumer clientId=consumer-Consumer-topic-31be1d25_4eab_4d15_be37_6e00865af0cc-35, groupId=Consumer-topic-31be1d25_4eab_4d15_be37_6e00865af0cc] Successfully joined group with generation Generation{generationId=1, memberId='consumer-Consumer-topic-31be1d25_4eab_4d15_be37_6e00865af0cc-35-28239737-4904-40e5-9cfb-208fd8251651', protocol='range'}
2025-07-31 17:06:17,887 INFO  [org.apa.kaf.cli.con.int.ConsumerCoordinator] (Thread-858) [Consumer clientId=consumer-Consumer-topic-31be1d25_4eab_4d15_be37_6e00865af0cc-35, groupId=Consumer-topic-31be1d25_4eab_4d15_be37_6e00865af0cc] Finished assignment for group at generation 1: {consumer-Consumer-topic-31be1d25_4eab_4d15_be37_6e00865af0cc-35-28239737-4904-40e5-9cfb-208fd8251651=Assignment(partitions=[topic-31be1d25_4eab_4d15_be37_6e00865af0cc-0])}
2025-07-31 17:06:17,889 INFO  [org.apa.kaf.cli.con.int.ConsumerCoordinator] (Thread-858) [Consumer clientId=consumer-Consumer-topic-31be1d25_4eab_4d15_be37_6e00865af0cc-35, groupId=Consumer-topic-31be1d25_4eab_4d15_be37_6e00865af0cc] Successfully synced group in generation Generation{generationId=1, memberId='consumer-Consumer-topic-31be1d25_4eab_4d15_be37_6e00865af0cc-35-28239737-4904-40e5-9cfb-208fd8251651', protocol='range'}
2025-07-31 17:06:17,889 INFO  [org.apa.kaf.cli.con.int.ConsumerCoordinator] (Thread-858) [Consumer clientId=consumer-Consumer-topic-31be1d25_4eab_4d15_be37_6e00865af0cc-35, groupId=Consumer-topic-31be1d25_4eab_4d15_be37_6e00865af0cc] Notifying assignor about the new Assignment(partitions=[topic-31be1d25_4eab_4d15_be37_6e00865af0cc-0])
2025-07-31 17:06:17,889 INFO  [org.apa.kaf.cli.con.int.ConsumerRebalanceListenerInvoker] (Thread-858) [Consumer clientId=consumer-Consumer-topic-31be1d25_4eab_4d15_be37_6e00865af0cc-35, groupId=Consumer-topic-31be1d25_4eab_4d15_be37_6e00865af0cc] Adding newly assigned partitions: topic-31be1d25_4eab_4d15_be37_6e00865af0cc-0
2025-07-31 17:06:17,890 INFO  [org.apa.kaf.cli.con.int.ConsumerCoordinator] (Thread-858) [Consumer clientId=consumer-Consumer-topic-31be1d25_4eab_4d15_be37_6e00865af0cc-35, groupId=Consumer-topic-31be1d25_4eab_4d15_be37_6e00865af0cc] Found no committed offset for partition topic-31be1d25_4eab_4d15_be37_6e00865af0cc-0
2025-07-31 17:06:17,894 INFO  [org.apa.kaf.cli.con.int.SubscriptionState] (Thread-858) [Consumer clientId=consumer-Consumer-topic-31be1d25_4eab_4d15_be37_6e00865af0cc-35, groupId=Consumer-topic-31be1d25_4eab_4d15_be37_6e00865af0cc] Resetting offset for partition topic-31be1d25_4eab_4d15_be37_6e00865af0cc-0 to position FetchPosition{offset=0, offsetEpoch=Optional.empty, currentLeader=LeaderAndEpoch{leader=Optional[localhost:32770 (id: 0 rack: null)], epoch=0}}.
2025-07-31 17:06:17,912 INFO  [io.api.tes.ser.api.KafkaSerdesTester] (Thread-858) topic-31be1d25_4eab_4d15_be37_6e00865af0cc 0 0 {"key1": "value-0"}
2025-07-31 17:06:17,913 INFO  [io.api.tes.ser.api.KafkaSerdesTester] (Thread-858) topic-31be1d25_4eab_4d15_be37_6e00865af0cc 0 1 {"key1": "value-1"}
2025-07-31 17:06:17,913 INFO  [io.api.tes.ser.api.KafkaSerdesTester] (Thread-858) topic-31be1d25_4eab_4d15_be37_6e00865af0cc 0 2 {"key1": "value-2"}
2025-07-31 17:06:17,913 INFO  [io.api.tes.ser.api.KafkaSerdesTester] (Thread-858) topic-31be1d25_4eab_4d15_be37_6e00865af0cc 0 3 {"key1": "value-3"}
2025-07-31 17:06:17,913 INFO  [io.api.tes.ser.api.KafkaSerdesTester] (Thread-858) topic-31be1d25_4eab_4d15_be37_6e00865af0cc 0 4 {"key1": "value-4"}
2025-07-31 17:06:17,913 INFO  [io.api.tes.ser.api.KafkaSerdesTester] (Thread-858) topic-31be1d25_4eab_4d15_be37_6e00865af0cc 0 5 {"key1": "value-5"}
2025-07-31 17:06:17,913 INFO  [io.api.tes.ser.api.KafkaSerdesTester] (Thread-858) topic-31be1d25_4eab_4d15_be37_6e00865af0cc 0 6 {"key1": "value-6"}
2025-07-31 17:06:17,913 INFO  [io.api.tes.ser.api.KafkaSerdesTester] (Thread-858) topic-31be1d25_4eab_4d15_be37_6e00865af0cc 0 7 {"key1": "value-7"}
2025-07-31 17:06:17,913 INFO  [io.api.tes.ser.api.KafkaSerdesTester] (Thread-858) topic-31be1d25_4eab_4d15_be37_6e00865af0cc 0 8 {"key1": "value-8"}
2025-07-31 17:06:17,913 INFO  [io.api.tes.ser.api.KafkaSerdesTester] (Thread-858) topic-31be1d25_4eab_4d15_be37_6e00865af0cc 0 9 {"key1": "value-9"}
2025-07-31 17:06:17,913 INFO  [io.api.tes.ser.api.KafkaSerdesTester] (Thread-858) Consumed 10 messages
2025-07-31 17:06:17,916 INFO  [org.apa.kaf.cli.con.int.ConsumerRebalanceListenerInvoker] (Thread-858) [Consumer clientId=consumer-Consumer-topic-31be1d25_4eab_4d15_be37_6e00865af0cc-35, groupId=Consumer-topic-31be1d25_4eab_4d15_be37_6e00865af0cc] Revoke previously assigned partitions topic-31be1d25_4eab_4d15_be37_6e00865af0cc-0
2025-07-31 17:06:17,916 INFO  [org.apa.kaf.cli.con.int.ConsumerCoordinator] (Thread-858) [Consumer clientId=consumer-Consumer-topic-31be1d25_4eab_4d15_be37_6e00865af0cc-35, groupId=Consumer-topic-31be1d25_4eab_4d15_be37_6e00865af0cc] Member consumer-Consumer-topic-31be1d25_4eab_4d15_be37_6e00865af0cc-35-28239737-4904-40e5-9cfb-208fd8251651 sending LeaveGroup request to coordinator localhost:32770 (id: 2147483647 rack: null) due to the consumer is being closed
2025-07-31 17:06:17,916 INFO  [org.apa.kaf.cli.con.int.ConsumerCoordinator] (Thread-858) [Consumer clientId=consumer-Consumer-topic-31be1d25_4eab_4d15_be37_6e00865af0cc-35, groupId=Consumer-topic-31be1d25_4eab_4d15_be37_6e00865af0cc] Resetting generation and member id due to: consumer pro-actively leaving the group
2025-07-31 17:06:17,916 INFO  [org.apa.kaf.cli.con.int.ConsumerCoordinator] (Thread-858) [Consumer clientId=consumer-Consumer-topic-31be1d25_4eab_4d15_be37_6e00865af0cc-35, groupId=Consumer-topic-31be1d25_4eab_4d15_be37_6e00865af0cc] Request joining group due to: consumer pro-actively leaving the group
2025-07-31 17:06:18,416 INFO  [org.apa.kaf.com.met.Metrics] (Thread-858) Metrics scheduler closed
2025-07-31 17:06:18,416 INFO  [org.apa.kaf.com.met.Metrics] (Thread-858) Closing reporter org.apache.kafka.common.metrics.JmxReporter
2025-07-31 17:06:18,416 INFO  [org.apa.kaf.com.met.Metrics] (Thread-858) Closing reporter org.apache.kafka.common.telemetry.internals.ClientTelemetryReporter
2025-07-31 17:06:18,417 INFO  [org.apa.kaf.com.met.Metrics] (Thread-858) Metrics reporters closed
2025-07-31 17:06:18,418 INFO  [org.apa.kaf.com.uti.AppInfoParser] (Thread-858) App info kafka.consumer for consumer-Consumer-topic-31be1d25_4eab_4d15_be37_6e00865af0cc-35 unregistered
2025-07-31 17:06:18,441 INFO  [io.api.tes.ser.con.BasicConfluentSerDesIT] (main) Deleting confluent schema topic-31be1d25_4eab_4d15_be37_6e00865af0cc-value
2025-07-31 17:06:18,480 INFO  [io.api.tes.uti.TestSeparator] (main) io.apicurio.tests.serdes.confluent.BasicConfluentSerDesIT.testAvroApicurioConfluent-FINISHED
2025-07-31 17:06:18,480 INFO  [io.api.tes.uti.TestSeparator] (main) ############################################################################
Test passed: testAvroApicurioConfluent
]]></system-out>
  </testcase>
  <testcase name="testAvroConfluentSerDesFail" classname="io.apicurio.tests.serdes.confluent.BasicConfluentSerDesIT" time="0.16">
    <system-out><![CDATA[2025-07-31 17:06:18,481 INFO  [io.api.tes.uti.TestSeparator] (main) ############################################################################
2025-07-31 17:06:18,481 INFO  [io.api.tes.uti.TestSeparator] (main) io.apicurio.tests.serdes.confluent.BasicConfluentSerDesIT.testAvroConfluentSerDesFail-STARTED
2025-07-31 17:06:18,549 INFO  [io.api.tes.ser.con.BasicConfluentSerDesIT] (main) Checking that created schema is equal to the get schema
2025-07-31 17:06:18,562 INFO  [io.api.tes.ser.con.BasicConfluentSerDesIT] (main) Created schema with id:103 and name:myrecordconfluent2
**** Registry Base URL: http://registry-app-kafkasql.apps.ci419.apicurio-testing.org:80
2025-07-31 17:06:18,562 INFO  [org.apa.kaf.cli.pro.ProducerConfig] (main) ProducerConfig values: 
	acks = -1
	auto.include.jmx.reporter = true
	batch.size = 16384
	bootstrap.servers = [PLAINTEXT://localhost:32770]
	buffer.memory = 33554432
	client.dns.lookup = use_all_dns_ips
	client.id = Producer-topic-162869d3_862f_4d98_970e_bd5138cb3727
	compression.gzip.level = -1
	compression.lz4.level = 9
	compression.type = none
	compression.zstd.level = 3
	connections.max.idle.ms = 10000
	delivery.timeout.ms = 120000
	enable.idempotence = true
	enable.metrics.push = true
	interceptor.classes = []
	key.serializer = class org.apache.kafka.common.serialization.StringSerializer
	linger.ms = 0
	max.block.ms = 60000
	max.in.flight.requests.per.connection = 5
	max.request.size = 1048576
	metadata.max.age.ms = 300000
	metadata.max.idle.ms = 300000
	metadata.recovery.strategy = none
	metric.reporters = []
	metrics.num.samples = 2
	metrics.recording.level = INFO
	metrics.sample.window.ms = 30000
	partitioner.adaptive.partitioning.enable = true
	partitioner.availability.timeout.ms = 0
	partitioner.class = null
	partitioner.ignore.keys = false
	receive.buffer.bytes = 32768
	reconnect.backoff.max.ms = 1000
	reconnect.backoff.ms = 50
	request.timeout.ms = 5000
	retries = 2147483647
	retry.backoff.max.ms = 1000
	retry.backoff.ms = 100
	sasl.client.callback.handler.class = null
	sasl.jaas.config = null
	sasl.kerberos.kinit.cmd = /usr/bin/kinit
	sasl.kerberos.min.time.before.relogin = 60000
	sasl.kerberos.service.name = null
	sasl.kerberos.ticket.renew.jitter = 0.05
	sasl.kerberos.ticket.renew.window.factor = 0.8
	sasl.login.callback.handler.class = null
	sasl.login.class = null
	sasl.login.connect.timeout.ms = null
	sasl.login.read.timeout.ms = null
	sasl.login.refresh.buffer.seconds = 300
	sasl.login.refresh.min.period.seconds = 60
	sasl.login.refresh.window.factor = 0.8
	sasl.login.refresh.window.jitter = 0.05
	sasl.login.retry.backoff.max.ms = 10000
	sasl.login.retry.backoff.ms = 100
	sasl.mechanism = GSSAPI
	sasl.oauthbearer.clock.skew.seconds = 30
	sasl.oauthbearer.expected.audience = null
	sasl.oauthbearer.expected.issuer = null
	sasl.oauthbearer.header.urlencode = false
	sasl.oauthbearer.jwks.endpoint.refresh.ms = 3600000
	sasl.oauthbearer.jwks.endpoint.retry.backoff.max.ms = 10000
	sasl.oauthbearer.jwks.endpoint.retry.backoff.ms = 100
	sasl.oauthbearer.jwks.endpoint.url = null
	sasl.oauthbearer.scope.claim.name = scope
	sasl.oauthbearer.sub.claim.name = sub
	sasl.oauthbearer.token.endpoint.url = null
	security.protocol = PLAINTEXT
	security.providers = null
	send.buffer.bytes = 131072
	socket.connection.setup.timeout.max.ms = 30000
	socket.connection.setup.timeout.ms = 10000
	ssl.cipher.suites = null
	ssl.enabled.protocols = [TLSv1.2, TLSv1.3]
	ssl.endpoint.identification.algorithm = https
	ssl.engine.factory.class = null
	ssl.key.password = null
	ssl.keymanager.algorithm = SunX509
	ssl.keystore.certificate.chain = null
	ssl.keystore.key = null
	ssl.keystore.location = null
	ssl.keystore.password = null
	ssl.keystore.type = JKS
	ssl.protocol = TLSv1.3
	ssl.provider = null
	ssl.secure.random.implementation = null
	ssl.trustmanager.algorithm = PKIX
	ssl.truststore.certificates = null
	ssl.truststore.location = null
	ssl.truststore.password = null
	ssl.truststore.type = JKS
	transaction.timeout.ms = 60000
	transactional.id = null
	value.serializer = class io.confluent.kafka.serializers.KafkaAvroSerializer

2025-07-31 17:06:18,563 INFO  [org.apa.kaf.com.tel.int.KafkaMetricsCollector] (main) initializing Kafka metrics collector
2025-07-31 17:06:18,563 INFO  [io.con.kaf.ser.KafkaAvroSerializerConfig] (main) KafkaAvroSerializerConfig values: 
	auto.register.schemas = false
	avro.reflection.allow.null = false
	avro.remove.java.properties = false
	avro.use.logical.type.converters = false
	basic.auth.credentials.source = URL
	basic.auth.user.info = [hidden]
	bearer.auth.cache.expiry.buffer.seconds = 300
	bearer.auth.client.id = null
	bearer.auth.client.secret = null
	bearer.auth.credentials.source = STATIC_TOKEN
	bearer.auth.custom.provider.class = null
	bearer.auth.identity.pool.id = null
	bearer.auth.issuer.endpoint.url = null
	bearer.auth.logical.cluster = null
	bearer.auth.scope = null
	bearer.auth.scope.claim.name = scope
	bearer.auth.sub.claim.name = sub
	bearer.auth.token = [hidden]
	context.name.strategy = class io.confluent.kafka.serializers.context.NullContextNameStrategy
	http.connect.timeout.ms = 60000
	http.read.timeout.ms = 60000
	id.compatibility.strict = true
	key.schema.id.deserializer = class io.confluent.kafka.serializers.schema.id.DualSchemaIdDeserializer
	key.schema.id.serializer = class io.confluent.kafka.serializers.schema.id.PrefixSchemaIdSerializer
	key.subject.name.strategy = class io.confluent.kafka.serializers.subject.TopicNameStrategy
	latest.cache.size = 1000
	latest.cache.ttl.sec = -1
	latest.compatibility.strict = true
	max.retries = 3
	max.schemas.per.subject = 1000
	normalize.schemas = false
	propagate.schema.tags = false
	proxy.host = 
	proxy.port = -1
	retries.max.wait.ms = 20000
	retries.wait.ms = 1000
	rule.actions = []
	rule.executors = []
	rule.service.loader.enable = true
	schema.format = null
	schema.reflection = false
	schema.registry.basic.auth.user.info = [hidden]
	schema.registry.ssl.cipher.suites = null
	schema.registry.ssl.enabled.protocols = [TLSv1.2, TLSv1.3]
	schema.registry.ssl.endpoint.identification.algorithm = https
	schema.registry.ssl.engine.factory.class = null
	schema.registry.ssl.key.password = null
	schema.registry.ssl.keymanager.algorithm = SunX509
	schema.registry.ssl.keystore.certificate.chain = null
	schema.registry.ssl.keystore.key = null
	schema.registry.ssl.keystore.location = null
	schema.registry.ssl.keystore.password = null
	schema.registry.ssl.keystore.type = JKS
	schema.registry.ssl.protocol = TLSv1.3
	schema.registry.ssl.provider = null
	schema.registry.ssl.secure.random.implementation = null
	schema.registry.ssl.trustmanager.algorithm = PKIX
	schema.registry.ssl.truststore.certificates = null
	schema.registry.ssl.truststore.location = null
	schema.registry.ssl.truststore.password = null
	schema.registry.ssl.truststore.type = JKS
	schema.registry.url = [http://registry-app-kafkasql.apps.ci419.apicurio-testing.org:80/apis/ccompat/v7]
	schema.registry.url.randomize = false
	use.latest.version = false
	use.latest.with.metadata = null
	use.schema.id = -1
	value.schema.id.deserializer = class io.confluent.kafka.serializers.schema.id.DualSchemaIdDeserializer
	value.schema.id.serializer = class io.confluent.kafka.serializers.schema.id.PrefixSchemaIdSerializer
	value.subject.name.strategy = class io.confluent.kafka.serializers.subject.RecordNameStrategy

2025-07-31 17:06:18,564 INFO  [org.apa.kaf.cli.pro.KafkaProducer] (main) [Producer clientId=Producer-topic-162869d3_862f_4d98_970e_bd5138cb3727] Instantiated an idempotent producer.
2025-07-31 17:06:18,565 INFO  [org.apa.kaf.cli.pro.ProducerConfig] (main) These configurations '[schema.registry.url, auto.register.schemas, value.subject.name.strategy]' were supplied but are not used yet.
2025-07-31 17:06:18,565 INFO  [org.apa.kaf.com.uti.AppInfoParser] (main) Kafka version: 3.9.1
2025-07-31 17:06:18,565 INFO  [org.apa.kaf.com.uti.AppInfoParser] (main) Kafka commitId: f745dfdcee2b9851
2025-07-31 17:06:18,565 INFO  [org.apa.kaf.com.uti.AppInfoParser] (main) Kafka startTimeMs: 1753981578565
2025-07-31 17:06:18,566 INFO  [io.api.tes.ser.api.KafkaSerdesTester] (Thread-859) Sending message {"wrongkey": "value-0"} to topic topic-162869d3_862f_4d98_970e_bd5138cb3727
2025-07-31 17:06:18,568 INFO  [org.apa.kaf.cli.Metadata] (kafka-producer-network-thread | Producer-topic-162869d3_862f_4d98_970e_bd5138cb3727) [Producer clientId=Producer-topic-162869d3_862f_4d98_970e_bd5138cb3727] Cluster ID: WpqyxNU-RHKB_ermmfvksw
2025-07-31 17:06:18,569 INFO  [org.apa.kaf.cli.pro.int.TransactionManager] (kafka-producer-network-thread | Producer-topic-162869d3_862f_4d98_970e_bd5138cb3727) [Producer clientId=Producer-topic-162869d3_862f_4d98_970e_bd5138cb3727] ProducerId set to 49 with epoch 0
2025-07-31 17:06:18,580 INFO  [org.apa.kaf.cli.pro.KafkaProducer] (Thread-859) [Producer clientId=Producer-topic-162869d3_862f_4d98_970e_bd5138cb3727] Closing the Kafka producer with timeoutMillis = 9223372036854775807 ms.
2025-07-31 17:06:18,582 INFO  [org.apa.kaf.com.met.Metrics] (Thread-859) Metrics scheduler closed
2025-07-31 17:06:18,582 INFO  [org.apa.kaf.com.met.Metrics] (Thread-859) Closing reporter org.apache.kafka.common.metrics.JmxReporter
2025-07-31 17:06:18,582 INFO  [org.apa.kaf.com.met.Metrics] (Thread-859) Closing reporter org.apache.kafka.common.telemetry.internals.ClientTelemetryReporter
2025-07-31 17:06:18,582 INFO  [org.apa.kaf.com.met.Metrics] (Thread-859) Metrics reporters closed
2025-07-31 17:06:18,582 INFO  [org.apa.kaf.com.uti.AppInfoParser] (Thread-859) App info kafka.producer for Producer-topic-162869d3_862f_4d98_970e_bd5138cb3727 unregistered
2025-07-31 17:06:18,603 INFO  [io.api.tes.ser.con.BasicConfluentSerDesIT] (main) Deleting confluent schema myrecordconfluent2
2025-07-31 17:06:18,640 INFO  [io.api.tes.uti.TestSeparator] (main) io.apicurio.tests.serdes.confluent.BasicConfluentSerDesIT.testAvroConfluentSerDesFail-FINISHED
2025-07-31 17:06:18,640 INFO  [io.api.tes.uti.TestSeparator] (main) ############################################################################
Test passed: testAvroConfluentSerDesFail
]]></system-out>
  </testcase>
  <testcase name="testAvroConfluentSerDesWrongStrategyRecord" classname="io.apicurio.tests.serdes.confluent.BasicConfluentSerDesIT" time="0.166">
    <system-out><![CDATA[2025-07-31 17:06:18,641 INFO  [io.api.tes.uti.TestSeparator] (main) ############################################################################
2025-07-31 17:06:18,641 INFO  [io.api.tes.uti.TestSeparator] (main) io.apicurio.tests.serdes.confluent.BasicConfluentSerDesIT.testAvroConfluentSerDesWrongStrategyRecord-STARTED
2025-07-31 17:06:18,709 INFO  [io.api.tes.ser.con.BasicConfluentSerDesIT] (main) Checking that created schema is equal to the get schema
2025-07-31 17:06:18,721 INFO  [io.api.tes.ser.con.BasicConfluentSerDesIT] (main) Created schema with id:104 and name:myrecordconfluent4
**** Registry Base URL: http://registry-app-kafkasql.apps.ci419.apicurio-testing.org:80
2025-07-31 17:06:18,722 INFO  [org.apa.kaf.cli.pro.ProducerConfig] (main) ProducerConfig values: 
	acks = -1
	auto.include.jmx.reporter = true
	batch.size = 16384
	bootstrap.servers = [PLAINTEXT://localhost:32770]
	buffer.memory = 33554432
	client.dns.lookup = use_all_dns_ips
	client.id = Producer-topic-fe04a5a2_c3c7_41ce_8718_4906dfe73c39
	compression.gzip.level = -1
	compression.lz4.level = 9
	compression.type = none
	compression.zstd.level = 3
	connections.max.idle.ms = 10000
	delivery.timeout.ms = 120000
	enable.idempotence = true
	enable.metrics.push = true
	interceptor.classes = []
	key.serializer = class org.apache.kafka.common.serialization.StringSerializer
	linger.ms = 0
	max.block.ms = 60000
	max.in.flight.requests.per.connection = 5
	max.request.size = 1048576
	metadata.max.age.ms = 300000
	metadata.max.idle.ms = 300000
	metadata.recovery.strategy = none
	metric.reporters = []
	metrics.num.samples = 2
	metrics.recording.level = INFO
	metrics.sample.window.ms = 30000
	partitioner.adaptive.partitioning.enable = true
	partitioner.availability.timeout.ms = 0
	partitioner.class = null
	partitioner.ignore.keys = false
	receive.buffer.bytes = 32768
	reconnect.backoff.max.ms = 1000
	reconnect.backoff.ms = 50
	request.timeout.ms = 5000
	retries = 2147483647
	retry.backoff.max.ms = 1000
	retry.backoff.ms = 100
	sasl.client.callback.handler.class = null
	sasl.jaas.config = null
	sasl.kerberos.kinit.cmd = /usr/bin/kinit
	sasl.kerberos.min.time.before.relogin = 60000
	sasl.kerberos.service.name = null
	sasl.kerberos.ticket.renew.jitter = 0.05
	sasl.kerberos.ticket.renew.window.factor = 0.8
	sasl.login.callback.handler.class = null
	sasl.login.class = null
	sasl.login.connect.timeout.ms = null
	sasl.login.read.timeout.ms = null
	sasl.login.refresh.buffer.seconds = 300
	sasl.login.refresh.min.period.seconds = 60
	sasl.login.refresh.window.factor = 0.8
	sasl.login.refresh.window.jitter = 0.05
	sasl.login.retry.backoff.max.ms = 10000
	sasl.login.retry.backoff.ms = 100
	sasl.mechanism = GSSAPI
	sasl.oauthbearer.clock.skew.seconds = 30
	sasl.oauthbearer.expected.audience = null
	sasl.oauthbearer.expected.issuer = null
	sasl.oauthbearer.header.urlencode = false
	sasl.oauthbearer.jwks.endpoint.refresh.ms = 3600000
	sasl.oauthbearer.jwks.endpoint.retry.backoff.max.ms = 10000
	sasl.oauthbearer.jwks.endpoint.retry.backoff.ms = 100
	sasl.oauthbearer.jwks.endpoint.url = null
	sasl.oauthbearer.scope.claim.name = scope
	sasl.oauthbearer.sub.claim.name = sub
	sasl.oauthbearer.token.endpoint.url = null
	security.protocol = PLAINTEXT
	security.providers = null
	send.buffer.bytes = 131072
	socket.connection.setup.timeout.max.ms = 30000
	socket.connection.setup.timeout.ms = 10000
	ssl.cipher.suites = null
	ssl.enabled.protocols = [TLSv1.2, TLSv1.3]
	ssl.endpoint.identification.algorithm = https
	ssl.engine.factory.class = null
	ssl.key.password = null
	ssl.keymanager.algorithm = SunX509
	ssl.keystore.certificate.chain = null
	ssl.keystore.key = null
	ssl.keystore.location = null
	ssl.keystore.password = null
	ssl.keystore.type = JKS
	ssl.protocol = TLSv1.3
	ssl.provider = null
	ssl.secure.random.implementation = null
	ssl.trustmanager.algorithm = PKIX
	ssl.truststore.certificates = null
	ssl.truststore.location = null
	ssl.truststore.password = null
	ssl.truststore.type = JKS
	transaction.timeout.ms = 60000
	transactional.id = null
	value.serializer = class io.confluent.kafka.serializers.KafkaAvroSerializer

2025-07-31 17:06:18,722 INFO  [org.apa.kaf.com.tel.int.KafkaMetricsCollector] (main) initializing Kafka metrics collector
2025-07-31 17:06:18,722 INFO  [io.con.kaf.ser.KafkaAvroSerializerConfig] (main) KafkaAvroSerializerConfig values: 
	auto.register.schemas = false
	avro.reflection.allow.null = false
	avro.remove.java.properties = false
	avro.use.logical.type.converters = false
	basic.auth.credentials.source = URL
	basic.auth.user.info = [hidden]
	bearer.auth.cache.expiry.buffer.seconds = 300
	bearer.auth.client.id = null
	bearer.auth.client.secret = null
	bearer.auth.credentials.source = STATIC_TOKEN
	bearer.auth.custom.provider.class = null
	bearer.auth.identity.pool.id = null
	bearer.auth.issuer.endpoint.url = null
	bearer.auth.logical.cluster = null
	bearer.auth.scope = null
	bearer.auth.scope.claim.name = scope
	bearer.auth.sub.claim.name = sub
	bearer.auth.token = [hidden]
	context.name.strategy = class io.confluent.kafka.serializers.context.NullContextNameStrategy
	http.connect.timeout.ms = 60000
	http.read.timeout.ms = 60000
	id.compatibility.strict = true
	key.schema.id.deserializer = class io.confluent.kafka.serializers.schema.id.DualSchemaIdDeserializer
	key.schema.id.serializer = class io.confluent.kafka.serializers.schema.id.PrefixSchemaIdSerializer
	key.subject.name.strategy = class io.confluent.kafka.serializers.subject.TopicNameStrategy
	latest.cache.size = 1000
	latest.cache.ttl.sec = -1
	latest.compatibility.strict = true
	max.retries = 3
	max.schemas.per.subject = 1000
	normalize.schemas = false
	propagate.schema.tags = false
	proxy.host = 
	proxy.port = -1
	retries.max.wait.ms = 20000
	retries.wait.ms = 1000
	rule.actions = []
	rule.executors = []
	rule.service.loader.enable = true
	schema.format = null
	schema.reflection = false
	schema.registry.basic.auth.user.info = [hidden]
	schema.registry.ssl.cipher.suites = null
	schema.registry.ssl.enabled.protocols = [TLSv1.2, TLSv1.3]
	schema.registry.ssl.endpoint.identification.algorithm = https
	schema.registry.ssl.engine.factory.class = null
	schema.registry.ssl.key.password = null
	schema.registry.ssl.keymanager.algorithm = SunX509
	schema.registry.ssl.keystore.certificate.chain = null
	schema.registry.ssl.keystore.key = null
	schema.registry.ssl.keystore.location = null
	schema.registry.ssl.keystore.password = null
	schema.registry.ssl.keystore.type = JKS
	schema.registry.ssl.protocol = TLSv1.3
	schema.registry.ssl.provider = null
	schema.registry.ssl.secure.random.implementation = null
	schema.registry.ssl.trustmanager.algorithm = PKIX
	schema.registry.ssl.truststore.certificates = null
	schema.registry.ssl.truststore.location = null
	schema.registry.ssl.truststore.password = null
	schema.registry.ssl.truststore.type = JKS
	schema.registry.url = [http://registry-app-kafkasql.apps.ci419.apicurio-testing.org:80/apis/ccompat/v7]
	schema.registry.url.randomize = false
	use.latest.version = false
	use.latest.with.metadata = null
	use.schema.id = -1
	value.schema.id.deserializer = class io.confluent.kafka.serializers.schema.id.DualSchemaIdDeserializer
	value.schema.id.serializer = class io.confluent.kafka.serializers.schema.id.PrefixSchemaIdSerializer
	value.subject.name.strategy = class io.confluent.kafka.serializers.subject.RecordNameStrategy

2025-07-31 17:06:18,725 INFO  [org.apa.kaf.cli.pro.KafkaProducer] (main) [Producer clientId=Producer-topic-fe04a5a2_c3c7_41ce_8718_4906dfe73c39] Instantiated an idempotent producer.
2025-07-31 17:06:18,726 INFO  [org.apa.kaf.cli.pro.ProducerConfig] (main) These configurations '[schema.registry.url, auto.register.schemas, value.subject.name.strategy]' were supplied but are not used yet.
2025-07-31 17:06:18,726 INFO  [org.apa.kaf.com.uti.AppInfoParser] (main) Kafka version: 3.9.1
2025-07-31 17:06:18,726 INFO  [org.apa.kaf.com.uti.AppInfoParser] (main) Kafka commitId: f745dfdcee2b9851
2025-07-31 17:06:18,726 INFO  [org.apa.kaf.com.uti.AppInfoParser] (main) Kafka startTimeMs: 1753981578726
2025-07-31 17:06:18,727 INFO  [io.api.tes.ser.api.KafkaSerdesTester] (Thread-860) Sending message {"wrongkey": "value-0"} to topic topic-fe04a5a2_c3c7_41ce_8718_4906dfe73c39
2025-07-31 17:06:18,732 INFO  [org.apa.kaf.cli.Metadata] (kafka-producer-network-thread | Producer-topic-fe04a5a2_c3c7_41ce_8718_4906dfe73c39) [Producer clientId=Producer-topic-fe04a5a2_c3c7_41ce_8718_4906dfe73c39] Cluster ID: WpqyxNU-RHKB_ermmfvksw
2025-07-31 17:06:18,732 INFO  [org.apa.kaf.cli.pro.int.TransactionManager] (kafka-producer-network-thread | Producer-topic-fe04a5a2_c3c7_41ce_8718_4906dfe73c39) [Producer clientId=Producer-topic-fe04a5a2_c3c7_41ce_8718_4906dfe73c39] ProducerId set to 50 with epoch 0
2025-07-31 17:06:18,745 INFO  [org.apa.kaf.cli.pro.KafkaProducer] (Thread-860) [Producer clientId=Producer-topic-fe04a5a2_c3c7_41ce_8718_4906dfe73c39] Closing the Kafka producer with timeoutMillis = 9223372036854775807 ms.
2025-07-31 17:06:18,746 INFO  [org.apa.kaf.com.met.Metrics] (Thread-860) Metrics scheduler closed
2025-07-31 17:06:18,746 INFO  [org.apa.kaf.com.met.Metrics] (Thread-860) Closing reporter org.apache.kafka.common.metrics.JmxReporter
2025-07-31 17:06:18,746 INFO  [org.apa.kaf.com.met.Metrics] (Thread-860) Closing reporter org.apache.kafka.common.telemetry.internals.ClientTelemetryReporter
2025-07-31 17:06:18,747 INFO  [org.apa.kaf.com.met.Metrics] (Thread-860) Metrics reporters closed
2025-07-31 17:06:18,747 INFO  [org.apa.kaf.com.uti.AppInfoParser] (Thread-860) App info kafka.producer for Producer-topic-fe04a5a2_c3c7_41ce_8718_4906dfe73c39 unregistered
2025-07-31 17:06:18,768 INFO  [io.api.tes.ser.con.BasicConfluentSerDesIT] (main) Deleting confluent schema topic-fe04a5a2_c3c7_41ce_8718_4906dfe73c39-value
2025-07-31 17:06:18,806 INFO  [io.api.tes.uti.TestSeparator] (main) io.apicurio.tests.serdes.confluent.BasicConfluentSerDesIT.testAvroConfluentSerDesWrongStrategyRecord-FINISHED
2025-07-31 17:06:18,807 INFO  [io.api.tes.uti.TestSeparator] (main) ############################################################################
Test passed: testAvroConfluentSerDesWrongStrategyRecord
]]></system-out>
  </testcase>
</testsuite>