<?xml version="1.0" encoding="UTF-8"?>
<testsuite xmlns:xsi="http://www.w3.org/2001/XMLSchema-instance" xsi:noNamespaceSchemaLocation="https://maven.apache.org/surefire/maven-failsafe-plugin/xsd/failsafe-test-report.xsd" version="3.0.2" name="io.apicurio.tests.serdes.apicurio.AvroSerdeIT" time="50.693" tests="21" errors="0" skipped="2" failures="0">
  <properties>
    <property name="java.specification.version" value="17"/>
    <property name="sun.jnu.encoding" value="UTF-8"/>
    <property name="java.class.path" value="/home/runner/work/apicurio-testing/apicurio-testing/clusters/ci419/namespaces/kafkasql/tests/integration/apicurio-registry/integration-tests/target/test-classes:/home/runner/work/apicurio-testing/apicurio-testing/clusters/ci419/namespaces/kafkasql/tests/integration/apicurio-registry/integration-tests/target/apicurio-registry-integration-tests-3.0.11-SNAPSHOT.jar:/home/runner/.m2/repository/io/quarkus/quarkus-junit5/3.20.1/quarkus-junit5-3.20.1.jar:/home/runner/.m2/repository/io/quarkus/quarkus-bootstrap-core/3.20.1/quarkus-bootstrap-core-3.20.1.jar:/home/runner/.m2/repository/io/quarkus/quarkus-classloader-commons/3.20.1/quarkus-classloader-commons-3.20.1.jar:/home/runner/.m2/repository/io/quarkus/quarkus-bootstrap-app-model/3.20.1/quarkus-bootstrap-app-model-3.20.1.jar:/home/runner/.m2/repository/io/smallrye/common/smallrye-common-io/2.12.0/smallrye-common-io-2.12.0.jar:/home/runner/.m2/repository/org/eclipse/sisu/org.eclipse.sisu.inject/0.9.0.M3/org.eclipse.sisu.inject-0.9.0.M3.jar:/home/runner/.m2/repository/io/quarkus/quarkus-test-common/3.20.1/quarkus-test-common-3.20.1.jar:/home/runner/.m2/repository/io/quarkus/quarkus-core-deployment/3.20.1/quarkus-core-deployment-3.20.1.jar:/home/runner/.m2/repository/org/aesh/readline/2.6/readline-2.6.jar:/home/runner/.m2/repository/org/fusesource/jansi/jansi/2.4.0/jansi-2.4.0.jar:/home/runner/.m2/repository/org/aesh/aesh/2.8.2/aesh-2.8.2.jar:/home/runner/.m2/repository/io/quarkus/gizmo/gizmo/1.8.0/gizmo-1.8.0.jar:/home/runner/.m2/repository/org/ow2/asm/asm-util/9.7.1/asm-util-9.7.1.jar:/home/runner/.m2/repository/org/ow2/asm/asm-analysis/9.7.1/asm-analysis-9.7.1.jar:/home/runner/.m2/repository/org/ow2/asm/asm-commons/9.7.1/asm-commons-9.7.1.jar:/home/runner/.m2/repository/org/ow2/asm/asm-tree/9.7.1/asm-tree-9.7.1.jar:/home/runner/.m2/repository/io/quarkus/quarkus-hibernate-validator-spi/3.20.1/quarkus-hibernate-validator-spi-3.20.1.jar:/home/runner/.m2/repository/io/quarkus/quarkus-class-change-agent/3.20.1/quarkus-class-change-agent-3.20.1.jar:/home/runner/.m2/repository/io/quarkus/quarkus-devtools-utilities/3.20.1/quarkus-devtools-utilities-3.20.1.jar:/home/runner/.m2/repository/io/quarkus/quarkus-builder/3.20.1/quarkus-builder-3.20.1.jar:/home/runner/.m2/repository/org/graalvm/sdk/nativeimage/23.1.2/nativeimage-23.1.2.jar:/home/runner/.m2/repository/org/graalvm/sdk/word/23.1.2/word-23.1.2.jar:/home/runner/.m2/repository/io/quarkus/quarkus-bootstrap-maven-resolver/3.20.1/quarkus-bootstrap-maven-resolver-3.20.1.jar:/home/runner/.m2/repository/io/smallrye/beanbag/smallrye-beanbag-maven/1.5.2/smallrye-beanbag-maven-1.5.2.jar:/home/runner/.m2/repository/io/smallrye/beanbag/smallrye-beanbag-sisu/1.5.2/smallrye-beanbag-sisu-1.5.2.jar:/home/runner/.m2/repository/io/smallrye/beanbag/smallrye-beanbag/1.5.2/smallrye-beanbag-1.5.2.jar:/home/runner/.m2/repository/javax/inject/javax.inject/1/javax.inject-1.jar:/home/runner/.m2/repository/org/apache/maven/maven-artifact/3.9.9/maven-artifact-3.9.9.jar:/home/runner/.m2/repository/org/apache/maven/maven-builder-support/3.9.9/maven-builder-support-3.9.9.jar:/home/runner/.m2/repository/org/apache/maven/maven-model/3.9.9/maven-model-3.9.9.jar:/home/runner/.m2/repository/org/apache/maven/maven-model-builder/3.9.9/maven-model-builder-3.9.9.jar:/home/runner/.m2/repository/org/apache/maven/maven-repository-metadata/3.9.9/maven-repository-metadata-3.9.9.jar:/home/runner/.m2/repository/org/apache/maven/maven-settings/3.9.9/maven-settings-3.9.9.jar:/home/runner/.m2/repository/org/apache/maven/resolver/maven-resolver-api/1.9.22/maven-resolver-api-1.9.22.jar:/home/runner/.m2/repository/org/apache/maven/resolver/maven-resolver-impl/1.9.22/maven-resolver-impl-1.9.22.jar:/home/runner/.m2/repository/org/apache/maven/resolver/maven-resolver-named-locks/1.9.22/maven-resolver-named-locks-1.9.22.jar:/home/runner/.m2/repository/org/apache/maven/resolver/maven-resolver-spi/1.9.22/maven-resolver-spi-1.9.22.jar:/home/runner/.m2/repository/org/apache/maven/resolver/maven-resolver-util/1.9.22/maven-resolver-util-1.9.22.jar:/home/runner/.m2/repository/org/apache/maven/resolver/maven-resolver-transport-http/1.9.20/maven-resolver-transport-http-1.9.20.jar:/home/runner/.m2/repository/org/apache/maven/wagon/wagon-provider-api/3.5.3/wagon-provider-api-3.5.3.jar:/home/runner/.m2/repository/org/apache/maven/wagon/wagon-http-shared/3.5.3/wagon-http-shared-3.5.3.jar:/home/runner/.m2/repository/org/codehaus/plexus/plexus-interpolation/1.26/plexus-interpolation-1.26.jar:/home/runner/.m2/repository/org/codehaus/plexus/plexus-utils/3.5.1/plexus-utils-3.5.1.jar:/home/runner/.m2/repository/org/codehaus/plexus/plexus-xml/4.0.1/plexus-xml-4.0.1.jar:/home/runner/.m2/repository/org/apache/maven/maven-xml-impl/4.0.0-alpha-5/maven-xml-impl-4.0.0-alpha-5.jar:/home/runner/.m2/repository/org/apache/maven/maven-api-xml/4.0.0-alpha-5/maven-api-xml-4.0.0-alpha-5.jar:/home/runner/.m2/repository/org/apache/maven/maven-api-meta/4.0.0-alpha-5/maven-api-meta-4.0.0-alpha-5.jar:/home/runner/.m2/repository/org/codehaus/plexus/plexus-cipher/2.0/plexus-cipher-2.0.jar:/home/runner/.m2/repository/org/codehaus/plexus/plexus-sec-dispatcher/2.0/plexus-sec-dispatcher-2.0.jar:/home/runner/.m2/repository/org/apache/maven/maven-embedder/3.9.9/maven-embedder-3.9.9.jar:/home/runner/.m2/repository/org/apache/maven/maven-core/3.9.9/maven-core-3.9.9.jar:/home/runner/.m2/repository/org/codehaus/plexus/plexus-component-annotations/2.1.0/plexus-component-annotations-2.1.0.jar:/home/runner/.m2/repository/org/apache/maven/maven-plugin-api/3.9.9/maven-plugin-api-3.9.9.jar:/home/runner/.m2/repository/org/apache/maven/shared/maven-shared-utils/3.4.2/maven-shared-utils-3.4.2.jar:/home/runner/.m2/repository/com/google/inject/guice/5.1.0/guice-5.1.0.jar:/home/runner/.m2/repository/aopalliance/aopalliance/1.0/aopalliance-1.0.jar:/home/runner/.m2/repository/org/codehaus/plexus/plexus-classworlds/2.6.0/plexus-classworlds-2.6.0.jar:/home/runner/.m2/repository/commons-cli/commons-cli/1.8.0/commons-cli-1.8.0.jar:/home/runner/.m2/repository/org/eclipse/sisu/org.eclipse.sisu.plexus/0.9.0.M3/org.eclipse.sisu.plexus-0.9.0.M3.jar:/home/runner/.m2/repository/org/apache/maven/maven-settings-builder/3.9.9/maven-settings-builder-3.9.9.jar:/home/runner/.m2/repository/org/apache/maven/maven-resolver-provider/3.9.9/maven-resolver-provider-3.9.9.jar:/home/runner/.m2/repository/org/apache/maven/resolver/maven-resolver-connector-basic/1.9.22/maven-resolver-connector-basic-1.9.22.jar:/home/runner/.m2/repository/org/apache/maven/resolver/maven-resolver-transport-wagon/1.9.22/maven-resolver-transport-wagon-1.9.22.jar:/home/runner/.m2/repository/org/apache/maven/wagon/wagon-http/3.5.3/wagon-http-3.5.3.jar:/home/runner/.m2/repository/org/apache/maven/wagon/wagon-file/3.5.3/wagon-file-3.5.3.jar:/home/runner/.m2/repository/io/quarkus/quarkus-bootstrap-gradle-resolver/3.20.1/quarkus-bootstrap-gradle-resolver-3.20.1.jar:/home/runner/.m2/repository/io/smallrye/jandex/3.3.0/jandex-3.3.0.jar:/home/runner/.m2/repository/org/jboss/logging/commons-logging-jboss-logging/1.0.0.Final/commons-logging-jboss-logging-1.0.0.Final.jar:/home/runner/.m2/repository/io/quarkus/quarkus-junit5-config/3.20.1/quarkus-junit5-config-3.20.1.jar:/home/runner/.m2/repository/org/junit/jupiter/junit-jupiter-api/5.12.1/junit-jupiter-api-5.12.1.jar:/home/runner/.m2/repository/io/smallrye/config/smallrye-config/3.11.4/smallrye-config-3.11.4.jar:/home/runner/.m2/repository/io/smallrye/config/smallrye-config-core/3.11.4/smallrye-config-core-3.11.4.jar:/home/runner/.m2/repository/io/smallrye/common/smallrye-common-classloader/2.12.0/smallrye-common-classloader-2.12.0.jar:/home/runner/.m2/repository/io/smallrye/config/smallrye-config-common/3.11.4/smallrye-config-common-3.11.4.jar:/home/runner/.m2/repository/org/junit/jupiter/junit-jupiter/5.12.1/junit-jupiter-5.12.1.jar:/home/runner/.m2/repository/org/junit/jupiter/junit-jupiter-params/5.12.1/junit-jupiter-params-5.12.1.jar:/home/runner/.m2/repository/org/junit/jupiter/junit-jupiter-engine/5.12.1/junit-jupiter-engine-5.12.1.jar:/home/runner/.m2/repository/io/quarkus/quarkus-core/3.20.1/quarkus-core-3.20.1.jar:/home/runner/.m2/repository/jakarta/enterprise/jakarta.enterprise.cdi-api/4.1.0/jakarta.enterprise.cdi-api-4.1.0.jar:/home/runner/.m2/repository/jakarta/enterprise/jakarta.enterprise.lang-model/4.1.0/jakarta.enterprise.lang-model-4.1.0.jar:/home/runner/.m2/repository/jakarta/el/jakarta.el-api/5.0.1/jakarta.el-api-5.0.1.jar:/home/runner/.m2/repository/jakarta/interceptor/jakarta.interceptor-api/2.2.0/jakarta.interceptor-api-2.2.0.jar:/home/runner/.m2/repository/jakarta/inject/jakarta.inject-api/2.0.1/jakarta.inject-api-2.0.1.jar:/home/runner/.m2/repository/io/smallrye/common/smallrye-common-os/2.12.0/smallrye-common-os-2.12.0.jar:/home/runner/.m2/repository/io/quarkus/quarkus-ide-launcher/3.20.1/quarkus-ide-launcher-3.20.1.jar:/home/runner/.m2/repository/io/quarkus/quarkus-development-mode-spi/3.20.1/quarkus-development-mode-spi-3.20.1.jar:/home/runner/.m2/repository/org/jboss/logging/jboss-logging/3.6.1.Final/jboss-logging-3.6.1.Final.jar:/home/runner/.m2/repository/org/jboss/logmanager/jboss-logmanager/3.1.2.Final/jboss-logmanager-3.1.2.Final.jar:/home/runner/.m2/repository/io/smallrye/common/smallrye-common-constraint/2.12.0/smallrye-common-constraint-2.12.0.jar:/home/runner/.m2/repository/io/smallrye/common/smallrye-common-cpu/2.12.0/smallrye-common-cpu-2.12.0.jar:/home/runner/.m2/repository/io/smallrye/common/smallrye-common-expression/2.12.0/smallrye-common-expression-2.12.0.jar:/home/runner/.m2/repository/io/smallrye/common/smallrye-common-net/2.12.0/smallrye-common-net-2.12.0.jar:/home/runner/.m2/repository/io/smallrye/common/smallrye-common-ref/2.12.0/smallrye-common-ref-2.12.0.jar:/home/runner/.m2/repository/jakarta/json/jakarta.json-api/2.1.3/jakarta.json-api-2.1.3.jar:/home/runner/.m2/repository/org/eclipse/parsson/parsson/1.1.7/parsson-1.1.7.jar:/home/runner/.m2/repository/org/jboss/logging/jboss-logging-annotations/3.0.4.Final/jboss-logging-annotations-3.0.4.Final.jar:/home/runner/.m2/repository/org/jboss/threads/jboss-threads/3.8.0.Final/jboss-threads-3.8.0.Final.jar:/home/runner/.m2/repository/io/smallrye/common/smallrye-common-annotation/2.12.0/smallrye-common-annotation-2.12.0.jar:/home/runner/.m2/repository/io/smallrye/common/smallrye-common-function/2.12.0/smallrye-common-function-2.12.0.jar:/home/runner/.m2/repository/org/jboss/slf4j/slf4j-jboss-logmanager/2.0.0.Final/slf4j-jboss-logmanager-2.0.0.Final.jar:/home/runner/.m2/repository/org/wildfly/common/wildfly-common/2.0.1/wildfly-common-2.0.1.jar:/home/runner/.m2/repository/io/quarkus/quarkus-bootstrap-runner/3.20.1/quarkus-bootstrap-runner-3.20.1.jar:/home/runner/.m2/repository/io/github/crac/org-crac/0.1.3/org-crac-0.1.3.jar:/home/runner/.m2/repository/io/quarkus/quarkus-fs-util/0.0.10/quarkus-fs-util-0.0.10.jar:/home/runner/.m2/repository/org/jboss/marshalling/jboss-marshalling/2.2.2.Final/jboss-marshalling-2.2.2.Final.jar:/home/runner/.m2/repository/io/fabric8/kubernetes-client/7.1.0/kubernetes-client-7.1.0.jar:/home/runner/.m2/repository/io/fabric8/kubernetes-client-api/7.1.0/kubernetes-client-api-7.1.0.jar:/home/runner/.m2/repository/io/fabric8/kubernetes-model-core/7.1.0/kubernetes-model-core-7.1.0.jar:/home/runner/.m2/repository/io/fabric8/kubernetes-model-common/7.1.0/kubernetes-model-common-7.1.0.jar:/home/runner/.m2/repository/javax/annotation/javax.annotation-api/1.3.2/javax.annotation-api-1.3.2.jar:/home/runner/.m2/repository/io/fabric8/kubernetes-model-gatewayapi/7.1.0/kubernetes-model-gatewayapi-7.1.0.jar:/home/runner/.m2/repository/io/fabric8/kubernetes-model-resource/7.1.0/kubernetes-model-resource-7.1.0.jar:/home/runner/.m2/repository/io/fabric8/kubernetes-model-rbac/7.1.0/kubernetes-model-rbac-7.1.0.jar:/home/runner/.m2/repository/io/fabric8/kubernetes-model-admissionregistration/7.1.0/kubernetes-model-admissionregistration-7.1.0.jar:/home/runner/.m2/repository/io/fabric8/kubernetes-model-apps/7.1.0/kubernetes-model-apps-7.1.0.jar:/home/runner/.m2/repository/io/fabric8/kubernetes-model-autoscaling/7.1.0/kubernetes-model-autoscaling-7.1.0.jar:/home/runner/.m2/repository/io/fabric8/kubernetes-model-apiextensions/7.1.0/kubernetes-model-apiextensions-7.1.0.jar:/home/runner/.m2/repository/io/fabric8/kubernetes-model-batch/7.1.0/kubernetes-model-batch-7.1.0.jar:/home/runner/.m2/repository/io/fabric8/kubernetes-model-certificates/7.1.0/kubernetes-model-certificates-7.1.0.jar:/home/runner/.m2/repository/io/fabric8/kubernetes-model-coordination/7.1.0/kubernetes-model-coordination-7.1.0.jar:/home/runner/.m2/repository/io/fabric8/kubernetes-model-discovery/7.1.0/kubernetes-model-discovery-7.1.0.jar:/home/runner/.m2/repository/io/fabric8/kubernetes-model-events/7.1.0/kubernetes-model-events-7.1.0.jar:/home/runner/.m2/repository/io/fabric8/kubernetes-model-extensions/7.1.0/kubernetes-model-extensions-7.1.0.jar:/home/runner/.m2/repository/io/fabric8/kubernetes-model-flowcontrol/7.1.0/kubernetes-model-flowcontrol-7.1.0.jar:/home/runner/.m2/repository/io/fabric8/kubernetes-model-networking/7.1.0/kubernetes-model-networking-7.1.0.jar:/home/runner/.m2/repository/io/fabric8/kubernetes-model-metrics/7.1.0/kubernetes-model-metrics-7.1.0.jar:/home/runner/.m2/repository/io/fabric8/kubernetes-model-policy/7.1.0/kubernetes-model-policy-7.1.0.jar:/home/runner/.m2/repository/io/fabric8/kubernetes-model-scheduling/7.1.0/kubernetes-model-scheduling-7.1.0.jar:/home/runner/.m2/repository/io/fabric8/kubernetes-model-storageclass/7.1.0/kubernetes-model-storageclass-7.1.0.jar:/home/runner/.m2/repository/io/fabric8/kubernetes-model-node/7.1.0/kubernetes-model-node-7.1.0.jar:/home/runner/.m2/repository/org/snakeyaml/snakeyaml-engine/2.9/snakeyaml-engine-2.9.jar:/home/runner/.m2/repository/com/fasterxml/jackson/dataformat/jackson-dataformat-yaml/2.15.2/jackson-dataformat-yaml-2.15.2.jar:/home/runner/.m2/repository/com/fasterxml/jackson/datatype/jackson-datatype-jsr310/2.18.2/jackson-datatype-jsr310-2.18.2.jar:/home/runner/.m2/repository/io/fabric8/zjsonpatch/7.1.0/zjsonpatch-7.1.0.jar:/home/runner/.m2/repository/io/fabric8/kubernetes-httpclient-vertx/7.1.0/kubernetes-httpclient-vertx-7.1.0.jar:/home/runner/.m2/repository/io/vertx/vertx-web-client/4.5.14/vertx-web-client-4.5.14.jar:/home/runner/.m2/repository/io/vertx/vertx-web-common/4.5.14/vertx-web-common-4.5.14.jar:/home/runner/.m2/repository/io/vertx/vertx-auth-common/4.5.14/vertx-auth-common-4.5.14.jar:/home/runner/.m2/repository/io/vertx/vertx-uri-template/4.5.14/vertx-uri-template-4.5.14.jar:/home/runner/.m2/repository/io/fabric8/openshift-client/7.1.0/openshift-client-7.1.0.jar:/home/runner/.m2/repository/io/fabric8/openshift-client-api/7.1.0/openshift-client-api-7.1.0.jar:/home/runner/.m2/repository/io/fabric8/openshift-model/7.1.0/openshift-model-7.1.0.jar:/home/runner/.m2/repository/io/fabric8/openshift-model-autoscaling/7.1.0/openshift-model-autoscaling-7.1.0.jar:/home/runner/.m2/repository/io/fabric8/openshift-model-operator/7.1.0/openshift-model-operator-7.1.0.jar:/home/runner/.m2/repository/io/fabric8/openshift-model-operatorhub/7.1.0/openshift-model-operatorhub-7.1.0.jar:/home/runner/.m2/repository/io/fabric8/openshift-model-machine/7.1.0/openshift-model-machine-7.1.0.jar:/home/runner/.m2/repository/io/fabric8/openshift-model-whereabouts/7.1.0/openshift-model-whereabouts-7.1.0.jar:/home/runner/.m2/repository/io/fabric8/openshift-model-monitoring/7.1.0/openshift-model-monitoring-7.1.0.jar:/home/runner/.m2/repository/io/fabric8/openshift-model-storageversionmigrator/7.1.0/openshift-model-storageversionmigrator-7.1.0.jar:/home/runner/.m2/repository/io/fabric8/openshift-model-tuned/7.1.0/openshift-model-tuned-7.1.0.jar:/home/runner/.m2/repository/io/fabric8/openshift-model-console/7.1.0/openshift-model-console-7.1.0.jar:/home/runner/.m2/repository/io/fabric8/openshift-model-config/7.1.0/openshift-model-config-7.1.0.jar:/home/runner/.m2/repository/io/fabric8/openshift-model-machineconfiguration/7.1.0/openshift-model-machineconfiguration-7.1.0.jar:/home/runner/.m2/repository/io/fabric8/openshift-model-miscellaneous/7.1.0/openshift-model-miscellaneous-7.1.0.jar:/home/runner/.m2/repository/io/fabric8/openshift-model-hive/7.1.0/openshift-model-hive-7.1.0.jar:/home/runner/.m2/repository/io/fabric8/openshift-model-installer/7.1.0/openshift-model-installer-7.1.0.jar:/home/runner/.m2/repository/org/junit/platform/junit-platform-launcher/1.12.1/junit-platform-launcher-1.12.1.jar:/home/runner/.m2/repository/org/junit/platform/junit-platform-engine/1.12.1/junit-platform-engine-1.12.1.jar:/home/runner/.m2/repository/org/opentest4j/opentest4j/1.3.0/opentest4j-1.3.0.jar:/home/runner/.m2/repository/org/junit/platform/junit-platform-commons/1.12.1/junit-platform-commons-1.12.1.jar:/home/runner/.m2/repository/org/apiguardian/apiguardian-api/1.1.2/apiguardian-api-1.1.2.jar:/home/runner/.m2/repository/jakarta/ws/rs/jakarta.ws.rs-api/3.1.0/jakarta.ws.rs-api-3.1.0.jar:/home/runner/work/apicurio-testing/apicurio-testing/clusters/ci419/namespaces/kafkasql/tests/integration/apicurio-registry/java-sdk/target/apicurio-registry-java-sdk-3.0.11-SNAPSHOT.jar:/home/runner/.m2/repository/com/microsoft/kiota/microsoft-kiota-abstractions/1.8.8/microsoft-kiota-abstractions-1.8.8.jar:/home/runner/.m2/repository/io/github/std-uritemplate/std-uritemplate/2.0.0/std-uritemplate-2.0.0.jar:/home/runner/.m2/repository/io/kiota/kiota-http-jdk/0.0.21/kiota-http-jdk-0.0.21.jar:/home/runner/.m2/repository/io/kiota/kiota-http-vertx/0.0.21/kiota-http-vertx-0.0.21.jar:/home/runner/.m2/repository/io/kiota/kiota-serialization-jackson/0.0.21/kiota-serialization-jackson-0.0.21.jar:/home/runner/.m2/repository/com/microsoft/kiota/microsoft-kiota-serialization-text/1.8.8/microsoft-kiota-serialization-text-1.8.8.jar:/home/runner/.m2/repository/com/microsoft/kiota/microsoft-kiota-serialization-form/1.8.8/microsoft-kiota-serialization-form-1.8.8.jar:/home/runner/.m2/repository/com/microsoft/kiota/microsoft-kiota-serialization-multipart/1.8.8/microsoft-kiota-serialization-multipart-1.8.8.jar:/home/runner/.m2/repository/jakarta/annotation/jakarta.annotation-api/3.0.0/jakarta.annotation-api-3.0.0.jar:/home/runner/.m2/repository/io/vertx/vertx-auth-oauth2/4.5.14/vertx-auth-oauth2-4.5.14.jar:/home/runner/work/apicurio-testing/apicurio-testing/clusters/ci419/namespaces/kafkasql/tests/integration/apicurio-registry/java-sdk-v2/target/apicurio-registry-v2-java-sdk-3.0.11-SNAPSHOT.jar:/home/runner/work/apicurio-testing/apicurio-testing/clusters/ci419/namespaces/kafkasql/tests/integration/apicurio-registry/utils/kafka/target/apicurio-registry-utils-kafka-3.0.11-SNAPSHOT-tests.jar:/home/runner/.m2/repository/org/eclipse/microprofile/config/microprofile-config-api/3.1/microprofile-config-api-3.1.jar:/home/runner/.m2/repository/org/apache/kafka/kafka-clients/3.9.1/kafka-clients-3.9.1.jar:/home/runner/.m2/repository/com/github/luben/zstd-jni/1.5.6-4/zstd-jni-1.5.6-4.jar:/home/runner/.m2/repository/org/lz4/lz4-java/1.8.0/lz4-java-1.8.0.jar:/home/runner/.m2/repository/org/xerial/snappy/snappy-java/1.1.10.5/snappy-java-1.1.10.5.jar:/home/runner/.m2/repository/org/slf4j/slf4j-api/2.0.6/slf4j-api-2.0.6.jar:/home/runner/work/apicurio-testing/apicurio-testing/clusters/ci419/namespaces/kafkasql/tests/integration/apicurio-registry/utils/tests/target/apicurio-registry-utils-tests-3.0.11-SNAPSHOT.jar:/home/runner/work/apicurio-testing/apicurio-testing/clusters/ci419/namespaces/kafkasql/tests/integration/apicurio-registry/common/target/apicurio-registry-common-3.0.11-SNAPSHOT.jar:/home/runner/.m2/repository/jakarta/validation/jakarta.validation-api/3.0.2/jakarta.validation-api-3.0.2.jar:/home/runner/.m2/repository/com/github/dasniko/testcontainers-keycloak/3.6.0/testcontainers-keycloak-3.6.0.jar:/home/runner/.m2/repository/org/testcontainers/testcontainers/1.20.6/testcontainers-1.20.6.jar:/home/runner/.m2/repository/org/rnorth/duct-tape/duct-tape/1.0.8/duct-tape-1.0.8.jar:/home/runner/.m2/repository/org/jetbrains/annotations/26.0.2/annotations-26.0.2.jar:/home/runner/.m2/repository/com/github/docker-java/docker-java-transport-zerodep/3.4.1/docker-java-transport-zerodep-3.4.1.jar:/home/runner/.m2/repository/com/github/docker-java/docker-java-transport/3.4.1/docker-java-transport-3.4.1.jar:/home/runner/.m2/repository/net/java/dev/jna/jna/5.8.0/jna-5.8.0.jar:/home/runner/.m2/repository/io/quarkus/quarkus-junit4-mock/3.20.1/quarkus-junit4-mock-3.20.1.jar:/home/runner/.m2/repository/org/jboss/shrinkwrap/shrinkwrap-api/2.0.0-beta-2/shrinkwrap-api-2.0.0-beta-2.jar:/home/runner/.m2/repository/org/jboss/shrinkwrap/shrinkwrap-impl-base/2.0.0-beta-2/shrinkwrap-impl-base-2.0.0-beta-2.jar:/home/runner/.m2/repository/org/jboss/shrinkwrap/shrinkwrap-spi/2.0.0-beta-2/shrinkwrap-spi-2.0.0-beta-2.jar:/home/runner/.m2/repository/org/keycloak/keycloak-admin-client/26.0.4/keycloak-admin-client-26.0.4.jar:/home/runner/.m2/repository/org/keycloak/keycloak-client-common-synced/26.0.4/keycloak-client-common-synced-26.0.4.jar:/home/runner/.m2/repository/jakarta/activation/jakarta.activation-api/2.1.3/jakarta.activation-api-2.1.3.jar:/home/runner/.m2/repository/org/eclipse/microprofile/openapi/microprofile-openapi-api/4.0.2/microprofile-openapi-api-4.0.2.jar:/home/runner/.m2/repository/org/jboss/resteasy/resteasy-client/6.2.12.Final/resteasy-client-6.2.12.Final.jar:/home/runner/.m2/repository/org/jboss/resteasy/resteasy-client-api/6.2.12.Final/resteasy-client-api-6.2.12.Final.jar:/home/runner/.m2/repository/org/jboss/resteasy/resteasy-core-spi/6.2.12.Final/resteasy-core-spi-6.2.12.Final.jar:/home/runner/.m2/repository/org/jboss/resteasy/resteasy-core/6.2.12.Final/resteasy-core-6.2.12.Final.jar:/home/runner/.m2/repository/org/eclipse/angus/angus-activation/2.0.2/angus-activation-2.0.2.jar:/home/runner/.m2/repository/com/ibm/async/asyncutil/0.1.0/asyncutil-0.1.0.jar:/home/runner/.m2/repository/org/reactivestreams/reactive-streams/1.0.4/reactive-streams-1.0.4.jar:/home/runner/.m2/repository/org/jboss/resteasy/resteasy-multipart-provider/6.2.12.Final/resteasy-multipart-provider-6.2.12.Final.jar:/home/runner/.m2/repository/jakarta/mail/jakarta.mail-api/2.1.3/jakarta.mail-api-2.1.3.jar:/home/runner/.m2/repository/org/eclipse/angus/angus-mail/2.0.3/angus-mail-2.0.3.jar:/home/runner/.m2/repository/org/apache/james/apache-mime4j-dom/0.8.12/apache-mime4j-dom-0.8.12.jar:/home/runner/.m2/repository/org/apache/james/apache-mime4j-core/0.8.12/apache-mime4j-core-0.8.12.jar:/home/runner/.m2/repository/org/apache/james/apache-mime4j-storage/0.8.12/apache-mime4j-storage-0.8.12.jar:/home/runner/.m2/repository/org/jboss/resteasy/resteasy-jackson2-provider/6.2.12.Final/resteasy-jackson2-provider-6.2.12.Final.jar:/home/runner/.m2/repository/com/fasterxml/jackson/jakarta/rs/jackson-jakarta-rs-base/2.18.2/jackson-jakarta-rs-base-2.18.2.jar:/home/runner/.m2/repository/com/fasterxml/jackson/jakarta/rs/jackson-jakarta-rs-json-provider/2.18.2/jackson-jakarta-rs-json-provider-2.18.2.jar:/home/runner/.m2/repository/com/fasterxml/jackson/module/jackson-module-jakarta-xmlbind-annotations/2.18.2/jackson-module-jakarta-xmlbind-annotations-2.18.2.jar:/home/runner/.m2/repository/com/github/java-json-tools/json-patch/1.13/json-patch-1.13.jar:/home/runner/.m2/repository/com/github/java-json-tools/msg-simple/1.2/msg-simple-1.2.jar:/home/runner/.m2/repository/com/github/java-json-tools/btf/1.3/btf-1.3.jar:/home/runner/.m2/repository/com/github/java-json-tools/jackson-coreutils/2.0/jackson-coreutils-2.0.jar:/home/runner/.m2/repository/org/jboss/resteasy/resteasy-jaxb-provider/6.2.12.Final/resteasy-jaxb-provider-6.2.12.Final.jar:/home/runner/.m2/repository/org/glassfish/jaxb/codemodel/4.0.5/codemodel-4.0.5.jar:/home/runner/.m2/repository/org/glassfish/jaxb/jaxb-core/4.0.5/jaxb-core-4.0.5.jar:/home/runner/.m2/repository/org/glassfish/jaxb/jaxb-jxc/4.0.5/jaxb-jxc-4.0.5.jar:/home/runner/.m2/repository/org/glassfish/jaxb/jaxb-runtime/4.0.5/jaxb-runtime-4.0.5.jar:/home/runner/.m2/repository/org/glassfish/jaxb/txw2/4.0.5/txw2-4.0.5.jar:/home/runner/.m2/repository/org/glassfish/jaxb/jaxb-xjc/4.0.5/jaxb-xjc-4.0.5.jar:/home/runner/.m2/repository/org/glassfish/jaxb/xsom/4.0.5/xsom-4.0.5.jar:/home/runner/.m2/repository/com/sun/istack/istack-commons-runtime/4.1.2/istack-commons-runtime-4.1.2.jar:/home/runner/.m2/repository/com/sun/istack/istack-commons-tools/4.1.2/istack-commons-tools-4.1.2.jar:/home/runner/.m2/repository/com/sun/xml/bind/external/relaxng-datatype/4.0.5/relaxng-datatype-4.0.5.jar:/home/runner/.m2/repository/com/sun/xml/bind/external/rngom/4.0.5/rngom-4.0.5.jar:/home/runner/.m2/repository/org/testcontainers/mssqlserver/1.20.6/mssqlserver-1.20.6.jar:/home/runner/.m2/repository/org/testcontainers/jdbc/1.20.6/jdbc-1.20.6.jar:/home/runner/.m2/repository/org/testcontainers/database-commons/1.20.6/database-commons-1.20.6.jar:/home/runner/.m2/repository/org/testcontainers/mysql/1.20.6/mysql-1.20.6.jar:/home/runner/.m2/repository/io/strimzi/strimzi-test-container/0.107.0/strimzi-test-container-0.107.0.jar:/home/runner/.m2/repository/org/testcontainers/toxiproxy/1.20.6/toxiproxy-1.20.6.jar:/home/runner/.m2/repository/com/github/docker-java/docker-java-api/3.4.1/docker-java-api-3.4.1.jar:/home/runner/.m2/repository/eu/rekawek/toxiproxy/toxiproxy-java/2.1.7/toxiproxy-java-2.1.7.jar:/home/runner/.m2/repository/junit/junit/4.13.2/junit-4.13.2.jar:/home/runner/.m2/repository/org/hamcrest/hamcrest-core/1.3/hamcrest-core-1.3.jar:/home/runner/.m2/repository/org/testcontainers/pulsar/1.20.4/pulsar-1.20.4.jar:/home/runner/.m2/repository/io/debezium/debezium-testing-testcontainers/2.6.2.Final/debezium-testing-testcontainers-2.6.2.Final.jar:/home/runner/.m2/repository/org/testcontainers/kafka/1.20.6/kafka-1.20.6.jar:/home/runner/.m2/repository/com/squareup/okhttp3/okhttp/4.8.1/okhttp-4.8.1.jar:/home/runner/.m2/repository/com/squareup/okio/okio/3.10.2/okio-3.10.2.jar:/home/runner/.m2/repository/com/squareup/okio/okio-jvm/3.10.2/okio-jvm-3.10.2.jar:/home/runner/.m2/repository/org/jetbrains/kotlin/kotlin-stdlib/2.0.21/kotlin-stdlib-2.0.21.jar:/home/runner/.m2/repository/org/awaitility/awaitility/4.2.2/awaitility-4.2.2.jar:/home/runner/.m2/repository/org/testcontainers/mongodb/1.20.6/mongodb-1.20.6.jar:/home/runner/.m2/repository/org/testcontainers/oracle-xe/1.20.6/oracle-xe-1.20.6.jar:/home/runner/.m2/repository/org/testcontainers/postgresql/1.20.6/postgresql-1.20.6.jar:/home/runner/.m2/repository/org/wiremock/wiremock/3.0.1/wiremock-3.0.1.jar:/home/runner/.m2/repository/org/eclipse/jetty/jetty-server/11.0.15/jetty-server-11.0.15.jar:/home/runner/.m2/repository/org/eclipse/jetty/toolchain/jetty-jakarta-servlet-api/5.0.2/jetty-jakarta-servlet-api-5.0.2.jar:/home/runner/.m2/repository/org/eclipse/jetty/jetty-http/11.0.15/jetty-http-11.0.15.jar:/home/runner/.m2/repository/org/eclipse/jetty/jetty-io/11.0.15/jetty-io-11.0.15.jar:/home/runner/.m2/repository/org/eclipse/jetty/jetty-servlet/11.0.15/jetty-servlet-11.0.15.jar:/home/runner/.m2/repository/org/eclipse/jetty/jetty-security/11.0.15/jetty-security-11.0.15.jar:/home/runner/.m2/repository/org/eclipse/jetty/jetty-servlets/11.0.15/jetty-servlets-11.0.15.jar:/home/runner/.m2/repository/org/eclipse/jetty/jetty-util/11.0.15/jetty-util-11.0.15.jar:/home/runner/.m2/repository/org/eclipse/jetty/jetty-webapp/11.0.15/jetty-webapp-11.0.15.jar:/home/runner/.m2/repository/org/eclipse/jetty/jetty-xml/11.0.15/jetty-xml-11.0.15.jar:/home/runner/.m2/repository/org/eclipse/jetty/jetty-proxy/11.0.15/jetty-proxy-11.0.15.jar:/home/runner/.m2/repository/org/eclipse/jetty/jetty-client/11.0.15/jetty-client-11.0.15.jar:/home/runner/.m2/repository/org/eclipse/jetty/http2/http2-server/11.0.15/http2-server-11.0.15.jar:/home/runner/.m2/repository/org/eclipse/jetty/http2/http2-common/11.0.15/http2-common-11.0.15.jar:/home/runner/.m2/repository/org/eclipse/jetty/http2/http2-hpack/11.0.15/http2-hpack-11.0.15.jar:/home/runner/.m2/repository/org/eclipse/jetty/jetty-alpn-server/11.0.15/jetty-alpn-server-11.0.15.jar:/home/runner/.m2/repository/org/eclipse/jetty/jetty-alpn-java-server/11.0.15/jetty-alpn-java-server-11.0.15.jar:/home/runner/.m2/repository/org/eclipse/jetty/jetty-alpn-java-client/11.0.15/jetty-alpn-java-client-11.0.15.jar:/home/runner/.m2/repository/org/eclipse/jetty/jetty-alpn-client/11.0.15/jetty-alpn-client-11.0.15.jar:/home/runner/.m2/repository/org/apache/httpcomponents/client5/httpclient5/5.2.1/httpclient5-5.2.1.jar:/home/runner/.m2/repository/org/apache/httpcomponents/core5/httpcore5/5.2/httpcore5-5.2.jar:/home/runner/.m2/repository/org/apache/httpcomponents/core5/httpcore5-h2/5.2/httpcore5-h2-5.2.jar:/home/runner/.m2/repository/org/xmlunit/xmlunit-core/2.9.1/xmlunit-core-2.9.1.jar:/home/runner/.m2/repository/jakarta/xml/bind/jakarta.xml.bind-api/4.0.2/jakarta.xml.bind-api-4.0.2.jar:/home/runner/.m2/repository/org/xmlunit/xmlunit-legacy/2.9.1/xmlunit-legacy-2.9.1.jar:/home/runner/.m2/repository/org/xmlunit/xmlunit-placeholders/2.9.1/xmlunit-placeholders-2.9.1.jar:/home/runner/.m2/repository/net/javacrumbs/json-unit/json-unit-core/2.38.0/json-unit-core-2.38.0.jar:/home/runner/.m2/repository/com/jayway/jsonpath/json-path/2.8.0/json-path-2.8.0.jar:/home/runner/.m2/repository/net/minidev/json-smart/2.4.10/json-smart-2.4.10.jar:/home/runner/.m2/repository/net/minidev/accessors-smart/2.4.9/accessors-smart-2.4.9.jar:/home/runner/.m2/repository/org/ow2/asm/asm/9.7.1/asm-9.7.1.jar:/home/runner/.m2/repository/net/sf/jopt-simple/jopt-simple/5.0.4/jopt-simple-5.0.4.jar:/home/runner/.m2/repository/com/github/jknack/handlebars/4.3.1/handlebars-4.3.1.jar:/home/runner/.m2/repository/com/github/jknack/handlebars-helpers/4.3.1/handlebars-helpers-4.3.1.jar:/home/runner/.m2/repository/commons-fileupload/commons-fileupload/1.5/commons-fileupload-1.5.jar:/home/runner/.m2/repository/com/networknt/json-schema-validator/1.5.5/json-schema-validator-1.5.5.jar:/home/runner/.m2/repository/com/ethlo/time/itu/1.10.3/itu-1.10.3.jar:/home/runner/.m2/repository/io/quarkus/quarkus-smallrye-jwt-build/3.20.1/quarkus-smallrye-jwt-build-3.20.1.jar:/home/runner/.m2/repository/io/smallrye/smallrye-jwt-build/4.6.1/smallrye-jwt-build-4.6.1.jar:/home/runner/.m2/repository/org/eclipse/microprofile/jwt/microprofile-jwt-auth-api/2.1/microprofile-jwt-auth-api-2.1.jar:/home/runner/.m2/repository/org/bitbucket/b_c/jose4j/0.9.6/jose4j-0.9.6.jar:/home/runner/.m2/repository/io/smallrye/smallrye-jwt-common/4.6.1/smallrye-jwt-common-4.6.1.jar:/home/runner/.m2/repository/io/quarkus/quarkus-jsonp/3.20.1/quarkus-jsonp-3.20.1.jar:/home/runner/.m2/repository/io/quarkus/quarkus-arc/3.20.1/quarkus-arc-3.20.1.jar:/home/runner/.m2/repository/io/quarkus/arc/arc/3.20.1/arc-3.20.1.jar:/home/runner/.m2/repository/jakarta/transaction/jakarta.transaction-api/2.0.1/jakarta.transaction-api-2.0.1.jar:/home/runner/.m2/repository/io/smallrye/reactive/mutiny/2.8.0/mutiny-2.8.0.jar:/home/runner/.m2/repository/org/jctools/jctools-core/4.0.5/jctools-core-4.0.5.jar:/home/runner/.m2/repository/org/eclipse/microprofile/context-propagation/microprofile-context-propagation-api/1.3/microprofile-context-propagation-api-1.3.jar:/home/runner/.m2/repository/io/apicurio/apicurio-common-rest-client-common/0.1.18.Final/apicurio-common-rest-client-common-0.1.18.Final.jar:/home/runner/work/apicurio-testing/apicurio-testing/clusters/ci419/namespaces/kafkasql/tests/integration/apicurio-registry/utils/maven-plugin/target/apicurio-registry-maven-plugin-3.0.11-SNAPSHOT.jar:/home/runner/.m2/repository/com/fasterxml/jackson/core/jackson-databind/2.18.2/jackson-databind-2.18.2.jar:/home/runner/.m2/repository/org/apache/avro/avro/1.12.0/avro-1.12.0.jar:/home/runner/.m2/repository/com/google/protobuf/protobuf-java/4.31.1/protobuf-java-4.31.1.jar:/home/runner/.m2/repository/com/google/protobuf/protobuf-java-util/4.31.1/protobuf-java-util-4.31.1.jar:/home/runner/.m2/repository/com/google/code/findbugs/jsr305/3.0.2/jsr305-3.0.2.jar:/home/runner/.m2/repository/com/google/code/gson/gson/2.12.1/gson-2.12.1.jar:/home/runner/.m2/repository/com/google/errorprone/error_prone_annotations/2.36.0/error_prone_annotations-2.36.0.jar:/home/runner/.m2/repository/com/google/j2objc/j2objc-annotations/2.8/j2objc-annotations-2.8.jar:/home/runner/work/apicurio-testing/apicurio-testing/clusters/ci419/namespaces/kafkasql/tests/integration/apicurio-registry/schema-util/util-provider/target/apicurio-registry-schema-util-provider-3.0.11-SNAPSHOT.jar:/home/runner/work/apicurio-testing/apicurio-testing/clusters/ci419/namespaces/kafkasql/tests/integration/apicurio-registry/schema-util/common/target/apicurio-registry-schema-util-common-3.0.11-SNAPSHOT.jar:/home/runner/.m2/repository/com/fasterxml/jackson/module/jackson-module-parameter-names/2.18.2/jackson-module-parameter-names-2.18.2.jar:/home/runner/.m2/repository/com/fasterxml/jackson/datatype/jackson-datatype-json-org/2.18.2/jackson-datatype-json-org-2.18.2.jar:/home/runner/work/apicurio-testing/apicurio-testing/clusters/ci419/namespaces/kafkasql/tests/integration/apicurio-registry/schema-util/json/target/apicurio-registry-schema-util-json-3.0.11-SNAPSHOT.jar:/home/runner/.m2/repository/com/github/erosb/everit-json-schema/1.14.5/everit-json-schema-1.14.5.jar:/home/runner/.m2/repository/commons-validator/commons-validator/1.9.0/commons-validator-1.9.0.jar:/home/runner/.m2/repository/commons-digester/commons-digester/2.1/commons-digester-2.1.jar:/home/runner/.m2/repository/commons-collections/commons-collections/3.2.2/commons-collections-3.2.2.jar:/home/runner/.m2/repository/com/damnhandy/handy-uri-templates/2.1.8/handy-uri-templates-2.1.8.jar:/home/runner/.m2/repository/joda-time/joda-time/2.10.2/joda-time-2.10.2.jar:/home/runner/.m2/repository/com/github/erosb/json-sKema/0.20.0/json-sKema-0.20.0.jar:/home/runner/.m2/repository/io/vertx/vertx-json-schema/4.5.14/vertx-json-schema-4.5.14.jar:/home/runner/work/apicurio-testing/apicurio-testing/clusters/ci419/namespaces/kafkasql/tests/integration/apicurio-registry/schema-util/protobuf/target/apicurio-registry-schema-util-protobuf-3.0.11-SNAPSHOT.jar:/home/runner/work/apicurio-testing/apicurio-testing/clusters/ci419/namespaces/kafkasql/tests/integration/apicurio-registry/utils/protobuf-schema-utilities/target/apicurio-registry-protobuf-schema-utilities-3.0.11-SNAPSHOT.jar:/home/runner/.m2/repository/com/google/api/grpc/proto-google-common-protos/2.52.0/proto-google-common-protos-2.52.0.jar:/home/runner/.m2/repository/com/squareup/wire/wire-schema-jvm/5.3.3/wire-schema-jvm-5.3.3.jar:/home/runner/.m2/repository/com/palantir/javapoet/javapoet/0.6.0/javapoet-0.6.0.jar:/home/runner/.m2/repository/com/squareup/kotlinpoet-jvm/2.0.0/kotlinpoet-jvm-2.0.0.jar:/home/runner/.m2/repository/org/jetbrains/kotlin/kotlin-reflect/2.0.21/kotlin-reflect-2.0.21.jar:/home/runner/.m2/repository/com/squareup/wire/wire-runtime-jvm/5.3.3/wire-runtime-jvm-5.3.3.jar:/home/runner/.m2/repository/com/ibm/icu/icu4j/76.1/icu4j-76.1.jar:/home/runner/.m2/repository/com/squareup/okio/okio-fakefilesystem/3.10.2/okio-fakefilesystem-3.10.2.jar:/home/runner/.m2/repository/com/squareup/okio/okio-fakefilesystem-jvm/3.10.2/okio-fakefilesystem-jvm-3.10.2.jar:/home/runner/.m2/repository/org/jetbrains/kotlinx/kotlinx-datetime-jvm/0.6.1/kotlinx-datetime-jvm-0.6.1.jar:/home/runner/work/apicurio-testing/apicurio-testing/clusters/ci419/namespaces/kafkasql/tests/integration/apicurio-registry/schema-util/asyncapi/target/apicurio-registry-schema-util-asyncapi-3.0.11-SNAPSHOT.jar:/home/runner/work/apicurio-testing/apicurio-testing/clusters/ci419/namespaces/kafkasql/tests/integration/apicurio-registry/schema-util/avro/target/apicurio-registry-schema-util-avro-3.0.11-SNAPSHOT.jar:/home/runner/work/apicurio-testing/apicurio-testing/clusters/ci419/namespaces/kafkasql/tests/integration/apicurio-registry/schema-util/graphql/target/apicurio-registry-schema-util-graphql-3.0.11-SNAPSHOT.jar:/home/runner/.m2/repository/com/graphql-java/graphql-java/22.3/graphql-java-22.3.jar:/home/runner/.m2/repository/com/graphql-java/java-dataloader/3.3.0/java-dataloader-3.3.0.jar:/home/runner/work/apicurio-testing/apicurio-testing/clusters/ci419/namespaces/kafkasql/tests/integration/apicurio-registry/schema-util/kconnect/target/apicurio-registry-schema-util-kconnect-3.0.11-SNAPSHOT.jar:/home/runner/work/apicurio-testing/apicurio-testing/clusters/ci419/namespaces/kafkasql/tests/integration/apicurio-registry/schema-util/openapi/target/apicurio-registry-schema-util-openapi-3.0.11-SNAPSHOT.jar:/home/runner/.m2/repository/io/apicurio/apicurio-data-models/2.2.1/apicurio-data-models-2.2.1.jar:/home/runner/.m2/repository/org/openapitools/openapidiff/openapi-diff-core/2.1.2/openapi-diff-core-2.1.2.jar:/home/runner/.m2/repository/io/swagger/parser/v3/swagger-parser/2.1.28/swagger-parser-2.1.28.jar:/home/runner/.m2/repository/io/swagger/parser/v3/swagger-parser-v2-converter/2.1.28/swagger-parser-v2-converter-2.1.28.jar:/home/runner/.m2/repository/io/swagger/swagger-core/1.6.16/swagger-core-1.6.16.jar:/home/runner/.m2/repository/io/swagger/swagger-models/1.6.16/swagger-models-1.6.16.jar:/home/runner/.m2/repository/io/swagger/swagger-annotations/1.6.16/swagger-annotations-1.6.16.jar:/home/runner/.m2/repository/io/swagger/swagger-parser/1.0.75/swagger-parser-1.0.75.jar:/home/runner/.m2/repository/io/swagger/swagger-parser-safe-url-resolver/1.0.75/swagger-parser-safe-url-resolver-1.0.75.jar:/home/runner/.m2/repository/io/swagger/swagger-compat-spec-parser/1.0.75/swagger-compat-spec-parser-1.0.75.jar:/home/runner/.m2/repository/com/github/java-json-tools/json-schema-validator/2.2.14/json-schema-validator-2.2.14.jar:/home/runner/.m2/repository/com/github/java-json-tools/jackson-coreutils-equivalence/1.0/jackson-coreutils-equivalence-1.0.jar:/home/runner/.m2/repository/com/github/java-json-tools/json-schema-core/1.2.14/json-schema-core-1.2.14.jar:/home/runner/.m2/repository/com/github/java-json-tools/uri-template/0.10/uri-template-0.10.jar:/home/runner/.m2/repository/com/googlecode/libphonenumber/libphonenumber/8.11.1/libphonenumber-8.11.1.jar:/home/runner/.m2/repository/com/j2html/j2html/1.6.0/j2html-1.6.0.jar:/home/runner/.m2/repository/org/apache/commons/commons-collections4/4.5.0/commons-collections4-4.5.0.jar:/home/runner/.m2/repository/org/apache/commons/commons-configuration2/2.12.0/commons-configuration2-2.12.0.jar:/home/runner/.m2/repository/org/apache/commons/commons-text/1.13.0/commons-text-1.13.0.jar:/home/runner/.m2/repository/org/slf4j/jcl-over-slf4j/2.0.17/jcl-over-slf4j-2.0.17.jar:/home/runner/.m2/repository/io/swagger/parser/v3/swagger-parser-v3/2.1.30/swagger-parser-v3-2.1.30.jar:/home/runner/.m2/repository/io/swagger/core/v3/swagger-models/2.2.34/swagger-models-2.2.34.jar:/home/runner/.m2/repository/io/swagger/core/v3/swagger-core/2.2.34/swagger-core-2.2.34.jar:/home/runner/.m2/repository/io/swagger/parser/v3/swagger-parser-core/2.1.30/swagger-parser-core-2.1.30.jar:/home/runner/.m2/repository/io/swagger/parser/v3/swagger-parser-safe-url-resolver/2.1.30/swagger-parser-safe-url-resolver-2.1.30.jar:/home/runner/work/apicurio-testing/apicurio-testing/clusters/ci419/namespaces/kafkasql/tests/integration/apicurio-registry/schema-util/wsdl/target/apicurio-registry-schema-util-wsdl-3.0.11-SNAPSHOT.jar:/home/runner/.m2/repository/wsdl4j/wsdl4j/1.6.3/wsdl4j-1.6.3.jar:/home/runner/work/apicurio-testing/apicurio-testing/clusters/ci419/namespaces/kafkasql/tests/integration/apicurio-registry/schema-util/xml/target/apicurio-registry-schema-util-xml-3.0.11-SNAPSHOT.jar:/home/runner/.m2/repository/org/apache/santuario/xmlsec/4.0.3/xmlsec-4.0.3.jar:/home/runner/.m2/repository/com/fasterxml/woodstox/woodstox-core/7.1.0/woodstox-core-7.1.0.jar:/home/runner/.m2/repository/org/codehaus/woodstox/stax2-api/4.2.2/stax2-api-4.2.2.jar:/home/runner/work/apicurio-testing/apicurio-testing/clusters/ci419/namespaces/kafkasql/tests/integration/apicurio-registry/schema-util/xsd/target/apicurio-registry-schema-util-xsd-3.0.11-SNAPSHOT.jar:/home/runner/work/apicurio-testing/apicurio-testing/clusters/ci419/namespaces/kafkasql/tests/integration/apicurio-registry/serdes/kafka/jsonschema-serde/target/apicurio-registry-jsonschema-serde-kafka-3.0.11-SNAPSHOT.jar:/home/runner/work/apicurio-testing/apicurio-testing/clusters/ci419/namespaces/kafkasql/tests/integration/apicurio-registry/serdes/kafka/serde-kafka-common/target/apicurio-registry-serde-kafka-common-3.0.11-SNAPSHOT.jar:/home/runner/work/apicurio-testing/apicurio-testing/clusters/ci419/namespaces/kafkasql/tests/integration/apicurio-registry/serdes/generic/serde-common/target/apicurio-registry-serde-common-3.0.11-SNAPSHOT.jar:/home/runner/work/apicurio-testing/apicurio-testing/clusters/ci419/namespaces/kafkasql/tests/integration/apicurio-registry/serdes/generic/serde-common-jsonschema/target/apicurio-registry-serde-common-jsonschema-3.0.11-SNAPSHOT.jar:/home/runner/.m2/repository/org/json/json/20250107/json-20250107.jar:/home/runner/work/apicurio-testing/apicurio-testing/clusters/ci419/namespaces/kafkasql/tests/integration/apicurio-registry/serdes/kafka/avro-serde/target/apicurio-registry-avro-serde-kafka-3.0.11-SNAPSHOT.jar:/home/runner/work/apicurio-testing/apicurio-testing/clusters/ci419/namespaces/kafkasql/tests/integration/apicurio-registry/serdes/generic/serde-common-avro/target/apicurio-registry-serde-common-avro-3.0.11-SNAPSHOT.jar:/home/runner/work/apicurio-testing/apicurio-testing/clusters/ci419/namespaces/kafkasql/tests/integration/apicurio-registry/serdes/kafka/protobuf-serde/target/apicurio-registry-protobuf-serde-kafka-3.0.11-SNAPSHOT.jar:/home/runner/work/apicurio-testing/apicurio-testing/clusters/ci419/namespaces/kafkasql/tests/integration/apicurio-registry/serdes/generic/serde-common-protobuf/target/apicurio-registry-serde-common-protobuf-3.0.11-SNAPSHOT.jar:/home/runner/.m2/repository/com/squareup/wire/wire-schema/5.3.3/wire-schema-5.3.3.jar:/home/runner/.m2/repository/com/squareup/wire/wire-runtime/5.3.3/wire-runtime-5.3.3.jar:/home/runner/work/apicurio-testing/apicurio-testing/clusters/ci419/namespaces/kafkasql/tests/integration/apicurio-registry/serdes/pulsar/avro-serde/target/apicurio-registry-avro-serde-pulsar-3.0.11-SNAPSHOT.jar:/home/runner/.m2/repository/org/apache/pulsar/pulsar-functions-api/3.3.4/pulsar-functions-api-3.3.4.jar:/home/runner/work/apicurio-testing/apicurio-testing/clusters/ci419/namespaces/kafkasql/tests/integration/apicurio-registry/serdes/nats/avro-serde/target/apicurio-registry-avro-serde-nats-3.0.11-SNAPSHOT.jar:/home/runner/.m2/repository/io/nats/jnats/2.20.5/jnats-2.20.5.jar:/home/runner/.m2/repository/net/i2p/crypto/eddsa/0.3.0/eddsa-0.3.0.jar:/home/runner/work/apicurio-testing/apicurio-testing/clusters/ci419/namespaces/kafkasql/tests/integration/apicurio-registry/utils/converter/target/apicurio-registry-utils-converter-3.0.11-SNAPSHOT.jar:/home/runner/work/apicurio-testing/apicurio-testing/clusters/ci419/namespaces/kafkasql/tests/integration/apicurio-registry/schema-resolver/target/apicurio-registry-schema-resolver-3.0.11-SNAPSHOT.jar:/home/runner/.m2/repository/org/apache/kafka/connect-api/3.9.1/connect-api-3.9.1.jar:/home/runner/.m2/repository/javax/ws/rs/javax.ws.rs-api/2.1.1/javax.ws.rs-api-2.1.1.jar:/home/runner/.m2/repository/org/apache/kafka/connect-json/3.9.1/connect-json-3.9.1.jar:/home/runner/.m2/repository/com/fasterxml/jackson/datatype/jackson-datatype-jdk8/2.18.2/jackson-datatype-jdk8-2.18.2.jar:/home/runner/.m2/repository/com/fasterxml/jackson/module/jackson-module-afterburner/2.18.2/jackson-module-afterburner-2.18.2.jar:/home/runner/work/apicurio-testing/apicurio-testing/clusters/ci419/namespaces/kafkasql/tests/integration/apicurio-registry/utils/kafka/target/apicurio-registry-utils-kafka-3.0.11-SNAPSHOT.jar:/home/runner/.m2/repository/org/apache/pulsar/pulsar-client/3.3.4/pulsar-client-3.3.4.jar:/home/runner/.m2/repository/org/apache/pulsar/pulsar-client-api/3.3.4/pulsar-client-api-3.3.4.jar:/home/runner/.m2/repository/org/apache/pulsar/pulsar-client-admin-api/3.3.4/pulsar-client-admin-api-3.3.4.jar:/home/runner/.m2/repository/org/apache/pulsar/bouncy-castle-bc/3.3.4/bouncy-castle-bc-3.3.4-pkg.jar:/home/runner/.m2/repository/org/bouncycastle/bcpkix-jdk18on/1.80/bcpkix-jdk18on-1.80.jar:/home/runner/.m2/repository/org/bouncycastle/bcutil-jdk18on/1.80/bcutil-jdk18on-1.80.jar:/home/runner/.m2/repository/org/bouncycastle/bcprov-jdk18on/1.80/bcprov-jdk18on-1.80.jar:/home/runner/.m2/repository/io/opentelemetry/opentelemetry-api/1.44.1/opentelemetry-api-1.44.1.jar:/home/runner/.m2/repository/io/opentelemetry/opentelemetry-context/1.44.1/opentelemetry-context-1.44.1.jar:/home/runner/.m2/repository/io/opentelemetry/opentelemetry-api-incubator/1.44.1-alpha/opentelemetry-api-incubator-1.44.1-alpha.jar:/home/runner/.m2/repository/com/fasterxml/jackson/core/jackson-annotations/2.18.2/jackson-annotations-2.18.2.jar:/home/runner/.m2/repository/javax/validation/validation-api/1.1.0.Final/validation-api-1.1.0.Final.jar:/home/runner/.m2/repository/io/confluent/kafka-avro-serializer/8.0.0/kafka-avro-serializer-8.0.0.jar:/home/runner/.m2/repository/org/apache/commons/commons-compress/1.27.1/commons-compress-1.27.1.jar:/home/runner/.m2/repository/io/confluent/kafka-schema-serializer/8.0.0/kafka-schema-serializer-8.0.0.jar:/home/runner/.m2/repository/com/fasterxml/jackson/dataformat/jackson-dataformat-csv/2.18.2/jackson-dataformat-csv-2.18.2.jar:/home/runner/.m2/repository/io/confluent/kafka-schema-registry-client/8.0.0/kafka-schema-registry-client-8.0.0.jar:/home/runner/.m2/repository/org/yaml/snakeyaml/2.3/snakeyaml-2.3.jar:/home/runner/.m2/repository/io/swagger/core/v3/swagger-annotations/2.2.29/swagger-annotations-2.2.29.jar:/home/runner/.m2/repository/com/google/guava/guava/33.4.0-jre/guava-33.4.0-jre.jar:/home/runner/.m2/repository/com/google/guava/failureaccess/1.0.1/failureaccess-1.0.1.jar:/home/runner/.m2/repository/org/checkerframework/checker-qual/3.49.0/checker-qual-3.49.0.jar:/home/runner/.m2/repository/io/confluent/logredactor/1.0.13/logredactor-1.0.13.jar:/home/runner/.m2/repository/com/google/re2j/re2j/1.6/re2j-1.6.jar:/home/runner/.m2/repository/io/confluent/logredactor-metrics/1.0.13/logredactor-metrics-1.0.13.jar:/home/runner/.m2/repository/com/eclipsesource/minimal-json/minimal-json/0.9.5/minimal-json-0.9.5.jar:/home/runner/.m2/repository/io/confluent/common-utils/8.0.0/common-utils-8.0.0.jar:/home/runner/.m2/repository/io/confluent/kafka-connect-avro-converter/8.0.0/kafka-connect-avro-converter-8.0.0.jar:/home/runner/.m2/repository/io/confluent/kafka-connect-avro-data/8.0.0/kafka-connect-avro-data-8.0.0.jar:/home/runner/.m2/repository/io/confluent/kafka-schema-converter/8.0.0/kafka-schema-converter-8.0.0.jar:/home/runner/.m2/repository/io/rest-assured/rest-assured/5.5.1/rest-assured-5.5.1.jar:/home/runner/.m2/repository/org/apache/groovy/groovy/4.0.22/groovy-4.0.22.jar:/home/runner/.m2/repository/org/apache/groovy/groovy-xml/4.0.22/groovy-xml-4.0.22.jar:/home/runner/.m2/repository/org/apache/httpcomponents/httpclient/4.5.14/httpclient-4.5.14.jar:/home/runner/.m2/repository/org/apache/httpcomponents/httpcore/4.4.16/httpcore-4.4.16.jar:/home/runner/.m2/repository/org/apache/httpcomponents/httpmime/4.5.14/httpmime-4.5.14.jar:/home/runner/.m2/repository/org/hamcrest/hamcrest/2.2/hamcrest-2.2.jar:/home/runner/.m2/repository/org/ccil/cowan/tagsoup/tagsoup/1.2.1/tagsoup-1.2.1.jar:/home/runner/.m2/repository/io/rest-assured/json-path/5.5.1/json-path-5.5.1.jar:/home/runner/.m2/repository/org/apache/groovy/groovy-json/4.0.22/groovy-json-4.0.22.jar:/home/runner/.m2/repository/io/rest-assured/rest-assured-common/5.5.1/rest-assured-common-5.5.1.jar:/home/runner/.m2/repository/io/rest-assured/xml-path/5.5.1/xml-path-5.5.1.jar:/home/runner/.m2/repository/io/zonky/test/embedded-postgres/2.1.0/embedded-postgres-2.1.0.jar:/home/runner/.m2/repository/io/zonky/test/postgres/embedded-postgres-binaries-windows-amd64/14.15.0/embedded-postgres-binaries-windows-amd64-14.15.0.jar:/home/runner/.m2/repository/io/zonky/test/postgres/embedded-postgres-binaries-darwin-amd64/14.15.0/embedded-postgres-binaries-darwin-amd64-14.15.0.jar:/home/runner/.m2/repository/io/zonky/test/postgres/embedded-postgres-binaries-linux-amd64/14.15.0/embedded-postgres-binaries-linux-amd64-14.15.0.jar:/home/runner/.m2/repository/io/zonky/test/postgres/embedded-postgres-binaries-linux-amd64-alpine/14.15.0/embedded-postgres-binaries-linux-amd64-alpine-14.15.0.jar:/home/runner/.m2/repository/org/apache/commons/commons-lang3/3.17.0/commons-lang3-3.17.0.jar:/home/runner/.m2/repository/org/tukaani/xz/1.10/xz-1.10.jar:/home/runner/.m2/repository/commons-codec/commons-codec/1.18.0/commons-codec-1.18.0.jar:/home/runner/.m2/repository/org/postgresql/postgresql/42.7.5/postgresql-42.7.5.jar:/home/runner/.m2/repository/commons-io/commons-io/2.18.0/commons-io-2.18.0.jar:/home/runner/work/apicurio-testing/apicurio-testing/clusters/ci419/namespaces/kafkasql/tests/integration/apicurio-registry/utils/importexport/target/apicurio-registry-utils-import-export-3.0.11-SNAPSHOT.jar:/home/runner/.m2/repository/io/vertx/vertx-core/4.5.14/vertx-core-4.5.14.jar:/home/runner/.m2/repository/io/netty/netty-common/4.1.119.Final/netty-common-4.1.119.Final.jar:/home/runner/.m2/repository/io/netty/netty-buffer/4.1.119.Final/netty-buffer-4.1.119.Final.jar:/home/runner/.m2/repository/io/netty/netty-transport/4.1.119.Final/netty-transport-4.1.119.Final.jar:/home/runner/.m2/repository/io/netty/netty-handler/4.1.119.Final/netty-handler-4.1.119.Final.jar:/home/runner/.m2/repository/io/netty/netty-transport-native-unix-common/4.1.119.Final/netty-transport-native-unix-common-4.1.119.Final.jar:/home/runner/.m2/repository/io/netty/netty-codec/4.1.119.Final/netty-codec-4.1.119.Final.jar:/home/runner/.m2/repository/io/netty/netty-handler-proxy/4.1.119.Final/netty-handler-proxy-4.1.119.Final.jar:/home/runner/.m2/repository/io/netty/netty-codec-socks/4.1.119.Final/netty-codec-socks-4.1.119.Final.jar:/home/runner/.m2/repository/io/netty/netty-codec-http/4.1.119.Final/netty-codec-http-4.1.119.Final.jar:/home/runner/.m2/repository/io/netty/netty-codec-http2/4.1.119.Final/netty-codec-http2-4.1.119.Final.jar:/home/runner/.m2/repository/io/netty/netty-resolver/4.1.119.Final/netty-resolver-4.1.119.Final.jar:/home/runner/.m2/repository/io/netty/netty-resolver-dns/4.1.119.Final/netty-resolver-dns-4.1.119.Final.jar:/home/runner/.m2/repository/io/netty/netty-codec-dns/4.1.119.Final/netty-codec-dns-4.1.119.Final.jar:/home/runner/.m2/repository/com/fasterxml/jackson/core/jackson-core/2.18.2/jackson-core-2.18.2.jar:"/>
    <property name="java.vm.vendor" value="Eclipse Adoptium"/>
    <property name="maven.javadoc.skip" value="true"/>
    <property name="sun.arch.data.model" value="64"/>
    <property name="java.vendor.url" value="https://adoptium.net/"/>
    <property name="user.timezone" value="Etc/UTC"/>
    <property name="os.name" value="Linux"/>
    <property name="java.vm.specification.version" value="17"/>
    <property name="sun.java.launcher" value="SUN_STANDARD"/>
    <property name="quarkus.http.test-port" value="80"/>
    <property name="sun.boot.library.path" value="/usr/lib/jvm/temurin-17-jdk-amd64/lib"/>
    <property name="sun.java.command" value="/home/runner/work/apicurio-testing/apicurio-testing/clusters/ci419/namespaces/kafkasql/tests/integration/apicurio-registry/integration-tests/target/surefire/surefirebooter-20250731181711866_3.jar /home/runner/work/apicurio-testing/apicurio-testing/clusters/ci419/namespaces/kafkasql/tests/integration/apicurio-registry/integration-tests/target/surefire 2025-07-31T18-17-11_806-jvmRun1 surefire-20250731181711866_1tmp surefire_0-20250731181711866_2tmp"/>
    <property name="maven.home" value="/home/runner/.m2/wrapper/dists/apache-maven-3.9.8-bin/4fnp1ql35bgk2a0p7m31ovbgb0/apache-maven-3.9.8"/>
    <property name="jdk.debug" value="release"/>
    <property name="surefire.test.class.path" value="/home/runner/work/apicurio-testing/apicurio-testing/clusters/ci419/namespaces/kafkasql/tests/integration/apicurio-registry/integration-tests/target/test-classes:/home/runner/work/apicurio-testing/apicurio-testing/clusters/ci419/namespaces/kafkasql/tests/integration/apicurio-registry/integration-tests/target/apicurio-registry-integration-tests-3.0.11-SNAPSHOT.jar:/home/runner/.m2/repository/io/quarkus/quarkus-junit5/3.20.1/quarkus-junit5-3.20.1.jar:/home/runner/.m2/repository/io/quarkus/quarkus-bootstrap-core/3.20.1/quarkus-bootstrap-core-3.20.1.jar:/home/runner/.m2/repository/io/quarkus/quarkus-classloader-commons/3.20.1/quarkus-classloader-commons-3.20.1.jar:/home/runner/.m2/repository/io/quarkus/quarkus-bootstrap-app-model/3.20.1/quarkus-bootstrap-app-model-3.20.1.jar:/home/runner/.m2/repository/io/smallrye/common/smallrye-common-io/2.12.0/smallrye-common-io-2.12.0.jar:/home/runner/.m2/repository/org/eclipse/sisu/org.eclipse.sisu.inject/0.9.0.M3/org.eclipse.sisu.inject-0.9.0.M3.jar:/home/runner/.m2/repository/io/quarkus/quarkus-test-common/3.20.1/quarkus-test-common-3.20.1.jar:/home/runner/.m2/repository/io/quarkus/quarkus-core-deployment/3.20.1/quarkus-core-deployment-3.20.1.jar:/home/runner/.m2/repository/org/aesh/readline/2.6/readline-2.6.jar:/home/runner/.m2/repository/org/fusesource/jansi/jansi/2.4.0/jansi-2.4.0.jar:/home/runner/.m2/repository/org/aesh/aesh/2.8.2/aesh-2.8.2.jar:/home/runner/.m2/repository/io/quarkus/gizmo/gizmo/1.8.0/gizmo-1.8.0.jar:/home/runner/.m2/repository/org/ow2/asm/asm-util/9.7.1/asm-util-9.7.1.jar:/home/runner/.m2/repository/org/ow2/asm/asm-analysis/9.7.1/asm-analysis-9.7.1.jar:/home/runner/.m2/repository/org/ow2/asm/asm-commons/9.7.1/asm-commons-9.7.1.jar:/home/runner/.m2/repository/org/ow2/asm/asm-tree/9.7.1/asm-tree-9.7.1.jar:/home/runner/.m2/repository/io/quarkus/quarkus-hibernate-validator-spi/3.20.1/quarkus-hibernate-validator-spi-3.20.1.jar:/home/runner/.m2/repository/io/quarkus/quarkus-class-change-agent/3.20.1/quarkus-class-change-agent-3.20.1.jar:/home/runner/.m2/repository/io/quarkus/quarkus-devtools-utilities/3.20.1/quarkus-devtools-utilities-3.20.1.jar:/home/runner/.m2/repository/io/quarkus/quarkus-builder/3.20.1/quarkus-builder-3.20.1.jar:/home/runner/.m2/repository/org/graalvm/sdk/nativeimage/23.1.2/nativeimage-23.1.2.jar:/home/runner/.m2/repository/org/graalvm/sdk/word/23.1.2/word-23.1.2.jar:/home/runner/.m2/repository/io/quarkus/quarkus-bootstrap-maven-resolver/3.20.1/quarkus-bootstrap-maven-resolver-3.20.1.jar:/home/runner/.m2/repository/io/smallrye/beanbag/smallrye-beanbag-maven/1.5.2/smallrye-beanbag-maven-1.5.2.jar:/home/runner/.m2/repository/io/smallrye/beanbag/smallrye-beanbag-sisu/1.5.2/smallrye-beanbag-sisu-1.5.2.jar:/home/runner/.m2/repository/io/smallrye/beanbag/smallrye-beanbag/1.5.2/smallrye-beanbag-1.5.2.jar:/home/runner/.m2/repository/javax/inject/javax.inject/1/javax.inject-1.jar:/home/runner/.m2/repository/org/apache/maven/maven-artifact/3.9.9/maven-artifact-3.9.9.jar:/home/runner/.m2/repository/org/apache/maven/maven-builder-support/3.9.9/maven-builder-support-3.9.9.jar:/home/runner/.m2/repository/org/apache/maven/maven-model/3.9.9/maven-model-3.9.9.jar:/home/runner/.m2/repository/org/apache/maven/maven-model-builder/3.9.9/maven-model-builder-3.9.9.jar:/home/runner/.m2/repository/org/apache/maven/maven-repository-metadata/3.9.9/maven-repository-metadata-3.9.9.jar:/home/runner/.m2/repository/org/apache/maven/maven-settings/3.9.9/maven-settings-3.9.9.jar:/home/runner/.m2/repository/org/apache/maven/resolver/maven-resolver-api/1.9.22/maven-resolver-api-1.9.22.jar:/home/runner/.m2/repository/org/apache/maven/resolver/maven-resolver-impl/1.9.22/maven-resolver-impl-1.9.22.jar:/home/runner/.m2/repository/org/apache/maven/resolver/maven-resolver-named-locks/1.9.22/maven-resolver-named-locks-1.9.22.jar:/home/runner/.m2/repository/org/apache/maven/resolver/maven-resolver-spi/1.9.22/maven-resolver-spi-1.9.22.jar:/home/runner/.m2/repository/org/apache/maven/resolver/maven-resolver-util/1.9.22/maven-resolver-util-1.9.22.jar:/home/runner/.m2/repository/org/apache/maven/resolver/maven-resolver-transport-http/1.9.20/maven-resolver-transport-http-1.9.20.jar:/home/runner/.m2/repository/org/apache/maven/wagon/wagon-provider-api/3.5.3/wagon-provider-api-3.5.3.jar:/home/runner/.m2/repository/org/apache/maven/wagon/wagon-http-shared/3.5.3/wagon-http-shared-3.5.3.jar:/home/runner/.m2/repository/org/codehaus/plexus/plexus-interpolation/1.26/plexus-interpolation-1.26.jar:/home/runner/.m2/repository/org/codehaus/plexus/plexus-utils/3.5.1/plexus-utils-3.5.1.jar:/home/runner/.m2/repository/org/codehaus/plexus/plexus-xml/4.0.1/plexus-xml-4.0.1.jar:/home/runner/.m2/repository/org/apache/maven/maven-xml-impl/4.0.0-alpha-5/maven-xml-impl-4.0.0-alpha-5.jar:/home/runner/.m2/repository/org/apache/maven/maven-api-xml/4.0.0-alpha-5/maven-api-xml-4.0.0-alpha-5.jar:/home/runner/.m2/repository/org/apache/maven/maven-api-meta/4.0.0-alpha-5/maven-api-meta-4.0.0-alpha-5.jar:/home/runner/.m2/repository/org/codehaus/plexus/plexus-cipher/2.0/plexus-cipher-2.0.jar:/home/runner/.m2/repository/org/codehaus/plexus/plexus-sec-dispatcher/2.0/plexus-sec-dispatcher-2.0.jar:/home/runner/.m2/repository/org/apache/maven/maven-embedder/3.9.9/maven-embedder-3.9.9.jar:/home/runner/.m2/repository/org/apache/maven/maven-core/3.9.9/maven-core-3.9.9.jar:/home/runner/.m2/repository/org/codehaus/plexus/plexus-component-annotations/2.1.0/plexus-component-annotations-2.1.0.jar:/home/runner/.m2/repository/org/apache/maven/maven-plugin-api/3.9.9/maven-plugin-api-3.9.9.jar:/home/runner/.m2/repository/org/apache/maven/shared/maven-shared-utils/3.4.2/maven-shared-utils-3.4.2.jar:/home/runner/.m2/repository/com/google/inject/guice/5.1.0/guice-5.1.0.jar:/home/runner/.m2/repository/aopalliance/aopalliance/1.0/aopalliance-1.0.jar:/home/runner/.m2/repository/org/codehaus/plexus/plexus-classworlds/2.6.0/plexus-classworlds-2.6.0.jar:/home/runner/.m2/repository/commons-cli/commons-cli/1.8.0/commons-cli-1.8.0.jar:/home/runner/.m2/repository/org/eclipse/sisu/org.eclipse.sisu.plexus/0.9.0.M3/org.eclipse.sisu.plexus-0.9.0.M3.jar:/home/runner/.m2/repository/org/apache/maven/maven-settings-builder/3.9.9/maven-settings-builder-3.9.9.jar:/home/runner/.m2/repository/org/apache/maven/maven-resolver-provider/3.9.9/maven-resolver-provider-3.9.9.jar:/home/runner/.m2/repository/org/apache/maven/resolver/maven-resolver-connector-basic/1.9.22/maven-resolver-connector-basic-1.9.22.jar:/home/runner/.m2/repository/org/apache/maven/resolver/maven-resolver-transport-wagon/1.9.22/maven-resolver-transport-wagon-1.9.22.jar:/home/runner/.m2/repository/org/apache/maven/wagon/wagon-http/3.5.3/wagon-http-3.5.3.jar:/home/runner/.m2/repository/org/apache/maven/wagon/wagon-file/3.5.3/wagon-file-3.5.3.jar:/home/runner/.m2/repository/io/quarkus/quarkus-bootstrap-gradle-resolver/3.20.1/quarkus-bootstrap-gradle-resolver-3.20.1.jar:/home/runner/.m2/repository/io/smallrye/jandex/3.3.0/jandex-3.3.0.jar:/home/runner/.m2/repository/org/jboss/logging/commons-logging-jboss-logging/1.0.0.Final/commons-logging-jboss-logging-1.0.0.Final.jar:/home/runner/.m2/repository/io/quarkus/quarkus-junit5-config/3.20.1/quarkus-junit5-config-3.20.1.jar:/home/runner/.m2/repository/org/junit/jupiter/junit-jupiter-api/5.12.1/junit-jupiter-api-5.12.1.jar:/home/runner/.m2/repository/io/smallrye/config/smallrye-config/3.11.4/smallrye-config-3.11.4.jar:/home/runner/.m2/repository/io/smallrye/config/smallrye-config-core/3.11.4/smallrye-config-core-3.11.4.jar:/home/runner/.m2/repository/io/smallrye/common/smallrye-common-classloader/2.12.0/smallrye-common-classloader-2.12.0.jar:/home/runner/.m2/repository/io/smallrye/config/smallrye-config-common/3.11.4/smallrye-config-common-3.11.4.jar:/home/runner/.m2/repository/org/junit/jupiter/junit-jupiter/5.12.1/junit-jupiter-5.12.1.jar:/home/runner/.m2/repository/org/junit/jupiter/junit-jupiter-params/5.12.1/junit-jupiter-params-5.12.1.jar:/home/runner/.m2/repository/org/junit/jupiter/junit-jupiter-engine/5.12.1/junit-jupiter-engine-5.12.1.jar:/home/runner/.m2/repository/io/quarkus/quarkus-core/3.20.1/quarkus-core-3.20.1.jar:/home/runner/.m2/repository/jakarta/enterprise/jakarta.enterprise.cdi-api/4.1.0/jakarta.enterprise.cdi-api-4.1.0.jar:/home/runner/.m2/repository/jakarta/enterprise/jakarta.enterprise.lang-model/4.1.0/jakarta.enterprise.lang-model-4.1.0.jar:/home/runner/.m2/repository/jakarta/el/jakarta.el-api/5.0.1/jakarta.el-api-5.0.1.jar:/home/runner/.m2/repository/jakarta/interceptor/jakarta.interceptor-api/2.2.0/jakarta.interceptor-api-2.2.0.jar:/home/runner/.m2/repository/jakarta/inject/jakarta.inject-api/2.0.1/jakarta.inject-api-2.0.1.jar:/home/runner/.m2/repository/io/smallrye/common/smallrye-common-os/2.12.0/smallrye-common-os-2.12.0.jar:/home/runner/.m2/repository/io/quarkus/quarkus-ide-launcher/3.20.1/quarkus-ide-launcher-3.20.1.jar:/home/runner/.m2/repository/io/quarkus/quarkus-development-mode-spi/3.20.1/quarkus-development-mode-spi-3.20.1.jar:/home/runner/.m2/repository/org/jboss/logging/jboss-logging/3.6.1.Final/jboss-logging-3.6.1.Final.jar:/home/runner/.m2/repository/org/jboss/logmanager/jboss-logmanager/3.1.2.Final/jboss-logmanager-3.1.2.Final.jar:/home/runner/.m2/repository/io/smallrye/common/smallrye-common-constraint/2.12.0/smallrye-common-constraint-2.12.0.jar:/home/runner/.m2/repository/io/smallrye/common/smallrye-common-cpu/2.12.0/smallrye-common-cpu-2.12.0.jar:/home/runner/.m2/repository/io/smallrye/common/smallrye-common-expression/2.12.0/smallrye-common-expression-2.12.0.jar:/home/runner/.m2/repository/io/smallrye/common/smallrye-common-net/2.12.0/smallrye-common-net-2.12.0.jar:/home/runner/.m2/repository/io/smallrye/common/smallrye-common-ref/2.12.0/smallrye-common-ref-2.12.0.jar:/home/runner/.m2/repository/jakarta/json/jakarta.json-api/2.1.3/jakarta.json-api-2.1.3.jar:/home/runner/.m2/repository/org/eclipse/parsson/parsson/1.1.7/parsson-1.1.7.jar:/home/runner/.m2/repository/org/jboss/logging/jboss-logging-annotations/3.0.4.Final/jboss-logging-annotations-3.0.4.Final.jar:/home/runner/.m2/repository/org/jboss/threads/jboss-threads/3.8.0.Final/jboss-threads-3.8.0.Final.jar:/home/runner/.m2/repository/io/smallrye/common/smallrye-common-annotation/2.12.0/smallrye-common-annotation-2.12.0.jar:/home/runner/.m2/repository/io/smallrye/common/smallrye-common-function/2.12.0/smallrye-common-function-2.12.0.jar:/home/runner/.m2/repository/org/jboss/slf4j/slf4j-jboss-logmanager/2.0.0.Final/slf4j-jboss-logmanager-2.0.0.Final.jar:/home/runner/.m2/repository/org/wildfly/common/wildfly-common/2.0.1/wildfly-common-2.0.1.jar:/home/runner/.m2/repository/io/quarkus/quarkus-bootstrap-runner/3.20.1/quarkus-bootstrap-runner-3.20.1.jar:/home/runner/.m2/repository/io/github/crac/org-crac/0.1.3/org-crac-0.1.3.jar:/home/runner/.m2/repository/io/quarkus/quarkus-fs-util/0.0.10/quarkus-fs-util-0.0.10.jar:/home/runner/.m2/repository/org/jboss/marshalling/jboss-marshalling/2.2.2.Final/jboss-marshalling-2.2.2.Final.jar:/home/runner/.m2/repository/io/fabric8/kubernetes-client/7.1.0/kubernetes-client-7.1.0.jar:/home/runner/.m2/repository/io/fabric8/kubernetes-client-api/7.1.0/kubernetes-client-api-7.1.0.jar:/home/runner/.m2/repository/io/fabric8/kubernetes-model-core/7.1.0/kubernetes-model-core-7.1.0.jar:/home/runner/.m2/repository/io/fabric8/kubernetes-model-common/7.1.0/kubernetes-model-common-7.1.0.jar:/home/runner/.m2/repository/javax/annotation/javax.annotation-api/1.3.2/javax.annotation-api-1.3.2.jar:/home/runner/.m2/repository/io/fabric8/kubernetes-model-gatewayapi/7.1.0/kubernetes-model-gatewayapi-7.1.0.jar:/home/runner/.m2/repository/io/fabric8/kubernetes-model-resource/7.1.0/kubernetes-model-resource-7.1.0.jar:/home/runner/.m2/repository/io/fabric8/kubernetes-model-rbac/7.1.0/kubernetes-model-rbac-7.1.0.jar:/home/runner/.m2/repository/io/fabric8/kubernetes-model-admissionregistration/7.1.0/kubernetes-model-admissionregistration-7.1.0.jar:/home/runner/.m2/repository/io/fabric8/kubernetes-model-apps/7.1.0/kubernetes-model-apps-7.1.0.jar:/home/runner/.m2/repository/io/fabric8/kubernetes-model-autoscaling/7.1.0/kubernetes-model-autoscaling-7.1.0.jar:/home/runner/.m2/repository/io/fabric8/kubernetes-model-apiextensions/7.1.0/kubernetes-model-apiextensions-7.1.0.jar:/home/runner/.m2/repository/io/fabric8/kubernetes-model-batch/7.1.0/kubernetes-model-batch-7.1.0.jar:/home/runner/.m2/repository/io/fabric8/kubernetes-model-certificates/7.1.0/kubernetes-model-certificates-7.1.0.jar:/home/runner/.m2/repository/io/fabric8/kubernetes-model-coordination/7.1.0/kubernetes-model-coordination-7.1.0.jar:/home/runner/.m2/repository/io/fabric8/kubernetes-model-discovery/7.1.0/kubernetes-model-discovery-7.1.0.jar:/home/runner/.m2/repository/io/fabric8/kubernetes-model-events/7.1.0/kubernetes-model-events-7.1.0.jar:/home/runner/.m2/repository/io/fabric8/kubernetes-model-extensions/7.1.0/kubernetes-model-extensions-7.1.0.jar:/home/runner/.m2/repository/io/fabric8/kubernetes-model-flowcontrol/7.1.0/kubernetes-model-flowcontrol-7.1.0.jar:/home/runner/.m2/repository/io/fabric8/kubernetes-model-networking/7.1.0/kubernetes-model-networking-7.1.0.jar:/home/runner/.m2/repository/io/fabric8/kubernetes-model-metrics/7.1.0/kubernetes-model-metrics-7.1.0.jar:/home/runner/.m2/repository/io/fabric8/kubernetes-model-policy/7.1.0/kubernetes-model-policy-7.1.0.jar:/home/runner/.m2/repository/io/fabric8/kubernetes-model-scheduling/7.1.0/kubernetes-model-scheduling-7.1.0.jar:/home/runner/.m2/repository/io/fabric8/kubernetes-model-storageclass/7.1.0/kubernetes-model-storageclass-7.1.0.jar:/home/runner/.m2/repository/io/fabric8/kubernetes-model-node/7.1.0/kubernetes-model-node-7.1.0.jar:/home/runner/.m2/repository/org/snakeyaml/snakeyaml-engine/2.9/snakeyaml-engine-2.9.jar:/home/runner/.m2/repository/com/fasterxml/jackson/dataformat/jackson-dataformat-yaml/2.15.2/jackson-dataformat-yaml-2.15.2.jar:/home/runner/.m2/repository/com/fasterxml/jackson/datatype/jackson-datatype-jsr310/2.18.2/jackson-datatype-jsr310-2.18.2.jar:/home/runner/.m2/repository/io/fabric8/zjsonpatch/7.1.0/zjsonpatch-7.1.0.jar:/home/runner/.m2/repository/io/fabric8/kubernetes-httpclient-vertx/7.1.0/kubernetes-httpclient-vertx-7.1.0.jar:/home/runner/.m2/repository/io/vertx/vertx-web-client/4.5.14/vertx-web-client-4.5.14.jar:/home/runner/.m2/repository/io/vertx/vertx-web-common/4.5.14/vertx-web-common-4.5.14.jar:/home/runner/.m2/repository/io/vertx/vertx-auth-common/4.5.14/vertx-auth-common-4.5.14.jar:/home/runner/.m2/repository/io/vertx/vertx-uri-template/4.5.14/vertx-uri-template-4.5.14.jar:/home/runner/.m2/repository/io/fabric8/openshift-client/7.1.0/openshift-client-7.1.0.jar:/home/runner/.m2/repository/io/fabric8/openshift-client-api/7.1.0/openshift-client-api-7.1.0.jar:/home/runner/.m2/repository/io/fabric8/openshift-model/7.1.0/openshift-model-7.1.0.jar:/home/runner/.m2/repository/io/fabric8/openshift-model-autoscaling/7.1.0/openshift-model-autoscaling-7.1.0.jar:/home/runner/.m2/repository/io/fabric8/openshift-model-operator/7.1.0/openshift-model-operator-7.1.0.jar:/home/runner/.m2/repository/io/fabric8/openshift-model-operatorhub/7.1.0/openshift-model-operatorhub-7.1.0.jar:/home/runner/.m2/repository/io/fabric8/openshift-model-machine/7.1.0/openshift-model-machine-7.1.0.jar:/home/runner/.m2/repository/io/fabric8/openshift-model-whereabouts/7.1.0/openshift-model-whereabouts-7.1.0.jar:/home/runner/.m2/repository/io/fabric8/openshift-model-monitoring/7.1.0/openshift-model-monitoring-7.1.0.jar:/home/runner/.m2/repository/io/fabric8/openshift-model-storageversionmigrator/7.1.0/openshift-model-storageversionmigrator-7.1.0.jar:/home/runner/.m2/repository/io/fabric8/openshift-model-tuned/7.1.0/openshift-model-tuned-7.1.0.jar:/home/runner/.m2/repository/io/fabric8/openshift-model-console/7.1.0/openshift-model-console-7.1.0.jar:/home/runner/.m2/repository/io/fabric8/openshift-model-config/7.1.0/openshift-model-config-7.1.0.jar:/home/runner/.m2/repository/io/fabric8/openshift-model-machineconfiguration/7.1.0/openshift-model-machineconfiguration-7.1.0.jar:/home/runner/.m2/repository/io/fabric8/openshift-model-miscellaneous/7.1.0/openshift-model-miscellaneous-7.1.0.jar:/home/runner/.m2/repository/io/fabric8/openshift-model-hive/7.1.0/openshift-model-hive-7.1.0.jar:/home/runner/.m2/repository/io/fabric8/openshift-model-installer/7.1.0/openshift-model-installer-7.1.0.jar:/home/runner/.m2/repository/org/junit/platform/junit-platform-launcher/1.12.1/junit-platform-launcher-1.12.1.jar:/home/runner/.m2/repository/org/junit/platform/junit-platform-engine/1.12.1/junit-platform-engine-1.12.1.jar:/home/runner/.m2/repository/org/opentest4j/opentest4j/1.3.0/opentest4j-1.3.0.jar:/home/runner/.m2/repository/org/junit/platform/junit-platform-commons/1.12.1/junit-platform-commons-1.12.1.jar:/home/runner/.m2/repository/org/apiguardian/apiguardian-api/1.1.2/apiguardian-api-1.1.2.jar:/home/runner/.m2/repository/jakarta/ws/rs/jakarta.ws.rs-api/3.1.0/jakarta.ws.rs-api-3.1.0.jar:/home/runner/work/apicurio-testing/apicurio-testing/clusters/ci419/namespaces/kafkasql/tests/integration/apicurio-registry/java-sdk/target/apicurio-registry-java-sdk-3.0.11-SNAPSHOT.jar:/home/runner/.m2/repository/com/microsoft/kiota/microsoft-kiota-abstractions/1.8.8/microsoft-kiota-abstractions-1.8.8.jar:/home/runner/.m2/repository/io/github/std-uritemplate/std-uritemplate/2.0.0/std-uritemplate-2.0.0.jar:/home/runner/.m2/repository/io/kiota/kiota-http-jdk/0.0.21/kiota-http-jdk-0.0.21.jar:/home/runner/.m2/repository/io/kiota/kiota-http-vertx/0.0.21/kiota-http-vertx-0.0.21.jar:/home/runner/.m2/repository/io/kiota/kiota-serialization-jackson/0.0.21/kiota-serialization-jackson-0.0.21.jar:/home/runner/.m2/repository/com/microsoft/kiota/microsoft-kiota-serialization-text/1.8.8/microsoft-kiota-serialization-text-1.8.8.jar:/home/runner/.m2/repository/com/microsoft/kiota/microsoft-kiota-serialization-form/1.8.8/microsoft-kiota-serialization-form-1.8.8.jar:/home/runner/.m2/repository/com/microsoft/kiota/microsoft-kiota-serialization-multipart/1.8.8/microsoft-kiota-serialization-multipart-1.8.8.jar:/home/runner/.m2/repository/jakarta/annotation/jakarta.annotation-api/3.0.0/jakarta.annotation-api-3.0.0.jar:/home/runner/.m2/repository/io/vertx/vertx-auth-oauth2/4.5.14/vertx-auth-oauth2-4.5.14.jar:/home/runner/work/apicurio-testing/apicurio-testing/clusters/ci419/namespaces/kafkasql/tests/integration/apicurio-registry/java-sdk-v2/target/apicurio-registry-v2-java-sdk-3.0.11-SNAPSHOT.jar:/home/runner/work/apicurio-testing/apicurio-testing/clusters/ci419/namespaces/kafkasql/tests/integration/apicurio-registry/utils/kafka/target/apicurio-registry-utils-kafka-3.0.11-SNAPSHOT-tests.jar:/home/runner/.m2/repository/org/eclipse/microprofile/config/microprofile-config-api/3.1/microprofile-config-api-3.1.jar:/home/runner/.m2/repository/org/apache/kafka/kafka-clients/3.9.1/kafka-clients-3.9.1.jar:/home/runner/.m2/repository/com/github/luben/zstd-jni/1.5.6-4/zstd-jni-1.5.6-4.jar:/home/runner/.m2/repository/org/lz4/lz4-java/1.8.0/lz4-java-1.8.0.jar:/home/runner/.m2/repository/org/xerial/snappy/snappy-java/1.1.10.5/snappy-java-1.1.10.5.jar:/home/runner/.m2/repository/org/slf4j/slf4j-api/2.0.6/slf4j-api-2.0.6.jar:/home/runner/work/apicurio-testing/apicurio-testing/clusters/ci419/namespaces/kafkasql/tests/integration/apicurio-registry/utils/tests/target/apicurio-registry-utils-tests-3.0.11-SNAPSHOT.jar:/home/runner/work/apicurio-testing/apicurio-testing/clusters/ci419/namespaces/kafkasql/tests/integration/apicurio-registry/common/target/apicurio-registry-common-3.0.11-SNAPSHOT.jar:/home/runner/.m2/repository/jakarta/validation/jakarta.validation-api/3.0.2/jakarta.validation-api-3.0.2.jar:/home/runner/.m2/repository/com/github/dasniko/testcontainers-keycloak/3.6.0/testcontainers-keycloak-3.6.0.jar:/home/runner/.m2/repository/org/testcontainers/testcontainers/1.20.6/testcontainers-1.20.6.jar:/home/runner/.m2/repository/org/rnorth/duct-tape/duct-tape/1.0.8/duct-tape-1.0.8.jar:/home/runner/.m2/repository/org/jetbrains/annotations/26.0.2/annotations-26.0.2.jar:/home/runner/.m2/repository/com/github/docker-java/docker-java-transport-zerodep/3.4.1/docker-java-transport-zerodep-3.4.1.jar:/home/runner/.m2/repository/com/github/docker-java/docker-java-transport/3.4.1/docker-java-transport-3.4.1.jar:/home/runner/.m2/repository/net/java/dev/jna/jna/5.8.0/jna-5.8.0.jar:/home/runner/.m2/repository/io/quarkus/quarkus-junit4-mock/3.20.1/quarkus-junit4-mock-3.20.1.jar:/home/runner/.m2/repository/org/jboss/shrinkwrap/shrinkwrap-api/2.0.0-beta-2/shrinkwrap-api-2.0.0-beta-2.jar:/home/runner/.m2/repository/org/jboss/shrinkwrap/shrinkwrap-impl-base/2.0.0-beta-2/shrinkwrap-impl-base-2.0.0-beta-2.jar:/home/runner/.m2/repository/org/jboss/shrinkwrap/shrinkwrap-spi/2.0.0-beta-2/shrinkwrap-spi-2.0.0-beta-2.jar:/home/runner/.m2/repository/org/keycloak/keycloak-admin-client/26.0.4/keycloak-admin-client-26.0.4.jar:/home/runner/.m2/repository/org/keycloak/keycloak-client-common-synced/26.0.4/keycloak-client-common-synced-26.0.4.jar:/home/runner/.m2/repository/jakarta/activation/jakarta.activation-api/2.1.3/jakarta.activation-api-2.1.3.jar:/home/runner/.m2/repository/org/eclipse/microprofile/openapi/microprofile-openapi-api/4.0.2/microprofile-openapi-api-4.0.2.jar:/home/runner/.m2/repository/org/jboss/resteasy/resteasy-client/6.2.12.Final/resteasy-client-6.2.12.Final.jar:/home/runner/.m2/repository/org/jboss/resteasy/resteasy-client-api/6.2.12.Final/resteasy-client-api-6.2.12.Final.jar:/home/runner/.m2/repository/org/jboss/resteasy/resteasy-core-spi/6.2.12.Final/resteasy-core-spi-6.2.12.Final.jar:/home/runner/.m2/repository/org/jboss/resteasy/resteasy-core/6.2.12.Final/resteasy-core-6.2.12.Final.jar:/home/runner/.m2/repository/org/eclipse/angus/angus-activation/2.0.2/angus-activation-2.0.2.jar:/home/runner/.m2/repository/com/ibm/async/asyncutil/0.1.0/asyncutil-0.1.0.jar:/home/runner/.m2/repository/org/reactivestreams/reactive-streams/1.0.4/reactive-streams-1.0.4.jar:/home/runner/.m2/repository/org/jboss/resteasy/resteasy-multipart-provider/6.2.12.Final/resteasy-multipart-provider-6.2.12.Final.jar:/home/runner/.m2/repository/jakarta/mail/jakarta.mail-api/2.1.3/jakarta.mail-api-2.1.3.jar:/home/runner/.m2/repository/org/eclipse/angus/angus-mail/2.0.3/angus-mail-2.0.3.jar:/home/runner/.m2/repository/org/apache/james/apache-mime4j-dom/0.8.12/apache-mime4j-dom-0.8.12.jar:/home/runner/.m2/repository/org/apache/james/apache-mime4j-core/0.8.12/apache-mime4j-core-0.8.12.jar:/home/runner/.m2/repository/org/apache/james/apache-mime4j-storage/0.8.12/apache-mime4j-storage-0.8.12.jar:/home/runner/.m2/repository/org/jboss/resteasy/resteasy-jackson2-provider/6.2.12.Final/resteasy-jackson2-provider-6.2.12.Final.jar:/home/runner/.m2/repository/com/fasterxml/jackson/jakarta/rs/jackson-jakarta-rs-base/2.18.2/jackson-jakarta-rs-base-2.18.2.jar:/home/runner/.m2/repository/com/fasterxml/jackson/jakarta/rs/jackson-jakarta-rs-json-provider/2.18.2/jackson-jakarta-rs-json-provider-2.18.2.jar:/home/runner/.m2/repository/com/fasterxml/jackson/module/jackson-module-jakarta-xmlbind-annotations/2.18.2/jackson-module-jakarta-xmlbind-annotations-2.18.2.jar:/home/runner/.m2/repository/com/github/java-json-tools/json-patch/1.13/json-patch-1.13.jar:/home/runner/.m2/repository/com/github/java-json-tools/msg-simple/1.2/msg-simple-1.2.jar:/home/runner/.m2/repository/com/github/java-json-tools/btf/1.3/btf-1.3.jar:/home/runner/.m2/repository/com/github/java-json-tools/jackson-coreutils/2.0/jackson-coreutils-2.0.jar:/home/runner/.m2/repository/org/jboss/resteasy/resteasy-jaxb-provider/6.2.12.Final/resteasy-jaxb-provider-6.2.12.Final.jar:/home/runner/.m2/repository/org/glassfish/jaxb/codemodel/4.0.5/codemodel-4.0.5.jar:/home/runner/.m2/repository/org/glassfish/jaxb/jaxb-core/4.0.5/jaxb-core-4.0.5.jar:/home/runner/.m2/repository/org/glassfish/jaxb/jaxb-jxc/4.0.5/jaxb-jxc-4.0.5.jar:/home/runner/.m2/repository/org/glassfish/jaxb/jaxb-runtime/4.0.5/jaxb-runtime-4.0.5.jar:/home/runner/.m2/repository/org/glassfish/jaxb/txw2/4.0.5/txw2-4.0.5.jar:/home/runner/.m2/repository/org/glassfish/jaxb/jaxb-xjc/4.0.5/jaxb-xjc-4.0.5.jar:/home/runner/.m2/repository/org/glassfish/jaxb/xsom/4.0.5/xsom-4.0.5.jar:/home/runner/.m2/repository/com/sun/istack/istack-commons-runtime/4.1.2/istack-commons-runtime-4.1.2.jar:/home/runner/.m2/repository/com/sun/istack/istack-commons-tools/4.1.2/istack-commons-tools-4.1.2.jar:/home/runner/.m2/repository/com/sun/xml/bind/external/relaxng-datatype/4.0.5/relaxng-datatype-4.0.5.jar:/home/runner/.m2/repository/com/sun/xml/bind/external/rngom/4.0.5/rngom-4.0.5.jar:/home/runner/.m2/repository/org/testcontainers/mssqlserver/1.20.6/mssqlserver-1.20.6.jar:/home/runner/.m2/repository/org/testcontainers/jdbc/1.20.6/jdbc-1.20.6.jar:/home/runner/.m2/repository/org/testcontainers/database-commons/1.20.6/database-commons-1.20.6.jar:/home/runner/.m2/repository/org/testcontainers/mysql/1.20.6/mysql-1.20.6.jar:/home/runner/.m2/repository/io/strimzi/strimzi-test-container/0.107.0/strimzi-test-container-0.107.0.jar:/home/runner/.m2/repository/org/testcontainers/toxiproxy/1.20.6/toxiproxy-1.20.6.jar:/home/runner/.m2/repository/com/github/docker-java/docker-java-api/3.4.1/docker-java-api-3.4.1.jar:/home/runner/.m2/repository/eu/rekawek/toxiproxy/toxiproxy-java/2.1.7/toxiproxy-java-2.1.7.jar:/home/runner/.m2/repository/junit/junit/4.13.2/junit-4.13.2.jar:/home/runner/.m2/repository/org/hamcrest/hamcrest-core/1.3/hamcrest-core-1.3.jar:/home/runner/.m2/repository/org/testcontainers/pulsar/1.20.4/pulsar-1.20.4.jar:/home/runner/.m2/repository/io/debezium/debezium-testing-testcontainers/2.6.2.Final/debezium-testing-testcontainers-2.6.2.Final.jar:/home/runner/.m2/repository/org/testcontainers/kafka/1.20.6/kafka-1.20.6.jar:/home/runner/.m2/repository/com/squareup/okhttp3/okhttp/4.8.1/okhttp-4.8.1.jar:/home/runner/.m2/repository/com/squareup/okio/okio/3.10.2/okio-3.10.2.jar:/home/runner/.m2/repository/com/squareup/okio/okio-jvm/3.10.2/okio-jvm-3.10.2.jar:/home/runner/.m2/repository/org/jetbrains/kotlin/kotlin-stdlib/2.0.21/kotlin-stdlib-2.0.21.jar:/home/runner/.m2/repository/org/awaitility/awaitility/4.2.2/awaitility-4.2.2.jar:/home/runner/.m2/repository/org/testcontainers/mongodb/1.20.6/mongodb-1.20.6.jar:/home/runner/.m2/repository/org/testcontainers/oracle-xe/1.20.6/oracle-xe-1.20.6.jar:/home/runner/.m2/repository/org/testcontainers/postgresql/1.20.6/postgresql-1.20.6.jar:/home/runner/.m2/repository/org/wiremock/wiremock/3.0.1/wiremock-3.0.1.jar:/home/runner/.m2/repository/org/eclipse/jetty/jetty-server/11.0.15/jetty-server-11.0.15.jar:/home/runner/.m2/repository/org/eclipse/jetty/toolchain/jetty-jakarta-servlet-api/5.0.2/jetty-jakarta-servlet-api-5.0.2.jar:/home/runner/.m2/repository/org/eclipse/jetty/jetty-http/11.0.15/jetty-http-11.0.15.jar:/home/runner/.m2/repository/org/eclipse/jetty/jetty-io/11.0.15/jetty-io-11.0.15.jar:/home/runner/.m2/repository/org/eclipse/jetty/jetty-servlet/11.0.15/jetty-servlet-11.0.15.jar:/home/runner/.m2/repository/org/eclipse/jetty/jetty-security/11.0.15/jetty-security-11.0.15.jar:/home/runner/.m2/repository/org/eclipse/jetty/jetty-servlets/11.0.15/jetty-servlets-11.0.15.jar:/home/runner/.m2/repository/org/eclipse/jetty/jetty-util/11.0.15/jetty-util-11.0.15.jar:/home/runner/.m2/repository/org/eclipse/jetty/jetty-webapp/11.0.15/jetty-webapp-11.0.15.jar:/home/runner/.m2/repository/org/eclipse/jetty/jetty-xml/11.0.15/jetty-xml-11.0.15.jar:/home/runner/.m2/repository/org/eclipse/jetty/jetty-proxy/11.0.15/jetty-proxy-11.0.15.jar:/home/runner/.m2/repository/org/eclipse/jetty/jetty-client/11.0.15/jetty-client-11.0.15.jar:/home/runner/.m2/repository/org/eclipse/jetty/http2/http2-server/11.0.15/http2-server-11.0.15.jar:/home/runner/.m2/repository/org/eclipse/jetty/http2/http2-common/11.0.15/http2-common-11.0.15.jar:/home/runner/.m2/repository/org/eclipse/jetty/http2/http2-hpack/11.0.15/http2-hpack-11.0.15.jar:/home/runner/.m2/repository/org/eclipse/jetty/jetty-alpn-server/11.0.15/jetty-alpn-server-11.0.15.jar:/home/runner/.m2/repository/org/eclipse/jetty/jetty-alpn-java-server/11.0.15/jetty-alpn-java-server-11.0.15.jar:/home/runner/.m2/repository/org/eclipse/jetty/jetty-alpn-java-client/11.0.15/jetty-alpn-java-client-11.0.15.jar:/home/runner/.m2/repository/org/eclipse/jetty/jetty-alpn-client/11.0.15/jetty-alpn-client-11.0.15.jar:/home/runner/.m2/repository/org/apache/httpcomponents/client5/httpclient5/5.2.1/httpclient5-5.2.1.jar:/home/runner/.m2/repository/org/apache/httpcomponents/core5/httpcore5/5.2/httpcore5-5.2.jar:/home/runner/.m2/repository/org/apache/httpcomponents/core5/httpcore5-h2/5.2/httpcore5-h2-5.2.jar:/home/runner/.m2/repository/org/xmlunit/xmlunit-core/2.9.1/xmlunit-core-2.9.1.jar:/home/runner/.m2/repository/jakarta/xml/bind/jakarta.xml.bind-api/4.0.2/jakarta.xml.bind-api-4.0.2.jar:/home/runner/.m2/repository/org/xmlunit/xmlunit-legacy/2.9.1/xmlunit-legacy-2.9.1.jar:/home/runner/.m2/repository/org/xmlunit/xmlunit-placeholders/2.9.1/xmlunit-placeholders-2.9.1.jar:/home/runner/.m2/repository/net/javacrumbs/json-unit/json-unit-core/2.38.0/json-unit-core-2.38.0.jar:/home/runner/.m2/repository/com/jayway/jsonpath/json-path/2.8.0/json-path-2.8.0.jar:/home/runner/.m2/repository/net/minidev/json-smart/2.4.10/json-smart-2.4.10.jar:/home/runner/.m2/repository/net/minidev/accessors-smart/2.4.9/accessors-smart-2.4.9.jar:/home/runner/.m2/repository/org/ow2/asm/asm/9.7.1/asm-9.7.1.jar:/home/runner/.m2/repository/net/sf/jopt-simple/jopt-simple/5.0.4/jopt-simple-5.0.4.jar:/home/runner/.m2/repository/com/github/jknack/handlebars/4.3.1/handlebars-4.3.1.jar:/home/runner/.m2/repository/com/github/jknack/handlebars-helpers/4.3.1/handlebars-helpers-4.3.1.jar:/home/runner/.m2/repository/commons-fileupload/commons-fileupload/1.5/commons-fileupload-1.5.jar:/home/runner/.m2/repository/com/networknt/json-schema-validator/1.5.5/json-schema-validator-1.5.5.jar:/home/runner/.m2/repository/com/ethlo/time/itu/1.10.3/itu-1.10.3.jar:/home/runner/.m2/repository/io/quarkus/quarkus-smallrye-jwt-build/3.20.1/quarkus-smallrye-jwt-build-3.20.1.jar:/home/runner/.m2/repository/io/smallrye/smallrye-jwt-build/4.6.1/smallrye-jwt-build-4.6.1.jar:/home/runner/.m2/repository/org/eclipse/microprofile/jwt/microprofile-jwt-auth-api/2.1/microprofile-jwt-auth-api-2.1.jar:/home/runner/.m2/repository/org/bitbucket/b_c/jose4j/0.9.6/jose4j-0.9.6.jar:/home/runner/.m2/repository/io/smallrye/smallrye-jwt-common/4.6.1/smallrye-jwt-common-4.6.1.jar:/home/runner/.m2/repository/io/quarkus/quarkus-jsonp/3.20.1/quarkus-jsonp-3.20.1.jar:/home/runner/.m2/repository/io/quarkus/quarkus-arc/3.20.1/quarkus-arc-3.20.1.jar:/home/runner/.m2/repository/io/quarkus/arc/arc/3.20.1/arc-3.20.1.jar:/home/runner/.m2/repository/jakarta/transaction/jakarta.transaction-api/2.0.1/jakarta.transaction-api-2.0.1.jar:/home/runner/.m2/repository/io/smallrye/reactive/mutiny/2.8.0/mutiny-2.8.0.jar:/home/runner/.m2/repository/org/jctools/jctools-core/4.0.5/jctools-core-4.0.5.jar:/home/runner/.m2/repository/org/eclipse/microprofile/context-propagation/microprofile-context-propagation-api/1.3/microprofile-context-propagation-api-1.3.jar:/home/runner/.m2/repository/io/apicurio/apicurio-common-rest-client-common/0.1.18.Final/apicurio-common-rest-client-common-0.1.18.Final.jar:/home/runner/work/apicurio-testing/apicurio-testing/clusters/ci419/namespaces/kafkasql/tests/integration/apicurio-registry/utils/maven-plugin/target/apicurio-registry-maven-plugin-3.0.11-SNAPSHOT.jar:/home/runner/.m2/repository/com/fasterxml/jackson/core/jackson-databind/2.18.2/jackson-databind-2.18.2.jar:/home/runner/.m2/repository/org/apache/avro/avro/1.12.0/avro-1.12.0.jar:/home/runner/.m2/repository/com/google/protobuf/protobuf-java/4.31.1/protobuf-java-4.31.1.jar:/home/runner/.m2/repository/com/google/protobuf/protobuf-java-util/4.31.1/protobuf-java-util-4.31.1.jar:/home/runner/.m2/repository/com/google/code/findbugs/jsr305/3.0.2/jsr305-3.0.2.jar:/home/runner/.m2/repository/com/google/code/gson/gson/2.12.1/gson-2.12.1.jar:/home/runner/.m2/repository/com/google/errorprone/error_prone_annotations/2.36.0/error_prone_annotations-2.36.0.jar:/home/runner/.m2/repository/com/google/j2objc/j2objc-annotations/2.8/j2objc-annotations-2.8.jar:/home/runner/work/apicurio-testing/apicurio-testing/clusters/ci419/namespaces/kafkasql/tests/integration/apicurio-registry/schema-util/util-provider/target/apicurio-registry-schema-util-provider-3.0.11-SNAPSHOT.jar:/home/runner/work/apicurio-testing/apicurio-testing/clusters/ci419/namespaces/kafkasql/tests/integration/apicurio-registry/schema-util/common/target/apicurio-registry-schema-util-common-3.0.11-SNAPSHOT.jar:/home/runner/.m2/repository/com/fasterxml/jackson/module/jackson-module-parameter-names/2.18.2/jackson-module-parameter-names-2.18.2.jar:/home/runner/.m2/repository/com/fasterxml/jackson/datatype/jackson-datatype-json-org/2.18.2/jackson-datatype-json-org-2.18.2.jar:/home/runner/work/apicurio-testing/apicurio-testing/clusters/ci419/namespaces/kafkasql/tests/integration/apicurio-registry/schema-util/json/target/apicurio-registry-schema-util-json-3.0.11-SNAPSHOT.jar:/home/runner/.m2/repository/com/github/erosb/everit-json-schema/1.14.5/everit-json-schema-1.14.5.jar:/home/runner/.m2/repository/commons-validator/commons-validator/1.9.0/commons-validator-1.9.0.jar:/home/runner/.m2/repository/commons-digester/commons-digester/2.1/commons-digester-2.1.jar:/home/runner/.m2/repository/commons-collections/commons-collections/3.2.2/commons-collections-3.2.2.jar:/home/runner/.m2/repository/com/damnhandy/handy-uri-templates/2.1.8/handy-uri-templates-2.1.8.jar:/home/runner/.m2/repository/joda-time/joda-time/2.10.2/joda-time-2.10.2.jar:/home/runner/.m2/repository/com/github/erosb/json-sKema/0.20.0/json-sKema-0.20.0.jar:/home/runner/.m2/repository/io/vertx/vertx-json-schema/4.5.14/vertx-json-schema-4.5.14.jar:/home/runner/work/apicurio-testing/apicurio-testing/clusters/ci419/namespaces/kafkasql/tests/integration/apicurio-registry/schema-util/protobuf/target/apicurio-registry-schema-util-protobuf-3.0.11-SNAPSHOT.jar:/home/runner/work/apicurio-testing/apicurio-testing/clusters/ci419/namespaces/kafkasql/tests/integration/apicurio-registry/utils/protobuf-schema-utilities/target/apicurio-registry-protobuf-schema-utilities-3.0.11-SNAPSHOT.jar:/home/runner/.m2/repository/com/google/api/grpc/proto-google-common-protos/2.52.0/proto-google-common-protos-2.52.0.jar:/home/runner/.m2/repository/com/squareup/wire/wire-schema-jvm/5.3.3/wire-schema-jvm-5.3.3.jar:/home/runner/.m2/repository/com/palantir/javapoet/javapoet/0.6.0/javapoet-0.6.0.jar:/home/runner/.m2/repository/com/squareup/kotlinpoet-jvm/2.0.0/kotlinpoet-jvm-2.0.0.jar:/home/runner/.m2/repository/org/jetbrains/kotlin/kotlin-reflect/2.0.21/kotlin-reflect-2.0.21.jar:/home/runner/.m2/repository/com/squareup/wire/wire-runtime-jvm/5.3.3/wire-runtime-jvm-5.3.3.jar:/home/runner/.m2/repository/com/ibm/icu/icu4j/76.1/icu4j-76.1.jar:/home/runner/.m2/repository/com/squareup/okio/okio-fakefilesystem/3.10.2/okio-fakefilesystem-3.10.2.jar:/home/runner/.m2/repository/com/squareup/okio/okio-fakefilesystem-jvm/3.10.2/okio-fakefilesystem-jvm-3.10.2.jar:/home/runner/.m2/repository/org/jetbrains/kotlinx/kotlinx-datetime-jvm/0.6.1/kotlinx-datetime-jvm-0.6.1.jar:/home/runner/work/apicurio-testing/apicurio-testing/clusters/ci419/namespaces/kafkasql/tests/integration/apicurio-registry/schema-util/asyncapi/target/apicurio-registry-schema-util-asyncapi-3.0.11-SNAPSHOT.jar:/home/runner/work/apicurio-testing/apicurio-testing/clusters/ci419/namespaces/kafkasql/tests/integration/apicurio-registry/schema-util/avro/target/apicurio-registry-schema-util-avro-3.0.11-SNAPSHOT.jar:/home/runner/work/apicurio-testing/apicurio-testing/clusters/ci419/namespaces/kafkasql/tests/integration/apicurio-registry/schema-util/graphql/target/apicurio-registry-schema-util-graphql-3.0.11-SNAPSHOT.jar:/home/runner/.m2/repository/com/graphql-java/graphql-java/22.3/graphql-java-22.3.jar:/home/runner/.m2/repository/com/graphql-java/java-dataloader/3.3.0/java-dataloader-3.3.0.jar:/home/runner/work/apicurio-testing/apicurio-testing/clusters/ci419/namespaces/kafkasql/tests/integration/apicurio-registry/schema-util/kconnect/target/apicurio-registry-schema-util-kconnect-3.0.11-SNAPSHOT.jar:/home/runner/work/apicurio-testing/apicurio-testing/clusters/ci419/namespaces/kafkasql/tests/integration/apicurio-registry/schema-util/openapi/target/apicurio-registry-schema-util-openapi-3.0.11-SNAPSHOT.jar:/home/runner/.m2/repository/io/apicurio/apicurio-data-models/2.2.1/apicurio-data-models-2.2.1.jar:/home/runner/.m2/repository/org/openapitools/openapidiff/openapi-diff-core/2.1.2/openapi-diff-core-2.1.2.jar:/home/runner/.m2/repository/io/swagger/parser/v3/swagger-parser/2.1.28/swagger-parser-2.1.28.jar:/home/runner/.m2/repository/io/swagger/parser/v3/swagger-parser-v2-converter/2.1.28/swagger-parser-v2-converter-2.1.28.jar:/home/runner/.m2/repository/io/swagger/swagger-core/1.6.16/swagger-core-1.6.16.jar:/home/runner/.m2/repository/io/swagger/swagger-models/1.6.16/swagger-models-1.6.16.jar:/home/runner/.m2/repository/io/swagger/swagger-annotations/1.6.16/swagger-annotations-1.6.16.jar:/home/runner/.m2/repository/io/swagger/swagger-parser/1.0.75/swagger-parser-1.0.75.jar:/home/runner/.m2/repository/io/swagger/swagger-parser-safe-url-resolver/1.0.75/swagger-parser-safe-url-resolver-1.0.75.jar:/home/runner/.m2/repository/io/swagger/swagger-compat-spec-parser/1.0.75/swagger-compat-spec-parser-1.0.75.jar:/home/runner/.m2/repository/com/github/java-json-tools/json-schema-validator/2.2.14/json-schema-validator-2.2.14.jar:/home/runner/.m2/repository/com/github/java-json-tools/jackson-coreutils-equivalence/1.0/jackson-coreutils-equivalence-1.0.jar:/home/runner/.m2/repository/com/github/java-json-tools/json-schema-core/1.2.14/json-schema-core-1.2.14.jar:/home/runner/.m2/repository/com/github/java-json-tools/uri-template/0.10/uri-template-0.10.jar:/home/runner/.m2/repository/com/googlecode/libphonenumber/libphonenumber/8.11.1/libphonenumber-8.11.1.jar:/home/runner/.m2/repository/com/j2html/j2html/1.6.0/j2html-1.6.0.jar:/home/runner/.m2/repository/org/apache/commons/commons-collections4/4.5.0/commons-collections4-4.5.0.jar:/home/runner/.m2/repository/org/apache/commons/commons-configuration2/2.12.0/commons-configuration2-2.12.0.jar:/home/runner/.m2/repository/org/apache/commons/commons-text/1.13.0/commons-text-1.13.0.jar:/home/runner/.m2/repository/org/slf4j/jcl-over-slf4j/2.0.17/jcl-over-slf4j-2.0.17.jar:/home/runner/.m2/repository/io/swagger/parser/v3/swagger-parser-v3/2.1.30/swagger-parser-v3-2.1.30.jar:/home/runner/.m2/repository/io/swagger/core/v3/swagger-models/2.2.34/swagger-models-2.2.34.jar:/home/runner/.m2/repository/io/swagger/core/v3/swagger-core/2.2.34/swagger-core-2.2.34.jar:/home/runner/.m2/repository/io/swagger/parser/v3/swagger-parser-core/2.1.30/swagger-parser-core-2.1.30.jar:/home/runner/.m2/repository/io/swagger/parser/v3/swagger-parser-safe-url-resolver/2.1.30/swagger-parser-safe-url-resolver-2.1.30.jar:/home/runner/work/apicurio-testing/apicurio-testing/clusters/ci419/namespaces/kafkasql/tests/integration/apicurio-registry/schema-util/wsdl/target/apicurio-registry-schema-util-wsdl-3.0.11-SNAPSHOT.jar:/home/runner/.m2/repository/wsdl4j/wsdl4j/1.6.3/wsdl4j-1.6.3.jar:/home/runner/work/apicurio-testing/apicurio-testing/clusters/ci419/namespaces/kafkasql/tests/integration/apicurio-registry/schema-util/xml/target/apicurio-registry-schema-util-xml-3.0.11-SNAPSHOT.jar:/home/runner/.m2/repository/org/apache/santuario/xmlsec/4.0.3/xmlsec-4.0.3.jar:/home/runner/.m2/repository/com/fasterxml/woodstox/woodstox-core/7.1.0/woodstox-core-7.1.0.jar:/home/runner/.m2/repository/org/codehaus/woodstox/stax2-api/4.2.2/stax2-api-4.2.2.jar:/home/runner/work/apicurio-testing/apicurio-testing/clusters/ci419/namespaces/kafkasql/tests/integration/apicurio-registry/schema-util/xsd/target/apicurio-registry-schema-util-xsd-3.0.11-SNAPSHOT.jar:/home/runner/work/apicurio-testing/apicurio-testing/clusters/ci419/namespaces/kafkasql/tests/integration/apicurio-registry/serdes/kafka/jsonschema-serde/target/apicurio-registry-jsonschema-serde-kafka-3.0.11-SNAPSHOT.jar:/home/runner/work/apicurio-testing/apicurio-testing/clusters/ci419/namespaces/kafkasql/tests/integration/apicurio-registry/serdes/kafka/serde-kafka-common/target/apicurio-registry-serde-kafka-common-3.0.11-SNAPSHOT.jar:/home/runner/work/apicurio-testing/apicurio-testing/clusters/ci419/namespaces/kafkasql/tests/integration/apicurio-registry/serdes/generic/serde-common/target/apicurio-registry-serde-common-3.0.11-SNAPSHOT.jar:/home/runner/work/apicurio-testing/apicurio-testing/clusters/ci419/namespaces/kafkasql/tests/integration/apicurio-registry/serdes/generic/serde-common-jsonschema/target/apicurio-registry-serde-common-jsonschema-3.0.11-SNAPSHOT.jar:/home/runner/.m2/repository/org/json/json/20250107/json-20250107.jar:/home/runner/work/apicurio-testing/apicurio-testing/clusters/ci419/namespaces/kafkasql/tests/integration/apicurio-registry/serdes/kafka/avro-serde/target/apicurio-registry-avro-serde-kafka-3.0.11-SNAPSHOT.jar:/home/runner/work/apicurio-testing/apicurio-testing/clusters/ci419/namespaces/kafkasql/tests/integration/apicurio-registry/serdes/generic/serde-common-avro/target/apicurio-registry-serde-common-avro-3.0.11-SNAPSHOT.jar:/home/runner/work/apicurio-testing/apicurio-testing/clusters/ci419/namespaces/kafkasql/tests/integration/apicurio-registry/serdes/kafka/protobuf-serde/target/apicurio-registry-protobuf-serde-kafka-3.0.11-SNAPSHOT.jar:/home/runner/work/apicurio-testing/apicurio-testing/clusters/ci419/namespaces/kafkasql/tests/integration/apicurio-registry/serdes/generic/serde-common-protobuf/target/apicurio-registry-serde-common-protobuf-3.0.11-SNAPSHOT.jar:/home/runner/.m2/repository/com/squareup/wire/wire-schema/5.3.3/wire-schema-5.3.3.jar:/home/runner/.m2/repository/com/squareup/wire/wire-runtime/5.3.3/wire-runtime-5.3.3.jar:/home/runner/work/apicurio-testing/apicurio-testing/clusters/ci419/namespaces/kafkasql/tests/integration/apicurio-registry/serdes/pulsar/avro-serde/target/apicurio-registry-avro-serde-pulsar-3.0.11-SNAPSHOT.jar:/home/runner/.m2/repository/org/apache/pulsar/pulsar-functions-api/3.3.4/pulsar-functions-api-3.3.4.jar:/home/runner/work/apicurio-testing/apicurio-testing/clusters/ci419/namespaces/kafkasql/tests/integration/apicurio-registry/serdes/nats/avro-serde/target/apicurio-registry-avro-serde-nats-3.0.11-SNAPSHOT.jar:/home/runner/.m2/repository/io/nats/jnats/2.20.5/jnats-2.20.5.jar:/home/runner/.m2/repository/net/i2p/crypto/eddsa/0.3.0/eddsa-0.3.0.jar:/home/runner/work/apicurio-testing/apicurio-testing/clusters/ci419/namespaces/kafkasql/tests/integration/apicurio-registry/utils/converter/target/apicurio-registry-utils-converter-3.0.11-SNAPSHOT.jar:/home/runner/work/apicurio-testing/apicurio-testing/clusters/ci419/namespaces/kafkasql/tests/integration/apicurio-registry/schema-resolver/target/apicurio-registry-schema-resolver-3.0.11-SNAPSHOT.jar:/home/runner/.m2/repository/org/apache/kafka/connect-api/3.9.1/connect-api-3.9.1.jar:/home/runner/.m2/repository/javax/ws/rs/javax.ws.rs-api/2.1.1/javax.ws.rs-api-2.1.1.jar:/home/runner/.m2/repository/org/apache/kafka/connect-json/3.9.1/connect-json-3.9.1.jar:/home/runner/.m2/repository/com/fasterxml/jackson/datatype/jackson-datatype-jdk8/2.18.2/jackson-datatype-jdk8-2.18.2.jar:/home/runner/.m2/repository/com/fasterxml/jackson/module/jackson-module-afterburner/2.18.2/jackson-module-afterburner-2.18.2.jar:/home/runner/work/apicurio-testing/apicurio-testing/clusters/ci419/namespaces/kafkasql/tests/integration/apicurio-registry/utils/kafka/target/apicurio-registry-utils-kafka-3.0.11-SNAPSHOT.jar:/home/runner/.m2/repository/org/apache/pulsar/pulsar-client/3.3.4/pulsar-client-3.3.4.jar:/home/runner/.m2/repository/org/apache/pulsar/pulsar-client-api/3.3.4/pulsar-client-api-3.3.4.jar:/home/runner/.m2/repository/org/apache/pulsar/pulsar-client-admin-api/3.3.4/pulsar-client-admin-api-3.3.4.jar:/home/runner/.m2/repository/org/apache/pulsar/bouncy-castle-bc/3.3.4/bouncy-castle-bc-3.3.4-pkg.jar:/home/runner/.m2/repository/org/bouncycastle/bcpkix-jdk18on/1.80/bcpkix-jdk18on-1.80.jar:/home/runner/.m2/repository/org/bouncycastle/bcutil-jdk18on/1.80/bcutil-jdk18on-1.80.jar:/home/runner/.m2/repository/org/bouncycastle/bcprov-jdk18on/1.80/bcprov-jdk18on-1.80.jar:/home/runner/.m2/repository/io/opentelemetry/opentelemetry-api/1.44.1/opentelemetry-api-1.44.1.jar:/home/runner/.m2/repository/io/opentelemetry/opentelemetry-context/1.44.1/opentelemetry-context-1.44.1.jar:/home/runner/.m2/repository/io/opentelemetry/opentelemetry-api-incubator/1.44.1-alpha/opentelemetry-api-incubator-1.44.1-alpha.jar:/home/runner/.m2/repository/com/fasterxml/jackson/core/jackson-annotations/2.18.2/jackson-annotations-2.18.2.jar:/home/runner/.m2/repository/javax/validation/validation-api/1.1.0.Final/validation-api-1.1.0.Final.jar:/home/runner/.m2/repository/io/confluent/kafka-avro-serializer/8.0.0/kafka-avro-serializer-8.0.0.jar:/home/runner/.m2/repository/org/apache/commons/commons-compress/1.27.1/commons-compress-1.27.1.jar:/home/runner/.m2/repository/io/confluent/kafka-schema-serializer/8.0.0/kafka-schema-serializer-8.0.0.jar:/home/runner/.m2/repository/com/fasterxml/jackson/dataformat/jackson-dataformat-csv/2.18.2/jackson-dataformat-csv-2.18.2.jar:/home/runner/.m2/repository/io/confluent/kafka-schema-registry-client/8.0.0/kafka-schema-registry-client-8.0.0.jar:/home/runner/.m2/repository/org/yaml/snakeyaml/2.3/snakeyaml-2.3.jar:/home/runner/.m2/repository/io/swagger/core/v3/swagger-annotations/2.2.29/swagger-annotations-2.2.29.jar:/home/runner/.m2/repository/com/google/guava/guava/33.4.0-jre/guava-33.4.0-jre.jar:/home/runner/.m2/repository/com/google/guava/failureaccess/1.0.1/failureaccess-1.0.1.jar:/home/runner/.m2/repository/org/checkerframework/checker-qual/3.49.0/checker-qual-3.49.0.jar:/home/runner/.m2/repository/io/confluent/logredactor/1.0.13/logredactor-1.0.13.jar:/home/runner/.m2/repository/com/google/re2j/re2j/1.6/re2j-1.6.jar:/home/runner/.m2/repository/io/confluent/logredactor-metrics/1.0.13/logredactor-metrics-1.0.13.jar:/home/runner/.m2/repository/com/eclipsesource/minimal-json/minimal-json/0.9.5/minimal-json-0.9.5.jar:/home/runner/.m2/repository/io/confluent/common-utils/8.0.0/common-utils-8.0.0.jar:/home/runner/.m2/repository/io/confluent/kafka-connect-avro-converter/8.0.0/kafka-connect-avro-converter-8.0.0.jar:/home/runner/.m2/repository/io/confluent/kafka-connect-avro-data/8.0.0/kafka-connect-avro-data-8.0.0.jar:/home/runner/.m2/repository/io/confluent/kafka-schema-converter/8.0.0/kafka-schema-converter-8.0.0.jar:/home/runner/.m2/repository/io/rest-assured/rest-assured/5.5.1/rest-assured-5.5.1.jar:/home/runner/.m2/repository/org/apache/groovy/groovy/4.0.22/groovy-4.0.22.jar:/home/runner/.m2/repository/org/apache/groovy/groovy-xml/4.0.22/groovy-xml-4.0.22.jar:/home/runner/.m2/repository/org/apache/httpcomponents/httpclient/4.5.14/httpclient-4.5.14.jar:/home/runner/.m2/repository/org/apache/httpcomponents/httpcore/4.4.16/httpcore-4.4.16.jar:/home/runner/.m2/repository/org/apache/httpcomponents/httpmime/4.5.14/httpmime-4.5.14.jar:/home/runner/.m2/repository/org/hamcrest/hamcrest/2.2/hamcrest-2.2.jar:/home/runner/.m2/repository/org/ccil/cowan/tagsoup/tagsoup/1.2.1/tagsoup-1.2.1.jar:/home/runner/.m2/repository/io/rest-assured/json-path/5.5.1/json-path-5.5.1.jar:/home/runner/.m2/repository/org/apache/groovy/groovy-json/4.0.22/groovy-json-4.0.22.jar:/home/runner/.m2/repository/io/rest-assured/rest-assured-common/5.5.1/rest-assured-common-5.5.1.jar:/home/runner/.m2/repository/io/rest-assured/xml-path/5.5.1/xml-path-5.5.1.jar:/home/runner/.m2/repository/io/zonky/test/embedded-postgres/2.1.0/embedded-postgres-2.1.0.jar:/home/runner/.m2/repository/io/zonky/test/postgres/embedded-postgres-binaries-windows-amd64/14.15.0/embedded-postgres-binaries-windows-amd64-14.15.0.jar:/home/runner/.m2/repository/io/zonky/test/postgres/embedded-postgres-binaries-darwin-amd64/14.15.0/embedded-postgres-binaries-darwin-amd64-14.15.0.jar:/home/runner/.m2/repository/io/zonky/test/postgres/embedded-postgres-binaries-linux-amd64/14.15.0/embedded-postgres-binaries-linux-amd64-14.15.0.jar:/home/runner/.m2/repository/io/zonky/test/postgres/embedded-postgres-binaries-linux-amd64-alpine/14.15.0/embedded-postgres-binaries-linux-amd64-alpine-14.15.0.jar:/home/runner/.m2/repository/org/apache/commons/commons-lang3/3.17.0/commons-lang3-3.17.0.jar:/home/runner/.m2/repository/org/tukaani/xz/1.10/xz-1.10.jar:/home/runner/.m2/repository/commons-codec/commons-codec/1.18.0/commons-codec-1.18.0.jar:/home/runner/.m2/repository/org/postgresql/postgresql/42.7.5/postgresql-42.7.5.jar:/home/runner/.m2/repository/commons-io/commons-io/2.18.0/commons-io-2.18.0.jar:/home/runner/work/apicurio-testing/apicurio-testing/clusters/ci419/namespaces/kafkasql/tests/integration/apicurio-registry/utils/importexport/target/apicurio-registry-utils-import-export-3.0.11-SNAPSHOT.jar:/home/runner/.m2/repository/io/vertx/vertx-core/4.5.14/vertx-core-4.5.14.jar:/home/runner/.m2/repository/io/netty/netty-common/4.1.119.Final/netty-common-4.1.119.Final.jar:/home/runner/.m2/repository/io/netty/netty-buffer/4.1.119.Final/netty-buffer-4.1.119.Final.jar:/home/runner/.m2/repository/io/netty/netty-transport/4.1.119.Final/netty-transport-4.1.119.Final.jar:/home/runner/.m2/repository/io/netty/netty-handler/4.1.119.Final/netty-handler-4.1.119.Final.jar:/home/runner/.m2/repository/io/netty/netty-transport-native-unix-common/4.1.119.Final/netty-transport-native-unix-common-4.1.119.Final.jar:/home/runner/.m2/repository/io/netty/netty-codec/4.1.119.Final/netty-codec-4.1.119.Final.jar:/home/runner/.m2/repository/io/netty/netty-handler-proxy/4.1.119.Final/netty-handler-proxy-4.1.119.Final.jar:/home/runner/.m2/repository/io/netty/netty-codec-socks/4.1.119.Final/netty-codec-socks-4.1.119.Final.jar:/home/runner/.m2/repository/io/netty/netty-codec-http/4.1.119.Final/netty-codec-http-4.1.119.Final.jar:/home/runner/.m2/repository/io/netty/netty-codec-http2/4.1.119.Final/netty-codec-http2-4.1.119.Final.jar:/home/runner/.m2/repository/io/netty/netty-resolver/4.1.119.Final/netty-resolver-4.1.119.Final.jar:/home/runner/.m2/repository/io/netty/netty-resolver-dns/4.1.119.Final/netty-resolver-dns-4.1.119.Final.jar:/home/runner/.m2/repository/io/netty/netty-codec-dns/4.1.119.Final/netty-codec-dns-4.1.119.Final.jar:/home/runner/.m2/repository/com/fasterxml/jackson/core/jackson-core/2.18.2/jackson-core-2.18.2.jar:"/>
    <property name="sun.cpu.endian" value="little"/>
    <property name="user.home" value="/home/runner"/>
    <property name="user.language" value="en"/>
    <property name="jboss.log-version" value="false"/>
    <property name="java.specification.vendor" value="Oracle Corporation"/>
    <property name="java.version.date" value="2025-07-15"/>
    <property name="java.home" value="/usr/lib/jvm/temurin-17-jdk-amd64"/>
    <property name="file.separator" value="/"/>
    <property name="basedir" value="/home/runner/work/apicurio-testing/apicurio-testing/clusters/ci419/namespaces/kafkasql/tests/integration/apicurio-registry/integration-tests"/>
    <property name="java.vm.compressedOopsMode" value="32-bit"/>
    <property name="line.separator" value="&#10;"/>
    <property name="java.specification.name" value="Java Platform API Specification"/>
    <property name="java.vm.specification.vendor" value="Oracle Corporation"/>
    <property name="quarkus.http.test-host" value="registry-app-kafkasql.apps.ci419.apicurio-testing.org"/>
    <property name="surefire.real.class.path" value="/home/runner/work/apicurio-testing/apicurio-testing/clusters/ci419/namespaces/kafkasql/tests/integration/apicurio-registry/integration-tests/target/surefire/surefirebooter-20250731181711866_3.jar"/>
    <property name="sun.management.compiler" value="HotSpot 64-Bit Tiered Compilers"/>
    <property name="org.eclipse.jetty.http.HttpGenerator.STRICT" value="true"/>
    <property name="java.runtime.version" value="17.0.16+8"/>
    <property name="user.name" value="runner"/>
    <property name="path.separator" value=":"/>
    <property name="os.version" value="6.8.0-1031-azure"/>
    <property name="java.runtime.name" value="OpenJDK Runtime Environment"/>
    <property name="file.encoding" value="UTF-8"/>
    <property name="jnidispatch.path" value="/home/runner/.cache/JNA/temp/jna1714133203749479584.tmp"/>
    <property name="java.vm.name" value="OpenJDK 64-Bit Server VM"/>
    <property name="jna.platform.library.path" value="/usr/lib/x86_64-linux-gnu:/lib/x86_64-linux-gnu:/usr/lib64:/lib64:/usr/lib:/lib:/lib32:/usr/local/lib:/usr/lib/x86_64-linux-gnu/libfakeroot"/>
    <property name="java.vendor.version" value="Temurin-17.0.16+8"/>
    <property name="quarkus.oidc.token-path" value="https://keycloak-kafkasql.apps.ci419.apicurio-testing.org/realms/registry/protocol/openid-connect/token"/>
    <property name="quarkus.http.host" value="registry-app-kafkasql.apps.ci419.apicurio-testing.org"/>
    <property name="localRepository" value="/home/runner/.m2/repository"/>
    <property name="javax.xml.xpath.XPathFactory:http://java.sun.com/jaxp/xpath/dom" value="com.sun.org.apache.xpath.internal.jaxp.XPathFactoryImpl"/>
    <property name="jna.loaded" value="true"/>
    <property name="java.vendor.url.bug" value="https://github.com/adoptium/adoptium-support/issues"/>
    <property name="jetty.git.hash" value="5bc5e562c8d05c5862505aebe5cf83a61bdbcb96"/>
    <property name="java.io.tmpdir" value="/tmp"/>
    <property name="quarkus.http.test-protocol" value="http"/>
    <property name="java.version" value="17.0.16"/>
    <property name="user.dir" value="/home/runner/work/apicurio-testing/apicurio-testing/clusters/ci419/namespaces/kafkasql/tests/integration/apicurio-registry/integration-tests"/>
    <property name="os.arch" value="amd64"/>
    <property name="groups" value="( smoke | serdes | acceptance | ui)"/>
    <property name="java.vm.specification.name" value="Java Virtual Machine Specification"/>
    <property name="native.encoding" value="UTF-8"/>
    <property name="java.util.logging.manager" value="org.jboss.logmanager.LogManager"/>
    <property name="java.library.path" value="/usr/java/packages/lib:/usr/lib64:/lib64:/lib:/usr/lib"/>
    <property name="jdk.console" value="java.base"/>
    <property name="java.vm.info" value="mixed mode, sharing"/>
    <property name="java.vendor" value="Eclipse Adoptium"/>
    <property name="java.vm.version" value="17.0.16+8"/>
    <property name="java.specification.maintenance.version" value="1"/>
    <property name="sun.io.unicode.encoding" value="UnicodeLittle"/>
    <property name="javax.xml.transform.TransformerFactory" value="com.sun.org.apache.xalan.internal.xsltc.trax.TransformerFactoryImpl"/>
    <property name="java.class.version" value="61.0"/>
  </properties>
  <testcase name="testGlobalIdInHeaders" classname="io.apicurio.tests.serdes.apicurio.AvroSerdeIT" time="3.479">
    <system-out><![CDATA[**** Registry Base URL: http://registry-app-kafkasql.apps.ci419.apicurio-testing.org:80
**** Registry Base URL: http://registry-app-kafkasql.apps.ci419.apicurio-testing.org:80
2025-07-31 18:17:23,598 INFO  [io.api.tes.ser.api.AvroSerdeIT] (main) RestAssured configured with http://registry-app-kafkasql.apps.ci419.apicurio-testing.org:80/apis/registry/v3
2025-07-31 18:17:23,598 INFO  [io.api.tes.uti.KafkaFacade] (main) Starting kafka container
2025-07-31 18:17:23,630 INFO  [org.tes.ima.PullPolicy] (main) Image pull policy will be performed by: DefaultPullPolicy()
2025-07-31 18:17:23,633 INFO  [org.tes.uti.ImageNameSubstitutor] (main) Image name substitution will be performed by: DefaultImageNameSubstitutor (composite of 'ConfigurationFileImageNameSubstitutor' and 'PrefixingImageNameSubstitutor')
2025-07-31 18:17:23,642 INFO  [org.tes.DockerClientFactory] (main) Testcontainers version: 1.20.6
2025-07-31 18:17:24,151 INFO  [org.tes.doc.DockerClientProviderStrategy] (main) Found Docker environment with local Unix socket (unix:///var/run/docker.sock)
2025-07-31 18:17:24,159 INFO  [org.tes.DockerClientFactory] (main) Docker host IP address is localhost
2025-07-31 18:17:24,177 INFO  [org.tes.DockerClientFactory] (main) Connected to docker: 
  Server Version: 28.0.4
  API Version: 1.48
  Operating System: Ubuntu 22.04.5 LTS
  Total Memory: 7944 MB
2025-07-31 18:17:24,220 INFO  [tc.tes.11.0] (main) Pulling docker image: testcontainers/ryuk:0.11.0. Please be patient; this may take some time but only needs to be done once.
2025-07-31 18:17:25,233 INFO  [tc.tes.11.0] (docker-java-stream--1295187651) Starting to pull image
2025-07-31 18:17:25,248 INFO  [tc.tes.11.0] (docker-java-stream--1295187651) Pulling image layers:  0 pending,  0 downloaded,  0 extracted, (0 bytes/0 bytes)
2025-07-31 18:17:25,420 INFO  [tc.tes.11.0] (docker-java-stream--1295187651) Pulling image layers:  2 pending,  1 downloaded,  0 extracted, (878 KB/? MB)
2025-07-31 18:17:25,456 INFO  [tc.tes.11.0] (docker-java-stream--1295187651) Pulling image layers:  1 pending,  2 downloaded,  0 extracted, (878 KB/? MB)
2025-07-31 18:17:25,493 INFO  [tc.tes.11.0] (docker-java-stream--1295187651) Pulling image layers:  0 pending,  3 downloaded,  0 extracted, (906 KB/10 MB)
2025-07-31 18:17:25,584 INFO  [tc.tes.11.0] (docker-java-stream--1295187651) Pulling image layers:  0 pending,  3 downloaded,  1 extracted, (4 MB/10 MB)
2025-07-31 18:17:26,584 INFO  [tc.tes.11.0] (docker-java-stream--1295187651) Pulling image layers:  0 pending,  3 downloaded,  2 extracted, (4 MB/10 MB)
2025-07-31 18:17:26,623 INFO  [tc.tes.11.0] (docker-java-stream--1295187651) Pulling image layers:  0 pending,  3 downloaded,  3 extracted, (10 MB/10 MB)
2025-07-31 18:17:26,646 INFO  [tc.tes.11.0] (docker-java-stream--1295187651) Pull complete. 3 layers, pulled in 1s (downloaded 10 MB at 10 MB/s)
2025-07-31 18:17:26,647 INFO  [tc.tes.11.0] (main) Image testcontainers/ryuk:0.11.0 pull took PT2.426571492S
2025-07-31 18:17:26,668 INFO  [tc.tes.11.0] (main) Creating container for image: testcontainers/ryuk:0.11.0
2025-07-31 18:17:26,756 INFO  [tc.tes.11.0] (main) Container testcontainers/ryuk:0.11.0 is starting: 0d767afde3ca315b548cb9dddbc7fc31dedc20cc2b752da3aeedb0368b55a3e2
2025-07-31 18:17:27,090 INFO  [tc.tes.11.0] (main) Container testcontainers/ryuk:0.11.0 started in PT0.422058645S
2025-07-31 18:17:27,095 INFO  [org.tes.uti.RyukResourceReaper] (main) Ryuk started - will monitor and terminate Testcontainers containers on JVM exit
2025-07-31 18:17:27,095 INFO  [org.tes.DockerClientFactory] (main) Checking the system...
2025-07-31 18:17:27,095 INFO  [org.tes.DockerClientFactory] (main) ✔︎ Docker server version should be at least 1.6.0
2025-07-31 18:17:27,098 INFO  [io.str.tes.con.KafkaVersionService] (main) Latest release of Kafka is:LogicalKafkaVersionEntity{version='3.7.1', image='quay.io/strimzi-test-container/test-container:0.107.0-kafka-3.7.1'}
2025-07-31 18:17:27,098 INFO  [io.str.tes.con.KafkaVersionService] (main) Latest release of Kafka is:LogicalKafkaVersionEntity{version='3.7.1', image='quay.io/strimzi-test-container/test-container:0.107.0-kafka-3.7.1'}
2025-07-31 18:17:27,098 INFO  [io.str.tes.con.KafkaVersionService] (main) No Kafka version specified. Using latest release: quay.io/strimzi-test-container/test-container:0.107.0-kafka-3.7.1
2025-07-31 18:17:27,101 INFO  [tc.qua.io/.107.0-k.7.1] (main) Pulling docker image: quay.io/strimzi-test-container/test-container:0.107.0-kafka-3.7.1. Please be patient; this may take some time but only needs to be done once.
2025-07-31 18:17:27,598 INFO  [tc.qua.io/.107.0-k.7.1] (docker-java-stream--720530420) Starting to pull image
2025-07-31 18:17:27,599 INFO  [tc.qua.io/.107.0-k.7.1] (docker-java-stream--720530420) Pulling image layers:  0 pending,  0 downloaded,  0 extracted, (0 bytes/0 bytes)
2025-07-31 18:17:27,930 INFO  [tc.qua.io/.107.0-k.7.1] (docker-java-stream--720530420) Pulling image layers:  4 pending,  1 downloaded,  0 extracted, (997 bytes/? MB)
2025-07-31 18:17:29,025 INFO  [tc.qua.io/.107.0-k.7.1] (docker-java-stream--720530420) Pulling image layers:  3 pending,  2 downloaded,  0 extracted, (59 MB/? MB)
2025-07-31 18:17:29,360 INFO  [tc.qua.io/.107.0-k.7.1] (docker-java-stream--720530420) Pulling image layers:  2 pending,  3 downloaded,  0 extracted, (77 MB/? MB)
2025-07-31 18:17:29,991 INFO  [tc.qua.io/.107.0-k.7.1] (docker-java-stream--720530420) Pulling image layers:  2 pending,  3 downloaded,  1 extracted, (110 MB/? MB)
2025-07-31 18:17:31,054 INFO  [tc.qua.io/.107.0-k.7.1] (docker-java-stream--720530420) Pulling image layers:  1 pending,  4 downloaded,  1 extracted, (180 MB/? MB)
2025-07-31 18:17:33,905 INFO  [tc.qua.io/.107.0-k.7.1] (docker-java-stream--720530420) Pulling image layers:  0 pending,  5 downloaded,  1 extracted, (225 MB/231 MB)
2025-07-31 18:17:35,085 INFO  [tc.qua.io/.107.0-k.7.1] (docker-java-stream--720530420) Pulling image layers:  0 pending,  5 downloaded,  2 extracted, (225 MB/231 MB)
2025-07-31 18:17:35,103 INFO  [tc.qua.io/.107.0-k.7.1] (docker-java-stream--720530420) Pulling image layers:  0 pending,  5 downloaded,  3 extracted, (225 MB/231 MB)
2025-07-31 18:17:36,105 INFO  [tc.qua.io/.107.0-k.7.1] (docker-java-stream--720530420) Pulling image layers:  0 pending,  5 downloaded,  4 extracted, (231 MB/231 MB)
2025-07-31 18:17:36,123 INFO  [tc.qua.io/.107.0-k.7.1] (docker-java-stream--720530420) Pulling image layers:  0 pending,  5 downloaded,  5 extracted, (231 MB/231 MB)
2025-07-31 18:17:36,130 INFO  [tc.qua.io/.107.0-k.7.1] (main) Image quay.io/strimzi-test-container/test-container:0.107.0-kafka-3.7.1 pull took PT9.029329882S
2025-07-31 18:17:36,130 INFO  [tc.qua.io/.107.0-k.7.1] (docker-java-stream--720530420) Pull complete. 5 layers, pulled in 8s (downloaded 231 MB at 28 MB/s)
2025-07-31 18:17:36,134 INFO  [tc.qua.io/.107.0-k.7.1] (main) Creating container for image: quay.io/strimzi-test-container/test-container:0.107.0-kafka-3.7.1
2025-07-31 18:17:36,208 INFO  [tc.qua.io/.107.0-k.7.1] (main) Container quay.io/strimzi-test-container/test-container:0.107.0-kafka-3.7.1 is starting: f1c6d2c39067c890df40c7d03c35f74f72170670ab90d74611cc4e98b962ba35
2025-07-31 18:17:36,408 INFO  [io.str.tes.con.StrimziKafkaContainer] (main) Mapped port: 32770
2025-07-31 18:17:36,411 INFO  [io.str.tes.con.StrimziKafkaContainer] (main) This is all advertised listeners for Kafka PLAINTEXT://localhost:32770,BROKER1://172.18.0.2:9093
2025-07-31 18:17:36,411 INFO  [io.str.tes.con.StrimziKafkaContainer] (main) Using internal ZooKeeper 'zookeeper.connect=localhost:2181.'
2025-07-31 18:17:36,412 INFO  [io.str.tes.con.StrimziKafkaContainer] (main) Copying command to 'STARTER_SCRIPT' script.
2025-07-31 18:17:40,507 INFO  [tc.qua.io/.107.0-k.7.1] (main) Container quay.io/strimzi-test-container/test-container:0.107.0-kafka-3.7.1 started in PT4.372672462S
2025-07-31 18:17:40,509 INFO  [io.api.tes.uti.TestSeparator] (main) ############################################################################
2025-07-31 18:17:40,509 INFO  [io.api.tes.uti.TestSeparator] (main) io.apicurio.tests.serdes.apicurio.AvroSerdeIT.testGlobalIdInHeaders-STARTED
2025-07-31 18:17:40,521 INFO  [org.apa.kaf.cli.adm.AdminClientConfig] (main) AdminClientConfig values: 
	auto.include.jmx.reporter = true
	bootstrap.controllers = []
	bootstrap.servers = [PLAINTEXT://localhost:32770]
	client.dns.lookup = use_all_dns_ips
	client.id = 
	connections.max.idle.ms = 10000
	default.api.timeout.ms = 60000
	enable.metrics.push = true
	metadata.max.age.ms = 300000
	metadata.recovery.strategy = none
	metric.reporters = []
	metrics.num.samples = 2
	metrics.recording.level = INFO
	metrics.sample.window.ms = 30000
	receive.buffer.bytes = 65536
	reconnect.backoff.max.ms = 1000
	reconnect.backoff.ms = 50
	request.timeout.ms = 5000
	retries = 2147483647
	retry.backoff.max.ms = 1000
	retry.backoff.ms = 100
	sasl.client.callback.handler.class = null
	sasl.jaas.config = null
	sasl.kerberos.kinit.cmd = /usr/bin/kinit
	sasl.kerberos.min.time.before.relogin = 60000
	sasl.kerberos.service.name = null
	sasl.kerberos.ticket.renew.jitter = 0.05
	sasl.kerberos.ticket.renew.window.factor = 0.8
	sasl.login.callback.handler.class = null
	sasl.login.class = null
	sasl.login.connect.timeout.ms = null
	sasl.login.read.timeout.ms = null
	sasl.login.refresh.buffer.seconds = 300
	sasl.login.refresh.min.period.seconds = 60
	sasl.login.refresh.window.factor = 0.8
	sasl.login.refresh.window.jitter = 0.05
	sasl.login.retry.backoff.max.ms = 10000
	sasl.login.retry.backoff.ms = 100
	sasl.mechanism = GSSAPI
	sasl.oauthbearer.clock.skew.seconds = 30
	sasl.oauthbearer.expected.audience = null
	sasl.oauthbearer.expected.issuer = null
	sasl.oauthbearer.header.urlencode = false
	sasl.oauthbearer.jwks.endpoint.refresh.ms = 3600000
	sasl.oauthbearer.jwks.endpoint.retry.backoff.max.ms = 10000
	sasl.oauthbearer.jwks.endpoint.retry.backoff.ms = 100
	sasl.oauthbearer.jwks.endpoint.url = null
	sasl.oauthbearer.scope.claim.name = scope
	sasl.oauthbearer.sub.claim.name = sub
	sasl.oauthbearer.token.endpoint.url = null
	security.protocol = PLAINTEXT
	security.providers = null
	send.buffer.bytes = 131072
	socket.connection.setup.timeout.max.ms = 30000
	socket.connection.setup.timeout.ms = 10000
	ssl.cipher.suites = null
	ssl.enabled.protocols = [TLSv1.2, TLSv1.3]
	ssl.endpoint.identification.algorithm = https
	ssl.engine.factory.class = null
	ssl.key.password = null
	ssl.keymanager.algorithm = SunX509
	ssl.keystore.certificate.chain = null
	ssl.keystore.key = null
	ssl.keystore.location = null
	ssl.keystore.password = null
	ssl.keystore.type = JKS
	ssl.protocol = TLSv1.3
	ssl.provider = null
	ssl.secure.random.implementation = null
	ssl.trustmanager.algorithm = PKIX
	ssl.truststore.certificates = null
	ssl.truststore.location = null
	ssl.truststore.password = null
	ssl.truststore.type = JKS

2025-07-31 18:17:41,022 INFO  [org.apa.kaf.com.uti.AppInfoParser] (main) Kafka version: 3.9.1
2025-07-31 18:17:41,023 INFO  [org.apa.kaf.com.uti.AppInfoParser] (main) Kafka commitId: f745dfdcee2b9851
2025-07-31 18:17:41,023 INFO  [org.apa.kaf.com.uti.AppInfoParser] (main) Kafka startTimeMs: 1753985861021
**** Registry Base URL: http://registry-app-kafkasql.apps.ci419.apicurio-testing.org:80
2025-07-31 18:17:41,078 INFO  [org.apa.kaf.cli.pro.ProducerConfig] (main) ProducerConfig values: 
	acks = -1
	auto.include.jmx.reporter = true
	batch.size = 16384
	bootstrap.servers = [PLAINTEXT://localhost:32770]
	buffer.memory = 33554432
	client.dns.lookup = use_all_dns_ips
	client.id = Producer-topic-6a235a4d_8e5c_480e_aeb3_9ba960b06225
	compression.gzip.level = -1
	compression.lz4.level = 9
	compression.type = none
	compression.zstd.level = 3
	connections.max.idle.ms = 10000
	delivery.timeout.ms = 120000
	enable.idempotence = true
	enable.metrics.push = true
	interceptor.classes = []
	key.serializer = class org.apache.kafka.common.serialization.StringSerializer
	linger.ms = 0
	max.block.ms = 60000
	max.in.flight.requests.per.connection = 5
	max.request.size = 1048576
	metadata.max.age.ms = 300000
	metadata.max.idle.ms = 300000
	metadata.recovery.strategy = none
	metric.reporters = []
	metrics.num.samples = 2
	metrics.recording.level = INFO
	metrics.sample.window.ms = 30000
	partitioner.adaptive.partitioning.enable = true
	partitioner.availability.timeout.ms = 0
	partitioner.class = null
	partitioner.ignore.keys = false
	receive.buffer.bytes = 32768
	reconnect.backoff.max.ms = 1000
	reconnect.backoff.ms = 50
	request.timeout.ms = 5000
	retries = 2147483647
	retry.backoff.max.ms = 1000
	retry.backoff.ms = 100
	sasl.client.callback.handler.class = null
	sasl.jaas.config = null
	sasl.kerberos.kinit.cmd = /usr/bin/kinit
	sasl.kerberos.min.time.before.relogin = 60000
	sasl.kerberos.service.name = null
	sasl.kerberos.ticket.renew.jitter = 0.05
	sasl.kerberos.ticket.renew.window.factor = 0.8
	sasl.login.callback.handler.class = null
	sasl.login.class = null
	sasl.login.connect.timeout.ms = null
	sasl.login.read.timeout.ms = null
	sasl.login.refresh.buffer.seconds = 300
	sasl.login.refresh.min.period.seconds = 60
	sasl.login.refresh.window.factor = 0.8
	sasl.login.refresh.window.jitter = 0.05
	sasl.login.retry.backoff.max.ms = 10000
	sasl.login.retry.backoff.ms = 100
	sasl.mechanism = GSSAPI
	sasl.oauthbearer.clock.skew.seconds = 30
	sasl.oauthbearer.expected.audience = null
	sasl.oauthbearer.expected.issuer = null
	sasl.oauthbearer.header.urlencode = false
	sasl.oauthbearer.jwks.endpoint.refresh.ms = 3600000
	sasl.oauthbearer.jwks.endpoint.retry.backoff.max.ms = 10000
	sasl.oauthbearer.jwks.endpoint.retry.backoff.ms = 100
	sasl.oauthbearer.jwks.endpoint.url = null
	sasl.oauthbearer.scope.claim.name = scope
	sasl.oauthbearer.sub.claim.name = sub
	sasl.oauthbearer.token.endpoint.url = null
	security.protocol = PLAINTEXT
	security.providers = null
	send.buffer.bytes = 131072
	socket.connection.setup.timeout.max.ms = 30000
	socket.connection.setup.timeout.ms = 10000
	ssl.cipher.suites = null
	ssl.enabled.protocols = [TLSv1.2, TLSv1.3]
	ssl.endpoint.identification.algorithm = https
	ssl.engine.factory.class = null
	ssl.key.password = null
	ssl.keymanager.algorithm = SunX509
	ssl.keystore.certificate.chain = null
	ssl.keystore.key = null
	ssl.keystore.location = null
	ssl.keystore.password = null
	ssl.keystore.type = JKS
	ssl.protocol = TLSv1.3
	ssl.provider = null
	ssl.secure.random.implementation = null
	ssl.trustmanager.algorithm = PKIX
	ssl.truststore.certificates = null
	ssl.truststore.location = null
	ssl.truststore.password = null
	ssl.truststore.type = JKS
	transaction.timeout.ms = 60000
	transactional.id = null
	value.serializer = class io.apicurio.registry.serde.avro.AvroKafkaSerializer

2025-07-31 18:17:41,114 INFO  [org.apa.kaf.com.tel.int.KafkaMetricsCollector] (main) initializing Kafka metrics collector
2025-07-31 18:17:41,142 INFO  [org.apa.kaf.cli.pro.KafkaProducer] (main) [Producer clientId=Producer-topic-6a235a4d_8e5c_480e_aeb3_9ba960b06225] Instantiated an idempotent producer.
2025-07-31 18:17:41,185 INFO  [org.apa.kaf.cli.pro.ProducerConfig] (main) These configurations '[apicurio.registry.url, apicurio.registry.auto-register, apicurio.registry.use-id, apicurio.registry.artifact-resolver-strategy]' were supplied but are not used yet.
2025-07-31 18:17:41,185 INFO  [org.apa.kaf.com.uti.AppInfoParser] (main) Kafka version: 3.9.1
2025-07-31 18:17:41,186 INFO  [org.apa.kaf.com.uti.AppInfoParser] (main) Kafka commitId: f745dfdcee2b9851
2025-07-31 18:17:41,186 INFO  [org.apa.kaf.com.uti.AppInfoParser] (main) Kafka startTimeMs: 1753985861185
2025-07-31 18:17:41,186 INFO  [io.api.tes.ser.api.SimpleSerdesTesterBuilder$SimpleSerdesTester] (main) Using producer configuration: {apicurio.registry.url=http://registry-app-kafkasql.apps.ci419.apicurio-testing.org:80/apis/registry/v3, apicurio.registry.auto-register=true, apicurio.registry.use-id=globalId, apicurio.registry.artifact-resolver-strategy=io.apicurio.registry.serde.strategy.TopicIdStrategy, value.serializer=io.apicurio.registry.serde.avro.AvroKafkaSerializer, request.timeout.ms=5000, acks=all, bootstrap.servers=PLAINTEXT://localhost:32770, connections.max.idle.ms=10000, key.serializer=org.apache.kafka.common.serialization.StringSerializer, client.id=Producer-topic-6a235a4d_8e5c_480e_aeb3_9ba960b06225}
2025-07-31 18:17:41,186 INFO  [io.api.tes.ser.api.SimpleSerdesTesterBuilder$SimpleSerdesTester] (main) Using consumer configuration: {apicurio.registry.use-id=globalId}
2025-07-31 18:17:41,192 INFO  [io.api.tes.ser.api.KafkaSerdesTester] (Thread-594) Sending message {"key11753985861050": "value-0"} to topic topic-6a235a4d_8e5c_480e_aeb3_9ba960b06225
2025-07-31 18:17:41,604 WARN  [org.apa.kaf.cli.NetworkClient] (kafka-producer-network-thread | Producer-topic-6a235a4d_8e5c_480e_aeb3_9ba960b06225) [Producer clientId=Producer-topic-6a235a4d_8e5c_480e_aeb3_9ba960b06225] The metadata response from the cluster reported a recoverable issue with correlation id 2 : {topic-6a235a4d_8e5c_480e_aeb3_9ba960b06225=LEADER_NOT_AVAILABLE}
2025-07-31 18:17:41,608 INFO  [org.apa.kaf.cli.Metadata] (kafka-producer-network-thread | Producer-topic-6a235a4d_8e5c_480e_aeb3_9ba960b06225) [Producer clientId=Producer-topic-6a235a4d_8e5c_480e_aeb3_9ba960b06225] Cluster ID: MOk99p_ARaW4Dib0x4tLFg
2025-07-31 18:17:41,767 INFO  [org.apa.kaf.cli.pro.int.TransactionManager] (kafka-producer-network-thread | Producer-topic-6a235a4d_8e5c_480e_aeb3_9ba960b06225) [Producer clientId=Producer-topic-6a235a4d_8e5c_480e_aeb3_9ba960b06225] ProducerId set to 0 with epoch 0
2025-07-31 18:17:41,790 WARN  [org.apa.kaf.cli.NetworkClient] (kafka-producer-network-thread | Producer-topic-6a235a4d_8e5c_480e_aeb3_9ba960b06225) [Producer clientId=Producer-topic-6a235a4d_8e5c_480e_aeb3_9ba960b06225] The metadata response from the cluster reported a recoverable issue with correlation id 8 : {topic-6a235a4d_8e5c_480e_aeb3_9ba960b06225=LEADER_NOT_AVAILABLE}
2025-07-31 18:17:42,155 INFO  [io.api.tes.ser.api.KafkaSerdesTester] (Thread-594) Sending message {"key11753985861050": "value-1"} to topic topic-6a235a4d_8e5c_480e_aeb3_9ba960b06225
2025-07-31 18:17:42,165 INFO  [io.api.tes.ser.api.KafkaSerdesTester] (Thread-594) Sending message {"key11753985861050": "value-2"} to topic topic-6a235a4d_8e5c_480e_aeb3_9ba960b06225
2025-07-31 18:17:42,171 INFO  [io.api.tes.ser.api.KafkaSerdesTester] (Thread-594) Sending message {"key11753985861050": "value-3"} to topic topic-6a235a4d_8e5c_480e_aeb3_9ba960b06225
2025-07-31 18:17:42,182 INFO  [io.api.tes.ser.api.KafkaSerdesTester] (Thread-594) Sending message {"key11753985861050": "value-4"} to topic topic-6a235a4d_8e5c_480e_aeb3_9ba960b06225
2025-07-31 18:17:42,191 INFO  [io.api.tes.ser.api.KafkaSerdesTester] (Thread-594) Sending message {"key11753985861050": "value-5"} to topic topic-6a235a4d_8e5c_480e_aeb3_9ba960b06225
2025-07-31 18:17:42,198 INFO  [io.api.tes.ser.api.KafkaSerdesTester] (Thread-594) Sending message {"key11753985861050": "value-6"} to topic topic-6a235a4d_8e5c_480e_aeb3_9ba960b06225
2025-07-31 18:17:42,203 INFO  [io.api.tes.ser.api.KafkaSerdesTester] (Thread-594) Sending message {"key11753985861050": "value-7"} to topic topic-6a235a4d_8e5c_480e_aeb3_9ba960b06225
2025-07-31 18:17:42,208 INFO  [io.api.tes.ser.api.KafkaSerdesTester] (Thread-594) Sending message {"key11753985861050": "value-8"} to topic topic-6a235a4d_8e5c_480e_aeb3_9ba960b06225
2025-07-31 18:17:42,215 INFO  [io.api.tes.ser.api.KafkaSerdesTester] (Thread-594) Sending message {"key11753985861050": "value-9"} to topic topic-6a235a4d_8e5c_480e_aeb3_9ba960b06225
2025-07-31 18:17:42,219 INFO  [io.api.tes.ser.api.KafkaSerdesTester] (Thread-594) Produced 10 messages
2025-07-31 18:17:42,219 INFO  [org.apa.kaf.cli.pro.KafkaProducer] (Thread-594) [Producer clientId=Producer-topic-6a235a4d_8e5c_480e_aeb3_9ba960b06225] Closing the Kafka producer with timeoutMillis = 9223372036854775807 ms.
2025-07-31 18:17:42,240 INFO  [org.apa.kaf.com.met.Metrics] (Thread-594) Metrics scheduler closed
2025-07-31 18:17:42,240 INFO  [org.apa.kaf.com.met.Metrics] (Thread-594) Closing reporter org.apache.kafka.common.metrics.JmxReporter
2025-07-31 18:17:42,241 INFO  [org.apa.kaf.com.met.Metrics] (Thread-594) Closing reporter org.apache.kafka.common.telemetry.internals.ClientTelemetryReporter
2025-07-31 18:17:42,241 INFO  [org.apa.kaf.com.met.Metrics] (Thread-594) Metrics reporters closed
2025-07-31 18:17:42,242 INFO  [org.apa.kaf.com.uti.AppInfoParser] (Thread-594) App info kafka.producer for Producer-topic-6a235a4d_8e5c_480e_aeb3_9ba960b06225 unregistered
**** Registry Base URL: http://registry-app-kafkasql.apps.ci419.apicurio-testing.org:80
2025-07-31 18:17:42,299 INFO  [org.apa.kaf.cli.con.ConsumerConfig] (main) ConsumerConfig values: 
	allow.auto.create.topics = true
	auto.commit.interval.ms = 500
	auto.include.jmx.reporter = true
	auto.offset.reset = earliest
	bootstrap.servers = [PLAINTEXT://localhost:32770]
	check.crcs = true
	client.dns.lookup = use_all_dns_ips
	client.id = consumer-Consumer-topic-6a235a4d_8e5c_480e_aeb3_9ba960b06225-1
	client.rack = 
	connections.max.idle.ms = 10000
	default.api.timeout.ms = 60000
	enable.auto.commit = true
	enable.metrics.push = true
	exclude.internal.topics = true
	fetch.max.bytes = 52428800
	fetch.max.wait.ms = 500
	fetch.min.bytes = 1
	group.id = Consumer-topic-6a235a4d_8e5c_480e_aeb3_9ba960b06225
	group.instance.id = null
	group.protocol = classic
	group.remote.assignor = null
	heartbeat.interval.ms = 3000
	interceptor.classes = []
	internal.leave.group.on.close = true
	internal.throw.on.fetch.stable.offset.unsupported = false
	isolation.level = read_uncommitted
	key.deserializer = class org.apache.kafka.common.serialization.StringDeserializer
	max.partition.fetch.bytes = 1048576
	max.poll.interval.ms = 300000
	max.poll.records = 500
	metadata.max.age.ms = 300000
	metadata.recovery.strategy = none
	metric.reporters = []
	metrics.num.samples = 2
	metrics.recording.level = INFO
	metrics.sample.window.ms = 30000
	partition.assignment.strategy = [class org.apache.kafka.clients.consumer.RangeAssignor, class org.apache.kafka.clients.consumer.CooperativeStickyAssignor]
	receive.buffer.bytes = 65536
	reconnect.backoff.max.ms = 1000
	reconnect.backoff.ms = 50
	request.timeout.ms = 5000
	retry.backoff.max.ms = 1000
	retry.backoff.ms = 100
	sasl.client.callback.handler.class = null
	sasl.jaas.config = null
	sasl.kerberos.kinit.cmd = /usr/bin/kinit
	sasl.kerberos.min.time.before.relogin = 60000
	sasl.kerberos.service.name = null
	sasl.kerberos.ticket.renew.jitter = 0.05
	sasl.kerberos.ticket.renew.window.factor = 0.8
	sasl.login.callback.handler.class = null
	sasl.login.class = null
	sasl.login.connect.timeout.ms = null
	sasl.login.read.timeout.ms = null
	sasl.login.refresh.buffer.seconds = 300
	sasl.login.refresh.min.period.seconds = 60
	sasl.login.refresh.window.factor = 0.8
	sasl.login.refresh.window.jitter = 0.05
	sasl.login.retry.backoff.max.ms = 10000
	sasl.login.retry.backoff.ms = 100
	sasl.mechanism = GSSAPI
	sasl.oauthbearer.clock.skew.seconds = 30
	sasl.oauthbearer.expected.audience = null
	sasl.oauthbearer.expected.issuer = null
	sasl.oauthbearer.header.urlencode = false
	sasl.oauthbearer.jwks.endpoint.refresh.ms = 3600000
	sasl.oauthbearer.jwks.endpoint.retry.backoff.max.ms = 10000
	sasl.oauthbearer.jwks.endpoint.retry.backoff.ms = 100
	sasl.oauthbearer.jwks.endpoint.url = null
	sasl.oauthbearer.scope.claim.name = scope
	sasl.oauthbearer.sub.claim.name = sub
	sasl.oauthbearer.token.endpoint.url = null
	security.protocol = PLAINTEXT
	security.providers = null
	send.buffer.bytes = 131072
	session.timeout.ms = 45000
	socket.connection.setup.timeout.max.ms = 30000
	socket.connection.setup.timeout.ms = 10000
	ssl.cipher.suites = null
	ssl.enabled.protocols = [TLSv1.2, TLSv1.3]
	ssl.endpoint.identification.algorithm = https
	ssl.engine.factory.class = null
	ssl.key.password = null
	ssl.keymanager.algorithm = SunX509
	ssl.keystore.certificate.chain = null
	ssl.keystore.key = null
	ssl.keystore.location = null
	ssl.keystore.password = null
	ssl.keystore.type = JKS
	ssl.protocol = TLSv1.3
	ssl.provider = null
	ssl.secure.random.implementation = null
	ssl.trustmanager.algorithm = PKIX
	ssl.truststore.certificates = null
	ssl.truststore.location = null
	ssl.truststore.password = null
	ssl.truststore.type = JKS
	value.deserializer = class io.apicurio.registry.serde.avro.AvroKafkaDeserializer

2025-07-31 18:17:42,308 INFO  [org.apa.kaf.com.tel.int.KafkaMetricsCollector] (main) initializing Kafka metrics collector
2025-07-31 18:17:42,365 INFO  [org.apa.kaf.cli.con.ConsumerConfig] (main) These configurations '[apicurio.registry.url, apicurio.registry.use-id]' were supplied but are not used yet.
2025-07-31 18:17:42,365 INFO  [org.apa.kaf.com.uti.AppInfoParser] (main) Kafka version: 3.9.1
2025-07-31 18:17:42,365 INFO  [org.apa.kaf.com.uti.AppInfoParser] (main) Kafka commitId: f745dfdcee2b9851
2025-07-31 18:17:42,365 INFO  [org.apa.kaf.com.uti.AppInfoParser] (main) Kafka startTimeMs: 1753985862365
2025-07-31 18:17:42,367 INFO  [org.apa.kaf.cli.con.int.ClassicKafkaConsumer] (Thread-597) [Consumer clientId=consumer-Consumer-topic-6a235a4d_8e5c_480e_aeb3_9ba960b06225-1, groupId=Consumer-topic-6a235a4d_8e5c_480e_aeb3_9ba960b06225] Subscribed to topic(s): topic-6a235a4d_8e5c_480e_aeb3_9ba960b06225
2025-07-31 18:17:42,390 INFO  [org.apa.kaf.cli.Metadata] (Thread-597) [Consumer clientId=consumer-Consumer-topic-6a235a4d_8e5c_480e_aeb3_9ba960b06225-1, groupId=Consumer-topic-6a235a4d_8e5c_480e_aeb3_9ba960b06225] Cluster ID: MOk99p_ARaW4Dib0x4tLFg
2025-07-31 18:17:43,217 INFO  [org.apa.kaf.cli.con.int.ConsumerCoordinator] (Thread-597) [Consumer clientId=consumer-Consumer-topic-6a235a4d_8e5c_480e_aeb3_9ba960b06225-1, groupId=Consumer-topic-6a235a4d_8e5c_480e_aeb3_9ba960b06225] Discovered group coordinator localhost:32770 (id: 2147483647 rack: null)
2025-07-31 18:17:43,222 INFO  [org.apa.kaf.cli.con.int.ConsumerCoordinator] (Thread-597) [Consumer clientId=consumer-Consumer-topic-6a235a4d_8e5c_480e_aeb3_9ba960b06225-1, groupId=Consumer-topic-6a235a4d_8e5c_480e_aeb3_9ba960b06225] (Re-)joining group
2025-07-31 18:17:43,253 INFO  [org.apa.kaf.cli.con.int.ConsumerCoordinator] (Thread-597) [Consumer clientId=consumer-Consumer-topic-6a235a4d_8e5c_480e_aeb3_9ba960b06225-1, groupId=Consumer-topic-6a235a4d_8e5c_480e_aeb3_9ba960b06225] Request joining group due to: need to re-join with the given member-id: consumer-Consumer-topic-6a235a4d_8e5c_480e_aeb3_9ba960b06225-1-cbf772ad-6f71-423c-958c-9fdecad08e91
2025-07-31 18:17:43,254 INFO  [org.apa.kaf.cli.con.int.ConsumerCoordinator] (Thread-597) [Consumer clientId=consumer-Consumer-topic-6a235a4d_8e5c_480e_aeb3_9ba960b06225-1, groupId=Consumer-topic-6a235a4d_8e5c_480e_aeb3_9ba960b06225] (Re-)joining group
2025-07-31 18:17:43,274 INFO  [org.apa.kaf.cli.con.int.ConsumerCoordinator] (Thread-597) [Consumer clientId=consumer-Consumer-topic-6a235a4d_8e5c_480e_aeb3_9ba960b06225-1, groupId=Consumer-topic-6a235a4d_8e5c_480e_aeb3_9ba960b06225] Successfully joined group with generation Generation{generationId=1, memberId='consumer-Consumer-topic-6a235a4d_8e5c_480e_aeb3_9ba960b06225-1-cbf772ad-6f71-423c-958c-9fdecad08e91', protocol='range'}
2025-07-31 18:17:43,282 INFO  [org.apa.kaf.cli.con.int.ConsumerCoordinator] (Thread-597) [Consumer clientId=consumer-Consumer-topic-6a235a4d_8e5c_480e_aeb3_9ba960b06225-1, groupId=Consumer-topic-6a235a4d_8e5c_480e_aeb3_9ba960b06225] Finished assignment for group at generation 1: {consumer-Consumer-topic-6a235a4d_8e5c_480e_aeb3_9ba960b06225-1-cbf772ad-6f71-423c-958c-9fdecad08e91=Assignment(partitions=[topic-6a235a4d_8e5c_480e_aeb3_9ba960b06225-0])}
2025-07-31 18:17:43,308 INFO  [org.apa.kaf.cli.con.int.ConsumerCoordinator] (Thread-597) [Consumer clientId=consumer-Consumer-topic-6a235a4d_8e5c_480e_aeb3_9ba960b06225-1, groupId=Consumer-topic-6a235a4d_8e5c_480e_aeb3_9ba960b06225] Successfully synced group in generation Generation{generationId=1, memberId='consumer-Consumer-topic-6a235a4d_8e5c_480e_aeb3_9ba960b06225-1-cbf772ad-6f71-423c-958c-9fdecad08e91', protocol='range'}
2025-07-31 18:17:43,309 INFO  [org.apa.kaf.cli.con.int.ConsumerCoordinator] (Thread-597) [Consumer clientId=consumer-Consumer-topic-6a235a4d_8e5c_480e_aeb3_9ba960b06225-1, groupId=Consumer-topic-6a235a4d_8e5c_480e_aeb3_9ba960b06225] Notifying assignor about the new Assignment(partitions=[topic-6a235a4d_8e5c_480e_aeb3_9ba960b06225-0])
2025-07-31 18:17:43,311 INFO  [org.apa.kaf.cli.con.int.ConsumerRebalanceListenerInvoker] (Thread-597) [Consumer clientId=consumer-Consumer-topic-6a235a4d_8e5c_480e_aeb3_9ba960b06225-1, groupId=Consumer-topic-6a235a4d_8e5c_480e_aeb3_9ba960b06225] Adding newly assigned partitions: topic-6a235a4d_8e5c_480e_aeb3_9ba960b06225-0
2025-07-31 18:17:43,335 INFO  [org.apa.kaf.cli.con.int.ConsumerCoordinator] (Thread-597) [Consumer clientId=consumer-Consumer-topic-6a235a4d_8e5c_480e_aeb3_9ba960b06225-1, groupId=Consumer-topic-6a235a4d_8e5c_480e_aeb3_9ba960b06225] Found no committed offset for partition topic-6a235a4d_8e5c_480e_aeb3_9ba960b06225-0
2025-07-31 18:17:43,351 INFO  [org.apa.kaf.cli.con.int.SubscriptionState] (Thread-597) [Consumer clientId=consumer-Consumer-topic-6a235a4d_8e5c_480e_aeb3_9ba960b06225-1, groupId=Consumer-topic-6a235a4d_8e5c_480e_aeb3_9ba960b06225] Resetting offset for partition topic-6a235a4d_8e5c_480e_aeb3_9ba960b06225-0 to position FetchPosition{offset=0, offsetEpoch=Optional.empty, currentLeader=LeaderAndEpoch{leader=Optional[localhost:32770 (id: 0 rack: null)], epoch=0}}.
2025-07-31 18:17:43,369 INFO  [io.api.tes.ser.api.KafkaSerdesTester] (Thread-597) None found
2025-07-31 18:17:43,451 INFO  [io.api.tes.ser.api.KafkaSerdesTester] (Thread-597) topic-6a235a4d_8e5c_480e_aeb3_9ba960b06225 0 0 {"key11753985861050": "value-0"}
2025-07-31 18:17:43,451 INFO  [io.api.tes.ser.api.KafkaSerdesTester] (Thread-597) topic-6a235a4d_8e5c_480e_aeb3_9ba960b06225 0 1 {"key11753985861050": "value-1"}
2025-07-31 18:17:43,451 INFO  [io.api.tes.ser.api.KafkaSerdesTester] (Thread-597) topic-6a235a4d_8e5c_480e_aeb3_9ba960b06225 0 2 {"key11753985861050": "value-2"}
2025-07-31 18:17:43,451 INFO  [io.api.tes.ser.api.KafkaSerdesTester] (Thread-597) topic-6a235a4d_8e5c_480e_aeb3_9ba960b06225 0 3 {"key11753985861050": "value-3"}
2025-07-31 18:17:43,451 INFO  [io.api.tes.ser.api.KafkaSerdesTester] (Thread-597) topic-6a235a4d_8e5c_480e_aeb3_9ba960b06225 0 4 {"key11753985861050": "value-4"}
2025-07-31 18:17:43,451 INFO  [io.api.tes.ser.api.KafkaSerdesTester] (Thread-597) topic-6a235a4d_8e5c_480e_aeb3_9ba960b06225 0 5 {"key11753985861050": "value-5"}
2025-07-31 18:17:43,451 INFO  [io.api.tes.ser.api.KafkaSerdesTester] (Thread-597) topic-6a235a4d_8e5c_480e_aeb3_9ba960b06225 0 6 {"key11753985861050": "value-6"}
2025-07-31 18:17:43,452 INFO  [io.api.tes.ser.api.KafkaSerdesTester] (Thread-597) topic-6a235a4d_8e5c_480e_aeb3_9ba960b06225 0 7 {"key11753985861050": "value-7"}
2025-07-31 18:17:43,452 INFO  [io.api.tes.ser.api.KafkaSerdesTester] (Thread-597) topic-6a235a4d_8e5c_480e_aeb3_9ba960b06225 0 8 {"key11753985861050": "value-8"}
2025-07-31 18:17:43,452 INFO  [io.api.tes.ser.api.KafkaSerdesTester] (Thread-597) topic-6a235a4d_8e5c_480e_aeb3_9ba960b06225 0 9 {"key11753985861050": "value-9"}
2025-07-31 18:17:43,452 INFO  [io.api.tes.ser.api.KafkaSerdesTester] (Thread-597) Consumed 10 messages
2025-07-31 18:17:43,486 INFO  [org.apa.kaf.cli.con.int.ConsumerRebalanceListenerInvoker] (Thread-597) [Consumer clientId=consumer-Consumer-topic-6a235a4d_8e5c_480e_aeb3_9ba960b06225-1, groupId=Consumer-topic-6a235a4d_8e5c_480e_aeb3_9ba960b06225] Revoke previously assigned partitions topic-6a235a4d_8e5c_480e_aeb3_9ba960b06225-0
2025-07-31 18:17:43,486 INFO  [org.apa.kaf.cli.con.int.ConsumerCoordinator] (Thread-597) [Consumer clientId=consumer-Consumer-topic-6a235a4d_8e5c_480e_aeb3_9ba960b06225-1, groupId=Consumer-topic-6a235a4d_8e5c_480e_aeb3_9ba960b06225] Member consumer-Consumer-topic-6a235a4d_8e5c_480e_aeb3_9ba960b06225-1-cbf772ad-6f71-423c-958c-9fdecad08e91 sending LeaveGroup request to coordinator localhost:32770 (id: 2147483647 rack: null) due to the consumer is being closed
2025-07-31 18:17:43,488 INFO  [org.apa.kaf.cli.con.int.ConsumerCoordinator] (Thread-597) [Consumer clientId=consumer-Consumer-topic-6a235a4d_8e5c_480e_aeb3_9ba960b06225-1, groupId=Consumer-topic-6a235a4d_8e5c_480e_aeb3_9ba960b06225] Resetting generation and member id due to: consumer pro-actively leaving the group
2025-07-31 18:17:43,488 INFO  [org.apa.kaf.cli.con.int.ConsumerCoordinator] (Thread-597) [Consumer clientId=consumer-Consumer-topic-6a235a4d_8e5c_480e_aeb3_9ba960b06225-1, groupId=Consumer-topic-6a235a4d_8e5c_480e_aeb3_9ba960b06225] Request joining group due to: consumer pro-actively leaving the group
2025-07-31 18:17:43,975 INFO  [org.apa.kaf.com.met.Metrics] (Thread-597) Metrics scheduler closed
2025-07-31 18:17:43,976 INFO  [org.apa.kaf.com.met.Metrics] (Thread-597) Closing reporter org.apache.kafka.common.metrics.JmxReporter
2025-07-31 18:17:43,976 INFO  [org.apa.kaf.com.met.Metrics] (Thread-597) Closing reporter org.apache.kafka.common.telemetry.internals.ClientTelemetryReporter
2025-07-31 18:17:43,976 INFO  [org.apa.kaf.com.met.Metrics] (Thread-597) Metrics reporters closed
2025-07-31 18:17:43,984 INFO  [org.apa.kaf.com.uti.AppInfoParser] (Thread-597) App info kafka.consumer for consumer-Consumer-topic-6a235a4d_8e5c_480e_aeb3_9ba960b06225-1 unregistered
2025-07-31 18:17:43,985 INFO  [io.api.tes.uti.TestSeparator] (main) io.apicurio.tests.serdes.apicurio.AvroSerdeIT.testGlobalIdInHeaders-FINISHED
2025-07-31 18:17:43,985 INFO  [io.api.tes.uti.TestSeparator] (main) ############################################################################
Test passed: testGlobalIdInHeaders
]]></system-out>
  </testcase>
  <testcase name="testSimpleTopicIdStrategyFindLatest" classname="io.apicurio.tests.serdes.apicurio.AvroSerdeIT" time="1.856">
    <system-out><![CDATA[2025-07-31 18:17:43,987 INFO  [io.api.tes.uti.TestSeparator] (main) ############################################################################
2025-07-31 18:17:43,991 INFO  [io.api.tes.uti.TestSeparator] (main) io.apicurio.tests.serdes.apicurio.AvroSerdeIT.testSimpleTopicIdStrategyFindLatest-STARTED
2025-07-31 18:17:43,996 INFO  [io.api.tes.ser.api.AvroSerdeIT] (main) Registering Avro Schema: {"type":"record","name":"myrecordapicurio1","fields":[{"name":"key11753985863992","type":"string"}]}
**** Registry Base URL: http://registry-app-kafkasql.apps.ci419.apicurio-testing.org:80
2025-07-31 18:17:45,084 INFO  [org.apa.kaf.cli.pro.ProducerConfig] (main) ProducerConfig values: 
	acks = -1
	auto.include.jmx.reporter = true
	batch.size = 16384
	bootstrap.servers = [PLAINTEXT://localhost:32770]
	buffer.memory = 33554432
	client.dns.lookup = use_all_dns_ips
	client.id = Producer-topic-3183a4b7_ee00_47f0_b7d2_8ba3d36407ab
	compression.gzip.level = -1
	compression.lz4.level = 9
	compression.type = none
	compression.zstd.level = 3
	connections.max.idle.ms = 10000
	delivery.timeout.ms = 120000
	enable.idempotence = true
	enable.metrics.push = true
	interceptor.classes = []
	key.serializer = class org.apache.kafka.common.serialization.StringSerializer
	linger.ms = 0
	max.block.ms = 60000
	max.in.flight.requests.per.connection = 5
	max.request.size = 1048576
	metadata.max.age.ms = 300000
	metadata.max.idle.ms = 300000
	metadata.recovery.strategy = none
	metric.reporters = []
	metrics.num.samples = 2
	metrics.recording.level = INFO
	metrics.sample.window.ms = 30000
	partitioner.adaptive.partitioning.enable = true
	partitioner.availability.timeout.ms = 0
	partitioner.class = null
	partitioner.ignore.keys = false
	receive.buffer.bytes = 32768
	reconnect.backoff.max.ms = 1000
	reconnect.backoff.ms = 50
	request.timeout.ms = 5000
	retries = 2147483647
	retry.backoff.max.ms = 1000
	retry.backoff.ms = 100
	sasl.client.callback.handler.class = null
	sasl.jaas.config = null
	sasl.kerberos.kinit.cmd = /usr/bin/kinit
	sasl.kerberos.min.time.before.relogin = 60000
	sasl.kerberos.service.name = null
	sasl.kerberos.ticket.renew.jitter = 0.05
	sasl.kerberos.ticket.renew.window.factor = 0.8
	sasl.login.callback.handler.class = null
	sasl.login.class = null
	sasl.login.connect.timeout.ms = null
	sasl.login.read.timeout.ms = null
	sasl.login.refresh.buffer.seconds = 300
	sasl.login.refresh.min.period.seconds = 60
	sasl.login.refresh.window.factor = 0.8
	sasl.login.refresh.window.jitter = 0.05
	sasl.login.retry.backoff.max.ms = 10000
	sasl.login.retry.backoff.ms = 100
	sasl.mechanism = GSSAPI
	sasl.oauthbearer.clock.skew.seconds = 30
	sasl.oauthbearer.expected.audience = null
	sasl.oauthbearer.expected.issuer = null
	sasl.oauthbearer.header.urlencode = false
	sasl.oauthbearer.jwks.endpoint.refresh.ms = 3600000
	sasl.oauthbearer.jwks.endpoint.retry.backoff.max.ms = 10000
	sasl.oauthbearer.jwks.endpoint.retry.backoff.ms = 100
	sasl.oauthbearer.jwks.endpoint.url = null
	sasl.oauthbearer.scope.claim.name = scope
	sasl.oauthbearer.sub.claim.name = sub
	sasl.oauthbearer.token.endpoint.url = null
	security.protocol = PLAINTEXT
	security.providers = null
	send.buffer.bytes = 131072
	socket.connection.setup.timeout.max.ms = 30000
	socket.connection.setup.timeout.ms = 10000
	ssl.cipher.suites = null
	ssl.enabled.protocols = [TLSv1.2, TLSv1.3]
	ssl.endpoint.identification.algorithm = https
	ssl.engine.factory.class = null
	ssl.key.password = null
	ssl.keymanager.algorithm = SunX509
	ssl.keystore.certificate.chain = null
	ssl.keystore.key = null
	ssl.keystore.location = null
	ssl.keystore.password = null
	ssl.keystore.type = JKS
	ssl.protocol = TLSv1.3
	ssl.provider = null
	ssl.secure.random.implementation = null
	ssl.trustmanager.algorithm = PKIX
	ssl.truststore.certificates = null
	ssl.truststore.location = null
	ssl.truststore.password = null
	ssl.truststore.type = JKS
	transaction.timeout.ms = 60000
	transactional.id = null
	value.serializer = class io.apicurio.registry.serde.avro.AvroKafkaSerializer

2025-07-31 18:17:45,085 INFO  [org.apa.kaf.com.tel.int.KafkaMetricsCollector] (main) initializing Kafka metrics collector
2025-07-31 18:17:45,088 INFO  [org.apa.kaf.cli.pro.KafkaProducer] (main) [Producer clientId=Producer-topic-3183a4b7_ee00_47f0_b7d2_8ba3d36407ab] Instantiated an idempotent producer.
2025-07-31 18:17:45,092 INFO  [org.apa.kaf.cli.pro.ProducerConfig] (main) These configurations '[apicurio.registry.find-latest, apicurio.registry.artifact.group-id, apicurio.registry.url, apicurio.registry.artifact-resolver-strategy]' were supplied but are not used yet.
2025-07-31 18:17:45,092 INFO  [org.apa.kaf.com.uti.AppInfoParser] (main) Kafka version: 3.9.1
2025-07-31 18:17:45,092 INFO  [org.apa.kaf.com.uti.AppInfoParser] (main) Kafka commitId: f745dfdcee2b9851
2025-07-31 18:17:45,093 INFO  [org.apa.kaf.com.uti.AppInfoParser] (main) Kafka startTimeMs: 1753985865092
2025-07-31 18:17:45,093 INFO  [io.api.tes.ser.api.SimpleSerdesTesterBuilder$SimpleSerdesTester] (main) Using producer configuration: {apicurio.registry.find-latest=true, apicurio.registry.artifact.group-id=topic-3183a4b7_ee00_47f0_b7d2_8ba3d36407ab, apicurio.registry.url=http://registry-app-kafkasql.apps.ci419.apicurio-testing.org:80/apis/registry/v3, apicurio.registry.artifact-resolver-strategy=io.apicurio.registry.serde.strategy.SimpleTopicIdStrategy, value.serializer=io.apicurio.registry.serde.avro.AvroKafkaSerializer, request.timeout.ms=5000, acks=all, bootstrap.servers=PLAINTEXT://localhost:32770, connections.max.idle.ms=10000, key.serializer=org.apache.kafka.common.serialization.StringSerializer, client.id=Producer-topic-3183a4b7_ee00_47f0_b7d2_8ba3d36407ab}
2025-07-31 18:17:45,093 INFO  [io.api.tes.ser.api.SimpleSerdesTesterBuilder$SimpleSerdesTester] (main) Using consumer configuration: {}
2025-07-31 18:17:45,095 INFO  [io.api.tes.ser.api.KafkaSerdesTester] (Thread-600) Sending message {"key11753985863992": "value-0"} to topic topic-3183a4b7_ee00_47f0_b7d2_8ba3d36407ab
2025-07-31 18:17:45,106 INFO  [org.apa.kaf.cli.Metadata] (kafka-producer-network-thread | Producer-topic-3183a4b7_ee00_47f0_b7d2_8ba3d36407ab) [Producer clientId=Producer-topic-3183a4b7_ee00_47f0_b7d2_8ba3d36407ab] Cluster ID: MOk99p_ARaW4Dib0x4tLFg
2025-07-31 18:17:45,108 INFO  [org.apa.kaf.cli.pro.int.TransactionManager] (kafka-producer-network-thread | Producer-topic-3183a4b7_ee00_47f0_b7d2_8ba3d36407ab) [Producer clientId=Producer-topic-3183a4b7_ee00_47f0_b7d2_8ba3d36407ab] ProducerId set to 1 with epoch 0
2025-07-31 18:17:45,175 INFO  [io.api.tes.ser.api.KafkaSerdesTester] (Thread-600) Sending message {"key11753985863992": "value-1"} to topic topic-3183a4b7_ee00_47f0_b7d2_8ba3d36407ab
2025-07-31 18:17:45,179 INFO  [io.api.tes.ser.api.KafkaSerdesTester] (Thread-600) Sending message {"key11753985863992": "value-2"} to topic topic-3183a4b7_ee00_47f0_b7d2_8ba3d36407ab
2025-07-31 18:17:45,181 INFO  [io.api.tes.ser.api.KafkaSerdesTester] (Thread-600) Sending message {"key11753985863992": "value-3"} to topic topic-3183a4b7_ee00_47f0_b7d2_8ba3d36407ab
2025-07-31 18:17:45,184 INFO  [io.api.tes.ser.api.KafkaSerdesTester] (Thread-600) Sending message {"key11753985863992": "value-4"} to topic topic-3183a4b7_ee00_47f0_b7d2_8ba3d36407ab
2025-07-31 18:17:45,188 INFO  [io.api.tes.ser.api.KafkaSerdesTester] (Thread-600) Sending message {"key11753985863992": "value-5"} to topic topic-3183a4b7_ee00_47f0_b7d2_8ba3d36407ab
2025-07-31 18:17:45,191 INFO  [io.api.tes.ser.api.KafkaSerdesTester] (Thread-600) Sending message {"key11753985863992": "value-6"} to topic topic-3183a4b7_ee00_47f0_b7d2_8ba3d36407ab
2025-07-31 18:17:45,193 INFO  [io.api.tes.ser.api.KafkaSerdesTester] (Thread-600) Sending message {"key11753985863992": "value-7"} to topic topic-3183a4b7_ee00_47f0_b7d2_8ba3d36407ab
2025-07-31 18:17:45,196 INFO  [io.api.tes.ser.api.KafkaSerdesTester] (Thread-600) Sending message {"key11753985863992": "value-8"} to topic topic-3183a4b7_ee00_47f0_b7d2_8ba3d36407ab
2025-07-31 18:17:45,197 INFO  [io.api.tes.ser.api.KafkaSerdesTester] (Thread-600) Sending message {"key11753985863992": "value-9"} to topic topic-3183a4b7_ee00_47f0_b7d2_8ba3d36407ab
2025-07-31 18:17:45,199 INFO  [io.api.tes.ser.api.KafkaSerdesTester] (Thread-600) Produced 10 messages
2025-07-31 18:17:45,200 INFO  [org.apa.kaf.cli.pro.KafkaProducer] (Thread-600) [Producer clientId=Producer-topic-3183a4b7_ee00_47f0_b7d2_8ba3d36407ab] Closing the Kafka producer with timeoutMillis = 9223372036854775807 ms.
2025-07-31 18:17:45,204 INFO  [org.apa.kaf.com.met.Metrics] (Thread-600) Metrics scheduler closed
2025-07-31 18:17:45,204 INFO  [org.apa.kaf.com.met.Metrics] (Thread-600) Closing reporter org.apache.kafka.common.metrics.JmxReporter
2025-07-31 18:17:45,204 INFO  [org.apa.kaf.com.met.Metrics] (Thread-600) Closing reporter org.apache.kafka.common.telemetry.internals.ClientTelemetryReporter
2025-07-31 18:17:45,204 INFO  [org.apa.kaf.com.met.Metrics] (Thread-600) Metrics reporters closed
2025-07-31 18:17:45,204 INFO  [org.apa.kaf.com.uti.AppInfoParser] (Thread-600) App info kafka.producer for Producer-topic-3183a4b7_ee00_47f0_b7d2_8ba3d36407ab unregistered
**** Registry Base URL: http://registry-app-kafkasql.apps.ci419.apicurio-testing.org:80
2025-07-31 18:17:45,205 INFO  [org.apa.kaf.cli.con.ConsumerConfig] (main) ConsumerConfig values: 
	allow.auto.create.topics = true
	auto.commit.interval.ms = 500
	auto.include.jmx.reporter = true
	auto.offset.reset = earliest
	bootstrap.servers = [PLAINTEXT://localhost:32770]
	check.crcs = true
	client.dns.lookup = use_all_dns_ips
	client.id = consumer-Consumer-topic-3183a4b7_ee00_47f0_b7d2_8ba3d36407ab-2
	client.rack = 
	connections.max.idle.ms = 10000
	default.api.timeout.ms = 60000
	enable.auto.commit = true
	enable.metrics.push = true
	exclude.internal.topics = true
	fetch.max.bytes = 52428800
	fetch.max.wait.ms = 500
	fetch.min.bytes = 1
	group.id = Consumer-topic-3183a4b7_ee00_47f0_b7d2_8ba3d36407ab
	group.instance.id = null
	group.protocol = classic
	group.remote.assignor = null
	heartbeat.interval.ms = 3000
	interceptor.classes = []
	internal.leave.group.on.close = true
	internal.throw.on.fetch.stable.offset.unsupported = false
	isolation.level = read_uncommitted
	key.deserializer = class org.apache.kafka.common.serialization.StringDeserializer
	max.partition.fetch.bytes = 1048576
	max.poll.interval.ms = 300000
	max.poll.records = 500
	metadata.max.age.ms = 300000
	metadata.recovery.strategy = none
	metric.reporters = []
	metrics.num.samples = 2
	metrics.recording.level = INFO
	metrics.sample.window.ms = 30000
	partition.assignment.strategy = [class org.apache.kafka.clients.consumer.RangeAssignor, class org.apache.kafka.clients.consumer.CooperativeStickyAssignor]
	receive.buffer.bytes = 65536
	reconnect.backoff.max.ms = 1000
	reconnect.backoff.ms = 50
	request.timeout.ms = 5000
	retry.backoff.max.ms = 1000
	retry.backoff.ms = 100
	sasl.client.callback.handler.class = null
	sasl.jaas.config = null
	sasl.kerberos.kinit.cmd = /usr/bin/kinit
	sasl.kerberos.min.time.before.relogin = 60000
	sasl.kerberos.service.name = null
	sasl.kerberos.ticket.renew.jitter = 0.05
	sasl.kerberos.ticket.renew.window.factor = 0.8
	sasl.login.callback.handler.class = null
	sasl.login.class = null
	sasl.login.connect.timeout.ms = null
	sasl.login.read.timeout.ms = null
	sasl.login.refresh.buffer.seconds = 300
	sasl.login.refresh.min.period.seconds = 60
	sasl.login.refresh.window.factor = 0.8
	sasl.login.refresh.window.jitter = 0.05
	sasl.login.retry.backoff.max.ms = 10000
	sasl.login.retry.backoff.ms = 100
	sasl.mechanism = GSSAPI
	sasl.oauthbearer.clock.skew.seconds = 30
	sasl.oauthbearer.expected.audience = null
	sasl.oauthbearer.expected.issuer = null
	sasl.oauthbearer.header.urlencode = false
	sasl.oauthbearer.jwks.endpoint.refresh.ms = 3600000
	sasl.oauthbearer.jwks.endpoint.retry.backoff.max.ms = 10000
	sasl.oauthbearer.jwks.endpoint.retry.backoff.ms = 100
	sasl.oauthbearer.jwks.endpoint.url = null
	sasl.oauthbearer.scope.claim.name = scope
	sasl.oauthbearer.sub.claim.name = sub
	sasl.oauthbearer.token.endpoint.url = null
	security.protocol = PLAINTEXT
	security.providers = null
	send.buffer.bytes = 131072
	session.timeout.ms = 45000
	socket.connection.setup.timeout.max.ms = 30000
	socket.connection.setup.timeout.ms = 10000
	ssl.cipher.suites = null
	ssl.enabled.protocols = [TLSv1.2, TLSv1.3]
	ssl.endpoint.identification.algorithm = https
	ssl.engine.factory.class = null
	ssl.key.password = null
	ssl.keymanager.algorithm = SunX509
	ssl.keystore.certificate.chain = null
	ssl.keystore.key = null
	ssl.keystore.location = null
	ssl.keystore.password = null
	ssl.keystore.type = JKS
	ssl.protocol = TLSv1.3
	ssl.provider = null
	ssl.secure.random.implementation = null
	ssl.trustmanager.algorithm = PKIX
	ssl.truststore.certificates = null
	ssl.truststore.location = null
	ssl.truststore.password = null
	ssl.truststore.type = JKS
	value.deserializer = class io.apicurio.registry.serde.avro.AvroKafkaDeserializer

2025-07-31 18:17:45,206 INFO  [org.apa.kaf.com.tel.int.KafkaMetricsCollector] (main) initializing Kafka metrics collector
2025-07-31 18:17:45,217 INFO  [org.apa.kaf.cli.con.ConsumerConfig] (main) These configurations '[apicurio.registry.url]' were supplied but are not used yet.
2025-07-31 18:17:45,217 INFO  [org.apa.kaf.com.uti.AppInfoParser] (main) Kafka version: 3.9.1
2025-07-31 18:17:45,217 INFO  [org.apa.kaf.com.uti.AppInfoParser] (main) Kafka commitId: f745dfdcee2b9851
2025-07-31 18:17:45,217 INFO  [org.apa.kaf.com.uti.AppInfoParser] (main) Kafka startTimeMs: 1753985865217
2025-07-31 18:17:45,218 INFO  [org.apa.kaf.cli.con.int.ClassicKafkaConsumer] (Thread-603) [Consumer clientId=consumer-Consumer-topic-3183a4b7_ee00_47f0_b7d2_8ba3d36407ab-2, groupId=Consumer-topic-3183a4b7_ee00_47f0_b7d2_8ba3d36407ab] Subscribed to topic(s): topic-3183a4b7_ee00_47f0_b7d2_8ba3d36407ab
2025-07-31 18:17:45,238 INFO  [org.apa.kaf.cli.Metadata] (Thread-603) [Consumer clientId=consumer-Consumer-topic-3183a4b7_ee00_47f0_b7d2_8ba3d36407ab-2, groupId=Consumer-topic-3183a4b7_ee00_47f0_b7d2_8ba3d36407ab] Cluster ID: MOk99p_ARaW4Dib0x4tLFg
2025-07-31 18:17:45,238 INFO  [org.apa.kaf.cli.con.int.ConsumerCoordinator] (Thread-603) [Consumer clientId=consumer-Consumer-topic-3183a4b7_ee00_47f0_b7d2_8ba3d36407ab-2, groupId=Consumer-topic-3183a4b7_ee00_47f0_b7d2_8ba3d36407ab] Discovered group coordinator localhost:32770 (id: 2147483647 rack: null)
2025-07-31 18:17:45,242 INFO  [org.apa.kaf.cli.con.int.ConsumerCoordinator] (Thread-603) [Consumer clientId=consumer-Consumer-topic-3183a4b7_ee00_47f0_b7d2_8ba3d36407ab-2, groupId=Consumer-topic-3183a4b7_ee00_47f0_b7d2_8ba3d36407ab] (Re-)joining group
2025-07-31 18:17:45,260 INFO  [org.apa.kaf.cli.con.int.ConsumerCoordinator] (Thread-603) [Consumer clientId=consumer-Consumer-topic-3183a4b7_ee00_47f0_b7d2_8ba3d36407ab-2, groupId=Consumer-topic-3183a4b7_ee00_47f0_b7d2_8ba3d36407ab] Request joining group due to: need to re-join with the given member-id: consumer-Consumer-topic-3183a4b7_ee00_47f0_b7d2_8ba3d36407ab-2-2887c7b0-c960-49ef-9d5e-8edb38ffc1e2
2025-07-31 18:17:45,261 INFO  [org.apa.kaf.cli.con.int.ConsumerCoordinator] (Thread-603) [Consumer clientId=consumer-Consumer-topic-3183a4b7_ee00_47f0_b7d2_8ba3d36407ab-2, groupId=Consumer-topic-3183a4b7_ee00_47f0_b7d2_8ba3d36407ab] (Re-)joining group
2025-07-31 18:17:45,266 INFO  [org.apa.kaf.cli.con.int.ConsumerCoordinator] (Thread-603) [Consumer clientId=consumer-Consumer-topic-3183a4b7_ee00_47f0_b7d2_8ba3d36407ab-2, groupId=Consumer-topic-3183a4b7_ee00_47f0_b7d2_8ba3d36407ab] Successfully joined group with generation Generation{generationId=1, memberId='consumer-Consumer-topic-3183a4b7_ee00_47f0_b7d2_8ba3d36407ab-2-2887c7b0-c960-49ef-9d5e-8edb38ffc1e2', protocol='range'}
2025-07-31 18:17:45,267 INFO  [org.apa.kaf.cli.con.int.ConsumerCoordinator] (Thread-603) [Consumer clientId=consumer-Consumer-topic-3183a4b7_ee00_47f0_b7d2_8ba3d36407ab-2, groupId=Consumer-topic-3183a4b7_ee00_47f0_b7d2_8ba3d36407ab] Finished assignment for group at generation 1: {consumer-Consumer-topic-3183a4b7_ee00_47f0_b7d2_8ba3d36407ab-2-2887c7b0-c960-49ef-9d5e-8edb38ffc1e2=Assignment(partitions=[topic-3183a4b7_ee00_47f0_b7d2_8ba3d36407ab-0])}
2025-07-31 18:17:45,273 INFO  [org.apa.kaf.cli.con.int.ConsumerCoordinator] (Thread-603) [Consumer clientId=consumer-Consumer-topic-3183a4b7_ee00_47f0_b7d2_8ba3d36407ab-2, groupId=Consumer-topic-3183a4b7_ee00_47f0_b7d2_8ba3d36407ab] Successfully synced group in generation Generation{generationId=1, memberId='consumer-Consumer-topic-3183a4b7_ee00_47f0_b7d2_8ba3d36407ab-2-2887c7b0-c960-49ef-9d5e-8edb38ffc1e2', protocol='range'}
2025-07-31 18:17:45,273 INFO  [org.apa.kaf.cli.con.int.ConsumerCoordinator] (Thread-603) [Consumer clientId=consumer-Consumer-topic-3183a4b7_ee00_47f0_b7d2_8ba3d36407ab-2, groupId=Consumer-topic-3183a4b7_ee00_47f0_b7d2_8ba3d36407ab] Notifying assignor about the new Assignment(partitions=[topic-3183a4b7_ee00_47f0_b7d2_8ba3d36407ab-0])
2025-07-31 18:17:45,274 INFO  [org.apa.kaf.cli.con.int.ConsumerRebalanceListenerInvoker] (Thread-603) [Consumer clientId=consumer-Consumer-topic-3183a4b7_ee00_47f0_b7d2_8ba3d36407ab-2, groupId=Consumer-topic-3183a4b7_ee00_47f0_b7d2_8ba3d36407ab] Adding newly assigned partitions: topic-3183a4b7_ee00_47f0_b7d2_8ba3d36407ab-0
2025-07-31 18:17:45,276 INFO  [org.apa.kaf.cli.con.int.ConsumerCoordinator] (Thread-603) [Consumer clientId=consumer-Consumer-topic-3183a4b7_ee00_47f0_b7d2_8ba3d36407ab-2, groupId=Consumer-topic-3183a4b7_ee00_47f0_b7d2_8ba3d36407ab] Found no committed offset for partition topic-3183a4b7_ee00_47f0_b7d2_8ba3d36407ab-0
2025-07-31 18:17:45,283 INFO  [org.apa.kaf.cli.con.int.SubscriptionState] (Thread-603) [Consumer clientId=consumer-Consumer-topic-3183a4b7_ee00_47f0_b7d2_8ba3d36407ab-2, groupId=Consumer-topic-3183a4b7_ee00_47f0_b7d2_8ba3d36407ab] Resetting offset for partition topic-3183a4b7_ee00_47f0_b7d2_8ba3d36407ab-0 to position FetchPosition{offset=0, offsetEpoch=Optional.empty, currentLeader=LeaderAndEpoch{leader=Optional[localhost:32770 (id: 0 rack: null)], epoch=0}}.
2025-07-31 18:17:45,333 INFO  [io.api.tes.ser.api.KafkaSerdesTester] (Thread-603) topic-3183a4b7_ee00_47f0_b7d2_8ba3d36407ab 0 0 {"key11753985863992": "value-0"}
2025-07-31 18:17:45,333 INFO  [io.api.tes.ser.api.KafkaSerdesTester] (Thread-603) topic-3183a4b7_ee00_47f0_b7d2_8ba3d36407ab 0 1 {"key11753985863992": "value-1"}
2025-07-31 18:17:45,333 INFO  [io.api.tes.ser.api.KafkaSerdesTester] (Thread-603) topic-3183a4b7_ee00_47f0_b7d2_8ba3d36407ab 0 2 {"key11753985863992": "value-2"}
2025-07-31 18:17:45,333 INFO  [io.api.tes.ser.api.KafkaSerdesTester] (Thread-603) topic-3183a4b7_ee00_47f0_b7d2_8ba3d36407ab 0 3 {"key11753985863992": "value-3"}
2025-07-31 18:17:45,333 INFO  [io.api.tes.ser.api.KafkaSerdesTester] (Thread-603) topic-3183a4b7_ee00_47f0_b7d2_8ba3d36407ab 0 4 {"key11753985863992": "value-4"}
2025-07-31 18:17:45,334 INFO  [io.api.tes.ser.api.KafkaSerdesTester] (Thread-603) topic-3183a4b7_ee00_47f0_b7d2_8ba3d36407ab 0 5 {"key11753985863992": "value-5"}
2025-07-31 18:17:45,334 INFO  [io.api.tes.ser.api.KafkaSerdesTester] (Thread-603) topic-3183a4b7_ee00_47f0_b7d2_8ba3d36407ab 0 6 {"key11753985863992": "value-6"}
2025-07-31 18:17:45,334 INFO  [io.api.tes.ser.api.KafkaSerdesTester] (Thread-603) topic-3183a4b7_ee00_47f0_b7d2_8ba3d36407ab 0 7 {"key11753985863992": "value-7"}
2025-07-31 18:17:45,334 INFO  [io.api.tes.ser.api.KafkaSerdesTester] (Thread-603) topic-3183a4b7_ee00_47f0_b7d2_8ba3d36407ab 0 8 {"key11753985863992": "value-8"}
2025-07-31 18:17:45,334 INFO  [io.api.tes.ser.api.KafkaSerdesTester] (Thread-603) topic-3183a4b7_ee00_47f0_b7d2_8ba3d36407ab 0 9 {"key11753985863992": "value-9"}
2025-07-31 18:17:45,334 INFO  [io.api.tes.ser.api.KafkaSerdesTester] (Thread-603) Consumed 10 messages
2025-07-31 18:17:45,339 INFO  [org.apa.kaf.cli.con.int.ConsumerRebalanceListenerInvoker] (Thread-603) [Consumer clientId=consumer-Consumer-topic-3183a4b7_ee00_47f0_b7d2_8ba3d36407ab-2, groupId=Consumer-topic-3183a4b7_ee00_47f0_b7d2_8ba3d36407ab] Revoke previously assigned partitions topic-3183a4b7_ee00_47f0_b7d2_8ba3d36407ab-0
2025-07-31 18:17:45,339 INFO  [org.apa.kaf.cli.con.int.ConsumerCoordinator] (Thread-603) [Consumer clientId=consumer-Consumer-topic-3183a4b7_ee00_47f0_b7d2_8ba3d36407ab-2, groupId=Consumer-topic-3183a4b7_ee00_47f0_b7d2_8ba3d36407ab] Member consumer-Consumer-topic-3183a4b7_ee00_47f0_b7d2_8ba3d36407ab-2-2887c7b0-c960-49ef-9d5e-8edb38ffc1e2 sending LeaveGroup request to coordinator localhost:32770 (id: 2147483647 rack: null) due to the consumer is being closed
2025-07-31 18:17:45,340 INFO  [org.apa.kaf.cli.con.int.ConsumerCoordinator] (Thread-603) [Consumer clientId=consumer-Consumer-topic-3183a4b7_ee00_47f0_b7d2_8ba3d36407ab-2, groupId=Consumer-topic-3183a4b7_ee00_47f0_b7d2_8ba3d36407ab] Resetting generation and member id due to: consumer pro-actively leaving the group
2025-07-31 18:17:45,340 INFO  [org.apa.kaf.cli.con.int.ConsumerCoordinator] (Thread-603) [Consumer clientId=consumer-Consumer-topic-3183a4b7_ee00_47f0_b7d2_8ba3d36407ab-2, groupId=Consumer-topic-3183a4b7_ee00_47f0_b7d2_8ba3d36407ab] Request joining group due to: consumer pro-actively leaving the group
2025-07-31 18:17:45,836 INFO  [org.apa.kaf.com.met.Metrics] (Thread-603) Metrics scheduler closed
2025-07-31 18:17:45,836 INFO  [org.apa.kaf.com.met.Metrics] (Thread-603) Closing reporter org.apache.kafka.common.metrics.JmxReporter
2025-07-31 18:17:45,836 INFO  [org.apa.kaf.com.met.Metrics] (Thread-603) Closing reporter org.apache.kafka.common.telemetry.internals.ClientTelemetryReporter
2025-07-31 18:17:45,836 INFO  [org.apa.kaf.com.met.Metrics] (Thread-603) Metrics reporters closed
2025-07-31 18:17:45,840 INFO  [org.apa.kaf.com.uti.AppInfoParser] (Thread-603) App info kafka.consumer for consumer-Consumer-topic-3183a4b7_ee00_47f0_b7d2_8ba3d36407ab-2 unregistered
2025-07-31 18:17:45,841 INFO  [io.api.tes.uti.TestSeparator] (main) io.apicurio.tests.serdes.apicurio.AvroSerdeIT.testSimpleTopicIdStrategyFindLatest-FINISHED
2025-07-31 18:17:45,841 INFO  [io.api.tes.uti.TestSeparator] (main) ############################################################################
Test passed: testSimpleTopicIdStrategyFindLatest
]]></system-out>
  </testcase>
  <testcase name="testWrongSchema" classname="io.apicurio.tests.serdes.apicurio.AvroSerdeIT" time="1.158">
    <system-out><![CDATA[2025-07-31 18:17:45,847 INFO  [io.api.tes.uti.TestSeparator] (main) ############################################################################
2025-07-31 18:17:45,847 INFO  [io.api.tes.uti.TestSeparator] (main) io.apicurio.tests.serdes.apicurio.AvroSerdeIT.testWrongSchema-STARTED
**** Registry Base URL: http://registry-app-kafkasql.apps.ci419.apicurio-testing.org:80
2025-07-31 18:17:46,935 INFO  [org.apa.kaf.cli.pro.ProducerConfig] (main) ProducerConfig values: 
	acks = -1
	auto.include.jmx.reporter = true
	batch.size = 16384
	bootstrap.servers = [PLAINTEXT://localhost:32770]
	buffer.memory = 33554432
	client.dns.lookup = use_all_dns_ips
	client.id = Producer-s9c2d28b0x3ed9x4dd9xa768x11dcce37d6ca
	compression.gzip.level = -1
	compression.lz4.level = 9
	compression.type = none
	compression.zstd.level = 3
	connections.max.idle.ms = 10000
	delivery.timeout.ms = 120000
	enable.idempotence = true
	enable.metrics.push = true
	interceptor.classes = []
	key.serializer = class org.apache.kafka.common.serialization.StringSerializer
	linger.ms = 0
	max.block.ms = 60000
	max.in.flight.requests.per.connection = 5
	max.request.size = 1048576
	metadata.max.age.ms = 300000
	metadata.max.idle.ms = 300000
	metadata.recovery.strategy = none
	metric.reporters = []
	metrics.num.samples = 2
	metrics.recording.level = INFO
	metrics.sample.window.ms = 30000
	partitioner.adaptive.partitioning.enable = true
	partitioner.availability.timeout.ms = 0
	partitioner.class = null
	partitioner.ignore.keys = false
	receive.buffer.bytes = 32768
	reconnect.backoff.max.ms = 1000
	reconnect.backoff.ms = 50
	request.timeout.ms = 5000
	retries = 2147483647
	retry.backoff.max.ms = 1000
	retry.backoff.ms = 100
	sasl.client.callback.handler.class = null
	sasl.jaas.config = null
	sasl.kerberos.kinit.cmd = /usr/bin/kinit
	sasl.kerberos.min.time.before.relogin = 60000
	sasl.kerberos.service.name = null
	sasl.kerberos.ticket.renew.jitter = 0.05
	sasl.kerberos.ticket.renew.window.factor = 0.8
	sasl.login.callback.handler.class = null
	sasl.login.class = null
	sasl.login.connect.timeout.ms = null
	sasl.login.read.timeout.ms = null
	sasl.login.refresh.buffer.seconds = 300
	sasl.login.refresh.min.period.seconds = 60
	sasl.login.refresh.window.factor = 0.8
	sasl.login.refresh.window.jitter = 0.05
	sasl.login.retry.backoff.max.ms = 10000
	sasl.login.retry.backoff.ms = 100
	sasl.mechanism = GSSAPI
	sasl.oauthbearer.clock.skew.seconds = 30
	sasl.oauthbearer.expected.audience = null
	sasl.oauthbearer.expected.issuer = null
	sasl.oauthbearer.header.urlencode = false
	sasl.oauthbearer.jwks.endpoint.refresh.ms = 3600000
	sasl.oauthbearer.jwks.endpoint.retry.backoff.max.ms = 10000
	sasl.oauthbearer.jwks.endpoint.retry.backoff.ms = 100
	sasl.oauthbearer.jwks.endpoint.url = null
	sasl.oauthbearer.scope.claim.name = scope
	sasl.oauthbearer.sub.claim.name = sub
	sasl.oauthbearer.token.endpoint.url = null
	security.protocol = PLAINTEXT
	security.providers = null
	send.buffer.bytes = 131072
	socket.connection.setup.timeout.max.ms = 30000
	socket.connection.setup.timeout.ms = 10000
	ssl.cipher.suites = null
	ssl.enabled.protocols = [TLSv1.2, TLSv1.3]
	ssl.endpoint.identification.algorithm = https
	ssl.engine.factory.class = null
	ssl.key.password = null
	ssl.keymanager.algorithm = SunX509
	ssl.keystore.certificate.chain = null
	ssl.keystore.key = null
	ssl.keystore.location = null
	ssl.keystore.password = null
	ssl.keystore.type = JKS
	ssl.protocol = TLSv1.3
	ssl.provider = null
	ssl.secure.random.implementation = null
	ssl.trustmanager.algorithm = PKIX
	ssl.truststore.certificates = null
	ssl.truststore.location = null
	ssl.truststore.password = null
	ssl.truststore.type = JKS
	transaction.timeout.ms = 60000
	transactional.id = null
	value.serializer = class io.apicurio.registry.serde.avro.AvroKafkaSerializer

2025-07-31 18:17:46,935 INFO  [org.apa.kaf.com.tel.int.KafkaMetricsCollector] (main) initializing Kafka metrics collector
2025-07-31 18:17:46,939 INFO  [org.apa.kaf.cli.pro.KafkaProducer] (main) [Producer clientId=Producer-s9c2d28b0x3ed9x4dd9xa768x11dcce37d6ca] Instantiated an idempotent producer.
2025-07-31 18:17:46,942 INFO  [org.apa.kaf.cli.pro.ProducerConfig] (main) These configurations '[apicurio.registry.find-latest, apicurio.registry.url, apicurio.registry.artifact-resolver-strategy]' were supplied but are not used yet.
2025-07-31 18:17:46,942 INFO  [org.apa.kaf.com.uti.AppInfoParser] (main) Kafka version: 3.9.1
2025-07-31 18:17:46,942 INFO  [org.apa.kaf.com.uti.AppInfoParser] (main) Kafka commitId: f745dfdcee2b9851
2025-07-31 18:17:46,942 INFO  [org.apa.kaf.com.uti.AppInfoParser] (main) Kafka startTimeMs: 1753985866942
2025-07-31 18:17:46,945 INFO  [io.api.tes.ser.api.KafkaSerdesTester] (Thread-606) Sending message {"keyB": "value-0"} to topic s9c2d28b0x3ed9x4dd9xa768x11dcce37d6ca
2025-07-31 18:17:46,951 INFO  [org.apa.kaf.cli.Metadata] (kafka-producer-network-thread | Producer-s9c2d28b0x3ed9x4dd9xa768x11dcce37d6ca) [Producer clientId=Producer-s9c2d28b0x3ed9x4dd9xa768x11dcce37d6ca] Cluster ID: MOk99p_ARaW4Dib0x4tLFg
2025-07-31 18:17:46,953 INFO  [org.apa.kaf.cli.pro.int.TransactionManager] (kafka-producer-network-thread | Producer-s9c2d28b0x3ed9x4dd9xa768x11dcce37d6ca) [Producer clientId=Producer-s9c2d28b0x3ed9x4dd9xa768x11dcce37d6ca] ProducerId set to 2 with epoch 0
2025-07-31 18:17:46,995 INFO  [org.apa.kaf.cli.pro.KafkaProducer] (Thread-606) [Producer clientId=Producer-s9c2d28b0x3ed9x4dd9xa768x11dcce37d6ca] Closing the Kafka producer with timeoutMillis = 9223372036854775807 ms.
2025-07-31 18:17:46,998 INFO  [org.apa.kaf.com.met.Metrics] (Thread-606) Metrics scheduler closed
2025-07-31 18:17:46,998 INFO  [org.apa.kaf.com.met.Metrics] (Thread-606) Closing reporter org.apache.kafka.common.metrics.JmxReporter
2025-07-31 18:17:46,998 INFO  [org.apa.kaf.com.met.Metrics] (Thread-606) Closing reporter org.apache.kafka.common.telemetry.internals.ClientTelemetryReporter
2025-07-31 18:17:46,998 INFO  [org.apa.kaf.com.met.Metrics] (Thread-606) Metrics reporters closed
2025-07-31 18:17:46,998 INFO  [org.apa.kaf.com.uti.AppInfoParser] (Thread-606) App info kafka.producer for Producer-s9c2d28b0x3ed9x4dd9xa768x11dcce37d6ca unregistered
2025-07-31 18:17:47,000 INFO  [io.api.tes.uti.TestSeparator] (main) io.apicurio.tests.serdes.apicurio.AvroSerdeIT.testWrongSchema-FINISHED
2025-07-31 18:17:47,000 INFO  [io.api.tes.uti.TestSeparator] (main) ############################################################################
Test passed: testWrongSchema
]]></system-out>
    <system-err><![CDATA[io.apicurio.registry.rest.client.models.ProblemDetails
	at io.apicurio.registry.rest.client.models.ProblemDetails.createFromDiscriminatorValue(ProblemDetails.java:58)
	at io.kiota.serialization.json.JsonParseNode.getObjectValue(JsonParseNode.java:247)
	at io.kiota.http.vertx.VertXRequestAdapter.lambda$throwIfFailedResponse$0(VertXRequestAdapter.java:400)
	at com.microsoft.kiota.ApiExceptionBuilder.<init>(ApiExceptionBuilder.java:26)
	at io.kiota.http.vertx.VertXRequestAdapter.throwIfFailedResponse(VertXRequestAdapter.java:399)
	at io.kiota.http.vertx.VertXRequestAdapter.send(VertXRequestAdapter.java:170)
	at io.apicurio.registry.rest.client.groups.item.artifacts.item.versions.item.WithVersionExpressionItemRequestBuilder.get(WithVersionExpressionItemRequestBuilder.java:128)
	at io.apicurio.registry.rest.client.groups.item.artifacts.item.versions.item.WithVersionExpressionItemRequestBuilder.get(WithVersionExpressionItemRequestBuilder.java:111)
	at io.apicurio.registry.resolver.client.RegistryClientFacadeImpl.getVersionCoordinatesByGAV(RegistryClientFacadeImpl.java:153)
	at io.apicurio.registry.resolver.DefaultSchemaResolver.resolveByCoordinates(DefaultSchemaResolver.java:352)
	at io.apicurio.registry.resolver.DefaultSchemaResolver.lambda$resolveSchemaByArtifactReferenceCached$6(DefaultSchemaResolver.java:340)
	at io.apicurio.registry.resolver.cache.ERCache.lambda$getValue$0(ERCache.java:174)
	at io.apicurio.registry.resolver.cache.ERCache.retry(ERCache.java:227)
	at io.apicurio.registry.resolver.cache.ERCache.getValue(ERCache.java:173)
	at io.apicurio.registry.resolver.cache.ERCache.getByArtifactCoordinates(ERCache.java:158)
	at io.apicurio.registry.resolver.DefaultSchemaResolver.resolveSchemaByArtifactReferenceCached(DefaultSchemaResolver.java:338)
	at io.apicurio.registry.resolver.DefaultSchemaResolver.resolveSchemaByCoordinates(DefaultSchemaResolver.java:193)
	at io.apicurio.registry.resolver.DefaultSchemaResolver.getSchemaFromRegistry(DefaultSchemaResolver.java:130)
	at io.apicurio.registry.resolver.DefaultSchemaResolver.lambda$resolveSchema$0(DefaultSchemaResolver.java:84)
	at java.base/java.util.Optional.orElseGet(Optional.java:364)
	at io.apicurio.registry.resolver.DefaultSchemaResolver.resolveSchema(DefaultSchemaResolver.java:84)
	at io.apicurio.registry.serde.AbstractSerializer.serializeData(AbstractSerializer.java:62)
	at io.apicurio.registry.serde.KafkaSerializer.serialize(KafkaSerializer.java:77)
	at org.apache.kafka.clients.producer.KafkaProducer.doSend(KafkaProducer.java:1046)
	at org.apache.kafka.clients.producer.KafkaProducer.send(KafkaProducer.java:993)
	at org.apache.kafka.clients.producer.KafkaProducer.send(KafkaProducer.java:875)
	at io.apicurio.tests.serdes.apicurio.KafkaSerdesTester.lambda$produceMessages$3(KafkaSerdesTester.java:138)
	at java.base/java.util.concurrent.CompletableFuture$AsyncSupply.run(CompletableFuture.java:1768)
	at java.base/java.lang.Thread.run(Thread.java:840)
]]></system-err>
  </testcase>
  <testcase name="testAvroJSON" classname="io.apicurio.tests.serdes.apicurio.AvroSerdeIT" time="0.943">
    <system-out><![CDATA[2025-07-31 18:17:47,002 INFO  [io.api.tes.uti.TestSeparator] (main) ############################################################################
2025-07-31 18:17:47,002 INFO  [io.api.tes.uti.TestSeparator] (main) io.apicurio.tests.serdes.apicurio.AvroSerdeIT.testAvroJSON-STARTED
**** Registry Base URL: http://registry-app-kafkasql.apps.ci419.apicurio-testing.org:80
2025-07-31 18:17:47,013 INFO  [org.apa.kaf.cli.pro.ProducerConfig] (main) ProducerConfig values: 
	acks = -1
	auto.include.jmx.reporter = true
	batch.size = 16384
	bootstrap.servers = [PLAINTEXT://localhost:32770]
	buffer.memory = 33554432
	client.dns.lookup = use_all_dns_ips
	client.id = Producer-topic-72f8f0b3_1c53_4efa_9dbe_eaf67376636b
	compression.gzip.level = -1
	compression.lz4.level = 9
	compression.type = none
	compression.zstd.level = 3
	connections.max.idle.ms = 10000
	delivery.timeout.ms = 120000
	enable.idempotence = true
	enable.metrics.push = true
	interceptor.classes = []
	key.serializer = class org.apache.kafka.common.serialization.StringSerializer
	linger.ms = 0
	max.block.ms = 60000
	max.in.flight.requests.per.connection = 5
	max.request.size = 1048576
	metadata.max.age.ms = 300000
	metadata.max.idle.ms = 300000
	metadata.recovery.strategy = none
	metric.reporters = []
	metrics.num.samples = 2
	metrics.recording.level = INFO
	metrics.sample.window.ms = 30000
	partitioner.adaptive.partitioning.enable = true
	partitioner.availability.timeout.ms = 0
	partitioner.class = null
	partitioner.ignore.keys = false
	receive.buffer.bytes = 32768
	reconnect.backoff.max.ms = 1000
	reconnect.backoff.ms = 50
	request.timeout.ms = 5000
	retries = 2147483647
	retry.backoff.max.ms = 1000
	retry.backoff.ms = 100
	sasl.client.callback.handler.class = null
	sasl.jaas.config = null
	sasl.kerberos.kinit.cmd = /usr/bin/kinit
	sasl.kerberos.min.time.before.relogin = 60000
	sasl.kerberos.service.name = null
	sasl.kerberos.ticket.renew.jitter = 0.05
	sasl.kerberos.ticket.renew.window.factor = 0.8
	sasl.login.callback.handler.class = null
	sasl.login.class = null
	sasl.login.connect.timeout.ms = null
	sasl.login.read.timeout.ms = null
	sasl.login.refresh.buffer.seconds = 300
	sasl.login.refresh.min.period.seconds = 60
	sasl.login.refresh.window.factor = 0.8
	sasl.login.refresh.window.jitter = 0.05
	sasl.login.retry.backoff.max.ms = 10000
	sasl.login.retry.backoff.ms = 100
	sasl.mechanism = GSSAPI
	sasl.oauthbearer.clock.skew.seconds = 30
	sasl.oauthbearer.expected.audience = null
	sasl.oauthbearer.expected.issuer = null
	sasl.oauthbearer.header.urlencode = false
	sasl.oauthbearer.jwks.endpoint.refresh.ms = 3600000
	sasl.oauthbearer.jwks.endpoint.retry.backoff.max.ms = 10000
	sasl.oauthbearer.jwks.endpoint.retry.backoff.ms = 100
	sasl.oauthbearer.jwks.endpoint.url = null
	sasl.oauthbearer.scope.claim.name = scope
	sasl.oauthbearer.sub.claim.name = sub
	sasl.oauthbearer.token.endpoint.url = null
	security.protocol = PLAINTEXT
	security.providers = null
	send.buffer.bytes = 131072
	socket.connection.setup.timeout.max.ms = 30000
	socket.connection.setup.timeout.ms = 10000
	ssl.cipher.suites = null
	ssl.enabled.protocols = [TLSv1.2, TLSv1.3]
	ssl.endpoint.identification.algorithm = https
	ssl.engine.factory.class = null
	ssl.key.password = null
	ssl.keymanager.algorithm = SunX509
	ssl.keystore.certificate.chain = null
	ssl.keystore.key = null
	ssl.keystore.location = null
	ssl.keystore.password = null
	ssl.keystore.type = JKS
	ssl.protocol = TLSv1.3
	ssl.provider = null
	ssl.secure.random.implementation = null
	ssl.trustmanager.algorithm = PKIX
	ssl.truststore.certificates = null
	ssl.truststore.location = null
	ssl.truststore.password = null
	ssl.truststore.type = JKS
	transaction.timeout.ms = 60000
	transactional.id = null
	value.serializer = class io.apicurio.registry.serde.avro.AvroKafkaSerializer

2025-07-31 18:17:47,019 INFO  [org.apa.kaf.com.tel.int.KafkaMetricsCollector] (main) initializing Kafka metrics collector
2025-07-31 18:17:47,038 INFO  [org.apa.kaf.cli.pro.KafkaProducer] (main) [Producer clientId=Producer-topic-72f8f0b3_1c53_4efa_9dbe_eaf67376636b] Instantiated an idempotent producer.
2025-07-31 18:17:47,057 INFO  [org.apa.kaf.cli.pro.ProducerConfig] (main) These configurations '[apicurio.registry.avro.encoding, apicurio.registry.url, apicurio.registry.auto-register, apicurio.registry.artifact-resolver-strategy]' were supplied but are not used yet.
2025-07-31 18:17:47,057 INFO  [org.apa.kaf.com.uti.AppInfoParser] (main) Kafka version: 3.9.1
2025-07-31 18:17:47,057 INFO  [org.apa.kaf.com.uti.AppInfoParser] (main) Kafka commitId: f745dfdcee2b9851
2025-07-31 18:17:47,058 INFO  [org.apa.kaf.com.uti.AppInfoParser] (main) Kafka startTimeMs: 1753985867057
2025-07-31 18:17:47,058 INFO  [io.api.tes.ser.api.SimpleSerdesTesterBuilder$SimpleSerdesTester] (main) Using producer configuration: {apicurio.registry.avro.encoding=JSON, apicurio.registry.url=http://registry-app-kafkasql.apps.ci419.apicurio-testing.org:80/apis/registry/v3, apicurio.registry.auto-register=true, apicurio.registry.artifact-resolver-strategy=io.apicurio.registry.serde.strategy.TopicIdStrategy, value.serializer=io.apicurio.registry.serde.avro.AvroKafkaSerializer, request.timeout.ms=5000, acks=all, bootstrap.servers=PLAINTEXT://localhost:32770, connections.max.idle.ms=10000, key.serializer=org.apache.kafka.common.serialization.StringSerializer, client.id=Producer-topic-72f8f0b3_1c53_4efa_9dbe_eaf67376636b}
2025-07-31 18:17:47,058 INFO  [io.api.tes.ser.api.SimpleSerdesTesterBuilder$SimpleSerdesTester] (main) Using consumer configuration: {apicurio.registry.avro.encoding=JSON}
2025-07-31 18:17:47,063 INFO  [io.api.tes.ser.api.KafkaSerdesTester] (Thread-609) Sending message {"bar": "value-0"} to topic topic-72f8f0b3_1c53_4efa_9dbe_eaf67376636b
2025-07-31 18:17:47,074 WARN  [org.apa.kaf.cli.NetworkClient] (kafka-producer-network-thread | Producer-topic-72f8f0b3_1c53_4efa_9dbe_eaf67376636b) [Producer clientId=Producer-topic-72f8f0b3_1c53_4efa_9dbe_eaf67376636b] The metadata response from the cluster reported a recoverable issue with correlation id 2 : {topic-72f8f0b3_1c53_4efa_9dbe_eaf67376636b=LEADER_NOT_AVAILABLE}
2025-07-31 18:17:47,074 INFO  [org.apa.kaf.cli.Metadata] (kafka-producer-network-thread | Producer-topic-72f8f0b3_1c53_4efa_9dbe_eaf67376636b) [Producer clientId=Producer-topic-72f8f0b3_1c53_4efa_9dbe_eaf67376636b] Cluster ID: MOk99p_ARaW4Dib0x4tLFg
2025-07-31 18:17:47,076 INFO  [org.apa.kaf.cli.pro.int.TransactionManager] (kafka-producer-network-thread | Producer-topic-72f8f0b3_1c53_4efa_9dbe_eaf67376636b) [Producer clientId=Producer-topic-72f8f0b3_1c53_4efa_9dbe_eaf67376636b] ProducerId set to 3 with epoch 0
2025-07-31 18:17:47,275 INFO  [io.api.tes.ser.api.KafkaSerdesTester] (Thread-609) Sending message {"bar": "value-1"} to topic topic-72f8f0b3_1c53_4efa_9dbe_eaf67376636b
2025-07-31 18:17:47,277 INFO  [io.api.tes.ser.api.KafkaSerdesTester] (Thread-609) Sending message {"bar": "value-2"} to topic topic-72f8f0b3_1c53_4efa_9dbe_eaf67376636b
2025-07-31 18:17:47,282 INFO  [io.api.tes.ser.api.KafkaSerdesTester] (Thread-609) Sending message {"bar": "value-3"} to topic topic-72f8f0b3_1c53_4efa_9dbe_eaf67376636b
2025-07-31 18:17:47,284 INFO  [io.api.tes.ser.api.KafkaSerdesTester] (Thread-609) Sending message {"bar": "value-4"} to topic topic-72f8f0b3_1c53_4efa_9dbe_eaf67376636b
2025-07-31 18:17:47,287 INFO  [io.api.tes.ser.api.KafkaSerdesTester] (Thread-609) Sending message {"bar": "value-5"} to topic topic-72f8f0b3_1c53_4efa_9dbe_eaf67376636b
2025-07-31 18:17:47,292 INFO  [io.api.tes.ser.api.KafkaSerdesTester] (Thread-609) Sending message {"bar": "value-6"} to topic topic-72f8f0b3_1c53_4efa_9dbe_eaf67376636b
2025-07-31 18:17:47,294 INFO  [io.api.tes.ser.api.KafkaSerdesTester] (Thread-609) Sending message {"bar": "value-7"} to topic topic-72f8f0b3_1c53_4efa_9dbe_eaf67376636b
2025-07-31 18:17:47,297 INFO  [io.api.tes.ser.api.KafkaSerdesTester] (Thread-609) Sending message {"bar": "value-8"} to topic topic-72f8f0b3_1c53_4efa_9dbe_eaf67376636b
2025-07-31 18:17:47,300 INFO  [io.api.tes.ser.api.KafkaSerdesTester] (Thread-609) Sending message {"bar": "value-9"} to topic topic-72f8f0b3_1c53_4efa_9dbe_eaf67376636b
2025-07-31 18:17:47,303 INFO  [io.api.tes.ser.api.KafkaSerdesTester] (Thread-609) Produced 10 messages
2025-07-31 18:17:47,303 INFO  [org.apa.kaf.cli.pro.KafkaProducer] (Thread-609) [Producer clientId=Producer-topic-72f8f0b3_1c53_4efa_9dbe_eaf67376636b] Closing the Kafka producer with timeoutMillis = 9223372036854775807 ms.
2025-07-31 18:17:47,308 INFO  [org.apa.kaf.com.met.Metrics] (Thread-609) Metrics scheduler closed
2025-07-31 18:17:47,308 INFO  [org.apa.kaf.com.met.Metrics] (Thread-609) Closing reporter org.apache.kafka.common.metrics.JmxReporter
2025-07-31 18:17:47,308 INFO  [org.apa.kaf.com.met.Metrics] (Thread-609) Closing reporter org.apache.kafka.common.telemetry.internals.ClientTelemetryReporter
2025-07-31 18:17:47,308 INFO  [org.apa.kaf.com.met.Metrics] (Thread-609) Metrics reporters closed
2025-07-31 18:17:47,309 INFO  [org.apa.kaf.com.uti.AppInfoParser] (Thread-609) App info kafka.producer for Producer-topic-72f8f0b3_1c53_4efa_9dbe_eaf67376636b unregistered
**** Registry Base URL: http://registry-app-kafkasql.apps.ci419.apicurio-testing.org:80
2025-07-31 18:17:47,347 INFO  [org.apa.kaf.cli.con.ConsumerConfig] (main) ConsumerConfig values: 
	allow.auto.create.topics = true
	auto.commit.interval.ms = 500
	auto.include.jmx.reporter = true
	auto.offset.reset = earliest
	bootstrap.servers = [PLAINTEXT://localhost:32770]
	check.crcs = true
	client.dns.lookup = use_all_dns_ips
	client.id = consumer-Consumer-topic-72f8f0b3_1c53_4efa_9dbe_eaf67376636b-3
	client.rack = 
	connections.max.idle.ms = 10000
	default.api.timeout.ms = 60000
	enable.auto.commit = true
	enable.metrics.push = true
	exclude.internal.topics = true
	fetch.max.bytes = 52428800
	fetch.max.wait.ms = 500
	fetch.min.bytes = 1
	group.id = Consumer-topic-72f8f0b3_1c53_4efa_9dbe_eaf67376636b
	group.instance.id = null
	group.protocol = classic
	group.remote.assignor = null
	heartbeat.interval.ms = 3000
	interceptor.classes = []
	internal.leave.group.on.close = true
	internal.throw.on.fetch.stable.offset.unsupported = false
	isolation.level = read_uncommitted
	key.deserializer = class org.apache.kafka.common.serialization.StringDeserializer
	max.partition.fetch.bytes = 1048576
	max.poll.interval.ms = 300000
	max.poll.records = 500
	metadata.max.age.ms = 300000
	metadata.recovery.strategy = none
	metric.reporters = []
	metrics.num.samples = 2
	metrics.recording.level = INFO
	metrics.sample.window.ms = 30000
	partition.assignment.strategy = [class org.apache.kafka.clients.consumer.RangeAssignor, class org.apache.kafka.clients.consumer.CooperativeStickyAssignor]
	receive.buffer.bytes = 65536
	reconnect.backoff.max.ms = 1000
	reconnect.backoff.ms = 50
	request.timeout.ms = 5000
	retry.backoff.max.ms = 1000
	retry.backoff.ms = 100
	sasl.client.callback.handler.class = null
	sasl.jaas.config = null
	sasl.kerberos.kinit.cmd = /usr/bin/kinit
	sasl.kerberos.min.time.before.relogin = 60000
	sasl.kerberos.service.name = null
	sasl.kerberos.ticket.renew.jitter = 0.05
	sasl.kerberos.ticket.renew.window.factor = 0.8
	sasl.login.callback.handler.class = null
	sasl.login.class = null
	sasl.login.connect.timeout.ms = null
	sasl.login.read.timeout.ms = null
	sasl.login.refresh.buffer.seconds = 300
	sasl.login.refresh.min.period.seconds = 60
	sasl.login.refresh.window.factor = 0.8
	sasl.login.refresh.window.jitter = 0.05
	sasl.login.retry.backoff.max.ms = 10000
	sasl.login.retry.backoff.ms = 100
	sasl.mechanism = GSSAPI
	sasl.oauthbearer.clock.skew.seconds = 30
	sasl.oauthbearer.expected.audience = null
	sasl.oauthbearer.expected.issuer = null
	sasl.oauthbearer.header.urlencode = false
	sasl.oauthbearer.jwks.endpoint.refresh.ms = 3600000
	sasl.oauthbearer.jwks.endpoint.retry.backoff.max.ms = 10000
	sasl.oauthbearer.jwks.endpoint.retry.backoff.ms = 100
	sasl.oauthbearer.jwks.endpoint.url = null
	sasl.oauthbearer.scope.claim.name = scope
	sasl.oauthbearer.sub.claim.name = sub
	sasl.oauthbearer.token.endpoint.url = null
	security.protocol = PLAINTEXT
	security.providers = null
	send.buffer.bytes = 131072
	session.timeout.ms = 45000
	socket.connection.setup.timeout.max.ms = 30000
	socket.connection.setup.timeout.ms = 10000
	ssl.cipher.suites = null
	ssl.enabled.protocols = [TLSv1.2, TLSv1.3]
	ssl.endpoint.identification.algorithm = https
	ssl.engine.factory.class = null
	ssl.key.password = null
	ssl.keymanager.algorithm = SunX509
	ssl.keystore.certificate.chain = null
	ssl.keystore.key = null
	ssl.keystore.location = null
	ssl.keystore.password = null
	ssl.keystore.type = JKS
	ssl.protocol = TLSv1.3
	ssl.provider = null
	ssl.secure.random.implementation = null
	ssl.trustmanager.algorithm = PKIX
	ssl.truststore.certificates = null
	ssl.truststore.location = null
	ssl.truststore.password = null
	ssl.truststore.type = JKS
	value.deserializer = class io.apicurio.registry.serde.avro.AvroKafkaDeserializer

2025-07-31 18:17:47,348 INFO  [org.apa.kaf.com.tel.int.KafkaMetricsCollector] (main) initializing Kafka metrics collector
2025-07-31 18:17:47,356 INFO  [org.apa.kaf.cli.con.ConsumerConfig] (main) These configurations '[apicurio.registry.avro.encoding, apicurio.registry.url]' were supplied but are not used yet.
2025-07-31 18:17:47,356 INFO  [org.apa.kaf.com.uti.AppInfoParser] (main) Kafka version: 3.9.1
2025-07-31 18:17:47,356 INFO  [org.apa.kaf.com.uti.AppInfoParser] (main) Kafka commitId: f745dfdcee2b9851
2025-07-31 18:17:47,356 INFO  [org.apa.kaf.com.uti.AppInfoParser] (main) Kafka startTimeMs: 1753985867356
2025-07-31 18:17:47,357 INFO  [org.apa.kaf.cli.con.int.ClassicKafkaConsumer] (Thread-612) [Consumer clientId=consumer-Consumer-topic-72f8f0b3_1c53_4efa_9dbe_eaf67376636b-3, groupId=Consumer-topic-72f8f0b3_1c53_4efa_9dbe_eaf67376636b] Subscribed to topic(s): topic-72f8f0b3_1c53_4efa_9dbe_eaf67376636b
2025-07-31 18:17:47,366 INFO  [org.apa.kaf.cli.Metadata] (Thread-612) [Consumer clientId=consumer-Consumer-topic-72f8f0b3_1c53_4efa_9dbe_eaf67376636b-3, groupId=Consumer-topic-72f8f0b3_1c53_4efa_9dbe_eaf67376636b] Cluster ID: MOk99p_ARaW4Dib0x4tLFg
2025-07-31 18:17:47,369 INFO  [org.apa.kaf.cli.con.int.ConsumerCoordinator] (Thread-612) [Consumer clientId=consumer-Consumer-topic-72f8f0b3_1c53_4efa_9dbe_eaf67376636b-3, groupId=Consumer-topic-72f8f0b3_1c53_4efa_9dbe_eaf67376636b] Discovered group coordinator localhost:32770 (id: 2147483647 rack: null)
2025-07-31 18:17:47,374 INFO  [org.apa.kaf.cli.con.int.ConsumerCoordinator] (Thread-612) [Consumer clientId=consumer-Consumer-topic-72f8f0b3_1c53_4efa_9dbe_eaf67376636b-3, groupId=Consumer-topic-72f8f0b3_1c53_4efa_9dbe_eaf67376636b] (Re-)joining group
2025-07-31 18:17:47,381 INFO  [org.apa.kaf.cli.con.int.ConsumerCoordinator] (Thread-612) [Consumer clientId=consumer-Consumer-topic-72f8f0b3_1c53_4efa_9dbe_eaf67376636b-3, groupId=Consumer-topic-72f8f0b3_1c53_4efa_9dbe_eaf67376636b] Request joining group due to: need to re-join with the given member-id: consumer-Consumer-topic-72f8f0b3_1c53_4efa_9dbe_eaf67376636b-3-4a953817-7eb3-4287-b75b-231f89ad24db
2025-07-31 18:17:47,381 INFO  [org.apa.kaf.cli.con.int.ConsumerCoordinator] (Thread-612) [Consumer clientId=consumer-Consumer-topic-72f8f0b3_1c53_4efa_9dbe_eaf67376636b-3, groupId=Consumer-topic-72f8f0b3_1c53_4efa_9dbe_eaf67376636b] (Re-)joining group
2025-07-31 18:17:47,386 INFO  [org.apa.kaf.cli.con.int.ConsumerCoordinator] (Thread-612) [Consumer clientId=consumer-Consumer-topic-72f8f0b3_1c53_4efa_9dbe_eaf67376636b-3, groupId=Consumer-topic-72f8f0b3_1c53_4efa_9dbe_eaf67376636b] Successfully joined group with generation Generation{generationId=1, memberId='consumer-Consumer-topic-72f8f0b3_1c53_4efa_9dbe_eaf67376636b-3-4a953817-7eb3-4287-b75b-231f89ad24db', protocol='range'}
2025-07-31 18:17:47,386 INFO  [org.apa.kaf.cli.con.int.ConsumerCoordinator] (Thread-612) [Consumer clientId=consumer-Consumer-topic-72f8f0b3_1c53_4efa_9dbe_eaf67376636b-3, groupId=Consumer-topic-72f8f0b3_1c53_4efa_9dbe_eaf67376636b] Finished assignment for group at generation 1: {consumer-Consumer-topic-72f8f0b3_1c53_4efa_9dbe_eaf67376636b-3-4a953817-7eb3-4287-b75b-231f89ad24db=Assignment(partitions=[topic-72f8f0b3_1c53_4efa_9dbe_eaf67376636b-0])}
2025-07-31 18:17:47,390 INFO  [org.apa.kaf.cli.con.int.ConsumerCoordinator] (Thread-612) [Consumer clientId=consumer-Consumer-topic-72f8f0b3_1c53_4efa_9dbe_eaf67376636b-3, groupId=Consumer-topic-72f8f0b3_1c53_4efa_9dbe_eaf67376636b] Successfully synced group in generation Generation{generationId=1, memberId='consumer-Consumer-topic-72f8f0b3_1c53_4efa_9dbe_eaf67376636b-3-4a953817-7eb3-4287-b75b-231f89ad24db', protocol='range'}
2025-07-31 18:17:47,390 INFO  [org.apa.kaf.cli.con.int.ConsumerCoordinator] (Thread-612) [Consumer clientId=consumer-Consumer-topic-72f8f0b3_1c53_4efa_9dbe_eaf67376636b-3, groupId=Consumer-topic-72f8f0b3_1c53_4efa_9dbe_eaf67376636b] Notifying assignor about the new Assignment(partitions=[topic-72f8f0b3_1c53_4efa_9dbe_eaf67376636b-0])
2025-07-31 18:17:47,390 INFO  [org.apa.kaf.cli.con.int.ConsumerRebalanceListenerInvoker] (Thread-612) [Consumer clientId=consumer-Consumer-topic-72f8f0b3_1c53_4efa_9dbe_eaf67376636b-3, groupId=Consumer-topic-72f8f0b3_1c53_4efa_9dbe_eaf67376636b] Adding newly assigned partitions: topic-72f8f0b3_1c53_4efa_9dbe_eaf67376636b-0
2025-07-31 18:17:47,392 INFO  [org.apa.kaf.cli.con.int.ConsumerCoordinator] (Thread-612) [Consumer clientId=consumer-Consumer-topic-72f8f0b3_1c53_4efa_9dbe_eaf67376636b-3, groupId=Consumer-topic-72f8f0b3_1c53_4efa_9dbe_eaf67376636b] Found no committed offset for partition topic-72f8f0b3_1c53_4efa_9dbe_eaf67376636b-0
2025-07-31 18:17:47,394 INFO  [org.apa.kaf.cli.con.int.SubscriptionState] (Thread-612) [Consumer clientId=consumer-Consumer-topic-72f8f0b3_1c53_4efa_9dbe_eaf67376636b-3, groupId=Consumer-topic-72f8f0b3_1c53_4efa_9dbe_eaf67376636b] Resetting offset for partition topic-72f8f0b3_1c53_4efa_9dbe_eaf67376636b-0 to position FetchPosition{offset=0, offsetEpoch=Optional.empty, currentLeader=LeaderAndEpoch{leader=Optional[localhost:32770 (id: 0 rack: null)], epoch=0}}.
2025-07-31 18:17:47,435 INFO  [io.api.tes.ser.api.KafkaSerdesTester] (Thread-612) topic-72f8f0b3_1c53_4efa_9dbe_eaf67376636b 0 0 {"bar": "value-0"}
2025-07-31 18:17:47,435 INFO  [io.api.tes.ser.api.KafkaSerdesTester] (Thread-612) topic-72f8f0b3_1c53_4efa_9dbe_eaf67376636b 0 1 {"bar": "value-1"}
2025-07-31 18:17:47,436 INFO  [io.api.tes.ser.api.KafkaSerdesTester] (Thread-612) topic-72f8f0b3_1c53_4efa_9dbe_eaf67376636b 0 2 {"bar": "value-2"}
2025-07-31 18:17:47,436 INFO  [io.api.tes.ser.api.KafkaSerdesTester] (Thread-612) topic-72f8f0b3_1c53_4efa_9dbe_eaf67376636b 0 3 {"bar": "value-3"}
2025-07-31 18:17:47,437 INFO  [io.api.tes.ser.api.KafkaSerdesTester] (Thread-612) topic-72f8f0b3_1c53_4efa_9dbe_eaf67376636b 0 4 {"bar": "value-4"}
2025-07-31 18:17:47,437 INFO  [io.api.tes.ser.api.KafkaSerdesTester] (Thread-612) topic-72f8f0b3_1c53_4efa_9dbe_eaf67376636b 0 5 {"bar": "value-5"}
2025-07-31 18:17:47,437 INFO  [io.api.tes.ser.api.KafkaSerdesTester] (Thread-612) topic-72f8f0b3_1c53_4efa_9dbe_eaf67376636b 0 6 {"bar": "value-6"}
2025-07-31 18:17:47,437 INFO  [io.api.tes.ser.api.KafkaSerdesTester] (Thread-612) topic-72f8f0b3_1c53_4efa_9dbe_eaf67376636b 0 7 {"bar": "value-7"}
2025-07-31 18:17:47,437 INFO  [io.api.tes.ser.api.KafkaSerdesTester] (Thread-612) topic-72f8f0b3_1c53_4efa_9dbe_eaf67376636b 0 8 {"bar": "value-8"}
2025-07-31 18:17:47,437 INFO  [io.api.tes.ser.api.KafkaSerdesTester] (Thread-612) topic-72f8f0b3_1c53_4efa_9dbe_eaf67376636b 0 9 {"bar": "value-9"}
2025-07-31 18:17:47,437 INFO  [io.api.tes.ser.api.KafkaSerdesTester] (Thread-612) Consumed 10 messages
2025-07-31 18:17:47,441 INFO  [org.apa.kaf.cli.con.int.ConsumerRebalanceListenerInvoker] (Thread-612) [Consumer clientId=consumer-Consumer-topic-72f8f0b3_1c53_4efa_9dbe_eaf67376636b-3, groupId=Consumer-topic-72f8f0b3_1c53_4efa_9dbe_eaf67376636b] Revoke previously assigned partitions topic-72f8f0b3_1c53_4efa_9dbe_eaf67376636b-0
2025-07-31 18:17:47,441 INFO  [org.apa.kaf.cli.con.int.ConsumerCoordinator] (Thread-612) [Consumer clientId=consumer-Consumer-topic-72f8f0b3_1c53_4efa_9dbe_eaf67376636b-3, groupId=Consumer-topic-72f8f0b3_1c53_4efa_9dbe_eaf67376636b] Member consumer-Consumer-topic-72f8f0b3_1c53_4efa_9dbe_eaf67376636b-3-4a953817-7eb3-4287-b75b-231f89ad24db sending LeaveGroup request to coordinator localhost:32770 (id: 2147483647 rack: null) due to the consumer is being closed
2025-07-31 18:17:47,441 INFO  [org.apa.kaf.cli.con.int.ConsumerCoordinator] (Thread-612) [Consumer clientId=consumer-Consumer-topic-72f8f0b3_1c53_4efa_9dbe_eaf67376636b-3, groupId=Consumer-topic-72f8f0b3_1c53_4efa_9dbe_eaf67376636b] Resetting generation and member id due to: consumer pro-actively leaving the group
2025-07-31 18:17:47,441 INFO  [org.apa.kaf.cli.con.int.ConsumerCoordinator] (Thread-612) [Consumer clientId=consumer-Consumer-topic-72f8f0b3_1c53_4efa_9dbe_eaf67376636b-3, groupId=Consumer-topic-72f8f0b3_1c53_4efa_9dbe_eaf67376636b] Request joining group due to: consumer pro-actively leaving the group
2025-07-31 18:17:47,939 INFO  [org.apa.kaf.com.met.Metrics] (Thread-612) Metrics scheduler closed
2025-07-31 18:17:47,940 INFO  [org.apa.kaf.com.met.Metrics] (Thread-612) Closing reporter org.apache.kafka.common.metrics.JmxReporter
2025-07-31 18:17:47,940 INFO  [org.apa.kaf.com.met.Metrics] (Thread-612) Closing reporter org.apache.kafka.common.telemetry.internals.ClientTelemetryReporter
2025-07-31 18:17:47,940 INFO  [org.apa.kaf.com.met.Metrics] (Thread-612) Metrics reporters closed
2025-07-31 18:17:47,943 INFO  [org.apa.kaf.com.uti.AppInfoParser] (Thread-612) App info kafka.consumer for consumer-Consumer-topic-72f8f0b3_1c53_4efa_9dbe_eaf67376636b-3 unregistered
2025-07-31 18:17:47,944 INFO  [io.api.tes.uti.TestSeparator] (main) io.apicurio.tests.serdes.apicurio.AvroSerdeIT.testAvroJSON-FINISHED
2025-07-31 18:17:47,944 INFO  [io.api.tes.uti.TestSeparator] (main) ############################################################################
Test passed: testAvroJSON
]]></system-out>
  </testcase>
  <testcase name="testTopicIdStrategyAutoRegister" classname="io.apicurio.tests.serdes.apicurio.AvroSerdeIT" time="0.942">
    <system-out><![CDATA[2025-07-31 18:17:47,959 INFO  [io.api.tes.uti.TestSeparator] (main) ############################################################################
2025-07-31 18:17:47,960 INFO  [io.api.tes.uti.TestSeparator] (main) io.apicurio.tests.serdes.apicurio.AvroSerdeIT.testTopicIdStrategyAutoRegister-STARTED
**** Registry Base URL: http://registry-app-kafkasql.apps.ci419.apicurio-testing.org:80
2025-07-31 18:17:47,965 INFO  [org.apa.kaf.cli.pro.ProducerConfig] (main) ProducerConfig values: 
	acks = -1
	auto.include.jmx.reporter = true
	batch.size = 16384
	bootstrap.servers = [PLAINTEXT://localhost:32770]
	buffer.memory = 33554432
	client.dns.lookup = use_all_dns_ips
	client.id = Producer-topic-3d13976f_6106_4c77_914d_8f9244101f93
	compression.gzip.level = -1
	compression.lz4.level = 9
	compression.type = none
	compression.zstd.level = 3
	connections.max.idle.ms = 10000
	delivery.timeout.ms = 120000
	enable.idempotence = true
	enable.metrics.push = true
	interceptor.classes = []
	key.serializer = class org.apache.kafka.common.serialization.StringSerializer
	linger.ms = 0
	max.block.ms = 60000
	max.in.flight.requests.per.connection = 5
	max.request.size = 1048576
	metadata.max.age.ms = 300000
	metadata.max.idle.ms = 300000
	metadata.recovery.strategy = none
	metric.reporters = []
	metrics.num.samples = 2
	metrics.recording.level = INFO
	metrics.sample.window.ms = 30000
	partitioner.adaptive.partitioning.enable = true
	partitioner.availability.timeout.ms = 0
	partitioner.class = null
	partitioner.ignore.keys = false
	receive.buffer.bytes = 32768
	reconnect.backoff.max.ms = 1000
	reconnect.backoff.ms = 50
	request.timeout.ms = 5000
	retries = 2147483647
	retry.backoff.max.ms = 1000
	retry.backoff.ms = 100
	sasl.client.callback.handler.class = null
	sasl.jaas.config = null
	sasl.kerberos.kinit.cmd = /usr/bin/kinit
	sasl.kerberos.min.time.before.relogin = 60000
	sasl.kerberos.service.name = null
	sasl.kerberos.ticket.renew.jitter = 0.05
	sasl.kerberos.ticket.renew.window.factor = 0.8
	sasl.login.callback.handler.class = null
	sasl.login.class = null
	sasl.login.connect.timeout.ms = null
	sasl.login.read.timeout.ms = null
	sasl.login.refresh.buffer.seconds = 300
	sasl.login.refresh.min.period.seconds = 60
	sasl.login.refresh.window.factor = 0.8
	sasl.login.refresh.window.jitter = 0.05
	sasl.login.retry.backoff.max.ms = 10000
	sasl.login.retry.backoff.ms = 100
	sasl.mechanism = GSSAPI
	sasl.oauthbearer.clock.skew.seconds = 30
	sasl.oauthbearer.expected.audience = null
	sasl.oauthbearer.expected.issuer = null
	sasl.oauthbearer.header.urlencode = false
	sasl.oauthbearer.jwks.endpoint.refresh.ms = 3600000
	sasl.oauthbearer.jwks.endpoint.retry.backoff.max.ms = 10000
	sasl.oauthbearer.jwks.endpoint.retry.backoff.ms = 100
	sasl.oauthbearer.jwks.endpoint.url = null
	sasl.oauthbearer.scope.claim.name = scope
	sasl.oauthbearer.sub.claim.name = sub
	sasl.oauthbearer.token.endpoint.url = null
	security.protocol = PLAINTEXT
	security.providers = null
	send.buffer.bytes = 131072
	socket.connection.setup.timeout.max.ms = 30000
	socket.connection.setup.timeout.ms = 10000
	ssl.cipher.suites = null
	ssl.enabled.protocols = [TLSv1.2, TLSv1.3]
	ssl.endpoint.identification.algorithm = https
	ssl.engine.factory.class = null
	ssl.key.password = null
	ssl.keymanager.algorithm = SunX509
	ssl.keystore.certificate.chain = null
	ssl.keystore.key = null
	ssl.keystore.location = null
	ssl.keystore.password = null
	ssl.keystore.type = JKS
	ssl.protocol = TLSv1.3
	ssl.provider = null
	ssl.secure.random.implementation = null
	ssl.trustmanager.algorithm = PKIX
	ssl.truststore.certificates = null
	ssl.truststore.location = null
	ssl.truststore.password = null
	ssl.truststore.type = JKS
	transaction.timeout.ms = 60000
	transactional.id = null
	value.serializer = class io.apicurio.registry.serde.avro.AvroKafkaSerializer

2025-07-31 18:17:47,967 INFO  [org.apa.kaf.com.tel.int.KafkaMetricsCollector] (main) initializing Kafka metrics collector
2025-07-31 18:17:47,979 INFO  [org.apa.kaf.cli.pro.KafkaProducer] (main) [Producer clientId=Producer-topic-3d13976f_6106_4c77_914d_8f9244101f93] Instantiated an idempotent producer.
2025-07-31 18:17:47,992 INFO  [org.apa.kaf.cli.pro.ProducerConfig] (main) These configurations '[apicurio.registry.url, apicurio.registry.auto-register, apicurio.registry.artifact-resolver-strategy]' were supplied but are not used yet.
2025-07-31 18:17:47,996 INFO  [org.apa.kaf.com.uti.AppInfoParser] (main) Kafka version: 3.9.1
2025-07-31 18:17:47,996 INFO  [org.apa.kaf.com.uti.AppInfoParser] (main) Kafka commitId: f745dfdcee2b9851
2025-07-31 18:17:47,996 INFO  [org.apa.kaf.com.uti.AppInfoParser] (main) Kafka startTimeMs: 1753985867996
2025-07-31 18:17:47,996 INFO  [io.api.tes.ser.api.SimpleSerdesTesterBuilder$SimpleSerdesTester] (main) Using producer configuration: {apicurio.registry.url=http://registry-app-kafkasql.apps.ci419.apicurio-testing.org:80/apis/registry/v3, apicurio.registry.auto-register=true, apicurio.registry.artifact-resolver-strategy=io.apicurio.registry.serde.strategy.TopicIdStrategy, value.serializer=io.apicurio.registry.serde.avro.AvroKafkaSerializer, request.timeout.ms=5000, acks=all, bootstrap.servers=PLAINTEXT://localhost:32770, connections.max.idle.ms=10000, key.serializer=org.apache.kafka.common.serialization.StringSerializer, client.id=Producer-topic-3d13976f_6106_4c77_914d_8f9244101f93}
2025-07-31 18:17:47,996 INFO  [io.api.tes.ser.api.SimpleSerdesTesterBuilder$SimpleSerdesTester] (main) Using consumer configuration: {}
2025-07-31 18:17:47,999 INFO  [io.api.tes.ser.api.KafkaSerdesTester] (Thread-615) Sending message {"key11753985867961": "value-0"} to topic topic-3d13976f_6106_4c77_914d_8f9244101f93
2025-07-31 18:17:48,016 WARN  [org.apa.kaf.cli.NetworkClient] (kafka-producer-network-thread | Producer-topic-3d13976f_6106_4c77_914d_8f9244101f93) [Producer clientId=Producer-topic-3d13976f_6106_4c77_914d_8f9244101f93] The metadata response from the cluster reported a recoverable issue with correlation id 2 : {topic-3d13976f_6106_4c77_914d_8f9244101f93=LEADER_NOT_AVAILABLE}
2025-07-31 18:17:48,016 INFO  [org.apa.kaf.cli.Metadata] (kafka-producer-network-thread | Producer-topic-3d13976f_6106_4c77_914d_8f9244101f93) [Producer clientId=Producer-topic-3d13976f_6106_4c77_914d_8f9244101f93] Cluster ID: MOk99p_ARaW4Dib0x4tLFg
2025-07-31 18:17:48,017 INFO  [org.apa.kaf.cli.pro.int.TransactionManager] (kafka-producer-network-thread | Producer-topic-3d13976f_6106_4c77_914d_8f9244101f93) [Producer clientId=Producer-topic-3d13976f_6106_4c77_914d_8f9244101f93] ProducerId set to 4 with epoch 0
2025-07-31 18:17:48,214 INFO  [io.api.tes.ser.api.KafkaSerdesTester] (Thread-615) Sending message {"key11753985867961": "value-1"} to topic topic-3d13976f_6106_4c77_914d_8f9244101f93
2025-07-31 18:17:48,216 INFO  [io.api.tes.ser.api.KafkaSerdesTester] (Thread-615) Sending message {"key11753985867961": "value-2"} to topic topic-3d13976f_6106_4c77_914d_8f9244101f93
2025-07-31 18:17:48,219 INFO  [io.api.tes.ser.api.KafkaSerdesTester] (Thread-615) Sending message {"key11753985867961": "value-3"} to topic topic-3d13976f_6106_4c77_914d_8f9244101f93
2025-07-31 18:17:48,222 INFO  [io.api.tes.ser.api.KafkaSerdesTester] (Thread-615) Sending message {"key11753985867961": "value-4"} to topic topic-3d13976f_6106_4c77_914d_8f9244101f93
2025-07-31 18:17:48,226 INFO  [io.api.tes.ser.api.KafkaSerdesTester] (Thread-615) Sending message {"key11753985867961": "value-5"} to topic topic-3d13976f_6106_4c77_914d_8f9244101f93
2025-07-31 18:17:48,228 INFO  [io.api.tes.ser.api.KafkaSerdesTester] (Thread-615) Sending message {"key11753985867961": "value-6"} to topic topic-3d13976f_6106_4c77_914d_8f9244101f93
2025-07-31 18:17:48,231 INFO  [io.api.tes.ser.api.KafkaSerdesTester] (Thread-615) Sending message {"key11753985867961": "value-7"} to topic topic-3d13976f_6106_4c77_914d_8f9244101f93
2025-07-31 18:17:48,233 INFO  [io.api.tes.ser.api.KafkaSerdesTester] (Thread-615) Sending message {"key11753985867961": "value-8"} to topic topic-3d13976f_6106_4c77_914d_8f9244101f93
2025-07-31 18:17:48,236 INFO  [io.api.tes.ser.api.KafkaSerdesTester] (Thread-615) Sending message {"key11753985867961": "value-9"} to topic topic-3d13976f_6106_4c77_914d_8f9244101f93
2025-07-31 18:17:48,240 INFO  [io.api.tes.ser.api.KafkaSerdesTester] (Thread-615) Produced 10 messages
2025-07-31 18:17:48,240 INFO  [org.apa.kaf.cli.pro.KafkaProducer] (Thread-615) [Producer clientId=Producer-topic-3d13976f_6106_4c77_914d_8f9244101f93] Closing the Kafka producer with timeoutMillis = 9223372036854775807 ms.
2025-07-31 18:17:48,246 INFO  [org.apa.kaf.com.met.Metrics] (Thread-615) Metrics scheduler closed
2025-07-31 18:17:48,246 INFO  [org.apa.kaf.com.met.Metrics] (Thread-615) Closing reporter org.apache.kafka.common.metrics.JmxReporter
2025-07-31 18:17:48,246 INFO  [org.apa.kaf.com.met.Metrics] (Thread-615) Closing reporter org.apache.kafka.common.telemetry.internals.ClientTelemetryReporter
2025-07-31 18:17:48,246 INFO  [org.apa.kaf.com.met.Metrics] (Thread-615) Metrics reporters closed
2025-07-31 18:17:48,246 INFO  [org.apa.kaf.com.uti.AppInfoParser] (Thread-615) App info kafka.producer for Producer-topic-3d13976f_6106_4c77_914d_8f9244101f93 unregistered
**** Registry Base URL: http://registry-app-kafkasql.apps.ci419.apicurio-testing.org:80
2025-07-31 18:17:48,274 INFO  [org.apa.kaf.cli.con.ConsumerConfig] (main) ConsumerConfig values: 
	allow.auto.create.topics = true
	auto.commit.interval.ms = 500
	auto.include.jmx.reporter = true
	auto.offset.reset = earliest
	bootstrap.servers = [PLAINTEXT://localhost:32770]
	check.crcs = true
	client.dns.lookup = use_all_dns_ips
	client.id = consumer-Consumer-topic-3d13976f_6106_4c77_914d_8f9244101f93-4
	client.rack = 
	connections.max.idle.ms = 10000
	default.api.timeout.ms = 60000
	enable.auto.commit = true
	enable.metrics.push = true
	exclude.internal.topics = true
	fetch.max.bytes = 52428800
	fetch.max.wait.ms = 500
	fetch.min.bytes = 1
	group.id = Consumer-topic-3d13976f_6106_4c77_914d_8f9244101f93
	group.instance.id = null
	group.protocol = classic
	group.remote.assignor = null
	heartbeat.interval.ms = 3000
	interceptor.classes = []
	internal.leave.group.on.close = true
	internal.throw.on.fetch.stable.offset.unsupported = false
	isolation.level = read_uncommitted
	key.deserializer = class org.apache.kafka.common.serialization.StringDeserializer
	max.partition.fetch.bytes = 1048576
	max.poll.interval.ms = 300000
	max.poll.records = 500
	metadata.max.age.ms = 300000
	metadata.recovery.strategy = none
	metric.reporters = []
	metrics.num.samples = 2
	metrics.recording.level = INFO
	metrics.sample.window.ms = 30000
	partition.assignment.strategy = [class org.apache.kafka.clients.consumer.RangeAssignor, class org.apache.kafka.clients.consumer.CooperativeStickyAssignor]
	receive.buffer.bytes = 65536
	reconnect.backoff.max.ms = 1000
	reconnect.backoff.ms = 50
	request.timeout.ms = 5000
	retry.backoff.max.ms = 1000
	retry.backoff.ms = 100
	sasl.client.callback.handler.class = null
	sasl.jaas.config = null
	sasl.kerberos.kinit.cmd = /usr/bin/kinit
	sasl.kerberos.min.time.before.relogin = 60000
	sasl.kerberos.service.name = null
	sasl.kerberos.ticket.renew.jitter = 0.05
	sasl.kerberos.ticket.renew.window.factor = 0.8
	sasl.login.callback.handler.class = null
	sasl.login.class = null
	sasl.login.connect.timeout.ms = null
	sasl.login.read.timeout.ms = null
	sasl.login.refresh.buffer.seconds = 300
	sasl.login.refresh.min.period.seconds = 60
	sasl.login.refresh.window.factor = 0.8
	sasl.login.refresh.window.jitter = 0.05
	sasl.login.retry.backoff.max.ms = 10000
	sasl.login.retry.backoff.ms = 100
	sasl.mechanism = GSSAPI
	sasl.oauthbearer.clock.skew.seconds = 30
	sasl.oauthbearer.expected.audience = null
	sasl.oauthbearer.expected.issuer = null
	sasl.oauthbearer.header.urlencode = false
	sasl.oauthbearer.jwks.endpoint.refresh.ms = 3600000
	sasl.oauthbearer.jwks.endpoint.retry.backoff.max.ms = 10000
	sasl.oauthbearer.jwks.endpoint.retry.backoff.ms = 100
	sasl.oauthbearer.jwks.endpoint.url = null
	sasl.oauthbearer.scope.claim.name = scope
	sasl.oauthbearer.sub.claim.name = sub
	sasl.oauthbearer.token.endpoint.url = null
	security.protocol = PLAINTEXT
	security.providers = null
	send.buffer.bytes = 131072
	session.timeout.ms = 45000
	socket.connection.setup.timeout.max.ms = 30000
	socket.connection.setup.timeout.ms = 10000
	ssl.cipher.suites = null
	ssl.enabled.protocols = [TLSv1.2, TLSv1.3]
	ssl.endpoint.identification.algorithm = https
	ssl.engine.factory.class = null
	ssl.key.password = null
	ssl.keymanager.algorithm = SunX509
	ssl.keystore.certificate.chain = null
	ssl.keystore.key = null
	ssl.keystore.location = null
	ssl.keystore.password = null
	ssl.keystore.type = JKS
	ssl.protocol = TLSv1.3
	ssl.provider = null
	ssl.secure.random.implementation = null
	ssl.trustmanager.algorithm = PKIX
	ssl.truststore.certificates = null
	ssl.truststore.location = null
	ssl.truststore.password = null
	ssl.truststore.type = JKS
	value.deserializer = class io.apicurio.registry.serde.avro.AvroKafkaDeserializer

2025-07-31 18:17:48,275 INFO  [org.apa.kaf.com.tel.int.KafkaMetricsCollector] (main) initializing Kafka metrics collector
2025-07-31 18:17:48,284 INFO  [org.apa.kaf.cli.con.ConsumerConfig] (main) These configurations '[apicurio.registry.url]' were supplied but are not used yet.
2025-07-31 18:17:48,284 INFO  [org.apa.kaf.com.uti.AppInfoParser] (main) Kafka version: 3.9.1
2025-07-31 18:17:48,284 INFO  [org.apa.kaf.com.uti.AppInfoParser] (main) Kafka commitId: f745dfdcee2b9851
2025-07-31 18:17:48,284 INFO  [org.apa.kaf.com.uti.AppInfoParser] (main) Kafka startTimeMs: 1753985868284
2025-07-31 18:17:48,285 INFO  [org.apa.kaf.cli.con.int.ClassicKafkaConsumer] (Thread-618) [Consumer clientId=consumer-Consumer-topic-3d13976f_6106_4c77_914d_8f9244101f93-4, groupId=Consumer-topic-3d13976f_6106_4c77_914d_8f9244101f93] Subscribed to topic(s): topic-3d13976f_6106_4c77_914d_8f9244101f93
2025-07-31 18:17:48,292 INFO  [org.apa.kaf.cli.Metadata] (Thread-618) [Consumer clientId=consumer-Consumer-topic-3d13976f_6106_4c77_914d_8f9244101f93-4, groupId=Consumer-topic-3d13976f_6106_4c77_914d_8f9244101f93] Cluster ID: MOk99p_ARaW4Dib0x4tLFg
2025-07-31 18:17:48,293 INFO  [org.apa.kaf.cli.con.int.ConsumerCoordinator] (Thread-618) [Consumer clientId=consumer-Consumer-topic-3d13976f_6106_4c77_914d_8f9244101f93-4, groupId=Consumer-topic-3d13976f_6106_4c77_914d_8f9244101f93] Discovered group coordinator localhost:32770 (id: 2147483647 rack: null)
2025-07-31 18:17:48,295 INFO  [org.apa.kaf.cli.con.int.ConsumerCoordinator] (Thread-618) [Consumer clientId=consumer-Consumer-topic-3d13976f_6106_4c77_914d_8f9244101f93-4, groupId=Consumer-topic-3d13976f_6106_4c77_914d_8f9244101f93] (Re-)joining group
2025-07-31 18:17:48,302 INFO  [org.apa.kaf.cli.con.int.ConsumerCoordinator] (Thread-618) [Consumer clientId=consumer-Consumer-topic-3d13976f_6106_4c77_914d_8f9244101f93-4, groupId=Consumer-topic-3d13976f_6106_4c77_914d_8f9244101f93] Request joining group due to: need to re-join with the given member-id: consumer-Consumer-topic-3d13976f_6106_4c77_914d_8f9244101f93-4-f523fab7-770b-449b-889e-d5c56884c534
2025-07-31 18:17:48,302 INFO  [org.apa.kaf.cli.con.int.ConsumerCoordinator] (Thread-618) [Consumer clientId=consumer-Consumer-topic-3d13976f_6106_4c77_914d_8f9244101f93-4, groupId=Consumer-topic-3d13976f_6106_4c77_914d_8f9244101f93] (Re-)joining group
2025-07-31 18:17:48,306 INFO  [org.apa.kaf.cli.con.int.ConsumerCoordinator] (Thread-618) [Consumer clientId=consumer-Consumer-topic-3d13976f_6106_4c77_914d_8f9244101f93-4, groupId=Consumer-topic-3d13976f_6106_4c77_914d_8f9244101f93] Successfully joined group with generation Generation{generationId=1, memberId='consumer-Consumer-topic-3d13976f_6106_4c77_914d_8f9244101f93-4-f523fab7-770b-449b-889e-d5c56884c534', protocol='range'}
2025-07-31 18:17:48,306 INFO  [org.apa.kaf.cli.con.int.ConsumerCoordinator] (Thread-618) [Consumer clientId=consumer-Consumer-topic-3d13976f_6106_4c77_914d_8f9244101f93-4, groupId=Consumer-topic-3d13976f_6106_4c77_914d_8f9244101f93] Finished assignment for group at generation 1: {consumer-Consumer-topic-3d13976f_6106_4c77_914d_8f9244101f93-4-f523fab7-770b-449b-889e-d5c56884c534=Assignment(partitions=[topic-3d13976f_6106_4c77_914d_8f9244101f93-0])}
2025-07-31 18:17:48,315 INFO  [org.apa.kaf.cli.con.int.ConsumerCoordinator] (Thread-618) [Consumer clientId=consumer-Consumer-topic-3d13976f_6106_4c77_914d_8f9244101f93-4, groupId=Consumer-topic-3d13976f_6106_4c77_914d_8f9244101f93] Successfully synced group in generation Generation{generationId=1, memberId='consumer-Consumer-topic-3d13976f_6106_4c77_914d_8f9244101f93-4-f523fab7-770b-449b-889e-d5c56884c534', protocol='range'}
2025-07-31 18:17:48,315 INFO  [org.apa.kaf.cli.con.int.ConsumerCoordinator] (Thread-618) [Consumer clientId=consumer-Consumer-topic-3d13976f_6106_4c77_914d_8f9244101f93-4, groupId=Consumer-topic-3d13976f_6106_4c77_914d_8f9244101f93] Notifying assignor about the new Assignment(partitions=[topic-3d13976f_6106_4c77_914d_8f9244101f93-0])
2025-07-31 18:17:48,315 INFO  [org.apa.kaf.cli.con.int.ConsumerRebalanceListenerInvoker] (Thread-618) [Consumer clientId=consumer-Consumer-topic-3d13976f_6106_4c77_914d_8f9244101f93-4, groupId=Consumer-topic-3d13976f_6106_4c77_914d_8f9244101f93] Adding newly assigned partitions: topic-3d13976f_6106_4c77_914d_8f9244101f93-0
2025-07-31 18:17:48,317 INFO  [org.apa.kaf.cli.con.int.ConsumerCoordinator] (Thread-618) [Consumer clientId=consumer-Consumer-topic-3d13976f_6106_4c77_914d_8f9244101f93-4, groupId=Consumer-topic-3d13976f_6106_4c77_914d_8f9244101f93] Found no committed offset for partition topic-3d13976f_6106_4c77_914d_8f9244101f93-0
2025-07-31 18:17:48,323 INFO  [org.apa.kaf.cli.con.int.SubscriptionState] (Thread-618) [Consumer clientId=consumer-Consumer-topic-3d13976f_6106_4c77_914d_8f9244101f93-4, groupId=Consumer-topic-3d13976f_6106_4c77_914d_8f9244101f93] Resetting offset for partition topic-3d13976f_6106_4c77_914d_8f9244101f93-0 to position FetchPosition{offset=0, offsetEpoch=Optional.empty, currentLeader=LeaderAndEpoch{leader=Optional[localhost:32770 (id: 0 rack: null)], epoch=0}}.
2025-07-31 18:17:48,365 INFO  [io.api.tes.ser.api.KafkaSerdesTester] (Thread-618) topic-3d13976f_6106_4c77_914d_8f9244101f93 0 0 {"key11753985867961": "value-0"}
2025-07-31 18:17:48,365 INFO  [io.api.tes.ser.api.KafkaSerdesTester] (Thread-618) topic-3d13976f_6106_4c77_914d_8f9244101f93 0 1 {"key11753985867961": "value-1"}
2025-07-31 18:17:48,366 INFO  [io.api.tes.ser.api.KafkaSerdesTester] (Thread-618) topic-3d13976f_6106_4c77_914d_8f9244101f93 0 2 {"key11753985867961": "value-2"}
2025-07-31 18:17:48,366 INFO  [io.api.tes.ser.api.KafkaSerdesTester] (Thread-618) topic-3d13976f_6106_4c77_914d_8f9244101f93 0 3 {"key11753985867961": "value-3"}
2025-07-31 18:17:48,366 INFO  [io.api.tes.ser.api.KafkaSerdesTester] (Thread-618) topic-3d13976f_6106_4c77_914d_8f9244101f93 0 4 {"key11753985867961": "value-4"}
2025-07-31 18:17:48,366 INFO  [io.api.tes.ser.api.KafkaSerdesTester] (Thread-618) topic-3d13976f_6106_4c77_914d_8f9244101f93 0 5 {"key11753985867961": "value-5"}
2025-07-31 18:17:48,366 INFO  [io.api.tes.ser.api.KafkaSerdesTester] (Thread-618) topic-3d13976f_6106_4c77_914d_8f9244101f93 0 6 {"key11753985867961": "value-6"}
2025-07-31 18:17:48,366 INFO  [io.api.tes.ser.api.KafkaSerdesTester] (Thread-618) topic-3d13976f_6106_4c77_914d_8f9244101f93 0 7 {"key11753985867961": "value-7"}
2025-07-31 18:17:48,366 INFO  [io.api.tes.ser.api.KafkaSerdesTester] (Thread-618) topic-3d13976f_6106_4c77_914d_8f9244101f93 0 8 {"key11753985867961": "value-8"}
2025-07-31 18:17:48,366 INFO  [io.api.tes.ser.api.KafkaSerdesTester] (Thread-618) topic-3d13976f_6106_4c77_914d_8f9244101f93 0 9 {"key11753985867961": "value-9"}
2025-07-31 18:17:48,366 INFO  [io.api.tes.ser.api.KafkaSerdesTester] (Thread-618) Consumed 10 messages
2025-07-31 18:17:48,369 INFO  [org.apa.kaf.cli.con.int.ConsumerRebalanceListenerInvoker] (Thread-618) [Consumer clientId=consumer-Consumer-topic-3d13976f_6106_4c77_914d_8f9244101f93-4, groupId=Consumer-topic-3d13976f_6106_4c77_914d_8f9244101f93] Revoke previously assigned partitions topic-3d13976f_6106_4c77_914d_8f9244101f93-0
2025-07-31 18:17:48,369 INFO  [org.apa.kaf.cli.con.int.ConsumerCoordinator] (Thread-618) [Consumer clientId=consumer-Consumer-topic-3d13976f_6106_4c77_914d_8f9244101f93-4, groupId=Consumer-topic-3d13976f_6106_4c77_914d_8f9244101f93] Member consumer-Consumer-topic-3d13976f_6106_4c77_914d_8f9244101f93-4-f523fab7-770b-449b-889e-d5c56884c534 sending LeaveGroup request to coordinator localhost:32770 (id: 2147483647 rack: null) due to the consumer is being closed
2025-07-31 18:17:48,369 INFO  [org.apa.kaf.cli.con.int.ConsumerCoordinator] (Thread-618) [Consumer clientId=consumer-Consumer-topic-3d13976f_6106_4c77_914d_8f9244101f93-4, groupId=Consumer-topic-3d13976f_6106_4c77_914d_8f9244101f93] Resetting generation and member id due to: consumer pro-actively leaving the group
2025-07-31 18:17:48,370 INFO  [org.apa.kaf.cli.con.int.ConsumerCoordinator] (Thread-618) [Consumer clientId=consumer-Consumer-topic-3d13976f_6106_4c77_914d_8f9244101f93-4, groupId=Consumer-topic-3d13976f_6106_4c77_914d_8f9244101f93] Request joining group due to: consumer pro-actively leaving the group
2025-07-31 18:17:48,869 INFO  [org.apa.kaf.com.met.Metrics] (Thread-618) Metrics scheduler closed
2025-07-31 18:17:48,869 INFO  [org.apa.kaf.com.met.Metrics] (Thread-618) Closing reporter org.apache.kafka.common.metrics.JmxReporter
2025-07-31 18:17:48,870 INFO  [org.apa.kaf.com.met.Metrics] (Thread-618) Closing reporter org.apache.kafka.common.telemetry.internals.ClientTelemetryReporter
2025-07-31 18:17:48,870 INFO  [org.apa.kaf.com.met.Metrics] (Thread-618) Metrics reporters closed
2025-07-31 18:17:48,873 INFO  [org.apa.kaf.com.uti.AppInfoParser] (Thread-618) App info kafka.consumer for consumer-Consumer-topic-3d13976f_6106_4c77_914d_8f9244101f93-4 unregistered
2025-07-31 18:17:48,900 INFO  [io.api.tes.uti.TestSeparator] (main) io.apicurio.tests.serdes.apicurio.AvroSerdeIT.testTopicIdStrategyAutoRegister-FINISHED
2025-07-31 18:17:48,901 INFO  [io.api.tes.uti.TestSeparator] (main) ############################################################################
Test passed: testTopicIdStrategyAutoRegister
]]></system-out>
  </testcase>
  <testcase name="testRecordIdStrategydFindLatest" classname="io.apicurio.tests.serdes.apicurio.AvroSerdeIT" time="1.795">
    <system-out><![CDATA[2025-07-31 18:17:48,902 INFO  [io.api.tes.uti.TestSeparator] (main) ############################################################################
2025-07-31 18:17:48,902 INFO  [io.api.tes.uti.TestSeparator] (main) io.apicurio.tests.serdes.apicurio.AvroSerdeIT.testRecordIdStrategydFindLatest-STARTED
2025-07-31 18:17:48,904 INFO  [io.api.tes.ser.api.AvroSerdeIT] (main) Registering Avro Schema: {"type":"record","name":"sc5593fbex715dx4408xbeabxdad42d96c7b3","namespace":"s00d1b770x6b9ex4da7x8e2exe078f20f80b9","fields":[{"name":"key11753985868904","type":"string"}]}
**** Registry Base URL: http://registry-app-kafkasql.apps.ci419.apicurio-testing.org:80
2025-07-31 18:17:49,973 INFO  [org.apa.kaf.cli.pro.ProducerConfig] (main) ProducerConfig values: 
	acks = -1
	auto.include.jmx.reporter = true
	batch.size = 16384
	bootstrap.servers = [PLAINTEXT://localhost:32770]
	buffer.memory = 33554432
	client.dns.lookup = use_all_dns_ips
	client.id = Producer-topic-bd1f5a58_99f3_4f9d_8f0a_f92d3e241b51
	compression.gzip.level = -1
	compression.lz4.level = 9
	compression.type = none
	compression.zstd.level = 3
	connections.max.idle.ms = 10000
	delivery.timeout.ms = 120000
	enable.idempotence = true
	enable.metrics.push = true
	interceptor.classes = []
	key.serializer = class org.apache.kafka.common.serialization.StringSerializer
	linger.ms = 0
	max.block.ms = 60000
	max.in.flight.requests.per.connection = 5
	max.request.size = 1048576
	metadata.max.age.ms = 300000
	metadata.max.idle.ms = 300000
	metadata.recovery.strategy = none
	metric.reporters = []
	metrics.num.samples = 2
	metrics.recording.level = INFO
	metrics.sample.window.ms = 30000
	partitioner.adaptive.partitioning.enable = true
	partitioner.availability.timeout.ms = 0
	partitioner.class = null
	partitioner.ignore.keys = false
	receive.buffer.bytes = 32768
	reconnect.backoff.max.ms = 1000
	reconnect.backoff.ms = 50
	request.timeout.ms = 5000
	retries = 2147483647
	retry.backoff.max.ms = 1000
	retry.backoff.ms = 100
	sasl.client.callback.handler.class = null
	sasl.jaas.config = null
	sasl.kerberos.kinit.cmd = /usr/bin/kinit
	sasl.kerberos.min.time.before.relogin = 60000
	sasl.kerberos.service.name = null
	sasl.kerberos.ticket.renew.jitter = 0.05
	sasl.kerberos.ticket.renew.window.factor = 0.8
	sasl.login.callback.handler.class = null
	sasl.login.class = null
	sasl.login.connect.timeout.ms = null
	sasl.login.read.timeout.ms = null
	sasl.login.refresh.buffer.seconds = 300
	sasl.login.refresh.min.period.seconds = 60
	sasl.login.refresh.window.factor = 0.8
	sasl.login.refresh.window.jitter = 0.05
	sasl.login.retry.backoff.max.ms = 10000
	sasl.login.retry.backoff.ms = 100
	sasl.mechanism = GSSAPI
	sasl.oauthbearer.clock.skew.seconds = 30
	sasl.oauthbearer.expected.audience = null
	sasl.oauthbearer.expected.issuer = null
	sasl.oauthbearer.header.urlencode = false
	sasl.oauthbearer.jwks.endpoint.refresh.ms = 3600000
	sasl.oauthbearer.jwks.endpoint.retry.backoff.max.ms = 10000
	sasl.oauthbearer.jwks.endpoint.retry.backoff.ms = 100
	sasl.oauthbearer.jwks.endpoint.url = null
	sasl.oauthbearer.scope.claim.name = scope
	sasl.oauthbearer.sub.claim.name = sub
	sasl.oauthbearer.token.endpoint.url = null
	security.protocol = PLAINTEXT
	security.providers = null
	send.buffer.bytes = 131072
	socket.connection.setup.timeout.max.ms = 30000
	socket.connection.setup.timeout.ms = 10000
	ssl.cipher.suites = null
	ssl.enabled.protocols = [TLSv1.2, TLSv1.3]
	ssl.endpoint.identification.algorithm = https
	ssl.engine.factory.class = null
	ssl.key.password = null
	ssl.keymanager.algorithm = SunX509
	ssl.keystore.certificate.chain = null
	ssl.keystore.key = null
	ssl.keystore.location = null
	ssl.keystore.password = null
	ssl.keystore.type = JKS
	ssl.protocol = TLSv1.3
	ssl.provider = null
	ssl.secure.random.implementation = null
	ssl.trustmanager.algorithm = PKIX
	ssl.truststore.certificates = null
	ssl.truststore.location = null
	ssl.truststore.password = null
	ssl.truststore.type = JKS
	transaction.timeout.ms = 60000
	transactional.id = null
	value.serializer = class io.apicurio.registry.serde.avro.AvroKafkaSerializer

2025-07-31 18:17:49,973 INFO  [org.apa.kaf.com.tel.int.KafkaMetricsCollector] (main) initializing Kafka metrics collector
2025-07-31 18:17:49,982 INFO  [org.apa.kaf.cli.pro.KafkaProducer] (main) [Producer clientId=Producer-topic-bd1f5a58_99f3_4f9d_8f0a_f92d3e241b51] Instantiated an idempotent producer.
2025-07-31 18:17:49,988 INFO  [org.apa.kaf.cli.pro.ProducerConfig] (main) These configurations '[apicurio.registry.find-latest, apicurio.registry.url, apicurio.registry.artifact-resolver-strategy]' were supplied but are not used yet.
2025-07-31 18:17:49,988 INFO  [org.apa.kaf.com.uti.AppInfoParser] (main) Kafka version: 3.9.1
2025-07-31 18:17:49,988 INFO  [org.apa.kaf.com.uti.AppInfoParser] (main) Kafka commitId: f745dfdcee2b9851
2025-07-31 18:17:49,988 INFO  [org.apa.kaf.com.uti.AppInfoParser] (main) Kafka startTimeMs: 1753985869988
2025-07-31 18:17:49,988 INFO  [io.api.tes.ser.api.SimpleSerdesTesterBuilder$SimpleSerdesTester] (main) Using producer configuration: {apicurio.registry.find-latest=true, apicurio.registry.url=http://registry-app-kafkasql.apps.ci419.apicurio-testing.org:80/apis/registry/v3, apicurio.registry.artifact-resolver-strategy=io.apicurio.registry.serde.avro.strategy.RecordIdStrategy, value.serializer=io.apicurio.registry.serde.avro.AvroKafkaSerializer, request.timeout.ms=5000, acks=all, bootstrap.servers=PLAINTEXT://localhost:32770, connections.max.idle.ms=10000, key.serializer=org.apache.kafka.common.serialization.StringSerializer, client.id=Producer-topic-bd1f5a58_99f3_4f9d_8f0a_f92d3e241b51}
2025-07-31 18:17:49,988 INFO  [io.api.tes.ser.api.SimpleSerdesTesterBuilder$SimpleSerdesTester] (main) Using consumer configuration: {}
2025-07-31 18:17:49,992 INFO  [io.api.tes.ser.api.KafkaSerdesTester] (Thread-621) Sending message {"key11753985868904": "value-0"} to topic topic-bd1f5a58_99f3_4f9d_8f0a_f92d3e241b51
2025-07-31 18:17:50,002 INFO  [org.apa.kaf.cli.Metadata] (kafka-producer-network-thread | Producer-topic-bd1f5a58_99f3_4f9d_8f0a_f92d3e241b51) [Producer clientId=Producer-topic-bd1f5a58_99f3_4f9d_8f0a_f92d3e241b51] Cluster ID: MOk99p_ARaW4Dib0x4tLFg
2025-07-31 18:17:50,005 INFO  [org.apa.kaf.cli.pro.int.TransactionManager] (kafka-producer-network-thread | Producer-topic-bd1f5a58_99f3_4f9d_8f0a_f92d3e241b51) [Producer clientId=Producer-topic-bd1f5a58_99f3_4f9d_8f0a_f92d3e241b51] ProducerId set to 5 with epoch 0
2025-07-31 18:17:50,066 INFO  [io.api.tes.ser.api.KafkaSerdesTester] (Thread-621) Sending message {"key11753985868904": "value-1"} to topic topic-bd1f5a58_99f3_4f9d_8f0a_f92d3e241b51
2025-07-31 18:17:50,068 INFO  [io.api.tes.ser.api.KafkaSerdesTester] (Thread-621) Sending message {"key11753985868904": "value-2"} to topic topic-bd1f5a58_99f3_4f9d_8f0a_f92d3e241b51
2025-07-31 18:17:50,071 INFO  [io.api.tes.ser.api.KafkaSerdesTester] (Thread-621) Sending message {"key11753985868904": "value-3"} to topic topic-bd1f5a58_99f3_4f9d_8f0a_f92d3e241b51
2025-07-31 18:17:50,073 INFO  [io.api.tes.ser.api.KafkaSerdesTester] (Thread-621) Sending message {"key11753985868904": "value-4"} to topic topic-bd1f5a58_99f3_4f9d_8f0a_f92d3e241b51
2025-07-31 18:17:50,076 INFO  [io.api.tes.ser.api.KafkaSerdesTester] (Thread-621) Sending message {"key11753985868904": "value-5"} to topic topic-bd1f5a58_99f3_4f9d_8f0a_f92d3e241b51
2025-07-31 18:17:50,077 INFO  [io.api.tes.ser.api.KafkaSerdesTester] (Thread-621) Sending message {"key11753985868904": "value-6"} to topic topic-bd1f5a58_99f3_4f9d_8f0a_f92d3e241b51
2025-07-31 18:17:50,079 INFO  [io.api.tes.ser.api.KafkaSerdesTester] (Thread-621) Sending message {"key11753985868904": "value-7"} to topic topic-bd1f5a58_99f3_4f9d_8f0a_f92d3e241b51
2025-07-31 18:17:50,081 INFO  [io.api.tes.ser.api.KafkaSerdesTester] (Thread-621) Sending message {"key11753985868904": "value-8"} to topic topic-bd1f5a58_99f3_4f9d_8f0a_f92d3e241b51
2025-07-31 18:17:50,084 INFO  [io.api.tes.ser.api.KafkaSerdesTester] (Thread-621) Sending message {"key11753985868904": "value-9"} to topic topic-bd1f5a58_99f3_4f9d_8f0a_f92d3e241b51
2025-07-31 18:17:50,088 INFO  [io.api.tes.ser.api.KafkaSerdesTester] (Thread-621) Produced 10 messages
2025-07-31 18:17:50,088 INFO  [org.apa.kaf.cli.pro.KafkaProducer] (Thread-621) [Producer clientId=Producer-topic-bd1f5a58_99f3_4f9d_8f0a_f92d3e241b51] Closing the Kafka producer with timeoutMillis = 9223372036854775807 ms.
2025-07-31 18:17:50,092 INFO  [org.apa.kaf.com.met.Metrics] (Thread-621) Metrics scheduler closed
2025-07-31 18:17:50,092 INFO  [org.apa.kaf.com.met.Metrics] (Thread-621) Closing reporter org.apache.kafka.common.metrics.JmxReporter
2025-07-31 18:17:50,092 INFO  [org.apa.kaf.com.met.Metrics] (Thread-621) Closing reporter org.apache.kafka.common.telemetry.internals.ClientTelemetryReporter
2025-07-31 18:17:50,092 INFO  [org.apa.kaf.com.met.Metrics] (Thread-621) Metrics reporters closed
2025-07-31 18:17:50,093 INFO  [org.apa.kaf.com.uti.AppInfoParser] (Thread-621) App info kafka.producer for Producer-topic-bd1f5a58_99f3_4f9d_8f0a_f92d3e241b51 unregistered
**** Registry Base URL: http://registry-app-kafkasql.apps.ci419.apicurio-testing.org:80
2025-07-31 18:17:50,094 INFO  [org.apa.kaf.cli.con.ConsumerConfig] (main) ConsumerConfig values: 
	allow.auto.create.topics = true
	auto.commit.interval.ms = 500
	auto.include.jmx.reporter = true
	auto.offset.reset = earliest
	bootstrap.servers = [PLAINTEXT://localhost:32770]
	check.crcs = true
	client.dns.lookup = use_all_dns_ips
	client.id = consumer-Consumer-topic-bd1f5a58_99f3_4f9d_8f0a_f92d3e241b51-5
	client.rack = 
	connections.max.idle.ms = 10000
	default.api.timeout.ms = 60000
	enable.auto.commit = true
	enable.metrics.push = true
	exclude.internal.topics = true
	fetch.max.bytes = 52428800
	fetch.max.wait.ms = 500
	fetch.min.bytes = 1
	group.id = Consumer-topic-bd1f5a58_99f3_4f9d_8f0a_f92d3e241b51
	group.instance.id = null
	group.protocol = classic
	group.remote.assignor = null
	heartbeat.interval.ms = 3000
	interceptor.classes = []
	internal.leave.group.on.close = true
	internal.throw.on.fetch.stable.offset.unsupported = false
	isolation.level = read_uncommitted
	key.deserializer = class org.apache.kafka.common.serialization.StringDeserializer
	max.partition.fetch.bytes = 1048576
	max.poll.interval.ms = 300000
	max.poll.records = 500
	metadata.max.age.ms = 300000
	metadata.recovery.strategy = none
	metric.reporters = []
	metrics.num.samples = 2
	metrics.recording.level = INFO
	metrics.sample.window.ms = 30000
	partition.assignment.strategy = [class org.apache.kafka.clients.consumer.RangeAssignor, class org.apache.kafka.clients.consumer.CooperativeStickyAssignor]
	receive.buffer.bytes = 65536
	reconnect.backoff.max.ms = 1000
	reconnect.backoff.ms = 50
	request.timeout.ms = 5000
	retry.backoff.max.ms = 1000
	retry.backoff.ms = 100
	sasl.client.callback.handler.class = null
	sasl.jaas.config = null
	sasl.kerberos.kinit.cmd = /usr/bin/kinit
	sasl.kerberos.min.time.before.relogin = 60000
	sasl.kerberos.service.name = null
	sasl.kerberos.ticket.renew.jitter = 0.05
	sasl.kerberos.ticket.renew.window.factor = 0.8
	sasl.login.callback.handler.class = null
	sasl.login.class = null
	sasl.login.connect.timeout.ms = null
	sasl.login.read.timeout.ms = null
	sasl.login.refresh.buffer.seconds = 300
	sasl.login.refresh.min.period.seconds = 60
	sasl.login.refresh.window.factor = 0.8
	sasl.login.refresh.window.jitter = 0.05
	sasl.login.retry.backoff.max.ms = 10000
	sasl.login.retry.backoff.ms = 100
	sasl.mechanism = GSSAPI
	sasl.oauthbearer.clock.skew.seconds = 30
	sasl.oauthbearer.expected.audience = null
	sasl.oauthbearer.expected.issuer = null
	sasl.oauthbearer.header.urlencode = false
	sasl.oauthbearer.jwks.endpoint.refresh.ms = 3600000
	sasl.oauthbearer.jwks.endpoint.retry.backoff.max.ms = 10000
	sasl.oauthbearer.jwks.endpoint.retry.backoff.ms = 100
	sasl.oauthbearer.jwks.endpoint.url = null
	sasl.oauthbearer.scope.claim.name = scope
	sasl.oauthbearer.sub.claim.name = sub
	sasl.oauthbearer.token.endpoint.url = null
	security.protocol = PLAINTEXT
	security.providers = null
	send.buffer.bytes = 131072
	session.timeout.ms = 45000
	socket.connection.setup.timeout.max.ms = 30000
	socket.connection.setup.timeout.ms = 10000
	ssl.cipher.suites = null
	ssl.enabled.protocols = [TLSv1.2, TLSv1.3]
	ssl.endpoint.identification.algorithm = https
	ssl.engine.factory.class = null
	ssl.key.password = null
	ssl.keymanager.algorithm = SunX509
	ssl.keystore.certificate.chain = null
	ssl.keystore.key = null
	ssl.keystore.location = null
	ssl.keystore.password = null
	ssl.keystore.type = JKS
	ssl.protocol = TLSv1.3
	ssl.provider = null
	ssl.secure.random.implementation = null
	ssl.trustmanager.algorithm = PKIX
	ssl.truststore.certificates = null
	ssl.truststore.location = null
	ssl.truststore.password = null
	ssl.truststore.type = JKS
	value.deserializer = class io.apicurio.registry.serde.avro.AvroKafkaDeserializer

2025-07-31 18:17:50,094 INFO  [org.apa.kaf.com.tel.int.KafkaMetricsCollector] (main) initializing Kafka metrics collector
2025-07-31 18:17:50,103 INFO  [org.apa.kaf.cli.con.ConsumerConfig] (main) These configurations '[apicurio.registry.url]' were supplied but are not used yet.
2025-07-31 18:17:50,103 INFO  [org.apa.kaf.com.uti.AppInfoParser] (main) Kafka version: 3.9.1
2025-07-31 18:17:50,103 INFO  [org.apa.kaf.com.uti.AppInfoParser] (main) Kafka commitId: f745dfdcee2b9851
2025-07-31 18:17:50,103 INFO  [org.apa.kaf.com.uti.AppInfoParser] (main) Kafka startTimeMs: 1753985870103
2025-07-31 18:17:50,104 INFO  [org.apa.kaf.cli.con.int.ClassicKafkaConsumer] (Thread-624) [Consumer clientId=consumer-Consumer-topic-bd1f5a58_99f3_4f9d_8f0a_f92d3e241b51-5, groupId=Consumer-topic-bd1f5a58_99f3_4f9d_8f0a_f92d3e241b51] Subscribed to topic(s): topic-bd1f5a58_99f3_4f9d_8f0a_f92d3e241b51
2025-07-31 18:17:50,111 INFO  [org.apa.kaf.cli.Metadata] (Thread-624) [Consumer clientId=consumer-Consumer-topic-bd1f5a58_99f3_4f9d_8f0a_f92d3e241b51-5, groupId=Consumer-topic-bd1f5a58_99f3_4f9d_8f0a_f92d3e241b51] Cluster ID: MOk99p_ARaW4Dib0x4tLFg
2025-07-31 18:17:50,112 INFO  [org.apa.kaf.cli.con.int.ConsumerCoordinator] (Thread-624) [Consumer clientId=consumer-Consumer-topic-bd1f5a58_99f3_4f9d_8f0a_f92d3e241b51-5, groupId=Consumer-topic-bd1f5a58_99f3_4f9d_8f0a_f92d3e241b51] Discovered group coordinator localhost:32770 (id: 2147483647 rack: null)
2025-07-31 18:17:50,115 INFO  [org.apa.kaf.cli.con.int.ConsumerCoordinator] (Thread-624) [Consumer clientId=consumer-Consumer-topic-bd1f5a58_99f3_4f9d_8f0a_f92d3e241b51-5, groupId=Consumer-topic-bd1f5a58_99f3_4f9d_8f0a_f92d3e241b51] (Re-)joining group
2025-07-31 18:17:50,120 INFO  [org.apa.kaf.cli.con.int.ConsumerCoordinator] (Thread-624) [Consumer clientId=consumer-Consumer-topic-bd1f5a58_99f3_4f9d_8f0a_f92d3e241b51-5, groupId=Consumer-topic-bd1f5a58_99f3_4f9d_8f0a_f92d3e241b51] Request joining group due to: need to re-join with the given member-id: consumer-Consumer-topic-bd1f5a58_99f3_4f9d_8f0a_f92d3e241b51-5-8e094654-d7a6-48b0-ab36-e14906fce64d
2025-07-31 18:17:50,120 INFO  [org.apa.kaf.cli.con.int.ConsumerCoordinator] (Thread-624) [Consumer clientId=consumer-Consumer-topic-bd1f5a58_99f3_4f9d_8f0a_f92d3e241b51-5, groupId=Consumer-topic-bd1f5a58_99f3_4f9d_8f0a_f92d3e241b51] (Re-)joining group
2025-07-31 18:17:50,123 INFO  [org.apa.kaf.cli.con.int.ConsumerCoordinator] (Thread-624) [Consumer clientId=consumer-Consumer-topic-bd1f5a58_99f3_4f9d_8f0a_f92d3e241b51-5, groupId=Consumer-topic-bd1f5a58_99f3_4f9d_8f0a_f92d3e241b51] Successfully joined group with generation Generation{generationId=1, memberId='consumer-Consumer-topic-bd1f5a58_99f3_4f9d_8f0a_f92d3e241b51-5-8e094654-d7a6-48b0-ab36-e14906fce64d', protocol='range'}
2025-07-31 18:17:50,123 INFO  [org.apa.kaf.cli.con.int.ConsumerCoordinator] (Thread-624) [Consumer clientId=consumer-Consumer-topic-bd1f5a58_99f3_4f9d_8f0a_f92d3e241b51-5, groupId=Consumer-topic-bd1f5a58_99f3_4f9d_8f0a_f92d3e241b51] Finished assignment for group at generation 1: {consumer-Consumer-topic-bd1f5a58_99f3_4f9d_8f0a_f92d3e241b51-5-8e094654-d7a6-48b0-ab36-e14906fce64d=Assignment(partitions=[topic-bd1f5a58_99f3_4f9d_8f0a_f92d3e241b51-0])}
2025-07-31 18:17:50,128 INFO  [org.apa.kaf.cli.con.int.ConsumerCoordinator] (Thread-624) [Consumer clientId=consumer-Consumer-topic-bd1f5a58_99f3_4f9d_8f0a_f92d3e241b51-5, groupId=Consumer-topic-bd1f5a58_99f3_4f9d_8f0a_f92d3e241b51] Successfully synced group in generation Generation{generationId=1, memberId='consumer-Consumer-topic-bd1f5a58_99f3_4f9d_8f0a_f92d3e241b51-5-8e094654-d7a6-48b0-ab36-e14906fce64d', protocol='range'}
2025-07-31 18:17:50,128 INFO  [org.apa.kaf.cli.con.int.ConsumerCoordinator] (Thread-624) [Consumer clientId=consumer-Consumer-topic-bd1f5a58_99f3_4f9d_8f0a_f92d3e241b51-5, groupId=Consumer-topic-bd1f5a58_99f3_4f9d_8f0a_f92d3e241b51] Notifying assignor about the new Assignment(partitions=[topic-bd1f5a58_99f3_4f9d_8f0a_f92d3e241b51-0])
2025-07-31 18:17:50,128 INFO  [org.apa.kaf.cli.con.int.ConsumerRebalanceListenerInvoker] (Thread-624) [Consumer clientId=consumer-Consumer-topic-bd1f5a58_99f3_4f9d_8f0a_f92d3e241b51-5, groupId=Consumer-topic-bd1f5a58_99f3_4f9d_8f0a_f92d3e241b51] Adding newly assigned partitions: topic-bd1f5a58_99f3_4f9d_8f0a_f92d3e241b51-0
2025-07-31 18:17:50,131 INFO  [org.apa.kaf.cli.con.int.ConsumerCoordinator] (Thread-624) [Consumer clientId=consumer-Consumer-topic-bd1f5a58_99f3_4f9d_8f0a_f92d3e241b51-5, groupId=Consumer-topic-bd1f5a58_99f3_4f9d_8f0a_f92d3e241b51] Found no committed offset for partition topic-bd1f5a58_99f3_4f9d_8f0a_f92d3e241b51-0
2025-07-31 18:17:50,143 INFO  [org.apa.kaf.cli.con.int.SubscriptionState] (Thread-624) [Consumer clientId=consumer-Consumer-topic-bd1f5a58_99f3_4f9d_8f0a_f92d3e241b51-5, groupId=Consumer-topic-bd1f5a58_99f3_4f9d_8f0a_f92d3e241b51] Resetting offset for partition topic-bd1f5a58_99f3_4f9d_8f0a_f92d3e241b51-0 to position FetchPosition{offset=0, offsetEpoch=Optional.empty, currentLeader=LeaderAndEpoch{leader=Optional[localhost:32770 (id: 0 rack: null)], epoch=0}}.
2025-07-31 18:17:50,189 INFO  [io.api.tes.ser.api.KafkaSerdesTester] (Thread-624) topic-bd1f5a58_99f3_4f9d_8f0a_f92d3e241b51 0 0 {"key11753985868904": "value-0"}
2025-07-31 18:17:50,189 INFO  [io.api.tes.ser.api.KafkaSerdesTester] (Thread-624) topic-bd1f5a58_99f3_4f9d_8f0a_f92d3e241b51 0 1 {"key11753985868904": "value-1"}
2025-07-31 18:17:50,189 INFO  [io.api.tes.ser.api.KafkaSerdesTester] (Thread-624) topic-bd1f5a58_99f3_4f9d_8f0a_f92d3e241b51 0 2 {"key11753985868904": "value-2"}
2025-07-31 18:17:50,189 INFO  [io.api.tes.ser.api.KafkaSerdesTester] (Thread-624) topic-bd1f5a58_99f3_4f9d_8f0a_f92d3e241b51 0 3 {"key11753985868904": "value-3"}
2025-07-31 18:17:50,189 INFO  [io.api.tes.ser.api.KafkaSerdesTester] (Thread-624) topic-bd1f5a58_99f3_4f9d_8f0a_f92d3e241b51 0 4 {"key11753985868904": "value-4"}
2025-07-31 18:17:50,189 INFO  [io.api.tes.ser.api.KafkaSerdesTester] (Thread-624) topic-bd1f5a58_99f3_4f9d_8f0a_f92d3e241b51 0 5 {"key11753985868904": "value-5"}
2025-07-31 18:17:50,189 INFO  [io.api.tes.ser.api.KafkaSerdesTester] (Thread-624) topic-bd1f5a58_99f3_4f9d_8f0a_f92d3e241b51 0 6 {"key11753985868904": "value-6"}
2025-07-31 18:17:50,189 INFO  [io.api.tes.ser.api.KafkaSerdesTester] (Thread-624) topic-bd1f5a58_99f3_4f9d_8f0a_f92d3e241b51 0 7 {"key11753985868904": "value-7"}
2025-07-31 18:17:50,189 INFO  [io.api.tes.ser.api.KafkaSerdesTester] (Thread-624) topic-bd1f5a58_99f3_4f9d_8f0a_f92d3e241b51 0 8 {"key11753985868904": "value-8"}
2025-07-31 18:17:50,189 INFO  [io.api.tes.ser.api.KafkaSerdesTester] (Thread-624) topic-bd1f5a58_99f3_4f9d_8f0a_f92d3e241b51 0 9 {"key11753985868904": "value-9"}
2025-07-31 18:17:50,189 INFO  [io.api.tes.ser.api.KafkaSerdesTester] (Thread-624) Consumed 10 messages
2025-07-31 18:17:50,193 INFO  [org.apa.kaf.cli.con.int.ConsumerRebalanceListenerInvoker] (Thread-624) [Consumer clientId=consumer-Consumer-topic-bd1f5a58_99f3_4f9d_8f0a_f92d3e241b51-5, groupId=Consumer-topic-bd1f5a58_99f3_4f9d_8f0a_f92d3e241b51] Revoke previously assigned partitions topic-bd1f5a58_99f3_4f9d_8f0a_f92d3e241b51-0
2025-07-31 18:17:50,193 INFO  [org.apa.kaf.cli.con.int.ConsumerCoordinator] (Thread-624) [Consumer clientId=consumer-Consumer-topic-bd1f5a58_99f3_4f9d_8f0a_f92d3e241b51-5, groupId=Consumer-topic-bd1f5a58_99f3_4f9d_8f0a_f92d3e241b51] Member consumer-Consumer-topic-bd1f5a58_99f3_4f9d_8f0a_f92d3e241b51-5-8e094654-d7a6-48b0-ab36-e14906fce64d sending LeaveGroup request to coordinator localhost:32770 (id: 2147483647 rack: null) due to the consumer is being closed
2025-07-31 18:17:50,195 INFO  [org.apa.kaf.cli.con.int.ConsumerCoordinator] (Thread-624) [Consumer clientId=consumer-Consumer-topic-bd1f5a58_99f3_4f9d_8f0a_f92d3e241b51-5, groupId=Consumer-topic-bd1f5a58_99f3_4f9d_8f0a_f92d3e241b51] Resetting generation and member id due to: consumer pro-actively leaving the group
2025-07-31 18:17:50,195 INFO  [org.apa.kaf.cli.con.int.ConsumerCoordinator] (Thread-624) [Consumer clientId=consumer-Consumer-topic-bd1f5a58_99f3_4f9d_8f0a_f92d3e241b51-5, groupId=Consumer-topic-bd1f5a58_99f3_4f9d_8f0a_f92d3e241b51] Request joining group due to: consumer pro-actively leaving the group
2025-07-31 18:17:50,692 INFO  [org.apa.kaf.com.met.Metrics] (Thread-624) Metrics scheduler closed
2025-07-31 18:17:50,692 INFO  [org.apa.kaf.com.met.Metrics] (Thread-624) Closing reporter org.apache.kafka.common.metrics.JmxReporter
2025-07-31 18:17:50,692 INFO  [org.apa.kaf.com.met.Metrics] (Thread-624) Closing reporter org.apache.kafka.common.telemetry.internals.ClientTelemetryReporter
2025-07-31 18:17:50,692 INFO  [org.apa.kaf.com.met.Metrics] (Thread-624) Metrics reporters closed
2025-07-31 18:17:50,695 INFO  [org.apa.kaf.com.uti.AppInfoParser] (Thread-624) App info kafka.consumer for consumer-Consumer-topic-bd1f5a58_99f3_4f9d_8f0a_f92d3e241b51-5 unregistered
2025-07-31 18:17:50,696 INFO  [io.api.tes.uti.TestSeparator] (main) io.apicurio.tests.serdes.apicurio.AvroSerdeIT.testRecordIdStrategydFindLatest-FINISHED
2025-07-31 18:17:50,696 INFO  [io.api.tes.uti.TestSeparator] (main) ############################################################################
Test passed: testRecordIdStrategydFindLatest
]]></system-out>
  </testcase>
  <testcase name="testReflectAutoRegister" classname="io.apicurio.tests.serdes.apicurio.AvroSerdeIT" time="0.938">
    <system-out><![CDATA[2025-07-31 18:17:50,701 INFO  [io.api.tes.uti.TestSeparator] (main) ############################################################################
2025-07-31 18:17:50,702 INFO  [io.api.tes.uti.TestSeparator] (main) io.apicurio.tests.serdes.apicurio.AvroSerdeIT.testReflectAutoRegister-STARTED
**** Registry Base URL: http://registry-app-kafkasql.apps.ci419.apicurio-testing.org:80
2025-07-31 18:17:50,707 INFO  [org.apa.kaf.cli.pro.ProducerConfig] (main) ProducerConfig values: 
	acks = -1
	auto.include.jmx.reporter = true
	batch.size = 16384
	bootstrap.servers = [PLAINTEXT://localhost:32770]
	buffer.memory = 33554432
	client.dns.lookup = use_all_dns_ips
	client.id = Producer-topic-66357fdf_25a7_4094_b039_a4244c7fb4da
	compression.gzip.level = -1
	compression.lz4.level = 9
	compression.type = none
	compression.zstd.level = 3
	connections.max.idle.ms = 10000
	delivery.timeout.ms = 120000
	enable.idempotence = true
	enable.metrics.push = true
	interceptor.classes = []
	key.serializer = class org.apache.kafka.common.serialization.StringSerializer
	linger.ms = 0
	max.block.ms = 60000
	max.in.flight.requests.per.connection = 5
	max.request.size = 1048576
	metadata.max.age.ms = 300000
	metadata.max.idle.ms = 300000
	metadata.recovery.strategy = none
	metric.reporters = []
	metrics.num.samples = 2
	metrics.recording.level = INFO
	metrics.sample.window.ms = 30000
	partitioner.adaptive.partitioning.enable = true
	partitioner.availability.timeout.ms = 0
	partitioner.class = null
	partitioner.ignore.keys = false
	receive.buffer.bytes = 32768
	reconnect.backoff.max.ms = 1000
	reconnect.backoff.ms = 50
	request.timeout.ms = 5000
	retries = 2147483647
	retry.backoff.max.ms = 1000
	retry.backoff.ms = 100
	sasl.client.callback.handler.class = null
	sasl.jaas.config = null
	sasl.kerberos.kinit.cmd = /usr/bin/kinit
	sasl.kerberos.min.time.before.relogin = 60000
	sasl.kerberos.service.name = null
	sasl.kerberos.ticket.renew.jitter = 0.05
	sasl.kerberos.ticket.renew.window.factor = 0.8
	sasl.login.callback.handler.class = null
	sasl.login.class = null
	sasl.login.connect.timeout.ms = null
	sasl.login.read.timeout.ms = null
	sasl.login.refresh.buffer.seconds = 300
	sasl.login.refresh.min.period.seconds = 60
	sasl.login.refresh.window.factor = 0.8
	sasl.login.refresh.window.jitter = 0.05
	sasl.login.retry.backoff.max.ms = 10000
	sasl.login.retry.backoff.ms = 100
	sasl.mechanism = GSSAPI
	sasl.oauthbearer.clock.skew.seconds = 30
	sasl.oauthbearer.expected.audience = null
	sasl.oauthbearer.expected.issuer = null
	sasl.oauthbearer.header.urlencode = false
	sasl.oauthbearer.jwks.endpoint.refresh.ms = 3600000
	sasl.oauthbearer.jwks.endpoint.retry.backoff.max.ms = 10000
	sasl.oauthbearer.jwks.endpoint.retry.backoff.ms = 100
	sasl.oauthbearer.jwks.endpoint.url = null
	sasl.oauthbearer.scope.claim.name = scope
	sasl.oauthbearer.sub.claim.name = sub
	sasl.oauthbearer.token.endpoint.url = null
	security.protocol = PLAINTEXT
	security.providers = null
	send.buffer.bytes = 131072
	socket.connection.setup.timeout.max.ms = 30000
	socket.connection.setup.timeout.ms = 10000
	ssl.cipher.suites = null
	ssl.enabled.protocols = [TLSv1.2, TLSv1.3]
	ssl.endpoint.identification.algorithm = https
	ssl.engine.factory.class = null
	ssl.key.password = null
	ssl.keymanager.algorithm = SunX509
	ssl.keystore.certificate.chain = null
	ssl.keystore.key = null
	ssl.keystore.location = null
	ssl.keystore.password = null
	ssl.keystore.type = JKS
	ssl.protocol = TLSv1.3
	ssl.provider = null
	ssl.secure.random.implementation = null
	ssl.trustmanager.algorithm = PKIX
	ssl.truststore.certificates = null
	ssl.truststore.location = null
	ssl.truststore.password = null
	ssl.truststore.type = JKS
	transaction.timeout.ms = 60000
	transactional.id = null
	value.serializer = class io.apicurio.registry.serde.avro.AvroKafkaSerializer

2025-07-31 18:17:50,709 INFO  [org.apa.kaf.com.tel.int.KafkaMetricsCollector] (main) initializing Kafka metrics collector
2025-07-31 18:17:50,751 INFO  [org.apa.kaf.cli.pro.KafkaProducer] (main) [Producer clientId=Producer-topic-66357fdf_25a7_4094_b039_a4244c7fb4da] Instantiated an idempotent producer.
2025-07-31 18:17:50,756 INFO  [org.apa.kaf.cli.pro.ProducerConfig] (main) These configurations '[apicurio.registry.url, apicurio.registry.auto-register, apicurio.registry.artifact-resolver-strategy, apicurio.registry.avro-datum-provider]' were supplied but are not used yet.
2025-07-31 18:17:50,756 INFO  [org.apa.kaf.com.uti.AppInfoParser] (main) Kafka version: 3.9.1
2025-07-31 18:17:50,756 INFO  [org.apa.kaf.com.uti.AppInfoParser] (main) Kafka commitId: f745dfdcee2b9851
2025-07-31 18:17:50,756 INFO  [org.apa.kaf.com.uti.AppInfoParser] (main) Kafka startTimeMs: 1753985870756
2025-07-31 18:17:50,758 INFO  [io.api.tes.ser.api.SimpleSerdesTesterBuilder$SimpleSerdesTester] (main) Using producer configuration: {apicurio.registry.url=http://registry-app-kafkasql.apps.ci419.apicurio-testing.org:80/apis/registry/v3, apicurio.registry.auto-register=true, apicurio.registry.artifact-resolver-strategy=io.apicurio.registry.serde.strategy.TopicIdStrategy, value.serializer=io.apicurio.registry.serde.avro.AvroKafkaSerializer, request.timeout.ms=5000, acks=all, bootstrap.servers=PLAINTEXT://localhost:32770, connections.max.idle.ms=10000, key.serializer=org.apache.kafka.common.serialization.StringSerializer, apicurio.registry.avro-datum-provider=io.apicurio.registry.serde.avro.ReflectAvroDatumProvider, client.id=Producer-topic-66357fdf_25a7_4094_b039_a4244c7fb4da}
2025-07-31 18:17:50,758 INFO  [io.api.tes.ser.api.SimpleSerdesTesterBuilder$SimpleSerdesTester] (main) Using consumer configuration: {apicurio.registry.avro-datum-provider=io.apicurio.registry.serde.avro.ReflectAvroDatumProvider}
2025-07-31 18:17:50,759 INFO  [io.api.tes.ser.api.KafkaSerdesTester] (Thread-627) Sending message io.apicurio.tests.common.serdes.TestObject@3dbd29cb to topic topic-66357fdf_25a7_4094_b039_a4244c7fb4da
2025-07-31 18:17:50,774 WARN  [org.apa.kaf.cli.NetworkClient] (kafka-producer-network-thread | Producer-topic-66357fdf_25a7_4094_b039_a4244c7fb4da) [Producer clientId=Producer-topic-66357fdf_25a7_4094_b039_a4244c7fb4da] The metadata response from the cluster reported a recoverable issue with correlation id 2 : {topic-66357fdf_25a7_4094_b039_a4244c7fb4da=LEADER_NOT_AVAILABLE}
2025-07-31 18:17:50,775 INFO  [org.apa.kaf.cli.Metadata] (kafka-producer-network-thread | Producer-topic-66357fdf_25a7_4094_b039_a4244c7fb4da) [Producer clientId=Producer-topic-66357fdf_25a7_4094_b039_a4244c7fb4da] Cluster ID: MOk99p_ARaW4Dib0x4tLFg
2025-07-31 18:17:50,775 INFO  [org.apa.kaf.cli.pro.int.TransactionManager] (kafka-producer-network-thread | Producer-topic-66357fdf_25a7_4094_b039_a4244c7fb4da) [Producer clientId=Producer-topic-66357fdf_25a7_4094_b039_a4244c7fb4da] ProducerId set to 6 with epoch 0
2025-07-31 18:17:50,973 INFO  [io.api.tes.ser.api.KafkaSerdesTester] (Thread-627) Sending message io.apicurio.tests.common.serdes.TestObject@3dbd29cb to topic topic-66357fdf_25a7_4094_b039_a4244c7fb4da
2025-07-31 18:17:50,976 INFO  [io.api.tes.ser.api.KafkaSerdesTester] (Thread-627) Sending message io.apicurio.tests.common.serdes.TestObject@3dbd29cb to topic topic-66357fdf_25a7_4094_b039_a4244c7fb4da
2025-07-31 18:17:50,978 INFO  [io.api.tes.ser.api.KafkaSerdesTester] (Thread-627) Sending message io.apicurio.tests.common.serdes.TestObject@3dbd29cb to topic topic-66357fdf_25a7_4094_b039_a4244c7fb4da
2025-07-31 18:17:50,982 INFO  [io.api.tes.ser.api.KafkaSerdesTester] (Thread-627) Sending message io.apicurio.tests.common.serdes.TestObject@3dbd29cb to topic topic-66357fdf_25a7_4094_b039_a4244c7fb4da
2025-07-31 18:17:50,985 INFO  [io.api.tes.ser.api.KafkaSerdesTester] (Thread-627) Sending message io.apicurio.tests.common.serdes.TestObject@3dbd29cb to topic topic-66357fdf_25a7_4094_b039_a4244c7fb4da
2025-07-31 18:17:50,988 INFO  [io.api.tes.ser.api.KafkaSerdesTester] (Thread-627) Sending message io.apicurio.tests.common.serdes.TestObject@3dbd29cb to topic topic-66357fdf_25a7_4094_b039_a4244c7fb4da
2025-07-31 18:17:50,991 INFO  [io.api.tes.ser.api.KafkaSerdesTester] (Thread-627) Sending message io.apicurio.tests.common.serdes.TestObject@3dbd29cb to topic topic-66357fdf_25a7_4094_b039_a4244c7fb4da
2025-07-31 18:17:50,996 INFO  [io.api.tes.ser.api.KafkaSerdesTester] (Thread-627) Sending message io.apicurio.tests.common.serdes.TestObject@3dbd29cb to topic topic-66357fdf_25a7_4094_b039_a4244c7fb4da
2025-07-31 18:17:50,998 INFO  [io.api.tes.ser.api.KafkaSerdesTester] (Thread-627) Sending message io.apicurio.tests.common.serdes.TestObject@3dbd29cb to topic topic-66357fdf_25a7_4094_b039_a4244c7fb4da
2025-07-31 18:17:51,000 INFO  [io.api.tes.ser.api.KafkaSerdesTester] (Thread-627) Produced 10 messages
2025-07-31 18:17:51,001 INFO  [org.apa.kaf.cli.pro.KafkaProducer] (Thread-627) [Producer clientId=Producer-topic-66357fdf_25a7_4094_b039_a4244c7fb4da] Closing the Kafka producer with timeoutMillis = 9223372036854775807 ms.
2025-07-31 18:17:51,003 INFO  [org.apa.kaf.com.met.Metrics] (Thread-627) Metrics scheduler closed
2025-07-31 18:17:51,003 INFO  [org.apa.kaf.com.met.Metrics] (Thread-627) Closing reporter org.apache.kafka.common.metrics.JmxReporter
2025-07-31 18:17:51,003 INFO  [org.apa.kaf.com.met.Metrics] (Thread-627) Closing reporter org.apache.kafka.common.telemetry.internals.ClientTelemetryReporter
2025-07-31 18:17:51,003 INFO  [org.apa.kaf.com.met.Metrics] (Thread-627) Metrics reporters closed
2025-07-31 18:17:51,004 INFO  [org.apa.kaf.com.uti.AppInfoParser] (Thread-627) App info kafka.producer for Producer-topic-66357fdf_25a7_4094_b039_a4244c7fb4da unregistered
**** Registry Base URL: http://registry-app-kafkasql.apps.ci419.apicurio-testing.org:80
2025-07-31 18:17:51,033 INFO  [org.apa.kaf.cli.con.ConsumerConfig] (main) ConsumerConfig values: 
	allow.auto.create.topics = true
	auto.commit.interval.ms = 500
	auto.include.jmx.reporter = true
	auto.offset.reset = earliest
	bootstrap.servers = [PLAINTEXT://localhost:32770]
	check.crcs = true
	client.dns.lookup = use_all_dns_ips
	client.id = consumer-Consumer-topic-66357fdf_25a7_4094_b039_a4244c7fb4da-6
	client.rack = 
	connections.max.idle.ms = 10000
	default.api.timeout.ms = 60000
	enable.auto.commit = true
	enable.metrics.push = true
	exclude.internal.topics = true
	fetch.max.bytes = 52428800
	fetch.max.wait.ms = 500
	fetch.min.bytes = 1
	group.id = Consumer-topic-66357fdf_25a7_4094_b039_a4244c7fb4da
	group.instance.id = null
	group.protocol = classic
	group.remote.assignor = null
	heartbeat.interval.ms = 3000
	interceptor.classes = []
	internal.leave.group.on.close = true
	internal.throw.on.fetch.stable.offset.unsupported = false
	isolation.level = read_uncommitted
	key.deserializer = class org.apache.kafka.common.serialization.StringDeserializer
	max.partition.fetch.bytes = 1048576
	max.poll.interval.ms = 300000
	max.poll.records = 500
	metadata.max.age.ms = 300000
	metadata.recovery.strategy = none
	metric.reporters = []
	metrics.num.samples = 2
	metrics.recording.level = INFO
	metrics.sample.window.ms = 30000
	partition.assignment.strategy = [class org.apache.kafka.clients.consumer.RangeAssignor, class org.apache.kafka.clients.consumer.CooperativeStickyAssignor]
	receive.buffer.bytes = 65536
	reconnect.backoff.max.ms = 1000
	reconnect.backoff.ms = 50
	request.timeout.ms = 5000
	retry.backoff.max.ms = 1000
	retry.backoff.ms = 100
	sasl.client.callback.handler.class = null
	sasl.jaas.config = null
	sasl.kerberos.kinit.cmd = /usr/bin/kinit
	sasl.kerberos.min.time.before.relogin = 60000
	sasl.kerberos.service.name = null
	sasl.kerberos.ticket.renew.jitter = 0.05
	sasl.kerberos.ticket.renew.window.factor = 0.8
	sasl.login.callback.handler.class = null
	sasl.login.class = null
	sasl.login.connect.timeout.ms = null
	sasl.login.read.timeout.ms = null
	sasl.login.refresh.buffer.seconds = 300
	sasl.login.refresh.min.period.seconds = 60
	sasl.login.refresh.window.factor = 0.8
	sasl.login.refresh.window.jitter = 0.05
	sasl.login.retry.backoff.max.ms = 10000
	sasl.login.retry.backoff.ms = 100
	sasl.mechanism = GSSAPI
	sasl.oauthbearer.clock.skew.seconds = 30
	sasl.oauthbearer.expected.audience = null
	sasl.oauthbearer.expected.issuer = null
	sasl.oauthbearer.header.urlencode = false
	sasl.oauthbearer.jwks.endpoint.refresh.ms = 3600000
	sasl.oauthbearer.jwks.endpoint.retry.backoff.max.ms = 10000
	sasl.oauthbearer.jwks.endpoint.retry.backoff.ms = 100
	sasl.oauthbearer.jwks.endpoint.url = null
	sasl.oauthbearer.scope.claim.name = scope
	sasl.oauthbearer.sub.claim.name = sub
	sasl.oauthbearer.token.endpoint.url = null
	security.protocol = PLAINTEXT
	security.providers = null
	send.buffer.bytes = 131072
	session.timeout.ms = 45000
	socket.connection.setup.timeout.max.ms = 30000
	socket.connection.setup.timeout.ms = 10000
	ssl.cipher.suites = null
	ssl.enabled.protocols = [TLSv1.2, TLSv1.3]
	ssl.endpoint.identification.algorithm = https
	ssl.engine.factory.class = null
	ssl.key.password = null
	ssl.keymanager.algorithm = SunX509
	ssl.keystore.certificate.chain = null
	ssl.keystore.key = null
	ssl.keystore.location = null
	ssl.keystore.password = null
	ssl.keystore.type = JKS
	ssl.protocol = TLSv1.3
	ssl.provider = null
	ssl.secure.random.implementation = null
	ssl.trustmanager.algorithm = PKIX
	ssl.truststore.certificates = null
	ssl.truststore.location = null
	ssl.truststore.password = null
	ssl.truststore.type = JKS
	value.deserializer = class io.apicurio.registry.serde.avro.AvroKafkaDeserializer

2025-07-31 18:17:51,033 INFO  [org.apa.kaf.com.tel.int.KafkaMetricsCollector] (main) initializing Kafka metrics collector
2025-07-31 18:17:51,041 INFO  [org.apa.kaf.cli.con.ConsumerConfig] (main) These configurations '[apicurio.registry.url, apicurio.registry.avro-datum-provider]' were supplied but are not used yet.
2025-07-31 18:17:51,041 INFO  [org.apa.kaf.com.uti.AppInfoParser] (main) Kafka version: 3.9.1
2025-07-31 18:17:51,041 INFO  [org.apa.kaf.com.uti.AppInfoParser] (main) Kafka commitId: f745dfdcee2b9851
2025-07-31 18:17:51,041 INFO  [org.apa.kaf.com.uti.AppInfoParser] (main) Kafka startTimeMs: 1753985871041
2025-07-31 18:17:51,042 INFO  [org.apa.kaf.cli.con.int.ClassicKafkaConsumer] (Thread-630) [Consumer clientId=consumer-Consumer-topic-66357fdf_25a7_4094_b039_a4244c7fb4da-6, groupId=Consumer-topic-66357fdf_25a7_4094_b039_a4244c7fb4da] Subscribed to topic(s): topic-66357fdf_25a7_4094_b039_a4244c7fb4da
2025-07-31 18:17:51,049 INFO  [org.apa.kaf.cli.Metadata] (Thread-630) [Consumer clientId=consumer-Consumer-topic-66357fdf_25a7_4094_b039_a4244c7fb4da-6, groupId=Consumer-topic-66357fdf_25a7_4094_b039_a4244c7fb4da] Cluster ID: MOk99p_ARaW4Dib0x4tLFg
2025-07-31 18:17:51,051 INFO  [org.apa.kaf.cli.con.int.ConsumerCoordinator] (Thread-630) [Consumer clientId=consumer-Consumer-topic-66357fdf_25a7_4094_b039_a4244c7fb4da-6, groupId=Consumer-topic-66357fdf_25a7_4094_b039_a4244c7fb4da] Discovered group coordinator localhost:32770 (id: 2147483647 rack: null)
2025-07-31 18:17:51,053 INFO  [org.apa.kaf.cli.con.int.ConsumerCoordinator] (Thread-630) [Consumer clientId=consumer-Consumer-topic-66357fdf_25a7_4094_b039_a4244c7fb4da-6, groupId=Consumer-topic-66357fdf_25a7_4094_b039_a4244c7fb4da] (Re-)joining group
2025-07-31 18:17:51,059 INFO  [org.apa.kaf.cli.con.int.ConsumerCoordinator] (Thread-630) [Consumer clientId=consumer-Consumer-topic-66357fdf_25a7_4094_b039_a4244c7fb4da-6, groupId=Consumer-topic-66357fdf_25a7_4094_b039_a4244c7fb4da] Request joining group due to: need to re-join with the given member-id: consumer-Consumer-topic-66357fdf_25a7_4094_b039_a4244c7fb4da-6-58af82ed-b0e1-43a8-927a-f64316808772
2025-07-31 18:17:51,060 INFO  [org.apa.kaf.cli.con.int.ConsumerCoordinator] (Thread-630) [Consumer clientId=consumer-Consumer-topic-66357fdf_25a7_4094_b039_a4244c7fb4da-6, groupId=Consumer-topic-66357fdf_25a7_4094_b039_a4244c7fb4da] (Re-)joining group
2025-07-31 18:17:51,065 INFO  [org.apa.kaf.cli.con.int.ConsumerCoordinator] (Thread-630) [Consumer clientId=consumer-Consumer-topic-66357fdf_25a7_4094_b039_a4244c7fb4da-6, groupId=Consumer-topic-66357fdf_25a7_4094_b039_a4244c7fb4da] Successfully joined group with generation Generation{generationId=1, memberId='consumer-Consumer-topic-66357fdf_25a7_4094_b039_a4244c7fb4da-6-58af82ed-b0e1-43a8-927a-f64316808772', protocol='range'}
2025-07-31 18:17:51,065 INFO  [org.apa.kaf.cli.con.int.ConsumerCoordinator] (Thread-630) [Consumer clientId=consumer-Consumer-topic-66357fdf_25a7_4094_b039_a4244c7fb4da-6, groupId=Consumer-topic-66357fdf_25a7_4094_b039_a4244c7fb4da] Finished assignment for group at generation 1: {consumer-Consumer-topic-66357fdf_25a7_4094_b039_a4244c7fb4da-6-58af82ed-b0e1-43a8-927a-f64316808772=Assignment(partitions=[topic-66357fdf_25a7_4094_b039_a4244c7fb4da-0])}
2025-07-31 18:17:51,072 INFO  [org.apa.kaf.cli.con.int.ConsumerCoordinator] (Thread-630) [Consumer clientId=consumer-Consumer-topic-66357fdf_25a7_4094_b039_a4244c7fb4da-6, groupId=Consumer-topic-66357fdf_25a7_4094_b039_a4244c7fb4da] Successfully synced group in generation Generation{generationId=1, memberId='consumer-Consumer-topic-66357fdf_25a7_4094_b039_a4244c7fb4da-6-58af82ed-b0e1-43a8-927a-f64316808772', protocol='range'}
2025-07-31 18:17:51,072 INFO  [org.apa.kaf.cli.con.int.ConsumerCoordinator] (Thread-630) [Consumer clientId=consumer-Consumer-topic-66357fdf_25a7_4094_b039_a4244c7fb4da-6, groupId=Consumer-topic-66357fdf_25a7_4094_b039_a4244c7fb4da] Notifying assignor about the new Assignment(partitions=[topic-66357fdf_25a7_4094_b039_a4244c7fb4da-0])
2025-07-31 18:17:51,072 INFO  [org.apa.kaf.cli.con.int.ConsumerRebalanceListenerInvoker] (Thread-630) [Consumer clientId=consumer-Consumer-topic-66357fdf_25a7_4094_b039_a4244c7fb4da-6, groupId=Consumer-topic-66357fdf_25a7_4094_b039_a4244c7fb4da] Adding newly assigned partitions: topic-66357fdf_25a7_4094_b039_a4244c7fb4da-0
2025-07-31 18:17:51,075 INFO  [org.apa.kaf.cli.con.int.ConsumerCoordinator] (Thread-630) [Consumer clientId=consumer-Consumer-topic-66357fdf_25a7_4094_b039_a4244c7fb4da-6, groupId=Consumer-topic-66357fdf_25a7_4094_b039_a4244c7fb4da] Found no committed offset for partition topic-66357fdf_25a7_4094_b039_a4244c7fb4da-0
2025-07-31 18:17:51,081 INFO  [org.apa.kaf.cli.con.int.SubscriptionState] (Thread-630) [Consumer clientId=consumer-Consumer-topic-66357fdf_25a7_4094_b039_a4244c7fb4da-6, groupId=Consumer-topic-66357fdf_25a7_4094_b039_a4244c7fb4da] Resetting offset for partition topic-66357fdf_25a7_4094_b039_a4244c7fb4da-0 to position FetchPosition{offset=0, offsetEpoch=Optional.empty, currentLeader=LeaderAndEpoch{leader=Optional[localhost:32770 (id: 0 rack: null)], epoch=0}}.
2025-07-31 18:17:51,125 INFO  [io.api.tes.ser.api.KafkaSerdesTester] (Thread-630) topic-66357fdf_25a7_4094_b039_a4244c7fb4da 0 0 io.apicurio.tests.common.serdes.TestObject@3dbd29cb
2025-07-31 18:17:51,125 INFO  [io.api.tes.ser.api.KafkaSerdesTester] (Thread-630) topic-66357fdf_25a7_4094_b039_a4244c7fb4da 0 1 io.apicurio.tests.common.serdes.TestObject@3dbd29cb
2025-07-31 18:17:51,125 INFO  [io.api.tes.ser.api.KafkaSerdesTester] (Thread-630) topic-66357fdf_25a7_4094_b039_a4244c7fb4da 0 2 io.apicurio.tests.common.serdes.TestObject@3dbd29cb
2025-07-31 18:17:51,125 INFO  [io.api.tes.ser.api.KafkaSerdesTester] (Thread-630) topic-66357fdf_25a7_4094_b039_a4244c7fb4da 0 3 io.apicurio.tests.common.serdes.TestObject@3dbd29cb
2025-07-31 18:17:51,125 INFO  [io.api.tes.ser.api.KafkaSerdesTester] (Thread-630) topic-66357fdf_25a7_4094_b039_a4244c7fb4da 0 4 io.apicurio.tests.common.serdes.TestObject@3dbd29cb
2025-07-31 18:17:51,125 INFO  [io.api.tes.ser.api.KafkaSerdesTester] (Thread-630) topic-66357fdf_25a7_4094_b039_a4244c7fb4da 0 5 io.apicurio.tests.common.serdes.TestObject@3dbd29cb
2025-07-31 18:17:51,126 INFO  [io.api.tes.ser.api.KafkaSerdesTester] (Thread-630) topic-66357fdf_25a7_4094_b039_a4244c7fb4da 0 6 io.apicurio.tests.common.serdes.TestObject@3dbd29cb
2025-07-31 18:17:51,126 INFO  [io.api.tes.ser.api.KafkaSerdesTester] (Thread-630) topic-66357fdf_25a7_4094_b039_a4244c7fb4da 0 7 io.apicurio.tests.common.serdes.TestObject@3dbd29cb
2025-07-31 18:17:51,126 INFO  [io.api.tes.ser.api.KafkaSerdesTester] (Thread-630) topic-66357fdf_25a7_4094_b039_a4244c7fb4da 0 8 io.apicurio.tests.common.serdes.TestObject@3dbd29cb
2025-07-31 18:17:51,126 INFO  [io.api.tes.ser.api.KafkaSerdesTester] (Thread-630) topic-66357fdf_25a7_4094_b039_a4244c7fb4da 0 9 io.apicurio.tests.common.serdes.TestObject@3dbd29cb
2025-07-31 18:17:51,126 INFO  [io.api.tes.ser.api.KafkaSerdesTester] (Thread-630) Consumed 10 messages
2025-07-31 18:17:51,135 INFO  [org.apa.kaf.cli.con.int.ConsumerRebalanceListenerInvoker] (Thread-630) [Consumer clientId=consumer-Consumer-topic-66357fdf_25a7_4094_b039_a4244c7fb4da-6, groupId=Consumer-topic-66357fdf_25a7_4094_b039_a4244c7fb4da] Revoke previously assigned partitions topic-66357fdf_25a7_4094_b039_a4244c7fb4da-0
2025-07-31 18:17:51,135 INFO  [org.apa.kaf.cli.con.int.ConsumerCoordinator] (Thread-630) [Consumer clientId=consumer-Consumer-topic-66357fdf_25a7_4094_b039_a4244c7fb4da-6, groupId=Consumer-topic-66357fdf_25a7_4094_b039_a4244c7fb4da] Member consumer-Consumer-topic-66357fdf_25a7_4094_b039_a4244c7fb4da-6-58af82ed-b0e1-43a8-927a-f64316808772 sending LeaveGroup request to coordinator localhost:32770 (id: 2147483647 rack: null) due to the consumer is being closed
2025-07-31 18:17:51,136 INFO  [org.apa.kaf.cli.con.int.ConsumerCoordinator] (Thread-630) [Consumer clientId=consumer-Consumer-topic-66357fdf_25a7_4094_b039_a4244c7fb4da-6, groupId=Consumer-topic-66357fdf_25a7_4094_b039_a4244c7fb4da] Resetting generation and member id due to: consumer pro-actively leaving the group
2025-07-31 18:17:51,136 INFO  [org.apa.kaf.cli.con.int.ConsumerCoordinator] (Thread-630) [Consumer clientId=consumer-Consumer-topic-66357fdf_25a7_4094_b039_a4244c7fb4da-6, groupId=Consumer-topic-66357fdf_25a7_4094_b039_a4244c7fb4da] Request joining group due to: consumer pro-actively leaving the group
2025-07-31 18:17:51,628 INFO  [org.apa.kaf.com.met.Metrics] (Thread-630) Metrics scheduler closed
2025-07-31 18:17:51,629 INFO  [org.apa.kaf.com.met.Metrics] (Thread-630) Closing reporter org.apache.kafka.common.metrics.JmxReporter
2025-07-31 18:17:51,629 INFO  [org.apa.kaf.com.met.Metrics] (Thread-630) Closing reporter org.apache.kafka.common.telemetry.internals.ClientTelemetryReporter
2025-07-31 18:17:51,629 INFO  [org.apa.kaf.com.met.Metrics] (Thread-630) Metrics reporters closed
2025-07-31 18:17:51,633 INFO  [org.apa.kaf.com.uti.AppInfoParser] (Thread-630) App info kafka.consumer for consumer-Consumer-topic-66357fdf_25a7_4094_b039_a4244c7fb4da-6 unregistered
2025-07-31 18:17:51,634 INFO  [io.api.tes.uti.TestSeparator] (main) io.apicurio.tests.serdes.apicurio.AvroSerdeIT.testReflectAutoRegister-FINISHED
2025-07-31 18:17:51,634 INFO  [io.api.tes.uti.TestSeparator] (main) ############################################################################
Test passed: testReflectAutoRegister
]]></system-out>
  </testcase>
  <testcase name="testArtifactNotFound" classname="io.apicurio.tests.serdes.apicurio.AvroSerdeIT" time="0.212">
    <system-out><![CDATA[2025-07-31 18:17:51,636 INFO  [io.api.tes.uti.TestSeparator] (main) ############################################################################
2025-07-31 18:17:51,636 INFO  [io.api.tes.uti.TestSeparator] (main) io.apicurio.tests.serdes.apicurio.AvroSerdeIT.testArtifactNotFound-STARTED
**** Registry Base URL: http://registry-app-kafkasql.apps.ci419.apicurio-testing.org:80
2025-07-31 18:17:51,640 INFO  [org.apa.kaf.cli.pro.ProducerConfig] (main) ProducerConfig values: 
	acks = -1
	auto.include.jmx.reporter = true
	batch.size = 16384
	bootstrap.servers = [PLAINTEXT://localhost:32770]
	buffer.memory = 33554432
	client.dns.lookup = use_all_dns_ips
	client.id = Producer-sabb9196bx5d69x4b99xab7bx998d1c7ed800
	compression.gzip.level = -1
	compression.lz4.level = 9
	compression.type = none
	compression.zstd.level = 3
	connections.max.idle.ms = 10000
	delivery.timeout.ms = 120000
	enable.idempotence = true
	enable.metrics.push = true
	interceptor.classes = []
	key.serializer = class org.apache.kafka.common.serialization.StringSerializer
	linger.ms = 0
	max.block.ms = 60000
	max.in.flight.requests.per.connection = 5
	max.request.size = 1048576
	metadata.max.age.ms = 300000
	metadata.max.idle.ms = 300000
	metadata.recovery.strategy = none
	metric.reporters = []
	metrics.num.samples = 2
	metrics.recording.level = INFO
	metrics.sample.window.ms = 30000
	partitioner.adaptive.partitioning.enable = true
	partitioner.availability.timeout.ms = 0
	partitioner.class = null
	partitioner.ignore.keys = false
	receive.buffer.bytes = 32768
	reconnect.backoff.max.ms = 1000
	reconnect.backoff.ms = 50
	request.timeout.ms = 5000
	retries = 2147483647
	retry.backoff.max.ms = 1000
	retry.backoff.ms = 100
	sasl.client.callback.handler.class = null
	sasl.jaas.config = null
	sasl.kerberos.kinit.cmd = /usr/bin/kinit
	sasl.kerberos.min.time.before.relogin = 60000
	sasl.kerberos.service.name = null
	sasl.kerberos.ticket.renew.jitter = 0.05
	sasl.kerberos.ticket.renew.window.factor = 0.8
	sasl.login.callback.handler.class = null
	sasl.login.class = null
	sasl.login.connect.timeout.ms = null
	sasl.login.read.timeout.ms = null
	sasl.login.refresh.buffer.seconds = 300
	sasl.login.refresh.min.period.seconds = 60
	sasl.login.refresh.window.factor = 0.8
	sasl.login.refresh.window.jitter = 0.05
	sasl.login.retry.backoff.max.ms = 10000
	sasl.login.retry.backoff.ms = 100
	sasl.mechanism = GSSAPI
	sasl.oauthbearer.clock.skew.seconds = 30
	sasl.oauthbearer.expected.audience = null
	sasl.oauthbearer.expected.issuer = null
	sasl.oauthbearer.header.urlencode = false
	sasl.oauthbearer.jwks.endpoint.refresh.ms = 3600000
	sasl.oauthbearer.jwks.endpoint.retry.backoff.max.ms = 10000
	sasl.oauthbearer.jwks.endpoint.retry.backoff.ms = 100
	sasl.oauthbearer.jwks.endpoint.url = null
	sasl.oauthbearer.scope.claim.name = scope
	sasl.oauthbearer.sub.claim.name = sub
	sasl.oauthbearer.token.endpoint.url = null
	security.protocol = PLAINTEXT
	security.providers = null
	send.buffer.bytes = 131072
	socket.connection.setup.timeout.max.ms = 30000
	socket.connection.setup.timeout.ms = 10000
	ssl.cipher.suites = null
	ssl.enabled.protocols = [TLSv1.2, TLSv1.3]
	ssl.endpoint.identification.algorithm = https
	ssl.engine.factory.class = null
	ssl.key.password = null
	ssl.keymanager.algorithm = SunX509
	ssl.keystore.certificate.chain = null
	ssl.keystore.key = null
	ssl.keystore.location = null
	ssl.keystore.password = null
	ssl.keystore.type = JKS
	ssl.protocol = TLSv1.3
	ssl.provider = null
	ssl.secure.random.implementation = null
	ssl.trustmanager.algorithm = PKIX
	ssl.truststore.certificates = null
	ssl.truststore.location = null
	ssl.truststore.password = null
	ssl.truststore.type = JKS
	transaction.timeout.ms = 60000
	transactional.id = null
	value.serializer = class io.apicurio.registry.serde.avro.AvroKafkaSerializer

2025-07-31 18:17:51,640 INFO  [org.apa.kaf.com.tel.int.KafkaMetricsCollector] (main) initializing Kafka metrics collector
2025-07-31 18:17:51,645 INFO  [org.apa.kaf.cli.pro.KafkaProducer] (main) [Producer clientId=Producer-sabb9196bx5d69x4b99xab7bx998d1c7ed800] Instantiated an idempotent producer.
2025-07-31 18:17:51,649 INFO  [org.apa.kaf.cli.pro.ProducerConfig] (main) These configurations '[apicurio.registry.url, apicurio.registry.artifact-resolver-strategy]' were supplied but are not used yet.
2025-07-31 18:17:51,649 INFO  [org.apa.kaf.com.uti.AppInfoParser] (main) Kafka version: 3.9.1
2025-07-31 18:17:51,649 INFO  [org.apa.kaf.com.uti.AppInfoParser] (main) Kafka commitId: f745dfdcee2b9851
2025-07-31 18:17:51,649 INFO  [org.apa.kaf.com.uti.AppInfoParser] (main) Kafka startTimeMs: 1753985871649
2025-07-31 18:17:51,651 INFO  [io.api.tes.ser.api.KafkaSerdesTester] (Thread-633) Sending message {"keyB": "value-0"} to topic sabb9196bx5d69x4b99xab7bx998d1c7ed800
2025-07-31 18:17:51,664 WARN  [org.apa.kaf.cli.NetworkClient] (kafka-producer-network-thread | Producer-sabb9196bx5d69x4b99xab7bx998d1c7ed800) [Producer clientId=Producer-sabb9196bx5d69x4b99xab7bx998d1c7ed800] The metadata response from the cluster reported a recoverable issue with correlation id 2 : {sabb9196bx5d69x4b99xab7bx998d1c7ed800=LEADER_NOT_AVAILABLE}
2025-07-31 18:17:51,664 INFO  [org.apa.kaf.cli.Metadata] (kafka-producer-network-thread | Producer-sabb9196bx5d69x4b99xab7bx998d1c7ed800) [Producer clientId=Producer-sabb9196bx5d69x4b99xab7bx998d1c7ed800] Cluster ID: MOk99p_ARaW4Dib0x4tLFg
2025-07-31 18:17:51,666 INFO  [org.apa.kaf.cli.pro.int.TransactionManager] (kafka-producer-network-thread | Producer-sabb9196bx5d69x4b99xab7bx998d1c7ed800) [Producer clientId=Producer-sabb9196bx5d69x4b99xab7bx998d1c7ed800] ProducerId set to 7 with epoch 0
2025-07-31 18:17:51,785 INFO  [DefaultSchemaResolver] (Thread-633) Retrieving schema content using string: {"type":"record","name":"myrecord","namespace":"mygroup","fields":[{"name":"keyB","type":"string"}]}
2025-07-31 18:17:51,839 INFO  [org.apa.kaf.cli.pro.KafkaProducer] (Thread-633) [Producer clientId=Producer-sabb9196bx5d69x4b99xab7bx998d1c7ed800] Closing the Kafka producer with timeoutMillis = 9223372036854775807 ms.
2025-07-31 18:17:51,844 INFO  [org.apa.kaf.com.met.Metrics] (Thread-633) Metrics scheduler closed
2025-07-31 18:17:51,844 INFO  [org.apa.kaf.com.met.Metrics] (Thread-633) Closing reporter org.apache.kafka.common.metrics.JmxReporter
2025-07-31 18:17:51,844 INFO  [org.apa.kaf.com.met.Metrics] (Thread-633) Closing reporter org.apache.kafka.common.telemetry.internals.ClientTelemetryReporter
2025-07-31 18:17:51,844 INFO  [org.apa.kaf.com.met.Metrics] (Thread-633) Metrics reporters closed
2025-07-31 18:17:51,844 INFO  [org.apa.kaf.com.uti.AppInfoParser] (Thread-633) App info kafka.producer for Producer-sabb9196bx5d69x4b99xab7bx998d1c7ed800 unregistered
2025-07-31 18:17:51,846 INFO  [io.api.tes.uti.TestSeparator] (main) io.apicurio.tests.serdes.apicurio.AvroSerdeIT.testArtifactNotFound-FINISHED
2025-07-31 18:17:51,846 INFO  [io.api.tes.uti.TestSeparator] (main) ############################################################################
Test passed: testArtifactNotFound
]]></system-out>
    <system-err><![CDATA[java.lang.RuntimeException: Could not resolve artifact reference by content: {"type":"record","name":"myrecord","namespace":"mygroup","fields":[{"name":"keyB","type":"string"}]}&ArtifactReference [groupId=default, artifactId=sabb9196bx5d69x4b99xab7bx998d1c7ed800-value, version=null, globalId=null, contentId=null, contentHash=null]
	at io.apicurio.registry.resolver.DefaultSchemaResolver.lambda$handleResolveSchemaByContent$3(DefaultSchemaResolver.java:265)
	at io.apicurio.registry.resolver.cache.ERCache.lambda$getValue$0(ERCache.java:174)
	at io.apicurio.registry.resolver.cache.ERCache.retry(ERCache.java:227)
	at io.apicurio.registry.resolver.cache.ERCache.getValue(ERCache.java:173)
	at io.apicurio.registry.resolver.cache.ERCache.getByContent(ERCache.java:147)
	at io.apicurio.registry.resolver.DefaultSchemaResolver.handleResolveSchemaByContent(DefaultSchemaResolver.java:253)
	at io.apicurio.registry.resolver.DefaultSchemaResolver.getSchemaFromRegistry(DefaultSchemaResolver.java:138)
	at io.apicurio.registry.resolver.DefaultSchemaResolver.lambda$resolveSchema$0(DefaultSchemaResolver.java:84)
	at java.base/java.util.Optional.orElseGet(Optional.java:364)
	at io.apicurio.registry.resolver.DefaultSchemaResolver.resolveSchema(DefaultSchemaResolver.java:84)
	at io.apicurio.registry.serde.AbstractSerializer.serializeData(AbstractSerializer.java:62)
	at io.apicurio.registry.serde.KafkaSerializer.serialize(KafkaSerializer.java:77)
	at org.apache.kafka.clients.producer.KafkaProducer.doSend(KafkaProducer.java:1046)
	at org.apache.kafka.clients.producer.KafkaProducer.send(KafkaProducer.java:993)
	at org.apache.kafka.clients.producer.KafkaProducer.send(KafkaProducer.java:875)
	at io.apicurio.tests.serdes.apicurio.KafkaSerdesTester.lambda$produceMessages$3(KafkaSerdesTester.java:138)
	at java.base/java.util.concurrent.CompletableFuture$AsyncSupply.run(CompletableFuture.java:1768)
	at java.base/java.lang.Thread.run(Thread.java:840)
]]></system-err>
  </testcase>
  <testcase name="testAvroSerDesFailDifferentSchemaByRecordName" classname="io.apicurio.tests.serdes.apicurio.AvroSerdeIT" time="1.139">
    <system-out><![CDATA[2025-07-31 18:17:51,852 INFO  [io.api.tes.uti.TestSeparator] (main) ############################################################################
2025-07-31 18:17:51,852 INFO  [io.api.tes.uti.TestSeparator] (main) io.apicurio.tests.serdes.apicurio.AvroSerdeIT.testAvroSerDesFailDifferentSchemaByRecordName-STARTED
**** Registry Base URL: http://registry-app-kafkasql.apps.ci419.apicurio-testing.org:80
2025-07-31 18:17:52,932 INFO  [org.apa.kaf.cli.pro.ProducerConfig] (main) ProducerConfig values: 
	acks = -1
	auto.include.jmx.reporter = true
	batch.size = 16384
	bootstrap.servers = [PLAINTEXT://localhost:32770]
	buffer.memory = 33554432
	client.dns.lookup = use_all_dns_ips
	client.id = Producer-topic-538a11a3_e4fc_4228_8aa6_2e2f065ad273
	compression.gzip.level = -1
	compression.lz4.level = 9
	compression.type = none
	compression.zstd.level = 3
	connections.max.idle.ms = 10000
	delivery.timeout.ms = 120000
	enable.idempotence = true
	enable.metrics.push = true
	interceptor.classes = []
	key.serializer = class org.apache.kafka.common.serialization.StringSerializer
	linger.ms = 0
	max.block.ms = 60000
	max.in.flight.requests.per.connection = 5
	max.request.size = 1048576
	metadata.max.age.ms = 300000
	metadata.max.idle.ms = 300000
	metadata.recovery.strategy = none
	metric.reporters = []
	metrics.num.samples = 2
	metrics.recording.level = INFO
	metrics.sample.window.ms = 30000
	partitioner.adaptive.partitioning.enable = true
	partitioner.availability.timeout.ms = 0
	partitioner.class = null
	partitioner.ignore.keys = false
	receive.buffer.bytes = 32768
	reconnect.backoff.max.ms = 1000
	reconnect.backoff.ms = 50
	request.timeout.ms = 5000
	retries = 2147483647
	retry.backoff.max.ms = 1000
	retry.backoff.ms = 100
	sasl.client.callback.handler.class = null
	sasl.jaas.config = null
	sasl.kerberos.kinit.cmd = /usr/bin/kinit
	sasl.kerberos.min.time.before.relogin = 60000
	sasl.kerberos.service.name = null
	sasl.kerberos.ticket.renew.jitter = 0.05
	sasl.kerberos.ticket.renew.window.factor = 0.8
	sasl.login.callback.handler.class = null
	sasl.login.class = null
	sasl.login.connect.timeout.ms = null
	sasl.login.read.timeout.ms = null
	sasl.login.refresh.buffer.seconds = 300
	sasl.login.refresh.min.period.seconds = 60
	sasl.login.refresh.window.factor = 0.8
	sasl.login.refresh.window.jitter = 0.05
	sasl.login.retry.backoff.max.ms = 10000
	sasl.login.retry.backoff.ms = 100
	sasl.mechanism = GSSAPI
	sasl.oauthbearer.clock.skew.seconds = 30
	sasl.oauthbearer.expected.audience = null
	sasl.oauthbearer.expected.issuer = null
	sasl.oauthbearer.header.urlencode = false
	sasl.oauthbearer.jwks.endpoint.refresh.ms = 3600000
	sasl.oauthbearer.jwks.endpoint.retry.backoff.max.ms = 10000
	sasl.oauthbearer.jwks.endpoint.retry.backoff.ms = 100
	sasl.oauthbearer.jwks.endpoint.url = null
	sasl.oauthbearer.scope.claim.name = scope
	sasl.oauthbearer.sub.claim.name = sub
	sasl.oauthbearer.token.endpoint.url = null
	security.protocol = PLAINTEXT
	security.providers = null
	send.buffer.bytes = 131072
	socket.connection.setup.timeout.max.ms = 30000
	socket.connection.setup.timeout.ms = 10000
	ssl.cipher.suites = null
	ssl.enabled.protocols = [TLSv1.2, TLSv1.3]
	ssl.endpoint.identification.algorithm = https
	ssl.engine.factory.class = null
	ssl.key.password = null
	ssl.keymanager.algorithm = SunX509
	ssl.keystore.certificate.chain = null
	ssl.keystore.key = null
	ssl.keystore.location = null
	ssl.keystore.password = null
	ssl.keystore.type = JKS
	ssl.protocol = TLSv1.3
	ssl.provider = null
	ssl.secure.random.implementation = null
	ssl.trustmanager.algorithm = PKIX
	ssl.truststore.certificates = null
	ssl.truststore.location = null
	ssl.truststore.password = null
	ssl.truststore.type = JKS
	transaction.timeout.ms = 60000
	transactional.id = null
	value.serializer = class io.apicurio.registry.serde.avro.AvroKafkaSerializer

2025-07-31 18:17:52,933 INFO  [org.apa.kaf.com.tel.int.KafkaMetricsCollector] (main) initializing Kafka metrics collector
2025-07-31 18:17:52,939 INFO  [org.apa.kaf.cli.pro.KafkaProducer] (main) [Producer clientId=Producer-topic-538a11a3_e4fc_4228_8aa6_2e2f065ad273] Instantiated an idempotent producer.
2025-07-31 18:17:52,941 INFO  [org.apa.kaf.cli.pro.ProducerConfig] (main) These configurations '[apicurio.registry.find-latest, apicurio.registry.url, apicurio.registry.artifact-resolver-strategy]' were supplied but are not used yet.
2025-07-31 18:17:52,942 INFO  [org.apa.kaf.com.uti.AppInfoParser] (main) Kafka version: 3.9.1
2025-07-31 18:17:52,942 INFO  [org.apa.kaf.com.uti.AppInfoParser] (main) Kafka commitId: f745dfdcee2b9851
2025-07-31 18:17:52,942 INFO  [org.apa.kaf.com.uti.AppInfoParser] (main) Kafka startTimeMs: 1753985872941
2025-07-31 18:17:52,943 INFO  [io.api.tes.ser.api.KafkaSerdesTester] (Thread-636) Sending message {"keyB": "value-0"} to topic topic-538a11a3_e4fc_4228_8aa6_2e2f065ad273
2025-07-31 18:17:52,954 INFO  [org.apa.kaf.cli.Metadata] (kafka-producer-network-thread | Producer-topic-538a11a3_e4fc_4228_8aa6_2e2f065ad273) [Producer clientId=Producer-topic-538a11a3_e4fc_4228_8aa6_2e2f065ad273] Cluster ID: MOk99p_ARaW4Dib0x4tLFg
2025-07-31 18:17:52,954 INFO  [org.apa.kaf.cli.pro.int.TransactionManager] (kafka-producer-network-thread | Producer-topic-538a11a3_e4fc_4228_8aa6_2e2f065ad273) [Producer clientId=Producer-topic-538a11a3_e4fc_4228_8aa6_2e2f065ad273] ProducerId set to 8 with epoch 0
2025-07-31 18:17:52,983 INFO  [org.apa.kaf.cli.pro.KafkaProducer] (Thread-636) [Producer clientId=Producer-topic-538a11a3_e4fc_4228_8aa6_2e2f065ad273] Closing the Kafka producer with timeoutMillis = 9223372036854775807 ms.
2025-07-31 18:17:52,985 INFO  [org.apa.kaf.com.met.Metrics] (Thread-636) Metrics scheduler closed
2025-07-31 18:17:52,985 INFO  [org.apa.kaf.com.met.Metrics] (Thread-636) Closing reporter org.apache.kafka.common.metrics.JmxReporter
2025-07-31 18:17:52,985 INFO  [org.apa.kaf.com.met.Metrics] (Thread-636) Closing reporter org.apache.kafka.common.telemetry.internals.ClientTelemetryReporter
2025-07-31 18:17:52,985 INFO  [org.apa.kaf.com.met.Metrics] (Thread-636) Metrics reporters closed
2025-07-31 18:17:52,986 INFO  [org.apa.kaf.com.uti.AppInfoParser] (Thread-636) App info kafka.producer for Producer-topic-538a11a3_e4fc_4228_8aa6_2e2f065ad273 unregistered
2025-07-31 18:17:52,986 INFO  [io.api.tes.uti.TestSeparator] (main) io.apicurio.tests.serdes.apicurio.AvroSerdeIT.testAvroSerDesFailDifferentSchemaByRecordName-FINISHED
2025-07-31 18:17:52,986 INFO  [io.api.tes.uti.TestSeparator] (main) ############################################################################
Test passed: testAvroSerDesFailDifferentSchemaByRecordName
]]></system-out>
    <system-err><![CDATA[io.apicurio.registry.rest.client.models.ProblemDetails
	at io.apicurio.registry.rest.client.models.ProblemDetails.createFromDiscriminatorValue(ProblemDetails.java:58)
	at io.kiota.serialization.json.JsonParseNode.getObjectValue(JsonParseNode.java:247)
	at io.kiota.http.vertx.VertXRequestAdapter.lambda$throwIfFailedResponse$0(VertXRequestAdapter.java:400)
	at com.microsoft.kiota.ApiExceptionBuilder.<init>(ApiExceptionBuilder.java:26)
	at io.kiota.http.vertx.VertXRequestAdapter.throwIfFailedResponse(VertXRequestAdapter.java:399)
	at io.kiota.http.vertx.VertXRequestAdapter.send(VertXRequestAdapter.java:170)
	at io.apicurio.registry.rest.client.groups.item.artifacts.item.versions.item.WithVersionExpressionItemRequestBuilder.get(WithVersionExpressionItemRequestBuilder.java:128)
	at io.apicurio.registry.rest.client.groups.item.artifacts.item.versions.item.WithVersionExpressionItemRequestBuilder.get(WithVersionExpressionItemRequestBuilder.java:111)
	at io.apicurio.registry.resolver.client.RegistryClientFacadeImpl.getVersionCoordinatesByGAV(RegistryClientFacadeImpl.java:153)
	at io.apicurio.registry.resolver.DefaultSchemaResolver.resolveByCoordinates(DefaultSchemaResolver.java:352)
	at io.apicurio.registry.resolver.DefaultSchemaResolver.lambda$resolveSchemaByArtifactReferenceCached$6(DefaultSchemaResolver.java:340)
	at io.apicurio.registry.resolver.cache.ERCache.lambda$getValue$0(ERCache.java:174)
	at io.apicurio.registry.resolver.cache.ERCache.retry(ERCache.java:227)
	at io.apicurio.registry.resolver.cache.ERCache.getValue(ERCache.java:173)
	at io.apicurio.registry.resolver.cache.ERCache.getByArtifactCoordinates(ERCache.java:158)
	at io.apicurio.registry.resolver.DefaultSchemaResolver.resolveSchemaByArtifactReferenceCached(DefaultSchemaResolver.java:338)
	at io.apicurio.registry.resolver.DefaultSchemaResolver.resolveSchemaByCoordinates(DefaultSchemaResolver.java:193)
	at io.apicurio.registry.resolver.DefaultSchemaResolver.getSchemaFromRegistry(DefaultSchemaResolver.java:130)
	at io.apicurio.registry.resolver.DefaultSchemaResolver.lambda$resolveSchema$0(DefaultSchemaResolver.java:84)
	at java.base/java.util.Optional.orElseGet(Optional.java:364)
	at io.apicurio.registry.resolver.DefaultSchemaResolver.resolveSchema(DefaultSchemaResolver.java:84)
	at io.apicurio.registry.serde.AbstractSerializer.serializeData(AbstractSerializer.java:62)
	at io.apicurio.registry.serde.KafkaSerializer.serialize(KafkaSerializer.java:77)
	at org.apache.kafka.clients.producer.KafkaProducer.doSend(KafkaProducer.java:1046)
	at org.apache.kafka.clients.producer.KafkaProducer.send(KafkaProducer.java:993)
	at org.apache.kafka.clients.producer.KafkaProducer.send(KafkaProducer.java:875)
	at io.apicurio.tests.serdes.apicurio.KafkaSerdesTester.lambda$produceMessages$3(KafkaSerdesTester.java:138)
	at java.base/java.util.concurrent.CompletableFuture$AsyncSupply.run(CompletableFuture.java:1768)
	at java.base/java.lang.Thread.run(Thread.java:840)
]]></system-err>
  </testcase>
  <testcase name="testTopicIdStrategyFindLatest" classname="io.apicurio.tests.serdes.apicurio.AvroSerdeIT" time="1.782">
    <system-out><![CDATA[2025-07-31 18:17:52,987 INFO  [io.api.tes.uti.TestSeparator] (main) ############################################################################
2025-07-31 18:17:52,987 INFO  [io.api.tes.uti.TestSeparator] (main) io.apicurio.tests.serdes.apicurio.AvroSerdeIT.testTopicIdStrategyFindLatest-STARTED
2025-07-31 18:17:52,989 INFO  [io.api.tes.ser.api.AvroSerdeIT] (main) Registering Avro Schema: {"type":"record","name":"myrecordapicurio1","fields":[{"name":"key11753985872988","type":"string"}]}
**** Registry Base URL: http://registry-app-kafkasql.apps.ci419.apicurio-testing.org:80
2025-07-31 18:17:54,068 INFO  [org.apa.kaf.cli.pro.ProducerConfig] (main) ProducerConfig values: 
	acks = -1
	auto.include.jmx.reporter = true
	batch.size = 16384
	bootstrap.servers = [PLAINTEXT://localhost:32770]
	buffer.memory = 33554432
	client.dns.lookup = use_all_dns_ips
	client.id = Producer-topic-fcfa83ce_2348_4c6d_b528_e347761d5925
	compression.gzip.level = -1
	compression.lz4.level = 9
	compression.type = none
	compression.zstd.level = 3
	connections.max.idle.ms = 10000
	delivery.timeout.ms = 120000
	enable.idempotence = true
	enable.metrics.push = true
	interceptor.classes = []
	key.serializer = class org.apache.kafka.common.serialization.StringSerializer
	linger.ms = 0
	max.block.ms = 60000
	max.in.flight.requests.per.connection = 5
	max.request.size = 1048576
	metadata.max.age.ms = 300000
	metadata.max.idle.ms = 300000
	metadata.recovery.strategy = none
	metric.reporters = []
	metrics.num.samples = 2
	metrics.recording.level = INFO
	metrics.sample.window.ms = 30000
	partitioner.adaptive.partitioning.enable = true
	partitioner.availability.timeout.ms = 0
	partitioner.class = null
	partitioner.ignore.keys = false
	receive.buffer.bytes = 32768
	reconnect.backoff.max.ms = 1000
	reconnect.backoff.ms = 50
	request.timeout.ms = 5000
	retries = 2147483647
	retry.backoff.max.ms = 1000
	retry.backoff.ms = 100
	sasl.client.callback.handler.class = null
	sasl.jaas.config = null
	sasl.kerberos.kinit.cmd = /usr/bin/kinit
	sasl.kerberos.min.time.before.relogin = 60000
	sasl.kerberos.service.name = null
	sasl.kerberos.ticket.renew.jitter = 0.05
	sasl.kerberos.ticket.renew.window.factor = 0.8
	sasl.login.callback.handler.class = null
	sasl.login.class = null
	sasl.login.connect.timeout.ms = null
	sasl.login.read.timeout.ms = null
	sasl.login.refresh.buffer.seconds = 300
	sasl.login.refresh.min.period.seconds = 60
	sasl.login.refresh.window.factor = 0.8
	sasl.login.refresh.window.jitter = 0.05
	sasl.login.retry.backoff.max.ms = 10000
	sasl.login.retry.backoff.ms = 100
	sasl.mechanism = GSSAPI
	sasl.oauthbearer.clock.skew.seconds = 30
	sasl.oauthbearer.expected.audience = null
	sasl.oauthbearer.expected.issuer = null
	sasl.oauthbearer.header.urlencode = false
	sasl.oauthbearer.jwks.endpoint.refresh.ms = 3600000
	sasl.oauthbearer.jwks.endpoint.retry.backoff.max.ms = 10000
	sasl.oauthbearer.jwks.endpoint.retry.backoff.ms = 100
	sasl.oauthbearer.jwks.endpoint.url = null
	sasl.oauthbearer.scope.claim.name = scope
	sasl.oauthbearer.sub.claim.name = sub
	sasl.oauthbearer.token.endpoint.url = null
	security.protocol = PLAINTEXT
	security.providers = null
	send.buffer.bytes = 131072
	socket.connection.setup.timeout.max.ms = 30000
	socket.connection.setup.timeout.ms = 10000
	ssl.cipher.suites = null
	ssl.enabled.protocols = [TLSv1.2, TLSv1.3]
	ssl.endpoint.identification.algorithm = https
	ssl.engine.factory.class = null
	ssl.key.password = null
	ssl.keymanager.algorithm = SunX509
	ssl.keystore.certificate.chain = null
	ssl.keystore.key = null
	ssl.keystore.location = null
	ssl.keystore.password = null
	ssl.keystore.type = JKS
	ssl.protocol = TLSv1.3
	ssl.provider = null
	ssl.secure.random.implementation = null
	ssl.trustmanager.algorithm = PKIX
	ssl.truststore.certificates = null
	ssl.truststore.location = null
	ssl.truststore.password = null
	ssl.truststore.type = JKS
	transaction.timeout.ms = 60000
	transactional.id = null
	value.serializer = class io.apicurio.registry.serde.avro.AvroKafkaSerializer

2025-07-31 18:17:54,068 INFO  [org.apa.kaf.com.tel.int.KafkaMetricsCollector] (main) initializing Kafka metrics collector
2025-07-31 18:17:54,071 INFO  [org.apa.kaf.cli.pro.KafkaProducer] (main) [Producer clientId=Producer-topic-fcfa83ce_2348_4c6d_b528_e347761d5925] Instantiated an idempotent producer.
2025-07-31 18:17:54,073 INFO  [org.apa.kaf.cli.pro.ProducerConfig] (main) These configurations '[apicurio.registry.find-latest, apicurio.registry.url, apicurio.registry.artifact-resolver-strategy]' were supplied but are not used yet.
2025-07-31 18:17:54,073 INFO  [org.apa.kaf.com.uti.AppInfoParser] (main) Kafka version: 3.9.1
2025-07-31 18:17:54,073 INFO  [org.apa.kaf.com.uti.AppInfoParser] (main) Kafka commitId: f745dfdcee2b9851
2025-07-31 18:17:54,073 INFO  [org.apa.kaf.com.uti.AppInfoParser] (main) Kafka startTimeMs: 1753985874073
2025-07-31 18:17:54,073 INFO  [io.api.tes.ser.api.SimpleSerdesTesterBuilder$SimpleSerdesTester] (main) Using producer configuration: {apicurio.registry.find-latest=true, apicurio.registry.url=http://registry-app-kafkasql.apps.ci419.apicurio-testing.org:80/apis/registry/v3, apicurio.registry.artifact-resolver-strategy=io.apicurio.registry.serde.strategy.TopicIdStrategy, value.serializer=io.apicurio.registry.serde.avro.AvroKafkaSerializer, request.timeout.ms=5000, acks=all, bootstrap.servers=PLAINTEXT://localhost:32770, connections.max.idle.ms=10000, key.serializer=org.apache.kafka.common.serialization.StringSerializer, client.id=Producer-topic-fcfa83ce_2348_4c6d_b528_e347761d5925}
2025-07-31 18:17:54,073 INFO  [io.api.tes.ser.api.SimpleSerdesTesterBuilder$SimpleSerdesTester] (main) Using consumer configuration: {}
2025-07-31 18:17:54,073 INFO  [io.api.tes.ser.api.KafkaSerdesTester] (Thread-639) Sending message {"key11753985872988": "value-0"} to topic topic-fcfa83ce_2348_4c6d_b528_e347761d5925
2025-07-31 18:17:54,077 INFO  [org.apa.kaf.cli.Metadata] (kafka-producer-network-thread | Producer-topic-fcfa83ce_2348_4c6d_b528_e347761d5925) [Producer clientId=Producer-topic-fcfa83ce_2348_4c6d_b528_e347761d5925] Cluster ID: MOk99p_ARaW4Dib0x4tLFg
2025-07-31 18:17:54,078 INFO  [org.apa.kaf.cli.pro.int.TransactionManager] (kafka-producer-network-thread | Producer-topic-fcfa83ce_2348_4c6d_b528_e347761d5925) [Producer clientId=Producer-topic-fcfa83ce_2348_4c6d_b528_e347761d5925] ProducerId set to 9 with epoch 0
2025-07-31 18:17:54,135 INFO  [io.api.tes.ser.api.KafkaSerdesTester] (Thread-639) Sending message {"key11753985872988": "value-1"} to topic topic-fcfa83ce_2348_4c6d_b528_e347761d5925
2025-07-31 18:17:54,138 INFO  [io.api.tes.ser.api.KafkaSerdesTester] (Thread-639) Sending message {"key11753985872988": "value-2"} to topic topic-fcfa83ce_2348_4c6d_b528_e347761d5925
2025-07-31 18:17:54,143 INFO  [io.api.tes.ser.api.KafkaSerdesTester] (Thread-639) Sending message {"key11753985872988": "value-3"} to topic topic-fcfa83ce_2348_4c6d_b528_e347761d5925
2025-07-31 18:17:54,154 INFO  [io.api.tes.ser.api.KafkaSerdesTester] (Thread-639) Sending message {"key11753985872988": "value-4"} to topic topic-fcfa83ce_2348_4c6d_b528_e347761d5925
2025-07-31 18:17:54,157 INFO  [io.api.tes.ser.api.KafkaSerdesTester] (Thread-639) Sending message {"key11753985872988": "value-5"} to topic topic-fcfa83ce_2348_4c6d_b528_e347761d5925
2025-07-31 18:17:54,161 INFO  [io.api.tes.ser.api.KafkaSerdesTester] (Thread-639) Sending message {"key11753985872988": "value-6"} to topic topic-fcfa83ce_2348_4c6d_b528_e347761d5925
2025-07-31 18:17:54,163 INFO  [io.api.tes.ser.api.KafkaSerdesTester] (Thread-639) Sending message {"key11753985872988": "value-7"} to topic topic-fcfa83ce_2348_4c6d_b528_e347761d5925
2025-07-31 18:17:54,166 INFO  [io.api.tes.ser.api.KafkaSerdesTester] (Thread-639) Sending message {"key11753985872988": "value-8"} to topic topic-fcfa83ce_2348_4c6d_b528_e347761d5925
2025-07-31 18:17:54,168 INFO  [io.api.tes.ser.api.KafkaSerdesTester] (Thread-639) Sending message {"key11753985872988": "value-9"} to topic topic-fcfa83ce_2348_4c6d_b528_e347761d5925
2025-07-31 18:17:54,170 INFO  [io.api.tes.ser.api.KafkaSerdesTester] (Thread-639) Produced 10 messages
2025-07-31 18:17:54,170 INFO  [org.apa.kaf.cli.pro.KafkaProducer] (Thread-639) [Producer clientId=Producer-topic-fcfa83ce_2348_4c6d_b528_e347761d5925] Closing the Kafka producer with timeoutMillis = 9223372036854775807 ms.
2025-07-31 18:17:54,172 INFO  [org.apa.kaf.com.met.Metrics] (Thread-639) Metrics scheduler closed
2025-07-31 18:17:54,173 INFO  [org.apa.kaf.com.met.Metrics] (Thread-639) Closing reporter org.apache.kafka.common.metrics.JmxReporter
2025-07-31 18:17:54,173 INFO  [org.apa.kaf.com.met.Metrics] (Thread-639) Closing reporter org.apache.kafka.common.telemetry.internals.ClientTelemetryReporter
2025-07-31 18:17:54,173 INFO  [org.apa.kaf.com.met.Metrics] (Thread-639) Metrics reporters closed
2025-07-31 18:17:54,173 INFO  [org.apa.kaf.com.uti.AppInfoParser] (Thread-639) App info kafka.producer for Producer-topic-fcfa83ce_2348_4c6d_b528_e347761d5925 unregistered
**** Registry Base URL: http://registry-app-kafkasql.apps.ci419.apicurio-testing.org:80
2025-07-31 18:17:54,174 INFO  [org.apa.kaf.cli.con.ConsumerConfig] (main) ConsumerConfig values: 
	allow.auto.create.topics = true
	auto.commit.interval.ms = 500
	auto.include.jmx.reporter = true
	auto.offset.reset = earliest
	bootstrap.servers = [PLAINTEXT://localhost:32770]
	check.crcs = true
	client.dns.lookup = use_all_dns_ips
	client.id = consumer-Consumer-topic-fcfa83ce_2348_4c6d_b528_e347761d5925-7
	client.rack = 
	connections.max.idle.ms = 10000
	default.api.timeout.ms = 60000
	enable.auto.commit = true
	enable.metrics.push = true
	exclude.internal.topics = true
	fetch.max.bytes = 52428800
	fetch.max.wait.ms = 500
	fetch.min.bytes = 1
	group.id = Consumer-topic-fcfa83ce_2348_4c6d_b528_e347761d5925
	group.instance.id = null
	group.protocol = classic
	group.remote.assignor = null
	heartbeat.interval.ms = 3000
	interceptor.classes = []
	internal.leave.group.on.close = true
	internal.throw.on.fetch.stable.offset.unsupported = false
	isolation.level = read_uncommitted
	key.deserializer = class org.apache.kafka.common.serialization.StringDeserializer
	max.partition.fetch.bytes = 1048576
	max.poll.interval.ms = 300000
	max.poll.records = 500
	metadata.max.age.ms = 300000
	metadata.recovery.strategy = none
	metric.reporters = []
	metrics.num.samples = 2
	metrics.recording.level = INFO
	metrics.sample.window.ms = 30000
	partition.assignment.strategy = [class org.apache.kafka.clients.consumer.RangeAssignor, class org.apache.kafka.clients.consumer.CooperativeStickyAssignor]
	receive.buffer.bytes = 65536
	reconnect.backoff.max.ms = 1000
	reconnect.backoff.ms = 50
	request.timeout.ms = 5000
	retry.backoff.max.ms = 1000
	retry.backoff.ms = 100
	sasl.client.callback.handler.class = null
	sasl.jaas.config = null
	sasl.kerberos.kinit.cmd = /usr/bin/kinit
	sasl.kerberos.min.time.before.relogin = 60000
	sasl.kerberos.service.name = null
	sasl.kerberos.ticket.renew.jitter = 0.05
	sasl.kerberos.ticket.renew.window.factor = 0.8
	sasl.login.callback.handler.class = null
	sasl.login.class = null
	sasl.login.connect.timeout.ms = null
	sasl.login.read.timeout.ms = null
	sasl.login.refresh.buffer.seconds = 300
	sasl.login.refresh.min.period.seconds = 60
	sasl.login.refresh.window.factor = 0.8
	sasl.login.refresh.window.jitter = 0.05
	sasl.login.retry.backoff.max.ms = 10000
	sasl.login.retry.backoff.ms = 100
	sasl.mechanism = GSSAPI
	sasl.oauthbearer.clock.skew.seconds = 30
	sasl.oauthbearer.expected.audience = null
	sasl.oauthbearer.expected.issuer = null
	sasl.oauthbearer.header.urlencode = false
	sasl.oauthbearer.jwks.endpoint.refresh.ms = 3600000
	sasl.oauthbearer.jwks.endpoint.retry.backoff.max.ms = 10000
	sasl.oauthbearer.jwks.endpoint.retry.backoff.ms = 100
	sasl.oauthbearer.jwks.endpoint.url = null
	sasl.oauthbearer.scope.claim.name = scope
	sasl.oauthbearer.sub.claim.name = sub
	sasl.oauthbearer.token.endpoint.url = null
	security.protocol = PLAINTEXT
	security.providers = null
	send.buffer.bytes = 131072
	session.timeout.ms = 45000
	socket.connection.setup.timeout.max.ms = 30000
	socket.connection.setup.timeout.ms = 10000
	ssl.cipher.suites = null
	ssl.enabled.protocols = [TLSv1.2, TLSv1.3]
	ssl.endpoint.identification.algorithm = https
	ssl.engine.factory.class = null
	ssl.key.password = null
	ssl.keymanager.algorithm = SunX509
	ssl.keystore.certificate.chain = null
	ssl.keystore.key = null
	ssl.keystore.location = null
	ssl.keystore.password = null
	ssl.keystore.type = JKS
	ssl.protocol = TLSv1.3
	ssl.provider = null
	ssl.secure.random.implementation = null
	ssl.trustmanager.algorithm = PKIX
	ssl.truststore.certificates = null
	ssl.truststore.location = null
	ssl.truststore.password = null
	ssl.truststore.type = JKS
	value.deserializer = class io.apicurio.registry.serde.avro.AvroKafkaDeserializer

2025-07-31 18:17:54,175 INFO  [org.apa.kaf.com.tel.int.KafkaMetricsCollector] (main) initializing Kafka metrics collector
2025-07-31 18:17:54,184 INFO  [org.apa.kaf.cli.con.ConsumerConfig] (main) These configurations '[apicurio.registry.url]' were supplied but are not used yet.
2025-07-31 18:17:54,185 INFO  [org.apa.kaf.com.uti.AppInfoParser] (main) Kafka version: 3.9.1
2025-07-31 18:17:54,185 INFO  [org.apa.kaf.com.uti.AppInfoParser] (main) Kafka commitId: f745dfdcee2b9851
2025-07-31 18:17:54,185 INFO  [org.apa.kaf.com.uti.AppInfoParser] (main) Kafka startTimeMs: 1753985874184
2025-07-31 18:17:54,185 INFO  [org.apa.kaf.cli.con.int.ClassicKafkaConsumer] (Thread-642) [Consumer clientId=consumer-Consumer-topic-fcfa83ce_2348_4c6d_b528_e347761d5925-7, groupId=Consumer-topic-fcfa83ce_2348_4c6d_b528_e347761d5925] Subscribed to topic(s): topic-fcfa83ce_2348_4c6d_b528_e347761d5925
2025-07-31 18:17:54,195 INFO  [org.apa.kaf.cli.Metadata] (Thread-642) [Consumer clientId=consumer-Consumer-topic-fcfa83ce_2348_4c6d_b528_e347761d5925-7, groupId=Consumer-topic-fcfa83ce_2348_4c6d_b528_e347761d5925] Cluster ID: MOk99p_ARaW4Dib0x4tLFg
2025-07-31 18:17:54,198 INFO  [org.apa.kaf.cli.con.int.ConsumerCoordinator] (Thread-642) [Consumer clientId=consumer-Consumer-topic-fcfa83ce_2348_4c6d_b528_e347761d5925-7, groupId=Consumer-topic-fcfa83ce_2348_4c6d_b528_e347761d5925] Discovered group coordinator localhost:32770 (id: 2147483647 rack: null)
2025-07-31 18:17:54,200 INFO  [org.apa.kaf.cli.con.int.ConsumerCoordinator] (Thread-642) [Consumer clientId=consumer-Consumer-topic-fcfa83ce_2348_4c6d_b528_e347761d5925-7, groupId=Consumer-topic-fcfa83ce_2348_4c6d_b528_e347761d5925] (Re-)joining group
2025-07-31 18:17:54,206 INFO  [org.apa.kaf.cli.con.int.ConsumerCoordinator] (Thread-642) [Consumer clientId=consumer-Consumer-topic-fcfa83ce_2348_4c6d_b528_e347761d5925-7, groupId=Consumer-topic-fcfa83ce_2348_4c6d_b528_e347761d5925] Request joining group due to: need to re-join with the given member-id: consumer-Consumer-topic-fcfa83ce_2348_4c6d_b528_e347761d5925-7-e030a10c-15a1-4f6b-b327-309606c1498b
2025-07-31 18:17:54,207 INFO  [org.apa.kaf.cli.con.int.ConsumerCoordinator] (Thread-642) [Consumer clientId=consumer-Consumer-topic-fcfa83ce_2348_4c6d_b528_e347761d5925-7, groupId=Consumer-topic-fcfa83ce_2348_4c6d_b528_e347761d5925] (Re-)joining group
2025-07-31 18:17:54,212 INFO  [org.apa.kaf.cli.con.int.ConsumerCoordinator] (Thread-642) [Consumer clientId=consumer-Consumer-topic-fcfa83ce_2348_4c6d_b528_e347761d5925-7, groupId=Consumer-topic-fcfa83ce_2348_4c6d_b528_e347761d5925] Successfully joined group with generation Generation{generationId=1, memberId='consumer-Consumer-topic-fcfa83ce_2348_4c6d_b528_e347761d5925-7-e030a10c-15a1-4f6b-b327-309606c1498b', protocol='range'}
2025-07-31 18:17:54,213 INFO  [org.apa.kaf.cli.con.int.ConsumerCoordinator] (Thread-642) [Consumer clientId=consumer-Consumer-topic-fcfa83ce_2348_4c6d_b528_e347761d5925-7, groupId=Consumer-topic-fcfa83ce_2348_4c6d_b528_e347761d5925] Finished assignment for group at generation 1: {consumer-Consumer-topic-fcfa83ce_2348_4c6d_b528_e347761d5925-7-e030a10c-15a1-4f6b-b327-309606c1498b=Assignment(partitions=[topic-fcfa83ce_2348_4c6d_b528_e347761d5925-0])}
2025-07-31 18:17:54,215 INFO  [org.apa.kaf.cli.con.int.ConsumerCoordinator] (Thread-642) [Consumer clientId=consumer-Consumer-topic-fcfa83ce_2348_4c6d_b528_e347761d5925-7, groupId=Consumer-topic-fcfa83ce_2348_4c6d_b528_e347761d5925] Successfully synced group in generation Generation{generationId=1, memberId='consumer-Consumer-topic-fcfa83ce_2348_4c6d_b528_e347761d5925-7-e030a10c-15a1-4f6b-b327-309606c1498b', protocol='range'}
2025-07-31 18:17:54,215 INFO  [org.apa.kaf.cli.con.int.ConsumerCoordinator] (Thread-642) [Consumer clientId=consumer-Consumer-topic-fcfa83ce_2348_4c6d_b528_e347761d5925-7, groupId=Consumer-topic-fcfa83ce_2348_4c6d_b528_e347761d5925] Notifying assignor about the new Assignment(partitions=[topic-fcfa83ce_2348_4c6d_b528_e347761d5925-0])
2025-07-31 18:17:54,215 INFO  [org.apa.kaf.cli.con.int.ConsumerRebalanceListenerInvoker] (Thread-642) [Consumer clientId=consumer-Consumer-topic-fcfa83ce_2348_4c6d_b528_e347761d5925-7, groupId=Consumer-topic-fcfa83ce_2348_4c6d_b528_e347761d5925] Adding newly assigned partitions: topic-fcfa83ce_2348_4c6d_b528_e347761d5925-0
2025-07-31 18:17:54,216 INFO  [org.apa.kaf.cli.con.int.ConsumerCoordinator] (Thread-642) [Consumer clientId=consumer-Consumer-topic-fcfa83ce_2348_4c6d_b528_e347761d5925-7, groupId=Consumer-topic-fcfa83ce_2348_4c6d_b528_e347761d5925] Found no committed offset for partition topic-fcfa83ce_2348_4c6d_b528_e347761d5925-0
2025-07-31 18:17:54,218 INFO  [org.apa.kaf.cli.con.int.SubscriptionState] (Thread-642) [Consumer clientId=consumer-Consumer-topic-fcfa83ce_2348_4c6d_b528_e347761d5925-7, groupId=Consumer-topic-fcfa83ce_2348_4c6d_b528_e347761d5925] Resetting offset for partition topic-fcfa83ce_2348_4c6d_b528_e347761d5925-0 to position FetchPosition{offset=0, offsetEpoch=Optional.empty, currentLeader=LeaderAndEpoch{leader=Optional[localhost:32770 (id: 0 rack: null)], epoch=0}}.
2025-07-31 18:17:54,260 INFO  [io.api.tes.ser.api.KafkaSerdesTester] (Thread-642) topic-fcfa83ce_2348_4c6d_b528_e347761d5925 0 0 {"key11753985872988": "value-0"}
2025-07-31 18:17:54,260 INFO  [io.api.tes.ser.api.KafkaSerdesTester] (Thread-642) topic-fcfa83ce_2348_4c6d_b528_e347761d5925 0 1 {"key11753985872988": "value-1"}
2025-07-31 18:17:54,260 INFO  [io.api.tes.ser.api.KafkaSerdesTester] (Thread-642) topic-fcfa83ce_2348_4c6d_b528_e347761d5925 0 2 {"key11753985872988": "value-2"}
2025-07-31 18:17:54,260 INFO  [io.api.tes.ser.api.KafkaSerdesTester] (Thread-642) topic-fcfa83ce_2348_4c6d_b528_e347761d5925 0 3 {"key11753985872988": "value-3"}
2025-07-31 18:17:54,261 INFO  [io.api.tes.ser.api.KafkaSerdesTester] (Thread-642) topic-fcfa83ce_2348_4c6d_b528_e347761d5925 0 4 {"key11753985872988": "value-4"}
2025-07-31 18:17:54,261 INFO  [io.api.tes.ser.api.KafkaSerdesTester] (Thread-642) topic-fcfa83ce_2348_4c6d_b528_e347761d5925 0 5 {"key11753985872988": "value-5"}
2025-07-31 18:17:54,261 INFO  [io.api.tes.ser.api.KafkaSerdesTester] (Thread-642) topic-fcfa83ce_2348_4c6d_b528_e347761d5925 0 6 {"key11753985872988": "value-6"}
2025-07-31 18:17:54,261 INFO  [io.api.tes.ser.api.KafkaSerdesTester] (Thread-642) topic-fcfa83ce_2348_4c6d_b528_e347761d5925 0 7 {"key11753985872988": "value-7"}
2025-07-31 18:17:54,261 INFO  [io.api.tes.ser.api.KafkaSerdesTester] (Thread-642) topic-fcfa83ce_2348_4c6d_b528_e347761d5925 0 8 {"key11753985872988": "value-8"}
2025-07-31 18:17:54,261 INFO  [io.api.tes.ser.api.KafkaSerdesTester] (Thread-642) topic-fcfa83ce_2348_4c6d_b528_e347761d5925 0 9 {"key11753985872988": "value-9"}
2025-07-31 18:17:54,261 INFO  [io.api.tes.ser.api.KafkaSerdesTester] (Thread-642) Consumed 10 messages
2025-07-31 18:17:54,264 INFO  [org.apa.kaf.cli.con.int.ConsumerRebalanceListenerInvoker] (Thread-642) [Consumer clientId=consumer-Consumer-topic-fcfa83ce_2348_4c6d_b528_e347761d5925-7, groupId=Consumer-topic-fcfa83ce_2348_4c6d_b528_e347761d5925] Revoke previously assigned partitions topic-fcfa83ce_2348_4c6d_b528_e347761d5925-0
2025-07-31 18:17:54,264 INFO  [org.apa.kaf.cli.con.int.ConsumerCoordinator] (Thread-642) [Consumer clientId=consumer-Consumer-topic-fcfa83ce_2348_4c6d_b528_e347761d5925-7, groupId=Consumer-topic-fcfa83ce_2348_4c6d_b528_e347761d5925] Member consumer-Consumer-topic-fcfa83ce_2348_4c6d_b528_e347761d5925-7-e030a10c-15a1-4f6b-b327-309606c1498b sending LeaveGroup request to coordinator localhost:32770 (id: 2147483647 rack: null) due to the consumer is being closed
2025-07-31 18:17:54,264 INFO  [org.apa.kaf.cli.con.int.ConsumerCoordinator] (Thread-642) [Consumer clientId=consumer-Consumer-topic-fcfa83ce_2348_4c6d_b528_e347761d5925-7, groupId=Consumer-topic-fcfa83ce_2348_4c6d_b528_e347761d5925] Resetting generation and member id due to: consumer pro-actively leaving the group
2025-07-31 18:17:54,264 INFO  [org.apa.kaf.cli.con.int.ConsumerCoordinator] (Thread-642) [Consumer clientId=consumer-Consumer-topic-fcfa83ce_2348_4c6d_b528_e347761d5925-7, groupId=Consumer-topic-fcfa83ce_2348_4c6d_b528_e347761d5925] Request joining group due to: consumer pro-actively leaving the group
2025-07-31 18:17:54,765 INFO  [org.apa.kaf.com.met.Metrics] (Thread-642) Metrics scheduler closed
2025-07-31 18:17:54,765 INFO  [org.apa.kaf.com.met.Metrics] (Thread-642) Closing reporter org.apache.kafka.common.metrics.JmxReporter
2025-07-31 18:17:54,765 INFO  [org.apa.kaf.com.met.Metrics] (Thread-642) Closing reporter org.apache.kafka.common.telemetry.internals.ClientTelemetryReporter
2025-07-31 18:17:54,765 INFO  [org.apa.kaf.com.met.Metrics] (Thread-642) Metrics reporters closed
2025-07-31 18:17:54,768 INFO  [org.apa.kaf.com.uti.AppInfoParser] (Thread-642) App info kafka.consumer for consumer-Consumer-topic-fcfa83ce_2348_4c6d_b528_e347761d5925-7 unregistered
2025-07-31 18:17:54,769 INFO  [io.api.tes.uti.TestSeparator] (main) io.apicurio.tests.serdes.apicurio.AvroSerdeIT.testTopicIdStrategyFindLatest-FINISHED
2025-07-31 18:17:54,769 INFO  [io.api.tes.uti.TestSeparator] (main) ############################################################################
Test passed: testTopicIdStrategyFindLatest
]]></system-out>
  </testcase>
  <testcase name="testAvroUnionWithSpecificReader" classname="io.apicurio.tests.serdes.apicurio.AvroSerdeIT" time="1.035">
    <system-out><![CDATA[2025-07-31 18:17:54,770 INFO  [io.api.tes.uti.TestSeparator] (main) ############################################################################
2025-07-31 18:17:54,770 INFO  [io.api.tes.uti.TestSeparator] (main) io.apicurio.tests.serdes.apicurio.AvroSerdeIT.testAvroUnionWithSpecificReader-STARTED
**** Registry Base URL: http://registry-app-kafkasql.apps.ci419.apicurio-testing.org:80
2025-07-31 18:17:54,778 INFO  [org.apa.kaf.cli.pro.ProducerConfig] (main) ProducerConfig values: 
	acks = -1
	auto.include.jmx.reporter = true
	batch.size = 16384
	bootstrap.servers = [PLAINTEXT://localhost:32770]
	buffer.memory = 33554432
	client.dns.lookup = use_all_dns_ips
	client.id = Producer-topic-eb9ff438_0ba4_4b07_b43d_a1791302f5f0
	compression.gzip.level = -1
	compression.lz4.level = 9
	compression.type = none
	compression.zstd.level = 3
	connections.max.idle.ms = 10000
	delivery.timeout.ms = 120000
	enable.idempotence = true
	enable.metrics.push = true
	interceptor.classes = []
	key.serializer = class org.apache.kafka.common.serialization.StringSerializer
	linger.ms = 0
	max.block.ms = 60000
	max.in.flight.requests.per.connection = 5
	max.request.size = 1048576
	metadata.max.age.ms = 300000
	metadata.max.idle.ms = 300000
	metadata.recovery.strategy = none
	metric.reporters = []
	metrics.num.samples = 2
	metrics.recording.level = INFO
	metrics.sample.window.ms = 30000
	partitioner.adaptive.partitioning.enable = true
	partitioner.availability.timeout.ms = 0
	partitioner.class = null
	partitioner.ignore.keys = false
	receive.buffer.bytes = 32768
	reconnect.backoff.max.ms = 1000
	reconnect.backoff.ms = 50
	request.timeout.ms = 5000
	retries = 2147483647
	retry.backoff.max.ms = 1000
	retry.backoff.ms = 100
	sasl.client.callback.handler.class = null
	sasl.jaas.config = null
	sasl.kerberos.kinit.cmd = /usr/bin/kinit
	sasl.kerberos.min.time.before.relogin = 60000
	sasl.kerberos.service.name = null
	sasl.kerberos.ticket.renew.jitter = 0.05
	sasl.kerberos.ticket.renew.window.factor = 0.8
	sasl.login.callback.handler.class = null
	sasl.login.class = null
	sasl.login.connect.timeout.ms = null
	sasl.login.read.timeout.ms = null
	sasl.login.refresh.buffer.seconds = 300
	sasl.login.refresh.min.period.seconds = 60
	sasl.login.refresh.window.factor = 0.8
	sasl.login.refresh.window.jitter = 0.05
	sasl.login.retry.backoff.max.ms = 10000
	sasl.login.retry.backoff.ms = 100
	sasl.mechanism = GSSAPI
	sasl.oauthbearer.clock.skew.seconds = 30
	sasl.oauthbearer.expected.audience = null
	sasl.oauthbearer.expected.issuer = null
	sasl.oauthbearer.header.urlencode = false
	sasl.oauthbearer.jwks.endpoint.refresh.ms = 3600000
	sasl.oauthbearer.jwks.endpoint.retry.backoff.max.ms = 10000
	sasl.oauthbearer.jwks.endpoint.retry.backoff.ms = 100
	sasl.oauthbearer.jwks.endpoint.url = null
	sasl.oauthbearer.scope.claim.name = scope
	sasl.oauthbearer.sub.claim.name = sub
	sasl.oauthbearer.token.endpoint.url = null
	security.protocol = PLAINTEXT
	security.providers = null
	send.buffer.bytes = 131072
	socket.connection.setup.timeout.max.ms = 30000
	socket.connection.setup.timeout.ms = 10000
	ssl.cipher.suites = null
	ssl.enabled.protocols = [TLSv1.2, TLSv1.3]
	ssl.endpoint.identification.algorithm = https
	ssl.engine.factory.class = null
	ssl.key.password = null
	ssl.keymanager.algorithm = SunX509
	ssl.keystore.certificate.chain = null
	ssl.keystore.key = null
	ssl.keystore.location = null
	ssl.keystore.password = null
	ssl.keystore.type = JKS
	ssl.protocol = TLSv1.3
	ssl.provider = null
	ssl.secure.random.implementation = null
	ssl.trustmanager.algorithm = PKIX
	ssl.truststore.certificates = null
	ssl.truststore.location = null
	ssl.truststore.password = null
	ssl.truststore.type = JKS
	transaction.timeout.ms = 60000
	transactional.id = null
	value.serializer = class io.apicurio.registry.serde.avro.AvroKafkaSerializer

2025-07-31 18:17:54,780 INFO  [org.apa.kaf.com.tel.int.KafkaMetricsCollector] (main) initializing Kafka metrics collector
2025-07-31 18:17:54,787 INFO  [org.apa.kaf.cli.pro.KafkaProducer] (main) [Producer clientId=Producer-topic-eb9ff438_0ba4_4b07_b43d_a1791302f5f0] Instantiated an idempotent producer.
2025-07-31 18:17:54,790 INFO  [org.apa.kaf.cli.pro.ProducerConfig] (main) These configurations '[apicurio.registry.url, apicurio.registry.auto-register, apicurio.registry.artifact-resolver-strategy]' were supplied but are not used yet.
2025-07-31 18:17:54,790 INFO  [org.apa.kaf.com.uti.AppInfoParser] (main) Kafka version: 3.9.1
2025-07-31 18:17:54,790 INFO  [org.apa.kaf.com.uti.AppInfoParser] (main) Kafka commitId: f745dfdcee2b9851
2025-07-31 18:17:54,790 INFO  [org.apa.kaf.com.uti.AppInfoParser] (main) Kafka startTimeMs: 1753985874790
2025-07-31 18:17:54,791 INFO  [io.api.tes.ser.api.SimpleSerdesTesterBuilder$SimpleSerdesTester] (main) Using producer configuration: {apicurio.registry.url=http://registry-app-kafkasql.apps.ci419.apicurio-testing.org:80/apis/registry/v3, apicurio.registry.auto-register=true, apicurio.registry.artifact-resolver-strategy=io.apicurio.registry.serde.strategy.TopicIdStrategy, value.serializer=io.apicurio.registry.serde.avro.AvroKafkaSerializer, request.timeout.ms=5000, acks=all, bootstrap.servers=PLAINTEXT://localhost:32770, connections.max.idle.ms=10000, key.serializer=org.apache.kafka.common.serialization.StringSerializer, client.id=Producer-topic-eb9ff438_0ba4_4b07_b43d_a1791302f5f0}
2025-07-31 18:17:54,791 INFO  [io.api.tes.ser.api.SimpleSerdesTesterBuilder$SimpleSerdesTester] (main) Using consumer configuration: {}
2025-07-31 18:17:54,794 INFO  [io.api.tes.ser.api.KafkaSerdesTester] (Thread-645) Sending message {"id": "record-0"} to topic topic-eb9ff438_0ba4_4b07_b43d_a1791302f5f0
2025-07-31 18:17:54,802 WARN  [org.apa.kaf.cli.NetworkClient] (kafka-producer-network-thread | Producer-topic-eb9ff438_0ba4_4b07_b43d_a1791302f5f0) [Producer clientId=Producer-topic-eb9ff438_0ba4_4b07_b43d_a1791302f5f0] The metadata response from the cluster reported a recoverable issue with correlation id 2 : {topic-eb9ff438_0ba4_4b07_b43d_a1791302f5f0=LEADER_NOT_AVAILABLE}
2025-07-31 18:17:54,803 INFO  [org.apa.kaf.cli.Metadata] (kafka-producer-network-thread | Producer-topic-eb9ff438_0ba4_4b07_b43d_a1791302f5f0) [Producer clientId=Producer-topic-eb9ff438_0ba4_4b07_b43d_a1791302f5f0] Cluster ID: MOk99p_ARaW4Dib0x4tLFg
2025-07-31 18:17:54,804 INFO  [org.apa.kaf.cli.pro.int.TransactionManager] (kafka-producer-network-thread | Producer-topic-eb9ff438_0ba4_4b07_b43d_a1791302f5f0) [Producer clientId=Producer-topic-eb9ff438_0ba4_4b07_b43d_a1791302f5f0] ProducerId set to 10 with epoch 0
2025-07-31 18:17:54,994 INFO  [io.api.tes.ser.api.KafkaSerdesTester] (Thread-645) Sending message {"value": 1} to topic topic-eb9ff438_0ba4_4b07_b43d_a1791302f5f0
2025-07-31 18:17:55,060 INFO  [io.api.tes.ser.api.KafkaSerdesTester] (Thread-645) Sending message {"active": true} to topic topic-eb9ff438_0ba4_4b07_b43d_a1791302f5f0
2025-07-31 18:17:55,129 INFO  [io.api.tes.ser.api.KafkaSerdesTester] (Thread-645) Sending message {"id": "record-3"} to topic topic-eb9ff438_0ba4_4b07_b43d_a1791302f5f0
2025-07-31 18:17:55,131 INFO  [io.api.tes.ser.api.KafkaSerdesTester] (Thread-645) Sending message {"value": 4} to topic topic-eb9ff438_0ba4_4b07_b43d_a1791302f5f0
2025-07-31 18:17:55,136 INFO  [io.api.tes.ser.api.KafkaSerdesTester] (Thread-645) Sending message {"active": false} to topic topic-eb9ff438_0ba4_4b07_b43d_a1791302f5f0
2025-07-31 18:17:55,138 INFO  [io.api.tes.ser.api.KafkaSerdesTester] (Thread-645) Sending message {"id": "record-6"} to topic topic-eb9ff438_0ba4_4b07_b43d_a1791302f5f0
2025-07-31 18:17:55,141 INFO  [io.api.tes.ser.api.KafkaSerdesTester] (Thread-645) Sending message {"value": 7} to topic topic-eb9ff438_0ba4_4b07_b43d_a1791302f5f0
2025-07-31 18:17:55,142 INFO  [io.api.tes.ser.api.KafkaSerdesTester] (Thread-645) Sending message {"active": true} to topic topic-eb9ff438_0ba4_4b07_b43d_a1791302f5f0
2025-07-31 18:17:55,143 INFO  [io.api.tes.ser.api.KafkaSerdesTester] (Thread-645) Sending message {"id": "record-9"} to topic topic-eb9ff438_0ba4_4b07_b43d_a1791302f5f0
2025-07-31 18:17:55,145 INFO  [io.api.tes.ser.api.KafkaSerdesTester] (Thread-645) Produced 10 messages
2025-07-31 18:17:55,145 INFO  [org.apa.kaf.cli.pro.KafkaProducer] (Thread-645) [Producer clientId=Producer-topic-eb9ff438_0ba4_4b07_b43d_a1791302f5f0] Closing the Kafka producer with timeoutMillis = 9223372036854775807 ms.
2025-07-31 18:17:55,147 INFO  [org.apa.kaf.com.met.Metrics] (Thread-645) Metrics scheduler closed
2025-07-31 18:17:55,147 INFO  [org.apa.kaf.com.met.Metrics] (Thread-645) Closing reporter org.apache.kafka.common.metrics.JmxReporter
2025-07-31 18:17:55,147 INFO  [org.apa.kaf.com.met.Metrics] (Thread-645) Closing reporter org.apache.kafka.common.telemetry.internals.ClientTelemetryReporter
2025-07-31 18:17:55,148 INFO  [org.apa.kaf.com.met.Metrics] (Thread-645) Metrics reporters closed
2025-07-31 18:17:55,148 INFO  [org.apa.kaf.com.uti.AppInfoParser] (Thread-645) App info kafka.producer for Producer-topic-eb9ff438_0ba4_4b07_b43d_a1791302f5f0 unregistered
2025-07-31 18:17:55,163 INFO  [io.api.tes.ser.api.AvroSerdeIT] (main) Artifact topic-eb9ff438_0ba4_4b07_b43d_a1791302f5f0-value found in registry with globalId 25
**** Registry Base URL: http://registry-app-kafkasql.apps.ci419.apicurio-testing.org:80
2025-07-31 18:17:55,164 INFO  [org.apa.kaf.cli.con.ConsumerConfig] (main) ConsumerConfig values: 
	allow.auto.create.topics = true
	auto.commit.interval.ms = 500
	auto.include.jmx.reporter = true
	auto.offset.reset = earliest
	bootstrap.servers = [PLAINTEXT://localhost:32770]
	check.crcs = true
	client.dns.lookup = use_all_dns_ips
	client.id = consumer-Consumer-topic-eb9ff438_0ba4_4b07_b43d_a1791302f5f0-8
	client.rack = 
	connections.max.idle.ms = 10000
	default.api.timeout.ms = 60000
	enable.auto.commit = true
	enable.metrics.push = true
	exclude.internal.topics = true
	fetch.max.bytes = 52428800
	fetch.max.wait.ms = 500
	fetch.min.bytes = 1
	group.id = Consumer-topic-eb9ff438_0ba4_4b07_b43d_a1791302f5f0
	group.instance.id = null
	group.protocol = classic
	group.remote.assignor = null
	heartbeat.interval.ms = 3000
	interceptor.classes = []
	internal.leave.group.on.close = true
	internal.throw.on.fetch.stable.offset.unsupported = false
	isolation.level = read_uncommitted
	key.deserializer = class org.apache.kafka.common.serialization.StringDeserializer
	max.partition.fetch.bytes = 1048576
	max.poll.interval.ms = 300000
	max.poll.records = 500
	metadata.max.age.ms = 300000
	metadata.recovery.strategy = none
	metric.reporters = []
	metrics.num.samples = 2
	metrics.recording.level = INFO
	metrics.sample.window.ms = 30000
	partition.assignment.strategy = [class org.apache.kafka.clients.consumer.RangeAssignor, class org.apache.kafka.clients.consumer.CooperativeStickyAssignor]
	receive.buffer.bytes = 65536
	reconnect.backoff.max.ms = 1000
	reconnect.backoff.ms = 50
	request.timeout.ms = 5000
	retry.backoff.max.ms = 1000
	retry.backoff.ms = 100
	sasl.client.callback.handler.class = null
	sasl.jaas.config = null
	sasl.kerberos.kinit.cmd = /usr/bin/kinit
	sasl.kerberos.min.time.before.relogin = 60000
	sasl.kerberos.service.name = null
	sasl.kerberos.ticket.renew.jitter = 0.05
	sasl.kerberos.ticket.renew.window.factor = 0.8
	sasl.login.callback.handler.class = null
	sasl.login.class = null
	sasl.login.connect.timeout.ms = null
	sasl.login.read.timeout.ms = null
	sasl.login.refresh.buffer.seconds = 300
	sasl.login.refresh.min.period.seconds = 60
	sasl.login.refresh.window.factor = 0.8
	sasl.login.refresh.window.jitter = 0.05
	sasl.login.retry.backoff.max.ms = 10000
	sasl.login.retry.backoff.ms = 100
	sasl.mechanism = GSSAPI
	sasl.oauthbearer.clock.skew.seconds = 30
	sasl.oauthbearer.expected.audience = null
	sasl.oauthbearer.expected.issuer = null
	sasl.oauthbearer.header.urlencode = false
	sasl.oauthbearer.jwks.endpoint.refresh.ms = 3600000
	sasl.oauthbearer.jwks.endpoint.retry.backoff.max.ms = 10000
	sasl.oauthbearer.jwks.endpoint.retry.backoff.ms = 100
	sasl.oauthbearer.jwks.endpoint.url = null
	sasl.oauthbearer.scope.claim.name = scope
	sasl.oauthbearer.sub.claim.name = sub
	sasl.oauthbearer.token.endpoint.url = null
	security.protocol = PLAINTEXT
	security.providers = null
	send.buffer.bytes = 131072
	session.timeout.ms = 45000
	socket.connection.setup.timeout.max.ms = 30000
	socket.connection.setup.timeout.ms = 10000
	ssl.cipher.suites = null
	ssl.enabled.protocols = [TLSv1.2, TLSv1.3]
	ssl.endpoint.identification.algorithm = https
	ssl.engine.factory.class = null
	ssl.key.password = null
	ssl.keymanager.algorithm = SunX509
	ssl.keystore.certificate.chain = null
	ssl.keystore.key = null
	ssl.keystore.location = null
	ssl.keystore.password = null
	ssl.keystore.type = JKS
	ssl.protocol = TLSv1.3
	ssl.provider = null
	ssl.secure.random.implementation = null
	ssl.trustmanager.algorithm = PKIX
	ssl.truststore.certificates = null
	ssl.truststore.location = null
	ssl.truststore.password = null
	ssl.truststore.type = JKS
	value.deserializer = class io.apicurio.registry.serde.avro.AvroKafkaDeserializer

2025-07-31 18:17:55,164 INFO  [org.apa.kaf.com.tel.int.KafkaMetricsCollector] (main) initializing Kafka metrics collector
2025-07-31 18:17:55,172 INFO  [org.apa.kaf.cli.con.ConsumerConfig] (main) These configurations '[apicurio.registry.url]' were supplied but are not used yet.
2025-07-31 18:17:55,172 INFO  [org.apa.kaf.com.uti.AppInfoParser] (main) Kafka version: 3.9.1
2025-07-31 18:17:55,172 INFO  [org.apa.kaf.com.uti.AppInfoParser] (main) Kafka commitId: f745dfdcee2b9851
2025-07-31 18:17:55,172 INFO  [org.apa.kaf.com.uti.AppInfoParser] (main) Kafka startTimeMs: 1753985875172
2025-07-31 18:17:55,173 INFO  [org.apa.kaf.cli.con.int.ClassicKafkaConsumer] (Thread-648) [Consumer clientId=consumer-Consumer-topic-eb9ff438_0ba4_4b07_b43d_a1791302f5f0-8, groupId=Consumer-topic-eb9ff438_0ba4_4b07_b43d_a1791302f5f0] Subscribed to topic(s): topic-eb9ff438_0ba4_4b07_b43d_a1791302f5f0
2025-07-31 18:17:55,182 INFO  [org.apa.kaf.cli.Metadata] (Thread-648) [Consumer clientId=consumer-Consumer-topic-eb9ff438_0ba4_4b07_b43d_a1791302f5f0-8, groupId=Consumer-topic-eb9ff438_0ba4_4b07_b43d_a1791302f5f0] Cluster ID: MOk99p_ARaW4Dib0x4tLFg
2025-07-31 18:17:55,185 INFO  [org.apa.kaf.cli.con.int.ConsumerCoordinator] (Thread-648) [Consumer clientId=consumer-Consumer-topic-eb9ff438_0ba4_4b07_b43d_a1791302f5f0-8, groupId=Consumer-topic-eb9ff438_0ba4_4b07_b43d_a1791302f5f0] Discovered group coordinator localhost:32770 (id: 2147483647 rack: null)
2025-07-31 18:17:55,187 INFO  [org.apa.kaf.cli.con.int.ConsumerCoordinator] (Thread-648) [Consumer clientId=consumer-Consumer-topic-eb9ff438_0ba4_4b07_b43d_a1791302f5f0-8, groupId=Consumer-topic-eb9ff438_0ba4_4b07_b43d_a1791302f5f0] (Re-)joining group
2025-07-31 18:17:55,191 INFO  [org.apa.kaf.cli.con.int.ConsumerCoordinator] (Thread-648) [Consumer clientId=consumer-Consumer-topic-eb9ff438_0ba4_4b07_b43d_a1791302f5f0-8, groupId=Consumer-topic-eb9ff438_0ba4_4b07_b43d_a1791302f5f0] Request joining group due to: need to re-join with the given member-id: consumer-Consumer-topic-eb9ff438_0ba4_4b07_b43d_a1791302f5f0-8-44760046-44b7-49f2-89de-338e5ef6f20f
2025-07-31 18:17:55,191 INFO  [org.apa.kaf.cli.con.int.ConsumerCoordinator] (Thread-648) [Consumer clientId=consumer-Consumer-topic-eb9ff438_0ba4_4b07_b43d_a1791302f5f0-8, groupId=Consumer-topic-eb9ff438_0ba4_4b07_b43d_a1791302f5f0] (Re-)joining group
2025-07-31 18:17:55,194 INFO  [org.apa.kaf.cli.con.int.ConsumerCoordinator] (Thread-648) [Consumer clientId=consumer-Consumer-topic-eb9ff438_0ba4_4b07_b43d_a1791302f5f0-8, groupId=Consumer-topic-eb9ff438_0ba4_4b07_b43d_a1791302f5f0] Successfully joined group with generation Generation{generationId=1, memberId='consumer-Consumer-topic-eb9ff438_0ba4_4b07_b43d_a1791302f5f0-8-44760046-44b7-49f2-89de-338e5ef6f20f', protocol='range'}
2025-07-31 18:17:55,194 INFO  [org.apa.kaf.cli.con.int.ConsumerCoordinator] (Thread-648) [Consumer clientId=consumer-Consumer-topic-eb9ff438_0ba4_4b07_b43d_a1791302f5f0-8, groupId=Consumer-topic-eb9ff438_0ba4_4b07_b43d_a1791302f5f0] Finished assignment for group at generation 1: {consumer-Consumer-topic-eb9ff438_0ba4_4b07_b43d_a1791302f5f0-8-44760046-44b7-49f2-89de-338e5ef6f20f=Assignment(partitions=[topic-eb9ff438_0ba4_4b07_b43d_a1791302f5f0-0])}
2025-07-31 18:17:55,197 INFO  [org.apa.kaf.cli.con.int.ConsumerCoordinator] (Thread-648) [Consumer clientId=consumer-Consumer-topic-eb9ff438_0ba4_4b07_b43d_a1791302f5f0-8, groupId=Consumer-topic-eb9ff438_0ba4_4b07_b43d_a1791302f5f0] Successfully synced group in generation Generation{generationId=1, memberId='consumer-Consumer-topic-eb9ff438_0ba4_4b07_b43d_a1791302f5f0-8-44760046-44b7-49f2-89de-338e5ef6f20f', protocol='range'}
2025-07-31 18:17:55,198 INFO  [org.apa.kaf.cli.con.int.ConsumerCoordinator] (Thread-648) [Consumer clientId=consumer-Consumer-topic-eb9ff438_0ba4_4b07_b43d_a1791302f5f0-8, groupId=Consumer-topic-eb9ff438_0ba4_4b07_b43d_a1791302f5f0] Notifying assignor about the new Assignment(partitions=[topic-eb9ff438_0ba4_4b07_b43d_a1791302f5f0-0])
2025-07-31 18:17:55,198 INFO  [org.apa.kaf.cli.con.int.ConsumerRebalanceListenerInvoker] (Thread-648) [Consumer clientId=consumer-Consumer-topic-eb9ff438_0ba4_4b07_b43d_a1791302f5f0-8, groupId=Consumer-topic-eb9ff438_0ba4_4b07_b43d_a1791302f5f0] Adding newly assigned partitions: topic-eb9ff438_0ba4_4b07_b43d_a1791302f5f0-0
2025-07-31 18:17:55,200 INFO  [org.apa.kaf.cli.con.int.ConsumerCoordinator] (Thread-648) [Consumer clientId=consumer-Consumer-topic-eb9ff438_0ba4_4b07_b43d_a1791302f5f0-8, groupId=Consumer-topic-eb9ff438_0ba4_4b07_b43d_a1791302f5f0] Found no committed offset for partition topic-eb9ff438_0ba4_4b07_b43d_a1791302f5f0-0
2025-07-31 18:17:55,210 INFO  [org.apa.kaf.cli.con.int.SubscriptionState] (Thread-648) [Consumer clientId=consumer-Consumer-topic-eb9ff438_0ba4_4b07_b43d_a1791302f5f0-8, groupId=Consumer-topic-eb9ff438_0ba4_4b07_b43d_a1791302f5f0] Resetting offset for partition topic-eb9ff438_0ba4_4b07_b43d_a1791302f5f0-0 to position FetchPosition{offset=0, offsetEpoch=Optional.empty, currentLeader=LeaderAndEpoch{leader=Optional[localhost:32770 (id: 0 rack: null)], epoch=0}}.
2025-07-31 18:17:55,296 INFO  [io.api.tes.ser.api.KafkaSerdesTester] (Thread-648) topic-eb9ff438_0ba4_4b07_b43d_a1791302f5f0 0 0 {"id": "record-0"}
2025-07-31 18:17:55,296 INFO  [io.api.tes.ser.api.KafkaSerdesTester] (Thread-648) topic-eb9ff438_0ba4_4b07_b43d_a1791302f5f0 0 1 {"value": 1}
2025-07-31 18:17:55,296 INFO  [io.api.tes.ser.api.KafkaSerdesTester] (Thread-648) topic-eb9ff438_0ba4_4b07_b43d_a1791302f5f0 0 2 {"active": true}
2025-07-31 18:17:55,296 INFO  [io.api.tes.ser.api.KafkaSerdesTester] (Thread-648) topic-eb9ff438_0ba4_4b07_b43d_a1791302f5f0 0 3 {"id": "record-3"}
2025-07-31 18:17:55,296 INFO  [io.api.tes.ser.api.KafkaSerdesTester] (Thread-648) topic-eb9ff438_0ba4_4b07_b43d_a1791302f5f0 0 4 {"value": 4}
2025-07-31 18:17:55,296 INFO  [io.api.tes.ser.api.KafkaSerdesTester] (Thread-648) topic-eb9ff438_0ba4_4b07_b43d_a1791302f5f0 0 5 {"active": false}
2025-07-31 18:17:55,296 INFO  [io.api.tes.ser.api.KafkaSerdesTester] (Thread-648) topic-eb9ff438_0ba4_4b07_b43d_a1791302f5f0 0 6 {"id": "record-6"}
2025-07-31 18:17:55,296 INFO  [io.api.tes.ser.api.KafkaSerdesTester] (Thread-648) topic-eb9ff438_0ba4_4b07_b43d_a1791302f5f0 0 7 {"value": 7}
2025-07-31 18:17:55,296 INFO  [io.api.tes.ser.api.KafkaSerdesTester] (Thread-648) topic-eb9ff438_0ba4_4b07_b43d_a1791302f5f0 0 8 {"active": true}
2025-07-31 18:17:55,296 INFO  [io.api.tes.ser.api.KafkaSerdesTester] (Thread-648) topic-eb9ff438_0ba4_4b07_b43d_a1791302f5f0 0 9 {"id": "record-9"}
2025-07-31 18:17:55,296 INFO  [io.api.tes.ser.api.KafkaSerdesTester] (Thread-648) Consumed 10 messages
2025-07-31 18:17:55,301 INFO  [org.apa.kaf.cli.con.int.ConsumerRebalanceListenerInvoker] (Thread-648) [Consumer clientId=consumer-Consumer-topic-eb9ff438_0ba4_4b07_b43d_a1791302f5f0-8, groupId=Consumer-topic-eb9ff438_0ba4_4b07_b43d_a1791302f5f0] Revoke previously assigned partitions topic-eb9ff438_0ba4_4b07_b43d_a1791302f5f0-0
2025-07-31 18:17:55,301 INFO  [org.apa.kaf.cli.con.int.ConsumerCoordinator] (Thread-648) [Consumer clientId=consumer-Consumer-topic-eb9ff438_0ba4_4b07_b43d_a1791302f5f0-8, groupId=Consumer-topic-eb9ff438_0ba4_4b07_b43d_a1791302f5f0] Member consumer-Consumer-topic-eb9ff438_0ba4_4b07_b43d_a1791302f5f0-8-44760046-44b7-49f2-89de-338e5ef6f20f sending LeaveGroup request to coordinator localhost:32770 (id: 2147483647 rack: null) due to the consumer is being closed
2025-07-31 18:17:55,301 INFO  [org.apa.kaf.cli.con.int.ConsumerCoordinator] (Thread-648) [Consumer clientId=consumer-Consumer-topic-eb9ff438_0ba4_4b07_b43d_a1791302f5f0-8, groupId=Consumer-topic-eb9ff438_0ba4_4b07_b43d_a1791302f5f0] Resetting generation and member id due to: consumer pro-actively leaving the group
2025-07-31 18:17:55,301 INFO  [org.apa.kaf.cli.con.int.ConsumerCoordinator] (Thread-648) [Consumer clientId=consumer-Consumer-topic-eb9ff438_0ba4_4b07_b43d_a1791302f5f0-8, groupId=Consumer-topic-eb9ff438_0ba4_4b07_b43d_a1791302f5f0] Request joining group due to: consumer pro-actively leaving the group
2025-07-31 18:17:55,800 INFO  [org.apa.kaf.com.met.Metrics] (Thread-648) Metrics scheduler closed
2025-07-31 18:17:55,800 INFO  [org.apa.kaf.com.met.Metrics] (Thread-648) Closing reporter org.apache.kafka.common.metrics.JmxReporter
2025-07-31 18:17:55,800 INFO  [org.apa.kaf.com.met.Metrics] (Thread-648) Closing reporter org.apache.kafka.common.telemetry.internals.ClientTelemetryReporter
2025-07-31 18:17:55,800 INFO  [org.apa.kaf.com.met.Metrics] (Thread-648) Metrics reporters closed
2025-07-31 18:17:55,803 INFO  [org.apa.kaf.com.uti.AppInfoParser] (Thread-648) App info kafka.consumer for consumer-Consumer-topic-eb9ff438_0ba4_4b07_b43d_a1791302f5f0-8 unregistered
2025-07-31 18:17:55,804 INFO  [io.api.tes.uti.TestSeparator] (main) io.apicurio.tests.serdes.apicurio.AvroSerdeIT.testAvroUnionWithSpecificReader-FINISHED
2025-07-31 18:17:55,804 INFO  [io.api.tes.uti.TestSeparator] (main) ############################################################################
Test passed: testAvroUnionWithSpecificReader
]]></system-out>
  </testcase>
  <testcase name="testEvolveAvroApicurioReusingClient" classname="io.apicurio.tests.serdes.apicurio.AvroSerdeIT" time="4.12">
    <system-out><![CDATA[2025-07-31 18:17:55,808 INFO  [io.api.tes.uti.TestSeparator] (main) ############################################################################
2025-07-31 18:17:55,808 INFO  [io.api.tes.uti.TestSeparator] (main) io.apicurio.tests.serdes.apicurio.AvroSerdeIT.testEvolveAvroApicurioReusingClient-STARTED
2025-07-31 18:17:55,810 INFO  [io.api.tes.ser.api.AvroSerdeIT] (main) Registering Avro Schema: {"type":"record","name":"sf75e5ecdxd7f8x4368xaf20x71d38c62feea","namespace":"ns_fba41dbe_bbf4_4559_8ded_e2b915cadbdb","fields":[{"name":"key11753985875809","type":"string"}]}
**** Registry Base URL: http://registry-app-kafkasql.apps.ci419.apicurio-testing.org:80
2025-07-31 18:17:56,882 INFO  [org.apa.kaf.cli.pro.ProducerConfig] (main) ProducerConfig values: 
	acks = -1
	auto.include.jmx.reporter = true
	batch.size = 16384
	bootstrap.servers = [PLAINTEXT://localhost:32770]
	buffer.memory = 33554432
	client.dns.lookup = use_all_dns_ips
	client.id = Producer-topic-22ce5cf7_3154_467c_b884_35c2fba939ae
	compression.gzip.level = -1
	compression.lz4.level = 9
	compression.type = none
	compression.zstd.level = 3
	connections.max.idle.ms = 10000
	delivery.timeout.ms = 120000
	enable.idempotence = true
	enable.metrics.push = true
	interceptor.classes = []
	key.serializer = class org.apache.kafka.common.serialization.StringSerializer
	linger.ms = 0
	max.block.ms = 60000
	max.in.flight.requests.per.connection = 5
	max.request.size = 1048576
	metadata.max.age.ms = 300000
	metadata.max.idle.ms = 300000
	metadata.recovery.strategy = none
	metric.reporters = []
	metrics.num.samples = 2
	metrics.recording.level = INFO
	metrics.sample.window.ms = 30000
	partitioner.adaptive.partitioning.enable = true
	partitioner.availability.timeout.ms = 0
	partitioner.class = null
	partitioner.ignore.keys = false
	receive.buffer.bytes = 32768
	reconnect.backoff.max.ms = 1000
	reconnect.backoff.ms = 50
	request.timeout.ms = 5000
	retries = 2147483647
	retry.backoff.max.ms = 1000
	retry.backoff.ms = 100
	sasl.client.callback.handler.class = null
	sasl.jaas.config = null
	sasl.kerberos.kinit.cmd = /usr/bin/kinit
	sasl.kerberos.min.time.before.relogin = 60000
	sasl.kerberos.service.name = null
	sasl.kerberos.ticket.renew.jitter = 0.05
	sasl.kerberos.ticket.renew.window.factor = 0.8
	sasl.login.callback.handler.class = null
	sasl.login.class = null
	sasl.login.connect.timeout.ms = null
	sasl.login.read.timeout.ms = null
	sasl.login.refresh.buffer.seconds = 300
	sasl.login.refresh.min.period.seconds = 60
	sasl.login.refresh.window.factor = 0.8
	sasl.login.refresh.window.jitter = 0.05
	sasl.login.retry.backoff.max.ms = 10000
	sasl.login.retry.backoff.ms = 100
	sasl.mechanism = GSSAPI
	sasl.oauthbearer.clock.skew.seconds = 30
	sasl.oauthbearer.expected.audience = null
	sasl.oauthbearer.expected.issuer = null
	sasl.oauthbearer.header.urlencode = false
	sasl.oauthbearer.jwks.endpoint.refresh.ms = 3600000
	sasl.oauthbearer.jwks.endpoint.retry.backoff.max.ms = 10000
	sasl.oauthbearer.jwks.endpoint.retry.backoff.ms = 100
	sasl.oauthbearer.jwks.endpoint.url = null
	sasl.oauthbearer.scope.claim.name = scope
	sasl.oauthbearer.sub.claim.name = sub
	sasl.oauthbearer.token.endpoint.url = null
	security.protocol = PLAINTEXT
	security.providers = null
	send.buffer.bytes = 131072
	socket.connection.setup.timeout.max.ms = 30000
	socket.connection.setup.timeout.ms = 10000
	ssl.cipher.suites = null
	ssl.enabled.protocols = [TLSv1.2, TLSv1.3]
	ssl.endpoint.identification.algorithm = https
	ssl.engine.factory.class = null
	ssl.key.password = null
	ssl.keymanager.algorithm = SunX509
	ssl.keystore.certificate.chain = null
	ssl.keystore.key = null
	ssl.keystore.location = null
	ssl.keystore.password = null
	ssl.keystore.type = JKS
	ssl.protocol = TLSv1.3
	ssl.provider = null
	ssl.secure.random.implementation = null
	ssl.trustmanager.algorithm = PKIX
	ssl.truststore.certificates = null
	ssl.truststore.location = null
	ssl.truststore.password = null
	ssl.truststore.type = JKS
	transaction.timeout.ms = 60000
	transactional.id = null
	value.serializer = class io.apicurio.registry.serde.avro.AvroKafkaSerializer

2025-07-31 18:17:56,882 INFO  [org.apa.kaf.com.tel.int.KafkaMetricsCollector] (main) initializing Kafka metrics collector
2025-07-31 18:17:56,886 INFO  [org.apa.kaf.cli.pro.KafkaProducer] (main) [Producer clientId=Producer-topic-22ce5cf7_3154_467c_b884_35c2fba939ae] Instantiated an idempotent producer.
2025-07-31 18:17:56,889 INFO  [org.apa.kaf.cli.pro.ProducerConfig] (main) These configurations '[apicurio.registry.url, apicurio.registry.artifact-resolver-strategy]' were supplied but are not used yet.
2025-07-31 18:17:56,889 INFO  [org.apa.kaf.com.uti.AppInfoParser] (main) Kafka version: 3.9.1
2025-07-31 18:17:56,889 INFO  [org.apa.kaf.com.uti.AppInfoParser] (main) Kafka commitId: f745dfdcee2b9851
2025-07-31 18:17:56,889 INFO  [org.apa.kaf.com.uti.AppInfoParser] (main) Kafka startTimeMs: 1753985876889
**** Registry Base URL: http://registry-app-kafkasql.apps.ci419.apicurio-testing.org:80
2025-07-31 18:17:56,890 INFO  [org.apa.kaf.cli.con.ConsumerConfig] (main) ConsumerConfig values: 
	allow.auto.create.topics = true
	auto.commit.interval.ms = 500
	auto.include.jmx.reporter = true
	auto.offset.reset = earliest
	bootstrap.servers = [PLAINTEXT://localhost:32770]
	check.crcs = true
	client.dns.lookup = use_all_dns_ips
	client.id = consumer-Consumer-topic-22ce5cf7_3154_467c_b884_35c2fba939ae-9
	client.rack = 
	connections.max.idle.ms = 10000
	default.api.timeout.ms = 60000
	enable.auto.commit = true
	enable.metrics.push = true
	exclude.internal.topics = true
	fetch.max.bytes = 52428800
	fetch.max.wait.ms = 500
	fetch.min.bytes = 1
	group.id = Consumer-topic-22ce5cf7_3154_467c_b884_35c2fba939ae
	group.instance.id = null
	group.protocol = classic
	group.remote.assignor = null
	heartbeat.interval.ms = 3000
	interceptor.classes = []
	internal.leave.group.on.close = true
	internal.throw.on.fetch.stable.offset.unsupported = false
	isolation.level = read_uncommitted
	key.deserializer = class org.apache.kafka.common.serialization.StringDeserializer
	max.partition.fetch.bytes = 1048576
	max.poll.interval.ms = 300000
	max.poll.records = 500
	metadata.max.age.ms = 300000
	metadata.recovery.strategy = none
	metric.reporters = []
	metrics.num.samples = 2
	metrics.recording.level = INFO
	metrics.sample.window.ms = 30000
	partition.assignment.strategy = [class org.apache.kafka.clients.consumer.RangeAssignor, class org.apache.kafka.clients.consumer.CooperativeStickyAssignor]
	receive.buffer.bytes = 65536
	reconnect.backoff.max.ms = 1000
	reconnect.backoff.ms = 50
	request.timeout.ms = 5000
	retry.backoff.max.ms = 1000
	retry.backoff.ms = 100
	sasl.client.callback.handler.class = null
	sasl.jaas.config = null
	sasl.kerberos.kinit.cmd = /usr/bin/kinit
	sasl.kerberos.min.time.before.relogin = 60000
	sasl.kerberos.service.name = null
	sasl.kerberos.ticket.renew.jitter = 0.05
	sasl.kerberos.ticket.renew.window.factor = 0.8
	sasl.login.callback.handler.class = null
	sasl.login.class = null
	sasl.login.connect.timeout.ms = null
	sasl.login.read.timeout.ms = null
	sasl.login.refresh.buffer.seconds = 300
	sasl.login.refresh.min.period.seconds = 60
	sasl.login.refresh.window.factor = 0.8
	sasl.login.refresh.window.jitter = 0.05
	sasl.login.retry.backoff.max.ms = 10000
	sasl.login.retry.backoff.ms = 100
	sasl.mechanism = GSSAPI
	sasl.oauthbearer.clock.skew.seconds = 30
	sasl.oauthbearer.expected.audience = null
	sasl.oauthbearer.expected.issuer = null
	sasl.oauthbearer.header.urlencode = false
	sasl.oauthbearer.jwks.endpoint.refresh.ms = 3600000
	sasl.oauthbearer.jwks.endpoint.retry.backoff.max.ms = 10000
	sasl.oauthbearer.jwks.endpoint.retry.backoff.ms = 100
	sasl.oauthbearer.jwks.endpoint.url = null
	sasl.oauthbearer.scope.claim.name = scope
	sasl.oauthbearer.sub.claim.name = sub
	sasl.oauthbearer.token.endpoint.url = null
	security.protocol = PLAINTEXT
	security.providers = null
	send.buffer.bytes = 131072
	session.timeout.ms = 45000
	socket.connection.setup.timeout.max.ms = 30000
	socket.connection.setup.timeout.ms = 10000
	ssl.cipher.suites = null
	ssl.enabled.protocols = [TLSv1.2, TLSv1.3]
	ssl.endpoint.identification.algorithm = https
	ssl.engine.factory.class = null
	ssl.key.password = null
	ssl.keymanager.algorithm = SunX509
	ssl.keystore.certificate.chain = null
	ssl.keystore.key = null
	ssl.keystore.location = null
	ssl.keystore.password = null
	ssl.keystore.type = JKS
	ssl.protocol = TLSv1.3
	ssl.provider = null
	ssl.secure.random.implementation = null
	ssl.trustmanager.algorithm = PKIX
	ssl.truststore.certificates = null
	ssl.truststore.location = null
	ssl.truststore.password = null
	ssl.truststore.type = JKS
	value.deserializer = class io.apicurio.registry.serde.avro.AvroKafkaDeserializer

2025-07-31 18:17:56,891 INFO  [org.apa.kaf.com.tel.int.KafkaMetricsCollector] (main) initializing Kafka metrics collector
2025-07-31 18:17:56,905 INFO  [org.apa.kaf.cli.Metadata] (kafka-producer-network-thread | Producer-topic-22ce5cf7_3154_467c_b884_35c2fba939ae) [Producer clientId=Producer-topic-22ce5cf7_3154_467c_b884_35c2fba939ae] Cluster ID: MOk99p_ARaW4Dib0x4tLFg
2025-07-31 18:17:56,908 INFO  [org.apa.kaf.cli.pro.int.TransactionManager] (kafka-producer-network-thread | Producer-topic-22ce5cf7_3154_467c_b884_35c2fba939ae) [Producer clientId=Producer-topic-22ce5cf7_3154_467c_b884_35c2fba939ae] ProducerId set to 11 with epoch 0
2025-07-31 18:17:56,910 INFO  [org.apa.kaf.cli.con.ConsumerConfig] (main) These configurations '[apicurio.registry.url]' were supplied but are not used yet.
2025-07-31 18:17:56,910 INFO  [org.apa.kaf.com.uti.AppInfoParser] (main) Kafka version: 3.9.1
2025-07-31 18:17:56,910 INFO  [org.apa.kaf.com.uti.AppInfoParser] (main) Kafka commitId: f745dfdcee2b9851
2025-07-31 18:17:56,910 INFO  [org.apa.kaf.com.uti.AppInfoParser] (main) Kafka startTimeMs: 1753985876910
2025-07-31 18:17:56,919 INFO  [io.api.tes.ser.api.KafkaSerdesTester] (Thread-653) Sending message {"key11753985875809": "value-0"} to topic topic-22ce5cf7_3154_467c_b884_35c2fba939ae
2025-07-31 18:17:56,931 INFO  [DefaultSchemaResolver] (Thread-653) Retrieving schema content using string: {"type":"record","name":"sf75e5ecdxd7f8x4368xaf20x71d38c62feea","namespace":"ns_fba41dbe_bbf4_4559_8ded_e2b915cadbdb","fields":[{"name":"key11753985875809","type":"string"}]}
2025-07-31 18:17:56,961 INFO  [io.api.tes.ser.api.KafkaSerdesTester] (Thread-653) Sending message {"key11753985875809": "value-1"} to topic topic-22ce5cf7_3154_467c_b884_35c2fba939ae
2025-07-31 18:17:56,964 INFO  [io.api.tes.ser.api.KafkaSerdesTester] (Thread-653) Sending message {"key11753985875809": "value-2"} to topic topic-22ce5cf7_3154_467c_b884_35c2fba939ae
2025-07-31 18:17:56,966 INFO  [io.api.tes.ser.api.KafkaSerdesTester] (Thread-653) Sending message {"key11753985875809": "value-3"} to topic topic-22ce5cf7_3154_467c_b884_35c2fba939ae
2025-07-31 18:17:56,967 INFO  [io.api.tes.ser.api.KafkaSerdesTester] (Thread-653) Sending message {"key11753985875809": "value-4"} to topic topic-22ce5cf7_3154_467c_b884_35c2fba939ae
2025-07-31 18:17:56,974 INFO  [io.api.tes.ser.api.KafkaSerdesTester] (Thread-653) Sending message {"key11753985875809": "value-5"} to topic topic-22ce5cf7_3154_467c_b884_35c2fba939ae
2025-07-31 18:17:56,977 INFO  [io.api.tes.ser.api.KafkaSerdesTester] (Thread-653) Sending message {"key11753985875809": "value-6"} to topic topic-22ce5cf7_3154_467c_b884_35c2fba939ae
2025-07-31 18:17:56,980 INFO  [io.api.tes.ser.api.KafkaSerdesTester] (Thread-653) Sending message {"key11753985875809": "value-7"} to topic topic-22ce5cf7_3154_467c_b884_35c2fba939ae
2025-07-31 18:17:56,985 INFO  [io.api.tes.ser.api.KafkaSerdesTester] (Thread-653) Sending message {"key11753985875809": "value-8"} to topic topic-22ce5cf7_3154_467c_b884_35c2fba939ae
2025-07-31 18:17:56,988 INFO  [io.api.tes.ser.api.KafkaSerdesTester] (Thread-653) Sending message {"key11753985875809": "value-9"} to topic topic-22ce5cf7_3154_467c_b884_35c2fba939ae
2025-07-31 18:17:56,990 INFO  [io.api.tes.ser.api.KafkaSerdesTester] (Thread-653) Produced 10 messages
2025-07-31 18:17:56,992 INFO  [org.apa.kaf.cli.con.int.ClassicKafkaConsumer] (Thread-654) [Consumer clientId=consumer-Consumer-topic-22ce5cf7_3154_467c_b884_35c2fba939ae-9, groupId=Consumer-topic-22ce5cf7_3154_467c_b884_35c2fba939ae] Subscribed to topic(s): topic-22ce5cf7_3154_467c_b884_35c2fba939ae
2025-07-31 18:17:56,998 INFO  [org.apa.kaf.cli.Metadata] (Thread-654) [Consumer clientId=consumer-Consumer-topic-22ce5cf7_3154_467c_b884_35c2fba939ae-9, groupId=Consumer-topic-22ce5cf7_3154_467c_b884_35c2fba939ae] Cluster ID: MOk99p_ARaW4Dib0x4tLFg
2025-07-31 18:17:56,999 INFO  [org.apa.kaf.cli.con.int.ConsumerCoordinator] (Thread-654) [Consumer clientId=consumer-Consumer-topic-22ce5cf7_3154_467c_b884_35c2fba939ae-9, groupId=Consumer-topic-22ce5cf7_3154_467c_b884_35c2fba939ae] Discovered group coordinator localhost:32770 (id: 2147483647 rack: null)
2025-07-31 18:17:57,001 INFO  [org.apa.kaf.cli.con.int.ConsumerCoordinator] (Thread-654) [Consumer clientId=consumer-Consumer-topic-22ce5cf7_3154_467c_b884_35c2fba939ae-9, groupId=Consumer-topic-22ce5cf7_3154_467c_b884_35c2fba939ae] (Re-)joining group
2025-07-31 18:17:57,006 INFO  [org.apa.kaf.cli.con.int.ConsumerCoordinator] (Thread-654) [Consumer clientId=consumer-Consumer-topic-22ce5cf7_3154_467c_b884_35c2fba939ae-9, groupId=Consumer-topic-22ce5cf7_3154_467c_b884_35c2fba939ae] Request joining group due to: need to re-join with the given member-id: consumer-Consumer-topic-22ce5cf7_3154_467c_b884_35c2fba939ae-9-0a23ab4d-b4ec-42cb-9058-cf985de59ebc
2025-07-31 18:17:57,006 INFO  [org.apa.kaf.cli.con.int.ConsumerCoordinator] (Thread-654) [Consumer clientId=consumer-Consumer-topic-22ce5cf7_3154_467c_b884_35c2fba939ae-9, groupId=Consumer-topic-22ce5cf7_3154_467c_b884_35c2fba939ae] (Re-)joining group
2025-07-31 18:17:57,009 INFO  [org.apa.kaf.cli.con.int.ConsumerCoordinator] (Thread-654) [Consumer clientId=consumer-Consumer-topic-22ce5cf7_3154_467c_b884_35c2fba939ae-9, groupId=Consumer-topic-22ce5cf7_3154_467c_b884_35c2fba939ae] Successfully joined group with generation Generation{generationId=1, memberId='consumer-Consumer-topic-22ce5cf7_3154_467c_b884_35c2fba939ae-9-0a23ab4d-b4ec-42cb-9058-cf985de59ebc', protocol='range'}
2025-07-31 18:17:57,009 INFO  [org.apa.kaf.cli.con.int.ConsumerCoordinator] (Thread-654) [Consumer clientId=consumer-Consumer-topic-22ce5cf7_3154_467c_b884_35c2fba939ae-9, groupId=Consumer-topic-22ce5cf7_3154_467c_b884_35c2fba939ae] Finished assignment for group at generation 1: {consumer-Consumer-topic-22ce5cf7_3154_467c_b884_35c2fba939ae-9-0a23ab4d-b4ec-42cb-9058-cf985de59ebc=Assignment(partitions=[topic-22ce5cf7_3154_467c_b884_35c2fba939ae-0])}
2025-07-31 18:17:57,012 INFO  [org.apa.kaf.cli.con.int.ConsumerCoordinator] (Thread-654) [Consumer clientId=consumer-Consumer-topic-22ce5cf7_3154_467c_b884_35c2fba939ae-9, groupId=Consumer-topic-22ce5cf7_3154_467c_b884_35c2fba939ae] Successfully synced group in generation Generation{generationId=1, memberId='consumer-Consumer-topic-22ce5cf7_3154_467c_b884_35c2fba939ae-9-0a23ab4d-b4ec-42cb-9058-cf985de59ebc', protocol='range'}
2025-07-31 18:17:57,012 INFO  [org.apa.kaf.cli.con.int.ConsumerCoordinator] (Thread-654) [Consumer clientId=consumer-Consumer-topic-22ce5cf7_3154_467c_b884_35c2fba939ae-9, groupId=Consumer-topic-22ce5cf7_3154_467c_b884_35c2fba939ae] Notifying assignor about the new Assignment(partitions=[topic-22ce5cf7_3154_467c_b884_35c2fba939ae-0])
2025-07-31 18:17:57,012 INFO  [org.apa.kaf.cli.con.int.ConsumerRebalanceListenerInvoker] (Thread-654) [Consumer clientId=consumer-Consumer-topic-22ce5cf7_3154_467c_b884_35c2fba939ae-9, groupId=Consumer-topic-22ce5cf7_3154_467c_b884_35c2fba939ae] Adding newly assigned partitions: topic-22ce5cf7_3154_467c_b884_35c2fba939ae-0
2025-07-31 18:17:57,015 INFO  [org.apa.kaf.cli.con.int.ConsumerCoordinator] (Thread-654) [Consumer clientId=consumer-Consumer-topic-22ce5cf7_3154_467c_b884_35c2fba939ae-9, groupId=Consumer-topic-22ce5cf7_3154_467c_b884_35c2fba939ae] Found no committed offset for partition topic-22ce5cf7_3154_467c_b884_35c2fba939ae-0
2025-07-31 18:17:57,022 INFO  [org.apa.kaf.cli.con.int.SubscriptionState] (Thread-654) [Consumer clientId=consumer-Consumer-topic-22ce5cf7_3154_467c_b884_35c2fba939ae-9, groupId=Consumer-topic-22ce5cf7_3154_467c_b884_35c2fba939ae] Resetting offset for partition topic-22ce5cf7_3154_467c_b884_35c2fba939ae-0 to position FetchPosition{offset=0, offsetEpoch=Optional.empty, currentLeader=LeaderAndEpoch{leader=Optional[localhost:32770 (id: 0 rack: null)], epoch=0}}.
2025-07-31 18:17:57,067 INFO  [io.api.tes.ser.api.KafkaSerdesTester] (Thread-654) topic-22ce5cf7_3154_467c_b884_35c2fba939ae 0 0 {"key11753985875809": "value-0"}
2025-07-31 18:17:57,067 INFO  [io.api.tes.ser.api.KafkaSerdesTester] (Thread-654) topic-22ce5cf7_3154_467c_b884_35c2fba939ae 0 1 {"key11753985875809": "value-1"}
2025-07-31 18:17:57,067 INFO  [io.api.tes.ser.api.KafkaSerdesTester] (Thread-654) topic-22ce5cf7_3154_467c_b884_35c2fba939ae 0 2 {"key11753985875809": "value-2"}
2025-07-31 18:17:57,067 INFO  [io.api.tes.ser.api.KafkaSerdesTester] (Thread-654) topic-22ce5cf7_3154_467c_b884_35c2fba939ae 0 3 {"key11753985875809": "value-3"}
2025-07-31 18:17:57,067 INFO  [io.api.tes.ser.api.KafkaSerdesTester] (Thread-654) topic-22ce5cf7_3154_467c_b884_35c2fba939ae 0 4 {"key11753985875809": "value-4"}
2025-07-31 18:17:57,067 INFO  [io.api.tes.ser.api.KafkaSerdesTester] (Thread-654) topic-22ce5cf7_3154_467c_b884_35c2fba939ae 0 5 {"key11753985875809": "value-5"}
2025-07-31 18:17:57,067 INFO  [io.api.tes.ser.api.KafkaSerdesTester] (Thread-654) topic-22ce5cf7_3154_467c_b884_35c2fba939ae 0 6 {"key11753985875809": "value-6"}
2025-07-31 18:17:57,067 INFO  [io.api.tes.ser.api.KafkaSerdesTester] (Thread-654) topic-22ce5cf7_3154_467c_b884_35c2fba939ae 0 7 {"key11753985875809": "value-7"}
2025-07-31 18:17:57,067 INFO  [io.api.tes.ser.api.KafkaSerdesTester] (Thread-654) topic-22ce5cf7_3154_467c_b884_35c2fba939ae 0 8 {"key11753985875809": "value-8"}
2025-07-31 18:17:57,067 INFO  [io.api.tes.ser.api.KafkaSerdesTester] (Thread-654) topic-22ce5cf7_3154_467c_b884_35c2fba939ae 0 9 {"key11753985875809": "value-9"}
2025-07-31 18:17:57,067 INFO  [io.api.tes.ser.api.KafkaSerdesTester] (Thread-654) Consumed 10 messages
2025-07-31 18:17:57,068 INFO  [io.api.tes.ser.api.AvroSerdeIT] (main) Registering Avro Schema 2: {"type":"record","name":"sf75e5ecdxd7f8x4368xaf20x71d38c62feea","namespace":"ns_fba41dbe_bbf4_4559_8ded_e2b915cadbdb","fields":[{"name":"key11753985875809","type":"string"},{"name":"key21753985877067","type":"string"}]}
2025-07-31 18:17:58,129 INFO  [io.api.tes.ser.api.KafkaSerdesTester] (Thread-655) Sending message {"key11753985875809": "value-0", "key21753985877067": "value-0"} to topic topic-22ce5cf7_3154_467c_b884_35c2fba939ae
2025-07-31 18:17:58,129 INFO  [DefaultSchemaResolver] (Thread-655) Retrieving schema content using string: {"type":"record","name":"sf75e5ecdxd7f8x4368xaf20x71d38c62feea","namespace":"ns_fba41dbe_bbf4_4559_8ded_e2b915cadbdb","fields":[{"name":"key11753985875809","type":"string"},{"name":"key21753985877067","type":"string"}]}
2025-07-31 18:17:58,148 INFO  [io.api.tes.ser.api.KafkaSerdesTester] (Thread-655) Sending message {"key11753985875809": "value-1", "key21753985877067": "value-1"} to topic topic-22ce5cf7_3154_467c_b884_35c2fba939ae
2025-07-31 18:17:58,149 INFO  [io.api.tes.ser.api.KafkaSerdesTester] (Thread-655) Sending message {"key11753985875809": "value-2", "key21753985877067": "value-2"} to topic topic-22ce5cf7_3154_467c_b884_35c2fba939ae
2025-07-31 18:17:58,151 INFO  [io.api.tes.ser.api.KafkaSerdesTester] (Thread-655) Sending message {"key11753985875809": "value-3", "key21753985877067": "value-3"} to topic topic-22ce5cf7_3154_467c_b884_35c2fba939ae
2025-07-31 18:17:58,154 INFO  [io.api.tes.ser.api.KafkaSerdesTester] (Thread-655) Sending message {"key11753985875809": "value-4", "key21753985877067": "value-4"} to topic topic-22ce5cf7_3154_467c_b884_35c2fba939ae
2025-07-31 18:17:58,157 INFO  [io.api.tes.ser.api.KafkaSerdesTester] (Thread-655) Sending message {"key11753985875809": "value-5", "key21753985877067": "value-5"} to topic topic-22ce5cf7_3154_467c_b884_35c2fba939ae
2025-07-31 18:17:58,164 INFO  [io.api.tes.ser.api.KafkaSerdesTester] (Thread-655) Sending message {"key11753985875809": "value-6", "key21753985877067": "value-6"} to topic topic-22ce5cf7_3154_467c_b884_35c2fba939ae
2025-07-31 18:17:58,168 INFO  [io.api.tes.ser.api.KafkaSerdesTester] (Thread-655) Sending message {"key11753985875809": "value-7", "key21753985877067": "value-7"} to topic topic-22ce5cf7_3154_467c_b884_35c2fba939ae
2025-07-31 18:17:58,170 INFO  [io.api.tes.ser.api.KafkaSerdesTester] (Thread-655) Sending message {"key11753985875809": "value-8", "key21753985877067": "value-8"} to topic topic-22ce5cf7_3154_467c_b884_35c2fba939ae
2025-07-31 18:17:58,175 INFO  [io.api.tes.ser.api.KafkaSerdesTester] (Thread-655) Sending message {"key11753985875809": "value-9", "key21753985877067": "value-9"} to topic topic-22ce5cf7_3154_467c_b884_35c2fba939ae
2025-07-31 18:17:58,177 INFO  [io.api.tes.ser.api.KafkaSerdesTester] (Thread-655) Produced 10 messages
2025-07-31 18:17:58,179 INFO  [io.api.tes.ser.api.KafkaSerdesTester] (Thread-656) Sending message {"key11753985875809": "value-0"} to topic topic-22ce5cf7_3154_467c_b884_35c2fba939ae
2025-07-31 18:17:58,181 INFO  [io.api.tes.ser.api.KafkaSerdesTester] (Thread-656) Sending message {"key11753985875809": "value-1"} to topic topic-22ce5cf7_3154_467c_b884_35c2fba939ae
2025-07-31 18:17:58,185 INFO  [io.api.tes.ser.api.KafkaSerdesTester] (Thread-656) Sending message {"key11753985875809": "value-2"} to topic topic-22ce5cf7_3154_467c_b884_35c2fba939ae
2025-07-31 18:17:58,191 INFO  [io.api.tes.ser.api.KafkaSerdesTester] (Thread-656) Sending message {"key11753985875809": "value-3"} to topic topic-22ce5cf7_3154_467c_b884_35c2fba939ae
2025-07-31 18:17:58,193 INFO  [io.api.tes.ser.api.KafkaSerdesTester] (Thread-656) Sending message {"key11753985875809": "value-4"} to topic topic-22ce5cf7_3154_467c_b884_35c2fba939ae
2025-07-31 18:17:58,196 INFO  [io.api.tes.ser.api.KafkaSerdesTester] (Thread-656) Sending message {"key11753985875809": "value-5"} to topic topic-22ce5cf7_3154_467c_b884_35c2fba939ae
2025-07-31 18:17:58,198 INFO  [io.api.tes.ser.api.KafkaSerdesTester] (Thread-656) Sending message {"key11753985875809": "value-6"} to topic topic-22ce5cf7_3154_467c_b884_35c2fba939ae
2025-07-31 18:17:58,200 INFO  [io.api.tes.ser.api.KafkaSerdesTester] (Thread-656) Sending message {"key11753985875809": "value-7"} to topic topic-22ce5cf7_3154_467c_b884_35c2fba939ae
2025-07-31 18:17:58,202 INFO  [io.api.tes.ser.api.KafkaSerdesTester] (Thread-656) Sending message {"key11753985875809": "value-8"} to topic topic-22ce5cf7_3154_467c_b884_35c2fba939ae
2025-07-31 18:17:58,204 INFO  [io.api.tes.ser.api.KafkaSerdesTester] (Thread-656) Sending message {"key11753985875809": "value-9"} to topic topic-22ce5cf7_3154_467c_b884_35c2fba939ae
2025-07-31 18:17:58,205 INFO  [io.api.tes.ser.api.KafkaSerdesTester] (Thread-656) Produced 10 messages
2025-07-31 18:17:58,207 INFO  [org.apa.kaf.cli.con.int.ClassicKafkaConsumer] (Thread-657) [Consumer clientId=consumer-Consumer-topic-22ce5cf7_3154_467c_b884_35c2fba939ae-9, groupId=Consumer-topic-22ce5cf7_3154_467c_b884_35c2fba939ae] Subscribed to topic(s): topic-22ce5cf7_3154_467c_b884_35c2fba939ae
2025-07-31 18:17:58,238 INFO  [io.api.tes.ser.api.KafkaSerdesTester] (Thread-657) topic-22ce5cf7_3154_467c_b884_35c2fba939ae 0 10 {"key11753985875809": "value-0", "key21753985877067": "value-0"}
2025-07-31 18:17:58,238 INFO  [io.api.tes.ser.api.KafkaSerdesTester] (Thread-657) topic-22ce5cf7_3154_467c_b884_35c2fba939ae 0 11 {"key11753985875809": "value-1", "key21753985877067": "value-1"}
2025-07-31 18:17:58,238 INFO  [io.api.tes.ser.api.KafkaSerdesTester] (Thread-657) topic-22ce5cf7_3154_467c_b884_35c2fba939ae 0 12 {"key11753985875809": "value-2", "key21753985877067": "value-2"}
2025-07-31 18:17:58,238 INFO  [io.api.tes.ser.api.KafkaSerdesTester] (Thread-657) topic-22ce5cf7_3154_467c_b884_35c2fba939ae 0 13 {"key11753985875809": "value-3", "key21753985877067": "value-3"}
2025-07-31 18:17:58,238 INFO  [io.api.tes.ser.api.KafkaSerdesTester] (Thread-657) topic-22ce5cf7_3154_467c_b884_35c2fba939ae 0 14 {"key11753985875809": "value-4", "key21753985877067": "value-4"}
2025-07-31 18:17:58,238 INFO  [io.api.tes.ser.api.KafkaSerdesTester] (Thread-657) topic-22ce5cf7_3154_467c_b884_35c2fba939ae 0 15 {"key11753985875809": "value-5", "key21753985877067": "value-5"}
2025-07-31 18:17:58,238 INFO  [io.api.tes.ser.api.KafkaSerdesTester] (Thread-657) topic-22ce5cf7_3154_467c_b884_35c2fba939ae 0 16 {"key11753985875809": "value-6", "key21753985877067": "value-6"}
2025-07-31 18:17:58,239 INFO  [io.api.tes.ser.api.KafkaSerdesTester] (Thread-657) topic-22ce5cf7_3154_467c_b884_35c2fba939ae 0 17 {"key11753985875809": "value-7", "key21753985877067": "value-7"}
2025-07-31 18:17:58,239 INFO  [io.api.tes.ser.api.KafkaSerdesTester] (Thread-657) topic-22ce5cf7_3154_467c_b884_35c2fba939ae 0 18 {"key11753985875809": "value-8", "key21753985877067": "value-8"}
2025-07-31 18:17:58,239 INFO  [io.api.tes.ser.api.KafkaSerdesTester] (Thread-657) topic-22ce5cf7_3154_467c_b884_35c2fba939ae 0 19 {"key11753985875809": "value-9", "key21753985877067": "value-9"}
2025-07-31 18:17:58,239 INFO  [io.api.tes.ser.api.KafkaSerdesTester] (Thread-657) topic-22ce5cf7_3154_467c_b884_35c2fba939ae 0 20 {"key11753985875809": "value-0"}
2025-07-31 18:17:58,239 INFO  [io.api.tes.ser.api.KafkaSerdesTester] (Thread-657) topic-22ce5cf7_3154_467c_b884_35c2fba939ae 0 21 {"key11753985875809": "value-1"}
2025-07-31 18:17:58,239 INFO  [io.api.tes.ser.api.KafkaSerdesTester] (Thread-657) topic-22ce5cf7_3154_467c_b884_35c2fba939ae 0 22 {"key11753985875809": "value-2"}
2025-07-31 18:17:58,239 INFO  [io.api.tes.ser.api.KafkaSerdesTester] (Thread-657) topic-22ce5cf7_3154_467c_b884_35c2fba939ae 0 23 {"key11753985875809": "value-3"}
2025-07-31 18:17:58,239 INFO  [io.api.tes.ser.api.KafkaSerdesTester] (Thread-657) topic-22ce5cf7_3154_467c_b884_35c2fba939ae 0 24 {"key11753985875809": "value-4"}
2025-07-31 18:17:58,239 INFO  [io.api.tes.ser.api.KafkaSerdesTester] (Thread-657) topic-22ce5cf7_3154_467c_b884_35c2fba939ae 0 25 {"key11753985875809": "value-5"}
2025-07-31 18:17:58,239 INFO  [io.api.tes.ser.api.KafkaSerdesTester] (Thread-657) topic-22ce5cf7_3154_467c_b884_35c2fba939ae 0 26 {"key11753985875809": "value-6"}
2025-07-31 18:17:58,239 INFO  [io.api.tes.ser.api.KafkaSerdesTester] (Thread-657) topic-22ce5cf7_3154_467c_b884_35c2fba939ae 0 27 {"key11753985875809": "value-7"}
2025-07-31 18:17:58,239 INFO  [io.api.tes.ser.api.KafkaSerdesTester] (Thread-657) topic-22ce5cf7_3154_467c_b884_35c2fba939ae 0 28 {"key11753985875809": "value-8"}
2025-07-31 18:17:58,239 INFO  [io.api.tes.ser.api.KafkaSerdesTester] (Thread-657) topic-22ce5cf7_3154_467c_b884_35c2fba939ae 0 29 {"key11753985875809": "value-9"}
2025-07-31 18:17:58,239 INFO  [io.api.tes.ser.api.KafkaSerdesTester] (Thread-657) Consumed 20 messages
2025-07-31 18:17:58,240 INFO  [io.api.tes.ser.api.AvroSerdeIT] (main) Registering Avro Schema 3: {"type":"record","name":"sf75e5ecdxd7f8x4368xaf20x71d38c62feea","namespace":"ns_fba41dbe_bbf4_4559_8ded_e2b915cadbdb","fields":[{"name":"key11753985875809","type":"string"},{"name":"key21753985877067","type":"string"},{"name":"key31753985878239","type":"string"}]}
2025-07-31 18:17:59,303 INFO  [io.api.tes.ser.api.KafkaSerdesTester] (Thread-658) Sending message {"key11753985875809": "value-0", "key21753985877067": "value-0", "key31753985878239": "value-0"} to topic topic-22ce5cf7_3154_467c_b884_35c2fba939ae
2025-07-31 18:17:59,304 INFO  [DefaultSchemaResolver] (Thread-658) Retrieving schema content using string: {"type":"record","name":"sf75e5ecdxd7f8x4368xaf20x71d38c62feea","namespace":"ns_fba41dbe_bbf4_4559_8ded_e2b915cadbdb","fields":[{"name":"key11753985875809","type":"string"},{"name":"key21753985877067","type":"string"},{"name":"key31753985878239","type":"string"}]}
2025-07-31 18:17:59,320 INFO  [io.api.tes.ser.api.KafkaSerdesTester] (Thread-658) Sending message {"key11753985875809": "value-1", "key21753985877067": "value-1", "key31753985878239": "value-1"} to topic topic-22ce5cf7_3154_467c_b884_35c2fba939ae
2025-07-31 18:17:59,322 INFO  [io.api.tes.ser.api.KafkaSerdesTester] (Thread-658) Sending message {"key11753985875809": "value-2", "key21753985877067": "value-2", "key31753985878239": "value-2"} to topic topic-22ce5cf7_3154_467c_b884_35c2fba939ae
2025-07-31 18:17:59,323 INFO  [io.api.tes.ser.api.KafkaSerdesTester] (Thread-658) Sending message {"key11753985875809": "value-3", "key21753985877067": "value-3", "key31753985878239": "value-3"} to topic topic-22ce5cf7_3154_467c_b884_35c2fba939ae
2025-07-31 18:17:59,325 INFO  [io.api.tes.ser.api.KafkaSerdesTester] (Thread-658) Sending message {"key11753985875809": "value-4", "key21753985877067": "value-4", "key31753985878239": "value-4"} to topic topic-22ce5cf7_3154_467c_b884_35c2fba939ae
2025-07-31 18:17:59,326 INFO  [io.api.tes.ser.api.KafkaSerdesTester] (Thread-658) Sending message {"key11753985875809": "value-5", "key21753985877067": "value-5", "key31753985878239": "value-5"} to topic topic-22ce5cf7_3154_467c_b884_35c2fba939ae
2025-07-31 18:17:59,327 INFO  [io.api.tes.ser.api.KafkaSerdesTester] (Thread-658) Sending message {"key11753985875809": "value-6", "key21753985877067": "value-6", "key31753985878239": "value-6"} to topic topic-22ce5cf7_3154_467c_b884_35c2fba939ae
2025-07-31 18:17:59,329 INFO  [io.api.tes.ser.api.KafkaSerdesTester] (Thread-658) Sending message {"key11753985875809": "value-7", "key21753985877067": "value-7", "key31753985878239": "value-7"} to topic topic-22ce5cf7_3154_467c_b884_35c2fba939ae
2025-07-31 18:17:59,330 INFO  [io.api.tes.ser.api.KafkaSerdesTester] (Thread-658) Sending message {"key11753985875809": "value-8", "key21753985877067": "value-8", "key31753985878239": "value-8"} to topic topic-22ce5cf7_3154_467c_b884_35c2fba939ae
2025-07-31 18:17:59,332 INFO  [io.api.tes.ser.api.KafkaSerdesTester] (Thread-658) Sending message {"key11753985875809": "value-9", "key21753985877067": "value-9", "key31753985878239": "value-9"} to topic topic-22ce5cf7_3154_467c_b884_35c2fba939ae
2025-07-31 18:17:59,333 INFO  [io.api.tes.ser.api.KafkaSerdesTester] (Thread-658) Produced 10 messages
2025-07-31 18:17:59,334 INFO  [io.api.tes.ser.api.KafkaSerdesTester] (Thread-659) Sending message {"key11753985875809": "value-0", "key21753985877067": "value-0"} to topic topic-22ce5cf7_3154_467c_b884_35c2fba939ae
2025-07-31 18:17:59,337 INFO  [io.api.tes.ser.api.KafkaSerdesTester] (Thread-659) Sending message {"key11753985875809": "value-1", "key21753985877067": "value-1"} to topic topic-22ce5cf7_3154_467c_b884_35c2fba939ae
2025-07-31 18:17:59,340 INFO  [io.api.tes.ser.api.KafkaSerdesTester] (Thread-659) Sending message {"key11753985875809": "value-2", "key21753985877067": "value-2"} to topic topic-22ce5cf7_3154_467c_b884_35c2fba939ae
2025-07-31 18:17:59,343 INFO  [io.api.tes.ser.api.KafkaSerdesTester] (Thread-659) Sending message {"key11753985875809": "value-3", "key21753985877067": "value-3"} to topic topic-22ce5cf7_3154_467c_b884_35c2fba939ae
2025-07-31 18:17:59,344 INFO  [io.api.tes.ser.api.KafkaSerdesTester] (Thread-659) Sending message {"key11753985875809": "value-4", "key21753985877067": "value-4"} to topic topic-22ce5cf7_3154_467c_b884_35c2fba939ae
2025-07-31 18:17:59,346 INFO  [io.api.tes.ser.api.KafkaSerdesTester] (Thread-659) Sending message {"key11753985875809": "value-5", "key21753985877067": "value-5"} to topic topic-22ce5cf7_3154_467c_b884_35c2fba939ae
2025-07-31 18:17:59,348 INFO  [io.api.tes.ser.api.KafkaSerdesTester] (Thread-659) Sending message {"key11753985875809": "value-6", "key21753985877067": "value-6"} to topic topic-22ce5cf7_3154_467c_b884_35c2fba939ae
2025-07-31 18:17:59,354 INFO  [io.api.tes.ser.api.KafkaSerdesTester] (Thread-659) Sending message {"key11753985875809": "value-7", "key21753985877067": "value-7"} to topic topic-22ce5cf7_3154_467c_b884_35c2fba939ae
2025-07-31 18:17:59,359 INFO  [io.api.tes.ser.api.KafkaSerdesTester] (Thread-659) Sending message {"key11753985875809": "value-8", "key21753985877067": "value-8"} to topic topic-22ce5cf7_3154_467c_b884_35c2fba939ae
2025-07-31 18:17:59,362 INFO  [io.api.tes.ser.api.KafkaSerdesTester] (Thread-659) Sending message {"key11753985875809": "value-9", "key21753985877067": "value-9"} to topic topic-22ce5cf7_3154_467c_b884_35c2fba939ae
2025-07-31 18:17:59,364 INFO  [io.api.tes.ser.api.KafkaSerdesTester] (Thread-659) Produced 10 messages
2025-07-31 18:17:59,365 INFO  [io.api.tes.ser.api.KafkaSerdesTester] (Thread-660) Sending message {"key11753985875809": "value-0"} to topic topic-22ce5cf7_3154_467c_b884_35c2fba939ae
2025-07-31 18:17:59,366 INFO  [io.api.tes.ser.api.KafkaSerdesTester] (Thread-660) Sending message {"key11753985875809": "value-1"} to topic topic-22ce5cf7_3154_467c_b884_35c2fba939ae
2025-07-31 18:17:59,368 INFO  [io.api.tes.ser.api.KafkaSerdesTester] (Thread-660) Sending message {"key11753985875809": "value-2"} to topic topic-22ce5cf7_3154_467c_b884_35c2fba939ae
2025-07-31 18:17:59,370 INFO  [io.api.tes.ser.api.KafkaSerdesTester] (Thread-660) Sending message {"key11753985875809": "value-3"} to topic topic-22ce5cf7_3154_467c_b884_35c2fba939ae
2025-07-31 18:17:59,372 INFO  [io.api.tes.ser.api.KafkaSerdesTester] (Thread-660) Sending message {"key11753985875809": "value-4"} to topic topic-22ce5cf7_3154_467c_b884_35c2fba939ae
2025-07-31 18:17:59,374 INFO  [io.api.tes.ser.api.KafkaSerdesTester] (Thread-660) Sending message {"key11753985875809": "value-5"} to topic topic-22ce5cf7_3154_467c_b884_35c2fba939ae
2025-07-31 18:17:59,376 INFO  [io.api.tes.ser.api.KafkaSerdesTester] (Thread-660) Sending message {"key11753985875809": "value-6"} to topic topic-22ce5cf7_3154_467c_b884_35c2fba939ae
2025-07-31 18:17:59,378 INFO  [io.api.tes.ser.api.KafkaSerdesTester] (Thread-660) Sending message {"key11753985875809": "value-7"} to topic topic-22ce5cf7_3154_467c_b884_35c2fba939ae
2025-07-31 18:17:59,380 INFO  [io.api.tes.ser.api.KafkaSerdesTester] (Thread-660) Sending message {"key11753985875809": "value-8"} to topic topic-22ce5cf7_3154_467c_b884_35c2fba939ae
2025-07-31 18:17:59,382 INFO  [io.api.tes.ser.api.KafkaSerdesTester] (Thread-660) Sending message {"key11753985875809": "value-9"} to topic topic-22ce5cf7_3154_467c_b884_35c2fba939ae
2025-07-31 18:17:59,383 INFO  [io.api.tes.ser.api.KafkaSerdesTester] (Thread-660) Produced 10 messages
2025-07-31 18:17:59,385 INFO  [org.apa.kaf.cli.con.int.ClassicKafkaConsumer] (Thread-661) [Consumer clientId=consumer-Consumer-topic-22ce5cf7_3154_467c_b884_35c2fba939ae-9, groupId=Consumer-topic-22ce5cf7_3154_467c_b884_35c2fba939ae] Subscribed to topic(s): topic-22ce5cf7_3154_467c_b884_35c2fba939ae
2025-07-31 18:17:59,419 INFO  [io.api.tes.ser.api.KafkaSerdesTester] (Thread-661) topic-22ce5cf7_3154_467c_b884_35c2fba939ae 0 30 {"key11753985875809": "value-0", "key21753985877067": "value-0", "key31753985878239": "value-0"}
2025-07-31 18:17:59,419 INFO  [io.api.tes.ser.api.KafkaSerdesTester] (Thread-661) topic-22ce5cf7_3154_467c_b884_35c2fba939ae 0 31 {"key11753985875809": "value-1", "key21753985877067": "value-1", "key31753985878239": "value-1"}
2025-07-31 18:17:59,419 INFO  [io.api.tes.ser.api.KafkaSerdesTester] (Thread-661) topic-22ce5cf7_3154_467c_b884_35c2fba939ae 0 32 {"key11753985875809": "value-2", "key21753985877067": "value-2", "key31753985878239": "value-2"}
2025-07-31 18:17:59,420 INFO  [io.api.tes.ser.api.KafkaSerdesTester] (Thread-661) topic-22ce5cf7_3154_467c_b884_35c2fba939ae 0 33 {"key11753985875809": "value-3", "key21753985877067": "value-3", "key31753985878239": "value-3"}
2025-07-31 18:17:59,420 INFO  [io.api.tes.ser.api.KafkaSerdesTester] (Thread-661) topic-22ce5cf7_3154_467c_b884_35c2fba939ae 0 34 {"key11753985875809": "value-4", "key21753985877067": "value-4", "key31753985878239": "value-4"}
2025-07-31 18:17:59,420 INFO  [io.api.tes.ser.api.KafkaSerdesTester] (Thread-661) topic-22ce5cf7_3154_467c_b884_35c2fba939ae 0 35 {"key11753985875809": "value-5", "key21753985877067": "value-5", "key31753985878239": "value-5"}
2025-07-31 18:17:59,420 INFO  [io.api.tes.ser.api.KafkaSerdesTester] (Thread-661) topic-22ce5cf7_3154_467c_b884_35c2fba939ae 0 36 {"key11753985875809": "value-6", "key21753985877067": "value-6", "key31753985878239": "value-6"}
2025-07-31 18:17:59,420 INFO  [io.api.tes.ser.api.KafkaSerdesTester] (Thread-661) topic-22ce5cf7_3154_467c_b884_35c2fba939ae 0 37 {"key11753985875809": "value-7", "key21753985877067": "value-7", "key31753985878239": "value-7"}
2025-07-31 18:17:59,420 INFO  [io.api.tes.ser.api.KafkaSerdesTester] (Thread-661) topic-22ce5cf7_3154_467c_b884_35c2fba939ae 0 38 {"key11753985875809": "value-8", "key21753985877067": "value-8", "key31753985878239": "value-8"}
2025-07-31 18:17:59,420 INFO  [io.api.tes.ser.api.KafkaSerdesTester] (Thread-661) topic-22ce5cf7_3154_467c_b884_35c2fba939ae 0 39 {"key11753985875809": "value-9", "key21753985877067": "value-9", "key31753985878239": "value-9"}
2025-07-31 18:17:59,420 INFO  [io.api.tes.ser.api.KafkaSerdesTester] (Thread-661) topic-22ce5cf7_3154_467c_b884_35c2fba939ae 0 40 {"key11753985875809": "value-0", "key21753985877067": "value-0"}
2025-07-31 18:17:59,420 INFO  [io.api.tes.ser.api.KafkaSerdesTester] (Thread-661) topic-22ce5cf7_3154_467c_b884_35c2fba939ae 0 41 {"key11753985875809": "value-1", "key21753985877067": "value-1"}
2025-07-31 18:17:59,420 INFO  [io.api.tes.ser.api.KafkaSerdesTester] (Thread-661) topic-22ce5cf7_3154_467c_b884_35c2fba939ae 0 42 {"key11753985875809": "value-2", "key21753985877067": "value-2"}
2025-07-31 18:17:59,421 INFO  [io.api.tes.ser.api.KafkaSerdesTester] (Thread-661) topic-22ce5cf7_3154_467c_b884_35c2fba939ae 0 43 {"key11753985875809": "value-3", "key21753985877067": "value-3"}
2025-07-31 18:17:59,421 INFO  [io.api.tes.ser.api.KafkaSerdesTester] (Thread-661) topic-22ce5cf7_3154_467c_b884_35c2fba939ae 0 44 {"key11753985875809": "value-4", "key21753985877067": "value-4"}
2025-07-31 18:17:59,421 INFO  [io.api.tes.ser.api.KafkaSerdesTester] (Thread-661) topic-22ce5cf7_3154_467c_b884_35c2fba939ae 0 45 {"key11753985875809": "value-5", "key21753985877067": "value-5"}
2025-07-31 18:17:59,421 INFO  [io.api.tes.ser.api.KafkaSerdesTester] (Thread-661) topic-22ce5cf7_3154_467c_b884_35c2fba939ae 0 46 {"key11753985875809": "value-6", "key21753985877067": "value-6"}
2025-07-31 18:17:59,421 INFO  [io.api.tes.ser.api.KafkaSerdesTester] (Thread-661) topic-22ce5cf7_3154_467c_b884_35c2fba939ae 0 47 {"key11753985875809": "value-7", "key21753985877067": "value-7"}
2025-07-31 18:17:59,421 INFO  [io.api.tes.ser.api.KafkaSerdesTester] (Thread-661) topic-22ce5cf7_3154_467c_b884_35c2fba939ae 0 48 {"key11753985875809": "value-8", "key21753985877067": "value-8"}
2025-07-31 18:17:59,421 INFO  [io.api.tes.ser.api.KafkaSerdesTester] (Thread-661) topic-22ce5cf7_3154_467c_b884_35c2fba939ae 0 49 {"key11753985875809": "value-9", "key21753985877067": "value-9"}
2025-07-31 18:17:59,421 INFO  [io.api.tes.ser.api.KafkaSerdesTester] (Thread-661) topic-22ce5cf7_3154_467c_b884_35c2fba939ae 0 50 {"key11753985875809": "value-0"}
2025-07-31 18:17:59,421 INFO  [io.api.tes.ser.api.KafkaSerdesTester] (Thread-661) topic-22ce5cf7_3154_467c_b884_35c2fba939ae 0 51 {"key11753985875809": "value-1"}
2025-07-31 18:17:59,421 INFO  [io.api.tes.ser.api.KafkaSerdesTester] (Thread-661) topic-22ce5cf7_3154_467c_b884_35c2fba939ae 0 52 {"key11753985875809": "value-2"}
2025-07-31 18:17:59,421 INFO  [io.api.tes.ser.api.KafkaSerdesTester] (Thread-661) topic-22ce5cf7_3154_467c_b884_35c2fba939ae 0 53 {"key11753985875809": "value-3"}
2025-07-31 18:17:59,421 INFO  [io.api.tes.ser.api.KafkaSerdesTester] (Thread-661) topic-22ce5cf7_3154_467c_b884_35c2fba939ae 0 54 {"key11753985875809": "value-4"}
2025-07-31 18:17:59,421 INFO  [io.api.tes.ser.api.KafkaSerdesTester] (Thread-661) topic-22ce5cf7_3154_467c_b884_35c2fba939ae 0 55 {"key11753985875809": "value-5"}
2025-07-31 18:17:59,421 INFO  [io.api.tes.ser.api.KafkaSerdesTester] (Thread-661) topic-22ce5cf7_3154_467c_b884_35c2fba939ae 0 56 {"key11753985875809": "value-6"}
2025-07-31 18:17:59,421 INFO  [io.api.tes.ser.api.KafkaSerdesTester] (Thread-661) topic-22ce5cf7_3154_467c_b884_35c2fba939ae 0 57 {"key11753985875809": "value-7"}
2025-07-31 18:17:59,421 INFO  [io.api.tes.ser.api.KafkaSerdesTester] (Thread-661) topic-22ce5cf7_3154_467c_b884_35c2fba939ae 0 58 {"key11753985875809": "value-8"}
2025-07-31 18:17:59,421 INFO  [io.api.tes.ser.api.KafkaSerdesTester] (Thread-661) topic-22ce5cf7_3154_467c_b884_35c2fba939ae 0 59 {"key11753985875809": "value-9"}
2025-07-31 18:17:59,421 INFO  [io.api.tes.ser.api.KafkaSerdesTester] (Thread-661) Consumed 30 messages
2025-07-31 18:17:59,422 INFO  [org.apa.kaf.cli.pro.KafkaProducer] (main) [Producer clientId=Producer-topic-22ce5cf7_3154_467c_b884_35c2fba939ae] Closing the Kafka producer with timeoutMillis = 9223372036854775807 ms.
2025-07-31 18:17:59,424 INFO  [org.apa.kaf.com.met.Metrics] (main) Metrics scheduler closed
2025-07-31 18:17:59,424 INFO  [org.apa.kaf.com.met.Metrics] (main) Closing reporter org.apache.kafka.common.metrics.JmxReporter
2025-07-31 18:17:59,424 INFO  [org.apa.kaf.com.met.Metrics] (main) Closing reporter org.apache.kafka.common.telemetry.internals.ClientTelemetryReporter
2025-07-31 18:17:59,424 INFO  [org.apa.kaf.com.met.Metrics] (main) Metrics reporters closed
2025-07-31 18:17:59,424 INFO  [org.apa.kaf.com.uti.AppInfoParser] (main) App info kafka.producer for Producer-topic-22ce5cf7_3154_467c_b884_35c2fba939ae unregistered
2025-07-31 18:17:59,429 INFO  [org.apa.kaf.cli.con.int.ConsumerRebalanceListenerInvoker] (main) [Consumer clientId=consumer-Consumer-topic-22ce5cf7_3154_467c_b884_35c2fba939ae-9, groupId=Consumer-topic-22ce5cf7_3154_467c_b884_35c2fba939ae] Revoke previously assigned partitions topic-22ce5cf7_3154_467c_b884_35c2fba939ae-0
2025-07-31 18:17:59,429 INFO  [org.apa.kaf.cli.con.int.ConsumerCoordinator] (main) [Consumer clientId=consumer-Consumer-topic-22ce5cf7_3154_467c_b884_35c2fba939ae-9, groupId=Consumer-topic-22ce5cf7_3154_467c_b884_35c2fba939ae] Member consumer-Consumer-topic-22ce5cf7_3154_467c_b884_35c2fba939ae-9-0a23ab4d-b4ec-42cb-9058-cf985de59ebc sending LeaveGroup request to coordinator localhost:32770 (id: 2147483647 rack: null) due to the consumer is being closed
2025-07-31 18:17:59,430 INFO  [org.apa.kaf.cli.con.int.ConsumerCoordinator] (main) [Consumer clientId=consumer-Consumer-topic-22ce5cf7_3154_467c_b884_35c2fba939ae-9, groupId=Consumer-topic-22ce5cf7_3154_467c_b884_35c2fba939ae] Resetting generation and member id due to: consumer pro-actively leaving the group
2025-07-31 18:17:59,430 INFO  [org.apa.kaf.cli.con.int.ConsumerCoordinator] (main) [Consumer clientId=consumer-Consumer-topic-22ce5cf7_3154_467c_b884_35c2fba939ae-9, groupId=Consumer-topic-22ce5cf7_3154_467c_b884_35c2fba939ae] Request joining group due to: consumer pro-actively leaving the group
2025-07-31 18:17:59,921 INFO  [org.apa.kaf.com.met.Metrics] (main) Metrics scheduler closed
2025-07-31 18:17:59,921 INFO  [org.apa.kaf.com.met.Metrics] (main) Closing reporter org.apache.kafka.common.metrics.JmxReporter
2025-07-31 18:17:59,921 INFO  [org.apa.kaf.com.met.Metrics] (main) Closing reporter org.apache.kafka.common.telemetry.internals.ClientTelemetryReporter
2025-07-31 18:17:59,922 INFO  [org.apa.kaf.com.met.Metrics] (main) Metrics reporters closed
2025-07-31 18:17:59,925 INFO  [org.apa.kaf.com.uti.AppInfoParser] (main) App info kafka.consumer for consumer-Consumer-topic-22ce5cf7_3154_467c_b884_35c2fba939ae-9 unregistered
2025-07-31 18:17:59,925 INFO  [io.api.tes.uti.TestSeparator] (main) io.apicurio.tests.serdes.apicurio.AvroSerdeIT.testEvolveAvroApicurioReusingClient-FINISHED
2025-07-31 18:17:59,925 INFO  [io.api.tes.uti.TestSeparator] (main) ############################################################################
Test passed: testEvolveAvroApicurioReusingClient
]]></system-out>
  </testcase>
  <testcase name="testProducerUsesDefaultConsumerUsesGlobalId" classname="io.apicurio.tests.serdes.apicurio.AvroSerdeIT" time="0.0">
    <skipped message="void io.apicurio.tests.serdes.apicurio.AvroSerdeIT.testProducerUsesDefaultConsumerUsesGlobalId() throws java.lang.Exception is @Disabled"/>
  </testcase>
  <testcase name="testEvolveAvroApicurio" classname="io.apicurio.tests.serdes.apicurio.AvroSerdeIT" time="5.577">
    <system-out><![CDATA[2025-07-31 18:17:59,932 INFO  [io.api.tes.uti.TestSeparator] (main) ############################################################################
2025-07-31 18:17:59,932 INFO  [io.api.tes.uti.TestSeparator] (main) io.apicurio.tests.serdes.apicurio.AvroSerdeIT.testEvolveAvroApicurio-STARTED
2025-07-31 18:17:59,933 INFO  [io.api.tes.ser.api.AvroSerdeIT] (main) Registering Avro Schema: {"type":"record","name":"sb5778ef1x96d1x4c53x9e45x949e8d0bbf6f","namespace":"ns_1b507734_b511_4227_83db_1f514be7931b","fields":[{"name":"key11753985879932","type":"string"}]}
**** Registry Base URL: http://registry-app-kafkasql.apps.ci419.apicurio-testing.org:80
2025-07-31 18:18:01,008 INFO  [org.apa.kaf.cli.pro.ProducerConfig] (main) ProducerConfig values: 
	acks = -1
	auto.include.jmx.reporter = true
	batch.size = 16384
	bootstrap.servers = [PLAINTEXT://localhost:32770]
	buffer.memory = 33554432
	client.dns.lookup = use_all_dns_ips
	client.id = Producer-topic-00270b65_8fac_46cc_9458_cb3c2fb2e1c5
	compression.gzip.level = -1
	compression.lz4.level = 9
	compression.type = none
	compression.zstd.level = 3
	connections.max.idle.ms = 10000
	delivery.timeout.ms = 120000
	enable.idempotence = true
	enable.metrics.push = true
	interceptor.classes = []
	key.serializer = class org.apache.kafka.common.serialization.StringSerializer
	linger.ms = 0
	max.block.ms = 60000
	max.in.flight.requests.per.connection = 5
	max.request.size = 1048576
	metadata.max.age.ms = 300000
	metadata.max.idle.ms = 300000
	metadata.recovery.strategy = none
	metric.reporters = []
	metrics.num.samples = 2
	metrics.recording.level = INFO
	metrics.sample.window.ms = 30000
	partitioner.adaptive.partitioning.enable = true
	partitioner.availability.timeout.ms = 0
	partitioner.class = null
	partitioner.ignore.keys = false
	receive.buffer.bytes = 32768
	reconnect.backoff.max.ms = 1000
	reconnect.backoff.ms = 50
	request.timeout.ms = 5000
	retries = 2147483647
	retry.backoff.max.ms = 1000
	retry.backoff.ms = 100
	sasl.client.callback.handler.class = null
	sasl.jaas.config = null
	sasl.kerberos.kinit.cmd = /usr/bin/kinit
	sasl.kerberos.min.time.before.relogin = 60000
	sasl.kerberos.service.name = null
	sasl.kerberos.ticket.renew.jitter = 0.05
	sasl.kerberos.ticket.renew.window.factor = 0.8
	sasl.login.callback.handler.class = null
	sasl.login.class = null
	sasl.login.connect.timeout.ms = null
	sasl.login.read.timeout.ms = null
	sasl.login.refresh.buffer.seconds = 300
	sasl.login.refresh.min.period.seconds = 60
	sasl.login.refresh.window.factor = 0.8
	sasl.login.refresh.window.jitter = 0.05
	sasl.login.retry.backoff.max.ms = 10000
	sasl.login.retry.backoff.ms = 100
	sasl.mechanism = GSSAPI
	sasl.oauthbearer.clock.skew.seconds = 30
	sasl.oauthbearer.expected.audience = null
	sasl.oauthbearer.expected.issuer = null
	sasl.oauthbearer.header.urlencode = false
	sasl.oauthbearer.jwks.endpoint.refresh.ms = 3600000
	sasl.oauthbearer.jwks.endpoint.retry.backoff.max.ms = 10000
	sasl.oauthbearer.jwks.endpoint.retry.backoff.ms = 100
	sasl.oauthbearer.jwks.endpoint.url = null
	sasl.oauthbearer.scope.claim.name = scope
	sasl.oauthbearer.sub.claim.name = sub
	sasl.oauthbearer.token.endpoint.url = null
	security.protocol = PLAINTEXT
	security.providers = null
	send.buffer.bytes = 131072
	socket.connection.setup.timeout.max.ms = 30000
	socket.connection.setup.timeout.ms = 10000
	ssl.cipher.suites = null
	ssl.enabled.protocols = [TLSv1.2, TLSv1.3]
	ssl.endpoint.identification.algorithm = https
	ssl.engine.factory.class = null
	ssl.key.password = null
	ssl.keymanager.algorithm = SunX509
	ssl.keystore.certificate.chain = null
	ssl.keystore.key = null
	ssl.keystore.location = null
	ssl.keystore.password = null
	ssl.keystore.type = JKS
	ssl.protocol = TLSv1.3
	ssl.provider = null
	ssl.secure.random.implementation = null
	ssl.trustmanager.algorithm = PKIX
	ssl.truststore.certificates = null
	ssl.truststore.location = null
	ssl.truststore.password = null
	ssl.truststore.type = JKS
	transaction.timeout.ms = 60000
	transactional.id = null
	value.serializer = class io.apicurio.registry.serde.avro.AvroKafkaSerializer

2025-07-31 18:18:01,008 INFO  [org.apa.kaf.com.tel.int.KafkaMetricsCollector] (main) initializing Kafka metrics collector
2025-07-31 18:18:01,011 INFO  [org.apa.kaf.cli.pro.KafkaProducer] (main) [Producer clientId=Producer-topic-00270b65_8fac_46cc_9458_cb3c2fb2e1c5] Instantiated an idempotent producer.
2025-07-31 18:18:01,013 INFO  [org.apa.kaf.cli.pro.ProducerConfig] (main) These configurations '[apicurio.registry.url, apicurio.registry.artifact-resolver-strategy]' were supplied but are not used yet.
2025-07-31 18:18:01,013 INFO  [org.apa.kaf.com.uti.AppInfoParser] (main) Kafka version: 3.9.1
2025-07-31 18:18:01,013 INFO  [org.apa.kaf.com.uti.AppInfoParser] (main) Kafka commitId: f745dfdcee2b9851
2025-07-31 18:18:01,013 INFO  [org.apa.kaf.com.uti.AppInfoParser] (main) Kafka startTimeMs: 1753985881013
**** Registry Base URL: http://registry-app-kafkasql.apps.ci419.apicurio-testing.org:80
2025-07-31 18:18:01,015 INFO  [org.apa.kaf.cli.con.ConsumerConfig] (main) ConsumerConfig values: 
	allow.auto.create.topics = true
	auto.commit.interval.ms = 500
	auto.include.jmx.reporter = true
	auto.offset.reset = earliest
	bootstrap.servers = [PLAINTEXT://localhost:32770]
	check.crcs = true
	client.dns.lookup = use_all_dns_ips
	client.id = consumer-Consumer-topic-00270b65_8fac_46cc_9458_cb3c2fb2e1c5-10
	client.rack = 
	connections.max.idle.ms = 10000
	default.api.timeout.ms = 60000
	enable.auto.commit = true
	enable.metrics.push = true
	exclude.internal.topics = true
	fetch.max.bytes = 52428800
	fetch.max.wait.ms = 500
	fetch.min.bytes = 1
	group.id = Consumer-topic-00270b65_8fac_46cc_9458_cb3c2fb2e1c5
	group.instance.id = null
	group.protocol = classic
	group.remote.assignor = null
	heartbeat.interval.ms = 3000
	interceptor.classes = []
	internal.leave.group.on.close = true
	internal.throw.on.fetch.stable.offset.unsupported = false
	isolation.level = read_uncommitted
	key.deserializer = class org.apache.kafka.common.serialization.StringDeserializer
	max.partition.fetch.bytes = 1048576
	max.poll.interval.ms = 300000
	max.poll.records = 500
	metadata.max.age.ms = 300000
	metadata.recovery.strategy = none
	metric.reporters = []
	metrics.num.samples = 2
	metrics.recording.level = INFO
	metrics.sample.window.ms = 30000
	partition.assignment.strategy = [class org.apache.kafka.clients.consumer.RangeAssignor, class org.apache.kafka.clients.consumer.CooperativeStickyAssignor]
	receive.buffer.bytes = 65536
	reconnect.backoff.max.ms = 1000
	reconnect.backoff.ms = 50
	request.timeout.ms = 5000
	retry.backoff.max.ms = 1000
	retry.backoff.ms = 100
	sasl.client.callback.handler.class = null
	sasl.jaas.config = null
	sasl.kerberos.kinit.cmd = /usr/bin/kinit
	sasl.kerberos.min.time.before.relogin = 60000
	sasl.kerberos.service.name = null
	sasl.kerberos.ticket.renew.jitter = 0.05
	sasl.kerberos.ticket.renew.window.factor = 0.8
	sasl.login.callback.handler.class = null
	sasl.login.class = null
	sasl.login.connect.timeout.ms = null
	sasl.login.read.timeout.ms = null
	sasl.login.refresh.buffer.seconds = 300
	sasl.login.refresh.min.period.seconds = 60
	sasl.login.refresh.window.factor = 0.8
	sasl.login.refresh.window.jitter = 0.05
	sasl.login.retry.backoff.max.ms = 10000
	sasl.login.retry.backoff.ms = 100
	sasl.mechanism = GSSAPI
	sasl.oauthbearer.clock.skew.seconds = 30
	sasl.oauthbearer.expected.audience = null
	sasl.oauthbearer.expected.issuer = null
	sasl.oauthbearer.header.urlencode = false
	sasl.oauthbearer.jwks.endpoint.refresh.ms = 3600000
	sasl.oauthbearer.jwks.endpoint.retry.backoff.max.ms = 10000
	sasl.oauthbearer.jwks.endpoint.retry.backoff.ms = 100
	sasl.oauthbearer.jwks.endpoint.url = null
	sasl.oauthbearer.scope.claim.name = scope
	sasl.oauthbearer.sub.claim.name = sub
	sasl.oauthbearer.token.endpoint.url = null
	security.protocol = PLAINTEXT
	security.providers = null
	send.buffer.bytes = 131072
	session.timeout.ms = 45000
	socket.connection.setup.timeout.max.ms = 30000
	socket.connection.setup.timeout.ms = 10000
	ssl.cipher.suites = null
	ssl.enabled.protocols = [TLSv1.2, TLSv1.3]
	ssl.endpoint.identification.algorithm = https
	ssl.engine.factory.class = null
	ssl.key.password = null
	ssl.keymanager.algorithm = SunX509
	ssl.keystore.certificate.chain = null
	ssl.keystore.key = null
	ssl.keystore.location = null
	ssl.keystore.password = null
	ssl.keystore.type = JKS
	ssl.protocol = TLSv1.3
	ssl.provider = null
	ssl.secure.random.implementation = null
	ssl.trustmanager.algorithm = PKIX
	ssl.truststore.certificates = null
	ssl.truststore.location = null
	ssl.truststore.password = null
	ssl.truststore.type = JKS
	value.deserializer = class io.apicurio.registry.serde.avro.AvroKafkaDeserializer

2025-07-31 18:18:01,016 INFO  [org.apa.kaf.com.tel.int.KafkaMetricsCollector] (main) initializing Kafka metrics collector
2025-07-31 18:18:01,020 INFO  [org.apa.kaf.cli.Metadata] (kafka-producer-network-thread | Producer-topic-00270b65_8fac_46cc_9458_cb3c2fb2e1c5) [Producer clientId=Producer-topic-00270b65_8fac_46cc_9458_cb3c2fb2e1c5] Cluster ID: MOk99p_ARaW4Dib0x4tLFg
2025-07-31 18:18:01,025 INFO  [org.apa.kaf.cli.pro.int.TransactionManager] (kafka-producer-network-thread | Producer-topic-00270b65_8fac_46cc_9458_cb3c2fb2e1c5) [Producer clientId=Producer-topic-00270b65_8fac_46cc_9458_cb3c2fb2e1c5] ProducerId set to 12 with epoch 0
2025-07-31 18:18:01,032 INFO  [org.apa.kaf.cli.con.ConsumerConfig] (main) These configurations '[apicurio.registry.url]' were supplied but are not used yet.
2025-07-31 18:18:01,032 INFO  [org.apa.kaf.com.uti.AppInfoParser] (main) Kafka version: 3.9.1
2025-07-31 18:18:01,032 INFO  [org.apa.kaf.com.uti.AppInfoParser] (main) Kafka commitId: f745dfdcee2b9851
2025-07-31 18:18:01,032 INFO  [org.apa.kaf.com.uti.AppInfoParser] (main) Kafka startTimeMs: 1753985881032
2025-07-31 18:18:01,033 INFO  [io.api.tes.ser.api.KafkaSerdesTester] (Thread-666) Sending message {"key11753985879932": "value-0"} to topic topic-00270b65_8fac_46cc_9458_cb3c2fb2e1c5
2025-07-31 18:18:01,042 INFO  [DefaultSchemaResolver] (Thread-666) Retrieving schema content using string: {"type":"record","name":"sb5778ef1x96d1x4c53x9e45x949e8d0bbf6f","namespace":"ns_1b507734_b511_4227_83db_1f514be7931b","fields":[{"name":"key11753985879932","type":"string"}]}
2025-07-31 18:18:01,083 INFO  [io.api.tes.ser.api.KafkaSerdesTester] (Thread-666) Sending message {"key11753985879932": "value-1"} to topic topic-00270b65_8fac_46cc_9458_cb3c2fb2e1c5
2025-07-31 18:18:01,086 INFO  [io.api.tes.ser.api.KafkaSerdesTester] (Thread-666) Sending message {"key11753985879932": "value-2"} to topic topic-00270b65_8fac_46cc_9458_cb3c2fb2e1c5
2025-07-31 18:18:01,089 INFO  [io.api.tes.ser.api.KafkaSerdesTester] (Thread-666) Sending message {"key11753985879932": "value-3"} to topic topic-00270b65_8fac_46cc_9458_cb3c2fb2e1c5
2025-07-31 18:18:01,092 INFO  [io.api.tes.ser.api.KafkaSerdesTester] (Thread-666) Sending message {"key11753985879932": "value-4"} to topic topic-00270b65_8fac_46cc_9458_cb3c2fb2e1c5
2025-07-31 18:18:01,093 INFO  [io.api.tes.ser.api.KafkaSerdesTester] (Thread-666) Sending message {"key11753985879932": "value-5"} to topic topic-00270b65_8fac_46cc_9458_cb3c2fb2e1c5
2025-07-31 18:18:01,094 INFO  [io.api.tes.ser.api.KafkaSerdesTester] (Thread-666) Sending message {"key11753985879932": "value-6"} to topic topic-00270b65_8fac_46cc_9458_cb3c2fb2e1c5
2025-07-31 18:18:01,096 INFO  [io.api.tes.ser.api.KafkaSerdesTester] (Thread-666) Sending message {"key11753985879932": "value-7"} to topic topic-00270b65_8fac_46cc_9458_cb3c2fb2e1c5
2025-07-31 18:18:01,097 INFO  [io.api.tes.ser.api.KafkaSerdesTester] (Thread-666) Sending message {"key11753985879932": "value-8"} to topic topic-00270b65_8fac_46cc_9458_cb3c2fb2e1c5
2025-07-31 18:18:01,098 INFO  [io.api.tes.ser.api.KafkaSerdesTester] (Thread-666) Sending message {"key11753985879932": "value-9"} to topic topic-00270b65_8fac_46cc_9458_cb3c2fb2e1c5
2025-07-31 18:18:01,100 INFO  [io.api.tes.ser.api.KafkaSerdesTester] (Thread-666) Produced 10 messages
2025-07-31 18:18:01,100 INFO  [org.apa.kaf.cli.pro.KafkaProducer] (Thread-666) [Producer clientId=Producer-topic-00270b65_8fac_46cc_9458_cb3c2fb2e1c5] Closing the Kafka producer with timeoutMillis = 9223372036854775807 ms.
2025-07-31 18:18:01,102 INFO  [org.apa.kaf.com.met.Metrics] (Thread-666) Metrics scheduler closed
2025-07-31 18:18:01,102 INFO  [org.apa.kaf.com.met.Metrics] (Thread-666) Closing reporter org.apache.kafka.common.metrics.JmxReporter
2025-07-31 18:18:01,102 INFO  [org.apa.kaf.com.met.Metrics] (Thread-666) Closing reporter org.apache.kafka.common.telemetry.internals.ClientTelemetryReporter
2025-07-31 18:18:01,102 INFO  [org.apa.kaf.com.met.Metrics] (Thread-666) Metrics reporters closed
2025-07-31 18:18:01,104 INFO  [org.apa.kaf.com.uti.AppInfoParser] (Thread-666) App info kafka.producer for Producer-topic-00270b65_8fac_46cc_9458_cb3c2fb2e1c5 unregistered
2025-07-31 18:18:01,105 INFO  [org.apa.kaf.cli.con.int.ClassicKafkaConsumer] (Thread-667) [Consumer clientId=consumer-Consumer-topic-00270b65_8fac_46cc_9458_cb3c2fb2e1c5-10, groupId=Consumer-topic-00270b65_8fac_46cc_9458_cb3c2fb2e1c5] Subscribed to topic(s): topic-00270b65_8fac_46cc_9458_cb3c2fb2e1c5
2025-07-31 18:18:01,112 INFO  [org.apa.kaf.cli.Metadata] (Thread-667) [Consumer clientId=consumer-Consumer-topic-00270b65_8fac_46cc_9458_cb3c2fb2e1c5-10, groupId=Consumer-topic-00270b65_8fac_46cc_9458_cb3c2fb2e1c5] Cluster ID: MOk99p_ARaW4Dib0x4tLFg
2025-07-31 18:18:01,113 INFO  [org.apa.kaf.cli.con.int.ConsumerCoordinator] (Thread-667) [Consumer clientId=consumer-Consumer-topic-00270b65_8fac_46cc_9458_cb3c2fb2e1c5-10, groupId=Consumer-topic-00270b65_8fac_46cc_9458_cb3c2fb2e1c5] Discovered group coordinator localhost:32770 (id: 2147483647 rack: null)
2025-07-31 18:18:01,114 INFO  [org.apa.kaf.cli.con.int.ConsumerCoordinator] (Thread-667) [Consumer clientId=consumer-Consumer-topic-00270b65_8fac_46cc_9458_cb3c2fb2e1c5-10, groupId=Consumer-topic-00270b65_8fac_46cc_9458_cb3c2fb2e1c5] (Re-)joining group
2025-07-31 18:18:01,119 INFO  [org.apa.kaf.cli.con.int.ConsumerCoordinator] (Thread-667) [Consumer clientId=consumer-Consumer-topic-00270b65_8fac_46cc_9458_cb3c2fb2e1c5-10, groupId=Consumer-topic-00270b65_8fac_46cc_9458_cb3c2fb2e1c5] Request joining group due to: need to re-join with the given member-id: consumer-Consumer-topic-00270b65_8fac_46cc_9458_cb3c2fb2e1c5-10-657f6a72-f8fd-4dc0-b9b0-d04a81f0f1cc
2025-07-31 18:18:01,119 INFO  [org.apa.kaf.cli.con.int.ConsumerCoordinator] (Thread-667) [Consumer clientId=consumer-Consumer-topic-00270b65_8fac_46cc_9458_cb3c2fb2e1c5-10, groupId=Consumer-topic-00270b65_8fac_46cc_9458_cb3c2fb2e1c5] (Re-)joining group
2025-07-31 18:18:01,122 INFO  [org.apa.kaf.cli.con.int.ConsumerCoordinator] (Thread-667) [Consumer clientId=consumer-Consumer-topic-00270b65_8fac_46cc_9458_cb3c2fb2e1c5-10, groupId=Consumer-topic-00270b65_8fac_46cc_9458_cb3c2fb2e1c5] Successfully joined group with generation Generation{generationId=1, memberId='consumer-Consumer-topic-00270b65_8fac_46cc_9458_cb3c2fb2e1c5-10-657f6a72-f8fd-4dc0-b9b0-d04a81f0f1cc', protocol='range'}
2025-07-31 18:18:01,122 INFO  [org.apa.kaf.cli.con.int.ConsumerCoordinator] (Thread-667) [Consumer clientId=consumer-Consumer-topic-00270b65_8fac_46cc_9458_cb3c2fb2e1c5-10, groupId=Consumer-topic-00270b65_8fac_46cc_9458_cb3c2fb2e1c5] Finished assignment for group at generation 1: {consumer-Consumer-topic-00270b65_8fac_46cc_9458_cb3c2fb2e1c5-10-657f6a72-f8fd-4dc0-b9b0-d04a81f0f1cc=Assignment(partitions=[topic-00270b65_8fac_46cc_9458_cb3c2fb2e1c5-0])}
2025-07-31 18:18:01,125 INFO  [org.apa.kaf.cli.con.int.ConsumerCoordinator] (Thread-667) [Consumer clientId=consumer-Consumer-topic-00270b65_8fac_46cc_9458_cb3c2fb2e1c5-10, groupId=Consumer-topic-00270b65_8fac_46cc_9458_cb3c2fb2e1c5] Successfully synced group in generation Generation{generationId=1, memberId='consumer-Consumer-topic-00270b65_8fac_46cc_9458_cb3c2fb2e1c5-10-657f6a72-f8fd-4dc0-b9b0-d04a81f0f1cc', protocol='range'}
2025-07-31 18:18:01,125 INFO  [org.apa.kaf.cli.con.int.ConsumerCoordinator] (Thread-667) [Consumer clientId=consumer-Consumer-topic-00270b65_8fac_46cc_9458_cb3c2fb2e1c5-10, groupId=Consumer-topic-00270b65_8fac_46cc_9458_cb3c2fb2e1c5] Notifying assignor about the new Assignment(partitions=[topic-00270b65_8fac_46cc_9458_cb3c2fb2e1c5-0])
2025-07-31 18:18:01,125 INFO  [org.apa.kaf.cli.con.int.ConsumerRebalanceListenerInvoker] (Thread-667) [Consumer clientId=consumer-Consumer-topic-00270b65_8fac_46cc_9458_cb3c2fb2e1c5-10, groupId=Consumer-topic-00270b65_8fac_46cc_9458_cb3c2fb2e1c5] Adding newly assigned partitions: topic-00270b65_8fac_46cc_9458_cb3c2fb2e1c5-0
2025-07-31 18:18:01,126 INFO  [org.apa.kaf.cli.con.int.ConsumerCoordinator] (Thread-667) [Consumer clientId=consumer-Consumer-topic-00270b65_8fac_46cc_9458_cb3c2fb2e1c5-10, groupId=Consumer-topic-00270b65_8fac_46cc_9458_cb3c2fb2e1c5] Found no committed offset for partition topic-00270b65_8fac_46cc_9458_cb3c2fb2e1c5-0
2025-07-31 18:18:01,135 INFO  [org.apa.kaf.cli.con.int.SubscriptionState] (Thread-667) [Consumer clientId=consumer-Consumer-topic-00270b65_8fac_46cc_9458_cb3c2fb2e1c5-10, groupId=Consumer-topic-00270b65_8fac_46cc_9458_cb3c2fb2e1c5] Resetting offset for partition topic-00270b65_8fac_46cc_9458_cb3c2fb2e1c5-0 to position FetchPosition{offset=0, offsetEpoch=Optional.empty, currentLeader=LeaderAndEpoch{leader=Optional[localhost:32770 (id: 0 rack: null)], epoch=0}}.
2025-07-31 18:18:01,179 INFO  [io.api.tes.ser.api.KafkaSerdesTester] (Thread-667) topic-00270b65_8fac_46cc_9458_cb3c2fb2e1c5 0 0 {"key11753985879932": "value-0"}
2025-07-31 18:18:01,179 INFO  [io.api.tes.ser.api.KafkaSerdesTester] (Thread-667) topic-00270b65_8fac_46cc_9458_cb3c2fb2e1c5 0 1 {"key11753985879932": "value-1"}
2025-07-31 18:18:01,179 INFO  [io.api.tes.ser.api.KafkaSerdesTester] (Thread-667) topic-00270b65_8fac_46cc_9458_cb3c2fb2e1c5 0 2 {"key11753985879932": "value-2"}
2025-07-31 18:18:01,179 INFO  [io.api.tes.ser.api.KafkaSerdesTester] (Thread-667) topic-00270b65_8fac_46cc_9458_cb3c2fb2e1c5 0 3 {"key11753985879932": "value-3"}
2025-07-31 18:18:01,179 INFO  [io.api.tes.ser.api.KafkaSerdesTester] (Thread-667) topic-00270b65_8fac_46cc_9458_cb3c2fb2e1c5 0 4 {"key11753985879932": "value-4"}
2025-07-31 18:18:01,179 INFO  [io.api.tes.ser.api.KafkaSerdesTester] (Thread-667) topic-00270b65_8fac_46cc_9458_cb3c2fb2e1c5 0 5 {"key11753985879932": "value-5"}
2025-07-31 18:18:01,179 INFO  [io.api.tes.ser.api.KafkaSerdesTester] (Thread-667) topic-00270b65_8fac_46cc_9458_cb3c2fb2e1c5 0 6 {"key11753985879932": "value-6"}
2025-07-31 18:18:01,179 INFO  [io.api.tes.ser.api.KafkaSerdesTester] (Thread-667) topic-00270b65_8fac_46cc_9458_cb3c2fb2e1c5 0 7 {"key11753985879932": "value-7"}
2025-07-31 18:18:01,179 INFO  [io.api.tes.ser.api.KafkaSerdesTester] (Thread-667) topic-00270b65_8fac_46cc_9458_cb3c2fb2e1c5 0 8 {"key11753985879932": "value-8"}
2025-07-31 18:18:01,179 INFO  [io.api.tes.ser.api.KafkaSerdesTester] (Thread-667) topic-00270b65_8fac_46cc_9458_cb3c2fb2e1c5 0 9 {"key11753985879932": "value-9"}
2025-07-31 18:18:01,179 INFO  [io.api.tes.ser.api.KafkaSerdesTester] (Thread-667) Consumed 10 messages
2025-07-31 18:18:01,181 INFO  [org.apa.kaf.cli.con.int.ConsumerRebalanceListenerInvoker] (Thread-667) [Consumer clientId=consumer-Consumer-topic-00270b65_8fac_46cc_9458_cb3c2fb2e1c5-10, groupId=Consumer-topic-00270b65_8fac_46cc_9458_cb3c2fb2e1c5] Revoke previously assigned partitions topic-00270b65_8fac_46cc_9458_cb3c2fb2e1c5-0
2025-07-31 18:18:01,181 INFO  [org.apa.kaf.cli.con.int.ConsumerCoordinator] (Thread-667) [Consumer clientId=consumer-Consumer-topic-00270b65_8fac_46cc_9458_cb3c2fb2e1c5-10, groupId=Consumer-topic-00270b65_8fac_46cc_9458_cb3c2fb2e1c5] Member consumer-Consumer-topic-00270b65_8fac_46cc_9458_cb3c2fb2e1c5-10-657f6a72-f8fd-4dc0-b9b0-d04a81f0f1cc sending LeaveGroup request to coordinator localhost:32770 (id: 2147483647 rack: null) due to the consumer is being closed
2025-07-31 18:18:01,181 INFO  [org.apa.kaf.cli.con.int.ConsumerCoordinator] (Thread-667) [Consumer clientId=consumer-Consumer-topic-00270b65_8fac_46cc_9458_cb3c2fb2e1c5-10, groupId=Consumer-topic-00270b65_8fac_46cc_9458_cb3c2fb2e1c5] Resetting generation and member id due to: consumer pro-actively leaving the group
2025-07-31 18:18:01,181 INFO  [org.apa.kaf.cli.con.int.ConsumerCoordinator] (Thread-667) [Consumer clientId=consumer-Consumer-topic-00270b65_8fac_46cc_9458_cb3c2fb2e1c5-10, groupId=Consumer-topic-00270b65_8fac_46cc_9458_cb3c2fb2e1c5] Request joining group due to: consumer pro-actively leaving the group
2025-07-31 18:18:01,681 INFO  [org.apa.kaf.com.met.Metrics] (Thread-667) Metrics scheduler closed
2025-07-31 18:18:01,681 INFO  [org.apa.kaf.com.met.Metrics] (Thread-667) Closing reporter org.apache.kafka.common.metrics.JmxReporter
2025-07-31 18:18:01,682 INFO  [org.apa.kaf.com.met.Metrics] (Thread-667) Closing reporter org.apache.kafka.common.telemetry.internals.ClientTelemetryReporter
2025-07-31 18:18:01,682 INFO  [org.apa.kaf.com.met.Metrics] (Thread-667) Metrics reporters closed
2025-07-31 18:18:01,684 INFO  [org.apa.kaf.com.uti.AppInfoParser] (Thread-667) App info kafka.consumer for consumer-Consumer-topic-00270b65_8fac_46cc_9458_cb3c2fb2e1c5-10 unregistered
2025-07-31 18:18:01,684 INFO  [io.api.tes.ser.api.AvroSerdeIT] (main) Registering Avro Schema 2: {"type":"record","name":"sb5778ef1x96d1x4c53x9e45x949e8d0bbf6f","namespace":"ns_1b507734_b511_4227_83db_1f514be7931b","fields":[{"name":"key11753985879932","type":"string"},{"name":"key21753985881684","type":"string"}]}
**** Registry Base URL: http://registry-app-kafkasql.apps.ci419.apicurio-testing.org:80
2025-07-31 18:18:02,747 INFO  [org.apa.kaf.cli.pro.ProducerConfig] (main) ProducerConfig values: 
	acks = -1
	auto.include.jmx.reporter = true
	batch.size = 16384
	bootstrap.servers = [PLAINTEXT://localhost:32770]
	buffer.memory = 33554432
	client.dns.lookup = use_all_dns_ips
	client.id = Producer-topic-00270b65_8fac_46cc_9458_cb3c2fb2e1c5
	compression.gzip.level = -1
	compression.lz4.level = 9
	compression.type = none
	compression.zstd.level = 3
	connections.max.idle.ms = 10000
	delivery.timeout.ms = 120000
	enable.idempotence = true
	enable.metrics.push = true
	interceptor.classes = []
	key.serializer = class org.apache.kafka.common.serialization.StringSerializer
	linger.ms = 0
	max.block.ms = 60000
	max.in.flight.requests.per.connection = 5
	max.request.size = 1048576
	metadata.max.age.ms = 300000
	metadata.max.idle.ms = 300000
	metadata.recovery.strategy = none
	metric.reporters = []
	metrics.num.samples = 2
	metrics.recording.level = INFO
	metrics.sample.window.ms = 30000
	partitioner.adaptive.partitioning.enable = true
	partitioner.availability.timeout.ms = 0
	partitioner.class = null
	partitioner.ignore.keys = false
	receive.buffer.bytes = 32768
	reconnect.backoff.max.ms = 1000
	reconnect.backoff.ms = 50
	request.timeout.ms = 5000
	retries = 2147483647
	retry.backoff.max.ms = 1000
	retry.backoff.ms = 100
	sasl.client.callback.handler.class = null
	sasl.jaas.config = null
	sasl.kerberos.kinit.cmd = /usr/bin/kinit
	sasl.kerberos.min.time.before.relogin = 60000
	sasl.kerberos.service.name = null
	sasl.kerberos.ticket.renew.jitter = 0.05
	sasl.kerberos.ticket.renew.window.factor = 0.8
	sasl.login.callback.handler.class = null
	sasl.login.class = null
	sasl.login.connect.timeout.ms = null
	sasl.login.read.timeout.ms = null
	sasl.login.refresh.buffer.seconds = 300
	sasl.login.refresh.min.period.seconds = 60
	sasl.login.refresh.window.factor = 0.8
	sasl.login.refresh.window.jitter = 0.05
	sasl.login.retry.backoff.max.ms = 10000
	sasl.login.retry.backoff.ms = 100
	sasl.mechanism = GSSAPI
	sasl.oauthbearer.clock.skew.seconds = 30
	sasl.oauthbearer.expected.audience = null
	sasl.oauthbearer.expected.issuer = null
	sasl.oauthbearer.header.urlencode = false
	sasl.oauthbearer.jwks.endpoint.refresh.ms = 3600000
	sasl.oauthbearer.jwks.endpoint.retry.backoff.max.ms = 10000
	sasl.oauthbearer.jwks.endpoint.retry.backoff.ms = 100
	sasl.oauthbearer.jwks.endpoint.url = null
	sasl.oauthbearer.scope.claim.name = scope
	sasl.oauthbearer.sub.claim.name = sub
	sasl.oauthbearer.token.endpoint.url = null
	security.protocol = PLAINTEXT
	security.providers = null
	send.buffer.bytes = 131072
	socket.connection.setup.timeout.max.ms = 30000
	socket.connection.setup.timeout.ms = 10000
	ssl.cipher.suites = null
	ssl.enabled.protocols = [TLSv1.2, TLSv1.3]
	ssl.endpoint.identification.algorithm = https
	ssl.engine.factory.class = null
	ssl.key.password = null
	ssl.keymanager.algorithm = SunX509
	ssl.keystore.certificate.chain = null
	ssl.keystore.key = null
	ssl.keystore.location = null
	ssl.keystore.password = null
	ssl.keystore.type = JKS
	ssl.protocol = TLSv1.3
	ssl.provider = null
	ssl.secure.random.implementation = null
	ssl.trustmanager.algorithm = PKIX
	ssl.truststore.certificates = null
	ssl.truststore.location = null
	ssl.truststore.password = null
	ssl.truststore.type = JKS
	transaction.timeout.ms = 60000
	transactional.id = null
	value.serializer = class io.apicurio.registry.serde.avro.AvroKafkaSerializer

2025-07-31 18:18:02,748 INFO  [org.apa.kaf.com.tel.int.KafkaMetricsCollector] (main) initializing Kafka metrics collector
2025-07-31 18:18:02,752 INFO  [org.apa.kaf.cli.pro.KafkaProducer] (main) [Producer clientId=Producer-topic-00270b65_8fac_46cc_9458_cb3c2fb2e1c5] Instantiated an idempotent producer.
2025-07-31 18:18:02,754 INFO  [org.apa.kaf.cli.pro.ProducerConfig] (main) These configurations '[apicurio.registry.url, apicurio.registry.artifact-resolver-strategy]' were supplied but are not used yet.
2025-07-31 18:18:02,754 INFO  [org.apa.kaf.com.uti.AppInfoParser] (main) Kafka version: 3.9.1
2025-07-31 18:18:02,754 INFO  [org.apa.kaf.com.uti.AppInfoParser] (main) Kafka commitId: f745dfdcee2b9851
2025-07-31 18:18:02,754 INFO  [org.apa.kaf.com.uti.AppInfoParser] (main) Kafka startTimeMs: 1753985882754
2025-07-31 18:18:02,756 INFO  [io.api.tes.ser.api.KafkaSerdesTester] (Thread-670) Sending message {"key11753985879932": "value-0", "key21753985881684": "value-0"} to topic topic-00270b65_8fac_46cc_9458_cb3c2fb2e1c5
2025-07-31 18:18:02,762 INFO  [org.apa.kaf.cli.Metadata] (kafka-producer-network-thread | Producer-topic-00270b65_8fac_46cc_9458_cb3c2fb2e1c5) [Producer clientId=Producer-topic-00270b65_8fac_46cc_9458_cb3c2fb2e1c5] Cluster ID: MOk99p_ARaW4Dib0x4tLFg
2025-07-31 18:18:02,763 INFO  [DefaultSchemaResolver] (Thread-670) Retrieving schema content using string: {"type":"record","name":"sb5778ef1x96d1x4c53x9e45x949e8d0bbf6f","namespace":"ns_1b507734_b511_4227_83db_1f514be7931b","fields":[{"name":"key11753985879932","type":"string"},{"name":"key21753985881684","type":"string"}]}
2025-07-31 18:18:02,765 INFO  [org.apa.kaf.cli.pro.int.TransactionManager] (kafka-producer-network-thread | Producer-topic-00270b65_8fac_46cc_9458_cb3c2fb2e1c5) [Producer clientId=Producer-topic-00270b65_8fac_46cc_9458_cb3c2fb2e1c5] ProducerId set to 13 with epoch 0
2025-07-31 18:18:02,802 INFO  [io.api.tes.ser.api.KafkaSerdesTester] (Thread-670) Sending message {"key11753985879932": "value-1", "key21753985881684": "value-1"} to topic topic-00270b65_8fac_46cc_9458_cb3c2fb2e1c5
2025-07-31 18:18:02,804 INFO  [io.api.tes.ser.api.KafkaSerdesTester] (Thread-670) Sending message {"key11753985879932": "value-2", "key21753985881684": "value-2"} to topic topic-00270b65_8fac_46cc_9458_cb3c2fb2e1c5
2025-07-31 18:18:02,805 INFO  [io.api.tes.ser.api.KafkaSerdesTester] (Thread-670) Sending message {"key11753985879932": "value-3", "key21753985881684": "value-3"} to topic topic-00270b65_8fac_46cc_9458_cb3c2fb2e1c5
2025-07-31 18:18:02,808 INFO  [io.api.tes.ser.api.KafkaSerdesTester] (Thread-670) Sending message {"key11753985879932": "value-4", "key21753985881684": "value-4"} to topic topic-00270b65_8fac_46cc_9458_cb3c2fb2e1c5
2025-07-31 18:18:02,809 INFO  [io.api.tes.ser.api.KafkaSerdesTester] (Thread-670) Sending message {"key11753985879932": "value-5", "key21753985881684": "value-5"} to topic topic-00270b65_8fac_46cc_9458_cb3c2fb2e1c5
2025-07-31 18:18:02,811 INFO  [io.api.tes.ser.api.KafkaSerdesTester] (Thread-670) Sending message {"key11753985879932": "value-6", "key21753985881684": "value-6"} to topic topic-00270b65_8fac_46cc_9458_cb3c2fb2e1c5
2025-07-31 18:18:02,812 INFO  [io.api.tes.ser.api.KafkaSerdesTester] (Thread-670) Sending message {"key11753985879932": "value-7", "key21753985881684": "value-7"} to topic topic-00270b65_8fac_46cc_9458_cb3c2fb2e1c5
2025-07-31 18:18:02,814 INFO  [io.api.tes.ser.api.KafkaSerdesTester] (Thread-670) Sending message {"key11753985879932": "value-8", "key21753985881684": "value-8"} to topic topic-00270b65_8fac_46cc_9458_cb3c2fb2e1c5
2025-07-31 18:18:02,817 INFO  [io.api.tes.ser.api.KafkaSerdesTester] (Thread-670) Sending message {"key11753985879932": "value-9", "key21753985881684": "value-9"} to topic topic-00270b65_8fac_46cc_9458_cb3c2fb2e1c5
2025-07-31 18:18:02,820 INFO  [io.api.tes.ser.api.KafkaSerdesTester] (Thread-670) Produced 10 messages
2025-07-31 18:18:02,820 INFO  [org.apa.kaf.cli.pro.KafkaProducer] (Thread-670) [Producer clientId=Producer-topic-00270b65_8fac_46cc_9458_cb3c2fb2e1c5] Closing the Kafka producer with timeoutMillis = 9223372036854775807 ms.
2025-07-31 18:18:02,822 INFO  [org.apa.kaf.com.met.Metrics] (Thread-670) Metrics scheduler closed
2025-07-31 18:18:02,822 INFO  [org.apa.kaf.com.met.Metrics] (Thread-670) Closing reporter org.apache.kafka.common.metrics.JmxReporter
2025-07-31 18:18:02,822 INFO  [org.apa.kaf.com.met.Metrics] (Thread-670) Closing reporter org.apache.kafka.common.telemetry.internals.ClientTelemetryReporter
2025-07-31 18:18:02,822 INFO  [org.apa.kaf.com.met.Metrics] (Thread-670) Metrics reporters closed
2025-07-31 18:18:02,822 INFO  [org.apa.kaf.com.uti.AppInfoParser] (Thread-670) App info kafka.producer for Producer-topic-00270b65_8fac_46cc_9458_cb3c2fb2e1c5 unregistered
**** Registry Base URL: http://registry-app-kafkasql.apps.ci419.apicurio-testing.org:80
2025-07-31 18:18:02,823 INFO  [org.apa.kaf.cli.pro.ProducerConfig] (main) ProducerConfig values: 
	acks = -1
	auto.include.jmx.reporter = true
	batch.size = 16384
	bootstrap.servers = [PLAINTEXT://localhost:32770]
	buffer.memory = 33554432
	client.dns.lookup = use_all_dns_ips
	client.id = Producer-topic-00270b65_8fac_46cc_9458_cb3c2fb2e1c5
	compression.gzip.level = -1
	compression.lz4.level = 9
	compression.type = none
	compression.zstd.level = 3
	connections.max.idle.ms = 10000
	delivery.timeout.ms = 120000
	enable.idempotence = true
	enable.metrics.push = true
	interceptor.classes = []
	key.serializer = class org.apache.kafka.common.serialization.StringSerializer
	linger.ms = 0
	max.block.ms = 60000
	max.in.flight.requests.per.connection = 5
	max.request.size = 1048576
	metadata.max.age.ms = 300000
	metadata.max.idle.ms = 300000
	metadata.recovery.strategy = none
	metric.reporters = []
	metrics.num.samples = 2
	metrics.recording.level = INFO
	metrics.sample.window.ms = 30000
	partitioner.adaptive.partitioning.enable = true
	partitioner.availability.timeout.ms = 0
	partitioner.class = null
	partitioner.ignore.keys = false
	receive.buffer.bytes = 32768
	reconnect.backoff.max.ms = 1000
	reconnect.backoff.ms = 50
	request.timeout.ms = 5000
	retries = 2147483647
	retry.backoff.max.ms = 1000
	retry.backoff.ms = 100
	sasl.client.callback.handler.class = null
	sasl.jaas.config = null
	sasl.kerberos.kinit.cmd = /usr/bin/kinit
	sasl.kerberos.min.time.before.relogin = 60000
	sasl.kerberos.service.name = null
	sasl.kerberos.ticket.renew.jitter = 0.05
	sasl.kerberos.ticket.renew.window.factor = 0.8
	sasl.login.callback.handler.class = null
	sasl.login.class = null
	sasl.login.connect.timeout.ms = null
	sasl.login.read.timeout.ms = null
	sasl.login.refresh.buffer.seconds = 300
	sasl.login.refresh.min.period.seconds = 60
	sasl.login.refresh.window.factor = 0.8
	sasl.login.refresh.window.jitter = 0.05
	sasl.login.retry.backoff.max.ms = 10000
	sasl.login.retry.backoff.ms = 100
	sasl.mechanism = GSSAPI
	sasl.oauthbearer.clock.skew.seconds = 30
	sasl.oauthbearer.expected.audience = null
	sasl.oauthbearer.expected.issuer = null
	sasl.oauthbearer.header.urlencode = false
	sasl.oauthbearer.jwks.endpoint.refresh.ms = 3600000
	sasl.oauthbearer.jwks.endpoint.retry.backoff.max.ms = 10000
	sasl.oauthbearer.jwks.endpoint.retry.backoff.ms = 100
	sasl.oauthbearer.jwks.endpoint.url = null
	sasl.oauthbearer.scope.claim.name = scope
	sasl.oauthbearer.sub.claim.name = sub
	sasl.oauthbearer.token.endpoint.url = null
	security.protocol = PLAINTEXT
	security.providers = null
	send.buffer.bytes = 131072
	socket.connection.setup.timeout.max.ms = 30000
	socket.connection.setup.timeout.ms = 10000
	ssl.cipher.suites = null
	ssl.enabled.protocols = [TLSv1.2, TLSv1.3]
	ssl.endpoint.identification.algorithm = https
	ssl.engine.factory.class = null
	ssl.key.password = null
	ssl.keymanager.algorithm = SunX509
	ssl.keystore.certificate.chain = null
	ssl.keystore.key = null
	ssl.keystore.location = null
	ssl.keystore.password = null
	ssl.keystore.type = JKS
	ssl.protocol = TLSv1.3
	ssl.provider = null
	ssl.secure.random.implementation = null
	ssl.trustmanager.algorithm = PKIX
	ssl.truststore.certificates = null
	ssl.truststore.location = null
	ssl.truststore.password = null
	ssl.truststore.type = JKS
	transaction.timeout.ms = 60000
	transactional.id = null
	value.serializer = class io.apicurio.registry.serde.avro.AvroKafkaSerializer

2025-07-31 18:18:02,823 INFO  [org.apa.kaf.com.tel.int.KafkaMetricsCollector] (main) initializing Kafka metrics collector
2025-07-31 18:18:02,827 INFO  [org.apa.kaf.cli.pro.KafkaProducer] (main) [Producer clientId=Producer-topic-00270b65_8fac_46cc_9458_cb3c2fb2e1c5] Instantiated an idempotent producer.
2025-07-31 18:18:02,831 INFO  [org.apa.kaf.cli.pro.ProducerConfig] (main) These configurations '[apicurio.registry.url, apicurio.registry.artifact-resolver-strategy]' were supplied but are not used yet.
2025-07-31 18:18:02,832 INFO  [org.apa.kaf.com.uti.AppInfoParser] (main) Kafka version: 3.9.1
2025-07-31 18:18:02,832 INFO  [org.apa.kaf.com.uti.AppInfoParser] (main) Kafka commitId: f745dfdcee2b9851
2025-07-31 18:18:02,832 INFO  [org.apa.kaf.com.uti.AppInfoParser] (main) Kafka startTimeMs: 1753985882832
2025-07-31 18:18:02,834 INFO  [io.api.tes.ser.api.KafkaSerdesTester] (Thread-673) Sending message {"key11753985879932": "value-0"} to topic topic-00270b65_8fac_46cc_9458_cb3c2fb2e1c5
2025-07-31 18:18:02,837 INFO  [org.apa.kaf.cli.Metadata] (kafka-producer-network-thread | Producer-topic-00270b65_8fac_46cc_9458_cb3c2fb2e1c5) [Producer clientId=Producer-topic-00270b65_8fac_46cc_9458_cb3c2fb2e1c5] Cluster ID: MOk99p_ARaW4Dib0x4tLFg
2025-07-31 18:18:02,837 INFO  [DefaultSchemaResolver] (Thread-673) Retrieving schema content using string: {"type":"record","name":"sb5778ef1x96d1x4c53x9e45x949e8d0bbf6f","namespace":"ns_1b507734_b511_4227_83db_1f514be7931b","fields":[{"name":"key11753985879932","type":"string"}]}
2025-07-31 18:18:02,838 INFO  [org.apa.kaf.cli.pro.int.TransactionManager] (kafka-producer-network-thread | Producer-topic-00270b65_8fac_46cc_9458_cb3c2fb2e1c5) [Producer clientId=Producer-topic-00270b65_8fac_46cc_9458_cb3c2fb2e1c5] ProducerId set to 14 with epoch 0
2025-07-31 18:18:02,870 INFO  [io.api.tes.ser.api.KafkaSerdesTester] (Thread-673) Sending message {"key11753985879932": "value-1"} to topic topic-00270b65_8fac_46cc_9458_cb3c2fb2e1c5
2025-07-31 18:18:02,872 INFO  [io.api.tes.ser.api.KafkaSerdesTester] (Thread-673) Sending message {"key11753985879932": "value-2"} to topic topic-00270b65_8fac_46cc_9458_cb3c2fb2e1c5
2025-07-31 18:18:02,874 INFO  [io.api.tes.ser.api.KafkaSerdesTester] (Thread-673) Sending message {"key11753985879932": "value-3"} to topic topic-00270b65_8fac_46cc_9458_cb3c2fb2e1c5
2025-07-31 18:18:02,876 INFO  [io.api.tes.ser.api.KafkaSerdesTester] (Thread-673) Sending message {"key11753985879932": "value-4"} to topic topic-00270b65_8fac_46cc_9458_cb3c2fb2e1c5
2025-07-31 18:18:02,877 INFO  [io.api.tes.ser.api.KafkaSerdesTester] (Thread-673) Sending message {"key11753985879932": "value-5"} to topic topic-00270b65_8fac_46cc_9458_cb3c2fb2e1c5
2025-07-31 18:18:02,878 INFO  [io.api.tes.ser.api.KafkaSerdesTester] (Thread-673) Sending message {"key11753985879932": "value-6"} to topic topic-00270b65_8fac_46cc_9458_cb3c2fb2e1c5
2025-07-31 18:18:02,879 INFO  [io.api.tes.ser.api.KafkaSerdesTester] (Thread-673) Sending message {"key11753985879932": "value-7"} to topic topic-00270b65_8fac_46cc_9458_cb3c2fb2e1c5
2025-07-31 18:18:02,881 INFO  [io.api.tes.ser.api.KafkaSerdesTester] (Thread-673) Sending message {"key11753985879932": "value-8"} to topic topic-00270b65_8fac_46cc_9458_cb3c2fb2e1c5
2025-07-31 18:18:02,882 INFO  [io.api.tes.ser.api.KafkaSerdesTester] (Thread-673) Sending message {"key11753985879932": "value-9"} to topic topic-00270b65_8fac_46cc_9458_cb3c2fb2e1c5
2025-07-31 18:18:02,883 INFO  [io.api.tes.ser.api.KafkaSerdesTester] (Thread-673) Produced 10 messages
2025-07-31 18:18:02,883 INFO  [org.apa.kaf.cli.pro.KafkaProducer] (Thread-673) [Producer clientId=Producer-topic-00270b65_8fac_46cc_9458_cb3c2fb2e1c5] Closing the Kafka producer with timeoutMillis = 9223372036854775807 ms.
2025-07-31 18:18:02,885 INFO  [org.apa.kaf.com.met.Metrics] (Thread-673) Metrics scheduler closed
2025-07-31 18:18:02,885 INFO  [org.apa.kaf.com.met.Metrics] (Thread-673) Closing reporter org.apache.kafka.common.metrics.JmxReporter
2025-07-31 18:18:02,885 INFO  [org.apa.kaf.com.met.Metrics] (Thread-673) Closing reporter org.apache.kafka.common.telemetry.internals.ClientTelemetryReporter
2025-07-31 18:18:02,885 INFO  [org.apa.kaf.com.met.Metrics] (Thread-673) Metrics reporters closed
2025-07-31 18:18:02,886 INFO  [org.apa.kaf.com.uti.AppInfoParser] (Thread-673) App info kafka.producer for Producer-topic-00270b65_8fac_46cc_9458_cb3c2fb2e1c5 unregistered
**** Registry Base URL: http://registry-app-kafkasql.apps.ci419.apicurio-testing.org:80
2025-07-31 18:18:02,886 INFO  [org.apa.kaf.cli.con.ConsumerConfig] (main) ConsumerConfig values: 
	allow.auto.create.topics = true
	auto.commit.interval.ms = 500
	auto.include.jmx.reporter = true
	auto.offset.reset = earliest
	bootstrap.servers = [PLAINTEXT://localhost:32770]
	check.crcs = true
	client.dns.lookup = use_all_dns_ips
	client.id = consumer-Consumer-topic-00270b65_8fac_46cc_9458_cb3c2fb2e1c5-11
	client.rack = 
	connections.max.idle.ms = 10000
	default.api.timeout.ms = 60000
	enable.auto.commit = true
	enable.metrics.push = true
	exclude.internal.topics = true
	fetch.max.bytes = 52428800
	fetch.max.wait.ms = 500
	fetch.min.bytes = 1
	group.id = Consumer-topic-00270b65_8fac_46cc_9458_cb3c2fb2e1c5
	group.instance.id = null
	group.protocol = classic
	group.remote.assignor = null
	heartbeat.interval.ms = 3000
	interceptor.classes = []
	internal.leave.group.on.close = true
	internal.throw.on.fetch.stable.offset.unsupported = false
	isolation.level = read_uncommitted
	key.deserializer = class org.apache.kafka.common.serialization.StringDeserializer
	max.partition.fetch.bytes = 1048576
	max.poll.interval.ms = 300000
	max.poll.records = 500
	metadata.max.age.ms = 300000
	metadata.recovery.strategy = none
	metric.reporters = []
	metrics.num.samples = 2
	metrics.recording.level = INFO
	metrics.sample.window.ms = 30000
	partition.assignment.strategy = [class org.apache.kafka.clients.consumer.RangeAssignor, class org.apache.kafka.clients.consumer.CooperativeStickyAssignor]
	receive.buffer.bytes = 65536
	reconnect.backoff.max.ms = 1000
	reconnect.backoff.ms = 50
	request.timeout.ms = 5000
	retry.backoff.max.ms = 1000
	retry.backoff.ms = 100
	sasl.client.callback.handler.class = null
	sasl.jaas.config = null
	sasl.kerberos.kinit.cmd = /usr/bin/kinit
	sasl.kerberos.min.time.before.relogin = 60000
	sasl.kerberos.service.name = null
	sasl.kerberos.ticket.renew.jitter = 0.05
	sasl.kerberos.ticket.renew.window.factor = 0.8
	sasl.login.callback.handler.class = null
	sasl.login.class = null
	sasl.login.connect.timeout.ms = null
	sasl.login.read.timeout.ms = null
	sasl.login.refresh.buffer.seconds = 300
	sasl.login.refresh.min.period.seconds = 60
	sasl.login.refresh.window.factor = 0.8
	sasl.login.refresh.window.jitter = 0.05
	sasl.login.retry.backoff.max.ms = 10000
	sasl.login.retry.backoff.ms = 100
	sasl.mechanism = GSSAPI
	sasl.oauthbearer.clock.skew.seconds = 30
	sasl.oauthbearer.expected.audience = null
	sasl.oauthbearer.expected.issuer = null
	sasl.oauthbearer.header.urlencode = false
	sasl.oauthbearer.jwks.endpoint.refresh.ms = 3600000
	sasl.oauthbearer.jwks.endpoint.retry.backoff.max.ms = 10000
	sasl.oauthbearer.jwks.endpoint.retry.backoff.ms = 100
	sasl.oauthbearer.jwks.endpoint.url = null
	sasl.oauthbearer.scope.claim.name = scope
	sasl.oauthbearer.sub.claim.name = sub
	sasl.oauthbearer.token.endpoint.url = null
	security.protocol = PLAINTEXT
	security.providers = null
	send.buffer.bytes = 131072
	session.timeout.ms = 45000
	socket.connection.setup.timeout.max.ms = 30000
	socket.connection.setup.timeout.ms = 10000
	ssl.cipher.suites = null
	ssl.enabled.protocols = [TLSv1.2, TLSv1.3]
	ssl.endpoint.identification.algorithm = https
	ssl.engine.factory.class = null
	ssl.key.password = null
	ssl.keymanager.algorithm = SunX509
	ssl.keystore.certificate.chain = null
	ssl.keystore.key = null
	ssl.keystore.location = null
	ssl.keystore.password = null
	ssl.keystore.type = JKS
	ssl.protocol = TLSv1.3
	ssl.provider = null
	ssl.secure.random.implementation = null
	ssl.trustmanager.algorithm = PKIX
	ssl.truststore.certificates = null
	ssl.truststore.location = null
	ssl.truststore.password = null
	ssl.truststore.type = JKS
	value.deserializer = class io.apicurio.registry.serde.avro.AvroKafkaDeserializer

2025-07-31 18:18:02,886 INFO  [org.apa.kaf.com.tel.int.KafkaMetricsCollector] (main) initializing Kafka metrics collector
2025-07-31 18:18:02,896 INFO  [org.apa.kaf.cli.con.ConsumerConfig] (main) These configurations '[apicurio.registry.url]' were supplied but are not used yet.
2025-07-31 18:18:02,896 INFO  [org.apa.kaf.com.uti.AppInfoParser] (main) Kafka version: 3.9.1
2025-07-31 18:18:02,896 INFO  [org.apa.kaf.com.uti.AppInfoParser] (main) Kafka commitId: f745dfdcee2b9851
2025-07-31 18:18:02,896 INFO  [org.apa.kaf.com.uti.AppInfoParser] (main) Kafka startTimeMs: 1753985882896
2025-07-31 18:18:02,897 INFO  [org.apa.kaf.cli.con.int.ClassicKafkaConsumer] (Thread-676) [Consumer clientId=consumer-Consumer-topic-00270b65_8fac_46cc_9458_cb3c2fb2e1c5-11, groupId=Consumer-topic-00270b65_8fac_46cc_9458_cb3c2fb2e1c5] Subscribed to topic(s): topic-00270b65_8fac_46cc_9458_cb3c2fb2e1c5
2025-07-31 18:18:02,903 INFO  [org.apa.kaf.cli.Metadata] (Thread-676) [Consumer clientId=consumer-Consumer-topic-00270b65_8fac_46cc_9458_cb3c2fb2e1c5-11, groupId=Consumer-topic-00270b65_8fac_46cc_9458_cb3c2fb2e1c5] Cluster ID: MOk99p_ARaW4Dib0x4tLFg
2025-07-31 18:18:02,905 INFO  [org.apa.kaf.cli.con.int.ConsumerCoordinator] (Thread-676) [Consumer clientId=consumer-Consumer-topic-00270b65_8fac_46cc_9458_cb3c2fb2e1c5-11, groupId=Consumer-topic-00270b65_8fac_46cc_9458_cb3c2fb2e1c5] Discovered group coordinator localhost:32770 (id: 2147483647 rack: null)
2025-07-31 18:18:02,907 INFO  [org.apa.kaf.cli.con.int.ConsumerCoordinator] (Thread-676) [Consumer clientId=consumer-Consumer-topic-00270b65_8fac_46cc_9458_cb3c2fb2e1c5-11, groupId=Consumer-topic-00270b65_8fac_46cc_9458_cb3c2fb2e1c5] (Re-)joining group
2025-07-31 18:18:02,910 INFO  [org.apa.kaf.cli.con.int.ConsumerCoordinator] (Thread-676) [Consumer clientId=consumer-Consumer-topic-00270b65_8fac_46cc_9458_cb3c2fb2e1c5-11, groupId=Consumer-topic-00270b65_8fac_46cc_9458_cb3c2fb2e1c5] Request joining group due to: need to re-join with the given member-id: consumer-Consumer-topic-00270b65_8fac_46cc_9458_cb3c2fb2e1c5-11-d05cd9a8-fbd3-43b3-84ea-687490fd2129
2025-07-31 18:18:02,910 INFO  [org.apa.kaf.cli.con.int.ConsumerCoordinator] (Thread-676) [Consumer clientId=consumer-Consumer-topic-00270b65_8fac_46cc_9458_cb3c2fb2e1c5-11, groupId=Consumer-topic-00270b65_8fac_46cc_9458_cb3c2fb2e1c5] (Re-)joining group
2025-07-31 18:18:02,912 INFO  [org.apa.kaf.cli.con.int.ConsumerCoordinator] (Thread-676) [Consumer clientId=consumer-Consumer-topic-00270b65_8fac_46cc_9458_cb3c2fb2e1c5-11, groupId=Consumer-topic-00270b65_8fac_46cc_9458_cb3c2fb2e1c5] Successfully joined group with generation Generation{generationId=3, memberId='consumer-Consumer-topic-00270b65_8fac_46cc_9458_cb3c2fb2e1c5-11-d05cd9a8-fbd3-43b3-84ea-687490fd2129', protocol='range'}
2025-07-31 18:18:02,913 INFO  [org.apa.kaf.cli.con.int.ConsumerCoordinator] (Thread-676) [Consumer clientId=consumer-Consumer-topic-00270b65_8fac_46cc_9458_cb3c2fb2e1c5-11, groupId=Consumer-topic-00270b65_8fac_46cc_9458_cb3c2fb2e1c5] Finished assignment for group at generation 3: {consumer-Consumer-topic-00270b65_8fac_46cc_9458_cb3c2fb2e1c5-11-d05cd9a8-fbd3-43b3-84ea-687490fd2129=Assignment(partitions=[topic-00270b65_8fac_46cc_9458_cb3c2fb2e1c5-0])}
2025-07-31 18:18:02,915 INFO  [org.apa.kaf.cli.con.int.ConsumerCoordinator] (Thread-676) [Consumer clientId=consumer-Consumer-topic-00270b65_8fac_46cc_9458_cb3c2fb2e1c5-11, groupId=Consumer-topic-00270b65_8fac_46cc_9458_cb3c2fb2e1c5] Successfully synced group in generation Generation{generationId=3, memberId='consumer-Consumer-topic-00270b65_8fac_46cc_9458_cb3c2fb2e1c5-11-d05cd9a8-fbd3-43b3-84ea-687490fd2129', protocol='range'}
2025-07-31 18:18:02,915 INFO  [org.apa.kaf.cli.con.int.ConsumerCoordinator] (Thread-676) [Consumer clientId=consumer-Consumer-topic-00270b65_8fac_46cc_9458_cb3c2fb2e1c5-11, groupId=Consumer-topic-00270b65_8fac_46cc_9458_cb3c2fb2e1c5] Notifying assignor about the new Assignment(partitions=[topic-00270b65_8fac_46cc_9458_cb3c2fb2e1c5-0])
2025-07-31 18:18:02,915 INFO  [org.apa.kaf.cli.con.int.ConsumerRebalanceListenerInvoker] (Thread-676) [Consumer clientId=consumer-Consumer-topic-00270b65_8fac_46cc_9458_cb3c2fb2e1c5-11, groupId=Consumer-topic-00270b65_8fac_46cc_9458_cb3c2fb2e1c5] Adding newly assigned partitions: topic-00270b65_8fac_46cc_9458_cb3c2fb2e1c5-0
2025-07-31 18:18:02,917 INFO  [org.apa.kaf.cli.con.int.ConsumerUtils] (Thread-676) Setting offset for partition topic-00270b65_8fac_46cc_9458_cb3c2fb2e1c5-0 to the committed offset FetchPosition{offset=10, offsetEpoch=Optional[0], currentLeader=LeaderAndEpoch{leader=Optional[localhost:32770 (id: 0 rack: null)], epoch=0}}
2025-07-31 18:18:03,006 INFO  [io.api.tes.ser.api.KafkaSerdesTester] (Thread-676) topic-00270b65_8fac_46cc_9458_cb3c2fb2e1c5 0 10 {"key11753985879932": "value-0", "key21753985881684": "value-0"}
2025-07-31 18:18:03,006 INFO  [io.api.tes.ser.api.KafkaSerdesTester] (Thread-676) topic-00270b65_8fac_46cc_9458_cb3c2fb2e1c5 0 11 {"key11753985879932": "value-1", "key21753985881684": "value-1"}
2025-07-31 18:18:03,006 INFO  [io.api.tes.ser.api.KafkaSerdesTester] (Thread-676) topic-00270b65_8fac_46cc_9458_cb3c2fb2e1c5 0 12 {"key11753985879932": "value-2", "key21753985881684": "value-2"}
2025-07-31 18:18:03,006 INFO  [io.api.tes.ser.api.KafkaSerdesTester] (Thread-676) topic-00270b65_8fac_46cc_9458_cb3c2fb2e1c5 0 13 {"key11753985879932": "value-3", "key21753985881684": "value-3"}
2025-07-31 18:18:03,006 INFO  [io.api.tes.ser.api.KafkaSerdesTester] (Thread-676) topic-00270b65_8fac_46cc_9458_cb3c2fb2e1c5 0 14 {"key11753985879932": "value-4", "key21753985881684": "value-4"}
2025-07-31 18:18:03,006 INFO  [io.api.tes.ser.api.KafkaSerdesTester] (Thread-676) topic-00270b65_8fac_46cc_9458_cb3c2fb2e1c5 0 15 {"key11753985879932": "value-5", "key21753985881684": "value-5"}
2025-07-31 18:18:03,007 INFO  [io.api.tes.ser.api.KafkaSerdesTester] (Thread-676) topic-00270b65_8fac_46cc_9458_cb3c2fb2e1c5 0 16 {"key11753985879932": "value-6", "key21753985881684": "value-6"}
2025-07-31 18:18:03,007 INFO  [io.api.tes.ser.api.KafkaSerdesTester] (Thread-676) topic-00270b65_8fac_46cc_9458_cb3c2fb2e1c5 0 17 {"key11753985879932": "value-7", "key21753985881684": "value-7"}
2025-07-31 18:18:03,007 INFO  [io.api.tes.ser.api.KafkaSerdesTester] (Thread-676) topic-00270b65_8fac_46cc_9458_cb3c2fb2e1c5 0 18 {"key11753985879932": "value-8", "key21753985881684": "value-8"}
2025-07-31 18:18:03,007 INFO  [io.api.tes.ser.api.KafkaSerdesTester] (Thread-676) topic-00270b65_8fac_46cc_9458_cb3c2fb2e1c5 0 19 {"key11753985879932": "value-9", "key21753985881684": "value-9"}
2025-07-31 18:18:03,007 INFO  [io.api.tes.ser.api.KafkaSerdesTester] (Thread-676) topic-00270b65_8fac_46cc_9458_cb3c2fb2e1c5 0 20 {"key11753985879932": "value-0"}
2025-07-31 18:18:03,007 INFO  [io.api.tes.ser.api.KafkaSerdesTester] (Thread-676) topic-00270b65_8fac_46cc_9458_cb3c2fb2e1c5 0 21 {"key11753985879932": "value-1"}
2025-07-31 18:18:03,007 INFO  [io.api.tes.ser.api.KafkaSerdesTester] (Thread-676) topic-00270b65_8fac_46cc_9458_cb3c2fb2e1c5 0 22 {"key11753985879932": "value-2"}
2025-07-31 18:18:03,012 INFO  [io.api.tes.ser.api.KafkaSerdesTester] (Thread-676) topic-00270b65_8fac_46cc_9458_cb3c2fb2e1c5 0 23 {"key11753985879932": "value-3"}
2025-07-31 18:18:03,012 INFO  [io.api.tes.ser.api.KafkaSerdesTester] (Thread-676) topic-00270b65_8fac_46cc_9458_cb3c2fb2e1c5 0 24 {"key11753985879932": "value-4"}
2025-07-31 18:18:03,012 INFO  [io.api.tes.ser.api.KafkaSerdesTester] (Thread-676) topic-00270b65_8fac_46cc_9458_cb3c2fb2e1c5 0 25 {"key11753985879932": "value-5"}
2025-07-31 18:18:03,012 INFO  [io.api.tes.ser.api.KafkaSerdesTester] (Thread-676) topic-00270b65_8fac_46cc_9458_cb3c2fb2e1c5 0 26 {"key11753985879932": "value-6"}
2025-07-31 18:18:03,012 INFO  [io.api.tes.ser.api.KafkaSerdesTester] (Thread-676) topic-00270b65_8fac_46cc_9458_cb3c2fb2e1c5 0 27 {"key11753985879932": "value-7"}
2025-07-31 18:18:03,012 INFO  [io.api.tes.ser.api.KafkaSerdesTester] (Thread-676) topic-00270b65_8fac_46cc_9458_cb3c2fb2e1c5 0 28 {"key11753985879932": "value-8"}
2025-07-31 18:18:03,012 INFO  [io.api.tes.ser.api.KafkaSerdesTester] (Thread-676) topic-00270b65_8fac_46cc_9458_cb3c2fb2e1c5 0 29 {"key11753985879932": "value-9"}
2025-07-31 18:18:03,012 INFO  [io.api.tes.ser.api.KafkaSerdesTester] (Thread-676) Consumed 20 messages
2025-07-31 18:18:03,016 INFO  [org.apa.kaf.cli.con.int.ConsumerRebalanceListenerInvoker] (Thread-676) [Consumer clientId=consumer-Consumer-topic-00270b65_8fac_46cc_9458_cb3c2fb2e1c5-11, groupId=Consumer-topic-00270b65_8fac_46cc_9458_cb3c2fb2e1c5] Revoke previously assigned partitions topic-00270b65_8fac_46cc_9458_cb3c2fb2e1c5-0
2025-07-31 18:18:03,016 INFO  [org.apa.kaf.cli.con.int.ConsumerCoordinator] (Thread-676) [Consumer clientId=consumer-Consumer-topic-00270b65_8fac_46cc_9458_cb3c2fb2e1c5-11, groupId=Consumer-topic-00270b65_8fac_46cc_9458_cb3c2fb2e1c5] Member consumer-Consumer-topic-00270b65_8fac_46cc_9458_cb3c2fb2e1c5-11-d05cd9a8-fbd3-43b3-84ea-687490fd2129 sending LeaveGroup request to coordinator localhost:32770 (id: 2147483647 rack: null) due to the consumer is being closed
2025-07-31 18:18:03,017 INFO  [org.apa.kaf.cli.con.int.ConsumerCoordinator] (Thread-676) [Consumer clientId=consumer-Consumer-topic-00270b65_8fac_46cc_9458_cb3c2fb2e1c5-11, groupId=Consumer-topic-00270b65_8fac_46cc_9458_cb3c2fb2e1c5] Resetting generation and member id due to: consumer pro-actively leaving the group
2025-07-31 18:18:03,017 INFO  [org.apa.kaf.cli.con.int.ConsumerCoordinator] (Thread-676) [Consumer clientId=consumer-Consumer-topic-00270b65_8fac_46cc_9458_cb3c2fb2e1c5-11, groupId=Consumer-topic-00270b65_8fac_46cc_9458_cb3c2fb2e1c5] Request joining group due to: consumer pro-actively leaving the group
2025-07-31 18:18:03,511 INFO  [org.apa.kaf.com.met.Metrics] (Thread-676) Metrics scheduler closed
2025-07-31 18:18:03,511 INFO  [org.apa.kaf.com.met.Metrics] (Thread-676) Closing reporter org.apache.kafka.common.metrics.JmxReporter
2025-07-31 18:18:03,511 INFO  [org.apa.kaf.com.met.Metrics] (Thread-676) Closing reporter org.apache.kafka.common.telemetry.internals.ClientTelemetryReporter
2025-07-31 18:18:03,511 INFO  [org.apa.kaf.com.met.Metrics] (Thread-676) Metrics reporters closed
2025-07-31 18:18:03,514 INFO  [org.apa.kaf.com.uti.AppInfoParser] (Thread-676) App info kafka.consumer for consumer-Consumer-topic-00270b65_8fac_46cc_9458_cb3c2fb2e1c5-11 unregistered
2025-07-31 18:18:03,514 INFO  [io.api.tes.ser.api.AvroSerdeIT] (main) Registering Avro Schema 3: {"type":"record","name":"sb5778ef1x96d1x4c53x9e45x949e8d0bbf6f","namespace":"ns_1b507734_b511_4227_83db_1f514be7931b","fields":[{"name":"key11753985879932","type":"string"},{"name":"key21753985881684","type":"string"},{"name":"key31753985883514","type":"string"}]}
**** Registry Base URL: http://registry-app-kafkasql.apps.ci419.apicurio-testing.org:80
2025-07-31 18:18:04,578 INFO  [org.apa.kaf.cli.pro.ProducerConfig] (main) ProducerConfig values: 
	acks = -1
	auto.include.jmx.reporter = true
	batch.size = 16384
	bootstrap.servers = [PLAINTEXT://localhost:32770]
	buffer.memory = 33554432
	client.dns.lookup = use_all_dns_ips
	client.id = Producer-topic-00270b65_8fac_46cc_9458_cb3c2fb2e1c5
	compression.gzip.level = -1
	compression.lz4.level = 9
	compression.type = none
	compression.zstd.level = 3
	connections.max.idle.ms = 10000
	delivery.timeout.ms = 120000
	enable.idempotence = true
	enable.metrics.push = true
	interceptor.classes = []
	key.serializer = class org.apache.kafka.common.serialization.StringSerializer
	linger.ms = 0
	max.block.ms = 60000
	max.in.flight.requests.per.connection = 5
	max.request.size = 1048576
	metadata.max.age.ms = 300000
	metadata.max.idle.ms = 300000
	metadata.recovery.strategy = none
	metric.reporters = []
	metrics.num.samples = 2
	metrics.recording.level = INFO
	metrics.sample.window.ms = 30000
	partitioner.adaptive.partitioning.enable = true
	partitioner.availability.timeout.ms = 0
	partitioner.class = null
	partitioner.ignore.keys = false
	receive.buffer.bytes = 32768
	reconnect.backoff.max.ms = 1000
	reconnect.backoff.ms = 50
	request.timeout.ms = 5000
	retries = 2147483647
	retry.backoff.max.ms = 1000
	retry.backoff.ms = 100
	sasl.client.callback.handler.class = null
	sasl.jaas.config = null
	sasl.kerberos.kinit.cmd = /usr/bin/kinit
	sasl.kerberos.min.time.before.relogin = 60000
	sasl.kerberos.service.name = null
	sasl.kerberos.ticket.renew.jitter = 0.05
	sasl.kerberos.ticket.renew.window.factor = 0.8
	sasl.login.callback.handler.class = null
	sasl.login.class = null
	sasl.login.connect.timeout.ms = null
	sasl.login.read.timeout.ms = null
	sasl.login.refresh.buffer.seconds = 300
	sasl.login.refresh.min.period.seconds = 60
	sasl.login.refresh.window.factor = 0.8
	sasl.login.refresh.window.jitter = 0.05
	sasl.login.retry.backoff.max.ms = 10000
	sasl.login.retry.backoff.ms = 100
	sasl.mechanism = GSSAPI
	sasl.oauthbearer.clock.skew.seconds = 30
	sasl.oauthbearer.expected.audience = null
	sasl.oauthbearer.expected.issuer = null
	sasl.oauthbearer.header.urlencode = false
	sasl.oauthbearer.jwks.endpoint.refresh.ms = 3600000
	sasl.oauthbearer.jwks.endpoint.retry.backoff.max.ms = 10000
	sasl.oauthbearer.jwks.endpoint.retry.backoff.ms = 100
	sasl.oauthbearer.jwks.endpoint.url = null
	sasl.oauthbearer.scope.claim.name = scope
	sasl.oauthbearer.sub.claim.name = sub
	sasl.oauthbearer.token.endpoint.url = null
	security.protocol = PLAINTEXT
	security.providers = null
	send.buffer.bytes = 131072
	socket.connection.setup.timeout.max.ms = 30000
	socket.connection.setup.timeout.ms = 10000
	ssl.cipher.suites = null
	ssl.enabled.protocols = [TLSv1.2, TLSv1.3]
	ssl.endpoint.identification.algorithm = https
	ssl.engine.factory.class = null
	ssl.key.password = null
	ssl.keymanager.algorithm = SunX509
	ssl.keystore.certificate.chain = null
	ssl.keystore.key = null
	ssl.keystore.location = null
	ssl.keystore.password = null
	ssl.keystore.type = JKS
	ssl.protocol = TLSv1.3
	ssl.provider = null
	ssl.secure.random.implementation = null
	ssl.trustmanager.algorithm = PKIX
	ssl.truststore.certificates = null
	ssl.truststore.location = null
	ssl.truststore.password = null
	ssl.truststore.type = JKS
	transaction.timeout.ms = 60000
	transactional.id = null
	value.serializer = class io.apicurio.registry.serde.avro.AvroKafkaSerializer

2025-07-31 18:18:04,578 INFO  [org.apa.kaf.com.tel.int.KafkaMetricsCollector] (main) initializing Kafka metrics collector
2025-07-31 18:18:04,582 INFO  [org.apa.kaf.cli.pro.KafkaProducer] (main) [Producer clientId=Producer-topic-00270b65_8fac_46cc_9458_cb3c2fb2e1c5] Instantiated an idempotent producer.
2025-07-31 18:18:04,584 INFO  [org.apa.kaf.cli.pro.ProducerConfig] (main) These configurations '[apicurio.registry.url, apicurio.registry.artifact-resolver-strategy]' were supplied but are not used yet.
2025-07-31 18:18:04,584 INFO  [org.apa.kaf.com.uti.AppInfoParser] (main) Kafka version: 3.9.1
2025-07-31 18:18:04,584 INFO  [org.apa.kaf.com.uti.AppInfoParser] (main) Kafka commitId: f745dfdcee2b9851
2025-07-31 18:18:04,584 INFO  [org.apa.kaf.com.uti.AppInfoParser] (main) Kafka startTimeMs: 1753985884584
2025-07-31 18:18:04,586 INFO  [io.api.tes.ser.api.KafkaSerdesTester] (Thread-679) Sending message {"key11753985879932": "value-0", "key21753985881684": "value-0", "key31753985883514": "value-0"} to topic topic-00270b65_8fac_46cc_9458_cb3c2fb2e1c5
2025-07-31 18:18:04,591 INFO  [org.apa.kaf.cli.Metadata] (kafka-producer-network-thread | Producer-topic-00270b65_8fac_46cc_9458_cb3c2fb2e1c5) [Producer clientId=Producer-topic-00270b65_8fac_46cc_9458_cb3c2fb2e1c5] Cluster ID: MOk99p_ARaW4Dib0x4tLFg
2025-07-31 18:18:04,591 INFO  [DefaultSchemaResolver] (Thread-679) Retrieving schema content using string: {"type":"record","name":"sb5778ef1x96d1x4c53x9e45x949e8d0bbf6f","namespace":"ns_1b507734_b511_4227_83db_1f514be7931b","fields":[{"name":"key11753985879932","type":"string"},{"name":"key21753985881684","type":"string"},{"name":"key31753985883514","type":"string"}]}
2025-07-31 18:18:04,592 INFO  [org.apa.kaf.cli.pro.int.TransactionManager] (kafka-producer-network-thread | Producer-topic-00270b65_8fac_46cc_9458_cb3c2fb2e1c5) [Producer clientId=Producer-topic-00270b65_8fac_46cc_9458_cb3c2fb2e1c5] ProducerId set to 15 with epoch 0
2025-07-31 18:18:04,625 INFO  [io.api.tes.ser.api.KafkaSerdesTester] (Thread-679) Sending message {"key11753985879932": "value-1", "key21753985881684": "value-1", "key31753985883514": "value-1"} to topic topic-00270b65_8fac_46cc_9458_cb3c2fb2e1c5
2025-07-31 18:18:04,629 INFO  [io.api.tes.ser.api.KafkaSerdesTester] (Thread-679) Sending message {"key11753985879932": "value-2", "key21753985881684": "value-2", "key31753985883514": "value-2"} to topic topic-00270b65_8fac_46cc_9458_cb3c2fb2e1c5
2025-07-31 18:18:04,631 INFO  [io.api.tes.ser.api.KafkaSerdesTester] (Thread-679) Sending message {"key11753985879932": "value-3", "key21753985881684": "value-3", "key31753985883514": "value-3"} to topic topic-00270b65_8fac_46cc_9458_cb3c2fb2e1c5
2025-07-31 18:18:04,633 INFO  [io.api.tes.ser.api.KafkaSerdesTester] (Thread-679) Sending message {"key11753985879932": "value-4", "key21753985881684": "value-4", "key31753985883514": "value-4"} to topic topic-00270b65_8fac_46cc_9458_cb3c2fb2e1c5
2025-07-31 18:18:04,634 INFO  [io.api.tes.ser.api.KafkaSerdesTester] (Thread-679) Sending message {"key11753985879932": "value-5", "key21753985881684": "value-5", "key31753985883514": "value-5"} to topic topic-00270b65_8fac_46cc_9458_cb3c2fb2e1c5
2025-07-31 18:18:04,636 INFO  [io.api.tes.ser.api.KafkaSerdesTester] (Thread-679) Sending message {"key11753985879932": "value-6", "key21753985881684": "value-6", "key31753985883514": "value-6"} to topic topic-00270b65_8fac_46cc_9458_cb3c2fb2e1c5
2025-07-31 18:18:04,642 INFO  [io.api.tes.ser.api.KafkaSerdesTester] (Thread-679) Sending message {"key11753985879932": "value-7", "key21753985881684": "value-7", "key31753985883514": "value-7"} to topic topic-00270b65_8fac_46cc_9458_cb3c2fb2e1c5
2025-07-31 18:18:04,643 INFO  [io.api.tes.ser.api.KafkaSerdesTester] (Thread-679) Sending message {"key11753985879932": "value-8", "key21753985881684": "value-8", "key31753985883514": "value-8"} to topic topic-00270b65_8fac_46cc_9458_cb3c2fb2e1c5
2025-07-31 18:18:04,647 INFO  [io.api.tes.ser.api.KafkaSerdesTester] (Thread-679) Sending message {"key11753985879932": "value-9", "key21753985881684": "value-9", "key31753985883514": "value-9"} to topic topic-00270b65_8fac_46cc_9458_cb3c2fb2e1c5
2025-07-31 18:18:04,649 INFO  [io.api.tes.ser.api.KafkaSerdesTester] (Thread-679) Produced 10 messages
2025-07-31 18:18:04,649 INFO  [org.apa.kaf.cli.pro.KafkaProducer] (Thread-679) [Producer clientId=Producer-topic-00270b65_8fac_46cc_9458_cb3c2fb2e1c5] Closing the Kafka producer with timeoutMillis = 9223372036854775807 ms.
2025-07-31 18:18:04,652 INFO  [org.apa.kaf.com.met.Metrics] (Thread-679) Metrics scheduler closed
2025-07-31 18:18:04,652 INFO  [org.apa.kaf.com.met.Metrics] (Thread-679) Closing reporter org.apache.kafka.common.metrics.JmxReporter
2025-07-31 18:18:04,652 INFO  [org.apa.kaf.com.met.Metrics] (Thread-679) Closing reporter org.apache.kafka.common.telemetry.internals.ClientTelemetryReporter
2025-07-31 18:18:04,652 INFO  [org.apa.kaf.com.met.Metrics] (Thread-679) Metrics reporters closed
2025-07-31 18:18:04,653 INFO  [org.apa.kaf.com.uti.AppInfoParser] (Thread-679) App info kafka.producer for Producer-topic-00270b65_8fac_46cc_9458_cb3c2fb2e1c5 unregistered
**** Registry Base URL: http://registry-app-kafkasql.apps.ci419.apicurio-testing.org:80
2025-07-31 18:18:04,654 INFO  [org.apa.kaf.cli.pro.ProducerConfig] (main) ProducerConfig values: 
	acks = -1
	auto.include.jmx.reporter = true
	batch.size = 16384
	bootstrap.servers = [PLAINTEXT://localhost:32770]
	buffer.memory = 33554432
	client.dns.lookup = use_all_dns_ips
	client.id = Producer-topic-00270b65_8fac_46cc_9458_cb3c2fb2e1c5
	compression.gzip.level = -1
	compression.lz4.level = 9
	compression.type = none
	compression.zstd.level = 3
	connections.max.idle.ms = 10000
	delivery.timeout.ms = 120000
	enable.idempotence = true
	enable.metrics.push = true
	interceptor.classes = []
	key.serializer = class org.apache.kafka.common.serialization.StringSerializer
	linger.ms = 0
	max.block.ms = 60000
	max.in.flight.requests.per.connection = 5
	max.request.size = 1048576
	metadata.max.age.ms = 300000
	metadata.max.idle.ms = 300000
	metadata.recovery.strategy = none
	metric.reporters = []
	metrics.num.samples = 2
	metrics.recording.level = INFO
	metrics.sample.window.ms = 30000
	partitioner.adaptive.partitioning.enable = true
	partitioner.availability.timeout.ms = 0
	partitioner.class = null
	partitioner.ignore.keys = false
	receive.buffer.bytes = 32768
	reconnect.backoff.max.ms = 1000
	reconnect.backoff.ms = 50
	request.timeout.ms = 5000
	retries = 2147483647
	retry.backoff.max.ms = 1000
	retry.backoff.ms = 100
	sasl.client.callback.handler.class = null
	sasl.jaas.config = null
	sasl.kerberos.kinit.cmd = /usr/bin/kinit
	sasl.kerberos.min.time.before.relogin = 60000
	sasl.kerberos.service.name = null
	sasl.kerberos.ticket.renew.jitter = 0.05
	sasl.kerberos.ticket.renew.window.factor = 0.8
	sasl.login.callback.handler.class = null
	sasl.login.class = null
	sasl.login.connect.timeout.ms = null
	sasl.login.read.timeout.ms = null
	sasl.login.refresh.buffer.seconds = 300
	sasl.login.refresh.min.period.seconds = 60
	sasl.login.refresh.window.factor = 0.8
	sasl.login.refresh.window.jitter = 0.05
	sasl.login.retry.backoff.max.ms = 10000
	sasl.login.retry.backoff.ms = 100
	sasl.mechanism = GSSAPI
	sasl.oauthbearer.clock.skew.seconds = 30
	sasl.oauthbearer.expected.audience = null
	sasl.oauthbearer.expected.issuer = null
	sasl.oauthbearer.header.urlencode = false
	sasl.oauthbearer.jwks.endpoint.refresh.ms = 3600000
	sasl.oauthbearer.jwks.endpoint.retry.backoff.max.ms = 10000
	sasl.oauthbearer.jwks.endpoint.retry.backoff.ms = 100
	sasl.oauthbearer.jwks.endpoint.url = null
	sasl.oauthbearer.scope.claim.name = scope
	sasl.oauthbearer.sub.claim.name = sub
	sasl.oauthbearer.token.endpoint.url = null
	security.protocol = PLAINTEXT
	security.providers = null
	send.buffer.bytes = 131072
	socket.connection.setup.timeout.max.ms = 30000
	socket.connection.setup.timeout.ms = 10000
	ssl.cipher.suites = null
	ssl.enabled.protocols = [TLSv1.2, TLSv1.3]
	ssl.endpoint.identification.algorithm = https
	ssl.engine.factory.class = null
	ssl.key.password = null
	ssl.keymanager.algorithm = SunX509
	ssl.keystore.certificate.chain = null
	ssl.keystore.key = null
	ssl.keystore.location = null
	ssl.keystore.password = null
	ssl.keystore.type = JKS
	ssl.protocol = TLSv1.3
	ssl.provider = null
	ssl.secure.random.implementation = null
	ssl.trustmanager.algorithm = PKIX
	ssl.truststore.certificates = null
	ssl.truststore.location = null
	ssl.truststore.password = null
	ssl.truststore.type = JKS
	transaction.timeout.ms = 60000
	transactional.id = null
	value.serializer = class io.apicurio.registry.serde.avro.AvroKafkaSerializer

2025-07-31 18:18:04,655 INFO  [org.apa.kaf.com.tel.int.KafkaMetricsCollector] (main) initializing Kafka metrics collector
2025-07-31 18:18:04,672 INFO  [org.apa.kaf.cli.pro.KafkaProducer] (main) [Producer clientId=Producer-topic-00270b65_8fac_46cc_9458_cb3c2fb2e1c5] Instantiated an idempotent producer.
2025-07-31 18:18:04,678 INFO  [org.apa.kaf.cli.pro.ProducerConfig] (main) These configurations '[apicurio.registry.url, apicurio.registry.artifact-resolver-strategy]' were supplied but are not used yet.
2025-07-31 18:18:04,678 INFO  [org.apa.kaf.com.uti.AppInfoParser] (main) Kafka version: 3.9.1
2025-07-31 18:18:04,678 INFO  [org.apa.kaf.com.uti.AppInfoParser] (main) Kafka commitId: f745dfdcee2b9851
2025-07-31 18:18:04,678 INFO  [org.apa.kaf.com.uti.AppInfoParser] (main) Kafka startTimeMs: 1753985884678
2025-07-31 18:18:04,685 INFO  [io.api.tes.ser.api.KafkaSerdesTester] (Thread-682) Sending message {"key11753985879932": "value-0", "key21753985881684": "value-0"} to topic topic-00270b65_8fac_46cc_9458_cb3c2fb2e1c5
2025-07-31 18:18:04,691 INFO  [org.apa.kaf.cli.Metadata] (kafka-producer-network-thread | Producer-topic-00270b65_8fac_46cc_9458_cb3c2fb2e1c5) [Producer clientId=Producer-topic-00270b65_8fac_46cc_9458_cb3c2fb2e1c5] Cluster ID: MOk99p_ARaW4Dib0x4tLFg
2025-07-31 18:18:04,693 INFO  [DefaultSchemaResolver] (Thread-682) Retrieving schema content using string: {"type":"record","name":"sb5778ef1x96d1x4c53x9e45x949e8d0bbf6f","namespace":"ns_1b507734_b511_4227_83db_1f514be7931b","fields":[{"name":"key11753985879932","type":"string"},{"name":"key21753985881684","type":"string"}]}
2025-07-31 18:18:04,696 INFO  [org.apa.kaf.cli.pro.int.TransactionManager] (kafka-producer-network-thread | Producer-topic-00270b65_8fac_46cc_9458_cb3c2fb2e1c5) [Producer clientId=Producer-topic-00270b65_8fac_46cc_9458_cb3c2fb2e1c5] ProducerId set to 16 with epoch 0
2025-07-31 18:18:04,732 INFO  [io.api.tes.ser.api.KafkaSerdesTester] (Thread-682) Sending message {"key11753985879932": "value-1", "key21753985881684": "value-1"} to topic topic-00270b65_8fac_46cc_9458_cb3c2fb2e1c5
2025-07-31 18:18:04,734 INFO  [io.api.tes.ser.api.KafkaSerdesTester] (Thread-682) Sending message {"key11753985879932": "value-2", "key21753985881684": "value-2"} to topic topic-00270b65_8fac_46cc_9458_cb3c2fb2e1c5
2025-07-31 18:18:04,736 INFO  [io.api.tes.ser.api.KafkaSerdesTester] (Thread-682) Sending message {"key11753985879932": "value-3", "key21753985881684": "value-3"} to topic topic-00270b65_8fac_46cc_9458_cb3c2fb2e1c5
2025-07-31 18:18:04,737 INFO  [io.api.tes.ser.api.KafkaSerdesTester] (Thread-682) Sending message {"key11753985879932": "value-4", "key21753985881684": "value-4"} to topic topic-00270b65_8fac_46cc_9458_cb3c2fb2e1c5
2025-07-31 18:18:04,739 INFO  [io.api.tes.ser.api.KafkaSerdesTester] (Thread-682) Sending message {"key11753985879932": "value-5", "key21753985881684": "value-5"} to topic topic-00270b65_8fac_46cc_9458_cb3c2fb2e1c5
2025-07-31 18:18:04,740 INFO  [io.api.tes.ser.api.KafkaSerdesTester] (Thread-682) Sending message {"key11753985879932": "value-6", "key21753985881684": "value-6"} to topic topic-00270b65_8fac_46cc_9458_cb3c2fb2e1c5
2025-07-31 18:18:04,742 INFO  [io.api.tes.ser.api.KafkaSerdesTester] (Thread-682) Sending message {"key11753985879932": "value-7", "key21753985881684": "value-7"} to topic topic-00270b65_8fac_46cc_9458_cb3c2fb2e1c5
2025-07-31 18:18:04,744 INFO  [io.api.tes.ser.api.KafkaSerdesTester] (Thread-682) Sending message {"key11753985879932": "value-8", "key21753985881684": "value-8"} to topic topic-00270b65_8fac_46cc_9458_cb3c2fb2e1c5
2025-07-31 18:18:04,745 INFO  [io.api.tes.ser.api.KafkaSerdesTester] (Thread-682) Sending message {"key11753985879932": "value-9", "key21753985881684": "value-9"} to topic topic-00270b65_8fac_46cc_9458_cb3c2fb2e1c5
2025-07-31 18:18:04,747 INFO  [io.api.tes.ser.api.KafkaSerdesTester] (Thread-682) Produced 10 messages
2025-07-31 18:18:04,747 INFO  [org.apa.kaf.cli.pro.KafkaProducer] (Thread-682) [Producer clientId=Producer-topic-00270b65_8fac_46cc_9458_cb3c2fb2e1c5] Closing the Kafka producer with timeoutMillis = 9223372036854775807 ms.
2025-07-31 18:18:04,750 INFO  [org.apa.kaf.com.met.Metrics] (Thread-682) Metrics scheduler closed
2025-07-31 18:18:04,750 INFO  [org.apa.kaf.com.met.Metrics] (Thread-682) Closing reporter org.apache.kafka.common.metrics.JmxReporter
2025-07-31 18:18:04,750 INFO  [org.apa.kaf.com.met.Metrics] (Thread-682) Closing reporter org.apache.kafka.common.telemetry.internals.ClientTelemetryReporter
2025-07-31 18:18:04,750 INFO  [org.apa.kaf.com.met.Metrics] (Thread-682) Metrics reporters closed
2025-07-31 18:18:04,750 INFO  [org.apa.kaf.com.uti.AppInfoParser] (Thread-682) App info kafka.producer for Producer-topic-00270b65_8fac_46cc_9458_cb3c2fb2e1c5 unregistered
**** Registry Base URL: http://registry-app-kafkasql.apps.ci419.apicurio-testing.org:80
2025-07-31 18:18:04,751 INFO  [org.apa.kaf.cli.pro.ProducerConfig] (main) ProducerConfig values: 
	acks = -1
	auto.include.jmx.reporter = true
	batch.size = 16384
	bootstrap.servers = [PLAINTEXT://localhost:32770]
	buffer.memory = 33554432
	client.dns.lookup = use_all_dns_ips
	client.id = Producer-topic-00270b65_8fac_46cc_9458_cb3c2fb2e1c5
	compression.gzip.level = -1
	compression.lz4.level = 9
	compression.type = none
	compression.zstd.level = 3
	connections.max.idle.ms = 10000
	delivery.timeout.ms = 120000
	enable.idempotence = true
	enable.metrics.push = true
	interceptor.classes = []
	key.serializer = class org.apache.kafka.common.serialization.StringSerializer
	linger.ms = 0
	max.block.ms = 60000
	max.in.flight.requests.per.connection = 5
	max.request.size = 1048576
	metadata.max.age.ms = 300000
	metadata.max.idle.ms = 300000
	metadata.recovery.strategy = none
	metric.reporters = []
	metrics.num.samples = 2
	metrics.recording.level = INFO
	metrics.sample.window.ms = 30000
	partitioner.adaptive.partitioning.enable = true
	partitioner.availability.timeout.ms = 0
	partitioner.class = null
	partitioner.ignore.keys = false
	receive.buffer.bytes = 32768
	reconnect.backoff.max.ms = 1000
	reconnect.backoff.ms = 50
	request.timeout.ms = 5000
	retries = 2147483647
	retry.backoff.max.ms = 1000
	retry.backoff.ms = 100
	sasl.client.callback.handler.class = null
	sasl.jaas.config = null
	sasl.kerberos.kinit.cmd = /usr/bin/kinit
	sasl.kerberos.min.time.before.relogin = 60000
	sasl.kerberos.service.name = null
	sasl.kerberos.ticket.renew.jitter = 0.05
	sasl.kerberos.ticket.renew.window.factor = 0.8
	sasl.login.callback.handler.class = null
	sasl.login.class = null
	sasl.login.connect.timeout.ms = null
	sasl.login.read.timeout.ms = null
	sasl.login.refresh.buffer.seconds = 300
	sasl.login.refresh.min.period.seconds = 60
	sasl.login.refresh.window.factor = 0.8
	sasl.login.refresh.window.jitter = 0.05
	sasl.login.retry.backoff.max.ms = 10000
	sasl.login.retry.backoff.ms = 100
	sasl.mechanism = GSSAPI
	sasl.oauthbearer.clock.skew.seconds = 30
	sasl.oauthbearer.expected.audience = null
	sasl.oauthbearer.expected.issuer = null
	sasl.oauthbearer.header.urlencode = false
	sasl.oauthbearer.jwks.endpoint.refresh.ms = 3600000
	sasl.oauthbearer.jwks.endpoint.retry.backoff.max.ms = 10000
	sasl.oauthbearer.jwks.endpoint.retry.backoff.ms = 100
	sasl.oauthbearer.jwks.endpoint.url = null
	sasl.oauthbearer.scope.claim.name = scope
	sasl.oauthbearer.sub.claim.name = sub
	sasl.oauthbearer.token.endpoint.url = null
	security.protocol = PLAINTEXT
	security.providers = null
	send.buffer.bytes = 131072
	socket.connection.setup.timeout.max.ms = 30000
	socket.connection.setup.timeout.ms = 10000
	ssl.cipher.suites = null
	ssl.enabled.protocols = [TLSv1.2, TLSv1.3]
	ssl.endpoint.identification.algorithm = https
	ssl.engine.factory.class = null
	ssl.key.password = null
	ssl.keymanager.algorithm = SunX509
	ssl.keystore.certificate.chain = null
	ssl.keystore.key = null
	ssl.keystore.location = null
	ssl.keystore.password = null
	ssl.keystore.type = JKS
	ssl.protocol = TLSv1.3
	ssl.provider = null
	ssl.secure.random.implementation = null
	ssl.trustmanager.algorithm = PKIX
	ssl.truststore.certificates = null
	ssl.truststore.location = null
	ssl.truststore.password = null
	ssl.truststore.type = JKS
	transaction.timeout.ms = 60000
	transactional.id = null
	value.serializer = class io.apicurio.registry.serde.avro.AvroKafkaSerializer

2025-07-31 18:18:04,751 INFO  [org.apa.kaf.com.tel.int.KafkaMetricsCollector] (main) initializing Kafka metrics collector
2025-07-31 18:18:04,757 INFO  [org.apa.kaf.cli.pro.KafkaProducer] (main) [Producer clientId=Producer-topic-00270b65_8fac_46cc_9458_cb3c2fb2e1c5] Instantiated an idempotent producer.
2025-07-31 18:18:04,781 INFO  [org.apa.kaf.cli.pro.ProducerConfig] (main) These configurations '[apicurio.registry.url, apicurio.registry.artifact-resolver-strategy]' were supplied but are not used yet.
2025-07-31 18:18:04,781 INFO  [org.apa.kaf.com.uti.AppInfoParser] (main) Kafka version: 3.9.1
2025-07-31 18:18:04,781 INFO  [org.apa.kaf.com.uti.AppInfoParser] (main) Kafka commitId: f745dfdcee2b9851
2025-07-31 18:18:04,781 INFO  [org.apa.kaf.com.uti.AppInfoParser] (main) Kafka startTimeMs: 1753985884781
2025-07-31 18:18:04,783 INFO  [io.api.tes.ser.api.KafkaSerdesTester] (Thread-685) Sending message {"key11753985879932": "value-0"} to topic topic-00270b65_8fac_46cc_9458_cb3c2fb2e1c5
2025-07-31 18:18:04,791 INFO  [org.apa.kaf.cli.Metadata] (kafka-producer-network-thread | Producer-topic-00270b65_8fac_46cc_9458_cb3c2fb2e1c5) [Producer clientId=Producer-topic-00270b65_8fac_46cc_9458_cb3c2fb2e1c5] Cluster ID: MOk99p_ARaW4Dib0x4tLFg
2025-07-31 18:18:04,791 INFO  [org.apa.kaf.cli.pro.int.TransactionManager] (kafka-producer-network-thread | Producer-topic-00270b65_8fac_46cc_9458_cb3c2fb2e1c5) [Producer clientId=Producer-topic-00270b65_8fac_46cc_9458_cb3c2fb2e1c5] ProducerId set to 17 with epoch 0
2025-07-31 18:18:04,792 INFO  [DefaultSchemaResolver] (Thread-685) Retrieving schema content using string: {"type":"record","name":"sb5778ef1x96d1x4c53x9e45x949e8d0bbf6f","namespace":"ns_1b507734_b511_4227_83db_1f514be7931b","fields":[{"name":"key11753985879932","type":"string"}]}
2025-07-31 18:18:04,825 INFO  [io.api.tes.ser.api.KafkaSerdesTester] (Thread-685) Sending message {"key11753985879932": "value-1"} to topic topic-00270b65_8fac_46cc_9458_cb3c2fb2e1c5
2025-07-31 18:18:04,827 INFO  [io.api.tes.ser.api.KafkaSerdesTester] (Thread-685) Sending message {"key11753985879932": "value-2"} to topic topic-00270b65_8fac_46cc_9458_cb3c2fb2e1c5
2025-07-31 18:18:04,831 INFO  [io.api.tes.ser.api.KafkaSerdesTester] (Thread-685) Sending message {"key11753985879932": "value-3"} to topic topic-00270b65_8fac_46cc_9458_cb3c2fb2e1c5
2025-07-31 18:18:04,832 INFO  [io.api.tes.ser.api.KafkaSerdesTester] (Thread-685) Sending message {"key11753985879932": "value-4"} to topic topic-00270b65_8fac_46cc_9458_cb3c2fb2e1c5
2025-07-31 18:18:04,834 INFO  [io.api.tes.ser.api.KafkaSerdesTester] (Thread-685) Sending message {"key11753985879932": "value-5"} to topic topic-00270b65_8fac_46cc_9458_cb3c2fb2e1c5
2025-07-31 18:18:04,838 INFO  [io.api.tes.ser.api.KafkaSerdesTester] (Thread-685) Sending message {"key11753985879932": "value-6"} to topic topic-00270b65_8fac_46cc_9458_cb3c2fb2e1c5
2025-07-31 18:18:04,839 INFO  [io.api.tes.ser.api.KafkaSerdesTester] (Thread-685) Sending message {"key11753985879932": "value-7"} to topic topic-00270b65_8fac_46cc_9458_cb3c2fb2e1c5
2025-07-31 18:18:04,841 INFO  [io.api.tes.ser.api.KafkaSerdesTester] (Thread-685) Sending message {"key11753985879932": "value-8"} to topic topic-00270b65_8fac_46cc_9458_cb3c2fb2e1c5
2025-07-31 18:18:04,842 INFO  [io.api.tes.ser.api.KafkaSerdesTester] (Thread-685) Sending message {"key11753985879932": "value-9"} to topic topic-00270b65_8fac_46cc_9458_cb3c2fb2e1c5
2025-07-31 18:18:04,844 INFO  [io.api.tes.ser.api.KafkaSerdesTester] (Thread-685) Produced 10 messages
2025-07-31 18:18:04,844 INFO  [org.apa.kaf.cli.pro.KafkaProducer] (Thread-685) [Producer clientId=Producer-topic-00270b65_8fac_46cc_9458_cb3c2fb2e1c5] Closing the Kafka producer with timeoutMillis = 9223372036854775807 ms.
2025-07-31 18:18:04,847 INFO  [org.apa.kaf.com.met.Metrics] (Thread-685) Metrics scheduler closed
2025-07-31 18:18:04,847 INFO  [org.apa.kaf.com.met.Metrics] (Thread-685) Closing reporter org.apache.kafka.common.metrics.JmxReporter
2025-07-31 18:18:04,847 INFO  [org.apa.kaf.com.met.Metrics] (Thread-685) Closing reporter org.apache.kafka.common.telemetry.internals.ClientTelemetryReporter
2025-07-31 18:18:04,847 INFO  [org.apa.kaf.com.met.Metrics] (Thread-685) Metrics reporters closed
2025-07-31 18:18:04,848 INFO  [org.apa.kaf.com.uti.AppInfoParser] (Thread-685) App info kafka.producer for Producer-topic-00270b65_8fac_46cc_9458_cb3c2fb2e1c5 unregistered
**** Registry Base URL: http://registry-app-kafkasql.apps.ci419.apicurio-testing.org:80
2025-07-31 18:18:04,848 INFO  [org.apa.kaf.cli.con.ConsumerConfig] (main) ConsumerConfig values: 
	allow.auto.create.topics = true
	auto.commit.interval.ms = 500
	auto.include.jmx.reporter = true
	auto.offset.reset = earliest
	bootstrap.servers = [PLAINTEXT://localhost:32770]
	check.crcs = true
	client.dns.lookup = use_all_dns_ips
	client.id = consumer-Consumer-topic-00270b65_8fac_46cc_9458_cb3c2fb2e1c5-12
	client.rack = 
	connections.max.idle.ms = 10000
	default.api.timeout.ms = 60000
	enable.auto.commit = true
	enable.metrics.push = true
	exclude.internal.topics = true
	fetch.max.bytes = 52428800
	fetch.max.wait.ms = 500
	fetch.min.bytes = 1
	group.id = Consumer-topic-00270b65_8fac_46cc_9458_cb3c2fb2e1c5
	group.instance.id = null
	group.protocol = classic
	group.remote.assignor = null
	heartbeat.interval.ms = 3000
	interceptor.classes = []
	internal.leave.group.on.close = true
	internal.throw.on.fetch.stable.offset.unsupported = false
	isolation.level = read_uncommitted
	key.deserializer = class org.apache.kafka.common.serialization.StringDeserializer
	max.partition.fetch.bytes = 1048576
	max.poll.interval.ms = 300000
	max.poll.records = 500
	metadata.max.age.ms = 300000
	metadata.recovery.strategy = none
	metric.reporters = []
	metrics.num.samples = 2
	metrics.recording.level = INFO
	metrics.sample.window.ms = 30000
	partition.assignment.strategy = [class org.apache.kafka.clients.consumer.RangeAssignor, class org.apache.kafka.clients.consumer.CooperativeStickyAssignor]
	receive.buffer.bytes = 65536
	reconnect.backoff.max.ms = 1000
	reconnect.backoff.ms = 50
	request.timeout.ms = 5000
	retry.backoff.max.ms = 1000
	retry.backoff.ms = 100
	sasl.client.callback.handler.class = null
	sasl.jaas.config = null
	sasl.kerberos.kinit.cmd = /usr/bin/kinit
	sasl.kerberos.min.time.before.relogin = 60000
	sasl.kerberos.service.name = null
	sasl.kerberos.ticket.renew.jitter = 0.05
	sasl.kerberos.ticket.renew.window.factor = 0.8
	sasl.login.callback.handler.class = null
	sasl.login.class = null
	sasl.login.connect.timeout.ms = null
	sasl.login.read.timeout.ms = null
	sasl.login.refresh.buffer.seconds = 300
	sasl.login.refresh.min.period.seconds = 60
	sasl.login.refresh.window.factor = 0.8
	sasl.login.refresh.window.jitter = 0.05
	sasl.login.retry.backoff.max.ms = 10000
	sasl.login.retry.backoff.ms = 100
	sasl.mechanism = GSSAPI
	sasl.oauthbearer.clock.skew.seconds = 30
	sasl.oauthbearer.expected.audience = null
	sasl.oauthbearer.expected.issuer = null
	sasl.oauthbearer.header.urlencode = false
	sasl.oauthbearer.jwks.endpoint.refresh.ms = 3600000
	sasl.oauthbearer.jwks.endpoint.retry.backoff.max.ms = 10000
	sasl.oauthbearer.jwks.endpoint.retry.backoff.ms = 100
	sasl.oauthbearer.jwks.endpoint.url = null
	sasl.oauthbearer.scope.claim.name = scope
	sasl.oauthbearer.sub.claim.name = sub
	sasl.oauthbearer.token.endpoint.url = null
	security.protocol = PLAINTEXT
	security.providers = null
	send.buffer.bytes = 131072
	session.timeout.ms = 45000
	socket.connection.setup.timeout.max.ms = 30000
	socket.connection.setup.timeout.ms = 10000
	ssl.cipher.suites = null
	ssl.enabled.protocols = [TLSv1.2, TLSv1.3]
	ssl.endpoint.identification.algorithm = https
	ssl.engine.factory.class = null
	ssl.key.password = null
	ssl.keymanager.algorithm = SunX509
	ssl.keystore.certificate.chain = null
	ssl.keystore.key = null
	ssl.keystore.location = null
	ssl.keystore.password = null
	ssl.keystore.type = JKS
	ssl.protocol = TLSv1.3
	ssl.provider = null
	ssl.secure.random.implementation = null
	ssl.trustmanager.algorithm = PKIX
	ssl.truststore.certificates = null
	ssl.truststore.location = null
	ssl.truststore.password = null
	ssl.truststore.type = JKS
	value.deserializer = class io.apicurio.registry.serde.avro.AvroKafkaDeserializer

2025-07-31 18:18:04,849 INFO  [org.apa.kaf.com.tel.int.KafkaMetricsCollector] (main) initializing Kafka metrics collector
2025-07-31 18:18:04,867 INFO  [org.apa.kaf.cli.con.ConsumerConfig] (main) These configurations '[apicurio.registry.url]' were supplied but are not used yet.
2025-07-31 18:18:04,867 INFO  [org.apa.kaf.com.uti.AppInfoParser] (main) Kafka version: 3.9.1
2025-07-31 18:18:04,870 INFO  [org.apa.kaf.com.uti.AppInfoParser] (main) Kafka commitId: f745dfdcee2b9851
2025-07-31 18:18:04,870 INFO  [org.apa.kaf.com.uti.AppInfoParser] (main) Kafka startTimeMs: 1753985884867
2025-07-31 18:18:04,872 INFO  [org.apa.kaf.cli.con.int.ClassicKafkaConsumer] (Thread-688) [Consumer clientId=consumer-Consumer-topic-00270b65_8fac_46cc_9458_cb3c2fb2e1c5-12, groupId=Consumer-topic-00270b65_8fac_46cc_9458_cb3c2fb2e1c5] Subscribed to topic(s): topic-00270b65_8fac_46cc_9458_cb3c2fb2e1c5
2025-07-31 18:18:04,880 INFO  [org.apa.kaf.cli.Metadata] (Thread-688) [Consumer clientId=consumer-Consumer-topic-00270b65_8fac_46cc_9458_cb3c2fb2e1c5-12, groupId=Consumer-topic-00270b65_8fac_46cc_9458_cb3c2fb2e1c5] Cluster ID: MOk99p_ARaW4Dib0x4tLFg
2025-07-31 18:18:04,881 INFO  [org.apa.kaf.cli.con.int.ConsumerCoordinator] (Thread-688) [Consumer clientId=consumer-Consumer-topic-00270b65_8fac_46cc_9458_cb3c2fb2e1c5-12, groupId=Consumer-topic-00270b65_8fac_46cc_9458_cb3c2fb2e1c5] Discovered group coordinator localhost:32770 (id: 2147483647 rack: null)
2025-07-31 18:18:04,885 INFO  [org.apa.kaf.cli.con.int.ConsumerCoordinator] (Thread-688) [Consumer clientId=consumer-Consumer-topic-00270b65_8fac_46cc_9458_cb3c2fb2e1c5-12, groupId=Consumer-topic-00270b65_8fac_46cc_9458_cb3c2fb2e1c5] (Re-)joining group
2025-07-31 18:18:04,890 INFO  [org.apa.kaf.cli.con.int.ConsumerCoordinator] (Thread-688) [Consumer clientId=consumer-Consumer-topic-00270b65_8fac_46cc_9458_cb3c2fb2e1c5-12, groupId=Consumer-topic-00270b65_8fac_46cc_9458_cb3c2fb2e1c5] Request joining group due to: need to re-join with the given member-id: consumer-Consumer-topic-00270b65_8fac_46cc_9458_cb3c2fb2e1c5-12-90a92c9b-6ddc-4e08-bd87-bdb2bc53ab94
2025-07-31 18:18:04,890 INFO  [org.apa.kaf.cli.con.int.ConsumerCoordinator] (Thread-688) [Consumer clientId=consumer-Consumer-topic-00270b65_8fac_46cc_9458_cb3c2fb2e1c5-12, groupId=Consumer-topic-00270b65_8fac_46cc_9458_cb3c2fb2e1c5] (Re-)joining group
2025-07-31 18:18:04,892 INFO  [org.apa.kaf.cli.con.int.ConsumerCoordinator] (Thread-688) [Consumer clientId=consumer-Consumer-topic-00270b65_8fac_46cc_9458_cb3c2fb2e1c5-12, groupId=Consumer-topic-00270b65_8fac_46cc_9458_cb3c2fb2e1c5] Successfully joined group with generation Generation{generationId=5, memberId='consumer-Consumer-topic-00270b65_8fac_46cc_9458_cb3c2fb2e1c5-12-90a92c9b-6ddc-4e08-bd87-bdb2bc53ab94', protocol='range'}
2025-07-31 18:18:04,892 INFO  [org.apa.kaf.cli.con.int.ConsumerCoordinator] (Thread-688) [Consumer clientId=consumer-Consumer-topic-00270b65_8fac_46cc_9458_cb3c2fb2e1c5-12, groupId=Consumer-topic-00270b65_8fac_46cc_9458_cb3c2fb2e1c5] Finished assignment for group at generation 5: {consumer-Consumer-topic-00270b65_8fac_46cc_9458_cb3c2fb2e1c5-12-90a92c9b-6ddc-4e08-bd87-bdb2bc53ab94=Assignment(partitions=[topic-00270b65_8fac_46cc_9458_cb3c2fb2e1c5-0])}
2025-07-31 18:18:04,894 INFO  [org.apa.kaf.cli.con.int.ConsumerCoordinator] (Thread-688) [Consumer clientId=consumer-Consumer-topic-00270b65_8fac_46cc_9458_cb3c2fb2e1c5-12, groupId=Consumer-topic-00270b65_8fac_46cc_9458_cb3c2fb2e1c5] Successfully synced group in generation Generation{generationId=5, memberId='consumer-Consumer-topic-00270b65_8fac_46cc_9458_cb3c2fb2e1c5-12-90a92c9b-6ddc-4e08-bd87-bdb2bc53ab94', protocol='range'}
2025-07-31 18:18:04,895 INFO  [org.apa.kaf.cli.con.int.ConsumerCoordinator] (Thread-688) [Consumer clientId=consumer-Consumer-topic-00270b65_8fac_46cc_9458_cb3c2fb2e1c5-12, groupId=Consumer-topic-00270b65_8fac_46cc_9458_cb3c2fb2e1c5] Notifying assignor about the new Assignment(partitions=[topic-00270b65_8fac_46cc_9458_cb3c2fb2e1c5-0])
2025-07-31 18:18:04,895 INFO  [org.apa.kaf.cli.con.int.ConsumerRebalanceListenerInvoker] (Thread-688) [Consumer clientId=consumer-Consumer-topic-00270b65_8fac_46cc_9458_cb3c2fb2e1c5-12, groupId=Consumer-topic-00270b65_8fac_46cc_9458_cb3c2fb2e1c5] Adding newly assigned partitions: topic-00270b65_8fac_46cc_9458_cb3c2fb2e1c5-0
2025-07-31 18:18:04,896 INFO  [org.apa.kaf.cli.con.int.ConsumerUtils] (Thread-688) Setting offset for partition topic-00270b65_8fac_46cc_9458_cb3c2fb2e1c5-0 to the committed offset FetchPosition{offset=30, offsetEpoch=Optional[0], currentLeader=LeaderAndEpoch{leader=Optional[localhost:32770 (id: 0 rack: null)], epoch=0}}
2025-07-31 18:18:05,002 INFO  [io.api.tes.ser.api.KafkaSerdesTester] (Thread-688) topic-00270b65_8fac_46cc_9458_cb3c2fb2e1c5 0 30 {"key11753985879932": "value-0", "key21753985881684": "value-0", "key31753985883514": "value-0"}
2025-07-31 18:18:05,003 INFO  [io.api.tes.ser.api.KafkaSerdesTester] (Thread-688) topic-00270b65_8fac_46cc_9458_cb3c2fb2e1c5 0 31 {"key11753985879932": "value-1", "key21753985881684": "value-1", "key31753985883514": "value-1"}
2025-07-31 18:18:05,003 INFO  [io.api.tes.ser.api.KafkaSerdesTester] (Thread-688) topic-00270b65_8fac_46cc_9458_cb3c2fb2e1c5 0 32 {"key11753985879932": "value-2", "key21753985881684": "value-2", "key31753985883514": "value-2"}
2025-07-31 18:18:05,003 INFO  [io.api.tes.ser.api.KafkaSerdesTester] (Thread-688) topic-00270b65_8fac_46cc_9458_cb3c2fb2e1c5 0 33 {"key11753985879932": "value-3", "key21753985881684": "value-3", "key31753985883514": "value-3"}
2025-07-31 18:18:05,003 INFO  [io.api.tes.ser.api.KafkaSerdesTester] (Thread-688) topic-00270b65_8fac_46cc_9458_cb3c2fb2e1c5 0 34 {"key11753985879932": "value-4", "key21753985881684": "value-4", "key31753985883514": "value-4"}
2025-07-31 18:18:05,003 INFO  [io.api.tes.ser.api.KafkaSerdesTester] (Thread-688) topic-00270b65_8fac_46cc_9458_cb3c2fb2e1c5 0 35 {"key11753985879932": "value-5", "key21753985881684": "value-5", "key31753985883514": "value-5"}
2025-07-31 18:18:05,003 INFO  [io.api.tes.ser.api.KafkaSerdesTester] (Thread-688) topic-00270b65_8fac_46cc_9458_cb3c2fb2e1c5 0 36 {"key11753985879932": "value-6", "key21753985881684": "value-6", "key31753985883514": "value-6"}
2025-07-31 18:18:05,003 INFO  [io.api.tes.ser.api.KafkaSerdesTester] (Thread-688) topic-00270b65_8fac_46cc_9458_cb3c2fb2e1c5 0 37 {"key11753985879932": "value-7", "key21753985881684": "value-7", "key31753985883514": "value-7"}
2025-07-31 18:18:05,003 INFO  [io.api.tes.ser.api.KafkaSerdesTester] (Thread-688) topic-00270b65_8fac_46cc_9458_cb3c2fb2e1c5 0 38 {"key11753985879932": "value-8", "key21753985881684": "value-8", "key31753985883514": "value-8"}
2025-07-31 18:18:05,004 INFO  [io.api.tes.ser.api.KafkaSerdesTester] (Thread-688) topic-00270b65_8fac_46cc_9458_cb3c2fb2e1c5 0 39 {"key11753985879932": "value-9", "key21753985881684": "value-9", "key31753985883514": "value-9"}
2025-07-31 18:18:05,004 INFO  [io.api.tes.ser.api.KafkaSerdesTester] (Thread-688) topic-00270b65_8fac_46cc_9458_cb3c2fb2e1c5 0 40 {"key11753985879932": "value-0", "key21753985881684": "value-0"}
2025-07-31 18:18:05,004 INFO  [io.api.tes.ser.api.KafkaSerdesTester] (Thread-688) topic-00270b65_8fac_46cc_9458_cb3c2fb2e1c5 0 41 {"key11753985879932": "value-1", "key21753985881684": "value-1"}
2025-07-31 18:18:05,004 INFO  [io.api.tes.ser.api.KafkaSerdesTester] (Thread-688) topic-00270b65_8fac_46cc_9458_cb3c2fb2e1c5 0 42 {"key11753985879932": "value-2", "key21753985881684": "value-2"}
2025-07-31 18:18:05,004 INFO  [io.api.tes.ser.api.KafkaSerdesTester] (Thread-688) topic-00270b65_8fac_46cc_9458_cb3c2fb2e1c5 0 43 {"key11753985879932": "value-3", "key21753985881684": "value-3"}
2025-07-31 18:18:05,004 INFO  [io.api.tes.ser.api.KafkaSerdesTester] (Thread-688) topic-00270b65_8fac_46cc_9458_cb3c2fb2e1c5 0 44 {"key11753985879932": "value-4", "key21753985881684": "value-4"}
2025-07-31 18:18:05,004 INFO  [io.api.tes.ser.api.KafkaSerdesTester] (Thread-688) topic-00270b65_8fac_46cc_9458_cb3c2fb2e1c5 0 45 {"key11753985879932": "value-5", "key21753985881684": "value-5"}
2025-07-31 18:18:05,004 INFO  [io.api.tes.ser.api.KafkaSerdesTester] (Thread-688) topic-00270b65_8fac_46cc_9458_cb3c2fb2e1c5 0 46 {"key11753985879932": "value-6", "key21753985881684": "value-6"}
2025-07-31 18:18:05,004 INFO  [io.api.tes.ser.api.KafkaSerdesTester] (Thread-688) topic-00270b65_8fac_46cc_9458_cb3c2fb2e1c5 0 47 {"key11753985879932": "value-7", "key21753985881684": "value-7"}
2025-07-31 18:18:05,004 INFO  [io.api.tes.ser.api.KafkaSerdesTester] (Thread-688) topic-00270b65_8fac_46cc_9458_cb3c2fb2e1c5 0 48 {"key11753985879932": "value-8", "key21753985881684": "value-8"}
2025-07-31 18:18:05,004 INFO  [io.api.tes.ser.api.KafkaSerdesTester] (Thread-688) topic-00270b65_8fac_46cc_9458_cb3c2fb2e1c5 0 49 {"key11753985879932": "value-9", "key21753985881684": "value-9"}
2025-07-31 18:18:05,004 INFO  [io.api.tes.ser.api.KafkaSerdesTester] (Thread-688) topic-00270b65_8fac_46cc_9458_cb3c2fb2e1c5 0 50 {"key11753985879932": "value-0"}
2025-07-31 18:18:05,004 INFO  [io.api.tes.ser.api.KafkaSerdesTester] (Thread-688) topic-00270b65_8fac_46cc_9458_cb3c2fb2e1c5 0 51 {"key11753985879932": "value-1"}
2025-07-31 18:18:05,004 INFO  [io.api.tes.ser.api.KafkaSerdesTester] (Thread-688) topic-00270b65_8fac_46cc_9458_cb3c2fb2e1c5 0 52 {"key11753985879932": "value-2"}
2025-07-31 18:18:05,004 INFO  [io.api.tes.ser.api.KafkaSerdesTester] (Thread-688) topic-00270b65_8fac_46cc_9458_cb3c2fb2e1c5 0 53 {"key11753985879932": "value-3"}
2025-07-31 18:18:05,004 INFO  [io.api.tes.ser.api.KafkaSerdesTester] (Thread-688) topic-00270b65_8fac_46cc_9458_cb3c2fb2e1c5 0 54 {"key11753985879932": "value-4"}
2025-07-31 18:18:05,004 INFO  [io.api.tes.ser.api.KafkaSerdesTester] (Thread-688) topic-00270b65_8fac_46cc_9458_cb3c2fb2e1c5 0 55 {"key11753985879932": "value-5"}
2025-07-31 18:18:05,004 INFO  [io.api.tes.ser.api.KafkaSerdesTester] (Thread-688) topic-00270b65_8fac_46cc_9458_cb3c2fb2e1c5 0 56 {"key11753985879932": "value-6"}
2025-07-31 18:18:05,004 INFO  [io.api.tes.ser.api.KafkaSerdesTester] (Thread-688) topic-00270b65_8fac_46cc_9458_cb3c2fb2e1c5 0 57 {"key11753985879932": "value-7"}
2025-07-31 18:18:05,004 INFO  [io.api.tes.ser.api.KafkaSerdesTester] (Thread-688) topic-00270b65_8fac_46cc_9458_cb3c2fb2e1c5 0 58 {"key11753985879932": "value-8"}
2025-07-31 18:18:05,005 INFO  [io.api.tes.ser.api.KafkaSerdesTester] (Thread-688) topic-00270b65_8fac_46cc_9458_cb3c2fb2e1c5 0 59 {"key11753985879932": "value-9"}
2025-07-31 18:18:05,005 INFO  [io.api.tes.ser.api.KafkaSerdesTester] (Thread-688) Consumed 30 messages
2025-07-31 18:18:05,007 INFO  [org.apa.kaf.cli.con.int.ConsumerRebalanceListenerInvoker] (Thread-688) [Consumer clientId=consumer-Consumer-topic-00270b65_8fac_46cc_9458_cb3c2fb2e1c5-12, groupId=Consumer-topic-00270b65_8fac_46cc_9458_cb3c2fb2e1c5] Revoke previously assigned partitions topic-00270b65_8fac_46cc_9458_cb3c2fb2e1c5-0
2025-07-31 18:18:05,007 INFO  [org.apa.kaf.cli.con.int.ConsumerCoordinator] (Thread-688) [Consumer clientId=consumer-Consumer-topic-00270b65_8fac_46cc_9458_cb3c2fb2e1c5-12, groupId=Consumer-topic-00270b65_8fac_46cc_9458_cb3c2fb2e1c5] Member consumer-Consumer-topic-00270b65_8fac_46cc_9458_cb3c2fb2e1c5-12-90a92c9b-6ddc-4e08-bd87-bdb2bc53ab94 sending LeaveGroup request to coordinator localhost:32770 (id: 2147483647 rack: null) due to the consumer is being closed
2025-07-31 18:18:05,008 INFO  [org.apa.kaf.cli.con.int.ConsumerCoordinator] (Thread-688) [Consumer clientId=consumer-Consumer-topic-00270b65_8fac_46cc_9458_cb3c2fb2e1c5-12, groupId=Consumer-topic-00270b65_8fac_46cc_9458_cb3c2fb2e1c5] Resetting generation and member id due to: consumer pro-actively leaving the group
2025-07-31 18:18:05,008 INFO  [org.apa.kaf.cli.con.int.ConsumerCoordinator] (Thread-688) [Consumer clientId=consumer-Consumer-topic-00270b65_8fac_46cc_9458_cb3c2fb2e1c5-12, groupId=Consumer-topic-00270b65_8fac_46cc_9458_cb3c2fb2e1c5] Request joining group due to: consumer pro-actively leaving the group
2025-07-31 18:18:05,505 INFO  [org.apa.kaf.com.met.Metrics] (Thread-688) Metrics scheduler closed
2025-07-31 18:18:05,505 INFO  [org.apa.kaf.com.met.Metrics] (Thread-688) Closing reporter org.apache.kafka.common.metrics.JmxReporter
2025-07-31 18:18:05,506 INFO  [org.apa.kaf.com.met.Metrics] (Thread-688) Closing reporter org.apache.kafka.common.telemetry.internals.ClientTelemetryReporter
2025-07-31 18:18:05,506 INFO  [org.apa.kaf.com.met.Metrics] (Thread-688) Metrics reporters closed
2025-07-31 18:18:05,507 INFO  [org.apa.kaf.com.uti.AppInfoParser] (Thread-688) App info kafka.consumer for consumer-Consumer-topic-00270b65_8fac_46cc_9458_cb3c2fb2e1c5-12 unregistered
2025-07-31 18:18:05,507 INFO  [org.apa.kaf.cli.pro.KafkaProducer] (main) [Producer clientId=Producer-topic-00270b65_8fac_46cc_9458_cb3c2fb2e1c5] Closing the Kafka producer with timeoutMillis = 9223372036854775807 ms.
2025-07-31 18:18:05,508 INFO  [org.apa.kaf.com.met.Metrics] (main) Metrics scheduler closed
2025-07-31 18:18:05,508 INFO  [org.apa.kaf.com.met.Metrics] (main) Closing reporter org.apache.kafka.common.metrics.JmxReporter
2025-07-31 18:18:05,508 INFO  [org.apa.kaf.com.met.Metrics] (main) Closing reporter org.apache.kafka.common.telemetry.internals.ClientTelemetryReporter
2025-07-31 18:18:05,508 INFO  [org.apa.kaf.com.met.Metrics] (main) Metrics reporters closed
2025-07-31 18:18:05,508 INFO  [org.apa.kaf.com.uti.AppInfoParser] (main) App info kafka.producer for Producer-topic-00270b65_8fac_46cc_9458_cb3c2fb2e1c5 unregistered
2025-07-31 18:18:05,508 INFO  [io.api.tes.uti.TestSeparator] (main) io.apicurio.tests.serdes.apicurio.AvroSerdeIT.testEvolveAvroApicurio-FINISHED
2025-07-31 18:18:05,508 INFO  [io.api.tes.uti.TestSeparator] (main) ############################################################################
Test passed: testEvolveAvroApicurio
]]></system-out>
  </testcase>
  <testcase name="testTopicRecordIdStrategydFindLatest" classname="io.apicurio.tests.serdes.apicurio.AvroSerdeIT" time="1.72">
    <system-out><![CDATA[2025-07-31 18:18:05,513 INFO  [io.api.tes.uti.TestSeparator] (main) ############################################################################
2025-07-31 18:18:05,513 INFO  [io.api.tes.uti.TestSeparator] (main) io.apicurio.tests.serdes.apicurio.AvroSerdeIT.testTopicRecordIdStrategydFindLatest-STARTED
2025-07-31 18:18:05,513 INFO  [io.api.tes.ser.api.AvroSerdeIT] (main) Registering Avro Schema: {"type":"record","name":"s6ad7dd26x37f4x4b76x9778x70affcdf4d1a","namespace":"se8e7af53xd668x40adxb709xc171522ace2c","fields":[{"name":"key11753985885513","type":"string"}]}
**** Registry Base URL: http://registry-app-kafkasql.apps.ci419.apicurio-testing.org:80
2025-07-31 18:18:06,582 INFO  [org.apa.kaf.cli.pro.ProducerConfig] (main) ProducerConfig values: 
	acks = -1
	auto.include.jmx.reporter = true
	batch.size = 16384
	bootstrap.servers = [PLAINTEXT://localhost:32770]
	buffer.memory = 33554432
	client.dns.lookup = use_all_dns_ips
	client.id = Producer-topic-780b75a6_b9b8_4526_8a7b_015bca0344da
	compression.gzip.level = -1
	compression.lz4.level = 9
	compression.type = none
	compression.zstd.level = 3
	connections.max.idle.ms = 10000
	delivery.timeout.ms = 120000
	enable.idempotence = true
	enable.metrics.push = true
	interceptor.classes = []
	key.serializer = class org.apache.kafka.common.serialization.StringSerializer
	linger.ms = 0
	max.block.ms = 60000
	max.in.flight.requests.per.connection = 5
	max.request.size = 1048576
	metadata.max.age.ms = 300000
	metadata.max.idle.ms = 300000
	metadata.recovery.strategy = none
	metric.reporters = []
	metrics.num.samples = 2
	metrics.recording.level = INFO
	metrics.sample.window.ms = 30000
	partitioner.adaptive.partitioning.enable = true
	partitioner.availability.timeout.ms = 0
	partitioner.class = null
	partitioner.ignore.keys = false
	receive.buffer.bytes = 32768
	reconnect.backoff.max.ms = 1000
	reconnect.backoff.ms = 50
	request.timeout.ms = 5000
	retries = 2147483647
	retry.backoff.max.ms = 1000
	retry.backoff.ms = 100
	sasl.client.callback.handler.class = null
	sasl.jaas.config = null
	sasl.kerberos.kinit.cmd = /usr/bin/kinit
	sasl.kerberos.min.time.before.relogin = 60000
	sasl.kerberos.service.name = null
	sasl.kerberos.ticket.renew.jitter = 0.05
	sasl.kerberos.ticket.renew.window.factor = 0.8
	sasl.login.callback.handler.class = null
	sasl.login.class = null
	sasl.login.connect.timeout.ms = null
	sasl.login.read.timeout.ms = null
	sasl.login.refresh.buffer.seconds = 300
	sasl.login.refresh.min.period.seconds = 60
	sasl.login.refresh.window.factor = 0.8
	sasl.login.refresh.window.jitter = 0.05
	sasl.login.retry.backoff.max.ms = 10000
	sasl.login.retry.backoff.ms = 100
	sasl.mechanism = GSSAPI
	sasl.oauthbearer.clock.skew.seconds = 30
	sasl.oauthbearer.expected.audience = null
	sasl.oauthbearer.expected.issuer = null
	sasl.oauthbearer.header.urlencode = false
	sasl.oauthbearer.jwks.endpoint.refresh.ms = 3600000
	sasl.oauthbearer.jwks.endpoint.retry.backoff.max.ms = 10000
	sasl.oauthbearer.jwks.endpoint.retry.backoff.ms = 100
	sasl.oauthbearer.jwks.endpoint.url = null
	sasl.oauthbearer.scope.claim.name = scope
	sasl.oauthbearer.sub.claim.name = sub
	sasl.oauthbearer.token.endpoint.url = null
	security.protocol = PLAINTEXT
	security.providers = null
	send.buffer.bytes = 131072
	socket.connection.setup.timeout.max.ms = 30000
	socket.connection.setup.timeout.ms = 10000
	ssl.cipher.suites = null
	ssl.enabled.protocols = [TLSv1.2, TLSv1.3]
	ssl.endpoint.identification.algorithm = https
	ssl.engine.factory.class = null
	ssl.key.password = null
	ssl.keymanager.algorithm = SunX509
	ssl.keystore.certificate.chain = null
	ssl.keystore.key = null
	ssl.keystore.location = null
	ssl.keystore.password = null
	ssl.keystore.type = JKS
	ssl.protocol = TLSv1.3
	ssl.provider = null
	ssl.secure.random.implementation = null
	ssl.trustmanager.algorithm = PKIX
	ssl.truststore.certificates = null
	ssl.truststore.location = null
	ssl.truststore.password = null
	ssl.truststore.type = JKS
	transaction.timeout.ms = 60000
	transactional.id = null
	value.serializer = class io.apicurio.registry.serde.avro.AvroKafkaSerializer

2025-07-31 18:18:06,583 INFO  [org.apa.kaf.com.tel.int.KafkaMetricsCollector] (main) initializing Kafka metrics collector
2025-07-31 18:18:06,585 INFO  [org.apa.kaf.cli.pro.KafkaProducer] (main) [Producer clientId=Producer-topic-780b75a6_b9b8_4526_8a7b_015bca0344da] Instantiated an idempotent producer.
2025-07-31 18:18:06,587 INFO  [org.apa.kaf.cli.pro.ProducerConfig] (main) These configurations '[apicurio.registry.find-latest, apicurio.registry.url, apicurio.registry.artifact-resolver-strategy]' were supplied but are not used yet.
2025-07-31 18:18:06,587 INFO  [org.apa.kaf.com.uti.AppInfoParser] (main) Kafka version: 3.9.1
2025-07-31 18:18:06,587 INFO  [org.apa.kaf.com.uti.AppInfoParser] (main) Kafka commitId: f745dfdcee2b9851
2025-07-31 18:18:06,587 INFO  [org.apa.kaf.com.uti.AppInfoParser] (main) Kafka startTimeMs: 1753985886587
2025-07-31 18:18:06,587 INFO  [io.api.tes.ser.api.SimpleSerdesTesterBuilder$SimpleSerdesTester] (main) Using producer configuration: {apicurio.registry.find-latest=true, apicurio.registry.url=http://registry-app-kafkasql.apps.ci419.apicurio-testing.org:80/apis/registry/v3, apicurio.registry.artifact-resolver-strategy=io.apicurio.registry.serde.avro.strategy.TopicRecordIdStrategy, value.serializer=io.apicurio.registry.serde.avro.AvroKafkaSerializer, request.timeout.ms=5000, acks=all, bootstrap.servers=PLAINTEXT://localhost:32770, connections.max.idle.ms=10000, key.serializer=org.apache.kafka.common.serialization.StringSerializer, client.id=Producer-topic-780b75a6_b9b8_4526_8a7b_015bca0344da}
2025-07-31 18:18:06,587 INFO  [io.api.tes.ser.api.SimpleSerdesTesterBuilder$SimpleSerdesTester] (main) Using consumer configuration: {}
2025-07-31 18:18:06,588 INFO  [io.api.tes.ser.api.KafkaSerdesTester] (Thread-691) Sending message {"key11753985885513": "value-0"} to topic topic-780b75a6_b9b8_4526_8a7b_015bca0344da
2025-07-31 18:18:06,591 INFO  [org.apa.kaf.cli.Metadata] (kafka-producer-network-thread | Producer-topic-780b75a6_b9b8_4526_8a7b_015bca0344da) [Producer clientId=Producer-topic-780b75a6_b9b8_4526_8a7b_015bca0344da] Cluster ID: MOk99p_ARaW4Dib0x4tLFg
2025-07-31 18:18:06,591 INFO  [org.apa.kaf.cli.pro.int.TransactionManager] (kafka-producer-network-thread | Producer-topic-780b75a6_b9b8_4526_8a7b_015bca0344da) [Producer clientId=Producer-topic-780b75a6_b9b8_4526_8a7b_015bca0344da] ProducerId set to 18 with epoch 0
2025-07-31 18:18:06,647 INFO  [io.api.tes.ser.api.KafkaSerdesTester] (Thread-691) Sending message {"key11753985885513": "value-1"} to topic topic-780b75a6_b9b8_4526_8a7b_015bca0344da
2025-07-31 18:18:06,649 INFO  [io.api.tes.ser.api.KafkaSerdesTester] (Thread-691) Sending message {"key11753985885513": "value-2"} to topic topic-780b75a6_b9b8_4526_8a7b_015bca0344da
2025-07-31 18:18:06,650 INFO  [io.api.tes.ser.api.KafkaSerdesTester] (Thread-691) Sending message {"key11753985885513": "value-3"} to topic topic-780b75a6_b9b8_4526_8a7b_015bca0344da
2025-07-31 18:18:06,651 INFO  [io.api.tes.ser.api.KafkaSerdesTester] (Thread-691) Sending message {"key11753985885513": "value-4"} to topic topic-780b75a6_b9b8_4526_8a7b_015bca0344da
2025-07-31 18:18:06,652 INFO  [io.api.tes.ser.api.KafkaSerdesTester] (Thread-691) Sending message {"key11753985885513": "value-5"} to topic topic-780b75a6_b9b8_4526_8a7b_015bca0344da
2025-07-31 18:18:06,655 INFO  [io.api.tes.ser.api.KafkaSerdesTester] (Thread-691) Sending message {"key11753985885513": "value-6"} to topic topic-780b75a6_b9b8_4526_8a7b_015bca0344da
2025-07-31 18:18:06,657 INFO  [io.api.tes.ser.api.KafkaSerdesTester] (Thread-691) Sending message {"key11753985885513": "value-7"} to topic topic-780b75a6_b9b8_4526_8a7b_015bca0344da
2025-07-31 18:18:06,659 INFO  [io.api.tes.ser.api.KafkaSerdesTester] (Thread-691) Sending message {"key11753985885513": "value-8"} to topic topic-780b75a6_b9b8_4526_8a7b_015bca0344da
2025-07-31 18:18:06,660 INFO  [io.api.tes.ser.api.KafkaSerdesTester] (Thread-691) Sending message {"key11753985885513": "value-9"} to topic topic-780b75a6_b9b8_4526_8a7b_015bca0344da
2025-07-31 18:18:06,661 INFO  [io.api.tes.ser.api.KafkaSerdesTester] (Thread-691) Produced 10 messages
2025-07-31 18:18:06,661 INFO  [org.apa.kaf.cli.pro.KafkaProducer] (Thread-691) [Producer clientId=Producer-topic-780b75a6_b9b8_4526_8a7b_015bca0344da] Closing the Kafka producer with timeoutMillis = 9223372036854775807 ms.
2025-07-31 18:18:06,663 INFO  [org.apa.kaf.com.met.Metrics] (Thread-691) Metrics scheduler closed
2025-07-31 18:18:06,663 INFO  [org.apa.kaf.com.met.Metrics] (Thread-691) Closing reporter org.apache.kafka.common.metrics.JmxReporter
2025-07-31 18:18:06,663 INFO  [org.apa.kaf.com.met.Metrics] (Thread-691) Closing reporter org.apache.kafka.common.telemetry.internals.ClientTelemetryReporter
2025-07-31 18:18:06,663 INFO  [org.apa.kaf.com.met.Metrics] (Thread-691) Metrics reporters closed
2025-07-31 18:18:06,663 INFO  [org.apa.kaf.com.uti.AppInfoParser] (Thread-691) App info kafka.producer for Producer-topic-780b75a6_b9b8_4526_8a7b_015bca0344da unregistered
**** Registry Base URL: http://registry-app-kafkasql.apps.ci419.apicurio-testing.org:80
2025-07-31 18:18:06,664 INFO  [org.apa.kaf.cli.con.ConsumerConfig] (main) ConsumerConfig values: 
	allow.auto.create.topics = true
	auto.commit.interval.ms = 500
	auto.include.jmx.reporter = true
	auto.offset.reset = earliest
	bootstrap.servers = [PLAINTEXT://localhost:32770]
	check.crcs = true
	client.dns.lookup = use_all_dns_ips
	client.id = consumer-Consumer-topic-780b75a6_b9b8_4526_8a7b_015bca0344da-13
	client.rack = 
	connections.max.idle.ms = 10000
	default.api.timeout.ms = 60000
	enable.auto.commit = true
	enable.metrics.push = true
	exclude.internal.topics = true
	fetch.max.bytes = 52428800
	fetch.max.wait.ms = 500
	fetch.min.bytes = 1
	group.id = Consumer-topic-780b75a6_b9b8_4526_8a7b_015bca0344da
	group.instance.id = null
	group.protocol = classic
	group.remote.assignor = null
	heartbeat.interval.ms = 3000
	interceptor.classes = []
	internal.leave.group.on.close = true
	internal.throw.on.fetch.stable.offset.unsupported = false
	isolation.level = read_uncommitted
	key.deserializer = class org.apache.kafka.common.serialization.StringDeserializer
	max.partition.fetch.bytes = 1048576
	max.poll.interval.ms = 300000
	max.poll.records = 500
	metadata.max.age.ms = 300000
	metadata.recovery.strategy = none
	metric.reporters = []
	metrics.num.samples = 2
	metrics.recording.level = INFO
	metrics.sample.window.ms = 30000
	partition.assignment.strategy = [class org.apache.kafka.clients.consumer.RangeAssignor, class org.apache.kafka.clients.consumer.CooperativeStickyAssignor]
	receive.buffer.bytes = 65536
	reconnect.backoff.max.ms = 1000
	reconnect.backoff.ms = 50
	request.timeout.ms = 5000
	retry.backoff.max.ms = 1000
	retry.backoff.ms = 100
	sasl.client.callback.handler.class = null
	sasl.jaas.config = null
	sasl.kerberos.kinit.cmd = /usr/bin/kinit
	sasl.kerberos.min.time.before.relogin = 60000
	sasl.kerberos.service.name = null
	sasl.kerberos.ticket.renew.jitter = 0.05
	sasl.kerberos.ticket.renew.window.factor = 0.8
	sasl.login.callback.handler.class = null
	sasl.login.class = null
	sasl.login.connect.timeout.ms = null
	sasl.login.read.timeout.ms = null
	sasl.login.refresh.buffer.seconds = 300
	sasl.login.refresh.min.period.seconds = 60
	sasl.login.refresh.window.factor = 0.8
	sasl.login.refresh.window.jitter = 0.05
	sasl.login.retry.backoff.max.ms = 10000
	sasl.login.retry.backoff.ms = 100
	sasl.mechanism = GSSAPI
	sasl.oauthbearer.clock.skew.seconds = 30
	sasl.oauthbearer.expected.audience = null
	sasl.oauthbearer.expected.issuer = null
	sasl.oauthbearer.header.urlencode = false
	sasl.oauthbearer.jwks.endpoint.refresh.ms = 3600000
	sasl.oauthbearer.jwks.endpoint.retry.backoff.max.ms = 10000
	sasl.oauthbearer.jwks.endpoint.retry.backoff.ms = 100
	sasl.oauthbearer.jwks.endpoint.url = null
	sasl.oauthbearer.scope.claim.name = scope
	sasl.oauthbearer.sub.claim.name = sub
	sasl.oauthbearer.token.endpoint.url = null
	security.protocol = PLAINTEXT
	security.providers = null
	send.buffer.bytes = 131072
	session.timeout.ms = 45000
	socket.connection.setup.timeout.max.ms = 30000
	socket.connection.setup.timeout.ms = 10000
	ssl.cipher.suites = null
	ssl.enabled.protocols = [TLSv1.2, TLSv1.3]
	ssl.endpoint.identification.algorithm = https
	ssl.engine.factory.class = null
	ssl.key.password = null
	ssl.keymanager.algorithm = SunX509
	ssl.keystore.certificate.chain = null
	ssl.keystore.key = null
	ssl.keystore.location = null
	ssl.keystore.password = null
	ssl.keystore.type = JKS
	ssl.protocol = TLSv1.3
	ssl.provider = null
	ssl.secure.random.implementation = null
	ssl.trustmanager.algorithm = PKIX
	ssl.truststore.certificates = null
	ssl.truststore.location = null
	ssl.truststore.password = null
	ssl.truststore.type = JKS
	value.deserializer = class io.apicurio.registry.serde.avro.AvroKafkaDeserializer

2025-07-31 18:18:06,664 INFO  [org.apa.kaf.com.tel.int.KafkaMetricsCollector] (main) initializing Kafka metrics collector
2025-07-31 18:18:06,670 INFO  [org.apa.kaf.cli.con.ConsumerConfig] (main) These configurations '[apicurio.registry.url]' were supplied but are not used yet.
2025-07-31 18:18:06,670 INFO  [org.apa.kaf.com.uti.AppInfoParser] (main) Kafka version: 3.9.1
2025-07-31 18:18:06,670 INFO  [org.apa.kaf.com.uti.AppInfoParser] (main) Kafka commitId: f745dfdcee2b9851
2025-07-31 18:18:06,670 INFO  [org.apa.kaf.com.uti.AppInfoParser] (main) Kafka startTimeMs: 1753985886670
2025-07-31 18:18:06,671 INFO  [org.apa.kaf.cli.con.int.ClassicKafkaConsumer] (Thread-694) [Consumer clientId=consumer-Consumer-topic-780b75a6_b9b8_4526_8a7b_015bca0344da-13, groupId=Consumer-topic-780b75a6_b9b8_4526_8a7b_015bca0344da] Subscribed to topic(s): topic-780b75a6_b9b8_4526_8a7b_015bca0344da
2025-07-31 18:18:06,675 INFO  [org.apa.kaf.cli.Metadata] (Thread-694) [Consumer clientId=consumer-Consumer-topic-780b75a6_b9b8_4526_8a7b_015bca0344da-13, groupId=Consumer-topic-780b75a6_b9b8_4526_8a7b_015bca0344da] Cluster ID: MOk99p_ARaW4Dib0x4tLFg
2025-07-31 18:18:06,675 INFO  [org.apa.kaf.cli.con.int.ConsumerCoordinator] (Thread-694) [Consumer clientId=consumer-Consumer-topic-780b75a6_b9b8_4526_8a7b_015bca0344da-13, groupId=Consumer-topic-780b75a6_b9b8_4526_8a7b_015bca0344da] Discovered group coordinator localhost:32770 (id: 2147483647 rack: null)
2025-07-31 18:18:06,676 INFO  [org.apa.kaf.cli.con.int.ConsumerCoordinator] (Thread-694) [Consumer clientId=consumer-Consumer-topic-780b75a6_b9b8_4526_8a7b_015bca0344da-13, groupId=Consumer-topic-780b75a6_b9b8_4526_8a7b_015bca0344da] (Re-)joining group
2025-07-31 18:18:06,678 INFO  [org.apa.kaf.cli.con.int.ConsumerCoordinator] (Thread-694) [Consumer clientId=consumer-Consumer-topic-780b75a6_b9b8_4526_8a7b_015bca0344da-13, groupId=Consumer-topic-780b75a6_b9b8_4526_8a7b_015bca0344da] Request joining group due to: need to re-join with the given member-id: consumer-Consumer-topic-780b75a6_b9b8_4526_8a7b_015bca0344da-13-cd02a0c6-9a5b-436f-8bf5-7a75a9a824ae
2025-07-31 18:18:06,678 INFO  [org.apa.kaf.cli.con.int.ConsumerCoordinator] (Thread-694) [Consumer clientId=consumer-Consumer-topic-780b75a6_b9b8_4526_8a7b_015bca0344da-13, groupId=Consumer-topic-780b75a6_b9b8_4526_8a7b_015bca0344da] (Re-)joining group
2025-07-31 18:18:06,680 INFO  [org.apa.kaf.cli.con.int.ConsumerCoordinator] (Thread-694) [Consumer clientId=consumer-Consumer-topic-780b75a6_b9b8_4526_8a7b_015bca0344da-13, groupId=Consumer-topic-780b75a6_b9b8_4526_8a7b_015bca0344da] Successfully joined group with generation Generation{generationId=1, memberId='consumer-Consumer-topic-780b75a6_b9b8_4526_8a7b_015bca0344da-13-cd02a0c6-9a5b-436f-8bf5-7a75a9a824ae', protocol='range'}
2025-07-31 18:18:06,680 INFO  [org.apa.kaf.cli.con.int.ConsumerCoordinator] (Thread-694) [Consumer clientId=consumer-Consumer-topic-780b75a6_b9b8_4526_8a7b_015bca0344da-13, groupId=Consumer-topic-780b75a6_b9b8_4526_8a7b_015bca0344da] Finished assignment for group at generation 1: {consumer-Consumer-topic-780b75a6_b9b8_4526_8a7b_015bca0344da-13-cd02a0c6-9a5b-436f-8bf5-7a75a9a824ae=Assignment(partitions=[topic-780b75a6_b9b8_4526_8a7b_015bca0344da-0])}
2025-07-31 18:18:06,682 INFO  [org.apa.kaf.cli.con.int.ConsumerCoordinator] (Thread-694) [Consumer clientId=consumer-Consumer-topic-780b75a6_b9b8_4526_8a7b_015bca0344da-13, groupId=Consumer-topic-780b75a6_b9b8_4526_8a7b_015bca0344da] Successfully synced group in generation Generation{generationId=1, memberId='consumer-Consumer-topic-780b75a6_b9b8_4526_8a7b_015bca0344da-13-cd02a0c6-9a5b-436f-8bf5-7a75a9a824ae', protocol='range'}
2025-07-31 18:18:06,682 INFO  [org.apa.kaf.cli.con.int.ConsumerCoordinator] (Thread-694) [Consumer clientId=consumer-Consumer-topic-780b75a6_b9b8_4526_8a7b_015bca0344da-13, groupId=Consumer-topic-780b75a6_b9b8_4526_8a7b_015bca0344da] Notifying assignor about the new Assignment(partitions=[topic-780b75a6_b9b8_4526_8a7b_015bca0344da-0])
2025-07-31 18:18:06,682 INFO  [org.apa.kaf.cli.con.int.ConsumerRebalanceListenerInvoker] (Thread-694) [Consumer clientId=consumer-Consumer-topic-780b75a6_b9b8_4526_8a7b_015bca0344da-13, groupId=Consumer-topic-780b75a6_b9b8_4526_8a7b_015bca0344da] Adding newly assigned partitions: topic-780b75a6_b9b8_4526_8a7b_015bca0344da-0
2025-07-31 18:18:06,683 INFO  [org.apa.kaf.cli.con.int.ConsumerCoordinator] (Thread-694) [Consumer clientId=consumer-Consumer-topic-780b75a6_b9b8_4526_8a7b_015bca0344da-13, groupId=Consumer-topic-780b75a6_b9b8_4526_8a7b_015bca0344da] Found no committed offset for partition topic-780b75a6_b9b8_4526_8a7b_015bca0344da-0
2025-07-31 18:18:06,687 INFO  [org.apa.kaf.cli.con.int.SubscriptionState] (Thread-694) [Consumer clientId=consumer-Consumer-topic-780b75a6_b9b8_4526_8a7b_015bca0344da-13, groupId=Consumer-topic-780b75a6_b9b8_4526_8a7b_015bca0344da] Resetting offset for partition topic-780b75a6_b9b8_4526_8a7b_015bca0344da-0 to position FetchPosition{offset=0, offsetEpoch=Optional.empty, currentLeader=LeaderAndEpoch{leader=Optional[localhost:32770 (id: 0 rack: null)], epoch=0}}.
2025-07-31 18:18:06,723 INFO  [io.api.tes.ser.api.KafkaSerdesTester] (Thread-694) topic-780b75a6_b9b8_4526_8a7b_015bca0344da 0 0 {"key11753985885513": "value-0"}
2025-07-31 18:18:06,723 INFO  [io.api.tes.ser.api.KafkaSerdesTester] (Thread-694) topic-780b75a6_b9b8_4526_8a7b_015bca0344da 0 1 {"key11753985885513": "value-1"}
2025-07-31 18:18:06,723 INFO  [io.api.tes.ser.api.KafkaSerdesTester] (Thread-694) topic-780b75a6_b9b8_4526_8a7b_015bca0344da 0 2 {"key11753985885513": "value-2"}
2025-07-31 18:18:06,723 INFO  [io.api.tes.ser.api.KafkaSerdesTester] (Thread-694) topic-780b75a6_b9b8_4526_8a7b_015bca0344da 0 3 {"key11753985885513": "value-3"}
2025-07-31 18:18:06,723 INFO  [io.api.tes.ser.api.KafkaSerdesTester] (Thread-694) topic-780b75a6_b9b8_4526_8a7b_015bca0344da 0 4 {"key11753985885513": "value-4"}
2025-07-31 18:18:06,723 INFO  [io.api.tes.ser.api.KafkaSerdesTester] (Thread-694) topic-780b75a6_b9b8_4526_8a7b_015bca0344da 0 5 {"key11753985885513": "value-5"}
2025-07-31 18:18:06,723 INFO  [io.api.tes.ser.api.KafkaSerdesTester] (Thread-694) topic-780b75a6_b9b8_4526_8a7b_015bca0344da 0 6 {"key11753985885513": "value-6"}
2025-07-31 18:18:06,723 INFO  [io.api.tes.ser.api.KafkaSerdesTester] (Thread-694) topic-780b75a6_b9b8_4526_8a7b_015bca0344da 0 7 {"key11753985885513": "value-7"}
2025-07-31 18:18:06,723 INFO  [io.api.tes.ser.api.KafkaSerdesTester] (Thread-694) topic-780b75a6_b9b8_4526_8a7b_015bca0344da 0 8 {"key11753985885513": "value-8"}
2025-07-31 18:18:06,723 INFO  [io.api.tes.ser.api.KafkaSerdesTester] (Thread-694) topic-780b75a6_b9b8_4526_8a7b_015bca0344da 0 9 {"key11753985885513": "value-9"}
2025-07-31 18:18:06,725 INFO  [io.api.tes.ser.api.KafkaSerdesTester] (Thread-694) Consumed 10 messages
2025-07-31 18:18:06,730 INFO  [org.apa.kaf.cli.con.int.ConsumerRebalanceListenerInvoker] (Thread-694) [Consumer clientId=consumer-Consumer-topic-780b75a6_b9b8_4526_8a7b_015bca0344da-13, groupId=Consumer-topic-780b75a6_b9b8_4526_8a7b_015bca0344da] Revoke previously assigned partitions topic-780b75a6_b9b8_4526_8a7b_015bca0344da-0
2025-07-31 18:18:06,730 INFO  [org.apa.kaf.cli.con.int.ConsumerCoordinator] (Thread-694) [Consumer clientId=consumer-Consumer-topic-780b75a6_b9b8_4526_8a7b_015bca0344da-13, groupId=Consumer-topic-780b75a6_b9b8_4526_8a7b_015bca0344da] Member consumer-Consumer-topic-780b75a6_b9b8_4526_8a7b_015bca0344da-13-cd02a0c6-9a5b-436f-8bf5-7a75a9a824ae sending LeaveGroup request to coordinator localhost:32770 (id: 2147483647 rack: null) due to the consumer is being closed
2025-07-31 18:18:06,730 INFO  [org.apa.kaf.cli.con.int.ConsumerCoordinator] (Thread-694) [Consumer clientId=consumer-Consumer-topic-780b75a6_b9b8_4526_8a7b_015bca0344da-13, groupId=Consumer-topic-780b75a6_b9b8_4526_8a7b_015bca0344da] Resetting generation and member id due to: consumer pro-actively leaving the group
2025-07-31 18:18:06,730 INFO  [org.apa.kaf.cli.con.int.ConsumerCoordinator] (Thread-694) [Consumer clientId=consumer-Consumer-topic-780b75a6_b9b8_4526_8a7b_015bca0344da-13, groupId=Consumer-topic-780b75a6_b9b8_4526_8a7b_015bca0344da] Request joining group due to: consumer pro-actively leaving the group
2025-07-31 18:18:07,226 INFO  [org.apa.kaf.com.met.Metrics] (Thread-694) Metrics scheduler closed
2025-07-31 18:18:07,226 INFO  [org.apa.kaf.com.met.Metrics] (Thread-694) Closing reporter org.apache.kafka.common.metrics.JmxReporter
2025-07-31 18:18:07,226 INFO  [org.apa.kaf.com.met.Metrics] (Thread-694) Closing reporter org.apache.kafka.common.telemetry.internals.ClientTelemetryReporter
2025-07-31 18:18:07,226 INFO  [org.apa.kaf.com.met.Metrics] (Thread-694) Metrics reporters closed
2025-07-31 18:18:07,228 INFO  [org.apa.kaf.com.uti.AppInfoParser] (Thread-694) App info kafka.consumer for consumer-Consumer-topic-780b75a6_b9b8_4526_8a7b_015bca0344da-13 unregistered
2025-07-31 18:18:07,229 INFO  [io.api.tes.uti.TestSeparator] (main) io.apicurio.tests.serdes.apicurio.AvroSerdeIT.testTopicRecordIdStrategydFindLatest-FINISHED
2025-07-31 18:18:07,229 INFO  [io.api.tes.uti.TestSeparator] (main) ############################################################################
Test passed: testTopicRecordIdStrategydFindLatest
]]></system-out>
  </testcase>
  <testcase name="testAvroConfluentForMultipleTopics" classname="io.apicurio.tests.serdes.apicurio.AvroSerdeIT" time="3.036">
    <system-out><![CDATA[2025-07-31 18:18:07,230 INFO  [io.api.tes.uti.TestSeparator] (main) ############################################################################
2025-07-31 18:18:07,230 INFO  [io.api.tes.uti.TestSeparator] (main) io.apicurio.tests.serdes.apicurio.AvroSerdeIT.testAvroConfluentForMultipleTopics-STARTED
2025-07-31 18:18:07,232 INFO  [io.api.tes.ser.api.AvroSerdeIT] (main) Registering Avro Schema: {"type":"record","name":"myrecordconfluent","fields":[{"name":"key11753985887231","type":"string"}]}
**** Registry Base URL: http://registry-app-kafkasql.apps.ci419.apicurio-testing.org:80
2025-07-31 18:18:08,305 INFO  [org.apa.kaf.cli.pro.ProducerConfig] (main) ProducerConfig values: 
	acks = -1
	auto.include.jmx.reporter = true
	batch.size = 16384
	bootstrap.servers = [PLAINTEXT://localhost:32770]
	buffer.memory = 33554432
	client.dns.lookup = use_all_dns_ips
	client.id = Producer-topic-6a753cec_c3d1_4ba0_b177_c364554a2b72
	compression.gzip.level = -1
	compression.lz4.level = 9
	compression.type = none
	compression.zstd.level = 3
	connections.max.idle.ms = 10000
	delivery.timeout.ms = 120000
	enable.idempotence = true
	enable.metrics.push = true
	interceptor.classes = []
	key.serializer = class org.apache.kafka.common.serialization.StringSerializer
	linger.ms = 0
	max.block.ms = 60000
	max.in.flight.requests.per.connection = 5
	max.request.size = 1048576
	metadata.max.age.ms = 300000
	metadata.max.idle.ms = 300000
	metadata.recovery.strategy = none
	metric.reporters = []
	metrics.num.samples = 2
	metrics.recording.level = INFO
	metrics.sample.window.ms = 30000
	partitioner.adaptive.partitioning.enable = true
	partitioner.availability.timeout.ms = 0
	partitioner.class = null
	partitioner.ignore.keys = false
	receive.buffer.bytes = 32768
	reconnect.backoff.max.ms = 1000
	reconnect.backoff.ms = 50
	request.timeout.ms = 5000
	retries = 2147483647
	retry.backoff.max.ms = 1000
	retry.backoff.ms = 100
	sasl.client.callback.handler.class = null
	sasl.jaas.config = null
	sasl.kerberos.kinit.cmd = /usr/bin/kinit
	sasl.kerberos.min.time.before.relogin = 60000
	sasl.kerberos.service.name = null
	sasl.kerberos.ticket.renew.jitter = 0.05
	sasl.kerberos.ticket.renew.window.factor = 0.8
	sasl.login.callback.handler.class = null
	sasl.login.class = null
	sasl.login.connect.timeout.ms = null
	sasl.login.read.timeout.ms = null
	sasl.login.refresh.buffer.seconds = 300
	sasl.login.refresh.min.period.seconds = 60
	sasl.login.refresh.window.factor = 0.8
	sasl.login.refresh.window.jitter = 0.05
	sasl.login.retry.backoff.max.ms = 10000
	sasl.login.retry.backoff.ms = 100
	sasl.mechanism = GSSAPI
	sasl.oauthbearer.clock.skew.seconds = 30
	sasl.oauthbearer.expected.audience = null
	sasl.oauthbearer.expected.issuer = null
	sasl.oauthbearer.header.urlencode = false
	sasl.oauthbearer.jwks.endpoint.refresh.ms = 3600000
	sasl.oauthbearer.jwks.endpoint.retry.backoff.max.ms = 10000
	sasl.oauthbearer.jwks.endpoint.retry.backoff.ms = 100
	sasl.oauthbearer.jwks.endpoint.url = null
	sasl.oauthbearer.scope.claim.name = scope
	sasl.oauthbearer.sub.claim.name = sub
	sasl.oauthbearer.token.endpoint.url = null
	security.protocol = PLAINTEXT
	security.providers = null
	send.buffer.bytes = 131072
	socket.connection.setup.timeout.max.ms = 30000
	socket.connection.setup.timeout.ms = 10000
	ssl.cipher.suites = null
	ssl.enabled.protocols = [TLSv1.2, TLSv1.3]
	ssl.endpoint.identification.algorithm = https
	ssl.engine.factory.class = null
	ssl.key.password = null
	ssl.keymanager.algorithm = SunX509
	ssl.keystore.certificate.chain = null
	ssl.keystore.key = null
	ssl.keystore.location = null
	ssl.keystore.password = null
	ssl.keystore.type = JKS
	ssl.protocol = TLSv1.3
	ssl.provider = null
	ssl.secure.random.implementation = null
	ssl.trustmanager.algorithm = PKIX
	ssl.truststore.certificates = null
	ssl.truststore.location = null
	ssl.truststore.password = null
	ssl.truststore.type = JKS
	transaction.timeout.ms = 60000
	transactional.id = null
	value.serializer = class io.apicurio.registry.serde.avro.AvroKafkaSerializer

2025-07-31 18:18:08,305 INFO  [org.apa.kaf.com.tel.int.KafkaMetricsCollector] (main) initializing Kafka metrics collector
2025-07-31 18:18:08,308 INFO  [org.apa.kaf.cli.pro.KafkaProducer] (main) [Producer clientId=Producer-topic-6a753cec_c3d1_4ba0_b177_c364554a2b72] Instantiated an idempotent producer.
2025-07-31 18:18:08,311 INFO  [org.apa.kaf.cli.pro.ProducerConfig] (main) These configurations '[apicurio.registry.url, apicurio.registry.artifact-resolver-strategy]' were supplied but are not used yet.
2025-07-31 18:18:08,311 INFO  [org.apa.kaf.com.uti.AppInfoParser] (main) Kafka version: 3.9.1
2025-07-31 18:18:08,311 INFO  [org.apa.kaf.com.uti.AppInfoParser] (main) Kafka commitId: f745dfdcee2b9851
2025-07-31 18:18:08,311 INFO  [org.apa.kaf.com.uti.AppInfoParser] (main) Kafka startTimeMs: 1753985888311
**** Registry Base URL: http://registry-app-kafkasql.apps.ci419.apicurio-testing.org:80
2025-07-31 18:18:08,312 INFO  [org.apa.kaf.cli.pro.ProducerConfig] (main) ProducerConfig values: 
	acks = -1
	auto.include.jmx.reporter = true
	batch.size = 16384
	bootstrap.servers = [PLAINTEXT://localhost:32770]
	buffer.memory = 33554432
	client.dns.lookup = use_all_dns_ips
	client.id = Producer-topic-2da581b7_24f6_4077_b9b4_0a4bb114264a
	compression.gzip.level = -1
	compression.lz4.level = 9
	compression.type = none
	compression.zstd.level = 3
	connections.max.idle.ms = 10000
	delivery.timeout.ms = 120000
	enable.idempotence = true
	enable.metrics.push = true
	interceptor.classes = []
	key.serializer = class org.apache.kafka.common.serialization.StringSerializer
	linger.ms = 0
	max.block.ms = 60000
	max.in.flight.requests.per.connection = 5
	max.request.size = 1048576
	metadata.max.age.ms = 300000
	metadata.max.idle.ms = 300000
	metadata.recovery.strategy = none
	metric.reporters = []
	metrics.num.samples = 2
	metrics.recording.level = INFO
	metrics.sample.window.ms = 30000
	partitioner.adaptive.partitioning.enable = true
	partitioner.availability.timeout.ms = 0
	partitioner.class = null
	partitioner.ignore.keys = false
	receive.buffer.bytes = 32768
	reconnect.backoff.max.ms = 1000
	reconnect.backoff.ms = 50
	request.timeout.ms = 5000
	retries = 2147483647
	retry.backoff.max.ms = 1000
	retry.backoff.ms = 100
	sasl.client.callback.handler.class = null
	sasl.jaas.config = null
	sasl.kerberos.kinit.cmd = /usr/bin/kinit
	sasl.kerberos.min.time.before.relogin = 60000
	sasl.kerberos.service.name = null
	sasl.kerberos.ticket.renew.jitter = 0.05
	sasl.kerberos.ticket.renew.window.factor = 0.8
	sasl.login.callback.handler.class = null
	sasl.login.class = null
	sasl.login.connect.timeout.ms = null
	sasl.login.read.timeout.ms = null
	sasl.login.refresh.buffer.seconds = 300
	sasl.login.refresh.min.period.seconds = 60
	sasl.login.refresh.window.factor = 0.8
	sasl.login.refresh.window.jitter = 0.05
	sasl.login.retry.backoff.max.ms = 10000
	sasl.login.retry.backoff.ms = 100
	sasl.mechanism = GSSAPI
	sasl.oauthbearer.clock.skew.seconds = 30
	sasl.oauthbearer.expected.audience = null
	sasl.oauthbearer.expected.issuer = null
	sasl.oauthbearer.header.urlencode = false
	sasl.oauthbearer.jwks.endpoint.refresh.ms = 3600000
	sasl.oauthbearer.jwks.endpoint.retry.backoff.max.ms = 10000
	sasl.oauthbearer.jwks.endpoint.retry.backoff.ms = 100
	sasl.oauthbearer.jwks.endpoint.url = null
	sasl.oauthbearer.scope.claim.name = scope
	sasl.oauthbearer.sub.claim.name = sub
	sasl.oauthbearer.token.endpoint.url = null
	security.protocol = PLAINTEXT
	security.providers = null
	send.buffer.bytes = 131072
	socket.connection.setup.timeout.max.ms = 30000
	socket.connection.setup.timeout.ms = 10000
	ssl.cipher.suites = null
	ssl.enabled.protocols = [TLSv1.2, TLSv1.3]
	ssl.endpoint.identification.algorithm = https
	ssl.engine.factory.class = null
	ssl.key.password = null
	ssl.keymanager.algorithm = SunX509
	ssl.keystore.certificate.chain = null
	ssl.keystore.key = null
	ssl.keystore.location = null
	ssl.keystore.password = null
	ssl.keystore.type = JKS
	ssl.protocol = TLSv1.3
	ssl.provider = null
	ssl.secure.random.implementation = null
	ssl.trustmanager.algorithm = PKIX
	ssl.truststore.certificates = null
	ssl.truststore.location = null
	ssl.truststore.password = null
	ssl.truststore.type = JKS
	transaction.timeout.ms = 60000
	transactional.id = null
	value.serializer = class io.apicurio.registry.serde.avro.AvroKafkaSerializer

2025-07-31 18:18:08,314 INFO  [org.apa.kaf.com.tel.int.KafkaMetricsCollector] (main) initializing Kafka metrics collector
2025-07-31 18:18:08,318 INFO  [org.apa.kaf.cli.pro.KafkaProducer] (main) [Producer clientId=Producer-topic-2da581b7_24f6_4077_b9b4_0a4bb114264a] Instantiated an idempotent producer.
2025-07-31 18:18:08,319 INFO  [org.apa.kaf.cli.Metadata] (kafka-producer-network-thread | Producer-topic-6a753cec_c3d1_4ba0_b177_c364554a2b72) [Producer clientId=Producer-topic-6a753cec_c3d1_4ba0_b177_c364554a2b72] Cluster ID: MOk99p_ARaW4Dib0x4tLFg
2025-07-31 18:18:08,320 INFO  [org.apa.kaf.cli.pro.int.TransactionManager] (kafka-producer-network-thread | Producer-topic-6a753cec_c3d1_4ba0_b177_c364554a2b72) [Producer clientId=Producer-topic-6a753cec_c3d1_4ba0_b177_c364554a2b72] ProducerId set to 19 with epoch 0
2025-07-31 18:18:08,324 INFO  [org.apa.kaf.cli.pro.ProducerConfig] (main) These configurations '[apicurio.registry.url, apicurio.registry.artifact-resolver-strategy]' were supplied but are not used yet.
2025-07-31 18:18:08,324 INFO  [org.apa.kaf.com.uti.AppInfoParser] (main) Kafka version: 3.9.1
2025-07-31 18:18:08,324 INFO  [org.apa.kaf.com.uti.AppInfoParser] (main) Kafka commitId: f745dfdcee2b9851
2025-07-31 18:18:08,324 INFO  [org.apa.kaf.com.uti.AppInfoParser] (main) Kafka startTimeMs: 1753985888324
**** Registry Base URL: http://registry-app-kafkasql.apps.ci419.apicurio-testing.org:80
2025-07-31 18:18:08,325 INFO  [org.apa.kaf.cli.pro.ProducerConfig] (main) ProducerConfig values: 
	acks = -1
	auto.include.jmx.reporter = true
	batch.size = 16384
	bootstrap.servers = [PLAINTEXT://localhost:32770]
	buffer.memory = 33554432
	client.dns.lookup = use_all_dns_ips
	client.id = Producer-topic-61ef38c0_758f_4631_9f21_c8ad912f8ea9
	compression.gzip.level = -1
	compression.lz4.level = 9
	compression.type = none
	compression.zstd.level = 3
	connections.max.idle.ms = 10000
	delivery.timeout.ms = 120000
	enable.idempotence = true
	enable.metrics.push = true
	interceptor.classes = []
	key.serializer = class org.apache.kafka.common.serialization.StringSerializer
	linger.ms = 0
	max.block.ms = 60000
	max.in.flight.requests.per.connection = 5
	max.request.size = 1048576
	metadata.max.age.ms = 300000
	metadata.max.idle.ms = 300000
	metadata.recovery.strategy = none
	metric.reporters = []
	metrics.num.samples = 2
	metrics.recording.level = INFO
	metrics.sample.window.ms = 30000
	partitioner.adaptive.partitioning.enable = true
	partitioner.availability.timeout.ms = 0
	partitioner.class = null
	partitioner.ignore.keys = false
	receive.buffer.bytes = 32768
	reconnect.backoff.max.ms = 1000
	reconnect.backoff.ms = 50
	request.timeout.ms = 5000
	retries = 2147483647
	retry.backoff.max.ms = 1000
	retry.backoff.ms = 100
	sasl.client.callback.handler.class = null
	sasl.jaas.config = null
	sasl.kerberos.kinit.cmd = /usr/bin/kinit
	sasl.kerberos.min.time.before.relogin = 60000
	sasl.kerberos.service.name = null
	sasl.kerberos.ticket.renew.jitter = 0.05
	sasl.kerberos.ticket.renew.window.factor = 0.8
	sasl.login.callback.handler.class = null
	sasl.login.class = null
	sasl.login.connect.timeout.ms = null
	sasl.login.read.timeout.ms = null
	sasl.login.refresh.buffer.seconds = 300
	sasl.login.refresh.min.period.seconds = 60
	sasl.login.refresh.window.factor = 0.8
	sasl.login.refresh.window.jitter = 0.05
	sasl.login.retry.backoff.max.ms = 10000
	sasl.login.retry.backoff.ms = 100
	sasl.mechanism = GSSAPI
	sasl.oauthbearer.clock.skew.seconds = 30
	sasl.oauthbearer.expected.audience = null
	sasl.oauthbearer.expected.issuer = null
	sasl.oauthbearer.header.urlencode = false
	sasl.oauthbearer.jwks.endpoint.refresh.ms = 3600000
	sasl.oauthbearer.jwks.endpoint.retry.backoff.max.ms = 10000
	sasl.oauthbearer.jwks.endpoint.retry.backoff.ms = 100
	sasl.oauthbearer.jwks.endpoint.url = null
	sasl.oauthbearer.scope.claim.name = scope
	sasl.oauthbearer.sub.claim.name = sub
	sasl.oauthbearer.token.endpoint.url = null
	security.protocol = PLAINTEXT
	security.providers = null
	send.buffer.bytes = 131072
	socket.connection.setup.timeout.max.ms = 30000
	socket.connection.setup.timeout.ms = 10000
	ssl.cipher.suites = null
	ssl.enabled.protocols = [TLSv1.2, TLSv1.3]
	ssl.endpoint.identification.algorithm = https
	ssl.engine.factory.class = null
	ssl.key.password = null
	ssl.keymanager.algorithm = SunX509
	ssl.keystore.certificate.chain = null
	ssl.keystore.key = null
	ssl.keystore.location = null
	ssl.keystore.password = null
	ssl.keystore.type = JKS
	ssl.protocol = TLSv1.3
	ssl.provider = null
	ssl.secure.random.implementation = null
	ssl.trustmanager.algorithm = PKIX
	ssl.truststore.certificates = null
	ssl.truststore.location = null
	ssl.truststore.password = null
	ssl.truststore.type = JKS
	transaction.timeout.ms = 60000
	transactional.id = null
	value.serializer = class io.apicurio.registry.serde.avro.AvroKafkaSerializer

2025-07-31 18:18:08,325 INFO  [org.apa.kaf.com.tel.int.KafkaMetricsCollector] (main) initializing Kafka metrics collector
2025-07-31 18:18:08,332 INFO  [org.apa.kaf.cli.Metadata] (kafka-producer-network-thread | Producer-topic-2da581b7_24f6_4077_b9b4_0a4bb114264a) [Producer clientId=Producer-topic-2da581b7_24f6_4077_b9b4_0a4bb114264a] Cluster ID: MOk99p_ARaW4Dib0x4tLFg
2025-07-31 18:18:08,333 INFO  [org.apa.kaf.cli.pro.int.TransactionManager] (kafka-producer-network-thread | Producer-topic-2da581b7_24f6_4077_b9b4_0a4bb114264a) [Producer clientId=Producer-topic-2da581b7_24f6_4077_b9b4_0a4bb114264a] ProducerId set to 20 with epoch 0
2025-07-31 18:18:08,338 INFO  [org.apa.kaf.cli.pro.KafkaProducer] (main) [Producer clientId=Producer-topic-61ef38c0_758f_4631_9f21_c8ad912f8ea9] Instantiated an idempotent producer.
2025-07-31 18:18:08,341 INFO  [org.apa.kaf.cli.pro.ProducerConfig] (main) These configurations '[apicurio.registry.url, apicurio.registry.artifact-resolver-strategy]' were supplied but are not used yet.
2025-07-31 18:18:08,341 INFO  [org.apa.kaf.com.uti.AppInfoParser] (main) Kafka version: 3.9.1
2025-07-31 18:18:08,341 INFO  [org.apa.kaf.com.uti.AppInfoParser] (main) Kafka commitId: f745dfdcee2b9851
2025-07-31 18:18:08,341 INFO  [org.apa.kaf.com.uti.AppInfoParser] (main) Kafka startTimeMs: 1753985888341
**** Registry Base URL: http://registry-app-kafkasql.apps.ci419.apicurio-testing.org:80
2025-07-31 18:18:08,342 INFO  [org.apa.kaf.cli.con.ConsumerConfig] (main) ConsumerConfig values: 
	allow.auto.create.topics = true
	auto.commit.interval.ms = 500
	auto.include.jmx.reporter = true
	auto.offset.reset = earliest
	bootstrap.servers = [PLAINTEXT://localhost:32770]
	check.crcs = true
	client.dns.lookup = use_all_dns_ips
	client.id = consumer-Consumer-topic-6a753cec_c3d1_4ba0_b177_c364554a2b72-14
	client.rack = 
	connections.max.idle.ms = 10000
	default.api.timeout.ms = 60000
	enable.auto.commit = true
	enable.metrics.push = true
	exclude.internal.topics = true
	fetch.max.bytes = 52428800
	fetch.max.wait.ms = 500
	fetch.min.bytes = 1
	group.id = Consumer-topic-6a753cec_c3d1_4ba0_b177_c364554a2b72
	group.instance.id = null
	group.protocol = classic
	group.remote.assignor = null
	heartbeat.interval.ms = 3000
	interceptor.classes = []
	internal.leave.group.on.close = true
	internal.throw.on.fetch.stable.offset.unsupported = false
	isolation.level = read_uncommitted
	key.deserializer = class org.apache.kafka.common.serialization.StringDeserializer
	max.partition.fetch.bytes = 1048576
	max.poll.interval.ms = 300000
	max.poll.records = 500
	metadata.max.age.ms = 300000
	metadata.recovery.strategy = none
	metric.reporters = []
	metrics.num.samples = 2
	metrics.recording.level = INFO
	metrics.sample.window.ms = 30000
	partition.assignment.strategy = [class org.apache.kafka.clients.consumer.RangeAssignor, class org.apache.kafka.clients.consumer.CooperativeStickyAssignor]
	receive.buffer.bytes = 65536
	reconnect.backoff.max.ms = 1000
	reconnect.backoff.ms = 50
	request.timeout.ms = 5000
	retry.backoff.max.ms = 1000
	retry.backoff.ms = 100
	sasl.client.callback.handler.class = null
	sasl.jaas.config = null
	sasl.kerberos.kinit.cmd = /usr/bin/kinit
	sasl.kerberos.min.time.before.relogin = 60000
	sasl.kerberos.service.name = null
	sasl.kerberos.ticket.renew.jitter = 0.05
	sasl.kerberos.ticket.renew.window.factor = 0.8
	sasl.login.callback.handler.class = null
	sasl.login.class = null
	sasl.login.connect.timeout.ms = null
	sasl.login.read.timeout.ms = null
	sasl.login.refresh.buffer.seconds = 300
	sasl.login.refresh.min.period.seconds = 60
	sasl.login.refresh.window.factor = 0.8
	sasl.login.refresh.window.jitter = 0.05
	sasl.login.retry.backoff.max.ms = 10000
	sasl.login.retry.backoff.ms = 100
	sasl.mechanism = GSSAPI
	sasl.oauthbearer.clock.skew.seconds = 30
	sasl.oauthbearer.expected.audience = null
	sasl.oauthbearer.expected.issuer = null
	sasl.oauthbearer.header.urlencode = false
	sasl.oauthbearer.jwks.endpoint.refresh.ms = 3600000
	sasl.oauthbearer.jwks.endpoint.retry.backoff.max.ms = 10000
	sasl.oauthbearer.jwks.endpoint.retry.backoff.ms = 100
	sasl.oauthbearer.jwks.endpoint.url = null
	sasl.oauthbearer.scope.claim.name = scope
	sasl.oauthbearer.sub.claim.name = sub
	sasl.oauthbearer.token.endpoint.url = null
	security.protocol = PLAINTEXT
	security.providers = null
	send.buffer.bytes = 131072
	session.timeout.ms = 45000
	socket.connection.setup.timeout.max.ms = 30000
	socket.connection.setup.timeout.ms = 10000
	ssl.cipher.suites = null
	ssl.enabled.protocols = [TLSv1.2, TLSv1.3]
	ssl.endpoint.identification.algorithm = https
	ssl.engine.factory.class = null
	ssl.key.password = null
	ssl.keymanager.algorithm = SunX509
	ssl.keystore.certificate.chain = null
	ssl.keystore.key = null
	ssl.keystore.location = null
	ssl.keystore.password = null
	ssl.keystore.type = JKS
	ssl.protocol = TLSv1.3
	ssl.provider = null
	ssl.secure.random.implementation = null
	ssl.trustmanager.algorithm = PKIX
	ssl.truststore.certificates = null
	ssl.truststore.location = null
	ssl.truststore.password = null
	ssl.truststore.type = JKS
	value.deserializer = class io.apicurio.registry.serde.avro.AvroKafkaDeserializer

2025-07-31 18:18:08,342 INFO  [org.apa.kaf.com.tel.int.KafkaMetricsCollector] (main) initializing Kafka metrics collector
2025-07-31 18:18:08,351 INFO  [org.apa.kaf.cli.Metadata] (kafka-producer-network-thread | Producer-topic-61ef38c0_758f_4631_9f21_c8ad912f8ea9) [Producer clientId=Producer-topic-61ef38c0_758f_4631_9f21_c8ad912f8ea9] Cluster ID: MOk99p_ARaW4Dib0x4tLFg
2025-07-31 18:18:08,352 INFO  [org.apa.kaf.cli.pro.int.TransactionManager] (kafka-producer-network-thread | Producer-topic-61ef38c0_758f_4631_9f21_c8ad912f8ea9) [Producer clientId=Producer-topic-61ef38c0_758f_4631_9f21_c8ad912f8ea9] ProducerId set to 21 with epoch 0
2025-07-31 18:18:08,357 INFO  [org.apa.kaf.cli.con.ConsumerConfig] (main) These configurations '[apicurio.registry.url]' were supplied but are not used yet.
2025-07-31 18:18:08,357 INFO  [org.apa.kaf.com.uti.AppInfoParser] (main) Kafka version: 3.9.1
2025-07-31 18:18:08,357 INFO  [org.apa.kaf.com.uti.AppInfoParser] (main) Kafka commitId: f745dfdcee2b9851
2025-07-31 18:18:08,357 INFO  [org.apa.kaf.com.uti.AppInfoParser] (main) Kafka startTimeMs: 1753985888357
**** Registry Base URL: http://registry-app-kafkasql.apps.ci419.apicurio-testing.org:80
2025-07-31 18:18:08,357 INFO  [org.apa.kaf.cli.con.ConsumerConfig] (main) ConsumerConfig values: 
	allow.auto.create.topics = true
	auto.commit.interval.ms = 500
	auto.include.jmx.reporter = true
	auto.offset.reset = earliest
	bootstrap.servers = [PLAINTEXT://localhost:32770]
	check.crcs = true
	client.dns.lookup = use_all_dns_ips
	client.id = consumer-Consumer-topic-2da581b7_24f6_4077_b9b4_0a4bb114264a-15
	client.rack = 
	connections.max.idle.ms = 10000
	default.api.timeout.ms = 60000
	enable.auto.commit = true
	enable.metrics.push = true
	exclude.internal.topics = true
	fetch.max.bytes = 52428800
	fetch.max.wait.ms = 500
	fetch.min.bytes = 1
	group.id = Consumer-topic-2da581b7_24f6_4077_b9b4_0a4bb114264a
	group.instance.id = null
	group.protocol = classic
	group.remote.assignor = null
	heartbeat.interval.ms = 3000
	interceptor.classes = []
	internal.leave.group.on.close = true
	internal.throw.on.fetch.stable.offset.unsupported = false
	isolation.level = read_uncommitted
	key.deserializer = class org.apache.kafka.common.serialization.StringDeserializer
	max.partition.fetch.bytes = 1048576
	max.poll.interval.ms = 300000
	max.poll.records = 500
	metadata.max.age.ms = 300000
	metadata.recovery.strategy = none
	metric.reporters = []
	metrics.num.samples = 2
	metrics.recording.level = INFO
	metrics.sample.window.ms = 30000
	partition.assignment.strategy = [class org.apache.kafka.clients.consumer.RangeAssignor, class org.apache.kafka.clients.consumer.CooperativeStickyAssignor]
	receive.buffer.bytes = 65536
	reconnect.backoff.max.ms = 1000
	reconnect.backoff.ms = 50
	request.timeout.ms = 5000
	retry.backoff.max.ms = 1000
	retry.backoff.ms = 100
	sasl.client.callback.handler.class = null
	sasl.jaas.config = null
	sasl.kerberos.kinit.cmd = /usr/bin/kinit
	sasl.kerberos.min.time.before.relogin = 60000
	sasl.kerberos.service.name = null
	sasl.kerberos.ticket.renew.jitter = 0.05
	sasl.kerberos.ticket.renew.window.factor = 0.8
	sasl.login.callback.handler.class = null
	sasl.login.class = null
	sasl.login.connect.timeout.ms = null
	sasl.login.read.timeout.ms = null
	sasl.login.refresh.buffer.seconds = 300
	sasl.login.refresh.min.period.seconds = 60
	sasl.login.refresh.window.factor = 0.8
	sasl.login.refresh.window.jitter = 0.05
	sasl.login.retry.backoff.max.ms = 10000
	sasl.login.retry.backoff.ms = 100
	sasl.mechanism = GSSAPI
	sasl.oauthbearer.clock.skew.seconds = 30
	sasl.oauthbearer.expected.audience = null
	sasl.oauthbearer.expected.issuer = null
	sasl.oauthbearer.header.urlencode = false
	sasl.oauthbearer.jwks.endpoint.refresh.ms = 3600000
	sasl.oauthbearer.jwks.endpoint.retry.backoff.max.ms = 10000
	sasl.oauthbearer.jwks.endpoint.retry.backoff.ms = 100
	sasl.oauthbearer.jwks.endpoint.url = null
	sasl.oauthbearer.scope.claim.name = scope
	sasl.oauthbearer.sub.claim.name = sub
	sasl.oauthbearer.token.endpoint.url = null
	security.protocol = PLAINTEXT
	security.providers = null
	send.buffer.bytes = 131072
	session.timeout.ms = 45000
	socket.connection.setup.timeout.max.ms = 30000
	socket.connection.setup.timeout.ms = 10000
	ssl.cipher.suites = null
	ssl.enabled.protocols = [TLSv1.2, TLSv1.3]
	ssl.endpoint.identification.algorithm = https
	ssl.engine.factory.class = null
	ssl.key.password = null
	ssl.keymanager.algorithm = SunX509
	ssl.keystore.certificate.chain = null
	ssl.keystore.key = null
	ssl.keystore.location = null
	ssl.keystore.password = null
	ssl.keystore.type = JKS
	ssl.protocol = TLSv1.3
	ssl.provider = null
	ssl.secure.random.implementation = null
	ssl.trustmanager.algorithm = PKIX
	ssl.truststore.certificates = null
	ssl.truststore.location = null
	ssl.truststore.password = null
	ssl.truststore.type = JKS
	value.deserializer = class io.apicurio.registry.serde.avro.AvroKafkaDeserializer

2025-07-31 18:18:08,358 INFO  [org.apa.kaf.com.tel.int.KafkaMetricsCollector] (main) initializing Kafka metrics collector
2025-07-31 18:18:08,363 INFO  [org.apa.kaf.cli.con.ConsumerConfig] (main) These configurations '[apicurio.registry.url]' were supplied but are not used yet.
2025-07-31 18:18:08,363 INFO  [org.apa.kaf.com.uti.AppInfoParser] (main) Kafka version: 3.9.1
2025-07-31 18:18:08,363 INFO  [org.apa.kaf.com.uti.AppInfoParser] (main) Kafka commitId: f745dfdcee2b9851
2025-07-31 18:18:08,363 INFO  [org.apa.kaf.com.uti.AppInfoParser] (main) Kafka startTimeMs: 1753985888363
**** Registry Base URL: http://registry-app-kafkasql.apps.ci419.apicurio-testing.org:80
2025-07-31 18:18:08,364 INFO  [org.apa.kaf.cli.con.ConsumerConfig] (main) ConsumerConfig values: 
	allow.auto.create.topics = true
	auto.commit.interval.ms = 500
	auto.include.jmx.reporter = true
	auto.offset.reset = earliest
	bootstrap.servers = [PLAINTEXT://localhost:32770]
	check.crcs = true
	client.dns.lookup = use_all_dns_ips
	client.id = consumer-Consumer-topic-61ef38c0_758f_4631_9f21_c8ad912f8ea9-16
	client.rack = 
	connections.max.idle.ms = 10000
	default.api.timeout.ms = 60000
	enable.auto.commit = true
	enable.metrics.push = true
	exclude.internal.topics = true
	fetch.max.bytes = 52428800
	fetch.max.wait.ms = 500
	fetch.min.bytes = 1
	group.id = Consumer-topic-61ef38c0_758f_4631_9f21_c8ad912f8ea9
	group.instance.id = null
	group.protocol = classic
	group.remote.assignor = null
	heartbeat.interval.ms = 3000
	interceptor.classes = []
	internal.leave.group.on.close = true
	internal.throw.on.fetch.stable.offset.unsupported = false
	isolation.level = read_uncommitted
	key.deserializer = class org.apache.kafka.common.serialization.StringDeserializer
	max.partition.fetch.bytes = 1048576
	max.poll.interval.ms = 300000
	max.poll.records = 500
	metadata.max.age.ms = 300000
	metadata.recovery.strategy = none
	metric.reporters = []
	metrics.num.samples = 2
	metrics.recording.level = INFO
	metrics.sample.window.ms = 30000
	partition.assignment.strategy = [class org.apache.kafka.clients.consumer.RangeAssignor, class org.apache.kafka.clients.consumer.CooperativeStickyAssignor]
	receive.buffer.bytes = 65536
	reconnect.backoff.max.ms = 1000
	reconnect.backoff.ms = 50
	request.timeout.ms = 5000
	retry.backoff.max.ms = 1000
	retry.backoff.ms = 100
	sasl.client.callback.handler.class = null
	sasl.jaas.config = null
	sasl.kerberos.kinit.cmd = /usr/bin/kinit
	sasl.kerberos.min.time.before.relogin = 60000
	sasl.kerberos.service.name = null
	sasl.kerberos.ticket.renew.jitter = 0.05
	sasl.kerberos.ticket.renew.window.factor = 0.8
	sasl.login.callback.handler.class = null
	sasl.login.class = null
	sasl.login.connect.timeout.ms = null
	sasl.login.read.timeout.ms = null
	sasl.login.refresh.buffer.seconds = 300
	sasl.login.refresh.min.period.seconds = 60
	sasl.login.refresh.window.factor = 0.8
	sasl.login.refresh.window.jitter = 0.05
	sasl.login.retry.backoff.max.ms = 10000
	sasl.login.retry.backoff.ms = 100
	sasl.mechanism = GSSAPI
	sasl.oauthbearer.clock.skew.seconds = 30
	sasl.oauthbearer.expected.audience = null
	sasl.oauthbearer.expected.issuer = null
	sasl.oauthbearer.header.urlencode = false
	sasl.oauthbearer.jwks.endpoint.refresh.ms = 3600000
	sasl.oauthbearer.jwks.endpoint.retry.backoff.max.ms = 10000
	sasl.oauthbearer.jwks.endpoint.retry.backoff.ms = 100
	sasl.oauthbearer.jwks.endpoint.url = null
	sasl.oauthbearer.scope.claim.name = scope
	sasl.oauthbearer.sub.claim.name = sub
	sasl.oauthbearer.token.endpoint.url = null
	security.protocol = PLAINTEXT
	security.providers = null
	send.buffer.bytes = 131072
	session.timeout.ms = 45000
	socket.connection.setup.timeout.max.ms = 30000
	socket.connection.setup.timeout.ms = 10000
	ssl.cipher.suites = null
	ssl.enabled.protocols = [TLSv1.2, TLSv1.3]
	ssl.endpoint.identification.algorithm = https
	ssl.engine.factory.class = null
	ssl.key.password = null
	ssl.keymanager.algorithm = SunX509
	ssl.keystore.certificate.chain = null
	ssl.keystore.key = null
	ssl.keystore.location = null
	ssl.keystore.password = null
	ssl.keystore.type = JKS
	ssl.protocol = TLSv1.3
	ssl.provider = null
	ssl.secure.random.implementation = null
	ssl.trustmanager.algorithm = PKIX
	ssl.truststore.certificates = null
	ssl.truststore.location = null
	ssl.truststore.password = null
	ssl.truststore.type = JKS
	value.deserializer = class io.apicurio.registry.serde.avro.AvroKafkaDeserializer

2025-07-31 18:18:08,364 INFO  [org.apa.kaf.com.tel.int.KafkaMetricsCollector] (main) initializing Kafka metrics collector
2025-07-31 18:18:08,373 INFO  [org.apa.kaf.cli.con.ConsumerConfig] (main) These configurations '[apicurio.registry.url]' were supplied but are not used yet.
2025-07-31 18:18:08,373 INFO  [org.apa.kaf.com.uti.AppInfoParser] (main) Kafka version: 3.9.1
2025-07-31 18:18:08,373 INFO  [org.apa.kaf.com.uti.AppInfoParser] (main) Kafka commitId: f745dfdcee2b9851
2025-07-31 18:18:08,373 INFO  [org.apa.kaf.com.uti.AppInfoParser] (main) Kafka startTimeMs: 1753985888373
2025-07-31 18:18:08,373 INFO  [io.api.tes.ser.api.KafkaSerdesTester] (Thread-707) Sending message {"key11753985887231": "value-0"} to topic topic-6a753cec_c3d1_4ba0_b177_c364554a2b72
2025-07-31 18:18:08,385 INFO  [DefaultSchemaResolver] (Thread-707) Retrieving schema content using string: {"type":"record","name":"myrecordconfluent","fields":[{"name":"key11753985887231","type":"string"}]}
2025-07-31 18:18:08,420 INFO  [io.api.tes.ser.api.KafkaSerdesTester] (Thread-707) Sending message {"key11753985887231": "value-1"} to topic topic-6a753cec_c3d1_4ba0_b177_c364554a2b72
2025-07-31 18:18:08,421 INFO  [io.api.tes.ser.api.KafkaSerdesTester] (Thread-707) Sending message {"key11753985887231": "value-2"} to topic topic-6a753cec_c3d1_4ba0_b177_c364554a2b72
2025-07-31 18:18:08,423 INFO  [io.api.tes.ser.api.KafkaSerdesTester] (Thread-707) Sending message {"key11753985887231": "value-3"} to topic topic-6a753cec_c3d1_4ba0_b177_c364554a2b72
2025-07-31 18:18:08,425 INFO  [io.api.tes.ser.api.KafkaSerdesTester] (Thread-707) Sending message {"key11753985887231": "value-4"} to topic topic-6a753cec_c3d1_4ba0_b177_c364554a2b72
2025-07-31 18:18:08,429 INFO  [io.api.tes.ser.api.KafkaSerdesTester] (Thread-707) Sending message {"key11753985887231": "value-5"} to topic topic-6a753cec_c3d1_4ba0_b177_c364554a2b72
2025-07-31 18:18:08,430 INFO  [io.api.tes.ser.api.KafkaSerdesTester] (Thread-707) Sending message {"key11753985887231": "value-6"} to topic topic-6a753cec_c3d1_4ba0_b177_c364554a2b72
2025-07-31 18:18:08,431 INFO  [io.api.tes.ser.api.KafkaSerdesTester] (Thread-707) Sending message {"key11753985887231": "value-7"} to topic topic-6a753cec_c3d1_4ba0_b177_c364554a2b72
2025-07-31 18:18:08,432 INFO  [io.api.tes.ser.api.KafkaSerdesTester] (Thread-707) Sending message {"key11753985887231": "value-8"} to topic topic-6a753cec_c3d1_4ba0_b177_c364554a2b72
2025-07-31 18:18:08,434 INFO  [io.api.tes.ser.api.KafkaSerdesTester] (Thread-707) Sending message {"key11753985887231": "value-9"} to topic topic-6a753cec_c3d1_4ba0_b177_c364554a2b72
2025-07-31 18:18:08,435 INFO  [io.api.tes.ser.api.KafkaSerdesTester] (Thread-707) Produced 10 messages
2025-07-31 18:18:08,435 INFO  [org.apa.kaf.cli.pro.KafkaProducer] (Thread-707) [Producer clientId=Producer-topic-6a753cec_c3d1_4ba0_b177_c364554a2b72] Closing the Kafka producer with timeoutMillis = 9223372036854775807 ms.
2025-07-31 18:18:08,438 INFO  [org.apa.kaf.com.met.Metrics] (Thread-707) Metrics scheduler closed
2025-07-31 18:18:08,438 INFO  [org.apa.kaf.com.met.Metrics] (Thread-707) Closing reporter org.apache.kafka.common.metrics.JmxReporter
2025-07-31 18:18:08,438 INFO  [org.apa.kaf.com.met.Metrics] (Thread-707) Closing reporter org.apache.kafka.common.telemetry.internals.ClientTelemetryReporter
2025-07-31 18:18:08,438 INFO  [org.apa.kaf.com.met.Metrics] (Thread-707) Metrics reporters closed
2025-07-31 18:18:08,439 INFO  [org.apa.kaf.com.uti.AppInfoParser] (Thread-707) App info kafka.producer for Producer-topic-6a753cec_c3d1_4ba0_b177_c364554a2b72 unregistered
2025-07-31 18:18:08,441 INFO  [io.api.tes.ser.api.KafkaSerdesTester] (Thread-708) Sending message {"key11753985887231": "value-0"} to topic topic-2da581b7_24f6_4077_b9b4_0a4bb114264a
2025-07-31 18:18:08,443 INFO  [DefaultSchemaResolver] (Thread-708) Retrieving schema content using string: {"type":"record","name":"myrecordconfluent","fields":[{"name":"key11753985887231","type":"string"}]}
2025-07-31 18:18:08,479 INFO  [io.api.tes.ser.api.KafkaSerdesTester] (Thread-708) Sending message {"key11753985887231": "value-1"} to topic topic-2da581b7_24f6_4077_b9b4_0a4bb114264a
2025-07-31 18:18:08,481 INFO  [io.api.tes.ser.api.KafkaSerdesTester] (Thread-708) Sending message {"key11753985887231": "value-2"} to topic topic-2da581b7_24f6_4077_b9b4_0a4bb114264a
2025-07-31 18:18:08,483 INFO  [io.api.tes.ser.api.KafkaSerdesTester] (Thread-708) Sending message {"key11753985887231": "value-3"} to topic topic-2da581b7_24f6_4077_b9b4_0a4bb114264a
2025-07-31 18:18:08,486 INFO  [io.api.tes.ser.api.KafkaSerdesTester] (Thread-708) Sending message {"key11753985887231": "value-4"} to topic topic-2da581b7_24f6_4077_b9b4_0a4bb114264a
2025-07-31 18:18:08,489 INFO  [io.api.tes.ser.api.KafkaSerdesTester] (Thread-708) Sending message {"key11753985887231": "value-5"} to topic topic-2da581b7_24f6_4077_b9b4_0a4bb114264a
2025-07-31 18:18:08,491 INFO  [io.api.tes.ser.api.KafkaSerdesTester] (Thread-708) Sending message {"key11753985887231": "value-6"} to topic topic-2da581b7_24f6_4077_b9b4_0a4bb114264a
2025-07-31 18:18:08,493 INFO  [io.api.tes.ser.api.KafkaSerdesTester] (Thread-708) Sending message {"key11753985887231": "value-7"} to topic topic-2da581b7_24f6_4077_b9b4_0a4bb114264a
2025-07-31 18:18:08,494 INFO  [io.api.tes.ser.api.KafkaSerdesTester] (Thread-708) Sending message {"key11753985887231": "value-8"} to topic topic-2da581b7_24f6_4077_b9b4_0a4bb114264a
2025-07-31 18:18:08,495 INFO  [io.api.tes.ser.api.KafkaSerdesTester] (Thread-708) Sending message {"key11753985887231": "value-9"} to topic topic-2da581b7_24f6_4077_b9b4_0a4bb114264a
2025-07-31 18:18:08,496 INFO  [io.api.tes.ser.api.KafkaSerdesTester] (Thread-708) Produced 10 messages
2025-07-31 18:18:08,496 INFO  [org.apa.kaf.cli.pro.KafkaProducer] (Thread-708) [Producer clientId=Producer-topic-2da581b7_24f6_4077_b9b4_0a4bb114264a] Closing the Kafka producer with timeoutMillis = 9223372036854775807 ms.
2025-07-31 18:18:08,498 INFO  [org.apa.kaf.com.met.Metrics] (Thread-708) Metrics scheduler closed
2025-07-31 18:18:08,498 INFO  [org.apa.kaf.com.met.Metrics] (Thread-708) Closing reporter org.apache.kafka.common.metrics.JmxReporter
2025-07-31 18:18:08,498 INFO  [org.apa.kaf.com.met.Metrics] (Thread-708) Closing reporter org.apache.kafka.common.telemetry.internals.ClientTelemetryReporter
2025-07-31 18:18:08,498 INFO  [org.apa.kaf.com.met.Metrics] (Thread-708) Metrics reporters closed
2025-07-31 18:18:08,498 INFO  [org.apa.kaf.com.uti.AppInfoParser] (Thread-708) App info kafka.producer for Producer-topic-2da581b7_24f6_4077_b9b4_0a4bb114264a unregistered
2025-07-31 18:18:08,499 INFO  [io.api.tes.ser.api.KafkaSerdesTester] (Thread-709) Sending message {"key11753985887231": "value-0"} to topic topic-61ef38c0_758f_4631_9f21_c8ad912f8ea9
2025-07-31 18:18:08,504 INFO  [DefaultSchemaResolver] (Thread-709) Retrieving schema content using string: {"type":"record","name":"myrecordconfluent","fields":[{"name":"key11753985887231","type":"string"}]}
2025-07-31 18:18:08,534 INFO  [io.api.tes.ser.api.KafkaSerdesTester] (Thread-709) Sending message {"key11753985887231": "value-1"} to topic topic-61ef38c0_758f_4631_9f21_c8ad912f8ea9
2025-07-31 18:18:08,537 INFO  [io.api.tes.ser.api.KafkaSerdesTester] (Thread-709) Sending message {"key11753985887231": "value-2"} to topic topic-61ef38c0_758f_4631_9f21_c8ad912f8ea9
2025-07-31 18:18:08,539 INFO  [io.api.tes.ser.api.KafkaSerdesTester] (Thread-709) Sending message {"key11753985887231": "value-3"} to topic topic-61ef38c0_758f_4631_9f21_c8ad912f8ea9
2025-07-31 18:18:08,541 INFO  [io.api.tes.ser.api.KafkaSerdesTester] (Thread-709) Sending message {"key11753985887231": "value-4"} to topic topic-61ef38c0_758f_4631_9f21_c8ad912f8ea9
2025-07-31 18:18:08,542 INFO  [io.api.tes.ser.api.KafkaSerdesTester] (Thread-709) Sending message {"key11753985887231": "value-5"} to topic topic-61ef38c0_758f_4631_9f21_c8ad912f8ea9
2025-07-31 18:18:08,543 INFO  [io.api.tes.ser.api.KafkaSerdesTester] (Thread-709) Sending message {"key11753985887231": "value-6"} to topic topic-61ef38c0_758f_4631_9f21_c8ad912f8ea9
2025-07-31 18:18:08,545 INFO  [io.api.tes.ser.api.KafkaSerdesTester] (Thread-709) Sending message {"key11753985887231": "value-7"} to topic topic-61ef38c0_758f_4631_9f21_c8ad912f8ea9
2025-07-31 18:18:08,546 INFO  [io.api.tes.ser.api.KafkaSerdesTester] (Thread-709) Sending message {"key11753985887231": "value-8"} to topic topic-61ef38c0_758f_4631_9f21_c8ad912f8ea9
2025-07-31 18:18:08,547 INFO  [io.api.tes.ser.api.KafkaSerdesTester] (Thread-709) Sending message {"key11753985887231": "value-9"} to topic topic-61ef38c0_758f_4631_9f21_c8ad912f8ea9
2025-07-31 18:18:08,549 INFO  [io.api.tes.ser.api.KafkaSerdesTester] (Thread-709) Produced 10 messages
2025-07-31 18:18:08,549 INFO  [org.apa.kaf.cli.pro.KafkaProducer] (Thread-709) [Producer clientId=Producer-topic-61ef38c0_758f_4631_9f21_c8ad912f8ea9] Closing the Kafka producer with timeoutMillis = 9223372036854775807 ms.
2025-07-31 18:18:08,551 INFO  [org.apa.kaf.com.met.Metrics] (Thread-709) Metrics scheduler closed
2025-07-31 18:18:08,551 INFO  [org.apa.kaf.com.met.Metrics] (Thread-709) Closing reporter org.apache.kafka.common.metrics.JmxReporter
2025-07-31 18:18:08,551 INFO  [org.apa.kaf.com.met.Metrics] (Thread-709) Closing reporter org.apache.kafka.common.telemetry.internals.ClientTelemetryReporter
2025-07-31 18:18:08,551 INFO  [org.apa.kaf.com.met.Metrics] (Thread-709) Metrics reporters closed
2025-07-31 18:18:08,551 INFO  [org.apa.kaf.com.uti.AppInfoParser] (Thread-709) App info kafka.producer for Producer-topic-61ef38c0_758f_4631_9f21_c8ad912f8ea9 unregistered
2025-07-31 18:18:08,552 INFO  [org.apa.kaf.cli.con.int.ClassicKafkaConsumer] (Thread-710) [Consumer clientId=consumer-Consumer-topic-6a753cec_c3d1_4ba0_b177_c364554a2b72-14, groupId=Consumer-topic-6a753cec_c3d1_4ba0_b177_c364554a2b72] Subscribed to topic(s): topic-6a753cec_c3d1_4ba0_b177_c364554a2b72
2025-07-31 18:18:08,558 INFO  [org.apa.kaf.cli.Metadata] (Thread-710) [Consumer clientId=consumer-Consumer-topic-6a753cec_c3d1_4ba0_b177_c364554a2b72-14, groupId=Consumer-topic-6a753cec_c3d1_4ba0_b177_c364554a2b72] Cluster ID: MOk99p_ARaW4Dib0x4tLFg
2025-07-31 18:18:08,558 INFO  [org.apa.kaf.cli.con.int.ConsumerCoordinator] (Thread-710) [Consumer clientId=consumer-Consumer-topic-6a753cec_c3d1_4ba0_b177_c364554a2b72-14, groupId=Consumer-topic-6a753cec_c3d1_4ba0_b177_c364554a2b72] Discovered group coordinator localhost:32770 (id: 2147483647 rack: null)
2025-07-31 18:18:08,560 INFO  [org.apa.kaf.cli.con.int.ConsumerCoordinator] (Thread-710) [Consumer clientId=consumer-Consumer-topic-6a753cec_c3d1_4ba0_b177_c364554a2b72-14, groupId=Consumer-topic-6a753cec_c3d1_4ba0_b177_c364554a2b72] (Re-)joining group
2025-07-31 18:18:08,563 INFO  [org.apa.kaf.cli.con.int.ConsumerCoordinator] (Thread-710) [Consumer clientId=consumer-Consumer-topic-6a753cec_c3d1_4ba0_b177_c364554a2b72-14, groupId=Consumer-topic-6a753cec_c3d1_4ba0_b177_c364554a2b72] Request joining group due to: need to re-join with the given member-id: consumer-Consumer-topic-6a753cec_c3d1_4ba0_b177_c364554a2b72-14-a29f8b82-6c2e-41c4-894c-81f65af2cc6f
2025-07-31 18:18:08,564 INFO  [org.apa.kaf.cli.con.int.ConsumerCoordinator] (Thread-710) [Consumer clientId=consumer-Consumer-topic-6a753cec_c3d1_4ba0_b177_c364554a2b72-14, groupId=Consumer-topic-6a753cec_c3d1_4ba0_b177_c364554a2b72] (Re-)joining group
2025-07-31 18:18:08,568 INFO  [org.apa.kaf.cli.con.int.ConsumerCoordinator] (Thread-710) [Consumer clientId=consumer-Consumer-topic-6a753cec_c3d1_4ba0_b177_c364554a2b72-14, groupId=Consumer-topic-6a753cec_c3d1_4ba0_b177_c364554a2b72] Successfully joined group with generation Generation{generationId=1, memberId='consumer-Consumer-topic-6a753cec_c3d1_4ba0_b177_c364554a2b72-14-a29f8b82-6c2e-41c4-894c-81f65af2cc6f', protocol='range'}
2025-07-31 18:18:08,568 INFO  [org.apa.kaf.cli.con.int.ConsumerCoordinator] (Thread-710) [Consumer clientId=consumer-Consumer-topic-6a753cec_c3d1_4ba0_b177_c364554a2b72-14, groupId=Consumer-topic-6a753cec_c3d1_4ba0_b177_c364554a2b72] Finished assignment for group at generation 1: {consumer-Consumer-topic-6a753cec_c3d1_4ba0_b177_c364554a2b72-14-a29f8b82-6c2e-41c4-894c-81f65af2cc6f=Assignment(partitions=[topic-6a753cec_c3d1_4ba0_b177_c364554a2b72-0])}
2025-07-31 18:18:08,570 INFO  [org.apa.kaf.cli.con.int.ConsumerCoordinator] (Thread-710) [Consumer clientId=consumer-Consumer-topic-6a753cec_c3d1_4ba0_b177_c364554a2b72-14, groupId=Consumer-topic-6a753cec_c3d1_4ba0_b177_c364554a2b72] Successfully synced group in generation Generation{generationId=1, memberId='consumer-Consumer-topic-6a753cec_c3d1_4ba0_b177_c364554a2b72-14-a29f8b82-6c2e-41c4-894c-81f65af2cc6f', protocol='range'}
2025-07-31 18:18:08,571 INFO  [org.apa.kaf.cli.con.int.ConsumerCoordinator] (Thread-710) [Consumer clientId=consumer-Consumer-topic-6a753cec_c3d1_4ba0_b177_c364554a2b72-14, groupId=Consumer-topic-6a753cec_c3d1_4ba0_b177_c364554a2b72] Notifying assignor about the new Assignment(partitions=[topic-6a753cec_c3d1_4ba0_b177_c364554a2b72-0])
2025-07-31 18:18:08,571 INFO  [org.apa.kaf.cli.con.int.ConsumerRebalanceListenerInvoker] (Thread-710) [Consumer clientId=consumer-Consumer-topic-6a753cec_c3d1_4ba0_b177_c364554a2b72-14, groupId=Consumer-topic-6a753cec_c3d1_4ba0_b177_c364554a2b72] Adding newly assigned partitions: topic-6a753cec_c3d1_4ba0_b177_c364554a2b72-0
2025-07-31 18:18:08,573 INFO  [org.apa.kaf.cli.con.int.ConsumerCoordinator] (Thread-710) [Consumer clientId=consumer-Consumer-topic-6a753cec_c3d1_4ba0_b177_c364554a2b72-14, groupId=Consumer-topic-6a753cec_c3d1_4ba0_b177_c364554a2b72] Found no committed offset for partition topic-6a753cec_c3d1_4ba0_b177_c364554a2b72-0
2025-07-31 18:18:08,579 INFO  [org.apa.kaf.cli.con.int.SubscriptionState] (Thread-710) [Consumer clientId=consumer-Consumer-topic-6a753cec_c3d1_4ba0_b177_c364554a2b72-14, groupId=Consumer-topic-6a753cec_c3d1_4ba0_b177_c364554a2b72] Resetting offset for partition topic-6a753cec_c3d1_4ba0_b177_c364554a2b72-0 to position FetchPosition{offset=0, offsetEpoch=Optional.empty, currentLeader=LeaderAndEpoch{leader=Optional[localhost:32770 (id: 0 rack: null)], epoch=0}}.
2025-07-31 18:18:08,620 INFO  [io.api.tes.ser.api.KafkaSerdesTester] (Thread-710) topic-6a753cec_c3d1_4ba0_b177_c364554a2b72 0 0 {"key11753985887231": "value-0"}
2025-07-31 18:18:08,620 INFO  [io.api.tes.ser.api.KafkaSerdesTester] (Thread-710) topic-6a753cec_c3d1_4ba0_b177_c364554a2b72 0 1 {"key11753985887231": "value-1"}
2025-07-31 18:18:08,620 INFO  [io.api.tes.ser.api.KafkaSerdesTester] (Thread-710) topic-6a753cec_c3d1_4ba0_b177_c364554a2b72 0 2 {"key11753985887231": "value-2"}
2025-07-31 18:18:08,620 INFO  [io.api.tes.ser.api.KafkaSerdesTester] (Thread-710) topic-6a753cec_c3d1_4ba0_b177_c364554a2b72 0 3 {"key11753985887231": "value-3"}
2025-07-31 18:18:08,620 INFO  [io.api.tes.ser.api.KafkaSerdesTester] (Thread-710) topic-6a753cec_c3d1_4ba0_b177_c364554a2b72 0 4 {"key11753985887231": "value-4"}
2025-07-31 18:18:08,620 INFO  [io.api.tes.ser.api.KafkaSerdesTester] (Thread-710) topic-6a753cec_c3d1_4ba0_b177_c364554a2b72 0 5 {"key11753985887231": "value-5"}
2025-07-31 18:18:08,620 INFO  [io.api.tes.ser.api.KafkaSerdesTester] (Thread-710) topic-6a753cec_c3d1_4ba0_b177_c364554a2b72 0 6 {"key11753985887231": "value-6"}
2025-07-31 18:18:08,620 INFO  [io.api.tes.ser.api.KafkaSerdesTester] (Thread-710) topic-6a753cec_c3d1_4ba0_b177_c364554a2b72 0 7 {"key11753985887231": "value-7"}
2025-07-31 18:18:08,620 INFO  [io.api.tes.ser.api.KafkaSerdesTester] (Thread-710) topic-6a753cec_c3d1_4ba0_b177_c364554a2b72 0 8 {"key11753985887231": "value-8"}
2025-07-31 18:18:08,620 INFO  [io.api.tes.ser.api.KafkaSerdesTester] (Thread-710) topic-6a753cec_c3d1_4ba0_b177_c364554a2b72 0 9 {"key11753985887231": "value-9"}
2025-07-31 18:18:08,620 INFO  [io.api.tes.ser.api.KafkaSerdesTester] (Thread-710) Consumed 10 messages
2025-07-31 18:18:08,623 INFO  [org.apa.kaf.cli.con.int.ConsumerRebalanceListenerInvoker] (Thread-710) [Consumer clientId=consumer-Consumer-topic-6a753cec_c3d1_4ba0_b177_c364554a2b72-14, groupId=Consumer-topic-6a753cec_c3d1_4ba0_b177_c364554a2b72] Revoke previously assigned partitions topic-6a753cec_c3d1_4ba0_b177_c364554a2b72-0
2025-07-31 18:18:08,623 INFO  [org.apa.kaf.cli.con.int.ConsumerCoordinator] (Thread-710) [Consumer clientId=consumer-Consumer-topic-6a753cec_c3d1_4ba0_b177_c364554a2b72-14, groupId=Consumer-topic-6a753cec_c3d1_4ba0_b177_c364554a2b72] Member consumer-Consumer-topic-6a753cec_c3d1_4ba0_b177_c364554a2b72-14-a29f8b82-6c2e-41c4-894c-81f65af2cc6f sending LeaveGroup request to coordinator localhost:32770 (id: 2147483647 rack: null) due to the consumer is being closed
2025-07-31 18:18:08,623 INFO  [org.apa.kaf.cli.con.int.ConsumerCoordinator] (Thread-710) [Consumer clientId=consumer-Consumer-topic-6a753cec_c3d1_4ba0_b177_c364554a2b72-14, groupId=Consumer-topic-6a753cec_c3d1_4ba0_b177_c364554a2b72] Resetting generation and member id due to: consumer pro-actively leaving the group
2025-07-31 18:18:08,623 INFO  [org.apa.kaf.cli.con.int.ConsumerCoordinator] (Thread-710) [Consumer clientId=consumer-Consumer-topic-6a753cec_c3d1_4ba0_b177_c364554a2b72-14, groupId=Consumer-topic-6a753cec_c3d1_4ba0_b177_c364554a2b72] Request joining group due to: consumer pro-actively leaving the group
2025-07-31 18:18:09,124 INFO  [org.apa.kaf.com.met.Metrics] (Thread-710) Metrics scheduler closed
2025-07-31 18:18:09,124 INFO  [org.apa.kaf.com.met.Metrics] (Thread-710) Closing reporter org.apache.kafka.common.metrics.JmxReporter
2025-07-31 18:18:09,124 INFO  [org.apa.kaf.com.met.Metrics] (Thread-710) Closing reporter org.apache.kafka.common.telemetry.internals.ClientTelemetryReporter
2025-07-31 18:18:09,124 INFO  [org.apa.kaf.com.met.Metrics] (Thread-710) Metrics reporters closed
2025-07-31 18:18:09,126 INFO  [org.apa.kaf.com.uti.AppInfoParser] (Thread-710) App info kafka.consumer for consumer-Consumer-topic-6a753cec_c3d1_4ba0_b177_c364554a2b72-14 unregistered
2025-07-31 18:18:09,127 INFO  [org.apa.kaf.cli.con.int.ClassicKafkaConsumer] (Thread-711) [Consumer clientId=consumer-Consumer-topic-2da581b7_24f6_4077_b9b4_0a4bb114264a-15, groupId=Consumer-topic-2da581b7_24f6_4077_b9b4_0a4bb114264a] Subscribed to topic(s): topic-2da581b7_24f6_4077_b9b4_0a4bb114264a
2025-07-31 18:18:09,131 INFO  [org.apa.kaf.cli.Metadata] (Thread-711) [Consumer clientId=consumer-Consumer-topic-2da581b7_24f6_4077_b9b4_0a4bb114264a-15, groupId=Consumer-topic-2da581b7_24f6_4077_b9b4_0a4bb114264a] Cluster ID: MOk99p_ARaW4Dib0x4tLFg
2025-07-31 18:18:09,131 INFO  [org.apa.kaf.cli.con.int.ConsumerCoordinator] (Thread-711) [Consumer clientId=consumer-Consumer-topic-2da581b7_24f6_4077_b9b4_0a4bb114264a-15, groupId=Consumer-topic-2da581b7_24f6_4077_b9b4_0a4bb114264a] Discovered group coordinator localhost:32770 (id: 2147483647 rack: null)
2025-07-31 18:18:09,132 INFO  [org.apa.kaf.cli.con.int.ConsumerCoordinator] (Thread-711) [Consumer clientId=consumer-Consumer-topic-2da581b7_24f6_4077_b9b4_0a4bb114264a-15, groupId=Consumer-topic-2da581b7_24f6_4077_b9b4_0a4bb114264a] (Re-)joining group
2025-07-31 18:18:09,136 INFO  [org.apa.kaf.cli.con.int.ConsumerCoordinator] (Thread-711) [Consumer clientId=consumer-Consumer-topic-2da581b7_24f6_4077_b9b4_0a4bb114264a-15, groupId=Consumer-topic-2da581b7_24f6_4077_b9b4_0a4bb114264a] Request joining group due to: need to re-join with the given member-id: consumer-Consumer-topic-2da581b7_24f6_4077_b9b4_0a4bb114264a-15-204e5eef-3462-42d9-810f-04bfd41f8f28
2025-07-31 18:18:09,136 INFO  [org.apa.kaf.cli.con.int.ConsumerCoordinator] (Thread-711) [Consumer clientId=consumer-Consumer-topic-2da581b7_24f6_4077_b9b4_0a4bb114264a-15, groupId=Consumer-topic-2da581b7_24f6_4077_b9b4_0a4bb114264a] (Re-)joining group
2025-07-31 18:18:09,138 INFO  [org.apa.kaf.cli.con.int.ConsumerCoordinator] (Thread-711) [Consumer clientId=consumer-Consumer-topic-2da581b7_24f6_4077_b9b4_0a4bb114264a-15, groupId=Consumer-topic-2da581b7_24f6_4077_b9b4_0a4bb114264a] Successfully joined group with generation Generation{generationId=1, memberId='consumer-Consumer-topic-2da581b7_24f6_4077_b9b4_0a4bb114264a-15-204e5eef-3462-42d9-810f-04bfd41f8f28', protocol='range'}
2025-07-31 18:18:09,139 INFO  [org.apa.kaf.cli.con.int.ConsumerCoordinator] (Thread-711) [Consumer clientId=consumer-Consumer-topic-2da581b7_24f6_4077_b9b4_0a4bb114264a-15, groupId=Consumer-topic-2da581b7_24f6_4077_b9b4_0a4bb114264a] Finished assignment for group at generation 1: {consumer-Consumer-topic-2da581b7_24f6_4077_b9b4_0a4bb114264a-15-204e5eef-3462-42d9-810f-04bfd41f8f28=Assignment(partitions=[topic-2da581b7_24f6_4077_b9b4_0a4bb114264a-0])}
2025-07-31 18:18:09,141 INFO  [org.apa.kaf.cli.con.int.ConsumerCoordinator] (Thread-711) [Consumer clientId=consumer-Consumer-topic-2da581b7_24f6_4077_b9b4_0a4bb114264a-15, groupId=Consumer-topic-2da581b7_24f6_4077_b9b4_0a4bb114264a] Successfully synced group in generation Generation{generationId=1, memberId='consumer-Consumer-topic-2da581b7_24f6_4077_b9b4_0a4bb114264a-15-204e5eef-3462-42d9-810f-04bfd41f8f28', protocol='range'}
2025-07-31 18:18:09,141 INFO  [org.apa.kaf.cli.con.int.ConsumerCoordinator] (Thread-711) [Consumer clientId=consumer-Consumer-topic-2da581b7_24f6_4077_b9b4_0a4bb114264a-15, groupId=Consumer-topic-2da581b7_24f6_4077_b9b4_0a4bb114264a] Notifying assignor about the new Assignment(partitions=[topic-2da581b7_24f6_4077_b9b4_0a4bb114264a-0])
2025-07-31 18:18:09,141 INFO  [org.apa.kaf.cli.con.int.ConsumerRebalanceListenerInvoker] (Thread-711) [Consumer clientId=consumer-Consumer-topic-2da581b7_24f6_4077_b9b4_0a4bb114264a-15, groupId=Consumer-topic-2da581b7_24f6_4077_b9b4_0a4bb114264a] Adding newly assigned partitions: topic-2da581b7_24f6_4077_b9b4_0a4bb114264a-0
2025-07-31 18:18:09,142 INFO  [org.apa.kaf.cli.con.int.ConsumerCoordinator] (Thread-711) [Consumer clientId=consumer-Consumer-topic-2da581b7_24f6_4077_b9b4_0a4bb114264a-15, groupId=Consumer-topic-2da581b7_24f6_4077_b9b4_0a4bb114264a] Found no committed offset for partition topic-2da581b7_24f6_4077_b9b4_0a4bb114264a-0
2025-07-31 18:18:09,146 INFO  [org.apa.kaf.cli.con.int.SubscriptionState] (Thread-711) [Consumer clientId=consumer-Consumer-topic-2da581b7_24f6_4077_b9b4_0a4bb114264a-15, groupId=Consumer-topic-2da581b7_24f6_4077_b9b4_0a4bb114264a] Resetting offset for partition topic-2da581b7_24f6_4077_b9b4_0a4bb114264a-0 to position FetchPosition{offset=0, offsetEpoch=Optional.empty, currentLeader=LeaderAndEpoch{leader=Optional[localhost:32770 (id: 0 rack: null)], epoch=0}}.
2025-07-31 18:18:09,188 INFO  [io.api.tes.ser.api.KafkaSerdesTester] (Thread-711) topic-2da581b7_24f6_4077_b9b4_0a4bb114264a 0 0 {"key11753985887231": "value-0"}
2025-07-31 18:18:09,188 INFO  [io.api.tes.ser.api.KafkaSerdesTester] (Thread-711) topic-2da581b7_24f6_4077_b9b4_0a4bb114264a 0 1 {"key11753985887231": "value-1"}
2025-07-31 18:18:09,188 INFO  [io.api.tes.ser.api.KafkaSerdesTester] (Thread-711) topic-2da581b7_24f6_4077_b9b4_0a4bb114264a 0 2 {"key11753985887231": "value-2"}
2025-07-31 18:18:09,188 INFO  [io.api.tes.ser.api.KafkaSerdesTester] (Thread-711) topic-2da581b7_24f6_4077_b9b4_0a4bb114264a 0 3 {"key11753985887231": "value-3"}
2025-07-31 18:18:09,188 INFO  [io.api.tes.ser.api.KafkaSerdesTester] (Thread-711) topic-2da581b7_24f6_4077_b9b4_0a4bb114264a 0 4 {"key11753985887231": "value-4"}
2025-07-31 18:18:09,188 INFO  [io.api.tes.ser.api.KafkaSerdesTester] (Thread-711) topic-2da581b7_24f6_4077_b9b4_0a4bb114264a 0 5 {"key11753985887231": "value-5"}
2025-07-31 18:18:09,188 INFO  [io.api.tes.ser.api.KafkaSerdesTester] (Thread-711) topic-2da581b7_24f6_4077_b9b4_0a4bb114264a 0 6 {"key11753985887231": "value-6"}
2025-07-31 18:18:09,188 INFO  [io.api.tes.ser.api.KafkaSerdesTester] (Thread-711) topic-2da581b7_24f6_4077_b9b4_0a4bb114264a 0 7 {"key11753985887231": "value-7"}
2025-07-31 18:18:09,188 INFO  [io.api.tes.ser.api.KafkaSerdesTester] (Thread-711) topic-2da581b7_24f6_4077_b9b4_0a4bb114264a 0 8 {"key11753985887231": "value-8"}
2025-07-31 18:18:09,188 INFO  [io.api.tes.ser.api.KafkaSerdesTester] (Thread-711) topic-2da581b7_24f6_4077_b9b4_0a4bb114264a 0 9 {"key11753985887231": "value-9"}
2025-07-31 18:18:09,188 INFO  [io.api.tes.ser.api.KafkaSerdesTester] (Thread-711) Consumed 10 messages
2025-07-31 18:18:09,190 INFO  [org.apa.kaf.cli.con.int.ConsumerRebalanceListenerInvoker] (Thread-711) [Consumer clientId=consumer-Consumer-topic-2da581b7_24f6_4077_b9b4_0a4bb114264a-15, groupId=Consumer-topic-2da581b7_24f6_4077_b9b4_0a4bb114264a] Revoke previously assigned partitions topic-2da581b7_24f6_4077_b9b4_0a4bb114264a-0
2025-07-31 18:18:09,190 INFO  [org.apa.kaf.cli.con.int.ConsumerCoordinator] (Thread-711) [Consumer clientId=consumer-Consumer-topic-2da581b7_24f6_4077_b9b4_0a4bb114264a-15, groupId=Consumer-topic-2da581b7_24f6_4077_b9b4_0a4bb114264a] Member consumer-Consumer-topic-2da581b7_24f6_4077_b9b4_0a4bb114264a-15-204e5eef-3462-42d9-810f-04bfd41f8f28 sending LeaveGroup request to coordinator localhost:32770 (id: 2147483647 rack: null) due to the consumer is being closed
2025-07-31 18:18:09,190 INFO  [org.apa.kaf.cli.con.int.ConsumerCoordinator] (Thread-711) [Consumer clientId=consumer-Consumer-topic-2da581b7_24f6_4077_b9b4_0a4bb114264a-15, groupId=Consumer-topic-2da581b7_24f6_4077_b9b4_0a4bb114264a] Resetting generation and member id due to: consumer pro-actively leaving the group
2025-07-31 18:18:09,190 INFO  [org.apa.kaf.cli.con.int.ConsumerCoordinator] (Thread-711) [Consumer clientId=consumer-Consumer-topic-2da581b7_24f6_4077_b9b4_0a4bb114264a-15, groupId=Consumer-topic-2da581b7_24f6_4077_b9b4_0a4bb114264a] Request joining group due to: consumer pro-actively leaving the group
2025-07-31 18:18:09,691 INFO  [org.apa.kaf.com.met.Metrics] (Thread-711) Metrics scheduler closed
2025-07-31 18:18:09,691 INFO  [org.apa.kaf.com.met.Metrics] (Thread-711) Closing reporter org.apache.kafka.common.metrics.JmxReporter
2025-07-31 18:18:09,691 INFO  [org.apa.kaf.com.met.Metrics] (Thread-711) Closing reporter org.apache.kafka.common.telemetry.internals.ClientTelemetryReporter
2025-07-31 18:18:09,691 INFO  [org.apa.kaf.com.met.Metrics] (Thread-711) Metrics reporters closed
2025-07-31 18:18:09,693 INFO  [org.apa.kaf.com.uti.AppInfoParser] (Thread-711) App info kafka.consumer for consumer-Consumer-topic-2da581b7_24f6_4077_b9b4_0a4bb114264a-15 unregistered
2025-07-31 18:18:09,694 INFO  [org.apa.kaf.cli.con.int.ClassicKafkaConsumer] (Thread-712) [Consumer clientId=consumer-Consumer-topic-61ef38c0_758f_4631_9f21_c8ad912f8ea9-16, groupId=Consumer-topic-61ef38c0_758f_4631_9f21_c8ad912f8ea9] Subscribed to topic(s): topic-61ef38c0_758f_4631_9f21_c8ad912f8ea9
2025-07-31 18:18:09,698 INFO  [org.apa.kaf.cli.Metadata] (Thread-712) [Consumer clientId=consumer-Consumer-topic-61ef38c0_758f_4631_9f21_c8ad912f8ea9-16, groupId=Consumer-topic-61ef38c0_758f_4631_9f21_c8ad912f8ea9] Cluster ID: MOk99p_ARaW4Dib0x4tLFg
2025-07-31 18:18:09,700 INFO  [org.apa.kaf.cli.con.int.ConsumerCoordinator] (Thread-712) [Consumer clientId=consumer-Consumer-topic-61ef38c0_758f_4631_9f21_c8ad912f8ea9-16, groupId=Consumer-topic-61ef38c0_758f_4631_9f21_c8ad912f8ea9] Discovered group coordinator localhost:32770 (id: 2147483647 rack: null)
2025-07-31 18:18:09,701 INFO  [org.apa.kaf.cli.con.int.ConsumerCoordinator] (Thread-712) [Consumer clientId=consumer-Consumer-topic-61ef38c0_758f_4631_9f21_c8ad912f8ea9-16, groupId=Consumer-topic-61ef38c0_758f_4631_9f21_c8ad912f8ea9] (Re-)joining group
2025-07-31 18:18:09,709 INFO  [org.apa.kaf.cli.con.int.ConsumerCoordinator] (Thread-712) [Consumer clientId=consumer-Consumer-topic-61ef38c0_758f_4631_9f21_c8ad912f8ea9-16, groupId=Consumer-topic-61ef38c0_758f_4631_9f21_c8ad912f8ea9] Request joining group due to: need to re-join with the given member-id: consumer-Consumer-topic-61ef38c0_758f_4631_9f21_c8ad912f8ea9-16-d51eff2e-757c-4429-8b8e-649d32c63be9
2025-07-31 18:18:09,710 INFO  [org.apa.kaf.cli.con.int.ConsumerCoordinator] (Thread-712) [Consumer clientId=consumer-Consumer-topic-61ef38c0_758f_4631_9f21_c8ad912f8ea9-16, groupId=Consumer-topic-61ef38c0_758f_4631_9f21_c8ad912f8ea9] (Re-)joining group
2025-07-31 18:18:09,713 INFO  [org.apa.kaf.cli.con.int.ConsumerCoordinator] (Thread-712) [Consumer clientId=consumer-Consumer-topic-61ef38c0_758f_4631_9f21_c8ad912f8ea9-16, groupId=Consumer-topic-61ef38c0_758f_4631_9f21_c8ad912f8ea9] Successfully joined group with generation Generation{generationId=1, memberId='consumer-Consumer-topic-61ef38c0_758f_4631_9f21_c8ad912f8ea9-16-d51eff2e-757c-4429-8b8e-649d32c63be9', protocol='range'}
2025-07-31 18:18:09,713 INFO  [org.apa.kaf.cli.con.int.ConsumerCoordinator] (Thread-712) [Consumer clientId=consumer-Consumer-topic-61ef38c0_758f_4631_9f21_c8ad912f8ea9-16, groupId=Consumer-topic-61ef38c0_758f_4631_9f21_c8ad912f8ea9] Finished assignment for group at generation 1: {consumer-Consumer-topic-61ef38c0_758f_4631_9f21_c8ad912f8ea9-16-d51eff2e-757c-4429-8b8e-649d32c63be9=Assignment(partitions=[topic-61ef38c0_758f_4631_9f21_c8ad912f8ea9-0])}
2025-07-31 18:18:09,716 INFO  [org.apa.kaf.cli.con.int.ConsumerCoordinator] (Thread-712) [Consumer clientId=consumer-Consumer-topic-61ef38c0_758f_4631_9f21_c8ad912f8ea9-16, groupId=Consumer-topic-61ef38c0_758f_4631_9f21_c8ad912f8ea9] Successfully synced group in generation Generation{generationId=1, memberId='consumer-Consumer-topic-61ef38c0_758f_4631_9f21_c8ad912f8ea9-16-d51eff2e-757c-4429-8b8e-649d32c63be9', protocol='range'}
2025-07-31 18:18:09,716 INFO  [org.apa.kaf.cli.con.int.ConsumerCoordinator] (Thread-712) [Consumer clientId=consumer-Consumer-topic-61ef38c0_758f_4631_9f21_c8ad912f8ea9-16, groupId=Consumer-topic-61ef38c0_758f_4631_9f21_c8ad912f8ea9] Notifying assignor about the new Assignment(partitions=[topic-61ef38c0_758f_4631_9f21_c8ad912f8ea9-0])
2025-07-31 18:18:09,716 INFO  [org.apa.kaf.cli.con.int.ConsumerRebalanceListenerInvoker] (Thread-712) [Consumer clientId=consumer-Consumer-topic-61ef38c0_758f_4631_9f21_c8ad912f8ea9-16, groupId=Consumer-topic-61ef38c0_758f_4631_9f21_c8ad912f8ea9] Adding newly assigned partitions: topic-61ef38c0_758f_4631_9f21_c8ad912f8ea9-0
2025-07-31 18:18:09,717 INFO  [org.apa.kaf.cli.con.int.ConsumerCoordinator] (Thread-712) [Consumer clientId=consumer-Consumer-topic-61ef38c0_758f_4631_9f21_c8ad912f8ea9-16, groupId=Consumer-topic-61ef38c0_758f_4631_9f21_c8ad912f8ea9] Found no committed offset for partition topic-61ef38c0_758f_4631_9f21_c8ad912f8ea9-0
2025-07-31 18:18:09,717 INFO  [org.apa.kaf.cli.con.int.SubscriptionState] (Thread-712) [Consumer clientId=consumer-Consumer-topic-61ef38c0_758f_4631_9f21_c8ad912f8ea9-16, groupId=Consumer-topic-61ef38c0_758f_4631_9f21_c8ad912f8ea9] Resetting offset for partition topic-61ef38c0_758f_4631_9f21_c8ad912f8ea9-0 to position FetchPosition{offset=0, offsetEpoch=Optional.empty, currentLeader=LeaderAndEpoch{leader=Optional[localhost:32770 (id: 0 rack: null)], epoch=0}}.
2025-07-31 18:18:09,755 INFO  [io.api.tes.ser.api.KafkaSerdesTester] (Thread-712) topic-61ef38c0_758f_4631_9f21_c8ad912f8ea9 0 0 {"key11753985887231": "value-0"}
2025-07-31 18:18:09,755 INFO  [io.api.tes.ser.api.KafkaSerdesTester] (Thread-712) topic-61ef38c0_758f_4631_9f21_c8ad912f8ea9 0 1 {"key11753985887231": "value-1"}
2025-07-31 18:18:09,755 INFO  [io.api.tes.ser.api.KafkaSerdesTester] (Thread-712) topic-61ef38c0_758f_4631_9f21_c8ad912f8ea9 0 2 {"key11753985887231": "value-2"}
2025-07-31 18:18:09,755 INFO  [io.api.tes.ser.api.KafkaSerdesTester] (Thread-712) topic-61ef38c0_758f_4631_9f21_c8ad912f8ea9 0 3 {"key11753985887231": "value-3"}
2025-07-31 18:18:09,755 INFO  [io.api.tes.ser.api.KafkaSerdesTester] (Thread-712) topic-61ef38c0_758f_4631_9f21_c8ad912f8ea9 0 4 {"key11753985887231": "value-4"}
2025-07-31 18:18:09,755 INFO  [io.api.tes.ser.api.KafkaSerdesTester] (Thread-712) topic-61ef38c0_758f_4631_9f21_c8ad912f8ea9 0 5 {"key11753985887231": "value-5"}
2025-07-31 18:18:09,755 INFO  [io.api.tes.ser.api.KafkaSerdesTester] (Thread-712) topic-61ef38c0_758f_4631_9f21_c8ad912f8ea9 0 6 {"key11753985887231": "value-6"}
2025-07-31 18:18:09,755 INFO  [io.api.tes.ser.api.KafkaSerdesTester] (Thread-712) topic-61ef38c0_758f_4631_9f21_c8ad912f8ea9 0 7 {"key11753985887231": "value-7"}
2025-07-31 18:18:09,755 INFO  [io.api.tes.ser.api.KafkaSerdesTester] (Thread-712) topic-61ef38c0_758f_4631_9f21_c8ad912f8ea9 0 8 {"key11753985887231": "value-8"}
2025-07-31 18:18:09,755 INFO  [io.api.tes.ser.api.KafkaSerdesTester] (Thread-712) topic-61ef38c0_758f_4631_9f21_c8ad912f8ea9 0 9 {"key11753985887231": "value-9"}
2025-07-31 18:18:09,755 INFO  [io.api.tes.ser.api.KafkaSerdesTester] (Thread-712) Consumed 10 messages
2025-07-31 18:18:09,759 INFO  [org.apa.kaf.cli.con.int.ConsumerRebalanceListenerInvoker] (Thread-712) [Consumer clientId=consumer-Consumer-topic-61ef38c0_758f_4631_9f21_c8ad912f8ea9-16, groupId=Consumer-topic-61ef38c0_758f_4631_9f21_c8ad912f8ea9] Revoke previously assigned partitions topic-61ef38c0_758f_4631_9f21_c8ad912f8ea9-0
2025-07-31 18:18:09,759 INFO  [org.apa.kaf.cli.con.int.ConsumerCoordinator] (Thread-712) [Consumer clientId=consumer-Consumer-topic-61ef38c0_758f_4631_9f21_c8ad912f8ea9-16, groupId=Consumer-topic-61ef38c0_758f_4631_9f21_c8ad912f8ea9] Member consumer-Consumer-topic-61ef38c0_758f_4631_9f21_c8ad912f8ea9-16-d51eff2e-757c-4429-8b8e-649d32c63be9 sending LeaveGroup request to coordinator localhost:32770 (id: 2147483647 rack: null) due to the consumer is being closed
2025-07-31 18:18:09,760 INFO  [org.apa.kaf.cli.con.int.ConsumerCoordinator] (Thread-712) [Consumer clientId=consumer-Consumer-topic-61ef38c0_758f_4631_9f21_c8ad912f8ea9-16, groupId=Consumer-topic-61ef38c0_758f_4631_9f21_c8ad912f8ea9] Resetting generation and member id due to: consumer pro-actively leaving the group
2025-07-31 18:18:09,760 INFO  [org.apa.kaf.cli.con.int.ConsumerCoordinator] (Thread-712) [Consumer clientId=consumer-Consumer-topic-61ef38c0_758f_4631_9f21_c8ad912f8ea9-16, groupId=Consumer-topic-61ef38c0_758f_4631_9f21_c8ad912f8ea9] Request joining group due to: consumer pro-actively leaving the group
2025-07-31 18:18:10,259 INFO  [org.apa.kaf.com.met.Metrics] (Thread-712) Metrics scheduler closed
2025-07-31 18:18:10,260 INFO  [org.apa.kaf.com.met.Metrics] (Thread-712) Closing reporter org.apache.kafka.common.metrics.JmxReporter
2025-07-31 18:18:10,260 INFO  [org.apa.kaf.com.met.Metrics] (Thread-712) Closing reporter org.apache.kafka.common.telemetry.internals.ClientTelemetryReporter
2025-07-31 18:18:10,260 INFO  [org.apa.kaf.com.met.Metrics] (Thread-712) Metrics reporters closed
2025-07-31 18:18:10,264 INFO  [org.apa.kaf.com.uti.AppInfoParser] (Thread-712) App info kafka.consumer for consumer-Consumer-topic-61ef38c0_758f_4631_9f21_c8ad912f8ea9-16 unregistered
2025-07-31 18:18:10,266 INFO  [io.api.tes.uti.TestSeparator] (main) io.apicurio.tests.serdes.apicurio.AvroSerdeIT.testAvroConfluentForMultipleTopics-FINISHED
2025-07-31 18:18:10,266 INFO  [io.api.tes.uti.TestSeparator] (main) ############################################################################
Test passed: testAvroConfluentForMultipleTopics
]]></system-out>
  </testcase>
  <testcase name="testFirstRequestFailsRateLimited" classname="io.apicurio.tests.serdes.apicurio.AvroSerdeIT" time="0.966">
    <system-out><![CDATA[2025-07-31 18:18:10,270 INFO  [io.api.tes.uti.TestSeparator] (main) ############################################################################
2025-07-31 18:18:10,270 INFO  [io.api.tes.uti.TestSeparator] (main) io.apicurio.tests.serdes.apicurio.AvroSerdeIT.testFirstRequestFailsRateLimited-STARTED
2025-07-31 18:18:10,726 WARN  [org.ecl.jet.ser.AbstractConnector] (main) Acceptors should be <= availableProcessors: NetworkTrafficServerConnector@5eb11bb7{HTTP/1.1, (http/1.1, h2c)}{0.0.0.0:0} 
2025-07-31 18:18:10,853 INFO  [org.ecl.jet.ser.Server] (main) jetty-11.0.15; built: 2023-04-11T18:37:53.775Z; git: 5bc5e562c8d05c5862505aebe5cf83a61bdbcb96; jvm 17.0.16+8
2025-07-31 18:18:10,883 INFO  [org.ecl.jet.ser.han.ContextHandler] (main) Started o.e.j.s.ServletContextHandler@1eed4367{/__admin,null,AVAILABLE}
2025-07-31 18:18:10,890 INFO  [org.ecl.jet.ser.han.Con.ROOT] (main) RequestHandlerClass from context returned com.github.tomakehurst.wiremock.http.StubRequestHandler. Normalized mapped under returned 'null'
2025-07-31 18:18:10,891 INFO  [org.ecl.jet.ser.han.ContextHandler] (main) Started o.e.j.s.ServletContextHandler@1391204c{/,null,AVAILABLE}
2025-07-31 18:18:10,898 INFO  [org.ecl.jet.ser.AbstractConnector] (main) Started NetworkTrafficServerConnector@5eb11bb7{HTTP/1.1, (http/1.1, h2c)}{0.0.0.0:34237}
2025-07-31 18:18:10,900 INFO  [org.ecl.jet.ser.Server] (main) Started Server@4f54afa5{STARTING}[11.0.15,sto=1000] @58972ms
**** Registry Base URL: http://registry-app-kafkasql.apps.ci419.apicurio-testing.org:80
2025-07-31 18:18:10,910 INFO  [org.apa.kaf.cli.pro.ProducerConfig] (main) ProducerConfig values: 
	acks = -1
	auto.include.jmx.reporter = true
	batch.size = 16384
	bootstrap.servers = [PLAINTEXT://localhost:32770]
	buffer.memory = 33554432
	client.dns.lookup = use_all_dns_ips
	client.id = Producer-topic-76785eea_4438_47c0_ac73_0eab01cb7c3c
	compression.gzip.level = -1
	compression.lz4.level = 9
	compression.type = none
	compression.zstd.level = 3
	connections.max.idle.ms = 10000
	delivery.timeout.ms = 120000
	enable.idempotence = true
	enable.metrics.push = true
	interceptor.classes = []
	key.serializer = class org.apache.kafka.common.serialization.StringSerializer
	linger.ms = 0
	max.block.ms = 60000
	max.in.flight.requests.per.connection = 5
	max.request.size = 1048576
	metadata.max.age.ms = 300000
	metadata.max.idle.ms = 300000
	metadata.recovery.strategy = none
	metric.reporters = []
	metrics.num.samples = 2
	metrics.recording.level = INFO
	metrics.sample.window.ms = 30000
	partitioner.adaptive.partitioning.enable = true
	partitioner.availability.timeout.ms = 0
	partitioner.class = null
	partitioner.ignore.keys = false
	receive.buffer.bytes = 32768
	reconnect.backoff.max.ms = 1000
	reconnect.backoff.ms = 50
	request.timeout.ms = 5000
	retries = 2147483647
	retry.backoff.max.ms = 1000
	retry.backoff.ms = 100
	sasl.client.callback.handler.class = null
	sasl.jaas.config = null
	sasl.kerberos.kinit.cmd = /usr/bin/kinit
	sasl.kerberos.min.time.before.relogin = 60000
	sasl.kerberos.service.name = null
	sasl.kerberos.ticket.renew.jitter = 0.05
	sasl.kerberos.ticket.renew.window.factor = 0.8
	sasl.login.callback.handler.class = null
	sasl.login.class = null
	sasl.login.connect.timeout.ms = null
	sasl.login.read.timeout.ms = null
	sasl.login.refresh.buffer.seconds = 300
	sasl.login.refresh.min.period.seconds = 60
	sasl.login.refresh.window.factor = 0.8
	sasl.login.refresh.window.jitter = 0.05
	sasl.login.retry.backoff.max.ms = 10000
	sasl.login.retry.backoff.ms = 100
	sasl.mechanism = GSSAPI
	sasl.oauthbearer.clock.skew.seconds = 30
	sasl.oauthbearer.expected.audience = null
	sasl.oauthbearer.expected.issuer = null
	sasl.oauthbearer.header.urlencode = false
	sasl.oauthbearer.jwks.endpoint.refresh.ms = 3600000
	sasl.oauthbearer.jwks.endpoint.retry.backoff.max.ms = 10000
	sasl.oauthbearer.jwks.endpoint.retry.backoff.ms = 100
	sasl.oauthbearer.jwks.endpoint.url = null
	sasl.oauthbearer.scope.claim.name = scope
	sasl.oauthbearer.sub.claim.name = sub
	sasl.oauthbearer.token.endpoint.url = null
	security.protocol = PLAINTEXT
	security.providers = null
	send.buffer.bytes = 131072
	socket.connection.setup.timeout.max.ms = 30000
	socket.connection.setup.timeout.ms = 10000
	ssl.cipher.suites = null
	ssl.enabled.protocols = [TLSv1.2, TLSv1.3]
	ssl.endpoint.identification.algorithm = https
	ssl.engine.factory.class = null
	ssl.key.password = null
	ssl.keymanager.algorithm = SunX509
	ssl.keystore.certificate.chain = null
	ssl.keystore.key = null
	ssl.keystore.location = null
	ssl.keystore.password = null
	ssl.keystore.type = JKS
	ssl.protocol = TLSv1.3
	ssl.provider = null
	ssl.secure.random.implementation = null
	ssl.trustmanager.algorithm = PKIX
	ssl.truststore.certificates = null
	ssl.truststore.location = null
	ssl.truststore.password = null
	ssl.truststore.type = JKS
	transaction.timeout.ms = 60000
	transactional.id = null
	value.serializer = class io.apicurio.registry.serde.avro.AvroKafkaSerializer

2025-07-31 18:18:10,911 INFO  [org.apa.kaf.com.tel.int.KafkaMetricsCollector] (main) initializing Kafka metrics collector
2025-07-31 18:18:10,915 INFO  [org.apa.kaf.cli.pro.KafkaProducer] (main) [Producer clientId=Producer-topic-76785eea_4438_47c0_ac73_0eab01cb7c3c] Instantiated an idempotent producer.
2025-07-31 18:18:10,920 INFO  [org.apa.kaf.cli.pro.ProducerConfig] (main) These configurations '[apicurio.registry.url, apicurio.registry.artifact-resolver-strategy]' were supplied but are not used yet.
2025-07-31 18:18:10,920 INFO  [org.apa.kaf.com.uti.AppInfoParser] (main) Kafka version: 3.9.1
2025-07-31 18:18:10,920 INFO  [org.apa.kaf.com.uti.AppInfoParser] (main) Kafka commitId: f745dfdcee2b9851
2025-07-31 18:18:10,920 INFO  [org.apa.kaf.com.uti.AppInfoParser] (main) Kafka startTimeMs: 1753985890920
2025-07-31 18:18:10,926 INFO  [io.api.tes.ser.api.KafkaSerdesTester] (Thread-723) Sending message {"keyB": "value-0"} to topic topic-76785eea_4438_47c0_ac73_0eab01cb7c3c
2025-07-31 18:18:10,936 WARN  [org.apa.kaf.cli.NetworkClient] (kafka-producer-network-thread | Producer-topic-76785eea_4438_47c0_ac73_0eab01cb7c3c) [Producer clientId=Producer-topic-76785eea_4438_47c0_ac73_0eab01cb7c3c] The metadata response from the cluster reported a recoverable issue with correlation id 2 : {topic-76785eea_4438_47c0_ac73_0eab01cb7c3c=LEADER_NOT_AVAILABLE}
2025-07-31 18:18:10,936 INFO  [org.apa.kaf.cli.Metadata] (kafka-producer-network-thread | Producer-topic-76785eea_4438_47c0_ac73_0eab01cb7c3c) [Producer clientId=Producer-topic-76785eea_4438_47c0_ac73_0eab01cb7c3c] Cluster ID: MOk99p_ARaW4Dib0x4tLFg
2025-07-31 18:18:10,938 INFO  [org.apa.kaf.cli.pro.int.TransactionManager] (kafka-producer-network-thread | Producer-topic-76785eea_4438_47c0_ac73_0eab01cb7c3c) [Producer clientId=Producer-topic-76785eea_4438_47c0_ac73_0eab01cb7c3c] ProducerId set to 22 with epoch 0
2025-07-31 18:18:11,053 INFO  [DefaultSchemaResolver] (Thread-723) Retrieving schema content using string: {"type":"record","name":"myrecord","namespace":"mygroup","fields":[{"name":"keyB","type":"string"}]}
2025-07-31 18:18:11,218 INFO  [org.apa.kaf.cli.pro.KafkaProducer] (Thread-723) [Producer clientId=Producer-topic-76785eea_4438_47c0_ac73_0eab01cb7c3c] Closing the Kafka producer with timeoutMillis = 9223372036854775807 ms.
2025-07-31 18:18:11,221 INFO  [org.apa.kaf.com.met.Metrics] (Thread-723) Metrics scheduler closed
2025-07-31 18:18:11,221 INFO  [org.apa.kaf.com.met.Metrics] (Thread-723) Closing reporter org.apache.kafka.common.metrics.JmxReporter
2025-07-31 18:18:11,221 INFO  [org.apa.kaf.com.met.Metrics] (Thread-723) Closing reporter org.apache.kafka.common.telemetry.internals.ClientTelemetryReporter
2025-07-31 18:18:11,221 INFO  [org.apa.kaf.com.met.Metrics] (Thread-723) Metrics reporters closed
2025-07-31 18:18:11,222 INFO  [org.apa.kaf.com.uti.AppInfoParser] (Thread-723) App info kafka.producer for Producer-topic-76785eea_4438_47c0_ac73_0eab01cb7c3c unregistered
2025-07-31 18:18:11,224 INFO  [org.ecl.jet.ser.Server] (main) Stopped Server@4f54afa5{STOPPING}[11.0.15,sto=1000]
2025-07-31 18:18:11,225 INFO  [org.ecl.jet.ser.Server] (main) Shutdown Server@4f54afa5{STOPPING}[11.0.15,sto=1000]
2025-07-31 18:18:11,228 INFO  [org.ecl.jet.ser.AbstractConnector] (main) Stopped NetworkTrafficServerConnector@5eb11bb7{HTTP/1.1, (http/1.1, h2c)}{0.0.0.0:0}
2025-07-31 18:18:11,230 INFO  [org.ecl.jet.ser.han.ContextHandler] (main) Stopped o.e.j.s.ServletContextHandler@1391204c{/,null,STOPPED}
2025-07-31 18:18:11,230 INFO  [org.ecl.jet.ser.han.ContextHandler] (main) Stopped o.e.j.s.ServletContextHandler@1eed4367{/__admin,null,STOPPED}
2025-07-31 18:18:11,233 INFO  [io.api.tes.uti.TestSeparator] (main) io.apicurio.tests.serdes.apicurio.AvroSerdeIT.testFirstRequestFailsRateLimited-FINISHED
2025-07-31 18:18:11,233 INFO  [io.api.tes.uti.TestSeparator] (main) ############################################################################
Test passed: testFirstRequestFailsRateLimited
]]></system-out>
    <system-err><![CDATA[com.microsoft.kiota.ApiException: the server returned an unexpected status code and no error class is registered for this code 429
	at com.microsoft.kiota.ApiExceptionBuilder.withMessage(ApiExceptionBuilder.java:45)
	at io.kiota.http.vertx.VertXRequestAdapter.throwIfFailedResponse(VertXRequestAdapter.java:370)
	at io.kiota.http.vertx.VertXRequestAdapter.send(VertXRequestAdapter.java:170)
	at io.apicurio.registry.rest.client.search.versions.VersionsRequestBuilder.post(VersionsRequestBuilder.java:94)
	at io.apicurio.registry.resolver.client.RegistryClientFacadeImpl.searchVersionsByContent(RegistryClientFacadeImpl.java:104)
	at io.apicurio.registry.resolver.DefaultSchemaResolver.lambda$handleResolveSchemaByContent$3(DefaultSchemaResolver.java:258)
	at io.apicurio.registry.resolver.cache.ERCache.lambda$getValue$0(ERCache.java:174)
	at io.apicurio.registry.resolver.cache.ERCache.retry(ERCache.java:227)
	at io.apicurio.registry.resolver.cache.ERCache.getValue(ERCache.java:173)
	at io.apicurio.registry.resolver.cache.ERCache.getByContent(ERCache.java:147)
	at io.apicurio.registry.resolver.DefaultSchemaResolver.handleResolveSchemaByContent(DefaultSchemaResolver.java:253)
	at io.apicurio.registry.resolver.DefaultSchemaResolver.getSchemaFromRegistry(DefaultSchemaResolver.java:138)
	at io.apicurio.registry.resolver.DefaultSchemaResolver.lambda$resolveSchema$0(DefaultSchemaResolver.java:84)
	at java.base/java.util.Optional.orElseGet(Optional.java:364)
	at io.apicurio.registry.resolver.DefaultSchemaResolver.resolveSchema(DefaultSchemaResolver.java:84)
	at io.apicurio.registry.serde.AbstractSerializer.serializeData(AbstractSerializer.java:62)
	at io.apicurio.registry.serde.KafkaSerializer.serialize(KafkaSerializer.java:77)
	at org.apache.kafka.clients.producer.KafkaProducer.doSend(KafkaProducer.java:1046)
	at org.apache.kafka.clients.producer.KafkaProducer.send(KafkaProducer.java:993)
	at org.apache.kafka.clients.producer.KafkaProducer.send(KafkaProducer.java:875)
	at io.apicurio.tests.serdes.apicurio.KafkaSerdesTester.lambda$produceMessages$3(KafkaSerdesTester.java:138)
	at java.base/java.util.concurrent.CompletableFuture$AsyncSupply.run(CompletableFuture.java:1768)
	at java.base/java.lang.Thread.run(Thread.java:840)
]]></system-err>
  </testcase>
  <testcase name="testFirstEmptyFieldConfusedAsMagicByte" classname="io.apicurio.tests.serdes.apicurio.AvroSerdeIT" time="0.853">
    <system-out><![CDATA[2025-07-31 18:18:11,239 INFO  [io.api.tes.uti.TestSeparator] (main) ############################################################################
2025-07-31 18:18:11,239 INFO  [io.api.tes.uti.TestSeparator] (main) io.apicurio.tests.serdes.apicurio.AvroSerdeIT.testFirstEmptyFieldConfusedAsMagicByte-STARTED
**** Registry Base URL: http://registry-app-kafkasql.apps.ci419.apicurio-testing.org:80
2025-07-31 18:18:11,243 INFO  [org.apa.kaf.cli.pro.ProducerConfig] (main) ProducerConfig values: 
	acks = -1
	auto.include.jmx.reporter = true
	batch.size = 16384
	bootstrap.servers = [PLAINTEXT://localhost:32770]
	buffer.memory = 33554432
	client.dns.lookup = use_all_dns_ips
	client.id = Producer-topic-fbea45a3_3f3b_4d3e_9d1a_4e669709219a
	compression.gzip.level = -1
	compression.lz4.level = 9
	compression.type = none
	compression.zstd.level = 3
	connections.max.idle.ms = 10000
	delivery.timeout.ms = 120000
	enable.idempotence = true
	enable.metrics.push = true
	interceptor.classes = []
	key.serializer = class org.apache.kafka.common.serialization.StringSerializer
	linger.ms = 0
	max.block.ms = 60000
	max.in.flight.requests.per.connection = 5
	max.request.size = 1048576
	metadata.max.age.ms = 300000
	metadata.max.idle.ms = 300000
	metadata.recovery.strategy = none
	metric.reporters = []
	metrics.num.samples = 2
	metrics.recording.level = INFO
	metrics.sample.window.ms = 30000
	partitioner.adaptive.partitioning.enable = true
	partitioner.availability.timeout.ms = 0
	partitioner.class = null
	partitioner.ignore.keys = false
	receive.buffer.bytes = 32768
	reconnect.backoff.max.ms = 1000
	reconnect.backoff.ms = 50
	request.timeout.ms = 5000
	retries = 2147483647
	retry.backoff.max.ms = 1000
	retry.backoff.ms = 100
	sasl.client.callback.handler.class = null
	sasl.jaas.config = null
	sasl.kerberos.kinit.cmd = /usr/bin/kinit
	sasl.kerberos.min.time.before.relogin = 60000
	sasl.kerberos.service.name = null
	sasl.kerberos.ticket.renew.jitter = 0.05
	sasl.kerberos.ticket.renew.window.factor = 0.8
	sasl.login.callback.handler.class = null
	sasl.login.class = null
	sasl.login.connect.timeout.ms = null
	sasl.login.read.timeout.ms = null
	sasl.login.refresh.buffer.seconds = 300
	sasl.login.refresh.min.period.seconds = 60
	sasl.login.refresh.window.factor = 0.8
	sasl.login.refresh.window.jitter = 0.05
	sasl.login.retry.backoff.max.ms = 10000
	sasl.login.retry.backoff.ms = 100
	sasl.mechanism = GSSAPI
	sasl.oauthbearer.clock.skew.seconds = 30
	sasl.oauthbearer.expected.audience = null
	sasl.oauthbearer.expected.issuer = null
	sasl.oauthbearer.header.urlencode = false
	sasl.oauthbearer.jwks.endpoint.refresh.ms = 3600000
	sasl.oauthbearer.jwks.endpoint.retry.backoff.max.ms = 10000
	sasl.oauthbearer.jwks.endpoint.retry.backoff.ms = 100
	sasl.oauthbearer.jwks.endpoint.url = null
	sasl.oauthbearer.scope.claim.name = scope
	sasl.oauthbearer.sub.claim.name = sub
	sasl.oauthbearer.token.endpoint.url = null
	security.protocol = PLAINTEXT
	security.providers = null
	send.buffer.bytes = 131072
	socket.connection.setup.timeout.max.ms = 30000
	socket.connection.setup.timeout.ms = 10000
	ssl.cipher.suites = null
	ssl.enabled.protocols = [TLSv1.2, TLSv1.3]
	ssl.endpoint.identification.algorithm = https
	ssl.engine.factory.class = null
	ssl.key.password = null
	ssl.keymanager.algorithm = SunX509
	ssl.keystore.certificate.chain = null
	ssl.keystore.key = null
	ssl.keystore.location = null
	ssl.keystore.password = null
	ssl.keystore.type = JKS
	ssl.protocol = TLSv1.3
	ssl.provider = null
	ssl.secure.random.implementation = null
	ssl.trustmanager.algorithm = PKIX
	ssl.truststore.certificates = null
	ssl.truststore.location = null
	ssl.truststore.password = null
	ssl.truststore.type = JKS
	transaction.timeout.ms = 60000
	transactional.id = null
	value.serializer = class io.apicurio.registry.serde.avro.AvroKafkaSerializer

2025-07-31 18:18:11,243 INFO  [org.apa.kaf.com.tel.int.KafkaMetricsCollector] (main) initializing Kafka metrics collector
2025-07-31 18:18:11,249 INFO  [org.apa.kaf.cli.pro.KafkaProducer] (main) [Producer clientId=Producer-topic-fbea45a3_3f3b_4d3e_9d1a_4e669709219a] Instantiated an idempotent producer.
2025-07-31 18:18:11,251 INFO  [org.apa.kaf.cli.pro.ProducerConfig] (main) These configurations '[apicurio.registry.url, apicurio.registry.auto-register, apicurio.registry.artifact-resolver-strategy]' were supplied but are not used yet.
2025-07-31 18:18:11,251 INFO  [org.apa.kaf.com.uti.AppInfoParser] (main) Kafka version: 3.9.1
2025-07-31 18:18:11,251 INFO  [org.apa.kaf.com.uti.AppInfoParser] (main) Kafka commitId: f745dfdcee2b9851
2025-07-31 18:18:11,251 INFO  [org.apa.kaf.com.uti.AppInfoParser] (main) Kafka startTimeMs: 1753985891251
2025-07-31 18:18:11,251 INFO  [io.api.tes.ser.api.SimpleSerdesTesterBuilder$SimpleSerdesTester] (main) Using producer configuration: {apicurio.registry.url=http://registry-app-kafkasql.apps.ci419.apicurio-testing.org:80/apis/registry/v3, apicurio.registry.auto-register=true, apicurio.registry.artifact-resolver-strategy=io.apicurio.registry.serde.strategy.SimpleTopicIdStrategy, value.serializer=io.apicurio.registry.serde.avro.AvroKafkaSerializer, request.timeout.ms=5000, acks=all, bootstrap.servers=PLAINTEXT://localhost:32770, connections.max.idle.ms=10000, key.serializer=org.apache.kafka.common.serialization.StringSerializer, client.id=Producer-topic-fbea45a3_3f3b_4d3e_9d1a_4e669709219a}
2025-07-31 18:18:11,251 INFO  [io.api.tes.ser.api.SimpleSerdesTesterBuilder$SimpleSerdesTester] (main) Using consumer configuration: {}
2025-07-31 18:18:11,253 INFO  [io.api.tes.ser.api.KafkaSerdesTester] (Thread-726) Sending message {"username": null} to topic topic-fbea45a3_3f3b_4d3e_9d1a_4e669709219a
2025-07-31 18:18:11,268 WARN  [org.apa.kaf.cli.NetworkClient] (kafka-producer-network-thread | Producer-topic-fbea45a3_3f3b_4d3e_9d1a_4e669709219a) [Producer clientId=Producer-topic-fbea45a3_3f3b_4d3e_9d1a_4e669709219a] The metadata response from the cluster reported a recoverable issue with correlation id 2 : {topic-fbea45a3_3f3b_4d3e_9d1a_4e669709219a=LEADER_NOT_AVAILABLE}
2025-07-31 18:18:11,268 INFO  [org.apa.kaf.cli.Metadata] (kafka-producer-network-thread | Producer-topic-fbea45a3_3f3b_4d3e_9d1a_4e669709219a) [Producer clientId=Producer-topic-fbea45a3_3f3b_4d3e_9d1a_4e669709219a] Cluster ID: MOk99p_ARaW4Dib0x4tLFg
2025-07-31 18:18:11,272 INFO  [org.apa.kaf.cli.pro.int.TransactionManager] (kafka-producer-network-thread | Producer-topic-fbea45a3_3f3b_4d3e_9d1a_4e669709219a) [Producer clientId=Producer-topic-fbea45a3_3f3b_4d3e_9d1a_4e669709219a] ProducerId set to 23 with epoch 0
2025-07-31 18:18:11,460 INFO  [io.api.tes.ser.api.KafkaSerdesTester] (Thread-726) Sending message {"username": null} to topic topic-fbea45a3_3f3b_4d3e_9d1a_4e669709219a
2025-07-31 18:18:11,462 INFO  [io.api.tes.ser.api.KafkaSerdesTester] (Thread-726) Sending message {"username": "value-2"} to topic topic-fbea45a3_3f3b_4d3e_9d1a_4e669709219a
2025-07-31 18:18:11,464 INFO  [io.api.tes.ser.api.KafkaSerdesTester] (Thread-726) Sending message {"username": null} to topic topic-fbea45a3_3f3b_4d3e_9d1a_4e669709219a
2025-07-31 18:18:11,467 INFO  [io.api.tes.ser.api.KafkaSerdesTester] (Thread-726) Sending message {"username": "value-4"} to topic topic-fbea45a3_3f3b_4d3e_9d1a_4e669709219a
2025-07-31 18:18:11,468 INFO  [io.api.tes.ser.api.KafkaSerdesTester] (Thread-726) Sending message {"username": null} to topic topic-fbea45a3_3f3b_4d3e_9d1a_4e669709219a
2025-07-31 18:18:11,470 INFO  [io.api.tes.ser.api.KafkaSerdesTester] (Thread-726) Sending message {"username": "value-6"} to topic topic-fbea45a3_3f3b_4d3e_9d1a_4e669709219a
2025-07-31 18:18:11,471 INFO  [io.api.tes.ser.api.KafkaSerdesTester] (Thread-726) Sending message {"username": null} to topic topic-fbea45a3_3f3b_4d3e_9d1a_4e669709219a
2025-07-31 18:18:11,474 INFO  [io.api.tes.ser.api.KafkaSerdesTester] (Thread-726) Sending message {"username": "value-8"} to topic topic-fbea45a3_3f3b_4d3e_9d1a_4e669709219a
2025-07-31 18:18:11,475 INFO  [io.api.tes.ser.api.KafkaSerdesTester] (Thread-726) Sending message {"username": null} to topic topic-fbea45a3_3f3b_4d3e_9d1a_4e669709219a
2025-07-31 18:18:11,480 INFO  [io.api.tes.ser.api.KafkaSerdesTester] (Thread-726) Produced 10 messages
2025-07-31 18:18:11,480 INFO  [org.apa.kaf.cli.pro.KafkaProducer] (Thread-726) [Producer clientId=Producer-topic-fbea45a3_3f3b_4d3e_9d1a_4e669709219a] Closing the Kafka producer with timeoutMillis = 9223372036854775807 ms.
2025-07-31 18:18:11,484 INFO  [org.apa.kaf.com.met.Metrics] (Thread-726) Metrics scheduler closed
2025-07-31 18:18:11,485 INFO  [org.apa.kaf.com.met.Metrics] (Thread-726) Closing reporter org.apache.kafka.common.metrics.JmxReporter
2025-07-31 18:18:11,485 INFO  [org.apa.kaf.com.met.Metrics] (Thread-726) Closing reporter org.apache.kafka.common.telemetry.internals.ClientTelemetryReporter
2025-07-31 18:18:11,485 INFO  [org.apa.kaf.com.met.Metrics] (Thread-726) Metrics reporters closed
2025-07-31 18:18:11,487 INFO  [org.apa.kaf.com.uti.AppInfoParser] (Thread-726) App info kafka.producer for Producer-topic-fbea45a3_3f3b_4d3e_9d1a_4e669709219a unregistered
**** Registry Base URL: http://registry-app-kafkasql.apps.ci419.apicurio-testing.org:80
2025-07-31 18:18:11,515 INFO  [org.apa.kaf.cli.con.ConsumerConfig] (main) ConsumerConfig values: 
	allow.auto.create.topics = true
	auto.commit.interval.ms = 500
	auto.include.jmx.reporter = true
	auto.offset.reset = earliest
	bootstrap.servers = [PLAINTEXT://localhost:32770]
	check.crcs = true
	client.dns.lookup = use_all_dns_ips
	client.id = consumer-Consumer-topic-fbea45a3_3f3b_4d3e_9d1a_4e669709219a-17
	client.rack = 
	connections.max.idle.ms = 10000
	default.api.timeout.ms = 60000
	enable.auto.commit = true
	enable.metrics.push = true
	exclude.internal.topics = true
	fetch.max.bytes = 52428800
	fetch.max.wait.ms = 500
	fetch.min.bytes = 1
	group.id = Consumer-topic-fbea45a3_3f3b_4d3e_9d1a_4e669709219a
	group.instance.id = null
	group.protocol = classic
	group.remote.assignor = null
	heartbeat.interval.ms = 3000
	interceptor.classes = []
	internal.leave.group.on.close = true
	internal.throw.on.fetch.stable.offset.unsupported = false
	isolation.level = read_uncommitted
	key.deserializer = class org.apache.kafka.common.serialization.StringDeserializer
	max.partition.fetch.bytes = 1048576
	max.poll.interval.ms = 300000
	max.poll.records = 500
	metadata.max.age.ms = 300000
	metadata.recovery.strategy = none
	metric.reporters = []
	metrics.num.samples = 2
	metrics.recording.level = INFO
	metrics.sample.window.ms = 30000
	partition.assignment.strategy = [class org.apache.kafka.clients.consumer.RangeAssignor, class org.apache.kafka.clients.consumer.CooperativeStickyAssignor]
	receive.buffer.bytes = 65536
	reconnect.backoff.max.ms = 1000
	reconnect.backoff.ms = 50
	request.timeout.ms = 5000
	retry.backoff.max.ms = 1000
	retry.backoff.ms = 100
	sasl.client.callback.handler.class = null
	sasl.jaas.config = null
	sasl.kerberos.kinit.cmd = /usr/bin/kinit
	sasl.kerberos.min.time.before.relogin = 60000
	sasl.kerberos.service.name = null
	sasl.kerberos.ticket.renew.jitter = 0.05
	sasl.kerberos.ticket.renew.window.factor = 0.8
	sasl.login.callback.handler.class = null
	sasl.login.class = null
	sasl.login.connect.timeout.ms = null
	sasl.login.read.timeout.ms = null
	sasl.login.refresh.buffer.seconds = 300
	sasl.login.refresh.min.period.seconds = 60
	sasl.login.refresh.window.factor = 0.8
	sasl.login.refresh.window.jitter = 0.05
	sasl.login.retry.backoff.max.ms = 10000
	sasl.login.retry.backoff.ms = 100
	sasl.mechanism = GSSAPI
	sasl.oauthbearer.clock.skew.seconds = 30
	sasl.oauthbearer.expected.audience = null
	sasl.oauthbearer.expected.issuer = null
	sasl.oauthbearer.header.urlencode = false
	sasl.oauthbearer.jwks.endpoint.refresh.ms = 3600000
	sasl.oauthbearer.jwks.endpoint.retry.backoff.max.ms = 10000
	sasl.oauthbearer.jwks.endpoint.retry.backoff.ms = 100
	sasl.oauthbearer.jwks.endpoint.url = null
	sasl.oauthbearer.scope.claim.name = scope
	sasl.oauthbearer.sub.claim.name = sub
	sasl.oauthbearer.token.endpoint.url = null
	security.protocol = PLAINTEXT
	security.providers = null
	send.buffer.bytes = 131072
	session.timeout.ms = 45000
	socket.connection.setup.timeout.max.ms = 30000
	socket.connection.setup.timeout.ms = 10000
	ssl.cipher.suites = null
	ssl.enabled.protocols = [TLSv1.2, TLSv1.3]
	ssl.endpoint.identification.algorithm = https
	ssl.engine.factory.class = null
	ssl.key.password = null
	ssl.keymanager.algorithm = SunX509
	ssl.keystore.certificate.chain = null
	ssl.keystore.key = null
	ssl.keystore.location = null
	ssl.keystore.password = null
	ssl.keystore.type = JKS
	ssl.protocol = TLSv1.3
	ssl.provider = null
	ssl.secure.random.implementation = null
	ssl.trustmanager.algorithm = PKIX
	ssl.truststore.certificates = null
	ssl.truststore.location = null
	ssl.truststore.password = null
	ssl.truststore.type = JKS
	value.deserializer = class io.apicurio.registry.serde.avro.AvroKafkaDeserializer

2025-07-31 18:18:11,516 INFO  [org.apa.kaf.com.tel.int.KafkaMetricsCollector] (main) initializing Kafka metrics collector
2025-07-31 18:18:11,521 INFO  [org.apa.kaf.cli.con.ConsumerConfig] (main) These configurations '[apicurio.registry.url]' were supplied but are not used yet.
2025-07-31 18:18:11,521 INFO  [org.apa.kaf.com.uti.AppInfoParser] (main) Kafka version: 3.9.1
2025-07-31 18:18:11,521 INFO  [org.apa.kaf.com.uti.AppInfoParser] (main) Kafka commitId: f745dfdcee2b9851
2025-07-31 18:18:11,521 INFO  [org.apa.kaf.com.uti.AppInfoParser] (main) Kafka startTimeMs: 1753985891521
2025-07-31 18:18:11,521 INFO  [org.apa.kaf.cli.con.int.ClassicKafkaConsumer] (Thread-729) [Consumer clientId=consumer-Consumer-topic-fbea45a3_3f3b_4d3e_9d1a_4e669709219a-17, groupId=Consumer-topic-fbea45a3_3f3b_4d3e_9d1a_4e669709219a] Subscribed to topic(s): topic-fbea45a3_3f3b_4d3e_9d1a_4e669709219a
2025-07-31 18:18:11,526 INFO  [org.apa.kaf.cli.Metadata] (Thread-729) [Consumer clientId=consumer-Consumer-topic-fbea45a3_3f3b_4d3e_9d1a_4e669709219a-17, groupId=Consumer-topic-fbea45a3_3f3b_4d3e_9d1a_4e669709219a] Cluster ID: MOk99p_ARaW4Dib0x4tLFg
2025-07-31 18:18:11,526 INFO  [org.apa.kaf.cli.con.int.ConsumerCoordinator] (Thread-729) [Consumer clientId=consumer-Consumer-topic-fbea45a3_3f3b_4d3e_9d1a_4e669709219a-17, groupId=Consumer-topic-fbea45a3_3f3b_4d3e_9d1a_4e669709219a] Discovered group coordinator localhost:32770 (id: 2147483647 rack: null)
2025-07-31 18:18:11,528 INFO  [org.apa.kaf.cli.con.int.ConsumerCoordinator] (Thread-729) [Consumer clientId=consumer-Consumer-topic-fbea45a3_3f3b_4d3e_9d1a_4e669709219a-17, groupId=Consumer-topic-fbea45a3_3f3b_4d3e_9d1a_4e669709219a] (Re-)joining group
2025-07-31 18:18:11,531 INFO  [org.apa.kaf.cli.con.int.ConsumerCoordinator] (Thread-729) [Consumer clientId=consumer-Consumer-topic-fbea45a3_3f3b_4d3e_9d1a_4e669709219a-17, groupId=Consumer-topic-fbea45a3_3f3b_4d3e_9d1a_4e669709219a] Request joining group due to: need to re-join with the given member-id: consumer-Consumer-topic-fbea45a3_3f3b_4d3e_9d1a_4e669709219a-17-cc080859-aa27-41c4-8b3b-7debe9163a93
2025-07-31 18:18:11,531 INFO  [org.apa.kaf.cli.con.int.ConsumerCoordinator] (Thread-729) [Consumer clientId=consumer-Consumer-topic-fbea45a3_3f3b_4d3e_9d1a_4e669709219a-17, groupId=Consumer-topic-fbea45a3_3f3b_4d3e_9d1a_4e669709219a] (Re-)joining group
2025-07-31 18:18:11,533 INFO  [org.apa.kaf.cli.con.int.ConsumerCoordinator] (Thread-729) [Consumer clientId=consumer-Consumer-topic-fbea45a3_3f3b_4d3e_9d1a_4e669709219a-17, groupId=Consumer-topic-fbea45a3_3f3b_4d3e_9d1a_4e669709219a] Successfully joined group with generation Generation{generationId=1, memberId='consumer-Consumer-topic-fbea45a3_3f3b_4d3e_9d1a_4e669709219a-17-cc080859-aa27-41c4-8b3b-7debe9163a93', protocol='range'}
2025-07-31 18:18:11,534 INFO  [org.apa.kaf.cli.con.int.ConsumerCoordinator] (Thread-729) [Consumer clientId=consumer-Consumer-topic-fbea45a3_3f3b_4d3e_9d1a_4e669709219a-17, groupId=Consumer-topic-fbea45a3_3f3b_4d3e_9d1a_4e669709219a] Finished assignment for group at generation 1: {consumer-Consumer-topic-fbea45a3_3f3b_4d3e_9d1a_4e669709219a-17-cc080859-aa27-41c4-8b3b-7debe9163a93=Assignment(partitions=[topic-fbea45a3_3f3b_4d3e_9d1a_4e669709219a-0])}
2025-07-31 18:18:11,537 INFO  [org.apa.kaf.cli.con.int.ConsumerCoordinator] (Thread-729) [Consumer clientId=consumer-Consumer-topic-fbea45a3_3f3b_4d3e_9d1a_4e669709219a-17, groupId=Consumer-topic-fbea45a3_3f3b_4d3e_9d1a_4e669709219a] Successfully synced group in generation Generation{generationId=1, memberId='consumer-Consumer-topic-fbea45a3_3f3b_4d3e_9d1a_4e669709219a-17-cc080859-aa27-41c4-8b3b-7debe9163a93', protocol='range'}
2025-07-31 18:18:11,537 INFO  [org.apa.kaf.cli.con.int.ConsumerCoordinator] (Thread-729) [Consumer clientId=consumer-Consumer-topic-fbea45a3_3f3b_4d3e_9d1a_4e669709219a-17, groupId=Consumer-topic-fbea45a3_3f3b_4d3e_9d1a_4e669709219a] Notifying assignor about the new Assignment(partitions=[topic-fbea45a3_3f3b_4d3e_9d1a_4e669709219a-0])
2025-07-31 18:18:11,538 INFO  [org.apa.kaf.cli.con.int.ConsumerRebalanceListenerInvoker] (Thread-729) [Consumer clientId=consumer-Consumer-topic-fbea45a3_3f3b_4d3e_9d1a_4e669709219a-17, groupId=Consumer-topic-fbea45a3_3f3b_4d3e_9d1a_4e669709219a] Adding newly assigned partitions: topic-fbea45a3_3f3b_4d3e_9d1a_4e669709219a-0
2025-07-31 18:18:11,538 INFO  [org.apa.kaf.cli.con.int.ConsumerCoordinator] (Thread-729) [Consumer clientId=consumer-Consumer-topic-fbea45a3_3f3b_4d3e_9d1a_4e669709219a-17, groupId=Consumer-topic-fbea45a3_3f3b_4d3e_9d1a_4e669709219a] Found no committed offset for partition topic-fbea45a3_3f3b_4d3e_9d1a_4e669709219a-0
2025-07-31 18:18:11,542 INFO  [org.apa.kaf.cli.con.int.SubscriptionState] (Thread-729) [Consumer clientId=consumer-Consumer-topic-fbea45a3_3f3b_4d3e_9d1a_4e669709219a-17, groupId=Consumer-topic-fbea45a3_3f3b_4d3e_9d1a_4e669709219a] Resetting offset for partition topic-fbea45a3_3f3b_4d3e_9d1a_4e669709219a-0 to position FetchPosition{offset=0, offsetEpoch=Optional.empty, currentLeader=LeaderAndEpoch{leader=Optional[localhost:32770 (id: 0 rack: null)], epoch=0}}.
2025-07-31 18:18:11,584 INFO  [io.api.tes.ser.api.KafkaSerdesTester] (Thread-729) topic-fbea45a3_3f3b_4d3e_9d1a_4e669709219a 0 0 {"username": null}
2025-07-31 18:18:11,584 INFO  [io.api.tes.ser.api.KafkaSerdesTester] (Thread-729) topic-fbea45a3_3f3b_4d3e_9d1a_4e669709219a 0 1 {"username": null}
2025-07-31 18:18:11,584 INFO  [io.api.tes.ser.api.KafkaSerdesTester] (Thread-729) topic-fbea45a3_3f3b_4d3e_9d1a_4e669709219a 0 2 {"username": "value-2"}
2025-07-31 18:18:11,585 INFO  [io.api.tes.ser.api.KafkaSerdesTester] (Thread-729) topic-fbea45a3_3f3b_4d3e_9d1a_4e669709219a 0 3 {"username": null}
2025-07-31 18:18:11,585 INFO  [io.api.tes.ser.api.KafkaSerdesTester] (Thread-729) topic-fbea45a3_3f3b_4d3e_9d1a_4e669709219a 0 4 {"username": "value-4"}
2025-07-31 18:18:11,585 INFO  [io.api.tes.ser.api.KafkaSerdesTester] (Thread-729) topic-fbea45a3_3f3b_4d3e_9d1a_4e669709219a 0 5 {"username": null}
2025-07-31 18:18:11,585 INFO  [io.api.tes.ser.api.KafkaSerdesTester] (Thread-729) topic-fbea45a3_3f3b_4d3e_9d1a_4e669709219a 0 6 {"username": "value-6"}
2025-07-31 18:18:11,585 INFO  [io.api.tes.ser.api.KafkaSerdesTester] (Thread-729) topic-fbea45a3_3f3b_4d3e_9d1a_4e669709219a 0 7 {"username": null}
2025-07-31 18:18:11,585 INFO  [io.api.tes.ser.api.KafkaSerdesTester] (Thread-729) topic-fbea45a3_3f3b_4d3e_9d1a_4e669709219a 0 8 {"username": "value-8"}
2025-07-31 18:18:11,586 INFO  [io.api.tes.ser.api.KafkaSerdesTester] (Thread-729) topic-fbea45a3_3f3b_4d3e_9d1a_4e669709219a 0 9 {"username": null}
2025-07-31 18:18:11,586 INFO  [io.api.tes.ser.api.KafkaSerdesTester] (Thread-729) Consumed 10 messages
2025-07-31 18:18:11,589 INFO  [org.apa.kaf.cli.con.int.ConsumerRebalanceListenerInvoker] (Thread-729) [Consumer clientId=consumer-Consumer-topic-fbea45a3_3f3b_4d3e_9d1a_4e669709219a-17, groupId=Consumer-topic-fbea45a3_3f3b_4d3e_9d1a_4e669709219a] Revoke previously assigned partitions topic-fbea45a3_3f3b_4d3e_9d1a_4e669709219a-0
2025-07-31 18:18:11,590 INFO  [org.apa.kaf.cli.con.int.ConsumerCoordinator] (Thread-729) [Consumer clientId=consumer-Consumer-topic-fbea45a3_3f3b_4d3e_9d1a_4e669709219a-17, groupId=Consumer-topic-fbea45a3_3f3b_4d3e_9d1a_4e669709219a] Member consumer-Consumer-topic-fbea45a3_3f3b_4d3e_9d1a_4e669709219a-17-cc080859-aa27-41c4-8b3b-7debe9163a93 sending LeaveGroup request to coordinator localhost:32770 (id: 2147483647 rack: null) due to the consumer is being closed
2025-07-31 18:18:11,590 INFO  [org.apa.kaf.cli.con.int.ConsumerCoordinator] (Thread-729) [Consumer clientId=consumer-Consumer-topic-fbea45a3_3f3b_4d3e_9d1a_4e669709219a-17, groupId=Consumer-topic-fbea45a3_3f3b_4d3e_9d1a_4e669709219a] Resetting generation and member id due to: consumer pro-actively leaving the group
2025-07-31 18:18:11,590 INFO  [org.apa.kaf.cli.con.int.ConsumerCoordinator] (Thread-729) [Consumer clientId=consumer-Consumer-topic-fbea45a3_3f3b_4d3e_9d1a_4e669709219a-17, groupId=Consumer-topic-fbea45a3_3f3b_4d3e_9d1a_4e669709219a] Request joining group due to: consumer pro-actively leaving the group
2025-07-31 18:18:12,087 INFO  [org.apa.kaf.com.met.Metrics] (Thread-729) Metrics scheduler closed
2025-07-31 18:18:12,087 INFO  [org.apa.kaf.com.met.Metrics] (Thread-729) Closing reporter org.apache.kafka.common.metrics.JmxReporter
2025-07-31 18:18:12,087 INFO  [org.apa.kaf.com.met.Metrics] (Thread-729) Closing reporter org.apache.kafka.common.telemetry.internals.ClientTelemetryReporter
2025-07-31 18:18:12,087 INFO  [org.apa.kaf.com.met.Metrics] (Thread-729) Metrics reporters closed
2025-07-31 18:18:12,089 INFO  [org.apa.kaf.com.uti.AppInfoParser] (Thread-729) App info kafka.consumer for consumer-Consumer-topic-fbea45a3_3f3b_4d3e_9d1a_4e669709219a-17 unregistered
2025-07-31 18:18:12,090 INFO  [io.api.tes.uti.TestSeparator] (main) io.apicurio.tests.serdes.apicurio.AvroSerdeIT.testFirstEmptyFieldConfusedAsMagicByte-FINISHED
2025-07-31 18:18:12,090 INFO  [io.api.tes.uti.TestSeparator] (main) ############################################################################
Test passed: testFirstEmptyFieldConfusedAsMagicByte
]]></system-out>
  </testcase>
  <testcase name="testAvroSerDesFailDifferentSchemaByContent" classname="io.apicurio.tests.serdes.apicurio.AvroSerdeIT" time="1.144">
    <system-out><![CDATA[2025-07-31 18:18:12,093 INFO  [io.api.tes.uti.TestSeparator] (main) ############################################################################
2025-07-31 18:18:12,093 INFO  [io.api.tes.uti.TestSeparator] (main) io.apicurio.tests.serdes.apicurio.AvroSerdeIT.testAvroSerDesFailDifferentSchemaByContent-STARTED
**** Registry Base URL: http://registry-app-kafkasql.apps.ci419.apicurio-testing.org:80
2025-07-31 18:18:13,177 INFO  [org.apa.kaf.cli.pro.ProducerConfig] (main) ProducerConfig values: 
	acks = -1
	auto.include.jmx.reporter = true
	batch.size = 16384
	bootstrap.servers = [PLAINTEXT://localhost:32770]
	buffer.memory = 33554432
	client.dns.lookup = use_all_dns_ips
	client.id = Producer-topic-87c9af09_72d1_4199_b157_5bdd6fc89a82
	compression.gzip.level = -1
	compression.lz4.level = 9
	compression.type = none
	compression.zstd.level = 3
	connections.max.idle.ms = 10000
	delivery.timeout.ms = 120000
	enable.idempotence = true
	enable.metrics.push = true
	interceptor.classes = []
	key.serializer = class org.apache.kafka.common.serialization.StringSerializer
	linger.ms = 0
	max.block.ms = 60000
	max.in.flight.requests.per.connection = 5
	max.request.size = 1048576
	metadata.max.age.ms = 300000
	metadata.max.idle.ms = 300000
	metadata.recovery.strategy = none
	metric.reporters = []
	metrics.num.samples = 2
	metrics.recording.level = INFO
	metrics.sample.window.ms = 30000
	partitioner.adaptive.partitioning.enable = true
	partitioner.availability.timeout.ms = 0
	partitioner.class = null
	partitioner.ignore.keys = false
	receive.buffer.bytes = 32768
	reconnect.backoff.max.ms = 1000
	reconnect.backoff.ms = 50
	request.timeout.ms = 5000
	retries = 2147483647
	retry.backoff.max.ms = 1000
	retry.backoff.ms = 100
	sasl.client.callback.handler.class = null
	sasl.jaas.config = null
	sasl.kerberos.kinit.cmd = /usr/bin/kinit
	sasl.kerberos.min.time.before.relogin = 60000
	sasl.kerberos.service.name = null
	sasl.kerberos.ticket.renew.jitter = 0.05
	sasl.kerberos.ticket.renew.window.factor = 0.8
	sasl.login.callback.handler.class = null
	sasl.login.class = null
	sasl.login.connect.timeout.ms = null
	sasl.login.read.timeout.ms = null
	sasl.login.refresh.buffer.seconds = 300
	sasl.login.refresh.min.period.seconds = 60
	sasl.login.refresh.window.factor = 0.8
	sasl.login.refresh.window.jitter = 0.05
	sasl.login.retry.backoff.max.ms = 10000
	sasl.login.retry.backoff.ms = 100
	sasl.mechanism = GSSAPI
	sasl.oauthbearer.clock.skew.seconds = 30
	sasl.oauthbearer.expected.audience = null
	sasl.oauthbearer.expected.issuer = null
	sasl.oauthbearer.header.urlencode = false
	sasl.oauthbearer.jwks.endpoint.refresh.ms = 3600000
	sasl.oauthbearer.jwks.endpoint.retry.backoff.max.ms = 10000
	sasl.oauthbearer.jwks.endpoint.retry.backoff.ms = 100
	sasl.oauthbearer.jwks.endpoint.url = null
	sasl.oauthbearer.scope.claim.name = scope
	sasl.oauthbearer.sub.claim.name = sub
	sasl.oauthbearer.token.endpoint.url = null
	security.protocol = PLAINTEXT
	security.providers = null
	send.buffer.bytes = 131072
	socket.connection.setup.timeout.max.ms = 30000
	socket.connection.setup.timeout.ms = 10000
	ssl.cipher.suites = null
	ssl.enabled.protocols = [TLSv1.2, TLSv1.3]
	ssl.endpoint.identification.algorithm = https
	ssl.engine.factory.class = null
	ssl.key.password = null
	ssl.keymanager.algorithm = SunX509
	ssl.keystore.certificate.chain = null
	ssl.keystore.key = null
	ssl.keystore.location = null
	ssl.keystore.password = null
	ssl.keystore.type = JKS
	ssl.protocol = TLSv1.3
	ssl.provider = null
	ssl.secure.random.implementation = null
	ssl.trustmanager.algorithm = PKIX
	ssl.truststore.certificates = null
	ssl.truststore.location = null
	ssl.truststore.password = null
	ssl.truststore.type = JKS
	transaction.timeout.ms = 60000
	transactional.id = null
	value.serializer = class io.apicurio.registry.serde.avro.AvroKafkaSerializer

2025-07-31 18:18:13,177 INFO  [org.apa.kaf.com.tel.int.KafkaMetricsCollector] (main) initializing Kafka metrics collector
2025-07-31 18:18:13,180 INFO  [org.apa.kaf.cli.pro.KafkaProducer] (main) [Producer clientId=Producer-topic-87c9af09_72d1_4199_b157_5bdd6fc89a82] Instantiated an idempotent producer.
2025-07-31 18:18:13,182 INFO  [org.apa.kaf.cli.pro.ProducerConfig] (main) These configurations '[apicurio.registry.url, apicurio.registry.artifact-resolver-strategy]' were supplied but are not used yet.
2025-07-31 18:18:13,182 INFO  [org.apa.kaf.com.uti.AppInfoParser] (main) Kafka version: 3.9.1
2025-07-31 18:18:13,182 INFO  [org.apa.kaf.com.uti.AppInfoParser] (main) Kafka commitId: f745dfdcee2b9851
2025-07-31 18:18:13,182 INFO  [org.apa.kaf.com.uti.AppInfoParser] (main) Kafka startTimeMs: 1753985893182
2025-07-31 18:18:13,183 INFO  [io.api.tes.ser.api.KafkaSerdesTester] (Thread-732) Sending message {"keyB": "value-0"} to topic topic-87c9af09_72d1_4199_b157_5bdd6fc89a82
2025-07-31 18:18:13,189 INFO  [org.apa.kaf.cli.Metadata] (kafka-producer-network-thread | Producer-topic-87c9af09_72d1_4199_b157_5bdd6fc89a82) [Producer clientId=Producer-topic-87c9af09_72d1_4199_b157_5bdd6fc89a82] Cluster ID: MOk99p_ARaW4Dib0x4tLFg
2025-07-31 18:18:13,190 INFO  [org.apa.kaf.cli.pro.int.TransactionManager] (kafka-producer-network-thread | Producer-topic-87c9af09_72d1_4199_b157_5bdd6fc89a82) [Producer clientId=Producer-topic-87c9af09_72d1_4199_b157_5bdd6fc89a82] ProducerId set to 24 with epoch 0
2025-07-31 18:18:13,190 INFO  [DefaultSchemaResolver] (Thread-732) Retrieving schema content using string: {"type":"record","name":"sd98b9930x1848x40cdx9e82x6766b1674d5d","namespace":"s852e2c7cx50dex4241xa929x5f3e692d7d6d","fields":[{"name":"keyB","type":"string"}]}
2025-07-31 18:18:13,233 INFO  [org.apa.kaf.cli.pro.KafkaProducer] (Thread-732) [Producer clientId=Producer-topic-87c9af09_72d1_4199_b157_5bdd6fc89a82] Closing the Kafka producer with timeoutMillis = 9223372036854775807 ms.
2025-07-31 18:18:13,234 INFO  [org.apa.kaf.com.met.Metrics] (Thread-732) Metrics scheduler closed
2025-07-31 18:18:13,234 INFO  [org.apa.kaf.com.met.Metrics] (Thread-732) Closing reporter org.apache.kafka.common.metrics.JmxReporter
2025-07-31 18:18:13,234 INFO  [org.apa.kaf.com.met.Metrics] (Thread-732) Closing reporter org.apache.kafka.common.telemetry.internals.ClientTelemetryReporter
2025-07-31 18:18:13,234 INFO  [org.apa.kaf.com.met.Metrics] (Thread-732) Metrics reporters closed
2025-07-31 18:18:13,235 INFO  [org.apa.kaf.com.uti.AppInfoParser] (Thread-732) App info kafka.producer for Producer-topic-87c9af09_72d1_4199_b157_5bdd6fc89a82 unregistered
2025-07-31 18:18:13,235 INFO  [io.api.tes.uti.TestSeparator] (main) io.apicurio.tests.serdes.apicurio.AvroSerdeIT.testAvroSerDesFailDifferentSchemaByContent-FINISHED
2025-07-31 18:18:13,235 INFO  [io.api.tes.uti.TestSeparator] (main) ############################################################################
Test passed: testAvroSerDesFailDifferentSchemaByContent
]]></system-out>
    <system-err><![CDATA[java.lang.RuntimeException: Could not resolve artifact reference by content: {"type":"record","name":"sd98b9930x1848x40cdx9e82x6766b1674d5d","namespace":"s852e2c7cx50dex4241xa929x5f3e692d7d6d","fields":[{"name":"keyB","type":"string"}]}&ArtifactReference [groupId=s852e2c7cx50dex4241xa929x5f3e692d7d6d, artifactId=sd98b9930x1848x40cdx9e82x6766b1674d5d, version=null, globalId=null, contentId=null, contentHash=null]
	at io.apicurio.registry.resolver.DefaultSchemaResolver.lambda$handleResolveSchemaByContent$3(DefaultSchemaResolver.java:265)
	at io.apicurio.registry.resolver.cache.ERCache.lambda$getValue$0(ERCache.java:174)
	at io.apicurio.registry.resolver.cache.ERCache.retry(ERCache.java:227)
	at io.apicurio.registry.resolver.cache.ERCache.getValue(ERCache.java:173)
	at io.apicurio.registry.resolver.cache.ERCache.getByContent(ERCache.java:147)
	at io.apicurio.registry.resolver.DefaultSchemaResolver.handleResolveSchemaByContent(DefaultSchemaResolver.java:253)
	at io.apicurio.registry.resolver.DefaultSchemaResolver.getSchemaFromRegistry(DefaultSchemaResolver.java:138)
	at io.apicurio.registry.resolver.DefaultSchemaResolver.lambda$resolveSchema$0(DefaultSchemaResolver.java:84)
	at java.base/java.util.Optional.orElseGet(Optional.java:364)
	at io.apicurio.registry.resolver.DefaultSchemaResolver.resolveSchema(DefaultSchemaResolver.java:84)
	at io.apicurio.registry.serde.AbstractSerializer.serializeData(AbstractSerializer.java:62)
	at io.apicurio.registry.serde.KafkaSerializer.serialize(KafkaSerializer.java:77)
	at org.apache.kafka.clients.producer.KafkaProducer.doSend(KafkaProducer.java:1046)
	at org.apache.kafka.clients.producer.KafkaProducer.send(KafkaProducer.java:993)
	at org.apache.kafka.clients.producer.KafkaProducer.send(KafkaProducer.java:875)
	at io.apicurio.tests.serdes.apicurio.KafkaSerdesTester.lambda$produceMessages$3(KafkaSerdesTester.java:138)
	at java.base/java.util.concurrent.CompletableFuture$AsyncSupply.run(CompletableFuture.java:1768)
	at java.base/java.lang.Thread.run(Thread.java:840)
]]></system-err>
  </testcase>
  <testcase name="testGlobalIdInBody" classname="io.apicurio.tests.serdes.apicurio.AvroSerdeIT" time="0.933">
    <system-out><![CDATA[2025-07-31 18:18:13,236 INFO  [io.api.tes.uti.TestSeparator] (main) ############################################################################
2025-07-31 18:18:13,236 INFO  [io.api.tes.uti.TestSeparator] (main) io.apicurio.tests.serdes.apicurio.AvroSerdeIT.testGlobalIdInBody-STARTED
**** Registry Base URL: http://registry-app-kafkasql.apps.ci419.apicurio-testing.org:80
2025-07-31 18:18:13,247 INFO  [org.apa.kaf.cli.pro.ProducerConfig] (main) ProducerConfig values: 
	acks = -1
	auto.include.jmx.reporter = true
	batch.size = 16384
	bootstrap.servers = [PLAINTEXT://localhost:32770]
	buffer.memory = 33554432
	client.dns.lookup = use_all_dns_ips
	client.id = Producer-topic-7c2cffd7_713e_4c0e_868f_634c12f92a95
	compression.gzip.level = -1
	compression.lz4.level = 9
	compression.type = none
	compression.zstd.level = 3
	connections.max.idle.ms = 10000
	delivery.timeout.ms = 120000
	enable.idempotence = true
	enable.metrics.push = true
	interceptor.classes = []
	key.serializer = class org.apache.kafka.common.serialization.StringSerializer
	linger.ms = 0
	max.block.ms = 60000
	max.in.flight.requests.per.connection = 5
	max.request.size = 1048576
	metadata.max.age.ms = 300000
	metadata.max.idle.ms = 300000
	metadata.recovery.strategy = none
	metric.reporters = []
	metrics.num.samples = 2
	metrics.recording.level = INFO
	metrics.sample.window.ms = 30000
	partitioner.adaptive.partitioning.enable = true
	partitioner.availability.timeout.ms = 0
	partitioner.class = null
	partitioner.ignore.keys = false
	receive.buffer.bytes = 32768
	reconnect.backoff.max.ms = 1000
	reconnect.backoff.ms = 50
	request.timeout.ms = 5000
	retries = 2147483647
	retry.backoff.max.ms = 1000
	retry.backoff.ms = 100
	sasl.client.callback.handler.class = null
	sasl.jaas.config = null
	sasl.kerberos.kinit.cmd = /usr/bin/kinit
	sasl.kerberos.min.time.before.relogin = 60000
	sasl.kerberos.service.name = null
	sasl.kerberos.ticket.renew.jitter = 0.05
	sasl.kerberos.ticket.renew.window.factor = 0.8
	sasl.login.callback.handler.class = null
	sasl.login.class = null
	sasl.login.connect.timeout.ms = null
	sasl.login.read.timeout.ms = null
	sasl.login.refresh.buffer.seconds = 300
	sasl.login.refresh.min.period.seconds = 60
	sasl.login.refresh.window.factor = 0.8
	sasl.login.refresh.window.jitter = 0.05
	sasl.login.retry.backoff.max.ms = 10000
	sasl.login.retry.backoff.ms = 100
	sasl.mechanism = GSSAPI
	sasl.oauthbearer.clock.skew.seconds = 30
	sasl.oauthbearer.expected.audience = null
	sasl.oauthbearer.expected.issuer = null
	sasl.oauthbearer.header.urlencode = false
	sasl.oauthbearer.jwks.endpoint.refresh.ms = 3600000
	sasl.oauthbearer.jwks.endpoint.retry.backoff.max.ms = 10000
	sasl.oauthbearer.jwks.endpoint.retry.backoff.ms = 100
	sasl.oauthbearer.jwks.endpoint.url = null
	sasl.oauthbearer.scope.claim.name = scope
	sasl.oauthbearer.sub.claim.name = sub
	sasl.oauthbearer.token.endpoint.url = null
	security.protocol = PLAINTEXT
	security.providers = null
	send.buffer.bytes = 131072
	socket.connection.setup.timeout.max.ms = 30000
	socket.connection.setup.timeout.ms = 10000
	ssl.cipher.suites = null
	ssl.enabled.protocols = [TLSv1.2, TLSv1.3]
	ssl.endpoint.identification.algorithm = https
	ssl.engine.factory.class = null
	ssl.key.password = null
	ssl.keymanager.algorithm = SunX509
	ssl.keystore.certificate.chain = null
	ssl.keystore.key = null
	ssl.keystore.location = null
	ssl.keystore.password = null
	ssl.keystore.type = JKS
	ssl.protocol = TLSv1.3
	ssl.provider = null
	ssl.secure.random.implementation = null
	ssl.trustmanager.algorithm = PKIX
	ssl.truststore.certificates = null
	ssl.truststore.location = null
	ssl.truststore.password = null
	ssl.truststore.type = JKS
	transaction.timeout.ms = 60000
	transactional.id = null
	value.serializer = class io.apicurio.registry.serde.avro.AvroKafkaSerializer

2025-07-31 18:18:13,248 INFO  [org.apa.kaf.com.tel.int.KafkaMetricsCollector] (main) initializing Kafka metrics collector
2025-07-31 18:18:13,262 INFO  [org.apa.kaf.cli.pro.KafkaProducer] (main) [Producer clientId=Producer-topic-7c2cffd7_713e_4c0e_868f_634c12f92a95] Instantiated an idempotent producer.
2025-07-31 18:18:13,267 INFO  [org.apa.kaf.cli.pro.ProducerConfig] (main) These configurations '[apicurio.registry.url, apicurio.registry.auto-register, apicurio.registry.use-id, apicurio.registry.artifact-resolver-strategy]' were supplied but are not used yet.
2025-07-31 18:18:13,267 INFO  [org.apa.kaf.com.uti.AppInfoParser] (main) Kafka version: 3.9.1
2025-07-31 18:18:13,267 INFO  [org.apa.kaf.com.uti.AppInfoParser] (main) Kafka commitId: f745dfdcee2b9851
2025-07-31 18:18:13,267 INFO  [org.apa.kaf.com.uti.AppInfoParser] (main) Kafka startTimeMs: 1753985893267
2025-07-31 18:18:13,267 INFO  [io.api.tes.ser.api.SimpleSerdesTesterBuilder$SimpleSerdesTester] (main) Using producer configuration: {apicurio.registry.url=http://registry-app-kafkasql.apps.ci419.apicurio-testing.org:80/apis/registry/v3, apicurio.registry.auto-register=true, apicurio.registry.use-id=globalId, apicurio.registry.artifact-resolver-strategy=io.apicurio.registry.serde.strategy.TopicIdStrategy, value.serializer=io.apicurio.registry.serde.avro.AvroKafkaSerializer, request.timeout.ms=5000, acks=all, bootstrap.servers=PLAINTEXT://localhost:32770, connections.max.idle.ms=10000, key.serializer=org.apache.kafka.common.serialization.StringSerializer, client.id=Producer-topic-7c2cffd7_713e_4c0e_868f_634c12f92a95}
2025-07-31 18:18:13,267 INFO  [io.api.tes.ser.api.SimpleSerdesTesterBuilder$SimpleSerdesTester] (main) Using consumer configuration: {apicurio.registry.use-id=globalId}
2025-07-31 18:18:13,268 INFO  [io.api.tes.ser.api.KafkaSerdesTester] (Thread-735) Sending message {"key11753985893237": "value-0"} to topic topic-7c2cffd7_713e_4c0e_868f_634c12f92a95
2025-07-31 18:18:13,285 WARN  [org.apa.kaf.cli.NetworkClient] (kafka-producer-network-thread | Producer-topic-7c2cffd7_713e_4c0e_868f_634c12f92a95) [Producer clientId=Producer-topic-7c2cffd7_713e_4c0e_868f_634c12f92a95] The metadata response from the cluster reported a recoverable issue with correlation id 2 : {topic-7c2cffd7_713e_4c0e_868f_634c12f92a95=LEADER_NOT_AVAILABLE}
2025-07-31 18:18:13,285 INFO  [org.apa.kaf.cli.Metadata] (kafka-producer-network-thread | Producer-topic-7c2cffd7_713e_4c0e_868f_634c12f92a95) [Producer clientId=Producer-topic-7c2cffd7_713e_4c0e_868f_634c12f92a95] Cluster ID: MOk99p_ARaW4Dib0x4tLFg
2025-07-31 18:18:13,286 INFO  [org.apa.kaf.cli.pro.int.TransactionManager] (kafka-producer-network-thread | Producer-topic-7c2cffd7_713e_4c0e_868f_634c12f92a95) [Producer clientId=Producer-topic-7c2cffd7_713e_4c0e_868f_634c12f92a95] ProducerId set to 25 with epoch 0
2025-07-31 18:18:13,478 INFO  [io.api.tes.ser.api.KafkaSerdesTester] (Thread-735) Sending message {"key11753985893237": "value-1"} to topic topic-7c2cffd7_713e_4c0e_868f_634c12f92a95
2025-07-31 18:18:13,480 INFO  [io.api.tes.ser.api.KafkaSerdesTester] (Thread-735) Sending message {"key11753985893237": "value-2"} to topic topic-7c2cffd7_713e_4c0e_868f_634c12f92a95
2025-07-31 18:18:13,482 INFO  [io.api.tes.ser.api.KafkaSerdesTester] (Thread-735) Sending message {"key11753985893237": "value-3"} to topic topic-7c2cffd7_713e_4c0e_868f_634c12f92a95
2025-07-31 18:18:13,484 INFO  [io.api.tes.ser.api.KafkaSerdesTester] (Thread-735) Sending message {"key11753985893237": "value-4"} to topic topic-7c2cffd7_713e_4c0e_868f_634c12f92a95
2025-07-31 18:18:13,486 INFO  [io.api.tes.ser.api.KafkaSerdesTester] (Thread-735) Sending message {"key11753985893237": "value-5"} to topic topic-7c2cffd7_713e_4c0e_868f_634c12f92a95
2025-07-31 18:18:13,490 INFO  [io.api.tes.ser.api.KafkaSerdesTester] (Thread-735) Sending message {"key11753985893237": "value-6"} to topic topic-7c2cffd7_713e_4c0e_868f_634c12f92a95
2025-07-31 18:18:13,498 INFO  [io.api.tes.ser.api.KafkaSerdesTester] (Thread-735) Sending message {"key11753985893237": "value-7"} to topic topic-7c2cffd7_713e_4c0e_868f_634c12f92a95
2025-07-31 18:18:13,499 INFO  [io.api.tes.ser.api.KafkaSerdesTester] (Thread-735) Sending message {"key11753985893237": "value-8"} to topic topic-7c2cffd7_713e_4c0e_868f_634c12f92a95
2025-07-31 18:18:13,502 INFO  [io.api.tes.ser.api.KafkaSerdesTester] (Thread-735) Sending message {"key11753985893237": "value-9"} to topic topic-7c2cffd7_713e_4c0e_868f_634c12f92a95
2025-07-31 18:18:13,512 INFO  [io.api.tes.ser.api.KafkaSerdesTester] (Thread-735) Produced 10 messages
2025-07-31 18:18:13,512 INFO  [org.apa.kaf.cli.pro.KafkaProducer] (Thread-735) [Producer clientId=Producer-topic-7c2cffd7_713e_4c0e_868f_634c12f92a95] Closing the Kafka producer with timeoutMillis = 9223372036854775807 ms.
2025-07-31 18:18:13,516 INFO  [org.apa.kaf.com.met.Metrics] (Thread-735) Metrics scheduler closed
2025-07-31 18:18:13,516 INFO  [org.apa.kaf.com.met.Metrics] (Thread-735) Closing reporter org.apache.kafka.common.metrics.JmxReporter
2025-07-31 18:18:13,516 INFO  [org.apa.kaf.com.met.Metrics] (Thread-735) Closing reporter org.apache.kafka.common.telemetry.internals.ClientTelemetryReporter
2025-07-31 18:18:13,516 INFO  [org.apa.kaf.com.met.Metrics] (Thread-735) Metrics reporters closed
2025-07-31 18:18:13,517 INFO  [org.apa.kaf.com.uti.AppInfoParser] (Thread-735) App info kafka.producer for Producer-topic-7c2cffd7_713e_4c0e_868f_634c12f92a95 unregistered
**** Registry Base URL: http://registry-app-kafkasql.apps.ci419.apicurio-testing.org:80
2025-07-31 18:18:13,543 INFO  [org.apa.kaf.cli.con.ConsumerConfig] (main) ConsumerConfig values: 
	allow.auto.create.topics = true
	auto.commit.interval.ms = 500
	auto.include.jmx.reporter = true
	auto.offset.reset = earliest
	bootstrap.servers = [PLAINTEXT://localhost:32770]
	check.crcs = true
	client.dns.lookup = use_all_dns_ips
	client.id = consumer-Consumer-topic-7c2cffd7_713e_4c0e_868f_634c12f92a95-18
	client.rack = 
	connections.max.idle.ms = 10000
	default.api.timeout.ms = 60000
	enable.auto.commit = true
	enable.metrics.push = true
	exclude.internal.topics = true
	fetch.max.bytes = 52428800
	fetch.max.wait.ms = 500
	fetch.min.bytes = 1
	group.id = Consumer-topic-7c2cffd7_713e_4c0e_868f_634c12f92a95
	group.instance.id = null
	group.protocol = classic
	group.remote.assignor = null
	heartbeat.interval.ms = 3000
	interceptor.classes = []
	internal.leave.group.on.close = true
	internal.throw.on.fetch.stable.offset.unsupported = false
	isolation.level = read_uncommitted
	key.deserializer = class org.apache.kafka.common.serialization.StringDeserializer
	max.partition.fetch.bytes = 1048576
	max.poll.interval.ms = 300000
	max.poll.records = 500
	metadata.max.age.ms = 300000
	metadata.recovery.strategy = none
	metric.reporters = []
	metrics.num.samples = 2
	metrics.recording.level = INFO
	metrics.sample.window.ms = 30000
	partition.assignment.strategy = [class org.apache.kafka.clients.consumer.RangeAssignor, class org.apache.kafka.clients.consumer.CooperativeStickyAssignor]
	receive.buffer.bytes = 65536
	reconnect.backoff.max.ms = 1000
	reconnect.backoff.ms = 50
	request.timeout.ms = 5000
	retry.backoff.max.ms = 1000
	retry.backoff.ms = 100
	sasl.client.callback.handler.class = null
	sasl.jaas.config = null
	sasl.kerberos.kinit.cmd = /usr/bin/kinit
	sasl.kerberos.min.time.before.relogin = 60000
	sasl.kerberos.service.name = null
	sasl.kerberos.ticket.renew.jitter = 0.05
	sasl.kerberos.ticket.renew.window.factor = 0.8
	sasl.login.callback.handler.class = null
	sasl.login.class = null
	sasl.login.connect.timeout.ms = null
	sasl.login.read.timeout.ms = null
	sasl.login.refresh.buffer.seconds = 300
	sasl.login.refresh.min.period.seconds = 60
	sasl.login.refresh.window.factor = 0.8
	sasl.login.refresh.window.jitter = 0.05
	sasl.login.retry.backoff.max.ms = 10000
	sasl.login.retry.backoff.ms = 100
	sasl.mechanism = GSSAPI
	sasl.oauthbearer.clock.skew.seconds = 30
	sasl.oauthbearer.expected.audience = null
	sasl.oauthbearer.expected.issuer = null
	sasl.oauthbearer.header.urlencode = false
	sasl.oauthbearer.jwks.endpoint.refresh.ms = 3600000
	sasl.oauthbearer.jwks.endpoint.retry.backoff.max.ms = 10000
	sasl.oauthbearer.jwks.endpoint.retry.backoff.ms = 100
	sasl.oauthbearer.jwks.endpoint.url = null
	sasl.oauthbearer.scope.claim.name = scope
	sasl.oauthbearer.sub.claim.name = sub
	sasl.oauthbearer.token.endpoint.url = null
	security.protocol = PLAINTEXT
	security.providers = null
	send.buffer.bytes = 131072
	session.timeout.ms = 45000
	socket.connection.setup.timeout.max.ms = 30000
	socket.connection.setup.timeout.ms = 10000
	ssl.cipher.suites = null
	ssl.enabled.protocols = [TLSv1.2, TLSv1.3]
	ssl.endpoint.identification.algorithm = https
	ssl.engine.factory.class = null
	ssl.key.password = null
	ssl.keymanager.algorithm = SunX509
	ssl.keystore.certificate.chain = null
	ssl.keystore.key = null
	ssl.keystore.location = null
	ssl.keystore.password = null
	ssl.keystore.type = JKS
	ssl.protocol = TLSv1.3
	ssl.provider = null
	ssl.secure.random.implementation = null
	ssl.trustmanager.algorithm = PKIX
	ssl.truststore.certificates = null
	ssl.truststore.location = null
	ssl.truststore.password = null
	ssl.truststore.type = JKS
	value.deserializer = class io.apicurio.registry.serde.avro.AvroKafkaDeserializer

2025-07-31 18:18:13,544 INFO  [org.apa.kaf.com.tel.int.KafkaMetricsCollector] (main) initializing Kafka metrics collector
2025-07-31 18:18:13,548 INFO  [org.apa.kaf.cli.con.ConsumerConfig] (main) These configurations '[apicurio.registry.url, apicurio.registry.use-id]' were supplied but are not used yet.
2025-07-31 18:18:13,548 INFO  [org.apa.kaf.com.uti.AppInfoParser] (main) Kafka version: 3.9.1
2025-07-31 18:18:13,548 INFO  [org.apa.kaf.com.uti.AppInfoParser] (main) Kafka commitId: f745dfdcee2b9851
2025-07-31 18:18:13,548 INFO  [org.apa.kaf.com.uti.AppInfoParser] (main) Kafka startTimeMs: 1753985893548
2025-07-31 18:18:13,549 INFO  [org.apa.kaf.cli.con.int.ClassicKafkaConsumer] (Thread-738) [Consumer clientId=consumer-Consumer-topic-7c2cffd7_713e_4c0e_868f_634c12f92a95-18, groupId=Consumer-topic-7c2cffd7_713e_4c0e_868f_634c12f92a95] Subscribed to topic(s): topic-7c2cffd7_713e_4c0e_868f_634c12f92a95
2025-07-31 18:18:13,555 INFO  [org.apa.kaf.cli.Metadata] (Thread-738) [Consumer clientId=consumer-Consumer-topic-7c2cffd7_713e_4c0e_868f_634c12f92a95-18, groupId=Consumer-topic-7c2cffd7_713e_4c0e_868f_634c12f92a95] Cluster ID: MOk99p_ARaW4Dib0x4tLFg
2025-07-31 18:18:13,558 INFO  [org.apa.kaf.cli.con.int.ConsumerCoordinator] (Thread-738) [Consumer clientId=consumer-Consumer-topic-7c2cffd7_713e_4c0e_868f_634c12f92a95-18, groupId=Consumer-topic-7c2cffd7_713e_4c0e_868f_634c12f92a95] Discovered group coordinator localhost:32770 (id: 2147483647 rack: null)
2025-07-31 18:18:13,561 INFO  [org.apa.kaf.cli.con.int.ConsumerCoordinator] (Thread-738) [Consumer clientId=consumer-Consumer-topic-7c2cffd7_713e_4c0e_868f_634c12f92a95-18, groupId=Consumer-topic-7c2cffd7_713e_4c0e_868f_634c12f92a95] (Re-)joining group
2025-07-31 18:18:13,588 INFO  [org.apa.kaf.cli.con.int.ConsumerCoordinator] (Thread-738) [Consumer clientId=consumer-Consumer-topic-7c2cffd7_713e_4c0e_868f_634c12f92a95-18, groupId=Consumer-topic-7c2cffd7_713e_4c0e_868f_634c12f92a95] Request joining group due to: need to re-join with the given member-id: consumer-Consumer-topic-7c2cffd7_713e_4c0e_868f_634c12f92a95-18-e5042703-02e8-43ed-af33-7791c2c2f7cf
2025-07-31 18:18:13,589 INFO  [org.apa.kaf.cli.con.int.ConsumerCoordinator] (Thread-738) [Consumer clientId=consumer-Consumer-topic-7c2cffd7_713e_4c0e_868f_634c12f92a95-18, groupId=Consumer-topic-7c2cffd7_713e_4c0e_868f_634c12f92a95] (Re-)joining group
2025-07-31 18:18:13,591 INFO  [org.apa.kaf.cli.con.int.ConsumerCoordinator] (Thread-738) [Consumer clientId=consumer-Consumer-topic-7c2cffd7_713e_4c0e_868f_634c12f92a95-18, groupId=Consumer-topic-7c2cffd7_713e_4c0e_868f_634c12f92a95] Successfully joined group with generation Generation{generationId=1, memberId='consumer-Consumer-topic-7c2cffd7_713e_4c0e_868f_634c12f92a95-18-e5042703-02e8-43ed-af33-7791c2c2f7cf', protocol='range'}
2025-07-31 18:18:13,591 INFO  [org.apa.kaf.cli.con.int.ConsumerCoordinator] (Thread-738) [Consumer clientId=consumer-Consumer-topic-7c2cffd7_713e_4c0e_868f_634c12f92a95-18, groupId=Consumer-topic-7c2cffd7_713e_4c0e_868f_634c12f92a95] Finished assignment for group at generation 1: {consumer-Consumer-topic-7c2cffd7_713e_4c0e_868f_634c12f92a95-18-e5042703-02e8-43ed-af33-7791c2c2f7cf=Assignment(partitions=[topic-7c2cffd7_713e_4c0e_868f_634c12f92a95-0])}
2025-07-31 18:18:13,596 INFO  [org.apa.kaf.cli.con.int.ConsumerCoordinator] (Thread-738) [Consumer clientId=consumer-Consumer-topic-7c2cffd7_713e_4c0e_868f_634c12f92a95-18, groupId=Consumer-topic-7c2cffd7_713e_4c0e_868f_634c12f92a95] Successfully synced group in generation Generation{generationId=1, memberId='consumer-Consumer-topic-7c2cffd7_713e_4c0e_868f_634c12f92a95-18-e5042703-02e8-43ed-af33-7791c2c2f7cf', protocol='range'}
2025-07-31 18:18:13,596 INFO  [org.apa.kaf.cli.con.int.ConsumerCoordinator] (Thread-738) [Consumer clientId=consumer-Consumer-topic-7c2cffd7_713e_4c0e_868f_634c12f92a95-18, groupId=Consumer-topic-7c2cffd7_713e_4c0e_868f_634c12f92a95] Notifying assignor about the new Assignment(partitions=[topic-7c2cffd7_713e_4c0e_868f_634c12f92a95-0])
2025-07-31 18:18:13,596 INFO  [org.apa.kaf.cli.con.int.ConsumerRebalanceListenerInvoker] (Thread-738) [Consumer clientId=consumer-Consumer-topic-7c2cffd7_713e_4c0e_868f_634c12f92a95-18, groupId=Consumer-topic-7c2cffd7_713e_4c0e_868f_634c12f92a95] Adding newly assigned partitions: topic-7c2cffd7_713e_4c0e_868f_634c12f92a95-0
2025-07-31 18:18:13,600 INFO  [org.apa.kaf.cli.con.int.ConsumerCoordinator] (Thread-738) [Consumer clientId=consumer-Consumer-topic-7c2cffd7_713e_4c0e_868f_634c12f92a95-18, groupId=Consumer-topic-7c2cffd7_713e_4c0e_868f_634c12f92a95] Found no committed offset for partition topic-7c2cffd7_713e_4c0e_868f_634c12f92a95-0
2025-07-31 18:18:13,613 INFO  [org.apa.kaf.cli.con.int.SubscriptionState] (Thread-738) [Consumer clientId=consumer-Consumer-topic-7c2cffd7_713e_4c0e_868f_634c12f92a95-18, groupId=Consumer-topic-7c2cffd7_713e_4c0e_868f_634c12f92a95] Resetting offset for partition topic-7c2cffd7_713e_4c0e_868f_634c12f92a95-0 to position FetchPosition{offset=0, offsetEpoch=Optional.empty, currentLeader=LeaderAndEpoch{leader=Optional[localhost:32770 (id: 0 rack: null)], epoch=0}}.
2025-07-31 18:18:13,661 INFO  [io.api.tes.ser.api.KafkaSerdesTester] (Thread-738) topic-7c2cffd7_713e_4c0e_868f_634c12f92a95 0 0 {"key11753985893237": "value-0"}
2025-07-31 18:18:13,661 INFO  [io.api.tes.ser.api.KafkaSerdesTester] (Thread-738) topic-7c2cffd7_713e_4c0e_868f_634c12f92a95 0 1 {"key11753985893237": "value-1"}
2025-07-31 18:18:13,661 INFO  [io.api.tes.ser.api.KafkaSerdesTester] (Thread-738) topic-7c2cffd7_713e_4c0e_868f_634c12f92a95 0 2 {"key11753985893237": "value-2"}
2025-07-31 18:18:13,661 INFO  [io.api.tes.ser.api.KafkaSerdesTester] (Thread-738) topic-7c2cffd7_713e_4c0e_868f_634c12f92a95 0 3 {"key11753985893237": "value-3"}
2025-07-31 18:18:13,661 INFO  [io.api.tes.ser.api.KafkaSerdesTester] (Thread-738) topic-7c2cffd7_713e_4c0e_868f_634c12f92a95 0 4 {"key11753985893237": "value-4"}
2025-07-31 18:18:13,662 INFO  [io.api.tes.ser.api.KafkaSerdesTester] (Thread-738) topic-7c2cffd7_713e_4c0e_868f_634c12f92a95 0 5 {"key11753985893237": "value-5"}
2025-07-31 18:18:13,662 INFO  [io.api.tes.ser.api.KafkaSerdesTester] (Thread-738) topic-7c2cffd7_713e_4c0e_868f_634c12f92a95 0 6 {"key11753985893237": "value-6"}
2025-07-31 18:18:13,662 INFO  [io.api.tes.ser.api.KafkaSerdesTester] (Thread-738) topic-7c2cffd7_713e_4c0e_868f_634c12f92a95 0 7 {"key11753985893237": "value-7"}
2025-07-31 18:18:13,662 INFO  [io.api.tes.ser.api.KafkaSerdesTester] (Thread-738) topic-7c2cffd7_713e_4c0e_868f_634c12f92a95 0 8 {"key11753985893237": "value-8"}
2025-07-31 18:18:13,662 INFO  [io.api.tes.ser.api.KafkaSerdesTester] (Thread-738) topic-7c2cffd7_713e_4c0e_868f_634c12f92a95 0 9 {"key11753985893237": "value-9"}
2025-07-31 18:18:13,662 INFO  [io.api.tes.ser.api.KafkaSerdesTester] (Thread-738) Consumed 10 messages
2025-07-31 18:18:13,666 INFO  [org.apa.kaf.cli.con.int.ConsumerRebalanceListenerInvoker] (Thread-738) [Consumer clientId=consumer-Consumer-topic-7c2cffd7_713e_4c0e_868f_634c12f92a95-18, groupId=Consumer-topic-7c2cffd7_713e_4c0e_868f_634c12f92a95] Revoke previously assigned partitions topic-7c2cffd7_713e_4c0e_868f_634c12f92a95-0
2025-07-31 18:18:13,666 INFO  [org.apa.kaf.cli.con.int.ConsumerCoordinator] (Thread-738) [Consumer clientId=consumer-Consumer-topic-7c2cffd7_713e_4c0e_868f_634c12f92a95-18, groupId=Consumer-topic-7c2cffd7_713e_4c0e_868f_634c12f92a95] Member consumer-Consumer-topic-7c2cffd7_713e_4c0e_868f_634c12f92a95-18-e5042703-02e8-43ed-af33-7791c2c2f7cf sending LeaveGroup request to coordinator localhost:32770 (id: 2147483647 rack: null) due to the consumer is being closed
2025-07-31 18:18:13,666 INFO  [org.apa.kaf.cli.con.int.ConsumerCoordinator] (Thread-738) [Consumer clientId=consumer-Consumer-topic-7c2cffd7_713e_4c0e_868f_634c12f92a95-18, groupId=Consumer-topic-7c2cffd7_713e_4c0e_868f_634c12f92a95] Resetting generation and member id due to: consumer pro-actively leaving the group
2025-07-31 18:18:13,666 INFO  [org.apa.kaf.cli.con.int.ConsumerCoordinator] (Thread-738) [Consumer clientId=consumer-Consumer-topic-7c2cffd7_713e_4c0e_868f_634c12f92a95-18, groupId=Consumer-topic-7c2cffd7_713e_4c0e_868f_634c12f92a95] Request joining group due to: consumer pro-actively leaving the group
2025-07-31 18:18:14,167 INFO  [org.apa.kaf.com.met.Metrics] (Thread-738) Metrics scheduler closed
2025-07-31 18:18:14,167 INFO  [org.apa.kaf.com.met.Metrics] (Thread-738) Closing reporter org.apache.kafka.common.metrics.JmxReporter
2025-07-31 18:18:14,167 INFO  [org.apa.kaf.com.met.Metrics] (Thread-738) Closing reporter org.apache.kafka.common.telemetry.internals.ClientTelemetryReporter
2025-07-31 18:18:14,167 INFO  [org.apa.kaf.com.met.Metrics] (Thread-738) Metrics reporters closed
2025-07-31 18:18:14,169 INFO  [org.apa.kaf.com.uti.AppInfoParser] (Thread-738) App info kafka.consumer for consumer-Consumer-topic-7c2cffd7_713e_4c0e_868f_634c12f92a95-18 unregistered
2025-07-31 18:18:14,169 INFO  [io.api.tes.uti.TestSeparator] (main) io.apicurio.tests.serdes.apicurio.AvroSerdeIT.testGlobalIdInBody-FINISHED
2025-07-31 18:18:14,169 INFO  [io.api.tes.uti.TestSeparator] (main) ############################################################################
Test passed: testGlobalIdInBody
]]></system-out>
  </testcase>
  <testcase name="testProducerUsesGlobalIdConsumerUsesDefault" classname="io.apicurio.tests.serdes.apicurio.AvroSerdeIT" time="0.0">
    <skipped message="void io.apicurio.tests.serdes.apicurio.AvroSerdeIT.testProducerUsesGlobalIdConsumerUsesDefault() throws java.lang.Exception is @Disabled"/>
  </testcase>
</testsuite>