<?xml version="1.0" encoding="UTF-8"?>
<testsuite xmlns:xsi="http://www.w3.org/2001/XMLSchema-instance" xsi:noNamespaceSchemaLocation="https://maven.apache.org/surefire/maven-failsafe-plugin/xsd/failsafe-test-report.xsd" version="3.0.2" name="io.apicurio.tests.serdes.confluent.BasicConfluentSerDesIT" time="12.041" tests="8" errors="0" skipped="0" failures="0">
  <properties>
    <property name="java.specification.version" value="17"/>
    <property name="sun.jnu.encoding" value="UTF-8"/>
    <property name="java.class.path" value="/home/runner/work/apicurio-testing/apicurio-testing/clusters/ci419/namespaces/inmemory/tests/integration/apicurio-registry/integration-tests/target/test-classes:/home/runner/work/apicurio-testing/apicurio-testing/clusters/ci419/namespaces/inmemory/tests/integration/apicurio-registry/integration-tests/target/apicurio-registry-integration-tests-3.0.11-SNAPSHOT.jar:/home/runner/.m2/repository/io/quarkus/quarkus-junit5/3.20.1/quarkus-junit5-3.20.1.jar:/home/runner/.m2/repository/io/quarkus/quarkus-bootstrap-core/3.20.1/quarkus-bootstrap-core-3.20.1.jar:/home/runner/.m2/repository/io/quarkus/quarkus-classloader-commons/3.20.1/quarkus-classloader-commons-3.20.1.jar:/home/runner/.m2/repository/io/quarkus/quarkus-bootstrap-app-model/3.20.1/quarkus-bootstrap-app-model-3.20.1.jar:/home/runner/.m2/repository/io/smallrye/common/smallrye-common-io/2.12.0/smallrye-common-io-2.12.0.jar:/home/runner/.m2/repository/org/eclipse/sisu/org.eclipse.sisu.inject/0.9.0.M3/org.eclipse.sisu.inject-0.9.0.M3.jar:/home/runner/.m2/repository/io/quarkus/quarkus-test-common/3.20.1/quarkus-test-common-3.20.1.jar:/home/runner/.m2/repository/io/quarkus/quarkus-core-deployment/3.20.1/quarkus-core-deployment-3.20.1.jar:/home/runner/.m2/repository/org/aesh/readline/2.6/readline-2.6.jar:/home/runner/.m2/repository/org/fusesource/jansi/jansi/2.4.0/jansi-2.4.0.jar:/home/runner/.m2/repository/org/aesh/aesh/2.8.2/aesh-2.8.2.jar:/home/runner/.m2/repository/io/quarkus/gizmo/gizmo/1.8.0/gizmo-1.8.0.jar:/home/runner/.m2/repository/org/ow2/asm/asm-util/9.7.1/asm-util-9.7.1.jar:/home/runner/.m2/repository/org/ow2/asm/asm-analysis/9.7.1/asm-analysis-9.7.1.jar:/home/runner/.m2/repository/org/ow2/asm/asm-commons/9.7.1/asm-commons-9.7.1.jar:/home/runner/.m2/repository/org/ow2/asm/asm-tree/9.7.1/asm-tree-9.7.1.jar:/home/runner/.m2/repository/io/quarkus/quarkus-hibernate-validator-spi/3.20.1/quarkus-hibernate-validator-spi-3.20.1.jar:/home/runner/.m2/repository/io/quarkus/quarkus-class-change-agent/3.20.1/quarkus-class-change-agent-3.20.1.jar:/home/runner/.m2/repository/io/quarkus/quarkus-devtools-utilities/3.20.1/quarkus-devtools-utilities-3.20.1.jar:/home/runner/.m2/repository/io/quarkus/quarkus-builder/3.20.1/quarkus-builder-3.20.1.jar:/home/runner/.m2/repository/org/graalvm/sdk/nativeimage/23.1.2/nativeimage-23.1.2.jar:/home/runner/.m2/repository/org/graalvm/sdk/word/23.1.2/word-23.1.2.jar:/home/runner/.m2/repository/io/quarkus/quarkus-bootstrap-maven-resolver/3.20.1/quarkus-bootstrap-maven-resolver-3.20.1.jar:/home/runner/.m2/repository/io/smallrye/beanbag/smallrye-beanbag-maven/1.5.2/smallrye-beanbag-maven-1.5.2.jar:/home/runner/.m2/repository/io/smallrye/beanbag/smallrye-beanbag-sisu/1.5.2/smallrye-beanbag-sisu-1.5.2.jar:/home/runner/.m2/repository/io/smallrye/beanbag/smallrye-beanbag/1.5.2/smallrye-beanbag-1.5.2.jar:/home/runner/.m2/repository/javax/inject/javax.inject/1/javax.inject-1.jar:/home/runner/.m2/repository/org/apache/maven/maven-artifact/3.9.9/maven-artifact-3.9.9.jar:/home/runner/.m2/repository/org/apache/maven/maven-builder-support/3.9.9/maven-builder-support-3.9.9.jar:/home/runner/.m2/repository/org/apache/maven/maven-model/3.9.9/maven-model-3.9.9.jar:/home/runner/.m2/repository/org/apache/maven/maven-model-builder/3.9.9/maven-model-builder-3.9.9.jar:/home/runner/.m2/repository/org/apache/maven/maven-repository-metadata/3.9.9/maven-repository-metadata-3.9.9.jar:/home/runner/.m2/repository/org/apache/maven/maven-settings/3.9.9/maven-settings-3.9.9.jar:/home/runner/.m2/repository/org/apache/maven/resolver/maven-resolver-api/1.9.22/maven-resolver-api-1.9.22.jar:/home/runner/.m2/repository/org/apache/maven/resolver/maven-resolver-impl/1.9.22/maven-resolver-impl-1.9.22.jar:/home/runner/.m2/repository/org/apache/maven/resolver/maven-resolver-named-locks/1.9.22/maven-resolver-named-locks-1.9.22.jar:/home/runner/.m2/repository/org/apache/maven/resolver/maven-resolver-spi/1.9.22/maven-resolver-spi-1.9.22.jar:/home/runner/.m2/repository/org/apache/maven/resolver/maven-resolver-util/1.9.22/maven-resolver-util-1.9.22.jar:/home/runner/.m2/repository/org/apache/maven/resolver/maven-resolver-transport-http/1.9.20/maven-resolver-transport-http-1.9.20.jar:/home/runner/.m2/repository/org/apache/maven/wagon/wagon-provider-api/3.5.3/wagon-provider-api-3.5.3.jar:/home/runner/.m2/repository/org/apache/maven/wagon/wagon-http-shared/3.5.3/wagon-http-shared-3.5.3.jar:/home/runner/.m2/repository/org/codehaus/plexus/plexus-interpolation/1.26/plexus-interpolation-1.26.jar:/home/runner/.m2/repository/org/codehaus/plexus/plexus-utils/3.5.1/plexus-utils-3.5.1.jar:/home/runner/.m2/repository/org/codehaus/plexus/plexus-xml/4.0.1/plexus-xml-4.0.1.jar:/home/runner/.m2/repository/org/apache/maven/maven-xml-impl/4.0.0-alpha-5/maven-xml-impl-4.0.0-alpha-5.jar:/home/runner/.m2/repository/org/apache/maven/maven-api-xml/4.0.0-alpha-5/maven-api-xml-4.0.0-alpha-5.jar:/home/runner/.m2/repository/org/apache/maven/maven-api-meta/4.0.0-alpha-5/maven-api-meta-4.0.0-alpha-5.jar:/home/runner/.m2/repository/org/codehaus/plexus/plexus-cipher/2.0/plexus-cipher-2.0.jar:/home/runner/.m2/repository/org/codehaus/plexus/plexus-sec-dispatcher/2.0/plexus-sec-dispatcher-2.0.jar:/home/runner/.m2/repository/org/apache/maven/maven-embedder/3.9.9/maven-embedder-3.9.9.jar:/home/runner/.m2/repository/org/apache/maven/maven-core/3.9.9/maven-core-3.9.9.jar:/home/runner/.m2/repository/org/codehaus/plexus/plexus-component-annotations/2.1.0/plexus-component-annotations-2.1.0.jar:/home/runner/.m2/repository/org/apache/maven/maven-plugin-api/3.9.9/maven-plugin-api-3.9.9.jar:/home/runner/.m2/repository/org/apache/maven/shared/maven-shared-utils/3.4.2/maven-shared-utils-3.4.2.jar:/home/runner/.m2/repository/com/google/inject/guice/5.1.0/guice-5.1.0.jar:/home/runner/.m2/repository/aopalliance/aopalliance/1.0/aopalliance-1.0.jar:/home/runner/.m2/repository/org/codehaus/plexus/plexus-classworlds/2.6.0/plexus-classworlds-2.6.0.jar:/home/runner/.m2/repository/commons-cli/commons-cli/1.8.0/commons-cli-1.8.0.jar:/home/runner/.m2/repository/org/eclipse/sisu/org.eclipse.sisu.plexus/0.9.0.M3/org.eclipse.sisu.plexus-0.9.0.M3.jar:/home/runner/.m2/repository/org/apache/maven/maven-settings-builder/3.9.9/maven-settings-builder-3.9.9.jar:/home/runner/.m2/repository/org/apache/maven/maven-resolver-provider/3.9.9/maven-resolver-provider-3.9.9.jar:/home/runner/.m2/repository/org/apache/maven/resolver/maven-resolver-connector-basic/1.9.22/maven-resolver-connector-basic-1.9.22.jar:/home/runner/.m2/repository/org/apache/maven/resolver/maven-resolver-transport-wagon/1.9.22/maven-resolver-transport-wagon-1.9.22.jar:/home/runner/.m2/repository/org/apache/maven/wagon/wagon-http/3.5.3/wagon-http-3.5.3.jar:/home/runner/.m2/repository/org/apache/maven/wagon/wagon-file/3.5.3/wagon-file-3.5.3.jar:/home/runner/.m2/repository/io/quarkus/quarkus-bootstrap-gradle-resolver/3.20.1/quarkus-bootstrap-gradle-resolver-3.20.1.jar:/home/runner/.m2/repository/io/smallrye/jandex/3.3.0/jandex-3.3.0.jar:/home/runner/.m2/repository/org/jboss/logging/commons-logging-jboss-logging/1.0.0.Final/commons-logging-jboss-logging-1.0.0.Final.jar:/home/runner/.m2/repository/io/quarkus/quarkus-junit5-config/3.20.1/quarkus-junit5-config-3.20.1.jar:/home/runner/.m2/repository/org/junit/jupiter/junit-jupiter-api/5.12.1/junit-jupiter-api-5.12.1.jar:/home/runner/.m2/repository/io/smallrye/config/smallrye-config/3.11.4/smallrye-config-3.11.4.jar:/home/runner/.m2/repository/io/smallrye/config/smallrye-config-core/3.11.4/smallrye-config-core-3.11.4.jar:/home/runner/.m2/repository/io/smallrye/common/smallrye-common-classloader/2.12.0/smallrye-common-classloader-2.12.0.jar:/home/runner/.m2/repository/io/smallrye/config/smallrye-config-common/3.11.4/smallrye-config-common-3.11.4.jar:/home/runner/.m2/repository/org/junit/jupiter/junit-jupiter/5.12.1/junit-jupiter-5.12.1.jar:/home/runner/.m2/repository/org/junit/jupiter/junit-jupiter-params/5.12.1/junit-jupiter-params-5.12.1.jar:/home/runner/.m2/repository/org/junit/jupiter/junit-jupiter-engine/5.12.1/junit-jupiter-engine-5.12.1.jar:/home/runner/.m2/repository/io/quarkus/quarkus-core/3.20.1/quarkus-core-3.20.1.jar:/home/runner/.m2/repository/jakarta/enterprise/jakarta.enterprise.cdi-api/4.1.0/jakarta.enterprise.cdi-api-4.1.0.jar:/home/runner/.m2/repository/jakarta/enterprise/jakarta.enterprise.lang-model/4.1.0/jakarta.enterprise.lang-model-4.1.0.jar:/home/runner/.m2/repository/jakarta/el/jakarta.el-api/5.0.1/jakarta.el-api-5.0.1.jar:/home/runner/.m2/repository/jakarta/interceptor/jakarta.interceptor-api/2.2.0/jakarta.interceptor-api-2.2.0.jar:/home/runner/.m2/repository/jakarta/inject/jakarta.inject-api/2.0.1/jakarta.inject-api-2.0.1.jar:/home/runner/.m2/repository/io/smallrye/common/smallrye-common-os/2.12.0/smallrye-common-os-2.12.0.jar:/home/runner/.m2/repository/io/quarkus/quarkus-ide-launcher/3.20.1/quarkus-ide-launcher-3.20.1.jar:/home/runner/.m2/repository/io/quarkus/quarkus-development-mode-spi/3.20.1/quarkus-development-mode-spi-3.20.1.jar:/home/runner/.m2/repository/org/jboss/logging/jboss-logging/3.6.1.Final/jboss-logging-3.6.1.Final.jar:/home/runner/.m2/repository/org/jboss/logmanager/jboss-logmanager/3.1.2.Final/jboss-logmanager-3.1.2.Final.jar:/home/runner/.m2/repository/io/smallrye/common/smallrye-common-constraint/2.12.0/smallrye-common-constraint-2.12.0.jar:/home/runner/.m2/repository/io/smallrye/common/smallrye-common-cpu/2.12.0/smallrye-common-cpu-2.12.0.jar:/home/runner/.m2/repository/io/smallrye/common/smallrye-common-expression/2.12.0/smallrye-common-expression-2.12.0.jar:/home/runner/.m2/repository/io/smallrye/common/smallrye-common-net/2.12.0/smallrye-common-net-2.12.0.jar:/home/runner/.m2/repository/io/smallrye/common/smallrye-common-ref/2.12.0/smallrye-common-ref-2.12.0.jar:/home/runner/.m2/repository/jakarta/json/jakarta.json-api/2.1.3/jakarta.json-api-2.1.3.jar:/home/runner/.m2/repository/org/eclipse/parsson/parsson/1.1.7/parsson-1.1.7.jar:/home/runner/.m2/repository/org/jboss/logging/jboss-logging-annotations/3.0.4.Final/jboss-logging-annotations-3.0.4.Final.jar:/home/runner/.m2/repository/org/jboss/threads/jboss-threads/3.8.0.Final/jboss-threads-3.8.0.Final.jar:/home/runner/.m2/repository/io/smallrye/common/smallrye-common-annotation/2.12.0/smallrye-common-annotation-2.12.0.jar:/home/runner/.m2/repository/io/smallrye/common/smallrye-common-function/2.12.0/smallrye-common-function-2.12.0.jar:/home/runner/.m2/repository/org/jboss/slf4j/slf4j-jboss-logmanager/2.0.0.Final/slf4j-jboss-logmanager-2.0.0.Final.jar:/home/runner/.m2/repository/org/wildfly/common/wildfly-common/2.0.1/wildfly-common-2.0.1.jar:/home/runner/.m2/repository/io/quarkus/quarkus-bootstrap-runner/3.20.1/quarkus-bootstrap-runner-3.20.1.jar:/home/runner/.m2/repository/io/github/crac/org-crac/0.1.3/org-crac-0.1.3.jar:/home/runner/.m2/repository/io/quarkus/quarkus-fs-util/0.0.10/quarkus-fs-util-0.0.10.jar:/home/runner/.m2/repository/org/jboss/marshalling/jboss-marshalling/2.2.2.Final/jboss-marshalling-2.2.2.Final.jar:/home/runner/.m2/repository/io/fabric8/kubernetes-client/7.1.0/kubernetes-client-7.1.0.jar:/home/runner/.m2/repository/io/fabric8/kubernetes-client-api/7.1.0/kubernetes-client-api-7.1.0.jar:/home/runner/.m2/repository/io/fabric8/kubernetes-model-core/7.1.0/kubernetes-model-core-7.1.0.jar:/home/runner/.m2/repository/io/fabric8/kubernetes-model-common/7.1.0/kubernetes-model-common-7.1.0.jar:/home/runner/.m2/repository/javax/annotation/javax.annotation-api/1.3.2/javax.annotation-api-1.3.2.jar:/home/runner/.m2/repository/io/fabric8/kubernetes-model-gatewayapi/7.1.0/kubernetes-model-gatewayapi-7.1.0.jar:/home/runner/.m2/repository/io/fabric8/kubernetes-model-resource/7.1.0/kubernetes-model-resource-7.1.0.jar:/home/runner/.m2/repository/io/fabric8/kubernetes-model-rbac/7.1.0/kubernetes-model-rbac-7.1.0.jar:/home/runner/.m2/repository/io/fabric8/kubernetes-model-admissionregistration/7.1.0/kubernetes-model-admissionregistration-7.1.0.jar:/home/runner/.m2/repository/io/fabric8/kubernetes-model-apps/7.1.0/kubernetes-model-apps-7.1.0.jar:/home/runner/.m2/repository/io/fabric8/kubernetes-model-autoscaling/7.1.0/kubernetes-model-autoscaling-7.1.0.jar:/home/runner/.m2/repository/io/fabric8/kubernetes-model-apiextensions/7.1.0/kubernetes-model-apiextensions-7.1.0.jar:/home/runner/.m2/repository/io/fabric8/kubernetes-model-batch/7.1.0/kubernetes-model-batch-7.1.0.jar:/home/runner/.m2/repository/io/fabric8/kubernetes-model-certificates/7.1.0/kubernetes-model-certificates-7.1.0.jar:/home/runner/.m2/repository/io/fabric8/kubernetes-model-coordination/7.1.0/kubernetes-model-coordination-7.1.0.jar:/home/runner/.m2/repository/io/fabric8/kubernetes-model-discovery/7.1.0/kubernetes-model-discovery-7.1.0.jar:/home/runner/.m2/repository/io/fabric8/kubernetes-model-events/7.1.0/kubernetes-model-events-7.1.0.jar:/home/runner/.m2/repository/io/fabric8/kubernetes-model-extensions/7.1.0/kubernetes-model-extensions-7.1.0.jar:/home/runner/.m2/repository/io/fabric8/kubernetes-model-flowcontrol/7.1.0/kubernetes-model-flowcontrol-7.1.0.jar:/home/runner/.m2/repository/io/fabric8/kubernetes-model-networking/7.1.0/kubernetes-model-networking-7.1.0.jar:/home/runner/.m2/repository/io/fabric8/kubernetes-model-metrics/7.1.0/kubernetes-model-metrics-7.1.0.jar:/home/runner/.m2/repository/io/fabric8/kubernetes-model-policy/7.1.0/kubernetes-model-policy-7.1.0.jar:/home/runner/.m2/repository/io/fabric8/kubernetes-model-scheduling/7.1.0/kubernetes-model-scheduling-7.1.0.jar:/home/runner/.m2/repository/io/fabric8/kubernetes-model-storageclass/7.1.0/kubernetes-model-storageclass-7.1.0.jar:/home/runner/.m2/repository/io/fabric8/kubernetes-model-node/7.1.0/kubernetes-model-node-7.1.0.jar:/home/runner/.m2/repository/org/snakeyaml/snakeyaml-engine/2.9/snakeyaml-engine-2.9.jar:/home/runner/.m2/repository/com/fasterxml/jackson/dataformat/jackson-dataformat-yaml/2.15.2/jackson-dataformat-yaml-2.15.2.jar:/home/runner/.m2/repository/com/fasterxml/jackson/datatype/jackson-datatype-jsr310/2.18.2/jackson-datatype-jsr310-2.18.2.jar:/home/runner/.m2/repository/io/fabric8/zjsonpatch/7.1.0/zjsonpatch-7.1.0.jar:/home/runner/.m2/repository/io/fabric8/kubernetes-httpclient-vertx/7.1.0/kubernetes-httpclient-vertx-7.1.0.jar:/home/runner/.m2/repository/io/vertx/vertx-web-client/4.5.14/vertx-web-client-4.5.14.jar:/home/runner/.m2/repository/io/vertx/vertx-web-common/4.5.14/vertx-web-common-4.5.14.jar:/home/runner/.m2/repository/io/vertx/vertx-auth-common/4.5.14/vertx-auth-common-4.5.14.jar:/home/runner/.m2/repository/io/vertx/vertx-uri-template/4.5.14/vertx-uri-template-4.5.14.jar:/home/runner/.m2/repository/io/fabric8/openshift-client/7.1.0/openshift-client-7.1.0.jar:/home/runner/.m2/repository/io/fabric8/openshift-client-api/7.1.0/openshift-client-api-7.1.0.jar:/home/runner/.m2/repository/io/fabric8/openshift-model/7.1.0/openshift-model-7.1.0.jar:/home/runner/.m2/repository/io/fabric8/openshift-model-autoscaling/7.1.0/openshift-model-autoscaling-7.1.0.jar:/home/runner/.m2/repository/io/fabric8/openshift-model-operator/7.1.0/openshift-model-operator-7.1.0.jar:/home/runner/.m2/repository/io/fabric8/openshift-model-operatorhub/7.1.0/openshift-model-operatorhub-7.1.0.jar:/home/runner/.m2/repository/io/fabric8/openshift-model-machine/7.1.0/openshift-model-machine-7.1.0.jar:/home/runner/.m2/repository/io/fabric8/openshift-model-whereabouts/7.1.0/openshift-model-whereabouts-7.1.0.jar:/home/runner/.m2/repository/io/fabric8/openshift-model-monitoring/7.1.0/openshift-model-monitoring-7.1.0.jar:/home/runner/.m2/repository/io/fabric8/openshift-model-storageversionmigrator/7.1.0/openshift-model-storageversionmigrator-7.1.0.jar:/home/runner/.m2/repository/io/fabric8/openshift-model-tuned/7.1.0/openshift-model-tuned-7.1.0.jar:/home/runner/.m2/repository/io/fabric8/openshift-model-console/7.1.0/openshift-model-console-7.1.0.jar:/home/runner/.m2/repository/io/fabric8/openshift-model-config/7.1.0/openshift-model-config-7.1.0.jar:/home/runner/.m2/repository/io/fabric8/openshift-model-machineconfiguration/7.1.0/openshift-model-machineconfiguration-7.1.0.jar:/home/runner/.m2/repository/io/fabric8/openshift-model-miscellaneous/7.1.0/openshift-model-miscellaneous-7.1.0.jar:/home/runner/.m2/repository/io/fabric8/openshift-model-hive/7.1.0/openshift-model-hive-7.1.0.jar:/home/runner/.m2/repository/io/fabric8/openshift-model-installer/7.1.0/openshift-model-installer-7.1.0.jar:/home/runner/.m2/repository/org/junit/platform/junit-platform-launcher/1.12.1/junit-platform-launcher-1.12.1.jar:/home/runner/.m2/repository/org/junit/platform/junit-platform-engine/1.12.1/junit-platform-engine-1.12.1.jar:/home/runner/.m2/repository/org/opentest4j/opentest4j/1.3.0/opentest4j-1.3.0.jar:/home/runner/.m2/repository/org/junit/platform/junit-platform-commons/1.12.1/junit-platform-commons-1.12.1.jar:/home/runner/.m2/repository/org/apiguardian/apiguardian-api/1.1.2/apiguardian-api-1.1.2.jar:/home/runner/.m2/repository/jakarta/ws/rs/jakarta.ws.rs-api/3.1.0/jakarta.ws.rs-api-3.1.0.jar:/home/runner/work/apicurio-testing/apicurio-testing/clusters/ci419/namespaces/inmemory/tests/integration/apicurio-registry/java-sdk/target/apicurio-registry-java-sdk-3.0.11-SNAPSHOT.jar:/home/runner/.m2/repository/com/microsoft/kiota/microsoft-kiota-abstractions/1.8.8/microsoft-kiota-abstractions-1.8.8.jar:/home/runner/.m2/repository/io/github/std-uritemplate/std-uritemplate/2.0.0/std-uritemplate-2.0.0.jar:/home/runner/.m2/repository/io/kiota/kiota-http-jdk/0.0.21/kiota-http-jdk-0.0.21.jar:/home/runner/.m2/repository/io/kiota/kiota-http-vertx/0.0.21/kiota-http-vertx-0.0.21.jar:/home/runner/.m2/repository/io/kiota/kiota-serialization-jackson/0.0.21/kiota-serialization-jackson-0.0.21.jar:/home/runner/.m2/repository/com/microsoft/kiota/microsoft-kiota-serialization-text/1.8.8/microsoft-kiota-serialization-text-1.8.8.jar:/home/runner/.m2/repository/com/microsoft/kiota/microsoft-kiota-serialization-form/1.8.8/microsoft-kiota-serialization-form-1.8.8.jar:/home/runner/.m2/repository/com/microsoft/kiota/microsoft-kiota-serialization-multipart/1.8.8/microsoft-kiota-serialization-multipart-1.8.8.jar:/home/runner/.m2/repository/jakarta/annotation/jakarta.annotation-api/3.0.0/jakarta.annotation-api-3.0.0.jar:/home/runner/.m2/repository/io/vertx/vertx-auth-oauth2/4.5.14/vertx-auth-oauth2-4.5.14.jar:/home/runner/work/apicurio-testing/apicurio-testing/clusters/ci419/namespaces/inmemory/tests/integration/apicurio-registry/java-sdk-v2/target/apicurio-registry-v2-java-sdk-3.0.11-SNAPSHOT.jar:/home/runner/work/apicurio-testing/apicurio-testing/clusters/ci419/namespaces/inmemory/tests/integration/apicurio-registry/utils/kafka/target/apicurio-registry-utils-kafka-3.0.11-SNAPSHOT-tests.jar:/home/runner/.m2/repository/org/eclipse/microprofile/config/microprofile-config-api/3.1/microprofile-config-api-3.1.jar:/home/runner/.m2/repository/org/apache/kafka/kafka-clients/3.9.1/kafka-clients-3.9.1.jar:/home/runner/.m2/repository/com/github/luben/zstd-jni/1.5.6-4/zstd-jni-1.5.6-4.jar:/home/runner/.m2/repository/org/lz4/lz4-java/1.8.0/lz4-java-1.8.0.jar:/home/runner/.m2/repository/org/xerial/snappy/snappy-java/1.1.10.5/snappy-java-1.1.10.5.jar:/home/runner/.m2/repository/org/slf4j/slf4j-api/2.0.6/slf4j-api-2.0.6.jar:/home/runner/work/apicurio-testing/apicurio-testing/clusters/ci419/namespaces/inmemory/tests/integration/apicurio-registry/utils/tests/target/apicurio-registry-utils-tests-3.0.11-SNAPSHOT.jar:/home/runner/work/apicurio-testing/apicurio-testing/clusters/ci419/namespaces/inmemory/tests/integration/apicurio-registry/common/target/apicurio-registry-common-3.0.11-SNAPSHOT.jar:/home/runner/.m2/repository/jakarta/validation/jakarta.validation-api/3.0.2/jakarta.validation-api-3.0.2.jar:/home/runner/.m2/repository/com/github/dasniko/testcontainers-keycloak/3.6.0/testcontainers-keycloak-3.6.0.jar:/home/runner/.m2/repository/org/testcontainers/testcontainers/1.20.6/testcontainers-1.20.6.jar:/home/runner/.m2/repository/org/rnorth/duct-tape/duct-tape/1.0.8/duct-tape-1.0.8.jar:/home/runner/.m2/repository/org/jetbrains/annotations/26.0.2/annotations-26.0.2.jar:/home/runner/.m2/repository/com/github/docker-java/docker-java-transport-zerodep/3.4.1/docker-java-transport-zerodep-3.4.1.jar:/home/runner/.m2/repository/com/github/docker-java/docker-java-transport/3.4.1/docker-java-transport-3.4.1.jar:/home/runner/.m2/repository/net/java/dev/jna/jna/5.8.0/jna-5.8.0.jar:/home/runner/.m2/repository/io/quarkus/quarkus-junit4-mock/3.20.1/quarkus-junit4-mock-3.20.1.jar:/home/runner/.m2/repository/org/jboss/shrinkwrap/shrinkwrap-api/2.0.0-beta-2/shrinkwrap-api-2.0.0-beta-2.jar:/home/runner/.m2/repository/org/jboss/shrinkwrap/shrinkwrap-impl-base/2.0.0-beta-2/shrinkwrap-impl-base-2.0.0-beta-2.jar:/home/runner/.m2/repository/org/jboss/shrinkwrap/shrinkwrap-spi/2.0.0-beta-2/shrinkwrap-spi-2.0.0-beta-2.jar:/home/runner/.m2/repository/org/keycloak/keycloak-admin-client/26.0.4/keycloak-admin-client-26.0.4.jar:/home/runner/.m2/repository/org/keycloak/keycloak-client-common-synced/26.0.4/keycloak-client-common-synced-26.0.4.jar:/home/runner/.m2/repository/jakarta/activation/jakarta.activation-api/2.1.3/jakarta.activation-api-2.1.3.jar:/home/runner/.m2/repository/org/eclipse/microprofile/openapi/microprofile-openapi-api/4.0.2/microprofile-openapi-api-4.0.2.jar:/home/runner/.m2/repository/org/jboss/resteasy/resteasy-client/6.2.12.Final/resteasy-client-6.2.12.Final.jar:/home/runner/.m2/repository/org/jboss/resteasy/resteasy-client-api/6.2.12.Final/resteasy-client-api-6.2.12.Final.jar:/home/runner/.m2/repository/org/jboss/resteasy/resteasy-core-spi/6.2.12.Final/resteasy-core-spi-6.2.12.Final.jar:/home/runner/.m2/repository/org/jboss/resteasy/resteasy-core/6.2.12.Final/resteasy-core-6.2.12.Final.jar:/home/runner/.m2/repository/org/eclipse/angus/angus-activation/2.0.2/angus-activation-2.0.2.jar:/home/runner/.m2/repository/com/ibm/async/asyncutil/0.1.0/asyncutil-0.1.0.jar:/home/runner/.m2/repository/org/reactivestreams/reactive-streams/1.0.4/reactive-streams-1.0.4.jar:/home/runner/.m2/repository/org/jboss/resteasy/resteasy-multipart-provider/6.2.12.Final/resteasy-multipart-provider-6.2.12.Final.jar:/home/runner/.m2/repository/jakarta/mail/jakarta.mail-api/2.1.3/jakarta.mail-api-2.1.3.jar:/home/runner/.m2/repository/org/eclipse/angus/angus-mail/2.0.3/angus-mail-2.0.3.jar:/home/runner/.m2/repository/org/apache/james/apache-mime4j-dom/0.8.12/apache-mime4j-dom-0.8.12.jar:/home/runner/.m2/repository/org/apache/james/apache-mime4j-core/0.8.12/apache-mime4j-core-0.8.12.jar:/home/runner/.m2/repository/org/apache/james/apache-mime4j-storage/0.8.12/apache-mime4j-storage-0.8.12.jar:/home/runner/.m2/repository/org/jboss/resteasy/resteasy-jackson2-provider/6.2.12.Final/resteasy-jackson2-provider-6.2.12.Final.jar:/home/runner/.m2/repository/com/fasterxml/jackson/jakarta/rs/jackson-jakarta-rs-base/2.18.2/jackson-jakarta-rs-base-2.18.2.jar:/home/runner/.m2/repository/com/fasterxml/jackson/jakarta/rs/jackson-jakarta-rs-json-provider/2.18.2/jackson-jakarta-rs-json-provider-2.18.2.jar:/home/runner/.m2/repository/com/fasterxml/jackson/module/jackson-module-jakarta-xmlbind-annotations/2.18.2/jackson-module-jakarta-xmlbind-annotations-2.18.2.jar:/home/runner/.m2/repository/com/github/java-json-tools/json-patch/1.13/json-patch-1.13.jar:/home/runner/.m2/repository/com/github/java-json-tools/msg-simple/1.2/msg-simple-1.2.jar:/home/runner/.m2/repository/com/github/java-json-tools/btf/1.3/btf-1.3.jar:/home/runner/.m2/repository/com/github/java-json-tools/jackson-coreutils/2.0/jackson-coreutils-2.0.jar:/home/runner/.m2/repository/org/jboss/resteasy/resteasy-jaxb-provider/6.2.12.Final/resteasy-jaxb-provider-6.2.12.Final.jar:/home/runner/.m2/repository/org/glassfish/jaxb/codemodel/4.0.5/codemodel-4.0.5.jar:/home/runner/.m2/repository/org/glassfish/jaxb/jaxb-core/4.0.5/jaxb-core-4.0.5.jar:/home/runner/.m2/repository/org/glassfish/jaxb/jaxb-jxc/4.0.5/jaxb-jxc-4.0.5.jar:/home/runner/.m2/repository/org/glassfish/jaxb/jaxb-runtime/4.0.5/jaxb-runtime-4.0.5.jar:/home/runner/.m2/repository/org/glassfish/jaxb/txw2/4.0.5/txw2-4.0.5.jar:/home/runner/.m2/repository/org/glassfish/jaxb/jaxb-xjc/4.0.5/jaxb-xjc-4.0.5.jar:/home/runner/.m2/repository/org/glassfish/jaxb/xsom/4.0.5/xsom-4.0.5.jar:/home/runner/.m2/repository/com/sun/istack/istack-commons-runtime/4.1.2/istack-commons-runtime-4.1.2.jar:/home/runner/.m2/repository/com/sun/istack/istack-commons-tools/4.1.2/istack-commons-tools-4.1.2.jar:/home/runner/.m2/repository/com/sun/xml/bind/external/relaxng-datatype/4.0.5/relaxng-datatype-4.0.5.jar:/home/runner/.m2/repository/com/sun/xml/bind/external/rngom/4.0.5/rngom-4.0.5.jar:/home/runner/.m2/repository/org/testcontainers/mssqlserver/1.20.6/mssqlserver-1.20.6.jar:/home/runner/.m2/repository/org/testcontainers/jdbc/1.20.6/jdbc-1.20.6.jar:/home/runner/.m2/repository/org/testcontainers/database-commons/1.20.6/database-commons-1.20.6.jar:/home/runner/.m2/repository/org/testcontainers/mysql/1.20.6/mysql-1.20.6.jar:/home/runner/.m2/repository/io/strimzi/strimzi-test-container/0.107.0/strimzi-test-container-0.107.0.jar:/home/runner/.m2/repository/org/testcontainers/toxiproxy/1.20.6/toxiproxy-1.20.6.jar:/home/runner/.m2/repository/com/github/docker-java/docker-java-api/3.4.1/docker-java-api-3.4.1.jar:/home/runner/.m2/repository/eu/rekawek/toxiproxy/toxiproxy-java/2.1.7/toxiproxy-java-2.1.7.jar:/home/runner/.m2/repository/junit/junit/4.13.2/junit-4.13.2.jar:/home/runner/.m2/repository/org/hamcrest/hamcrest-core/1.3/hamcrest-core-1.3.jar:/home/runner/.m2/repository/org/testcontainers/pulsar/1.20.4/pulsar-1.20.4.jar:/home/runner/.m2/repository/io/debezium/debezium-testing-testcontainers/2.6.2.Final/debezium-testing-testcontainers-2.6.2.Final.jar:/home/runner/.m2/repository/org/testcontainers/kafka/1.20.6/kafka-1.20.6.jar:/home/runner/.m2/repository/com/squareup/okhttp3/okhttp/4.8.1/okhttp-4.8.1.jar:/home/runner/.m2/repository/com/squareup/okio/okio/3.10.2/okio-3.10.2.jar:/home/runner/.m2/repository/com/squareup/okio/okio-jvm/3.10.2/okio-jvm-3.10.2.jar:/home/runner/.m2/repository/org/jetbrains/kotlin/kotlin-stdlib/2.0.21/kotlin-stdlib-2.0.21.jar:/home/runner/.m2/repository/org/awaitility/awaitility/4.2.2/awaitility-4.2.2.jar:/home/runner/.m2/repository/org/testcontainers/mongodb/1.20.6/mongodb-1.20.6.jar:/home/runner/.m2/repository/org/testcontainers/oracle-xe/1.20.6/oracle-xe-1.20.6.jar:/home/runner/.m2/repository/org/testcontainers/postgresql/1.20.6/postgresql-1.20.6.jar:/home/runner/.m2/repository/org/wiremock/wiremock/3.0.1/wiremock-3.0.1.jar:/home/runner/.m2/repository/org/eclipse/jetty/jetty-server/11.0.15/jetty-server-11.0.15.jar:/home/runner/.m2/repository/org/eclipse/jetty/toolchain/jetty-jakarta-servlet-api/5.0.2/jetty-jakarta-servlet-api-5.0.2.jar:/home/runner/.m2/repository/org/eclipse/jetty/jetty-http/11.0.15/jetty-http-11.0.15.jar:/home/runner/.m2/repository/org/eclipse/jetty/jetty-io/11.0.15/jetty-io-11.0.15.jar:/home/runner/.m2/repository/org/eclipse/jetty/jetty-servlet/11.0.15/jetty-servlet-11.0.15.jar:/home/runner/.m2/repository/org/eclipse/jetty/jetty-security/11.0.15/jetty-security-11.0.15.jar:/home/runner/.m2/repository/org/eclipse/jetty/jetty-servlets/11.0.15/jetty-servlets-11.0.15.jar:/home/runner/.m2/repository/org/eclipse/jetty/jetty-util/11.0.15/jetty-util-11.0.15.jar:/home/runner/.m2/repository/org/eclipse/jetty/jetty-webapp/11.0.15/jetty-webapp-11.0.15.jar:/home/runner/.m2/repository/org/eclipse/jetty/jetty-xml/11.0.15/jetty-xml-11.0.15.jar:/home/runner/.m2/repository/org/eclipse/jetty/jetty-proxy/11.0.15/jetty-proxy-11.0.15.jar:/home/runner/.m2/repository/org/eclipse/jetty/jetty-client/11.0.15/jetty-client-11.0.15.jar:/home/runner/.m2/repository/org/eclipse/jetty/http2/http2-server/11.0.15/http2-server-11.0.15.jar:/home/runner/.m2/repository/org/eclipse/jetty/http2/http2-common/11.0.15/http2-common-11.0.15.jar:/home/runner/.m2/repository/org/eclipse/jetty/http2/http2-hpack/11.0.15/http2-hpack-11.0.15.jar:/home/runner/.m2/repository/org/eclipse/jetty/jetty-alpn-server/11.0.15/jetty-alpn-server-11.0.15.jar:/home/runner/.m2/repository/org/eclipse/jetty/jetty-alpn-java-server/11.0.15/jetty-alpn-java-server-11.0.15.jar:/home/runner/.m2/repository/org/eclipse/jetty/jetty-alpn-java-client/11.0.15/jetty-alpn-java-client-11.0.15.jar:/home/runner/.m2/repository/org/eclipse/jetty/jetty-alpn-client/11.0.15/jetty-alpn-client-11.0.15.jar:/home/runner/.m2/repository/org/apache/httpcomponents/client5/httpclient5/5.2.1/httpclient5-5.2.1.jar:/home/runner/.m2/repository/org/apache/httpcomponents/core5/httpcore5/5.2/httpcore5-5.2.jar:/home/runner/.m2/repository/org/apache/httpcomponents/core5/httpcore5-h2/5.2/httpcore5-h2-5.2.jar:/home/runner/.m2/repository/org/xmlunit/xmlunit-core/2.9.1/xmlunit-core-2.9.1.jar:/home/runner/.m2/repository/jakarta/xml/bind/jakarta.xml.bind-api/4.0.2/jakarta.xml.bind-api-4.0.2.jar:/home/runner/.m2/repository/org/xmlunit/xmlunit-legacy/2.9.1/xmlunit-legacy-2.9.1.jar:/home/runner/.m2/repository/org/xmlunit/xmlunit-placeholders/2.9.1/xmlunit-placeholders-2.9.1.jar:/home/runner/.m2/repository/net/javacrumbs/json-unit/json-unit-core/2.38.0/json-unit-core-2.38.0.jar:/home/runner/.m2/repository/com/jayway/jsonpath/json-path/2.8.0/json-path-2.8.0.jar:/home/runner/.m2/repository/net/minidev/json-smart/2.4.10/json-smart-2.4.10.jar:/home/runner/.m2/repository/net/minidev/accessors-smart/2.4.9/accessors-smart-2.4.9.jar:/home/runner/.m2/repository/org/ow2/asm/asm/9.7.1/asm-9.7.1.jar:/home/runner/.m2/repository/net/sf/jopt-simple/jopt-simple/5.0.4/jopt-simple-5.0.4.jar:/home/runner/.m2/repository/com/github/jknack/handlebars/4.3.1/handlebars-4.3.1.jar:/home/runner/.m2/repository/com/github/jknack/handlebars-helpers/4.3.1/handlebars-helpers-4.3.1.jar:/home/runner/.m2/repository/commons-fileupload/commons-fileupload/1.5/commons-fileupload-1.5.jar:/home/runner/.m2/repository/com/networknt/json-schema-validator/1.5.5/json-schema-validator-1.5.5.jar:/home/runner/.m2/repository/com/ethlo/time/itu/1.10.3/itu-1.10.3.jar:/home/runner/.m2/repository/io/quarkus/quarkus-smallrye-jwt-build/3.20.1/quarkus-smallrye-jwt-build-3.20.1.jar:/home/runner/.m2/repository/io/smallrye/smallrye-jwt-build/4.6.1/smallrye-jwt-build-4.6.1.jar:/home/runner/.m2/repository/org/eclipse/microprofile/jwt/microprofile-jwt-auth-api/2.1/microprofile-jwt-auth-api-2.1.jar:/home/runner/.m2/repository/org/bitbucket/b_c/jose4j/0.9.6/jose4j-0.9.6.jar:/home/runner/.m2/repository/io/smallrye/smallrye-jwt-common/4.6.1/smallrye-jwt-common-4.6.1.jar:/home/runner/.m2/repository/io/quarkus/quarkus-jsonp/3.20.1/quarkus-jsonp-3.20.1.jar:/home/runner/.m2/repository/io/quarkus/quarkus-arc/3.20.1/quarkus-arc-3.20.1.jar:/home/runner/.m2/repository/io/quarkus/arc/arc/3.20.1/arc-3.20.1.jar:/home/runner/.m2/repository/jakarta/transaction/jakarta.transaction-api/2.0.1/jakarta.transaction-api-2.0.1.jar:/home/runner/.m2/repository/io/smallrye/reactive/mutiny/2.8.0/mutiny-2.8.0.jar:/home/runner/.m2/repository/org/jctools/jctools-core/4.0.5/jctools-core-4.0.5.jar:/home/runner/.m2/repository/org/eclipse/microprofile/context-propagation/microprofile-context-propagation-api/1.3/microprofile-context-propagation-api-1.3.jar:/home/runner/.m2/repository/io/apicurio/apicurio-common-rest-client-common/0.1.18.Final/apicurio-common-rest-client-common-0.1.18.Final.jar:/home/runner/work/apicurio-testing/apicurio-testing/clusters/ci419/namespaces/inmemory/tests/integration/apicurio-registry/utils/maven-plugin/target/apicurio-registry-maven-plugin-3.0.11-SNAPSHOT.jar:/home/runner/.m2/repository/com/fasterxml/jackson/core/jackson-databind/2.18.2/jackson-databind-2.18.2.jar:/home/runner/.m2/repository/org/apache/avro/avro/1.12.0/avro-1.12.0.jar:/home/runner/.m2/repository/com/google/protobuf/protobuf-java/4.31.1/protobuf-java-4.31.1.jar:/home/runner/.m2/repository/com/google/protobuf/protobuf-java-util/4.31.1/protobuf-java-util-4.31.1.jar:/home/runner/.m2/repository/com/google/code/findbugs/jsr305/3.0.2/jsr305-3.0.2.jar:/home/runner/.m2/repository/com/google/code/gson/gson/2.12.1/gson-2.12.1.jar:/home/runner/.m2/repository/com/google/errorprone/error_prone_annotations/2.36.0/error_prone_annotations-2.36.0.jar:/home/runner/.m2/repository/com/google/j2objc/j2objc-annotations/2.8/j2objc-annotations-2.8.jar:/home/runner/work/apicurio-testing/apicurio-testing/clusters/ci419/namespaces/inmemory/tests/integration/apicurio-registry/schema-util/util-provider/target/apicurio-registry-schema-util-provider-3.0.11-SNAPSHOT.jar:/home/runner/work/apicurio-testing/apicurio-testing/clusters/ci419/namespaces/inmemory/tests/integration/apicurio-registry/schema-util/common/target/apicurio-registry-schema-util-common-3.0.11-SNAPSHOT.jar:/home/runner/.m2/repository/com/fasterxml/jackson/module/jackson-module-parameter-names/2.18.2/jackson-module-parameter-names-2.18.2.jar:/home/runner/.m2/repository/com/fasterxml/jackson/datatype/jackson-datatype-json-org/2.18.2/jackson-datatype-json-org-2.18.2.jar:/home/runner/work/apicurio-testing/apicurio-testing/clusters/ci419/namespaces/inmemory/tests/integration/apicurio-registry/schema-util/json/target/apicurio-registry-schema-util-json-3.0.11-SNAPSHOT.jar:/home/runner/.m2/repository/com/github/erosb/everit-json-schema/1.14.5/everit-json-schema-1.14.5.jar:/home/runner/.m2/repository/commons-validator/commons-validator/1.9.0/commons-validator-1.9.0.jar:/home/runner/.m2/repository/commons-digester/commons-digester/2.1/commons-digester-2.1.jar:/home/runner/.m2/repository/commons-collections/commons-collections/3.2.2/commons-collections-3.2.2.jar:/home/runner/.m2/repository/com/damnhandy/handy-uri-templates/2.1.8/handy-uri-templates-2.1.8.jar:/home/runner/.m2/repository/joda-time/joda-time/2.10.2/joda-time-2.10.2.jar:/home/runner/.m2/repository/com/github/erosb/json-sKema/0.20.0/json-sKema-0.20.0.jar:/home/runner/.m2/repository/io/vertx/vertx-json-schema/4.5.14/vertx-json-schema-4.5.14.jar:/home/runner/work/apicurio-testing/apicurio-testing/clusters/ci419/namespaces/inmemory/tests/integration/apicurio-registry/schema-util/protobuf/target/apicurio-registry-schema-util-protobuf-3.0.11-SNAPSHOT.jar:/home/runner/work/apicurio-testing/apicurio-testing/clusters/ci419/namespaces/inmemory/tests/integration/apicurio-registry/utils/protobuf-schema-utilities/target/apicurio-registry-protobuf-schema-utilities-3.0.11-SNAPSHOT.jar:/home/runner/.m2/repository/com/google/api/grpc/proto-google-common-protos/2.52.0/proto-google-common-protos-2.52.0.jar:/home/runner/.m2/repository/com/squareup/wire/wire-schema-jvm/5.3.3/wire-schema-jvm-5.3.3.jar:/home/runner/.m2/repository/com/palantir/javapoet/javapoet/0.6.0/javapoet-0.6.0.jar:/home/runner/.m2/repository/com/squareup/kotlinpoet-jvm/2.0.0/kotlinpoet-jvm-2.0.0.jar:/home/runner/.m2/repository/org/jetbrains/kotlin/kotlin-reflect/2.0.21/kotlin-reflect-2.0.21.jar:/home/runner/.m2/repository/com/squareup/wire/wire-runtime-jvm/5.3.3/wire-runtime-jvm-5.3.3.jar:/home/runner/.m2/repository/com/ibm/icu/icu4j/76.1/icu4j-76.1.jar:/home/runner/.m2/repository/com/squareup/okio/okio-fakefilesystem/3.10.2/okio-fakefilesystem-3.10.2.jar:/home/runner/.m2/repository/com/squareup/okio/okio-fakefilesystem-jvm/3.10.2/okio-fakefilesystem-jvm-3.10.2.jar:/home/runner/.m2/repository/org/jetbrains/kotlinx/kotlinx-datetime-jvm/0.6.1/kotlinx-datetime-jvm-0.6.1.jar:/home/runner/work/apicurio-testing/apicurio-testing/clusters/ci419/namespaces/inmemory/tests/integration/apicurio-registry/schema-util/asyncapi/target/apicurio-registry-schema-util-asyncapi-3.0.11-SNAPSHOT.jar:/home/runner/work/apicurio-testing/apicurio-testing/clusters/ci419/namespaces/inmemory/tests/integration/apicurio-registry/schema-util/avro/target/apicurio-registry-schema-util-avro-3.0.11-SNAPSHOT.jar:/home/runner/work/apicurio-testing/apicurio-testing/clusters/ci419/namespaces/inmemory/tests/integration/apicurio-registry/schema-util/graphql/target/apicurio-registry-schema-util-graphql-3.0.11-SNAPSHOT.jar:/home/runner/.m2/repository/com/graphql-java/graphql-java/22.3/graphql-java-22.3.jar:/home/runner/.m2/repository/com/graphql-java/java-dataloader/3.3.0/java-dataloader-3.3.0.jar:/home/runner/work/apicurio-testing/apicurio-testing/clusters/ci419/namespaces/inmemory/tests/integration/apicurio-registry/schema-util/kconnect/target/apicurio-registry-schema-util-kconnect-3.0.11-SNAPSHOT.jar:/home/runner/work/apicurio-testing/apicurio-testing/clusters/ci419/namespaces/inmemory/tests/integration/apicurio-registry/schema-util/openapi/target/apicurio-registry-schema-util-openapi-3.0.11-SNAPSHOT.jar:/home/runner/.m2/repository/io/apicurio/apicurio-data-models/2.2.1/apicurio-data-models-2.2.1.jar:/home/runner/.m2/repository/org/openapitools/openapidiff/openapi-diff-core/2.1.2/openapi-diff-core-2.1.2.jar:/home/runner/.m2/repository/io/swagger/parser/v3/swagger-parser/2.1.28/swagger-parser-2.1.28.jar:/home/runner/.m2/repository/io/swagger/parser/v3/swagger-parser-v2-converter/2.1.28/swagger-parser-v2-converter-2.1.28.jar:/home/runner/.m2/repository/io/swagger/swagger-core/1.6.16/swagger-core-1.6.16.jar:/home/runner/.m2/repository/io/swagger/swagger-models/1.6.16/swagger-models-1.6.16.jar:/home/runner/.m2/repository/io/swagger/swagger-annotations/1.6.16/swagger-annotations-1.6.16.jar:/home/runner/.m2/repository/io/swagger/swagger-parser/1.0.75/swagger-parser-1.0.75.jar:/home/runner/.m2/repository/io/swagger/swagger-parser-safe-url-resolver/1.0.75/swagger-parser-safe-url-resolver-1.0.75.jar:/home/runner/.m2/repository/io/swagger/swagger-compat-spec-parser/1.0.75/swagger-compat-spec-parser-1.0.75.jar:/home/runner/.m2/repository/com/github/java-json-tools/json-schema-validator/2.2.14/json-schema-validator-2.2.14.jar:/home/runner/.m2/repository/com/github/java-json-tools/jackson-coreutils-equivalence/1.0/jackson-coreutils-equivalence-1.0.jar:/home/runner/.m2/repository/com/github/java-json-tools/json-schema-core/1.2.14/json-schema-core-1.2.14.jar:/home/runner/.m2/repository/com/github/java-json-tools/uri-template/0.10/uri-template-0.10.jar:/home/runner/.m2/repository/com/googlecode/libphonenumber/libphonenumber/8.11.1/libphonenumber-8.11.1.jar:/home/runner/.m2/repository/com/j2html/j2html/1.6.0/j2html-1.6.0.jar:/home/runner/.m2/repository/org/apache/commons/commons-collections4/4.5.0/commons-collections4-4.5.0.jar:/home/runner/.m2/repository/org/apache/commons/commons-configuration2/2.12.0/commons-configuration2-2.12.0.jar:/home/runner/.m2/repository/org/apache/commons/commons-text/1.13.0/commons-text-1.13.0.jar:/home/runner/.m2/repository/org/slf4j/jcl-over-slf4j/2.0.17/jcl-over-slf4j-2.0.17.jar:/home/runner/.m2/repository/io/swagger/parser/v3/swagger-parser-v3/2.1.30/swagger-parser-v3-2.1.30.jar:/home/runner/.m2/repository/io/swagger/core/v3/swagger-models/2.2.34/swagger-models-2.2.34.jar:/home/runner/.m2/repository/io/swagger/core/v3/swagger-core/2.2.34/swagger-core-2.2.34.jar:/home/runner/.m2/repository/io/swagger/parser/v3/swagger-parser-core/2.1.30/swagger-parser-core-2.1.30.jar:/home/runner/.m2/repository/io/swagger/parser/v3/swagger-parser-safe-url-resolver/2.1.30/swagger-parser-safe-url-resolver-2.1.30.jar:/home/runner/work/apicurio-testing/apicurio-testing/clusters/ci419/namespaces/inmemory/tests/integration/apicurio-registry/schema-util/wsdl/target/apicurio-registry-schema-util-wsdl-3.0.11-SNAPSHOT.jar:/home/runner/.m2/repository/wsdl4j/wsdl4j/1.6.3/wsdl4j-1.6.3.jar:/home/runner/work/apicurio-testing/apicurio-testing/clusters/ci419/namespaces/inmemory/tests/integration/apicurio-registry/schema-util/xml/target/apicurio-registry-schema-util-xml-3.0.11-SNAPSHOT.jar:/home/runner/.m2/repository/org/apache/santuario/xmlsec/4.0.3/xmlsec-4.0.3.jar:/home/runner/.m2/repository/com/fasterxml/woodstox/woodstox-core/7.1.0/woodstox-core-7.1.0.jar:/home/runner/.m2/repository/org/codehaus/woodstox/stax2-api/4.2.2/stax2-api-4.2.2.jar:/home/runner/work/apicurio-testing/apicurio-testing/clusters/ci419/namespaces/inmemory/tests/integration/apicurio-registry/schema-util/xsd/target/apicurio-registry-schema-util-xsd-3.0.11-SNAPSHOT.jar:/home/runner/work/apicurio-testing/apicurio-testing/clusters/ci419/namespaces/inmemory/tests/integration/apicurio-registry/serdes/kafka/jsonschema-serde/target/apicurio-registry-jsonschema-serde-kafka-3.0.11-SNAPSHOT.jar:/home/runner/work/apicurio-testing/apicurio-testing/clusters/ci419/namespaces/inmemory/tests/integration/apicurio-registry/serdes/kafka/serde-kafka-common/target/apicurio-registry-serde-kafka-common-3.0.11-SNAPSHOT.jar:/home/runner/work/apicurio-testing/apicurio-testing/clusters/ci419/namespaces/inmemory/tests/integration/apicurio-registry/serdes/generic/serde-common/target/apicurio-registry-serde-common-3.0.11-SNAPSHOT.jar:/home/runner/work/apicurio-testing/apicurio-testing/clusters/ci419/namespaces/inmemory/tests/integration/apicurio-registry/serdes/generic/serde-common-jsonschema/target/apicurio-registry-serde-common-jsonschema-3.0.11-SNAPSHOT.jar:/home/runner/.m2/repository/org/json/json/20250107/json-20250107.jar:/home/runner/work/apicurio-testing/apicurio-testing/clusters/ci419/namespaces/inmemory/tests/integration/apicurio-registry/serdes/kafka/avro-serde/target/apicurio-registry-avro-serde-kafka-3.0.11-SNAPSHOT.jar:/home/runner/work/apicurio-testing/apicurio-testing/clusters/ci419/namespaces/inmemory/tests/integration/apicurio-registry/serdes/generic/serde-common-avro/target/apicurio-registry-serde-common-avro-3.0.11-SNAPSHOT.jar:/home/runner/work/apicurio-testing/apicurio-testing/clusters/ci419/namespaces/inmemory/tests/integration/apicurio-registry/serdes/kafka/protobuf-serde/target/apicurio-registry-protobuf-serde-kafka-3.0.11-SNAPSHOT.jar:/home/runner/work/apicurio-testing/apicurio-testing/clusters/ci419/namespaces/inmemory/tests/integration/apicurio-registry/serdes/generic/serde-common-protobuf/target/apicurio-registry-serde-common-protobuf-3.0.11-SNAPSHOT.jar:/home/runner/.m2/repository/com/squareup/wire/wire-schema/5.3.3/wire-schema-5.3.3.jar:/home/runner/.m2/repository/com/squareup/wire/wire-runtime/5.3.3/wire-runtime-5.3.3.jar:/home/runner/work/apicurio-testing/apicurio-testing/clusters/ci419/namespaces/inmemory/tests/integration/apicurio-registry/serdes/pulsar/avro-serde/target/apicurio-registry-avro-serde-pulsar-3.0.11-SNAPSHOT.jar:/home/runner/.m2/repository/org/apache/pulsar/pulsar-functions-api/3.3.4/pulsar-functions-api-3.3.4.jar:/home/runner/work/apicurio-testing/apicurio-testing/clusters/ci419/namespaces/inmemory/tests/integration/apicurio-registry/serdes/nats/avro-serde/target/apicurio-registry-avro-serde-nats-3.0.11-SNAPSHOT.jar:/home/runner/.m2/repository/io/nats/jnats/2.20.5/jnats-2.20.5.jar:/home/runner/.m2/repository/net/i2p/crypto/eddsa/0.3.0/eddsa-0.3.0.jar:/home/runner/work/apicurio-testing/apicurio-testing/clusters/ci419/namespaces/inmemory/tests/integration/apicurio-registry/utils/converter/target/apicurio-registry-utils-converter-3.0.11-SNAPSHOT.jar:/home/runner/work/apicurio-testing/apicurio-testing/clusters/ci419/namespaces/inmemory/tests/integration/apicurio-registry/schema-resolver/target/apicurio-registry-schema-resolver-3.0.11-SNAPSHOT.jar:/home/runner/.m2/repository/org/apache/kafka/connect-api/3.9.1/connect-api-3.9.1.jar:/home/runner/.m2/repository/javax/ws/rs/javax.ws.rs-api/2.1.1/javax.ws.rs-api-2.1.1.jar:/home/runner/.m2/repository/org/apache/kafka/connect-json/3.9.1/connect-json-3.9.1.jar:/home/runner/.m2/repository/com/fasterxml/jackson/datatype/jackson-datatype-jdk8/2.18.2/jackson-datatype-jdk8-2.18.2.jar:/home/runner/.m2/repository/com/fasterxml/jackson/module/jackson-module-afterburner/2.18.2/jackson-module-afterburner-2.18.2.jar:/home/runner/work/apicurio-testing/apicurio-testing/clusters/ci419/namespaces/inmemory/tests/integration/apicurio-registry/utils/kafka/target/apicurio-registry-utils-kafka-3.0.11-SNAPSHOT.jar:/home/runner/.m2/repository/org/apache/pulsar/pulsar-client/3.3.4/pulsar-client-3.3.4.jar:/home/runner/.m2/repository/org/apache/pulsar/pulsar-client-api/3.3.4/pulsar-client-api-3.3.4.jar:/home/runner/.m2/repository/org/apache/pulsar/pulsar-client-admin-api/3.3.4/pulsar-client-admin-api-3.3.4.jar:/home/runner/.m2/repository/org/apache/pulsar/bouncy-castle-bc/3.3.4/bouncy-castle-bc-3.3.4-pkg.jar:/home/runner/.m2/repository/org/bouncycastle/bcpkix-jdk18on/1.80/bcpkix-jdk18on-1.80.jar:/home/runner/.m2/repository/org/bouncycastle/bcutil-jdk18on/1.80/bcutil-jdk18on-1.80.jar:/home/runner/.m2/repository/org/bouncycastle/bcprov-jdk18on/1.80/bcprov-jdk18on-1.80.jar:/home/runner/.m2/repository/io/opentelemetry/opentelemetry-api/1.44.1/opentelemetry-api-1.44.1.jar:/home/runner/.m2/repository/io/opentelemetry/opentelemetry-context/1.44.1/opentelemetry-context-1.44.1.jar:/home/runner/.m2/repository/io/opentelemetry/opentelemetry-api-incubator/1.44.1-alpha/opentelemetry-api-incubator-1.44.1-alpha.jar:/home/runner/.m2/repository/com/fasterxml/jackson/core/jackson-annotations/2.18.2/jackson-annotations-2.18.2.jar:/home/runner/.m2/repository/javax/validation/validation-api/1.1.0.Final/validation-api-1.1.0.Final.jar:/home/runner/.m2/repository/io/confluent/kafka-avro-serializer/8.0.0/kafka-avro-serializer-8.0.0.jar:/home/runner/.m2/repository/org/apache/commons/commons-compress/1.27.1/commons-compress-1.27.1.jar:/home/runner/.m2/repository/io/confluent/kafka-schema-serializer/8.0.0/kafka-schema-serializer-8.0.0.jar:/home/runner/.m2/repository/com/fasterxml/jackson/dataformat/jackson-dataformat-csv/2.18.2/jackson-dataformat-csv-2.18.2.jar:/home/runner/.m2/repository/io/confluent/kafka-schema-registry-client/8.0.0/kafka-schema-registry-client-8.0.0.jar:/home/runner/.m2/repository/org/yaml/snakeyaml/2.3/snakeyaml-2.3.jar:/home/runner/.m2/repository/io/swagger/core/v3/swagger-annotations/2.2.29/swagger-annotations-2.2.29.jar:/home/runner/.m2/repository/com/google/guava/guava/33.4.0-jre/guava-33.4.0-jre.jar:/home/runner/.m2/repository/com/google/guava/failureaccess/1.0.1/failureaccess-1.0.1.jar:/home/runner/.m2/repository/org/checkerframework/checker-qual/3.49.0/checker-qual-3.49.0.jar:/home/runner/.m2/repository/io/confluent/logredactor/1.0.13/logredactor-1.0.13.jar:/home/runner/.m2/repository/com/google/re2j/re2j/1.6/re2j-1.6.jar:/home/runner/.m2/repository/io/confluent/logredactor-metrics/1.0.13/logredactor-metrics-1.0.13.jar:/home/runner/.m2/repository/com/eclipsesource/minimal-json/minimal-json/0.9.5/minimal-json-0.9.5.jar:/home/runner/.m2/repository/io/confluent/common-utils/8.0.0/common-utils-8.0.0.jar:/home/runner/.m2/repository/io/confluent/kafka-connect-avro-converter/8.0.0/kafka-connect-avro-converter-8.0.0.jar:/home/runner/.m2/repository/io/confluent/kafka-connect-avro-data/8.0.0/kafka-connect-avro-data-8.0.0.jar:/home/runner/.m2/repository/io/confluent/kafka-schema-converter/8.0.0/kafka-schema-converter-8.0.0.jar:/home/runner/.m2/repository/io/rest-assured/rest-assured/5.5.1/rest-assured-5.5.1.jar:/home/runner/.m2/repository/org/apache/groovy/groovy/4.0.22/groovy-4.0.22.jar:/home/runner/.m2/repository/org/apache/groovy/groovy-xml/4.0.22/groovy-xml-4.0.22.jar:/home/runner/.m2/repository/org/apache/httpcomponents/httpclient/4.5.14/httpclient-4.5.14.jar:/home/runner/.m2/repository/org/apache/httpcomponents/httpcore/4.4.16/httpcore-4.4.16.jar:/home/runner/.m2/repository/org/apache/httpcomponents/httpmime/4.5.14/httpmime-4.5.14.jar:/home/runner/.m2/repository/org/hamcrest/hamcrest/2.2/hamcrest-2.2.jar:/home/runner/.m2/repository/org/ccil/cowan/tagsoup/tagsoup/1.2.1/tagsoup-1.2.1.jar:/home/runner/.m2/repository/io/rest-assured/json-path/5.5.1/json-path-5.5.1.jar:/home/runner/.m2/repository/org/apache/groovy/groovy-json/4.0.22/groovy-json-4.0.22.jar:/home/runner/.m2/repository/io/rest-assured/rest-assured-common/5.5.1/rest-assured-common-5.5.1.jar:/home/runner/.m2/repository/io/rest-assured/xml-path/5.5.1/xml-path-5.5.1.jar:/home/runner/.m2/repository/io/zonky/test/embedded-postgres/2.1.0/embedded-postgres-2.1.0.jar:/home/runner/.m2/repository/io/zonky/test/postgres/embedded-postgres-binaries-windows-amd64/14.15.0/embedded-postgres-binaries-windows-amd64-14.15.0.jar:/home/runner/.m2/repository/io/zonky/test/postgres/embedded-postgres-binaries-darwin-amd64/14.15.0/embedded-postgres-binaries-darwin-amd64-14.15.0.jar:/home/runner/.m2/repository/io/zonky/test/postgres/embedded-postgres-binaries-linux-amd64/14.15.0/embedded-postgres-binaries-linux-amd64-14.15.0.jar:/home/runner/.m2/repository/io/zonky/test/postgres/embedded-postgres-binaries-linux-amd64-alpine/14.15.0/embedded-postgres-binaries-linux-amd64-alpine-14.15.0.jar:/home/runner/.m2/repository/org/apache/commons/commons-lang3/3.17.0/commons-lang3-3.17.0.jar:/home/runner/.m2/repository/org/tukaani/xz/1.10/xz-1.10.jar:/home/runner/.m2/repository/commons-codec/commons-codec/1.18.0/commons-codec-1.18.0.jar:/home/runner/.m2/repository/org/postgresql/postgresql/42.7.5/postgresql-42.7.5.jar:/home/runner/.m2/repository/commons-io/commons-io/2.18.0/commons-io-2.18.0.jar:/home/runner/work/apicurio-testing/apicurio-testing/clusters/ci419/namespaces/inmemory/tests/integration/apicurio-registry/utils/importexport/target/apicurio-registry-utils-import-export-3.0.11-SNAPSHOT.jar:/home/runner/.m2/repository/io/vertx/vertx-core/4.5.14/vertx-core-4.5.14.jar:/home/runner/.m2/repository/io/netty/netty-common/4.1.119.Final/netty-common-4.1.119.Final.jar:/home/runner/.m2/repository/io/netty/netty-buffer/4.1.119.Final/netty-buffer-4.1.119.Final.jar:/home/runner/.m2/repository/io/netty/netty-transport/4.1.119.Final/netty-transport-4.1.119.Final.jar:/home/runner/.m2/repository/io/netty/netty-handler/4.1.119.Final/netty-handler-4.1.119.Final.jar:/home/runner/.m2/repository/io/netty/netty-transport-native-unix-common/4.1.119.Final/netty-transport-native-unix-common-4.1.119.Final.jar:/home/runner/.m2/repository/io/netty/netty-codec/4.1.119.Final/netty-codec-4.1.119.Final.jar:/home/runner/.m2/repository/io/netty/netty-handler-proxy/4.1.119.Final/netty-handler-proxy-4.1.119.Final.jar:/home/runner/.m2/repository/io/netty/netty-codec-socks/4.1.119.Final/netty-codec-socks-4.1.119.Final.jar:/home/runner/.m2/repository/io/netty/netty-codec-http/4.1.119.Final/netty-codec-http-4.1.119.Final.jar:/home/runner/.m2/repository/io/netty/netty-codec-http2/4.1.119.Final/netty-codec-http2-4.1.119.Final.jar:/home/runner/.m2/repository/io/netty/netty-resolver/4.1.119.Final/netty-resolver-4.1.119.Final.jar:/home/runner/.m2/repository/io/netty/netty-resolver-dns/4.1.119.Final/netty-resolver-dns-4.1.119.Final.jar:/home/runner/.m2/repository/io/netty/netty-codec-dns/4.1.119.Final/netty-codec-dns-4.1.119.Final.jar:/home/runner/.m2/repository/com/fasterxml/jackson/core/jackson-core/2.18.2/jackson-core-2.18.2.jar:"/>
    <property name="java.vm.vendor" value="Eclipse Adoptium"/>
    <property name="maven.javadoc.skip" value="true"/>
    <property name="sun.arch.data.model" value="64"/>
    <property name="java.vendor.url" value="https://adoptium.net/"/>
    <property name="user.timezone" value="Etc/UTC"/>
    <property name="os.name" value="Linux"/>
    <property name="java.vm.specification.version" value="17"/>
    <property name="sun.java.launcher" value="SUN_STANDARD"/>
    <property name="quarkus.http.test-port" value="80"/>
    <property name="sun.boot.library.path" value="/usr/lib/jvm/temurin-17-jdk-amd64/lib"/>
    <property name="sun.java.command" value="/home/runner/work/apicurio-testing/apicurio-testing/clusters/ci419/namespaces/inmemory/tests/integration/apicurio-registry/integration-tests/target/surefire/surefirebooter-20250731165848175_3.jar /home/runner/work/apicurio-testing/apicurio-testing/clusters/ci419/namespaces/inmemory/tests/integration/apicurio-registry/integration-tests/target/surefire 2025-07-31T16-58-48_102-jvmRun1 surefire-20250731165848175_1tmp surefire_0-20250731165848175_2tmp"/>
    <property name="maven.home" value="/home/runner/.m2/wrapper/dists/apache-maven-3.9.8-bin/4fnp1ql35bgk2a0p7m31ovbgb0/apache-maven-3.9.8"/>
    <property name="jdk.debug" value="release"/>
    <property name="surefire.test.class.path" value="/home/runner/work/apicurio-testing/apicurio-testing/clusters/ci419/namespaces/inmemory/tests/integration/apicurio-registry/integration-tests/target/test-classes:/home/runner/work/apicurio-testing/apicurio-testing/clusters/ci419/namespaces/inmemory/tests/integration/apicurio-registry/integration-tests/target/apicurio-registry-integration-tests-3.0.11-SNAPSHOT.jar:/home/runner/.m2/repository/io/quarkus/quarkus-junit5/3.20.1/quarkus-junit5-3.20.1.jar:/home/runner/.m2/repository/io/quarkus/quarkus-bootstrap-core/3.20.1/quarkus-bootstrap-core-3.20.1.jar:/home/runner/.m2/repository/io/quarkus/quarkus-classloader-commons/3.20.1/quarkus-classloader-commons-3.20.1.jar:/home/runner/.m2/repository/io/quarkus/quarkus-bootstrap-app-model/3.20.1/quarkus-bootstrap-app-model-3.20.1.jar:/home/runner/.m2/repository/io/smallrye/common/smallrye-common-io/2.12.0/smallrye-common-io-2.12.0.jar:/home/runner/.m2/repository/org/eclipse/sisu/org.eclipse.sisu.inject/0.9.0.M3/org.eclipse.sisu.inject-0.9.0.M3.jar:/home/runner/.m2/repository/io/quarkus/quarkus-test-common/3.20.1/quarkus-test-common-3.20.1.jar:/home/runner/.m2/repository/io/quarkus/quarkus-core-deployment/3.20.1/quarkus-core-deployment-3.20.1.jar:/home/runner/.m2/repository/org/aesh/readline/2.6/readline-2.6.jar:/home/runner/.m2/repository/org/fusesource/jansi/jansi/2.4.0/jansi-2.4.0.jar:/home/runner/.m2/repository/org/aesh/aesh/2.8.2/aesh-2.8.2.jar:/home/runner/.m2/repository/io/quarkus/gizmo/gizmo/1.8.0/gizmo-1.8.0.jar:/home/runner/.m2/repository/org/ow2/asm/asm-util/9.7.1/asm-util-9.7.1.jar:/home/runner/.m2/repository/org/ow2/asm/asm-analysis/9.7.1/asm-analysis-9.7.1.jar:/home/runner/.m2/repository/org/ow2/asm/asm-commons/9.7.1/asm-commons-9.7.1.jar:/home/runner/.m2/repository/org/ow2/asm/asm-tree/9.7.1/asm-tree-9.7.1.jar:/home/runner/.m2/repository/io/quarkus/quarkus-hibernate-validator-spi/3.20.1/quarkus-hibernate-validator-spi-3.20.1.jar:/home/runner/.m2/repository/io/quarkus/quarkus-class-change-agent/3.20.1/quarkus-class-change-agent-3.20.1.jar:/home/runner/.m2/repository/io/quarkus/quarkus-devtools-utilities/3.20.1/quarkus-devtools-utilities-3.20.1.jar:/home/runner/.m2/repository/io/quarkus/quarkus-builder/3.20.1/quarkus-builder-3.20.1.jar:/home/runner/.m2/repository/org/graalvm/sdk/nativeimage/23.1.2/nativeimage-23.1.2.jar:/home/runner/.m2/repository/org/graalvm/sdk/word/23.1.2/word-23.1.2.jar:/home/runner/.m2/repository/io/quarkus/quarkus-bootstrap-maven-resolver/3.20.1/quarkus-bootstrap-maven-resolver-3.20.1.jar:/home/runner/.m2/repository/io/smallrye/beanbag/smallrye-beanbag-maven/1.5.2/smallrye-beanbag-maven-1.5.2.jar:/home/runner/.m2/repository/io/smallrye/beanbag/smallrye-beanbag-sisu/1.5.2/smallrye-beanbag-sisu-1.5.2.jar:/home/runner/.m2/repository/io/smallrye/beanbag/smallrye-beanbag/1.5.2/smallrye-beanbag-1.5.2.jar:/home/runner/.m2/repository/javax/inject/javax.inject/1/javax.inject-1.jar:/home/runner/.m2/repository/org/apache/maven/maven-artifact/3.9.9/maven-artifact-3.9.9.jar:/home/runner/.m2/repository/org/apache/maven/maven-builder-support/3.9.9/maven-builder-support-3.9.9.jar:/home/runner/.m2/repository/org/apache/maven/maven-model/3.9.9/maven-model-3.9.9.jar:/home/runner/.m2/repository/org/apache/maven/maven-model-builder/3.9.9/maven-model-builder-3.9.9.jar:/home/runner/.m2/repository/org/apache/maven/maven-repository-metadata/3.9.9/maven-repository-metadata-3.9.9.jar:/home/runner/.m2/repository/org/apache/maven/maven-settings/3.9.9/maven-settings-3.9.9.jar:/home/runner/.m2/repository/org/apache/maven/resolver/maven-resolver-api/1.9.22/maven-resolver-api-1.9.22.jar:/home/runner/.m2/repository/org/apache/maven/resolver/maven-resolver-impl/1.9.22/maven-resolver-impl-1.9.22.jar:/home/runner/.m2/repository/org/apache/maven/resolver/maven-resolver-named-locks/1.9.22/maven-resolver-named-locks-1.9.22.jar:/home/runner/.m2/repository/org/apache/maven/resolver/maven-resolver-spi/1.9.22/maven-resolver-spi-1.9.22.jar:/home/runner/.m2/repository/org/apache/maven/resolver/maven-resolver-util/1.9.22/maven-resolver-util-1.9.22.jar:/home/runner/.m2/repository/org/apache/maven/resolver/maven-resolver-transport-http/1.9.20/maven-resolver-transport-http-1.9.20.jar:/home/runner/.m2/repository/org/apache/maven/wagon/wagon-provider-api/3.5.3/wagon-provider-api-3.5.3.jar:/home/runner/.m2/repository/org/apache/maven/wagon/wagon-http-shared/3.5.3/wagon-http-shared-3.5.3.jar:/home/runner/.m2/repository/org/codehaus/plexus/plexus-interpolation/1.26/plexus-interpolation-1.26.jar:/home/runner/.m2/repository/org/codehaus/plexus/plexus-utils/3.5.1/plexus-utils-3.5.1.jar:/home/runner/.m2/repository/org/codehaus/plexus/plexus-xml/4.0.1/plexus-xml-4.0.1.jar:/home/runner/.m2/repository/org/apache/maven/maven-xml-impl/4.0.0-alpha-5/maven-xml-impl-4.0.0-alpha-5.jar:/home/runner/.m2/repository/org/apache/maven/maven-api-xml/4.0.0-alpha-5/maven-api-xml-4.0.0-alpha-5.jar:/home/runner/.m2/repository/org/apache/maven/maven-api-meta/4.0.0-alpha-5/maven-api-meta-4.0.0-alpha-5.jar:/home/runner/.m2/repository/org/codehaus/plexus/plexus-cipher/2.0/plexus-cipher-2.0.jar:/home/runner/.m2/repository/org/codehaus/plexus/plexus-sec-dispatcher/2.0/plexus-sec-dispatcher-2.0.jar:/home/runner/.m2/repository/org/apache/maven/maven-embedder/3.9.9/maven-embedder-3.9.9.jar:/home/runner/.m2/repository/org/apache/maven/maven-core/3.9.9/maven-core-3.9.9.jar:/home/runner/.m2/repository/org/codehaus/plexus/plexus-component-annotations/2.1.0/plexus-component-annotations-2.1.0.jar:/home/runner/.m2/repository/org/apache/maven/maven-plugin-api/3.9.9/maven-plugin-api-3.9.9.jar:/home/runner/.m2/repository/org/apache/maven/shared/maven-shared-utils/3.4.2/maven-shared-utils-3.4.2.jar:/home/runner/.m2/repository/com/google/inject/guice/5.1.0/guice-5.1.0.jar:/home/runner/.m2/repository/aopalliance/aopalliance/1.0/aopalliance-1.0.jar:/home/runner/.m2/repository/org/codehaus/plexus/plexus-classworlds/2.6.0/plexus-classworlds-2.6.0.jar:/home/runner/.m2/repository/commons-cli/commons-cli/1.8.0/commons-cli-1.8.0.jar:/home/runner/.m2/repository/org/eclipse/sisu/org.eclipse.sisu.plexus/0.9.0.M3/org.eclipse.sisu.plexus-0.9.0.M3.jar:/home/runner/.m2/repository/org/apache/maven/maven-settings-builder/3.9.9/maven-settings-builder-3.9.9.jar:/home/runner/.m2/repository/org/apache/maven/maven-resolver-provider/3.9.9/maven-resolver-provider-3.9.9.jar:/home/runner/.m2/repository/org/apache/maven/resolver/maven-resolver-connector-basic/1.9.22/maven-resolver-connector-basic-1.9.22.jar:/home/runner/.m2/repository/org/apache/maven/resolver/maven-resolver-transport-wagon/1.9.22/maven-resolver-transport-wagon-1.9.22.jar:/home/runner/.m2/repository/org/apache/maven/wagon/wagon-http/3.5.3/wagon-http-3.5.3.jar:/home/runner/.m2/repository/org/apache/maven/wagon/wagon-file/3.5.3/wagon-file-3.5.3.jar:/home/runner/.m2/repository/io/quarkus/quarkus-bootstrap-gradle-resolver/3.20.1/quarkus-bootstrap-gradle-resolver-3.20.1.jar:/home/runner/.m2/repository/io/smallrye/jandex/3.3.0/jandex-3.3.0.jar:/home/runner/.m2/repository/org/jboss/logging/commons-logging-jboss-logging/1.0.0.Final/commons-logging-jboss-logging-1.0.0.Final.jar:/home/runner/.m2/repository/io/quarkus/quarkus-junit5-config/3.20.1/quarkus-junit5-config-3.20.1.jar:/home/runner/.m2/repository/org/junit/jupiter/junit-jupiter-api/5.12.1/junit-jupiter-api-5.12.1.jar:/home/runner/.m2/repository/io/smallrye/config/smallrye-config/3.11.4/smallrye-config-3.11.4.jar:/home/runner/.m2/repository/io/smallrye/config/smallrye-config-core/3.11.4/smallrye-config-core-3.11.4.jar:/home/runner/.m2/repository/io/smallrye/common/smallrye-common-classloader/2.12.0/smallrye-common-classloader-2.12.0.jar:/home/runner/.m2/repository/io/smallrye/config/smallrye-config-common/3.11.4/smallrye-config-common-3.11.4.jar:/home/runner/.m2/repository/org/junit/jupiter/junit-jupiter/5.12.1/junit-jupiter-5.12.1.jar:/home/runner/.m2/repository/org/junit/jupiter/junit-jupiter-params/5.12.1/junit-jupiter-params-5.12.1.jar:/home/runner/.m2/repository/org/junit/jupiter/junit-jupiter-engine/5.12.1/junit-jupiter-engine-5.12.1.jar:/home/runner/.m2/repository/io/quarkus/quarkus-core/3.20.1/quarkus-core-3.20.1.jar:/home/runner/.m2/repository/jakarta/enterprise/jakarta.enterprise.cdi-api/4.1.0/jakarta.enterprise.cdi-api-4.1.0.jar:/home/runner/.m2/repository/jakarta/enterprise/jakarta.enterprise.lang-model/4.1.0/jakarta.enterprise.lang-model-4.1.0.jar:/home/runner/.m2/repository/jakarta/el/jakarta.el-api/5.0.1/jakarta.el-api-5.0.1.jar:/home/runner/.m2/repository/jakarta/interceptor/jakarta.interceptor-api/2.2.0/jakarta.interceptor-api-2.2.0.jar:/home/runner/.m2/repository/jakarta/inject/jakarta.inject-api/2.0.1/jakarta.inject-api-2.0.1.jar:/home/runner/.m2/repository/io/smallrye/common/smallrye-common-os/2.12.0/smallrye-common-os-2.12.0.jar:/home/runner/.m2/repository/io/quarkus/quarkus-ide-launcher/3.20.1/quarkus-ide-launcher-3.20.1.jar:/home/runner/.m2/repository/io/quarkus/quarkus-development-mode-spi/3.20.1/quarkus-development-mode-spi-3.20.1.jar:/home/runner/.m2/repository/org/jboss/logging/jboss-logging/3.6.1.Final/jboss-logging-3.6.1.Final.jar:/home/runner/.m2/repository/org/jboss/logmanager/jboss-logmanager/3.1.2.Final/jboss-logmanager-3.1.2.Final.jar:/home/runner/.m2/repository/io/smallrye/common/smallrye-common-constraint/2.12.0/smallrye-common-constraint-2.12.0.jar:/home/runner/.m2/repository/io/smallrye/common/smallrye-common-cpu/2.12.0/smallrye-common-cpu-2.12.0.jar:/home/runner/.m2/repository/io/smallrye/common/smallrye-common-expression/2.12.0/smallrye-common-expression-2.12.0.jar:/home/runner/.m2/repository/io/smallrye/common/smallrye-common-net/2.12.0/smallrye-common-net-2.12.0.jar:/home/runner/.m2/repository/io/smallrye/common/smallrye-common-ref/2.12.0/smallrye-common-ref-2.12.0.jar:/home/runner/.m2/repository/jakarta/json/jakarta.json-api/2.1.3/jakarta.json-api-2.1.3.jar:/home/runner/.m2/repository/org/eclipse/parsson/parsson/1.1.7/parsson-1.1.7.jar:/home/runner/.m2/repository/org/jboss/logging/jboss-logging-annotations/3.0.4.Final/jboss-logging-annotations-3.0.4.Final.jar:/home/runner/.m2/repository/org/jboss/threads/jboss-threads/3.8.0.Final/jboss-threads-3.8.0.Final.jar:/home/runner/.m2/repository/io/smallrye/common/smallrye-common-annotation/2.12.0/smallrye-common-annotation-2.12.0.jar:/home/runner/.m2/repository/io/smallrye/common/smallrye-common-function/2.12.0/smallrye-common-function-2.12.0.jar:/home/runner/.m2/repository/org/jboss/slf4j/slf4j-jboss-logmanager/2.0.0.Final/slf4j-jboss-logmanager-2.0.0.Final.jar:/home/runner/.m2/repository/org/wildfly/common/wildfly-common/2.0.1/wildfly-common-2.0.1.jar:/home/runner/.m2/repository/io/quarkus/quarkus-bootstrap-runner/3.20.1/quarkus-bootstrap-runner-3.20.1.jar:/home/runner/.m2/repository/io/github/crac/org-crac/0.1.3/org-crac-0.1.3.jar:/home/runner/.m2/repository/io/quarkus/quarkus-fs-util/0.0.10/quarkus-fs-util-0.0.10.jar:/home/runner/.m2/repository/org/jboss/marshalling/jboss-marshalling/2.2.2.Final/jboss-marshalling-2.2.2.Final.jar:/home/runner/.m2/repository/io/fabric8/kubernetes-client/7.1.0/kubernetes-client-7.1.0.jar:/home/runner/.m2/repository/io/fabric8/kubernetes-client-api/7.1.0/kubernetes-client-api-7.1.0.jar:/home/runner/.m2/repository/io/fabric8/kubernetes-model-core/7.1.0/kubernetes-model-core-7.1.0.jar:/home/runner/.m2/repository/io/fabric8/kubernetes-model-common/7.1.0/kubernetes-model-common-7.1.0.jar:/home/runner/.m2/repository/javax/annotation/javax.annotation-api/1.3.2/javax.annotation-api-1.3.2.jar:/home/runner/.m2/repository/io/fabric8/kubernetes-model-gatewayapi/7.1.0/kubernetes-model-gatewayapi-7.1.0.jar:/home/runner/.m2/repository/io/fabric8/kubernetes-model-resource/7.1.0/kubernetes-model-resource-7.1.0.jar:/home/runner/.m2/repository/io/fabric8/kubernetes-model-rbac/7.1.0/kubernetes-model-rbac-7.1.0.jar:/home/runner/.m2/repository/io/fabric8/kubernetes-model-admissionregistration/7.1.0/kubernetes-model-admissionregistration-7.1.0.jar:/home/runner/.m2/repository/io/fabric8/kubernetes-model-apps/7.1.0/kubernetes-model-apps-7.1.0.jar:/home/runner/.m2/repository/io/fabric8/kubernetes-model-autoscaling/7.1.0/kubernetes-model-autoscaling-7.1.0.jar:/home/runner/.m2/repository/io/fabric8/kubernetes-model-apiextensions/7.1.0/kubernetes-model-apiextensions-7.1.0.jar:/home/runner/.m2/repository/io/fabric8/kubernetes-model-batch/7.1.0/kubernetes-model-batch-7.1.0.jar:/home/runner/.m2/repository/io/fabric8/kubernetes-model-certificates/7.1.0/kubernetes-model-certificates-7.1.0.jar:/home/runner/.m2/repository/io/fabric8/kubernetes-model-coordination/7.1.0/kubernetes-model-coordination-7.1.0.jar:/home/runner/.m2/repository/io/fabric8/kubernetes-model-discovery/7.1.0/kubernetes-model-discovery-7.1.0.jar:/home/runner/.m2/repository/io/fabric8/kubernetes-model-events/7.1.0/kubernetes-model-events-7.1.0.jar:/home/runner/.m2/repository/io/fabric8/kubernetes-model-extensions/7.1.0/kubernetes-model-extensions-7.1.0.jar:/home/runner/.m2/repository/io/fabric8/kubernetes-model-flowcontrol/7.1.0/kubernetes-model-flowcontrol-7.1.0.jar:/home/runner/.m2/repository/io/fabric8/kubernetes-model-networking/7.1.0/kubernetes-model-networking-7.1.0.jar:/home/runner/.m2/repository/io/fabric8/kubernetes-model-metrics/7.1.0/kubernetes-model-metrics-7.1.0.jar:/home/runner/.m2/repository/io/fabric8/kubernetes-model-policy/7.1.0/kubernetes-model-policy-7.1.0.jar:/home/runner/.m2/repository/io/fabric8/kubernetes-model-scheduling/7.1.0/kubernetes-model-scheduling-7.1.0.jar:/home/runner/.m2/repository/io/fabric8/kubernetes-model-storageclass/7.1.0/kubernetes-model-storageclass-7.1.0.jar:/home/runner/.m2/repository/io/fabric8/kubernetes-model-node/7.1.0/kubernetes-model-node-7.1.0.jar:/home/runner/.m2/repository/org/snakeyaml/snakeyaml-engine/2.9/snakeyaml-engine-2.9.jar:/home/runner/.m2/repository/com/fasterxml/jackson/dataformat/jackson-dataformat-yaml/2.15.2/jackson-dataformat-yaml-2.15.2.jar:/home/runner/.m2/repository/com/fasterxml/jackson/datatype/jackson-datatype-jsr310/2.18.2/jackson-datatype-jsr310-2.18.2.jar:/home/runner/.m2/repository/io/fabric8/zjsonpatch/7.1.0/zjsonpatch-7.1.0.jar:/home/runner/.m2/repository/io/fabric8/kubernetes-httpclient-vertx/7.1.0/kubernetes-httpclient-vertx-7.1.0.jar:/home/runner/.m2/repository/io/vertx/vertx-web-client/4.5.14/vertx-web-client-4.5.14.jar:/home/runner/.m2/repository/io/vertx/vertx-web-common/4.5.14/vertx-web-common-4.5.14.jar:/home/runner/.m2/repository/io/vertx/vertx-auth-common/4.5.14/vertx-auth-common-4.5.14.jar:/home/runner/.m2/repository/io/vertx/vertx-uri-template/4.5.14/vertx-uri-template-4.5.14.jar:/home/runner/.m2/repository/io/fabric8/openshift-client/7.1.0/openshift-client-7.1.0.jar:/home/runner/.m2/repository/io/fabric8/openshift-client-api/7.1.0/openshift-client-api-7.1.0.jar:/home/runner/.m2/repository/io/fabric8/openshift-model/7.1.0/openshift-model-7.1.0.jar:/home/runner/.m2/repository/io/fabric8/openshift-model-autoscaling/7.1.0/openshift-model-autoscaling-7.1.0.jar:/home/runner/.m2/repository/io/fabric8/openshift-model-operator/7.1.0/openshift-model-operator-7.1.0.jar:/home/runner/.m2/repository/io/fabric8/openshift-model-operatorhub/7.1.0/openshift-model-operatorhub-7.1.0.jar:/home/runner/.m2/repository/io/fabric8/openshift-model-machine/7.1.0/openshift-model-machine-7.1.0.jar:/home/runner/.m2/repository/io/fabric8/openshift-model-whereabouts/7.1.0/openshift-model-whereabouts-7.1.0.jar:/home/runner/.m2/repository/io/fabric8/openshift-model-monitoring/7.1.0/openshift-model-monitoring-7.1.0.jar:/home/runner/.m2/repository/io/fabric8/openshift-model-storageversionmigrator/7.1.0/openshift-model-storageversionmigrator-7.1.0.jar:/home/runner/.m2/repository/io/fabric8/openshift-model-tuned/7.1.0/openshift-model-tuned-7.1.0.jar:/home/runner/.m2/repository/io/fabric8/openshift-model-console/7.1.0/openshift-model-console-7.1.0.jar:/home/runner/.m2/repository/io/fabric8/openshift-model-config/7.1.0/openshift-model-config-7.1.0.jar:/home/runner/.m2/repository/io/fabric8/openshift-model-machineconfiguration/7.1.0/openshift-model-machineconfiguration-7.1.0.jar:/home/runner/.m2/repository/io/fabric8/openshift-model-miscellaneous/7.1.0/openshift-model-miscellaneous-7.1.0.jar:/home/runner/.m2/repository/io/fabric8/openshift-model-hive/7.1.0/openshift-model-hive-7.1.0.jar:/home/runner/.m2/repository/io/fabric8/openshift-model-installer/7.1.0/openshift-model-installer-7.1.0.jar:/home/runner/.m2/repository/org/junit/platform/junit-platform-launcher/1.12.1/junit-platform-launcher-1.12.1.jar:/home/runner/.m2/repository/org/junit/platform/junit-platform-engine/1.12.1/junit-platform-engine-1.12.1.jar:/home/runner/.m2/repository/org/opentest4j/opentest4j/1.3.0/opentest4j-1.3.0.jar:/home/runner/.m2/repository/org/junit/platform/junit-platform-commons/1.12.1/junit-platform-commons-1.12.1.jar:/home/runner/.m2/repository/org/apiguardian/apiguardian-api/1.1.2/apiguardian-api-1.1.2.jar:/home/runner/.m2/repository/jakarta/ws/rs/jakarta.ws.rs-api/3.1.0/jakarta.ws.rs-api-3.1.0.jar:/home/runner/work/apicurio-testing/apicurio-testing/clusters/ci419/namespaces/inmemory/tests/integration/apicurio-registry/java-sdk/target/apicurio-registry-java-sdk-3.0.11-SNAPSHOT.jar:/home/runner/.m2/repository/com/microsoft/kiota/microsoft-kiota-abstractions/1.8.8/microsoft-kiota-abstractions-1.8.8.jar:/home/runner/.m2/repository/io/github/std-uritemplate/std-uritemplate/2.0.0/std-uritemplate-2.0.0.jar:/home/runner/.m2/repository/io/kiota/kiota-http-jdk/0.0.21/kiota-http-jdk-0.0.21.jar:/home/runner/.m2/repository/io/kiota/kiota-http-vertx/0.0.21/kiota-http-vertx-0.0.21.jar:/home/runner/.m2/repository/io/kiota/kiota-serialization-jackson/0.0.21/kiota-serialization-jackson-0.0.21.jar:/home/runner/.m2/repository/com/microsoft/kiota/microsoft-kiota-serialization-text/1.8.8/microsoft-kiota-serialization-text-1.8.8.jar:/home/runner/.m2/repository/com/microsoft/kiota/microsoft-kiota-serialization-form/1.8.8/microsoft-kiota-serialization-form-1.8.8.jar:/home/runner/.m2/repository/com/microsoft/kiota/microsoft-kiota-serialization-multipart/1.8.8/microsoft-kiota-serialization-multipart-1.8.8.jar:/home/runner/.m2/repository/jakarta/annotation/jakarta.annotation-api/3.0.0/jakarta.annotation-api-3.0.0.jar:/home/runner/.m2/repository/io/vertx/vertx-auth-oauth2/4.5.14/vertx-auth-oauth2-4.5.14.jar:/home/runner/work/apicurio-testing/apicurio-testing/clusters/ci419/namespaces/inmemory/tests/integration/apicurio-registry/java-sdk-v2/target/apicurio-registry-v2-java-sdk-3.0.11-SNAPSHOT.jar:/home/runner/work/apicurio-testing/apicurio-testing/clusters/ci419/namespaces/inmemory/tests/integration/apicurio-registry/utils/kafka/target/apicurio-registry-utils-kafka-3.0.11-SNAPSHOT-tests.jar:/home/runner/.m2/repository/org/eclipse/microprofile/config/microprofile-config-api/3.1/microprofile-config-api-3.1.jar:/home/runner/.m2/repository/org/apache/kafka/kafka-clients/3.9.1/kafka-clients-3.9.1.jar:/home/runner/.m2/repository/com/github/luben/zstd-jni/1.5.6-4/zstd-jni-1.5.6-4.jar:/home/runner/.m2/repository/org/lz4/lz4-java/1.8.0/lz4-java-1.8.0.jar:/home/runner/.m2/repository/org/xerial/snappy/snappy-java/1.1.10.5/snappy-java-1.1.10.5.jar:/home/runner/.m2/repository/org/slf4j/slf4j-api/2.0.6/slf4j-api-2.0.6.jar:/home/runner/work/apicurio-testing/apicurio-testing/clusters/ci419/namespaces/inmemory/tests/integration/apicurio-registry/utils/tests/target/apicurio-registry-utils-tests-3.0.11-SNAPSHOT.jar:/home/runner/work/apicurio-testing/apicurio-testing/clusters/ci419/namespaces/inmemory/tests/integration/apicurio-registry/common/target/apicurio-registry-common-3.0.11-SNAPSHOT.jar:/home/runner/.m2/repository/jakarta/validation/jakarta.validation-api/3.0.2/jakarta.validation-api-3.0.2.jar:/home/runner/.m2/repository/com/github/dasniko/testcontainers-keycloak/3.6.0/testcontainers-keycloak-3.6.0.jar:/home/runner/.m2/repository/org/testcontainers/testcontainers/1.20.6/testcontainers-1.20.6.jar:/home/runner/.m2/repository/org/rnorth/duct-tape/duct-tape/1.0.8/duct-tape-1.0.8.jar:/home/runner/.m2/repository/org/jetbrains/annotations/26.0.2/annotations-26.0.2.jar:/home/runner/.m2/repository/com/github/docker-java/docker-java-transport-zerodep/3.4.1/docker-java-transport-zerodep-3.4.1.jar:/home/runner/.m2/repository/com/github/docker-java/docker-java-transport/3.4.1/docker-java-transport-3.4.1.jar:/home/runner/.m2/repository/net/java/dev/jna/jna/5.8.0/jna-5.8.0.jar:/home/runner/.m2/repository/io/quarkus/quarkus-junit4-mock/3.20.1/quarkus-junit4-mock-3.20.1.jar:/home/runner/.m2/repository/org/jboss/shrinkwrap/shrinkwrap-api/2.0.0-beta-2/shrinkwrap-api-2.0.0-beta-2.jar:/home/runner/.m2/repository/org/jboss/shrinkwrap/shrinkwrap-impl-base/2.0.0-beta-2/shrinkwrap-impl-base-2.0.0-beta-2.jar:/home/runner/.m2/repository/org/jboss/shrinkwrap/shrinkwrap-spi/2.0.0-beta-2/shrinkwrap-spi-2.0.0-beta-2.jar:/home/runner/.m2/repository/org/keycloak/keycloak-admin-client/26.0.4/keycloak-admin-client-26.0.4.jar:/home/runner/.m2/repository/org/keycloak/keycloak-client-common-synced/26.0.4/keycloak-client-common-synced-26.0.4.jar:/home/runner/.m2/repository/jakarta/activation/jakarta.activation-api/2.1.3/jakarta.activation-api-2.1.3.jar:/home/runner/.m2/repository/org/eclipse/microprofile/openapi/microprofile-openapi-api/4.0.2/microprofile-openapi-api-4.0.2.jar:/home/runner/.m2/repository/org/jboss/resteasy/resteasy-client/6.2.12.Final/resteasy-client-6.2.12.Final.jar:/home/runner/.m2/repository/org/jboss/resteasy/resteasy-client-api/6.2.12.Final/resteasy-client-api-6.2.12.Final.jar:/home/runner/.m2/repository/org/jboss/resteasy/resteasy-core-spi/6.2.12.Final/resteasy-core-spi-6.2.12.Final.jar:/home/runner/.m2/repository/org/jboss/resteasy/resteasy-core/6.2.12.Final/resteasy-core-6.2.12.Final.jar:/home/runner/.m2/repository/org/eclipse/angus/angus-activation/2.0.2/angus-activation-2.0.2.jar:/home/runner/.m2/repository/com/ibm/async/asyncutil/0.1.0/asyncutil-0.1.0.jar:/home/runner/.m2/repository/org/reactivestreams/reactive-streams/1.0.4/reactive-streams-1.0.4.jar:/home/runner/.m2/repository/org/jboss/resteasy/resteasy-multipart-provider/6.2.12.Final/resteasy-multipart-provider-6.2.12.Final.jar:/home/runner/.m2/repository/jakarta/mail/jakarta.mail-api/2.1.3/jakarta.mail-api-2.1.3.jar:/home/runner/.m2/repository/org/eclipse/angus/angus-mail/2.0.3/angus-mail-2.0.3.jar:/home/runner/.m2/repository/org/apache/james/apache-mime4j-dom/0.8.12/apache-mime4j-dom-0.8.12.jar:/home/runner/.m2/repository/org/apache/james/apache-mime4j-core/0.8.12/apache-mime4j-core-0.8.12.jar:/home/runner/.m2/repository/org/apache/james/apache-mime4j-storage/0.8.12/apache-mime4j-storage-0.8.12.jar:/home/runner/.m2/repository/org/jboss/resteasy/resteasy-jackson2-provider/6.2.12.Final/resteasy-jackson2-provider-6.2.12.Final.jar:/home/runner/.m2/repository/com/fasterxml/jackson/jakarta/rs/jackson-jakarta-rs-base/2.18.2/jackson-jakarta-rs-base-2.18.2.jar:/home/runner/.m2/repository/com/fasterxml/jackson/jakarta/rs/jackson-jakarta-rs-json-provider/2.18.2/jackson-jakarta-rs-json-provider-2.18.2.jar:/home/runner/.m2/repository/com/fasterxml/jackson/module/jackson-module-jakarta-xmlbind-annotations/2.18.2/jackson-module-jakarta-xmlbind-annotations-2.18.2.jar:/home/runner/.m2/repository/com/github/java-json-tools/json-patch/1.13/json-patch-1.13.jar:/home/runner/.m2/repository/com/github/java-json-tools/msg-simple/1.2/msg-simple-1.2.jar:/home/runner/.m2/repository/com/github/java-json-tools/btf/1.3/btf-1.3.jar:/home/runner/.m2/repository/com/github/java-json-tools/jackson-coreutils/2.0/jackson-coreutils-2.0.jar:/home/runner/.m2/repository/org/jboss/resteasy/resteasy-jaxb-provider/6.2.12.Final/resteasy-jaxb-provider-6.2.12.Final.jar:/home/runner/.m2/repository/org/glassfish/jaxb/codemodel/4.0.5/codemodel-4.0.5.jar:/home/runner/.m2/repository/org/glassfish/jaxb/jaxb-core/4.0.5/jaxb-core-4.0.5.jar:/home/runner/.m2/repository/org/glassfish/jaxb/jaxb-jxc/4.0.5/jaxb-jxc-4.0.5.jar:/home/runner/.m2/repository/org/glassfish/jaxb/jaxb-runtime/4.0.5/jaxb-runtime-4.0.5.jar:/home/runner/.m2/repository/org/glassfish/jaxb/txw2/4.0.5/txw2-4.0.5.jar:/home/runner/.m2/repository/org/glassfish/jaxb/jaxb-xjc/4.0.5/jaxb-xjc-4.0.5.jar:/home/runner/.m2/repository/org/glassfish/jaxb/xsom/4.0.5/xsom-4.0.5.jar:/home/runner/.m2/repository/com/sun/istack/istack-commons-runtime/4.1.2/istack-commons-runtime-4.1.2.jar:/home/runner/.m2/repository/com/sun/istack/istack-commons-tools/4.1.2/istack-commons-tools-4.1.2.jar:/home/runner/.m2/repository/com/sun/xml/bind/external/relaxng-datatype/4.0.5/relaxng-datatype-4.0.5.jar:/home/runner/.m2/repository/com/sun/xml/bind/external/rngom/4.0.5/rngom-4.0.5.jar:/home/runner/.m2/repository/org/testcontainers/mssqlserver/1.20.6/mssqlserver-1.20.6.jar:/home/runner/.m2/repository/org/testcontainers/jdbc/1.20.6/jdbc-1.20.6.jar:/home/runner/.m2/repository/org/testcontainers/database-commons/1.20.6/database-commons-1.20.6.jar:/home/runner/.m2/repository/org/testcontainers/mysql/1.20.6/mysql-1.20.6.jar:/home/runner/.m2/repository/io/strimzi/strimzi-test-container/0.107.0/strimzi-test-container-0.107.0.jar:/home/runner/.m2/repository/org/testcontainers/toxiproxy/1.20.6/toxiproxy-1.20.6.jar:/home/runner/.m2/repository/com/github/docker-java/docker-java-api/3.4.1/docker-java-api-3.4.1.jar:/home/runner/.m2/repository/eu/rekawek/toxiproxy/toxiproxy-java/2.1.7/toxiproxy-java-2.1.7.jar:/home/runner/.m2/repository/junit/junit/4.13.2/junit-4.13.2.jar:/home/runner/.m2/repository/org/hamcrest/hamcrest-core/1.3/hamcrest-core-1.3.jar:/home/runner/.m2/repository/org/testcontainers/pulsar/1.20.4/pulsar-1.20.4.jar:/home/runner/.m2/repository/io/debezium/debezium-testing-testcontainers/2.6.2.Final/debezium-testing-testcontainers-2.6.2.Final.jar:/home/runner/.m2/repository/org/testcontainers/kafka/1.20.6/kafka-1.20.6.jar:/home/runner/.m2/repository/com/squareup/okhttp3/okhttp/4.8.1/okhttp-4.8.1.jar:/home/runner/.m2/repository/com/squareup/okio/okio/3.10.2/okio-3.10.2.jar:/home/runner/.m2/repository/com/squareup/okio/okio-jvm/3.10.2/okio-jvm-3.10.2.jar:/home/runner/.m2/repository/org/jetbrains/kotlin/kotlin-stdlib/2.0.21/kotlin-stdlib-2.0.21.jar:/home/runner/.m2/repository/org/awaitility/awaitility/4.2.2/awaitility-4.2.2.jar:/home/runner/.m2/repository/org/testcontainers/mongodb/1.20.6/mongodb-1.20.6.jar:/home/runner/.m2/repository/org/testcontainers/oracle-xe/1.20.6/oracle-xe-1.20.6.jar:/home/runner/.m2/repository/org/testcontainers/postgresql/1.20.6/postgresql-1.20.6.jar:/home/runner/.m2/repository/org/wiremock/wiremock/3.0.1/wiremock-3.0.1.jar:/home/runner/.m2/repository/org/eclipse/jetty/jetty-server/11.0.15/jetty-server-11.0.15.jar:/home/runner/.m2/repository/org/eclipse/jetty/toolchain/jetty-jakarta-servlet-api/5.0.2/jetty-jakarta-servlet-api-5.0.2.jar:/home/runner/.m2/repository/org/eclipse/jetty/jetty-http/11.0.15/jetty-http-11.0.15.jar:/home/runner/.m2/repository/org/eclipse/jetty/jetty-io/11.0.15/jetty-io-11.0.15.jar:/home/runner/.m2/repository/org/eclipse/jetty/jetty-servlet/11.0.15/jetty-servlet-11.0.15.jar:/home/runner/.m2/repository/org/eclipse/jetty/jetty-security/11.0.15/jetty-security-11.0.15.jar:/home/runner/.m2/repository/org/eclipse/jetty/jetty-servlets/11.0.15/jetty-servlets-11.0.15.jar:/home/runner/.m2/repository/org/eclipse/jetty/jetty-util/11.0.15/jetty-util-11.0.15.jar:/home/runner/.m2/repository/org/eclipse/jetty/jetty-webapp/11.0.15/jetty-webapp-11.0.15.jar:/home/runner/.m2/repository/org/eclipse/jetty/jetty-xml/11.0.15/jetty-xml-11.0.15.jar:/home/runner/.m2/repository/org/eclipse/jetty/jetty-proxy/11.0.15/jetty-proxy-11.0.15.jar:/home/runner/.m2/repository/org/eclipse/jetty/jetty-client/11.0.15/jetty-client-11.0.15.jar:/home/runner/.m2/repository/org/eclipse/jetty/http2/http2-server/11.0.15/http2-server-11.0.15.jar:/home/runner/.m2/repository/org/eclipse/jetty/http2/http2-common/11.0.15/http2-common-11.0.15.jar:/home/runner/.m2/repository/org/eclipse/jetty/http2/http2-hpack/11.0.15/http2-hpack-11.0.15.jar:/home/runner/.m2/repository/org/eclipse/jetty/jetty-alpn-server/11.0.15/jetty-alpn-server-11.0.15.jar:/home/runner/.m2/repository/org/eclipse/jetty/jetty-alpn-java-server/11.0.15/jetty-alpn-java-server-11.0.15.jar:/home/runner/.m2/repository/org/eclipse/jetty/jetty-alpn-java-client/11.0.15/jetty-alpn-java-client-11.0.15.jar:/home/runner/.m2/repository/org/eclipse/jetty/jetty-alpn-client/11.0.15/jetty-alpn-client-11.0.15.jar:/home/runner/.m2/repository/org/apache/httpcomponents/client5/httpclient5/5.2.1/httpclient5-5.2.1.jar:/home/runner/.m2/repository/org/apache/httpcomponents/core5/httpcore5/5.2/httpcore5-5.2.jar:/home/runner/.m2/repository/org/apache/httpcomponents/core5/httpcore5-h2/5.2/httpcore5-h2-5.2.jar:/home/runner/.m2/repository/org/xmlunit/xmlunit-core/2.9.1/xmlunit-core-2.9.1.jar:/home/runner/.m2/repository/jakarta/xml/bind/jakarta.xml.bind-api/4.0.2/jakarta.xml.bind-api-4.0.2.jar:/home/runner/.m2/repository/org/xmlunit/xmlunit-legacy/2.9.1/xmlunit-legacy-2.9.1.jar:/home/runner/.m2/repository/org/xmlunit/xmlunit-placeholders/2.9.1/xmlunit-placeholders-2.9.1.jar:/home/runner/.m2/repository/net/javacrumbs/json-unit/json-unit-core/2.38.0/json-unit-core-2.38.0.jar:/home/runner/.m2/repository/com/jayway/jsonpath/json-path/2.8.0/json-path-2.8.0.jar:/home/runner/.m2/repository/net/minidev/json-smart/2.4.10/json-smart-2.4.10.jar:/home/runner/.m2/repository/net/minidev/accessors-smart/2.4.9/accessors-smart-2.4.9.jar:/home/runner/.m2/repository/org/ow2/asm/asm/9.7.1/asm-9.7.1.jar:/home/runner/.m2/repository/net/sf/jopt-simple/jopt-simple/5.0.4/jopt-simple-5.0.4.jar:/home/runner/.m2/repository/com/github/jknack/handlebars/4.3.1/handlebars-4.3.1.jar:/home/runner/.m2/repository/com/github/jknack/handlebars-helpers/4.3.1/handlebars-helpers-4.3.1.jar:/home/runner/.m2/repository/commons-fileupload/commons-fileupload/1.5/commons-fileupload-1.5.jar:/home/runner/.m2/repository/com/networknt/json-schema-validator/1.5.5/json-schema-validator-1.5.5.jar:/home/runner/.m2/repository/com/ethlo/time/itu/1.10.3/itu-1.10.3.jar:/home/runner/.m2/repository/io/quarkus/quarkus-smallrye-jwt-build/3.20.1/quarkus-smallrye-jwt-build-3.20.1.jar:/home/runner/.m2/repository/io/smallrye/smallrye-jwt-build/4.6.1/smallrye-jwt-build-4.6.1.jar:/home/runner/.m2/repository/org/eclipse/microprofile/jwt/microprofile-jwt-auth-api/2.1/microprofile-jwt-auth-api-2.1.jar:/home/runner/.m2/repository/org/bitbucket/b_c/jose4j/0.9.6/jose4j-0.9.6.jar:/home/runner/.m2/repository/io/smallrye/smallrye-jwt-common/4.6.1/smallrye-jwt-common-4.6.1.jar:/home/runner/.m2/repository/io/quarkus/quarkus-jsonp/3.20.1/quarkus-jsonp-3.20.1.jar:/home/runner/.m2/repository/io/quarkus/quarkus-arc/3.20.1/quarkus-arc-3.20.1.jar:/home/runner/.m2/repository/io/quarkus/arc/arc/3.20.1/arc-3.20.1.jar:/home/runner/.m2/repository/jakarta/transaction/jakarta.transaction-api/2.0.1/jakarta.transaction-api-2.0.1.jar:/home/runner/.m2/repository/io/smallrye/reactive/mutiny/2.8.0/mutiny-2.8.0.jar:/home/runner/.m2/repository/org/jctools/jctools-core/4.0.5/jctools-core-4.0.5.jar:/home/runner/.m2/repository/org/eclipse/microprofile/context-propagation/microprofile-context-propagation-api/1.3/microprofile-context-propagation-api-1.3.jar:/home/runner/.m2/repository/io/apicurio/apicurio-common-rest-client-common/0.1.18.Final/apicurio-common-rest-client-common-0.1.18.Final.jar:/home/runner/work/apicurio-testing/apicurio-testing/clusters/ci419/namespaces/inmemory/tests/integration/apicurio-registry/utils/maven-plugin/target/apicurio-registry-maven-plugin-3.0.11-SNAPSHOT.jar:/home/runner/.m2/repository/com/fasterxml/jackson/core/jackson-databind/2.18.2/jackson-databind-2.18.2.jar:/home/runner/.m2/repository/org/apache/avro/avro/1.12.0/avro-1.12.0.jar:/home/runner/.m2/repository/com/google/protobuf/protobuf-java/4.31.1/protobuf-java-4.31.1.jar:/home/runner/.m2/repository/com/google/protobuf/protobuf-java-util/4.31.1/protobuf-java-util-4.31.1.jar:/home/runner/.m2/repository/com/google/code/findbugs/jsr305/3.0.2/jsr305-3.0.2.jar:/home/runner/.m2/repository/com/google/code/gson/gson/2.12.1/gson-2.12.1.jar:/home/runner/.m2/repository/com/google/errorprone/error_prone_annotations/2.36.0/error_prone_annotations-2.36.0.jar:/home/runner/.m2/repository/com/google/j2objc/j2objc-annotations/2.8/j2objc-annotations-2.8.jar:/home/runner/work/apicurio-testing/apicurio-testing/clusters/ci419/namespaces/inmemory/tests/integration/apicurio-registry/schema-util/util-provider/target/apicurio-registry-schema-util-provider-3.0.11-SNAPSHOT.jar:/home/runner/work/apicurio-testing/apicurio-testing/clusters/ci419/namespaces/inmemory/tests/integration/apicurio-registry/schema-util/common/target/apicurio-registry-schema-util-common-3.0.11-SNAPSHOT.jar:/home/runner/.m2/repository/com/fasterxml/jackson/module/jackson-module-parameter-names/2.18.2/jackson-module-parameter-names-2.18.2.jar:/home/runner/.m2/repository/com/fasterxml/jackson/datatype/jackson-datatype-json-org/2.18.2/jackson-datatype-json-org-2.18.2.jar:/home/runner/work/apicurio-testing/apicurio-testing/clusters/ci419/namespaces/inmemory/tests/integration/apicurio-registry/schema-util/json/target/apicurio-registry-schema-util-json-3.0.11-SNAPSHOT.jar:/home/runner/.m2/repository/com/github/erosb/everit-json-schema/1.14.5/everit-json-schema-1.14.5.jar:/home/runner/.m2/repository/commons-validator/commons-validator/1.9.0/commons-validator-1.9.0.jar:/home/runner/.m2/repository/commons-digester/commons-digester/2.1/commons-digester-2.1.jar:/home/runner/.m2/repository/commons-collections/commons-collections/3.2.2/commons-collections-3.2.2.jar:/home/runner/.m2/repository/com/damnhandy/handy-uri-templates/2.1.8/handy-uri-templates-2.1.8.jar:/home/runner/.m2/repository/joda-time/joda-time/2.10.2/joda-time-2.10.2.jar:/home/runner/.m2/repository/com/github/erosb/json-sKema/0.20.0/json-sKema-0.20.0.jar:/home/runner/.m2/repository/io/vertx/vertx-json-schema/4.5.14/vertx-json-schema-4.5.14.jar:/home/runner/work/apicurio-testing/apicurio-testing/clusters/ci419/namespaces/inmemory/tests/integration/apicurio-registry/schema-util/protobuf/target/apicurio-registry-schema-util-protobuf-3.0.11-SNAPSHOT.jar:/home/runner/work/apicurio-testing/apicurio-testing/clusters/ci419/namespaces/inmemory/tests/integration/apicurio-registry/utils/protobuf-schema-utilities/target/apicurio-registry-protobuf-schema-utilities-3.0.11-SNAPSHOT.jar:/home/runner/.m2/repository/com/google/api/grpc/proto-google-common-protos/2.52.0/proto-google-common-protos-2.52.0.jar:/home/runner/.m2/repository/com/squareup/wire/wire-schema-jvm/5.3.3/wire-schema-jvm-5.3.3.jar:/home/runner/.m2/repository/com/palantir/javapoet/javapoet/0.6.0/javapoet-0.6.0.jar:/home/runner/.m2/repository/com/squareup/kotlinpoet-jvm/2.0.0/kotlinpoet-jvm-2.0.0.jar:/home/runner/.m2/repository/org/jetbrains/kotlin/kotlin-reflect/2.0.21/kotlin-reflect-2.0.21.jar:/home/runner/.m2/repository/com/squareup/wire/wire-runtime-jvm/5.3.3/wire-runtime-jvm-5.3.3.jar:/home/runner/.m2/repository/com/ibm/icu/icu4j/76.1/icu4j-76.1.jar:/home/runner/.m2/repository/com/squareup/okio/okio-fakefilesystem/3.10.2/okio-fakefilesystem-3.10.2.jar:/home/runner/.m2/repository/com/squareup/okio/okio-fakefilesystem-jvm/3.10.2/okio-fakefilesystem-jvm-3.10.2.jar:/home/runner/.m2/repository/org/jetbrains/kotlinx/kotlinx-datetime-jvm/0.6.1/kotlinx-datetime-jvm-0.6.1.jar:/home/runner/work/apicurio-testing/apicurio-testing/clusters/ci419/namespaces/inmemory/tests/integration/apicurio-registry/schema-util/asyncapi/target/apicurio-registry-schema-util-asyncapi-3.0.11-SNAPSHOT.jar:/home/runner/work/apicurio-testing/apicurio-testing/clusters/ci419/namespaces/inmemory/tests/integration/apicurio-registry/schema-util/avro/target/apicurio-registry-schema-util-avro-3.0.11-SNAPSHOT.jar:/home/runner/work/apicurio-testing/apicurio-testing/clusters/ci419/namespaces/inmemory/tests/integration/apicurio-registry/schema-util/graphql/target/apicurio-registry-schema-util-graphql-3.0.11-SNAPSHOT.jar:/home/runner/.m2/repository/com/graphql-java/graphql-java/22.3/graphql-java-22.3.jar:/home/runner/.m2/repository/com/graphql-java/java-dataloader/3.3.0/java-dataloader-3.3.0.jar:/home/runner/work/apicurio-testing/apicurio-testing/clusters/ci419/namespaces/inmemory/tests/integration/apicurio-registry/schema-util/kconnect/target/apicurio-registry-schema-util-kconnect-3.0.11-SNAPSHOT.jar:/home/runner/work/apicurio-testing/apicurio-testing/clusters/ci419/namespaces/inmemory/tests/integration/apicurio-registry/schema-util/openapi/target/apicurio-registry-schema-util-openapi-3.0.11-SNAPSHOT.jar:/home/runner/.m2/repository/io/apicurio/apicurio-data-models/2.2.1/apicurio-data-models-2.2.1.jar:/home/runner/.m2/repository/org/openapitools/openapidiff/openapi-diff-core/2.1.2/openapi-diff-core-2.1.2.jar:/home/runner/.m2/repository/io/swagger/parser/v3/swagger-parser/2.1.28/swagger-parser-2.1.28.jar:/home/runner/.m2/repository/io/swagger/parser/v3/swagger-parser-v2-converter/2.1.28/swagger-parser-v2-converter-2.1.28.jar:/home/runner/.m2/repository/io/swagger/swagger-core/1.6.16/swagger-core-1.6.16.jar:/home/runner/.m2/repository/io/swagger/swagger-models/1.6.16/swagger-models-1.6.16.jar:/home/runner/.m2/repository/io/swagger/swagger-annotations/1.6.16/swagger-annotations-1.6.16.jar:/home/runner/.m2/repository/io/swagger/swagger-parser/1.0.75/swagger-parser-1.0.75.jar:/home/runner/.m2/repository/io/swagger/swagger-parser-safe-url-resolver/1.0.75/swagger-parser-safe-url-resolver-1.0.75.jar:/home/runner/.m2/repository/io/swagger/swagger-compat-spec-parser/1.0.75/swagger-compat-spec-parser-1.0.75.jar:/home/runner/.m2/repository/com/github/java-json-tools/json-schema-validator/2.2.14/json-schema-validator-2.2.14.jar:/home/runner/.m2/repository/com/github/java-json-tools/jackson-coreutils-equivalence/1.0/jackson-coreutils-equivalence-1.0.jar:/home/runner/.m2/repository/com/github/java-json-tools/json-schema-core/1.2.14/json-schema-core-1.2.14.jar:/home/runner/.m2/repository/com/github/java-json-tools/uri-template/0.10/uri-template-0.10.jar:/home/runner/.m2/repository/com/googlecode/libphonenumber/libphonenumber/8.11.1/libphonenumber-8.11.1.jar:/home/runner/.m2/repository/com/j2html/j2html/1.6.0/j2html-1.6.0.jar:/home/runner/.m2/repository/org/apache/commons/commons-collections4/4.5.0/commons-collections4-4.5.0.jar:/home/runner/.m2/repository/org/apache/commons/commons-configuration2/2.12.0/commons-configuration2-2.12.0.jar:/home/runner/.m2/repository/org/apache/commons/commons-text/1.13.0/commons-text-1.13.0.jar:/home/runner/.m2/repository/org/slf4j/jcl-over-slf4j/2.0.17/jcl-over-slf4j-2.0.17.jar:/home/runner/.m2/repository/io/swagger/parser/v3/swagger-parser-v3/2.1.30/swagger-parser-v3-2.1.30.jar:/home/runner/.m2/repository/io/swagger/core/v3/swagger-models/2.2.34/swagger-models-2.2.34.jar:/home/runner/.m2/repository/io/swagger/core/v3/swagger-core/2.2.34/swagger-core-2.2.34.jar:/home/runner/.m2/repository/io/swagger/parser/v3/swagger-parser-core/2.1.30/swagger-parser-core-2.1.30.jar:/home/runner/.m2/repository/io/swagger/parser/v3/swagger-parser-safe-url-resolver/2.1.30/swagger-parser-safe-url-resolver-2.1.30.jar:/home/runner/work/apicurio-testing/apicurio-testing/clusters/ci419/namespaces/inmemory/tests/integration/apicurio-registry/schema-util/wsdl/target/apicurio-registry-schema-util-wsdl-3.0.11-SNAPSHOT.jar:/home/runner/.m2/repository/wsdl4j/wsdl4j/1.6.3/wsdl4j-1.6.3.jar:/home/runner/work/apicurio-testing/apicurio-testing/clusters/ci419/namespaces/inmemory/tests/integration/apicurio-registry/schema-util/xml/target/apicurio-registry-schema-util-xml-3.0.11-SNAPSHOT.jar:/home/runner/.m2/repository/org/apache/santuario/xmlsec/4.0.3/xmlsec-4.0.3.jar:/home/runner/.m2/repository/com/fasterxml/woodstox/woodstox-core/7.1.0/woodstox-core-7.1.0.jar:/home/runner/.m2/repository/org/codehaus/woodstox/stax2-api/4.2.2/stax2-api-4.2.2.jar:/home/runner/work/apicurio-testing/apicurio-testing/clusters/ci419/namespaces/inmemory/tests/integration/apicurio-registry/schema-util/xsd/target/apicurio-registry-schema-util-xsd-3.0.11-SNAPSHOT.jar:/home/runner/work/apicurio-testing/apicurio-testing/clusters/ci419/namespaces/inmemory/tests/integration/apicurio-registry/serdes/kafka/jsonschema-serde/target/apicurio-registry-jsonschema-serde-kafka-3.0.11-SNAPSHOT.jar:/home/runner/work/apicurio-testing/apicurio-testing/clusters/ci419/namespaces/inmemory/tests/integration/apicurio-registry/serdes/kafka/serde-kafka-common/target/apicurio-registry-serde-kafka-common-3.0.11-SNAPSHOT.jar:/home/runner/work/apicurio-testing/apicurio-testing/clusters/ci419/namespaces/inmemory/tests/integration/apicurio-registry/serdes/generic/serde-common/target/apicurio-registry-serde-common-3.0.11-SNAPSHOT.jar:/home/runner/work/apicurio-testing/apicurio-testing/clusters/ci419/namespaces/inmemory/tests/integration/apicurio-registry/serdes/generic/serde-common-jsonschema/target/apicurio-registry-serde-common-jsonschema-3.0.11-SNAPSHOT.jar:/home/runner/.m2/repository/org/json/json/20250107/json-20250107.jar:/home/runner/work/apicurio-testing/apicurio-testing/clusters/ci419/namespaces/inmemory/tests/integration/apicurio-registry/serdes/kafka/avro-serde/target/apicurio-registry-avro-serde-kafka-3.0.11-SNAPSHOT.jar:/home/runner/work/apicurio-testing/apicurio-testing/clusters/ci419/namespaces/inmemory/tests/integration/apicurio-registry/serdes/generic/serde-common-avro/target/apicurio-registry-serde-common-avro-3.0.11-SNAPSHOT.jar:/home/runner/work/apicurio-testing/apicurio-testing/clusters/ci419/namespaces/inmemory/tests/integration/apicurio-registry/serdes/kafka/protobuf-serde/target/apicurio-registry-protobuf-serde-kafka-3.0.11-SNAPSHOT.jar:/home/runner/work/apicurio-testing/apicurio-testing/clusters/ci419/namespaces/inmemory/tests/integration/apicurio-registry/serdes/generic/serde-common-protobuf/target/apicurio-registry-serde-common-protobuf-3.0.11-SNAPSHOT.jar:/home/runner/.m2/repository/com/squareup/wire/wire-schema/5.3.3/wire-schema-5.3.3.jar:/home/runner/.m2/repository/com/squareup/wire/wire-runtime/5.3.3/wire-runtime-5.3.3.jar:/home/runner/work/apicurio-testing/apicurio-testing/clusters/ci419/namespaces/inmemory/tests/integration/apicurio-registry/serdes/pulsar/avro-serde/target/apicurio-registry-avro-serde-pulsar-3.0.11-SNAPSHOT.jar:/home/runner/.m2/repository/org/apache/pulsar/pulsar-functions-api/3.3.4/pulsar-functions-api-3.3.4.jar:/home/runner/work/apicurio-testing/apicurio-testing/clusters/ci419/namespaces/inmemory/tests/integration/apicurio-registry/serdes/nats/avro-serde/target/apicurio-registry-avro-serde-nats-3.0.11-SNAPSHOT.jar:/home/runner/.m2/repository/io/nats/jnats/2.20.5/jnats-2.20.5.jar:/home/runner/.m2/repository/net/i2p/crypto/eddsa/0.3.0/eddsa-0.3.0.jar:/home/runner/work/apicurio-testing/apicurio-testing/clusters/ci419/namespaces/inmemory/tests/integration/apicurio-registry/utils/converter/target/apicurio-registry-utils-converter-3.0.11-SNAPSHOT.jar:/home/runner/work/apicurio-testing/apicurio-testing/clusters/ci419/namespaces/inmemory/tests/integration/apicurio-registry/schema-resolver/target/apicurio-registry-schema-resolver-3.0.11-SNAPSHOT.jar:/home/runner/.m2/repository/org/apache/kafka/connect-api/3.9.1/connect-api-3.9.1.jar:/home/runner/.m2/repository/javax/ws/rs/javax.ws.rs-api/2.1.1/javax.ws.rs-api-2.1.1.jar:/home/runner/.m2/repository/org/apache/kafka/connect-json/3.9.1/connect-json-3.9.1.jar:/home/runner/.m2/repository/com/fasterxml/jackson/datatype/jackson-datatype-jdk8/2.18.2/jackson-datatype-jdk8-2.18.2.jar:/home/runner/.m2/repository/com/fasterxml/jackson/module/jackson-module-afterburner/2.18.2/jackson-module-afterburner-2.18.2.jar:/home/runner/work/apicurio-testing/apicurio-testing/clusters/ci419/namespaces/inmemory/tests/integration/apicurio-registry/utils/kafka/target/apicurio-registry-utils-kafka-3.0.11-SNAPSHOT.jar:/home/runner/.m2/repository/org/apache/pulsar/pulsar-client/3.3.4/pulsar-client-3.3.4.jar:/home/runner/.m2/repository/org/apache/pulsar/pulsar-client-api/3.3.4/pulsar-client-api-3.3.4.jar:/home/runner/.m2/repository/org/apache/pulsar/pulsar-client-admin-api/3.3.4/pulsar-client-admin-api-3.3.4.jar:/home/runner/.m2/repository/org/apache/pulsar/bouncy-castle-bc/3.3.4/bouncy-castle-bc-3.3.4-pkg.jar:/home/runner/.m2/repository/org/bouncycastle/bcpkix-jdk18on/1.80/bcpkix-jdk18on-1.80.jar:/home/runner/.m2/repository/org/bouncycastle/bcutil-jdk18on/1.80/bcutil-jdk18on-1.80.jar:/home/runner/.m2/repository/org/bouncycastle/bcprov-jdk18on/1.80/bcprov-jdk18on-1.80.jar:/home/runner/.m2/repository/io/opentelemetry/opentelemetry-api/1.44.1/opentelemetry-api-1.44.1.jar:/home/runner/.m2/repository/io/opentelemetry/opentelemetry-context/1.44.1/opentelemetry-context-1.44.1.jar:/home/runner/.m2/repository/io/opentelemetry/opentelemetry-api-incubator/1.44.1-alpha/opentelemetry-api-incubator-1.44.1-alpha.jar:/home/runner/.m2/repository/com/fasterxml/jackson/core/jackson-annotations/2.18.2/jackson-annotations-2.18.2.jar:/home/runner/.m2/repository/javax/validation/validation-api/1.1.0.Final/validation-api-1.1.0.Final.jar:/home/runner/.m2/repository/io/confluent/kafka-avro-serializer/8.0.0/kafka-avro-serializer-8.0.0.jar:/home/runner/.m2/repository/org/apache/commons/commons-compress/1.27.1/commons-compress-1.27.1.jar:/home/runner/.m2/repository/io/confluent/kafka-schema-serializer/8.0.0/kafka-schema-serializer-8.0.0.jar:/home/runner/.m2/repository/com/fasterxml/jackson/dataformat/jackson-dataformat-csv/2.18.2/jackson-dataformat-csv-2.18.2.jar:/home/runner/.m2/repository/io/confluent/kafka-schema-registry-client/8.0.0/kafka-schema-registry-client-8.0.0.jar:/home/runner/.m2/repository/org/yaml/snakeyaml/2.3/snakeyaml-2.3.jar:/home/runner/.m2/repository/io/swagger/core/v3/swagger-annotations/2.2.29/swagger-annotations-2.2.29.jar:/home/runner/.m2/repository/com/google/guava/guava/33.4.0-jre/guava-33.4.0-jre.jar:/home/runner/.m2/repository/com/google/guava/failureaccess/1.0.1/failureaccess-1.0.1.jar:/home/runner/.m2/repository/org/checkerframework/checker-qual/3.49.0/checker-qual-3.49.0.jar:/home/runner/.m2/repository/io/confluent/logredactor/1.0.13/logredactor-1.0.13.jar:/home/runner/.m2/repository/com/google/re2j/re2j/1.6/re2j-1.6.jar:/home/runner/.m2/repository/io/confluent/logredactor-metrics/1.0.13/logredactor-metrics-1.0.13.jar:/home/runner/.m2/repository/com/eclipsesource/minimal-json/minimal-json/0.9.5/minimal-json-0.9.5.jar:/home/runner/.m2/repository/io/confluent/common-utils/8.0.0/common-utils-8.0.0.jar:/home/runner/.m2/repository/io/confluent/kafka-connect-avro-converter/8.0.0/kafka-connect-avro-converter-8.0.0.jar:/home/runner/.m2/repository/io/confluent/kafka-connect-avro-data/8.0.0/kafka-connect-avro-data-8.0.0.jar:/home/runner/.m2/repository/io/confluent/kafka-schema-converter/8.0.0/kafka-schema-converter-8.0.0.jar:/home/runner/.m2/repository/io/rest-assured/rest-assured/5.5.1/rest-assured-5.5.1.jar:/home/runner/.m2/repository/org/apache/groovy/groovy/4.0.22/groovy-4.0.22.jar:/home/runner/.m2/repository/org/apache/groovy/groovy-xml/4.0.22/groovy-xml-4.0.22.jar:/home/runner/.m2/repository/org/apache/httpcomponents/httpclient/4.5.14/httpclient-4.5.14.jar:/home/runner/.m2/repository/org/apache/httpcomponents/httpcore/4.4.16/httpcore-4.4.16.jar:/home/runner/.m2/repository/org/apache/httpcomponents/httpmime/4.5.14/httpmime-4.5.14.jar:/home/runner/.m2/repository/org/hamcrest/hamcrest/2.2/hamcrest-2.2.jar:/home/runner/.m2/repository/org/ccil/cowan/tagsoup/tagsoup/1.2.1/tagsoup-1.2.1.jar:/home/runner/.m2/repository/io/rest-assured/json-path/5.5.1/json-path-5.5.1.jar:/home/runner/.m2/repository/org/apache/groovy/groovy-json/4.0.22/groovy-json-4.0.22.jar:/home/runner/.m2/repository/io/rest-assured/rest-assured-common/5.5.1/rest-assured-common-5.5.1.jar:/home/runner/.m2/repository/io/rest-assured/xml-path/5.5.1/xml-path-5.5.1.jar:/home/runner/.m2/repository/io/zonky/test/embedded-postgres/2.1.0/embedded-postgres-2.1.0.jar:/home/runner/.m2/repository/io/zonky/test/postgres/embedded-postgres-binaries-windows-amd64/14.15.0/embedded-postgres-binaries-windows-amd64-14.15.0.jar:/home/runner/.m2/repository/io/zonky/test/postgres/embedded-postgres-binaries-darwin-amd64/14.15.0/embedded-postgres-binaries-darwin-amd64-14.15.0.jar:/home/runner/.m2/repository/io/zonky/test/postgres/embedded-postgres-binaries-linux-amd64/14.15.0/embedded-postgres-binaries-linux-amd64-14.15.0.jar:/home/runner/.m2/repository/io/zonky/test/postgres/embedded-postgres-binaries-linux-amd64-alpine/14.15.0/embedded-postgres-binaries-linux-amd64-alpine-14.15.0.jar:/home/runner/.m2/repository/org/apache/commons/commons-lang3/3.17.0/commons-lang3-3.17.0.jar:/home/runner/.m2/repository/org/tukaani/xz/1.10/xz-1.10.jar:/home/runner/.m2/repository/commons-codec/commons-codec/1.18.0/commons-codec-1.18.0.jar:/home/runner/.m2/repository/org/postgresql/postgresql/42.7.5/postgresql-42.7.5.jar:/home/runner/.m2/repository/commons-io/commons-io/2.18.0/commons-io-2.18.0.jar:/home/runner/work/apicurio-testing/apicurio-testing/clusters/ci419/namespaces/inmemory/tests/integration/apicurio-registry/utils/importexport/target/apicurio-registry-utils-import-export-3.0.11-SNAPSHOT.jar:/home/runner/.m2/repository/io/vertx/vertx-core/4.5.14/vertx-core-4.5.14.jar:/home/runner/.m2/repository/io/netty/netty-common/4.1.119.Final/netty-common-4.1.119.Final.jar:/home/runner/.m2/repository/io/netty/netty-buffer/4.1.119.Final/netty-buffer-4.1.119.Final.jar:/home/runner/.m2/repository/io/netty/netty-transport/4.1.119.Final/netty-transport-4.1.119.Final.jar:/home/runner/.m2/repository/io/netty/netty-handler/4.1.119.Final/netty-handler-4.1.119.Final.jar:/home/runner/.m2/repository/io/netty/netty-transport-native-unix-common/4.1.119.Final/netty-transport-native-unix-common-4.1.119.Final.jar:/home/runner/.m2/repository/io/netty/netty-codec/4.1.119.Final/netty-codec-4.1.119.Final.jar:/home/runner/.m2/repository/io/netty/netty-handler-proxy/4.1.119.Final/netty-handler-proxy-4.1.119.Final.jar:/home/runner/.m2/repository/io/netty/netty-codec-socks/4.1.119.Final/netty-codec-socks-4.1.119.Final.jar:/home/runner/.m2/repository/io/netty/netty-codec-http/4.1.119.Final/netty-codec-http-4.1.119.Final.jar:/home/runner/.m2/repository/io/netty/netty-codec-http2/4.1.119.Final/netty-codec-http2-4.1.119.Final.jar:/home/runner/.m2/repository/io/netty/netty-resolver/4.1.119.Final/netty-resolver-4.1.119.Final.jar:/home/runner/.m2/repository/io/netty/netty-resolver-dns/4.1.119.Final/netty-resolver-dns-4.1.119.Final.jar:/home/runner/.m2/repository/io/netty/netty-codec-dns/4.1.119.Final/netty-codec-dns-4.1.119.Final.jar:/home/runner/.m2/repository/com/fasterxml/jackson/core/jackson-core/2.18.2/jackson-core-2.18.2.jar:"/>
    <property name="sun.cpu.endian" value="little"/>
    <property name="user.home" value="/home/runner"/>
    <property name="user.language" value="en"/>
    <property name="jboss.log-version" value="false"/>
    <property name="java.specification.vendor" value="Oracle Corporation"/>
    <property name="java.version.date" value="2025-07-15"/>
    <property name="java.home" value="/usr/lib/jvm/temurin-17-jdk-amd64"/>
    <property name="file.separator" value="/"/>
    <property name="basedir" value="/home/runner/work/apicurio-testing/apicurio-testing/clusters/ci419/namespaces/inmemory/tests/integration/apicurio-registry/integration-tests"/>
    <property name="java.vm.compressedOopsMode" value="32-bit"/>
    <property name="line.separator" value="&#10;"/>
    <property name="java.specification.name" value="Java Platform API Specification"/>
    <property name="java.vm.specification.vendor" value="Oracle Corporation"/>
    <property name="quarkus.http.test-host" value="registry-app-inmemory.apps.ci419.apicurio-testing.org"/>
    <property name="surefire.real.class.path" value="/home/runner/work/apicurio-testing/apicurio-testing/clusters/ci419/namespaces/inmemory/tests/integration/apicurio-registry/integration-tests/target/surefire/surefirebooter-20250731165848175_3.jar"/>
    <property name="sun.management.compiler" value="HotSpot 64-Bit Tiered Compilers"/>
    <property name="org.eclipse.jetty.http.HttpGenerator.STRICT" value="true"/>
    <property name="java.runtime.version" value="17.0.16+8"/>
    <property name="user.name" value="runner"/>
    <property name="path.separator" value=":"/>
    <property name="os.version" value="6.8.0-1031-azure"/>
    <property name="java.runtime.name" value="OpenJDK Runtime Environment"/>
    <property name="file.encoding" value="UTF-8"/>
    <property name="jnidispatch.path" value="/home/runner/.cache/JNA/temp/jna3169633679393017326.tmp"/>
    <property name="java.vm.name" value="OpenJDK 64-Bit Server VM"/>
    <property name="jna.platform.library.path" value="/usr/lib/x86_64-linux-gnu:/lib/x86_64-linux-gnu:/usr/lib64:/lib64:/usr/lib:/lib:/lib32:/usr/local/lib:/usr/lib/x86_64-linux-gnu/libfakeroot"/>
    <property name="java.vendor.version" value="Temurin-17.0.16+8"/>
    <property name="quarkus.oidc.token-path" value="https://keycloak-inmemory.apps.ci419.apicurio-testing.org/realms/registry/protocol/openid-connect/token"/>
    <property name="quarkus.http.host" value="registry-app-inmemory.apps.ci419.apicurio-testing.org"/>
    <property name="localRepository" value="/home/runner/.m2/repository"/>
    <property name="javax.xml.xpath.XPathFactory:http://java.sun.com/jaxp/xpath/dom" value="com.sun.org.apache.xpath.internal.jaxp.XPathFactoryImpl"/>
    <property name="jna.loaded" value="true"/>
    <property name="java.vendor.url.bug" value="https://github.com/adoptium/adoptium-support/issues"/>
    <property name="jetty.git.hash" value="5bc5e562c8d05c5862505aebe5cf83a61bdbcb96"/>
    <property name="java.io.tmpdir" value="/tmp"/>
    <property name="quarkus.http.test-protocol" value="http"/>
    <property name="java.version" value="17.0.16"/>
    <property name="user.dir" value="/home/runner/work/apicurio-testing/apicurio-testing/clusters/ci419/namespaces/inmemory/tests/integration/apicurio-registry/integration-tests"/>
    <property name="os.arch" value="amd64"/>
    <property name="groups" value="( smoke | serdes | acceptance | ui)"/>
    <property name="java.vm.specification.name" value="Java Virtual Machine Specification"/>
    <property name="native.encoding" value="UTF-8"/>
    <property name="java.util.logging.manager" value="org.jboss.logmanager.LogManager"/>
    <property name="java.library.path" value="/usr/java/packages/lib:/usr/lib64:/lib64:/lib:/usr/lib"/>
    <property name="jdk.console" value="java.base"/>
    <property name="java.vm.info" value="mixed mode, sharing"/>
    <property name="java.vendor" value="Eclipse Adoptium"/>
    <property name="java.vm.version" value="17.0.16+8"/>
    <property name="java.specification.maintenance.version" value="1"/>
    <property name="sun.io.unicode.encoding" value="UnicodeLittle"/>
    <property name="javax.xml.transform.TransformerFactory" value="com.sun.org.apache.xalan.internal.xsltc.trax.TransformerFactoryImpl"/>
    <property name="java.class.version" value="61.0"/>
  </properties>
  <testcase name="testEvolveAvroConfluent" classname="io.apicurio.tests.serdes.confluent.BasicConfluentSerDesIT" time="4.656">
    <system-out><![CDATA[**** Registry Base URL: http://registry-app-inmemory.apps.ci419.apicurio-testing.org:80
**** Registry Base URL: http://registry-app-inmemory.apps.ci419.apicurio-testing.org:80
2025-07-31 17:00:42,149 INFO  [io.api.tes.ser.con.BasicConfluentSerDesIT] (main) RestAssured configured with http://registry-app-inmemory.apps.ci419.apicurio-testing.org:80/apis/registry/v3
**** Registry Base URL: http://registry-app-inmemory.apps.ci419.apicurio-testing.org:80
2025-07-31 17:00:42,443 INFO  [io.api.tes.ser.con.BasicConfluentSerDesIT] (main) Deleting confluent schema subj_f2de47c3_8c5e_49f7_9527_6c9e31583623-value
2025-07-31 17:00:42,495 INFO  [io.api.tes.ser.con.BasicConfluentSerDesIT] (main) Deleting confluent schema subj_da7f2fdf_23a3_4b64_a7df_60724de2691f-value
2025-07-31 17:00:42,520 INFO  [io.api.tes.ser.con.BasicConfluentSerDesIT] (main) Deleting confluent schema CUSTOMERS-key
2025-07-31 17:00:42,544 INFO  [io.api.tes.ser.con.BasicConfluentSerDesIT] (main) Deleting confluent schema CUSTOMERS.Value
2025-07-31 17:00:42,570 INFO  [io.api.tes.ser.con.BasicConfluentSerDesIT] (main) Deleting confluent schema CUSTOMERS-value
2025-07-31 17:00:42,595 INFO  [io.api.tes.ser.con.BasicConfluentSerDesIT] (main) Deleting confluent schema subj_f5acccfa_730d_486d_a829_0f0bd1c1fc79-value
2025-07-31 17:00:42,621 INFO  [io.api.tes.ser.con.BasicConfluentSerDesIT] (main) Deleting confluent schema topic-5f4c74f7_479e_48ad_a9a5_07521f04d1b3-value
2025-07-31 17:00:42,646 INFO  [io.api.tes.ser.con.BasicConfluentSerDesIT] (main) Deleting confluent schema topic-a0f5a947_e7c5_407a_ab79_84f97e730808-value
2025-07-31 17:00:42,671 INFO  [io.api.tes.ser.con.BasicConfluentSerDesIT] (main) Deleting confluent schema topic-b3309234_8247_4ef2_8e16_75d79ff80333-value
2025-07-31 17:00:42,701 INFO  [io.api.tes.ser.con.BasicConfluentSerDesIT] (main) Deleting confluent schema topic-5a783821_a6ba_4775_8466_cb960cdb5706-value
2025-07-31 17:00:42,726 INFO  [io.api.tes.ser.con.BasicConfluentSerDesIT] (main) Deleting confluent schema topic-bcecd94a_b604_43e0_a956_af770275540e-value
2025-07-31 17:00:42,762 INFO  [io.api.tes.ser.con.BasicConfluentSerDesIT] (main) Deleting confluent schema topic-cb0debdc_2e9d_4fc0_84c8_b35d77a2e252-value
2025-07-31 17:00:42,790 INFO  [io.api.tes.ser.con.BasicConfluentSerDesIT] (main) Deleting confluent schema myrecordconfluent
2025-07-31 17:00:42,815 INFO  [io.api.tes.ser.con.BasicConfluentSerDesIT] (main) Deleting confluent schema topic-54ce4d4d_4702_45a8_b26b_0b7b6fd62293
2025-07-31 17:00:42,863 INFO  [io.api.tes.ser.con.BasicConfluentSerDesIT] (main) Deleting confluent schema topic-ba2e6ab2_759d_4ec0_a3ad_8dcf7864a92c-value
2025-07-31 17:00:42,888 INFO  [io.api.tes.ser.con.BasicConfluentSerDesIT] (main) Deleting confluent schema topic-195e73b5_dfe1_4aad_b12b_3e9fe555e9e3
2025-07-31 17:00:42,913 INFO  [io.api.tes.ser.con.BasicConfluentSerDesIT] (main) Deleting confluent schema topic-8a7baadf_4ca8_4614_a24b_0b1cf7c8ff0c-value
2025-07-31 17:00:42,938 INFO  [io.api.tes.ser.con.BasicConfluentSerDesIT] (main) Deleting confluent schema topic-180eb74a_b8c6_4d62_a57f_0e3312baa6c6
2025-07-31 17:00:42,963 INFO  [io.api.tes.ser.con.BasicConfluentSerDesIT] (main) Deleting confluent schema google/protobuf/timestamp.proto
2025-07-31 17:00:42,988 INFO  [io.api.tes.ser.con.BasicConfluentSerDesIT] (main) Deleting confluent schema topic-c9d85686_8d8b_421e_b8c4_66e2c0119778-value
2025-07-31 17:00:43,013 INFO  [io.api.tes.ser.con.BasicConfluentSerDesIT] (main) Deleting confluent schema topic-b2e36b96_20a9_4909_a272_5881dcc20bcc-value
2025-07-31 17:00:43,041 INFO  [io.api.tes.ser.con.BasicConfluentSerDesIT] (main) Deleting confluent schema topic-4d43101b_c8ad_41df_a74d_4a18c5a64e58-value
2025-07-31 17:00:43,067 INFO  [io.api.tes.ser.con.BasicConfluentSerDesIT] (main) Deleting confluent schema topic-abeb56d9_f20c_4f5a_82f9_6972007abdc1-value
2025-07-31 17:00:43,096 INFO  [io.api.tes.uti.KafkaFacade] (main) Skipping deployment of kafka, because it's already deployed
2025-07-31 17:00:43,098 INFO  [io.api.tes.uti.TestSeparator] (main) ############################################################################
2025-07-31 17:00:43,098 INFO  [io.api.tes.uti.TestSeparator] (main) io.apicurio.tests.serdes.confluent.BasicConfluentSerDesIT.testEvolveAvroConfluent-STARTED
2025-07-31 17:00:43,100 INFO  [org.apa.kaf.cli.adm.AdminClientConfig] (main) AdminClientConfig values: 
	auto.include.jmx.reporter = true
	bootstrap.controllers = []
	bootstrap.servers = [PLAINTEXT://localhost:32770]
	client.dns.lookup = use_all_dns_ips
	client.id = 
	connections.max.idle.ms = 10000
	default.api.timeout.ms = 60000
	enable.metrics.push = true
	metadata.max.age.ms = 300000
	metadata.recovery.strategy = none
	metric.reporters = []
	metrics.num.samples = 2
	metrics.recording.level = INFO
	metrics.sample.window.ms = 30000
	receive.buffer.bytes = 65536
	reconnect.backoff.max.ms = 1000
	reconnect.backoff.ms = 50
	request.timeout.ms = 5000
	retries = 2147483647
	retry.backoff.max.ms = 1000
	retry.backoff.ms = 100
	sasl.client.callback.handler.class = null
	sasl.jaas.config = null
	sasl.kerberos.kinit.cmd = /usr/bin/kinit
	sasl.kerberos.min.time.before.relogin = 60000
	sasl.kerberos.service.name = null
	sasl.kerberos.ticket.renew.jitter = 0.05
	sasl.kerberos.ticket.renew.window.factor = 0.8
	sasl.login.callback.handler.class = null
	sasl.login.class = null
	sasl.login.connect.timeout.ms = null
	sasl.login.read.timeout.ms = null
	sasl.login.refresh.buffer.seconds = 300
	sasl.login.refresh.min.period.seconds = 60
	sasl.login.refresh.window.factor = 0.8
	sasl.login.refresh.window.jitter = 0.05
	sasl.login.retry.backoff.max.ms = 10000
	sasl.login.retry.backoff.ms = 100
	sasl.mechanism = GSSAPI
	sasl.oauthbearer.clock.skew.seconds = 30
	sasl.oauthbearer.expected.audience = null
	sasl.oauthbearer.expected.issuer = null
	sasl.oauthbearer.header.urlencode = false
	sasl.oauthbearer.jwks.endpoint.refresh.ms = 3600000
	sasl.oauthbearer.jwks.endpoint.retry.backoff.max.ms = 10000
	sasl.oauthbearer.jwks.endpoint.retry.backoff.ms = 100
	sasl.oauthbearer.jwks.endpoint.url = null
	sasl.oauthbearer.scope.claim.name = scope
	sasl.oauthbearer.sub.claim.name = sub
	sasl.oauthbearer.token.endpoint.url = null
	security.protocol = PLAINTEXT
	security.providers = null
	send.buffer.bytes = 131072
	socket.connection.setup.timeout.max.ms = 30000
	socket.connection.setup.timeout.ms = 10000
	ssl.cipher.suites = null
	ssl.enabled.protocols = [TLSv1.2, TLSv1.3]
	ssl.endpoint.identification.algorithm = https
	ssl.engine.factory.class = null
	ssl.key.password = null
	ssl.keymanager.algorithm = SunX509
	ssl.keystore.certificate.chain = null
	ssl.keystore.key = null
	ssl.keystore.location = null
	ssl.keystore.password = null
	ssl.keystore.type = JKS
	ssl.protocol = TLSv1.3
	ssl.provider = null
	ssl.secure.random.implementation = null
	ssl.trustmanager.algorithm = PKIX
	ssl.truststore.certificates = null
	ssl.truststore.location = null
	ssl.truststore.password = null
	ssl.truststore.type = JKS

2025-07-31 17:00:43,101 INFO  [org.apa.kaf.com.uti.AppInfoParser] (main) Kafka version: 3.9.1
2025-07-31 17:00:43,101 INFO  [org.apa.kaf.com.uti.AppInfoParser] (main) Kafka commitId: f745dfdcee2b9851
2025-07-31 17:00:43,101 INFO  [org.apa.kaf.com.uti.AppInfoParser] (main) Kafka startTimeMs: 1753981243101
2025-07-31 17:00:43,274 INFO  [io.api.tes.ser.con.BasicConfluentSerDesIT] (main) Checking that created schema is equal to the get schema
2025-07-31 17:00:43,317 INFO  [io.api.tes.ser.con.BasicConfluentSerDesIT] (main) Created schema with id:95 and name:s01a1be77x0cdcx407dxbb3fxadc304a11c7c
**** Registry Base URL: http://registry-app-inmemory.apps.ci419.apicurio-testing.org:80
2025-07-31 17:00:43,324 INFO  [org.apa.kaf.cli.pro.ProducerConfig] (main) ProducerConfig values: 
	acks = -1
	auto.include.jmx.reporter = true
	batch.size = 16384
	bootstrap.servers = [PLAINTEXT://localhost:32770]
	buffer.memory = 33554432
	client.dns.lookup = use_all_dns_ips
	client.id = Producer-topic-706f31fe_e1ec_473c_9540_55cf967e1c36
	compression.gzip.level = -1
	compression.lz4.level = 9
	compression.type = none
	compression.zstd.level = 3
	connections.max.idle.ms = 10000
	delivery.timeout.ms = 120000
	enable.idempotence = true
	enable.metrics.push = true
	interceptor.classes = []
	key.serializer = class org.apache.kafka.common.serialization.StringSerializer
	linger.ms = 0
	max.block.ms = 60000
	max.in.flight.requests.per.connection = 5
	max.request.size = 1048576
	metadata.max.age.ms = 300000
	metadata.max.idle.ms = 300000
	metadata.recovery.strategy = none
	metric.reporters = []
	metrics.num.samples = 2
	metrics.recording.level = INFO
	metrics.sample.window.ms = 30000
	partitioner.adaptive.partitioning.enable = true
	partitioner.availability.timeout.ms = 0
	partitioner.class = null
	partitioner.ignore.keys = false
	receive.buffer.bytes = 32768
	reconnect.backoff.max.ms = 1000
	reconnect.backoff.ms = 50
	request.timeout.ms = 5000
	retries = 2147483647
	retry.backoff.max.ms = 1000
	retry.backoff.ms = 100
	sasl.client.callback.handler.class = null
	sasl.jaas.config = null
	sasl.kerberos.kinit.cmd = /usr/bin/kinit
	sasl.kerberos.min.time.before.relogin = 60000
	sasl.kerberos.service.name = null
	sasl.kerberos.ticket.renew.jitter = 0.05
	sasl.kerberos.ticket.renew.window.factor = 0.8
	sasl.login.callback.handler.class = null
	sasl.login.class = null
	sasl.login.connect.timeout.ms = null
	sasl.login.read.timeout.ms = null
	sasl.login.refresh.buffer.seconds = 300
	sasl.login.refresh.min.period.seconds = 60
	sasl.login.refresh.window.factor = 0.8
	sasl.login.refresh.window.jitter = 0.05
	sasl.login.retry.backoff.max.ms = 10000
	sasl.login.retry.backoff.ms = 100
	sasl.mechanism = GSSAPI
	sasl.oauthbearer.clock.skew.seconds = 30
	sasl.oauthbearer.expected.audience = null
	sasl.oauthbearer.expected.issuer = null
	sasl.oauthbearer.header.urlencode = false
	sasl.oauthbearer.jwks.endpoint.refresh.ms = 3600000
	sasl.oauthbearer.jwks.endpoint.retry.backoff.max.ms = 10000
	sasl.oauthbearer.jwks.endpoint.retry.backoff.ms = 100
	sasl.oauthbearer.jwks.endpoint.url = null
	sasl.oauthbearer.scope.claim.name = scope
	sasl.oauthbearer.sub.claim.name = sub
	sasl.oauthbearer.token.endpoint.url = null
	security.protocol = PLAINTEXT
	security.providers = null
	send.buffer.bytes = 131072
	socket.connection.setup.timeout.max.ms = 30000
	socket.connection.setup.timeout.ms = 10000
	ssl.cipher.suites = null
	ssl.enabled.protocols = [TLSv1.2, TLSv1.3]
	ssl.endpoint.identification.algorithm = https
	ssl.engine.factory.class = null
	ssl.key.password = null
	ssl.keymanager.algorithm = SunX509
	ssl.keystore.certificate.chain = null
	ssl.keystore.key = null
	ssl.keystore.location = null
	ssl.keystore.password = null
	ssl.keystore.type = JKS
	ssl.protocol = TLSv1.3
	ssl.provider = null
	ssl.secure.random.implementation = null
	ssl.trustmanager.algorithm = PKIX
	ssl.truststore.certificates = null
	ssl.truststore.location = null
	ssl.truststore.password = null
	ssl.truststore.type = JKS
	transaction.timeout.ms = 60000
	transactional.id = null
	value.serializer = class io.confluent.kafka.serializers.KafkaAvroSerializer

2025-07-31 17:00:43,325 INFO  [org.apa.kaf.com.tel.int.KafkaMetricsCollector] (main) initializing Kafka metrics collector
2025-07-31 17:00:43,328 INFO  [io.con.kaf.ser.KafkaAvroSerializerConfig] (main) KafkaAvroSerializerConfig values: 
	auto.register.schemas = false
	avro.reflection.allow.null = false
	avro.remove.java.properties = false
	avro.use.logical.type.converters = false
	basic.auth.credentials.source = URL
	basic.auth.user.info = [hidden]
	bearer.auth.cache.expiry.buffer.seconds = 300
	bearer.auth.client.id = null
	bearer.auth.client.secret = null
	bearer.auth.credentials.source = STATIC_TOKEN
	bearer.auth.custom.provider.class = null
	bearer.auth.identity.pool.id = null
	bearer.auth.issuer.endpoint.url = null
	bearer.auth.logical.cluster = null
	bearer.auth.scope = null
	bearer.auth.scope.claim.name = scope
	bearer.auth.sub.claim.name = sub
	bearer.auth.token = [hidden]
	context.name.strategy = class io.confluent.kafka.serializers.context.NullContextNameStrategy
	http.connect.timeout.ms = 60000
	http.read.timeout.ms = 60000
	id.compatibility.strict = true
	key.schema.id.deserializer = class io.confluent.kafka.serializers.schema.id.DualSchemaIdDeserializer
	key.schema.id.serializer = class io.confluent.kafka.serializers.schema.id.PrefixSchemaIdSerializer
	key.subject.name.strategy = class io.confluent.kafka.serializers.subject.TopicNameStrategy
	latest.cache.size = 1000
	latest.cache.ttl.sec = -1
	latest.compatibility.strict = true
	max.retries = 3
	max.schemas.per.subject = 1000
	normalize.schemas = false
	propagate.schema.tags = false
	proxy.host = 
	proxy.port = -1
	retries.max.wait.ms = 20000
	retries.wait.ms = 1000
	rule.actions = []
	rule.executors = []
	rule.service.loader.enable = true
	schema.format = null
	schema.reflection = false
	schema.registry.basic.auth.user.info = [hidden]
	schema.registry.ssl.cipher.suites = null
	schema.registry.ssl.enabled.protocols = [TLSv1.2, TLSv1.3]
	schema.registry.ssl.endpoint.identification.algorithm = https
	schema.registry.ssl.engine.factory.class = null
	schema.registry.ssl.key.password = null
	schema.registry.ssl.keymanager.algorithm = SunX509
	schema.registry.ssl.keystore.certificate.chain = null
	schema.registry.ssl.keystore.key = null
	schema.registry.ssl.keystore.location = null
	schema.registry.ssl.keystore.password = null
	schema.registry.ssl.keystore.type = JKS
	schema.registry.ssl.protocol = TLSv1.3
	schema.registry.ssl.provider = null
	schema.registry.ssl.secure.random.implementation = null
	schema.registry.ssl.trustmanager.algorithm = PKIX
	schema.registry.ssl.truststore.certificates = null
	schema.registry.ssl.truststore.location = null
	schema.registry.ssl.truststore.password = null
	schema.registry.ssl.truststore.type = JKS
	schema.registry.url = [http://registry-app-inmemory.apps.ci419.apicurio-testing.org:80/apis/ccompat/v7]
	schema.registry.url.randomize = false
	use.latest.version = false
	use.latest.with.metadata = null
	use.schema.id = -1
	value.schema.id.deserializer = class io.confluent.kafka.serializers.schema.id.DualSchemaIdDeserializer
	value.schema.id.serializer = class io.confluent.kafka.serializers.schema.id.PrefixSchemaIdSerializer
	value.subject.name.strategy = class io.confluent.kafka.serializers.subject.TopicRecordNameStrategy

2025-07-31 17:00:43,339 INFO  [org.apa.kaf.cli.pro.KafkaProducer] (main) [Producer clientId=Producer-topic-706f31fe_e1ec_473c_9540_55cf967e1c36] Instantiated an idempotent producer.
2025-07-31 17:00:43,341 INFO  [org.apa.kaf.cli.pro.ProducerConfig] (main) These configurations '[schema.registry.url, auto.register.schemas, value.subject.name.strategy]' were supplied but are not used yet.
2025-07-31 17:00:43,341 INFO  [org.apa.kaf.com.uti.AppInfoParser] (main) Kafka version: 3.9.1
2025-07-31 17:00:43,341 INFO  [org.apa.kaf.com.uti.AppInfoParser] (main) Kafka commitId: f745dfdcee2b9851
2025-07-31 17:00:43,341 INFO  [org.apa.kaf.com.uti.AppInfoParser] (main) Kafka startTimeMs: 1753981243341
**** Registry Base URL: http://registry-app-inmemory.apps.ci419.apicurio-testing.org:80
2025-07-31 17:00:43,346 INFO  [org.apa.kaf.cli.Metadata] (kafka-producer-network-thread | Producer-topic-706f31fe_e1ec_473c_9540_55cf967e1c36) [Producer clientId=Producer-topic-706f31fe_e1ec_473c_9540_55cf967e1c36] Cluster ID: JfHT16fFSb-b502x6d9TJg
2025-07-31 17:00:43,347 INFO  [org.apa.kaf.cli.pro.int.TransactionManager] (kafka-producer-network-thread | Producer-topic-706f31fe_e1ec_473c_9540_55cf967e1c36) [Producer clientId=Producer-topic-706f31fe_e1ec_473c_9540_55cf967e1c36] ProducerId set to 36 with epoch 0
2025-07-31 17:00:43,348 INFO  [org.apa.kaf.cli.con.ConsumerConfig] (main) ConsumerConfig values: 
	allow.auto.create.topics = true
	auto.commit.interval.ms = 500
	auto.include.jmx.reporter = true
	auto.offset.reset = earliest
	bootstrap.servers = [PLAINTEXT://localhost:32770]
	check.crcs = true
	client.dns.lookup = use_all_dns_ips
	client.id = consumer-Consumer-topic-706f31fe_e1ec_473c_9540_55cf967e1c36-27
	client.rack = 
	connections.max.idle.ms = 10000
	default.api.timeout.ms = 60000
	enable.auto.commit = true
	enable.metrics.push = true
	exclude.internal.topics = true
	fetch.max.bytes = 52428800
	fetch.max.wait.ms = 500
	fetch.min.bytes = 1
	group.id = Consumer-topic-706f31fe_e1ec_473c_9540_55cf967e1c36
	group.instance.id = null
	group.protocol = classic
	group.remote.assignor = null
	heartbeat.interval.ms = 3000
	interceptor.classes = []
	internal.leave.group.on.close = true
	internal.throw.on.fetch.stable.offset.unsupported = false
	isolation.level = read_uncommitted
	key.deserializer = class org.apache.kafka.common.serialization.StringDeserializer
	max.partition.fetch.bytes = 1048576
	max.poll.interval.ms = 300000
	max.poll.records = 500
	metadata.max.age.ms = 300000
	metadata.recovery.strategy = none
	metric.reporters = []
	metrics.num.samples = 2
	metrics.recording.level = INFO
	metrics.sample.window.ms = 30000
	partition.assignment.strategy = [class org.apache.kafka.clients.consumer.RangeAssignor, class org.apache.kafka.clients.consumer.CooperativeStickyAssignor]
	receive.buffer.bytes = 65536
	reconnect.backoff.max.ms = 1000
	reconnect.backoff.ms = 50
	request.timeout.ms = 5000
	retry.backoff.max.ms = 1000
	retry.backoff.ms = 100
	sasl.client.callback.handler.class = null
	sasl.jaas.config = null
	sasl.kerberos.kinit.cmd = /usr/bin/kinit
	sasl.kerberos.min.time.before.relogin = 60000
	sasl.kerberos.service.name = null
	sasl.kerberos.ticket.renew.jitter = 0.05
	sasl.kerberos.ticket.renew.window.factor = 0.8
	sasl.login.callback.handler.class = null
	sasl.login.class = null
	sasl.login.connect.timeout.ms = null
	sasl.login.read.timeout.ms = null
	sasl.login.refresh.buffer.seconds = 300
	sasl.login.refresh.min.period.seconds = 60
	sasl.login.refresh.window.factor = 0.8
	sasl.login.refresh.window.jitter = 0.05
	sasl.login.retry.backoff.max.ms = 10000
	sasl.login.retry.backoff.ms = 100
	sasl.mechanism = GSSAPI
	sasl.oauthbearer.clock.skew.seconds = 30
	sasl.oauthbearer.expected.audience = null
	sasl.oauthbearer.expected.issuer = null
	sasl.oauthbearer.header.urlencode = false
	sasl.oauthbearer.jwks.endpoint.refresh.ms = 3600000
	sasl.oauthbearer.jwks.endpoint.retry.backoff.max.ms = 10000
	sasl.oauthbearer.jwks.endpoint.retry.backoff.ms = 100
	sasl.oauthbearer.jwks.endpoint.url = null
	sasl.oauthbearer.scope.claim.name = scope
	sasl.oauthbearer.sub.claim.name = sub
	sasl.oauthbearer.token.endpoint.url = null
	security.protocol = PLAINTEXT
	security.providers = null
	send.buffer.bytes = 131072
	session.timeout.ms = 45000
	socket.connection.setup.timeout.max.ms = 30000
	socket.connection.setup.timeout.ms = 10000
	ssl.cipher.suites = null
	ssl.enabled.protocols = [TLSv1.2, TLSv1.3]
	ssl.endpoint.identification.algorithm = https
	ssl.engine.factory.class = null
	ssl.key.password = null
	ssl.keymanager.algorithm = SunX509
	ssl.keystore.certificate.chain = null
	ssl.keystore.key = null
	ssl.keystore.location = null
	ssl.keystore.password = null
	ssl.keystore.type = JKS
	ssl.protocol = TLSv1.3
	ssl.provider = null
	ssl.secure.random.implementation = null
	ssl.trustmanager.algorithm = PKIX
	ssl.truststore.certificates = null
	ssl.truststore.location = null
	ssl.truststore.password = null
	ssl.truststore.type = JKS
	value.deserializer = class io.confluent.kafka.serializers.KafkaAvroDeserializer

2025-07-31 17:00:43,348 INFO  [org.apa.kaf.com.tel.int.KafkaMetricsCollector] (main) initializing Kafka metrics collector
2025-07-31 17:00:43,350 INFO  [io.con.kaf.ser.KafkaAvroDeserializerConfig] (main) KafkaAvroDeserializerConfig values: 
	auto.register.schemas = true
	avro.reflection.allow.null = false
	avro.use.logical.type.converters = false
	basic.auth.credentials.source = URL
	basic.auth.user.info = [hidden]
	bearer.auth.cache.expiry.buffer.seconds = 300
	bearer.auth.client.id = null
	bearer.auth.client.secret = null
	bearer.auth.credentials.source = STATIC_TOKEN
	bearer.auth.custom.provider.class = null
	bearer.auth.identity.pool.id = null
	bearer.auth.issuer.endpoint.url = null
	bearer.auth.logical.cluster = null
	bearer.auth.scope = null
	bearer.auth.scope.claim.name = scope
	bearer.auth.sub.claim.name = sub
	bearer.auth.token = [hidden]
	context.name.strategy = class io.confluent.kafka.serializers.context.NullContextNameStrategy
	http.connect.timeout.ms = 60000
	http.read.timeout.ms = 60000
	id.compatibility.strict = true
	key.schema.id.deserializer = class io.confluent.kafka.serializers.schema.id.DualSchemaIdDeserializer
	key.schema.id.serializer = class io.confluent.kafka.serializers.schema.id.PrefixSchemaIdSerializer
	key.subject.name.strategy = class io.confluent.kafka.serializers.subject.TopicNameStrategy
	latest.cache.size = 1000
	latest.cache.ttl.sec = -1
	latest.compatibility.strict = true
	max.retries = 3
	max.schemas.per.subject = 1000
	normalize.schemas = false
	propagate.schema.tags = false
	proxy.host = 
	proxy.port = -1
	retries.max.wait.ms = 20000
	retries.wait.ms = 1000
	rule.actions = []
	rule.executors = []
	rule.service.loader.enable = true
	schema.format = null
	schema.reflection = false
	schema.registry.basic.auth.user.info = [hidden]
	schema.registry.ssl.cipher.suites = null
	schema.registry.ssl.enabled.protocols = [TLSv1.2, TLSv1.3]
	schema.registry.ssl.endpoint.identification.algorithm = https
	schema.registry.ssl.engine.factory.class = null
	schema.registry.ssl.key.password = null
	schema.registry.ssl.keymanager.algorithm = SunX509
	schema.registry.ssl.keystore.certificate.chain = null
	schema.registry.ssl.keystore.key = null
	schema.registry.ssl.keystore.location = null
	schema.registry.ssl.keystore.password = null
	schema.registry.ssl.keystore.type = JKS
	schema.registry.ssl.protocol = TLSv1.3
	schema.registry.ssl.provider = null
	schema.registry.ssl.secure.random.implementation = null
	schema.registry.ssl.trustmanager.algorithm = PKIX
	schema.registry.ssl.truststore.certificates = null
	schema.registry.ssl.truststore.location = null
	schema.registry.ssl.truststore.password = null
	schema.registry.ssl.truststore.type = JKS
	schema.registry.url = [http://registry-app-inmemory.apps.ci419.apicurio-testing.org:80/apis/ccompat/v7]
	schema.registry.url.randomize = false
	specific.avro.key.type = null
	specific.avro.reader = false
	specific.avro.value.type = null
	use.latest.version = false
	use.latest.with.metadata = null
	use.schema.id = -1
	value.schema.id.deserializer = class io.confluent.kafka.serializers.schema.id.DualSchemaIdDeserializer
	value.schema.id.serializer = class io.confluent.kafka.serializers.schema.id.PrefixSchemaIdSerializer
	value.subject.name.strategy = class io.confluent.kafka.serializers.subject.TopicNameStrategy

2025-07-31 17:00:43,353 INFO  [org.apa.kaf.cli.con.ConsumerConfig] (main) These configurations '[schema.registry.url]' were supplied but are not used yet.
2025-07-31 17:00:43,353 INFO  [org.apa.kaf.com.uti.AppInfoParser] (main) Kafka version: 3.9.1
2025-07-31 17:00:43,353 INFO  [org.apa.kaf.com.uti.AppInfoParser] (main) Kafka commitId: f745dfdcee2b9851
2025-07-31 17:00:43,353 INFO  [org.apa.kaf.com.uti.AppInfoParser] (main) Kafka startTimeMs: 1753981243353
2025-07-31 17:00:43,354 INFO  [io.api.tes.ser.api.KafkaSerdesTester] (Thread-821) Sending message {"key1": "value-0"} to topic topic-706f31fe_e1ec_473c_9540_55cf967e1c36
2025-07-31 17:00:43,405 INFO  [io.api.tes.ser.api.KafkaSerdesTester] (Thread-821) Sending message {"key1": "value-1"} to topic topic-706f31fe_e1ec_473c_9540_55cf967e1c36
2025-07-31 17:00:43,407 INFO  [io.api.tes.ser.api.KafkaSerdesTester] (Thread-821) Sending message {"key1": "value-2"} to topic topic-706f31fe_e1ec_473c_9540_55cf967e1c36
2025-07-31 17:00:43,408 INFO  [io.api.tes.ser.api.KafkaSerdesTester] (Thread-821) Sending message {"key1": "value-3"} to topic topic-706f31fe_e1ec_473c_9540_55cf967e1c36
2025-07-31 17:00:43,409 INFO  [io.api.tes.ser.api.KafkaSerdesTester] (Thread-821) Sending message {"key1": "value-4"} to topic topic-706f31fe_e1ec_473c_9540_55cf967e1c36
2025-07-31 17:00:43,410 INFO  [io.api.tes.ser.api.KafkaSerdesTester] (Thread-821) Sending message {"key1": "value-5"} to topic topic-706f31fe_e1ec_473c_9540_55cf967e1c36
2025-07-31 17:00:43,413 INFO  [io.api.tes.ser.api.KafkaSerdesTester] (Thread-821) Sending message {"key1": "value-6"} to topic topic-706f31fe_e1ec_473c_9540_55cf967e1c36
2025-07-31 17:00:43,416 INFO  [io.api.tes.ser.api.KafkaSerdesTester] (Thread-821) Sending message {"key1": "value-7"} to topic topic-706f31fe_e1ec_473c_9540_55cf967e1c36
2025-07-31 17:00:43,421 INFO  [io.api.tes.ser.api.KafkaSerdesTester] (Thread-821) Sending message {"key1": "value-8"} to topic topic-706f31fe_e1ec_473c_9540_55cf967e1c36
2025-07-31 17:00:43,423 INFO  [io.api.tes.ser.api.KafkaSerdesTester] (Thread-821) Sending message {"key1": "value-9"} to topic topic-706f31fe_e1ec_473c_9540_55cf967e1c36
2025-07-31 17:00:43,424 INFO  [io.api.tes.ser.api.KafkaSerdesTester] (Thread-821) Produced 10 messages
2025-07-31 17:00:43,424 INFO  [org.apa.kaf.cli.pro.KafkaProducer] (Thread-821) [Producer clientId=Producer-topic-706f31fe_e1ec_473c_9540_55cf967e1c36] Closing the Kafka producer with timeoutMillis = 9223372036854775807 ms.
2025-07-31 17:00:43,427 INFO  [org.apa.kaf.com.met.Metrics] (Thread-821) Metrics scheduler closed
2025-07-31 17:00:43,427 INFO  [org.apa.kaf.com.met.Metrics] (Thread-821) Closing reporter org.apache.kafka.common.metrics.JmxReporter
2025-07-31 17:00:43,427 INFO  [org.apa.kaf.com.met.Metrics] (Thread-821) Closing reporter org.apache.kafka.common.telemetry.internals.ClientTelemetryReporter
2025-07-31 17:00:43,427 INFO  [org.apa.kaf.com.met.Metrics] (Thread-821) Metrics reporters closed
2025-07-31 17:00:43,427 INFO  [org.apa.kaf.com.uti.AppInfoParser] (Thread-821) App info kafka.producer for Producer-topic-706f31fe_e1ec_473c_9540_55cf967e1c36 unregistered
2025-07-31 17:00:43,428 INFO  [org.apa.kaf.cli.con.int.ClassicKafkaConsumer] (Thread-822) [Consumer clientId=consumer-Consumer-topic-706f31fe_e1ec_473c_9540_55cf967e1c36-27, groupId=Consumer-topic-706f31fe_e1ec_473c_9540_55cf967e1c36] Subscribed to topic(s): topic-706f31fe_e1ec_473c_9540_55cf967e1c36
2025-07-31 17:00:43,433 INFO  [org.apa.kaf.cli.Metadata] (Thread-822) [Consumer clientId=consumer-Consumer-topic-706f31fe_e1ec_473c_9540_55cf967e1c36-27, groupId=Consumer-topic-706f31fe_e1ec_473c_9540_55cf967e1c36] Cluster ID: JfHT16fFSb-b502x6d9TJg
2025-07-31 17:00:43,434 INFO  [org.apa.kaf.cli.con.int.ConsumerCoordinator] (Thread-822) [Consumer clientId=consumer-Consumer-topic-706f31fe_e1ec_473c_9540_55cf967e1c36-27, groupId=Consumer-topic-706f31fe_e1ec_473c_9540_55cf967e1c36] Discovered group coordinator localhost:32770 (id: 2147483647 rack: null)
2025-07-31 17:00:43,436 INFO  [org.apa.kaf.cli.con.int.ConsumerCoordinator] (Thread-822) [Consumer clientId=consumer-Consumer-topic-706f31fe_e1ec_473c_9540_55cf967e1c36-27, groupId=Consumer-topic-706f31fe_e1ec_473c_9540_55cf967e1c36] (Re-)joining group
2025-07-31 17:00:43,439 INFO  [org.apa.kaf.cli.con.int.ConsumerCoordinator] (Thread-822) [Consumer clientId=consumer-Consumer-topic-706f31fe_e1ec_473c_9540_55cf967e1c36-27, groupId=Consumer-topic-706f31fe_e1ec_473c_9540_55cf967e1c36] Request joining group due to: need to re-join with the given member-id: consumer-Consumer-topic-706f31fe_e1ec_473c_9540_55cf967e1c36-27-7ace1140-3033-4905-afed-f3ac5b3a5453
2025-07-31 17:00:43,439 INFO  [org.apa.kaf.cli.con.int.ConsumerCoordinator] (Thread-822) [Consumer clientId=consumer-Consumer-topic-706f31fe_e1ec_473c_9540_55cf967e1c36-27, groupId=Consumer-topic-706f31fe_e1ec_473c_9540_55cf967e1c36] (Re-)joining group
2025-07-31 17:00:43,441 INFO  [org.apa.kaf.cli.con.int.ConsumerCoordinator] (Thread-822) [Consumer clientId=consumer-Consumer-topic-706f31fe_e1ec_473c_9540_55cf967e1c36-27, groupId=Consumer-topic-706f31fe_e1ec_473c_9540_55cf967e1c36] Successfully joined group with generation Generation{generationId=1, memberId='consumer-Consumer-topic-706f31fe_e1ec_473c_9540_55cf967e1c36-27-7ace1140-3033-4905-afed-f3ac5b3a5453', protocol='range'}
2025-07-31 17:00:43,442 INFO  [org.apa.kaf.cli.con.int.ConsumerCoordinator] (Thread-822) [Consumer clientId=consumer-Consumer-topic-706f31fe_e1ec_473c_9540_55cf967e1c36-27, groupId=Consumer-topic-706f31fe_e1ec_473c_9540_55cf967e1c36] Finished assignment for group at generation 1: {consumer-Consumer-topic-706f31fe_e1ec_473c_9540_55cf967e1c36-27-7ace1140-3033-4905-afed-f3ac5b3a5453=Assignment(partitions=[topic-706f31fe_e1ec_473c_9540_55cf967e1c36-0])}
2025-07-31 17:00:43,447 INFO  [org.apa.kaf.cli.con.int.ConsumerCoordinator] (Thread-822) [Consumer clientId=consumer-Consumer-topic-706f31fe_e1ec_473c_9540_55cf967e1c36-27, groupId=Consumer-topic-706f31fe_e1ec_473c_9540_55cf967e1c36] Successfully synced group in generation Generation{generationId=1, memberId='consumer-Consumer-topic-706f31fe_e1ec_473c_9540_55cf967e1c36-27-7ace1140-3033-4905-afed-f3ac5b3a5453', protocol='range'}
2025-07-31 17:00:43,447 INFO  [org.apa.kaf.cli.con.int.ConsumerCoordinator] (Thread-822) [Consumer clientId=consumer-Consumer-topic-706f31fe_e1ec_473c_9540_55cf967e1c36-27, groupId=Consumer-topic-706f31fe_e1ec_473c_9540_55cf967e1c36] Notifying assignor about the new Assignment(partitions=[topic-706f31fe_e1ec_473c_9540_55cf967e1c36-0])
2025-07-31 17:00:43,447 INFO  [org.apa.kaf.cli.con.int.ConsumerRebalanceListenerInvoker] (Thread-822) [Consumer clientId=consumer-Consumer-topic-706f31fe_e1ec_473c_9540_55cf967e1c36-27, groupId=Consumer-topic-706f31fe_e1ec_473c_9540_55cf967e1c36] Adding newly assigned partitions: topic-706f31fe_e1ec_473c_9540_55cf967e1c36-0
2025-07-31 17:00:43,448 INFO  [org.apa.kaf.cli.con.int.ConsumerCoordinator] (Thread-822) [Consumer clientId=consumer-Consumer-topic-706f31fe_e1ec_473c_9540_55cf967e1c36-27, groupId=Consumer-topic-706f31fe_e1ec_473c_9540_55cf967e1c36] Found no committed offset for partition topic-706f31fe_e1ec_473c_9540_55cf967e1c36-0
2025-07-31 17:00:43,455 INFO  [org.apa.kaf.cli.con.int.SubscriptionState] (Thread-822) [Consumer clientId=consumer-Consumer-topic-706f31fe_e1ec_473c_9540_55cf967e1c36-27, groupId=Consumer-topic-706f31fe_e1ec_473c_9540_55cf967e1c36] Resetting offset for partition topic-706f31fe_e1ec_473c_9540_55cf967e1c36-0 to position FetchPosition{offset=0, offsetEpoch=Optional.empty, currentLeader=LeaderAndEpoch{leader=Optional[localhost:32770 (id: 0 rack: null)], epoch=0}}.
2025-07-31 17:00:43,494 INFO  [io.api.tes.ser.api.KafkaSerdesTester] (Thread-822) topic-706f31fe_e1ec_473c_9540_55cf967e1c36 0 0 {"key1": "value-0"}
2025-07-31 17:00:43,494 INFO  [io.api.tes.ser.api.KafkaSerdesTester] (Thread-822) topic-706f31fe_e1ec_473c_9540_55cf967e1c36 0 1 {"key1": "value-1"}
2025-07-31 17:00:43,494 INFO  [io.api.tes.ser.api.KafkaSerdesTester] (Thread-822) topic-706f31fe_e1ec_473c_9540_55cf967e1c36 0 2 {"key1": "value-2"}
2025-07-31 17:00:43,494 INFO  [io.api.tes.ser.api.KafkaSerdesTester] (Thread-822) topic-706f31fe_e1ec_473c_9540_55cf967e1c36 0 3 {"key1": "value-3"}
2025-07-31 17:00:43,494 INFO  [io.api.tes.ser.api.KafkaSerdesTester] (Thread-822) topic-706f31fe_e1ec_473c_9540_55cf967e1c36 0 4 {"key1": "value-4"}
2025-07-31 17:00:43,494 INFO  [io.api.tes.ser.api.KafkaSerdesTester] (Thread-822) topic-706f31fe_e1ec_473c_9540_55cf967e1c36 0 5 {"key1": "value-5"}
2025-07-31 17:00:43,494 INFO  [io.api.tes.ser.api.KafkaSerdesTester] (Thread-822) topic-706f31fe_e1ec_473c_9540_55cf967e1c36 0 6 {"key1": "value-6"}
2025-07-31 17:00:43,494 INFO  [io.api.tes.ser.api.KafkaSerdesTester] (Thread-822) topic-706f31fe_e1ec_473c_9540_55cf967e1c36 0 7 {"key1": "value-7"}
2025-07-31 17:00:43,494 INFO  [io.api.tes.ser.api.KafkaSerdesTester] (Thread-822) topic-706f31fe_e1ec_473c_9540_55cf967e1c36 0 8 {"key1": "value-8"}
2025-07-31 17:00:43,494 INFO  [io.api.tes.ser.api.KafkaSerdesTester] (Thread-822) topic-706f31fe_e1ec_473c_9540_55cf967e1c36 0 9 {"key1": "value-9"}
2025-07-31 17:00:43,494 INFO  [io.api.tes.ser.api.KafkaSerdesTester] (Thread-822) Consumed 10 messages
2025-07-31 17:00:43,498 INFO  [org.apa.kaf.cli.con.int.ConsumerRebalanceListenerInvoker] (Thread-822) [Consumer clientId=consumer-Consumer-topic-706f31fe_e1ec_473c_9540_55cf967e1c36-27, groupId=Consumer-topic-706f31fe_e1ec_473c_9540_55cf967e1c36] Revoke previously assigned partitions topic-706f31fe_e1ec_473c_9540_55cf967e1c36-0
2025-07-31 17:00:43,498 INFO  [org.apa.kaf.cli.con.int.ConsumerCoordinator] (Thread-822) [Consumer clientId=consumer-Consumer-topic-706f31fe_e1ec_473c_9540_55cf967e1c36-27, groupId=Consumer-topic-706f31fe_e1ec_473c_9540_55cf967e1c36] Member consumer-Consumer-topic-706f31fe_e1ec_473c_9540_55cf967e1c36-27-7ace1140-3033-4905-afed-f3ac5b3a5453 sending LeaveGroup request to coordinator localhost:32770 (id: 2147483647 rack: null) due to the consumer is being closed
2025-07-31 17:00:43,499 INFO  [org.apa.kaf.cli.con.int.ConsumerCoordinator] (Thread-822) [Consumer clientId=consumer-Consumer-topic-706f31fe_e1ec_473c_9540_55cf967e1c36-27, groupId=Consumer-topic-706f31fe_e1ec_473c_9540_55cf967e1c36] Resetting generation and member id due to: consumer pro-actively leaving the group
2025-07-31 17:00:43,499 INFO  [org.apa.kaf.cli.con.int.ConsumerCoordinator] (Thread-822) [Consumer clientId=consumer-Consumer-topic-706f31fe_e1ec_473c_9540_55cf967e1c36-27, groupId=Consumer-topic-706f31fe_e1ec_473c_9540_55cf967e1c36] Request joining group due to: consumer pro-actively leaving the group
2025-07-31 17:00:43,995 INFO  [org.apa.kaf.com.met.Metrics] (Thread-822) Metrics scheduler closed
2025-07-31 17:00:43,995 INFO  [org.apa.kaf.com.met.Metrics] (Thread-822) Closing reporter org.apache.kafka.common.metrics.JmxReporter
2025-07-31 17:00:43,995 INFO  [org.apa.kaf.com.met.Metrics] (Thread-822) Closing reporter org.apache.kafka.common.telemetry.internals.ClientTelemetryReporter
2025-07-31 17:00:43,995 INFO  [org.apa.kaf.com.met.Metrics] (Thread-822) Metrics reporters closed
2025-07-31 17:00:43,998 INFO  [org.apa.kaf.com.uti.AppInfoParser] (Thread-822) App info kafka.consumer for consumer-Consumer-topic-706f31fe_e1ec_473c_9540_55cf967e1c36-27 unregistered
**** Registry Base URL: http://registry-app-inmemory.apps.ci419.apicurio-testing.org:80
2025-07-31 17:00:45,063 INFO  [org.apa.kaf.cli.pro.ProducerConfig] (main) ProducerConfig values: 
	acks = -1
	auto.include.jmx.reporter = true
	batch.size = 16384
	bootstrap.servers = [PLAINTEXT://localhost:32770]
	buffer.memory = 33554432
	client.dns.lookup = use_all_dns_ips
	client.id = Producer-topic-706f31fe_e1ec_473c_9540_55cf967e1c36
	compression.gzip.level = -1
	compression.lz4.level = 9
	compression.type = none
	compression.zstd.level = 3
	connections.max.idle.ms = 10000
	delivery.timeout.ms = 120000
	enable.idempotence = true
	enable.metrics.push = true
	interceptor.classes = []
	key.serializer = class org.apache.kafka.common.serialization.StringSerializer
	linger.ms = 0
	max.block.ms = 60000
	max.in.flight.requests.per.connection = 5
	max.request.size = 1048576
	metadata.max.age.ms = 300000
	metadata.max.idle.ms = 300000
	metadata.recovery.strategy = none
	metric.reporters = []
	metrics.num.samples = 2
	metrics.recording.level = INFO
	metrics.sample.window.ms = 30000
	partitioner.adaptive.partitioning.enable = true
	partitioner.availability.timeout.ms = 0
	partitioner.class = null
	partitioner.ignore.keys = false
	receive.buffer.bytes = 32768
	reconnect.backoff.max.ms = 1000
	reconnect.backoff.ms = 50
	request.timeout.ms = 5000
	retries = 2147483647
	retry.backoff.max.ms = 1000
	retry.backoff.ms = 100
	sasl.client.callback.handler.class = null
	sasl.jaas.config = null
	sasl.kerberos.kinit.cmd = /usr/bin/kinit
	sasl.kerberos.min.time.before.relogin = 60000
	sasl.kerberos.service.name = null
	sasl.kerberos.ticket.renew.jitter = 0.05
	sasl.kerberos.ticket.renew.window.factor = 0.8
	sasl.login.callback.handler.class = null
	sasl.login.class = null
	sasl.login.connect.timeout.ms = null
	sasl.login.read.timeout.ms = null
	sasl.login.refresh.buffer.seconds = 300
	sasl.login.refresh.min.period.seconds = 60
	sasl.login.refresh.window.factor = 0.8
	sasl.login.refresh.window.jitter = 0.05
	sasl.login.retry.backoff.max.ms = 10000
	sasl.login.retry.backoff.ms = 100
	sasl.mechanism = GSSAPI
	sasl.oauthbearer.clock.skew.seconds = 30
	sasl.oauthbearer.expected.audience = null
	sasl.oauthbearer.expected.issuer = null
	sasl.oauthbearer.header.urlencode = false
	sasl.oauthbearer.jwks.endpoint.refresh.ms = 3600000
	sasl.oauthbearer.jwks.endpoint.retry.backoff.max.ms = 10000
	sasl.oauthbearer.jwks.endpoint.retry.backoff.ms = 100
	sasl.oauthbearer.jwks.endpoint.url = null
	sasl.oauthbearer.scope.claim.name = scope
	sasl.oauthbearer.sub.claim.name = sub
	sasl.oauthbearer.token.endpoint.url = null
	security.protocol = PLAINTEXT
	security.providers = null
	send.buffer.bytes = 131072
	socket.connection.setup.timeout.max.ms = 30000
	socket.connection.setup.timeout.ms = 10000
	ssl.cipher.suites = null
	ssl.enabled.protocols = [TLSv1.2, TLSv1.3]
	ssl.endpoint.identification.algorithm = https
	ssl.engine.factory.class = null
	ssl.key.password = null
	ssl.keymanager.algorithm = SunX509
	ssl.keystore.certificate.chain = null
	ssl.keystore.key = null
	ssl.keystore.location = null
	ssl.keystore.password = null
	ssl.keystore.type = JKS
	ssl.protocol = TLSv1.3
	ssl.provider = null
	ssl.secure.random.implementation = null
	ssl.trustmanager.algorithm = PKIX
	ssl.truststore.certificates = null
	ssl.truststore.location = null
	ssl.truststore.password = null
	ssl.truststore.type = JKS
	transaction.timeout.ms = 60000
	transactional.id = null
	value.serializer = class io.confluent.kafka.serializers.KafkaAvroSerializer

2025-07-31 17:00:45,063 INFO  [org.apa.kaf.com.tel.int.KafkaMetricsCollector] (main) initializing Kafka metrics collector
2025-07-31 17:00:45,063 INFO  [io.con.kaf.ser.KafkaAvroSerializerConfig] (main) KafkaAvroSerializerConfig values: 
	auto.register.schemas = false
	avro.reflection.allow.null = false
	avro.remove.java.properties = false
	avro.use.logical.type.converters = false
	basic.auth.credentials.source = URL
	basic.auth.user.info = [hidden]
	bearer.auth.cache.expiry.buffer.seconds = 300
	bearer.auth.client.id = null
	bearer.auth.client.secret = null
	bearer.auth.credentials.source = STATIC_TOKEN
	bearer.auth.custom.provider.class = null
	bearer.auth.identity.pool.id = null
	bearer.auth.issuer.endpoint.url = null
	bearer.auth.logical.cluster = null
	bearer.auth.scope = null
	bearer.auth.scope.claim.name = scope
	bearer.auth.sub.claim.name = sub
	bearer.auth.token = [hidden]
	context.name.strategy = class io.confluent.kafka.serializers.context.NullContextNameStrategy
	http.connect.timeout.ms = 60000
	http.read.timeout.ms = 60000
	id.compatibility.strict = true
	key.schema.id.deserializer = class io.confluent.kafka.serializers.schema.id.DualSchemaIdDeserializer
	key.schema.id.serializer = class io.confluent.kafka.serializers.schema.id.PrefixSchemaIdSerializer
	key.subject.name.strategy = class io.confluent.kafka.serializers.subject.TopicNameStrategy
	latest.cache.size = 1000
	latest.cache.ttl.sec = -1
	latest.compatibility.strict = true
	max.retries = 3
	max.schemas.per.subject = 1000
	normalize.schemas = false
	propagate.schema.tags = false
	proxy.host = 
	proxy.port = -1
	retries.max.wait.ms = 20000
	retries.wait.ms = 1000
	rule.actions = []
	rule.executors = []
	rule.service.loader.enable = true
	schema.format = null
	schema.reflection = false
	schema.registry.basic.auth.user.info = [hidden]
	schema.registry.ssl.cipher.suites = null
	schema.registry.ssl.enabled.protocols = [TLSv1.2, TLSv1.3]
	schema.registry.ssl.endpoint.identification.algorithm = https
	schema.registry.ssl.engine.factory.class = null
	schema.registry.ssl.key.password = null
	schema.registry.ssl.keymanager.algorithm = SunX509
	schema.registry.ssl.keystore.certificate.chain = null
	schema.registry.ssl.keystore.key = null
	schema.registry.ssl.keystore.location = null
	schema.registry.ssl.keystore.password = null
	schema.registry.ssl.keystore.type = JKS
	schema.registry.ssl.protocol = TLSv1.3
	schema.registry.ssl.provider = null
	schema.registry.ssl.secure.random.implementation = null
	schema.registry.ssl.trustmanager.algorithm = PKIX
	schema.registry.ssl.truststore.certificates = null
	schema.registry.ssl.truststore.location = null
	schema.registry.ssl.truststore.password = null
	schema.registry.ssl.truststore.type = JKS
	schema.registry.url = [http://registry-app-inmemory.apps.ci419.apicurio-testing.org:80/apis/ccompat/v7]
	schema.registry.url.randomize = false
	use.latest.version = false
	use.latest.with.metadata = null
	use.schema.id = -1
	value.schema.id.deserializer = class io.confluent.kafka.serializers.schema.id.DualSchemaIdDeserializer
	value.schema.id.serializer = class io.confluent.kafka.serializers.schema.id.PrefixSchemaIdSerializer
	value.subject.name.strategy = class io.confluent.kafka.serializers.subject.TopicRecordNameStrategy

2025-07-31 17:00:45,066 INFO  [org.apa.kaf.cli.pro.KafkaProducer] (main) [Producer clientId=Producer-topic-706f31fe_e1ec_473c_9540_55cf967e1c36] Instantiated an idempotent producer.
2025-07-31 17:00:45,068 INFO  [org.apa.kaf.cli.pro.ProducerConfig] (main) These configurations '[schema.registry.url, auto.register.schemas, value.subject.name.strategy]' were supplied but are not used yet.
2025-07-31 17:00:45,068 INFO  [org.apa.kaf.com.uti.AppInfoParser] (main) Kafka version: 3.9.1
2025-07-31 17:00:45,068 INFO  [org.apa.kaf.com.uti.AppInfoParser] (main) Kafka commitId: f745dfdcee2b9851
2025-07-31 17:00:45,068 INFO  [org.apa.kaf.com.uti.AppInfoParser] (main) Kafka startTimeMs: 1753981245068
2025-07-31 17:00:45,071 INFO  [io.api.tes.ser.api.KafkaSerdesTester] (Thread-823) Sending message {"key1": "value-0", "key2": "value-0"} to topic topic-706f31fe_e1ec_473c_9540_55cf967e1c36
2025-07-31 17:00:45,074 INFO  [org.apa.kaf.cli.Metadata] (kafka-producer-network-thread | Producer-topic-706f31fe_e1ec_473c_9540_55cf967e1c36) [Producer clientId=Producer-topic-706f31fe_e1ec_473c_9540_55cf967e1c36] Cluster ID: JfHT16fFSb-b502x6d9TJg
2025-07-31 17:00:45,074 INFO  [org.apa.kaf.cli.pro.int.TransactionManager] (kafka-producer-network-thread | Producer-topic-706f31fe_e1ec_473c_9540_55cf967e1c36) [Producer clientId=Producer-topic-706f31fe_e1ec_473c_9540_55cf967e1c36] ProducerId set to 37 with epoch 0
2025-07-31 17:00:45,105 INFO  [io.api.tes.ser.api.KafkaSerdesTester] (Thread-823) Sending message {"key1": "value-1", "key2": "value-1"} to topic topic-706f31fe_e1ec_473c_9540_55cf967e1c36
2025-07-31 17:00:45,107 INFO  [io.api.tes.ser.api.KafkaSerdesTester] (Thread-823) Sending message {"key1": "value-2", "key2": "value-2"} to topic topic-706f31fe_e1ec_473c_9540_55cf967e1c36
2025-07-31 17:00:45,108 INFO  [io.api.tes.ser.api.KafkaSerdesTester] (Thread-823) Sending message {"key1": "value-3", "key2": "value-3"} to topic topic-706f31fe_e1ec_473c_9540_55cf967e1c36
2025-07-31 17:00:45,109 INFO  [io.api.tes.ser.api.KafkaSerdesTester] (Thread-823) Sending message {"key1": "value-4", "key2": "value-4"} to topic topic-706f31fe_e1ec_473c_9540_55cf967e1c36
2025-07-31 17:00:45,109 INFO  [io.api.tes.ser.api.KafkaSerdesTester] (Thread-823) Sending message {"key1": "value-5", "key2": "value-5"} to topic topic-706f31fe_e1ec_473c_9540_55cf967e1c36
2025-07-31 17:00:45,110 INFO  [io.api.tes.ser.api.KafkaSerdesTester] (Thread-823) Sending message {"key1": "value-6", "key2": "value-6"} to topic topic-706f31fe_e1ec_473c_9540_55cf967e1c36
2025-07-31 17:00:45,111 INFO  [io.api.tes.ser.api.KafkaSerdesTester] (Thread-823) Sending message {"key1": "value-7", "key2": "value-7"} to topic topic-706f31fe_e1ec_473c_9540_55cf967e1c36
2025-07-31 17:00:45,112 INFO  [io.api.tes.ser.api.KafkaSerdesTester] (Thread-823) Sending message {"key1": "value-8", "key2": "value-8"} to topic topic-706f31fe_e1ec_473c_9540_55cf967e1c36
2025-07-31 17:00:45,114 INFO  [io.api.tes.ser.api.KafkaSerdesTester] (Thread-823) Sending message {"key1": "value-9", "key2": "value-9"} to topic topic-706f31fe_e1ec_473c_9540_55cf967e1c36
2025-07-31 17:00:45,115 INFO  [io.api.tes.ser.api.KafkaSerdesTester] (Thread-823) Produced 10 messages
2025-07-31 17:00:45,115 INFO  [org.apa.kaf.cli.pro.KafkaProducer] (Thread-823) [Producer clientId=Producer-topic-706f31fe_e1ec_473c_9540_55cf967e1c36] Closing the Kafka producer with timeoutMillis = 9223372036854775807 ms.
2025-07-31 17:00:45,118 INFO  [org.apa.kaf.com.met.Metrics] (Thread-823) Metrics scheduler closed
2025-07-31 17:00:45,118 INFO  [org.apa.kaf.com.met.Metrics] (Thread-823) Closing reporter org.apache.kafka.common.metrics.JmxReporter
2025-07-31 17:00:45,118 INFO  [org.apa.kaf.com.met.Metrics] (Thread-823) Closing reporter org.apache.kafka.common.telemetry.internals.ClientTelemetryReporter
2025-07-31 17:00:45,118 INFO  [org.apa.kaf.com.met.Metrics] (Thread-823) Metrics reporters closed
2025-07-31 17:00:45,118 INFO  [org.apa.kaf.com.uti.AppInfoParser] (Thread-823) App info kafka.producer for Producer-topic-706f31fe_e1ec_473c_9540_55cf967e1c36 unregistered
**** Registry Base URL: http://registry-app-inmemory.apps.ci419.apicurio-testing.org:80
2025-07-31 17:00:45,119 INFO  [org.apa.kaf.cli.pro.ProducerConfig] (main) ProducerConfig values: 
	acks = -1
	auto.include.jmx.reporter = true
	batch.size = 16384
	bootstrap.servers = [PLAINTEXT://localhost:32770]
	buffer.memory = 33554432
	client.dns.lookup = use_all_dns_ips
	client.id = Producer-topic-706f31fe_e1ec_473c_9540_55cf967e1c36
	compression.gzip.level = -1
	compression.lz4.level = 9
	compression.type = none
	compression.zstd.level = 3
	connections.max.idle.ms = 10000
	delivery.timeout.ms = 120000
	enable.idempotence = true
	enable.metrics.push = true
	interceptor.classes = []
	key.serializer = class org.apache.kafka.common.serialization.StringSerializer
	linger.ms = 0
	max.block.ms = 60000
	max.in.flight.requests.per.connection = 5
	max.request.size = 1048576
	metadata.max.age.ms = 300000
	metadata.max.idle.ms = 300000
	metadata.recovery.strategy = none
	metric.reporters = []
	metrics.num.samples = 2
	metrics.recording.level = INFO
	metrics.sample.window.ms = 30000
	partitioner.adaptive.partitioning.enable = true
	partitioner.availability.timeout.ms = 0
	partitioner.class = null
	partitioner.ignore.keys = false
	receive.buffer.bytes = 32768
	reconnect.backoff.max.ms = 1000
	reconnect.backoff.ms = 50
	request.timeout.ms = 5000
	retries = 2147483647
	retry.backoff.max.ms = 1000
	retry.backoff.ms = 100
	sasl.client.callback.handler.class = null
	sasl.jaas.config = null
	sasl.kerberos.kinit.cmd = /usr/bin/kinit
	sasl.kerberos.min.time.before.relogin = 60000
	sasl.kerberos.service.name = null
	sasl.kerberos.ticket.renew.jitter = 0.05
	sasl.kerberos.ticket.renew.window.factor = 0.8
	sasl.login.callback.handler.class = null
	sasl.login.class = null
	sasl.login.connect.timeout.ms = null
	sasl.login.read.timeout.ms = null
	sasl.login.refresh.buffer.seconds = 300
	sasl.login.refresh.min.period.seconds = 60
	sasl.login.refresh.window.factor = 0.8
	sasl.login.refresh.window.jitter = 0.05
	sasl.login.retry.backoff.max.ms = 10000
	sasl.login.retry.backoff.ms = 100
	sasl.mechanism = GSSAPI
	sasl.oauthbearer.clock.skew.seconds = 30
	sasl.oauthbearer.expected.audience = null
	sasl.oauthbearer.expected.issuer = null
	sasl.oauthbearer.header.urlencode = false
	sasl.oauthbearer.jwks.endpoint.refresh.ms = 3600000
	sasl.oauthbearer.jwks.endpoint.retry.backoff.max.ms = 10000
	sasl.oauthbearer.jwks.endpoint.retry.backoff.ms = 100
	sasl.oauthbearer.jwks.endpoint.url = null
	sasl.oauthbearer.scope.claim.name = scope
	sasl.oauthbearer.sub.claim.name = sub
	sasl.oauthbearer.token.endpoint.url = null
	security.protocol = PLAINTEXT
	security.providers = null
	send.buffer.bytes = 131072
	socket.connection.setup.timeout.max.ms = 30000
	socket.connection.setup.timeout.ms = 10000
	ssl.cipher.suites = null
	ssl.enabled.protocols = [TLSv1.2, TLSv1.3]
	ssl.endpoint.identification.algorithm = https
	ssl.engine.factory.class = null
	ssl.key.password = null
	ssl.keymanager.algorithm = SunX509
	ssl.keystore.certificate.chain = null
	ssl.keystore.key = null
	ssl.keystore.location = null
	ssl.keystore.password = null
	ssl.keystore.type = JKS
	ssl.protocol = TLSv1.3
	ssl.provider = null
	ssl.secure.random.implementation = null
	ssl.trustmanager.algorithm = PKIX
	ssl.truststore.certificates = null
	ssl.truststore.location = null
	ssl.truststore.password = null
	ssl.truststore.type = JKS
	transaction.timeout.ms = 60000
	transactional.id = null
	value.serializer = class io.confluent.kafka.serializers.KafkaAvroSerializer

2025-07-31 17:00:45,119 INFO  [org.apa.kaf.com.tel.int.KafkaMetricsCollector] (main) initializing Kafka metrics collector
2025-07-31 17:00:45,119 INFO  [io.con.kaf.ser.KafkaAvroSerializerConfig] (main) KafkaAvroSerializerConfig values: 
	auto.register.schemas = false
	avro.reflection.allow.null = false
	avro.remove.java.properties = false
	avro.use.logical.type.converters = false
	basic.auth.credentials.source = URL
	basic.auth.user.info = [hidden]
	bearer.auth.cache.expiry.buffer.seconds = 300
	bearer.auth.client.id = null
	bearer.auth.client.secret = null
	bearer.auth.credentials.source = STATIC_TOKEN
	bearer.auth.custom.provider.class = null
	bearer.auth.identity.pool.id = null
	bearer.auth.issuer.endpoint.url = null
	bearer.auth.logical.cluster = null
	bearer.auth.scope = null
	bearer.auth.scope.claim.name = scope
	bearer.auth.sub.claim.name = sub
	bearer.auth.token = [hidden]
	context.name.strategy = class io.confluent.kafka.serializers.context.NullContextNameStrategy
	http.connect.timeout.ms = 60000
	http.read.timeout.ms = 60000
	id.compatibility.strict = true
	key.schema.id.deserializer = class io.confluent.kafka.serializers.schema.id.DualSchemaIdDeserializer
	key.schema.id.serializer = class io.confluent.kafka.serializers.schema.id.PrefixSchemaIdSerializer
	key.subject.name.strategy = class io.confluent.kafka.serializers.subject.TopicNameStrategy
	latest.cache.size = 1000
	latest.cache.ttl.sec = -1
	latest.compatibility.strict = true
	max.retries = 3
	max.schemas.per.subject = 1000
	normalize.schemas = false
	propagate.schema.tags = false
	proxy.host = 
	proxy.port = -1
	retries.max.wait.ms = 20000
	retries.wait.ms = 1000
	rule.actions = []
	rule.executors = []
	rule.service.loader.enable = true
	schema.format = null
	schema.reflection = false
	schema.registry.basic.auth.user.info = [hidden]
	schema.registry.ssl.cipher.suites = null
	schema.registry.ssl.enabled.protocols = [TLSv1.2, TLSv1.3]
	schema.registry.ssl.endpoint.identification.algorithm = https
	schema.registry.ssl.engine.factory.class = null
	schema.registry.ssl.key.password = null
	schema.registry.ssl.keymanager.algorithm = SunX509
	schema.registry.ssl.keystore.certificate.chain = null
	schema.registry.ssl.keystore.key = null
	schema.registry.ssl.keystore.location = null
	schema.registry.ssl.keystore.password = null
	schema.registry.ssl.keystore.type = JKS
	schema.registry.ssl.protocol = TLSv1.3
	schema.registry.ssl.provider = null
	schema.registry.ssl.secure.random.implementation = null
	schema.registry.ssl.trustmanager.algorithm = PKIX
	schema.registry.ssl.truststore.certificates = null
	schema.registry.ssl.truststore.location = null
	schema.registry.ssl.truststore.password = null
	schema.registry.ssl.truststore.type = JKS
	schema.registry.url = [http://registry-app-inmemory.apps.ci419.apicurio-testing.org:80/apis/ccompat/v7]
	schema.registry.url.randomize = false
	use.latest.version = false
	use.latest.with.metadata = null
	use.schema.id = -1
	value.schema.id.deserializer = class io.confluent.kafka.serializers.schema.id.DualSchemaIdDeserializer
	value.schema.id.serializer = class io.confluent.kafka.serializers.schema.id.PrefixSchemaIdSerializer
	value.subject.name.strategy = class io.confluent.kafka.serializers.subject.TopicRecordNameStrategy

2025-07-31 17:00:45,121 INFO  [org.apa.kaf.cli.pro.KafkaProducer] (main) [Producer clientId=Producer-topic-706f31fe_e1ec_473c_9540_55cf967e1c36] Instantiated an idempotent producer.
2025-07-31 17:00:45,122 INFO  [org.apa.kaf.cli.pro.ProducerConfig] (main) These configurations '[schema.registry.url, auto.register.schemas, value.subject.name.strategy]' were supplied but are not used yet.
2025-07-31 17:00:45,122 INFO  [org.apa.kaf.com.uti.AppInfoParser] (main) Kafka version: 3.9.1
2025-07-31 17:00:45,122 INFO  [org.apa.kaf.com.uti.AppInfoParser] (main) Kafka commitId: f745dfdcee2b9851
2025-07-31 17:00:45,122 INFO  [org.apa.kaf.com.uti.AppInfoParser] (main) Kafka startTimeMs: 1753981245122
2025-07-31 17:00:45,123 INFO  [io.api.tes.ser.api.KafkaSerdesTester] (Thread-824) Sending message {"key1": "value-0"} to topic topic-706f31fe_e1ec_473c_9540_55cf967e1c36
2025-07-31 17:00:45,125 INFO  [org.apa.kaf.cli.Metadata] (kafka-producer-network-thread | Producer-topic-706f31fe_e1ec_473c_9540_55cf967e1c36) [Producer clientId=Producer-topic-706f31fe_e1ec_473c_9540_55cf967e1c36] Cluster ID: JfHT16fFSb-b502x6d9TJg
2025-07-31 17:00:45,125 INFO  [org.apa.kaf.cli.pro.int.TransactionManager] (kafka-producer-network-thread | Producer-topic-706f31fe_e1ec_473c_9540_55cf967e1c36) [Producer clientId=Producer-topic-706f31fe_e1ec_473c_9540_55cf967e1c36] ProducerId set to 38 with epoch 0
2025-07-31 17:00:45,154 INFO  [io.api.tes.ser.api.KafkaSerdesTester] (Thread-824) Sending message {"key1": "value-1"} to topic topic-706f31fe_e1ec_473c_9540_55cf967e1c36
2025-07-31 17:00:45,156 INFO  [io.api.tes.ser.api.KafkaSerdesTester] (Thread-824) Sending message {"key1": "value-2"} to topic topic-706f31fe_e1ec_473c_9540_55cf967e1c36
2025-07-31 17:00:45,157 INFO  [io.api.tes.ser.api.KafkaSerdesTester] (Thread-824) Sending message {"key1": "value-3"} to topic topic-706f31fe_e1ec_473c_9540_55cf967e1c36
2025-07-31 17:00:45,158 INFO  [io.api.tes.ser.api.KafkaSerdesTester] (Thread-824) Sending message {"key1": "value-4"} to topic topic-706f31fe_e1ec_473c_9540_55cf967e1c36
2025-07-31 17:00:45,159 INFO  [io.api.tes.ser.api.KafkaSerdesTester] (Thread-824) Sending message {"key1": "value-5"} to topic topic-706f31fe_e1ec_473c_9540_55cf967e1c36
2025-07-31 17:00:45,160 INFO  [io.api.tes.ser.api.KafkaSerdesTester] (Thread-824) Sending message {"key1": "value-6"} to topic topic-706f31fe_e1ec_473c_9540_55cf967e1c36
2025-07-31 17:00:45,161 INFO  [io.api.tes.ser.api.KafkaSerdesTester] (Thread-824) Sending message {"key1": "value-7"} to topic topic-706f31fe_e1ec_473c_9540_55cf967e1c36
2025-07-31 17:00:45,162 INFO  [io.api.tes.ser.api.KafkaSerdesTester] (Thread-824) Sending message {"key1": "value-8"} to topic topic-706f31fe_e1ec_473c_9540_55cf967e1c36
2025-07-31 17:00:45,163 INFO  [io.api.tes.ser.api.KafkaSerdesTester] (Thread-824) Sending message {"key1": "value-9"} to topic topic-706f31fe_e1ec_473c_9540_55cf967e1c36
2025-07-31 17:00:45,164 INFO  [io.api.tes.ser.api.KafkaSerdesTester] (Thread-824) Produced 10 messages
2025-07-31 17:00:45,164 INFO  [org.apa.kaf.cli.pro.KafkaProducer] (Thread-824) [Producer clientId=Producer-topic-706f31fe_e1ec_473c_9540_55cf967e1c36] Closing the Kafka producer with timeoutMillis = 9223372036854775807 ms.
2025-07-31 17:00:45,165 INFO  [org.apa.kaf.com.met.Metrics] (Thread-824) Metrics scheduler closed
2025-07-31 17:00:45,165 INFO  [org.apa.kaf.com.met.Metrics] (Thread-824) Closing reporter org.apache.kafka.common.metrics.JmxReporter
2025-07-31 17:00:45,165 INFO  [org.apa.kaf.com.met.Metrics] (Thread-824) Closing reporter org.apache.kafka.common.telemetry.internals.ClientTelemetryReporter
2025-07-31 17:00:45,165 INFO  [org.apa.kaf.com.met.Metrics] (Thread-824) Metrics reporters closed
2025-07-31 17:00:45,166 INFO  [org.apa.kaf.com.uti.AppInfoParser] (Thread-824) App info kafka.producer for Producer-topic-706f31fe_e1ec_473c_9540_55cf967e1c36 unregistered
**** Registry Base URL: http://registry-app-inmemory.apps.ci419.apicurio-testing.org:80
2025-07-31 17:00:45,166 INFO  [org.apa.kaf.cli.con.ConsumerConfig] (main) ConsumerConfig values: 
	allow.auto.create.topics = true
	auto.commit.interval.ms = 500
	auto.include.jmx.reporter = true
	auto.offset.reset = earliest
	bootstrap.servers = [PLAINTEXT://localhost:32770]
	check.crcs = true
	client.dns.lookup = use_all_dns_ips
	client.id = consumer-Consumer-topic-706f31fe_e1ec_473c_9540_55cf967e1c36-28
	client.rack = 
	connections.max.idle.ms = 10000
	default.api.timeout.ms = 60000
	enable.auto.commit = true
	enable.metrics.push = true
	exclude.internal.topics = true
	fetch.max.bytes = 52428800
	fetch.max.wait.ms = 500
	fetch.min.bytes = 1
	group.id = Consumer-topic-706f31fe_e1ec_473c_9540_55cf967e1c36
	group.instance.id = null
	group.protocol = classic
	group.remote.assignor = null
	heartbeat.interval.ms = 3000
	interceptor.classes = []
	internal.leave.group.on.close = true
	internal.throw.on.fetch.stable.offset.unsupported = false
	isolation.level = read_uncommitted
	key.deserializer = class org.apache.kafka.common.serialization.StringDeserializer
	max.partition.fetch.bytes = 1048576
	max.poll.interval.ms = 300000
	max.poll.records = 500
	metadata.max.age.ms = 300000
	metadata.recovery.strategy = none
	metric.reporters = []
	metrics.num.samples = 2
	metrics.recording.level = INFO
	metrics.sample.window.ms = 30000
	partition.assignment.strategy = [class org.apache.kafka.clients.consumer.RangeAssignor, class org.apache.kafka.clients.consumer.CooperativeStickyAssignor]
	receive.buffer.bytes = 65536
	reconnect.backoff.max.ms = 1000
	reconnect.backoff.ms = 50
	request.timeout.ms = 5000
	retry.backoff.max.ms = 1000
	retry.backoff.ms = 100
	sasl.client.callback.handler.class = null
	sasl.jaas.config = null
	sasl.kerberos.kinit.cmd = /usr/bin/kinit
	sasl.kerberos.min.time.before.relogin = 60000
	sasl.kerberos.service.name = null
	sasl.kerberos.ticket.renew.jitter = 0.05
	sasl.kerberos.ticket.renew.window.factor = 0.8
	sasl.login.callback.handler.class = null
	sasl.login.class = null
	sasl.login.connect.timeout.ms = null
	sasl.login.read.timeout.ms = null
	sasl.login.refresh.buffer.seconds = 300
	sasl.login.refresh.min.period.seconds = 60
	sasl.login.refresh.window.factor = 0.8
	sasl.login.refresh.window.jitter = 0.05
	sasl.login.retry.backoff.max.ms = 10000
	sasl.login.retry.backoff.ms = 100
	sasl.mechanism = GSSAPI
	sasl.oauthbearer.clock.skew.seconds = 30
	sasl.oauthbearer.expected.audience = null
	sasl.oauthbearer.expected.issuer = null
	sasl.oauthbearer.header.urlencode = false
	sasl.oauthbearer.jwks.endpoint.refresh.ms = 3600000
	sasl.oauthbearer.jwks.endpoint.retry.backoff.max.ms = 10000
	sasl.oauthbearer.jwks.endpoint.retry.backoff.ms = 100
	sasl.oauthbearer.jwks.endpoint.url = null
	sasl.oauthbearer.scope.claim.name = scope
	sasl.oauthbearer.sub.claim.name = sub
	sasl.oauthbearer.token.endpoint.url = null
	security.protocol = PLAINTEXT
	security.providers = null
	send.buffer.bytes = 131072
	session.timeout.ms = 45000
	socket.connection.setup.timeout.max.ms = 30000
	socket.connection.setup.timeout.ms = 10000
	ssl.cipher.suites = null
	ssl.enabled.protocols = [TLSv1.2, TLSv1.3]
	ssl.endpoint.identification.algorithm = https
	ssl.engine.factory.class = null
	ssl.key.password = null
	ssl.keymanager.algorithm = SunX509
	ssl.keystore.certificate.chain = null
	ssl.keystore.key = null
	ssl.keystore.location = null
	ssl.keystore.password = null
	ssl.keystore.type = JKS
	ssl.protocol = TLSv1.3
	ssl.provider = null
	ssl.secure.random.implementation = null
	ssl.trustmanager.algorithm = PKIX
	ssl.truststore.certificates = null
	ssl.truststore.location = null
	ssl.truststore.password = null
	ssl.truststore.type = JKS
	value.deserializer = class io.confluent.kafka.serializers.KafkaAvroDeserializer

2025-07-31 17:00:45,166 INFO  [org.apa.kaf.com.tel.int.KafkaMetricsCollector] (main) initializing Kafka metrics collector
2025-07-31 17:00:45,167 INFO  [io.con.kaf.ser.KafkaAvroDeserializerConfig] (main) KafkaAvroDeserializerConfig values: 
	auto.register.schemas = true
	avro.reflection.allow.null = false
	avro.use.logical.type.converters = false
	basic.auth.credentials.source = URL
	basic.auth.user.info = [hidden]
	bearer.auth.cache.expiry.buffer.seconds = 300
	bearer.auth.client.id = null
	bearer.auth.client.secret = null
	bearer.auth.credentials.source = STATIC_TOKEN
	bearer.auth.custom.provider.class = null
	bearer.auth.identity.pool.id = null
	bearer.auth.issuer.endpoint.url = null
	bearer.auth.logical.cluster = null
	bearer.auth.scope = null
	bearer.auth.scope.claim.name = scope
	bearer.auth.sub.claim.name = sub
	bearer.auth.token = [hidden]
	context.name.strategy = class io.confluent.kafka.serializers.context.NullContextNameStrategy
	http.connect.timeout.ms = 60000
	http.read.timeout.ms = 60000
	id.compatibility.strict = true
	key.schema.id.deserializer = class io.confluent.kafka.serializers.schema.id.DualSchemaIdDeserializer
	key.schema.id.serializer = class io.confluent.kafka.serializers.schema.id.PrefixSchemaIdSerializer
	key.subject.name.strategy = class io.confluent.kafka.serializers.subject.TopicNameStrategy
	latest.cache.size = 1000
	latest.cache.ttl.sec = -1
	latest.compatibility.strict = true
	max.retries = 3
	max.schemas.per.subject = 1000
	normalize.schemas = false
	propagate.schema.tags = false
	proxy.host = 
	proxy.port = -1
	retries.max.wait.ms = 20000
	retries.wait.ms = 1000
	rule.actions = []
	rule.executors = []
	rule.service.loader.enable = true
	schema.format = null
	schema.reflection = false
	schema.registry.basic.auth.user.info = [hidden]
	schema.registry.ssl.cipher.suites = null
	schema.registry.ssl.enabled.protocols = [TLSv1.2, TLSv1.3]
	schema.registry.ssl.endpoint.identification.algorithm = https
	schema.registry.ssl.engine.factory.class = null
	schema.registry.ssl.key.password = null
	schema.registry.ssl.keymanager.algorithm = SunX509
	schema.registry.ssl.keystore.certificate.chain = null
	schema.registry.ssl.keystore.key = null
	schema.registry.ssl.keystore.location = null
	schema.registry.ssl.keystore.password = null
	schema.registry.ssl.keystore.type = JKS
	schema.registry.ssl.protocol = TLSv1.3
	schema.registry.ssl.provider = null
	schema.registry.ssl.secure.random.implementation = null
	schema.registry.ssl.trustmanager.algorithm = PKIX
	schema.registry.ssl.truststore.certificates = null
	schema.registry.ssl.truststore.location = null
	schema.registry.ssl.truststore.password = null
	schema.registry.ssl.truststore.type = JKS
	schema.registry.url = [http://registry-app-inmemory.apps.ci419.apicurio-testing.org:80/apis/ccompat/v7]
	schema.registry.url.randomize = false
	specific.avro.key.type = null
	specific.avro.reader = false
	specific.avro.value.type = null
	use.latest.version = false
	use.latest.with.metadata = null
	use.schema.id = -1
	value.schema.id.deserializer = class io.confluent.kafka.serializers.schema.id.DualSchemaIdDeserializer
	value.schema.id.serializer = class io.confluent.kafka.serializers.schema.id.PrefixSchemaIdSerializer
	value.subject.name.strategy = class io.confluent.kafka.serializers.subject.TopicNameStrategy

2025-07-31 17:00:45,170 INFO  [org.apa.kaf.cli.con.ConsumerConfig] (main) These configurations '[schema.registry.url]' were supplied but are not used yet.
2025-07-31 17:00:45,171 INFO  [org.apa.kaf.com.uti.AppInfoParser] (main) Kafka version: 3.9.1
2025-07-31 17:00:45,171 INFO  [org.apa.kaf.com.uti.AppInfoParser] (main) Kafka commitId: f745dfdcee2b9851
2025-07-31 17:00:45,171 INFO  [org.apa.kaf.com.uti.AppInfoParser] (main) Kafka startTimeMs: 1753981245171
2025-07-31 17:00:45,172 INFO  [org.apa.kaf.cli.con.int.ClassicKafkaConsumer] (Thread-825) [Consumer clientId=consumer-Consumer-topic-706f31fe_e1ec_473c_9540_55cf967e1c36-28, groupId=Consumer-topic-706f31fe_e1ec_473c_9540_55cf967e1c36] Subscribed to topic(s): topic-706f31fe_e1ec_473c_9540_55cf967e1c36
2025-07-31 17:00:45,176 INFO  [org.apa.kaf.cli.Metadata] (Thread-825) [Consumer clientId=consumer-Consumer-topic-706f31fe_e1ec_473c_9540_55cf967e1c36-28, groupId=Consumer-topic-706f31fe_e1ec_473c_9540_55cf967e1c36] Cluster ID: JfHT16fFSb-b502x6d9TJg
2025-07-31 17:00:45,176 INFO  [org.apa.kaf.cli.con.int.ConsumerCoordinator] (Thread-825) [Consumer clientId=consumer-Consumer-topic-706f31fe_e1ec_473c_9540_55cf967e1c36-28, groupId=Consumer-topic-706f31fe_e1ec_473c_9540_55cf967e1c36] Discovered group coordinator localhost:32770 (id: 2147483647 rack: null)
2025-07-31 17:00:45,178 INFO  [org.apa.kaf.cli.con.int.ConsumerCoordinator] (Thread-825) [Consumer clientId=consumer-Consumer-topic-706f31fe_e1ec_473c_9540_55cf967e1c36-28, groupId=Consumer-topic-706f31fe_e1ec_473c_9540_55cf967e1c36] (Re-)joining group
2025-07-31 17:00:45,180 INFO  [org.apa.kaf.cli.con.int.ConsumerCoordinator] (Thread-825) [Consumer clientId=consumer-Consumer-topic-706f31fe_e1ec_473c_9540_55cf967e1c36-28, groupId=Consumer-topic-706f31fe_e1ec_473c_9540_55cf967e1c36] Request joining group due to: need to re-join with the given member-id: consumer-Consumer-topic-706f31fe_e1ec_473c_9540_55cf967e1c36-28-a3234a07-a716-464d-8a71-0a740b5dd6b9
2025-07-31 17:00:45,180 INFO  [org.apa.kaf.cli.con.int.ConsumerCoordinator] (Thread-825) [Consumer clientId=consumer-Consumer-topic-706f31fe_e1ec_473c_9540_55cf967e1c36-28, groupId=Consumer-topic-706f31fe_e1ec_473c_9540_55cf967e1c36] (Re-)joining group
2025-07-31 17:00:45,182 INFO  [org.apa.kaf.cli.con.int.ConsumerCoordinator] (Thread-825) [Consumer clientId=consumer-Consumer-topic-706f31fe_e1ec_473c_9540_55cf967e1c36-28, groupId=Consumer-topic-706f31fe_e1ec_473c_9540_55cf967e1c36] Successfully joined group with generation Generation{generationId=3, memberId='consumer-Consumer-topic-706f31fe_e1ec_473c_9540_55cf967e1c36-28-a3234a07-a716-464d-8a71-0a740b5dd6b9', protocol='range'}
2025-07-31 17:00:45,182 INFO  [org.apa.kaf.cli.con.int.ConsumerCoordinator] (Thread-825) [Consumer clientId=consumer-Consumer-topic-706f31fe_e1ec_473c_9540_55cf967e1c36-28, groupId=Consumer-topic-706f31fe_e1ec_473c_9540_55cf967e1c36] Finished assignment for group at generation 3: {consumer-Consumer-topic-706f31fe_e1ec_473c_9540_55cf967e1c36-28-a3234a07-a716-464d-8a71-0a740b5dd6b9=Assignment(partitions=[topic-706f31fe_e1ec_473c_9540_55cf967e1c36-0])}
2025-07-31 17:00:45,184 INFO  [org.apa.kaf.cli.con.int.ConsumerCoordinator] (Thread-825) [Consumer clientId=consumer-Consumer-topic-706f31fe_e1ec_473c_9540_55cf967e1c36-28, groupId=Consumer-topic-706f31fe_e1ec_473c_9540_55cf967e1c36] Successfully synced group in generation Generation{generationId=3, memberId='consumer-Consumer-topic-706f31fe_e1ec_473c_9540_55cf967e1c36-28-a3234a07-a716-464d-8a71-0a740b5dd6b9', protocol='range'}
2025-07-31 17:00:45,184 INFO  [org.apa.kaf.cli.con.int.ConsumerCoordinator] (Thread-825) [Consumer clientId=consumer-Consumer-topic-706f31fe_e1ec_473c_9540_55cf967e1c36-28, groupId=Consumer-topic-706f31fe_e1ec_473c_9540_55cf967e1c36] Notifying assignor about the new Assignment(partitions=[topic-706f31fe_e1ec_473c_9540_55cf967e1c36-0])
2025-07-31 17:00:45,184 INFO  [org.apa.kaf.cli.con.int.ConsumerRebalanceListenerInvoker] (Thread-825) [Consumer clientId=consumer-Consumer-topic-706f31fe_e1ec_473c_9540_55cf967e1c36-28, groupId=Consumer-topic-706f31fe_e1ec_473c_9540_55cf967e1c36] Adding newly assigned partitions: topic-706f31fe_e1ec_473c_9540_55cf967e1c36-0
2025-07-31 17:00:45,185 INFO  [org.apa.kaf.cli.con.int.ConsumerUtils] (Thread-825) Setting offset for partition topic-706f31fe_e1ec_473c_9540_55cf967e1c36-0 to the committed offset FetchPosition{offset=10, offsetEpoch=Optional[0], currentLeader=LeaderAndEpoch{leader=Optional[localhost:32770 (id: 0 rack: null)], epoch=0}}
2025-07-31 17:00:45,247 INFO  [io.api.tes.ser.api.KafkaSerdesTester] (Thread-825) topic-706f31fe_e1ec_473c_9540_55cf967e1c36 0 10 {"key1": "value-0", "key2": "value-0"}
2025-07-31 17:00:45,248 INFO  [io.api.tes.ser.api.KafkaSerdesTester] (Thread-825) topic-706f31fe_e1ec_473c_9540_55cf967e1c36 0 11 {"key1": "value-1", "key2": "value-1"}
2025-07-31 17:00:45,248 INFO  [io.api.tes.ser.api.KafkaSerdesTester] (Thread-825) topic-706f31fe_e1ec_473c_9540_55cf967e1c36 0 12 {"key1": "value-2", "key2": "value-2"}
2025-07-31 17:00:45,248 INFO  [io.api.tes.ser.api.KafkaSerdesTester] (Thread-825) topic-706f31fe_e1ec_473c_9540_55cf967e1c36 0 13 {"key1": "value-3", "key2": "value-3"}
2025-07-31 17:00:45,248 INFO  [io.api.tes.ser.api.KafkaSerdesTester] (Thread-825) topic-706f31fe_e1ec_473c_9540_55cf967e1c36 0 14 {"key1": "value-4", "key2": "value-4"}
2025-07-31 17:00:45,248 INFO  [io.api.tes.ser.api.KafkaSerdesTester] (Thread-825) topic-706f31fe_e1ec_473c_9540_55cf967e1c36 0 15 {"key1": "value-5", "key2": "value-5"}
2025-07-31 17:00:45,248 INFO  [io.api.tes.ser.api.KafkaSerdesTester] (Thread-825) topic-706f31fe_e1ec_473c_9540_55cf967e1c36 0 16 {"key1": "value-6", "key2": "value-6"}
2025-07-31 17:00:45,248 INFO  [io.api.tes.ser.api.KafkaSerdesTester] (Thread-825) topic-706f31fe_e1ec_473c_9540_55cf967e1c36 0 17 {"key1": "value-7", "key2": "value-7"}
2025-07-31 17:00:45,248 INFO  [io.api.tes.ser.api.KafkaSerdesTester] (Thread-825) topic-706f31fe_e1ec_473c_9540_55cf967e1c36 0 18 {"key1": "value-8", "key2": "value-8"}
2025-07-31 17:00:45,248 INFO  [io.api.tes.ser.api.KafkaSerdesTester] (Thread-825) topic-706f31fe_e1ec_473c_9540_55cf967e1c36 0 19 {"key1": "value-9", "key2": "value-9"}
2025-07-31 17:00:45,248 INFO  [io.api.tes.ser.api.KafkaSerdesTester] (Thread-825) topic-706f31fe_e1ec_473c_9540_55cf967e1c36 0 20 {"key1": "value-0"}
2025-07-31 17:00:45,248 INFO  [io.api.tes.ser.api.KafkaSerdesTester] (Thread-825) topic-706f31fe_e1ec_473c_9540_55cf967e1c36 0 21 {"key1": "value-1"}
2025-07-31 17:00:45,248 INFO  [io.api.tes.ser.api.KafkaSerdesTester] (Thread-825) topic-706f31fe_e1ec_473c_9540_55cf967e1c36 0 22 {"key1": "value-2"}
2025-07-31 17:00:45,248 INFO  [io.api.tes.ser.api.KafkaSerdesTester] (Thread-825) topic-706f31fe_e1ec_473c_9540_55cf967e1c36 0 23 {"key1": "value-3"}
2025-07-31 17:00:45,248 INFO  [io.api.tes.ser.api.KafkaSerdesTester] (Thread-825) topic-706f31fe_e1ec_473c_9540_55cf967e1c36 0 24 {"key1": "value-4"}
2025-07-31 17:00:45,248 INFO  [io.api.tes.ser.api.KafkaSerdesTester] (Thread-825) topic-706f31fe_e1ec_473c_9540_55cf967e1c36 0 25 {"key1": "value-5"}
2025-07-31 17:00:45,248 INFO  [io.api.tes.ser.api.KafkaSerdesTester] (Thread-825) topic-706f31fe_e1ec_473c_9540_55cf967e1c36 0 26 {"key1": "value-6"}
2025-07-31 17:00:45,248 INFO  [io.api.tes.ser.api.KafkaSerdesTester] (Thread-825) topic-706f31fe_e1ec_473c_9540_55cf967e1c36 0 27 {"key1": "value-7"}
2025-07-31 17:00:45,248 INFO  [io.api.tes.ser.api.KafkaSerdesTester] (Thread-825) topic-706f31fe_e1ec_473c_9540_55cf967e1c36 0 28 {"key1": "value-8"}
2025-07-31 17:00:45,248 INFO  [io.api.tes.ser.api.KafkaSerdesTester] (Thread-825) topic-706f31fe_e1ec_473c_9540_55cf967e1c36 0 29 {"key1": "value-9"}
2025-07-31 17:00:45,248 INFO  [io.api.tes.ser.api.KafkaSerdesTester] (Thread-825) Consumed 20 messages
2025-07-31 17:00:45,251 INFO  [org.apa.kaf.cli.con.int.ConsumerRebalanceListenerInvoker] (Thread-825) [Consumer clientId=consumer-Consumer-topic-706f31fe_e1ec_473c_9540_55cf967e1c36-28, groupId=Consumer-topic-706f31fe_e1ec_473c_9540_55cf967e1c36] Revoke previously assigned partitions topic-706f31fe_e1ec_473c_9540_55cf967e1c36-0
2025-07-31 17:00:45,251 INFO  [org.apa.kaf.cli.con.int.ConsumerCoordinator] (Thread-825) [Consumer clientId=consumer-Consumer-topic-706f31fe_e1ec_473c_9540_55cf967e1c36-28, groupId=Consumer-topic-706f31fe_e1ec_473c_9540_55cf967e1c36] Member consumer-Consumer-topic-706f31fe_e1ec_473c_9540_55cf967e1c36-28-a3234a07-a716-464d-8a71-0a740b5dd6b9 sending LeaveGroup request to coordinator localhost:32770 (id: 2147483647 rack: null) due to the consumer is being closed
2025-07-31 17:00:45,251 INFO  [org.apa.kaf.cli.con.int.ConsumerCoordinator] (Thread-825) [Consumer clientId=consumer-Consumer-topic-706f31fe_e1ec_473c_9540_55cf967e1c36-28, groupId=Consumer-topic-706f31fe_e1ec_473c_9540_55cf967e1c36] Resetting generation and member id due to: consumer pro-actively leaving the group
2025-07-31 17:00:45,251 INFO  [org.apa.kaf.cli.con.int.ConsumerCoordinator] (Thread-825) [Consumer clientId=consumer-Consumer-topic-706f31fe_e1ec_473c_9540_55cf967e1c36-28, groupId=Consumer-topic-706f31fe_e1ec_473c_9540_55cf967e1c36] Request joining group due to: consumer pro-actively leaving the group
2025-07-31 17:00:45,751 INFO  [org.apa.kaf.com.met.Metrics] (Thread-825) Metrics scheduler closed
2025-07-31 17:00:45,751 INFO  [org.apa.kaf.com.met.Metrics] (Thread-825) Closing reporter org.apache.kafka.common.metrics.JmxReporter
2025-07-31 17:00:45,751 INFO  [org.apa.kaf.com.met.Metrics] (Thread-825) Closing reporter org.apache.kafka.common.telemetry.internals.ClientTelemetryReporter
2025-07-31 17:00:45,751 INFO  [org.apa.kaf.com.met.Metrics] (Thread-825) Metrics reporters closed
2025-07-31 17:00:45,753 INFO  [org.apa.kaf.com.uti.AppInfoParser] (Thread-825) App info kafka.consumer for consumer-Consumer-topic-706f31fe_e1ec_473c_9540_55cf967e1c36-28 unregistered
**** Registry Base URL: http://registry-app-inmemory.apps.ci419.apicurio-testing.org:80
2025-07-31 17:00:46,831 INFO  [org.apa.kaf.cli.pro.ProducerConfig] (main) ProducerConfig values: 
	acks = -1
	auto.include.jmx.reporter = true
	batch.size = 16384
	bootstrap.servers = [PLAINTEXT://localhost:32770]
	buffer.memory = 33554432
	client.dns.lookup = use_all_dns_ips
	client.id = Producer-topic-706f31fe_e1ec_473c_9540_55cf967e1c36
	compression.gzip.level = -1
	compression.lz4.level = 9
	compression.type = none
	compression.zstd.level = 3
	connections.max.idle.ms = 10000
	delivery.timeout.ms = 120000
	enable.idempotence = true
	enable.metrics.push = true
	interceptor.classes = []
	key.serializer = class org.apache.kafka.common.serialization.StringSerializer
	linger.ms = 0
	max.block.ms = 60000
	max.in.flight.requests.per.connection = 5
	max.request.size = 1048576
	metadata.max.age.ms = 300000
	metadata.max.idle.ms = 300000
	metadata.recovery.strategy = none
	metric.reporters = []
	metrics.num.samples = 2
	metrics.recording.level = INFO
	metrics.sample.window.ms = 30000
	partitioner.adaptive.partitioning.enable = true
	partitioner.availability.timeout.ms = 0
	partitioner.class = null
	partitioner.ignore.keys = false
	receive.buffer.bytes = 32768
	reconnect.backoff.max.ms = 1000
	reconnect.backoff.ms = 50
	request.timeout.ms = 5000
	retries = 2147483647
	retry.backoff.max.ms = 1000
	retry.backoff.ms = 100
	sasl.client.callback.handler.class = null
	sasl.jaas.config = null
	sasl.kerberos.kinit.cmd = /usr/bin/kinit
	sasl.kerberos.min.time.before.relogin = 60000
	sasl.kerberos.service.name = null
	sasl.kerberos.ticket.renew.jitter = 0.05
	sasl.kerberos.ticket.renew.window.factor = 0.8
	sasl.login.callback.handler.class = null
	sasl.login.class = null
	sasl.login.connect.timeout.ms = null
	sasl.login.read.timeout.ms = null
	sasl.login.refresh.buffer.seconds = 300
	sasl.login.refresh.min.period.seconds = 60
	sasl.login.refresh.window.factor = 0.8
	sasl.login.refresh.window.jitter = 0.05
	sasl.login.retry.backoff.max.ms = 10000
	sasl.login.retry.backoff.ms = 100
	sasl.mechanism = GSSAPI
	sasl.oauthbearer.clock.skew.seconds = 30
	sasl.oauthbearer.expected.audience = null
	sasl.oauthbearer.expected.issuer = null
	sasl.oauthbearer.header.urlencode = false
	sasl.oauthbearer.jwks.endpoint.refresh.ms = 3600000
	sasl.oauthbearer.jwks.endpoint.retry.backoff.max.ms = 10000
	sasl.oauthbearer.jwks.endpoint.retry.backoff.ms = 100
	sasl.oauthbearer.jwks.endpoint.url = null
	sasl.oauthbearer.scope.claim.name = scope
	sasl.oauthbearer.sub.claim.name = sub
	sasl.oauthbearer.token.endpoint.url = null
	security.protocol = PLAINTEXT
	security.providers = null
	send.buffer.bytes = 131072
	socket.connection.setup.timeout.max.ms = 30000
	socket.connection.setup.timeout.ms = 10000
	ssl.cipher.suites = null
	ssl.enabled.protocols = [TLSv1.2, TLSv1.3]
	ssl.endpoint.identification.algorithm = https
	ssl.engine.factory.class = null
	ssl.key.password = null
	ssl.keymanager.algorithm = SunX509
	ssl.keystore.certificate.chain = null
	ssl.keystore.key = null
	ssl.keystore.location = null
	ssl.keystore.password = null
	ssl.keystore.type = JKS
	ssl.protocol = TLSv1.3
	ssl.provider = null
	ssl.secure.random.implementation = null
	ssl.trustmanager.algorithm = PKIX
	ssl.truststore.certificates = null
	ssl.truststore.location = null
	ssl.truststore.password = null
	ssl.truststore.type = JKS
	transaction.timeout.ms = 60000
	transactional.id = null
	value.serializer = class io.confluent.kafka.serializers.KafkaAvroSerializer

2025-07-31 17:00:46,831 INFO  [org.apa.kaf.com.tel.int.KafkaMetricsCollector] (main) initializing Kafka metrics collector
2025-07-31 17:00:46,831 INFO  [io.con.kaf.ser.KafkaAvroSerializerConfig] (main) KafkaAvroSerializerConfig values: 
	auto.register.schemas = false
	avro.reflection.allow.null = false
	avro.remove.java.properties = false
	avro.use.logical.type.converters = false
	basic.auth.credentials.source = URL
	basic.auth.user.info = [hidden]
	bearer.auth.cache.expiry.buffer.seconds = 300
	bearer.auth.client.id = null
	bearer.auth.client.secret = null
	bearer.auth.credentials.source = STATIC_TOKEN
	bearer.auth.custom.provider.class = null
	bearer.auth.identity.pool.id = null
	bearer.auth.issuer.endpoint.url = null
	bearer.auth.logical.cluster = null
	bearer.auth.scope = null
	bearer.auth.scope.claim.name = scope
	bearer.auth.sub.claim.name = sub
	bearer.auth.token = [hidden]
	context.name.strategy = class io.confluent.kafka.serializers.context.NullContextNameStrategy
	http.connect.timeout.ms = 60000
	http.read.timeout.ms = 60000
	id.compatibility.strict = true
	key.schema.id.deserializer = class io.confluent.kafka.serializers.schema.id.DualSchemaIdDeserializer
	key.schema.id.serializer = class io.confluent.kafka.serializers.schema.id.PrefixSchemaIdSerializer
	key.subject.name.strategy = class io.confluent.kafka.serializers.subject.TopicNameStrategy
	latest.cache.size = 1000
	latest.cache.ttl.sec = -1
	latest.compatibility.strict = true
	max.retries = 3
	max.schemas.per.subject = 1000
	normalize.schemas = false
	propagate.schema.tags = false
	proxy.host = 
	proxy.port = -1
	retries.max.wait.ms = 20000
	retries.wait.ms = 1000
	rule.actions = []
	rule.executors = []
	rule.service.loader.enable = true
	schema.format = null
	schema.reflection = false
	schema.registry.basic.auth.user.info = [hidden]
	schema.registry.ssl.cipher.suites = null
	schema.registry.ssl.enabled.protocols = [TLSv1.2, TLSv1.3]
	schema.registry.ssl.endpoint.identification.algorithm = https
	schema.registry.ssl.engine.factory.class = null
	schema.registry.ssl.key.password = null
	schema.registry.ssl.keymanager.algorithm = SunX509
	schema.registry.ssl.keystore.certificate.chain = null
	schema.registry.ssl.keystore.key = null
	schema.registry.ssl.keystore.location = null
	schema.registry.ssl.keystore.password = null
	schema.registry.ssl.keystore.type = JKS
	schema.registry.ssl.protocol = TLSv1.3
	schema.registry.ssl.provider = null
	schema.registry.ssl.secure.random.implementation = null
	schema.registry.ssl.trustmanager.algorithm = PKIX
	schema.registry.ssl.truststore.certificates = null
	schema.registry.ssl.truststore.location = null
	schema.registry.ssl.truststore.password = null
	schema.registry.ssl.truststore.type = JKS
	schema.registry.url = [http://registry-app-inmemory.apps.ci419.apicurio-testing.org:80/apis/ccompat/v7]
	schema.registry.url.randomize = false
	use.latest.version = false
	use.latest.with.metadata = null
	use.schema.id = -1
	value.schema.id.deserializer = class io.confluent.kafka.serializers.schema.id.DualSchemaIdDeserializer
	value.schema.id.serializer = class io.confluent.kafka.serializers.schema.id.PrefixSchemaIdSerializer
	value.subject.name.strategy = class io.confluent.kafka.serializers.subject.TopicRecordNameStrategy

2025-07-31 17:00:46,833 INFO  [org.apa.kaf.cli.pro.KafkaProducer] (main) [Producer clientId=Producer-topic-706f31fe_e1ec_473c_9540_55cf967e1c36] Instantiated an idempotent producer.
2025-07-31 17:00:46,834 INFO  [org.apa.kaf.cli.pro.ProducerConfig] (main) These configurations '[schema.registry.url, auto.register.schemas, value.subject.name.strategy]' were supplied but are not used yet.
2025-07-31 17:00:46,834 INFO  [org.apa.kaf.com.uti.AppInfoParser] (main) Kafka version: 3.9.1
2025-07-31 17:00:46,834 INFO  [org.apa.kaf.com.uti.AppInfoParser] (main) Kafka commitId: f745dfdcee2b9851
2025-07-31 17:00:46,834 INFO  [org.apa.kaf.com.uti.AppInfoParser] (main) Kafka startTimeMs: 1753981246834
2025-07-31 17:00:46,835 INFO  [io.api.tes.ser.api.KafkaSerdesTester] (Thread-826) Sending message {"key1": "value-0", "key2": "value-0", "key3": "value-0"} to topic topic-706f31fe_e1ec_473c_9540_55cf967e1c36
2025-07-31 17:00:46,838 INFO  [org.apa.kaf.cli.Metadata] (kafka-producer-network-thread | Producer-topic-706f31fe_e1ec_473c_9540_55cf967e1c36) [Producer clientId=Producer-topic-706f31fe_e1ec_473c_9540_55cf967e1c36] Cluster ID: JfHT16fFSb-b502x6d9TJg
2025-07-31 17:00:46,839 INFO  [org.apa.kaf.cli.pro.int.TransactionManager] (kafka-producer-network-thread | Producer-topic-706f31fe_e1ec_473c_9540_55cf967e1c36) [Producer clientId=Producer-topic-706f31fe_e1ec_473c_9540_55cf967e1c36] ProducerId set to 39 with epoch 0
2025-07-31 17:00:46,891 INFO  [io.api.tes.ser.api.KafkaSerdesTester] (Thread-826) Sending message {"key1": "value-1", "key2": "value-1", "key3": "value-1"} to topic topic-706f31fe_e1ec_473c_9540_55cf967e1c36
2025-07-31 17:00:46,892 INFO  [io.api.tes.ser.api.KafkaSerdesTester] (Thread-826) Sending message {"key1": "value-2", "key2": "value-2", "key3": "value-2"} to topic topic-706f31fe_e1ec_473c_9540_55cf967e1c36
2025-07-31 17:00:46,893 INFO  [io.api.tes.ser.api.KafkaSerdesTester] (Thread-826) Sending message {"key1": "value-3", "key2": "value-3", "key3": "value-3"} to topic topic-706f31fe_e1ec_473c_9540_55cf967e1c36
2025-07-31 17:00:46,894 INFO  [io.api.tes.ser.api.KafkaSerdesTester] (Thread-826) Sending message {"key1": "value-4", "key2": "value-4", "key3": "value-4"} to topic topic-706f31fe_e1ec_473c_9540_55cf967e1c36
2025-07-31 17:00:46,898 INFO  [io.api.tes.ser.api.KafkaSerdesTester] (Thread-826) Sending message {"key1": "value-5", "key2": "value-5", "key3": "value-5"} to topic topic-706f31fe_e1ec_473c_9540_55cf967e1c36
2025-07-31 17:00:46,902 INFO  [io.api.tes.ser.api.KafkaSerdesTester] (Thread-826) Sending message {"key1": "value-6", "key2": "value-6", "key3": "value-6"} to topic topic-706f31fe_e1ec_473c_9540_55cf967e1c36
2025-07-31 17:00:46,906 INFO  [io.api.tes.ser.api.KafkaSerdesTester] (Thread-826) Sending message {"key1": "value-7", "key2": "value-7", "key3": "value-7"} to topic topic-706f31fe_e1ec_473c_9540_55cf967e1c36
2025-07-31 17:00:46,910 INFO  [io.api.tes.ser.api.KafkaSerdesTester] (Thread-826) Sending message {"key1": "value-8", "key2": "value-8", "key3": "value-8"} to topic topic-706f31fe_e1ec_473c_9540_55cf967e1c36
2025-07-31 17:00:46,911 INFO  [io.api.tes.ser.api.KafkaSerdesTester] (Thread-826) Sending message {"key1": "value-9", "key2": "value-9", "key3": "value-9"} to topic topic-706f31fe_e1ec_473c_9540_55cf967e1c36
2025-07-31 17:00:46,912 INFO  [io.api.tes.ser.api.KafkaSerdesTester] (Thread-826) Produced 10 messages
2025-07-31 17:00:46,912 INFO  [org.apa.kaf.cli.pro.KafkaProducer] (Thread-826) [Producer clientId=Producer-topic-706f31fe_e1ec_473c_9540_55cf967e1c36] Closing the Kafka producer with timeoutMillis = 9223372036854775807 ms.
2025-07-31 17:00:46,917 INFO  [org.apa.kaf.com.met.Metrics] (Thread-826) Metrics scheduler closed
2025-07-31 17:00:46,917 INFO  [org.apa.kaf.com.met.Metrics] (Thread-826) Closing reporter org.apache.kafka.common.metrics.JmxReporter
2025-07-31 17:00:46,917 INFO  [org.apa.kaf.com.met.Metrics] (Thread-826) Closing reporter org.apache.kafka.common.telemetry.internals.ClientTelemetryReporter
2025-07-31 17:00:46,917 INFO  [org.apa.kaf.com.met.Metrics] (Thread-826) Metrics reporters closed
2025-07-31 17:00:46,917 INFO  [org.apa.kaf.com.uti.AppInfoParser] (Thread-826) App info kafka.producer for Producer-topic-706f31fe_e1ec_473c_9540_55cf967e1c36 unregistered
**** Registry Base URL: http://registry-app-inmemory.apps.ci419.apicurio-testing.org:80
2025-07-31 17:00:46,918 INFO  [org.apa.kaf.cli.pro.ProducerConfig] (main) ProducerConfig values: 
	acks = -1
	auto.include.jmx.reporter = true
	batch.size = 16384
	bootstrap.servers = [PLAINTEXT://localhost:32770]
	buffer.memory = 33554432
	client.dns.lookup = use_all_dns_ips
	client.id = Producer-topic-706f31fe_e1ec_473c_9540_55cf967e1c36
	compression.gzip.level = -1
	compression.lz4.level = 9
	compression.type = none
	compression.zstd.level = 3
	connections.max.idle.ms = 10000
	delivery.timeout.ms = 120000
	enable.idempotence = true
	enable.metrics.push = true
	interceptor.classes = []
	key.serializer = class org.apache.kafka.common.serialization.StringSerializer
	linger.ms = 0
	max.block.ms = 60000
	max.in.flight.requests.per.connection = 5
	max.request.size = 1048576
	metadata.max.age.ms = 300000
	metadata.max.idle.ms = 300000
	metadata.recovery.strategy = none
	metric.reporters = []
	metrics.num.samples = 2
	metrics.recording.level = INFO
	metrics.sample.window.ms = 30000
	partitioner.adaptive.partitioning.enable = true
	partitioner.availability.timeout.ms = 0
	partitioner.class = null
	partitioner.ignore.keys = false
	receive.buffer.bytes = 32768
	reconnect.backoff.max.ms = 1000
	reconnect.backoff.ms = 50
	request.timeout.ms = 5000
	retries = 2147483647
	retry.backoff.max.ms = 1000
	retry.backoff.ms = 100
	sasl.client.callback.handler.class = null
	sasl.jaas.config = null
	sasl.kerberos.kinit.cmd = /usr/bin/kinit
	sasl.kerberos.min.time.before.relogin = 60000
	sasl.kerberos.service.name = null
	sasl.kerberos.ticket.renew.jitter = 0.05
	sasl.kerberos.ticket.renew.window.factor = 0.8
	sasl.login.callback.handler.class = null
	sasl.login.class = null
	sasl.login.connect.timeout.ms = null
	sasl.login.read.timeout.ms = null
	sasl.login.refresh.buffer.seconds = 300
	sasl.login.refresh.min.period.seconds = 60
	sasl.login.refresh.window.factor = 0.8
	sasl.login.refresh.window.jitter = 0.05
	sasl.login.retry.backoff.max.ms = 10000
	sasl.login.retry.backoff.ms = 100
	sasl.mechanism = GSSAPI
	sasl.oauthbearer.clock.skew.seconds = 30
	sasl.oauthbearer.expected.audience = null
	sasl.oauthbearer.expected.issuer = null
	sasl.oauthbearer.header.urlencode = false
	sasl.oauthbearer.jwks.endpoint.refresh.ms = 3600000
	sasl.oauthbearer.jwks.endpoint.retry.backoff.max.ms = 10000
	sasl.oauthbearer.jwks.endpoint.retry.backoff.ms = 100
	sasl.oauthbearer.jwks.endpoint.url = null
	sasl.oauthbearer.scope.claim.name = scope
	sasl.oauthbearer.sub.claim.name = sub
	sasl.oauthbearer.token.endpoint.url = null
	security.protocol = PLAINTEXT
	security.providers = null
	send.buffer.bytes = 131072
	socket.connection.setup.timeout.max.ms = 30000
	socket.connection.setup.timeout.ms = 10000
	ssl.cipher.suites = null
	ssl.enabled.protocols = [TLSv1.2, TLSv1.3]
	ssl.endpoint.identification.algorithm = https
	ssl.engine.factory.class = null
	ssl.key.password = null
	ssl.keymanager.algorithm = SunX509
	ssl.keystore.certificate.chain = null
	ssl.keystore.key = null
	ssl.keystore.location = null
	ssl.keystore.password = null
	ssl.keystore.type = JKS
	ssl.protocol = TLSv1.3
	ssl.provider = null
	ssl.secure.random.implementation = null
	ssl.trustmanager.algorithm = PKIX
	ssl.truststore.certificates = null
	ssl.truststore.location = null
	ssl.truststore.password = null
	ssl.truststore.type = JKS
	transaction.timeout.ms = 60000
	transactional.id = null
	value.serializer = class io.confluent.kafka.serializers.KafkaAvroSerializer

2025-07-31 17:00:46,918 INFO  [org.apa.kaf.com.tel.int.KafkaMetricsCollector] (main) initializing Kafka metrics collector
2025-07-31 17:00:46,918 INFO  [io.con.kaf.ser.KafkaAvroSerializerConfig] (main) KafkaAvroSerializerConfig values: 
	auto.register.schemas = false
	avro.reflection.allow.null = false
	avro.remove.java.properties = false
	avro.use.logical.type.converters = false
	basic.auth.credentials.source = URL
	basic.auth.user.info = [hidden]
	bearer.auth.cache.expiry.buffer.seconds = 300
	bearer.auth.client.id = null
	bearer.auth.client.secret = null
	bearer.auth.credentials.source = STATIC_TOKEN
	bearer.auth.custom.provider.class = null
	bearer.auth.identity.pool.id = null
	bearer.auth.issuer.endpoint.url = null
	bearer.auth.logical.cluster = null
	bearer.auth.scope = null
	bearer.auth.scope.claim.name = scope
	bearer.auth.sub.claim.name = sub
	bearer.auth.token = [hidden]
	context.name.strategy = class io.confluent.kafka.serializers.context.NullContextNameStrategy
	http.connect.timeout.ms = 60000
	http.read.timeout.ms = 60000
	id.compatibility.strict = true
	key.schema.id.deserializer = class io.confluent.kafka.serializers.schema.id.DualSchemaIdDeserializer
	key.schema.id.serializer = class io.confluent.kafka.serializers.schema.id.PrefixSchemaIdSerializer
	key.subject.name.strategy = class io.confluent.kafka.serializers.subject.TopicNameStrategy
	latest.cache.size = 1000
	latest.cache.ttl.sec = -1
	latest.compatibility.strict = true
	max.retries = 3
	max.schemas.per.subject = 1000
	normalize.schemas = false
	propagate.schema.tags = false
	proxy.host = 
	proxy.port = -1
	retries.max.wait.ms = 20000
	retries.wait.ms = 1000
	rule.actions = []
	rule.executors = []
	rule.service.loader.enable = true
	schema.format = null
	schema.reflection = false
	schema.registry.basic.auth.user.info = [hidden]
	schema.registry.ssl.cipher.suites = null
	schema.registry.ssl.enabled.protocols = [TLSv1.2, TLSv1.3]
	schema.registry.ssl.endpoint.identification.algorithm = https
	schema.registry.ssl.engine.factory.class = null
	schema.registry.ssl.key.password = null
	schema.registry.ssl.keymanager.algorithm = SunX509
	schema.registry.ssl.keystore.certificate.chain = null
	schema.registry.ssl.keystore.key = null
	schema.registry.ssl.keystore.location = null
	schema.registry.ssl.keystore.password = null
	schema.registry.ssl.keystore.type = JKS
	schema.registry.ssl.protocol = TLSv1.3
	schema.registry.ssl.provider = null
	schema.registry.ssl.secure.random.implementation = null
	schema.registry.ssl.trustmanager.algorithm = PKIX
	schema.registry.ssl.truststore.certificates = null
	schema.registry.ssl.truststore.location = null
	schema.registry.ssl.truststore.password = null
	schema.registry.ssl.truststore.type = JKS
	schema.registry.url = [http://registry-app-inmemory.apps.ci419.apicurio-testing.org:80/apis/ccompat/v7]
	schema.registry.url.randomize = false
	use.latest.version = false
	use.latest.with.metadata = null
	use.schema.id = -1
	value.schema.id.deserializer = class io.confluent.kafka.serializers.schema.id.DualSchemaIdDeserializer
	value.schema.id.serializer = class io.confluent.kafka.serializers.schema.id.PrefixSchemaIdSerializer
	value.subject.name.strategy = class io.confluent.kafka.serializers.subject.TopicRecordNameStrategy

2025-07-31 17:00:46,920 INFO  [org.apa.kaf.cli.pro.KafkaProducer] (main) [Producer clientId=Producer-topic-706f31fe_e1ec_473c_9540_55cf967e1c36] Instantiated an idempotent producer.
2025-07-31 17:00:46,922 INFO  [org.apa.kaf.cli.pro.ProducerConfig] (main) These configurations '[schema.registry.url, auto.register.schemas, value.subject.name.strategy]' were supplied but are not used yet.
2025-07-31 17:00:46,922 INFO  [org.apa.kaf.com.uti.AppInfoParser] (main) Kafka version: 3.9.1
2025-07-31 17:00:46,923 INFO  [org.apa.kaf.com.uti.AppInfoParser] (main) Kafka commitId: f745dfdcee2b9851
2025-07-31 17:00:46,923 INFO  [org.apa.kaf.com.uti.AppInfoParser] (main) Kafka startTimeMs: 1753981246922
2025-07-31 17:00:46,925 INFO  [io.api.tes.ser.api.KafkaSerdesTester] (Thread-827) Sending message {"key1": "value-0", "key2": "value-0"} to topic topic-706f31fe_e1ec_473c_9540_55cf967e1c36
2025-07-31 17:00:46,927 INFO  [org.apa.kaf.cli.Metadata] (kafka-producer-network-thread | Producer-topic-706f31fe_e1ec_473c_9540_55cf967e1c36) [Producer clientId=Producer-topic-706f31fe_e1ec_473c_9540_55cf967e1c36] Cluster ID: JfHT16fFSb-b502x6d9TJg
2025-07-31 17:00:46,928 INFO  [org.apa.kaf.cli.pro.int.TransactionManager] (kafka-producer-network-thread | Producer-topic-706f31fe_e1ec_473c_9540_55cf967e1c36) [Producer clientId=Producer-topic-706f31fe_e1ec_473c_9540_55cf967e1c36] ProducerId set to 40 with epoch 0
2025-07-31 17:00:46,956 INFO  [io.api.tes.ser.api.KafkaSerdesTester] (Thread-827) Sending message {"key1": "value-1", "key2": "value-1"} to topic topic-706f31fe_e1ec_473c_9540_55cf967e1c36
2025-07-31 17:00:46,957 INFO  [io.api.tes.ser.api.KafkaSerdesTester] (Thread-827) Sending message {"key1": "value-2", "key2": "value-2"} to topic topic-706f31fe_e1ec_473c_9540_55cf967e1c36
2025-07-31 17:00:46,958 INFO  [io.api.tes.ser.api.KafkaSerdesTester] (Thread-827) Sending message {"key1": "value-3", "key2": "value-3"} to topic topic-706f31fe_e1ec_473c_9540_55cf967e1c36
2025-07-31 17:00:46,961 INFO  [io.api.tes.ser.api.KafkaSerdesTester] (Thread-827) Sending message {"key1": "value-4", "key2": "value-4"} to topic topic-706f31fe_e1ec_473c_9540_55cf967e1c36
2025-07-31 17:00:46,965 INFO  [io.api.tes.ser.api.KafkaSerdesTester] (Thread-827) Sending message {"key1": "value-5", "key2": "value-5"} to topic topic-706f31fe_e1ec_473c_9540_55cf967e1c36
2025-07-31 17:00:46,968 INFO  [io.api.tes.ser.api.KafkaSerdesTester] (Thread-827) Sending message {"key1": "value-6", "key2": "value-6"} to topic topic-706f31fe_e1ec_473c_9540_55cf967e1c36
2025-07-31 17:00:46,969 INFO  [io.api.tes.ser.api.KafkaSerdesTester] (Thread-827) Sending message {"key1": "value-7", "key2": "value-7"} to topic topic-706f31fe_e1ec_473c_9540_55cf967e1c36
2025-07-31 17:00:46,970 INFO  [io.api.tes.ser.api.KafkaSerdesTester] (Thread-827) Sending message {"key1": "value-8", "key2": "value-8"} to topic topic-706f31fe_e1ec_473c_9540_55cf967e1c36
2025-07-31 17:00:46,971 INFO  [io.api.tes.ser.api.KafkaSerdesTester] (Thread-827) Sending message {"key1": "value-9", "key2": "value-9"} to topic topic-706f31fe_e1ec_473c_9540_55cf967e1c36
2025-07-31 17:00:46,972 INFO  [io.api.tes.ser.api.KafkaSerdesTester] (Thread-827) Produced 10 messages
2025-07-31 17:00:46,972 INFO  [org.apa.kaf.cli.pro.KafkaProducer] (Thread-827) [Producer clientId=Producer-topic-706f31fe_e1ec_473c_9540_55cf967e1c36] Closing the Kafka producer with timeoutMillis = 9223372036854775807 ms.
2025-07-31 17:00:46,974 INFO  [org.apa.kaf.com.met.Metrics] (Thread-827) Metrics scheduler closed
2025-07-31 17:00:46,974 INFO  [org.apa.kaf.com.met.Metrics] (Thread-827) Closing reporter org.apache.kafka.common.metrics.JmxReporter
2025-07-31 17:00:46,975 INFO  [org.apa.kaf.com.met.Metrics] (Thread-827) Closing reporter org.apache.kafka.common.telemetry.internals.ClientTelemetryReporter
2025-07-31 17:00:46,975 INFO  [org.apa.kaf.com.met.Metrics] (Thread-827) Metrics reporters closed
2025-07-31 17:00:46,975 INFO  [org.apa.kaf.com.uti.AppInfoParser] (Thread-827) App info kafka.producer for Producer-topic-706f31fe_e1ec_473c_9540_55cf967e1c36 unregistered
**** Registry Base URL: http://registry-app-inmemory.apps.ci419.apicurio-testing.org:80
2025-07-31 17:00:46,975 INFO  [org.apa.kaf.cli.pro.ProducerConfig] (main) ProducerConfig values: 
	acks = -1
	auto.include.jmx.reporter = true
	batch.size = 16384
	bootstrap.servers = [PLAINTEXT://localhost:32770]
	buffer.memory = 33554432
	client.dns.lookup = use_all_dns_ips
	client.id = Producer-topic-706f31fe_e1ec_473c_9540_55cf967e1c36
	compression.gzip.level = -1
	compression.lz4.level = 9
	compression.type = none
	compression.zstd.level = 3
	connections.max.idle.ms = 10000
	delivery.timeout.ms = 120000
	enable.idempotence = true
	enable.metrics.push = true
	interceptor.classes = []
	key.serializer = class org.apache.kafka.common.serialization.StringSerializer
	linger.ms = 0
	max.block.ms = 60000
	max.in.flight.requests.per.connection = 5
	max.request.size = 1048576
	metadata.max.age.ms = 300000
	metadata.max.idle.ms = 300000
	metadata.recovery.strategy = none
	metric.reporters = []
	metrics.num.samples = 2
	metrics.recording.level = INFO
	metrics.sample.window.ms = 30000
	partitioner.adaptive.partitioning.enable = true
	partitioner.availability.timeout.ms = 0
	partitioner.class = null
	partitioner.ignore.keys = false
	receive.buffer.bytes = 32768
	reconnect.backoff.max.ms = 1000
	reconnect.backoff.ms = 50
	request.timeout.ms = 5000
	retries = 2147483647
	retry.backoff.max.ms = 1000
	retry.backoff.ms = 100
	sasl.client.callback.handler.class = null
	sasl.jaas.config = null
	sasl.kerberos.kinit.cmd = /usr/bin/kinit
	sasl.kerberos.min.time.before.relogin = 60000
	sasl.kerberos.service.name = null
	sasl.kerberos.ticket.renew.jitter = 0.05
	sasl.kerberos.ticket.renew.window.factor = 0.8
	sasl.login.callback.handler.class = null
	sasl.login.class = null
	sasl.login.connect.timeout.ms = null
	sasl.login.read.timeout.ms = null
	sasl.login.refresh.buffer.seconds = 300
	sasl.login.refresh.min.period.seconds = 60
	sasl.login.refresh.window.factor = 0.8
	sasl.login.refresh.window.jitter = 0.05
	sasl.login.retry.backoff.max.ms = 10000
	sasl.login.retry.backoff.ms = 100
	sasl.mechanism = GSSAPI
	sasl.oauthbearer.clock.skew.seconds = 30
	sasl.oauthbearer.expected.audience = null
	sasl.oauthbearer.expected.issuer = null
	sasl.oauthbearer.header.urlencode = false
	sasl.oauthbearer.jwks.endpoint.refresh.ms = 3600000
	sasl.oauthbearer.jwks.endpoint.retry.backoff.max.ms = 10000
	sasl.oauthbearer.jwks.endpoint.retry.backoff.ms = 100
	sasl.oauthbearer.jwks.endpoint.url = null
	sasl.oauthbearer.scope.claim.name = scope
	sasl.oauthbearer.sub.claim.name = sub
	sasl.oauthbearer.token.endpoint.url = null
	security.protocol = PLAINTEXT
	security.providers = null
	send.buffer.bytes = 131072
	socket.connection.setup.timeout.max.ms = 30000
	socket.connection.setup.timeout.ms = 10000
	ssl.cipher.suites = null
	ssl.enabled.protocols = [TLSv1.2, TLSv1.3]
	ssl.endpoint.identification.algorithm = https
	ssl.engine.factory.class = null
	ssl.key.password = null
	ssl.keymanager.algorithm = SunX509
	ssl.keystore.certificate.chain = null
	ssl.keystore.key = null
	ssl.keystore.location = null
	ssl.keystore.password = null
	ssl.keystore.type = JKS
	ssl.protocol = TLSv1.3
	ssl.provider = null
	ssl.secure.random.implementation = null
	ssl.trustmanager.algorithm = PKIX
	ssl.truststore.certificates = null
	ssl.truststore.location = null
	ssl.truststore.password = null
	ssl.truststore.type = JKS
	transaction.timeout.ms = 60000
	transactional.id = null
	value.serializer = class io.confluent.kafka.serializers.KafkaAvroSerializer

2025-07-31 17:00:46,975 INFO  [org.apa.kaf.com.tel.int.KafkaMetricsCollector] (main) initializing Kafka metrics collector
2025-07-31 17:00:46,976 INFO  [io.con.kaf.ser.KafkaAvroSerializerConfig] (main) KafkaAvroSerializerConfig values: 
	auto.register.schemas = false
	avro.reflection.allow.null = false
	avro.remove.java.properties = false
	avro.use.logical.type.converters = false
	basic.auth.credentials.source = URL
	basic.auth.user.info = [hidden]
	bearer.auth.cache.expiry.buffer.seconds = 300
	bearer.auth.client.id = null
	bearer.auth.client.secret = null
	bearer.auth.credentials.source = STATIC_TOKEN
	bearer.auth.custom.provider.class = null
	bearer.auth.identity.pool.id = null
	bearer.auth.issuer.endpoint.url = null
	bearer.auth.logical.cluster = null
	bearer.auth.scope = null
	bearer.auth.scope.claim.name = scope
	bearer.auth.sub.claim.name = sub
	bearer.auth.token = [hidden]
	context.name.strategy = class io.confluent.kafka.serializers.context.NullContextNameStrategy
	http.connect.timeout.ms = 60000
	http.read.timeout.ms = 60000
	id.compatibility.strict = true
	key.schema.id.deserializer = class io.confluent.kafka.serializers.schema.id.DualSchemaIdDeserializer
	key.schema.id.serializer = class io.confluent.kafka.serializers.schema.id.PrefixSchemaIdSerializer
	key.subject.name.strategy = class io.confluent.kafka.serializers.subject.TopicNameStrategy
	latest.cache.size = 1000
	latest.cache.ttl.sec = -1
	latest.compatibility.strict = true
	max.retries = 3
	max.schemas.per.subject = 1000
	normalize.schemas = false
	propagate.schema.tags = false
	proxy.host = 
	proxy.port = -1
	retries.max.wait.ms = 20000
	retries.wait.ms = 1000
	rule.actions = []
	rule.executors = []
	rule.service.loader.enable = true
	schema.format = null
	schema.reflection = false
	schema.registry.basic.auth.user.info = [hidden]
	schema.registry.ssl.cipher.suites = null
	schema.registry.ssl.enabled.protocols = [TLSv1.2, TLSv1.3]
	schema.registry.ssl.endpoint.identification.algorithm = https
	schema.registry.ssl.engine.factory.class = null
	schema.registry.ssl.key.password = null
	schema.registry.ssl.keymanager.algorithm = SunX509
	schema.registry.ssl.keystore.certificate.chain = null
	schema.registry.ssl.keystore.key = null
	schema.registry.ssl.keystore.location = null
	schema.registry.ssl.keystore.password = null
	schema.registry.ssl.keystore.type = JKS
	schema.registry.ssl.protocol = TLSv1.3
	schema.registry.ssl.provider = null
	schema.registry.ssl.secure.random.implementation = null
	schema.registry.ssl.trustmanager.algorithm = PKIX
	schema.registry.ssl.truststore.certificates = null
	schema.registry.ssl.truststore.location = null
	schema.registry.ssl.truststore.password = null
	schema.registry.ssl.truststore.type = JKS
	schema.registry.url = [http://registry-app-inmemory.apps.ci419.apicurio-testing.org:80/apis/ccompat/v7]
	schema.registry.url.randomize = false
	use.latest.version = false
	use.latest.with.metadata = null
	use.schema.id = -1
	value.schema.id.deserializer = class io.confluent.kafka.serializers.schema.id.DualSchemaIdDeserializer
	value.schema.id.serializer = class io.confluent.kafka.serializers.schema.id.PrefixSchemaIdSerializer
	value.subject.name.strategy = class io.confluent.kafka.serializers.subject.TopicRecordNameStrategy

2025-07-31 17:00:46,979 INFO  [org.apa.kaf.cli.pro.KafkaProducer] (main) [Producer clientId=Producer-topic-706f31fe_e1ec_473c_9540_55cf967e1c36] Instantiated an idempotent producer.
2025-07-31 17:00:46,981 INFO  [org.apa.kaf.cli.pro.ProducerConfig] (main) These configurations '[schema.registry.url, auto.register.schemas, value.subject.name.strategy]' were supplied but are not used yet.
2025-07-31 17:00:46,981 INFO  [org.apa.kaf.com.uti.AppInfoParser] (main) Kafka version: 3.9.1
2025-07-31 17:00:46,981 INFO  [org.apa.kaf.com.uti.AppInfoParser] (main) Kafka commitId: f745dfdcee2b9851
2025-07-31 17:00:46,981 INFO  [org.apa.kaf.com.uti.AppInfoParser] (main) Kafka startTimeMs: 1753981246981
2025-07-31 17:00:46,983 INFO  [io.api.tes.ser.api.KafkaSerdesTester] (Thread-828) Sending message {"key1": "value-0"} to topic topic-706f31fe_e1ec_473c_9540_55cf967e1c36
2025-07-31 17:00:46,985 INFO  [org.apa.kaf.cli.Metadata] (kafka-producer-network-thread | Producer-topic-706f31fe_e1ec_473c_9540_55cf967e1c36) [Producer clientId=Producer-topic-706f31fe_e1ec_473c_9540_55cf967e1c36] Cluster ID: JfHT16fFSb-b502x6d9TJg
2025-07-31 17:00:46,986 INFO  [org.apa.kaf.cli.pro.int.TransactionManager] (kafka-producer-network-thread | Producer-topic-706f31fe_e1ec_473c_9540_55cf967e1c36) [Producer clientId=Producer-topic-706f31fe_e1ec_473c_9540_55cf967e1c36] ProducerId set to 41 with epoch 0
2025-07-31 17:00:47,021 INFO  [io.api.tes.ser.api.KafkaSerdesTester] (Thread-828) Sending message {"key1": "value-1"} to topic topic-706f31fe_e1ec_473c_9540_55cf967e1c36
2025-07-31 17:00:47,025 INFO  [io.api.tes.ser.api.KafkaSerdesTester] (Thread-828) Sending message {"key1": "value-2"} to topic topic-706f31fe_e1ec_473c_9540_55cf967e1c36
2025-07-31 17:00:47,026 INFO  [io.api.tes.ser.api.KafkaSerdesTester] (Thread-828) Sending message {"key1": "value-3"} to topic topic-706f31fe_e1ec_473c_9540_55cf967e1c36
2025-07-31 17:00:47,028 INFO  [io.api.tes.ser.api.KafkaSerdesTester] (Thread-828) Sending message {"key1": "value-4"} to topic topic-706f31fe_e1ec_473c_9540_55cf967e1c36
2025-07-31 17:00:47,030 INFO  [io.api.tes.ser.api.KafkaSerdesTester] (Thread-828) Sending message {"key1": "value-5"} to topic topic-706f31fe_e1ec_473c_9540_55cf967e1c36
2025-07-31 17:00:47,031 INFO  [io.api.tes.ser.api.KafkaSerdesTester] (Thread-828) Sending message {"key1": "value-6"} to topic topic-706f31fe_e1ec_473c_9540_55cf967e1c36
2025-07-31 17:00:47,032 INFO  [io.api.tes.ser.api.KafkaSerdesTester] (Thread-828) Sending message {"key1": "value-7"} to topic topic-706f31fe_e1ec_473c_9540_55cf967e1c36
2025-07-31 17:00:47,036 INFO  [io.api.tes.ser.api.KafkaSerdesTester] (Thread-828) Sending message {"key1": "value-8"} to topic topic-706f31fe_e1ec_473c_9540_55cf967e1c36
2025-07-31 17:00:47,037 INFO  [io.api.tes.ser.api.KafkaSerdesTester] (Thread-828) Sending message {"key1": "value-9"} to topic topic-706f31fe_e1ec_473c_9540_55cf967e1c36
2025-07-31 17:00:47,038 INFO  [io.api.tes.ser.api.KafkaSerdesTester] (Thread-828) Produced 10 messages
2025-07-31 17:00:47,038 INFO  [org.apa.kaf.cli.pro.KafkaProducer] (Thread-828) [Producer clientId=Producer-topic-706f31fe_e1ec_473c_9540_55cf967e1c36] Closing the Kafka producer with timeoutMillis = 9223372036854775807 ms.
2025-07-31 17:00:47,040 INFO  [org.apa.kaf.com.met.Metrics] (Thread-828) Metrics scheduler closed
2025-07-31 17:00:47,040 INFO  [org.apa.kaf.com.met.Metrics] (Thread-828) Closing reporter org.apache.kafka.common.metrics.JmxReporter
2025-07-31 17:00:47,040 INFO  [org.apa.kaf.com.met.Metrics] (Thread-828) Closing reporter org.apache.kafka.common.telemetry.internals.ClientTelemetryReporter
2025-07-31 17:00:47,040 INFO  [org.apa.kaf.com.met.Metrics] (Thread-828) Metrics reporters closed
2025-07-31 17:00:47,040 INFO  [org.apa.kaf.com.uti.AppInfoParser] (Thread-828) App info kafka.producer for Producer-topic-706f31fe_e1ec_473c_9540_55cf967e1c36 unregistered
**** Registry Base URL: http://registry-app-inmemory.apps.ci419.apicurio-testing.org:80
2025-07-31 17:00:47,041 INFO  [org.apa.kaf.cli.con.ConsumerConfig] (main) ConsumerConfig values: 
	allow.auto.create.topics = true
	auto.commit.interval.ms = 500
	auto.include.jmx.reporter = true
	auto.offset.reset = earliest
	bootstrap.servers = [PLAINTEXT://localhost:32770]
	check.crcs = true
	client.dns.lookup = use_all_dns_ips
	client.id = consumer-Consumer-topic-706f31fe_e1ec_473c_9540_55cf967e1c36-29
	client.rack = 
	connections.max.idle.ms = 10000
	default.api.timeout.ms = 60000
	enable.auto.commit = true
	enable.metrics.push = true
	exclude.internal.topics = true
	fetch.max.bytes = 52428800
	fetch.max.wait.ms = 500
	fetch.min.bytes = 1
	group.id = Consumer-topic-706f31fe_e1ec_473c_9540_55cf967e1c36
	group.instance.id = null
	group.protocol = classic
	group.remote.assignor = null
	heartbeat.interval.ms = 3000
	interceptor.classes = []
	internal.leave.group.on.close = true
	internal.throw.on.fetch.stable.offset.unsupported = false
	isolation.level = read_uncommitted
	key.deserializer = class org.apache.kafka.common.serialization.StringDeserializer
	max.partition.fetch.bytes = 1048576
	max.poll.interval.ms = 300000
	max.poll.records = 500
	metadata.max.age.ms = 300000
	metadata.recovery.strategy = none
	metric.reporters = []
	metrics.num.samples = 2
	metrics.recording.level = INFO
	metrics.sample.window.ms = 30000
	partition.assignment.strategy = [class org.apache.kafka.clients.consumer.RangeAssignor, class org.apache.kafka.clients.consumer.CooperativeStickyAssignor]
	receive.buffer.bytes = 65536
	reconnect.backoff.max.ms = 1000
	reconnect.backoff.ms = 50
	request.timeout.ms = 5000
	retry.backoff.max.ms = 1000
	retry.backoff.ms = 100
	sasl.client.callback.handler.class = null
	sasl.jaas.config = null
	sasl.kerberos.kinit.cmd = /usr/bin/kinit
	sasl.kerberos.min.time.before.relogin = 60000
	sasl.kerberos.service.name = null
	sasl.kerberos.ticket.renew.jitter = 0.05
	sasl.kerberos.ticket.renew.window.factor = 0.8
	sasl.login.callback.handler.class = null
	sasl.login.class = null
	sasl.login.connect.timeout.ms = null
	sasl.login.read.timeout.ms = null
	sasl.login.refresh.buffer.seconds = 300
	sasl.login.refresh.min.period.seconds = 60
	sasl.login.refresh.window.factor = 0.8
	sasl.login.refresh.window.jitter = 0.05
	sasl.login.retry.backoff.max.ms = 10000
	sasl.login.retry.backoff.ms = 100
	sasl.mechanism = GSSAPI
	sasl.oauthbearer.clock.skew.seconds = 30
	sasl.oauthbearer.expected.audience = null
	sasl.oauthbearer.expected.issuer = null
	sasl.oauthbearer.header.urlencode = false
	sasl.oauthbearer.jwks.endpoint.refresh.ms = 3600000
	sasl.oauthbearer.jwks.endpoint.retry.backoff.max.ms = 10000
	sasl.oauthbearer.jwks.endpoint.retry.backoff.ms = 100
	sasl.oauthbearer.jwks.endpoint.url = null
	sasl.oauthbearer.scope.claim.name = scope
	sasl.oauthbearer.sub.claim.name = sub
	sasl.oauthbearer.token.endpoint.url = null
	security.protocol = PLAINTEXT
	security.providers = null
	send.buffer.bytes = 131072
	session.timeout.ms = 45000
	socket.connection.setup.timeout.max.ms = 30000
	socket.connection.setup.timeout.ms = 10000
	ssl.cipher.suites = null
	ssl.enabled.protocols = [TLSv1.2, TLSv1.3]
	ssl.endpoint.identification.algorithm = https
	ssl.engine.factory.class = null
	ssl.key.password = null
	ssl.keymanager.algorithm = SunX509
	ssl.keystore.certificate.chain = null
	ssl.keystore.key = null
	ssl.keystore.location = null
	ssl.keystore.password = null
	ssl.keystore.type = JKS
	ssl.protocol = TLSv1.3
	ssl.provider = null
	ssl.secure.random.implementation = null
	ssl.trustmanager.algorithm = PKIX
	ssl.truststore.certificates = null
	ssl.truststore.location = null
	ssl.truststore.password = null
	ssl.truststore.type = JKS
	value.deserializer = class io.confluent.kafka.serializers.KafkaAvroDeserializer

2025-07-31 17:00:47,043 INFO  [org.apa.kaf.com.tel.int.KafkaMetricsCollector] (main) initializing Kafka metrics collector
2025-07-31 17:00:47,043 INFO  [io.con.kaf.ser.KafkaAvroDeserializerConfig] (main) KafkaAvroDeserializerConfig values: 
	auto.register.schemas = true
	avro.reflection.allow.null = false
	avro.use.logical.type.converters = false
	basic.auth.credentials.source = URL
	basic.auth.user.info = [hidden]
	bearer.auth.cache.expiry.buffer.seconds = 300
	bearer.auth.client.id = null
	bearer.auth.client.secret = null
	bearer.auth.credentials.source = STATIC_TOKEN
	bearer.auth.custom.provider.class = null
	bearer.auth.identity.pool.id = null
	bearer.auth.issuer.endpoint.url = null
	bearer.auth.logical.cluster = null
	bearer.auth.scope = null
	bearer.auth.scope.claim.name = scope
	bearer.auth.sub.claim.name = sub
	bearer.auth.token = [hidden]
	context.name.strategy = class io.confluent.kafka.serializers.context.NullContextNameStrategy
	http.connect.timeout.ms = 60000
	http.read.timeout.ms = 60000
	id.compatibility.strict = true
	key.schema.id.deserializer = class io.confluent.kafka.serializers.schema.id.DualSchemaIdDeserializer
	key.schema.id.serializer = class io.confluent.kafka.serializers.schema.id.PrefixSchemaIdSerializer
	key.subject.name.strategy = class io.confluent.kafka.serializers.subject.TopicNameStrategy
	latest.cache.size = 1000
	latest.cache.ttl.sec = -1
	latest.compatibility.strict = true
	max.retries = 3
	max.schemas.per.subject = 1000
	normalize.schemas = false
	propagate.schema.tags = false
	proxy.host = 
	proxy.port = -1
	retries.max.wait.ms = 20000
	retries.wait.ms = 1000
	rule.actions = []
	rule.executors = []
	rule.service.loader.enable = true
	schema.format = null
	schema.reflection = false
	schema.registry.basic.auth.user.info = [hidden]
	schema.registry.ssl.cipher.suites = null
	schema.registry.ssl.enabled.protocols = [TLSv1.2, TLSv1.3]
	schema.registry.ssl.endpoint.identification.algorithm = https
	schema.registry.ssl.engine.factory.class = null
	schema.registry.ssl.key.password = null
	schema.registry.ssl.keymanager.algorithm = SunX509
	schema.registry.ssl.keystore.certificate.chain = null
	schema.registry.ssl.keystore.key = null
	schema.registry.ssl.keystore.location = null
	schema.registry.ssl.keystore.password = null
	schema.registry.ssl.keystore.type = JKS
	schema.registry.ssl.protocol = TLSv1.3
	schema.registry.ssl.provider = null
	schema.registry.ssl.secure.random.implementation = null
	schema.registry.ssl.trustmanager.algorithm = PKIX
	schema.registry.ssl.truststore.certificates = null
	schema.registry.ssl.truststore.location = null
	schema.registry.ssl.truststore.password = null
	schema.registry.ssl.truststore.type = JKS
	schema.registry.url = [http://registry-app-inmemory.apps.ci419.apicurio-testing.org:80/apis/ccompat/v7]
	schema.registry.url.randomize = false
	specific.avro.key.type = null
	specific.avro.reader = false
	specific.avro.value.type = null
	use.latest.version = false
	use.latest.with.metadata = null
	use.schema.id = -1
	value.schema.id.deserializer = class io.confluent.kafka.serializers.schema.id.DualSchemaIdDeserializer
	value.schema.id.serializer = class io.confluent.kafka.serializers.schema.id.PrefixSchemaIdSerializer
	value.subject.name.strategy = class io.confluent.kafka.serializers.subject.TopicNameStrategy

2025-07-31 17:00:47,057 INFO  [org.apa.kaf.cli.con.ConsumerConfig] (main) These configurations '[schema.registry.url]' were supplied but are not used yet.
2025-07-31 17:00:47,057 INFO  [org.apa.kaf.com.uti.AppInfoParser] (main) Kafka version: 3.9.1
2025-07-31 17:00:47,057 INFO  [org.apa.kaf.com.uti.AppInfoParser] (main) Kafka commitId: f745dfdcee2b9851
2025-07-31 17:00:47,057 INFO  [org.apa.kaf.com.uti.AppInfoParser] (main) Kafka startTimeMs: 1753981247057
2025-07-31 17:00:47,059 INFO  [org.apa.kaf.cli.con.int.ClassicKafkaConsumer] (Thread-829) [Consumer clientId=consumer-Consumer-topic-706f31fe_e1ec_473c_9540_55cf967e1c36-29, groupId=Consumer-topic-706f31fe_e1ec_473c_9540_55cf967e1c36] Subscribed to topic(s): topic-706f31fe_e1ec_473c_9540_55cf967e1c36
2025-07-31 17:00:47,066 INFO  [org.apa.kaf.cli.Metadata] (Thread-829) [Consumer clientId=consumer-Consumer-topic-706f31fe_e1ec_473c_9540_55cf967e1c36-29, groupId=Consumer-topic-706f31fe_e1ec_473c_9540_55cf967e1c36] Cluster ID: JfHT16fFSb-b502x6d9TJg
2025-07-31 17:00:47,067 INFO  [org.apa.kaf.cli.con.int.ConsumerCoordinator] (Thread-829) [Consumer clientId=consumer-Consumer-topic-706f31fe_e1ec_473c_9540_55cf967e1c36-29, groupId=Consumer-topic-706f31fe_e1ec_473c_9540_55cf967e1c36] Discovered group coordinator localhost:32770 (id: 2147483647 rack: null)
2025-07-31 17:00:47,071 INFO  [org.apa.kaf.cli.con.int.ConsumerCoordinator] (Thread-829) [Consumer clientId=consumer-Consumer-topic-706f31fe_e1ec_473c_9540_55cf967e1c36-29, groupId=Consumer-topic-706f31fe_e1ec_473c_9540_55cf967e1c36] (Re-)joining group
2025-07-31 17:00:47,076 INFO  [org.apa.kaf.cli.con.int.ConsumerCoordinator] (Thread-829) [Consumer clientId=consumer-Consumer-topic-706f31fe_e1ec_473c_9540_55cf967e1c36-29, groupId=Consumer-topic-706f31fe_e1ec_473c_9540_55cf967e1c36] Request joining group due to: need to re-join with the given member-id: consumer-Consumer-topic-706f31fe_e1ec_473c_9540_55cf967e1c36-29-50d1ef7b-fd3e-492d-9604-39cf2332a916
2025-07-31 17:00:47,076 INFO  [org.apa.kaf.cli.con.int.ConsumerCoordinator] (Thread-829) [Consumer clientId=consumer-Consumer-topic-706f31fe_e1ec_473c_9540_55cf967e1c36-29, groupId=Consumer-topic-706f31fe_e1ec_473c_9540_55cf967e1c36] (Re-)joining group
2025-07-31 17:00:47,079 INFO  [org.apa.kaf.cli.con.int.ConsumerCoordinator] (Thread-829) [Consumer clientId=consumer-Consumer-topic-706f31fe_e1ec_473c_9540_55cf967e1c36-29, groupId=Consumer-topic-706f31fe_e1ec_473c_9540_55cf967e1c36] Successfully joined group with generation Generation{generationId=5, memberId='consumer-Consumer-topic-706f31fe_e1ec_473c_9540_55cf967e1c36-29-50d1ef7b-fd3e-492d-9604-39cf2332a916', protocol='range'}
2025-07-31 17:00:47,080 INFO  [org.apa.kaf.cli.con.int.ConsumerCoordinator] (Thread-829) [Consumer clientId=consumer-Consumer-topic-706f31fe_e1ec_473c_9540_55cf967e1c36-29, groupId=Consumer-topic-706f31fe_e1ec_473c_9540_55cf967e1c36] Finished assignment for group at generation 5: {consumer-Consumer-topic-706f31fe_e1ec_473c_9540_55cf967e1c36-29-50d1ef7b-fd3e-492d-9604-39cf2332a916=Assignment(partitions=[topic-706f31fe_e1ec_473c_9540_55cf967e1c36-0])}
2025-07-31 17:00:47,083 INFO  [org.apa.kaf.cli.con.int.ConsumerCoordinator] (Thread-829) [Consumer clientId=consumer-Consumer-topic-706f31fe_e1ec_473c_9540_55cf967e1c36-29, groupId=Consumer-topic-706f31fe_e1ec_473c_9540_55cf967e1c36] Successfully synced group in generation Generation{generationId=5, memberId='consumer-Consumer-topic-706f31fe_e1ec_473c_9540_55cf967e1c36-29-50d1ef7b-fd3e-492d-9604-39cf2332a916', protocol='range'}
2025-07-31 17:00:47,083 INFO  [org.apa.kaf.cli.con.int.ConsumerCoordinator] (Thread-829) [Consumer clientId=consumer-Consumer-topic-706f31fe_e1ec_473c_9540_55cf967e1c36-29, groupId=Consumer-topic-706f31fe_e1ec_473c_9540_55cf967e1c36] Notifying assignor about the new Assignment(partitions=[topic-706f31fe_e1ec_473c_9540_55cf967e1c36-0])
2025-07-31 17:00:47,083 INFO  [org.apa.kaf.cli.con.int.ConsumerRebalanceListenerInvoker] (Thread-829) [Consumer clientId=consumer-Consumer-topic-706f31fe_e1ec_473c_9540_55cf967e1c36-29, groupId=Consumer-topic-706f31fe_e1ec_473c_9540_55cf967e1c36] Adding newly assigned partitions: topic-706f31fe_e1ec_473c_9540_55cf967e1c36-0
2025-07-31 17:00:47,086 INFO  [org.apa.kaf.cli.con.int.ConsumerUtils] (Thread-829) Setting offset for partition topic-706f31fe_e1ec_473c_9540_55cf967e1c36-0 to the committed offset FetchPosition{offset=30, offsetEpoch=Optional[0], currentLeader=LeaderAndEpoch{leader=Optional[localhost:32770 (id: 0 rack: null)], epoch=0}}
2025-07-31 17:00:47,170 INFO  [io.api.tes.ser.api.KafkaSerdesTester] (Thread-829) topic-706f31fe_e1ec_473c_9540_55cf967e1c36 0 30 {"key1": "value-0", "key2": "value-0", "key3": "value-0"}
2025-07-31 17:00:47,170 INFO  [io.api.tes.ser.api.KafkaSerdesTester] (Thread-829) topic-706f31fe_e1ec_473c_9540_55cf967e1c36 0 31 {"key1": "value-1", "key2": "value-1", "key3": "value-1"}
2025-07-31 17:00:47,170 INFO  [io.api.tes.ser.api.KafkaSerdesTester] (Thread-829) topic-706f31fe_e1ec_473c_9540_55cf967e1c36 0 32 {"key1": "value-2", "key2": "value-2", "key3": "value-2"}
2025-07-31 17:00:47,170 INFO  [io.api.tes.ser.api.KafkaSerdesTester] (Thread-829) topic-706f31fe_e1ec_473c_9540_55cf967e1c36 0 33 {"key1": "value-3", "key2": "value-3", "key3": "value-3"}
2025-07-31 17:00:47,170 INFO  [io.api.tes.ser.api.KafkaSerdesTester] (Thread-829) topic-706f31fe_e1ec_473c_9540_55cf967e1c36 0 34 {"key1": "value-4", "key2": "value-4", "key3": "value-4"}
2025-07-31 17:00:47,170 INFO  [io.api.tes.ser.api.KafkaSerdesTester] (Thread-829) topic-706f31fe_e1ec_473c_9540_55cf967e1c36 0 35 {"key1": "value-5", "key2": "value-5", "key3": "value-5"}
2025-07-31 17:00:47,170 INFO  [io.api.tes.ser.api.KafkaSerdesTester] (Thread-829) topic-706f31fe_e1ec_473c_9540_55cf967e1c36 0 36 {"key1": "value-6", "key2": "value-6", "key3": "value-6"}
2025-07-31 17:00:47,170 INFO  [io.api.tes.ser.api.KafkaSerdesTester] (Thread-829) topic-706f31fe_e1ec_473c_9540_55cf967e1c36 0 37 {"key1": "value-7", "key2": "value-7", "key3": "value-7"}
2025-07-31 17:00:47,170 INFO  [io.api.tes.ser.api.KafkaSerdesTester] (Thread-829) topic-706f31fe_e1ec_473c_9540_55cf967e1c36 0 38 {"key1": "value-8", "key2": "value-8", "key3": "value-8"}
2025-07-31 17:00:47,170 INFO  [io.api.tes.ser.api.KafkaSerdesTester] (Thread-829) topic-706f31fe_e1ec_473c_9540_55cf967e1c36 0 39 {"key1": "value-9", "key2": "value-9", "key3": "value-9"}
2025-07-31 17:00:47,170 INFO  [io.api.tes.ser.api.KafkaSerdesTester] (Thread-829) topic-706f31fe_e1ec_473c_9540_55cf967e1c36 0 40 {"key1": "value-0", "key2": "value-0"}
2025-07-31 17:00:47,170 INFO  [io.api.tes.ser.api.KafkaSerdesTester] (Thread-829) topic-706f31fe_e1ec_473c_9540_55cf967e1c36 0 41 {"key1": "value-1", "key2": "value-1"}
2025-07-31 17:00:47,170 INFO  [io.api.tes.ser.api.KafkaSerdesTester] (Thread-829) topic-706f31fe_e1ec_473c_9540_55cf967e1c36 0 42 {"key1": "value-2", "key2": "value-2"}
2025-07-31 17:00:47,171 INFO  [io.api.tes.ser.api.KafkaSerdesTester] (Thread-829) topic-706f31fe_e1ec_473c_9540_55cf967e1c36 0 43 {"key1": "value-3", "key2": "value-3"}
2025-07-31 17:00:47,171 INFO  [io.api.tes.ser.api.KafkaSerdesTester] (Thread-829) topic-706f31fe_e1ec_473c_9540_55cf967e1c36 0 44 {"key1": "value-4", "key2": "value-4"}
2025-07-31 17:00:47,171 INFO  [io.api.tes.ser.api.KafkaSerdesTester] (Thread-829) topic-706f31fe_e1ec_473c_9540_55cf967e1c36 0 45 {"key1": "value-5", "key2": "value-5"}
2025-07-31 17:00:47,171 INFO  [io.api.tes.ser.api.KafkaSerdesTester] (Thread-829) topic-706f31fe_e1ec_473c_9540_55cf967e1c36 0 46 {"key1": "value-6", "key2": "value-6"}
2025-07-31 17:00:47,171 INFO  [io.api.tes.ser.api.KafkaSerdesTester] (Thread-829) topic-706f31fe_e1ec_473c_9540_55cf967e1c36 0 47 {"key1": "value-7", "key2": "value-7"}
2025-07-31 17:00:47,171 INFO  [io.api.tes.ser.api.KafkaSerdesTester] (Thread-829) topic-706f31fe_e1ec_473c_9540_55cf967e1c36 0 48 {"key1": "value-8", "key2": "value-8"}
2025-07-31 17:00:47,171 INFO  [io.api.tes.ser.api.KafkaSerdesTester] (Thread-829) topic-706f31fe_e1ec_473c_9540_55cf967e1c36 0 49 {"key1": "value-9", "key2": "value-9"}
2025-07-31 17:00:47,171 INFO  [io.api.tes.ser.api.KafkaSerdesTester] (Thread-829) topic-706f31fe_e1ec_473c_9540_55cf967e1c36 0 50 {"key1": "value-0"}
2025-07-31 17:00:47,171 INFO  [io.api.tes.ser.api.KafkaSerdesTester] (Thread-829) topic-706f31fe_e1ec_473c_9540_55cf967e1c36 0 51 {"key1": "value-1"}
2025-07-31 17:00:47,171 INFO  [io.api.tes.ser.api.KafkaSerdesTester] (Thread-829) topic-706f31fe_e1ec_473c_9540_55cf967e1c36 0 52 {"key1": "value-2"}
2025-07-31 17:00:47,171 INFO  [io.api.tes.ser.api.KafkaSerdesTester] (Thread-829) topic-706f31fe_e1ec_473c_9540_55cf967e1c36 0 53 {"key1": "value-3"}
2025-07-31 17:00:47,171 INFO  [io.api.tes.ser.api.KafkaSerdesTester] (Thread-829) topic-706f31fe_e1ec_473c_9540_55cf967e1c36 0 54 {"key1": "value-4"}
2025-07-31 17:00:47,171 INFO  [io.api.tes.ser.api.KafkaSerdesTester] (Thread-829) topic-706f31fe_e1ec_473c_9540_55cf967e1c36 0 55 {"key1": "value-5"}
2025-07-31 17:00:47,171 INFO  [io.api.tes.ser.api.KafkaSerdesTester] (Thread-829) topic-706f31fe_e1ec_473c_9540_55cf967e1c36 0 56 {"key1": "value-6"}
2025-07-31 17:00:47,171 INFO  [io.api.tes.ser.api.KafkaSerdesTester] (Thread-829) topic-706f31fe_e1ec_473c_9540_55cf967e1c36 0 57 {"key1": "value-7"}
2025-07-31 17:00:47,171 INFO  [io.api.tes.ser.api.KafkaSerdesTester] (Thread-829) topic-706f31fe_e1ec_473c_9540_55cf967e1c36 0 58 {"key1": "value-8"}
2025-07-31 17:00:47,171 INFO  [io.api.tes.ser.api.KafkaSerdesTester] (Thread-829) topic-706f31fe_e1ec_473c_9540_55cf967e1c36 0 59 {"key1": "value-9"}
2025-07-31 17:00:47,171 INFO  [io.api.tes.ser.api.KafkaSerdesTester] (Thread-829) Consumed 30 messages
2025-07-31 17:00:47,173 INFO  [org.apa.kaf.cli.con.int.ConsumerRebalanceListenerInvoker] (Thread-829) [Consumer clientId=consumer-Consumer-topic-706f31fe_e1ec_473c_9540_55cf967e1c36-29, groupId=Consumer-topic-706f31fe_e1ec_473c_9540_55cf967e1c36] Revoke previously assigned partitions topic-706f31fe_e1ec_473c_9540_55cf967e1c36-0
2025-07-31 17:00:47,173 INFO  [org.apa.kaf.cli.con.int.ConsumerCoordinator] (Thread-829) [Consumer clientId=consumer-Consumer-topic-706f31fe_e1ec_473c_9540_55cf967e1c36-29, groupId=Consumer-topic-706f31fe_e1ec_473c_9540_55cf967e1c36] Member consumer-Consumer-topic-706f31fe_e1ec_473c_9540_55cf967e1c36-29-50d1ef7b-fd3e-492d-9604-39cf2332a916 sending LeaveGroup request to coordinator localhost:32770 (id: 2147483647 rack: null) due to the consumer is being closed
2025-07-31 17:00:47,173 INFO  [org.apa.kaf.cli.con.int.ConsumerCoordinator] (Thread-829) [Consumer clientId=consumer-Consumer-topic-706f31fe_e1ec_473c_9540_55cf967e1c36-29, groupId=Consumer-topic-706f31fe_e1ec_473c_9540_55cf967e1c36] Resetting generation and member id due to: consumer pro-actively leaving the group
2025-07-31 17:00:47,173 INFO  [org.apa.kaf.cli.con.int.ConsumerCoordinator] (Thread-829) [Consumer clientId=consumer-Consumer-topic-706f31fe_e1ec_473c_9540_55cf967e1c36-29, groupId=Consumer-topic-706f31fe_e1ec_473c_9540_55cf967e1c36] Request joining group due to: consumer pro-actively leaving the group
2025-07-31 17:00:47,674 INFO  [org.apa.kaf.com.met.Metrics] (Thread-829) Metrics scheduler closed
2025-07-31 17:00:47,674 INFO  [org.apa.kaf.com.met.Metrics] (Thread-829) Closing reporter org.apache.kafka.common.metrics.JmxReporter
2025-07-31 17:00:47,674 INFO  [org.apa.kaf.com.met.Metrics] (Thread-829) Closing reporter org.apache.kafka.common.telemetry.internals.ClientTelemetryReporter
2025-07-31 17:00:47,674 INFO  [org.apa.kaf.com.met.Metrics] (Thread-829) Metrics reporters closed
2025-07-31 17:00:47,676 INFO  [org.apa.kaf.com.uti.AppInfoParser] (Thread-829) App info kafka.consumer for consumer-Consumer-topic-706f31fe_e1ec_473c_9540_55cf967e1c36-29 unregistered
2025-07-31 17:00:47,676 INFO  [org.apa.kaf.cli.pro.KafkaProducer] (main) [Producer clientId=Producer-topic-706f31fe_e1ec_473c_9540_55cf967e1c36] Closing the Kafka producer with timeoutMillis = 9223372036854775807 ms.
2025-07-31 17:00:47,676 INFO  [org.apa.kaf.com.met.Metrics] (main) Metrics scheduler closed
2025-07-31 17:00:47,676 INFO  [org.apa.kaf.com.met.Metrics] (main) Closing reporter org.apache.kafka.common.metrics.JmxReporter
2025-07-31 17:00:47,676 INFO  [org.apa.kaf.com.met.Metrics] (main) Closing reporter org.apache.kafka.common.telemetry.internals.ClientTelemetryReporter
2025-07-31 17:00:47,676 INFO  [org.apa.kaf.com.met.Metrics] (main) Metrics reporters closed
2025-07-31 17:00:47,676 INFO  [org.apa.kaf.com.uti.AppInfoParser] (main) App info kafka.producer for Producer-topic-706f31fe_e1ec_473c_9540_55cf967e1c36 unregistered
2025-07-31 17:00:47,727 INFO  [io.api.tes.ser.con.BasicConfluentSerDesIT] (main) Deleting confluent schema topic-706f31fe_e1ec_473c_9540_55cf967e1c36-s01a1be77x0cdcx407dxbb3fxadc304a11c7c
2025-07-31 17:00:47,753 INFO  [io.api.tes.uti.TestSeparator] (main) io.apicurio.tests.serdes.confluent.BasicConfluentSerDesIT.testEvolveAvroConfluent-FINISHED
2025-07-31 17:00:47,753 INFO  [io.api.tes.uti.TestSeparator] (main) ############################################################################
Test passed: testEvolveAvroConfluent
]]></system-out>
  </testcase>
  <testcase name="testAvroConfluentSerDes" classname="io.apicurio.tests.serdes.confluent.BasicConfluentSerDesIT" time="0.852">
    <system-out><![CDATA[2025-07-31 17:00:47,754 INFO  [io.api.tes.uti.TestSeparator] (main) ############################################################################
2025-07-31 17:00:47,754 INFO  [io.api.tes.uti.TestSeparator] (main) io.apicurio.tests.serdes.confluent.BasicConfluentSerDesIT.testAvroConfluentSerDes-STARTED
2025-07-31 17:00:47,817 INFO  [io.api.tes.ser.con.BasicConfluentSerDesIT] (main) Checking that created schema is equal to the get schema
2025-07-31 17:00:47,846 INFO  [io.api.tes.ser.con.BasicConfluentSerDesIT] (main) Created schema with id:98 and name:myrecordconfluent1
**** Registry Base URL: http://registry-app-inmemory.apps.ci419.apicurio-testing.org:80
2025-07-31 17:00:47,847 INFO  [org.apa.kaf.cli.pro.ProducerConfig] (main) ProducerConfig values: 
	acks = -1
	auto.include.jmx.reporter = true
	batch.size = 16384
	bootstrap.servers = [PLAINTEXT://localhost:32770]
	buffer.memory = 33554432
	client.dns.lookup = use_all_dns_ips
	client.id = Producer-topic-abc6521e_86fc_4300_ab30_2c10db052240
	compression.gzip.level = -1
	compression.lz4.level = 9
	compression.type = none
	compression.zstd.level = 3
	connections.max.idle.ms = 10000
	delivery.timeout.ms = 120000
	enable.idempotence = true
	enable.metrics.push = true
	interceptor.classes = []
	key.serializer = class org.apache.kafka.common.serialization.StringSerializer
	linger.ms = 0
	max.block.ms = 60000
	max.in.flight.requests.per.connection = 5
	max.request.size = 1048576
	metadata.max.age.ms = 300000
	metadata.max.idle.ms = 300000
	metadata.recovery.strategy = none
	metric.reporters = []
	metrics.num.samples = 2
	metrics.recording.level = INFO
	metrics.sample.window.ms = 30000
	partitioner.adaptive.partitioning.enable = true
	partitioner.availability.timeout.ms = 0
	partitioner.class = null
	partitioner.ignore.keys = false
	receive.buffer.bytes = 32768
	reconnect.backoff.max.ms = 1000
	reconnect.backoff.ms = 50
	request.timeout.ms = 5000
	retries = 2147483647
	retry.backoff.max.ms = 1000
	retry.backoff.ms = 100
	sasl.client.callback.handler.class = null
	sasl.jaas.config = null
	sasl.kerberos.kinit.cmd = /usr/bin/kinit
	sasl.kerberos.min.time.before.relogin = 60000
	sasl.kerberos.service.name = null
	sasl.kerberos.ticket.renew.jitter = 0.05
	sasl.kerberos.ticket.renew.window.factor = 0.8
	sasl.login.callback.handler.class = null
	sasl.login.class = null
	sasl.login.connect.timeout.ms = null
	sasl.login.read.timeout.ms = null
	sasl.login.refresh.buffer.seconds = 300
	sasl.login.refresh.min.period.seconds = 60
	sasl.login.refresh.window.factor = 0.8
	sasl.login.refresh.window.jitter = 0.05
	sasl.login.retry.backoff.max.ms = 10000
	sasl.login.retry.backoff.ms = 100
	sasl.mechanism = GSSAPI
	sasl.oauthbearer.clock.skew.seconds = 30
	sasl.oauthbearer.expected.audience = null
	sasl.oauthbearer.expected.issuer = null
	sasl.oauthbearer.header.urlencode = false
	sasl.oauthbearer.jwks.endpoint.refresh.ms = 3600000
	sasl.oauthbearer.jwks.endpoint.retry.backoff.max.ms = 10000
	sasl.oauthbearer.jwks.endpoint.retry.backoff.ms = 100
	sasl.oauthbearer.jwks.endpoint.url = null
	sasl.oauthbearer.scope.claim.name = scope
	sasl.oauthbearer.sub.claim.name = sub
	sasl.oauthbearer.token.endpoint.url = null
	security.protocol = PLAINTEXT
	security.providers = null
	send.buffer.bytes = 131072
	socket.connection.setup.timeout.max.ms = 30000
	socket.connection.setup.timeout.ms = 10000
	ssl.cipher.suites = null
	ssl.enabled.protocols = [TLSv1.2, TLSv1.3]
	ssl.endpoint.identification.algorithm = https
	ssl.engine.factory.class = null
	ssl.key.password = null
	ssl.keymanager.algorithm = SunX509
	ssl.keystore.certificate.chain = null
	ssl.keystore.key = null
	ssl.keystore.location = null
	ssl.keystore.password = null
	ssl.keystore.type = JKS
	ssl.protocol = TLSv1.3
	ssl.provider = null
	ssl.secure.random.implementation = null
	ssl.trustmanager.algorithm = PKIX
	ssl.truststore.certificates = null
	ssl.truststore.location = null
	ssl.truststore.password = null
	ssl.truststore.type = JKS
	transaction.timeout.ms = 60000
	transactional.id = null
	value.serializer = class io.confluent.kafka.serializers.KafkaAvroSerializer

2025-07-31 17:00:47,847 INFO  [org.apa.kaf.com.tel.int.KafkaMetricsCollector] (main) initializing Kafka metrics collector
2025-07-31 17:00:47,847 INFO  [io.con.kaf.ser.KafkaAvroSerializerConfig] (main) KafkaAvroSerializerConfig values: 
	auto.register.schemas = false
	avro.reflection.allow.null = false
	avro.remove.java.properties = false
	avro.use.logical.type.converters = false
	basic.auth.credentials.source = URL
	basic.auth.user.info = [hidden]
	bearer.auth.cache.expiry.buffer.seconds = 300
	bearer.auth.client.id = null
	bearer.auth.client.secret = null
	bearer.auth.credentials.source = STATIC_TOKEN
	bearer.auth.custom.provider.class = null
	bearer.auth.identity.pool.id = null
	bearer.auth.issuer.endpoint.url = null
	bearer.auth.logical.cluster = null
	bearer.auth.scope = null
	bearer.auth.scope.claim.name = scope
	bearer.auth.sub.claim.name = sub
	bearer.auth.token = [hidden]
	context.name.strategy = class io.confluent.kafka.serializers.context.NullContextNameStrategy
	http.connect.timeout.ms = 60000
	http.read.timeout.ms = 60000
	id.compatibility.strict = true
	key.schema.id.deserializer = class io.confluent.kafka.serializers.schema.id.DualSchemaIdDeserializer
	key.schema.id.serializer = class io.confluent.kafka.serializers.schema.id.PrefixSchemaIdSerializer
	key.subject.name.strategy = class io.confluent.kafka.serializers.subject.TopicNameStrategy
	latest.cache.size = 1000
	latest.cache.ttl.sec = -1
	latest.compatibility.strict = true
	max.retries = 3
	max.schemas.per.subject = 1000
	normalize.schemas = false
	propagate.schema.tags = false
	proxy.host = 
	proxy.port = -1
	retries.max.wait.ms = 20000
	retries.wait.ms = 1000
	rule.actions = []
	rule.executors = []
	rule.service.loader.enable = true
	schema.format = null
	schema.reflection = false
	schema.registry.basic.auth.user.info = [hidden]
	schema.registry.ssl.cipher.suites = null
	schema.registry.ssl.enabled.protocols = [TLSv1.2, TLSv1.3]
	schema.registry.ssl.endpoint.identification.algorithm = https
	schema.registry.ssl.engine.factory.class = null
	schema.registry.ssl.key.password = null
	schema.registry.ssl.keymanager.algorithm = SunX509
	schema.registry.ssl.keystore.certificate.chain = null
	schema.registry.ssl.keystore.key = null
	schema.registry.ssl.keystore.location = null
	schema.registry.ssl.keystore.password = null
	schema.registry.ssl.keystore.type = JKS
	schema.registry.ssl.protocol = TLSv1.3
	schema.registry.ssl.provider = null
	schema.registry.ssl.secure.random.implementation = null
	schema.registry.ssl.trustmanager.algorithm = PKIX
	schema.registry.ssl.truststore.certificates = null
	schema.registry.ssl.truststore.location = null
	schema.registry.ssl.truststore.password = null
	schema.registry.ssl.truststore.type = JKS
	schema.registry.url = [http://registry-app-inmemory.apps.ci419.apicurio-testing.org:80/apis/ccompat/v7]
	schema.registry.url.randomize = false
	use.latest.version = false
	use.latest.with.metadata = null
	use.schema.id = -1
	value.schema.id.deserializer = class io.confluent.kafka.serializers.schema.id.DualSchemaIdDeserializer
	value.schema.id.serializer = class io.confluent.kafka.serializers.schema.id.PrefixSchemaIdSerializer
	value.subject.name.strategy = class io.confluent.kafka.serializers.subject.TopicNameStrategy

2025-07-31 17:00:47,850 INFO  [org.apa.kaf.cli.pro.KafkaProducer] (main) [Producer clientId=Producer-topic-abc6521e_86fc_4300_ab30_2c10db052240] Instantiated an idempotent producer.
2025-07-31 17:00:47,851 INFO  [org.apa.kaf.cli.pro.ProducerConfig] (main) These configurations '[schema.registry.url, auto.register.schemas, value.subject.name.strategy]' were supplied but are not used yet.
2025-07-31 17:00:47,851 INFO  [org.apa.kaf.com.uti.AppInfoParser] (main) Kafka version: 3.9.1
2025-07-31 17:00:47,851 INFO  [org.apa.kaf.com.uti.AppInfoParser] (main) Kafka commitId: f745dfdcee2b9851
2025-07-31 17:00:47,851 INFO  [org.apa.kaf.com.uti.AppInfoParser] (main) Kafka startTimeMs: 1753981247851
2025-07-31 17:00:47,851 INFO  [io.api.tes.ser.api.SimpleSerdesTesterBuilder$SimpleSerdesTester] (main) Using producer configuration: {schema.registry.url=http://registry-app-inmemory.apps.ci419.apicurio-testing.org:80/apis/ccompat/v7, value.serializer=io.confluent.kafka.serializers.KafkaAvroSerializer, request.timeout.ms=5000, auto.register.schemas=false, acks=all, bootstrap.servers=PLAINTEXT://localhost:32770, connections.max.idle.ms=10000, key.serializer=org.apache.kafka.common.serialization.StringSerializer, value.subject.name.strategy=io.confluent.kafka.serializers.subject.TopicNameStrategy, client.id=Producer-topic-abc6521e_86fc_4300_ab30_2c10db052240}
2025-07-31 17:00:47,851 INFO  [io.api.tes.ser.api.SimpleSerdesTesterBuilder$SimpleSerdesTester] (main) Using consumer configuration: {}
2025-07-31 17:00:47,853 INFO  [io.api.tes.ser.api.KafkaSerdesTester] (Thread-830) Sending message {"key1": "value-0"} to topic topic-abc6521e_86fc_4300_ab30_2c10db052240
2025-07-31 17:00:47,860 INFO  [org.apa.kaf.cli.Metadata] (kafka-producer-network-thread | Producer-topic-abc6521e_86fc_4300_ab30_2c10db052240) [Producer clientId=Producer-topic-abc6521e_86fc_4300_ab30_2c10db052240] Cluster ID: JfHT16fFSb-b502x6d9TJg
2025-07-31 17:00:47,865 INFO  [org.apa.kaf.cli.pro.int.TransactionManager] (kafka-producer-network-thread | Producer-topic-abc6521e_86fc_4300_ab30_2c10db052240) [Producer clientId=Producer-topic-abc6521e_86fc_4300_ab30_2c10db052240] ProducerId set to 42 with epoch 0
2025-07-31 17:00:47,907 INFO  [io.api.tes.ser.api.KafkaSerdesTester] (Thread-830) Sending message {"key1": "value-1"} to topic topic-abc6521e_86fc_4300_ab30_2c10db052240
2025-07-31 17:00:47,911 INFO  [io.api.tes.ser.api.KafkaSerdesTester] (Thread-830) Sending message {"key1": "value-2"} to topic topic-abc6521e_86fc_4300_ab30_2c10db052240
2025-07-31 17:00:47,921 INFO  [io.api.tes.ser.api.KafkaSerdesTester] (Thread-830) Sending message {"key1": "value-3"} to topic topic-abc6521e_86fc_4300_ab30_2c10db052240
2025-07-31 17:00:47,924 INFO  [io.api.tes.ser.api.KafkaSerdesTester] (Thread-830) Sending message {"key1": "value-4"} to topic topic-abc6521e_86fc_4300_ab30_2c10db052240
2025-07-31 17:00:47,932 INFO  [io.api.tes.ser.api.KafkaSerdesTester] (Thread-830) Sending message {"key1": "value-5"} to topic topic-abc6521e_86fc_4300_ab30_2c10db052240
2025-07-31 17:00:47,936 INFO  [io.api.tes.ser.api.KafkaSerdesTester] (Thread-830) Sending message {"key1": "value-6"} to topic topic-abc6521e_86fc_4300_ab30_2c10db052240
2025-07-31 17:00:47,942 INFO  [io.api.tes.ser.api.KafkaSerdesTester] (Thread-830) Sending message {"key1": "value-7"} to topic topic-abc6521e_86fc_4300_ab30_2c10db052240
2025-07-31 17:00:47,946 INFO  [io.api.tes.ser.api.KafkaSerdesTester] (Thread-830) Sending message {"key1": "value-8"} to topic topic-abc6521e_86fc_4300_ab30_2c10db052240
2025-07-31 17:00:47,950 INFO  [io.api.tes.ser.api.KafkaSerdesTester] (Thread-830) Sending message {"key1": "value-9"} to topic topic-abc6521e_86fc_4300_ab30_2c10db052240
2025-07-31 17:00:47,952 INFO  [io.api.tes.ser.api.KafkaSerdesTester] (Thread-830) Produced 10 messages
2025-07-31 17:00:47,952 INFO  [org.apa.kaf.cli.pro.KafkaProducer] (Thread-830) [Producer clientId=Producer-topic-abc6521e_86fc_4300_ab30_2c10db052240] Closing the Kafka producer with timeoutMillis = 9223372036854775807 ms.
2025-07-31 17:00:47,956 INFO  [org.apa.kaf.com.met.Metrics] (Thread-830) Metrics scheduler closed
2025-07-31 17:00:47,956 INFO  [org.apa.kaf.com.met.Metrics] (Thread-830) Closing reporter org.apache.kafka.common.metrics.JmxReporter
2025-07-31 17:00:47,956 INFO  [org.apa.kaf.com.met.Metrics] (Thread-830) Closing reporter org.apache.kafka.common.telemetry.internals.ClientTelemetryReporter
2025-07-31 17:00:47,956 INFO  [org.apa.kaf.com.met.Metrics] (Thread-830) Metrics reporters closed
2025-07-31 17:00:47,956 INFO  [org.apa.kaf.com.uti.AppInfoParser] (Thread-830) App info kafka.producer for Producer-topic-abc6521e_86fc_4300_ab30_2c10db052240 unregistered
**** Registry Base URL: http://registry-app-inmemory.apps.ci419.apicurio-testing.org:80
2025-07-31 17:00:47,958 INFO  [org.apa.kaf.cli.con.ConsumerConfig] (main) ConsumerConfig values: 
	allow.auto.create.topics = true
	auto.commit.interval.ms = 500
	auto.include.jmx.reporter = true
	auto.offset.reset = earliest
	bootstrap.servers = [PLAINTEXT://localhost:32770]
	check.crcs = true
	client.dns.lookup = use_all_dns_ips
	client.id = consumer-Consumer-topic-abc6521e_86fc_4300_ab30_2c10db052240-30
	client.rack = 
	connections.max.idle.ms = 10000
	default.api.timeout.ms = 60000
	enable.auto.commit = true
	enable.metrics.push = true
	exclude.internal.topics = true
	fetch.max.bytes = 52428800
	fetch.max.wait.ms = 500
	fetch.min.bytes = 1
	group.id = Consumer-topic-abc6521e_86fc_4300_ab30_2c10db052240
	group.instance.id = null
	group.protocol = classic
	group.remote.assignor = null
	heartbeat.interval.ms = 3000
	interceptor.classes = []
	internal.leave.group.on.close = true
	internal.throw.on.fetch.stable.offset.unsupported = false
	isolation.level = read_uncommitted
	key.deserializer = class org.apache.kafka.common.serialization.StringDeserializer
	max.partition.fetch.bytes = 1048576
	max.poll.interval.ms = 300000
	max.poll.records = 500
	metadata.max.age.ms = 300000
	metadata.recovery.strategy = none
	metric.reporters = []
	metrics.num.samples = 2
	metrics.recording.level = INFO
	metrics.sample.window.ms = 30000
	partition.assignment.strategy = [class org.apache.kafka.clients.consumer.RangeAssignor, class org.apache.kafka.clients.consumer.CooperativeStickyAssignor]
	receive.buffer.bytes = 65536
	reconnect.backoff.max.ms = 1000
	reconnect.backoff.ms = 50
	request.timeout.ms = 5000
	retry.backoff.max.ms = 1000
	retry.backoff.ms = 100
	sasl.client.callback.handler.class = null
	sasl.jaas.config = null
	sasl.kerberos.kinit.cmd = /usr/bin/kinit
	sasl.kerberos.min.time.before.relogin = 60000
	sasl.kerberos.service.name = null
	sasl.kerberos.ticket.renew.jitter = 0.05
	sasl.kerberos.ticket.renew.window.factor = 0.8
	sasl.login.callback.handler.class = null
	sasl.login.class = null
	sasl.login.connect.timeout.ms = null
	sasl.login.read.timeout.ms = null
	sasl.login.refresh.buffer.seconds = 300
	sasl.login.refresh.min.period.seconds = 60
	sasl.login.refresh.window.factor = 0.8
	sasl.login.refresh.window.jitter = 0.05
	sasl.login.retry.backoff.max.ms = 10000
	sasl.login.retry.backoff.ms = 100
	sasl.mechanism = GSSAPI
	sasl.oauthbearer.clock.skew.seconds = 30
	sasl.oauthbearer.expected.audience = null
	sasl.oauthbearer.expected.issuer = null
	sasl.oauthbearer.header.urlencode = false
	sasl.oauthbearer.jwks.endpoint.refresh.ms = 3600000
	sasl.oauthbearer.jwks.endpoint.retry.backoff.max.ms = 10000
	sasl.oauthbearer.jwks.endpoint.retry.backoff.ms = 100
	sasl.oauthbearer.jwks.endpoint.url = null
	sasl.oauthbearer.scope.claim.name = scope
	sasl.oauthbearer.sub.claim.name = sub
	sasl.oauthbearer.token.endpoint.url = null
	security.protocol = PLAINTEXT
	security.providers = null
	send.buffer.bytes = 131072
	session.timeout.ms = 45000
	socket.connection.setup.timeout.max.ms = 30000
	socket.connection.setup.timeout.ms = 10000
	ssl.cipher.suites = null
	ssl.enabled.protocols = [TLSv1.2, TLSv1.3]
	ssl.endpoint.identification.algorithm = https
	ssl.engine.factory.class = null
	ssl.key.password = null
	ssl.keymanager.algorithm = SunX509
	ssl.keystore.certificate.chain = null
	ssl.keystore.key = null
	ssl.keystore.location = null
	ssl.keystore.password = null
	ssl.keystore.type = JKS
	ssl.protocol = TLSv1.3
	ssl.provider = null
	ssl.secure.random.implementation = null
	ssl.trustmanager.algorithm = PKIX
	ssl.truststore.certificates = null
	ssl.truststore.location = null
	ssl.truststore.password = null
	ssl.truststore.type = JKS
	value.deserializer = class io.confluent.kafka.serializers.KafkaAvroDeserializer

2025-07-31 17:00:47,958 INFO  [org.apa.kaf.com.tel.int.KafkaMetricsCollector] (main) initializing Kafka metrics collector
2025-07-31 17:00:47,959 INFO  [io.con.kaf.ser.KafkaAvroDeserializerConfig] (main) KafkaAvroDeserializerConfig values: 
	auto.register.schemas = true
	avro.reflection.allow.null = false
	avro.use.logical.type.converters = false
	basic.auth.credentials.source = URL
	basic.auth.user.info = [hidden]
	bearer.auth.cache.expiry.buffer.seconds = 300
	bearer.auth.client.id = null
	bearer.auth.client.secret = null
	bearer.auth.credentials.source = STATIC_TOKEN
	bearer.auth.custom.provider.class = null
	bearer.auth.identity.pool.id = null
	bearer.auth.issuer.endpoint.url = null
	bearer.auth.logical.cluster = null
	bearer.auth.scope = null
	bearer.auth.scope.claim.name = scope
	bearer.auth.sub.claim.name = sub
	bearer.auth.token = [hidden]
	context.name.strategy = class io.confluent.kafka.serializers.context.NullContextNameStrategy
	http.connect.timeout.ms = 60000
	http.read.timeout.ms = 60000
	id.compatibility.strict = true
	key.schema.id.deserializer = class io.confluent.kafka.serializers.schema.id.DualSchemaIdDeserializer
	key.schema.id.serializer = class io.confluent.kafka.serializers.schema.id.PrefixSchemaIdSerializer
	key.subject.name.strategy = class io.confluent.kafka.serializers.subject.TopicNameStrategy
	latest.cache.size = 1000
	latest.cache.ttl.sec = -1
	latest.compatibility.strict = true
	max.retries = 3
	max.schemas.per.subject = 1000
	normalize.schemas = false
	propagate.schema.tags = false
	proxy.host = 
	proxy.port = -1
	retries.max.wait.ms = 20000
	retries.wait.ms = 1000
	rule.actions = []
	rule.executors = []
	rule.service.loader.enable = true
	schema.format = null
	schema.reflection = false
	schema.registry.basic.auth.user.info = [hidden]
	schema.registry.ssl.cipher.suites = null
	schema.registry.ssl.enabled.protocols = [TLSv1.2, TLSv1.3]
	schema.registry.ssl.endpoint.identification.algorithm = https
	schema.registry.ssl.engine.factory.class = null
	schema.registry.ssl.key.password = null
	schema.registry.ssl.keymanager.algorithm = SunX509
	schema.registry.ssl.keystore.certificate.chain = null
	schema.registry.ssl.keystore.key = null
	schema.registry.ssl.keystore.location = null
	schema.registry.ssl.keystore.password = null
	schema.registry.ssl.keystore.type = JKS
	schema.registry.ssl.protocol = TLSv1.3
	schema.registry.ssl.provider = null
	schema.registry.ssl.secure.random.implementation = null
	schema.registry.ssl.trustmanager.algorithm = PKIX
	schema.registry.ssl.truststore.certificates = null
	schema.registry.ssl.truststore.location = null
	schema.registry.ssl.truststore.password = null
	schema.registry.ssl.truststore.type = JKS
	schema.registry.url = [http://registry-app-inmemory.apps.ci419.apicurio-testing.org:80/apis/ccompat/v7]
	schema.registry.url.randomize = false
	specific.avro.key.type = null
	specific.avro.reader = false
	specific.avro.value.type = null
	use.latest.version = false
	use.latest.with.metadata = null
	use.schema.id = -1
	value.schema.id.deserializer = class io.confluent.kafka.serializers.schema.id.DualSchemaIdDeserializer
	value.schema.id.serializer = class io.confluent.kafka.serializers.schema.id.PrefixSchemaIdSerializer
	value.subject.name.strategy = class io.confluent.kafka.serializers.subject.TopicNameStrategy

2025-07-31 17:00:47,967 INFO  [org.apa.kaf.cli.con.ConsumerConfig] (main) These configurations '[schema.registry.url]' were supplied but are not used yet.
2025-07-31 17:00:47,967 INFO  [org.apa.kaf.com.uti.AppInfoParser] (main) Kafka version: 3.9.1
2025-07-31 17:00:47,967 INFO  [org.apa.kaf.com.uti.AppInfoParser] (main) Kafka commitId: f745dfdcee2b9851
2025-07-31 17:00:47,967 INFO  [org.apa.kaf.com.uti.AppInfoParser] (main) Kafka startTimeMs: 1753981247967
2025-07-31 17:00:47,970 INFO  [org.apa.kaf.cli.con.int.ClassicKafkaConsumer] (Thread-831) [Consumer clientId=consumer-Consumer-topic-abc6521e_86fc_4300_ab30_2c10db052240-30, groupId=Consumer-topic-abc6521e_86fc_4300_ab30_2c10db052240] Subscribed to topic(s): topic-abc6521e_86fc_4300_ab30_2c10db052240
2025-07-31 17:00:47,974 INFO  [org.apa.kaf.cli.Metadata] (Thread-831) [Consumer clientId=consumer-Consumer-topic-abc6521e_86fc_4300_ab30_2c10db052240-30, groupId=Consumer-topic-abc6521e_86fc_4300_ab30_2c10db052240] Cluster ID: JfHT16fFSb-b502x6d9TJg
2025-07-31 17:00:47,974 INFO  [org.apa.kaf.cli.con.int.ConsumerCoordinator] (Thread-831) [Consumer clientId=consumer-Consumer-topic-abc6521e_86fc_4300_ab30_2c10db052240-30, groupId=Consumer-topic-abc6521e_86fc_4300_ab30_2c10db052240] Discovered group coordinator localhost:32770 (id: 2147483647 rack: null)
2025-07-31 17:00:47,976 INFO  [org.apa.kaf.cli.con.int.ConsumerCoordinator] (Thread-831) [Consumer clientId=consumer-Consumer-topic-abc6521e_86fc_4300_ab30_2c10db052240-30, groupId=Consumer-topic-abc6521e_86fc_4300_ab30_2c10db052240] (Re-)joining group
2025-07-31 17:00:47,981 INFO  [org.apa.kaf.cli.con.int.ConsumerCoordinator] (Thread-831) [Consumer clientId=consumer-Consumer-topic-abc6521e_86fc_4300_ab30_2c10db052240-30, groupId=Consumer-topic-abc6521e_86fc_4300_ab30_2c10db052240] Request joining group due to: need to re-join with the given member-id: consumer-Consumer-topic-abc6521e_86fc_4300_ab30_2c10db052240-30-753aed8d-076f-4b24-b279-91db57954554
2025-07-31 17:00:47,981 INFO  [org.apa.kaf.cli.con.int.ConsumerCoordinator] (Thread-831) [Consumer clientId=consumer-Consumer-topic-abc6521e_86fc_4300_ab30_2c10db052240-30, groupId=Consumer-topic-abc6521e_86fc_4300_ab30_2c10db052240] (Re-)joining group
2025-07-31 17:00:47,983 INFO  [org.apa.kaf.cli.con.int.ConsumerCoordinator] (Thread-831) [Consumer clientId=consumer-Consumer-topic-abc6521e_86fc_4300_ab30_2c10db052240-30, groupId=Consumer-topic-abc6521e_86fc_4300_ab30_2c10db052240] Successfully joined group with generation Generation{generationId=1, memberId='consumer-Consumer-topic-abc6521e_86fc_4300_ab30_2c10db052240-30-753aed8d-076f-4b24-b279-91db57954554', protocol='range'}
2025-07-31 17:00:47,983 INFO  [org.apa.kaf.cli.con.int.ConsumerCoordinator] (Thread-831) [Consumer clientId=consumer-Consumer-topic-abc6521e_86fc_4300_ab30_2c10db052240-30, groupId=Consumer-topic-abc6521e_86fc_4300_ab30_2c10db052240] Finished assignment for group at generation 1: {consumer-Consumer-topic-abc6521e_86fc_4300_ab30_2c10db052240-30-753aed8d-076f-4b24-b279-91db57954554=Assignment(partitions=[topic-abc6521e_86fc_4300_ab30_2c10db052240-0])}
2025-07-31 17:00:47,985 INFO  [org.apa.kaf.cli.con.int.ConsumerCoordinator] (Thread-831) [Consumer clientId=consumer-Consumer-topic-abc6521e_86fc_4300_ab30_2c10db052240-30, groupId=Consumer-topic-abc6521e_86fc_4300_ab30_2c10db052240] Successfully synced group in generation Generation{generationId=1, memberId='consumer-Consumer-topic-abc6521e_86fc_4300_ab30_2c10db052240-30-753aed8d-076f-4b24-b279-91db57954554', protocol='range'}
2025-07-31 17:00:47,986 INFO  [org.apa.kaf.cli.con.int.ConsumerCoordinator] (Thread-831) [Consumer clientId=consumer-Consumer-topic-abc6521e_86fc_4300_ab30_2c10db052240-30, groupId=Consumer-topic-abc6521e_86fc_4300_ab30_2c10db052240] Notifying assignor about the new Assignment(partitions=[topic-abc6521e_86fc_4300_ab30_2c10db052240-0])
2025-07-31 17:00:47,986 INFO  [org.apa.kaf.cli.con.int.ConsumerRebalanceListenerInvoker] (Thread-831) [Consumer clientId=consumer-Consumer-topic-abc6521e_86fc_4300_ab30_2c10db052240-30, groupId=Consumer-topic-abc6521e_86fc_4300_ab30_2c10db052240] Adding newly assigned partitions: topic-abc6521e_86fc_4300_ab30_2c10db052240-0
2025-07-31 17:00:47,986 INFO  [org.apa.kaf.cli.con.int.ConsumerCoordinator] (Thread-831) [Consumer clientId=consumer-Consumer-topic-abc6521e_86fc_4300_ab30_2c10db052240-30, groupId=Consumer-topic-abc6521e_86fc_4300_ab30_2c10db052240] Found no committed offset for partition topic-abc6521e_86fc_4300_ab30_2c10db052240-0
2025-07-31 17:00:47,990 INFO  [org.apa.kaf.cli.con.int.SubscriptionState] (Thread-831) [Consumer clientId=consumer-Consumer-topic-abc6521e_86fc_4300_ab30_2c10db052240-30, groupId=Consumer-topic-abc6521e_86fc_4300_ab30_2c10db052240] Resetting offset for partition topic-abc6521e_86fc_4300_ab30_2c10db052240-0 to position FetchPosition{offset=0, offsetEpoch=Optional.empty, currentLeader=LeaderAndEpoch{leader=Optional[localhost:32770 (id: 0 rack: null)], epoch=0}}.
2025-07-31 17:00:48,023 INFO  [io.api.tes.ser.api.KafkaSerdesTester] (Thread-831) topic-abc6521e_86fc_4300_ab30_2c10db052240 0 0 {"key1": "value-0"}
2025-07-31 17:00:48,023 INFO  [io.api.tes.ser.api.KafkaSerdesTester] (Thread-831) topic-abc6521e_86fc_4300_ab30_2c10db052240 0 1 {"key1": "value-1"}
2025-07-31 17:00:48,023 INFO  [io.api.tes.ser.api.KafkaSerdesTester] (Thread-831) topic-abc6521e_86fc_4300_ab30_2c10db052240 0 2 {"key1": "value-2"}
2025-07-31 17:00:48,023 INFO  [io.api.tes.ser.api.KafkaSerdesTester] (Thread-831) topic-abc6521e_86fc_4300_ab30_2c10db052240 0 3 {"key1": "value-3"}
2025-07-31 17:00:48,023 INFO  [io.api.tes.ser.api.KafkaSerdesTester] (Thread-831) topic-abc6521e_86fc_4300_ab30_2c10db052240 0 4 {"key1": "value-4"}
2025-07-31 17:00:48,023 INFO  [io.api.tes.ser.api.KafkaSerdesTester] (Thread-831) topic-abc6521e_86fc_4300_ab30_2c10db052240 0 5 {"key1": "value-5"}
2025-07-31 17:00:48,023 INFO  [io.api.tes.ser.api.KafkaSerdesTester] (Thread-831) topic-abc6521e_86fc_4300_ab30_2c10db052240 0 6 {"key1": "value-6"}
2025-07-31 17:00:48,023 INFO  [io.api.tes.ser.api.KafkaSerdesTester] (Thread-831) topic-abc6521e_86fc_4300_ab30_2c10db052240 0 7 {"key1": "value-7"}
2025-07-31 17:00:48,023 INFO  [io.api.tes.ser.api.KafkaSerdesTester] (Thread-831) topic-abc6521e_86fc_4300_ab30_2c10db052240 0 8 {"key1": "value-8"}
2025-07-31 17:00:48,023 INFO  [io.api.tes.ser.api.KafkaSerdesTester] (Thread-831) topic-abc6521e_86fc_4300_ab30_2c10db052240 0 9 {"key1": "value-9"}
2025-07-31 17:00:48,023 INFO  [io.api.tes.ser.api.KafkaSerdesTester] (Thread-831) Consumed 10 messages
2025-07-31 17:00:48,027 INFO  [org.apa.kaf.cli.con.int.ConsumerRebalanceListenerInvoker] (Thread-831) [Consumer clientId=consumer-Consumer-topic-abc6521e_86fc_4300_ab30_2c10db052240-30, groupId=Consumer-topic-abc6521e_86fc_4300_ab30_2c10db052240] Revoke previously assigned partitions topic-abc6521e_86fc_4300_ab30_2c10db052240-0
2025-07-31 17:00:48,027 INFO  [org.apa.kaf.cli.con.int.ConsumerCoordinator] (Thread-831) [Consumer clientId=consumer-Consumer-topic-abc6521e_86fc_4300_ab30_2c10db052240-30, groupId=Consumer-topic-abc6521e_86fc_4300_ab30_2c10db052240] Member consumer-Consumer-topic-abc6521e_86fc_4300_ab30_2c10db052240-30-753aed8d-076f-4b24-b279-91db57954554 sending LeaveGroup request to coordinator localhost:32770 (id: 2147483647 rack: null) due to the consumer is being closed
2025-07-31 17:00:48,028 INFO  [org.apa.kaf.cli.con.int.ConsumerCoordinator] (Thread-831) [Consumer clientId=consumer-Consumer-topic-abc6521e_86fc_4300_ab30_2c10db052240-30, groupId=Consumer-topic-abc6521e_86fc_4300_ab30_2c10db052240] Resetting generation and member id due to: consumer pro-actively leaving the group
2025-07-31 17:00:48,028 INFO  [org.apa.kaf.cli.con.int.ConsumerCoordinator] (Thread-831) [Consumer clientId=consumer-Consumer-topic-abc6521e_86fc_4300_ab30_2c10db052240-30, groupId=Consumer-topic-abc6521e_86fc_4300_ab30_2c10db052240] Request joining group due to: consumer pro-actively leaving the group
2025-07-31 17:00:48,526 INFO  [org.apa.kaf.com.met.Metrics] (Thread-831) Metrics scheduler closed
2025-07-31 17:00:48,526 INFO  [org.apa.kaf.com.met.Metrics] (Thread-831) Closing reporter org.apache.kafka.common.metrics.JmxReporter
2025-07-31 17:00:48,526 INFO  [org.apa.kaf.com.met.Metrics] (Thread-831) Closing reporter org.apache.kafka.common.telemetry.internals.ClientTelemetryReporter
2025-07-31 17:00:48,526 INFO  [org.apa.kaf.com.met.Metrics] (Thread-831) Metrics reporters closed
2025-07-31 17:00:48,529 INFO  [org.apa.kaf.com.uti.AppInfoParser] (Thread-831) App info kafka.consumer for consumer-Consumer-topic-abc6521e_86fc_4300_ab30_2c10db052240-30 unregistered
2025-07-31 17:00:48,579 INFO  [io.api.tes.ser.con.BasicConfluentSerDesIT] (main) Deleting confluent schema topic-abc6521e_86fc_4300_ab30_2c10db052240-value
2025-07-31 17:00:48,606 INFO  [io.api.tes.uti.TestSeparator] (main) io.apicurio.tests.serdes.confluent.BasicConfluentSerDesIT.testAvroConfluentSerDes-FINISHED
2025-07-31 17:00:48,606 INFO  [io.api.tes.uti.TestSeparator] (main) ############################################################################
Test passed: testAvroConfluentSerDes
]]></system-out>
  </testcase>
  <testcase name="testAvroConfluentForMultipleTopics" classname="io.apicurio.tests.serdes.confluent.BasicConfluentSerDesIT" time="2.314">
    <system-out><![CDATA[2025-07-31 17:00:48,607 INFO  [io.api.tes.uti.TestSeparator] (main) ############################################################################
2025-07-31 17:00:48,607 INFO  [io.api.tes.uti.TestSeparator] (main) io.apicurio.tests.serdes.confluent.BasicConfluentSerDesIT.testAvroConfluentForMultipleTopics-STARTED
2025-07-31 17:00:48,669 INFO  [io.api.tes.ser.con.BasicConfluentSerDesIT] (main) Checking that created schema is equal to the get schema
2025-07-31 17:00:48,697 INFO  [io.api.tes.ser.con.BasicConfluentSerDesIT] (main) Created schema with id:99 and name:myrecordconfluent6
**** Registry Base URL: http://registry-app-inmemory.apps.ci419.apicurio-testing.org:80
2025-07-31 17:00:48,697 INFO  [org.apa.kaf.cli.pro.ProducerConfig] (main) ProducerConfig values: 
	acks = -1
	auto.include.jmx.reporter = true
	batch.size = 16384
	bootstrap.servers = [PLAINTEXT://localhost:32770]
	buffer.memory = 33554432
	client.dns.lookup = use_all_dns_ips
	client.id = Producer-topic-f426e614_69b4_4603_b0de_4a066d457ff2
	compression.gzip.level = -1
	compression.lz4.level = 9
	compression.type = none
	compression.zstd.level = 3
	connections.max.idle.ms = 10000
	delivery.timeout.ms = 120000
	enable.idempotence = true
	enable.metrics.push = true
	interceptor.classes = []
	key.serializer = class org.apache.kafka.common.serialization.StringSerializer
	linger.ms = 0
	max.block.ms = 60000
	max.in.flight.requests.per.connection = 5
	max.request.size = 1048576
	metadata.max.age.ms = 300000
	metadata.max.idle.ms = 300000
	metadata.recovery.strategy = none
	metric.reporters = []
	metrics.num.samples = 2
	metrics.recording.level = INFO
	metrics.sample.window.ms = 30000
	partitioner.adaptive.partitioning.enable = true
	partitioner.availability.timeout.ms = 0
	partitioner.class = null
	partitioner.ignore.keys = false
	receive.buffer.bytes = 32768
	reconnect.backoff.max.ms = 1000
	reconnect.backoff.ms = 50
	request.timeout.ms = 5000
	retries = 2147483647
	retry.backoff.max.ms = 1000
	retry.backoff.ms = 100
	sasl.client.callback.handler.class = null
	sasl.jaas.config = null
	sasl.kerberos.kinit.cmd = /usr/bin/kinit
	sasl.kerberos.min.time.before.relogin = 60000
	sasl.kerberos.service.name = null
	sasl.kerberos.ticket.renew.jitter = 0.05
	sasl.kerberos.ticket.renew.window.factor = 0.8
	sasl.login.callback.handler.class = null
	sasl.login.class = null
	sasl.login.connect.timeout.ms = null
	sasl.login.read.timeout.ms = null
	sasl.login.refresh.buffer.seconds = 300
	sasl.login.refresh.min.period.seconds = 60
	sasl.login.refresh.window.factor = 0.8
	sasl.login.refresh.window.jitter = 0.05
	sasl.login.retry.backoff.max.ms = 10000
	sasl.login.retry.backoff.ms = 100
	sasl.mechanism = GSSAPI
	sasl.oauthbearer.clock.skew.seconds = 30
	sasl.oauthbearer.expected.audience = null
	sasl.oauthbearer.expected.issuer = null
	sasl.oauthbearer.header.urlencode = false
	sasl.oauthbearer.jwks.endpoint.refresh.ms = 3600000
	sasl.oauthbearer.jwks.endpoint.retry.backoff.max.ms = 10000
	sasl.oauthbearer.jwks.endpoint.retry.backoff.ms = 100
	sasl.oauthbearer.jwks.endpoint.url = null
	sasl.oauthbearer.scope.claim.name = scope
	sasl.oauthbearer.sub.claim.name = sub
	sasl.oauthbearer.token.endpoint.url = null
	security.protocol = PLAINTEXT
	security.providers = null
	send.buffer.bytes = 131072
	socket.connection.setup.timeout.max.ms = 30000
	socket.connection.setup.timeout.ms = 10000
	ssl.cipher.suites = null
	ssl.enabled.protocols = [TLSv1.2, TLSv1.3]
	ssl.endpoint.identification.algorithm = https
	ssl.engine.factory.class = null
	ssl.key.password = null
	ssl.keymanager.algorithm = SunX509
	ssl.keystore.certificate.chain = null
	ssl.keystore.key = null
	ssl.keystore.location = null
	ssl.keystore.password = null
	ssl.keystore.type = JKS
	ssl.protocol = TLSv1.3
	ssl.provider = null
	ssl.secure.random.implementation = null
	ssl.trustmanager.algorithm = PKIX
	ssl.truststore.certificates = null
	ssl.truststore.location = null
	ssl.truststore.password = null
	ssl.truststore.type = JKS
	transaction.timeout.ms = 60000
	transactional.id = null
	value.serializer = class io.apicurio.registry.serde.avro.AvroKafkaSerializer

2025-07-31 17:00:48,698 INFO  [org.apa.kaf.com.tel.int.KafkaMetricsCollector] (main) initializing Kafka metrics collector
2025-07-31 17:00:48,705 INFO  [org.apa.kaf.cli.pro.KafkaProducer] (main) [Producer clientId=Producer-topic-f426e614_69b4_4603_b0de_4a066d457ff2] Instantiated an idempotent producer.
2025-07-31 17:00:48,711 INFO  [org.apa.kaf.cli.pro.ProducerConfig] (main) These configurations '[apicurio.registry.url, apicurio.registry.artifact-resolver-strategy]' were supplied but are not used yet.
2025-07-31 17:00:48,711 INFO  [org.apa.kaf.com.uti.AppInfoParser] (main) Kafka version: 3.9.1
2025-07-31 17:00:48,711 INFO  [org.apa.kaf.com.uti.AppInfoParser] (main) Kafka commitId: f745dfdcee2b9851
2025-07-31 17:00:48,711 INFO  [org.apa.kaf.com.uti.AppInfoParser] (main) Kafka startTimeMs: 1753981248711
**** Registry Base URL: http://registry-app-inmemory.apps.ci419.apicurio-testing.org:80
2025-07-31 17:00:48,711 INFO  [org.apa.kaf.cli.pro.ProducerConfig] (main) ProducerConfig values: 
	acks = -1
	auto.include.jmx.reporter = true
	batch.size = 16384
	bootstrap.servers = [PLAINTEXT://localhost:32770]
	buffer.memory = 33554432
	client.dns.lookup = use_all_dns_ips
	client.id = Producer-topic-ef47d6bd_b27b_407e_b97f_77521c619591
	compression.gzip.level = -1
	compression.lz4.level = 9
	compression.type = none
	compression.zstd.level = 3
	connections.max.idle.ms = 10000
	delivery.timeout.ms = 120000
	enable.idempotence = true
	enable.metrics.push = true
	interceptor.classes = []
	key.serializer = class org.apache.kafka.common.serialization.StringSerializer
	linger.ms = 0
	max.block.ms = 60000
	max.in.flight.requests.per.connection = 5
	max.request.size = 1048576
	metadata.max.age.ms = 300000
	metadata.max.idle.ms = 300000
	metadata.recovery.strategy = none
	metric.reporters = []
	metrics.num.samples = 2
	metrics.recording.level = INFO
	metrics.sample.window.ms = 30000
	partitioner.adaptive.partitioning.enable = true
	partitioner.availability.timeout.ms = 0
	partitioner.class = null
	partitioner.ignore.keys = false
	receive.buffer.bytes = 32768
	reconnect.backoff.max.ms = 1000
	reconnect.backoff.ms = 50
	request.timeout.ms = 5000
	retries = 2147483647
	retry.backoff.max.ms = 1000
	retry.backoff.ms = 100
	sasl.client.callback.handler.class = null
	sasl.jaas.config = null
	sasl.kerberos.kinit.cmd = /usr/bin/kinit
	sasl.kerberos.min.time.before.relogin = 60000
	sasl.kerberos.service.name = null
	sasl.kerberos.ticket.renew.jitter = 0.05
	sasl.kerberos.ticket.renew.window.factor = 0.8
	sasl.login.callback.handler.class = null
	sasl.login.class = null
	sasl.login.connect.timeout.ms = null
	sasl.login.read.timeout.ms = null
	sasl.login.refresh.buffer.seconds = 300
	sasl.login.refresh.min.period.seconds = 60
	sasl.login.refresh.window.factor = 0.8
	sasl.login.refresh.window.jitter = 0.05
	sasl.login.retry.backoff.max.ms = 10000
	sasl.login.retry.backoff.ms = 100
	sasl.mechanism = GSSAPI
	sasl.oauthbearer.clock.skew.seconds = 30
	sasl.oauthbearer.expected.audience = null
	sasl.oauthbearer.expected.issuer = null
	sasl.oauthbearer.header.urlencode = false
	sasl.oauthbearer.jwks.endpoint.refresh.ms = 3600000
	sasl.oauthbearer.jwks.endpoint.retry.backoff.max.ms = 10000
	sasl.oauthbearer.jwks.endpoint.retry.backoff.ms = 100
	sasl.oauthbearer.jwks.endpoint.url = null
	sasl.oauthbearer.scope.claim.name = scope
	sasl.oauthbearer.sub.claim.name = sub
	sasl.oauthbearer.token.endpoint.url = null
	security.protocol = PLAINTEXT
	security.providers = null
	send.buffer.bytes = 131072
	socket.connection.setup.timeout.max.ms = 30000
	socket.connection.setup.timeout.ms = 10000
	ssl.cipher.suites = null
	ssl.enabled.protocols = [TLSv1.2, TLSv1.3]
	ssl.endpoint.identification.algorithm = https
	ssl.engine.factory.class = null
	ssl.key.password = null
	ssl.keymanager.algorithm = SunX509
	ssl.keystore.certificate.chain = null
	ssl.keystore.key = null
	ssl.keystore.location = null
	ssl.keystore.password = null
	ssl.keystore.type = JKS
	ssl.protocol = TLSv1.3
	ssl.provider = null
	ssl.secure.random.implementation = null
	ssl.trustmanager.algorithm = PKIX
	ssl.truststore.certificates = null
	ssl.truststore.location = null
	ssl.truststore.password = null
	ssl.truststore.type = JKS
	transaction.timeout.ms = 60000
	transactional.id = null
	value.serializer = class io.apicurio.registry.serde.avro.AvroKafkaSerializer

2025-07-31 17:00:48,717 INFO  [org.apa.kaf.com.tel.int.KafkaMetricsCollector] (main) initializing Kafka metrics collector
2025-07-31 17:00:48,721 INFO  [org.apa.kaf.cli.Metadata] (kafka-producer-network-thread | Producer-topic-f426e614_69b4_4603_b0de_4a066d457ff2) [Producer clientId=Producer-topic-f426e614_69b4_4603_b0de_4a066d457ff2] Cluster ID: JfHT16fFSb-b502x6d9TJg
2025-07-31 17:00:48,722 INFO  [org.apa.kaf.cli.pro.int.TransactionManager] (kafka-producer-network-thread | Producer-topic-f426e614_69b4_4603_b0de_4a066d457ff2) [Producer clientId=Producer-topic-f426e614_69b4_4603_b0de_4a066d457ff2] ProducerId set to 43 with epoch 0
2025-07-31 17:00:48,730 INFO  [org.apa.kaf.cli.pro.KafkaProducer] (main) [Producer clientId=Producer-topic-ef47d6bd_b27b_407e_b97f_77521c619591] Instantiated an idempotent producer.
2025-07-31 17:00:48,735 INFO  [org.apa.kaf.cli.pro.ProducerConfig] (main) These configurations '[apicurio.registry.url, apicurio.registry.artifact-resolver-strategy]' were supplied but are not used yet.
2025-07-31 17:00:48,735 INFO  [org.apa.kaf.com.uti.AppInfoParser] (main) Kafka version: 3.9.1
2025-07-31 17:00:48,735 INFO  [org.apa.kaf.com.uti.AppInfoParser] (main) Kafka commitId: f745dfdcee2b9851
2025-07-31 17:00:48,735 INFO  [org.apa.kaf.com.uti.AppInfoParser] (main) Kafka startTimeMs: 1753981248735
**** Registry Base URL: http://registry-app-inmemory.apps.ci419.apicurio-testing.org:80
2025-07-31 17:00:48,737 INFO  [org.apa.kaf.cli.pro.ProducerConfig] (main) ProducerConfig values: 
	acks = -1
	auto.include.jmx.reporter = true
	batch.size = 16384
	bootstrap.servers = [PLAINTEXT://localhost:32770]
	buffer.memory = 33554432
	client.dns.lookup = use_all_dns_ips
	client.id = Producer-topic-d92a6083_af49_4a4f_a502_5c6d5cea0bc2
	compression.gzip.level = -1
	compression.lz4.level = 9
	compression.type = none
	compression.zstd.level = 3
	connections.max.idle.ms = 10000
	delivery.timeout.ms = 120000
	enable.idempotence = true
	enable.metrics.push = true
	interceptor.classes = []
	key.serializer = class org.apache.kafka.common.serialization.StringSerializer
	linger.ms = 0
	max.block.ms = 60000
	max.in.flight.requests.per.connection = 5
	max.request.size = 1048576
	metadata.max.age.ms = 300000
	metadata.max.idle.ms = 300000
	metadata.recovery.strategy = none
	metric.reporters = []
	metrics.num.samples = 2
	metrics.recording.level = INFO
	metrics.sample.window.ms = 30000
	partitioner.adaptive.partitioning.enable = true
	partitioner.availability.timeout.ms = 0
	partitioner.class = null
	partitioner.ignore.keys = false
	receive.buffer.bytes = 32768
	reconnect.backoff.max.ms = 1000
	reconnect.backoff.ms = 50
	request.timeout.ms = 5000
	retries = 2147483647
	retry.backoff.max.ms = 1000
	retry.backoff.ms = 100
	sasl.client.callback.handler.class = null
	sasl.jaas.config = null
	sasl.kerberos.kinit.cmd = /usr/bin/kinit
	sasl.kerberos.min.time.before.relogin = 60000
	sasl.kerberos.service.name = null
	sasl.kerberos.ticket.renew.jitter = 0.05
	sasl.kerberos.ticket.renew.window.factor = 0.8
	sasl.login.callback.handler.class = null
	sasl.login.class = null
	sasl.login.connect.timeout.ms = null
	sasl.login.read.timeout.ms = null
	sasl.login.refresh.buffer.seconds = 300
	sasl.login.refresh.min.period.seconds = 60
	sasl.login.refresh.window.factor = 0.8
	sasl.login.refresh.window.jitter = 0.05
	sasl.login.retry.backoff.max.ms = 10000
	sasl.login.retry.backoff.ms = 100
	sasl.mechanism = GSSAPI
	sasl.oauthbearer.clock.skew.seconds = 30
	sasl.oauthbearer.expected.audience = null
	sasl.oauthbearer.expected.issuer = null
	sasl.oauthbearer.header.urlencode = false
	sasl.oauthbearer.jwks.endpoint.refresh.ms = 3600000
	sasl.oauthbearer.jwks.endpoint.retry.backoff.max.ms = 10000
	sasl.oauthbearer.jwks.endpoint.retry.backoff.ms = 100
	sasl.oauthbearer.jwks.endpoint.url = null
	sasl.oauthbearer.scope.claim.name = scope
	sasl.oauthbearer.sub.claim.name = sub
	sasl.oauthbearer.token.endpoint.url = null
	security.protocol = PLAINTEXT
	security.providers = null
	send.buffer.bytes = 131072
	socket.connection.setup.timeout.max.ms = 30000
	socket.connection.setup.timeout.ms = 10000
	ssl.cipher.suites = null
	ssl.enabled.protocols = [TLSv1.2, TLSv1.3]
	ssl.endpoint.identification.algorithm = https
	ssl.engine.factory.class = null
	ssl.key.password = null
	ssl.keymanager.algorithm = SunX509
	ssl.keystore.certificate.chain = null
	ssl.keystore.key = null
	ssl.keystore.location = null
	ssl.keystore.password = null
	ssl.keystore.type = JKS
	ssl.protocol = TLSv1.3
	ssl.provider = null
	ssl.secure.random.implementation = null
	ssl.trustmanager.algorithm = PKIX
	ssl.truststore.certificates = null
	ssl.truststore.location = null
	ssl.truststore.password = null
	ssl.truststore.type = JKS
	transaction.timeout.ms = 60000
	transactional.id = null
	value.serializer = class io.apicurio.registry.serde.avro.AvroKafkaSerializer

2025-07-31 17:00:48,737 INFO  [org.apa.kaf.com.tel.int.KafkaMetricsCollector] (main) initializing Kafka metrics collector
2025-07-31 17:00:48,742 INFO  [org.apa.kaf.cli.pro.KafkaProducer] (main) [Producer clientId=Producer-topic-d92a6083_af49_4a4f_a502_5c6d5cea0bc2] Instantiated an idempotent producer.
2025-07-31 17:00:48,746 INFO  [org.apa.kaf.cli.Metadata] (kafka-producer-network-thread | Producer-topic-ef47d6bd_b27b_407e_b97f_77521c619591) [Producer clientId=Producer-topic-ef47d6bd_b27b_407e_b97f_77521c619591] Cluster ID: JfHT16fFSb-b502x6d9TJg
2025-07-31 17:00:48,746 INFO  [org.apa.kaf.cli.pro.int.TransactionManager] (kafka-producer-network-thread | Producer-topic-ef47d6bd_b27b_407e_b97f_77521c619591) [Producer clientId=Producer-topic-ef47d6bd_b27b_407e_b97f_77521c619591] ProducerId set to 44 with epoch 0
2025-07-31 17:00:48,746 INFO  [org.apa.kaf.cli.pro.ProducerConfig] (main) These configurations '[apicurio.registry.url, apicurio.registry.artifact-resolver-strategy]' were supplied but are not used yet.
2025-07-31 17:00:48,746 INFO  [org.apa.kaf.com.uti.AppInfoParser] (main) Kafka version: 3.9.1
2025-07-31 17:00:48,747 INFO  [org.apa.kaf.com.uti.AppInfoParser] (main) Kafka commitId: f745dfdcee2b9851
2025-07-31 17:00:48,747 INFO  [org.apa.kaf.com.uti.AppInfoParser] (main) Kafka startTimeMs: 1753981248746
**** Registry Base URL: http://registry-app-inmemory.apps.ci419.apicurio-testing.org:80
2025-07-31 17:00:48,747 INFO  [org.apa.kaf.cli.con.ConsumerConfig] (main) ConsumerConfig values: 
	allow.auto.create.topics = true
	auto.commit.interval.ms = 500
	auto.include.jmx.reporter = true
	auto.offset.reset = earliest
	bootstrap.servers = [PLAINTEXT://localhost:32770]
	check.crcs = true
	client.dns.lookup = use_all_dns_ips
	client.id = consumer-Consumer-topic-f426e614_69b4_4603_b0de_4a066d457ff2-31
	client.rack = 
	connections.max.idle.ms = 10000
	default.api.timeout.ms = 60000
	enable.auto.commit = true
	enable.metrics.push = true
	exclude.internal.topics = true
	fetch.max.bytes = 52428800
	fetch.max.wait.ms = 500
	fetch.min.bytes = 1
	group.id = Consumer-topic-f426e614_69b4_4603_b0de_4a066d457ff2
	group.instance.id = null
	group.protocol = classic
	group.remote.assignor = null
	heartbeat.interval.ms = 3000
	interceptor.classes = []
	internal.leave.group.on.close = true
	internal.throw.on.fetch.stable.offset.unsupported = false
	isolation.level = read_uncommitted
	key.deserializer = class org.apache.kafka.common.serialization.StringDeserializer
	max.partition.fetch.bytes = 1048576
	max.poll.interval.ms = 300000
	max.poll.records = 500
	metadata.max.age.ms = 300000
	metadata.recovery.strategy = none
	metric.reporters = []
	metrics.num.samples = 2
	metrics.recording.level = INFO
	metrics.sample.window.ms = 30000
	partition.assignment.strategy = [class org.apache.kafka.clients.consumer.RangeAssignor, class org.apache.kafka.clients.consumer.CooperativeStickyAssignor]
	receive.buffer.bytes = 65536
	reconnect.backoff.max.ms = 1000
	reconnect.backoff.ms = 50
	request.timeout.ms = 5000
	retry.backoff.max.ms = 1000
	retry.backoff.ms = 100
	sasl.client.callback.handler.class = null
	sasl.jaas.config = null
	sasl.kerberos.kinit.cmd = /usr/bin/kinit
	sasl.kerberos.min.time.before.relogin = 60000
	sasl.kerberos.service.name = null
	sasl.kerberos.ticket.renew.jitter = 0.05
	sasl.kerberos.ticket.renew.window.factor = 0.8
	sasl.login.callback.handler.class = null
	sasl.login.class = null
	sasl.login.connect.timeout.ms = null
	sasl.login.read.timeout.ms = null
	sasl.login.refresh.buffer.seconds = 300
	sasl.login.refresh.min.period.seconds = 60
	sasl.login.refresh.window.factor = 0.8
	sasl.login.refresh.window.jitter = 0.05
	sasl.login.retry.backoff.max.ms = 10000
	sasl.login.retry.backoff.ms = 100
	sasl.mechanism = GSSAPI
	sasl.oauthbearer.clock.skew.seconds = 30
	sasl.oauthbearer.expected.audience = null
	sasl.oauthbearer.expected.issuer = null
	sasl.oauthbearer.header.urlencode = false
	sasl.oauthbearer.jwks.endpoint.refresh.ms = 3600000
	sasl.oauthbearer.jwks.endpoint.retry.backoff.max.ms = 10000
	sasl.oauthbearer.jwks.endpoint.retry.backoff.ms = 100
	sasl.oauthbearer.jwks.endpoint.url = null
	sasl.oauthbearer.scope.claim.name = scope
	sasl.oauthbearer.sub.claim.name = sub
	sasl.oauthbearer.token.endpoint.url = null
	security.protocol = PLAINTEXT
	security.providers = null
	send.buffer.bytes = 131072
	session.timeout.ms = 45000
	socket.connection.setup.timeout.max.ms = 30000
	socket.connection.setup.timeout.ms = 10000
	ssl.cipher.suites = null
	ssl.enabled.protocols = [TLSv1.2, TLSv1.3]
	ssl.endpoint.identification.algorithm = https
	ssl.engine.factory.class = null
	ssl.key.password = null
	ssl.keymanager.algorithm = SunX509
	ssl.keystore.certificate.chain = null
	ssl.keystore.key = null
	ssl.keystore.location = null
	ssl.keystore.password = null
	ssl.keystore.type = JKS
	ssl.protocol = TLSv1.3
	ssl.provider = null
	ssl.secure.random.implementation = null
	ssl.trustmanager.algorithm = PKIX
	ssl.truststore.certificates = null
	ssl.truststore.location = null
	ssl.truststore.password = null
	ssl.truststore.type = JKS
	value.deserializer = class io.apicurio.registry.serde.avro.AvroKafkaDeserializer

2025-07-31 17:00:48,747 INFO  [org.apa.kaf.com.tel.int.KafkaMetricsCollector] (main) initializing Kafka metrics collector
2025-07-31 17:00:48,750 INFO  [org.apa.kaf.cli.Metadata] (kafka-producer-network-thread | Producer-topic-d92a6083_af49_4a4f_a502_5c6d5cea0bc2) [Producer clientId=Producer-topic-d92a6083_af49_4a4f_a502_5c6d5cea0bc2] Cluster ID: JfHT16fFSb-b502x6d9TJg
2025-07-31 17:00:48,750 INFO  [org.apa.kaf.cli.pro.int.TransactionManager] (kafka-producer-network-thread | Producer-topic-d92a6083_af49_4a4f_a502_5c6d5cea0bc2) [Producer clientId=Producer-topic-d92a6083_af49_4a4f_a502_5c6d5cea0bc2] ProducerId set to 45 with epoch 0
2025-07-31 17:00:48,754 INFO  [org.apa.kaf.cli.con.ConsumerConfig] (main) These configurations '[apicurio.registry.url]' were supplied but are not used yet.
2025-07-31 17:00:48,754 INFO  [org.apa.kaf.com.uti.AppInfoParser] (main) Kafka version: 3.9.1
2025-07-31 17:00:48,754 INFO  [org.apa.kaf.com.uti.AppInfoParser] (main) Kafka commitId: f745dfdcee2b9851
2025-07-31 17:00:48,754 INFO  [org.apa.kaf.com.uti.AppInfoParser] (main) Kafka startTimeMs: 1753981248754
**** Registry Base URL: http://registry-app-inmemory.apps.ci419.apicurio-testing.org:80
2025-07-31 17:00:48,754 INFO  [org.apa.kaf.cli.con.ConsumerConfig] (main) ConsumerConfig values: 
	allow.auto.create.topics = true
	auto.commit.interval.ms = 500
	auto.include.jmx.reporter = true
	auto.offset.reset = earliest
	bootstrap.servers = [PLAINTEXT://localhost:32770]
	check.crcs = true
	client.dns.lookup = use_all_dns_ips
	client.id = consumer-Consumer-topic-ef47d6bd_b27b_407e_b97f_77521c619591-32
	client.rack = 
	connections.max.idle.ms = 10000
	default.api.timeout.ms = 60000
	enable.auto.commit = true
	enable.metrics.push = true
	exclude.internal.topics = true
	fetch.max.bytes = 52428800
	fetch.max.wait.ms = 500
	fetch.min.bytes = 1
	group.id = Consumer-topic-ef47d6bd_b27b_407e_b97f_77521c619591
	group.instance.id = null
	group.protocol = classic
	group.remote.assignor = null
	heartbeat.interval.ms = 3000
	interceptor.classes = []
	internal.leave.group.on.close = true
	internal.throw.on.fetch.stable.offset.unsupported = false
	isolation.level = read_uncommitted
	key.deserializer = class org.apache.kafka.common.serialization.StringDeserializer
	max.partition.fetch.bytes = 1048576
	max.poll.interval.ms = 300000
	max.poll.records = 500
	metadata.max.age.ms = 300000
	metadata.recovery.strategy = none
	metric.reporters = []
	metrics.num.samples = 2
	metrics.recording.level = INFO
	metrics.sample.window.ms = 30000
	partition.assignment.strategy = [class org.apache.kafka.clients.consumer.RangeAssignor, class org.apache.kafka.clients.consumer.CooperativeStickyAssignor]
	receive.buffer.bytes = 65536
	reconnect.backoff.max.ms = 1000
	reconnect.backoff.ms = 50
	request.timeout.ms = 5000
	retry.backoff.max.ms = 1000
	retry.backoff.ms = 100
	sasl.client.callback.handler.class = null
	sasl.jaas.config = null
	sasl.kerberos.kinit.cmd = /usr/bin/kinit
	sasl.kerberos.min.time.before.relogin = 60000
	sasl.kerberos.service.name = null
	sasl.kerberos.ticket.renew.jitter = 0.05
	sasl.kerberos.ticket.renew.window.factor = 0.8
	sasl.login.callback.handler.class = null
	sasl.login.class = null
	sasl.login.connect.timeout.ms = null
	sasl.login.read.timeout.ms = null
	sasl.login.refresh.buffer.seconds = 300
	sasl.login.refresh.min.period.seconds = 60
	sasl.login.refresh.window.factor = 0.8
	sasl.login.refresh.window.jitter = 0.05
	sasl.login.retry.backoff.max.ms = 10000
	sasl.login.retry.backoff.ms = 100
	sasl.mechanism = GSSAPI
	sasl.oauthbearer.clock.skew.seconds = 30
	sasl.oauthbearer.expected.audience = null
	sasl.oauthbearer.expected.issuer = null
	sasl.oauthbearer.header.urlencode = false
	sasl.oauthbearer.jwks.endpoint.refresh.ms = 3600000
	sasl.oauthbearer.jwks.endpoint.retry.backoff.max.ms = 10000
	sasl.oauthbearer.jwks.endpoint.retry.backoff.ms = 100
	sasl.oauthbearer.jwks.endpoint.url = null
	sasl.oauthbearer.scope.claim.name = scope
	sasl.oauthbearer.sub.claim.name = sub
	sasl.oauthbearer.token.endpoint.url = null
	security.protocol = PLAINTEXT
	security.providers = null
	send.buffer.bytes = 131072
	session.timeout.ms = 45000
	socket.connection.setup.timeout.max.ms = 30000
	socket.connection.setup.timeout.ms = 10000
	ssl.cipher.suites = null
	ssl.enabled.protocols = [TLSv1.2, TLSv1.3]
	ssl.endpoint.identification.algorithm = https
	ssl.engine.factory.class = null
	ssl.key.password = null
	ssl.keymanager.algorithm = SunX509
	ssl.keystore.certificate.chain = null
	ssl.keystore.key = null
	ssl.keystore.location = null
	ssl.keystore.password = null
	ssl.keystore.type = JKS
	ssl.protocol = TLSv1.3
	ssl.provider = null
	ssl.secure.random.implementation = null
	ssl.trustmanager.algorithm = PKIX
	ssl.truststore.certificates = null
	ssl.truststore.location = null
	ssl.truststore.password = null
	ssl.truststore.type = JKS
	value.deserializer = class io.apicurio.registry.serde.avro.AvroKafkaDeserializer

2025-07-31 17:00:48,755 INFO  [org.apa.kaf.com.tel.int.KafkaMetricsCollector] (main) initializing Kafka metrics collector
2025-07-31 17:00:48,760 INFO  [org.apa.kaf.cli.con.ConsumerConfig] (main) These configurations '[apicurio.registry.url]' were supplied but are not used yet.
2025-07-31 17:00:48,760 INFO  [org.apa.kaf.com.uti.AppInfoParser] (main) Kafka version: 3.9.1
2025-07-31 17:00:48,760 INFO  [org.apa.kaf.com.uti.AppInfoParser] (main) Kafka commitId: f745dfdcee2b9851
2025-07-31 17:00:48,760 INFO  [org.apa.kaf.com.uti.AppInfoParser] (main) Kafka startTimeMs: 1753981248760
**** Registry Base URL: http://registry-app-inmemory.apps.ci419.apicurio-testing.org:80
2025-07-31 17:00:48,760 INFO  [org.apa.kaf.cli.con.ConsumerConfig] (main) ConsumerConfig values: 
	allow.auto.create.topics = true
	auto.commit.interval.ms = 500
	auto.include.jmx.reporter = true
	auto.offset.reset = earliest
	bootstrap.servers = [PLAINTEXT://localhost:32770]
	check.crcs = true
	client.dns.lookup = use_all_dns_ips
	client.id = consumer-Consumer-topic-d92a6083_af49_4a4f_a502_5c6d5cea0bc2-33
	client.rack = 
	connections.max.idle.ms = 10000
	default.api.timeout.ms = 60000
	enable.auto.commit = true
	enable.metrics.push = true
	exclude.internal.topics = true
	fetch.max.bytes = 52428800
	fetch.max.wait.ms = 500
	fetch.min.bytes = 1
	group.id = Consumer-topic-d92a6083_af49_4a4f_a502_5c6d5cea0bc2
	group.instance.id = null
	group.protocol = classic
	group.remote.assignor = null
	heartbeat.interval.ms = 3000
	interceptor.classes = []
	internal.leave.group.on.close = true
	internal.throw.on.fetch.stable.offset.unsupported = false
	isolation.level = read_uncommitted
	key.deserializer = class org.apache.kafka.common.serialization.StringDeserializer
	max.partition.fetch.bytes = 1048576
	max.poll.interval.ms = 300000
	max.poll.records = 500
	metadata.max.age.ms = 300000
	metadata.recovery.strategy = none
	metric.reporters = []
	metrics.num.samples = 2
	metrics.recording.level = INFO
	metrics.sample.window.ms = 30000
	partition.assignment.strategy = [class org.apache.kafka.clients.consumer.RangeAssignor, class org.apache.kafka.clients.consumer.CooperativeStickyAssignor]
	receive.buffer.bytes = 65536
	reconnect.backoff.max.ms = 1000
	reconnect.backoff.ms = 50
	request.timeout.ms = 5000
	retry.backoff.max.ms = 1000
	retry.backoff.ms = 100
	sasl.client.callback.handler.class = null
	sasl.jaas.config = null
	sasl.kerberos.kinit.cmd = /usr/bin/kinit
	sasl.kerberos.min.time.before.relogin = 60000
	sasl.kerberos.service.name = null
	sasl.kerberos.ticket.renew.jitter = 0.05
	sasl.kerberos.ticket.renew.window.factor = 0.8
	sasl.login.callback.handler.class = null
	sasl.login.class = null
	sasl.login.connect.timeout.ms = null
	sasl.login.read.timeout.ms = null
	sasl.login.refresh.buffer.seconds = 300
	sasl.login.refresh.min.period.seconds = 60
	sasl.login.refresh.window.factor = 0.8
	sasl.login.refresh.window.jitter = 0.05
	sasl.login.retry.backoff.max.ms = 10000
	sasl.login.retry.backoff.ms = 100
	sasl.mechanism = GSSAPI
	sasl.oauthbearer.clock.skew.seconds = 30
	sasl.oauthbearer.expected.audience = null
	sasl.oauthbearer.expected.issuer = null
	sasl.oauthbearer.header.urlencode = false
	sasl.oauthbearer.jwks.endpoint.refresh.ms = 3600000
	sasl.oauthbearer.jwks.endpoint.retry.backoff.max.ms = 10000
	sasl.oauthbearer.jwks.endpoint.retry.backoff.ms = 100
	sasl.oauthbearer.jwks.endpoint.url = null
	sasl.oauthbearer.scope.claim.name = scope
	sasl.oauthbearer.sub.claim.name = sub
	sasl.oauthbearer.token.endpoint.url = null
	security.protocol = PLAINTEXT
	security.providers = null
	send.buffer.bytes = 131072
	session.timeout.ms = 45000
	socket.connection.setup.timeout.max.ms = 30000
	socket.connection.setup.timeout.ms = 10000
	ssl.cipher.suites = null
	ssl.enabled.protocols = [TLSv1.2, TLSv1.3]
	ssl.endpoint.identification.algorithm = https
	ssl.engine.factory.class = null
	ssl.key.password = null
	ssl.keymanager.algorithm = SunX509
	ssl.keystore.certificate.chain = null
	ssl.keystore.key = null
	ssl.keystore.location = null
	ssl.keystore.password = null
	ssl.keystore.type = JKS
	ssl.protocol = TLSv1.3
	ssl.provider = null
	ssl.secure.random.implementation = null
	ssl.trustmanager.algorithm = PKIX
	ssl.truststore.certificates = null
	ssl.truststore.location = null
	ssl.truststore.password = null
	ssl.truststore.type = JKS
	value.deserializer = class io.apicurio.registry.serde.avro.AvroKafkaDeserializer

2025-07-31 17:00:48,760 INFO  [org.apa.kaf.com.tel.int.KafkaMetricsCollector] (main) initializing Kafka metrics collector
2025-07-31 17:00:48,765 INFO  [org.apa.kaf.cli.con.ConsumerConfig] (main) These configurations '[apicurio.registry.url]' were supplied but are not used yet.
2025-07-31 17:00:48,765 INFO  [org.apa.kaf.com.uti.AppInfoParser] (main) Kafka version: 3.9.1
2025-07-31 17:00:48,765 INFO  [org.apa.kaf.com.uti.AppInfoParser] (main) Kafka commitId: f745dfdcee2b9851
2025-07-31 17:00:48,765 INFO  [org.apa.kaf.com.uti.AppInfoParser] (main) Kafka startTimeMs: 1753981248765
2025-07-31 17:00:48,766 INFO  [io.api.tes.ser.api.KafkaSerdesTester] (Thread-844) Sending message {"key1": "value-0"} to topic topic-f426e614_69b4_4603_b0de_4a066d457ff2
2025-07-31 17:00:48,767 INFO  [DefaultSchemaResolver] (Thread-844) Retrieving schema content using string: {"type":"record","name":"myrecordconfluent6","fields":[{"name":"key1","type":"string"}]}
2025-07-31 17:00:48,819 INFO  [io.api.tes.ser.api.KafkaSerdesTester] (Thread-844) Sending message {"key1": "value-1"} to topic topic-f426e614_69b4_4603_b0de_4a066d457ff2
2025-07-31 17:00:48,821 INFO  [io.api.tes.ser.api.KafkaSerdesTester] (Thread-844) Sending message {"key1": "value-2"} to topic topic-f426e614_69b4_4603_b0de_4a066d457ff2
2025-07-31 17:00:48,822 INFO  [io.api.tes.ser.api.KafkaSerdesTester] (Thread-844) Sending message {"key1": "value-3"} to topic topic-f426e614_69b4_4603_b0de_4a066d457ff2
2025-07-31 17:00:48,822 INFO  [io.api.tes.ser.api.KafkaSerdesTester] (Thread-844) Sending message {"key1": "value-4"} to topic topic-f426e614_69b4_4603_b0de_4a066d457ff2
2025-07-31 17:00:48,823 INFO  [io.api.tes.ser.api.KafkaSerdesTester] (Thread-844) Sending message {"key1": "value-5"} to topic topic-f426e614_69b4_4603_b0de_4a066d457ff2
2025-07-31 17:00:48,824 INFO  [io.api.tes.ser.api.KafkaSerdesTester] (Thread-844) Sending message {"key1": "value-6"} to topic topic-f426e614_69b4_4603_b0de_4a066d457ff2
2025-07-31 17:00:48,825 INFO  [io.api.tes.ser.api.KafkaSerdesTester] (Thread-844) Sending message {"key1": "value-7"} to topic topic-f426e614_69b4_4603_b0de_4a066d457ff2
2025-07-31 17:00:48,826 INFO  [io.api.tes.ser.api.KafkaSerdesTester] (Thread-844) Sending message {"key1": "value-8"} to topic topic-f426e614_69b4_4603_b0de_4a066d457ff2
2025-07-31 17:00:48,827 INFO  [io.api.tes.ser.api.KafkaSerdesTester] (Thread-844) Sending message {"key1": "value-9"} to topic topic-f426e614_69b4_4603_b0de_4a066d457ff2
2025-07-31 17:00:48,829 INFO  [io.api.tes.ser.api.KafkaSerdesTester] (Thread-844) Produced 10 messages
2025-07-31 17:00:48,829 INFO  [org.apa.kaf.cli.pro.KafkaProducer] (Thread-844) [Producer clientId=Producer-topic-f426e614_69b4_4603_b0de_4a066d457ff2] Closing the Kafka producer with timeoutMillis = 9223372036854775807 ms.
2025-07-31 17:00:48,832 INFO  [org.apa.kaf.com.met.Metrics] (Thread-844) Metrics scheduler closed
2025-07-31 17:00:48,832 INFO  [org.apa.kaf.com.met.Metrics] (Thread-844) Closing reporter org.apache.kafka.common.metrics.JmxReporter
2025-07-31 17:00:48,832 INFO  [org.apa.kaf.com.met.Metrics] (Thread-844) Closing reporter org.apache.kafka.common.telemetry.internals.ClientTelemetryReporter
2025-07-31 17:00:48,832 INFO  [org.apa.kaf.com.met.Metrics] (Thread-844) Metrics reporters closed
2025-07-31 17:00:48,832 INFO  [org.apa.kaf.com.uti.AppInfoParser] (Thread-844) App info kafka.producer for Producer-topic-f426e614_69b4_4603_b0de_4a066d457ff2 unregistered
2025-07-31 17:00:48,836 INFO  [io.api.tes.ser.api.KafkaSerdesTester] (Thread-845) Sending message {"key1": "value-0"} to topic topic-ef47d6bd_b27b_407e_b97f_77521c619591
2025-07-31 17:00:48,843 INFO  [DefaultSchemaResolver] (Thread-845) Retrieving schema content using string: {"type":"record","name":"myrecordconfluent6","fields":[{"name":"key1","type":"string"}]}
2025-07-31 17:00:48,894 INFO  [io.api.tes.ser.api.KafkaSerdesTester] (Thread-845) Sending message {"key1": "value-1"} to topic topic-ef47d6bd_b27b_407e_b97f_77521c619591
2025-07-31 17:00:48,896 INFO  [io.api.tes.ser.api.KafkaSerdesTester] (Thread-845) Sending message {"key1": "value-2"} to topic topic-ef47d6bd_b27b_407e_b97f_77521c619591
2025-07-31 17:00:48,897 INFO  [io.api.tes.ser.api.KafkaSerdesTester] (Thread-845) Sending message {"key1": "value-3"} to topic topic-ef47d6bd_b27b_407e_b97f_77521c619591
2025-07-31 17:00:48,898 INFO  [io.api.tes.ser.api.KafkaSerdesTester] (Thread-845) Sending message {"key1": "value-4"} to topic topic-ef47d6bd_b27b_407e_b97f_77521c619591
2025-07-31 17:00:48,899 INFO  [io.api.tes.ser.api.KafkaSerdesTester] (Thread-845) Sending message {"key1": "value-5"} to topic topic-ef47d6bd_b27b_407e_b97f_77521c619591
2025-07-31 17:00:48,900 INFO  [io.api.tes.ser.api.KafkaSerdesTester] (Thread-845) Sending message {"key1": "value-6"} to topic topic-ef47d6bd_b27b_407e_b97f_77521c619591
2025-07-31 17:00:48,903 INFO  [io.api.tes.ser.api.KafkaSerdesTester] (Thread-845) Sending message {"key1": "value-7"} to topic topic-ef47d6bd_b27b_407e_b97f_77521c619591
2025-07-31 17:00:48,905 INFO  [io.api.tes.ser.api.KafkaSerdesTester] (Thread-845) Sending message {"key1": "value-8"} to topic topic-ef47d6bd_b27b_407e_b97f_77521c619591
2025-07-31 17:00:48,906 INFO  [io.api.tes.ser.api.KafkaSerdesTester] (Thread-845) Sending message {"key1": "value-9"} to topic topic-ef47d6bd_b27b_407e_b97f_77521c619591
2025-07-31 17:00:48,908 INFO  [io.api.tes.ser.api.KafkaSerdesTester] (Thread-845) Produced 10 messages
2025-07-31 17:00:48,908 INFO  [org.apa.kaf.cli.pro.KafkaProducer] (Thread-845) [Producer clientId=Producer-topic-ef47d6bd_b27b_407e_b97f_77521c619591] Closing the Kafka producer with timeoutMillis = 9223372036854775807 ms.
2025-07-31 17:00:48,910 INFO  [org.apa.kaf.com.met.Metrics] (Thread-845) Metrics scheduler closed
2025-07-31 17:00:48,910 INFO  [org.apa.kaf.com.met.Metrics] (Thread-845) Closing reporter org.apache.kafka.common.metrics.JmxReporter
2025-07-31 17:00:48,910 INFO  [org.apa.kaf.com.met.Metrics] (Thread-845) Closing reporter org.apache.kafka.common.telemetry.internals.ClientTelemetryReporter
2025-07-31 17:00:48,910 INFO  [org.apa.kaf.com.met.Metrics] (Thread-845) Metrics reporters closed
2025-07-31 17:00:48,910 INFO  [org.apa.kaf.com.uti.AppInfoParser] (Thread-845) App info kafka.producer for Producer-topic-ef47d6bd_b27b_407e_b97f_77521c619591 unregistered
2025-07-31 17:00:48,911 INFO  [io.api.tes.ser.api.KafkaSerdesTester] (Thread-846) Sending message {"key1": "value-0"} to topic topic-d92a6083_af49_4a4f_a502_5c6d5cea0bc2
2025-07-31 17:00:48,918 INFO  [DefaultSchemaResolver] (Thread-846) Retrieving schema content using string: {"type":"record","name":"myrecordconfluent6","fields":[{"name":"key1","type":"string"}]}
2025-07-31 17:00:48,977 INFO  [io.api.tes.ser.api.KafkaSerdesTester] (Thread-846) Sending message {"key1": "value-1"} to topic topic-d92a6083_af49_4a4f_a502_5c6d5cea0bc2
2025-07-31 17:00:48,979 INFO  [io.api.tes.ser.api.KafkaSerdesTester] (Thread-846) Sending message {"key1": "value-2"} to topic topic-d92a6083_af49_4a4f_a502_5c6d5cea0bc2
2025-07-31 17:00:48,980 INFO  [io.api.tes.ser.api.KafkaSerdesTester] (Thread-846) Sending message {"key1": "value-3"} to topic topic-d92a6083_af49_4a4f_a502_5c6d5cea0bc2
2025-07-31 17:00:48,981 INFO  [io.api.tes.ser.api.KafkaSerdesTester] (Thread-846) Sending message {"key1": "value-4"} to topic topic-d92a6083_af49_4a4f_a502_5c6d5cea0bc2
2025-07-31 17:00:48,982 INFO  [io.api.tes.ser.api.KafkaSerdesTester] (Thread-846) Sending message {"key1": "value-5"} to topic topic-d92a6083_af49_4a4f_a502_5c6d5cea0bc2
2025-07-31 17:00:48,984 INFO  [io.api.tes.ser.api.KafkaSerdesTester] (Thread-846) Sending message {"key1": "value-6"} to topic topic-d92a6083_af49_4a4f_a502_5c6d5cea0bc2
2025-07-31 17:00:48,985 INFO  [io.api.tes.ser.api.KafkaSerdesTester] (Thread-846) Sending message {"key1": "value-7"} to topic topic-d92a6083_af49_4a4f_a502_5c6d5cea0bc2
2025-07-31 17:00:48,986 INFO  [io.api.tes.ser.api.KafkaSerdesTester] (Thread-846) Sending message {"key1": "value-8"} to topic topic-d92a6083_af49_4a4f_a502_5c6d5cea0bc2
2025-07-31 17:00:48,987 INFO  [io.api.tes.ser.api.KafkaSerdesTester] (Thread-846) Sending message {"key1": "value-9"} to topic topic-d92a6083_af49_4a4f_a502_5c6d5cea0bc2
2025-07-31 17:00:48,988 INFO  [io.api.tes.ser.api.KafkaSerdesTester] (Thread-846) Produced 10 messages
2025-07-31 17:00:48,988 INFO  [org.apa.kaf.cli.pro.KafkaProducer] (Thread-846) [Producer clientId=Producer-topic-d92a6083_af49_4a4f_a502_5c6d5cea0bc2] Closing the Kafka producer with timeoutMillis = 9223372036854775807 ms.
2025-07-31 17:00:48,991 INFO  [org.apa.kaf.com.met.Metrics] (Thread-846) Metrics scheduler closed
2025-07-31 17:00:48,991 INFO  [org.apa.kaf.com.met.Metrics] (Thread-846) Closing reporter org.apache.kafka.common.metrics.JmxReporter
2025-07-31 17:00:48,991 INFO  [org.apa.kaf.com.met.Metrics] (Thread-846) Closing reporter org.apache.kafka.common.telemetry.internals.ClientTelemetryReporter
2025-07-31 17:00:48,991 INFO  [org.apa.kaf.com.met.Metrics] (Thread-846) Metrics reporters closed
2025-07-31 17:00:48,992 INFO  [org.apa.kaf.com.uti.AppInfoParser] (Thread-846) App info kafka.producer for Producer-topic-d92a6083_af49_4a4f_a502_5c6d5cea0bc2 unregistered
2025-07-31 17:00:48,993 INFO  [org.apa.kaf.cli.con.int.ClassicKafkaConsumer] (Thread-847) [Consumer clientId=consumer-Consumer-topic-f426e614_69b4_4603_b0de_4a066d457ff2-31, groupId=Consumer-topic-f426e614_69b4_4603_b0de_4a066d457ff2] Subscribed to topic(s): topic-f426e614_69b4_4603_b0de_4a066d457ff2
2025-07-31 17:00:48,998 INFO  [org.apa.kaf.cli.Metadata] (Thread-847) [Consumer clientId=consumer-Consumer-topic-f426e614_69b4_4603_b0de_4a066d457ff2-31, groupId=Consumer-topic-f426e614_69b4_4603_b0de_4a066d457ff2] Cluster ID: JfHT16fFSb-b502x6d9TJg
2025-07-31 17:00:49,000 INFO  [org.apa.kaf.cli.con.int.ConsumerCoordinator] (Thread-847) [Consumer clientId=consumer-Consumer-topic-f426e614_69b4_4603_b0de_4a066d457ff2-31, groupId=Consumer-topic-f426e614_69b4_4603_b0de_4a066d457ff2] Discovered group coordinator localhost:32770 (id: 2147483647 rack: null)
2025-07-31 17:00:49,004 INFO  [org.apa.kaf.cli.con.int.ConsumerCoordinator] (Thread-847) [Consumer clientId=consumer-Consumer-topic-f426e614_69b4_4603_b0de_4a066d457ff2-31, groupId=Consumer-topic-f426e614_69b4_4603_b0de_4a066d457ff2] (Re-)joining group
2025-07-31 17:00:49,008 INFO  [org.apa.kaf.cli.con.int.ConsumerCoordinator] (Thread-847) [Consumer clientId=consumer-Consumer-topic-f426e614_69b4_4603_b0de_4a066d457ff2-31, groupId=Consumer-topic-f426e614_69b4_4603_b0de_4a066d457ff2] Request joining group due to: need to re-join with the given member-id: consumer-Consumer-topic-f426e614_69b4_4603_b0de_4a066d457ff2-31-b0ad390d-2806-4bea-95d4-5dedc2a7a7cf
2025-07-31 17:00:49,008 INFO  [org.apa.kaf.cli.con.int.ConsumerCoordinator] (Thread-847) [Consumer clientId=consumer-Consumer-topic-f426e614_69b4_4603_b0de_4a066d457ff2-31, groupId=Consumer-topic-f426e614_69b4_4603_b0de_4a066d457ff2] (Re-)joining group
2025-07-31 17:00:49,010 INFO  [org.apa.kaf.cli.con.int.ConsumerCoordinator] (Thread-847) [Consumer clientId=consumer-Consumer-topic-f426e614_69b4_4603_b0de_4a066d457ff2-31, groupId=Consumer-topic-f426e614_69b4_4603_b0de_4a066d457ff2] Successfully joined group with generation Generation{generationId=1, memberId='consumer-Consumer-topic-f426e614_69b4_4603_b0de_4a066d457ff2-31-b0ad390d-2806-4bea-95d4-5dedc2a7a7cf', protocol='range'}
2025-07-31 17:00:49,010 INFO  [org.apa.kaf.cli.con.int.ConsumerCoordinator] (Thread-847) [Consumer clientId=consumer-Consumer-topic-f426e614_69b4_4603_b0de_4a066d457ff2-31, groupId=Consumer-topic-f426e614_69b4_4603_b0de_4a066d457ff2] Finished assignment for group at generation 1: {consumer-Consumer-topic-f426e614_69b4_4603_b0de_4a066d457ff2-31-b0ad390d-2806-4bea-95d4-5dedc2a7a7cf=Assignment(partitions=[topic-f426e614_69b4_4603_b0de_4a066d457ff2-0])}
2025-07-31 17:00:49,013 INFO  [org.apa.kaf.cli.con.int.ConsumerCoordinator] (Thread-847) [Consumer clientId=consumer-Consumer-topic-f426e614_69b4_4603_b0de_4a066d457ff2-31, groupId=Consumer-topic-f426e614_69b4_4603_b0de_4a066d457ff2] Successfully synced group in generation Generation{generationId=1, memberId='consumer-Consumer-topic-f426e614_69b4_4603_b0de_4a066d457ff2-31-b0ad390d-2806-4bea-95d4-5dedc2a7a7cf', protocol='range'}
2025-07-31 17:00:49,014 INFO  [org.apa.kaf.cli.con.int.ConsumerCoordinator] (Thread-847) [Consumer clientId=consumer-Consumer-topic-f426e614_69b4_4603_b0de_4a066d457ff2-31, groupId=Consumer-topic-f426e614_69b4_4603_b0de_4a066d457ff2] Notifying assignor about the new Assignment(partitions=[topic-f426e614_69b4_4603_b0de_4a066d457ff2-0])
2025-07-31 17:00:49,014 INFO  [org.apa.kaf.cli.con.int.ConsumerRebalanceListenerInvoker] (Thread-847) [Consumer clientId=consumer-Consumer-topic-f426e614_69b4_4603_b0de_4a066d457ff2-31, groupId=Consumer-topic-f426e614_69b4_4603_b0de_4a066d457ff2] Adding newly assigned partitions: topic-f426e614_69b4_4603_b0de_4a066d457ff2-0
2025-07-31 17:00:49,014 INFO  [org.apa.kaf.cli.con.int.ConsumerCoordinator] (Thread-847) [Consumer clientId=consumer-Consumer-topic-f426e614_69b4_4603_b0de_4a066d457ff2-31, groupId=Consumer-topic-f426e614_69b4_4603_b0de_4a066d457ff2] Found no committed offset for partition topic-f426e614_69b4_4603_b0de_4a066d457ff2-0
2025-07-31 17:00:49,015 INFO  [org.apa.kaf.cli.con.int.SubscriptionState] (Thread-847) [Consumer clientId=consumer-Consumer-topic-f426e614_69b4_4603_b0de_4a066d457ff2-31, groupId=Consumer-topic-f426e614_69b4_4603_b0de_4a066d457ff2] Resetting offset for partition topic-f426e614_69b4_4603_b0de_4a066d457ff2-0 to position FetchPosition{offset=0, offsetEpoch=Optional.empty, currentLeader=LeaderAndEpoch{leader=Optional[localhost:32770 (id: 0 rack: null)], epoch=0}}.
2025-07-31 17:00:49,102 INFO  [io.api.tes.ser.api.KafkaSerdesTester] (Thread-847) topic-f426e614_69b4_4603_b0de_4a066d457ff2 0 0 {"key1": "value-0"}
2025-07-31 17:00:49,102 INFO  [io.api.tes.ser.api.KafkaSerdesTester] (Thread-847) topic-f426e614_69b4_4603_b0de_4a066d457ff2 0 1 {"key1": "value-1"}
2025-07-31 17:00:49,102 INFO  [io.api.tes.ser.api.KafkaSerdesTester] (Thread-847) topic-f426e614_69b4_4603_b0de_4a066d457ff2 0 2 {"key1": "value-2"}
2025-07-31 17:00:49,102 INFO  [io.api.tes.ser.api.KafkaSerdesTester] (Thread-847) topic-f426e614_69b4_4603_b0de_4a066d457ff2 0 3 {"key1": "value-3"}
2025-07-31 17:00:49,102 INFO  [io.api.tes.ser.api.KafkaSerdesTester] (Thread-847) topic-f426e614_69b4_4603_b0de_4a066d457ff2 0 4 {"key1": "value-4"}
2025-07-31 17:00:49,102 INFO  [io.api.tes.ser.api.KafkaSerdesTester] (Thread-847) topic-f426e614_69b4_4603_b0de_4a066d457ff2 0 5 {"key1": "value-5"}
2025-07-31 17:00:49,102 INFO  [io.api.tes.ser.api.KafkaSerdesTester] (Thread-847) topic-f426e614_69b4_4603_b0de_4a066d457ff2 0 6 {"key1": "value-6"}
2025-07-31 17:00:49,102 INFO  [io.api.tes.ser.api.KafkaSerdesTester] (Thread-847) topic-f426e614_69b4_4603_b0de_4a066d457ff2 0 7 {"key1": "value-7"}
2025-07-31 17:00:49,103 INFO  [io.api.tes.ser.api.KafkaSerdesTester] (Thread-847) topic-f426e614_69b4_4603_b0de_4a066d457ff2 0 8 {"key1": "value-8"}
2025-07-31 17:00:49,103 INFO  [io.api.tes.ser.api.KafkaSerdesTester] (Thread-847) topic-f426e614_69b4_4603_b0de_4a066d457ff2 0 9 {"key1": "value-9"}
2025-07-31 17:00:49,103 INFO  [io.api.tes.ser.api.KafkaSerdesTester] (Thread-847) Consumed 10 messages
2025-07-31 17:00:49,105 INFO  [org.apa.kaf.cli.con.int.ConsumerRebalanceListenerInvoker] (Thread-847) [Consumer clientId=consumer-Consumer-topic-f426e614_69b4_4603_b0de_4a066d457ff2-31, groupId=Consumer-topic-f426e614_69b4_4603_b0de_4a066d457ff2] Revoke previously assigned partitions topic-f426e614_69b4_4603_b0de_4a066d457ff2-0
2025-07-31 17:00:49,105 INFO  [org.apa.kaf.cli.con.int.ConsumerCoordinator] (Thread-847) [Consumer clientId=consumer-Consumer-topic-f426e614_69b4_4603_b0de_4a066d457ff2-31, groupId=Consumer-topic-f426e614_69b4_4603_b0de_4a066d457ff2] Member consumer-Consumer-topic-f426e614_69b4_4603_b0de_4a066d457ff2-31-b0ad390d-2806-4bea-95d4-5dedc2a7a7cf sending LeaveGroup request to coordinator localhost:32770 (id: 2147483647 rack: null) due to the consumer is being closed
2025-07-31 17:00:49,105 INFO  [org.apa.kaf.cli.con.int.ConsumerCoordinator] (Thread-847) [Consumer clientId=consumer-Consumer-topic-f426e614_69b4_4603_b0de_4a066d457ff2-31, groupId=Consumer-topic-f426e614_69b4_4603_b0de_4a066d457ff2] Resetting generation and member id due to: consumer pro-actively leaving the group
2025-07-31 17:00:49,105 INFO  [org.apa.kaf.cli.con.int.ConsumerCoordinator] (Thread-847) [Consumer clientId=consumer-Consumer-topic-f426e614_69b4_4603_b0de_4a066d457ff2-31, groupId=Consumer-topic-f426e614_69b4_4603_b0de_4a066d457ff2] Request joining group due to: consumer pro-actively leaving the group
2025-07-31 17:00:49,605 INFO  [org.apa.kaf.com.met.Metrics] (Thread-847) Metrics scheduler closed
2025-07-31 17:00:49,606 INFO  [org.apa.kaf.com.met.Metrics] (Thread-847) Closing reporter org.apache.kafka.common.metrics.JmxReporter
2025-07-31 17:00:49,606 INFO  [org.apa.kaf.com.met.Metrics] (Thread-847) Closing reporter org.apache.kafka.common.telemetry.internals.ClientTelemetryReporter
2025-07-31 17:00:49,606 INFO  [org.apa.kaf.com.met.Metrics] (Thread-847) Metrics reporters closed
2025-07-31 17:00:49,607 INFO  [org.apa.kaf.com.uti.AppInfoParser] (Thread-847) App info kafka.consumer for consumer-Consumer-topic-f426e614_69b4_4603_b0de_4a066d457ff2-31 unregistered
2025-07-31 17:00:49,617 INFO  [org.apa.kaf.cli.con.int.ClassicKafkaConsumer] (Thread-848) [Consumer clientId=consumer-Consumer-topic-ef47d6bd_b27b_407e_b97f_77521c619591-32, groupId=Consumer-topic-ef47d6bd_b27b_407e_b97f_77521c619591] Subscribed to topic(s): topic-ef47d6bd_b27b_407e_b97f_77521c619591
2025-07-31 17:00:49,625 INFO  [org.apa.kaf.cli.Metadata] (Thread-848) [Consumer clientId=consumer-Consumer-topic-ef47d6bd_b27b_407e_b97f_77521c619591-32, groupId=Consumer-topic-ef47d6bd_b27b_407e_b97f_77521c619591] Cluster ID: JfHT16fFSb-b502x6d9TJg
2025-07-31 17:00:49,628 INFO  [org.apa.kaf.cli.con.int.ConsumerCoordinator] (Thread-848) [Consumer clientId=consumer-Consumer-topic-ef47d6bd_b27b_407e_b97f_77521c619591-32, groupId=Consumer-topic-ef47d6bd_b27b_407e_b97f_77521c619591] Discovered group coordinator localhost:32770 (id: 2147483647 rack: null)
2025-07-31 17:00:49,634 INFO  [org.apa.kaf.cli.con.int.ConsumerCoordinator] (Thread-848) [Consumer clientId=consumer-Consumer-topic-ef47d6bd_b27b_407e_b97f_77521c619591-32, groupId=Consumer-topic-ef47d6bd_b27b_407e_b97f_77521c619591] (Re-)joining group
2025-07-31 17:00:49,637 INFO  [org.apa.kaf.cli.con.int.ConsumerCoordinator] (Thread-848) [Consumer clientId=consumer-Consumer-topic-ef47d6bd_b27b_407e_b97f_77521c619591-32, groupId=Consumer-topic-ef47d6bd_b27b_407e_b97f_77521c619591] Request joining group due to: need to re-join with the given member-id: consumer-Consumer-topic-ef47d6bd_b27b_407e_b97f_77521c619591-32-3ed1b3cf-ca9c-49cd-95fa-1d6581d8c87a
2025-07-31 17:00:49,637 INFO  [org.apa.kaf.cli.con.int.ConsumerCoordinator] (Thread-848) [Consumer clientId=consumer-Consumer-topic-ef47d6bd_b27b_407e_b97f_77521c619591-32, groupId=Consumer-topic-ef47d6bd_b27b_407e_b97f_77521c619591] (Re-)joining group
2025-07-31 17:00:49,640 INFO  [org.apa.kaf.cli.con.int.ConsumerCoordinator] (Thread-848) [Consumer clientId=consumer-Consumer-topic-ef47d6bd_b27b_407e_b97f_77521c619591-32, groupId=Consumer-topic-ef47d6bd_b27b_407e_b97f_77521c619591] Successfully joined group with generation Generation{generationId=1, memberId='consumer-Consumer-topic-ef47d6bd_b27b_407e_b97f_77521c619591-32-3ed1b3cf-ca9c-49cd-95fa-1d6581d8c87a', protocol='range'}
2025-07-31 17:00:49,640 INFO  [org.apa.kaf.cli.con.int.ConsumerCoordinator] (Thread-848) [Consumer clientId=consumer-Consumer-topic-ef47d6bd_b27b_407e_b97f_77521c619591-32, groupId=Consumer-topic-ef47d6bd_b27b_407e_b97f_77521c619591] Finished assignment for group at generation 1: {consumer-Consumer-topic-ef47d6bd_b27b_407e_b97f_77521c619591-32-3ed1b3cf-ca9c-49cd-95fa-1d6581d8c87a=Assignment(partitions=[topic-ef47d6bd_b27b_407e_b97f_77521c619591-0])}
2025-07-31 17:00:49,642 INFO  [org.apa.kaf.cli.con.int.ConsumerCoordinator] (Thread-848) [Consumer clientId=consumer-Consumer-topic-ef47d6bd_b27b_407e_b97f_77521c619591-32, groupId=Consumer-topic-ef47d6bd_b27b_407e_b97f_77521c619591] Successfully synced group in generation Generation{generationId=1, memberId='consumer-Consumer-topic-ef47d6bd_b27b_407e_b97f_77521c619591-32-3ed1b3cf-ca9c-49cd-95fa-1d6581d8c87a', protocol='range'}
2025-07-31 17:00:49,642 INFO  [org.apa.kaf.cli.con.int.ConsumerCoordinator] (Thread-848) [Consumer clientId=consumer-Consumer-topic-ef47d6bd_b27b_407e_b97f_77521c619591-32, groupId=Consumer-topic-ef47d6bd_b27b_407e_b97f_77521c619591] Notifying assignor about the new Assignment(partitions=[topic-ef47d6bd_b27b_407e_b97f_77521c619591-0])
2025-07-31 17:00:49,642 INFO  [org.apa.kaf.cli.con.int.ConsumerRebalanceListenerInvoker] (Thread-848) [Consumer clientId=consumer-Consumer-topic-ef47d6bd_b27b_407e_b97f_77521c619591-32, groupId=Consumer-topic-ef47d6bd_b27b_407e_b97f_77521c619591] Adding newly assigned partitions: topic-ef47d6bd_b27b_407e_b97f_77521c619591-0
2025-07-31 17:00:49,643 INFO  [org.apa.kaf.cli.con.int.ConsumerCoordinator] (Thread-848) [Consumer clientId=consumer-Consumer-topic-ef47d6bd_b27b_407e_b97f_77521c619591-32, groupId=Consumer-topic-ef47d6bd_b27b_407e_b97f_77521c619591] Found no committed offset for partition topic-ef47d6bd_b27b_407e_b97f_77521c619591-0
2025-07-31 17:00:49,644 INFO  [org.apa.kaf.cli.con.int.SubscriptionState] (Thread-848) [Consumer clientId=consumer-Consumer-topic-ef47d6bd_b27b_407e_b97f_77521c619591-32, groupId=Consumer-topic-ef47d6bd_b27b_407e_b97f_77521c619591] Resetting offset for partition topic-ef47d6bd_b27b_407e_b97f_77521c619591-0 to position FetchPosition{offset=0, offsetEpoch=Optional.empty, currentLeader=LeaderAndEpoch{leader=Optional[localhost:32770 (id: 0 rack: null)], epoch=0}}.
2025-07-31 17:00:49,728 INFO  [io.api.tes.ser.api.KafkaSerdesTester] (Thread-848) topic-ef47d6bd_b27b_407e_b97f_77521c619591 0 0 {"key1": "value-0"}
2025-07-31 17:00:49,728 INFO  [io.api.tes.ser.api.KafkaSerdesTester] (Thread-848) topic-ef47d6bd_b27b_407e_b97f_77521c619591 0 1 {"key1": "value-1"}
2025-07-31 17:00:49,730 INFO  [io.api.tes.ser.api.KafkaSerdesTester] (Thread-848) topic-ef47d6bd_b27b_407e_b97f_77521c619591 0 2 {"key1": "value-2"}
2025-07-31 17:00:49,730 INFO  [io.api.tes.ser.api.KafkaSerdesTester] (Thread-848) topic-ef47d6bd_b27b_407e_b97f_77521c619591 0 3 {"key1": "value-3"}
2025-07-31 17:00:49,730 INFO  [io.api.tes.ser.api.KafkaSerdesTester] (Thread-848) topic-ef47d6bd_b27b_407e_b97f_77521c619591 0 4 {"key1": "value-4"}
2025-07-31 17:00:49,730 INFO  [io.api.tes.ser.api.KafkaSerdesTester] (Thread-848) topic-ef47d6bd_b27b_407e_b97f_77521c619591 0 5 {"key1": "value-5"}
2025-07-31 17:00:49,730 INFO  [io.api.tes.ser.api.KafkaSerdesTester] (Thread-848) topic-ef47d6bd_b27b_407e_b97f_77521c619591 0 6 {"key1": "value-6"}
2025-07-31 17:00:49,730 INFO  [io.api.tes.ser.api.KafkaSerdesTester] (Thread-848) topic-ef47d6bd_b27b_407e_b97f_77521c619591 0 7 {"key1": "value-7"}
2025-07-31 17:00:49,730 INFO  [io.api.tes.ser.api.KafkaSerdesTester] (Thread-848) topic-ef47d6bd_b27b_407e_b97f_77521c619591 0 8 {"key1": "value-8"}
2025-07-31 17:00:49,730 INFO  [io.api.tes.ser.api.KafkaSerdesTester] (Thread-848) topic-ef47d6bd_b27b_407e_b97f_77521c619591 0 9 {"key1": "value-9"}
2025-07-31 17:00:49,730 INFO  [io.api.tes.ser.api.KafkaSerdesTester] (Thread-848) Consumed 10 messages
2025-07-31 17:00:49,733 INFO  [org.apa.kaf.cli.con.int.ConsumerRebalanceListenerInvoker] (Thread-848) [Consumer clientId=consumer-Consumer-topic-ef47d6bd_b27b_407e_b97f_77521c619591-32, groupId=Consumer-topic-ef47d6bd_b27b_407e_b97f_77521c619591] Revoke previously assigned partitions topic-ef47d6bd_b27b_407e_b97f_77521c619591-0
2025-07-31 17:00:49,733 INFO  [org.apa.kaf.cli.con.int.ConsumerCoordinator] (Thread-848) [Consumer clientId=consumer-Consumer-topic-ef47d6bd_b27b_407e_b97f_77521c619591-32, groupId=Consumer-topic-ef47d6bd_b27b_407e_b97f_77521c619591] Member consumer-Consumer-topic-ef47d6bd_b27b_407e_b97f_77521c619591-32-3ed1b3cf-ca9c-49cd-95fa-1d6581d8c87a sending LeaveGroup request to coordinator localhost:32770 (id: 2147483647 rack: null) due to the consumer is being closed
2025-07-31 17:00:49,734 INFO  [org.apa.kaf.cli.con.int.ConsumerCoordinator] (Thread-848) [Consumer clientId=consumer-Consumer-topic-ef47d6bd_b27b_407e_b97f_77521c619591-32, groupId=Consumer-topic-ef47d6bd_b27b_407e_b97f_77521c619591] Resetting generation and member id due to: consumer pro-actively leaving the group
2025-07-31 17:00:49,734 INFO  [org.apa.kaf.cli.con.int.ConsumerCoordinator] (Thread-848) [Consumer clientId=consumer-Consumer-topic-ef47d6bd_b27b_407e_b97f_77521c619591-32, groupId=Consumer-topic-ef47d6bd_b27b_407e_b97f_77521c619591] Request joining group due to: consumer pro-actively leaving the group
2025-07-31 17:00:50,231 INFO  [org.apa.kaf.com.met.Metrics] (Thread-848) Metrics scheduler closed
2025-07-31 17:00:50,231 INFO  [org.apa.kaf.com.met.Metrics] (Thread-848) Closing reporter org.apache.kafka.common.metrics.JmxReporter
2025-07-31 17:00:50,231 INFO  [org.apa.kaf.com.met.Metrics] (Thread-848) Closing reporter org.apache.kafka.common.telemetry.internals.ClientTelemetryReporter
2025-07-31 17:00:50,231 INFO  [org.apa.kaf.com.met.Metrics] (Thread-848) Metrics reporters closed
2025-07-31 17:00:50,233 INFO  [org.apa.kaf.com.uti.AppInfoParser] (Thread-848) App info kafka.consumer for consumer-Consumer-topic-ef47d6bd_b27b_407e_b97f_77521c619591-32 unregistered
2025-07-31 17:00:50,234 INFO  [org.apa.kaf.cli.con.int.ClassicKafkaConsumer] (Thread-849) [Consumer clientId=consumer-Consumer-topic-d92a6083_af49_4a4f_a502_5c6d5cea0bc2-33, groupId=Consumer-topic-d92a6083_af49_4a4f_a502_5c6d5cea0bc2] Subscribed to topic(s): topic-d92a6083_af49_4a4f_a502_5c6d5cea0bc2
2025-07-31 17:00:50,237 INFO  [org.apa.kaf.cli.Metadata] (Thread-849) [Consumer clientId=consumer-Consumer-topic-d92a6083_af49_4a4f_a502_5c6d5cea0bc2-33, groupId=Consumer-topic-d92a6083_af49_4a4f_a502_5c6d5cea0bc2] Cluster ID: JfHT16fFSb-b502x6d9TJg
2025-07-31 17:00:50,240 INFO  [org.apa.kaf.cli.con.int.ConsumerCoordinator] (Thread-849) [Consumer clientId=consumer-Consumer-topic-d92a6083_af49_4a4f_a502_5c6d5cea0bc2-33, groupId=Consumer-topic-d92a6083_af49_4a4f_a502_5c6d5cea0bc2] Discovered group coordinator localhost:32770 (id: 2147483647 rack: null)
2025-07-31 17:00:50,242 INFO  [org.apa.kaf.cli.con.int.ConsumerCoordinator] (Thread-849) [Consumer clientId=consumer-Consumer-topic-d92a6083_af49_4a4f_a502_5c6d5cea0bc2-33, groupId=Consumer-topic-d92a6083_af49_4a4f_a502_5c6d5cea0bc2] (Re-)joining group
2025-07-31 17:00:50,246 INFO  [org.apa.kaf.cli.con.int.ConsumerCoordinator] (Thread-849) [Consumer clientId=consumer-Consumer-topic-d92a6083_af49_4a4f_a502_5c6d5cea0bc2-33, groupId=Consumer-topic-d92a6083_af49_4a4f_a502_5c6d5cea0bc2] Request joining group due to: need to re-join with the given member-id: consumer-Consumer-topic-d92a6083_af49_4a4f_a502_5c6d5cea0bc2-33-1b570b93-ace1-4903-b960-1f704482fcef
2025-07-31 17:00:50,246 INFO  [org.apa.kaf.cli.con.int.ConsumerCoordinator] (Thread-849) [Consumer clientId=consumer-Consumer-topic-d92a6083_af49_4a4f_a502_5c6d5cea0bc2-33, groupId=Consumer-topic-d92a6083_af49_4a4f_a502_5c6d5cea0bc2] (Re-)joining group
2025-07-31 17:00:50,248 INFO  [org.apa.kaf.cli.con.int.ConsumerCoordinator] (Thread-849) [Consumer clientId=consumer-Consumer-topic-d92a6083_af49_4a4f_a502_5c6d5cea0bc2-33, groupId=Consumer-topic-d92a6083_af49_4a4f_a502_5c6d5cea0bc2] Successfully joined group with generation Generation{generationId=1, memberId='consumer-Consumer-topic-d92a6083_af49_4a4f_a502_5c6d5cea0bc2-33-1b570b93-ace1-4903-b960-1f704482fcef', protocol='range'}
2025-07-31 17:00:50,248 INFO  [org.apa.kaf.cli.con.int.ConsumerCoordinator] (Thread-849) [Consumer clientId=consumer-Consumer-topic-d92a6083_af49_4a4f_a502_5c6d5cea0bc2-33, groupId=Consumer-topic-d92a6083_af49_4a4f_a502_5c6d5cea0bc2] Finished assignment for group at generation 1: {consumer-Consumer-topic-d92a6083_af49_4a4f_a502_5c6d5cea0bc2-33-1b570b93-ace1-4903-b960-1f704482fcef=Assignment(partitions=[topic-d92a6083_af49_4a4f_a502_5c6d5cea0bc2-0])}
2025-07-31 17:00:50,250 INFO  [org.apa.kaf.cli.con.int.ConsumerCoordinator] (Thread-849) [Consumer clientId=consumer-Consumer-topic-d92a6083_af49_4a4f_a502_5c6d5cea0bc2-33, groupId=Consumer-topic-d92a6083_af49_4a4f_a502_5c6d5cea0bc2] Successfully synced group in generation Generation{generationId=1, memberId='consumer-Consumer-topic-d92a6083_af49_4a4f_a502_5c6d5cea0bc2-33-1b570b93-ace1-4903-b960-1f704482fcef', protocol='range'}
2025-07-31 17:00:50,251 INFO  [org.apa.kaf.cli.con.int.ConsumerCoordinator] (Thread-849) [Consumer clientId=consumer-Consumer-topic-d92a6083_af49_4a4f_a502_5c6d5cea0bc2-33, groupId=Consumer-topic-d92a6083_af49_4a4f_a502_5c6d5cea0bc2] Notifying assignor about the new Assignment(partitions=[topic-d92a6083_af49_4a4f_a502_5c6d5cea0bc2-0])
2025-07-31 17:00:50,253 INFO  [org.apa.kaf.cli.con.int.ConsumerRebalanceListenerInvoker] (Thread-849) [Consumer clientId=consumer-Consumer-topic-d92a6083_af49_4a4f_a502_5c6d5cea0bc2-33, groupId=Consumer-topic-d92a6083_af49_4a4f_a502_5c6d5cea0bc2] Adding newly assigned partitions: topic-d92a6083_af49_4a4f_a502_5c6d5cea0bc2-0
2025-07-31 17:00:50,255 INFO  [org.apa.kaf.cli.con.int.ConsumerCoordinator] (Thread-849) [Consumer clientId=consumer-Consumer-topic-d92a6083_af49_4a4f_a502_5c6d5cea0bc2-33, groupId=Consumer-topic-d92a6083_af49_4a4f_a502_5c6d5cea0bc2] Found no committed offset for partition topic-d92a6083_af49_4a4f_a502_5c6d5cea0bc2-0
2025-07-31 17:00:50,260 INFO  [org.apa.kaf.cli.con.int.SubscriptionState] (Thread-849) [Consumer clientId=consumer-Consumer-topic-d92a6083_af49_4a4f_a502_5c6d5cea0bc2-33, groupId=Consumer-topic-d92a6083_af49_4a4f_a502_5c6d5cea0bc2] Resetting offset for partition topic-d92a6083_af49_4a4f_a502_5c6d5cea0bc2-0 to position FetchPosition{offset=0, offsetEpoch=Optional.empty, currentLeader=LeaderAndEpoch{leader=Optional[localhost:32770 (id: 0 rack: null)], epoch=0}}.
2025-07-31 17:00:50,338 INFO  [io.api.tes.ser.api.KafkaSerdesTester] (Thread-849) topic-d92a6083_af49_4a4f_a502_5c6d5cea0bc2 0 0 {"key1": "value-0"}
2025-07-31 17:00:50,338 INFO  [io.api.tes.ser.api.KafkaSerdesTester] (Thread-849) topic-d92a6083_af49_4a4f_a502_5c6d5cea0bc2 0 1 {"key1": "value-1"}
2025-07-31 17:00:50,338 INFO  [io.api.tes.ser.api.KafkaSerdesTester] (Thread-849) topic-d92a6083_af49_4a4f_a502_5c6d5cea0bc2 0 2 {"key1": "value-2"}
2025-07-31 17:00:50,338 INFO  [io.api.tes.ser.api.KafkaSerdesTester] (Thread-849) topic-d92a6083_af49_4a4f_a502_5c6d5cea0bc2 0 3 {"key1": "value-3"}
2025-07-31 17:00:50,338 INFO  [io.api.tes.ser.api.KafkaSerdesTester] (Thread-849) topic-d92a6083_af49_4a4f_a502_5c6d5cea0bc2 0 4 {"key1": "value-4"}
2025-07-31 17:00:50,338 INFO  [io.api.tes.ser.api.KafkaSerdesTester] (Thread-849) topic-d92a6083_af49_4a4f_a502_5c6d5cea0bc2 0 5 {"key1": "value-5"}
2025-07-31 17:00:50,338 INFO  [io.api.tes.ser.api.KafkaSerdesTester] (Thread-849) topic-d92a6083_af49_4a4f_a502_5c6d5cea0bc2 0 6 {"key1": "value-6"}
2025-07-31 17:00:50,338 INFO  [io.api.tes.ser.api.KafkaSerdesTester] (Thread-849) topic-d92a6083_af49_4a4f_a502_5c6d5cea0bc2 0 7 {"key1": "value-7"}
2025-07-31 17:00:50,338 INFO  [io.api.tes.ser.api.KafkaSerdesTester] (Thread-849) topic-d92a6083_af49_4a4f_a502_5c6d5cea0bc2 0 8 {"key1": "value-8"}
2025-07-31 17:00:50,338 INFO  [io.api.tes.ser.api.KafkaSerdesTester] (Thread-849) topic-d92a6083_af49_4a4f_a502_5c6d5cea0bc2 0 9 {"key1": "value-9"}
2025-07-31 17:00:50,338 INFO  [io.api.tes.ser.api.KafkaSerdesTester] (Thread-849) Consumed 10 messages
2025-07-31 17:00:50,341 INFO  [org.apa.kaf.cli.con.int.ConsumerRebalanceListenerInvoker] (Thread-849) [Consumer clientId=consumer-Consumer-topic-d92a6083_af49_4a4f_a502_5c6d5cea0bc2-33, groupId=Consumer-topic-d92a6083_af49_4a4f_a502_5c6d5cea0bc2] Revoke previously assigned partitions topic-d92a6083_af49_4a4f_a502_5c6d5cea0bc2-0
2025-07-31 17:00:50,341 INFO  [org.apa.kaf.cli.con.int.ConsumerCoordinator] (Thread-849) [Consumer clientId=consumer-Consumer-topic-d92a6083_af49_4a4f_a502_5c6d5cea0bc2-33, groupId=Consumer-topic-d92a6083_af49_4a4f_a502_5c6d5cea0bc2] Member consumer-Consumer-topic-d92a6083_af49_4a4f_a502_5c6d5cea0bc2-33-1b570b93-ace1-4903-b960-1f704482fcef sending LeaveGroup request to coordinator localhost:32770 (id: 2147483647 rack: null) due to the consumer is being closed
2025-07-31 17:00:50,341 INFO  [org.apa.kaf.cli.con.int.ConsumerCoordinator] (Thread-849) [Consumer clientId=consumer-Consumer-topic-d92a6083_af49_4a4f_a502_5c6d5cea0bc2-33, groupId=Consumer-topic-d92a6083_af49_4a4f_a502_5c6d5cea0bc2] Resetting generation and member id due to: consumer pro-actively leaving the group
2025-07-31 17:00:50,341 INFO  [org.apa.kaf.cli.con.int.ConsumerCoordinator] (Thread-849) [Consumer clientId=consumer-Consumer-topic-d92a6083_af49_4a4f_a502_5c6d5cea0bc2-33, groupId=Consumer-topic-d92a6083_af49_4a4f_a502_5c6d5cea0bc2] Request joining group due to: consumer pro-actively leaving the group
2025-07-31 17:00:50,841 INFO  [org.apa.kaf.com.met.Metrics] (Thread-849) Metrics scheduler closed
2025-07-31 17:00:50,841 INFO  [org.apa.kaf.com.met.Metrics] (Thread-849) Closing reporter org.apache.kafka.common.metrics.JmxReporter
2025-07-31 17:00:50,841 INFO  [org.apa.kaf.com.met.Metrics] (Thread-849) Closing reporter org.apache.kafka.common.telemetry.internals.ClientTelemetryReporter
2025-07-31 17:00:50,841 INFO  [org.apa.kaf.com.met.Metrics] (Thread-849) Metrics reporters closed
2025-07-31 17:00:50,843 INFO  [org.apa.kaf.com.uti.AppInfoParser] (Thread-849) App info kafka.consumer for consumer-Consumer-topic-d92a6083_af49_4a4f_a502_5c6d5cea0bc2-33 unregistered
2025-07-31 17:00:50,895 INFO  [io.api.tes.ser.con.BasicConfluentSerDesIT] (main) Deleting confluent schema myrecordconfluent6
2025-07-31 17:00:50,920 INFO  [io.api.tes.uti.TestSeparator] (main) io.apicurio.tests.serdes.confluent.BasicConfluentSerDesIT.testAvroConfluentForMultipleTopics-FINISHED
2025-07-31 17:00:50,920 INFO  [io.api.tes.uti.TestSeparator] (main) ############################################################################
Test passed: testAvroConfluentForMultipleTopics
]]></system-out>
  </testcase>
  <testcase name="testAvroConfluentApicurio" classname="io.apicurio.tests.serdes.confluent.BasicConfluentSerDesIT" time="0.815">
    <system-out><![CDATA[2025-07-31 17:00:50,921 INFO  [io.api.tes.uti.TestSeparator] (main) ############################################################################
2025-07-31 17:00:50,921 INFO  [io.api.tes.uti.TestSeparator] (main) io.apicurio.tests.serdes.confluent.BasicConfluentSerDesIT.testAvroConfluentApicurio-STARTED
2025-07-31 17:00:50,978 INFO  [io.api.tes.ser.con.BasicConfluentSerDesIT] (main) Checking that created schema is equal to the get schema
2025-07-31 17:00:51,003 INFO  [io.api.tes.ser.con.BasicConfluentSerDesIT] (main) Created schema with id:100 and name:myrecordconfluent1
**** Registry Base URL: http://registry-app-inmemory.apps.ci419.apicurio-testing.org:80
2025-07-31 17:00:51,004 INFO  [org.apa.kaf.cli.pro.ProducerConfig] (main) ProducerConfig values: 
	acks = -1
	auto.include.jmx.reporter = true
	batch.size = 16384
	bootstrap.servers = [PLAINTEXT://localhost:32770]
	buffer.memory = 33554432
	client.dns.lookup = use_all_dns_ips
	client.id = Producer-topic-d9d5dd84_02b0_478d_b716_16db25bf341a
	compression.gzip.level = -1
	compression.lz4.level = 9
	compression.type = none
	compression.zstd.level = 3
	connections.max.idle.ms = 10000
	delivery.timeout.ms = 120000
	enable.idempotence = true
	enable.metrics.push = true
	interceptor.classes = []
	key.serializer = class org.apache.kafka.common.serialization.StringSerializer
	linger.ms = 0
	max.block.ms = 60000
	max.in.flight.requests.per.connection = 5
	max.request.size = 1048576
	metadata.max.age.ms = 300000
	metadata.max.idle.ms = 300000
	metadata.recovery.strategy = none
	metric.reporters = []
	metrics.num.samples = 2
	metrics.recording.level = INFO
	metrics.sample.window.ms = 30000
	partitioner.adaptive.partitioning.enable = true
	partitioner.availability.timeout.ms = 0
	partitioner.class = null
	partitioner.ignore.keys = false
	receive.buffer.bytes = 32768
	reconnect.backoff.max.ms = 1000
	reconnect.backoff.ms = 50
	request.timeout.ms = 5000
	retries = 2147483647
	retry.backoff.max.ms = 1000
	retry.backoff.ms = 100
	sasl.client.callback.handler.class = null
	sasl.jaas.config = null
	sasl.kerberos.kinit.cmd = /usr/bin/kinit
	sasl.kerberos.min.time.before.relogin = 60000
	sasl.kerberos.service.name = null
	sasl.kerberos.ticket.renew.jitter = 0.05
	sasl.kerberos.ticket.renew.window.factor = 0.8
	sasl.login.callback.handler.class = null
	sasl.login.class = null
	sasl.login.connect.timeout.ms = null
	sasl.login.read.timeout.ms = null
	sasl.login.refresh.buffer.seconds = 300
	sasl.login.refresh.min.period.seconds = 60
	sasl.login.refresh.window.factor = 0.8
	sasl.login.refresh.window.jitter = 0.05
	sasl.login.retry.backoff.max.ms = 10000
	sasl.login.retry.backoff.ms = 100
	sasl.mechanism = GSSAPI
	sasl.oauthbearer.clock.skew.seconds = 30
	sasl.oauthbearer.expected.audience = null
	sasl.oauthbearer.expected.issuer = null
	sasl.oauthbearer.header.urlencode = false
	sasl.oauthbearer.jwks.endpoint.refresh.ms = 3600000
	sasl.oauthbearer.jwks.endpoint.retry.backoff.max.ms = 10000
	sasl.oauthbearer.jwks.endpoint.retry.backoff.ms = 100
	sasl.oauthbearer.jwks.endpoint.url = null
	sasl.oauthbearer.scope.claim.name = scope
	sasl.oauthbearer.sub.claim.name = sub
	sasl.oauthbearer.token.endpoint.url = null
	security.protocol = PLAINTEXT
	security.providers = null
	send.buffer.bytes = 131072
	socket.connection.setup.timeout.max.ms = 30000
	socket.connection.setup.timeout.ms = 10000
	ssl.cipher.suites = null
	ssl.enabled.protocols = [TLSv1.2, TLSv1.3]
	ssl.endpoint.identification.algorithm = https
	ssl.engine.factory.class = null
	ssl.key.password = null
	ssl.keymanager.algorithm = SunX509
	ssl.keystore.certificate.chain = null
	ssl.keystore.key = null
	ssl.keystore.location = null
	ssl.keystore.password = null
	ssl.keystore.type = JKS
	ssl.protocol = TLSv1.3
	ssl.provider = null
	ssl.secure.random.implementation = null
	ssl.trustmanager.algorithm = PKIX
	ssl.truststore.certificates = null
	ssl.truststore.location = null
	ssl.truststore.password = null
	ssl.truststore.type = JKS
	transaction.timeout.ms = 60000
	transactional.id = null
	value.serializer = class io.confluent.kafka.serializers.KafkaAvroSerializer

2025-07-31 17:00:51,004 INFO  [org.apa.kaf.com.tel.int.KafkaMetricsCollector] (main) initializing Kafka metrics collector
2025-07-31 17:00:51,004 INFO  [io.con.kaf.ser.KafkaAvroSerializerConfig] (main) KafkaAvroSerializerConfig values: 
	auto.register.schemas = false
	avro.reflection.allow.null = false
	avro.remove.java.properties = false
	avro.use.logical.type.converters = false
	basic.auth.credentials.source = URL
	basic.auth.user.info = [hidden]
	bearer.auth.cache.expiry.buffer.seconds = 300
	bearer.auth.client.id = null
	bearer.auth.client.secret = null
	bearer.auth.credentials.source = STATIC_TOKEN
	bearer.auth.custom.provider.class = null
	bearer.auth.identity.pool.id = null
	bearer.auth.issuer.endpoint.url = null
	bearer.auth.logical.cluster = null
	bearer.auth.scope = null
	bearer.auth.scope.claim.name = scope
	bearer.auth.sub.claim.name = sub
	bearer.auth.token = [hidden]
	context.name.strategy = class io.confluent.kafka.serializers.context.NullContextNameStrategy
	http.connect.timeout.ms = 60000
	http.read.timeout.ms = 60000
	id.compatibility.strict = true
	key.schema.id.deserializer = class io.confluent.kafka.serializers.schema.id.DualSchemaIdDeserializer
	key.schema.id.serializer = class io.confluent.kafka.serializers.schema.id.PrefixSchemaIdSerializer
	key.subject.name.strategy = class io.confluent.kafka.serializers.subject.TopicNameStrategy
	latest.cache.size = 1000
	latest.cache.ttl.sec = -1
	latest.compatibility.strict = true
	max.retries = 3
	max.schemas.per.subject = 1000
	normalize.schemas = false
	propagate.schema.tags = false
	proxy.host = 
	proxy.port = -1
	retries.max.wait.ms = 20000
	retries.wait.ms = 1000
	rule.actions = []
	rule.executors = []
	rule.service.loader.enable = true
	schema.format = null
	schema.reflection = false
	schema.registry.basic.auth.user.info = [hidden]
	schema.registry.ssl.cipher.suites = null
	schema.registry.ssl.enabled.protocols = [TLSv1.2, TLSv1.3]
	schema.registry.ssl.endpoint.identification.algorithm = https
	schema.registry.ssl.engine.factory.class = null
	schema.registry.ssl.key.password = null
	schema.registry.ssl.keymanager.algorithm = SunX509
	schema.registry.ssl.keystore.certificate.chain = null
	schema.registry.ssl.keystore.key = null
	schema.registry.ssl.keystore.location = null
	schema.registry.ssl.keystore.password = null
	schema.registry.ssl.keystore.type = JKS
	schema.registry.ssl.protocol = TLSv1.3
	schema.registry.ssl.provider = null
	schema.registry.ssl.secure.random.implementation = null
	schema.registry.ssl.trustmanager.algorithm = PKIX
	schema.registry.ssl.truststore.certificates = null
	schema.registry.ssl.truststore.location = null
	schema.registry.ssl.truststore.password = null
	schema.registry.ssl.truststore.type = JKS
	schema.registry.url = [http://registry-app-inmemory.apps.ci419.apicurio-testing.org:80/apis/ccompat/v7]
	schema.registry.url.randomize = false
	use.latest.version = false
	use.latest.with.metadata = null
	use.schema.id = -1
	value.schema.id.deserializer = class io.confluent.kafka.serializers.schema.id.DualSchemaIdDeserializer
	value.schema.id.serializer = class io.confluent.kafka.serializers.schema.id.PrefixSchemaIdSerializer
	value.subject.name.strategy = class io.confluent.kafka.serializers.subject.TopicNameStrategy

2025-07-31 17:00:51,008 INFO  [org.apa.kaf.cli.pro.KafkaProducer] (main) [Producer clientId=Producer-topic-d9d5dd84_02b0_478d_b716_16db25bf341a] Instantiated an idempotent producer.
2025-07-31 17:00:51,009 INFO  [org.apa.kaf.cli.pro.ProducerConfig] (main) These configurations '[schema.registry.url, auto.register.schemas, value.subject.name.strategy]' were supplied but are not used yet.
2025-07-31 17:00:51,009 INFO  [org.apa.kaf.com.uti.AppInfoParser] (main) Kafka version: 3.9.1
2025-07-31 17:00:51,009 INFO  [org.apa.kaf.com.uti.AppInfoParser] (main) Kafka commitId: f745dfdcee2b9851
2025-07-31 17:00:51,009 INFO  [org.apa.kaf.com.uti.AppInfoParser] (main) Kafka startTimeMs: 1753981251009
2025-07-31 17:00:51,010 INFO  [io.api.tes.ser.api.SimpleSerdesTesterBuilder$SimpleSerdesTester] (main) Using producer configuration: {schema.registry.url=http://registry-app-inmemory.apps.ci419.apicurio-testing.org:80/apis/ccompat/v7, value.serializer=io.confluent.kafka.serializers.KafkaAvroSerializer, request.timeout.ms=5000, auto.register.schemas=false, acks=all, bootstrap.servers=PLAINTEXT://localhost:32770, connections.max.idle.ms=10000, key.serializer=org.apache.kafka.common.serialization.StringSerializer, value.subject.name.strategy=io.confluent.kafka.serializers.subject.TopicNameStrategy, client.id=Producer-topic-d9d5dd84_02b0_478d_b716_16db25bf341a}
2025-07-31 17:00:51,010 INFO  [io.api.tes.ser.api.SimpleSerdesTesterBuilder$SimpleSerdesTester] (main) Using consumer configuration: {}
2025-07-31 17:00:51,010 INFO  [io.api.tes.ser.api.KafkaSerdesTester] (Thread-850) Sending message {"key1": "value-0"} to topic topic-d9d5dd84_02b0_478d_b716_16db25bf341a
2025-07-31 17:00:51,013 INFO  [org.apa.kaf.cli.Metadata] (kafka-producer-network-thread | Producer-topic-d9d5dd84_02b0_478d_b716_16db25bf341a) [Producer clientId=Producer-topic-d9d5dd84_02b0_478d_b716_16db25bf341a] Cluster ID: JfHT16fFSb-b502x6d9TJg
2025-07-31 17:00:51,013 INFO  [org.apa.kaf.cli.pro.int.TransactionManager] (kafka-producer-network-thread | Producer-topic-d9d5dd84_02b0_478d_b716_16db25bf341a) [Producer clientId=Producer-topic-d9d5dd84_02b0_478d_b716_16db25bf341a] ProducerId set to 46 with epoch 0
2025-07-31 17:00:51,044 INFO  [io.api.tes.ser.api.KafkaSerdesTester] (Thread-850) Sending message {"key1": "value-1"} to topic topic-d9d5dd84_02b0_478d_b716_16db25bf341a
2025-07-31 17:00:51,045 INFO  [io.api.tes.ser.api.KafkaSerdesTester] (Thread-850) Sending message {"key1": "value-2"} to topic topic-d9d5dd84_02b0_478d_b716_16db25bf341a
2025-07-31 17:00:51,045 INFO  [io.api.tes.ser.api.KafkaSerdesTester] (Thread-850) Sending message {"key1": "value-3"} to topic topic-d9d5dd84_02b0_478d_b716_16db25bf341a
2025-07-31 17:00:51,046 INFO  [io.api.tes.ser.api.KafkaSerdesTester] (Thread-850) Sending message {"key1": "value-4"} to topic topic-d9d5dd84_02b0_478d_b716_16db25bf341a
2025-07-31 17:00:51,047 INFO  [io.api.tes.ser.api.KafkaSerdesTester] (Thread-850) Sending message {"key1": "value-5"} to topic topic-d9d5dd84_02b0_478d_b716_16db25bf341a
2025-07-31 17:00:51,048 INFO  [io.api.tes.ser.api.KafkaSerdesTester] (Thread-850) Sending message {"key1": "value-6"} to topic topic-d9d5dd84_02b0_478d_b716_16db25bf341a
2025-07-31 17:00:51,049 INFO  [io.api.tes.ser.api.KafkaSerdesTester] (Thread-850) Sending message {"key1": "value-7"} to topic topic-d9d5dd84_02b0_478d_b716_16db25bf341a
2025-07-31 17:00:51,050 INFO  [io.api.tes.ser.api.KafkaSerdesTester] (Thread-850) Sending message {"key1": "value-8"} to topic topic-d9d5dd84_02b0_478d_b716_16db25bf341a
2025-07-31 17:00:51,051 INFO  [io.api.tes.ser.api.KafkaSerdesTester] (Thread-850) Sending message {"key1": "value-9"} to topic topic-d9d5dd84_02b0_478d_b716_16db25bf341a
2025-07-31 17:00:51,052 INFO  [io.api.tes.ser.api.KafkaSerdesTester] (Thread-850) Produced 10 messages
2025-07-31 17:00:51,052 INFO  [org.apa.kaf.cli.pro.KafkaProducer] (Thread-850) [Producer clientId=Producer-topic-d9d5dd84_02b0_478d_b716_16db25bf341a] Closing the Kafka producer with timeoutMillis = 9223372036854775807 ms.
2025-07-31 17:00:51,053 INFO  [org.apa.kaf.com.met.Metrics] (Thread-850) Metrics scheduler closed
2025-07-31 17:00:51,053 INFO  [org.apa.kaf.com.met.Metrics] (Thread-850) Closing reporter org.apache.kafka.common.metrics.JmxReporter
2025-07-31 17:00:51,053 INFO  [org.apa.kaf.com.met.Metrics] (Thread-850) Closing reporter org.apache.kafka.common.telemetry.internals.ClientTelemetryReporter
2025-07-31 17:00:51,053 INFO  [org.apa.kaf.com.met.Metrics] (Thread-850) Metrics reporters closed
2025-07-31 17:00:51,053 INFO  [org.apa.kaf.com.uti.AppInfoParser] (Thread-850) App info kafka.producer for Producer-topic-d9d5dd84_02b0_478d_b716_16db25bf341a unregistered
**** Registry Base URL: http://registry-app-inmemory.apps.ci419.apicurio-testing.org:80
2025-07-31 17:00:51,054 INFO  [org.apa.kaf.cli.con.ConsumerConfig] (main) ConsumerConfig values: 
	allow.auto.create.topics = true
	auto.commit.interval.ms = 500
	auto.include.jmx.reporter = true
	auto.offset.reset = earliest
	bootstrap.servers = [PLAINTEXT://localhost:32770]
	check.crcs = true
	client.dns.lookup = use_all_dns_ips
	client.id = consumer-Consumer-topic-d9d5dd84_02b0_478d_b716_16db25bf341a-34
	client.rack = 
	connections.max.idle.ms = 10000
	default.api.timeout.ms = 60000
	enable.auto.commit = true
	enable.metrics.push = true
	exclude.internal.topics = true
	fetch.max.bytes = 52428800
	fetch.max.wait.ms = 500
	fetch.min.bytes = 1
	group.id = Consumer-topic-d9d5dd84_02b0_478d_b716_16db25bf341a
	group.instance.id = null
	group.protocol = classic
	group.remote.assignor = null
	heartbeat.interval.ms = 3000
	interceptor.classes = []
	internal.leave.group.on.close = true
	internal.throw.on.fetch.stable.offset.unsupported = false
	isolation.level = read_uncommitted
	key.deserializer = class org.apache.kafka.common.serialization.StringDeserializer
	max.partition.fetch.bytes = 1048576
	max.poll.interval.ms = 300000
	max.poll.records = 500
	metadata.max.age.ms = 300000
	metadata.recovery.strategy = none
	metric.reporters = []
	metrics.num.samples = 2
	metrics.recording.level = INFO
	metrics.sample.window.ms = 30000
	partition.assignment.strategy = [class org.apache.kafka.clients.consumer.RangeAssignor, class org.apache.kafka.clients.consumer.CooperativeStickyAssignor]
	receive.buffer.bytes = 65536
	reconnect.backoff.max.ms = 1000
	reconnect.backoff.ms = 50
	request.timeout.ms = 5000
	retry.backoff.max.ms = 1000
	retry.backoff.ms = 100
	sasl.client.callback.handler.class = null
	sasl.jaas.config = null
	sasl.kerberos.kinit.cmd = /usr/bin/kinit
	sasl.kerberos.min.time.before.relogin = 60000
	sasl.kerberos.service.name = null
	sasl.kerberos.ticket.renew.jitter = 0.05
	sasl.kerberos.ticket.renew.window.factor = 0.8
	sasl.login.callback.handler.class = null
	sasl.login.class = null
	sasl.login.connect.timeout.ms = null
	sasl.login.read.timeout.ms = null
	sasl.login.refresh.buffer.seconds = 300
	sasl.login.refresh.min.period.seconds = 60
	sasl.login.refresh.window.factor = 0.8
	sasl.login.refresh.window.jitter = 0.05
	sasl.login.retry.backoff.max.ms = 10000
	sasl.login.retry.backoff.ms = 100
	sasl.mechanism = GSSAPI
	sasl.oauthbearer.clock.skew.seconds = 30
	sasl.oauthbearer.expected.audience = null
	sasl.oauthbearer.expected.issuer = null
	sasl.oauthbearer.header.urlencode = false
	sasl.oauthbearer.jwks.endpoint.refresh.ms = 3600000
	sasl.oauthbearer.jwks.endpoint.retry.backoff.max.ms = 10000
	sasl.oauthbearer.jwks.endpoint.retry.backoff.ms = 100
	sasl.oauthbearer.jwks.endpoint.url = null
	sasl.oauthbearer.scope.claim.name = scope
	sasl.oauthbearer.sub.claim.name = sub
	sasl.oauthbearer.token.endpoint.url = null
	security.protocol = PLAINTEXT
	security.providers = null
	send.buffer.bytes = 131072
	session.timeout.ms = 45000
	socket.connection.setup.timeout.max.ms = 30000
	socket.connection.setup.timeout.ms = 10000
	ssl.cipher.suites = null
	ssl.enabled.protocols = [TLSv1.2, TLSv1.3]
	ssl.endpoint.identification.algorithm = https
	ssl.engine.factory.class = null
	ssl.key.password = null
	ssl.keymanager.algorithm = SunX509
	ssl.keystore.certificate.chain = null
	ssl.keystore.key = null
	ssl.keystore.location = null
	ssl.keystore.password = null
	ssl.keystore.type = JKS
	ssl.protocol = TLSv1.3
	ssl.provider = null
	ssl.secure.random.implementation = null
	ssl.trustmanager.algorithm = PKIX
	ssl.truststore.certificates = null
	ssl.truststore.location = null
	ssl.truststore.password = null
	ssl.truststore.type = JKS
	value.deserializer = class io.apicurio.registry.serde.avro.AvroKafkaDeserializer

2025-07-31 17:00:51,054 INFO  [org.apa.kaf.com.tel.int.KafkaMetricsCollector] (main) initializing Kafka metrics collector
2025-07-31 17:00:51,058 INFO  [org.apa.kaf.cli.con.ConsumerConfig] (main) These configurations '[apicurio.registry.url]' were supplied but are not used yet.
2025-07-31 17:00:51,058 INFO  [org.apa.kaf.com.uti.AppInfoParser] (main) Kafka version: 3.9.1
2025-07-31 17:00:51,058 INFO  [org.apa.kaf.com.uti.AppInfoParser] (main) Kafka commitId: f745dfdcee2b9851
2025-07-31 17:00:51,058 INFO  [org.apa.kaf.com.uti.AppInfoParser] (main) Kafka startTimeMs: 1753981251058
2025-07-31 17:00:51,058 INFO  [org.apa.kaf.cli.con.int.ClassicKafkaConsumer] (Thread-853) [Consumer clientId=consumer-Consumer-topic-d9d5dd84_02b0_478d_b716_16db25bf341a-34, groupId=Consumer-topic-d9d5dd84_02b0_478d_b716_16db25bf341a] Subscribed to topic(s): topic-d9d5dd84_02b0_478d_b716_16db25bf341a
2025-07-31 17:00:51,061 INFO  [org.apa.kaf.cli.Metadata] (Thread-853) [Consumer clientId=consumer-Consumer-topic-d9d5dd84_02b0_478d_b716_16db25bf341a-34, groupId=Consumer-topic-d9d5dd84_02b0_478d_b716_16db25bf341a] Cluster ID: JfHT16fFSb-b502x6d9TJg
2025-07-31 17:00:51,061 INFO  [org.apa.kaf.cli.con.int.ConsumerCoordinator] (Thread-853) [Consumer clientId=consumer-Consumer-topic-d9d5dd84_02b0_478d_b716_16db25bf341a-34, groupId=Consumer-topic-d9d5dd84_02b0_478d_b716_16db25bf341a] Discovered group coordinator localhost:32770 (id: 2147483647 rack: null)
2025-07-31 17:00:51,063 INFO  [org.apa.kaf.cli.con.int.ConsumerCoordinator] (Thread-853) [Consumer clientId=consumer-Consumer-topic-d9d5dd84_02b0_478d_b716_16db25bf341a-34, groupId=Consumer-topic-d9d5dd84_02b0_478d_b716_16db25bf341a] (Re-)joining group
2025-07-31 17:00:51,066 INFO  [org.apa.kaf.cli.con.int.ConsumerCoordinator] (Thread-853) [Consumer clientId=consumer-Consumer-topic-d9d5dd84_02b0_478d_b716_16db25bf341a-34, groupId=Consumer-topic-d9d5dd84_02b0_478d_b716_16db25bf341a] Request joining group due to: need to re-join with the given member-id: consumer-Consumer-topic-d9d5dd84_02b0_478d_b716_16db25bf341a-34-804f1110-29a8-4e30-8837-98468b4d88ac
2025-07-31 17:00:51,067 INFO  [org.apa.kaf.cli.con.int.ConsumerCoordinator] (Thread-853) [Consumer clientId=consumer-Consumer-topic-d9d5dd84_02b0_478d_b716_16db25bf341a-34, groupId=Consumer-topic-d9d5dd84_02b0_478d_b716_16db25bf341a] (Re-)joining group
2025-07-31 17:00:51,070 INFO  [org.apa.kaf.cli.con.int.ConsumerCoordinator] (Thread-853) [Consumer clientId=consumer-Consumer-topic-d9d5dd84_02b0_478d_b716_16db25bf341a-34, groupId=Consumer-topic-d9d5dd84_02b0_478d_b716_16db25bf341a] Successfully joined group with generation Generation{generationId=1, memberId='consumer-Consumer-topic-d9d5dd84_02b0_478d_b716_16db25bf341a-34-804f1110-29a8-4e30-8837-98468b4d88ac', protocol='range'}
2025-07-31 17:00:51,070 INFO  [org.apa.kaf.cli.con.int.ConsumerCoordinator] (Thread-853) [Consumer clientId=consumer-Consumer-topic-d9d5dd84_02b0_478d_b716_16db25bf341a-34, groupId=Consumer-topic-d9d5dd84_02b0_478d_b716_16db25bf341a] Finished assignment for group at generation 1: {consumer-Consumer-topic-d9d5dd84_02b0_478d_b716_16db25bf341a-34-804f1110-29a8-4e30-8837-98468b4d88ac=Assignment(partitions=[topic-d9d5dd84_02b0_478d_b716_16db25bf341a-0])}
2025-07-31 17:00:51,074 INFO  [org.apa.kaf.cli.con.int.ConsumerCoordinator] (Thread-853) [Consumer clientId=consumer-Consumer-topic-d9d5dd84_02b0_478d_b716_16db25bf341a-34, groupId=Consumer-topic-d9d5dd84_02b0_478d_b716_16db25bf341a] Successfully synced group in generation Generation{generationId=1, memberId='consumer-Consumer-topic-d9d5dd84_02b0_478d_b716_16db25bf341a-34-804f1110-29a8-4e30-8837-98468b4d88ac', protocol='range'}
2025-07-31 17:00:51,074 INFO  [org.apa.kaf.cli.con.int.ConsumerCoordinator] (Thread-853) [Consumer clientId=consumer-Consumer-topic-d9d5dd84_02b0_478d_b716_16db25bf341a-34, groupId=Consumer-topic-d9d5dd84_02b0_478d_b716_16db25bf341a] Notifying assignor about the new Assignment(partitions=[topic-d9d5dd84_02b0_478d_b716_16db25bf341a-0])
2025-07-31 17:00:51,074 INFO  [org.apa.kaf.cli.con.int.ConsumerRebalanceListenerInvoker] (Thread-853) [Consumer clientId=consumer-Consumer-topic-d9d5dd84_02b0_478d_b716_16db25bf341a-34, groupId=Consumer-topic-d9d5dd84_02b0_478d_b716_16db25bf341a] Adding newly assigned partitions: topic-d9d5dd84_02b0_478d_b716_16db25bf341a-0
2025-07-31 17:00:51,075 INFO  [org.apa.kaf.cli.con.int.ConsumerCoordinator] (Thread-853) [Consumer clientId=consumer-Consumer-topic-d9d5dd84_02b0_478d_b716_16db25bf341a-34, groupId=Consumer-topic-d9d5dd84_02b0_478d_b716_16db25bf341a] Found no committed offset for partition topic-d9d5dd84_02b0_478d_b716_16db25bf341a-0
2025-07-31 17:00:51,078 INFO  [org.apa.kaf.cli.con.int.SubscriptionState] (Thread-853) [Consumer clientId=consumer-Consumer-topic-d9d5dd84_02b0_478d_b716_16db25bf341a-34, groupId=Consumer-topic-d9d5dd84_02b0_478d_b716_16db25bf341a] Resetting offset for partition topic-d9d5dd84_02b0_478d_b716_16db25bf341a-0 to position FetchPosition{offset=0, offsetEpoch=Optional.empty, currentLeader=LeaderAndEpoch{leader=Optional[localhost:32770 (id: 0 rack: null)], epoch=0}}.
2025-07-31 17:00:51,155 INFO  [io.api.tes.ser.api.KafkaSerdesTester] (Thread-853) topic-d9d5dd84_02b0_478d_b716_16db25bf341a 0 0 {"key1": "value-0"}
2025-07-31 17:00:51,155 INFO  [io.api.tes.ser.api.KafkaSerdesTester] (Thread-853) topic-d9d5dd84_02b0_478d_b716_16db25bf341a 0 1 {"key1": "value-1"}
2025-07-31 17:00:51,155 INFO  [io.api.tes.ser.api.KafkaSerdesTester] (Thread-853) topic-d9d5dd84_02b0_478d_b716_16db25bf341a 0 2 {"key1": "value-2"}
2025-07-31 17:00:51,155 INFO  [io.api.tes.ser.api.KafkaSerdesTester] (Thread-853) topic-d9d5dd84_02b0_478d_b716_16db25bf341a 0 3 {"key1": "value-3"}
2025-07-31 17:00:51,156 INFO  [io.api.tes.ser.api.KafkaSerdesTester] (Thread-853) topic-d9d5dd84_02b0_478d_b716_16db25bf341a 0 4 {"key1": "value-4"}
2025-07-31 17:00:51,156 INFO  [io.api.tes.ser.api.KafkaSerdesTester] (Thread-853) topic-d9d5dd84_02b0_478d_b716_16db25bf341a 0 5 {"key1": "value-5"}
2025-07-31 17:00:51,156 INFO  [io.api.tes.ser.api.KafkaSerdesTester] (Thread-853) topic-d9d5dd84_02b0_478d_b716_16db25bf341a 0 6 {"key1": "value-6"}
2025-07-31 17:00:51,156 INFO  [io.api.tes.ser.api.KafkaSerdesTester] (Thread-853) topic-d9d5dd84_02b0_478d_b716_16db25bf341a 0 7 {"key1": "value-7"}
2025-07-31 17:00:51,157 INFO  [io.api.tes.ser.api.KafkaSerdesTester] (Thread-853) topic-d9d5dd84_02b0_478d_b716_16db25bf341a 0 8 {"key1": "value-8"}
2025-07-31 17:00:51,157 INFO  [io.api.tes.ser.api.KafkaSerdesTester] (Thread-853) topic-d9d5dd84_02b0_478d_b716_16db25bf341a 0 9 {"key1": "value-9"}
2025-07-31 17:00:51,157 INFO  [io.api.tes.ser.api.KafkaSerdesTester] (Thread-853) Consumed 10 messages
2025-07-31 17:00:51,159 INFO  [org.apa.kaf.cli.con.int.ConsumerRebalanceListenerInvoker] (Thread-853) [Consumer clientId=consumer-Consumer-topic-d9d5dd84_02b0_478d_b716_16db25bf341a-34, groupId=Consumer-topic-d9d5dd84_02b0_478d_b716_16db25bf341a] Revoke previously assigned partitions topic-d9d5dd84_02b0_478d_b716_16db25bf341a-0
2025-07-31 17:00:51,159 INFO  [org.apa.kaf.cli.con.int.ConsumerCoordinator] (Thread-853) [Consumer clientId=consumer-Consumer-topic-d9d5dd84_02b0_478d_b716_16db25bf341a-34, groupId=Consumer-topic-d9d5dd84_02b0_478d_b716_16db25bf341a] Member consumer-Consumer-topic-d9d5dd84_02b0_478d_b716_16db25bf341a-34-804f1110-29a8-4e30-8837-98468b4d88ac sending LeaveGroup request to coordinator localhost:32770 (id: 2147483647 rack: null) due to the consumer is being closed
2025-07-31 17:00:51,159 INFO  [org.apa.kaf.cli.con.int.ConsumerCoordinator] (Thread-853) [Consumer clientId=consumer-Consumer-topic-d9d5dd84_02b0_478d_b716_16db25bf341a-34, groupId=Consumer-topic-d9d5dd84_02b0_478d_b716_16db25bf341a] Resetting generation and member id due to: consumer pro-actively leaving the group
2025-07-31 17:00:51,159 INFO  [org.apa.kaf.cli.con.int.ConsumerCoordinator] (Thread-853) [Consumer clientId=consumer-Consumer-topic-d9d5dd84_02b0_478d_b716_16db25bf341a-34, groupId=Consumer-topic-d9d5dd84_02b0_478d_b716_16db25bf341a] Request joining group due to: consumer pro-actively leaving the group
2025-07-31 17:00:51,659 INFO  [org.apa.kaf.com.met.Metrics] (Thread-853) Metrics scheduler closed
2025-07-31 17:00:51,659 INFO  [org.apa.kaf.com.met.Metrics] (Thread-853) Closing reporter org.apache.kafka.common.metrics.JmxReporter
2025-07-31 17:00:51,659 INFO  [org.apa.kaf.com.met.Metrics] (Thread-853) Closing reporter org.apache.kafka.common.telemetry.internals.ClientTelemetryReporter
2025-07-31 17:00:51,659 INFO  [org.apa.kaf.com.met.Metrics] (Thread-853) Metrics reporters closed
2025-07-31 17:00:51,661 INFO  [org.apa.kaf.com.uti.AppInfoParser] (Thread-853) App info kafka.consumer for consumer-Consumer-topic-d9d5dd84_02b0_478d_b716_16db25bf341a-34 unregistered
2025-07-31 17:00:51,710 INFO  [io.api.tes.ser.con.BasicConfluentSerDesIT] (main) Deleting confluent schema topic-d9d5dd84_02b0_478d_b716_16db25bf341a-value
2025-07-31 17:00:51,736 INFO  [io.api.tes.uti.TestSeparator] (main) io.apicurio.tests.serdes.confluent.BasicConfluentSerDesIT.testAvroConfluentApicurio-FINISHED
2025-07-31 17:00:51,736 INFO  [io.api.tes.uti.TestSeparator] (main) ############################################################################
Test passed: testAvroConfluentApicurio
]]></system-out>
  </testcase>
  <testcase name="testAvroConfluentSerDesWrongStrategyTopic" classname="io.apicurio.tests.serdes.confluent.BasicConfluentSerDesIT" time="0.208">
    <system-out><![CDATA[2025-07-31 17:00:51,737 INFO  [io.api.tes.uti.TestSeparator] (main) ############################################################################
2025-07-31 17:00:51,737 INFO  [io.api.tes.uti.TestSeparator] (main) io.apicurio.tests.serdes.confluent.BasicConfluentSerDesIT.testAvroConfluentSerDesWrongStrategyTopic-STARTED
2025-07-31 17:00:51,800 INFO  [io.api.tes.ser.con.BasicConfluentSerDesIT] (main) Checking that created schema is equal to the get schema
2025-07-31 17:00:51,826 INFO  [io.api.tes.ser.con.BasicConfluentSerDesIT] (main) Created schema with id:101 and name:myrecordconfluent3
**** Registry Base URL: http://registry-app-inmemory.apps.ci419.apicurio-testing.org:80
2025-07-31 17:00:51,827 INFO  [org.apa.kaf.cli.pro.ProducerConfig] (main) ProducerConfig values: 
	acks = -1
	auto.include.jmx.reporter = true
	batch.size = 16384
	bootstrap.servers = [PLAINTEXT://localhost:32770]
	buffer.memory = 33554432
	client.dns.lookup = use_all_dns_ips
	client.id = Producer-topic-fe4cfd3c_7eec_4ab0_83c8_cce35e9b04bd
	compression.gzip.level = -1
	compression.lz4.level = 9
	compression.type = none
	compression.zstd.level = 3
	connections.max.idle.ms = 10000
	delivery.timeout.ms = 120000
	enable.idempotence = true
	enable.metrics.push = true
	interceptor.classes = []
	key.serializer = class org.apache.kafka.common.serialization.StringSerializer
	linger.ms = 0
	max.block.ms = 60000
	max.in.flight.requests.per.connection = 5
	max.request.size = 1048576
	metadata.max.age.ms = 300000
	metadata.max.idle.ms = 300000
	metadata.recovery.strategy = none
	metric.reporters = []
	metrics.num.samples = 2
	metrics.recording.level = INFO
	metrics.sample.window.ms = 30000
	partitioner.adaptive.partitioning.enable = true
	partitioner.availability.timeout.ms = 0
	partitioner.class = null
	partitioner.ignore.keys = false
	receive.buffer.bytes = 32768
	reconnect.backoff.max.ms = 1000
	reconnect.backoff.ms = 50
	request.timeout.ms = 5000
	retries = 2147483647
	retry.backoff.max.ms = 1000
	retry.backoff.ms = 100
	sasl.client.callback.handler.class = null
	sasl.jaas.config = null
	sasl.kerberos.kinit.cmd = /usr/bin/kinit
	sasl.kerberos.min.time.before.relogin = 60000
	sasl.kerberos.service.name = null
	sasl.kerberos.ticket.renew.jitter = 0.05
	sasl.kerberos.ticket.renew.window.factor = 0.8
	sasl.login.callback.handler.class = null
	sasl.login.class = null
	sasl.login.connect.timeout.ms = null
	sasl.login.read.timeout.ms = null
	sasl.login.refresh.buffer.seconds = 300
	sasl.login.refresh.min.period.seconds = 60
	sasl.login.refresh.window.factor = 0.8
	sasl.login.refresh.window.jitter = 0.05
	sasl.login.retry.backoff.max.ms = 10000
	sasl.login.retry.backoff.ms = 100
	sasl.mechanism = GSSAPI
	sasl.oauthbearer.clock.skew.seconds = 30
	sasl.oauthbearer.expected.audience = null
	sasl.oauthbearer.expected.issuer = null
	sasl.oauthbearer.header.urlencode = false
	sasl.oauthbearer.jwks.endpoint.refresh.ms = 3600000
	sasl.oauthbearer.jwks.endpoint.retry.backoff.max.ms = 10000
	sasl.oauthbearer.jwks.endpoint.retry.backoff.ms = 100
	sasl.oauthbearer.jwks.endpoint.url = null
	sasl.oauthbearer.scope.claim.name = scope
	sasl.oauthbearer.sub.claim.name = sub
	sasl.oauthbearer.token.endpoint.url = null
	security.protocol = PLAINTEXT
	security.providers = null
	send.buffer.bytes = 131072
	socket.connection.setup.timeout.max.ms = 30000
	socket.connection.setup.timeout.ms = 10000
	ssl.cipher.suites = null
	ssl.enabled.protocols = [TLSv1.2, TLSv1.3]
	ssl.endpoint.identification.algorithm = https
	ssl.engine.factory.class = null
	ssl.key.password = null
	ssl.keymanager.algorithm = SunX509
	ssl.keystore.certificate.chain = null
	ssl.keystore.key = null
	ssl.keystore.location = null
	ssl.keystore.password = null
	ssl.keystore.type = JKS
	ssl.protocol = TLSv1.3
	ssl.provider = null
	ssl.secure.random.implementation = null
	ssl.trustmanager.algorithm = PKIX
	ssl.truststore.certificates = null
	ssl.truststore.location = null
	ssl.truststore.password = null
	ssl.truststore.type = JKS
	transaction.timeout.ms = 60000
	transactional.id = null
	value.serializer = class io.confluent.kafka.serializers.KafkaAvroSerializer

2025-07-31 17:00:51,827 INFO  [org.apa.kaf.com.tel.int.KafkaMetricsCollector] (main) initializing Kafka metrics collector
2025-07-31 17:00:51,828 INFO  [io.con.kaf.ser.KafkaAvroSerializerConfig] (main) KafkaAvroSerializerConfig values: 
	auto.register.schemas = false
	avro.reflection.allow.null = false
	avro.remove.java.properties = false
	avro.use.logical.type.converters = false
	basic.auth.credentials.source = URL
	basic.auth.user.info = [hidden]
	bearer.auth.cache.expiry.buffer.seconds = 300
	bearer.auth.client.id = null
	bearer.auth.client.secret = null
	bearer.auth.credentials.source = STATIC_TOKEN
	bearer.auth.custom.provider.class = null
	bearer.auth.identity.pool.id = null
	bearer.auth.issuer.endpoint.url = null
	bearer.auth.logical.cluster = null
	bearer.auth.scope = null
	bearer.auth.scope.claim.name = scope
	bearer.auth.sub.claim.name = sub
	bearer.auth.token = [hidden]
	context.name.strategy = class io.confluent.kafka.serializers.context.NullContextNameStrategy
	http.connect.timeout.ms = 60000
	http.read.timeout.ms = 60000
	id.compatibility.strict = true
	key.schema.id.deserializer = class io.confluent.kafka.serializers.schema.id.DualSchemaIdDeserializer
	key.schema.id.serializer = class io.confluent.kafka.serializers.schema.id.PrefixSchemaIdSerializer
	key.subject.name.strategy = class io.confluent.kafka.serializers.subject.TopicNameStrategy
	latest.cache.size = 1000
	latest.cache.ttl.sec = -1
	latest.compatibility.strict = true
	max.retries = 3
	max.schemas.per.subject = 1000
	normalize.schemas = false
	propagate.schema.tags = false
	proxy.host = 
	proxy.port = -1
	retries.max.wait.ms = 20000
	retries.wait.ms = 1000
	rule.actions = []
	rule.executors = []
	rule.service.loader.enable = true
	schema.format = null
	schema.reflection = false
	schema.registry.basic.auth.user.info = [hidden]
	schema.registry.ssl.cipher.suites = null
	schema.registry.ssl.enabled.protocols = [TLSv1.2, TLSv1.3]
	schema.registry.ssl.endpoint.identification.algorithm = https
	schema.registry.ssl.engine.factory.class = null
	schema.registry.ssl.key.password = null
	schema.registry.ssl.keymanager.algorithm = SunX509
	schema.registry.ssl.keystore.certificate.chain = null
	schema.registry.ssl.keystore.key = null
	schema.registry.ssl.keystore.location = null
	schema.registry.ssl.keystore.password = null
	schema.registry.ssl.keystore.type = JKS
	schema.registry.ssl.protocol = TLSv1.3
	schema.registry.ssl.provider = null
	schema.registry.ssl.secure.random.implementation = null
	schema.registry.ssl.trustmanager.algorithm = PKIX
	schema.registry.ssl.truststore.certificates = null
	schema.registry.ssl.truststore.location = null
	schema.registry.ssl.truststore.password = null
	schema.registry.ssl.truststore.type = JKS
	schema.registry.url = [http://registry-app-inmemory.apps.ci419.apicurio-testing.org:80/apis/ccompat/v7]
	schema.registry.url.randomize = false
	use.latest.version = false
	use.latest.with.metadata = null
	use.schema.id = -1
	value.schema.id.deserializer = class io.confluent.kafka.serializers.schema.id.DualSchemaIdDeserializer
	value.schema.id.serializer = class io.confluent.kafka.serializers.schema.id.PrefixSchemaIdSerializer
	value.subject.name.strategy = class io.confluent.kafka.serializers.subject.TopicNameStrategy

2025-07-31 17:00:51,829 INFO  [org.apa.kaf.cli.pro.KafkaProducer] (main) [Producer clientId=Producer-topic-fe4cfd3c_7eec_4ab0_83c8_cce35e9b04bd] Instantiated an idempotent producer.
2025-07-31 17:00:51,830 INFO  [org.apa.kaf.cli.pro.ProducerConfig] (main) These configurations '[schema.registry.url, auto.register.schemas, value.subject.name.strategy]' were supplied but are not used yet.
2025-07-31 17:00:51,830 INFO  [org.apa.kaf.com.uti.AppInfoParser] (main) Kafka version: 3.9.1
2025-07-31 17:00:51,830 INFO  [org.apa.kaf.com.uti.AppInfoParser] (main) Kafka commitId: f745dfdcee2b9851
2025-07-31 17:00:51,831 INFO  [org.apa.kaf.com.uti.AppInfoParser] (main) Kafka startTimeMs: 1753981251830
2025-07-31 17:00:51,831 INFO  [io.api.tes.ser.api.KafkaSerdesTester] (Thread-854) Sending message {"key1": "value-0"} to topic topic-fe4cfd3c_7eec_4ab0_83c8_cce35e9b04bd
2025-07-31 17:00:51,834 INFO  [org.apa.kaf.cli.Metadata] (kafka-producer-network-thread | Producer-topic-fe4cfd3c_7eec_4ab0_83c8_cce35e9b04bd) [Producer clientId=Producer-topic-fe4cfd3c_7eec_4ab0_83c8_cce35e9b04bd] Cluster ID: JfHT16fFSb-b502x6d9TJg
2025-07-31 17:00:51,834 INFO  [org.apa.kaf.cli.pro.int.TransactionManager] (kafka-producer-network-thread | Producer-topic-fe4cfd3c_7eec_4ab0_83c8_cce35e9b04bd) [Producer clientId=Producer-topic-fe4cfd3c_7eec_4ab0_83c8_cce35e9b04bd] ProducerId set to 47 with epoch 0
2025-07-31 17:00:51,867 INFO  [org.apa.kaf.cli.pro.KafkaProducer] (Thread-854) [Producer clientId=Producer-topic-fe4cfd3c_7eec_4ab0_83c8_cce35e9b04bd] Closing the Kafka producer with timeoutMillis = 9223372036854775807 ms.
2025-07-31 17:00:51,868 INFO  [org.apa.kaf.com.met.Metrics] (Thread-854) Metrics scheduler closed
2025-07-31 17:00:51,868 INFO  [org.apa.kaf.com.met.Metrics] (Thread-854) Closing reporter org.apache.kafka.common.metrics.JmxReporter
2025-07-31 17:00:51,868 INFO  [org.apa.kaf.com.met.Metrics] (Thread-854) Closing reporter org.apache.kafka.common.telemetry.internals.ClientTelemetryReporter
2025-07-31 17:00:51,868 INFO  [org.apa.kaf.com.met.Metrics] (Thread-854) Metrics reporters closed
2025-07-31 17:00:51,868 INFO  [org.apa.kaf.com.uti.AppInfoParser] (Thread-854) App info kafka.producer for Producer-topic-fe4cfd3c_7eec_4ab0_83c8_cce35e9b04bd unregistered
2025-07-31 17:00:51,919 INFO  [io.api.tes.ser.con.BasicConfluentSerDesIT] (main) Deleting confluent schema myrecordconfluent3
2025-07-31 17:00:51,945 INFO  [io.api.tes.uti.TestSeparator] (main) io.apicurio.tests.serdes.confluent.BasicConfluentSerDesIT.testAvroConfluentSerDesWrongStrategyTopic-FINISHED
2025-07-31 17:00:51,945 INFO  [io.api.tes.uti.TestSeparator] (main) ############################################################################
Test passed: testAvroConfluentSerDesWrongStrategyTopic
]]></system-out>
  </testcase>
  <testcase name="testAvroApicurioConfluent" classname="io.apicurio.tests.serdes.confluent.BasicConfluentSerDesIT" time="1.804">
    <system-out><![CDATA[2025-07-31 17:00:51,946 INFO  [io.api.tes.uti.TestSeparator] (main) ############################################################################
2025-07-31 17:00:51,946 INFO  [io.api.tes.uti.TestSeparator] (main) io.apicurio.tests.serdes.confluent.BasicConfluentSerDesIT.testAvroApicurioConfluent-STARTED
**** Registry Base URL: http://registry-app-inmemory.apps.ci419.apicurio-testing.org:80
2025-07-31 17:00:53,005 INFO  [org.apa.kaf.cli.pro.ProducerConfig] (main) ProducerConfig values: 
	acks = -1
	auto.include.jmx.reporter = true
	batch.size = 16384
	bootstrap.servers = [PLAINTEXT://localhost:32770]
	buffer.memory = 33554432
	client.dns.lookup = use_all_dns_ips
	client.id = Producer-topic-608730c5_2b9f_475e_803a_d5900a3b30c6
	compression.gzip.level = -1
	compression.lz4.level = 9
	compression.type = none
	compression.zstd.level = 3
	connections.max.idle.ms = 10000
	delivery.timeout.ms = 120000
	enable.idempotence = true
	enable.metrics.push = true
	interceptor.classes = []
	key.serializer = class org.apache.kafka.common.serialization.StringSerializer
	linger.ms = 0
	max.block.ms = 60000
	max.in.flight.requests.per.connection = 5
	max.request.size = 1048576
	metadata.max.age.ms = 300000
	metadata.max.idle.ms = 300000
	metadata.recovery.strategy = none
	metric.reporters = []
	metrics.num.samples = 2
	metrics.recording.level = INFO
	metrics.sample.window.ms = 30000
	partitioner.adaptive.partitioning.enable = true
	partitioner.availability.timeout.ms = 0
	partitioner.class = null
	partitioner.ignore.keys = false
	receive.buffer.bytes = 32768
	reconnect.backoff.max.ms = 1000
	reconnect.backoff.ms = 50
	request.timeout.ms = 5000
	retries = 2147483647
	retry.backoff.max.ms = 1000
	retry.backoff.ms = 100
	sasl.client.callback.handler.class = null
	sasl.jaas.config = null
	sasl.kerberos.kinit.cmd = /usr/bin/kinit
	sasl.kerberos.min.time.before.relogin = 60000
	sasl.kerberos.service.name = null
	sasl.kerberos.ticket.renew.jitter = 0.05
	sasl.kerberos.ticket.renew.window.factor = 0.8
	sasl.login.callback.handler.class = null
	sasl.login.class = null
	sasl.login.connect.timeout.ms = null
	sasl.login.read.timeout.ms = null
	sasl.login.refresh.buffer.seconds = 300
	sasl.login.refresh.min.period.seconds = 60
	sasl.login.refresh.window.factor = 0.8
	sasl.login.refresh.window.jitter = 0.05
	sasl.login.retry.backoff.max.ms = 10000
	sasl.login.retry.backoff.ms = 100
	sasl.mechanism = GSSAPI
	sasl.oauthbearer.clock.skew.seconds = 30
	sasl.oauthbearer.expected.audience = null
	sasl.oauthbearer.expected.issuer = null
	sasl.oauthbearer.header.urlencode = false
	sasl.oauthbearer.jwks.endpoint.refresh.ms = 3600000
	sasl.oauthbearer.jwks.endpoint.retry.backoff.max.ms = 10000
	sasl.oauthbearer.jwks.endpoint.retry.backoff.ms = 100
	sasl.oauthbearer.jwks.endpoint.url = null
	sasl.oauthbearer.scope.claim.name = scope
	sasl.oauthbearer.sub.claim.name = sub
	sasl.oauthbearer.token.endpoint.url = null
	security.protocol = PLAINTEXT
	security.providers = null
	send.buffer.bytes = 131072
	socket.connection.setup.timeout.max.ms = 30000
	socket.connection.setup.timeout.ms = 10000
	ssl.cipher.suites = null
	ssl.enabled.protocols = [TLSv1.2, TLSv1.3]
	ssl.endpoint.identification.algorithm = https
	ssl.engine.factory.class = null
	ssl.key.password = null
	ssl.keymanager.algorithm = SunX509
	ssl.keystore.certificate.chain = null
	ssl.keystore.key = null
	ssl.keystore.location = null
	ssl.keystore.password = null
	ssl.keystore.type = JKS
	ssl.protocol = TLSv1.3
	ssl.provider = null
	ssl.secure.random.implementation = null
	ssl.trustmanager.algorithm = PKIX
	ssl.truststore.certificates = null
	ssl.truststore.location = null
	ssl.truststore.password = null
	ssl.truststore.type = JKS
	transaction.timeout.ms = 60000
	transactional.id = null
	value.serializer = class io.apicurio.registry.serde.avro.AvroKafkaSerializer

2025-07-31 17:00:53,006 INFO  [org.apa.kaf.com.tel.int.KafkaMetricsCollector] (main) initializing Kafka metrics collector
2025-07-31 17:00:53,008 INFO  [org.apa.kaf.cli.pro.KafkaProducer] (main) [Producer clientId=Producer-topic-608730c5_2b9f_475e_803a_d5900a3b30c6] Instantiated an idempotent producer.
2025-07-31 17:00:53,009 INFO  [org.apa.kaf.cli.pro.ProducerConfig] (main) These configurations '[apicurio.registry.url, apicurio.registry.artifact-resolver-strategy]' were supplied but are not used yet.
2025-07-31 17:00:53,009 INFO  [org.apa.kaf.com.uti.AppInfoParser] (main) Kafka version: 3.9.1
2025-07-31 17:00:53,009 INFO  [org.apa.kaf.com.uti.AppInfoParser] (main) Kafka commitId: f745dfdcee2b9851
2025-07-31 17:00:53,009 INFO  [org.apa.kaf.com.uti.AppInfoParser] (main) Kafka startTimeMs: 1753981253009
2025-07-31 17:00:53,009 INFO  [io.api.tes.ser.api.SimpleSerdesTesterBuilder$SimpleSerdesTester] (main) Using producer configuration: {apicurio.registry.url=http://registry-app-inmemory.apps.ci419.apicurio-testing.org:80/apis/registry/v3, apicurio.registry.artifact-resolver-strategy=io.apicurio.registry.serde.strategy.TopicIdStrategy, value.serializer=io.apicurio.registry.serde.avro.AvroKafkaSerializer, request.timeout.ms=5000, acks=all, bootstrap.servers=PLAINTEXT://localhost:32770, connections.max.idle.ms=10000, key.serializer=org.apache.kafka.common.serialization.StringSerializer, client.id=Producer-topic-608730c5_2b9f_475e_803a_d5900a3b30c6}
2025-07-31 17:00:53,009 INFO  [io.api.tes.ser.api.SimpleSerdesTesterBuilder$SimpleSerdesTester] (main) Using consumer configuration: {}
2025-07-31 17:00:53,010 INFO  [io.api.tes.ser.api.KafkaSerdesTester] (Thread-857) Sending message {"key1": "value-0"} to topic topic-608730c5_2b9f_475e_803a_d5900a3b30c6
2025-07-31 17:00:53,012 INFO  [org.apa.kaf.cli.Metadata] (kafka-producer-network-thread | Producer-topic-608730c5_2b9f_475e_803a_d5900a3b30c6) [Producer clientId=Producer-topic-608730c5_2b9f_475e_803a_d5900a3b30c6] Cluster ID: JfHT16fFSb-b502x6d9TJg
2025-07-31 17:00:53,012 INFO  [DefaultSchemaResolver] (Thread-857) Retrieving schema content using string: {"type":"record","name":"myrecordconfluent1","fields":[{"name":"key1","type":"string"}]}
2025-07-31 17:00:53,013 INFO  [org.apa.kaf.cli.pro.int.TransactionManager] (kafka-producer-network-thread | Producer-topic-608730c5_2b9f_475e_803a_d5900a3b30c6) [Producer clientId=Producer-topic-608730c5_2b9f_475e_803a_d5900a3b30c6] ProducerId set to 48 with epoch 0
2025-07-31 17:00:53,068 INFO  [io.api.tes.ser.api.KafkaSerdesTester] (Thread-857) Sending message {"key1": "value-1"} to topic topic-608730c5_2b9f_475e_803a_d5900a3b30c6
2025-07-31 17:00:53,069 INFO  [io.api.tes.ser.api.KafkaSerdesTester] (Thread-857) Sending message {"key1": "value-2"} to topic topic-608730c5_2b9f_475e_803a_d5900a3b30c6
2025-07-31 17:00:53,070 INFO  [io.api.tes.ser.api.KafkaSerdesTester] (Thread-857) Sending message {"key1": "value-3"} to topic topic-608730c5_2b9f_475e_803a_d5900a3b30c6
2025-07-31 17:00:53,071 INFO  [io.api.tes.ser.api.KafkaSerdesTester] (Thread-857) Sending message {"key1": "value-4"} to topic topic-608730c5_2b9f_475e_803a_d5900a3b30c6
2025-07-31 17:00:53,072 INFO  [io.api.tes.ser.api.KafkaSerdesTester] (Thread-857) Sending message {"key1": "value-5"} to topic topic-608730c5_2b9f_475e_803a_d5900a3b30c6
2025-07-31 17:00:53,073 INFO  [io.api.tes.ser.api.KafkaSerdesTester] (Thread-857) Sending message {"key1": "value-6"} to topic topic-608730c5_2b9f_475e_803a_d5900a3b30c6
2025-07-31 17:00:53,074 INFO  [io.api.tes.ser.api.KafkaSerdesTester] (Thread-857) Sending message {"key1": "value-7"} to topic topic-608730c5_2b9f_475e_803a_d5900a3b30c6
2025-07-31 17:00:53,075 INFO  [io.api.tes.ser.api.KafkaSerdesTester] (Thread-857) Sending message {"key1": "value-8"} to topic topic-608730c5_2b9f_475e_803a_d5900a3b30c6
2025-07-31 17:00:53,076 INFO  [io.api.tes.ser.api.KafkaSerdesTester] (Thread-857) Sending message {"key1": "value-9"} to topic topic-608730c5_2b9f_475e_803a_d5900a3b30c6
2025-07-31 17:00:53,076 INFO  [io.api.tes.ser.api.KafkaSerdesTester] (Thread-857) Produced 10 messages
2025-07-31 17:00:53,076 INFO  [org.apa.kaf.cli.pro.KafkaProducer] (Thread-857) [Producer clientId=Producer-topic-608730c5_2b9f_475e_803a_d5900a3b30c6] Closing the Kafka producer with timeoutMillis = 9223372036854775807 ms.
2025-07-31 17:00:53,078 INFO  [org.apa.kaf.com.met.Metrics] (Thread-857) Metrics scheduler closed
2025-07-31 17:00:53,078 INFO  [org.apa.kaf.com.met.Metrics] (Thread-857) Closing reporter org.apache.kafka.common.metrics.JmxReporter
2025-07-31 17:00:53,078 INFO  [org.apa.kaf.com.met.Metrics] (Thread-857) Closing reporter org.apache.kafka.common.telemetry.internals.ClientTelemetryReporter
2025-07-31 17:00:53,078 INFO  [org.apa.kaf.com.met.Metrics] (Thread-857) Metrics reporters closed
2025-07-31 17:00:53,078 INFO  [org.apa.kaf.com.uti.AppInfoParser] (Thread-857) App info kafka.producer for Producer-topic-608730c5_2b9f_475e_803a_d5900a3b30c6 unregistered
**** Registry Base URL: http://registry-app-inmemory.apps.ci419.apicurio-testing.org:80
2025-07-31 17:00:53,078 INFO  [org.apa.kaf.cli.con.ConsumerConfig] (main) ConsumerConfig values: 
	allow.auto.create.topics = true
	auto.commit.interval.ms = 500
	auto.include.jmx.reporter = true
	auto.offset.reset = earliest
	bootstrap.servers = [PLAINTEXT://localhost:32770]
	check.crcs = true
	client.dns.lookup = use_all_dns_ips
	client.id = consumer-Consumer-topic-608730c5_2b9f_475e_803a_d5900a3b30c6-35
	client.rack = 
	connections.max.idle.ms = 10000
	default.api.timeout.ms = 60000
	enable.auto.commit = true
	enable.metrics.push = true
	exclude.internal.topics = true
	fetch.max.bytes = 52428800
	fetch.max.wait.ms = 500
	fetch.min.bytes = 1
	group.id = Consumer-topic-608730c5_2b9f_475e_803a_d5900a3b30c6
	group.instance.id = null
	group.protocol = classic
	group.remote.assignor = null
	heartbeat.interval.ms = 3000
	interceptor.classes = []
	internal.leave.group.on.close = true
	internal.throw.on.fetch.stable.offset.unsupported = false
	isolation.level = read_uncommitted
	key.deserializer = class org.apache.kafka.common.serialization.StringDeserializer
	max.partition.fetch.bytes = 1048576
	max.poll.interval.ms = 300000
	max.poll.records = 500
	metadata.max.age.ms = 300000
	metadata.recovery.strategy = none
	metric.reporters = []
	metrics.num.samples = 2
	metrics.recording.level = INFO
	metrics.sample.window.ms = 30000
	partition.assignment.strategy = [class org.apache.kafka.clients.consumer.RangeAssignor, class org.apache.kafka.clients.consumer.CooperativeStickyAssignor]
	receive.buffer.bytes = 65536
	reconnect.backoff.max.ms = 1000
	reconnect.backoff.ms = 50
	request.timeout.ms = 5000
	retry.backoff.max.ms = 1000
	retry.backoff.ms = 100
	sasl.client.callback.handler.class = null
	sasl.jaas.config = null
	sasl.kerberos.kinit.cmd = /usr/bin/kinit
	sasl.kerberos.min.time.before.relogin = 60000
	sasl.kerberos.service.name = null
	sasl.kerberos.ticket.renew.jitter = 0.05
	sasl.kerberos.ticket.renew.window.factor = 0.8
	sasl.login.callback.handler.class = null
	sasl.login.class = null
	sasl.login.connect.timeout.ms = null
	sasl.login.read.timeout.ms = null
	sasl.login.refresh.buffer.seconds = 300
	sasl.login.refresh.min.period.seconds = 60
	sasl.login.refresh.window.factor = 0.8
	sasl.login.refresh.window.jitter = 0.05
	sasl.login.retry.backoff.max.ms = 10000
	sasl.login.retry.backoff.ms = 100
	sasl.mechanism = GSSAPI
	sasl.oauthbearer.clock.skew.seconds = 30
	sasl.oauthbearer.expected.audience = null
	sasl.oauthbearer.expected.issuer = null
	sasl.oauthbearer.header.urlencode = false
	sasl.oauthbearer.jwks.endpoint.refresh.ms = 3600000
	sasl.oauthbearer.jwks.endpoint.retry.backoff.max.ms = 10000
	sasl.oauthbearer.jwks.endpoint.retry.backoff.ms = 100
	sasl.oauthbearer.jwks.endpoint.url = null
	sasl.oauthbearer.scope.claim.name = scope
	sasl.oauthbearer.sub.claim.name = sub
	sasl.oauthbearer.token.endpoint.url = null
	security.protocol = PLAINTEXT
	security.providers = null
	send.buffer.bytes = 131072
	session.timeout.ms = 45000
	socket.connection.setup.timeout.max.ms = 30000
	socket.connection.setup.timeout.ms = 10000
	ssl.cipher.suites = null
	ssl.enabled.protocols = [TLSv1.2, TLSv1.3]
	ssl.endpoint.identification.algorithm = https
	ssl.engine.factory.class = null
	ssl.key.password = null
	ssl.keymanager.algorithm = SunX509
	ssl.keystore.certificate.chain = null
	ssl.keystore.key = null
	ssl.keystore.location = null
	ssl.keystore.password = null
	ssl.keystore.type = JKS
	ssl.protocol = TLSv1.3
	ssl.provider = null
	ssl.secure.random.implementation = null
	ssl.trustmanager.algorithm = PKIX
	ssl.truststore.certificates = null
	ssl.truststore.location = null
	ssl.truststore.password = null
	ssl.truststore.type = JKS
	value.deserializer = class io.confluent.kafka.serializers.KafkaAvroDeserializer

2025-07-31 17:00:53,079 INFO  [org.apa.kaf.com.tel.int.KafkaMetricsCollector] (main) initializing Kafka metrics collector
2025-07-31 17:00:53,079 INFO  [io.con.kaf.ser.KafkaAvroDeserializerConfig] (main) KafkaAvroDeserializerConfig values: 
	auto.register.schemas = true
	avro.reflection.allow.null = false
	avro.use.logical.type.converters = false
	basic.auth.credentials.source = URL
	basic.auth.user.info = [hidden]
	bearer.auth.cache.expiry.buffer.seconds = 300
	bearer.auth.client.id = null
	bearer.auth.client.secret = null
	bearer.auth.credentials.source = STATIC_TOKEN
	bearer.auth.custom.provider.class = null
	bearer.auth.identity.pool.id = null
	bearer.auth.issuer.endpoint.url = null
	bearer.auth.logical.cluster = null
	bearer.auth.scope = null
	bearer.auth.scope.claim.name = scope
	bearer.auth.sub.claim.name = sub
	bearer.auth.token = [hidden]
	context.name.strategy = class io.confluent.kafka.serializers.context.NullContextNameStrategy
	http.connect.timeout.ms = 60000
	http.read.timeout.ms = 60000
	id.compatibility.strict = true
	key.schema.id.deserializer = class io.confluent.kafka.serializers.schema.id.DualSchemaIdDeserializer
	key.schema.id.serializer = class io.confluent.kafka.serializers.schema.id.PrefixSchemaIdSerializer
	key.subject.name.strategy = class io.confluent.kafka.serializers.subject.TopicNameStrategy
	latest.cache.size = 1000
	latest.cache.ttl.sec = -1
	latest.compatibility.strict = true
	max.retries = 3
	max.schemas.per.subject = 1000
	normalize.schemas = false
	propagate.schema.tags = false
	proxy.host = 
	proxy.port = -1
	retries.max.wait.ms = 20000
	retries.wait.ms = 1000
	rule.actions = []
	rule.executors = []
	rule.service.loader.enable = true
	schema.format = null
	schema.reflection = false
	schema.registry.basic.auth.user.info = [hidden]
	schema.registry.ssl.cipher.suites = null
	schema.registry.ssl.enabled.protocols = [TLSv1.2, TLSv1.3]
	schema.registry.ssl.endpoint.identification.algorithm = https
	schema.registry.ssl.engine.factory.class = null
	schema.registry.ssl.key.password = null
	schema.registry.ssl.keymanager.algorithm = SunX509
	schema.registry.ssl.keystore.certificate.chain = null
	schema.registry.ssl.keystore.key = null
	schema.registry.ssl.keystore.location = null
	schema.registry.ssl.keystore.password = null
	schema.registry.ssl.keystore.type = JKS
	schema.registry.ssl.protocol = TLSv1.3
	schema.registry.ssl.provider = null
	schema.registry.ssl.secure.random.implementation = null
	schema.registry.ssl.trustmanager.algorithm = PKIX
	schema.registry.ssl.truststore.certificates = null
	schema.registry.ssl.truststore.location = null
	schema.registry.ssl.truststore.password = null
	schema.registry.ssl.truststore.type = JKS
	schema.registry.url = [http://registry-app-inmemory.apps.ci419.apicurio-testing.org:80/apis/ccompat/v7]
	schema.registry.url.randomize = false
	specific.avro.key.type = null
	specific.avro.reader = false
	specific.avro.value.type = null
	use.latest.version = false
	use.latest.with.metadata = null
	use.schema.id = -1
	value.schema.id.deserializer = class io.confluent.kafka.serializers.schema.id.DualSchemaIdDeserializer
	value.schema.id.serializer = class io.confluent.kafka.serializers.schema.id.PrefixSchemaIdSerializer
	value.subject.name.strategy = class io.confluent.kafka.serializers.subject.TopicNameStrategy

2025-07-31 17:00:53,083 INFO  [org.apa.kaf.cli.con.ConsumerConfig] (main) These configurations '[schema.registry.url]' were supplied but are not used yet.
2025-07-31 17:00:53,083 INFO  [org.apa.kaf.com.uti.AppInfoParser] (main) Kafka version: 3.9.1
2025-07-31 17:00:53,083 INFO  [org.apa.kaf.com.uti.AppInfoParser] (main) Kafka commitId: f745dfdcee2b9851
2025-07-31 17:00:53,083 INFO  [org.apa.kaf.com.uti.AppInfoParser] (main) Kafka startTimeMs: 1753981253083
2025-07-31 17:00:53,083 INFO  [org.apa.kaf.cli.con.int.ClassicKafkaConsumer] (Thread-858) [Consumer clientId=consumer-Consumer-topic-608730c5_2b9f_475e_803a_d5900a3b30c6-35, groupId=Consumer-topic-608730c5_2b9f_475e_803a_d5900a3b30c6] Subscribed to topic(s): topic-608730c5_2b9f_475e_803a_d5900a3b30c6
2025-07-31 17:00:53,087 INFO  [org.apa.kaf.cli.Metadata] (Thread-858) [Consumer clientId=consumer-Consumer-topic-608730c5_2b9f_475e_803a_d5900a3b30c6-35, groupId=Consumer-topic-608730c5_2b9f_475e_803a_d5900a3b30c6] Cluster ID: JfHT16fFSb-b502x6d9TJg
2025-07-31 17:00:53,087 INFO  [org.apa.kaf.cli.con.int.ConsumerCoordinator] (Thread-858) [Consumer clientId=consumer-Consumer-topic-608730c5_2b9f_475e_803a_d5900a3b30c6-35, groupId=Consumer-topic-608730c5_2b9f_475e_803a_d5900a3b30c6] Discovered group coordinator localhost:32770 (id: 2147483647 rack: null)
2025-07-31 17:00:53,088 INFO  [org.apa.kaf.cli.con.int.ConsumerCoordinator] (Thread-858) [Consumer clientId=consumer-Consumer-topic-608730c5_2b9f_475e_803a_d5900a3b30c6-35, groupId=Consumer-topic-608730c5_2b9f_475e_803a_d5900a3b30c6] (Re-)joining group
2025-07-31 17:00:53,090 INFO  [org.apa.kaf.cli.con.int.ConsumerCoordinator] (Thread-858) [Consumer clientId=consumer-Consumer-topic-608730c5_2b9f_475e_803a_d5900a3b30c6-35, groupId=Consumer-topic-608730c5_2b9f_475e_803a_d5900a3b30c6] Request joining group due to: need to re-join with the given member-id: consumer-Consumer-topic-608730c5_2b9f_475e_803a_d5900a3b30c6-35-26745c1c-e312-45e7-b1be-95d690d50761
2025-07-31 17:00:53,090 INFO  [org.apa.kaf.cli.con.int.ConsumerCoordinator] (Thread-858) [Consumer clientId=consumer-Consumer-topic-608730c5_2b9f_475e_803a_d5900a3b30c6-35, groupId=Consumer-topic-608730c5_2b9f_475e_803a_d5900a3b30c6] (Re-)joining group
2025-07-31 17:00:53,092 INFO  [org.apa.kaf.cli.con.int.ConsumerCoordinator] (Thread-858) [Consumer clientId=consumer-Consumer-topic-608730c5_2b9f_475e_803a_d5900a3b30c6-35, groupId=Consumer-topic-608730c5_2b9f_475e_803a_d5900a3b30c6] Successfully joined group with generation Generation{generationId=1, memberId='consumer-Consumer-topic-608730c5_2b9f_475e_803a_d5900a3b30c6-35-26745c1c-e312-45e7-b1be-95d690d50761', protocol='range'}
2025-07-31 17:00:53,092 INFO  [org.apa.kaf.cli.con.int.ConsumerCoordinator] (Thread-858) [Consumer clientId=consumer-Consumer-topic-608730c5_2b9f_475e_803a_d5900a3b30c6-35, groupId=Consumer-topic-608730c5_2b9f_475e_803a_d5900a3b30c6] Finished assignment for group at generation 1: {consumer-Consumer-topic-608730c5_2b9f_475e_803a_d5900a3b30c6-35-26745c1c-e312-45e7-b1be-95d690d50761=Assignment(partitions=[topic-608730c5_2b9f_475e_803a_d5900a3b30c6-0])}
2025-07-31 17:00:53,094 INFO  [org.apa.kaf.cli.con.int.ConsumerCoordinator] (Thread-858) [Consumer clientId=consumer-Consumer-topic-608730c5_2b9f_475e_803a_d5900a3b30c6-35, groupId=Consumer-topic-608730c5_2b9f_475e_803a_d5900a3b30c6] Successfully synced group in generation Generation{generationId=1, memberId='consumer-Consumer-topic-608730c5_2b9f_475e_803a_d5900a3b30c6-35-26745c1c-e312-45e7-b1be-95d690d50761', protocol='range'}
2025-07-31 17:00:53,094 INFO  [org.apa.kaf.cli.con.int.ConsumerCoordinator] (Thread-858) [Consumer clientId=consumer-Consumer-topic-608730c5_2b9f_475e_803a_d5900a3b30c6-35, groupId=Consumer-topic-608730c5_2b9f_475e_803a_d5900a3b30c6] Notifying assignor about the new Assignment(partitions=[topic-608730c5_2b9f_475e_803a_d5900a3b30c6-0])
2025-07-31 17:00:53,094 INFO  [org.apa.kaf.cli.con.int.ConsumerRebalanceListenerInvoker] (Thread-858) [Consumer clientId=consumer-Consumer-topic-608730c5_2b9f_475e_803a_d5900a3b30c6-35, groupId=Consumer-topic-608730c5_2b9f_475e_803a_d5900a3b30c6] Adding newly assigned partitions: topic-608730c5_2b9f_475e_803a_d5900a3b30c6-0
2025-07-31 17:00:53,094 INFO  [org.apa.kaf.cli.con.int.ConsumerCoordinator] (Thread-858) [Consumer clientId=consumer-Consumer-topic-608730c5_2b9f_475e_803a_d5900a3b30c6-35, groupId=Consumer-topic-608730c5_2b9f_475e_803a_d5900a3b30c6] Found no committed offset for partition topic-608730c5_2b9f_475e_803a_d5900a3b30c6-0
2025-07-31 17:00:53,097 INFO  [org.apa.kaf.cli.con.int.SubscriptionState] (Thread-858) [Consumer clientId=consumer-Consumer-topic-608730c5_2b9f_475e_803a_d5900a3b30c6-35, groupId=Consumer-topic-608730c5_2b9f_475e_803a_d5900a3b30c6] Resetting offset for partition topic-608730c5_2b9f_475e_803a_d5900a3b30c6-0 to position FetchPosition{offset=0, offsetEpoch=Optional.empty, currentLeader=LeaderAndEpoch{leader=Optional[localhost:32770 (id: 0 rack: null)], epoch=0}}.
2025-07-31 17:00:53,146 INFO  [io.api.tes.ser.api.KafkaSerdesTester] (Thread-858) topic-608730c5_2b9f_475e_803a_d5900a3b30c6 0 0 {"key1": "value-0"}
2025-07-31 17:00:53,147 INFO  [io.api.tes.ser.api.KafkaSerdesTester] (Thread-858) topic-608730c5_2b9f_475e_803a_d5900a3b30c6 0 1 {"key1": "value-1"}
2025-07-31 17:00:53,147 INFO  [io.api.tes.ser.api.KafkaSerdesTester] (Thread-858) topic-608730c5_2b9f_475e_803a_d5900a3b30c6 0 2 {"key1": "value-2"}
2025-07-31 17:00:53,147 INFO  [io.api.tes.ser.api.KafkaSerdesTester] (Thread-858) topic-608730c5_2b9f_475e_803a_d5900a3b30c6 0 3 {"key1": "value-3"}
2025-07-31 17:00:53,147 INFO  [io.api.tes.ser.api.KafkaSerdesTester] (Thread-858) topic-608730c5_2b9f_475e_803a_d5900a3b30c6 0 4 {"key1": "value-4"}
2025-07-31 17:00:53,147 INFO  [io.api.tes.ser.api.KafkaSerdesTester] (Thread-858) topic-608730c5_2b9f_475e_803a_d5900a3b30c6 0 5 {"key1": "value-5"}
2025-07-31 17:00:53,147 INFO  [io.api.tes.ser.api.KafkaSerdesTester] (Thread-858) topic-608730c5_2b9f_475e_803a_d5900a3b30c6 0 6 {"key1": "value-6"}
2025-07-31 17:00:53,147 INFO  [io.api.tes.ser.api.KafkaSerdesTester] (Thread-858) topic-608730c5_2b9f_475e_803a_d5900a3b30c6 0 7 {"key1": "value-7"}
2025-07-31 17:00:53,147 INFO  [io.api.tes.ser.api.KafkaSerdesTester] (Thread-858) topic-608730c5_2b9f_475e_803a_d5900a3b30c6 0 8 {"key1": "value-8"}
2025-07-31 17:00:53,147 INFO  [io.api.tes.ser.api.KafkaSerdesTester] (Thread-858) topic-608730c5_2b9f_475e_803a_d5900a3b30c6 0 9 {"key1": "value-9"}
2025-07-31 17:00:53,147 INFO  [io.api.tes.ser.api.KafkaSerdesTester] (Thread-858) Consumed 10 messages
2025-07-31 17:00:53,149 INFO  [org.apa.kaf.cli.con.int.ConsumerRebalanceListenerInvoker] (Thread-858) [Consumer clientId=consumer-Consumer-topic-608730c5_2b9f_475e_803a_d5900a3b30c6-35, groupId=Consumer-topic-608730c5_2b9f_475e_803a_d5900a3b30c6] Revoke previously assigned partitions topic-608730c5_2b9f_475e_803a_d5900a3b30c6-0
2025-07-31 17:00:53,149 INFO  [org.apa.kaf.cli.con.int.ConsumerCoordinator] (Thread-858) [Consumer clientId=consumer-Consumer-topic-608730c5_2b9f_475e_803a_d5900a3b30c6-35, groupId=Consumer-topic-608730c5_2b9f_475e_803a_d5900a3b30c6] Member consumer-Consumer-topic-608730c5_2b9f_475e_803a_d5900a3b30c6-35-26745c1c-e312-45e7-b1be-95d690d50761 sending LeaveGroup request to coordinator localhost:32770 (id: 2147483647 rack: null) due to the consumer is being closed
2025-07-31 17:00:53,149 INFO  [org.apa.kaf.cli.con.int.ConsumerCoordinator] (Thread-858) [Consumer clientId=consumer-Consumer-topic-608730c5_2b9f_475e_803a_d5900a3b30c6-35, groupId=Consumer-topic-608730c5_2b9f_475e_803a_d5900a3b30c6] Resetting generation and member id due to: consumer pro-actively leaving the group
2025-07-31 17:00:53,149 INFO  [org.apa.kaf.cli.con.int.ConsumerCoordinator] (Thread-858) [Consumer clientId=consumer-Consumer-topic-608730c5_2b9f_475e_803a_d5900a3b30c6-35, groupId=Consumer-topic-608730c5_2b9f_475e_803a_d5900a3b30c6] Request joining group due to: consumer pro-actively leaving the group
2025-07-31 17:00:53,650 INFO  [org.apa.kaf.com.met.Metrics] (Thread-858) Metrics scheduler closed
2025-07-31 17:00:53,650 INFO  [org.apa.kaf.com.met.Metrics] (Thread-858) Closing reporter org.apache.kafka.common.metrics.JmxReporter
2025-07-31 17:00:53,650 INFO  [org.apa.kaf.com.met.Metrics] (Thread-858) Closing reporter org.apache.kafka.common.telemetry.internals.ClientTelemetryReporter
2025-07-31 17:00:53,651 INFO  [org.apa.kaf.com.met.Metrics] (Thread-858) Metrics reporters closed
2025-07-31 17:00:53,652 INFO  [org.apa.kaf.com.uti.AppInfoParser] (Thread-858) App info kafka.consumer for consumer-Consumer-topic-608730c5_2b9f_475e_803a_d5900a3b30c6-35 unregistered
2025-07-31 17:00:53,701 INFO  [io.api.tes.ser.con.BasicConfluentSerDesIT] (main) Deleting confluent schema topic-608730c5_2b9f_475e_803a_d5900a3b30c6-value
2025-07-31 17:00:53,750 INFO  [io.api.tes.uti.TestSeparator] (main) io.apicurio.tests.serdes.confluent.BasicConfluentSerDesIT.testAvroApicurioConfluent-FINISHED
2025-07-31 17:00:53,750 INFO  [io.api.tes.uti.TestSeparator] (main) ############################################################################
Test passed: testAvroApicurioConfluent
]]></system-out>
  </testcase>
  <testcase name="testAvroConfluentSerDesFail" classname="io.apicurio.tests.serdes.confluent.BasicConfluentSerDesIT" time="0.194">
    <system-out><![CDATA[2025-07-31 17:00:53,751 INFO  [io.api.tes.uti.TestSeparator] (main) ############################################################################
2025-07-31 17:00:53,751 INFO  [io.api.tes.uti.TestSeparator] (main) io.apicurio.tests.serdes.confluent.BasicConfluentSerDesIT.testAvroConfluentSerDesFail-STARTED
2025-07-31 17:00:53,809 INFO  [io.api.tes.ser.con.BasicConfluentSerDesIT] (main) Checking that created schema is equal to the get schema
2025-07-31 17:00:53,834 INFO  [io.api.tes.ser.con.BasicConfluentSerDesIT] (main) Created schema with id:103 and name:myrecordconfluent2
**** Registry Base URL: http://registry-app-inmemory.apps.ci419.apicurio-testing.org:80
2025-07-31 17:00:53,834 INFO  [org.apa.kaf.cli.pro.ProducerConfig] (main) ProducerConfig values: 
	acks = -1
	auto.include.jmx.reporter = true
	batch.size = 16384
	bootstrap.servers = [PLAINTEXT://localhost:32770]
	buffer.memory = 33554432
	client.dns.lookup = use_all_dns_ips
	client.id = Producer-topic-8d9c2f6f_ea39_422d_a201_13bd32a09632
	compression.gzip.level = -1
	compression.lz4.level = 9
	compression.type = none
	compression.zstd.level = 3
	connections.max.idle.ms = 10000
	delivery.timeout.ms = 120000
	enable.idempotence = true
	enable.metrics.push = true
	interceptor.classes = []
	key.serializer = class org.apache.kafka.common.serialization.StringSerializer
	linger.ms = 0
	max.block.ms = 60000
	max.in.flight.requests.per.connection = 5
	max.request.size = 1048576
	metadata.max.age.ms = 300000
	metadata.max.idle.ms = 300000
	metadata.recovery.strategy = none
	metric.reporters = []
	metrics.num.samples = 2
	metrics.recording.level = INFO
	metrics.sample.window.ms = 30000
	partitioner.adaptive.partitioning.enable = true
	partitioner.availability.timeout.ms = 0
	partitioner.class = null
	partitioner.ignore.keys = false
	receive.buffer.bytes = 32768
	reconnect.backoff.max.ms = 1000
	reconnect.backoff.ms = 50
	request.timeout.ms = 5000
	retries = 2147483647
	retry.backoff.max.ms = 1000
	retry.backoff.ms = 100
	sasl.client.callback.handler.class = null
	sasl.jaas.config = null
	sasl.kerberos.kinit.cmd = /usr/bin/kinit
	sasl.kerberos.min.time.before.relogin = 60000
	sasl.kerberos.service.name = null
	sasl.kerberos.ticket.renew.jitter = 0.05
	sasl.kerberos.ticket.renew.window.factor = 0.8
	sasl.login.callback.handler.class = null
	sasl.login.class = null
	sasl.login.connect.timeout.ms = null
	sasl.login.read.timeout.ms = null
	sasl.login.refresh.buffer.seconds = 300
	sasl.login.refresh.min.period.seconds = 60
	sasl.login.refresh.window.factor = 0.8
	sasl.login.refresh.window.jitter = 0.05
	sasl.login.retry.backoff.max.ms = 10000
	sasl.login.retry.backoff.ms = 100
	sasl.mechanism = GSSAPI
	sasl.oauthbearer.clock.skew.seconds = 30
	sasl.oauthbearer.expected.audience = null
	sasl.oauthbearer.expected.issuer = null
	sasl.oauthbearer.header.urlencode = false
	sasl.oauthbearer.jwks.endpoint.refresh.ms = 3600000
	sasl.oauthbearer.jwks.endpoint.retry.backoff.max.ms = 10000
	sasl.oauthbearer.jwks.endpoint.retry.backoff.ms = 100
	sasl.oauthbearer.jwks.endpoint.url = null
	sasl.oauthbearer.scope.claim.name = scope
	sasl.oauthbearer.sub.claim.name = sub
	sasl.oauthbearer.token.endpoint.url = null
	security.protocol = PLAINTEXT
	security.providers = null
	send.buffer.bytes = 131072
	socket.connection.setup.timeout.max.ms = 30000
	socket.connection.setup.timeout.ms = 10000
	ssl.cipher.suites = null
	ssl.enabled.protocols = [TLSv1.2, TLSv1.3]
	ssl.endpoint.identification.algorithm = https
	ssl.engine.factory.class = null
	ssl.key.password = null
	ssl.keymanager.algorithm = SunX509
	ssl.keystore.certificate.chain = null
	ssl.keystore.key = null
	ssl.keystore.location = null
	ssl.keystore.password = null
	ssl.keystore.type = JKS
	ssl.protocol = TLSv1.3
	ssl.provider = null
	ssl.secure.random.implementation = null
	ssl.trustmanager.algorithm = PKIX
	ssl.truststore.certificates = null
	ssl.truststore.location = null
	ssl.truststore.password = null
	ssl.truststore.type = JKS
	transaction.timeout.ms = 60000
	transactional.id = null
	value.serializer = class io.confluent.kafka.serializers.KafkaAvroSerializer

2025-07-31 17:00:53,834 INFO  [org.apa.kaf.com.tel.int.KafkaMetricsCollector] (main) initializing Kafka metrics collector
2025-07-31 17:00:53,835 INFO  [io.con.kaf.ser.KafkaAvroSerializerConfig] (main) KafkaAvroSerializerConfig values: 
	auto.register.schemas = false
	avro.reflection.allow.null = false
	avro.remove.java.properties = false
	avro.use.logical.type.converters = false
	basic.auth.credentials.source = URL
	basic.auth.user.info = [hidden]
	bearer.auth.cache.expiry.buffer.seconds = 300
	bearer.auth.client.id = null
	bearer.auth.client.secret = null
	bearer.auth.credentials.source = STATIC_TOKEN
	bearer.auth.custom.provider.class = null
	bearer.auth.identity.pool.id = null
	bearer.auth.issuer.endpoint.url = null
	bearer.auth.logical.cluster = null
	bearer.auth.scope = null
	bearer.auth.scope.claim.name = scope
	bearer.auth.sub.claim.name = sub
	bearer.auth.token = [hidden]
	context.name.strategy = class io.confluent.kafka.serializers.context.NullContextNameStrategy
	http.connect.timeout.ms = 60000
	http.read.timeout.ms = 60000
	id.compatibility.strict = true
	key.schema.id.deserializer = class io.confluent.kafka.serializers.schema.id.DualSchemaIdDeserializer
	key.schema.id.serializer = class io.confluent.kafka.serializers.schema.id.PrefixSchemaIdSerializer
	key.subject.name.strategy = class io.confluent.kafka.serializers.subject.TopicNameStrategy
	latest.cache.size = 1000
	latest.cache.ttl.sec = -1
	latest.compatibility.strict = true
	max.retries = 3
	max.schemas.per.subject = 1000
	normalize.schemas = false
	propagate.schema.tags = false
	proxy.host = 
	proxy.port = -1
	retries.max.wait.ms = 20000
	retries.wait.ms = 1000
	rule.actions = []
	rule.executors = []
	rule.service.loader.enable = true
	schema.format = null
	schema.reflection = false
	schema.registry.basic.auth.user.info = [hidden]
	schema.registry.ssl.cipher.suites = null
	schema.registry.ssl.enabled.protocols = [TLSv1.2, TLSv1.3]
	schema.registry.ssl.endpoint.identification.algorithm = https
	schema.registry.ssl.engine.factory.class = null
	schema.registry.ssl.key.password = null
	schema.registry.ssl.keymanager.algorithm = SunX509
	schema.registry.ssl.keystore.certificate.chain = null
	schema.registry.ssl.keystore.key = null
	schema.registry.ssl.keystore.location = null
	schema.registry.ssl.keystore.password = null
	schema.registry.ssl.keystore.type = JKS
	schema.registry.ssl.protocol = TLSv1.3
	schema.registry.ssl.provider = null
	schema.registry.ssl.secure.random.implementation = null
	schema.registry.ssl.trustmanager.algorithm = PKIX
	schema.registry.ssl.truststore.certificates = null
	schema.registry.ssl.truststore.location = null
	schema.registry.ssl.truststore.password = null
	schema.registry.ssl.truststore.type = JKS
	schema.registry.url = [http://registry-app-inmemory.apps.ci419.apicurio-testing.org:80/apis/ccompat/v7]
	schema.registry.url.randomize = false
	use.latest.version = false
	use.latest.with.metadata = null
	use.schema.id = -1
	value.schema.id.deserializer = class io.confluent.kafka.serializers.schema.id.DualSchemaIdDeserializer
	value.schema.id.serializer = class io.confluent.kafka.serializers.schema.id.PrefixSchemaIdSerializer
	value.subject.name.strategy = class io.confluent.kafka.serializers.subject.RecordNameStrategy

2025-07-31 17:00:53,836 INFO  [org.apa.kaf.cli.pro.KafkaProducer] (main) [Producer clientId=Producer-topic-8d9c2f6f_ea39_422d_a201_13bd32a09632] Instantiated an idempotent producer.
2025-07-31 17:00:53,837 INFO  [org.apa.kaf.cli.pro.ProducerConfig] (main) These configurations '[schema.registry.url, auto.register.schemas, value.subject.name.strategy]' were supplied but are not used yet.
2025-07-31 17:00:53,837 INFO  [org.apa.kaf.com.uti.AppInfoParser] (main) Kafka version: 3.9.1
2025-07-31 17:00:53,837 INFO  [org.apa.kaf.com.uti.AppInfoParser] (main) Kafka commitId: f745dfdcee2b9851
2025-07-31 17:00:53,837 INFO  [org.apa.kaf.com.uti.AppInfoParser] (main) Kafka startTimeMs: 1753981253837
2025-07-31 17:00:53,839 INFO  [io.api.tes.ser.api.KafkaSerdesTester] (Thread-859) Sending message {"wrongkey": "value-0"} to topic topic-8d9c2f6f_ea39_422d_a201_13bd32a09632
2025-07-31 17:00:53,841 INFO  [org.apa.kaf.cli.Metadata] (kafka-producer-network-thread | Producer-topic-8d9c2f6f_ea39_422d_a201_13bd32a09632) [Producer clientId=Producer-topic-8d9c2f6f_ea39_422d_a201_13bd32a09632] Cluster ID: JfHT16fFSb-b502x6d9TJg
2025-07-31 17:00:53,842 INFO  [org.apa.kaf.cli.pro.int.TransactionManager] (kafka-producer-network-thread | Producer-topic-8d9c2f6f_ea39_422d_a201_13bd32a09632) [Producer clientId=Producer-topic-8d9c2f6f_ea39_422d_a201_13bd32a09632] ProducerId set to 49 with epoch 0
2025-07-31 17:00:53,868 INFO  [org.apa.kaf.cli.pro.KafkaProducer] (Thread-859) [Producer clientId=Producer-topic-8d9c2f6f_ea39_422d_a201_13bd32a09632] Closing the Kafka producer with timeoutMillis = 9223372036854775807 ms.
2025-07-31 17:00:53,870 INFO  [org.apa.kaf.com.met.Metrics] (Thread-859) Metrics scheduler closed
2025-07-31 17:00:53,870 INFO  [org.apa.kaf.com.met.Metrics] (Thread-859) Closing reporter org.apache.kafka.common.metrics.JmxReporter
2025-07-31 17:00:53,870 INFO  [org.apa.kaf.com.met.Metrics] (Thread-859) Closing reporter org.apache.kafka.common.telemetry.internals.ClientTelemetryReporter
2025-07-31 17:00:53,870 INFO  [org.apa.kaf.com.met.Metrics] (Thread-859) Metrics reporters closed
2025-07-31 17:00:53,870 INFO  [org.apa.kaf.com.uti.AppInfoParser] (Thread-859) App info kafka.producer for Producer-topic-8d9c2f6f_ea39_422d_a201_13bd32a09632 unregistered
2025-07-31 17:00:53,918 INFO  [io.api.tes.ser.con.BasicConfluentSerDesIT] (main) Deleting confluent schema myrecordconfluent2
2025-07-31 17:00:53,944 INFO  [io.api.tes.uti.TestSeparator] (main) io.apicurio.tests.serdes.confluent.BasicConfluentSerDesIT.testAvroConfluentSerDesFail-FINISHED
2025-07-31 17:00:53,944 INFO  [io.api.tes.uti.TestSeparator] (main) ############################################################################
Test passed: testAvroConfluentSerDesFail
]]></system-out>
  </testcase>
  <testcase name="testAvroConfluentSerDesWrongStrategyRecord" classname="io.apicurio.tests.serdes.confluent.BasicConfluentSerDesIT" time="0.198">
    <system-out><![CDATA[2025-07-31 17:00:53,945 INFO  [io.api.tes.uti.TestSeparator] (main) ############################################################################
2025-07-31 17:00:53,946 INFO  [io.api.tes.uti.TestSeparator] (main) io.apicurio.tests.serdes.confluent.BasicConfluentSerDesIT.testAvroConfluentSerDesWrongStrategyRecord-STARTED
2025-07-31 17:00:54,003 INFO  [io.api.tes.ser.con.BasicConfluentSerDesIT] (main) Checking that created schema is equal to the get schema
2025-07-31 17:00:54,034 INFO  [io.api.tes.ser.con.BasicConfluentSerDesIT] (main) Created schema with id:104 and name:myrecordconfluent4
**** Registry Base URL: http://registry-app-inmemory.apps.ci419.apicurio-testing.org:80
2025-07-31 17:00:54,035 INFO  [org.apa.kaf.cli.pro.ProducerConfig] (main) ProducerConfig values: 
	acks = -1
	auto.include.jmx.reporter = true
	batch.size = 16384
	bootstrap.servers = [PLAINTEXT://localhost:32770]
	buffer.memory = 33554432
	client.dns.lookup = use_all_dns_ips
	client.id = Producer-topic-272379c4_cf1a_4a70_b951_01e3c71bf221
	compression.gzip.level = -1
	compression.lz4.level = 9
	compression.type = none
	compression.zstd.level = 3
	connections.max.idle.ms = 10000
	delivery.timeout.ms = 120000
	enable.idempotence = true
	enable.metrics.push = true
	interceptor.classes = []
	key.serializer = class org.apache.kafka.common.serialization.StringSerializer
	linger.ms = 0
	max.block.ms = 60000
	max.in.flight.requests.per.connection = 5
	max.request.size = 1048576
	metadata.max.age.ms = 300000
	metadata.max.idle.ms = 300000
	metadata.recovery.strategy = none
	metric.reporters = []
	metrics.num.samples = 2
	metrics.recording.level = INFO
	metrics.sample.window.ms = 30000
	partitioner.adaptive.partitioning.enable = true
	partitioner.availability.timeout.ms = 0
	partitioner.class = null
	partitioner.ignore.keys = false
	receive.buffer.bytes = 32768
	reconnect.backoff.max.ms = 1000
	reconnect.backoff.ms = 50
	request.timeout.ms = 5000
	retries = 2147483647
	retry.backoff.max.ms = 1000
	retry.backoff.ms = 100
	sasl.client.callback.handler.class = null
	sasl.jaas.config = null
	sasl.kerberos.kinit.cmd = /usr/bin/kinit
	sasl.kerberos.min.time.before.relogin = 60000
	sasl.kerberos.service.name = null
	sasl.kerberos.ticket.renew.jitter = 0.05
	sasl.kerberos.ticket.renew.window.factor = 0.8
	sasl.login.callback.handler.class = null
	sasl.login.class = null
	sasl.login.connect.timeout.ms = null
	sasl.login.read.timeout.ms = null
	sasl.login.refresh.buffer.seconds = 300
	sasl.login.refresh.min.period.seconds = 60
	sasl.login.refresh.window.factor = 0.8
	sasl.login.refresh.window.jitter = 0.05
	sasl.login.retry.backoff.max.ms = 10000
	sasl.login.retry.backoff.ms = 100
	sasl.mechanism = GSSAPI
	sasl.oauthbearer.clock.skew.seconds = 30
	sasl.oauthbearer.expected.audience = null
	sasl.oauthbearer.expected.issuer = null
	sasl.oauthbearer.header.urlencode = false
	sasl.oauthbearer.jwks.endpoint.refresh.ms = 3600000
	sasl.oauthbearer.jwks.endpoint.retry.backoff.max.ms = 10000
	sasl.oauthbearer.jwks.endpoint.retry.backoff.ms = 100
	sasl.oauthbearer.jwks.endpoint.url = null
	sasl.oauthbearer.scope.claim.name = scope
	sasl.oauthbearer.sub.claim.name = sub
	sasl.oauthbearer.token.endpoint.url = null
	security.protocol = PLAINTEXT
	security.providers = null
	send.buffer.bytes = 131072
	socket.connection.setup.timeout.max.ms = 30000
	socket.connection.setup.timeout.ms = 10000
	ssl.cipher.suites = null
	ssl.enabled.protocols = [TLSv1.2, TLSv1.3]
	ssl.endpoint.identification.algorithm = https
	ssl.engine.factory.class = null
	ssl.key.password = null
	ssl.keymanager.algorithm = SunX509
	ssl.keystore.certificate.chain = null
	ssl.keystore.key = null
	ssl.keystore.location = null
	ssl.keystore.password = null
	ssl.keystore.type = JKS
	ssl.protocol = TLSv1.3
	ssl.provider = null
	ssl.secure.random.implementation = null
	ssl.trustmanager.algorithm = PKIX
	ssl.truststore.certificates = null
	ssl.truststore.location = null
	ssl.truststore.password = null
	ssl.truststore.type = JKS
	transaction.timeout.ms = 60000
	transactional.id = null
	value.serializer = class io.confluent.kafka.serializers.KafkaAvroSerializer

2025-07-31 17:00:54,036 INFO  [org.apa.kaf.com.tel.int.KafkaMetricsCollector] (main) initializing Kafka metrics collector
2025-07-31 17:00:54,036 INFO  [io.con.kaf.ser.KafkaAvroSerializerConfig] (main) KafkaAvroSerializerConfig values: 
	auto.register.schemas = false
	avro.reflection.allow.null = false
	avro.remove.java.properties = false
	avro.use.logical.type.converters = false
	basic.auth.credentials.source = URL
	basic.auth.user.info = [hidden]
	bearer.auth.cache.expiry.buffer.seconds = 300
	bearer.auth.client.id = null
	bearer.auth.client.secret = null
	bearer.auth.credentials.source = STATIC_TOKEN
	bearer.auth.custom.provider.class = null
	bearer.auth.identity.pool.id = null
	bearer.auth.issuer.endpoint.url = null
	bearer.auth.logical.cluster = null
	bearer.auth.scope = null
	bearer.auth.scope.claim.name = scope
	bearer.auth.sub.claim.name = sub
	bearer.auth.token = [hidden]
	context.name.strategy = class io.confluent.kafka.serializers.context.NullContextNameStrategy
	http.connect.timeout.ms = 60000
	http.read.timeout.ms = 60000
	id.compatibility.strict = true
	key.schema.id.deserializer = class io.confluent.kafka.serializers.schema.id.DualSchemaIdDeserializer
	key.schema.id.serializer = class io.confluent.kafka.serializers.schema.id.PrefixSchemaIdSerializer
	key.subject.name.strategy = class io.confluent.kafka.serializers.subject.TopicNameStrategy
	latest.cache.size = 1000
	latest.cache.ttl.sec = -1
	latest.compatibility.strict = true
	max.retries = 3
	max.schemas.per.subject = 1000
	normalize.schemas = false
	propagate.schema.tags = false
	proxy.host = 
	proxy.port = -1
	retries.max.wait.ms = 20000
	retries.wait.ms = 1000
	rule.actions = []
	rule.executors = []
	rule.service.loader.enable = true
	schema.format = null
	schema.reflection = false
	schema.registry.basic.auth.user.info = [hidden]
	schema.registry.ssl.cipher.suites = null
	schema.registry.ssl.enabled.protocols = [TLSv1.2, TLSv1.3]
	schema.registry.ssl.endpoint.identification.algorithm = https
	schema.registry.ssl.engine.factory.class = null
	schema.registry.ssl.key.password = null
	schema.registry.ssl.keymanager.algorithm = SunX509
	schema.registry.ssl.keystore.certificate.chain = null
	schema.registry.ssl.keystore.key = null
	schema.registry.ssl.keystore.location = null
	schema.registry.ssl.keystore.password = null
	schema.registry.ssl.keystore.type = JKS
	schema.registry.ssl.protocol = TLSv1.3
	schema.registry.ssl.provider = null
	schema.registry.ssl.secure.random.implementation = null
	schema.registry.ssl.trustmanager.algorithm = PKIX
	schema.registry.ssl.truststore.certificates = null
	schema.registry.ssl.truststore.location = null
	schema.registry.ssl.truststore.password = null
	schema.registry.ssl.truststore.type = JKS
	schema.registry.url = [http://registry-app-inmemory.apps.ci419.apicurio-testing.org:80/apis/ccompat/v7]
	schema.registry.url.randomize = false
	use.latest.version = false
	use.latest.with.metadata = null
	use.schema.id = -1
	value.schema.id.deserializer = class io.confluent.kafka.serializers.schema.id.DualSchemaIdDeserializer
	value.schema.id.serializer = class io.confluent.kafka.serializers.schema.id.PrefixSchemaIdSerializer
	value.subject.name.strategy = class io.confluent.kafka.serializers.subject.RecordNameStrategy

2025-07-31 17:00:54,038 INFO  [org.apa.kaf.cli.pro.KafkaProducer] (main) [Producer clientId=Producer-topic-272379c4_cf1a_4a70_b951_01e3c71bf221] Instantiated an idempotent producer.
2025-07-31 17:00:54,040 INFO  [org.apa.kaf.cli.pro.ProducerConfig] (main) These configurations '[schema.registry.url, auto.register.schemas, value.subject.name.strategy]' were supplied but are not used yet.
2025-07-31 17:00:54,040 INFO  [org.apa.kaf.com.uti.AppInfoParser] (main) Kafka version: 3.9.1
2025-07-31 17:00:54,040 INFO  [org.apa.kaf.com.uti.AppInfoParser] (main) Kafka commitId: f745dfdcee2b9851
2025-07-31 17:00:54,040 INFO  [org.apa.kaf.com.uti.AppInfoParser] (main) Kafka startTimeMs: 1753981254040
2025-07-31 17:00:54,040 INFO  [io.api.tes.ser.api.KafkaSerdesTester] (Thread-860) Sending message {"wrongkey": "value-0"} to topic topic-272379c4_cf1a_4a70_b951_01e3c71bf221
2025-07-31 17:00:54,043 INFO  [org.apa.kaf.cli.Metadata] (kafka-producer-network-thread | Producer-topic-272379c4_cf1a_4a70_b951_01e3c71bf221) [Producer clientId=Producer-topic-272379c4_cf1a_4a70_b951_01e3c71bf221] Cluster ID: JfHT16fFSb-b502x6d9TJg
2025-07-31 17:00:54,043 INFO  [org.apa.kaf.cli.pro.int.TransactionManager] (kafka-producer-network-thread | Producer-topic-272379c4_cf1a_4a70_b951_01e3c71bf221) [Producer clientId=Producer-topic-272379c4_cf1a_4a70_b951_01e3c71bf221] ProducerId set to 50 with epoch 0
2025-07-31 17:00:54,068 INFO  [org.apa.kaf.cli.pro.KafkaProducer] (Thread-860) [Producer clientId=Producer-topic-272379c4_cf1a_4a70_b951_01e3c71bf221] Closing the Kafka producer with timeoutMillis = 9223372036854775807 ms.
2025-07-31 17:00:54,069 INFO  [org.apa.kaf.com.met.Metrics] (Thread-860) Metrics scheduler closed
2025-07-31 17:00:54,069 INFO  [org.apa.kaf.com.met.Metrics] (Thread-860) Closing reporter org.apache.kafka.common.metrics.JmxReporter
2025-07-31 17:00:54,069 INFO  [org.apa.kaf.com.met.Metrics] (Thread-860) Closing reporter org.apache.kafka.common.telemetry.internals.ClientTelemetryReporter
2025-07-31 17:00:54,069 INFO  [org.apa.kaf.com.met.Metrics] (Thread-860) Metrics reporters closed
2025-07-31 17:00:54,069 INFO  [org.apa.kaf.com.uti.AppInfoParser] (Thread-860) App info kafka.producer for Producer-topic-272379c4_cf1a_4a70_b951_01e3c71bf221 unregistered
2025-07-31 17:00:54,117 INFO  [io.api.tes.ser.con.BasicConfluentSerDesIT] (main) Deleting confluent schema topic-272379c4_cf1a_4a70_b951_01e3c71bf221-value
2025-07-31 17:00:54,143 INFO  [io.api.tes.uti.TestSeparator] (main) io.apicurio.tests.serdes.confluent.BasicConfluentSerDesIT.testAvroConfluentSerDesWrongStrategyRecord-FINISHED
2025-07-31 17:00:54,143 INFO  [io.api.tes.uti.TestSeparator] (main) ############################################################################
Test passed: testAvroConfluentSerDesWrongStrategyRecord
]]></system-out>
  </testcase>
</testsuite>