<?xml version="1.0" encoding="UTF-8"?>
<testsuite xmlns:xsi="http://www.w3.org/2001/XMLSchema-instance" xsi:noNamespaceSchemaLocation="https://maven.apache.org/surefire/maven-failsafe-plugin/xsd/failsafe-test-report.xsd" version="3.0.2" name="io.apicurio.tests.serdes.apicurio.AvroSerdeIT" time="52.39" tests="21" errors="0" skipped="2" failures="0">
  <properties>
    <property name="java.specification.version" value="17"/>
    <property name="sun.jnu.encoding" value="UTF-8"/>
    <property name="java.class.path" value="/home/runner/work/apicurio-testing/apicurio-testing/clusters/ci419/namespaces/inmemory/tests/integration/apicurio-registry/integration-tests/target/test-classes:/home/runner/work/apicurio-testing/apicurio-testing/clusters/ci419/namespaces/inmemory/tests/integration/apicurio-registry/integration-tests/target/apicurio-registry-integration-tests-3.0.11-SNAPSHOT.jar:/home/runner/.m2/repository/io/quarkus/quarkus-junit5/3.20.1/quarkus-junit5-3.20.1.jar:/home/runner/.m2/repository/io/quarkus/quarkus-bootstrap-core/3.20.1/quarkus-bootstrap-core-3.20.1.jar:/home/runner/.m2/repository/io/quarkus/quarkus-classloader-commons/3.20.1/quarkus-classloader-commons-3.20.1.jar:/home/runner/.m2/repository/io/quarkus/quarkus-bootstrap-app-model/3.20.1/quarkus-bootstrap-app-model-3.20.1.jar:/home/runner/.m2/repository/io/smallrye/common/smallrye-common-io/2.12.0/smallrye-common-io-2.12.0.jar:/home/runner/.m2/repository/org/eclipse/sisu/org.eclipse.sisu.inject/0.9.0.M3/org.eclipse.sisu.inject-0.9.0.M3.jar:/home/runner/.m2/repository/io/quarkus/quarkus-test-common/3.20.1/quarkus-test-common-3.20.1.jar:/home/runner/.m2/repository/io/quarkus/quarkus-core-deployment/3.20.1/quarkus-core-deployment-3.20.1.jar:/home/runner/.m2/repository/org/aesh/readline/2.6/readline-2.6.jar:/home/runner/.m2/repository/org/fusesource/jansi/jansi/2.4.0/jansi-2.4.0.jar:/home/runner/.m2/repository/org/aesh/aesh/2.8.2/aesh-2.8.2.jar:/home/runner/.m2/repository/io/quarkus/gizmo/gizmo/1.8.0/gizmo-1.8.0.jar:/home/runner/.m2/repository/org/ow2/asm/asm-util/9.7.1/asm-util-9.7.1.jar:/home/runner/.m2/repository/org/ow2/asm/asm-analysis/9.7.1/asm-analysis-9.7.1.jar:/home/runner/.m2/repository/org/ow2/asm/asm-commons/9.7.1/asm-commons-9.7.1.jar:/home/runner/.m2/repository/org/ow2/asm/asm-tree/9.7.1/asm-tree-9.7.1.jar:/home/runner/.m2/repository/io/quarkus/quarkus-hibernate-validator-spi/3.20.1/quarkus-hibernate-validator-spi-3.20.1.jar:/home/runner/.m2/repository/io/quarkus/quarkus-class-change-agent/3.20.1/quarkus-class-change-agent-3.20.1.jar:/home/runner/.m2/repository/io/quarkus/quarkus-devtools-utilities/3.20.1/quarkus-devtools-utilities-3.20.1.jar:/home/runner/.m2/repository/io/quarkus/quarkus-builder/3.20.1/quarkus-builder-3.20.1.jar:/home/runner/.m2/repository/org/graalvm/sdk/nativeimage/23.1.2/nativeimage-23.1.2.jar:/home/runner/.m2/repository/org/graalvm/sdk/word/23.1.2/word-23.1.2.jar:/home/runner/.m2/repository/io/quarkus/quarkus-bootstrap-maven-resolver/3.20.1/quarkus-bootstrap-maven-resolver-3.20.1.jar:/home/runner/.m2/repository/io/smallrye/beanbag/smallrye-beanbag-maven/1.5.2/smallrye-beanbag-maven-1.5.2.jar:/home/runner/.m2/repository/io/smallrye/beanbag/smallrye-beanbag-sisu/1.5.2/smallrye-beanbag-sisu-1.5.2.jar:/home/runner/.m2/repository/io/smallrye/beanbag/smallrye-beanbag/1.5.2/smallrye-beanbag-1.5.2.jar:/home/runner/.m2/repository/javax/inject/javax.inject/1/javax.inject-1.jar:/home/runner/.m2/repository/org/apache/maven/maven-artifact/3.9.9/maven-artifact-3.9.9.jar:/home/runner/.m2/repository/org/apache/maven/maven-builder-support/3.9.9/maven-builder-support-3.9.9.jar:/home/runner/.m2/repository/org/apache/maven/maven-model/3.9.9/maven-model-3.9.9.jar:/home/runner/.m2/repository/org/apache/maven/maven-model-builder/3.9.9/maven-model-builder-3.9.9.jar:/home/runner/.m2/repository/org/apache/maven/maven-repository-metadata/3.9.9/maven-repository-metadata-3.9.9.jar:/home/runner/.m2/repository/org/apache/maven/maven-settings/3.9.9/maven-settings-3.9.9.jar:/home/runner/.m2/repository/org/apache/maven/resolver/maven-resolver-api/1.9.22/maven-resolver-api-1.9.22.jar:/home/runner/.m2/repository/org/apache/maven/resolver/maven-resolver-impl/1.9.22/maven-resolver-impl-1.9.22.jar:/home/runner/.m2/repository/org/apache/maven/resolver/maven-resolver-named-locks/1.9.22/maven-resolver-named-locks-1.9.22.jar:/home/runner/.m2/repository/org/apache/maven/resolver/maven-resolver-spi/1.9.22/maven-resolver-spi-1.9.22.jar:/home/runner/.m2/repository/org/apache/maven/resolver/maven-resolver-util/1.9.22/maven-resolver-util-1.9.22.jar:/home/runner/.m2/repository/org/apache/maven/resolver/maven-resolver-transport-http/1.9.20/maven-resolver-transport-http-1.9.20.jar:/home/runner/.m2/repository/org/apache/maven/wagon/wagon-provider-api/3.5.3/wagon-provider-api-3.5.3.jar:/home/runner/.m2/repository/org/apache/maven/wagon/wagon-http-shared/3.5.3/wagon-http-shared-3.5.3.jar:/home/runner/.m2/repository/org/codehaus/plexus/plexus-interpolation/1.26/plexus-interpolation-1.26.jar:/home/runner/.m2/repository/org/codehaus/plexus/plexus-utils/3.5.1/plexus-utils-3.5.1.jar:/home/runner/.m2/repository/org/codehaus/plexus/plexus-xml/4.0.1/plexus-xml-4.0.1.jar:/home/runner/.m2/repository/org/apache/maven/maven-xml-impl/4.0.0-alpha-5/maven-xml-impl-4.0.0-alpha-5.jar:/home/runner/.m2/repository/org/apache/maven/maven-api-xml/4.0.0-alpha-5/maven-api-xml-4.0.0-alpha-5.jar:/home/runner/.m2/repository/org/apache/maven/maven-api-meta/4.0.0-alpha-5/maven-api-meta-4.0.0-alpha-5.jar:/home/runner/.m2/repository/org/codehaus/plexus/plexus-cipher/2.0/plexus-cipher-2.0.jar:/home/runner/.m2/repository/org/codehaus/plexus/plexus-sec-dispatcher/2.0/plexus-sec-dispatcher-2.0.jar:/home/runner/.m2/repository/org/apache/maven/maven-embedder/3.9.9/maven-embedder-3.9.9.jar:/home/runner/.m2/repository/org/apache/maven/maven-core/3.9.9/maven-core-3.9.9.jar:/home/runner/.m2/repository/org/codehaus/plexus/plexus-component-annotations/2.1.0/plexus-component-annotations-2.1.0.jar:/home/runner/.m2/repository/org/apache/maven/maven-plugin-api/3.9.9/maven-plugin-api-3.9.9.jar:/home/runner/.m2/repository/org/apache/maven/shared/maven-shared-utils/3.4.2/maven-shared-utils-3.4.2.jar:/home/runner/.m2/repository/com/google/inject/guice/5.1.0/guice-5.1.0.jar:/home/runner/.m2/repository/aopalliance/aopalliance/1.0/aopalliance-1.0.jar:/home/runner/.m2/repository/org/codehaus/plexus/plexus-classworlds/2.6.0/plexus-classworlds-2.6.0.jar:/home/runner/.m2/repository/commons-cli/commons-cli/1.8.0/commons-cli-1.8.0.jar:/home/runner/.m2/repository/org/eclipse/sisu/org.eclipse.sisu.plexus/0.9.0.M3/org.eclipse.sisu.plexus-0.9.0.M3.jar:/home/runner/.m2/repository/org/apache/maven/maven-settings-builder/3.9.9/maven-settings-builder-3.9.9.jar:/home/runner/.m2/repository/org/apache/maven/maven-resolver-provider/3.9.9/maven-resolver-provider-3.9.9.jar:/home/runner/.m2/repository/org/apache/maven/resolver/maven-resolver-connector-basic/1.9.22/maven-resolver-connector-basic-1.9.22.jar:/home/runner/.m2/repository/org/apache/maven/resolver/maven-resolver-transport-wagon/1.9.22/maven-resolver-transport-wagon-1.9.22.jar:/home/runner/.m2/repository/org/apache/maven/wagon/wagon-http/3.5.3/wagon-http-3.5.3.jar:/home/runner/.m2/repository/org/apache/maven/wagon/wagon-file/3.5.3/wagon-file-3.5.3.jar:/home/runner/.m2/repository/io/quarkus/quarkus-bootstrap-gradle-resolver/3.20.1/quarkus-bootstrap-gradle-resolver-3.20.1.jar:/home/runner/.m2/repository/io/smallrye/jandex/3.3.0/jandex-3.3.0.jar:/home/runner/.m2/repository/org/jboss/logging/commons-logging-jboss-logging/1.0.0.Final/commons-logging-jboss-logging-1.0.0.Final.jar:/home/runner/.m2/repository/io/quarkus/quarkus-junit5-config/3.20.1/quarkus-junit5-config-3.20.1.jar:/home/runner/.m2/repository/org/junit/jupiter/junit-jupiter-api/5.12.1/junit-jupiter-api-5.12.1.jar:/home/runner/.m2/repository/io/smallrye/config/smallrye-config/3.11.4/smallrye-config-3.11.4.jar:/home/runner/.m2/repository/io/smallrye/config/smallrye-config-core/3.11.4/smallrye-config-core-3.11.4.jar:/home/runner/.m2/repository/io/smallrye/common/smallrye-common-classloader/2.12.0/smallrye-common-classloader-2.12.0.jar:/home/runner/.m2/repository/io/smallrye/config/smallrye-config-common/3.11.4/smallrye-config-common-3.11.4.jar:/home/runner/.m2/repository/org/junit/jupiter/junit-jupiter/5.12.1/junit-jupiter-5.12.1.jar:/home/runner/.m2/repository/org/junit/jupiter/junit-jupiter-params/5.12.1/junit-jupiter-params-5.12.1.jar:/home/runner/.m2/repository/org/junit/jupiter/junit-jupiter-engine/5.12.1/junit-jupiter-engine-5.12.1.jar:/home/runner/.m2/repository/io/quarkus/quarkus-core/3.20.1/quarkus-core-3.20.1.jar:/home/runner/.m2/repository/jakarta/enterprise/jakarta.enterprise.cdi-api/4.1.0/jakarta.enterprise.cdi-api-4.1.0.jar:/home/runner/.m2/repository/jakarta/enterprise/jakarta.enterprise.lang-model/4.1.0/jakarta.enterprise.lang-model-4.1.0.jar:/home/runner/.m2/repository/jakarta/el/jakarta.el-api/5.0.1/jakarta.el-api-5.0.1.jar:/home/runner/.m2/repository/jakarta/interceptor/jakarta.interceptor-api/2.2.0/jakarta.interceptor-api-2.2.0.jar:/home/runner/.m2/repository/jakarta/inject/jakarta.inject-api/2.0.1/jakarta.inject-api-2.0.1.jar:/home/runner/.m2/repository/io/smallrye/common/smallrye-common-os/2.12.0/smallrye-common-os-2.12.0.jar:/home/runner/.m2/repository/io/quarkus/quarkus-ide-launcher/3.20.1/quarkus-ide-launcher-3.20.1.jar:/home/runner/.m2/repository/io/quarkus/quarkus-development-mode-spi/3.20.1/quarkus-development-mode-spi-3.20.1.jar:/home/runner/.m2/repository/org/jboss/logging/jboss-logging/3.6.1.Final/jboss-logging-3.6.1.Final.jar:/home/runner/.m2/repository/org/jboss/logmanager/jboss-logmanager/3.1.2.Final/jboss-logmanager-3.1.2.Final.jar:/home/runner/.m2/repository/io/smallrye/common/smallrye-common-constraint/2.12.0/smallrye-common-constraint-2.12.0.jar:/home/runner/.m2/repository/io/smallrye/common/smallrye-common-cpu/2.12.0/smallrye-common-cpu-2.12.0.jar:/home/runner/.m2/repository/io/smallrye/common/smallrye-common-expression/2.12.0/smallrye-common-expression-2.12.0.jar:/home/runner/.m2/repository/io/smallrye/common/smallrye-common-net/2.12.0/smallrye-common-net-2.12.0.jar:/home/runner/.m2/repository/io/smallrye/common/smallrye-common-ref/2.12.0/smallrye-common-ref-2.12.0.jar:/home/runner/.m2/repository/jakarta/json/jakarta.json-api/2.1.3/jakarta.json-api-2.1.3.jar:/home/runner/.m2/repository/org/eclipse/parsson/parsson/1.1.7/parsson-1.1.7.jar:/home/runner/.m2/repository/org/jboss/logging/jboss-logging-annotations/3.0.4.Final/jboss-logging-annotations-3.0.4.Final.jar:/home/runner/.m2/repository/org/jboss/threads/jboss-threads/3.8.0.Final/jboss-threads-3.8.0.Final.jar:/home/runner/.m2/repository/io/smallrye/common/smallrye-common-annotation/2.12.0/smallrye-common-annotation-2.12.0.jar:/home/runner/.m2/repository/io/smallrye/common/smallrye-common-function/2.12.0/smallrye-common-function-2.12.0.jar:/home/runner/.m2/repository/org/jboss/slf4j/slf4j-jboss-logmanager/2.0.0.Final/slf4j-jboss-logmanager-2.0.0.Final.jar:/home/runner/.m2/repository/org/wildfly/common/wildfly-common/2.0.1/wildfly-common-2.0.1.jar:/home/runner/.m2/repository/io/quarkus/quarkus-bootstrap-runner/3.20.1/quarkus-bootstrap-runner-3.20.1.jar:/home/runner/.m2/repository/io/github/crac/org-crac/0.1.3/org-crac-0.1.3.jar:/home/runner/.m2/repository/io/quarkus/quarkus-fs-util/0.0.10/quarkus-fs-util-0.0.10.jar:/home/runner/.m2/repository/org/jboss/marshalling/jboss-marshalling/2.2.2.Final/jboss-marshalling-2.2.2.Final.jar:/home/runner/.m2/repository/io/fabric8/kubernetes-client/7.1.0/kubernetes-client-7.1.0.jar:/home/runner/.m2/repository/io/fabric8/kubernetes-client-api/7.1.0/kubernetes-client-api-7.1.0.jar:/home/runner/.m2/repository/io/fabric8/kubernetes-model-core/7.1.0/kubernetes-model-core-7.1.0.jar:/home/runner/.m2/repository/io/fabric8/kubernetes-model-common/7.1.0/kubernetes-model-common-7.1.0.jar:/home/runner/.m2/repository/javax/annotation/javax.annotation-api/1.3.2/javax.annotation-api-1.3.2.jar:/home/runner/.m2/repository/io/fabric8/kubernetes-model-gatewayapi/7.1.0/kubernetes-model-gatewayapi-7.1.0.jar:/home/runner/.m2/repository/io/fabric8/kubernetes-model-resource/7.1.0/kubernetes-model-resource-7.1.0.jar:/home/runner/.m2/repository/io/fabric8/kubernetes-model-rbac/7.1.0/kubernetes-model-rbac-7.1.0.jar:/home/runner/.m2/repository/io/fabric8/kubernetes-model-admissionregistration/7.1.0/kubernetes-model-admissionregistration-7.1.0.jar:/home/runner/.m2/repository/io/fabric8/kubernetes-model-apps/7.1.0/kubernetes-model-apps-7.1.0.jar:/home/runner/.m2/repository/io/fabric8/kubernetes-model-autoscaling/7.1.0/kubernetes-model-autoscaling-7.1.0.jar:/home/runner/.m2/repository/io/fabric8/kubernetes-model-apiextensions/7.1.0/kubernetes-model-apiextensions-7.1.0.jar:/home/runner/.m2/repository/io/fabric8/kubernetes-model-batch/7.1.0/kubernetes-model-batch-7.1.0.jar:/home/runner/.m2/repository/io/fabric8/kubernetes-model-certificates/7.1.0/kubernetes-model-certificates-7.1.0.jar:/home/runner/.m2/repository/io/fabric8/kubernetes-model-coordination/7.1.0/kubernetes-model-coordination-7.1.0.jar:/home/runner/.m2/repository/io/fabric8/kubernetes-model-discovery/7.1.0/kubernetes-model-discovery-7.1.0.jar:/home/runner/.m2/repository/io/fabric8/kubernetes-model-events/7.1.0/kubernetes-model-events-7.1.0.jar:/home/runner/.m2/repository/io/fabric8/kubernetes-model-extensions/7.1.0/kubernetes-model-extensions-7.1.0.jar:/home/runner/.m2/repository/io/fabric8/kubernetes-model-flowcontrol/7.1.0/kubernetes-model-flowcontrol-7.1.0.jar:/home/runner/.m2/repository/io/fabric8/kubernetes-model-networking/7.1.0/kubernetes-model-networking-7.1.0.jar:/home/runner/.m2/repository/io/fabric8/kubernetes-model-metrics/7.1.0/kubernetes-model-metrics-7.1.0.jar:/home/runner/.m2/repository/io/fabric8/kubernetes-model-policy/7.1.0/kubernetes-model-policy-7.1.0.jar:/home/runner/.m2/repository/io/fabric8/kubernetes-model-scheduling/7.1.0/kubernetes-model-scheduling-7.1.0.jar:/home/runner/.m2/repository/io/fabric8/kubernetes-model-storageclass/7.1.0/kubernetes-model-storageclass-7.1.0.jar:/home/runner/.m2/repository/io/fabric8/kubernetes-model-node/7.1.0/kubernetes-model-node-7.1.0.jar:/home/runner/.m2/repository/org/snakeyaml/snakeyaml-engine/2.9/snakeyaml-engine-2.9.jar:/home/runner/.m2/repository/com/fasterxml/jackson/dataformat/jackson-dataformat-yaml/2.15.2/jackson-dataformat-yaml-2.15.2.jar:/home/runner/.m2/repository/com/fasterxml/jackson/datatype/jackson-datatype-jsr310/2.18.2/jackson-datatype-jsr310-2.18.2.jar:/home/runner/.m2/repository/io/fabric8/zjsonpatch/7.1.0/zjsonpatch-7.1.0.jar:/home/runner/.m2/repository/io/fabric8/kubernetes-httpclient-vertx/7.1.0/kubernetes-httpclient-vertx-7.1.0.jar:/home/runner/.m2/repository/io/vertx/vertx-web-client/4.5.14/vertx-web-client-4.5.14.jar:/home/runner/.m2/repository/io/vertx/vertx-web-common/4.5.14/vertx-web-common-4.5.14.jar:/home/runner/.m2/repository/io/vertx/vertx-auth-common/4.5.14/vertx-auth-common-4.5.14.jar:/home/runner/.m2/repository/io/vertx/vertx-uri-template/4.5.14/vertx-uri-template-4.5.14.jar:/home/runner/.m2/repository/io/fabric8/openshift-client/7.1.0/openshift-client-7.1.0.jar:/home/runner/.m2/repository/io/fabric8/openshift-client-api/7.1.0/openshift-client-api-7.1.0.jar:/home/runner/.m2/repository/io/fabric8/openshift-model/7.1.0/openshift-model-7.1.0.jar:/home/runner/.m2/repository/io/fabric8/openshift-model-autoscaling/7.1.0/openshift-model-autoscaling-7.1.0.jar:/home/runner/.m2/repository/io/fabric8/openshift-model-operator/7.1.0/openshift-model-operator-7.1.0.jar:/home/runner/.m2/repository/io/fabric8/openshift-model-operatorhub/7.1.0/openshift-model-operatorhub-7.1.0.jar:/home/runner/.m2/repository/io/fabric8/openshift-model-machine/7.1.0/openshift-model-machine-7.1.0.jar:/home/runner/.m2/repository/io/fabric8/openshift-model-whereabouts/7.1.0/openshift-model-whereabouts-7.1.0.jar:/home/runner/.m2/repository/io/fabric8/openshift-model-monitoring/7.1.0/openshift-model-monitoring-7.1.0.jar:/home/runner/.m2/repository/io/fabric8/openshift-model-storageversionmigrator/7.1.0/openshift-model-storageversionmigrator-7.1.0.jar:/home/runner/.m2/repository/io/fabric8/openshift-model-tuned/7.1.0/openshift-model-tuned-7.1.0.jar:/home/runner/.m2/repository/io/fabric8/openshift-model-console/7.1.0/openshift-model-console-7.1.0.jar:/home/runner/.m2/repository/io/fabric8/openshift-model-config/7.1.0/openshift-model-config-7.1.0.jar:/home/runner/.m2/repository/io/fabric8/openshift-model-machineconfiguration/7.1.0/openshift-model-machineconfiguration-7.1.0.jar:/home/runner/.m2/repository/io/fabric8/openshift-model-miscellaneous/7.1.0/openshift-model-miscellaneous-7.1.0.jar:/home/runner/.m2/repository/io/fabric8/openshift-model-hive/7.1.0/openshift-model-hive-7.1.0.jar:/home/runner/.m2/repository/io/fabric8/openshift-model-installer/7.1.0/openshift-model-installer-7.1.0.jar:/home/runner/.m2/repository/org/junit/platform/junit-platform-launcher/1.12.1/junit-platform-launcher-1.12.1.jar:/home/runner/.m2/repository/org/junit/platform/junit-platform-engine/1.12.1/junit-platform-engine-1.12.1.jar:/home/runner/.m2/repository/org/opentest4j/opentest4j/1.3.0/opentest4j-1.3.0.jar:/home/runner/.m2/repository/org/junit/platform/junit-platform-commons/1.12.1/junit-platform-commons-1.12.1.jar:/home/runner/.m2/repository/org/apiguardian/apiguardian-api/1.1.2/apiguardian-api-1.1.2.jar:/home/runner/.m2/repository/jakarta/ws/rs/jakarta.ws.rs-api/3.1.0/jakarta.ws.rs-api-3.1.0.jar:/home/runner/work/apicurio-testing/apicurio-testing/clusters/ci419/namespaces/inmemory/tests/integration/apicurio-registry/java-sdk/target/apicurio-registry-java-sdk-3.0.11-SNAPSHOT.jar:/home/runner/.m2/repository/com/microsoft/kiota/microsoft-kiota-abstractions/1.8.8/microsoft-kiota-abstractions-1.8.8.jar:/home/runner/.m2/repository/io/github/std-uritemplate/std-uritemplate/2.0.0/std-uritemplate-2.0.0.jar:/home/runner/.m2/repository/io/kiota/kiota-http-jdk/0.0.21/kiota-http-jdk-0.0.21.jar:/home/runner/.m2/repository/io/kiota/kiota-http-vertx/0.0.21/kiota-http-vertx-0.0.21.jar:/home/runner/.m2/repository/io/kiota/kiota-serialization-jackson/0.0.21/kiota-serialization-jackson-0.0.21.jar:/home/runner/.m2/repository/com/microsoft/kiota/microsoft-kiota-serialization-text/1.8.8/microsoft-kiota-serialization-text-1.8.8.jar:/home/runner/.m2/repository/com/microsoft/kiota/microsoft-kiota-serialization-form/1.8.8/microsoft-kiota-serialization-form-1.8.8.jar:/home/runner/.m2/repository/com/microsoft/kiota/microsoft-kiota-serialization-multipart/1.8.8/microsoft-kiota-serialization-multipart-1.8.8.jar:/home/runner/.m2/repository/jakarta/annotation/jakarta.annotation-api/3.0.0/jakarta.annotation-api-3.0.0.jar:/home/runner/.m2/repository/io/vertx/vertx-auth-oauth2/4.5.14/vertx-auth-oauth2-4.5.14.jar:/home/runner/work/apicurio-testing/apicurio-testing/clusters/ci419/namespaces/inmemory/tests/integration/apicurio-registry/java-sdk-v2/target/apicurio-registry-v2-java-sdk-3.0.11-SNAPSHOT.jar:/home/runner/work/apicurio-testing/apicurio-testing/clusters/ci419/namespaces/inmemory/tests/integration/apicurio-registry/utils/kafka/target/apicurio-registry-utils-kafka-3.0.11-SNAPSHOT-tests.jar:/home/runner/.m2/repository/org/eclipse/microprofile/config/microprofile-config-api/3.1/microprofile-config-api-3.1.jar:/home/runner/.m2/repository/org/apache/kafka/kafka-clients/3.9.1/kafka-clients-3.9.1.jar:/home/runner/.m2/repository/com/github/luben/zstd-jni/1.5.6-4/zstd-jni-1.5.6-4.jar:/home/runner/.m2/repository/org/lz4/lz4-java/1.8.0/lz4-java-1.8.0.jar:/home/runner/.m2/repository/org/xerial/snappy/snappy-java/1.1.10.5/snappy-java-1.1.10.5.jar:/home/runner/.m2/repository/org/slf4j/slf4j-api/2.0.6/slf4j-api-2.0.6.jar:/home/runner/work/apicurio-testing/apicurio-testing/clusters/ci419/namespaces/inmemory/tests/integration/apicurio-registry/utils/tests/target/apicurio-registry-utils-tests-3.0.11-SNAPSHOT.jar:/home/runner/work/apicurio-testing/apicurio-testing/clusters/ci419/namespaces/inmemory/tests/integration/apicurio-registry/common/target/apicurio-registry-common-3.0.11-SNAPSHOT.jar:/home/runner/.m2/repository/jakarta/validation/jakarta.validation-api/3.0.2/jakarta.validation-api-3.0.2.jar:/home/runner/.m2/repository/com/github/dasniko/testcontainers-keycloak/3.6.0/testcontainers-keycloak-3.6.0.jar:/home/runner/.m2/repository/org/testcontainers/testcontainers/1.20.6/testcontainers-1.20.6.jar:/home/runner/.m2/repository/org/rnorth/duct-tape/duct-tape/1.0.8/duct-tape-1.0.8.jar:/home/runner/.m2/repository/org/jetbrains/annotations/26.0.2/annotations-26.0.2.jar:/home/runner/.m2/repository/com/github/docker-java/docker-java-transport-zerodep/3.4.1/docker-java-transport-zerodep-3.4.1.jar:/home/runner/.m2/repository/com/github/docker-java/docker-java-transport/3.4.1/docker-java-transport-3.4.1.jar:/home/runner/.m2/repository/net/java/dev/jna/jna/5.8.0/jna-5.8.0.jar:/home/runner/.m2/repository/io/quarkus/quarkus-junit4-mock/3.20.1/quarkus-junit4-mock-3.20.1.jar:/home/runner/.m2/repository/org/jboss/shrinkwrap/shrinkwrap-api/2.0.0-beta-2/shrinkwrap-api-2.0.0-beta-2.jar:/home/runner/.m2/repository/org/jboss/shrinkwrap/shrinkwrap-impl-base/2.0.0-beta-2/shrinkwrap-impl-base-2.0.0-beta-2.jar:/home/runner/.m2/repository/org/jboss/shrinkwrap/shrinkwrap-spi/2.0.0-beta-2/shrinkwrap-spi-2.0.0-beta-2.jar:/home/runner/.m2/repository/org/keycloak/keycloak-admin-client/26.0.4/keycloak-admin-client-26.0.4.jar:/home/runner/.m2/repository/org/keycloak/keycloak-client-common-synced/26.0.4/keycloak-client-common-synced-26.0.4.jar:/home/runner/.m2/repository/jakarta/activation/jakarta.activation-api/2.1.3/jakarta.activation-api-2.1.3.jar:/home/runner/.m2/repository/org/eclipse/microprofile/openapi/microprofile-openapi-api/4.0.2/microprofile-openapi-api-4.0.2.jar:/home/runner/.m2/repository/org/jboss/resteasy/resteasy-client/6.2.12.Final/resteasy-client-6.2.12.Final.jar:/home/runner/.m2/repository/org/jboss/resteasy/resteasy-client-api/6.2.12.Final/resteasy-client-api-6.2.12.Final.jar:/home/runner/.m2/repository/org/jboss/resteasy/resteasy-core-spi/6.2.12.Final/resteasy-core-spi-6.2.12.Final.jar:/home/runner/.m2/repository/org/jboss/resteasy/resteasy-core/6.2.12.Final/resteasy-core-6.2.12.Final.jar:/home/runner/.m2/repository/org/eclipse/angus/angus-activation/2.0.2/angus-activation-2.0.2.jar:/home/runner/.m2/repository/com/ibm/async/asyncutil/0.1.0/asyncutil-0.1.0.jar:/home/runner/.m2/repository/org/reactivestreams/reactive-streams/1.0.4/reactive-streams-1.0.4.jar:/home/runner/.m2/repository/org/jboss/resteasy/resteasy-multipart-provider/6.2.12.Final/resteasy-multipart-provider-6.2.12.Final.jar:/home/runner/.m2/repository/jakarta/mail/jakarta.mail-api/2.1.3/jakarta.mail-api-2.1.3.jar:/home/runner/.m2/repository/org/eclipse/angus/angus-mail/2.0.3/angus-mail-2.0.3.jar:/home/runner/.m2/repository/org/apache/james/apache-mime4j-dom/0.8.12/apache-mime4j-dom-0.8.12.jar:/home/runner/.m2/repository/org/apache/james/apache-mime4j-core/0.8.12/apache-mime4j-core-0.8.12.jar:/home/runner/.m2/repository/org/apache/james/apache-mime4j-storage/0.8.12/apache-mime4j-storage-0.8.12.jar:/home/runner/.m2/repository/org/jboss/resteasy/resteasy-jackson2-provider/6.2.12.Final/resteasy-jackson2-provider-6.2.12.Final.jar:/home/runner/.m2/repository/com/fasterxml/jackson/jakarta/rs/jackson-jakarta-rs-base/2.18.2/jackson-jakarta-rs-base-2.18.2.jar:/home/runner/.m2/repository/com/fasterxml/jackson/jakarta/rs/jackson-jakarta-rs-json-provider/2.18.2/jackson-jakarta-rs-json-provider-2.18.2.jar:/home/runner/.m2/repository/com/fasterxml/jackson/module/jackson-module-jakarta-xmlbind-annotations/2.18.2/jackson-module-jakarta-xmlbind-annotations-2.18.2.jar:/home/runner/.m2/repository/com/github/java-json-tools/json-patch/1.13/json-patch-1.13.jar:/home/runner/.m2/repository/com/github/java-json-tools/msg-simple/1.2/msg-simple-1.2.jar:/home/runner/.m2/repository/com/github/java-json-tools/btf/1.3/btf-1.3.jar:/home/runner/.m2/repository/com/github/java-json-tools/jackson-coreutils/2.0/jackson-coreutils-2.0.jar:/home/runner/.m2/repository/org/jboss/resteasy/resteasy-jaxb-provider/6.2.12.Final/resteasy-jaxb-provider-6.2.12.Final.jar:/home/runner/.m2/repository/org/glassfish/jaxb/codemodel/4.0.5/codemodel-4.0.5.jar:/home/runner/.m2/repository/org/glassfish/jaxb/jaxb-core/4.0.5/jaxb-core-4.0.5.jar:/home/runner/.m2/repository/org/glassfish/jaxb/jaxb-jxc/4.0.5/jaxb-jxc-4.0.5.jar:/home/runner/.m2/repository/org/glassfish/jaxb/jaxb-runtime/4.0.5/jaxb-runtime-4.0.5.jar:/home/runner/.m2/repository/org/glassfish/jaxb/txw2/4.0.5/txw2-4.0.5.jar:/home/runner/.m2/repository/org/glassfish/jaxb/jaxb-xjc/4.0.5/jaxb-xjc-4.0.5.jar:/home/runner/.m2/repository/org/glassfish/jaxb/xsom/4.0.5/xsom-4.0.5.jar:/home/runner/.m2/repository/com/sun/istack/istack-commons-runtime/4.1.2/istack-commons-runtime-4.1.2.jar:/home/runner/.m2/repository/com/sun/istack/istack-commons-tools/4.1.2/istack-commons-tools-4.1.2.jar:/home/runner/.m2/repository/com/sun/xml/bind/external/relaxng-datatype/4.0.5/relaxng-datatype-4.0.5.jar:/home/runner/.m2/repository/com/sun/xml/bind/external/rngom/4.0.5/rngom-4.0.5.jar:/home/runner/.m2/repository/org/testcontainers/mssqlserver/1.20.6/mssqlserver-1.20.6.jar:/home/runner/.m2/repository/org/testcontainers/jdbc/1.20.6/jdbc-1.20.6.jar:/home/runner/.m2/repository/org/testcontainers/database-commons/1.20.6/database-commons-1.20.6.jar:/home/runner/.m2/repository/org/testcontainers/mysql/1.20.6/mysql-1.20.6.jar:/home/runner/.m2/repository/io/strimzi/strimzi-test-container/0.107.0/strimzi-test-container-0.107.0.jar:/home/runner/.m2/repository/org/testcontainers/toxiproxy/1.20.6/toxiproxy-1.20.6.jar:/home/runner/.m2/repository/com/github/docker-java/docker-java-api/3.4.1/docker-java-api-3.4.1.jar:/home/runner/.m2/repository/eu/rekawek/toxiproxy/toxiproxy-java/2.1.7/toxiproxy-java-2.1.7.jar:/home/runner/.m2/repository/junit/junit/4.13.2/junit-4.13.2.jar:/home/runner/.m2/repository/org/hamcrest/hamcrest-core/1.3/hamcrest-core-1.3.jar:/home/runner/.m2/repository/org/testcontainers/pulsar/1.20.4/pulsar-1.20.4.jar:/home/runner/.m2/repository/io/debezium/debezium-testing-testcontainers/2.6.2.Final/debezium-testing-testcontainers-2.6.2.Final.jar:/home/runner/.m2/repository/org/testcontainers/kafka/1.20.6/kafka-1.20.6.jar:/home/runner/.m2/repository/com/squareup/okhttp3/okhttp/4.8.1/okhttp-4.8.1.jar:/home/runner/.m2/repository/com/squareup/okio/okio/3.10.2/okio-3.10.2.jar:/home/runner/.m2/repository/com/squareup/okio/okio-jvm/3.10.2/okio-jvm-3.10.2.jar:/home/runner/.m2/repository/org/jetbrains/kotlin/kotlin-stdlib/2.0.21/kotlin-stdlib-2.0.21.jar:/home/runner/.m2/repository/org/awaitility/awaitility/4.2.2/awaitility-4.2.2.jar:/home/runner/.m2/repository/org/testcontainers/mongodb/1.20.6/mongodb-1.20.6.jar:/home/runner/.m2/repository/org/testcontainers/oracle-xe/1.20.6/oracle-xe-1.20.6.jar:/home/runner/.m2/repository/org/testcontainers/postgresql/1.20.6/postgresql-1.20.6.jar:/home/runner/.m2/repository/org/wiremock/wiremock/3.0.1/wiremock-3.0.1.jar:/home/runner/.m2/repository/org/eclipse/jetty/jetty-server/11.0.15/jetty-server-11.0.15.jar:/home/runner/.m2/repository/org/eclipse/jetty/toolchain/jetty-jakarta-servlet-api/5.0.2/jetty-jakarta-servlet-api-5.0.2.jar:/home/runner/.m2/repository/org/eclipse/jetty/jetty-http/11.0.15/jetty-http-11.0.15.jar:/home/runner/.m2/repository/org/eclipse/jetty/jetty-io/11.0.15/jetty-io-11.0.15.jar:/home/runner/.m2/repository/org/eclipse/jetty/jetty-servlet/11.0.15/jetty-servlet-11.0.15.jar:/home/runner/.m2/repository/org/eclipse/jetty/jetty-security/11.0.15/jetty-security-11.0.15.jar:/home/runner/.m2/repository/org/eclipse/jetty/jetty-servlets/11.0.15/jetty-servlets-11.0.15.jar:/home/runner/.m2/repository/org/eclipse/jetty/jetty-util/11.0.15/jetty-util-11.0.15.jar:/home/runner/.m2/repository/org/eclipse/jetty/jetty-webapp/11.0.15/jetty-webapp-11.0.15.jar:/home/runner/.m2/repository/org/eclipse/jetty/jetty-xml/11.0.15/jetty-xml-11.0.15.jar:/home/runner/.m2/repository/org/eclipse/jetty/jetty-proxy/11.0.15/jetty-proxy-11.0.15.jar:/home/runner/.m2/repository/org/eclipse/jetty/jetty-client/11.0.15/jetty-client-11.0.15.jar:/home/runner/.m2/repository/org/eclipse/jetty/http2/http2-server/11.0.15/http2-server-11.0.15.jar:/home/runner/.m2/repository/org/eclipse/jetty/http2/http2-common/11.0.15/http2-common-11.0.15.jar:/home/runner/.m2/repository/org/eclipse/jetty/http2/http2-hpack/11.0.15/http2-hpack-11.0.15.jar:/home/runner/.m2/repository/org/eclipse/jetty/jetty-alpn-server/11.0.15/jetty-alpn-server-11.0.15.jar:/home/runner/.m2/repository/org/eclipse/jetty/jetty-alpn-java-server/11.0.15/jetty-alpn-java-server-11.0.15.jar:/home/runner/.m2/repository/org/eclipse/jetty/jetty-alpn-java-client/11.0.15/jetty-alpn-java-client-11.0.15.jar:/home/runner/.m2/repository/org/eclipse/jetty/jetty-alpn-client/11.0.15/jetty-alpn-client-11.0.15.jar:/home/runner/.m2/repository/org/apache/httpcomponents/client5/httpclient5/5.2.1/httpclient5-5.2.1.jar:/home/runner/.m2/repository/org/apache/httpcomponents/core5/httpcore5/5.2/httpcore5-5.2.jar:/home/runner/.m2/repository/org/apache/httpcomponents/core5/httpcore5-h2/5.2/httpcore5-h2-5.2.jar:/home/runner/.m2/repository/org/xmlunit/xmlunit-core/2.9.1/xmlunit-core-2.9.1.jar:/home/runner/.m2/repository/jakarta/xml/bind/jakarta.xml.bind-api/4.0.2/jakarta.xml.bind-api-4.0.2.jar:/home/runner/.m2/repository/org/xmlunit/xmlunit-legacy/2.9.1/xmlunit-legacy-2.9.1.jar:/home/runner/.m2/repository/org/xmlunit/xmlunit-placeholders/2.9.1/xmlunit-placeholders-2.9.1.jar:/home/runner/.m2/repository/net/javacrumbs/json-unit/json-unit-core/2.38.0/json-unit-core-2.38.0.jar:/home/runner/.m2/repository/com/jayway/jsonpath/json-path/2.8.0/json-path-2.8.0.jar:/home/runner/.m2/repository/net/minidev/json-smart/2.4.10/json-smart-2.4.10.jar:/home/runner/.m2/repository/net/minidev/accessors-smart/2.4.9/accessors-smart-2.4.9.jar:/home/runner/.m2/repository/org/ow2/asm/asm/9.7.1/asm-9.7.1.jar:/home/runner/.m2/repository/net/sf/jopt-simple/jopt-simple/5.0.4/jopt-simple-5.0.4.jar:/home/runner/.m2/repository/com/github/jknack/handlebars/4.3.1/handlebars-4.3.1.jar:/home/runner/.m2/repository/com/github/jknack/handlebars-helpers/4.3.1/handlebars-helpers-4.3.1.jar:/home/runner/.m2/repository/commons-fileupload/commons-fileupload/1.5/commons-fileupload-1.5.jar:/home/runner/.m2/repository/com/networknt/json-schema-validator/1.5.5/json-schema-validator-1.5.5.jar:/home/runner/.m2/repository/com/ethlo/time/itu/1.10.3/itu-1.10.3.jar:/home/runner/.m2/repository/io/quarkus/quarkus-smallrye-jwt-build/3.20.1/quarkus-smallrye-jwt-build-3.20.1.jar:/home/runner/.m2/repository/io/smallrye/smallrye-jwt-build/4.6.1/smallrye-jwt-build-4.6.1.jar:/home/runner/.m2/repository/org/eclipse/microprofile/jwt/microprofile-jwt-auth-api/2.1/microprofile-jwt-auth-api-2.1.jar:/home/runner/.m2/repository/org/bitbucket/b_c/jose4j/0.9.6/jose4j-0.9.6.jar:/home/runner/.m2/repository/io/smallrye/smallrye-jwt-common/4.6.1/smallrye-jwt-common-4.6.1.jar:/home/runner/.m2/repository/io/quarkus/quarkus-jsonp/3.20.1/quarkus-jsonp-3.20.1.jar:/home/runner/.m2/repository/io/quarkus/quarkus-arc/3.20.1/quarkus-arc-3.20.1.jar:/home/runner/.m2/repository/io/quarkus/arc/arc/3.20.1/arc-3.20.1.jar:/home/runner/.m2/repository/jakarta/transaction/jakarta.transaction-api/2.0.1/jakarta.transaction-api-2.0.1.jar:/home/runner/.m2/repository/io/smallrye/reactive/mutiny/2.8.0/mutiny-2.8.0.jar:/home/runner/.m2/repository/org/jctools/jctools-core/4.0.5/jctools-core-4.0.5.jar:/home/runner/.m2/repository/org/eclipse/microprofile/context-propagation/microprofile-context-propagation-api/1.3/microprofile-context-propagation-api-1.3.jar:/home/runner/.m2/repository/io/apicurio/apicurio-common-rest-client-common/0.1.18.Final/apicurio-common-rest-client-common-0.1.18.Final.jar:/home/runner/work/apicurio-testing/apicurio-testing/clusters/ci419/namespaces/inmemory/tests/integration/apicurio-registry/utils/maven-plugin/target/apicurio-registry-maven-plugin-3.0.11-SNAPSHOT.jar:/home/runner/.m2/repository/com/fasterxml/jackson/core/jackson-databind/2.18.2/jackson-databind-2.18.2.jar:/home/runner/.m2/repository/org/apache/avro/avro/1.12.0/avro-1.12.0.jar:/home/runner/.m2/repository/com/google/protobuf/protobuf-java/4.31.1/protobuf-java-4.31.1.jar:/home/runner/.m2/repository/com/google/protobuf/protobuf-java-util/4.31.1/protobuf-java-util-4.31.1.jar:/home/runner/.m2/repository/com/google/code/findbugs/jsr305/3.0.2/jsr305-3.0.2.jar:/home/runner/.m2/repository/com/google/code/gson/gson/2.12.1/gson-2.12.1.jar:/home/runner/.m2/repository/com/google/errorprone/error_prone_annotations/2.36.0/error_prone_annotations-2.36.0.jar:/home/runner/.m2/repository/com/google/j2objc/j2objc-annotations/2.8/j2objc-annotations-2.8.jar:/home/runner/work/apicurio-testing/apicurio-testing/clusters/ci419/namespaces/inmemory/tests/integration/apicurio-registry/schema-util/util-provider/target/apicurio-registry-schema-util-provider-3.0.11-SNAPSHOT.jar:/home/runner/work/apicurio-testing/apicurio-testing/clusters/ci419/namespaces/inmemory/tests/integration/apicurio-registry/schema-util/common/target/apicurio-registry-schema-util-common-3.0.11-SNAPSHOT.jar:/home/runner/.m2/repository/com/fasterxml/jackson/module/jackson-module-parameter-names/2.18.2/jackson-module-parameter-names-2.18.2.jar:/home/runner/.m2/repository/com/fasterxml/jackson/datatype/jackson-datatype-json-org/2.18.2/jackson-datatype-json-org-2.18.2.jar:/home/runner/work/apicurio-testing/apicurio-testing/clusters/ci419/namespaces/inmemory/tests/integration/apicurio-registry/schema-util/json/target/apicurio-registry-schema-util-json-3.0.11-SNAPSHOT.jar:/home/runner/.m2/repository/com/github/erosb/everit-json-schema/1.14.5/everit-json-schema-1.14.5.jar:/home/runner/.m2/repository/commons-validator/commons-validator/1.9.0/commons-validator-1.9.0.jar:/home/runner/.m2/repository/commons-digester/commons-digester/2.1/commons-digester-2.1.jar:/home/runner/.m2/repository/commons-collections/commons-collections/3.2.2/commons-collections-3.2.2.jar:/home/runner/.m2/repository/com/damnhandy/handy-uri-templates/2.1.8/handy-uri-templates-2.1.8.jar:/home/runner/.m2/repository/joda-time/joda-time/2.10.2/joda-time-2.10.2.jar:/home/runner/.m2/repository/com/github/erosb/json-sKema/0.20.0/json-sKema-0.20.0.jar:/home/runner/.m2/repository/io/vertx/vertx-json-schema/4.5.14/vertx-json-schema-4.5.14.jar:/home/runner/work/apicurio-testing/apicurio-testing/clusters/ci419/namespaces/inmemory/tests/integration/apicurio-registry/schema-util/protobuf/target/apicurio-registry-schema-util-protobuf-3.0.11-SNAPSHOT.jar:/home/runner/work/apicurio-testing/apicurio-testing/clusters/ci419/namespaces/inmemory/tests/integration/apicurio-registry/utils/protobuf-schema-utilities/target/apicurio-registry-protobuf-schema-utilities-3.0.11-SNAPSHOT.jar:/home/runner/.m2/repository/com/google/api/grpc/proto-google-common-protos/2.52.0/proto-google-common-protos-2.52.0.jar:/home/runner/.m2/repository/com/squareup/wire/wire-schema-jvm/5.3.3/wire-schema-jvm-5.3.3.jar:/home/runner/.m2/repository/com/palantir/javapoet/javapoet/0.6.0/javapoet-0.6.0.jar:/home/runner/.m2/repository/com/squareup/kotlinpoet-jvm/2.0.0/kotlinpoet-jvm-2.0.0.jar:/home/runner/.m2/repository/org/jetbrains/kotlin/kotlin-reflect/2.0.21/kotlin-reflect-2.0.21.jar:/home/runner/.m2/repository/com/squareup/wire/wire-runtime-jvm/5.3.3/wire-runtime-jvm-5.3.3.jar:/home/runner/.m2/repository/com/ibm/icu/icu4j/76.1/icu4j-76.1.jar:/home/runner/.m2/repository/com/squareup/okio/okio-fakefilesystem/3.10.2/okio-fakefilesystem-3.10.2.jar:/home/runner/.m2/repository/com/squareup/okio/okio-fakefilesystem-jvm/3.10.2/okio-fakefilesystem-jvm-3.10.2.jar:/home/runner/.m2/repository/org/jetbrains/kotlinx/kotlinx-datetime-jvm/0.6.1/kotlinx-datetime-jvm-0.6.1.jar:/home/runner/work/apicurio-testing/apicurio-testing/clusters/ci419/namespaces/inmemory/tests/integration/apicurio-registry/schema-util/asyncapi/target/apicurio-registry-schema-util-asyncapi-3.0.11-SNAPSHOT.jar:/home/runner/work/apicurio-testing/apicurio-testing/clusters/ci419/namespaces/inmemory/tests/integration/apicurio-registry/schema-util/avro/target/apicurio-registry-schema-util-avro-3.0.11-SNAPSHOT.jar:/home/runner/work/apicurio-testing/apicurio-testing/clusters/ci419/namespaces/inmemory/tests/integration/apicurio-registry/schema-util/graphql/target/apicurio-registry-schema-util-graphql-3.0.11-SNAPSHOT.jar:/home/runner/.m2/repository/com/graphql-java/graphql-java/22.3/graphql-java-22.3.jar:/home/runner/.m2/repository/com/graphql-java/java-dataloader/3.3.0/java-dataloader-3.3.0.jar:/home/runner/work/apicurio-testing/apicurio-testing/clusters/ci419/namespaces/inmemory/tests/integration/apicurio-registry/schema-util/kconnect/target/apicurio-registry-schema-util-kconnect-3.0.11-SNAPSHOT.jar:/home/runner/work/apicurio-testing/apicurio-testing/clusters/ci419/namespaces/inmemory/tests/integration/apicurio-registry/schema-util/openapi/target/apicurio-registry-schema-util-openapi-3.0.11-SNAPSHOT.jar:/home/runner/.m2/repository/io/apicurio/apicurio-data-models/2.2.1/apicurio-data-models-2.2.1.jar:/home/runner/.m2/repository/org/openapitools/openapidiff/openapi-diff-core/2.1.2/openapi-diff-core-2.1.2.jar:/home/runner/.m2/repository/io/swagger/parser/v3/swagger-parser/2.1.28/swagger-parser-2.1.28.jar:/home/runner/.m2/repository/io/swagger/parser/v3/swagger-parser-v2-converter/2.1.28/swagger-parser-v2-converter-2.1.28.jar:/home/runner/.m2/repository/io/swagger/swagger-core/1.6.16/swagger-core-1.6.16.jar:/home/runner/.m2/repository/io/swagger/swagger-models/1.6.16/swagger-models-1.6.16.jar:/home/runner/.m2/repository/io/swagger/swagger-annotations/1.6.16/swagger-annotations-1.6.16.jar:/home/runner/.m2/repository/io/swagger/swagger-parser/1.0.75/swagger-parser-1.0.75.jar:/home/runner/.m2/repository/io/swagger/swagger-parser-safe-url-resolver/1.0.75/swagger-parser-safe-url-resolver-1.0.75.jar:/home/runner/.m2/repository/io/swagger/swagger-compat-spec-parser/1.0.75/swagger-compat-spec-parser-1.0.75.jar:/home/runner/.m2/repository/com/github/java-json-tools/json-schema-validator/2.2.14/json-schema-validator-2.2.14.jar:/home/runner/.m2/repository/com/github/java-json-tools/jackson-coreutils-equivalence/1.0/jackson-coreutils-equivalence-1.0.jar:/home/runner/.m2/repository/com/github/java-json-tools/json-schema-core/1.2.14/json-schema-core-1.2.14.jar:/home/runner/.m2/repository/com/github/java-json-tools/uri-template/0.10/uri-template-0.10.jar:/home/runner/.m2/repository/com/googlecode/libphonenumber/libphonenumber/8.11.1/libphonenumber-8.11.1.jar:/home/runner/.m2/repository/com/j2html/j2html/1.6.0/j2html-1.6.0.jar:/home/runner/.m2/repository/org/apache/commons/commons-collections4/4.5.0/commons-collections4-4.5.0.jar:/home/runner/.m2/repository/org/apache/commons/commons-configuration2/2.12.0/commons-configuration2-2.12.0.jar:/home/runner/.m2/repository/org/apache/commons/commons-text/1.13.0/commons-text-1.13.0.jar:/home/runner/.m2/repository/org/slf4j/jcl-over-slf4j/2.0.17/jcl-over-slf4j-2.0.17.jar:/home/runner/.m2/repository/io/swagger/parser/v3/swagger-parser-v3/2.1.30/swagger-parser-v3-2.1.30.jar:/home/runner/.m2/repository/io/swagger/core/v3/swagger-models/2.2.34/swagger-models-2.2.34.jar:/home/runner/.m2/repository/io/swagger/core/v3/swagger-core/2.2.34/swagger-core-2.2.34.jar:/home/runner/.m2/repository/io/swagger/parser/v3/swagger-parser-core/2.1.30/swagger-parser-core-2.1.30.jar:/home/runner/.m2/repository/io/swagger/parser/v3/swagger-parser-safe-url-resolver/2.1.30/swagger-parser-safe-url-resolver-2.1.30.jar:/home/runner/work/apicurio-testing/apicurio-testing/clusters/ci419/namespaces/inmemory/tests/integration/apicurio-registry/schema-util/wsdl/target/apicurio-registry-schema-util-wsdl-3.0.11-SNAPSHOT.jar:/home/runner/.m2/repository/wsdl4j/wsdl4j/1.6.3/wsdl4j-1.6.3.jar:/home/runner/work/apicurio-testing/apicurio-testing/clusters/ci419/namespaces/inmemory/tests/integration/apicurio-registry/schema-util/xml/target/apicurio-registry-schema-util-xml-3.0.11-SNAPSHOT.jar:/home/runner/.m2/repository/org/apache/santuario/xmlsec/4.0.3/xmlsec-4.0.3.jar:/home/runner/.m2/repository/com/fasterxml/woodstox/woodstox-core/7.1.0/woodstox-core-7.1.0.jar:/home/runner/.m2/repository/org/codehaus/woodstox/stax2-api/4.2.2/stax2-api-4.2.2.jar:/home/runner/work/apicurio-testing/apicurio-testing/clusters/ci419/namespaces/inmemory/tests/integration/apicurio-registry/schema-util/xsd/target/apicurio-registry-schema-util-xsd-3.0.11-SNAPSHOT.jar:/home/runner/work/apicurio-testing/apicurio-testing/clusters/ci419/namespaces/inmemory/tests/integration/apicurio-registry/serdes/kafka/jsonschema-serde/target/apicurio-registry-jsonschema-serde-kafka-3.0.11-SNAPSHOT.jar:/home/runner/work/apicurio-testing/apicurio-testing/clusters/ci419/namespaces/inmemory/tests/integration/apicurio-registry/serdes/kafka/serde-kafka-common/target/apicurio-registry-serde-kafka-common-3.0.11-SNAPSHOT.jar:/home/runner/work/apicurio-testing/apicurio-testing/clusters/ci419/namespaces/inmemory/tests/integration/apicurio-registry/serdes/generic/serde-common/target/apicurio-registry-serde-common-3.0.11-SNAPSHOT.jar:/home/runner/work/apicurio-testing/apicurio-testing/clusters/ci419/namespaces/inmemory/tests/integration/apicurio-registry/serdes/generic/serde-common-jsonschema/target/apicurio-registry-serde-common-jsonschema-3.0.11-SNAPSHOT.jar:/home/runner/.m2/repository/org/json/json/20250107/json-20250107.jar:/home/runner/work/apicurio-testing/apicurio-testing/clusters/ci419/namespaces/inmemory/tests/integration/apicurio-registry/serdes/kafka/avro-serde/target/apicurio-registry-avro-serde-kafka-3.0.11-SNAPSHOT.jar:/home/runner/work/apicurio-testing/apicurio-testing/clusters/ci419/namespaces/inmemory/tests/integration/apicurio-registry/serdes/generic/serde-common-avro/target/apicurio-registry-serde-common-avro-3.0.11-SNAPSHOT.jar:/home/runner/work/apicurio-testing/apicurio-testing/clusters/ci419/namespaces/inmemory/tests/integration/apicurio-registry/serdes/kafka/protobuf-serde/target/apicurio-registry-protobuf-serde-kafka-3.0.11-SNAPSHOT.jar:/home/runner/work/apicurio-testing/apicurio-testing/clusters/ci419/namespaces/inmemory/tests/integration/apicurio-registry/serdes/generic/serde-common-protobuf/target/apicurio-registry-serde-common-protobuf-3.0.11-SNAPSHOT.jar:/home/runner/.m2/repository/com/squareup/wire/wire-schema/5.3.3/wire-schema-5.3.3.jar:/home/runner/.m2/repository/com/squareup/wire/wire-runtime/5.3.3/wire-runtime-5.3.3.jar:/home/runner/work/apicurio-testing/apicurio-testing/clusters/ci419/namespaces/inmemory/tests/integration/apicurio-registry/serdes/pulsar/avro-serde/target/apicurio-registry-avro-serde-pulsar-3.0.11-SNAPSHOT.jar:/home/runner/.m2/repository/org/apache/pulsar/pulsar-functions-api/3.3.4/pulsar-functions-api-3.3.4.jar:/home/runner/work/apicurio-testing/apicurio-testing/clusters/ci419/namespaces/inmemory/tests/integration/apicurio-registry/serdes/nats/avro-serde/target/apicurio-registry-avro-serde-nats-3.0.11-SNAPSHOT.jar:/home/runner/.m2/repository/io/nats/jnats/2.20.5/jnats-2.20.5.jar:/home/runner/.m2/repository/net/i2p/crypto/eddsa/0.3.0/eddsa-0.3.0.jar:/home/runner/work/apicurio-testing/apicurio-testing/clusters/ci419/namespaces/inmemory/tests/integration/apicurio-registry/utils/converter/target/apicurio-registry-utils-converter-3.0.11-SNAPSHOT.jar:/home/runner/work/apicurio-testing/apicurio-testing/clusters/ci419/namespaces/inmemory/tests/integration/apicurio-registry/schema-resolver/target/apicurio-registry-schema-resolver-3.0.11-SNAPSHOT.jar:/home/runner/.m2/repository/org/apache/kafka/connect-api/3.9.1/connect-api-3.9.1.jar:/home/runner/.m2/repository/javax/ws/rs/javax.ws.rs-api/2.1.1/javax.ws.rs-api-2.1.1.jar:/home/runner/.m2/repository/org/apache/kafka/connect-json/3.9.1/connect-json-3.9.1.jar:/home/runner/.m2/repository/com/fasterxml/jackson/datatype/jackson-datatype-jdk8/2.18.2/jackson-datatype-jdk8-2.18.2.jar:/home/runner/.m2/repository/com/fasterxml/jackson/module/jackson-module-afterburner/2.18.2/jackson-module-afterburner-2.18.2.jar:/home/runner/work/apicurio-testing/apicurio-testing/clusters/ci419/namespaces/inmemory/tests/integration/apicurio-registry/utils/kafka/target/apicurio-registry-utils-kafka-3.0.11-SNAPSHOT.jar:/home/runner/.m2/repository/org/apache/pulsar/pulsar-client/3.3.4/pulsar-client-3.3.4.jar:/home/runner/.m2/repository/org/apache/pulsar/pulsar-client-api/3.3.4/pulsar-client-api-3.3.4.jar:/home/runner/.m2/repository/org/apache/pulsar/pulsar-client-admin-api/3.3.4/pulsar-client-admin-api-3.3.4.jar:/home/runner/.m2/repository/org/apache/pulsar/bouncy-castle-bc/3.3.4/bouncy-castle-bc-3.3.4-pkg.jar:/home/runner/.m2/repository/org/bouncycastle/bcpkix-jdk18on/1.80/bcpkix-jdk18on-1.80.jar:/home/runner/.m2/repository/org/bouncycastle/bcutil-jdk18on/1.80/bcutil-jdk18on-1.80.jar:/home/runner/.m2/repository/org/bouncycastle/bcprov-jdk18on/1.80/bcprov-jdk18on-1.80.jar:/home/runner/.m2/repository/io/opentelemetry/opentelemetry-api/1.44.1/opentelemetry-api-1.44.1.jar:/home/runner/.m2/repository/io/opentelemetry/opentelemetry-context/1.44.1/opentelemetry-context-1.44.1.jar:/home/runner/.m2/repository/io/opentelemetry/opentelemetry-api-incubator/1.44.1-alpha/opentelemetry-api-incubator-1.44.1-alpha.jar:/home/runner/.m2/repository/com/fasterxml/jackson/core/jackson-annotations/2.18.2/jackson-annotations-2.18.2.jar:/home/runner/.m2/repository/javax/validation/validation-api/1.1.0.Final/validation-api-1.1.0.Final.jar:/home/runner/.m2/repository/io/confluent/kafka-avro-serializer/8.0.0/kafka-avro-serializer-8.0.0.jar:/home/runner/.m2/repository/org/apache/commons/commons-compress/1.27.1/commons-compress-1.27.1.jar:/home/runner/.m2/repository/io/confluent/kafka-schema-serializer/8.0.0/kafka-schema-serializer-8.0.0.jar:/home/runner/.m2/repository/com/fasterxml/jackson/dataformat/jackson-dataformat-csv/2.18.2/jackson-dataformat-csv-2.18.2.jar:/home/runner/.m2/repository/io/confluent/kafka-schema-registry-client/8.0.0/kafka-schema-registry-client-8.0.0.jar:/home/runner/.m2/repository/org/yaml/snakeyaml/2.3/snakeyaml-2.3.jar:/home/runner/.m2/repository/io/swagger/core/v3/swagger-annotations/2.2.29/swagger-annotations-2.2.29.jar:/home/runner/.m2/repository/com/google/guava/guava/33.4.0-jre/guava-33.4.0-jre.jar:/home/runner/.m2/repository/com/google/guava/failureaccess/1.0.1/failureaccess-1.0.1.jar:/home/runner/.m2/repository/org/checkerframework/checker-qual/3.49.0/checker-qual-3.49.0.jar:/home/runner/.m2/repository/io/confluent/logredactor/1.0.13/logredactor-1.0.13.jar:/home/runner/.m2/repository/com/google/re2j/re2j/1.6/re2j-1.6.jar:/home/runner/.m2/repository/io/confluent/logredactor-metrics/1.0.13/logredactor-metrics-1.0.13.jar:/home/runner/.m2/repository/com/eclipsesource/minimal-json/minimal-json/0.9.5/minimal-json-0.9.5.jar:/home/runner/.m2/repository/io/confluent/common-utils/8.0.0/common-utils-8.0.0.jar:/home/runner/.m2/repository/io/confluent/kafka-connect-avro-converter/8.0.0/kafka-connect-avro-converter-8.0.0.jar:/home/runner/.m2/repository/io/confluent/kafka-connect-avro-data/8.0.0/kafka-connect-avro-data-8.0.0.jar:/home/runner/.m2/repository/io/confluent/kafka-schema-converter/8.0.0/kafka-schema-converter-8.0.0.jar:/home/runner/.m2/repository/io/rest-assured/rest-assured/5.5.1/rest-assured-5.5.1.jar:/home/runner/.m2/repository/org/apache/groovy/groovy/4.0.22/groovy-4.0.22.jar:/home/runner/.m2/repository/org/apache/groovy/groovy-xml/4.0.22/groovy-xml-4.0.22.jar:/home/runner/.m2/repository/org/apache/httpcomponents/httpclient/4.5.14/httpclient-4.5.14.jar:/home/runner/.m2/repository/org/apache/httpcomponents/httpcore/4.4.16/httpcore-4.4.16.jar:/home/runner/.m2/repository/org/apache/httpcomponents/httpmime/4.5.14/httpmime-4.5.14.jar:/home/runner/.m2/repository/org/hamcrest/hamcrest/2.2/hamcrest-2.2.jar:/home/runner/.m2/repository/org/ccil/cowan/tagsoup/tagsoup/1.2.1/tagsoup-1.2.1.jar:/home/runner/.m2/repository/io/rest-assured/json-path/5.5.1/json-path-5.5.1.jar:/home/runner/.m2/repository/org/apache/groovy/groovy-json/4.0.22/groovy-json-4.0.22.jar:/home/runner/.m2/repository/io/rest-assured/rest-assured-common/5.5.1/rest-assured-common-5.5.1.jar:/home/runner/.m2/repository/io/rest-assured/xml-path/5.5.1/xml-path-5.5.1.jar:/home/runner/.m2/repository/io/zonky/test/embedded-postgres/2.1.0/embedded-postgres-2.1.0.jar:/home/runner/.m2/repository/io/zonky/test/postgres/embedded-postgres-binaries-windows-amd64/14.15.0/embedded-postgres-binaries-windows-amd64-14.15.0.jar:/home/runner/.m2/repository/io/zonky/test/postgres/embedded-postgres-binaries-darwin-amd64/14.15.0/embedded-postgres-binaries-darwin-amd64-14.15.0.jar:/home/runner/.m2/repository/io/zonky/test/postgres/embedded-postgres-binaries-linux-amd64/14.15.0/embedded-postgres-binaries-linux-amd64-14.15.0.jar:/home/runner/.m2/repository/io/zonky/test/postgres/embedded-postgres-binaries-linux-amd64-alpine/14.15.0/embedded-postgres-binaries-linux-amd64-alpine-14.15.0.jar:/home/runner/.m2/repository/org/apache/commons/commons-lang3/3.17.0/commons-lang3-3.17.0.jar:/home/runner/.m2/repository/org/tukaani/xz/1.10/xz-1.10.jar:/home/runner/.m2/repository/commons-codec/commons-codec/1.18.0/commons-codec-1.18.0.jar:/home/runner/.m2/repository/org/postgresql/postgresql/42.7.5/postgresql-42.7.5.jar:/home/runner/.m2/repository/commons-io/commons-io/2.18.0/commons-io-2.18.0.jar:/home/runner/work/apicurio-testing/apicurio-testing/clusters/ci419/namespaces/inmemory/tests/integration/apicurio-registry/utils/importexport/target/apicurio-registry-utils-import-export-3.0.11-SNAPSHOT.jar:/home/runner/.m2/repository/io/vertx/vertx-core/4.5.14/vertx-core-4.5.14.jar:/home/runner/.m2/repository/io/netty/netty-common/4.1.119.Final/netty-common-4.1.119.Final.jar:/home/runner/.m2/repository/io/netty/netty-buffer/4.1.119.Final/netty-buffer-4.1.119.Final.jar:/home/runner/.m2/repository/io/netty/netty-transport/4.1.119.Final/netty-transport-4.1.119.Final.jar:/home/runner/.m2/repository/io/netty/netty-handler/4.1.119.Final/netty-handler-4.1.119.Final.jar:/home/runner/.m2/repository/io/netty/netty-transport-native-unix-common/4.1.119.Final/netty-transport-native-unix-common-4.1.119.Final.jar:/home/runner/.m2/repository/io/netty/netty-codec/4.1.119.Final/netty-codec-4.1.119.Final.jar:/home/runner/.m2/repository/io/netty/netty-handler-proxy/4.1.119.Final/netty-handler-proxy-4.1.119.Final.jar:/home/runner/.m2/repository/io/netty/netty-codec-socks/4.1.119.Final/netty-codec-socks-4.1.119.Final.jar:/home/runner/.m2/repository/io/netty/netty-codec-http/4.1.119.Final/netty-codec-http-4.1.119.Final.jar:/home/runner/.m2/repository/io/netty/netty-codec-http2/4.1.119.Final/netty-codec-http2-4.1.119.Final.jar:/home/runner/.m2/repository/io/netty/netty-resolver/4.1.119.Final/netty-resolver-4.1.119.Final.jar:/home/runner/.m2/repository/io/netty/netty-resolver-dns/4.1.119.Final/netty-resolver-dns-4.1.119.Final.jar:/home/runner/.m2/repository/io/netty/netty-codec-dns/4.1.119.Final/netty-codec-dns-4.1.119.Final.jar:/home/runner/.m2/repository/com/fasterxml/jackson/core/jackson-core/2.18.2/jackson-core-2.18.2.jar:"/>
    <property name="java.vm.vendor" value="Eclipse Adoptium"/>
    <property name="maven.javadoc.skip" value="true"/>
    <property name="sun.arch.data.model" value="64"/>
    <property name="java.vendor.url" value="https://adoptium.net/"/>
    <property name="user.timezone" value="Etc/UTC"/>
    <property name="os.name" value="Linux"/>
    <property name="java.vm.specification.version" value="17"/>
    <property name="sun.java.launcher" value="SUN_STANDARD"/>
    <property name="quarkus.http.test-port" value="80"/>
    <property name="sun.boot.library.path" value="/usr/lib/jvm/temurin-17-jdk-amd64/lib"/>
    <property name="sun.java.command" value="/home/runner/work/apicurio-testing/apicurio-testing/clusters/ci419/namespaces/inmemory/tests/integration/apicurio-registry/integration-tests/target/surefire/surefirebooter-20250731165848175_3.jar /home/runner/work/apicurio-testing/apicurio-testing/clusters/ci419/namespaces/inmemory/tests/integration/apicurio-registry/integration-tests/target/surefire 2025-07-31T16-58-48_102-jvmRun1 surefire-20250731165848175_1tmp surefire_0-20250731165848175_2tmp"/>
    <property name="maven.home" value="/home/runner/.m2/wrapper/dists/apache-maven-3.9.8-bin/4fnp1ql35bgk2a0p7m31ovbgb0/apache-maven-3.9.8"/>
    <property name="jdk.debug" value="release"/>
    <property name="surefire.test.class.path" value="/home/runner/work/apicurio-testing/apicurio-testing/clusters/ci419/namespaces/inmemory/tests/integration/apicurio-registry/integration-tests/target/test-classes:/home/runner/work/apicurio-testing/apicurio-testing/clusters/ci419/namespaces/inmemory/tests/integration/apicurio-registry/integration-tests/target/apicurio-registry-integration-tests-3.0.11-SNAPSHOT.jar:/home/runner/.m2/repository/io/quarkus/quarkus-junit5/3.20.1/quarkus-junit5-3.20.1.jar:/home/runner/.m2/repository/io/quarkus/quarkus-bootstrap-core/3.20.1/quarkus-bootstrap-core-3.20.1.jar:/home/runner/.m2/repository/io/quarkus/quarkus-classloader-commons/3.20.1/quarkus-classloader-commons-3.20.1.jar:/home/runner/.m2/repository/io/quarkus/quarkus-bootstrap-app-model/3.20.1/quarkus-bootstrap-app-model-3.20.1.jar:/home/runner/.m2/repository/io/smallrye/common/smallrye-common-io/2.12.0/smallrye-common-io-2.12.0.jar:/home/runner/.m2/repository/org/eclipse/sisu/org.eclipse.sisu.inject/0.9.0.M3/org.eclipse.sisu.inject-0.9.0.M3.jar:/home/runner/.m2/repository/io/quarkus/quarkus-test-common/3.20.1/quarkus-test-common-3.20.1.jar:/home/runner/.m2/repository/io/quarkus/quarkus-core-deployment/3.20.1/quarkus-core-deployment-3.20.1.jar:/home/runner/.m2/repository/org/aesh/readline/2.6/readline-2.6.jar:/home/runner/.m2/repository/org/fusesource/jansi/jansi/2.4.0/jansi-2.4.0.jar:/home/runner/.m2/repository/org/aesh/aesh/2.8.2/aesh-2.8.2.jar:/home/runner/.m2/repository/io/quarkus/gizmo/gizmo/1.8.0/gizmo-1.8.0.jar:/home/runner/.m2/repository/org/ow2/asm/asm-util/9.7.1/asm-util-9.7.1.jar:/home/runner/.m2/repository/org/ow2/asm/asm-analysis/9.7.1/asm-analysis-9.7.1.jar:/home/runner/.m2/repository/org/ow2/asm/asm-commons/9.7.1/asm-commons-9.7.1.jar:/home/runner/.m2/repository/org/ow2/asm/asm-tree/9.7.1/asm-tree-9.7.1.jar:/home/runner/.m2/repository/io/quarkus/quarkus-hibernate-validator-spi/3.20.1/quarkus-hibernate-validator-spi-3.20.1.jar:/home/runner/.m2/repository/io/quarkus/quarkus-class-change-agent/3.20.1/quarkus-class-change-agent-3.20.1.jar:/home/runner/.m2/repository/io/quarkus/quarkus-devtools-utilities/3.20.1/quarkus-devtools-utilities-3.20.1.jar:/home/runner/.m2/repository/io/quarkus/quarkus-builder/3.20.1/quarkus-builder-3.20.1.jar:/home/runner/.m2/repository/org/graalvm/sdk/nativeimage/23.1.2/nativeimage-23.1.2.jar:/home/runner/.m2/repository/org/graalvm/sdk/word/23.1.2/word-23.1.2.jar:/home/runner/.m2/repository/io/quarkus/quarkus-bootstrap-maven-resolver/3.20.1/quarkus-bootstrap-maven-resolver-3.20.1.jar:/home/runner/.m2/repository/io/smallrye/beanbag/smallrye-beanbag-maven/1.5.2/smallrye-beanbag-maven-1.5.2.jar:/home/runner/.m2/repository/io/smallrye/beanbag/smallrye-beanbag-sisu/1.5.2/smallrye-beanbag-sisu-1.5.2.jar:/home/runner/.m2/repository/io/smallrye/beanbag/smallrye-beanbag/1.5.2/smallrye-beanbag-1.5.2.jar:/home/runner/.m2/repository/javax/inject/javax.inject/1/javax.inject-1.jar:/home/runner/.m2/repository/org/apache/maven/maven-artifact/3.9.9/maven-artifact-3.9.9.jar:/home/runner/.m2/repository/org/apache/maven/maven-builder-support/3.9.9/maven-builder-support-3.9.9.jar:/home/runner/.m2/repository/org/apache/maven/maven-model/3.9.9/maven-model-3.9.9.jar:/home/runner/.m2/repository/org/apache/maven/maven-model-builder/3.9.9/maven-model-builder-3.9.9.jar:/home/runner/.m2/repository/org/apache/maven/maven-repository-metadata/3.9.9/maven-repository-metadata-3.9.9.jar:/home/runner/.m2/repository/org/apache/maven/maven-settings/3.9.9/maven-settings-3.9.9.jar:/home/runner/.m2/repository/org/apache/maven/resolver/maven-resolver-api/1.9.22/maven-resolver-api-1.9.22.jar:/home/runner/.m2/repository/org/apache/maven/resolver/maven-resolver-impl/1.9.22/maven-resolver-impl-1.9.22.jar:/home/runner/.m2/repository/org/apache/maven/resolver/maven-resolver-named-locks/1.9.22/maven-resolver-named-locks-1.9.22.jar:/home/runner/.m2/repository/org/apache/maven/resolver/maven-resolver-spi/1.9.22/maven-resolver-spi-1.9.22.jar:/home/runner/.m2/repository/org/apache/maven/resolver/maven-resolver-util/1.9.22/maven-resolver-util-1.9.22.jar:/home/runner/.m2/repository/org/apache/maven/resolver/maven-resolver-transport-http/1.9.20/maven-resolver-transport-http-1.9.20.jar:/home/runner/.m2/repository/org/apache/maven/wagon/wagon-provider-api/3.5.3/wagon-provider-api-3.5.3.jar:/home/runner/.m2/repository/org/apache/maven/wagon/wagon-http-shared/3.5.3/wagon-http-shared-3.5.3.jar:/home/runner/.m2/repository/org/codehaus/plexus/plexus-interpolation/1.26/plexus-interpolation-1.26.jar:/home/runner/.m2/repository/org/codehaus/plexus/plexus-utils/3.5.1/plexus-utils-3.5.1.jar:/home/runner/.m2/repository/org/codehaus/plexus/plexus-xml/4.0.1/plexus-xml-4.0.1.jar:/home/runner/.m2/repository/org/apache/maven/maven-xml-impl/4.0.0-alpha-5/maven-xml-impl-4.0.0-alpha-5.jar:/home/runner/.m2/repository/org/apache/maven/maven-api-xml/4.0.0-alpha-5/maven-api-xml-4.0.0-alpha-5.jar:/home/runner/.m2/repository/org/apache/maven/maven-api-meta/4.0.0-alpha-5/maven-api-meta-4.0.0-alpha-5.jar:/home/runner/.m2/repository/org/codehaus/plexus/plexus-cipher/2.0/plexus-cipher-2.0.jar:/home/runner/.m2/repository/org/codehaus/plexus/plexus-sec-dispatcher/2.0/plexus-sec-dispatcher-2.0.jar:/home/runner/.m2/repository/org/apache/maven/maven-embedder/3.9.9/maven-embedder-3.9.9.jar:/home/runner/.m2/repository/org/apache/maven/maven-core/3.9.9/maven-core-3.9.9.jar:/home/runner/.m2/repository/org/codehaus/plexus/plexus-component-annotations/2.1.0/plexus-component-annotations-2.1.0.jar:/home/runner/.m2/repository/org/apache/maven/maven-plugin-api/3.9.9/maven-plugin-api-3.9.9.jar:/home/runner/.m2/repository/org/apache/maven/shared/maven-shared-utils/3.4.2/maven-shared-utils-3.4.2.jar:/home/runner/.m2/repository/com/google/inject/guice/5.1.0/guice-5.1.0.jar:/home/runner/.m2/repository/aopalliance/aopalliance/1.0/aopalliance-1.0.jar:/home/runner/.m2/repository/org/codehaus/plexus/plexus-classworlds/2.6.0/plexus-classworlds-2.6.0.jar:/home/runner/.m2/repository/commons-cli/commons-cli/1.8.0/commons-cli-1.8.0.jar:/home/runner/.m2/repository/org/eclipse/sisu/org.eclipse.sisu.plexus/0.9.0.M3/org.eclipse.sisu.plexus-0.9.0.M3.jar:/home/runner/.m2/repository/org/apache/maven/maven-settings-builder/3.9.9/maven-settings-builder-3.9.9.jar:/home/runner/.m2/repository/org/apache/maven/maven-resolver-provider/3.9.9/maven-resolver-provider-3.9.9.jar:/home/runner/.m2/repository/org/apache/maven/resolver/maven-resolver-connector-basic/1.9.22/maven-resolver-connector-basic-1.9.22.jar:/home/runner/.m2/repository/org/apache/maven/resolver/maven-resolver-transport-wagon/1.9.22/maven-resolver-transport-wagon-1.9.22.jar:/home/runner/.m2/repository/org/apache/maven/wagon/wagon-http/3.5.3/wagon-http-3.5.3.jar:/home/runner/.m2/repository/org/apache/maven/wagon/wagon-file/3.5.3/wagon-file-3.5.3.jar:/home/runner/.m2/repository/io/quarkus/quarkus-bootstrap-gradle-resolver/3.20.1/quarkus-bootstrap-gradle-resolver-3.20.1.jar:/home/runner/.m2/repository/io/smallrye/jandex/3.3.0/jandex-3.3.0.jar:/home/runner/.m2/repository/org/jboss/logging/commons-logging-jboss-logging/1.0.0.Final/commons-logging-jboss-logging-1.0.0.Final.jar:/home/runner/.m2/repository/io/quarkus/quarkus-junit5-config/3.20.1/quarkus-junit5-config-3.20.1.jar:/home/runner/.m2/repository/org/junit/jupiter/junit-jupiter-api/5.12.1/junit-jupiter-api-5.12.1.jar:/home/runner/.m2/repository/io/smallrye/config/smallrye-config/3.11.4/smallrye-config-3.11.4.jar:/home/runner/.m2/repository/io/smallrye/config/smallrye-config-core/3.11.4/smallrye-config-core-3.11.4.jar:/home/runner/.m2/repository/io/smallrye/common/smallrye-common-classloader/2.12.0/smallrye-common-classloader-2.12.0.jar:/home/runner/.m2/repository/io/smallrye/config/smallrye-config-common/3.11.4/smallrye-config-common-3.11.4.jar:/home/runner/.m2/repository/org/junit/jupiter/junit-jupiter/5.12.1/junit-jupiter-5.12.1.jar:/home/runner/.m2/repository/org/junit/jupiter/junit-jupiter-params/5.12.1/junit-jupiter-params-5.12.1.jar:/home/runner/.m2/repository/org/junit/jupiter/junit-jupiter-engine/5.12.1/junit-jupiter-engine-5.12.1.jar:/home/runner/.m2/repository/io/quarkus/quarkus-core/3.20.1/quarkus-core-3.20.1.jar:/home/runner/.m2/repository/jakarta/enterprise/jakarta.enterprise.cdi-api/4.1.0/jakarta.enterprise.cdi-api-4.1.0.jar:/home/runner/.m2/repository/jakarta/enterprise/jakarta.enterprise.lang-model/4.1.0/jakarta.enterprise.lang-model-4.1.0.jar:/home/runner/.m2/repository/jakarta/el/jakarta.el-api/5.0.1/jakarta.el-api-5.0.1.jar:/home/runner/.m2/repository/jakarta/interceptor/jakarta.interceptor-api/2.2.0/jakarta.interceptor-api-2.2.0.jar:/home/runner/.m2/repository/jakarta/inject/jakarta.inject-api/2.0.1/jakarta.inject-api-2.0.1.jar:/home/runner/.m2/repository/io/smallrye/common/smallrye-common-os/2.12.0/smallrye-common-os-2.12.0.jar:/home/runner/.m2/repository/io/quarkus/quarkus-ide-launcher/3.20.1/quarkus-ide-launcher-3.20.1.jar:/home/runner/.m2/repository/io/quarkus/quarkus-development-mode-spi/3.20.1/quarkus-development-mode-spi-3.20.1.jar:/home/runner/.m2/repository/org/jboss/logging/jboss-logging/3.6.1.Final/jboss-logging-3.6.1.Final.jar:/home/runner/.m2/repository/org/jboss/logmanager/jboss-logmanager/3.1.2.Final/jboss-logmanager-3.1.2.Final.jar:/home/runner/.m2/repository/io/smallrye/common/smallrye-common-constraint/2.12.0/smallrye-common-constraint-2.12.0.jar:/home/runner/.m2/repository/io/smallrye/common/smallrye-common-cpu/2.12.0/smallrye-common-cpu-2.12.0.jar:/home/runner/.m2/repository/io/smallrye/common/smallrye-common-expression/2.12.0/smallrye-common-expression-2.12.0.jar:/home/runner/.m2/repository/io/smallrye/common/smallrye-common-net/2.12.0/smallrye-common-net-2.12.0.jar:/home/runner/.m2/repository/io/smallrye/common/smallrye-common-ref/2.12.0/smallrye-common-ref-2.12.0.jar:/home/runner/.m2/repository/jakarta/json/jakarta.json-api/2.1.3/jakarta.json-api-2.1.3.jar:/home/runner/.m2/repository/org/eclipse/parsson/parsson/1.1.7/parsson-1.1.7.jar:/home/runner/.m2/repository/org/jboss/logging/jboss-logging-annotations/3.0.4.Final/jboss-logging-annotations-3.0.4.Final.jar:/home/runner/.m2/repository/org/jboss/threads/jboss-threads/3.8.0.Final/jboss-threads-3.8.0.Final.jar:/home/runner/.m2/repository/io/smallrye/common/smallrye-common-annotation/2.12.0/smallrye-common-annotation-2.12.0.jar:/home/runner/.m2/repository/io/smallrye/common/smallrye-common-function/2.12.0/smallrye-common-function-2.12.0.jar:/home/runner/.m2/repository/org/jboss/slf4j/slf4j-jboss-logmanager/2.0.0.Final/slf4j-jboss-logmanager-2.0.0.Final.jar:/home/runner/.m2/repository/org/wildfly/common/wildfly-common/2.0.1/wildfly-common-2.0.1.jar:/home/runner/.m2/repository/io/quarkus/quarkus-bootstrap-runner/3.20.1/quarkus-bootstrap-runner-3.20.1.jar:/home/runner/.m2/repository/io/github/crac/org-crac/0.1.3/org-crac-0.1.3.jar:/home/runner/.m2/repository/io/quarkus/quarkus-fs-util/0.0.10/quarkus-fs-util-0.0.10.jar:/home/runner/.m2/repository/org/jboss/marshalling/jboss-marshalling/2.2.2.Final/jboss-marshalling-2.2.2.Final.jar:/home/runner/.m2/repository/io/fabric8/kubernetes-client/7.1.0/kubernetes-client-7.1.0.jar:/home/runner/.m2/repository/io/fabric8/kubernetes-client-api/7.1.0/kubernetes-client-api-7.1.0.jar:/home/runner/.m2/repository/io/fabric8/kubernetes-model-core/7.1.0/kubernetes-model-core-7.1.0.jar:/home/runner/.m2/repository/io/fabric8/kubernetes-model-common/7.1.0/kubernetes-model-common-7.1.0.jar:/home/runner/.m2/repository/javax/annotation/javax.annotation-api/1.3.2/javax.annotation-api-1.3.2.jar:/home/runner/.m2/repository/io/fabric8/kubernetes-model-gatewayapi/7.1.0/kubernetes-model-gatewayapi-7.1.0.jar:/home/runner/.m2/repository/io/fabric8/kubernetes-model-resource/7.1.0/kubernetes-model-resource-7.1.0.jar:/home/runner/.m2/repository/io/fabric8/kubernetes-model-rbac/7.1.0/kubernetes-model-rbac-7.1.0.jar:/home/runner/.m2/repository/io/fabric8/kubernetes-model-admissionregistration/7.1.0/kubernetes-model-admissionregistration-7.1.0.jar:/home/runner/.m2/repository/io/fabric8/kubernetes-model-apps/7.1.0/kubernetes-model-apps-7.1.0.jar:/home/runner/.m2/repository/io/fabric8/kubernetes-model-autoscaling/7.1.0/kubernetes-model-autoscaling-7.1.0.jar:/home/runner/.m2/repository/io/fabric8/kubernetes-model-apiextensions/7.1.0/kubernetes-model-apiextensions-7.1.0.jar:/home/runner/.m2/repository/io/fabric8/kubernetes-model-batch/7.1.0/kubernetes-model-batch-7.1.0.jar:/home/runner/.m2/repository/io/fabric8/kubernetes-model-certificates/7.1.0/kubernetes-model-certificates-7.1.0.jar:/home/runner/.m2/repository/io/fabric8/kubernetes-model-coordination/7.1.0/kubernetes-model-coordination-7.1.0.jar:/home/runner/.m2/repository/io/fabric8/kubernetes-model-discovery/7.1.0/kubernetes-model-discovery-7.1.0.jar:/home/runner/.m2/repository/io/fabric8/kubernetes-model-events/7.1.0/kubernetes-model-events-7.1.0.jar:/home/runner/.m2/repository/io/fabric8/kubernetes-model-extensions/7.1.0/kubernetes-model-extensions-7.1.0.jar:/home/runner/.m2/repository/io/fabric8/kubernetes-model-flowcontrol/7.1.0/kubernetes-model-flowcontrol-7.1.0.jar:/home/runner/.m2/repository/io/fabric8/kubernetes-model-networking/7.1.0/kubernetes-model-networking-7.1.0.jar:/home/runner/.m2/repository/io/fabric8/kubernetes-model-metrics/7.1.0/kubernetes-model-metrics-7.1.0.jar:/home/runner/.m2/repository/io/fabric8/kubernetes-model-policy/7.1.0/kubernetes-model-policy-7.1.0.jar:/home/runner/.m2/repository/io/fabric8/kubernetes-model-scheduling/7.1.0/kubernetes-model-scheduling-7.1.0.jar:/home/runner/.m2/repository/io/fabric8/kubernetes-model-storageclass/7.1.0/kubernetes-model-storageclass-7.1.0.jar:/home/runner/.m2/repository/io/fabric8/kubernetes-model-node/7.1.0/kubernetes-model-node-7.1.0.jar:/home/runner/.m2/repository/org/snakeyaml/snakeyaml-engine/2.9/snakeyaml-engine-2.9.jar:/home/runner/.m2/repository/com/fasterxml/jackson/dataformat/jackson-dataformat-yaml/2.15.2/jackson-dataformat-yaml-2.15.2.jar:/home/runner/.m2/repository/com/fasterxml/jackson/datatype/jackson-datatype-jsr310/2.18.2/jackson-datatype-jsr310-2.18.2.jar:/home/runner/.m2/repository/io/fabric8/zjsonpatch/7.1.0/zjsonpatch-7.1.0.jar:/home/runner/.m2/repository/io/fabric8/kubernetes-httpclient-vertx/7.1.0/kubernetes-httpclient-vertx-7.1.0.jar:/home/runner/.m2/repository/io/vertx/vertx-web-client/4.5.14/vertx-web-client-4.5.14.jar:/home/runner/.m2/repository/io/vertx/vertx-web-common/4.5.14/vertx-web-common-4.5.14.jar:/home/runner/.m2/repository/io/vertx/vertx-auth-common/4.5.14/vertx-auth-common-4.5.14.jar:/home/runner/.m2/repository/io/vertx/vertx-uri-template/4.5.14/vertx-uri-template-4.5.14.jar:/home/runner/.m2/repository/io/fabric8/openshift-client/7.1.0/openshift-client-7.1.0.jar:/home/runner/.m2/repository/io/fabric8/openshift-client-api/7.1.0/openshift-client-api-7.1.0.jar:/home/runner/.m2/repository/io/fabric8/openshift-model/7.1.0/openshift-model-7.1.0.jar:/home/runner/.m2/repository/io/fabric8/openshift-model-autoscaling/7.1.0/openshift-model-autoscaling-7.1.0.jar:/home/runner/.m2/repository/io/fabric8/openshift-model-operator/7.1.0/openshift-model-operator-7.1.0.jar:/home/runner/.m2/repository/io/fabric8/openshift-model-operatorhub/7.1.0/openshift-model-operatorhub-7.1.0.jar:/home/runner/.m2/repository/io/fabric8/openshift-model-machine/7.1.0/openshift-model-machine-7.1.0.jar:/home/runner/.m2/repository/io/fabric8/openshift-model-whereabouts/7.1.0/openshift-model-whereabouts-7.1.0.jar:/home/runner/.m2/repository/io/fabric8/openshift-model-monitoring/7.1.0/openshift-model-monitoring-7.1.0.jar:/home/runner/.m2/repository/io/fabric8/openshift-model-storageversionmigrator/7.1.0/openshift-model-storageversionmigrator-7.1.0.jar:/home/runner/.m2/repository/io/fabric8/openshift-model-tuned/7.1.0/openshift-model-tuned-7.1.0.jar:/home/runner/.m2/repository/io/fabric8/openshift-model-console/7.1.0/openshift-model-console-7.1.0.jar:/home/runner/.m2/repository/io/fabric8/openshift-model-config/7.1.0/openshift-model-config-7.1.0.jar:/home/runner/.m2/repository/io/fabric8/openshift-model-machineconfiguration/7.1.0/openshift-model-machineconfiguration-7.1.0.jar:/home/runner/.m2/repository/io/fabric8/openshift-model-miscellaneous/7.1.0/openshift-model-miscellaneous-7.1.0.jar:/home/runner/.m2/repository/io/fabric8/openshift-model-hive/7.1.0/openshift-model-hive-7.1.0.jar:/home/runner/.m2/repository/io/fabric8/openshift-model-installer/7.1.0/openshift-model-installer-7.1.0.jar:/home/runner/.m2/repository/org/junit/platform/junit-platform-launcher/1.12.1/junit-platform-launcher-1.12.1.jar:/home/runner/.m2/repository/org/junit/platform/junit-platform-engine/1.12.1/junit-platform-engine-1.12.1.jar:/home/runner/.m2/repository/org/opentest4j/opentest4j/1.3.0/opentest4j-1.3.0.jar:/home/runner/.m2/repository/org/junit/platform/junit-platform-commons/1.12.1/junit-platform-commons-1.12.1.jar:/home/runner/.m2/repository/org/apiguardian/apiguardian-api/1.1.2/apiguardian-api-1.1.2.jar:/home/runner/.m2/repository/jakarta/ws/rs/jakarta.ws.rs-api/3.1.0/jakarta.ws.rs-api-3.1.0.jar:/home/runner/work/apicurio-testing/apicurio-testing/clusters/ci419/namespaces/inmemory/tests/integration/apicurio-registry/java-sdk/target/apicurio-registry-java-sdk-3.0.11-SNAPSHOT.jar:/home/runner/.m2/repository/com/microsoft/kiota/microsoft-kiota-abstractions/1.8.8/microsoft-kiota-abstractions-1.8.8.jar:/home/runner/.m2/repository/io/github/std-uritemplate/std-uritemplate/2.0.0/std-uritemplate-2.0.0.jar:/home/runner/.m2/repository/io/kiota/kiota-http-jdk/0.0.21/kiota-http-jdk-0.0.21.jar:/home/runner/.m2/repository/io/kiota/kiota-http-vertx/0.0.21/kiota-http-vertx-0.0.21.jar:/home/runner/.m2/repository/io/kiota/kiota-serialization-jackson/0.0.21/kiota-serialization-jackson-0.0.21.jar:/home/runner/.m2/repository/com/microsoft/kiota/microsoft-kiota-serialization-text/1.8.8/microsoft-kiota-serialization-text-1.8.8.jar:/home/runner/.m2/repository/com/microsoft/kiota/microsoft-kiota-serialization-form/1.8.8/microsoft-kiota-serialization-form-1.8.8.jar:/home/runner/.m2/repository/com/microsoft/kiota/microsoft-kiota-serialization-multipart/1.8.8/microsoft-kiota-serialization-multipart-1.8.8.jar:/home/runner/.m2/repository/jakarta/annotation/jakarta.annotation-api/3.0.0/jakarta.annotation-api-3.0.0.jar:/home/runner/.m2/repository/io/vertx/vertx-auth-oauth2/4.5.14/vertx-auth-oauth2-4.5.14.jar:/home/runner/work/apicurio-testing/apicurio-testing/clusters/ci419/namespaces/inmemory/tests/integration/apicurio-registry/java-sdk-v2/target/apicurio-registry-v2-java-sdk-3.0.11-SNAPSHOT.jar:/home/runner/work/apicurio-testing/apicurio-testing/clusters/ci419/namespaces/inmemory/tests/integration/apicurio-registry/utils/kafka/target/apicurio-registry-utils-kafka-3.0.11-SNAPSHOT-tests.jar:/home/runner/.m2/repository/org/eclipse/microprofile/config/microprofile-config-api/3.1/microprofile-config-api-3.1.jar:/home/runner/.m2/repository/org/apache/kafka/kafka-clients/3.9.1/kafka-clients-3.9.1.jar:/home/runner/.m2/repository/com/github/luben/zstd-jni/1.5.6-4/zstd-jni-1.5.6-4.jar:/home/runner/.m2/repository/org/lz4/lz4-java/1.8.0/lz4-java-1.8.0.jar:/home/runner/.m2/repository/org/xerial/snappy/snappy-java/1.1.10.5/snappy-java-1.1.10.5.jar:/home/runner/.m2/repository/org/slf4j/slf4j-api/2.0.6/slf4j-api-2.0.6.jar:/home/runner/work/apicurio-testing/apicurio-testing/clusters/ci419/namespaces/inmemory/tests/integration/apicurio-registry/utils/tests/target/apicurio-registry-utils-tests-3.0.11-SNAPSHOT.jar:/home/runner/work/apicurio-testing/apicurio-testing/clusters/ci419/namespaces/inmemory/tests/integration/apicurio-registry/common/target/apicurio-registry-common-3.0.11-SNAPSHOT.jar:/home/runner/.m2/repository/jakarta/validation/jakarta.validation-api/3.0.2/jakarta.validation-api-3.0.2.jar:/home/runner/.m2/repository/com/github/dasniko/testcontainers-keycloak/3.6.0/testcontainers-keycloak-3.6.0.jar:/home/runner/.m2/repository/org/testcontainers/testcontainers/1.20.6/testcontainers-1.20.6.jar:/home/runner/.m2/repository/org/rnorth/duct-tape/duct-tape/1.0.8/duct-tape-1.0.8.jar:/home/runner/.m2/repository/org/jetbrains/annotations/26.0.2/annotations-26.0.2.jar:/home/runner/.m2/repository/com/github/docker-java/docker-java-transport-zerodep/3.4.1/docker-java-transport-zerodep-3.4.1.jar:/home/runner/.m2/repository/com/github/docker-java/docker-java-transport/3.4.1/docker-java-transport-3.4.1.jar:/home/runner/.m2/repository/net/java/dev/jna/jna/5.8.0/jna-5.8.0.jar:/home/runner/.m2/repository/io/quarkus/quarkus-junit4-mock/3.20.1/quarkus-junit4-mock-3.20.1.jar:/home/runner/.m2/repository/org/jboss/shrinkwrap/shrinkwrap-api/2.0.0-beta-2/shrinkwrap-api-2.0.0-beta-2.jar:/home/runner/.m2/repository/org/jboss/shrinkwrap/shrinkwrap-impl-base/2.0.0-beta-2/shrinkwrap-impl-base-2.0.0-beta-2.jar:/home/runner/.m2/repository/org/jboss/shrinkwrap/shrinkwrap-spi/2.0.0-beta-2/shrinkwrap-spi-2.0.0-beta-2.jar:/home/runner/.m2/repository/org/keycloak/keycloak-admin-client/26.0.4/keycloak-admin-client-26.0.4.jar:/home/runner/.m2/repository/org/keycloak/keycloak-client-common-synced/26.0.4/keycloak-client-common-synced-26.0.4.jar:/home/runner/.m2/repository/jakarta/activation/jakarta.activation-api/2.1.3/jakarta.activation-api-2.1.3.jar:/home/runner/.m2/repository/org/eclipse/microprofile/openapi/microprofile-openapi-api/4.0.2/microprofile-openapi-api-4.0.2.jar:/home/runner/.m2/repository/org/jboss/resteasy/resteasy-client/6.2.12.Final/resteasy-client-6.2.12.Final.jar:/home/runner/.m2/repository/org/jboss/resteasy/resteasy-client-api/6.2.12.Final/resteasy-client-api-6.2.12.Final.jar:/home/runner/.m2/repository/org/jboss/resteasy/resteasy-core-spi/6.2.12.Final/resteasy-core-spi-6.2.12.Final.jar:/home/runner/.m2/repository/org/jboss/resteasy/resteasy-core/6.2.12.Final/resteasy-core-6.2.12.Final.jar:/home/runner/.m2/repository/org/eclipse/angus/angus-activation/2.0.2/angus-activation-2.0.2.jar:/home/runner/.m2/repository/com/ibm/async/asyncutil/0.1.0/asyncutil-0.1.0.jar:/home/runner/.m2/repository/org/reactivestreams/reactive-streams/1.0.4/reactive-streams-1.0.4.jar:/home/runner/.m2/repository/org/jboss/resteasy/resteasy-multipart-provider/6.2.12.Final/resteasy-multipart-provider-6.2.12.Final.jar:/home/runner/.m2/repository/jakarta/mail/jakarta.mail-api/2.1.3/jakarta.mail-api-2.1.3.jar:/home/runner/.m2/repository/org/eclipse/angus/angus-mail/2.0.3/angus-mail-2.0.3.jar:/home/runner/.m2/repository/org/apache/james/apache-mime4j-dom/0.8.12/apache-mime4j-dom-0.8.12.jar:/home/runner/.m2/repository/org/apache/james/apache-mime4j-core/0.8.12/apache-mime4j-core-0.8.12.jar:/home/runner/.m2/repository/org/apache/james/apache-mime4j-storage/0.8.12/apache-mime4j-storage-0.8.12.jar:/home/runner/.m2/repository/org/jboss/resteasy/resteasy-jackson2-provider/6.2.12.Final/resteasy-jackson2-provider-6.2.12.Final.jar:/home/runner/.m2/repository/com/fasterxml/jackson/jakarta/rs/jackson-jakarta-rs-base/2.18.2/jackson-jakarta-rs-base-2.18.2.jar:/home/runner/.m2/repository/com/fasterxml/jackson/jakarta/rs/jackson-jakarta-rs-json-provider/2.18.2/jackson-jakarta-rs-json-provider-2.18.2.jar:/home/runner/.m2/repository/com/fasterxml/jackson/module/jackson-module-jakarta-xmlbind-annotations/2.18.2/jackson-module-jakarta-xmlbind-annotations-2.18.2.jar:/home/runner/.m2/repository/com/github/java-json-tools/json-patch/1.13/json-patch-1.13.jar:/home/runner/.m2/repository/com/github/java-json-tools/msg-simple/1.2/msg-simple-1.2.jar:/home/runner/.m2/repository/com/github/java-json-tools/btf/1.3/btf-1.3.jar:/home/runner/.m2/repository/com/github/java-json-tools/jackson-coreutils/2.0/jackson-coreutils-2.0.jar:/home/runner/.m2/repository/org/jboss/resteasy/resteasy-jaxb-provider/6.2.12.Final/resteasy-jaxb-provider-6.2.12.Final.jar:/home/runner/.m2/repository/org/glassfish/jaxb/codemodel/4.0.5/codemodel-4.0.5.jar:/home/runner/.m2/repository/org/glassfish/jaxb/jaxb-core/4.0.5/jaxb-core-4.0.5.jar:/home/runner/.m2/repository/org/glassfish/jaxb/jaxb-jxc/4.0.5/jaxb-jxc-4.0.5.jar:/home/runner/.m2/repository/org/glassfish/jaxb/jaxb-runtime/4.0.5/jaxb-runtime-4.0.5.jar:/home/runner/.m2/repository/org/glassfish/jaxb/txw2/4.0.5/txw2-4.0.5.jar:/home/runner/.m2/repository/org/glassfish/jaxb/jaxb-xjc/4.0.5/jaxb-xjc-4.0.5.jar:/home/runner/.m2/repository/org/glassfish/jaxb/xsom/4.0.5/xsom-4.0.5.jar:/home/runner/.m2/repository/com/sun/istack/istack-commons-runtime/4.1.2/istack-commons-runtime-4.1.2.jar:/home/runner/.m2/repository/com/sun/istack/istack-commons-tools/4.1.2/istack-commons-tools-4.1.2.jar:/home/runner/.m2/repository/com/sun/xml/bind/external/relaxng-datatype/4.0.5/relaxng-datatype-4.0.5.jar:/home/runner/.m2/repository/com/sun/xml/bind/external/rngom/4.0.5/rngom-4.0.5.jar:/home/runner/.m2/repository/org/testcontainers/mssqlserver/1.20.6/mssqlserver-1.20.6.jar:/home/runner/.m2/repository/org/testcontainers/jdbc/1.20.6/jdbc-1.20.6.jar:/home/runner/.m2/repository/org/testcontainers/database-commons/1.20.6/database-commons-1.20.6.jar:/home/runner/.m2/repository/org/testcontainers/mysql/1.20.6/mysql-1.20.6.jar:/home/runner/.m2/repository/io/strimzi/strimzi-test-container/0.107.0/strimzi-test-container-0.107.0.jar:/home/runner/.m2/repository/org/testcontainers/toxiproxy/1.20.6/toxiproxy-1.20.6.jar:/home/runner/.m2/repository/com/github/docker-java/docker-java-api/3.4.1/docker-java-api-3.4.1.jar:/home/runner/.m2/repository/eu/rekawek/toxiproxy/toxiproxy-java/2.1.7/toxiproxy-java-2.1.7.jar:/home/runner/.m2/repository/junit/junit/4.13.2/junit-4.13.2.jar:/home/runner/.m2/repository/org/hamcrest/hamcrest-core/1.3/hamcrest-core-1.3.jar:/home/runner/.m2/repository/org/testcontainers/pulsar/1.20.4/pulsar-1.20.4.jar:/home/runner/.m2/repository/io/debezium/debezium-testing-testcontainers/2.6.2.Final/debezium-testing-testcontainers-2.6.2.Final.jar:/home/runner/.m2/repository/org/testcontainers/kafka/1.20.6/kafka-1.20.6.jar:/home/runner/.m2/repository/com/squareup/okhttp3/okhttp/4.8.1/okhttp-4.8.1.jar:/home/runner/.m2/repository/com/squareup/okio/okio/3.10.2/okio-3.10.2.jar:/home/runner/.m2/repository/com/squareup/okio/okio-jvm/3.10.2/okio-jvm-3.10.2.jar:/home/runner/.m2/repository/org/jetbrains/kotlin/kotlin-stdlib/2.0.21/kotlin-stdlib-2.0.21.jar:/home/runner/.m2/repository/org/awaitility/awaitility/4.2.2/awaitility-4.2.2.jar:/home/runner/.m2/repository/org/testcontainers/mongodb/1.20.6/mongodb-1.20.6.jar:/home/runner/.m2/repository/org/testcontainers/oracle-xe/1.20.6/oracle-xe-1.20.6.jar:/home/runner/.m2/repository/org/testcontainers/postgresql/1.20.6/postgresql-1.20.6.jar:/home/runner/.m2/repository/org/wiremock/wiremock/3.0.1/wiremock-3.0.1.jar:/home/runner/.m2/repository/org/eclipse/jetty/jetty-server/11.0.15/jetty-server-11.0.15.jar:/home/runner/.m2/repository/org/eclipse/jetty/toolchain/jetty-jakarta-servlet-api/5.0.2/jetty-jakarta-servlet-api-5.0.2.jar:/home/runner/.m2/repository/org/eclipse/jetty/jetty-http/11.0.15/jetty-http-11.0.15.jar:/home/runner/.m2/repository/org/eclipse/jetty/jetty-io/11.0.15/jetty-io-11.0.15.jar:/home/runner/.m2/repository/org/eclipse/jetty/jetty-servlet/11.0.15/jetty-servlet-11.0.15.jar:/home/runner/.m2/repository/org/eclipse/jetty/jetty-security/11.0.15/jetty-security-11.0.15.jar:/home/runner/.m2/repository/org/eclipse/jetty/jetty-servlets/11.0.15/jetty-servlets-11.0.15.jar:/home/runner/.m2/repository/org/eclipse/jetty/jetty-util/11.0.15/jetty-util-11.0.15.jar:/home/runner/.m2/repository/org/eclipse/jetty/jetty-webapp/11.0.15/jetty-webapp-11.0.15.jar:/home/runner/.m2/repository/org/eclipse/jetty/jetty-xml/11.0.15/jetty-xml-11.0.15.jar:/home/runner/.m2/repository/org/eclipse/jetty/jetty-proxy/11.0.15/jetty-proxy-11.0.15.jar:/home/runner/.m2/repository/org/eclipse/jetty/jetty-client/11.0.15/jetty-client-11.0.15.jar:/home/runner/.m2/repository/org/eclipse/jetty/http2/http2-server/11.0.15/http2-server-11.0.15.jar:/home/runner/.m2/repository/org/eclipse/jetty/http2/http2-common/11.0.15/http2-common-11.0.15.jar:/home/runner/.m2/repository/org/eclipse/jetty/http2/http2-hpack/11.0.15/http2-hpack-11.0.15.jar:/home/runner/.m2/repository/org/eclipse/jetty/jetty-alpn-server/11.0.15/jetty-alpn-server-11.0.15.jar:/home/runner/.m2/repository/org/eclipse/jetty/jetty-alpn-java-server/11.0.15/jetty-alpn-java-server-11.0.15.jar:/home/runner/.m2/repository/org/eclipse/jetty/jetty-alpn-java-client/11.0.15/jetty-alpn-java-client-11.0.15.jar:/home/runner/.m2/repository/org/eclipse/jetty/jetty-alpn-client/11.0.15/jetty-alpn-client-11.0.15.jar:/home/runner/.m2/repository/org/apache/httpcomponents/client5/httpclient5/5.2.1/httpclient5-5.2.1.jar:/home/runner/.m2/repository/org/apache/httpcomponents/core5/httpcore5/5.2/httpcore5-5.2.jar:/home/runner/.m2/repository/org/apache/httpcomponents/core5/httpcore5-h2/5.2/httpcore5-h2-5.2.jar:/home/runner/.m2/repository/org/xmlunit/xmlunit-core/2.9.1/xmlunit-core-2.9.1.jar:/home/runner/.m2/repository/jakarta/xml/bind/jakarta.xml.bind-api/4.0.2/jakarta.xml.bind-api-4.0.2.jar:/home/runner/.m2/repository/org/xmlunit/xmlunit-legacy/2.9.1/xmlunit-legacy-2.9.1.jar:/home/runner/.m2/repository/org/xmlunit/xmlunit-placeholders/2.9.1/xmlunit-placeholders-2.9.1.jar:/home/runner/.m2/repository/net/javacrumbs/json-unit/json-unit-core/2.38.0/json-unit-core-2.38.0.jar:/home/runner/.m2/repository/com/jayway/jsonpath/json-path/2.8.0/json-path-2.8.0.jar:/home/runner/.m2/repository/net/minidev/json-smart/2.4.10/json-smart-2.4.10.jar:/home/runner/.m2/repository/net/minidev/accessors-smart/2.4.9/accessors-smart-2.4.9.jar:/home/runner/.m2/repository/org/ow2/asm/asm/9.7.1/asm-9.7.1.jar:/home/runner/.m2/repository/net/sf/jopt-simple/jopt-simple/5.0.4/jopt-simple-5.0.4.jar:/home/runner/.m2/repository/com/github/jknack/handlebars/4.3.1/handlebars-4.3.1.jar:/home/runner/.m2/repository/com/github/jknack/handlebars-helpers/4.3.1/handlebars-helpers-4.3.1.jar:/home/runner/.m2/repository/commons-fileupload/commons-fileupload/1.5/commons-fileupload-1.5.jar:/home/runner/.m2/repository/com/networknt/json-schema-validator/1.5.5/json-schema-validator-1.5.5.jar:/home/runner/.m2/repository/com/ethlo/time/itu/1.10.3/itu-1.10.3.jar:/home/runner/.m2/repository/io/quarkus/quarkus-smallrye-jwt-build/3.20.1/quarkus-smallrye-jwt-build-3.20.1.jar:/home/runner/.m2/repository/io/smallrye/smallrye-jwt-build/4.6.1/smallrye-jwt-build-4.6.1.jar:/home/runner/.m2/repository/org/eclipse/microprofile/jwt/microprofile-jwt-auth-api/2.1/microprofile-jwt-auth-api-2.1.jar:/home/runner/.m2/repository/org/bitbucket/b_c/jose4j/0.9.6/jose4j-0.9.6.jar:/home/runner/.m2/repository/io/smallrye/smallrye-jwt-common/4.6.1/smallrye-jwt-common-4.6.1.jar:/home/runner/.m2/repository/io/quarkus/quarkus-jsonp/3.20.1/quarkus-jsonp-3.20.1.jar:/home/runner/.m2/repository/io/quarkus/quarkus-arc/3.20.1/quarkus-arc-3.20.1.jar:/home/runner/.m2/repository/io/quarkus/arc/arc/3.20.1/arc-3.20.1.jar:/home/runner/.m2/repository/jakarta/transaction/jakarta.transaction-api/2.0.1/jakarta.transaction-api-2.0.1.jar:/home/runner/.m2/repository/io/smallrye/reactive/mutiny/2.8.0/mutiny-2.8.0.jar:/home/runner/.m2/repository/org/jctools/jctools-core/4.0.5/jctools-core-4.0.5.jar:/home/runner/.m2/repository/org/eclipse/microprofile/context-propagation/microprofile-context-propagation-api/1.3/microprofile-context-propagation-api-1.3.jar:/home/runner/.m2/repository/io/apicurio/apicurio-common-rest-client-common/0.1.18.Final/apicurio-common-rest-client-common-0.1.18.Final.jar:/home/runner/work/apicurio-testing/apicurio-testing/clusters/ci419/namespaces/inmemory/tests/integration/apicurio-registry/utils/maven-plugin/target/apicurio-registry-maven-plugin-3.0.11-SNAPSHOT.jar:/home/runner/.m2/repository/com/fasterxml/jackson/core/jackson-databind/2.18.2/jackson-databind-2.18.2.jar:/home/runner/.m2/repository/org/apache/avro/avro/1.12.0/avro-1.12.0.jar:/home/runner/.m2/repository/com/google/protobuf/protobuf-java/4.31.1/protobuf-java-4.31.1.jar:/home/runner/.m2/repository/com/google/protobuf/protobuf-java-util/4.31.1/protobuf-java-util-4.31.1.jar:/home/runner/.m2/repository/com/google/code/findbugs/jsr305/3.0.2/jsr305-3.0.2.jar:/home/runner/.m2/repository/com/google/code/gson/gson/2.12.1/gson-2.12.1.jar:/home/runner/.m2/repository/com/google/errorprone/error_prone_annotations/2.36.0/error_prone_annotations-2.36.0.jar:/home/runner/.m2/repository/com/google/j2objc/j2objc-annotations/2.8/j2objc-annotations-2.8.jar:/home/runner/work/apicurio-testing/apicurio-testing/clusters/ci419/namespaces/inmemory/tests/integration/apicurio-registry/schema-util/util-provider/target/apicurio-registry-schema-util-provider-3.0.11-SNAPSHOT.jar:/home/runner/work/apicurio-testing/apicurio-testing/clusters/ci419/namespaces/inmemory/tests/integration/apicurio-registry/schema-util/common/target/apicurio-registry-schema-util-common-3.0.11-SNAPSHOT.jar:/home/runner/.m2/repository/com/fasterxml/jackson/module/jackson-module-parameter-names/2.18.2/jackson-module-parameter-names-2.18.2.jar:/home/runner/.m2/repository/com/fasterxml/jackson/datatype/jackson-datatype-json-org/2.18.2/jackson-datatype-json-org-2.18.2.jar:/home/runner/work/apicurio-testing/apicurio-testing/clusters/ci419/namespaces/inmemory/tests/integration/apicurio-registry/schema-util/json/target/apicurio-registry-schema-util-json-3.0.11-SNAPSHOT.jar:/home/runner/.m2/repository/com/github/erosb/everit-json-schema/1.14.5/everit-json-schema-1.14.5.jar:/home/runner/.m2/repository/commons-validator/commons-validator/1.9.0/commons-validator-1.9.0.jar:/home/runner/.m2/repository/commons-digester/commons-digester/2.1/commons-digester-2.1.jar:/home/runner/.m2/repository/commons-collections/commons-collections/3.2.2/commons-collections-3.2.2.jar:/home/runner/.m2/repository/com/damnhandy/handy-uri-templates/2.1.8/handy-uri-templates-2.1.8.jar:/home/runner/.m2/repository/joda-time/joda-time/2.10.2/joda-time-2.10.2.jar:/home/runner/.m2/repository/com/github/erosb/json-sKema/0.20.0/json-sKema-0.20.0.jar:/home/runner/.m2/repository/io/vertx/vertx-json-schema/4.5.14/vertx-json-schema-4.5.14.jar:/home/runner/work/apicurio-testing/apicurio-testing/clusters/ci419/namespaces/inmemory/tests/integration/apicurio-registry/schema-util/protobuf/target/apicurio-registry-schema-util-protobuf-3.0.11-SNAPSHOT.jar:/home/runner/work/apicurio-testing/apicurio-testing/clusters/ci419/namespaces/inmemory/tests/integration/apicurio-registry/utils/protobuf-schema-utilities/target/apicurio-registry-protobuf-schema-utilities-3.0.11-SNAPSHOT.jar:/home/runner/.m2/repository/com/google/api/grpc/proto-google-common-protos/2.52.0/proto-google-common-protos-2.52.0.jar:/home/runner/.m2/repository/com/squareup/wire/wire-schema-jvm/5.3.3/wire-schema-jvm-5.3.3.jar:/home/runner/.m2/repository/com/palantir/javapoet/javapoet/0.6.0/javapoet-0.6.0.jar:/home/runner/.m2/repository/com/squareup/kotlinpoet-jvm/2.0.0/kotlinpoet-jvm-2.0.0.jar:/home/runner/.m2/repository/org/jetbrains/kotlin/kotlin-reflect/2.0.21/kotlin-reflect-2.0.21.jar:/home/runner/.m2/repository/com/squareup/wire/wire-runtime-jvm/5.3.3/wire-runtime-jvm-5.3.3.jar:/home/runner/.m2/repository/com/ibm/icu/icu4j/76.1/icu4j-76.1.jar:/home/runner/.m2/repository/com/squareup/okio/okio-fakefilesystem/3.10.2/okio-fakefilesystem-3.10.2.jar:/home/runner/.m2/repository/com/squareup/okio/okio-fakefilesystem-jvm/3.10.2/okio-fakefilesystem-jvm-3.10.2.jar:/home/runner/.m2/repository/org/jetbrains/kotlinx/kotlinx-datetime-jvm/0.6.1/kotlinx-datetime-jvm-0.6.1.jar:/home/runner/work/apicurio-testing/apicurio-testing/clusters/ci419/namespaces/inmemory/tests/integration/apicurio-registry/schema-util/asyncapi/target/apicurio-registry-schema-util-asyncapi-3.0.11-SNAPSHOT.jar:/home/runner/work/apicurio-testing/apicurio-testing/clusters/ci419/namespaces/inmemory/tests/integration/apicurio-registry/schema-util/avro/target/apicurio-registry-schema-util-avro-3.0.11-SNAPSHOT.jar:/home/runner/work/apicurio-testing/apicurio-testing/clusters/ci419/namespaces/inmemory/tests/integration/apicurio-registry/schema-util/graphql/target/apicurio-registry-schema-util-graphql-3.0.11-SNAPSHOT.jar:/home/runner/.m2/repository/com/graphql-java/graphql-java/22.3/graphql-java-22.3.jar:/home/runner/.m2/repository/com/graphql-java/java-dataloader/3.3.0/java-dataloader-3.3.0.jar:/home/runner/work/apicurio-testing/apicurio-testing/clusters/ci419/namespaces/inmemory/tests/integration/apicurio-registry/schema-util/kconnect/target/apicurio-registry-schema-util-kconnect-3.0.11-SNAPSHOT.jar:/home/runner/work/apicurio-testing/apicurio-testing/clusters/ci419/namespaces/inmemory/tests/integration/apicurio-registry/schema-util/openapi/target/apicurio-registry-schema-util-openapi-3.0.11-SNAPSHOT.jar:/home/runner/.m2/repository/io/apicurio/apicurio-data-models/2.2.1/apicurio-data-models-2.2.1.jar:/home/runner/.m2/repository/org/openapitools/openapidiff/openapi-diff-core/2.1.2/openapi-diff-core-2.1.2.jar:/home/runner/.m2/repository/io/swagger/parser/v3/swagger-parser/2.1.28/swagger-parser-2.1.28.jar:/home/runner/.m2/repository/io/swagger/parser/v3/swagger-parser-v2-converter/2.1.28/swagger-parser-v2-converter-2.1.28.jar:/home/runner/.m2/repository/io/swagger/swagger-core/1.6.16/swagger-core-1.6.16.jar:/home/runner/.m2/repository/io/swagger/swagger-models/1.6.16/swagger-models-1.6.16.jar:/home/runner/.m2/repository/io/swagger/swagger-annotations/1.6.16/swagger-annotations-1.6.16.jar:/home/runner/.m2/repository/io/swagger/swagger-parser/1.0.75/swagger-parser-1.0.75.jar:/home/runner/.m2/repository/io/swagger/swagger-parser-safe-url-resolver/1.0.75/swagger-parser-safe-url-resolver-1.0.75.jar:/home/runner/.m2/repository/io/swagger/swagger-compat-spec-parser/1.0.75/swagger-compat-spec-parser-1.0.75.jar:/home/runner/.m2/repository/com/github/java-json-tools/json-schema-validator/2.2.14/json-schema-validator-2.2.14.jar:/home/runner/.m2/repository/com/github/java-json-tools/jackson-coreutils-equivalence/1.0/jackson-coreutils-equivalence-1.0.jar:/home/runner/.m2/repository/com/github/java-json-tools/json-schema-core/1.2.14/json-schema-core-1.2.14.jar:/home/runner/.m2/repository/com/github/java-json-tools/uri-template/0.10/uri-template-0.10.jar:/home/runner/.m2/repository/com/googlecode/libphonenumber/libphonenumber/8.11.1/libphonenumber-8.11.1.jar:/home/runner/.m2/repository/com/j2html/j2html/1.6.0/j2html-1.6.0.jar:/home/runner/.m2/repository/org/apache/commons/commons-collections4/4.5.0/commons-collections4-4.5.0.jar:/home/runner/.m2/repository/org/apache/commons/commons-configuration2/2.12.0/commons-configuration2-2.12.0.jar:/home/runner/.m2/repository/org/apache/commons/commons-text/1.13.0/commons-text-1.13.0.jar:/home/runner/.m2/repository/org/slf4j/jcl-over-slf4j/2.0.17/jcl-over-slf4j-2.0.17.jar:/home/runner/.m2/repository/io/swagger/parser/v3/swagger-parser-v3/2.1.30/swagger-parser-v3-2.1.30.jar:/home/runner/.m2/repository/io/swagger/core/v3/swagger-models/2.2.34/swagger-models-2.2.34.jar:/home/runner/.m2/repository/io/swagger/core/v3/swagger-core/2.2.34/swagger-core-2.2.34.jar:/home/runner/.m2/repository/io/swagger/parser/v3/swagger-parser-core/2.1.30/swagger-parser-core-2.1.30.jar:/home/runner/.m2/repository/io/swagger/parser/v3/swagger-parser-safe-url-resolver/2.1.30/swagger-parser-safe-url-resolver-2.1.30.jar:/home/runner/work/apicurio-testing/apicurio-testing/clusters/ci419/namespaces/inmemory/tests/integration/apicurio-registry/schema-util/wsdl/target/apicurio-registry-schema-util-wsdl-3.0.11-SNAPSHOT.jar:/home/runner/.m2/repository/wsdl4j/wsdl4j/1.6.3/wsdl4j-1.6.3.jar:/home/runner/work/apicurio-testing/apicurio-testing/clusters/ci419/namespaces/inmemory/tests/integration/apicurio-registry/schema-util/xml/target/apicurio-registry-schema-util-xml-3.0.11-SNAPSHOT.jar:/home/runner/.m2/repository/org/apache/santuario/xmlsec/4.0.3/xmlsec-4.0.3.jar:/home/runner/.m2/repository/com/fasterxml/woodstox/woodstox-core/7.1.0/woodstox-core-7.1.0.jar:/home/runner/.m2/repository/org/codehaus/woodstox/stax2-api/4.2.2/stax2-api-4.2.2.jar:/home/runner/work/apicurio-testing/apicurio-testing/clusters/ci419/namespaces/inmemory/tests/integration/apicurio-registry/schema-util/xsd/target/apicurio-registry-schema-util-xsd-3.0.11-SNAPSHOT.jar:/home/runner/work/apicurio-testing/apicurio-testing/clusters/ci419/namespaces/inmemory/tests/integration/apicurio-registry/serdes/kafka/jsonschema-serde/target/apicurio-registry-jsonschema-serde-kafka-3.0.11-SNAPSHOT.jar:/home/runner/work/apicurio-testing/apicurio-testing/clusters/ci419/namespaces/inmemory/tests/integration/apicurio-registry/serdes/kafka/serde-kafka-common/target/apicurio-registry-serde-kafka-common-3.0.11-SNAPSHOT.jar:/home/runner/work/apicurio-testing/apicurio-testing/clusters/ci419/namespaces/inmemory/tests/integration/apicurio-registry/serdes/generic/serde-common/target/apicurio-registry-serde-common-3.0.11-SNAPSHOT.jar:/home/runner/work/apicurio-testing/apicurio-testing/clusters/ci419/namespaces/inmemory/tests/integration/apicurio-registry/serdes/generic/serde-common-jsonschema/target/apicurio-registry-serde-common-jsonschema-3.0.11-SNAPSHOT.jar:/home/runner/.m2/repository/org/json/json/20250107/json-20250107.jar:/home/runner/work/apicurio-testing/apicurio-testing/clusters/ci419/namespaces/inmemory/tests/integration/apicurio-registry/serdes/kafka/avro-serde/target/apicurio-registry-avro-serde-kafka-3.0.11-SNAPSHOT.jar:/home/runner/work/apicurio-testing/apicurio-testing/clusters/ci419/namespaces/inmemory/tests/integration/apicurio-registry/serdes/generic/serde-common-avro/target/apicurio-registry-serde-common-avro-3.0.11-SNAPSHOT.jar:/home/runner/work/apicurio-testing/apicurio-testing/clusters/ci419/namespaces/inmemory/tests/integration/apicurio-registry/serdes/kafka/protobuf-serde/target/apicurio-registry-protobuf-serde-kafka-3.0.11-SNAPSHOT.jar:/home/runner/work/apicurio-testing/apicurio-testing/clusters/ci419/namespaces/inmemory/tests/integration/apicurio-registry/serdes/generic/serde-common-protobuf/target/apicurio-registry-serde-common-protobuf-3.0.11-SNAPSHOT.jar:/home/runner/.m2/repository/com/squareup/wire/wire-schema/5.3.3/wire-schema-5.3.3.jar:/home/runner/.m2/repository/com/squareup/wire/wire-runtime/5.3.3/wire-runtime-5.3.3.jar:/home/runner/work/apicurio-testing/apicurio-testing/clusters/ci419/namespaces/inmemory/tests/integration/apicurio-registry/serdes/pulsar/avro-serde/target/apicurio-registry-avro-serde-pulsar-3.0.11-SNAPSHOT.jar:/home/runner/.m2/repository/org/apache/pulsar/pulsar-functions-api/3.3.4/pulsar-functions-api-3.3.4.jar:/home/runner/work/apicurio-testing/apicurio-testing/clusters/ci419/namespaces/inmemory/tests/integration/apicurio-registry/serdes/nats/avro-serde/target/apicurio-registry-avro-serde-nats-3.0.11-SNAPSHOT.jar:/home/runner/.m2/repository/io/nats/jnats/2.20.5/jnats-2.20.5.jar:/home/runner/.m2/repository/net/i2p/crypto/eddsa/0.3.0/eddsa-0.3.0.jar:/home/runner/work/apicurio-testing/apicurio-testing/clusters/ci419/namespaces/inmemory/tests/integration/apicurio-registry/utils/converter/target/apicurio-registry-utils-converter-3.0.11-SNAPSHOT.jar:/home/runner/work/apicurio-testing/apicurio-testing/clusters/ci419/namespaces/inmemory/tests/integration/apicurio-registry/schema-resolver/target/apicurio-registry-schema-resolver-3.0.11-SNAPSHOT.jar:/home/runner/.m2/repository/org/apache/kafka/connect-api/3.9.1/connect-api-3.9.1.jar:/home/runner/.m2/repository/javax/ws/rs/javax.ws.rs-api/2.1.1/javax.ws.rs-api-2.1.1.jar:/home/runner/.m2/repository/org/apache/kafka/connect-json/3.9.1/connect-json-3.9.1.jar:/home/runner/.m2/repository/com/fasterxml/jackson/datatype/jackson-datatype-jdk8/2.18.2/jackson-datatype-jdk8-2.18.2.jar:/home/runner/.m2/repository/com/fasterxml/jackson/module/jackson-module-afterburner/2.18.2/jackson-module-afterburner-2.18.2.jar:/home/runner/work/apicurio-testing/apicurio-testing/clusters/ci419/namespaces/inmemory/tests/integration/apicurio-registry/utils/kafka/target/apicurio-registry-utils-kafka-3.0.11-SNAPSHOT.jar:/home/runner/.m2/repository/org/apache/pulsar/pulsar-client/3.3.4/pulsar-client-3.3.4.jar:/home/runner/.m2/repository/org/apache/pulsar/pulsar-client-api/3.3.4/pulsar-client-api-3.3.4.jar:/home/runner/.m2/repository/org/apache/pulsar/pulsar-client-admin-api/3.3.4/pulsar-client-admin-api-3.3.4.jar:/home/runner/.m2/repository/org/apache/pulsar/bouncy-castle-bc/3.3.4/bouncy-castle-bc-3.3.4-pkg.jar:/home/runner/.m2/repository/org/bouncycastle/bcpkix-jdk18on/1.80/bcpkix-jdk18on-1.80.jar:/home/runner/.m2/repository/org/bouncycastle/bcutil-jdk18on/1.80/bcutil-jdk18on-1.80.jar:/home/runner/.m2/repository/org/bouncycastle/bcprov-jdk18on/1.80/bcprov-jdk18on-1.80.jar:/home/runner/.m2/repository/io/opentelemetry/opentelemetry-api/1.44.1/opentelemetry-api-1.44.1.jar:/home/runner/.m2/repository/io/opentelemetry/opentelemetry-context/1.44.1/opentelemetry-context-1.44.1.jar:/home/runner/.m2/repository/io/opentelemetry/opentelemetry-api-incubator/1.44.1-alpha/opentelemetry-api-incubator-1.44.1-alpha.jar:/home/runner/.m2/repository/com/fasterxml/jackson/core/jackson-annotations/2.18.2/jackson-annotations-2.18.2.jar:/home/runner/.m2/repository/javax/validation/validation-api/1.1.0.Final/validation-api-1.1.0.Final.jar:/home/runner/.m2/repository/io/confluent/kafka-avro-serializer/8.0.0/kafka-avro-serializer-8.0.0.jar:/home/runner/.m2/repository/org/apache/commons/commons-compress/1.27.1/commons-compress-1.27.1.jar:/home/runner/.m2/repository/io/confluent/kafka-schema-serializer/8.0.0/kafka-schema-serializer-8.0.0.jar:/home/runner/.m2/repository/com/fasterxml/jackson/dataformat/jackson-dataformat-csv/2.18.2/jackson-dataformat-csv-2.18.2.jar:/home/runner/.m2/repository/io/confluent/kafka-schema-registry-client/8.0.0/kafka-schema-registry-client-8.0.0.jar:/home/runner/.m2/repository/org/yaml/snakeyaml/2.3/snakeyaml-2.3.jar:/home/runner/.m2/repository/io/swagger/core/v3/swagger-annotations/2.2.29/swagger-annotations-2.2.29.jar:/home/runner/.m2/repository/com/google/guava/guava/33.4.0-jre/guava-33.4.0-jre.jar:/home/runner/.m2/repository/com/google/guava/failureaccess/1.0.1/failureaccess-1.0.1.jar:/home/runner/.m2/repository/org/checkerframework/checker-qual/3.49.0/checker-qual-3.49.0.jar:/home/runner/.m2/repository/io/confluent/logredactor/1.0.13/logredactor-1.0.13.jar:/home/runner/.m2/repository/com/google/re2j/re2j/1.6/re2j-1.6.jar:/home/runner/.m2/repository/io/confluent/logredactor-metrics/1.0.13/logredactor-metrics-1.0.13.jar:/home/runner/.m2/repository/com/eclipsesource/minimal-json/minimal-json/0.9.5/minimal-json-0.9.5.jar:/home/runner/.m2/repository/io/confluent/common-utils/8.0.0/common-utils-8.0.0.jar:/home/runner/.m2/repository/io/confluent/kafka-connect-avro-converter/8.0.0/kafka-connect-avro-converter-8.0.0.jar:/home/runner/.m2/repository/io/confluent/kafka-connect-avro-data/8.0.0/kafka-connect-avro-data-8.0.0.jar:/home/runner/.m2/repository/io/confluent/kafka-schema-converter/8.0.0/kafka-schema-converter-8.0.0.jar:/home/runner/.m2/repository/io/rest-assured/rest-assured/5.5.1/rest-assured-5.5.1.jar:/home/runner/.m2/repository/org/apache/groovy/groovy/4.0.22/groovy-4.0.22.jar:/home/runner/.m2/repository/org/apache/groovy/groovy-xml/4.0.22/groovy-xml-4.0.22.jar:/home/runner/.m2/repository/org/apache/httpcomponents/httpclient/4.5.14/httpclient-4.5.14.jar:/home/runner/.m2/repository/org/apache/httpcomponents/httpcore/4.4.16/httpcore-4.4.16.jar:/home/runner/.m2/repository/org/apache/httpcomponents/httpmime/4.5.14/httpmime-4.5.14.jar:/home/runner/.m2/repository/org/hamcrest/hamcrest/2.2/hamcrest-2.2.jar:/home/runner/.m2/repository/org/ccil/cowan/tagsoup/tagsoup/1.2.1/tagsoup-1.2.1.jar:/home/runner/.m2/repository/io/rest-assured/json-path/5.5.1/json-path-5.5.1.jar:/home/runner/.m2/repository/org/apache/groovy/groovy-json/4.0.22/groovy-json-4.0.22.jar:/home/runner/.m2/repository/io/rest-assured/rest-assured-common/5.5.1/rest-assured-common-5.5.1.jar:/home/runner/.m2/repository/io/rest-assured/xml-path/5.5.1/xml-path-5.5.1.jar:/home/runner/.m2/repository/io/zonky/test/embedded-postgres/2.1.0/embedded-postgres-2.1.0.jar:/home/runner/.m2/repository/io/zonky/test/postgres/embedded-postgres-binaries-windows-amd64/14.15.0/embedded-postgres-binaries-windows-amd64-14.15.0.jar:/home/runner/.m2/repository/io/zonky/test/postgres/embedded-postgres-binaries-darwin-amd64/14.15.0/embedded-postgres-binaries-darwin-amd64-14.15.0.jar:/home/runner/.m2/repository/io/zonky/test/postgres/embedded-postgres-binaries-linux-amd64/14.15.0/embedded-postgres-binaries-linux-amd64-14.15.0.jar:/home/runner/.m2/repository/io/zonky/test/postgres/embedded-postgres-binaries-linux-amd64-alpine/14.15.0/embedded-postgres-binaries-linux-amd64-alpine-14.15.0.jar:/home/runner/.m2/repository/org/apache/commons/commons-lang3/3.17.0/commons-lang3-3.17.0.jar:/home/runner/.m2/repository/org/tukaani/xz/1.10/xz-1.10.jar:/home/runner/.m2/repository/commons-codec/commons-codec/1.18.0/commons-codec-1.18.0.jar:/home/runner/.m2/repository/org/postgresql/postgresql/42.7.5/postgresql-42.7.5.jar:/home/runner/.m2/repository/commons-io/commons-io/2.18.0/commons-io-2.18.0.jar:/home/runner/work/apicurio-testing/apicurio-testing/clusters/ci419/namespaces/inmemory/tests/integration/apicurio-registry/utils/importexport/target/apicurio-registry-utils-import-export-3.0.11-SNAPSHOT.jar:/home/runner/.m2/repository/io/vertx/vertx-core/4.5.14/vertx-core-4.5.14.jar:/home/runner/.m2/repository/io/netty/netty-common/4.1.119.Final/netty-common-4.1.119.Final.jar:/home/runner/.m2/repository/io/netty/netty-buffer/4.1.119.Final/netty-buffer-4.1.119.Final.jar:/home/runner/.m2/repository/io/netty/netty-transport/4.1.119.Final/netty-transport-4.1.119.Final.jar:/home/runner/.m2/repository/io/netty/netty-handler/4.1.119.Final/netty-handler-4.1.119.Final.jar:/home/runner/.m2/repository/io/netty/netty-transport-native-unix-common/4.1.119.Final/netty-transport-native-unix-common-4.1.119.Final.jar:/home/runner/.m2/repository/io/netty/netty-codec/4.1.119.Final/netty-codec-4.1.119.Final.jar:/home/runner/.m2/repository/io/netty/netty-handler-proxy/4.1.119.Final/netty-handler-proxy-4.1.119.Final.jar:/home/runner/.m2/repository/io/netty/netty-codec-socks/4.1.119.Final/netty-codec-socks-4.1.119.Final.jar:/home/runner/.m2/repository/io/netty/netty-codec-http/4.1.119.Final/netty-codec-http-4.1.119.Final.jar:/home/runner/.m2/repository/io/netty/netty-codec-http2/4.1.119.Final/netty-codec-http2-4.1.119.Final.jar:/home/runner/.m2/repository/io/netty/netty-resolver/4.1.119.Final/netty-resolver-4.1.119.Final.jar:/home/runner/.m2/repository/io/netty/netty-resolver-dns/4.1.119.Final/netty-resolver-dns-4.1.119.Final.jar:/home/runner/.m2/repository/io/netty/netty-codec-dns/4.1.119.Final/netty-codec-dns-4.1.119.Final.jar:/home/runner/.m2/repository/com/fasterxml/jackson/core/jackson-core/2.18.2/jackson-core-2.18.2.jar:"/>
    <property name="sun.cpu.endian" value="little"/>
    <property name="user.home" value="/home/runner"/>
    <property name="user.language" value="en"/>
    <property name="jboss.log-version" value="false"/>
    <property name="java.specification.vendor" value="Oracle Corporation"/>
    <property name="java.version.date" value="2025-07-15"/>
    <property name="java.home" value="/usr/lib/jvm/temurin-17-jdk-amd64"/>
    <property name="file.separator" value="/"/>
    <property name="basedir" value="/home/runner/work/apicurio-testing/apicurio-testing/clusters/ci419/namespaces/inmemory/tests/integration/apicurio-registry/integration-tests"/>
    <property name="java.vm.compressedOopsMode" value="32-bit"/>
    <property name="line.separator" value="&#10;"/>
    <property name="java.specification.name" value="Java Platform API Specification"/>
    <property name="java.vm.specification.vendor" value="Oracle Corporation"/>
    <property name="quarkus.http.test-host" value="registry-app-inmemory.apps.ci419.apicurio-testing.org"/>
    <property name="surefire.real.class.path" value="/home/runner/work/apicurio-testing/apicurio-testing/clusters/ci419/namespaces/inmemory/tests/integration/apicurio-registry/integration-tests/target/surefire/surefirebooter-20250731165848175_3.jar"/>
    <property name="sun.management.compiler" value="HotSpot 64-Bit Tiered Compilers"/>
    <property name="org.eclipse.jetty.http.HttpGenerator.STRICT" value="true"/>
    <property name="java.runtime.version" value="17.0.16+8"/>
    <property name="user.name" value="runner"/>
    <property name="path.separator" value=":"/>
    <property name="os.version" value="6.8.0-1031-azure"/>
    <property name="java.runtime.name" value="OpenJDK Runtime Environment"/>
    <property name="file.encoding" value="UTF-8"/>
    <property name="jnidispatch.path" value="/home/runner/.cache/JNA/temp/jna3169633679393017326.tmp"/>
    <property name="java.vm.name" value="OpenJDK 64-Bit Server VM"/>
    <property name="jna.platform.library.path" value="/usr/lib/x86_64-linux-gnu:/lib/x86_64-linux-gnu:/usr/lib64:/lib64:/usr/lib:/lib:/lib32:/usr/local/lib:/usr/lib/x86_64-linux-gnu/libfakeroot"/>
    <property name="java.vendor.version" value="Temurin-17.0.16+8"/>
    <property name="quarkus.oidc.token-path" value="https://keycloak-inmemory.apps.ci419.apicurio-testing.org/realms/registry/protocol/openid-connect/token"/>
    <property name="quarkus.http.host" value="registry-app-inmemory.apps.ci419.apicurio-testing.org"/>
    <property name="localRepository" value="/home/runner/.m2/repository"/>
    <property name="javax.xml.xpath.XPathFactory:http://java.sun.com/jaxp/xpath/dom" value="com.sun.org.apache.xpath.internal.jaxp.XPathFactoryImpl"/>
    <property name="jna.loaded" value="true"/>
    <property name="java.vendor.url.bug" value="https://github.com/adoptium/adoptium-support/issues"/>
    <property name="jetty.git.hash" value="5bc5e562c8d05c5862505aebe5cf83a61bdbcb96"/>
    <property name="java.io.tmpdir" value="/tmp"/>
    <property name="quarkus.http.test-protocol" value="http"/>
    <property name="java.version" value="17.0.16"/>
    <property name="user.dir" value="/home/runner/work/apicurio-testing/apicurio-testing/clusters/ci419/namespaces/inmemory/tests/integration/apicurio-registry/integration-tests"/>
    <property name="os.arch" value="amd64"/>
    <property name="groups" value="( smoke | serdes | acceptance | ui)"/>
    <property name="java.vm.specification.name" value="Java Virtual Machine Specification"/>
    <property name="native.encoding" value="UTF-8"/>
    <property name="java.util.logging.manager" value="org.jboss.logmanager.LogManager"/>
    <property name="java.library.path" value="/usr/java/packages/lib:/usr/lib64:/lib64:/lib:/usr/lib"/>
    <property name="jdk.console" value="java.base"/>
    <property name="java.vm.info" value="mixed mode, sharing"/>
    <property name="java.vendor" value="Eclipse Adoptium"/>
    <property name="java.vm.version" value="17.0.16+8"/>
    <property name="java.specification.maintenance.version" value="1"/>
    <property name="sun.io.unicode.encoding" value="UnicodeLittle"/>
    <property name="javax.xml.transform.TransformerFactory" value="com.sun.org.apache.xalan.internal.xsltc.trax.TransformerFactoryImpl"/>
    <property name="java.class.version" value="61.0"/>
  </properties>
  <testcase name="testGlobalIdInHeaders" classname="io.apicurio.tests.serdes.apicurio.AvroSerdeIT" time="3.614">
    <system-out><![CDATA[**** Registry Base URL: http://registry-app-inmemory.apps.ci419.apicurio-testing.org:80
**** Registry Base URL: http://registry-app-inmemory.apps.ci419.apicurio-testing.org:80
2025-07-31 16:59:00,151 INFO  [io.api.tes.ser.api.AvroSerdeIT] (main) RestAssured configured with http://registry-app-inmemory.apps.ci419.apicurio-testing.org:80/apis/registry/v3
2025-07-31 16:59:00,151 INFO  [io.api.tes.uti.KafkaFacade] (main) Starting kafka container
2025-07-31 16:59:00,184 INFO  [org.tes.ima.PullPolicy] (main) Image pull policy will be performed by: DefaultPullPolicy()
2025-07-31 16:59:00,186 INFO  [org.tes.uti.ImageNameSubstitutor] (main) Image name substitution will be performed by: DefaultImageNameSubstitutor (composite of 'ConfigurationFileImageNameSubstitutor' and 'PrefixingImageNameSubstitutor')
2025-07-31 16:59:00,197 INFO  [org.tes.DockerClientFactory] (main) Testcontainers version: 1.20.6
2025-07-31 16:59:00,807 INFO  [org.tes.doc.DockerClientProviderStrategy] (main) Found Docker environment with local Unix socket (unix:///var/run/docker.sock)
2025-07-31 16:59:00,816 INFO  [org.tes.DockerClientFactory] (main) Docker host IP address is localhost
2025-07-31 16:59:00,839 INFO  [org.tes.DockerClientFactory] (main) Connected to docker: 
  Server Version: 28.0.4
  API Version: 1.48
  Operating System: Ubuntu 22.04.5 LTS
  Total Memory: 7944 MB
2025-07-31 16:59:00,890 INFO  [tc.tes.11.0] (main) Pulling docker image: testcontainers/ryuk:0.11.0. Please be patient; this may take some time but only needs to be done once.
2025-07-31 16:59:01,395 INFO  [tc.tes.11.0] (docker-java-stream--1295187651) Starting to pull image
2025-07-31 16:59:01,417 INFO  [tc.tes.11.0] (docker-java-stream--1295187651) Pulling image layers:  0 pending,  0 downloaded,  0 extracted, (0 bytes/0 bytes)
2025-07-31 16:59:01,689 INFO  [tc.tes.11.0] (docker-java-stream--1295187651) Pulling image layers:  2 pending,  1 downloaded,  0 extracted, (878 KB/? MB)
2025-07-31 16:59:01,690 INFO  [tc.tes.11.0] (docker-java-stream--1295187651) Pulling image layers:  1 pending,  2 downloaded,  0 extracted, (4 MB/? MB)
2025-07-31 16:59:01,719 INFO  [tc.tes.11.0] (docker-java-stream--1295187651) Pulling image layers:  0 pending,  3 downloaded,  0 extracted, (4 MB/10 MB)
2025-07-31 16:59:01,822 INFO  [tc.tes.11.0] (docker-java-stream--1295187651) Pulling image layers:  0 pending,  3 downloaded,  1 extracted, (4 MB/10 MB)
2025-07-31 16:59:02,801 INFO  [tc.tes.11.0] (docker-java-stream--1295187651) Pulling image layers:  0 pending,  3 downloaded,  2 extracted, (4 MB/10 MB)
2025-07-31 16:59:02,854 INFO  [tc.tes.11.0] (docker-java-stream--1295187651) Pulling image layers:  0 pending,  3 downloaded,  3 extracted, (10 MB/10 MB)
2025-07-31 16:59:02,862 INFO  [tc.tes.11.0] (docker-java-stream--1295187651) Pull complete. 3 layers, pulled in 1s (downloaded 10 MB at 10 MB/s)
2025-07-31 16:59:02,862 INFO  [tc.tes.11.0] (main) Image testcontainers/ryuk:0.11.0 pull took PT1.97139775S
2025-07-31 16:59:02,884 INFO  [tc.tes.11.0] (main) Creating container for image: testcontainers/ryuk:0.11.0
2025-07-31 16:59:02,975 INFO  [tc.tes.11.0] (main) Container testcontainers/ryuk:0.11.0 is starting: 10f08d138d3cdc0b2a0d63d0c76e4cb1dd31483919308bd41049db99699966b6
2025-07-31 16:59:04,229 INFO  [tc.tes.11.0] (main) Container testcontainers/ryuk:0.11.0 started in PT1.344344845S
2025-07-31 16:59:04,233 INFO  [org.tes.uti.RyukResourceReaper] (main) Ryuk started - will monitor and terminate Testcontainers containers on JVM exit
2025-07-31 16:59:04,234 INFO  [org.tes.DockerClientFactory] (main) Checking the system...
2025-07-31 16:59:04,234 INFO  [org.tes.DockerClientFactory] (main) ✔︎ Docker server version should be at least 1.6.0
2025-07-31 16:59:04,237 INFO  [io.str.tes.con.KafkaVersionService] (main) Latest release of Kafka is:LogicalKafkaVersionEntity{version='3.7.1', image='quay.io/strimzi-test-container/test-container:0.107.0-kafka-3.7.1'}
2025-07-31 16:59:04,237 INFO  [io.str.tes.con.KafkaVersionService] (main) Latest release of Kafka is:LogicalKafkaVersionEntity{version='3.7.1', image='quay.io/strimzi-test-container/test-container:0.107.0-kafka-3.7.1'}
2025-07-31 16:59:04,237 INFO  [io.str.tes.con.KafkaVersionService] (main) No Kafka version specified. Using latest release: quay.io/strimzi-test-container/test-container:0.107.0-kafka-3.7.1
2025-07-31 16:59:04,239 INFO  [tc.qua.io/.107.0-k.7.1] (main) Pulling docker image: quay.io/strimzi-test-container/test-container:0.107.0-kafka-3.7.1. Please be patient; this may take some time but only needs to be done once.
2025-07-31 16:59:05,348 INFO  [tc.qua.io/.107.0-k.7.1] (docker-java-stream--720530420) Starting to pull image
2025-07-31 16:59:05,349 INFO  [tc.qua.io/.107.0-k.7.1] (docker-java-stream--720530420) Pulling image layers:  0 pending,  0 downloaded,  0 extracted, (0 bytes/0 bytes)
2025-07-31 16:59:06,221 INFO  [tc.qua.io/.107.0-k.7.1] (docker-java-stream--720530420) Pulling image layers:  4 pending,  1 downloaded,  0 extracted, (372 KB/? MB)
2025-07-31 16:59:06,710 INFO  [tc.qua.io/.107.0-k.7.1] (docker-java-stream--720530420) Pulling image layers:  3 pending,  2 downloaded,  0 extracted, (51 MB/? MB)
2025-07-31 16:59:06,971 INFO  [tc.qua.io/.107.0-k.7.1] (docker-java-stream--720530420) Pulling image layers:  2 pending,  3 downloaded,  0 extracted, (74 MB/? MB)
2025-07-31 16:59:07,610 INFO  [tc.qua.io/.107.0-k.7.1] (docker-java-stream--720530420) Pulling image layers:  1 pending,  4 downloaded,  0 extracted, (145 MB/? MB)
2025-07-31 16:59:07,723 INFO  [tc.qua.io/.107.0-k.7.1] (docker-java-stream--720530420) Pulling image layers:  1 pending,  4 downloaded,  1 extracted, (152 MB/? MB)
2025-07-31 16:59:09,294 INFO  [tc.qua.io/.107.0-k.7.1] (docker-java-stream--720530420) Pulling image layers:  0 pending,  5 downloaded,  1 extracted, (226 MB/231 MB)
2025-07-31 16:59:10,161 INFO  [tc.qua.io/.107.0-k.7.1] (docker-java-stream--720530420) Pulling image layers:  0 pending,  5 downloaded,  2 extracted, (227 MB/231 MB)
2025-07-31 16:59:11,999 INFO  [tc.qua.io/.107.0-k.7.1] (docker-java-stream--720530420) Pulling image layers:  0 pending,  5 downloaded,  3 extracted, (227 MB/231 MB)
2025-07-31 16:59:13,007 INFO  [tc.qua.io/.107.0-k.7.1] (docker-java-stream--720530420) Pulling image layers:  0 pending,  5 downloaded,  4 extracted, (231 MB/231 MB)
2025-07-31 16:59:13,024 INFO  [tc.qua.io/.107.0-k.7.1] (docker-java-stream--720530420) Pulling image layers:  0 pending,  5 downloaded,  5 extracted, (231 MB/231 MB)
2025-07-31 16:59:13,029 INFO  [tc.qua.io/.107.0-k.7.1] (docker-java-stream--720530420) Pull complete. 5 layers, pulled in 7s (downloaded 231 MB at 33 MB/s)
2025-07-31 16:59:13,029 INFO  [tc.qua.io/.107.0-k.7.1] (main) Image quay.io/strimzi-test-container/test-container:0.107.0-kafka-3.7.1 pull took PT8.79000818S
2025-07-31 16:59:13,034 INFO  [tc.qua.io/.107.0-k.7.1] (main) Creating container for image: quay.io/strimzi-test-container/test-container:0.107.0-kafka-3.7.1
2025-07-31 16:59:13,108 INFO  [tc.qua.io/.107.0-k.7.1] (main) Container quay.io/strimzi-test-container/test-container:0.107.0-kafka-3.7.1 is starting: ba00a9eafe85e4e5f1362ecc42798ac4c19a00001bbcb09f0de441c78231b60c
2025-07-31 16:59:13,310 INFO  [io.str.tes.con.StrimziKafkaContainer] (main) Mapped port: 32770
2025-07-31 16:59:13,313 INFO  [io.str.tes.con.StrimziKafkaContainer] (main) This is all advertised listeners for Kafka PLAINTEXT://localhost:32770,BROKER1://172.18.0.2:9093
2025-07-31 16:59:13,313 INFO  [io.str.tes.con.StrimziKafkaContainer] (main) Using internal ZooKeeper 'zookeeper.connect=localhost:2181.'
2025-07-31 16:59:13,315 INFO  [io.str.tes.con.StrimziKafkaContainer] (main) Copying command to 'STARTER_SCRIPT' script.
2025-07-31 16:59:17,209 INFO  [tc.qua.io/.107.0-k.7.1] (main) Container quay.io/strimzi-test-container/test-container:0.107.0-kafka-3.7.1 started in PT4.174655166S
2025-07-31 16:59:17,210 INFO  [io.api.tes.uti.TestSeparator] (main) ############################################################################
2025-07-31 16:59:17,211 INFO  [io.api.tes.uti.TestSeparator] (main) io.apicurio.tests.serdes.apicurio.AvroSerdeIT.testGlobalIdInHeaders-STARTED
2025-07-31 16:59:17,244 INFO  [org.apa.kaf.cli.adm.AdminClientConfig] (main) AdminClientConfig values: 
	auto.include.jmx.reporter = true
	bootstrap.controllers = []
	bootstrap.servers = [PLAINTEXT://localhost:32770]
	client.dns.lookup = use_all_dns_ips
	client.id = 
	connections.max.idle.ms = 10000
	default.api.timeout.ms = 60000
	enable.metrics.push = true
	metadata.max.age.ms = 300000
	metadata.recovery.strategy = none
	metric.reporters = []
	metrics.num.samples = 2
	metrics.recording.level = INFO
	metrics.sample.window.ms = 30000
	receive.buffer.bytes = 65536
	reconnect.backoff.max.ms = 1000
	reconnect.backoff.ms = 50
	request.timeout.ms = 5000
	retries = 2147483647
	retry.backoff.max.ms = 1000
	retry.backoff.ms = 100
	sasl.client.callback.handler.class = null
	sasl.jaas.config = null
	sasl.kerberos.kinit.cmd = /usr/bin/kinit
	sasl.kerberos.min.time.before.relogin = 60000
	sasl.kerberos.service.name = null
	sasl.kerberos.ticket.renew.jitter = 0.05
	sasl.kerberos.ticket.renew.window.factor = 0.8
	sasl.login.callback.handler.class = null
	sasl.login.class = null
	sasl.login.connect.timeout.ms = null
	sasl.login.read.timeout.ms = null
	sasl.login.refresh.buffer.seconds = 300
	sasl.login.refresh.min.period.seconds = 60
	sasl.login.refresh.window.factor = 0.8
	sasl.login.refresh.window.jitter = 0.05
	sasl.login.retry.backoff.max.ms = 10000
	sasl.login.retry.backoff.ms = 100
	sasl.mechanism = GSSAPI
	sasl.oauthbearer.clock.skew.seconds = 30
	sasl.oauthbearer.expected.audience = null
	sasl.oauthbearer.expected.issuer = null
	sasl.oauthbearer.header.urlencode = false
	sasl.oauthbearer.jwks.endpoint.refresh.ms = 3600000
	sasl.oauthbearer.jwks.endpoint.retry.backoff.max.ms = 10000
	sasl.oauthbearer.jwks.endpoint.retry.backoff.ms = 100
	sasl.oauthbearer.jwks.endpoint.url = null
	sasl.oauthbearer.scope.claim.name = scope
	sasl.oauthbearer.sub.claim.name = sub
	sasl.oauthbearer.token.endpoint.url = null
	security.protocol = PLAINTEXT
	security.providers = null
	send.buffer.bytes = 131072
	socket.connection.setup.timeout.max.ms = 30000
	socket.connection.setup.timeout.ms = 10000
	ssl.cipher.suites = null
	ssl.enabled.protocols = [TLSv1.2, TLSv1.3]
	ssl.endpoint.identification.algorithm = https
	ssl.engine.factory.class = null
	ssl.key.password = null
	ssl.keymanager.algorithm = SunX509
	ssl.keystore.certificate.chain = null
	ssl.keystore.key = null
	ssl.keystore.location = null
	ssl.keystore.password = null
	ssl.keystore.type = JKS
	ssl.protocol = TLSv1.3
	ssl.provider = null
	ssl.secure.random.implementation = null
	ssl.trustmanager.algorithm = PKIX
	ssl.truststore.certificates = null
	ssl.truststore.location = null
	ssl.truststore.password = null
	ssl.truststore.type = JKS

2025-07-31 16:59:17,834 INFO  [org.apa.kaf.com.uti.AppInfoParser] (main) Kafka version: 3.9.1
2025-07-31 16:59:17,834 INFO  [org.apa.kaf.com.uti.AppInfoParser] (main) Kafka commitId: f745dfdcee2b9851
2025-07-31 16:59:17,834 INFO  [org.apa.kaf.com.uti.AppInfoParser] (main) Kafka startTimeMs: 1753981157832
**** Registry Base URL: http://registry-app-inmemory.apps.ci419.apicurio-testing.org:80
2025-07-31 16:59:17,874 INFO  [org.apa.kaf.cli.pro.ProducerConfig] (main) ProducerConfig values: 
	acks = -1
	auto.include.jmx.reporter = true
	batch.size = 16384
	bootstrap.servers = [PLAINTEXT://localhost:32770]
	buffer.memory = 33554432
	client.dns.lookup = use_all_dns_ips
	client.id = Producer-topic-5f4c74f7_479e_48ad_a9a5_07521f04d1b3
	compression.gzip.level = -1
	compression.lz4.level = 9
	compression.type = none
	compression.zstd.level = 3
	connections.max.idle.ms = 10000
	delivery.timeout.ms = 120000
	enable.idempotence = true
	enable.metrics.push = true
	interceptor.classes = []
	key.serializer = class org.apache.kafka.common.serialization.StringSerializer
	linger.ms = 0
	max.block.ms = 60000
	max.in.flight.requests.per.connection = 5
	max.request.size = 1048576
	metadata.max.age.ms = 300000
	metadata.max.idle.ms = 300000
	metadata.recovery.strategy = none
	metric.reporters = []
	metrics.num.samples = 2
	metrics.recording.level = INFO
	metrics.sample.window.ms = 30000
	partitioner.adaptive.partitioning.enable = true
	partitioner.availability.timeout.ms = 0
	partitioner.class = null
	partitioner.ignore.keys = false
	receive.buffer.bytes = 32768
	reconnect.backoff.max.ms = 1000
	reconnect.backoff.ms = 50
	request.timeout.ms = 5000
	retries = 2147483647
	retry.backoff.max.ms = 1000
	retry.backoff.ms = 100
	sasl.client.callback.handler.class = null
	sasl.jaas.config = null
	sasl.kerberos.kinit.cmd = /usr/bin/kinit
	sasl.kerberos.min.time.before.relogin = 60000
	sasl.kerberos.service.name = null
	sasl.kerberos.ticket.renew.jitter = 0.05
	sasl.kerberos.ticket.renew.window.factor = 0.8
	sasl.login.callback.handler.class = null
	sasl.login.class = null
	sasl.login.connect.timeout.ms = null
	sasl.login.read.timeout.ms = null
	sasl.login.refresh.buffer.seconds = 300
	sasl.login.refresh.min.period.seconds = 60
	sasl.login.refresh.window.factor = 0.8
	sasl.login.refresh.window.jitter = 0.05
	sasl.login.retry.backoff.max.ms = 10000
	sasl.login.retry.backoff.ms = 100
	sasl.mechanism = GSSAPI
	sasl.oauthbearer.clock.skew.seconds = 30
	sasl.oauthbearer.expected.audience = null
	sasl.oauthbearer.expected.issuer = null
	sasl.oauthbearer.header.urlencode = false
	sasl.oauthbearer.jwks.endpoint.refresh.ms = 3600000
	sasl.oauthbearer.jwks.endpoint.retry.backoff.max.ms = 10000
	sasl.oauthbearer.jwks.endpoint.retry.backoff.ms = 100
	sasl.oauthbearer.jwks.endpoint.url = null
	sasl.oauthbearer.scope.claim.name = scope
	sasl.oauthbearer.sub.claim.name = sub
	sasl.oauthbearer.token.endpoint.url = null
	security.protocol = PLAINTEXT
	security.providers = null
	send.buffer.bytes = 131072
	socket.connection.setup.timeout.max.ms = 30000
	socket.connection.setup.timeout.ms = 10000
	ssl.cipher.suites = null
	ssl.enabled.protocols = [TLSv1.2, TLSv1.3]
	ssl.endpoint.identification.algorithm = https
	ssl.engine.factory.class = null
	ssl.key.password = null
	ssl.keymanager.algorithm = SunX509
	ssl.keystore.certificate.chain = null
	ssl.keystore.key = null
	ssl.keystore.location = null
	ssl.keystore.password = null
	ssl.keystore.type = JKS
	ssl.protocol = TLSv1.3
	ssl.provider = null
	ssl.secure.random.implementation = null
	ssl.trustmanager.algorithm = PKIX
	ssl.truststore.certificates = null
	ssl.truststore.location = null
	ssl.truststore.password = null
	ssl.truststore.type = JKS
	transaction.timeout.ms = 60000
	transactional.id = null
	value.serializer = class io.apicurio.registry.serde.avro.AvroKafkaSerializer

2025-07-31 16:59:17,910 INFO  [org.apa.kaf.com.tel.int.KafkaMetricsCollector] (main) initializing Kafka metrics collector
2025-07-31 16:59:17,935 INFO  [org.apa.kaf.cli.pro.KafkaProducer] (main) [Producer clientId=Producer-topic-5f4c74f7_479e_48ad_a9a5_07521f04d1b3] Instantiated an idempotent producer.
2025-07-31 16:59:17,980 INFO  [org.apa.kaf.cli.pro.ProducerConfig] (main) These configurations '[apicurio.registry.url, apicurio.registry.auto-register, apicurio.registry.use-id, apicurio.registry.artifact-resolver-strategy]' were supplied but are not used yet.
2025-07-31 16:59:17,981 INFO  [org.apa.kaf.com.uti.AppInfoParser] (main) Kafka version: 3.9.1
2025-07-31 16:59:17,981 INFO  [org.apa.kaf.com.uti.AppInfoParser] (main) Kafka commitId: f745dfdcee2b9851
2025-07-31 16:59:17,981 INFO  [org.apa.kaf.com.uti.AppInfoParser] (main) Kafka startTimeMs: 1753981157981
2025-07-31 16:59:17,981 INFO  [io.api.tes.ser.api.SimpleSerdesTesterBuilder$SimpleSerdesTester] (main) Using producer configuration: {apicurio.registry.url=http://registry-app-inmemory.apps.ci419.apicurio-testing.org:80/apis/registry/v3, apicurio.registry.auto-register=true, apicurio.registry.use-id=globalId, apicurio.registry.artifact-resolver-strategy=io.apicurio.registry.serde.strategy.TopicIdStrategy, value.serializer=io.apicurio.registry.serde.avro.AvroKafkaSerializer, request.timeout.ms=5000, acks=all, bootstrap.servers=PLAINTEXT://localhost:32770, connections.max.idle.ms=10000, key.serializer=org.apache.kafka.common.serialization.StringSerializer, client.id=Producer-topic-5f4c74f7_479e_48ad_a9a5_07521f04d1b3}
2025-07-31 16:59:17,982 INFO  [io.api.tes.ser.api.SimpleSerdesTesterBuilder$SimpleSerdesTester] (main) Using consumer configuration: {apicurio.registry.use-id=globalId}
2025-07-31 16:59:17,991 INFO  [io.api.tes.ser.api.KafkaSerdesTester] (Thread-594) Sending message {"key11753981157861": "value-0"} to topic topic-5f4c74f7_479e_48ad_a9a5_07521f04d1b3
2025-07-31 16:59:18,392 WARN  [org.apa.kaf.cli.NetworkClient] (kafka-producer-network-thread | Producer-topic-5f4c74f7_479e_48ad_a9a5_07521f04d1b3) [Producer clientId=Producer-topic-5f4c74f7_479e_48ad_a9a5_07521f04d1b3] The metadata response from the cluster reported a recoverable issue with correlation id 2 : {topic-5f4c74f7_479e_48ad_a9a5_07521f04d1b3=LEADER_NOT_AVAILABLE}
2025-07-31 16:59:18,399 INFO  [org.apa.kaf.cli.Metadata] (kafka-producer-network-thread | Producer-topic-5f4c74f7_479e_48ad_a9a5_07521f04d1b3) [Producer clientId=Producer-topic-5f4c74f7_479e_48ad_a9a5_07521f04d1b3] Cluster ID: JfHT16fFSb-b502x6d9TJg
2025-07-31 16:59:18,544 INFO  [org.apa.kaf.cli.pro.int.TransactionManager] (kafka-producer-network-thread | Producer-topic-5f4c74f7_479e_48ad_a9a5_07521f04d1b3) [Producer clientId=Producer-topic-5f4c74f7_479e_48ad_a9a5_07521f04d1b3] ProducerId set to 0 with epoch 0
2025-07-31 16:59:18,551 WARN  [org.apa.kaf.cli.NetworkClient] (kafka-producer-network-thread | Producer-topic-5f4c74f7_479e_48ad_a9a5_07521f04d1b3) [Producer clientId=Producer-topic-5f4c74f7_479e_48ad_a9a5_07521f04d1b3] The metadata response from the cluster reported a recoverable issue with correlation id 8 : {topic-5f4c74f7_479e_48ad_a9a5_07521f04d1b3=LEADER_NOT_AVAILABLE}
2025-07-31 16:59:18,969 INFO  [io.api.tes.ser.api.KafkaSerdesTester] (Thread-594) Sending message {"key11753981157861": "value-1"} to topic topic-5f4c74f7_479e_48ad_a9a5_07521f04d1b3
2025-07-31 16:59:18,974 INFO  [io.api.tes.ser.api.KafkaSerdesTester] (Thread-594) Sending message {"key11753981157861": "value-2"} to topic topic-5f4c74f7_479e_48ad_a9a5_07521f04d1b3
2025-07-31 16:59:18,978 INFO  [io.api.tes.ser.api.KafkaSerdesTester] (Thread-594) Sending message {"key11753981157861": "value-3"} to topic topic-5f4c74f7_479e_48ad_a9a5_07521f04d1b3
2025-07-31 16:59:18,982 INFO  [io.api.tes.ser.api.KafkaSerdesTester] (Thread-594) Sending message {"key11753981157861": "value-4"} to topic topic-5f4c74f7_479e_48ad_a9a5_07521f04d1b3
2025-07-31 16:59:18,987 INFO  [io.api.tes.ser.api.KafkaSerdesTester] (Thread-594) Sending message {"key11753981157861": "value-5"} to topic topic-5f4c74f7_479e_48ad_a9a5_07521f04d1b3
2025-07-31 16:59:18,991 INFO  [io.api.tes.ser.api.KafkaSerdesTester] (Thread-594) Sending message {"key11753981157861": "value-6"} to topic topic-5f4c74f7_479e_48ad_a9a5_07521f04d1b3
2025-07-31 16:59:18,996 INFO  [io.api.tes.ser.api.KafkaSerdesTester] (Thread-594) Sending message {"key11753981157861": "value-7"} to topic topic-5f4c74f7_479e_48ad_a9a5_07521f04d1b3
2025-07-31 16:59:19,000 INFO  [io.api.tes.ser.api.KafkaSerdesTester] (Thread-594) Sending message {"key11753981157861": "value-8"} to topic topic-5f4c74f7_479e_48ad_a9a5_07521f04d1b3
2025-07-31 16:59:19,011 INFO  [io.api.tes.ser.api.KafkaSerdesTester] (Thread-594) Sending message {"key11753981157861": "value-9"} to topic topic-5f4c74f7_479e_48ad_a9a5_07521f04d1b3
2025-07-31 16:59:19,014 INFO  [io.api.tes.ser.api.KafkaSerdesTester] (Thread-594) Produced 10 messages
2025-07-31 16:59:19,015 INFO  [org.apa.kaf.cli.pro.KafkaProducer] (Thread-594) [Producer clientId=Producer-topic-5f4c74f7_479e_48ad_a9a5_07521f04d1b3] Closing the Kafka producer with timeoutMillis = 9223372036854775807 ms.
2025-07-31 16:59:19,031 INFO  [org.apa.kaf.com.met.Metrics] (Thread-594) Metrics scheduler closed
2025-07-31 16:59:19,032 INFO  [org.apa.kaf.com.met.Metrics] (Thread-594) Closing reporter org.apache.kafka.common.metrics.JmxReporter
2025-07-31 16:59:19,032 INFO  [org.apa.kaf.com.met.Metrics] (Thread-594) Closing reporter org.apache.kafka.common.telemetry.internals.ClientTelemetryReporter
2025-07-31 16:59:19,032 INFO  [org.apa.kaf.com.met.Metrics] (Thread-594) Metrics reporters closed
2025-07-31 16:59:19,033 INFO  [org.apa.kaf.com.uti.AppInfoParser] (Thread-594) App info kafka.producer for Producer-topic-5f4c74f7_479e_48ad_a9a5_07521f04d1b3 unregistered
**** Registry Base URL: http://registry-app-inmemory.apps.ci419.apicurio-testing.org:80
2025-07-31 16:59:19,125 INFO  [org.apa.kaf.cli.con.ConsumerConfig] (main) ConsumerConfig values: 
	allow.auto.create.topics = true
	auto.commit.interval.ms = 500
	auto.include.jmx.reporter = true
	auto.offset.reset = earliest
	bootstrap.servers = [PLAINTEXT://localhost:32770]
	check.crcs = true
	client.dns.lookup = use_all_dns_ips
	client.id = consumer-Consumer-topic-5f4c74f7_479e_48ad_a9a5_07521f04d1b3-1
	client.rack = 
	connections.max.idle.ms = 10000
	default.api.timeout.ms = 60000
	enable.auto.commit = true
	enable.metrics.push = true
	exclude.internal.topics = true
	fetch.max.bytes = 52428800
	fetch.max.wait.ms = 500
	fetch.min.bytes = 1
	group.id = Consumer-topic-5f4c74f7_479e_48ad_a9a5_07521f04d1b3
	group.instance.id = null
	group.protocol = classic
	group.remote.assignor = null
	heartbeat.interval.ms = 3000
	interceptor.classes = []
	internal.leave.group.on.close = true
	internal.throw.on.fetch.stable.offset.unsupported = false
	isolation.level = read_uncommitted
	key.deserializer = class org.apache.kafka.common.serialization.StringDeserializer
	max.partition.fetch.bytes = 1048576
	max.poll.interval.ms = 300000
	max.poll.records = 500
	metadata.max.age.ms = 300000
	metadata.recovery.strategy = none
	metric.reporters = []
	metrics.num.samples = 2
	metrics.recording.level = INFO
	metrics.sample.window.ms = 30000
	partition.assignment.strategy = [class org.apache.kafka.clients.consumer.RangeAssignor, class org.apache.kafka.clients.consumer.CooperativeStickyAssignor]
	receive.buffer.bytes = 65536
	reconnect.backoff.max.ms = 1000
	reconnect.backoff.ms = 50
	request.timeout.ms = 5000
	retry.backoff.max.ms = 1000
	retry.backoff.ms = 100
	sasl.client.callback.handler.class = null
	sasl.jaas.config = null
	sasl.kerberos.kinit.cmd = /usr/bin/kinit
	sasl.kerberos.min.time.before.relogin = 60000
	sasl.kerberos.service.name = null
	sasl.kerberos.ticket.renew.jitter = 0.05
	sasl.kerberos.ticket.renew.window.factor = 0.8
	sasl.login.callback.handler.class = null
	sasl.login.class = null
	sasl.login.connect.timeout.ms = null
	sasl.login.read.timeout.ms = null
	sasl.login.refresh.buffer.seconds = 300
	sasl.login.refresh.min.period.seconds = 60
	sasl.login.refresh.window.factor = 0.8
	sasl.login.refresh.window.jitter = 0.05
	sasl.login.retry.backoff.max.ms = 10000
	sasl.login.retry.backoff.ms = 100
	sasl.mechanism = GSSAPI
	sasl.oauthbearer.clock.skew.seconds = 30
	sasl.oauthbearer.expected.audience = null
	sasl.oauthbearer.expected.issuer = null
	sasl.oauthbearer.header.urlencode = false
	sasl.oauthbearer.jwks.endpoint.refresh.ms = 3600000
	sasl.oauthbearer.jwks.endpoint.retry.backoff.max.ms = 10000
	sasl.oauthbearer.jwks.endpoint.retry.backoff.ms = 100
	sasl.oauthbearer.jwks.endpoint.url = null
	sasl.oauthbearer.scope.claim.name = scope
	sasl.oauthbearer.sub.claim.name = sub
	sasl.oauthbearer.token.endpoint.url = null
	security.protocol = PLAINTEXT
	security.providers = null
	send.buffer.bytes = 131072
	session.timeout.ms = 45000
	socket.connection.setup.timeout.max.ms = 30000
	socket.connection.setup.timeout.ms = 10000
	ssl.cipher.suites = null
	ssl.enabled.protocols = [TLSv1.2, TLSv1.3]
	ssl.endpoint.identification.algorithm = https
	ssl.engine.factory.class = null
	ssl.key.password = null
	ssl.keymanager.algorithm = SunX509
	ssl.keystore.certificate.chain = null
	ssl.keystore.key = null
	ssl.keystore.location = null
	ssl.keystore.password = null
	ssl.keystore.type = JKS
	ssl.protocol = TLSv1.3
	ssl.provider = null
	ssl.secure.random.implementation = null
	ssl.trustmanager.algorithm = PKIX
	ssl.truststore.certificates = null
	ssl.truststore.location = null
	ssl.truststore.password = null
	ssl.truststore.type = JKS
	value.deserializer = class io.apicurio.registry.serde.avro.AvroKafkaDeserializer

2025-07-31 16:59:19,134 INFO  [org.apa.kaf.com.tel.int.KafkaMetricsCollector] (main) initializing Kafka metrics collector
2025-07-31 16:59:19,181 INFO  [org.apa.kaf.cli.con.ConsumerConfig] (main) These configurations '[apicurio.registry.url, apicurio.registry.use-id]' were supplied but are not used yet.
2025-07-31 16:59:19,181 INFO  [org.apa.kaf.com.uti.AppInfoParser] (main) Kafka version: 3.9.1
2025-07-31 16:59:19,181 INFO  [org.apa.kaf.com.uti.AppInfoParser] (main) Kafka commitId: f745dfdcee2b9851
2025-07-31 16:59:19,181 INFO  [org.apa.kaf.com.uti.AppInfoParser] (main) Kafka startTimeMs: 1753981159181
2025-07-31 16:59:19,184 INFO  [org.apa.kaf.cli.con.int.ClassicKafkaConsumer] (Thread-597) [Consumer clientId=consumer-Consumer-topic-5f4c74f7_479e_48ad_a9a5_07521f04d1b3-1, groupId=Consumer-topic-5f4c74f7_479e_48ad_a9a5_07521f04d1b3] Subscribed to topic(s): topic-5f4c74f7_479e_48ad_a9a5_07521f04d1b3
2025-07-31 16:59:19,198 INFO  [org.apa.kaf.cli.Metadata] (Thread-597) [Consumer clientId=consumer-Consumer-topic-5f4c74f7_479e_48ad_a9a5_07521f04d1b3-1, groupId=Consumer-topic-5f4c74f7_479e_48ad_a9a5_07521f04d1b3] Cluster ID: JfHT16fFSb-b502x6d9TJg
2025-07-31 16:59:20,010 INFO  [org.apa.kaf.cli.con.int.ConsumerCoordinator] (Thread-597) [Consumer clientId=consumer-Consumer-topic-5f4c74f7_479e_48ad_a9a5_07521f04d1b3-1, groupId=Consumer-topic-5f4c74f7_479e_48ad_a9a5_07521f04d1b3] Discovered group coordinator localhost:32770 (id: 2147483647 rack: null)
2025-07-31 16:59:20,017 INFO  [org.apa.kaf.cli.con.int.ConsumerCoordinator] (Thread-597) [Consumer clientId=consumer-Consumer-topic-5f4c74f7_479e_48ad_a9a5_07521f04d1b3-1, groupId=Consumer-topic-5f4c74f7_479e_48ad_a9a5_07521f04d1b3] (Re-)joining group
2025-07-31 16:59:20,039 INFO  [org.apa.kaf.cli.con.int.ConsumerCoordinator] (Thread-597) [Consumer clientId=consumer-Consumer-topic-5f4c74f7_479e_48ad_a9a5_07521f04d1b3-1, groupId=Consumer-topic-5f4c74f7_479e_48ad_a9a5_07521f04d1b3] Request joining group due to: need to re-join with the given member-id: consumer-Consumer-topic-5f4c74f7_479e_48ad_a9a5_07521f04d1b3-1-72d012fe-f0fc-4920-862e-dcb06424f52e
2025-07-31 16:59:20,039 INFO  [org.apa.kaf.cli.con.int.ConsumerCoordinator] (Thread-597) [Consumer clientId=consumer-Consumer-topic-5f4c74f7_479e_48ad_a9a5_07521f04d1b3-1, groupId=Consumer-topic-5f4c74f7_479e_48ad_a9a5_07521f04d1b3] (Re-)joining group
2025-07-31 16:59:20,059 INFO  [org.apa.kaf.cli.con.int.ConsumerCoordinator] (Thread-597) [Consumer clientId=consumer-Consumer-topic-5f4c74f7_479e_48ad_a9a5_07521f04d1b3-1, groupId=Consumer-topic-5f4c74f7_479e_48ad_a9a5_07521f04d1b3] Successfully joined group with generation Generation{generationId=1, memberId='consumer-Consumer-topic-5f4c74f7_479e_48ad_a9a5_07521f04d1b3-1-72d012fe-f0fc-4920-862e-dcb06424f52e', protocol='range'}
2025-07-31 16:59:20,069 INFO  [org.apa.kaf.cli.con.int.ConsumerCoordinator] (Thread-597) [Consumer clientId=consumer-Consumer-topic-5f4c74f7_479e_48ad_a9a5_07521f04d1b3-1, groupId=Consumer-topic-5f4c74f7_479e_48ad_a9a5_07521f04d1b3] Finished assignment for group at generation 1: {consumer-Consumer-topic-5f4c74f7_479e_48ad_a9a5_07521f04d1b3-1-72d012fe-f0fc-4920-862e-dcb06424f52e=Assignment(partitions=[topic-5f4c74f7_479e_48ad_a9a5_07521f04d1b3-0])}
2025-07-31 16:59:20,093 INFO  [org.apa.kaf.cli.con.int.ConsumerCoordinator] (Thread-597) [Consumer clientId=consumer-Consumer-topic-5f4c74f7_479e_48ad_a9a5_07521f04d1b3-1, groupId=Consumer-topic-5f4c74f7_479e_48ad_a9a5_07521f04d1b3] Successfully synced group in generation Generation{generationId=1, memberId='consumer-Consumer-topic-5f4c74f7_479e_48ad_a9a5_07521f04d1b3-1-72d012fe-f0fc-4920-862e-dcb06424f52e', protocol='range'}
2025-07-31 16:59:20,094 INFO  [org.apa.kaf.cli.con.int.ConsumerCoordinator] (Thread-597) [Consumer clientId=consumer-Consumer-topic-5f4c74f7_479e_48ad_a9a5_07521f04d1b3-1, groupId=Consumer-topic-5f4c74f7_479e_48ad_a9a5_07521f04d1b3] Notifying assignor about the new Assignment(partitions=[topic-5f4c74f7_479e_48ad_a9a5_07521f04d1b3-0])
2025-07-31 16:59:20,096 INFO  [org.apa.kaf.cli.con.int.ConsumerRebalanceListenerInvoker] (Thread-597) [Consumer clientId=consumer-Consumer-topic-5f4c74f7_479e_48ad_a9a5_07521f04d1b3-1, groupId=Consumer-topic-5f4c74f7_479e_48ad_a9a5_07521f04d1b3] Adding newly assigned partitions: topic-5f4c74f7_479e_48ad_a9a5_07521f04d1b3-0
2025-07-31 16:59:20,118 INFO  [org.apa.kaf.cli.con.int.ConsumerCoordinator] (Thread-597) [Consumer clientId=consumer-Consumer-topic-5f4c74f7_479e_48ad_a9a5_07521f04d1b3-1, groupId=Consumer-topic-5f4c74f7_479e_48ad_a9a5_07521f04d1b3] Found no committed offset for partition topic-5f4c74f7_479e_48ad_a9a5_07521f04d1b3-0
2025-07-31 16:59:20,135 INFO  [org.apa.kaf.cli.con.int.SubscriptionState] (Thread-597) [Consumer clientId=consumer-Consumer-topic-5f4c74f7_479e_48ad_a9a5_07521f04d1b3-1, groupId=Consumer-topic-5f4c74f7_479e_48ad_a9a5_07521f04d1b3] Resetting offset for partition topic-5f4c74f7_479e_48ad_a9a5_07521f04d1b3-0 to position FetchPosition{offset=0, offsetEpoch=Optional.empty, currentLeader=LeaderAndEpoch{leader=Optional[localhost:32770 (id: 0 rack: null)], epoch=0}}.
2025-07-31 16:59:20,286 INFO  [io.api.tes.ser.api.KafkaSerdesTester] (Thread-597) topic-5f4c74f7_479e_48ad_a9a5_07521f04d1b3 0 0 {"key11753981157861": "value-0"}
2025-07-31 16:59:20,286 INFO  [io.api.tes.ser.api.KafkaSerdesTester] (Thread-597) topic-5f4c74f7_479e_48ad_a9a5_07521f04d1b3 0 1 {"key11753981157861": "value-1"}
2025-07-31 16:59:20,286 INFO  [io.api.tes.ser.api.KafkaSerdesTester] (Thread-597) topic-5f4c74f7_479e_48ad_a9a5_07521f04d1b3 0 2 {"key11753981157861": "value-2"}
2025-07-31 16:59:20,286 INFO  [io.api.tes.ser.api.KafkaSerdesTester] (Thread-597) topic-5f4c74f7_479e_48ad_a9a5_07521f04d1b3 0 3 {"key11753981157861": "value-3"}
2025-07-31 16:59:20,286 INFO  [io.api.tes.ser.api.KafkaSerdesTester] (Thread-597) topic-5f4c74f7_479e_48ad_a9a5_07521f04d1b3 0 4 {"key11753981157861": "value-4"}
2025-07-31 16:59:20,289 INFO  [io.api.tes.ser.api.KafkaSerdesTester] (Thread-597) topic-5f4c74f7_479e_48ad_a9a5_07521f04d1b3 0 5 {"key11753981157861": "value-5"}
2025-07-31 16:59:20,290 INFO  [io.api.tes.ser.api.KafkaSerdesTester] (Thread-597) topic-5f4c74f7_479e_48ad_a9a5_07521f04d1b3 0 6 {"key11753981157861": "value-6"}
2025-07-31 16:59:20,290 INFO  [io.api.tes.ser.api.KafkaSerdesTester] (Thread-597) topic-5f4c74f7_479e_48ad_a9a5_07521f04d1b3 0 7 {"key11753981157861": "value-7"}
2025-07-31 16:59:20,290 INFO  [io.api.tes.ser.api.KafkaSerdesTester] (Thread-597) topic-5f4c74f7_479e_48ad_a9a5_07521f04d1b3 0 8 {"key11753981157861": "value-8"}
2025-07-31 16:59:20,290 INFO  [io.api.tes.ser.api.KafkaSerdesTester] (Thread-597) topic-5f4c74f7_479e_48ad_a9a5_07521f04d1b3 0 9 {"key11753981157861": "value-9"}
2025-07-31 16:59:20,290 INFO  [io.api.tes.ser.api.KafkaSerdesTester] (Thread-597) Consumed 10 messages
2025-07-31 16:59:20,335 INFO  [org.apa.kaf.cli.con.int.ConsumerRebalanceListenerInvoker] (Thread-597) [Consumer clientId=consumer-Consumer-topic-5f4c74f7_479e_48ad_a9a5_07521f04d1b3-1, groupId=Consumer-topic-5f4c74f7_479e_48ad_a9a5_07521f04d1b3] Revoke previously assigned partitions topic-5f4c74f7_479e_48ad_a9a5_07521f04d1b3-0
2025-07-31 16:59:20,335 INFO  [org.apa.kaf.cli.con.int.ConsumerCoordinator] (Thread-597) [Consumer clientId=consumer-Consumer-topic-5f4c74f7_479e_48ad_a9a5_07521f04d1b3-1, groupId=Consumer-topic-5f4c74f7_479e_48ad_a9a5_07521f04d1b3] Member consumer-Consumer-topic-5f4c74f7_479e_48ad_a9a5_07521f04d1b3-1-72d012fe-f0fc-4920-862e-dcb06424f52e sending LeaveGroup request to coordinator localhost:32770 (id: 2147483647 rack: null) due to the consumer is being closed
2025-07-31 16:59:20,340 INFO  [org.apa.kaf.cli.con.int.ConsumerCoordinator] (Thread-597) [Consumer clientId=consumer-Consumer-topic-5f4c74f7_479e_48ad_a9a5_07521f04d1b3-1, groupId=Consumer-topic-5f4c74f7_479e_48ad_a9a5_07521f04d1b3] Resetting generation and member id due to: consumer pro-actively leaving the group
2025-07-31 16:59:20,340 INFO  [org.apa.kaf.cli.con.int.ConsumerCoordinator] (Thread-597) [Consumer clientId=consumer-Consumer-topic-5f4c74f7_479e_48ad_a9a5_07521f04d1b3-1, groupId=Consumer-topic-5f4c74f7_479e_48ad_a9a5_07521f04d1b3] Request joining group due to: consumer pro-actively leaving the group
2025-07-31 16:59:20,811 INFO  [org.apa.kaf.com.met.Metrics] (Thread-597) Metrics scheduler closed
2025-07-31 16:59:20,811 INFO  [org.apa.kaf.com.met.Metrics] (Thread-597) Closing reporter org.apache.kafka.common.metrics.JmxReporter
2025-07-31 16:59:20,811 INFO  [org.apa.kaf.com.met.Metrics] (Thread-597) Closing reporter org.apache.kafka.common.telemetry.internals.ClientTelemetryReporter
2025-07-31 16:59:20,811 INFO  [org.apa.kaf.com.met.Metrics] (Thread-597) Metrics reporters closed
2025-07-31 16:59:20,822 INFO  [org.apa.kaf.com.uti.AppInfoParser] (Thread-597) App info kafka.consumer for consumer-Consumer-topic-5f4c74f7_479e_48ad_a9a5_07521f04d1b3-1 unregistered
2025-07-31 16:59:20,823 INFO  [io.api.tes.uti.TestSeparator] (main) io.apicurio.tests.serdes.apicurio.AvroSerdeIT.testGlobalIdInHeaders-FINISHED
2025-07-31 16:59:20,823 INFO  [io.api.tes.uti.TestSeparator] (main) ############################################################################
Test passed: testGlobalIdInHeaders
]]></system-out>
  </testcase>
  <testcase name="testSimpleTopicIdStrategyFindLatest" classname="io.apicurio.tests.serdes.apicurio.AvroSerdeIT" time="1.957">
    <system-out><![CDATA[2025-07-31 16:59:20,843 INFO  [io.api.tes.uti.TestSeparator] (main) ############################################################################
2025-07-31 16:59:20,843 INFO  [io.api.tes.uti.TestSeparator] (main) io.apicurio.tests.serdes.apicurio.AvroSerdeIT.testSimpleTopicIdStrategyFindLatest-STARTED
2025-07-31 16:59:20,845 INFO  [io.api.tes.ser.api.AvroSerdeIT] (main) Registering Avro Schema: {"type":"record","name":"myrecordapicurio1","fields":[{"name":"key11753981160844","type":"string"}]}
**** Registry Base URL: http://registry-app-inmemory.apps.ci419.apicurio-testing.org:80
2025-07-31 16:59:21,917 INFO  [org.apa.kaf.cli.pro.ProducerConfig] (main) ProducerConfig values: 
	acks = -1
	auto.include.jmx.reporter = true
	batch.size = 16384
	bootstrap.servers = [PLAINTEXT://localhost:32770]
	buffer.memory = 33554432
	client.dns.lookup = use_all_dns_ips
	client.id = Producer-topic-2eb143fa_e9ba_4f17_98f2_9b9da68e0b97
	compression.gzip.level = -1
	compression.lz4.level = 9
	compression.type = none
	compression.zstd.level = 3
	connections.max.idle.ms = 10000
	delivery.timeout.ms = 120000
	enable.idempotence = true
	enable.metrics.push = true
	interceptor.classes = []
	key.serializer = class org.apache.kafka.common.serialization.StringSerializer
	linger.ms = 0
	max.block.ms = 60000
	max.in.flight.requests.per.connection = 5
	max.request.size = 1048576
	metadata.max.age.ms = 300000
	metadata.max.idle.ms = 300000
	metadata.recovery.strategy = none
	metric.reporters = []
	metrics.num.samples = 2
	metrics.recording.level = INFO
	metrics.sample.window.ms = 30000
	partitioner.adaptive.partitioning.enable = true
	partitioner.availability.timeout.ms = 0
	partitioner.class = null
	partitioner.ignore.keys = false
	receive.buffer.bytes = 32768
	reconnect.backoff.max.ms = 1000
	reconnect.backoff.ms = 50
	request.timeout.ms = 5000
	retries = 2147483647
	retry.backoff.max.ms = 1000
	retry.backoff.ms = 100
	sasl.client.callback.handler.class = null
	sasl.jaas.config = null
	sasl.kerberos.kinit.cmd = /usr/bin/kinit
	sasl.kerberos.min.time.before.relogin = 60000
	sasl.kerberos.service.name = null
	sasl.kerberos.ticket.renew.jitter = 0.05
	sasl.kerberos.ticket.renew.window.factor = 0.8
	sasl.login.callback.handler.class = null
	sasl.login.class = null
	sasl.login.connect.timeout.ms = null
	sasl.login.read.timeout.ms = null
	sasl.login.refresh.buffer.seconds = 300
	sasl.login.refresh.min.period.seconds = 60
	sasl.login.refresh.window.factor = 0.8
	sasl.login.refresh.window.jitter = 0.05
	sasl.login.retry.backoff.max.ms = 10000
	sasl.login.retry.backoff.ms = 100
	sasl.mechanism = GSSAPI
	sasl.oauthbearer.clock.skew.seconds = 30
	sasl.oauthbearer.expected.audience = null
	sasl.oauthbearer.expected.issuer = null
	sasl.oauthbearer.header.urlencode = false
	sasl.oauthbearer.jwks.endpoint.refresh.ms = 3600000
	sasl.oauthbearer.jwks.endpoint.retry.backoff.max.ms = 10000
	sasl.oauthbearer.jwks.endpoint.retry.backoff.ms = 100
	sasl.oauthbearer.jwks.endpoint.url = null
	sasl.oauthbearer.scope.claim.name = scope
	sasl.oauthbearer.sub.claim.name = sub
	sasl.oauthbearer.token.endpoint.url = null
	security.protocol = PLAINTEXT
	security.providers = null
	send.buffer.bytes = 131072
	socket.connection.setup.timeout.max.ms = 30000
	socket.connection.setup.timeout.ms = 10000
	ssl.cipher.suites = null
	ssl.enabled.protocols = [TLSv1.2, TLSv1.3]
	ssl.endpoint.identification.algorithm = https
	ssl.engine.factory.class = null
	ssl.key.password = null
	ssl.keymanager.algorithm = SunX509
	ssl.keystore.certificate.chain = null
	ssl.keystore.key = null
	ssl.keystore.location = null
	ssl.keystore.password = null
	ssl.keystore.type = JKS
	ssl.protocol = TLSv1.3
	ssl.provider = null
	ssl.secure.random.implementation = null
	ssl.trustmanager.algorithm = PKIX
	ssl.truststore.certificates = null
	ssl.truststore.location = null
	ssl.truststore.password = null
	ssl.truststore.type = JKS
	transaction.timeout.ms = 60000
	transactional.id = null
	value.serializer = class io.apicurio.registry.serde.avro.AvroKafkaSerializer

2025-07-31 16:59:21,918 INFO  [org.apa.kaf.com.tel.int.KafkaMetricsCollector] (main) initializing Kafka metrics collector
2025-07-31 16:59:21,922 INFO  [org.apa.kaf.cli.pro.KafkaProducer] (main) [Producer clientId=Producer-topic-2eb143fa_e9ba_4f17_98f2_9b9da68e0b97] Instantiated an idempotent producer.
2025-07-31 16:59:21,926 INFO  [org.apa.kaf.cli.pro.ProducerConfig] (main) These configurations '[apicurio.registry.find-latest, apicurio.registry.artifact.group-id, apicurio.registry.url, apicurio.registry.artifact-resolver-strategy]' were supplied but are not used yet.
2025-07-31 16:59:21,927 INFO  [org.apa.kaf.com.uti.AppInfoParser] (main) Kafka version: 3.9.1
2025-07-31 16:59:21,927 INFO  [org.apa.kaf.com.uti.AppInfoParser] (main) Kafka commitId: f745dfdcee2b9851
2025-07-31 16:59:21,927 INFO  [org.apa.kaf.com.uti.AppInfoParser] (main) Kafka startTimeMs: 1753981161927
2025-07-31 16:59:21,927 INFO  [io.api.tes.ser.api.SimpleSerdesTesterBuilder$SimpleSerdesTester] (main) Using producer configuration: {apicurio.registry.find-latest=true, apicurio.registry.artifact.group-id=topic-2eb143fa_e9ba_4f17_98f2_9b9da68e0b97, apicurio.registry.url=http://registry-app-inmemory.apps.ci419.apicurio-testing.org:80/apis/registry/v3, apicurio.registry.artifact-resolver-strategy=io.apicurio.registry.serde.strategy.SimpleTopicIdStrategy, value.serializer=io.apicurio.registry.serde.avro.AvroKafkaSerializer, request.timeout.ms=5000, acks=all, bootstrap.servers=PLAINTEXT://localhost:32770, connections.max.idle.ms=10000, key.serializer=org.apache.kafka.common.serialization.StringSerializer, client.id=Producer-topic-2eb143fa_e9ba_4f17_98f2_9b9da68e0b97}
2025-07-31 16:59:21,927 INFO  [io.api.tes.ser.api.SimpleSerdesTesterBuilder$SimpleSerdesTester] (main) Using consumer configuration: {}
2025-07-31 16:59:21,930 INFO  [io.api.tes.ser.api.KafkaSerdesTester] (Thread-600) Sending message {"key11753981160844": "value-0"} to topic topic-2eb143fa_e9ba_4f17_98f2_9b9da68e0b97
2025-07-31 16:59:21,937 INFO  [org.apa.kaf.cli.Metadata] (kafka-producer-network-thread | Producer-topic-2eb143fa_e9ba_4f17_98f2_9b9da68e0b97) [Producer clientId=Producer-topic-2eb143fa_e9ba_4f17_98f2_9b9da68e0b97] Cluster ID: JfHT16fFSb-b502x6d9TJg
2025-07-31 16:59:21,940 INFO  [org.apa.kaf.cli.pro.int.TransactionManager] (kafka-producer-network-thread | Producer-topic-2eb143fa_e9ba_4f17_98f2_9b9da68e0b97) [Producer clientId=Producer-topic-2eb143fa_e9ba_4f17_98f2_9b9da68e0b97] ProducerId set to 1 with epoch 0
2025-07-31 16:59:22,056 INFO  [io.api.tes.ser.api.KafkaSerdesTester] (Thread-600) Sending message {"key11753981160844": "value-1"} to topic topic-2eb143fa_e9ba_4f17_98f2_9b9da68e0b97
2025-07-31 16:59:22,059 INFO  [io.api.tes.ser.api.KafkaSerdesTester] (Thread-600) Sending message {"key11753981160844": "value-2"} to topic topic-2eb143fa_e9ba_4f17_98f2_9b9da68e0b97
2025-07-31 16:59:22,061 INFO  [io.api.tes.ser.api.KafkaSerdesTester] (Thread-600) Sending message {"key11753981160844": "value-3"} to topic topic-2eb143fa_e9ba_4f17_98f2_9b9da68e0b97
2025-07-31 16:59:22,066 INFO  [io.api.tes.ser.api.KafkaSerdesTester] (Thread-600) Sending message {"key11753981160844": "value-4"} to topic topic-2eb143fa_e9ba_4f17_98f2_9b9da68e0b97
2025-07-31 16:59:22,070 INFO  [io.api.tes.ser.api.KafkaSerdesTester] (Thread-600) Sending message {"key11753981160844": "value-5"} to topic topic-2eb143fa_e9ba_4f17_98f2_9b9da68e0b97
2025-07-31 16:59:22,075 INFO  [io.api.tes.ser.api.KafkaSerdesTester] (Thread-600) Sending message {"key11753981160844": "value-6"} to topic topic-2eb143fa_e9ba_4f17_98f2_9b9da68e0b97
2025-07-31 16:59:22,078 INFO  [io.api.tes.ser.api.KafkaSerdesTester] (Thread-600) Sending message {"key11753981160844": "value-7"} to topic topic-2eb143fa_e9ba_4f17_98f2_9b9da68e0b97
2025-07-31 16:59:22,080 INFO  [io.api.tes.ser.api.KafkaSerdesTester] (Thread-600) Sending message {"key11753981160844": "value-8"} to topic topic-2eb143fa_e9ba_4f17_98f2_9b9da68e0b97
2025-07-31 16:59:22,082 INFO  [io.api.tes.ser.api.KafkaSerdesTester] (Thread-600) Sending message {"key11753981160844": "value-9"} to topic topic-2eb143fa_e9ba_4f17_98f2_9b9da68e0b97
2025-07-31 16:59:22,084 INFO  [io.api.tes.ser.api.KafkaSerdesTester] (Thread-600) Produced 10 messages
2025-07-31 16:59:22,084 INFO  [org.apa.kaf.cli.pro.KafkaProducer] (Thread-600) [Producer clientId=Producer-topic-2eb143fa_e9ba_4f17_98f2_9b9da68e0b97] Closing the Kafka producer with timeoutMillis = 9223372036854775807 ms.
2025-07-31 16:59:22,104 INFO  [org.apa.kaf.com.met.Metrics] (Thread-600) Metrics scheduler closed
2025-07-31 16:59:22,104 INFO  [org.apa.kaf.com.met.Metrics] (Thread-600) Closing reporter org.apache.kafka.common.metrics.JmxReporter
2025-07-31 16:59:22,104 INFO  [org.apa.kaf.com.met.Metrics] (Thread-600) Closing reporter org.apache.kafka.common.telemetry.internals.ClientTelemetryReporter
2025-07-31 16:59:22,104 INFO  [org.apa.kaf.com.met.Metrics] (Thread-600) Metrics reporters closed
2025-07-31 16:59:22,105 INFO  [org.apa.kaf.com.uti.AppInfoParser] (Thread-600) App info kafka.producer for Producer-topic-2eb143fa_e9ba_4f17_98f2_9b9da68e0b97 unregistered
**** Registry Base URL: http://registry-app-inmemory.apps.ci419.apicurio-testing.org:80
2025-07-31 16:59:22,106 INFO  [org.apa.kaf.cli.con.ConsumerConfig] (main) ConsumerConfig values: 
	allow.auto.create.topics = true
	auto.commit.interval.ms = 500
	auto.include.jmx.reporter = true
	auto.offset.reset = earliest
	bootstrap.servers = [PLAINTEXT://localhost:32770]
	check.crcs = true
	client.dns.lookup = use_all_dns_ips
	client.id = consumer-Consumer-topic-2eb143fa_e9ba_4f17_98f2_9b9da68e0b97-2
	client.rack = 
	connections.max.idle.ms = 10000
	default.api.timeout.ms = 60000
	enable.auto.commit = true
	enable.metrics.push = true
	exclude.internal.topics = true
	fetch.max.bytes = 52428800
	fetch.max.wait.ms = 500
	fetch.min.bytes = 1
	group.id = Consumer-topic-2eb143fa_e9ba_4f17_98f2_9b9da68e0b97
	group.instance.id = null
	group.protocol = classic
	group.remote.assignor = null
	heartbeat.interval.ms = 3000
	interceptor.classes = []
	internal.leave.group.on.close = true
	internal.throw.on.fetch.stable.offset.unsupported = false
	isolation.level = read_uncommitted
	key.deserializer = class org.apache.kafka.common.serialization.StringDeserializer
	max.partition.fetch.bytes = 1048576
	max.poll.interval.ms = 300000
	max.poll.records = 500
	metadata.max.age.ms = 300000
	metadata.recovery.strategy = none
	metric.reporters = []
	metrics.num.samples = 2
	metrics.recording.level = INFO
	metrics.sample.window.ms = 30000
	partition.assignment.strategy = [class org.apache.kafka.clients.consumer.RangeAssignor, class org.apache.kafka.clients.consumer.CooperativeStickyAssignor]
	receive.buffer.bytes = 65536
	reconnect.backoff.max.ms = 1000
	reconnect.backoff.ms = 50
	request.timeout.ms = 5000
	retry.backoff.max.ms = 1000
	retry.backoff.ms = 100
	sasl.client.callback.handler.class = null
	sasl.jaas.config = null
	sasl.kerberos.kinit.cmd = /usr/bin/kinit
	sasl.kerberos.min.time.before.relogin = 60000
	sasl.kerberos.service.name = null
	sasl.kerberos.ticket.renew.jitter = 0.05
	sasl.kerberos.ticket.renew.window.factor = 0.8
	sasl.login.callback.handler.class = null
	sasl.login.class = null
	sasl.login.connect.timeout.ms = null
	sasl.login.read.timeout.ms = null
	sasl.login.refresh.buffer.seconds = 300
	sasl.login.refresh.min.period.seconds = 60
	sasl.login.refresh.window.factor = 0.8
	sasl.login.refresh.window.jitter = 0.05
	sasl.login.retry.backoff.max.ms = 10000
	sasl.login.retry.backoff.ms = 100
	sasl.mechanism = GSSAPI
	sasl.oauthbearer.clock.skew.seconds = 30
	sasl.oauthbearer.expected.audience = null
	sasl.oauthbearer.expected.issuer = null
	sasl.oauthbearer.header.urlencode = false
	sasl.oauthbearer.jwks.endpoint.refresh.ms = 3600000
	sasl.oauthbearer.jwks.endpoint.retry.backoff.max.ms = 10000
	sasl.oauthbearer.jwks.endpoint.retry.backoff.ms = 100
	sasl.oauthbearer.jwks.endpoint.url = null
	sasl.oauthbearer.scope.claim.name = scope
	sasl.oauthbearer.sub.claim.name = sub
	sasl.oauthbearer.token.endpoint.url = null
	security.protocol = PLAINTEXT
	security.providers = null
	send.buffer.bytes = 131072
	session.timeout.ms = 45000
	socket.connection.setup.timeout.max.ms = 30000
	socket.connection.setup.timeout.ms = 10000
	ssl.cipher.suites = null
	ssl.enabled.protocols = [TLSv1.2, TLSv1.3]
	ssl.endpoint.identification.algorithm = https
	ssl.engine.factory.class = null
	ssl.key.password = null
	ssl.keymanager.algorithm = SunX509
	ssl.keystore.certificate.chain = null
	ssl.keystore.key = null
	ssl.keystore.location = null
	ssl.keystore.password = null
	ssl.keystore.type = JKS
	ssl.protocol = TLSv1.3
	ssl.provider = null
	ssl.secure.random.implementation = null
	ssl.trustmanager.algorithm = PKIX
	ssl.truststore.certificates = null
	ssl.truststore.location = null
	ssl.truststore.password = null
	ssl.truststore.type = JKS
	value.deserializer = class io.apicurio.registry.serde.avro.AvroKafkaDeserializer

2025-07-31 16:59:22,107 INFO  [org.apa.kaf.com.tel.int.KafkaMetricsCollector] (main) initializing Kafka metrics collector
2025-07-31 16:59:22,129 INFO  [org.apa.kaf.cli.con.ConsumerConfig] (main) These configurations '[apicurio.registry.url]' were supplied but are not used yet.
2025-07-31 16:59:22,129 INFO  [org.apa.kaf.com.uti.AppInfoParser] (main) Kafka version: 3.9.1
2025-07-31 16:59:22,129 INFO  [org.apa.kaf.com.uti.AppInfoParser] (main) Kafka commitId: f745dfdcee2b9851
2025-07-31 16:59:22,129 INFO  [org.apa.kaf.com.uti.AppInfoParser] (main) Kafka startTimeMs: 1753981162129
2025-07-31 16:59:22,136 INFO  [org.apa.kaf.cli.con.int.ClassicKafkaConsumer] (Thread-603) [Consumer clientId=consumer-Consumer-topic-2eb143fa_e9ba_4f17_98f2_9b9da68e0b97-2, groupId=Consumer-topic-2eb143fa_e9ba_4f17_98f2_9b9da68e0b97] Subscribed to topic(s): topic-2eb143fa_e9ba_4f17_98f2_9b9da68e0b97
2025-07-31 16:59:22,144 INFO  [org.apa.kaf.cli.Metadata] (Thread-603) [Consumer clientId=consumer-Consumer-topic-2eb143fa_e9ba_4f17_98f2_9b9da68e0b97-2, groupId=Consumer-topic-2eb143fa_e9ba_4f17_98f2_9b9da68e0b97] Cluster ID: JfHT16fFSb-b502x6d9TJg
2025-07-31 16:59:22,145 INFO  [org.apa.kaf.cli.con.int.ConsumerCoordinator] (Thread-603) [Consumer clientId=consumer-Consumer-topic-2eb143fa_e9ba_4f17_98f2_9b9da68e0b97-2, groupId=Consumer-topic-2eb143fa_e9ba_4f17_98f2_9b9da68e0b97] Discovered group coordinator localhost:32770 (id: 2147483647 rack: null)
2025-07-31 16:59:22,149 INFO  [org.apa.kaf.cli.con.int.ConsumerCoordinator] (Thread-603) [Consumer clientId=consumer-Consumer-topic-2eb143fa_e9ba_4f17_98f2_9b9da68e0b97-2, groupId=Consumer-topic-2eb143fa_e9ba_4f17_98f2_9b9da68e0b97] (Re-)joining group
2025-07-31 16:59:22,162 INFO  [org.apa.kaf.cli.con.int.ConsumerCoordinator] (Thread-603) [Consumer clientId=consumer-Consumer-topic-2eb143fa_e9ba_4f17_98f2_9b9da68e0b97-2, groupId=Consumer-topic-2eb143fa_e9ba_4f17_98f2_9b9da68e0b97] Request joining group due to: need to re-join with the given member-id: consumer-Consumer-topic-2eb143fa_e9ba_4f17_98f2_9b9da68e0b97-2-7c0f8d5a-be13-4813-bd1b-542037fec494
2025-07-31 16:59:22,162 INFO  [org.apa.kaf.cli.con.int.ConsumerCoordinator] (Thread-603) [Consumer clientId=consumer-Consumer-topic-2eb143fa_e9ba_4f17_98f2_9b9da68e0b97-2, groupId=Consumer-topic-2eb143fa_e9ba_4f17_98f2_9b9da68e0b97] (Re-)joining group
2025-07-31 16:59:22,167 INFO  [org.apa.kaf.cli.con.int.ConsumerCoordinator] (Thread-603) [Consumer clientId=consumer-Consumer-topic-2eb143fa_e9ba_4f17_98f2_9b9da68e0b97-2, groupId=Consumer-topic-2eb143fa_e9ba_4f17_98f2_9b9da68e0b97] Successfully joined group with generation Generation{generationId=1, memberId='consumer-Consumer-topic-2eb143fa_e9ba_4f17_98f2_9b9da68e0b97-2-7c0f8d5a-be13-4813-bd1b-542037fec494', protocol='range'}
2025-07-31 16:59:22,168 INFO  [org.apa.kaf.cli.con.int.ConsumerCoordinator] (Thread-603) [Consumer clientId=consumer-Consumer-topic-2eb143fa_e9ba_4f17_98f2_9b9da68e0b97-2, groupId=Consumer-topic-2eb143fa_e9ba_4f17_98f2_9b9da68e0b97] Finished assignment for group at generation 1: {consumer-Consumer-topic-2eb143fa_e9ba_4f17_98f2_9b9da68e0b97-2-7c0f8d5a-be13-4813-bd1b-542037fec494=Assignment(partitions=[topic-2eb143fa_e9ba_4f17_98f2_9b9da68e0b97-0])}
2025-07-31 16:59:22,173 INFO  [org.apa.kaf.cli.con.int.ConsumerCoordinator] (Thread-603) [Consumer clientId=consumer-Consumer-topic-2eb143fa_e9ba_4f17_98f2_9b9da68e0b97-2, groupId=Consumer-topic-2eb143fa_e9ba_4f17_98f2_9b9da68e0b97] Successfully synced group in generation Generation{generationId=1, memberId='consumer-Consumer-topic-2eb143fa_e9ba_4f17_98f2_9b9da68e0b97-2-7c0f8d5a-be13-4813-bd1b-542037fec494', protocol='range'}
2025-07-31 16:59:22,174 INFO  [org.apa.kaf.cli.con.int.ConsumerCoordinator] (Thread-603) [Consumer clientId=consumer-Consumer-topic-2eb143fa_e9ba_4f17_98f2_9b9da68e0b97-2, groupId=Consumer-topic-2eb143fa_e9ba_4f17_98f2_9b9da68e0b97] Notifying assignor about the new Assignment(partitions=[topic-2eb143fa_e9ba_4f17_98f2_9b9da68e0b97-0])
2025-07-31 16:59:22,174 INFO  [org.apa.kaf.cli.con.int.ConsumerRebalanceListenerInvoker] (Thread-603) [Consumer clientId=consumer-Consumer-topic-2eb143fa_e9ba_4f17_98f2_9b9da68e0b97-2, groupId=Consumer-topic-2eb143fa_e9ba_4f17_98f2_9b9da68e0b97] Adding newly assigned partitions: topic-2eb143fa_e9ba_4f17_98f2_9b9da68e0b97-0
2025-07-31 16:59:22,177 INFO  [org.apa.kaf.cli.con.int.ConsumerCoordinator] (Thread-603) [Consumer clientId=consumer-Consumer-topic-2eb143fa_e9ba_4f17_98f2_9b9da68e0b97-2, groupId=Consumer-topic-2eb143fa_e9ba_4f17_98f2_9b9da68e0b97] Found no committed offset for partition topic-2eb143fa_e9ba_4f17_98f2_9b9da68e0b97-0
2025-07-31 16:59:22,185 INFO  [org.apa.kaf.cli.con.int.SubscriptionState] (Thread-603) [Consumer clientId=consumer-Consumer-topic-2eb143fa_e9ba_4f17_98f2_9b9da68e0b97-2, groupId=Consumer-topic-2eb143fa_e9ba_4f17_98f2_9b9da68e0b97] Resetting offset for partition topic-2eb143fa_e9ba_4f17_98f2_9b9da68e0b97-0 to position FetchPosition{offset=0, offsetEpoch=Optional.empty, currentLeader=LeaderAndEpoch{leader=Optional[localhost:32770 (id: 0 rack: null)], epoch=0}}.
2025-07-31 16:59:22,270 INFO  [io.api.tes.ser.api.KafkaSerdesTester] (Thread-603) topic-2eb143fa_e9ba_4f17_98f2_9b9da68e0b97 0 0 {"key11753981160844": "value-0"}
2025-07-31 16:59:22,270 INFO  [io.api.tes.ser.api.KafkaSerdesTester] (Thread-603) topic-2eb143fa_e9ba_4f17_98f2_9b9da68e0b97 0 1 {"key11753981160844": "value-1"}
2025-07-31 16:59:22,271 INFO  [io.api.tes.ser.api.KafkaSerdesTester] (Thread-603) topic-2eb143fa_e9ba_4f17_98f2_9b9da68e0b97 0 2 {"key11753981160844": "value-2"}
2025-07-31 16:59:22,271 INFO  [io.api.tes.ser.api.KafkaSerdesTester] (Thread-603) topic-2eb143fa_e9ba_4f17_98f2_9b9da68e0b97 0 3 {"key11753981160844": "value-3"}
2025-07-31 16:59:22,271 INFO  [io.api.tes.ser.api.KafkaSerdesTester] (Thread-603) topic-2eb143fa_e9ba_4f17_98f2_9b9da68e0b97 0 4 {"key11753981160844": "value-4"}
2025-07-31 16:59:22,271 INFO  [io.api.tes.ser.api.KafkaSerdesTester] (Thread-603) topic-2eb143fa_e9ba_4f17_98f2_9b9da68e0b97 0 5 {"key11753981160844": "value-5"}
2025-07-31 16:59:22,271 INFO  [io.api.tes.ser.api.KafkaSerdesTester] (Thread-603) topic-2eb143fa_e9ba_4f17_98f2_9b9da68e0b97 0 6 {"key11753981160844": "value-6"}
2025-07-31 16:59:22,271 INFO  [io.api.tes.ser.api.KafkaSerdesTester] (Thread-603) topic-2eb143fa_e9ba_4f17_98f2_9b9da68e0b97 0 7 {"key11753981160844": "value-7"}
2025-07-31 16:59:22,271 INFO  [io.api.tes.ser.api.KafkaSerdesTester] (Thread-603) topic-2eb143fa_e9ba_4f17_98f2_9b9da68e0b97 0 8 {"key11753981160844": "value-8"}
2025-07-31 16:59:22,271 INFO  [io.api.tes.ser.api.KafkaSerdesTester] (Thread-603) topic-2eb143fa_e9ba_4f17_98f2_9b9da68e0b97 0 9 {"key11753981160844": "value-9"}
2025-07-31 16:59:22,271 INFO  [io.api.tes.ser.api.KafkaSerdesTester] (Thread-603) Consumed 10 messages
2025-07-31 16:59:22,275 INFO  [org.apa.kaf.cli.con.int.ConsumerRebalanceListenerInvoker] (Thread-603) [Consumer clientId=consumer-Consumer-topic-2eb143fa_e9ba_4f17_98f2_9b9da68e0b97-2, groupId=Consumer-topic-2eb143fa_e9ba_4f17_98f2_9b9da68e0b97] Revoke previously assigned partitions topic-2eb143fa_e9ba_4f17_98f2_9b9da68e0b97-0
2025-07-31 16:59:22,276 INFO  [org.apa.kaf.cli.con.int.ConsumerCoordinator] (Thread-603) [Consumer clientId=consumer-Consumer-topic-2eb143fa_e9ba_4f17_98f2_9b9da68e0b97-2, groupId=Consumer-topic-2eb143fa_e9ba_4f17_98f2_9b9da68e0b97] Member consumer-Consumer-topic-2eb143fa_e9ba_4f17_98f2_9b9da68e0b97-2-7c0f8d5a-be13-4813-bd1b-542037fec494 sending LeaveGroup request to coordinator localhost:32770 (id: 2147483647 rack: null) due to the consumer is being closed
2025-07-31 16:59:22,276 INFO  [org.apa.kaf.cli.con.int.ConsumerCoordinator] (Thread-603) [Consumer clientId=consumer-Consumer-topic-2eb143fa_e9ba_4f17_98f2_9b9da68e0b97-2, groupId=Consumer-topic-2eb143fa_e9ba_4f17_98f2_9b9da68e0b97] Resetting generation and member id due to: consumer pro-actively leaving the group
2025-07-31 16:59:22,276 INFO  [org.apa.kaf.cli.con.int.ConsumerCoordinator] (Thread-603) [Consumer clientId=consumer-Consumer-topic-2eb143fa_e9ba_4f17_98f2_9b9da68e0b97-2, groupId=Consumer-topic-2eb143fa_e9ba_4f17_98f2_9b9da68e0b97] Request joining group due to: consumer pro-actively leaving the group
2025-07-31 16:59:22,773 INFO  [org.apa.kaf.com.met.Metrics] (Thread-603) Metrics scheduler closed
2025-07-31 16:59:22,774 INFO  [org.apa.kaf.com.met.Metrics] (Thread-603) Closing reporter org.apache.kafka.common.metrics.JmxReporter
2025-07-31 16:59:22,774 INFO  [org.apa.kaf.com.met.Metrics] (Thread-603) Closing reporter org.apache.kafka.common.telemetry.internals.ClientTelemetryReporter
2025-07-31 16:59:22,774 INFO  [org.apa.kaf.com.met.Metrics] (Thread-603) Metrics reporters closed
2025-07-31 16:59:22,781 INFO  [org.apa.kaf.com.uti.AppInfoParser] (Thread-603) App info kafka.consumer for consumer-Consumer-topic-2eb143fa_e9ba_4f17_98f2_9b9da68e0b97-2 unregistered
2025-07-31 16:59:22,782 INFO  [io.api.tes.uti.TestSeparator] (main) io.apicurio.tests.serdes.apicurio.AvroSerdeIT.testSimpleTopicIdStrategyFindLatest-FINISHED
2025-07-31 16:59:22,782 INFO  [io.api.tes.uti.TestSeparator] (main) ############################################################################
Test passed: testSimpleTopicIdStrategyFindLatest
]]></system-out>
  </testcase>
  <testcase name="testWrongSchema" classname="io.apicurio.tests.serdes.apicurio.AvroSerdeIT" time="1.19">
    <system-out><![CDATA[2025-07-31 16:59:22,787 INFO  [io.api.tes.uti.TestSeparator] (main) ############################################################################
2025-07-31 16:59:22,787 INFO  [io.api.tes.uti.TestSeparator] (main) io.apicurio.tests.serdes.apicurio.AvroSerdeIT.testWrongSchema-STARTED
**** Registry Base URL: http://registry-app-inmemory.apps.ci419.apicurio-testing.org:80
2025-07-31 16:59:23,872 INFO  [org.apa.kaf.cli.pro.ProducerConfig] (main) ProducerConfig values: 
	acks = -1
	auto.include.jmx.reporter = true
	batch.size = 16384
	bootstrap.servers = [PLAINTEXT://localhost:32770]
	buffer.memory = 33554432
	client.dns.lookup = use_all_dns_ips
	client.id = Producer-se27c4dc7x8327x40b8x8f27xf5b181705b41
	compression.gzip.level = -1
	compression.lz4.level = 9
	compression.type = none
	compression.zstd.level = 3
	connections.max.idle.ms = 10000
	delivery.timeout.ms = 120000
	enable.idempotence = true
	enable.metrics.push = true
	interceptor.classes = []
	key.serializer = class org.apache.kafka.common.serialization.StringSerializer
	linger.ms = 0
	max.block.ms = 60000
	max.in.flight.requests.per.connection = 5
	max.request.size = 1048576
	metadata.max.age.ms = 300000
	metadata.max.idle.ms = 300000
	metadata.recovery.strategy = none
	metric.reporters = []
	metrics.num.samples = 2
	metrics.recording.level = INFO
	metrics.sample.window.ms = 30000
	partitioner.adaptive.partitioning.enable = true
	partitioner.availability.timeout.ms = 0
	partitioner.class = null
	partitioner.ignore.keys = false
	receive.buffer.bytes = 32768
	reconnect.backoff.max.ms = 1000
	reconnect.backoff.ms = 50
	request.timeout.ms = 5000
	retries = 2147483647
	retry.backoff.max.ms = 1000
	retry.backoff.ms = 100
	sasl.client.callback.handler.class = null
	sasl.jaas.config = null
	sasl.kerberos.kinit.cmd = /usr/bin/kinit
	sasl.kerberos.min.time.before.relogin = 60000
	sasl.kerberos.service.name = null
	sasl.kerberos.ticket.renew.jitter = 0.05
	sasl.kerberos.ticket.renew.window.factor = 0.8
	sasl.login.callback.handler.class = null
	sasl.login.class = null
	sasl.login.connect.timeout.ms = null
	sasl.login.read.timeout.ms = null
	sasl.login.refresh.buffer.seconds = 300
	sasl.login.refresh.min.period.seconds = 60
	sasl.login.refresh.window.factor = 0.8
	sasl.login.refresh.window.jitter = 0.05
	sasl.login.retry.backoff.max.ms = 10000
	sasl.login.retry.backoff.ms = 100
	sasl.mechanism = GSSAPI
	sasl.oauthbearer.clock.skew.seconds = 30
	sasl.oauthbearer.expected.audience = null
	sasl.oauthbearer.expected.issuer = null
	sasl.oauthbearer.header.urlencode = false
	sasl.oauthbearer.jwks.endpoint.refresh.ms = 3600000
	sasl.oauthbearer.jwks.endpoint.retry.backoff.max.ms = 10000
	sasl.oauthbearer.jwks.endpoint.retry.backoff.ms = 100
	sasl.oauthbearer.jwks.endpoint.url = null
	sasl.oauthbearer.scope.claim.name = scope
	sasl.oauthbearer.sub.claim.name = sub
	sasl.oauthbearer.token.endpoint.url = null
	security.protocol = PLAINTEXT
	security.providers = null
	send.buffer.bytes = 131072
	socket.connection.setup.timeout.max.ms = 30000
	socket.connection.setup.timeout.ms = 10000
	ssl.cipher.suites = null
	ssl.enabled.protocols = [TLSv1.2, TLSv1.3]
	ssl.endpoint.identification.algorithm = https
	ssl.engine.factory.class = null
	ssl.key.password = null
	ssl.keymanager.algorithm = SunX509
	ssl.keystore.certificate.chain = null
	ssl.keystore.key = null
	ssl.keystore.location = null
	ssl.keystore.password = null
	ssl.keystore.type = JKS
	ssl.protocol = TLSv1.3
	ssl.provider = null
	ssl.secure.random.implementation = null
	ssl.trustmanager.algorithm = PKIX
	ssl.truststore.certificates = null
	ssl.truststore.location = null
	ssl.truststore.password = null
	ssl.truststore.type = JKS
	transaction.timeout.ms = 60000
	transactional.id = null
	value.serializer = class io.apicurio.registry.serde.avro.AvroKafkaSerializer

2025-07-31 16:59:23,873 INFO  [org.apa.kaf.com.tel.int.KafkaMetricsCollector] (main) initializing Kafka metrics collector
2025-07-31 16:59:23,877 INFO  [org.apa.kaf.cli.pro.KafkaProducer] (main) [Producer clientId=Producer-se27c4dc7x8327x40b8x8f27xf5b181705b41] Instantiated an idempotent producer.
2025-07-31 16:59:23,884 INFO  [org.apa.kaf.cli.pro.ProducerConfig] (main) These configurations '[apicurio.registry.find-latest, apicurio.registry.url, apicurio.registry.artifact-resolver-strategy]' were supplied but are not used yet.
2025-07-31 16:59:23,884 INFO  [org.apa.kaf.com.uti.AppInfoParser] (main) Kafka version: 3.9.1
2025-07-31 16:59:23,884 INFO  [org.apa.kaf.com.uti.AppInfoParser] (main) Kafka commitId: f745dfdcee2b9851
2025-07-31 16:59:23,884 INFO  [org.apa.kaf.com.uti.AppInfoParser] (main) Kafka startTimeMs: 1753981163884
2025-07-31 16:59:23,891 INFO  [io.api.tes.ser.api.KafkaSerdesTester] (Thread-606) Sending message {"keyB": "value-0"} to topic se27c4dc7x8327x40b8x8f27xf5b181705b41
2025-07-31 16:59:23,891 INFO  [org.apa.kaf.cli.Metadata] (kafka-producer-network-thread | Producer-se27c4dc7x8327x40b8x8f27xf5b181705b41) [Producer clientId=Producer-se27c4dc7x8327x40b8x8f27xf5b181705b41] Cluster ID: JfHT16fFSb-b502x6d9TJg
2025-07-31 16:59:23,892 INFO  [org.apa.kaf.cli.pro.int.TransactionManager] (kafka-producer-network-thread | Producer-se27c4dc7x8327x40b8x8f27xf5b181705b41) [Producer clientId=Producer-se27c4dc7x8327x40b8x8f27xf5b181705b41] ProducerId set to 2 with epoch 0
2025-07-31 16:59:23,968 INFO  [org.apa.kaf.cli.pro.KafkaProducer] (Thread-606) [Producer clientId=Producer-se27c4dc7x8327x40b8x8f27xf5b181705b41] Closing the Kafka producer with timeoutMillis = 9223372036854775807 ms.
2025-07-31 16:59:23,972 INFO  [org.apa.kaf.com.met.Metrics] (Thread-606) Metrics scheduler closed
2025-07-31 16:59:23,973 INFO  [org.apa.kaf.com.met.Metrics] (Thread-606) Closing reporter org.apache.kafka.common.metrics.JmxReporter
2025-07-31 16:59:23,973 INFO  [org.apa.kaf.com.met.Metrics] (Thread-606) Closing reporter org.apache.kafka.common.telemetry.internals.ClientTelemetryReporter
2025-07-31 16:59:23,973 INFO  [org.apa.kaf.com.met.Metrics] (Thread-606) Metrics reporters closed
2025-07-31 16:59:23,973 INFO  [org.apa.kaf.com.uti.AppInfoParser] (Thread-606) App info kafka.producer for Producer-se27c4dc7x8327x40b8x8f27xf5b181705b41 unregistered
2025-07-31 16:59:23,974 INFO  [io.api.tes.uti.TestSeparator] (main) io.apicurio.tests.serdes.apicurio.AvroSerdeIT.testWrongSchema-FINISHED
2025-07-31 16:59:23,974 INFO  [io.api.tes.uti.TestSeparator] (main) ############################################################################
Test passed: testWrongSchema
]]></system-out>
    <system-err><![CDATA[io.apicurio.registry.rest.client.models.ProblemDetails
	at io.apicurio.registry.rest.client.models.ProblemDetails.createFromDiscriminatorValue(ProblemDetails.java:58)
	at io.kiota.serialization.json.JsonParseNode.getObjectValue(JsonParseNode.java:247)
	at io.kiota.http.vertx.VertXRequestAdapter.lambda$throwIfFailedResponse$0(VertXRequestAdapter.java:400)
	at com.microsoft.kiota.ApiExceptionBuilder.<init>(ApiExceptionBuilder.java:26)
	at io.kiota.http.vertx.VertXRequestAdapter.throwIfFailedResponse(VertXRequestAdapter.java:399)
	at io.kiota.http.vertx.VertXRequestAdapter.send(VertXRequestAdapter.java:170)
	at io.apicurio.registry.rest.client.groups.item.artifacts.item.versions.item.WithVersionExpressionItemRequestBuilder.get(WithVersionExpressionItemRequestBuilder.java:128)
	at io.apicurio.registry.rest.client.groups.item.artifacts.item.versions.item.WithVersionExpressionItemRequestBuilder.get(WithVersionExpressionItemRequestBuilder.java:111)
	at io.apicurio.registry.resolver.client.RegistryClientFacadeImpl.getVersionCoordinatesByGAV(RegistryClientFacadeImpl.java:153)
	at io.apicurio.registry.resolver.DefaultSchemaResolver.resolveByCoordinates(DefaultSchemaResolver.java:352)
	at io.apicurio.registry.resolver.DefaultSchemaResolver.lambda$resolveSchemaByArtifactReferenceCached$6(DefaultSchemaResolver.java:340)
	at io.apicurio.registry.resolver.cache.ERCache.lambda$getValue$0(ERCache.java:174)
	at io.apicurio.registry.resolver.cache.ERCache.retry(ERCache.java:227)
	at io.apicurio.registry.resolver.cache.ERCache.getValue(ERCache.java:173)
	at io.apicurio.registry.resolver.cache.ERCache.getByArtifactCoordinates(ERCache.java:158)
	at io.apicurio.registry.resolver.DefaultSchemaResolver.resolveSchemaByArtifactReferenceCached(DefaultSchemaResolver.java:338)
	at io.apicurio.registry.resolver.DefaultSchemaResolver.resolveSchemaByCoordinates(DefaultSchemaResolver.java:193)
	at io.apicurio.registry.resolver.DefaultSchemaResolver.getSchemaFromRegistry(DefaultSchemaResolver.java:130)
	at io.apicurio.registry.resolver.DefaultSchemaResolver.lambda$resolveSchema$0(DefaultSchemaResolver.java:84)
	at java.base/java.util.Optional.orElseGet(Optional.java:364)
	at io.apicurio.registry.resolver.DefaultSchemaResolver.resolveSchema(DefaultSchemaResolver.java:84)
	at io.apicurio.registry.serde.AbstractSerializer.serializeData(AbstractSerializer.java:62)
	at io.apicurio.registry.serde.KafkaSerializer.serialize(KafkaSerializer.java:77)
	at org.apache.kafka.clients.producer.KafkaProducer.doSend(KafkaProducer.java:1046)
	at org.apache.kafka.clients.producer.KafkaProducer.send(KafkaProducer.java:993)
	at org.apache.kafka.clients.producer.KafkaProducer.send(KafkaProducer.java:875)
	at io.apicurio.tests.serdes.apicurio.KafkaSerdesTester.lambda$produceMessages$3(KafkaSerdesTester.java:138)
	at java.base/java.util.concurrent.CompletableFuture$AsyncSupply.run(CompletableFuture.java:1768)
	at java.base/java.lang.Thread.run(Thread.java:840)
]]></system-err>
  </testcase>
  <testcase name="testAvroJSON" classname="io.apicurio.tests.serdes.apicurio.AvroSerdeIT" time="0.993">
    <system-out><![CDATA[2025-07-31 16:59:23,978 INFO  [io.api.tes.uti.TestSeparator] (main) ############################################################################
2025-07-31 16:59:23,978 INFO  [io.api.tes.uti.TestSeparator] (main) io.apicurio.tests.serdes.apicurio.AvroSerdeIT.testAvroJSON-STARTED
**** Registry Base URL: http://registry-app-inmemory.apps.ci419.apicurio-testing.org:80
2025-07-31 16:59:23,984 INFO  [org.apa.kaf.cli.pro.ProducerConfig] (main) ProducerConfig values: 
	acks = -1
	auto.include.jmx.reporter = true
	batch.size = 16384
	bootstrap.servers = [PLAINTEXT://localhost:32770]
	buffer.memory = 33554432
	client.dns.lookup = use_all_dns_ips
	client.id = Producer-topic-a0f5a947_e7c5_407a_ab79_84f97e730808
	compression.gzip.level = -1
	compression.lz4.level = 9
	compression.type = none
	compression.zstd.level = 3
	connections.max.idle.ms = 10000
	delivery.timeout.ms = 120000
	enable.idempotence = true
	enable.metrics.push = true
	interceptor.classes = []
	key.serializer = class org.apache.kafka.common.serialization.StringSerializer
	linger.ms = 0
	max.block.ms = 60000
	max.in.flight.requests.per.connection = 5
	max.request.size = 1048576
	metadata.max.age.ms = 300000
	metadata.max.idle.ms = 300000
	metadata.recovery.strategy = none
	metric.reporters = []
	metrics.num.samples = 2
	metrics.recording.level = INFO
	metrics.sample.window.ms = 30000
	partitioner.adaptive.partitioning.enable = true
	partitioner.availability.timeout.ms = 0
	partitioner.class = null
	partitioner.ignore.keys = false
	receive.buffer.bytes = 32768
	reconnect.backoff.max.ms = 1000
	reconnect.backoff.ms = 50
	request.timeout.ms = 5000
	retries = 2147483647
	retry.backoff.max.ms = 1000
	retry.backoff.ms = 100
	sasl.client.callback.handler.class = null
	sasl.jaas.config = null
	sasl.kerberos.kinit.cmd = /usr/bin/kinit
	sasl.kerberos.min.time.before.relogin = 60000
	sasl.kerberos.service.name = null
	sasl.kerberos.ticket.renew.jitter = 0.05
	sasl.kerberos.ticket.renew.window.factor = 0.8
	sasl.login.callback.handler.class = null
	sasl.login.class = null
	sasl.login.connect.timeout.ms = null
	sasl.login.read.timeout.ms = null
	sasl.login.refresh.buffer.seconds = 300
	sasl.login.refresh.min.period.seconds = 60
	sasl.login.refresh.window.factor = 0.8
	sasl.login.refresh.window.jitter = 0.05
	sasl.login.retry.backoff.max.ms = 10000
	sasl.login.retry.backoff.ms = 100
	sasl.mechanism = GSSAPI
	sasl.oauthbearer.clock.skew.seconds = 30
	sasl.oauthbearer.expected.audience = null
	sasl.oauthbearer.expected.issuer = null
	sasl.oauthbearer.header.urlencode = false
	sasl.oauthbearer.jwks.endpoint.refresh.ms = 3600000
	sasl.oauthbearer.jwks.endpoint.retry.backoff.max.ms = 10000
	sasl.oauthbearer.jwks.endpoint.retry.backoff.ms = 100
	sasl.oauthbearer.jwks.endpoint.url = null
	sasl.oauthbearer.scope.claim.name = scope
	sasl.oauthbearer.sub.claim.name = sub
	sasl.oauthbearer.token.endpoint.url = null
	security.protocol = PLAINTEXT
	security.providers = null
	send.buffer.bytes = 131072
	socket.connection.setup.timeout.max.ms = 30000
	socket.connection.setup.timeout.ms = 10000
	ssl.cipher.suites = null
	ssl.enabled.protocols = [TLSv1.2, TLSv1.3]
	ssl.endpoint.identification.algorithm = https
	ssl.engine.factory.class = null
	ssl.key.password = null
	ssl.keymanager.algorithm = SunX509
	ssl.keystore.certificate.chain = null
	ssl.keystore.key = null
	ssl.keystore.location = null
	ssl.keystore.password = null
	ssl.keystore.type = JKS
	ssl.protocol = TLSv1.3
	ssl.provider = null
	ssl.secure.random.implementation = null
	ssl.trustmanager.algorithm = PKIX
	ssl.truststore.certificates = null
	ssl.truststore.location = null
	ssl.truststore.password = null
	ssl.truststore.type = JKS
	transaction.timeout.ms = 60000
	transactional.id = null
	value.serializer = class io.apicurio.registry.serde.avro.AvroKafkaSerializer

2025-07-31 16:59:23,984 INFO  [org.apa.kaf.com.tel.int.KafkaMetricsCollector] (main) initializing Kafka metrics collector
2025-07-31 16:59:23,999 INFO  [org.apa.kaf.cli.pro.KafkaProducer] (main) [Producer clientId=Producer-topic-a0f5a947_e7c5_407a_ab79_84f97e730808] Instantiated an idempotent producer.
2025-07-31 16:59:24,008 INFO  [org.apa.kaf.cli.pro.ProducerConfig] (main) These configurations '[apicurio.registry.avro.encoding, apicurio.registry.url, apicurio.registry.auto-register, apicurio.registry.artifact-resolver-strategy]' were supplied but are not used yet.
2025-07-31 16:59:24,008 INFO  [org.apa.kaf.com.uti.AppInfoParser] (main) Kafka version: 3.9.1
2025-07-31 16:59:24,008 INFO  [org.apa.kaf.com.uti.AppInfoParser] (main) Kafka commitId: f745dfdcee2b9851
2025-07-31 16:59:24,008 INFO  [org.apa.kaf.com.uti.AppInfoParser] (main) Kafka startTimeMs: 1753981164008
2025-07-31 16:59:24,013 INFO  [io.api.tes.ser.api.SimpleSerdesTesterBuilder$SimpleSerdesTester] (main) Using producer configuration: {apicurio.registry.avro.encoding=JSON, apicurio.registry.url=http://registry-app-inmemory.apps.ci419.apicurio-testing.org:80/apis/registry/v3, apicurio.registry.auto-register=true, apicurio.registry.artifact-resolver-strategy=io.apicurio.registry.serde.strategy.TopicIdStrategy, value.serializer=io.apicurio.registry.serde.avro.AvroKafkaSerializer, request.timeout.ms=5000, acks=all, bootstrap.servers=PLAINTEXT://localhost:32770, connections.max.idle.ms=10000, key.serializer=org.apache.kafka.common.serialization.StringSerializer, client.id=Producer-topic-a0f5a947_e7c5_407a_ab79_84f97e730808}
2025-07-31 16:59:24,013 INFO  [io.api.tes.ser.api.SimpleSerdesTesterBuilder$SimpleSerdesTester] (main) Using consumer configuration: {apicurio.registry.avro.encoding=JSON}
2025-07-31 16:59:24,022 INFO  [io.api.tes.ser.api.KafkaSerdesTester] (Thread-609) Sending message {"bar": "value-0"} to topic topic-a0f5a947_e7c5_407a_ab79_84f97e730808
2025-07-31 16:59:24,034 WARN  [org.apa.kaf.cli.NetworkClient] (kafka-producer-network-thread | Producer-topic-a0f5a947_e7c5_407a_ab79_84f97e730808) [Producer clientId=Producer-topic-a0f5a947_e7c5_407a_ab79_84f97e730808] The metadata response from the cluster reported a recoverable issue with correlation id 2 : {topic-a0f5a947_e7c5_407a_ab79_84f97e730808=LEADER_NOT_AVAILABLE}
2025-07-31 16:59:24,035 INFO  [org.apa.kaf.cli.Metadata] (kafka-producer-network-thread | Producer-topic-a0f5a947_e7c5_407a_ab79_84f97e730808) [Producer clientId=Producer-topic-a0f5a947_e7c5_407a_ab79_84f97e730808] Cluster ID: JfHT16fFSb-b502x6d9TJg
2025-07-31 16:59:24,039 INFO  [org.apa.kaf.cli.pro.int.TransactionManager] (kafka-producer-network-thread | Producer-topic-a0f5a947_e7c5_407a_ab79_84f97e730808) [Producer clientId=Producer-topic-a0f5a947_e7c5_407a_ab79_84f97e730808] ProducerId set to 3 with epoch 0
2025-07-31 16:59:24,220 INFO  [io.api.tes.ser.api.KafkaSerdesTester] (Thread-609) Sending message {"bar": "value-1"} to topic topic-a0f5a947_e7c5_407a_ab79_84f97e730808
2025-07-31 16:59:24,223 INFO  [io.api.tes.ser.api.KafkaSerdesTester] (Thread-609) Sending message {"bar": "value-2"} to topic topic-a0f5a947_e7c5_407a_ab79_84f97e730808
2025-07-31 16:59:24,226 INFO  [io.api.tes.ser.api.KafkaSerdesTester] (Thread-609) Sending message {"bar": "value-3"} to topic topic-a0f5a947_e7c5_407a_ab79_84f97e730808
2025-07-31 16:59:24,228 INFO  [io.api.tes.ser.api.KafkaSerdesTester] (Thread-609) Sending message {"bar": "value-4"} to topic topic-a0f5a947_e7c5_407a_ab79_84f97e730808
2025-07-31 16:59:24,230 INFO  [io.api.tes.ser.api.KafkaSerdesTester] (Thread-609) Sending message {"bar": "value-5"} to topic topic-a0f5a947_e7c5_407a_ab79_84f97e730808
2025-07-31 16:59:24,233 INFO  [io.api.tes.ser.api.KafkaSerdesTester] (Thread-609) Sending message {"bar": "value-6"} to topic topic-a0f5a947_e7c5_407a_ab79_84f97e730808
2025-07-31 16:59:24,237 INFO  [io.api.tes.ser.api.KafkaSerdesTester] (Thread-609) Sending message {"bar": "value-7"} to topic topic-a0f5a947_e7c5_407a_ab79_84f97e730808
2025-07-31 16:59:24,240 INFO  [io.api.tes.ser.api.KafkaSerdesTester] (Thread-609) Sending message {"bar": "value-8"} to topic topic-a0f5a947_e7c5_407a_ab79_84f97e730808
2025-07-31 16:59:24,243 INFO  [io.api.tes.ser.api.KafkaSerdesTester] (Thread-609) Sending message {"bar": "value-9"} to topic topic-a0f5a947_e7c5_407a_ab79_84f97e730808
2025-07-31 16:59:24,247 INFO  [io.api.tes.ser.api.KafkaSerdesTester] (Thread-609) Produced 10 messages
2025-07-31 16:59:24,247 INFO  [org.apa.kaf.cli.pro.KafkaProducer] (Thread-609) [Producer clientId=Producer-topic-a0f5a947_e7c5_407a_ab79_84f97e730808] Closing the Kafka producer with timeoutMillis = 9223372036854775807 ms.
2025-07-31 16:59:24,254 INFO  [org.apa.kaf.com.met.Metrics] (Thread-609) Metrics scheduler closed
2025-07-31 16:59:24,254 INFO  [org.apa.kaf.com.met.Metrics] (Thread-609) Closing reporter org.apache.kafka.common.metrics.JmxReporter
2025-07-31 16:59:24,254 INFO  [org.apa.kaf.com.met.Metrics] (Thread-609) Closing reporter org.apache.kafka.common.telemetry.internals.ClientTelemetryReporter
2025-07-31 16:59:24,254 INFO  [org.apa.kaf.com.met.Metrics] (Thread-609) Metrics reporters closed
2025-07-31 16:59:24,255 INFO  [org.apa.kaf.com.uti.AppInfoParser] (Thread-609) App info kafka.producer for Producer-topic-a0f5a947_e7c5_407a_ab79_84f97e730808 unregistered
**** Registry Base URL: http://registry-app-inmemory.apps.ci419.apicurio-testing.org:80
2025-07-31 16:59:24,316 INFO  [org.apa.kaf.cli.con.ConsumerConfig] (main) ConsumerConfig values: 
	allow.auto.create.topics = true
	auto.commit.interval.ms = 500
	auto.include.jmx.reporter = true
	auto.offset.reset = earliest
	bootstrap.servers = [PLAINTEXT://localhost:32770]
	check.crcs = true
	client.dns.lookup = use_all_dns_ips
	client.id = consumer-Consumer-topic-a0f5a947_e7c5_407a_ab79_84f97e730808-3
	client.rack = 
	connections.max.idle.ms = 10000
	default.api.timeout.ms = 60000
	enable.auto.commit = true
	enable.metrics.push = true
	exclude.internal.topics = true
	fetch.max.bytes = 52428800
	fetch.max.wait.ms = 500
	fetch.min.bytes = 1
	group.id = Consumer-topic-a0f5a947_e7c5_407a_ab79_84f97e730808
	group.instance.id = null
	group.protocol = classic
	group.remote.assignor = null
	heartbeat.interval.ms = 3000
	interceptor.classes = []
	internal.leave.group.on.close = true
	internal.throw.on.fetch.stable.offset.unsupported = false
	isolation.level = read_uncommitted
	key.deserializer = class org.apache.kafka.common.serialization.StringDeserializer
	max.partition.fetch.bytes = 1048576
	max.poll.interval.ms = 300000
	max.poll.records = 500
	metadata.max.age.ms = 300000
	metadata.recovery.strategy = none
	metric.reporters = []
	metrics.num.samples = 2
	metrics.recording.level = INFO
	metrics.sample.window.ms = 30000
	partition.assignment.strategy = [class org.apache.kafka.clients.consumer.RangeAssignor, class org.apache.kafka.clients.consumer.CooperativeStickyAssignor]
	receive.buffer.bytes = 65536
	reconnect.backoff.max.ms = 1000
	reconnect.backoff.ms = 50
	request.timeout.ms = 5000
	retry.backoff.max.ms = 1000
	retry.backoff.ms = 100
	sasl.client.callback.handler.class = null
	sasl.jaas.config = null
	sasl.kerberos.kinit.cmd = /usr/bin/kinit
	sasl.kerberos.min.time.before.relogin = 60000
	sasl.kerberos.service.name = null
	sasl.kerberos.ticket.renew.jitter = 0.05
	sasl.kerberos.ticket.renew.window.factor = 0.8
	sasl.login.callback.handler.class = null
	sasl.login.class = null
	sasl.login.connect.timeout.ms = null
	sasl.login.read.timeout.ms = null
	sasl.login.refresh.buffer.seconds = 300
	sasl.login.refresh.min.period.seconds = 60
	sasl.login.refresh.window.factor = 0.8
	sasl.login.refresh.window.jitter = 0.05
	sasl.login.retry.backoff.max.ms = 10000
	sasl.login.retry.backoff.ms = 100
	sasl.mechanism = GSSAPI
	sasl.oauthbearer.clock.skew.seconds = 30
	sasl.oauthbearer.expected.audience = null
	sasl.oauthbearer.expected.issuer = null
	sasl.oauthbearer.header.urlencode = false
	sasl.oauthbearer.jwks.endpoint.refresh.ms = 3600000
	sasl.oauthbearer.jwks.endpoint.retry.backoff.max.ms = 10000
	sasl.oauthbearer.jwks.endpoint.retry.backoff.ms = 100
	sasl.oauthbearer.jwks.endpoint.url = null
	sasl.oauthbearer.scope.claim.name = scope
	sasl.oauthbearer.sub.claim.name = sub
	sasl.oauthbearer.token.endpoint.url = null
	security.protocol = PLAINTEXT
	security.providers = null
	send.buffer.bytes = 131072
	session.timeout.ms = 45000
	socket.connection.setup.timeout.max.ms = 30000
	socket.connection.setup.timeout.ms = 10000
	ssl.cipher.suites = null
	ssl.enabled.protocols = [TLSv1.2, TLSv1.3]
	ssl.endpoint.identification.algorithm = https
	ssl.engine.factory.class = null
	ssl.key.password = null
	ssl.keymanager.algorithm = SunX509
	ssl.keystore.certificate.chain = null
	ssl.keystore.key = null
	ssl.keystore.location = null
	ssl.keystore.password = null
	ssl.keystore.type = JKS
	ssl.protocol = TLSv1.3
	ssl.provider = null
	ssl.secure.random.implementation = null
	ssl.trustmanager.algorithm = PKIX
	ssl.truststore.certificates = null
	ssl.truststore.location = null
	ssl.truststore.password = null
	ssl.truststore.type = JKS
	value.deserializer = class io.apicurio.registry.serde.avro.AvroKafkaDeserializer

2025-07-31 16:59:24,316 INFO  [org.apa.kaf.com.tel.int.KafkaMetricsCollector] (main) initializing Kafka metrics collector
2025-07-31 16:59:24,324 INFO  [org.apa.kaf.cli.con.ConsumerConfig] (main) These configurations '[apicurio.registry.avro.encoding, apicurio.registry.url]' were supplied but are not used yet.
2025-07-31 16:59:24,324 INFO  [org.apa.kaf.com.uti.AppInfoParser] (main) Kafka version: 3.9.1
2025-07-31 16:59:24,324 INFO  [org.apa.kaf.com.uti.AppInfoParser] (main) Kafka commitId: f745dfdcee2b9851
2025-07-31 16:59:24,324 INFO  [org.apa.kaf.com.uti.AppInfoParser] (main) Kafka startTimeMs: 1753981164324
2025-07-31 16:59:24,326 INFO  [org.apa.kaf.cli.con.int.ClassicKafkaConsumer] (Thread-612) [Consumer clientId=consumer-Consumer-topic-a0f5a947_e7c5_407a_ab79_84f97e730808-3, groupId=Consumer-topic-a0f5a947_e7c5_407a_ab79_84f97e730808] Subscribed to topic(s): topic-a0f5a947_e7c5_407a_ab79_84f97e730808
2025-07-31 16:59:24,338 INFO  [org.apa.kaf.cli.Metadata] (Thread-612) [Consumer clientId=consumer-Consumer-topic-a0f5a947_e7c5_407a_ab79_84f97e730808-3, groupId=Consumer-topic-a0f5a947_e7c5_407a_ab79_84f97e730808] Cluster ID: JfHT16fFSb-b502x6d9TJg
2025-07-31 16:59:24,338 INFO  [org.apa.kaf.cli.con.int.ConsumerCoordinator] (Thread-612) [Consumer clientId=consumer-Consumer-topic-a0f5a947_e7c5_407a_ab79_84f97e730808-3, groupId=Consumer-topic-a0f5a947_e7c5_407a_ab79_84f97e730808] Discovered group coordinator localhost:32770 (id: 2147483647 rack: null)
2025-07-31 16:59:24,344 INFO  [org.apa.kaf.cli.con.int.ConsumerCoordinator] (Thread-612) [Consumer clientId=consumer-Consumer-topic-a0f5a947_e7c5_407a_ab79_84f97e730808-3, groupId=Consumer-topic-a0f5a947_e7c5_407a_ab79_84f97e730808] (Re-)joining group
2025-07-31 16:59:24,352 INFO  [org.apa.kaf.cli.con.int.ConsumerCoordinator] (Thread-612) [Consumer clientId=consumer-Consumer-topic-a0f5a947_e7c5_407a_ab79_84f97e730808-3, groupId=Consumer-topic-a0f5a947_e7c5_407a_ab79_84f97e730808] Request joining group due to: need to re-join with the given member-id: consumer-Consumer-topic-a0f5a947_e7c5_407a_ab79_84f97e730808-3-da8c38db-0174-4622-bdc6-2195feb41766
2025-07-31 16:59:24,352 INFO  [org.apa.kaf.cli.con.int.ConsumerCoordinator] (Thread-612) [Consumer clientId=consumer-Consumer-topic-a0f5a947_e7c5_407a_ab79_84f97e730808-3, groupId=Consumer-topic-a0f5a947_e7c5_407a_ab79_84f97e730808] (Re-)joining group
2025-07-31 16:59:24,357 INFO  [org.apa.kaf.cli.con.int.ConsumerCoordinator] (Thread-612) [Consumer clientId=consumer-Consumer-topic-a0f5a947_e7c5_407a_ab79_84f97e730808-3, groupId=Consumer-topic-a0f5a947_e7c5_407a_ab79_84f97e730808] Successfully joined group with generation Generation{generationId=1, memberId='consumer-Consumer-topic-a0f5a947_e7c5_407a_ab79_84f97e730808-3-da8c38db-0174-4622-bdc6-2195feb41766', protocol='range'}
2025-07-31 16:59:24,357 INFO  [org.apa.kaf.cli.con.int.ConsumerCoordinator] (Thread-612) [Consumer clientId=consumer-Consumer-topic-a0f5a947_e7c5_407a_ab79_84f97e730808-3, groupId=Consumer-topic-a0f5a947_e7c5_407a_ab79_84f97e730808] Finished assignment for group at generation 1: {consumer-Consumer-topic-a0f5a947_e7c5_407a_ab79_84f97e730808-3-da8c38db-0174-4622-bdc6-2195feb41766=Assignment(partitions=[topic-a0f5a947_e7c5_407a_ab79_84f97e730808-0])}
2025-07-31 16:59:24,360 INFO  [org.apa.kaf.cli.con.int.ConsumerCoordinator] (Thread-612) [Consumer clientId=consumer-Consumer-topic-a0f5a947_e7c5_407a_ab79_84f97e730808-3, groupId=Consumer-topic-a0f5a947_e7c5_407a_ab79_84f97e730808] Successfully synced group in generation Generation{generationId=1, memberId='consumer-Consumer-topic-a0f5a947_e7c5_407a_ab79_84f97e730808-3-da8c38db-0174-4622-bdc6-2195feb41766', protocol='range'}
2025-07-31 16:59:24,360 INFO  [org.apa.kaf.cli.con.int.ConsumerCoordinator] (Thread-612) [Consumer clientId=consumer-Consumer-topic-a0f5a947_e7c5_407a_ab79_84f97e730808-3, groupId=Consumer-topic-a0f5a947_e7c5_407a_ab79_84f97e730808] Notifying assignor about the new Assignment(partitions=[topic-a0f5a947_e7c5_407a_ab79_84f97e730808-0])
2025-07-31 16:59:24,361 INFO  [org.apa.kaf.cli.con.int.ConsumerRebalanceListenerInvoker] (Thread-612) [Consumer clientId=consumer-Consumer-topic-a0f5a947_e7c5_407a_ab79_84f97e730808-3, groupId=Consumer-topic-a0f5a947_e7c5_407a_ab79_84f97e730808] Adding newly assigned partitions: topic-a0f5a947_e7c5_407a_ab79_84f97e730808-0
2025-07-31 16:59:24,362 INFO  [org.apa.kaf.cli.con.int.ConsumerCoordinator] (Thread-612) [Consumer clientId=consumer-Consumer-topic-a0f5a947_e7c5_407a_ab79_84f97e730808-3, groupId=Consumer-topic-a0f5a947_e7c5_407a_ab79_84f97e730808] Found no committed offset for partition topic-a0f5a947_e7c5_407a_ab79_84f97e730808-0
2025-07-31 16:59:24,368 INFO  [org.apa.kaf.cli.con.int.SubscriptionState] (Thread-612) [Consumer clientId=consumer-Consumer-topic-a0f5a947_e7c5_407a_ab79_84f97e730808-3, groupId=Consumer-topic-a0f5a947_e7c5_407a_ab79_84f97e730808] Resetting offset for partition topic-a0f5a947_e7c5_407a_ab79_84f97e730808-0 to position FetchPosition{offset=0, offsetEpoch=Optional.empty, currentLeader=LeaderAndEpoch{leader=Optional[localhost:32770 (id: 0 rack: null)], epoch=0}}.
2025-07-31 16:59:24,461 INFO  [io.api.tes.ser.api.KafkaSerdesTester] (Thread-612) topic-a0f5a947_e7c5_407a_ab79_84f97e730808 0 0 {"bar": "value-0"}
2025-07-31 16:59:24,461 INFO  [io.api.tes.ser.api.KafkaSerdesTester] (Thread-612) topic-a0f5a947_e7c5_407a_ab79_84f97e730808 0 1 {"bar": "value-1"}
2025-07-31 16:59:24,461 INFO  [io.api.tes.ser.api.KafkaSerdesTester] (Thread-612) topic-a0f5a947_e7c5_407a_ab79_84f97e730808 0 2 {"bar": "value-2"}
2025-07-31 16:59:24,461 INFO  [io.api.tes.ser.api.KafkaSerdesTester] (Thread-612) topic-a0f5a947_e7c5_407a_ab79_84f97e730808 0 3 {"bar": "value-3"}
2025-07-31 16:59:24,461 INFO  [io.api.tes.ser.api.KafkaSerdesTester] (Thread-612) topic-a0f5a947_e7c5_407a_ab79_84f97e730808 0 4 {"bar": "value-4"}
2025-07-31 16:59:24,462 INFO  [io.api.tes.ser.api.KafkaSerdesTester] (Thread-612) topic-a0f5a947_e7c5_407a_ab79_84f97e730808 0 5 {"bar": "value-5"}
2025-07-31 16:59:24,462 INFO  [io.api.tes.ser.api.KafkaSerdesTester] (Thread-612) topic-a0f5a947_e7c5_407a_ab79_84f97e730808 0 6 {"bar": "value-6"}
2025-07-31 16:59:24,462 INFO  [io.api.tes.ser.api.KafkaSerdesTester] (Thread-612) topic-a0f5a947_e7c5_407a_ab79_84f97e730808 0 7 {"bar": "value-7"}
2025-07-31 16:59:24,462 INFO  [io.api.tes.ser.api.KafkaSerdesTester] (Thread-612) topic-a0f5a947_e7c5_407a_ab79_84f97e730808 0 8 {"bar": "value-8"}
2025-07-31 16:59:24,462 INFO  [io.api.tes.ser.api.KafkaSerdesTester] (Thread-612) topic-a0f5a947_e7c5_407a_ab79_84f97e730808 0 9 {"bar": "value-9"}
2025-07-31 16:59:24,462 INFO  [io.api.tes.ser.api.KafkaSerdesTester] (Thread-612) Consumed 10 messages
2025-07-31 16:59:24,466 INFO  [org.apa.kaf.cli.con.int.ConsumerRebalanceListenerInvoker] (Thread-612) [Consumer clientId=consumer-Consumer-topic-a0f5a947_e7c5_407a_ab79_84f97e730808-3, groupId=Consumer-topic-a0f5a947_e7c5_407a_ab79_84f97e730808] Revoke previously assigned partitions topic-a0f5a947_e7c5_407a_ab79_84f97e730808-0
2025-07-31 16:59:24,466 INFO  [org.apa.kaf.cli.con.int.ConsumerCoordinator] (Thread-612) [Consumer clientId=consumer-Consumer-topic-a0f5a947_e7c5_407a_ab79_84f97e730808-3, groupId=Consumer-topic-a0f5a947_e7c5_407a_ab79_84f97e730808] Member consumer-Consumer-topic-a0f5a947_e7c5_407a_ab79_84f97e730808-3-da8c38db-0174-4622-bdc6-2195feb41766 sending LeaveGroup request to coordinator localhost:32770 (id: 2147483647 rack: null) due to the consumer is being closed
2025-07-31 16:59:24,466 INFO  [org.apa.kaf.cli.con.int.ConsumerCoordinator] (Thread-612) [Consumer clientId=consumer-Consumer-topic-a0f5a947_e7c5_407a_ab79_84f97e730808-3, groupId=Consumer-topic-a0f5a947_e7c5_407a_ab79_84f97e730808] Resetting generation and member id due to: consumer pro-actively leaving the group
2025-07-31 16:59:24,466 INFO  [org.apa.kaf.cli.con.int.ConsumerCoordinator] (Thread-612) [Consumer clientId=consumer-Consumer-topic-a0f5a947_e7c5_407a_ab79_84f97e730808-3, groupId=Consumer-topic-a0f5a947_e7c5_407a_ab79_84f97e730808] Request joining group due to: consumer pro-actively leaving the group
2025-07-31 16:59:24,964 INFO  [org.apa.kaf.com.met.Metrics] (Thread-612) Metrics scheduler closed
2025-07-31 16:59:24,964 INFO  [org.apa.kaf.com.met.Metrics] (Thread-612) Closing reporter org.apache.kafka.common.metrics.JmxReporter
2025-07-31 16:59:24,964 INFO  [org.apa.kaf.com.met.Metrics] (Thread-612) Closing reporter org.apache.kafka.common.telemetry.internals.ClientTelemetryReporter
2025-07-31 16:59:24,964 INFO  [org.apa.kaf.com.met.Metrics] (Thread-612) Metrics reporters closed
2025-07-31 16:59:24,969 INFO  [org.apa.kaf.com.uti.AppInfoParser] (Thread-612) App info kafka.consumer for consumer-Consumer-topic-a0f5a947_e7c5_407a_ab79_84f97e730808-3 unregistered
2025-07-31 16:59:24,969 INFO  [io.api.tes.uti.TestSeparator] (main) io.apicurio.tests.serdes.apicurio.AvroSerdeIT.testAvroJSON-FINISHED
2025-07-31 16:59:24,969 INFO  [io.api.tes.uti.TestSeparator] (main) ############################################################################
Test passed: testAvroJSON
]]></system-out>
  </testcase>
  <testcase name="testTopicIdStrategyAutoRegister" classname="io.apicurio.tests.serdes.apicurio.AvroSerdeIT" time="1.005">
    <system-out><![CDATA[2025-07-31 16:59:24,971 INFO  [io.api.tes.uti.TestSeparator] (main) ############################################################################
2025-07-31 16:59:24,971 INFO  [io.api.tes.uti.TestSeparator] (main) io.apicurio.tests.serdes.apicurio.AvroSerdeIT.testTopicIdStrategyAutoRegister-STARTED
**** Registry Base URL: http://registry-app-inmemory.apps.ci419.apicurio-testing.org:80
2025-07-31 16:59:24,976 INFO  [org.apa.kaf.cli.pro.ProducerConfig] (main) ProducerConfig values: 
	acks = -1
	auto.include.jmx.reporter = true
	batch.size = 16384
	bootstrap.servers = [PLAINTEXT://localhost:32770]
	buffer.memory = 33554432
	client.dns.lookup = use_all_dns_ips
	client.id = Producer-topic-b3309234_8247_4ef2_8e16_75d79ff80333
	compression.gzip.level = -1
	compression.lz4.level = 9
	compression.type = none
	compression.zstd.level = 3
	connections.max.idle.ms = 10000
	delivery.timeout.ms = 120000
	enable.idempotence = true
	enable.metrics.push = true
	interceptor.classes = []
	key.serializer = class org.apache.kafka.common.serialization.StringSerializer
	linger.ms = 0
	max.block.ms = 60000
	max.in.flight.requests.per.connection = 5
	max.request.size = 1048576
	metadata.max.age.ms = 300000
	metadata.max.idle.ms = 300000
	metadata.recovery.strategy = none
	metric.reporters = []
	metrics.num.samples = 2
	metrics.recording.level = INFO
	metrics.sample.window.ms = 30000
	partitioner.adaptive.partitioning.enable = true
	partitioner.availability.timeout.ms = 0
	partitioner.class = null
	partitioner.ignore.keys = false
	receive.buffer.bytes = 32768
	reconnect.backoff.max.ms = 1000
	reconnect.backoff.ms = 50
	request.timeout.ms = 5000
	retries = 2147483647
	retry.backoff.max.ms = 1000
	retry.backoff.ms = 100
	sasl.client.callback.handler.class = null
	sasl.jaas.config = null
	sasl.kerberos.kinit.cmd = /usr/bin/kinit
	sasl.kerberos.min.time.before.relogin = 60000
	sasl.kerberos.service.name = null
	sasl.kerberos.ticket.renew.jitter = 0.05
	sasl.kerberos.ticket.renew.window.factor = 0.8
	sasl.login.callback.handler.class = null
	sasl.login.class = null
	sasl.login.connect.timeout.ms = null
	sasl.login.read.timeout.ms = null
	sasl.login.refresh.buffer.seconds = 300
	sasl.login.refresh.min.period.seconds = 60
	sasl.login.refresh.window.factor = 0.8
	sasl.login.refresh.window.jitter = 0.05
	sasl.login.retry.backoff.max.ms = 10000
	sasl.login.retry.backoff.ms = 100
	sasl.mechanism = GSSAPI
	sasl.oauthbearer.clock.skew.seconds = 30
	sasl.oauthbearer.expected.audience = null
	sasl.oauthbearer.expected.issuer = null
	sasl.oauthbearer.header.urlencode = false
	sasl.oauthbearer.jwks.endpoint.refresh.ms = 3600000
	sasl.oauthbearer.jwks.endpoint.retry.backoff.max.ms = 10000
	sasl.oauthbearer.jwks.endpoint.retry.backoff.ms = 100
	sasl.oauthbearer.jwks.endpoint.url = null
	sasl.oauthbearer.scope.claim.name = scope
	sasl.oauthbearer.sub.claim.name = sub
	sasl.oauthbearer.token.endpoint.url = null
	security.protocol = PLAINTEXT
	security.providers = null
	send.buffer.bytes = 131072
	socket.connection.setup.timeout.max.ms = 30000
	socket.connection.setup.timeout.ms = 10000
	ssl.cipher.suites = null
	ssl.enabled.protocols = [TLSv1.2, TLSv1.3]
	ssl.endpoint.identification.algorithm = https
	ssl.engine.factory.class = null
	ssl.key.password = null
	ssl.keymanager.algorithm = SunX509
	ssl.keystore.certificate.chain = null
	ssl.keystore.key = null
	ssl.keystore.location = null
	ssl.keystore.password = null
	ssl.keystore.type = JKS
	ssl.protocol = TLSv1.3
	ssl.provider = null
	ssl.secure.random.implementation = null
	ssl.trustmanager.algorithm = PKIX
	ssl.truststore.certificates = null
	ssl.truststore.location = null
	ssl.truststore.password = null
	ssl.truststore.type = JKS
	transaction.timeout.ms = 60000
	transactional.id = null
	value.serializer = class io.apicurio.registry.serde.avro.AvroKafkaSerializer

2025-07-31 16:59:24,976 INFO  [org.apa.kaf.com.tel.int.KafkaMetricsCollector] (main) initializing Kafka metrics collector
2025-07-31 16:59:24,986 INFO  [org.apa.kaf.cli.pro.KafkaProducer] (main) [Producer clientId=Producer-topic-b3309234_8247_4ef2_8e16_75d79ff80333] Instantiated an idempotent producer.
2025-07-31 16:59:24,992 INFO  [org.apa.kaf.cli.pro.ProducerConfig] (main) These configurations '[apicurio.registry.url, apicurio.registry.auto-register, apicurio.registry.artifact-resolver-strategy]' were supplied but are not used yet.
2025-07-31 16:59:24,992 INFO  [org.apa.kaf.com.uti.AppInfoParser] (main) Kafka version: 3.9.1
2025-07-31 16:59:24,992 INFO  [org.apa.kaf.com.uti.AppInfoParser] (main) Kafka commitId: f745dfdcee2b9851
2025-07-31 16:59:24,992 INFO  [org.apa.kaf.com.uti.AppInfoParser] (main) Kafka startTimeMs: 1753981164992
2025-07-31 16:59:24,992 INFO  [io.api.tes.ser.api.SimpleSerdesTesterBuilder$SimpleSerdesTester] (main) Using producer configuration: {apicurio.registry.url=http://registry-app-inmemory.apps.ci419.apicurio-testing.org:80/apis/registry/v3, apicurio.registry.auto-register=true, apicurio.registry.artifact-resolver-strategy=io.apicurio.registry.serde.strategy.TopicIdStrategy, value.serializer=io.apicurio.registry.serde.avro.AvroKafkaSerializer, request.timeout.ms=5000, acks=all, bootstrap.servers=PLAINTEXT://localhost:32770, connections.max.idle.ms=10000, key.serializer=org.apache.kafka.common.serialization.StringSerializer, client.id=Producer-topic-b3309234_8247_4ef2_8e16_75d79ff80333}
2025-07-31 16:59:24,992 INFO  [io.api.tes.ser.api.SimpleSerdesTesterBuilder$SimpleSerdesTester] (main) Using consumer configuration: {}
2025-07-31 16:59:24,996 INFO  [io.api.tes.ser.api.KafkaSerdesTester] (Thread-615) Sending message {"key11753981164971": "value-0"} to topic topic-b3309234_8247_4ef2_8e16_75d79ff80333
2025-07-31 16:59:25,008 WARN  [org.apa.kaf.cli.NetworkClient] (kafka-producer-network-thread | Producer-topic-b3309234_8247_4ef2_8e16_75d79ff80333) [Producer clientId=Producer-topic-b3309234_8247_4ef2_8e16_75d79ff80333] The metadata response from the cluster reported a recoverable issue with correlation id 2 : {topic-b3309234_8247_4ef2_8e16_75d79ff80333=LEADER_NOT_AVAILABLE}
2025-07-31 16:59:25,008 INFO  [org.apa.kaf.cli.Metadata] (kafka-producer-network-thread | Producer-topic-b3309234_8247_4ef2_8e16_75d79ff80333) [Producer clientId=Producer-topic-b3309234_8247_4ef2_8e16_75d79ff80333] Cluster ID: JfHT16fFSb-b502x6d9TJg
2025-07-31 16:59:25,009 INFO  [org.apa.kaf.cli.pro.int.TransactionManager] (kafka-producer-network-thread | Producer-topic-b3309234_8247_4ef2_8e16_75d79ff80333) [Producer clientId=Producer-topic-b3309234_8247_4ef2_8e16_75d79ff80333] ProducerId set to 4 with epoch 0
2025-07-31 16:59:25,184 INFO  [io.api.tes.ser.api.KafkaSerdesTester] (Thread-615) Sending message {"key11753981164971": "value-1"} to topic topic-b3309234_8247_4ef2_8e16_75d79ff80333
2025-07-31 16:59:25,186 INFO  [io.api.tes.ser.api.KafkaSerdesTester] (Thread-615) Sending message {"key11753981164971": "value-2"} to topic topic-b3309234_8247_4ef2_8e16_75d79ff80333
2025-07-31 16:59:25,192 INFO  [io.api.tes.ser.api.KafkaSerdesTester] (Thread-615) Sending message {"key11753981164971": "value-3"} to topic topic-b3309234_8247_4ef2_8e16_75d79ff80333
2025-07-31 16:59:25,196 INFO  [io.api.tes.ser.api.KafkaSerdesTester] (Thread-615) Sending message {"key11753981164971": "value-4"} to topic topic-b3309234_8247_4ef2_8e16_75d79ff80333
2025-07-31 16:59:25,198 INFO  [io.api.tes.ser.api.KafkaSerdesTester] (Thread-615) Sending message {"key11753981164971": "value-5"} to topic topic-b3309234_8247_4ef2_8e16_75d79ff80333
2025-07-31 16:59:25,201 INFO  [io.api.tes.ser.api.KafkaSerdesTester] (Thread-615) Sending message {"key11753981164971": "value-6"} to topic topic-b3309234_8247_4ef2_8e16_75d79ff80333
2025-07-31 16:59:25,204 INFO  [io.api.tes.ser.api.KafkaSerdesTester] (Thread-615) Sending message {"key11753981164971": "value-7"} to topic topic-b3309234_8247_4ef2_8e16_75d79ff80333
2025-07-31 16:59:25,206 INFO  [io.api.tes.ser.api.KafkaSerdesTester] (Thread-615) Sending message {"key11753981164971": "value-8"} to topic topic-b3309234_8247_4ef2_8e16_75d79ff80333
2025-07-31 16:59:25,209 INFO  [io.api.tes.ser.api.KafkaSerdesTester] (Thread-615) Sending message {"key11753981164971": "value-9"} to topic topic-b3309234_8247_4ef2_8e16_75d79ff80333
2025-07-31 16:59:25,211 INFO  [io.api.tes.ser.api.KafkaSerdesTester] (Thread-615) Produced 10 messages
2025-07-31 16:59:25,211 INFO  [org.apa.kaf.cli.pro.KafkaProducer] (Thread-615) [Producer clientId=Producer-topic-b3309234_8247_4ef2_8e16_75d79ff80333] Closing the Kafka producer with timeoutMillis = 9223372036854775807 ms.
2025-07-31 16:59:25,218 INFO  [org.apa.kaf.com.met.Metrics] (Thread-615) Metrics scheduler closed
2025-07-31 16:59:25,218 INFO  [org.apa.kaf.com.met.Metrics] (Thread-615) Closing reporter org.apache.kafka.common.metrics.JmxReporter
2025-07-31 16:59:25,218 INFO  [org.apa.kaf.com.met.Metrics] (Thread-615) Closing reporter org.apache.kafka.common.telemetry.internals.ClientTelemetryReporter
2025-07-31 16:59:25,218 INFO  [org.apa.kaf.com.met.Metrics] (Thread-615) Metrics reporters closed
2025-07-31 16:59:25,218 INFO  [org.apa.kaf.com.uti.AppInfoParser] (Thread-615) App info kafka.producer for Producer-topic-b3309234_8247_4ef2_8e16_75d79ff80333 unregistered
**** Registry Base URL: http://registry-app-inmemory.apps.ci419.apicurio-testing.org:80
2025-07-31 16:59:25,274 INFO  [org.apa.kaf.cli.con.ConsumerConfig] (main) ConsumerConfig values: 
	allow.auto.create.topics = true
	auto.commit.interval.ms = 500
	auto.include.jmx.reporter = true
	auto.offset.reset = earliest
	bootstrap.servers = [PLAINTEXT://localhost:32770]
	check.crcs = true
	client.dns.lookup = use_all_dns_ips
	client.id = consumer-Consumer-topic-b3309234_8247_4ef2_8e16_75d79ff80333-4
	client.rack = 
	connections.max.idle.ms = 10000
	default.api.timeout.ms = 60000
	enable.auto.commit = true
	enable.metrics.push = true
	exclude.internal.topics = true
	fetch.max.bytes = 52428800
	fetch.max.wait.ms = 500
	fetch.min.bytes = 1
	group.id = Consumer-topic-b3309234_8247_4ef2_8e16_75d79ff80333
	group.instance.id = null
	group.protocol = classic
	group.remote.assignor = null
	heartbeat.interval.ms = 3000
	interceptor.classes = []
	internal.leave.group.on.close = true
	internal.throw.on.fetch.stable.offset.unsupported = false
	isolation.level = read_uncommitted
	key.deserializer = class org.apache.kafka.common.serialization.StringDeserializer
	max.partition.fetch.bytes = 1048576
	max.poll.interval.ms = 300000
	max.poll.records = 500
	metadata.max.age.ms = 300000
	metadata.recovery.strategy = none
	metric.reporters = []
	metrics.num.samples = 2
	metrics.recording.level = INFO
	metrics.sample.window.ms = 30000
	partition.assignment.strategy = [class org.apache.kafka.clients.consumer.RangeAssignor, class org.apache.kafka.clients.consumer.CooperativeStickyAssignor]
	receive.buffer.bytes = 65536
	reconnect.backoff.max.ms = 1000
	reconnect.backoff.ms = 50
	request.timeout.ms = 5000
	retry.backoff.max.ms = 1000
	retry.backoff.ms = 100
	sasl.client.callback.handler.class = null
	sasl.jaas.config = null
	sasl.kerberos.kinit.cmd = /usr/bin/kinit
	sasl.kerberos.min.time.before.relogin = 60000
	sasl.kerberos.service.name = null
	sasl.kerberos.ticket.renew.jitter = 0.05
	sasl.kerberos.ticket.renew.window.factor = 0.8
	sasl.login.callback.handler.class = null
	sasl.login.class = null
	sasl.login.connect.timeout.ms = null
	sasl.login.read.timeout.ms = null
	sasl.login.refresh.buffer.seconds = 300
	sasl.login.refresh.min.period.seconds = 60
	sasl.login.refresh.window.factor = 0.8
	sasl.login.refresh.window.jitter = 0.05
	sasl.login.retry.backoff.max.ms = 10000
	sasl.login.retry.backoff.ms = 100
	sasl.mechanism = GSSAPI
	sasl.oauthbearer.clock.skew.seconds = 30
	sasl.oauthbearer.expected.audience = null
	sasl.oauthbearer.expected.issuer = null
	sasl.oauthbearer.header.urlencode = false
	sasl.oauthbearer.jwks.endpoint.refresh.ms = 3600000
	sasl.oauthbearer.jwks.endpoint.retry.backoff.max.ms = 10000
	sasl.oauthbearer.jwks.endpoint.retry.backoff.ms = 100
	sasl.oauthbearer.jwks.endpoint.url = null
	sasl.oauthbearer.scope.claim.name = scope
	sasl.oauthbearer.sub.claim.name = sub
	sasl.oauthbearer.token.endpoint.url = null
	security.protocol = PLAINTEXT
	security.providers = null
	send.buffer.bytes = 131072
	session.timeout.ms = 45000
	socket.connection.setup.timeout.max.ms = 30000
	socket.connection.setup.timeout.ms = 10000
	ssl.cipher.suites = null
	ssl.enabled.protocols = [TLSv1.2, TLSv1.3]
	ssl.endpoint.identification.algorithm = https
	ssl.engine.factory.class = null
	ssl.key.password = null
	ssl.keymanager.algorithm = SunX509
	ssl.keystore.certificate.chain = null
	ssl.keystore.key = null
	ssl.keystore.location = null
	ssl.keystore.password = null
	ssl.keystore.type = JKS
	ssl.protocol = TLSv1.3
	ssl.provider = null
	ssl.secure.random.implementation = null
	ssl.trustmanager.algorithm = PKIX
	ssl.truststore.certificates = null
	ssl.truststore.location = null
	ssl.truststore.password = null
	ssl.truststore.type = JKS
	value.deserializer = class io.apicurio.registry.serde.avro.AvroKafkaDeserializer

2025-07-31 16:59:25,274 INFO  [org.apa.kaf.com.tel.int.KafkaMetricsCollector] (main) initializing Kafka metrics collector
2025-07-31 16:59:25,281 INFO  [org.apa.kaf.cli.con.ConsumerConfig] (main) These configurations '[apicurio.registry.url]' were supplied but are not used yet.
2025-07-31 16:59:25,281 INFO  [org.apa.kaf.com.uti.AppInfoParser] (main) Kafka version: 3.9.1
2025-07-31 16:59:25,281 INFO  [org.apa.kaf.com.uti.AppInfoParser] (main) Kafka commitId: f745dfdcee2b9851
2025-07-31 16:59:25,281 INFO  [org.apa.kaf.com.uti.AppInfoParser] (main) Kafka startTimeMs: 1753981165281
2025-07-31 16:59:25,282 INFO  [org.apa.kaf.cli.con.int.ClassicKafkaConsumer] (Thread-618) [Consumer clientId=consumer-Consumer-topic-b3309234_8247_4ef2_8e16_75d79ff80333-4, groupId=Consumer-topic-b3309234_8247_4ef2_8e16_75d79ff80333] Subscribed to topic(s): topic-b3309234_8247_4ef2_8e16_75d79ff80333
2025-07-31 16:59:25,288 INFO  [org.apa.kaf.cli.Metadata] (Thread-618) [Consumer clientId=consumer-Consumer-topic-b3309234_8247_4ef2_8e16_75d79ff80333-4, groupId=Consumer-topic-b3309234_8247_4ef2_8e16_75d79ff80333] Cluster ID: JfHT16fFSb-b502x6d9TJg
2025-07-31 16:59:25,291 INFO  [org.apa.kaf.cli.con.int.ConsumerCoordinator] (Thread-618) [Consumer clientId=consumer-Consumer-topic-b3309234_8247_4ef2_8e16_75d79ff80333-4, groupId=Consumer-topic-b3309234_8247_4ef2_8e16_75d79ff80333] Discovered group coordinator localhost:32770 (id: 2147483647 rack: null)
2025-07-31 16:59:25,295 INFO  [org.apa.kaf.cli.con.int.ConsumerCoordinator] (Thread-618) [Consumer clientId=consumer-Consumer-topic-b3309234_8247_4ef2_8e16_75d79ff80333-4, groupId=Consumer-topic-b3309234_8247_4ef2_8e16_75d79ff80333] (Re-)joining group
2025-07-31 16:59:25,306 INFO  [org.apa.kaf.cli.con.int.ConsumerCoordinator] (Thread-618) [Consumer clientId=consumer-Consumer-topic-b3309234_8247_4ef2_8e16_75d79ff80333-4, groupId=Consumer-topic-b3309234_8247_4ef2_8e16_75d79ff80333] Request joining group due to: need to re-join with the given member-id: consumer-Consumer-topic-b3309234_8247_4ef2_8e16_75d79ff80333-4-007499a7-940d-4b2f-8197-440f9bafaa43
2025-07-31 16:59:25,306 INFO  [org.apa.kaf.cli.con.int.ConsumerCoordinator] (Thread-618) [Consumer clientId=consumer-Consumer-topic-b3309234_8247_4ef2_8e16_75d79ff80333-4, groupId=Consumer-topic-b3309234_8247_4ef2_8e16_75d79ff80333] (Re-)joining group
2025-07-31 16:59:25,311 INFO  [org.apa.kaf.cli.con.int.ConsumerCoordinator] (Thread-618) [Consumer clientId=consumer-Consumer-topic-b3309234_8247_4ef2_8e16_75d79ff80333-4, groupId=Consumer-topic-b3309234_8247_4ef2_8e16_75d79ff80333] Successfully joined group with generation Generation{generationId=1, memberId='consumer-Consumer-topic-b3309234_8247_4ef2_8e16_75d79ff80333-4-007499a7-940d-4b2f-8197-440f9bafaa43', protocol='range'}
2025-07-31 16:59:25,312 INFO  [org.apa.kaf.cli.con.int.ConsumerCoordinator] (Thread-618) [Consumer clientId=consumer-Consumer-topic-b3309234_8247_4ef2_8e16_75d79ff80333-4, groupId=Consumer-topic-b3309234_8247_4ef2_8e16_75d79ff80333] Finished assignment for group at generation 1: {consumer-Consumer-topic-b3309234_8247_4ef2_8e16_75d79ff80333-4-007499a7-940d-4b2f-8197-440f9bafaa43=Assignment(partitions=[topic-b3309234_8247_4ef2_8e16_75d79ff80333-0])}
2025-07-31 16:59:25,317 INFO  [org.apa.kaf.cli.con.int.ConsumerCoordinator] (kafka-coordinator-heartbeat-thread | Consumer-topic-b3309234_8247_4ef2_8e16_75d79ff80333) [Consumer clientId=consumer-Consumer-topic-b3309234_8247_4ef2_8e16_75d79ff80333-4, groupId=Consumer-topic-b3309234_8247_4ef2_8e16_75d79ff80333] Successfully synced group in generation Generation{generationId=1, memberId='consumer-Consumer-topic-b3309234_8247_4ef2_8e16_75d79ff80333-4-007499a7-940d-4b2f-8197-440f9bafaa43', protocol='range'}
2025-07-31 16:59:25,317 INFO  [org.apa.kaf.cli.con.int.ConsumerCoordinator] (Thread-618) [Consumer clientId=consumer-Consumer-topic-b3309234_8247_4ef2_8e16_75d79ff80333-4, groupId=Consumer-topic-b3309234_8247_4ef2_8e16_75d79ff80333] Notifying assignor about the new Assignment(partitions=[topic-b3309234_8247_4ef2_8e16_75d79ff80333-0])
2025-07-31 16:59:25,317 INFO  [org.apa.kaf.cli.con.int.ConsumerRebalanceListenerInvoker] (Thread-618) [Consumer clientId=consumer-Consumer-topic-b3309234_8247_4ef2_8e16_75d79ff80333-4, groupId=Consumer-topic-b3309234_8247_4ef2_8e16_75d79ff80333] Adding newly assigned partitions: topic-b3309234_8247_4ef2_8e16_75d79ff80333-0
2025-07-31 16:59:25,318 INFO  [org.apa.kaf.cli.con.int.ConsumerCoordinator] (Thread-618) [Consumer clientId=consumer-Consumer-topic-b3309234_8247_4ef2_8e16_75d79ff80333-4, groupId=Consumer-topic-b3309234_8247_4ef2_8e16_75d79ff80333] Found no committed offset for partition topic-b3309234_8247_4ef2_8e16_75d79ff80333-0
2025-07-31 16:59:25,323 INFO  [org.apa.kaf.cli.con.int.SubscriptionState] (Thread-618) [Consumer clientId=consumer-Consumer-topic-b3309234_8247_4ef2_8e16_75d79ff80333-4, groupId=Consumer-topic-b3309234_8247_4ef2_8e16_75d79ff80333] Resetting offset for partition topic-b3309234_8247_4ef2_8e16_75d79ff80333-0 to position FetchPosition{offset=0, offsetEpoch=Optional.empty, currentLeader=LeaderAndEpoch{leader=Optional[localhost:32770 (id: 0 rack: null)], epoch=0}}.
2025-07-31 16:59:25,407 INFO  [io.api.tes.ser.api.KafkaSerdesTester] (Thread-618) topic-b3309234_8247_4ef2_8e16_75d79ff80333 0 0 {"key11753981164971": "value-0"}
2025-07-31 16:59:25,407 INFO  [io.api.tes.ser.api.KafkaSerdesTester] (Thread-618) topic-b3309234_8247_4ef2_8e16_75d79ff80333 0 1 {"key11753981164971": "value-1"}
2025-07-31 16:59:25,407 INFO  [io.api.tes.ser.api.KafkaSerdesTester] (Thread-618) topic-b3309234_8247_4ef2_8e16_75d79ff80333 0 2 {"key11753981164971": "value-2"}
2025-07-31 16:59:25,408 INFO  [io.api.tes.ser.api.KafkaSerdesTester] (Thread-618) topic-b3309234_8247_4ef2_8e16_75d79ff80333 0 3 {"key11753981164971": "value-3"}
2025-07-31 16:59:25,409 INFO  [io.api.tes.ser.api.KafkaSerdesTester] (Thread-618) topic-b3309234_8247_4ef2_8e16_75d79ff80333 0 4 {"key11753981164971": "value-4"}
2025-07-31 16:59:25,409 INFO  [io.api.tes.ser.api.KafkaSerdesTester] (Thread-618) topic-b3309234_8247_4ef2_8e16_75d79ff80333 0 5 {"key11753981164971": "value-5"}
2025-07-31 16:59:25,409 INFO  [io.api.tes.ser.api.KafkaSerdesTester] (Thread-618) topic-b3309234_8247_4ef2_8e16_75d79ff80333 0 6 {"key11753981164971": "value-6"}
2025-07-31 16:59:25,409 INFO  [io.api.tes.ser.api.KafkaSerdesTester] (Thread-618) topic-b3309234_8247_4ef2_8e16_75d79ff80333 0 7 {"key11753981164971": "value-7"}
2025-07-31 16:59:25,409 INFO  [io.api.tes.ser.api.KafkaSerdesTester] (Thread-618) topic-b3309234_8247_4ef2_8e16_75d79ff80333 0 8 {"key11753981164971": "value-8"}
2025-07-31 16:59:25,409 INFO  [io.api.tes.ser.api.KafkaSerdesTester] (Thread-618) topic-b3309234_8247_4ef2_8e16_75d79ff80333 0 9 {"key11753981164971": "value-9"}
2025-07-31 16:59:25,409 INFO  [io.api.tes.ser.api.KafkaSerdesTester] (Thread-618) Consumed 10 messages
2025-07-31 16:59:25,413 INFO  [org.apa.kaf.cli.con.int.ConsumerRebalanceListenerInvoker] (Thread-618) [Consumer clientId=consumer-Consumer-topic-b3309234_8247_4ef2_8e16_75d79ff80333-4, groupId=Consumer-topic-b3309234_8247_4ef2_8e16_75d79ff80333] Revoke previously assigned partitions topic-b3309234_8247_4ef2_8e16_75d79ff80333-0
2025-07-31 16:59:25,413 INFO  [org.apa.kaf.cli.con.int.ConsumerCoordinator] (Thread-618) [Consumer clientId=consumer-Consumer-topic-b3309234_8247_4ef2_8e16_75d79ff80333-4, groupId=Consumer-topic-b3309234_8247_4ef2_8e16_75d79ff80333] Member consumer-Consumer-topic-b3309234_8247_4ef2_8e16_75d79ff80333-4-007499a7-940d-4b2f-8197-440f9bafaa43 sending LeaveGroup request to coordinator localhost:32770 (id: 2147483647 rack: null) due to the consumer is being closed
2025-07-31 16:59:25,413 INFO  [org.apa.kaf.cli.con.int.ConsumerCoordinator] (Thread-618) [Consumer clientId=consumer-Consumer-topic-b3309234_8247_4ef2_8e16_75d79ff80333-4, groupId=Consumer-topic-b3309234_8247_4ef2_8e16_75d79ff80333] Resetting generation and member id due to: consumer pro-actively leaving the group
2025-07-31 16:59:25,413 INFO  [org.apa.kaf.cli.con.int.ConsumerCoordinator] (Thread-618) [Consumer clientId=consumer-Consumer-topic-b3309234_8247_4ef2_8e16_75d79ff80333-4, groupId=Consumer-topic-b3309234_8247_4ef2_8e16_75d79ff80333] Request joining group due to: consumer pro-actively leaving the group
2025-07-31 16:59:25,915 INFO  [org.apa.kaf.com.met.Metrics] (Thread-618) Metrics scheduler closed
2025-07-31 16:59:25,915 INFO  [org.apa.kaf.com.met.Metrics] (Thread-618) Closing reporter org.apache.kafka.common.metrics.JmxReporter
2025-07-31 16:59:25,915 INFO  [org.apa.kaf.com.met.Metrics] (Thread-618) Closing reporter org.apache.kafka.common.telemetry.internals.ClientTelemetryReporter
2025-07-31 16:59:25,915 INFO  [org.apa.kaf.com.met.Metrics] (Thread-618) Metrics reporters closed
2025-07-31 16:59:25,920 INFO  [org.apa.kaf.com.uti.AppInfoParser] (Thread-618) App info kafka.consumer for consumer-Consumer-topic-b3309234_8247_4ef2_8e16_75d79ff80333-4 unregistered
2025-07-31 16:59:25,975 INFO  [io.api.tes.uti.TestSeparator] (main) io.apicurio.tests.serdes.apicurio.AvroSerdeIT.testTopicIdStrategyAutoRegister-FINISHED
2025-07-31 16:59:25,975 INFO  [io.api.tes.uti.TestSeparator] (main) ############################################################################
Test passed: testTopicIdStrategyAutoRegister
]]></system-out>
  </testcase>
  <testcase name="testRecordIdStrategydFindLatest" classname="io.apicurio.tests.serdes.apicurio.AvroSerdeIT" time="1.869">
    <system-out><![CDATA[2025-07-31 16:59:25,976 INFO  [io.api.tes.uti.TestSeparator] (main) ############################################################################
2025-07-31 16:59:25,976 INFO  [io.api.tes.uti.TestSeparator] (main) io.apicurio.tests.serdes.apicurio.AvroSerdeIT.testRecordIdStrategydFindLatest-STARTED
2025-07-31 16:59:25,977 INFO  [io.api.tes.ser.api.AvroSerdeIT] (main) Registering Avro Schema: {"type":"record","name":"s20059b0exa9c5x41c1x8c57x406aa311ce5a","namespace":"sddf0b887x5d3dx4c7fx86b6x80c209ef1304","fields":[{"name":"key11753981165977","type":"string"}]}
**** Registry Base URL: http://registry-app-inmemory.apps.ci419.apicurio-testing.org:80
2025-07-31 16:59:27,045 INFO  [org.apa.kaf.cli.pro.ProducerConfig] (main) ProducerConfig values: 
	acks = -1
	auto.include.jmx.reporter = true
	batch.size = 16384
	bootstrap.servers = [PLAINTEXT://localhost:32770]
	buffer.memory = 33554432
	client.dns.lookup = use_all_dns_ips
	client.id = Producer-topic-8f918ab2_7333_405a_a08a_c34e2a4254e8
	compression.gzip.level = -1
	compression.lz4.level = 9
	compression.type = none
	compression.zstd.level = 3
	connections.max.idle.ms = 10000
	delivery.timeout.ms = 120000
	enable.idempotence = true
	enable.metrics.push = true
	interceptor.classes = []
	key.serializer = class org.apache.kafka.common.serialization.StringSerializer
	linger.ms = 0
	max.block.ms = 60000
	max.in.flight.requests.per.connection = 5
	max.request.size = 1048576
	metadata.max.age.ms = 300000
	metadata.max.idle.ms = 300000
	metadata.recovery.strategy = none
	metric.reporters = []
	metrics.num.samples = 2
	metrics.recording.level = INFO
	metrics.sample.window.ms = 30000
	partitioner.adaptive.partitioning.enable = true
	partitioner.availability.timeout.ms = 0
	partitioner.class = null
	partitioner.ignore.keys = false
	receive.buffer.bytes = 32768
	reconnect.backoff.max.ms = 1000
	reconnect.backoff.ms = 50
	request.timeout.ms = 5000
	retries = 2147483647
	retry.backoff.max.ms = 1000
	retry.backoff.ms = 100
	sasl.client.callback.handler.class = null
	sasl.jaas.config = null
	sasl.kerberos.kinit.cmd = /usr/bin/kinit
	sasl.kerberos.min.time.before.relogin = 60000
	sasl.kerberos.service.name = null
	sasl.kerberos.ticket.renew.jitter = 0.05
	sasl.kerberos.ticket.renew.window.factor = 0.8
	sasl.login.callback.handler.class = null
	sasl.login.class = null
	sasl.login.connect.timeout.ms = null
	sasl.login.read.timeout.ms = null
	sasl.login.refresh.buffer.seconds = 300
	sasl.login.refresh.min.period.seconds = 60
	sasl.login.refresh.window.factor = 0.8
	sasl.login.refresh.window.jitter = 0.05
	sasl.login.retry.backoff.max.ms = 10000
	sasl.login.retry.backoff.ms = 100
	sasl.mechanism = GSSAPI
	sasl.oauthbearer.clock.skew.seconds = 30
	sasl.oauthbearer.expected.audience = null
	sasl.oauthbearer.expected.issuer = null
	sasl.oauthbearer.header.urlencode = false
	sasl.oauthbearer.jwks.endpoint.refresh.ms = 3600000
	sasl.oauthbearer.jwks.endpoint.retry.backoff.max.ms = 10000
	sasl.oauthbearer.jwks.endpoint.retry.backoff.ms = 100
	sasl.oauthbearer.jwks.endpoint.url = null
	sasl.oauthbearer.scope.claim.name = scope
	sasl.oauthbearer.sub.claim.name = sub
	sasl.oauthbearer.token.endpoint.url = null
	security.protocol = PLAINTEXT
	security.providers = null
	send.buffer.bytes = 131072
	socket.connection.setup.timeout.max.ms = 30000
	socket.connection.setup.timeout.ms = 10000
	ssl.cipher.suites = null
	ssl.enabled.protocols = [TLSv1.2, TLSv1.3]
	ssl.endpoint.identification.algorithm = https
	ssl.engine.factory.class = null
	ssl.key.password = null
	ssl.keymanager.algorithm = SunX509
	ssl.keystore.certificate.chain = null
	ssl.keystore.key = null
	ssl.keystore.location = null
	ssl.keystore.password = null
	ssl.keystore.type = JKS
	ssl.protocol = TLSv1.3
	ssl.provider = null
	ssl.secure.random.implementation = null
	ssl.trustmanager.algorithm = PKIX
	ssl.truststore.certificates = null
	ssl.truststore.location = null
	ssl.truststore.password = null
	ssl.truststore.type = JKS
	transaction.timeout.ms = 60000
	transactional.id = null
	value.serializer = class io.apicurio.registry.serde.avro.AvroKafkaSerializer

2025-07-31 16:59:27,046 INFO  [org.apa.kaf.com.tel.int.KafkaMetricsCollector] (main) initializing Kafka metrics collector
2025-07-31 16:59:27,049 INFO  [org.apa.kaf.cli.pro.KafkaProducer] (main) [Producer clientId=Producer-topic-8f918ab2_7333_405a_a08a_c34e2a4254e8] Instantiated an idempotent producer.
2025-07-31 16:59:27,051 INFO  [org.apa.kaf.cli.pro.ProducerConfig] (main) These configurations '[apicurio.registry.find-latest, apicurio.registry.url, apicurio.registry.artifact-resolver-strategy]' were supplied but are not used yet.
2025-07-31 16:59:27,051 INFO  [org.apa.kaf.com.uti.AppInfoParser] (main) Kafka version: 3.9.1
2025-07-31 16:59:27,052 INFO  [org.apa.kaf.com.uti.AppInfoParser] (main) Kafka commitId: f745dfdcee2b9851
2025-07-31 16:59:27,052 INFO  [org.apa.kaf.com.uti.AppInfoParser] (main) Kafka startTimeMs: 1753981167051
2025-07-31 16:59:27,052 INFO  [io.api.tes.ser.api.SimpleSerdesTesterBuilder$SimpleSerdesTester] (main) Using producer configuration: {apicurio.registry.find-latest=true, apicurio.registry.url=http://registry-app-inmemory.apps.ci419.apicurio-testing.org:80/apis/registry/v3, apicurio.registry.artifact-resolver-strategy=io.apicurio.registry.serde.avro.strategy.RecordIdStrategy, value.serializer=io.apicurio.registry.serde.avro.AvroKafkaSerializer, request.timeout.ms=5000, acks=all, bootstrap.servers=PLAINTEXT://localhost:32770, connections.max.idle.ms=10000, key.serializer=org.apache.kafka.common.serialization.StringSerializer, client.id=Producer-topic-8f918ab2_7333_405a_a08a_c34e2a4254e8}
2025-07-31 16:59:27,053 INFO  [io.api.tes.ser.api.SimpleSerdesTesterBuilder$SimpleSerdesTester] (main) Using consumer configuration: {}
2025-07-31 16:59:27,053 INFO  [io.api.tes.ser.api.KafkaSerdesTester] (Thread-621) Sending message {"key11753981165977": "value-0"} to topic topic-8f918ab2_7333_405a_a08a_c34e2a4254e8
2025-07-31 16:59:27,059 INFO  [org.apa.kaf.cli.Metadata] (kafka-producer-network-thread | Producer-topic-8f918ab2_7333_405a_a08a_c34e2a4254e8) [Producer clientId=Producer-topic-8f918ab2_7333_405a_a08a_c34e2a4254e8] Cluster ID: JfHT16fFSb-b502x6d9TJg
2025-07-31 16:59:27,060 INFO  [org.apa.kaf.cli.pro.int.TransactionManager] (kafka-producer-network-thread | Producer-topic-8f918ab2_7333_405a_a08a_c34e2a4254e8) [Producer clientId=Producer-topic-8f918ab2_7333_405a_a08a_c34e2a4254e8] ProducerId set to 5 with epoch 0
2025-07-31 16:59:27,169 INFO  [io.api.tes.ser.api.KafkaSerdesTester] (Thread-621) Sending message {"key11753981165977": "value-1"} to topic topic-8f918ab2_7333_405a_a08a_c34e2a4254e8
2025-07-31 16:59:27,171 INFO  [io.api.tes.ser.api.KafkaSerdesTester] (Thread-621) Sending message {"key11753981165977": "value-2"} to topic topic-8f918ab2_7333_405a_a08a_c34e2a4254e8
2025-07-31 16:59:27,173 INFO  [io.api.tes.ser.api.KafkaSerdesTester] (Thread-621) Sending message {"key11753981165977": "value-3"} to topic topic-8f918ab2_7333_405a_a08a_c34e2a4254e8
2025-07-31 16:59:27,175 INFO  [io.api.tes.ser.api.KafkaSerdesTester] (Thread-621) Sending message {"key11753981165977": "value-4"} to topic topic-8f918ab2_7333_405a_a08a_c34e2a4254e8
2025-07-31 16:59:27,178 INFO  [io.api.tes.ser.api.KafkaSerdesTester] (Thread-621) Sending message {"key11753981165977": "value-5"} to topic topic-8f918ab2_7333_405a_a08a_c34e2a4254e8
2025-07-31 16:59:27,179 INFO  [io.api.tes.ser.api.KafkaSerdesTester] (Thread-621) Sending message {"key11753981165977": "value-6"} to topic topic-8f918ab2_7333_405a_a08a_c34e2a4254e8
2025-07-31 16:59:27,182 INFO  [io.api.tes.ser.api.KafkaSerdesTester] (Thread-621) Sending message {"key11753981165977": "value-7"} to topic topic-8f918ab2_7333_405a_a08a_c34e2a4254e8
2025-07-31 16:59:27,185 INFO  [io.api.tes.ser.api.KafkaSerdesTester] (Thread-621) Sending message {"key11753981165977": "value-8"} to topic topic-8f918ab2_7333_405a_a08a_c34e2a4254e8
2025-07-31 16:59:27,187 INFO  [io.api.tes.ser.api.KafkaSerdesTester] (Thread-621) Sending message {"key11753981165977": "value-9"} to topic topic-8f918ab2_7333_405a_a08a_c34e2a4254e8
2025-07-31 16:59:27,190 INFO  [io.api.tes.ser.api.KafkaSerdesTester] (Thread-621) Produced 10 messages
2025-07-31 16:59:27,190 INFO  [org.apa.kaf.cli.pro.KafkaProducer] (Thread-621) [Producer clientId=Producer-topic-8f918ab2_7333_405a_a08a_c34e2a4254e8] Closing the Kafka producer with timeoutMillis = 9223372036854775807 ms.
2025-07-31 16:59:27,192 INFO  [org.apa.kaf.com.met.Metrics] (Thread-621) Metrics scheduler closed
2025-07-31 16:59:27,192 INFO  [org.apa.kaf.com.met.Metrics] (Thread-621) Closing reporter org.apache.kafka.common.metrics.JmxReporter
2025-07-31 16:59:27,192 INFO  [org.apa.kaf.com.met.Metrics] (Thread-621) Closing reporter org.apache.kafka.common.telemetry.internals.ClientTelemetryReporter
2025-07-31 16:59:27,192 INFO  [org.apa.kaf.com.met.Metrics] (Thread-621) Metrics reporters closed
2025-07-31 16:59:27,192 INFO  [org.apa.kaf.com.uti.AppInfoParser] (Thread-621) App info kafka.producer for Producer-topic-8f918ab2_7333_405a_a08a_c34e2a4254e8 unregistered
**** Registry Base URL: http://registry-app-inmemory.apps.ci419.apicurio-testing.org:80
2025-07-31 16:59:27,193 INFO  [org.apa.kaf.cli.con.ConsumerConfig] (main) ConsumerConfig values: 
	allow.auto.create.topics = true
	auto.commit.interval.ms = 500
	auto.include.jmx.reporter = true
	auto.offset.reset = earliest
	bootstrap.servers = [PLAINTEXT://localhost:32770]
	check.crcs = true
	client.dns.lookup = use_all_dns_ips
	client.id = consumer-Consumer-topic-8f918ab2_7333_405a_a08a_c34e2a4254e8-5
	client.rack = 
	connections.max.idle.ms = 10000
	default.api.timeout.ms = 60000
	enable.auto.commit = true
	enable.metrics.push = true
	exclude.internal.topics = true
	fetch.max.bytes = 52428800
	fetch.max.wait.ms = 500
	fetch.min.bytes = 1
	group.id = Consumer-topic-8f918ab2_7333_405a_a08a_c34e2a4254e8
	group.instance.id = null
	group.protocol = classic
	group.remote.assignor = null
	heartbeat.interval.ms = 3000
	interceptor.classes = []
	internal.leave.group.on.close = true
	internal.throw.on.fetch.stable.offset.unsupported = false
	isolation.level = read_uncommitted
	key.deserializer = class org.apache.kafka.common.serialization.StringDeserializer
	max.partition.fetch.bytes = 1048576
	max.poll.interval.ms = 300000
	max.poll.records = 500
	metadata.max.age.ms = 300000
	metadata.recovery.strategy = none
	metric.reporters = []
	metrics.num.samples = 2
	metrics.recording.level = INFO
	metrics.sample.window.ms = 30000
	partition.assignment.strategy = [class org.apache.kafka.clients.consumer.RangeAssignor, class org.apache.kafka.clients.consumer.CooperativeStickyAssignor]
	receive.buffer.bytes = 65536
	reconnect.backoff.max.ms = 1000
	reconnect.backoff.ms = 50
	request.timeout.ms = 5000
	retry.backoff.max.ms = 1000
	retry.backoff.ms = 100
	sasl.client.callback.handler.class = null
	sasl.jaas.config = null
	sasl.kerberos.kinit.cmd = /usr/bin/kinit
	sasl.kerberos.min.time.before.relogin = 60000
	sasl.kerberos.service.name = null
	sasl.kerberos.ticket.renew.jitter = 0.05
	sasl.kerberos.ticket.renew.window.factor = 0.8
	sasl.login.callback.handler.class = null
	sasl.login.class = null
	sasl.login.connect.timeout.ms = null
	sasl.login.read.timeout.ms = null
	sasl.login.refresh.buffer.seconds = 300
	sasl.login.refresh.min.period.seconds = 60
	sasl.login.refresh.window.factor = 0.8
	sasl.login.refresh.window.jitter = 0.05
	sasl.login.retry.backoff.max.ms = 10000
	sasl.login.retry.backoff.ms = 100
	sasl.mechanism = GSSAPI
	sasl.oauthbearer.clock.skew.seconds = 30
	sasl.oauthbearer.expected.audience = null
	sasl.oauthbearer.expected.issuer = null
	sasl.oauthbearer.header.urlencode = false
	sasl.oauthbearer.jwks.endpoint.refresh.ms = 3600000
	sasl.oauthbearer.jwks.endpoint.retry.backoff.max.ms = 10000
	sasl.oauthbearer.jwks.endpoint.retry.backoff.ms = 100
	sasl.oauthbearer.jwks.endpoint.url = null
	sasl.oauthbearer.scope.claim.name = scope
	sasl.oauthbearer.sub.claim.name = sub
	sasl.oauthbearer.token.endpoint.url = null
	security.protocol = PLAINTEXT
	security.providers = null
	send.buffer.bytes = 131072
	session.timeout.ms = 45000
	socket.connection.setup.timeout.max.ms = 30000
	socket.connection.setup.timeout.ms = 10000
	ssl.cipher.suites = null
	ssl.enabled.protocols = [TLSv1.2, TLSv1.3]
	ssl.endpoint.identification.algorithm = https
	ssl.engine.factory.class = null
	ssl.key.password = null
	ssl.keymanager.algorithm = SunX509
	ssl.keystore.certificate.chain = null
	ssl.keystore.key = null
	ssl.keystore.location = null
	ssl.keystore.password = null
	ssl.keystore.type = JKS
	ssl.protocol = TLSv1.3
	ssl.provider = null
	ssl.secure.random.implementation = null
	ssl.trustmanager.algorithm = PKIX
	ssl.truststore.certificates = null
	ssl.truststore.location = null
	ssl.truststore.password = null
	ssl.truststore.type = JKS
	value.deserializer = class io.apicurio.registry.serde.avro.AvroKafkaDeserializer

2025-07-31 16:59:27,193 INFO  [org.apa.kaf.com.tel.int.KafkaMetricsCollector] (main) initializing Kafka metrics collector
2025-07-31 16:59:27,205 INFO  [org.apa.kaf.cli.con.ConsumerConfig] (main) These configurations '[apicurio.registry.url]' were supplied but are not used yet.
2025-07-31 16:59:27,205 INFO  [org.apa.kaf.com.uti.AppInfoParser] (main) Kafka version: 3.9.1
2025-07-31 16:59:27,205 INFO  [org.apa.kaf.com.uti.AppInfoParser] (main) Kafka commitId: f745dfdcee2b9851
2025-07-31 16:59:27,205 INFO  [org.apa.kaf.com.uti.AppInfoParser] (main) Kafka startTimeMs: 1753981167205
2025-07-31 16:59:27,207 INFO  [org.apa.kaf.cli.con.int.ClassicKafkaConsumer] (Thread-624) [Consumer clientId=consumer-Consumer-topic-8f918ab2_7333_405a_a08a_c34e2a4254e8-5, groupId=Consumer-topic-8f918ab2_7333_405a_a08a_c34e2a4254e8] Subscribed to topic(s): topic-8f918ab2_7333_405a_a08a_c34e2a4254e8
2025-07-31 16:59:27,219 INFO  [org.apa.kaf.cli.Metadata] (Thread-624) [Consumer clientId=consumer-Consumer-topic-8f918ab2_7333_405a_a08a_c34e2a4254e8-5, groupId=Consumer-topic-8f918ab2_7333_405a_a08a_c34e2a4254e8] Cluster ID: JfHT16fFSb-b502x6d9TJg
2025-07-31 16:59:27,221 INFO  [org.apa.kaf.cli.con.int.ConsumerCoordinator] (Thread-624) [Consumer clientId=consumer-Consumer-topic-8f918ab2_7333_405a_a08a_c34e2a4254e8-5, groupId=Consumer-topic-8f918ab2_7333_405a_a08a_c34e2a4254e8] Discovered group coordinator localhost:32770 (id: 2147483647 rack: null)
2025-07-31 16:59:27,224 INFO  [org.apa.kaf.cli.con.int.ConsumerCoordinator] (Thread-624) [Consumer clientId=consumer-Consumer-topic-8f918ab2_7333_405a_a08a_c34e2a4254e8-5, groupId=Consumer-topic-8f918ab2_7333_405a_a08a_c34e2a4254e8] (Re-)joining group
2025-07-31 16:59:27,229 INFO  [org.apa.kaf.cli.con.int.ConsumerCoordinator] (Thread-624) [Consumer clientId=consumer-Consumer-topic-8f918ab2_7333_405a_a08a_c34e2a4254e8-5, groupId=Consumer-topic-8f918ab2_7333_405a_a08a_c34e2a4254e8] Request joining group due to: need to re-join with the given member-id: consumer-Consumer-topic-8f918ab2_7333_405a_a08a_c34e2a4254e8-5-7dacc52b-6d27-468d-b3da-df17fb9436d1
2025-07-31 16:59:27,230 INFO  [org.apa.kaf.cli.con.int.ConsumerCoordinator] (Thread-624) [Consumer clientId=consumer-Consumer-topic-8f918ab2_7333_405a_a08a_c34e2a4254e8-5, groupId=Consumer-topic-8f918ab2_7333_405a_a08a_c34e2a4254e8] (Re-)joining group
2025-07-31 16:59:27,239 INFO  [org.apa.kaf.cli.con.int.ConsumerCoordinator] (Thread-624) [Consumer clientId=consumer-Consumer-topic-8f918ab2_7333_405a_a08a_c34e2a4254e8-5, groupId=Consumer-topic-8f918ab2_7333_405a_a08a_c34e2a4254e8] Successfully joined group with generation Generation{generationId=1, memberId='consumer-Consumer-topic-8f918ab2_7333_405a_a08a_c34e2a4254e8-5-7dacc52b-6d27-468d-b3da-df17fb9436d1', protocol='range'}
2025-07-31 16:59:27,239 INFO  [org.apa.kaf.cli.con.int.ConsumerCoordinator] (Thread-624) [Consumer clientId=consumer-Consumer-topic-8f918ab2_7333_405a_a08a_c34e2a4254e8-5, groupId=Consumer-topic-8f918ab2_7333_405a_a08a_c34e2a4254e8] Finished assignment for group at generation 1: {consumer-Consumer-topic-8f918ab2_7333_405a_a08a_c34e2a4254e8-5-7dacc52b-6d27-468d-b3da-df17fb9436d1=Assignment(partitions=[topic-8f918ab2_7333_405a_a08a_c34e2a4254e8-0])}
2025-07-31 16:59:27,246 INFO  [org.apa.kaf.cli.con.int.ConsumerCoordinator] (Thread-624) [Consumer clientId=consumer-Consumer-topic-8f918ab2_7333_405a_a08a_c34e2a4254e8-5, groupId=Consumer-topic-8f918ab2_7333_405a_a08a_c34e2a4254e8] Successfully synced group in generation Generation{generationId=1, memberId='consumer-Consumer-topic-8f918ab2_7333_405a_a08a_c34e2a4254e8-5-7dacc52b-6d27-468d-b3da-df17fb9436d1', protocol='range'}
2025-07-31 16:59:27,246 INFO  [org.apa.kaf.cli.con.int.ConsumerCoordinator] (Thread-624) [Consumer clientId=consumer-Consumer-topic-8f918ab2_7333_405a_a08a_c34e2a4254e8-5, groupId=Consumer-topic-8f918ab2_7333_405a_a08a_c34e2a4254e8] Notifying assignor about the new Assignment(partitions=[topic-8f918ab2_7333_405a_a08a_c34e2a4254e8-0])
2025-07-31 16:59:27,246 INFO  [org.apa.kaf.cli.con.int.ConsumerRebalanceListenerInvoker] (Thread-624) [Consumer clientId=consumer-Consumer-topic-8f918ab2_7333_405a_a08a_c34e2a4254e8-5, groupId=Consumer-topic-8f918ab2_7333_405a_a08a_c34e2a4254e8] Adding newly assigned partitions: topic-8f918ab2_7333_405a_a08a_c34e2a4254e8-0
2025-07-31 16:59:27,247 INFO  [org.apa.kaf.cli.con.int.ConsumerCoordinator] (Thread-624) [Consumer clientId=consumer-Consumer-topic-8f918ab2_7333_405a_a08a_c34e2a4254e8-5, groupId=Consumer-topic-8f918ab2_7333_405a_a08a_c34e2a4254e8] Found no committed offset for partition topic-8f918ab2_7333_405a_a08a_c34e2a4254e8-0
2025-07-31 16:59:27,253 INFO  [org.apa.kaf.cli.con.int.SubscriptionState] (Thread-624) [Consumer clientId=consumer-Consumer-topic-8f918ab2_7333_405a_a08a_c34e2a4254e8-5, groupId=Consumer-topic-8f918ab2_7333_405a_a08a_c34e2a4254e8] Resetting offset for partition topic-8f918ab2_7333_405a_a08a_c34e2a4254e8-0 to position FetchPosition{offset=0, offsetEpoch=Optional.empty, currentLeader=LeaderAndEpoch{leader=Optional[localhost:32770 (id: 0 rack: null)], epoch=0}}.
2025-07-31 16:59:27,332 INFO  [io.api.tes.ser.api.KafkaSerdesTester] (Thread-624) topic-8f918ab2_7333_405a_a08a_c34e2a4254e8 0 0 {"key11753981165977": "value-0"}
2025-07-31 16:59:27,332 INFO  [io.api.tes.ser.api.KafkaSerdesTester] (Thread-624) topic-8f918ab2_7333_405a_a08a_c34e2a4254e8 0 1 {"key11753981165977": "value-1"}
2025-07-31 16:59:27,332 INFO  [io.api.tes.ser.api.KafkaSerdesTester] (Thread-624) topic-8f918ab2_7333_405a_a08a_c34e2a4254e8 0 2 {"key11753981165977": "value-2"}
2025-07-31 16:59:27,332 INFO  [io.api.tes.ser.api.KafkaSerdesTester] (Thread-624) topic-8f918ab2_7333_405a_a08a_c34e2a4254e8 0 3 {"key11753981165977": "value-3"}
2025-07-31 16:59:27,333 INFO  [io.api.tes.ser.api.KafkaSerdesTester] (Thread-624) topic-8f918ab2_7333_405a_a08a_c34e2a4254e8 0 4 {"key11753981165977": "value-4"}
2025-07-31 16:59:27,333 INFO  [io.api.tes.ser.api.KafkaSerdesTester] (Thread-624) topic-8f918ab2_7333_405a_a08a_c34e2a4254e8 0 5 {"key11753981165977": "value-5"}
2025-07-31 16:59:27,333 INFO  [io.api.tes.ser.api.KafkaSerdesTester] (Thread-624) topic-8f918ab2_7333_405a_a08a_c34e2a4254e8 0 6 {"key11753981165977": "value-6"}
2025-07-31 16:59:27,333 INFO  [io.api.tes.ser.api.KafkaSerdesTester] (Thread-624) topic-8f918ab2_7333_405a_a08a_c34e2a4254e8 0 7 {"key11753981165977": "value-7"}
2025-07-31 16:59:27,333 INFO  [io.api.tes.ser.api.KafkaSerdesTester] (Thread-624) topic-8f918ab2_7333_405a_a08a_c34e2a4254e8 0 8 {"key11753981165977": "value-8"}
2025-07-31 16:59:27,333 INFO  [io.api.tes.ser.api.KafkaSerdesTester] (Thread-624) topic-8f918ab2_7333_405a_a08a_c34e2a4254e8 0 9 {"key11753981165977": "value-9"}
2025-07-31 16:59:27,333 INFO  [io.api.tes.ser.api.KafkaSerdesTester] (Thread-624) Consumed 10 messages
2025-07-31 16:59:27,338 INFO  [org.apa.kaf.cli.con.int.ConsumerRebalanceListenerInvoker] (Thread-624) [Consumer clientId=consumer-Consumer-topic-8f918ab2_7333_405a_a08a_c34e2a4254e8-5, groupId=Consumer-topic-8f918ab2_7333_405a_a08a_c34e2a4254e8] Revoke previously assigned partitions topic-8f918ab2_7333_405a_a08a_c34e2a4254e8-0
2025-07-31 16:59:27,339 INFO  [org.apa.kaf.cli.con.int.ConsumerCoordinator] (Thread-624) [Consumer clientId=consumer-Consumer-topic-8f918ab2_7333_405a_a08a_c34e2a4254e8-5, groupId=Consumer-topic-8f918ab2_7333_405a_a08a_c34e2a4254e8] Member consumer-Consumer-topic-8f918ab2_7333_405a_a08a_c34e2a4254e8-5-7dacc52b-6d27-468d-b3da-df17fb9436d1 sending LeaveGroup request to coordinator localhost:32770 (id: 2147483647 rack: null) due to the consumer is being closed
2025-07-31 16:59:27,340 INFO  [org.apa.kaf.cli.con.int.ConsumerCoordinator] (Thread-624) [Consumer clientId=consumer-Consumer-topic-8f918ab2_7333_405a_a08a_c34e2a4254e8-5, groupId=Consumer-topic-8f918ab2_7333_405a_a08a_c34e2a4254e8] Resetting generation and member id due to: consumer pro-actively leaving the group
2025-07-31 16:59:27,340 INFO  [org.apa.kaf.cli.con.int.ConsumerCoordinator] (Thread-624) [Consumer clientId=consumer-Consumer-topic-8f918ab2_7333_405a_a08a_c34e2a4254e8-5, groupId=Consumer-topic-8f918ab2_7333_405a_a08a_c34e2a4254e8] Request joining group due to: consumer pro-actively leaving the group
2025-07-31 16:59:27,836 INFO  [org.apa.kaf.com.met.Metrics] (Thread-624) Metrics scheduler closed
2025-07-31 16:59:27,836 INFO  [org.apa.kaf.com.met.Metrics] (Thread-624) Closing reporter org.apache.kafka.common.metrics.JmxReporter
2025-07-31 16:59:27,836 INFO  [org.apa.kaf.com.met.Metrics] (Thread-624) Closing reporter org.apache.kafka.common.telemetry.internals.ClientTelemetryReporter
2025-07-31 16:59:27,836 INFO  [org.apa.kaf.com.met.Metrics] (Thread-624) Metrics reporters closed
2025-07-31 16:59:27,842 INFO  [org.apa.kaf.com.uti.AppInfoParser] (Thread-624) App info kafka.consumer for consumer-Consumer-topic-8f918ab2_7333_405a_a08a_c34e2a4254e8-5 unregistered
2025-07-31 16:59:27,845 INFO  [io.api.tes.uti.TestSeparator] (main) io.apicurio.tests.serdes.apicurio.AvroSerdeIT.testRecordIdStrategydFindLatest-FINISHED
2025-07-31 16:59:27,845 INFO  [io.api.tes.uti.TestSeparator] (main) ############################################################################
Test passed: testRecordIdStrategydFindLatest
]]></system-out>
  </testcase>
  <testcase name="testReflectAutoRegister" classname="io.apicurio.tests.serdes.apicurio.AvroSerdeIT" time="0.97">
    <system-out><![CDATA[2025-07-31 16:59:27,848 INFO  [io.api.tes.uti.TestSeparator] (main) ############################################################################
2025-07-31 16:59:27,848 INFO  [io.api.tes.uti.TestSeparator] (main) io.apicurio.tests.serdes.apicurio.AvroSerdeIT.testReflectAutoRegister-STARTED
**** Registry Base URL: http://registry-app-inmemory.apps.ci419.apicurio-testing.org:80
2025-07-31 16:59:27,854 INFO  [org.apa.kaf.cli.pro.ProducerConfig] (main) ProducerConfig values: 
	acks = -1
	auto.include.jmx.reporter = true
	batch.size = 16384
	bootstrap.servers = [PLAINTEXT://localhost:32770]
	buffer.memory = 33554432
	client.dns.lookup = use_all_dns_ips
	client.id = Producer-topic-5a783821_a6ba_4775_8466_cb960cdb5706
	compression.gzip.level = -1
	compression.lz4.level = 9
	compression.type = none
	compression.zstd.level = 3
	connections.max.idle.ms = 10000
	delivery.timeout.ms = 120000
	enable.idempotence = true
	enable.metrics.push = true
	interceptor.classes = []
	key.serializer = class org.apache.kafka.common.serialization.StringSerializer
	linger.ms = 0
	max.block.ms = 60000
	max.in.flight.requests.per.connection = 5
	max.request.size = 1048576
	metadata.max.age.ms = 300000
	metadata.max.idle.ms = 300000
	metadata.recovery.strategy = none
	metric.reporters = []
	metrics.num.samples = 2
	metrics.recording.level = INFO
	metrics.sample.window.ms = 30000
	partitioner.adaptive.partitioning.enable = true
	partitioner.availability.timeout.ms = 0
	partitioner.class = null
	partitioner.ignore.keys = false
	receive.buffer.bytes = 32768
	reconnect.backoff.max.ms = 1000
	reconnect.backoff.ms = 50
	request.timeout.ms = 5000
	retries = 2147483647
	retry.backoff.max.ms = 1000
	retry.backoff.ms = 100
	sasl.client.callback.handler.class = null
	sasl.jaas.config = null
	sasl.kerberos.kinit.cmd = /usr/bin/kinit
	sasl.kerberos.min.time.before.relogin = 60000
	sasl.kerberos.service.name = null
	sasl.kerberos.ticket.renew.jitter = 0.05
	sasl.kerberos.ticket.renew.window.factor = 0.8
	sasl.login.callback.handler.class = null
	sasl.login.class = null
	sasl.login.connect.timeout.ms = null
	sasl.login.read.timeout.ms = null
	sasl.login.refresh.buffer.seconds = 300
	sasl.login.refresh.min.period.seconds = 60
	sasl.login.refresh.window.factor = 0.8
	sasl.login.refresh.window.jitter = 0.05
	sasl.login.retry.backoff.max.ms = 10000
	sasl.login.retry.backoff.ms = 100
	sasl.mechanism = GSSAPI
	sasl.oauthbearer.clock.skew.seconds = 30
	sasl.oauthbearer.expected.audience = null
	sasl.oauthbearer.expected.issuer = null
	sasl.oauthbearer.header.urlencode = false
	sasl.oauthbearer.jwks.endpoint.refresh.ms = 3600000
	sasl.oauthbearer.jwks.endpoint.retry.backoff.max.ms = 10000
	sasl.oauthbearer.jwks.endpoint.retry.backoff.ms = 100
	sasl.oauthbearer.jwks.endpoint.url = null
	sasl.oauthbearer.scope.claim.name = scope
	sasl.oauthbearer.sub.claim.name = sub
	sasl.oauthbearer.token.endpoint.url = null
	security.protocol = PLAINTEXT
	security.providers = null
	send.buffer.bytes = 131072
	socket.connection.setup.timeout.max.ms = 30000
	socket.connection.setup.timeout.ms = 10000
	ssl.cipher.suites = null
	ssl.enabled.protocols = [TLSv1.2, TLSv1.3]
	ssl.endpoint.identification.algorithm = https
	ssl.engine.factory.class = null
	ssl.key.password = null
	ssl.keymanager.algorithm = SunX509
	ssl.keystore.certificate.chain = null
	ssl.keystore.key = null
	ssl.keystore.location = null
	ssl.keystore.password = null
	ssl.keystore.type = JKS
	ssl.protocol = TLSv1.3
	ssl.provider = null
	ssl.secure.random.implementation = null
	ssl.trustmanager.algorithm = PKIX
	ssl.truststore.certificates = null
	ssl.truststore.location = null
	ssl.truststore.password = null
	ssl.truststore.type = JKS
	transaction.timeout.ms = 60000
	transactional.id = null
	value.serializer = class io.apicurio.registry.serde.avro.AvroKafkaSerializer

2025-07-31 16:59:27,855 INFO  [org.apa.kaf.com.tel.int.KafkaMetricsCollector] (main) initializing Kafka metrics collector
2025-07-31 16:59:27,874 INFO  [org.apa.kaf.cli.pro.KafkaProducer] (main) [Producer clientId=Producer-topic-5a783821_a6ba_4775_8466_cb960cdb5706] Instantiated an idempotent producer.
2025-07-31 16:59:27,879 INFO  [org.apa.kaf.cli.pro.ProducerConfig] (main) These configurations '[apicurio.registry.url, apicurio.registry.auto-register, apicurio.registry.artifact-resolver-strategy, apicurio.registry.avro-datum-provider]' were supplied but are not used yet.
2025-07-31 16:59:27,879 INFO  [org.apa.kaf.com.uti.AppInfoParser] (main) Kafka version: 3.9.1
2025-07-31 16:59:27,879 INFO  [org.apa.kaf.com.uti.AppInfoParser] (main) Kafka commitId: f745dfdcee2b9851
2025-07-31 16:59:27,879 INFO  [org.apa.kaf.com.uti.AppInfoParser] (main) Kafka startTimeMs: 1753981167879
2025-07-31 16:59:27,879 INFO  [io.api.tes.ser.api.SimpleSerdesTesterBuilder$SimpleSerdesTester] (main) Using producer configuration: {apicurio.registry.url=http://registry-app-inmemory.apps.ci419.apicurio-testing.org:80/apis/registry/v3, apicurio.registry.auto-register=true, apicurio.registry.artifact-resolver-strategy=io.apicurio.registry.serde.strategy.TopicIdStrategy, value.serializer=io.apicurio.registry.serde.avro.AvroKafkaSerializer, request.timeout.ms=5000, acks=all, bootstrap.servers=PLAINTEXT://localhost:32770, connections.max.idle.ms=10000, key.serializer=org.apache.kafka.common.serialization.StringSerializer, apicurio.registry.avro-datum-provider=io.apicurio.registry.serde.avro.ReflectAvroDatumProvider, client.id=Producer-topic-5a783821_a6ba_4775_8466_cb960cdb5706}
2025-07-31 16:59:27,879 INFO  [io.api.tes.ser.api.SimpleSerdesTesterBuilder$SimpleSerdesTester] (main) Using consumer configuration: {apicurio.registry.avro-datum-provider=io.apicurio.registry.serde.avro.ReflectAvroDatumProvider}
2025-07-31 16:59:27,886 INFO  [io.api.tes.ser.api.KafkaSerdesTester] (Thread-627) Sending message io.apicurio.tests.common.serdes.TestObject@3dbd29cb to topic topic-5a783821_a6ba_4775_8466_cb960cdb5706
2025-07-31 16:59:27,895 WARN  [org.apa.kaf.cli.NetworkClient] (kafka-producer-network-thread | Producer-topic-5a783821_a6ba_4775_8466_cb960cdb5706) [Producer clientId=Producer-topic-5a783821_a6ba_4775_8466_cb960cdb5706] The metadata response from the cluster reported a recoverable issue with correlation id 2 : {topic-5a783821_a6ba_4775_8466_cb960cdb5706=LEADER_NOT_AVAILABLE}
2025-07-31 16:59:27,896 INFO  [org.apa.kaf.cli.Metadata] (kafka-producer-network-thread | Producer-topic-5a783821_a6ba_4775_8466_cb960cdb5706) [Producer clientId=Producer-topic-5a783821_a6ba_4775_8466_cb960cdb5706] Cluster ID: JfHT16fFSb-b502x6d9TJg
2025-07-31 16:59:27,898 INFO  [org.apa.kaf.cli.pro.int.TransactionManager] (kafka-producer-network-thread | Producer-topic-5a783821_a6ba_4775_8466_cb960cdb5706) [Producer clientId=Producer-topic-5a783821_a6ba_4775_8466_cb960cdb5706] ProducerId set to 6 with epoch 0
2025-07-31 16:59:28,087 INFO  [io.api.tes.ser.api.KafkaSerdesTester] (Thread-627) Sending message io.apicurio.tests.common.serdes.TestObject@3dbd29cb to topic topic-5a783821_a6ba_4775_8466_cb960cdb5706
2025-07-31 16:59:28,090 INFO  [io.api.tes.ser.api.KafkaSerdesTester] (Thread-627) Sending message io.apicurio.tests.common.serdes.TestObject@3dbd29cb to topic topic-5a783821_a6ba_4775_8466_cb960cdb5706
2025-07-31 16:59:28,095 INFO  [io.api.tes.ser.api.KafkaSerdesTester] (Thread-627) Sending message io.apicurio.tests.common.serdes.TestObject@3dbd29cb to topic topic-5a783821_a6ba_4775_8466_cb960cdb5706
2025-07-31 16:59:28,097 INFO  [io.api.tes.ser.api.KafkaSerdesTester] (Thread-627) Sending message io.apicurio.tests.common.serdes.TestObject@3dbd29cb to topic topic-5a783821_a6ba_4775_8466_cb960cdb5706
2025-07-31 16:59:28,099 INFO  [io.api.tes.ser.api.KafkaSerdesTester] (Thread-627) Sending message io.apicurio.tests.common.serdes.TestObject@3dbd29cb to topic topic-5a783821_a6ba_4775_8466_cb960cdb5706
2025-07-31 16:59:28,101 INFO  [io.api.tes.ser.api.KafkaSerdesTester] (Thread-627) Sending message io.apicurio.tests.common.serdes.TestObject@3dbd29cb to topic topic-5a783821_a6ba_4775_8466_cb960cdb5706
2025-07-31 16:59:28,104 INFO  [io.api.tes.ser.api.KafkaSerdesTester] (Thread-627) Sending message io.apicurio.tests.common.serdes.TestObject@3dbd29cb to topic topic-5a783821_a6ba_4775_8466_cb960cdb5706
2025-07-31 16:59:28,105 INFO  [io.api.tes.ser.api.KafkaSerdesTester] (Thread-627) Sending message io.apicurio.tests.common.serdes.TestObject@3dbd29cb to topic topic-5a783821_a6ba_4775_8466_cb960cdb5706
2025-07-31 16:59:28,107 INFO  [io.api.tes.ser.api.KafkaSerdesTester] (Thread-627) Sending message io.apicurio.tests.common.serdes.TestObject@3dbd29cb to topic topic-5a783821_a6ba_4775_8466_cb960cdb5706
2025-07-31 16:59:28,111 INFO  [io.api.tes.ser.api.KafkaSerdesTester] (Thread-627) Produced 10 messages
2025-07-31 16:59:28,111 INFO  [org.apa.kaf.cli.pro.KafkaProducer] (Thread-627) [Producer clientId=Producer-topic-5a783821_a6ba_4775_8466_cb960cdb5706] Closing the Kafka producer with timeoutMillis = 9223372036854775807 ms.
2025-07-31 16:59:28,114 INFO  [org.apa.kaf.com.met.Metrics] (Thread-627) Metrics scheduler closed
2025-07-31 16:59:28,114 INFO  [org.apa.kaf.com.met.Metrics] (Thread-627) Closing reporter org.apache.kafka.common.metrics.JmxReporter
2025-07-31 16:59:28,114 INFO  [org.apa.kaf.com.met.Metrics] (Thread-627) Closing reporter org.apache.kafka.common.telemetry.internals.ClientTelemetryReporter
2025-07-31 16:59:28,114 INFO  [org.apa.kaf.com.met.Metrics] (Thread-627) Metrics reporters closed
2025-07-31 16:59:28,115 INFO  [org.apa.kaf.com.uti.AppInfoParser] (Thread-627) App info kafka.producer for Producer-topic-5a783821_a6ba_4775_8466_cb960cdb5706 unregistered
**** Registry Base URL: http://registry-app-inmemory.apps.ci419.apicurio-testing.org:80
2025-07-31 16:59:28,173 INFO  [org.apa.kaf.cli.con.ConsumerConfig] (main) ConsumerConfig values: 
	allow.auto.create.topics = true
	auto.commit.interval.ms = 500
	auto.include.jmx.reporter = true
	auto.offset.reset = earliest
	bootstrap.servers = [PLAINTEXT://localhost:32770]
	check.crcs = true
	client.dns.lookup = use_all_dns_ips
	client.id = consumer-Consumer-topic-5a783821_a6ba_4775_8466_cb960cdb5706-6
	client.rack = 
	connections.max.idle.ms = 10000
	default.api.timeout.ms = 60000
	enable.auto.commit = true
	enable.metrics.push = true
	exclude.internal.topics = true
	fetch.max.bytes = 52428800
	fetch.max.wait.ms = 500
	fetch.min.bytes = 1
	group.id = Consumer-topic-5a783821_a6ba_4775_8466_cb960cdb5706
	group.instance.id = null
	group.protocol = classic
	group.remote.assignor = null
	heartbeat.interval.ms = 3000
	interceptor.classes = []
	internal.leave.group.on.close = true
	internal.throw.on.fetch.stable.offset.unsupported = false
	isolation.level = read_uncommitted
	key.deserializer = class org.apache.kafka.common.serialization.StringDeserializer
	max.partition.fetch.bytes = 1048576
	max.poll.interval.ms = 300000
	max.poll.records = 500
	metadata.max.age.ms = 300000
	metadata.recovery.strategy = none
	metric.reporters = []
	metrics.num.samples = 2
	metrics.recording.level = INFO
	metrics.sample.window.ms = 30000
	partition.assignment.strategy = [class org.apache.kafka.clients.consumer.RangeAssignor, class org.apache.kafka.clients.consumer.CooperativeStickyAssignor]
	receive.buffer.bytes = 65536
	reconnect.backoff.max.ms = 1000
	reconnect.backoff.ms = 50
	request.timeout.ms = 5000
	retry.backoff.max.ms = 1000
	retry.backoff.ms = 100
	sasl.client.callback.handler.class = null
	sasl.jaas.config = null
	sasl.kerberos.kinit.cmd = /usr/bin/kinit
	sasl.kerberos.min.time.before.relogin = 60000
	sasl.kerberos.service.name = null
	sasl.kerberos.ticket.renew.jitter = 0.05
	sasl.kerberos.ticket.renew.window.factor = 0.8
	sasl.login.callback.handler.class = null
	sasl.login.class = null
	sasl.login.connect.timeout.ms = null
	sasl.login.read.timeout.ms = null
	sasl.login.refresh.buffer.seconds = 300
	sasl.login.refresh.min.period.seconds = 60
	sasl.login.refresh.window.factor = 0.8
	sasl.login.refresh.window.jitter = 0.05
	sasl.login.retry.backoff.max.ms = 10000
	sasl.login.retry.backoff.ms = 100
	sasl.mechanism = GSSAPI
	sasl.oauthbearer.clock.skew.seconds = 30
	sasl.oauthbearer.expected.audience = null
	sasl.oauthbearer.expected.issuer = null
	sasl.oauthbearer.header.urlencode = false
	sasl.oauthbearer.jwks.endpoint.refresh.ms = 3600000
	sasl.oauthbearer.jwks.endpoint.retry.backoff.max.ms = 10000
	sasl.oauthbearer.jwks.endpoint.retry.backoff.ms = 100
	sasl.oauthbearer.jwks.endpoint.url = null
	sasl.oauthbearer.scope.claim.name = scope
	sasl.oauthbearer.sub.claim.name = sub
	sasl.oauthbearer.token.endpoint.url = null
	security.protocol = PLAINTEXT
	security.providers = null
	send.buffer.bytes = 131072
	session.timeout.ms = 45000
	socket.connection.setup.timeout.max.ms = 30000
	socket.connection.setup.timeout.ms = 10000
	ssl.cipher.suites = null
	ssl.enabled.protocols = [TLSv1.2, TLSv1.3]
	ssl.endpoint.identification.algorithm = https
	ssl.engine.factory.class = null
	ssl.key.password = null
	ssl.keymanager.algorithm = SunX509
	ssl.keystore.certificate.chain = null
	ssl.keystore.key = null
	ssl.keystore.location = null
	ssl.keystore.password = null
	ssl.keystore.type = JKS
	ssl.protocol = TLSv1.3
	ssl.provider = null
	ssl.secure.random.implementation = null
	ssl.trustmanager.algorithm = PKIX
	ssl.truststore.certificates = null
	ssl.truststore.location = null
	ssl.truststore.password = null
	ssl.truststore.type = JKS
	value.deserializer = class io.apicurio.registry.serde.avro.AvroKafkaDeserializer

2025-07-31 16:59:28,174 INFO  [org.apa.kaf.com.tel.int.KafkaMetricsCollector] (main) initializing Kafka metrics collector
2025-07-31 16:59:28,180 INFO  [org.apa.kaf.cli.con.ConsumerConfig] (main) These configurations '[apicurio.registry.url, apicurio.registry.avro-datum-provider]' were supplied but are not used yet.
2025-07-31 16:59:28,180 INFO  [org.apa.kaf.com.uti.AppInfoParser] (main) Kafka version: 3.9.1
2025-07-31 16:59:28,180 INFO  [org.apa.kaf.com.uti.AppInfoParser] (main) Kafka commitId: f745dfdcee2b9851
2025-07-31 16:59:28,180 INFO  [org.apa.kaf.com.uti.AppInfoParser] (main) Kafka startTimeMs: 1753981168180
2025-07-31 16:59:28,180 INFO  [org.apa.kaf.cli.con.int.ClassicKafkaConsumer] (Thread-630) [Consumer clientId=consumer-Consumer-topic-5a783821_a6ba_4775_8466_cb960cdb5706-6, groupId=Consumer-topic-5a783821_a6ba_4775_8466_cb960cdb5706] Subscribed to topic(s): topic-5a783821_a6ba_4775_8466_cb960cdb5706
2025-07-31 16:59:28,191 INFO  [org.apa.kaf.cli.Metadata] (Thread-630) [Consumer clientId=consumer-Consumer-topic-5a783821_a6ba_4775_8466_cb960cdb5706-6, groupId=Consumer-topic-5a783821_a6ba_4775_8466_cb960cdb5706] Cluster ID: JfHT16fFSb-b502x6d9TJg
2025-07-31 16:59:28,191 INFO  [org.apa.kaf.cli.con.int.ConsumerCoordinator] (Thread-630) [Consumer clientId=consumer-Consumer-topic-5a783821_a6ba_4775_8466_cb960cdb5706-6, groupId=Consumer-topic-5a783821_a6ba_4775_8466_cb960cdb5706] Discovered group coordinator localhost:32770 (id: 2147483647 rack: null)
2025-07-31 16:59:28,193 INFO  [org.apa.kaf.cli.con.int.ConsumerCoordinator] (Thread-630) [Consumer clientId=consumer-Consumer-topic-5a783821_a6ba_4775_8466_cb960cdb5706-6, groupId=Consumer-topic-5a783821_a6ba_4775_8466_cb960cdb5706] (Re-)joining group
2025-07-31 16:59:28,200 INFO  [org.apa.kaf.cli.con.int.ConsumerCoordinator] (Thread-630) [Consumer clientId=consumer-Consumer-topic-5a783821_a6ba_4775_8466_cb960cdb5706-6, groupId=Consumer-topic-5a783821_a6ba_4775_8466_cb960cdb5706] Request joining group due to: need to re-join with the given member-id: consumer-Consumer-topic-5a783821_a6ba_4775_8466_cb960cdb5706-6-fa5bfb81-650f-4156-bd70-a5b0f204253f
2025-07-31 16:59:28,200 INFO  [org.apa.kaf.cli.con.int.ConsumerCoordinator] (Thread-630) [Consumer clientId=consumer-Consumer-topic-5a783821_a6ba_4775_8466_cb960cdb5706-6, groupId=Consumer-topic-5a783821_a6ba_4775_8466_cb960cdb5706] (Re-)joining group
2025-07-31 16:59:28,205 INFO  [org.apa.kaf.cli.con.int.ConsumerCoordinator] (Thread-630) [Consumer clientId=consumer-Consumer-topic-5a783821_a6ba_4775_8466_cb960cdb5706-6, groupId=Consumer-topic-5a783821_a6ba_4775_8466_cb960cdb5706] Successfully joined group with generation Generation{generationId=1, memberId='consumer-Consumer-topic-5a783821_a6ba_4775_8466_cb960cdb5706-6-fa5bfb81-650f-4156-bd70-a5b0f204253f', protocol='range'}
2025-07-31 16:59:28,205 INFO  [org.apa.kaf.cli.con.int.ConsumerCoordinator] (Thread-630) [Consumer clientId=consumer-Consumer-topic-5a783821_a6ba_4775_8466_cb960cdb5706-6, groupId=Consumer-topic-5a783821_a6ba_4775_8466_cb960cdb5706] Finished assignment for group at generation 1: {consumer-Consumer-topic-5a783821_a6ba_4775_8466_cb960cdb5706-6-fa5bfb81-650f-4156-bd70-a5b0f204253f=Assignment(partitions=[topic-5a783821_a6ba_4775_8466_cb960cdb5706-0])}
2025-07-31 16:59:28,209 INFO  [org.apa.kaf.cli.con.int.ConsumerCoordinator] (Thread-630) [Consumer clientId=consumer-Consumer-topic-5a783821_a6ba_4775_8466_cb960cdb5706-6, groupId=Consumer-topic-5a783821_a6ba_4775_8466_cb960cdb5706] Successfully synced group in generation Generation{generationId=1, memberId='consumer-Consumer-topic-5a783821_a6ba_4775_8466_cb960cdb5706-6-fa5bfb81-650f-4156-bd70-a5b0f204253f', protocol='range'}
2025-07-31 16:59:28,209 INFO  [org.apa.kaf.cli.con.int.ConsumerCoordinator] (Thread-630) [Consumer clientId=consumer-Consumer-topic-5a783821_a6ba_4775_8466_cb960cdb5706-6, groupId=Consumer-topic-5a783821_a6ba_4775_8466_cb960cdb5706] Notifying assignor about the new Assignment(partitions=[topic-5a783821_a6ba_4775_8466_cb960cdb5706-0])
2025-07-31 16:59:28,209 INFO  [org.apa.kaf.cli.con.int.ConsumerRebalanceListenerInvoker] (Thread-630) [Consumer clientId=consumer-Consumer-topic-5a783821_a6ba_4775_8466_cb960cdb5706-6, groupId=Consumer-topic-5a783821_a6ba_4775_8466_cb960cdb5706] Adding newly assigned partitions: topic-5a783821_a6ba_4775_8466_cb960cdb5706-0
2025-07-31 16:59:28,211 INFO  [org.apa.kaf.cli.con.int.ConsumerCoordinator] (Thread-630) [Consumer clientId=consumer-Consumer-topic-5a783821_a6ba_4775_8466_cb960cdb5706-6, groupId=Consumer-topic-5a783821_a6ba_4775_8466_cb960cdb5706] Found no committed offset for partition topic-5a783821_a6ba_4775_8466_cb960cdb5706-0
2025-07-31 16:59:28,218 INFO  [org.apa.kaf.cli.con.int.SubscriptionState] (Thread-630) [Consumer clientId=consumer-Consumer-topic-5a783821_a6ba_4775_8466_cb960cdb5706-6, groupId=Consumer-topic-5a783821_a6ba_4775_8466_cb960cdb5706] Resetting offset for partition topic-5a783821_a6ba_4775_8466_cb960cdb5706-0 to position FetchPosition{offset=0, offsetEpoch=Optional.empty, currentLeader=LeaderAndEpoch{leader=Optional[localhost:32770 (id: 0 rack: null)], epoch=0}}.
2025-07-31 16:59:28,308 INFO  [io.api.tes.ser.api.KafkaSerdesTester] (Thread-630) topic-5a783821_a6ba_4775_8466_cb960cdb5706 0 0 io.apicurio.tests.common.serdes.TestObject@3dbd29cb
2025-07-31 16:59:28,308 INFO  [io.api.tes.ser.api.KafkaSerdesTester] (Thread-630) topic-5a783821_a6ba_4775_8466_cb960cdb5706 0 1 io.apicurio.tests.common.serdes.TestObject@3dbd29cb
2025-07-31 16:59:28,309 INFO  [io.api.tes.ser.api.KafkaSerdesTester] (Thread-630) topic-5a783821_a6ba_4775_8466_cb960cdb5706 0 2 io.apicurio.tests.common.serdes.TestObject@3dbd29cb
2025-07-31 16:59:28,310 INFO  [io.api.tes.ser.api.KafkaSerdesTester] (Thread-630) topic-5a783821_a6ba_4775_8466_cb960cdb5706 0 3 io.apicurio.tests.common.serdes.TestObject@3dbd29cb
2025-07-31 16:59:28,310 INFO  [io.api.tes.ser.api.KafkaSerdesTester] (Thread-630) topic-5a783821_a6ba_4775_8466_cb960cdb5706 0 4 io.apicurio.tests.common.serdes.TestObject@3dbd29cb
2025-07-31 16:59:28,310 INFO  [io.api.tes.ser.api.KafkaSerdesTester] (Thread-630) topic-5a783821_a6ba_4775_8466_cb960cdb5706 0 5 io.apicurio.tests.common.serdes.TestObject@3dbd29cb
2025-07-31 16:59:28,310 INFO  [io.api.tes.ser.api.KafkaSerdesTester] (Thread-630) topic-5a783821_a6ba_4775_8466_cb960cdb5706 0 6 io.apicurio.tests.common.serdes.TestObject@3dbd29cb
2025-07-31 16:59:28,310 INFO  [io.api.tes.ser.api.KafkaSerdesTester] (Thread-630) topic-5a783821_a6ba_4775_8466_cb960cdb5706 0 7 io.apicurio.tests.common.serdes.TestObject@3dbd29cb
2025-07-31 16:59:28,310 INFO  [io.api.tes.ser.api.KafkaSerdesTester] (Thread-630) topic-5a783821_a6ba_4775_8466_cb960cdb5706 0 8 io.apicurio.tests.common.serdes.TestObject@3dbd29cb
2025-07-31 16:59:28,310 INFO  [io.api.tes.ser.api.KafkaSerdesTester] (Thread-630) topic-5a783821_a6ba_4775_8466_cb960cdb5706 0 9 io.apicurio.tests.common.serdes.TestObject@3dbd29cb
2025-07-31 16:59:28,310 INFO  [io.api.tes.ser.api.KafkaSerdesTester] (Thread-630) Consumed 10 messages
2025-07-31 16:59:28,316 INFO  [org.apa.kaf.cli.con.int.ConsumerRebalanceListenerInvoker] (Thread-630) [Consumer clientId=consumer-Consumer-topic-5a783821_a6ba_4775_8466_cb960cdb5706-6, groupId=Consumer-topic-5a783821_a6ba_4775_8466_cb960cdb5706] Revoke previously assigned partitions topic-5a783821_a6ba_4775_8466_cb960cdb5706-0
2025-07-31 16:59:28,316 INFO  [org.apa.kaf.cli.con.int.ConsumerCoordinator] (Thread-630) [Consumer clientId=consumer-Consumer-topic-5a783821_a6ba_4775_8466_cb960cdb5706-6, groupId=Consumer-topic-5a783821_a6ba_4775_8466_cb960cdb5706] Member consumer-Consumer-topic-5a783821_a6ba_4775_8466_cb960cdb5706-6-fa5bfb81-650f-4156-bd70-a5b0f204253f sending LeaveGroup request to coordinator localhost:32770 (id: 2147483647 rack: null) due to the consumer is being closed
2025-07-31 16:59:28,317 INFO  [org.apa.kaf.cli.con.int.ConsumerCoordinator] (Thread-630) [Consumer clientId=consumer-Consumer-topic-5a783821_a6ba_4775_8466_cb960cdb5706-6, groupId=Consumer-topic-5a783821_a6ba_4775_8466_cb960cdb5706] Resetting generation and member id due to: consumer pro-actively leaving the group
2025-07-31 16:59:28,317 INFO  [org.apa.kaf.cli.con.int.ConsumerCoordinator] (Thread-630) [Consumer clientId=consumer-Consumer-topic-5a783821_a6ba_4775_8466_cb960cdb5706-6, groupId=Consumer-topic-5a783821_a6ba_4775_8466_cb960cdb5706] Request joining group due to: consumer pro-actively leaving the group
2025-07-31 16:59:28,813 INFO  [org.apa.kaf.com.met.Metrics] (Thread-630) Metrics scheduler closed
2025-07-31 16:59:28,813 INFO  [org.apa.kaf.com.met.Metrics] (Thread-630) Closing reporter org.apache.kafka.common.metrics.JmxReporter
2025-07-31 16:59:28,813 INFO  [org.apa.kaf.com.met.Metrics] (Thread-630) Closing reporter org.apache.kafka.common.telemetry.internals.ClientTelemetryReporter
2025-07-31 16:59:28,813 INFO  [org.apa.kaf.com.met.Metrics] (Thread-630) Metrics reporters closed
2025-07-31 16:59:28,815 INFO  [org.apa.kaf.com.uti.AppInfoParser] (Thread-630) App info kafka.consumer for consumer-Consumer-topic-5a783821_a6ba_4775_8466_cb960cdb5706-6 unregistered
2025-07-31 16:59:28,816 INFO  [io.api.tes.uti.TestSeparator] (main) io.apicurio.tests.serdes.apicurio.AvroSerdeIT.testReflectAutoRegister-FINISHED
2025-07-31 16:59:28,816 INFO  [io.api.tes.uti.TestSeparator] (main) ############################################################################
Test passed: testReflectAutoRegister
]]></system-out>
  </testcase>
  <testcase name="testArtifactNotFound" classname="io.apicurio.tests.serdes.apicurio.AvroSerdeIT" time="0.268">
    <system-out><![CDATA[2025-07-31 16:59:28,818 INFO  [io.api.tes.uti.TestSeparator] (main) ############################################################################
2025-07-31 16:59:28,819 INFO  [io.api.tes.uti.TestSeparator] (main) io.apicurio.tests.serdes.apicurio.AvroSerdeIT.testArtifactNotFound-STARTED
**** Registry Base URL: http://registry-app-inmemory.apps.ci419.apicurio-testing.org:80
2025-07-31 16:59:28,822 INFO  [org.apa.kaf.cli.pro.ProducerConfig] (main) ProducerConfig values: 
	acks = -1
	auto.include.jmx.reporter = true
	batch.size = 16384
	bootstrap.servers = [PLAINTEXT://localhost:32770]
	buffer.memory = 33554432
	client.dns.lookup = use_all_dns_ips
	client.id = Producer-s997f87acx6431x49ddx9471x76e5ff9ab44e
	compression.gzip.level = -1
	compression.lz4.level = 9
	compression.type = none
	compression.zstd.level = 3
	connections.max.idle.ms = 10000
	delivery.timeout.ms = 120000
	enable.idempotence = true
	enable.metrics.push = true
	interceptor.classes = []
	key.serializer = class org.apache.kafka.common.serialization.StringSerializer
	linger.ms = 0
	max.block.ms = 60000
	max.in.flight.requests.per.connection = 5
	max.request.size = 1048576
	metadata.max.age.ms = 300000
	metadata.max.idle.ms = 300000
	metadata.recovery.strategy = none
	metric.reporters = []
	metrics.num.samples = 2
	metrics.recording.level = INFO
	metrics.sample.window.ms = 30000
	partitioner.adaptive.partitioning.enable = true
	partitioner.availability.timeout.ms = 0
	partitioner.class = null
	partitioner.ignore.keys = false
	receive.buffer.bytes = 32768
	reconnect.backoff.max.ms = 1000
	reconnect.backoff.ms = 50
	request.timeout.ms = 5000
	retries = 2147483647
	retry.backoff.max.ms = 1000
	retry.backoff.ms = 100
	sasl.client.callback.handler.class = null
	sasl.jaas.config = null
	sasl.kerberos.kinit.cmd = /usr/bin/kinit
	sasl.kerberos.min.time.before.relogin = 60000
	sasl.kerberos.service.name = null
	sasl.kerberos.ticket.renew.jitter = 0.05
	sasl.kerberos.ticket.renew.window.factor = 0.8
	sasl.login.callback.handler.class = null
	sasl.login.class = null
	sasl.login.connect.timeout.ms = null
	sasl.login.read.timeout.ms = null
	sasl.login.refresh.buffer.seconds = 300
	sasl.login.refresh.min.period.seconds = 60
	sasl.login.refresh.window.factor = 0.8
	sasl.login.refresh.window.jitter = 0.05
	sasl.login.retry.backoff.max.ms = 10000
	sasl.login.retry.backoff.ms = 100
	sasl.mechanism = GSSAPI
	sasl.oauthbearer.clock.skew.seconds = 30
	sasl.oauthbearer.expected.audience = null
	sasl.oauthbearer.expected.issuer = null
	sasl.oauthbearer.header.urlencode = false
	sasl.oauthbearer.jwks.endpoint.refresh.ms = 3600000
	sasl.oauthbearer.jwks.endpoint.retry.backoff.max.ms = 10000
	sasl.oauthbearer.jwks.endpoint.retry.backoff.ms = 100
	sasl.oauthbearer.jwks.endpoint.url = null
	sasl.oauthbearer.scope.claim.name = scope
	sasl.oauthbearer.sub.claim.name = sub
	sasl.oauthbearer.token.endpoint.url = null
	security.protocol = PLAINTEXT
	security.providers = null
	send.buffer.bytes = 131072
	socket.connection.setup.timeout.max.ms = 30000
	socket.connection.setup.timeout.ms = 10000
	ssl.cipher.suites = null
	ssl.enabled.protocols = [TLSv1.2, TLSv1.3]
	ssl.endpoint.identification.algorithm = https
	ssl.engine.factory.class = null
	ssl.key.password = null
	ssl.keymanager.algorithm = SunX509
	ssl.keystore.certificate.chain = null
	ssl.keystore.key = null
	ssl.keystore.location = null
	ssl.keystore.password = null
	ssl.keystore.type = JKS
	ssl.protocol = TLSv1.3
	ssl.provider = null
	ssl.secure.random.implementation = null
	ssl.trustmanager.algorithm = PKIX
	ssl.truststore.certificates = null
	ssl.truststore.location = null
	ssl.truststore.password = null
	ssl.truststore.type = JKS
	transaction.timeout.ms = 60000
	transactional.id = null
	value.serializer = class io.apicurio.registry.serde.avro.AvroKafkaSerializer

2025-07-31 16:59:28,822 INFO  [org.apa.kaf.com.tel.int.KafkaMetricsCollector] (main) initializing Kafka metrics collector
2025-07-31 16:59:28,827 INFO  [org.apa.kaf.cli.pro.KafkaProducer] (main) [Producer clientId=Producer-s997f87acx6431x49ddx9471x76e5ff9ab44e] Instantiated an idempotent producer.
2025-07-31 16:59:28,845 INFO  [org.apa.kaf.cli.pro.ProducerConfig] (main) These configurations '[apicurio.registry.url, apicurio.registry.artifact-resolver-strategy]' were supplied but are not used yet.
2025-07-31 16:59:28,846 INFO  [org.apa.kaf.com.uti.AppInfoParser] (main) Kafka version: 3.9.1
2025-07-31 16:59:28,846 INFO  [org.apa.kaf.com.uti.AppInfoParser] (main) Kafka commitId: f745dfdcee2b9851
2025-07-31 16:59:28,846 INFO  [org.apa.kaf.com.uti.AppInfoParser] (main) Kafka startTimeMs: 1753981168846
2025-07-31 16:59:28,849 INFO  [io.api.tes.ser.api.KafkaSerdesTester] (Thread-633) Sending message {"keyB": "value-0"} to topic s997f87acx6431x49ddx9471x76e5ff9ab44e
2025-07-31 16:59:28,869 WARN  [org.apa.kaf.cli.NetworkClient] (kafka-producer-network-thread | Producer-s997f87acx6431x49ddx9471x76e5ff9ab44e) [Producer clientId=Producer-s997f87acx6431x49ddx9471x76e5ff9ab44e] The metadata response from the cluster reported a recoverable issue with correlation id 2 : {s997f87acx6431x49ddx9471x76e5ff9ab44e=LEADER_NOT_AVAILABLE}
2025-07-31 16:59:28,869 INFO  [org.apa.kaf.cli.Metadata] (kafka-producer-network-thread | Producer-s997f87acx6431x49ddx9471x76e5ff9ab44e) [Producer clientId=Producer-s997f87acx6431x49ddx9471x76e5ff9ab44e] Cluster ID: JfHT16fFSb-b502x6d9TJg
2025-07-31 16:59:28,870 INFO  [org.apa.kaf.cli.pro.int.TransactionManager] (kafka-producer-network-thread | Producer-s997f87acx6431x49ddx9471x76e5ff9ab44e) [Producer clientId=Producer-s997f87acx6431x49ddx9471x76e5ff9ab44e] ProducerId set to 7 with epoch 0
2025-07-31 16:59:28,994 INFO  [DefaultSchemaResolver] (Thread-633) Retrieving schema content using string: {"type":"record","name":"myrecord","namespace":"mygroup","fields":[{"name":"keyB","type":"string"}]}
2025-07-31 16:59:29,081 INFO  [org.apa.kaf.cli.pro.KafkaProducer] (Thread-633) [Producer clientId=Producer-s997f87acx6431x49ddx9471x76e5ff9ab44e] Closing the Kafka producer with timeoutMillis = 9223372036854775807 ms.
2025-07-31 16:59:29,084 INFO  [org.apa.kaf.com.met.Metrics] (Thread-633) Metrics scheduler closed
2025-07-31 16:59:29,084 INFO  [org.apa.kaf.com.met.Metrics] (Thread-633) Closing reporter org.apache.kafka.common.metrics.JmxReporter
2025-07-31 16:59:29,084 INFO  [org.apa.kaf.com.met.Metrics] (Thread-633) Closing reporter org.apache.kafka.common.telemetry.internals.ClientTelemetryReporter
2025-07-31 16:59:29,084 INFO  [org.apa.kaf.com.met.Metrics] (Thread-633) Metrics reporters closed
2025-07-31 16:59:29,085 INFO  [org.apa.kaf.com.uti.AppInfoParser] (Thread-633) App info kafka.producer for Producer-s997f87acx6431x49ddx9471x76e5ff9ab44e unregistered
2025-07-31 16:59:29,085 INFO  [io.api.tes.uti.TestSeparator] (main) io.apicurio.tests.serdes.apicurio.AvroSerdeIT.testArtifactNotFound-FINISHED
2025-07-31 16:59:29,085 INFO  [io.api.tes.uti.TestSeparator] (main) ############################################################################
Test passed: testArtifactNotFound
]]></system-out>
    <system-err><![CDATA[java.lang.RuntimeException: Could not resolve artifact reference by content: {"type":"record","name":"myrecord","namespace":"mygroup","fields":[{"name":"keyB","type":"string"}]}&ArtifactReference [groupId=default, artifactId=s997f87acx6431x49ddx9471x76e5ff9ab44e-value, version=null, globalId=null, contentId=null, contentHash=null]
	at io.apicurio.registry.resolver.DefaultSchemaResolver.lambda$handleResolveSchemaByContent$3(DefaultSchemaResolver.java:265)
	at io.apicurio.registry.resolver.cache.ERCache.lambda$getValue$0(ERCache.java:174)
	at io.apicurio.registry.resolver.cache.ERCache.retry(ERCache.java:227)
	at io.apicurio.registry.resolver.cache.ERCache.getValue(ERCache.java:173)
	at io.apicurio.registry.resolver.cache.ERCache.getByContent(ERCache.java:147)
	at io.apicurio.registry.resolver.DefaultSchemaResolver.handleResolveSchemaByContent(DefaultSchemaResolver.java:253)
	at io.apicurio.registry.resolver.DefaultSchemaResolver.getSchemaFromRegistry(DefaultSchemaResolver.java:138)
	at io.apicurio.registry.resolver.DefaultSchemaResolver.lambda$resolveSchema$0(DefaultSchemaResolver.java:84)
	at java.base/java.util.Optional.orElseGet(Optional.java:364)
	at io.apicurio.registry.resolver.DefaultSchemaResolver.resolveSchema(DefaultSchemaResolver.java:84)
	at io.apicurio.registry.serde.AbstractSerializer.serializeData(AbstractSerializer.java:62)
	at io.apicurio.registry.serde.KafkaSerializer.serialize(KafkaSerializer.java:77)
	at org.apache.kafka.clients.producer.KafkaProducer.doSend(KafkaProducer.java:1046)
	at org.apache.kafka.clients.producer.KafkaProducer.send(KafkaProducer.java:993)
	at org.apache.kafka.clients.producer.KafkaProducer.send(KafkaProducer.java:875)
	at io.apicurio.tests.serdes.apicurio.KafkaSerdesTester.lambda$produceMessages$3(KafkaSerdesTester.java:138)
	at java.base/java.util.concurrent.CompletableFuture$AsyncSupply.run(CompletableFuture.java:1768)
	at java.base/java.lang.Thread.run(Thread.java:840)
]]></system-err>
  </testcase>
  <testcase name="testAvroSerDesFailDifferentSchemaByRecordName" classname="io.apicurio.tests.serdes.apicurio.AvroSerdeIT" time="1.139">
    <system-out><![CDATA[2025-07-31 16:59:29,086 INFO  [io.api.tes.uti.TestSeparator] (main) ############################################################################
2025-07-31 16:59:29,086 INFO  [io.api.tes.uti.TestSeparator] (main) io.apicurio.tests.serdes.apicurio.AvroSerdeIT.testAvroSerDesFailDifferentSchemaByRecordName-STARTED
**** Registry Base URL: http://registry-app-inmemory.apps.ci419.apicurio-testing.org:80
2025-07-31 16:59:30,154 INFO  [org.apa.kaf.cli.pro.ProducerConfig] (main) ProducerConfig values: 
	acks = -1
	auto.include.jmx.reporter = true
	batch.size = 16384
	bootstrap.servers = [PLAINTEXT://localhost:32770]
	buffer.memory = 33554432
	client.dns.lookup = use_all_dns_ips
	client.id = Producer-topic-57781a25_6e7a_475f_b27c_a39ca5b50bda
	compression.gzip.level = -1
	compression.lz4.level = 9
	compression.type = none
	compression.zstd.level = 3
	connections.max.idle.ms = 10000
	delivery.timeout.ms = 120000
	enable.idempotence = true
	enable.metrics.push = true
	interceptor.classes = []
	key.serializer = class org.apache.kafka.common.serialization.StringSerializer
	linger.ms = 0
	max.block.ms = 60000
	max.in.flight.requests.per.connection = 5
	max.request.size = 1048576
	metadata.max.age.ms = 300000
	metadata.max.idle.ms = 300000
	metadata.recovery.strategy = none
	metric.reporters = []
	metrics.num.samples = 2
	metrics.recording.level = INFO
	metrics.sample.window.ms = 30000
	partitioner.adaptive.partitioning.enable = true
	partitioner.availability.timeout.ms = 0
	partitioner.class = null
	partitioner.ignore.keys = false
	receive.buffer.bytes = 32768
	reconnect.backoff.max.ms = 1000
	reconnect.backoff.ms = 50
	request.timeout.ms = 5000
	retries = 2147483647
	retry.backoff.max.ms = 1000
	retry.backoff.ms = 100
	sasl.client.callback.handler.class = null
	sasl.jaas.config = null
	sasl.kerberos.kinit.cmd = /usr/bin/kinit
	sasl.kerberos.min.time.before.relogin = 60000
	sasl.kerberos.service.name = null
	sasl.kerberos.ticket.renew.jitter = 0.05
	sasl.kerberos.ticket.renew.window.factor = 0.8
	sasl.login.callback.handler.class = null
	sasl.login.class = null
	sasl.login.connect.timeout.ms = null
	sasl.login.read.timeout.ms = null
	sasl.login.refresh.buffer.seconds = 300
	sasl.login.refresh.min.period.seconds = 60
	sasl.login.refresh.window.factor = 0.8
	sasl.login.refresh.window.jitter = 0.05
	sasl.login.retry.backoff.max.ms = 10000
	sasl.login.retry.backoff.ms = 100
	sasl.mechanism = GSSAPI
	sasl.oauthbearer.clock.skew.seconds = 30
	sasl.oauthbearer.expected.audience = null
	sasl.oauthbearer.expected.issuer = null
	sasl.oauthbearer.header.urlencode = false
	sasl.oauthbearer.jwks.endpoint.refresh.ms = 3600000
	sasl.oauthbearer.jwks.endpoint.retry.backoff.max.ms = 10000
	sasl.oauthbearer.jwks.endpoint.retry.backoff.ms = 100
	sasl.oauthbearer.jwks.endpoint.url = null
	sasl.oauthbearer.scope.claim.name = scope
	sasl.oauthbearer.sub.claim.name = sub
	sasl.oauthbearer.token.endpoint.url = null
	security.protocol = PLAINTEXT
	security.providers = null
	send.buffer.bytes = 131072
	socket.connection.setup.timeout.max.ms = 30000
	socket.connection.setup.timeout.ms = 10000
	ssl.cipher.suites = null
	ssl.enabled.protocols = [TLSv1.2, TLSv1.3]
	ssl.endpoint.identification.algorithm = https
	ssl.engine.factory.class = null
	ssl.key.password = null
	ssl.keymanager.algorithm = SunX509
	ssl.keystore.certificate.chain = null
	ssl.keystore.key = null
	ssl.keystore.location = null
	ssl.keystore.password = null
	ssl.keystore.type = JKS
	ssl.protocol = TLSv1.3
	ssl.provider = null
	ssl.secure.random.implementation = null
	ssl.trustmanager.algorithm = PKIX
	ssl.truststore.certificates = null
	ssl.truststore.location = null
	ssl.truststore.password = null
	ssl.truststore.type = JKS
	transaction.timeout.ms = 60000
	transactional.id = null
	value.serializer = class io.apicurio.registry.serde.avro.AvroKafkaSerializer

2025-07-31 16:59:30,154 INFO  [org.apa.kaf.com.tel.int.KafkaMetricsCollector] (main) initializing Kafka metrics collector
2025-07-31 16:59:30,158 INFO  [org.apa.kaf.cli.pro.KafkaProducer] (main) [Producer clientId=Producer-topic-57781a25_6e7a_475f_b27c_a39ca5b50bda] Instantiated an idempotent producer.
2025-07-31 16:59:30,160 INFO  [org.apa.kaf.cli.pro.ProducerConfig] (main) These configurations '[apicurio.registry.find-latest, apicurio.registry.url, apicurio.registry.artifact-resolver-strategy]' were supplied but are not used yet.
2025-07-31 16:59:30,160 INFO  [org.apa.kaf.com.uti.AppInfoParser] (main) Kafka version: 3.9.1
2025-07-31 16:59:30,160 INFO  [org.apa.kaf.com.uti.AppInfoParser] (main) Kafka commitId: f745dfdcee2b9851
2025-07-31 16:59:30,160 INFO  [org.apa.kaf.com.uti.AppInfoParser] (main) Kafka startTimeMs: 1753981170160
2025-07-31 16:59:30,162 INFO  [io.api.tes.ser.api.KafkaSerdesTester] (Thread-636) Sending message {"keyB": "value-0"} to topic topic-57781a25_6e7a_475f_b27c_a39ca5b50bda
2025-07-31 16:59:30,167 INFO  [org.apa.kaf.cli.Metadata] (kafka-producer-network-thread | Producer-topic-57781a25_6e7a_475f_b27c_a39ca5b50bda) [Producer clientId=Producer-topic-57781a25_6e7a_475f_b27c_a39ca5b50bda] Cluster ID: JfHT16fFSb-b502x6d9TJg
2025-07-31 16:59:30,168 INFO  [org.apa.kaf.cli.pro.int.TransactionManager] (kafka-producer-network-thread | Producer-topic-57781a25_6e7a_475f_b27c_a39ca5b50bda) [Producer clientId=Producer-topic-57781a25_6e7a_475f_b27c_a39ca5b50bda] ProducerId set to 8 with epoch 0
2025-07-31 16:59:30,222 INFO  [org.apa.kaf.cli.pro.KafkaProducer] (Thread-636) [Producer clientId=Producer-topic-57781a25_6e7a_475f_b27c_a39ca5b50bda] Closing the Kafka producer with timeoutMillis = 9223372036854775807 ms.
2025-07-31 16:59:30,224 INFO  [org.apa.kaf.com.met.Metrics] (Thread-636) Metrics scheduler closed
2025-07-31 16:59:30,224 INFO  [org.apa.kaf.com.met.Metrics] (Thread-636) Closing reporter org.apache.kafka.common.metrics.JmxReporter
2025-07-31 16:59:30,224 INFO  [org.apa.kaf.com.met.Metrics] (Thread-636) Closing reporter org.apache.kafka.common.telemetry.internals.ClientTelemetryReporter
2025-07-31 16:59:30,224 INFO  [org.apa.kaf.com.met.Metrics] (Thread-636) Metrics reporters closed
2025-07-31 16:59:30,224 INFO  [org.apa.kaf.com.uti.AppInfoParser] (Thread-636) App info kafka.producer for Producer-topic-57781a25_6e7a_475f_b27c_a39ca5b50bda unregistered
2025-07-31 16:59:30,225 INFO  [io.api.tes.uti.TestSeparator] (main) io.apicurio.tests.serdes.apicurio.AvroSerdeIT.testAvroSerDesFailDifferentSchemaByRecordName-FINISHED
2025-07-31 16:59:30,225 INFO  [io.api.tes.uti.TestSeparator] (main) ############################################################################
Test passed: testAvroSerDesFailDifferentSchemaByRecordName
]]></system-out>
    <system-err><![CDATA[io.apicurio.registry.rest.client.models.ProblemDetails
	at io.apicurio.registry.rest.client.models.ProblemDetails.createFromDiscriminatorValue(ProblemDetails.java:58)
	at io.kiota.serialization.json.JsonParseNode.getObjectValue(JsonParseNode.java:247)
	at io.kiota.http.vertx.VertXRequestAdapter.lambda$throwIfFailedResponse$0(VertXRequestAdapter.java:400)
	at com.microsoft.kiota.ApiExceptionBuilder.<init>(ApiExceptionBuilder.java:26)
	at io.kiota.http.vertx.VertXRequestAdapter.throwIfFailedResponse(VertXRequestAdapter.java:399)
	at io.kiota.http.vertx.VertXRequestAdapter.send(VertXRequestAdapter.java:170)
	at io.apicurio.registry.rest.client.groups.item.artifacts.item.versions.item.WithVersionExpressionItemRequestBuilder.get(WithVersionExpressionItemRequestBuilder.java:128)
	at io.apicurio.registry.rest.client.groups.item.artifacts.item.versions.item.WithVersionExpressionItemRequestBuilder.get(WithVersionExpressionItemRequestBuilder.java:111)
	at io.apicurio.registry.resolver.client.RegistryClientFacadeImpl.getVersionCoordinatesByGAV(RegistryClientFacadeImpl.java:153)
	at io.apicurio.registry.resolver.DefaultSchemaResolver.resolveByCoordinates(DefaultSchemaResolver.java:352)
	at io.apicurio.registry.resolver.DefaultSchemaResolver.lambda$resolveSchemaByArtifactReferenceCached$6(DefaultSchemaResolver.java:340)
	at io.apicurio.registry.resolver.cache.ERCache.lambda$getValue$0(ERCache.java:174)
	at io.apicurio.registry.resolver.cache.ERCache.retry(ERCache.java:227)
	at io.apicurio.registry.resolver.cache.ERCache.getValue(ERCache.java:173)
	at io.apicurio.registry.resolver.cache.ERCache.getByArtifactCoordinates(ERCache.java:158)
	at io.apicurio.registry.resolver.DefaultSchemaResolver.resolveSchemaByArtifactReferenceCached(DefaultSchemaResolver.java:338)
	at io.apicurio.registry.resolver.DefaultSchemaResolver.resolveSchemaByCoordinates(DefaultSchemaResolver.java:193)
	at io.apicurio.registry.resolver.DefaultSchemaResolver.getSchemaFromRegistry(DefaultSchemaResolver.java:130)
	at io.apicurio.registry.resolver.DefaultSchemaResolver.lambda$resolveSchema$0(DefaultSchemaResolver.java:84)
	at java.base/java.util.Optional.orElseGet(Optional.java:364)
	at io.apicurio.registry.resolver.DefaultSchemaResolver.resolveSchema(DefaultSchemaResolver.java:84)
	at io.apicurio.registry.serde.AbstractSerializer.serializeData(AbstractSerializer.java:62)
	at io.apicurio.registry.serde.KafkaSerializer.serialize(KafkaSerializer.java:77)
	at org.apache.kafka.clients.producer.KafkaProducer.doSend(KafkaProducer.java:1046)
	at org.apache.kafka.clients.producer.KafkaProducer.send(KafkaProducer.java:993)
	at org.apache.kafka.clients.producer.KafkaProducer.send(KafkaProducer.java:875)
	at io.apicurio.tests.serdes.apicurio.KafkaSerdesTester.lambda$produceMessages$3(KafkaSerdesTester.java:138)
	at java.base/java.util.concurrent.CompletableFuture$AsyncSupply.run(CompletableFuture.java:1768)
	at java.base/java.lang.Thread.run(Thread.java:840)
]]></system-err>
  </testcase>
  <testcase name="testTopicIdStrategyFindLatest" classname="io.apicurio.tests.serdes.apicurio.AvroSerdeIT" time="1.894">
    <system-out><![CDATA[2025-07-31 16:59:30,226 INFO  [io.api.tes.uti.TestSeparator] (main) ############################################################################
2025-07-31 16:59:30,226 INFO  [io.api.tes.uti.TestSeparator] (main) io.apicurio.tests.serdes.apicurio.AvroSerdeIT.testTopicIdStrategyFindLatest-STARTED
2025-07-31 16:59:30,231 INFO  [io.api.tes.ser.api.AvroSerdeIT] (main) Registering Avro Schema: {"type":"record","name":"myrecordapicurio1","fields":[{"name":"key11753981170227","type":"string"}]}
**** Registry Base URL: http://registry-app-inmemory.apps.ci419.apicurio-testing.org:80
2025-07-31 16:59:31,299 INFO  [org.apa.kaf.cli.pro.ProducerConfig] (main) ProducerConfig values: 
	acks = -1
	auto.include.jmx.reporter = true
	batch.size = 16384
	bootstrap.servers = [PLAINTEXT://localhost:32770]
	buffer.memory = 33554432
	client.dns.lookup = use_all_dns_ips
	client.id = Producer-topic-bcecd94a_b604_43e0_a956_af770275540e
	compression.gzip.level = -1
	compression.lz4.level = 9
	compression.type = none
	compression.zstd.level = 3
	connections.max.idle.ms = 10000
	delivery.timeout.ms = 120000
	enable.idempotence = true
	enable.metrics.push = true
	interceptor.classes = []
	key.serializer = class org.apache.kafka.common.serialization.StringSerializer
	linger.ms = 0
	max.block.ms = 60000
	max.in.flight.requests.per.connection = 5
	max.request.size = 1048576
	metadata.max.age.ms = 300000
	metadata.max.idle.ms = 300000
	metadata.recovery.strategy = none
	metric.reporters = []
	metrics.num.samples = 2
	metrics.recording.level = INFO
	metrics.sample.window.ms = 30000
	partitioner.adaptive.partitioning.enable = true
	partitioner.availability.timeout.ms = 0
	partitioner.class = null
	partitioner.ignore.keys = false
	receive.buffer.bytes = 32768
	reconnect.backoff.max.ms = 1000
	reconnect.backoff.ms = 50
	request.timeout.ms = 5000
	retries = 2147483647
	retry.backoff.max.ms = 1000
	retry.backoff.ms = 100
	sasl.client.callback.handler.class = null
	sasl.jaas.config = null
	sasl.kerberos.kinit.cmd = /usr/bin/kinit
	sasl.kerberos.min.time.before.relogin = 60000
	sasl.kerberos.service.name = null
	sasl.kerberos.ticket.renew.jitter = 0.05
	sasl.kerberos.ticket.renew.window.factor = 0.8
	sasl.login.callback.handler.class = null
	sasl.login.class = null
	sasl.login.connect.timeout.ms = null
	sasl.login.read.timeout.ms = null
	sasl.login.refresh.buffer.seconds = 300
	sasl.login.refresh.min.period.seconds = 60
	sasl.login.refresh.window.factor = 0.8
	sasl.login.refresh.window.jitter = 0.05
	sasl.login.retry.backoff.max.ms = 10000
	sasl.login.retry.backoff.ms = 100
	sasl.mechanism = GSSAPI
	sasl.oauthbearer.clock.skew.seconds = 30
	sasl.oauthbearer.expected.audience = null
	sasl.oauthbearer.expected.issuer = null
	sasl.oauthbearer.header.urlencode = false
	sasl.oauthbearer.jwks.endpoint.refresh.ms = 3600000
	sasl.oauthbearer.jwks.endpoint.retry.backoff.max.ms = 10000
	sasl.oauthbearer.jwks.endpoint.retry.backoff.ms = 100
	sasl.oauthbearer.jwks.endpoint.url = null
	sasl.oauthbearer.scope.claim.name = scope
	sasl.oauthbearer.sub.claim.name = sub
	sasl.oauthbearer.token.endpoint.url = null
	security.protocol = PLAINTEXT
	security.providers = null
	send.buffer.bytes = 131072
	socket.connection.setup.timeout.max.ms = 30000
	socket.connection.setup.timeout.ms = 10000
	ssl.cipher.suites = null
	ssl.enabled.protocols = [TLSv1.2, TLSv1.3]
	ssl.endpoint.identification.algorithm = https
	ssl.engine.factory.class = null
	ssl.key.password = null
	ssl.keymanager.algorithm = SunX509
	ssl.keystore.certificate.chain = null
	ssl.keystore.key = null
	ssl.keystore.location = null
	ssl.keystore.password = null
	ssl.keystore.type = JKS
	ssl.protocol = TLSv1.3
	ssl.provider = null
	ssl.secure.random.implementation = null
	ssl.trustmanager.algorithm = PKIX
	ssl.truststore.certificates = null
	ssl.truststore.location = null
	ssl.truststore.password = null
	ssl.truststore.type = JKS
	transaction.timeout.ms = 60000
	transactional.id = null
	value.serializer = class io.apicurio.registry.serde.avro.AvroKafkaSerializer

2025-07-31 16:59:31,299 INFO  [org.apa.kaf.com.tel.int.KafkaMetricsCollector] (main) initializing Kafka metrics collector
2025-07-31 16:59:31,303 INFO  [org.apa.kaf.cli.pro.KafkaProducer] (main) [Producer clientId=Producer-topic-bcecd94a_b604_43e0_a956_af770275540e] Instantiated an idempotent producer.
2025-07-31 16:59:31,306 INFO  [org.apa.kaf.cli.pro.ProducerConfig] (main) These configurations '[apicurio.registry.find-latest, apicurio.registry.url, apicurio.registry.artifact-resolver-strategy]' were supplied but are not used yet.
2025-07-31 16:59:31,306 INFO  [org.apa.kaf.com.uti.AppInfoParser] (main) Kafka version: 3.9.1
2025-07-31 16:59:31,306 INFO  [org.apa.kaf.com.uti.AppInfoParser] (main) Kafka commitId: f745dfdcee2b9851
2025-07-31 16:59:31,306 INFO  [org.apa.kaf.com.uti.AppInfoParser] (main) Kafka startTimeMs: 1753981171306
2025-07-31 16:59:31,306 INFO  [io.api.tes.ser.api.SimpleSerdesTesterBuilder$SimpleSerdesTester] (main) Using producer configuration: {apicurio.registry.find-latest=true, apicurio.registry.url=http://registry-app-inmemory.apps.ci419.apicurio-testing.org:80/apis/registry/v3, apicurio.registry.artifact-resolver-strategy=io.apicurio.registry.serde.strategy.TopicIdStrategy, value.serializer=io.apicurio.registry.serde.avro.AvroKafkaSerializer, request.timeout.ms=5000, acks=all, bootstrap.servers=PLAINTEXT://localhost:32770, connections.max.idle.ms=10000, key.serializer=org.apache.kafka.common.serialization.StringSerializer, client.id=Producer-topic-bcecd94a_b604_43e0_a956_af770275540e}
2025-07-31 16:59:31,306 INFO  [io.api.tes.ser.api.SimpleSerdesTesterBuilder$SimpleSerdesTester] (main) Using consumer configuration: {}
2025-07-31 16:59:31,310 INFO  [io.api.tes.ser.api.KafkaSerdesTester] (Thread-639) Sending message {"key11753981170227": "value-0"} to topic topic-bcecd94a_b604_43e0_a956_af770275540e
2025-07-31 16:59:31,312 INFO  [org.apa.kaf.cli.Metadata] (kafka-producer-network-thread | Producer-topic-bcecd94a_b604_43e0_a956_af770275540e) [Producer clientId=Producer-topic-bcecd94a_b604_43e0_a956_af770275540e] Cluster ID: JfHT16fFSb-b502x6d9TJg
2025-07-31 16:59:31,316 INFO  [org.apa.kaf.cli.pro.int.TransactionManager] (kafka-producer-network-thread | Producer-topic-bcecd94a_b604_43e0_a956_af770275540e) [Producer clientId=Producer-topic-bcecd94a_b604_43e0_a956_af770275540e] ProducerId set to 9 with epoch 0
2025-07-31 16:59:31,437 INFO  [io.api.tes.ser.api.KafkaSerdesTester] (Thread-639) Sending message {"key11753981170227": "value-1"} to topic topic-bcecd94a_b604_43e0_a956_af770275540e
2025-07-31 16:59:31,439 INFO  [io.api.tes.ser.api.KafkaSerdesTester] (Thread-639) Sending message {"key11753981170227": "value-2"} to topic topic-bcecd94a_b604_43e0_a956_af770275540e
2025-07-31 16:59:31,441 INFO  [io.api.tes.ser.api.KafkaSerdesTester] (Thread-639) Sending message {"key11753981170227": "value-3"} to topic topic-bcecd94a_b604_43e0_a956_af770275540e
2025-07-31 16:59:31,444 INFO  [io.api.tes.ser.api.KafkaSerdesTester] (Thread-639) Sending message {"key11753981170227": "value-4"} to topic topic-bcecd94a_b604_43e0_a956_af770275540e
2025-07-31 16:59:31,446 INFO  [io.api.tes.ser.api.KafkaSerdesTester] (Thread-639) Sending message {"key11753981170227": "value-5"} to topic topic-bcecd94a_b604_43e0_a956_af770275540e
2025-07-31 16:59:31,454 INFO  [io.api.tes.ser.api.KafkaSerdesTester] (Thread-639) Sending message {"key11753981170227": "value-6"} to topic topic-bcecd94a_b604_43e0_a956_af770275540e
2025-07-31 16:59:31,457 INFO  [io.api.tes.ser.api.KafkaSerdesTester] (Thread-639) Sending message {"key11753981170227": "value-7"} to topic topic-bcecd94a_b604_43e0_a956_af770275540e
2025-07-31 16:59:31,460 INFO  [io.api.tes.ser.api.KafkaSerdesTester] (Thread-639) Sending message {"key11753981170227": "value-8"} to topic topic-bcecd94a_b604_43e0_a956_af770275540e
2025-07-31 16:59:31,463 INFO  [io.api.tes.ser.api.KafkaSerdesTester] (Thread-639) Sending message {"key11753981170227": "value-9"} to topic topic-bcecd94a_b604_43e0_a956_af770275540e
2025-07-31 16:59:31,467 INFO  [io.api.tes.ser.api.KafkaSerdesTester] (Thread-639) Produced 10 messages
2025-07-31 16:59:31,468 INFO  [org.apa.kaf.cli.pro.KafkaProducer] (Thread-639) [Producer clientId=Producer-topic-bcecd94a_b604_43e0_a956_af770275540e] Closing the Kafka producer with timeoutMillis = 9223372036854775807 ms.
2025-07-31 16:59:31,471 INFO  [org.apa.kaf.com.met.Metrics] (Thread-639) Metrics scheduler closed
2025-07-31 16:59:31,471 INFO  [org.apa.kaf.com.met.Metrics] (Thread-639) Closing reporter org.apache.kafka.common.metrics.JmxReporter
2025-07-31 16:59:31,471 INFO  [org.apa.kaf.com.met.Metrics] (Thread-639) Closing reporter org.apache.kafka.common.telemetry.internals.ClientTelemetryReporter
2025-07-31 16:59:31,472 INFO  [org.apa.kaf.com.met.Metrics] (Thread-639) Metrics reporters closed
2025-07-31 16:59:31,472 INFO  [org.apa.kaf.com.uti.AppInfoParser] (Thread-639) App info kafka.producer for Producer-topic-bcecd94a_b604_43e0_a956_af770275540e unregistered
**** Registry Base URL: http://registry-app-inmemory.apps.ci419.apicurio-testing.org:80
2025-07-31 16:59:31,473 INFO  [org.apa.kaf.cli.con.ConsumerConfig] (main) ConsumerConfig values: 
	allow.auto.create.topics = true
	auto.commit.interval.ms = 500
	auto.include.jmx.reporter = true
	auto.offset.reset = earliest
	bootstrap.servers = [PLAINTEXT://localhost:32770]
	check.crcs = true
	client.dns.lookup = use_all_dns_ips
	client.id = consumer-Consumer-topic-bcecd94a_b604_43e0_a956_af770275540e-7
	client.rack = 
	connections.max.idle.ms = 10000
	default.api.timeout.ms = 60000
	enable.auto.commit = true
	enable.metrics.push = true
	exclude.internal.topics = true
	fetch.max.bytes = 52428800
	fetch.max.wait.ms = 500
	fetch.min.bytes = 1
	group.id = Consumer-topic-bcecd94a_b604_43e0_a956_af770275540e
	group.instance.id = null
	group.protocol = classic
	group.remote.assignor = null
	heartbeat.interval.ms = 3000
	interceptor.classes = []
	internal.leave.group.on.close = true
	internal.throw.on.fetch.stable.offset.unsupported = false
	isolation.level = read_uncommitted
	key.deserializer = class org.apache.kafka.common.serialization.StringDeserializer
	max.partition.fetch.bytes = 1048576
	max.poll.interval.ms = 300000
	max.poll.records = 500
	metadata.max.age.ms = 300000
	metadata.recovery.strategy = none
	metric.reporters = []
	metrics.num.samples = 2
	metrics.recording.level = INFO
	metrics.sample.window.ms = 30000
	partition.assignment.strategy = [class org.apache.kafka.clients.consumer.RangeAssignor, class org.apache.kafka.clients.consumer.CooperativeStickyAssignor]
	receive.buffer.bytes = 65536
	reconnect.backoff.max.ms = 1000
	reconnect.backoff.ms = 50
	request.timeout.ms = 5000
	retry.backoff.max.ms = 1000
	retry.backoff.ms = 100
	sasl.client.callback.handler.class = null
	sasl.jaas.config = null
	sasl.kerberos.kinit.cmd = /usr/bin/kinit
	sasl.kerberos.min.time.before.relogin = 60000
	sasl.kerberos.service.name = null
	sasl.kerberos.ticket.renew.jitter = 0.05
	sasl.kerberos.ticket.renew.window.factor = 0.8
	sasl.login.callback.handler.class = null
	sasl.login.class = null
	sasl.login.connect.timeout.ms = null
	sasl.login.read.timeout.ms = null
	sasl.login.refresh.buffer.seconds = 300
	sasl.login.refresh.min.period.seconds = 60
	sasl.login.refresh.window.factor = 0.8
	sasl.login.refresh.window.jitter = 0.05
	sasl.login.retry.backoff.max.ms = 10000
	sasl.login.retry.backoff.ms = 100
	sasl.mechanism = GSSAPI
	sasl.oauthbearer.clock.skew.seconds = 30
	sasl.oauthbearer.expected.audience = null
	sasl.oauthbearer.expected.issuer = null
	sasl.oauthbearer.header.urlencode = false
	sasl.oauthbearer.jwks.endpoint.refresh.ms = 3600000
	sasl.oauthbearer.jwks.endpoint.retry.backoff.max.ms = 10000
	sasl.oauthbearer.jwks.endpoint.retry.backoff.ms = 100
	sasl.oauthbearer.jwks.endpoint.url = null
	sasl.oauthbearer.scope.claim.name = scope
	sasl.oauthbearer.sub.claim.name = sub
	sasl.oauthbearer.token.endpoint.url = null
	security.protocol = PLAINTEXT
	security.providers = null
	send.buffer.bytes = 131072
	session.timeout.ms = 45000
	socket.connection.setup.timeout.max.ms = 30000
	socket.connection.setup.timeout.ms = 10000
	ssl.cipher.suites = null
	ssl.enabled.protocols = [TLSv1.2, TLSv1.3]
	ssl.endpoint.identification.algorithm = https
	ssl.engine.factory.class = null
	ssl.key.password = null
	ssl.keymanager.algorithm = SunX509
	ssl.keystore.certificate.chain = null
	ssl.keystore.key = null
	ssl.keystore.location = null
	ssl.keystore.password = null
	ssl.keystore.type = JKS
	ssl.protocol = TLSv1.3
	ssl.provider = null
	ssl.secure.random.implementation = null
	ssl.trustmanager.algorithm = PKIX
	ssl.truststore.certificates = null
	ssl.truststore.location = null
	ssl.truststore.password = null
	ssl.truststore.type = JKS
	value.deserializer = class io.apicurio.registry.serde.avro.AvroKafkaDeserializer

2025-07-31 16:59:31,473 INFO  [org.apa.kaf.com.tel.int.KafkaMetricsCollector] (main) initializing Kafka metrics collector
2025-07-31 16:59:31,486 INFO  [org.apa.kaf.cli.con.ConsumerConfig] (main) These configurations '[apicurio.registry.url]' were supplied but are not used yet.
2025-07-31 16:59:31,486 INFO  [org.apa.kaf.com.uti.AppInfoParser] (main) Kafka version: 3.9.1
2025-07-31 16:59:31,486 INFO  [org.apa.kaf.com.uti.AppInfoParser] (main) Kafka commitId: f745dfdcee2b9851
2025-07-31 16:59:31,486 INFO  [org.apa.kaf.com.uti.AppInfoParser] (main) Kafka startTimeMs: 1753981171486
2025-07-31 16:59:31,487 INFO  [org.apa.kaf.cli.con.int.ClassicKafkaConsumer] (Thread-642) [Consumer clientId=consumer-Consumer-topic-bcecd94a_b604_43e0_a956_af770275540e-7, groupId=Consumer-topic-bcecd94a_b604_43e0_a956_af770275540e] Subscribed to topic(s): topic-bcecd94a_b604_43e0_a956_af770275540e
2025-07-31 16:59:31,496 INFO  [org.apa.kaf.cli.Metadata] (Thread-642) [Consumer clientId=consumer-Consumer-topic-bcecd94a_b604_43e0_a956_af770275540e-7, groupId=Consumer-topic-bcecd94a_b604_43e0_a956_af770275540e] Cluster ID: JfHT16fFSb-b502x6d9TJg
2025-07-31 16:59:31,497 INFO  [org.apa.kaf.cli.con.int.ConsumerCoordinator] (Thread-642) [Consumer clientId=consumer-Consumer-topic-bcecd94a_b604_43e0_a956_af770275540e-7, groupId=Consumer-topic-bcecd94a_b604_43e0_a956_af770275540e] Discovered group coordinator localhost:32770 (id: 2147483647 rack: null)
2025-07-31 16:59:31,499 INFO  [org.apa.kaf.cli.con.int.ConsumerCoordinator] (Thread-642) [Consumer clientId=consumer-Consumer-topic-bcecd94a_b604_43e0_a956_af770275540e-7, groupId=Consumer-topic-bcecd94a_b604_43e0_a956_af770275540e] (Re-)joining group
2025-07-31 16:59:31,503 INFO  [org.apa.kaf.cli.con.int.ConsumerCoordinator] (Thread-642) [Consumer clientId=consumer-Consumer-topic-bcecd94a_b604_43e0_a956_af770275540e-7, groupId=Consumer-topic-bcecd94a_b604_43e0_a956_af770275540e] Request joining group due to: need to re-join with the given member-id: consumer-Consumer-topic-bcecd94a_b604_43e0_a956_af770275540e-7-7a19b8e5-a421-4441-bd24-55aa9a87e21e
2025-07-31 16:59:31,503 INFO  [org.apa.kaf.cli.con.int.ConsumerCoordinator] (Thread-642) [Consumer clientId=consumer-Consumer-topic-bcecd94a_b604_43e0_a956_af770275540e-7, groupId=Consumer-topic-bcecd94a_b604_43e0_a956_af770275540e] (Re-)joining group
2025-07-31 16:59:31,506 INFO  [org.apa.kaf.cli.con.int.ConsumerCoordinator] (Thread-642) [Consumer clientId=consumer-Consumer-topic-bcecd94a_b604_43e0_a956_af770275540e-7, groupId=Consumer-topic-bcecd94a_b604_43e0_a956_af770275540e] Successfully joined group with generation Generation{generationId=1, memberId='consumer-Consumer-topic-bcecd94a_b604_43e0_a956_af770275540e-7-7a19b8e5-a421-4441-bd24-55aa9a87e21e', protocol='range'}
2025-07-31 16:59:31,506 INFO  [org.apa.kaf.cli.con.int.ConsumerCoordinator] (Thread-642) [Consumer clientId=consumer-Consumer-topic-bcecd94a_b604_43e0_a956_af770275540e-7, groupId=Consumer-topic-bcecd94a_b604_43e0_a956_af770275540e] Finished assignment for group at generation 1: {consumer-Consumer-topic-bcecd94a_b604_43e0_a956_af770275540e-7-7a19b8e5-a421-4441-bd24-55aa9a87e21e=Assignment(partitions=[topic-bcecd94a_b604_43e0_a956_af770275540e-0])}
2025-07-31 16:59:31,509 INFO  [org.apa.kaf.cli.con.int.ConsumerCoordinator] (Thread-642) [Consumer clientId=consumer-Consumer-topic-bcecd94a_b604_43e0_a956_af770275540e-7, groupId=Consumer-topic-bcecd94a_b604_43e0_a956_af770275540e] Successfully synced group in generation Generation{generationId=1, memberId='consumer-Consumer-topic-bcecd94a_b604_43e0_a956_af770275540e-7-7a19b8e5-a421-4441-bd24-55aa9a87e21e', protocol='range'}
2025-07-31 16:59:31,510 INFO  [org.apa.kaf.cli.con.int.ConsumerCoordinator] (Thread-642) [Consumer clientId=consumer-Consumer-topic-bcecd94a_b604_43e0_a956_af770275540e-7, groupId=Consumer-topic-bcecd94a_b604_43e0_a956_af770275540e] Notifying assignor about the new Assignment(partitions=[topic-bcecd94a_b604_43e0_a956_af770275540e-0])
2025-07-31 16:59:31,510 INFO  [org.apa.kaf.cli.con.int.ConsumerRebalanceListenerInvoker] (Thread-642) [Consumer clientId=consumer-Consumer-topic-bcecd94a_b604_43e0_a956_af770275540e-7, groupId=Consumer-topic-bcecd94a_b604_43e0_a956_af770275540e] Adding newly assigned partitions: topic-bcecd94a_b604_43e0_a956_af770275540e-0
2025-07-31 16:59:31,511 INFO  [org.apa.kaf.cli.con.int.ConsumerCoordinator] (Thread-642) [Consumer clientId=consumer-Consumer-topic-bcecd94a_b604_43e0_a956_af770275540e-7, groupId=Consumer-topic-bcecd94a_b604_43e0_a956_af770275540e] Found no committed offset for partition topic-bcecd94a_b604_43e0_a956_af770275540e-0
2025-07-31 16:59:31,518 INFO  [org.apa.kaf.cli.con.int.SubscriptionState] (Thread-642) [Consumer clientId=consumer-Consumer-topic-bcecd94a_b604_43e0_a956_af770275540e-7, groupId=Consumer-topic-bcecd94a_b604_43e0_a956_af770275540e] Resetting offset for partition topic-bcecd94a_b604_43e0_a956_af770275540e-0 to position FetchPosition{offset=0, offsetEpoch=Optional.empty, currentLeader=LeaderAndEpoch{leader=Optional[localhost:32770 (id: 0 rack: null)], epoch=0}}.
2025-07-31 16:59:31,610 INFO  [io.api.tes.ser.api.KafkaSerdesTester] (Thread-642) topic-bcecd94a_b604_43e0_a956_af770275540e 0 0 {"key11753981170227": "value-0"}
2025-07-31 16:59:31,610 INFO  [io.api.tes.ser.api.KafkaSerdesTester] (Thread-642) topic-bcecd94a_b604_43e0_a956_af770275540e 0 1 {"key11753981170227": "value-1"}
2025-07-31 16:59:31,610 INFO  [io.api.tes.ser.api.KafkaSerdesTester] (Thread-642) topic-bcecd94a_b604_43e0_a956_af770275540e 0 2 {"key11753981170227": "value-2"}
2025-07-31 16:59:31,612 INFO  [io.api.tes.ser.api.KafkaSerdesTester] (Thread-642) topic-bcecd94a_b604_43e0_a956_af770275540e 0 3 {"key11753981170227": "value-3"}
2025-07-31 16:59:31,612 INFO  [io.api.tes.ser.api.KafkaSerdesTester] (Thread-642) topic-bcecd94a_b604_43e0_a956_af770275540e 0 4 {"key11753981170227": "value-4"}
2025-07-31 16:59:31,612 INFO  [io.api.tes.ser.api.KafkaSerdesTester] (Thread-642) topic-bcecd94a_b604_43e0_a956_af770275540e 0 5 {"key11753981170227": "value-5"}
2025-07-31 16:59:31,612 INFO  [io.api.tes.ser.api.KafkaSerdesTester] (Thread-642) topic-bcecd94a_b604_43e0_a956_af770275540e 0 6 {"key11753981170227": "value-6"}
2025-07-31 16:59:31,612 INFO  [io.api.tes.ser.api.KafkaSerdesTester] (Thread-642) topic-bcecd94a_b604_43e0_a956_af770275540e 0 7 {"key11753981170227": "value-7"}
2025-07-31 16:59:31,612 INFO  [io.api.tes.ser.api.KafkaSerdesTester] (Thread-642) topic-bcecd94a_b604_43e0_a956_af770275540e 0 8 {"key11753981170227": "value-8"}
2025-07-31 16:59:31,612 INFO  [io.api.tes.ser.api.KafkaSerdesTester] (Thread-642) topic-bcecd94a_b604_43e0_a956_af770275540e 0 9 {"key11753981170227": "value-9"}
2025-07-31 16:59:31,612 INFO  [io.api.tes.ser.api.KafkaSerdesTester] (Thread-642) Consumed 10 messages
2025-07-31 16:59:31,615 INFO  [org.apa.kaf.cli.con.int.ConsumerRebalanceListenerInvoker] (Thread-642) [Consumer clientId=consumer-Consumer-topic-bcecd94a_b604_43e0_a956_af770275540e-7, groupId=Consumer-topic-bcecd94a_b604_43e0_a956_af770275540e] Revoke previously assigned partitions topic-bcecd94a_b604_43e0_a956_af770275540e-0
2025-07-31 16:59:31,615 INFO  [org.apa.kaf.cli.con.int.ConsumerCoordinator] (Thread-642) [Consumer clientId=consumer-Consumer-topic-bcecd94a_b604_43e0_a956_af770275540e-7, groupId=Consumer-topic-bcecd94a_b604_43e0_a956_af770275540e] Member consumer-Consumer-topic-bcecd94a_b604_43e0_a956_af770275540e-7-7a19b8e5-a421-4441-bd24-55aa9a87e21e sending LeaveGroup request to coordinator localhost:32770 (id: 2147483647 rack: null) due to the consumer is being closed
2025-07-31 16:59:31,616 INFO  [org.apa.kaf.cli.con.int.ConsumerCoordinator] (Thread-642) [Consumer clientId=consumer-Consumer-topic-bcecd94a_b604_43e0_a956_af770275540e-7, groupId=Consumer-topic-bcecd94a_b604_43e0_a956_af770275540e] Resetting generation and member id due to: consumer pro-actively leaving the group
2025-07-31 16:59:31,616 INFO  [org.apa.kaf.cli.con.int.ConsumerCoordinator] (Thread-642) [Consumer clientId=consumer-Consumer-topic-bcecd94a_b604_43e0_a956_af770275540e-7, groupId=Consumer-topic-bcecd94a_b604_43e0_a956_af770275540e] Request joining group due to: consumer pro-actively leaving the group
2025-07-31 16:59:32,114 INFO  [org.apa.kaf.com.met.Metrics] (Thread-642) Metrics scheduler closed
2025-07-31 16:59:32,115 INFO  [org.apa.kaf.com.met.Metrics] (Thread-642) Closing reporter org.apache.kafka.common.metrics.JmxReporter
2025-07-31 16:59:32,115 INFO  [org.apa.kaf.com.met.Metrics] (Thread-642) Closing reporter org.apache.kafka.common.telemetry.internals.ClientTelemetryReporter
2025-07-31 16:59:32,115 INFO  [org.apa.kaf.com.met.Metrics] (Thread-642) Metrics reporters closed
2025-07-31 16:59:32,118 INFO  [org.apa.kaf.com.uti.AppInfoParser] (Thread-642) App info kafka.consumer for consumer-Consumer-topic-bcecd94a_b604_43e0_a956_af770275540e-7 unregistered
2025-07-31 16:59:32,119 INFO  [io.api.tes.uti.TestSeparator] (main) io.apicurio.tests.serdes.apicurio.AvroSerdeIT.testTopicIdStrategyFindLatest-FINISHED
2025-07-31 16:59:32,119 INFO  [io.api.tes.uti.TestSeparator] (main) ############################################################################
Test passed: testTopicIdStrategyFindLatest
]]></system-out>
  </testcase>
  <testcase name="testAvroUnionWithSpecificReader" classname="io.apicurio.tests.serdes.apicurio.AvroSerdeIT" time="1.111">
    <system-out><![CDATA[2025-07-31 16:59:32,120 INFO  [io.api.tes.uti.TestSeparator] (main) ############################################################################
2025-07-31 16:59:32,120 INFO  [io.api.tes.uti.TestSeparator] (main) io.apicurio.tests.serdes.apicurio.AvroSerdeIT.testAvroUnionWithSpecificReader-STARTED
**** Registry Base URL: http://registry-app-inmemory.apps.ci419.apicurio-testing.org:80
2025-07-31 16:59:32,123 INFO  [org.apa.kaf.cli.pro.ProducerConfig] (main) ProducerConfig values: 
	acks = -1
	auto.include.jmx.reporter = true
	batch.size = 16384
	bootstrap.servers = [PLAINTEXT://localhost:32770]
	buffer.memory = 33554432
	client.dns.lookup = use_all_dns_ips
	client.id = Producer-topic-cb0debdc_2e9d_4fc0_84c8_b35d77a2e252
	compression.gzip.level = -1
	compression.lz4.level = 9
	compression.type = none
	compression.zstd.level = 3
	connections.max.idle.ms = 10000
	delivery.timeout.ms = 120000
	enable.idempotence = true
	enable.metrics.push = true
	interceptor.classes = []
	key.serializer = class org.apache.kafka.common.serialization.StringSerializer
	linger.ms = 0
	max.block.ms = 60000
	max.in.flight.requests.per.connection = 5
	max.request.size = 1048576
	metadata.max.age.ms = 300000
	metadata.max.idle.ms = 300000
	metadata.recovery.strategy = none
	metric.reporters = []
	metrics.num.samples = 2
	metrics.recording.level = INFO
	metrics.sample.window.ms = 30000
	partitioner.adaptive.partitioning.enable = true
	partitioner.availability.timeout.ms = 0
	partitioner.class = null
	partitioner.ignore.keys = false
	receive.buffer.bytes = 32768
	reconnect.backoff.max.ms = 1000
	reconnect.backoff.ms = 50
	request.timeout.ms = 5000
	retries = 2147483647
	retry.backoff.max.ms = 1000
	retry.backoff.ms = 100
	sasl.client.callback.handler.class = null
	sasl.jaas.config = null
	sasl.kerberos.kinit.cmd = /usr/bin/kinit
	sasl.kerberos.min.time.before.relogin = 60000
	sasl.kerberos.service.name = null
	sasl.kerberos.ticket.renew.jitter = 0.05
	sasl.kerberos.ticket.renew.window.factor = 0.8
	sasl.login.callback.handler.class = null
	sasl.login.class = null
	sasl.login.connect.timeout.ms = null
	sasl.login.read.timeout.ms = null
	sasl.login.refresh.buffer.seconds = 300
	sasl.login.refresh.min.period.seconds = 60
	sasl.login.refresh.window.factor = 0.8
	sasl.login.refresh.window.jitter = 0.05
	sasl.login.retry.backoff.max.ms = 10000
	sasl.login.retry.backoff.ms = 100
	sasl.mechanism = GSSAPI
	sasl.oauthbearer.clock.skew.seconds = 30
	sasl.oauthbearer.expected.audience = null
	sasl.oauthbearer.expected.issuer = null
	sasl.oauthbearer.header.urlencode = false
	sasl.oauthbearer.jwks.endpoint.refresh.ms = 3600000
	sasl.oauthbearer.jwks.endpoint.retry.backoff.max.ms = 10000
	sasl.oauthbearer.jwks.endpoint.retry.backoff.ms = 100
	sasl.oauthbearer.jwks.endpoint.url = null
	sasl.oauthbearer.scope.claim.name = scope
	sasl.oauthbearer.sub.claim.name = sub
	sasl.oauthbearer.token.endpoint.url = null
	security.protocol = PLAINTEXT
	security.providers = null
	send.buffer.bytes = 131072
	socket.connection.setup.timeout.max.ms = 30000
	socket.connection.setup.timeout.ms = 10000
	ssl.cipher.suites = null
	ssl.enabled.protocols = [TLSv1.2, TLSv1.3]
	ssl.endpoint.identification.algorithm = https
	ssl.engine.factory.class = null
	ssl.key.password = null
	ssl.keymanager.algorithm = SunX509
	ssl.keystore.certificate.chain = null
	ssl.keystore.key = null
	ssl.keystore.location = null
	ssl.keystore.password = null
	ssl.keystore.type = JKS
	ssl.protocol = TLSv1.3
	ssl.provider = null
	ssl.secure.random.implementation = null
	ssl.trustmanager.algorithm = PKIX
	ssl.truststore.certificates = null
	ssl.truststore.location = null
	ssl.truststore.password = null
	ssl.truststore.type = JKS
	transaction.timeout.ms = 60000
	transactional.id = null
	value.serializer = class io.apicurio.registry.serde.avro.AvroKafkaSerializer

2025-07-31 16:59:32,123 INFO  [org.apa.kaf.com.tel.int.KafkaMetricsCollector] (main) initializing Kafka metrics collector
2025-07-31 16:59:32,142 INFO  [org.apa.kaf.cli.pro.KafkaProducer] (main) [Producer clientId=Producer-topic-cb0debdc_2e9d_4fc0_84c8_b35d77a2e252] Instantiated an idempotent producer.
2025-07-31 16:59:32,144 INFO  [org.apa.kaf.cli.pro.ProducerConfig] (main) These configurations '[apicurio.registry.url, apicurio.registry.auto-register, apicurio.registry.artifact-resolver-strategy]' were supplied but are not used yet.
2025-07-31 16:59:32,144 INFO  [org.apa.kaf.com.uti.AppInfoParser] (main) Kafka version: 3.9.1
2025-07-31 16:59:32,145 INFO  [org.apa.kaf.com.uti.AppInfoParser] (main) Kafka commitId: f745dfdcee2b9851
2025-07-31 16:59:32,145 INFO  [org.apa.kaf.com.uti.AppInfoParser] (main) Kafka startTimeMs: 1753981172144
2025-07-31 16:59:32,146 INFO  [io.api.tes.ser.api.SimpleSerdesTesterBuilder$SimpleSerdesTester] (main) Using producer configuration: {apicurio.registry.url=http://registry-app-inmemory.apps.ci419.apicurio-testing.org:80/apis/registry/v3, apicurio.registry.auto-register=true, apicurio.registry.artifact-resolver-strategy=io.apicurio.registry.serde.strategy.TopicIdStrategy, value.serializer=io.apicurio.registry.serde.avro.AvroKafkaSerializer, request.timeout.ms=5000, acks=all, bootstrap.servers=PLAINTEXT://localhost:32770, connections.max.idle.ms=10000, key.serializer=org.apache.kafka.common.serialization.StringSerializer, client.id=Producer-topic-cb0debdc_2e9d_4fc0_84c8_b35d77a2e252}
2025-07-31 16:59:32,146 INFO  [io.api.tes.ser.api.SimpleSerdesTesterBuilder$SimpleSerdesTester] (main) Using consumer configuration: {}
2025-07-31 16:59:32,159 INFO  [io.api.tes.ser.api.KafkaSerdesTester] (Thread-645) Sending message {"id": "record-0"} to topic topic-cb0debdc_2e9d_4fc0_84c8_b35d77a2e252
2025-07-31 16:59:32,164 INFO  [org.apa.kaf.cli.Metadata] (kafka-producer-network-thread | Producer-topic-cb0debdc_2e9d_4fc0_84c8_b35d77a2e252) [Producer clientId=Producer-topic-cb0debdc_2e9d_4fc0_84c8_b35d77a2e252] Cluster ID: JfHT16fFSb-b502x6d9TJg
2025-07-31 16:59:32,164 INFO  [org.apa.kaf.cli.pro.int.TransactionManager] (kafka-producer-network-thread | Producer-topic-cb0debdc_2e9d_4fc0_84c8_b35d77a2e252) [Producer clientId=Producer-topic-cb0debdc_2e9d_4fc0_84c8_b35d77a2e252] ProducerId set to 10 with epoch 0
2025-07-31 16:59:32,183 WARN  [org.apa.kaf.cli.NetworkClient] (kafka-producer-network-thread | Producer-topic-cb0debdc_2e9d_4fc0_84c8_b35d77a2e252) [Producer clientId=Producer-topic-cb0debdc_2e9d_4fc0_84c8_b35d77a2e252] The metadata response from the cluster reported a recoverable issue with correlation id 7 : {topic-cb0debdc_2e9d_4fc0_84c8_b35d77a2e252=LEADER_NOT_AVAILABLE}
2025-07-31 16:59:32,355 INFO  [io.api.tes.ser.api.KafkaSerdesTester] (Thread-645) Sending message {"value": 1} to topic topic-cb0debdc_2e9d_4fc0_84c8_b35d77a2e252
2025-07-31 16:59:32,408 INFO  [io.api.tes.ser.api.KafkaSerdesTester] (Thread-645) Sending message {"active": true} to topic topic-cb0debdc_2e9d_4fc0_84c8_b35d77a2e252
2025-07-31 16:59:32,455 INFO  [io.api.tes.ser.api.KafkaSerdesTester] (Thread-645) Sending message {"id": "record-3"} to topic topic-cb0debdc_2e9d_4fc0_84c8_b35d77a2e252
2025-07-31 16:59:32,456 INFO  [io.api.tes.ser.api.KafkaSerdesTester] (Thread-645) Sending message {"value": 4} to topic topic-cb0debdc_2e9d_4fc0_84c8_b35d77a2e252
2025-07-31 16:59:32,458 INFO  [io.api.tes.ser.api.KafkaSerdesTester] (Thread-645) Sending message {"active": false} to topic topic-cb0debdc_2e9d_4fc0_84c8_b35d77a2e252
2025-07-31 16:59:32,460 INFO  [io.api.tes.ser.api.KafkaSerdesTester] (Thread-645) Sending message {"id": "record-6"} to topic topic-cb0debdc_2e9d_4fc0_84c8_b35d77a2e252
2025-07-31 16:59:32,462 INFO  [io.api.tes.ser.api.KafkaSerdesTester] (Thread-645) Sending message {"value": 7} to topic topic-cb0debdc_2e9d_4fc0_84c8_b35d77a2e252
2025-07-31 16:59:32,463 INFO  [io.api.tes.ser.api.KafkaSerdesTester] (Thread-645) Sending message {"active": true} to topic topic-cb0debdc_2e9d_4fc0_84c8_b35d77a2e252
2025-07-31 16:59:32,464 INFO  [io.api.tes.ser.api.KafkaSerdesTester] (Thread-645) Sending message {"id": "record-9"} to topic topic-cb0debdc_2e9d_4fc0_84c8_b35d77a2e252
2025-07-31 16:59:32,466 INFO  [io.api.tes.ser.api.KafkaSerdesTester] (Thread-645) Produced 10 messages
2025-07-31 16:59:32,466 INFO  [org.apa.kaf.cli.pro.KafkaProducer] (Thread-645) [Producer clientId=Producer-topic-cb0debdc_2e9d_4fc0_84c8_b35d77a2e252] Closing the Kafka producer with timeoutMillis = 9223372036854775807 ms.
2025-07-31 16:59:32,468 INFO  [org.apa.kaf.com.met.Metrics] (Thread-645) Metrics scheduler closed
2025-07-31 16:59:32,468 INFO  [org.apa.kaf.com.met.Metrics] (Thread-645) Closing reporter org.apache.kafka.common.metrics.JmxReporter
2025-07-31 16:59:32,468 INFO  [org.apa.kaf.com.met.Metrics] (Thread-645) Closing reporter org.apache.kafka.common.telemetry.internals.ClientTelemetryReporter
2025-07-31 16:59:32,468 INFO  [org.apa.kaf.com.met.Metrics] (Thread-645) Metrics reporters closed
2025-07-31 16:59:32,469 INFO  [org.apa.kaf.com.uti.AppInfoParser] (Thread-645) App info kafka.producer for Producer-topic-cb0debdc_2e9d_4fc0_84c8_b35d77a2e252 unregistered
2025-07-31 16:59:32,496 INFO  [io.api.tes.ser.api.AvroSerdeIT] (main) Artifact topic-cb0debdc_2e9d_4fc0_84c8_b35d77a2e252-value found in registry with globalId 25
**** Registry Base URL: http://registry-app-inmemory.apps.ci419.apicurio-testing.org:80
2025-07-31 16:59:32,497 INFO  [org.apa.kaf.cli.con.ConsumerConfig] (main) ConsumerConfig values: 
	allow.auto.create.topics = true
	auto.commit.interval.ms = 500
	auto.include.jmx.reporter = true
	auto.offset.reset = earliest
	bootstrap.servers = [PLAINTEXT://localhost:32770]
	check.crcs = true
	client.dns.lookup = use_all_dns_ips
	client.id = consumer-Consumer-topic-cb0debdc_2e9d_4fc0_84c8_b35d77a2e252-8
	client.rack = 
	connections.max.idle.ms = 10000
	default.api.timeout.ms = 60000
	enable.auto.commit = true
	enable.metrics.push = true
	exclude.internal.topics = true
	fetch.max.bytes = 52428800
	fetch.max.wait.ms = 500
	fetch.min.bytes = 1
	group.id = Consumer-topic-cb0debdc_2e9d_4fc0_84c8_b35d77a2e252
	group.instance.id = null
	group.protocol = classic
	group.remote.assignor = null
	heartbeat.interval.ms = 3000
	interceptor.classes = []
	internal.leave.group.on.close = true
	internal.throw.on.fetch.stable.offset.unsupported = false
	isolation.level = read_uncommitted
	key.deserializer = class org.apache.kafka.common.serialization.StringDeserializer
	max.partition.fetch.bytes = 1048576
	max.poll.interval.ms = 300000
	max.poll.records = 500
	metadata.max.age.ms = 300000
	metadata.recovery.strategy = none
	metric.reporters = []
	metrics.num.samples = 2
	metrics.recording.level = INFO
	metrics.sample.window.ms = 30000
	partition.assignment.strategy = [class org.apache.kafka.clients.consumer.RangeAssignor, class org.apache.kafka.clients.consumer.CooperativeStickyAssignor]
	receive.buffer.bytes = 65536
	reconnect.backoff.max.ms = 1000
	reconnect.backoff.ms = 50
	request.timeout.ms = 5000
	retry.backoff.max.ms = 1000
	retry.backoff.ms = 100
	sasl.client.callback.handler.class = null
	sasl.jaas.config = null
	sasl.kerberos.kinit.cmd = /usr/bin/kinit
	sasl.kerberos.min.time.before.relogin = 60000
	sasl.kerberos.service.name = null
	sasl.kerberos.ticket.renew.jitter = 0.05
	sasl.kerberos.ticket.renew.window.factor = 0.8
	sasl.login.callback.handler.class = null
	sasl.login.class = null
	sasl.login.connect.timeout.ms = null
	sasl.login.read.timeout.ms = null
	sasl.login.refresh.buffer.seconds = 300
	sasl.login.refresh.min.period.seconds = 60
	sasl.login.refresh.window.factor = 0.8
	sasl.login.refresh.window.jitter = 0.05
	sasl.login.retry.backoff.max.ms = 10000
	sasl.login.retry.backoff.ms = 100
	sasl.mechanism = GSSAPI
	sasl.oauthbearer.clock.skew.seconds = 30
	sasl.oauthbearer.expected.audience = null
	sasl.oauthbearer.expected.issuer = null
	sasl.oauthbearer.header.urlencode = false
	sasl.oauthbearer.jwks.endpoint.refresh.ms = 3600000
	sasl.oauthbearer.jwks.endpoint.retry.backoff.max.ms = 10000
	sasl.oauthbearer.jwks.endpoint.retry.backoff.ms = 100
	sasl.oauthbearer.jwks.endpoint.url = null
	sasl.oauthbearer.scope.claim.name = scope
	sasl.oauthbearer.sub.claim.name = sub
	sasl.oauthbearer.token.endpoint.url = null
	security.protocol = PLAINTEXT
	security.providers = null
	send.buffer.bytes = 131072
	session.timeout.ms = 45000
	socket.connection.setup.timeout.max.ms = 30000
	socket.connection.setup.timeout.ms = 10000
	ssl.cipher.suites = null
	ssl.enabled.protocols = [TLSv1.2, TLSv1.3]
	ssl.endpoint.identification.algorithm = https
	ssl.engine.factory.class = null
	ssl.key.password = null
	ssl.keymanager.algorithm = SunX509
	ssl.keystore.certificate.chain = null
	ssl.keystore.key = null
	ssl.keystore.location = null
	ssl.keystore.password = null
	ssl.keystore.type = JKS
	ssl.protocol = TLSv1.3
	ssl.provider = null
	ssl.secure.random.implementation = null
	ssl.trustmanager.algorithm = PKIX
	ssl.truststore.certificates = null
	ssl.truststore.location = null
	ssl.truststore.password = null
	ssl.truststore.type = JKS
	value.deserializer = class io.apicurio.registry.serde.avro.AvroKafkaDeserializer

2025-07-31 16:59:32,497 INFO  [org.apa.kaf.com.tel.int.KafkaMetricsCollector] (main) initializing Kafka metrics collector
2025-07-31 16:59:32,506 INFO  [org.apa.kaf.cli.con.ConsumerConfig] (main) These configurations '[apicurio.registry.url]' were supplied but are not used yet.
2025-07-31 16:59:32,506 INFO  [org.apa.kaf.com.uti.AppInfoParser] (main) Kafka version: 3.9.1
2025-07-31 16:59:32,506 INFO  [org.apa.kaf.com.uti.AppInfoParser] (main) Kafka commitId: f745dfdcee2b9851
2025-07-31 16:59:32,506 INFO  [org.apa.kaf.com.uti.AppInfoParser] (main) Kafka startTimeMs: 1753981172506
2025-07-31 16:59:32,506 INFO  [org.apa.kaf.cli.con.int.ClassicKafkaConsumer] (Thread-648) [Consumer clientId=consumer-Consumer-topic-cb0debdc_2e9d_4fc0_84c8_b35d77a2e252-8, groupId=Consumer-topic-cb0debdc_2e9d_4fc0_84c8_b35d77a2e252] Subscribed to topic(s): topic-cb0debdc_2e9d_4fc0_84c8_b35d77a2e252
2025-07-31 16:59:32,511 INFO  [org.apa.kaf.cli.Metadata] (Thread-648) [Consumer clientId=consumer-Consumer-topic-cb0debdc_2e9d_4fc0_84c8_b35d77a2e252-8, groupId=Consumer-topic-cb0debdc_2e9d_4fc0_84c8_b35d77a2e252] Cluster ID: JfHT16fFSb-b502x6d9TJg
2025-07-31 16:59:32,513 INFO  [org.apa.kaf.cli.con.int.ConsumerCoordinator] (Thread-648) [Consumer clientId=consumer-Consumer-topic-cb0debdc_2e9d_4fc0_84c8_b35d77a2e252-8, groupId=Consumer-topic-cb0debdc_2e9d_4fc0_84c8_b35d77a2e252] Discovered group coordinator localhost:32770 (id: 2147483647 rack: null)
2025-07-31 16:59:32,514 INFO  [org.apa.kaf.cli.con.int.ConsumerCoordinator] (Thread-648) [Consumer clientId=consumer-Consumer-topic-cb0debdc_2e9d_4fc0_84c8_b35d77a2e252-8, groupId=Consumer-topic-cb0debdc_2e9d_4fc0_84c8_b35d77a2e252] (Re-)joining group
2025-07-31 16:59:32,520 INFO  [org.apa.kaf.cli.con.int.ConsumerCoordinator] (Thread-648) [Consumer clientId=consumer-Consumer-topic-cb0debdc_2e9d_4fc0_84c8_b35d77a2e252-8, groupId=Consumer-topic-cb0debdc_2e9d_4fc0_84c8_b35d77a2e252] Request joining group due to: need to re-join with the given member-id: consumer-Consumer-topic-cb0debdc_2e9d_4fc0_84c8_b35d77a2e252-8-9e51e209-7fec-4968-b2e7-03fac0273f37
2025-07-31 16:59:32,520 INFO  [org.apa.kaf.cli.con.int.ConsumerCoordinator] (Thread-648) [Consumer clientId=consumer-Consumer-topic-cb0debdc_2e9d_4fc0_84c8_b35d77a2e252-8, groupId=Consumer-topic-cb0debdc_2e9d_4fc0_84c8_b35d77a2e252] (Re-)joining group
2025-07-31 16:59:32,522 INFO  [org.apa.kaf.cli.con.int.ConsumerCoordinator] (Thread-648) [Consumer clientId=consumer-Consumer-topic-cb0debdc_2e9d_4fc0_84c8_b35d77a2e252-8, groupId=Consumer-topic-cb0debdc_2e9d_4fc0_84c8_b35d77a2e252] Successfully joined group with generation Generation{generationId=1, memberId='consumer-Consumer-topic-cb0debdc_2e9d_4fc0_84c8_b35d77a2e252-8-9e51e209-7fec-4968-b2e7-03fac0273f37', protocol='range'}
2025-07-31 16:59:32,522 INFO  [org.apa.kaf.cli.con.int.ConsumerCoordinator] (Thread-648) [Consumer clientId=consumer-Consumer-topic-cb0debdc_2e9d_4fc0_84c8_b35d77a2e252-8, groupId=Consumer-topic-cb0debdc_2e9d_4fc0_84c8_b35d77a2e252] Finished assignment for group at generation 1: {consumer-Consumer-topic-cb0debdc_2e9d_4fc0_84c8_b35d77a2e252-8-9e51e209-7fec-4968-b2e7-03fac0273f37=Assignment(partitions=[topic-cb0debdc_2e9d_4fc0_84c8_b35d77a2e252-0])}
2025-07-31 16:59:32,525 INFO  [org.apa.kaf.cli.con.int.ConsumerCoordinator] (Thread-648) [Consumer clientId=consumer-Consumer-topic-cb0debdc_2e9d_4fc0_84c8_b35d77a2e252-8, groupId=Consumer-topic-cb0debdc_2e9d_4fc0_84c8_b35d77a2e252] Successfully synced group in generation Generation{generationId=1, memberId='consumer-Consumer-topic-cb0debdc_2e9d_4fc0_84c8_b35d77a2e252-8-9e51e209-7fec-4968-b2e7-03fac0273f37', protocol='range'}
2025-07-31 16:59:32,525 INFO  [org.apa.kaf.cli.con.int.ConsumerCoordinator] (Thread-648) [Consumer clientId=consumer-Consumer-topic-cb0debdc_2e9d_4fc0_84c8_b35d77a2e252-8, groupId=Consumer-topic-cb0debdc_2e9d_4fc0_84c8_b35d77a2e252] Notifying assignor about the new Assignment(partitions=[topic-cb0debdc_2e9d_4fc0_84c8_b35d77a2e252-0])
2025-07-31 16:59:32,526 INFO  [org.apa.kaf.cli.con.int.ConsumerRebalanceListenerInvoker] (Thread-648) [Consumer clientId=consumer-Consumer-topic-cb0debdc_2e9d_4fc0_84c8_b35d77a2e252-8, groupId=Consumer-topic-cb0debdc_2e9d_4fc0_84c8_b35d77a2e252] Adding newly assigned partitions: topic-cb0debdc_2e9d_4fc0_84c8_b35d77a2e252-0
2025-07-31 16:59:32,527 INFO  [org.apa.kaf.cli.con.int.ConsumerCoordinator] (Thread-648) [Consumer clientId=consumer-Consumer-topic-cb0debdc_2e9d_4fc0_84c8_b35d77a2e252-8, groupId=Consumer-topic-cb0debdc_2e9d_4fc0_84c8_b35d77a2e252] Found no committed offset for partition topic-cb0debdc_2e9d_4fc0_84c8_b35d77a2e252-0
2025-07-31 16:59:32,532 INFO  [org.apa.kaf.cli.con.int.SubscriptionState] (Thread-648) [Consumer clientId=consumer-Consumer-topic-cb0debdc_2e9d_4fc0_84c8_b35d77a2e252-8, groupId=Consumer-topic-cb0debdc_2e9d_4fc0_84c8_b35d77a2e252] Resetting offset for partition topic-cb0debdc_2e9d_4fc0_84c8_b35d77a2e252-0 to position FetchPosition{offset=0, offsetEpoch=Optional.empty, currentLeader=LeaderAndEpoch{leader=Optional[localhost:32770 (id: 0 rack: null)], epoch=0}}.
2025-07-31 16:59:32,722 INFO  [io.api.tes.ser.api.KafkaSerdesTester] (Thread-648) topic-cb0debdc_2e9d_4fc0_84c8_b35d77a2e252 0 0 {"id": "record-0"}
2025-07-31 16:59:32,722 INFO  [io.api.tes.ser.api.KafkaSerdesTester] (Thread-648) topic-cb0debdc_2e9d_4fc0_84c8_b35d77a2e252 0 1 {"value": 1}
2025-07-31 16:59:32,722 INFO  [io.api.tes.ser.api.KafkaSerdesTester] (Thread-648) topic-cb0debdc_2e9d_4fc0_84c8_b35d77a2e252 0 2 {"active": true}
2025-07-31 16:59:32,722 INFO  [io.api.tes.ser.api.KafkaSerdesTester] (Thread-648) topic-cb0debdc_2e9d_4fc0_84c8_b35d77a2e252 0 3 {"id": "record-3"}
2025-07-31 16:59:32,723 INFO  [io.api.tes.ser.api.KafkaSerdesTester] (Thread-648) topic-cb0debdc_2e9d_4fc0_84c8_b35d77a2e252 0 4 {"value": 4}
2025-07-31 16:59:32,723 INFO  [io.api.tes.ser.api.KafkaSerdesTester] (Thread-648) topic-cb0debdc_2e9d_4fc0_84c8_b35d77a2e252 0 5 {"active": false}
2025-07-31 16:59:32,723 INFO  [io.api.tes.ser.api.KafkaSerdesTester] (Thread-648) topic-cb0debdc_2e9d_4fc0_84c8_b35d77a2e252 0 6 {"id": "record-6"}
2025-07-31 16:59:32,723 INFO  [io.api.tes.ser.api.KafkaSerdesTester] (Thread-648) topic-cb0debdc_2e9d_4fc0_84c8_b35d77a2e252 0 7 {"value": 7}
2025-07-31 16:59:32,723 INFO  [io.api.tes.ser.api.KafkaSerdesTester] (Thread-648) topic-cb0debdc_2e9d_4fc0_84c8_b35d77a2e252 0 8 {"active": true}
2025-07-31 16:59:32,723 INFO  [io.api.tes.ser.api.KafkaSerdesTester] (Thread-648) topic-cb0debdc_2e9d_4fc0_84c8_b35d77a2e252 0 9 {"id": "record-9"}
2025-07-31 16:59:32,723 INFO  [io.api.tes.ser.api.KafkaSerdesTester] (Thread-648) Consumed 10 messages
2025-07-31 16:59:32,726 INFO  [org.apa.kaf.cli.con.int.ConsumerRebalanceListenerInvoker] (Thread-648) [Consumer clientId=consumer-Consumer-topic-cb0debdc_2e9d_4fc0_84c8_b35d77a2e252-8, groupId=Consumer-topic-cb0debdc_2e9d_4fc0_84c8_b35d77a2e252] Revoke previously assigned partitions topic-cb0debdc_2e9d_4fc0_84c8_b35d77a2e252-0
2025-07-31 16:59:32,726 INFO  [org.apa.kaf.cli.con.int.ConsumerCoordinator] (Thread-648) [Consumer clientId=consumer-Consumer-topic-cb0debdc_2e9d_4fc0_84c8_b35d77a2e252-8, groupId=Consumer-topic-cb0debdc_2e9d_4fc0_84c8_b35d77a2e252] Member consumer-Consumer-topic-cb0debdc_2e9d_4fc0_84c8_b35d77a2e252-8-9e51e209-7fec-4968-b2e7-03fac0273f37 sending LeaveGroup request to coordinator localhost:32770 (id: 2147483647 rack: null) due to the consumer is being closed
2025-07-31 16:59:32,726 INFO  [org.apa.kaf.cli.con.int.ConsumerCoordinator] (Thread-648) [Consumer clientId=consumer-Consumer-topic-cb0debdc_2e9d_4fc0_84c8_b35d77a2e252-8, groupId=Consumer-topic-cb0debdc_2e9d_4fc0_84c8_b35d77a2e252] Resetting generation and member id due to: consumer pro-actively leaving the group
2025-07-31 16:59:32,726 INFO  [org.apa.kaf.cli.con.int.ConsumerCoordinator] (Thread-648) [Consumer clientId=consumer-Consumer-topic-cb0debdc_2e9d_4fc0_84c8_b35d77a2e252-8, groupId=Consumer-topic-cb0debdc_2e9d_4fc0_84c8_b35d77a2e252] Request joining group due to: consumer pro-actively leaving the group
2025-07-31 16:59:33,226 INFO  [org.apa.kaf.com.met.Metrics] (Thread-648) Metrics scheduler closed
2025-07-31 16:59:33,226 INFO  [org.apa.kaf.com.met.Metrics] (Thread-648) Closing reporter org.apache.kafka.common.metrics.JmxReporter
2025-07-31 16:59:33,226 INFO  [org.apa.kaf.com.met.Metrics] (Thread-648) Closing reporter org.apache.kafka.common.telemetry.internals.ClientTelemetryReporter
2025-07-31 16:59:33,226 INFO  [org.apa.kaf.com.met.Metrics] (Thread-648) Metrics reporters closed
2025-07-31 16:59:33,229 INFO  [org.apa.kaf.com.uti.AppInfoParser] (Thread-648) App info kafka.consumer for consumer-Consumer-topic-cb0debdc_2e9d_4fc0_84c8_b35d77a2e252-8 unregistered
2025-07-31 16:59:33,230 INFO  [io.api.tes.uti.TestSeparator] (main) io.apicurio.tests.serdes.apicurio.AvroSerdeIT.testAvroUnionWithSpecificReader-FINISHED
2025-07-31 16:59:33,230 INFO  [io.api.tes.uti.TestSeparator] (main) ############################################################################
Test passed: testAvroUnionWithSpecificReader
]]></system-out>
  </testcase>
  <testcase name="testEvolveAvroApicurioReusingClient" classname="io.apicurio.tests.serdes.apicurio.AvroSerdeIT" time="4.227">
    <system-out><![CDATA[2025-07-31 16:59:33,231 INFO  [io.api.tes.uti.TestSeparator] (main) ############################################################################
2025-07-31 16:59:33,231 INFO  [io.api.tes.uti.TestSeparator] (main) io.apicurio.tests.serdes.apicurio.AvroSerdeIT.testEvolveAvroApicurioReusingClient-STARTED
2025-07-31 16:59:33,235 INFO  [io.api.tes.ser.api.AvroSerdeIT] (main) Registering Avro Schema: {"type":"record","name":"s2e2a43f4xe21cx4ae2xb836xb73912db1c8f","namespace":"ns_6d57be75_0916_4eab_b6b6_8fb63b5adb46","fields":[{"name":"key11753981173234","type":"string"}]}
**** Registry Base URL: http://registry-app-inmemory.apps.ci419.apicurio-testing.org:80
2025-07-31 16:59:34,298 INFO  [org.apa.kaf.cli.pro.ProducerConfig] (main) ProducerConfig values: 
	acks = -1
	auto.include.jmx.reporter = true
	batch.size = 16384
	bootstrap.servers = [PLAINTEXT://localhost:32770]
	buffer.memory = 33554432
	client.dns.lookup = use_all_dns_ips
	client.id = Producer-topic-89112543_541e_4cee_8327_3463f3bad243
	compression.gzip.level = -1
	compression.lz4.level = 9
	compression.type = none
	compression.zstd.level = 3
	connections.max.idle.ms = 10000
	delivery.timeout.ms = 120000
	enable.idempotence = true
	enable.metrics.push = true
	interceptor.classes = []
	key.serializer = class org.apache.kafka.common.serialization.StringSerializer
	linger.ms = 0
	max.block.ms = 60000
	max.in.flight.requests.per.connection = 5
	max.request.size = 1048576
	metadata.max.age.ms = 300000
	metadata.max.idle.ms = 300000
	metadata.recovery.strategy = none
	metric.reporters = []
	metrics.num.samples = 2
	metrics.recording.level = INFO
	metrics.sample.window.ms = 30000
	partitioner.adaptive.partitioning.enable = true
	partitioner.availability.timeout.ms = 0
	partitioner.class = null
	partitioner.ignore.keys = false
	receive.buffer.bytes = 32768
	reconnect.backoff.max.ms = 1000
	reconnect.backoff.ms = 50
	request.timeout.ms = 5000
	retries = 2147483647
	retry.backoff.max.ms = 1000
	retry.backoff.ms = 100
	sasl.client.callback.handler.class = null
	sasl.jaas.config = null
	sasl.kerberos.kinit.cmd = /usr/bin/kinit
	sasl.kerberos.min.time.before.relogin = 60000
	sasl.kerberos.service.name = null
	sasl.kerberos.ticket.renew.jitter = 0.05
	sasl.kerberos.ticket.renew.window.factor = 0.8
	sasl.login.callback.handler.class = null
	sasl.login.class = null
	sasl.login.connect.timeout.ms = null
	sasl.login.read.timeout.ms = null
	sasl.login.refresh.buffer.seconds = 300
	sasl.login.refresh.min.period.seconds = 60
	sasl.login.refresh.window.factor = 0.8
	sasl.login.refresh.window.jitter = 0.05
	sasl.login.retry.backoff.max.ms = 10000
	sasl.login.retry.backoff.ms = 100
	sasl.mechanism = GSSAPI
	sasl.oauthbearer.clock.skew.seconds = 30
	sasl.oauthbearer.expected.audience = null
	sasl.oauthbearer.expected.issuer = null
	sasl.oauthbearer.header.urlencode = false
	sasl.oauthbearer.jwks.endpoint.refresh.ms = 3600000
	sasl.oauthbearer.jwks.endpoint.retry.backoff.max.ms = 10000
	sasl.oauthbearer.jwks.endpoint.retry.backoff.ms = 100
	sasl.oauthbearer.jwks.endpoint.url = null
	sasl.oauthbearer.scope.claim.name = scope
	sasl.oauthbearer.sub.claim.name = sub
	sasl.oauthbearer.token.endpoint.url = null
	security.protocol = PLAINTEXT
	security.providers = null
	send.buffer.bytes = 131072
	socket.connection.setup.timeout.max.ms = 30000
	socket.connection.setup.timeout.ms = 10000
	ssl.cipher.suites = null
	ssl.enabled.protocols = [TLSv1.2, TLSv1.3]
	ssl.endpoint.identification.algorithm = https
	ssl.engine.factory.class = null
	ssl.key.password = null
	ssl.keymanager.algorithm = SunX509
	ssl.keystore.certificate.chain = null
	ssl.keystore.key = null
	ssl.keystore.location = null
	ssl.keystore.password = null
	ssl.keystore.type = JKS
	ssl.protocol = TLSv1.3
	ssl.provider = null
	ssl.secure.random.implementation = null
	ssl.trustmanager.algorithm = PKIX
	ssl.truststore.certificates = null
	ssl.truststore.location = null
	ssl.truststore.password = null
	ssl.truststore.type = JKS
	transaction.timeout.ms = 60000
	transactional.id = null
	value.serializer = class io.apicurio.registry.serde.avro.AvroKafkaSerializer

2025-07-31 16:59:34,298 INFO  [org.apa.kaf.com.tel.int.KafkaMetricsCollector] (main) initializing Kafka metrics collector
2025-07-31 16:59:34,301 INFO  [org.apa.kaf.cli.pro.KafkaProducer] (main) [Producer clientId=Producer-topic-89112543_541e_4cee_8327_3463f3bad243] Instantiated an idempotent producer.
2025-07-31 16:59:34,303 INFO  [org.apa.kaf.cli.pro.ProducerConfig] (main) These configurations '[apicurio.registry.url, apicurio.registry.artifact-resolver-strategy]' were supplied but are not used yet.
2025-07-31 16:59:34,303 INFO  [org.apa.kaf.com.uti.AppInfoParser] (main) Kafka version: 3.9.1
2025-07-31 16:59:34,303 INFO  [org.apa.kaf.com.uti.AppInfoParser] (main) Kafka commitId: f745dfdcee2b9851
2025-07-31 16:59:34,303 INFO  [org.apa.kaf.com.uti.AppInfoParser] (main) Kafka startTimeMs: 1753981174303
**** Registry Base URL: http://registry-app-inmemory.apps.ci419.apicurio-testing.org:80
2025-07-31 16:59:34,303 INFO  [org.apa.kaf.cli.con.ConsumerConfig] (main) ConsumerConfig values: 
	allow.auto.create.topics = true
	auto.commit.interval.ms = 500
	auto.include.jmx.reporter = true
	auto.offset.reset = earliest
	bootstrap.servers = [PLAINTEXT://localhost:32770]
	check.crcs = true
	client.dns.lookup = use_all_dns_ips
	client.id = consumer-Consumer-topic-89112543_541e_4cee_8327_3463f3bad243-9
	client.rack = 
	connections.max.idle.ms = 10000
	default.api.timeout.ms = 60000
	enable.auto.commit = true
	enable.metrics.push = true
	exclude.internal.topics = true
	fetch.max.bytes = 52428800
	fetch.max.wait.ms = 500
	fetch.min.bytes = 1
	group.id = Consumer-topic-89112543_541e_4cee_8327_3463f3bad243
	group.instance.id = null
	group.protocol = classic
	group.remote.assignor = null
	heartbeat.interval.ms = 3000
	interceptor.classes = []
	internal.leave.group.on.close = true
	internal.throw.on.fetch.stable.offset.unsupported = false
	isolation.level = read_uncommitted
	key.deserializer = class org.apache.kafka.common.serialization.StringDeserializer
	max.partition.fetch.bytes = 1048576
	max.poll.interval.ms = 300000
	max.poll.records = 500
	metadata.max.age.ms = 300000
	metadata.recovery.strategy = none
	metric.reporters = []
	metrics.num.samples = 2
	metrics.recording.level = INFO
	metrics.sample.window.ms = 30000
	partition.assignment.strategy = [class org.apache.kafka.clients.consumer.RangeAssignor, class org.apache.kafka.clients.consumer.CooperativeStickyAssignor]
	receive.buffer.bytes = 65536
	reconnect.backoff.max.ms = 1000
	reconnect.backoff.ms = 50
	request.timeout.ms = 5000
	retry.backoff.max.ms = 1000
	retry.backoff.ms = 100
	sasl.client.callback.handler.class = null
	sasl.jaas.config = null
	sasl.kerberos.kinit.cmd = /usr/bin/kinit
	sasl.kerberos.min.time.before.relogin = 60000
	sasl.kerberos.service.name = null
	sasl.kerberos.ticket.renew.jitter = 0.05
	sasl.kerberos.ticket.renew.window.factor = 0.8
	sasl.login.callback.handler.class = null
	sasl.login.class = null
	sasl.login.connect.timeout.ms = null
	sasl.login.read.timeout.ms = null
	sasl.login.refresh.buffer.seconds = 300
	sasl.login.refresh.min.period.seconds = 60
	sasl.login.refresh.window.factor = 0.8
	sasl.login.refresh.window.jitter = 0.05
	sasl.login.retry.backoff.max.ms = 10000
	sasl.login.retry.backoff.ms = 100
	sasl.mechanism = GSSAPI
	sasl.oauthbearer.clock.skew.seconds = 30
	sasl.oauthbearer.expected.audience = null
	sasl.oauthbearer.expected.issuer = null
	sasl.oauthbearer.header.urlencode = false
	sasl.oauthbearer.jwks.endpoint.refresh.ms = 3600000
	sasl.oauthbearer.jwks.endpoint.retry.backoff.max.ms = 10000
	sasl.oauthbearer.jwks.endpoint.retry.backoff.ms = 100
	sasl.oauthbearer.jwks.endpoint.url = null
	sasl.oauthbearer.scope.claim.name = scope
	sasl.oauthbearer.sub.claim.name = sub
	sasl.oauthbearer.token.endpoint.url = null
	security.protocol = PLAINTEXT
	security.providers = null
	send.buffer.bytes = 131072
	session.timeout.ms = 45000
	socket.connection.setup.timeout.max.ms = 30000
	socket.connection.setup.timeout.ms = 10000
	ssl.cipher.suites = null
	ssl.enabled.protocols = [TLSv1.2, TLSv1.3]
	ssl.endpoint.identification.algorithm = https
	ssl.engine.factory.class = null
	ssl.key.password = null
	ssl.keymanager.algorithm = SunX509
	ssl.keystore.certificate.chain = null
	ssl.keystore.key = null
	ssl.keystore.location = null
	ssl.keystore.password = null
	ssl.keystore.type = JKS
	ssl.protocol = TLSv1.3
	ssl.provider = null
	ssl.secure.random.implementation = null
	ssl.trustmanager.algorithm = PKIX
	ssl.truststore.certificates = null
	ssl.truststore.location = null
	ssl.truststore.password = null
	ssl.truststore.type = JKS
	value.deserializer = class io.apicurio.registry.serde.avro.AvroKafkaDeserializer

2025-07-31 16:59:34,305 INFO  [org.apa.kaf.com.tel.int.KafkaMetricsCollector] (main) initializing Kafka metrics collector
2025-07-31 16:59:34,313 INFO  [org.apa.kaf.cli.Metadata] (kafka-producer-network-thread | Producer-topic-89112543_541e_4cee_8327_3463f3bad243) [Producer clientId=Producer-topic-89112543_541e_4cee_8327_3463f3bad243] Cluster ID: JfHT16fFSb-b502x6d9TJg
2025-07-31 16:59:34,315 INFO  [org.apa.kaf.cli.pro.int.TransactionManager] (kafka-producer-network-thread | Producer-topic-89112543_541e_4cee_8327_3463f3bad243) [Producer clientId=Producer-topic-89112543_541e_4cee_8327_3463f3bad243] ProducerId set to 11 with epoch 0
2025-07-31 16:59:34,318 INFO  [org.apa.kaf.cli.con.ConsumerConfig] (main) These configurations '[apicurio.registry.url]' were supplied but are not used yet.
2025-07-31 16:59:34,318 INFO  [org.apa.kaf.com.uti.AppInfoParser] (main) Kafka version: 3.9.1
2025-07-31 16:59:34,319 INFO  [org.apa.kaf.com.uti.AppInfoParser] (main) Kafka commitId: f745dfdcee2b9851
2025-07-31 16:59:34,319 INFO  [org.apa.kaf.com.uti.AppInfoParser] (main) Kafka startTimeMs: 1753981174318
2025-07-31 16:59:34,325 INFO  [io.api.tes.ser.api.KafkaSerdesTester] (Thread-653) Sending message {"key11753981173234": "value-0"} to topic topic-89112543_541e_4cee_8327_3463f3bad243
2025-07-31 16:59:34,330 INFO  [DefaultSchemaResolver] (Thread-653) Retrieving schema content using string: {"type":"record","name":"s2e2a43f4xe21cx4ae2xb836xb73912db1c8f","namespace":"ns_6d57be75_0916_4eab_b6b6_8fb63b5adb46","fields":[{"name":"key11753981173234","type":"string"}]}
2025-07-31 16:59:34,392 INFO  [io.api.tes.ser.api.KafkaSerdesTester] (Thread-653) Sending message {"key11753981173234": "value-1"} to topic topic-89112543_541e_4cee_8327_3463f3bad243
2025-07-31 16:59:34,399 INFO  [io.api.tes.ser.api.KafkaSerdesTester] (Thread-653) Sending message {"key11753981173234": "value-2"} to topic topic-89112543_541e_4cee_8327_3463f3bad243
2025-07-31 16:59:34,401 INFO  [io.api.tes.ser.api.KafkaSerdesTester] (Thread-653) Sending message {"key11753981173234": "value-3"} to topic topic-89112543_541e_4cee_8327_3463f3bad243
2025-07-31 16:59:34,403 INFO  [io.api.tes.ser.api.KafkaSerdesTester] (Thread-653) Sending message {"key11753981173234": "value-4"} to topic topic-89112543_541e_4cee_8327_3463f3bad243
2025-07-31 16:59:34,404 INFO  [io.api.tes.ser.api.KafkaSerdesTester] (Thread-653) Sending message {"key11753981173234": "value-5"} to topic topic-89112543_541e_4cee_8327_3463f3bad243
2025-07-31 16:59:34,406 INFO  [io.api.tes.ser.api.KafkaSerdesTester] (Thread-653) Sending message {"key11753981173234": "value-6"} to topic topic-89112543_541e_4cee_8327_3463f3bad243
2025-07-31 16:59:34,407 INFO  [io.api.tes.ser.api.KafkaSerdesTester] (Thread-653) Sending message {"key11753981173234": "value-7"} to topic topic-89112543_541e_4cee_8327_3463f3bad243
2025-07-31 16:59:34,409 INFO  [io.api.tes.ser.api.KafkaSerdesTester] (Thread-653) Sending message {"key11753981173234": "value-8"} to topic topic-89112543_541e_4cee_8327_3463f3bad243
2025-07-31 16:59:34,411 INFO  [io.api.tes.ser.api.KafkaSerdesTester] (Thread-653) Sending message {"key11753981173234": "value-9"} to topic topic-89112543_541e_4cee_8327_3463f3bad243
2025-07-31 16:59:34,413 INFO  [io.api.tes.ser.api.KafkaSerdesTester] (Thread-653) Produced 10 messages
2025-07-31 16:59:34,414 INFO  [org.apa.kaf.cli.con.int.ClassicKafkaConsumer] (Thread-654) [Consumer clientId=consumer-Consumer-topic-89112543_541e_4cee_8327_3463f3bad243-9, groupId=Consumer-topic-89112543_541e_4cee_8327_3463f3bad243] Subscribed to topic(s): topic-89112543_541e_4cee_8327_3463f3bad243
2025-07-31 16:59:34,422 INFO  [org.apa.kaf.cli.Metadata] (Thread-654) [Consumer clientId=consumer-Consumer-topic-89112543_541e_4cee_8327_3463f3bad243-9, groupId=Consumer-topic-89112543_541e_4cee_8327_3463f3bad243] Cluster ID: JfHT16fFSb-b502x6d9TJg
2025-07-31 16:59:34,422 INFO  [org.apa.kaf.cli.con.int.ConsumerCoordinator] (Thread-654) [Consumer clientId=consumer-Consumer-topic-89112543_541e_4cee_8327_3463f3bad243-9, groupId=Consumer-topic-89112543_541e_4cee_8327_3463f3bad243] Discovered group coordinator localhost:32770 (id: 2147483647 rack: null)
2025-07-31 16:59:34,423 INFO  [org.apa.kaf.cli.con.int.ConsumerCoordinator] (Thread-654) [Consumer clientId=consumer-Consumer-topic-89112543_541e_4cee_8327_3463f3bad243-9, groupId=Consumer-topic-89112543_541e_4cee_8327_3463f3bad243] (Re-)joining group
2025-07-31 16:59:34,425 INFO  [org.apa.kaf.cli.con.int.ConsumerCoordinator] (Thread-654) [Consumer clientId=consumer-Consumer-topic-89112543_541e_4cee_8327_3463f3bad243-9, groupId=Consumer-topic-89112543_541e_4cee_8327_3463f3bad243] Request joining group due to: need to re-join with the given member-id: consumer-Consumer-topic-89112543_541e_4cee_8327_3463f3bad243-9-377369ee-a13c-42da-9f4f-ef7ada436ec0
2025-07-31 16:59:34,425 INFO  [org.apa.kaf.cli.con.int.ConsumerCoordinator] (Thread-654) [Consumer clientId=consumer-Consumer-topic-89112543_541e_4cee_8327_3463f3bad243-9, groupId=Consumer-topic-89112543_541e_4cee_8327_3463f3bad243] (Re-)joining group
2025-07-31 16:59:34,427 INFO  [org.apa.kaf.cli.con.int.ConsumerCoordinator] (Thread-654) [Consumer clientId=consumer-Consumer-topic-89112543_541e_4cee_8327_3463f3bad243-9, groupId=Consumer-topic-89112543_541e_4cee_8327_3463f3bad243] Successfully joined group with generation Generation{generationId=1, memberId='consumer-Consumer-topic-89112543_541e_4cee_8327_3463f3bad243-9-377369ee-a13c-42da-9f4f-ef7ada436ec0', protocol='range'}
2025-07-31 16:59:34,427 INFO  [org.apa.kaf.cli.con.int.ConsumerCoordinator] (Thread-654) [Consumer clientId=consumer-Consumer-topic-89112543_541e_4cee_8327_3463f3bad243-9, groupId=Consumer-topic-89112543_541e_4cee_8327_3463f3bad243] Finished assignment for group at generation 1: {consumer-Consumer-topic-89112543_541e_4cee_8327_3463f3bad243-9-377369ee-a13c-42da-9f4f-ef7ada436ec0=Assignment(partitions=[topic-89112543_541e_4cee_8327_3463f3bad243-0])}
2025-07-31 16:59:34,430 INFO  [org.apa.kaf.cli.con.int.ConsumerCoordinator] (Thread-654) [Consumer clientId=consumer-Consumer-topic-89112543_541e_4cee_8327_3463f3bad243-9, groupId=Consumer-topic-89112543_541e_4cee_8327_3463f3bad243] Successfully synced group in generation Generation{generationId=1, memberId='consumer-Consumer-topic-89112543_541e_4cee_8327_3463f3bad243-9-377369ee-a13c-42da-9f4f-ef7ada436ec0', protocol='range'}
2025-07-31 16:59:34,431 INFO  [org.apa.kaf.cli.con.int.ConsumerCoordinator] (Thread-654) [Consumer clientId=consumer-Consumer-topic-89112543_541e_4cee_8327_3463f3bad243-9, groupId=Consumer-topic-89112543_541e_4cee_8327_3463f3bad243] Notifying assignor about the new Assignment(partitions=[topic-89112543_541e_4cee_8327_3463f3bad243-0])
2025-07-31 16:59:34,431 INFO  [org.apa.kaf.cli.con.int.ConsumerRebalanceListenerInvoker] (Thread-654) [Consumer clientId=consumer-Consumer-topic-89112543_541e_4cee_8327_3463f3bad243-9, groupId=Consumer-topic-89112543_541e_4cee_8327_3463f3bad243] Adding newly assigned partitions: topic-89112543_541e_4cee_8327_3463f3bad243-0
2025-07-31 16:59:34,432 INFO  [org.apa.kaf.cli.con.int.ConsumerCoordinator] (Thread-654) [Consumer clientId=consumer-Consumer-topic-89112543_541e_4cee_8327_3463f3bad243-9, groupId=Consumer-topic-89112543_541e_4cee_8327_3463f3bad243] Found no committed offset for partition topic-89112543_541e_4cee_8327_3463f3bad243-0
2025-07-31 16:59:34,439 INFO  [org.apa.kaf.cli.con.int.SubscriptionState] (Thread-654) [Consumer clientId=consumer-Consumer-topic-89112543_541e_4cee_8327_3463f3bad243-9, groupId=Consumer-topic-89112543_541e_4cee_8327_3463f3bad243] Resetting offset for partition topic-89112543_541e_4cee_8327_3463f3bad243-0 to position FetchPosition{offset=0, offsetEpoch=Optional.empty, currentLeader=LeaderAndEpoch{leader=Optional[localhost:32770 (id: 0 rack: null)], epoch=0}}.
2025-07-31 16:59:34,524 INFO  [io.api.tes.ser.api.KafkaSerdesTester] (Thread-654) topic-89112543_541e_4cee_8327_3463f3bad243 0 0 {"key11753981173234": "value-0"}
2025-07-31 16:59:34,524 INFO  [io.api.tes.ser.api.KafkaSerdesTester] (Thread-654) topic-89112543_541e_4cee_8327_3463f3bad243 0 1 {"key11753981173234": "value-1"}
2025-07-31 16:59:34,524 INFO  [io.api.tes.ser.api.KafkaSerdesTester] (Thread-654) topic-89112543_541e_4cee_8327_3463f3bad243 0 2 {"key11753981173234": "value-2"}
2025-07-31 16:59:34,524 INFO  [io.api.tes.ser.api.KafkaSerdesTester] (Thread-654) topic-89112543_541e_4cee_8327_3463f3bad243 0 3 {"key11753981173234": "value-3"}
2025-07-31 16:59:34,524 INFO  [io.api.tes.ser.api.KafkaSerdesTester] (Thread-654) topic-89112543_541e_4cee_8327_3463f3bad243 0 4 {"key11753981173234": "value-4"}
2025-07-31 16:59:34,524 INFO  [io.api.tes.ser.api.KafkaSerdesTester] (Thread-654) topic-89112543_541e_4cee_8327_3463f3bad243 0 5 {"key11753981173234": "value-5"}
2025-07-31 16:59:34,524 INFO  [io.api.tes.ser.api.KafkaSerdesTester] (Thread-654) topic-89112543_541e_4cee_8327_3463f3bad243 0 6 {"key11753981173234": "value-6"}
2025-07-31 16:59:34,524 INFO  [io.api.tes.ser.api.KafkaSerdesTester] (Thread-654) topic-89112543_541e_4cee_8327_3463f3bad243 0 7 {"key11753981173234": "value-7"}
2025-07-31 16:59:34,524 INFO  [io.api.tes.ser.api.KafkaSerdesTester] (Thread-654) topic-89112543_541e_4cee_8327_3463f3bad243 0 8 {"key11753981173234": "value-8"}
2025-07-31 16:59:34,524 INFO  [io.api.tes.ser.api.KafkaSerdesTester] (Thread-654) topic-89112543_541e_4cee_8327_3463f3bad243 0 9 {"key11753981173234": "value-9"}
2025-07-31 16:59:34,524 INFO  [io.api.tes.ser.api.KafkaSerdesTester] (Thread-654) Consumed 10 messages
2025-07-31 16:59:34,525 INFO  [io.api.tes.ser.api.AvroSerdeIT] (main) Registering Avro Schema 2: {"type":"record","name":"s2e2a43f4xe21cx4ae2xb836xb73912db1c8f","namespace":"ns_6d57be75_0916_4eab_b6b6_8fb63b5adb46","fields":[{"name":"key11753981173234","type":"string"},{"name":"key21753981174524","type":"string"}]}
2025-07-31 16:59:35,589 INFO  [io.api.tes.ser.api.KafkaSerdesTester] (Thread-655) Sending message {"key11753981173234": "value-0", "key21753981174524": "value-0"} to topic topic-89112543_541e_4cee_8327_3463f3bad243
2025-07-31 16:59:35,589 INFO  [DefaultSchemaResolver] (Thread-655) Retrieving schema content using string: {"type":"record","name":"s2e2a43f4xe21cx4ae2xb836xb73912db1c8f","namespace":"ns_6d57be75_0916_4eab_b6b6_8fb63b5adb46","fields":[{"name":"key11753981173234","type":"string"},{"name":"key21753981174524","type":"string"}]}
2025-07-31 16:59:35,627 INFO  [io.api.tes.ser.api.KafkaSerdesTester] (Thread-655) Sending message {"key11753981173234": "value-1", "key21753981174524": "value-1"} to topic topic-89112543_541e_4cee_8327_3463f3bad243
2025-07-31 16:59:35,628 INFO  [io.api.tes.ser.api.KafkaSerdesTester] (Thread-655) Sending message {"key11753981173234": "value-2", "key21753981174524": "value-2"} to topic topic-89112543_541e_4cee_8327_3463f3bad243
2025-07-31 16:59:35,630 INFO  [io.api.tes.ser.api.KafkaSerdesTester] (Thread-655) Sending message {"key11753981173234": "value-3", "key21753981174524": "value-3"} to topic topic-89112543_541e_4cee_8327_3463f3bad243
2025-07-31 16:59:35,633 INFO  [io.api.tes.ser.api.KafkaSerdesTester] (Thread-655) Sending message {"key11753981173234": "value-4", "key21753981174524": "value-4"} to topic topic-89112543_541e_4cee_8327_3463f3bad243
2025-07-31 16:59:35,637 INFO  [io.api.tes.ser.api.KafkaSerdesTester] (Thread-655) Sending message {"key11753981173234": "value-5", "key21753981174524": "value-5"} to topic topic-89112543_541e_4cee_8327_3463f3bad243
2025-07-31 16:59:35,641 INFO  [io.api.tes.ser.api.KafkaSerdesTester] (Thread-655) Sending message {"key11753981173234": "value-6", "key21753981174524": "value-6"} to topic topic-89112543_541e_4cee_8327_3463f3bad243
2025-07-31 16:59:35,643 INFO  [io.api.tes.ser.api.KafkaSerdesTester] (Thread-655) Sending message {"key11753981173234": "value-7", "key21753981174524": "value-7"} to topic topic-89112543_541e_4cee_8327_3463f3bad243
2025-07-31 16:59:35,644 INFO  [io.api.tes.ser.api.KafkaSerdesTester] (Thread-655) Sending message {"key11753981173234": "value-8", "key21753981174524": "value-8"} to topic topic-89112543_541e_4cee_8327_3463f3bad243
2025-07-31 16:59:35,648 INFO  [io.api.tes.ser.api.KafkaSerdesTester] (Thread-655) Sending message {"key11753981173234": "value-9", "key21753981174524": "value-9"} to topic topic-89112543_541e_4cee_8327_3463f3bad243
2025-07-31 16:59:35,653 INFO  [io.api.tes.ser.api.KafkaSerdesTester] (Thread-655) Produced 10 messages
2025-07-31 16:59:35,654 INFO  [io.api.tes.ser.api.KafkaSerdesTester] (Thread-656) Sending message {"key11753981173234": "value-0"} to topic topic-89112543_541e_4cee_8327_3463f3bad243
2025-07-31 16:59:35,656 INFO  [io.api.tes.ser.api.KafkaSerdesTester] (Thread-656) Sending message {"key11753981173234": "value-1"} to topic topic-89112543_541e_4cee_8327_3463f3bad243
2025-07-31 16:59:35,659 INFO  [io.api.tes.ser.api.KafkaSerdesTester] (Thread-656) Sending message {"key11753981173234": "value-2"} to topic topic-89112543_541e_4cee_8327_3463f3bad243
2025-07-31 16:59:35,662 INFO  [io.api.tes.ser.api.KafkaSerdesTester] (Thread-656) Sending message {"key11753981173234": "value-3"} to topic topic-89112543_541e_4cee_8327_3463f3bad243
2025-07-31 16:59:35,666 INFO  [io.api.tes.ser.api.KafkaSerdesTester] (Thread-656) Sending message {"key11753981173234": "value-4"} to topic topic-89112543_541e_4cee_8327_3463f3bad243
2025-07-31 16:59:35,668 INFO  [io.api.tes.ser.api.KafkaSerdesTester] (Thread-656) Sending message {"key11753981173234": "value-5"} to topic topic-89112543_541e_4cee_8327_3463f3bad243
2025-07-31 16:59:35,671 INFO  [io.api.tes.ser.api.KafkaSerdesTester] (Thread-656) Sending message {"key11753981173234": "value-6"} to topic topic-89112543_541e_4cee_8327_3463f3bad243
2025-07-31 16:59:35,673 INFO  [io.api.tes.ser.api.KafkaSerdesTester] (Thread-656) Sending message {"key11753981173234": "value-7"} to topic topic-89112543_541e_4cee_8327_3463f3bad243
2025-07-31 16:59:35,675 INFO  [io.api.tes.ser.api.KafkaSerdesTester] (Thread-656) Sending message {"key11753981173234": "value-8"} to topic topic-89112543_541e_4cee_8327_3463f3bad243
2025-07-31 16:59:35,677 INFO  [io.api.tes.ser.api.KafkaSerdesTester] (Thread-656) Sending message {"key11753981173234": "value-9"} to topic topic-89112543_541e_4cee_8327_3463f3bad243
2025-07-31 16:59:35,679 INFO  [io.api.tes.ser.api.KafkaSerdesTester] (Thread-656) Produced 10 messages
2025-07-31 16:59:35,682 INFO  [org.apa.kaf.cli.con.int.ClassicKafkaConsumer] (Thread-657) [Consumer clientId=consumer-Consumer-topic-89112543_541e_4cee_8327_3463f3bad243-9, groupId=Consumer-topic-89112543_541e_4cee_8327_3463f3bad243] Subscribed to topic(s): topic-89112543_541e_4cee_8327_3463f3bad243
2025-07-31 16:59:35,744 INFO  [io.api.tes.ser.api.KafkaSerdesTester] (Thread-657) topic-89112543_541e_4cee_8327_3463f3bad243 0 10 {"key11753981173234": "value-0", "key21753981174524": "value-0"}
2025-07-31 16:59:35,744 INFO  [io.api.tes.ser.api.KafkaSerdesTester] (Thread-657) topic-89112543_541e_4cee_8327_3463f3bad243 0 11 {"key11753981173234": "value-1", "key21753981174524": "value-1"}
2025-07-31 16:59:35,744 INFO  [io.api.tes.ser.api.KafkaSerdesTester] (Thread-657) topic-89112543_541e_4cee_8327_3463f3bad243 0 12 {"key11753981173234": "value-2", "key21753981174524": "value-2"}
2025-07-31 16:59:35,744 INFO  [io.api.tes.ser.api.KafkaSerdesTester] (Thread-657) topic-89112543_541e_4cee_8327_3463f3bad243 0 13 {"key11753981173234": "value-3", "key21753981174524": "value-3"}
2025-07-31 16:59:35,744 INFO  [io.api.tes.ser.api.KafkaSerdesTester] (Thread-657) topic-89112543_541e_4cee_8327_3463f3bad243 0 14 {"key11753981173234": "value-4", "key21753981174524": "value-4"}
2025-07-31 16:59:35,744 INFO  [io.api.tes.ser.api.KafkaSerdesTester] (Thread-657) topic-89112543_541e_4cee_8327_3463f3bad243 0 15 {"key11753981173234": "value-5", "key21753981174524": "value-5"}
2025-07-31 16:59:35,744 INFO  [io.api.tes.ser.api.KafkaSerdesTester] (Thread-657) topic-89112543_541e_4cee_8327_3463f3bad243 0 16 {"key11753981173234": "value-6", "key21753981174524": "value-6"}
2025-07-31 16:59:35,744 INFO  [io.api.tes.ser.api.KafkaSerdesTester] (Thread-657) topic-89112543_541e_4cee_8327_3463f3bad243 0 17 {"key11753981173234": "value-7", "key21753981174524": "value-7"}
2025-07-31 16:59:35,744 INFO  [io.api.tes.ser.api.KafkaSerdesTester] (Thread-657) topic-89112543_541e_4cee_8327_3463f3bad243 0 18 {"key11753981173234": "value-8", "key21753981174524": "value-8"}
2025-07-31 16:59:35,744 INFO  [io.api.tes.ser.api.KafkaSerdesTester] (Thread-657) topic-89112543_541e_4cee_8327_3463f3bad243 0 19 {"key11753981173234": "value-9", "key21753981174524": "value-9"}
2025-07-31 16:59:35,744 INFO  [io.api.tes.ser.api.KafkaSerdesTester] (Thread-657) topic-89112543_541e_4cee_8327_3463f3bad243 0 20 {"key11753981173234": "value-0"}
2025-07-31 16:59:35,744 INFO  [io.api.tes.ser.api.KafkaSerdesTester] (Thread-657) topic-89112543_541e_4cee_8327_3463f3bad243 0 21 {"key11753981173234": "value-1"}
2025-07-31 16:59:35,744 INFO  [io.api.tes.ser.api.KafkaSerdesTester] (Thread-657) topic-89112543_541e_4cee_8327_3463f3bad243 0 22 {"key11753981173234": "value-2"}
2025-07-31 16:59:35,744 INFO  [io.api.tes.ser.api.KafkaSerdesTester] (Thread-657) topic-89112543_541e_4cee_8327_3463f3bad243 0 23 {"key11753981173234": "value-3"}
2025-07-31 16:59:35,744 INFO  [io.api.tes.ser.api.KafkaSerdesTester] (Thread-657) topic-89112543_541e_4cee_8327_3463f3bad243 0 24 {"key11753981173234": "value-4"}
2025-07-31 16:59:35,744 INFO  [io.api.tes.ser.api.KafkaSerdesTester] (Thread-657) topic-89112543_541e_4cee_8327_3463f3bad243 0 25 {"key11753981173234": "value-5"}
2025-07-31 16:59:35,744 INFO  [io.api.tes.ser.api.KafkaSerdesTester] (Thread-657) topic-89112543_541e_4cee_8327_3463f3bad243 0 26 {"key11753981173234": "value-6"}
2025-07-31 16:59:35,744 INFO  [io.api.tes.ser.api.KafkaSerdesTester] (Thread-657) topic-89112543_541e_4cee_8327_3463f3bad243 0 27 {"key11753981173234": "value-7"}
2025-07-31 16:59:35,744 INFO  [io.api.tes.ser.api.KafkaSerdesTester] (Thread-657) topic-89112543_541e_4cee_8327_3463f3bad243 0 28 {"key11753981173234": "value-8"}
2025-07-31 16:59:35,745 INFO  [io.api.tes.ser.api.KafkaSerdesTester] (Thread-657) topic-89112543_541e_4cee_8327_3463f3bad243 0 29 {"key11753981173234": "value-9"}
2025-07-31 16:59:35,745 INFO  [io.api.tes.ser.api.KafkaSerdesTester] (Thread-657) Consumed 20 messages
2025-07-31 16:59:35,745 INFO  [io.api.tes.ser.api.AvroSerdeIT] (main) Registering Avro Schema 3: {"type":"record","name":"s2e2a43f4xe21cx4ae2xb836xb73912db1c8f","namespace":"ns_6d57be75_0916_4eab_b6b6_8fb63b5adb46","fields":[{"name":"key11753981173234","type":"string"},{"name":"key21753981174524","type":"string"},{"name":"key31753981175745","type":"string"}]}
2025-07-31 16:59:36,808 INFO  [io.api.tes.ser.api.KafkaSerdesTester] (Thread-658) Sending message {"key11753981173234": "value-0", "key21753981174524": "value-0", "key31753981175745": "value-0"} to topic topic-89112543_541e_4cee_8327_3463f3bad243
2025-07-31 16:59:36,809 INFO  [DefaultSchemaResolver] (Thread-658) Retrieving schema content using string: {"type":"record","name":"s2e2a43f4xe21cx4ae2xb836xb73912db1c8f","namespace":"ns_6d57be75_0916_4eab_b6b6_8fb63b5adb46","fields":[{"name":"key11753981173234","type":"string"},{"name":"key21753981174524","type":"string"},{"name":"key31753981175745","type":"string"}]}
2025-07-31 16:59:36,841 INFO  [io.api.tes.ser.api.KafkaSerdesTester] (Thread-658) Sending message {"key11753981173234": "value-1", "key21753981174524": "value-1", "key31753981175745": "value-1"} to topic topic-89112543_541e_4cee_8327_3463f3bad243
2025-07-31 16:59:36,843 INFO  [io.api.tes.ser.api.KafkaSerdesTester] (Thread-658) Sending message {"key11753981173234": "value-2", "key21753981174524": "value-2", "key31753981175745": "value-2"} to topic topic-89112543_541e_4cee_8327_3463f3bad243
2025-07-31 16:59:36,844 INFO  [io.api.tes.ser.api.KafkaSerdesTester] (Thread-658) Sending message {"key11753981173234": "value-3", "key21753981174524": "value-3", "key31753981175745": "value-3"} to topic topic-89112543_541e_4cee_8327_3463f3bad243
2025-07-31 16:59:36,845 INFO  [io.api.tes.ser.api.KafkaSerdesTester] (Thread-658) Sending message {"key11753981173234": "value-4", "key21753981174524": "value-4", "key31753981175745": "value-4"} to topic topic-89112543_541e_4cee_8327_3463f3bad243
2025-07-31 16:59:36,846 INFO  [io.api.tes.ser.api.KafkaSerdesTester] (Thread-658) Sending message {"key11753981173234": "value-5", "key21753981174524": "value-5", "key31753981175745": "value-5"} to topic topic-89112543_541e_4cee_8327_3463f3bad243
2025-07-31 16:59:36,847 INFO  [io.api.tes.ser.api.KafkaSerdesTester] (Thread-658) Sending message {"key11753981173234": "value-6", "key21753981174524": "value-6", "key31753981175745": "value-6"} to topic topic-89112543_541e_4cee_8327_3463f3bad243
2025-07-31 16:59:36,849 INFO  [io.api.tes.ser.api.KafkaSerdesTester] (Thread-658) Sending message {"key11753981173234": "value-7", "key21753981174524": "value-7", "key31753981175745": "value-7"} to topic topic-89112543_541e_4cee_8327_3463f3bad243
2025-07-31 16:59:36,851 INFO  [io.api.tes.ser.api.KafkaSerdesTester] (Thread-658) Sending message {"key11753981173234": "value-8", "key21753981174524": "value-8", "key31753981175745": "value-8"} to topic topic-89112543_541e_4cee_8327_3463f3bad243
2025-07-31 16:59:36,853 INFO  [io.api.tes.ser.api.KafkaSerdesTester] (Thread-658) Sending message {"key11753981173234": "value-9", "key21753981174524": "value-9", "key31753981175745": "value-9"} to topic topic-89112543_541e_4cee_8327_3463f3bad243
2025-07-31 16:59:36,855 INFO  [io.api.tes.ser.api.KafkaSerdesTester] (Thread-658) Produced 10 messages
2025-07-31 16:59:36,856 INFO  [io.api.tes.ser.api.KafkaSerdesTester] (Thread-659) Sending message {"key11753981173234": "value-0", "key21753981174524": "value-0"} to topic topic-89112543_541e_4cee_8327_3463f3bad243
2025-07-31 16:59:36,858 INFO  [io.api.tes.ser.api.KafkaSerdesTester] (Thread-659) Sending message {"key11753981173234": "value-1", "key21753981174524": "value-1"} to topic topic-89112543_541e_4cee_8327_3463f3bad243
2025-07-31 16:59:36,859 INFO  [io.api.tes.ser.api.KafkaSerdesTester] (Thread-659) Sending message {"key11753981173234": "value-2", "key21753981174524": "value-2"} to topic topic-89112543_541e_4cee_8327_3463f3bad243
2025-07-31 16:59:36,861 INFO  [io.api.tes.ser.api.KafkaSerdesTester] (Thread-659) Sending message {"key11753981173234": "value-3", "key21753981174524": "value-3"} to topic topic-89112543_541e_4cee_8327_3463f3bad243
2025-07-31 16:59:36,864 INFO  [io.api.tes.ser.api.KafkaSerdesTester] (Thread-659) Sending message {"key11753981173234": "value-4", "key21753981174524": "value-4"} to topic topic-89112543_541e_4cee_8327_3463f3bad243
2025-07-31 16:59:36,865 INFO  [io.api.tes.ser.api.KafkaSerdesTester] (Thread-659) Sending message {"key11753981173234": "value-5", "key21753981174524": "value-5"} to topic topic-89112543_541e_4cee_8327_3463f3bad243
2025-07-31 16:59:36,866 INFO  [io.api.tes.ser.api.KafkaSerdesTester] (Thread-659) Sending message {"key11753981173234": "value-6", "key21753981174524": "value-6"} to topic topic-89112543_541e_4cee_8327_3463f3bad243
2025-07-31 16:59:36,868 INFO  [io.api.tes.ser.api.KafkaSerdesTester] (Thread-659) Sending message {"key11753981173234": "value-7", "key21753981174524": "value-7"} to topic topic-89112543_541e_4cee_8327_3463f3bad243
2025-07-31 16:59:36,871 INFO  [io.api.tes.ser.api.KafkaSerdesTester] (Thread-659) Sending message {"key11753981173234": "value-8", "key21753981174524": "value-8"} to topic topic-89112543_541e_4cee_8327_3463f3bad243
2025-07-31 16:59:36,873 INFO  [io.api.tes.ser.api.KafkaSerdesTester] (Thread-659) Sending message {"key11753981173234": "value-9", "key21753981174524": "value-9"} to topic topic-89112543_541e_4cee_8327_3463f3bad243
2025-07-31 16:59:36,874 INFO  [io.api.tes.ser.api.KafkaSerdesTester] (Thread-659) Produced 10 messages
2025-07-31 16:59:36,875 INFO  [io.api.tes.ser.api.KafkaSerdesTester] (Thread-660) Sending message {"key11753981173234": "value-0"} to topic topic-89112543_541e_4cee_8327_3463f3bad243
2025-07-31 16:59:36,876 INFO  [io.api.tes.ser.api.KafkaSerdesTester] (Thread-660) Sending message {"key11753981173234": "value-1"} to topic topic-89112543_541e_4cee_8327_3463f3bad243
2025-07-31 16:59:36,877 INFO  [io.api.tes.ser.api.KafkaSerdesTester] (Thread-660) Sending message {"key11753981173234": "value-2"} to topic topic-89112543_541e_4cee_8327_3463f3bad243
2025-07-31 16:59:36,879 INFO  [io.api.tes.ser.api.KafkaSerdesTester] (Thread-660) Sending message {"key11753981173234": "value-3"} to topic topic-89112543_541e_4cee_8327_3463f3bad243
2025-07-31 16:59:36,881 INFO  [io.api.tes.ser.api.KafkaSerdesTester] (Thread-660) Sending message {"key11753981173234": "value-4"} to topic topic-89112543_541e_4cee_8327_3463f3bad243
2025-07-31 16:59:36,883 INFO  [io.api.tes.ser.api.KafkaSerdesTester] (Thread-660) Sending message {"key11753981173234": "value-5"} to topic topic-89112543_541e_4cee_8327_3463f3bad243
2025-07-31 16:59:36,884 INFO  [io.api.tes.ser.api.KafkaSerdesTester] (Thread-660) Sending message {"key11753981173234": "value-6"} to topic topic-89112543_541e_4cee_8327_3463f3bad243
2025-07-31 16:59:36,885 INFO  [io.api.tes.ser.api.KafkaSerdesTester] (Thread-660) Sending message {"key11753981173234": "value-7"} to topic topic-89112543_541e_4cee_8327_3463f3bad243
2025-07-31 16:59:36,887 INFO  [io.api.tes.ser.api.KafkaSerdesTester] (Thread-660) Sending message {"key11753981173234": "value-8"} to topic topic-89112543_541e_4cee_8327_3463f3bad243
2025-07-31 16:59:36,890 INFO  [io.api.tes.ser.api.KafkaSerdesTester] (Thread-660) Sending message {"key11753981173234": "value-9"} to topic topic-89112543_541e_4cee_8327_3463f3bad243
2025-07-31 16:59:36,893 INFO  [io.api.tes.ser.api.KafkaSerdesTester] (Thread-660) Produced 10 messages
2025-07-31 16:59:36,894 INFO  [org.apa.kaf.cli.con.int.ClassicKafkaConsumer] (Thread-661) [Consumer clientId=consumer-Consumer-topic-89112543_541e_4cee_8327_3463f3bad243-9, groupId=Consumer-topic-89112543_541e_4cee_8327_3463f3bad243] Subscribed to topic(s): topic-89112543_541e_4cee_8327_3463f3bad243
2025-07-31 16:59:36,952 INFO  [io.api.tes.ser.api.KafkaSerdesTester] (Thread-661) topic-89112543_541e_4cee_8327_3463f3bad243 0 30 {"key11753981173234": "value-0", "key21753981174524": "value-0", "key31753981175745": "value-0"}
2025-07-31 16:59:36,952 INFO  [io.api.tes.ser.api.KafkaSerdesTester] (Thread-661) topic-89112543_541e_4cee_8327_3463f3bad243 0 31 {"key11753981173234": "value-1", "key21753981174524": "value-1", "key31753981175745": "value-1"}
2025-07-31 16:59:36,953 INFO  [io.api.tes.ser.api.KafkaSerdesTester] (Thread-661) topic-89112543_541e_4cee_8327_3463f3bad243 0 32 {"key11753981173234": "value-2", "key21753981174524": "value-2", "key31753981175745": "value-2"}
2025-07-31 16:59:36,953 INFO  [io.api.tes.ser.api.KafkaSerdesTester] (Thread-661) topic-89112543_541e_4cee_8327_3463f3bad243 0 33 {"key11753981173234": "value-3", "key21753981174524": "value-3", "key31753981175745": "value-3"}
2025-07-31 16:59:36,953 INFO  [io.api.tes.ser.api.KafkaSerdesTester] (Thread-661) topic-89112543_541e_4cee_8327_3463f3bad243 0 34 {"key11753981173234": "value-4", "key21753981174524": "value-4", "key31753981175745": "value-4"}
2025-07-31 16:59:36,953 INFO  [io.api.tes.ser.api.KafkaSerdesTester] (Thread-661) topic-89112543_541e_4cee_8327_3463f3bad243 0 35 {"key11753981173234": "value-5", "key21753981174524": "value-5", "key31753981175745": "value-5"}
2025-07-31 16:59:36,953 INFO  [io.api.tes.ser.api.KafkaSerdesTester] (Thread-661) topic-89112543_541e_4cee_8327_3463f3bad243 0 36 {"key11753981173234": "value-6", "key21753981174524": "value-6", "key31753981175745": "value-6"}
2025-07-31 16:59:36,953 INFO  [io.api.tes.ser.api.KafkaSerdesTester] (Thread-661) topic-89112543_541e_4cee_8327_3463f3bad243 0 37 {"key11753981173234": "value-7", "key21753981174524": "value-7", "key31753981175745": "value-7"}
2025-07-31 16:59:36,953 INFO  [io.api.tes.ser.api.KafkaSerdesTester] (Thread-661) topic-89112543_541e_4cee_8327_3463f3bad243 0 38 {"key11753981173234": "value-8", "key21753981174524": "value-8", "key31753981175745": "value-8"}
2025-07-31 16:59:36,953 INFO  [io.api.tes.ser.api.KafkaSerdesTester] (Thread-661) topic-89112543_541e_4cee_8327_3463f3bad243 0 39 {"key11753981173234": "value-9", "key21753981174524": "value-9", "key31753981175745": "value-9"}
2025-07-31 16:59:36,953 INFO  [io.api.tes.ser.api.KafkaSerdesTester] (Thread-661) topic-89112543_541e_4cee_8327_3463f3bad243 0 40 {"key11753981173234": "value-0", "key21753981174524": "value-0"}
2025-07-31 16:59:36,953 INFO  [io.api.tes.ser.api.KafkaSerdesTester] (Thread-661) topic-89112543_541e_4cee_8327_3463f3bad243 0 41 {"key11753981173234": "value-1", "key21753981174524": "value-1"}
2025-07-31 16:59:36,953 INFO  [io.api.tes.ser.api.KafkaSerdesTester] (Thread-661) topic-89112543_541e_4cee_8327_3463f3bad243 0 42 {"key11753981173234": "value-2", "key21753981174524": "value-2"}
2025-07-31 16:59:36,953 INFO  [io.api.tes.ser.api.KafkaSerdesTester] (Thread-661) topic-89112543_541e_4cee_8327_3463f3bad243 0 43 {"key11753981173234": "value-3", "key21753981174524": "value-3"}
2025-07-31 16:59:36,953 INFO  [io.api.tes.ser.api.KafkaSerdesTester] (Thread-661) topic-89112543_541e_4cee_8327_3463f3bad243 0 44 {"key11753981173234": "value-4", "key21753981174524": "value-4"}
2025-07-31 16:59:36,953 INFO  [io.api.tes.ser.api.KafkaSerdesTester] (Thread-661) topic-89112543_541e_4cee_8327_3463f3bad243 0 45 {"key11753981173234": "value-5", "key21753981174524": "value-5"}
2025-07-31 16:59:36,953 INFO  [io.api.tes.ser.api.KafkaSerdesTester] (Thread-661) topic-89112543_541e_4cee_8327_3463f3bad243 0 46 {"key11753981173234": "value-6", "key21753981174524": "value-6"}
2025-07-31 16:59:36,953 INFO  [io.api.tes.ser.api.KafkaSerdesTester] (Thread-661) topic-89112543_541e_4cee_8327_3463f3bad243 0 47 {"key11753981173234": "value-7", "key21753981174524": "value-7"}
2025-07-31 16:59:36,953 INFO  [io.api.tes.ser.api.KafkaSerdesTester] (Thread-661) topic-89112543_541e_4cee_8327_3463f3bad243 0 48 {"key11753981173234": "value-8", "key21753981174524": "value-8"}
2025-07-31 16:59:36,953 INFO  [io.api.tes.ser.api.KafkaSerdesTester] (Thread-661) topic-89112543_541e_4cee_8327_3463f3bad243 0 49 {"key11753981173234": "value-9", "key21753981174524": "value-9"}
2025-07-31 16:59:36,954 INFO  [io.api.tes.ser.api.KafkaSerdesTester] (Thread-661) topic-89112543_541e_4cee_8327_3463f3bad243 0 50 {"key11753981173234": "value-0"}
2025-07-31 16:59:36,954 INFO  [io.api.tes.ser.api.KafkaSerdesTester] (Thread-661) topic-89112543_541e_4cee_8327_3463f3bad243 0 51 {"key11753981173234": "value-1"}
2025-07-31 16:59:36,954 INFO  [io.api.tes.ser.api.KafkaSerdesTester] (Thread-661) topic-89112543_541e_4cee_8327_3463f3bad243 0 52 {"key11753981173234": "value-2"}
2025-07-31 16:59:36,954 INFO  [io.api.tes.ser.api.KafkaSerdesTester] (Thread-661) topic-89112543_541e_4cee_8327_3463f3bad243 0 53 {"key11753981173234": "value-3"}
2025-07-31 16:59:36,954 INFO  [io.api.tes.ser.api.KafkaSerdesTester] (Thread-661) topic-89112543_541e_4cee_8327_3463f3bad243 0 54 {"key11753981173234": "value-4"}
2025-07-31 16:59:36,954 INFO  [io.api.tes.ser.api.KafkaSerdesTester] (Thread-661) topic-89112543_541e_4cee_8327_3463f3bad243 0 55 {"key11753981173234": "value-5"}
2025-07-31 16:59:36,954 INFO  [io.api.tes.ser.api.KafkaSerdesTester] (Thread-661) topic-89112543_541e_4cee_8327_3463f3bad243 0 56 {"key11753981173234": "value-6"}
2025-07-31 16:59:36,954 INFO  [io.api.tes.ser.api.KafkaSerdesTester] (Thread-661) topic-89112543_541e_4cee_8327_3463f3bad243 0 57 {"key11753981173234": "value-7"}
2025-07-31 16:59:36,954 INFO  [io.api.tes.ser.api.KafkaSerdesTester] (Thread-661) topic-89112543_541e_4cee_8327_3463f3bad243 0 58 {"key11753981173234": "value-8"}
2025-07-31 16:59:36,954 INFO  [io.api.tes.ser.api.KafkaSerdesTester] (Thread-661) topic-89112543_541e_4cee_8327_3463f3bad243 0 59 {"key11753981173234": "value-9"}
2025-07-31 16:59:36,954 INFO  [io.api.tes.ser.api.KafkaSerdesTester] (Thread-661) Consumed 30 messages
2025-07-31 16:59:36,956 INFO  [org.apa.kaf.cli.pro.KafkaProducer] (main) [Producer clientId=Producer-topic-89112543_541e_4cee_8327_3463f3bad243] Closing the Kafka producer with timeoutMillis = 9223372036854775807 ms.
2025-07-31 16:59:36,960 INFO  [org.apa.kaf.com.met.Metrics] (main) Metrics scheduler closed
2025-07-31 16:59:36,960 INFO  [org.apa.kaf.com.met.Metrics] (main) Closing reporter org.apache.kafka.common.metrics.JmxReporter
2025-07-31 16:59:36,960 INFO  [org.apa.kaf.com.met.Metrics] (main) Closing reporter org.apache.kafka.common.telemetry.internals.ClientTelemetryReporter
2025-07-31 16:59:36,960 INFO  [org.apa.kaf.com.met.Metrics] (main) Metrics reporters closed
2025-07-31 16:59:36,960 INFO  [org.apa.kaf.com.uti.AppInfoParser] (main) App info kafka.producer for Producer-topic-89112543_541e_4cee_8327_3463f3bad243 unregistered
2025-07-31 16:59:36,964 INFO  [org.apa.kaf.cli.con.int.ConsumerRebalanceListenerInvoker] (main) [Consumer clientId=consumer-Consumer-topic-89112543_541e_4cee_8327_3463f3bad243-9, groupId=Consumer-topic-89112543_541e_4cee_8327_3463f3bad243] Revoke previously assigned partitions topic-89112543_541e_4cee_8327_3463f3bad243-0
2025-07-31 16:59:36,964 INFO  [org.apa.kaf.cli.con.int.ConsumerCoordinator] (main) [Consumer clientId=consumer-Consumer-topic-89112543_541e_4cee_8327_3463f3bad243-9, groupId=Consumer-topic-89112543_541e_4cee_8327_3463f3bad243] Member consumer-Consumer-topic-89112543_541e_4cee_8327_3463f3bad243-9-377369ee-a13c-42da-9f4f-ef7ada436ec0 sending LeaveGroup request to coordinator localhost:32770 (id: 2147483647 rack: null) due to the consumer is being closed
2025-07-31 16:59:36,964 INFO  [org.apa.kaf.cli.con.int.ConsumerCoordinator] (main) [Consumer clientId=consumer-Consumer-topic-89112543_541e_4cee_8327_3463f3bad243-9, groupId=Consumer-topic-89112543_541e_4cee_8327_3463f3bad243] Resetting generation and member id due to: consumer pro-actively leaving the group
2025-07-31 16:59:36,964 INFO  [org.apa.kaf.cli.con.int.ConsumerCoordinator] (main) [Consumer clientId=consumer-Consumer-topic-89112543_541e_4cee_8327_3463f3bad243-9, groupId=Consumer-topic-89112543_541e_4cee_8327_3463f3bad243] Request joining group due to: consumer pro-actively leaving the group
2025-07-31 16:59:37,455 INFO  [org.apa.kaf.com.met.Metrics] (main) Metrics scheduler closed
2025-07-31 16:59:37,455 INFO  [org.apa.kaf.com.met.Metrics] (main) Closing reporter org.apache.kafka.common.metrics.JmxReporter
2025-07-31 16:59:37,455 INFO  [org.apa.kaf.com.met.Metrics] (main) Closing reporter org.apache.kafka.common.telemetry.internals.ClientTelemetryReporter
2025-07-31 16:59:37,455 INFO  [org.apa.kaf.com.met.Metrics] (main) Metrics reporters closed
2025-07-31 16:59:37,458 INFO  [org.apa.kaf.com.uti.AppInfoParser] (main) App info kafka.consumer for consumer-Consumer-topic-89112543_541e_4cee_8327_3463f3bad243-9 unregistered
2025-07-31 16:59:37,458 INFO  [io.api.tes.uti.TestSeparator] (main) io.apicurio.tests.serdes.apicurio.AvroSerdeIT.testEvolveAvroApicurioReusingClient-FINISHED
2025-07-31 16:59:37,458 INFO  [io.api.tes.uti.TestSeparator] (main) ############################################################################
Test passed: testEvolveAvroApicurioReusingClient
]]></system-out>
  </testcase>
  <testcase name="testProducerUsesDefaultConsumerUsesGlobalId" classname="io.apicurio.tests.serdes.apicurio.AvroSerdeIT" time="0.0">
    <skipped message="void io.apicurio.tests.serdes.apicurio.AvroSerdeIT.testProducerUsesDefaultConsumerUsesGlobalId() throws java.lang.Exception is @Disabled"/>
  </testcase>
  <testcase name="testEvolveAvroApicurio" classname="io.apicurio.tests.serdes.apicurio.AvroSerdeIT" time="5.774">
    <system-out><![CDATA[2025-07-31 16:59:37,462 INFO  [io.api.tes.uti.TestSeparator] (main) ############################################################################
2025-07-31 16:59:37,462 INFO  [io.api.tes.uti.TestSeparator] (main) io.apicurio.tests.serdes.apicurio.AvroSerdeIT.testEvolveAvroApicurio-STARTED
2025-07-31 16:59:37,462 INFO  [io.api.tes.ser.api.AvroSerdeIT] (main) Registering Avro Schema: {"type":"record","name":"s0c141953x551ex4bc3xb389xb49410ee9ed9","namespace":"ns_5f6faeea_1fa6_4d2d_935c_4af03f304f2f","fields":[{"name":"key11753981177462","type":"string"}]}
**** Registry Base URL: http://registry-app-inmemory.apps.ci419.apicurio-testing.org:80
2025-07-31 16:59:38,524 INFO  [org.apa.kaf.cli.pro.ProducerConfig] (main) ProducerConfig values: 
	acks = -1
	auto.include.jmx.reporter = true
	batch.size = 16384
	bootstrap.servers = [PLAINTEXT://localhost:32770]
	buffer.memory = 33554432
	client.dns.lookup = use_all_dns_ips
	client.id = Producer-topic-23df3262_4673_4f37_93a4_61d03adf569b
	compression.gzip.level = -1
	compression.lz4.level = 9
	compression.type = none
	compression.zstd.level = 3
	connections.max.idle.ms = 10000
	delivery.timeout.ms = 120000
	enable.idempotence = true
	enable.metrics.push = true
	interceptor.classes = []
	key.serializer = class org.apache.kafka.common.serialization.StringSerializer
	linger.ms = 0
	max.block.ms = 60000
	max.in.flight.requests.per.connection = 5
	max.request.size = 1048576
	metadata.max.age.ms = 300000
	metadata.max.idle.ms = 300000
	metadata.recovery.strategy = none
	metric.reporters = []
	metrics.num.samples = 2
	metrics.recording.level = INFO
	metrics.sample.window.ms = 30000
	partitioner.adaptive.partitioning.enable = true
	partitioner.availability.timeout.ms = 0
	partitioner.class = null
	partitioner.ignore.keys = false
	receive.buffer.bytes = 32768
	reconnect.backoff.max.ms = 1000
	reconnect.backoff.ms = 50
	request.timeout.ms = 5000
	retries = 2147483647
	retry.backoff.max.ms = 1000
	retry.backoff.ms = 100
	sasl.client.callback.handler.class = null
	sasl.jaas.config = null
	sasl.kerberos.kinit.cmd = /usr/bin/kinit
	sasl.kerberos.min.time.before.relogin = 60000
	sasl.kerberos.service.name = null
	sasl.kerberos.ticket.renew.jitter = 0.05
	sasl.kerberos.ticket.renew.window.factor = 0.8
	sasl.login.callback.handler.class = null
	sasl.login.class = null
	sasl.login.connect.timeout.ms = null
	sasl.login.read.timeout.ms = null
	sasl.login.refresh.buffer.seconds = 300
	sasl.login.refresh.min.period.seconds = 60
	sasl.login.refresh.window.factor = 0.8
	sasl.login.refresh.window.jitter = 0.05
	sasl.login.retry.backoff.max.ms = 10000
	sasl.login.retry.backoff.ms = 100
	sasl.mechanism = GSSAPI
	sasl.oauthbearer.clock.skew.seconds = 30
	sasl.oauthbearer.expected.audience = null
	sasl.oauthbearer.expected.issuer = null
	sasl.oauthbearer.header.urlencode = false
	sasl.oauthbearer.jwks.endpoint.refresh.ms = 3600000
	sasl.oauthbearer.jwks.endpoint.retry.backoff.max.ms = 10000
	sasl.oauthbearer.jwks.endpoint.retry.backoff.ms = 100
	sasl.oauthbearer.jwks.endpoint.url = null
	sasl.oauthbearer.scope.claim.name = scope
	sasl.oauthbearer.sub.claim.name = sub
	sasl.oauthbearer.token.endpoint.url = null
	security.protocol = PLAINTEXT
	security.providers = null
	send.buffer.bytes = 131072
	socket.connection.setup.timeout.max.ms = 30000
	socket.connection.setup.timeout.ms = 10000
	ssl.cipher.suites = null
	ssl.enabled.protocols = [TLSv1.2, TLSv1.3]
	ssl.endpoint.identification.algorithm = https
	ssl.engine.factory.class = null
	ssl.key.password = null
	ssl.keymanager.algorithm = SunX509
	ssl.keystore.certificate.chain = null
	ssl.keystore.key = null
	ssl.keystore.location = null
	ssl.keystore.password = null
	ssl.keystore.type = JKS
	ssl.protocol = TLSv1.3
	ssl.provider = null
	ssl.secure.random.implementation = null
	ssl.trustmanager.algorithm = PKIX
	ssl.truststore.certificates = null
	ssl.truststore.location = null
	ssl.truststore.password = null
	ssl.truststore.type = JKS
	transaction.timeout.ms = 60000
	transactional.id = null
	value.serializer = class io.apicurio.registry.serde.avro.AvroKafkaSerializer

2025-07-31 16:59:38,524 INFO  [org.apa.kaf.com.tel.int.KafkaMetricsCollector] (main) initializing Kafka metrics collector
2025-07-31 16:59:38,527 INFO  [org.apa.kaf.cli.pro.KafkaProducer] (main) [Producer clientId=Producer-topic-23df3262_4673_4f37_93a4_61d03adf569b] Instantiated an idempotent producer.
2025-07-31 16:59:38,532 INFO  [org.apa.kaf.cli.pro.ProducerConfig] (main) These configurations '[apicurio.registry.url, apicurio.registry.artifact-resolver-strategy]' were supplied but are not used yet.
2025-07-31 16:59:38,532 INFO  [org.apa.kaf.com.uti.AppInfoParser] (main) Kafka version: 3.9.1
2025-07-31 16:59:38,532 INFO  [org.apa.kaf.com.uti.AppInfoParser] (main) Kafka commitId: f745dfdcee2b9851
2025-07-31 16:59:38,532 INFO  [org.apa.kaf.com.uti.AppInfoParser] (main) Kafka startTimeMs: 1753981178532
**** Registry Base URL: http://registry-app-inmemory.apps.ci419.apicurio-testing.org:80
2025-07-31 16:59:38,533 INFO  [org.apa.kaf.cli.con.ConsumerConfig] (main) ConsumerConfig values: 
	allow.auto.create.topics = true
	auto.commit.interval.ms = 500
	auto.include.jmx.reporter = true
	auto.offset.reset = earliest
	bootstrap.servers = [PLAINTEXT://localhost:32770]
	check.crcs = true
	client.dns.lookup = use_all_dns_ips
	client.id = consumer-Consumer-topic-23df3262_4673_4f37_93a4_61d03adf569b-10
	client.rack = 
	connections.max.idle.ms = 10000
	default.api.timeout.ms = 60000
	enable.auto.commit = true
	enable.metrics.push = true
	exclude.internal.topics = true
	fetch.max.bytes = 52428800
	fetch.max.wait.ms = 500
	fetch.min.bytes = 1
	group.id = Consumer-topic-23df3262_4673_4f37_93a4_61d03adf569b
	group.instance.id = null
	group.protocol = classic
	group.remote.assignor = null
	heartbeat.interval.ms = 3000
	interceptor.classes = []
	internal.leave.group.on.close = true
	internal.throw.on.fetch.stable.offset.unsupported = false
	isolation.level = read_uncommitted
	key.deserializer = class org.apache.kafka.common.serialization.StringDeserializer
	max.partition.fetch.bytes = 1048576
	max.poll.interval.ms = 300000
	max.poll.records = 500
	metadata.max.age.ms = 300000
	metadata.recovery.strategy = none
	metric.reporters = []
	metrics.num.samples = 2
	metrics.recording.level = INFO
	metrics.sample.window.ms = 30000
	partition.assignment.strategy = [class org.apache.kafka.clients.consumer.RangeAssignor, class org.apache.kafka.clients.consumer.CooperativeStickyAssignor]
	receive.buffer.bytes = 65536
	reconnect.backoff.max.ms = 1000
	reconnect.backoff.ms = 50
	request.timeout.ms = 5000
	retry.backoff.max.ms = 1000
	retry.backoff.ms = 100
	sasl.client.callback.handler.class = null
	sasl.jaas.config = null
	sasl.kerberos.kinit.cmd = /usr/bin/kinit
	sasl.kerberos.min.time.before.relogin = 60000
	sasl.kerberos.service.name = null
	sasl.kerberos.ticket.renew.jitter = 0.05
	sasl.kerberos.ticket.renew.window.factor = 0.8
	sasl.login.callback.handler.class = null
	sasl.login.class = null
	sasl.login.connect.timeout.ms = null
	sasl.login.read.timeout.ms = null
	sasl.login.refresh.buffer.seconds = 300
	sasl.login.refresh.min.period.seconds = 60
	sasl.login.refresh.window.factor = 0.8
	sasl.login.refresh.window.jitter = 0.05
	sasl.login.retry.backoff.max.ms = 10000
	sasl.login.retry.backoff.ms = 100
	sasl.mechanism = GSSAPI
	sasl.oauthbearer.clock.skew.seconds = 30
	sasl.oauthbearer.expected.audience = null
	sasl.oauthbearer.expected.issuer = null
	sasl.oauthbearer.header.urlencode = false
	sasl.oauthbearer.jwks.endpoint.refresh.ms = 3600000
	sasl.oauthbearer.jwks.endpoint.retry.backoff.max.ms = 10000
	sasl.oauthbearer.jwks.endpoint.retry.backoff.ms = 100
	sasl.oauthbearer.jwks.endpoint.url = null
	sasl.oauthbearer.scope.claim.name = scope
	sasl.oauthbearer.sub.claim.name = sub
	sasl.oauthbearer.token.endpoint.url = null
	security.protocol = PLAINTEXT
	security.providers = null
	send.buffer.bytes = 131072
	session.timeout.ms = 45000
	socket.connection.setup.timeout.max.ms = 30000
	socket.connection.setup.timeout.ms = 10000
	ssl.cipher.suites = null
	ssl.enabled.protocols = [TLSv1.2, TLSv1.3]
	ssl.endpoint.identification.algorithm = https
	ssl.engine.factory.class = null
	ssl.key.password = null
	ssl.keymanager.algorithm = SunX509
	ssl.keystore.certificate.chain = null
	ssl.keystore.key = null
	ssl.keystore.location = null
	ssl.keystore.password = null
	ssl.keystore.type = JKS
	ssl.protocol = TLSv1.3
	ssl.provider = null
	ssl.secure.random.implementation = null
	ssl.trustmanager.algorithm = PKIX
	ssl.truststore.certificates = null
	ssl.truststore.location = null
	ssl.truststore.password = null
	ssl.truststore.type = JKS
	value.deserializer = class io.apicurio.registry.serde.avro.AvroKafkaDeserializer

2025-07-31 16:59:38,533 INFO  [org.apa.kaf.com.tel.int.KafkaMetricsCollector] (main) initializing Kafka metrics collector
2025-07-31 16:59:38,537 INFO  [org.apa.kaf.cli.Metadata] (kafka-producer-network-thread | Producer-topic-23df3262_4673_4f37_93a4_61d03adf569b) [Producer clientId=Producer-topic-23df3262_4673_4f37_93a4_61d03adf569b] Cluster ID: JfHT16fFSb-b502x6d9TJg
2025-07-31 16:59:38,539 INFO  [org.apa.kaf.cli.pro.int.TransactionManager] (kafka-producer-network-thread | Producer-topic-23df3262_4673_4f37_93a4_61d03adf569b) [Producer clientId=Producer-topic-23df3262_4673_4f37_93a4_61d03adf569b] ProducerId set to 12 with epoch 0
2025-07-31 16:59:38,542 INFO  [org.apa.kaf.cli.con.ConsumerConfig] (main) These configurations '[apicurio.registry.url]' were supplied but are not used yet.
2025-07-31 16:59:38,542 INFO  [org.apa.kaf.com.uti.AppInfoParser] (main) Kafka version: 3.9.1
2025-07-31 16:59:38,542 INFO  [org.apa.kaf.com.uti.AppInfoParser] (main) Kafka commitId: f745dfdcee2b9851
2025-07-31 16:59:38,542 INFO  [org.apa.kaf.com.uti.AppInfoParser] (main) Kafka startTimeMs: 1753981178542
2025-07-31 16:59:38,543 INFO  [io.api.tes.ser.api.KafkaSerdesTester] (Thread-666) Sending message {"key11753981177462": "value-0"} to topic topic-23df3262_4673_4f37_93a4_61d03adf569b
2025-07-31 16:59:38,544 INFO  [DefaultSchemaResolver] (Thread-666) Retrieving schema content using string: {"type":"record","name":"s0c141953x551ex4bc3xb389xb49410ee9ed9","namespace":"ns_5f6faeea_1fa6_4d2d_935c_4af03f304f2f","fields":[{"name":"key11753981177462","type":"string"}]}
2025-07-31 16:59:38,600 INFO  [io.api.tes.ser.api.KafkaSerdesTester] (Thread-666) Sending message {"key11753981177462": "value-1"} to topic topic-23df3262_4673_4f37_93a4_61d03adf569b
2025-07-31 16:59:38,601 INFO  [io.api.tes.ser.api.KafkaSerdesTester] (Thread-666) Sending message {"key11753981177462": "value-2"} to topic topic-23df3262_4673_4f37_93a4_61d03adf569b
2025-07-31 16:59:38,603 INFO  [io.api.tes.ser.api.KafkaSerdesTester] (Thread-666) Sending message {"key11753981177462": "value-3"} to topic topic-23df3262_4673_4f37_93a4_61d03adf569b
2025-07-31 16:59:38,604 INFO  [io.api.tes.ser.api.KafkaSerdesTester] (Thread-666) Sending message {"key11753981177462": "value-4"} to topic topic-23df3262_4673_4f37_93a4_61d03adf569b
2025-07-31 16:59:38,605 INFO  [io.api.tes.ser.api.KafkaSerdesTester] (Thread-666) Sending message {"key11753981177462": "value-5"} to topic topic-23df3262_4673_4f37_93a4_61d03adf569b
2025-07-31 16:59:38,607 INFO  [io.api.tes.ser.api.KafkaSerdesTester] (Thread-666) Sending message {"key11753981177462": "value-6"} to topic topic-23df3262_4673_4f37_93a4_61d03adf569b
2025-07-31 16:59:38,608 INFO  [io.api.tes.ser.api.KafkaSerdesTester] (Thread-666) Sending message {"key11753981177462": "value-7"} to topic topic-23df3262_4673_4f37_93a4_61d03adf569b
2025-07-31 16:59:38,610 INFO  [io.api.tes.ser.api.KafkaSerdesTester] (Thread-666) Sending message {"key11753981177462": "value-8"} to topic topic-23df3262_4673_4f37_93a4_61d03adf569b
2025-07-31 16:59:38,611 INFO  [io.api.tes.ser.api.KafkaSerdesTester] (Thread-666) Sending message {"key11753981177462": "value-9"} to topic topic-23df3262_4673_4f37_93a4_61d03adf569b
2025-07-31 16:59:38,612 INFO  [io.api.tes.ser.api.KafkaSerdesTester] (Thread-666) Produced 10 messages
2025-07-31 16:59:38,612 INFO  [org.apa.kaf.cli.pro.KafkaProducer] (Thread-666) [Producer clientId=Producer-topic-23df3262_4673_4f37_93a4_61d03adf569b] Closing the Kafka producer with timeoutMillis = 9223372036854775807 ms.
2025-07-31 16:59:38,614 INFO  [org.apa.kaf.com.met.Metrics] (Thread-666) Metrics scheduler closed
2025-07-31 16:59:38,614 INFO  [org.apa.kaf.com.met.Metrics] (Thread-666) Closing reporter org.apache.kafka.common.metrics.JmxReporter
2025-07-31 16:59:38,614 INFO  [org.apa.kaf.com.met.Metrics] (Thread-666) Closing reporter org.apache.kafka.common.telemetry.internals.ClientTelemetryReporter
2025-07-31 16:59:38,614 INFO  [org.apa.kaf.com.met.Metrics] (Thread-666) Metrics reporters closed
2025-07-31 16:59:38,614 INFO  [org.apa.kaf.com.uti.AppInfoParser] (Thread-666) App info kafka.producer for Producer-topic-23df3262_4673_4f37_93a4_61d03adf569b unregistered
2025-07-31 16:59:38,615 INFO  [org.apa.kaf.cli.con.int.ClassicKafkaConsumer] (Thread-667) [Consumer clientId=consumer-Consumer-topic-23df3262_4673_4f37_93a4_61d03adf569b-10, groupId=Consumer-topic-23df3262_4673_4f37_93a4_61d03adf569b] Subscribed to topic(s): topic-23df3262_4673_4f37_93a4_61d03adf569b
2025-07-31 16:59:38,619 INFO  [org.apa.kaf.cli.Metadata] (Thread-667) [Consumer clientId=consumer-Consumer-topic-23df3262_4673_4f37_93a4_61d03adf569b-10, groupId=Consumer-topic-23df3262_4673_4f37_93a4_61d03adf569b] Cluster ID: JfHT16fFSb-b502x6d9TJg
2025-07-31 16:59:38,619 INFO  [org.apa.kaf.cli.con.int.ConsumerCoordinator] (Thread-667) [Consumer clientId=consumer-Consumer-topic-23df3262_4673_4f37_93a4_61d03adf569b-10, groupId=Consumer-topic-23df3262_4673_4f37_93a4_61d03adf569b] Discovered group coordinator localhost:32770 (id: 2147483647 rack: null)
2025-07-31 16:59:38,621 INFO  [org.apa.kaf.cli.con.int.ConsumerCoordinator] (Thread-667) [Consumer clientId=consumer-Consumer-topic-23df3262_4673_4f37_93a4_61d03adf569b-10, groupId=Consumer-topic-23df3262_4673_4f37_93a4_61d03adf569b] (Re-)joining group
2025-07-31 16:59:38,624 INFO  [org.apa.kaf.cli.con.int.ConsumerCoordinator] (Thread-667) [Consumer clientId=consumer-Consumer-topic-23df3262_4673_4f37_93a4_61d03adf569b-10, groupId=Consumer-topic-23df3262_4673_4f37_93a4_61d03adf569b] Request joining group due to: need to re-join with the given member-id: consumer-Consumer-topic-23df3262_4673_4f37_93a4_61d03adf569b-10-a1a3f97a-6a1d-43c4-9982-a8d4d1f11eb3
2025-07-31 16:59:38,624 INFO  [org.apa.kaf.cli.con.int.ConsumerCoordinator] (Thread-667) [Consumer clientId=consumer-Consumer-topic-23df3262_4673_4f37_93a4_61d03adf569b-10, groupId=Consumer-topic-23df3262_4673_4f37_93a4_61d03adf569b] (Re-)joining group
2025-07-31 16:59:38,626 INFO  [org.apa.kaf.cli.con.int.ConsumerCoordinator] (Thread-667) [Consumer clientId=consumer-Consumer-topic-23df3262_4673_4f37_93a4_61d03adf569b-10, groupId=Consumer-topic-23df3262_4673_4f37_93a4_61d03adf569b] Successfully joined group with generation Generation{generationId=1, memberId='consumer-Consumer-topic-23df3262_4673_4f37_93a4_61d03adf569b-10-a1a3f97a-6a1d-43c4-9982-a8d4d1f11eb3', protocol='range'}
2025-07-31 16:59:38,626 INFO  [org.apa.kaf.cli.con.int.ConsumerCoordinator] (Thread-667) [Consumer clientId=consumer-Consumer-topic-23df3262_4673_4f37_93a4_61d03adf569b-10, groupId=Consumer-topic-23df3262_4673_4f37_93a4_61d03adf569b] Finished assignment for group at generation 1: {consumer-Consumer-topic-23df3262_4673_4f37_93a4_61d03adf569b-10-a1a3f97a-6a1d-43c4-9982-a8d4d1f11eb3=Assignment(partitions=[topic-23df3262_4673_4f37_93a4_61d03adf569b-0])}
2025-07-31 16:59:38,631 INFO  [org.apa.kaf.cli.con.int.ConsumerCoordinator] (Thread-667) [Consumer clientId=consumer-Consumer-topic-23df3262_4673_4f37_93a4_61d03adf569b-10, groupId=Consumer-topic-23df3262_4673_4f37_93a4_61d03adf569b] Successfully synced group in generation Generation{generationId=1, memberId='consumer-Consumer-topic-23df3262_4673_4f37_93a4_61d03adf569b-10-a1a3f97a-6a1d-43c4-9982-a8d4d1f11eb3', protocol='range'}
2025-07-31 16:59:38,631 INFO  [org.apa.kaf.cli.con.int.ConsumerCoordinator] (Thread-667) [Consumer clientId=consumer-Consumer-topic-23df3262_4673_4f37_93a4_61d03adf569b-10, groupId=Consumer-topic-23df3262_4673_4f37_93a4_61d03adf569b] Notifying assignor about the new Assignment(partitions=[topic-23df3262_4673_4f37_93a4_61d03adf569b-0])
2025-07-31 16:59:38,632 INFO  [org.apa.kaf.cli.con.int.ConsumerRebalanceListenerInvoker] (Thread-667) [Consumer clientId=consumer-Consumer-topic-23df3262_4673_4f37_93a4_61d03adf569b-10, groupId=Consumer-topic-23df3262_4673_4f37_93a4_61d03adf569b] Adding newly assigned partitions: topic-23df3262_4673_4f37_93a4_61d03adf569b-0
2025-07-31 16:59:38,633 INFO  [org.apa.kaf.cli.con.int.ConsumerCoordinator] (Thread-667) [Consumer clientId=consumer-Consumer-topic-23df3262_4673_4f37_93a4_61d03adf569b-10, groupId=Consumer-topic-23df3262_4673_4f37_93a4_61d03adf569b] Found no committed offset for partition topic-23df3262_4673_4f37_93a4_61d03adf569b-0
2025-07-31 16:59:38,636 INFO  [org.apa.kaf.cli.con.int.SubscriptionState] (Thread-667) [Consumer clientId=consumer-Consumer-topic-23df3262_4673_4f37_93a4_61d03adf569b-10, groupId=Consumer-topic-23df3262_4673_4f37_93a4_61d03adf569b] Resetting offset for partition topic-23df3262_4673_4f37_93a4_61d03adf569b-0 to position FetchPosition{offset=0, offsetEpoch=Optional.empty, currentLeader=LeaderAndEpoch{leader=Optional[localhost:32770 (id: 0 rack: null)], epoch=0}}.
2025-07-31 16:59:38,714 INFO  [io.api.tes.ser.api.KafkaSerdesTester] (Thread-667) topic-23df3262_4673_4f37_93a4_61d03adf569b 0 0 {"key11753981177462": "value-0"}
2025-07-31 16:59:38,714 INFO  [io.api.tes.ser.api.KafkaSerdesTester] (Thread-667) topic-23df3262_4673_4f37_93a4_61d03adf569b 0 1 {"key11753981177462": "value-1"}
2025-07-31 16:59:38,714 INFO  [io.api.tes.ser.api.KafkaSerdesTester] (Thread-667) topic-23df3262_4673_4f37_93a4_61d03adf569b 0 2 {"key11753981177462": "value-2"}
2025-07-31 16:59:38,714 INFO  [io.api.tes.ser.api.KafkaSerdesTester] (Thread-667) topic-23df3262_4673_4f37_93a4_61d03adf569b 0 3 {"key11753981177462": "value-3"}
2025-07-31 16:59:38,714 INFO  [io.api.tes.ser.api.KafkaSerdesTester] (Thread-667) topic-23df3262_4673_4f37_93a4_61d03adf569b 0 4 {"key11753981177462": "value-4"}
2025-07-31 16:59:38,714 INFO  [io.api.tes.ser.api.KafkaSerdesTester] (Thread-667) topic-23df3262_4673_4f37_93a4_61d03adf569b 0 5 {"key11753981177462": "value-5"}
2025-07-31 16:59:38,714 INFO  [io.api.tes.ser.api.KafkaSerdesTester] (Thread-667) topic-23df3262_4673_4f37_93a4_61d03adf569b 0 6 {"key11753981177462": "value-6"}
2025-07-31 16:59:38,715 INFO  [io.api.tes.ser.api.KafkaSerdesTester] (Thread-667) topic-23df3262_4673_4f37_93a4_61d03adf569b 0 7 {"key11753981177462": "value-7"}
2025-07-31 16:59:38,715 INFO  [io.api.tes.ser.api.KafkaSerdesTester] (Thread-667) topic-23df3262_4673_4f37_93a4_61d03adf569b 0 8 {"key11753981177462": "value-8"}
2025-07-31 16:59:38,715 INFO  [io.api.tes.ser.api.KafkaSerdesTester] (Thread-667) topic-23df3262_4673_4f37_93a4_61d03adf569b 0 9 {"key11753981177462": "value-9"}
2025-07-31 16:59:38,715 INFO  [io.api.tes.ser.api.KafkaSerdesTester] (Thread-667) Consumed 10 messages
2025-07-31 16:59:38,717 INFO  [org.apa.kaf.cli.con.int.ConsumerRebalanceListenerInvoker] (Thread-667) [Consumer clientId=consumer-Consumer-topic-23df3262_4673_4f37_93a4_61d03adf569b-10, groupId=Consumer-topic-23df3262_4673_4f37_93a4_61d03adf569b] Revoke previously assigned partitions topic-23df3262_4673_4f37_93a4_61d03adf569b-0
2025-07-31 16:59:38,717 INFO  [org.apa.kaf.cli.con.int.ConsumerCoordinator] (Thread-667) [Consumer clientId=consumer-Consumer-topic-23df3262_4673_4f37_93a4_61d03adf569b-10, groupId=Consumer-topic-23df3262_4673_4f37_93a4_61d03adf569b] Member consumer-Consumer-topic-23df3262_4673_4f37_93a4_61d03adf569b-10-a1a3f97a-6a1d-43c4-9982-a8d4d1f11eb3 sending LeaveGroup request to coordinator localhost:32770 (id: 2147483647 rack: null) due to the consumer is being closed
2025-07-31 16:59:38,717 INFO  [org.apa.kaf.cli.con.int.ConsumerCoordinator] (Thread-667) [Consumer clientId=consumer-Consumer-topic-23df3262_4673_4f37_93a4_61d03adf569b-10, groupId=Consumer-topic-23df3262_4673_4f37_93a4_61d03adf569b] Resetting generation and member id due to: consumer pro-actively leaving the group
2025-07-31 16:59:38,717 INFO  [org.apa.kaf.cli.con.int.ConsumerCoordinator] (Thread-667) [Consumer clientId=consumer-Consumer-topic-23df3262_4673_4f37_93a4_61d03adf569b-10, groupId=Consumer-topic-23df3262_4673_4f37_93a4_61d03adf569b] Request joining group due to: consumer pro-actively leaving the group
2025-07-31 16:59:39,217 INFO  [org.apa.kaf.com.met.Metrics] (Thread-667) Metrics scheduler closed
2025-07-31 16:59:39,217 INFO  [org.apa.kaf.com.met.Metrics] (Thread-667) Closing reporter org.apache.kafka.common.metrics.JmxReporter
2025-07-31 16:59:39,217 INFO  [org.apa.kaf.com.met.Metrics] (Thread-667) Closing reporter org.apache.kafka.common.telemetry.internals.ClientTelemetryReporter
2025-07-31 16:59:39,217 INFO  [org.apa.kaf.com.met.Metrics] (Thread-667) Metrics reporters closed
2025-07-31 16:59:39,219 INFO  [org.apa.kaf.com.uti.AppInfoParser] (Thread-667) App info kafka.consumer for consumer-Consumer-topic-23df3262_4673_4f37_93a4_61d03adf569b-10 unregistered
2025-07-31 16:59:39,220 INFO  [io.api.tes.ser.api.AvroSerdeIT] (main) Registering Avro Schema 2: {"type":"record","name":"s0c141953x551ex4bc3xb389xb49410ee9ed9","namespace":"ns_5f6faeea_1fa6_4d2d_935c_4af03f304f2f","fields":[{"name":"key11753981177462","type":"string"},{"name":"key21753981179219","type":"string"}]}
**** Registry Base URL: http://registry-app-inmemory.apps.ci419.apicurio-testing.org:80
2025-07-31 16:59:40,282 INFO  [org.apa.kaf.cli.pro.ProducerConfig] (main) ProducerConfig values: 
	acks = -1
	auto.include.jmx.reporter = true
	batch.size = 16384
	bootstrap.servers = [PLAINTEXT://localhost:32770]
	buffer.memory = 33554432
	client.dns.lookup = use_all_dns_ips
	client.id = Producer-topic-23df3262_4673_4f37_93a4_61d03adf569b
	compression.gzip.level = -1
	compression.lz4.level = 9
	compression.type = none
	compression.zstd.level = 3
	connections.max.idle.ms = 10000
	delivery.timeout.ms = 120000
	enable.idempotence = true
	enable.metrics.push = true
	interceptor.classes = []
	key.serializer = class org.apache.kafka.common.serialization.StringSerializer
	linger.ms = 0
	max.block.ms = 60000
	max.in.flight.requests.per.connection = 5
	max.request.size = 1048576
	metadata.max.age.ms = 300000
	metadata.max.idle.ms = 300000
	metadata.recovery.strategy = none
	metric.reporters = []
	metrics.num.samples = 2
	metrics.recording.level = INFO
	metrics.sample.window.ms = 30000
	partitioner.adaptive.partitioning.enable = true
	partitioner.availability.timeout.ms = 0
	partitioner.class = null
	partitioner.ignore.keys = false
	receive.buffer.bytes = 32768
	reconnect.backoff.max.ms = 1000
	reconnect.backoff.ms = 50
	request.timeout.ms = 5000
	retries = 2147483647
	retry.backoff.max.ms = 1000
	retry.backoff.ms = 100
	sasl.client.callback.handler.class = null
	sasl.jaas.config = null
	sasl.kerberos.kinit.cmd = /usr/bin/kinit
	sasl.kerberos.min.time.before.relogin = 60000
	sasl.kerberos.service.name = null
	sasl.kerberos.ticket.renew.jitter = 0.05
	sasl.kerberos.ticket.renew.window.factor = 0.8
	sasl.login.callback.handler.class = null
	sasl.login.class = null
	sasl.login.connect.timeout.ms = null
	sasl.login.read.timeout.ms = null
	sasl.login.refresh.buffer.seconds = 300
	sasl.login.refresh.min.period.seconds = 60
	sasl.login.refresh.window.factor = 0.8
	sasl.login.refresh.window.jitter = 0.05
	sasl.login.retry.backoff.max.ms = 10000
	sasl.login.retry.backoff.ms = 100
	sasl.mechanism = GSSAPI
	sasl.oauthbearer.clock.skew.seconds = 30
	sasl.oauthbearer.expected.audience = null
	sasl.oauthbearer.expected.issuer = null
	sasl.oauthbearer.header.urlencode = false
	sasl.oauthbearer.jwks.endpoint.refresh.ms = 3600000
	sasl.oauthbearer.jwks.endpoint.retry.backoff.max.ms = 10000
	sasl.oauthbearer.jwks.endpoint.retry.backoff.ms = 100
	sasl.oauthbearer.jwks.endpoint.url = null
	sasl.oauthbearer.scope.claim.name = scope
	sasl.oauthbearer.sub.claim.name = sub
	sasl.oauthbearer.token.endpoint.url = null
	security.protocol = PLAINTEXT
	security.providers = null
	send.buffer.bytes = 131072
	socket.connection.setup.timeout.max.ms = 30000
	socket.connection.setup.timeout.ms = 10000
	ssl.cipher.suites = null
	ssl.enabled.protocols = [TLSv1.2, TLSv1.3]
	ssl.endpoint.identification.algorithm = https
	ssl.engine.factory.class = null
	ssl.key.password = null
	ssl.keymanager.algorithm = SunX509
	ssl.keystore.certificate.chain = null
	ssl.keystore.key = null
	ssl.keystore.location = null
	ssl.keystore.password = null
	ssl.keystore.type = JKS
	ssl.protocol = TLSv1.3
	ssl.provider = null
	ssl.secure.random.implementation = null
	ssl.trustmanager.algorithm = PKIX
	ssl.truststore.certificates = null
	ssl.truststore.location = null
	ssl.truststore.password = null
	ssl.truststore.type = JKS
	transaction.timeout.ms = 60000
	transactional.id = null
	value.serializer = class io.apicurio.registry.serde.avro.AvroKafkaSerializer

2025-07-31 16:59:40,282 INFO  [org.apa.kaf.com.tel.int.KafkaMetricsCollector] (main) initializing Kafka metrics collector
2025-07-31 16:59:40,286 INFO  [org.apa.kaf.cli.pro.KafkaProducer] (main) [Producer clientId=Producer-topic-23df3262_4673_4f37_93a4_61d03adf569b] Instantiated an idempotent producer.
2025-07-31 16:59:40,288 INFO  [org.apa.kaf.cli.pro.ProducerConfig] (main) These configurations '[apicurio.registry.url, apicurio.registry.artifact-resolver-strategy]' were supplied but are not used yet.
2025-07-31 16:59:40,288 INFO  [org.apa.kaf.com.uti.AppInfoParser] (main) Kafka version: 3.9.1
2025-07-31 16:59:40,288 INFO  [org.apa.kaf.com.uti.AppInfoParser] (main) Kafka commitId: f745dfdcee2b9851
2025-07-31 16:59:40,288 INFO  [org.apa.kaf.com.uti.AppInfoParser] (main) Kafka startTimeMs: 1753981180288
2025-07-31 16:59:40,290 INFO  [io.api.tes.ser.api.KafkaSerdesTester] (Thread-670) Sending message {"key11753981177462": "value-0", "key21753981179219": "value-0"} to topic topic-23df3262_4673_4f37_93a4_61d03adf569b
2025-07-31 16:59:40,294 INFO  [org.apa.kaf.cli.Metadata] (kafka-producer-network-thread | Producer-topic-23df3262_4673_4f37_93a4_61d03adf569b) [Producer clientId=Producer-topic-23df3262_4673_4f37_93a4_61d03adf569b] Cluster ID: JfHT16fFSb-b502x6d9TJg
2025-07-31 16:59:40,294 INFO  [DefaultSchemaResolver] (Thread-670) Retrieving schema content using string: {"type":"record","name":"s0c141953x551ex4bc3xb389xb49410ee9ed9","namespace":"ns_5f6faeea_1fa6_4d2d_935c_4af03f304f2f","fields":[{"name":"key11753981177462","type":"string"},{"name":"key21753981179219","type":"string"}]}
2025-07-31 16:59:40,295 INFO  [org.apa.kaf.cli.pro.int.TransactionManager] (kafka-producer-network-thread | Producer-topic-23df3262_4673_4f37_93a4_61d03adf569b) [Producer clientId=Producer-topic-23df3262_4673_4f37_93a4_61d03adf569b] ProducerId set to 13 with epoch 0
2025-07-31 16:59:40,356 INFO  [io.api.tes.ser.api.KafkaSerdesTester] (Thread-670) Sending message {"key11753981177462": "value-1", "key21753981179219": "value-1"} to topic topic-23df3262_4673_4f37_93a4_61d03adf569b
2025-07-31 16:59:40,358 INFO  [io.api.tes.ser.api.KafkaSerdesTester] (Thread-670) Sending message {"key11753981177462": "value-2", "key21753981179219": "value-2"} to topic topic-23df3262_4673_4f37_93a4_61d03adf569b
2025-07-31 16:59:40,359 INFO  [io.api.tes.ser.api.KafkaSerdesTester] (Thread-670) Sending message {"key11753981177462": "value-3", "key21753981179219": "value-3"} to topic topic-23df3262_4673_4f37_93a4_61d03adf569b
2025-07-31 16:59:40,364 INFO  [io.api.tes.ser.api.KafkaSerdesTester] (Thread-670) Sending message {"key11753981177462": "value-4", "key21753981179219": "value-4"} to topic topic-23df3262_4673_4f37_93a4_61d03adf569b
2025-07-31 16:59:40,367 INFO  [io.api.tes.ser.api.KafkaSerdesTester] (Thread-670) Sending message {"key11753981177462": "value-5", "key21753981179219": "value-5"} to topic topic-23df3262_4673_4f37_93a4_61d03adf569b
2025-07-31 16:59:40,368 INFO  [io.api.tes.ser.api.KafkaSerdesTester] (Thread-670) Sending message {"key11753981177462": "value-6", "key21753981179219": "value-6"} to topic topic-23df3262_4673_4f37_93a4_61d03adf569b
2025-07-31 16:59:40,370 INFO  [io.api.tes.ser.api.KafkaSerdesTester] (Thread-670) Sending message {"key11753981177462": "value-7", "key21753981179219": "value-7"} to topic topic-23df3262_4673_4f37_93a4_61d03adf569b
2025-07-31 16:59:40,371 INFO  [io.api.tes.ser.api.KafkaSerdesTester] (Thread-670) Sending message {"key11753981177462": "value-8", "key21753981179219": "value-8"} to topic topic-23df3262_4673_4f37_93a4_61d03adf569b
2025-07-31 16:59:40,374 INFO  [io.api.tes.ser.api.KafkaSerdesTester] (Thread-670) Sending message {"key11753981177462": "value-9", "key21753981179219": "value-9"} to topic topic-23df3262_4673_4f37_93a4_61d03adf569b
2025-07-31 16:59:40,376 INFO  [io.api.tes.ser.api.KafkaSerdesTester] (Thread-670) Produced 10 messages
2025-07-31 16:59:40,376 INFO  [org.apa.kaf.cli.pro.KafkaProducer] (Thread-670) [Producer clientId=Producer-topic-23df3262_4673_4f37_93a4_61d03adf569b] Closing the Kafka producer with timeoutMillis = 9223372036854775807 ms.
2025-07-31 16:59:40,380 INFO  [org.apa.kaf.com.met.Metrics] (Thread-670) Metrics scheduler closed
2025-07-31 16:59:40,380 INFO  [org.apa.kaf.com.met.Metrics] (Thread-670) Closing reporter org.apache.kafka.common.metrics.JmxReporter
2025-07-31 16:59:40,380 INFO  [org.apa.kaf.com.met.Metrics] (Thread-670) Closing reporter org.apache.kafka.common.telemetry.internals.ClientTelemetryReporter
2025-07-31 16:59:40,380 INFO  [org.apa.kaf.com.met.Metrics] (Thread-670) Metrics reporters closed
2025-07-31 16:59:40,380 INFO  [org.apa.kaf.com.uti.AppInfoParser] (Thread-670) App info kafka.producer for Producer-topic-23df3262_4673_4f37_93a4_61d03adf569b unregistered
**** Registry Base URL: http://registry-app-inmemory.apps.ci419.apicurio-testing.org:80
2025-07-31 16:59:40,381 INFO  [org.apa.kaf.cli.pro.ProducerConfig] (main) ProducerConfig values: 
	acks = -1
	auto.include.jmx.reporter = true
	batch.size = 16384
	bootstrap.servers = [PLAINTEXT://localhost:32770]
	buffer.memory = 33554432
	client.dns.lookup = use_all_dns_ips
	client.id = Producer-topic-23df3262_4673_4f37_93a4_61d03adf569b
	compression.gzip.level = -1
	compression.lz4.level = 9
	compression.type = none
	compression.zstd.level = 3
	connections.max.idle.ms = 10000
	delivery.timeout.ms = 120000
	enable.idempotence = true
	enable.metrics.push = true
	interceptor.classes = []
	key.serializer = class org.apache.kafka.common.serialization.StringSerializer
	linger.ms = 0
	max.block.ms = 60000
	max.in.flight.requests.per.connection = 5
	max.request.size = 1048576
	metadata.max.age.ms = 300000
	metadata.max.idle.ms = 300000
	metadata.recovery.strategy = none
	metric.reporters = []
	metrics.num.samples = 2
	metrics.recording.level = INFO
	metrics.sample.window.ms = 30000
	partitioner.adaptive.partitioning.enable = true
	partitioner.availability.timeout.ms = 0
	partitioner.class = null
	partitioner.ignore.keys = false
	receive.buffer.bytes = 32768
	reconnect.backoff.max.ms = 1000
	reconnect.backoff.ms = 50
	request.timeout.ms = 5000
	retries = 2147483647
	retry.backoff.max.ms = 1000
	retry.backoff.ms = 100
	sasl.client.callback.handler.class = null
	sasl.jaas.config = null
	sasl.kerberos.kinit.cmd = /usr/bin/kinit
	sasl.kerberos.min.time.before.relogin = 60000
	sasl.kerberos.service.name = null
	sasl.kerberos.ticket.renew.jitter = 0.05
	sasl.kerberos.ticket.renew.window.factor = 0.8
	sasl.login.callback.handler.class = null
	sasl.login.class = null
	sasl.login.connect.timeout.ms = null
	sasl.login.read.timeout.ms = null
	sasl.login.refresh.buffer.seconds = 300
	sasl.login.refresh.min.period.seconds = 60
	sasl.login.refresh.window.factor = 0.8
	sasl.login.refresh.window.jitter = 0.05
	sasl.login.retry.backoff.max.ms = 10000
	sasl.login.retry.backoff.ms = 100
	sasl.mechanism = GSSAPI
	sasl.oauthbearer.clock.skew.seconds = 30
	sasl.oauthbearer.expected.audience = null
	sasl.oauthbearer.expected.issuer = null
	sasl.oauthbearer.header.urlencode = false
	sasl.oauthbearer.jwks.endpoint.refresh.ms = 3600000
	sasl.oauthbearer.jwks.endpoint.retry.backoff.max.ms = 10000
	sasl.oauthbearer.jwks.endpoint.retry.backoff.ms = 100
	sasl.oauthbearer.jwks.endpoint.url = null
	sasl.oauthbearer.scope.claim.name = scope
	sasl.oauthbearer.sub.claim.name = sub
	sasl.oauthbearer.token.endpoint.url = null
	security.protocol = PLAINTEXT
	security.providers = null
	send.buffer.bytes = 131072
	socket.connection.setup.timeout.max.ms = 30000
	socket.connection.setup.timeout.ms = 10000
	ssl.cipher.suites = null
	ssl.enabled.protocols = [TLSv1.2, TLSv1.3]
	ssl.endpoint.identification.algorithm = https
	ssl.engine.factory.class = null
	ssl.key.password = null
	ssl.keymanager.algorithm = SunX509
	ssl.keystore.certificate.chain = null
	ssl.keystore.key = null
	ssl.keystore.location = null
	ssl.keystore.password = null
	ssl.keystore.type = JKS
	ssl.protocol = TLSv1.3
	ssl.provider = null
	ssl.secure.random.implementation = null
	ssl.trustmanager.algorithm = PKIX
	ssl.truststore.certificates = null
	ssl.truststore.location = null
	ssl.truststore.password = null
	ssl.truststore.type = JKS
	transaction.timeout.ms = 60000
	transactional.id = null
	value.serializer = class io.apicurio.registry.serde.avro.AvroKafkaSerializer

2025-07-31 16:59:40,382 INFO  [org.apa.kaf.com.tel.int.KafkaMetricsCollector] (main) initializing Kafka metrics collector
2025-07-31 16:59:40,389 INFO  [org.apa.kaf.cli.pro.KafkaProducer] (main) [Producer clientId=Producer-topic-23df3262_4673_4f37_93a4_61d03adf569b] Instantiated an idempotent producer.
2025-07-31 16:59:40,391 INFO  [org.apa.kaf.cli.pro.ProducerConfig] (main) These configurations '[apicurio.registry.url, apicurio.registry.artifact-resolver-strategy]' were supplied but are not used yet.
2025-07-31 16:59:40,391 INFO  [org.apa.kaf.com.uti.AppInfoParser] (main) Kafka version: 3.9.1
2025-07-31 16:59:40,392 INFO  [org.apa.kaf.com.uti.AppInfoParser] (main) Kafka commitId: f745dfdcee2b9851
2025-07-31 16:59:40,392 INFO  [org.apa.kaf.com.uti.AppInfoParser] (main) Kafka startTimeMs: 1753981180391
2025-07-31 16:59:40,394 INFO  [io.api.tes.ser.api.KafkaSerdesTester] (Thread-673) Sending message {"key11753981177462": "value-0"} to topic topic-23df3262_4673_4f37_93a4_61d03adf569b
2025-07-31 16:59:40,397 INFO  [org.apa.kaf.cli.Metadata] (kafka-producer-network-thread | Producer-topic-23df3262_4673_4f37_93a4_61d03adf569b) [Producer clientId=Producer-topic-23df3262_4673_4f37_93a4_61d03adf569b] Cluster ID: JfHT16fFSb-b502x6d9TJg
2025-07-31 16:59:40,397 INFO  [org.apa.kaf.cli.pro.int.TransactionManager] (kafka-producer-network-thread | Producer-topic-23df3262_4673_4f37_93a4_61d03adf569b) [Producer clientId=Producer-topic-23df3262_4673_4f37_93a4_61d03adf569b] ProducerId set to 14 with epoch 0
2025-07-31 16:59:40,397 INFO  [DefaultSchemaResolver] (Thread-673) Retrieving schema content using string: {"type":"record","name":"s0c141953x551ex4bc3xb389xb49410ee9ed9","namespace":"ns_5f6faeea_1fa6_4d2d_935c_4af03f304f2f","fields":[{"name":"key11753981177462","type":"string"}]}
2025-07-31 16:59:40,457 INFO  [io.api.tes.ser.api.KafkaSerdesTester] (Thread-673) Sending message {"key11753981177462": "value-1"} to topic topic-23df3262_4673_4f37_93a4_61d03adf569b
2025-07-31 16:59:40,459 INFO  [io.api.tes.ser.api.KafkaSerdesTester] (Thread-673) Sending message {"key11753981177462": "value-2"} to topic topic-23df3262_4673_4f37_93a4_61d03adf569b
2025-07-31 16:59:40,461 INFO  [io.api.tes.ser.api.KafkaSerdesTester] (Thread-673) Sending message {"key11753981177462": "value-3"} to topic topic-23df3262_4673_4f37_93a4_61d03adf569b
2025-07-31 16:59:40,462 INFO  [io.api.tes.ser.api.KafkaSerdesTester] (Thread-673) Sending message {"key11753981177462": "value-4"} to topic topic-23df3262_4673_4f37_93a4_61d03adf569b
2025-07-31 16:59:40,464 INFO  [io.api.tes.ser.api.KafkaSerdesTester] (Thread-673) Sending message {"key11753981177462": "value-5"} to topic topic-23df3262_4673_4f37_93a4_61d03adf569b
2025-07-31 16:59:40,465 INFO  [io.api.tes.ser.api.KafkaSerdesTester] (Thread-673) Sending message {"key11753981177462": "value-6"} to topic topic-23df3262_4673_4f37_93a4_61d03adf569b
2025-07-31 16:59:40,466 INFO  [io.api.tes.ser.api.KafkaSerdesTester] (Thread-673) Sending message {"key11753981177462": "value-7"} to topic topic-23df3262_4673_4f37_93a4_61d03adf569b
2025-07-31 16:59:40,468 INFO  [io.api.tes.ser.api.KafkaSerdesTester] (Thread-673) Sending message {"key11753981177462": "value-8"} to topic topic-23df3262_4673_4f37_93a4_61d03adf569b
2025-07-31 16:59:40,470 INFO  [io.api.tes.ser.api.KafkaSerdesTester] (Thread-673) Sending message {"key11753981177462": "value-9"} to topic topic-23df3262_4673_4f37_93a4_61d03adf569b
2025-07-31 16:59:40,473 INFO  [io.api.tes.ser.api.KafkaSerdesTester] (Thread-673) Produced 10 messages
2025-07-31 16:59:40,473 INFO  [org.apa.kaf.cli.pro.KafkaProducer] (Thread-673) [Producer clientId=Producer-topic-23df3262_4673_4f37_93a4_61d03adf569b] Closing the Kafka producer with timeoutMillis = 9223372036854775807 ms.
2025-07-31 16:59:40,477 INFO  [org.apa.kaf.com.met.Metrics] (Thread-673) Metrics scheduler closed
2025-07-31 16:59:40,477 INFO  [org.apa.kaf.com.met.Metrics] (Thread-673) Closing reporter org.apache.kafka.common.metrics.JmxReporter
2025-07-31 16:59:40,477 INFO  [org.apa.kaf.com.met.Metrics] (Thread-673) Closing reporter org.apache.kafka.common.telemetry.internals.ClientTelemetryReporter
2025-07-31 16:59:40,477 INFO  [org.apa.kaf.com.met.Metrics] (Thread-673) Metrics reporters closed
2025-07-31 16:59:40,477 INFO  [org.apa.kaf.com.uti.AppInfoParser] (Thread-673) App info kafka.producer for Producer-topic-23df3262_4673_4f37_93a4_61d03adf569b unregistered
**** Registry Base URL: http://registry-app-inmemory.apps.ci419.apicurio-testing.org:80
2025-07-31 16:59:40,480 INFO  [org.apa.kaf.cli.con.ConsumerConfig] (main) ConsumerConfig values: 
	allow.auto.create.topics = true
	auto.commit.interval.ms = 500
	auto.include.jmx.reporter = true
	auto.offset.reset = earliest
	bootstrap.servers = [PLAINTEXT://localhost:32770]
	check.crcs = true
	client.dns.lookup = use_all_dns_ips
	client.id = consumer-Consumer-topic-23df3262_4673_4f37_93a4_61d03adf569b-11
	client.rack = 
	connections.max.idle.ms = 10000
	default.api.timeout.ms = 60000
	enable.auto.commit = true
	enable.metrics.push = true
	exclude.internal.topics = true
	fetch.max.bytes = 52428800
	fetch.max.wait.ms = 500
	fetch.min.bytes = 1
	group.id = Consumer-topic-23df3262_4673_4f37_93a4_61d03adf569b
	group.instance.id = null
	group.protocol = classic
	group.remote.assignor = null
	heartbeat.interval.ms = 3000
	interceptor.classes = []
	internal.leave.group.on.close = true
	internal.throw.on.fetch.stable.offset.unsupported = false
	isolation.level = read_uncommitted
	key.deserializer = class org.apache.kafka.common.serialization.StringDeserializer
	max.partition.fetch.bytes = 1048576
	max.poll.interval.ms = 300000
	max.poll.records = 500
	metadata.max.age.ms = 300000
	metadata.recovery.strategy = none
	metric.reporters = []
	metrics.num.samples = 2
	metrics.recording.level = INFO
	metrics.sample.window.ms = 30000
	partition.assignment.strategy = [class org.apache.kafka.clients.consumer.RangeAssignor, class org.apache.kafka.clients.consumer.CooperativeStickyAssignor]
	receive.buffer.bytes = 65536
	reconnect.backoff.max.ms = 1000
	reconnect.backoff.ms = 50
	request.timeout.ms = 5000
	retry.backoff.max.ms = 1000
	retry.backoff.ms = 100
	sasl.client.callback.handler.class = null
	sasl.jaas.config = null
	sasl.kerberos.kinit.cmd = /usr/bin/kinit
	sasl.kerberos.min.time.before.relogin = 60000
	sasl.kerberos.service.name = null
	sasl.kerberos.ticket.renew.jitter = 0.05
	sasl.kerberos.ticket.renew.window.factor = 0.8
	sasl.login.callback.handler.class = null
	sasl.login.class = null
	sasl.login.connect.timeout.ms = null
	sasl.login.read.timeout.ms = null
	sasl.login.refresh.buffer.seconds = 300
	sasl.login.refresh.min.period.seconds = 60
	sasl.login.refresh.window.factor = 0.8
	sasl.login.refresh.window.jitter = 0.05
	sasl.login.retry.backoff.max.ms = 10000
	sasl.login.retry.backoff.ms = 100
	sasl.mechanism = GSSAPI
	sasl.oauthbearer.clock.skew.seconds = 30
	sasl.oauthbearer.expected.audience = null
	sasl.oauthbearer.expected.issuer = null
	sasl.oauthbearer.header.urlencode = false
	sasl.oauthbearer.jwks.endpoint.refresh.ms = 3600000
	sasl.oauthbearer.jwks.endpoint.retry.backoff.max.ms = 10000
	sasl.oauthbearer.jwks.endpoint.retry.backoff.ms = 100
	sasl.oauthbearer.jwks.endpoint.url = null
	sasl.oauthbearer.scope.claim.name = scope
	sasl.oauthbearer.sub.claim.name = sub
	sasl.oauthbearer.token.endpoint.url = null
	security.protocol = PLAINTEXT
	security.providers = null
	send.buffer.bytes = 131072
	session.timeout.ms = 45000
	socket.connection.setup.timeout.max.ms = 30000
	socket.connection.setup.timeout.ms = 10000
	ssl.cipher.suites = null
	ssl.enabled.protocols = [TLSv1.2, TLSv1.3]
	ssl.endpoint.identification.algorithm = https
	ssl.engine.factory.class = null
	ssl.key.password = null
	ssl.keymanager.algorithm = SunX509
	ssl.keystore.certificate.chain = null
	ssl.keystore.key = null
	ssl.keystore.location = null
	ssl.keystore.password = null
	ssl.keystore.type = JKS
	ssl.protocol = TLSv1.3
	ssl.provider = null
	ssl.secure.random.implementation = null
	ssl.trustmanager.algorithm = PKIX
	ssl.truststore.certificates = null
	ssl.truststore.location = null
	ssl.truststore.password = null
	ssl.truststore.type = JKS
	value.deserializer = class io.apicurio.registry.serde.avro.AvroKafkaDeserializer

2025-07-31 16:59:40,480 INFO  [org.apa.kaf.com.tel.int.KafkaMetricsCollector] (main) initializing Kafka metrics collector
2025-07-31 16:59:40,491 INFO  [org.apa.kaf.cli.con.ConsumerConfig] (main) These configurations '[apicurio.registry.url]' were supplied but are not used yet.
2025-07-31 16:59:40,491 INFO  [org.apa.kaf.com.uti.AppInfoParser] (main) Kafka version: 3.9.1
2025-07-31 16:59:40,491 INFO  [org.apa.kaf.com.uti.AppInfoParser] (main) Kafka commitId: f745dfdcee2b9851
2025-07-31 16:59:40,491 INFO  [org.apa.kaf.com.uti.AppInfoParser] (main) Kafka startTimeMs: 1753981180491
2025-07-31 16:59:40,491 INFO  [org.apa.kaf.cli.con.int.ClassicKafkaConsumer] (Thread-676) [Consumer clientId=consumer-Consumer-topic-23df3262_4673_4f37_93a4_61d03adf569b-11, groupId=Consumer-topic-23df3262_4673_4f37_93a4_61d03adf569b] Subscribed to topic(s): topic-23df3262_4673_4f37_93a4_61d03adf569b
2025-07-31 16:59:40,497 INFO  [org.apa.kaf.cli.Metadata] (Thread-676) [Consumer clientId=consumer-Consumer-topic-23df3262_4673_4f37_93a4_61d03adf569b-11, groupId=Consumer-topic-23df3262_4673_4f37_93a4_61d03adf569b] Cluster ID: JfHT16fFSb-b502x6d9TJg
2025-07-31 16:59:40,499 INFO  [org.apa.kaf.cli.con.int.ConsumerCoordinator] (Thread-676) [Consumer clientId=consumer-Consumer-topic-23df3262_4673_4f37_93a4_61d03adf569b-11, groupId=Consumer-topic-23df3262_4673_4f37_93a4_61d03adf569b] Discovered group coordinator localhost:32770 (id: 2147483647 rack: null)
2025-07-31 16:59:40,500 INFO  [org.apa.kaf.cli.con.int.ConsumerCoordinator] (Thread-676) [Consumer clientId=consumer-Consumer-topic-23df3262_4673_4f37_93a4_61d03adf569b-11, groupId=Consumer-topic-23df3262_4673_4f37_93a4_61d03adf569b] (Re-)joining group
2025-07-31 16:59:40,504 INFO  [org.apa.kaf.cli.con.int.ConsumerCoordinator] (Thread-676) [Consumer clientId=consumer-Consumer-topic-23df3262_4673_4f37_93a4_61d03adf569b-11, groupId=Consumer-topic-23df3262_4673_4f37_93a4_61d03adf569b] Request joining group due to: need to re-join with the given member-id: consumer-Consumer-topic-23df3262_4673_4f37_93a4_61d03adf569b-11-1e42f822-874c-4fae-bd72-b64d95436c2d
2025-07-31 16:59:40,504 INFO  [org.apa.kaf.cli.con.int.ConsumerCoordinator] (Thread-676) [Consumer clientId=consumer-Consumer-topic-23df3262_4673_4f37_93a4_61d03adf569b-11, groupId=Consumer-topic-23df3262_4673_4f37_93a4_61d03adf569b] (Re-)joining group
2025-07-31 16:59:40,506 INFO  [org.apa.kaf.cli.con.int.ConsumerCoordinator] (Thread-676) [Consumer clientId=consumer-Consumer-topic-23df3262_4673_4f37_93a4_61d03adf569b-11, groupId=Consumer-topic-23df3262_4673_4f37_93a4_61d03adf569b] Successfully joined group with generation Generation{generationId=3, memberId='consumer-Consumer-topic-23df3262_4673_4f37_93a4_61d03adf569b-11-1e42f822-874c-4fae-bd72-b64d95436c2d', protocol='range'}
2025-07-31 16:59:40,507 INFO  [org.apa.kaf.cli.con.int.ConsumerCoordinator] (Thread-676) [Consumer clientId=consumer-Consumer-topic-23df3262_4673_4f37_93a4_61d03adf569b-11, groupId=Consumer-topic-23df3262_4673_4f37_93a4_61d03adf569b] Finished assignment for group at generation 3: {consumer-Consumer-topic-23df3262_4673_4f37_93a4_61d03adf569b-11-1e42f822-874c-4fae-bd72-b64d95436c2d=Assignment(partitions=[topic-23df3262_4673_4f37_93a4_61d03adf569b-0])}
2025-07-31 16:59:40,508 INFO  [org.apa.kaf.cli.con.int.ConsumerCoordinator] (Thread-676) [Consumer clientId=consumer-Consumer-topic-23df3262_4673_4f37_93a4_61d03adf569b-11, groupId=Consumer-topic-23df3262_4673_4f37_93a4_61d03adf569b] Successfully synced group in generation Generation{generationId=3, memberId='consumer-Consumer-topic-23df3262_4673_4f37_93a4_61d03adf569b-11-1e42f822-874c-4fae-bd72-b64d95436c2d', protocol='range'}
2025-07-31 16:59:40,508 INFO  [org.apa.kaf.cli.con.int.ConsumerCoordinator] (Thread-676) [Consumer clientId=consumer-Consumer-topic-23df3262_4673_4f37_93a4_61d03adf569b-11, groupId=Consumer-topic-23df3262_4673_4f37_93a4_61d03adf569b] Notifying assignor about the new Assignment(partitions=[topic-23df3262_4673_4f37_93a4_61d03adf569b-0])
2025-07-31 16:59:40,509 INFO  [org.apa.kaf.cli.con.int.ConsumerRebalanceListenerInvoker] (Thread-676) [Consumer clientId=consumer-Consumer-topic-23df3262_4673_4f37_93a4_61d03adf569b-11, groupId=Consumer-topic-23df3262_4673_4f37_93a4_61d03adf569b] Adding newly assigned partitions: topic-23df3262_4673_4f37_93a4_61d03adf569b-0
2025-07-31 16:59:40,510 INFO  [org.apa.kaf.cli.con.int.ConsumerUtils] (Thread-676) Setting offset for partition topic-23df3262_4673_4f37_93a4_61d03adf569b-0 to the committed offset FetchPosition{offset=10, offsetEpoch=Optional[0], currentLeader=LeaderAndEpoch{leader=Optional[localhost:32770 (id: 0 rack: null)], epoch=0}}
2025-07-31 16:59:40,661 INFO  [io.api.tes.ser.api.KafkaSerdesTester] (Thread-676) topic-23df3262_4673_4f37_93a4_61d03adf569b 0 10 {"key11753981177462": "value-0", "key21753981179219": "value-0"}
2025-07-31 16:59:40,661 INFO  [io.api.tes.ser.api.KafkaSerdesTester] (Thread-676) topic-23df3262_4673_4f37_93a4_61d03adf569b 0 11 {"key11753981177462": "value-1", "key21753981179219": "value-1"}
2025-07-31 16:59:40,661 INFO  [io.api.tes.ser.api.KafkaSerdesTester] (Thread-676) topic-23df3262_4673_4f37_93a4_61d03adf569b 0 12 {"key11753981177462": "value-2", "key21753981179219": "value-2"}
2025-07-31 16:59:40,661 INFO  [io.api.tes.ser.api.KafkaSerdesTester] (Thread-676) topic-23df3262_4673_4f37_93a4_61d03adf569b 0 13 {"key11753981177462": "value-3", "key21753981179219": "value-3"}
2025-07-31 16:59:40,662 INFO  [io.api.tes.ser.api.KafkaSerdesTester] (Thread-676) topic-23df3262_4673_4f37_93a4_61d03adf569b 0 14 {"key11753981177462": "value-4", "key21753981179219": "value-4"}
2025-07-31 16:59:40,662 INFO  [io.api.tes.ser.api.KafkaSerdesTester] (Thread-676) topic-23df3262_4673_4f37_93a4_61d03adf569b 0 15 {"key11753981177462": "value-5", "key21753981179219": "value-5"}
2025-07-31 16:59:40,662 INFO  [io.api.tes.ser.api.KafkaSerdesTester] (Thread-676) topic-23df3262_4673_4f37_93a4_61d03adf569b 0 16 {"key11753981177462": "value-6", "key21753981179219": "value-6"}
2025-07-31 16:59:40,662 INFO  [io.api.tes.ser.api.KafkaSerdesTester] (Thread-676) topic-23df3262_4673_4f37_93a4_61d03adf569b 0 17 {"key11753981177462": "value-7", "key21753981179219": "value-7"}
2025-07-31 16:59:40,662 INFO  [io.api.tes.ser.api.KafkaSerdesTester] (Thread-676) topic-23df3262_4673_4f37_93a4_61d03adf569b 0 18 {"key11753981177462": "value-8", "key21753981179219": "value-8"}
2025-07-31 16:59:40,662 INFO  [io.api.tes.ser.api.KafkaSerdesTester] (Thread-676) topic-23df3262_4673_4f37_93a4_61d03adf569b 0 19 {"key11753981177462": "value-9", "key21753981179219": "value-9"}
2025-07-31 16:59:40,662 INFO  [io.api.tes.ser.api.KafkaSerdesTester] (Thread-676) topic-23df3262_4673_4f37_93a4_61d03adf569b 0 20 {"key11753981177462": "value-0"}
2025-07-31 16:59:40,662 INFO  [io.api.tes.ser.api.KafkaSerdesTester] (Thread-676) topic-23df3262_4673_4f37_93a4_61d03adf569b 0 21 {"key11753981177462": "value-1"}
2025-07-31 16:59:40,662 INFO  [io.api.tes.ser.api.KafkaSerdesTester] (Thread-676) topic-23df3262_4673_4f37_93a4_61d03adf569b 0 22 {"key11753981177462": "value-2"}
2025-07-31 16:59:40,662 INFO  [io.api.tes.ser.api.KafkaSerdesTester] (Thread-676) topic-23df3262_4673_4f37_93a4_61d03adf569b 0 23 {"key11753981177462": "value-3"}
2025-07-31 16:59:40,662 INFO  [io.api.tes.ser.api.KafkaSerdesTester] (Thread-676) topic-23df3262_4673_4f37_93a4_61d03adf569b 0 24 {"key11753981177462": "value-4"}
2025-07-31 16:59:40,662 INFO  [io.api.tes.ser.api.KafkaSerdesTester] (Thread-676) topic-23df3262_4673_4f37_93a4_61d03adf569b 0 25 {"key11753981177462": "value-5"}
2025-07-31 16:59:40,662 INFO  [io.api.tes.ser.api.KafkaSerdesTester] (Thread-676) topic-23df3262_4673_4f37_93a4_61d03adf569b 0 26 {"key11753981177462": "value-6"}
2025-07-31 16:59:40,662 INFO  [io.api.tes.ser.api.KafkaSerdesTester] (Thread-676) topic-23df3262_4673_4f37_93a4_61d03adf569b 0 27 {"key11753981177462": "value-7"}
2025-07-31 16:59:40,662 INFO  [io.api.tes.ser.api.KafkaSerdesTester] (Thread-676) topic-23df3262_4673_4f37_93a4_61d03adf569b 0 28 {"key11753981177462": "value-8"}
2025-07-31 16:59:40,662 INFO  [io.api.tes.ser.api.KafkaSerdesTester] (Thread-676) topic-23df3262_4673_4f37_93a4_61d03adf569b 0 29 {"key11753981177462": "value-9"}
2025-07-31 16:59:40,662 INFO  [io.api.tes.ser.api.KafkaSerdesTester] (Thread-676) Consumed 20 messages
2025-07-31 16:59:40,666 INFO  [org.apa.kaf.cli.con.int.ConsumerRebalanceListenerInvoker] (Thread-676) [Consumer clientId=consumer-Consumer-topic-23df3262_4673_4f37_93a4_61d03adf569b-11, groupId=Consumer-topic-23df3262_4673_4f37_93a4_61d03adf569b] Revoke previously assigned partitions topic-23df3262_4673_4f37_93a4_61d03adf569b-0
2025-07-31 16:59:40,666 INFO  [org.apa.kaf.cli.con.int.ConsumerCoordinator] (Thread-676) [Consumer clientId=consumer-Consumer-topic-23df3262_4673_4f37_93a4_61d03adf569b-11, groupId=Consumer-topic-23df3262_4673_4f37_93a4_61d03adf569b] Member consumer-Consumer-topic-23df3262_4673_4f37_93a4_61d03adf569b-11-1e42f822-874c-4fae-bd72-b64d95436c2d sending LeaveGroup request to coordinator localhost:32770 (id: 2147483647 rack: null) due to the consumer is being closed
2025-07-31 16:59:40,667 INFO  [org.apa.kaf.cli.con.int.ConsumerCoordinator] (Thread-676) [Consumer clientId=consumer-Consumer-topic-23df3262_4673_4f37_93a4_61d03adf569b-11, groupId=Consumer-topic-23df3262_4673_4f37_93a4_61d03adf569b] Resetting generation and member id due to: consumer pro-actively leaving the group
2025-07-31 16:59:40,667 INFO  [org.apa.kaf.cli.con.int.ConsumerCoordinator] (Thread-676) [Consumer clientId=consumer-Consumer-topic-23df3262_4673_4f37_93a4_61d03adf569b-11, groupId=Consumer-topic-23df3262_4673_4f37_93a4_61d03adf569b] Request joining group due to: consumer pro-actively leaving the group
2025-07-31 16:59:41,163 INFO  [org.apa.kaf.com.met.Metrics] (Thread-676) Metrics scheduler closed
2025-07-31 16:59:41,164 INFO  [org.apa.kaf.com.met.Metrics] (Thread-676) Closing reporter org.apache.kafka.common.metrics.JmxReporter
2025-07-31 16:59:41,164 INFO  [org.apa.kaf.com.met.Metrics] (Thread-676) Closing reporter org.apache.kafka.common.telemetry.internals.ClientTelemetryReporter
2025-07-31 16:59:41,164 INFO  [org.apa.kaf.com.met.Metrics] (Thread-676) Metrics reporters closed
2025-07-31 16:59:41,167 INFO  [org.apa.kaf.com.uti.AppInfoParser] (Thread-676) App info kafka.consumer for consumer-Consumer-topic-23df3262_4673_4f37_93a4_61d03adf569b-11 unregistered
2025-07-31 16:59:41,170 INFO  [io.api.tes.ser.api.AvroSerdeIT] (main) Registering Avro Schema 3: {"type":"record","name":"s0c141953x551ex4bc3xb389xb49410ee9ed9","namespace":"ns_5f6faeea_1fa6_4d2d_935c_4af03f304f2f","fields":[{"name":"key11753981177462","type":"string"},{"name":"key21753981179219","type":"string"},{"name":"key31753981181168","type":"string"}]}
**** Registry Base URL: http://registry-app-inmemory.apps.ci419.apicurio-testing.org:80
2025-07-31 16:59:42,238 INFO  [org.apa.kaf.cli.pro.ProducerConfig] (main) ProducerConfig values: 
	acks = -1
	auto.include.jmx.reporter = true
	batch.size = 16384
	bootstrap.servers = [PLAINTEXT://localhost:32770]
	buffer.memory = 33554432
	client.dns.lookup = use_all_dns_ips
	client.id = Producer-topic-23df3262_4673_4f37_93a4_61d03adf569b
	compression.gzip.level = -1
	compression.lz4.level = 9
	compression.type = none
	compression.zstd.level = 3
	connections.max.idle.ms = 10000
	delivery.timeout.ms = 120000
	enable.idempotence = true
	enable.metrics.push = true
	interceptor.classes = []
	key.serializer = class org.apache.kafka.common.serialization.StringSerializer
	linger.ms = 0
	max.block.ms = 60000
	max.in.flight.requests.per.connection = 5
	max.request.size = 1048576
	metadata.max.age.ms = 300000
	metadata.max.idle.ms = 300000
	metadata.recovery.strategy = none
	metric.reporters = []
	metrics.num.samples = 2
	metrics.recording.level = INFO
	metrics.sample.window.ms = 30000
	partitioner.adaptive.partitioning.enable = true
	partitioner.availability.timeout.ms = 0
	partitioner.class = null
	partitioner.ignore.keys = false
	receive.buffer.bytes = 32768
	reconnect.backoff.max.ms = 1000
	reconnect.backoff.ms = 50
	request.timeout.ms = 5000
	retries = 2147483647
	retry.backoff.max.ms = 1000
	retry.backoff.ms = 100
	sasl.client.callback.handler.class = null
	sasl.jaas.config = null
	sasl.kerberos.kinit.cmd = /usr/bin/kinit
	sasl.kerberos.min.time.before.relogin = 60000
	sasl.kerberos.service.name = null
	sasl.kerberos.ticket.renew.jitter = 0.05
	sasl.kerberos.ticket.renew.window.factor = 0.8
	sasl.login.callback.handler.class = null
	sasl.login.class = null
	sasl.login.connect.timeout.ms = null
	sasl.login.read.timeout.ms = null
	sasl.login.refresh.buffer.seconds = 300
	sasl.login.refresh.min.period.seconds = 60
	sasl.login.refresh.window.factor = 0.8
	sasl.login.refresh.window.jitter = 0.05
	sasl.login.retry.backoff.max.ms = 10000
	sasl.login.retry.backoff.ms = 100
	sasl.mechanism = GSSAPI
	sasl.oauthbearer.clock.skew.seconds = 30
	sasl.oauthbearer.expected.audience = null
	sasl.oauthbearer.expected.issuer = null
	sasl.oauthbearer.header.urlencode = false
	sasl.oauthbearer.jwks.endpoint.refresh.ms = 3600000
	sasl.oauthbearer.jwks.endpoint.retry.backoff.max.ms = 10000
	sasl.oauthbearer.jwks.endpoint.retry.backoff.ms = 100
	sasl.oauthbearer.jwks.endpoint.url = null
	sasl.oauthbearer.scope.claim.name = scope
	sasl.oauthbearer.sub.claim.name = sub
	sasl.oauthbearer.token.endpoint.url = null
	security.protocol = PLAINTEXT
	security.providers = null
	send.buffer.bytes = 131072
	socket.connection.setup.timeout.max.ms = 30000
	socket.connection.setup.timeout.ms = 10000
	ssl.cipher.suites = null
	ssl.enabled.protocols = [TLSv1.2, TLSv1.3]
	ssl.endpoint.identification.algorithm = https
	ssl.engine.factory.class = null
	ssl.key.password = null
	ssl.keymanager.algorithm = SunX509
	ssl.keystore.certificate.chain = null
	ssl.keystore.key = null
	ssl.keystore.location = null
	ssl.keystore.password = null
	ssl.keystore.type = JKS
	ssl.protocol = TLSv1.3
	ssl.provider = null
	ssl.secure.random.implementation = null
	ssl.trustmanager.algorithm = PKIX
	ssl.truststore.certificates = null
	ssl.truststore.location = null
	ssl.truststore.password = null
	ssl.truststore.type = JKS
	transaction.timeout.ms = 60000
	transactional.id = null
	value.serializer = class io.apicurio.registry.serde.avro.AvroKafkaSerializer

2025-07-31 16:59:42,238 INFO  [org.apa.kaf.com.tel.int.KafkaMetricsCollector] (main) initializing Kafka metrics collector
2025-07-31 16:59:42,242 INFO  [org.apa.kaf.cli.pro.KafkaProducer] (main) [Producer clientId=Producer-topic-23df3262_4673_4f37_93a4_61d03adf569b] Instantiated an idempotent producer.
2025-07-31 16:59:42,244 INFO  [org.apa.kaf.cli.pro.ProducerConfig] (main) These configurations '[apicurio.registry.url, apicurio.registry.artifact-resolver-strategy]' were supplied but are not used yet.
2025-07-31 16:59:42,244 INFO  [org.apa.kaf.com.uti.AppInfoParser] (main) Kafka version: 3.9.1
2025-07-31 16:59:42,244 INFO  [org.apa.kaf.com.uti.AppInfoParser] (main) Kafka commitId: f745dfdcee2b9851
2025-07-31 16:59:42,244 INFO  [org.apa.kaf.com.uti.AppInfoParser] (main) Kafka startTimeMs: 1753981182244
2025-07-31 16:59:42,245 INFO  [io.api.tes.ser.api.KafkaSerdesTester] (Thread-679) Sending message {"key11753981177462": "value-0", "key21753981179219": "value-0", "key31753981181168": "value-0"} to topic topic-23df3262_4673_4f37_93a4_61d03adf569b
2025-07-31 16:59:42,248 INFO  [org.apa.kaf.cli.Metadata] (kafka-producer-network-thread | Producer-topic-23df3262_4673_4f37_93a4_61d03adf569b) [Producer clientId=Producer-topic-23df3262_4673_4f37_93a4_61d03adf569b] Cluster ID: JfHT16fFSb-b502x6d9TJg
2025-07-31 16:59:42,249 INFO  [DefaultSchemaResolver] (Thread-679) Retrieving schema content using string: {"type":"record","name":"s0c141953x551ex4bc3xb389xb49410ee9ed9","namespace":"ns_5f6faeea_1fa6_4d2d_935c_4af03f304f2f","fields":[{"name":"key11753981177462","type":"string"},{"name":"key21753981179219","type":"string"},{"name":"key31753981181168","type":"string"}]}
2025-07-31 16:59:42,249 INFO  [org.apa.kaf.cli.pro.int.TransactionManager] (kafka-producer-network-thread | Producer-topic-23df3262_4673_4f37_93a4_61d03adf569b) [Producer clientId=Producer-topic-23df3262_4673_4f37_93a4_61d03adf569b] ProducerId set to 15 with epoch 0
2025-07-31 16:59:42,308 INFO  [io.api.tes.ser.api.KafkaSerdesTester] (Thread-679) Sending message {"key11753981177462": "value-1", "key21753981179219": "value-1", "key31753981181168": "value-1"} to topic topic-23df3262_4673_4f37_93a4_61d03adf569b
2025-07-31 16:59:42,314 INFO  [io.api.tes.ser.api.KafkaSerdesTester] (Thread-679) Sending message {"key11753981177462": "value-2", "key21753981179219": "value-2", "key31753981181168": "value-2"} to topic topic-23df3262_4673_4f37_93a4_61d03adf569b
2025-07-31 16:59:42,318 INFO  [io.api.tes.ser.api.KafkaSerdesTester] (Thread-679) Sending message {"key11753981177462": "value-3", "key21753981179219": "value-3", "key31753981181168": "value-3"} to topic topic-23df3262_4673_4f37_93a4_61d03adf569b
2025-07-31 16:59:42,321 INFO  [io.api.tes.ser.api.KafkaSerdesTester] (Thread-679) Sending message {"key11753981177462": "value-4", "key21753981179219": "value-4", "key31753981181168": "value-4"} to topic topic-23df3262_4673_4f37_93a4_61d03adf569b
2025-07-31 16:59:42,322 INFO  [io.api.tes.ser.api.KafkaSerdesTester] (Thread-679) Sending message {"key11753981177462": "value-5", "key21753981179219": "value-5", "key31753981181168": "value-5"} to topic topic-23df3262_4673_4f37_93a4_61d03adf569b
2025-07-31 16:59:42,326 INFO  [io.api.tes.ser.api.KafkaSerdesTester] (Thread-679) Sending message {"key11753981177462": "value-6", "key21753981179219": "value-6", "key31753981181168": "value-6"} to topic topic-23df3262_4673_4f37_93a4_61d03adf569b
2025-07-31 16:59:42,328 INFO  [io.api.tes.ser.api.KafkaSerdesTester] (Thread-679) Sending message {"key11753981177462": "value-7", "key21753981179219": "value-7", "key31753981181168": "value-7"} to topic topic-23df3262_4673_4f37_93a4_61d03adf569b
2025-07-31 16:59:42,332 INFO  [io.api.tes.ser.api.KafkaSerdesTester] (Thread-679) Sending message {"key11753981177462": "value-8", "key21753981179219": "value-8", "key31753981181168": "value-8"} to topic topic-23df3262_4673_4f37_93a4_61d03adf569b
2025-07-31 16:59:42,334 INFO  [io.api.tes.ser.api.KafkaSerdesTester] (Thread-679) Sending message {"key11753981177462": "value-9", "key21753981179219": "value-9", "key31753981181168": "value-9"} to topic topic-23df3262_4673_4f37_93a4_61d03adf569b
2025-07-31 16:59:42,335 INFO  [io.api.tes.ser.api.KafkaSerdesTester] (Thread-679) Produced 10 messages
2025-07-31 16:59:42,335 INFO  [org.apa.kaf.cli.pro.KafkaProducer] (Thread-679) [Producer clientId=Producer-topic-23df3262_4673_4f37_93a4_61d03adf569b] Closing the Kafka producer with timeoutMillis = 9223372036854775807 ms.
2025-07-31 16:59:42,338 INFO  [org.apa.kaf.com.met.Metrics] (Thread-679) Metrics scheduler closed
2025-07-31 16:59:42,338 INFO  [org.apa.kaf.com.met.Metrics] (Thread-679) Closing reporter org.apache.kafka.common.metrics.JmxReporter
2025-07-31 16:59:42,338 INFO  [org.apa.kaf.com.met.Metrics] (Thread-679) Closing reporter org.apache.kafka.common.telemetry.internals.ClientTelemetryReporter
2025-07-31 16:59:42,338 INFO  [org.apa.kaf.com.met.Metrics] (Thread-679) Metrics reporters closed
2025-07-31 16:59:42,338 INFO  [org.apa.kaf.com.uti.AppInfoParser] (Thread-679) App info kafka.producer for Producer-topic-23df3262_4673_4f37_93a4_61d03adf569b unregistered
**** Registry Base URL: http://registry-app-inmemory.apps.ci419.apicurio-testing.org:80
2025-07-31 16:59:42,339 INFO  [org.apa.kaf.cli.pro.ProducerConfig] (main) ProducerConfig values: 
	acks = -1
	auto.include.jmx.reporter = true
	batch.size = 16384
	bootstrap.servers = [PLAINTEXT://localhost:32770]
	buffer.memory = 33554432
	client.dns.lookup = use_all_dns_ips
	client.id = Producer-topic-23df3262_4673_4f37_93a4_61d03adf569b
	compression.gzip.level = -1
	compression.lz4.level = 9
	compression.type = none
	compression.zstd.level = 3
	connections.max.idle.ms = 10000
	delivery.timeout.ms = 120000
	enable.idempotence = true
	enable.metrics.push = true
	interceptor.classes = []
	key.serializer = class org.apache.kafka.common.serialization.StringSerializer
	linger.ms = 0
	max.block.ms = 60000
	max.in.flight.requests.per.connection = 5
	max.request.size = 1048576
	metadata.max.age.ms = 300000
	metadata.max.idle.ms = 300000
	metadata.recovery.strategy = none
	metric.reporters = []
	metrics.num.samples = 2
	metrics.recording.level = INFO
	metrics.sample.window.ms = 30000
	partitioner.adaptive.partitioning.enable = true
	partitioner.availability.timeout.ms = 0
	partitioner.class = null
	partitioner.ignore.keys = false
	receive.buffer.bytes = 32768
	reconnect.backoff.max.ms = 1000
	reconnect.backoff.ms = 50
	request.timeout.ms = 5000
	retries = 2147483647
	retry.backoff.max.ms = 1000
	retry.backoff.ms = 100
	sasl.client.callback.handler.class = null
	sasl.jaas.config = null
	sasl.kerberos.kinit.cmd = /usr/bin/kinit
	sasl.kerberos.min.time.before.relogin = 60000
	sasl.kerberos.service.name = null
	sasl.kerberos.ticket.renew.jitter = 0.05
	sasl.kerberos.ticket.renew.window.factor = 0.8
	sasl.login.callback.handler.class = null
	sasl.login.class = null
	sasl.login.connect.timeout.ms = null
	sasl.login.read.timeout.ms = null
	sasl.login.refresh.buffer.seconds = 300
	sasl.login.refresh.min.period.seconds = 60
	sasl.login.refresh.window.factor = 0.8
	sasl.login.refresh.window.jitter = 0.05
	sasl.login.retry.backoff.max.ms = 10000
	sasl.login.retry.backoff.ms = 100
	sasl.mechanism = GSSAPI
	sasl.oauthbearer.clock.skew.seconds = 30
	sasl.oauthbearer.expected.audience = null
	sasl.oauthbearer.expected.issuer = null
	sasl.oauthbearer.header.urlencode = false
	sasl.oauthbearer.jwks.endpoint.refresh.ms = 3600000
	sasl.oauthbearer.jwks.endpoint.retry.backoff.max.ms = 10000
	sasl.oauthbearer.jwks.endpoint.retry.backoff.ms = 100
	sasl.oauthbearer.jwks.endpoint.url = null
	sasl.oauthbearer.scope.claim.name = scope
	sasl.oauthbearer.sub.claim.name = sub
	sasl.oauthbearer.token.endpoint.url = null
	security.protocol = PLAINTEXT
	security.providers = null
	send.buffer.bytes = 131072
	socket.connection.setup.timeout.max.ms = 30000
	socket.connection.setup.timeout.ms = 10000
	ssl.cipher.suites = null
	ssl.enabled.protocols = [TLSv1.2, TLSv1.3]
	ssl.endpoint.identification.algorithm = https
	ssl.engine.factory.class = null
	ssl.key.password = null
	ssl.keymanager.algorithm = SunX509
	ssl.keystore.certificate.chain = null
	ssl.keystore.key = null
	ssl.keystore.location = null
	ssl.keystore.password = null
	ssl.keystore.type = JKS
	ssl.protocol = TLSv1.3
	ssl.provider = null
	ssl.secure.random.implementation = null
	ssl.trustmanager.algorithm = PKIX
	ssl.truststore.certificates = null
	ssl.truststore.location = null
	ssl.truststore.password = null
	ssl.truststore.type = JKS
	transaction.timeout.ms = 60000
	transactional.id = null
	value.serializer = class io.apicurio.registry.serde.avro.AvroKafkaSerializer

2025-07-31 16:59:42,340 INFO  [org.apa.kaf.com.tel.int.KafkaMetricsCollector] (main) initializing Kafka metrics collector
2025-07-31 16:59:42,347 INFO  [org.apa.kaf.cli.pro.KafkaProducer] (main) [Producer clientId=Producer-topic-23df3262_4673_4f37_93a4_61d03adf569b] Instantiated an idempotent producer.
2025-07-31 16:59:42,350 INFO  [org.apa.kaf.cli.pro.ProducerConfig] (main) These configurations '[apicurio.registry.url, apicurio.registry.artifact-resolver-strategy]' were supplied but are not used yet.
2025-07-31 16:59:42,350 INFO  [org.apa.kaf.com.uti.AppInfoParser] (main) Kafka version: 3.9.1
2025-07-31 16:59:42,350 INFO  [org.apa.kaf.com.uti.AppInfoParser] (main) Kafka commitId: f745dfdcee2b9851
2025-07-31 16:59:42,350 INFO  [org.apa.kaf.com.uti.AppInfoParser] (main) Kafka startTimeMs: 1753981182350
2025-07-31 16:59:42,351 INFO  [io.api.tes.ser.api.KafkaSerdesTester] (Thread-682) Sending message {"key11753981177462": "value-0", "key21753981179219": "value-0"} to topic topic-23df3262_4673_4f37_93a4_61d03adf569b
2025-07-31 16:59:42,355 INFO  [org.apa.kaf.cli.Metadata] (kafka-producer-network-thread | Producer-topic-23df3262_4673_4f37_93a4_61d03adf569b) [Producer clientId=Producer-topic-23df3262_4673_4f37_93a4_61d03adf569b] Cluster ID: JfHT16fFSb-b502x6d9TJg
2025-07-31 16:59:42,356 INFO  [DefaultSchemaResolver] (Thread-682) Retrieving schema content using string: {"type":"record","name":"s0c141953x551ex4bc3xb389xb49410ee9ed9","namespace":"ns_5f6faeea_1fa6_4d2d_935c_4af03f304f2f","fields":[{"name":"key11753981177462","type":"string"},{"name":"key21753981179219","type":"string"}]}
2025-07-31 16:59:42,356 INFO  [org.apa.kaf.cli.pro.int.TransactionManager] (kafka-producer-network-thread | Producer-topic-23df3262_4673_4f37_93a4_61d03adf569b) [Producer clientId=Producer-topic-23df3262_4673_4f37_93a4_61d03adf569b] ProducerId set to 16 with epoch 0
2025-07-31 16:59:42,415 INFO  [io.api.tes.ser.api.KafkaSerdesTester] (Thread-682) Sending message {"key11753981177462": "value-1", "key21753981179219": "value-1"} to topic topic-23df3262_4673_4f37_93a4_61d03adf569b
2025-07-31 16:59:42,417 INFO  [io.api.tes.ser.api.KafkaSerdesTester] (Thread-682) Sending message {"key11753981177462": "value-2", "key21753981179219": "value-2"} to topic topic-23df3262_4673_4f37_93a4_61d03adf569b
2025-07-31 16:59:42,418 INFO  [io.api.tes.ser.api.KafkaSerdesTester] (Thread-682) Sending message {"key11753981177462": "value-3", "key21753981179219": "value-3"} to topic topic-23df3262_4673_4f37_93a4_61d03adf569b
2025-07-31 16:59:42,419 INFO  [io.api.tes.ser.api.KafkaSerdesTester] (Thread-682) Sending message {"key11753981177462": "value-4", "key21753981179219": "value-4"} to topic topic-23df3262_4673_4f37_93a4_61d03adf569b
2025-07-31 16:59:42,421 INFO  [io.api.tes.ser.api.KafkaSerdesTester] (Thread-682) Sending message {"key11753981177462": "value-5", "key21753981179219": "value-5"} to topic topic-23df3262_4673_4f37_93a4_61d03adf569b
2025-07-31 16:59:42,422 INFO  [io.api.tes.ser.api.KafkaSerdesTester] (Thread-682) Sending message {"key11753981177462": "value-6", "key21753981179219": "value-6"} to topic topic-23df3262_4673_4f37_93a4_61d03adf569b
2025-07-31 16:59:42,423 INFO  [io.api.tes.ser.api.KafkaSerdesTester] (Thread-682) Sending message {"key11753981177462": "value-7", "key21753981179219": "value-7"} to topic topic-23df3262_4673_4f37_93a4_61d03adf569b
2025-07-31 16:59:42,425 INFO  [io.api.tes.ser.api.KafkaSerdesTester] (Thread-682) Sending message {"key11753981177462": "value-8", "key21753981179219": "value-8"} to topic topic-23df3262_4673_4f37_93a4_61d03adf569b
2025-07-31 16:59:42,427 INFO  [io.api.tes.ser.api.KafkaSerdesTester] (Thread-682) Sending message {"key11753981177462": "value-9", "key21753981179219": "value-9"} to topic topic-23df3262_4673_4f37_93a4_61d03adf569b
2025-07-31 16:59:42,429 INFO  [io.api.tes.ser.api.KafkaSerdesTester] (Thread-682) Produced 10 messages
2025-07-31 16:59:42,429 INFO  [org.apa.kaf.cli.pro.KafkaProducer] (Thread-682) [Producer clientId=Producer-topic-23df3262_4673_4f37_93a4_61d03adf569b] Closing the Kafka producer with timeoutMillis = 9223372036854775807 ms.
2025-07-31 16:59:42,431 INFO  [org.apa.kaf.com.met.Metrics] (Thread-682) Metrics scheduler closed
2025-07-31 16:59:42,431 INFO  [org.apa.kaf.com.met.Metrics] (Thread-682) Closing reporter org.apache.kafka.common.metrics.JmxReporter
2025-07-31 16:59:42,432 INFO  [org.apa.kaf.com.met.Metrics] (Thread-682) Closing reporter org.apache.kafka.common.telemetry.internals.ClientTelemetryReporter
2025-07-31 16:59:42,432 INFO  [org.apa.kaf.com.met.Metrics] (Thread-682) Metrics reporters closed
2025-07-31 16:59:42,432 INFO  [org.apa.kaf.com.uti.AppInfoParser] (Thread-682) App info kafka.producer for Producer-topic-23df3262_4673_4f37_93a4_61d03adf569b unregistered
**** Registry Base URL: http://registry-app-inmemory.apps.ci419.apicurio-testing.org:80
2025-07-31 16:59:42,433 INFO  [org.apa.kaf.cli.pro.ProducerConfig] (main) ProducerConfig values: 
	acks = -1
	auto.include.jmx.reporter = true
	batch.size = 16384
	bootstrap.servers = [PLAINTEXT://localhost:32770]
	buffer.memory = 33554432
	client.dns.lookup = use_all_dns_ips
	client.id = Producer-topic-23df3262_4673_4f37_93a4_61d03adf569b
	compression.gzip.level = -1
	compression.lz4.level = 9
	compression.type = none
	compression.zstd.level = 3
	connections.max.idle.ms = 10000
	delivery.timeout.ms = 120000
	enable.idempotence = true
	enable.metrics.push = true
	interceptor.classes = []
	key.serializer = class org.apache.kafka.common.serialization.StringSerializer
	linger.ms = 0
	max.block.ms = 60000
	max.in.flight.requests.per.connection = 5
	max.request.size = 1048576
	metadata.max.age.ms = 300000
	metadata.max.idle.ms = 300000
	metadata.recovery.strategy = none
	metric.reporters = []
	metrics.num.samples = 2
	metrics.recording.level = INFO
	metrics.sample.window.ms = 30000
	partitioner.adaptive.partitioning.enable = true
	partitioner.availability.timeout.ms = 0
	partitioner.class = null
	partitioner.ignore.keys = false
	receive.buffer.bytes = 32768
	reconnect.backoff.max.ms = 1000
	reconnect.backoff.ms = 50
	request.timeout.ms = 5000
	retries = 2147483647
	retry.backoff.max.ms = 1000
	retry.backoff.ms = 100
	sasl.client.callback.handler.class = null
	sasl.jaas.config = null
	sasl.kerberos.kinit.cmd = /usr/bin/kinit
	sasl.kerberos.min.time.before.relogin = 60000
	sasl.kerberos.service.name = null
	sasl.kerberos.ticket.renew.jitter = 0.05
	sasl.kerberos.ticket.renew.window.factor = 0.8
	sasl.login.callback.handler.class = null
	sasl.login.class = null
	sasl.login.connect.timeout.ms = null
	sasl.login.read.timeout.ms = null
	sasl.login.refresh.buffer.seconds = 300
	sasl.login.refresh.min.period.seconds = 60
	sasl.login.refresh.window.factor = 0.8
	sasl.login.refresh.window.jitter = 0.05
	sasl.login.retry.backoff.max.ms = 10000
	sasl.login.retry.backoff.ms = 100
	sasl.mechanism = GSSAPI
	sasl.oauthbearer.clock.skew.seconds = 30
	sasl.oauthbearer.expected.audience = null
	sasl.oauthbearer.expected.issuer = null
	sasl.oauthbearer.header.urlencode = false
	sasl.oauthbearer.jwks.endpoint.refresh.ms = 3600000
	sasl.oauthbearer.jwks.endpoint.retry.backoff.max.ms = 10000
	sasl.oauthbearer.jwks.endpoint.retry.backoff.ms = 100
	sasl.oauthbearer.jwks.endpoint.url = null
	sasl.oauthbearer.scope.claim.name = scope
	sasl.oauthbearer.sub.claim.name = sub
	sasl.oauthbearer.token.endpoint.url = null
	security.protocol = PLAINTEXT
	security.providers = null
	send.buffer.bytes = 131072
	socket.connection.setup.timeout.max.ms = 30000
	socket.connection.setup.timeout.ms = 10000
	ssl.cipher.suites = null
	ssl.enabled.protocols = [TLSv1.2, TLSv1.3]
	ssl.endpoint.identification.algorithm = https
	ssl.engine.factory.class = null
	ssl.key.password = null
	ssl.keymanager.algorithm = SunX509
	ssl.keystore.certificate.chain = null
	ssl.keystore.key = null
	ssl.keystore.location = null
	ssl.keystore.password = null
	ssl.keystore.type = JKS
	ssl.protocol = TLSv1.3
	ssl.provider = null
	ssl.secure.random.implementation = null
	ssl.trustmanager.algorithm = PKIX
	ssl.truststore.certificates = null
	ssl.truststore.location = null
	ssl.truststore.password = null
	ssl.truststore.type = JKS
	transaction.timeout.ms = 60000
	transactional.id = null
	value.serializer = class io.apicurio.registry.serde.avro.AvroKafkaSerializer

2025-07-31 16:59:42,433 INFO  [org.apa.kaf.com.tel.int.KafkaMetricsCollector] (main) initializing Kafka metrics collector
2025-07-31 16:59:42,441 INFO  [org.apa.kaf.cli.pro.KafkaProducer] (main) [Producer clientId=Producer-topic-23df3262_4673_4f37_93a4_61d03adf569b] Instantiated an idempotent producer.
2025-07-31 16:59:42,444 INFO  [org.apa.kaf.cli.pro.ProducerConfig] (main) These configurations '[apicurio.registry.url, apicurio.registry.artifact-resolver-strategy]' were supplied but are not used yet.
2025-07-31 16:59:42,444 INFO  [org.apa.kaf.com.uti.AppInfoParser] (main) Kafka version: 3.9.1
2025-07-31 16:59:42,444 INFO  [org.apa.kaf.com.uti.AppInfoParser] (main) Kafka commitId: f745dfdcee2b9851
2025-07-31 16:59:42,444 INFO  [org.apa.kaf.com.uti.AppInfoParser] (main) Kafka startTimeMs: 1753981182444
2025-07-31 16:59:42,446 INFO  [io.api.tes.ser.api.KafkaSerdesTester] (Thread-685) Sending message {"key11753981177462": "value-0"} to topic topic-23df3262_4673_4f37_93a4_61d03adf569b
2025-07-31 16:59:42,449 INFO  [org.apa.kaf.cli.Metadata] (kafka-producer-network-thread | Producer-topic-23df3262_4673_4f37_93a4_61d03adf569b) [Producer clientId=Producer-topic-23df3262_4673_4f37_93a4_61d03adf569b] Cluster ID: JfHT16fFSb-b502x6d9TJg
2025-07-31 16:59:42,450 INFO  [DefaultSchemaResolver] (Thread-685) Retrieving schema content using string: {"type":"record","name":"s0c141953x551ex4bc3xb389xb49410ee9ed9","namespace":"ns_5f6faeea_1fa6_4d2d_935c_4af03f304f2f","fields":[{"name":"key11753981177462","type":"string"}]}
2025-07-31 16:59:42,450 INFO  [org.apa.kaf.cli.pro.int.TransactionManager] (kafka-producer-network-thread | Producer-topic-23df3262_4673_4f37_93a4_61d03adf569b) [Producer clientId=Producer-topic-23df3262_4673_4f37_93a4_61d03adf569b] ProducerId set to 17 with epoch 0
2025-07-31 16:59:42,505 INFO  [io.api.tes.ser.api.KafkaSerdesTester] (Thread-685) Sending message {"key11753981177462": "value-1"} to topic topic-23df3262_4673_4f37_93a4_61d03adf569b
2025-07-31 16:59:42,508 INFO  [io.api.tes.ser.api.KafkaSerdesTester] (Thread-685) Sending message {"key11753981177462": "value-2"} to topic topic-23df3262_4673_4f37_93a4_61d03adf569b
2025-07-31 16:59:42,511 INFO  [io.api.tes.ser.api.KafkaSerdesTester] (Thread-685) Sending message {"key11753981177462": "value-3"} to topic topic-23df3262_4673_4f37_93a4_61d03adf569b
2025-07-31 16:59:42,512 INFO  [io.api.tes.ser.api.KafkaSerdesTester] (Thread-685) Sending message {"key11753981177462": "value-4"} to topic topic-23df3262_4673_4f37_93a4_61d03adf569b
2025-07-31 16:59:42,513 INFO  [io.api.tes.ser.api.KafkaSerdesTester] (Thread-685) Sending message {"key11753981177462": "value-5"} to topic topic-23df3262_4673_4f37_93a4_61d03adf569b
2025-07-31 16:59:42,515 INFO  [io.api.tes.ser.api.KafkaSerdesTester] (Thread-685) Sending message {"key11753981177462": "value-6"} to topic topic-23df3262_4673_4f37_93a4_61d03adf569b
2025-07-31 16:59:42,516 INFO  [io.api.tes.ser.api.KafkaSerdesTester] (Thread-685) Sending message {"key11753981177462": "value-7"} to topic topic-23df3262_4673_4f37_93a4_61d03adf569b
2025-07-31 16:59:42,517 INFO  [io.api.tes.ser.api.KafkaSerdesTester] (Thread-685) Sending message {"key11753981177462": "value-8"} to topic topic-23df3262_4673_4f37_93a4_61d03adf569b
2025-07-31 16:59:42,519 INFO  [io.api.tes.ser.api.KafkaSerdesTester] (Thread-685) Sending message {"key11753981177462": "value-9"} to topic topic-23df3262_4673_4f37_93a4_61d03adf569b
2025-07-31 16:59:42,520 INFO  [io.api.tes.ser.api.KafkaSerdesTester] (Thread-685) Produced 10 messages
2025-07-31 16:59:42,520 INFO  [org.apa.kaf.cli.pro.KafkaProducer] (Thread-685) [Producer clientId=Producer-topic-23df3262_4673_4f37_93a4_61d03adf569b] Closing the Kafka producer with timeoutMillis = 9223372036854775807 ms.
2025-07-31 16:59:42,521 INFO  [org.apa.kaf.com.met.Metrics] (Thread-685) Metrics scheduler closed
2025-07-31 16:59:42,521 INFO  [org.apa.kaf.com.met.Metrics] (Thread-685) Closing reporter org.apache.kafka.common.metrics.JmxReporter
2025-07-31 16:59:42,521 INFO  [org.apa.kaf.com.met.Metrics] (Thread-685) Closing reporter org.apache.kafka.common.telemetry.internals.ClientTelemetryReporter
2025-07-31 16:59:42,521 INFO  [org.apa.kaf.com.met.Metrics] (Thread-685) Metrics reporters closed
2025-07-31 16:59:42,522 INFO  [org.apa.kaf.com.uti.AppInfoParser] (Thread-685) App info kafka.producer for Producer-topic-23df3262_4673_4f37_93a4_61d03adf569b unregistered
**** Registry Base URL: http://registry-app-inmemory.apps.ci419.apicurio-testing.org:80
2025-07-31 16:59:42,522 INFO  [org.apa.kaf.cli.con.ConsumerConfig] (main) ConsumerConfig values: 
	allow.auto.create.topics = true
	auto.commit.interval.ms = 500
	auto.include.jmx.reporter = true
	auto.offset.reset = earliest
	bootstrap.servers = [PLAINTEXT://localhost:32770]
	check.crcs = true
	client.dns.lookup = use_all_dns_ips
	client.id = consumer-Consumer-topic-23df3262_4673_4f37_93a4_61d03adf569b-12
	client.rack = 
	connections.max.idle.ms = 10000
	default.api.timeout.ms = 60000
	enable.auto.commit = true
	enable.metrics.push = true
	exclude.internal.topics = true
	fetch.max.bytes = 52428800
	fetch.max.wait.ms = 500
	fetch.min.bytes = 1
	group.id = Consumer-topic-23df3262_4673_4f37_93a4_61d03adf569b
	group.instance.id = null
	group.protocol = classic
	group.remote.assignor = null
	heartbeat.interval.ms = 3000
	interceptor.classes = []
	internal.leave.group.on.close = true
	internal.throw.on.fetch.stable.offset.unsupported = false
	isolation.level = read_uncommitted
	key.deserializer = class org.apache.kafka.common.serialization.StringDeserializer
	max.partition.fetch.bytes = 1048576
	max.poll.interval.ms = 300000
	max.poll.records = 500
	metadata.max.age.ms = 300000
	metadata.recovery.strategy = none
	metric.reporters = []
	metrics.num.samples = 2
	metrics.recording.level = INFO
	metrics.sample.window.ms = 30000
	partition.assignment.strategy = [class org.apache.kafka.clients.consumer.RangeAssignor, class org.apache.kafka.clients.consumer.CooperativeStickyAssignor]
	receive.buffer.bytes = 65536
	reconnect.backoff.max.ms = 1000
	reconnect.backoff.ms = 50
	request.timeout.ms = 5000
	retry.backoff.max.ms = 1000
	retry.backoff.ms = 100
	sasl.client.callback.handler.class = null
	sasl.jaas.config = null
	sasl.kerberos.kinit.cmd = /usr/bin/kinit
	sasl.kerberos.min.time.before.relogin = 60000
	sasl.kerberos.service.name = null
	sasl.kerberos.ticket.renew.jitter = 0.05
	sasl.kerberos.ticket.renew.window.factor = 0.8
	sasl.login.callback.handler.class = null
	sasl.login.class = null
	sasl.login.connect.timeout.ms = null
	sasl.login.read.timeout.ms = null
	sasl.login.refresh.buffer.seconds = 300
	sasl.login.refresh.min.period.seconds = 60
	sasl.login.refresh.window.factor = 0.8
	sasl.login.refresh.window.jitter = 0.05
	sasl.login.retry.backoff.max.ms = 10000
	sasl.login.retry.backoff.ms = 100
	sasl.mechanism = GSSAPI
	sasl.oauthbearer.clock.skew.seconds = 30
	sasl.oauthbearer.expected.audience = null
	sasl.oauthbearer.expected.issuer = null
	sasl.oauthbearer.header.urlencode = false
	sasl.oauthbearer.jwks.endpoint.refresh.ms = 3600000
	sasl.oauthbearer.jwks.endpoint.retry.backoff.max.ms = 10000
	sasl.oauthbearer.jwks.endpoint.retry.backoff.ms = 100
	sasl.oauthbearer.jwks.endpoint.url = null
	sasl.oauthbearer.scope.claim.name = scope
	sasl.oauthbearer.sub.claim.name = sub
	sasl.oauthbearer.token.endpoint.url = null
	security.protocol = PLAINTEXT
	security.providers = null
	send.buffer.bytes = 131072
	session.timeout.ms = 45000
	socket.connection.setup.timeout.max.ms = 30000
	socket.connection.setup.timeout.ms = 10000
	ssl.cipher.suites = null
	ssl.enabled.protocols = [TLSv1.2, TLSv1.3]
	ssl.endpoint.identification.algorithm = https
	ssl.engine.factory.class = null
	ssl.key.password = null
	ssl.keymanager.algorithm = SunX509
	ssl.keystore.certificate.chain = null
	ssl.keystore.key = null
	ssl.keystore.location = null
	ssl.keystore.password = null
	ssl.keystore.type = JKS
	ssl.protocol = TLSv1.3
	ssl.provider = null
	ssl.secure.random.implementation = null
	ssl.trustmanager.algorithm = PKIX
	ssl.truststore.certificates = null
	ssl.truststore.location = null
	ssl.truststore.password = null
	ssl.truststore.type = JKS
	value.deserializer = class io.apicurio.registry.serde.avro.AvroKafkaDeserializer

2025-07-31 16:59:42,523 INFO  [org.apa.kaf.com.tel.int.KafkaMetricsCollector] (main) initializing Kafka metrics collector
2025-07-31 16:59:42,529 INFO  [org.apa.kaf.cli.con.ConsumerConfig] (main) These configurations '[apicurio.registry.url]' were supplied but are not used yet.
2025-07-31 16:59:42,529 INFO  [org.apa.kaf.com.uti.AppInfoParser] (main) Kafka version: 3.9.1
2025-07-31 16:59:42,529 INFO  [org.apa.kaf.com.uti.AppInfoParser] (main) Kafka commitId: f745dfdcee2b9851
2025-07-31 16:59:42,529 INFO  [org.apa.kaf.com.uti.AppInfoParser] (main) Kafka startTimeMs: 1753981182529
2025-07-31 16:59:42,529 INFO  [org.apa.kaf.cli.con.int.ClassicKafkaConsumer] (Thread-688) [Consumer clientId=consumer-Consumer-topic-23df3262_4673_4f37_93a4_61d03adf569b-12, groupId=Consumer-topic-23df3262_4673_4f37_93a4_61d03adf569b] Subscribed to topic(s): topic-23df3262_4673_4f37_93a4_61d03adf569b
2025-07-31 16:59:42,533 INFO  [org.apa.kaf.cli.Metadata] (Thread-688) [Consumer clientId=consumer-Consumer-topic-23df3262_4673_4f37_93a4_61d03adf569b-12, groupId=Consumer-topic-23df3262_4673_4f37_93a4_61d03adf569b] Cluster ID: JfHT16fFSb-b502x6d9TJg
2025-07-31 16:59:42,534 INFO  [org.apa.kaf.cli.con.int.ConsumerCoordinator] (Thread-688) [Consumer clientId=consumer-Consumer-topic-23df3262_4673_4f37_93a4_61d03adf569b-12, groupId=Consumer-topic-23df3262_4673_4f37_93a4_61d03adf569b] Discovered group coordinator localhost:32770 (id: 2147483647 rack: null)
2025-07-31 16:59:42,535 INFO  [org.apa.kaf.cli.con.int.ConsumerCoordinator] (Thread-688) [Consumer clientId=consumer-Consumer-topic-23df3262_4673_4f37_93a4_61d03adf569b-12, groupId=Consumer-topic-23df3262_4673_4f37_93a4_61d03adf569b] (Re-)joining group
2025-07-31 16:59:42,537 INFO  [org.apa.kaf.cli.con.int.ConsumerCoordinator] (Thread-688) [Consumer clientId=consumer-Consumer-topic-23df3262_4673_4f37_93a4_61d03adf569b-12, groupId=Consumer-topic-23df3262_4673_4f37_93a4_61d03adf569b] Request joining group due to: need to re-join with the given member-id: consumer-Consumer-topic-23df3262_4673_4f37_93a4_61d03adf569b-12-3fc10cf1-8930-46b2-b6ce-3c0ef600643a
2025-07-31 16:59:42,537 INFO  [org.apa.kaf.cli.con.int.ConsumerCoordinator] (Thread-688) [Consumer clientId=consumer-Consumer-topic-23df3262_4673_4f37_93a4_61d03adf569b-12, groupId=Consumer-topic-23df3262_4673_4f37_93a4_61d03adf569b] (Re-)joining group
2025-07-31 16:59:42,539 INFO  [org.apa.kaf.cli.con.int.ConsumerCoordinator] (Thread-688) [Consumer clientId=consumer-Consumer-topic-23df3262_4673_4f37_93a4_61d03adf569b-12, groupId=Consumer-topic-23df3262_4673_4f37_93a4_61d03adf569b] Successfully joined group with generation Generation{generationId=5, memberId='consumer-Consumer-topic-23df3262_4673_4f37_93a4_61d03adf569b-12-3fc10cf1-8930-46b2-b6ce-3c0ef600643a', protocol='range'}
2025-07-31 16:59:42,539 INFO  [org.apa.kaf.cli.con.int.ConsumerCoordinator] (Thread-688) [Consumer clientId=consumer-Consumer-topic-23df3262_4673_4f37_93a4_61d03adf569b-12, groupId=Consumer-topic-23df3262_4673_4f37_93a4_61d03adf569b] Finished assignment for group at generation 5: {consumer-Consumer-topic-23df3262_4673_4f37_93a4_61d03adf569b-12-3fc10cf1-8930-46b2-b6ce-3c0ef600643a=Assignment(partitions=[topic-23df3262_4673_4f37_93a4_61d03adf569b-0])}
2025-07-31 16:59:42,541 INFO  [org.apa.kaf.cli.con.int.ConsumerCoordinator] (Thread-688) [Consumer clientId=consumer-Consumer-topic-23df3262_4673_4f37_93a4_61d03adf569b-12, groupId=Consumer-topic-23df3262_4673_4f37_93a4_61d03adf569b] Successfully synced group in generation Generation{generationId=5, memberId='consumer-Consumer-topic-23df3262_4673_4f37_93a4_61d03adf569b-12-3fc10cf1-8930-46b2-b6ce-3c0ef600643a', protocol='range'}
2025-07-31 16:59:42,541 INFO  [org.apa.kaf.cli.con.int.ConsumerCoordinator] (Thread-688) [Consumer clientId=consumer-Consumer-topic-23df3262_4673_4f37_93a4_61d03adf569b-12, groupId=Consumer-topic-23df3262_4673_4f37_93a4_61d03adf569b] Notifying assignor about the new Assignment(partitions=[topic-23df3262_4673_4f37_93a4_61d03adf569b-0])
2025-07-31 16:59:42,541 INFO  [org.apa.kaf.cli.con.int.ConsumerRebalanceListenerInvoker] (Thread-688) [Consumer clientId=consumer-Consumer-topic-23df3262_4673_4f37_93a4_61d03adf569b-12, groupId=Consumer-topic-23df3262_4673_4f37_93a4_61d03adf569b] Adding newly assigned partitions: topic-23df3262_4673_4f37_93a4_61d03adf569b-0
2025-07-31 16:59:42,542 INFO  [org.apa.kaf.cli.con.int.ConsumerUtils] (Thread-688) Setting offset for partition topic-23df3262_4673_4f37_93a4_61d03adf569b-0 to the committed offset FetchPosition{offset=30, offsetEpoch=Optional[0], currentLeader=LeaderAndEpoch{leader=Optional[localhost:32770 (id: 0 rack: null)], epoch=0}}
2025-07-31 16:59:42,729 INFO  [io.api.tes.ser.api.KafkaSerdesTester] (Thread-688) topic-23df3262_4673_4f37_93a4_61d03adf569b 0 30 {"key11753981177462": "value-0", "key21753981179219": "value-0", "key31753981181168": "value-0"}
2025-07-31 16:59:42,729 INFO  [io.api.tes.ser.api.KafkaSerdesTester] (Thread-688) topic-23df3262_4673_4f37_93a4_61d03adf569b 0 31 {"key11753981177462": "value-1", "key21753981179219": "value-1", "key31753981181168": "value-1"}
2025-07-31 16:59:42,729 INFO  [io.api.tes.ser.api.KafkaSerdesTester] (Thread-688) topic-23df3262_4673_4f37_93a4_61d03adf569b 0 32 {"key11753981177462": "value-2", "key21753981179219": "value-2", "key31753981181168": "value-2"}
2025-07-31 16:59:42,729 INFO  [io.api.tes.ser.api.KafkaSerdesTester] (Thread-688) topic-23df3262_4673_4f37_93a4_61d03adf569b 0 33 {"key11753981177462": "value-3", "key21753981179219": "value-3", "key31753981181168": "value-3"}
2025-07-31 16:59:42,729 INFO  [io.api.tes.ser.api.KafkaSerdesTester] (Thread-688) topic-23df3262_4673_4f37_93a4_61d03adf569b 0 34 {"key11753981177462": "value-4", "key21753981179219": "value-4", "key31753981181168": "value-4"}
2025-07-31 16:59:42,730 INFO  [io.api.tes.ser.api.KafkaSerdesTester] (Thread-688) topic-23df3262_4673_4f37_93a4_61d03adf569b 0 35 {"key11753981177462": "value-5", "key21753981179219": "value-5", "key31753981181168": "value-5"}
2025-07-31 16:59:42,730 INFO  [io.api.tes.ser.api.KafkaSerdesTester] (Thread-688) topic-23df3262_4673_4f37_93a4_61d03adf569b 0 36 {"key11753981177462": "value-6", "key21753981179219": "value-6", "key31753981181168": "value-6"}
2025-07-31 16:59:42,730 INFO  [io.api.tes.ser.api.KafkaSerdesTester] (Thread-688) topic-23df3262_4673_4f37_93a4_61d03adf569b 0 37 {"key11753981177462": "value-7", "key21753981179219": "value-7", "key31753981181168": "value-7"}
2025-07-31 16:59:42,730 INFO  [io.api.tes.ser.api.KafkaSerdesTester] (Thread-688) topic-23df3262_4673_4f37_93a4_61d03adf569b 0 38 {"key11753981177462": "value-8", "key21753981179219": "value-8", "key31753981181168": "value-8"}
2025-07-31 16:59:42,730 INFO  [io.api.tes.ser.api.KafkaSerdesTester] (Thread-688) topic-23df3262_4673_4f37_93a4_61d03adf569b 0 39 {"key11753981177462": "value-9", "key21753981179219": "value-9", "key31753981181168": "value-9"}
2025-07-31 16:59:42,730 INFO  [io.api.tes.ser.api.KafkaSerdesTester] (Thread-688) topic-23df3262_4673_4f37_93a4_61d03adf569b 0 40 {"key11753981177462": "value-0", "key21753981179219": "value-0"}
2025-07-31 16:59:42,730 INFO  [io.api.tes.ser.api.KafkaSerdesTester] (Thread-688) topic-23df3262_4673_4f37_93a4_61d03adf569b 0 41 {"key11753981177462": "value-1", "key21753981179219": "value-1"}
2025-07-31 16:59:42,730 INFO  [io.api.tes.ser.api.KafkaSerdesTester] (Thread-688) topic-23df3262_4673_4f37_93a4_61d03adf569b 0 42 {"key11753981177462": "value-2", "key21753981179219": "value-2"}
2025-07-31 16:59:42,730 INFO  [io.api.tes.ser.api.KafkaSerdesTester] (Thread-688) topic-23df3262_4673_4f37_93a4_61d03adf569b 0 43 {"key11753981177462": "value-3", "key21753981179219": "value-3"}
2025-07-31 16:59:42,730 INFO  [io.api.tes.ser.api.KafkaSerdesTester] (Thread-688) topic-23df3262_4673_4f37_93a4_61d03adf569b 0 44 {"key11753981177462": "value-4", "key21753981179219": "value-4"}
2025-07-31 16:59:42,730 INFO  [io.api.tes.ser.api.KafkaSerdesTester] (Thread-688) topic-23df3262_4673_4f37_93a4_61d03adf569b 0 45 {"key11753981177462": "value-5", "key21753981179219": "value-5"}
2025-07-31 16:59:42,730 INFO  [io.api.tes.ser.api.KafkaSerdesTester] (Thread-688) topic-23df3262_4673_4f37_93a4_61d03adf569b 0 46 {"key11753981177462": "value-6", "key21753981179219": "value-6"}
2025-07-31 16:59:42,730 INFO  [io.api.tes.ser.api.KafkaSerdesTester] (Thread-688) topic-23df3262_4673_4f37_93a4_61d03adf569b 0 47 {"key11753981177462": "value-7", "key21753981179219": "value-7"}
2025-07-31 16:59:42,730 INFO  [io.api.tes.ser.api.KafkaSerdesTester] (Thread-688) topic-23df3262_4673_4f37_93a4_61d03adf569b 0 48 {"key11753981177462": "value-8", "key21753981179219": "value-8"}
2025-07-31 16:59:42,730 INFO  [io.api.tes.ser.api.KafkaSerdesTester] (Thread-688) topic-23df3262_4673_4f37_93a4_61d03adf569b 0 49 {"key11753981177462": "value-9", "key21753981179219": "value-9"}
2025-07-31 16:59:42,730 INFO  [io.api.tes.ser.api.KafkaSerdesTester] (Thread-688) topic-23df3262_4673_4f37_93a4_61d03adf569b 0 50 {"key11753981177462": "value-0"}
2025-07-31 16:59:42,730 INFO  [io.api.tes.ser.api.KafkaSerdesTester] (Thread-688) topic-23df3262_4673_4f37_93a4_61d03adf569b 0 51 {"key11753981177462": "value-1"}
2025-07-31 16:59:42,730 INFO  [io.api.tes.ser.api.KafkaSerdesTester] (Thread-688) topic-23df3262_4673_4f37_93a4_61d03adf569b 0 52 {"key11753981177462": "value-2"}
2025-07-31 16:59:42,730 INFO  [io.api.tes.ser.api.KafkaSerdesTester] (Thread-688) topic-23df3262_4673_4f37_93a4_61d03adf569b 0 53 {"key11753981177462": "value-3"}
2025-07-31 16:59:42,730 INFO  [io.api.tes.ser.api.KafkaSerdesTester] (Thread-688) topic-23df3262_4673_4f37_93a4_61d03adf569b 0 54 {"key11753981177462": "value-4"}
2025-07-31 16:59:42,730 INFO  [io.api.tes.ser.api.KafkaSerdesTester] (Thread-688) topic-23df3262_4673_4f37_93a4_61d03adf569b 0 55 {"key11753981177462": "value-5"}
2025-07-31 16:59:42,730 INFO  [io.api.tes.ser.api.KafkaSerdesTester] (Thread-688) topic-23df3262_4673_4f37_93a4_61d03adf569b 0 56 {"key11753981177462": "value-6"}
2025-07-31 16:59:42,730 INFO  [io.api.tes.ser.api.KafkaSerdesTester] (Thread-688) topic-23df3262_4673_4f37_93a4_61d03adf569b 0 57 {"key11753981177462": "value-7"}
2025-07-31 16:59:42,730 INFO  [io.api.tes.ser.api.KafkaSerdesTester] (Thread-688) topic-23df3262_4673_4f37_93a4_61d03adf569b 0 58 {"key11753981177462": "value-8"}
2025-07-31 16:59:42,730 INFO  [io.api.tes.ser.api.KafkaSerdesTester] (Thread-688) topic-23df3262_4673_4f37_93a4_61d03adf569b 0 59 {"key11753981177462": "value-9"}
2025-07-31 16:59:42,730 INFO  [io.api.tes.ser.api.KafkaSerdesTester] (Thread-688) Consumed 30 messages
2025-07-31 16:59:42,732 INFO  [org.apa.kaf.cli.con.int.ConsumerRebalanceListenerInvoker] (Thread-688) [Consumer clientId=consumer-Consumer-topic-23df3262_4673_4f37_93a4_61d03adf569b-12, groupId=Consumer-topic-23df3262_4673_4f37_93a4_61d03adf569b] Revoke previously assigned partitions topic-23df3262_4673_4f37_93a4_61d03adf569b-0
2025-07-31 16:59:42,733 INFO  [org.apa.kaf.cli.con.int.ConsumerCoordinator] (Thread-688) [Consumer clientId=consumer-Consumer-topic-23df3262_4673_4f37_93a4_61d03adf569b-12, groupId=Consumer-topic-23df3262_4673_4f37_93a4_61d03adf569b] Member consumer-Consumer-topic-23df3262_4673_4f37_93a4_61d03adf569b-12-3fc10cf1-8930-46b2-b6ce-3c0ef600643a sending LeaveGroup request to coordinator localhost:32770 (id: 2147483647 rack: null) due to the consumer is being closed
2025-07-31 16:59:42,733 INFO  [org.apa.kaf.cli.con.int.ConsumerCoordinator] (Thread-688) [Consumer clientId=consumer-Consumer-topic-23df3262_4673_4f37_93a4_61d03adf569b-12, groupId=Consumer-topic-23df3262_4673_4f37_93a4_61d03adf569b] Resetting generation and member id due to: consumer pro-actively leaving the group
2025-07-31 16:59:42,733 INFO  [org.apa.kaf.cli.con.int.ConsumerCoordinator] (Thread-688) [Consumer clientId=consumer-Consumer-topic-23df3262_4673_4f37_93a4_61d03adf569b-12, groupId=Consumer-topic-23df3262_4673_4f37_93a4_61d03adf569b] Request joining group due to: consumer pro-actively leaving the group
2025-07-31 16:59:43,232 INFO  [org.apa.kaf.com.met.Metrics] (Thread-688) Metrics scheduler closed
2025-07-31 16:59:43,232 INFO  [org.apa.kaf.com.met.Metrics] (Thread-688) Closing reporter org.apache.kafka.common.metrics.JmxReporter
2025-07-31 16:59:43,232 INFO  [org.apa.kaf.com.met.Metrics] (Thread-688) Closing reporter org.apache.kafka.common.telemetry.internals.ClientTelemetryReporter
2025-07-31 16:59:43,232 INFO  [org.apa.kaf.com.met.Metrics] (Thread-688) Metrics reporters closed
2025-07-31 16:59:43,234 INFO  [org.apa.kaf.com.uti.AppInfoParser] (Thread-688) App info kafka.consumer for consumer-Consumer-topic-23df3262_4673_4f37_93a4_61d03adf569b-12 unregistered
2025-07-31 16:59:43,235 INFO  [org.apa.kaf.cli.pro.KafkaProducer] (main) [Producer clientId=Producer-topic-23df3262_4673_4f37_93a4_61d03adf569b] Closing the Kafka producer with timeoutMillis = 9223372036854775807 ms.
2025-07-31 16:59:43,235 INFO  [org.apa.kaf.com.met.Metrics] (main) Metrics scheduler closed
2025-07-31 16:59:43,235 INFO  [org.apa.kaf.com.met.Metrics] (main) Closing reporter org.apache.kafka.common.metrics.JmxReporter
2025-07-31 16:59:43,235 INFO  [org.apa.kaf.com.met.Metrics] (main) Closing reporter org.apache.kafka.common.telemetry.internals.ClientTelemetryReporter
2025-07-31 16:59:43,235 INFO  [org.apa.kaf.com.met.Metrics] (main) Metrics reporters closed
2025-07-31 16:59:43,235 INFO  [org.apa.kaf.com.uti.AppInfoParser] (main) App info kafka.producer for Producer-topic-23df3262_4673_4f37_93a4_61d03adf569b unregistered
2025-07-31 16:59:43,235 INFO  [io.api.tes.uti.TestSeparator] (main) io.apicurio.tests.serdes.apicurio.AvroSerdeIT.testEvolveAvroApicurio-FINISHED
2025-07-31 16:59:43,235 INFO  [io.api.tes.uti.TestSeparator] (main) ############################################################################
Test passed: testEvolveAvroApicurio
]]></system-out>
  </testcase>
  <testcase name="testTopicRecordIdStrategydFindLatest" classname="io.apicurio.tests.serdes.apicurio.AvroSerdeIT" time="1.843">
    <system-out><![CDATA[2025-07-31 16:59:43,240 INFO  [io.api.tes.uti.TestSeparator] (main) ############################################################################
2025-07-31 16:59:43,240 INFO  [io.api.tes.uti.TestSeparator] (main) io.apicurio.tests.serdes.apicurio.AvroSerdeIT.testTopicRecordIdStrategydFindLatest-STARTED
2025-07-31 16:59:43,241 INFO  [io.api.tes.ser.api.AvroSerdeIT] (main) Registering Avro Schema: {"type":"record","name":"s2c148aa1x3e28x4439x9a28xf7a38269504f","namespace":"s8a245e02x9378x45a0x818dxb57e8383f4d1","fields":[{"name":"key11753981183240","type":"string"}]}
**** Registry Base URL: http://registry-app-inmemory.apps.ci419.apicurio-testing.org:80
2025-07-31 16:59:44,303 INFO  [org.apa.kaf.cli.pro.ProducerConfig] (main) ProducerConfig values: 
	acks = -1
	auto.include.jmx.reporter = true
	batch.size = 16384
	bootstrap.servers = [PLAINTEXT://localhost:32770]
	buffer.memory = 33554432
	client.dns.lookup = use_all_dns_ips
	client.id = Producer-topic-418125d9_73d5_4c53_a857_bcb9b5462af9
	compression.gzip.level = -1
	compression.lz4.level = 9
	compression.type = none
	compression.zstd.level = 3
	connections.max.idle.ms = 10000
	delivery.timeout.ms = 120000
	enable.idempotence = true
	enable.metrics.push = true
	interceptor.classes = []
	key.serializer = class org.apache.kafka.common.serialization.StringSerializer
	linger.ms = 0
	max.block.ms = 60000
	max.in.flight.requests.per.connection = 5
	max.request.size = 1048576
	metadata.max.age.ms = 300000
	metadata.max.idle.ms = 300000
	metadata.recovery.strategy = none
	metric.reporters = []
	metrics.num.samples = 2
	metrics.recording.level = INFO
	metrics.sample.window.ms = 30000
	partitioner.adaptive.partitioning.enable = true
	partitioner.availability.timeout.ms = 0
	partitioner.class = null
	partitioner.ignore.keys = false
	receive.buffer.bytes = 32768
	reconnect.backoff.max.ms = 1000
	reconnect.backoff.ms = 50
	request.timeout.ms = 5000
	retries = 2147483647
	retry.backoff.max.ms = 1000
	retry.backoff.ms = 100
	sasl.client.callback.handler.class = null
	sasl.jaas.config = null
	sasl.kerberos.kinit.cmd = /usr/bin/kinit
	sasl.kerberos.min.time.before.relogin = 60000
	sasl.kerberos.service.name = null
	sasl.kerberos.ticket.renew.jitter = 0.05
	sasl.kerberos.ticket.renew.window.factor = 0.8
	sasl.login.callback.handler.class = null
	sasl.login.class = null
	sasl.login.connect.timeout.ms = null
	sasl.login.read.timeout.ms = null
	sasl.login.refresh.buffer.seconds = 300
	sasl.login.refresh.min.period.seconds = 60
	sasl.login.refresh.window.factor = 0.8
	sasl.login.refresh.window.jitter = 0.05
	sasl.login.retry.backoff.max.ms = 10000
	sasl.login.retry.backoff.ms = 100
	sasl.mechanism = GSSAPI
	sasl.oauthbearer.clock.skew.seconds = 30
	sasl.oauthbearer.expected.audience = null
	sasl.oauthbearer.expected.issuer = null
	sasl.oauthbearer.header.urlencode = false
	sasl.oauthbearer.jwks.endpoint.refresh.ms = 3600000
	sasl.oauthbearer.jwks.endpoint.retry.backoff.max.ms = 10000
	sasl.oauthbearer.jwks.endpoint.retry.backoff.ms = 100
	sasl.oauthbearer.jwks.endpoint.url = null
	sasl.oauthbearer.scope.claim.name = scope
	sasl.oauthbearer.sub.claim.name = sub
	sasl.oauthbearer.token.endpoint.url = null
	security.protocol = PLAINTEXT
	security.providers = null
	send.buffer.bytes = 131072
	socket.connection.setup.timeout.max.ms = 30000
	socket.connection.setup.timeout.ms = 10000
	ssl.cipher.suites = null
	ssl.enabled.protocols = [TLSv1.2, TLSv1.3]
	ssl.endpoint.identification.algorithm = https
	ssl.engine.factory.class = null
	ssl.key.password = null
	ssl.keymanager.algorithm = SunX509
	ssl.keystore.certificate.chain = null
	ssl.keystore.key = null
	ssl.keystore.location = null
	ssl.keystore.password = null
	ssl.keystore.type = JKS
	ssl.protocol = TLSv1.3
	ssl.provider = null
	ssl.secure.random.implementation = null
	ssl.trustmanager.algorithm = PKIX
	ssl.truststore.certificates = null
	ssl.truststore.location = null
	ssl.truststore.password = null
	ssl.truststore.type = JKS
	transaction.timeout.ms = 60000
	transactional.id = null
	value.serializer = class io.apicurio.registry.serde.avro.AvroKafkaSerializer

2025-07-31 16:59:44,303 INFO  [org.apa.kaf.com.tel.int.KafkaMetricsCollector] (main) initializing Kafka metrics collector
2025-07-31 16:59:44,306 INFO  [org.apa.kaf.cli.pro.KafkaProducer] (main) [Producer clientId=Producer-topic-418125d9_73d5_4c53_a857_bcb9b5462af9] Instantiated an idempotent producer.
2025-07-31 16:59:44,308 INFO  [org.apa.kaf.cli.pro.ProducerConfig] (main) These configurations '[apicurio.registry.find-latest, apicurio.registry.url, apicurio.registry.artifact-resolver-strategy]' were supplied but are not used yet.
2025-07-31 16:59:44,308 INFO  [org.apa.kaf.com.uti.AppInfoParser] (main) Kafka version: 3.9.1
2025-07-31 16:59:44,308 INFO  [org.apa.kaf.com.uti.AppInfoParser] (main) Kafka commitId: f745dfdcee2b9851
2025-07-31 16:59:44,308 INFO  [org.apa.kaf.com.uti.AppInfoParser] (main) Kafka startTimeMs: 1753981184308
2025-07-31 16:59:44,308 INFO  [io.api.tes.ser.api.SimpleSerdesTesterBuilder$SimpleSerdesTester] (main) Using producer configuration: {apicurio.registry.find-latest=true, apicurio.registry.url=http://registry-app-inmemory.apps.ci419.apicurio-testing.org:80/apis/registry/v3, apicurio.registry.artifact-resolver-strategy=io.apicurio.registry.serde.avro.strategy.TopicRecordIdStrategy, value.serializer=io.apicurio.registry.serde.avro.AvroKafkaSerializer, request.timeout.ms=5000, acks=all, bootstrap.servers=PLAINTEXT://localhost:32770, connections.max.idle.ms=10000, key.serializer=org.apache.kafka.common.serialization.StringSerializer, client.id=Producer-topic-418125d9_73d5_4c53_a857_bcb9b5462af9}
2025-07-31 16:59:44,308 INFO  [io.api.tes.ser.api.SimpleSerdesTesterBuilder$SimpleSerdesTester] (main) Using consumer configuration: {}
2025-07-31 16:59:44,309 INFO  [io.api.tes.ser.api.KafkaSerdesTester] (Thread-691) Sending message {"key11753981183240": "value-0"} to topic topic-418125d9_73d5_4c53_a857_bcb9b5462af9
2025-07-31 16:59:44,313 INFO  [org.apa.kaf.cli.Metadata] (kafka-producer-network-thread | Producer-topic-418125d9_73d5_4c53_a857_bcb9b5462af9) [Producer clientId=Producer-topic-418125d9_73d5_4c53_a857_bcb9b5462af9] Cluster ID: JfHT16fFSb-b502x6d9TJg
2025-07-31 16:59:44,314 INFO  [org.apa.kaf.cli.pro.int.TransactionManager] (kafka-producer-network-thread | Producer-topic-418125d9_73d5_4c53_a857_bcb9b5462af9) [Producer clientId=Producer-topic-418125d9_73d5_4c53_a857_bcb9b5462af9] ProducerId set to 18 with epoch 0
2025-07-31 16:59:44,425 INFO  [io.api.tes.ser.api.KafkaSerdesTester] (Thread-691) Sending message {"key11753981183240": "value-1"} to topic topic-418125d9_73d5_4c53_a857_bcb9b5462af9
2025-07-31 16:59:44,427 INFO  [io.api.tes.ser.api.KafkaSerdesTester] (Thread-691) Sending message {"key11753981183240": "value-2"} to topic topic-418125d9_73d5_4c53_a857_bcb9b5462af9
2025-07-31 16:59:44,429 INFO  [io.api.tes.ser.api.KafkaSerdesTester] (Thread-691) Sending message {"key11753981183240": "value-3"} to topic topic-418125d9_73d5_4c53_a857_bcb9b5462af9
2025-07-31 16:59:44,430 INFO  [io.api.tes.ser.api.KafkaSerdesTester] (Thread-691) Sending message {"key11753981183240": "value-4"} to topic topic-418125d9_73d5_4c53_a857_bcb9b5462af9
2025-07-31 16:59:44,432 INFO  [io.api.tes.ser.api.KafkaSerdesTester] (Thread-691) Sending message {"key11753981183240": "value-5"} to topic topic-418125d9_73d5_4c53_a857_bcb9b5462af9
2025-07-31 16:59:44,433 INFO  [io.api.tes.ser.api.KafkaSerdesTester] (Thread-691) Sending message {"key11753981183240": "value-6"} to topic topic-418125d9_73d5_4c53_a857_bcb9b5462af9
2025-07-31 16:59:44,434 INFO  [io.api.tes.ser.api.KafkaSerdesTester] (Thread-691) Sending message {"key11753981183240": "value-7"} to topic topic-418125d9_73d5_4c53_a857_bcb9b5462af9
2025-07-31 16:59:44,436 INFO  [io.api.tes.ser.api.KafkaSerdesTester] (Thread-691) Sending message {"key11753981183240": "value-8"} to topic topic-418125d9_73d5_4c53_a857_bcb9b5462af9
2025-07-31 16:59:44,438 INFO  [io.api.tes.ser.api.KafkaSerdesTester] (Thread-691) Sending message {"key11753981183240": "value-9"} to topic topic-418125d9_73d5_4c53_a857_bcb9b5462af9
2025-07-31 16:59:44,440 INFO  [io.api.tes.ser.api.KafkaSerdesTester] (Thread-691) Produced 10 messages
2025-07-31 16:59:44,440 INFO  [org.apa.kaf.cli.pro.KafkaProducer] (Thread-691) [Producer clientId=Producer-topic-418125d9_73d5_4c53_a857_bcb9b5462af9] Closing the Kafka producer with timeoutMillis = 9223372036854775807 ms.
2025-07-31 16:59:44,442 INFO  [org.apa.kaf.com.met.Metrics] (Thread-691) Metrics scheduler closed
2025-07-31 16:59:44,442 INFO  [org.apa.kaf.com.met.Metrics] (Thread-691) Closing reporter org.apache.kafka.common.metrics.JmxReporter
2025-07-31 16:59:44,442 INFO  [org.apa.kaf.com.met.Metrics] (Thread-691) Closing reporter org.apache.kafka.common.telemetry.internals.ClientTelemetryReporter
2025-07-31 16:59:44,443 INFO  [org.apa.kaf.com.met.Metrics] (Thread-691) Metrics reporters closed
2025-07-31 16:59:44,443 INFO  [org.apa.kaf.com.uti.AppInfoParser] (Thread-691) App info kafka.producer for Producer-topic-418125d9_73d5_4c53_a857_bcb9b5462af9 unregistered
**** Registry Base URL: http://registry-app-inmemory.apps.ci419.apicurio-testing.org:80
2025-07-31 16:59:44,443 INFO  [org.apa.kaf.cli.con.ConsumerConfig] (main) ConsumerConfig values: 
	allow.auto.create.topics = true
	auto.commit.interval.ms = 500
	auto.include.jmx.reporter = true
	auto.offset.reset = earliest
	bootstrap.servers = [PLAINTEXT://localhost:32770]
	check.crcs = true
	client.dns.lookup = use_all_dns_ips
	client.id = consumer-Consumer-topic-418125d9_73d5_4c53_a857_bcb9b5462af9-13
	client.rack = 
	connections.max.idle.ms = 10000
	default.api.timeout.ms = 60000
	enable.auto.commit = true
	enable.metrics.push = true
	exclude.internal.topics = true
	fetch.max.bytes = 52428800
	fetch.max.wait.ms = 500
	fetch.min.bytes = 1
	group.id = Consumer-topic-418125d9_73d5_4c53_a857_bcb9b5462af9
	group.instance.id = null
	group.protocol = classic
	group.remote.assignor = null
	heartbeat.interval.ms = 3000
	interceptor.classes = []
	internal.leave.group.on.close = true
	internal.throw.on.fetch.stable.offset.unsupported = false
	isolation.level = read_uncommitted
	key.deserializer = class org.apache.kafka.common.serialization.StringDeserializer
	max.partition.fetch.bytes = 1048576
	max.poll.interval.ms = 300000
	max.poll.records = 500
	metadata.max.age.ms = 300000
	metadata.recovery.strategy = none
	metric.reporters = []
	metrics.num.samples = 2
	metrics.recording.level = INFO
	metrics.sample.window.ms = 30000
	partition.assignment.strategy = [class org.apache.kafka.clients.consumer.RangeAssignor, class org.apache.kafka.clients.consumer.CooperativeStickyAssignor]
	receive.buffer.bytes = 65536
	reconnect.backoff.max.ms = 1000
	reconnect.backoff.ms = 50
	request.timeout.ms = 5000
	retry.backoff.max.ms = 1000
	retry.backoff.ms = 100
	sasl.client.callback.handler.class = null
	sasl.jaas.config = null
	sasl.kerberos.kinit.cmd = /usr/bin/kinit
	sasl.kerberos.min.time.before.relogin = 60000
	sasl.kerberos.service.name = null
	sasl.kerberos.ticket.renew.jitter = 0.05
	sasl.kerberos.ticket.renew.window.factor = 0.8
	sasl.login.callback.handler.class = null
	sasl.login.class = null
	sasl.login.connect.timeout.ms = null
	sasl.login.read.timeout.ms = null
	sasl.login.refresh.buffer.seconds = 300
	sasl.login.refresh.min.period.seconds = 60
	sasl.login.refresh.window.factor = 0.8
	sasl.login.refresh.window.jitter = 0.05
	sasl.login.retry.backoff.max.ms = 10000
	sasl.login.retry.backoff.ms = 100
	sasl.mechanism = GSSAPI
	sasl.oauthbearer.clock.skew.seconds = 30
	sasl.oauthbearer.expected.audience = null
	sasl.oauthbearer.expected.issuer = null
	sasl.oauthbearer.header.urlencode = false
	sasl.oauthbearer.jwks.endpoint.refresh.ms = 3600000
	sasl.oauthbearer.jwks.endpoint.retry.backoff.max.ms = 10000
	sasl.oauthbearer.jwks.endpoint.retry.backoff.ms = 100
	sasl.oauthbearer.jwks.endpoint.url = null
	sasl.oauthbearer.scope.claim.name = scope
	sasl.oauthbearer.sub.claim.name = sub
	sasl.oauthbearer.token.endpoint.url = null
	security.protocol = PLAINTEXT
	security.providers = null
	send.buffer.bytes = 131072
	session.timeout.ms = 45000
	socket.connection.setup.timeout.max.ms = 30000
	socket.connection.setup.timeout.ms = 10000
	ssl.cipher.suites = null
	ssl.enabled.protocols = [TLSv1.2, TLSv1.3]
	ssl.endpoint.identification.algorithm = https
	ssl.engine.factory.class = null
	ssl.key.password = null
	ssl.keymanager.algorithm = SunX509
	ssl.keystore.certificate.chain = null
	ssl.keystore.key = null
	ssl.keystore.location = null
	ssl.keystore.password = null
	ssl.keystore.type = JKS
	ssl.protocol = TLSv1.3
	ssl.provider = null
	ssl.secure.random.implementation = null
	ssl.trustmanager.algorithm = PKIX
	ssl.truststore.certificates = null
	ssl.truststore.location = null
	ssl.truststore.password = null
	ssl.truststore.type = JKS
	value.deserializer = class io.apicurio.registry.serde.avro.AvroKafkaDeserializer

2025-07-31 16:59:44,444 INFO  [org.apa.kaf.com.tel.int.KafkaMetricsCollector] (main) initializing Kafka metrics collector
2025-07-31 16:59:44,457 INFO  [org.apa.kaf.cli.con.ConsumerConfig] (main) These configurations '[apicurio.registry.url]' were supplied but are not used yet.
2025-07-31 16:59:44,457 INFO  [org.apa.kaf.com.uti.AppInfoParser] (main) Kafka version: 3.9.1
2025-07-31 16:59:44,457 INFO  [org.apa.kaf.com.uti.AppInfoParser] (main) Kafka commitId: f745dfdcee2b9851
2025-07-31 16:59:44,457 INFO  [org.apa.kaf.com.uti.AppInfoParser] (main) Kafka startTimeMs: 1753981184457
2025-07-31 16:59:44,457 INFO  [org.apa.kaf.cli.con.int.ClassicKafkaConsumer] (Thread-694) [Consumer clientId=consumer-Consumer-topic-418125d9_73d5_4c53_a857_bcb9b5462af9-13, groupId=Consumer-topic-418125d9_73d5_4c53_a857_bcb9b5462af9] Subscribed to topic(s): topic-418125d9_73d5_4c53_a857_bcb9b5462af9
2025-07-31 16:59:44,466 INFO  [org.apa.kaf.cli.Metadata] (Thread-694) [Consumer clientId=consumer-Consumer-topic-418125d9_73d5_4c53_a857_bcb9b5462af9-13, groupId=Consumer-topic-418125d9_73d5_4c53_a857_bcb9b5462af9] Cluster ID: JfHT16fFSb-b502x6d9TJg
2025-07-31 16:59:44,469 INFO  [org.apa.kaf.cli.con.int.ConsumerCoordinator] (Thread-694) [Consumer clientId=consumer-Consumer-topic-418125d9_73d5_4c53_a857_bcb9b5462af9-13, groupId=Consumer-topic-418125d9_73d5_4c53_a857_bcb9b5462af9] Discovered group coordinator localhost:32770 (id: 2147483647 rack: null)
2025-07-31 16:59:44,472 INFO  [org.apa.kaf.cli.con.int.ConsumerCoordinator] (Thread-694) [Consumer clientId=consumer-Consumer-topic-418125d9_73d5_4c53_a857_bcb9b5462af9-13, groupId=Consumer-topic-418125d9_73d5_4c53_a857_bcb9b5462af9] (Re-)joining group
2025-07-31 16:59:44,476 INFO  [org.apa.kaf.cli.con.int.ConsumerCoordinator] (Thread-694) [Consumer clientId=consumer-Consumer-topic-418125d9_73d5_4c53_a857_bcb9b5462af9-13, groupId=Consumer-topic-418125d9_73d5_4c53_a857_bcb9b5462af9] Request joining group due to: need to re-join with the given member-id: consumer-Consumer-topic-418125d9_73d5_4c53_a857_bcb9b5462af9-13-55ef02de-7dd2-45cb-90a3-10afaf4e3294
2025-07-31 16:59:44,476 INFO  [org.apa.kaf.cli.con.int.ConsumerCoordinator] (Thread-694) [Consumer clientId=consumer-Consumer-topic-418125d9_73d5_4c53_a857_bcb9b5462af9-13, groupId=Consumer-topic-418125d9_73d5_4c53_a857_bcb9b5462af9] (Re-)joining group
2025-07-31 16:59:44,479 INFO  [org.apa.kaf.cli.con.int.ConsumerCoordinator] (Thread-694) [Consumer clientId=consumer-Consumer-topic-418125d9_73d5_4c53_a857_bcb9b5462af9-13, groupId=Consumer-topic-418125d9_73d5_4c53_a857_bcb9b5462af9] Successfully joined group with generation Generation{generationId=1, memberId='consumer-Consumer-topic-418125d9_73d5_4c53_a857_bcb9b5462af9-13-55ef02de-7dd2-45cb-90a3-10afaf4e3294', protocol='range'}
2025-07-31 16:59:44,481 INFO  [org.apa.kaf.cli.con.int.ConsumerCoordinator] (Thread-694) [Consumer clientId=consumer-Consumer-topic-418125d9_73d5_4c53_a857_bcb9b5462af9-13, groupId=Consumer-topic-418125d9_73d5_4c53_a857_bcb9b5462af9] Finished assignment for group at generation 1: {consumer-Consumer-topic-418125d9_73d5_4c53_a857_bcb9b5462af9-13-55ef02de-7dd2-45cb-90a3-10afaf4e3294=Assignment(partitions=[topic-418125d9_73d5_4c53_a857_bcb9b5462af9-0])}
2025-07-31 16:59:44,486 INFO  [org.apa.kaf.cli.con.int.ConsumerCoordinator] (Thread-694) [Consumer clientId=consumer-Consumer-topic-418125d9_73d5_4c53_a857_bcb9b5462af9-13, groupId=Consumer-topic-418125d9_73d5_4c53_a857_bcb9b5462af9] Successfully synced group in generation Generation{generationId=1, memberId='consumer-Consumer-topic-418125d9_73d5_4c53_a857_bcb9b5462af9-13-55ef02de-7dd2-45cb-90a3-10afaf4e3294', protocol='range'}
2025-07-31 16:59:44,486 INFO  [org.apa.kaf.cli.con.int.ConsumerCoordinator] (Thread-694) [Consumer clientId=consumer-Consumer-topic-418125d9_73d5_4c53_a857_bcb9b5462af9-13, groupId=Consumer-topic-418125d9_73d5_4c53_a857_bcb9b5462af9] Notifying assignor about the new Assignment(partitions=[topic-418125d9_73d5_4c53_a857_bcb9b5462af9-0])
2025-07-31 16:59:44,486 INFO  [org.apa.kaf.cli.con.int.ConsumerRebalanceListenerInvoker] (Thread-694) [Consumer clientId=consumer-Consumer-topic-418125d9_73d5_4c53_a857_bcb9b5462af9-13, groupId=Consumer-topic-418125d9_73d5_4c53_a857_bcb9b5462af9] Adding newly assigned partitions: topic-418125d9_73d5_4c53_a857_bcb9b5462af9-0
2025-07-31 16:59:44,487 INFO  [org.apa.kaf.cli.con.int.ConsumerCoordinator] (Thread-694) [Consumer clientId=consumer-Consumer-topic-418125d9_73d5_4c53_a857_bcb9b5462af9-13, groupId=Consumer-topic-418125d9_73d5_4c53_a857_bcb9b5462af9] Found no committed offset for partition topic-418125d9_73d5_4c53_a857_bcb9b5462af9-0
2025-07-31 16:59:44,492 INFO  [org.apa.kaf.cli.con.int.SubscriptionState] (Thread-694) [Consumer clientId=consumer-Consumer-topic-418125d9_73d5_4c53_a857_bcb9b5462af9-13, groupId=Consumer-topic-418125d9_73d5_4c53_a857_bcb9b5462af9] Resetting offset for partition topic-418125d9_73d5_4c53_a857_bcb9b5462af9-0 to position FetchPosition{offset=0, offsetEpoch=Optional.empty, currentLeader=LeaderAndEpoch{leader=Optional[localhost:32770 (id: 0 rack: null)], epoch=0}}.
2025-07-31 16:59:44,574 INFO  [io.api.tes.ser.api.KafkaSerdesTester] (Thread-694) topic-418125d9_73d5_4c53_a857_bcb9b5462af9 0 0 {"key11753981183240": "value-0"}
2025-07-31 16:59:44,575 INFO  [io.api.tes.ser.api.KafkaSerdesTester] (Thread-694) topic-418125d9_73d5_4c53_a857_bcb9b5462af9 0 1 {"key11753981183240": "value-1"}
2025-07-31 16:59:44,575 INFO  [io.api.tes.ser.api.KafkaSerdesTester] (Thread-694) topic-418125d9_73d5_4c53_a857_bcb9b5462af9 0 2 {"key11753981183240": "value-2"}
2025-07-31 16:59:44,575 INFO  [io.api.tes.ser.api.KafkaSerdesTester] (Thread-694) topic-418125d9_73d5_4c53_a857_bcb9b5462af9 0 3 {"key11753981183240": "value-3"}
2025-07-31 16:59:44,575 INFO  [io.api.tes.ser.api.KafkaSerdesTester] (Thread-694) topic-418125d9_73d5_4c53_a857_bcb9b5462af9 0 4 {"key11753981183240": "value-4"}
2025-07-31 16:59:44,575 INFO  [io.api.tes.ser.api.KafkaSerdesTester] (Thread-694) topic-418125d9_73d5_4c53_a857_bcb9b5462af9 0 5 {"key11753981183240": "value-5"}
2025-07-31 16:59:44,575 INFO  [io.api.tes.ser.api.KafkaSerdesTester] (Thread-694) topic-418125d9_73d5_4c53_a857_bcb9b5462af9 0 6 {"key11753981183240": "value-6"}
2025-07-31 16:59:44,575 INFO  [io.api.tes.ser.api.KafkaSerdesTester] (Thread-694) topic-418125d9_73d5_4c53_a857_bcb9b5462af9 0 7 {"key11753981183240": "value-7"}
2025-07-31 16:59:44,575 INFO  [io.api.tes.ser.api.KafkaSerdesTester] (Thread-694) topic-418125d9_73d5_4c53_a857_bcb9b5462af9 0 8 {"key11753981183240": "value-8"}
2025-07-31 16:59:44,575 INFO  [io.api.tes.ser.api.KafkaSerdesTester] (Thread-694) topic-418125d9_73d5_4c53_a857_bcb9b5462af9 0 9 {"key11753981183240": "value-9"}
2025-07-31 16:59:44,575 INFO  [io.api.tes.ser.api.KafkaSerdesTester] (Thread-694) Consumed 10 messages
2025-07-31 16:59:44,577 INFO  [org.apa.kaf.cli.con.int.ConsumerRebalanceListenerInvoker] (Thread-694) [Consumer clientId=consumer-Consumer-topic-418125d9_73d5_4c53_a857_bcb9b5462af9-13, groupId=Consumer-topic-418125d9_73d5_4c53_a857_bcb9b5462af9] Revoke previously assigned partitions topic-418125d9_73d5_4c53_a857_bcb9b5462af9-0
2025-07-31 16:59:44,577 INFO  [org.apa.kaf.cli.con.int.ConsumerCoordinator] (Thread-694) [Consumer clientId=consumer-Consumer-topic-418125d9_73d5_4c53_a857_bcb9b5462af9-13, groupId=Consumer-topic-418125d9_73d5_4c53_a857_bcb9b5462af9] Member consumer-Consumer-topic-418125d9_73d5_4c53_a857_bcb9b5462af9-13-55ef02de-7dd2-45cb-90a3-10afaf4e3294 sending LeaveGroup request to coordinator localhost:32770 (id: 2147483647 rack: null) due to the consumer is being closed
2025-07-31 16:59:44,577 INFO  [org.apa.kaf.cli.con.int.ConsumerCoordinator] (Thread-694) [Consumer clientId=consumer-Consumer-topic-418125d9_73d5_4c53_a857_bcb9b5462af9-13, groupId=Consumer-topic-418125d9_73d5_4c53_a857_bcb9b5462af9] Resetting generation and member id due to: consumer pro-actively leaving the group
2025-07-31 16:59:44,577 INFO  [org.apa.kaf.cli.con.int.ConsumerCoordinator] (Thread-694) [Consumer clientId=consumer-Consumer-topic-418125d9_73d5_4c53_a857_bcb9b5462af9-13, groupId=Consumer-topic-418125d9_73d5_4c53_a857_bcb9b5462af9] Request joining group due to: consumer pro-actively leaving the group
2025-07-31 16:59:45,078 INFO  [org.apa.kaf.com.met.Metrics] (Thread-694) Metrics scheduler closed
2025-07-31 16:59:45,078 INFO  [org.apa.kaf.com.met.Metrics] (Thread-694) Closing reporter org.apache.kafka.common.metrics.JmxReporter
2025-07-31 16:59:45,078 INFO  [org.apa.kaf.com.met.Metrics] (Thread-694) Closing reporter org.apache.kafka.common.telemetry.internals.ClientTelemetryReporter
2025-07-31 16:59:45,078 INFO  [org.apa.kaf.com.met.Metrics] (Thread-694) Metrics reporters closed
2025-07-31 16:59:45,081 INFO  [org.apa.kaf.com.uti.AppInfoParser] (Thread-694) App info kafka.consumer for consumer-Consumer-topic-418125d9_73d5_4c53_a857_bcb9b5462af9-13 unregistered
2025-07-31 16:59:45,082 INFO  [io.api.tes.uti.TestSeparator] (main) io.apicurio.tests.serdes.apicurio.AvroSerdeIT.testTopicRecordIdStrategydFindLatest-FINISHED
2025-07-31 16:59:45,082 INFO  [io.api.tes.uti.TestSeparator] (main) ############################################################################
Test passed: testTopicRecordIdStrategydFindLatest
]]></system-out>
  </testcase>
  <testcase name="testAvroConfluentForMultipleTopics" classname="io.apicurio.tests.serdes.apicurio.AvroSerdeIT" time="3.25">
    <system-out><![CDATA[2025-07-31 16:59:45,083 INFO  [io.api.tes.uti.TestSeparator] (main) ############################################################################
2025-07-31 16:59:45,083 INFO  [io.api.tes.uti.TestSeparator] (main) io.apicurio.tests.serdes.apicurio.AvroSerdeIT.testAvroConfluentForMultipleTopics-STARTED
2025-07-31 16:59:45,087 INFO  [io.api.tes.ser.api.AvroSerdeIT] (main) Registering Avro Schema: {"type":"record","name":"myrecordconfluent","fields":[{"name":"key11753981185086","type":"string"}]}
**** Registry Base URL: http://registry-app-inmemory.apps.ci419.apicurio-testing.org:80
2025-07-31 16:59:46,160 INFO  [org.apa.kaf.cli.pro.ProducerConfig] (main) ProducerConfig values: 
	acks = -1
	auto.include.jmx.reporter = true
	batch.size = 16384
	bootstrap.servers = [PLAINTEXT://localhost:32770]
	buffer.memory = 33554432
	client.dns.lookup = use_all_dns_ips
	client.id = Producer-topic-2753e609_3eef_44b4_a2ec_893da1c2be57
	compression.gzip.level = -1
	compression.lz4.level = 9
	compression.type = none
	compression.zstd.level = 3
	connections.max.idle.ms = 10000
	delivery.timeout.ms = 120000
	enable.idempotence = true
	enable.metrics.push = true
	interceptor.classes = []
	key.serializer = class org.apache.kafka.common.serialization.StringSerializer
	linger.ms = 0
	max.block.ms = 60000
	max.in.flight.requests.per.connection = 5
	max.request.size = 1048576
	metadata.max.age.ms = 300000
	metadata.max.idle.ms = 300000
	metadata.recovery.strategy = none
	metric.reporters = []
	metrics.num.samples = 2
	metrics.recording.level = INFO
	metrics.sample.window.ms = 30000
	partitioner.adaptive.partitioning.enable = true
	partitioner.availability.timeout.ms = 0
	partitioner.class = null
	partitioner.ignore.keys = false
	receive.buffer.bytes = 32768
	reconnect.backoff.max.ms = 1000
	reconnect.backoff.ms = 50
	request.timeout.ms = 5000
	retries = 2147483647
	retry.backoff.max.ms = 1000
	retry.backoff.ms = 100
	sasl.client.callback.handler.class = null
	sasl.jaas.config = null
	sasl.kerberos.kinit.cmd = /usr/bin/kinit
	sasl.kerberos.min.time.before.relogin = 60000
	sasl.kerberos.service.name = null
	sasl.kerberos.ticket.renew.jitter = 0.05
	sasl.kerberos.ticket.renew.window.factor = 0.8
	sasl.login.callback.handler.class = null
	sasl.login.class = null
	sasl.login.connect.timeout.ms = null
	sasl.login.read.timeout.ms = null
	sasl.login.refresh.buffer.seconds = 300
	sasl.login.refresh.min.period.seconds = 60
	sasl.login.refresh.window.factor = 0.8
	sasl.login.refresh.window.jitter = 0.05
	sasl.login.retry.backoff.max.ms = 10000
	sasl.login.retry.backoff.ms = 100
	sasl.mechanism = GSSAPI
	sasl.oauthbearer.clock.skew.seconds = 30
	sasl.oauthbearer.expected.audience = null
	sasl.oauthbearer.expected.issuer = null
	sasl.oauthbearer.header.urlencode = false
	sasl.oauthbearer.jwks.endpoint.refresh.ms = 3600000
	sasl.oauthbearer.jwks.endpoint.retry.backoff.max.ms = 10000
	sasl.oauthbearer.jwks.endpoint.retry.backoff.ms = 100
	sasl.oauthbearer.jwks.endpoint.url = null
	sasl.oauthbearer.scope.claim.name = scope
	sasl.oauthbearer.sub.claim.name = sub
	sasl.oauthbearer.token.endpoint.url = null
	security.protocol = PLAINTEXT
	security.providers = null
	send.buffer.bytes = 131072
	socket.connection.setup.timeout.max.ms = 30000
	socket.connection.setup.timeout.ms = 10000
	ssl.cipher.suites = null
	ssl.enabled.protocols = [TLSv1.2, TLSv1.3]
	ssl.endpoint.identification.algorithm = https
	ssl.engine.factory.class = null
	ssl.key.password = null
	ssl.keymanager.algorithm = SunX509
	ssl.keystore.certificate.chain = null
	ssl.keystore.key = null
	ssl.keystore.location = null
	ssl.keystore.password = null
	ssl.keystore.type = JKS
	ssl.protocol = TLSv1.3
	ssl.provider = null
	ssl.secure.random.implementation = null
	ssl.trustmanager.algorithm = PKIX
	ssl.truststore.certificates = null
	ssl.truststore.location = null
	ssl.truststore.password = null
	ssl.truststore.type = JKS
	transaction.timeout.ms = 60000
	transactional.id = null
	value.serializer = class io.apicurio.registry.serde.avro.AvroKafkaSerializer

2025-07-31 16:59:46,160 INFO  [org.apa.kaf.com.tel.int.KafkaMetricsCollector] (main) initializing Kafka metrics collector
2025-07-31 16:59:46,164 INFO  [org.apa.kaf.cli.pro.KafkaProducer] (main) [Producer clientId=Producer-topic-2753e609_3eef_44b4_a2ec_893da1c2be57] Instantiated an idempotent producer.
2025-07-31 16:59:46,167 INFO  [org.apa.kaf.cli.pro.ProducerConfig] (main) These configurations '[apicurio.registry.url, apicurio.registry.artifact-resolver-strategy]' were supplied but are not used yet.
2025-07-31 16:59:46,167 INFO  [org.apa.kaf.com.uti.AppInfoParser] (main) Kafka version: 3.9.1
2025-07-31 16:59:46,167 INFO  [org.apa.kaf.com.uti.AppInfoParser] (main) Kafka commitId: f745dfdcee2b9851
2025-07-31 16:59:46,167 INFO  [org.apa.kaf.com.uti.AppInfoParser] (main) Kafka startTimeMs: 1753981186167
**** Registry Base URL: http://registry-app-inmemory.apps.ci419.apicurio-testing.org:80
2025-07-31 16:59:46,167 INFO  [org.apa.kaf.cli.pro.ProducerConfig] (main) ProducerConfig values: 
	acks = -1
	auto.include.jmx.reporter = true
	batch.size = 16384
	bootstrap.servers = [PLAINTEXT://localhost:32770]
	buffer.memory = 33554432
	client.dns.lookup = use_all_dns_ips
	client.id = Producer-topic-26b7a6d6_3083_4fbd_ba73_bee6e1c52f44
	compression.gzip.level = -1
	compression.lz4.level = 9
	compression.type = none
	compression.zstd.level = 3
	connections.max.idle.ms = 10000
	delivery.timeout.ms = 120000
	enable.idempotence = true
	enable.metrics.push = true
	interceptor.classes = []
	key.serializer = class org.apache.kafka.common.serialization.StringSerializer
	linger.ms = 0
	max.block.ms = 60000
	max.in.flight.requests.per.connection = 5
	max.request.size = 1048576
	metadata.max.age.ms = 300000
	metadata.max.idle.ms = 300000
	metadata.recovery.strategy = none
	metric.reporters = []
	metrics.num.samples = 2
	metrics.recording.level = INFO
	metrics.sample.window.ms = 30000
	partitioner.adaptive.partitioning.enable = true
	partitioner.availability.timeout.ms = 0
	partitioner.class = null
	partitioner.ignore.keys = false
	receive.buffer.bytes = 32768
	reconnect.backoff.max.ms = 1000
	reconnect.backoff.ms = 50
	request.timeout.ms = 5000
	retries = 2147483647
	retry.backoff.max.ms = 1000
	retry.backoff.ms = 100
	sasl.client.callback.handler.class = null
	sasl.jaas.config = null
	sasl.kerberos.kinit.cmd = /usr/bin/kinit
	sasl.kerberos.min.time.before.relogin = 60000
	sasl.kerberos.service.name = null
	sasl.kerberos.ticket.renew.jitter = 0.05
	sasl.kerberos.ticket.renew.window.factor = 0.8
	sasl.login.callback.handler.class = null
	sasl.login.class = null
	sasl.login.connect.timeout.ms = null
	sasl.login.read.timeout.ms = null
	sasl.login.refresh.buffer.seconds = 300
	sasl.login.refresh.min.period.seconds = 60
	sasl.login.refresh.window.factor = 0.8
	sasl.login.refresh.window.jitter = 0.05
	sasl.login.retry.backoff.max.ms = 10000
	sasl.login.retry.backoff.ms = 100
	sasl.mechanism = GSSAPI
	sasl.oauthbearer.clock.skew.seconds = 30
	sasl.oauthbearer.expected.audience = null
	sasl.oauthbearer.expected.issuer = null
	sasl.oauthbearer.header.urlencode = false
	sasl.oauthbearer.jwks.endpoint.refresh.ms = 3600000
	sasl.oauthbearer.jwks.endpoint.retry.backoff.max.ms = 10000
	sasl.oauthbearer.jwks.endpoint.retry.backoff.ms = 100
	sasl.oauthbearer.jwks.endpoint.url = null
	sasl.oauthbearer.scope.claim.name = scope
	sasl.oauthbearer.sub.claim.name = sub
	sasl.oauthbearer.token.endpoint.url = null
	security.protocol = PLAINTEXT
	security.providers = null
	send.buffer.bytes = 131072
	socket.connection.setup.timeout.max.ms = 30000
	socket.connection.setup.timeout.ms = 10000
	ssl.cipher.suites = null
	ssl.enabled.protocols = [TLSv1.2, TLSv1.3]
	ssl.endpoint.identification.algorithm = https
	ssl.engine.factory.class = null
	ssl.key.password = null
	ssl.keymanager.algorithm = SunX509
	ssl.keystore.certificate.chain = null
	ssl.keystore.key = null
	ssl.keystore.location = null
	ssl.keystore.password = null
	ssl.keystore.type = JKS
	ssl.protocol = TLSv1.3
	ssl.provider = null
	ssl.secure.random.implementation = null
	ssl.trustmanager.algorithm = PKIX
	ssl.truststore.certificates = null
	ssl.truststore.location = null
	ssl.truststore.password = null
	ssl.truststore.type = JKS
	transaction.timeout.ms = 60000
	transactional.id = null
	value.serializer = class io.apicurio.registry.serde.avro.AvroKafkaSerializer

2025-07-31 16:59:46,168 INFO  [org.apa.kaf.com.tel.int.KafkaMetricsCollector] (main) initializing Kafka metrics collector
2025-07-31 16:59:46,173 INFO  [org.apa.kaf.cli.Metadata] (kafka-producer-network-thread | Producer-topic-2753e609_3eef_44b4_a2ec_893da1c2be57) [Producer clientId=Producer-topic-2753e609_3eef_44b4_a2ec_893da1c2be57] Cluster ID: JfHT16fFSb-b502x6d9TJg
2025-07-31 16:59:46,173 INFO  [org.apa.kaf.cli.pro.KafkaProducer] (main) [Producer clientId=Producer-topic-26b7a6d6_3083_4fbd_ba73_bee6e1c52f44] Instantiated an idempotent producer.
2025-07-31 16:59:46,177 INFO  [org.apa.kaf.cli.pro.int.TransactionManager] (kafka-producer-network-thread | Producer-topic-2753e609_3eef_44b4_a2ec_893da1c2be57) [Producer clientId=Producer-topic-2753e609_3eef_44b4_a2ec_893da1c2be57] ProducerId set to 19 with epoch 0
2025-07-31 16:59:46,183 INFO  [org.apa.kaf.cli.pro.ProducerConfig] (main) These configurations '[apicurio.registry.url, apicurio.registry.artifact-resolver-strategy]' were supplied but are not used yet.
2025-07-31 16:59:46,185 INFO  [org.apa.kaf.com.uti.AppInfoParser] (main) Kafka version: 3.9.1
2025-07-31 16:59:46,185 INFO  [org.apa.kaf.com.uti.AppInfoParser] (main) Kafka commitId: f745dfdcee2b9851
2025-07-31 16:59:46,185 INFO  [org.apa.kaf.com.uti.AppInfoParser] (main) Kafka startTimeMs: 1753981186184
**** Registry Base URL: http://registry-app-inmemory.apps.ci419.apicurio-testing.org:80
2025-07-31 16:59:46,185 INFO  [org.apa.kaf.cli.pro.ProducerConfig] (main) ProducerConfig values: 
	acks = -1
	auto.include.jmx.reporter = true
	batch.size = 16384
	bootstrap.servers = [PLAINTEXT://localhost:32770]
	buffer.memory = 33554432
	client.dns.lookup = use_all_dns_ips
	client.id = Producer-topic-e14232f0_2b31_4614_9e5d_a3897aafafb8
	compression.gzip.level = -1
	compression.lz4.level = 9
	compression.type = none
	compression.zstd.level = 3
	connections.max.idle.ms = 10000
	delivery.timeout.ms = 120000
	enable.idempotence = true
	enable.metrics.push = true
	interceptor.classes = []
	key.serializer = class org.apache.kafka.common.serialization.StringSerializer
	linger.ms = 0
	max.block.ms = 60000
	max.in.flight.requests.per.connection = 5
	max.request.size = 1048576
	metadata.max.age.ms = 300000
	metadata.max.idle.ms = 300000
	metadata.recovery.strategy = none
	metric.reporters = []
	metrics.num.samples = 2
	metrics.recording.level = INFO
	metrics.sample.window.ms = 30000
	partitioner.adaptive.partitioning.enable = true
	partitioner.availability.timeout.ms = 0
	partitioner.class = null
	partitioner.ignore.keys = false
	receive.buffer.bytes = 32768
	reconnect.backoff.max.ms = 1000
	reconnect.backoff.ms = 50
	request.timeout.ms = 5000
	retries = 2147483647
	retry.backoff.max.ms = 1000
	retry.backoff.ms = 100
	sasl.client.callback.handler.class = null
	sasl.jaas.config = null
	sasl.kerberos.kinit.cmd = /usr/bin/kinit
	sasl.kerberos.min.time.before.relogin = 60000
	sasl.kerberos.service.name = null
	sasl.kerberos.ticket.renew.jitter = 0.05
	sasl.kerberos.ticket.renew.window.factor = 0.8
	sasl.login.callback.handler.class = null
	sasl.login.class = null
	sasl.login.connect.timeout.ms = null
	sasl.login.read.timeout.ms = null
	sasl.login.refresh.buffer.seconds = 300
	sasl.login.refresh.min.period.seconds = 60
	sasl.login.refresh.window.factor = 0.8
	sasl.login.refresh.window.jitter = 0.05
	sasl.login.retry.backoff.max.ms = 10000
	sasl.login.retry.backoff.ms = 100
	sasl.mechanism = GSSAPI
	sasl.oauthbearer.clock.skew.seconds = 30
	sasl.oauthbearer.expected.audience = null
	sasl.oauthbearer.expected.issuer = null
	sasl.oauthbearer.header.urlencode = false
	sasl.oauthbearer.jwks.endpoint.refresh.ms = 3600000
	sasl.oauthbearer.jwks.endpoint.retry.backoff.max.ms = 10000
	sasl.oauthbearer.jwks.endpoint.retry.backoff.ms = 100
	sasl.oauthbearer.jwks.endpoint.url = null
	sasl.oauthbearer.scope.claim.name = scope
	sasl.oauthbearer.sub.claim.name = sub
	sasl.oauthbearer.token.endpoint.url = null
	security.protocol = PLAINTEXT
	security.providers = null
	send.buffer.bytes = 131072
	socket.connection.setup.timeout.max.ms = 30000
	socket.connection.setup.timeout.ms = 10000
	ssl.cipher.suites = null
	ssl.enabled.protocols = [TLSv1.2, TLSv1.3]
	ssl.endpoint.identification.algorithm = https
	ssl.engine.factory.class = null
	ssl.key.password = null
	ssl.keymanager.algorithm = SunX509
	ssl.keystore.certificate.chain = null
	ssl.keystore.key = null
	ssl.keystore.location = null
	ssl.keystore.password = null
	ssl.keystore.type = JKS
	ssl.protocol = TLSv1.3
	ssl.provider = null
	ssl.secure.random.implementation = null
	ssl.trustmanager.algorithm = PKIX
	ssl.truststore.certificates = null
	ssl.truststore.location = null
	ssl.truststore.password = null
	ssl.truststore.type = JKS
	transaction.timeout.ms = 60000
	transactional.id = null
	value.serializer = class io.apicurio.registry.serde.avro.AvroKafkaSerializer

2025-07-31 16:59:46,186 INFO  [org.apa.kaf.com.tel.int.KafkaMetricsCollector] (main) initializing Kafka metrics collector
2025-07-31 16:59:46,194 INFO  [org.apa.kaf.cli.pro.KafkaProducer] (main) [Producer clientId=Producer-topic-e14232f0_2b31_4614_9e5d_a3897aafafb8] Instantiated an idempotent producer.
2025-07-31 16:59:46,198 INFO  [org.apa.kaf.cli.Metadata] (kafka-producer-network-thread | Producer-topic-26b7a6d6_3083_4fbd_ba73_bee6e1c52f44) [Producer clientId=Producer-topic-26b7a6d6_3083_4fbd_ba73_bee6e1c52f44] Cluster ID: JfHT16fFSb-b502x6d9TJg
2025-07-31 16:59:46,199 INFO  [org.apa.kaf.cli.pro.int.TransactionManager] (kafka-producer-network-thread | Producer-topic-26b7a6d6_3083_4fbd_ba73_bee6e1c52f44) [Producer clientId=Producer-topic-26b7a6d6_3083_4fbd_ba73_bee6e1c52f44] ProducerId set to 20 with epoch 0
2025-07-31 16:59:46,199 INFO  [org.apa.kaf.cli.pro.ProducerConfig] (main) These configurations '[apicurio.registry.url, apicurio.registry.artifact-resolver-strategy]' were supplied but are not used yet.
2025-07-31 16:59:46,199 INFO  [org.apa.kaf.com.uti.AppInfoParser] (main) Kafka version: 3.9.1
2025-07-31 16:59:46,199 INFO  [org.apa.kaf.com.uti.AppInfoParser] (main) Kafka commitId: f745dfdcee2b9851
2025-07-31 16:59:46,199 INFO  [org.apa.kaf.com.uti.AppInfoParser] (main) Kafka startTimeMs: 1753981186199
**** Registry Base URL: http://registry-app-inmemory.apps.ci419.apicurio-testing.org:80
2025-07-31 16:59:46,200 INFO  [org.apa.kaf.cli.con.ConsumerConfig] (main) ConsumerConfig values: 
	allow.auto.create.topics = true
	auto.commit.interval.ms = 500
	auto.include.jmx.reporter = true
	auto.offset.reset = earliest
	bootstrap.servers = [PLAINTEXT://localhost:32770]
	check.crcs = true
	client.dns.lookup = use_all_dns_ips
	client.id = consumer-Consumer-topic-2753e609_3eef_44b4_a2ec_893da1c2be57-14
	client.rack = 
	connections.max.idle.ms = 10000
	default.api.timeout.ms = 60000
	enable.auto.commit = true
	enable.metrics.push = true
	exclude.internal.topics = true
	fetch.max.bytes = 52428800
	fetch.max.wait.ms = 500
	fetch.min.bytes = 1
	group.id = Consumer-topic-2753e609_3eef_44b4_a2ec_893da1c2be57
	group.instance.id = null
	group.protocol = classic
	group.remote.assignor = null
	heartbeat.interval.ms = 3000
	interceptor.classes = []
	internal.leave.group.on.close = true
	internal.throw.on.fetch.stable.offset.unsupported = false
	isolation.level = read_uncommitted
	key.deserializer = class org.apache.kafka.common.serialization.StringDeserializer
	max.partition.fetch.bytes = 1048576
	max.poll.interval.ms = 300000
	max.poll.records = 500
	metadata.max.age.ms = 300000
	metadata.recovery.strategy = none
	metric.reporters = []
	metrics.num.samples = 2
	metrics.recording.level = INFO
	metrics.sample.window.ms = 30000
	partition.assignment.strategy = [class org.apache.kafka.clients.consumer.RangeAssignor, class org.apache.kafka.clients.consumer.CooperativeStickyAssignor]
	receive.buffer.bytes = 65536
	reconnect.backoff.max.ms = 1000
	reconnect.backoff.ms = 50
	request.timeout.ms = 5000
	retry.backoff.max.ms = 1000
	retry.backoff.ms = 100
	sasl.client.callback.handler.class = null
	sasl.jaas.config = null
	sasl.kerberos.kinit.cmd = /usr/bin/kinit
	sasl.kerberos.min.time.before.relogin = 60000
	sasl.kerberos.service.name = null
	sasl.kerberos.ticket.renew.jitter = 0.05
	sasl.kerberos.ticket.renew.window.factor = 0.8
	sasl.login.callback.handler.class = null
	sasl.login.class = null
	sasl.login.connect.timeout.ms = null
	sasl.login.read.timeout.ms = null
	sasl.login.refresh.buffer.seconds = 300
	sasl.login.refresh.min.period.seconds = 60
	sasl.login.refresh.window.factor = 0.8
	sasl.login.refresh.window.jitter = 0.05
	sasl.login.retry.backoff.max.ms = 10000
	sasl.login.retry.backoff.ms = 100
	sasl.mechanism = GSSAPI
	sasl.oauthbearer.clock.skew.seconds = 30
	sasl.oauthbearer.expected.audience = null
	sasl.oauthbearer.expected.issuer = null
	sasl.oauthbearer.header.urlencode = false
	sasl.oauthbearer.jwks.endpoint.refresh.ms = 3600000
	sasl.oauthbearer.jwks.endpoint.retry.backoff.max.ms = 10000
	sasl.oauthbearer.jwks.endpoint.retry.backoff.ms = 100
	sasl.oauthbearer.jwks.endpoint.url = null
	sasl.oauthbearer.scope.claim.name = scope
	sasl.oauthbearer.sub.claim.name = sub
	sasl.oauthbearer.token.endpoint.url = null
	security.protocol = PLAINTEXT
	security.providers = null
	send.buffer.bytes = 131072
	session.timeout.ms = 45000
	socket.connection.setup.timeout.max.ms = 30000
	socket.connection.setup.timeout.ms = 10000
	ssl.cipher.suites = null
	ssl.enabled.protocols = [TLSv1.2, TLSv1.3]
	ssl.endpoint.identification.algorithm = https
	ssl.engine.factory.class = null
	ssl.key.password = null
	ssl.keymanager.algorithm = SunX509
	ssl.keystore.certificate.chain = null
	ssl.keystore.key = null
	ssl.keystore.location = null
	ssl.keystore.password = null
	ssl.keystore.type = JKS
	ssl.protocol = TLSv1.3
	ssl.provider = null
	ssl.secure.random.implementation = null
	ssl.trustmanager.algorithm = PKIX
	ssl.truststore.certificates = null
	ssl.truststore.location = null
	ssl.truststore.password = null
	ssl.truststore.type = JKS
	value.deserializer = class io.apicurio.registry.serde.avro.AvroKafkaDeserializer

2025-07-31 16:59:46,200 INFO  [org.apa.kaf.com.tel.int.KafkaMetricsCollector] (main) initializing Kafka metrics collector
2025-07-31 16:59:46,207 INFO  [org.apa.kaf.cli.Metadata] (kafka-producer-network-thread | Producer-topic-e14232f0_2b31_4614_9e5d_a3897aafafb8) [Producer clientId=Producer-topic-e14232f0_2b31_4614_9e5d_a3897aafafb8] Cluster ID: JfHT16fFSb-b502x6d9TJg
2025-07-31 16:59:46,207 INFO  [org.apa.kaf.cli.pro.int.TransactionManager] (kafka-producer-network-thread | Producer-topic-e14232f0_2b31_4614_9e5d_a3897aafafb8) [Producer clientId=Producer-topic-e14232f0_2b31_4614_9e5d_a3897aafafb8] ProducerId set to 21 with epoch 0
2025-07-31 16:59:46,213 INFO  [org.apa.kaf.cli.con.ConsumerConfig] (main) These configurations '[apicurio.registry.url]' were supplied but are not used yet.
2025-07-31 16:59:46,213 INFO  [org.apa.kaf.com.uti.AppInfoParser] (main) Kafka version: 3.9.1
2025-07-31 16:59:46,213 INFO  [org.apa.kaf.com.uti.AppInfoParser] (main) Kafka commitId: f745dfdcee2b9851
2025-07-31 16:59:46,213 INFO  [org.apa.kaf.com.uti.AppInfoParser] (main) Kafka startTimeMs: 1753981186213
**** Registry Base URL: http://registry-app-inmemory.apps.ci419.apicurio-testing.org:80
2025-07-31 16:59:46,214 INFO  [org.apa.kaf.cli.con.ConsumerConfig] (main) ConsumerConfig values: 
	allow.auto.create.topics = true
	auto.commit.interval.ms = 500
	auto.include.jmx.reporter = true
	auto.offset.reset = earliest
	bootstrap.servers = [PLAINTEXT://localhost:32770]
	check.crcs = true
	client.dns.lookup = use_all_dns_ips
	client.id = consumer-Consumer-topic-26b7a6d6_3083_4fbd_ba73_bee6e1c52f44-15
	client.rack = 
	connections.max.idle.ms = 10000
	default.api.timeout.ms = 60000
	enable.auto.commit = true
	enable.metrics.push = true
	exclude.internal.topics = true
	fetch.max.bytes = 52428800
	fetch.max.wait.ms = 500
	fetch.min.bytes = 1
	group.id = Consumer-topic-26b7a6d6_3083_4fbd_ba73_bee6e1c52f44
	group.instance.id = null
	group.protocol = classic
	group.remote.assignor = null
	heartbeat.interval.ms = 3000
	interceptor.classes = []
	internal.leave.group.on.close = true
	internal.throw.on.fetch.stable.offset.unsupported = false
	isolation.level = read_uncommitted
	key.deserializer = class org.apache.kafka.common.serialization.StringDeserializer
	max.partition.fetch.bytes = 1048576
	max.poll.interval.ms = 300000
	max.poll.records = 500
	metadata.max.age.ms = 300000
	metadata.recovery.strategy = none
	metric.reporters = []
	metrics.num.samples = 2
	metrics.recording.level = INFO
	metrics.sample.window.ms = 30000
	partition.assignment.strategy = [class org.apache.kafka.clients.consumer.RangeAssignor, class org.apache.kafka.clients.consumer.CooperativeStickyAssignor]
	receive.buffer.bytes = 65536
	reconnect.backoff.max.ms = 1000
	reconnect.backoff.ms = 50
	request.timeout.ms = 5000
	retry.backoff.max.ms = 1000
	retry.backoff.ms = 100
	sasl.client.callback.handler.class = null
	sasl.jaas.config = null
	sasl.kerberos.kinit.cmd = /usr/bin/kinit
	sasl.kerberos.min.time.before.relogin = 60000
	sasl.kerberos.service.name = null
	sasl.kerberos.ticket.renew.jitter = 0.05
	sasl.kerberos.ticket.renew.window.factor = 0.8
	sasl.login.callback.handler.class = null
	sasl.login.class = null
	sasl.login.connect.timeout.ms = null
	sasl.login.read.timeout.ms = null
	sasl.login.refresh.buffer.seconds = 300
	sasl.login.refresh.min.period.seconds = 60
	sasl.login.refresh.window.factor = 0.8
	sasl.login.refresh.window.jitter = 0.05
	sasl.login.retry.backoff.max.ms = 10000
	sasl.login.retry.backoff.ms = 100
	sasl.mechanism = GSSAPI
	sasl.oauthbearer.clock.skew.seconds = 30
	sasl.oauthbearer.expected.audience = null
	sasl.oauthbearer.expected.issuer = null
	sasl.oauthbearer.header.urlencode = false
	sasl.oauthbearer.jwks.endpoint.refresh.ms = 3600000
	sasl.oauthbearer.jwks.endpoint.retry.backoff.max.ms = 10000
	sasl.oauthbearer.jwks.endpoint.retry.backoff.ms = 100
	sasl.oauthbearer.jwks.endpoint.url = null
	sasl.oauthbearer.scope.claim.name = scope
	sasl.oauthbearer.sub.claim.name = sub
	sasl.oauthbearer.token.endpoint.url = null
	security.protocol = PLAINTEXT
	security.providers = null
	send.buffer.bytes = 131072
	session.timeout.ms = 45000
	socket.connection.setup.timeout.max.ms = 30000
	socket.connection.setup.timeout.ms = 10000
	ssl.cipher.suites = null
	ssl.enabled.protocols = [TLSv1.2, TLSv1.3]
	ssl.endpoint.identification.algorithm = https
	ssl.engine.factory.class = null
	ssl.key.password = null
	ssl.keymanager.algorithm = SunX509
	ssl.keystore.certificate.chain = null
	ssl.keystore.key = null
	ssl.keystore.location = null
	ssl.keystore.password = null
	ssl.keystore.type = JKS
	ssl.protocol = TLSv1.3
	ssl.provider = null
	ssl.secure.random.implementation = null
	ssl.trustmanager.algorithm = PKIX
	ssl.truststore.certificates = null
	ssl.truststore.location = null
	ssl.truststore.password = null
	ssl.truststore.type = JKS
	value.deserializer = class io.apicurio.registry.serde.avro.AvroKafkaDeserializer

2025-07-31 16:59:46,214 INFO  [org.apa.kaf.com.tel.int.KafkaMetricsCollector] (main) initializing Kafka metrics collector
2025-07-31 16:59:46,219 INFO  [org.apa.kaf.cli.con.ConsumerConfig] (main) These configurations '[apicurio.registry.url]' were supplied but are not used yet.
2025-07-31 16:59:46,219 INFO  [org.apa.kaf.com.uti.AppInfoParser] (main) Kafka version: 3.9.1
2025-07-31 16:59:46,219 INFO  [org.apa.kaf.com.uti.AppInfoParser] (main) Kafka commitId: f745dfdcee2b9851
2025-07-31 16:59:46,219 INFO  [org.apa.kaf.com.uti.AppInfoParser] (main) Kafka startTimeMs: 1753981186219
**** Registry Base URL: http://registry-app-inmemory.apps.ci419.apicurio-testing.org:80
2025-07-31 16:59:46,219 INFO  [org.apa.kaf.cli.con.ConsumerConfig] (main) ConsumerConfig values: 
	allow.auto.create.topics = true
	auto.commit.interval.ms = 500
	auto.include.jmx.reporter = true
	auto.offset.reset = earliest
	bootstrap.servers = [PLAINTEXT://localhost:32770]
	check.crcs = true
	client.dns.lookup = use_all_dns_ips
	client.id = consumer-Consumer-topic-e14232f0_2b31_4614_9e5d_a3897aafafb8-16
	client.rack = 
	connections.max.idle.ms = 10000
	default.api.timeout.ms = 60000
	enable.auto.commit = true
	enable.metrics.push = true
	exclude.internal.topics = true
	fetch.max.bytes = 52428800
	fetch.max.wait.ms = 500
	fetch.min.bytes = 1
	group.id = Consumer-topic-e14232f0_2b31_4614_9e5d_a3897aafafb8
	group.instance.id = null
	group.protocol = classic
	group.remote.assignor = null
	heartbeat.interval.ms = 3000
	interceptor.classes = []
	internal.leave.group.on.close = true
	internal.throw.on.fetch.stable.offset.unsupported = false
	isolation.level = read_uncommitted
	key.deserializer = class org.apache.kafka.common.serialization.StringDeserializer
	max.partition.fetch.bytes = 1048576
	max.poll.interval.ms = 300000
	max.poll.records = 500
	metadata.max.age.ms = 300000
	metadata.recovery.strategy = none
	metric.reporters = []
	metrics.num.samples = 2
	metrics.recording.level = INFO
	metrics.sample.window.ms = 30000
	partition.assignment.strategy = [class org.apache.kafka.clients.consumer.RangeAssignor, class org.apache.kafka.clients.consumer.CooperativeStickyAssignor]
	receive.buffer.bytes = 65536
	reconnect.backoff.max.ms = 1000
	reconnect.backoff.ms = 50
	request.timeout.ms = 5000
	retry.backoff.max.ms = 1000
	retry.backoff.ms = 100
	sasl.client.callback.handler.class = null
	sasl.jaas.config = null
	sasl.kerberos.kinit.cmd = /usr/bin/kinit
	sasl.kerberos.min.time.before.relogin = 60000
	sasl.kerberos.service.name = null
	sasl.kerberos.ticket.renew.jitter = 0.05
	sasl.kerberos.ticket.renew.window.factor = 0.8
	sasl.login.callback.handler.class = null
	sasl.login.class = null
	sasl.login.connect.timeout.ms = null
	sasl.login.read.timeout.ms = null
	sasl.login.refresh.buffer.seconds = 300
	sasl.login.refresh.min.period.seconds = 60
	sasl.login.refresh.window.factor = 0.8
	sasl.login.refresh.window.jitter = 0.05
	sasl.login.retry.backoff.max.ms = 10000
	sasl.login.retry.backoff.ms = 100
	sasl.mechanism = GSSAPI
	sasl.oauthbearer.clock.skew.seconds = 30
	sasl.oauthbearer.expected.audience = null
	sasl.oauthbearer.expected.issuer = null
	sasl.oauthbearer.header.urlencode = false
	sasl.oauthbearer.jwks.endpoint.refresh.ms = 3600000
	sasl.oauthbearer.jwks.endpoint.retry.backoff.max.ms = 10000
	sasl.oauthbearer.jwks.endpoint.retry.backoff.ms = 100
	sasl.oauthbearer.jwks.endpoint.url = null
	sasl.oauthbearer.scope.claim.name = scope
	sasl.oauthbearer.sub.claim.name = sub
	sasl.oauthbearer.token.endpoint.url = null
	security.protocol = PLAINTEXT
	security.providers = null
	send.buffer.bytes = 131072
	session.timeout.ms = 45000
	socket.connection.setup.timeout.max.ms = 30000
	socket.connection.setup.timeout.ms = 10000
	ssl.cipher.suites = null
	ssl.enabled.protocols = [TLSv1.2, TLSv1.3]
	ssl.endpoint.identification.algorithm = https
	ssl.engine.factory.class = null
	ssl.key.password = null
	ssl.keymanager.algorithm = SunX509
	ssl.keystore.certificate.chain = null
	ssl.keystore.key = null
	ssl.keystore.location = null
	ssl.keystore.password = null
	ssl.keystore.type = JKS
	ssl.protocol = TLSv1.3
	ssl.provider = null
	ssl.secure.random.implementation = null
	ssl.trustmanager.algorithm = PKIX
	ssl.truststore.certificates = null
	ssl.truststore.location = null
	ssl.truststore.password = null
	ssl.truststore.type = JKS
	value.deserializer = class io.apicurio.registry.serde.avro.AvroKafkaDeserializer

2025-07-31 16:59:46,220 INFO  [org.apa.kaf.com.tel.int.KafkaMetricsCollector] (main) initializing Kafka metrics collector
2025-07-31 16:59:46,225 INFO  [org.apa.kaf.cli.con.ConsumerConfig] (main) These configurations '[apicurio.registry.url]' were supplied but are not used yet.
2025-07-31 16:59:46,225 INFO  [org.apa.kaf.com.uti.AppInfoParser] (main) Kafka version: 3.9.1
2025-07-31 16:59:46,225 INFO  [org.apa.kaf.com.uti.AppInfoParser] (main) Kafka commitId: f745dfdcee2b9851
2025-07-31 16:59:46,225 INFO  [org.apa.kaf.com.uti.AppInfoParser] (main) Kafka startTimeMs: 1753981186225
2025-07-31 16:59:46,225 INFO  [io.api.tes.ser.api.KafkaSerdesTester] (Thread-707) Sending message {"key11753981185086": "value-0"} to topic topic-2753e609_3eef_44b4_a2ec_893da1c2be57
2025-07-31 16:59:46,231 INFO  [DefaultSchemaResolver] (Thread-707) Retrieving schema content using string: {"type":"record","name":"myrecordconfluent","fields":[{"name":"key11753981185086","type":"string"}]}
2025-07-31 16:59:46,291 INFO  [io.api.tes.ser.api.KafkaSerdesTester] (Thread-707) Sending message {"key11753981185086": "value-1"} to topic topic-2753e609_3eef_44b4_a2ec_893da1c2be57
2025-07-31 16:59:46,293 INFO  [io.api.tes.ser.api.KafkaSerdesTester] (Thread-707) Sending message {"key11753981185086": "value-2"} to topic topic-2753e609_3eef_44b4_a2ec_893da1c2be57
2025-07-31 16:59:46,296 INFO  [io.api.tes.ser.api.KafkaSerdesTester] (Thread-707) Sending message {"key11753981185086": "value-3"} to topic topic-2753e609_3eef_44b4_a2ec_893da1c2be57
2025-07-31 16:59:46,300 INFO  [io.api.tes.ser.api.KafkaSerdesTester] (Thread-707) Sending message {"key11753981185086": "value-4"} to topic topic-2753e609_3eef_44b4_a2ec_893da1c2be57
2025-07-31 16:59:46,313 INFO  [io.api.tes.ser.api.KafkaSerdesTester] (Thread-707) Sending message {"key11753981185086": "value-5"} to topic topic-2753e609_3eef_44b4_a2ec_893da1c2be57
2025-07-31 16:59:46,317 INFO  [io.api.tes.ser.api.KafkaSerdesTester] (Thread-707) Sending message {"key11753981185086": "value-6"} to topic topic-2753e609_3eef_44b4_a2ec_893da1c2be57
2025-07-31 16:59:46,319 INFO  [io.api.tes.ser.api.KafkaSerdesTester] (Thread-707) Sending message {"key11753981185086": "value-7"} to topic topic-2753e609_3eef_44b4_a2ec_893da1c2be57
2025-07-31 16:59:46,321 INFO  [io.api.tes.ser.api.KafkaSerdesTester] (Thread-707) Sending message {"key11753981185086": "value-8"} to topic topic-2753e609_3eef_44b4_a2ec_893da1c2be57
2025-07-31 16:59:46,322 INFO  [io.api.tes.ser.api.KafkaSerdesTester] (Thread-707) Sending message {"key11753981185086": "value-9"} to topic topic-2753e609_3eef_44b4_a2ec_893da1c2be57
2025-07-31 16:59:46,327 INFO  [io.api.tes.ser.api.KafkaSerdesTester] (Thread-707) Produced 10 messages
2025-07-31 16:59:46,327 INFO  [org.apa.kaf.cli.pro.KafkaProducer] (Thread-707) [Producer clientId=Producer-topic-2753e609_3eef_44b4_a2ec_893da1c2be57] Closing the Kafka producer with timeoutMillis = 9223372036854775807 ms.
2025-07-31 16:59:46,332 INFO  [org.apa.kaf.com.met.Metrics] (Thread-707) Metrics scheduler closed
2025-07-31 16:59:46,332 INFO  [org.apa.kaf.com.met.Metrics] (Thread-707) Closing reporter org.apache.kafka.common.metrics.JmxReporter
2025-07-31 16:59:46,332 INFO  [org.apa.kaf.com.met.Metrics] (Thread-707) Closing reporter org.apache.kafka.common.telemetry.internals.ClientTelemetryReporter
2025-07-31 16:59:46,332 INFO  [org.apa.kaf.com.met.Metrics] (Thread-707) Metrics reporters closed
2025-07-31 16:59:46,332 INFO  [org.apa.kaf.com.uti.AppInfoParser] (Thread-707) App info kafka.producer for Producer-topic-2753e609_3eef_44b4_a2ec_893da1c2be57 unregistered
2025-07-31 16:59:46,334 INFO  [io.api.tes.ser.api.KafkaSerdesTester] (Thread-708) Sending message {"key11753981185086": "value-0"} to topic topic-26b7a6d6_3083_4fbd_ba73_bee6e1c52f44
2025-07-31 16:59:46,340 INFO  [DefaultSchemaResolver] (Thread-708) Retrieving schema content using string: {"type":"record","name":"myrecordconfluent","fields":[{"name":"key11753981185086","type":"string"}]}
2025-07-31 16:59:46,396 INFO  [io.api.tes.ser.api.KafkaSerdesTester] (Thread-708) Sending message {"key11753981185086": "value-1"} to topic topic-26b7a6d6_3083_4fbd_ba73_bee6e1c52f44
2025-07-31 16:59:46,398 INFO  [io.api.tes.ser.api.KafkaSerdesTester] (Thread-708) Sending message {"key11753981185086": "value-2"} to topic topic-26b7a6d6_3083_4fbd_ba73_bee6e1c52f44
2025-07-31 16:59:46,399 INFO  [io.api.tes.ser.api.KafkaSerdesTester] (Thread-708) Sending message {"key11753981185086": "value-3"} to topic topic-26b7a6d6_3083_4fbd_ba73_bee6e1c52f44
2025-07-31 16:59:46,400 INFO  [io.api.tes.ser.api.KafkaSerdesTester] (Thread-708) Sending message {"key11753981185086": "value-4"} to topic topic-26b7a6d6_3083_4fbd_ba73_bee6e1c52f44
2025-07-31 16:59:46,401 INFO  [io.api.tes.ser.api.KafkaSerdesTester] (Thread-708) Sending message {"key11753981185086": "value-5"} to topic topic-26b7a6d6_3083_4fbd_ba73_bee6e1c52f44
2025-07-31 16:59:46,402 INFO  [io.api.tes.ser.api.KafkaSerdesTester] (Thread-708) Sending message {"key11753981185086": "value-6"} to topic topic-26b7a6d6_3083_4fbd_ba73_bee6e1c52f44
2025-07-31 16:59:46,404 INFO  [io.api.tes.ser.api.KafkaSerdesTester] (Thread-708) Sending message {"key11753981185086": "value-7"} to topic topic-26b7a6d6_3083_4fbd_ba73_bee6e1c52f44
2025-07-31 16:59:46,404 INFO  [io.api.tes.ser.api.KafkaSerdesTester] (Thread-708) Sending message {"key11753981185086": "value-8"} to topic topic-26b7a6d6_3083_4fbd_ba73_bee6e1c52f44
2025-07-31 16:59:46,406 INFO  [io.api.tes.ser.api.KafkaSerdesTester] (Thread-708) Sending message {"key11753981185086": "value-9"} to topic topic-26b7a6d6_3083_4fbd_ba73_bee6e1c52f44
2025-07-31 16:59:46,407 INFO  [io.api.tes.ser.api.KafkaSerdesTester] (Thread-708) Produced 10 messages
2025-07-31 16:59:46,407 INFO  [org.apa.kaf.cli.pro.KafkaProducer] (Thread-708) [Producer clientId=Producer-topic-26b7a6d6_3083_4fbd_ba73_bee6e1c52f44] Closing the Kafka producer with timeoutMillis = 9223372036854775807 ms.
2025-07-31 16:59:46,410 INFO  [org.apa.kaf.com.met.Metrics] (Thread-708) Metrics scheduler closed
2025-07-31 16:59:46,410 INFO  [org.apa.kaf.com.met.Metrics] (Thread-708) Closing reporter org.apache.kafka.common.metrics.JmxReporter
2025-07-31 16:59:46,410 INFO  [org.apa.kaf.com.met.Metrics] (Thread-708) Closing reporter org.apache.kafka.common.telemetry.internals.ClientTelemetryReporter
2025-07-31 16:59:46,410 INFO  [org.apa.kaf.com.met.Metrics] (Thread-708) Metrics reporters closed
2025-07-31 16:59:46,410 INFO  [org.apa.kaf.com.uti.AppInfoParser] (Thread-708) App info kafka.producer for Producer-topic-26b7a6d6_3083_4fbd_ba73_bee6e1c52f44 unregistered
2025-07-31 16:59:46,412 INFO  [io.api.tes.ser.api.KafkaSerdesTester] (Thread-709) Sending message {"key11753981185086": "value-0"} to topic topic-e14232f0_2b31_4614_9e5d_a3897aafafb8
2025-07-31 16:59:46,416 INFO  [DefaultSchemaResolver] (Thread-709) Retrieving schema content using string: {"type":"record","name":"myrecordconfluent","fields":[{"name":"key11753981185086","type":"string"}]}
2025-07-31 16:59:46,473 INFO  [io.api.tes.ser.api.KafkaSerdesTester] (Thread-709) Sending message {"key11753981185086": "value-1"} to topic topic-e14232f0_2b31_4614_9e5d_a3897aafafb8
2025-07-31 16:59:46,475 INFO  [io.api.tes.ser.api.KafkaSerdesTester] (Thread-709) Sending message {"key11753981185086": "value-2"} to topic topic-e14232f0_2b31_4614_9e5d_a3897aafafb8
2025-07-31 16:59:46,477 INFO  [io.api.tes.ser.api.KafkaSerdesTester] (Thread-709) Sending message {"key11753981185086": "value-3"} to topic topic-e14232f0_2b31_4614_9e5d_a3897aafafb8
2025-07-31 16:59:46,479 INFO  [io.api.tes.ser.api.KafkaSerdesTester] (Thread-709) Sending message {"key11753981185086": "value-4"} to topic topic-e14232f0_2b31_4614_9e5d_a3897aafafb8
2025-07-31 16:59:46,480 INFO  [io.api.tes.ser.api.KafkaSerdesTester] (Thread-709) Sending message {"key11753981185086": "value-5"} to topic topic-e14232f0_2b31_4614_9e5d_a3897aafafb8
2025-07-31 16:59:46,484 INFO  [io.api.tes.ser.api.KafkaSerdesTester] (Thread-709) Sending message {"key11753981185086": "value-6"} to topic topic-e14232f0_2b31_4614_9e5d_a3897aafafb8
2025-07-31 16:59:46,485 INFO  [io.api.tes.ser.api.KafkaSerdesTester] (Thread-709) Sending message {"key11753981185086": "value-7"} to topic topic-e14232f0_2b31_4614_9e5d_a3897aafafb8
2025-07-31 16:59:46,487 INFO  [io.api.tes.ser.api.KafkaSerdesTester] (Thread-709) Sending message {"key11753981185086": "value-8"} to topic topic-e14232f0_2b31_4614_9e5d_a3897aafafb8
2025-07-31 16:59:46,488 INFO  [io.api.tes.ser.api.KafkaSerdesTester] (Thread-709) Sending message {"key11753981185086": "value-9"} to topic topic-e14232f0_2b31_4614_9e5d_a3897aafafb8
2025-07-31 16:59:46,489 INFO  [io.api.tes.ser.api.KafkaSerdesTester] (Thread-709) Produced 10 messages
2025-07-31 16:59:46,489 INFO  [org.apa.kaf.cli.pro.KafkaProducer] (Thread-709) [Producer clientId=Producer-topic-e14232f0_2b31_4614_9e5d_a3897aafafb8] Closing the Kafka producer with timeoutMillis = 9223372036854775807 ms.
2025-07-31 16:59:46,495 INFO  [org.apa.kaf.com.met.Metrics] (Thread-709) Metrics scheduler closed
2025-07-31 16:59:46,495 INFO  [org.apa.kaf.com.met.Metrics] (Thread-709) Closing reporter org.apache.kafka.common.metrics.JmxReporter
2025-07-31 16:59:46,495 INFO  [org.apa.kaf.com.met.Metrics] (Thread-709) Closing reporter org.apache.kafka.common.telemetry.internals.ClientTelemetryReporter
2025-07-31 16:59:46,495 INFO  [org.apa.kaf.com.met.Metrics] (Thread-709) Metrics reporters closed
2025-07-31 16:59:46,495 INFO  [org.apa.kaf.com.uti.AppInfoParser] (Thread-709) App info kafka.producer for Producer-topic-e14232f0_2b31_4614_9e5d_a3897aafafb8 unregistered
2025-07-31 16:59:46,496 INFO  [org.apa.kaf.cli.con.int.ClassicKafkaConsumer] (Thread-710) [Consumer clientId=consumer-Consumer-topic-2753e609_3eef_44b4_a2ec_893da1c2be57-14, groupId=Consumer-topic-2753e609_3eef_44b4_a2ec_893da1c2be57] Subscribed to topic(s): topic-2753e609_3eef_44b4_a2ec_893da1c2be57
2025-07-31 16:59:46,500 INFO  [org.apa.kaf.cli.Metadata] (Thread-710) [Consumer clientId=consumer-Consumer-topic-2753e609_3eef_44b4_a2ec_893da1c2be57-14, groupId=Consumer-topic-2753e609_3eef_44b4_a2ec_893da1c2be57] Cluster ID: JfHT16fFSb-b502x6d9TJg
2025-07-31 16:59:46,503 INFO  [org.apa.kaf.cli.con.int.ConsumerCoordinator] (Thread-710) [Consumer clientId=consumer-Consumer-topic-2753e609_3eef_44b4_a2ec_893da1c2be57-14, groupId=Consumer-topic-2753e609_3eef_44b4_a2ec_893da1c2be57] Discovered group coordinator localhost:32770 (id: 2147483647 rack: null)
2025-07-31 16:59:46,504 INFO  [org.apa.kaf.cli.con.int.ConsumerCoordinator] (Thread-710) [Consumer clientId=consumer-Consumer-topic-2753e609_3eef_44b4_a2ec_893da1c2be57-14, groupId=Consumer-topic-2753e609_3eef_44b4_a2ec_893da1c2be57] (Re-)joining group
2025-07-31 16:59:46,508 INFO  [org.apa.kaf.cli.con.int.ConsumerCoordinator] (Thread-710) [Consumer clientId=consumer-Consumer-topic-2753e609_3eef_44b4_a2ec_893da1c2be57-14, groupId=Consumer-topic-2753e609_3eef_44b4_a2ec_893da1c2be57] Request joining group due to: need to re-join with the given member-id: consumer-Consumer-topic-2753e609_3eef_44b4_a2ec_893da1c2be57-14-4f508c83-ef3b-4f50-9a68-b1a17b88b983
2025-07-31 16:59:46,508 INFO  [org.apa.kaf.cli.con.int.ConsumerCoordinator] (Thread-710) [Consumer clientId=consumer-Consumer-topic-2753e609_3eef_44b4_a2ec_893da1c2be57-14, groupId=Consumer-topic-2753e609_3eef_44b4_a2ec_893da1c2be57] (Re-)joining group
2025-07-31 16:59:46,511 INFO  [org.apa.kaf.cli.con.int.ConsumerCoordinator] (Thread-710) [Consumer clientId=consumer-Consumer-topic-2753e609_3eef_44b4_a2ec_893da1c2be57-14, groupId=Consumer-topic-2753e609_3eef_44b4_a2ec_893da1c2be57] Successfully joined group with generation Generation{generationId=1, memberId='consumer-Consumer-topic-2753e609_3eef_44b4_a2ec_893da1c2be57-14-4f508c83-ef3b-4f50-9a68-b1a17b88b983', protocol='range'}
2025-07-31 16:59:46,511 INFO  [org.apa.kaf.cli.con.int.ConsumerCoordinator] (Thread-710) [Consumer clientId=consumer-Consumer-topic-2753e609_3eef_44b4_a2ec_893da1c2be57-14, groupId=Consumer-topic-2753e609_3eef_44b4_a2ec_893da1c2be57] Finished assignment for group at generation 1: {consumer-Consumer-topic-2753e609_3eef_44b4_a2ec_893da1c2be57-14-4f508c83-ef3b-4f50-9a68-b1a17b88b983=Assignment(partitions=[topic-2753e609_3eef_44b4_a2ec_893da1c2be57-0])}
2025-07-31 16:59:46,518 INFO  [org.apa.kaf.cli.con.int.ConsumerCoordinator] (Thread-710) [Consumer clientId=consumer-Consumer-topic-2753e609_3eef_44b4_a2ec_893da1c2be57-14, groupId=Consumer-topic-2753e609_3eef_44b4_a2ec_893da1c2be57] Successfully synced group in generation Generation{generationId=1, memberId='consumer-Consumer-topic-2753e609_3eef_44b4_a2ec_893da1c2be57-14-4f508c83-ef3b-4f50-9a68-b1a17b88b983', protocol='range'}
2025-07-31 16:59:46,519 INFO  [org.apa.kaf.cli.con.int.ConsumerCoordinator] (Thread-710) [Consumer clientId=consumer-Consumer-topic-2753e609_3eef_44b4_a2ec_893da1c2be57-14, groupId=Consumer-topic-2753e609_3eef_44b4_a2ec_893da1c2be57] Notifying assignor about the new Assignment(partitions=[topic-2753e609_3eef_44b4_a2ec_893da1c2be57-0])
2025-07-31 16:59:46,519 INFO  [org.apa.kaf.cli.con.int.ConsumerRebalanceListenerInvoker] (Thread-710) [Consumer clientId=consumer-Consumer-topic-2753e609_3eef_44b4_a2ec_893da1c2be57-14, groupId=Consumer-topic-2753e609_3eef_44b4_a2ec_893da1c2be57] Adding newly assigned partitions: topic-2753e609_3eef_44b4_a2ec_893da1c2be57-0
2025-07-31 16:59:46,521 INFO  [org.apa.kaf.cli.con.int.ConsumerCoordinator] (Thread-710) [Consumer clientId=consumer-Consumer-topic-2753e609_3eef_44b4_a2ec_893da1c2be57-14, groupId=Consumer-topic-2753e609_3eef_44b4_a2ec_893da1c2be57] Found no committed offset for partition topic-2753e609_3eef_44b4_a2ec_893da1c2be57-0
2025-07-31 16:59:46,525 INFO  [org.apa.kaf.cli.con.int.SubscriptionState] (Thread-710) [Consumer clientId=consumer-Consumer-topic-2753e609_3eef_44b4_a2ec_893da1c2be57-14, groupId=Consumer-topic-2753e609_3eef_44b4_a2ec_893da1c2be57] Resetting offset for partition topic-2753e609_3eef_44b4_a2ec_893da1c2be57-0 to position FetchPosition{offset=0, offsetEpoch=Optional.empty, currentLeader=LeaderAndEpoch{leader=Optional[localhost:32770 (id: 0 rack: null)], epoch=0}}.
2025-07-31 16:59:46,606 INFO  [io.api.tes.ser.api.KafkaSerdesTester] (Thread-710) topic-2753e609_3eef_44b4_a2ec_893da1c2be57 0 0 {"key11753981185086": "value-0"}
2025-07-31 16:59:46,606 INFO  [io.api.tes.ser.api.KafkaSerdesTester] (Thread-710) topic-2753e609_3eef_44b4_a2ec_893da1c2be57 0 1 {"key11753981185086": "value-1"}
2025-07-31 16:59:46,606 INFO  [io.api.tes.ser.api.KafkaSerdesTester] (Thread-710) topic-2753e609_3eef_44b4_a2ec_893da1c2be57 0 2 {"key11753981185086": "value-2"}
2025-07-31 16:59:46,606 INFO  [io.api.tes.ser.api.KafkaSerdesTester] (Thread-710) topic-2753e609_3eef_44b4_a2ec_893da1c2be57 0 3 {"key11753981185086": "value-3"}
2025-07-31 16:59:46,606 INFO  [io.api.tes.ser.api.KafkaSerdesTester] (Thread-710) topic-2753e609_3eef_44b4_a2ec_893da1c2be57 0 4 {"key11753981185086": "value-4"}
2025-07-31 16:59:46,606 INFO  [io.api.tes.ser.api.KafkaSerdesTester] (Thread-710) topic-2753e609_3eef_44b4_a2ec_893da1c2be57 0 5 {"key11753981185086": "value-5"}
2025-07-31 16:59:46,606 INFO  [io.api.tes.ser.api.KafkaSerdesTester] (Thread-710) topic-2753e609_3eef_44b4_a2ec_893da1c2be57 0 6 {"key11753981185086": "value-6"}
2025-07-31 16:59:46,606 INFO  [io.api.tes.ser.api.KafkaSerdesTester] (Thread-710) topic-2753e609_3eef_44b4_a2ec_893da1c2be57 0 7 {"key11753981185086": "value-7"}
2025-07-31 16:59:46,606 INFO  [io.api.tes.ser.api.KafkaSerdesTester] (Thread-710) topic-2753e609_3eef_44b4_a2ec_893da1c2be57 0 8 {"key11753981185086": "value-8"}
2025-07-31 16:59:46,606 INFO  [io.api.tes.ser.api.KafkaSerdesTester] (Thread-710) topic-2753e609_3eef_44b4_a2ec_893da1c2be57 0 9 {"key11753981185086": "value-9"}
2025-07-31 16:59:46,606 INFO  [io.api.tes.ser.api.KafkaSerdesTester] (Thread-710) Consumed 10 messages
2025-07-31 16:59:46,609 INFO  [org.apa.kaf.cli.con.int.ConsumerRebalanceListenerInvoker] (Thread-710) [Consumer clientId=consumer-Consumer-topic-2753e609_3eef_44b4_a2ec_893da1c2be57-14, groupId=Consumer-topic-2753e609_3eef_44b4_a2ec_893da1c2be57] Revoke previously assigned partitions topic-2753e609_3eef_44b4_a2ec_893da1c2be57-0
2025-07-31 16:59:46,609 INFO  [org.apa.kaf.cli.con.int.ConsumerCoordinator] (Thread-710) [Consumer clientId=consumer-Consumer-topic-2753e609_3eef_44b4_a2ec_893da1c2be57-14, groupId=Consumer-topic-2753e609_3eef_44b4_a2ec_893da1c2be57] Member consumer-Consumer-topic-2753e609_3eef_44b4_a2ec_893da1c2be57-14-4f508c83-ef3b-4f50-9a68-b1a17b88b983 sending LeaveGroup request to coordinator localhost:32770 (id: 2147483647 rack: null) due to the consumer is being closed
2025-07-31 16:59:46,609 INFO  [org.apa.kaf.cli.con.int.ConsumerCoordinator] (Thread-710) [Consumer clientId=consumer-Consumer-topic-2753e609_3eef_44b4_a2ec_893da1c2be57-14, groupId=Consumer-topic-2753e609_3eef_44b4_a2ec_893da1c2be57] Resetting generation and member id due to: consumer pro-actively leaving the group
2025-07-31 16:59:46,609 INFO  [org.apa.kaf.cli.con.int.ConsumerCoordinator] (Thread-710) [Consumer clientId=consumer-Consumer-topic-2753e609_3eef_44b4_a2ec_893da1c2be57-14, groupId=Consumer-topic-2753e609_3eef_44b4_a2ec_893da1c2be57] Request joining group due to: consumer pro-actively leaving the group
2025-07-31 16:59:47,110 INFO  [org.apa.kaf.com.met.Metrics] (Thread-710) Metrics scheduler closed
2025-07-31 16:59:47,110 INFO  [org.apa.kaf.com.met.Metrics] (Thread-710) Closing reporter org.apache.kafka.common.metrics.JmxReporter
2025-07-31 16:59:47,110 INFO  [org.apa.kaf.com.met.Metrics] (Thread-710) Closing reporter org.apache.kafka.common.telemetry.internals.ClientTelemetryReporter
2025-07-31 16:59:47,110 INFO  [org.apa.kaf.com.met.Metrics] (Thread-710) Metrics reporters closed
2025-07-31 16:59:47,112 INFO  [org.apa.kaf.com.uti.AppInfoParser] (Thread-710) App info kafka.consumer for consumer-Consumer-topic-2753e609_3eef_44b4_a2ec_893da1c2be57-14 unregistered
2025-07-31 16:59:47,113 INFO  [org.apa.kaf.cli.con.int.ClassicKafkaConsumer] (Thread-711) [Consumer clientId=consumer-Consumer-topic-26b7a6d6_3083_4fbd_ba73_bee6e1c52f44-15, groupId=Consumer-topic-26b7a6d6_3083_4fbd_ba73_bee6e1c52f44] Subscribed to topic(s): topic-26b7a6d6_3083_4fbd_ba73_bee6e1c52f44
2025-07-31 16:59:47,118 INFO  [org.apa.kaf.cli.Metadata] (Thread-711) [Consumer clientId=consumer-Consumer-topic-26b7a6d6_3083_4fbd_ba73_bee6e1c52f44-15, groupId=Consumer-topic-26b7a6d6_3083_4fbd_ba73_bee6e1c52f44] Cluster ID: JfHT16fFSb-b502x6d9TJg
2025-07-31 16:59:47,118 INFO  [org.apa.kaf.cli.con.int.ConsumerCoordinator] (Thread-711) [Consumer clientId=consumer-Consumer-topic-26b7a6d6_3083_4fbd_ba73_bee6e1c52f44-15, groupId=Consumer-topic-26b7a6d6_3083_4fbd_ba73_bee6e1c52f44] Discovered group coordinator localhost:32770 (id: 2147483647 rack: null)
2025-07-31 16:59:47,119 INFO  [org.apa.kaf.cli.con.int.ConsumerCoordinator] (Thread-711) [Consumer clientId=consumer-Consumer-topic-26b7a6d6_3083_4fbd_ba73_bee6e1c52f44-15, groupId=Consumer-topic-26b7a6d6_3083_4fbd_ba73_bee6e1c52f44] (Re-)joining group
2025-07-31 16:59:47,123 INFO  [org.apa.kaf.cli.con.int.ConsumerCoordinator] (Thread-711) [Consumer clientId=consumer-Consumer-topic-26b7a6d6_3083_4fbd_ba73_bee6e1c52f44-15, groupId=Consumer-topic-26b7a6d6_3083_4fbd_ba73_bee6e1c52f44] Request joining group due to: need to re-join with the given member-id: consumer-Consumer-topic-26b7a6d6_3083_4fbd_ba73_bee6e1c52f44-15-a39dd171-5160-4563-bfbc-a851b1507853
2025-07-31 16:59:47,123 INFO  [org.apa.kaf.cli.con.int.ConsumerCoordinator] (Thread-711) [Consumer clientId=consumer-Consumer-topic-26b7a6d6_3083_4fbd_ba73_bee6e1c52f44-15, groupId=Consumer-topic-26b7a6d6_3083_4fbd_ba73_bee6e1c52f44] (Re-)joining group
2025-07-31 16:59:47,128 INFO  [org.apa.kaf.cli.con.int.ConsumerCoordinator] (Thread-711) [Consumer clientId=consumer-Consumer-topic-26b7a6d6_3083_4fbd_ba73_bee6e1c52f44-15, groupId=Consumer-topic-26b7a6d6_3083_4fbd_ba73_bee6e1c52f44] Successfully joined group with generation Generation{generationId=1, memberId='consumer-Consumer-topic-26b7a6d6_3083_4fbd_ba73_bee6e1c52f44-15-a39dd171-5160-4563-bfbc-a851b1507853', protocol='range'}
2025-07-31 16:59:47,128 INFO  [org.apa.kaf.cli.con.int.ConsumerCoordinator] (Thread-711) [Consumer clientId=consumer-Consumer-topic-26b7a6d6_3083_4fbd_ba73_bee6e1c52f44-15, groupId=Consumer-topic-26b7a6d6_3083_4fbd_ba73_bee6e1c52f44] Finished assignment for group at generation 1: {consumer-Consumer-topic-26b7a6d6_3083_4fbd_ba73_bee6e1c52f44-15-a39dd171-5160-4563-bfbc-a851b1507853=Assignment(partitions=[topic-26b7a6d6_3083_4fbd_ba73_bee6e1c52f44-0])}
2025-07-31 16:59:47,131 INFO  [org.apa.kaf.cli.con.int.ConsumerCoordinator] (Thread-711) [Consumer clientId=consumer-Consumer-topic-26b7a6d6_3083_4fbd_ba73_bee6e1c52f44-15, groupId=Consumer-topic-26b7a6d6_3083_4fbd_ba73_bee6e1c52f44] Successfully synced group in generation Generation{generationId=1, memberId='consumer-Consumer-topic-26b7a6d6_3083_4fbd_ba73_bee6e1c52f44-15-a39dd171-5160-4563-bfbc-a851b1507853', protocol='range'}
2025-07-31 16:59:47,131 INFO  [org.apa.kaf.cli.con.int.ConsumerCoordinator] (Thread-711) [Consumer clientId=consumer-Consumer-topic-26b7a6d6_3083_4fbd_ba73_bee6e1c52f44-15, groupId=Consumer-topic-26b7a6d6_3083_4fbd_ba73_bee6e1c52f44] Notifying assignor about the new Assignment(partitions=[topic-26b7a6d6_3083_4fbd_ba73_bee6e1c52f44-0])
2025-07-31 16:59:47,131 INFO  [org.apa.kaf.cli.con.int.ConsumerRebalanceListenerInvoker] (Thread-711) [Consumer clientId=consumer-Consumer-topic-26b7a6d6_3083_4fbd_ba73_bee6e1c52f44-15, groupId=Consumer-topic-26b7a6d6_3083_4fbd_ba73_bee6e1c52f44] Adding newly assigned partitions: topic-26b7a6d6_3083_4fbd_ba73_bee6e1c52f44-0
2025-07-31 16:59:47,132 INFO  [org.apa.kaf.cli.con.int.ConsumerCoordinator] (Thread-711) [Consumer clientId=consumer-Consumer-topic-26b7a6d6_3083_4fbd_ba73_bee6e1c52f44-15, groupId=Consumer-topic-26b7a6d6_3083_4fbd_ba73_bee6e1c52f44] Found no committed offset for partition topic-26b7a6d6_3083_4fbd_ba73_bee6e1c52f44-0
2025-07-31 16:59:47,139 INFO  [org.apa.kaf.cli.con.int.SubscriptionState] (Thread-711) [Consumer clientId=consumer-Consumer-topic-26b7a6d6_3083_4fbd_ba73_bee6e1c52f44-15, groupId=Consumer-topic-26b7a6d6_3083_4fbd_ba73_bee6e1c52f44] Resetting offset for partition topic-26b7a6d6_3083_4fbd_ba73_bee6e1c52f44-0 to position FetchPosition{offset=0, offsetEpoch=Optional.empty, currentLeader=LeaderAndEpoch{leader=Optional[localhost:32770 (id: 0 rack: null)], epoch=0}}.
2025-07-31 16:59:47,217 INFO  [io.api.tes.ser.api.KafkaSerdesTester] (Thread-711) topic-26b7a6d6_3083_4fbd_ba73_bee6e1c52f44 0 0 {"key11753981185086": "value-0"}
2025-07-31 16:59:47,217 INFO  [io.api.tes.ser.api.KafkaSerdesTester] (Thread-711) topic-26b7a6d6_3083_4fbd_ba73_bee6e1c52f44 0 1 {"key11753981185086": "value-1"}
2025-07-31 16:59:47,217 INFO  [io.api.tes.ser.api.KafkaSerdesTester] (Thread-711) topic-26b7a6d6_3083_4fbd_ba73_bee6e1c52f44 0 2 {"key11753981185086": "value-2"}
2025-07-31 16:59:47,217 INFO  [io.api.tes.ser.api.KafkaSerdesTester] (Thread-711) topic-26b7a6d6_3083_4fbd_ba73_bee6e1c52f44 0 3 {"key11753981185086": "value-3"}
2025-07-31 16:59:47,217 INFO  [io.api.tes.ser.api.KafkaSerdesTester] (Thread-711) topic-26b7a6d6_3083_4fbd_ba73_bee6e1c52f44 0 4 {"key11753981185086": "value-4"}
2025-07-31 16:59:47,217 INFO  [io.api.tes.ser.api.KafkaSerdesTester] (Thread-711) topic-26b7a6d6_3083_4fbd_ba73_bee6e1c52f44 0 5 {"key11753981185086": "value-5"}
2025-07-31 16:59:47,217 INFO  [io.api.tes.ser.api.KafkaSerdesTester] (Thread-711) topic-26b7a6d6_3083_4fbd_ba73_bee6e1c52f44 0 6 {"key11753981185086": "value-6"}
2025-07-31 16:59:47,217 INFO  [io.api.tes.ser.api.KafkaSerdesTester] (Thread-711) topic-26b7a6d6_3083_4fbd_ba73_bee6e1c52f44 0 7 {"key11753981185086": "value-7"}
2025-07-31 16:59:47,217 INFO  [io.api.tes.ser.api.KafkaSerdesTester] (Thread-711) topic-26b7a6d6_3083_4fbd_ba73_bee6e1c52f44 0 8 {"key11753981185086": "value-8"}
2025-07-31 16:59:47,217 INFO  [io.api.tes.ser.api.KafkaSerdesTester] (Thread-711) topic-26b7a6d6_3083_4fbd_ba73_bee6e1c52f44 0 9 {"key11753981185086": "value-9"}
2025-07-31 16:59:47,217 INFO  [io.api.tes.ser.api.KafkaSerdesTester] (Thread-711) Consumed 10 messages
2025-07-31 16:59:47,219 INFO  [org.apa.kaf.cli.con.int.ConsumerRebalanceListenerInvoker] (Thread-711) [Consumer clientId=consumer-Consumer-topic-26b7a6d6_3083_4fbd_ba73_bee6e1c52f44-15, groupId=Consumer-topic-26b7a6d6_3083_4fbd_ba73_bee6e1c52f44] Revoke previously assigned partitions topic-26b7a6d6_3083_4fbd_ba73_bee6e1c52f44-0
2025-07-31 16:59:47,219 INFO  [org.apa.kaf.cli.con.int.ConsumerCoordinator] (Thread-711) [Consumer clientId=consumer-Consumer-topic-26b7a6d6_3083_4fbd_ba73_bee6e1c52f44-15, groupId=Consumer-topic-26b7a6d6_3083_4fbd_ba73_bee6e1c52f44] Member consumer-Consumer-topic-26b7a6d6_3083_4fbd_ba73_bee6e1c52f44-15-a39dd171-5160-4563-bfbc-a851b1507853 sending LeaveGroup request to coordinator localhost:32770 (id: 2147483647 rack: null) due to the consumer is being closed
2025-07-31 16:59:47,219 INFO  [org.apa.kaf.cli.con.int.ConsumerCoordinator] (Thread-711) [Consumer clientId=consumer-Consumer-topic-26b7a6d6_3083_4fbd_ba73_bee6e1c52f44-15, groupId=Consumer-topic-26b7a6d6_3083_4fbd_ba73_bee6e1c52f44] Resetting generation and member id due to: consumer pro-actively leaving the group
2025-07-31 16:59:47,219 INFO  [org.apa.kaf.cli.con.int.ConsumerCoordinator] (Thread-711) [Consumer clientId=consumer-Consumer-topic-26b7a6d6_3083_4fbd_ba73_bee6e1c52f44-15, groupId=Consumer-topic-26b7a6d6_3083_4fbd_ba73_bee6e1c52f44] Request joining group due to: consumer pro-actively leaving the group
2025-07-31 16:59:47,720 INFO  [org.apa.kaf.com.met.Metrics] (Thread-711) Metrics scheduler closed
2025-07-31 16:59:47,720 INFO  [org.apa.kaf.com.met.Metrics] (Thread-711) Closing reporter org.apache.kafka.common.metrics.JmxReporter
2025-07-31 16:59:47,720 INFO  [org.apa.kaf.com.met.Metrics] (Thread-711) Closing reporter org.apache.kafka.common.telemetry.internals.ClientTelemetryReporter
2025-07-31 16:59:47,720 INFO  [org.apa.kaf.com.met.Metrics] (Thread-711) Metrics reporters closed
2025-07-31 16:59:47,724 INFO  [org.apa.kaf.com.uti.AppInfoParser] (Thread-711) App info kafka.consumer for consumer-Consumer-topic-26b7a6d6_3083_4fbd_ba73_bee6e1c52f44-15 unregistered
2025-07-31 16:59:47,726 INFO  [org.apa.kaf.cli.con.int.ClassicKafkaConsumer] (Thread-712) [Consumer clientId=consumer-Consumer-topic-e14232f0_2b31_4614_9e5d_a3897aafafb8-16, groupId=Consumer-topic-e14232f0_2b31_4614_9e5d_a3897aafafb8] Subscribed to topic(s): topic-e14232f0_2b31_4614_9e5d_a3897aafafb8
2025-07-31 16:59:47,730 INFO  [org.apa.kaf.cli.Metadata] (Thread-712) [Consumer clientId=consumer-Consumer-topic-e14232f0_2b31_4614_9e5d_a3897aafafb8-16, groupId=Consumer-topic-e14232f0_2b31_4614_9e5d_a3897aafafb8] Cluster ID: JfHT16fFSb-b502x6d9TJg
2025-07-31 16:59:47,730 INFO  [org.apa.kaf.cli.con.int.ConsumerCoordinator] (Thread-712) [Consumer clientId=consumer-Consumer-topic-e14232f0_2b31_4614_9e5d_a3897aafafb8-16, groupId=Consumer-topic-e14232f0_2b31_4614_9e5d_a3897aafafb8] Discovered group coordinator localhost:32770 (id: 2147483647 rack: null)
2025-07-31 16:59:47,732 INFO  [org.apa.kaf.cli.con.int.ConsumerCoordinator] (Thread-712) [Consumer clientId=consumer-Consumer-topic-e14232f0_2b31_4614_9e5d_a3897aafafb8-16, groupId=Consumer-topic-e14232f0_2b31_4614_9e5d_a3897aafafb8] (Re-)joining group
2025-07-31 16:59:47,734 INFO  [org.apa.kaf.cli.con.int.ConsumerCoordinator] (Thread-712) [Consumer clientId=consumer-Consumer-topic-e14232f0_2b31_4614_9e5d_a3897aafafb8-16, groupId=Consumer-topic-e14232f0_2b31_4614_9e5d_a3897aafafb8] Request joining group due to: need to re-join with the given member-id: consumer-Consumer-topic-e14232f0_2b31_4614_9e5d_a3897aafafb8-16-56ab5831-8d06-4aec-bc2a-67137511b406
2025-07-31 16:59:47,734 INFO  [org.apa.kaf.cli.con.int.ConsumerCoordinator] (Thread-712) [Consumer clientId=consumer-Consumer-topic-e14232f0_2b31_4614_9e5d_a3897aafafb8-16, groupId=Consumer-topic-e14232f0_2b31_4614_9e5d_a3897aafafb8] (Re-)joining group
2025-07-31 16:59:47,736 INFO  [org.apa.kaf.cli.con.int.ConsumerCoordinator] (Thread-712) [Consumer clientId=consumer-Consumer-topic-e14232f0_2b31_4614_9e5d_a3897aafafb8-16, groupId=Consumer-topic-e14232f0_2b31_4614_9e5d_a3897aafafb8] Successfully joined group with generation Generation{generationId=1, memberId='consumer-Consumer-topic-e14232f0_2b31_4614_9e5d_a3897aafafb8-16-56ab5831-8d06-4aec-bc2a-67137511b406', protocol='range'}
2025-07-31 16:59:47,736 INFO  [org.apa.kaf.cli.con.int.ConsumerCoordinator] (Thread-712) [Consumer clientId=consumer-Consumer-topic-e14232f0_2b31_4614_9e5d_a3897aafafb8-16, groupId=Consumer-topic-e14232f0_2b31_4614_9e5d_a3897aafafb8] Finished assignment for group at generation 1: {consumer-Consumer-topic-e14232f0_2b31_4614_9e5d_a3897aafafb8-16-56ab5831-8d06-4aec-bc2a-67137511b406=Assignment(partitions=[topic-e14232f0_2b31_4614_9e5d_a3897aafafb8-0])}
2025-07-31 16:59:47,739 INFO  [org.apa.kaf.cli.con.int.ConsumerCoordinator] (Thread-712) [Consumer clientId=consumer-Consumer-topic-e14232f0_2b31_4614_9e5d_a3897aafafb8-16, groupId=Consumer-topic-e14232f0_2b31_4614_9e5d_a3897aafafb8] Successfully synced group in generation Generation{generationId=1, memberId='consumer-Consumer-topic-e14232f0_2b31_4614_9e5d_a3897aafafb8-16-56ab5831-8d06-4aec-bc2a-67137511b406', protocol='range'}
2025-07-31 16:59:47,739 INFO  [org.apa.kaf.cli.con.int.ConsumerCoordinator] (Thread-712) [Consumer clientId=consumer-Consumer-topic-e14232f0_2b31_4614_9e5d_a3897aafafb8-16, groupId=Consumer-topic-e14232f0_2b31_4614_9e5d_a3897aafafb8] Notifying assignor about the new Assignment(partitions=[topic-e14232f0_2b31_4614_9e5d_a3897aafafb8-0])
2025-07-31 16:59:47,739 INFO  [org.apa.kaf.cli.con.int.ConsumerRebalanceListenerInvoker] (Thread-712) [Consumer clientId=consumer-Consumer-topic-e14232f0_2b31_4614_9e5d_a3897aafafb8-16, groupId=Consumer-topic-e14232f0_2b31_4614_9e5d_a3897aafafb8] Adding newly assigned partitions: topic-e14232f0_2b31_4614_9e5d_a3897aafafb8-0
2025-07-31 16:59:47,742 INFO  [org.apa.kaf.cli.con.int.ConsumerCoordinator] (Thread-712) [Consumer clientId=consumer-Consumer-topic-e14232f0_2b31_4614_9e5d_a3897aafafb8-16, groupId=Consumer-topic-e14232f0_2b31_4614_9e5d_a3897aafafb8] Found no committed offset for partition topic-e14232f0_2b31_4614_9e5d_a3897aafafb8-0
2025-07-31 16:59:47,745 INFO  [org.apa.kaf.cli.con.int.SubscriptionState] (Thread-712) [Consumer clientId=consumer-Consumer-topic-e14232f0_2b31_4614_9e5d_a3897aafafb8-16, groupId=Consumer-topic-e14232f0_2b31_4614_9e5d_a3897aafafb8] Resetting offset for partition topic-e14232f0_2b31_4614_9e5d_a3897aafafb8-0 to position FetchPosition{offset=0, offsetEpoch=Optional.empty, currentLeader=LeaderAndEpoch{leader=Optional[localhost:32770 (id: 0 rack: null)], epoch=0}}.
2025-07-31 16:59:47,827 INFO  [io.api.tes.ser.api.KafkaSerdesTester] (Thread-712) topic-e14232f0_2b31_4614_9e5d_a3897aafafb8 0 0 {"key11753981185086": "value-0"}
2025-07-31 16:59:47,827 INFO  [io.api.tes.ser.api.KafkaSerdesTester] (Thread-712) topic-e14232f0_2b31_4614_9e5d_a3897aafafb8 0 1 {"key11753981185086": "value-1"}
2025-07-31 16:59:47,827 INFO  [io.api.tes.ser.api.KafkaSerdesTester] (Thread-712) topic-e14232f0_2b31_4614_9e5d_a3897aafafb8 0 2 {"key11753981185086": "value-2"}
2025-07-31 16:59:47,827 INFO  [io.api.tes.ser.api.KafkaSerdesTester] (Thread-712) topic-e14232f0_2b31_4614_9e5d_a3897aafafb8 0 3 {"key11753981185086": "value-3"}
2025-07-31 16:59:47,827 INFO  [io.api.tes.ser.api.KafkaSerdesTester] (Thread-712) topic-e14232f0_2b31_4614_9e5d_a3897aafafb8 0 4 {"key11753981185086": "value-4"}
2025-07-31 16:59:47,827 INFO  [io.api.tes.ser.api.KafkaSerdesTester] (Thread-712) topic-e14232f0_2b31_4614_9e5d_a3897aafafb8 0 5 {"key11753981185086": "value-5"}
2025-07-31 16:59:47,827 INFO  [io.api.tes.ser.api.KafkaSerdesTester] (Thread-712) topic-e14232f0_2b31_4614_9e5d_a3897aafafb8 0 6 {"key11753981185086": "value-6"}
2025-07-31 16:59:47,827 INFO  [io.api.tes.ser.api.KafkaSerdesTester] (Thread-712) topic-e14232f0_2b31_4614_9e5d_a3897aafafb8 0 7 {"key11753981185086": "value-7"}
2025-07-31 16:59:47,827 INFO  [io.api.tes.ser.api.KafkaSerdesTester] (Thread-712) topic-e14232f0_2b31_4614_9e5d_a3897aafafb8 0 8 {"key11753981185086": "value-8"}
2025-07-31 16:59:47,827 INFO  [io.api.tes.ser.api.KafkaSerdesTester] (Thread-712) topic-e14232f0_2b31_4614_9e5d_a3897aafafb8 0 9 {"key11753981185086": "value-9"}
2025-07-31 16:59:47,828 INFO  [io.api.tes.ser.api.KafkaSerdesTester] (Thread-712) Consumed 10 messages
2025-07-31 16:59:47,829 INFO  [org.apa.kaf.cli.con.int.ConsumerRebalanceListenerInvoker] (Thread-712) [Consumer clientId=consumer-Consumer-topic-e14232f0_2b31_4614_9e5d_a3897aafafb8-16, groupId=Consumer-topic-e14232f0_2b31_4614_9e5d_a3897aafafb8] Revoke previously assigned partitions topic-e14232f0_2b31_4614_9e5d_a3897aafafb8-0
2025-07-31 16:59:47,829 INFO  [org.apa.kaf.cli.con.int.ConsumerCoordinator] (Thread-712) [Consumer clientId=consumer-Consumer-topic-e14232f0_2b31_4614_9e5d_a3897aafafb8-16, groupId=Consumer-topic-e14232f0_2b31_4614_9e5d_a3897aafafb8] Member consumer-Consumer-topic-e14232f0_2b31_4614_9e5d_a3897aafafb8-16-56ab5831-8d06-4aec-bc2a-67137511b406 sending LeaveGroup request to coordinator localhost:32770 (id: 2147483647 rack: null) due to the consumer is being closed
2025-07-31 16:59:47,833 INFO  [org.apa.kaf.cli.con.int.ConsumerCoordinator] (Thread-712) [Consumer clientId=consumer-Consumer-topic-e14232f0_2b31_4614_9e5d_a3897aafafb8-16, groupId=Consumer-topic-e14232f0_2b31_4614_9e5d_a3897aafafb8] Resetting generation and member id due to: consumer pro-actively leaving the group
2025-07-31 16:59:47,833 INFO  [org.apa.kaf.cli.con.int.ConsumerCoordinator] (Thread-712) [Consumer clientId=consumer-Consumer-topic-e14232f0_2b31_4614_9e5d_a3897aafafb8-16, groupId=Consumer-topic-e14232f0_2b31_4614_9e5d_a3897aafafb8] Request joining group due to: consumer pro-actively leaving the group
2025-07-31 16:59:48,329 INFO  [org.apa.kaf.com.met.Metrics] (Thread-712) Metrics scheduler closed
2025-07-31 16:59:48,329 INFO  [org.apa.kaf.com.met.Metrics] (Thread-712) Closing reporter org.apache.kafka.common.metrics.JmxReporter
2025-07-31 16:59:48,329 INFO  [org.apa.kaf.com.met.Metrics] (Thread-712) Closing reporter org.apache.kafka.common.telemetry.internals.ClientTelemetryReporter
2025-07-31 16:59:48,329 INFO  [org.apa.kaf.com.met.Metrics] (Thread-712) Metrics reporters closed
2025-07-31 16:59:48,332 INFO  [org.apa.kaf.com.uti.AppInfoParser] (Thread-712) App info kafka.consumer for consumer-Consumer-topic-e14232f0_2b31_4614_9e5d_a3897aafafb8-16 unregistered
2025-07-31 16:59:48,333 INFO  [io.api.tes.uti.TestSeparator] (main) io.apicurio.tests.serdes.apicurio.AvroSerdeIT.testAvroConfluentForMultipleTopics-FINISHED
2025-07-31 16:59:48,333 INFO  [io.api.tes.uti.TestSeparator] (main) ############################################################################
Test passed: testAvroConfluentForMultipleTopics
]]></system-out>
  </testcase>
  <testcase name="testFirstRequestFailsRateLimited" classname="io.apicurio.tests.serdes.apicurio.AvroSerdeIT" time="1.081">
    <system-out><![CDATA[2025-07-31 16:59:48,334 INFO  [io.api.tes.uti.TestSeparator] (main) ############################################################################
2025-07-31 16:59:48,334 INFO  [io.api.tes.uti.TestSeparator] (main) io.apicurio.tests.serdes.apicurio.AvroSerdeIT.testFirstRequestFailsRateLimited-STARTED
2025-07-31 16:59:48,915 WARN  [org.ecl.jet.ser.AbstractConnector] (main) Acceptors should be <= availableProcessors: NetworkTrafficServerConnector@11cf7dd{HTTP/1.1, (http/1.1, h2c)}{0.0.0.0:0} 
2025-07-31 16:59:49,027 INFO  [org.ecl.jet.ser.Server] (main) jetty-11.0.15; built: 2023-04-11T18:37:53.775Z; git: 5bc5e562c8d05c5862505aebe5cf83a61bdbcb96; jvm 17.0.16+8
2025-07-31 16:59:49,053 INFO  [org.ecl.jet.ser.han.ContextHandler] (main) Started o.e.j.s.ServletContextHandler@5a21746a{/__admin,null,AVAILABLE}
2025-07-31 16:59:49,060 INFO  [org.ecl.jet.ser.han.Con.ROOT] (main) RequestHandlerClass from context returned com.github.tomakehurst.wiremock.http.StubRequestHandler. Normalized mapped under returned 'null'
2025-07-31 16:59:49,061 INFO  [org.ecl.jet.ser.han.ContextHandler] (main) Started o.e.j.s.ServletContextHandler@4d97c12c{/,null,AVAILABLE}
2025-07-31 16:59:49,068 INFO  [org.ecl.jet.ser.AbstractConnector] (main) Started NetworkTrafficServerConnector@11cf7dd{HTTP/1.1, (http/1.1, h2c)}{0.0.0.0:33737}
2025-07-31 16:59:49,070 INFO  [org.ecl.jet.ser.Server] (main) Started Server@11092844{STARTING}[11.0.15,sto=1000] @60783ms
**** Registry Base URL: http://registry-app-inmemory.apps.ci419.apicurio-testing.org:80
2025-07-31 16:59:49,080 INFO  [org.apa.kaf.cli.pro.ProducerConfig] (main) ProducerConfig values: 
	acks = -1
	auto.include.jmx.reporter = true
	batch.size = 16384
	bootstrap.servers = [PLAINTEXT://localhost:32770]
	buffer.memory = 33554432
	client.dns.lookup = use_all_dns_ips
	client.id = Producer-topic-9aa08e03_ff8a_4143_b78d_4785627c1e04
	compression.gzip.level = -1
	compression.lz4.level = 9
	compression.type = none
	compression.zstd.level = 3
	connections.max.idle.ms = 10000
	delivery.timeout.ms = 120000
	enable.idempotence = true
	enable.metrics.push = true
	interceptor.classes = []
	key.serializer = class org.apache.kafka.common.serialization.StringSerializer
	linger.ms = 0
	max.block.ms = 60000
	max.in.flight.requests.per.connection = 5
	max.request.size = 1048576
	metadata.max.age.ms = 300000
	metadata.max.idle.ms = 300000
	metadata.recovery.strategy = none
	metric.reporters = []
	metrics.num.samples = 2
	metrics.recording.level = INFO
	metrics.sample.window.ms = 30000
	partitioner.adaptive.partitioning.enable = true
	partitioner.availability.timeout.ms = 0
	partitioner.class = null
	partitioner.ignore.keys = false
	receive.buffer.bytes = 32768
	reconnect.backoff.max.ms = 1000
	reconnect.backoff.ms = 50
	request.timeout.ms = 5000
	retries = 2147483647
	retry.backoff.max.ms = 1000
	retry.backoff.ms = 100
	sasl.client.callback.handler.class = null
	sasl.jaas.config = null
	sasl.kerberos.kinit.cmd = /usr/bin/kinit
	sasl.kerberos.min.time.before.relogin = 60000
	sasl.kerberos.service.name = null
	sasl.kerberos.ticket.renew.jitter = 0.05
	sasl.kerberos.ticket.renew.window.factor = 0.8
	sasl.login.callback.handler.class = null
	sasl.login.class = null
	sasl.login.connect.timeout.ms = null
	sasl.login.read.timeout.ms = null
	sasl.login.refresh.buffer.seconds = 300
	sasl.login.refresh.min.period.seconds = 60
	sasl.login.refresh.window.factor = 0.8
	sasl.login.refresh.window.jitter = 0.05
	sasl.login.retry.backoff.max.ms = 10000
	sasl.login.retry.backoff.ms = 100
	sasl.mechanism = GSSAPI
	sasl.oauthbearer.clock.skew.seconds = 30
	sasl.oauthbearer.expected.audience = null
	sasl.oauthbearer.expected.issuer = null
	sasl.oauthbearer.header.urlencode = false
	sasl.oauthbearer.jwks.endpoint.refresh.ms = 3600000
	sasl.oauthbearer.jwks.endpoint.retry.backoff.max.ms = 10000
	sasl.oauthbearer.jwks.endpoint.retry.backoff.ms = 100
	sasl.oauthbearer.jwks.endpoint.url = null
	sasl.oauthbearer.scope.claim.name = scope
	sasl.oauthbearer.sub.claim.name = sub
	sasl.oauthbearer.token.endpoint.url = null
	security.protocol = PLAINTEXT
	security.providers = null
	send.buffer.bytes = 131072
	socket.connection.setup.timeout.max.ms = 30000
	socket.connection.setup.timeout.ms = 10000
	ssl.cipher.suites = null
	ssl.enabled.protocols = [TLSv1.2, TLSv1.3]
	ssl.endpoint.identification.algorithm = https
	ssl.engine.factory.class = null
	ssl.key.password = null
	ssl.keymanager.algorithm = SunX509
	ssl.keystore.certificate.chain = null
	ssl.keystore.key = null
	ssl.keystore.location = null
	ssl.keystore.password = null
	ssl.keystore.type = JKS
	ssl.protocol = TLSv1.3
	ssl.provider = null
	ssl.secure.random.implementation = null
	ssl.trustmanager.algorithm = PKIX
	ssl.truststore.certificates = null
	ssl.truststore.location = null
	ssl.truststore.password = null
	ssl.truststore.type = JKS
	transaction.timeout.ms = 60000
	transactional.id = null
	value.serializer = class io.apicurio.registry.serde.avro.AvroKafkaSerializer

2025-07-31 16:59:49,081 INFO  [org.apa.kaf.com.tel.int.KafkaMetricsCollector] (main) initializing Kafka metrics collector
2025-07-31 16:59:49,084 INFO  [org.apa.kaf.cli.pro.KafkaProducer] (main) [Producer clientId=Producer-topic-9aa08e03_ff8a_4143_b78d_4785627c1e04] Instantiated an idempotent producer.
2025-07-31 16:59:49,086 INFO  [org.apa.kaf.cli.pro.ProducerConfig] (main) These configurations '[apicurio.registry.url, apicurio.registry.artifact-resolver-strategy]' were supplied but are not used yet.
2025-07-31 16:59:49,087 INFO  [org.apa.kaf.com.uti.AppInfoParser] (main) Kafka version: 3.9.1
2025-07-31 16:59:49,087 INFO  [org.apa.kaf.com.uti.AppInfoParser] (main) Kafka commitId: f745dfdcee2b9851
2025-07-31 16:59:49,087 INFO  [org.apa.kaf.com.uti.AppInfoParser] (main) Kafka startTimeMs: 1753981189086
2025-07-31 16:59:49,089 INFO  [io.api.tes.ser.api.KafkaSerdesTester] (Thread-723) Sending message {"keyB": "value-0"} to topic topic-9aa08e03_ff8a_4143_b78d_4785627c1e04
2025-07-31 16:59:49,121 WARN  [org.apa.kaf.cli.NetworkClient] (kafka-producer-network-thread | Producer-topic-9aa08e03_ff8a_4143_b78d_4785627c1e04) [Producer clientId=Producer-topic-9aa08e03_ff8a_4143_b78d_4785627c1e04] The metadata response from the cluster reported a recoverable issue with correlation id 2 : {topic-9aa08e03_ff8a_4143_b78d_4785627c1e04=LEADER_NOT_AVAILABLE}
2025-07-31 16:59:49,121 INFO  [org.apa.kaf.cli.Metadata] (kafka-producer-network-thread | Producer-topic-9aa08e03_ff8a_4143_b78d_4785627c1e04) [Producer clientId=Producer-topic-9aa08e03_ff8a_4143_b78d_4785627c1e04] Cluster ID: JfHT16fFSb-b502x6d9TJg
2025-07-31 16:59:49,121 INFO  [org.apa.kaf.cli.pro.int.TransactionManager] (kafka-producer-network-thread | Producer-topic-9aa08e03_ff8a_4143_b78d_4785627c1e04) [Producer clientId=Producer-topic-9aa08e03_ff8a_4143_b78d_4785627c1e04] ProducerId set to 22 with epoch 0
2025-07-31 16:59:49,237 INFO  [DefaultSchemaResolver] (Thread-723) Retrieving schema content using string: {"type":"record","name":"myrecord","namespace":"mygroup","fields":[{"name":"keyB","type":"string"}]}
2025-07-31 16:59:49,395 INFO  [org.apa.kaf.cli.pro.KafkaProducer] (Thread-723) [Producer clientId=Producer-topic-9aa08e03_ff8a_4143_b78d_4785627c1e04] Closing the Kafka producer with timeoutMillis = 9223372036854775807 ms.
2025-07-31 16:59:49,398 INFO  [org.apa.kaf.com.met.Metrics] (Thread-723) Metrics scheduler closed
2025-07-31 16:59:49,398 INFO  [org.apa.kaf.com.met.Metrics] (Thread-723) Closing reporter org.apache.kafka.common.metrics.JmxReporter
2025-07-31 16:59:49,398 INFO  [org.apa.kaf.com.met.Metrics] (Thread-723) Closing reporter org.apache.kafka.common.telemetry.internals.ClientTelemetryReporter
2025-07-31 16:59:49,398 INFO  [org.apa.kaf.com.met.Metrics] (Thread-723) Metrics reporters closed
2025-07-31 16:59:49,398 INFO  [org.apa.kaf.com.uti.AppInfoParser] (Thread-723) App info kafka.producer for Producer-topic-9aa08e03_ff8a_4143_b78d_4785627c1e04 unregistered
2025-07-31 16:59:49,402 INFO  [org.ecl.jet.ser.Server] (main) Stopped Server@11092844{STOPPING}[11.0.15,sto=1000]
2025-07-31 16:59:49,402 INFO  [org.ecl.jet.ser.Server] (main) Shutdown Server@11092844{STOPPING}[11.0.15,sto=1000]
2025-07-31 16:59:49,407 INFO  [org.ecl.jet.ser.AbstractConnector] (main) Stopped NetworkTrafficServerConnector@11cf7dd{HTTP/1.1, (http/1.1, h2c)}{0.0.0.0:0}
2025-07-31 16:59:49,409 INFO  [org.ecl.jet.ser.han.ContextHandler] (main) Stopped o.e.j.s.ServletContextHandler@4d97c12c{/,null,STOPPED}
2025-07-31 16:59:49,409 INFO  [org.ecl.jet.ser.han.ContextHandler] (main) Stopped o.e.j.s.ServletContextHandler@5a21746a{/__admin,null,STOPPED}
2025-07-31 16:59:49,413 INFO  [io.api.tes.uti.TestSeparator] (main) io.apicurio.tests.serdes.apicurio.AvroSerdeIT.testFirstRequestFailsRateLimited-FINISHED
2025-07-31 16:59:49,413 INFO  [io.api.tes.uti.TestSeparator] (main) ############################################################################
Test passed: testFirstRequestFailsRateLimited
]]></system-out>
    <system-err><![CDATA[com.microsoft.kiota.ApiException: the server returned an unexpected status code and no error class is registered for this code 429
	at com.microsoft.kiota.ApiExceptionBuilder.withMessage(ApiExceptionBuilder.java:45)
	at io.kiota.http.vertx.VertXRequestAdapter.throwIfFailedResponse(VertXRequestAdapter.java:370)
	at io.kiota.http.vertx.VertXRequestAdapter.send(VertXRequestAdapter.java:170)
	at io.apicurio.registry.rest.client.search.versions.VersionsRequestBuilder.post(VersionsRequestBuilder.java:94)
	at io.apicurio.registry.resolver.client.RegistryClientFacadeImpl.searchVersionsByContent(RegistryClientFacadeImpl.java:104)
	at io.apicurio.registry.resolver.DefaultSchemaResolver.lambda$handleResolveSchemaByContent$3(DefaultSchemaResolver.java:258)
	at io.apicurio.registry.resolver.cache.ERCache.lambda$getValue$0(ERCache.java:174)
	at io.apicurio.registry.resolver.cache.ERCache.retry(ERCache.java:227)
	at io.apicurio.registry.resolver.cache.ERCache.getValue(ERCache.java:173)
	at io.apicurio.registry.resolver.cache.ERCache.getByContent(ERCache.java:147)
	at io.apicurio.registry.resolver.DefaultSchemaResolver.handleResolveSchemaByContent(DefaultSchemaResolver.java:253)
	at io.apicurio.registry.resolver.DefaultSchemaResolver.getSchemaFromRegistry(DefaultSchemaResolver.java:138)
	at io.apicurio.registry.resolver.DefaultSchemaResolver.lambda$resolveSchema$0(DefaultSchemaResolver.java:84)
	at java.base/java.util.Optional.orElseGet(Optional.java:364)
	at io.apicurio.registry.resolver.DefaultSchemaResolver.resolveSchema(DefaultSchemaResolver.java:84)
	at io.apicurio.registry.serde.AbstractSerializer.serializeData(AbstractSerializer.java:62)
	at io.apicurio.registry.serde.KafkaSerializer.serialize(KafkaSerializer.java:77)
	at org.apache.kafka.clients.producer.KafkaProducer.doSend(KafkaProducer.java:1046)
	at org.apache.kafka.clients.producer.KafkaProducer.send(KafkaProducer.java:993)
	at org.apache.kafka.clients.producer.KafkaProducer.send(KafkaProducer.java:875)
	at io.apicurio.tests.serdes.apicurio.KafkaSerdesTester.lambda$produceMessages$3(KafkaSerdesTester.java:138)
	at java.base/java.util.concurrent.CompletableFuture$AsyncSupply.run(CompletableFuture.java:1768)
	at java.base/java.lang.Thread.run(Thread.java:840)
]]></system-err>
  </testcase>
  <testcase name="testFirstEmptyFieldConfusedAsMagicByte" classname="io.apicurio.tests.serdes.apicurio.AvroSerdeIT" time="0.925">
    <system-out><![CDATA[2025-07-31 16:59:49,415 INFO  [io.api.tes.uti.TestSeparator] (main) ############################################################################
2025-07-31 16:59:49,415 INFO  [io.api.tes.uti.TestSeparator] (main) io.apicurio.tests.serdes.apicurio.AvroSerdeIT.testFirstEmptyFieldConfusedAsMagicByte-STARTED
**** Registry Base URL: http://registry-app-inmemory.apps.ci419.apicurio-testing.org:80
2025-07-31 16:59:49,421 INFO  [org.apa.kaf.cli.pro.ProducerConfig] (main) ProducerConfig values: 
	acks = -1
	auto.include.jmx.reporter = true
	batch.size = 16384
	bootstrap.servers = [PLAINTEXT://localhost:32770]
	buffer.memory = 33554432
	client.dns.lookup = use_all_dns_ips
	client.id = Producer-topic-54ce4d4d_4702_45a8_b26b_0b7b6fd62293
	compression.gzip.level = -1
	compression.lz4.level = 9
	compression.type = none
	compression.zstd.level = 3
	connections.max.idle.ms = 10000
	delivery.timeout.ms = 120000
	enable.idempotence = true
	enable.metrics.push = true
	interceptor.classes = []
	key.serializer = class org.apache.kafka.common.serialization.StringSerializer
	linger.ms = 0
	max.block.ms = 60000
	max.in.flight.requests.per.connection = 5
	max.request.size = 1048576
	metadata.max.age.ms = 300000
	metadata.max.idle.ms = 300000
	metadata.recovery.strategy = none
	metric.reporters = []
	metrics.num.samples = 2
	metrics.recording.level = INFO
	metrics.sample.window.ms = 30000
	partitioner.adaptive.partitioning.enable = true
	partitioner.availability.timeout.ms = 0
	partitioner.class = null
	partitioner.ignore.keys = false
	receive.buffer.bytes = 32768
	reconnect.backoff.max.ms = 1000
	reconnect.backoff.ms = 50
	request.timeout.ms = 5000
	retries = 2147483647
	retry.backoff.max.ms = 1000
	retry.backoff.ms = 100
	sasl.client.callback.handler.class = null
	sasl.jaas.config = null
	sasl.kerberos.kinit.cmd = /usr/bin/kinit
	sasl.kerberos.min.time.before.relogin = 60000
	sasl.kerberos.service.name = null
	sasl.kerberos.ticket.renew.jitter = 0.05
	sasl.kerberos.ticket.renew.window.factor = 0.8
	sasl.login.callback.handler.class = null
	sasl.login.class = null
	sasl.login.connect.timeout.ms = null
	sasl.login.read.timeout.ms = null
	sasl.login.refresh.buffer.seconds = 300
	sasl.login.refresh.min.period.seconds = 60
	sasl.login.refresh.window.factor = 0.8
	sasl.login.refresh.window.jitter = 0.05
	sasl.login.retry.backoff.max.ms = 10000
	sasl.login.retry.backoff.ms = 100
	sasl.mechanism = GSSAPI
	sasl.oauthbearer.clock.skew.seconds = 30
	sasl.oauthbearer.expected.audience = null
	sasl.oauthbearer.expected.issuer = null
	sasl.oauthbearer.header.urlencode = false
	sasl.oauthbearer.jwks.endpoint.refresh.ms = 3600000
	sasl.oauthbearer.jwks.endpoint.retry.backoff.max.ms = 10000
	sasl.oauthbearer.jwks.endpoint.retry.backoff.ms = 100
	sasl.oauthbearer.jwks.endpoint.url = null
	sasl.oauthbearer.scope.claim.name = scope
	sasl.oauthbearer.sub.claim.name = sub
	sasl.oauthbearer.token.endpoint.url = null
	security.protocol = PLAINTEXT
	security.providers = null
	send.buffer.bytes = 131072
	socket.connection.setup.timeout.max.ms = 30000
	socket.connection.setup.timeout.ms = 10000
	ssl.cipher.suites = null
	ssl.enabled.protocols = [TLSv1.2, TLSv1.3]
	ssl.endpoint.identification.algorithm = https
	ssl.engine.factory.class = null
	ssl.key.password = null
	ssl.keymanager.algorithm = SunX509
	ssl.keystore.certificate.chain = null
	ssl.keystore.key = null
	ssl.keystore.location = null
	ssl.keystore.password = null
	ssl.keystore.type = JKS
	ssl.protocol = TLSv1.3
	ssl.provider = null
	ssl.secure.random.implementation = null
	ssl.trustmanager.algorithm = PKIX
	ssl.truststore.certificates = null
	ssl.truststore.location = null
	ssl.truststore.password = null
	ssl.truststore.type = JKS
	transaction.timeout.ms = 60000
	transactional.id = null
	value.serializer = class io.apicurio.registry.serde.avro.AvroKafkaSerializer

2025-07-31 16:59:49,421 INFO  [org.apa.kaf.com.tel.int.KafkaMetricsCollector] (main) initializing Kafka metrics collector
2025-07-31 16:59:49,429 INFO  [org.apa.kaf.cli.pro.KafkaProducer] (main) [Producer clientId=Producer-topic-54ce4d4d_4702_45a8_b26b_0b7b6fd62293] Instantiated an idempotent producer.
2025-07-31 16:59:49,436 INFO  [org.apa.kaf.cli.pro.ProducerConfig] (main) These configurations '[apicurio.registry.url, apicurio.registry.auto-register, apicurio.registry.artifact-resolver-strategy]' were supplied but are not used yet.
2025-07-31 16:59:49,436 INFO  [org.apa.kaf.com.uti.AppInfoParser] (main) Kafka version: 3.9.1
2025-07-31 16:59:49,436 INFO  [org.apa.kaf.com.uti.AppInfoParser] (main) Kafka commitId: f745dfdcee2b9851
2025-07-31 16:59:49,436 INFO  [org.apa.kaf.com.uti.AppInfoParser] (main) Kafka startTimeMs: 1753981189436
2025-07-31 16:59:49,436 INFO  [io.api.tes.ser.api.SimpleSerdesTesterBuilder$SimpleSerdesTester] (main) Using producer configuration: {apicurio.registry.url=http://registry-app-inmemory.apps.ci419.apicurio-testing.org:80/apis/registry/v3, apicurio.registry.auto-register=true, apicurio.registry.artifact-resolver-strategy=io.apicurio.registry.serde.strategy.SimpleTopicIdStrategy, value.serializer=io.apicurio.registry.serde.avro.AvroKafkaSerializer, request.timeout.ms=5000, acks=all, bootstrap.servers=PLAINTEXT://localhost:32770, connections.max.idle.ms=10000, key.serializer=org.apache.kafka.common.serialization.StringSerializer, client.id=Producer-topic-54ce4d4d_4702_45a8_b26b_0b7b6fd62293}
2025-07-31 16:59:49,436 INFO  [io.api.tes.ser.api.SimpleSerdesTesterBuilder$SimpleSerdesTester] (main) Using consumer configuration: {}
2025-07-31 16:59:49,438 INFO  [io.api.tes.ser.api.KafkaSerdesTester] (Thread-726) Sending message {"username": null} to topic topic-54ce4d4d_4702_45a8_b26b_0b7b6fd62293
2025-07-31 16:59:49,461 WARN  [org.apa.kaf.cli.NetworkClient] (kafka-producer-network-thread | Producer-topic-54ce4d4d_4702_45a8_b26b_0b7b6fd62293) [Producer clientId=Producer-topic-54ce4d4d_4702_45a8_b26b_0b7b6fd62293] The metadata response from the cluster reported a recoverable issue with correlation id 2 : {topic-54ce4d4d_4702_45a8_b26b_0b7b6fd62293=LEADER_NOT_AVAILABLE}
2025-07-31 16:59:49,461 INFO  [org.apa.kaf.cli.Metadata] (kafka-producer-network-thread | Producer-topic-54ce4d4d_4702_45a8_b26b_0b7b6fd62293) [Producer clientId=Producer-topic-54ce4d4d_4702_45a8_b26b_0b7b6fd62293] Cluster ID: JfHT16fFSb-b502x6d9TJg
2025-07-31 16:59:49,467 INFO  [org.apa.kaf.cli.pro.int.TransactionManager] (kafka-producer-network-thread | Producer-topic-54ce4d4d_4702_45a8_b26b_0b7b6fd62293) [Producer clientId=Producer-topic-54ce4d4d_4702_45a8_b26b_0b7b6fd62293] ProducerId set to 23 with epoch 0
2025-07-31 16:59:49,631 INFO  [io.api.tes.ser.api.KafkaSerdesTester] (Thread-726) Sending message {"username": null} to topic topic-54ce4d4d_4702_45a8_b26b_0b7b6fd62293
2025-07-31 16:59:49,633 INFO  [io.api.tes.ser.api.KafkaSerdesTester] (Thread-726) Sending message {"username": "value-2"} to topic topic-54ce4d4d_4702_45a8_b26b_0b7b6fd62293
2025-07-31 16:59:49,634 INFO  [io.api.tes.ser.api.KafkaSerdesTester] (Thread-726) Sending message {"username": null} to topic topic-54ce4d4d_4702_45a8_b26b_0b7b6fd62293
2025-07-31 16:59:49,636 INFO  [io.api.tes.ser.api.KafkaSerdesTester] (Thread-726) Sending message {"username": "value-4"} to topic topic-54ce4d4d_4702_45a8_b26b_0b7b6fd62293
2025-07-31 16:59:49,637 INFO  [io.api.tes.ser.api.KafkaSerdesTester] (Thread-726) Sending message {"username": null} to topic topic-54ce4d4d_4702_45a8_b26b_0b7b6fd62293
2025-07-31 16:59:49,638 INFO  [io.api.tes.ser.api.KafkaSerdesTester] (Thread-726) Sending message {"username": "value-6"} to topic topic-54ce4d4d_4702_45a8_b26b_0b7b6fd62293
2025-07-31 16:59:49,639 INFO  [io.api.tes.ser.api.KafkaSerdesTester] (Thread-726) Sending message {"username": null} to topic topic-54ce4d4d_4702_45a8_b26b_0b7b6fd62293
2025-07-31 16:59:49,641 INFO  [io.api.tes.ser.api.KafkaSerdesTester] (Thread-726) Sending message {"username": "value-8"} to topic topic-54ce4d4d_4702_45a8_b26b_0b7b6fd62293
2025-07-31 16:59:49,642 INFO  [io.api.tes.ser.api.KafkaSerdesTester] (Thread-726) Sending message {"username": null} to topic topic-54ce4d4d_4702_45a8_b26b_0b7b6fd62293
2025-07-31 16:59:49,643 INFO  [io.api.tes.ser.api.KafkaSerdesTester] (Thread-726) Produced 10 messages
2025-07-31 16:59:49,643 INFO  [org.apa.kaf.cli.pro.KafkaProducer] (Thread-726) [Producer clientId=Producer-topic-54ce4d4d_4702_45a8_b26b_0b7b6fd62293] Closing the Kafka producer with timeoutMillis = 9223372036854775807 ms.
2025-07-31 16:59:49,646 INFO  [org.apa.kaf.com.met.Metrics] (Thread-726) Metrics scheduler closed
2025-07-31 16:59:49,646 INFO  [org.apa.kaf.com.met.Metrics] (Thread-726) Closing reporter org.apache.kafka.common.metrics.JmxReporter
2025-07-31 16:59:49,646 INFO  [org.apa.kaf.com.met.Metrics] (Thread-726) Closing reporter org.apache.kafka.common.telemetry.internals.ClientTelemetryReporter
2025-07-31 16:59:49,646 INFO  [org.apa.kaf.com.met.Metrics] (Thread-726) Metrics reporters closed
2025-07-31 16:59:49,646 INFO  [org.apa.kaf.com.uti.AppInfoParser] (Thread-726) App info kafka.producer for Producer-topic-54ce4d4d_4702_45a8_b26b_0b7b6fd62293 unregistered
**** Registry Base URL: http://registry-app-inmemory.apps.ci419.apicurio-testing.org:80
2025-07-31 16:59:49,722 INFO  [org.apa.kaf.cli.con.ConsumerConfig] (main) ConsumerConfig values: 
	allow.auto.create.topics = true
	auto.commit.interval.ms = 500
	auto.include.jmx.reporter = true
	auto.offset.reset = earliest
	bootstrap.servers = [PLAINTEXT://localhost:32770]
	check.crcs = true
	client.dns.lookup = use_all_dns_ips
	client.id = consumer-Consumer-topic-54ce4d4d_4702_45a8_b26b_0b7b6fd62293-17
	client.rack = 
	connections.max.idle.ms = 10000
	default.api.timeout.ms = 60000
	enable.auto.commit = true
	enable.metrics.push = true
	exclude.internal.topics = true
	fetch.max.bytes = 52428800
	fetch.max.wait.ms = 500
	fetch.min.bytes = 1
	group.id = Consumer-topic-54ce4d4d_4702_45a8_b26b_0b7b6fd62293
	group.instance.id = null
	group.protocol = classic
	group.remote.assignor = null
	heartbeat.interval.ms = 3000
	interceptor.classes = []
	internal.leave.group.on.close = true
	internal.throw.on.fetch.stable.offset.unsupported = false
	isolation.level = read_uncommitted
	key.deserializer = class org.apache.kafka.common.serialization.StringDeserializer
	max.partition.fetch.bytes = 1048576
	max.poll.interval.ms = 300000
	max.poll.records = 500
	metadata.max.age.ms = 300000
	metadata.recovery.strategy = none
	metric.reporters = []
	metrics.num.samples = 2
	metrics.recording.level = INFO
	metrics.sample.window.ms = 30000
	partition.assignment.strategy = [class org.apache.kafka.clients.consumer.RangeAssignor, class org.apache.kafka.clients.consumer.CooperativeStickyAssignor]
	receive.buffer.bytes = 65536
	reconnect.backoff.max.ms = 1000
	reconnect.backoff.ms = 50
	request.timeout.ms = 5000
	retry.backoff.max.ms = 1000
	retry.backoff.ms = 100
	sasl.client.callback.handler.class = null
	sasl.jaas.config = null
	sasl.kerberos.kinit.cmd = /usr/bin/kinit
	sasl.kerberos.min.time.before.relogin = 60000
	sasl.kerberos.service.name = null
	sasl.kerberos.ticket.renew.jitter = 0.05
	sasl.kerberos.ticket.renew.window.factor = 0.8
	sasl.login.callback.handler.class = null
	sasl.login.class = null
	sasl.login.connect.timeout.ms = null
	sasl.login.read.timeout.ms = null
	sasl.login.refresh.buffer.seconds = 300
	sasl.login.refresh.min.period.seconds = 60
	sasl.login.refresh.window.factor = 0.8
	sasl.login.refresh.window.jitter = 0.05
	sasl.login.retry.backoff.max.ms = 10000
	sasl.login.retry.backoff.ms = 100
	sasl.mechanism = GSSAPI
	sasl.oauthbearer.clock.skew.seconds = 30
	sasl.oauthbearer.expected.audience = null
	sasl.oauthbearer.expected.issuer = null
	sasl.oauthbearer.header.urlencode = false
	sasl.oauthbearer.jwks.endpoint.refresh.ms = 3600000
	sasl.oauthbearer.jwks.endpoint.retry.backoff.max.ms = 10000
	sasl.oauthbearer.jwks.endpoint.retry.backoff.ms = 100
	sasl.oauthbearer.jwks.endpoint.url = null
	sasl.oauthbearer.scope.claim.name = scope
	sasl.oauthbearer.sub.claim.name = sub
	sasl.oauthbearer.token.endpoint.url = null
	security.protocol = PLAINTEXT
	security.providers = null
	send.buffer.bytes = 131072
	session.timeout.ms = 45000
	socket.connection.setup.timeout.max.ms = 30000
	socket.connection.setup.timeout.ms = 10000
	ssl.cipher.suites = null
	ssl.enabled.protocols = [TLSv1.2, TLSv1.3]
	ssl.endpoint.identification.algorithm = https
	ssl.engine.factory.class = null
	ssl.key.password = null
	ssl.keymanager.algorithm = SunX509
	ssl.keystore.certificate.chain = null
	ssl.keystore.key = null
	ssl.keystore.location = null
	ssl.keystore.password = null
	ssl.keystore.type = JKS
	ssl.protocol = TLSv1.3
	ssl.provider = null
	ssl.secure.random.implementation = null
	ssl.trustmanager.algorithm = PKIX
	ssl.truststore.certificates = null
	ssl.truststore.location = null
	ssl.truststore.password = null
	ssl.truststore.type = JKS
	value.deserializer = class io.apicurio.registry.serde.avro.AvroKafkaDeserializer

2025-07-31 16:59:49,722 INFO  [org.apa.kaf.com.tel.int.KafkaMetricsCollector] (main) initializing Kafka metrics collector
2025-07-31 16:59:49,731 INFO  [org.apa.kaf.cli.con.ConsumerConfig] (main) These configurations '[apicurio.registry.url]' were supplied but are not used yet.
2025-07-31 16:59:49,732 INFO  [org.apa.kaf.com.uti.AppInfoParser] (main) Kafka version: 3.9.1
2025-07-31 16:59:49,732 INFO  [org.apa.kaf.com.uti.AppInfoParser] (main) Kafka commitId: f745dfdcee2b9851
2025-07-31 16:59:49,732 INFO  [org.apa.kaf.com.uti.AppInfoParser] (main) Kafka startTimeMs: 1753981189731
2025-07-31 16:59:49,732 INFO  [org.apa.kaf.cli.con.int.ClassicKafkaConsumer] (Thread-729) [Consumer clientId=consumer-Consumer-topic-54ce4d4d_4702_45a8_b26b_0b7b6fd62293-17, groupId=Consumer-topic-54ce4d4d_4702_45a8_b26b_0b7b6fd62293] Subscribed to topic(s): topic-54ce4d4d_4702_45a8_b26b_0b7b6fd62293
2025-07-31 16:59:49,738 INFO  [org.apa.kaf.cli.Metadata] (Thread-729) [Consumer clientId=consumer-Consumer-topic-54ce4d4d_4702_45a8_b26b_0b7b6fd62293-17, groupId=Consumer-topic-54ce4d4d_4702_45a8_b26b_0b7b6fd62293] Cluster ID: JfHT16fFSb-b502x6d9TJg
2025-07-31 16:59:49,738 INFO  [org.apa.kaf.cli.con.int.ConsumerCoordinator] (Thread-729) [Consumer clientId=consumer-Consumer-topic-54ce4d4d_4702_45a8_b26b_0b7b6fd62293-17, groupId=Consumer-topic-54ce4d4d_4702_45a8_b26b_0b7b6fd62293] Discovered group coordinator localhost:32770 (id: 2147483647 rack: null)
2025-07-31 16:59:49,739 INFO  [org.apa.kaf.cli.con.int.ConsumerCoordinator] (Thread-729) [Consumer clientId=consumer-Consumer-topic-54ce4d4d_4702_45a8_b26b_0b7b6fd62293-17, groupId=Consumer-topic-54ce4d4d_4702_45a8_b26b_0b7b6fd62293] (Re-)joining group
2025-07-31 16:59:49,741 INFO  [org.apa.kaf.cli.con.int.ConsumerCoordinator] (Thread-729) [Consumer clientId=consumer-Consumer-topic-54ce4d4d_4702_45a8_b26b_0b7b6fd62293-17, groupId=Consumer-topic-54ce4d4d_4702_45a8_b26b_0b7b6fd62293] Request joining group due to: need to re-join with the given member-id: consumer-Consumer-topic-54ce4d4d_4702_45a8_b26b_0b7b6fd62293-17-71788fae-a44f-470e-98fd-bc82a323d294
2025-07-31 16:59:49,741 INFO  [org.apa.kaf.cli.con.int.ConsumerCoordinator] (Thread-729) [Consumer clientId=consumer-Consumer-topic-54ce4d4d_4702_45a8_b26b_0b7b6fd62293-17, groupId=Consumer-topic-54ce4d4d_4702_45a8_b26b_0b7b6fd62293] (Re-)joining group
2025-07-31 16:59:49,743 INFO  [org.apa.kaf.cli.con.int.ConsumerCoordinator] (Thread-729) [Consumer clientId=consumer-Consumer-topic-54ce4d4d_4702_45a8_b26b_0b7b6fd62293-17, groupId=Consumer-topic-54ce4d4d_4702_45a8_b26b_0b7b6fd62293] Successfully joined group with generation Generation{generationId=1, memberId='consumer-Consumer-topic-54ce4d4d_4702_45a8_b26b_0b7b6fd62293-17-71788fae-a44f-470e-98fd-bc82a323d294', protocol='range'}
2025-07-31 16:59:49,744 INFO  [org.apa.kaf.cli.con.int.ConsumerCoordinator] (Thread-729) [Consumer clientId=consumer-Consumer-topic-54ce4d4d_4702_45a8_b26b_0b7b6fd62293-17, groupId=Consumer-topic-54ce4d4d_4702_45a8_b26b_0b7b6fd62293] Finished assignment for group at generation 1: {consumer-Consumer-topic-54ce4d4d_4702_45a8_b26b_0b7b6fd62293-17-71788fae-a44f-470e-98fd-bc82a323d294=Assignment(partitions=[topic-54ce4d4d_4702_45a8_b26b_0b7b6fd62293-0])}
2025-07-31 16:59:49,746 INFO  [org.apa.kaf.cli.con.int.ConsumerCoordinator] (Thread-729) [Consumer clientId=consumer-Consumer-topic-54ce4d4d_4702_45a8_b26b_0b7b6fd62293-17, groupId=Consumer-topic-54ce4d4d_4702_45a8_b26b_0b7b6fd62293] Successfully synced group in generation Generation{generationId=1, memberId='consumer-Consumer-topic-54ce4d4d_4702_45a8_b26b_0b7b6fd62293-17-71788fae-a44f-470e-98fd-bc82a323d294', protocol='range'}
2025-07-31 16:59:49,746 INFO  [org.apa.kaf.cli.con.int.ConsumerCoordinator] (Thread-729) [Consumer clientId=consumer-Consumer-topic-54ce4d4d_4702_45a8_b26b_0b7b6fd62293-17, groupId=Consumer-topic-54ce4d4d_4702_45a8_b26b_0b7b6fd62293] Notifying assignor about the new Assignment(partitions=[topic-54ce4d4d_4702_45a8_b26b_0b7b6fd62293-0])
2025-07-31 16:59:49,746 INFO  [org.apa.kaf.cli.con.int.ConsumerRebalanceListenerInvoker] (Thread-729) [Consumer clientId=consumer-Consumer-topic-54ce4d4d_4702_45a8_b26b_0b7b6fd62293-17, groupId=Consumer-topic-54ce4d4d_4702_45a8_b26b_0b7b6fd62293] Adding newly assigned partitions: topic-54ce4d4d_4702_45a8_b26b_0b7b6fd62293-0
2025-07-31 16:59:49,747 INFO  [org.apa.kaf.cli.con.int.ConsumerCoordinator] (Thread-729) [Consumer clientId=consumer-Consumer-topic-54ce4d4d_4702_45a8_b26b_0b7b6fd62293-17, groupId=Consumer-topic-54ce4d4d_4702_45a8_b26b_0b7b6fd62293] Found no committed offset for partition topic-54ce4d4d_4702_45a8_b26b_0b7b6fd62293-0
2025-07-31 16:59:49,750 INFO  [org.apa.kaf.cli.con.int.SubscriptionState] (Thread-729) [Consumer clientId=consumer-Consumer-topic-54ce4d4d_4702_45a8_b26b_0b7b6fd62293-17, groupId=Consumer-topic-54ce4d4d_4702_45a8_b26b_0b7b6fd62293] Resetting offset for partition topic-54ce4d4d_4702_45a8_b26b_0b7b6fd62293-0 to position FetchPosition{offset=0, offsetEpoch=Optional.empty, currentLeader=LeaderAndEpoch{leader=Optional[localhost:32770 (id: 0 rack: null)], epoch=0}}.
2025-07-31 16:59:49,833 INFO  [io.api.tes.ser.api.KafkaSerdesTester] (Thread-729) topic-54ce4d4d_4702_45a8_b26b_0b7b6fd62293 0 0 {"username": null}
2025-07-31 16:59:49,833 INFO  [io.api.tes.ser.api.KafkaSerdesTester] (Thread-729) topic-54ce4d4d_4702_45a8_b26b_0b7b6fd62293 0 1 {"username": null}
2025-07-31 16:59:49,833 INFO  [io.api.tes.ser.api.KafkaSerdesTester] (Thread-729) topic-54ce4d4d_4702_45a8_b26b_0b7b6fd62293 0 2 {"username": "value-2"}
2025-07-31 16:59:49,833 INFO  [io.api.tes.ser.api.KafkaSerdesTester] (Thread-729) topic-54ce4d4d_4702_45a8_b26b_0b7b6fd62293 0 3 {"username": null}
2025-07-31 16:59:49,833 INFO  [io.api.tes.ser.api.KafkaSerdesTester] (Thread-729) topic-54ce4d4d_4702_45a8_b26b_0b7b6fd62293 0 4 {"username": "value-4"}
2025-07-31 16:59:49,833 INFO  [io.api.tes.ser.api.KafkaSerdesTester] (Thread-729) topic-54ce4d4d_4702_45a8_b26b_0b7b6fd62293 0 5 {"username": null}
2025-07-31 16:59:49,834 INFO  [io.api.tes.ser.api.KafkaSerdesTester] (Thread-729) topic-54ce4d4d_4702_45a8_b26b_0b7b6fd62293 0 6 {"username": "value-6"}
2025-07-31 16:59:49,834 INFO  [io.api.tes.ser.api.KafkaSerdesTester] (Thread-729) topic-54ce4d4d_4702_45a8_b26b_0b7b6fd62293 0 7 {"username": null}
2025-07-31 16:59:49,835 INFO  [io.api.tes.ser.api.KafkaSerdesTester] (Thread-729) topic-54ce4d4d_4702_45a8_b26b_0b7b6fd62293 0 8 {"username": "value-8"}
2025-07-31 16:59:49,835 INFO  [io.api.tes.ser.api.KafkaSerdesTester] (Thread-729) topic-54ce4d4d_4702_45a8_b26b_0b7b6fd62293 0 9 {"username": null}
2025-07-31 16:59:49,835 INFO  [io.api.tes.ser.api.KafkaSerdesTester] (Thread-729) Consumed 10 messages
2025-07-31 16:59:49,837 INFO  [org.apa.kaf.cli.con.int.ConsumerRebalanceListenerInvoker] (Thread-729) [Consumer clientId=consumer-Consumer-topic-54ce4d4d_4702_45a8_b26b_0b7b6fd62293-17, groupId=Consumer-topic-54ce4d4d_4702_45a8_b26b_0b7b6fd62293] Revoke previously assigned partitions topic-54ce4d4d_4702_45a8_b26b_0b7b6fd62293-0
2025-07-31 16:59:49,837 INFO  [org.apa.kaf.cli.con.int.ConsumerCoordinator] (Thread-729) [Consumer clientId=consumer-Consumer-topic-54ce4d4d_4702_45a8_b26b_0b7b6fd62293-17, groupId=Consumer-topic-54ce4d4d_4702_45a8_b26b_0b7b6fd62293] Member consumer-Consumer-topic-54ce4d4d_4702_45a8_b26b_0b7b6fd62293-17-71788fae-a44f-470e-98fd-bc82a323d294 sending LeaveGroup request to coordinator localhost:32770 (id: 2147483647 rack: null) due to the consumer is being closed
2025-07-31 16:59:49,838 INFO  [org.apa.kaf.cli.con.int.ConsumerCoordinator] (Thread-729) [Consumer clientId=consumer-Consumer-topic-54ce4d4d_4702_45a8_b26b_0b7b6fd62293-17, groupId=Consumer-topic-54ce4d4d_4702_45a8_b26b_0b7b6fd62293] Resetting generation and member id due to: consumer pro-actively leaving the group
2025-07-31 16:59:49,838 INFO  [org.apa.kaf.cli.con.int.ConsumerCoordinator] (Thread-729) [Consumer clientId=consumer-Consumer-topic-54ce4d4d_4702_45a8_b26b_0b7b6fd62293-17, groupId=Consumer-topic-54ce4d4d_4702_45a8_b26b_0b7b6fd62293] Request joining group due to: consumer pro-actively leaving the group
2025-07-31 16:59:50,336 INFO  [org.apa.kaf.com.met.Metrics] (Thread-729) Metrics scheduler closed
2025-07-31 16:59:50,336 INFO  [org.apa.kaf.com.met.Metrics] (Thread-729) Closing reporter org.apache.kafka.common.metrics.JmxReporter
2025-07-31 16:59:50,336 INFO  [org.apa.kaf.com.met.Metrics] (Thread-729) Closing reporter org.apache.kafka.common.telemetry.internals.ClientTelemetryReporter
2025-07-31 16:59:50,336 INFO  [org.apa.kaf.com.met.Metrics] (Thread-729) Metrics reporters closed
2025-07-31 16:59:50,338 INFO  [org.apa.kaf.com.uti.AppInfoParser] (Thread-729) App info kafka.consumer for consumer-Consumer-topic-54ce4d4d_4702_45a8_b26b_0b7b6fd62293-17 unregistered
2025-07-31 16:59:50,338 INFO  [io.api.tes.uti.TestSeparator] (main) io.apicurio.tests.serdes.apicurio.AvroSerdeIT.testFirstEmptyFieldConfusedAsMagicByte-FINISHED
2025-07-31 16:59:50,338 INFO  [io.api.tes.uti.TestSeparator] (main) ############################################################################
Test passed: testFirstEmptyFieldConfusedAsMagicByte
]]></system-out>
  </testcase>
  <testcase name="testAvroSerDesFailDifferentSchemaByContent" classname="io.apicurio.tests.serdes.apicurio.AvroSerdeIT" time="1.177">
    <system-out><![CDATA[2025-07-31 16:59:50,342 INFO  [io.api.tes.uti.TestSeparator] (main) ############################################################################
2025-07-31 16:59:50,342 INFO  [io.api.tes.uti.TestSeparator] (main) io.apicurio.tests.serdes.apicurio.AvroSerdeIT.testAvroSerDesFailDifferentSchemaByContent-STARTED
**** Registry Base URL: http://registry-app-inmemory.apps.ci419.apicurio-testing.org:80
2025-07-31 16:59:51,404 INFO  [org.apa.kaf.cli.pro.ProducerConfig] (main) ProducerConfig values: 
	acks = -1
	auto.include.jmx.reporter = true
	batch.size = 16384
	bootstrap.servers = [PLAINTEXT://localhost:32770]
	buffer.memory = 33554432
	client.dns.lookup = use_all_dns_ips
	client.id = Producer-topic-dc3ff9ad_c66d_481a_a4b2_7ef61f3a2dba
	compression.gzip.level = -1
	compression.lz4.level = 9
	compression.type = none
	compression.zstd.level = 3
	connections.max.idle.ms = 10000
	delivery.timeout.ms = 120000
	enable.idempotence = true
	enable.metrics.push = true
	interceptor.classes = []
	key.serializer = class org.apache.kafka.common.serialization.StringSerializer
	linger.ms = 0
	max.block.ms = 60000
	max.in.flight.requests.per.connection = 5
	max.request.size = 1048576
	metadata.max.age.ms = 300000
	metadata.max.idle.ms = 300000
	metadata.recovery.strategy = none
	metric.reporters = []
	metrics.num.samples = 2
	metrics.recording.level = INFO
	metrics.sample.window.ms = 30000
	partitioner.adaptive.partitioning.enable = true
	partitioner.availability.timeout.ms = 0
	partitioner.class = null
	partitioner.ignore.keys = false
	receive.buffer.bytes = 32768
	reconnect.backoff.max.ms = 1000
	reconnect.backoff.ms = 50
	request.timeout.ms = 5000
	retries = 2147483647
	retry.backoff.max.ms = 1000
	retry.backoff.ms = 100
	sasl.client.callback.handler.class = null
	sasl.jaas.config = null
	sasl.kerberos.kinit.cmd = /usr/bin/kinit
	sasl.kerberos.min.time.before.relogin = 60000
	sasl.kerberos.service.name = null
	sasl.kerberos.ticket.renew.jitter = 0.05
	sasl.kerberos.ticket.renew.window.factor = 0.8
	sasl.login.callback.handler.class = null
	sasl.login.class = null
	sasl.login.connect.timeout.ms = null
	sasl.login.read.timeout.ms = null
	sasl.login.refresh.buffer.seconds = 300
	sasl.login.refresh.min.period.seconds = 60
	sasl.login.refresh.window.factor = 0.8
	sasl.login.refresh.window.jitter = 0.05
	sasl.login.retry.backoff.max.ms = 10000
	sasl.login.retry.backoff.ms = 100
	sasl.mechanism = GSSAPI
	sasl.oauthbearer.clock.skew.seconds = 30
	sasl.oauthbearer.expected.audience = null
	sasl.oauthbearer.expected.issuer = null
	sasl.oauthbearer.header.urlencode = false
	sasl.oauthbearer.jwks.endpoint.refresh.ms = 3600000
	sasl.oauthbearer.jwks.endpoint.retry.backoff.max.ms = 10000
	sasl.oauthbearer.jwks.endpoint.retry.backoff.ms = 100
	sasl.oauthbearer.jwks.endpoint.url = null
	sasl.oauthbearer.scope.claim.name = scope
	sasl.oauthbearer.sub.claim.name = sub
	sasl.oauthbearer.token.endpoint.url = null
	security.protocol = PLAINTEXT
	security.providers = null
	send.buffer.bytes = 131072
	socket.connection.setup.timeout.max.ms = 30000
	socket.connection.setup.timeout.ms = 10000
	ssl.cipher.suites = null
	ssl.enabled.protocols = [TLSv1.2, TLSv1.3]
	ssl.endpoint.identification.algorithm = https
	ssl.engine.factory.class = null
	ssl.key.password = null
	ssl.keymanager.algorithm = SunX509
	ssl.keystore.certificate.chain = null
	ssl.keystore.key = null
	ssl.keystore.location = null
	ssl.keystore.password = null
	ssl.keystore.type = JKS
	ssl.protocol = TLSv1.3
	ssl.provider = null
	ssl.secure.random.implementation = null
	ssl.trustmanager.algorithm = PKIX
	ssl.truststore.certificates = null
	ssl.truststore.location = null
	ssl.truststore.password = null
	ssl.truststore.type = JKS
	transaction.timeout.ms = 60000
	transactional.id = null
	value.serializer = class io.apicurio.registry.serde.avro.AvroKafkaSerializer

2025-07-31 16:59:51,405 INFO  [org.apa.kaf.com.tel.int.KafkaMetricsCollector] (main) initializing Kafka metrics collector
2025-07-31 16:59:51,407 INFO  [org.apa.kaf.cli.pro.KafkaProducer] (main) [Producer clientId=Producer-topic-dc3ff9ad_c66d_481a_a4b2_7ef61f3a2dba] Instantiated an idempotent producer.
2025-07-31 16:59:51,410 INFO  [org.apa.kaf.cli.pro.ProducerConfig] (main) These configurations '[apicurio.registry.url, apicurio.registry.artifact-resolver-strategy]' were supplied but are not used yet.
2025-07-31 16:59:51,410 INFO  [org.apa.kaf.com.uti.AppInfoParser] (main) Kafka version: 3.9.1
2025-07-31 16:59:51,410 INFO  [org.apa.kaf.com.uti.AppInfoParser] (main) Kafka commitId: f745dfdcee2b9851
2025-07-31 16:59:51,410 INFO  [org.apa.kaf.com.uti.AppInfoParser] (main) Kafka startTimeMs: 1753981191410
2025-07-31 16:59:51,411 INFO  [io.api.tes.ser.api.KafkaSerdesTester] (Thread-732) Sending message {"keyB": "value-0"} to topic topic-dc3ff9ad_c66d_481a_a4b2_7ef61f3a2dba
2025-07-31 16:59:51,416 INFO  [org.apa.kaf.cli.Metadata] (kafka-producer-network-thread | Producer-topic-dc3ff9ad_c66d_481a_a4b2_7ef61f3a2dba) [Producer clientId=Producer-topic-dc3ff9ad_c66d_481a_a4b2_7ef61f3a2dba] Cluster ID: JfHT16fFSb-b502x6d9TJg
2025-07-31 16:59:51,416 INFO  [org.apa.kaf.cli.pro.int.TransactionManager] (kafka-producer-network-thread | Producer-topic-dc3ff9ad_c66d_481a_a4b2_7ef61f3a2dba) [Producer clientId=Producer-topic-dc3ff9ad_c66d_481a_a4b2_7ef61f3a2dba] ProducerId set to 24 with epoch 0
2025-07-31 16:59:51,418 INFO  [DefaultSchemaResolver] (Thread-732) Retrieving schema content using string: {"type":"record","name":"s56911aa7x76acx4477x834cxa5cbe7c48fb1","namespace":"s74828135x56fbx47d7xa15cx94d04419952b","fields":[{"name":"keyB","type":"string"}]}
2025-07-31 16:59:51,513 INFO  [org.apa.kaf.cli.pro.KafkaProducer] (Thread-732) [Producer clientId=Producer-topic-dc3ff9ad_c66d_481a_a4b2_7ef61f3a2dba] Closing the Kafka producer with timeoutMillis = 9223372036854775807 ms.
2025-07-31 16:59:51,514 INFO  [org.apa.kaf.com.met.Metrics] (Thread-732) Metrics scheduler closed
2025-07-31 16:59:51,514 INFO  [org.apa.kaf.com.met.Metrics] (Thread-732) Closing reporter org.apache.kafka.common.metrics.JmxReporter
2025-07-31 16:59:51,514 INFO  [org.apa.kaf.com.met.Metrics] (Thread-732) Closing reporter org.apache.kafka.common.telemetry.internals.ClientTelemetryReporter
2025-07-31 16:59:51,514 INFO  [org.apa.kaf.com.met.Metrics] (Thread-732) Metrics reporters closed
2025-07-31 16:59:51,515 INFO  [org.apa.kaf.com.uti.AppInfoParser] (Thread-732) App info kafka.producer for Producer-topic-dc3ff9ad_c66d_481a_a4b2_7ef61f3a2dba unregistered
2025-07-31 16:59:51,515 INFO  [io.api.tes.uti.TestSeparator] (main) io.apicurio.tests.serdes.apicurio.AvroSerdeIT.testAvroSerDesFailDifferentSchemaByContent-FINISHED
2025-07-31 16:59:51,515 INFO  [io.api.tes.uti.TestSeparator] (main) ############################################################################
Test passed: testAvroSerDesFailDifferentSchemaByContent
]]></system-out>
    <system-err><![CDATA[java.lang.RuntimeException: Could not resolve artifact reference by content: {"type":"record","name":"s56911aa7x76acx4477x834cxa5cbe7c48fb1","namespace":"s74828135x56fbx47d7xa15cx94d04419952b","fields":[{"name":"keyB","type":"string"}]}&ArtifactReference [groupId=s74828135x56fbx47d7xa15cx94d04419952b, artifactId=s56911aa7x76acx4477x834cxa5cbe7c48fb1, version=null, globalId=null, contentId=null, contentHash=null]
	at io.apicurio.registry.resolver.DefaultSchemaResolver.lambda$handleResolveSchemaByContent$3(DefaultSchemaResolver.java:265)
	at io.apicurio.registry.resolver.cache.ERCache.lambda$getValue$0(ERCache.java:174)
	at io.apicurio.registry.resolver.cache.ERCache.retry(ERCache.java:227)
	at io.apicurio.registry.resolver.cache.ERCache.getValue(ERCache.java:173)
	at io.apicurio.registry.resolver.cache.ERCache.getByContent(ERCache.java:147)
	at io.apicurio.registry.resolver.DefaultSchemaResolver.handleResolveSchemaByContent(DefaultSchemaResolver.java:253)
	at io.apicurio.registry.resolver.DefaultSchemaResolver.getSchemaFromRegistry(DefaultSchemaResolver.java:138)
	at io.apicurio.registry.resolver.DefaultSchemaResolver.lambda$resolveSchema$0(DefaultSchemaResolver.java:84)
	at java.base/java.util.Optional.orElseGet(Optional.java:364)
	at io.apicurio.registry.resolver.DefaultSchemaResolver.resolveSchema(DefaultSchemaResolver.java:84)
	at io.apicurio.registry.serde.AbstractSerializer.serializeData(AbstractSerializer.java:62)
	at io.apicurio.registry.serde.KafkaSerializer.serialize(KafkaSerializer.java:77)
	at org.apache.kafka.clients.producer.KafkaProducer.doSend(KafkaProducer.java:1046)
	at org.apache.kafka.clients.producer.KafkaProducer.send(KafkaProducer.java:993)
	at org.apache.kafka.clients.producer.KafkaProducer.send(KafkaProducer.java:875)
	at io.apicurio.tests.serdes.apicurio.KafkaSerdesTester.lambda$produceMessages$3(KafkaSerdesTester.java:138)
	at java.base/java.util.concurrent.CompletableFuture$AsyncSupply.run(CompletableFuture.java:1768)
	at java.base/java.lang.Thread.run(Thread.java:840)
]]></system-err>
  </testcase>
  <testcase name="testGlobalIdInBody" classname="io.apicurio.tests.serdes.apicurio.AvroSerdeIT" time="0.904">
    <system-out><![CDATA[2025-07-31 16:59:51,517 INFO  [io.api.tes.uti.TestSeparator] (main) ############################################################################
2025-07-31 16:59:51,517 INFO  [io.api.tes.uti.TestSeparator] (main) io.apicurio.tests.serdes.apicurio.AvroSerdeIT.testGlobalIdInBody-STARTED
**** Registry Base URL: http://registry-app-inmemory.apps.ci419.apicurio-testing.org:80
2025-07-31 16:59:51,524 INFO  [org.apa.kaf.cli.pro.ProducerConfig] (main) ProducerConfig values: 
	acks = -1
	auto.include.jmx.reporter = true
	batch.size = 16384
	bootstrap.servers = [PLAINTEXT://localhost:32770]
	buffer.memory = 33554432
	client.dns.lookup = use_all_dns_ips
	client.id = Producer-topic-ba2e6ab2_759d_4ec0_a3ad_8dcf7864a92c
	compression.gzip.level = -1
	compression.lz4.level = 9
	compression.type = none
	compression.zstd.level = 3
	connections.max.idle.ms = 10000
	delivery.timeout.ms = 120000
	enable.idempotence = true
	enable.metrics.push = true
	interceptor.classes = []
	key.serializer = class org.apache.kafka.common.serialization.StringSerializer
	linger.ms = 0
	max.block.ms = 60000
	max.in.flight.requests.per.connection = 5
	max.request.size = 1048576
	metadata.max.age.ms = 300000
	metadata.max.idle.ms = 300000
	metadata.recovery.strategy = none
	metric.reporters = []
	metrics.num.samples = 2
	metrics.recording.level = INFO
	metrics.sample.window.ms = 30000
	partitioner.adaptive.partitioning.enable = true
	partitioner.availability.timeout.ms = 0
	partitioner.class = null
	partitioner.ignore.keys = false
	receive.buffer.bytes = 32768
	reconnect.backoff.max.ms = 1000
	reconnect.backoff.ms = 50
	request.timeout.ms = 5000
	retries = 2147483647
	retry.backoff.max.ms = 1000
	retry.backoff.ms = 100
	sasl.client.callback.handler.class = null
	sasl.jaas.config = null
	sasl.kerberos.kinit.cmd = /usr/bin/kinit
	sasl.kerberos.min.time.before.relogin = 60000
	sasl.kerberos.service.name = null
	sasl.kerberos.ticket.renew.jitter = 0.05
	sasl.kerberos.ticket.renew.window.factor = 0.8
	sasl.login.callback.handler.class = null
	sasl.login.class = null
	sasl.login.connect.timeout.ms = null
	sasl.login.read.timeout.ms = null
	sasl.login.refresh.buffer.seconds = 300
	sasl.login.refresh.min.period.seconds = 60
	sasl.login.refresh.window.factor = 0.8
	sasl.login.refresh.window.jitter = 0.05
	sasl.login.retry.backoff.max.ms = 10000
	sasl.login.retry.backoff.ms = 100
	sasl.mechanism = GSSAPI
	sasl.oauthbearer.clock.skew.seconds = 30
	sasl.oauthbearer.expected.audience = null
	sasl.oauthbearer.expected.issuer = null
	sasl.oauthbearer.header.urlencode = false
	sasl.oauthbearer.jwks.endpoint.refresh.ms = 3600000
	sasl.oauthbearer.jwks.endpoint.retry.backoff.max.ms = 10000
	sasl.oauthbearer.jwks.endpoint.retry.backoff.ms = 100
	sasl.oauthbearer.jwks.endpoint.url = null
	sasl.oauthbearer.scope.claim.name = scope
	sasl.oauthbearer.sub.claim.name = sub
	sasl.oauthbearer.token.endpoint.url = null
	security.protocol = PLAINTEXT
	security.providers = null
	send.buffer.bytes = 131072
	socket.connection.setup.timeout.max.ms = 30000
	socket.connection.setup.timeout.ms = 10000
	ssl.cipher.suites = null
	ssl.enabled.protocols = [TLSv1.2, TLSv1.3]
	ssl.endpoint.identification.algorithm = https
	ssl.engine.factory.class = null
	ssl.key.password = null
	ssl.keymanager.algorithm = SunX509
	ssl.keystore.certificate.chain = null
	ssl.keystore.key = null
	ssl.keystore.location = null
	ssl.keystore.password = null
	ssl.keystore.type = JKS
	ssl.protocol = TLSv1.3
	ssl.provider = null
	ssl.secure.random.implementation = null
	ssl.trustmanager.algorithm = PKIX
	ssl.truststore.certificates = null
	ssl.truststore.location = null
	ssl.truststore.password = null
	ssl.truststore.type = JKS
	transaction.timeout.ms = 60000
	transactional.id = null
	value.serializer = class io.apicurio.registry.serde.avro.AvroKafkaSerializer

2025-07-31 16:59:51,524 INFO  [org.apa.kaf.com.tel.int.KafkaMetricsCollector] (main) initializing Kafka metrics collector
2025-07-31 16:59:51,530 INFO  [org.apa.kaf.cli.pro.KafkaProducer] (main) [Producer clientId=Producer-topic-ba2e6ab2_759d_4ec0_a3ad_8dcf7864a92c] Instantiated an idempotent producer.
2025-07-31 16:59:51,533 INFO  [org.apa.kaf.cli.pro.ProducerConfig] (main) These configurations '[apicurio.registry.url, apicurio.registry.auto-register, apicurio.registry.use-id, apicurio.registry.artifact-resolver-strategy]' were supplied but are not used yet.
2025-07-31 16:59:51,533 INFO  [org.apa.kaf.com.uti.AppInfoParser] (main) Kafka version: 3.9.1
2025-07-31 16:59:51,533 INFO  [org.apa.kaf.com.uti.AppInfoParser] (main) Kafka commitId: f745dfdcee2b9851
2025-07-31 16:59:51,533 INFO  [org.apa.kaf.com.uti.AppInfoParser] (main) Kafka startTimeMs: 1753981191533
2025-07-31 16:59:51,533 INFO  [io.api.tes.ser.api.SimpleSerdesTesterBuilder$SimpleSerdesTester] (main) Using producer configuration: {apicurio.registry.url=http://registry-app-inmemory.apps.ci419.apicurio-testing.org:80/apis/registry/v3, apicurio.registry.auto-register=true, apicurio.registry.use-id=globalId, apicurio.registry.artifact-resolver-strategy=io.apicurio.registry.serde.strategy.TopicIdStrategy, value.serializer=io.apicurio.registry.serde.avro.AvroKafkaSerializer, request.timeout.ms=5000, acks=all, bootstrap.servers=PLAINTEXT://localhost:32770, connections.max.idle.ms=10000, key.serializer=org.apache.kafka.common.serialization.StringSerializer, client.id=Producer-topic-ba2e6ab2_759d_4ec0_a3ad_8dcf7864a92c}
2025-07-31 16:59:51,533 INFO  [io.api.tes.ser.api.SimpleSerdesTesterBuilder$SimpleSerdesTester] (main) Using consumer configuration: {apicurio.registry.use-id=globalId}
2025-07-31 16:59:51,534 INFO  [io.api.tes.ser.api.KafkaSerdesTester] (Thread-735) Sending message {"key11753981191517": "value-0"} to topic topic-ba2e6ab2_759d_4ec0_a3ad_8dcf7864a92c
2025-07-31 16:59:51,545 WARN  [org.apa.kaf.cli.NetworkClient] (kafka-producer-network-thread | Producer-topic-ba2e6ab2_759d_4ec0_a3ad_8dcf7864a92c) [Producer clientId=Producer-topic-ba2e6ab2_759d_4ec0_a3ad_8dcf7864a92c] The metadata response from the cluster reported a recoverable issue with correlation id 2 : {topic-ba2e6ab2_759d_4ec0_a3ad_8dcf7864a92c=LEADER_NOT_AVAILABLE}
2025-07-31 16:59:51,545 INFO  [org.apa.kaf.cli.Metadata] (kafka-producer-network-thread | Producer-topic-ba2e6ab2_759d_4ec0_a3ad_8dcf7864a92c) [Producer clientId=Producer-topic-ba2e6ab2_759d_4ec0_a3ad_8dcf7864a92c] Cluster ID: JfHT16fFSb-b502x6d9TJg
2025-07-31 16:59:51,548 INFO  [org.apa.kaf.cli.pro.int.TransactionManager] (kafka-producer-network-thread | Producer-topic-ba2e6ab2_759d_4ec0_a3ad_8dcf7864a92c) [Producer clientId=Producer-topic-ba2e6ab2_759d_4ec0_a3ad_8dcf7864a92c] ProducerId set to 25 with epoch 0
2025-07-31 16:59:51,723 INFO  [io.api.tes.ser.api.KafkaSerdesTester] (Thread-735) Sending message {"key11753981191517": "value-1"} to topic topic-ba2e6ab2_759d_4ec0_a3ad_8dcf7864a92c
2025-07-31 16:59:51,725 INFO  [io.api.tes.ser.api.KafkaSerdesTester] (Thread-735) Sending message {"key11753981191517": "value-2"} to topic topic-ba2e6ab2_759d_4ec0_a3ad_8dcf7864a92c
2025-07-31 16:59:51,726 INFO  [io.api.tes.ser.api.KafkaSerdesTester] (Thread-735) Sending message {"key11753981191517": "value-3"} to topic topic-ba2e6ab2_759d_4ec0_a3ad_8dcf7864a92c
2025-07-31 16:59:51,729 INFO  [io.api.tes.ser.api.KafkaSerdesTester] (Thread-735) Sending message {"key11753981191517": "value-4"} to topic topic-ba2e6ab2_759d_4ec0_a3ad_8dcf7864a92c
2025-07-31 16:59:51,730 INFO  [io.api.tes.ser.api.KafkaSerdesTester] (Thread-735) Sending message {"key11753981191517": "value-5"} to topic topic-ba2e6ab2_759d_4ec0_a3ad_8dcf7864a92c
2025-07-31 16:59:51,733 INFO  [io.api.tes.ser.api.KafkaSerdesTester] (Thread-735) Sending message {"key11753981191517": "value-6"} to topic topic-ba2e6ab2_759d_4ec0_a3ad_8dcf7864a92c
2025-07-31 16:59:51,735 INFO  [io.api.tes.ser.api.KafkaSerdesTester] (Thread-735) Sending message {"key11753981191517": "value-7"} to topic topic-ba2e6ab2_759d_4ec0_a3ad_8dcf7864a92c
2025-07-31 16:59:51,738 INFO  [io.api.tes.ser.api.KafkaSerdesTester] (Thread-735) Sending message {"key11753981191517": "value-8"} to topic topic-ba2e6ab2_759d_4ec0_a3ad_8dcf7864a92c
2025-07-31 16:59:51,739 INFO  [io.api.tes.ser.api.KafkaSerdesTester] (Thread-735) Sending message {"key11753981191517": "value-9"} to topic topic-ba2e6ab2_759d_4ec0_a3ad_8dcf7864a92c
2025-07-31 16:59:51,743 INFO  [io.api.tes.ser.api.KafkaSerdesTester] (Thread-735) Produced 10 messages
2025-07-31 16:59:51,743 INFO  [org.apa.kaf.cli.pro.KafkaProducer] (Thread-735) [Producer clientId=Producer-topic-ba2e6ab2_759d_4ec0_a3ad_8dcf7864a92c] Closing the Kafka producer with timeoutMillis = 9223372036854775807 ms.
2025-07-31 16:59:51,745 INFO  [org.apa.kaf.com.met.Metrics] (Thread-735) Metrics scheduler closed
2025-07-31 16:59:51,745 INFO  [org.apa.kaf.com.met.Metrics] (Thread-735) Closing reporter org.apache.kafka.common.metrics.JmxReporter
2025-07-31 16:59:51,745 INFO  [org.apa.kaf.com.met.Metrics] (Thread-735) Closing reporter org.apache.kafka.common.telemetry.internals.ClientTelemetryReporter
2025-07-31 16:59:51,745 INFO  [org.apa.kaf.com.met.Metrics] (Thread-735) Metrics reporters closed
2025-07-31 16:59:51,745 INFO  [org.apa.kaf.com.uti.AppInfoParser] (Thread-735) App info kafka.producer for Producer-topic-ba2e6ab2_759d_4ec0_a3ad_8dcf7864a92c unregistered
**** Registry Base URL: http://registry-app-inmemory.apps.ci419.apicurio-testing.org:80
2025-07-31 16:59:51,800 INFO  [org.apa.kaf.cli.con.ConsumerConfig] (main) ConsumerConfig values: 
	allow.auto.create.topics = true
	auto.commit.interval.ms = 500
	auto.include.jmx.reporter = true
	auto.offset.reset = earliest
	bootstrap.servers = [PLAINTEXT://localhost:32770]
	check.crcs = true
	client.dns.lookup = use_all_dns_ips
	client.id = consumer-Consumer-topic-ba2e6ab2_759d_4ec0_a3ad_8dcf7864a92c-18
	client.rack = 
	connections.max.idle.ms = 10000
	default.api.timeout.ms = 60000
	enable.auto.commit = true
	enable.metrics.push = true
	exclude.internal.topics = true
	fetch.max.bytes = 52428800
	fetch.max.wait.ms = 500
	fetch.min.bytes = 1
	group.id = Consumer-topic-ba2e6ab2_759d_4ec0_a3ad_8dcf7864a92c
	group.instance.id = null
	group.protocol = classic
	group.remote.assignor = null
	heartbeat.interval.ms = 3000
	interceptor.classes = []
	internal.leave.group.on.close = true
	internal.throw.on.fetch.stable.offset.unsupported = false
	isolation.level = read_uncommitted
	key.deserializer = class org.apache.kafka.common.serialization.StringDeserializer
	max.partition.fetch.bytes = 1048576
	max.poll.interval.ms = 300000
	max.poll.records = 500
	metadata.max.age.ms = 300000
	metadata.recovery.strategy = none
	metric.reporters = []
	metrics.num.samples = 2
	metrics.recording.level = INFO
	metrics.sample.window.ms = 30000
	partition.assignment.strategy = [class org.apache.kafka.clients.consumer.RangeAssignor, class org.apache.kafka.clients.consumer.CooperativeStickyAssignor]
	receive.buffer.bytes = 65536
	reconnect.backoff.max.ms = 1000
	reconnect.backoff.ms = 50
	request.timeout.ms = 5000
	retry.backoff.max.ms = 1000
	retry.backoff.ms = 100
	sasl.client.callback.handler.class = null
	sasl.jaas.config = null
	sasl.kerberos.kinit.cmd = /usr/bin/kinit
	sasl.kerberos.min.time.before.relogin = 60000
	sasl.kerberos.service.name = null
	sasl.kerberos.ticket.renew.jitter = 0.05
	sasl.kerberos.ticket.renew.window.factor = 0.8
	sasl.login.callback.handler.class = null
	sasl.login.class = null
	sasl.login.connect.timeout.ms = null
	sasl.login.read.timeout.ms = null
	sasl.login.refresh.buffer.seconds = 300
	sasl.login.refresh.min.period.seconds = 60
	sasl.login.refresh.window.factor = 0.8
	sasl.login.refresh.window.jitter = 0.05
	sasl.login.retry.backoff.max.ms = 10000
	sasl.login.retry.backoff.ms = 100
	sasl.mechanism = GSSAPI
	sasl.oauthbearer.clock.skew.seconds = 30
	sasl.oauthbearer.expected.audience = null
	sasl.oauthbearer.expected.issuer = null
	sasl.oauthbearer.header.urlencode = false
	sasl.oauthbearer.jwks.endpoint.refresh.ms = 3600000
	sasl.oauthbearer.jwks.endpoint.retry.backoff.max.ms = 10000
	sasl.oauthbearer.jwks.endpoint.retry.backoff.ms = 100
	sasl.oauthbearer.jwks.endpoint.url = null
	sasl.oauthbearer.scope.claim.name = scope
	sasl.oauthbearer.sub.claim.name = sub
	sasl.oauthbearer.token.endpoint.url = null
	security.protocol = PLAINTEXT
	security.providers = null
	send.buffer.bytes = 131072
	session.timeout.ms = 45000
	socket.connection.setup.timeout.max.ms = 30000
	socket.connection.setup.timeout.ms = 10000
	ssl.cipher.suites = null
	ssl.enabled.protocols = [TLSv1.2, TLSv1.3]
	ssl.endpoint.identification.algorithm = https
	ssl.engine.factory.class = null
	ssl.key.password = null
	ssl.keymanager.algorithm = SunX509
	ssl.keystore.certificate.chain = null
	ssl.keystore.key = null
	ssl.keystore.location = null
	ssl.keystore.password = null
	ssl.keystore.type = JKS
	ssl.protocol = TLSv1.3
	ssl.provider = null
	ssl.secure.random.implementation = null
	ssl.trustmanager.algorithm = PKIX
	ssl.truststore.certificates = null
	ssl.truststore.location = null
	ssl.truststore.password = null
	ssl.truststore.type = JKS
	value.deserializer = class io.apicurio.registry.serde.avro.AvroKafkaDeserializer

2025-07-31 16:59:51,800 INFO  [org.apa.kaf.com.tel.int.KafkaMetricsCollector] (main) initializing Kafka metrics collector
2025-07-31 16:59:51,804 INFO  [org.apa.kaf.cli.con.ConsumerConfig] (main) These configurations '[apicurio.registry.url, apicurio.registry.use-id]' were supplied but are not used yet.
2025-07-31 16:59:51,805 INFO  [org.apa.kaf.com.uti.AppInfoParser] (main) Kafka version: 3.9.1
2025-07-31 16:59:51,805 INFO  [org.apa.kaf.com.uti.AppInfoParser] (main) Kafka commitId: f745dfdcee2b9851
2025-07-31 16:59:51,805 INFO  [org.apa.kaf.com.uti.AppInfoParser] (main) Kafka startTimeMs: 1753981191805
2025-07-31 16:59:51,813 INFO  [org.apa.kaf.cli.con.int.ClassicKafkaConsumer] (Thread-738) [Consumer clientId=consumer-Consumer-topic-ba2e6ab2_759d_4ec0_a3ad_8dcf7864a92c-18, groupId=Consumer-topic-ba2e6ab2_759d_4ec0_a3ad_8dcf7864a92c] Subscribed to topic(s): topic-ba2e6ab2_759d_4ec0_a3ad_8dcf7864a92c
2025-07-31 16:59:51,820 INFO  [org.apa.kaf.cli.Metadata] (Thread-738) [Consumer clientId=consumer-Consumer-topic-ba2e6ab2_759d_4ec0_a3ad_8dcf7864a92c-18, groupId=Consumer-topic-ba2e6ab2_759d_4ec0_a3ad_8dcf7864a92c] Cluster ID: JfHT16fFSb-b502x6d9TJg
2025-07-31 16:59:51,820 INFO  [org.apa.kaf.cli.con.int.ConsumerCoordinator] (Thread-738) [Consumer clientId=consumer-Consumer-topic-ba2e6ab2_759d_4ec0_a3ad_8dcf7864a92c-18, groupId=Consumer-topic-ba2e6ab2_759d_4ec0_a3ad_8dcf7864a92c] Discovered group coordinator localhost:32770 (id: 2147483647 rack: null)
2025-07-31 16:59:51,821 INFO  [org.apa.kaf.cli.con.int.ConsumerCoordinator] (Thread-738) [Consumer clientId=consumer-Consumer-topic-ba2e6ab2_759d_4ec0_a3ad_8dcf7864a92c-18, groupId=Consumer-topic-ba2e6ab2_759d_4ec0_a3ad_8dcf7864a92c] (Re-)joining group
2025-07-31 16:59:51,823 INFO  [org.apa.kaf.cli.con.int.ConsumerCoordinator] (Thread-738) [Consumer clientId=consumer-Consumer-topic-ba2e6ab2_759d_4ec0_a3ad_8dcf7864a92c-18, groupId=Consumer-topic-ba2e6ab2_759d_4ec0_a3ad_8dcf7864a92c] Request joining group due to: need to re-join with the given member-id: consumer-Consumer-topic-ba2e6ab2_759d_4ec0_a3ad_8dcf7864a92c-18-ff499181-c463-4e4c-adeb-e130d062526f
2025-07-31 16:59:51,823 INFO  [org.apa.kaf.cli.con.int.ConsumerCoordinator] (Thread-738) [Consumer clientId=consumer-Consumer-topic-ba2e6ab2_759d_4ec0_a3ad_8dcf7864a92c-18, groupId=Consumer-topic-ba2e6ab2_759d_4ec0_a3ad_8dcf7864a92c] (Re-)joining group
2025-07-31 16:59:51,825 INFO  [org.apa.kaf.cli.con.int.ConsumerCoordinator] (Thread-738) [Consumer clientId=consumer-Consumer-topic-ba2e6ab2_759d_4ec0_a3ad_8dcf7864a92c-18, groupId=Consumer-topic-ba2e6ab2_759d_4ec0_a3ad_8dcf7864a92c] Successfully joined group with generation Generation{generationId=1, memberId='consumer-Consumer-topic-ba2e6ab2_759d_4ec0_a3ad_8dcf7864a92c-18-ff499181-c463-4e4c-adeb-e130d062526f', protocol='range'}
2025-07-31 16:59:51,825 INFO  [org.apa.kaf.cli.con.int.ConsumerCoordinator] (Thread-738) [Consumer clientId=consumer-Consumer-topic-ba2e6ab2_759d_4ec0_a3ad_8dcf7864a92c-18, groupId=Consumer-topic-ba2e6ab2_759d_4ec0_a3ad_8dcf7864a92c] Finished assignment for group at generation 1: {consumer-Consumer-topic-ba2e6ab2_759d_4ec0_a3ad_8dcf7864a92c-18-ff499181-c463-4e4c-adeb-e130d062526f=Assignment(partitions=[topic-ba2e6ab2_759d_4ec0_a3ad_8dcf7864a92c-0])}
2025-07-31 16:59:51,828 INFO  [org.apa.kaf.cli.con.int.ConsumerCoordinator] (Thread-738) [Consumer clientId=consumer-Consumer-topic-ba2e6ab2_759d_4ec0_a3ad_8dcf7864a92c-18, groupId=Consumer-topic-ba2e6ab2_759d_4ec0_a3ad_8dcf7864a92c] Successfully synced group in generation Generation{generationId=1, memberId='consumer-Consumer-topic-ba2e6ab2_759d_4ec0_a3ad_8dcf7864a92c-18-ff499181-c463-4e4c-adeb-e130d062526f', protocol='range'}
2025-07-31 16:59:51,828 INFO  [org.apa.kaf.cli.con.int.ConsumerCoordinator] (Thread-738) [Consumer clientId=consumer-Consumer-topic-ba2e6ab2_759d_4ec0_a3ad_8dcf7864a92c-18, groupId=Consumer-topic-ba2e6ab2_759d_4ec0_a3ad_8dcf7864a92c] Notifying assignor about the new Assignment(partitions=[topic-ba2e6ab2_759d_4ec0_a3ad_8dcf7864a92c-0])
2025-07-31 16:59:51,828 INFO  [org.apa.kaf.cli.con.int.ConsumerRebalanceListenerInvoker] (Thread-738) [Consumer clientId=consumer-Consumer-topic-ba2e6ab2_759d_4ec0_a3ad_8dcf7864a92c-18, groupId=Consumer-topic-ba2e6ab2_759d_4ec0_a3ad_8dcf7864a92c] Adding newly assigned partitions: topic-ba2e6ab2_759d_4ec0_a3ad_8dcf7864a92c-0
2025-07-31 16:59:51,829 INFO  [org.apa.kaf.cli.con.int.ConsumerCoordinator] (Thread-738) [Consumer clientId=consumer-Consumer-topic-ba2e6ab2_759d_4ec0_a3ad_8dcf7864a92c-18, groupId=Consumer-topic-ba2e6ab2_759d_4ec0_a3ad_8dcf7864a92c] Found no committed offset for partition topic-ba2e6ab2_759d_4ec0_a3ad_8dcf7864a92c-0
2025-07-31 16:59:51,832 INFO  [org.apa.kaf.cli.con.int.SubscriptionState] (Thread-738) [Consumer clientId=consumer-Consumer-topic-ba2e6ab2_759d_4ec0_a3ad_8dcf7864a92c-18, groupId=Consumer-topic-ba2e6ab2_759d_4ec0_a3ad_8dcf7864a92c] Resetting offset for partition topic-ba2e6ab2_759d_4ec0_a3ad_8dcf7864a92c-0 to position FetchPosition{offset=0, offsetEpoch=Optional.empty, currentLeader=LeaderAndEpoch{leader=Optional[localhost:32770 (id: 0 rack: null)], epoch=0}}.
2025-07-31 16:59:51,915 INFO  [io.api.tes.ser.api.KafkaSerdesTester] (Thread-738) topic-ba2e6ab2_759d_4ec0_a3ad_8dcf7864a92c 0 0 {"key11753981191517": "value-0"}
2025-07-31 16:59:51,915 INFO  [io.api.tes.ser.api.KafkaSerdesTester] (Thread-738) topic-ba2e6ab2_759d_4ec0_a3ad_8dcf7864a92c 0 1 {"key11753981191517": "value-1"}
2025-07-31 16:59:51,915 INFO  [io.api.tes.ser.api.KafkaSerdesTester] (Thread-738) topic-ba2e6ab2_759d_4ec0_a3ad_8dcf7864a92c 0 2 {"key11753981191517": "value-2"}
2025-07-31 16:59:51,915 INFO  [io.api.tes.ser.api.KafkaSerdesTester] (Thread-738) topic-ba2e6ab2_759d_4ec0_a3ad_8dcf7864a92c 0 3 {"key11753981191517": "value-3"}
2025-07-31 16:59:51,915 INFO  [io.api.tes.ser.api.KafkaSerdesTester] (Thread-738) topic-ba2e6ab2_759d_4ec0_a3ad_8dcf7864a92c 0 4 {"key11753981191517": "value-4"}
2025-07-31 16:59:51,915 INFO  [io.api.tes.ser.api.KafkaSerdesTester] (Thread-738) topic-ba2e6ab2_759d_4ec0_a3ad_8dcf7864a92c 0 5 {"key11753981191517": "value-5"}
2025-07-31 16:59:51,915 INFO  [io.api.tes.ser.api.KafkaSerdesTester] (Thread-738) topic-ba2e6ab2_759d_4ec0_a3ad_8dcf7864a92c 0 6 {"key11753981191517": "value-6"}
2025-07-31 16:59:51,915 INFO  [io.api.tes.ser.api.KafkaSerdesTester] (Thread-738) topic-ba2e6ab2_759d_4ec0_a3ad_8dcf7864a92c 0 7 {"key11753981191517": "value-7"}
2025-07-31 16:59:51,917 INFO  [io.api.tes.ser.api.KafkaSerdesTester] (Thread-738) topic-ba2e6ab2_759d_4ec0_a3ad_8dcf7864a92c 0 8 {"key11753981191517": "value-8"}
2025-07-31 16:59:51,917 INFO  [io.api.tes.ser.api.KafkaSerdesTester] (Thread-738) topic-ba2e6ab2_759d_4ec0_a3ad_8dcf7864a92c 0 9 {"key11753981191517": "value-9"}
2025-07-31 16:59:51,917 INFO  [io.api.tes.ser.api.KafkaSerdesTester] (Thread-738) Consumed 10 messages
2025-07-31 16:59:51,919 INFO  [org.apa.kaf.cli.con.int.ConsumerRebalanceListenerInvoker] (Thread-738) [Consumer clientId=consumer-Consumer-topic-ba2e6ab2_759d_4ec0_a3ad_8dcf7864a92c-18, groupId=Consumer-topic-ba2e6ab2_759d_4ec0_a3ad_8dcf7864a92c] Revoke previously assigned partitions topic-ba2e6ab2_759d_4ec0_a3ad_8dcf7864a92c-0
2025-07-31 16:59:51,919 INFO  [org.apa.kaf.cli.con.int.ConsumerCoordinator] (Thread-738) [Consumer clientId=consumer-Consumer-topic-ba2e6ab2_759d_4ec0_a3ad_8dcf7864a92c-18, groupId=Consumer-topic-ba2e6ab2_759d_4ec0_a3ad_8dcf7864a92c] Member consumer-Consumer-topic-ba2e6ab2_759d_4ec0_a3ad_8dcf7864a92c-18-ff499181-c463-4e4c-adeb-e130d062526f sending LeaveGroup request to coordinator localhost:32770 (id: 2147483647 rack: null) due to the consumer is being closed
2025-07-31 16:59:51,919 INFO  [org.apa.kaf.cli.con.int.ConsumerCoordinator] (Thread-738) [Consumer clientId=consumer-Consumer-topic-ba2e6ab2_759d_4ec0_a3ad_8dcf7864a92c-18, groupId=Consumer-topic-ba2e6ab2_759d_4ec0_a3ad_8dcf7864a92c] Resetting generation and member id due to: consumer pro-actively leaving the group
2025-07-31 16:59:51,919 INFO  [org.apa.kaf.cli.con.int.ConsumerCoordinator] (Thread-738) [Consumer clientId=consumer-Consumer-topic-ba2e6ab2_759d_4ec0_a3ad_8dcf7864a92c-18, groupId=Consumer-topic-ba2e6ab2_759d_4ec0_a3ad_8dcf7864a92c] Request joining group due to: consumer pro-actively leaving the group
2025-07-31 16:59:52,418 INFO  [org.apa.kaf.com.met.Metrics] (Thread-738) Metrics scheduler closed
2025-07-31 16:59:52,418 INFO  [org.apa.kaf.com.met.Metrics] (Thread-738) Closing reporter org.apache.kafka.common.metrics.JmxReporter
2025-07-31 16:59:52,418 INFO  [org.apa.kaf.com.met.Metrics] (Thread-738) Closing reporter org.apache.kafka.common.telemetry.internals.ClientTelemetryReporter
2025-07-31 16:59:52,418 INFO  [org.apa.kaf.com.met.Metrics] (Thread-738) Metrics reporters closed
2025-07-31 16:59:52,420 INFO  [org.apa.kaf.com.uti.AppInfoParser] (Thread-738) App info kafka.consumer for consumer-Consumer-topic-ba2e6ab2_759d_4ec0_a3ad_8dcf7864a92c-18 unregistered
2025-07-31 16:59:52,420 INFO  [io.api.tes.uti.TestSeparator] (main) io.apicurio.tests.serdes.apicurio.AvroSerdeIT.testGlobalIdInBody-FINISHED
2025-07-31 16:59:52,420 INFO  [io.api.tes.uti.TestSeparator] (main) ############################################################################
Test passed: testGlobalIdInBody
]]></system-out>
  </testcase>
  <testcase name="testProducerUsesGlobalIdConsumerUsesDefault" classname="io.apicurio.tests.serdes.apicurio.AvroSerdeIT" time="0.0">
    <skipped message="void io.apicurio.tests.serdes.apicurio.AvroSerdeIT.testProducerUsesGlobalIdConsumerUsesDefault() throws java.lang.Exception is @Disabled"/>
  </testcase>
</testsuite>