<?xml version="1.0" encoding="UTF-8"?>
<testsuite xmlns:xsi="http://www.w3.org/2001/XMLSchema-instance" xsi:noNamespaceSchemaLocation="https://maven.apache.org/surefire/maven-failsafe-plugin/xsd/failsafe-test-report.xsd" version="3.0.2" name="io.apicurio.tests.serdes.apicurio.AvroSerdeIT" time="40.762" tests="21" errors="3" skipped="2" failures="0">
  <properties>
    <property name="java.specification.version" value="17"/>
    <property name="sun.jnu.encoding" value="UTF-8"/>
    <property name="java.class.path" value="/home/runner/work/apicurio-testing/apicurio-testing/clusters/ci419/namespaces/inmemory/tests/integration/apicurio-registry/integration-tests/target/test-classes:/home/runner/work/apicurio-testing/apicurio-testing/clusters/ci419/namespaces/inmemory/tests/integration/apicurio-registry/integration-tests/target/apicurio-registry-integration-tests-3.0.9.jar:/home/runner/.m2/repository/io/quarkus/quarkus-junit5/3.15.4/quarkus-junit5-3.15.4.jar:/home/runner/.m2/repository/io/quarkus/quarkus-bootstrap-core/3.15.4/quarkus-bootstrap-core-3.15.4.jar:/home/runner/.m2/repository/io/quarkus/quarkus-classloader-commons/3.15.4/quarkus-classloader-commons-3.15.4.jar:/home/runner/.m2/repository/io/quarkus/quarkus-bootstrap-app-model/3.15.4/quarkus-bootstrap-app-model-3.15.4.jar:/home/runner/.m2/repository/io/smallrye/common/smallrye-common-io/2.6.1/smallrye-common-io-2.6.1.jar:/home/runner/.m2/repository/org/eclipse/sisu/org.eclipse.sisu.inject/0.9.0.M3/org.eclipse.sisu.inject-0.9.0.M3.jar:/home/runner/.m2/repository/io/quarkus/quarkus-test-common/3.15.4/quarkus-test-common-3.15.4.jar:/home/runner/.m2/repository/io/quarkus/quarkus-core-deployment/3.15.4/quarkus-core-deployment-3.15.4.jar:/home/runner/.m2/repository/org/aesh/readline/2.6/readline-2.6.jar:/home/runner/.m2/repository/org/fusesource/jansi/jansi/2.4.0/jansi-2.4.0.jar:/home/runner/.m2/repository/org/aesh/aesh/2.8.2/aesh-2.8.2.jar:/home/runner/.m2/repository/io/quarkus/gizmo/gizmo/1.8.0/gizmo-1.8.0.jar:/home/runner/.m2/repository/org/ow2/asm/asm-util/9.7/asm-util-9.7.jar:/home/runner/.m2/repository/org/ow2/asm/asm-analysis/9.7/asm-analysis-9.7.jar:/home/runner/.m2/repository/org/ow2/asm/asm-commons/9.7/asm-commons-9.7.jar:/home/runner/.m2/repository/org/ow2/asm/asm-tree/9.7/asm-tree-9.7.jar:/home/runner/.m2/repository/io/quarkus/quarkus-hibernate-validator-spi/3.15.4/quarkus-hibernate-validator-spi-3.15.4.jar:/home/runner/.m2/repository/io/quarkus/quarkus-class-change-agent/3.15.4/quarkus-class-change-agent-3.15.4.jar:/home/runner/.m2/repository/io/quarkus/quarkus-devtools-utilities/3.15.4/quarkus-devtools-utilities-3.15.4.jar:/home/runner/.m2/repository/io/quarkus/quarkus-builder/3.15.4/quarkus-builder-3.15.4.jar:/home/runner/.m2/repository/org/graalvm/sdk/nativeimage/23.1.2/nativeimage-23.1.2.jar:/home/runner/.m2/repository/org/graalvm/sdk/word/23.1.2/word-23.1.2.jar:/home/runner/.m2/repository/io/quarkus/quarkus-bootstrap-maven-resolver/3.15.4/quarkus-bootstrap-maven-resolver-3.15.4.jar:/home/runner/.m2/repository/io/smallrye/beanbag/smallrye-beanbag-maven/1.5.2/smallrye-beanbag-maven-1.5.2.jar:/home/runner/.m2/repository/io/smallrye/beanbag/smallrye-beanbag-sisu/1.5.2/smallrye-beanbag-sisu-1.5.2.jar:/home/runner/.m2/repository/io/smallrye/beanbag/smallrye-beanbag/1.5.2/smallrye-beanbag-1.5.2.jar:/home/runner/.m2/repository/javax/inject/javax.inject/1/javax.inject-1.jar:/home/runner/.m2/repository/org/apache/maven/maven-artifact/3.9.8/maven-artifact-3.9.8.jar:/home/runner/.m2/repository/org/apache/maven/maven-builder-support/3.9.8/maven-builder-support-3.9.8.jar:/home/runner/.m2/repository/org/apache/maven/maven-model/3.9.8/maven-model-3.9.8.jar:/home/runner/.m2/repository/org/apache/maven/maven-model-builder/3.9.8/maven-model-builder-3.9.8.jar:/home/runner/.m2/repository/org/apache/maven/maven-repository-metadata/3.9.8/maven-repository-metadata-3.9.8.jar:/home/runner/.m2/repository/org/apache/maven/maven-settings/3.9.8/maven-settings-3.9.8.jar:/home/runner/.m2/repository/org/apache/maven/resolver/maven-resolver-api/1.9.22/maven-resolver-api-1.9.22.jar:/home/runner/.m2/repository/org/apache/maven/resolver/maven-resolver-impl/1.9.22/maven-resolver-impl-1.9.22.jar:/home/runner/.m2/repository/org/apache/maven/resolver/maven-resolver-named-locks/1.9.22/maven-resolver-named-locks-1.9.22.jar:/home/runner/.m2/repository/org/apache/maven/resolver/maven-resolver-spi/1.9.22/maven-resolver-spi-1.9.22.jar:/home/runner/.m2/repository/org/apache/maven/resolver/maven-resolver-util/1.9.22/maven-resolver-util-1.9.22.jar:/home/runner/.m2/repository/org/apache/maven/resolver/maven-resolver-transport-http/1.9.20/maven-resolver-transport-http-1.9.20.jar:/home/runner/.m2/repository/org/apache/maven/wagon/wagon-provider-api/3.5.3/wagon-provider-api-3.5.3.jar:/home/runner/.m2/repository/org/apache/maven/wagon/wagon-http-shared/3.5.3/wagon-http-shared-3.5.3.jar:/home/runner/.m2/repository/org/codehaus/plexus/plexus-interpolation/1.26/plexus-interpolation-1.26.jar:/home/runner/.m2/repository/org/codehaus/plexus/plexus-utils/3.5.1/plexus-utils-3.5.1.jar:/home/runner/.m2/repository/org/codehaus/plexus/plexus-xml/4.0.1/plexus-xml-4.0.1.jar:/home/runner/.m2/repository/org/apache/maven/maven-xml-impl/4.0.0-alpha-5/maven-xml-impl-4.0.0-alpha-5.jar:/home/runner/.m2/repository/org/apache/maven/maven-api-xml/4.0.0-alpha-5/maven-api-xml-4.0.0-alpha-5.jar:/home/runner/.m2/repository/org/apache/maven/maven-api-meta/4.0.0-alpha-5/maven-api-meta-4.0.0-alpha-5.jar:/home/runner/.m2/repository/org/codehaus/plexus/plexus-cipher/2.0/plexus-cipher-2.0.jar:/home/runner/.m2/repository/org/codehaus/plexus/plexus-sec-dispatcher/2.0/plexus-sec-dispatcher-2.0.jar:/home/runner/.m2/repository/org/apache/maven/maven-embedder/3.9.8/maven-embedder-3.9.8.jar:/home/runner/.m2/repository/org/apache/maven/maven-core/3.9.8/maven-core-3.9.8.jar:/home/runner/.m2/repository/org/codehaus/plexus/plexus-component-annotations/2.1.0/plexus-component-annotations-2.1.0.jar:/home/runner/.m2/repository/org/apache/maven/maven-plugin-api/3.9.8/maven-plugin-api-3.9.8.jar:/home/runner/.m2/repository/org/apache/maven/shared/maven-shared-utils/3.4.2/maven-shared-utils-3.4.2.jar:/home/runner/.m2/repository/com/google/inject/guice/5.1.0/guice-5.1.0.jar:/home/runner/.m2/repository/aopalliance/aopalliance/1.0/aopalliance-1.0.jar:/home/runner/.m2/repository/javax/annotation/javax.annotation-api/1.3.2/javax.annotation-api-1.3.2.jar:/home/runner/.m2/repository/org/codehaus/plexus/plexus-classworlds/2.6.0/plexus-classworlds-2.6.0.jar:/home/runner/.m2/repository/commons-cli/commons-cli/1.8.0/commons-cli-1.8.0.jar:/home/runner/.m2/repository/org/eclipse/sisu/org.eclipse.sisu.plexus/0.9.0.M3/org.eclipse.sisu.plexus-0.9.0.M3.jar:/home/runner/.m2/repository/org/apache/maven/maven-settings-builder/3.9.8/maven-settings-builder-3.9.8.jar:/home/runner/.m2/repository/org/apache/maven/maven-resolver-provider/3.9.8/maven-resolver-provider-3.9.8.jar:/home/runner/.m2/repository/org/apache/maven/resolver/maven-resolver-connector-basic/1.9.22/maven-resolver-connector-basic-1.9.22.jar:/home/runner/.m2/repository/org/apache/maven/resolver/maven-resolver-transport-wagon/1.9.22/maven-resolver-transport-wagon-1.9.22.jar:/home/runner/.m2/repository/org/apache/maven/wagon/wagon-http/3.5.3/wagon-http-3.5.3.jar:/home/runner/.m2/repository/org/apache/maven/wagon/wagon-file/3.5.3/wagon-file-3.5.3.jar:/home/runner/.m2/repository/io/quarkus/quarkus-bootstrap-gradle-resolver/3.15.4/quarkus-bootstrap-gradle-resolver-3.15.4.jar:/home/runner/.m2/repository/io/smallrye/jandex/3.2.3/jandex-3.2.3.jar:/home/runner/.m2/repository/org/jboss/logging/commons-logging-jboss-logging/1.0.0.Final/commons-logging-jboss-logging-1.0.0.Final.jar:/home/runner/.m2/repository/io/quarkus/quarkus-junit5-properties/3.15.4/quarkus-junit5-properties-3.15.4.jar:/home/runner/.m2/repository/org/junit/jupiter/junit-jupiter/5.10.3/junit-jupiter-5.10.3.jar:/home/runner/.m2/repository/org/junit/jupiter/junit-jupiter-api/5.10.3/junit-jupiter-api-5.10.3.jar:/home/runner/.m2/repository/org/junit/jupiter/junit-jupiter-params/5.10.3/junit-jupiter-params-5.10.3.jar:/home/runner/.m2/repository/org/junit/jupiter/junit-jupiter-engine/5.10.3/junit-jupiter-engine-5.10.3.jar:/home/runner/.m2/repository/io/quarkus/quarkus-core/3.15.4/quarkus-core-3.15.4.jar:/home/runner/.m2/repository/jakarta/enterprise/jakarta.enterprise.cdi-api/4.1.0/jakarta.enterprise.cdi-api-4.1.0.jar:/home/runner/.m2/repository/jakarta/enterprise/jakarta.enterprise.lang-model/4.1.0/jakarta.enterprise.lang-model-4.1.0.jar:/home/runner/.m2/repository/jakarta/el/jakarta.el-api/5.0.1/jakarta.el-api-5.0.1.jar:/home/runner/.m2/repository/jakarta/interceptor/jakarta.interceptor-api/2.2.0/jakarta.interceptor-api-2.2.0.jar:/home/runner/.m2/repository/jakarta/inject/jakarta.inject-api/2.0.1/jakarta.inject-api-2.0.1.jar:/home/runner/.m2/repository/io/smallrye/common/smallrye-common-os/2.6.1/smallrye-common-os-2.6.1.jar:/home/runner/.m2/repository/io/quarkus/quarkus-ide-launcher/3.15.4/quarkus-ide-launcher-3.15.4.jar:/home/runner/.m2/repository/io/quarkus/quarkus-development-mode-spi/3.15.4/quarkus-development-mode-spi-3.15.4.jar:/home/runner/.m2/repository/io/smallrye/config/smallrye-config/3.9.1/smallrye-config-3.9.1.jar:/home/runner/.m2/repository/io/smallrye/config/smallrye-config-core/3.9.1/smallrye-config-core-3.9.1.jar:/home/runner/.m2/repository/io/smallrye/common/smallrye-common-annotation/2.6.1/smallrye-common-annotation-2.6.1.jar:/home/runner/.m2/repository/io/smallrye/common/smallrye-common-classloader/2.6.1/smallrye-common-classloader-2.6.1.jar:/home/runner/.m2/repository/io/smallrye/config/smallrye-config-common/3.9.1/smallrye-config-common-3.9.1.jar:/home/runner/.m2/repository/org/jboss/logging/jboss-logging/3.6.0.Final/jboss-logging-3.6.0.Final.jar:/home/runner/.m2/repository/org/jboss/logmanager/jboss-logmanager/3.1.1.Final/jboss-logmanager-3.1.1.Final.jar:/home/runner/.m2/repository/io/smallrye/common/smallrye-common-constraint/2.6.1/smallrye-common-constraint-2.6.1.jar:/home/runner/.m2/repository/io/smallrye/common/smallrye-common-cpu/2.6.1/smallrye-common-cpu-2.6.1.jar:/home/runner/.m2/repository/io/smallrye/common/smallrye-common-expression/2.6.1/smallrye-common-expression-2.6.1.jar:/home/runner/.m2/repository/io/smallrye/common/smallrye-common-function/2.6.1/smallrye-common-function-2.6.1.jar:/home/runner/.m2/repository/io/smallrye/common/smallrye-common-net/2.6.1/smallrye-common-net-2.6.1.jar:/home/runner/.m2/repository/io/smallrye/common/smallrye-common-ref/2.6.1/smallrye-common-ref-2.6.1.jar:/home/runner/.m2/repository/jakarta/json/jakarta.json-api/2.1.3/jakarta.json-api-2.1.3.jar:/home/runner/.m2/repository/org/eclipse/parsson/parsson/1.1.7/parsson-1.1.7.jar:/home/runner/.m2/repository/org/jboss/logging/jboss-logging-annotations/3.0.1.Final/jboss-logging-annotations-3.0.1.Final.jar:/home/runner/.m2/repository/org/jboss/threads/jboss-threads/3.6.1.Final/jboss-threads-3.6.1.Final.jar:/home/runner/.m2/repository/org/jboss/slf4j/slf4j-jboss-logmanager/2.0.0.Final/slf4j-jboss-logmanager-2.0.0.Final.jar:/home/runner/.m2/repository/org/wildfly/common/wildfly-common/1.7.0.Final/wildfly-common-1.7.0.Final.jar:/home/runner/.m2/repository/io/quarkus/quarkus-bootstrap-runner/3.15.4/quarkus-bootstrap-runner-3.15.4.jar:/home/runner/.m2/repository/io/github/crac/org-crac/0.1.3/org-crac-0.1.3.jar:/home/runner/.m2/repository/io/quarkus/quarkus-fs-util/0.0.10/quarkus-fs-util-0.0.10.jar:/home/runner/.m2/repository/org/jboss/marshalling/jboss-marshalling/2.2.1.Final/jboss-marshalling-2.2.1.Final.jar:/home/runner/.m2/repository/io/fabric8/kubernetes-client/6.13.5/kubernetes-client-6.13.5.jar:/home/runner/.m2/repository/io/fabric8/kubernetes-client-api/6.13.5/kubernetes-client-api-6.13.5.jar:/home/runner/.m2/repository/io/fabric8/kubernetes-model-core/6.13.5/kubernetes-model-core-6.13.5.jar:/home/runner/.m2/repository/io/fabric8/kubernetes-model-common/6.13.5/kubernetes-model-common-6.13.5.jar:/home/runner/.m2/repository/io/fabric8/kubernetes-model-gatewayapi/6.13.5/kubernetes-model-gatewayapi-6.13.5.jar:/home/runner/.m2/repository/io/fabric8/kubernetes-model-resource/6.13.5/kubernetes-model-resource-6.13.5.jar:/home/runner/.m2/repository/io/fabric8/kubernetes-model-rbac/6.13.5/kubernetes-model-rbac-6.13.5.jar:/home/runner/.m2/repository/io/fabric8/kubernetes-model-admissionregistration/6.13.5/kubernetes-model-admissionregistration-6.13.5.jar:/home/runner/.m2/repository/io/fabric8/kubernetes-model-apps/6.13.5/kubernetes-model-apps-6.13.5.jar:/home/runner/.m2/repository/io/fabric8/kubernetes-model-autoscaling/6.13.5/kubernetes-model-autoscaling-6.13.5.jar:/home/runner/.m2/repository/io/fabric8/kubernetes-model-apiextensions/6.13.5/kubernetes-model-apiextensions-6.13.5.jar:/home/runner/.m2/repository/io/fabric8/kubernetes-model-batch/6.13.5/kubernetes-model-batch-6.13.5.jar:/home/runner/.m2/repository/io/fabric8/kubernetes-model-certificates/6.13.5/kubernetes-model-certificates-6.13.5.jar:/home/runner/.m2/repository/io/fabric8/kubernetes-model-coordination/6.13.5/kubernetes-model-coordination-6.13.5.jar:/home/runner/.m2/repository/io/fabric8/kubernetes-model-discovery/6.13.5/kubernetes-model-discovery-6.13.5.jar:/home/runner/.m2/repository/io/fabric8/kubernetes-model-events/6.13.5/kubernetes-model-events-6.13.5.jar:/home/runner/.m2/repository/io/fabric8/kubernetes-model-extensions/6.13.5/kubernetes-model-extensions-6.13.5.jar:/home/runner/.m2/repository/io/fabric8/kubernetes-model-flowcontrol/6.13.5/kubernetes-model-flowcontrol-6.13.5.jar:/home/runner/.m2/repository/io/fabric8/kubernetes-model-networking/6.13.5/kubernetes-model-networking-6.13.5.jar:/home/runner/.m2/repository/io/fabric8/kubernetes-model-metrics/6.13.5/kubernetes-model-metrics-6.13.5.jar:/home/runner/.m2/repository/io/fabric8/kubernetes-model-policy/6.13.5/kubernetes-model-policy-6.13.5.jar:/home/runner/.m2/repository/io/fabric8/kubernetes-model-scheduling/6.13.5/kubernetes-model-scheduling-6.13.5.jar:/home/runner/.m2/repository/io/fabric8/kubernetes-model-storageclass/6.13.5/kubernetes-model-storageclass-6.13.5.jar:/home/runner/.m2/repository/io/fabric8/kubernetes-model-node/6.13.5/kubernetes-model-node-6.13.5.jar:/home/runner/.m2/repository/org/snakeyaml/snakeyaml-engine/2.7/snakeyaml-engine-2.7.jar:/home/runner/.m2/repository/com/fasterxml/jackson/dataformat/jackson-dataformat-yaml/2.15.2/jackson-dataformat-yaml-2.15.2.jar:/home/runner/.m2/repository/com/fasterxml/jackson/datatype/jackson-datatype-jsr310/2.17.2/jackson-datatype-jsr310-2.17.2.jar:/home/runner/.m2/repository/io/fabric8/zjsonpatch/0.3.0/zjsonpatch-0.3.0.jar:/home/runner/.m2/repository/io/fabric8/kubernetes-httpclient-vertx/6.13.5/kubernetes-httpclient-vertx-6.13.5.jar:/home/runner/.m2/repository/io/vertx/vertx-web-client/4.5.13/vertx-web-client-4.5.13.jar:/home/runner/.m2/repository/io/vertx/vertx-web-common/4.5.13/vertx-web-common-4.5.13.jar:/home/runner/.m2/repository/io/vertx/vertx-auth-common/4.5.13/vertx-auth-common-4.5.13.jar:/home/runner/.m2/repository/io/vertx/vertx-uri-template/4.5.13/vertx-uri-template-4.5.13.jar:/home/runner/.m2/repository/io/fabric8/openshift-client/6.13.5/openshift-client-6.13.5.jar:/home/runner/.m2/repository/io/fabric8/openshift-client-api/6.13.5/openshift-client-api-6.13.5.jar:/home/runner/.m2/repository/io/fabric8/openshift-model/6.13.5/openshift-model-6.13.5.jar:/home/runner/.m2/repository/io/fabric8/openshift-model-clusterautoscaling/6.13.5/openshift-model-clusterautoscaling-6.13.5.jar:/home/runner/.m2/repository/io/fabric8/openshift-model-operator/6.13.5/openshift-model-operator-6.13.5.jar:/home/runner/.m2/repository/io/fabric8/openshift-model-operatorhub/6.13.5/openshift-model-operatorhub-6.13.5.jar:/home/runner/.m2/repository/io/fabric8/openshift-model-machine/6.13.5/openshift-model-machine-6.13.5.jar:/home/runner/.m2/repository/io/fabric8/openshift-model-whereabouts/6.13.5/openshift-model-whereabouts-6.13.5.jar:/home/runner/.m2/repository/io/fabric8/openshift-model-monitoring/6.13.5/openshift-model-monitoring-6.13.5.jar:/home/runner/.m2/repository/io/fabric8/openshift-model-storageversionmigrator/6.13.5/openshift-model-storageversionmigrator-6.13.5.jar:/home/runner/.m2/repository/io/fabric8/openshift-model-tuned/6.13.5/openshift-model-tuned-6.13.5.jar:/home/runner/.m2/repository/io/fabric8/openshift-model-console/6.13.5/openshift-model-console-6.13.5.jar:/home/runner/.m2/repository/io/fabric8/openshift-model-config/6.13.5/openshift-model-config-6.13.5.jar:/home/runner/.m2/repository/io/fabric8/openshift-model-machineconfig/6.13.5/openshift-model-machineconfig-6.13.5.jar:/home/runner/.m2/repository/io/fabric8/openshift-model-miscellaneous/6.13.5/openshift-model-miscellaneous-6.13.5.jar:/home/runner/.m2/repository/io/fabric8/openshift-model-hive/6.13.5/openshift-model-hive-6.13.5.jar:/home/runner/.m2/repository/io/fabric8/openshift-model-installer/6.13.5/openshift-model-installer-6.13.5.jar:/home/runner/.m2/repository/com/github/mifmif/generex/1.0.2/generex-1.0.2.jar:/home/runner/.m2/repository/dk/brics/automaton/automaton/1.11-8/automaton-1.11-8.jar:/home/runner/.m2/repository/org/junit/platform/junit-platform-launcher/1.10.3/junit-platform-launcher-1.10.3.jar:/home/runner/.m2/repository/org/junit/platform/junit-platform-engine/1.10.3/junit-platform-engine-1.10.3.jar:/home/runner/.m2/repository/org/opentest4j/opentest4j/1.3.0/opentest4j-1.3.0.jar:/home/runner/.m2/repository/org/junit/platform/junit-platform-commons/1.10.3/junit-platform-commons-1.10.3.jar:/home/runner/.m2/repository/org/apiguardian/apiguardian-api/1.1.2/apiguardian-api-1.1.2.jar:/home/runner/.m2/repository/jakarta/ws/rs/jakarta.ws.rs-api/3.1.0/jakarta.ws.rs-api-3.1.0.jar:/home/runner/work/apicurio-testing/apicurio-testing/clusters/ci419/namespaces/inmemory/tests/integration/apicurio-registry/java-sdk/target/apicurio-registry-java-sdk-3.0.9.jar:/home/runner/.m2/repository/com/microsoft/kiota/microsoft-kiota-abstractions/1.8.4/microsoft-kiota-abstractions-1.8.4.jar:/home/runner/.m2/repository/io/github/std-uritemplate/std-uritemplate/2.0.0/std-uritemplate-2.0.0.jar:/home/runner/.m2/repository/io/kiota/kiota-http-jdk/0.0.21/kiota-http-jdk-0.0.21.jar:/home/runner/.m2/repository/io/kiota/kiota-http-vertx/0.0.21/kiota-http-vertx-0.0.21.jar:/home/runner/.m2/repository/io/kiota/kiota-serialization-jackson/0.0.21/kiota-serialization-jackson-0.0.21.jar:/home/runner/.m2/repository/com/microsoft/kiota/microsoft-kiota-serialization-text/1.8.4/microsoft-kiota-serialization-text-1.8.4.jar:/home/runner/.m2/repository/com/microsoft/kiota/microsoft-kiota-serialization-form/1.8.4/microsoft-kiota-serialization-form-1.8.4.jar:/home/runner/.m2/repository/com/microsoft/kiota/microsoft-kiota-serialization-multipart/1.8.4/microsoft-kiota-serialization-multipart-1.8.4.jar:/home/runner/.m2/repository/jakarta/annotation/jakarta.annotation-api/3.0.0/jakarta.annotation-api-3.0.0.jar:/home/runner/.m2/repository/io/vertx/vertx-auth-oauth2/4.5.13/vertx-auth-oauth2-4.5.13.jar:/home/runner/work/apicurio-testing/apicurio-testing/clusters/ci419/namespaces/inmemory/tests/integration/apicurio-registry/java-sdk-v2/target/apicurio-registry-v2-java-sdk-3.0.9.jar:/home/runner/work/apicurio-testing/apicurio-testing/clusters/ci419/namespaces/inmemory/tests/integration/apicurio-registry/utils/kafka/target/apicurio-registry-utils-kafka-3.0.9-tests.jar:/home/runner/.m2/repository/org/eclipse/microprofile/config/microprofile-config-api/3.1/microprofile-config-api-3.1.jar:/home/runner/.m2/repository/org/apache/kafka/kafka-clients/3.9.0/kafka-clients-3.9.0.jar:/home/runner/.m2/repository/com/github/luben/zstd-jni/1.5.6-4/zstd-jni-1.5.6-4.jar:/home/runner/.m2/repository/org/lz4/lz4-java/1.8.0/lz4-java-1.8.0.jar:/home/runner/.m2/repository/org/xerial/snappy/snappy-java/1.1.10.5/snappy-java-1.1.10.5.jar:/home/runner/.m2/repository/org/slf4j/slf4j-api/2.0.6/slf4j-api-2.0.6.jar:/home/runner/work/apicurio-testing/apicurio-testing/clusters/ci419/namespaces/inmemory/tests/integration/apicurio-registry/utils/tests/target/apicurio-registry-utils-tests-3.0.9.jar:/home/runner/work/apicurio-testing/apicurio-testing/clusters/ci419/namespaces/inmemory/tests/integration/apicurio-registry/common/target/apicurio-registry-common-3.0.9.jar:/home/runner/.m2/repository/jakarta/validation/jakarta.validation-api/3.0.2/jakarta.validation-api-3.0.2.jar:/home/runner/.m2/repository/com/github/dasniko/testcontainers-keycloak/3.6.0/testcontainers-keycloak-3.6.0.jar:/home/runner/.m2/repository/org/testcontainers/testcontainers/1.20.1/testcontainers-1.20.1.jar:/home/runner/.m2/repository/org/rnorth/duct-tape/duct-tape/1.0.8/duct-tape-1.0.8.jar:/home/runner/.m2/repository/org/jetbrains/annotations/24.1.0/annotations-24.1.0.jar:/home/runner/.m2/repository/com/github/docker-java/docker-java-transport-zerodep/3.4.0/docker-java-transport-zerodep-3.4.0.jar:/home/runner/.m2/repository/com/github/docker-java/docker-java-transport/3.4.0/docker-java-transport-3.4.0.jar:/home/runner/.m2/repository/net/java/dev/jna/jna/5.8.0/jna-5.8.0.jar:/home/runner/.m2/repository/io/quarkus/quarkus-junit4-mock/3.15.4/quarkus-junit4-mock-3.15.4.jar:/home/runner/.m2/repository/org/jboss/shrinkwrap/shrinkwrap-api/2.0.0-beta-2/shrinkwrap-api-2.0.0-beta-2.jar:/home/runner/.m2/repository/org/jboss/shrinkwrap/shrinkwrap-impl-base/2.0.0-beta-2/shrinkwrap-impl-base-2.0.0-beta-2.jar:/home/runner/.m2/repository/org/jboss/shrinkwrap/shrinkwrap-spi/2.0.0-beta-2/shrinkwrap-spi-2.0.0-beta-2.jar:/home/runner/.m2/repository/org/keycloak/keycloak-admin-client/25.0.6/keycloak-admin-client-25.0.6.jar:/home/runner/.m2/repository/org/keycloak/keycloak-core/25.0.6/keycloak-core-25.0.6.jar:/home/runner/.m2/repository/org/keycloak/keycloak-common/25.0.6/keycloak-common-25.0.6.jar:/home/runner/.m2/repository/org/jboss/resteasy/resteasy-client/6.2.9.Final/resteasy-client-6.2.9.Final.jar:/home/runner/.m2/repository/org/jboss/resteasy/resteasy-client-api/6.2.9.Final/resteasy-client-api-6.2.9.Final.jar:/home/runner/.m2/repository/org/jboss/resteasy/resteasy-core-spi/6.2.9.Final/resteasy-core-spi-6.2.9.Final.jar:/home/runner/.m2/repository/org/jboss/resteasy/resteasy-core/6.2.9.Final/resteasy-core-6.2.9.Final.jar:/home/runner/.m2/repository/org/eclipse/angus/angus-activation/2.0.2/angus-activation-2.0.2.jar:/home/runner/.m2/repository/com/ibm/async/asyncutil/0.1.0/asyncutil-0.1.0.jar:/home/runner/.m2/repository/org/reactivestreams/reactive-streams/1.0.4/reactive-streams-1.0.4.jar:/home/runner/.m2/repository/org/jboss/resteasy/resteasy-multipart-provider/6.2.9.Final/resteasy-multipart-provider-6.2.9.Final.jar:/home/runner/.m2/repository/jakarta/mail/jakarta.mail-api/2.1.2/jakarta.mail-api-2.1.2.jar:/home/runner/.m2/repository/org/eclipse/angus/angus-mail/2.0.3/angus-mail-2.0.3.jar:/home/runner/.m2/repository/org/apache/james/apache-mime4j-dom/0.8.11/apache-mime4j-dom-0.8.11.jar:/home/runner/.m2/repository/org/apache/james/apache-mime4j-core/0.8.11/apache-mime4j-core-0.8.11.jar:/home/runner/.m2/repository/org/apache/james/apache-mime4j-storage/0.8.11/apache-mime4j-storage-0.8.11.jar:/home/runner/.m2/repository/org/jboss/resteasy/resteasy-jackson2-provider/6.2.9.Final/resteasy-jackson2-provider-6.2.9.Final.jar:/home/runner/.m2/repository/com/fasterxml/jackson/jakarta/rs/jackson-jakarta-rs-base/2.17.2/jackson-jakarta-rs-base-2.17.2.jar:/home/runner/.m2/repository/com/fasterxml/jackson/jakarta/rs/jackson-jakarta-rs-json-provider/2.17.2/jackson-jakarta-rs-json-provider-2.17.2.jar:/home/runner/.m2/repository/com/fasterxml/jackson/module/jackson-module-jakarta-xmlbind-annotations/2.17.2/jackson-module-jakarta-xmlbind-annotations-2.17.2.jar:/home/runner/.m2/repository/com/github/java-json-tools/json-patch/1.13/json-patch-1.13.jar:/home/runner/.m2/repository/com/github/java-json-tools/msg-simple/1.2/msg-simple-1.2.jar:/home/runner/.m2/repository/com/github/java-json-tools/btf/1.3/btf-1.3.jar:/home/runner/.m2/repository/com/github/java-json-tools/jackson-coreutils/2.0/jackson-coreutils-2.0.jar:/home/runner/.m2/repository/org/jboss/resteasy/resteasy-jaxb-provider/6.2.9.Final/resteasy-jaxb-provider-6.2.9.Final.jar:/home/runner/.m2/repository/org/glassfish/jaxb/codemodel/4.0.3/codemodel-4.0.3.jar:/home/runner/.m2/repository/org/glassfish/jaxb/jaxb-core/4.0.5/jaxb-core-4.0.5.jar:/home/runner/.m2/repository/org/glassfish/jaxb/jaxb-jxc/4.0.3/jaxb-jxc-4.0.3.jar:/home/runner/.m2/repository/org/glassfish/jaxb/jaxb-runtime/4.0.5/jaxb-runtime-4.0.5.jar:/home/runner/.m2/repository/org/glassfish/jaxb/txw2/4.0.5/txw2-4.0.5.jar:/home/runner/.m2/repository/org/glassfish/jaxb/jaxb-xjc/4.0.3/jaxb-xjc-4.0.3.jar:/home/runner/.m2/repository/org/glassfish/jaxb/xsom/4.0.3/xsom-4.0.3.jar:/home/runner/.m2/repository/com/sun/istack/istack-commons-runtime/4.1.2/istack-commons-runtime-4.1.2.jar:/home/runner/.m2/repository/com/sun/istack/istack-commons-tools/4.1.2/istack-commons-tools-4.1.2.jar:/home/runner/.m2/repository/com/sun/xml/bind/external/relaxng-datatype/4.0.3/relaxng-datatype-4.0.3.jar:/home/runner/.m2/repository/com/sun/xml/bind/external/rngom/4.0.3/rngom-4.0.3.jar:/home/runner/.m2/repository/org/testcontainers/mssqlserver/1.20.1/mssqlserver-1.20.1.jar:/home/runner/.m2/repository/org/testcontainers/jdbc/1.20.1/jdbc-1.20.1.jar:/home/runner/.m2/repository/org/testcontainers/database-commons/1.20.1/database-commons-1.20.1.jar:/home/runner/.m2/repository/org/testcontainers/mysql/1.20.1/mysql-1.20.1.jar:/home/runner/.m2/repository/io/strimzi/strimzi-test-container/0.107.0/strimzi-test-container-0.107.0.jar:/home/runner/.m2/repository/org/testcontainers/toxiproxy/1.20.1/toxiproxy-1.20.1.jar:/home/runner/.m2/repository/com/github/docker-java/docker-java-api/3.4.0/docker-java-api-3.4.0.jar:/home/runner/.m2/repository/eu/rekawek/toxiproxy/toxiproxy-java/2.1.7/toxiproxy-java-2.1.7.jar:/home/runner/.m2/repository/junit/junit/4.13.2/junit-4.13.2.jar:/home/runner/.m2/repository/org/hamcrest/hamcrest-core/1.3/hamcrest-core-1.3.jar:/home/runner/.m2/repository/org/testcontainers/pulsar/1.20.4/pulsar-1.20.4.jar:/home/runner/.m2/repository/io/debezium/debezium-testing-testcontainers/2.6.2.Final/debezium-testing-testcontainers-2.6.2.Final.jar:/home/runner/.m2/repository/org/testcontainers/kafka/1.20.1/kafka-1.20.1.jar:/home/runner/.m2/repository/com/squareup/okhttp3/okhttp/4.8.1/okhttp-4.8.1.jar:/home/runner/.m2/repository/com/squareup/okio/okio/3.10.2/okio-3.10.2.jar:/home/runner/.m2/repository/com/squareup/okio/okio-jvm/3.10.2/okio-jvm-3.10.2.jar:/home/runner/.m2/repository/org/jetbrains/kotlin/kotlin-stdlib/2.0.10/kotlin-stdlib-2.0.10.jar:/home/runner/.m2/repository/org/awaitility/awaitility/4.2.2/awaitility-4.2.2.jar:/home/runner/.m2/repository/org/testcontainers/mongodb/1.20.1/mongodb-1.20.1.jar:/home/runner/.m2/repository/org/testcontainers/oracle-xe/1.20.1/oracle-xe-1.20.1.jar:/home/runner/.m2/repository/org/testcontainers/postgresql/1.20.1/postgresql-1.20.1.jar:/home/runner/.m2/repository/org/wiremock/wiremock/3.0.1/wiremock-3.0.1.jar:/home/runner/.m2/repository/org/eclipse/jetty/jetty-server/11.0.15/jetty-server-11.0.15.jar:/home/runner/.m2/repository/org/eclipse/jetty/toolchain/jetty-jakarta-servlet-api/5.0.2/jetty-jakarta-servlet-api-5.0.2.jar:/home/runner/.m2/repository/org/eclipse/jetty/jetty-http/11.0.15/jetty-http-11.0.15.jar:/home/runner/.m2/repository/org/eclipse/jetty/jetty-io/11.0.15/jetty-io-11.0.15.jar:/home/runner/.m2/repository/org/eclipse/jetty/jetty-servlet/11.0.15/jetty-servlet-11.0.15.jar:/home/runner/.m2/repository/org/eclipse/jetty/jetty-security/11.0.15/jetty-security-11.0.15.jar:/home/runner/.m2/repository/org/eclipse/jetty/jetty-servlets/11.0.15/jetty-servlets-11.0.15.jar:/home/runner/.m2/repository/org/eclipse/jetty/jetty-util/11.0.15/jetty-util-11.0.15.jar:/home/runner/.m2/repository/org/eclipse/jetty/jetty-webapp/11.0.15/jetty-webapp-11.0.15.jar:/home/runner/.m2/repository/org/eclipse/jetty/jetty-xml/11.0.15/jetty-xml-11.0.15.jar:/home/runner/.m2/repository/org/eclipse/jetty/jetty-proxy/11.0.15/jetty-proxy-11.0.15.jar:/home/runner/.m2/repository/org/eclipse/jetty/jetty-client/11.0.15/jetty-client-11.0.15.jar:/home/runner/.m2/repository/org/eclipse/jetty/http2/http2-server/11.0.15/http2-server-11.0.15.jar:/home/runner/.m2/repository/org/eclipse/jetty/http2/http2-common/11.0.15/http2-common-11.0.15.jar:/home/runner/.m2/repository/org/eclipse/jetty/http2/http2-hpack/11.0.15/http2-hpack-11.0.15.jar:/home/runner/.m2/repository/org/eclipse/jetty/jetty-alpn-server/11.0.15/jetty-alpn-server-11.0.15.jar:/home/runner/.m2/repository/org/eclipse/jetty/jetty-alpn-java-server/11.0.15/jetty-alpn-java-server-11.0.15.jar:/home/runner/.m2/repository/org/eclipse/jetty/jetty-alpn-java-client/11.0.15/jetty-alpn-java-client-11.0.15.jar:/home/runner/.m2/repository/org/eclipse/jetty/jetty-alpn-client/11.0.15/jetty-alpn-client-11.0.15.jar:/home/runner/.m2/repository/org/apache/httpcomponents/client5/httpclient5/5.2.1/httpclient5-5.2.1.jar:/home/runner/.m2/repository/org/apache/httpcomponents/core5/httpcore5/5.2/httpcore5-5.2.jar:/home/runner/.m2/repository/org/apache/httpcomponents/core5/httpcore5-h2/5.2/httpcore5-h2-5.2.jar:/home/runner/.m2/repository/org/xmlunit/xmlunit-core/2.9.1/xmlunit-core-2.9.1.jar:/home/runner/.m2/repository/jakarta/xml/bind/jakarta.xml.bind-api/4.0.2/jakarta.xml.bind-api-4.0.2.jar:/home/runner/.m2/repository/jakarta/activation/jakarta.activation-api/2.1.3/jakarta.activation-api-2.1.3.jar:/home/runner/.m2/repository/org/xmlunit/xmlunit-legacy/2.9.1/xmlunit-legacy-2.9.1.jar:/home/runner/.m2/repository/org/xmlunit/xmlunit-placeholders/2.9.1/xmlunit-placeholders-2.9.1.jar:/home/runner/.m2/repository/net/javacrumbs/json-unit/json-unit-core/2.38.0/json-unit-core-2.38.0.jar:/home/runner/.m2/repository/com/jayway/jsonpath/json-path/2.8.0/json-path-2.8.0.jar:/home/runner/.m2/repository/net/minidev/json-smart/2.4.10/json-smart-2.4.10.jar:/home/runner/.m2/repository/net/minidev/accessors-smart/2.4.9/accessors-smart-2.4.9.jar:/home/runner/.m2/repository/org/ow2/asm/asm/9.7/asm-9.7.jar:/home/runner/.m2/repository/net/sf/jopt-simple/jopt-simple/5.0.4/jopt-simple-5.0.4.jar:/home/runner/.m2/repository/com/github/jknack/handlebars/4.3.1/handlebars-4.3.1.jar:/home/runner/.m2/repository/com/github/jknack/handlebars-helpers/4.3.1/handlebars-helpers-4.3.1.jar:/home/runner/.m2/repository/commons-fileupload/commons-fileupload/1.5/commons-fileupload-1.5.jar:/home/runner/.m2/repository/com/networknt/json-schema-validator/1.5.5/json-schema-validator-1.5.5.jar:/home/runner/.m2/repository/com/ethlo/time/itu/1.10.3/itu-1.10.3.jar:/home/runner/.m2/repository/io/quarkus/quarkus-smallrye-jwt-build/3.15.4/quarkus-smallrye-jwt-build-3.15.4.jar:/home/runner/.m2/repository/io/smallrye/smallrye-jwt-build/4.5.3/smallrye-jwt-build-4.5.3.jar:/home/runner/.m2/repository/org/eclipse/microprofile/jwt/microprofile-jwt-auth-api/2.1/microprofile-jwt-auth-api-2.1.jar:/home/runner/.m2/repository/org/bitbucket/b_c/jose4j/0.9.6/jose4j-0.9.6.jar:/home/runner/.m2/repository/io/smallrye/smallrye-jwt-common/4.5.3/smallrye-jwt-common-4.5.3.jar:/home/runner/.m2/repository/io/quarkus/quarkus-jsonp/3.15.4/quarkus-jsonp-3.15.4.jar:/home/runner/.m2/repository/io/quarkus/quarkus-arc/3.15.4/quarkus-arc-3.15.4.jar:/home/runner/.m2/repository/io/quarkus/arc/arc/3.15.4/arc-3.15.4.jar:/home/runner/.m2/repository/jakarta/transaction/jakarta.transaction-api/2.0.1/jakarta.transaction-api-2.0.1.jar:/home/runner/.m2/repository/io/smallrye/reactive/mutiny/2.6.2/mutiny-2.6.2.jar:/home/runner/.m2/repository/org/jctools/jctools-core/4.0.5/jctools-core-4.0.5.jar:/home/runner/.m2/repository/org/eclipse/microprofile/context-propagation/microprofile-context-propagation-api/1.3/microprofile-context-propagation-api-1.3.jar:/home/runner/.m2/repository/io/apicurio/apicurio-common-rest-client-common/0.1.18.Final/apicurio-common-rest-client-common-0.1.18.Final.jar:/home/runner/work/apicurio-testing/apicurio-testing/clusters/ci419/namespaces/inmemory/tests/integration/apicurio-registry/utils/maven-plugin/target/apicurio-registry-maven-plugin-3.0.9.jar:/home/runner/.m2/repository/com/fasterxml/jackson/core/jackson-databind/2.17.2/jackson-databind-2.17.2.jar:/home/runner/.m2/repository/org/apache/avro/avro/1.12.0/avro-1.12.0.jar:/home/runner/.m2/repository/com/google/protobuf/protobuf-java/3.25.8/protobuf-java-3.25.8.jar:/home/runner/.m2/repository/com/google/protobuf/protobuf-java-util/3.25.8/protobuf-java-util-3.25.8.jar:/home/runner/.m2/repository/com/google/code/findbugs/jsr305/3.0.2/jsr305-3.0.2.jar:/home/runner/.m2/repository/com/google/code/gson/gson/2.11.0/gson-2.11.0.jar:/home/runner/.m2/repository/com/google/errorprone/error_prone_annotations/2.30.0/error_prone_annotations-2.30.0.jar:/home/runner/.m2/repository/com/google/j2objc/j2objc-annotations/2.8/j2objc-annotations-2.8.jar:/home/runner/work/apicurio-testing/apicurio-testing/clusters/ci419/namespaces/inmemory/tests/integration/apicurio-registry/schema-util/util-provider/target/apicurio-registry-schema-util-provider-3.0.9.jar:/home/runner/work/apicurio-testing/apicurio-testing/clusters/ci419/namespaces/inmemory/tests/integration/apicurio-registry/schema-util/common/target/apicurio-registry-schema-util-common-3.0.9.jar:/home/runner/.m2/repository/com/fasterxml/jackson/module/jackson-module-parameter-names/2.17.2/jackson-module-parameter-names-2.17.2.jar:/home/runner/.m2/repository/com/fasterxml/jackson/datatype/jackson-datatype-json-org/2.18.2/jackson-datatype-json-org-2.18.2.jar:/home/runner/work/apicurio-testing/apicurio-testing/clusters/ci419/namespaces/inmemory/tests/integration/apicurio-registry/schema-util/json/target/apicurio-registry-schema-util-json-3.0.9.jar:/home/runner/.m2/repository/com/github/erosb/everit-json-schema/1.14.5/everit-json-schema-1.14.5.jar:/home/runner/.m2/repository/commons-validator/commons-validator/1.9.0/commons-validator-1.9.0.jar:/home/runner/.m2/repository/commons-digester/commons-digester/2.1/commons-digester-2.1.jar:/home/runner/.m2/repository/commons-collections/commons-collections/3.2.2/commons-collections-3.2.2.jar:/home/runner/.m2/repository/com/damnhandy/handy-uri-templates/2.1.8/handy-uri-templates-2.1.8.jar:/home/runner/.m2/repository/joda-time/joda-time/2.10.2/joda-time-2.10.2.jar:/home/runner/.m2/repository/com/github/erosb/json-sKema/0.20.0/json-sKema-0.20.0.jar:/home/runner/.m2/repository/io/vertx/vertx-json-schema/4.5.13/vertx-json-schema-4.5.13.jar:/home/runner/work/apicurio-testing/apicurio-testing/clusters/ci419/namespaces/inmemory/tests/integration/apicurio-registry/schema-util/protobuf/target/apicurio-registry-schema-util-protobuf-3.0.9.jar:/home/runner/work/apicurio-testing/apicurio-testing/clusters/ci419/namespaces/inmemory/tests/integration/apicurio-registry/utils/protobuf-schema-utilities/target/apicurio-registry-protobuf-schema-utilities-3.0.9.jar:/home/runner/.m2/repository/com/google/api/grpc/proto-google-common-protos/2.52.0/proto-google-common-protos-2.52.0.jar:/home/runner/.m2/repository/com/squareup/wire/wire-schema-jvm/5.1.0/wire-schema-jvm-5.1.0.jar:/home/runner/.m2/repository/com/squareup/javapoet/1.13.0/javapoet-1.13.0.jar:/home/runner/.m2/repository/com/squareup/kotlinpoet-jvm/1.18.1/kotlinpoet-jvm-1.18.1.jar:/home/runner/.m2/repository/org/jetbrains/kotlin/kotlin-reflect/2.0.10/kotlin-reflect-2.0.10.jar:/home/runner/.m2/repository/com/squareup/wire/wire-runtime-jvm/5.1.0/wire-runtime-jvm-5.1.0.jar:/home/runner/.m2/repository/com/ibm/icu/icu4j/76.1/icu4j-76.1.jar:/home/runner/.m2/repository/com/squareup/okio/okio-fakefilesystem/3.10.2/okio-fakefilesystem-3.10.2.jar:/home/runner/.m2/repository/com/squareup/okio/okio-fakefilesystem-jvm/3.10.2/okio-fakefilesystem-jvm-3.10.2.jar:/home/runner/.m2/repository/org/jetbrains/kotlinx/kotlinx-datetime-jvm/0.6.1/kotlinx-datetime-jvm-0.6.1.jar:/home/runner/work/apicurio-testing/apicurio-testing/clusters/ci419/namespaces/inmemory/tests/integration/apicurio-registry/schema-util/asyncapi/target/apicurio-registry-schema-util-asyncapi-3.0.9.jar:/home/runner/work/apicurio-testing/apicurio-testing/clusters/ci419/namespaces/inmemory/tests/integration/apicurio-registry/schema-util/avro/target/apicurio-registry-schema-util-avro-3.0.9.jar:/home/runner/work/apicurio-testing/apicurio-testing/clusters/ci419/namespaces/inmemory/tests/integration/apicurio-registry/schema-util/graphql/target/apicurio-registry-schema-util-graphql-3.0.9.jar:/home/runner/.m2/repository/com/graphql-java/graphql-java/22.3/graphql-java-22.3.jar:/home/runner/.m2/repository/com/graphql-java/java-dataloader/3.3.0/java-dataloader-3.3.0.jar:/home/runner/work/apicurio-testing/apicurio-testing/clusters/ci419/namespaces/inmemory/tests/integration/apicurio-registry/schema-util/kconnect/target/apicurio-registry-schema-util-kconnect-3.0.9.jar:/home/runner/work/apicurio-testing/apicurio-testing/clusters/ci419/namespaces/inmemory/tests/integration/apicurio-registry/schema-util/openapi/target/apicurio-registry-schema-util-openapi-3.0.9.jar:/home/runner/.m2/repository/io/apicurio/apicurio-data-models/2.2.1/apicurio-data-models-2.2.1.jar:/home/runner/.m2/repository/org/openapitools/openapidiff/openapi-diff-core/2.0.1/openapi-diff-core-2.0.1.jar:/home/runner/.m2/repository/io/swagger/parser/v3/swagger-parser/2.0.28/swagger-parser-2.0.28.jar:/home/runner/.m2/repository/io/swagger/parser/v3/swagger-parser-v2-converter/2.0.28/swagger-parser-v2-converter-2.0.28.jar:/home/runner/.m2/repository/io/swagger/swagger-core/1.6.3/swagger-core-1.6.3.jar:/home/runner/.m2/repository/io/swagger/swagger-models/1.6.3/swagger-models-1.6.3.jar:/home/runner/.m2/repository/io/swagger/swagger-annotations/1.6.3/swagger-annotations-1.6.3.jar:/home/runner/.m2/repository/io/swagger/swagger-parser/1.0.56/swagger-parser-1.0.56.jar:/home/runner/.m2/repository/io/swagger/swagger-compat-spec-parser/1.0.56/swagger-compat-spec-parser-1.0.56.jar:/home/runner/.m2/repository/com/github/java-json-tools/json-schema-validator/2.2.14/json-schema-validator-2.2.14.jar:/home/runner/.m2/repository/com/github/java-json-tools/jackson-coreutils-equivalence/1.0/jackson-coreutils-equivalence-1.0.jar:/home/runner/.m2/repository/com/github/java-json-tools/json-schema-core/1.2.14/json-schema-core-1.2.14.jar:/home/runner/.m2/repository/com/github/java-json-tools/uri-template/0.10/uri-template-0.10.jar:/home/runner/.m2/repository/com/sun/mail/mailapi/1.6.2/mailapi-1.6.2.jar:/home/runner/.m2/repository/com/googlecode/libphonenumber/libphonenumber/8.11.1/libphonenumber-8.11.1.jar:/home/runner/.m2/repository/com/j2html/j2html/1.5.0/j2html-1.5.0.jar:/home/runner/.m2/repository/org/apache/commons/commons-collections4/4.4/commons-collections4-4.4.jar:/home/runner/.m2/repository/commons-httpclient/commons-httpclient/3.1/commons-httpclient-3.1.jar:/home/runner/.m2/repository/io/swagger/parser/v3/swagger-parser-v3/2.1.25/swagger-parser-v3-2.1.25.jar:/home/runner/.m2/repository/io/swagger/core/v3/swagger-models/2.2.28/swagger-models-2.2.28.jar:/home/runner/.m2/repository/io/swagger/core/v3/swagger-core/2.2.28/swagger-core-2.2.28.jar:/home/runner/.m2/repository/io/swagger/parser/v3/swagger-parser-core/2.1.25/swagger-parser-core-2.1.25.jar:/home/runner/.m2/repository/io/swagger/parser/v3/swagger-parser-safe-url-resolver/2.1.25/swagger-parser-safe-url-resolver-2.1.25.jar:/home/runner/work/apicurio-testing/apicurio-testing/clusters/ci419/namespaces/inmemory/tests/integration/apicurio-registry/schema-util/wsdl/target/apicurio-registry-schema-util-wsdl-3.0.9.jar:/home/runner/.m2/repository/wsdl4j/wsdl4j/1.6.3/wsdl4j-1.6.3.jar:/home/runner/work/apicurio-testing/apicurio-testing/clusters/ci419/namespaces/inmemory/tests/integration/apicurio-registry/schema-util/xml/target/apicurio-registry-schema-util-xml-3.0.9.jar:/home/runner/.m2/repository/org/apache/santuario/xmlsec/4.0.3/xmlsec-4.0.3.jar:/home/runner/.m2/repository/com/fasterxml/woodstox/woodstox-core/7.1.0/woodstox-core-7.1.0.jar:/home/runner/.m2/repository/org/codehaus/woodstox/stax2-api/4.2.2/stax2-api-4.2.2.jar:/home/runner/work/apicurio-testing/apicurio-testing/clusters/ci419/namespaces/inmemory/tests/integration/apicurio-registry/schema-util/xsd/target/apicurio-registry-schema-util-xsd-3.0.9.jar:/home/runner/work/apicurio-testing/apicurio-testing/clusters/ci419/namespaces/inmemory/tests/integration/apicurio-registry/serdes/kafka/jsonschema-serde/target/apicurio-registry-jsonschema-serde-kafka-3.0.9.jar:/home/runner/work/apicurio-testing/apicurio-testing/clusters/ci419/namespaces/inmemory/tests/integration/apicurio-registry/serdes/kafka/serde-kafka-common/target/apicurio-registry-serde-kafka-common-3.0.9.jar:/home/runner/work/apicurio-testing/apicurio-testing/clusters/ci419/namespaces/inmemory/tests/integration/apicurio-registry/serdes/generic/serde-common/target/apicurio-registry-serde-common-3.0.9.jar:/home/runner/work/apicurio-testing/apicurio-testing/clusters/ci419/namespaces/inmemory/tests/integration/apicurio-registry/schema-resolver/target/apicurio-registry-schema-resolver-3.0.9.jar:/home/runner/work/apicurio-testing/apicurio-testing/clusters/ci419/namespaces/inmemory/tests/integration/apicurio-registry/serdes/generic/serde-common-jsonschema/target/apicurio-registry-serde-common-jsonschema-3.0.9.jar:/home/runner/.m2/repository/org/json/json/20250107/json-20250107.jar:/home/runner/work/apicurio-testing/apicurio-testing/clusters/ci419/namespaces/inmemory/tests/integration/apicurio-registry/serdes/kafka/avro-serde/target/apicurio-registry-avro-serde-kafka-3.0.9.jar:/home/runner/work/apicurio-testing/apicurio-testing/clusters/ci419/namespaces/inmemory/tests/integration/apicurio-registry/serdes/generic/serde-common-avro/target/apicurio-registry-serde-common-avro-3.0.9.jar:/home/runner/work/apicurio-testing/apicurio-testing/clusters/ci419/namespaces/inmemory/tests/integration/apicurio-registry/serdes/kafka/protobuf-serde/target/apicurio-registry-protobuf-serde-kafka-3.0.9.jar:/home/runner/work/apicurio-testing/apicurio-testing/clusters/ci419/namespaces/inmemory/tests/integration/apicurio-registry/serdes/generic/serde-common-protobuf/target/apicurio-registry-serde-common-protobuf-3.0.9.jar:/home/runner/.m2/repository/com/squareup/wire/wire-schema/5.1.0/wire-schema-5.1.0.jar:/home/runner/.m2/repository/com/squareup/wire/wire-runtime/5.1.0/wire-runtime-5.1.0.jar:/home/runner/work/apicurio-testing/apicurio-testing/clusters/ci419/namespaces/inmemory/tests/integration/apicurio-registry/serdes/pulsar/avro-serde/target/apicurio-registry-avro-serde-pulsar-3.0.9.jar:/home/runner/.m2/repository/org/apache/pulsar/pulsar-functions-api/3.3.4/pulsar-functions-api-3.3.4.jar:/home/runner/work/apicurio-testing/apicurio-testing/clusters/ci419/namespaces/inmemory/tests/integration/apicurio-registry/serdes/nats/avro-serde/target/apicurio-registry-avro-serde-nats-3.0.9.jar:/home/runner/.m2/repository/io/nats/jnats/2.20.5/jnats-2.20.5.jar:/home/runner/.m2/repository/net/i2p/crypto/eddsa/0.3.0/eddsa-0.3.0.jar:/home/runner/work/apicurio-testing/apicurio-testing/clusters/ci419/namespaces/inmemory/tests/integration/apicurio-registry/utils/converter/target/apicurio-registry-utils-converter-3.0.9.jar:/home/runner/.m2/repository/org/apache/kafka/connect-api/3.9.1/connect-api-3.9.1.jar:/home/runner/.m2/repository/javax/ws/rs/javax.ws.rs-api/2.1.1/javax.ws.rs-api-2.1.1.jar:/home/runner/.m2/repository/org/apache/kafka/connect-json/3.9.1/connect-json-3.9.1.jar:/home/runner/.m2/repository/com/fasterxml/jackson/datatype/jackson-datatype-jdk8/2.17.2/jackson-datatype-jdk8-2.17.2.jar:/home/runner/.m2/repository/com/fasterxml/jackson/module/jackson-module-afterburner/2.17.2/jackson-module-afterburner-2.17.2.jar:/home/runner/work/apicurio-testing/apicurio-testing/clusters/ci419/namespaces/inmemory/tests/integration/apicurio-registry/utils/kafka/target/apicurio-registry-utils-kafka-3.0.9.jar:/home/runner/.m2/repository/org/apache/pulsar/pulsar-client/3.3.4/pulsar-client-3.3.4.jar:/home/runner/.m2/repository/org/apache/pulsar/pulsar-client-api/3.3.4/pulsar-client-api-3.3.4.jar:/home/runner/.m2/repository/org/apache/pulsar/pulsar-client-admin-api/3.3.4/pulsar-client-admin-api-3.3.4.jar:/home/runner/.m2/repository/org/apache/pulsar/bouncy-castle-bc/3.3.4/bouncy-castle-bc-3.3.4-pkg.jar:/home/runner/.m2/repository/org/bouncycastle/bcpkix-jdk18on/1.78.1/bcpkix-jdk18on-1.78.1.jar:/home/runner/.m2/repository/org/bouncycastle/bcutil-jdk18on/1.78.1/bcutil-jdk18on-1.78.1.jar:/home/runner/.m2/repository/org/bouncycastle/bcprov-jdk18on/1.78.1/bcprov-jdk18on-1.78.1.jar:/home/runner/.m2/repository/io/opentelemetry/opentelemetry-api/1.39.0/opentelemetry-api-1.39.0.jar:/home/runner/.m2/repository/io/opentelemetry/opentelemetry-context/1.39.0/opentelemetry-context-1.39.0.jar:/home/runner/.m2/repository/io/opentelemetry/opentelemetry-api-incubator/1.39.0-alpha/opentelemetry-api-incubator-1.39.0-alpha.jar:/home/runner/.m2/repository/com/fasterxml/jackson/core/jackson-annotations/2.17.2/jackson-annotations-2.17.2.jar:/home/runner/.m2/repository/javax/validation/validation-api/1.1.0.Final/validation-api-1.1.0.Final.jar:/home/runner/.m2/repository/io/confluent/kafka-avro-serializer/7.9.0/kafka-avro-serializer-7.9.0.jar:/home/runner/.m2/repository/org/apache/commons/commons-compress/1.27.0/commons-compress-1.27.0.jar:/home/runner/.m2/repository/io/confluent/kafka-schema-serializer/7.9.0/kafka-schema-serializer-7.9.0.jar:/home/runner/.m2/repository/com/fasterxml/jackson/dataformat/jackson-dataformat-csv/2.17.2/jackson-dataformat-csv-2.17.2.jar:/home/runner/.m2/repository/io/confluent/kafka-schema-registry-client/7.9.0/kafka-schema-registry-client-7.9.0.jar:/home/runner/.m2/repository/org/yaml/snakeyaml/2.2/snakeyaml-2.2.jar:/home/runner/.m2/repository/io/swagger/core/v3/swagger-annotations/2.1.10/swagger-annotations-2.1.10.jar:/home/runner/.m2/repository/com/google/guava/guava/33.2.1-jre/guava-33.2.1-jre.jar:/home/runner/.m2/repository/com/google/guava/failureaccess/1.0.1/failureaccess-1.0.1.jar:/home/runner/.m2/repository/org/checkerframework/checker-qual/3.46.0/checker-qual-3.46.0.jar:/home/runner/.m2/repository/io/confluent/logredactor/1.0.12/logredactor-1.0.12.jar:/home/runner/.m2/repository/com/google/re2j/re2j/1.6/re2j-1.6.jar:/home/runner/.m2/repository/io/confluent/logredactor-metrics/1.0.12/logredactor-metrics-1.0.12.jar:/home/runner/.m2/repository/com/eclipsesource/minimal-json/minimal-json/0.9.5/minimal-json-0.9.5.jar:/home/runner/.m2/repository/io/confluent/common-utils/7.9.0/common-utils-7.9.0.jar:/home/runner/.m2/repository/io/confluent/kafka-connect-avro-converter/7.9.0/kafka-connect-avro-converter-7.9.0.jar:/home/runner/.m2/repository/io/confluent/kafka-connect-avro-data/7.9.0/kafka-connect-avro-data-7.9.0.jar:/home/runner/.m2/repository/io/confluent/kafka-schema-converter/7.9.0/kafka-schema-converter-7.9.0.jar:/home/runner/.m2/repository/io/rest-assured/rest-assured/5.5.0/rest-assured-5.5.0.jar:/home/runner/.m2/repository/org/apache/groovy/groovy/4.0.22/groovy-4.0.22.jar:/home/runner/.m2/repository/org/apache/groovy/groovy-xml/4.0.22/groovy-xml-4.0.22.jar:/home/runner/.m2/repository/org/apache/httpcomponents/httpclient/4.5.14/httpclient-4.5.14.jar:/home/runner/.m2/repository/org/apache/httpcomponents/httpcore/4.4.16/httpcore-4.4.16.jar:/home/runner/.m2/repository/org/apache/httpcomponents/httpmime/4.5.14/httpmime-4.5.14.jar:/home/runner/.m2/repository/org/hamcrest/hamcrest/2.2/hamcrest-2.2.jar:/home/runner/.m2/repository/org/ccil/cowan/tagsoup/tagsoup/1.2.1/tagsoup-1.2.1.jar:/home/runner/.m2/repository/io/rest-assured/json-path/5.5.0/json-path-5.5.0.jar:/home/runner/.m2/repository/org/apache/groovy/groovy-json/4.0.22/groovy-json-4.0.22.jar:/home/runner/.m2/repository/io/rest-assured/rest-assured-common/5.5.0/rest-assured-common-5.5.0.jar:/home/runner/.m2/repository/io/rest-assured/xml-path/5.5.0/xml-path-5.5.0.jar:/home/runner/.m2/repository/io/zonky/test/embedded-postgres/2.1.0/embedded-postgres-2.1.0.jar:/home/runner/.m2/repository/io/zonky/test/postgres/embedded-postgres-binaries-windows-amd64/14.15.0/embedded-postgres-binaries-windows-amd64-14.15.0.jar:/home/runner/.m2/repository/io/zonky/test/postgres/embedded-postgres-binaries-darwin-amd64/14.15.0/embedded-postgres-binaries-darwin-amd64-14.15.0.jar:/home/runner/.m2/repository/io/zonky/test/postgres/embedded-postgres-binaries-linux-amd64/14.15.0/embedded-postgres-binaries-linux-amd64-14.15.0.jar:/home/runner/.m2/repository/io/zonky/test/postgres/embedded-postgres-binaries-linux-amd64-alpine/14.15.0/embedded-postgres-binaries-linux-amd64-alpine-14.15.0.jar:/home/runner/.m2/repository/org/apache/commons/commons-lang3/3.14.0/commons-lang3-3.14.0.jar:/home/runner/.m2/repository/org/tukaani/xz/1.10/xz-1.10.jar:/home/runner/.m2/repository/commons-codec/commons-codec/1.18.0/commons-codec-1.18.0.jar:/home/runner/.m2/repository/org/postgresql/postgresql/42.7.4/postgresql-42.7.4.jar:/home/runner/.m2/repository/commons-io/commons-io/2.16.1/commons-io-2.16.1.jar:/home/runner/work/apicurio-testing/apicurio-testing/clusters/ci419/namespaces/inmemory/tests/integration/apicurio-registry/utils/importexport/target/apicurio-registry-utils-import-export-3.0.9.jar:/home/runner/.m2/repository/io/vertx/vertx-core/4.5.13/vertx-core-4.5.13.jar:/home/runner/.m2/repository/io/netty/netty-common/4.1.118.Final/netty-common-4.1.118.Final.jar:/home/runner/.m2/repository/io/netty/netty-buffer/4.1.118.Final/netty-buffer-4.1.118.Final.jar:/home/runner/.m2/repository/io/netty/netty-transport/4.1.118.Final/netty-transport-4.1.118.Final.jar:/home/runner/.m2/repository/io/netty/netty-handler/4.1.118.Final/netty-handler-4.1.118.Final.jar:/home/runner/.m2/repository/io/netty/netty-transport-native-unix-common/4.1.118.Final/netty-transport-native-unix-common-4.1.118.Final.jar:/home/runner/.m2/repository/io/netty/netty-codec/4.1.118.Final/netty-codec-4.1.118.Final.jar:/home/runner/.m2/repository/io/netty/netty-handler-proxy/4.1.118.Final/netty-handler-proxy-4.1.118.Final.jar:/home/runner/.m2/repository/io/netty/netty-codec-socks/4.1.118.Final/netty-codec-socks-4.1.118.Final.jar:/home/runner/.m2/repository/io/netty/netty-codec-http/4.1.118.Final/netty-codec-http-4.1.118.Final.jar:/home/runner/.m2/repository/io/netty/netty-codec-http2/4.1.118.Final/netty-codec-http2-4.1.118.Final.jar:/home/runner/.m2/repository/io/netty/netty-resolver/4.1.118.Final/netty-resolver-4.1.118.Final.jar:/home/runner/.m2/repository/io/netty/netty-resolver-dns/4.1.118.Final/netty-resolver-dns-4.1.118.Final.jar:/home/runner/.m2/repository/io/netty/netty-codec-dns/4.1.118.Final/netty-codec-dns-4.1.118.Final.jar:/home/runner/.m2/repository/com/fasterxml/jackson/core/jackson-core/2.17.2/jackson-core-2.17.2.jar:"/>
    <property name="java.vm.vendor" value="Eclipse Adoptium"/>
    <property name="maven.javadoc.skip" value="true"/>
    <property name="sun.arch.data.model" value="64"/>
    <property name="java.vendor.url" value="https://adoptium.net/"/>
    <property name="user.timezone" value="Etc/UTC"/>
    <property name="os.name" value="Linux"/>
    <property name="java.vm.specification.version" value="17"/>
    <property name="sun.java.launcher" value="SUN_STANDARD"/>
    <property name="quarkus.http.test-port" value="80"/>
    <property name="sun.boot.library.path" value="/usr/lib/jvm/temurin-17-jdk-amd64/lib"/>
    <property name="sun.java.command" value="/home/runner/work/apicurio-testing/apicurio-testing/clusters/ci419/namespaces/inmemory/tests/integration/apicurio-registry/integration-tests/target/surefire/surefirebooter-20250731152920635_3.jar /home/runner/work/apicurio-testing/apicurio-testing/clusters/ci419/namespaces/inmemory/tests/integration/apicurio-registry/integration-tests/target/surefire 2025-07-31T15-29-20_511-jvmRun1 surefire-20250731152920635_1tmp surefire_0-20250731152920635_2tmp"/>
    <property name="maven.home" value="/home/runner/.m2/wrapper/dists/apache-maven-3.9.8-bin/4fnp1ql35bgk2a0p7m31ovbgb0/apache-maven-3.9.8"/>
    <property name="jdk.debug" value="release"/>
    <property name="surefire.test.class.path" value="/home/runner/work/apicurio-testing/apicurio-testing/clusters/ci419/namespaces/inmemory/tests/integration/apicurio-registry/integration-tests/target/test-classes:/home/runner/work/apicurio-testing/apicurio-testing/clusters/ci419/namespaces/inmemory/tests/integration/apicurio-registry/integration-tests/target/apicurio-registry-integration-tests-3.0.9.jar:/home/runner/.m2/repository/io/quarkus/quarkus-junit5/3.15.4/quarkus-junit5-3.15.4.jar:/home/runner/.m2/repository/io/quarkus/quarkus-bootstrap-core/3.15.4/quarkus-bootstrap-core-3.15.4.jar:/home/runner/.m2/repository/io/quarkus/quarkus-classloader-commons/3.15.4/quarkus-classloader-commons-3.15.4.jar:/home/runner/.m2/repository/io/quarkus/quarkus-bootstrap-app-model/3.15.4/quarkus-bootstrap-app-model-3.15.4.jar:/home/runner/.m2/repository/io/smallrye/common/smallrye-common-io/2.6.1/smallrye-common-io-2.6.1.jar:/home/runner/.m2/repository/org/eclipse/sisu/org.eclipse.sisu.inject/0.9.0.M3/org.eclipse.sisu.inject-0.9.0.M3.jar:/home/runner/.m2/repository/io/quarkus/quarkus-test-common/3.15.4/quarkus-test-common-3.15.4.jar:/home/runner/.m2/repository/io/quarkus/quarkus-core-deployment/3.15.4/quarkus-core-deployment-3.15.4.jar:/home/runner/.m2/repository/org/aesh/readline/2.6/readline-2.6.jar:/home/runner/.m2/repository/org/fusesource/jansi/jansi/2.4.0/jansi-2.4.0.jar:/home/runner/.m2/repository/org/aesh/aesh/2.8.2/aesh-2.8.2.jar:/home/runner/.m2/repository/io/quarkus/gizmo/gizmo/1.8.0/gizmo-1.8.0.jar:/home/runner/.m2/repository/org/ow2/asm/asm-util/9.7/asm-util-9.7.jar:/home/runner/.m2/repository/org/ow2/asm/asm-analysis/9.7/asm-analysis-9.7.jar:/home/runner/.m2/repository/org/ow2/asm/asm-commons/9.7/asm-commons-9.7.jar:/home/runner/.m2/repository/org/ow2/asm/asm-tree/9.7/asm-tree-9.7.jar:/home/runner/.m2/repository/io/quarkus/quarkus-hibernate-validator-spi/3.15.4/quarkus-hibernate-validator-spi-3.15.4.jar:/home/runner/.m2/repository/io/quarkus/quarkus-class-change-agent/3.15.4/quarkus-class-change-agent-3.15.4.jar:/home/runner/.m2/repository/io/quarkus/quarkus-devtools-utilities/3.15.4/quarkus-devtools-utilities-3.15.4.jar:/home/runner/.m2/repository/io/quarkus/quarkus-builder/3.15.4/quarkus-builder-3.15.4.jar:/home/runner/.m2/repository/org/graalvm/sdk/nativeimage/23.1.2/nativeimage-23.1.2.jar:/home/runner/.m2/repository/org/graalvm/sdk/word/23.1.2/word-23.1.2.jar:/home/runner/.m2/repository/io/quarkus/quarkus-bootstrap-maven-resolver/3.15.4/quarkus-bootstrap-maven-resolver-3.15.4.jar:/home/runner/.m2/repository/io/smallrye/beanbag/smallrye-beanbag-maven/1.5.2/smallrye-beanbag-maven-1.5.2.jar:/home/runner/.m2/repository/io/smallrye/beanbag/smallrye-beanbag-sisu/1.5.2/smallrye-beanbag-sisu-1.5.2.jar:/home/runner/.m2/repository/io/smallrye/beanbag/smallrye-beanbag/1.5.2/smallrye-beanbag-1.5.2.jar:/home/runner/.m2/repository/javax/inject/javax.inject/1/javax.inject-1.jar:/home/runner/.m2/repository/org/apache/maven/maven-artifact/3.9.8/maven-artifact-3.9.8.jar:/home/runner/.m2/repository/org/apache/maven/maven-builder-support/3.9.8/maven-builder-support-3.9.8.jar:/home/runner/.m2/repository/org/apache/maven/maven-model/3.9.8/maven-model-3.9.8.jar:/home/runner/.m2/repository/org/apache/maven/maven-model-builder/3.9.8/maven-model-builder-3.9.8.jar:/home/runner/.m2/repository/org/apache/maven/maven-repository-metadata/3.9.8/maven-repository-metadata-3.9.8.jar:/home/runner/.m2/repository/org/apache/maven/maven-settings/3.9.8/maven-settings-3.9.8.jar:/home/runner/.m2/repository/org/apache/maven/resolver/maven-resolver-api/1.9.22/maven-resolver-api-1.9.22.jar:/home/runner/.m2/repository/org/apache/maven/resolver/maven-resolver-impl/1.9.22/maven-resolver-impl-1.9.22.jar:/home/runner/.m2/repository/org/apache/maven/resolver/maven-resolver-named-locks/1.9.22/maven-resolver-named-locks-1.9.22.jar:/home/runner/.m2/repository/org/apache/maven/resolver/maven-resolver-spi/1.9.22/maven-resolver-spi-1.9.22.jar:/home/runner/.m2/repository/org/apache/maven/resolver/maven-resolver-util/1.9.22/maven-resolver-util-1.9.22.jar:/home/runner/.m2/repository/org/apache/maven/resolver/maven-resolver-transport-http/1.9.20/maven-resolver-transport-http-1.9.20.jar:/home/runner/.m2/repository/org/apache/maven/wagon/wagon-provider-api/3.5.3/wagon-provider-api-3.5.3.jar:/home/runner/.m2/repository/org/apache/maven/wagon/wagon-http-shared/3.5.3/wagon-http-shared-3.5.3.jar:/home/runner/.m2/repository/org/codehaus/plexus/plexus-interpolation/1.26/plexus-interpolation-1.26.jar:/home/runner/.m2/repository/org/codehaus/plexus/plexus-utils/3.5.1/plexus-utils-3.5.1.jar:/home/runner/.m2/repository/org/codehaus/plexus/plexus-xml/4.0.1/plexus-xml-4.0.1.jar:/home/runner/.m2/repository/org/apache/maven/maven-xml-impl/4.0.0-alpha-5/maven-xml-impl-4.0.0-alpha-5.jar:/home/runner/.m2/repository/org/apache/maven/maven-api-xml/4.0.0-alpha-5/maven-api-xml-4.0.0-alpha-5.jar:/home/runner/.m2/repository/org/apache/maven/maven-api-meta/4.0.0-alpha-5/maven-api-meta-4.0.0-alpha-5.jar:/home/runner/.m2/repository/org/codehaus/plexus/plexus-cipher/2.0/plexus-cipher-2.0.jar:/home/runner/.m2/repository/org/codehaus/plexus/plexus-sec-dispatcher/2.0/plexus-sec-dispatcher-2.0.jar:/home/runner/.m2/repository/org/apache/maven/maven-embedder/3.9.8/maven-embedder-3.9.8.jar:/home/runner/.m2/repository/org/apache/maven/maven-core/3.9.8/maven-core-3.9.8.jar:/home/runner/.m2/repository/org/codehaus/plexus/plexus-component-annotations/2.1.0/plexus-component-annotations-2.1.0.jar:/home/runner/.m2/repository/org/apache/maven/maven-plugin-api/3.9.8/maven-plugin-api-3.9.8.jar:/home/runner/.m2/repository/org/apache/maven/shared/maven-shared-utils/3.4.2/maven-shared-utils-3.4.2.jar:/home/runner/.m2/repository/com/google/inject/guice/5.1.0/guice-5.1.0.jar:/home/runner/.m2/repository/aopalliance/aopalliance/1.0/aopalliance-1.0.jar:/home/runner/.m2/repository/javax/annotation/javax.annotation-api/1.3.2/javax.annotation-api-1.3.2.jar:/home/runner/.m2/repository/org/codehaus/plexus/plexus-classworlds/2.6.0/plexus-classworlds-2.6.0.jar:/home/runner/.m2/repository/commons-cli/commons-cli/1.8.0/commons-cli-1.8.0.jar:/home/runner/.m2/repository/org/eclipse/sisu/org.eclipse.sisu.plexus/0.9.0.M3/org.eclipse.sisu.plexus-0.9.0.M3.jar:/home/runner/.m2/repository/org/apache/maven/maven-settings-builder/3.9.8/maven-settings-builder-3.9.8.jar:/home/runner/.m2/repository/org/apache/maven/maven-resolver-provider/3.9.8/maven-resolver-provider-3.9.8.jar:/home/runner/.m2/repository/org/apache/maven/resolver/maven-resolver-connector-basic/1.9.22/maven-resolver-connector-basic-1.9.22.jar:/home/runner/.m2/repository/org/apache/maven/resolver/maven-resolver-transport-wagon/1.9.22/maven-resolver-transport-wagon-1.9.22.jar:/home/runner/.m2/repository/org/apache/maven/wagon/wagon-http/3.5.3/wagon-http-3.5.3.jar:/home/runner/.m2/repository/org/apache/maven/wagon/wagon-file/3.5.3/wagon-file-3.5.3.jar:/home/runner/.m2/repository/io/quarkus/quarkus-bootstrap-gradle-resolver/3.15.4/quarkus-bootstrap-gradle-resolver-3.15.4.jar:/home/runner/.m2/repository/io/smallrye/jandex/3.2.3/jandex-3.2.3.jar:/home/runner/.m2/repository/org/jboss/logging/commons-logging-jboss-logging/1.0.0.Final/commons-logging-jboss-logging-1.0.0.Final.jar:/home/runner/.m2/repository/io/quarkus/quarkus-junit5-properties/3.15.4/quarkus-junit5-properties-3.15.4.jar:/home/runner/.m2/repository/org/junit/jupiter/junit-jupiter/5.10.3/junit-jupiter-5.10.3.jar:/home/runner/.m2/repository/org/junit/jupiter/junit-jupiter-api/5.10.3/junit-jupiter-api-5.10.3.jar:/home/runner/.m2/repository/org/junit/jupiter/junit-jupiter-params/5.10.3/junit-jupiter-params-5.10.3.jar:/home/runner/.m2/repository/org/junit/jupiter/junit-jupiter-engine/5.10.3/junit-jupiter-engine-5.10.3.jar:/home/runner/.m2/repository/io/quarkus/quarkus-core/3.15.4/quarkus-core-3.15.4.jar:/home/runner/.m2/repository/jakarta/enterprise/jakarta.enterprise.cdi-api/4.1.0/jakarta.enterprise.cdi-api-4.1.0.jar:/home/runner/.m2/repository/jakarta/enterprise/jakarta.enterprise.lang-model/4.1.0/jakarta.enterprise.lang-model-4.1.0.jar:/home/runner/.m2/repository/jakarta/el/jakarta.el-api/5.0.1/jakarta.el-api-5.0.1.jar:/home/runner/.m2/repository/jakarta/interceptor/jakarta.interceptor-api/2.2.0/jakarta.interceptor-api-2.2.0.jar:/home/runner/.m2/repository/jakarta/inject/jakarta.inject-api/2.0.1/jakarta.inject-api-2.0.1.jar:/home/runner/.m2/repository/io/smallrye/common/smallrye-common-os/2.6.1/smallrye-common-os-2.6.1.jar:/home/runner/.m2/repository/io/quarkus/quarkus-ide-launcher/3.15.4/quarkus-ide-launcher-3.15.4.jar:/home/runner/.m2/repository/io/quarkus/quarkus-development-mode-spi/3.15.4/quarkus-development-mode-spi-3.15.4.jar:/home/runner/.m2/repository/io/smallrye/config/smallrye-config/3.9.1/smallrye-config-3.9.1.jar:/home/runner/.m2/repository/io/smallrye/config/smallrye-config-core/3.9.1/smallrye-config-core-3.9.1.jar:/home/runner/.m2/repository/io/smallrye/common/smallrye-common-annotation/2.6.1/smallrye-common-annotation-2.6.1.jar:/home/runner/.m2/repository/io/smallrye/common/smallrye-common-classloader/2.6.1/smallrye-common-classloader-2.6.1.jar:/home/runner/.m2/repository/io/smallrye/config/smallrye-config-common/3.9.1/smallrye-config-common-3.9.1.jar:/home/runner/.m2/repository/org/jboss/logging/jboss-logging/3.6.0.Final/jboss-logging-3.6.0.Final.jar:/home/runner/.m2/repository/org/jboss/logmanager/jboss-logmanager/3.1.1.Final/jboss-logmanager-3.1.1.Final.jar:/home/runner/.m2/repository/io/smallrye/common/smallrye-common-constraint/2.6.1/smallrye-common-constraint-2.6.1.jar:/home/runner/.m2/repository/io/smallrye/common/smallrye-common-cpu/2.6.1/smallrye-common-cpu-2.6.1.jar:/home/runner/.m2/repository/io/smallrye/common/smallrye-common-expression/2.6.1/smallrye-common-expression-2.6.1.jar:/home/runner/.m2/repository/io/smallrye/common/smallrye-common-function/2.6.1/smallrye-common-function-2.6.1.jar:/home/runner/.m2/repository/io/smallrye/common/smallrye-common-net/2.6.1/smallrye-common-net-2.6.1.jar:/home/runner/.m2/repository/io/smallrye/common/smallrye-common-ref/2.6.1/smallrye-common-ref-2.6.1.jar:/home/runner/.m2/repository/jakarta/json/jakarta.json-api/2.1.3/jakarta.json-api-2.1.3.jar:/home/runner/.m2/repository/org/eclipse/parsson/parsson/1.1.7/parsson-1.1.7.jar:/home/runner/.m2/repository/org/jboss/logging/jboss-logging-annotations/3.0.1.Final/jboss-logging-annotations-3.0.1.Final.jar:/home/runner/.m2/repository/org/jboss/threads/jboss-threads/3.6.1.Final/jboss-threads-3.6.1.Final.jar:/home/runner/.m2/repository/org/jboss/slf4j/slf4j-jboss-logmanager/2.0.0.Final/slf4j-jboss-logmanager-2.0.0.Final.jar:/home/runner/.m2/repository/org/wildfly/common/wildfly-common/1.7.0.Final/wildfly-common-1.7.0.Final.jar:/home/runner/.m2/repository/io/quarkus/quarkus-bootstrap-runner/3.15.4/quarkus-bootstrap-runner-3.15.4.jar:/home/runner/.m2/repository/io/github/crac/org-crac/0.1.3/org-crac-0.1.3.jar:/home/runner/.m2/repository/io/quarkus/quarkus-fs-util/0.0.10/quarkus-fs-util-0.0.10.jar:/home/runner/.m2/repository/org/jboss/marshalling/jboss-marshalling/2.2.1.Final/jboss-marshalling-2.2.1.Final.jar:/home/runner/.m2/repository/io/fabric8/kubernetes-client/6.13.5/kubernetes-client-6.13.5.jar:/home/runner/.m2/repository/io/fabric8/kubernetes-client-api/6.13.5/kubernetes-client-api-6.13.5.jar:/home/runner/.m2/repository/io/fabric8/kubernetes-model-core/6.13.5/kubernetes-model-core-6.13.5.jar:/home/runner/.m2/repository/io/fabric8/kubernetes-model-common/6.13.5/kubernetes-model-common-6.13.5.jar:/home/runner/.m2/repository/io/fabric8/kubernetes-model-gatewayapi/6.13.5/kubernetes-model-gatewayapi-6.13.5.jar:/home/runner/.m2/repository/io/fabric8/kubernetes-model-resource/6.13.5/kubernetes-model-resource-6.13.5.jar:/home/runner/.m2/repository/io/fabric8/kubernetes-model-rbac/6.13.5/kubernetes-model-rbac-6.13.5.jar:/home/runner/.m2/repository/io/fabric8/kubernetes-model-admissionregistration/6.13.5/kubernetes-model-admissionregistration-6.13.5.jar:/home/runner/.m2/repository/io/fabric8/kubernetes-model-apps/6.13.5/kubernetes-model-apps-6.13.5.jar:/home/runner/.m2/repository/io/fabric8/kubernetes-model-autoscaling/6.13.5/kubernetes-model-autoscaling-6.13.5.jar:/home/runner/.m2/repository/io/fabric8/kubernetes-model-apiextensions/6.13.5/kubernetes-model-apiextensions-6.13.5.jar:/home/runner/.m2/repository/io/fabric8/kubernetes-model-batch/6.13.5/kubernetes-model-batch-6.13.5.jar:/home/runner/.m2/repository/io/fabric8/kubernetes-model-certificates/6.13.5/kubernetes-model-certificates-6.13.5.jar:/home/runner/.m2/repository/io/fabric8/kubernetes-model-coordination/6.13.5/kubernetes-model-coordination-6.13.5.jar:/home/runner/.m2/repository/io/fabric8/kubernetes-model-discovery/6.13.5/kubernetes-model-discovery-6.13.5.jar:/home/runner/.m2/repository/io/fabric8/kubernetes-model-events/6.13.5/kubernetes-model-events-6.13.5.jar:/home/runner/.m2/repository/io/fabric8/kubernetes-model-extensions/6.13.5/kubernetes-model-extensions-6.13.5.jar:/home/runner/.m2/repository/io/fabric8/kubernetes-model-flowcontrol/6.13.5/kubernetes-model-flowcontrol-6.13.5.jar:/home/runner/.m2/repository/io/fabric8/kubernetes-model-networking/6.13.5/kubernetes-model-networking-6.13.5.jar:/home/runner/.m2/repository/io/fabric8/kubernetes-model-metrics/6.13.5/kubernetes-model-metrics-6.13.5.jar:/home/runner/.m2/repository/io/fabric8/kubernetes-model-policy/6.13.5/kubernetes-model-policy-6.13.5.jar:/home/runner/.m2/repository/io/fabric8/kubernetes-model-scheduling/6.13.5/kubernetes-model-scheduling-6.13.5.jar:/home/runner/.m2/repository/io/fabric8/kubernetes-model-storageclass/6.13.5/kubernetes-model-storageclass-6.13.5.jar:/home/runner/.m2/repository/io/fabric8/kubernetes-model-node/6.13.5/kubernetes-model-node-6.13.5.jar:/home/runner/.m2/repository/org/snakeyaml/snakeyaml-engine/2.7/snakeyaml-engine-2.7.jar:/home/runner/.m2/repository/com/fasterxml/jackson/dataformat/jackson-dataformat-yaml/2.15.2/jackson-dataformat-yaml-2.15.2.jar:/home/runner/.m2/repository/com/fasterxml/jackson/datatype/jackson-datatype-jsr310/2.17.2/jackson-datatype-jsr310-2.17.2.jar:/home/runner/.m2/repository/io/fabric8/zjsonpatch/0.3.0/zjsonpatch-0.3.0.jar:/home/runner/.m2/repository/io/fabric8/kubernetes-httpclient-vertx/6.13.5/kubernetes-httpclient-vertx-6.13.5.jar:/home/runner/.m2/repository/io/vertx/vertx-web-client/4.5.13/vertx-web-client-4.5.13.jar:/home/runner/.m2/repository/io/vertx/vertx-web-common/4.5.13/vertx-web-common-4.5.13.jar:/home/runner/.m2/repository/io/vertx/vertx-auth-common/4.5.13/vertx-auth-common-4.5.13.jar:/home/runner/.m2/repository/io/vertx/vertx-uri-template/4.5.13/vertx-uri-template-4.5.13.jar:/home/runner/.m2/repository/io/fabric8/openshift-client/6.13.5/openshift-client-6.13.5.jar:/home/runner/.m2/repository/io/fabric8/openshift-client-api/6.13.5/openshift-client-api-6.13.5.jar:/home/runner/.m2/repository/io/fabric8/openshift-model/6.13.5/openshift-model-6.13.5.jar:/home/runner/.m2/repository/io/fabric8/openshift-model-clusterautoscaling/6.13.5/openshift-model-clusterautoscaling-6.13.5.jar:/home/runner/.m2/repository/io/fabric8/openshift-model-operator/6.13.5/openshift-model-operator-6.13.5.jar:/home/runner/.m2/repository/io/fabric8/openshift-model-operatorhub/6.13.5/openshift-model-operatorhub-6.13.5.jar:/home/runner/.m2/repository/io/fabric8/openshift-model-machine/6.13.5/openshift-model-machine-6.13.5.jar:/home/runner/.m2/repository/io/fabric8/openshift-model-whereabouts/6.13.5/openshift-model-whereabouts-6.13.5.jar:/home/runner/.m2/repository/io/fabric8/openshift-model-monitoring/6.13.5/openshift-model-monitoring-6.13.5.jar:/home/runner/.m2/repository/io/fabric8/openshift-model-storageversionmigrator/6.13.5/openshift-model-storageversionmigrator-6.13.5.jar:/home/runner/.m2/repository/io/fabric8/openshift-model-tuned/6.13.5/openshift-model-tuned-6.13.5.jar:/home/runner/.m2/repository/io/fabric8/openshift-model-console/6.13.5/openshift-model-console-6.13.5.jar:/home/runner/.m2/repository/io/fabric8/openshift-model-config/6.13.5/openshift-model-config-6.13.5.jar:/home/runner/.m2/repository/io/fabric8/openshift-model-machineconfig/6.13.5/openshift-model-machineconfig-6.13.5.jar:/home/runner/.m2/repository/io/fabric8/openshift-model-miscellaneous/6.13.5/openshift-model-miscellaneous-6.13.5.jar:/home/runner/.m2/repository/io/fabric8/openshift-model-hive/6.13.5/openshift-model-hive-6.13.5.jar:/home/runner/.m2/repository/io/fabric8/openshift-model-installer/6.13.5/openshift-model-installer-6.13.5.jar:/home/runner/.m2/repository/com/github/mifmif/generex/1.0.2/generex-1.0.2.jar:/home/runner/.m2/repository/dk/brics/automaton/automaton/1.11-8/automaton-1.11-8.jar:/home/runner/.m2/repository/org/junit/platform/junit-platform-launcher/1.10.3/junit-platform-launcher-1.10.3.jar:/home/runner/.m2/repository/org/junit/platform/junit-platform-engine/1.10.3/junit-platform-engine-1.10.3.jar:/home/runner/.m2/repository/org/opentest4j/opentest4j/1.3.0/opentest4j-1.3.0.jar:/home/runner/.m2/repository/org/junit/platform/junit-platform-commons/1.10.3/junit-platform-commons-1.10.3.jar:/home/runner/.m2/repository/org/apiguardian/apiguardian-api/1.1.2/apiguardian-api-1.1.2.jar:/home/runner/.m2/repository/jakarta/ws/rs/jakarta.ws.rs-api/3.1.0/jakarta.ws.rs-api-3.1.0.jar:/home/runner/work/apicurio-testing/apicurio-testing/clusters/ci419/namespaces/inmemory/tests/integration/apicurio-registry/java-sdk/target/apicurio-registry-java-sdk-3.0.9.jar:/home/runner/.m2/repository/com/microsoft/kiota/microsoft-kiota-abstractions/1.8.4/microsoft-kiota-abstractions-1.8.4.jar:/home/runner/.m2/repository/io/github/std-uritemplate/std-uritemplate/2.0.0/std-uritemplate-2.0.0.jar:/home/runner/.m2/repository/io/kiota/kiota-http-jdk/0.0.21/kiota-http-jdk-0.0.21.jar:/home/runner/.m2/repository/io/kiota/kiota-http-vertx/0.0.21/kiota-http-vertx-0.0.21.jar:/home/runner/.m2/repository/io/kiota/kiota-serialization-jackson/0.0.21/kiota-serialization-jackson-0.0.21.jar:/home/runner/.m2/repository/com/microsoft/kiota/microsoft-kiota-serialization-text/1.8.4/microsoft-kiota-serialization-text-1.8.4.jar:/home/runner/.m2/repository/com/microsoft/kiota/microsoft-kiota-serialization-form/1.8.4/microsoft-kiota-serialization-form-1.8.4.jar:/home/runner/.m2/repository/com/microsoft/kiota/microsoft-kiota-serialization-multipart/1.8.4/microsoft-kiota-serialization-multipart-1.8.4.jar:/home/runner/.m2/repository/jakarta/annotation/jakarta.annotation-api/3.0.0/jakarta.annotation-api-3.0.0.jar:/home/runner/.m2/repository/io/vertx/vertx-auth-oauth2/4.5.13/vertx-auth-oauth2-4.5.13.jar:/home/runner/work/apicurio-testing/apicurio-testing/clusters/ci419/namespaces/inmemory/tests/integration/apicurio-registry/java-sdk-v2/target/apicurio-registry-v2-java-sdk-3.0.9.jar:/home/runner/work/apicurio-testing/apicurio-testing/clusters/ci419/namespaces/inmemory/tests/integration/apicurio-registry/utils/kafka/target/apicurio-registry-utils-kafka-3.0.9-tests.jar:/home/runner/.m2/repository/org/eclipse/microprofile/config/microprofile-config-api/3.1/microprofile-config-api-3.1.jar:/home/runner/.m2/repository/org/apache/kafka/kafka-clients/3.9.0/kafka-clients-3.9.0.jar:/home/runner/.m2/repository/com/github/luben/zstd-jni/1.5.6-4/zstd-jni-1.5.6-4.jar:/home/runner/.m2/repository/org/lz4/lz4-java/1.8.0/lz4-java-1.8.0.jar:/home/runner/.m2/repository/org/xerial/snappy/snappy-java/1.1.10.5/snappy-java-1.1.10.5.jar:/home/runner/.m2/repository/org/slf4j/slf4j-api/2.0.6/slf4j-api-2.0.6.jar:/home/runner/work/apicurio-testing/apicurio-testing/clusters/ci419/namespaces/inmemory/tests/integration/apicurio-registry/utils/tests/target/apicurio-registry-utils-tests-3.0.9.jar:/home/runner/work/apicurio-testing/apicurio-testing/clusters/ci419/namespaces/inmemory/tests/integration/apicurio-registry/common/target/apicurio-registry-common-3.0.9.jar:/home/runner/.m2/repository/jakarta/validation/jakarta.validation-api/3.0.2/jakarta.validation-api-3.0.2.jar:/home/runner/.m2/repository/com/github/dasniko/testcontainers-keycloak/3.6.0/testcontainers-keycloak-3.6.0.jar:/home/runner/.m2/repository/org/testcontainers/testcontainers/1.20.1/testcontainers-1.20.1.jar:/home/runner/.m2/repository/org/rnorth/duct-tape/duct-tape/1.0.8/duct-tape-1.0.8.jar:/home/runner/.m2/repository/org/jetbrains/annotations/24.1.0/annotations-24.1.0.jar:/home/runner/.m2/repository/com/github/docker-java/docker-java-transport-zerodep/3.4.0/docker-java-transport-zerodep-3.4.0.jar:/home/runner/.m2/repository/com/github/docker-java/docker-java-transport/3.4.0/docker-java-transport-3.4.0.jar:/home/runner/.m2/repository/net/java/dev/jna/jna/5.8.0/jna-5.8.0.jar:/home/runner/.m2/repository/io/quarkus/quarkus-junit4-mock/3.15.4/quarkus-junit4-mock-3.15.4.jar:/home/runner/.m2/repository/org/jboss/shrinkwrap/shrinkwrap-api/2.0.0-beta-2/shrinkwrap-api-2.0.0-beta-2.jar:/home/runner/.m2/repository/org/jboss/shrinkwrap/shrinkwrap-impl-base/2.0.0-beta-2/shrinkwrap-impl-base-2.0.0-beta-2.jar:/home/runner/.m2/repository/org/jboss/shrinkwrap/shrinkwrap-spi/2.0.0-beta-2/shrinkwrap-spi-2.0.0-beta-2.jar:/home/runner/.m2/repository/org/keycloak/keycloak-admin-client/25.0.6/keycloak-admin-client-25.0.6.jar:/home/runner/.m2/repository/org/keycloak/keycloak-core/25.0.6/keycloak-core-25.0.6.jar:/home/runner/.m2/repository/org/keycloak/keycloak-common/25.0.6/keycloak-common-25.0.6.jar:/home/runner/.m2/repository/org/jboss/resteasy/resteasy-client/6.2.9.Final/resteasy-client-6.2.9.Final.jar:/home/runner/.m2/repository/org/jboss/resteasy/resteasy-client-api/6.2.9.Final/resteasy-client-api-6.2.9.Final.jar:/home/runner/.m2/repository/org/jboss/resteasy/resteasy-core-spi/6.2.9.Final/resteasy-core-spi-6.2.9.Final.jar:/home/runner/.m2/repository/org/jboss/resteasy/resteasy-core/6.2.9.Final/resteasy-core-6.2.9.Final.jar:/home/runner/.m2/repository/org/eclipse/angus/angus-activation/2.0.2/angus-activation-2.0.2.jar:/home/runner/.m2/repository/com/ibm/async/asyncutil/0.1.0/asyncutil-0.1.0.jar:/home/runner/.m2/repository/org/reactivestreams/reactive-streams/1.0.4/reactive-streams-1.0.4.jar:/home/runner/.m2/repository/org/jboss/resteasy/resteasy-multipart-provider/6.2.9.Final/resteasy-multipart-provider-6.2.9.Final.jar:/home/runner/.m2/repository/jakarta/mail/jakarta.mail-api/2.1.2/jakarta.mail-api-2.1.2.jar:/home/runner/.m2/repository/org/eclipse/angus/angus-mail/2.0.3/angus-mail-2.0.3.jar:/home/runner/.m2/repository/org/apache/james/apache-mime4j-dom/0.8.11/apache-mime4j-dom-0.8.11.jar:/home/runner/.m2/repository/org/apache/james/apache-mime4j-core/0.8.11/apache-mime4j-core-0.8.11.jar:/home/runner/.m2/repository/org/apache/james/apache-mime4j-storage/0.8.11/apache-mime4j-storage-0.8.11.jar:/home/runner/.m2/repository/org/jboss/resteasy/resteasy-jackson2-provider/6.2.9.Final/resteasy-jackson2-provider-6.2.9.Final.jar:/home/runner/.m2/repository/com/fasterxml/jackson/jakarta/rs/jackson-jakarta-rs-base/2.17.2/jackson-jakarta-rs-base-2.17.2.jar:/home/runner/.m2/repository/com/fasterxml/jackson/jakarta/rs/jackson-jakarta-rs-json-provider/2.17.2/jackson-jakarta-rs-json-provider-2.17.2.jar:/home/runner/.m2/repository/com/fasterxml/jackson/module/jackson-module-jakarta-xmlbind-annotations/2.17.2/jackson-module-jakarta-xmlbind-annotations-2.17.2.jar:/home/runner/.m2/repository/com/github/java-json-tools/json-patch/1.13/json-patch-1.13.jar:/home/runner/.m2/repository/com/github/java-json-tools/msg-simple/1.2/msg-simple-1.2.jar:/home/runner/.m2/repository/com/github/java-json-tools/btf/1.3/btf-1.3.jar:/home/runner/.m2/repository/com/github/java-json-tools/jackson-coreutils/2.0/jackson-coreutils-2.0.jar:/home/runner/.m2/repository/org/jboss/resteasy/resteasy-jaxb-provider/6.2.9.Final/resteasy-jaxb-provider-6.2.9.Final.jar:/home/runner/.m2/repository/org/glassfish/jaxb/codemodel/4.0.3/codemodel-4.0.3.jar:/home/runner/.m2/repository/org/glassfish/jaxb/jaxb-core/4.0.5/jaxb-core-4.0.5.jar:/home/runner/.m2/repository/org/glassfish/jaxb/jaxb-jxc/4.0.3/jaxb-jxc-4.0.3.jar:/home/runner/.m2/repository/org/glassfish/jaxb/jaxb-runtime/4.0.5/jaxb-runtime-4.0.5.jar:/home/runner/.m2/repository/org/glassfish/jaxb/txw2/4.0.5/txw2-4.0.5.jar:/home/runner/.m2/repository/org/glassfish/jaxb/jaxb-xjc/4.0.3/jaxb-xjc-4.0.3.jar:/home/runner/.m2/repository/org/glassfish/jaxb/xsom/4.0.3/xsom-4.0.3.jar:/home/runner/.m2/repository/com/sun/istack/istack-commons-runtime/4.1.2/istack-commons-runtime-4.1.2.jar:/home/runner/.m2/repository/com/sun/istack/istack-commons-tools/4.1.2/istack-commons-tools-4.1.2.jar:/home/runner/.m2/repository/com/sun/xml/bind/external/relaxng-datatype/4.0.3/relaxng-datatype-4.0.3.jar:/home/runner/.m2/repository/com/sun/xml/bind/external/rngom/4.0.3/rngom-4.0.3.jar:/home/runner/.m2/repository/org/testcontainers/mssqlserver/1.20.1/mssqlserver-1.20.1.jar:/home/runner/.m2/repository/org/testcontainers/jdbc/1.20.1/jdbc-1.20.1.jar:/home/runner/.m2/repository/org/testcontainers/database-commons/1.20.1/database-commons-1.20.1.jar:/home/runner/.m2/repository/org/testcontainers/mysql/1.20.1/mysql-1.20.1.jar:/home/runner/.m2/repository/io/strimzi/strimzi-test-container/0.107.0/strimzi-test-container-0.107.0.jar:/home/runner/.m2/repository/org/testcontainers/toxiproxy/1.20.1/toxiproxy-1.20.1.jar:/home/runner/.m2/repository/com/github/docker-java/docker-java-api/3.4.0/docker-java-api-3.4.0.jar:/home/runner/.m2/repository/eu/rekawek/toxiproxy/toxiproxy-java/2.1.7/toxiproxy-java-2.1.7.jar:/home/runner/.m2/repository/junit/junit/4.13.2/junit-4.13.2.jar:/home/runner/.m2/repository/org/hamcrest/hamcrest-core/1.3/hamcrest-core-1.3.jar:/home/runner/.m2/repository/org/testcontainers/pulsar/1.20.4/pulsar-1.20.4.jar:/home/runner/.m2/repository/io/debezium/debezium-testing-testcontainers/2.6.2.Final/debezium-testing-testcontainers-2.6.2.Final.jar:/home/runner/.m2/repository/org/testcontainers/kafka/1.20.1/kafka-1.20.1.jar:/home/runner/.m2/repository/com/squareup/okhttp3/okhttp/4.8.1/okhttp-4.8.1.jar:/home/runner/.m2/repository/com/squareup/okio/okio/3.10.2/okio-3.10.2.jar:/home/runner/.m2/repository/com/squareup/okio/okio-jvm/3.10.2/okio-jvm-3.10.2.jar:/home/runner/.m2/repository/org/jetbrains/kotlin/kotlin-stdlib/2.0.10/kotlin-stdlib-2.0.10.jar:/home/runner/.m2/repository/org/awaitility/awaitility/4.2.2/awaitility-4.2.2.jar:/home/runner/.m2/repository/org/testcontainers/mongodb/1.20.1/mongodb-1.20.1.jar:/home/runner/.m2/repository/org/testcontainers/oracle-xe/1.20.1/oracle-xe-1.20.1.jar:/home/runner/.m2/repository/org/testcontainers/postgresql/1.20.1/postgresql-1.20.1.jar:/home/runner/.m2/repository/org/wiremock/wiremock/3.0.1/wiremock-3.0.1.jar:/home/runner/.m2/repository/org/eclipse/jetty/jetty-server/11.0.15/jetty-server-11.0.15.jar:/home/runner/.m2/repository/org/eclipse/jetty/toolchain/jetty-jakarta-servlet-api/5.0.2/jetty-jakarta-servlet-api-5.0.2.jar:/home/runner/.m2/repository/org/eclipse/jetty/jetty-http/11.0.15/jetty-http-11.0.15.jar:/home/runner/.m2/repository/org/eclipse/jetty/jetty-io/11.0.15/jetty-io-11.0.15.jar:/home/runner/.m2/repository/org/eclipse/jetty/jetty-servlet/11.0.15/jetty-servlet-11.0.15.jar:/home/runner/.m2/repository/org/eclipse/jetty/jetty-security/11.0.15/jetty-security-11.0.15.jar:/home/runner/.m2/repository/org/eclipse/jetty/jetty-servlets/11.0.15/jetty-servlets-11.0.15.jar:/home/runner/.m2/repository/org/eclipse/jetty/jetty-util/11.0.15/jetty-util-11.0.15.jar:/home/runner/.m2/repository/org/eclipse/jetty/jetty-webapp/11.0.15/jetty-webapp-11.0.15.jar:/home/runner/.m2/repository/org/eclipse/jetty/jetty-xml/11.0.15/jetty-xml-11.0.15.jar:/home/runner/.m2/repository/org/eclipse/jetty/jetty-proxy/11.0.15/jetty-proxy-11.0.15.jar:/home/runner/.m2/repository/org/eclipse/jetty/jetty-client/11.0.15/jetty-client-11.0.15.jar:/home/runner/.m2/repository/org/eclipse/jetty/http2/http2-server/11.0.15/http2-server-11.0.15.jar:/home/runner/.m2/repository/org/eclipse/jetty/http2/http2-common/11.0.15/http2-common-11.0.15.jar:/home/runner/.m2/repository/org/eclipse/jetty/http2/http2-hpack/11.0.15/http2-hpack-11.0.15.jar:/home/runner/.m2/repository/org/eclipse/jetty/jetty-alpn-server/11.0.15/jetty-alpn-server-11.0.15.jar:/home/runner/.m2/repository/org/eclipse/jetty/jetty-alpn-java-server/11.0.15/jetty-alpn-java-server-11.0.15.jar:/home/runner/.m2/repository/org/eclipse/jetty/jetty-alpn-java-client/11.0.15/jetty-alpn-java-client-11.0.15.jar:/home/runner/.m2/repository/org/eclipse/jetty/jetty-alpn-client/11.0.15/jetty-alpn-client-11.0.15.jar:/home/runner/.m2/repository/org/apache/httpcomponents/client5/httpclient5/5.2.1/httpclient5-5.2.1.jar:/home/runner/.m2/repository/org/apache/httpcomponents/core5/httpcore5/5.2/httpcore5-5.2.jar:/home/runner/.m2/repository/org/apache/httpcomponents/core5/httpcore5-h2/5.2/httpcore5-h2-5.2.jar:/home/runner/.m2/repository/org/xmlunit/xmlunit-core/2.9.1/xmlunit-core-2.9.1.jar:/home/runner/.m2/repository/jakarta/xml/bind/jakarta.xml.bind-api/4.0.2/jakarta.xml.bind-api-4.0.2.jar:/home/runner/.m2/repository/jakarta/activation/jakarta.activation-api/2.1.3/jakarta.activation-api-2.1.3.jar:/home/runner/.m2/repository/org/xmlunit/xmlunit-legacy/2.9.1/xmlunit-legacy-2.9.1.jar:/home/runner/.m2/repository/org/xmlunit/xmlunit-placeholders/2.9.1/xmlunit-placeholders-2.9.1.jar:/home/runner/.m2/repository/net/javacrumbs/json-unit/json-unit-core/2.38.0/json-unit-core-2.38.0.jar:/home/runner/.m2/repository/com/jayway/jsonpath/json-path/2.8.0/json-path-2.8.0.jar:/home/runner/.m2/repository/net/minidev/json-smart/2.4.10/json-smart-2.4.10.jar:/home/runner/.m2/repository/net/minidev/accessors-smart/2.4.9/accessors-smart-2.4.9.jar:/home/runner/.m2/repository/org/ow2/asm/asm/9.7/asm-9.7.jar:/home/runner/.m2/repository/net/sf/jopt-simple/jopt-simple/5.0.4/jopt-simple-5.0.4.jar:/home/runner/.m2/repository/com/github/jknack/handlebars/4.3.1/handlebars-4.3.1.jar:/home/runner/.m2/repository/com/github/jknack/handlebars-helpers/4.3.1/handlebars-helpers-4.3.1.jar:/home/runner/.m2/repository/commons-fileupload/commons-fileupload/1.5/commons-fileupload-1.5.jar:/home/runner/.m2/repository/com/networknt/json-schema-validator/1.5.5/json-schema-validator-1.5.5.jar:/home/runner/.m2/repository/com/ethlo/time/itu/1.10.3/itu-1.10.3.jar:/home/runner/.m2/repository/io/quarkus/quarkus-smallrye-jwt-build/3.15.4/quarkus-smallrye-jwt-build-3.15.4.jar:/home/runner/.m2/repository/io/smallrye/smallrye-jwt-build/4.5.3/smallrye-jwt-build-4.5.3.jar:/home/runner/.m2/repository/org/eclipse/microprofile/jwt/microprofile-jwt-auth-api/2.1/microprofile-jwt-auth-api-2.1.jar:/home/runner/.m2/repository/org/bitbucket/b_c/jose4j/0.9.6/jose4j-0.9.6.jar:/home/runner/.m2/repository/io/smallrye/smallrye-jwt-common/4.5.3/smallrye-jwt-common-4.5.3.jar:/home/runner/.m2/repository/io/quarkus/quarkus-jsonp/3.15.4/quarkus-jsonp-3.15.4.jar:/home/runner/.m2/repository/io/quarkus/quarkus-arc/3.15.4/quarkus-arc-3.15.4.jar:/home/runner/.m2/repository/io/quarkus/arc/arc/3.15.4/arc-3.15.4.jar:/home/runner/.m2/repository/jakarta/transaction/jakarta.transaction-api/2.0.1/jakarta.transaction-api-2.0.1.jar:/home/runner/.m2/repository/io/smallrye/reactive/mutiny/2.6.2/mutiny-2.6.2.jar:/home/runner/.m2/repository/org/jctools/jctools-core/4.0.5/jctools-core-4.0.5.jar:/home/runner/.m2/repository/org/eclipse/microprofile/context-propagation/microprofile-context-propagation-api/1.3/microprofile-context-propagation-api-1.3.jar:/home/runner/.m2/repository/io/apicurio/apicurio-common-rest-client-common/0.1.18.Final/apicurio-common-rest-client-common-0.1.18.Final.jar:/home/runner/work/apicurio-testing/apicurio-testing/clusters/ci419/namespaces/inmemory/tests/integration/apicurio-registry/utils/maven-plugin/target/apicurio-registry-maven-plugin-3.0.9.jar:/home/runner/.m2/repository/com/fasterxml/jackson/core/jackson-databind/2.17.2/jackson-databind-2.17.2.jar:/home/runner/.m2/repository/org/apache/avro/avro/1.12.0/avro-1.12.0.jar:/home/runner/.m2/repository/com/google/protobuf/protobuf-java/3.25.8/protobuf-java-3.25.8.jar:/home/runner/.m2/repository/com/google/protobuf/protobuf-java-util/3.25.8/protobuf-java-util-3.25.8.jar:/home/runner/.m2/repository/com/google/code/findbugs/jsr305/3.0.2/jsr305-3.0.2.jar:/home/runner/.m2/repository/com/google/code/gson/gson/2.11.0/gson-2.11.0.jar:/home/runner/.m2/repository/com/google/errorprone/error_prone_annotations/2.30.0/error_prone_annotations-2.30.0.jar:/home/runner/.m2/repository/com/google/j2objc/j2objc-annotations/2.8/j2objc-annotations-2.8.jar:/home/runner/work/apicurio-testing/apicurio-testing/clusters/ci419/namespaces/inmemory/tests/integration/apicurio-registry/schema-util/util-provider/target/apicurio-registry-schema-util-provider-3.0.9.jar:/home/runner/work/apicurio-testing/apicurio-testing/clusters/ci419/namespaces/inmemory/tests/integration/apicurio-registry/schema-util/common/target/apicurio-registry-schema-util-common-3.0.9.jar:/home/runner/.m2/repository/com/fasterxml/jackson/module/jackson-module-parameter-names/2.17.2/jackson-module-parameter-names-2.17.2.jar:/home/runner/.m2/repository/com/fasterxml/jackson/datatype/jackson-datatype-json-org/2.18.2/jackson-datatype-json-org-2.18.2.jar:/home/runner/work/apicurio-testing/apicurio-testing/clusters/ci419/namespaces/inmemory/tests/integration/apicurio-registry/schema-util/json/target/apicurio-registry-schema-util-json-3.0.9.jar:/home/runner/.m2/repository/com/github/erosb/everit-json-schema/1.14.5/everit-json-schema-1.14.5.jar:/home/runner/.m2/repository/commons-validator/commons-validator/1.9.0/commons-validator-1.9.0.jar:/home/runner/.m2/repository/commons-digester/commons-digester/2.1/commons-digester-2.1.jar:/home/runner/.m2/repository/commons-collections/commons-collections/3.2.2/commons-collections-3.2.2.jar:/home/runner/.m2/repository/com/damnhandy/handy-uri-templates/2.1.8/handy-uri-templates-2.1.8.jar:/home/runner/.m2/repository/joda-time/joda-time/2.10.2/joda-time-2.10.2.jar:/home/runner/.m2/repository/com/github/erosb/json-sKema/0.20.0/json-sKema-0.20.0.jar:/home/runner/.m2/repository/io/vertx/vertx-json-schema/4.5.13/vertx-json-schema-4.5.13.jar:/home/runner/work/apicurio-testing/apicurio-testing/clusters/ci419/namespaces/inmemory/tests/integration/apicurio-registry/schema-util/protobuf/target/apicurio-registry-schema-util-protobuf-3.0.9.jar:/home/runner/work/apicurio-testing/apicurio-testing/clusters/ci419/namespaces/inmemory/tests/integration/apicurio-registry/utils/protobuf-schema-utilities/target/apicurio-registry-protobuf-schema-utilities-3.0.9.jar:/home/runner/.m2/repository/com/google/api/grpc/proto-google-common-protos/2.52.0/proto-google-common-protos-2.52.0.jar:/home/runner/.m2/repository/com/squareup/wire/wire-schema-jvm/5.1.0/wire-schema-jvm-5.1.0.jar:/home/runner/.m2/repository/com/squareup/javapoet/1.13.0/javapoet-1.13.0.jar:/home/runner/.m2/repository/com/squareup/kotlinpoet-jvm/1.18.1/kotlinpoet-jvm-1.18.1.jar:/home/runner/.m2/repository/org/jetbrains/kotlin/kotlin-reflect/2.0.10/kotlin-reflect-2.0.10.jar:/home/runner/.m2/repository/com/squareup/wire/wire-runtime-jvm/5.1.0/wire-runtime-jvm-5.1.0.jar:/home/runner/.m2/repository/com/ibm/icu/icu4j/76.1/icu4j-76.1.jar:/home/runner/.m2/repository/com/squareup/okio/okio-fakefilesystem/3.10.2/okio-fakefilesystem-3.10.2.jar:/home/runner/.m2/repository/com/squareup/okio/okio-fakefilesystem-jvm/3.10.2/okio-fakefilesystem-jvm-3.10.2.jar:/home/runner/.m2/repository/org/jetbrains/kotlinx/kotlinx-datetime-jvm/0.6.1/kotlinx-datetime-jvm-0.6.1.jar:/home/runner/work/apicurio-testing/apicurio-testing/clusters/ci419/namespaces/inmemory/tests/integration/apicurio-registry/schema-util/asyncapi/target/apicurio-registry-schema-util-asyncapi-3.0.9.jar:/home/runner/work/apicurio-testing/apicurio-testing/clusters/ci419/namespaces/inmemory/tests/integration/apicurio-registry/schema-util/avro/target/apicurio-registry-schema-util-avro-3.0.9.jar:/home/runner/work/apicurio-testing/apicurio-testing/clusters/ci419/namespaces/inmemory/tests/integration/apicurio-registry/schema-util/graphql/target/apicurio-registry-schema-util-graphql-3.0.9.jar:/home/runner/.m2/repository/com/graphql-java/graphql-java/22.3/graphql-java-22.3.jar:/home/runner/.m2/repository/com/graphql-java/java-dataloader/3.3.0/java-dataloader-3.3.0.jar:/home/runner/work/apicurio-testing/apicurio-testing/clusters/ci419/namespaces/inmemory/tests/integration/apicurio-registry/schema-util/kconnect/target/apicurio-registry-schema-util-kconnect-3.0.9.jar:/home/runner/work/apicurio-testing/apicurio-testing/clusters/ci419/namespaces/inmemory/tests/integration/apicurio-registry/schema-util/openapi/target/apicurio-registry-schema-util-openapi-3.0.9.jar:/home/runner/.m2/repository/io/apicurio/apicurio-data-models/2.2.1/apicurio-data-models-2.2.1.jar:/home/runner/.m2/repository/org/openapitools/openapidiff/openapi-diff-core/2.0.1/openapi-diff-core-2.0.1.jar:/home/runner/.m2/repository/io/swagger/parser/v3/swagger-parser/2.0.28/swagger-parser-2.0.28.jar:/home/runner/.m2/repository/io/swagger/parser/v3/swagger-parser-v2-converter/2.0.28/swagger-parser-v2-converter-2.0.28.jar:/home/runner/.m2/repository/io/swagger/swagger-core/1.6.3/swagger-core-1.6.3.jar:/home/runner/.m2/repository/io/swagger/swagger-models/1.6.3/swagger-models-1.6.3.jar:/home/runner/.m2/repository/io/swagger/swagger-annotations/1.6.3/swagger-annotations-1.6.3.jar:/home/runner/.m2/repository/io/swagger/swagger-parser/1.0.56/swagger-parser-1.0.56.jar:/home/runner/.m2/repository/io/swagger/swagger-compat-spec-parser/1.0.56/swagger-compat-spec-parser-1.0.56.jar:/home/runner/.m2/repository/com/github/java-json-tools/json-schema-validator/2.2.14/json-schema-validator-2.2.14.jar:/home/runner/.m2/repository/com/github/java-json-tools/jackson-coreutils-equivalence/1.0/jackson-coreutils-equivalence-1.0.jar:/home/runner/.m2/repository/com/github/java-json-tools/json-schema-core/1.2.14/json-schema-core-1.2.14.jar:/home/runner/.m2/repository/com/github/java-json-tools/uri-template/0.10/uri-template-0.10.jar:/home/runner/.m2/repository/com/sun/mail/mailapi/1.6.2/mailapi-1.6.2.jar:/home/runner/.m2/repository/com/googlecode/libphonenumber/libphonenumber/8.11.1/libphonenumber-8.11.1.jar:/home/runner/.m2/repository/com/j2html/j2html/1.5.0/j2html-1.5.0.jar:/home/runner/.m2/repository/org/apache/commons/commons-collections4/4.4/commons-collections4-4.4.jar:/home/runner/.m2/repository/commons-httpclient/commons-httpclient/3.1/commons-httpclient-3.1.jar:/home/runner/.m2/repository/io/swagger/parser/v3/swagger-parser-v3/2.1.25/swagger-parser-v3-2.1.25.jar:/home/runner/.m2/repository/io/swagger/core/v3/swagger-models/2.2.28/swagger-models-2.2.28.jar:/home/runner/.m2/repository/io/swagger/core/v3/swagger-core/2.2.28/swagger-core-2.2.28.jar:/home/runner/.m2/repository/io/swagger/parser/v3/swagger-parser-core/2.1.25/swagger-parser-core-2.1.25.jar:/home/runner/.m2/repository/io/swagger/parser/v3/swagger-parser-safe-url-resolver/2.1.25/swagger-parser-safe-url-resolver-2.1.25.jar:/home/runner/work/apicurio-testing/apicurio-testing/clusters/ci419/namespaces/inmemory/tests/integration/apicurio-registry/schema-util/wsdl/target/apicurio-registry-schema-util-wsdl-3.0.9.jar:/home/runner/.m2/repository/wsdl4j/wsdl4j/1.6.3/wsdl4j-1.6.3.jar:/home/runner/work/apicurio-testing/apicurio-testing/clusters/ci419/namespaces/inmemory/tests/integration/apicurio-registry/schema-util/xml/target/apicurio-registry-schema-util-xml-3.0.9.jar:/home/runner/.m2/repository/org/apache/santuario/xmlsec/4.0.3/xmlsec-4.0.3.jar:/home/runner/.m2/repository/com/fasterxml/woodstox/woodstox-core/7.1.0/woodstox-core-7.1.0.jar:/home/runner/.m2/repository/org/codehaus/woodstox/stax2-api/4.2.2/stax2-api-4.2.2.jar:/home/runner/work/apicurio-testing/apicurio-testing/clusters/ci419/namespaces/inmemory/tests/integration/apicurio-registry/schema-util/xsd/target/apicurio-registry-schema-util-xsd-3.0.9.jar:/home/runner/work/apicurio-testing/apicurio-testing/clusters/ci419/namespaces/inmemory/tests/integration/apicurio-registry/serdes/kafka/jsonschema-serde/target/apicurio-registry-jsonschema-serde-kafka-3.0.9.jar:/home/runner/work/apicurio-testing/apicurio-testing/clusters/ci419/namespaces/inmemory/tests/integration/apicurio-registry/serdes/kafka/serde-kafka-common/target/apicurio-registry-serde-kafka-common-3.0.9.jar:/home/runner/work/apicurio-testing/apicurio-testing/clusters/ci419/namespaces/inmemory/tests/integration/apicurio-registry/serdes/generic/serde-common/target/apicurio-registry-serde-common-3.0.9.jar:/home/runner/work/apicurio-testing/apicurio-testing/clusters/ci419/namespaces/inmemory/tests/integration/apicurio-registry/schema-resolver/target/apicurio-registry-schema-resolver-3.0.9.jar:/home/runner/work/apicurio-testing/apicurio-testing/clusters/ci419/namespaces/inmemory/tests/integration/apicurio-registry/serdes/generic/serde-common-jsonschema/target/apicurio-registry-serde-common-jsonschema-3.0.9.jar:/home/runner/.m2/repository/org/json/json/20250107/json-20250107.jar:/home/runner/work/apicurio-testing/apicurio-testing/clusters/ci419/namespaces/inmemory/tests/integration/apicurio-registry/serdes/kafka/avro-serde/target/apicurio-registry-avro-serde-kafka-3.0.9.jar:/home/runner/work/apicurio-testing/apicurio-testing/clusters/ci419/namespaces/inmemory/tests/integration/apicurio-registry/serdes/generic/serde-common-avro/target/apicurio-registry-serde-common-avro-3.0.9.jar:/home/runner/work/apicurio-testing/apicurio-testing/clusters/ci419/namespaces/inmemory/tests/integration/apicurio-registry/serdes/kafka/protobuf-serde/target/apicurio-registry-protobuf-serde-kafka-3.0.9.jar:/home/runner/work/apicurio-testing/apicurio-testing/clusters/ci419/namespaces/inmemory/tests/integration/apicurio-registry/serdes/generic/serde-common-protobuf/target/apicurio-registry-serde-common-protobuf-3.0.9.jar:/home/runner/.m2/repository/com/squareup/wire/wire-schema/5.1.0/wire-schema-5.1.0.jar:/home/runner/.m2/repository/com/squareup/wire/wire-runtime/5.1.0/wire-runtime-5.1.0.jar:/home/runner/work/apicurio-testing/apicurio-testing/clusters/ci419/namespaces/inmemory/tests/integration/apicurio-registry/serdes/pulsar/avro-serde/target/apicurio-registry-avro-serde-pulsar-3.0.9.jar:/home/runner/.m2/repository/org/apache/pulsar/pulsar-functions-api/3.3.4/pulsar-functions-api-3.3.4.jar:/home/runner/work/apicurio-testing/apicurio-testing/clusters/ci419/namespaces/inmemory/tests/integration/apicurio-registry/serdes/nats/avro-serde/target/apicurio-registry-avro-serde-nats-3.0.9.jar:/home/runner/.m2/repository/io/nats/jnats/2.20.5/jnats-2.20.5.jar:/home/runner/.m2/repository/net/i2p/crypto/eddsa/0.3.0/eddsa-0.3.0.jar:/home/runner/work/apicurio-testing/apicurio-testing/clusters/ci419/namespaces/inmemory/tests/integration/apicurio-registry/utils/converter/target/apicurio-registry-utils-converter-3.0.9.jar:/home/runner/.m2/repository/org/apache/kafka/connect-api/3.9.1/connect-api-3.9.1.jar:/home/runner/.m2/repository/javax/ws/rs/javax.ws.rs-api/2.1.1/javax.ws.rs-api-2.1.1.jar:/home/runner/.m2/repository/org/apache/kafka/connect-json/3.9.1/connect-json-3.9.1.jar:/home/runner/.m2/repository/com/fasterxml/jackson/datatype/jackson-datatype-jdk8/2.17.2/jackson-datatype-jdk8-2.17.2.jar:/home/runner/.m2/repository/com/fasterxml/jackson/module/jackson-module-afterburner/2.17.2/jackson-module-afterburner-2.17.2.jar:/home/runner/work/apicurio-testing/apicurio-testing/clusters/ci419/namespaces/inmemory/tests/integration/apicurio-registry/utils/kafka/target/apicurio-registry-utils-kafka-3.0.9.jar:/home/runner/.m2/repository/org/apache/pulsar/pulsar-client/3.3.4/pulsar-client-3.3.4.jar:/home/runner/.m2/repository/org/apache/pulsar/pulsar-client-api/3.3.4/pulsar-client-api-3.3.4.jar:/home/runner/.m2/repository/org/apache/pulsar/pulsar-client-admin-api/3.3.4/pulsar-client-admin-api-3.3.4.jar:/home/runner/.m2/repository/org/apache/pulsar/bouncy-castle-bc/3.3.4/bouncy-castle-bc-3.3.4-pkg.jar:/home/runner/.m2/repository/org/bouncycastle/bcpkix-jdk18on/1.78.1/bcpkix-jdk18on-1.78.1.jar:/home/runner/.m2/repository/org/bouncycastle/bcutil-jdk18on/1.78.1/bcutil-jdk18on-1.78.1.jar:/home/runner/.m2/repository/org/bouncycastle/bcprov-jdk18on/1.78.1/bcprov-jdk18on-1.78.1.jar:/home/runner/.m2/repository/io/opentelemetry/opentelemetry-api/1.39.0/opentelemetry-api-1.39.0.jar:/home/runner/.m2/repository/io/opentelemetry/opentelemetry-context/1.39.0/opentelemetry-context-1.39.0.jar:/home/runner/.m2/repository/io/opentelemetry/opentelemetry-api-incubator/1.39.0-alpha/opentelemetry-api-incubator-1.39.0-alpha.jar:/home/runner/.m2/repository/com/fasterxml/jackson/core/jackson-annotations/2.17.2/jackson-annotations-2.17.2.jar:/home/runner/.m2/repository/javax/validation/validation-api/1.1.0.Final/validation-api-1.1.0.Final.jar:/home/runner/.m2/repository/io/confluent/kafka-avro-serializer/7.9.0/kafka-avro-serializer-7.9.0.jar:/home/runner/.m2/repository/org/apache/commons/commons-compress/1.27.0/commons-compress-1.27.0.jar:/home/runner/.m2/repository/io/confluent/kafka-schema-serializer/7.9.0/kafka-schema-serializer-7.9.0.jar:/home/runner/.m2/repository/com/fasterxml/jackson/dataformat/jackson-dataformat-csv/2.17.2/jackson-dataformat-csv-2.17.2.jar:/home/runner/.m2/repository/io/confluent/kafka-schema-registry-client/7.9.0/kafka-schema-registry-client-7.9.0.jar:/home/runner/.m2/repository/org/yaml/snakeyaml/2.2/snakeyaml-2.2.jar:/home/runner/.m2/repository/io/swagger/core/v3/swagger-annotations/2.1.10/swagger-annotations-2.1.10.jar:/home/runner/.m2/repository/com/google/guava/guava/33.2.1-jre/guava-33.2.1-jre.jar:/home/runner/.m2/repository/com/google/guava/failureaccess/1.0.1/failureaccess-1.0.1.jar:/home/runner/.m2/repository/org/checkerframework/checker-qual/3.46.0/checker-qual-3.46.0.jar:/home/runner/.m2/repository/io/confluent/logredactor/1.0.12/logredactor-1.0.12.jar:/home/runner/.m2/repository/com/google/re2j/re2j/1.6/re2j-1.6.jar:/home/runner/.m2/repository/io/confluent/logredactor-metrics/1.0.12/logredactor-metrics-1.0.12.jar:/home/runner/.m2/repository/com/eclipsesource/minimal-json/minimal-json/0.9.5/minimal-json-0.9.5.jar:/home/runner/.m2/repository/io/confluent/common-utils/7.9.0/common-utils-7.9.0.jar:/home/runner/.m2/repository/io/confluent/kafka-connect-avro-converter/7.9.0/kafka-connect-avro-converter-7.9.0.jar:/home/runner/.m2/repository/io/confluent/kafka-connect-avro-data/7.9.0/kafka-connect-avro-data-7.9.0.jar:/home/runner/.m2/repository/io/confluent/kafka-schema-converter/7.9.0/kafka-schema-converter-7.9.0.jar:/home/runner/.m2/repository/io/rest-assured/rest-assured/5.5.0/rest-assured-5.5.0.jar:/home/runner/.m2/repository/org/apache/groovy/groovy/4.0.22/groovy-4.0.22.jar:/home/runner/.m2/repository/org/apache/groovy/groovy-xml/4.0.22/groovy-xml-4.0.22.jar:/home/runner/.m2/repository/org/apache/httpcomponents/httpclient/4.5.14/httpclient-4.5.14.jar:/home/runner/.m2/repository/org/apache/httpcomponents/httpcore/4.4.16/httpcore-4.4.16.jar:/home/runner/.m2/repository/org/apache/httpcomponents/httpmime/4.5.14/httpmime-4.5.14.jar:/home/runner/.m2/repository/org/hamcrest/hamcrest/2.2/hamcrest-2.2.jar:/home/runner/.m2/repository/org/ccil/cowan/tagsoup/tagsoup/1.2.1/tagsoup-1.2.1.jar:/home/runner/.m2/repository/io/rest-assured/json-path/5.5.0/json-path-5.5.0.jar:/home/runner/.m2/repository/org/apache/groovy/groovy-json/4.0.22/groovy-json-4.0.22.jar:/home/runner/.m2/repository/io/rest-assured/rest-assured-common/5.5.0/rest-assured-common-5.5.0.jar:/home/runner/.m2/repository/io/rest-assured/xml-path/5.5.0/xml-path-5.5.0.jar:/home/runner/.m2/repository/io/zonky/test/embedded-postgres/2.1.0/embedded-postgres-2.1.0.jar:/home/runner/.m2/repository/io/zonky/test/postgres/embedded-postgres-binaries-windows-amd64/14.15.0/embedded-postgres-binaries-windows-amd64-14.15.0.jar:/home/runner/.m2/repository/io/zonky/test/postgres/embedded-postgres-binaries-darwin-amd64/14.15.0/embedded-postgres-binaries-darwin-amd64-14.15.0.jar:/home/runner/.m2/repository/io/zonky/test/postgres/embedded-postgres-binaries-linux-amd64/14.15.0/embedded-postgres-binaries-linux-amd64-14.15.0.jar:/home/runner/.m2/repository/io/zonky/test/postgres/embedded-postgres-binaries-linux-amd64-alpine/14.15.0/embedded-postgres-binaries-linux-amd64-alpine-14.15.0.jar:/home/runner/.m2/repository/org/apache/commons/commons-lang3/3.14.0/commons-lang3-3.14.0.jar:/home/runner/.m2/repository/org/tukaani/xz/1.10/xz-1.10.jar:/home/runner/.m2/repository/commons-codec/commons-codec/1.18.0/commons-codec-1.18.0.jar:/home/runner/.m2/repository/org/postgresql/postgresql/42.7.4/postgresql-42.7.4.jar:/home/runner/.m2/repository/commons-io/commons-io/2.16.1/commons-io-2.16.1.jar:/home/runner/work/apicurio-testing/apicurio-testing/clusters/ci419/namespaces/inmemory/tests/integration/apicurio-registry/utils/importexport/target/apicurio-registry-utils-import-export-3.0.9.jar:/home/runner/.m2/repository/io/vertx/vertx-core/4.5.13/vertx-core-4.5.13.jar:/home/runner/.m2/repository/io/netty/netty-common/4.1.118.Final/netty-common-4.1.118.Final.jar:/home/runner/.m2/repository/io/netty/netty-buffer/4.1.118.Final/netty-buffer-4.1.118.Final.jar:/home/runner/.m2/repository/io/netty/netty-transport/4.1.118.Final/netty-transport-4.1.118.Final.jar:/home/runner/.m2/repository/io/netty/netty-handler/4.1.118.Final/netty-handler-4.1.118.Final.jar:/home/runner/.m2/repository/io/netty/netty-transport-native-unix-common/4.1.118.Final/netty-transport-native-unix-common-4.1.118.Final.jar:/home/runner/.m2/repository/io/netty/netty-codec/4.1.118.Final/netty-codec-4.1.118.Final.jar:/home/runner/.m2/repository/io/netty/netty-handler-proxy/4.1.118.Final/netty-handler-proxy-4.1.118.Final.jar:/home/runner/.m2/repository/io/netty/netty-codec-socks/4.1.118.Final/netty-codec-socks-4.1.118.Final.jar:/home/runner/.m2/repository/io/netty/netty-codec-http/4.1.118.Final/netty-codec-http-4.1.118.Final.jar:/home/runner/.m2/repository/io/netty/netty-codec-http2/4.1.118.Final/netty-codec-http2-4.1.118.Final.jar:/home/runner/.m2/repository/io/netty/netty-resolver/4.1.118.Final/netty-resolver-4.1.118.Final.jar:/home/runner/.m2/repository/io/netty/netty-resolver-dns/4.1.118.Final/netty-resolver-dns-4.1.118.Final.jar:/home/runner/.m2/repository/io/netty/netty-codec-dns/4.1.118.Final/netty-codec-dns-4.1.118.Final.jar:/home/runner/.m2/repository/com/fasterxml/jackson/core/jackson-core/2.17.2/jackson-core-2.17.2.jar:"/>
    <property name="sun.cpu.endian" value="little"/>
    <property name="user.home" value="/home/runner"/>
    <property name="user.language" value="en"/>
    <property name="jboss.log-version" value="false"/>
    <property name="java.specification.vendor" value="Oracle Corporation"/>
    <property name="java.version.date" value="2025-07-15"/>
    <property name="java.home" value="/usr/lib/jvm/temurin-17-jdk-amd64"/>
    <property name="file.separator" value="/"/>
    <property name="basedir" value="/home/runner/work/apicurio-testing/apicurio-testing/clusters/ci419/namespaces/inmemory/tests/integration/apicurio-registry/integration-tests"/>
    <property name="java.vm.compressedOopsMode" value="32-bit"/>
    <property name="line.separator" value="&#10;"/>
    <property name="java.specification.name" value="Java Platform API Specification"/>
    <property name="java.vm.specification.vendor" value="Oracle Corporation"/>
    <property name="quarkus.http.test-host" value="registry-app-inmemory.apps.ci419.apicurio-testing.org"/>
    <property name="surefire.real.class.path" value="/home/runner/work/apicurio-testing/apicurio-testing/clusters/ci419/namespaces/inmemory/tests/integration/apicurio-registry/integration-tests/target/surefire/surefirebooter-20250731152920635_3.jar"/>
    <property name="sun.management.compiler" value="HotSpot 64-Bit Tiered Compilers"/>
    <property name="org.eclipse.jetty.http.HttpGenerator.STRICT" value="true"/>
    <property name="java.runtime.version" value="17.0.16+8"/>
    <property name="user.name" value="runner"/>
    <property name="path.separator" value=":"/>
    <property name="os.version" value="6.8.0-1031-azure"/>
    <property name="java.runtime.name" value="OpenJDK Runtime Environment"/>
    <property name="file.encoding" value="UTF-8"/>
    <property name="jnidispatch.path" value="/home/runner/.cache/JNA/temp/jna6182096893261846874.tmp"/>
    <property name="java.vm.name" value="OpenJDK 64-Bit Server VM"/>
    <property name="jna.platform.library.path" value="/usr/lib/x86_64-linux-gnu:/lib/x86_64-linux-gnu:/usr/lib64:/lib64:/usr/lib:/lib:/lib32:/usr/local/lib:/usr/lib/x86_64-linux-gnu/libfakeroot"/>
    <property name="java.vendor.version" value="Temurin-17.0.16+8"/>
    <property name="quarkus.oidc.token-path" value="https://keycloak-inmemory.apps.ci419.apicurio-testing.org/realms/registry/protocol/openid-connect/token"/>
    <property name="quarkus.http.host" value="registry-app-inmemory.apps.ci419.apicurio-testing.org"/>
    <property name="localRepository" value="/home/runner/.m2/repository"/>
    <property name="javax.xml.xpath.XPathFactory:http://java.sun.com/jaxp/xpath/dom" value="com.sun.org.apache.xpath.internal.jaxp.XPathFactoryImpl"/>
    <property name="jna.loaded" value="true"/>
    <property name="java.vendor.url.bug" value="https://github.com/adoptium/adoptium-support/issues"/>
    <property name="jetty.git.hash" value="5bc5e562c8d05c5862505aebe5cf83a61bdbcb96"/>
    <property name="java.io.tmpdir" value="/tmp"/>
    <property name="quarkus.http.test-protocol" value="http"/>
    <property name="java.version" value="17.0.16"/>
    <property name="user.dir" value="/home/runner/work/apicurio-testing/apicurio-testing/clusters/ci419/namespaces/inmemory/tests/integration/apicurio-registry/integration-tests"/>
    <property name="os.arch" value="amd64"/>
    <property name="groups" value="( smoke | serdes | acceptance | ui)"/>
    <property name="java.vm.specification.name" value="Java Virtual Machine Specification"/>
    <property name="native.encoding" value="UTF-8"/>
    <property name="java.util.logging.manager" value="org.jboss.logmanager.LogManager"/>
    <property name="java.library.path" value="/usr/java/packages/lib:/usr/lib64:/lib64:/lib:/usr/lib"/>
    <property name="jdk.console" value="java.base"/>
    <property name="java.vm.info" value="mixed mode, sharing"/>
    <property name="java.vendor" value="Eclipse Adoptium"/>
    <property name="java.vm.version" value="17.0.16+8"/>
    <property name="java.specification.maintenance.version" value="1"/>
    <property name="sun.io.unicode.encoding" value="UnicodeLittle"/>
    <property name="javax.xml.transform.TransformerFactory" value="com.sun.org.apache.xalan.internal.xsltc.trax.TransformerFactoryImpl"/>
    <property name="java.class.version" value="61.0"/>
  </properties>
  <testcase name="testGlobalIdInHeaders" classname="io.apicurio.tests.serdes.apicurio.AvroSerdeIT" time="3.657">
    <system-out><![CDATA[2025-07-31 15:29:32,497 INFO  [io.api.tes.ser.api.AvroSerdeIT] (main) RestAssured configured with http://registry-app-inmemory.apps.ci419.apicurio-testing.org:80/apis/registry/v3
2025-07-31 15:29:32,497 INFO  [io.api.tes.uti.KafkaFacade] (main) Starting kafka container
2025-07-31 15:29:32,566 INFO  [org.tes.ima.PullPolicy] (main) Image pull policy will be performed by: DefaultPullPolicy()
2025-07-31 15:29:32,569 INFO  [org.tes.uti.ImageNameSubstitutor] (main) Image name substitution will be performed by: DefaultImageNameSubstitutor (composite of 'ConfigurationFileImageNameSubstitutor' and 'PrefixingImageNameSubstitutor')
2025-07-31 15:29:32,580 INFO  [org.tes.DockerClientFactory] (main) Testcontainers version: 1.20.1
2025-07-31 15:29:33,128 INFO  [org.tes.doc.DockerClientProviderStrategy] (main) Found Docker environment with local Unix socket (unix:///var/run/docker.sock)
2025-07-31 15:29:33,136 INFO  [org.tes.DockerClientFactory] (main) Docker host IP address is localhost
2025-07-31 15:29:33,159 INFO  [org.tes.DockerClientFactory] (main) Connected to docker: 
  Server Version: 28.0.4
  API Version: 1.48
  Operating System: Ubuntu 22.04.5 LTS
  Total Memory: 7944 MB
2025-07-31 15:29:33,246 INFO  [tc.tes.8.1] (main) Pulling docker image: testcontainers/ryuk:0.8.1. Please be patient; this may take some time but only needs to be done once.
2025-07-31 15:29:33,519 INFO  [tc.tes.8.1] (docker-java-stream-1689030468) Starting to pull image
2025-07-31 15:29:33,541 INFO  [tc.tes.8.1] (docker-java-stream-1689030468) Pulling image layers:  0 pending,  0 downloaded,  0 extracted, (0 bytes/0 bytes)
2025-07-31 15:29:33,633 INFO  [tc.tes.8.1] (docker-java-stream-1689030468) Pulling image layers:  2 pending,  1 downloaded,  0 extracted, (285 KB/? MB)
2025-07-31 15:29:33,672 INFO  [tc.tes.8.1] (docker-java-stream-1689030468) Pulling image layers:  1 pending,  2 downloaded,  0 extracted, (351 KB/? MB)
2025-07-31 15:29:33,754 INFO  [tc.tes.8.1] (docker-java-stream-1689030468) Pulling image layers:  0 pending,  3 downloaded,  0 extracted, (381 KB/6 MB)
2025-07-31 15:29:33,790 INFO  [tc.tes.8.1] (docker-java-stream-1689030468) Pulling image layers:  0 pending,  3 downloaded,  1 extracted, (3 MB/6 MB)
2025-07-31 15:29:34,846 INFO  [tc.tes.8.1] (docker-java-stream-1689030468) Pulling image layers:  0 pending,  3 downloaded,  2 extracted, (3 MB/6 MB)
2025-07-31 15:29:34,915 INFO  [tc.tes.8.1] (docker-java-stream-1689030468) Pulling image layers:  0 pending,  3 downloaded,  3 extracted, (6 MB/6 MB)
2025-07-31 15:29:34,922 INFO  [tc.tes.8.1] (docker-java-stream-1689030468) Pull complete. 3 layers, pulled in 1s (downloaded 6 MB at 6 MB/s)
2025-07-31 15:29:34,922 INFO  [tc.tes.8.1] (main) Image testcontainers/ryuk:0.8.1 pull took PT1.675956734S
2025-07-31 15:29:34,945 INFO  [tc.tes.8.1] (main) Creating container for image: testcontainers/ryuk:0.8.1
2025-07-31 15:29:35,031 INFO  [tc.tes.8.1] (main) Container testcontainers/ryuk:0.8.1 is starting: 5874cba5ec818176894ee9132c1e5d220928e628769a5e1e9a2236a6361db97f
2025-07-31 15:29:35,376 INFO  [tc.tes.8.1] (main) Container testcontainers/ryuk:0.8.1 started in PT0.431068414S
2025-07-31 15:29:35,383 INFO  [org.tes.uti.RyukResourceReaper] (main) Ryuk started - will monitor and terminate Testcontainers containers on JVM exit
2025-07-31 15:29:35,383 INFO  [org.tes.DockerClientFactory] (main) Checking the system...
2025-07-31 15:29:35,384 INFO  [org.tes.DockerClientFactory] (main) ✔︎ Docker server version should be at least 1.6.0
2025-07-31 15:29:35,388 INFO  [io.str.tes.con.KafkaVersionService] (main) Latest release of Kafka is:LogicalKafkaVersionEntity{version='3.7.1', image='quay.io/strimzi-test-container/test-container:0.107.0-kafka-3.7.1'}
2025-07-31 15:29:35,388 INFO  [io.str.tes.con.KafkaVersionService] (main) Latest release of Kafka is:LogicalKafkaVersionEntity{version='3.7.1', image='quay.io/strimzi-test-container/test-container:0.107.0-kafka-3.7.1'}
2025-07-31 15:29:35,388 INFO  [io.str.tes.con.KafkaVersionService] (main) No Kafka version specified. Using latest release: quay.io/strimzi-test-container/test-container:0.107.0-kafka-3.7.1
2025-07-31 15:29:35,391 INFO  [tc.qua.io/.107.0-k.7.1] (main) Pulling docker image: quay.io/strimzi-test-container/test-container:0.107.0-kafka-3.7.1. Please be patient; this may take some time but only needs to be done once.
2025-07-31 15:29:35,739 INFO  [tc.qua.io/.107.0-k.7.1] (docker-java-stream--720530420) Starting to pull image
2025-07-31 15:29:35,740 INFO  [tc.qua.io/.107.0-k.7.1] (docker-java-stream--720530420) Pulling image layers:  0 pending,  0 downloaded,  0 extracted, (0 bytes/0 bytes)
2025-07-31 15:29:35,960 INFO  [tc.qua.io/.107.0-k.7.1] (docker-java-stream--720530420) Pulling image layers:  4 pending,  1 downloaded,  0 extracted, (897 KB/? MB)
2025-07-31 15:29:36,559 INFO  [tc.qua.io/.107.0-k.7.1] (docker-java-stream--720530420) Pulling image layers:  3 pending,  2 downloaded,  0 extracted, (108 MB/? MB)
2025-07-31 15:29:36,637 INFO  [tc.qua.io/.107.0-k.7.1] (docker-java-stream--720530420) Pulling image layers:  2 pending,  3 downloaded,  0 extracted, (108 MB/? MB)
2025-07-31 15:29:36,845 INFO  [tc.qua.io/.107.0-k.7.1] (docker-java-stream--720530420) Pulling image layers:  1 pending,  4 downloaded,  0 extracted, (131 MB/? MB)
2025-07-31 15:29:37,513 INFO  [tc.qua.io/.107.0-k.7.1] (docker-java-stream--720530420) Pulling image layers:  1 pending,  4 downloaded,  1 extracted, (150 MB/? MB)
2025-07-31 15:29:39,910 INFO  [tc.qua.io/.107.0-k.7.1] (docker-java-stream--720530420) Pulling image layers:  1 pending,  4 downloaded,  2 extracted, (197 MB/? MB)
2025-07-31 15:29:40,448 INFO  [tc.qua.io/.107.0-k.7.1] (docker-java-stream--720530420) Pulling image layers:  1 pending,  4 downloaded,  3 extracted, (202 MB/? MB)
2025-07-31 15:29:41,232 INFO  [tc.qua.io/.107.0-k.7.1] (docker-java-stream--720530420) Pulling image layers:  0 pending,  5 downloaded,  3 extracted, (230 MB/231 MB)
2025-07-31 15:29:42,745 INFO  [tc.qua.io/.107.0-k.7.1] (docker-java-stream--720530420) Pulling image layers:  0 pending,  5 downloaded,  4 extracted, (231 MB/231 MB)
2025-07-31 15:29:42,784 INFO  [tc.qua.io/.107.0-k.7.1] (docker-java-stream--720530420) Pulling image layers:  0 pending,  5 downloaded,  5 extracted, (231 MB/231 MB)
2025-07-31 15:29:42,791 INFO  [tc.qua.io/.107.0-k.7.1] (docker-java-stream--720530420) Pull complete. 5 layers, pulled in 7s (downloaded 231 MB at 33 MB/s)
2025-07-31 15:29:42,791 INFO  [tc.qua.io/.107.0-k.7.1] (main) Image quay.io/strimzi-test-container/test-container:0.107.0-kafka-3.7.1 pull took PT7.400214249S
2025-07-31 15:29:42,796 INFO  [tc.qua.io/.107.0-k.7.1] (main) Creating container for image: quay.io/strimzi-test-container/test-container:0.107.0-kafka-3.7.1
2025-07-31 15:29:42,882 INFO  [tc.qua.io/.107.0-k.7.1] (main) Container quay.io/strimzi-test-container/test-container:0.107.0-kafka-3.7.1 is starting: d1803a89a87fe13daa426cd73b089af48909f005050032b9bc16b79e8e33890f
2025-07-31 15:29:43,072 INFO  [io.str.tes.con.StrimziKafkaContainer] (main) Mapped port: 32770
2025-07-31 15:29:43,073 INFO  [io.str.tes.con.StrimziKafkaContainer] (main) This is all advertised listeners for Kafka PLAINTEXT://localhost:32770,BROKER1://172.18.0.2:9093
2025-07-31 15:29:43,073 INFO  [io.str.tes.con.StrimziKafkaContainer] (main) Using internal ZooKeeper 'zookeeper.connect=localhost:2181.'
2025-07-31 15:29:43,074 INFO  [io.str.tes.con.StrimziKafkaContainer] (main) Copying command to 'STARTER_SCRIPT' script.
2025-07-31 15:29:47,397 INFO  [tc.qua.io/.107.0-k.7.1] (main) Container quay.io/strimzi-test-container/test-container:0.107.0-kafka-3.7.1 started in PT4.601318492S
2025-07-31 15:29:47,399 INFO  [io.api.tes.uti.TestSeparator] (main) ############################################################################
2025-07-31 15:29:47,399 INFO  [io.api.tes.uti.TestSeparator] (main) io.apicurio.tests.serdes.apicurio.AvroSerdeIT.testGlobalIdInHeaders-STARTED
2025-07-31 15:29:47,422 INFO  [org.apa.kaf.cli.adm.AdminClientConfig] (main) AdminClientConfig values: 
	auto.include.jmx.reporter = true
	bootstrap.controllers = []
	bootstrap.servers = [PLAINTEXT://localhost:32770]
	client.dns.lookup = use_all_dns_ips
	client.id = 
	connections.max.idle.ms = 10000
	default.api.timeout.ms = 60000
	enable.metrics.push = true
	metadata.max.age.ms = 300000
	metadata.recovery.strategy = none
	metric.reporters = []
	metrics.num.samples = 2
	metrics.recording.level = INFO
	metrics.sample.window.ms = 30000
	receive.buffer.bytes = 65536
	reconnect.backoff.max.ms = 1000
	reconnect.backoff.ms = 50
	request.timeout.ms = 5000
	retries = 2147483647
	retry.backoff.max.ms = 1000
	retry.backoff.ms = 100
	sasl.client.callback.handler.class = null
	sasl.jaas.config = null
	sasl.kerberos.kinit.cmd = /usr/bin/kinit
	sasl.kerberos.min.time.before.relogin = 60000
	sasl.kerberos.service.name = null
	sasl.kerberos.ticket.renew.jitter = 0.05
	sasl.kerberos.ticket.renew.window.factor = 0.8
	sasl.login.callback.handler.class = null
	sasl.login.class = null
	sasl.login.connect.timeout.ms = null
	sasl.login.read.timeout.ms = null
	sasl.login.refresh.buffer.seconds = 300
	sasl.login.refresh.min.period.seconds = 60
	sasl.login.refresh.window.factor = 0.8
	sasl.login.refresh.window.jitter = 0.05
	sasl.login.retry.backoff.max.ms = 10000
	sasl.login.retry.backoff.ms = 100
	sasl.mechanism = GSSAPI
	sasl.oauthbearer.clock.skew.seconds = 30
	sasl.oauthbearer.expected.audience = null
	sasl.oauthbearer.expected.issuer = null
	sasl.oauthbearer.header.urlencode = false
	sasl.oauthbearer.jwks.endpoint.refresh.ms = 3600000
	sasl.oauthbearer.jwks.endpoint.retry.backoff.max.ms = 10000
	sasl.oauthbearer.jwks.endpoint.retry.backoff.ms = 100
	sasl.oauthbearer.jwks.endpoint.url = null
	sasl.oauthbearer.scope.claim.name = scope
	sasl.oauthbearer.sub.claim.name = sub
	sasl.oauthbearer.token.endpoint.url = null
	security.protocol = PLAINTEXT
	security.providers = null
	send.buffer.bytes = 131072
	socket.connection.setup.timeout.max.ms = 30000
	socket.connection.setup.timeout.ms = 10000
	ssl.cipher.suites = null
	ssl.enabled.protocols = [TLSv1.2, TLSv1.3]
	ssl.endpoint.identification.algorithm = https
	ssl.engine.factory.class = null
	ssl.key.password = null
	ssl.keymanager.algorithm = SunX509
	ssl.keystore.certificate.chain = null
	ssl.keystore.key = null
	ssl.keystore.location = null
	ssl.keystore.password = null
	ssl.keystore.type = JKS
	ssl.protocol = TLSv1.3
	ssl.provider = null
	ssl.secure.random.implementation = null
	ssl.trustmanager.algorithm = PKIX
	ssl.truststore.certificates = null
	ssl.truststore.location = null
	ssl.truststore.password = null
	ssl.truststore.type = JKS

2025-07-31 15:29:47,953 INFO  [org.apa.kaf.com.uti.AppInfoParser] (main) Kafka version: 3.9.0
2025-07-31 15:29:47,953 INFO  [org.apa.kaf.com.uti.AppInfoParser] (main) Kafka commitId: 84caaa6e9da06435
2025-07-31 15:29:47,953 INFO  [org.apa.kaf.com.uti.AppInfoParser] (main) Kafka startTimeMs: 1753975787952
2025-07-31 15:29:48,009 INFO  [org.apa.kaf.cli.pro.ProducerConfig] (main) ProducerConfig values: 
	acks = -1
	auto.include.jmx.reporter = true
	batch.size = 16384
	bootstrap.servers = [PLAINTEXT://localhost:32770]
	buffer.memory = 33554432
	client.dns.lookup = use_all_dns_ips
	client.id = Producer-topic-634aaf04_93fe_4fea_979e_ae00f6165c9b
	compression.gzip.level = -1
	compression.lz4.level = 9
	compression.type = none
	compression.zstd.level = 3
	connections.max.idle.ms = 10000
	delivery.timeout.ms = 120000
	enable.idempotence = true
	enable.metrics.push = true
	interceptor.classes = []
	key.serializer = class org.apache.kafka.common.serialization.StringSerializer
	linger.ms = 0
	max.block.ms = 60000
	max.in.flight.requests.per.connection = 5
	max.request.size = 1048576
	metadata.max.age.ms = 300000
	metadata.max.idle.ms = 300000
	metadata.recovery.strategy = none
	metric.reporters = []
	metrics.num.samples = 2
	metrics.recording.level = INFO
	metrics.sample.window.ms = 30000
	partitioner.adaptive.partitioning.enable = true
	partitioner.availability.timeout.ms = 0
	partitioner.class = null
	partitioner.ignore.keys = false
	receive.buffer.bytes = 32768
	reconnect.backoff.max.ms = 1000
	reconnect.backoff.ms = 50
	request.timeout.ms = 5000
	retries = 2147483647
	retry.backoff.max.ms = 1000
	retry.backoff.ms = 100
	sasl.client.callback.handler.class = null
	sasl.jaas.config = null
	sasl.kerberos.kinit.cmd = /usr/bin/kinit
	sasl.kerberos.min.time.before.relogin = 60000
	sasl.kerberos.service.name = null
	sasl.kerberos.ticket.renew.jitter = 0.05
	sasl.kerberos.ticket.renew.window.factor = 0.8
	sasl.login.callback.handler.class = null
	sasl.login.class = null
	sasl.login.connect.timeout.ms = null
	sasl.login.read.timeout.ms = null
	sasl.login.refresh.buffer.seconds = 300
	sasl.login.refresh.min.period.seconds = 60
	sasl.login.refresh.window.factor = 0.8
	sasl.login.refresh.window.jitter = 0.05
	sasl.login.retry.backoff.max.ms = 10000
	sasl.login.retry.backoff.ms = 100
	sasl.mechanism = GSSAPI
	sasl.oauthbearer.clock.skew.seconds = 30
	sasl.oauthbearer.expected.audience = null
	sasl.oauthbearer.expected.issuer = null
	sasl.oauthbearer.header.urlencode = false
	sasl.oauthbearer.jwks.endpoint.refresh.ms = 3600000
	sasl.oauthbearer.jwks.endpoint.retry.backoff.max.ms = 10000
	sasl.oauthbearer.jwks.endpoint.retry.backoff.ms = 100
	sasl.oauthbearer.jwks.endpoint.url = null
	sasl.oauthbearer.scope.claim.name = scope
	sasl.oauthbearer.sub.claim.name = sub
	sasl.oauthbearer.token.endpoint.url = null
	security.protocol = PLAINTEXT
	security.providers = null
	send.buffer.bytes = 131072
	socket.connection.setup.timeout.max.ms = 30000
	socket.connection.setup.timeout.ms = 10000
	ssl.cipher.suites = null
	ssl.enabled.protocols = [TLSv1.2, TLSv1.3]
	ssl.endpoint.identification.algorithm = https
	ssl.engine.factory.class = null
	ssl.key.password = null
	ssl.keymanager.algorithm = SunX509
	ssl.keystore.certificate.chain = null
	ssl.keystore.key = null
	ssl.keystore.location = null
	ssl.keystore.password = null
	ssl.keystore.type = JKS
	ssl.protocol = TLSv1.3
	ssl.provider = null
	ssl.secure.random.implementation = null
	ssl.trustmanager.algorithm = PKIX
	ssl.truststore.certificates = null
	ssl.truststore.location = null
	ssl.truststore.password = null
	ssl.truststore.type = JKS
	transaction.timeout.ms = 60000
	transactional.id = null
	value.serializer = class io.apicurio.registry.serde.avro.AvroKafkaSerializer

2025-07-31 15:29:48,070 INFO  [org.apa.kaf.com.tel.int.KafkaMetricsCollector] (main) initializing Kafka metrics collector
2025-07-31 15:29:48,100 INFO  [org.apa.kaf.cli.pro.KafkaProducer] (main) [Producer clientId=Producer-topic-634aaf04_93fe_4fea_979e_ae00f6165c9b] Instantiated an idempotent producer.
2025-07-31 15:29:48,153 INFO  [org.apa.kaf.cli.pro.ProducerConfig] (main) These configurations '[apicurio.registry.url, apicurio.registry.auto-register, apicurio.registry.use-id, apicurio.registry.artifact-resolver-strategy]' were supplied but are not used yet.
2025-07-31 15:29:48,153 INFO  [org.apa.kaf.com.uti.AppInfoParser] (main) Kafka version: 3.9.0
2025-07-31 15:29:48,153 INFO  [org.apa.kaf.com.uti.AppInfoParser] (main) Kafka commitId: 84caaa6e9da06435
2025-07-31 15:29:48,153 INFO  [org.apa.kaf.com.uti.AppInfoParser] (main) Kafka startTimeMs: 1753975788153
2025-07-31 15:29:48,154 INFO  [io.api.tes.ser.api.SimpleSerdesTesterBuilder$SimpleSerdesTester] (main) Using producer configuration: {apicurio.registry.url=http://registry-app-inmemory.apps.ci419.apicurio-testing.org:80/apis/registry/v3, apicurio.registry.auto-register=true, apicurio.registry.use-id=globalId, apicurio.registry.artifact-resolver-strategy=io.apicurio.registry.serde.strategy.TopicIdStrategy, value.serializer=io.apicurio.registry.serde.avro.AvroKafkaSerializer, request.timeout.ms=5000, acks=all, bootstrap.servers=PLAINTEXT://localhost:32770, connections.max.idle.ms=10000, key.serializer=org.apache.kafka.common.serialization.StringSerializer, client.id=Producer-topic-634aaf04_93fe_4fea_979e_ae00f6165c9b}
2025-07-31 15:29:48,154 INFO  [io.api.tes.ser.api.SimpleSerdesTesterBuilder$SimpleSerdesTester] (main) Using consumer configuration: {apicurio.registry.use-id=globalId}
2025-07-31 15:29:48,162 INFO  [io.api.tes.ser.api.KafkaSerdesTester] (Thread-120) Sending message {"key11753975787981": "value-0"} to topic topic-634aaf04_93fe_4fea_979e_ae00f6165c9b
2025-07-31 15:29:48,612 WARN  [org.apa.kaf.cli.NetworkClient] (kafka-producer-network-thread | Producer-topic-634aaf04_93fe_4fea_979e_ae00f6165c9b) [Producer clientId=Producer-topic-634aaf04_93fe_4fea_979e_ae00f6165c9b] The metadata response from the cluster reported a recoverable issue with correlation id 2 : {topic-634aaf04_93fe_4fea_979e_ae00f6165c9b=LEADER_NOT_AVAILABLE}
2025-07-31 15:29:48,613 INFO  [org.apa.kaf.cli.Metadata] (kafka-producer-network-thread | Producer-topic-634aaf04_93fe_4fea_979e_ae00f6165c9b) [Producer clientId=Producer-topic-634aaf04_93fe_4fea_979e_ae00f6165c9b] Cluster ID: PmaraPXQRTuATyXg1suJRg
2025-07-31 15:29:48,767 INFO  [org.apa.kaf.cli.pro.int.TransactionManager] (kafka-producer-network-thread | Producer-topic-634aaf04_93fe_4fea_979e_ae00f6165c9b) [Producer clientId=Producer-topic-634aaf04_93fe_4fea_979e_ae00f6165c9b] ProducerId set to 0 with epoch 0
2025-07-31 15:29:48,781 WARN  [org.apa.kaf.cli.NetworkClient] (kafka-producer-network-thread | Producer-topic-634aaf04_93fe_4fea_979e_ae00f6165c9b) [Producer clientId=Producer-topic-634aaf04_93fe_4fea_979e_ae00f6165c9b] The metadata response from the cluster reported a recoverable issue with correlation id 8 : {topic-634aaf04_93fe_4fea_979e_ae00f6165c9b=LEADER_NOT_AVAILABLE}
2025-07-31 15:29:49,176 INFO  [io.api.tes.ser.api.KafkaSerdesTester] (Thread-120) Sending message {"key11753975787981": "value-1"} to topic topic-634aaf04_93fe_4fea_979e_ae00f6165c9b
2025-07-31 15:29:49,183 INFO  [io.api.tes.ser.api.KafkaSerdesTester] (Thread-120) Sending message {"key11753975787981": "value-2"} to topic topic-634aaf04_93fe_4fea_979e_ae00f6165c9b
2025-07-31 15:29:49,188 INFO  [io.api.tes.ser.api.KafkaSerdesTester] (Thread-120) Sending message {"key11753975787981": "value-3"} to topic topic-634aaf04_93fe_4fea_979e_ae00f6165c9b
2025-07-31 15:29:49,195 INFO  [io.api.tes.ser.api.KafkaSerdesTester] (Thread-120) Sending message {"key11753975787981": "value-4"} to topic topic-634aaf04_93fe_4fea_979e_ae00f6165c9b
2025-07-31 15:29:49,201 INFO  [io.api.tes.ser.api.KafkaSerdesTester] (Thread-120) Sending message {"key11753975787981": "value-5"} to topic topic-634aaf04_93fe_4fea_979e_ae00f6165c9b
2025-07-31 15:29:49,207 INFO  [io.api.tes.ser.api.KafkaSerdesTester] (Thread-120) Sending message {"key11753975787981": "value-6"} to topic topic-634aaf04_93fe_4fea_979e_ae00f6165c9b
2025-07-31 15:29:49,213 INFO  [io.api.tes.ser.api.KafkaSerdesTester] (Thread-120) Sending message {"key11753975787981": "value-7"} to topic topic-634aaf04_93fe_4fea_979e_ae00f6165c9b
2025-07-31 15:29:49,222 INFO  [io.api.tes.ser.api.KafkaSerdesTester] (Thread-120) Sending message {"key11753975787981": "value-8"} to topic topic-634aaf04_93fe_4fea_979e_ae00f6165c9b
2025-07-31 15:29:49,227 INFO  [io.api.tes.ser.api.KafkaSerdesTester] (Thread-120) Sending message {"key11753975787981": "value-9"} to topic topic-634aaf04_93fe_4fea_979e_ae00f6165c9b
2025-07-31 15:29:49,233 INFO  [io.api.tes.ser.api.KafkaSerdesTester] (Thread-120) Produced 10 messages
2025-07-31 15:29:49,234 INFO  [org.apa.kaf.cli.pro.KafkaProducer] (Thread-120) [Producer clientId=Producer-topic-634aaf04_93fe_4fea_979e_ae00f6165c9b] Closing the Kafka producer with timeoutMillis = 9223372036854775807 ms.
2025-07-31 15:29:49,252 INFO  [org.apa.kaf.com.met.Metrics] (Thread-120) Metrics scheduler closed
2025-07-31 15:29:49,252 INFO  [org.apa.kaf.com.met.Metrics] (Thread-120) Closing reporter org.apache.kafka.common.metrics.JmxReporter
2025-07-31 15:29:49,253 INFO  [org.apa.kaf.com.met.Metrics] (Thread-120) Closing reporter org.apache.kafka.common.telemetry.internals.ClientTelemetryReporter
2025-07-31 15:29:49,253 INFO  [org.apa.kaf.com.met.Metrics] (Thread-120) Metrics reporters closed
2025-07-31 15:29:49,254 INFO  [org.apa.kaf.com.uti.AppInfoParser] (Thread-120) App info kafka.producer for Producer-topic-634aaf04_93fe_4fea_979e_ae00f6165c9b unregistered
2025-07-31 15:29:49,313 INFO  [org.apa.kaf.cli.con.ConsumerConfig] (main) ConsumerConfig values: 
	allow.auto.create.topics = true
	auto.commit.interval.ms = 500
	auto.include.jmx.reporter = true
	auto.offset.reset = earliest
	bootstrap.servers = [PLAINTEXT://localhost:32770]
	check.crcs = true
	client.dns.lookup = use_all_dns_ips
	client.id = consumer-Consumer-topic-634aaf04_93fe_4fea_979e_ae00f6165c9b-1
	client.rack = 
	connections.max.idle.ms = 10000
	default.api.timeout.ms = 60000
	enable.auto.commit = true
	enable.metrics.push = true
	exclude.internal.topics = true
	fetch.max.bytes = 52428800
	fetch.max.wait.ms = 500
	fetch.min.bytes = 1
	group.id = Consumer-topic-634aaf04_93fe_4fea_979e_ae00f6165c9b
	group.instance.id = null
	group.protocol = classic
	group.remote.assignor = null
	heartbeat.interval.ms = 3000
	interceptor.classes = []
	internal.leave.group.on.close = true
	internal.throw.on.fetch.stable.offset.unsupported = false
	isolation.level = read_uncommitted
	key.deserializer = class org.apache.kafka.common.serialization.StringDeserializer
	max.partition.fetch.bytes = 1048576
	max.poll.interval.ms = 300000
	max.poll.records = 500
	metadata.max.age.ms = 300000
	metadata.recovery.strategy = none
	metric.reporters = []
	metrics.num.samples = 2
	metrics.recording.level = INFO
	metrics.sample.window.ms = 30000
	partition.assignment.strategy = [class org.apache.kafka.clients.consumer.RangeAssignor, class org.apache.kafka.clients.consumer.CooperativeStickyAssignor]
	receive.buffer.bytes = 65536
	reconnect.backoff.max.ms = 1000
	reconnect.backoff.ms = 50
	request.timeout.ms = 5000
	retry.backoff.max.ms = 1000
	retry.backoff.ms = 100
	sasl.client.callback.handler.class = null
	sasl.jaas.config = null
	sasl.kerberos.kinit.cmd = /usr/bin/kinit
	sasl.kerberos.min.time.before.relogin = 60000
	sasl.kerberos.service.name = null
	sasl.kerberos.ticket.renew.jitter = 0.05
	sasl.kerberos.ticket.renew.window.factor = 0.8
	sasl.login.callback.handler.class = null
	sasl.login.class = null
	sasl.login.connect.timeout.ms = null
	sasl.login.read.timeout.ms = null
	sasl.login.refresh.buffer.seconds = 300
	sasl.login.refresh.min.period.seconds = 60
	sasl.login.refresh.window.factor = 0.8
	sasl.login.refresh.window.jitter = 0.05
	sasl.login.retry.backoff.max.ms = 10000
	sasl.login.retry.backoff.ms = 100
	sasl.mechanism = GSSAPI
	sasl.oauthbearer.clock.skew.seconds = 30
	sasl.oauthbearer.expected.audience = null
	sasl.oauthbearer.expected.issuer = null
	sasl.oauthbearer.header.urlencode = false
	sasl.oauthbearer.jwks.endpoint.refresh.ms = 3600000
	sasl.oauthbearer.jwks.endpoint.retry.backoff.max.ms = 10000
	sasl.oauthbearer.jwks.endpoint.retry.backoff.ms = 100
	sasl.oauthbearer.jwks.endpoint.url = null
	sasl.oauthbearer.scope.claim.name = scope
	sasl.oauthbearer.sub.claim.name = sub
	sasl.oauthbearer.token.endpoint.url = null
	security.protocol = PLAINTEXT
	security.providers = null
	send.buffer.bytes = 131072
	session.timeout.ms = 45000
	socket.connection.setup.timeout.max.ms = 30000
	socket.connection.setup.timeout.ms = 10000
	ssl.cipher.suites = null
	ssl.enabled.protocols = [TLSv1.2, TLSv1.3]
	ssl.endpoint.identification.algorithm = https
	ssl.engine.factory.class = null
	ssl.key.password = null
	ssl.keymanager.algorithm = SunX509
	ssl.keystore.certificate.chain = null
	ssl.keystore.key = null
	ssl.keystore.location = null
	ssl.keystore.password = null
	ssl.keystore.type = JKS
	ssl.protocol = TLSv1.3
	ssl.provider = null
	ssl.secure.random.implementation = null
	ssl.trustmanager.algorithm = PKIX
	ssl.truststore.certificates = null
	ssl.truststore.location = null
	ssl.truststore.password = null
	ssl.truststore.type = JKS
	value.deserializer = class io.apicurio.registry.serde.avro.AvroKafkaDeserializer

2025-07-31 15:29:49,337 INFO  [org.apa.kaf.com.tel.int.KafkaMetricsCollector] (main) initializing Kafka metrics collector
2025-07-31 15:29:49,417 INFO  [org.apa.kaf.cli.con.ConsumerConfig] (main) These configurations '[apicurio.registry.url, apicurio.registry.use-id]' were supplied but are not used yet.
2025-07-31 15:29:49,417 INFO  [org.apa.kaf.com.uti.AppInfoParser] (main) Kafka version: 3.9.0
2025-07-31 15:29:49,417 INFO  [org.apa.kaf.com.uti.AppInfoParser] (main) Kafka commitId: 84caaa6e9da06435
2025-07-31 15:29:49,418 INFO  [org.apa.kaf.com.uti.AppInfoParser] (main) Kafka startTimeMs: 1753975789417
2025-07-31 15:29:49,421 INFO  [org.apa.kaf.cli.con.int.ClassicKafkaConsumer] (Thread-123) [Consumer clientId=consumer-Consumer-topic-634aaf04_93fe_4fea_979e_ae00f6165c9b-1, groupId=Consumer-topic-634aaf04_93fe_4fea_979e_ae00f6165c9b] Subscribed to topic(s): topic-634aaf04_93fe_4fea_979e_ae00f6165c9b
2025-07-31 15:29:49,441 INFO  [org.apa.kaf.cli.Metadata] (Thread-123) [Consumer clientId=consumer-Consumer-topic-634aaf04_93fe_4fea_979e_ae00f6165c9b-1, groupId=Consumer-topic-634aaf04_93fe_4fea_979e_ae00f6165c9b] Cluster ID: PmaraPXQRTuATyXg1suJRg
2025-07-31 15:29:50,259 INFO  [org.apa.kaf.cli.con.int.ConsumerCoordinator] (Thread-123) [Consumer clientId=consumer-Consumer-topic-634aaf04_93fe_4fea_979e_ae00f6165c9b-1, groupId=Consumer-topic-634aaf04_93fe_4fea_979e_ae00f6165c9b] Discovered group coordinator localhost:32770 (id: 2147483647 rack: null)
2025-07-31 15:29:50,275 INFO  [org.apa.kaf.cli.con.int.ConsumerCoordinator] (Thread-123) [Consumer clientId=consumer-Consumer-topic-634aaf04_93fe_4fea_979e_ae00f6165c9b-1, groupId=Consumer-topic-634aaf04_93fe_4fea_979e_ae00f6165c9b] (Re-)joining group
2025-07-31 15:29:50,304 INFO  [org.apa.kaf.cli.con.int.ConsumerCoordinator] (Thread-123) [Consumer clientId=consumer-Consumer-topic-634aaf04_93fe_4fea_979e_ae00f6165c9b-1, groupId=Consumer-topic-634aaf04_93fe_4fea_979e_ae00f6165c9b] Request joining group due to: need to re-join with the given member-id: consumer-Consumer-topic-634aaf04_93fe_4fea_979e_ae00f6165c9b-1-c0e44321-c62a-4e7d-b26b-0343e69d2c37
2025-07-31 15:29:50,305 INFO  [org.apa.kaf.cli.con.int.ConsumerCoordinator] (Thread-123) [Consumer clientId=consumer-Consumer-topic-634aaf04_93fe_4fea_979e_ae00f6165c9b-1, groupId=Consumer-topic-634aaf04_93fe_4fea_979e_ae00f6165c9b] (Re-)joining group
2025-07-31 15:29:50,328 INFO  [org.apa.kaf.cli.con.int.ConsumerCoordinator] (Thread-123) [Consumer clientId=consumer-Consumer-topic-634aaf04_93fe_4fea_979e_ae00f6165c9b-1, groupId=Consumer-topic-634aaf04_93fe_4fea_979e_ae00f6165c9b] Successfully joined group with generation Generation{generationId=1, memberId='consumer-Consumer-topic-634aaf04_93fe_4fea_979e_ae00f6165c9b-1-c0e44321-c62a-4e7d-b26b-0343e69d2c37', protocol='range'}
2025-07-31 15:29:50,337 INFO  [org.apa.kaf.cli.con.int.ConsumerCoordinator] (Thread-123) [Consumer clientId=consumer-Consumer-topic-634aaf04_93fe_4fea_979e_ae00f6165c9b-1, groupId=Consumer-topic-634aaf04_93fe_4fea_979e_ae00f6165c9b] Finished assignment for group at generation 1: {consumer-Consumer-topic-634aaf04_93fe_4fea_979e_ae00f6165c9b-1-c0e44321-c62a-4e7d-b26b-0343e69d2c37=Assignment(partitions=[topic-634aaf04_93fe_4fea_979e_ae00f6165c9b-0])}
2025-07-31 15:29:50,363 INFO  [org.apa.kaf.cli.con.int.ConsumerCoordinator] (Thread-123) [Consumer clientId=consumer-Consumer-topic-634aaf04_93fe_4fea_979e_ae00f6165c9b-1, groupId=Consumer-topic-634aaf04_93fe_4fea_979e_ae00f6165c9b] Successfully synced group in generation Generation{generationId=1, memberId='consumer-Consumer-topic-634aaf04_93fe_4fea_979e_ae00f6165c9b-1-c0e44321-c62a-4e7d-b26b-0343e69d2c37', protocol='range'}
2025-07-31 15:29:50,364 INFO  [org.apa.kaf.cli.con.int.ConsumerCoordinator] (Thread-123) [Consumer clientId=consumer-Consumer-topic-634aaf04_93fe_4fea_979e_ae00f6165c9b-1, groupId=Consumer-topic-634aaf04_93fe_4fea_979e_ae00f6165c9b] Notifying assignor about the new Assignment(partitions=[topic-634aaf04_93fe_4fea_979e_ae00f6165c9b-0])
2025-07-31 15:29:50,369 INFO  [org.apa.kaf.cli.con.int.ConsumerRebalanceListenerInvoker] (Thread-123) [Consumer clientId=consumer-Consumer-topic-634aaf04_93fe_4fea_979e_ae00f6165c9b-1, groupId=Consumer-topic-634aaf04_93fe_4fea_979e_ae00f6165c9b] Adding newly assigned partitions: topic-634aaf04_93fe_4fea_979e_ae00f6165c9b-0
2025-07-31 15:29:50,386 INFO  [org.apa.kaf.cli.con.int.ConsumerCoordinator] (Thread-123) [Consumer clientId=consumer-Consumer-topic-634aaf04_93fe_4fea_979e_ae00f6165c9b-1, groupId=Consumer-topic-634aaf04_93fe_4fea_979e_ae00f6165c9b] Found no committed offset for partition topic-634aaf04_93fe_4fea_979e_ae00f6165c9b-0
2025-07-31 15:29:50,411 INFO  [org.apa.kaf.cli.con.int.SubscriptionState] (Thread-123) [Consumer clientId=consumer-Consumer-topic-634aaf04_93fe_4fea_979e_ae00f6165c9b-1, groupId=Consumer-topic-634aaf04_93fe_4fea_979e_ae00f6165c9b] Resetting offset for partition topic-634aaf04_93fe_4fea_979e_ae00f6165c9b-0 to position FetchPosition{offset=0, offsetEpoch=Optional.empty, currentLeader=LeaderAndEpoch{leader=Optional[localhost:32770 (id: 0 rack: null)], epoch=0}}.
2025-07-31 15:29:50,422 INFO  [io.api.tes.ser.api.KafkaSerdesTester] (Thread-123) None found
2025-07-31 15:29:50,513 INFO  [io.api.tes.ser.api.KafkaSerdesTester] (Thread-123) topic-634aaf04_93fe_4fea_979e_ae00f6165c9b 0 0 {"key11753975787981": "value-0"}
2025-07-31 15:29:50,514 INFO  [io.api.tes.ser.api.KafkaSerdesTester] (Thread-123) topic-634aaf04_93fe_4fea_979e_ae00f6165c9b 0 1 {"key11753975787981": "value-1"}
2025-07-31 15:29:50,514 INFO  [io.api.tes.ser.api.KafkaSerdesTester] (Thread-123) topic-634aaf04_93fe_4fea_979e_ae00f6165c9b 0 2 {"key11753975787981": "value-2"}
2025-07-31 15:29:50,514 INFO  [io.api.tes.ser.api.KafkaSerdesTester] (Thread-123) topic-634aaf04_93fe_4fea_979e_ae00f6165c9b 0 3 {"key11753975787981": "value-3"}
2025-07-31 15:29:50,514 INFO  [io.api.tes.ser.api.KafkaSerdesTester] (Thread-123) topic-634aaf04_93fe_4fea_979e_ae00f6165c9b 0 4 {"key11753975787981": "value-4"}
2025-07-31 15:29:50,515 INFO  [io.api.tes.ser.api.KafkaSerdesTester] (Thread-123) topic-634aaf04_93fe_4fea_979e_ae00f6165c9b 0 5 {"key11753975787981": "value-5"}
2025-07-31 15:29:50,515 INFO  [io.api.tes.ser.api.KafkaSerdesTester] (Thread-123) topic-634aaf04_93fe_4fea_979e_ae00f6165c9b 0 6 {"key11753975787981": "value-6"}
2025-07-31 15:29:50,515 INFO  [io.api.tes.ser.api.KafkaSerdesTester] (Thread-123) topic-634aaf04_93fe_4fea_979e_ae00f6165c9b 0 7 {"key11753975787981": "value-7"}
2025-07-31 15:29:50,515 INFO  [io.api.tes.ser.api.KafkaSerdesTester] (Thread-123) topic-634aaf04_93fe_4fea_979e_ae00f6165c9b 0 8 {"key11753975787981": "value-8"}
2025-07-31 15:29:50,515 INFO  [io.api.tes.ser.api.KafkaSerdesTester] (Thread-123) topic-634aaf04_93fe_4fea_979e_ae00f6165c9b 0 9 {"key11753975787981": "value-9"}
2025-07-31 15:29:50,516 INFO  [io.api.tes.ser.api.KafkaSerdesTester] (Thread-123) Consumed 10 messages
2025-07-31 15:29:50,550 INFO  [org.apa.kaf.cli.con.int.ConsumerRebalanceListenerInvoker] (Thread-123) [Consumer clientId=consumer-Consumer-topic-634aaf04_93fe_4fea_979e_ae00f6165c9b-1, groupId=Consumer-topic-634aaf04_93fe_4fea_979e_ae00f6165c9b] Revoke previously assigned partitions topic-634aaf04_93fe_4fea_979e_ae00f6165c9b-0
2025-07-31 15:29:50,550 INFO  [org.apa.kaf.cli.con.int.ConsumerCoordinator] (Thread-123) [Consumer clientId=consumer-Consumer-topic-634aaf04_93fe_4fea_979e_ae00f6165c9b-1, groupId=Consumer-topic-634aaf04_93fe_4fea_979e_ae00f6165c9b] Member consumer-Consumer-topic-634aaf04_93fe_4fea_979e_ae00f6165c9b-1-c0e44321-c62a-4e7d-b26b-0343e69d2c37 sending LeaveGroup request to coordinator localhost:32770 (id: 2147483647 rack: null) due to the consumer is being closed
2025-07-31 15:29:50,551 INFO  [org.apa.kaf.cli.con.int.ConsumerCoordinator] (Thread-123) [Consumer clientId=consumer-Consumer-topic-634aaf04_93fe_4fea_979e_ae00f6165c9b-1, groupId=Consumer-topic-634aaf04_93fe_4fea_979e_ae00f6165c9b] Resetting generation and member id due to: consumer pro-actively leaving the group
2025-07-31 15:29:50,551 INFO  [org.apa.kaf.cli.con.int.ConsumerCoordinator] (Thread-123) [Consumer clientId=consumer-Consumer-topic-634aaf04_93fe_4fea_979e_ae00f6165c9b-1, groupId=Consumer-topic-634aaf04_93fe_4fea_979e_ae00f6165c9b] Request joining group due to: consumer pro-actively leaving the group
2025-07-31 15:29:51,032 INFO  [org.apa.kaf.com.met.Metrics] (Thread-123) Metrics scheduler closed
2025-07-31 15:29:51,033 INFO  [org.apa.kaf.com.met.Metrics] (Thread-123) Closing reporter org.apache.kafka.common.metrics.JmxReporter
2025-07-31 15:29:51,033 INFO  [org.apa.kaf.com.met.Metrics] (Thread-123) Closing reporter org.apache.kafka.common.telemetry.internals.ClientTelemetryReporter
2025-07-31 15:29:51,033 INFO  [org.apa.kaf.com.met.Metrics] (Thread-123) Metrics reporters closed
2025-07-31 15:29:51,054 INFO  [org.apa.kaf.com.uti.AppInfoParser] (Thread-123) App info kafka.consumer for consumer-Consumer-topic-634aaf04_93fe_4fea_979e_ae00f6165c9b-1 unregistered
2025-07-31 15:29:51,055 INFO  [io.api.tes.uti.TestSeparator] (main) io.apicurio.tests.serdes.apicurio.AvroSerdeIT.testGlobalIdInHeaders-FINISHED
2025-07-31 15:29:51,055 INFO  [io.api.tes.uti.TestSeparator] (main) ############################################################################
]]></system-out>
  </testcase>
  <testcase name="testSimpleTopicIdStrategyFindLatest" classname="io.apicurio.tests.serdes.apicurio.AvroSerdeIT" time="1.843">
    <system-out><![CDATA[2025-07-31 15:29:51,062 INFO  [io.api.tes.uti.TestSeparator] (main) ############################################################################
2025-07-31 15:29:51,062 INFO  [io.api.tes.uti.TestSeparator] (main) io.apicurio.tests.serdes.apicurio.AvroSerdeIT.testSimpleTopicIdStrategyFindLatest-STARTED
2025-07-31 15:29:51,063 INFO  [io.api.tes.ser.api.AvroSerdeIT] (main) Registering Avro Schema: {"type":"record","name":"myrecordapicurio1","fields":[{"name":"key11753975791062","type":"string"}]}
2025-07-31 15:29:52,119 INFO  [org.apa.kaf.cli.pro.ProducerConfig] (main) ProducerConfig values: 
	acks = -1
	auto.include.jmx.reporter = true
	batch.size = 16384
	bootstrap.servers = [PLAINTEXT://localhost:32770]
	buffer.memory = 33554432
	client.dns.lookup = use_all_dns_ips
	client.id = Producer-topic-ef7a634b_bb25_4829_9de8_025b021c9507
	compression.gzip.level = -1
	compression.lz4.level = 9
	compression.type = none
	compression.zstd.level = 3
	connections.max.idle.ms = 10000
	delivery.timeout.ms = 120000
	enable.idempotence = true
	enable.metrics.push = true
	interceptor.classes = []
	key.serializer = class org.apache.kafka.common.serialization.StringSerializer
	linger.ms = 0
	max.block.ms = 60000
	max.in.flight.requests.per.connection = 5
	max.request.size = 1048576
	metadata.max.age.ms = 300000
	metadata.max.idle.ms = 300000
	metadata.recovery.strategy = none
	metric.reporters = []
	metrics.num.samples = 2
	metrics.recording.level = INFO
	metrics.sample.window.ms = 30000
	partitioner.adaptive.partitioning.enable = true
	partitioner.availability.timeout.ms = 0
	partitioner.class = null
	partitioner.ignore.keys = false
	receive.buffer.bytes = 32768
	reconnect.backoff.max.ms = 1000
	reconnect.backoff.ms = 50
	request.timeout.ms = 5000
	retries = 2147483647
	retry.backoff.max.ms = 1000
	retry.backoff.ms = 100
	sasl.client.callback.handler.class = null
	sasl.jaas.config = null
	sasl.kerberos.kinit.cmd = /usr/bin/kinit
	sasl.kerberos.min.time.before.relogin = 60000
	sasl.kerberos.service.name = null
	sasl.kerberos.ticket.renew.jitter = 0.05
	sasl.kerberos.ticket.renew.window.factor = 0.8
	sasl.login.callback.handler.class = null
	sasl.login.class = null
	sasl.login.connect.timeout.ms = null
	sasl.login.read.timeout.ms = null
	sasl.login.refresh.buffer.seconds = 300
	sasl.login.refresh.min.period.seconds = 60
	sasl.login.refresh.window.factor = 0.8
	sasl.login.refresh.window.jitter = 0.05
	sasl.login.retry.backoff.max.ms = 10000
	sasl.login.retry.backoff.ms = 100
	sasl.mechanism = GSSAPI
	sasl.oauthbearer.clock.skew.seconds = 30
	sasl.oauthbearer.expected.audience = null
	sasl.oauthbearer.expected.issuer = null
	sasl.oauthbearer.header.urlencode = false
	sasl.oauthbearer.jwks.endpoint.refresh.ms = 3600000
	sasl.oauthbearer.jwks.endpoint.retry.backoff.max.ms = 10000
	sasl.oauthbearer.jwks.endpoint.retry.backoff.ms = 100
	sasl.oauthbearer.jwks.endpoint.url = null
	sasl.oauthbearer.scope.claim.name = scope
	sasl.oauthbearer.sub.claim.name = sub
	sasl.oauthbearer.token.endpoint.url = null
	security.protocol = PLAINTEXT
	security.providers = null
	send.buffer.bytes = 131072
	socket.connection.setup.timeout.max.ms = 30000
	socket.connection.setup.timeout.ms = 10000
	ssl.cipher.suites = null
	ssl.enabled.protocols = [TLSv1.2, TLSv1.3]
	ssl.endpoint.identification.algorithm = https
	ssl.engine.factory.class = null
	ssl.key.password = null
	ssl.keymanager.algorithm = SunX509
	ssl.keystore.certificate.chain = null
	ssl.keystore.key = null
	ssl.keystore.location = null
	ssl.keystore.password = null
	ssl.keystore.type = JKS
	ssl.protocol = TLSv1.3
	ssl.provider = null
	ssl.secure.random.implementation = null
	ssl.trustmanager.algorithm = PKIX
	ssl.truststore.certificates = null
	ssl.truststore.location = null
	ssl.truststore.password = null
	ssl.truststore.type = JKS
	transaction.timeout.ms = 60000
	transactional.id = null
	value.serializer = class io.apicurio.registry.serde.avro.AvroKafkaSerializer

2025-07-31 15:29:52,119 INFO  [org.apa.kaf.com.tel.int.KafkaMetricsCollector] (main) initializing Kafka metrics collector
2025-07-31 15:29:52,124 INFO  [org.apa.kaf.cli.pro.KafkaProducer] (main) [Producer clientId=Producer-topic-ef7a634b_bb25_4829_9de8_025b021c9507] Instantiated an idempotent producer.
2025-07-31 15:29:52,137 INFO  [org.apa.kaf.cli.pro.ProducerConfig] (main) These configurations '[apicurio.registry.find-latest, apicurio.registry.artifact.group-id, apicurio.registry.url, apicurio.registry.artifact-resolver-strategy]' were supplied but are not used yet.
2025-07-31 15:29:52,137 INFO  [org.apa.kaf.com.uti.AppInfoParser] (main) Kafka version: 3.9.0
2025-07-31 15:29:52,137 INFO  [org.apa.kaf.com.uti.AppInfoParser] (main) Kafka commitId: 84caaa6e9da06435
2025-07-31 15:29:52,137 INFO  [org.apa.kaf.com.uti.AppInfoParser] (main) Kafka startTimeMs: 1753975792137
2025-07-31 15:29:52,137 INFO  [io.api.tes.ser.api.SimpleSerdesTesterBuilder$SimpleSerdesTester] (main) Using producer configuration: {apicurio.registry.find-latest=true, apicurio.registry.artifact.group-id=topic-ef7a634b_bb25_4829_9de8_025b021c9507, apicurio.registry.url=http://registry-app-inmemory.apps.ci419.apicurio-testing.org:80/apis/registry/v3, apicurio.registry.artifact-resolver-strategy=io.apicurio.registry.serde.strategy.SimpleTopicIdStrategy, value.serializer=io.apicurio.registry.serde.avro.AvroKafkaSerializer, request.timeout.ms=5000, acks=all, bootstrap.servers=PLAINTEXT://localhost:32770, connections.max.idle.ms=10000, key.serializer=org.apache.kafka.common.serialization.StringSerializer, client.id=Producer-topic-ef7a634b_bb25_4829_9de8_025b021c9507}
2025-07-31 15:29:52,138 INFO  [io.api.tes.ser.api.SimpleSerdesTesterBuilder$SimpleSerdesTester] (main) Using consumer configuration: {}
2025-07-31 15:29:52,139 INFO  [io.api.tes.ser.api.KafkaSerdesTester] (Thread-126) Sending message {"key11753975791062": "value-0"} to topic topic-ef7a634b_bb25_4829_9de8_025b021c9507
2025-07-31 15:29:52,151 INFO  [org.apa.kaf.cli.Metadata] (kafka-producer-network-thread | Producer-topic-ef7a634b_bb25_4829_9de8_025b021c9507) [Producer clientId=Producer-topic-ef7a634b_bb25_4829_9de8_025b021c9507] Cluster ID: PmaraPXQRTuATyXg1suJRg
2025-07-31 15:29:52,153 INFO  [org.apa.kaf.cli.pro.int.TransactionManager] (kafka-producer-network-thread | Producer-topic-ef7a634b_bb25_4829_9de8_025b021c9507) [Producer clientId=Producer-topic-ef7a634b_bb25_4829_9de8_025b021c9507] ProducerId set to 1 with epoch 0
2025-07-31 15:29:52,211 INFO  [io.api.tes.ser.api.KafkaSerdesTester] (Thread-126) Sending message {"key11753975791062": "value-1"} to topic topic-ef7a634b_bb25_4829_9de8_025b021c9507
2025-07-31 15:29:52,215 INFO  [io.api.tes.ser.api.KafkaSerdesTester] (Thread-126) Sending message {"key11753975791062": "value-2"} to topic topic-ef7a634b_bb25_4829_9de8_025b021c9507
2025-07-31 15:29:52,218 INFO  [io.api.tes.ser.api.KafkaSerdesTester] (Thread-126) Sending message {"key11753975791062": "value-3"} to topic topic-ef7a634b_bb25_4829_9de8_025b021c9507
2025-07-31 15:29:52,223 INFO  [io.api.tes.ser.api.KafkaSerdesTester] (Thread-126) Sending message {"key11753975791062": "value-4"} to topic topic-ef7a634b_bb25_4829_9de8_025b021c9507
2025-07-31 15:29:52,229 INFO  [io.api.tes.ser.api.KafkaSerdesTester] (Thread-126) Sending message {"key11753975791062": "value-5"} to topic topic-ef7a634b_bb25_4829_9de8_025b021c9507
2025-07-31 15:29:52,235 INFO  [io.api.tes.ser.api.KafkaSerdesTester] (Thread-126) Sending message {"key11753975791062": "value-6"} to topic topic-ef7a634b_bb25_4829_9de8_025b021c9507
2025-07-31 15:29:52,240 INFO  [io.api.tes.ser.api.KafkaSerdesTester] (Thread-126) Sending message {"key11753975791062": "value-7"} to topic topic-ef7a634b_bb25_4829_9de8_025b021c9507
2025-07-31 15:29:52,244 INFO  [io.api.tes.ser.api.KafkaSerdesTester] (Thread-126) Sending message {"key11753975791062": "value-8"} to topic topic-ef7a634b_bb25_4829_9de8_025b021c9507
2025-07-31 15:29:52,247 INFO  [io.api.tes.ser.api.KafkaSerdesTester] (Thread-126) Sending message {"key11753975791062": "value-9"} to topic topic-ef7a634b_bb25_4829_9de8_025b021c9507
2025-07-31 15:29:52,249 INFO  [io.api.tes.ser.api.KafkaSerdesTester] (Thread-126) Produced 10 messages
2025-07-31 15:29:52,249 INFO  [org.apa.kaf.cli.pro.KafkaProducer] (Thread-126) [Producer clientId=Producer-topic-ef7a634b_bb25_4829_9de8_025b021c9507] Closing the Kafka producer with timeoutMillis = 9223372036854775807 ms.
2025-07-31 15:29:52,255 INFO  [org.apa.kaf.com.met.Metrics] (Thread-126) Metrics scheduler closed
2025-07-31 15:29:52,255 INFO  [org.apa.kaf.com.met.Metrics] (Thread-126) Closing reporter org.apache.kafka.common.metrics.JmxReporter
2025-07-31 15:29:52,255 INFO  [org.apa.kaf.com.met.Metrics] (Thread-126) Closing reporter org.apache.kafka.common.telemetry.internals.ClientTelemetryReporter
2025-07-31 15:29:52,255 INFO  [org.apa.kaf.com.met.Metrics] (Thread-126) Metrics reporters closed
2025-07-31 15:29:52,256 INFO  [org.apa.kaf.com.uti.AppInfoParser] (Thread-126) App info kafka.producer for Producer-topic-ef7a634b_bb25_4829_9de8_025b021c9507 unregistered
2025-07-31 15:29:52,259 INFO  [org.apa.kaf.cli.con.ConsumerConfig] (main) ConsumerConfig values: 
	allow.auto.create.topics = true
	auto.commit.interval.ms = 500
	auto.include.jmx.reporter = true
	auto.offset.reset = earliest
	bootstrap.servers = [PLAINTEXT://localhost:32770]
	check.crcs = true
	client.dns.lookup = use_all_dns_ips
	client.id = consumer-Consumer-topic-ef7a634b_bb25_4829_9de8_025b021c9507-2
	client.rack = 
	connections.max.idle.ms = 10000
	default.api.timeout.ms = 60000
	enable.auto.commit = true
	enable.metrics.push = true
	exclude.internal.topics = true
	fetch.max.bytes = 52428800
	fetch.max.wait.ms = 500
	fetch.min.bytes = 1
	group.id = Consumer-topic-ef7a634b_bb25_4829_9de8_025b021c9507
	group.instance.id = null
	group.protocol = classic
	group.remote.assignor = null
	heartbeat.interval.ms = 3000
	interceptor.classes = []
	internal.leave.group.on.close = true
	internal.throw.on.fetch.stable.offset.unsupported = false
	isolation.level = read_uncommitted
	key.deserializer = class org.apache.kafka.common.serialization.StringDeserializer
	max.partition.fetch.bytes = 1048576
	max.poll.interval.ms = 300000
	max.poll.records = 500
	metadata.max.age.ms = 300000
	metadata.recovery.strategy = none
	metric.reporters = []
	metrics.num.samples = 2
	metrics.recording.level = INFO
	metrics.sample.window.ms = 30000
	partition.assignment.strategy = [class org.apache.kafka.clients.consumer.RangeAssignor, class org.apache.kafka.clients.consumer.CooperativeStickyAssignor]
	receive.buffer.bytes = 65536
	reconnect.backoff.max.ms = 1000
	reconnect.backoff.ms = 50
	request.timeout.ms = 5000
	retry.backoff.max.ms = 1000
	retry.backoff.ms = 100
	sasl.client.callback.handler.class = null
	sasl.jaas.config = null
	sasl.kerberos.kinit.cmd = /usr/bin/kinit
	sasl.kerberos.min.time.before.relogin = 60000
	sasl.kerberos.service.name = null
	sasl.kerberos.ticket.renew.jitter = 0.05
	sasl.kerberos.ticket.renew.window.factor = 0.8
	sasl.login.callback.handler.class = null
	sasl.login.class = null
	sasl.login.connect.timeout.ms = null
	sasl.login.read.timeout.ms = null
	sasl.login.refresh.buffer.seconds = 300
	sasl.login.refresh.min.period.seconds = 60
	sasl.login.refresh.window.factor = 0.8
	sasl.login.refresh.window.jitter = 0.05
	sasl.login.retry.backoff.max.ms = 10000
	sasl.login.retry.backoff.ms = 100
	sasl.mechanism = GSSAPI
	sasl.oauthbearer.clock.skew.seconds = 30
	sasl.oauthbearer.expected.audience = null
	sasl.oauthbearer.expected.issuer = null
	sasl.oauthbearer.header.urlencode = false
	sasl.oauthbearer.jwks.endpoint.refresh.ms = 3600000
	sasl.oauthbearer.jwks.endpoint.retry.backoff.max.ms = 10000
	sasl.oauthbearer.jwks.endpoint.retry.backoff.ms = 100
	sasl.oauthbearer.jwks.endpoint.url = null
	sasl.oauthbearer.scope.claim.name = scope
	sasl.oauthbearer.sub.claim.name = sub
	sasl.oauthbearer.token.endpoint.url = null
	security.protocol = PLAINTEXT
	security.providers = null
	send.buffer.bytes = 131072
	session.timeout.ms = 45000
	socket.connection.setup.timeout.max.ms = 30000
	socket.connection.setup.timeout.ms = 10000
	ssl.cipher.suites = null
	ssl.enabled.protocols = [TLSv1.2, TLSv1.3]
	ssl.endpoint.identification.algorithm = https
	ssl.engine.factory.class = null
	ssl.key.password = null
	ssl.keymanager.algorithm = SunX509
	ssl.keystore.certificate.chain = null
	ssl.keystore.key = null
	ssl.keystore.location = null
	ssl.keystore.password = null
	ssl.keystore.type = JKS
	ssl.protocol = TLSv1.3
	ssl.provider = null
	ssl.secure.random.implementation = null
	ssl.trustmanager.algorithm = PKIX
	ssl.truststore.certificates = null
	ssl.truststore.location = null
	ssl.truststore.password = null
	ssl.truststore.type = JKS
	value.deserializer = class io.apicurio.registry.serde.avro.AvroKafkaDeserializer

2025-07-31 15:29:52,259 INFO  [org.apa.kaf.com.tel.int.KafkaMetricsCollector] (main) initializing Kafka metrics collector
2025-07-31 15:29:52,276 INFO  [org.apa.kaf.cli.con.ConsumerConfig] (main) These configurations '[apicurio.registry.url]' were supplied but are not used yet.
2025-07-31 15:29:52,276 INFO  [org.apa.kaf.com.uti.AppInfoParser] (main) Kafka version: 3.9.0
2025-07-31 15:29:52,276 INFO  [org.apa.kaf.com.uti.AppInfoParser] (main) Kafka commitId: 84caaa6e9da06435
2025-07-31 15:29:52,276 INFO  [org.apa.kaf.com.uti.AppInfoParser] (main) Kafka startTimeMs: 1753975792276
2025-07-31 15:29:52,281 INFO  [org.apa.kaf.cli.con.int.ClassicKafkaConsumer] (Thread-129) [Consumer clientId=consumer-Consumer-topic-ef7a634b_bb25_4829_9de8_025b021c9507-2, groupId=Consumer-topic-ef7a634b_bb25_4829_9de8_025b021c9507] Subscribed to topic(s): topic-ef7a634b_bb25_4829_9de8_025b021c9507
2025-07-31 15:29:52,295 INFO  [org.apa.kaf.cli.Metadata] (Thread-129) [Consumer clientId=consumer-Consumer-topic-ef7a634b_bb25_4829_9de8_025b021c9507-2, groupId=Consumer-topic-ef7a634b_bb25_4829_9de8_025b021c9507] Cluster ID: PmaraPXQRTuATyXg1suJRg
2025-07-31 15:29:52,299 INFO  [org.apa.kaf.cli.con.int.ConsumerCoordinator] (Thread-129) [Consumer clientId=consumer-Consumer-topic-ef7a634b_bb25_4829_9de8_025b021c9507-2, groupId=Consumer-topic-ef7a634b_bb25_4829_9de8_025b021c9507] Discovered group coordinator localhost:32770 (id: 2147483647 rack: null)
2025-07-31 15:29:52,309 INFO  [org.apa.kaf.cli.con.int.ConsumerCoordinator] (Thread-129) [Consumer clientId=consumer-Consumer-topic-ef7a634b_bb25_4829_9de8_025b021c9507-2, groupId=Consumer-topic-ef7a634b_bb25_4829_9de8_025b021c9507] (Re-)joining group
2025-07-31 15:29:52,317 INFO  [org.apa.kaf.cli.con.int.ConsumerCoordinator] (Thread-129) [Consumer clientId=consumer-Consumer-topic-ef7a634b_bb25_4829_9de8_025b021c9507-2, groupId=Consumer-topic-ef7a634b_bb25_4829_9de8_025b021c9507] Request joining group due to: need to re-join with the given member-id: consumer-Consumer-topic-ef7a634b_bb25_4829_9de8_025b021c9507-2-17283f35-2c2f-4e52-ac47-31f25c9b9443
2025-07-31 15:29:52,321 INFO  [org.apa.kaf.cli.con.int.ConsumerCoordinator] (Thread-129) [Consumer clientId=consumer-Consumer-topic-ef7a634b_bb25_4829_9de8_025b021c9507-2, groupId=Consumer-topic-ef7a634b_bb25_4829_9de8_025b021c9507] (Re-)joining group
2025-07-31 15:29:52,327 INFO  [org.apa.kaf.cli.con.int.ConsumerCoordinator] (Thread-129) [Consumer clientId=consumer-Consumer-topic-ef7a634b_bb25_4829_9de8_025b021c9507-2, groupId=Consumer-topic-ef7a634b_bb25_4829_9de8_025b021c9507] Successfully joined group with generation Generation{generationId=1, memberId='consumer-Consumer-topic-ef7a634b_bb25_4829_9de8_025b021c9507-2-17283f35-2c2f-4e52-ac47-31f25c9b9443', protocol='range'}
2025-07-31 15:29:52,327 INFO  [org.apa.kaf.cli.con.int.ConsumerCoordinator] (Thread-129) [Consumer clientId=consumer-Consumer-topic-ef7a634b_bb25_4829_9de8_025b021c9507-2, groupId=Consumer-topic-ef7a634b_bb25_4829_9de8_025b021c9507] Finished assignment for group at generation 1: {consumer-Consumer-topic-ef7a634b_bb25_4829_9de8_025b021c9507-2-17283f35-2c2f-4e52-ac47-31f25c9b9443=Assignment(partitions=[topic-ef7a634b_bb25_4829_9de8_025b021c9507-0])}
2025-07-31 15:29:52,332 INFO  [org.apa.kaf.cli.con.int.ConsumerCoordinator] (Thread-129) [Consumer clientId=consumer-Consumer-topic-ef7a634b_bb25_4829_9de8_025b021c9507-2, groupId=Consumer-topic-ef7a634b_bb25_4829_9de8_025b021c9507] Successfully synced group in generation Generation{generationId=1, memberId='consumer-Consumer-topic-ef7a634b_bb25_4829_9de8_025b021c9507-2-17283f35-2c2f-4e52-ac47-31f25c9b9443', protocol='range'}
2025-07-31 15:29:52,333 INFO  [org.apa.kaf.cli.con.int.ConsumerCoordinator] (Thread-129) [Consumer clientId=consumer-Consumer-topic-ef7a634b_bb25_4829_9de8_025b021c9507-2, groupId=Consumer-topic-ef7a634b_bb25_4829_9de8_025b021c9507] Notifying assignor about the new Assignment(partitions=[topic-ef7a634b_bb25_4829_9de8_025b021c9507-0])
2025-07-31 15:29:52,333 INFO  [org.apa.kaf.cli.con.int.ConsumerRebalanceListenerInvoker] (Thread-129) [Consumer clientId=consumer-Consumer-topic-ef7a634b_bb25_4829_9de8_025b021c9507-2, groupId=Consumer-topic-ef7a634b_bb25_4829_9de8_025b021c9507] Adding newly assigned partitions: topic-ef7a634b_bb25_4829_9de8_025b021c9507-0
2025-07-31 15:29:52,334 INFO  [org.apa.kaf.cli.con.int.ConsumerCoordinator] (Thread-129) [Consumer clientId=consumer-Consumer-topic-ef7a634b_bb25_4829_9de8_025b021c9507-2, groupId=Consumer-topic-ef7a634b_bb25_4829_9de8_025b021c9507] Found no committed offset for partition topic-ef7a634b_bb25_4829_9de8_025b021c9507-0
2025-07-31 15:29:52,343 INFO  [org.apa.kaf.cli.con.int.SubscriptionState] (Thread-129) [Consumer clientId=consumer-Consumer-topic-ef7a634b_bb25_4829_9de8_025b021c9507-2, groupId=Consumer-topic-ef7a634b_bb25_4829_9de8_025b021c9507] Resetting offset for partition topic-ef7a634b_bb25_4829_9de8_025b021c9507-0 to position FetchPosition{offset=0, offsetEpoch=Optional.empty, currentLeader=LeaderAndEpoch{leader=Optional[localhost:32770 (id: 0 rack: null)], epoch=0}}.
2025-07-31 15:29:52,388 INFO  [io.api.tes.ser.api.KafkaSerdesTester] (Thread-129) topic-ef7a634b_bb25_4829_9de8_025b021c9507 0 0 {"key11753975791062": "value-0"}
2025-07-31 15:29:52,388 INFO  [io.api.tes.ser.api.KafkaSerdesTester] (Thread-129) topic-ef7a634b_bb25_4829_9de8_025b021c9507 0 1 {"key11753975791062": "value-1"}
2025-07-31 15:29:52,388 INFO  [io.api.tes.ser.api.KafkaSerdesTester] (Thread-129) topic-ef7a634b_bb25_4829_9de8_025b021c9507 0 2 {"key11753975791062": "value-2"}
2025-07-31 15:29:52,389 INFO  [io.api.tes.ser.api.KafkaSerdesTester] (Thread-129) topic-ef7a634b_bb25_4829_9de8_025b021c9507 0 3 {"key11753975791062": "value-3"}
2025-07-31 15:29:52,389 INFO  [io.api.tes.ser.api.KafkaSerdesTester] (Thread-129) topic-ef7a634b_bb25_4829_9de8_025b021c9507 0 4 {"key11753975791062": "value-4"}
2025-07-31 15:29:52,389 INFO  [io.api.tes.ser.api.KafkaSerdesTester] (Thread-129) topic-ef7a634b_bb25_4829_9de8_025b021c9507 0 5 {"key11753975791062": "value-5"}
2025-07-31 15:29:52,389 INFO  [io.api.tes.ser.api.KafkaSerdesTester] (Thread-129) topic-ef7a634b_bb25_4829_9de8_025b021c9507 0 6 {"key11753975791062": "value-6"}
2025-07-31 15:29:52,389 INFO  [io.api.tes.ser.api.KafkaSerdesTester] (Thread-129) topic-ef7a634b_bb25_4829_9de8_025b021c9507 0 7 {"key11753975791062": "value-7"}
2025-07-31 15:29:52,389 INFO  [io.api.tes.ser.api.KafkaSerdesTester] (Thread-129) topic-ef7a634b_bb25_4829_9de8_025b021c9507 0 8 {"key11753975791062": "value-8"}
2025-07-31 15:29:52,389 INFO  [io.api.tes.ser.api.KafkaSerdesTester] (Thread-129) topic-ef7a634b_bb25_4829_9de8_025b021c9507 0 9 {"key11753975791062": "value-9"}
2025-07-31 15:29:52,389 INFO  [io.api.tes.ser.api.KafkaSerdesTester] (Thread-129) Consumed 10 messages
2025-07-31 15:29:52,395 INFO  [org.apa.kaf.cli.con.int.ConsumerRebalanceListenerInvoker] (Thread-129) [Consumer clientId=consumer-Consumer-topic-ef7a634b_bb25_4829_9de8_025b021c9507-2, groupId=Consumer-topic-ef7a634b_bb25_4829_9de8_025b021c9507] Revoke previously assigned partitions topic-ef7a634b_bb25_4829_9de8_025b021c9507-0
2025-07-31 15:29:52,395 INFO  [org.apa.kaf.cli.con.int.ConsumerCoordinator] (Thread-129) [Consumer clientId=consumer-Consumer-topic-ef7a634b_bb25_4829_9de8_025b021c9507-2, groupId=Consumer-topic-ef7a634b_bb25_4829_9de8_025b021c9507] Member consumer-Consumer-topic-ef7a634b_bb25_4829_9de8_025b021c9507-2-17283f35-2c2f-4e52-ac47-31f25c9b9443 sending LeaveGroup request to coordinator localhost:32770 (id: 2147483647 rack: null) due to the consumer is being closed
2025-07-31 15:29:52,396 INFO  [org.apa.kaf.cli.con.int.ConsumerCoordinator] (Thread-129) [Consumer clientId=consumer-Consumer-topic-ef7a634b_bb25_4829_9de8_025b021c9507-2, groupId=Consumer-topic-ef7a634b_bb25_4829_9de8_025b021c9507] Resetting generation and member id due to: consumer pro-actively leaving the group
2025-07-31 15:29:52,396 INFO  [org.apa.kaf.cli.con.int.ConsumerCoordinator] (Thread-129) [Consumer clientId=consumer-Consumer-topic-ef7a634b_bb25_4829_9de8_025b021c9507-2, groupId=Consumer-topic-ef7a634b_bb25_4829_9de8_025b021c9507] Request joining group due to: consumer pro-actively leaving the group
2025-07-31 15:29:52,895 INFO  [org.apa.kaf.com.met.Metrics] (Thread-129) Metrics scheduler closed
2025-07-31 15:29:52,895 INFO  [org.apa.kaf.com.met.Metrics] (Thread-129) Closing reporter org.apache.kafka.common.metrics.JmxReporter
2025-07-31 15:29:52,895 INFO  [org.apa.kaf.com.met.Metrics] (Thread-129) Closing reporter org.apache.kafka.common.telemetry.internals.ClientTelemetryReporter
2025-07-31 15:29:52,895 INFO  [org.apa.kaf.com.met.Metrics] (Thread-129) Metrics reporters closed
2025-07-31 15:29:52,900 INFO  [org.apa.kaf.com.uti.AppInfoParser] (Thread-129) App info kafka.consumer for consumer-Consumer-topic-ef7a634b_bb25_4829_9de8_025b021c9507-2 unregistered
2025-07-31 15:29:52,901 INFO  [io.api.tes.uti.TestSeparator] (main) io.apicurio.tests.serdes.apicurio.AvroSerdeIT.testSimpleTopicIdStrategyFindLatest-FINISHED
2025-07-31 15:29:52,901 INFO  [io.api.tes.uti.TestSeparator] (main) ############################################################################
]]></system-out>
  </testcase>
  <testcase name="testWrongSchema" classname="io.apicurio.tests.serdes.apicurio.AvroSerdeIT" time="1.123">
    <system-out><![CDATA[2025-07-31 15:29:52,905 INFO  [io.api.tes.uti.TestSeparator] (main) ############################################################################
2025-07-31 15:29:52,906 INFO  [io.api.tes.uti.TestSeparator] (main) io.apicurio.tests.serdes.apicurio.AvroSerdeIT.testWrongSchema-STARTED
2025-07-31 15:29:53,962 INFO  [org.apa.kaf.cli.pro.ProducerConfig] (main) ProducerConfig values: 
	acks = -1
	auto.include.jmx.reporter = true
	batch.size = 16384
	bootstrap.servers = [PLAINTEXT://localhost:32770]
	buffer.memory = 33554432
	client.dns.lookup = use_all_dns_ips
	client.id = Producer-s7f3a165dx040ax41a5x9347x3a688cd6b993
	compression.gzip.level = -1
	compression.lz4.level = 9
	compression.type = none
	compression.zstd.level = 3
	connections.max.idle.ms = 10000
	delivery.timeout.ms = 120000
	enable.idempotence = true
	enable.metrics.push = true
	interceptor.classes = []
	key.serializer = class org.apache.kafka.common.serialization.StringSerializer
	linger.ms = 0
	max.block.ms = 60000
	max.in.flight.requests.per.connection = 5
	max.request.size = 1048576
	metadata.max.age.ms = 300000
	metadata.max.idle.ms = 300000
	metadata.recovery.strategy = none
	metric.reporters = []
	metrics.num.samples = 2
	metrics.recording.level = INFO
	metrics.sample.window.ms = 30000
	partitioner.adaptive.partitioning.enable = true
	partitioner.availability.timeout.ms = 0
	partitioner.class = null
	partitioner.ignore.keys = false
	receive.buffer.bytes = 32768
	reconnect.backoff.max.ms = 1000
	reconnect.backoff.ms = 50
	request.timeout.ms = 5000
	retries = 2147483647
	retry.backoff.max.ms = 1000
	retry.backoff.ms = 100
	sasl.client.callback.handler.class = null
	sasl.jaas.config = null
	sasl.kerberos.kinit.cmd = /usr/bin/kinit
	sasl.kerberos.min.time.before.relogin = 60000
	sasl.kerberos.service.name = null
	sasl.kerberos.ticket.renew.jitter = 0.05
	sasl.kerberos.ticket.renew.window.factor = 0.8
	sasl.login.callback.handler.class = null
	sasl.login.class = null
	sasl.login.connect.timeout.ms = null
	sasl.login.read.timeout.ms = null
	sasl.login.refresh.buffer.seconds = 300
	sasl.login.refresh.min.period.seconds = 60
	sasl.login.refresh.window.factor = 0.8
	sasl.login.refresh.window.jitter = 0.05
	sasl.login.retry.backoff.max.ms = 10000
	sasl.login.retry.backoff.ms = 100
	sasl.mechanism = GSSAPI
	sasl.oauthbearer.clock.skew.seconds = 30
	sasl.oauthbearer.expected.audience = null
	sasl.oauthbearer.expected.issuer = null
	sasl.oauthbearer.header.urlencode = false
	sasl.oauthbearer.jwks.endpoint.refresh.ms = 3600000
	sasl.oauthbearer.jwks.endpoint.retry.backoff.max.ms = 10000
	sasl.oauthbearer.jwks.endpoint.retry.backoff.ms = 100
	sasl.oauthbearer.jwks.endpoint.url = null
	sasl.oauthbearer.scope.claim.name = scope
	sasl.oauthbearer.sub.claim.name = sub
	sasl.oauthbearer.token.endpoint.url = null
	security.protocol = PLAINTEXT
	security.providers = null
	send.buffer.bytes = 131072
	socket.connection.setup.timeout.max.ms = 30000
	socket.connection.setup.timeout.ms = 10000
	ssl.cipher.suites = null
	ssl.enabled.protocols = [TLSv1.2, TLSv1.3]
	ssl.endpoint.identification.algorithm = https
	ssl.engine.factory.class = null
	ssl.key.password = null
	ssl.keymanager.algorithm = SunX509
	ssl.keystore.certificate.chain = null
	ssl.keystore.key = null
	ssl.keystore.location = null
	ssl.keystore.password = null
	ssl.keystore.type = JKS
	ssl.protocol = TLSv1.3
	ssl.provider = null
	ssl.secure.random.implementation = null
	ssl.trustmanager.algorithm = PKIX
	ssl.truststore.certificates = null
	ssl.truststore.location = null
	ssl.truststore.password = null
	ssl.truststore.type = JKS
	transaction.timeout.ms = 60000
	transactional.id = null
	value.serializer = class io.apicurio.registry.serde.avro.AvroKafkaSerializer

2025-07-31 15:29:53,963 INFO  [org.apa.kaf.com.tel.int.KafkaMetricsCollector] (main) initializing Kafka metrics collector
2025-07-31 15:29:53,969 INFO  [org.apa.kaf.cli.pro.KafkaProducer] (main) [Producer clientId=Producer-s7f3a165dx040ax41a5x9347x3a688cd6b993] Instantiated an idempotent producer.
2025-07-31 15:29:53,973 INFO  [org.apa.kaf.cli.pro.ProducerConfig] (main) These configurations '[apicurio.registry.find-latest, apicurio.registry.url, apicurio.registry.artifact-resolver-strategy]' were supplied but are not used yet.
2025-07-31 15:29:53,973 INFO  [org.apa.kaf.com.uti.AppInfoParser] (main) Kafka version: 3.9.0
2025-07-31 15:29:53,973 INFO  [org.apa.kaf.com.uti.AppInfoParser] (main) Kafka commitId: 84caaa6e9da06435
2025-07-31 15:29:53,973 INFO  [org.apa.kaf.com.uti.AppInfoParser] (main) Kafka startTimeMs: 1753975793973
2025-07-31 15:29:53,977 INFO  [io.api.tes.ser.api.KafkaSerdesTester] (Thread-132) Sending message {"keyB": "value-0"} to topic s7f3a165dx040ax41a5x9347x3a688cd6b993
2025-07-31 15:29:53,986 INFO  [org.apa.kaf.cli.Metadata] (kafka-producer-network-thread | Producer-s7f3a165dx040ax41a5x9347x3a688cd6b993) [Producer clientId=Producer-s7f3a165dx040ax41a5x9347x3a688cd6b993] Cluster ID: PmaraPXQRTuATyXg1suJRg
2025-07-31 15:29:53,988 INFO  [org.apa.kaf.cli.pro.int.TransactionManager] (kafka-producer-network-thread | Producer-s7f3a165dx040ax41a5x9347x3a688cd6b993) [Producer clientId=Producer-s7f3a165dx040ax41a5x9347x3a688cd6b993] ProducerId set to 2 with epoch 0
2025-07-31 15:29:54,018 INFO  [org.apa.kaf.cli.pro.KafkaProducer] (Thread-132) [Producer clientId=Producer-s7f3a165dx040ax41a5x9347x3a688cd6b993] Closing the Kafka producer with timeoutMillis = 9223372036854775807 ms.
2025-07-31 15:29:54,022 INFO  [org.apa.kaf.com.met.Metrics] (Thread-132) Metrics scheduler closed
2025-07-31 15:29:54,022 INFO  [org.apa.kaf.com.met.Metrics] (Thread-132) Closing reporter org.apache.kafka.common.metrics.JmxReporter
2025-07-31 15:29:54,022 INFO  [org.apa.kaf.com.met.Metrics] (Thread-132) Closing reporter org.apache.kafka.common.telemetry.internals.ClientTelemetryReporter
2025-07-31 15:29:54,022 INFO  [org.apa.kaf.com.met.Metrics] (Thread-132) Metrics reporters closed
2025-07-31 15:29:54,023 INFO  [org.apa.kaf.com.uti.AppInfoParser] (Thread-132) App info kafka.producer for Producer-s7f3a165dx040ax41a5x9347x3a688cd6b993 unregistered
2025-07-31 15:29:54,025 INFO  [io.api.tes.uti.TestSeparator] (main) io.apicurio.tests.serdes.apicurio.AvroSerdeIT.testWrongSchema-FINISHED
2025-07-31 15:29:54,025 INFO  [io.api.tes.uti.TestSeparator] (main) ############################################################################
]]></system-out>
    <system-err><![CDATA[io.apicurio.registry.rest.client.models.ProblemDetails
	at io.apicurio.registry.rest.client.models.ProblemDetails.createFromDiscriminatorValue(ProblemDetails.java:58)
	at io.kiota.serialization.json.JsonParseNode.getObjectValue(JsonParseNode.java:247)
	at io.kiota.http.vertx.VertXRequestAdapter.lambda$throwIfFailedResponse$0(VertXRequestAdapter.java:400)
	at com.microsoft.kiota.ApiExceptionBuilder.<init>(ApiExceptionBuilder.java:26)
	at io.kiota.http.vertx.VertXRequestAdapter.throwIfFailedResponse(VertXRequestAdapter.java:399)
	at io.kiota.http.vertx.VertXRequestAdapter.send(VertXRequestAdapter.java:170)
	at io.apicurio.registry.rest.client.groups.item.artifacts.item.versions.item.WithVersionExpressionItemRequestBuilder.get(WithVersionExpressionItemRequestBuilder.java:128)
	at io.apicurio.registry.rest.client.groups.item.artifacts.item.versions.item.WithVersionExpressionItemRequestBuilder.get(WithVersionExpressionItemRequestBuilder.java:111)
	at io.apicurio.registry.resolver.DefaultSchemaResolver.resolveByCoordinates(DefaultSchemaResolver.java:469)
	at io.apicurio.registry.resolver.DefaultSchemaResolver.lambda$resolveSchemaByArtifactReferenceCached$12(DefaultSchemaResolver.java:451)
	at io.apicurio.registry.resolver.ERCache.lambda$getValue$0(ERCache.java:181)
	at io.apicurio.registry.resolver.ERCache.retry(ERCache.java:234)
	at io.apicurio.registry.resolver.ERCache.getValue(ERCache.java:180)
	at io.apicurio.registry.resolver.ERCache.getByArtifactCoordinates(ERCache.java:165)
	at io.apicurio.registry.resolver.DefaultSchemaResolver.resolveSchemaByArtifactReferenceCached(DefaultSchemaResolver.java:449)
	at io.apicurio.registry.resolver.DefaultSchemaResolver.resolveSchemaByCoordinates(DefaultSchemaResolver.java:201)
	at io.apicurio.registry.resolver.DefaultSchemaResolver.getSchemaFromRegistry(DefaultSchemaResolver.java:134)
	at io.apicurio.registry.resolver.DefaultSchemaResolver.lambda$resolveSchema$0(DefaultSchemaResolver.java:86)
	at java.base/java.util.Optional.orElseGet(Optional.java:364)
	at io.apicurio.registry.resolver.DefaultSchemaResolver.resolveSchema(DefaultSchemaResolver.java:86)
	at io.apicurio.registry.serde.AbstractSerializer.serializeData(AbstractSerializer.java:62)
	at io.apicurio.registry.serde.KafkaSerializer.serialize(KafkaSerializer.java:77)
	at org.apache.kafka.clients.producer.KafkaProducer.doSend(KafkaProducer.java:1046)
	at org.apache.kafka.clients.producer.KafkaProducer.send(KafkaProducer.java:993)
	at org.apache.kafka.clients.producer.KafkaProducer.send(KafkaProducer.java:875)
	at io.apicurio.tests.serdes.apicurio.KafkaSerdesTester.lambda$produceMessages$3(KafkaSerdesTester.java:138)
	at java.base/java.util.concurrent.CompletableFuture$AsyncSupply.run(CompletableFuture.java:1768)
	at java.base/java.lang.Thread.run(Thread.java:840)
]]></system-err>
  </testcase>
  <testcase name="testAvroJSON" classname="io.apicurio.tests.serdes.apicurio.AvroSerdeIT" time="0.928">
    <system-out><![CDATA[2025-07-31 15:29:54,033 INFO  [io.api.tes.uti.TestSeparator] (main) ############################################################################
2025-07-31 15:29:54,033 INFO  [io.api.tes.uti.TestSeparator] (main) io.apicurio.tests.serdes.apicurio.AvroSerdeIT.testAvroJSON-STARTED
2025-07-31 15:29:54,044 INFO  [org.apa.kaf.cli.pro.ProducerConfig] (main) ProducerConfig values: 
	acks = -1
	auto.include.jmx.reporter = true
	batch.size = 16384
	bootstrap.servers = [PLAINTEXT://localhost:32770]
	buffer.memory = 33554432
	client.dns.lookup = use_all_dns_ips
	client.id = Producer-topic-0ec0aca3_ba85_4714_8a9f_92c5f5dcb61b
	compression.gzip.level = -1
	compression.lz4.level = 9
	compression.type = none
	compression.zstd.level = 3
	connections.max.idle.ms = 10000
	delivery.timeout.ms = 120000
	enable.idempotence = true
	enable.metrics.push = true
	interceptor.classes = []
	key.serializer = class org.apache.kafka.common.serialization.StringSerializer
	linger.ms = 0
	max.block.ms = 60000
	max.in.flight.requests.per.connection = 5
	max.request.size = 1048576
	metadata.max.age.ms = 300000
	metadata.max.idle.ms = 300000
	metadata.recovery.strategy = none
	metric.reporters = []
	metrics.num.samples = 2
	metrics.recording.level = INFO
	metrics.sample.window.ms = 30000
	partitioner.adaptive.partitioning.enable = true
	partitioner.availability.timeout.ms = 0
	partitioner.class = null
	partitioner.ignore.keys = false
	receive.buffer.bytes = 32768
	reconnect.backoff.max.ms = 1000
	reconnect.backoff.ms = 50
	request.timeout.ms = 5000
	retries = 2147483647
	retry.backoff.max.ms = 1000
	retry.backoff.ms = 100
	sasl.client.callback.handler.class = null
	sasl.jaas.config = null
	sasl.kerberos.kinit.cmd = /usr/bin/kinit
	sasl.kerberos.min.time.before.relogin = 60000
	sasl.kerberos.service.name = null
	sasl.kerberos.ticket.renew.jitter = 0.05
	sasl.kerberos.ticket.renew.window.factor = 0.8
	sasl.login.callback.handler.class = null
	sasl.login.class = null
	sasl.login.connect.timeout.ms = null
	sasl.login.read.timeout.ms = null
	sasl.login.refresh.buffer.seconds = 300
	sasl.login.refresh.min.period.seconds = 60
	sasl.login.refresh.window.factor = 0.8
	sasl.login.refresh.window.jitter = 0.05
	sasl.login.retry.backoff.max.ms = 10000
	sasl.login.retry.backoff.ms = 100
	sasl.mechanism = GSSAPI
	sasl.oauthbearer.clock.skew.seconds = 30
	sasl.oauthbearer.expected.audience = null
	sasl.oauthbearer.expected.issuer = null
	sasl.oauthbearer.header.urlencode = false
	sasl.oauthbearer.jwks.endpoint.refresh.ms = 3600000
	sasl.oauthbearer.jwks.endpoint.retry.backoff.max.ms = 10000
	sasl.oauthbearer.jwks.endpoint.retry.backoff.ms = 100
	sasl.oauthbearer.jwks.endpoint.url = null
	sasl.oauthbearer.scope.claim.name = scope
	sasl.oauthbearer.sub.claim.name = sub
	sasl.oauthbearer.token.endpoint.url = null
	security.protocol = PLAINTEXT
	security.providers = null
	send.buffer.bytes = 131072
	socket.connection.setup.timeout.max.ms = 30000
	socket.connection.setup.timeout.ms = 10000
	ssl.cipher.suites = null
	ssl.enabled.protocols = [TLSv1.2, TLSv1.3]
	ssl.endpoint.identification.algorithm = https
	ssl.engine.factory.class = null
	ssl.key.password = null
	ssl.keymanager.algorithm = SunX509
	ssl.keystore.certificate.chain = null
	ssl.keystore.key = null
	ssl.keystore.location = null
	ssl.keystore.password = null
	ssl.keystore.type = JKS
	ssl.protocol = TLSv1.3
	ssl.provider = null
	ssl.secure.random.implementation = null
	ssl.trustmanager.algorithm = PKIX
	ssl.truststore.certificates = null
	ssl.truststore.location = null
	ssl.truststore.password = null
	ssl.truststore.type = JKS
	transaction.timeout.ms = 60000
	transactional.id = null
	value.serializer = class io.apicurio.registry.serde.avro.AvroKafkaSerializer

2025-07-31 15:29:54,045 INFO  [org.apa.kaf.com.tel.int.KafkaMetricsCollector] (main) initializing Kafka metrics collector
2025-07-31 15:29:54,058 INFO  [org.apa.kaf.cli.pro.KafkaProducer] (main) [Producer clientId=Producer-topic-0ec0aca3_ba85_4714_8a9f_92c5f5dcb61b] Instantiated an idempotent producer.
2025-07-31 15:29:54,065 INFO  [org.apa.kaf.cli.pro.ProducerConfig] (main) These configurations '[apicurio.registry.avro.encoding, apicurio.registry.url, apicurio.registry.auto-register, apicurio.registry.artifact-resolver-strategy]' were supplied but are not used yet.
2025-07-31 15:29:54,065 INFO  [org.apa.kaf.com.uti.AppInfoParser] (main) Kafka version: 3.9.0
2025-07-31 15:29:54,066 INFO  [org.apa.kaf.com.uti.AppInfoParser] (main) Kafka commitId: 84caaa6e9da06435
2025-07-31 15:29:54,066 INFO  [org.apa.kaf.com.uti.AppInfoParser] (main) Kafka startTimeMs: 1753975794065
2025-07-31 15:29:54,066 INFO  [io.api.tes.ser.api.SimpleSerdesTesterBuilder$SimpleSerdesTester] (main) Using producer configuration: {apicurio.registry.avro.encoding=JSON, apicurio.registry.url=http://registry-app-inmemory.apps.ci419.apicurio-testing.org:80/apis/registry/v3, apicurio.registry.auto-register=true, apicurio.registry.artifact-resolver-strategy=io.apicurio.registry.serde.strategy.TopicIdStrategy, value.serializer=io.apicurio.registry.serde.avro.AvroKafkaSerializer, request.timeout.ms=5000, acks=all, bootstrap.servers=PLAINTEXT://localhost:32770, connections.max.idle.ms=10000, key.serializer=org.apache.kafka.common.serialization.StringSerializer, client.id=Producer-topic-0ec0aca3_ba85_4714_8a9f_92c5f5dcb61b}
2025-07-31 15:29:54,066 INFO  [io.api.tes.ser.api.SimpleSerdesTesterBuilder$SimpleSerdesTester] (main) Using consumer configuration: {apicurio.registry.avro.encoding=JSON}
2025-07-31 15:29:54,073 INFO  [io.api.tes.ser.api.KafkaSerdesTester] (Thread-135) Sending message {"bar": "value-0"} to topic topic-0ec0aca3_ba85_4714_8a9f_92c5f5dcb61b
2025-07-31 15:29:54,095 WARN  [org.apa.kaf.cli.NetworkClient] (kafka-producer-network-thread | Producer-topic-0ec0aca3_ba85_4714_8a9f_92c5f5dcb61b) [Producer clientId=Producer-topic-0ec0aca3_ba85_4714_8a9f_92c5f5dcb61b] The metadata response from the cluster reported a recoverable issue with correlation id 2 : {topic-0ec0aca3_ba85_4714_8a9f_92c5f5dcb61b=LEADER_NOT_AVAILABLE}
2025-07-31 15:29:54,097 INFO  [org.apa.kaf.cli.Metadata] (kafka-producer-network-thread | Producer-topic-0ec0aca3_ba85_4714_8a9f_92c5f5dcb61b) [Producer clientId=Producer-topic-0ec0aca3_ba85_4714_8a9f_92c5f5dcb61b] Cluster ID: PmaraPXQRTuATyXg1suJRg
2025-07-31 15:29:54,097 INFO  [org.apa.kaf.cli.pro.int.TransactionManager] (kafka-producer-network-thread | Producer-topic-0ec0aca3_ba85_4714_8a9f_92c5f5dcb61b) [Producer clientId=Producer-topic-0ec0aca3_ba85_4714_8a9f_92c5f5dcb61b] ProducerId set to 3 with epoch 0
2025-07-31 15:29:54,251 INFO  [io.api.tes.ser.api.KafkaSerdesTester] (Thread-135) Sending message {"bar": "value-1"} to topic topic-0ec0aca3_ba85_4714_8a9f_92c5f5dcb61b
2025-07-31 15:29:54,255 INFO  [io.api.tes.ser.api.KafkaSerdesTester] (Thread-135) Sending message {"bar": "value-2"} to topic topic-0ec0aca3_ba85_4714_8a9f_92c5f5dcb61b
2025-07-31 15:29:54,257 INFO  [io.api.tes.ser.api.KafkaSerdesTester] (Thread-135) Sending message {"bar": "value-3"} to topic topic-0ec0aca3_ba85_4714_8a9f_92c5f5dcb61b
2025-07-31 15:29:54,260 INFO  [io.api.tes.ser.api.KafkaSerdesTester] (Thread-135) Sending message {"bar": "value-4"} to topic topic-0ec0aca3_ba85_4714_8a9f_92c5f5dcb61b
2025-07-31 15:29:54,263 INFO  [io.api.tes.ser.api.KafkaSerdesTester] (Thread-135) Sending message {"bar": "value-5"} to topic topic-0ec0aca3_ba85_4714_8a9f_92c5f5dcb61b
2025-07-31 15:29:54,266 INFO  [io.api.tes.ser.api.KafkaSerdesTester] (Thread-135) Sending message {"bar": "value-6"} to topic topic-0ec0aca3_ba85_4714_8a9f_92c5f5dcb61b
2025-07-31 15:29:54,268 INFO  [io.api.tes.ser.api.KafkaSerdesTester] (Thread-135) Sending message {"bar": "value-7"} to topic topic-0ec0aca3_ba85_4714_8a9f_92c5f5dcb61b
2025-07-31 15:29:54,271 INFO  [io.api.tes.ser.api.KafkaSerdesTester] (Thread-135) Sending message {"bar": "value-8"} to topic topic-0ec0aca3_ba85_4714_8a9f_92c5f5dcb61b
2025-07-31 15:29:54,274 INFO  [io.api.tes.ser.api.KafkaSerdesTester] (Thread-135) Sending message {"bar": "value-9"} to topic topic-0ec0aca3_ba85_4714_8a9f_92c5f5dcb61b
2025-07-31 15:29:54,276 INFO  [io.api.tes.ser.api.KafkaSerdesTester] (Thread-135) Produced 10 messages
2025-07-31 15:29:54,276 INFO  [org.apa.kaf.cli.pro.KafkaProducer] (Thread-135) [Producer clientId=Producer-topic-0ec0aca3_ba85_4714_8a9f_92c5f5dcb61b] Closing the Kafka producer with timeoutMillis = 9223372036854775807 ms.
2025-07-31 15:29:54,283 INFO  [org.apa.kaf.com.met.Metrics] (Thread-135) Metrics scheduler closed
2025-07-31 15:29:54,283 INFO  [org.apa.kaf.com.met.Metrics] (Thread-135) Closing reporter org.apache.kafka.common.metrics.JmxReporter
2025-07-31 15:29:54,283 INFO  [org.apa.kaf.com.met.Metrics] (Thread-135) Closing reporter org.apache.kafka.common.telemetry.internals.ClientTelemetryReporter
2025-07-31 15:29:54,283 INFO  [org.apa.kaf.com.met.Metrics] (Thread-135) Metrics reporters closed
2025-07-31 15:29:54,283 INFO  [org.apa.kaf.com.uti.AppInfoParser] (Thread-135) App info kafka.producer for Producer-topic-0ec0aca3_ba85_4714_8a9f_92c5f5dcb61b unregistered
2025-07-31 15:29:54,310 INFO  [org.apa.kaf.cli.con.ConsumerConfig] (main) ConsumerConfig values: 
	allow.auto.create.topics = true
	auto.commit.interval.ms = 500
	auto.include.jmx.reporter = true
	auto.offset.reset = earliest
	bootstrap.servers = [PLAINTEXT://localhost:32770]
	check.crcs = true
	client.dns.lookup = use_all_dns_ips
	client.id = consumer-Consumer-topic-0ec0aca3_ba85_4714_8a9f_92c5f5dcb61b-3
	client.rack = 
	connections.max.idle.ms = 10000
	default.api.timeout.ms = 60000
	enable.auto.commit = true
	enable.metrics.push = true
	exclude.internal.topics = true
	fetch.max.bytes = 52428800
	fetch.max.wait.ms = 500
	fetch.min.bytes = 1
	group.id = Consumer-topic-0ec0aca3_ba85_4714_8a9f_92c5f5dcb61b
	group.instance.id = null
	group.protocol = classic
	group.remote.assignor = null
	heartbeat.interval.ms = 3000
	interceptor.classes = []
	internal.leave.group.on.close = true
	internal.throw.on.fetch.stable.offset.unsupported = false
	isolation.level = read_uncommitted
	key.deserializer = class org.apache.kafka.common.serialization.StringDeserializer
	max.partition.fetch.bytes = 1048576
	max.poll.interval.ms = 300000
	max.poll.records = 500
	metadata.max.age.ms = 300000
	metadata.recovery.strategy = none
	metric.reporters = []
	metrics.num.samples = 2
	metrics.recording.level = INFO
	metrics.sample.window.ms = 30000
	partition.assignment.strategy = [class org.apache.kafka.clients.consumer.RangeAssignor, class org.apache.kafka.clients.consumer.CooperativeStickyAssignor]
	receive.buffer.bytes = 65536
	reconnect.backoff.max.ms = 1000
	reconnect.backoff.ms = 50
	request.timeout.ms = 5000
	retry.backoff.max.ms = 1000
	retry.backoff.ms = 100
	sasl.client.callback.handler.class = null
	sasl.jaas.config = null
	sasl.kerberos.kinit.cmd = /usr/bin/kinit
	sasl.kerberos.min.time.before.relogin = 60000
	sasl.kerberos.service.name = null
	sasl.kerberos.ticket.renew.jitter = 0.05
	sasl.kerberos.ticket.renew.window.factor = 0.8
	sasl.login.callback.handler.class = null
	sasl.login.class = null
	sasl.login.connect.timeout.ms = null
	sasl.login.read.timeout.ms = null
	sasl.login.refresh.buffer.seconds = 300
	sasl.login.refresh.min.period.seconds = 60
	sasl.login.refresh.window.factor = 0.8
	sasl.login.refresh.window.jitter = 0.05
	sasl.login.retry.backoff.max.ms = 10000
	sasl.login.retry.backoff.ms = 100
	sasl.mechanism = GSSAPI
	sasl.oauthbearer.clock.skew.seconds = 30
	sasl.oauthbearer.expected.audience = null
	sasl.oauthbearer.expected.issuer = null
	sasl.oauthbearer.header.urlencode = false
	sasl.oauthbearer.jwks.endpoint.refresh.ms = 3600000
	sasl.oauthbearer.jwks.endpoint.retry.backoff.max.ms = 10000
	sasl.oauthbearer.jwks.endpoint.retry.backoff.ms = 100
	sasl.oauthbearer.jwks.endpoint.url = null
	sasl.oauthbearer.scope.claim.name = scope
	sasl.oauthbearer.sub.claim.name = sub
	sasl.oauthbearer.token.endpoint.url = null
	security.protocol = PLAINTEXT
	security.providers = null
	send.buffer.bytes = 131072
	session.timeout.ms = 45000
	socket.connection.setup.timeout.max.ms = 30000
	socket.connection.setup.timeout.ms = 10000
	ssl.cipher.suites = null
	ssl.enabled.protocols = [TLSv1.2, TLSv1.3]
	ssl.endpoint.identification.algorithm = https
	ssl.engine.factory.class = null
	ssl.key.password = null
	ssl.keymanager.algorithm = SunX509
	ssl.keystore.certificate.chain = null
	ssl.keystore.key = null
	ssl.keystore.location = null
	ssl.keystore.password = null
	ssl.keystore.type = JKS
	ssl.protocol = TLSv1.3
	ssl.provider = null
	ssl.secure.random.implementation = null
	ssl.trustmanager.algorithm = PKIX
	ssl.truststore.certificates = null
	ssl.truststore.location = null
	ssl.truststore.password = null
	ssl.truststore.type = JKS
	value.deserializer = class io.apicurio.registry.serde.avro.AvroKafkaDeserializer

2025-07-31 15:29:54,311 INFO  [org.apa.kaf.com.tel.int.KafkaMetricsCollector] (main) initializing Kafka metrics collector
2025-07-31 15:29:54,320 INFO  [org.apa.kaf.cli.con.ConsumerConfig] (main) These configurations '[apicurio.registry.avro.encoding, apicurio.registry.url]' were supplied but are not used yet.
2025-07-31 15:29:54,322 INFO  [org.apa.kaf.com.uti.AppInfoParser] (main) Kafka version: 3.9.0
2025-07-31 15:29:54,322 INFO  [org.apa.kaf.com.uti.AppInfoParser] (main) Kafka commitId: 84caaa6e9da06435
2025-07-31 15:29:54,322 INFO  [org.apa.kaf.com.uti.AppInfoParser] (main) Kafka startTimeMs: 1753975794320
2025-07-31 15:29:54,324 INFO  [org.apa.kaf.cli.con.int.ClassicKafkaConsumer] (Thread-138) [Consumer clientId=consumer-Consumer-topic-0ec0aca3_ba85_4714_8a9f_92c5f5dcb61b-3, groupId=Consumer-topic-0ec0aca3_ba85_4714_8a9f_92c5f5dcb61b] Subscribed to topic(s): topic-0ec0aca3_ba85_4714_8a9f_92c5f5dcb61b
2025-07-31 15:29:54,337 INFO  [org.apa.kaf.cli.Metadata] (Thread-138) [Consumer clientId=consumer-Consumer-topic-0ec0aca3_ba85_4714_8a9f_92c5f5dcb61b-3, groupId=Consumer-topic-0ec0aca3_ba85_4714_8a9f_92c5f5dcb61b] Cluster ID: PmaraPXQRTuATyXg1suJRg
2025-07-31 15:29:54,340 INFO  [org.apa.kaf.cli.con.int.ConsumerCoordinator] (Thread-138) [Consumer clientId=consumer-Consumer-topic-0ec0aca3_ba85_4714_8a9f_92c5f5dcb61b-3, groupId=Consumer-topic-0ec0aca3_ba85_4714_8a9f_92c5f5dcb61b] Discovered group coordinator localhost:32770 (id: 2147483647 rack: null)
2025-07-31 15:29:54,346 INFO  [org.apa.kaf.cli.con.int.ConsumerCoordinator] (Thread-138) [Consumer clientId=consumer-Consumer-topic-0ec0aca3_ba85_4714_8a9f_92c5f5dcb61b-3, groupId=Consumer-topic-0ec0aca3_ba85_4714_8a9f_92c5f5dcb61b] (Re-)joining group
2025-07-31 15:29:54,353 INFO  [org.apa.kaf.cli.con.int.ConsumerCoordinator] (Thread-138) [Consumer clientId=consumer-Consumer-topic-0ec0aca3_ba85_4714_8a9f_92c5f5dcb61b-3, groupId=Consumer-topic-0ec0aca3_ba85_4714_8a9f_92c5f5dcb61b] Request joining group due to: need to re-join with the given member-id: consumer-Consumer-topic-0ec0aca3_ba85_4714_8a9f_92c5f5dcb61b-3-43136ef7-6160-4ee8-9a0d-41bb7b935937
2025-07-31 15:29:54,353 INFO  [org.apa.kaf.cli.con.int.ConsumerCoordinator] (Thread-138) [Consumer clientId=consumer-Consumer-topic-0ec0aca3_ba85_4714_8a9f_92c5f5dcb61b-3, groupId=Consumer-topic-0ec0aca3_ba85_4714_8a9f_92c5f5dcb61b] (Re-)joining group
2025-07-31 15:29:54,363 INFO  [org.apa.kaf.cli.con.int.ConsumerCoordinator] (Thread-138) [Consumer clientId=consumer-Consumer-topic-0ec0aca3_ba85_4714_8a9f_92c5f5dcb61b-3, groupId=Consumer-topic-0ec0aca3_ba85_4714_8a9f_92c5f5dcb61b] Successfully joined group with generation Generation{generationId=1, memberId='consumer-Consumer-topic-0ec0aca3_ba85_4714_8a9f_92c5f5dcb61b-3-43136ef7-6160-4ee8-9a0d-41bb7b935937', protocol='range'}
2025-07-31 15:29:54,363 INFO  [org.apa.kaf.cli.con.int.ConsumerCoordinator] (Thread-138) [Consumer clientId=consumer-Consumer-topic-0ec0aca3_ba85_4714_8a9f_92c5f5dcb61b-3, groupId=Consumer-topic-0ec0aca3_ba85_4714_8a9f_92c5f5dcb61b] Finished assignment for group at generation 1: {consumer-Consumer-topic-0ec0aca3_ba85_4714_8a9f_92c5f5dcb61b-3-43136ef7-6160-4ee8-9a0d-41bb7b935937=Assignment(partitions=[topic-0ec0aca3_ba85_4714_8a9f_92c5f5dcb61b-0])}
2025-07-31 15:29:54,374 INFO  [org.apa.kaf.cli.con.int.ConsumerCoordinator] (Thread-138) [Consumer clientId=consumer-Consumer-topic-0ec0aca3_ba85_4714_8a9f_92c5f5dcb61b-3, groupId=Consumer-topic-0ec0aca3_ba85_4714_8a9f_92c5f5dcb61b] Successfully synced group in generation Generation{generationId=1, memberId='consumer-Consumer-topic-0ec0aca3_ba85_4714_8a9f_92c5f5dcb61b-3-43136ef7-6160-4ee8-9a0d-41bb7b935937', protocol='range'}
2025-07-31 15:29:54,374 INFO  [org.apa.kaf.cli.con.int.ConsumerCoordinator] (Thread-138) [Consumer clientId=consumer-Consumer-topic-0ec0aca3_ba85_4714_8a9f_92c5f5dcb61b-3, groupId=Consumer-topic-0ec0aca3_ba85_4714_8a9f_92c5f5dcb61b] Notifying assignor about the new Assignment(partitions=[topic-0ec0aca3_ba85_4714_8a9f_92c5f5dcb61b-0])
2025-07-31 15:29:54,374 INFO  [org.apa.kaf.cli.con.int.ConsumerRebalanceListenerInvoker] (Thread-138) [Consumer clientId=consumer-Consumer-topic-0ec0aca3_ba85_4714_8a9f_92c5f5dcb61b-3, groupId=Consumer-topic-0ec0aca3_ba85_4714_8a9f_92c5f5dcb61b] Adding newly assigned partitions: topic-0ec0aca3_ba85_4714_8a9f_92c5f5dcb61b-0
2025-07-31 15:29:54,378 INFO  [org.apa.kaf.cli.con.int.ConsumerCoordinator] (Thread-138) [Consumer clientId=consumer-Consumer-topic-0ec0aca3_ba85_4714_8a9f_92c5f5dcb61b-3, groupId=Consumer-topic-0ec0aca3_ba85_4714_8a9f_92c5f5dcb61b] Found no committed offset for partition topic-0ec0aca3_ba85_4714_8a9f_92c5f5dcb61b-0
2025-07-31 15:29:54,399 INFO  [org.apa.kaf.cli.con.int.SubscriptionState] (Thread-138) [Consumer clientId=consumer-Consumer-topic-0ec0aca3_ba85_4714_8a9f_92c5f5dcb61b-3, groupId=Consumer-topic-0ec0aca3_ba85_4714_8a9f_92c5f5dcb61b] Resetting offset for partition topic-0ec0aca3_ba85_4714_8a9f_92c5f5dcb61b-0 to position FetchPosition{offset=0, offsetEpoch=Optional.empty, currentLeader=LeaderAndEpoch{leader=Optional[localhost:32770 (id: 0 rack: null)], epoch=0}}.
2025-07-31 15:29:54,438 INFO  [io.api.tes.ser.api.KafkaSerdesTester] (Thread-138) topic-0ec0aca3_ba85_4714_8a9f_92c5f5dcb61b 0 0 {"bar": "value-0"}
2025-07-31 15:29:54,438 INFO  [io.api.tes.ser.api.KafkaSerdesTester] (Thread-138) topic-0ec0aca3_ba85_4714_8a9f_92c5f5dcb61b 0 1 {"bar": "value-1"}
2025-07-31 15:29:54,440 INFO  [io.api.tes.ser.api.KafkaSerdesTester] (Thread-138) topic-0ec0aca3_ba85_4714_8a9f_92c5f5dcb61b 0 2 {"bar": "value-2"}
2025-07-31 15:29:54,440 INFO  [io.api.tes.ser.api.KafkaSerdesTester] (Thread-138) topic-0ec0aca3_ba85_4714_8a9f_92c5f5dcb61b 0 3 {"bar": "value-3"}
2025-07-31 15:29:54,440 INFO  [io.api.tes.ser.api.KafkaSerdesTester] (Thread-138) topic-0ec0aca3_ba85_4714_8a9f_92c5f5dcb61b 0 4 {"bar": "value-4"}
2025-07-31 15:29:54,440 INFO  [io.api.tes.ser.api.KafkaSerdesTester] (Thread-138) topic-0ec0aca3_ba85_4714_8a9f_92c5f5dcb61b 0 5 {"bar": "value-5"}
2025-07-31 15:29:54,440 INFO  [io.api.tes.ser.api.KafkaSerdesTester] (Thread-138) topic-0ec0aca3_ba85_4714_8a9f_92c5f5dcb61b 0 6 {"bar": "value-6"}
2025-07-31 15:29:54,440 INFO  [io.api.tes.ser.api.KafkaSerdesTester] (Thread-138) topic-0ec0aca3_ba85_4714_8a9f_92c5f5dcb61b 0 7 {"bar": "value-7"}
2025-07-31 15:29:54,440 INFO  [io.api.tes.ser.api.KafkaSerdesTester] (Thread-138) topic-0ec0aca3_ba85_4714_8a9f_92c5f5dcb61b 0 8 {"bar": "value-8"}
2025-07-31 15:29:54,440 INFO  [io.api.tes.ser.api.KafkaSerdesTester] (Thread-138) topic-0ec0aca3_ba85_4714_8a9f_92c5f5dcb61b 0 9 {"bar": "value-9"}
2025-07-31 15:29:54,440 INFO  [io.api.tes.ser.api.KafkaSerdesTester] (Thread-138) Consumed 10 messages
2025-07-31 15:29:54,446 INFO  [org.apa.kaf.cli.con.int.ConsumerRebalanceListenerInvoker] (Thread-138) [Consumer clientId=consumer-Consumer-topic-0ec0aca3_ba85_4714_8a9f_92c5f5dcb61b-3, groupId=Consumer-topic-0ec0aca3_ba85_4714_8a9f_92c5f5dcb61b] Revoke previously assigned partitions topic-0ec0aca3_ba85_4714_8a9f_92c5f5dcb61b-0
2025-07-31 15:29:54,446 INFO  [org.apa.kaf.cli.con.int.ConsumerCoordinator] (Thread-138) [Consumer clientId=consumer-Consumer-topic-0ec0aca3_ba85_4714_8a9f_92c5f5dcb61b-3, groupId=Consumer-topic-0ec0aca3_ba85_4714_8a9f_92c5f5dcb61b] Member consumer-Consumer-topic-0ec0aca3_ba85_4714_8a9f_92c5f5dcb61b-3-43136ef7-6160-4ee8-9a0d-41bb7b935937 sending LeaveGroup request to coordinator localhost:32770 (id: 2147483647 rack: null) due to the consumer is being closed
2025-07-31 15:29:54,447 INFO  [org.apa.kaf.cli.con.int.ConsumerCoordinator] (Thread-138) [Consumer clientId=consumer-Consumer-topic-0ec0aca3_ba85_4714_8a9f_92c5f5dcb61b-3, groupId=Consumer-topic-0ec0aca3_ba85_4714_8a9f_92c5f5dcb61b] Resetting generation and member id due to: consumer pro-actively leaving the group
2025-07-31 15:29:54,447 INFO  [org.apa.kaf.cli.con.int.ConsumerCoordinator] (Thread-138) [Consumer clientId=consumer-Consumer-topic-0ec0aca3_ba85_4714_8a9f_92c5f5dcb61b-3, groupId=Consumer-topic-0ec0aca3_ba85_4714_8a9f_92c5f5dcb61b] Request joining group due to: consumer pro-actively leaving the group
2025-07-31 15:29:54,947 INFO  [org.apa.kaf.com.met.Metrics] (Thread-138) Metrics scheduler closed
2025-07-31 15:29:54,947 INFO  [org.apa.kaf.com.met.Metrics] (Thread-138) Closing reporter org.apache.kafka.common.metrics.JmxReporter
2025-07-31 15:29:54,947 INFO  [org.apa.kaf.com.met.Metrics] (Thread-138) Closing reporter org.apache.kafka.common.telemetry.internals.ClientTelemetryReporter
2025-07-31 15:29:54,947 INFO  [org.apa.kaf.com.met.Metrics] (Thread-138) Metrics reporters closed
2025-07-31 15:29:54,953 INFO  [org.apa.kaf.com.uti.AppInfoParser] (Thread-138) App info kafka.consumer for consumer-Consumer-topic-0ec0aca3_ba85_4714_8a9f_92c5f5dcb61b-3 unregistered
2025-07-31 15:29:54,954 INFO  [io.api.tes.uti.TestSeparator] (main) io.apicurio.tests.serdes.apicurio.AvroSerdeIT.testAvroJSON-FINISHED
2025-07-31 15:29:54,955 INFO  [io.api.tes.uti.TestSeparator] (main) ############################################################################
]]></system-out>
  </testcase>
  <testcase name="testTopicIdStrategyAutoRegister" classname="io.apicurio.tests.serdes.apicurio.AvroSerdeIT" time="0.901">
    <system-out><![CDATA[2025-07-31 15:29:54,956 INFO  [io.api.tes.uti.TestSeparator] (main) ############################################################################
2025-07-31 15:29:54,956 INFO  [io.api.tes.uti.TestSeparator] (main) io.apicurio.tests.serdes.apicurio.AvroSerdeIT.testTopicIdStrategyAutoRegister-STARTED
2025-07-31 15:29:54,964 INFO  [org.apa.kaf.cli.pro.ProducerConfig] (main) ProducerConfig values: 
	acks = -1
	auto.include.jmx.reporter = true
	batch.size = 16384
	bootstrap.servers = [PLAINTEXT://localhost:32770]
	buffer.memory = 33554432
	client.dns.lookup = use_all_dns_ips
	client.id = Producer-topic-582c1d0e_e684_4fc8_8038_5e30894ed0be
	compression.gzip.level = -1
	compression.lz4.level = 9
	compression.type = none
	compression.zstd.level = 3
	connections.max.idle.ms = 10000
	delivery.timeout.ms = 120000
	enable.idempotence = true
	enable.metrics.push = true
	interceptor.classes = []
	key.serializer = class org.apache.kafka.common.serialization.StringSerializer
	linger.ms = 0
	max.block.ms = 60000
	max.in.flight.requests.per.connection = 5
	max.request.size = 1048576
	metadata.max.age.ms = 300000
	metadata.max.idle.ms = 300000
	metadata.recovery.strategy = none
	metric.reporters = []
	metrics.num.samples = 2
	metrics.recording.level = INFO
	metrics.sample.window.ms = 30000
	partitioner.adaptive.partitioning.enable = true
	partitioner.availability.timeout.ms = 0
	partitioner.class = null
	partitioner.ignore.keys = false
	receive.buffer.bytes = 32768
	reconnect.backoff.max.ms = 1000
	reconnect.backoff.ms = 50
	request.timeout.ms = 5000
	retries = 2147483647
	retry.backoff.max.ms = 1000
	retry.backoff.ms = 100
	sasl.client.callback.handler.class = null
	sasl.jaas.config = null
	sasl.kerberos.kinit.cmd = /usr/bin/kinit
	sasl.kerberos.min.time.before.relogin = 60000
	sasl.kerberos.service.name = null
	sasl.kerberos.ticket.renew.jitter = 0.05
	sasl.kerberos.ticket.renew.window.factor = 0.8
	sasl.login.callback.handler.class = null
	sasl.login.class = null
	sasl.login.connect.timeout.ms = null
	sasl.login.read.timeout.ms = null
	sasl.login.refresh.buffer.seconds = 300
	sasl.login.refresh.min.period.seconds = 60
	sasl.login.refresh.window.factor = 0.8
	sasl.login.refresh.window.jitter = 0.05
	sasl.login.retry.backoff.max.ms = 10000
	sasl.login.retry.backoff.ms = 100
	sasl.mechanism = GSSAPI
	sasl.oauthbearer.clock.skew.seconds = 30
	sasl.oauthbearer.expected.audience = null
	sasl.oauthbearer.expected.issuer = null
	sasl.oauthbearer.header.urlencode = false
	sasl.oauthbearer.jwks.endpoint.refresh.ms = 3600000
	sasl.oauthbearer.jwks.endpoint.retry.backoff.max.ms = 10000
	sasl.oauthbearer.jwks.endpoint.retry.backoff.ms = 100
	sasl.oauthbearer.jwks.endpoint.url = null
	sasl.oauthbearer.scope.claim.name = scope
	sasl.oauthbearer.sub.claim.name = sub
	sasl.oauthbearer.token.endpoint.url = null
	security.protocol = PLAINTEXT
	security.providers = null
	send.buffer.bytes = 131072
	socket.connection.setup.timeout.max.ms = 30000
	socket.connection.setup.timeout.ms = 10000
	ssl.cipher.suites = null
	ssl.enabled.protocols = [TLSv1.2, TLSv1.3]
	ssl.endpoint.identification.algorithm = https
	ssl.engine.factory.class = null
	ssl.key.password = null
	ssl.keymanager.algorithm = SunX509
	ssl.keystore.certificate.chain = null
	ssl.keystore.key = null
	ssl.keystore.location = null
	ssl.keystore.password = null
	ssl.keystore.type = JKS
	ssl.protocol = TLSv1.3
	ssl.provider = null
	ssl.secure.random.implementation = null
	ssl.trustmanager.algorithm = PKIX
	ssl.truststore.certificates = null
	ssl.truststore.location = null
	ssl.truststore.password = null
	ssl.truststore.type = JKS
	transaction.timeout.ms = 60000
	transactional.id = null
	value.serializer = class io.apicurio.registry.serde.avro.AvroKafkaSerializer

2025-07-31 15:29:54,965 INFO  [org.apa.kaf.com.tel.int.KafkaMetricsCollector] (main) initializing Kafka metrics collector
2025-07-31 15:29:54,975 INFO  [org.apa.kaf.cli.pro.KafkaProducer] (main) [Producer clientId=Producer-topic-582c1d0e_e684_4fc8_8038_5e30894ed0be] Instantiated an idempotent producer.
2025-07-31 15:29:54,980 INFO  [org.apa.kaf.cli.pro.ProducerConfig] (main) These configurations '[apicurio.registry.url, apicurio.registry.auto-register, apicurio.registry.artifact-resolver-strategy]' were supplied but are not used yet.
2025-07-31 15:29:54,980 INFO  [org.apa.kaf.com.uti.AppInfoParser] (main) Kafka version: 3.9.0
2025-07-31 15:29:54,980 INFO  [org.apa.kaf.com.uti.AppInfoParser] (main) Kafka commitId: 84caaa6e9da06435
2025-07-31 15:29:54,980 INFO  [org.apa.kaf.com.uti.AppInfoParser] (main) Kafka startTimeMs: 1753975794980
2025-07-31 15:29:54,980 INFO  [io.api.tes.ser.api.SimpleSerdesTesterBuilder$SimpleSerdesTester] (main) Using producer configuration: {apicurio.registry.url=http://registry-app-inmemory.apps.ci419.apicurio-testing.org:80/apis/registry/v3, apicurio.registry.auto-register=true, apicurio.registry.artifact-resolver-strategy=io.apicurio.registry.serde.strategy.TopicIdStrategy, value.serializer=io.apicurio.registry.serde.avro.AvroKafkaSerializer, request.timeout.ms=5000, acks=all, bootstrap.servers=PLAINTEXT://localhost:32770, connections.max.idle.ms=10000, key.serializer=org.apache.kafka.common.serialization.StringSerializer, client.id=Producer-topic-582c1d0e_e684_4fc8_8038_5e30894ed0be}
2025-07-31 15:29:54,980 INFO  [io.api.tes.ser.api.SimpleSerdesTesterBuilder$SimpleSerdesTester] (main) Using consumer configuration: {}
2025-07-31 15:29:54,989 INFO  [io.api.tes.ser.api.KafkaSerdesTester] (Thread-141) Sending message {"key11753975794962": "value-0"} to topic topic-582c1d0e_e684_4fc8_8038_5e30894ed0be
2025-07-31 15:29:55,011 WARN  [org.apa.kaf.cli.NetworkClient] (kafka-producer-network-thread | Producer-topic-582c1d0e_e684_4fc8_8038_5e30894ed0be) [Producer clientId=Producer-topic-582c1d0e_e684_4fc8_8038_5e30894ed0be] The metadata response from the cluster reported a recoverable issue with correlation id 2 : {topic-582c1d0e_e684_4fc8_8038_5e30894ed0be=LEADER_NOT_AVAILABLE}
2025-07-31 15:29:55,011 INFO  [org.apa.kaf.cli.Metadata] (kafka-producer-network-thread | Producer-topic-582c1d0e_e684_4fc8_8038_5e30894ed0be) [Producer clientId=Producer-topic-582c1d0e_e684_4fc8_8038_5e30894ed0be] Cluster ID: PmaraPXQRTuATyXg1suJRg
2025-07-31 15:29:55,012 INFO  [org.apa.kaf.cli.pro.int.TransactionManager] (kafka-producer-network-thread | Producer-topic-582c1d0e_e684_4fc8_8038_5e30894ed0be) [Producer clientId=Producer-topic-582c1d0e_e684_4fc8_8038_5e30894ed0be] ProducerId set to 4 with epoch 0
2025-07-31 15:29:55,161 INFO  [io.api.tes.ser.api.KafkaSerdesTester] (Thread-141) Sending message {"key11753975794962": "value-1"} to topic topic-582c1d0e_e684_4fc8_8038_5e30894ed0be
2025-07-31 15:29:55,165 INFO  [io.api.tes.ser.api.KafkaSerdesTester] (Thread-141) Sending message {"key11753975794962": "value-2"} to topic topic-582c1d0e_e684_4fc8_8038_5e30894ed0be
2025-07-31 15:29:55,169 INFO  [io.api.tes.ser.api.KafkaSerdesTester] (Thread-141) Sending message {"key11753975794962": "value-3"} to topic topic-582c1d0e_e684_4fc8_8038_5e30894ed0be
2025-07-31 15:29:55,173 INFO  [io.api.tes.ser.api.KafkaSerdesTester] (Thread-141) Sending message {"key11753975794962": "value-4"} to topic topic-582c1d0e_e684_4fc8_8038_5e30894ed0be
2025-07-31 15:29:55,177 INFO  [io.api.tes.ser.api.KafkaSerdesTester] (Thread-141) Sending message {"key11753975794962": "value-5"} to topic topic-582c1d0e_e684_4fc8_8038_5e30894ed0be
2025-07-31 15:29:55,181 INFO  [io.api.tes.ser.api.KafkaSerdesTester] (Thread-141) Sending message {"key11753975794962": "value-6"} to topic topic-582c1d0e_e684_4fc8_8038_5e30894ed0be
2025-07-31 15:29:55,185 INFO  [io.api.tes.ser.api.KafkaSerdesTester] (Thread-141) Sending message {"key11753975794962": "value-7"} to topic topic-582c1d0e_e684_4fc8_8038_5e30894ed0be
2025-07-31 15:29:55,189 INFO  [io.api.tes.ser.api.KafkaSerdesTester] (Thread-141) Sending message {"key11753975794962": "value-8"} to topic topic-582c1d0e_e684_4fc8_8038_5e30894ed0be
2025-07-31 15:29:55,191 INFO  [io.api.tes.ser.api.KafkaSerdesTester] (Thread-141) Sending message {"key11753975794962": "value-9"} to topic topic-582c1d0e_e684_4fc8_8038_5e30894ed0be
2025-07-31 15:29:55,194 INFO  [io.api.tes.ser.api.KafkaSerdesTester] (Thread-141) Produced 10 messages
2025-07-31 15:29:55,194 INFO  [org.apa.kaf.cli.pro.KafkaProducer] (Thread-141) [Producer clientId=Producer-topic-582c1d0e_e684_4fc8_8038_5e30894ed0be] Closing the Kafka producer with timeoutMillis = 9223372036854775807 ms.
2025-07-31 15:29:55,202 INFO  [org.apa.kaf.com.met.Metrics] (Thread-141) Metrics scheduler closed
2025-07-31 15:29:55,202 INFO  [org.apa.kaf.com.met.Metrics] (Thread-141) Closing reporter org.apache.kafka.common.metrics.JmxReporter
2025-07-31 15:29:55,202 INFO  [org.apa.kaf.com.met.Metrics] (Thread-141) Closing reporter org.apache.kafka.common.telemetry.internals.ClientTelemetryReporter
2025-07-31 15:29:55,202 INFO  [org.apa.kaf.com.met.Metrics] (Thread-141) Metrics reporters closed
2025-07-31 15:29:55,202 INFO  [org.apa.kaf.com.uti.AppInfoParser] (Thread-141) App info kafka.producer for Producer-topic-582c1d0e_e684_4fc8_8038_5e30894ed0be unregistered
2025-07-31 15:29:55,227 INFO  [org.apa.kaf.cli.con.ConsumerConfig] (main) ConsumerConfig values: 
	allow.auto.create.topics = true
	auto.commit.interval.ms = 500
	auto.include.jmx.reporter = true
	auto.offset.reset = earliest
	bootstrap.servers = [PLAINTEXT://localhost:32770]
	check.crcs = true
	client.dns.lookup = use_all_dns_ips
	client.id = consumer-Consumer-topic-582c1d0e_e684_4fc8_8038_5e30894ed0be-4
	client.rack = 
	connections.max.idle.ms = 10000
	default.api.timeout.ms = 60000
	enable.auto.commit = true
	enable.metrics.push = true
	exclude.internal.topics = true
	fetch.max.bytes = 52428800
	fetch.max.wait.ms = 500
	fetch.min.bytes = 1
	group.id = Consumer-topic-582c1d0e_e684_4fc8_8038_5e30894ed0be
	group.instance.id = null
	group.protocol = classic
	group.remote.assignor = null
	heartbeat.interval.ms = 3000
	interceptor.classes = []
	internal.leave.group.on.close = true
	internal.throw.on.fetch.stable.offset.unsupported = false
	isolation.level = read_uncommitted
	key.deserializer = class org.apache.kafka.common.serialization.StringDeserializer
	max.partition.fetch.bytes = 1048576
	max.poll.interval.ms = 300000
	max.poll.records = 500
	metadata.max.age.ms = 300000
	metadata.recovery.strategy = none
	metric.reporters = []
	metrics.num.samples = 2
	metrics.recording.level = INFO
	metrics.sample.window.ms = 30000
	partition.assignment.strategy = [class org.apache.kafka.clients.consumer.RangeAssignor, class org.apache.kafka.clients.consumer.CooperativeStickyAssignor]
	receive.buffer.bytes = 65536
	reconnect.backoff.max.ms = 1000
	reconnect.backoff.ms = 50
	request.timeout.ms = 5000
	retry.backoff.max.ms = 1000
	retry.backoff.ms = 100
	sasl.client.callback.handler.class = null
	sasl.jaas.config = null
	sasl.kerberos.kinit.cmd = /usr/bin/kinit
	sasl.kerberos.min.time.before.relogin = 60000
	sasl.kerberos.service.name = null
	sasl.kerberos.ticket.renew.jitter = 0.05
	sasl.kerberos.ticket.renew.window.factor = 0.8
	sasl.login.callback.handler.class = null
	sasl.login.class = null
	sasl.login.connect.timeout.ms = null
	sasl.login.read.timeout.ms = null
	sasl.login.refresh.buffer.seconds = 300
	sasl.login.refresh.min.period.seconds = 60
	sasl.login.refresh.window.factor = 0.8
	sasl.login.refresh.window.jitter = 0.05
	sasl.login.retry.backoff.max.ms = 10000
	sasl.login.retry.backoff.ms = 100
	sasl.mechanism = GSSAPI
	sasl.oauthbearer.clock.skew.seconds = 30
	sasl.oauthbearer.expected.audience = null
	sasl.oauthbearer.expected.issuer = null
	sasl.oauthbearer.header.urlencode = false
	sasl.oauthbearer.jwks.endpoint.refresh.ms = 3600000
	sasl.oauthbearer.jwks.endpoint.retry.backoff.max.ms = 10000
	sasl.oauthbearer.jwks.endpoint.retry.backoff.ms = 100
	sasl.oauthbearer.jwks.endpoint.url = null
	sasl.oauthbearer.scope.claim.name = scope
	sasl.oauthbearer.sub.claim.name = sub
	sasl.oauthbearer.token.endpoint.url = null
	security.protocol = PLAINTEXT
	security.providers = null
	send.buffer.bytes = 131072
	session.timeout.ms = 45000
	socket.connection.setup.timeout.max.ms = 30000
	socket.connection.setup.timeout.ms = 10000
	ssl.cipher.suites = null
	ssl.enabled.protocols = [TLSv1.2, TLSv1.3]
	ssl.endpoint.identification.algorithm = https
	ssl.engine.factory.class = null
	ssl.key.password = null
	ssl.keymanager.algorithm = SunX509
	ssl.keystore.certificate.chain = null
	ssl.keystore.key = null
	ssl.keystore.location = null
	ssl.keystore.password = null
	ssl.keystore.type = JKS
	ssl.protocol = TLSv1.3
	ssl.provider = null
	ssl.secure.random.implementation = null
	ssl.trustmanager.algorithm = PKIX
	ssl.truststore.certificates = null
	ssl.truststore.location = null
	ssl.truststore.password = null
	ssl.truststore.type = JKS
	value.deserializer = class io.apicurio.registry.serde.avro.AvroKafkaDeserializer

2025-07-31 15:29:55,227 INFO  [org.apa.kaf.com.tel.int.KafkaMetricsCollector] (main) initializing Kafka metrics collector
2025-07-31 15:29:55,235 INFO  [org.apa.kaf.cli.con.ConsumerConfig] (main) These configurations '[apicurio.registry.url]' were supplied but are not used yet.
2025-07-31 15:29:55,235 INFO  [org.apa.kaf.com.uti.AppInfoParser] (main) Kafka version: 3.9.0
2025-07-31 15:29:55,235 INFO  [org.apa.kaf.com.uti.AppInfoParser] (main) Kafka commitId: 84caaa6e9da06435
2025-07-31 15:29:55,235 INFO  [org.apa.kaf.com.uti.AppInfoParser] (main) Kafka startTimeMs: 1753975795235
2025-07-31 15:29:55,236 INFO  [org.apa.kaf.cli.con.int.ClassicKafkaConsumer] (Thread-144) [Consumer clientId=consumer-Consumer-topic-582c1d0e_e684_4fc8_8038_5e30894ed0be-4, groupId=Consumer-topic-582c1d0e_e684_4fc8_8038_5e30894ed0be] Subscribed to topic(s): topic-582c1d0e_e684_4fc8_8038_5e30894ed0be
2025-07-31 15:29:55,248 INFO  [org.apa.kaf.cli.Metadata] (Thread-144) [Consumer clientId=consumer-Consumer-topic-582c1d0e_e684_4fc8_8038_5e30894ed0be-4, groupId=Consumer-topic-582c1d0e_e684_4fc8_8038_5e30894ed0be] Cluster ID: PmaraPXQRTuATyXg1suJRg
2025-07-31 15:29:55,250 INFO  [org.apa.kaf.cli.con.int.ConsumerCoordinator] (Thread-144) [Consumer clientId=consumer-Consumer-topic-582c1d0e_e684_4fc8_8038_5e30894ed0be-4, groupId=Consumer-topic-582c1d0e_e684_4fc8_8038_5e30894ed0be] Discovered group coordinator localhost:32770 (id: 2147483647 rack: null)
2025-07-31 15:29:55,254 INFO  [org.apa.kaf.cli.con.int.ConsumerCoordinator] (Thread-144) [Consumer clientId=consumer-Consumer-topic-582c1d0e_e684_4fc8_8038_5e30894ed0be-4, groupId=Consumer-topic-582c1d0e_e684_4fc8_8038_5e30894ed0be] (Re-)joining group
2025-07-31 15:29:55,259 INFO  [org.apa.kaf.cli.con.int.ConsumerCoordinator] (Thread-144) [Consumer clientId=consumer-Consumer-topic-582c1d0e_e684_4fc8_8038_5e30894ed0be-4, groupId=Consumer-topic-582c1d0e_e684_4fc8_8038_5e30894ed0be] Request joining group due to: need to re-join with the given member-id: consumer-Consumer-topic-582c1d0e_e684_4fc8_8038_5e30894ed0be-4-5751a3e9-fc3f-4515-aa52-6b367fc1eea8
2025-07-31 15:29:55,259 INFO  [org.apa.kaf.cli.con.int.ConsumerCoordinator] (Thread-144) [Consumer clientId=consumer-Consumer-topic-582c1d0e_e684_4fc8_8038_5e30894ed0be-4, groupId=Consumer-topic-582c1d0e_e684_4fc8_8038_5e30894ed0be] (Re-)joining group
2025-07-31 15:29:55,264 INFO  [org.apa.kaf.cli.con.int.ConsumerCoordinator] (Thread-144) [Consumer clientId=consumer-Consumer-topic-582c1d0e_e684_4fc8_8038_5e30894ed0be-4, groupId=Consumer-topic-582c1d0e_e684_4fc8_8038_5e30894ed0be] Successfully joined group with generation Generation{generationId=1, memberId='consumer-Consumer-topic-582c1d0e_e684_4fc8_8038_5e30894ed0be-4-5751a3e9-fc3f-4515-aa52-6b367fc1eea8', protocol='range'}
2025-07-31 15:29:55,265 INFO  [org.apa.kaf.cli.con.int.ConsumerCoordinator] (Thread-144) [Consumer clientId=consumer-Consumer-topic-582c1d0e_e684_4fc8_8038_5e30894ed0be-4, groupId=Consumer-topic-582c1d0e_e684_4fc8_8038_5e30894ed0be] Finished assignment for group at generation 1: {consumer-Consumer-topic-582c1d0e_e684_4fc8_8038_5e30894ed0be-4-5751a3e9-fc3f-4515-aa52-6b367fc1eea8=Assignment(partitions=[topic-582c1d0e_e684_4fc8_8038_5e30894ed0be-0])}
2025-07-31 15:29:55,272 INFO  [org.apa.kaf.cli.con.int.ConsumerCoordinator] (Thread-144) [Consumer clientId=consumer-Consumer-topic-582c1d0e_e684_4fc8_8038_5e30894ed0be-4, groupId=Consumer-topic-582c1d0e_e684_4fc8_8038_5e30894ed0be] Successfully synced group in generation Generation{generationId=1, memberId='consumer-Consumer-topic-582c1d0e_e684_4fc8_8038_5e30894ed0be-4-5751a3e9-fc3f-4515-aa52-6b367fc1eea8', protocol='range'}
2025-07-31 15:29:55,273 INFO  [org.apa.kaf.cli.con.int.ConsumerCoordinator] (Thread-144) [Consumer clientId=consumer-Consumer-topic-582c1d0e_e684_4fc8_8038_5e30894ed0be-4, groupId=Consumer-topic-582c1d0e_e684_4fc8_8038_5e30894ed0be] Notifying assignor about the new Assignment(partitions=[topic-582c1d0e_e684_4fc8_8038_5e30894ed0be-0])
2025-07-31 15:29:55,273 INFO  [org.apa.kaf.cli.con.int.ConsumerRebalanceListenerInvoker] (Thread-144) [Consumer clientId=consumer-Consumer-topic-582c1d0e_e684_4fc8_8038_5e30894ed0be-4, groupId=Consumer-topic-582c1d0e_e684_4fc8_8038_5e30894ed0be] Adding newly assigned partitions: topic-582c1d0e_e684_4fc8_8038_5e30894ed0be-0
2025-07-31 15:29:55,276 INFO  [org.apa.kaf.cli.con.int.ConsumerCoordinator] (Thread-144) [Consumer clientId=consumer-Consumer-topic-582c1d0e_e684_4fc8_8038_5e30894ed0be-4, groupId=Consumer-topic-582c1d0e_e684_4fc8_8038_5e30894ed0be] Found no committed offset for partition topic-582c1d0e_e684_4fc8_8038_5e30894ed0be-0
2025-07-31 15:29:55,289 INFO  [org.apa.kaf.cli.con.int.SubscriptionState] (Thread-144) [Consumer clientId=consumer-Consumer-topic-582c1d0e_e684_4fc8_8038_5e30894ed0be-4, groupId=Consumer-topic-582c1d0e_e684_4fc8_8038_5e30894ed0be] Resetting offset for partition topic-582c1d0e_e684_4fc8_8038_5e30894ed0be-0 to position FetchPosition{offset=0, offsetEpoch=Optional.empty, currentLeader=LeaderAndEpoch{leader=Optional[localhost:32770 (id: 0 rack: null)], epoch=0}}.
2025-07-31 15:29:55,323 INFO  [io.api.tes.ser.api.KafkaSerdesTester] (Thread-144) topic-582c1d0e_e684_4fc8_8038_5e30894ed0be 0 0 {"key11753975794962": "value-0"}
2025-07-31 15:29:55,323 INFO  [io.api.tes.ser.api.KafkaSerdesTester] (Thread-144) topic-582c1d0e_e684_4fc8_8038_5e30894ed0be 0 1 {"key11753975794962": "value-1"}
2025-07-31 15:29:55,323 INFO  [io.api.tes.ser.api.KafkaSerdesTester] (Thread-144) topic-582c1d0e_e684_4fc8_8038_5e30894ed0be 0 2 {"key11753975794962": "value-2"}
2025-07-31 15:29:55,324 INFO  [io.api.tes.ser.api.KafkaSerdesTester] (Thread-144) topic-582c1d0e_e684_4fc8_8038_5e30894ed0be 0 3 {"key11753975794962": "value-3"}
2025-07-31 15:29:55,325 INFO  [io.api.tes.ser.api.KafkaSerdesTester] (Thread-144) topic-582c1d0e_e684_4fc8_8038_5e30894ed0be 0 4 {"key11753975794962": "value-4"}
2025-07-31 15:29:55,325 INFO  [io.api.tes.ser.api.KafkaSerdesTester] (Thread-144) topic-582c1d0e_e684_4fc8_8038_5e30894ed0be 0 5 {"key11753975794962": "value-5"}
2025-07-31 15:29:55,325 INFO  [io.api.tes.ser.api.KafkaSerdesTester] (Thread-144) topic-582c1d0e_e684_4fc8_8038_5e30894ed0be 0 6 {"key11753975794962": "value-6"}
2025-07-31 15:29:55,325 INFO  [io.api.tes.ser.api.KafkaSerdesTester] (Thread-144) topic-582c1d0e_e684_4fc8_8038_5e30894ed0be 0 7 {"key11753975794962": "value-7"}
2025-07-31 15:29:55,326 INFO  [io.api.tes.ser.api.KafkaSerdesTester] (Thread-144) topic-582c1d0e_e684_4fc8_8038_5e30894ed0be 0 8 {"key11753975794962": "value-8"}
2025-07-31 15:29:55,326 INFO  [io.api.tes.ser.api.KafkaSerdesTester] (Thread-144) topic-582c1d0e_e684_4fc8_8038_5e30894ed0be 0 9 {"key11753975794962": "value-9"}
2025-07-31 15:29:55,326 INFO  [io.api.tes.ser.api.KafkaSerdesTester] (Thread-144) Consumed 10 messages
2025-07-31 15:29:55,328 INFO  [org.apa.kaf.cli.con.int.ConsumerRebalanceListenerInvoker] (Thread-144) [Consumer clientId=consumer-Consumer-topic-582c1d0e_e684_4fc8_8038_5e30894ed0be-4, groupId=Consumer-topic-582c1d0e_e684_4fc8_8038_5e30894ed0be] Revoke previously assigned partitions topic-582c1d0e_e684_4fc8_8038_5e30894ed0be-0
2025-07-31 15:29:55,329 INFO  [org.apa.kaf.cli.con.int.ConsumerCoordinator] (Thread-144) [Consumer clientId=consumer-Consumer-topic-582c1d0e_e684_4fc8_8038_5e30894ed0be-4, groupId=Consumer-topic-582c1d0e_e684_4fc8_8038_5e30894ed0be] Member consumer-Consumer-topic-582c1d0e_e684_4fc8_8038_5e30894ed0be-4-5751a3e9-fc3f-4515-aa52-6b367fc1eea8 sending LeaveGroup request to coordinator localhost:32770 (id: 2147483647 rack: null) due to the consumer is being closed
2025-07-31 15:29:55,329 INFO  [org.apa.kaf.cli.con.int.ConsumerCoordinator] (Thread-144) [Consumer clientId=consumer-Consumer-topic-582c1d0e_e684_4fc8_8038_5e30894ed0be-4, groupId=Consumer-topic-582c1d0e_e684_4fc8_8038_5e30894ed0be] Resetting generation and member id due to: consumer pro-actively leaving the group
2025-07-31 15:29:55,329 INFO  [org.apa.kaf.cli.con.int.ConsumerCoordinator] (Thread-144) [Consumer clientId=consumer-Consumer-topic-582c1d0e_e684_4fc8_8038_5e30894ed0be-4, groupId=Consumer-topic-582c1d0e_e684_4fc8_8038_5e30894ed0be] Request joining group due to: consumer pro-actively leaving the group
2025-07-31 15:29:55,827 INFO  [org.apa.kaf.com.met.Metrics] (Thread-144) Metrics scheduler closed
2025-07-31 15:29:55,828 INFO  [org.apa.kaf.com.met.Metrics] (Thread-144) Closing reporter org.apache.kafka.common.metrics.JmxReporter
2025-07-31 15:29:55,828 INFO  [org.apa.kaf.com.met.Metrics] (Thread-144) Closing reporter org.apache.kafka.common.telemetry.internals.ClientTelemetryReporter
2025-07-31 15:29:55,828 INFO  [org.apa.kaf.com.met.Metrics] (Thread-144) Metrics reporters closed
2025-07-31 15:29:55,833 INFO  [org.apa.kaf.com.uti.AppInfoParser] (Thread-144) App info kafka.consumer for consumer-Consumer-topic-582c1d0e_e684_4fc8_8038_5e30894ed0be-4 unregistered
2025-07-31 15:29:55,856 INFO  [io.api.tes.uti.TestSeparator] (main) io.apicurio.tests.serdes.apicurio.AvroSerdeIT.testTopicIdStrategyAutoRegister-FINISHED
2025-07-31 15:29:55,856 INFO  [io.api.tes.uti.TestSeparator] (main) ############################################################################
]]></system-out>
  </testcase>
  <testcase name="testRecordIdStrategydFindLatest" classname="io.apicurio.tests.serdes.apicurio.AvroSerdeIT" time="1.764">
    <system-out><![CDATA[2025-07-31 15:29:55,858 INFO  [io.api.tes.uti.TestSeparator] (main) ############################################################################
2025-07-31 15:29:55,858 INFO  [io.api.tes.uti.TestSeparator] (main) io.apicurio.tests.serdes.apicurio.AvroSerdeIT.testRecordIdStrategydFindLatest-STARTED
2025-07-31 15:29:55,859 INFO  [io.api.tes.ser.api.AvroSerdeIT] (main) Registering Avro Schema: {"type":"record","name":"se72a212ax57c5x4e92xab5ax958391593e73","namespace":"s4b84e255xa9bax4759x880bx77792dfd06c9","fields":[{"name":"key11753975795858","type":"string"}]}
2025-07-31 15:29:56,900 INFO  [org.apa.kaf.cli.pro.ProducerConfig] (main) ProducerConfig values: 
	acks = -1
	auto.include.jmx.reporter = true
	batch.size = 16384
	bootstrap.servers = [PLAINTEXT://localhost:32770]
	buffer.memory = 33554432
	client.dns.lookup = use_all_dns_ips
	client.id = Producer-topic-18776ea2_1c50_4227_9881_d619937b7fcc
	compression.gzip.level = -1
	compression.lz4.level = 9
	compression.type = none
	compression.zstd.level = 3
	connections.max.idle.ms = 10000
	delivery.timeout.ms = 120000
	enable.idempotence = true
	enable.metrics.push = true
	interceptor.classes = []
	key.serializer = class org.apache.kafka.common.serialization.StringSerializer
	linger.ms = 0
	max.block.ms = 60000
	max.in.flight.requests.per.connection = 5
	max.request.size = 1048576
	metadata.max.age.ms = 300000
	metadata.max.idle.ms = 300000
	metadata.recovery.strategy = none
	metric.reporters = []
	metrics.num.samples = 2
	metrics.recording.level = INFO
	metrics.sample.window.ms = 30000
	partitioner.adaptive.partitioning.enable = true
	partitioner.availability.timeout.ms = 0
	partitioner.class = null
	partitioner.ignore.keys = false
	receive.buffer.bytes = 32768
	reconnect.backoff.max.ms = 1000
	reconnect.backoff.ms = 50
	request.timeout.ms = 5000
	retries = 2147483647
	retry.backoff.max.ms = 1000
	retry.backoff.ms = 100
	sasl.client.callback.handler.class = null
	sasl.jaas.config = null
	sasl.kerberos.kinit.cmd = /usr/bin/kinit
	sasl.kerberos.min.time.before.relogin = 60000
	sasl.kerberos.service.name = null
	sasl.kerberos.ticket.renew.jitter = 0.05
	sasl.kerberos.ticket.renew.window.factor = 0.8
	sasl.login.callback.handler.class = null
	sasl.login.class = null
	sasl.login.connect.timeout.ms = null
	sasl.login.read.timeout.ms = null
	sasl.login.refresh.buffer.seconds = 300
	sasl.login.refresh.min.period.seconds = 60
	sasl.login.refresh.window.factor = 0.8
	sasl.login.refresh.window.jitter = 0.05
	sasl.login.retry.backoff.max.ms = 10000
	sasl.login.retry.backoff.ms = 100
	sasl.mechanism = GSSAPI
	sasl.oauthbearer.clock.skew.seconds = 30
	sasl.oauthbearer.expected.audience = null
	sasl.oauthbearer.expected.issuer = null
	sasl.oauthbearer.header.urlencode = false
	sasl.oauthbearer.jwks.endpoint.refresh.ms = 3600000
	sasl.oauthbearer.jwks.endpoint.retry.backoff.max.ms = 10000
	sasl.oauthbearer.jwks.endpoint.retry.backoff.ms = 100
	sasl.oauthbearer.jwks.endpoint.url = null
	sasl.oauthbearer.scope.claim.name = scope
	sasl.oauthbearer.sub.claim.name = sub
	sasl.oauthbearer.token.endpoint.url = null
	security.protocol = PLAINTEXT
	security.providers = null
	send.buffer.bytes = 131072
	socket.connection.setup.timeout.max.ms = 30000
	socket.connection.setup.timeout.ms = 10000
	ssl.cipher.suites = null
	ssl.enabled.protocols = [TLSv1.2, TLSv1.3]
	ssl.endpoint.identification.algorithm = https
	ssl.engine.factory.class = null
	ssl.key.password = null
	ssl.keymanager.algorithm = SunX509
	ssl.keystore.certificate.chain = null
	ssl.keystore.key = null
	ssl.keystore.location = null
	ssl.keystore.password = null
	ssl.keystore.type = JKS
	ssl.protocol = TLSv1.3
	ssl.provider = null
	ssl.secure.random.implementation = null
	ssl.trustmanager.algorithm = PKIX
	ssl.truststore.certificates = null
	ssl.truststore.location = null
	ssl.truststore.password = null
	ssl.truststore.type = JKS
	transaction.timeout.ms = 60000
	transactional.id = null
	value.serializer = class io.apicurio.registry.serde.avro.AvroKafkaSerializer

2025-07-31 15:29:56,901 INFO  [org.apa.kaf.com.tel.int.KafkaMetricsCollector] (main) initializing Kafka metrics collector
2025-07-31 15:29:56,904 INFO  [org.apa.kaf.cli.pro.KafkaProducer] (main) [Producer clientId=Producer-topic-18776ea2_1c50_4227_9881_d619937b7fcc] Instantiated an idempotent producer.
2025-07-31 15:29:56,907 INFO  [org.apa.kaf.cli.pro.ProducerConfig] (main) These configurations '[apicurio.registry.find-latest, apicurio.registry.url, apicurio.registry.artifact-resolver-strategy]' were supplied but are not used yet.
2025-07-31 15:29:56,907 INFO  [org.apa.kaf.com.uti.AppInfoParser] (main) Kafka version: 3.9.0
2025-07-31 15:29:56,907 INFO  [org.apa.kaf.com.uti.AppInfoParser] (main) Kafka commitId: 84caaa6e9da06435
2025-07-31 15:29:56,907 INFO  [org.apa.kaf.com.uti.AppInfoParser] (main) Kafka startTimeMs: 1753975796907
2025-07-31 15:29:56,907 INFO  [io.api.tes.ser.api.SimpleSerdesTesterBuilder$SimpleSerdesTester] (main) Using producer configuration: {apicurio.registry.find-latest=true, apicurio.registry.url=http://registry-app-inmemory.apps.ci419.apicurio-testing.org:80/apis/registry/v3, apicurio.registry.artifact-resolver-strategy=io.apicurio.registry.serde.avro.strategy.RecordIdStrategy, value.serializer=io.apicurio.registry.serde.avro.AvroKafkaSerializer, request.timeout.ms=5000, acks=all, bootstrap.servers=PLAINTEXT://localhost:32770, connections.max.idle.ms=10000, key.serializer=org.apache.kafka.common.serialization.StringSerializer, client.id=Producer-topic-18776ea2_1c50_4227_9881_d619937b7fcc}
2025-07-31 15:29:56,907 INFO  [io.api.tes.ser.api.SimpleSerdesTesterBuilder$SimpleSerdesTester] (main) Using consumer configuration: {}
2025-07-31 15:29:56,908 INFO  [io.api.tes.ser.api.KafkaSerdesTester] (Thread-147) Sending message {"key11753975795858": "value-0"} to topic topic-18776ea2_1c50_4227_9881_d619937b7fcc
2025-07-31 15:29:56,913 INFO  [org.apa.kaf.cli.Metadata] (kafka-producer-network-thread | Producer-topic-18776ea2_1c50_4227_9881_d619937b7fcc) [Producer clientId=Producer-topic-18776ea2_1c50_4227_9881_d619937b7fcc] Cluster ID: PmaraPXQRTuATyXg1suJRg
2025-07-31 15:29:56,915 INFO  [org.apa.kaf.cli.pro.int.TransactionManager] (kafka-producer-network-thread | Producer-topic-18776ea2_1c50_4227_9881_d619937b7fcc) [Producer clientId=Producer-topic-18776ea2_1c50_4227_9881_d619937b7fcc] ProducerId set to 5 with epoch 0
2025-07-31 15:29:56,958 INFO  [io.api.tes.ser.api.KafkaSerdesTester] (Thread-147) Sending message {"key11753975795858": "value-1"} to topic topic-18776ea2_1c50_4227_9881_d619937b7fcc
2025-07-31 15:29:56,962 INFO  [io.api.tes.ser.api.KafkaSerdesTester] (Thread-147) Sending message {"key11753975795858": "value-2"} to topic topic-18776ea2_1c50_4227_9881_d619937b7fcc
2025-07-31 15:29:56,968 INFO  [io.api.tes.ser.api.KafkaSerdesTester] (Thread-147) Sending message {"key11753975795858": "value-3"} to topic topic-18776ea2_1c50_4227_9881_d619937b7fcc
2025-07-31 15:29:56,971 INFO  [io.api.tes.ser.api.KafkaSerdesTester] (Thread-147) Sending message {"key11753975795858": "value-4"} to topic topic-18776ea2_1c50_4227_9881_d619937b7fcc
2025-07-31 15:29:56,977 INFO  [io.api.tes.ser.api.KafkaSerdesTester] (Thread-147) Sending message {"key11753975795858": "value-5"} to topic topic-18776ea2_1c50_4227_9881_d619937b7fcc
2025-07-31 15:29:56,980 INFO  [io.api.tes.ser.api.KafkaSerdesTester] (Thread-147) Sending message {"key11753975795858": "value-6"} to topic topic-18776ea2_1c50_4227_9881_d619937b7fcc
2025-07-31 15:29:56,985 INFO  [io.api.tes.ser.api.KafkaSerdesTester] (Thread-147) Sending message {"key11753975795858": "value-7"} to topic topic-18776ea2_1c50_4227_9881_d619937b7fcc
2025-07-31 15:29:56,988 INFO  [io.api.tes.ser.api.KafkaSerdesTester] (Thread-147) Sending message {"key11753975795858": "value-8"} to topic topic-18776ea2_1c50_4227_9881_d619937b7fcc
2025-07-31 15:29:56,991 INFO  [io.api.tes.ser.api.KafkaSerdesTester] (Thread-147) Sending message {"key11753975795858": "value-9"} to topic topic-18776ea2_1c50_4227_9881_d619937b7fcc
2025-07-31 15:29:57,002 INFO  [io.api.tes.ser.api.KafkaSerdesTester] (Thread-147) Produced 10 messages
2025-07-31 15:29:57,002 INFO  [org.apa.kaf.cli.pro.KafkaProducer] (Thread-147) [Producer clientId=Producer-topic-18776ea2_1c50_4227_9881_d619937b7fcc] Closing the Kafka producer with timeoutMillis = 9223372036854775807 ms.
2025-07-31 15:29:57,007 INFO  [org.apa.kaf.com.met.Metrics] (Thread-147) Metrics scheduler closed
2025-07-31 15:29:57,008 INFO  [org.apa.kaf.com.met.Metrics] (Thread-147) Closing reporter org.apache.kafka.common.metrics.JmxReporter
2025-07-31 15:29:57,008 INFO  [org.apa.kaf.com.met.Metrics] (Thread-147) Closing reporter org.apache.kafka.common.telemetry.internals.ClientTelemetryReporter
2025-07-31 15:29:57,008 INFO  [org.apa.kaf.com.met.Metrics] (Thread-147) Metrics reporters closed
2025-07-31 15:29:57,009 INFO  [org.apa.kaf.com.uti.AppInfoParser] (Thread-147) App info kafka.producer for Producer-topic-18776ea2_1c50_4227_9881_d619937b7fcc unregistered
2025-07-31 15:29:57,009 INFO  [org.apa.kaf.cli.con.ConsumerConfig] (main) ConsumerConfig values: 
	allow.auto.create.topics = true
	auto.commit.interval.ms = 500
	auto.include.jmx.reporter = true
	auto.offset.reset = earliest
	bootstrap.servers = [PLAINTEXT://localhost:32770]
	check.crcs = true
	client.dns.lookup = use_all_dns_ips
	client.id = consumer-Consumer-topic-18776ea2_1c50_4227_9881_d619937b7fcc-5
	client.rack = 
	connections.max.idle.ms = 10000
	default.api.timeout.ms = 60000
	enable.auto.commit = true
	enable.metrics.push = true
	exclude.internal.topics = true
	fetch.max.bytes = 52428800
	fetch.max.wait.ms = 500
	fetch.min.bytes = 1
	group.id = Consumer-topic-18776ea2_1c50_4227_9881_d619937b7fcc
	group.instance.id = null
	group.protocol = classic
	group.remote.assignor = null
	heartbeat.interval.ms = 3000
	interceptor.classes = []
	internal.leave.group.on.close = true
	internal.throw.on.fetch.stable.offset.unsupported = false
	isolation.level = read_uncommitted
	key.deserializer = class org.apache.kafka.common.serialization.StringDeserializer
	max.partition.fetch.bytes = 1048576
	max.poll.interval.ms = 300000
	max.poll.records = 500
	metadata.max.age.ms = 300000
	metadata.recovery.strategy = none
	metric.reporters = []
	metrics.num.samples = 2
	metrics.recording.level = INFO
	metrics.sample.window.ms = 30000
	partition.assignment.strategy = [class org.apache.kafka.clients.consumer.RangeAssignor, class org.apache.kafka.clients.consumer.CooperativeStickyAssignor]
	receive.buffer.bytes = 65536
	reconnect.backoff.max.ms = 1000
	reconnect.backoff.ms = 50
	request.timeout.ms = 5000
	retry.backoff.max.ms = 1000
	retry.backoff.ms = 100
	sasl.client.callback.handler.class = null
	sasl.jaas.config = null
	sasl.kerberos.kinit.cmd = /usr/bin/kinit
	sasl.kerberos.min.time.before.relogin = 60000
	sasl.kerberos.service.name = null
	sasl.kerberos.ticket.renew.jitter = 0.05
	sasl.kerberos.ticket.renew.window.factor = 0.8
	sasl.login.callback.handler.class = null
	sasl.login.class = null
	sasl.login.connect.timeout.ms = null
	sasl.login.read.timeout.ms = null
	sasl.login.refresh.buffer.seconds = 300
	sasl.login.refresh.min.period.seconds = 60
	sasl.login.refresh.window.factor = 0.8
	sasl.login.refresh.window.jitter = 0.05
	sasl.login.retry.backoff.max.ms = 10000
	sasl.login.retry.backoff.ms = 100
	sasl.mechanism = GSSAPI
	sasl.oauthbearer.clock.skew.seconds = 30
	sasl.oauthbearer.expected.audience = null
	sasl.oauthbearer.expected.issuer = null
	sasl.oauthbearer.header.urlencode = false
	sasl.oauthbearer.jwks.endpoint.refresh.ms = 3600000
	sasl.oauthbearer.jwks.endpoint.retry.backoff.max.ms = 10000
	sasl.oauthbearer.jwks.endpoint.retry.backoff.ms = 100
	sasl.oauthbearer.jwks.endpoint.url = null
	sasl.oauthbearer.scope.claim.name = scope
	sasl.oauthbearer.sub.claim.name = sub
	sasl.oauthbearer.token.endpoint.url = null
	security.protocol = PLAINTEXT
	security.providers = null
	send.buffer.bytes = 131072
	session.timeout.ms = 45000
	socket.connection.setup.timeout.max.ms = 30000
	socket.connection.setup.timeout.ms = 10000
	ssl.cipher.suites = null
	ssl.enabled.protocols = [TLSv1.2, TLSv1.3]
	ssl.endpoint.identification.algorithm = https
	ssl.engine.factory.class = null
	ssl.key.password = null
	ssl.keymanager.algorithm = SunX509
	ssl.keystore.certificate.chain = null
	ssl.keystore.key = null
	ssl.keystore.location = null
	ssl.keystore.password = null
	ssl.keystore.type = JKS
	ssl.protocol = TLSv1.3
	ssl.provider = null
	ssl.secure.random.implementation = null
	ssl.trustmanager.algorithm = PKIX
	ssl.truststore.certificates = null
	ssl.truststore.location = null
	ssl.truststore.password = null
	ssl.truststore.type = JKS
	value.deserializer = class io.apicurio.registry.serde.avro.AvroKafkaDeserializer

2025-07-31 15:29:57,010 INFO  [org.apa.kaf.com.tel.int.KafkaMetricsCollector] (main) initializing Kafka metrics collector
2025-07-31 15:29:57,027 INFO  [org.apa.kaf.cli.con.ConsumerConfig] (main) These configurations '[apicurio.registry.url]' were supplied but are not used yet.
2025-07-31 15:29:57,030 INFO  [org.apa.kaf.com.uti.AppInfoParser] (main) Kafka version: 3.9.0
2025-07-31 15:29:57,030 INFO  [org.apa.kaf.com.uti.AppInfoParser] (main) Kafka commitId: 84caaa6e9da06435
2025-07-31 15:29:57,030 INFO  [org.apa.kaf.com.uti.AppInfoParser] (main) Kafka startTimeMs: 1753975797030
2025-07-31 15:29:57,032 INFO  [org.apa.kaf.cli.con.int.ClassicKafkaConsumer] (Thread-150) [Consumer clientId=consumer-Consumer-topic-18776ea2_1c50_4227_9881_d619937b7fcc-5, groupId=Consumer-topic-18776ea2_1c50_4227_9881_d619937b7fcc] Subscribed to topic(s): topic-18776ea2_1c50_4227_9881_d619937b7fcc
2025-07-31 15:29:57,039 INFO  [org.apa.kaf.cli.Metadata] (Thread-150) [Consumer clientId=consumer-Consumer-topic-18776ea2_1c50_4227_9881_d619937b7fcc-5, groupId=Consumer-topic-18776ea2_1c50_4227_9881_d619937b7fcc] Cluster ID: PmaraPXQRTuATyXg1suJRg
2025-07-31 15:29:57,042 INFO  [org.apa.kaf.cli.con.int.ConsumerCoordinator] (Thread-150) [Consumer clientId=consumer-Consumer-topic-18776ea2_1c50_4227_9881_d619937b7fcc-5, groupId=Consumer-topic-18776ea2_1c50_4227_9881_d619937b7fcc] Discovered group coordinator localhost:32770 (id: 2147483647 rack: null)
2025-07-31 15:29:57,045 INFO  [org.apa.kaf.cli.con.int.ConsumerCoordinator] (Thread-150) [Consumer clientId=consumer-Consumer-topic-18776ea2_1c50_4227_9881_d619937b7fcc-5, groupId=Consumer-topic-18776ea2_1c50_4227_9881_d619937b7fcc] (Re-)joining group
2025-07-31 15:29:57,052 INFO  [org.apa.kaf.cli.con.int.ConsumerCoordinator] (Thread-150) [Consumer clientId=consumer-Consumer-topic-18776ea2_1c50_4227_9881_d619937b7fcc-5, groupId=Consumer-topic-18776ea2_1c50_4227_9881_d619937b7fcc] Request joining group due to: need to re-join with the given member-id: consumer-Consumer-topic-18776ea2_1c50_4227_9881_d619937b7fcc-5-09059c7d-daf6-489a-8a2e-8b91be05980c
2025-07-31 15:29:57,053 INFO  [org.apa.kaf.cli.con.int.ConsumerCoordinator] (Thread-150) [Consumer clientId=consumer-Consumer-topic-18776ea2_1c50_4227_9881_d619937b7fcc-5, groupId=Consumer-topic-18776ea2_1c50_4227_9881_d619937b7fcc] (Re-)joining group
2025-07-31 15:29:57,056 INFO  [org.apa.kaf.cli.con.int.ConsumerCoordinator] (Thread-150) [Consumer clientId=consumer-Consumer-topic-18776ea2_1c50_4227_9881_d619937b7fcc-5, groupId=Consumer-topic-18776ea2_1c50_4227_9881_d619937b7fcc] Successfully joined group with generation Generation{generationId=1, memberId='consumer-Consumer-topic-18776ea2_1c50_4227_9881_d619937b7fcc-5-09059c7d-daf6-489a-8a2e-8b91be05980c', protocol='range'}
2025-07-31 15:29:57,057 INFO  [org.apa.kaf.cli.con.int.ConsumerCoordinator] (Thread-150) [Consumer clientId=consumer-Consumer-topic-18776ea2_1c50_4227_9881_d619937b7fcc-5, groupId=Consumer-topic-18776ea2_1c50_4227_9881_d619937b7fcc] Finished assignment for group at generation 1: {consumer-Consumer-topic-18776ea2_1c50_4227_9881_d619937b7fcc-5-09059c7d-daf6-489a-8a2e-8b91be05980c=Assignment(partitions=[topic-18776ea2_1c50_4227_9881_d619937b7fcc-0])}
2025-07-31 15:29:57,063 INFO  [org.apa.kaf.cli.con.int.ConsumerCoordinator] (Thread-150) [Consumer clientId=consumer-Consumer-topic-18776ea2_1c50_4227_9881_d619937b7fcc-5, groupId=Consumer-topic-18776ea2_1c50_4227_9881_d619937b7fcc] Successfully synced group in generation Generation{generationId=1, memberId='consumer-Consumer-topic-18776ea2_1c50_4227_9881_d619937b7fcc-5-09059c7d-daf6-489a-8a2e-8b91be05980c', protocol='range'}
2025-07-31 15:29:57,064 INFO  [org.apa.kaf.cli.con.int.ConsumerCoordinator] (Thread-150) [Consumer clientId=consumer-Consumer-topic-18776ea2_1c50_4227_9881_d619937b7fcc-5, groupId=Consumer-topic-18776ea2_1c50_4227_9881_d619937b7fcc] Notifying assignor about the new Assignment(partitions=[topic-18776ea2_1c50_4227_9881_d619937b7fcc-0])
2025-07-31 15:29:57,064 INFO  [org.apa.kaf.cli.con.int.ConsumerRebalanceListenerInvoker] (Thread-150) [Consumer clientId=consumer-Consumer-topic-18776ea2_1c50_4227_9881_d619937b7fcc-5, groupId=Consumer-topic-18776ea2_1c50_4227_9881_d619937b7fcc] Adding newly assigned partitions: topic-18776ea2_1c50_4227_9881_d619937b7fcc-0
2025-07-31 15:29:57,066 INFO  [org.apa.kaf.cli.con.int.ConsumerCoordinator] (Thread-150) [Consumer clientId=consumer-Consumer-topic-18776ea2_1c50_4227_9881_d619937b7fcc-5, groupId=Consumer-topic-18776ea2_1c50_4227_9881_d619937b7fcc] Found no committed offset for partition topic-18776ea2_1c50_4227_9881_d619937b7fcc-0
2025-07-31 15:29:57,074 INFO  [org.apa.kaf.cli.con.int.SubscriptionState] (Thread-150) [Consumer clientId=consumer-Consumer-topic-18776ea2_1c50_4227_9881_d619937b7fcc-5, groupId=Consumer-topic-18776ea2_1c50_4227_9881_d619937b7fcc] Resetting offset for partition topic-18776ea2_1c50_4227_9881_d619937b7fcc-0 to position FetchPosition{offset=0, offsetEpoch=Optional.empty, currentLeader=LeaderAndEpoch{leader=Optional[localhost:32770 (id: 0 rack: null)], epoch=0}}.
2025-07-31 15:29:57,114 INFO  [io.api.tes.ser.api.KafkaSerdesTester] (Thread-150) topic-18776ea2_1c50_4227_9881_d619937b7fcc 0 0 {"key11753975795858": "value-0"}
2025-07-31 15:29:57,114 INFO  [io.api.tes.ser.api.KafkaSerdesTester] (Thread-150) topic-18776ea2_1c50_4227_9881_d619937b7fcc 0 1 {"key11753975795858": "value-1"}
2025-07-31 15:29:57,114 INFO  [io.api.tes.ser.api.KafkaSerdesTester] (Thread-150) topic-18776ea2_1c50_4227_9881_d619937b7fcc 0 2 {"key11753975795858": "value-2"}
2025-07-31 15:29:57,114 INFO  [io.api.tes.ser.api.KafkaSerdesTester] (Thread-150) topic-18776ea2_1c50_4227_9881_d619937b7fcc 0 3 {"key11753975795858": "value-3"}
2025-07-31 15:29:57,114 INFO  [io.api.tes.ser.api.KafkaSerdesTester] (Thread-150) topic-18776ea2_1c50_4227_9881_d619937b7fcc 0 4 {"key11753975795858": "value-4"}
2025-07-31 15:29:57,114 INFO  [io.api.tes.ser.api.KafkaSerdesTester] (Thread-150) topic-18776ea2_1c50_4227_9881_d619937b7fcc 0 5 {"key11753975795858": "value-5"}
2025-07-31 15:29:57,114 INFO  [io.api.tes.ser.api.KafkaSerdesTester] (Thread-150) topic-18776ea2_1c50_4227_9881_d619937b7fcc 0 6 {"key11753975795858": "value-6"}
2025-07-31 15:29:57,114 INFO  [io.api.tes.ser.api.KafkaSerdesTester] (Thread-150) topic-18776ea2_1c50_4227_9881_d619937b7fcc 0 7 {"key11753975795858": "value-7"}
2025-07-31 15:29:57,114 INFO  [io.api.tes.ser.api.KafkaSerdesTester] (Thread-150) topic-18776ea2_1c50_4227_9881_d619937b7fcc 0 8 {"key11753975795858": "value-8"}
2025-07-31 15:29:57,114 INFO  [io.api.tes.ser.api.KafkaSerdesTester] (Thread-150) topic-18776ea2_1c50_4227_9881_d619937b7fcc 0 9 {"key11753975795858": "value-9"}
2025-07-31 15:29:57,114 INFO  [io.api.tes.ser.api.KafkaSerdesTester] (Thread-150) Consumed 10 messages
2025-07-31 15:29:57,120 INFO  [org.apa.kaf.cli.con.int.ConsumerRebalanceListenerInvoker] (Thread-150) [Consumer clientId=consumer-Consumer-topic-18776ea2_1c50_4227_9881_d619937b7fcc-5, groupId=Consumer-topic-18776ea2_1c50_4227_9881_d619937b7fcc] Revoke previously assigned partitions topic-18776ea2_1c50_4227_9881_d619937b7fcc-0
2025-07-31 15:29:57,120 INFO  [org.apa.kaf.cli.con.int.ConsumerCoordinator] (Thread-150) [Consumer clientId=consumer-Consumer-topic-18776ea2_1c50_4227_9881_d619937b7fcc-5, groupId=Consumer-topic-18776ea2_1c50_4227_9881_d619937b7fcc] Member consumer-Consumer-topic-18776ea2_1c50_4227_9881_d619937b7fcc-5-09059c7d-daf6-489a-8a2e-8b91be05980c sending LeaveGroup request to coordinator localhost:32770 (id: 2147483647 rack: null) due to the consumer is being closed
2025-07-31 15:29:57,124 INFO  [org.apa.kaf.cli.con.int.ConsumerCoordinator] (Thread-150) [Consumer clientId=consumer-Consumer-topic-18776ea2_1c50_4227_9881_d619937b7fcc-5, groupId=Consumer-topic-18776ea2_1c50_4227_9881_d619937b7fcc] Resetting generation and member id due to: consumer pro-actively leaving the group
2025-07-31 15:29:57,124 INFO  [org.apa.kaf.cli.con.int.ConsumerCoordinator] (Thread-150) [Consumer clientId=consumer-Consumer-topic-18776ea2_1c50_4227_9881_d619937b7fcc-5, groupId=Consumer-topic-18776ea2_1c50_4227_9881_d619937b7fcc] Request joining group due to: consumer pro-actively leaving the group
2025-07-31 15:29:57,617 INFO  [org.apa.kaf.com.met.Metrics] (Thread-150) Metrics scheduler closed
2025-07-31 15:29:57,618 INFO  [org.apa.kaf.com.met.Metrics] (Thread-150) Closing reporter org.apache.kafka.common.metrics.JmxReporter
2025-07-31 15:29:57,618 INFO  [org.apa.kaf.com.met.Metrics] (Thread-150) Closing reporter org.apache.kafka.common.telemetry.internals.ClientTelemetryReporter
2025-07-31 15:29:57,618 INFO  [org.apa.kaf.com.met.Metrics] (Thread-150) Metrics reporters closed
2025-07-31 15:29:57,620 INFO  [org.apa.kaf.com.uti.AppInfoParser] (Thread-150) App info kafka.consumer for consumer-Consumer-topic-18776ea2_1c50_4227_9881_d619937b7fcc-5 unregistered
2025-07-31 15:29:57,621 INFO  [io.api.tes.uti.TestSeparator] (main) io.apicurio.tests.serdes.apicurio.AvroSerdeIT.testRecordIdStrategydFindLatest-FINISHED
2025-07-31 15:29:57,621 INFO  [io.api.tes.uti.TestSeparator] (main) ############################################################################
]]></system-out>
  </testcase>
  <testcase name="testReflectAutoRegister" classname="io.apicurio.tests.serdes.apicurio.AvroSerdeIT" time="0.83">
    <system-out><![CDATA[2025-07-31 15:29:57,629 INFO  [io.api.tes.uti.TestSeparator] (main) ############################################################################
2025-07-31 15:29:57,629 INFO  [io.api.tes.uti.TestSeparator] (main) io.apicurio.tests.serdes.apicurio.AvroSerdeIT.testReflectAutoRegister-STARTED
2025-07-31 15:29:57,636 INFO  [org.apa.kaf.cli.pro.ProducerConfig] (main) ProducerConfig values: 
	acks = -1
	auto.include.jmx.reporter = true
	batch.size = 16384
	bootstrap.servers = [PLAINTEXT://localhost:32770]
	buffer.memory = 33554432
	client.dns.lookup = use_all_dns_ips
	client.id = Producer-topic-14979295_6af1_42ff_9d2e_c02e16b327af
	compression.gzip.level = -1
	compression.lz4.level = 9
	compression.type = none
	compression.zstd.level = 3
	connections.max.idle.ms = 10000
	delivery.timeout.ms = 120000
	enable.idempotence = true
	enable.metrics.push = true
	interceptor.classes = []
	key.serializer = class org.apache.kafka.common.serialization.StringSerializer
	linger.ms = 0
	max.block.ms = 60000
	max.in.flight.requests.per.connection = 5
	max.request.size = 1048576
	metadata.max.age.ms = 300000
	metadata.max.idle.ms = 300000
	metadata.recovery.strategy = none
	metric.reporters = []
	metrics.num.samples = 2
	metrics.recording.level = INFO
	metrics.sample.window.ms = 30000
	partitioner.adaptive.partitioning.enable = true
	partitioner.availability.timeout.ms = 0
	partitioner.class = null
	partitioner.ignore.keys = false
	receive.buffer.bytes = 32768
	reconnect.backoff.max.ms = 1000
	reconnect.backoff.ms = 50
	request.timeout.ms = 5000
	retries = 2147483647
	retry.backoff.max.ms = 1000
	retry.backoff.ms = 100
	sasl.client.callback.handler.class = null
	sasl.jaas.config = null
	sasl.kerberos.kinit.cmd = /usr/bin/kinit
	sasl.kerberos.min.time.before.relogin = 60000
	sasl.kerberos.service.name = null
	sasl.kerberos.ticket.renew.jitter = 0.05
	sasl.kerberos.ticket.renew.window.factor = 0.8
	sasl.login.callback.handler.class = null
	sasl.login.class = null
	sasl.login.connect.timeout.ms = null
	sasl.login.read.timeout.ms = null
	sasl.login.refresh.buffer.seconds = 300
	sasl.login.refresh.min.period.seconds = 60
	sasl.login.refresh.window.factor = 0.8
	sasl.login.refresh.window.jitter = 0.05
	sasl.login.retry.backoff.max.ms = 10000
	sasl.login.retry.backoff.ms = 100
	sasl.mechanism = GSSAPI
	sasl.oauthbearer.clock.skew.seconds = 30
	sasl.oauthbearer.expected.audience = null
	sasl.oauthbearer.expected.issuer = null
	sasl.oauthbearer.header.urlencode = false
	sasl.oauthbearer.jwks.endpoint.refresh.ms = 3600000
	sasl.oauthbearer.jwks.endpoint.retry.backoff.max.ms = 10000
	sasl.oauthbearer.jwks.endpoint.retry.backoff.ms = 100
	sasl.oauthbearer.jwks.endpoint.url = null
	sasl.oauthbearer.scope.claim.name = scope
	sasl.oauthbearer.sub.claim.name = sub
	sasl.oauthbearer.token.endpoint.url = null
	security.protocol = PLAINTEXT
	security.providers = null
	send.buffer.bytes = 131072
	socket.connection.setup.timeout.max.ms = 30000
	socket.connection.setup.timeout.ms = 10000
	ssl.cipher.suites = null
	ssl.enabled.protocols = [TLSv1.2, TLSv1.3]
	ssl.endpoint.identification.algorithm = https
	ssl.engine.factory.class = null
	ssl.key.password = null
	ssl.keymanager.algorithm = SunX509
	ssl.keystore.certificate.chain = null
	ssl.keystore.key = null
	ssl.keystore.location = null
	ssl.keystore.password = null
	ssl.keystore.type = JKS
	ssl.protocol = TLSv1.3
	ssl.provider = null
	ssl.secure.random.implementation = null
	ssl.trustmanager.algorithm = PKIX
	ssl.truststore.certificates = null
	ssl.truststore.location = null
	ssl.truststore.password = null
	ssl.truststore.type = JKS
	transaction.timeout.ms = 60000
	transactional.id = null
	value.serializer = class io.apicurio.registry.serde.avro.AvroKafkaSerializer

2025-07-31 15:29:57,636 INFO  [org.apa.kaf.com.tel.int.KafkaMetricsCollector] (main) initializing Kafka metrics collector
2025-07-31 15:29:57,668 INFO  [org.apa.kaf.cli.pro.KafkaProducer] (main) [Producer clientId=Producer-topic-14979295_6af1_42ff_9d2e_c02e16b327af] Instantiated an idempotent producer.
2025-07-31 15:29:57,674 INFO  [org.apa.kaf.cli.pro.ProducerConfig] (main) These configurations '[apicurio.registry.url, apicurio.registry.auto-register, apicurio.registry.artifact-resolver-strategy, apicurio.registry.avro-datum-provider]' were supplied but are not used yet.
2025-07-31 15:29:57,674 INFO  [org.apa.kaf.com.uti.AppInfoParser] (main) Kafka version: 3.9.0
2025-07-31 15:29:57,674 INFO  [org.apa.kaf.com.uti.AppInfoParser] (main) Kafka commitId: 84caaa6e9da06435
2025-07-31 15:29:57,674 INFO  [org.apa.kaf.com.uti.AppInfoParser] (main) Kafka startTimeMs: 1753975797674
2025-07-31 15:29:57,678 INFO  [io.api.tes.ser.api.SimpleSerdesTesterBuilder$SimpleSerdesTester] (main) Using producer configuration: {apicurio.registry.url=http://registry-app-inmemory.apps.ci419.apicurio-testing.org:80/apis/registry/v3, apicurio.registry.auto-register=true, apicurio.registry.artifact-resolver-strategy=io.apicurio.registry.serde.strategy.TopicIdStrategy, value.serializer=io.apicurio.registry.serde.avro.AvroKafkaSerializer, request.timeout.ms=5000, acks=all, bootstrap.servers=PLAINTEXT://localhost:32770, connections.max.idle.ms=10000, key.serializer=org.apache.kafka.common.serialization.StringSerializer, apicurio.registry.avro-datum-provider=io.apicurio.registry.serde.avro.ReflectAvroDatumProvider, client.id=Producer-topic-14979295_6af1_42ff_9d2e_c02e16b327af}
2025-07-31 15:29:57,678 INFO  [io.api.tes.ser.api.SimpleSerdesTesterBuilder$SimpleSerdesTester] (main) Using consumer configuration: {apicurio.registry.avro-datum-provider=io.apicurio.registry.serde.avro.ReflectAvroDatumProvider}
2025-07-31 15:29:57,690 INFO  [io.api.tes.ser.api.KafkaSerdesTester] (Thread-153) Sending message io.apicurio.tests.common.serdes.TestObject@3dbd29cb to topic topic-14979295_6af1_42ff_9d2e_c02e16b327af
2025-07-31 15:29:57,692 INFO  [org.apa.kaf.cli.Metadata] (kafka-producer-network-thread | Producer-topic-14979295_6af1_42ff_9d2e_c02e16b327af) [Producer clientId=Producer-topic-14979295_6af1_42ff_9d2e_c02e16b327af] Cluster ID: PmaraPXQRTuATyXg1suJRg
2025-07-31 15:29:57,698 INFO  [org.apa.kaf.cli.pro.int.TransactionManager] (kafka-producer-network-thread | Producer-topic-14979295_6af1_42ff_9d2e_c02e16b327af) [Producer clientId=Producer-topic-14979295_6af1_42ff_9d2e_c02e16b327af] ProducerId set to 6 with epoch 0
2025-07-31 15:29:57,763 INFO  [io.api.tes.ser.api.KafkaSerdesTester] (Thread-153) Sending message io.apicurio.tests.common.serdes.TestObject@3dbd29cb to topic topic-14979295_6af1_42ff_9d2e_c02e16b327af
2025-07-31 15:29:57,768 INFO  [io.api.tes.ser.api.KafkaSerdesTester] (Thread-153) Sending message io.apicurio.tests.common.serdes.TestObject@3dbd29cb to topic topic-14979295_6af1_42ff_9d2e_c02e16b327af
2025-07-31 15:29:57,773 INFO  [io.api.tes.ser.api.KafkaSerdesTester] (Thread-153) Sending message io.apicurio.tests.common.serdes.TestObject@3dbd29cb to topic topic-14979295_6af1_42ff_9d2e_c02e16b327af
2025-07-31 15:29:57,776 INFO  [io.api.tes.ser.api.KafkaSerdesTester] (Thread-153) Sending message io.apicurio.tests.common.serdes.TestObject@3dbd29cb to topic topic-14979295_6af1_42ff_9d2e_c02e16b327af
2025-07-31 15:29:57,787 INFO  [io.api.tes.ser.api.KafkaSerdesTester] (Thread-153) Sending message io.apicurio.tests.common.serdes.TestObject@3dbd29cb to topic topic-14979295_6af1_42ff_9d2e_c02e16b327af
2025-07-31 15:29:57,794 INFO  [io.api.tes.ser.api.KafkaSerdesTester] (Thread-153) Sending message io.apicurio.tests.common.serdes.TestObject@3dbd29cb to topic topic-14979295_6af1_42ff_9d2e_c02e16b327af
2025-07-31 15:29:57,797 INFO  [io.api.tes.ser.api.KafkaSerdesTester] (Thread-153) Sending message io.apicurio.tests.common.serdes.TestObject@3dbd29cb to topic topic-14979295_6af1_42ff_9d2e_c02e16b327af
2025-07-31 15:29:57,800 INFO  [io.api.tes.ser.api.KafkaSerdesTester] (Thread-153) Sending message io.apicurio.tests.common.serdes.TestObject@3dbd29cb to topic topic-14979295_6af1_42ff_9d2e_c02e16b327af
2025-07-31 15:29:57,806 INFO  [io.api.tes.ser.api.KafkaSerdesTester] (Thread-153) Sending message io.apicurio.tests.common.serdes.TestObject@3dbd29cb to topic topic-14979295_6af1_42ff_9d2e_c02e16b327af
2025-07-31 15:29:57,809 INFO  [io.api.tes.ser.api.KafkaSerdesTester] (Thread-153) Produced 10 messages
2025-07-31 15:29:57,810 INFO  [org.apa.kaf.cli.pro.KafkaProducer] (Thread-153) [Producer clientId=Producer-topic-14979295_6af1_42ff_9d2e_c02e16b327af] Closing the Kafka producer with timeoutMillis = 9223372036854775807 ms.
2025-07-31 15:29:57,813 INFO  [org.apa.kaf.com.met.Metrics] (Thread-153) Metrics scheduler closed
2025-07-31 15:29:57,813 INFO  [org.apa.kaf.com.met.Metrics] (Thread-153) Closing reporter org.apache.kafka.common.metrics.JmxReporter
2025-07-31 15:29:57,813 INFO  [org.apa.kaf.com.met.Metrics] (Thread-153) Closing reporter org.apache.kafka.common.telemetry.internals.ClientTelemetryReporter
2025-07-31 15:29:57,813 INFO  [org.apa.kaf.com.met.Metrics] (Thread-153) Metrics reporters closed
2025-07-31 15:29:57,814 INFO  [org.apa.kaf.com.uti.AppInfoParser] (Thread-153) App info kafka.producer for Producer-topic-14979295_6af1_42ff_9d2e_c02e16b327af unregistered
2025-07-31 15:29:57,837 INFO  [org.apa.kaf.cli.con.ConsumerConfig] (main) ConsumerConfig values: 
	allow.auto.create.topics = true
	auto.commit.interval.ms = 500
	auto.include.jmx.reporter = true
	auto.offset.reset = earliest
	bootstrap.servers = [PLAINTEXT://localhost:32770]
	check.crcs = true
	client.dns.lookup = use_all_dns_ips
	client.id = consumer-Consumer-topic-14979295_6af1_42ff_9d2e_c02e16b327af-6
	client.rack = 
	connections.max.idle.ms = 10000
	default.api.timeout.ms = 60000
	enable.auto.commit = true
	enable.metrics.push = true
	exclude.internal.topics = true
	fetch.max.bytes = 52428800
	fetch.max.wait.ms = 500
	fetch.min.bytes = 1
	group.id = Consumer-topic-14979295_6af1_42ff_9d2e_c02e16b327af
	group.instance.id = null
	group.protocol = classic
	group.remote.assignor = null
	heartbeat.interval.ms = 3000
	interceptor.classes = []
	internal.leave.group.on.close = true
	internal.throw.on.fetch.stable.offset.unsupported = false
	isolation.level = read_uncommitted
	key.deserializer = class org.apache.kafka.common.serialization.StringDeserializer
	max.partition.fetch.bytes = 1048576
	max.poll.interval.ms = 300000
	max.poll.records = 500
	metadata.max.age.ms = 300000
	metadata.recovery.strategy = none
	metric.reporters = []
	metrics.num.samples = 2
	metrics.recording.level = INFO
	metrics.sample.window.ms = 30000
	partition.assignment.strategy = [class org.apache.kafka.clients.consumer.RangeAssignor, class org.apache.kafka.clients.consumer.CooperativeStickyAssignor]
	receive.buffer.bytes = 65536
	reconnect.backoff.max.ms = 1000
	reconnect.backoff.ms = 50
	request.timeout.ms = 5000
	retry.backoff.max.ms = 1000
	retry.backoff.ms = 100
	sasl.client.callback.handler.class = null
	sasl.jaas.config = null
	sasl.kerberos.kinit.cmd = /usr/bin/kinit
	sasl.kerberos.min.time.before.relogin = 60000
	sasl.kerberos.service.name = null
	sasl.kerberos.ticket.renew.jitter = 0.05
	sasl.kerberos.ticket.renew.window.factor = 0.8
	sasl.login.callback.handler.class = null
	sasl.login.class = null
	sasl.login.connect.timeout.ms = null
	sasl.login.read.timeout.ms = null
	sasl.login.refresh.buffer.seconds = 300
	sasl.login.refresh.min.period.seconds = 60
	sasl.login.refresh.window.factor = 0.8
	sasl.login.refresh.window.jitter = 0.05
	sasl.login.retry.backoff.max.ms = 10000
	sasl.login.retry.backoff.ms = 100
	sasl.mechanism = GSSAPI
	sasl.oauthbearer.clock.skew.seconds = 30
	sasl.oauthbearer.expected.audience = null
	sasl.oauthbearer.expected.issuer = null
	sasl.oauthbearer.header.urlencode = false
	sasl.oauthbearer.jwks.endpoint.refresh.ms = 3600000
	sasl.oauthbearer.jwks.endpoint.retry.backoff.max.ms = 10000
	sasl.oauthbearer.jwks.endpoint.retry.backoff.ms = 100
	sasl.oauthbearer.jwks.endpoint.url = null
	sasl.oauthbearer.scope.claim.name = scope
	sasl.oauthbearer.sub.claim.name = sub
	sasl.oauthbearer.token.endpoint.url = null
	security.protocol = PLAINTEXT
	security.providers = null
	send.buffer.bytes = 131072
	session.timeout.ms = 45000
	socket.connection.setup.timeout.max.ms = 30000
	socket.connection.setup.timeout.ms = 10000
	ssl.cipher.suites = null
	ssl.enabled.protocols = [TLSv1.2, TLSv1.3]
	ssl.endpoint.identification.algorithm = https
	ssl.engine.factory.class = null
	ssl.key.password = null
	ssl.keymanager.algorithm = SunX509
	ssl.keystore.certificate.chain = null
	ssl.keystore.key = null
	ssl.keystore.location = null
	ssl.keystore.password = null
	ssl.keystore.type = JKS
	ssl.protocol = TLSv1.3
	ssl.provider = null
	ssl.secure.random.implementation = null
	ssl.trustmanager.algorithm = PKIX
	ssl.truststore.certificates = null
	ssl.truststore.location = null
	ssl.truststore.password = null
	ssl.truststore.type = JKS
	value.deserializer = class io.apicurio.registry.serde.avro.AvroKafkaDeserializer

2025-07-31 15:29:57,838 INFO  [org.apa.kaf.com.tel.int.KafkaMetricsCollector] (main) initializing Kafka metrics collector
2025-07-31 15:29:57,847 INFO  [org.apa.kaf.cli.con.ConsumerConfig] (main) These configurations '[apicurio.registry.url, apicurio.registry.avro-datum-provider]' were supplied but are not used yet.
2025-07-31 15:29:57,847 INFO  [org.apa.kaf.com.uti.AppInfoParser] (main) Kafka version: 3.9.0
2025-07-31 15:29:57,847 INFO  [org.apa.kaf.com.uti.AppInfoParser] (main) Kafka commitId: 84caaa6e9da06435
2025-07-31 15:29:57,847 INFO  [org.apa.kaf.com.uti.AppInfoParser] (main) Kafka startTimeMs: 1753975797847
2025-07-31 15:29:57,848 INFO  [org.apa.kaf.cli.con.int.ClassicKafkaConsumer] (Thread-156) [Consumer clientId=consumer-Consumer-topic-14979295_6af1_42ff_9d2e_c02e16b327af-6, groupId=Consumer-topic-14979295_6af1_42ff_9d2e_c02e16b327af] Subscribed to topic(s): topic-14979295_6af1_42ff_9d2e_c02e16b327af
2025-07-31 15:29:57,858 INFO  [org.apa.kaf.cli.Metadata] (Thread-156) [Consumer clientId=consumer-Consumer-topic-14979295_6af1_42ff_9d2e_c02e16b327af-6, groupId=Consumer-topic-14979295_6af1_42ff_9d2e_c02e16b327af] Cluster ID: PmaraPXQRTuATyXg1suJRg
2025-07-31 15:29:57,860 INFO  [org.apa.kaf.cli.con.int.ConsumerCoordinator] (Thread-156) [Consumer clientId=consumer-Consumer-topic-14979295_6af1_42ff_9d2e_c02e16b327af-6, groupId=Consumer-topic-14979295_6af1_42ff_9d2e_c02e16b327af] Discovered group coordinator localhost:32770 (id: 2147483647 rack: null)
2025-07-31 15:29:57,864 INFO  [org.apa.kaf.cli.con.int.ConsumerCoordinator] (Thread-156) [Consumer clientId=consumer-Consumer-topic-14979295_6af1_42ff_9d2e_c02e16b327af-6, groupId=Consumer-topic-14979295_6af1_42ff_9d2e_c02e16b327af] (Re-)joining group
2025-07-31 15:29:57,870 INFO  [org.apa.kaf.cli.con.int.ConsumerCoordinator] (Thread-156) [Consumer clientId=consumer-Consumer-topic-14979295_6af1_42ff_9d2e_c02e16b327af-6, groupId=Consumer-topic-14979295_6af1_42ff_9d2e_c02e16b327af] Request joining group due to: need to re-join with the given member-id: consumer-Consumer-topic-14979295_6af1_42ff_9d2e_c02e16b327af-6-e32ef48d-45ba-43d9-bd9b-90683dec036a
2025-07-31 15:29:57,871 INFO  [org.apa.kaf.cli.con.int.ConsumerCoordinator] (Thread-156) [Consumer clientId=consumer-Consumer-topic-14979295_6af1_42ff_9d2e_c02e16b327af-6, groupId=Consumer-topic-14979295_6af1_42ff_9d2e_c02e16b327af] (Re-)joining group
2025-07-31 15:29:57,875 INFO  [org.apa.kaf.cli.con.int.ConsumerCoordinator] (Thread-156) [Consumer clientId=consumer-Consumer-topic-14979295_6af1_42ff_9d2e_c02e16b327af-6, groupId=Consumer-topic-14979295_6af1_42ff_9d2e_c02e16b327af] Successfully joined group with generation Generation{generationId=1, memberId='consumer-Consumer-topic-14979295_6af1_42ff_9d2e_c02e16b327af-6-e32ef48d-45ba-43d9-bd9b-90683dec036a', protocol='range'}
2025-07-31 15:29:57,876 INFO  [org.apa.kaf.cli.con.int.ConsumerCoordinator] (Thread-156) [Consumer clientId=consumer-Consumer-topic-14979295_6af1_42ff_9d2e_c02e16b327af-6, groupId=Consumer-topic-14979295_6af1_42ff_9d2e_c02e16b327af] Finished assignment for group at generation 1: {consumer-Consumer-topic-14979295_6af1_42ff_9d2e_c02e16b327af-6-e32ef48d-45ba-43d9-bd9b-90683dec036a=Assignment(partitions=[topic-14979295_6af1_42ff_9d2e_c02e16b327af-0])}
2025-07-31 15:29:57,886 INFO  [org.apa.kaf.cli.con.int.ConsumerCoordinator] (Thread-156) [Consumer clientId=consumer-Consumer-topic-14979295_6af1_42ff_9d2e_c02e16b327af-6, groupId=Consumer-topic-14979295_6af1_42ff_9d2e_c02e16b327af] Successfully synced group in generation Generation{generationId=1, memberId='consumer-Consumer-topic-14979295_6af1_42ff_9d2e_c02e16b327af-6-e32ef48d-45ba-43d9-bd9b-90683dec036a', protocol='range'}
2025-07-31 15:29:57,886 INFO  [org.apa.kaf.cli.con.int.ConsumerCoordinator] (Thread-156) [Consumer clientId=consumer-Consumer-topic-14979295_6af1_42ff_9d2e_c02e16b327af-6, groupId=Consumer-topic-14979295_6af1_42ff_9d2e_c02e16b327af] Notifying assignor about the new Assignment(partitions=[topic-14979295_6af1_42ff_9d2e_c02e16b327af-0])
2025-07-31 15:29:57,886 INFO  [org.apa.kaf.cli.con.int.ConsumerRebalanceListenerInvoker] (Thread-156) [Consumer clientId=consumer-Consumer-topic-14979295_6af1_42ff_9d2e_c02e16b327af-6, groupId=Consumer-topic-14979295_6af1_42ff_9d2e_c02e16b327af] Adding newly assigned partitions: topic-14979295_6af1_42ff_9d2e_c02e16b327af-0
2025-07-31 15:29:57,891 INFO  [org.apa.kaf.cli.con.int.ConsumerCoordinator] (Thread-156) [Consumer clientId=consumer-Consumer-topic-14979295_6af1_42ff_9d2e_c02e16b327af-6, groupId=Consumer-topic-14979295_6af1_42ff_9d2e_c02e16b327af] Found no committed offset for partition topic-14979295_6af1_42ff_9d2e_c02e16b327af-0
2025-07-31 15:29:57,904 INFO  [org.apa.kaf.cli.con.int.SubscriptionState] (Thread-156) [Consumer clientId=consumer-Consumer-topic-14979295_6af1_42ff_9d2e_c02e16b327af-6, groupId=Consumer-topic-14979295_6af1_42ff_9d2e_c02e16b327af] Resetting offset for partition topic-14979295_6af1_42ff_9d2e_c02e16b327af-0 to position FetchPosition{offset=0, offsetEpoch=Optional.empty, currentLeader=LeaderAndEpoch{leader=Optional[localhost:32770 (id: 0 rack: null)], epoch=0}}.
2025-07-31 15:29:57,943 INFO  [io.api.tes.ser.api.KafkaSerdesTester] (Thread-156) topic-14979295_6af1_42ff_9d2e_c02e16b327af 0 0 io.apicurio.tests.common.serdes.TestObject@3dbd29cb
2025-07-31 15:29:57,943 INFO  [io.api.tes.ser.api.KafkaSerdesTester] (Thread-156) topic-14979295_6af1_42ff_9d2e_c02e16b327af 0 1 io.apicurio.tests.common.serdes.TestObject@3dbd29cb
2025-07-31 15:29:57,943 INFO  [io.api.tes.ser.api.KafkaSerdesTester] (Thread-156) topic-14979295_6af1_42ff_9d2e_c02e16b327af 0 2 io.apicurio.tests.common.serdes.TestObject@3dbd29cb
2025-07-31 15:29:57,943 INFO  [io.api.tes.ser.api.KafkaSerdesTester] (Thread-156) topic-14979295_6af1_42ff_9d2e_c02e16b327af 0 3 io.apicurio.tests.common.serdes.TestObject@3dbd29cb
2025-07-31 15:29:57,943 INFO  [io.api.tes.ser.api.KafkaSerdesTester] (Thread-156) topic-14979295_6af1_42ff_9d2e_c02e16b327af 0 4 io.apicurio.tests.common.serdes.TestObject@3dbd29cb
2025-07-31 15:29:57,943 INFO  [io.api.tes.ser.api.KafkaSerdesTester] (Thread-156) topic-14979295_6af1_42ff_9d2e_c02e16b327af 0 5 io.apicurio.tests.common.serdes.TestObject@3dbd29cb
2025-07-31 15:29:57,943 INFO  [io.api.tes.ser.api.KafkaSerdesTester] (Thread-156) topic-14979295_6af1_42ff_9d2e_c02e16b327af 0 6 io.apicurio.tests.common.serdes.TestObject@3dbd29cb
2025-07-31 15:29:57,943 INFO  [io.api.tes.ser.api.KafkaSerdesTester] (Thread-156) topic-14979295_6af1_42ff_9d2e_c02e16b327af 0 7 io.apicurio.tests.common.serdes.TestObject@3dbd29cb
2025-07-31 15:29:57,943 INFO  [io.api.tes.ser.api.KafkaSerdesTester] (Thread-156) topic-14979295_6af1_42ff_9d2e_c02e16b327af 0 8 io.apicurio.tests.common.serdes.TestObject@3dbd29cb
2025-07-31 15:29:57,943 INFO  [io.api.tes.ser.api.KafkaSerdesTester] (Thread-156) topic-14979295_6af1_42ff_9d2e_c02e16b327af 0 9 io.apicurio.tests.common.serdes.TestObject@3dbd29cb
2025-07-31 15:29:57,943 INFO  [io.api.tes.ser.api.KafkaSerdesTester] (Thread-156) Consumed 10 messages
2025-07-31 15:29:57,952 INFO  [org.apa.kaf.cli.con.int.ConsumerRebalanceListenerInvoker] (Thread-156) [Consumer clientId=consumer-Consumer-topic-14979295_6af1_42ff_9d2e_c02e16b327af-6, groupId=Consumer-topic-14979295_6af1_42ff_9d2e_c02e16b327af] Revoke previously assigned partitions topic-14979295_6af1_42ff_9d2e_c02e16b327af-0
2025-07-31 15:29:57,952 INFO  [org.apa.kaf.cli.con.int.ConsumerCoordinator] (Thread-156) [Consumer clientId=consumer-Consumer-topic-14979295_6af1_42ff_9d2e_c02e16b327af-6, groupId=Consumer-topic-14979295_6af1_42ff_9d2e_c02e16b327af] Member consumer-Consumer-topic-14979295_6af1_42ff_9d2e_c02e16b327af-6-e32ef48d-45ba-43d9-bd9b-90683dec036a sending LeaveGroup request to coordinator localhost:32770 (id: 2147483647 rack: null) due to the consumer is being closed
2025-07-31 15:29:57,954 INFO  [org.apa.kaf.cli.con.int.ConsumerCoordinator] (Thread-156) [Consumer clientId=consumer-Consumer-topic-14979295_6af1_42ff_9d2e_c02e16b327af-6, groupId=Consumer-topic-14979295_6af1_42ff_9d2e_c02e16b327af] Resetting generation and member id due to: consumer pro-actively leaving the group
2025-07-31 15:29:57,954 INFO  [org.apa.kaf.cli.con.int.ConsumerCoordinator] (Thread-156) [Consumer clientId=consumer-Consumer-topic-14979295_6af1_42ff_9d2e_c02e16b327af-6, groupId=Consumer-topic-14979295_6af1_42ff_9d2e_c02e16b327af] Request joining group due to: consumer pro-actively leaving the group
2025-07-31 15:29:58,447 INFO  [org.apa.kaf.com.met.Metrics] (Thread-156) Metrics scheduler closed
2025-07-31 15:29:58,447 INFO  [org.apa.kaf.com.met.Metrics] (Thread-156) Closing reporter org.apache.kafka.common.metrics.JmxReporter
2025-07-31 15:29:58,447 INFO  [org.apa.kaf.com.met.Metrics] (Thread-156) Closing reporter org.apache.kafka.common.telemetry.internals.ClientTelemetryReporter
2025-07-31 15:29:58,447 INFO  [org.apa.kaf.com.met.Metrics] (Thread-156) Metrics reporters closed
2025-07-31 15:29:58,450 INFO  [org.apa.kaf.com.uti.AppInfoParser] (Thread-156) App info kafka.consumer for consumer-Consumer-topic-14979295_6af1_42ff_9d2e_c02e16b327af-6 unregistered
2025-07-31 15:29:58,450 INFO  [io.api.tes.uti.TestSeparator] (main) io.apicurio.tests.serdes.apicurio.AvroSerdeIT.testReflectAutoRegister-FINISHED
2025-07-31 15:29:58,450 INFO  [io.api.tes.uti.TestSeparator] (main) ############################################################################
]]></system-out>
  </testcase>
  <testcase name="testArtifactNotFound" classname="io.apicurio.tests.serdes.apicurio.AvroSerdeIT" time="0.22">
    <system-out><![CDATA[2025-07-31 15:29:58,458 INFO  [io.api.tes.uti.TestSeparator] (main) ############################################################################
2025-07-31 15:29:58,458 INFO  [io.api.tes.uti.TestSeparator] (main) io.apicurio.tests.serdes.apicurio.AvroSerdeIT.testArtifactNotFound-STARTED
2025-07-31 15:29:58,463 INFO  [org.apa.kaf.cli.pro.ProducerConfig] (main) ProducerConfig values: 
	acks = -1
	auto.include.jmx.reporter = true
	batch.size = 16384
	bootstrap.servers = [PLAINTEXT://localhost:32770]
	buffer.memory = 33554432
	client.dns.lookup = use_all_dns_ips
	client.id = Producer-s77be79ddxbb6bx4eb4xadcfx13932653fb28
	compression.gzip.level = -1
	compression.lz4.level = 9
	compression.type = none
	compression.zstd.level = 3
	connections.max.idle.ms = 10000
	delivery.timeout.ms = 120000
	enable.idempotence = true
	enable.metrics.push = true
	interceptor.classes = []
	key.serializer = class org.apache.kafka.common.serialization.StringSerializer
	linger.ms = 0
	max.block.ms = 60000
	max.in.flight.requests.per.connection = 5
	max.request.size = 1048576
	metadata.max.age.ms = 300000
	metadata.max.idle.ms = 300000
	metadata.recovery.strategy = none
	metric.reporters = []
	metrics.num.samples = 2
	metrics.recording.level = INFO
	metrics.sample.window.ms = 30000
	partitioner.adaptive.partitioning.enable = true
	partitioner.availability.timeout.ms = 0
	partitioner.class = null
	partitioner.ignore.keys = false
	receive.buffer.bytes = 32768
	reconnect.backoff.max.ms = 1000
	reconnect.backoff.ms = 50
	request.timeout.ms = 5000
	retries = 2147483647
	retry.backoff.max.ms = 1000
	retry.backoff.ms = 100
	sasl.client.callback.handler.class = null
	sasl.jaas.config = null
	sasl.kerberos.kinit.cmd = /usr/bin/kinit
	sasl.kerberos.min.time.before.relogin = 60000
	sasl.kerberos.service.name = null
	sasl.kerberos.ticket.renew.jitter = 0.05
	sasl.kerberos.ticket.renew.window.factor = 0.8
	sasl.login.callback.handler.class = null
	sasl.login.class = null
	sasl.login.connect.timeout.ms = null
	sasl.login.read.timeout.ms = null
	sasl.login.refresh.buffer.seconds = 300
	sasl.login.refresh.min.period.seconds = 60
	sasl.login.refresh.window.factor = 0.8
	sasl.login.refresh.window.jitter = 0.05
	sasl.login.retry.backoff.max.ms = 10000
	sasl.login.retry.backoff.ms = 100
	sasl.mechanism = GSSAPI
	sasl.oauthbearer.clock.skew.seconds = 30
	sasl.oauthbearer.expected.audience = null
	sasl.oauthbearer.expected.issuer = null
	sasl.oauthbearer.header.urlencode = false
	sasl.oauthbearer.jwks.endpoint.refresh.ms = 3600000
	sasl.oauthbearer.jwks.endpoint.retry.backoff.max.ms = 10000
	sasl.oauthbearer.jwks.endpoint.retry.backoff.ms = 100
	sasl.oauthbearer.jwks.endpoint.url = null
	sasl.oauthbearer.scope.claim.name = scope
	sasl.oauthbearer.sub.claim.name = sub
	sasl.oauthbearer.token.endpoint.url = null
	security.protocol = PLAINTEXT
	security.providers = null
	send.buffer.bytes = 131072
	socket.connection.setup.timeout.max.ms = 30000
	socket.connection.setup.timeout.ms = 10000
	ssl.cipher.suites = null
	ssl.enabled.protocols = [TLSv1.2, TLSv1.3]
	ssl.endpoint.identification.algorithm = https
	ssl.engine.factory.class = null
	ssl.key.password = null
	ssl.keymanager.algorithm = SunX509
	ssl.keystore.certificate.chain = null
	ssl.keystore.key = null
	ssl.keystore.location = null
	ssl.keystore.password = null
	ssl.keystore.type = JKS
	ssl.protocol = TLSv1.3
	ssl.provider = null
	ssl.secure.random.implementation = null
	ssl.trustmanager.algorithm = PKIX
	ssl.truststore.certificates = null
	ssl.truststore.location = null
	ssl.truststore.password = null
	ssl.truststore.type = JKS
	transaction.timeout.ms = 60000
	transactional.id = null
	value.serializer = class io.apicurio.registry.serde.avro.AvroKafkaSerializer

2025-07-31 15:29:58,464 INFO  [org.apa.kaf.com.tel.int.KafkaMetricsCollector] (main) initializing Kafka metrics collector
2025-07-31 15:29:58,477 INFO  [org.apa.kaf.cli.pro.KafkaProducer] (main) [Producer clientId=Producer-s77be79ddxbb6bx4eb4xadcfx13932653fb28] Instantiated an idempotent producer.
2025-07-31 15:29:58,483 INFO  [org.apa.kaf.cli.pro.ProducerConfig] (main) These configurations '[apicurio.registry.url, apicurio.registry.artifact-resolver-strategy]' were supplied but are not used yet.
2025-07-31 15:29:58,483 INFO  [org.apa.kaf.com.uti.AppInfoParser] (main) Kafka version: 3.9.0
2025-07-31 15:29:58,483 INFO  [org.apa.kaf.com.uti.AppInfoParser] (main) Kafka commitId: 84caaa6e9da06435
2025-07-31 15:29:58,483 INFO  [org.apa.kaf.com.uti.AppInfoParser] (main) Kafka startTimeMs: 1753975798483
2025-07-31 15:29:58,485 INFO  [io.api.tes.ser.api.KafkaSerdesTester] (Thread-159) Sending message {"keyB": "value-0"} to topic s77be79ddxbb6bx4eb4xadcfx13932653fb28
2025-07-31 15:29:58,509 WARN  [org.apa.kaf.cli.NetworkClient] (kafka-producer-network-thread | Producer-s77be79ddxbb6bx4eb4xadcfx13932653fb28) [Producer clientId=Producer-s77be79ddxbb6bx4eb4xadcfx13932653fb28] The metadata response from the cluster reported a recoverable issue with correlation id 2 : {s77be79ddxbb6bx4eb4xadcfx13932653fb28=LEADER_NOT_AVAILABLE}
2025-07-31 15:29:58,512 INFO  [org.apa.kaf.cli.Metadata] (kafka-producer-network-thread | Producer-s77be79ddxbb6bx4eb4xadcfx13932653fb28) [Producer clientId=Producer-s77be79ddxbb6bx4eb4xadcfx13932653fb28] Cluster ID: PmaraPXQRTuATyXg1suJRg
2025-07-31 15:29:58,512 INFO  [org.apa.kaf.cli.pro.int.TransactionManager] (kafka-producer-network-thread | Producer-s77be79ddxbb6bx4eb4xadcfx13932653fb28) [Producer clientId=Producer-s77be79ddxbb6bx4eb4xadcfx13932653fb28] ProducerId set to 7 with epoch 0
2025-07-31 15:29:58,629 INFO  [DefaultSchemaResolver] (Thread-159) Retrieving schema content using string: {"type":"record","name":"myrecord","namespace":"mygroup","fields":[{"name":"keyB","type":"string"}]}
2025-07-31 15:29:58,667 INFO  [org.apa.kaf.cli.pro.KafkaProducer] (Thread-159) [Producer clientId=Producer-s77be79ddxbb6bx4eb4xadcfx13932653fb28] Closing the Kafka producer with timeoutMillis = 9223372036854775807 ms.
2025-07-31 15:29:58,670 INFO  [org.apa.kaf.com.met.Metrics] (Thread-159) Metrics scheduler closed
2025-07-31 15:29:58,670 INFO  [org.apa.kaf.com.met.Metrics] (Thread-159) Closing reporter org.apache.kafka.common.metrics.JmxReporter
2025-07-31 15:29:58,670 INFO  [org.apa.kaf.com.met.Metrics] (Thread-159) Closing reporter org.apache.kafka.common.telemetry.internals.ClientTelemetryReporter
2025-07-31 15:29:58,670 INFO  [org.apa.kaf.com.met.Metrics] (Thread-159) Metrics reporters closed
2025-07-31 15:29:58,672 INFO  [org.apa.kaf.com.uti.AppInfoParser] (Thread-159) App info kafka.producer for Producer-s77be79ddxbb6bx4eb4xadcfx13932653fb28 unregistered
2025-07-31 15:29:58,673 INFO  [io.api.tes.uti.TestSeparator] (main) io.apicurio.tests.serdes.apicurio.AvroSerdeIT.testArtifactNotFound-FINISHED
2025-07-31 15:29:58,673 INFO  [io.api.tes.uti.TestSeparator] (main) ############################################################################
]]></system-out>
    <system-err><![CDATA[java.lang.RuntimeException: Could not resolve artifact reference by content: {"type":"record","name":"myrecord","namespace":"mygroup","fields":[{"name":"keyB","type":"string"}]}&ArtifactReference [groupId=default, artifactId=s77be79ddxbb6bx4eb4xadcfx13932653fb28-value, version=null, globalId=null, contentId=null, contentHash=null]
	at io.apicurio.registry.resolver.DefaultSchemaResolver.lambda$handleResolveSchemaByContent$5(DefaultSchemaResolver.java:300)
	at io.apicurio.registry.resolver.ERCache.lambda$getValue$0(ERCache.java:181)
	at io.apicurio.registry.resolver.ERCache.retry(ERCache.java:234)
	at io.apicurio.registry.resolver.ERCache.getValue(ERCache.java:180)
	at io.apicurio.registry.resolver.ERCache.getByContent(ERCache.java:154)
	at io.apicurio.registry.resolver.DefaultSchemaResolver.handleResolveSchemaByContent(DefaultSchemaResolver.java:269)
	at io.apicurio.registry.resolver.DefaultSchemaResolver.getSchemaFromRegistry(DefaultSchemaResolver.java:142)
	at io.apicurio.registry.resolver.DefaultSchemaResolver.lambda$resolveSchema$0(DefaultSchemaResolver.java:86)
	at java.base/java.util.Optional.orElseGet(Optional.java:364)
	at io.apicurio.registry.resolver.DefaultSchemaResolver.resolveSchema(DefaultSchemaResolver.java:86)
	at io.apicurio.registry.serde.AbstractSerializer.serializeData(AbstractSerializer.java:62)
	at io.apicurio.registry.serde.KafkaSerializer.serialize(KafkaSerializer.java:77)
	at org.apache.kafka.clients.producer.KafkaProducer.doSend(KafkaProducer.java:1046)
	at org.apache.kafka.clients.producer.KafkaProducer.send(KafkaProducer.java:993)
	at org.apache.kafka.clients.producer.KafkaProducer.send(KafkaProducer.java:875)
	at io.apicurio.tests.serdes.apicurio.KafkaSerdesTester.lambda$produceMessages$3(KafkaSerdesTester.java:138)
	at java.base/java.util.concurrent.CompletableFuture$AsyncSupply.run(CompletableFuture.java:1768)
	at java.base/java.lang.Thread.run(Thread.java:840)
]]></system-err>
  </testcase>
  <testcase name="testAvroSerDesFailDifferentSchemaByRecordName" classname="io.apicurio.tests.serdes.apicurio.AvroSerdeIT" time="1.074">
    <system-out><![CDATA[2025-07-31 15:29:58,676 INFO  [io.api.tes.uti.TestSeparator] (main) ############################################################################
2025-07-31 15:29:58,676 INFO  [io.api.tes.uti.TestSeparator] (main) io.apicurio.tests.serdes.apicurio.AvroSerdeIT.testAvroSerDesFailDifferentSchemaByRecordName-STARTED
2025-07-31 15:29:59,713 INFO  [org.apa.kaf.cli.pro.ProducerConfig] (main) ProducerConfig values: 
	acks = -1
	auto.include.jmx.reporter = true
	batch.size = 16384
	bootstrap.servers = [PLAINTEXT://localhost:32770]
	buffer.memory = 33554432
	client.dns.lookup = use_all_dns_ips
	client.id = Producer-topic-63b73ac1_4672_4646_9afd_7a747fcff4dc
	compression.gzip.level = -1
	compression.lz4.level = 9
	compression.type = none
	compression.zstd.level = 3
	connections.max.idle.ms = 10000
	delivery.timeout.ms = 120000
	enable.idempotence = true
	enable.metrics.push = true
	interceptor.classes = []
	key.serializer = class org.apache.kafka.common.serialization.StringSerializer
	linger.ms = 0
	max.block.ms = 60000
	max.in.flight.requests.per.connection = 5
	max.request.size = 1048576
	metadata.max.age.ms = 300000
	metadata.max.idle.ms = 300000
	metadata.recovery.strategy = none
	metric.reporters = []
	metrics.num.samples = 2
	metrics.recording.level = INFO
	metrics.sample.window.ms = 30000
	partitioner.adaptive.partitioning.enable = true
	partitioner.availability.timeout.ms = 0
	partitioner.class = null
	partitioner.ignore.keys = false
	receive.buffer.bytes = 32768
	reconnect.backoff.max.ms = 1000
	reconnect.backoff.ms = 50
	request.timeout.ms = 5000
	retries = 2147483647
	retry.backoff.max.ms = 1000
	retry.backoff.ms = 100
	sasl.client.callback.handler.class = null
	sasl.jaas.config = null
	sasl.kerberos.kinit.cmd = /usr/bin/kinit
	sasl.kerberos.min.time.before.relogin = 60000
	sasl.kerberos.service.name = null
	sasl.kerberos.ticket.renew.jitter = 0.05
	sasl.kerberos.ticket.renew.window.factor = 0.8
	sasl.login.callback.handler.class = null
	sasl.login.class = null
	sasl.login.connect.timeout.ms = null
	sasl.login.read.timeout.ms = null
	sasl.login.refresh.buffer.seconds = 300
	sasl.login.refresh.min.period.seconds = 60
	sasl.login.refresh.window.factor = 0.8
	sasl.login.refresh.window.jitter = 0.05
	sasl.login.retry.backoff.max.ms = 10000
	sasl.login.retry.backoff.ms = 100
	sasl.mechanism = GSSAPI
	sasl.oauthbearer.clock.skew.seconds = 30
	sasl.oauthbearer.expected.audience = null
	sasl.oauthbearer.expected.issuer = null
	sasl.oauthbearer.header.urlencode = false
	sasl.oauthbearer.jwks.endpoint.refresh.ms = 3600000
	sasl.oauthbearer.jwks.endpoint.retry.backoff.max.ms = 10000
	sasl.oauthbearer.jwks.endpoint.retry.backoff.ms = 100
	sasl.oauthbearer.jwks.endpoint.url = null
	sasl.oauthbearer.scope.claim.name = scope
	sasl.oauthbearer.sub.claim.name = sub
	sasl.oauthbearer.token.endpoint.url = null
	security.protocol = PLAINTEXT
	security.providers = null
	send.buffer.bytes = 131072
	socket.connection.setup.timeout.max.ms = 30000
	socket.connection.setup.timeout.ms = 10000
	ssl.cipher.suites = null
	ssl.enabled.protocols = [TLSv1.2, TLSv1.3]
	ssl.endpoint.identification.algorithm = https
	ssl.engine.factory.class = null
	ssl.key.password = null
	ssl.keymanager.algorithm = SunX509
	ssl.keystore.certificate.chain = null
	ssl.keystore.key = null
	ssl.keystore.location = null
	ssl.keystore.password = null
	ssl.keystore.type = JKS
	ssl.protocol = TLSv1.3
	ssl.provider = null
	ssl.secure.random.implementation = null
	ssl.trustmanager.algorithm = PKIX
	ssl.truststore.certificates = null
	ssl.truststore.location = null
	ssl.truststore.password = null
	ssl.truststore.type = JKS
	transaction.timeout.ms = 60000
	transactional.id = null
	value.serializer = class io.apicurio.registry.serde.avro.AvroKafkaSerializer

2025-07-31 15:29:59,714 INFO  [org.apa.kaf.com.tel.int.KafkaMetricsCollector] (main) initializing Kafka metrics collector
2025-07-31 15:29:59,718 INFO  [org.apa.kaf.cli.pro.KafkaProducer] (main) [Producer clientId=Producer-topic-63b73ac1_4672_4646_9afd_7a747fcff4dc] Instantiated an idempotent producer.
2025-07-31 15:29:59,720 INFO  [org.apa.kaf.cli.pro.ProducerConfig] (main) These configurations '[apicurio.registry.find-latest, apicurio.registry.url, apicurio.registry.artifact-resolver-strategy]' were supplied but are not used yet.
2025-07-31 15:29:59,720 INFO  [org.apa.kaf.com.uti.AppInfoParser] (main) Kafka version: 3.9.0
2025-07-31 15:29:59,720 INFO  [org.apa.kaf.com.uti.AppInfoParser] (main) Kafka commitId: 84caaa6e9da06435
2025-07-31 15:29:59,720 INFO  [org.apa.kaf.com.uti.AppInfoParser] (main) Kafka startTimeMs: 1753975799720
2025-07-31 15:29:59,722 INFO  [io.api.tes.ser.api.KafkaSerdesTester] (Thread-162) Sending message {"keyB": "value-0"} to topic topic-63b73ac1_4672_4646_9afd_7a747fcff4dc
2025-07-31 15:29:59,727 INFO  [org.apa.kaf.cli.Metadata] (kafka-producer-network-thread | Producer-topic-63b73ac1_4672_4646_9afd_7a747fcff4dc) [Producer clientId=Producer-topic-63b73ac1_4672_4646_9afd_7a747fcff4dc] Cluster ID: PmaraPXQRTuATyXg1suJRg
2025-07-31 15:29:59,728 INFO  [org.apa.kaf.cli.pro.int.TransactionManager] (kafka-producer-network-thread | Producer-topic-63b73ac1_4672_4646_9afd_7a747fcff4dc) [Producer clientId=Producer-topic-63b73ac1_4672_4646_9afd_7a747fcff4dc] ProducerId set to 8 with epoch 0
2025-07-31 15:29:59,745 INFO  [org.apa.kaf.cli.pro.KafkaProducer] (Thread-162) [Producer clientId=Producer-topic-63b73ac1_4672_4646_9afd_7a747fcff4dc] Closing the Kafka producer with timeoutMillis = 9223372036854775807 ms.
2025-07-31 15:29:59,747 INFO  [org.apa.kaf.com.met.Metrics] (Thread-162) Metrics scheduler closed
2025-07-31 15:29:59,747 INFO  [org.apa.kaf.com.met.Metrics] (Thread-162) Closing reporter org.apache.kafka.common.metrics.JmxReporter
2025-07-31 15:29:59,747 INFO  [org.apa.kaf.com.met.Metrics] (Thread-162) Closing reporter org.apache.kafka.common.telemetry.internals.ClientTelemetryReporter
2025-07-31 15:29:59,748 INFO  [org.apa.kaf.com.met.Metrics] (Thread-162) Metrics reporters closed
2025-07-31 15:29:59,748 INFO  [org.apa.kaf.com.uti.AppInfoParser] (Thread-162) App info kafka.producer for Producer-topic-63b73ac1_4672_4646_9afd_7a747fcff4dc unregistered
2025-07-31 15:29:59,748 INFO  [io.api.tes.uti.TestSeparator] (main) io.apicurio.tests.serdes.apicurio.AvroSerdeIT.testAvroSerDesFailDifferentSchemaByRecordName-FINISHED
2025-07-31 15:29:59,749 INFO  [io.api.tes.uti.TestSeparator] (main) ############################################################################
]]></system-out>
    <system-err><![CDATA[io.apicurio.registry.rest.client.models.ProblemDetails
	at io.apicurio.registry.rest.client.models.ProblemDetails.createFromDiscriminatorValue(ProblemDetails.java:58)
	at io.kiota.serialization.json.JsonParseNode.getObjectValue(JsonParseNode.java:247)
	at io.kiota.http.vertx.VertXRequestAdapter.lambda$throwIfFailedResponse$0(VertXRequestAdapter.java:400)
	at com.microsoft.kiota.ApiExceptionBuilder.<init>(ApiExceptionBuilder.java:26)
	at io.kiota.http.vertx.VertXRequestAdapter.throwIfFailedResponse(VertXRequestAdapter.java:399)
	at io.kiota.http.vertx.VertXRequestAdapter.send(VertXRequestAdapter.java:170)
	at io.apicurio.registry.rest.client.groups.item.artifacts.item.versions.item.WithVersionExpressionItemRequestBuilder.get(WithVersionExpressionItemRequestBuilder.java:128)
	at io.apicurio.registry.rest.client.groups.item.artifacts.item.versions.item.WithVersionExpressionItemRequestBuilder.get(WithVersionExpressionItemRequestBuilder.java:111)
	at io.apicurio.registry.resolver.DefaultSchemaResolver.resolveByCoordinates(DefaultSchemaResolver.java:469)
	at io.apicurio.registry.resolver.DefaultSchemaResolver.lambda$resolveSchemaByArtifactReferenceCached$12(DefaultSchemaResolver.java:451)
	at io.apicurio.registry.resolver.ERCache.lambda$getValue$0(ERCache.java:181)
	at io.apicurio.registry.resolver.ERCache.retry(ERCache.java:234)
	at io.apicurio.registry.resolver.ERCache.getValue(ERCache.java:180)
	at io.apicurio.registry.resolver.ERCache.getByArtifactCoordinates(ERCache.java:165)
	at io.apicurio.registry.resolver.DefaultSchemaResolver.resolveSchemaByArtifactReferenceCached(DefaultSchemaResolver.java:449)
	at io.apicurio.registry.resolver.DefaultSchemaResolver.resolveSchemaByCoordinates(DefaultSchemaResolver.java:201)
	at io.apicurio.registry.resolver.DefaultSchemaResolver.getSchemaFromRegistry(DefaultSchemaResolver.java:134)
	at io.apicurio.registry.resolver.DefaultSchemaResolver.lambda$resolveSchema$0(DefaultSchemaResolver.java:86)
	at java.base/java.util.Optional.orElseGet(Optional.java:364)
	at io.apicurio.registry.resolver.DefaultSchemaResolver.resolveSchema(DefaultSchemaResolver.java:86)
	at io.apicurio.registry.serde.AbstractSerializer.serializeData(AbstractSerializer.java:62)
	at io.apicurio.registry.serde.KafkaSerializer.serialize(KafkaSerializer.java:77)
	at org.apache.kafka.clients.producer.KafkaProducer.doSend(KafkaProducer.java:1046)
	at org.apache.kafka.clients.producer.KafkaProducer.send(KafkaProducer.java:993)
	at org.apache.kafka.clients.producer.KafkaProducer.send(KafkaProducer.java:875)
	at io.apicurio.tests.serdes.apicurio.KafkaSerdesTester.lambda$produceMessages$3(KafkaSerdesTester.java:138)
	at java.base/java.util.concurrent.CompletableFuture$AsyncSupply.run(CompletableFuture.java:1768)
	at java.base/java.lang.Thread.run(Thread.java:840)
]]></system-err>
  </testcase>
  <testcase name="testTopicIdStrategyFindLatest" classname="io.apicurio.tests.serdes.apicurio.AvroSerdeIT" time="1.762">
    <system-out><![CDATA[2025-07-31 15:29:59,750 INFO  [io.api.tes.uti.TestSeparator] (main) ############################################################################
2025-07-31 15:29:59,750 INFO  [io.api.tes.uti.TestSeparator] (main) io.apicurio.tests.serdes.apicurio.AvroSerdeIT.testTopicIdStrategyFindLatest-STARTED
2025-07-31 15:29:59,752 INFO  [io.api.tes.ser.api.AvroSerdeIT] (main) Registering Avro Schema: {"type":"record","name":"myrecordapicurio1","fields":[{"name":"key11753975799752","type":"string"}]}
2025-07-31 15:30:00,794 INFO  [org.apa.kaf.cli.pro.ProducerConfig] (main) ProducerConfig values: 
	acks = -1
	auto.include.jmx.reporter = true
	batch.size = 16384
	bootstrap.servers = [PLAINTEXT://localhost:32770]
	buffer.memory = 33554432
	client.dns.lookup = use_all_dns_ips
	client.id = Producer-topic-f5fdd43e_d828_4f8d_8e02_ce889b21953a
	compression.gzip.level = -1
	compression.lz4.level = 9
	compression.type = none
	compression.zstd.level = 3
	connections.max.idle.ms = 10000
	delivery.timeout.ms = 120000
	enable.idempotence = true
	enable.metrics.push = true
	interceptor.classes = []
	key.serializer = class org.apache.kafka.common.serialization.StringSerializer
	linger.ms = 0
	max.block.ms = 60000
	max.in.flight.requests.per.connection = 5
	max.request.size = 1048576
	metadata.max.age.ms = 300000
	metadata.max.idle.ms = 300000
	metadata.recovery.strategy = none
	metric.reporters = []
	metrics.num.samples = 2
	metrics.recording.level = INFO
	metrics.sample.window.ms = 30000
	partitioner.adaptive.partitioning.enable = true
	partitioner.availability.timeout.ms = 0
	partitioner.class = null
	partitioner.ignore.keys = false
	receive.buffer.bytes = 32768
	reconnect.backoff.max.ms = 1000
	reconnect.backoff.ms = 50
	request.timeout.ms = 5000
	retries = 2147483647
	retry.backoff.max.ms = 1000
	retry.backoff.ms = 100
	sasl.client.callback.handler.class = null
	sasl.jaas.config = null
	sasl.kerberos.kinit.cmd = /usr/bin/kinit
	sasl.kerberos.min.time.before.relogin = 60000
	sasl.kerberos.service.name = null
	sasl.kerberos.ticket.renew.jitter = 0.05
	sasl.kerberos.ticket.renew.window.factor = 0.8
	sasl.login.callback.handler.class = null
	sasl.login.class = null
	sasl.login.connect.timeout.ms = null
	sasl.login.read.timeout.ms = null
	sasl.login.refresh.buffer.seconds = 300
	sasl.login.refresh.min.period.seconds = 60
	sasl.login.refresh.window.factor = 0.8
	sasl.login.refresh.window.jitter = 0.05
	sasl.login.retry.backoff.max.ms = 10000
	sasl.login.retry.backoff.ms = 100
	sasl.mechanism = GSSAPI
	sasl.oauthbearer.clock.skew.seconds = 30
	sasl.oauthbearer.expected.audience = null
	sasl.oauthbearer.expected.issuer = null
	sasl.oauthbearer.header.urlencode = false
	sasl.oauthbearer.jwks.endpoint.refresh.ms = 3600000
	sasl.oauthbearer.jwks.endpoint.retry.backoff.max.ms = 10000
	sasl.oauthbearer.jwks.endpoint.retry.backoff.ms = 100
	sasl.oauthbearer.jwks.endpoint.url = null
	sasl.oauthbearer.scope.claim.name = scope
	sasl.oauthbearer.sub.claim.name = sub
	sasl.oauthbearer.token.endpoint.url = null
	security.protocol = PLAINTEXT
	security.providers = null
	send.buffer.bytes = 131072
	socket.connection.setup.timeout.max.ms = 30000
	socket.connection.setup.timeout.ms = 10000
	ssl.cipher.suites = null
	ssl.enabled.protocols = [TLSv1.2, TLSv1.3]
	ssl.endpoint.identification.algorithm = https
	ssl.engine.factory.class = null
	ssl.key.password = null
	ssl.keymanager.algorithm = SunX509
	ssl.keystore.certificate.chain = null
	ssl.keystore.key = null
	ssl.keystore.location = null
	ssl.keystore.password = null
	ssl.keystore.type = JKS
	ssl.protocol = TLSv1.3
	ssl.provider = null
	ssl.secure.random.implementation = null
	ssl.trustmanager.algorithm = PKIX
	ssl.truststore.certificates = null
	ssl.truststore.location = null
	ssl.truststore.password = null
	ssl.truststore.type = JKS
	transaction.timeout.ms = 60000
	transactional.id = null
	value.serializer = class io.apicurio.registry.serde.avro.AvroKafkaSerializer

2025-07-31 15:30:00,795 INFO  [org.apa.kaf.com.tel.int.KafkaMetricsCollector] (main) initializing Kafka metrics collector
2025-07-31 15:30:00,799 INFO  [org.apa.kaf.cli.pro.KafkaProducer] (main) [Producer clientId=Producer-topic-f5fdd43e_d828_4f8d_8e02_ce889b21953a] Instantiated an idempotent producer.
2025-07-31 15:30:00,802 INFO  [org.apa.kaf.cli.pro.ProducerConfig] (main) These configurations '[apicurio.registry.find-latest, apicurio.registry.url, apicurio.registry.artifact-resolver-strategy]' were supplied but are not used yet.
2025-07-31 15:30:00,802 INFO  [org.apa.kaf.com.uti.AppInfoParser] (main) Kafka version: 3.9.0
2025-07-31 15:30:00,802 INFO  [org.apa.kaf.com.uti.AppInfoParser] (main) Kafka commitId: 84caaa6e9da06435
2025-07-31 15:30:00,802 INFO  [org.apa.kaf.com.uti.AppInfoParser] (main) Kafka startTimeMs: 1753975800802
2025-07-31 15:30:00,802 INFO  [io.api.tes.ser.api.SimpleSerdesTesterBuilder$SimpleSerdesTester] (main) Using producer configuration: {apicurio.registry.find-latest=true, apicurio.registry.url=http://registry-app-inmemory.apps.ci419.apicurio-testing.org:80/apis/registry/v3, apicurio.registry.artifact-resolver-strategy=io.apicurio.registry.serde.strategy.TopicIdStrategy, value.serializer=io.apicurio.registry.serde.avro.AvroKafkaSerializer, request.timeout.ms=5000, acks=all, bootstrap.servers=PLAINTEXT://localhost:32770, connections.max.idle.ms=10000, key.serializer=org.apache.kafka.common.serialization.StringSerializer, client.id=Producer-topic-f5fdd43e_d828_4f8d_8e02_ce889b21953a}
2025-07-31 15:30:00,802 INFO  [io.api.tes.ser.api.SimpleSerdesTesterBuilder$SimpleSerdesTester] (main) Using consumer configuration: {}
2025-07-31 15:30:00,805 INFO  [io.api.tes.ser.api.KafkaSerdesTester] (Thread-165) Sending message {"key11753975799752": "value-0"} to topic topic-f5fdd43e_d828_4f8d_8e02_ce889b21953a
2025-07-31 15:30:00,810 INFO  [org.apa.kaf.cli.Metadata] (kafka-producer-network-thread | Producer-topic-f5fdd43e_d828_4f8d_8e02_ce889b21953a) [Producer clientId=Producer-topic-f5fdd43e_d828_4f8d_8e02_ce889b21953a] Cluster ID: PmaraPXQRTuATyXg1suJRg
2025-07-31 15:30:00,811 INFO  [org.apa.kaf.cli.pro.int.TransactionManager] (kafka-producer-network-thread | Producer-topic-f5fdd43e_d828_4f8d_8e02_ce889b21953a) [Producer clientId=Producer-topic-f5fdd43e_d828_4f8d_8e02_ce889b21953a] ProducerId set to 9 with epoch 0
2025-07-31 15:30:00,849 INFO  [io.api.tes.ser.api.KafkaSerdesTester] (Thread-165) Sending message {"key11753975799752": "value-1"} to topic topic-f5fdd43e_d828_4f8d_8e02_ce889b21953a
2025-07-31 15:30:00,854 INFO  [io.api.tes.ser.api.KafkaSerdesTester] (Thread-165) Sending message {"key11753975799752": "value-2"} to topic topic-f5fdd43e_d828_4f8d_8e02_ce889b21953a
2025-07-31 15:30:00,858 INFO  [io.api.tes.ser.api.KafkaSerdesTester] (Thread-165) Sending message {"key11753975799752": "value-3"} to topic topic-f5fdd43e_d828_4f8d_8e02_ce889b21953a
2025-07-31 15:30:00,862 INFO  [io.api.tes.ser.api.KafkaSerdesTester] (Thread-165) Sending message {"key11753975799752": "value-4"} to topic topic-f5fdd43e_d828_4f8d_8e02_ce889b21953a
2025-07-31 15:30:00,865 INFO  [io.api.tes.ser.api.KafkaSerdesTester] (Thread-165) Sending message {"key11753975799752": "value-5"} to topic topic-f5fdd43e_d828_4f8d_8e02_ce889b21953a
2025-07-31 15:30:00,867 INFO  [io.api.tes.ser.api.KafkaSerdesTester] (Thread-165) Sending message {"key11753975799752": "value-6"} to topic topic-f5fdd43e_d828_4f8d_8e02_ce889b21953a
2025-07-31 15:30:00,870 INFO  [io.api.tes.ser.api.KafkaSerdesTester] (Thread-165) Sending message {"key11753975799752": "value-7"} to topic topic-f5fdd43e_d828_4f8d_8e02_ce889b21953a
2025-07-31 15:30:00,873 INFO  [io.api.tes.ser.api.KafkaSerdesTester] (Thread-165) Sending message {"key11753975799752": "value-8"} to topic topic-f5fdd43e_d828_4f8d_8e02_ce889b21953a
2025-07-31 15:30:00,876 INFO  [io.api.tes.ser.api.KafkaSerdesTester] (Thread-165) Sending message {"key11753975799752": "value-9"} to topic topic-f5fdd43e_d828_4f8d_8e02_ce889b21953a
2025-07-31 15:30:00,878 INFO  [io.api.tes.ser.api.KafkaSerdesTester] (Thread-165) Produced 10 messages
2025-07-31 15:30:00,878 INFO  [org.apa.kaf.cli.pro.KafkaProducer] (Thread-165) [Producer clientId=Producer-topic-f5fdd43e_d828_4f8d_8e02_ce889b21953a] Closing the Kafka producer with timeoutMillis = 9223372036854775807 ms.
2025-07-31 15:30:00,883 INFO  [org.apa.kaf.com.met.Metrics] (Thread-165) Metrics scheduler closed
2025-07-31 15:30:00,883 INFO  [org.apa.kaf.com.met.Metrics] (Thread-165) Closing reporter org.apache.kafka.common.metrics.JmxReporter
2025-07-31 15:30:00,883 INFO  [org.apa.kaf.com.met.Metrics] (Thread-165) Closing reporter org.apache.kafka.common.telemetry.internals.ClientTelemetryReporter
2025-07-31 15:30:00,883 INFO  [org.apa.kaf.com.met.Metrics] (Thread-165) Metrics reporters closed
2025-07-31 15:30:00,884 INFO  [org.apa.kaf.com.uti.AppInfoParser] (Thread-165) App info kafka.producer for Producer-topic-f5fdd43e_d828_4f8d_8e02_ce889b21953a unregistered
2025-07-31 15:30:00,885 INFO  [org.apa.kaf.cli.con.ConsumerConfig] (main) ConsumerConfig values: 
	allow.auto.create.topics = true
	auto.commit.interval.ms = 500
	auto.include.jmx.reporter = true
	auto.offset.reset = earliest
	bootstrap.servers = [PLAINTEXT://localhost:32770]
	check.crcs = true
	client.dns.lookup = use_all_dns_ips
	client.id = consumer-Consumer-topic-f5fdd43e_d828_4f8d_8e02_ce889b21953a-7
	client.rack = 
	connections.max.idle.ms = 10000
	default.api.timeout.ms = 60000
	enable.auto.commit = true
	enable.metrics.push = true
	exclude.internal.topics = true
	fetch.max.bytes = 52428800
	fetch.max.wait.ms = 500
	fetch.min.bytes = 1
	group.id = Consumer-topic-f5fdd43e_d828_4f8d_8e02_ce889b21953a
	group.instance.id = null
	group.protocol = classic
	group.remote.assignor = null
	heartbeat.interval.ms = 3000
	interceptor.classes = []
	internal.leave.group.on.close = true
	internal.throw.on.fetch.stable.offset.unsupported = false
	isolation.level = read_uncommitted
	key.deserializer = class org.apache.kafka.common.serialization.StringDeserializer
	max.partition.fetch.bytes = 1048576
	max.poll.interval.ms = 300000
	max.poll.records = 500
	metadata.max.age.ms = 300000
	metadata.recovery.strategy = none
	metric.reporters = []
	metrics.num.samples = 2
	metrics.recording.level = INFO
	metrics.sample.window.ms = 30000
	partition.assignment.strategy = [class org.apache.kafka.clients.consumer.RangeAssignor, class org.apache.kafka.clients.consumer.CooperativeStickyAssignor]
	receive.buffer.bytes = 65536
	reconnect.backoff.max.ms = 1000
	reconnect.backoff.ms = 50
	request.timeout.ms = 5000
	retry.backoff.max.ms = 1000
	retry.backoff.ms = 100
	sasl.client.callback.handler.class = null
	sasl.jaas.config = null
	sasl.kerberos.kinit.cmd = /usr/bin/kinit
	sasl.kerberos.min.time.before.relogin = 60000
	sasl.kerberos.service.name = null
	sasl.kerberos.ticket.renew.jitter = 0.05
	sasl.kerberos.ticket.renew.window.factor = 0.8
	sasl.login.callback.handler.class = null
	sasl.login.class = null
	sasl.login.connect.timeout.ms = null
	sasl.login.read.timeout.ms = null
	sasl.login.refresh.buffer.seconds = 300
	sasl.login.refresh.min.period.seconds = 60
	sasl.login.refresh.window.factor = 0.8
	sasl.login.refresh.window.jitter = 0.05
	sasl.login.retry.backoff.max.ms = 10000
	sasl.login.retry.backoff.ms = 100
	sasl.mechanism = GSSAPI
	sasl.oauthbearer.clock.skew.seconds = 30
	sasl.oauthbearer.expected.audience = null
	sasl.oauthbearer.expected.issuer = null
	sasl.oauthbearer.header.urlencode = false
	sasl.oauthbearer.jwks.endpoint.refresh.ms = 3600000
	sasl.oauthbearer.jwks.endpoint.retry.backoff.max.ms = 10000
	sasl.oauthbearer.jwks.endpoint.retry.backoff.ms = 100
	sasl.oauthbearer.jwks.endpoint.url = null
	sasl.oauthbearer.scope.claim.name = scope
	sasl.oauthbearer.sub.claim.name = sub
	sasl.oauthbearer.token.endpoint.url = null
	security.protocol = PLAINTEXT
	security.providers = null
	send.buffer.bytes = 131072
	session.timeout.ms = 45000
	socket.connection.setup.timeout.max.ms = 30000
	socket.connection.setup.timeout.ms = 10000
	ssl.cipher.suites = null
	ssl.enabled.protocols = [TLSv1.2, TLSv1.3]
	ssl.endpoint.identification.algorithm = https
	ssl.engine.factory.class = null
	ssl.key.password = null
	ssl.keymanager.algorithm = SunX509
	ssl.keystore.certificate.chain = null
	ssl.keystore.key = null
	ssl.keystore.location = null
	ssl.keystore.password = null
	ssl.keystore.type = JKS
	ssl.protocol = TLSv1.3
	ssl.provider = null
	ssl.secure.random.implementation = null
	ssl.trustmanager.algorithm = PKIX
	ssl.truststore.certificates = null
	ssl.truststore.location = null
	ssl.truststore.password = null
	ssl.truststore.type = JKS
	value.deserializer = class io.apicurio.registry.serde.avro.AvroKafkaDeserializer

2025-07-31 15:30:00,885 INFO  [org.apa.kaf.com.tel.int.KafkaMetricsCollector] (main) initializing Kafka metrics collector
2025-07-31 15:30:00,893 INFO  [org.apa.kaf.cli.con.ConsumerConfig] (main) These configurations '[apicurio.registry.url]' were supplied but are not used yet.
2025-07-31 15:30:00,894 INFO  [org.apa.kaf.com.uti.AppInfoParser] (main) Kafka version: 3.9.0
2025-07-31 15:30:00,894 INFO  [org.apa.kaf.com.uti.AppInfoParser] (main) Kafka commitId: 84caaa6e9da06435
2025-07-31 15:30:00,894 INFO  [org.apa.kaf.com.uti.AppInfoParser] (main) Kafka startTimeMs: 1753975800893
2025-07-31 15:30:00,894 INFO  [org.apa.kaf.cli.con.int.ClassicKafkaConsumer] (Thread-168) [Consumer clientId=consumer-Consumer-topic-f5fdd43e_d828_4f8d_8e02_ce889b21953a-7, groupId=Consumer-topic-f5fdd43e_d828_4f8d_8e02_ce889b21953a] Subscribed to topic(s): topic-f5fdd43e_d828_4f8d_8e02_ce889b21953a
2025-07-31 15:30:00,904 INFO  [org.apa.kaf.cli.Metadata] (Thread-168) [Consumer clientId=consumer-Consumer-topic-f5fdd43e_d828_4f8d_8e02_ce889b21953a-7, groupId=Consumer-topic-f5fdd43e_d828_4f8d_8e02_ce889b21953a] Cluster ID: PmaraPXQRTuATyXg1suJRg
2025-07-31 15:30:00,906 INFO  [org.apa.kaf.cli.con.int.ConsumerCoordinator] (Thread-168) [Consumer clientId=consumer-Consumer-topic-f5fdd43e_d828_4f8d_8e02_ce889b21953a-7, groupId=Consumer-topic-f5fdd43e_d828_4f8d_8e02_ce889b21953a] Discovered group coordinator localhost:32770 (id: 2147483647 rack: null)
2025-07-31 15:30:00,912 INFO  [org.apa.kaf.cli.con.int.ConsumerCoordinator] (Thread-168) [Consumer clientId=consumer-Consumer-topic-f5fdd43e_d828_4f8d_8e02_ce889b21953a-7, groupId=Consumer-topic-f5fdd43e_d828_4f8d_8e02_ce889b21953a] (Re-)joining group
2025-07-31 15:30:00,919 INFO  [org.apa.kaf.cli.con.int.ConsumerCoordinator] (Thread-168) [Consumer clientId=consumer-Consumer-topic-f5fdd43e_d828_4f8d_8e02_ce889b21953a-7, groupId=Consumer-topic-f5fdd43e_d828_4f8d_8e02_ce889b21953a] Request joining group due to: need to re-join with the given member-id: consumer-Consumer-topic-f5fdd43e_d828_4f8d_8e02_ce889b21953a-7-16fb832e-fb71-4fe1-bd04-bb6581aa2eb6
2025-07-31 15:30:00,919 INFO  [org.apa.kaf.cli.con.int.ConsumerCoordinator] (Thread-168) [Consumer clientId=consumer-Consumer-topic-f5fdd43e_d828_4f8d_8e02_ce889b21953a-7, groupId=Consumer-topic-f5fdd43e_d828_4f8d_8e02_ce889b21953a] (Re-)joining group
2025-07-31 15:30:00,929 INFO  [org.apa.kaf.cli.con.int.ConsumerCoordinator] (Thread-168) [Consumer clientId=consumer-Consumer-topic-f5fdd43e_d828_4f8d_8e02_ce889b21953a-7, groupId=Consumer-topic-f5fdd43e_d828_4f8d_8e02_ce889b21953a] Successfully joined group with generation Generation{generationId=1, memberId='consumer-Consumer-topic-f5fdd43e_d828_4f8d_8e02_ce889b21953a-7-16fb832e-fb71-4fe1-bd04-bb6581aa2eb6', protocol='range'}
2025-07-31 15:30:00,929 INFO  [org.apa.kaf.cli.con.int.ConsumerCoordinator] (Thread-168) [Consumer clientId=consumer-Consumer-topic-f5fdd43e_d828_4f8d_8e02_ce889b21953a-7, groupId=Consumer-topic-f5fdd43e_d828_4f8d_8e02_ce889b21953a] Finished assignment for group at generation 1: {consumer-Consumer-topic-f5fdd43e_d828_4f8d_8e02_ce889b21953a-7-16fb832e-fb71-4fe1-bd04-bb6581aa2eb6=Assignment(partitions=[topic-f5fdd43e_d828_4f8d_8e02_ce889b21953a-0])}
2025-07-31 15:30:00,940 INFO  [org.apa.kaf.cli.con.int.ConsumerCoordinator] (Thread-168) [Consumer clientId=consumer-Consumer-topic-f5fdd43e_d828_4f8d_8e02_ce889b21953a-7, groupId=Consumer-topic-f5fdd43e_d828_4f8d_8e02_ce889b21953a] Successfully synced group in generation Generation{generationId=1, memberId='consumer-Consumer-topic-f5fdd43e_d828_4f8d_8e02_ce889b21953a-7-16fb832e-fb71-4fe1-bd04-bb6581aa2eb6', protocol='range'}
2025-07-31 15:30:00,940 INFO  [org.apa.kaf.cli.con.int.ConsumerCoordinator] (Thread-168) [Consumer clientId=consumer-Consumer-topic-f5fdd43e_d828_4f8d_8e02_ce889b21953a-7, groupId=Consumer-topic-f5fdd43e_d828_4f8d_8e02_ce889b21953a] Notifying assignor about the new Assignment(partitions=[topic-f5fdd43e_d828_4f8d_8e02_ce889b21953a-0])
2025-07-31 15:30:00,940 INFO  [org.apa.kaf.cli.con.int.ConsumerRebalanceListenerInvoker] (Thread-168) [Consumer clientId=consumer-Consumer-topic-f5fdd43e_d828_4f8d_8e02_ce889b21953a-7, groupId=Consumer-topic-f5fdd43e_d828_4f8d_8e02_ce889b21953a] Adding newly assigned partitions: topic-f5fdd43e_d828_4f8d_8e02_ce889b21953a-0
2025-07-31 15:30:00,948 INFO  [org.apa.kaf.cli.con.int.ConsumerCoordinator] (Thread-168) [Consumer clientId=consumer-Consumer-topic-f5fdd43e_d828_4f8d_8e02_ce889b21953a-7, groupId=Consumer-topic-f5fdd43e_d828_4f8d_8e02_ce889b21953a] Found no committed offset for partition topic-f5fdd43e_d828_4f8d_8e02_ce889b21953a-0
2025-07-31 15:30:00,961 INFO  [org.apa.kaf.cli.con.int.SubscriptionState] (Thread-168) [Consumer clientId=consumer-Consumer-topic-f5fdd43e_d828_4f8d_8e02_ce889b21953a-7, groupId=Consumer-topic-f5fdd43e_d828_4f8d_8e02_ce889b21953a] Resetting offset for partition topic-f5fdd43e_d828_4f8d_8e02_ce889b21953a-0 to position FetchPosition{offset=0, offsetEpoch=Optional.empty, currentLeader=LeaderAndEpoch{leader=Optional[localhost:32770 (id: 0 rack: null)], epoch=0}}.
2025-07-31 15:30:01,004 INFO  [io.api.tes.ser.api.KafkaSerdesTester] (Thread-168) topic-f5fdd43e_d828_4f8d_8e02_ce889b21953a 0 0 {"key11753975799752": "value-0"}
2025-07-31 15:30:01,004 INFO  [io.api.tes.ser.api.KafkaSerdesTester] (Thread-168) topic-f5fdd43e_d828_4f8d_8e02_ce889b21953a 0 1 {"key11753975799752": "value-1"}
2025-07-31 15:30:01,004 INFO  [io.api.tes.ser.api.KafkaSerdesTester] (Thread-168) topic-f5fdd43e_d828_4f8d_8e02_ce889b21953a 0 2 {"key11753975799752": "value-2"}
2025-07-31 15:30:01,005 INFO  [io.api.tes.ser.api.KafkaSerdesTester] (Thread-168) topic-f5fdd43e_d828_4f8d_8e02_ce889b21953a 0 3 {"key11753975799752": "value-3"}
2025-07-31 15:30:01,005 INFO  [io.api.tes.ser.api.KafkaSerdesTester] (Thread-168) topic-f5fdd43e_d828_4f8d_8e02_ce889b21953a 0 4 {"key11753975799752": "value-4"}
2025-07-31 15:30:01,005 INFO  [io.api.tes.ser.api.KafkaSerdesTester] (Thread-168) topic-f5fdd43e_d828_4f8d_8e02_ce889b21953a 0 5 {"key11753975799752": "value-5"}
2025-07-31 15:30:01,005 INFO  [io.api.tes.ser.api.KafkaSerdesTester] (Thread-168) topic-f5fdd43e_d828_4f8d_8e02_ce889b21953a 0 6 {"key11753975799752": "value-6"}
2025-07-31 15:30:01,005 INFO  [io.api.tes.ser.api.KafkaSerdesTester] (Thread-168) topic-f5fdd43e_d828_4f8d_8e02_ce889b21953a 0 7 {"key11753975799752": "value-7"}
2025-07-31 15:30:01,005 INFO  [io.api.tes.ser.api.KafkaSerdesTester] (Thread-168) topic-f5fdd43e_d828_4f8d_8e02_ce889b21953a 0 8 {"key11753975799752": "value-8"}
2025-07-31 15:30:01,005 INFO  [io.api.tes.ser.api.KafkaSerdesTester] (Thread-168) topic-f5fdd43e_d828_4f8d_8e02_ce889b21953a 0 9 {"key11753975799752": "value-9"}
2025-07-31 15:30:01,005 INFO  [io.api.tes.ser.api.KafkaSerdesTester] (Thread-168) Consumed 10 messages
2025-07-31 15:30:01,009 INFO  [org.apa.kaf.cli.con.int.ConsumerRebalanceListenerInvoker] (Thread-168) [Consumer clientId=consumer-Consumer-topic-f5fdd43e_d828_4f8d_8e02_ce889b21953a-7, groupId=Consumer-topic-f5fdd43e_d828_4f8d_8e02_ce889b21953a] Revoke previously assigned partitions topic-f5fdd43e_d828_4f8d_8e02_ce889b21953a-0
2025-07-31 15:30:01,009 INFO  [org.apa.kaf.cli.con.int.ConsumerCoordinator] (Thread-168) [Consumer clientId=consumer-Consumer-topic-f5fdd43e_d828_4f8d_8e02_ce889b21953a-7, groupId=Consumer-topic-f5fdd43e_d828_4f8d_8e02_ce889b21953a] Member consumer-Consumer-topic-f5fdd43e_d828_4f8d_8e02_ce889b21953a-7-16fb832e-fb71-4fe1-bd04-bb6581aa2eb6 sending LeaveGroup request to coordinator localhost:32770 (id: 2147483647 rack: null) due to the consumer is being closed
2025-07-31 15:30:01,010 INFO  [org.apa.kaf.cli.con.int.ConsumerCoordinator] (Thread-168) [Consumer clientId=consumer-Consumer-topic-f5fdd43e_d828_4f8d_8e02_ce889b21953a-7, groupId=Consumer-topic-f5fdd43e_d828_4f8d_8e02_ce889b21953a] Resetting generation and member id due to: consumer pro-actively leaving the group
2025-07-31 15:30:01,010 INFO  [org.apa.kaf.cli.con.int.ConsumerCoordinator] (Thread-168) [Consumer clientId=consumer-Consumer-topic-f5fdd43e_d828_4f8d_8e02_ce889b21953a-7, groupId=Consumer-topic-f5fdd43e_d828_4f8d_8e02_ce889b21953a] Request joining group due to: consumer pro-actively leaving the group
2025-07-31 15:30:01,507 INFO  [org.apa.kaf.com.met.Metrics] (Thread-168) Metrics scheduler closed
2025-07-31 15:30:01,507 INFO  [org.apa.kaf.com.met.Metrics] (Thread-168) Closing reporter org.apache.kafka.common.metrics.JmxReporter
2025-07-31 15:30:01,507 INFO  [org.apa.kaf.com.met.Metrics] (Thread-168) Closing reporter org.apache.kafka.common.telemetry.internals.ClientTelemetryReporter
2025-07-31 15:30:01,507 INFO  [org.apa.kaf.com.met.Metrics] (Thread-168) Metrics reporters closed
2025-07-31 15:30:01,510 INFO  [org.apa.kaf.com.uti.AppInfoParser] (Thread-168) App info kafka.consumer for consumer-Consumer-topic-f5fdd43e_d828_4f8d_8e02_ce889b21953a-7 unregistered
2025-07-31 15:30:01,511 INFO  [io.api.tes.uti.TestSeparator] (main) io.apicurio.tests.serdes.apicurio.AvroSerdeIT.testTopicIdStrategyFindLatest-FINISHED
2025-07-31 15:30:01,511 INFO  [io.api.tes.uti.TestSeparator] (main) ############################################################################
]]></system-out>
  </testcase>
  <testcase name="testAvroUnionWithSpecificReader" classname="io.apicurio.tests.serdes.apicurio.AvroSerdeIT" time="0.248">
    <error message="java.lang.RuntimeException: io.apicurio.registry.rest.client.models.RuleViolationProblemDetails" type="java.util.concurrent.ExecutionException"><![CDATA[java.util.concurrent.ExecutionException: java.lang.RuntimeException: io.apicurio.registry.rest.client.models.RuleViolationProblemDetails
	at java.base/java.util.concurrent.CompletableFuture.reportGet(CompletableFuture.java:396)
	at java.base/java.util.concurrent.CompletableFuture.get(CompletableFuture.java:2096)
	at io.apicurio.tests.serdes.apicurio.KafkaSerdesTester.produceMessages(KafkaSerdesTester.java:160)
	at io.apicurio.tests.serdes.apicurio.KafkaSerdesTester.produceMessages(KafkaSerdesTester.java:123)
	at io.apicurio.tests.serdes.apicurio.SimpleSerdesTesterBuilder$SimpleSerdesTester.test(SimpleSerdesTesterBuilder.java:139)
	at io.apicurio.tests.serdes.apicurio.AvroSerdeIT.testAvroUnionWithSpecificReader(AvroSerdeIT.java:838)
	at java.base/java.lang.reflect.Method.invoke(Method.java:569)
	at java.base/java.util.ArrayList.forEach(ArrayList.java:1511)
	at java.base/java.util.ArrayList.forEach(ArrayList.java:1511)
Caused by: java.lang.RuntimeException: io.apicurio.registry.rest.client.models.RuleViolationProblemDetails
	at io.apicurio.registry.resolver.ERCache.retry(ERCache.java:249)
	at io.apicurio.registry.resolver.ERCache.getValue(ERCache.java:180)
	at io.apicurio.registry.resolver.ERCache.getByContent(ERCache.java:154)
	at io.apicurio.registry.resolver.DefaultSchemaResolver.handleAutoCreateArtifact(DefaultSchemaResolver.java:319)
	at io.apicurio.registry.resolver.DefaultSchemaResolver.getSchemaFromRegistry(DefaultSchemaResolver.java:124)
	at io.apicurio.registry.resolver.DefaultSchemaResolver.lambda$resolveSchema$0(DefaultSchemaResolver.java:86)
	at java.base/java.util.Optional.orElseGet(Optional.java:364)
	at io.apicurio.registry.resolver.DefaultSchemaResolver.resolveSchema(DefaultSchemaResolver.java:86)
	at io.apicurio.registry.serde.AbstractSerializer.serializeData(AbstractSerializer.java:62)
	at io.apicurio.registry.serde.KafkaSerializer.serialize(KafkaSerializer.java:77)
	at org.apache.kafka.clients.producer.KafkaProducer.doSend(KafkaProducer.java:1046)
	at org.apache.kafka.clients.producer.KafkaProducer.send(KafkaProducer.java:993)
	at org.apache.kafka.clients.producer.KafkaProducer.send(KafkaProducer.java:875)
	at io.apicurio.tests.serdes.apicurio.KafkaSerdesTester.lambda$produceMessages$3(KafkaSerdesTester.java:138)
	at java.base/java.util.concurrent.CompletableFuture$AsyncSupply.run(CompletableFuture.java:1768)
	at java.base/java.lang.Thread.run(Thread.java:840)
Caused by: io.apicurio.registry.rest.client.models.RuleViolationProblemDetails
	at io.apicurio.registry.rest.client.models.RuleViolationProblemDetails.createFromDiscriminatorValue(RuleViolationProblemDetails.java:62)
	at io.kiota.serialization.json.JsonParseNode.getObjectValue(JsonParseNode.java:247)
	at io.kiota.http.vertx.VertXRequestAdapter.lambda$throwIfFailedResponse$0(VertXRequestAdapter.java:400)
	at com.microsoft.kiota.ApiExceptionBuilder.<init>(ApiExceptionBuilder.java:26)
	at io.kiota.http.vertx.VertXRequestAdapter.throwIfFailedResponse(VertXRequestAdapter.java:399)
	at io.kiota.http.vertx.VertXRequestAdapter.send(VertXRequestAdapter.java:170)
	at io.apicurio.registry.rest.client.groups.item.artifacts.ArtifactsRequestBuilder.post(ArtifactsRequestBuilder.java:130)
	at io.apicurio.registry.resolver.DefaultSchemaResolver.lambda$handleAutoCreateArtifact$7(DefaultSchemaResolver.java:335)
	at io.apicurio.registry.resolver.ERCache.lambda$getValue$0(ERCache.java:181)
	at io.apicurio.registry.resolver.ERCache.retry(ERCache.java:234)
	... 15 more
]]></error>
    <system-out><![CDATA[2025-07-31 15:30:01,514 INFO  [io.api.tes.uti.TestSeparator] (main) ############################################################################
2025-07-31 15:30:01,514 INFO  [io.api.tes.uti.TestSeparator] (main) io.apicurio.tests.serdes.apicurio.AvroSerdeIT.testAvroUnionWithSpecificReader-STARTED
2025-07-31 15:30:01,522 INFO  [org.apa.kaf.cli.pro.ProducerConfig] (main) ProducerConfig values: 
	acks = -1
	auto.include.jmx.reporter = true
	batch.size = 16384
	bootstrap.servers = [PLAINTEXT://localhost:32770]
	buffer.memory = 33554432
	client.dns.lookup = use_all_dns_ips
	client.id = Producer-topic-3bbc70d3_4599_49a5_9707_56b2637f079f
	compression.gzip.level = -1
	compression.lz4.level = 9
	compression.type = none
	compression.zstd.level = 3
	connections.max.idle.ms = 10000
	delivery.timeout.ms = 120000
	enable.idempotence = true
	enable.metrics.push = true
	interceptor.classes = []
	key.serializer = class org.apache.kafka.common.serialization.StringSerializer
	linger.ms = 0
	max.block.ms = 60000
	max.in.flight.requests.per.connection = 5
	max.request.size = 1048576
	metadata.max.age.ms = 300000
	metadata.max.idle.ms = 300000
	metadata.recovery.strategy = none
	metric.reporters = []
	metrics.num.samples = 2
	metrics.recording.level = INFO
	metrics.sample.window.ms = 30000
	partitioner.adaptive.partitioning.enable = true
	partitioner.availability.timeout.ms = 0
	partitioner.class = null
	partitioner.ignore.keys = false
	receive.buffer.bytes = 32768
	reconnect.backoff.max.ms = 1000
	reconnect.backoff.ms = 50
	request.timeout.ms = 5000
	retries = 2147483647
	retry.backoff.max.ms = 1000
	retry.backoff.ms = 100
	sasl.client.callback.handler.class = null
	sasl.jaas.config = null
	sasl.kerberos.kinit.cmd = /usr/bin/kinit
	sasl.kerberos.min.time.before.relogin = 60000
	sasl.kerberos.service.name = null
	sasl.kerberos.ticket.renew.jitter = 0.05
	sasl.kerberos.ticket.renew.window.factor = 0.8
	sasl.login.callback.handler.class = null
	sasl.login.class = null
	sasl.login.connect.timeout.ms = null
	sasl.login.read.timeout.ms = null
	sasl.login.refresh.buffer.seconds = 300
	sasl.login.refresh.min.period.seconds = 60
	sasl.login.refresh.window.factor = 0.8
	sasl.login.refresh.window.jitter = 0.05
	sasl.login.retry.backoff.max.ms = 10000
	sasl.login.retry.backoff.ms = 100
	sasl.mechanism = GSSAPI
	sasl.oauthbearer.clock.skew.seconds = 30
	sasl.oauthbearer.expected.audience = null
	sasl.oauthbearer.expected.issuer = null
	sasl.oauthbearer.header.urlencode = false
	sasl.oauthbearer.jwks.endpoint.refresh.ms = 3600000
	sasl.oauthbearer.jwks.endpoint.retry.backoff.max.ms = 10000
	sasl.oauthbearer.jwks.endpoint.retry.backoff.ms = 100
	sasl.oauthbearer.jwks.endpoint.url = null
	sasl.oauthbearer.scope.claim.name = scope
	sasl.oauthbearer.sub.claim.name = sub
	sasl.oauthbearer.token.endpoint.url = null
	security.protocol = PLAINTEXT
	security.providers = null
	send.buffer.bytes = 131072
	socket.connection.setup.timeout.max.ms = 30000
	socket.connection.setup.timeout.ms = 10000
	ssl.cipher.suites = null
	ssl.enabled.protocols = [TLSv1.2, TLSv1.3]
	ssl.endpoint.identification.algorithm = https
	ssl.engine.factory.class = null
	ssl.key.password = null
	ssl.keymanager.algorithm = SunX509
	ssl.keystore.certificate.chain = null
	ssl.keystore.key = null
	ssl.keystore.location = null
	ssl.keystore.password = null
	ssl.keystore.type = JKS
	ssl.protocol = TLSv1.3
	ssl.provider = null
	ssl.secure.random.implementation = null
	ssl.trustmanager.algorithm = PKIX
	ssl.truststore.certificates = null
	ssl.truststore.location = null
	ssl.truststore.password = null
	ssl.truststore.type = JKS
	transaction.timeout.ms = 60000
	transactional.id = null
	value.serializer = class io.apicurio.registry.serde.avro.AvroKafkaSerializer

2025-07-31 15:30:01,522 INFO  [org.apa.kaf.com.tel.int.KafkaMetricsCollector] (main) initializing Kafka metrics collector
2025-07-31 15:30:01,534 INFO  [org.apa.kaf.cli.pro.KafkaProducer] (main) [Producer clientId=Producer-topic-3bbc70d3_4599_49a5_9707_56b2637f079f] Instantiated an idempotent producer.
2025-07-31 15:30:01,536 INFO  [org.apa.kaf.cli.pro.ProducerConfig] (main) These configurations '[apicurio.registry.url, apicurio.registry.auto-register, apicurio.registry.artifact-resolver-strategy]' were supplied but are not used yet.
2025-07-31 15:30:01,536 INFO  [org.apa.kaf.com.uti.AppInfoParser] (main) Kafka version: 3.9.0
2025-07-31 15:30:01,536 INFO  [org.apa.kaf.com.uti.AppInfoParser] (main) Kafka commitId: 84caaa6e9da06435
2025-07-31 15:30:01,536 INFO  [org.apa.kaf.com.uti.AppInfoParser] (main) Kafka startTimeMs: 1753975801536
2025-07-31 15:30:01,538 INFO  [io.api.tes.ser.api.SimpleSerdesTesterBuilder$SimpleSerdesTester] (main) Using producer configuration: {apicurio.registry.url=http://registry-app-inmemory.apps.ci419.apicurio-testing.org:80/apis/registry/v3, apicurio.registry.auto-register=true, apicurio.registry.artifact-resolver-strategy=io.apicurio.registry.serde.strategy.TopicIdStrategy, value.serializer=io.apicurio.registry.serde.avro.AvroKafkaSerializer, request.timeout.ms=5000, acks=all, bootstrap.servers=PLAINTEXT://localhost:32770, connections.max.idle.ms=10000, key.serializer=org.apache.kafka.common.serialization.StringSerializer, client.id=Producer-topic-3bbc70d3_4599_49a5_9707_56b2637f079f}
2025-07-31 15:30:01,538 INFO  [io.api.tes.ser.api.SimpleSerdesTesterBuilder$SimpleSerdesTester] (main) Using consumer configuration: {}
2025-07-31 15:30:01,539 INFO  [io.api.tes.ser.api.KafkaSerdesTester] (Thread-171) Sending message {"id": "record-0"} to topic topic-3bbc70d3_4599_49a5_9707_56b2637f079f
2025-07-31 15:30:01,551 WARN  [org.apa.kaf.cli.NetworkClient] (kafka-producer-network-thread | Producer-topic-3bbc70d3_4599_49a5_9707_56b2637f079f) [Producer clientId=Producer-topic-3bbc70d3_4599_49a5_9707_56b2637f079f] The metadata response from the cluster reported a recoverable issue with correlation id 2 : {topic-3bbc70d3_4599_49a5_9707_56b2637f079f=LEADER_NOT_AVAILABLE}
2025-07-31 15:30:01,552 INFO  [org.apa.kaf.cli.Metadata] (kafka-producer-network-thread | Producer-topic-3bbc70d3_4599_49a5_9707_56b2637f079f) [Producer clientId=Producer-topic-3bbc70d3_4599_49a5_9707_56b2637f079f] Cluster ID: PmaraPXQRTuATyXg1suJRg
2025-07-31 15:30:01,552 INFO  [org.apa.kaf.cli.pro.int.TransactionManager] (kafka-producer-network-thread | Producer-topic-3bbc70d3_4599_49a5_9707_56b2637f079f) [Producer clientId=Producer-topic-3bbc70d3_4599_49a5_9707_56b2637f079f] ProducerId set to 10 with epoch 0
2025-07-31 15:30:01,706 INFO  [io.api.tes.ser.api.KafkaSerdesTester] (Thread-171) Sending message {"value": 1} to topic topic-3bbc70d3_4599_49a5_9707_56b2637f079f
2025-07-31 15:30:01,745 INFO  [org.apa.kaf.cli.pro.KafkaProducer] (Thread-171) [Producer clientId=Producer-topic-3bbc70d3_4599_49a5_9707_56b2637f079f] Closing the Kafka producer with timeoutMillis = 9223372036854775807 ms.
2025-07-31 15:30:01,751 INFO  [org.apa.kaf.com.met.Metrics] (Thread-171) Metrics scheduler closed
2025-07-31 15:30:01,751 INFO  [org.apa.kaf.com.met.Metrics] (Thread-171) Closing reporter org.apache.kafka.common.metrics.JmxReporter
2025-07-31 15:30:01,751 INFO  [org.apa.kaf.com.met.Metrics] (Thread-171) Closing reporter org.apache.kafka.common.telemetry.internals.ClientTelemetryReporter
2025-07-31 15:30:01,751 INFO  [org.apa.kaf.com.met.Metrics] (Thread-171) Metrics reporters closed
2025-07-31 15:30:01,751 INFO  [org.apa.kaf.com.uti.AppInfoParser] (Thread-171) App info kafka.producer for Producer-topic-3bbc70d3_4599_49a5_9707_56b2637f079f unregistered
2025-07-31 15:30:01,757 INFO  [io.api.tes.uti.TestSeparator] (main) io.apicurio.tests.serdes.apicurio.AvroSerdeIT.testAvroUnionWithSpecificReader-FINISHED
2025-07-31 15:30:01,757 INFO  [io.api.tes.uti.TestSeparator] (main) ############################################################################
]]></system-out>
    <system-err><![CDATA[io.apicurio.registry.rest.client.models.RuleViolationProblemDetails
	at io.apicurio.registry.rest.client.models.RuleViolationProblemDetails.createFromDiscriminatorValue(RuleViolationProblemDetails.java:62)
	at io.kiota.serialization.json.JsonParseNode.getObjectValue(JsonParseNode.java:247)
	at io.kiota.http.vertx.VertXRequestAdapter.lambda$throwIfFailedResponse$0(VertXRequestAdapter.java:400)
	at com.microsoft.kiota.ApiExceptionBuilder.<init>(ApiExceptionBuilder.java:26)
	at io.kiota.http.vertx.VertXRequestAdapter.throwIfFailedResponse(VertXRequestAdapter.java:399)
	at io.kiota.http.vertx.VertXRequestAdapter.send(VertXRequestAdapter.java:170)
	at io.apicurio.registry.rest.client.groups.item.artifacts.ArtifactsRequestBuilder.post(ArtifactsRequestBuilder.java:130)
	at io.apicurio.registry.resolver.DefaultSchemaResolver.lambda$handleAutoCreateArtifact$7(DefaultSchemaResolver.java:335)
	at io.apicurio.registry.resolver.ERCache.lambda$getValue$0(ERCache.java:181)
	at io.apicurio.registry.resolver.ERCache.retry(ERCache.java:234)
	at io.apicurio.registry.resolver.ERCache.getValue(ERCache.java:180)
	at io.apicurio.registry.resolver.ERCache.getByContent(ERCache.java:154)
	at io.apicurio.registry.resolver.DefaultSchemaResolver.handleAutoCreateArtifact(DefaultSchemaResolver.java:319)
	at io.apicurio.registry.resolver.DefaultSchemaResolver.getSchemaFromRegistry(DefaultSchemaResolver.java:124)
	at io.apicurio.registry.resolver.DefaultSchemaResolver.lambda$resolveSchema$0(DefaultSchemaResolver.java:86)
	at java.base/java.util.Optional.orElseGet(Optional.java:364)
	at io.apicurio.registry.resolver.DefaultSchemaResolver.resolveSchema(DefaultSchemaResolver.java:86)
	at io.apicurio.registry.serde.AbstractSerializer.serializeData(AbstractSerializer.java:62)
	at io.apicurio.registry.serde.KafkaSerializer.serialize(KafkaSerializer.java:77)
	at org.apache.kafka.clients.producer.KafkaProducer.doSend(KafkaProducer.java:1046)
	at org.apache.kafka.clients.producer.KafkaProducer.send(KafkaProducer.java:993)
	at org.apache.kafka.clients.producer.KafkaProducer.send(KafkaProducer.java:875)
	at io.apicurio.tests.serdes.apicurio.KafkaSerdesTester.lambda$produceMessages$3(KafkaSerdesTester.java:138)
	at java.base/java.util.concurrent.CompletableFuture$AsyncSupply.run(CompletableFuture.java:1768)
	at java.base/java.lang.Thread.run(Thread.java:840)
]]></system-err>
  </testcase>
  <testcase name="testEvolveAvroApicurioReusingClient" classname="io.apicurio.tests.serdes.apicurio.AvroSerdeIT" time="1.216">
    <error type="io.apicurio.registry.rest.client.models.RuleViolationProblemDetails"><![CDATA[io.apicurio.registry.rest.client.models.RuleViolationProblemDetails
	at io.apicurio.registry.rest.client.models.RuleViolationProblemDetails.createFromDiscriminatorValue(RuleViolationProblemDetails.java:62)
	at io.kiota.serialization.json.JsonParseNode.getObjectValue(JsonParseNode.java:247)
	at io.kiota.http.vertx.VertXRequestAdapter.lambda$throwIfFailedResponse$0(VertXRequestAdapter.java:400)
	at com.microsoft.kiota.ApiExceptionBuilder.<init>(ApiExceptionBuilder.java:26)
	at io.kiota.http.vertx.VertXRequestAdapter.throwIfFailedResponse(VertXRequestAdapter.java:399)
	at io.kiota.http.vertx.VertXRequestAdapter.send(VertXRequestAdapter.java:170)
	at io.apicurio.registry.rest.client.groups.item.artifacts.item.versions.VersionsRequestBuilder.post(VersionsRequestBuilder.java:117)
	at io.apicurio.registry.rest.client.groups.item.artifacts.item.versions.VersionsRequestBuilder.post(VersionsRequestBuilder.java:94)
	at io.apicurio.tests.ApicurioRegistryBaseIT.createArtifactVersion(ApicurioRegistryBaseIT.java:153)
	at io.apicurio.tests.serdes.apicurio.AvroSerdeIT.evolveSchemaTest(AvroSerdeIT.java:337)
	at io.apicurio.tests.serdes.apicurio.AvroSerdeIT.testEvolveAvroApicurioReusingClient(AvroSerdeIT.java:281)
	at java.base/java.lang.reflect.Method.invoke(Method.java:569)
	at java.base/java.util.ArrayList.forEach(ArrayList.java:1511)
	at java.base/java.util.ArrayList.forEach(ArrayList.java:1511)
]]></error>
    <system-out><![CDATA[2025-07-31 15:30:01,764 INFO  [io.api.tes.uti.TestSeparator] (main) ############################################################################
2025-07-31 15:30:01,764 INFO  [io.api.tes.uti.TestSeparator] (main) io.apicurio.tests.serdes.apicurio.AvroSerdeIT.testEvolveAvroApicurioReusingClient-STARTED
2025-07-31 15:30:01,769 INFO  [io.api.tes.ser.api.AvroSerdeIT] (main) Registering Avro Schema: {"type":"record","name":"s766ed37dx55f0x45ebx950exf183fd4ed4c9","namespace":"ns_545de0ea_fff3_45b8_8a42_01b57ec0dbaf","fields":[{"name":"key11753975801769","type":"string"}]}
2025-07-31 15:30:02,810 INFO  [org.apa.kaf.cli.pro.ProducerConfig] (main) ProducerConfig values: 
	acks = -1
	auto.include.jmx.reporter = true
	batch.size = 16384
	bootstrap.servers = [PLAINTEXT://localhost:32770]
	buffer.memory = 33554432
	client.dns.lookup = use_all_dns_ips
	client.id = Producer-topic-b2e048d8_ff35_4571_9f9b_9f44b1fe1e05
	compression.gzip.level = -1
	compression.lz4.level = 9
	compression.type = none
	compression.zstd.level = 3
	connections.max.idle.ms = 10000
	delivery.timeout.ms = 120000
	enable.idempotence = true
	enable.metrics.push = true
	interceptor.classes = []
	key.serializer = class org.apache.kafka.common.serialization.StringSerializer
	linger.ms = 0
	max.block.ms = 60000
	max.in.flight.requests.per.connection = 5
	max.request.size = 1048576
	metadata.max.age.ms = 300000
	metadata.max.idle.ms = 300000
	metadata.recovery.strategy = none
	metric.reporters = []
	metrics.num.samples = 2
	metrics.recording.level = INFO
	metrics.sample.window.ms = 30000
	partitioner.adaptive.partitioning.enable = true
	partitioner.availability.timeout.ms = 0
	partitioner.class = null
	partitioner.ignore.keys = false
	receive.buffer.bytes = 32768
	reconnect.backoff.max.ms = 1000
	reconnect.backoff.ms = 50
	request.timeout.ms = 5000
	retries = 2147483647
	retry.backoff.max.ms = 1000
	retry.backoff.ms = 100
	sasl.client.callback.handler.class = null
	sasl.jaas.config = null
	sasl.kerberos.kinit.cmd = /usr/bin/kinit
	sasl.kerberos.min.time.before.relogin = 60000
	sasl.kerberos.service.name = null
	sasl.kerberos.ticket.renew.jitter = 0.05
	sasl.kerberos.ticket.renew.window.factor = 0.8
	sasl.login.callback.handler.class = null
	sasl.login.class = null
	sasl.login.connect.timeout.ms = null
	sasl.login.read.timeout.ms = null
	sasl.login.refresh.buffer.seconds = 300
	sasl.login.refresh.min.period.seconds = 60
	sasl.login.refresh.window.factor = 0.8
	sasl.login.refresh.window.jitter = 0.05
	sasl.login.retry.backoff.max.ms = 10000
	sasl.login.retry.backoff.ms = 100
	sasl.mechanism = GSSAPI
	sasl.oauthbearer.clock.skew.seconds = 30
	sasl.oauthbearer.expected.audience = null
	sasl.oauthbearer.expected.issuer = null
	sasl.oauthbearer.header.urlencode = false
	sasl.oauthbearer.jwks.endpoint.refresh.ms = 3600000
	sasl.oauthbearer.jwks.endpoint.retry.backoff.max.ms = 10000
	sasl.oauthbearer.jwks.endpoint.retry.backoff.ms = 100
	sasl.oauthbearer.jwks.endpoint.url = null
	sasl.oauthbearer.scope.claim.name = scope
	sasl.oauthbearer.sub.claim.name = sub
	sasl.oauthbearer.token.endpoint.url = null
	security.protocol = PLAINTEXT
	security.providers = null
	send.buffer.bytes = 131072
	socket.connection.setup.timeout.max.ms = 30000
	socket.connection.setup.timeout.ms = 10000
	ssl.cipher.suites = null
	ssl.enabled.protocols = [TLSv1.2, TLSv1.3]
	ssl.endpoint.identification.algorithm = https
	ssl.engine.factory.class = null
	ssl.key.password = null
	ssl.keymanager.algorithm = SunX509
	ssl.keystore.certificate.chain = null
	ssl.keystore.key = null
	ssl.keystore.location = null
	ssl.keystore.password = null
	ssl.keystore.type = JKS
	ssl.protocol = TLSv1.3
	ssl.provider = null
	ssl.secure.random.implementation = null
	ssl.trustmanager.algorithm = PKIX
	ssl.truststore.certificates = null
	ssl.truststore.location = null
	ssl.truststore.password = null
	ssl.truststore.type = JKS
	transaction.timeout.ms = 60000
	transactional.id = null
	value.serializer = class io.apicurio.registry.serde.avro.AvroKafkaSerializer

2025-07-31 15:30:02,810 INFO  [org.apa.kaf.com.tel.int.KafkaMetricsCollector] (main) initializing Kafka metrics collector
2025-07-31 15:30:02,813 INFO  [org.apa.kaf.cli.pro.KafkaProducer] (main) [Producer clientId=Producer-topic-b2e048d8_ff35_4571_9f9b_9f44b1fe1e05] Instantiated an idempotent producer.
2025-07-31 15:30:02,816 INFO  [org.apa.kaf.cli.pro.ProducerConfig] (main) These configurations '[apicurio.registry.url, apicurio.registry.artifact-resolver-strategy]' were supplied but are not used yet.
2025-07-31 15:30:02,816 INFO  [org.apa.kaf.com.uti.AppInfoParser] (main) Kafka version: 3.9.0
2025-07-31 15:30:02,816 INFO  [org.apa.kaf.com.uti.AppInfoParser] (main) Kafka commitId: 84caaa6e9da06435
2025-07-31 15:30:02,816 INFO  [org.apa.kaf.com.uti.AppInfoParser] (main) Kafka startTimeMs: 1753975802816
2025-07-31 15:30:02,817 INFO  [org.apa.kaf.cli.con.ConsumerConfig] (main) ConsumerConfig values: 
	allow.auto.create.topics = true
	auto.commit.interval.ms = 500
	auto.include.jmx.reporter = true
	auto.offset.reset = earliest
	bootstrap.servers = [PLAINTEXT://localhost:32770]
	check.crcs = true
	client.dns.lookup = use_all_dns_ips
	client.id = consumer-Consumer-topic-b2e048d8_ff35_4571_9f9b_9f44b1fe1e05-8
	client.rack = 
	connections.max.idle.ms = 10000
	default.api.timeout.ms = 60000
	enable.auto.commit = true
	enable.metrics.push = true
	exclude.internal.topics = true
	fetch.max.bytes = 52428800
	fetch.max.wait.ms = 500
	fetch.min.bytes = 1
	group.id = Consumer-topic-b2e048d8_ff35_4571_9f9b_9f44b1fe1e05
	group.instance.id = null
	group.protocol = classic
	group.remote.assignor = null
	heartbeat.interval.ms = 3000
	interceptor.classes = []
	internal.leave.group.on.close = true
	internal.throw.on.fetch.stable.offset.unsupported = false
	isolation.level = read_uncommitted
	key.deserializer = class org.apache.kafka.common.serialization.StringDeserializer
	max.partition.fetch.bytes = 1048576
	max.poll.interval.ms = 300000
	max.poll.records = 500
	metadata.max.age.ms = 300000
	metadata.recovery.strategy = none
	metric.reporters = []
	metrics.num.samples = 2
	metrics.recording.level = INFO
	metrics.sample.window.ms = 30000
	partition.assignment.strategy = [class org.apache.kafka.clients.consumer.RangeAssignor, class org.apache.kafka.clients.consumer.CooperativeStickyAssignor]
	receive.buffer.bytes = 65536
	reconnect.backoff.max.ms = 1000
	reconnect.backoff.ms = 50
	request.timeout.ms = 5000
	retry.backoff.max.ms = 1000
	retry.backoff.ms = 100
	sasl.client.callback.handler.class = null
	sasl.jaas.config = null
	sasl.kerberos.kinit.cmd = /usr/bin/kinit
	sasl.kerberos.min.time.before.relogin = 60000
	sasl.kerberos.service.name = null
	sasl.kerberos.ticket.renew.jitter = 0.05
	sasl.kerberos.ticket.renew.window.factor = 0.8
	sasl.login.callback.handler.class = null
	sasl.login.class = null
	sasl.login.connect.timeout.ms = null
	sasl.login.read.timeout.ms = null
	sasl.login.refresh.buffer.seconds = 300
	sasl.login.refresh.min.period.seconds = 60
	sasl.login.refresh.window.factor = 0.8
	sasl.login.refresh.window.jitter = 0.05
	sasl.login.retry.backoff.max.ms = 10000
	sasl.login.retry.backoff.ms = 100
	sasl.mechanism = GSSAPI
	sasl.oauthbearer.clock.skew.seconds = 30
	sasl.oauthbearer.expected.audience = null
	sasl.oauthbearer.expected.issuer = null
	sasl.oauthbearer.header.urlencode = false
	sasl.oauthbearer.jwks.endpoint.refresh.ms = 3600000
	sasl.oauthbearer.jwks.endpoint.retry.backoff.max.ms = 10000
	sasl.oauthbearer.jwks.endpoint.retry.backoff.ms = 100
	sasl.oauthbearer.jwks.endpoint.url = null
	sasl.oauthbearer.scope.claim.name = scope
	sasl.oauthbearer.sub.claim.name = sub
	sasl.oauthbearer.token.endpoint.url = null
	security.protocol = PLAINTEXT
	security.providers = null
	send.buffer.bytes = 131072
	session.timeout.ms = 45000
	socket.connection.setup.timeout.max.ms = 30000
	socket.connection.setup.timeout.ms = 10000
	ssl.cipher.suites = null
	ssl.enabled.protocols = [TLSv1.2, TLSv1.3]
	ssl.endpoint.identification.algorithm = https
	ssl.engine.factory.class = null
	ssl.key.password = null
	ssl.keymanager.algorithm = SunX509
	ssl.keystore.certificate.chain = null
	ssl.keystore.key = null
	ssl.keystore.location = null
	ssl.keystore.password = null
	ssl.keystore.type = JKS
	ssl.protocol = TLSv1.3
	ssl.provider = null
	ssl.secure.random.implementation = null
	ssl.trustmanager.algorithm = PKIX
	ssl.truststore.certificates = null
	ssl.truststore.location = null
	ssl.truststore.password = null
	ssl.truststore.type = JKS
	value.deserializer = class io.apicurio.registry.serde.avro.AvroKafkaDeserializer

2025-07-31 15:30:02,817 INFO  [org.apa.kaf.com.tel.int.KafkaMetricsCollector] (main) initializing Kafka metrics collector
2025-07-31 15:30:02,826 INFO  [org.apa.kaf.cli.Metadata] (kafka-producer-network-thread | Producer-topic-b2e048d8_ff35_4571_9f9b_9f44b1fe1e05) [Producer clientId=Producer-topic-b2e048d8_ff35_4571_9f9b_9f44b1fe1e05] Cluster ID: PmaraPXQRTuATyXg1suJRg
2025-07-31 15:30:02,829 INFO  [org.apa.kaf.cli.con.ConsumerConfig] (main) These configurations '[apicurio.registry.url]' were supplied but are not used yet.
2025-07-31 15:30:02,829 INFO  [org.apa.kaf.com.uti.AppInfoParser] (main) Kafka version: 3.9.0
2025-07-31 15:30:02,829 INFO  [org.apa.kaf.com.uti.AppInfoParser] (main) Kafka commitId: 84caaa6e9da06435
2025-07-31 15:30:02,829 INFO  [org.apa.kaf.com.uti.AppInfoParser] (main) Kafka startTimeMs: 1753975802829
2025-07-31 15:30:02,829 INFO  [org.apa.kaf.cli.pro.int.TransactionManager] (kafka-producer-network-thread | Producer-topic-b2e048d8_ff35_4571_9f9b_9f44b1fe1e05) [Producer clientId=Producer-topic-b2e048d8_ff35_4571_9f9b_9f44b1fe1e05] ProducerId set to 11 with epoch 0
2025-07-31 15:30:02,832 INFO  [io.api.tes.ser.api.KafkaSerdesTester] (Thread-176) Sending message {"key11753975801769": "value-0"} to topic topic-b2e048d8_ff35_4571_9f9b_9f44b1fe1e05
2025-07-31 15:30:02,840 INFO  [DefaultSchemaResolver] (Thread-176) Retrieving schema content using string: {"type":"record","name":"s766ed37dx55f0x45ebx950exf183fd4ed4c9","namespace":"ns_545de0ea_fff3_45b8_8a42_01b57ec0dbaf","fields":[{"name":"key11753975801769","type":"string"}]}
2025-07-31 15:30:02,862 INFO  [io.api.tes.ser.api.KafkaSerdesTester] (Thread-176) Sending message {"key11753975801769": "value-1"} to topic topic-b2e048d8_ff35_4571_9f9b_9f44b1fe1e05
2025-07-31 15:30:02,864 INFO  [io.api.tes.ser.api.KafkaSerdesTester] (Thread-176) Sending message {"key11753975801769": "value-2"} to topic topic-b2e048d8_ff35_4571_9f9b_9f44b1fe1e05
2025-07-31 15:30:02,867 INFO  [io.api.tes.ser.api.KafkaSerdesTester] (Thread-176) Sending message {"key11753975801769": "value-3"} to topic topic-b2e048d8_ff35_4571_9f9b_9f44b1fe1e05
2025-07-31 15:30:02,872 INFO  [io.api.tes.ser.api.KafkaSerdesTester] (Thread-176) Sending message {"key11753975801769": "value-4"} to topic topic-b2e048d8_ff35_4571_9f9b_9f44b1fe1e05
2025-07-31 15:30:02,874 INFO  [io.api.tes.ser.api.KafkaSerdesTester] (Thread-176) Sending message {"key11753975801769": "value-5"} to topic topic-b2e048d8_ff35_4571_9f9b_9f44b1fe1e05
2025-07-31 15:30:02,878 INFO  [io.api.tes.ser.api.KafkaSerdesTester] (Thread-176) Sending message {"key11753975801769": "value-6"} to topic topic-b2e048d8_ff35_4571_9f9b_9f44b1fe1e05
2025-07-31 15:30:02,881 INFO  [io.api.tes.ser.api.KafkaSerdesTester] (Thread-176) Sending message {"key11753975801769": "value-7"} to topic topic-b2e048d8_ff35_4571_9f9b_9f44b1fe1e05
2025-07-31 15:30:02,883 INFO  [io.api.tes.ser.api.KafkaSerdesTester] (Thread-176) Sending message {"key11753975801769": "value-8"} to topic topic-b2e048d8_ff35_4571_9f9b_9f44b1fe1e05
2025-07-31 15:30:02,885 INFO  [io.api.tes.ser.api.KafkaSerdesTester] (Thread-176) Sending message {"key11753975801769": "value-9"} to topic topic-b2e048d8_ff35_4571_9f9b_9f44b1fe1e05
2025-07-31 15:30:02,887 INFO  [io.api.tes.ser.api.KafkaSerdesTester] (Thread-176) Produced 10 messages
2025-07-31 15:30:02,887 INFO  [org.apa.kaf.cli.con.int.ClassicKafkaConsumer] (Thread-177) [Consumer clientId=consumer-Consumer-topic-b2e048d8_ff35_4571_9f9b_9f44b1fe1e05-8, groupId=Consumer-topic-b2e048d8_ff35_4571_9f9b_9f44b1fe1e05] Subscribed to topic(s): topic-b2e048d8_ff35_4571_9f9b_9f44b1fe1e05
2025-07-31 15:30:02,894 INFO  [org.apa.kaf.cli.Metadata] (Thread-177) [Consumer clientId=consumer-Consumer-topic-b2e048d8_ff35_4571_9f9b_9f44b1fe1e05-8, groupId=Consumer-topic-b2e048d8_ff35_4571_9f9b_9f44b1fe1e05] Cluster ID: PmaraPXQRTuATyXg1suJRg
2025-07-31 15:30:02,894 INFO  [org.apa.kaf.cli.con.int.ConsumerCoordinator] (Thread-177) [Consumer clientId=consumer-Consumer-topic-b2e048d8_ff35_4571_9f9b_9f44b1fe1e05-8, groupId=Consumer-topic-b2e048d8_ff35_4571_9f9b_9f44b1fe1e05] Discovered group coordinator localhost:32770 (id: 2147483647 rack: null)
2025-07-31 15:30:02,896 INFO  [org.apa.kaf.cli.con.int.ConsumerCoordinator] (Thread-177) [Consumer clientId=consumer-Consumer-topic-b2e048d8_ff35_4571_9f9b_9f44b1fe1e05-8, groupId=Consumer-topic-b2e048d8_ff35_4571_9f9b_9f44b1fe1e05] (Re-)joining group
2025-07-31 15:30:02,899 INFO  [org.apa.kaf.cli.con.int.ConsumerCoordinator] (Thread-177) [Consumer clientId=consumer-Consumer-topic-b2e048d8_ff35_4571_9f9b_9f44b1fe1e05-8, groupId=Consumer-topic-b2e048d8_ff35_4571_9f9b_9f44b1fe1e05] Request joining group due to: need to re-join with the given member-id: consumer-Consumer-topic-b2e048d8_ff35_4571_9f9b_9f44b1fe1e05-8-9ff4868f-1b96-4c8e-8907-8eb6d1399dae
2025-07-31 15:30:02,899 INFO  [org.apa.kaf.cli.con.int.ConsumerCoordinator] (Thread-177) [Consumer clientId=consumer-Consumer-topic-b2e048d8_ff35_4571_9f9b_9f44b1fe1e05-8, groupId=Consumer-topic-b2e048d8_ff35_4571_9f9b_9f44b1fe1e05] (Re-)joining group
2025-07-31 15:30:02,902 INFO  [org.apa.kaf.cli.con.int.ConsumerCoordinator] (Thread-177) [Consumer clientId=consumer-Consumer-topic-b2e048d8_ff35_4571_9f9b_9f44b1fe1e05-8, groupId=Consumer-topic-b2e048d8_ff35_4571_9f9b_9f44b1fe1e05] Successfully joined group with generation Generation{generationId=1, memberId='consumer-Consumer-topic-b2e048d8_ff35_4571_9f9b_9f44b1fe1e05-8-9ff4868f-1b96-4c8e-8907-8eb6d1399dae', protocol='range'}
2025-07-31 15:30:02,903 INFO  [org.apa.kaf.cli.con.int.ConsumerCoordinator] (Thread-177) [Consumer clientId=consumer-Consumer-topic-b2e048d8_ff35_4571_9f9b_9f44b1fe1e05-8, groupId=Consumer-topic-b2e048d8_ff35_4571_9f9b_9f44b1fe1e05] Finished assignment for group at generation 1: {consumer-Consumer-topic-b2e048d8_ff35_4571_9f9b_9f44b1fe1e05-8-9ff4868f-1b96-4c8e-8907-8eb6d1399dae=Assignment(partitions=[topic-b2e048d8_ff35_4571_9f9b_9f44b1fe1e05-0])}
2025-07-31 15:30:02,908 INFO  [org.apa.kaf.cli.con.int.ConsumerCoordinator] (Thread-177) [Consumer clientId=consumer-Consumer-topic-b2e048d8_ff35_4571_9f9b_9f44b1fe1e05-8, groupId=Consumer-topic-b2e048d8_ff35_4571_9f9b_9f44b1fe1e05] Successfully synced group in generation Generation{generationId=1, memberId='consumer-Consumer-topic-b2e048d8_ff35_4571_9f9b_9f44b1fe1e05-8-9ff4868f-1b96-4c8e-8907-8eb6d1399dae', protocol='range'}
2025-07-31 15:30:02,908 INFO  [org.apa.kaf.cli.con.int.ConsumerCoordinator] (Thread-177) [Consumer clientId=consumer-Consumer-topic-b2e048d8_ff35_4571_9f9b_9f44b1fe1e05-8, groupId=Consumer-topic-b2e048d8_ff35_4571_9f9b_9f44b1fe1e05] Notifying assignor about the new Assignment(partitions=[topic-b2e048d8_ff35_4571_9f9b_9f44b1fe1e05-0])
2025-07-31 15:30:02,908 INFO  [org.apa.kaf.cli.con.int.ConsumerRebalanceListenerInvoker] (Thread-177) [Consumer clientId=consumer-Consumer-topic-b2e048d8_ff35_4571_9f9b_9f44b1fe1e05-8, groupId=Consumer-topic-b2e048d8_ff35_4571_9f9b_9f44b1fe1e05] Adding newly assigned partitions: topic-b2e048d8_ff35_4571_9f9b_9f44b1fe1e05-0
2025-07-31 15:30:02,909 INFO  [org.apa.kaf.cli.con.int.ConsumerCoordinator] (Thread-177) [Consumer clientId=consumer-Consumer-topic-b2e048d8_ff35_4571_9f9b_9f44b1fe1e05-8, groupId=Consumer-topic-b2e048d8_ff35_4571_9f9b_9f44b1fe1e05] Found no committed offset for partition topic-b2e048d8_ff35_4571_9f9b_9f44b1fe1e05-0
2025-07-31 15:30:02,918 INFO  [org.apa.kaf.cli.con.int.SubscriptionState] (Thread-177) [Consumer clientId=consumer-Consumer-topic-b2e048d8_ff35_4571_9f9b_9f44b1fe1e05-8, groupId=Consumer-topic-b2e048d8_ff35_4571_9f9b_9f44b1fe1e05] Resetting offset for partition topic-b2e048d8_ff35_4571_9f9b_9f44b1fe1e05-0 to position FetchPosition{offset=0, offsetEpoch=Optional.empty, currentLeader=LeaderAndEpoch{leader=Optional[localhost:32770 (id: 0 rack: null)], epoch=0}}.
2025-07-31 15:30:02,954 INFO  [io.api.tes.ser.api.KafkaSerdesTester] (Thread-177) topic-b2e048d8_ff35_4571_9f9b_9f44b1fe1e05 0 0 {"key11753975801769": "value-0"}
2025-07-31 15:30:02,955 INFO  [io.api.tes.ser.api.KafkaSerdesTester] (Thread-177) topic-b2e048d8_ff35_4571_9f9b_9f44b1fe1e05 0 1 {"key11753975801769": "value-1"}
2025-07-31 15:30:02,955 INFO  [io.api.tes.ser.api.KafkaSerdesTester] (Thread-177) topic-b2e048d8_ff35_4571_9f9b_9f44b1fe1e05 0 2 {"key11753975801769": "value-2"}
2025-07-31 15:30:02,955 INFO  [io.api.tes.ser.api.KafkaSerdesTester] (Thread-177) topic-b2e048d8_ff35_4571_9f9b_9f44b1fe1e05 0 3 {"key11753975801769": "value-3"}
2025-07-31 15:30:02,955 INFO  [io.api.tes.ser.api.KafkaSerdesTester] (Thread-177) topic-b2e048d8_ff35_4571_9f9b_9f44b1fe1e05 0 4 {"key11753975801769": "value-4"}
2025-07-31 15:30:02,955 INFO  [io.api.tes.ser.api.KafkaSerdesTester] (Thread-177) topic-b2e048d8_ff35_4571_9f9b_9f44b1fe1e05 0 5 {"key11753975801769": "value-5"}
2025-07-31 15:30:02,955 INFO  [io.api.tes.ser.api.KafkaSerdesTester] (Thread-177) topic-b2e048d8_ff35_4571_9f9b_9f44b1fe1e05 0 6 {"key11753975801769": "value-6"}
2025-07-31 15:30:02,955 INFO  [io.api.tes.ser.api.KafkaSerdesTester] (Thread-177) topic-b2e048d8_ff35_4571_9f9b_9f44b1fe1e05 0 7 {"key11753975801769": "value-7"}
2025-07-31 15:30:02,955 INFO  [io.api.tes.ser.api.KafkaSerdesTester] (Thread-177) topic-b2e048d8_ff35_4571_9f9b_9f44b1fe1e05 0 8 {"key11753975801769": "value-8"}
2025-07-31 15:30:02,955 INFO  [io.api.tes.ser.api.KafkaSerdesTester] (Thread-177) topic-b2e048d8_ff35_4571_9f9b_9f44b1fe1e05 0 9 {"key11753975801769": "value-9"}
2025-07-31 15:30:02,955 INFO  [io.api.tes.ser.api.KafkaSerdesTester] (Thread-177) Consumed 10 messages
2025-07-31 15:30:02,956 INFO  [io.api.tes.ser.api.AvroSerdeIT] (main) Registering Avro Schema 2: {"type":"record","name":"s766ed37dx55f0x45ebx950exf183fd4ed4c9","namespace":"ns_545de0ea_fff3_45b8_8a42_01b57ec0dbaf","fields":[{"name":"key11753975801769","type":"string"},{"name":"key21753975802955","type":"string"}]}
2025-07-31 15:30:02,978 INFO  [io.api.tes.uti.TestSeparator] (main) io.apicurio.tests.serdes.apicurio.AvroSerdeIT.testEvolveAvroApicurioReusingClient-FINISHED
2025-07-31 15:30:02,978 INFO  [io.api.tes.uti.TestSeparator] (main) ############################################################################
]]></system-out>
  </testcase>
  <testcase name="testProducerUsesDefaultConsumerUsesGlobalId" classname="io.apicurio.tests.serdes.apicurio.AvroSerdeIT" time="0.0">
    <skipped message="void io.apicurio.tests.serdes.apicurio.AvroSerdeIT.testProducerUsesDefaultConsumerUsesGlobalId() throws java.lang.Exception is @Disabled"/>
  </testcase>
  <testcase name="testEvolveAvroApicurio" classname="io.apicurio.tests.serdes.apicurio.AvroSerdeIT" time="1.708">
    <error type="io.apicurio.registry.rest.client.models.RuleViolationProblemDetails"><![CDATA[io.apicurio.registry.rest.client.models.RuleViolationProblemDetails
	at io.apicurio.registry.rest.client.models.RuleViolationProblemDetails.createFromDiscriminatorValue(RuleViolationProblemDetails.java:62)
	at io.kiota.serialization.json.JsonParseNode.getObjectValue(JsonParseNode.java:247)
	at io.kiota.http.vertx.VertXRequestAdapter.lambda$throwIfFailedResponse$0(VertXRequestAdapter.java:400)
	at com.microsoft.kiota.ApiExceptionBuilder.<init>(ApiExceptionBuilder.java:26)
	at io.kiota.http.vertx.VertXRequestAdapter.throwIfFailedResponse(VertXRequestAdapter.java:399)
	at io.kiota.http.vertx.VertXRequestAdapter.send(VertXRequestAdapter.java:170)
	at io.apicurio.registry.rest.client.groups.item.artifacts.item.versions.VersionsRequestBuilder.post(VersionsRequestBuilder.java:117)
	at io.apicurio.registry.rest.client.groups.item.artifacts.item.versions.VersionsRequestBuilder.post(VersionsRequestBuilder.java:94)
	at io.apicurio.tests.ApicurioRegistryBaseIT.createArtifactVersion(ApicurioRegistryBaseIT.java:153)
	at io.apicurio.tests.serdes.apicurio.AvroSerdeIT.evolveSchemaTest(AvroSerdeIT.java:337)
	at io.apicurio.tests.serdes.apicurio.AvroSerdeIT.testEvolveAvroApicurio(AvroSerdeIT.java:275)
	at java.base/java.lang.reflect.Method.invoke(Method.java:569)
	at java.base/java.util.ArrayList.forEach(ArrayList.java:1511)
	at java.base/java.util.ArrayList.forEach(ArrayList.java:1511)
]]></error>
    <system-out><![CDATA[2025-07-31 15:30:03,006 INFO  [io.api.tes.uti.TestSeparator] (main) ############################################################################
2025-07-31 15:30:03,006 INFO  [io.api.tes.uti.TestSeparator] (main) io.apicurio.tests.serdes.apicurio.AvroSerdeIT.testEvolveAvroApicurio-STARTED
2025-07-31 15:30:03,011 INFO  [io.api.tes.ser.api.AvroSerdeIT] (main) Registering Avro Schema: {"type":"record","name":"sf0207122x710ex4c65x9859x5496da2ed0fc","namespace":"ns_e271cfc6_d881_4e09_9a6c_b04d80b5514e","fields":[{"name":"key11753975803010","type":"string"}]}
2025-07-31 15:30:04,042 INFO  [org.apa.kaf.cli.pro.ProducerConfig] (main) ProducerConfig values: 
	acks = -1
	auto.include.jmx.reporter = true
	batch.size = 16384
	bootstrap.servers = [PLAINTEXT://localhost:32770]
	buffer.memory = 33554432
	client.dns.lookup = use_all_dns_ips
	client.id = Producer-topic-c8b42266_f0bd_488e_8746_b7ec3085cbf0
	compression.gzip.level = -1
	compression.lz4.level = 9
	compression.type = none
	compression.zstd.level = 3
	connections.max.idle.ms = 10000
	delivery.timeout.ms = 120000
	enable.idempotence = true
	enable.metrics.push = true
	interceptor.classes = []
	key.serializer = class org.apache.kafka.common.serialization.StringSerializer
	linger.ms = 0
	max.block.ms = 60000
	max.in.flight.requests.per.connection = 5
	max.request.size = 1048576
	metadata.max.age.ms = 300000
	metadata.max.idle.ms = 300000
	metadata.recovery.strategy = none
	metric.reporters = []
	metrics.num.samples = 2
	metrics.recording.level = INFO
	metrics.sample.window.ms = 30000
	partitioner.adaptive.partitioning.enable = true
	partitioner.availability.timeout.ms = 0
	partitioner.class = null
	partitioner.ignore.keys = false
	receive.buffer.bytes = 32768
	reconnect.backoff.max.ms = 1000
	reconnect.backoff.ms = 50
	request.timeout.ms = 5000
	retries = 2147483647
	retry.backoff.max.ms = 1000
	retry.backoff.ms = 100
	sasl.client.callback.handler.class = null
	sasl.jaas.config = null
	sasl.kerberos.kinit.cmd = /usr/bin/kinit
	sasl.kerberos.min.time.before.relogin = 60000
	sasl.kerberos.service.name = null
	sasl.kerberos.ticket.renew.jitter = 0.05
	sasl.kerberos.ticket.renew.window.factor = 0.8
	sasl.login.callback.handler.class = null
	sasl.login.class = null
	sasl.login.connect.timeout.ms = null
	sasl.login.read.timeout.ms = null
	sasl.login.refresh.buffer.seconds = 300
	sasl.login.refresh.min.period.seconds = 60
	sasl.login.refresh.window.factor = 0.8
	sasl.login.refresh.window.jitter = 0.05
	sasl.login.retry.backoff.max.ms = 10000
	sasl.login.retry.backoff.ms = 100
	sasl.mechanism = GSSAPI
	sasl.oauthbearer.clock.skew.seconds = 30
	sasl.oauthbearer.expected.audience = null
	sasl.oauthbearer.expected.issuer = null
	sasl.oauthbearer.header.urlencode = false
	sasl.oauthbearer.jwks.endpoint.refresh.ms = 3600000
	sasl.oauthbearer.jwks.endpoint.retry.backoff.max.ms = 10000
	sasl.oauthbearer.jwks.endpoint.retry.backoff.ms = 100
	sasl.oauthbearer.jwks.endpoint.url = null
	sasl.oauthbearer.scope.claim.name = scope
	sasl.oauthbearer.sub.claim.name = sub
	sasl.oauthbearer.token.endpoint.url = null
	security.protocol = PLAINTEXT
	security.providers = null
	send.buffer.bytes = 131072
	socket.connection.setup.timeout.max.ms = 30000
	socket.connection.setup.timeout.ms = 10000
	ssl.cipher.suites = null
	ssl.enabled.protocols = [TLSv1.2, TLSv1.3]
	ssl.endpoint.identification.algorithm = https
	ssl.engine.factory.class = null
	ssl.key.password = null
	ssl.keymanager.algorithm = SunX509
	ssl.keystore.certificate.chain = null
	ssl.keystore.key = null
	ssl.keystore.location = null
	ssl.keystore.password = null
	ssl.keystore.type = JKS
	ssl.protocol = TLSv1.3
	ssl.provider = null
	ssl.secure.random.implementation = null
	ssl.trustmanager.algorithm = PKIX
	ssl.truststore.certificates = null
	ssl.truststore.location = null
	ssl.truststore.password = null
	ssl.truststore.type = JKS
	transaction.timeout.ms = 60000
	transactional.id = null
	value.serializer = class io.apicurio.registry.serde.avro.AvroKafkaSerializer

2025-07-31 15:30:04,042 INFO  [org.apa.kaf.com.tel.int.KafkaMetricsCollector] (main) initializing Kafka metrics collector
2025-07-31 15:30:04,049 INFO  [org.apa.kaf.cli.pro.KafkaProducer] (main) [Producer clientId=Producer-topic-c8b42266_f0bd_488e_8746_b7ec3085cbf0] Instantiated an idempotent producer.
2025-07-31 15:30:04,051 INFO  [org.apa.kaf.cli.pro.ProducerConfig] (main) These configurations '[apicurio.registry.url, apicurio.registry.artifact-resolver-strategy]' were supplied but are not used yet.
2025-07-31 15:30:04,051 INFO  [org.apa.kaf.com.uti.AppInfoParser] (main) Kafka version: 3.9.0
2025-07-31 15:30:04,051 INFO  [org.apa.kaf.com.uti.AppInfoParser] (main) Kafka commitId: 84caaa6e9da06435
2025-07-31 15:30:04,051 INFO  [org.apa.kaf.com.uti.AppInfoParser] (main) Kafka startTimeMs: 1753975804051
2025-07-31 15:30:04,051 INFO  [org.apa.kaf.cli.con.ConsumerConfig] (main) ConsumerConfig values: 
	allow.auto.create.topics = true
	auto.commit.interval.ms = 500
	auto.include.jmx.reporter = true
	auto.offset.reset = earliest
	bootstrap.servers = [PLAINTEXT://localhost:32770]
	check.crcs = true
	client.dns.lookup = use_all_dns_ips
	client.id = consumer-Consumer-topic-c8b42266_f0bd_488e_8746_b7ec3085cbf0-9
	client.rack = 
	connections.max.idle.ms = 10000
	default.api.timeout.ms = 60000
	enable.auto.commit = true
	enable.metrics.push = true
	exclude.internal.topics = true
	fetch.max.bytes = 52428800
	fetch.max.wait.ms = 500
	fetch.min.bytes = 1
	group.id = Consumer-topic-c8b42266_f0bd_488e_8746_b7ec3085cbf0
	group.instance.id = null
	group.protocol = classic
	group.remote.assignor = null
	heartbeat.interval.ms = 3000
	interceptor.classes = []
	internal.leave.group.on.close = true
	internal.throw.on.fetch.stable.offset.unsupported = false
	isolation.level = read_uncommitted
	key.deserializer = class org.apache.kafka.common.serialization.StringDeserializer
	max.partition.fetch.bytes = 1048576
	max.poll.interval.ms = 300000
	max.poll.records = 500
	metadata.max.age.ms = 300000
	metadata.recovery.strategy = none
	metric.reporters = []
	metrics.num.samples = 2
	metrics.recording.level = INFO
	metrics.sample.window.ms = 30000
	partition.assignment.strategy = [class org.apache.kafka.clients.consumer.RangeAssignor, class org.apache.kafka.clients.consumer.CooperativeStickyAssignor]
	receive.buffer.bytes = 65536
	reconnect.backoff.max.ms = 1000
	reconnect.backoff.ms = 50
	request.timeout.ms = 5000
	retry.backoff.max.ms = 1000
	retry.backoff.ms = 100
	sasl.client.callback.handler.class = null
	sasl.jaas.config = null
	sasl.kerberos.kinit.cmd = /usr/bin/kinit
	sasl.kerberos.min.time.before.relogin = 60000
	sasl.kerberos.service.name = null
	sasl.kerberos.ticket.renew.jitter = 0.05
	sasl.kerberos.ticket.renew.window.factor = 0.8
	sasl.login.callback.handler.class = null
	sasl.login.class = null
	sasl.login.connect.timeout.ms = null
	sasl.login.read.timeout.ms = null
	sasl.login.refresh.buffer.seconds = 300
	sasl.login.refresh.min.period.seconds = 60
	sasl.login.refresh.window.factor = 0.8
	sasl.login.refresh.window.jitter = 0.05
	sasl.login.retry.backoff.max.ms = 10000
	sasl.login.retry.backoff.ms = 100
	sasl.mechanism = GSSAPI
	sasl.oauthbearer.clock.skew.seconds = 30
	sasl.oauthbearer.expected.audience = null
	sasl.oauthbearer.expected.issuer = null
	sasl.oauthbearer.header.urlencode = false
	sasl.oauthbearer.jwks.endpoint.refresh.ms = 3600000
	sasl.oauthbearer.jwks.endpoint.retry.backoff.max.ms = 10000
	sasl.oauthbearer.jwks.endpoint.retry.backoff.ms = 100
	sasl.oauthbearer.jwks.endpoint.url = null
	sasl.oauthbearer.scope.claim.name = scope
	sasl.oauthbearer.sub.claim.name = sub
	sasl.oauthbearer.token.endpoint.url = null
	security.protocol = PLAINTEXT
	security.providers = null
	send.buffer.bytes = 131072
	session.timeout.ms = 45000
	socket.connection.setup.timeout.max.ms = 30000
	socket.connection.setup.timeout.ms = 10000
	ssl.cipher.suites = null
	ssl.enabled.protocols = [TLSv1.2, TLSv1.3]
	ssl.endpoint.identification.algorithm = https
	ssl.engine.factory.class = null
	ssl.key.password = null
	ssl.keymanager.algorithm = SunX509
	ssl.keystore.certificate.chain = null
	ssl.keystore.key = null
	ssl.keystore.location = null
	ssl.keystore.password = null
	ssl.keystore.type = JKS
	ssl.protocol = TLSv1.3
	ssl.provider = null
	ssl.secure.random.implementation = null
	ssl.trustmanager.algorithm = PKIX
	ssl.truststore.certificates = null
	ssl.truststore.location = null
	ssl.truststore.password = null
	ssl.truststore.type = JKS
	value.deserializer = class io.apicurio.registry.serde.avro.AvroKafkaDeserializer

2025-07-31 15:30:04,052 INFO  [org.apa.kaf.com.tel.int.KafkaMetricsCollector] (main) initializing Kafka metrics collector
2025-07-31 15:30:04,059 INFO  [org.apa.kaf.cli.Metadata] (kafka-producer-network-thread | Producer-topic-c8b42266_f0bd_488e_8746_b7ec3085cbf0) [Producer clientId=Producer-topic-c8b42266_f0bd_488e_8746_b7ec3085cbf0] Cluster ID: PmaraPXQRTuATyXg1suJRg
2025-07-31 15:30:04,059 INFO  [org.apa.kaf.cli.pro.int.TransactionManager] (kafka-producer-network-thread | Producer-topic-c8b42266_f0bd_488e_8746_b7ec3085cbf0) [Producer clientId=Producer-topic-c8b42266_f0bd_488e_8746_b7ec3085cbf0] ProducerId set to 12 with epoch 0
2025-07-31 15:30:04,061 INFO  [org.apa.kaf.cli.con.ConsumerConfig] (main) These configurations '[apicurio.registry.url]' were supplied but are not used yet.
2025-07-31 15:30:04,061 INFO  [org.apa.kaf.com.uti.AppInfoParser] (main) Kafka version: 3.9.0
2025-07-31 15:30:04,061 INFO  [org.apa.kaf.com.uti.AppInfoParser] (main) Kafka commitId: 84caaa6e9da06435
2025-07-31 15:30:04,061 INFO  [org.apa.kaf.com.uti.AppInfoParser] (main) Kafka startTimeMs: 1753975804061
2025-07-31 15:30:04,062 INFO  [io.api.tes.ser.api.KafkaSerdesTester] (Thread-182) Sending message {"key11753975803010": "value-0"} to topic topic-c8b42266_f0bd_488e_8746_b7ec3085cbf0
2025-07-31 15:30:04,071 INFO  [DefaultSchemaResolver] (Thread-182) Retrieving schema content using string: {"type":"record","name":"sf0207122x710ex4c65x9859x5496da2ed0fc","namespace":"ns_e271cfc6_d881_4e09_9a6c_b04d80b5514e","fields":[{"name":"key11753975803010","type":"string"}]}
2025-07-31 15:30:04,102 INFO  [io.api.tes.ser.api.KafkaSerdesTester] (Thread-182) Sending message {"key11753975803010": "value-1"} to topic topic-c8b42266_f0bd_488e_8746_b7ec3085cbf0
2025-07-31 15:30:04,108 INFO  [io.api.tes.ser.api.KafkaSerdesTester] (Thread-182) Sending message {"key11753975803010": "value-2"} to topic topic-c8b42266_f0bd_488e_8746_b7ec3085cbf0
2025-07-31 15:30:04,113 INFO  [io.api.tes.ser.api.KafkaSerdesTester] (Thread-182) Sending message {"key11753975803010": "value-3"} to topic topic-c8b42266_f0bd_488e_8746_b7ec3085cbf0
2025-07-31 15:30:04,116 INFO  [io.api.tes.ser.api.KafkaSerdesTester] (Thread-182) Sending message {"key11753975803010": "value-4"} to topic topic-c8b42266_f0bd_488e_8746_b7ec3085cbf0
2025-07-31 15:30:04,119 INFO  [io.api.tes.ser.api.KafkaSerdesTester] (Thread-182) Sending message {"key11753975803010": "value-5"} to topic topic-c8b42266_f0bd_488e_8746_b7ec3085cbf0
2025-07-31 15:30:04,122 INFO  [io.api.tes.ser.api.KafkaSerdesTester] (Thread-182) Sending message {"key11753975803010": "value-6"} to topic topic-c8b42266_f0bd_488e_8746_b7ec3085cbf0
2025-07-31 15:30:04,126 INFO  [io.api.tes.ser.api.KafkaSerdesTester] (Thread-182) Sending message {"key11753975803010": "value-7"} to topic topic-c8b42266_f0bd_488e_8746_b7ec3085cbf0
2025-07-31 15:30:04,129 INFO  [io.api.tes.ser.api.KafkaSerdesTester] (Thread-182) Sending message {"key11753975803010": "value-8"} to topic topic-c8b42266_f0bd_488e_8746_b7ec3085cbf0
2025-07-31 15:30:04,130 INFO  [io.api.tes.ser.api.KafkaSerdesTester] (Thread-182) Sending message {"key11753975803010": "value-9"} to topic topic-c8b42266_f0bd_488e_8746_b7ec3085cbf0
2025-07-31 15:30:04,132 INFO  [io.api.tes.ser.api.KafkaSerdesTester] (Thread-182) Produced 10 messages
2025-07-31 15:30:04,132 INFO  [org.apa.kaf.cli.pro.KafkaProducer] (Thread-182) [Producer clientId=Producer-topic-c8b42266_f0bd_488e_8746_b7ec3085cbf0] Closing the Kafka producer with timeoutMillis = 9223372036854775807 ms.
2025-07-31 15:30:04,134 INFO  [org.apa.kaf.com.met.Metrics] (Thread-182) Metrics scheduler closed
2025-07-31 15:30:04,134 INFO  [org.apa.kaf.com.met.Metrics] (Thread-182) Closing reporter org.apache.kafka.common.metrics.JmxReporter
2025-07-31 15:30:04,134 INFO  [org.apa.kaf.com.met.Metrics] (Thread-182) Closing reporter org.apache.kafka.common.telemetry.internals.ClientTelemetryReporter
2025-07-31 15:30:04,135 INFO  [org.apa.kaf.com.met.Metrics] (Thread-182) Metrics reporters closed
2025-07-31 15:30:04,135 INFO  [org.apa.kaf.com.uti.AppInfoParser] (Thread-182) App info kafka.producer for Producer-topic-c8b42266_f0bd_488e_8746_b7ec3085cbf0 unregistered
2025-07-31 15:30:04,135 INFO  [org.apa.kaf.cli.con.int.ClassicKafkaConsumer] (Thread-183) [Consumer clientId=consumer-Consumer-topic-c8b42266_f0bd_488e_8746_b7ec3085cbf0-9, groupId=Consumer-topic-c8b42266_f0bd_488e_8746_b7ec3085cbf0] Subscribed to topic(s): topic-c8b42266_f0bd_488e_8746_b7ec3085cbf0
2025-07-31 15:30:04,142 INFO  [org.apa.kaf.cli.Metadata] (Thread-183) [Consumer clientId=consumer-Consumer-topic-c8b42266_f0bd_488e_8746_b7ec3085cbf0-9, groupId=Consumer-topic-c8b42266_f0bd_488e_8746_b7ec3085cbf0] Cluster ID: PmaraPXQRTuATyXg1suJRg
2025-07-31 15:30:04,143 INFO  [org.apa.kaf.cli.con.int.ConsumerCoordinator] (Thread-183) [Consumer clientId=consumer-Consumer-topic-c8b42266_f0bd_488e_8746_b7ec3085cbf0-9, groupId=Consumer-topic-c8b42266_f0bd_488e_8746_b7ec3085cbf0] Discovered group coordinator localhost:32770 (id: 2147483647 rack: null)
2025-07-31 15:30:04,144 INFO  [org.apa.kaf.cli.con.int.ConsumerCoordinator] (Thread-183) [Consumer clientId=consumer-Consumer-topic-c8b42266_f0bd_488e_8746_b7ec3085cbf0-9, groupId=Consumer-topic-c8b42266_f0bd_488e_8746_b7ec3085cbf0] (Re-)joining group
2025-07-31 15:30:04,148 INFO  [org.apa.kaf.cli.con.int.ConsumerCoordinator] (Thread-183) [Consumer clientId=consumer-Consumer-topic-c8b42266_f0bd_488e_8746_b7ec3085cbf0-9, groupId=Consumer-topic-c8b42266_f0bd_488e_8746_b7ec3085cbf0] Request joining group due to: need to re-join with the given member-id: consumer-Consumer-topic-c8b42266_f0bd_488e_8746_b7ec3085cbf0-9-7c8ee0a9-b4e4-4ab9-b4c9-d0d64c319b90
2025-07-31 15:30:04,148 INFO  [org.apa.kaf.cli.con.int.ConsumerCoordinator] (Thread-183) [Consumer clientId=consumer-Consumer-topic-c8b42266_f0bd_488e_8746_b7ec3085cbf0-9, groupId=Consumer-topic-c8b42266_f0bd_488e_8746_b7ec3085cbf0] (Re-)joining group
2025-07-31 15:30:04,151 INFO  [org.apa.kaf.cli.con.int.ConsumerCoordinator] (Thread-183) [Consumer clientId=consumer-Consumer-topic-c8b42266_f0bd_488e_8746_b7ec3085cbf0-9, groupId=Consumer-topic-c8b42266_f0bd_488e_8746_b7ec3085cbf0] Successfully joined group with generation Generation{generationId=1, memberId='consumer-Consumer-topic-c8b42266_f0bd_488e_8746_b7ec3085cbf0-9-7c8ee0a9-b4e4-4ab9-b4c9-d0d64c319b90', protocol='range'}
2025-07-31 15:30:04,151 INFO  [org.apa.kaf.cli.con.int.ConsumerCoordinator] (Thread-183) [Consumer clientId=consumer-Consumer-topic-c8b42266_f0bd_488e_8746_b7ec3085cbf0-9, groupId=Consumer-topic-c8b42266_f0bd_488e_8746_b7ec3085cbf0] Finished assignment for group at generation 1: {consumer-Consumer-topic-c8b42266_f0bd_488e_8746_b7ec3085cbf0-9-7c8ee0a9-b4e4-4ab9-b4c9-d0d64c319b90=Assignment(partitions=[topic-c8b42266_f0bd_488e_8746_b7ec3085cbf0-0])}
2025-07-31 15:30:04,154 INFO  [org.apa.kaf.cli.con.int.ConsumerCoordinator] (Thread-183) [Consumer clientId=consumer-Consumer-topic-c8b42266_f0bd_488e_8746_b7ec3085cbf0-9, groupId=Consumer-topic-c8b42266_f0bd_488e_8746_b7ec3085cbf0] Successfully synced group in generation Generation{generationId=1, memberId='consumer-Consumer-topic-c8b42266_f0bd_488e_8746_b7ec3085cbf0-9-7c8ee0a9-b4e4-4ab9-b4c9-d0d64c319b90', protocol='range'}
2025-07-31 15:30:04,154 INFO  [org.apa.kaf.cli.con.int.ConsumerCoordinator] (Thread-183) [Consumer clientId=consumer-Consumer-topic-c8b42266_f0bd_488e_8746_b7ec3085cbf0-9, groupId=Consumer-topic-c8b42266_f0bd_488e_8746_b7ec3085cbf0] Notifying assignor about the new Assignment(partitions=[topic-c8b42266_f0bd_488e_8746_b7ec3085cbf0-0])
2025-07-31 15:30:04,154 INFO  [org.apa.kaf.cli.con.int.ConsumerRebalanceListenerInvoker] (Thread-183) [Consumer clientId=consumer-Consumer-topic-c8b42266_f0bd_488e_8746_b7ec3085cbf0-9, groupId=Consumer-topic-c8b42266_f0bd_488e_8746_b7ec3085cbf0] Adding newly assigned partitions: topic-c8b42266_f0bd_488e_8746_b7ec3085cbf0-0
2025-07-31 15:30:04,155 INFO  [org.apa.kaf.cli.con.int.ConsumerCoordinator] (Thread-183) [Consumer clientId=consumer-Consumer-topic-c8b42266_f0bd_488e_8746_b7ec3085cbf0-9, groupId=Consumer-topic-c8b42266_f0bd_488e_8746_b7ec3085cbf0] Found no committed offset for partition topic-c8b42266_f0bd_488e_8746_b7ec3085cbf0-0
2025-07-31 15:30:04,161 INFO  [org.apa.kaf.cli.con.int.SubscriptionState] (Thread-183) [Consumer clientId=consumer-Consumer-topic-c8b42266_f0bd_488e_8746_b7ec3085cbf0-9, groupId=Consumer-topic-c8b42266_f0bd_488e_8746_b7ec3085cbf0] Resetting offset for partition topic-c8b42266_f0bd_488e_8746_b7ec3085cbf0-0 to position FetchPosition{offset=0, offsetEpoch=Optional.empty, currentLeader=LeaderAndEpoch{leader=Optional[localhost:32770 (id: 0 rack: null)], epoch=0}}.
2025-07-31 15:30:04,188 INFO  [io.api.tes.ser.api.KafkaSerdesTester] (Thread-183) topic-c8b42266_f0bd_488e_8746_b7ec3085cbf0 0 0 {"key11753975803010": "value-0"}
2025-07-31 15:30:04,188 INFO  [io.api.tes.ser.api.KafkaSerdesTester] (Thread-183) topic-c8b42266_f0bd_488e_8746_b7ec3085cbf0 0 1 {"key11753975803010": "value-1"}
2025-07-31 15:30:04,188 INFO  [io.api.tes.ser.api.KafkaSerdesTester] (Thread-183) topic-c8b42266_f0bd_488e_8746_b7ec3085cbf0 0 2 {"key11753975803010": "value-2"}
2025-07-31 15:30:04,188 INFO  [io.api.tes.ser.api.KafkaSerdesTester] (Thread-183) topic-c8b42266_f0bd_488e_8746_b7ec3085cbf0 0 3 {"key11753975803010": "value-3"}
2025-07-31 15:30:04,188 INFO  [io.api.tes.ser.api.KafkaSerdesTester] (Thread-183) topic-c8b42266_f0bd_488e_8746_b7ec3085cbf0 0 4 {"key11753975803010": "value-4"}
2025-07-31 15:30:04,188 INFO  [io.api.tes.ser.api.KafkaSerdesTester] (Thread-183) topic-c8b42266_f0bd_488e_8746_b7ec3085cbf0 0 5 {"key11753975803010": "value-5"}
2025-07-31 15:30:04,188 INFO  [io.api.tes.ser.api.KafkaSerdesTester] (Thread-183) topic-c8b42266_f0bd_488e_8746_b7ec3085cbf0 0 6 {"key11753975803010": "value-6"}
2025-07-31 15:30:04,189 INFO  [io.api.tes.ser.api.KafkaSerdesTester] (Thread-183) topic-c8b42266_f0bd_488e_8746_b7ec3085cbf0 0 7 {"key11753975803010": "value-7"}
2025-07-31 15:30:04,189 INFO  [io.api.tes.ser.api.KafkaSerdesTester] (Thread-183) topic-c8b42266_f0bd_488e_8746_b7ec3085cbf0 0 8 {"key11753975803010": "value-8"}
2025-07-31 15:30:04,189 INFO  [io.api.tes.ser.api.KafkaSerdesTester] (Thread-183) topic-c8b42266_f0bd_488e_8746_b7ec3085cbf0 0 9 {"key11753975803010": "value-9"}
2025-07-31 15:30:04,189 INFO  [io.api.tes.ser.api.KafkaSerdesTester] (Thread-183) Consumed 10 messages
2025-07-31 15:30:04,193 INFO  [org.apa.kaf.cli.con.int.ConsumerRebalanceListenerInvoker] (Thread-183) [Consumer clientId=consumer-Consumer-topic-c8b42266_f0bd_488e_8746_b7ec3085cbf0-9, groupId=Consumer-topic-c8b42266_f0bd_488e_8746_b7ec3085cbf0] Revoke previously assigned partitions topic-c8b42266_f0bd_488e_8746_b7ec3085cbf0-0
2025-07-31 15:30:04,193 INFO  [org.apa.kaf.cli.con.int.ConsumerCoordinator] (Thread-183) [Consumer clientId=consumer-Consumer-topic-c8b42266_f0bd_488e_8746_b7ec3085cbf0-9, groupId=Consumer-topic-c8b42266_f0bd_488e_8746_b7ec3085cbf0] Member consumer-Consumer-topic-c8b42266_f0bd_488e_8746_b7ec3085cbf0-9-7c8ee0a9-b4e4-4ab9-b4c9-d0d64c319b90 sending LeaveGroup request to coordinator localhost:32770 (id: 2147483647 rack: null) due to the consumer is being closed
2025-07-31 15:30:04,193 INFO  [org.apa.kaf.cli.con.int.ConsumerCoordinator] (Thread-183) [Consumer clientId=consumer-Consumer-topic-c8b42266_f0bd_488e_8746_b7ec3085cbf0-9, groupId=Consumer-topic-c8b42266_f0bd_488e_8746_b7ec3085cbf0] Resetting generation and member id due to: consumer pro-actively leaving the group
2025-07-31 15:30:04,193 INFO  [org.apa.kaf.cli.con.int.ConsumerCoordinator] (Thread-183) [Consumer clientId=consumer-Consumer-topic-c8b42266_f0bd_488e_8746_b7ec3085cbf0-9, groupId=Consumer-topic-c8b42266_f0bd_488e_8746_b7ec3085cbf0] Request joining group due to: consumer pro-actively leaving the group
2025-07-31 15:30:04,693 INFO  [org.apa.kaf.com.met.Metrics] (Thread-183) Metrics scheduler closed
2025-07-31 15:30:04,693 INFO  [org.apa.kaf.com.met.Metrics] (Thread-183) Closing reporter org.apache.kafka.common.metrics.JmxReporter
2025-07-31 15:30:04,693 INFO  [org.apa.kaf.com.met.Metrics] (Thread-183) Closing reporter org.apache.kafka.common.telemetry.internals.ClientTelemetryReporter
2025-07-31 15:30:04,693 INFO  [org.apa.kaf.com.met.Metrics] (Thread-183) Metrics reporters closed
2025-07-31 15:30:04,696 INFO  [org.apa.kaf.com.uti.AppInfoParser] (Thread-183) App info kafka.consumer for consumer-Consumer-topic-c8b42266_f0bd_488e_8746_b7ec3085cbf0-9 unregistered
2025-07-31 15:30:04,696 INFO  [io.api.tes.ser.api.AvroSerdeIT] (main) Registering Avro Schema 2: {"type":"record","name":"sf0207122x710ex4c65x9859x5496da2ed0fc","namespace":"ns_e271cfc6_d881_4e09_9a6c_b04d80b5514e","fields":[{"name":"key11753975803010","type":"string"},{"name":"key21753975804696","type":"string"}]}
2025-07-31 15:30:04,713 INFO  [io.api.tes.uti.TestSeparator] (main) io.apicurio.tests.serdes.apicurio.AvroSerdeIT.testEvolveAvroApicurio-FINISHED
2025-07-31 15:30:04,713 INFO  [io.api.tes.uti.TestSeparator] (main) ############################################################################
]]></system-out>
  </testcase>
  <testcase name="testTopicRecordIdStrategydFindLatest" classname="io.apicurio.tests.serdes.apicurio.AvroSerdeIT" time="1.742">
    <system-out><![CDATA[2025-07-31 15:30:04,716 INFO  [io.api.tes.uti.TestSeparator] (main) ############################################################################
2025-07-31 15:30:04,716 INFO  [io.api.tes.uti.TestSeparator] (main) io.apicurio.tests.serdes.apicurio.AvroSerdeIT.testTopicRecordIdStrategydFindLatest-STARTED
2025-07-31 15:30:04,718 INFO  [io.api.tes.ser.api.AvroSerdeIT] (main) Registering Avro Schema: {"type":"record","name":"s53adbce4xab0cx4501xbd69x260901a6fd53","namespace":"s4032f151xf1fdx48b8xbe56x57a77e2f5d14","fields":[{"name":"key11753975804716","type":"string"}]}
2025-07-31 15:30:05,751 INFO  [org.apa.kaf.cli.pro.ProducerConfig] (main) ProducerConfig values: 
	acks = -1
	auto.include.jmx.reporter = true
	batch.size = 16384
	bootstrap.servers = [PLAINTEXT://localhost:32770]
	buffer.memory = 33554432
	client.dns.lookup = use_all_dns_ips
	client.id = Producer-topic-9623221c_289f_4bb8_a81c_22a530f8ca28
	compression.gzip.level = -1
	compression.lz4.level = 9
	compression.type = none
	compression.zstd.level = 3
	connections.max.idle.ms = 10000
	delivery.timeout.ms = 120000
	enable.idempotence = true
	enable.metrics.push = true
	interceptor.classes = []
	key.serializer = class org.apache.kafka.common.serialization.StringSerializer
	linger.ms = 0
	max.block.ms = 60000
	max.in.flight.requests.per.connection = 5
	max.request.size = 1048576
	metadata.max.age.ms = 300000
	metadata.max.idle.ms = 300000
	metadata.recovery.strategy = none
	metric.reporters = []
	metrics.num.samples = 2
	metrics.recording.level = INFO
	metrics.sample.window.ms = 30000
	partitioner.adaptive.partitioning.enable = true
	partitioner.availability.timeout.ms = 0
	partitioner.class = null
	partitioner.ignore.keys = false
	receive.buffer.bytes = 32768
	reconnect.backoff.max.ms = 1000
	reconnect.backoff.ms = 50
	request.timeout.ms = 5000
	retries = 2147483647
	retry.backoff.max.ms = 1000
	retry.backoff.ms = 100
	sasl.client.callback.handler.class = null
	sasl.jaas.config = null
	sasl.kerberos.kinit.cmd = /usr/bin/kinit
	sasl.kerberos.min.time.before.relogin = 60000
	sasl.kerberos.service.name = null
	sasl.kerberos.ticket.renew.jitter = 0.05
	sasl.kerberos.ticket.renew.window.factor = 0.8
	sasl.login.callback.handler.class = null
	sasl.login.class = null
	sasl.login.connect.timeout.ms = null
	sasl.login.read.timeout.ms = null
	sasl.login.refresh.buffer.seconds = 300
	sasl.login.refresh.min.period.seconds = 60
	sasl.login.refresh.window.factor = 0.8
	sasl.login.refresh.window.jitter = 0.05
	sasl.login.retry.backoff.max.ms = 10000
	sasl.login.retry.backoff.ms = 100
	sasl.mechanism = GSSAPI
	sasl.oauthbearer.clock.skew.seconds = 30
	sasl.oauthbearer.expected.audience = null
	sasl.oauthbearer.expected.issuer = null
	sasl.oauthbearer.header.urlencode = false
	sasl.oauthbearer.jwks.endpoint.refresh.ms = 3600000
	sasl.oauthbearer.jwks.endpoint.retry.backoff.max.ms = 10000
	sasl.oauthbearer.jwks.endpoint.retry.backoff.ms = 100
	sasl.oauthbearer.jwks.endpoint.url = null
	sasl.oauthbearer.scope.claim.name = scope
	sasl.oauthbearer.sub.claim.name = sub
	sasl.oauthbearer.token.endpoint.url = null
	security.protocol = PLAINTEXT
	security.providers = null
	send.buffer.bytes = 131072
	socket.connection.setup.timeout.max.ms = 30000
	socket.connection.setup.timeout.ms = 10000
	ssl.cipher.suites = null
	ssl.enabled.protocols = [TLSv1.2, TLSv1.3]
	ssl.endpoint.identification.algorithm = https
	ssl.engine.factory.class = null
	ssl.key.password = null
	ssl.keymanager.algorithm = SunX509
	ssl.keystore.certificate.chain = null
	ssl.keystore.key = null
	ssl.keystore.location = null
	ssl.keystore.password = null
	ssl.keystore.type = JKS
	ssl.protocol = TLSv1.3
	ssl.provider = null
	ssl.secure.random.implementation = null
	ssl.trustmanager.algorithm = PKIX
	ssl.truststore.certificates = null
	ssl.truststore.location = null
	ssl.truststore.password = null
	ssl.truststore.type = JKS
	transaction.timeout.ms = 60000
	transactional.id = null
	value.serializer = class io.apicurio.registry.serde.avro.AvroKafkaSerializer

2025-07-31 15:30:05,751 INFO  [org.apa.kaf.com.tel.int.KafkaMetricsCollector] (main) initializing Kafka metrics collector
2025-07-31 15:30:05,754 INFO  [org.apa.kaf.cli.pro.KafkaProducer] (main) [Producer clientId=Producer-topic-9623221c_289f_4bb8_a81c_22a530f8ca28] Instantiated an idempotent producer.
2025-07-31 15:30:05,755 INFO  [org.apa.kaf.cli.pro.ProducerConfig] (main) These configurations '[apicurio.registry.find-latest, apicurio.registry.url, apicurio.registry.artifact-resolver-strategy]' were supplied but are not used yet.
2025-07-31 15:30:05,756 INFO  [org.apa.kaf.com.uti.AppInfoParser] (main) Kafka version: 3.9.0
2025-07-31 15:30:05,756 INFO  [org.apa.kaf.com.uti.AppInfoParser] (main) Kafka commitId: 84caaa6e9da06435
2025-07-31 15:30:05,756 INFO  [org.apa.kaf.com.uti.AppInfoParser] (main) Kafka startTimeMs: 1753975805755
2025-07-31 15:30:05,756 INFO  [io.api.tes.ser.api.SimpleSerdesTesterBuilder$SimpleSerdesTester] (main) Using producer configuration: {apicurio.registry.find-latest=true, apicurio.registry.url=http://registry-app-inmemory.apps.ci419.apicurio-testing.org:80/apis/registry/v3, apicurio.registry.artifact-resolver-strategy=io.apicurio.registry.serde.avro.strategy.TopicRecordIdStrategy, value.serializer=io.apicurio.registry.serde.avro.AvroKafkaSerializer, request.timeout.ms=5000, acks=all, bootstrap.servers=PLAINTEXT://localhost:32770, connections.max.idle.ms=10000, key.serializer=org.apache.kafka.common.serialization.StringSerializer, client.id=Producer-topic-9623221c_289f_4bb8_a81c_22a530f8ca28}
2025-07-31 15:30:05,756 INFO  [io.api.tes.ser.api.SimpleSerdesTesterBuilder$SimpleSerdesTester] (main) Using consumer configuration: {}
2025-07-31 15:30:05,757 INFO  [io.api.tes.ser.api.KafkaSerdesTester] (Thread-186) Sending message {"key11753975804716": "value-0"} to topic topic-9623221c_289f_4bb8_a81c_22a530f8ca28
2025-07-31 15:30:05,762 INFO  [org.apa.kaf.cli.Metadata] (kafka-producer-network-thread | Producer-topic-9623221c_289f_4bb8_a81c_22a530f8ca28) [Producer clientId=Producer-topic-9623221c_289f_4bb8_a81c_22a530f8ca28] Cluster ID: PmaraPXQRTuATyXg1suJRg
2025-07-31 15:30:05,762 INFO  [org.apa.kaf.cli.pro.int.TransactionManager] (kafka-producer-network-thread | Producer-topic-9623221c_289f_4bb8_a81c_22a530f8ca28) [Producer clientId=Producer-topic-9623221c_289f_4bb8_a81c_22a530f8ca28] ProducerId set to 13 with epoch 0
2025-07-31 15:30:05,810 INFO  [io.api.tes.ser.api.KafkaSerdesTester] (Thread-186) Sending message {"key11753975804716": "value-1"} to topic topic-9623221c_289f_4bb8_a81c_22a530f8ca28
2025-07-31 15:30:05,815 INFO  [io.api.tes.ser.api.KafkaSerdesTester] (Thread-186) Sending message {"key11753975804716": "value-2"} to topic topic-9623221c_289f_4bb8_a81c_22a530f8ca28
2025-07-31 15:30:05,817 INFO  [io.api.tes.ser.api.KafkaSerdesTester] (Thread-186) Sending message {"key11753975804716": "value-3"} to topic topic-9623221c_289f_4bb8_a81c_22a530f8ca28
2025-07-31 15:30:05,819 INFO  [io.api.tes.ser.api.KafkaSerdesTester] (Thread-186) Sending message {"key11753975804716": "value-4"} to topic topic-9623221c_289f_4bb8_a81c_22a530f8ca28
2025-07-31 15:30:05,822 INFO  [io.api.tes.ser.api.KafkaSerdesTester] (Thread-186) Sending message {"key11753975804716": "value-5"} to topic topic-9623221c_289f_4bb8_a81c_22a530f8ca28
2025-07-31 15:30:05,824 INFO  [io.api.tes.ser.api.KafkaSerdesTester] (Thread-186) Sending message {"key11753975804716": "value-6"} to topic topic-9623221c_289f_4bb8_a81c_22a530f8ca28
2025-07-31 15:30:05,825 INFO  [io.api.tes.ser.api.KafkaSerdesTester] (Thread-186) Sending message {"key11753975804716": "value-7"} to topic topic-9623221c_289f_4bb8_a81c_22a530f8ca28
2025-07-31 15:30:05,827 INFO  [io.api.tes.ser.api.KafkaSerdesTester] (Thread-186) Sending message {"key11753975804716": "value-8"} to topic topic-9623221c_289f_4bb8_a81c_22a530f8ca28
2025-07-31 15:30:05,829 INFO  [io.api.tes.ser.api.KafkaSerdesTester] (Thread-186) Sending message {"key11753975804716": "value-9"} to topic topic-9623221c_289f_4bb8_a81c_22a530f8ca28
2025-07-31 15:30:05,832 INFO  [io.api.tes.ser.api.KafkaSerdesTester] (Thread-186) Produced 10 messages
2025-07-31 15:30:05,832 INFO  [org.apa.kaf.cli.pro.KafkaProducer] (Thread-186) [Producer clientId=Producer-topic-9623221c_289f_4bb8_a81c_22a530f8ca28] Closing the Kafka producer with timeoutMillis = 9223372036854775807 ms.
2025-07-31 15:30:05,836 INFO  [org.apa.kaf.com.met.Metrics] (Thread-186) Metrics scheduler closed
2025-07-31 15:30:05,836 INFO  [org.apa.kaf.com.met.Metrics] (Thread-186) Closing reporter org.apache.kafka.common.metrics.JmxReporter
2025-07-31 15:30:05,836 INFO  [org.apa.kaf.com.met.Metrics] (Thread-186) Closing reporter org.apache.kafka.common.telemetry.internals.ClientTelemetryReporter
2025-07-31 15:30:05,836 INFO  [org.apa.kaf.com.met.Metrics] (Thread-186) Metrics reporters closed
2025-07-31 15:30:05,836 INFO  [org.apa.kaf.com.uti.AppInfoParser] (Thread-186) App info kafka.producer for Producer-topic-9623221c_289f_4bb8_a81c_22a530f8ca28 unregistered
2025-07-31 15:30:05,837 INFO  [org.apa.kaf.cli.con.ConsumerConfig] (main) ConsumerConfig values: 
	allow.auto.create.topics = true
	auto.commit.interval.ms = 500
	auto.include.jmx.reporter = true
	auto.offset.reset = earliest
	bootstrap.servers = [PLAINTEXT://localhost:32770]
	check.crcs = true
	client.dns.lookup = use_all_dns_ips
	client.id = consumer-Consumer-topic-9623221c_289f_4bb8_a81c_22a530f8ca28-10
	client.rack = 
	connections.max.idle.ms = 10000
	default.api.timeout.ms = 60000
	enable.auto.commit = true
	enable.metrics.push = true
	exclude.internal.topics = true
	fetch.max.bytes = 52428800
	fetch.max.wait.ms = 500
	fetch.min.bytes = 1
	group.id = Consumer-topic-9623221c_289f_4bb8_a81c_22a530f8ca28
	group.instance.id = null
	group.protocol = classic
	group.remote.assignor = null
	heartbeat.interval.ms = 3000
	interceptor.classes = []
	internal.leave.group.on.close = true
	internal.throw.on.fetch.stable.offset.unsupported = false
	isolation.level = read_uncommitted
	key.deserializer = class org.apache.kafka.common.serialization.StringDeserializer
	max.partition.fetch.bytes = 1048576
	max.poll.interval.ms = 300000
	max.poll.records = 500
	metadata.max.age.ms = 300000
	metadata.recovery.strategy = none
	metric.reporters = []
	metrics.num.samples = 2
	metrics.recording.level = INFO
	metrics.sample.window.ms = 30000
	partition.assignment.strategy = [class org.apache.kafka.clients.consumer.RangeAssignor, class org.apache.kafka.clients.consumer.CooperativeStickyAssignor]
	receive.buffer.bytes = 65536
	reconnect.backoff.max.ms = 1000
	reconnect.backoff.ms = 50
	request.timeout.ms = 5000
	retry.backoff.max.ms = 1000
	retry.backoff.ms = 100
	sasl.client.callback.handler.class = null
	sasl.jaas.config = null
	sasl.kerberos.kinit.cmd = /usr/bin/kinit
	sasl.kerberos.min.time.before.relogin = 60000
	sasl.kerberos.service.name = null
	sasl.kerberos.ticket.renew.jitter = 0.05
	sasl.kerberos.ticket.renew.window.factor = 0.8
	sasl.login.callback.handler.class = null
	sasl.login.class = null
	sasl.login.connect.timeout.ms = null
	sasl.login.read.timeout.ms = null
	sasl.login.refresh.buffer.seconds = 300
	sasl.login.refresh.min.period.seconds = 60
	sasl.login.refresh.window.factor = 0.8
	sasl.login.refresh.window.jitter = 0.05
	sasl.login.retry.backoff.max.ms = 10000
	sasl.login.retry.backoff.ms = 100
	sasl.mechanism = GSSAPI
	sasl.oauthbearer.clock.skew.seconds = 30
	sasl.oauthbearer.expected.audience = null
	sasl.oauthbearer.expected.issuer = null
	sasl.oauthbearer.header.urlencode = false
	sasl.oauthbearer.jwks.endpoint.refresh.ms = 3600000
	sasl.oauthbearer.jwks.endpoint.retry.backoff.max.ms = 10000
	sasl.oauthbearer.jwks.endpoint.retry.backoff.ms = 100
	sasl.oauthbearer.jwks.endpoint.url = null
	sasl.oauthbearer.scope.claim.name = scope
	sasl.oauthbearer.sub.claim.name = sub
	sasl.oauthbearer.token.endpoint.url = null
	security.protocol = PLAINTEXT
	security.providers = null
	send.buffer.bytes = 131072
	session.timeout.ms = 45000
	socket.connection.setup.timeout.max.ms = 30000
	socket.connection.setup.timeout.ms = 10000
	ssl.cipher.suites = null
	ssl.enabled.protocols = [TLSv1.2, TLSv1.3]
	ssl.endpoint.identification.algorithm = https
	ssl.engine.factory.class = null
	ssl.key.password = null
	ssl.keymanager.algorithm = SunX509
	ssl.keystore.certificate.chain = null
	ssl.keystore.key = null
	ssl.keystore.location = null
	ssl.keystore.password = null
	ssl.keystore.type = JKS
	ssl.protocol = TLSv1.3
	ssl.provider = null
	ssl.secure.random.implementation = null
	ssl.trustmanager.algorithm = PKIX
	ssl.truststore.certificates = null
	ssl.truststore.location = null
	ssl.truststore.password = null
	ssl.truststore.type = JKS
	value.deserializer = class io.apicurio.registry.serde.avro.AvroKafkaDeserializer

2025-07-31 15:30:05,837 INFO  [org.apa.kaf.com.tel.int.KafkaMetricsCollector] (main) initializing Kafka metrics collector
2025-07-31 15:30:05,851 INFO  [org.apa.kaf.cli.con.ConsumerConfig] (main) These configurations '[apicurio.registry.url]' were supplied but are not used yet.
2025-07-31 15:30:05,851 INFO  [org.apa.kaf.com.uti.AppInfoParser] (main) Kafka version: 3.9.0
2025-07-31 15:30:05,851 INFO  [org.apa.kaf.com.uti.AppInfoParser] (main) Kafka commitId: 84caaa6e9da06435
2025-07-31 15:30:05,851 INFO  [org.apa.kaf.com.uti.AppInfoParser] (main) Kafka startTimeMs: 1753975805851
2025-07-31 15:30:05,852 INFO  [org.apa.kaf.cli.con.int.ClassicKafkaConsumer] (Thread-189) [Consumer clientId=consumer-Consumer-topic-9623221c_289f_4bb8_a81c_22a530f8ca28-10, groupId=Consumer-topic-9623221c_289f_4bb8_a81c_22a530f8ca28] Subscribed to topic(s): topic-9623221c_289f_4bb8_a81c_22a530f8ca28
2025-07-31 15:30:05,872 INFO  [org.apa.kaf.cli.Metadata] (Thread-189) [Consumer clientId=consumer-Consumer-topic-9623221c_289f_4bb8_a81c_22a530f8ca28-10, groupId=Consumer-topic-9623221c_289f_4bb8_a81c_22a530f8ca28] Cluster ID: PmaraPXQRTuATyXg1suJRg
2025-07-31 15:30:05,876 INFO  [org.apa.kaf.cli.con.int.ConsumerCoordinator] (Thread-189) [Consumer clientId=consumer-Consumer-topic-9623221c_289f_4bb8_a81c_22a530f8ca28-10, groupId=Consumer-topic-9623221c_289f_4bb8_a81c_22a530f8ca28] Discovered group coordinator localhost:32770 (id: 2147483647 rack: null)
2025-07-31 15:30:05,881 INFO  [org.apa.kaf.cli.con.int.ConsumerCoordinator] (Thread-189) [Consumer clientId=consumer-Consumer-topic-9623221c_289f_4bb8_a81c_22a530f8ca28-10, groupId=Consumer-topic-9623221c_289f_4bb8_a81c_22a530f8ca28] (Re-)joining group
2025-07-31 15:30:05,887 INFO  [org.apa.kaf.cli.con.int.ConsumerCoordinator] (Thread-189) [Consumer clientId=consumer-Consumer-topic-9623221c_289f_4bb8_a81c_22a530f8ca28-10, groupId=Consumer-topic-9623221c_289f_4bb8_a81c_22a530f8ca28] Request joining group due to: need to re-join with the given member-id: consumer-Consumer-topic-9623221c_289f_4bb8_a81c_22a530f8ca28-10-5f4ab27c-e468-4c57-a723-ec867bfda869
2025-07-31 15:30:05,887 INFO  [org.apa.kaf.cli.con.int.ConsumerCoordinator] (Thread-189) [Consumer clientId=consumer-Consumer-topic-9623221c_289f_4bb8_a81c_22a530f8ca28-10, groupId=Consumer-topic-9623221c_289f_4bb8_a81c_22a530f8ca28] (Re-)joining group
2025-07-31 15:30:05,896 INFO  [org.apa.kaf.cli.con.int.ConsumerCoordinator] (Thread-189) [Consumer clientId=consumer-Consumer-topic-9623221c_289f_4bb8_a81c_22a530f8ca28-10, groupId=Consumer-topic-9623221c_289f_4bb8_a81c_22a530f8ca28] Successfully joined group with generation Generation{generationId=1, memberId='consumer-Consumer-topic-9623221c_289f_4bb8_a81c_22a530f8ca28-10-5f4ab27c-e468-4c57-a723-ec867bfda869', protocol='range'}
2025-07-31 15:30:05,897 INFO  [org.apa.kaf.cli.con.int.ConsumerCoordinator] (Thread-189) [Consumer clientId=consumer-Consumer-topic-9623221c_289f_4bb8_a81c_22a530f8ca28-10, groupId=Consumer-topic-9623221c_289f_4bb8_a81c_22a530f8ca28] Finished assignment for group at generation 1: {consumer-Consumer-topic-9623221c_289f_4bb8_a81c_22a530f8ca28-10-5f4ab27c-e468-4c57-a723-ec867bfda869=Assignment(partitions=[topic-9623221c_289f_4bb8_a81c_22a530f8ca28-0])}
2025-07-31 15:30:05,903 INFO  [org.apa.kaf.cli.con.int.ConsumerCoordinator] (Thread-189) [Consumer clientId=consumer-Consumer-topic-9623221c_289f_4bb8_a81c_22a530f8ca28-10, groupId=Consumer-topic-9623221c_289f_4bb8_a81c_22a530f8ca28] Successfully synced group in generation Generation{generationId=1, memberId='consumer-Consumer-topic-9623221c_289f_4bb8_a81c_22a530f8ca28-10-5f4ab27c-e468-4c57-a723-ec867bfda869', protocol='range'}
2025-07-31 15:30:05,903 INFO  [org.apa.kaf.cli.con.int.ConsumerCoordinator] (Thread-189) [Consumer clientId=consumer-Consumer-topic-9623221c_289f_4bb8_a81c_22a530f8ca28-10, groupId=Consumer-topic-9623221c_289f_4bb8_a81c_22a530f8ca28] Notifying assignor about the new Assignment(partitions=[topic-9623221c_289f_4bb8_a81c_22a530f8ca28-0])
2025-07-31 15:30:05,903 INFO  [org.apa.kaf.cli.con.int.ConsumerRebalanceListenerInvoker] (Thread-189) [Consumer clientId=consumer-Consumer-topic-9623221c_289f_4bb8_a81c_22a530f8ca28-10, groupId=Consumer-topic-9623221c_289f_4bb8_a81c_22a530f8ca28] Adding newly assigned partitions: topic-9623221c_289f_4bb8_a81c_22a530f8ca28-0
2025-07-31 15:30:05,906 INFO  [org.apa.kaf.cli.con.int.ConsumerCoordinator] (Thread-189) [Consumer clientId=consumer-Consumer-topic-9623221c_289f_4bb8_a81c_22a530f8ca28-10, groupId=Consumer-topic-9623221c_289f_4bb8_a81c_22a530f8ca28] Found no committed offset for partition topic-9623221c_289f_4bb8_a81c_22a530f8ca28-0
2025-07-31 15:30:05,913 INFO  [org.apa.kaf.cli.con.int.SubscriptionState] (Thread-189) [Consumer clientId=consumer-Consumer-topic-9623221c_289f_4bb8_a81c_22a530f8ca28-10, groupId=Consumer-topic-9623221c_289f_4bb8_a81c_22a530f8ca28] Resetting offset for partition topic-9623221c_289f_4bb8_a81c_22a530f8ca28-0 to position FetchPosition{offset=0, offsetEpoch=Optional.empty, currentLeader=LeaderAndEpoch{leader=Optional[localhost:32770 (id: 0 rack: null)], epoch=0}}.
2025-07-31 15:30:05,950 INFO  [io.api.tes.ser.api.KafkaSerdesTester] (Thread-189) topic-9623221c_289f_4bb8_a81c_22a530f8ca28 0 0 {"key11753975804716": "value-0"}
2025-07-31 15:30:05,950 INFO  [io.api.tes.ser.api.KafkaSerdesTester] (Thread-189) topic-9623221c_289f_4bb8_a81c_22a530f8ca28 0 1 {"key11753975804716": "value-1"}
2025-07-31 15:30:05,950 INFO  [io.api.tes.ser.api.KafkaSerdesTester] (Thread-189) topic-9623221c_289f_4bb8_a81c_22a530f8ca28 0 2 {"key11753975804716": "value-2"}
2025-07-31 15:30:05,950 INFO  [io.api.tes.ser.api.KafkaSerdesTester] (Thread-189) topic-9623221c_289f_4bb8_a81c_22a530f8ca28 0 3 {"key11753975804716": "value-3"}
2025-07-31 15:30:05,950 INFO  [io.api.tes.ser.api.KafkaSerdesTester] (Thread-189) topic-9623221c_289f_4bb8_a81c_22a530f8ca28 0 4 {"key11753975804716": "value-4"}
2025-07-31 15:30:05,950 INFO  [io.api.tes.ser.api.KafkaSerdesTester] (Thread-189) topic-9623221c_289f_4bb8_a81c_22a530f8ca28 0 5 {"key11753975804716": "value-5"}
2025-07-31 15:30:05,950 INFO  [io.api.tes.ser.api.KafkaSerdesTester] (Thread-189) topic-9623221c_289f_4bb8_a81c_22a530f8ca28 0 6 {"key11753975804716": "value-6"}
2025-07-31 15:30:05,951 INFO  [io.api.tes.ser.api.KafkaSerdesTester] (Thread-189) topic-9623221c_289f_4bb8_a81c_22a530f8ca28 0 7 {"key11753975804716": "value-7"}
2025-07-31 15:30:05,951 INFO  [io.api.tes.ser.api.KafkaSerdesTester] (Thread-189) topic-9623221c_289f_4bb8_a81c_22a530f8ca28 0 8 {"key11753975804716": "value-8"}
2025-07-31 15:30:05,951 INFO  [io.api.tes.ser.api.KafkaSerdesTester] (Thread-189) topic-9623221c_289f_4bb8_a81c_22a530f8ca28 0 9 {"key11753975804716": "value-9"}
2025-07-31 15:30:05,951 INFO  [io.api.tes.ser.api.KafkaSerdesTester] (Thread-189) Consumed 10 messages
2025-07-31 15:30:05,954 INFO  [org.apa.kaf.cli.con.int.ConsumerRebalanceListenerInvoker] (Thread-189) [Consumer clientId=consumer-Consumer-topic-9623221c_289f_4bb8_a81c_22a530f8ca28-10, groupId=Consumer-topic-9623221c_289f_4bb8_a81c_22a530f8ca28] Revoke previously assigned partitions topic-9623221c_289f_4bb8_a81c_22a530f8ca28-0
2025-07-31 15:30:05,954 INFO  [org.apa.kaf.cli.con.int.ConsumerCoordinator] (Thread-189) [Consumer clientId=consumer-Consumer-topic-9623221c_289f_4bb8_a81c_22a530f8ca28-10, groupId=Consumer-topic-9623221c_289f_4bb8_a81c_22a530f8ca28] Member consumer-Consumer-topic-9623221c_289f_4bb8_a81c_22a530f8ca28-10-5f4ab27c-e468-4c57-a723-ec867bfda869 sending LeaveGroup request to coordinator localhost:32770 (id: 2147483647 rack: null) due to the consumer is being closed
2025-07-31 15:30:05,955 INFO  [org.apa.kaf.cli.con.int.ConsumerCoordinator] (Thread-189) [Consumer clientId=consumer-Consumer-topic-9623221c_289f_4bb8_a81c_22a530f8ca28-10, groupId=Consumer-topic-9623221c_289f_4bb8_a81c_22a530f8ca28] Resetting generation and member id due to: consumer pro-actively leaving the group
2025-07-31 15:30:05,955 INFO  [org.apa.kaf.cli.con.int.ConsumerCoordinator] (Thread-189) [Consumer clientId=consumer-Consumer-topic-9623221c_289f_4bb8_a81c_22a530f8ca28-10, groupId=Consumer-topic-9623221c_289f_4bb8_a81c_22a530f8ca28] Request joining group due to: consumer pro-actively leaving the group
2025-07-31 15:30:06,453 INFO  [org.apa.kaf.com.met.Metrics] (Thread-189) Metrics scheduler closed
2025-07-31 15:30:06,453 INFO  [org.apa.kaf.com.met.Metrics] (Thread-189) Closing reporter org.apache.kafka.common.metrics.JmxReporter
2025-07-31 15:30:06,453 INFO  [org.apa.kaf.com.met.Metrics] (Thread-189) Closing reporter org.apache.kafka.common.telemetry.internals.ClientTelemetryReporter
2025-07-31 15:30:06,453 INFO  [org.apa.kaf.com.met.Metrics] (Thread-189) Metrics reporters closed
2025-07-31 15:30:06,455 INFO  [org.apa.kaf.com.uti.AppInfoParser] (Thread-189) App info kafka.consumer for consumer-Consumer-topic-9623221c_289f_4bb8_a81c_22a530f8ca28-10 unregistered
2025-07-31 15:30:06,455 INFO  [io.api.tes.uti.TestSeparator] (main) io.apicurio.tests.serdes.apicurio.AvroSerdeIT.testTopicRecordIdStrategydFindLatest-FINISHED
2025-07-31 15:30:06,456 INFO  [io.api.tes.uti.TestSeparator] (main) ############################################################################
]]></system-out>
  </testcase>
  <testcase name="testAvroConfluentForMultipleTopics" classname="io.apicurio.tests.serdes.apicurio.AvroSerdeIT" time="3.006">
    <system-out><![CDATA[2025-07-31 15:30:06,458 INFO  [io.api.tes.uti.TestSeparator] (main) ############################################################################
2025-07-31 15:30:06,458 INFO  [io.api.tes.uti.TestSeparator] (main) io.apicurio.tests.serdes.apicurio.AvroSerdeIT.testAvroConfluentForMultipleTopics-STARTED
2025-07-31 15:30:06,460 INFO  [io.api.tes.ser.api.AvroSerdeIT] (main) Registering Avro Schema: {"type":"record","name":"myrecordconfluent","fields":[{"name":"key11753975806459","type":"string"}]}
2025-07-31 15:30:07,487 INFO  [org.apa.kaf.cli.pro.ProducerConfig] (main) ProducerConfig values: 
	acks = -1
	auto.include.jmx.reporter = true
	batch.size = 16384
	bootstrap.servers = [PLAINTEXT://localhost:32770]
	buffer.memory = 33554432
	client.dns.lookup = use_all_dns_ips
	client.id = Producer-topic-de96162a_9312_4341_adc5_155d726d9009
	compression.gzip.level = -1
	compression.lz4.level = 9
	compression.type = none
	compression.zstd.level = 3
	connections.max.idle.ms = 10000
	delivery.timeout.ms = 120000
	enable.idempotence = true
	enable.metrics.push = true
	interceptor.classes = []
	key.serializer = class org.apache.kafka.common.serialization.StringSerializer
	linger.ms = 0
	max.block.ms = 60000
	max.in.flight.requests.per.connection = 5
	max.request.size = 1048576
	metadata.max.age.ms = 300000
	metadata.max.idle.ms = 300000
	metadata.recovery.strategy = none
	metric.reporters = []
	metrics.num.samples = 2
	metrics.recording.level = INFO
	metrics.sample.window.ms = 30000
	partitioner.adaptive.partitioning.enable = true
	partitioner.availability.timeout.ms = 0
	partitioner.class = null
	partitioner.ignore.keys = false
	receive.buffer.bytes = 32768
	reconnect.backoff.max.ms = 1000
	reconnect.backoff.ms = 50
	request.timeout.ms = 5000
	retries = 2147483647
	retry.backoff.max.ms = 1000
	retry.backoff.ms = 100
	sasl.client.callback.handler.class = null
	sasl.jaas.config = null
	sasl.kerberos.kinit.cmd = /usr/bin/kinit
	sasl.kerberos.min.time.before.relogin = 60000
	sasl.kerberos.service.name = null
	sasl.kerberos.ticket.renew.jitter = 0.05
	sasl.kerberos.ticket.renew.window.factor = 0.8
	sasl.login.callback.handler.class = null
	sasl.login.class = null
	sasl.login.connect.timeout.ms = null
	sasl.login.read.timeout.ms = null
	sasl.login.refresh.buffer.seconds = 300
	sasl.login.refresh.min.period.seconds = 60
	sasl.login.refresh.window.factor = 0.8
	sasl.login.refresh.window.jitter = 0.05
	sasl.login.retry.backoff.max.ms = 10000
	sasl.login.retry.backoff.ms = 100
	sasl.mechanism = GSSAPI
	sasl.oauthbearer.clock.skew.seconds = 30
	sasl.oauthbearer.expected.audience = null
	sasl.oauthbearer.expected.issuer = null
	sasl.oauthbearer.header.urlencode = false
	sasl.oauthbearer.jwks.endpoint.refresh.ms = 3600000
	sasl.oauthbearer.jwks.endpoint.retry.backoff.max.ms = 10000
	sasl.oauthbearer.jwks.endpoint.retry.backoff.ms = 100
	sasl.oauthbearer.jwks.endpoint.url = null
	sasl.oauthbearer.scope.claim.name = scope
	sasl.oauthbearer.sub.claim.name = sub
	sasl.oauthbearer.token.endpoint.url = null
	security.protocol = PLAINTEXT
	security.providers = null
	send.buffer.bytes = 131072
	socket.connection.setup.timeout.max.ms = 30000
	socket.connection.setup.timeout.ms = 10000
	ssl.cipher.suites = null
	ssl.enabled.protocols = [TLSv1.2, TLSv1.3]
	ssl.endpoint.identification.algorithm = https
	ssl.engine.factory.class = null
	ssl.key.password = null
	ssl.keymanager.algorithm = SunX509
	ssl.keystore.certificate.chain = null
	ssl.keystore.key = null
	ssl.keystore.location = null
	ssl.keystore.password = null
	ssl.keystore.type = JKS
	ssl.protocol = TLSv1.3
	ssl.provider = null
	ssl.secure.random.implementation = null
	ssl.trustmanager.algorithm = PKIX
	ssl.truststore.certificates = null
	ssl.truststore.location = null
	ssl.truststore.password = null
	ssl.truststore.type = JKS
	transaction.timeout.ms = 60000
	transactional.id = null
	value.serializer = class io.apicurio.registry.serde.avro.AvroKafkaSerializer

2025-07-31 15:30:07,488 INFO  [org.apa.kaf.com.tel.int.KafkaMetricsCollector] (main) initializing Kafka metrics collector
2025-07-31 15:30:07,493 INFO  [org.apa.kaf.cli.pro.KafkaProducer] (main) [Producer clientId=Producer-topic-de96162a_9312_4341_adc5_155d726d9009] Instantiated an idempotent producer.
2025-07-31 15:30:07,497 INFO  [org.apa.kaf.cli.pro.ProducerConfig] (main) These configurations '[apicurio.registry.url, apicurio.registry.artifact-resolver-strategy]' were supplied but are not used yet.
2025-07-31 15:30:07,497 INFO  [org.apa.kaf.com.uti.AppInfoParser] (main) Kafka version: 3.9.0
2025-07-31 15:30:07,497 INFO  [org.apa.kaf.com.uti.AppInfoParser] (main) Kafka commitId: 84caaa6e9da06435
2025-07-31 15:30:07,497 INFO  [org.apa.kaf.com.uti.AppInfoParser] (main) Kafka startTimeMs: 1753975807497
2025-07-31 15:30:07,498 INFO  [org.apa.kaf.cli.pro.ProducerConfig] (main) ProducerConfig values: 
	acks = -1
	auto.include.jmx.reporter = true
	batch.size = 16384
	bootstrap.servers = [PLAINTEXT://localhost:32770]
	buffer.memory = 33554432
	client.dns.lookup = use_all_dns_ips
	client.id = Producer-topic-e4e24f68_d87d_47c6_a3eb_1d4490cc5095
	compression.gzip.level = -1
	compression.lz4.level = 9
	compression.type = none
	compression.zstd.level = 3
	connections.max.idle.ms = 10000
	delivery.timeout.ms = 120000
	enable.idempotence = true
	enable.metrics.push = true
	interceptor.classes = []
	key.serializer = class org.apache.kafka.common.serialization.StringSerializer
	linger.ms = 0
	max.block.ms = 60000
	max.in.flight.requests.per.connection = 5
	max.request.size = 1048576
	metadata.max.age.ms = 300000
	metadata.max.idle.ms = 300000
	metadata.recovery.strategy = none
	metric.reporters = []
	metrics.num.samples = 2
	metrics.recording.level = INFO
	metrics.sample.window.ms = 30000
	partitioner.adaptive.partitioning.enable = true
	partitioner.availability.timeout.ms = 0
	partitioner.class = null
	partitioner.ignore.keys = false
	receive.buffer.bytes = 32768
	reconnect.backoff.max.ms = 1000
	reconnect.backoff.ms = 50
	request.timeout.ms = 5000
	retries = 2147483647
	retry.backoff.max.ms = 1000
	retry.backoff.ms = 100
	sasl.client.callback.handler.class = null
	sasl.jaas.config = null
	sasl.kerberos.kinit.cmd = /usr/bin/kinit
	sasl.kerberos.min.time.before.relogin = 60000
	sasl.kerberos.service.name = null
	sasl.kerberos.ticket.renew.jitter = 0.05
	sasl.kerberos.ticket.renew.window.factor = 0.8
	sasl.login.callback.handler.class = null
	sasl.login.class = null
	sasl.login.connect.timeout.ms = null
	sasl.login.read.timeout.ms = null
	sasl.login.refresh.buffer.seconds = 300
	sasl.login.refresh.min.period.seconds = 60
	sasl.login.refresh.window.factor = 0.8
	sasl.login.refresh.window.jitter = 0.05
	sasl.login.retry.backoff.max.ms = 10000
	sasl.login.retry.backoff.ms = 100
	sasl.mechanism = GSSAPI
	sasl.oauthbearer.clock.skew.seconds = 30
	sasl.oauthbearer.expected.audience = null
	sasl.oauthbearer.expected.issuer = null
	sasl.oauthbearer.header.urlencode = false
	sasl.oauthbearer.jwks.endpoint.refresh.ms = 3600000
	sasl.oauthbearer.jwks.endpoint.retry.backoff.max.ms = 10000
	sasl.oauthbearer.jwks.endpoint.retry.backoff.ms = 100
	sasl.oauthbearer.jwks.endpoint.url = null
	sasl.oauthbearer.scope.claim.name = scope
	sasl.oauthbearer.sub.claim.name = sub
	sasl.oauthbearer.token.endpoint.url = null
	security.protocol = PLAINTEXT
	security.providers = null
	send.buffer.bytes = 131072
	socket.connection.setup.timeout.max.ms = 30000
	socket.connection.setup.timeout.ms = 10000
	ssl.cipher.suites = null
	ssl.enabled.protocols = [TLSv1.2, TLSv1.3]
	ssl.endpoint.identification.algorithm = https
	ssl.engine.factory.class = null
	ssl.key.password = null
	ssl.keymanager.algorithm = SunX509
	ssl.keystore.certificate.chain = null
	ssl.keystore.key = null
	ssl.keystore.location = null
	ssl.keystore.password = null
	ssl.keystore.type = JKS
	ssl.protocol = TLSv1.3
	ssl.provider = null
	ssl.secure.random.implementation = null
	ssl.trustmanager.algorithm = PKIX
	ssl.truststore.certificates = null
	ssl.truststore.location = null
	ssl.truststore.password = null
	ssl.truststore.type = JKS
	transaction.timeout.ms = 60000
	transactional.id = null
	value.serializer = class io.apicurio.registry.serde.avro.AvroKafkaSerializer

2025-07-31 15:30:07,499 INFO  [org.apa.kaf.com.tel.int.KafkaMetricsCollector] (main) initializing Kafka metrics collector
2025-07-31 15:30:07,503 INFO  [org.apa.kaf.cli.Metadata] (kafka-producer-network-thread | Producer-topic-de96162a_9312_4341_adc5_155d726d9009) [Producer clientId=Producer-topic-de96162a_9312_4341_adc5_155d726d9009] Cluster ID: PmaraPXQRTuATyXg1suJRg
2025-07-31 15:30:07,503 INFO  [org.apa.kaf.cli.pro.int.TransactionManager] (kafka-producer-network-thread | Producer-topic-de96162a_9312_4341_adc5_155d726d9009) [Producer clientId=Producer-topic-de96162a_9312_4341_adc5_155d726d9009] ProducerId set to 14 with epoch 0
2025-07-31 15:30:07,507 INFO  [org.apa.kaf.cli.pro.KafkaProducer] (main) [Producer clientId=Producer-topic-e4e24f68_d87d_47c6_a3eb_1d4490cc5095] Instantiated an idempotent producer.
2025-07-31 15:30:07,511 INFO  [org.apa.kaf.cli.pro.ProducerConfig] (main) These configurations '[apicurio.registry.url, apicurio.registry.artifact-resolver-strategy]' were supplied but are not used yet.
2025-07-31 15:30:07,511 INFO  [org.apa.kaf.com.uti.AppInfoParser] (main) Kafka version: 3.9.0
2025-07-31 15:30:07,511 INFO  [org.apa.kaf.com.uti.AppInfoParser] (main) Kafka commitId: 84caaa6e9da06435
2025-07-31 15:30:07,511 INFO  [org.apa.kaf.com.uti.AppInfoParser] (main) Kafka startTimeMs: 1753975807511
2025-07-31 15:30:07,514 INFO  [org.apa.kaf.cli.pro.ProducerConfig] (main) ProducerConfig values: 
	acks = -1
	auto.include.jmx.reporter = true
	batch.size = 16384
	bootstrap.servers = [PLAINTEXT://localhost:32770]
	buffer.memory = 33554432
	client.dns.lookup = use_all_dns_ips
	client.id = Producer-topic-90a21b87_a69a_4de6_9b0b_9551a21d16c4
	compression.gzip.level = -1
	compression.lz4.level = 9
	compression.type = none
	compression.zstd.level = 3
	connections.max.idle.ms = 10000
	delivery.timeout.ms = 120000
	enable.idempotence = true
	enable.metrics.push = true
	interceptor.classes = []
	key.serializer = class org.apache.kafka.common.serialization.StringSerializer
	linger.ms = 0
	max.block.ms = 60000
	max.in.flight.requests.per.connection = 5
	max.request.size = 1048576
	metadata.max.age.ms = 300000
	metadata.max.idle.ms = 300000
	metadata.recovery.strategy = none
	metric.reporters = []
	metrics.num.samples = 2
	metrics.recording.level = INFO
	metrics.sample.window.ms = 30000
	partitioner.adaptive.partitioning.enable = true
	partitioner.availability.timeout.ms = 0
	partitioner.class = null
	partitioner.ignore.keys = false
	receive.buffer.bytes = 32768
	reconnect.backoff.max.ms = 1000
	reconnect.backoff.ms = 50
	request.timeout.ms = 5000
	retries = 2147483647
	retry.backoff.max.ms = 1000
	retry.backoff.ms = 100
	sasl.client.callback.handler.class = null
	sasl.jaas.config = null
	sasl.kerberos.kinit.cmd = /usr/bin/kinit
	sasl.kerberos.min.time.before.relogin = 60000
	sasl.kerberos.service.name = null
	sasl.kerberos.ticket.renew.jitter = 0.05
	sasl.kerberos.ticket.renew.window.factor = 0.8
	sasl.login.callback.handler.class = null
	sasl.login.class = null
	sasl.login.connect.timeout.ms = null
	sasl.login.read.timeout.ms = null
	sasl.login.refresh.buffer.seconds = 300
	sasl.login.refresh.min.period.seconds = 60
	sasl.login.refresh.window.factor = 0.8
	sasl.login.refresh.window.jitter = 0.05
	sasl.login.retry.backoff.max.ms = 10000
	sasl.login.retry.backoff.ms = 100
	sasl.mechanism = GSSAPI
	sasl.oauthbearer.clock.skew.seconds = 30
	sasl.oauthbearer.expected.audience = null
	sasl.oauthbearer.expected.issuer = null
	sasl.oauthbearer.header.urlencode = false
	sasl.oauthbearer.jwks.endpoint.refresh.ms = 3600000
	sasl.oauthbearer.jwks.endpoint.retry.backoff.max.ms = 10000
	sasl.oauthbearer.jwks.endpoint.retry.backoff.ms = 100
	sasl.oauthbearer.jwks.endpoint.url = null
	sasl.oauthbearer.scope.claim.name = scope
	sasl.oauthbearer.sub.claim.name = sub
	sasl.oauthbearer.token.endpoint.url = null
	security.protocol = PLAINTEXT
	security.providers = null
	send.buffer.bytes = 131072
	socket.connection.setup.timeout.max.ms = 30000
	socket.connection.setup.timeout.ms = 10000
	ssl.cipher.suites = null
	ssl.enabled.protocols = [TLSv1.2, TLSv1.3]
	ssl.endpoint.identification.algorithm = https
	ssl.engine.factory.class = null
	ssl.key.password = null
	ssl.keymanager.algorithm = SunX509
	ssl.keystore.certificate.chain = null
	ssl.keystore.key = null
	ssl.keystore.location = null
	ssl.keystore.password = null
	ssl.keystore.type = JKS
	ssl.protocol = TLSv1.3
	ssl.provider = null
	ssl.secure.random.implementation = null
	ssl.trustmanager.algorithm = PKIX
	ssl.truststore.certificates = null
	ssl.truststore.location = null
	ssl.truststore.password = null
	ssl.truststore.type = JKS
	transaction.timeout.ms = 60000
	transactional.id = null
	value.serializer = class io.apicurio.registry.serde.avro.AvroKafkaSerializer

2025-07-31 15:30:07,514 INFO  [org.apa.kaf.com.tel.int.KafkaMetricsCollector] (main) initializing Kafka metrics collector
2025-07-31 15:30:07,522 INFO  [org.apa.kaf.cli.Metadata] (kafka-producer-network-thread | Producer-topic-e4e24f68_d87d_47c6_a3eb_1d4490cc5095) [Producer clientId=Producer-topic-e4e24f68_d87d_47c6_a3eb_1d4490cc5095] Cluster ID: PmaraPXQRTuATyXg1suJRg
2025-07-31 15:30:07,524 INFO  [org.apa.kaf.cli.pro.int.TransactionManager] (kafka-producer-network-thread | Producer-topic-e4e24f68_d87d_47c6_a3eb_1d4490cc5095) [Producer clientId=Producer-topic-e4e24f68_d87d_47c6_a3eb_1d4490cc5095] ProducerId set to 15 with epoch 0
2025-07-31 15:30:07,530 INFO  [org.apa.kaf.cli.pro.KafkaProducer] (main) [Producer clientId=Producer-topic-90a21b87_a69a_4de6_9b0b_9551a21d16c4] Instantiated an idempotent producer.
2025-07-31 15:30:07,534 INFO  [org.apa.kaf.cli.pro.ProducerConfig] (main) These configurations '[apicurio.registry.url, apicurio.registry.artifact-resolver-strategy]' were supplied but are not used yet.
2025-07-31 15:30:07,534 INFO  [org.apa.kaf.com.uti.AppInfoParser] (main) Kafka version: 3.9.0
2025-07-31 15:30:07,534 INFO  [org.apa.kaf.com.uti.AppInfoParser] (main) Kafka commitId: 84caaa6e9da06435
2025-07-31 15:30:07,534 INFO  [org.apa.kaf.com.uti.AppInfoParser] (main) Kafka startTimeMs: 1753975807534
2025-07-31 15:30:07,535 INFO  [org.apa.kaf.cli.con.ConsumerConfig] (main) ConsumerConfig values: 
	allow.auto.create.topics = true
	auto.commit.interval.ms = 500
	auto.include.jmx.reporter = true
	auto.offset.reset = earliest
	bootstrap.servers = [PLAINTEXT://localhost:32770]
	check.crcs = true
	client.dns.lookup = use_all_dns_ips
	client.id = consumer-Consumer-topic-de96162a_9312_4341_adc5_155d726d9009-11
	client.rack = 
	connections.max.idle.ms = 10000
	default.api.timeout.ms = 60000
	enable.auto.commit = true
	enable.metrics.push = true
	exclude.internal.topics = true
	fetch.max.bytes = 52428800
	fetch.max.wait.ms = 500
	fetch.min.bytes = 1
	group.id = Consumer-topic-de96162a_9312_4341_adc5_155d726d9009
	group.instance.id = null
	group.protocol = classic
	group.remote.assignor = null
	heartbeat.interval.ms = 3000
	interceptor.classes = []
	internal.leave.group.on.close = true
	internal.throw.on.fetch.stable.offset.unsupported = false
	isolation.level = read_uncommitted
	key.deserializer = class org.apache.kafka.common.serialization.StringDeserializer
	max.partition.fetch.bytes = 1048576
	max.poll.interval.ms = 300000
	max.poll.records = 500
	metadata.max.age.ms = 300000
	metadata.recovery.strategy = none
	metric.reporters = []
	metrics.num.samples = 2
	metrics.recording.level = INFO
	metrics.sample.window.ms = 30000
	partition.assignment.strategy = [class org.apache.kafka.clients.consumer.RangeAssignor, class org.apache.kafka.clients.consumer.CooperativeStickyAssignor]
	receive.buffer.bytes = 65536
	reconnect.backoff.max.ms = 1000
	reconnect.backoff.ms = 50
	request.timeout.ms = 5000
	retry.backoff.max.ms = 1000
	retry.backoff.ms = 100
	sasl.client.callback.handler.class = null
	sasl.jaas.config = null
	sasl.kerberos.kinit.cmd = /usr/bin/kinit
	sasl.kerberos.min.time.before.relogin = 60000
	sasl.kerberos.service.name = null
	sasl.kerberos.ticket.renew.jitter = 0.05
	sasl.kerberos.ticket.renew.window.factor = 0.8
	sasl.login.callback.handler.class = null
	sasl.login.class = null
	sasl.login.connect.timeout.ms = null
	sasl.login.read.timeout.ms = null
	sasl.login.refresh.buffer.seconds = 300
	sasl.login.refresh.min.period.seconds = 60
	sasl.login.refresh.window.factor = 0.8
	sasl.login.refresh.window.jitter = 0.05
	sasl.login.retry.backoff.max.ms = 10000
	sasl.login.retry.backoff.ms = 100
	sasl.mechanism = GSSAPI
	sasl.oauthbearer.clock.skew.seconds = 30
	sasl.oauthbearer.expected.audience = null
	sasl.oauthbearer.expected.issuer = null
	sasl.oauthbearer.header.urlencode = false
	sasl.oauthbearer.jwks.endpoint.refresh.ms = 3600000
	sasl.oauthbearer.jwks.endpoint.retry.backoff.max.ms = 10000
	sasl.oauthbearer.jwks.endpoint.retry.backoff.ms = 100
	sasl.oauthbearer.jwks.endpoint.url = null
	sasl.oauthbearer.scope.claim.name = scope
	sasl.oauthbearer.sub.claim.name = sub
	sasl.oauthbearer.token.endpoint.url = null
	security.protocol = PLAINTEXT
	security.providers = null
	send.buffer.bytes = 131072
	session.timeout.ms = 45000
	socket.connection.setup.timeout.max.ms = 30000
	socket.connection.setup.timeout.ms = 10000
	ssl.cipher.suites = null
	ssl.enabled.protocols = [TLSv1.2, TLSv1.3]
	ssl.endpoint.identification.algorithm = https
	ssl.engine.factory.class = null
	ssl.key.password = null
	ssl.keymanager.algorithm = SunX509
	ssl.keystore.certificate.chain = null
	ssl.keystore.key = null
	ssl.keystore.location = null
	ssl.keystore.password = null
	ssl.keystore.type = JKS
	ssl.protocol = TLSv1.3
	ssl.provider = null
	ssl.secure.random.implementation = null
	ssl.trustmanager.algorithm = PKIX
	ssl.truststore.certificates = null
	ssl.truststore.location = null
	ssl.truststore.password = null
	ssl.truststore.type = JKS
	value.deserializer = class io.apicurio.registry.serde.avro.AvroKafkaDeserializer

2025-07-31 15:30:07,535 INFO  [org.apa.kaf.com.tel.int.KafkaMetricsCollector] (main) initializing Kafka metrics collector
2025-07-31 15:30:07,541 INFO  [org.apa.kaf.cli.Metadata] (kafka-producer-network-thread | Producer-topic-90a21b87_a69a_4de6_9b0b_9551a21d16c4) [Producer clientId=Producer-topic-90a21b87_a69a_4de6_9b0b_9551a21d16c4] Cluster ID: PmaraPXQRTuATyXg1suJRg
2025-07-31 15:30:07,545 INFO  [org.apa.kaf.cli.pro.int.TransactionManager] (kafka-producer-network-thread | Producer-topic-90a21b87_a69a_4de6_9b0b_9551a21d16c4) [Producer clientId=Producer-topic-90a21b87_a69a_4de6_9b0b_9551a21d16c4] ProducerId set to 16 with epoch 0
2025-07-31 15:30:07,546 INFO  [org.apa.kaf.cli.con.ConsumerConfig] (main) These configurations '[apicurio.registry.url]' were supplied but are not used yet.
2025-07-31 15:30:07,546 INFO  [org.apa.kaf.com.uti.AppInfoParser] (main) Kafka version: 3.9.0
2025-07-31 15:30:07,546 INFO  [org.apa.kaf.com.uti.AppInfoParser] (main) Kafka commitId: 84caaa6e9da06435
2025-07-31 15:30:07,546 INFO  [org.apa.kaf.com.uti.AppInfoParser] (main) Kafka startTimeMs: 1753975807546
2025-07-31 15:30:07,548 INFO  [org.apa.kaf.cli.con.ConsumerConfig] (main) ConsumerConfig values: 
	allow.auto.create.topics = true
	auto.commit.interval.ms = 500
	auto.include.jmx.reporter = true
	auto.offset.reset = earliest
	bootstrap.servers = [PLAINTEXT://localhost:32770]
	check.crcs = true
	client.dns.lookup = use_all_dns_ips
	client.id = consumer-Consumer-topic-e4e24f68_d87d_47c6_a3eb_1d4490cc5095-12
	client.rack = 
	connections.max.idle.ms = 10000
	default.api.timeout.ms = 60000
	enable.auto.commit = true
	enable.metrics.push = true
	exclude.internal.topics = true
	fetch.max.bytes = 52428800
	fetch.max.wait.ms = 500
	fetch.min.bytes = 1
	group.id = Consumer-topic-e4e24f68_d87d_47c6_a3eb_1d4490cc5095
	group.instance.id = null
	group.protocol = classic
	group.remote.assignor = null
	heartbeat.interval.ms = 3000
	interceptor.classes = []
	internal.leave.group.on.close = true
	internal.throw.on.fetch.stable.offset.unsupported = false
	isolation.level = read_uncommitted
	key.deserializer = class org.apache.kafka.common.serialization.StringDeserializer
	max.partition.fetch.bytes = 1048576
	max.poll.interval.ms = 300000
	max.poll.records = 500
	metadata.max.age.ms = 300000
	metadata.recovery.strategy = none
	metric.reporters = []
	metrics.num.samples = 2
	metrics.recording.level = INFO
	metrics.sample.window.ms = 30000
	partition.assignment.strategy = [class org.apache.kafka.clients.consumer.RangeAssignor, class org.apache.kafka.clients.consumer.CooperativeStickyAssignor]
	receive.buffer.bytes = 65536
	reconnect.backoff.max.ms = 1000
	reconnect.backoff.ms = 50
	request.timeout.ms = 5000
	retry.backoff.max.ms = 1000
	retry.backoff.ms = 100
	sasl.client.callback.handler.class = null
	sasl.jaas.config = null
	sasl.kerberos.kinit.cmd = /usr/bin/kinit
	sasl.kerberos.min.time.before.relogin = 60000
	sasl.kerberos.service.name = null
	sasl.kerberos.ticket.renew.jitter = 0.05
	sasl.kerberos.ticket.renew.window.factor = 0.8
	sasl.login.callback.handler.class = null
	sasl.login.class = null
	sasl.login.connect.timeout.ms = null
	sasl.login.read.timeout.ms = null
	sasl.login.refresh.buffer.seconds = 300
	sasl.login.refresh.min.period.seconds = 60
	sasl.login.refresh.window.factor = 0.8
	sasl.login.refresh.window.jitter = 0.05
	sasl.login.retry.backoff.max.ms = 10000
	sasl.login.retry.backoff.ms = 100
	sasl.mechanism = GSSAPI
	sasl.oauthbearer.clock.skew.seconds = 30
	sasl.oauthbearer.expected.audience = null
	sasl.oauthbearer.expected.issuer = null
	sasl.oauthbearer.header.urlencode = false
	sasl.oauthbearer.jwks.endpoint.refresh.ms = 3600000
	sasl.oauthbearer.jwks.endpoint.retry.backoff.max.ms = 10000
	sasl.oauthbearer.jwks.endpoint.retry.backoff.ms = 100
	sasl.oauthbearer.jwks.endpoint.url = null
	sasl.oauthbearer.scope.claim.name = scope
	sasl.oauthbearer.sub.claim.name = sub
	sasl.oauthbearer.token.endpoint.url = null
	security.protocol = PLAINTEXT
	security.providers = null
	send.buffer.bytes = 131072
	session.timeout.ms = 45000
	socket.connection.setup.timeout.max.ms = 30000
	socket.connection.setup.timeout.ms = 10000
	ssl.cipher.suites = null
	ssl.enabled.protocols = [TLSv1.2, TLSv1.3]
	ssl.endpoint.identification.algorithm = https
	ssl.engine.factory.class = null
	ssl.key.password = null
	ssl.keymanager.algorithm = SunX509
	ssl.keystore.certificate.chain = null
	ssl.keystore.key = null
	ssl.keystore.location = null
	ssl.keystore.password = null
	ssl.keystore.type = JKS
	ssl.protocol = TLSv1.3
	ssl.provider = null
	ssl.secure.random.implementation = null
	ssl.trustmanager.algorithm = PKIX
	ssl.truststore.certificates = null
	ssl.truststore.location = null
	ssl.truststore.password = null
	ssl.truststore.type = JKS
	value.deserializer = class io.apicurio.registry.serde.avro.AvroKafkaDeserializer

2025-07-31 15:30:07,548 INFO  [org.apa.kaf.com.tel.int.KafkaMetricsCollector] (main) initializing Kafka metrics collector
2025-07-31 15:30:07,554 INFO  [org.apa.kaf.cli.con.ConsumerConfig] (main) These configurations '[apicurio.registry.url]' were supplied but are not used yet.
2025-07-31 15:30:07,554 INFO  [org.apa.kaf.com.uti.AppInfoParser] (main) Kafka version: 3.9.0
2025-07-31 15:30:07,554 INFO  [org.apa.kaf.com.uti.AppInfoParser] (main) Kafka commitId: 84caaa6e9da06435
2025-07-31 15:30:07,554 INFO  [org.apa.kaf.com.uti.AppInfoParser] (main) Kafka startTimeMs: 1753975807554
2025-07-31 15:30:07,555 INFO  [org.apa.kaf.cli.con.ConsumerConfig] (main) ConsumerConfig values: 
	allow.auto.create.topics = true
	auto.commit.interval.ms = 500
	auto.include.jmx.reporter = true
	auto.offset.reset = earliest
	bootstrap.servers = [PLAINTEXT://localhost:32770]
	check.crcs = true
	client.dns.lookup = use_all_dns_ips
	client.id = consumer-Consumer-topic-90a21b87_a69a_4de6_9b0b_9551a21d16c4-13
	client.rack = 
	connections.max.idle.ms = 10000
	default.api.timeout.ms = 60000
	enable.auto.commit = true
	enable.metrics.push = true
	exclude.internal.topics = true
	fetch.max.bytes = 52428800
	fetch.max.wait.ms = 500
	fetch.min.bytes = 1
	group.id = Consumer-topic-90a21b87_a69a_4de6_9b0b_9551a21d16c4
	group.instance.id = null
	group.protocol = classic
	group.remote.assignor = null
	heartbeat.interval.ms = 3000
	interceptor.classes = []
	internal.leave.group.on.close = true
	internal.throw.on.fetch.stable.offset.unsupported = false
	isolation.level = read_uncommitted
	key.deserializer = class org.apache.kafka.common.serialization.StringDeserializer
	max.partition.fetch.bytes = 1048576
	max.poll.interval.ms = 300000
	max.poll.records = 500
	metadata.max.age.ms = 300000
	metadata.recovery.strategy = none
	metric.reporters = []
	metrics.num.samples = 2
	metrics.recording.level = INFO
	metrics.sample.window.ms = 30000
	partition.assignment.strategy = [class org.apache.kafka.clients.consumer.RangeAssignor, class org.apache.kafka.clients.consumer.CooperativeStickyAssignor]
	receive.buffer.bytes = 65536
	reconnect.backoff.max.ms = 1000
	reconnect.backoff.ms = 50
	request.timeout.ms = 5000
	retry.backoff.max.ms = 1000
	retry.backoff.ms = 100
	sasl.client.callback.handler.class = null
	sasl.jaas.config = null
	sasl.kerberos.kinit.cmd = /usr/bin/kinit
	sasl.kerberos.min.time.before.relogin = 60000
	sasl.kerberos.service.name = null
	sasl.kerberos.ticket.renew.jitter = 0.05
	sasl.kerberos.ticket.renew.window.factor = 0.8
	sasl.login.callback.handler.class = null
	sasl.login.class = null
	sasl.login.connect.timeout.ms = null
	sasl.login.read.timeout.ms = null
	sasl.login.refresh.buffer.seconds = 300
	sasl.login.refresh.min.period.seconds = 60
	sasl.login.refresh.window.factor = 0.8
	sasl.login.refresh.window.jitter = 0.05
	sasl.login.retry.backoff.max.ms = 10000
	sasl.login.retry.backoff.ms = 100
	sasl.mechanism = GSSAPI
	sasl.oauthbearer.clock.skew.seconds = 30
	sasl.oauthbearer.expected.audience = null
	sasl.oauthbearer.expected.issuer = null
	sasl.oauthbearer.header.urlencode = false
	sasl.oauthbearer.jwks.endpoint.refresh.ms = 3600000
	sasl.oauthbearer.jwks.endpoint.retry.backoff.max.ms = 10000
	sasl.oauthbearer.jwks.endpoint.retry.backoff.ms = 100
	sasl.oauthbearer.jwks.endpoint.url = null
	sasl.oauthbearer.scope.claim.name = scope
	sasl.oauthbearer.sub.claim.name = sub
	sasl.oauthbearer.token.endpoint.url = null
	security.protocol = PLAINTEXT
	security.providers = null
	send.buffer.bytes = 131072
	session.timeout.ms = 45000
	socket.connection.setup.timeout.max.ms = 30000
	socket.connection.setup.timeout.ms = 10000
	ssl.cipher.suites = null
	ssl.enabled.protocols = [TLSv1.2, TLSv1.3]
	ssl.endpoint.identification.algorithm = https
	ssl.engine.factory.class = null
	ssl.key.password = null
	ssl.keymanager.algorithm = SunX509
	ssl.keystore.certificate.chain = null
	ssl.keystore.key = null
	ssl.keystore.location = null
	ssl.keystore.password = null
	ssl.keystore.type = JKS
	ssl.protocol = TLSv1.3
	ssl.provider = null
	ssl.secure.random.implementation = null
	ssl.trustmanager.algorithm = PKIX
	ssl.truststore.certificates = null
	ssl.truststore.location = null
	ssl.truststore.password = null
	ssl.truststore.type = JKS
	value.deserializer = class io.apicurio.registry.serde.avro.AvroKafkaDeserializer

2025-07-31 15:30:07,555 INFO  [org.apa.kaf.com.tel.int.KafkaMetricsCollector] (main) initializing Kafka metrics collector
2025-07-31 15:30:07,560 INFO  [org.apa.kaf.cli.con.ConsumerConfig] (main) These configurations '[apicurio.registry.url]' were supplied but are not used yet.
2025-07-31 15:30:07,560 INFO  [org.apa.kaf.com.uti.AppInfoParser] (main) Kafka version: 3.9.0
2025-07-31 15:30:07,560 INFO  [org.apa.kaf.com.uti.AppInfoParser] (main) Kafka commitId: 84caaa6e9da06435
2025-07-31 15:30:07,560 INFO  [org.apa.kaf.com.uti.AppInfoParser] (main) Kafka startTimeMs: 1753975807560
2025-07-31 15:30:07,561 INFO  [io.api.tes.ser.api.KafkaSerdesTester] (Thread-202) Sending message {"key11753975806459": "value-0"} to topic topic-de96162a_9312_4341_adc5_155d726d9009
2025-07-31 15:30:07,567 INFO  [DefaultSchemaResolver] (Thread-202) Retrieving schema content using string: {"type":"record","name":"myrecordconfluent","fields":[{"name":"key11753975806459","type":"string"}]}
2025-07-31 15:30:07,588 INFO  [io.api.tes.ser.api.KafkaSerdesTester] (Thread-202) Sending message {"key11753975806459": "value-1"} to topic topic-de96162a_9312_4341_adc5_155d726d9009
2025-07-31 15:30:07,591 INFO  [io.api.tes.ser.api.KafkaSerdesTester] (Thread-202) Sending message {"key11753975806459": "value-2"} to topic topic-de96162a_9312_4341_adc5_155d726d9009
2025-07-31 15:30:07,593 INFO  [io.api.tes.ser.api.KafkaSerdesTester] (Thread-202) Sending message {"key11753975806459": "value-3"} to topic topic-de96162a_9312_4341_adc5_155d726d9009
2025-07-31 15:30:07,595 INFO  [io.api.tes.ser.api.KafkaSerdesTester] (Thread-202) Sending message {"key11753975806459": "value-4"} to topic topic-de96162a_9312_4341_adc5_155d726d9009
2025-07-31 15:30:07,597 INFO  [io.api.tes.ser.api.KafkaSerdesTester] (Thread-202) Sending message {"key11753975806459": "value-5"} to topic topic-de96162a_9312_4341_adc5_155d726d9009
2025-07-31 15:30:07,599 INFO  [io.api.tes.ser.api.KafkaSerdesTester] (Thread-202) Sending message {"key11753975806459": "value-6"} to topic topic-de96162a_9312_4341_adc5_155d726d9009
2025-07-31 15:30:07,601 INFO  [io.api.tes.ser.api.KafkaSerdesTester] (Thread-202) Sending message {"key11753975806459": "value-7"} to topic topic-de96162a_9312_4341_adc5_155d726d9009
2025-07-31 15:30:07,604 INFO  [io.api.tes.ser.api.KafkaSerdesTester] (Thread-202) Sending message {"key11753975806459": "value-8"} to topic topic-de96162a_9312_4341_adc5_155d726d9009
2025-07-31 15:30:07,607 INFO  [io.api.tes.ser.api.KafkaSerdesTester] (Thread-202) Sending message {"key11753975806459": "value-9"} to topic topic-de96162a_9312_4341_adc5_155d726d9009
2025-07-31 15:30:07,609 INFO  [io.api.tes.ser.api.KafkaSerdesTester] (Thread-202) Produced 10 messages
2025-07-31 15:30:07,609 INFO  [org.apa.kaf.cli.pro.KafkaProducer] (Thread-202) [Producer clientId=Producer-topic-de96162a_9312_4341_adc5_155d726d9009] Closing the Kafka producer with timeoutMillis = 9223372036854775807 ms.
2025-07-31 15:30:07,617 INFO  [org.apa.kaf.com.met.Metrics] (Thread-202) Metrics scheduler closed
2025-07-31 15:30:07,617 INFO  [org.apa.kaf.com.met.Metrics] (Thread-202) Closing reporter org.apache.kafka.common.metrics.JmxReporter
2025-07-31 15:30:07,617 INFO  [org.apa.kaf.com.met.Metrics] (Thread-202) Closing reporter org.apache.kafka.common.telemetry.internals.ClientTelemetryReporter
2025-07-31 15:30:07,617 INFO  [org.apa.kaf.com.met.Metrics] (Thread-202) Metrics reporters closed
2025-07-31 15:30:07,618 INFO  [org.apa.kaf.com.uti.AppInfoParser] (Thread-202) App info kafka.producer for Producer-topic-de96162a_9312_4341_adc5_155d726d9009 unregistered
2025-07-31 15:30:07,621 INFO  [io.api.tes.ser.api.KafkaSerdesTester] (Thread-203) Sending message {"key11753975806459": "value-0"} to topic topic-e4e24f68_d87d_47c6_a3eb_1d4490cc5095
2025-07-31 15:30:07,639 INFO  [DefaultSchemaResolver] (Thread-203) Retrieving schema content using string: {"type":"record","name":"myrecordconfluent","fields":[{"name":"key11753975806459","type":"string"}]}
2025-07-31 15:30:07,666 INFO  [io.api.tes.ser.api.KafkaSerdesTester] (Thread-203) Sending message {"key11753975806459": "value-1"} to topic topic-e4e24f68_d87d_47c6_a3eb_1d4490cc5095
2025-07-31 15:30:07,670 INFO  [io.api.tes.ser.api.KafkaSerdesTester] (Thread-203) Sending message {"key11753975806459": "value-2"} to topic topic-e4e24f68_d87d_47c6_a3eb_1d4490cc5095
2025-07-31 15:30:07,673 INFO  [io.api.tes.ser.api.KafkaSerdesTester] (Thread-203) Sending message {"key11753975806459": "value-3"} to topic topic-e4e24f68_d87d_47c6_a3eb_1d4490cc5095
2025-07-31 15:30:07,675 INFO  [io.api.tes.ser.api.KafkaSerdesTester] (Thread-203) Sending message {"key11753975806459": "value-4"} to topic topic-e4e24f68_d87d_47c6_a3eb_1d4490cc5095
2025-07-31 15:30:07,677 INFO  [io.api.tes.ser.api.KafkaSerdesTester] (Thread-203) Sending message {"key11753975806459": "value-5"} to topic topic-e4e24f68_d87d_47c6_a3eb_1d4490cc5095
2025-07-31 15:30:07,681 INFO  [io.api.tes.ser.api.KafkaSerdesTester] (Thread-203) Sending message {"key11753975806459": "value-6"} to topic topic-e4e24f68_d87d_47c6_a3eb_1d4490cc5095
2025-07-31 15:30:07,683 INFO  [io.api.tes.ser.api.KafkaSerdesTester] (Thread-203) Sending message {"key11753975806459": "value-7"} to topic topic-e4e24f68_d87d_47c6_a3eb_1d4490cc5095
2025-07-31 15:30:07,685 INFO  [io.api.tes.ser.api.KafkaSerdesTester] (Thread-203) Sending message {"key11753975806459": "value-8"} to topic topic-e4e24f68_d87d_47c6_a3eb_1d4490cc5095
2025-07-31 15:30:07,687 INFO  [io.api.tes.ser.api.KafkaSerdesTester] (Thread-203) Sending message {"key11753975806459": "value-9"} to topic topic-e4e24f68_d87d_47c6_a3eb_1d4490cc5095
2025-07-31 15:30:07,689 INFO  [io.api.tes.ser.api.KafkaSerdesTester] (Thread-203) Produced 10 messages
2025-07-31 15:30:07,689 INFO  [org.apa.kaf.cli.pro.KafkaProducer] (Thread-203) [Producer clientId=Producer-topic-e4e24f68_d87d_47c6_a3eb_1d4490cc5095] Closing the Kafka producer with timeoutMillis = 9223372036854775807 ms.
2025-07-31 15:30:07,692 INFO  [org.apa.kaf.com.met.Metrics] (Thread-203) Metrics scheduler closed
2025-07-31 15:30:07,692 INFO  [org.apa.kaf.com.met.Metrics] (Thread-203) Closing reporter org.apache.kafka.common.metrics.JmxReporter
2025-07-31 15:30:07,692 INFO  [org.apa.kaf.com.met.Metrics] (Thread-203) Closing reporter org.apache.kafka.common.telemetry.internals.ClientTelemetryReporter
2025-07-31 15:30:07,692 INFO  [org.apa.kaf.com.met.Metrics] (Thread-203) Metrics reporters closed
2025-07-31 15:30:07,693 INFO  [org.apa.kaf.com.uti.AppInfoParser] (Thread-203) App info kafka.producer for Producer-topic-e4e24f68_d87d_47c6_a3eb_1d4490cc5095 unregistered
2025-07-31 15:30:07,694 INFO  [io.api.tes.ser.api.KafkaSerdesTester] (Thread-204) Sending message {"key11753975806459": "value-0"} to topic topic-90a21b87_a69a_4de6_9b0b_9551a21d16c4
2025-07-31 15:30:07,697 INFO  [DefaultSchemaResolver] (Thread-204) Retrieving schema content using string: {"type":"record","name":"myrecordconfluent","fields":[{"name":"key11753975806459","type":"string"}]}
2025-07-31 15:30:07,720 INFO  [io.api.tes.ser.api.KafkaSerdesTester] (Thread-204) Sending message {"key11753975806459": "value-1"} to topic topic-90a21b87_a69a_4de6_9b0b_9551a21d16c4
2025-07-31 15:30:07,723 INFO  [io.api.tes.ser.api.KafkaSerdesTester] (Thread-204) Sending message {"key11753975806459": "value-2"} to topic topic-90a21b87_a69a_4de6_9b0b_9551a21d16c4
2025-07-31 15:30:07,727 INFO  [io.api.tes.ser.api.KafkaSerdesTester] (Thread-204) Sending message {"key11753975806459": "value-3"} to topic topic-90a21b87_a69a_4de6_9b0b_9551a21d16c4
2025-07-31 15:30:07,729 INFO  [io.api.tes.ser.api.KafkaSerdesTester] (Thread-204) Sending message {"key11753975806459": "value-4"} to topic topic-90a21b87_a69a_4de6_9b0b_9551a21d16c4
2025-07-31 15:30:07,731 INFO  [io.api.tes.ser.api.KafkaSerdesTester] (Thread-204) Sending message {"key11753975806459": "value-5"} to topic topic-90a21b87_a69a_4de6_9b0b_9551a21d16c4
2025-07-31 15:30:07,733 INFO  [io.api.tes.ser.api.KafkaSerdesTester] (Thread-204) Sending message {"key11753975806459": "value-6"} to topic topic-90a21b87_a69a_4de6_9b0b_9551a21d16c4
2025-07-31 15:30:07,740 INFO  [io.api.tes.ser.api.KafkaSerdesTester] (Thread-204) Sending message {"key11753975806459": "value-7"} to topic topic-90a21b87_a69a_4de6_9b0b_9551a21d16c4
2025-07-31 15:30:07,742 INFO  [io.api.tes.ser.api.KafkaSerdesTester] (Thread-204) Sending message {"key11753975806459": "value-8"} to topic topic-90a21b87_a69a_4de6_9b0b_9551a21d16c4
2025-07-31 15:30:07,746 INFO  [io.api.tes.ser.api.KafkaSerdesTester] (Thread-204) Sending message {"key11753975806459": "value-9"} to topic topic-90a21b87_a69a_4de6_9b0b_9551a21d16c4
2025-07-31 15:30:07,749 INFO  [io.api.tes.ser.api.KafkaSerdesTester] (Thread-204) Produced 10 messages
2025-07-31 15:30:07,749 INFO  [org.apa.kaf.cli.pro.KafkaProducer] (Thread-204) [Producer clientId=Producer-topic-90a21b87_a69a_4de6_9b0b_9551a21d16c4] Closing the Kafka producer with timeoutMillis = 9223372036854775807 ms.
2025-07-31 15:30:07,752 INFO  [org.apa.kaf.com.met.Metrics] (Thread-204) Metrics scheduler closed
2025-07-31 15:30:07,753 INFO  [org.apa.kaf.com.met.Metrics] (Thread-204) Closing reporter org.apache.kafka.common.metrics.JmxReporter
2025-07-31 15:30:07,753 INFO  [org.apa.kaf.com.met.Metrics] (Thread-204) Closing reporter org.apache.kafka.common.telemetry.internals.ClientTelemetryReporter
2025-07-31 15:30:07,753 INFO  [org.apa.kaf.com.met.Metrics] (Thread-204) Metrics reporters closed
2025-07-31 15:30:07,753 INFO  [org.apa.kaf.com.uti.AppInfoParser] (Thread-204) App info kafka.producer for Producer-topic-90a21b87_a69a_4de6_9b0b_9551a21d16c4 unregistered
2025-07-31 15:30:07,754 INFO  [org.apa.kaf.cli.con.int.ClassicKafkaConsumer] (Thread-205) [Consumer clientId=consumer-Consumer-topic-de96162a_9312_4341_adc5_155d726d9009-11, groupId=Consumer-topic-de96162a_9312_4341_adc5_155d726d9009] Subscribed to topic(s): topic-de96162a_9312_4341_adc5_155d726d9009
2025-07-31 15:30:07,763 INFO  [org.apa.kaf.cli.Metadata] (Thread-205) [Consumer clientId=consumer-Consumer-topic-de96162a_9312_4341_adc5_155d726d9009-11, groupId=Consumer-topic-de96162a_9312_4341_adc5_155d726d9009] Cluster ID: PmaraPXQRTuATyXg1suJRg
2025-07-31 15:30:07,763 INFO  [org.apa.kaf.cli.con.int.ConsumerCoordinator] (Thread-205) [Consumer clientId=consumer-Consumer-topic-de96162a_9312_4341_adc5_155d726d9009-11, groupId=Consumer-topic-de96162a_9312_4341_adc5_155d726d9009] Discovered group coordinator localhost:32770 (id: 2147483647 rack: null)
2025-07-31 15:30:07,765 INFO  [org.apa.kaf.cli.con.int.ConsumerCoordinator] (Thread-205) [Consumer clientId=consumer-Consumer-topic-de96162a_9312_4341_adc5_155d726d9009-11, groupId=Consumer-topic-de96162a_9312_4341_adc5_155d726d9009] (Re-)joining group
2025-07-31 15:30:07,767 INFO  [org.apa.kaf.cli.con.int.ConsumerCoordinator] (Thread-205) [Consumer clientId=consumer-Consumer-topic-de96162a_9312_4341_adc5_155d726d9009-11, groupId=Consumer-topic-de96162a_9312_4341_adc5_155d726d9009] Request joining group due to: need to re-join with the given member-id: consumer-Consumer-topic-de96162a_9312_4341_adc5_155d726d9009-11-fcb19cc6-4d5d-4ba2-91e9-b7119c3f077b
2025-07-31 15:30:07,768 INFO  [org.apa.kaf.cli.con.int.ConsumerCoordinator] (Thread-205) [Consumer clientId=consumer-Consumer-topic-de96162a_9312_4341_adc5_155d726d9009-11, groupId=Consumer-topic-de96162a_9312_4341_adc5_155d726d9009] (Re-)joining group
2025-07-31 15:30:07,770 INFO  [org.apa.kaf.cli.con.int.ConsumerCoordinator] (Thread-205) [Consumer clientId=consumer-Consumer-topic-de96162a_9312_4341_adc5_155d726d9009-11, groupId=Consumer-topic-de96162a_9312_4341_adc5_155d726d9009] Successfully joined group with generation Generation{generationId=1, memberId='consumer-Consumer-topic-de96162a_9312_4341_adc5_155d726d9009-11-fcb19cc6-4d5d-4ba2-91e9-b7119c3f077b', protocol='range'}
2025-07-31 15:30:07,770 INFO  [org.apa.kaf.cli.con.int.ConsumerCoordinator] (Thread-205) [Consumer clientId=consumer-Consumer-topic-de96162a_9312_4341_adc5_155d726d9009-11, groupId=Consumer-topic-de96162a_9312_4341_adc5_155d726d9009] Finished assignment for group at generation 1: {consumer-Consumer-topic-de96162a_9312_4341_adc5_155d726d9009-11-fcb19cc6-4d5d-4ba2-91e9-b7119c3f077b=Assignment(partitions=[topic-de96162a_9312_4341_adc5_155d726d9009-0])}
2025-07-31 15:30:07,776 INFO  [org.apa.kaf.cli.con.int.ConsumerCoordinator] (Thread-205) [Consumer clientId=consumer-Consumer-topic-de96162a_9312_4341_adc5_155d726d9009-11, groupId=Consumer-topic-de96162a_9312_4341_adc5_155d726d9009] Successfully synced group in generation Generation{generationId=1, memberId='consumer-Consumer-topic-de96162a_9312_4341_adc5_155d726d9009-11-fcb19cc6-4d5d-4ba2-91e9-b7119c3f077b', protocol='range'}
2025-07-31 15:30:07,776 INFO  [org.apa.kaf.cli.con.int.ConsumerCoordinator] (Thread-205) [Consumer clientId=consumer-Consumer-topic-de96162a_9312_4341_adc5_155d726d9009-11, groupId=Consumer-topic-de96162a_9312_4341_adc5_155d726d9009] Notifying assignor about the new Assignment(partitions=[topic-de96162a_9312_4341_adc5_155d726d9009-0])
2025-07-31 15:30:07,776 INFO  [org.apa.kaf.cli.con.int.ConsumerRebalanceListenerInvoker] (Thread-205) [Consumer clientId=consumer-Consumer-topic-de96162a_9312_4341_adc5_155d726d9009-11, groupId=Consumer-topic-de96162a_9312_4341_adc5_155d726d9009] Adding newly assigned partitions: topic-de96162a_9312_4341_adc5_155d726d9009-0
2025-07-31 15:30:07,778 INFO  [org.apa.kaf.cli.con.int.ConsumerCoordinator] (Thread-205) [Consumer clientId=consumer-Consumer-topic-de96162a_9312_4341_adc5_155d726d9009-11, groupId=Consumer-topic-de96162a_9312_4341_adc5_155d726d9009] Found no committed offset for partition topic-de96162a_9312_4341_adc5_155d726d9009-0
2025-07-31 15:30:07,783 INFO  [org.apa.kaf.cli.con.int.SubscriptionState] (Thread-205) [Consumer clientId=consumer-Consumer-topic-de96162a_9312_4341_adc5_155d726d9009-11, groupId=Consumer-topic-de96162a_9312_4341_adc5_155d726d9009] Resetting offset for partition topic-de96162a_9312_4341_adc5_155d726d9009-0 to position FetchPosition{offset=0, offsetEpoch=Optional.empty, currentLeader=LeaderAndEpoch{leader=Optional[localhost:32770 (id: 0 rack: null)], epoch=0}}.
2025-07-31 15:30:07,813 INFO  [io.api.tes.ser.api.KafkaSerdesTester] (Thread-205) topic-de96162a_9312_4341_adc5_155d726d9009 0 0 {"key11753975806459": "value-0"}
2025-07-31 15:30:07,814 INFO  [io.api.tes.ser.api.KafkaSerdesTester] (Thread-205) topic-de96162a_9312_4341_adc5_155d726d9009 0 1 {"key11753975806459": "value-1"}
2025-07-31 15:30:07,814 INFO  [io.api.tes.ser.api.KafkaSerdesTester] (Thread-205) topic-de96162a_9312_4341_adc5_155d726d9009 0 2 {"key11753975806459": "value-2"}
2025-07-31 15:30:07,815 INFO  [io.api.tes.ser.api.KafkaSerdesTester] (Thread-205) topic-de96162a_9312_4341_adc5_155d726d9009 0 3 {"key11753975806459": "value-3"}
2025-07-31 15:30:07,815 INFO  [io.api.tes.ser.api.KafkaSerdesTester] (Thread-205) topic-de96162a_9312_4341_adc5_155d726d9009 0 4 {"key11753975806459": "value-4"}
2025-07-31 15:30:07,815 INFO  [io.api.tes.ser.api.KafkaSerdesTester] (Thread-205) topic-de96162a_9312_4341_adc5_155d726d9009 0 5 {"key11753975806459": "value-5"}
2025-07-31 15:30:07,815 INFO  [io.api.tes.ser.api.KafkaSerdesTester] (Thread-205) topic-de96162a_9312_4341_adc5_155d726d9009 0 6 {"key11753975806459": "value-6"}
2025-07-31 15:30:07,815 INFO  [io.api.tes.ser.api.KafkaSerdesTester] (Thread-205) topic-de96162a_9312_4341_adc5_155d726d9009 0 7 {"key11753975806459": "value-7"}
2025-07-31 15:30:07,815 INFO  [io.api.tes.ser.api.KafkaSerdesTester] (Thread-205) topic-de96162a_9312_4341_adc5_155d726d9009 0 8 {"key11753975806459": "value-8"}
2025-07-31 15:30:07,815 INFO  [io.api.tes.ser.api.KafkaSerdesTester] (Thread-205) topic-de96162a_9312_4341_adc5_155d726d9009 0 9 {"key11753975806459": "value-9"}
2025-07-31 15:30:07,815 INFO  [io.api.tes.ser.api.KafkaSerdesTester] (Thread-205) Consumed 10 messages
2025-07-31 15:30:07,821 INFO  [org.apa.kaf.cli.con.int.ConsumerRebalanceListenerInvoker] (Thread-205) [Consumer clientId=consumer-Consumer-topic-de96162a_9312_4341_adc5_155d726d9009-11, groupId=Consumer-topic-de96162a_9312_4341_adc5_155d726d9009] Revoke previously assigned partitions topic-de96162a_9312_4341_adc5_155d726d9009-0
2025-07-31 15:30:07,821 INFO  [org.apa.kaf.cli.con.int.ConsumerCoordinator] (Thread-205) [Consumer clientId=consumer-Consumer-topic-de96162a_9312_4341_adc5_155d726d9009-11, groupId=Consumer-topic-de96162a_9312_4341_adc5_155d726d9009] Member consumer-Consumer-topic-de96162a_9312_4341_adc5_155d726d9009-11-fcb19cc6-4d5d-4ba2-91e9-b7119c3f077b sending LeaveGroup request to coordinator localhost:32770 (id: 2147483647 rack: null) due to the consumer is being closed
2025-07-31 15:30:07,821 INFO  [org.apa.kaf.cli.con.int.ConsumerCoordinator] (Thread-205) [Consumer clientId=consumer-Consumer-topic-de96162a_9312_4341_adc5_155d726d9009-11, groupId=Consumer-topic-de96162a_9312_4341_adc5_155d726d9009] Resetting generation and member id due to: consumer pro-actively leaving the group
2025-07-31 15:30:07,824 INFO  [org.apa.kaf.cli.con.int.ConsumerCoordinator] (Thread-205) [Consumer clientId=consumer-Consumer-topic-de96162a_9312_4341_adc5_155d726d9009-11, groupId=Consumer-topic-de96162a_9312_4341_adc5_155d726d9009] Request joining group due to: consumer pro-actively leaving the group
2025-07-31 15:30:08,318 INFO  [org.apa.kaf.com.met.Metrics] (Thread-205) Metrics scheduler closed
2025-07-31 15:30:08,318 INFO  [org.apa.kaf.com.met.Metrics] (Thread-205) Closing reporter org.apache.kafka.common.metrics.JmxReporter
2025-07-31 15:30:08,318 INFO  [org.apa.kaf.com.met.Metrics] (Thread-205) Closing reporter org.apache.kafka.common.telemetry.internals.ClientTelemetryReporter
2025-07-31 15:30:08,318 INFO  [org.apa.kaf.com.met.Metrics] (Thread-205) Metrics reporters closed
2025-07-31 15:30:08,321 INFO  [org.apa.kaf.com.uti.AppInfoParser] (Thread-205) App info kafka.consumer for consumer-Consumer-topic-de96162a_9312_4341_adc5_155d726d9009-11 unregistered
2025-07-31 15:30:08,324 INFO  [org.apa.kaf.cli.con.int.ClassicKafkaConsumer] (Thread-206) [Consumer clientId=consumer-Consumer-topic-e4e24f68_d87d_47c6_a3eb_1d4490cc5095-12, groupId=Consumer-topic-e4e24f68_d87d_47c6_a3eb_1d4490cc5095] Subscribed to topic(s): topic-e4e24f68_d87d_47c6_a3eb_1d4490cc5095
2025-07-31 15:30:08,330 INFO  [org.apa.kaf.cli.Metadata] (Thread-206) [Consumer clientId=consumer-Consumer-topic-e4e24f68_d87d_47c6_a3eb_1d4490cc5095-12, groupId=Consumer-topic-e4e24f68_d87d_47c6_a3eb_1d4490cc5095] Cluster ID: PmaraPXQRTuATyXg1suJRg
2025-07-31 15:30:08,331 INFO  [org.apa.kaf.cli.con.int.ConsumerCoordinator] (Thread-206) [Consumer clientId=consumer-Consumer-topic-e4e24f68_d87d_47c6_a3eb_1d4490cc5095-12, groupId=Consumer-topic-e4e24f68_d87d_47c6_a3eb_1d4490cc5095] Discovered group coordinator localhost:32770 (id: 2147483647 rack: null)
2025-07-31 15:30:08,334 INFO  [org.apa.kaf.cli.con.int.ConsumerCoordinator] (Thread-206) [Consumer clientId=consumer-Consumer-topic-e4e24f68_d87d_47c6_a3eb_1d4490cc5095-12, groupId=Consumer-topic-e4e24f68_d87d_47c6_a3eb_1d4490cc5095] (Re-)joining group
2025-07-31 15:30:08,341 INFO  [org.apa.kaf.cli.con.int.ConsumerCoordinator] (Thread-206) [Consumer clientId=consumer-Consumer-topic-e4e24f68_d87d_47c6_a3eb_1d4490cc5095-12, groupId=Consumer-topic-e4e24f68_d87d_47c6_a3eb_1d4490cc5095] Request joining group due to: need to re-join with the given member-id: consumer-Consumer-topic-e4e24f68_d87d_47c6_a3eb_1d4490cc5095-12-97adb792-936d-4cd1-b6ca-225fa6aae8ac
2025-07-31 15:30:08,341 INFO  [org.apa.kaf.cli.con.int.ConsumerCoordinator] (Thread-206) [Consumer clientId=consumer-Consumer-topic-e4e24f68_d87d_47c6_a3eb_1d4490cc5095-12, groupId=Consumer-topic-e4e24f68_d87d_47c6_a3eb_1d4490cc5095] (Re-)joining group
2025-07-31 15:30:08,346 INFO  [org.apa.kaf.cli.con.int.ConsumerCoordinator] (Thread-206) [Consumer clientId=consumer-Consumer-topic-e4e24f68_d87d_47c6_a3eb_1d4490cc5095-12, groupId=Consumer-topic-e4e24f68_d87d_47c6_a3eb_1d4490cc5095] Successfully joined group with generation Generation{generationId=1, memberId='consumer-Consumer-topic-e4e24f68_d87d_47c6_a3eb_1d4490cc5095-12-97adb792-936d-4cd1-b6ca-225fa6aae8ac', protocol='range'}
2025-07-31 15:30:08,347 INFO  [org.apa.kaf.cli.con.int.ConsumerCoordinator] (Thread-206) [Consumer clientId=consumer-Consumer-topic-e4e24f68_d87d_47c6_a3eb_1d4490cc5095-12, groupId=Consumer-topic-e4e24f68_d87d_47c6_a3eb_1d4490cc5095] Finished assignment for group at generation 1: {consumer-Consumer-topic-e4e24f68_d87d_47c6_a3eb_1d4490cc5095-12-97adb792-936d-4cd1-b6ca-225fa6aae8ac=Assignment(partitions=[topic-e4e24f68_d87d_47c6_a3eb_1d4490cc5095-0])}
2025-07-31 15:30:08,354 INFO  [org.apa.kaf.cli.con.int.ConsumerCoordinator] (Thread-206) [Consumer clientId=consumer-Consumer-topic-e4e24f68_d87d_47c6_a3eb_1d4490cc5095-12, groupId=Consumer-topic-e4e24f68_d87d_47c6_a3eb_1d4490cc5095] Successfully synced group in generation Generation{generationId=1, memberId='consumer-Consumer-topic-e4e24f68_d87d_47c6_a3eb_1d4490cc5095-12-97adb792-936d-4cd1-b6ca-225fa6aae8ac', protocol='range'}
2025-07-31 15:30:08,354 INFO  [org.apa.kaf.cli.con.int.ConsumerCoordinator] (Thread-206) [Consumer clientId=consumer-Consumer-topic-e4e24f68_d87d_47c6_a3eb_1d4490cc5095-12, groupId=Consumer-topic-e4e24f68_d87d_47c6_a3eb_1d4490cc5095] Notifying assignor about the new Assignment(partitions=[topic-e4e24f68_d87d_47c6_a3eb_1d4490cc5095-0])
2025-07-31 15:30:08,354 INFO  [org.apa.kaf.cli.con.int.ConsumerRebalanceListenerInvoker] (Thread-206) [Consumer clientId=consumer-Consumer-topic-e4e24f68_d87d_47c6_a3eb_1d4490cc5095-12, groupId=Consumer-topic-e4e24f68_d87d_47c6_a3eb_1d4490cc5095] Adding newly assigned partitions: topic-e4e24f68_d87d_47c6_a3eb_1d4490cc5095-0
2025-07-31 15:30:08,358 INFO  [org.apa.kaf.cli.con.int.ConsumerCoordinator] (Thread-206) [Consumer clientId=consumer-Consumer-topic-e4e24f68_d87d_47c6_a3eb_1d4490cc5095-12, groupId=Consumer-topic-e4e24f68_d87d_47c6_a3eb_1d4490cc5095] Found no committed offset for partition topic-e4e24f68_d87d_47c6_a3eb_1d4490cc5095-0
2025-07-31 15:30:08,363 INFO  [org.apa.kaf.cli.con.int.SubscriptionState] (Thread-206) [Consumer clientId=consumer-Consumer-topic-e4e24f68_d87d_47c6_a3eb_1d4490cc5095-12, groupId=Consumer-topic-e4e24f68_d87d_47c6_a3eb_1d4490cc5095] Resetting offset for partition topic-e4e24f68_d87d_47c6_a3eb_1d4490cc5095-0 to position FetchPosition{offset=0, offsetEpoch=Optional.empty, currentLeader=LeaderAndEpoch{leader=Optional[localhost:32770 (id: 0 rack: null)], epoch=0}}.
2025-07-31 15:30:08,399 INFO  [io.api.tes.ser.api.KafkaSerdesTester] (Thread-206) topic-e4e24f68_d87d_47c6_a3eb_1d4490cc5095 0 0 {"key11753975806459": "value-0"}
2025-07-31 15:30:08,399 INFO  [io.api.tes.ser.api.KafkaSerdesTester] (Thread-206) topic-e4e24f68_d87d_47c6_a3eb_1d4490cc5095 0 1 {"key11753975806459": "value-1"}
2025-07-31 15:30:08,399 INFO  [io.api.tes.ser.api.KafkaSerdesTester] (Thread-206) topic-e4e24f68_d87d_47c6_a3eb_1d4490cc5095 0 2 {"key11753975806459": "value-2"}
2025-07-31 15:30:08,399 INFO  [io.api.tes.ser.api.KafkaSerdesTester] (Thread-206) topic-e4e24f68_d87d_47c6_a3eb_1d4490cc5095 0 3 {"key11753975806459": "value-3"}
2025-07-31 15:30:08,399 INFO  [io.api.tes.ser.api.KafkaSerdesTester] (Thread-206) topic-e4e24f68_d87d_47c6_a3eb_1d4490cc5095 0 4 {"key11753975806459": "value-4"}
2025-07-31 15:30:08,399 INFO  [io.api.tes.ser.api.KafkaSerdesTester] (Thread-206) topic-e4e24f68_d87d_47c6_a3eb_1d4490cc5095 0 5 {"key11753975806459": "value-5"}
2025-07-31 15:30:08,399 INFO  [io.api.tes.ser.api.KafkaSerdesTester] (Thread-206) topic-e4e24f68_d87d_47c6_a3eb_1d4490cc5095 0 6 {"key11753975806459": "value-6"}
2025-07-31 15:30:08,399 INFO  [io.api.tes.ser.api.KafkaSerdesTester] (Thread-206) topic-e4e24f68_d87d_47c6_a3eb_1d4490cc5095 0 7 {"key11753975806459": "value-7"}
2025-07-31 15:30:08,399 INFO  [io.api.tes.ser.api.KafkaSerdesTester] (Thread-206) topic-e4e24f68_d87d_47c6_a3eb_1d4490cc5095 0 8 {"key11753975806459": "value-8"}
2025-07-31 15:30:08,399 INFO  [io.api.tes.ser.api.KafkaSerdesTester] (Thread-206) topic-e4e24f68_d87d_47c6_a3eb_1d4490cc5095 0 9 {"key11753975806459": "value-9"}
2025-07-31 15:30:08,399 INFO  [io.api.tes.ser.api.KafkaSerdesTester] (Thread-206) Consumed 10 messages
2025-07-31 15:30:08,403 INFO  [org.apa.kaf.cli.con.int.ConsumerRebalanceListenerInvoker] (Thread-206) [Consumer clientId=consumer-Consumer-topic-e4e24f68_d87d_47c6_a3eb_1d4490cc5095-12, groupId=Consumer-topic-e4e24f68_d87d_47c6_a3eb_1d4490cc5095] Revoke previously assigned partitions topic-e4e24f68_d87d_47c6_a3eb_1d4490cc5095-0
2025-07-31 15:30:08,403 INFO  [org.apa.kaf.cli.con.int.ConsumerCoordinator] (Thread-206) [Consumer clientId=consumer-Consumer-topic-e4e24f68_d87d_47c6_a3eb_1d4490cc5095-12, groupId=Consumer-topic-e4e24f68_d87d_47c6_a3eb_1d4490cc5095] Member consumer-Consumer-topic-e4e24f68_d87d_47c6_a3eb_1d4490cc5095-12-97adb792-936d-4cd1-b6ca-225fa6aae8ac sending LeaveGroup request to coordinator localhost:32770 (id: 2147483647 rack: null) due to the consumer is being closed
2025-07-31 15:30:08,404 INFO  [org.apa.kaf.cli.con.int.ConsumerCoordinator] (Thread-206) [Consumer clientId=consumer-Consumer-topic-e4e24f68_d87d_47c6_a3eb_1d4490cc5095-12, groupId=Consumer-topic-e4e24f68_d87d_47c6_a3eb_1d4490cc5095] Resetting generation and member id due to: consumer pro-actively leaving the group
2025-07-31 15:30:08,404 INFO  [org.apa.kaf.cli.con.int.ConsumerCoordinator] (Thread-206) [Consumer clientId=consumer-Consumer-topic-e4e24f68_d87d_47c6_a3eb_1d4490cc5095-12, groupId=Consumer-topic-e4e24f68_d87d_47c6_a3eb_1d4490cc5095] Request joining group due to: consumer pro-actively leaving the group
2025-07-31 15:30:08,904 INFO  [org.apa.kaf.com.met.Metrics] (Thread-206) Metrics scheduler closed
2025-07-31 15:30:08,904 INFO  [org.apa.kaf.com.met.Metrics] (Thread-206) Closing reporter org.apache.kafka.common.metrics.JmxReporter
2025-07-31 15:30:08,904 INFO  [org.apa.kaf.com.met.Metrics] (Thread-206) Closing reporter org.apache.kafka.common.telemetry.internals.ClientTelemetryReporter
2025-07-31 15:30:08,904 INFO  [org.apa.kaf.com.met.Metrics] (Thread-206) Metrics reporters closed
2025-07-31 15:30:08,906 INFO  [org.apa.kaf.com.uti.AppInfoParser] (Thread-206) App info kafka.consumer for consumer-Consumer-topic-e4e24f68_d87d_47c6_a3eb_1d4490cc5095-12 unregistered
2025-07-31 15:30:08,908 INFO  [org.apa.kaf.cli.con.int.ClassicKafkaConsumer] (Thread-207) [Consumer clientId=consumer-Consumer-topic-90a21b87_a69a_4de6_9b0b_9551a21d16c4-13, groupId=Consumer-topic-90a21b87_a69a_4de6_9b0b_9551a21d16c4] Subscribed to topic(s): topic-90a21b87_a69a_4de6_9b0b_9551a21d16c4
2025-07-31 15:30:08,913 INFO  [org.apa.kaf.cli.Metadata] (Thread-207) [Consumer clientId=consumer-Consumer-topic-90a21b87_a69a_4de6_9b0b_9551a21d16c4-13, groupId=Consumer-topic-90a21b87_a69a_4de6_9b0b_9551a21d16c4] Cluster ID: PmaraPXQRTuATyXg1suJRg
2025-07-31 15:30:08,913 INFO  [org.apa.kaf.cli.con.int.ConsumerCoordinator] (Thread-207) [Consumer clientId=consumer-Consumer-topic-90a21b87_a69a_4de6_9b0b_9551a21d16c4-13, groupId=Consumer-topic-90a21b87_a69a_4de6_9b0b_9551a21d16c4] Discovered group coordinator localhost:32770 (id: 2147483647 rack: null)
2025-07-31 15:30:08,914 INFO  [org.apa.kaf.cli.con.int.ConsumerCoordinator] (Thread-207) [Consumer clientId=consumer-Consumer-topic-90a21b87_a69a_4de6_9b0b_9551a21d16c4-13, groupId=Consumer-topic-90a21b87_a69a_4de6_9b0b_9551a21d16c4] (Re-)joining group
2025-07-31 15:30:08,916 INFO  [org.apa.kaf.cli.con.int.ConsumerCoordinator] (Thread-207) [Consumer clientId=consumer-Consumer-topic-90a21b87_a69a_4de6_9b0b_9551a21d16c4-13, groupId=Consumer-topic-90a21b87_a69a_4de6_9b0b_9551a21d16c4] Request joining group due to: need to re-join with the given member-id: consumer-Consumer-topic-90a21b87_a69a_4de6_9b0b_9551a21d16c4-13-45048044-b0b5-426c-a5a1-a7c851b57e10
2025-07-31 15:30:08,916 INFO  [org.apa.kaf.cli.con.int.ConsumerCoordinator] (Thread-207) [Consumer clientId=consumer-Consumer-topic-90a21b87_a69a_4de6_9b0b_9551a21d16c4-13, groupId=Consumer-topic-90a21b87_a69a_4de6_9b0b_9551a21d16c4] (Re-)joining group
2025-07-31 15:30:08,920 INFO  [org.apa.kaf.cli.con.int.ConsumerCoordinator] (Thread-207) [Consumer clientId=consumer-Consumer-topic-90a21b87_a69a_4de6_9b0b_9551a21d16c4-13, groupId=Consumer-topic-90a21b87_a69a_4de6_9b0b_9551a21d16c4] Successfully joined group with generation Generation{generationId=1, memberId='consumer-Consumer-topic-90a21b87_a69a_4de6_9b0b_9551a21d16c4-13-45048044-b0b5-426c-a5a1-a7c851b57e10', protocol='range'}
2025-07-31 15:30:08,921 INFO  [org.apa.kaf.cli.con.int.ConsumerCoordinator] (Thread-207) [Consumer clientId=consumer-Consumer-topic-90a21b87_a69a_4de6_9b0b_9551a21d16c4-13, groupId=Consumer-topic-90a21b87_a69a_4de6_9b0b_9551a21d16c4] Finished assignment for group at generation 1: {consumer-Consumer-topic-90a21b87_a69a_4de6_9b0b_9551a21d16c4-13-45048044-b0b5-426c-a5a1-a7c851b57e10=Assignment(partitions=[topic-90a21b87_a69a_4de6_9b0b_9551a21d16c4-0])}
2025-07-31 15:30:08,923 INFO  [org.apa.kaf.cli.con.int.ConsumerCoordinator] (Thread-207) [Consumer clientId=consumer-Consumer-topic-90a21b87_a69a_4de6_9b0b_9551a21d16c4-13, groupId=Consumer-topic-90a21b87_a69a_4de6_9b0b_9551a21d16c4] Successfully synced group in generation Generation{generationId=1, memberId='consumer-Consumer-topic-90a21b87_a69a_4de6_9b0b_9551a21d16c4-13-45048044-b0b5-426c-a5a1-a7c851b57e10', protocol='range'}
2025-07-31 15:30:08,924 INFO  [org.apa.kaf.cli.con.int.ConsumerCoordinator] (Thread-207) [Consumer clientId=consumer-Consumer-topic-90a21b87_a69a_4de6_9b0b_9551a21d16c4-13, groupId=Consumer-topic-90a21b87_a69a_4de6_9b0b_9551a21d16c4] Notifying assignor about the new Assignment(partitions=[topic-90a21b87_a69a_4de6_9b0b_9551a21d16c4-0])
2025-07-31 15:30:08,924 INFO  [org.apa.kaf.cli.con.int.ConsumerRebalanceListenerInvoker] (Thread-207) [Consumer clientId=consumer-Consumer-topic-90a21b87_a69a_4de6_9b0b_9551a21d16c4-13, groupId=Consumer-topic-90a21b87_a69a_4de6_9b0b_9551a21d16c4] Adding newly assigned partitions: topic-90a21b87_a69a_4de6_9b0b_9551a21d16c4-0
2025-07-31 15:30:08,925 INFO  [org.apa.kaf.cli.con.int.ConsumerCoordinator] (Thread-207) [Consumer clientId=consumer-Consumer-topic-90a21b87_a69a_4de6_9b0b_9551a21d16c4-13, groupId=Consumer-topic-90a21b87_a69a_4de6_9b0b_9551a21d16c4] Found no committed offset for partition topic-90a21b87_a69a_4de6_9b0b_9551a21d16c4-0
2025-07-31 15:30:08,928 INFO  [org.apa.kaf.cli.con.int.SubscriptionState] (Thread-207) [Consumer clientId=consumer-Consumer-topic-90a21b87_a69a_4de6_9b0b_9551a21d16c4-13, groupId=Consumer-topic-90a21b87_a69a_4de6_9b0b_9551a21d16c4] Resetting offset for partition topic-90a21b87_a69a_4de6_9b0b_9551a21d16c4-0 to position FetchPosition{offset=0, offsetEpoch=Optional.empty, currentLeader=LeaderAndEpoch{leader=Optional[localhost:32770 (id: 0 rack: null)], epoch=0}}.
2025-07-31 15:30:08,956 INFO  [io.api.tes.ser.api.KafkaSerdesTester] (Thread-207) topic-90a21b87_a69a_4de6_9b0b_9551a21d16c4 0 0 {"key11753975806459": "value-0"}
2025-07-31 15:30:08,957 INFO  [io.api.tes.ser.api.KafkaSerdesTester] (Thread-207) topic-90a21b87_a69a_4de6_9b0b_9551a21d16c4 0 1 {"key11753975806459": "value-1"}
2025-07-31 15:30:08,957 INFO  [io.api.tes.ser.api.KafkaSerdesTester] (Thread-207) topic-90a21b87_a69a_4de6_9b0b_9551a21d16c4 0 2 {"key11753975806459": "value-2"}
2025-07-31 15:30:08,957 INFO  [io.api.tes.ser.api.KafkaSerdesTester] (Thread-207) topic-90a21b87_a69a_4de6_9b0b_9551a21d16c4 0 3 {"key11753975806459": "value-3"}
2025-07-31 15:30:08,957 INFO  [io.api.tes.ser.api.KafkaSerdesTester] (Thread-207) topic-90a21b87_a69a_4de6_9b0b_9551a21d16c4 0 4 {"key11753975806459": "value-4"}
2025-07-31 15:30:08,957 INFO  [io.api.tes.ser.api.KafkaSerdesTester] (Thread-207) topic-90a21b87_a69a_4de6_9b0b_9551a21d16c4 0 5 {"key11753975806459": "value-5"}
2025-07-31 15:30:08,957 INFO  [io.api.tes.ser.api.KafkaSerdesTester] (Thread-207) topic-90a21b87_a69a_4de6_9b0b_9551a21d16c4 0 6 {"key11753975806459": "value-6"}
2025-07-31 15:30:08,957 INFO  [io.api.tes.ser.api.KafkaSerdesTester] (Thread-207) topic-90a21b87_a69a_4de6_9b0b_9551a21d16c4 0 7 {"key11753975806459": "value-7"}
2025-07-31 15:30:08,957 INFO  [io.api.tes.ser.api.KafkaSerdesTester] (Thread-207) topic-90a21b87_a69a_4de6_9b0b_9551a21d16c4 0 8 {"key11753975806459": "value-8"}
2025-07-31 15:30:08,957 INFO  [io.api.tes.ser.api.KafkaSerdesTester] (Thread-207) topic-90a21b87_a69a_4de6_9b0b_9551a21d16c4 0 9 {"key11753975806459": "value-9"}
2025-07-31 15:30:08,957 INFO  [io.api.tes.ser.api.KafkaSerdesTester] (Thread-207) Consumed 10 messages
2025-07-31 15:30:08,960 INFO  [org.apa.kaf.cli.con.int.ConsumerRebalanceListenerInvoker] (Thread-207) [Consumer clientId=consumer-Consumer-topic-90a21b87_a69a_4de6_9b0b_9551a21d16c4-13, groupId=Consumer-topic-90a21b87_a69a_4de6_9b0b_9551a21d16c4] Revoke previously assigned partitions topic-90a21b87_a69a_4de6_9b0b_9551a21d16c4-0
2025-07-31 15:30:08,960 INFO  [org.apa.kaf.cli.con.int.ConsumerCoordinator] (Thread-207) [Consumer clientId=consumer-Consumer-topic-90a21b87_a69a_4de6_9b0b_9551a21d16c4-13, groupId=Consumer-topic-90a21b87_a69a_4de6_9b0b_9551a21d16c4] Member consumer-Consumer-topic-90a21b87_a69a_4de6_9b0b_9551a21d16c4-13-45048044-b0b5-426c-a5a1-a7c851b57e10 sending LeaveGroup request to coordinator localhost:32770 (id: 2147483647 rack: null) due to the consumer is being closed
2025-07-31 15:30:08,960 INFO  [org.apa.kaf.cli.con.int.ConsumerCoordinator] (Thread-207) [Consumer clientId=consumer-Consumer-topic-90a21b87_a69a_4de6_9b0b_9551a21d16c4-13, groupId=Consumer-topic-90a21b87_a69a_4de6_9b0b_9551a21d16c4] Resetting generation and member id due to: consumer pro-actively leaving the group
2025-07-31 15:30:08,960 INFO  [org.apa.kaf.cli.con.int.ConsumerCoordinator] (Thread-207) [Consumer clientId=consumer-Consumer-topic-90a21b87_a69a_4de6_9b0b_9551a21d16c4-13, groupId=Consumer-topic-90a21b87_a69a_4de6_9b0b_9551a21d16c4] Request joining group due to: consumer pro-actively leaving the group
2025-07-31 15:30:09,460 INFO  [org.apa.kaf.com.met.Metrics] (Thread-207) Metrics scheduler closed
2025-07-31 15:30:09,460 INFO  [org.apa.kaf.com.met.Metrics] (Thread-207) Closing reporter org.apache.kafka.common.metrics.JmxReporter
2025-07-31 15:30:09,460 INFO  [org.apa.kaf.com.met.Metrics] (Thread-207) Closing reporter org.apache.kafka.common.telemetry.internals.ClientTelemetryReporter
2025-07-31 15:30:09,460 INFO  [org.apa.kaf.com.met.Metrics] (Thread-207) Metrics reporters closed
2025-07-31 15:30:09,462 INFO  [org.apa.kaf.com.uti.AppInfoParser] (Thread-207) App info kafka.consumer for consumer-Consumer-topic-90a21b87_a69a_4de6_9b0b_9551a21d16c4-13 unregistered
2025-07-31 15:30:09,462 INFO  [io.api.tes.uti.TestSeparator] (main) io.apicurio.tests.serdes.apicurio.AvroSerdeIT.testAvroConfluentForMultipleTopics-FINISHED
2025-07-31 15:30:09,462 INFO  [io.api.tes.uti.TestSeparator] (main) ############################################################################
]]></system-out>
  </testcase>
  <testcase name="testFirstRequestFailsRateLimited" classname="io.apicurio.tests.serdes.apicurio.AvroSerdeIT" time="1.027">
    <system-out><![CDATA[2025-07-31 15:30:09,465 INFO  [io.api.tes.uti.TestSeparator] (main) ############################################################################
2025-07-31 15:30:09,465 INFO  [io.api.tes.uti.TestSeparator] (main) io.apicurio.tests.serdes.apicurio.AvroSerdeIT.testFirstRequestFailsRateLimited-STARTED
2025-07-31 15:30:09,955 WARN  [org.ecl.jet.ser.AbstractConnector] (main) Acceptors should be <= availableProcessors: NetworkTrafficServerConnector@1f1d3207{HTTP/1.1, (http/1.1, h2c)}{0.0.0.0:0} 
2025-07-31 15:30:10,083 INFO  [org.ecl.jet.ser.Server] (main) jetty-11.0.15; built: 2023-04-11T18:37:53.775Z; git: 5bc5e562c8d05c5862505aebe5cf83a61bdbcb96; jvm 17.0.16+8
2025-07-31 15:30:10,111 INFO  [org.ecl.jet.ser.han.ContextHandler] (main) Started o.e.j.s.ServletContextHandler@8be5379{/__admin,null,AVAILABLE}
2025-07-31 15:30:10,121 INFO  [org.ecl.jet.ser.han.Con.ROOT] (main) RequestHandlerClass from context returned com.github.tomakehurst.wiremock.http.StubRequestHandler. Normalized mapped under returned 'null'
2025-07-31 15:30:10,122 INFO  [org.ecl.jet.ser.han.ContextHandler] (main) Started o.e.j.s.ServletContextHandler@2213c8fe{/,null,AVAILABLE}
2025-07-31 15:30:10,129 INFO  [org.ecl.jet.ser.AbstractConnector] (main) Started NetworkTrafficServerConnector@1f1d3207{HTTP/1.1, (http/1.1, h2c)}{0.0.0.0:38515}
2025-07-31 15:30:10,131 INFO  [org.ecl.jet.ser.Server] (main) Started Server@4037fcc{STARTING}[11.0.15,sto=1000] @49397ms
2025-07-31 15:30:10,144 INFO  [org.apa.kaf.cli.pro.ProducerConfig] (main) ProducerConfig values: 
	acks = -1
	auto.include.jmx.reporter = true
	batch.size = 16384
	bootstrap.servers = [PLAINTEXT://localhost:32770]
	buffer.memory = 33554432
	client.dns.lookup = use_all_dns_ips
	client.id = Producer-topic-693f80df_56a8_4bba_a4ef_6856e6942adf
	compression.gzip.level = -1
	compression.lz4.level = 9
	compression.type = none
	compression.zstd.level = 3
	connections.max.idle.ms = 10000
	delivery.timeout.ms = 120000
	enable.idempotence = true
	enable.metrics.push = true
	interceptor.classes = []
	key.serializer = class org.apache.kafka.common.serialization.StringSerializer
	linger.ms = 0
	max.block.ms = 60000
	max.in.flight.requests.per.connection = 5
	max.request.size = 1048576
	metadata.max.age.ms = 300000
	metadata.max.idle.ms = 300000
	metadata.recovery.strategy = none
	metric.reporters = []
	metrics.num.samples = 2
	metrics.recording.level = INFO
	metrics.sample.window.ms = 30000
	partitioner.adaptive.partitioning.enable = true
	partitioner.availability.timeout.ms = 0
	partitioner.class = null
	partitioner.ignore.keys = false
	receive.buffer.bytes = 32768
	reconnect.backoff.max.ms = 1000
	reconnect.backoff.ms = 50
	request.timeout.ms = 5000
	retries = 2147483647
	retry.backoff.max.ms = 1000
	retry.backoff.ms = 100
	sasl.client.callback.handler.class = null
	sasl.jaas.config = null
	sasl.kerberos.kinit.cmd = /usr/bin/kinit
	sasl.kerberos.min.time.before.relogin = 60000
	sasl.kerberos.service.name = null
	sasl.kerberos.ticket.renew.jitter = 0.05
	sasl.kerberos.ticket.renew.window.factor = 0.8
	sasl.login.callback.handler.class = null
	sasl.login.class = null
	sasl.login.connect.timeout.ms = null
	sasl.login.read.timeout.ms = null
	sasl.login.refresh.buffer.seconds = 300
	sasl.login.refresh.min.period.seconds = 60
	sasl.login.refresh.window.factor = 0.8
	sasl.login.refresh.window.jitter = 0.05
	sasl.login.retry.backoff.max.ms = 10000
	sasl.login.retry.backoff.ms = 100
	sasl.mechanism = GSSAPI
	sasl.oauthbearer.clock.skew.seconds = 30
	sasl.oauthbearer.expected.audience = null
	sasl.oauthbearer.expected.issuer = null
	sasl.oauthbearer.header.urlencode = false
	sasl.oauthbearer.jwks.endpoint.refresh.ms = 3600000
	sasl.oauthbearer.jwks.endpoint.retry.backoff.max.ms = 10000
	sasl.oauthbearer.jwks.endpoint.retry.backoff.ms = 100
	sasl.oauthbearer.jwks.endpoint.url = null
	sasl.oauthbearer.scope.claim.name = scope
	sasl.oauthbearer.sub.claim.name = sub
	sasl.oauthbearer.token.endpoint.url = null
	security.protocol = PLAINTEXT
	security.providers = null
	send.buffer.bytes = 131072
	socket.connection.setup.timeout.max.ms = 30000
	socket.connection.setup.timeout.ms = 10000
	ssl.cipher.suites = null
	ssl.enabled.protocols = [TLSv1.2, TLSv1.3]
	ssl.endpoint.identification.algorithm = https
	ssl.engine.factory.class = null
	ssl.key.password = null
	ssl.keymanager.algorithm = SunX509
	ssl.keystore.certificate.chain = null
	ssl.keystore.key = null
	ssl.keystore.location = null
	ssl.keystore.password = null
	ssl.keystore.type = JKS
	ssl.protocol = TLSv1.3
	ssl.provider = null
	ssl.secure.random.implementation = null
	ssl.trustmanager.algorithm = PKIX
	ssl.truststore.certificates = null
	ssl.truststore.location = null
	ssl.truststore.password = null
	ssl.truststore.type = JKS
	transaction.timeout.ms = 60000
	transactional.id = null
	value.serializer = class io.apicurio.registry.serde.avro.AvroKafkaSerializer

2025-07-31 15:30:10,145 INFO  [org.apa.kaf.com.tel.int.KafkaMetricsCollector] (main) initializing Kafka metrics collector
2025-07-31 15:30:10,149 INFO  [org.apa.kaf.cli.pro.KafkaProducer] (main) [Producer clientId=Producer-topic-693f80df_56a8_4bba_a4ef_6856e6942adf] Instantiated an idempotent producer.
2025-07-31 15:30:10,155 INFO  [org.apa.kaf.cli.pro.ProducerConfig] (main) These configurations '[apicurio.registry.url, apicurio.registry.artifact-resolver-strategy]' were supplied but are not used yet.
2025-07-31 15:30:10,156 INFO  [org.apa.kaf.com.uti.AppInfoParser] (main) Kafka version: 3.9.0
2025-07-31 15:30:10,156 INFO  [org.apa.kaf.com.uti.AppInfoParser] (main) Kafka commitId: 84caaa6e9da06435
2025-07-31 15:30:10,156 INFO  [org.apa.kaf.com.uti.AppInfoParser] (main) Kafka startTimeMs: 1753975810156
2025-07-31 15:30:10,157 INFO  [io.api.tes.ser.api.KafkaSerdesTester] (Thread-218) Sending message {"keyB": "value-0"} to topic topic-693f80df_56a8_4bba_a4ef_6856e6942adf
2025-07-31 15:30:10,168 WARN  [org.apa.kaf.cli.NetworkClient] (kafka-producer-network-thread | Producer-topic-693f80df_56a8_4bba_a4ef_6856e6942adf) [Producer clientId=Producer-topic-693f80df_56a8_4bba_a4ef_6856e6942adf] The metadata response from the cluster reported a recoverable issue with correlation id 2 : {topic-693f80df_56a8_4bba_a4ef_6856e6942adf=LEADER_NOT_AVAILABLE}
2025-07-31 15:30:10,168 INFO  [org.apa.kaf.cli.Metadata] (kafka-producer-network-thread | Producer-topic-693f80df_56a8_4bba_a4ef_6856e6942adf) [Producer clientId=Producer-topic-693f80df_56a8_4bba_a4ef_6856e6942adf] Cluster ID: PmaraPXQRTuATyXg1suJRg
2025-07-31 15:30:10,168 INFO  [org.apa.kaf.cli.pro.int.TransactionManager] (kafka-producer-network-thread | Producer-topic-693f80df_56a8_4bba_a4ef_6856e6942adf) [Producer clientId=Producer-topic-693f80df_56a8_4bba_a4ef_6856e6942adf] ProducerId set to 17 with epoch 0
2025-07-31 15:30:10,290 INFO  [DefaultSchemaResolver] (Thread-218) Retrieving schema content using string: {"type":"record","name":"myrecord","namespace":"mygroup","fields":[{"name":"keyB","type":"string"}]}
2025-07-31 15:30:10,468 INFO  [org.apa.kaf.cli.pro.KafkaProducer] (Thread-218) [Producer clientId=Producer-topic-693f80df_56a8_4bba_a4ef_6856e6942adf] Closing the Kafka producer with timeoutMillis = 9223372036854775807 ms.
2025-07-31 15:30:10,471 INFO  [org.apa.kaf.com.met.Metrics] (Thread-218) Metrics scheduler closed
2025-07-31 15:30:10,471 INFO  [org.apa.kaf.com.met.Metrics] (Thread-218) Closing reporter org.apache.kafka.common.metrics.JmxReporter
2025-07-31 15:30:10,472 INFO  [org.apa.kaf.com.met.Metrics] (Thread-218) Closing reporter org.apache.kafka.common.telemetry.internals.ClientTelemetryReporter
2025-07-31 15:30:10,472 INFO  [org.apa.kaf.com.met.Metrics] (Thread-218) Metrics reporters closed
2025-07-31 15:30:10,472 INFO  [org.apa.kaf.com.uti.AppInfoParser] (Thread-218) App info kafka.producer for Producer-topic-693f80df_56a8_4bba_a4ef_6856e6942adf unregistered
2025-07-31 15:30:10,476 INFO  [org.ecl.jet.ser.Server] (main) Stopped Server@4037fcc{STOPPING}[11.0.15,sto=1000]
2025-07-31 15:30:10,476 INFO  [org.ecl.jet.ser.Server] (main) Shutdown Server@4037fcc{STOPPING}[11.0.15,sto=1000]
2025-07-31 15:30:10,484 INFO  [org.ecl.jet.ser.AbstractConnector] (main) Stopped NetworkTrafficServerConnector@1f1d3207{HTTP/1.1, (http/1.1, h2c)}{0.0.0.0:0}
2025-07-31 15:30:10,485 INFO  [org.ecl.jet.ser.han.ContextHandler] (main) Stopped o.e.j.s.ServletContextHandler@2213c8fe{/,null,STOPPED}
2025-07-31 15:30:10,485 INFO  [org.ecl.jet.ser.han.ContextHandler] (main) Stopped o.e.j.s.ServletContextHandler@8be5379{/__admin,null,STOPPED}
2025-07-31 15:30:10,490 INFO  [io.api.tes.uti.TestSeparator] (main) io.apicurio.tests.serdes.apicurio.AvroSerdeIT.testFirstRequestFailsRateLimited-FINISHED
2025-07-31 15:30:10,490 INFO  [io.api.tes.uti.TestSeparator] (main) ############################################################################
]]></system-out>
    <system-err><![CDATA[com.microsoft.kiota.ApiException: the server returned an unexpected status code and no error class is registered for this code 429
	at com.microsoft.kiota.ApiExceptionBuilder.withMessage(ApiExceptionBuilder.java:45)
	at io.kiota.http.vertx.VertXRequestAdapter.throwIfFailedResponse(VertXRequestAdapter.java:370)
	at io.kiota.http.vertx.VertXRequestAdapter.send(VertXRequestAdapter.java:170)
	at io.apicurio.registry.rest.client.search.versions.VersionsRequestBuilder.post(VersionsRequestBuilder.java:94)
	at io.apicurio.registry.resolver.DefaultSchemaResolver.lambda$handleResolveSchemaByContent$5(DefaultSchemaResolver.java:276)
	at io.apicurio.registry.resolver.ERCache.lambda$getValue$0(ERCache.java:181)
	at io.apicurio.registry.resolver.ERCache.retry(ERCache.java:234)
	at io.apicurio.registry.resolver.ERCache.getValue(ERCache.java:180)
	at io.apicurio.registry.resolver.ERCache.getByContent(ERCache.java:154)
	at io.apicurio.registry.resolver.DefaultSchemaResolver.handleResolveSchemaByContent(DefaultSchemaResolver.java:269)
	at io.apicurio.registry.resolver.DefaultSchemaResolver.getSchemaFromRegistry(DefaultSchemaResolver.java:142)
	at io.apicurio.registry.resolver.DefaultSchemaResolver.lambda$resolveSchema$0(DefaultSchemaResolver.java:86)
	at java.base/java.util.Optional.orElseGet(Optional.java:364)
	at io.apicurio.registry.resolver.DefaultSchemaResolver.resolveSchema(DefaultSchemaResolver.java:86)
	at io.apicurio.registry.serde.AbstractSerializer.serializeData(AbstractSerializer.java:62)
	at io.apicurio.registry.serde.KafkaSerializer.serialize(KafkaSerializer.java:77)
	at org.apache.kafka.clients.producer.KafkaProducer.doSend(KafkaProducer.java:1046)
	at org.apache.kafka.clients.producer.KafkaProducer.send(KafkaProducer.java:993)
	at org.apache.kafka.clients.producer.KafkaProducer.send(KafkaProducer.java:875)
	at io.apicurio.tests.serdes.apicurio.KafkaSerdesTester.lambda$produceMessages$3(KafkaSerdesTester.java:138)
	at java.base/java.util.concurrent.CompletableFuture$AsyncSupply.run(CompletableFuture.java:1768)
	at java.base/java.lang.Thread.run(Thread.java:840)
]]></system-err>
  </testcase>
  <testcase name="testFirstEmptyFieldConfusedAsMagicByte" classname="io.apicurio.tests.serdes.apicurio.AvroSerdeIT" time="0.836">
    <system-out><![CDATA[2025-07-31 15:30:10,495 INFO  [io.api.tes.uti.TestSeparator] (main) ############################################################################
2025-07-31 15:30:10,495 INFO  [io.api.tes.uti.TestSeparator] (main) io.apicurio.tests.serdes.apicurio.AvroSerdeIT.testFirstEmptyFieldConfusedAsMagicByte-STARTED
2025-07-31 15:30:10,499 INFO  [org.apa.kaf.cli.pro.ProducerConfig] (main) ProducerConfig values: 
	acks = -1
	auto.include.jmx.reporter = true
	batch.size = 16384
	bootstrap.servers = [PLAINTEXT://localhost:32770]
	buffer.memory = 33554432
	client.dns.lookup = use_all_dns_ips
	client.id = Producer-topic-451c7c24_1c81_4aca_be15_f16922da0e0b
	compression.gzip.level = -1
	compression.lz4.level = 9
	compression.type = none
	compression.zstd.level = 3
	connections.max.idle.ms = 10000
	delivery.timeout.ms = 120000
	enable.idempotence = true
	enable.metrics.push = true
	interceptor.classes = []
	key.serializer = class org.apache.kafka.common.serialization.StringSerializer
	linger.ms = 0
	max.block.ms = 60000
	max.in.flight.requests.per.connection = 5
	max.request.size = 1048576
	metadata.max.age.ms = 300000
	metadata.max.idle.ms = 300000
	metadata.recovery.strategy = none
	metric.reporters = []
	metrics.num.samples = 2
	metrics.recording.level = INFO
	metrics.sample.window.ms = 30000
	partitioner.adaptive.partitioning.enable = true
	partitioner.availability.timeout.ms = 0
	partitioner.class = null
	partitioner.ignore.keys = false
	receive.buffer.bytes = 32768
	reconnect.backoff.max.ms = 1000
	reconnect.backoff.ms = 50
	request.timeout.ms = 5000
	retries = 2147483647
	retry.backoff.max.ms = 1000
	retry.backoff.ms = 100
	sasl.client.callback.handler.class = null
	sasl.jaas.config = null
	sasl.kerberos.kinit.cmd = /usr/bin/kinit
	sasl.kerberos.min.time.before.relogin = 60000
	sasl.kerberos.service.name = null
	sasl.kerberos.ticket.renew.jitter = 0.05
	sasl.kerberos.ticket.renew.window.factor = 0.8
	sasl.login.callback.handler.class = null
	sasl.login.class = null
	sasl.login.connect.timeout.ms = null
	sasl.login.read.timeout.ms = null
	sasl.login.refresh.buffer.seconds = 300
	sasl.login.refresh.min.period.seconds = 60
	sasl.login.refresh.window.factor = 0.8
	sasl.login.refresh.window.jitter = 0.05
	sasl.login.retry.backoff.max.ms = 10000
	sasl.login.retry.backoff.ms = 100
	sasl.mechanism = GSSAPI
	sasl.oauthbearer.clock.skew.seconds = 30
	sasl.oauthbearer.expected.audience = null
	sasl.oauthbearer.expected.issuer = null
	sasl.oauthbearer.header.urlencode = false
	sasl.oauthbearer.jwks.endpoint.refresh.ms = 3600000
	sasl.oauthbearer.jwks.endpoint.retry.backoff.max.ms = 10000
	sasl.oauthbearer.jwks.endpoint.retry.backoff.ms = 100
	sasl.oauthbearer.jwks.endpoint.url = null
	sasl.oauthbearer.scope.claim.name = scope
	sasl.oauthbearer.sub.claim.name = sub
	sasl.oauthbearer.token.endpoint.url = null
	security.protocol = PLAINTEXT
	security.providers = null
	send.buffer.bytes = 131072
	socket.connection.setup.timeout.max.ms = 30000
	socket.connection.setup.timeout.ms = 10000
	ssl.cipher.suites = null
	ssl.enabled.protocols = [TLSv1.2, TLSv1.3]
	ssl.endpoint.identification.algorithm = https
	ssl.engine.factory.class = null
	ssl.key.password = null
	ssl.keymanager.algorithm = SunX509
	ssl.keystore.certificate.chain = null
	ssl.keystore.key = null
	ssl.keystore.location = null
	ssl.keystore.password = null
	ssl.keystore.type = JKS
	ssl.protocol = TLSv1.3
	ssl.provider = null
	ssl.secure.random.implementation = null
	ssl.trustmanager.algorithm = PKIX
	ssl.truststore.certificates = null
	ssl.truststore.location = null
	ssl.truststore.password = null
	ssl.truststore.type = JKS
	transaction.timeout.ms = 60000
	transactional.id = null
	value.serializer = class io.apicurio.registry.serde.avro.AvroKafkaSerializer

2025-07-31 15:30:10,502 INFO  [org.apa.kaf.com.tel.int.KafkaMetricsCollector] (main) initializing Kafka metrics collector
2025-07-31 15:30:10,513 INFO  [org.apa.kaf.cli.pro.KafkaProducer] (main) [Producer clientId=Producer-topic-451c7c24_1c81_4aca_be15_f16922da0e0b] Instantiated an idempotent producer.
2025-07-31 15:30:10,516 INFO  [org.apa.kaf.cli.pro.ProducerConfig] (main) These configurations '[apicurio.registry.url, apicurio.registry.auto-register, apicurio.registry.artifact-resolver-strategy]' were supplied but are not used yet.
2025-07-31 15:30:10,516 INFO  [org.apa.kaf.com.uti.AppInfoParser] (main) Kafka version: 3.9.0
2025-07-31 15:30:10,516 INFO  [org.apa.kaf.com.uti.AppInfoParser] (main) Kafka commitId: 84caaa6e9da06435
2025-07-31 15:30:10,516 INFO  [org.apa.kaf.com.uti.AppInfoParser] (main) Kafka startTimeMs: 1753975810516
2025-07-31 15:30:10,527 INFO  [io.api.tes.ser.api.SimpleSerdesTesterBuilder$SimpleSerdesTester] (main) Using producer configuration: {apicurio.registry.url=http://registry-app-inmemory.apps.ci419.apicurio-testing.org:80/apis/registry/v3, apicurio.registry.auto-register=true, apicurio.registry.artifact-resolver-strategy=io.apicurio.registry.serde.strategy.SimpleTopicIdStrategy, value.serializer=io.apicurio.registry.serde.avro.AvroKafkaSerializer, request.timeout.ms=5000, acks=all, bootstrap.servers=PLAINTEXT://localhost:32770, connections.max.idle.ms=10000, key.serializer=org.apache.kafka.common.serialization.StringSerializer, client.id=Producer-topic-451c7c24_1c81_4aca_be15_f16922da0e0b}
2025-07-31 15:30:10,527 INFO  [io.api.tes.ser.api.SimpleSerdesTesterBuilder$SimpleSerdesTester] (main) Using consumer configuration: {}
2025-07-31 15:30:10,532 INFO  [io.api.tes.ser.api.KafkaSerdesTester] (Thread-221) Sending message {"username": null} to topic topic-451c7c24_1c81_4aca_be15_f16922da0e0b
2025-07-31 15:30:10,548 WARN  [org.apa.kaf.cli.NetworkClient] (kafka-producer-network-thread | Producer-topic-451c7c24_1c81_4aca_be15_f16922da0e0b) [Producer clientId=Producer-topic-451c7c24_1c81_4aca_be15_f16922da0e0b] The metadata response from the cluster reported a recoverable issue with correlation id 2 : {topic-451c7c24_1c81_4aca_be15_f16922da0e0b=LEADER_NOT_AVAILABLE}
2025-07-31 15:30:10,550 INFO  [org.apa.kaf.cli.Metadata] (kafka-producer-network-thread | Producer-topic-451c7c24_1c81_4aca_be15_f16922da0e0b) [Producer clientId=Producer-topic-451c7c24_1c81_4aca_be15_f16922da0e0b] Cluster ID: PmaraPXQRTuATyXg1suJRg
2025-07-31 15:30:10,550 INFO  [org.apa.kaf.cli.pro.int.TransactionManager] (kafka-producer-network-thread | Producer-topic-451c7c24_1c81_4aca_be15_f16922da0e0b) [Producer clientId=Producer-topic-451c7c24_1c81_4aca_be15_f16922da0e0b] ProducerId set to 18 with epoch 0
2025-07-31 15:30:10,693 INFO  [io.api.tes.ser.api.KafkaSerdesTester] (Thread-221) Sending message {"username": null} to topic topic-451c7c24_1c81_4aca_be15_f16922da0e0b
2025-07-31 15:30:10,695 INFO  [io.api.tes.ser.api.KafkaSerdesTester] (Thread-221) Sending message {"username": "value-2"} to topic topic-451c7c24_1c81_4aca_be15_f16922da0e0b
2025-07-31 15:30:10,697 INFO  [io.api.tes.ser.api.KafkaSerdesTester] (Thread-221) Sending message {"username": null} to topic topic-451c7c24_1c81_4aca_be15_f16922da0e0b
2025-07-31 15:30:10,700 INFO  [io.api.tes.ser.api.KafkaSerdesTester] (Thread-221) Sending message {"username": "value-4"} to topic topic-451c7c24_1c81_4aca_be15_f16922da0e0b
2025-07-31 15:30:10,706 INFO  [io.api.tes.ser.api.KafkaSerdesTester] (Thread-221) Sending message {"username": null} to topic topic-451c7c24_1c81_4aca_be15_f16922da0e0b
2025-07-31 15:30:10,711 INFO  [io.api.tes.ser.api.KafkaSerdesTester] (Thread-221) Sending message {"username": "value-6"} to topic topic-451c7c24_1c81_4aca_be15_f16922da0e0b
2025-07-31 15:30:10,715 INFO  [io.api.tes.ser.api.KafkaSerdesTester] (Thread-221) Sending message {"username": null} to topic topic-451c7c24_1c81_4aca_be15_f16922da0e0b
2025-07-31 15:30:10,718 INFO  [io.api.tes.ser.api.KafkaSerdesTester] (Thread-221) Sending message {"username": "value-8"} to topic topic-451c7c24_1c81_4aca_be15_f16922da0e0b
2025-07-31 15:30:10,724 INFO  [io.api.tes.ser.api.KafkaSerdesTester] (Thread-221) Sending message {"username": null} to topic topic-451c7c24_1c81_4aca_be15_f16922da0e0b
2025-07-31 15:30:10,729 INFO  [io.api.tes.ser.api.KafkaSerdesTester] (Thread-221) Produced 10 messages
2025-07-31 15:30:10,729 INFO  [org.apa.kaf.cli.pro.KafkaProducer] (Thread-221) [Producer clientId=Producer-topic-451c7c24_1c81_4aca_be15_f16922da0e0b] Closing the Kafka producer with timeoutMillis = 9223372036854775807 ms.
2025-07-31 15:30:10,731 INFO  [org.apa.kaf.com.met.Metrics] (Thread-221) Metrics scheduler closed
2025-07-31 15:30:10,731 INFO  [org.apa.kaf.com.met.Metrics] (Thread-221) Closing reporter org.apache.kafka.common.metrics.JmxReporter
2025-07-31 15:30:10,731 INFO  [org.apa.kaf.com.met.Metrics] (Thread-221) Closing reporter org.apache.kafka.common.telemetry.internals.ClientTelemetryReporter
2025-07-31 15:30:10,731 INFO  [org.apa.kaf.com.met.Metrics] (Thread-221) Metrics reporters closed
2025-07-31 15:30:10,732 INFO  [org.apa.kaf.com.uti.AppInfoParser] (Thread-221) App info kafka.producer for Producer-topic-451c7c24_1c81_4aca_be15_f16922da0e0b unregistered
2025-07-31 15:30:10,752 INFO  [org.apa.kaf.cli.con.ConsumerConfig] (main) ConsumerConfig values: 
	allow.auto.create.topics = true
	auto.commit.interval.ms = 500
	auto.include.jmx.reporter = true
	auto.offset.reset = earliest
	bootstrap.servers = [PLAINTEXT://localhost:32770]
	check.crcs = true
	client.dns.lookup = use_all_dns_ips
	client.id = consumer-Consumer-topic-451c7c24_1c81_4aca_be15_f16922da0e0b-14
	client.rack = 
	connections.max.idle.ms = 10000
	default.api.timeout.ms = 60000
	enable.auto.commit = true
	enable.metrics.push = true
	exclude.internal.topics = true
	fetch.max.bytes = 52428800
	fetch.max.wait.ms = 500
	fetch.min.bytes = 1
	group.id = Consumer-topic-451c7c24_1c81_4aca_be15_f16922da0e0b
	group.instance.id = null
	group.protocol = classic
	group.remote.assignor = null
	heartbeat.interval.ms = 3000
	interceptor.classes = []
	internal.leave.group.on.close = true
	internal.throw.on.fetch.stable.offset.unsupported = false
	isolation.level = read_uncommitted
	key.deserializer = class org.apache.kafka.common.serialization.StringDeserializer
	max.partition.fetch.bytes = 1048576
	max.poll.interval.ms = 300000
	max.poll.records = 500
	metadata.max.age.ms = 300000
	metadata.recovery.strategy = none
	metric.reporters = []
	metrics.num.samples = 2
	metrics.recording.level = INFO
	metrics.sample.window.ms = 30000
	partition.assignment.strategy = [class org.apache.kafka.clients.consumer.RangeAssignor, class org.apache.kafka.clients.consumer.CooperativeStickyAssignor]
	receive.buffer.bytes = 65536
	reconnect.backoff.max.ms = 1000
	reconnect.backoff.ms = 50
	request.timeout.ms = 5000
	retry.backoff.max.ms = 1000
	retry.backoff.ms = 100
	sasl.client.callback.handler.class = null
	sasl.jaas.config = null
	sasl.kerberos.kinit.cmd = /usr/bin/kinit
	sasl.kerberos.min.time.before.relogin = 60000
	sasl.kerberos.service.name = null
	sasl.kerberos.ticket.renew.jitter = 0.05
	sasl.kerberos.ticket.renew.window.factor = 0.8
	sasl.login.callback.handler.class = null
	sasl.login.class = null
	sasl.login.connect.timeout.ms = null
	sasl.login.read.timeout.ms = null
	sasl.login.refresh.buffer.seconds = 300
	sasl.login.refresh.min.period.seconds = 60
	sasl.login.refresh.window.factor = 0.8
	sasl.login.refresh.window.jitter = 0.05
	sasl.login.retry.backoff.max.ms = 10000
	sasl.login.retry.backoff.ms = 100
	sasl.mechanism = GSSAPI
	sasl.oauthbearer.clock.skew.seconds = 30
	sasl.oauthbearer.expected.audience = null
	sasl.oauthbearer.expected.issuer = null
	sasl.oauthbearer.header.urlencode = false
	sasl.oauthbearer.jwks.endpoint.refresh.ms = 3600000
	sasl.oauthbearer.jwks.endpoint.retry.backoff.max.ms = 10000
	sasl.oauthbearer.jwks.endpoint.retry.backoff.ms = 100
	sasl.oauthbearer.jwks.endpoint.url = null
	sasl.oauthbearer.scope.claim.name = scope
	sasl.oauthbearer.sub.claim.name = sub
	sasl.oauthbearer.token.endpoint.url = null
	security.protocol = PLAINTEXT
	security.providers = null
	send.buffer.bytes = 131072
	session.timeout.ms = 45000
	socket.connection.setup.timeout.max.ms = 30000
	socket.connection.setup.timeout.ms = 10000
	ssl.cipher.suites = null
	ssl.enabled.protocols = [TLSv1.2, TLSv1.3]
	ssl.endpoint.identification.algorithm = https
	ssl.engine.factory.class = null
	ssl.key.password = null
	ssl.keymanager.algorithm = SunX509
	ssl.keystore.certificate.chain = null
	ssl.keystore.key = null
	ssl.keystore.location = null
	ssl.keystore.password = null
	ssl.keystore.type = JKS
	ssl.protocol = TLSv1.3
	ssl.provider = null
	ssl.secure.random.implementation = null
	ssl.trustmanager.algorithm = PKIX
	ssl.truststore.certificates = null
	ssl.truststore.location = null
	ssl.truststore.password = null
	ssl.truststore.type = JKS
	value.deserializer = class io.apicurio.registry.serde.avro.AvroKafkaDeserializer

2025-07-31 15:30:10,752 INFO  [org.apa.kaf.com.tel.int.KafkaMetricsCollector] (main) initializing Kafka metrics collector
2025-07-31 15:30:10,757 INFO  [org.apa.kaf.cli.con.ConsumerConfig] (main) These configurations '[apicurio.registry.url]' were supplied but are not used yet.
2025-07-31 15:30:10,757 INFO  [org.apa.kaf.com.uti.AppInfoParser] (main) Kafka version: 3.9.0
2025-07-31 15:30:10,757 INFO  [org.apa.kaf.com.uti.AppInfoParser] (main) Kafka commitId: 84caaa6e9da06435
2025-07-31 15:30:10,757 INFO  [org.apa.kaf.com.uti.AppInfoParser] (main) Kafka startTimeMs: 1753975810757
2025-07-31 15:30:10,757 INFO  [org.apa.kaf.cli.con.int.ClassicKafkaConsumer] (Thread-224) [Consumer clientId=consumer-Consumer-topic-451c7c24_1c81_4aca_be15_f16922da0e0b-14, groupId=Consumer-topic-451c7c24_1c81_4aca_be15_f16922da0e0b] Subscribed to topic(s): topic-451c7c24_1c81_4aca_be15_f16922da0e0b
2025-07-31 15:30:10,761 INFO  [org.apa.kaf.cli.Metadata] (Thread-224) [Consumer clientId=consumer-Consumer-topic-451c7c24_1c81_4aca_be15_f16922da0e0b-14, groupId=Consumer-topic-451c7c24_1c81_4aca_be15_f16922da0e0b] Cluster ID: PmaraPXQRTuATyXg1suJRg
2025-07-31 15:30:10,762 INFO  [org.apa.kaf.cli.con.int.ConsumerCoordinator] (Thread-224) [Consumer clientId=consumer-Consumer-topic-451c7c24_1c81_4aca_be15_f16922da0e0b-14, groupId=Consumer-topic-451c7c24_1c81_4aca_be15_f16922da0e0b] Discovered group coordinator localhost:32770 (id: 2147483647 rack: null)
2025-07-31 15:30:10,763 INFO  [org.apa.kaf.cli.con.int.ConsumerCoordinator] (Thread-224) [Consumer clientId=consumer-Consumer-topic-451c7c24_1c81_4aca_be15_f16922da0e0b-14, groupId=Consumer-topic-451c7c24_1c81_4aca_be15_f16922da0e0b] (Re-)joining group
2025-07-31 15:30:10,768 INFO  [org.apa.kaf.cli.con.int.ConsumerCoordinator] (Thread-224) [Consumer clientId=consumer-Consumer-topic-451c7c24_1c81_4aca_be15_f16922da0e0b-14, groupId=Consumer-topic-451c7c24_1c81_4aca_be15_f16922da0e0b] Request joining group due to: need to re-join with the given member-id: consumer-Consumer-topic-451c7c24_1c81_4aca_be15_f16922da0e0b-14-474b99eb-39ef-42e6-99f8-5a05a9f08fc2
2025-07-31 15:30:10,768 INFO  [org.apa.kaf.cli.con.int.ConsumerCoordinator] (Thread-224) [Consumer clientId=consumer-Consumer-topic-451c7c24_1c81_4aca_be15_f16922da0e0b-14, groupId=Consumer-topic-451c7c24_1c81_4aca_be15_f16922da0e0b] (Re-)joining group
2025-07-31 15:30:10,772 INFO  [org.apa.kaf.cli.con.int.ConsumerCoordinator] (Thread-224) [Consumer clientId=consumer-Consumer-topic-451c7c24_1c81_4aca_be15_f16922da0e0b-14, groupId=Consumer-topic-451c7c24_1c81_4aca_be15_f16922da0e0b] Successfully joined group with generation Generation{generationId=1, memberId='consumer-Consumer-topic-451c7c24_1c81_4aca_be15_f16922da0e0b-14-474b99eb-39ef-42e6-99f8-5a05a9f08fc2', protocol='range'}
2025-07-31 15:30:10,772 INFO  [org.apa.kaf.cli.con.int.ConsumerCoordinator] (Thread-224) [Consumer clientId=consumer-Consumer-topic-451c7c24_1c81_4aca_be15_f16922da0e0b-14, groupId=Consumer-topic-451c7c24_1c81_4aca_be15_f16922da0e0b] Finished assignment for group at generation 1: {consumer-Consumer-topic-451c7c24_1c81_4aca_be15_f16922da0e0b-14-474b99eb-39ef-42e6-99f8-5a05a9f08fc2=Assignment(partitions=[topic-451c7c24_1c81_4aca_be15_f16922da0e0b-0])}
2025-07-31 15:30:10,775 INFO  [org.apa.kaf.cli.con.int.ConsumerCoordinator] (Thread-224) [Consumer clientId=consumer-Consumer-topic-451c7c24_1c81_4aca_be15_f16922da0e0b-14, groupId=Consumer-topic-451c7c24_1c81_4aca_be15_f16922da0e0b] Successfully synced group in generation Generation{generationId=1, memberId='consumer-Consumer-topic-451c7c24_1c81_4aca_be15_f16922da0e0b-14-474b99eb-39ef-42e6-99f8-5a05a9f08fc2', protocol='range'}
2025-07-31 15:30:10,777 INFO  [org.apa.kaf.cli.con.int.ConsumerCoordinator] (Thread-224) [Consumer clientId=consumer-Consumer-topic-451c7c24_1c81_4aca_be15_f16922da0e0b-14, groupId=Consumer-topic-451c7c24_1c81_4aca_be15_f16922da0e0b] Notifying assignor about the new Assignment(partitions=[topic-451c7c24_1c81_4aca_be15_f16922da0e0b-0])
2025-07-31 15:30:10,777 INFO  [org.apa.kaf.cli.con.int.ConsumerRebalanceListenerInvoker] (Thread-224) [Consumer clientId=consumer-Consumer-topic-451c7c24_1c81_4aca_be15_f16922da0e0b-14, groupId=Consumer-topic-451c7c24_1c81_4aca_be15_f16922da0e0b] Adding newly assigned partitions: topic-451c7c24_1c81_4aca_be15_f16922da0e0b-0
2025-07-31 15:30:10,779 INFO  [org.apa.kaf.cli.con.int.ConsumerCoordinator] (Thread-224) [Consumer clientId=consumer-Consumer-topic-451c7c24_1c81_4aca_be15_f16922da0e0b-14, groupId=Consumer-topic-451c7c24_1c81_4aca_be15_f16922da0e0b] Found no committed offset for partition topic-451c7c24_1c81_4aca_be15_f16922da0e0b-0
2025-07-31 15:30:10,786 INFO  [org.apa.kaf.cli.con.int.SubscriptionState] (Thread-224) [Consumer clientId=consumer-Consumer-topic-451c7c24_1c81_4aca_be15_f16922da0e0b-14, groupId=Consumer-topic-451c7c24_1c81_4aca_be15_f16922da0e0b] Resetting offset for partition topic-451c7c24_1c81_4aca_be15_f16922da0e0b-0 to position FetchPosition{offset=0, offsetEpoch=Optional.empty, currentLeader=LeaderAndEpoch{leader=Optional[localhost:32770 (id: 0 rack: null)], epoch=0}}.
2025-07-31 15:30:10,835 INFO  [io.api.tes.ser.api.KafkaSerdesTester] (Thread-224) topic-451c7c24_1c81_4aca_be15_f16922da0e0b 0 0 {"username": null}
2025-07-31 15:30:10,835 INFO  [io.api.tes.ser.api.KafkaSerdesTester] (Thread-224) topic-451c7c24_1c81_4aca_be15_f16922da0e0b 0 1 {"username": null}
2025-07-31 15:30:10,835 INFO  [io.api.tes.ser.api.KafkaSerdesTester] (Thread-224) topic-451c7c24_1c81_4aca_be15_f16922da0e0b 0 2 {"username": "value-2"}
2025-07-31 15:30:10,835 INFO  [io.api.tes.ser.api.KafkaSerdesTester] (Thread-224) topic-451c7c24_1c81_4aca_be15_f16922da0e0b 0 3 {"username": null}
2025-07-31 15:30:10,835 INFO  [io.api.tes.ser.api.KafkaSerdesTester] (Thread-224) topic-451c7c24_1c81_4aca_be15_f16922da0e0b 0 4 {"username": "value-4"}
2025-07-31 15:30:10,836 INFO  [io.api.tes.ser.api.KafkaSerdesTester] (Thread-224) topic-451c7c24_1c81_4aca_be15_f16922da0e0b 0 5 {"username": null}
2025-07-31 15:30:10,836 INFO  [io.api.tes.ser.api.KafkaSerdesTester] (Thread-224) topic-451c7c24_1c81_4aca_be15_f16922da0e0b 0 6 {"username": "value-6"}
2025-07-31 15:30:10,836 INFO  [io.api.tes.ser.api.KafkaSerdesTester] (Thread-224) topic-451c7c24_1c81_4aca_be15_f16922da0e0b 0 7 {"username": null}
2025-07-31 15:30:10,836 INFO  [io.api.tes.ser.api.KafkaSerdesTester] (Thread-224) topic-451c7c24_1c81_4aca_be15_f16922da0e0b 0 8 {"username": "value-8"}
2025-07-31 15:30:10,836 INFO  [io.api.tes.ser.api.KafkaSerdesTester] (Thread-224) topic-451c7c24_1c81_4aca_be15_f16922da0e0b 0 9 {"username": null}
2025-07-31 15:30:10,836 INFO  [io.api.tes.ser.api.KafkaSerdesTester] (Thread-224) Consumed 10 messages
2025-07-31 15:30:10,838 INFO  [org.apa.kaf.cli.con.int.ConsumerRebalanceListenerInvoker] (Thread-224) [Consumer clientId=consumer-Consumer-topic-451c7c24_1c81_4aca_be15_f16922da0e0b-14, groupId=Consumer-topic-451c7c24_1c81_4aca_be15_f16922da0e0b] Revoke previously assigned partitions topic-451c7c24_1c81_4aca_be15_f16922da0e0b-0
2025-07-31 15:30:10,838 INFO  [org.apa.kaf.cli.con.int.ConsumerCoordinator] (Thread-224) [Consumer clientId=consumer-Consumer-topic-451c7c24_1c81_4aca_be15_f16922da0e0b-14, groupId=Consumer-topic-451c7c24_1c81_4aca_be15_f16922da0e0b] Member consumer-Consumer-topic-451c7c24_1c81_4aca_be15_f16922da0e0b-14-474b99eb-39ef-42e6-99f8-5a05a9f08fc2 sending LeaveGroup request to coordinator localhost:32770 (id: 2147483647 rack: null) due to the consumer is being closed
2025-07-31 15:30:10,839 INFO  [org.apa.kaf.cli.con.int.ConsumerCoordinator] (Thread-224) [Consumer clientId=consumer-Consumer-topic-451c7c24_1c81_4aca_be15_f16922da0e0b-14, groupId=Consumer-topic-451c7c24_1c81_4aca_be15_f16922da0e0b] Resetting generation and member id due to: consumer pro-actively leaving the group
2025-07-31 15:30:10,839 INFO  [org.apa.kaf.cli.con.int.ConsumerCoordinator] (Thread-224) [Consumer clientId=consumer-Consumer-topic-451c7c24_1c81_4aca_be15_f16922da0e0b-14, groupId=Consumer-topic-451c7c24_1c81_4aca_be15_f16922da0e0b] Request joining group due to: consumer pro-actively leaving the group
2025-07-31 15:30:11,324 INFO  [org.apa.kaf.com.met.Metrics] (Thread-224) Metrics scheduler closed
2025-07-31 15:30:11,325 INFO  [org.apa.kaf.com.met.Metrics] (Thread-224) Closing reporter org.apache.kafka.common.metrics.JmxReporter
2025-07-31 15:30:11,325 INFO  [org.apa.kaf.com.met.Metrics] (Thread-224) Closing reporter org.apache.kafka.common.telemetry.internals.ClientTelemetryReporter
2025-07-31 15:30:11,325 INFO  [org.apa.kaf.com.met.Metrics] (Thread-224) Metrics reporters closed
2025-07-31 15:30:11,327 INFO  [org.apa.kaf.com.uti.AppInfoParser] (Thread-224) App info kafka.consumer for consumer-Consumer-topic-451c7c24_1c81_4aca_be15_f16922da0e0b-14 unregistered
2025-07-31 15:30:11,330 INFO  [io.api.tes.uti.TestSeparator] (main) io.apicurio.tests.serdes.apicurio.AvroSerdeIT.testFirstEmptyFieldConfusedAsMagicByte-FINISHED
2025-07-31 15:30:11,330 INFO  [io.api.tes.uti.TestSeparator] (main) ############################################################################
]]></system-out>
  </testcase>
  <testcase name="testAvroSerDesFailDifferentSchemaByContent" classname="io.apicurio.tests.serdes.apicurio.AvroSerdeIT" time="1.078">
    <system-out><![CDATA[2025-07-31 15:30:11,333 INFO  [io.api.tes.uti.TestSeparator] (main) ############################################################################
2025-07-31 15:30:11,333 INFO  [io.api.tes.uti.TestSeparator] (main) io.apicurio.tests.serdes.apicurio.AvroSerdeIT.testAvroSerDesFailDifferentSchemaByContent-STARTED
2025-07-31 15:30:12,363 INFO  [org.apa.kaf.cli.pro.ProducerConfig] (main) ProducerConfig values: 
	acks = -1
	auto.include.jmx.reporter = true
	batch.size = 16384
	bootstrap.servers = [PLAINTEXT://localhost:32770]
	buffer.memory = 33554432
	client.dns.lookup = use_all_dns_ips
	client.id = Producer-topic-3015703d_6cef_495d_80de_88fdf2bf389b
	compression.gzip.level = -1
	compression.lz4.level = 9
	compression.type = none
	compression.zstd.level = 3
	connections.max.idle.ms = 10000
	delivery.timeout.ms = 120000
	enable.idempotence = true
	enable.metrics.push = true
	interceptor.classes = []
	key.serializer = class org.apache.kafka.common.serialization.StringSerializer
	linger.ms = 0
	max.block.ms = 60000
	max.in.flight.requests.per.connection = 5
	max.request.size = 1048576
	metadata.max.age.ms = 300000
	metadata.max.idle.ms = 300000
	metadata.recovery.strategy = none
	metric.reporters = []
	metrics.num.samples = 2
	metrics.recording.level = INFO
	metrics.sample.window.ms = 30000
	partitioner.adaptive.partitioning.enable = true
	partitioner.availability.timeout.ms = 0
	partitioner.class = null
	partitioner.ignore.keys = false
	receive.buffer.bytes = 32768
	reconnect.backoff.max.ms = 1000
	reconnect.backoff.ms = 50
	request.timeout.ms = 5000
	retries = 2147483647
	retry.backoff.max.ms = 1000
	retry.backoff.ms = 100
	sasl.client.callback.handler.class = null
	sasl.jaas.config = null
	sasl.kerberos.kinit.cmd = /usr/bin/kinit
	sasl.kerberos.min.time.before.relogin = 60000
	sasl.kerberos.service.name = null
	sasl.kerberos.ticket.renew.jitter = 0.05
	sasl.kerberos.ticket.renew.window.factor = 0.8
	sasl.login.callback.handler.class = null
	sasl.login.class = null
	sasl.login.connect.timeout.ms = null
	sasl.login.read.timeout.ms = null
	sasl.login.refresh.buffer.seconds = 300
	sasl.login.refresh.min.period.seconds = 60
	sasl.login.refresh.window.factor = 0.8
	sasl.login.refresh.window.jitter = 0.05
	sasl.login.retry.backoff.max.ms = 10000
	sasl.login.retry.backoff.ms = 100
	sasl.mechanism = GSSAPI
	sasl.oauthbearer.clock.skew.seconds = 30
	sasl.oauthbearer.expected.audience = null
	sasl.oauthbearer.expected.issuer = null
	sasl.oauthbearer.header.urlencode = false
	sasl.oauthbearer.jwks.endpoint.refresh.ms = 3600000
	sasl.oauthbearer.jwks.endpoint.retry.backoff.max.ms = 10000
	sasl.oauthbearer.jwks.endpoint.retry.backoff.ms = 100
	sasl.oauthbearer.jwks.endpoint.url = null
	sasl.oauthbearer.scope.claim.name = scope
	sasl.oauthbearer.sub.claim.name = sub
	sasl.oauthbearer.token.endpoint.url = null
	security.protocol = PLAINTEXT
	security.providers = null
	send.buffer.bytes = 131072
	socket.connection.setup.timeout.max.ms = 30000
	socket.connection.setup.timeout.ms = 10000
	ssl.cipher.suites = null
	ssl.enabled.protocols = [TLSv1.2, TLSv1.3]
	ssl.endpoint.identification.algorithm = https
	ssl.engine.factory.class = null
	ssl.key.password = null
	ssl.keymanager.algorithm = SunX509
	ssl.keystore.certificate.chain = null
	ssl.keystore.key = null
	ssl.keystore.location = null
	ssl.keystore.password = null
	ssl.keystore.type = JKS
	ssl.protocol = TLSv1.3
	ssl.provider = null
	ssl.secure.random.implementation = null
	ssl.trustmanager.algorithm = PKIX
	ssl.truststore.certificates = null
	ssl.truststore.location = null
	ssl.truststore.password = null
	ssl.truststore.type = JKS
	transaction.timeout.ms = 60000
	transactional.id = null
	value.serializer = class io.apicurio.registry.serde.avro.AvroKafkaSerializer

2025-07-31 15:30:12,363 INFO  [org.apa.kaf.com.tel.int.KafkaMetricsCollector] (main) initializing Kafka metrics collector
2025-07-31 15:30:12,367 INFO  [org.apa.kaf.cli.pro.KafkaProducer] (main) [Producer clientId=Producer-topic-3015703d_6cef_495d_80de_88fdf2bf389b] Instantiated an idempotent producer.
2025-07-31 15:30:12,369 INFO  [org.apa.kaf.cli.pro.ProducerConfig] (main) These configurations '[apicurio.registry.url, apicurio.registry.artifact-resolver-strategy]' were supplied but are not used yet.
2025-07-31 15:30:12,369 INFO  [org.apa.kaf.com.uti.AppInfoParser] (main) Kafka version: 3.9.0
2025-07-31 15:30:12,369 INFO  [org.apa.kaf.com.uti.AppInfoParser] (main) Kafka commitId: 84caaa6e9da06435
2025-07-31 15:30:12,369 INFO  [org.apa.kaf.com.uti.AppInfoParser] (main) Kafka startTimeMs: 1753975812369
2025-07-31 15:30:12,371 INFO  [io.api.tes.ser.api.KafkaSerdesTester] (Thread-227) Sending message {"keyB": "value-0"} to topic topic-3015703d_6cef_495d_80de_88fdf2bf389b
2025-07-31 15:30:12,375 INFO  [org.apa.kaf.cli.Metadata] (kafka-producer-network-thread | Producer-topic-3015703d_6cef_495d_80de_88fdf2bf389b) [Producer clientId=Producer-topic-3015703d_6cef_495d_80de_88fdf2bf389b] Cluster ID: PmaraPXQRTuATyXg1suJRg
2025-07-31 15:30:12,375 INFO  [DefaultSchemaResolver] (Thread-227) Retrieving schema content using string: {"type":"record","name":"s326f4db3x013ax405ex8077xab3cd66f0a6d","namespace":"s14c8f637x81a6x4cbaxbf29x45b56806e644","fields":[{"name":"keyB","type":"string"}]}
2025-07-31 15:30:12,375 INFO  [org.apa.kaf.cli.pro.int.TransactionManager] (kafka-producer-network-thread | Producer-topic-3015703d_6cef_495d_80de_88fdf2bf389b) [Producer clientId=Producer-topic-3015703d_6cef_495d_80de_88fdf2bf389b] ProducerId set to 19 with epoch 0
2025-07-31 15:30:12,405 INFO  [org.apa.kaf.cli.pro.KafkaProducer] (Thread-227) [Producer clientId=Producer-topic-3015703d_6cef_495d_80de_88fdf2bf389b] Closing the Kafka producer with timeoutMillis = 9223372036854775807 ms.
2025-07-31 15:30:12,407 INFO  [org.apa.kaf.com.met.Metrics] (Thread-227) Metrics scheduler closed
2025-07-31 15:30:12,407 INFO  [org.apa.kaf.com.met.Metrics] (Thread-227) Closing reporter org.apache.kafka.common.metrics.JmxReporter
2025-07-31 15:30:12,407 INFO  [org.apa.kaf.com.met.Metrics] (Thread-227) Closing reporter org.apache.kafka.common.telemetry.internals.ClientTelemetryReporter
2025-07-31 15:30:12,407 INFO  [org.apa.kaf.com.met.Metrics] (Thread-227) Metrics reporters closed
2025-07-31 15:30:12,408 INFO  [org.apa.kaf.com.uti.AppInfoParser] (Thread-227) App info kafka.producer for Producer-topic-3015703d_6cef_495d_80de_88fdf2bf389b unregistered
2025-07-31 15:30:12,408 INFO  [io.api.tes.uti.TestSeparator] (main) io.apicurio.tests.serdes.apicurio.AvroSerdeIT.testAvroSerDesFailDifferentSchemaByContent-FINISHED
2025-07-31 15:30:12,409 INFO  [io.api.tes.uti.TestSeparator] (main) ############################################################################
]]></system-out>
    <system-err><![CDATA[java.lang.RuntimeException: Could not resolve artifact reference by content: {"type":"record","name":"s326f4db3x013ax405ex8077xab3cd66f0a6d","namespace":"s14c8f637x81a6x4cbaxbf29x45b56806e644","fields":[{"name":"keyB","type":"string"}]}&ArtifactReference [groupId=s14c8f637x81a6x4cbaxbf29x45b56806e644, artifactId=s326f4db3x013ax405ex8077xab3cd66f0a6d, version=null, globalId=null, contentId=null, contentHash=null]
	at io.apicurio.registry.resolver.DefaultSchemaResolver.lambda$handleResolveSchemaByContent$5(DefaultSchemaResolver.java:300)
	at io.apicurio.registry.resolver.ERCache.lambda$getValue$0(ERCache.java:181)
	at io.apicurio.registry.resolver.ERCache.retry(ERCache.java:234)
	at io.apicurio.registry.resolver.ERCache.getValue(ERCache.java:180)
	at io.apicurio.registry.resolver.ERCache.getByContent(ERCache.java:154)
	at io.apicurio.registry.resolver.DefaultSchemaResolver.handleResolveSchemaByContent(DefaultSchemaResolver.java:269)
	at io.apicurio.registry.resolver.DefaultSchemaResolver.getSchemaFromRegistry(DefaultSchemaResolver.java:142)
	at io.apicurio.registry.resolver.DefaultSchemaResolver.lambda$resolveSchema$0(DefaultSchemaResolver.java:86)
	at java.base/java.util.Optional.orElseGet(Optional.java:364)
	at io.apicurio.registry.resolver.DefaultSchemaResolver.resolveSchema(DefaultSchemaResolver.java:86)
	at io.apicurio.registry.serde.AbstractSerializer.serializeData(AbstractSerializer.java:62)
	at io.apicurio.registry.serde.KafkaSerializer.serialize(KafkaSerializer.java:77)
	at org.apache.kafka.clients.producer.KafkaProducer.doSend(KafkaProducer.java:1046)
	at org.apache.kafka.clients.producer.KafkaProducer.send(KafkaProducer.java:993)
	at org.apache.kafka.clients.producer.KafkaProducer.send(KafkaProducer.java:875)
	at io.apicurio.tests.serdes.apicurio.KafkaSerdesTester.lambda$produceMessages$3(KafkaSerdesTester.java:138)
	at java.base/java.util.concurrent.CompletableFuture$AsyncSupply.run(CompletableFuture.java:1768)
	at java.base/java.lang.Thread.run(Thread.java:840)
]]></system-err>
  </testcase>
  <testcase name="testGlobalIdInBody" classname="io.apicurio.tests.serdes.apicurio.AvroSerdeIT" time="0.821">
    <system-out><![CDATA[2025-07-31 15:30:12,410 INFO  [io.api.tes.uti.TestSeparator] (main) ############################################################################
2025-07-31 15:30:12,410 INFO  [io.api.tes.uti.TestSeparator] (main) io.apicurio.tests.serdes.apicurio.AvroSerdeIT.testGlobalIdInBody-STARTED
2025-07-31 15:30:12,418 INFO  [org.apa.kaf.cli.pro.ProducerConfig] (main) ProducerConfig values: 
	acks = -1
	auto.include.jmx.reporter = true
	batch.size = 16384
	bootstrap.servers = [PLAINTEXT://localhost:32770]
	buffer.memory = 33554432
	client.dns.lookup = use_all_dns_ips
	client.id = Producer-topic-0e48b030_bfe3_4e8c_9483_7a41d26af29d
	compression.gzip.level = -1
	compression.lz4.level = 9
	compression.type = none
	compression.zstd.level = 3
	connections.max.idle.ms = 10000
	delivery.timeout.ms = 120000
	enable.idempotence = true
	enable.metrics.push = true
	interceptor.classes = []
	key.serializer = class org.apache.kafka.common.serialization.StringSerializer
	linger.ms = 0
	max.block.ms = 60000
	max.in.flight.requests.per.connection = 5
	max.request.size = 1048576
	metadata.max.age.ms = 300000
	metadata.max.idle.ms = 300000
	metadata.recovery.strategy = none
	metric.reporters = []
	metrics.num.samples = 2
	metrics.recording.level = INFO
	metrics.sample.window.ms = 30000
	partitioner.adaptive.partitioning.enable = true
	partitioner.availability.timeout.ms = 0
	partitioner.class = null
	partitioner.ignore.keys = false
	receive.buffer.bytes = 32768
	reconnect.backoff.max.ms = 1000
	reconnect.backoff.ms = 50
	request.timeout.ms = 5000
	retries = 2147483647
	retry.backoff.max.ms = 1000
	retry.backoff.ms = 100
	sasl.client.callback.handler.class = null
	sasl.jaas.config = null
	sasl.kerberos.kinit.cmd = /usr/bin/kinit
	sasl.kerberos.min.time.before.relogin = 60000
	sasl.kerberos.service.name = null
	sasl.kerberos.ticket.renew.jitter = 0.05
	sasl.kerberos.ticket.renew.window.factor = 0.8
	sasl.login.callback.handler.class = null
	sasl.login.class = null
	sasl.login.connect.timeout.ms = null
	sasl.login.read.timeout.ms = null
	sasl.login.refresh.buffer.seconds = 300
	sasl.login.refresh.min.period.seconds = 60
	sasl.login.refresh.window.factor = 0.8
	sasl.login.refresh.window.jitter = 0.05
	sasl.login.retry.backoff.max.ms = 10000
	sasl.login.retry.backoff.ms = 100
	sasl.mechanism = GSSAPI
	sasl.oauthbearer.clock.skew.seconds = 30
	sasl.oauthbearer.expected.audience = null
	sasl.oauthbearer.expected.issuer = null
	sasl.oauthbearer.header.urlencode = false
	sasl.oauthbearer.jwks.endpoint.refresh.ms = 3600000
	sasl.oauthbearer.jwks.endpoint.retry.backoff.max.ms = 10000
	sasl.oauthbearer.jwks.endpoint.retry.backoff.ms = 100
	sasl.oauthbearer.jwks.endpoint.url = null
	sasl.oauthbearer.scope.claim.name = scope
	sasl.oauthbearer.sub.claim.name = sub
	sasl.oauthbearer.token.endpoint.url = null
	security.protocol = PLAINTEXT
	security.providers = null
	send.buffer.bytes = 131072
	socket.connection.setup.timeout.max.ms = 30000
	socket.connection.setup.timeout.ms = 10000
	ssl.cipher.suites = null
	ssl.enabled.protocols = [TLSv1.2, TLSv1.3]
	ssl.endpoint.identification.algorithm = https
	ssl.engine.factory.class = null
	ssl.key.password = null
	ssl.keymanager.algorithm = SunX509
	ssl.keystore.certificate.chain = null
	ssl.keystore.key = null
	ssl.keystore.location = null
	ssl.keystore.password = null
	ssl.keystore.type = JKS
	ssl.protocol = TLSv1.3
	ssl.provider = null
	ssl.secure.random.implementation = null
	ssl.trustmanager.algorithm = PKIX
	ssl.truststore.certificates = null
	ssl.truststore.location = null
	ssl.truststore.password = null
	ssl.truststore.type = JKS
	transaction.timeout.ms = 60000
	transactional.id = null
	value.serializer = class io.apicurio.registry.serde.avro.AvroKafkaSerializer

2025-07-31 15:30:12,418 INFO  [org.apa.kaf.com.tel.int.KafkaMetricsCollector] (main) initializing Kafka metrics collector
2025-07-31 15:30:12,428 INFO  [org.apa.kaf.cli.pro.KafkaProducer] (main) [Producer clientId=Producer-topic-0e48b030_bfe3_4e8c_9483_7a41d26af29d] Instantiated an idempotent producer.
2025-07-31 15:30:12,433 INFO  [org.apa.kaf.cli.pro.ProducerConfig] (main) These configurations '[apicurio.registry.url, apicurio.registry.auto-register, apicurio.registry.use-id, apicurio.registry.artifact-resolver-strategy]' were supplied but are not used yet.
2025-07-31 15:30:12,433 INFO  [org.apa.kaf.com.uti.AppInfoParser] (main) Kafka version: 3.9.0
2025-07-31 15:30:12,433 INFO  [org.apa.kaf.com.uti.AppInfoParser] (main) Kafka commitId: 84caaa6e9da06435
2025-07-31 15:30:12,433 INFO  [org.apa.kaf.com.uti.AppInfoParser] (main) Kafka startTimeMs: 1753975812433
2025-07-31 15:30:12,433 INFO  [io.api.tes.ser.api.SimpleSerdesTesterBuilder$SimpleSerdesTester] (main) Using producer configuration: {apicurio.registry.url=http://registry-app-inmemory.apps.ci419.apicurio-testing.org:80/apis/registry/v3, apicurio.registry.auto-register=true, apicurio.registry.use-id=globalId, apicurio.registry.artifact-resolver-strategy=io.apicurio.registry.serde.strategy.TopicIdStrategy, value.serializer=io.apicurio.registry.serde.avro.AvroKafkaSerializer, request.timeout.ms=5000, acks=all, bootstrap.servers=PLAINTEXT://localhost:32770, connections.max.idle.ms=10000, key.serializer=org.apache.kafka.common.serialization.StringSerializer, client.id=Producer-topic-0e48b030_bfe3_4e8c_9483_7a41d26af29d}
2025-07-31 15:30:12,433 INFO  [io.api.tes.ser.api.SimpleSerdesTesterBuilder$SimpleSerdesTester] (main) Using consumer configuration: {apicurio.registry.use-id=globalId}
2025-07-31 15:30:12,436 INFO  [io.api.tes.ser.api.KafkaSerdesTester] (Thread-230) Sending message {"key11753975812410": "value-0"} to topic topic-0e48b030_bfe3_4e8c_9483_7a41d26af29d
2025-07-31 15:30:12,453 WARN  [org.apa.kaf.cli.NetworkClient] (kafka-producer-network-thread | Producer-topic-0e48b030_bfe3_4e8c_9483_7a41d26af29d) [Producer clientId=Producer-topic-0e48b030_bfe3_4e8c_9483_7a41d26af29d] The metadata response from the cluster reported a recoverable issue with correlation id 2 : {topic-0e48b030_bfe3_4e8c_9483_7a41d26af29d=LEADER_NOT_AVAILABLE}
2025-07-31 15:30:12,454 INFO  [org.apa.kaf.cli.Metadata] (kafka-producer-network-thread | Producer-topic-0e48b030_bfe3_4e8c_9483_7a41d26af29d) [Producer clientId=Producer-topic-0e48b030_bfe3_4e8c_9483_7a41d26af29d] Cluster ID: PmaraPXQRTuATyXg1suJRg
2025-07-31 15:30:12,456 INFO  [org.apa.kaf.cli.pro.int.TransactionManager] (kafka-producer-network-thread | Producer-topic-0e48b030_bfe3_4e8c_9483_7a41d26af29d) [Producer clientId=Producer-topic-0e48b030_bfe3_4e8c_9483_7a41d26af29d] ProducerId set to 20 with epoch 0
2025-07-31 15:30:12,602 INFO  [io.api.tes.ser.api.KafkaSerdesTester] (Thread-230) Sending message {"key11753975812410": "value-1"} to topic topic-0e48b030_bfe3_4e8c_9483_7a41d26af29d
2025-07-31 15:30:12,604 INFO  [io.api.tes.ser.api.KafkaSerdesTester] (Thread-230) Sending message {"key11753975812410": "value-2"} to topic topic-0e48b030_bfe3_4e8c_9483_7a41d26af29d
2025-07-31 15:30:12,607 INFO  [io.api.tes.ser.api.KafkaSerdesTester] (Thread-230) Sending message {"key11753975812410": "value-3"} to topic topic-0e48b030_bfe3_4e8c_9483_7a41d26af29d
2025-07-31 15:30:12,612 INFO  [io.api.tes.ser.api.KafkaSerdesTester] (Thread-230) Sending message {"key11753975812410": "value-4"} to topic topic-0e48b030_bfe3_4e8c_9483_7a41d26af29d
2025-07-31 15:30:12,615 INFO  [io.api.tes.ser.api.KafkaSerdesTester] (Thread-230) Sending message {"key11753975812410": "value-5"} to topic topic-0e48b030_bfe3_4e8c_9483_7a41d26af29d
2025-07-31 15:30:12,617 INFO  [io.api.tes.ser.api.KafkaSerdesTester] (Thread-230) Sending message {"key11753975812410": "value-6"} to topic topic-0e48b030_bfe3_4e8c_9483_7a41d26af29d
2025-07-31 15:30:12,624 INFO  [io.api.tes.ser.api.KafkaSerdesTester] (Thread-230) Sending message {"key11753975812410": "value-7"} to topic topic-0e48b030_bfe3_4e8c_9483_7a41d26af29d
2025-07-31 15:30:12,627 INFO  [io.api.tes.ser.api.KafkaSerdesTester] (Thread-230) Sending message {"key11753975812410": "value-8"} to topic topic-0e48b030_bfe3_4e8c_9483_7a41d26af29d
2025-07-31 15:30:12,632 INFO  [io.api.tes.ser.api.KafkaSerdesTester] (Thread-230) Sending message {"key11753975812410": "value-9"} to topic topic-0e48b030_bfe3_4e8c_9483_7a41d26af29d
2025-07-31 15:30:12,636 INFO  [io.api.tes.ser.api.KafkaSerdesTester] (Thread-230) Produced 10 messages
2025-07-31 15:30:12,636 INFO  [org.apa.kaf.cli.pro.KafkaProducer] (Thread-230) [Producer clientId=Producer-topic-0e48b030_bfe3_4e8c_9483_7a41d26af29d] Closing the Kafka producer with timeoutMillis = 9223372036854775807 ms.
2025-07-31 15:30:12,639 INFO  [org.apa.kaf.com.met.Metrics] (Thread-230) Metrics scheduler closed
2025-07-31 15:30:12,639 INFO  [org.apa.kaf.com.met.Metrics] (Thread-230) Closing reporter org.apache.kafka.common.metrics.JmxReporter
2025-07-31 15:30:12,639 INFO  [org.apa.kaf.com.met.Metrics] (Thread-230) Closing reporter org.apache.kafka.common.telemetry.internals.ClientTelemetryReporter
2025-07-31 15:30:12,639 INFO  [org.apa.kaf.com.met.Metrics] (Thread-230) Metrics reporters closed
2025-07-31 15:30:12,639 INFO  [org.apa.kaf.com.uti.AppInfoParser] (Thread-230) App info kafka.producer for Producer-topic-0e48b030_bfe3_4e8c_9483_7a41d26af29d unregistered
2025-07-31 15:30:12,658 INFO  [org.apa.kaf.cli.con.ConsumerConfig] (main) ConsumerConfig values: 
	allow.auto.create.topics = true
	auto.commit.interval.ms = 500
	auto.include.jmx.reporter = true
	auto.offset.reset = earliest
	bootstrap.servers = [PLAINTEXT://localhost:32770]
	check.crcs = true
	client.dns.lookup = use_all_dns_ips
	client.id = consumer-Consumer-topic-0e48b030_bfe3_4e8c_9483_7a41d26af29d-15
	client.rack = 
	connections.max.idle.ms = 10000
	default.api.timeout.ms = 60000
	enable.auto.commit = true
	enable.metrics.push = true
	exclude.internal.topics = true
	fetch.max.bytes = 52428800
	fetch.max.wait.ms = 500
	fetch.min.bytes = 1
	group.id = Consumer-topic-0e48b030_bfe3_4e8c_9483_7a41d26af29d
	group.instance.id = null
	group.protocol = classic
	group.remote.assignor = null
	heartbeat.interval.ms = 3000
	interceptor.classes = []
	internal.leave.group.on.close = true
	internal.throw.on.fetch.stable.offset.unsupported = false
	isolation.level = read_uncommitted
	key.deserializer = class org.apache.kafka.common.serialization.StringDeserializer
	max.partition.fetch.bytes = 1048576
	max.poll.interval.ms = 300000
	max.poll.records = 500
	metadata.max.age.ms = 300000
	metadata.recovery.strategy = none
	metric.reporters = []
	metrics.num.samples = 2
	metrics.recording.level = INFO
	metrics.sample.window.ms = 30000
	partition.assignment.strategy = [class org.apache.kafka.clients.consumer.RangeAssignor, class org.apache.kafka.clients.consumer.CooperativeStickyAssignor]
	receive.buffer.bytes = 65536
	reconnect.backoff.max.ms = 1000
	reconnect.backoff.ms = 50
	request.timeout.ms = 5000
	retry.backoff.max.ms = 1000
	retry.backoff.ms = 100
	sasl.client.callback.handler.class = null
	sasl.jaas.config = null
	sasl.kerberos.kinit.cmd = /usr/bin/kinit
	sasl.kerberos.min.time.before.relogin = 60000
	sasl.kerberos.service.name = null
	sasl.kerberos.ticket.renew.jitter = 0.05
	sasl.kerberos.ticket.renew.window.factor = 0.8
	sasl.login.callback.handler.class = null
	sasl.login.class = null
	sasl.login.connect.timeout.ms = null
	sasl.login.read.timeout.ms = null
	sasl.login.refresh.buffer.seconds = 300
	sasl.login.refresh.min.period.seconds = 60
	sasl.login.refresh.window.factor = 0.8
	sasl.login.refresh.window.jitter = 0.05
	sasl.login.retry.backoff.max.ms = 10000
	sasl.login.retry.backoff.ms = 100
	sasl.mechanism = GSSAPI
	sasl.oauthbearer.clock.skew.seconds = 30
	sasl.oauthbearer.expected.audience = null
	sasl.oauthbearer.expected.issuer = null
	sasl.oauthbearer.header.urlencode = false
	sasl.oauthbearer.jwks.endpoint.refresh.ms = 3600000
	sasl.oauthbearer.jwks.endpoint.retry.backoff.max.ms = 10000
	sasl.oauthbearer.jwks.endpoint.retry.backoff.ms = 100
	sasl.oauthbearer.jwks.endpoint.url = null
	sasl.oauthbearer.scope.claim.name = scope
	sasl.oauthbearer.sub.claim.name = sub
	sasl.oauthbearer.token.endpoint.url = null
	security.protocol = PLAINTEXT
	security.providers = null
	send.buffer.bytes = 131072
	session.timeout.ms = 45000
	socket.connection.setup.timeout.max.ms = 30000
	socket.connection.setup.timeout.ms = 10000
	ssl.cipher.suites = null
	ssl.enabled.protocols = [TLSv1.2, TLSv1.3]
	ssl.endpoint.identification.algorithm = https
	ssl.engine.factory.class = null
	ssl.key.password = null
	ssl.keymanager.algorithm = SunX509
	ssl.keystore.certificate.chain = null
	ssl.keystore.key = null
	ssl.keystore.location = null
	ssl.keystore.password = null
	ssl.keystore.type = JKS
	ssl.protocol = TLSv1.3
	ssl.provider = null
	ssl.secure.random.implementation = null
	ssl.trustmanager.algorithm = PKIX
	ssl.truststore.certificates = null
	ssl.truststore.location = null
	ssl.truststore.password = null
	ssl.truststore.type = JKS
	value.deserializer = class io.apicurio.registry.serde.avro.AvroKafkaDeserializer

2025-07-31 15:30:12,658 INFO  [org.apa.kaf.com.tel.int.KafkaMetricsCollector] (main) initializing Kafka metrics collector
2025-07-31 15:30:12,666 INFO  [org.apa.kaf.cli.con.ConsumerConfig] (main) These configurations '[apicurio.registry.url, apicurio.registry.use-id]' were supplied but are not used yet.
2025-07-31 15:30:12,666 INFO  [org.apa.kaf.com.uti.AppInfoParser] (main) Kafka version: 3.9.0
2025-07-31 15:30:12,666 INFO  [org.apa.kaf.com.uti.AppInfoParser] (main) Kafka commitId: 84caaa6e9da06435
2025-07-31 15:30:12,666 INFO  [org.apa.kaf.com.uti.AppInfoParser] (main) Kafka startTimeMs: 1753975812666
2025-07-31 15:30:12,667 INFO  [org.apa.kaf.cli.con.int.ClassicKafkaConsumer] (Thread-233) [Consumer clientId=consumer-Consumer-topic-0e48b030_bfe3_4e8c_9483_7a41d26af29d-15, groupId=Consumer-topic-0e48b030_bfe3_4e8c_9483_7a41d26af29d] Subscribed to topic(s): topic-0e48b030_bfe3_4e8c_9483_7a41d26af29d
2025-07-31 15:30:12,671 INFO  [org.apa.kaf.cli.Metadata] (Thread-233) [Consumer clientId=consumer-Consumer-topic-0e48b030_bfe3_4e8c_9483_7a41d26af29d-15, groupId=Consumer-topic-0e48b030_bfe3_4e8c_9483_7a41d26af29d] Cluster ID: PmaraPXQRTuATyXg1suJRg
2025-07-31 15:30:12,672 INFO  [org.apa.kaf.cli.con.int.ConsumerCoordinator] (Thread-233) [Consumer clientId=consumer-Consumer-topic-0e48b030_bfe3_4e8c_9483_7a41d26af29d-15, groupId=Consumer-topic-0e48b030_bfe3_4e8c_9483_7a41d26af29d] Discovered group coordinator localhost:32770 (id: 2147483647 rack: null)
2025-07-31 15:30:12,676 INFO  [org.apa.kaf.cli.con.int.ConsumerCoordinator] (Thread-233) [Consumer clientId=consumer-Consumer-topic-0e48b030_bfe3_4e8c_9483_7a41d26af29d-15, groupId=Consumer-topic-0e48b030_bfe3_4e8c_9483_7a41d26af29d] (Re-)joining group
2025-07-31 15:30:12,683 INFO  [org.apa.kaf.cli.con.int.ConsumerCoordinator] (Thread-233) [Consumer clientId=consumer-Consumer-topic-0e48b030_bfe3_4e8c_9483_7a41d26af29d-15, groupId=Consumer-topic-0e48b030_bfe3_4e8c_9483_7a41d26af29d] Request joining group due to: need to re-join with the given member-id: consumer-Consumer-topic-0e48b030_bfe3_4e8c_9483_7a41d26af29d-15-10fc803b-a728-47e6-9054-7f314ba65536
2025-07-31 15:30:12,683 INFO  [org.apa.kaf.cli.con.int.ConsumerCoordinator] (Thread-233) [Consumer clientId=consumer-Consumer-topic-0e48b030_bfe3_4e8c_9483_7a41d26af29d-15, groupId=Consumer-topic-0e48b030_bfe3_4e8c_9483_7a41d26af29d] (Re-)joining group
2025-07-31 15:30:12,686 INFO  [org.apa.kaf.cli.con.int.ConsumerCoordinator] (Thread-233) [Consumer clientId=consumer-Consumer-topic-0e48b030_bfe3_4e8c_9483_7a41d26af29d-15, groupId=Consumer-topic-0e48b030_bfe3_4e8c_9483_7a41d26af29d] Successfully joined group with generation Generation{generationId=1, memberId='consumer-Consumer-topic-0e48b030_bfe3_4e8c_9483_7a41d26af29d-15-10fc803b-a728-47e6-9054-7f314ba65536', protocol='range'}
2025-07-31 15:30:12,686 INFO  [org.apa.kaf.cli.con.int.ConsumerCoordinator] (Thread-233) [Consumer clientId=consumer-Consumer-topic-0e48b030_bfe3_4e8c_9483_7a41d26af29d-15, groupId=Consumer-topic-0e48b030_bfe3_4e8c_9483_7a41d26af29d] Finished assignment for group at generation 1: {consumer-Consumer-topic-0e48b030_bfe3_4e8c_9483_7a41d26af29d-15-10fc803b-a728-47e6-9054-7f314ba65536=Assignment(partitions=[topic-0e48b030_bfe3_4e8c_9483_7a41d26af29d-0])}
2025-07-31 15:30:12,690 INFO  [org.apa.kaf.cli.con.int.ConsumerCoordinator] (Thread-233) [Consumer clientId=consumer-Consumer-topic-0e48b030_bfe3_4e8c_9483_7a41d26af29d-15, groupId=Consumer-topic-0e48b030_bfe3_4e8c_9483_7a41d26af29d] Successfully synced group in generation Generation{generationId=1, memberId='consumer-Consumer-topic-0e48b030_bfe3_4e8c_9483_7a41d26af29d-15-10fc803b-a728-47e6-9054-7f314ba65536', protocol='range'}
2025-07-31 15:30:12,690 INFO  [org.apa.kaf.cli.con.int.ConsumerCoordinator] (Thread-233) [Consumer clientId=consumer-Consumer-topic-0e48b030_bfe3_4e8c_9483_7a41d26af29d-15, groupId=Consumer-topic-0e48b030_bfe3_4e8c_9483_7a41d26af29d] Notifying assignor about the new Assignment(partitions=[topic-0e48b030_bfe3_4e8c_9483_7a41d26af29d-0])
2025-07-31 15:30:12,691 INFO  [org.apa.kaf.cli.con.int.ConsumerRebalanceListenerInvoker] (Thread-233) [Consumer clientId=consumer-Consumer-topic-0e48b030_bfe3_4e8c_9483_7a41d26af29d-15, groupId=Consumer-topic-0e48b030_bfe3_4e8c_9483_7a41d26af29d] Adding newly assigned partitions: topic-0e48b030_bfe3_4e8c_9483_7a41d26af29d-0
2025-07-31 15:30:12,693 INFO  [org.apa.kaf.cli.con.int.ConsumerCoordinator] (Thread-233) [Consumer clientId=consumer-Consumer-topic-0e48b030_bfe3_4e8c_9483_7a41d26af29d-15, groupId=Consumer-topic-0e48b030_bfe3_4e8c_9483_7a41d26af29d] Found no committed offset for partition topic-0e48b030_bfe3_4e8c_9483_7a41d26af29d-0
2025-07-31 15:30:12,694 INFO  [org.apa.kaf.cli.con.int.SubscriptionState] (Thread-233) [Consumer clientId=consumer-Consumer-topic-0e48b030_bfe3_4e8c_9483_7a41d26af29d-15, groupId=Consumer-topic-0e48b030_bfe3_4e8c_9483_7a41d26af29d] Resetting offset for partition topic-0e48b030_bfe3_4e8c_9483_7a41d26af29d-0 to position FetchPosition{offset=0, offsetEpoch=Optional.empty, currentLeader=LeaderAndEpoch{leader=Optional[localhost:32770 (id: 0 rack: null)], epoch=0}}.
2025-07-31 15:30:12,721 INFO  [io.api.tes.ser.api.KafkaSerdesTester] (Thread-233) topic-0e48b030_bfe3_4e8c_9483_7a41d26af29d 0 0 {"key11753975812410": "value-0"}
2025-07-31 15:30:12,721 INFO  [io.api.tes.ser.api.KafkaSerdesTester] (Thread-233) topic-0e48b030_bfe3_4e8c_9483_7a41d26af29d 0 1 {"key11753975812410": "value-1"}
2025-07-31 15:30:12,721 INFO  [io.api.tes.ser.api.KafkaSerdesTester] (Thread-233) topic-0e48b030_bfe3_4e8c_9483_7a41d26af29d 0 2 {"key11753975812410": "value-2"}
2025-07-31 15:30:12,721 INFO  [io.api.tes.ser.api.KafkaSerdesTester] (Thread-233) topic-0e48b030_bfe3_4e8c_9483_7a41d26af29d 0 3 {"key11753975812410": "value-3"}
2025-07-31 15:30:12,721 INFO  [io.api.tes.ser.api.KafkaSerdesTester] (Thread-233) topic-0e48b030_bfe3_4e8c_9483_7a41d26af29d 0 4 {"key11753975812410": "value-4"}
2025-07-31 15:30:12,721 INFO  [io.api.tes.ser.api.KafkaSerdesTester] (Thread-233) topic-0e48b030_bfe3_4e8c_9483_7a41d26af29d 0 5 {"key11753975812410": "value-5"}
2025-07-31 15:30:12,721 INFO  [io.api.tes.ser.api.KafkaSerdesTester] (Thread-233) topic-0e48b030_bfe3_4e8c_9483_7a41d26af29d 0 6 {"key11753975812410": "value-6"}
2025-07-31 15:30:12,721 INFO  [io.api.tes.ser.api.KafkaSerdesTester] (Thread-233) topic-0e48b030_bfe3_4e8c_9483_7a41d26af29d 0 7 {"key11753975812410": "value-7"}
2025-07-31 15:30:12,721 INFO  [io.api.tes.ser.api.KafkaSerdesTester] (Thread-233) topic-0e48b030_bfe3_4e8c_9483_7a41d26af29d 0 8 {"key11753975812410": "value-8"}
2025-07-31 15:30:12,721 INFO  [io.api.tes.ser.api.KafkaSerdesTester] (Thread-233) topic-0e48b030_bfe3_4e8c_9483_7a41d26af29d 0 9 {"key11753975812410": "value-9"}
2025-07-31 15:30:12,721 INFO  [io.api.tes.ser.api.KafkaSerdesTester] (Thread-233) Consumed 10 messages
2025-07-31 15:30:12,725 INFO  [org.apa.kaf.cli.con.int.ConsumerRebalanceListenerInvoker] (Thread-233) [Consumer clientId=consumer-Consumer-topic-0e48b030_bfe3_4e8c_9483_7a41d26af29d-15, groupId=Consumer-topic-0e48b030_bfe3_4e8c_9483_7a41d26af29d] Revoke previously assigned partitions topic-0e48b030_bfe3_4e8c_9483_7a41d26af29d-0
2025-07-31 15:30:12,725 INFO  [org.apa.kaf.cli.con.int.ConsumerCoordinator] (Thread-233) [Consumer clientId=consumer-Consumer-topic-0e48b030_bfe3_4e8c_9483_7a41d26af29d-15, groupId=Consumer-topic-0e48b030_bfe3_4e8c_9483_7a41d26af29d] Member consumer-Consumer-topic-0e48b030_bfe3_4e8c_9483_7a41d26af29d-15-10fc803b-a728-47e6-9054-7f314ba65536 sending LeaveGroup request to coordinator localhost:32770 (id: 2147483647 rack: null) due to the consumer is being closed
2025-07-31 15:30:12,726 INFO  [org.apa.kaf.cli.con.int.ConsumerCoordinator] (Thread-233) [Consumer clientId=consumer-Consumer-topic-0e48b030_bfe3_4e8c_9483_7a41d26af29d-15, groupId=Consumer-topic-0e48b030_bfe3_4e8c_9483_7a41d26af29d] Resetting generation and member id due to: consumer pro-actively leaving the group
2025-07-31 15:30:12,726 INFO  [org.apa.kaf.cli.con.int.ConsumerCoordinator] (Thread-233) [Consumer clientId=consumer-Consumer-topic-0e48b030_bfe3_4e8c_9483_7a41d26af29d-15, groupId=Consumer-topic-0e48b030_bfe3_4e8c_9483_7a41d26af29d] Request joining group due to: consumer pro-actively leaving the group
2025-07-31 15:30:13,226 INFO  [org.apa.kaf.com.met.Metrics] (Thread-233) Metrics scheduler closed
2025-07-31 15:30:13,226 INFO  [org.apa.kaf.com.met.Metrics] (Thread-233) Closing reporter org.apache.kafka.common.metrics.JmxReporter
2025-07-31 15:30:13,226 INFO  [org.apa.kaf.com.met.Metrics] (Thread-233) Closing reporter org.apache.kafka.common.telemetry.internals.ClientTelemetryReporter
2025-07-31 15:30:13,226 INFO  [org.apa.kaf.com.met.Metrics] (Thread-233) Metrics reporters closed
2025-07-31 15:30:13,229 INFO  [org.apa.kaf.com.uti.AppInfoParser] (Thread-233) App info kafka.consumer for consumer-Consumer-topic-0e48b030_bfe3_4e8c_9483_7a41d26af29d-15 unregistered
2025-07-31 15:30:13,230 INFO  [io.api.tes.uti.TestSeparator] (main) io.apicurio.tests.serdes.apicurio.AvroSerdeIT.testGlobalIdInBody-FINISHED
2025-07-31 15:30:13,230 INFO  [io.api.tes.uti.TestSeparator] (main) ############################################################################
]]></system-out>
  </testcase>
  <testcase name="testProducerUsesGlobalIdConsumerUsesDefault" classname="io.apicurio.tests.serdes.apicurio.AvroSerdeIT" time="0.0">
    <skipped message="void io.apicurio.tests.serdes.apicurio.AvroSerdeIT.testProducerUsesGlobalIdConsumerUsesDefault() throws java.lang.Exception is @Disabled"/>
  </testcase>
</testsuite>