<?xml version="1.0" encoding="UTF-8"?>
<testsuite xmlns:xsi="http://www.w3.org/2001/XMLSchema-instance" xsi:noNamespaceSchemaLocation="https://maven.apache.org/surefire/maven-failsafe-plugin/xsd/failsafe-test-report.xsd" version="3.0.2" name="io.apicurio.tests.serdes.confluent.BasicConfluentSerDesIT" time="14.256" tests="8" errors="0" skipped="0" failures="0">
  <properties>
    <property name="java.specification.version" value="17"/>
    <property name="sun.jnu.encoding" value="UTF-8"/>
    <property name="java.class.path" value="/home/runner/work/apicurio-testing/apicurio-testing/clusters/ci419/namespaces/kafkasql/tests/integration/apicurio-registry/integration-tests/target/test-classes:/home/runner/work/apicurio-testing/apicurio-testing/clusters/ci419/namespaces/kafkasql/tests/integration/apicurio-registry/integration-tests/target/apicurio-registry-integration-tests-3.0.9.jar:/home/runner/.m2/repository/io/quarkus/quarkus-junit5/3.15.4/quarkus-junit5-3.15.4.jar:/home/runner/.m2/repository/io/quarkus/quarkus-bootstrap-core/3.15.4/quarkus-bootstrap-core-3.15.4.jar:/home/runner/.m2/repository/io/quarkus/quarkus-classloader-commons/3.15.4/quarkus-classloader-commons-3.15.4.jar:/home/runner/.m2/repository/io/quarkus/quarkus-bootstrap-app-model/3.15.4/quarkus-bootstrap-app-model-3.15.4.jar:/home/runner/.m2/repository/io/smallrye/common/smallrye-common-io/2.6.1/smallrye-common-io-2.6.1.jar:/home/runner/.m2/repository/org/eclipse/sisu/org.eclipse.sisu.inject/0.9.0.M3/org.eclipse.sisu.inject-0.9.0.M3.jar:/home/runner/.m2/repository/io/quarkus/quarkus-test-common/3.15.4/quarkus-test-common-3.15.4.jar:/home/runner/.m2/repository/io/quarkus/quarkus-core-deployment/3.15.4/quarkus-core-deployment-3.15.4.jar:/home/runner/.m2/repository/org/aesh/readline/2.6/readline-2.6.jar:/home/runner/.m2/repository/org/fusesource/jansi/jansi/2.4.0/jansi-2.4.0.jar:/home/runner/.m2/repository/org/aesh/aesh/2.8.2/aesh-2.8.2.jar:/home/runner/.m2/repository/io/quarkus/gizmo/gizmo/1.8.0/gizmo-1.8.0.jar:/home/runner/.m2/repository/org/ow2/asm/asm-util/9.7/asm-util-9.7.jar:/home/runner/.m2/repository/org/ow2/asm/asm-analysis/9.7/asm-analysis-9.7.jar:/home/runner/.m2/repository/org/ow2/asm/asm-commons/9.7/asm-commons-9.7.jar:/home/runner/.m2/repository/org/ow2/asm/asm-tree/9.7/asm-tree-9.7.jar:/home/runner/.m2/repository/io/quarkus/quarkus-hibernate-validator-spi/3.15.4/quarkus-hibernate-validator-spi-3.15.4.jar:/home/runner/.m2/repository/io/quarkus/quarkus-class-change-agent/3.15.4/quarkus-class-change-agent-3.15.4.jar:/home/runner/.m2/repository/io/quarkus/quarkus-devtools-utilities/3.15.4/quarkus-devtools-utilities-3.15.4.jar:/home/runner/.m2/repository/io/quarkus/quarkus-builder/3.15.4/quarkus-builder-3.15.4.jar:/home/runner/.m2/repository/org/graalvm/sdk/nativeimage/23.1.2/nativeimage-23.1.2.jar:/home/runner/.m2/repository/org/graalvm/sdk/word/23.1.2/word-23.1.2.jar:/home/runner/.m2/repository/io/quarkus/quarkus-bootstrap-maven-resolver/3.15.4/quarkus-bootstrap-maven-resolver-3.15.4.jar:/home/runner/.m2/repository/io/smallrye/beanbag/smallrye-beanbag-maven/1.5.2/smallrye-beanbag-maven-1.5.2.jar:/home/runner/.m2/repository/io/smallrye/beanbag/smallrye-beanbag-sisu/1.5.2/smallrye-beanbag-sisu-1.5.2.jar:/home/runner/.m2/repository/io/smallrye/beanbag/smallrye-beanbag/1.5.2/smallrye-beanbag-1.5.2.jar:/home/runner/.m2/repository/javax/inject/javax.inject/1/javax.inject-1.jar:/home/runner/.m2/repository/org/apache/maven/maven-artifact/3.9.8/maven-artifact-3.9.8.jar:/home/runner/.m2/repository/org/apache/maven/maven-builder-support/3.9.8/maven-builder-support-3.9.8.jar:/home/runner/.m2/repository/org/apache/maven/maven-model/3.9.8/maven-model-3.9.8.jar:/home/runner/.m2/repository/org/apache/maven/maven-model-builder/3.9.8/maven-model-builder-3.9.8.jar:/home/runner/.m2/repository/org/apache/maven/maven-repository-metadata/3.9.8/maven-repository-metadata-3.9.8.jar:/home/runner/.m2/repository/org/apache/maven/maven-settings/3.9.8/maven-settings-3.9.8.jar:/home/runner/.m2/repository/org/apache/maven/resolver/maven-resolver-api/1.9.22/maven-resolver-api-1.9.22.jar:/home/runner/.m2/repository/org/apache/maven/resolver/maven-resolver-impl/1.9.22/maven-resolver-impl-1.9.22.jar:/home/runner/.m2/repository/org/apache/maven/resolver/maven-resolver-named-locks/1.9.22/maven-resolver-named-locks-1.9.22.jar:/home/runner/.m2/repository/org/apache/maven/resolver/maven-resolver-spi/1.9.22/maven-resolver-spi-1.9.22.jar:/home/runner/.m2/repository/org/apache/maven/resolver/maven-resolver-util/1.9.22/maven-resolver-util-1.9.22.jar:/home/runner/.m2/repository/org/apache/maven/resolver/maven-resolver-transport-http/1.9.20/maven-resolver-transport-http-1.9.20.jar:/home/runner/.m2/repository/org/apache/maven/wagon/wagon-provider-api/3.5.3/wagon-provider-api-3.5.3.jar:/home/runner/.m2/repository/org/apache/maven/wagon/wagon-http-shared/3.5.3/wagon-http-shared-3.5.3.jar:/home/runner/.m2/repository/org/codehaus/plexus/plexus-interpolation/1.26/plexus-interpolation-1.26.jar:/home/runner/.m2/repository/org/codehaus/plexus/plexus-utils/3.5.1/plexus-utils-3.5.1.jar:/home/runner/.m2/repository/org/codehaus/plexus/plexus-xml/4.0.1/plexus-xml-4.0.1.jar:/home/runner/.m2/repository/org/apache/maven/maven-xml-impl/4.0.0-alpha-5/maven-xml-impl-4.0.0-alpha-5.jar:/home/runner/.m2/repository/org/apache/maven/maven-api-xml/4.0.0-alpha-5/maven-api-xml-4.0.0-alpha-5.jar:/home/runner/.m2/repository/org/apache/maven/maven-api-meta/4.0.0-alpha-5/maven-api-meta-4.0.0-alpha-5.jar:/home/runner/.m2/repository/org/codehaus/plexus/plexus-cipher/2.0/plexus-cipher-2.0.jar:/home/runner/.m2/repository/org/codehaus/plexus/plexus-sec-dispatcher/2.0/plexus-sec-dispatcher-2.0.jar:/home/runner/.m2/repository/org/apache/maven/maven-embedder/3.9.8/maven-embedder-3.9.8.jar:/home/runner/.m2/repository/org/apache/maven/maven-core/3.9.8/maven-core-3.9.8.jar:/home/runner/.m2/repository/org/codehaus/plexus/plexus-component-annotations/2.1.0/plexus-component-annotations-2.1.0.jar:/home/runner/.m2/repository/org/apache/maven/maven-plugin-api/3.9.8/maven-plugin-api-3.9.8.jar:/home/runner/.m2/repository/org/apache/maven/shared/maven-shared-utils/3.4.2/maven-shared-utils-3.4.2.jar:/home/runner/.m2/repository/com/google/inject/guice/5.1.0/guice-5.1.0.jar:/home/runner/.m2/repository/aopalliance/aopalliance/1.0/aopalliance-1.0.jar:/home/runner/.m2/repository/javax/annotation/javax.annotation-api/1.3.2/javax.annotation-api-1.3.2.jar:/home/runner/.m2/repository/org/codehaus/plexus/plexus-classworlds/2.6.0/plexus-classworlds-2.6.0.jar:/home/runner/.m2/repository/commons-cli/commons-cli/1.8.0/commons-cli-1.8.0.jar:/home/runner/.m2/repository/org/eclipse/sisu/org.eclipse.sisu.plexus/0.9.0.M3/org.eclipse.sisu.plexus-0.9.0.M3.jar:/home/runner/.m2/repository/org/apache/maven/maven-settings-builder/3.9.8/maven-settings-builder-3.9.8.jar:/home/runner/.m2/repository/org/apache/maven/maven-resolver-provider/3.9.8/maven-resolver-provider-3.9.8.jar:/home/runner/.m2/repository/org/apache/maven/resolver/maven-resolver-connector-basic/1.9.22/maven-resolver-connector-basic-1.9.22.jar:/home/runner/.m2/repository/org/apache/maven/resolver/maven-resolver-transport-wagon/1.9.22/maven-resolver-transport-wagon-1.9.22.jar:/home/runner/.m2/repository/org/apache/maven/wagon/wagon-http/3.5.3/wagon-http-3.5.3.jar:/home/runner/.m2/repository/org/apache/maven/wagon/wagon-file/3.5.3/wagon-file-3.5.3.jar:/home/runner/.m2/repository/io/quarkus/quarkus-bootstrap-gradle-resolver/3.15.4/quarkus-bootstrap-gradle-resolver-3.15.4.jar:/home/runner/.m2/repository/io/smallrye/jandex/3.2.3/jandex-3.2.3.jar:/home/runner/.m2/repository/org/jboss/logging/commons-logging-jboss-logging/1.0.0.Final/commons-logging-jboss-logging-1.0.0.Final.jar:/home/runner/.m2/repository/io/quarkus/quarkus-junit5-properties/3.15.4/quarkus-junit5-properties-3.15.4.jar:/home/runner/.m2/repository/org/junit/jupiter/junit-jupiter/5.10.3/junit-jupiter-5.10.3.jar:/home/runner/.m2/repository/org/junit/jupiter/junit-jupiter-api/5.10.3/junit-jupiter-api-5.10.3.jar:/home/runner/.m2/repository/org/junit/jupiter/junit-jupiter-params/5.10.3/junit-jupiter-params-5.10.3.jar:/home/runner/.m2/repository/org/junit/jupiter/junit-jupiter-engine/5.10.3/junit-jupiter-engine-5.10.3.jar:/home/runner/.m2/repository/io/quarkus/quarkus-core/3.15.4/quarkus-core-3.15.4.jar:/home/runner/.m2/repository/jakarta/enterprise/jakarta.enterprise.cdi-api/4.1.0/jakarta.enterprise.cdi-api-4.1.0.jar:/home/runner/.m2/repository/jakarta/enterprise/jakarta.enterprise.lang-model/4.1.0/jakarta.enterprise.lang-model-4.1.0.jar:/home/runner/.m2/repository/jakarta/el/jakarta.el-api/5.0.1/jakarta.el-api-5.0.1.jar:/home/runner/.m2/repository/jakarta/interceptor/jakarta.interceptor-api/2.2.0/jakarta.interceptor-api-2.2.0.jar:/home/runner/.m2/repository/jakarta/inject/jakarta.inject-api/2.0.1/jakarta.inject-api-2.0.1.jar:/home/runner/.m2/repository/io/smallrye/common/smallrye-common-os/2.6.1/smallrye-common-os-2.6.1.jar:/home/runner/.m2/repository/io/quarkus/quarkus-ide-launcher/3.15.4/quarkus-ide-launcher-3.15.4.jar:/home/runner/.m2/repository/io/quarkus/quarkus-development-mode-spi/3.15.4/quarkus-development-mode-spi-3.15.4.jar:/home/runner/.m2/repository/io/smallrye/config/smallrye-config/3.9.1/smallrye-config-3.9.1.jar:/home/runner/.m2/repository/io/smallrye/config/smallrye-config-core/3.9.1/smallrye-config-core-3.9.1.jar:/home/runner/.m2/repository/io/smallrye/common/smallrye-common-annotation/2.6.1/smallrye-common-annotation-2.6.1.jar:/home/runner/.m2/repository/io/smallrye/common/smallrye-common-classloader/2.6.1/smallrye-common-classloader-2.6.1.jar:/home/runner/.m2/repository/io/smallrye/config/smallrye-config-common/3.9.1/smallrye-config-common-3.9.1.jar:/home/runner/.m2/repository/org/jboss/logging/jboss-logging/3.6.0.Final/jboss-logging-3.6.0.Final.jar:/home/runner/.m2/repository/org/jboss/logmanager/jboss-logmanager/3.1.1.Final/jboss-logmanager-3.1.1.Final.jar:/home/runner/.m2/repository/io/smallrye/common/smallrye-common-constraint/2.6.1/smallrye-common-constraint-2.6.1.jar:/home/runner/.m2/repository/io/smallrye/common/smallrye-common-cpu/2.6.1/smallrye-common-cpu-2.6.1.jar:/home/runner/.m2/repository/io/smallrye/common/smallrye-common-expression/2.6.1/smallrye-common-expression-2.6.1.jar:/home/runner/.m2/repository/io/smallrye/common/smallrye-common-function/2.6.1/smallrye-common-function-2.6.1.jar:/home/runner/.m2/repository/io/smallrye/common/smallrye-common-net/2.6.1/smallrye-common-net-2.6.1.jar:/home/runner/.m2/repository/io/smallrye/common/smallrye-common-ref/2.6.1/smallrye-common-ref-2.6.1.jar:/home/runner/.m2/repository/jakarta/json/jakarta.json-api/2.1.3/jakarta.json-api-2.1.3.jar:/home/runner/.m2/repository/org/eclipse/parsson/parsson/1.1.7/parsson-1.1.7.jar:/home/runner/.m2/repository/org/jboss/logging/jboss-logging-annotations/3.0.1.Final/jboss-logging-annotations-3.0.1.Final.jar:/home/runner/.m2/repository/org/jboss/threads/jboss-threads/3.6.1.Final/jboss-threads-3.6.1.Final.jar:/home/runner/.m2/repository/org/jboss/slf4j/slf4j-jboss-logmanager/2.0.0.Final/slf4j-jboss-logmanager-2.0.0.Final.jar:/home/runner/.m2/repository/org/wildfly/common/wildfly-common/1.7.0.Final/wildfly-common-1.7.0.Final.jar:/home/runner/.m2/repository/io/quarkus/quarkus-bootstrap-runner/3.15.4/quarkus-bootstrap-runner-3.15.4.jar:/home/runner/.m2/repository/io/github/crac/org-crac/0.1.3/org-crac-0.1.3.jar:/home/runner/.m2/repository/io/quarkus/quarkus-fs-util/0.0.10/quarkus-fs-util-0.0.10.jar:/home/runner/.m2/repository/org/jboss/marshalling/jboss-marshalling/2.2.1.Final/jboss-marshalling-2.2.1.Final.jar:/home/runner/.m2/repository/io/fabric8/kubernetes-client/6.13.5/kubernetes-client-6.13.5.jar:/home/runner/.m2/repository/io/fabric8/kubernetes-client-api/6.13.5/kubernetes-client-api-6.13.5.jar:/home/runner/.m2/repository/io/fabric8/kubernetes-model-core/6.13.5/kubernetes-model-core-6.13.5.jar:/home/runner/.m2/repository/io/fabric8/kubernetes-model-common/6.13.5/kubernetes-model-common-6.13.5.jar:/home/runner/.m2/repository/io/fabric8/kubernetes-model-gatewayapi/6.13.5/kubernetes-model-gatewayapi-6.13.5.jar:/home/runner/.m2/repository/io/fabric8/kubernetes-model-resource/6.13.5/kubernetes-model-resource-6.13.5.jar:/home/runner/.m2/repository/io/fabric8/kubernetes-model-rbac/6.13.5/kubernetes-model-rbac-6.13.5.jar:/home/runner/.m2/repository/io/fabric8/kubernetes-model-admissionregistration/6.13.5/kubernetes-model-admissionregistration-6.13.5.jar:/home/runner/.m2/repository/io/fabric8/kubernetes-model-apps/6.13.5/kubernetes-model-apps-6.13.5.jar:/home/runner/.m2/repository/io/fabric8/kubernetes-model-autoscaling/6.13.5/kubernetes-model-autoscaling-6.13.5.jar:/home/runner/.m2/repository/io/fabric8/kubernetes-model-apiextensions/6.13.5/kubernetes-model-apiextensions-6.13.5.jar:/home/runner/.m2/repository/io/fabric8/kubernetes-model-batch/6.13.5/kubernetes-model-batch-6.13.5.jar:/home/runner/.m2/repository/io/fabric8/kubernetes-model-certificates/6.13.5/kubernetes-model-certificates-6.13.5.jar:/home/runner/.m2/repository/io/fabric8/kubernetes-model-coordination/6.13.5/kubernetes-model-coordination-6.13.5.jar:/home/runner/.m2/repository/io/fabric8/kubernetes-model-discovery/6.13.5/kubernetes-model-discovery-6.13.5.jar:/home/runner/.m2/repository/io/fabric8/kubernetes-model-events/6.13.5/kubernetes-model-events-6.13.5.jar:/home/runner/.m2/repository/io/fabric8/kubernetes-model-extensions/6.13.5/kubernetes-model-extensions-6.13.5.jar:/home/runner/.m2/repository/io/fabric8/kubernetes-model-flowcontrol/6.13.5/kubernetes-model-flowcontrol-6.13.5.jar:/home/runner/.m2/repository/io/fabric8/kubernetes-model-networking/6.13.5/kubernetes-model-networking-6.13.5.jar:/home/runner/.m2/repository/io/fabric8/kubernetes-model-metrics/6.13.5/kubernetes-model-metrics-6.13.5.jar:/home/runner/.m2/repository/io/fabric8/kubernetes-model-policy/6.13.5/kubernetes-model-policy-6.13.5.jar:/home/runner/.m2/repository/io/fabric8/kubernetes-model-scheduling/6.13.5/kubernetes-model-scheduling-6.13.5.jar:/home/runner/.m2/repository/io/fabric8/kubernetes-model-storageclass/6.13.5/kubernetes-model-storageclass-6.13.5.jar:/home/runner/.m2/repository/io/fabric8/kubernetes-model-node/6.13.5/kubernetes-model-node-6.13.5.jar:/home/runner/.m2/repository/org/snakeyaml/snakeyaml-engine/2.7/snakeyaml-engine-2.7.jar:/home/runner/.m2/repository/com/fasterxml/jackson/dataformat/jackson-dataformat-yaml/2.15.2/jackson-dataformat-yaml-2.15.2.jar:/home/runner/.m2/repository/com/fasterxml/jackson/datatype/jackson-datatype-jsr310/2.17.2/jackson-datatype-jsr310-2.17.2.jar:/home/runner/.m2/repository/io/fabric8/zjsonpatch/0.3.0/zjsonpatch-0.3.0.jar:/home/runner/.m2/repository/io/fabric8/kubernetes-httpclient-vertx/6.13.5/kubernetes-httpclient-vertx-6.13.5.jar:/home/runner/.m2/repository/io/vertx/vertx-web-client/4.5.13/vertx-web-client-4.5.13.jar:/home/runner/.m2/repository/io/vertx/vertx-web-common/4.5.13/vertx-web-common-4.5.13.jar:/home/runner/.m2/repository/io/vertx/vertx-auth-common/4.5.13/vertx-auth-common-4.5.13.jar:/home/runner/.m2/repository/io/vertx/vertx-uri-template/4.5.13/vertx-uri-template-4.5.13.jar:/home/runner/.m2/repository/io/fabric8/openshift-client/6.13.5/openshift-client-6.13.5.jar:/home/runner/.m2/repository/io/fabric8/openshift-client-api/6.13.5/openshift-client-api-6.13.5.jar:/home/runner/.m2/repository/io/fabric8/openshift-model/6.13.5/openshift-model-6.13.5.jar:/home/runner/.m2/repository/io/fabric8/openshift-model-clusterautoscaling/6.13.5/openshift-model-clusterautoscaling-6.13.5.jar:/home/runner/.m2/repository/io/fabric8/openshift-model-operator/6.13.5/openshift-model-operator-6.13.5.jar:/home/runner/.m2/repository/io/fabric8/openshift-model-operatorhub/6.13.5/openshift-model-operatorhub-6.13.5.jar:/home/runner/.m2/repository/io/fabric8/openshift-model-machine/6.13.5/openshift-model-machine-6.13.5.jar:/home/runner/.m2/repository/io/fabric8/openshift-model-whereabouts/6.13.5/openshift-model-whereabouts-6.13.5.jar:/home/runner/.m2/repository/io/fabric8/openshift-model-monitoring/6.13.5/openshift-model-monitoring-6.13.5.jar:/home/runner/.m2/repository/io/fabric8/openshift-model-storageversionmigrator/6.13.5/openshift-model-storageversionmigrator-6.13.5.jar:/home/runner/.m2/repository/io/fabric8/openshift-model-tuned/6.13.5/openshift-model-tuned-6.13.5.jar:/home/runner/.m2/repository/io/fabric8/openshift-model-console/6.13.5/openshift-model-console-6.13.5.jar:/home/runner/.m2/repository/io/fabric8/openshift-model-config/6.13.5/openshift-model-config-6.13.5.jar:/home/runner/.m2/repository/io/fabric8/openshift-model-machineconfig/6.13.5/openshift-model-machineconfig-6.13.5.jar:/home/runner/.m2/repository/io/fabric8/openshift-model-miscellaneous/6.13.5/openshift-model-miscellaneous-6.13.5.jar:/home/runner/.m2/repository/io/fabric8/openshift-model-hive/6.13.5/openshift-model-hive-6.13.5.jar:/home/runner/.m2/repository/io/fabric8/openshift-model-installer/6.13.5/openshift-model-installer-6.13.5.jar:/home/runner/.m2/repository/com/github/mifmif/generex/1.0.2/generex-1.0.2.jar:/home/runner/.m2/repository/dk/brics/automaton/automaton/1.11-8/automaton-1.11-8.jar:/home/runner/.m2/repository/org/junit/platform/junit-platform-launcher/1.10.3/junit-platform-launcher-1.10.3.jar:/home/runner/.m2/repository/org/junit/platform/junit-platform-engine/1.10.3/junit-platform-engine-1.10.3.jar:/home/runner/.m2/repository/org/opentest4j/opentest4j/1.3.0/opentest4j-1.3.0.jar:/home/runner/.m2/repository/org/junit/platform/junit-platform-commons/1.10.3/junit-platform-commons-1.10.3.jar:/home/runner/.m2/repository/org/apiguardian/apiguardian-api/1.1.2/apiguardian-api-1.1.2.jar:/home/runner/.m2/repository/jakarta/ws/rs/jakarta.ws.rs-api/3.1.0/jakarta.ws.rs-api-3.1.0.jar:/home/runner/work/apicurio-testing/apicurio-testing/clusters/ci419/namespaces/kafkasql/tests/integration/apicurio-registry/java-sdk/target/apicurio-registry-java-sdk-3.0.9.jar:/home/runner/.m2/repository/com/microsoft/kiota/microsoft-kiota-abstractions/1.8.4/microsoft-kiota-abstractions-1.8.4.jar:/home/runner/.m2/repository/io/github/std-uritemplate/std-uritemplate/2.0.0/std-uritemplate-2.0.0.jar:/home/runner/.m2/repository/io/kiota/kiota-http-jdk/0.0.21/kiota-http-jdk-0.0.21.jar:/home/runner/.m2/repository/io/kiota/kiota-http-vertx/0.0.21/kiota-http-vertx-0.0.21.jar:/home/runner/.m2/repository/io/kiota/kiota-serialization-jackson/0.0.21/kiota-serialization-jackson-0.0.21.jar:/home/runner/.m2/repository/com/microsoft/kiota/microsoft-kiota-serialization-text/1.8.4/microsoft-kiota-serialization-text-1.8.4.jar:/home/runner/.m2/repository/com/microsoft/kiota/microsoft-kiota-serialization-form/1.8.4/microsoft-kiota-serialization-form-1.8.4.jar:/home/runner/.m2/repository/com/microsoft/kiota/microsoft-kiota-serialization-multipart/1.8.4/microsoft-kiota-serialization-multipart-1.8.4.jar:/home/runner/.m2/repository/jakarta/annotation/jakarta.annotation-api/3.0.0/jakarta.annotation-api-3.0.0.jar:/home/runner/.m2/repository/io/vertx/vertx-auth-oauth2/4.5.13/vertx-auth-oauth2-4.5.13.jar:/home/runner/work/apicurio-testing/apicurio-testing/clusters/ci419/namespaces/kafkasql/tests/integration/apicurio-registry/java-sdk-v2/target/apicurio-registry-v2-java-sdk-3.0.9.jar:/home/runner/work/apicurio-testing/apicurio-testing/clusters/ci419/namespaces/kafkasql/tests/integration/apicurio-registry/utils/kafka/target/apicurio-registry-utils-kafka-3.0.9-tests.jar:/home/runner/.m2/repository/org/eclipse/microprofile/config/microprofile-config-api/3.1/microprofile-config-api-3.1.jar:/home/runner/.m2/repository/org/apache/kafka/kafka-clients/3.9.0/kafka-clients-3.9.0.jar:/home/runner/.m2/repository/com/github/luben/zstd-jni/1.5.6-4/zstd-jni-1.5.6-4.jar:/home/runner/.m2/repository/org/lz4/lz4-java/1.8.0/lz4-java-1.8.0.jar:/home/runner/.m2/repository/org/xerial/snappy/snappy-java/1.1.10.5/snappy-java-1.1.10.5.jar:/home/runner/.m2/repository/org/slf4j/slf4j-api/2.0.6/slf4j-api-2.0.6.jar:/home/runner/work/apicurio-testing/apicurio-testing/clusters/ci419/namespaces/kafkasql/tests/integration/apicurio-registry/utils/tests/target/apicurio-registry-utils-tests-3.0.9.jar:/home/runner/work/apicurio-testing/apicurio-testing/clusters/ci419/namespaces/kafkasql/tests/integration/apicurio-registry/common/target/apicurio-registry-common-3.0.9.jar:/home/runner/.m2/repository/jakarta/validation/jakarta.validation-api/3.0.2/jakarta.validation-api-3.0.2.jar:/home/runner/.m2/repository/com/github/dasniko/testcontainers-keycloak/3.6.0/testcontainers-keycloak-3.6.0.jar:/home/runner/.m2/repository/org/testcontainers/testcontainers/1.20.1/testcontainers-1.20.1.jar:/home/runner/.m2/repository/org/rnorth/duct-tape/duct-tape/1.0.8/duct-tape-1.0.8.jar:/home/runner/.m2/repository/org/jetbrains/annotations/24.1.0/annotations-24.1.0.jar:/home/runner/.m2/repository/com/github/docker-java/docker-java-transport-zerodep/3.4.0/docker-java-transport-zerodep-3.4.0.jar:/home/runner/.m2/repository/com/github/docker-java/docker-java-transport/3.4.0/docker-java-transport-3.4.0.jar:/home/runner/.m2/repository/net/java/dev/jna/jna/5.8.0/jna-5.8.0.jar:/home/runner/.m2/repository/io/quarkus/quarkus-junit4-mock/3.15.4/quarkus-junit4-mock-3.15.4.jar:/home/runner/.m2/repository/org/jboss/shrinkwrap/shrinkwrap-api/2.0.0-beta-2/shrinkwrap-api-2.0.0-beta-2.jar:/home/runner/.m2/repository/org/jboss/shrinkwrap/shrinkwrap-impl-base/2.0.0-beta-2/shrinkwrap-impl-base-2.0.0-beta-2.jar:/home/runner/.m2/repository/org/jboss/shrinkwrap/shrinkwrap-spi/2.0.0-beta-2/shrinkwrap-spi-2.0.0-beta-2.jar:/home/runner/.m2/repository/org/keycloak/keycloak-admin-client/25.0.6/keycloak-admin-client-25.0.6.jar:/home/runner/.m2/repository/org/keycloak/keycloak-core/25.0.6/keycloak-core-25.0.6.jar:/home/runner/.m2/repository/org/keycloak/keycloak-common/25.0.6/keycloak-common-25.0.6.jar:/home/runner/.m2/repository/org/jboss/resteasy/resteasy-client/6.2.9.Final/resteasy-client-6.2.9.Final.jar:/home/runner/.m2/repository/org/jboss/resteasy/resteasy-client-api/6.2.9.Final/resteasy-client-api-6.2.9.Final.jar:/home/runner/.m2/repository/org/jboss/resteasy/resteasy-core-spi/6.2.9.Final/resteasy-core-spi-6.2.9.Final.jar:/home/runner/.m2/repository/org/jboss/resteasy/resteasy-core/6.2.9.Final/resteasy-core-6.2.9.Final.jar:/home/runner/.m2/repository/org/eclipse/angus/angus-activation/2.0.2/angus-activation-2.0.2.jar:/home/runner/.m2/repository/com/ibm/async/asyncutil/0.1.0/asyncutil-0.1.0.jar:/home/runner/.m2/repository/org/reactivestreams/reactive-streams/1.0.4/reactive-streams-1.0.4.jar:/home/runner/.m2/repository/org/jboss/resteasy/resteasy-multipart-provider/6.2.9.Final/resteasy-multipart-provider-6.2.9.Final.jar:/home/runner/.m2/repository/jakarta/mail/jakarta.mail-api/2.1.2/jakarta.mail-api-2.1.2.jar:/home/runner/.m2/repository/org/eclipse/angus/angus-mail/2.0.3/angus-mail-2.0.3.jar:/home/runner/.m2/repository/org/apache/james/apache-mime4j-dom/0.8.11/apache-mime4j-dom-0.8.11.jar:/home/runner/.m2/repository/org/apache/james/apache-mime4j-core/0.8.11/apache-mime4j-core-0.8.11.jar:/home/runner/.m2/repository/org/apache/james/apache-mime4j-storage/0.8.11/apache-mime4j-storage-0.8.11.jar:/home/runner/.m2/repository/org/jboss/resteasy/resteasy-jackson2-provider/6.2.9.Final/resteasy-jackson2-provider-6.2.9.Final.jar:/home/runner/.m2/repository/com/fasterxml/jackson/jakarta/rs/jackson-jakarta-rs-base/2.17.2/jackson-jakarta-rs-base-2.17.2.jar:/home/runner/.m2/repository/com/fasterxml/jackson/jakarta/rs/jackson-jakarta-rs-json-provider/2.17.2/jackson-jakarta-rs-json-provider-2.17.2.jar:/home/runner/.m2/repository/com/fasterxml/jackson/module/jackson-module-jakarta-xmlbind-annotations/2.17.2/jackson-module-jakarta-xmlbind-annotations-2.17.2.jar:/home/runner/.m2/repository/com/github/java-json-tools/json-patch/1.13/json-patch-1.13.jar:/home/runner/.m2/repository/com/github/java-json-tools/msg-simple/1.2/msg-simple-1.2.jar:/home/runner/.m2/repository/com/github/java-json-tools/btf/1.3/btf-1.3.jar:/home/runner/.m2/repository/com/github/java-json-tools/jackson-coreutils/2.0/jackson-coreutils-2.0.jar:/home/runner/.m2/repository/org/jboss/resteasy/resteasy-jaxb-provider/6.2.9.Final/resteasy-jaxb-provider-6.2.9.Final.jar:/home/runner/.m2/repository/org/glassfish/jaxb/codemodel/4.0.3/codemodel-4.0.3.jar:/home/runner/.m2/repository/org/glassfish/jaxb/jaxb-core/4.0.5/jaxb-core-4.0.5.jar:/home/runner/.m2/repository/org/glassfish/jaxb/jaxb-jxc/4.0.3/jaxb-jxc-4.0.3.jar:/home/runner/.m2/repository/org/glassfish/jaxb/jaxb-runtime/4.0.5/jaxb-runtime-4.0.5.jar:/home/runner/.m2/repository/org/glassfish/jaxb/txw2/4.0.5/txw2-4.0.5.jar:/home/runner/.m2/repository/org/glassfish/jaxb/jaxb-xjc/4.0.3/jaxb-xjc-4.0.3.jar:/home/runner/.m2/repository/org/glassfish/jaxb/xsom/4.0.3/xsom-4.0.3.jar:/home/runner/.m2/repository/com/sun/istack/istack-commons-runtime/4.1.2/istack-commons-runtime-4.1.2.jar:/home/runner/.m2/repository/com/sun/istack/istack-commons-tools/4.1.2/istack-commons-tools-4.1.2.jar:/home/runner/.m2/repository/com/sun/xml/bind/external/relaxng-datatype/4.0.3/relaxng-datatype-4.0.3.jar:/home/runner/.m2/repository/com/sun/xml/bind/external/rngom/4.0.3/rngom-4.0.3.jar:/home/runner/.m2/repository/org/testcontainers/mssqlserver/1.20.1/mssqlserver-1.20.1.jar:/home/runner/.m2/repository/org/testcontainers/jdbc/1.20.1/jdbc-1.20.1.jar:/home/runner/.m2/repository/org/testcontainers/database-commons/1.20.1/database-commons-1.20.1.jar:/home/runner/.m2/repository/org/testcontainers/mysql/1.20.1/mysql-1.20.1.jar:/home/runner/.m2/repository/io/strimzi/strimzi-test-container/0.107.0/strimzi-test-container-0.107.0.jar:/home/runner/.m2/repository/org/testcontainers/toxiproxy/1.20.1/toxiproxy-1.20.1.jar:/home/runner/.m2/repository/com/github/docker-java/docker-java-api/3.4.0/docker-java-api-3.4.0.jar:/home/runner/.m2/repository/eu/rekawek/toxiproxy/toxiproxy-java/2.1.7/toxiproxy-java-2.1.7.jar:/home/runner/.m2/repository/junit/junit/4.13.2/junit-4.13.2.jar:/home/runner/.m2/repository/org/hamcrest/hamcrest-core/1.3/hamcrest-core-1.3.jar:/home/runner/.m2/repository/org/testcontainers/pulsar/1.20.4/pulsar-1.20.4.jar:/home/runner/.m2/repository/io/debezium/debezium-testing-testcontainers/2.6.2.Final/debezium-testing-testcontainers-2.6.2.Final.jar:/home/runner/.m2/repository/org/testcontainers/kafka/1.20.1/kafka-1.20.1.jar:/home/runner/.m2/repository/com/squareup/okhttp3/okhttp/4.8.1/okhttp-4.8.1.jar:/home/runner/.m2/repository/com/squareup/okio/okio/3.10.2/okio-3.10.2.jar:/home/runner/.m2/repository/com/squareup/okio/okio-jvm/3.10.2/okio-jvm-3.10.2.jar:/home/runner/.m2/repository/org/jetbrains/kotlin/kotlin-stdlib/2.0.10/kotlin-stdlib-2.0.10.jar:/home/runner/.m2/repository/org/awaitility/awaitility/4.2.2/awaitility-4.2.2.jar:/home/runner/.m2/repository/org/testcontainers/mongodb/1.20.1/mongodb-1.20.1.jar:/home/runner/.m2/repository/org/testcontainers/oracle-xe/1.20.1/oracle-xe-1.20.1.jar:/home/runner/.m2/repository/org/testcontainers/postgresql/1.20.1/postgresql-1.20.1.jar:/home/runner/.m2/repository/org/wiremock/wiremock/3.0.1/wiremock-3.0.1.jar:/home/runner/.m2/repository/org/eclipse/jetty/jetty-server/11.0.15/jetty-server-11.0.15.jar:/home/runner/.m2/repository/org/eclipse/jetty/toolchain/jetty-jakarta-servlet-api/5.0.2/jetty-jakarta-servlet-api-5.0.2.jar:/home/runner/.m2/repository/org/eclipse/jetty/jetty-http/11.0.15/jetty-http-11.0.15.jar:/home/runner/.m2/repository/org/eclipse/jetty/jetty-io/11.0.15/jetty-io-11.0.15.jar:/home/runner/.m2/repository/org/eclipse/jetty/jetty-servlet/11.0.15/jetty-servlet-11.0.15.jar:/home/runner/.m2/repository/org/eclipse/jetty/jetty-security/11.0.15/jetty-security-11.0.15.jar:/home/runner/.m2/repository/org/eclipse/jetty/jetty-servlets/11.0.15/jetty-servlets-11.0.15.jar:/home/runner/.m2/repository/org/eclipse/jetty/jetty-util/11.0.15/jetty-util-11.0.15.jar:/home/runner/.m2/repository/org/eclipse/jetty/jetty-webapp/11.0.15/jetty-webapp-11.0.15.jar:/home/runner/.m2/repository/org/eclipse/jetty/jetty-xml/11.0.15/jetty-xml-11.0.15.jar:/home/runner/.m2/repository/org/eclipse/jetty/jetty-proxy/11.0.15/jetty-proxy-11.0.15.jar:/home/runner/.m2/repository/org/eclipse/jetty/jetty-client/11.0.15/jetty-client-11.0.15.jar:/home/runner/.m2/repository/org/eclipse/jetty/http2/http2-server/11.0.15/http2-server-11.0.15.jar:/home/runner/.m2/repository/org/eclipse/jetty/http2/http2-common/11.0.15/http2-common-11.0.15.jar:/home/runner/.m2/repository/org/eclipse/jetty/http2/http2-hpack/11.0.15/http2-hpack-11.0.15.jar:/home/runner/.m2/repository/org/eclipse/jetty/jetty-alpn-server/11.0.15/jetty-alpn-server-11.0.15.jar:/home/runner/.m2/repository/org/eclipse/jetty/jetty-alpn-java-server/11.0.15/jetty-alpn-java-server-11.0.15.jar:/home/runner/.m2/repository/org/eclipse/jetty/jetty-alpn-java-client/11.0.15/jetty-alpn-java-client-11.0.15.jar:/home/runner/.m2/repository/org/eclipse/jetty/jetty-alpn-client/11.0.15/jetty-alpn-client-11.0.15.jar:/home/runner/.m2/repository/org/apache/httpcomponents/client5/httpclient5/5.2.1/httpclient5-5.2.1.jar:/home/runner/.m2/repository/org/apache/httpcomponents/core5/httpcore5/5.2/httpcore5-5.2.jar:/home/runner/.m2/repository/org/apache/httpcomponents/core5/httpcore5-h2/5.2/httpcore5-h2-5.2.jar:/home/runner/.m2/repository/org/xmlunit/xmlunit-core/2.9.1/xmlunit-core-2.9.1.jar:/home/runner/.m2/repository/jakarta/xml/bind/jakarta.xml.bind-api/4.0.2/jakarta.xml.bind-api-4.0.2.jar:/home/runner/.m2/repository/jakarta/activation/jakarta.activation-api/2.1.3/jakarta.activation-api-2.1.3.jar:/home/runner/.m2/repository/org/xmlunit/xmlunit-legacy/2.9.1/xmlunit-legacy-2.9.1.jar:/home/runner/.m2/repository/org/xmlunit/xmlunit-placeholders/2.9.1/xmlunit-placeholders-2.9.1.jar:/home/runner/.m2/repository/net/javacrumbs/json-unit/json-unit-core/2.38.0/json-unit-core-2.38.0.jar:/home/runner/.m2/repository/com/jayway/jsonpath/json-path/2.8.0/json-path-2.8.0.jar:/home/runner/.m2/repository/net/minidev/json-smart/2.4.10/json-smart-2.4.10.jar:/home/runner/.m2/repository/net/minidev/accessors-smart/2.4.9/accessors-smart-2.4.9.jar:/home/runner/.m2/repository/org/ow2/asm/asm/9.7/asm-9.7.jar:/home/runner/.m2/repository/net/sf/jopt-simple/jopt-simple/5.0.4/jopt-simple-5.0.4.jar:/home/runner/.m2/repository/com/github/jknack/handlebars/4.3.1/handlebars-4.3.1.jar:/home/runner/.m2/repository/com/github/jknack/handlebars-helpers/4.3.1/handlebars-helpers-4.3.1.jar:/home/runner/.m2/repository/commons-fileupload/commons-fileupload/1.5/commons-fileupload-1.5.jar:/home/runner/.m2/repository/com/networknt/json-schema-validator/1.5.5/json-schema-validator-1.5.5.jar:/home/runner/.m2/repository/com/ethlo/time/itu/1.10.3/itu-1.10.3.jar:/home/runner/.m2/repository/io/quarkus/quarkus-smallrye-jwt-build/3.15.4/quarkus-smallrye-jwt-build-3.15.4.jar:/home/runner/.m2/repository/io/smallrye/smallrye-jwt-build/4.5.3/smallrye-jwt-build-4.5.3.jar:/home/runner/.m2/repository/org/eclipse/microprofile/jwt/microprofile-jwt-auth-api/2.1/microprofile-jwt-auth-api-2.1.jar:/home/runner/.m2/repository/org/bitbucket/b_c/jose4j/0.9.6/jose4j-0.9.6.jar:/home/runner/.m2/repository/io/smallrye/smallrye-jwt-common/4.5.3/smallrye-jwt-common-4.5.3.jar:/home/runner/.m2/repository/io/quarkus/quarkus-jsonp/3.15.4/quarkus-jsonp-3.15.4.jar:/home/runner/.m2/repository/io/quarkus/quarkus-arc/3.15.4/quarkus-arc-3.15.4.jar:/home/runner/.m2/repository/io/quarkus/arc/arc/3.15.4/arc-3.15.4.jar:/home/runner/.m2/repository/jakarta/transaction/jakarta.transaction-api/2.0.1/jakarta.transaction-api-2.0.1.jar:/home/runner/.m2/repository/io/smallrye/reactive/mutiny/2.6.2/mutiny-2.6.2.jar:/home/runner/.m2/repository/org/jctools/jctools-core/4.0.5/jctools-core-4.0.5.jar:/home/runner/.m2/repository/org/eclipse/microprofile/context-propagation/microprofile-context-propagation-api/1.3/microprofile-context-propagation-api-1.3.jar:/home/runner/.m2/repository/io/apicurio/apicurio-common-rest-client-common/0.1.18.Final/apicurio-common-rest-client-common-0.1.18.Final.jar:/home/runner/work/apicurio-testing/apicurio-testing/clusters/ci419/namespaces/kafkasql/tests/integration/apicurio-registry/utils/maven-plugin/target/apicurio-registry-maven-plugin-3.0.9.jar:/home/runner/.m2/repository/com/fasterxml/jackson/core/jackson-databind/2.17.2/jackson-databind-2.17.2.jar:/home/runner/.m2/repository/org/apache/avro/avro/1.12.0/avro-1.12.0.jar:/home/runner/.m2/repository/com/google/protobuf/protobuf-java/3.25.8/protobuf-java-3.25.8.jar:/home/runner/.m2/repository/com/google/protobuf/protobuf-java-util/3.25.8/protobuf-java-util-3.25.8.jar:/home/runner/.m2/repository/com/google/code/findbugs/jsr305/3.0.2/jsr305-3.0.2.jar:/home/runner/.m2/repository/com/google/code/gson/gson/2.11.0/gson-2.11.0.jar:/home/runner/.m2/repository/com/google/errorprone/error_prone_annotations/2.30.0/error_prone_annotations-2.30.0.jar:/home/runner/.m2/repository/com/google/j2objc/j2objc-annotations/2.8/j2objc-annotations-2.8.jar:/home/runner/work/apicurio-testing/apicurio-testing/clusters/ci419/namespaces/kafkasql/tests/integration/apicurio-registry/schema-util/util-provider/target/apicurio-registry-schema-util-provider-3.0.9.jar:/home/runner/work/apicurio-testing/apicurio-testing/clusters/ci419/namespaces/kafkasql/tests/integration/apicurio-registry/schema-util/common/target/apicurio-registry-schema-util-common-3.0.9.jar:/home/runner/.m2/repository/com/fasterxml/jackson/module/jackson-module-parameter-names/2.17.2/jackson-module-parameter-names-2.17.2.jar:/home/runner/.m2/repository/com/fasterxml/jackson/datatype/jackson-datatype-json-org/2.18.2/jackson-datatype-json-org-2.18.2.jar:/home/runner/work/apicurio-testing/apicurio-testing/clusters/ci419/namespaces/kafkasql/tests/integration/apicurio-registry/schema-util/json/target/apicurio-registry-schema-util-json-3.0.9.jar:/home/runner/.m2/repository/com/github/erosb/everit-json-schema/1.14.5/everit-json-schema-1.14.5.jar:/home/runner/.m2/repository/commons-validator/commons-validator/1.9.0/commons-validator-1.9.0.jar:/home/runner/.m2/repository/commons-digester/commons-digester/2.1/commons-digester-2.1.jar:/home/runner/.m2/repository/commons-collections/commons-collections/3.2.2/commons-collections-3.2.2.jar:/home/runner/.m2/repository/com/damnhandy/handy-uri-templates/2.1.8/handy-uri-templates-2.1.8.jar:/home/runner/.m2/repository/joda-time/joda-time/2.10.2/joda-time-2.10.2.jar:/home/runner/.m2/repository/com/github/erosb/json-sKema/0.20.0/json-sKema-0.20.0.jar:/home/runner/.m2/repository/io/vertx/vertx-json-schema/4.5.13/vertx-json-schema-4.5.13.jar:/home/runner/work/apicurio-testing/apicurio-testing/clusters/ci419/namespaces/kafkasql/tests/integration/apicurio-registry/schema-util/protobuf/target/apicurio-registry-schema-util-protobuf-3.0.9.jar:/home/runner/work/apicurio-testing/apicurio-testing/clusters/ci419/namespaces/kafkasql/tests/integration/apicurio-registry/utils/protobuf-schema-utilities/target/apicurio-registry-protobuf-schema-utilities-3.0.9.jar:/home/runner/.m2/repository/com/google/api/grpc/proto-google-common-protos/2.52.0/proto-google-common-protos-2.52.0.jar:/home/runner/.m2/repository/com/squareup/wire/wire-schema-jvm/5.1.0/wire-schema-jvm-5.1.0.jar:/home/runner/.m2/repository/com/squareup/javapoet/1.13.0/javapoet-1.13.0.jar:/home/runner/.m2/repository/com/squareup/kotlinpoet-jvm/1.18.1/kotlinpoet-jvm-1.18.1.jar:/home/runner/.m2/repository/org/jetbrains/kotlin/kotlin-reflect/2.0.10/kotlin-reflect-2.0.10.jar:/home/runner/.m2/repository/com/squareup/wire/wire-runtime-jvm/5.1.0/wire-runtime-jvm-5.1.0.jar:/home/runner/.m2/repository/com/ibm/icu/icu4j/76.1/icu4j-76.1.jar:/home/runner/.m2/repository/com/squareup/okio/okio-fakefilesystem/3.10.2/okio-fakefilesystem-3.10.2.jar:/home/runner/.m2/repository/com/squareup/okio/okio-fakefilesystem-jvm/3.10.2/okio-fakefilesystem-jvm-3.10.2.jar:/home/runner/.m2/repository/org/jetbrains/kotlinx/kotlinx-datetime-jvm/0.6.1/kotlinx-datetime-jvm-0.6.1.jar:/home/runner/work/apicurio-testing/apicurio-testing/clusters/ci419/namespaces/kafkasql/tests/integration/apicurio-registry/schema-util/asyncapi/target/apicurio-registry-schema-util-asyncapi-3.0.9.jar:/home/runner/work/apicurio-testing/apicurio-testing/clusters/ci419/namespaces/kafkasql/tests/integration/apicurio-registry/schema-util/avro/target/apicurio-registry-schema-util-avro-3.0.9.jar:/home/runner/work/apicurio-testing/apicurio-testing/clusters/ci419/namespaces/kafkasql/tests/integration/apicurio-registry/schema-util/graphql/target/apicurio-registry-schema-util-graphql-3.0.9.jar:/home/runner/.m2/repository/com/graphql-java/graphql-java/22.3/graphql-java-22.3.jar:/home/runner/.m2/repository/com/graphql-java/java-dataloader/3.3.0/java-dataloader-3.3.0.jar:/home/runner/work/apicurio-testing/apicurio-testing/clusters/ci419/namespaces/kafkasql/tests/integration/apicurio-registry/schema-util/kconnect/target/apicurio-registry-schema-util-kconnect-3.0.9.jar:/home/runner/work/apicurio-testing/apicurio-testing/clusters/ci419/namespaces/kafkasql/tests/integration/apicurio-registry/schema-util/openapi/target/apicurio-registry-schema-util-openapi-3.0.9.jar:/home/runner/.m2/repository/io/apicurio/apicurio-data-models/2.2.1/apicurio-data-models-2.2.1.jar:/home/runner/.m2/repository/org/openapitools/openapidiff/openapi-diff-core/2.0.1/openapi-diff-core-2.0.1.jar:/home/runner/.m2/repository/io/swagger/parser/v3/swagger-parser/2.0.28/swagger-parser-2.0.28.jar:/home/runner/.m2/repository/io/swagger/parser/v3/swagger-parser-v2-converter/2.0.28/swagger-parser-v2-converter-2.0.28.jar:/home/runner/.m2/repository/io/swagger/swagger-core/1.6.3/swagger-core-1.6.3.jar:/home/runner/.m2/repository/io/swagger/swagger-models/1.6.3/swagger-models-1.6.3.jar:/home/runner/.m2/repository/io/swagger/swagger-annotations/1.6.3/swagger-annotations-1.6.3.jar:/home/runner/.m2/repository/io/swagger/swagger-parser/1.0.56/swagger-parser-1.0.56.jar:/home/runner/.m2/repository/io/swagger/swagger-compat-spec-parser/1.0.56/swagger-compat-spec-parser-1.0.56.jar:/home/runner/.m2/repository/com/github/java-json-tools/json-schema-validator/2.2.14/json-schema-validator-2.2.14.jar:/home/runner/.m2/repository/com/github/java-json-tools/jackson-coreutils-equivalence/1.0/jackson-coreutils-equivalence-1.0.jar:/home/runner/.m2/repository/com/github/java-json-tools/json-schema-core/1.2.14/json-schema-core-1.2.14.jar:/home/runner/.m2/repository/com/github/java-json-tools/uri-template/0.10/uri-template-0.10.jar:/home/runner/.m2/repository/com/sun/mail/mailapi/1.6.2/mailapi-1.6.2.jar:/home/runner/.m2/repository/com/googlecode/libphonenumber/libphonenumber/8.11.1/libphonenumber-8.11.1.jar:/home/runner/.m2/repository/com/j2html/j2html/1.5.0/j2html-1.5.0.jar:/home/runner/.m2/repository/org/apache/commons/commons-collections4/4.4/commons-collections4-4.4.jar:/home/runner/.m2/repository/commons-httpclient/commons-httpclient/3.1/commons-httpclient-3.1.jar:/home/runner/.m2/repository/io/swagger/parser/v3/swagger-parser-v3/2.1.25/swagger-parser-v3-2.1.25.jar:/home/runner/.m2/repository/io/swagger/core/v3/swagger-models/2.2.28/swagger-models-2.2.28.jar:/home/runner/.m2/repository/io/swagger/core/v3/swagger-core/2.2.28/swagger-core-2.2.28.jar:/home/runner/.m2/repository/io/swagger/parser/v3/swagger-parser-core/2.1.25/swagger-parser-core-2.1.25.jar:/home/runner/.m2/repository/io/swagger/parser/v3/swagger-parser-safe-url-resolver/2.1.25/swagger-parser-safe-url-resolver-2.1.25.jar:/home/runner/work/apicurio-testing/apicurio-testing/clusters/ci419/namespaces/kafkasql/tests/integration/apicurio-registry/schema-util/wsdl/target/apicurio-registry-schema-util-wsdl-3.0.9.jar:/home/runner/.m2/repository/wsdl4j/wsdl4j/1.6.3/wsdl4j-1.6.3.jar:/home/runner/work/apicurio-testing/apicurio-testing/clusters/ci419/namespaces/kafkasql/tests/integration/apicurio-registry/schema-util/xml/target/apicurio-registry-schema-util-xml-3.0.9.jar:/home/runner/.m2/repository/org/apache/santuario/xmlsec/4.0.3/xmlsec-4.0.3.jar:/home/runner/.m2/repository/com/fasterxml/woodstox/woodstox-core/7.1.0/woodstox-core-7.1.0.jar:/home/runner/.m2/repository/org/codehaus/woodstox/stax2-api/4.2.2/stax2-api-4.2.2.jar:/home/runner/work/apicurio-testing/apicurio-testing/clusters/ci419/namespaces/kafkasql/tests/integration/apicurio-registry/schema-util/xsd/target/apicurio-registry-schema-util-xsd-3.0.9.jar:/home/runner/work/apicurio-testing/apicurio-testing/clusters/ci419/namespaces/kafkasql/tests/integration/apicurio-registry/serdes/kafka/jsonschema-serde/target/apicurio-registry-jsonschema-serde-kafka-3.0.9.jar:/home/runner/work/apicurio-testing/apicurio-testing/clusters/ci419/namespaces/kafkasql/tests/integration/apicurio-registry/serdes/kafka/serde-kafka-common/target/apicurio-registry-serde-kafka-common-3.0.9.jar:/home/runner/work/apicurio-testing/apicurio-testing/clusters/ci419/namespaces/kafkasql/tests/integration/apicurio-registry/serdes/generic/serde-common/target/apicurio-registry-serde-common-3.0.9.jar:/home/runner/work/apicurio-testing/apicurio-testing/clusters/ci419/namespaces/kafkasql/tests/integration/apicurio-registry/schema-resolver/target/apicurio-registry-schema-resolver-3.0.9.jar:/home/runner/work/apicurio-testing/apicurio-testing/clusters/ci419/namespaces/kafkasql/tests/integration/apicurio-registry/serdes/generic/serde-common-jsonschema/target/apicurio-registry-serde-common-jsonschema-3.0.9.jar:/home/runner/.m2/repository/org/json/json/20250107/json-20250107.jar:/home/runner/work/apicurio-testing/apicurio-testing/clusters/ci419/namespaces/kafkasql/tests/integration/apicurio-registry/serdes/kafka/avro-serde/target/apicurio-registry-avro-serde-kafka-3.0.9.jar:/home/runner/work/apicurio-testing/apicurio-testing/clusters/ci419/namespaces/kafkasql/tests/integration/apicurio-registry/serdes/generic/serde-common-avro/target/apicurio-registry-serde-common-avro-3.0.9.jar:/home/runner/work/apicurio-testing/apicurio-testing/clusters/ci419/namespaces/kafkasql/tests/integration/apicurio-registry/serdes/kafka/protobuf-serde/target/apicurio-registry-protobuf-serde-kafka-3.0.9.jar:/home/runner/work/apicurio-testing/apicurio-testing/clusters/ci419/namespaces/kafkasql/tests/integration/apicurio-registry/serdes/generic/serde-common-protobuf/target/apicurio-registry-serde-common-protobuf-3.0.9.jar:/home/runner/.m2/repository/com/squareup/wire/wire-schema/5.1.0/wire-schema-5.1.0.jar:/home/runner/.m2/repository/com/squareup/wire/wire-runtime/5.1.0/wire-runtime-5.1.0.jar:/home/runner/work/apicurio-testing/apicurio-testing/clusters/ci419/namespaces/kafkasql/tests/integration/apicurio-registry/serdes/pulsar/avro-serde/target/apicurio-registry-avro-serde-pulsar-3.0.9.jar:/home/runner/.m2/repository/org/apache/pulsar/pulsar-functions-api/3.3.4/pulsar-functions-api-3.3.4.jar:/home/runner/work/apicurio-testing/apicurio-testing/clusters/ci419/namespaces/kafkasql/tests/integration/apicurio-registry/serdes/nats/avro-serde/target/apicurio-registry-avro-serde-nats-3.0.9.jar:/home/runner/.m2/repository/io/nats/jnats/2.20.5/jnats-2.20.5.jar:/home/runner/.m2/repository/net/i2p/crypto/eddsa/0.3.0/eddsa-0.3.0.jar:/home/runner/work/apicurio-testing/apicurio-testing/clusters/ci419/namespaces/kafkasql/tests/integration/apicurio-registry/utils/converter/target/apicurio-registry-utils-converter-3.0.9.jar:/home/runner/.m2/repository/org/apache/kafka/connect-api/3.9.1/connect-api-3.9.1.jar:/home/runner/.m2/repository/javax/ws/rs/javax.ws.rs-api/2.1.1/javax.ws.rs-api-2.1.1.jar:/home/runner/.m2/repository/org/apache/kafka/connect-json/3.9.1/connect-json-3.9.1.jar:/home/runner/.m2/repository/com/fasterxml/jackson/datatype/jackson-datatype-jdk8/2.17.2/jackson-datatype-jdk8-2.17.2.jar:/home/runner/.m2/repository/com/fasterxml/jackson/module/jackson-module-afterburner/2.17.2/jackson-module-afterburner-2.17.2.jar:/home/runner/work/apicurio-testing/apicurio-testing/clusters/ci419/namespaces/kafkasql/tests/integration/apicurio-registry/utils/kafka/target/apicurio-registry-utils-kafka-3.0.9.jar:/home/runner/.m2/repository/org/apache/pulsar/pulsar-client/3.3.4/pulsar-client-3.3.4.jar:/home/runner/.m2/repository/org/apache/pulsar/pulsar-client-api/3.3.4/pulsar-client-api-3.3.4.jar:/home/runner/.m2/repository/org/apache/pulsar/pulsar-client-admin-api/3.3.4/pulsar-client-admin-api-3.3.4.jar:/home/runner/.m2/repository/org/apache/pulsar/bouncy-castle-bc/3.3.4/bouncy-castle-bc-3.3.4-pkg.jar:/home/runner/.m2/repository/org/bouncycastle/bcpkix-jdk18on/1.78.1/bcpkix-jdk18on-1.78.1.jar:/home/runner/.m2/repository/org/bouncycastle/bcutil-jdk18on/1.78.1/bcutil-jdk18on-1.78.1.jar:/home/runner/.m2/repository/org/bouncycastle/bcprov-jdk18on/1.78.1/bcprov-jdk18on-1.78.1.jar:/home/runner/.m2/repository/io/opentelemetry/opentelemetry-api/1.39.0/opentelemetry-api-1.39.0.jar:/home/runner/.m2/repository/io/opentelemetry/opentelemetry-context/1.39.0/opentelemetry-context-1.39.0.jar:/home/runner/.m2/repository/io/opentelemetry/opentelemetry-api-incubator/1.39.0-alpha/opentelemetry-api-incubator-1.39.0-alpha.jar:/home/runner/.m2/repository/com/fasterxml/jackson/core/jackson-annotations/2.17.2/jackson-annotations-2.17.2.jar:/home/runner/.m2/repository/javax/validation/validation-api/1.1.0.Final/validation-api-1.1.0.Final.jar:/home/runner/.m2/repository/io/confluent/kafka-avro-serializer/7.9.0/kafka-avro-serializer-7.9.0.jar:/home/runner/.m2/repository/org/apache/commons/commons-compress/1.27.0/commons-compress-1.27.0.jar:/home/runner/.m2/repository/io/confluent/kafka-schema-serializer/7.9.0/kafka-schema-serializer-7.9.0.jar:/home/runner/.m2/repository/com/fasterxml/jackson/dataformat/jackson-dataformat-csv/2.17.2/jackson-dataformat-csv-2.17.2.jar:/home/runner/.m2/repository/io/confluent/kafka-schema-registry-client/7.9.0/kafka-schema-registry-client-7.9.0.jar:/home/runner/.m2/repository/org/yaml/snakeyaml/2.2/snakeyaml-2.2.jar:/home/runner/.m2/repository/io/swagger/core/v3/swagger-annotations/2.1.10/swagger-annotations-2.1.10.jar:/home/runner/.m2/repository/com/google/guava/guava/33.2.1-jre/guava-33.2.1-jre.jar:/home/runner/.m2/repository/com/google/guava/failureaccess/1.0.1/failureaccess-1.0.1.jar:/home/runner/.m2/repository/org/checkerframework/checker-qual/3.46.0/checker-qual-3.46.0.jar:/home/runner/.m2/repository/io/confluent/logredactor/1.0.12/logredactor-1.0.12.jar:/home/runner/.m2/repository/com/google/re2j/re2j/1.6/re2j-1.6.jar:/home/runner/.m2/repository/io/confluent/logredactor-metrics/1.0.12/logredactor-metrics-1.0.12.jar:/home/runner/.m2/repository/com/eclipsesource/minimal-json/minimal-json/0.9.5/minimal-json-0.9.5.jar:/home/runner/.m2/repository/io/confluent/common-utils/7.9.0/common-utils-7.9.0.jar:/home/runner/.m2/repository/io/confluent/kafka-connect-avro-converter/7.9.0/kafka-connect-avro-converter-7.9.0.jar:/home/runner/.m2/repository/io/confluent/kafka-connect-avro-data/7.9.0/kafka-connect-avro-data-7.9.0.jar:/home/runner/.m2/repository/io/confluent/kafka-schema-converter/7.9.0/kafka-schema-converter-7.9.0.jar:/home/runner/.m2/repository/io/rest-assured/rest-assured/5.5.0/rest-assured-5.5.0.jar:/home/runner/.m2/repository/org/apache/groovy/groovy/4.0.22/groovy-4.0.22.jar:/home/runner/.m2/repository/org/apache/groovy/groovy-xml/4.0.22/groovy-xml-4.0.22.jar:/home/runner/.m2/repository/org/apache/httpcomponents/httpclient/4.5.14/httpclient-4.5.14.jar:/home/runner/.m2/repository/org/apache/httpcomponents/httpcore/4.4.16/httpcore-4.4.16.jar:/home/runner/.m2/repository/org/apache/httpcomponents/httpmime/4.5.14/httpmime-4.5.14.jar:/home/runner/.m2/repository/org/hamcrest/hamcrest/2.2/hamcrest-2.2.jar:/home/runner/.m2/repository/org/ccil/cowan/tagsoup/tagsoup/1.2.1/tagsoup-1.2.1.jar:/home/runner/.m2/repository/io/rest-assured/json-path/5.5.0/json-path-5.5.0.jar:/home/runner/.m2/repository/org/apache/groovy/groovy-json/4.0.22/groovy-json-4.0.22.jar:/home/runner/.m2/repository/io/rest-assured/rest-assured-common/5.5.0/rest-assured-common-5.5.0.jar:/home/runner/.m2/repository/io/rest-assured/xml-path/5.5.0/xml-path-5.5.0.jar:/home/runner/.m2/repository/io/zonky/test/embedded-postgres/2.1.0/embedded-postgres-2.1.0.jar:/home/runner/.m2/repository/io/zonky/test/postgres/embedded-postgres-binaries-windows-amd64/14.15.0/embedded-postgres-binaries-windows-amd64-14.15.0.jar:/home/runner/.m2/repository/io/zonky/test/postgres/embedded-postgres-binaries-darwin-amd64/14.15.0/embedded-postgres-binaries-darwin-amd64-14.15.0.jar:/home/runner/.m2/repository/io/zonky/test/postgres/embedded-postgres-binaries-linux-amd64/14.15.0/embedded-postgres-binaries-linux-amd64-14.15.0.jar:/home/runner/.m2/repository/io/zonky/test/postgres/embedded-postgres-binaries-linux-amd64-alpine/14.15.0/embedded-postgres-binaries-linux-amd64-alpine-14.15.0.jar:/home/runner/.m2/repository/org/apache/commons/commons-lang3/3.14.0/commons-lang3-3.14.0.jar:/home/runner/.m2/repository/org/tukaani/xz/1.10/xz-1.10.jar:/home/runner/.m2/repository/commons-codec/commons-codec/1.18.0/commons-codec-1.18.0.jar:/home/runner/.m2/repository/org/postgresql/postgresql/42.7.4/postgresql-42.7.4.jar:/home/runner/.m2/repository/commons-io/commons-io/2.16.1/commons-io-2.16.1.jar:/home/runner/work/apicurio-testing/apicurio-testing/clusters/ci419/namespaces/kafkasql/tests/integration/apicurio-registry/utils/importexport/target/apicurio-registry-utils-import-export-3.0.9.jar:/home/runner/.m2/repository/io/vertx/vertx-core/4.5.13/vertx-core-4.5.13.jar:/home/runner/.m2/repository/io/netty/netty-common/4.1.118.Final/netty-common-4.1.118.Final.jar:/home/runner/.m2/repository/io/netty/netty-buffer/4.1.118.Final/netty-buffer-4.1.118.Final.jar:/home/runner/.m2/repository/io/netty/netty-transport/4.1.118.Final/netty-transport-4.1.118.Final.jar:/home/runner/.m2/repository/io/netty/netty-handler/4.1.118.Final/netty-handler-4.1.118.Final.jar:/home/runner/.m2/repository/io/netty/netty-transport-native-unix-common/4.1.118.Final/netty-transport-native-unix-common-4.1.118.Final.jar:/home/runner/.m2/repository/io/netty/netty-codec/4.1.118.Final/netty-codec-4.1.118.Final.jar:/home/runner/.m2/repository/io/netty/netty-handler-proxy/4.1.118.Final/netty-handler-proxy-4.1.118.Final.jar:/home/runner/.m2/repository/io/netty/netty-codec-socks/4.1.118.Final/netty-codec-socks-4.1.118.Final.jar:/home/runner/.m2/repository/io/netty/netty-codec-http/4.1.118.Final/netty-codec-http-4.1.118.Final.jar:/home/runner/.m2/repository/io/netty/netty-codec-http2/4.1.118.Final/netty-codec-http2-4.1.118.Final.jar:/home/runner/.m2/repository/io/netty/netty-resolver/4.1.118.Final/netty-resolver-4.1.118.Final.jar:/home/runner/.m2/repository/io/netty/netty-resolver-dns/4.1.118.Final/netty-resolver-dns-4.1.118.Final.jar:/home/runner/.m2/repository/io/netty/netty-codec-dns/4.1.118.Final/netty-codec-dns-4.1.118.Final.jar:/home/runner/.m2/repository/com/fasterxml/jackson/core/jackson-core/2.17.2/jackson-core-2.17.2.jar:"/>
    <property name="java.vm.vendor" value="Eclipse Adoptium"/>
    <property name="maven.javadoc.skip" value="true"/>
    <property name="sun.arch.data.model" value="64"/>
    <property name="java.vendor.url" value="https://adoptium.net/"/>
    <property name="user.timezone" value="Etc/UTC"/>
    <property name="os.name" value="Linux"/>
    <property name="java.vm.specification.version" value="17"/>
    <property name="sun.java.launcher" value="SUN_STANDARD"/>
    <property name="quarkus.http.test-port" value="80"/>
    <property name="sun.boot.library.path" value="/usr/lib/jvm/temurin-17-jdk-amd64/lib"/>
    <property name="sun.java.command" value="/home/runner/work/apicurio-testing/apicurio-testing/clusters/ci419/namespaces/kafkasql/tests/integration/apicurio-registry/integration-tests/target/surefire/surefirebooter-20250731022515739_3.jar /home/runner/work/apicurio-testing/apicurio-testing/clusters/ci419/namespaces/kafkasql/tests/integration/apicurio-registry/integration-tests/target/surefire 2025-07-31T02-25-15_684-jvmRun1 surefire-20250731022515739_1tmp surefire_0-20250731022515739_2tmp"/>
    <property name="maven.home" value="/home/runner/.m2/wrapper/dists/apache-maven-3.9.8-bin/4fnp1ql35bgk2a0p7m31ovbgb0/apache-maven-3.9.8"/>
    <property name="jdk.debug" value="release"/>
    <property name="surefire.test.class.path" value="/home/runner/work/apicurio-testing/apicurio-testing/clusters/ci419/namespaces/kafkasql/tests/integration/apicurio-registry/integration-tests/target/test-classes:/home/runner/work/apicurio-testing/apicurio-testing/clusters/ci419/namespaces/kafkasql/tests/integration/apicurio-registry/integration-tests/target/apicurio-registry-integration-tests-3.0.9.jar:/home/runner/.m2/repository/io/quarkus/quarkus-junit5/3.15.4/quarkus-junit5-3.15.4.jar:/home/runner/.m2/repository/io/quarkus/quarkus-bootstrap-core/3.15.4/quarkus-bootstrap-core-3.15.4.jar:/home/runner/.m2/repository/io/quarkus/quarkus-classloader-commons/3.15.4/quarkus-classloader-commons-3.15.4.jar:/home/runner/.m2/repository/io/quarkus/quarkus-bootstrap-app-model/3.15.4/quarkus-bootstrap-app-model-3.15.4.jar:/home/runner/.m2/repository/io/smallrye/common/smallrye-common-io/2.6.1/smallrye-common-io-2.6.1.jar:/home/runner/.m2/repository/org/eclipse/sisu/org.eclipse.sisu.inject/0.9.0.M3/org.eclipse.sisu.inject-0.9.0.M3.jar:/home/runner/.m2/repository/io/quarkus/quarkus-test-common/3.15.4/quarkus-test-common-3.15.4.jar:/home/runner/.m2/repository/io/quarkus/quarkus-core-deployment/3.15.4/quarkus-core-deployment-3.15.4.jar:/home/runner/.m2/repository/org/aesh/readline/2.6/readline-2.6.jar:/home/runner/.m2/repository/org/fusesource/jansi/jansi/2.4.0/jansi-2.4.0.jar:/home/runner/.m2/repository/org/aesh/aesh/2.8.2/aesh-2.8.2.jar:/home/runner/.m2/repository/io/quarkus/gizmo/gizmo/1.8.0/gizmo-1.8.0.jar:/home/runner/.m2/repository/org/ow2/asm/asm-util/9.7/asm-util-9.7.jar:/home/runner/.m2/repository/org/ow2/asm/asm-analysis/9.7/asm-analysis-9.7.jar:/home/runner/.m2/repository/org/ow2/asm/asm-commons/9.7/asm-commons-9.7.jar:/home/runner/.m2/repository/org/ow2/asm/asm-tree/9.7/asm-tree-9.7.jar:/home/runner/.m2/repository/io/quarkus/quarkus-hibernate-validator-spi/3.15.4/quarkus-hibernate-validator-spi-3.15.4.jar:/home/runner/.m2/repository/io/quarkus/quarkus-class-change-agent/3.15.4/quarkus-class-change-agent-3.15.4.jar:/home/runner/.m2/repository/io/quarkus/quarkus-devtools-utilities/3.15.4/quarkus-devtools-utilities-3.15.4.jar:/home/runner/.m2/repository/io/quarkus/quarkus-builder/3.15.4/quarkus-builder-3.15.4.jar:/home/runner/.m2/repository/org/graalvm/sdk/nativeimage/23.1.2/nativeimage-23.1.2.jar:/home/runner/.m2/repository/org/graalvm/sdk/word/23.1.2/word-23.1.2.jar:/home/runner/.m2/repository/io/quarkus/quarkus-bootstrap-maven-resolver/3.15.4/quarkus-bootstrap-maven-resolver-3.15.4.jar:/home/runner/.m2/repository/io/smallrye/beanbag/smallrye-beanbag-maven/1.5.2/smallrye-beanbag-maven-1.5.2.jar:/home/runner/.m2/repository/io/smallrye/beanbag/smallrye-beanbag-sisu/1.5.2/smallrye-beanbag-sisu-1.5.2.jar:/home/runner/.m2/repository/io/smallrye/beanbag/smallrye-beanbag/1.5.2/smallrye-beanbag-1.5.2.jar:/home/runner/.m2/repository/javax/inject/javax.inject/1/javax.inject-1.jar:/home/runner/.m2/repository/org/apache/maven/maven-artifact/3.9.8/maven-artifact-3.9.8.jar:/home/runner/.m2/repository/org/apache/maven/maven-builder-support/3.9.8/maven-builder-support-3.9.8.jar:/home/runner/.m2/repository/org/apache/maven/maven-model/3.9.8/maven-model-3.9.8.jar:/home/runner/.m2/repository/org/apache/maven/maven-model-builder/3.9.8/maven-model-builder-3.9.8.jar:/home/runner/.m2/repository/org/apache/maven/maven-repository-metadata/3.9.8/maven-repository-metadata-3.9.8.jar:/home/runner/.m2/repository/org/apache/maven/maven-settings/3.9.8/maven-settings-3.9.8.jar:/home/runner/.m2/repository/org/apache/maven/resolver/maven-resolver-api/1.9.22/maven-resolver-api-1.9.22.jar:/home/runner/.m2/repository/org/apache/maven/resolver/maven-resolver-impl/1.9.22/maven-resolver-impl-1.9.22.jar:/home/runner/.m2/repository/org/apache/maven/resolver/maven-resolver-named-locks/1.9.22/maven-resolver-named-locks-1.9.22.jar:/home/runner/.m2/repository/org/apache/maven/resolver/maven-resolver-spi/1.9.22/maven-resolver-spi-1.9.22.jar:/home/runner/.m2/repository/org/apache/maven/resolver/maven-resolver-util/1.9.22/maven-resolver-util-1.9.22.jar:/home/runner/.m2/repository/org/apache/maven/resolver/maven-resolver-transport-http/1.9.20/maven-resolver-transport-http-1.9.20.jar:/home/runner/.m2/repository/org/apache/maven/wagon/wagon-provider-api/3.5.3/wagon-provider-api-3.5.3.jar:/home/runner/.m2/repository/org/apache/maven/wagon/wagon-http-shared/3.5.3/wagon-http-shared-3.5.3.jar:/home/runner/.m2/repository/org/codehaus/plexus/plexus-interpolation/1.26/plexus-interpolation-1.26.jar:/home/runner/.m2/repository/org/codehaus/plexus/plexus-utils/3.5.1/plexus-utils-3.5.1.jar:/home/runner/.m2/repository/org/codehaus/plexus/plexus-xml/4.0.1/plexus-xml-4.0.1.jar:/home/runner/.m2/repository/org/apache/maven/maven-xml-impl/4.0.0-alpha-5/maven-xml-impl-4.0.0-alpha-5.jar:/home/runner/.m2/repository/org/apache/maven/maven-api-xml/4.0.0-alpha-5/maven-api-xml-4.0.0-alpha-5.jar:/home/runner/.m2/repository/org/apache/maven/maven-api-meta/4.0.0-alpha-5/maven-api-meta-4.0.0-alpha-5.jar:/home/runner/.m2/repository/org/codehaus/plexus/plexus-cipher/2.0/plexus-cipher-2.0.jar:/home/runner/.m2/repository/org/codehaus/plexus/plexus-sec-dispatcher/2.0/plexus-sec-dispatcher-2.0.jar:/home/runner/.m2/repository/org/apache/maven/maven-embedder/3.9.8/maven-embedder-3.9.8.jar:/home/runner/.m2/repository/org/apache/maven/maven-core/3.9.8/maven-core-3.9.8.jar:/home/runner/.m2/repository/org/codehaus/plexus/plexus-component-annotations/2.1.0/plexus-component-annotations-2.1.0.jar:/home/runner/.m2/repository/org/apache/maven/maven-plugin-api/3.9.8/maven-plugin-api-3.9.8.jar:/home/runner/.m2/repository/org/apache/maven/shared/maven-shared-utils/3.4.2/maven-shared-utils-3.4.2.jar:/home/runner/.m2/repository/com/google/inject/guice/5.1.0/guice-5.1.0.jar:/home/runner/.m2/repository/aopalliance/aopalliance/1.0/aopalliance-1.0.jar:/home/runner/.m2/repository/javax/annotation/javax.annotation-api/1.3.2/javax.annotation-api-1.3.2.jar:/home/runner/.m2/repository/org/codehaus/plexus/plexus-classworlds/2.6.0/plexus-classworlds-2.6.0.jar:/home/runner/.m2/repository/commons-cli/commons-cli/1.8.0/commons-cli-1.8.0.jar:/home/runner/.m2/repository/org/eclipse/sisu/org.eclipse.sisu.plexus/0.9.0.M3/org.eclipse.sisu.plexus-0.9.0.M3.jar:/home/runner/.m2/repository/org/apache/maven/maven-settings-builder/3.9.8/maven-settings-builder-3.9.8.jar:/home/runner/.m2/repository/org/apache/maven/maven-resolver-provider/3.9.8/maven-resolver-provider-3.9.8.jar:/home/runner/.m2/repository/org/apache/maven/resolver/maven-resolver-connector-basic/1.9.22/maven-resolver-connector-basic-1.9.22.jar:/home/runner/.m2/repository/org/apache/maven/resolver/maven-resolver-transport-wagon/1.9.22/maven-resolver-transport-wagon-1.9.22.jar:/home/runner/.m2/repository/org/apache/maven/wagon/wagon-http/3.5.3/wagon-http-3.5.3.jar:/home/runner/.m2/repository/org/apache/maven/wagon/wagon-file/3.5.3/wagon-file-3.5.3.jar:/home/runner/.m2/repository/io/quarkus/quarkus-bootstrap-gradle-resolver/3.15.4/quarkus-bootstrap-gradle-resolver-3.15.4.jar:/home/runner/.m2/repository/io/smallrye/jandex/3.2.3/jandex-3.2.3.jar:/home/runner/.m2/repository/org/jboss/logging/commons-logging-jboss-logging/1.0.0.Final/commons-logging-jboss-logging-1.0.0.Final.jar:/home/runner/.m2/repository/io/quarkus/quarkus-junit5-properties/3.15.4/quarkus-junit5-properties-3.15.4.jar:/home/runner/.m2/repository/org/junit/jupiter/junit-jupiter/5.10.3/junit-jupiter-5.10.3.jar:/home/runner/.m2/repository/org/junit/jupiter/junit-jupiter-api/5.10.3/junit-jupiter-api-5.10.3.jar:/home/runner/.m2/repository/org/junit/jupiter/junit-jupiter-params/5.10.3/junit-jupiter-params-5.10.3.jar:/home/runner/.m2/repository/org/junit/jupiter/junit-jupiter-engine/5.10.3/junit-jupiter-engine-5.10.3.jar:/home/runner/.m2/repository/io/quarkus/quarkus-core/3.15.4/quarkus-core-3.15.4.jar:/home/runner/.m2/repository/jakarta/enterprise/jakarta.enterprise.cdi-api/4.1.0/jakarta.enterprise.cdi-api-4.1.0.jar:/home/runner/.m2/repository/jakarta/enterprise/jakarta.enterprise.lang-model/4.1.0/jakarta.enterprise.lang-model-4.1.0.jar:/home/runner/.m2/repository/jakarta/el/jakarta.el-api/5.0.1/jakarta.el-api-5.0.1.jar:/home/runner/.m2/repository/jakarta/interceptor/jakarta.interceptor-api/2.2.0/jakarta.interceptor-api-2.2.0.jar:/home/runner/.m2/repository/jakarta/inject/jakarta.inject-api/2.0.1/jakarta.inject-api-2.0.1.jar:/home/runner/.m2/repository/io/smallrye/common/smallrye-common-os/2.6.1/smallrye-common-os-2.6.1.jar:/home/runner/.m2/repository/io/quarkus/quarkus-ide-launcher/3.15.4/quarkus-ide-launcher-3.15.4.jar:/home/runner/.m2/repository/io/quarkus/quarkus-development-mode-spi/3.15.4/quarkus-development-mode-spi-3.15.4.jar:/home/runner/.m2/repository/io/smallrye/config/smallrye-config/3.9.1/smallrye-config-3.9.1.jar:/home/runner/.m2/repository/io/smallrye/config/smallrye-config-core/3.9.1/smallrye-config-core-3.9.1.jar:/home/runner/.m2/repository/io/smallrye/common/smallrye-common-annotation/2.6.1/smallrye-common-annotation-2.6.1.jar:/home/runner/.m2/repository/io/smallrye/common/smallrye-common-classloader/2.6.1/smallrye-common-classloader-2.6.1.jar:/home/runner/.m2/repository/io/smallrye/config/smallrye-config-common/3.9.1/smallrye-config-common-3.9.1.jar:/home/runner/.m2/repository/org/jboss/logging/jboss-logging/3.6.0.Final/jboss-logging-3.6.0.Final.jar:/home/runner/.m2/repository/org/jboss/logmanager/jboss-logmanager/3.1.1.Final/jboss-logmanager-3.1.1.Final.jar:/home/runner/.m2/repository/io/smallrye/common/smallrye-common-constraint/2.6.1/smallrye-common-constraint-2.6.1.jar:/home/runner/.m2/repository/io/smallrye/common/smallrye-common-cpu/2.6.1/smallrye-common-cpu-2.6.1.jar:/home/runner/.m2/repository/io/smallrye/common/smallrye-common-expression/2.6.1/smallrye-common-expression-2.6.1.jar:/home/runner/.m2/repository/io/smallrye/common/smallrye-common-function/2.6.1/smallrye-common-function-2.6.1.jar:/home/runner/.m2/repository/io/smallrye/common/smallrye-common-net/2.6.1/smallrye-common-net-2.6.1.jar:/home/runner/.m2/repository/io/smallrye/common/smallrye-common-ref/2.6.1/smallrye-common-ref-2.6.1.jar:/home/runner/.m2/repository/jakarta/json/jakarta.json-api/2.1.3/jakarta.json-api-2.1.3.jar:/home/runner/.m2/repository/org/eclipse/parsson/parsson/1.1.7/parsson-1.1.7.jar:/home/runner/.m2/repository/org/jboss/logging/jboss-logging-annotations/3.0.1.Final/jboss-logging-annotations-3.0.1.Final.jar:/home/runner/.m2/repository/org/jboss/threads/jboss-threads/3.6.1.Final/jboss-threads-3.6.1.Final.jar:/home/runner/.m2/repository/org/jboss/slf4j/slf4j-jboss-logmanager/2.0.0.Final/slf4j-jboss-logmanager-2.0.0.Final.jar:/home/runner/.m2/repository/org/wildfly/common/wildfly-common/1.7.0.Final/wildfly-common-1.7.0.Final.jar:/home/runner/.m2/repository/io/quarkus/quarkus-bootstrap-runner/3.15.4/quarkus-bootstrap-runner-3.15.4.jar:/home/runner/.m2/repository/io/github/crac/org-crac/0.1.3/org-crac-0.1.3.jar:/home/runner/.m2/repository/io/quarkus/quarkus-fs-util/0.0.10/quarkus-fs-util-0.0.10.jar:/home/runner/.m2/repository/org/jboss/marshalling/jboss-marshalling/2.2.1.Final/jboss-marshalling-2.2.1.Final.jar:/home/runner/.m2/repository/io/fabric8/kubernetes-client/6.13.5/kubernetes-client-6.13.5.jar:/home/runner/.m2/repository/io/fabric8/kubernetes-client-api/6.13.5/kubernetes-client-api-6.13.5.jar:/home/runner/.m2/repository/io/fabric8/kubernetes-model-core/6.13.5/kubernetes-model-core-6.13.5.jar:/home/runner/.m2/repository/io/fabric8/kubernetes-model-common/6.13.5/kubernetes-model-common-6.13.5.jar:/home/runner/.m2/repository/io/fabric8/kubernetes-model-gatewayapi/6.13.5/kubernetes-model-gatewayapi-6.13.5.jar:/home/runner/.m2/repository/io/fabric8/kubernetes-model-resource/6.13.5/kubernetes-model-resource-6.13.5.jar:/home/runner/.m2/repository/io/fabric8/kubernetes-model-rbac/6.13.5/kubernetes-model-rbac-6.13.5.jar:/home/runner/.m2/repository/io/fabric8/kubernetes-model-admissionregistration/6.13.5/kubernetes-model-admissionregistration-6.13.5.jar:/home/runner/.m2/repository/io/fabric8/kubernetes-model-apps/6.13.5/kubernetes-model-apps-6.13.5.jar:/home/runner/.m2/repository/io/fabric8/kubernetes-model-autoscaling/6.13.5/kubernetes-model-autoscaling-6.13.5.jar:/home/runner/.m2/repository/io/fabric8/kubernetes-model-apiextensions/6.13.5/kubernetes-model-apiextensions-6.13.5.jar:/home/runner/.m2/repository/io/fabric8/kubernetes-model-batch/6.13.5/kubernetes-model-batch-6.13.5.jar:/home/runner/.m2/repository/io/fabric8/kubernetes-model-certificates/6.13.5/kubernetes-model-certificates-6.13.5.jar:/home/runner/.m2/repository/io/fabric8/kubernetes-model-coordination/6.13.5/kubernetes-model-coordination-6.13.5.jar:/home/runner/.m2/repository/io/fabric8/kubernetes-model-discovery/6.13.5/kubernetes-model-discovery-6.13.5.jar:/home/runner/.m2/repository/io/fabric8/kubernetes-model-events/6.13.5/kubernetes-model-events-6.13.5.jar:/home/runner/.m2/repository/io/fabric8/kubernetes-model-extensions/6.13.5/kubernetes-model-extensions-6.13.5.jar:/home/runner/.m2/repository/io/fabric8/kubernetes-model-flowcontrol/6.13.5/kubernetes-model-flowcontrol-6.13.5.jar:/home/runner/.m2/repository/io/fabric8/kubernetes-model-networking/6.13.5/kubernetes-model-networking-6.13.5.jar:/home/runner/.m2/repository/io/fabric8/kubernetes-model-metrics/6.13.5/kubernetes-model-metrics-6.13.5.jar:/home/runner/.m2/repository/io/fabric8/kubernetes-model-policy/6.13.5/kubernetes-model-policy-6.13.5.jar:/home/runner/.m2/repository/io/fabric8/kubernetes-model-scheduling/6.13.5/kubernetes-model-scheduling-6.13.5.jar:/home/runner/.m2/repository/io/fabric8/kubernetes-model-storageclass/6.13.5/kubernetes-model-storageclass-6.13.5.jar:/home/runner/.m2/repository/io/fabric8/kubernetes-model-node/6.13.5/kubernetes-model-node-6.13.5.jar:/home/runner/.m2/repository/org/snakeyaml/snakeyaml-engine/2.7/snakeyaml-engine-2.7.jar:/home/runner/.m2/repository/com/fasterxml/jackson/dataformat/jackson-dataformat-yaml/2.15.2/jackson-dataformat-yaml-2.15.2.jar:/home/runner/.m2/repository/com/fasterxml/jackson/datatype/jackson-datatype-jsr310/2.17.2/jackson-datatype-jsr310-2.17.2.jar:/home/runner/.m2/repository/io/fabric8/zjsonpatch/0.3.0/zjsonpatch-0.3.0.jar:/home/runner/.m2/repository/io/fabric8/kubernetes-httpclient-vertx/6.13.5/kubernetes-httpclient-vertx-6.13.5.jar:/home/runner/.m2/repository/io/vertx/vertx-web-client/4.5.13/vertx-web-client-4.5.13.jar:/home/runner/.m2/repository/io/vertx/vertx-web-common/4.5.13/vertx-web-common-4.5.13.jar:/home/runner/.m2/repository/io/vertx/vertx-auth-common/4.5.13/vertx-auth-common-4.5.13.jar:/home/runner/.m2/repository/io/vertx/vertx-uri-template/4.5.13/vertx-uri-template-4.5.13.jar:/home/runner/.m2/repository/io/fabric8/openshift-client/6.13.5/openshift-client-6.13.5.jar:/home/runner/.m2/repository/io/fabric8/openshift-client-api/6.13.5/openshift-client-api-6.13.5.jar:/home/runner/.m2/repository/io/fabric8/openshift-model/6.13.5/openshift-model-6.13.5.jar:/home/runner/.m2/repository/io/fabric8/openshift-model-clusterautoscaling/6.13.5/openshift-model-clusterautoscaling-6.13.5.jar:/home/runner/.m2/repository/io/fabric8/openshift-model-operator/6.13.5/openshift-model-operator-6.13.5.jar:/home/runner/.m2/repository/io/fabric8/openshift-model-operatorhub/6.13.5/openshift-model-operatorhub-6.13.5.jar:/home/runner/.m2/repository/io/fabric8/openshift-model-machine/6.13.5/openshift-model-machine-6.13.5.jar:/home/runner/.m2/repository/io/fabric8/openshift-model-whereabouts/6.13.5/openshift-model-whereabouts-6.13.5.jar:/home/runner/.m2/repository/io/fabric8/openshift-model-monitoring/6.13.5/openshift-model-monitoring-6.13.5.jar:/home/runner/.m2/repository/io/fabric8/openshift-model-storageversionmigrator/6.13.5/openshift-model-storageversionmigrator-6.13.5.jar:/home/runner/.m2/repository/io/fabric8/openshift-model-tuned/6.13.5/openshift-model-tuned-6.13.5.jar:/home/runner/.m2/repository/io/fabric8/openshift-model-console/6.13.5/openshift-model-console-6.13.5.jar:/home/runner/.m2/repository/io/fabric8/openshift-model-config/6.13.5/openshift-model-config-6.13.5.jar:/home/runner/.m2/repository/io/fabric8/openshift-model-machineconfig/6.13.5/openshift-model-machineconfig-6.13.5.jar:/home/runner/.m2/repository/io/fabric8/openshift-model-miscellaneous/6.13.5/openshift-model-miscellaneous-6.13.5.jar:/home/runner/.m2/repository/io/fabric8/openshift-model-hive/6.13.5/openshift-model-hive-6.13.5.jar:/home/runner/.m2/repository/io/fabric8/openshift-model-installer/6.13.5/openshift-model-installer-6.13.5.jar:/home/runner/.m2/repository/com/github/mifmif/generex/1.0.2/generex-1.0.2.jar:/home/runner/.m2/repository/dk/brics/automaton/automaton/1.11-8/automaton-1.11-8.jar:/home/runner/.m2/repository/org/junit/platform/junit-platform-launcher/1.10.3/junit-platform-launcher-1.10.3.jar:/home/runner/.m2/repository/org/junit/platform/junit-platform-engine/1.10.3/junit-platform-engine-1.10.3.jar:/home/runner/.m2/repository/org/opentest4j/opentest4j/1.3.0/opentest4j-1.3.0.jar:/home/runner/.m2/repository/org/junit/platform/junit-platform-commons/1.10.3/junit-platform-commons-1.10.3.jar:/home/runner/.m2/repository/org/apiguardian/apiguardian-api/1.1.2/apiguardian-api-1.1.2.jar:/home/runner/.m2/repository/jakarta/ws/rs/jakarta.ws.rs-api/3.1.0/jakarta.ws.rs-api-3.1.0.jar:/home/runner/work/apicurio-testing/apicurio-testing/clusters/ci419/namespaces/kafkasql/tests/integration/apicurio-registry/java-sdk/target/apicurio-registry-java-sdk-3.0.9.jar:/home/runner/.m2/repository/com/microsoft/kiota/microsoft-kiota-abstractions/1.8.4/microsoft-kiota-abstractions-1.8.4.jar:/home/runner/.m2/repository/io/github/std-uritemplate/std-uritemplate/2.0.0/std-uritemplate-2.0.0.jar:/home/runner/.m2/repository/io/kiota/kiota-http-jdk/0.0.21/kiota-http-jdk-0.0.21.jar:/home/runner/.m2/repository/io/kiota/kiota-http-vertx/0.0.21/kiota-http-vertx-0.0.21.jar:/home/runner/.m2/repository/io/kiota/kiota-serialization-jackson/0.0.21/kiota-serialization-jackson-0.0.21.jar:/home/runner/.m2/repository/com/microsoft/kiota/microsoft-kiota-serialization-text/1.8.4/microsoft-kiota-serialization-text-1.8.4.jar:/home/runner/.m2/repository/com/microsoft/kiota/microsoft-kiota-serialization-form/1.8.4/microsoft-kiota-serialization-form-1.8.4.jar:/home/runner/.m2/repository/com/microsoft/kiota/microsoft-kiota-serialization-multipart/1.8.4/microsoft-kiota-serialization-multipart-1.8.4.jar:/home/runner/.m2/repository/jakarta/annotation/jakarta.annotation-api/3.0.0/jakarta.annotation-api-3.0.0.jar:/home/runner/.m2/repository/io/vertx/vertx-auth-oauth2/4.5.13/vertx-auth-oauth2-4.5.13.jar:/home/runner/work/apicurio-testing/apicurio-testing/clusters/ci419/namespaces/kafkasql/tests/integration/apicurio-registry/java-sdk-v2/target/apicurio-registry-v2-java-sdk-3.0.9.jar:/home/runner/work/apicurio-testing/apicurio-testing/clusters/ci419/namespaces/kafkasql/tests/integration/apicurio-registry/utils/kafka/target/apicurio-registry-utils-kafka-3.0.9-tests.jar:/home/runner/.m2/repository/org/eclipse/microprofile/config/microprofile-config-api/3.1/microprofile-config-api-3.1.jar:/home/runner/.m2/repository/org/apache/kafka/kafka-clients/3.9.0/kafka-clients-3.9.0.jar:/home/runner/.m2/repository/com/github/luben/zstd-jni/1.5.6-4/zstd-jni-1.5.6-4.jar:/home/runner/.m2/repository/org/lz4/lz4-java/1.8.0/lz4-java-1.8.0.jar:/home/runner/.m2/repository/org/xerial/snappy/snappy-java/1.1.10.5/snappy-java-1.1.10.5.jar:/home/runner/.m2/repository/org/slf4j/slf4j-api/2.0.6/slf4j-api-2.0.6.jar:/home/runner/work/apicurio-testing/apicurio-testing/clusters/ci419/namespaces/kafkasql/tests/integration/apicurio-registry/utils/tests/target/apicurio-registry-utils-tests-3.0.9.jar:/home/runner/work/apicurio-testing/apicurio-testing/clusters/ci419/namespaces/kafkasql/tests/integration/apicurio-registry/common/target/apicurio-registry-common-3.0.9.jar:/home/runner/.m2/repository/jakarta/validation/jakarta.validation-api/3.0.2/jakarta.validation-api-3.0.2.jar:/home/runner/.m2/repository/com/github/dasniko/testcontainers-keycloak/3.6.0/testcontainers-keycloak-3.6.0.jar:/home/runner/.m2/repository/org/testcontainers/testcontainers/1.20.1/testcontainers-1.20.1.jar:/home/runner/.m2/repository/org/rnorth/duct-tape/duct-tape/1.0.8/duct-tape-1.0.8.jar:/home/runner/.m2/repository/org/jetbrains/annotations/24.1.0/annotations-24.1.0.jar:/home/runner/.m2/repository/com/github/docker-java/docker-java-transport-zerodep/3.4.0/docker-java-transport-zerodep-3.4.0.jar:/home/runner/.m2/repository/com/github/docker-java/docker-java-transport/3.4.0/docker-java-transport-3.4.0.jar:/home/runner/.m2/repository/net/java/dev/jna/jna/5.8.0/jna-5.8.0.jar:/home/runner/.m2/repository/io/quarkus/quarkus-junit4-mock/3.15.4/quarkus-junit4-mock-3.15.4.jar:/home/runner/.m2/repository/org/jboss/shrinkwrap/shrinkwrap-api/2.0.0-beta-2/shrinkwrap-api-2.0.0-beta-2.jar:/home/runner/.m2/repository/org/jboss/shrinkwrap/shrinkwrap-impl-base/2.0.0-beta-2/shrinkwrap-impl-base-2.0.0-beta-2.jar:/home/runner/.m2/repository/org/jboss/shrinkwrap/shrinkwrap-spi/2.0.0-beta-2/shrinkwrap-spi-2.0.0-beta-2.jar:/home/runner/.m2/repository/org/keycloak/keycloak-admin-client/25.0.6/keycloak-admin-client-25.0.6.jar:/home/runner/.m2/repository/org/keycloak/keycloak-core/25.0.6/keycloak-core-25.0.6.jar:/home/runner/.m2/repository/org/keycloak/keycloak-common/25.0.6/keycloak-common-25.0.6.jar:/home/runner/.m2/repository/org/jboss/resteasy/resteasy-client/6.2.9.Final/resteasy-client-6.2.9.Final.jar:/home/runner/.m2/repository/org/jboss/resteasy/resteasy-client-api/6.2.9.Final/resteasy-client-api-6.2.9.Final.jar:/home/runner/.m2/repository/org/jboss/resteasy/resteasy-core-spi/6.2.9.Final/resteasy-core-spi-6.2.9.Final.jar:/home/runner/.m2/repository/org/jboss/resteasy/resteasy-core/6.2.9.Final/resteasy-core-6.2.9.Final.jar:/home/runner/.m2/repository/org/eclipse/angus/angus-activation/2.0.2/angus-activation-2.0.2.jar:/home/runner/.m2/repository/com/ibm/async/asyncutil/0.1.0/asyncutil-0.1.0.jar:/home/runner/.m2/repository/org/reactivestreams/reactive-streams/1.0.4/reactive-streams-1.0.4.jar:/home/runner/.m2/repository/org/jboss/resteasy/resteasy-multipart-provider/6.2.9.Final/resteasy-multipart-provider-6.2.9.Final.jar:/home/runner/.m2/repository/jakarta/mail/jakarta.mail-api/2.1.2/jakarta.mail-api-2.1.2.jar:/home/runner/.m2/repository/org/eclipse/angus/angus-mail/2.0.3/angus-mail-2.0.3.jar:/home/runner/.m2/repository/org/apache/james/apache-mime4j-dom/0.8.11/apache-mime4j-dom-0.8.11.jar:/home/runner/.m2/repository/org/apache/james/apache-mime4j-core/0.8.11/apache-mime4j-core-0.8.11.jar:/home/runner/.m2/repository/org/apache/james/apache-mime4j-storage/0.8.11/apache-mime4j-storage-0.8.11.jar:/home/runner/.m2/repository/org/jboss/resteasy/resteasy-jackson2-provider/6.2.9.Final/resteasy-jackson2-provider-6.2.9.Final.jar:/home/runner/.m2/repository/com/fasterxml/jackson/jakarta/rs/jackson-jakarta-rs-base/2.17.2/jackson-jakarta-rs-base-2.17.2.jar:/home/runner/.m2/repository/com/fasterxml/jackson/jakarta/rs/jackson-jakarta-rs-json-provider/2.17.2/jackson-jakarta-rs-json-provider-2.17.2.jar:/home/runner/.m2/repository/com/fasterxml/jackson/module/jackson-module-jakarta-xmlbind-annotations/2.17.2/jackson-module-jakarta-xmlbind-annotations-2.17.2.jar:/home/runner/.m2/repository/com/github/java-json-tools/json-patch/1.13/json-patch-1.13.jar:/home/runner/.m2/repository/com/github/java-json-tools/msg-simple/1.2/msg-simple-1.2.jar:/home/runner/.m2/repository/com/github/java-json-tools/btf/1.3/btf-1.3.jar:/home/runner/.m2/repository/com/github/java-json-tools/jackson-coreutils/2.0/jackson-coreutils-2.0.jar:/home/runner/.m2/repository/org/jboss/resteasy/resteasy-jaxb-provider/6.2.9.Final/resteasy-jaxb-provider-6.2.9.Final.jar:/home/runner/.m2/repository/org/glassfish/jaxb/codemodel/4.0.3/codemodel-4.0.3.jar:/home/runner/.m2/repository/org/glassfish/jaxb/jaxb-core/4.0.5/jaxb-core-4.0.5.jar:/home/runner/.m2/repository/org/glassfish/jaxb/jaxb-jxc/4.0.3/jaxb-jxc-4.0.3.jar:/home/runner/.m2/repository/org/glassfish/jaxb/jaxb-runtime/4.0.5/jaxb-runtime-4.0.5.jar:/home/runner/.m2/repository/org/glassfish/jaxb/txw2/4.0.5/txw2-4.0.5.jar:/home/runner/.m2/repository/org/glassfish/jaxb/jaxb-xjc/4.0.3/jaxb-xjc-4.0.3.jar:/home/runner/.m2/repository/org/glassfish/jaxb/xsom/4.0.3/xsom-4.0.3.jar:/home/runner/.m2/repository/com/sun/istack/istack-commons-runtime/4.1.2/istack-commons-runtime-4.1.2.jar:/home/runner/.m2/repository/com/sun/istack/istack-commons-tools/4.1.2/istack-commons-tools-4.1.2.jar:/home/runner/.m2/repository/com/sun/xml/bind/external/relaxng-datatype/4.0.3/relaxng-datatype-4.0.3.jar:/home/runner/.m2/repository/com/sun/xml/bind/external/rngom/4.0.3/rngom-4.0.3.jar:/home/runner/.m2/repository/org/testcontainers/mssqlserver/1.20.1/mssqlserver-1.20.1.jar:/home/runner/.m2/repository/org/testcontainers/jdbc/1.20.1/jdbc-1.20.1.jar:/home/runner/.m2/repository/org/testcontainers/database-commons/1.20.1/database-commons-1.20.1.jar:/home/runner/.m2/repository/org/testcontainers/mysql/1.20.1/mysql-1.20.1.jar:/home/runner/.m2/repository/io/strimzi/strimzi-test-container/0.107.0/strimzi-test-container-0.107.0.jar:/home/runner/.m2/repository/org/testcontainers/toxiproxy/1.20.1/toxiproxy-1.20.1.jar:/home/runner/.m2/repository/com/github/docker-java/docker-java-api/3.4.0/docker-java-api-3.4.0.jar:/home/runner/.m2/repository/eu/rekawek/toxiproxy/toxiproxy-java/2.1.7/toxiproxy-java-2.1.7.jar:/home/runner/.m2/repository/junit/junit/4.13.2/junit-4.13.2.jar:/home/runner/.m2/repository/org/hamcrest/hamcrest-core/1.3/hamcrest-core-1.3.jar:/home/runner/.m2/repository/org/testcontainers/pulsar/1.20.4/pulsar-1.20.4.jar:/home/runner/.m2/repository/io/debezium/debezium-testing-testcontainers/2.6.2.Final/debezium-testing-testcontainers-2.6.2.Final.jar:/home/runner/.m2/repository/org/testcontainers/kafka/1.20.1/kafka-1.20.1.jar:/home/runner/.m2/repository/com/squareup/okhttp3/okhttp/4.8.1/okhttp-4.8.1.jar:/home/runner/.m2/repository/com/squareup/okio/okio/3.10.2/okio-3.10.2.jar:/home/runner/.m2/repository/com/squareup/okio/okio-jvm/3.10.2/okio-jvm-3.10.2.jar:/home/runner/.m2/repository/org/jetbrains/kotlin/kotlin-stdlib/2.0.10/kotlin-stdlib-2.0.10.jar:/home/runner/.m2/repository/org/awaitility/awaitility/4.2.2/awaitility-4.2.2.jar:/home/runner/.m2/repository/org/testcontainers/mongodb/1.20.1/mongodb-1.20.1.jar:/home/runner/.m2/repository/org/testcontainers/oracle-xe/1.20.1/oracle-xe-1.20.1.jar:/home/runner/.m2/repository/org/testcontainers/postgresql/1.20.1/postgresql-1.20.1.jar:/home/runner/.m2/repository/org/wiremock/wiremock/3.0.1/wiremock-3.0.1.jar:/home/runner/.m2/repository/org/eclipse/jetty/jetty-server/11.0.15/jetty-server-11.0.15.jar:/home/runner/.m2/repository/org/eclipse/jetty/toolchain/jetty-jakarta-servlet-api/5.0.2/jetty-jakarta-servlet-api-5.0.2.jar:/home/runner/.m2/repository/org/eclipse/jetty/jetty-http/11.0.15/jetty-http-11.0.15.jar:/home/runner/.m2/repository/org/eclipse/jetty/jetty-io/11.0.15/jetty-io-11.0.15.jar:/home/runner/.m2/repository/org/eclipse/jetty/jetty-servlet/11.0.15/jetty-servlet-11.0.15.jar:/home/runner/.m2/repository/org/eclipse/jetty/jetty-security/11.0.15/jetty-security-11.0.15.jar:/home/runner/.m2/repository/org/eclipse/jetty/jetty-servlets/11.0.15/jetty-servlets-11.0.15.jar:/home/runner/.m2/repository/org/eclipse/jetty/jetty-util/11.0.15/jetty-util-11.0.15.jar:/home/runner/.m2/repository/org/eclipse/jetty/jetty-webapp/11.0.15/jetty-webapp-11.0.15.jar:/home/runner/.m2/repository/org/eclipse/jetty/jetty-xml/11.0.15/jetty-xml-11.0.15.jar:/home/runner/.m2/repository/org/eclipse/jetty/jetty-proxy/11.0.15/jetty-proxy-11.0.15.jar:/home/runner/.m2/repository/org/eclipse/jetty/jetty-client/11.0.15/jetty-client-11.0.15.jar:/home/runner/.m2/repository/org/eclipse/jetty/http2/http2-server/11.0.15/http2-server-11.0.15.jar:/home/runner/.m2/repository/org/eclipse/jetty/http2/http2-common/11.0.15/http2-common-11.0.15.jar:/home/runner/.m2/repository/org/eclipse/jetty/http2/http2-hpack/11.0.15/http2-hpack-11.0.15.jar:/home/runner/.m2/repository/org/eclipse/jetty/jetty-alpn-server/11.0.15/jetty-alpn-server-11.0.15.jar:/home/runner/.m2/repository/org/eclipse/jetty/jetty-alpn-java-server/11.0.15/jetty-alpn-java-server-11.0.15.jar:/home/runner/.m2/repository/org/eclipse/jetty/jetty-alpn-java-client/11.0.15/jetty-alpn-java-client-11.0.15.jar:/home/runner/.m2/repository/org/eclipse/jetty/jetty-alpn-client/11.0.15/jetty-alpn-client-11.0.15.jar:/home/runner/.m2/repository/org/apache/httpcomponents/client5/httpclient5/5.2.1/httpclient5-5.2.1.jar:/home/runner/.m2/repository/org/apache/httpcomponents/core5/httpcore5/5.2/httpcore5-5.2.jar:/home/runner/.m2/repository/org/apache/httpcomponents/core5/httpcore5-h2/5.2/httpcore5-h2-5.2.jar:/home/runner/.m2/repository/org/xmlunit/xmlunit-core/2.9.1/xmlunit-core-2.9.1.jar:/home/runner/.m2/repository/jakarta/xml/bind/jakarta.xml.bind-api/4.0.2/jakarta.xml.bind-api-4.0.2.jar:/home/runner/.m2/repository/jakarta/activation/jakarta.activation-api/2.1.3/jakarta.activation-api-2.1.3.jar:/home/runner/.m2/repository/org/xmlunit/xmlunit-legacy/2.9.1/xmlunit-legacy-2.9.1.jar:/home/runner/.m2/repository/org/xmlunit/xmlunit-placeholders/2.9.1/xmlunit-placeholders-2.9.1.jar:/home/runner/.m2/repository/net/javacrumbs/json-unit/json-unit-core/2.38.0/json-unit-core-2.38.0.jar:/home/runner/.m2/repository/com/jayway/jsonpath/json-path/2.8.0/json-path-2.8.0.jar:/home/runner/.m2/repository/net/minidev/json-smart/2.4.10/json-smart-2.4.10.jar:/home/runner/.m2/repository/net/minidev/accessors-smart/2.4.9/accessors-smart-2.4.9.jar:/home/runner/.m2/repository/org/ow2/asm/asm/9.7/asm-9.7.jar:/home/runner/.m2/repository/net/sf/jopt-simple/jopt-simple/5.0.4/jopt-simple-5.0.4.jar:/home/runner/.m2/repository/com/github/jknack/handlebars/4.3.1/handlebars-4.3.1.jar:/home/runner/.m2/repository/com/github/jknack/handlebars-helpers/4.3.1/handlebars-helpers-4.3.1.jar:/home/runner/.m2/repository/commons-fileupload/commons-fileupload/1.5/commons-fileupload-1.5.jar:/home/runner/.m2/repository/com/networknt/json-schema-validator/1.5.5/json-schema-validator-1.5.5.jar:/home/runner/.m2/repository/com/ethlo/time/itu/1.10.3/itu-1.10.3.jar:/home/runner/.m2/repository/io/quarkus/quarkus-smallrye-jwt-build/3.15.4/quarkus-smallrye-jwt-build-3.15.4.jar:/home/runner/.m2/repository/io/smallrye/smallrye-jwt-build/4.5.3/smallrye-jwt-build-4.5.3.jar:/home/runner/.m2/repository/org/eclipse/microprofile/jwt/microprofile-jwt-auth-api/2.1/microprofile-jwt-auth-api-2.1.jar:/home/runner/.m2/repository/org/bitbucket/b_c/jose4j/0.9.6/jose4j-0.9.6.jar:/home/runner/.m2/repository/io/smallrye/smallrye-jwt-common/4.5.3/smallrye-jwt-common-4.5.3.jar:/home/runner/.m2/repository/io/quarkus/quarkus-jsonp/3.15.4/quarkus-jsonp-3.15.4.jar:/home/runner/.m2/repository/io/quarkus/quarkus-arc/3.15.4/quarkus-arc-3.15.4.jar:/home/runner/.m2/repository/io/quarkus/arc/arc/3.15.4/arc-3.15.4.jar:/home/runner/.m2/repository/jakarta/transaction/jakarta.transaction-api/2.0.1/jakarta.transaction-api-2.0.1.jar:/home/runner/.m2/repository/io/smallrye/reactive/mutiny/2.6.2/mutiny-2.6.2.jar:/home/runner/.m2/repository/org/jctools/jctools-core/4.0.5/jctools-core-4.0.5.jar:/home/runner/.m2/repository/org/eclipse/microprofile/context-propagation/microprofile-context-propagation-api/1.3/microprofile-context-propagation-api-1.3.jar:/home/runner/.m2/repository/io/apicurio/apicurio-common-rest-client-common/0.1.18.Final/apicurio-common-rest-client-common-0.1.18.Final.jar:/home/runner/work/apicurio-testing/apicurio-testing/clusters/ci419/namespaces/kafkasql/tests/integration/apicurio-registry/utils/maven-plugin/target/apicurio-registry-maven-plugin-3.0.9.jar:/home/runner/.m2/repository/com/fasterxml/jackson/core/jackson-databind/2.17.2/jackson-databind-2.17.2.jar:/home/runner/.m2/repository/org/apache/avro/avro/1.12.0/avro-1.12.0.jar:/home/runner/.m2/repository/com/google/protobuf/protobuf-java/3.25.8/protobuf-java-3.25.8.jar:/home/runner/.m2/repository/com/google/protobuf/protobuf-java-util/3.25.8/protobuf-java-util-3.25.8.jar:/home/runner/.m2/repository/com/google/code/findbugs/jsr305/3.0.2/jsr305-3.0.2.jar:/home/runner/.m2/repository/com/google/code/gson/gson/2.11.0/gson-2.11.0.jar:/home/runner/.m2/repository/com/google/errorprone/error_prone_annotations/2.30.0/error_prone_annotations-2.30.0.jar:/home/runner/.m2/repository/com/google/j2objc/j2objc-annotations/2.8/j2objc-annotations-2.8.jar:/home/runner/work/apicurio-testing/apicurio-testing/clusters/ci419/namespaces/kafkasql/tests/integration/apicurio-registry/schema-util/util-provider/target/apicurio-registry-schema-util-provider-3.0.9.jar:/home/runner/work/apicurio-testing/apicurio-testing/clusters/ci419/namespaces/kafkasql/tests/integration/apicurio-registry/schema-util/common/target/apicurio-registry-schema-util-common-3.0.9.jar:/home/runner/.m2/repository/com/fasterxml/jackson/module/jackson-module-parameter-names/2.17.2/jackson-module-parameter-names-2.17.2.jar:/home/runner/.m2/repository/com/fasterxml/jackson/datatype/jackson-datatype-json-org/2.18.2/jackson-datatype-json-org-2.18.2.jar:/home/runner/work/apicurio-testing/apicurio-testing/clusters/ci419/namespaces/kafkasql/tests/integration/apicurio-registry/schema-util/json/target/apicurio-registry-schema-util-json-3.0.9.jar:/home/runner/.m2/repository/com/github/erosb/everit-json-schema/1.14.5/everit-json-schema-1.14.5.jar:/home/runner/.m2/repository/commons-validator/commons-validator/1.9.0/commons-validator-1.9.0.jar:/home/runner/.m2/repository/commons-digester/commons-digester/2.1/commons-digester-2.1.jar:/home/runner/.m2/repository/commons-collections/commons-collections/3.2.2/commons-collections-3.2.2.jar:/home/runner/.m2/repository/com/damnhandy/handy-uri-templates/2.1.8/handy-uri-templates-2.1.8.jar:/home/runner/.m2/repository/joda-time/joda-time/2.10.2/joda-time-2.10.2.jar:/home/runner/.m2/repository/com/github/erosb/json-sKema/0.20.0/json-sKema-0.20.0.jar:/home/runner/.m2/repository/io/vertx/vertx-json-schema/4.5.13/vertx-json-schema-4.5.13.jar:/home/runner/work/apicurio-testing/apicurio-testing/clusters/ci419/namespaces/kafkasql/tests/integration/apicurio-registry/schema-util/protobuf/target/apicurio-registry-schema-util-protobuf-3.0.9.jar:/home/runner/work/apicurio-testing/apicurio-testing/clusters/ci419/namespaces/kafkasql/tests/integration/apicurio-registry/utils/protobuf-schema-utilities/target/apicurio-registry-protobuf-schema-utilities-3.0.9.jar:/home/runner/.m2/repository/com/google/api/grpc/proto-google-common-protos/2.52.0/proto-google-common-protos-2.52.0.jar:/home/runner/.m2/repository/com/squareup/wire/wire-schema-jvm/5.1.0/wire-schema-jvm-5.1.0.jar:/home/runner/.m2/repository/com/squareup/javapoet/1.13.0/javapoet-1.13.0.jar:/home/runner/.m2/repository/com/squareup/kotlinpoet-jvm/1.18.1/kotlinpoet-jvm-1.18.1.jar:/home/runner/.m2/repository/org/jetbrains/kotlin/kotlin-reflect/2.0.10/kotlin-reflect-2.0.10.jar:/home/runner/.m2/repository/com/squareup/wire/wire-runtime-jvm/5.1.0/wire-runtime-jvm-5.1.0.jar:/home/runner/.m2/repository/com/ibm/icu/icu4j/76.1/icu4j-76.1.jar:/home/runner/.m2/repository/com/squareup/okio/okio-fakefilesystem/3.10.2/okio-fakefilesystem-3.10.2.jar:/home/runner/.m2/repository/com/squareup/okio/okio-fakefilesystem-jvm/3.10.2/okio-fakefilesystem-jvm-3.10.2.jar:/home/runner/.m2/repository/org/jetbrains/kotlinx/kotlinx-datetime-jvm/0.6.1/kotlinx-datetime-jvm-0.6.1.jar:/home/runner/work/apicurio-testing/apicurio-testing/clusters/ci419/namespaces/kafkasql/tests/integration/apicurio-registry/schema-util/asyncapi/target/apicurio-registry-schema-util-asyncapi-3.0.9.jar:/home/runner/work/apicurio-testing/apicurio-testing/clusters/ci419/namespaces/kafkasql/tests/integration/apicurio-registry/schema-util/avro/target/apicurio-registry-schema-util-avro-3.0.9.jar:/home/runner/work/apicurio-testing/apicurio-testing/clusters/ci419/namespaces/kafkasql/tests/integration/apicurio-registry/schema-util/graphql/target/apicurio-registry-schema-util-graphql-3.0.9.jar:/home/runner/.m2/repository/com/graphql-java/graphql-java/22.3/graphql-java-22.3.jar:/home/runner/.m2/repository/com/graphql-java/java-dataloader/3.3.0/java-dataloader-3.3.0.jar:/home/runner/work/apicurio-testing/apicurio-testing/clusters/ci419/namespaces/kafkasql/tests/integration/apicurio-registry/schema-util/kconnect/target/apicurio-registry-schema-util-kconnect-3.0.9.jar:/home/runner/work/apicurio-testing/apicurio-testing/clusters/ci419/namespaces/kafkasql/tests/integration/apicurio-registry/schema-util/openapi/target/apicurio-registry-schema-util-openapi-3.0.9.jar:/home/runner/.m2/repository/io/apicurio/apicurio-data-models/2.2.1/apicurio-data-models-2.2.1.jar:/home/runner/.m2/repository/org/openapitools/openapidiff/openapi-diff-core/2.0.1/openapi-diff-core-2.0.1.jar:/home/runner/.m2/repository/io/swagger/parser/v3/swagger-parser/2.0.28/swagger-parser-2.0.28.jar:/home/runner/.m2/repository/io/swagger/parser/v3/swagger-parser-v2-converter/2.0.28/swagger-parser-v2-converter-2.0.28.jar:/home/runner/.m2/repository/io/swagger/swagger-core/1.6.3/swagger-core-1.6.3.jar:/home/runner/.m2/repository/io/swagger/swagger-models/1.6.3/swagger-models-1.6.3.jar:/home/runner/.m2/repository/io/swagger/swagger-annotations/1.6.3/swagger-annotations-1.6.3.jar:/home/runner/.m2/repository/io/swagger/swagger-parser/1.0.56/swagger-parser-1.0.56.jar:/home/runner/.m2/repository/io/swagger/swagger-compat-spec-parser/1.0.56/swagger-compat-spec-parser-1.0.56.jar:/home/runner/.m2/repository/com/github/java-json-tools/json-schema-validator/2.2.14/json-schema-validator-2.2.14.jar:/home/runner/.m2/repository/com/github/java-json-tools/jackson-coreutils-equivalence/1.0/jackson-coreutils-equivalence-1.0.jar:/home/runner/.m2/repository/com/github/java-json-tools/json-schema-core/1.2.14/json-schema-core-1.2.14.jar:/home/runner/.m2/repository/com/github/java-json-tools/uri-template/0.10/uri-template-0.10.jar:/home/runner/.m2/repository/com/sun/mail/mailapi/1.6.2/mailapi-1.6.2.jar:/home/runner/.m2/repository/com/googlecode/libphonenumber/libphonenumber/8.11.1/libphonenumber-8.11.1.jar:/home/runner/.m2/repository/com/j2html/j2html/1.5.0/j2html-1.5.0.jar:/home/runner/.m2/repository/org/apache/commons/commons-collections4/4.4/commons-collections4-4.4.jar:/home/runner/.m2/repository/commons-httpclient/commons-httpclient/3.1/commons-httpclient-3.1.jar:/home/runner/.m2/repository/io/swagger/parser/v3/swagger-parser-v3/2.1.25/swagger-parser-v3-2.1.25.jar:/home/runner/.m2/repository/io/swagger/core/v3/swagger-models/2.2.28/swagger-models-2.2.28.jar:/home/runner/.m2/repository/io/swagger/core/v3/swagger-core/2.2.28/swagger-core-2.2.28.jar:/home/runner/.m2/repository/io/swagger/parser/v3/swagger-parser-core/2.1.25/swagger-parser-core-2.1.25.jar:/home/runner/.m2/repository/io/swagger/parser/v3/swagger-parser-safe-url-resolver/2.1.25/swagger-parser-safe-url-resolver-2.1.25.jar:/home/runner/work/apicurio-testing/apicurio-testing/clusters/ci419/namespaces/kafkasql/tests/integration/apicurio-registry/schema-util/wsdl/target/apicurio-registry-schema-util-wsdl-3.0.9.jar:/home/runner/.m2/repository/wsdl4j/wsdl4j/1.6.3/wsdl4j-1.6.3.jar:/home/runner/work/apicurio-testing/apicurio-testing/clusters/ci419/namespaces/kafkasql/tests/integration/apicurio-registry/schema-util/xml/target/apicurio-registry-schema-util-xml-3.0.9.jar:/home/runner/.m2/repository/org/apache/santuario/xmlsec/4.0.3/xmlsec-4.0.3.jar:/home/runner/.m2/repository/com/fasterxml/woodstox/woodstox-core/7.1.0/woodstox-core-7.1.0.jar:/home/runner/.m2/repository/org/codehaus/woodstox/stax2-api/4.2.2/stax2-api-4.2.2.jar:/home/runner/work/apicurio-testing/apicurio-testing/clusters/ci419/namespaces/kafkasql/tests/integration/apicurio-registry/schema-util/xsd/target/apicurio-registry-schema-util-xsd-3.0.9.jar:/home/runner/work/apicurio-testing/apicurio-testing/clusters/ci419/namespaces/kafkasql/tests/integration/apicurio-registry/serdes/kafka/jsonschema-serde/target/apicurio-registry-jsonschema-serde-kafka-3.0.9.jar:/home/runner/work/apicurio-testing/apicurio-testing/clusters/ci419/namespaces/kafkasql/tests/integration/apicurio-registry/serdes/kafka/serde-kafka-common/target/apicurio-registry-serde-kafka-common-3.0.9.jar:/home/runner/work/apicurio-testing/apicurio-testing/clusters/ci419/namespaces/kafkasql/tests/integration/apicurio-registry/serdes/generic/serde-common/target/apicurio-registry-serde-common-3.0.9.jar:/home/runner/work/apicurio-testing/apicurio-testing/clusters/ci419/namespaces/kafkasql/tests/integration/apicurio-registry/schema-resolver/target/apicurio-registry-schema-resolver-3.0.9.jar:/home/runner/work/apicurio-testing/apicurio-testing/clusters/ci419/namespaces/kafkasql/tests/integration/apicurio-registry/serdes/generic/serde-common-jsonschema/target/apicurio-registry-serde-common-jsonschema-3.0.9.jar:/home/runner/.m2/repository/org/json/json/20250107/json-20250107.jar:/home/runner/work/apicurio-testing/apicurio-testing/clusters/ci419/namespaces/kafkasql/tests/integration/apicurio-registry/serdes/kafka/avro-serde/target/apicurio-registry-avro-serde-kafka-3.0.9.jar:/home/runner/work/apicurio-testing/apicurio-testing/clusters/ci419/namespaces/kafkasql/tests/integration/apicurio-registry/serdes/generic/serde-common-avro/target/apicurio-registry-serde-common-avro-3.0.9.jar:/home/runner/work/apicurio-testing/apicurio-testing/clusters/ci419/namespaces/kafkasql/tests/integration/apicurio-registry/serdes/kafka/protobuf-serde/target/apicurio-registry-protobuf-serde-kafka-3.0.9.jar:/home/runner/work/apicurio-testing/apicurio-testing/clusters/ci419/namespaces/kafkasql/tests/integration/apicurio-registry/serdes/generic/serde-common-protobuf/target/apicurio-registry-serde-common-protobuf-3.0.9.jar:/home/runner/.m2/repository/com/squareup/wire/wire-schema/5.1.0/wire-schema-5.1.0.jar:/home/runner/.m2/repository/com/squareup/wire/wire-runtime/5.1.0/wire-runtime-5.1.0.jar:/home/runner/work/apicurio-testing/apicurio-testing/clusters/ci419/namespaces/kafkasql/tests/integration/apicurio-registry/serdes/pulsar/avro-serde/target/apicurio-registry-avro-serde-pulsar-3.0.9.jar:/home/runner/.m2/repository/org/apache/pulsar/pulsar-functions-api/3.3.4/pulsar-functions-api-3.3.4.jar:/home/runner/work/apicurio-testing/apicurio-testing/clusters/ci419/namespaces/kafkasql/tests/integration/apicurio-registry/serdes/nats/avro-serde/target/apicurio-registry-avro-serde-nats-3.0.9.jar:/home/runner/.m2/repository/io/nats/jnats/2.20.5/jnats-2.20.5.jar:/home/runner/.m2/repository/net/i2p/crypto/eddsa/0.3.0/eddsa-0.3.0.jar:/home/runner/work/apicurio-testing/apicurio-testing/clusters/ci419/namespaces/kafkasql/tests/integration/apicurio-registry/utils/converter/target/apicurio-registry-utils-converter-3.0.9.jar:/home/runner/.m2/repository/org/apache/kafka/connect-api/3.9.1/connect-api-3.9.1.jar:/home/runner/.m2/repository/javax/ws/rs/javax.ws.rs-api/2.1.1/javax.ws.rs-api-2.1.1.jar:/home/runner/.m2/repository/org/apache/kafka/connect-json/3.9.1/connect-json-3.9.1.jar:/home/runner/.m2/repository/com/fasterxml/jackson/datatype/jackson-datatype-jdk8/2.17.2/jackson-datatype-jdk8-2.17.2.jar:/home/runner/.m2/repository/com/fasterxml/jackson/module/jackson-module-afterburner/2.17.2/jackson-module-afterburner-2.17.2.jar:/home/runner/work/apicurio-testing/apicurio-testing/clusters/ci419/namespaces/kafkasql/tests/integration/apicurio-registry/utils/kafka/target/apicurio-registry-utils-kafka-3.0.9.jar:/home/runner/.m2/repository/org/apache/pulsar/pulsar-client/3.3.4/pulsar-client-3.3.4.jar:/home/runner/.m2/repository/org/apache/pulsar/pulsar-client-api/3.3.4/pulsar-client-api-3.3.4.jar:/home/runner/.m2/repository/org/apache/pulsar/pulsar-client-admin-api/3.3.4/pulsar-client-admin-api-3.3.4.jar:/home/runner/.m2/repository/org/apache/pulsar/bouncy-castle-bc/3.3.4/bouncy-castle-bc-3.3.4-pkg.jar:/home/runner/.m2/repository/org/bouncycastle/bcpkix-jdk18on/1.78.1/bcpkix-jdk18on-1.78.1.jar:/home/runner/.m2/repository/org/bouncycastle/bcutil-jdk18on/1.78.1/bcutil-jdk18on-1.78.1.jar:/home/runner/.m2/repository/org/bouncycastle/bcprov-jdk18on/1.78.1/bcprov-jdk18on-1.78.1.jar:/home/runner/.m2/repository/io/opentelemetry/opentelemetry-api/1.39.0/opentelemetry-api-1.39.0.jar:/home/runner/.m2/repository/io/opentelemetry/opentelemetry-context/1.39.0/opentelemetry-context-1.39.0.jar:/home/runner/.m2/repository/io/opentelemetry/opentelemetry-api-incubator/1.39.0-alpha/opentelemetry-api-incubator-1.39.0-alpha.jar:/home/runner/.m2/repository/com/fasterxml/jackson/core/jackson-annotations/2.17.2/jackson-annotations-2.17.2.jar:/home/runner/.m2/repository/javax/validation/validation-api/1.1.0.Final/validation-api-1.1.0.Final.jar:/home/runner/.m2/repository/io/confluent/kafka-avro-serializer/7.9.0/kafka-avro-serializer-7.9.0.jar:/home/runner/.m2/repository/org/apache/commons/commons-compress/1.27.0/commons-compress-1.27.0.jar:/home/runner/.m2/repository/io/confluent/kafka-schema-serializer/7.9.0/kafka-schema-serializer-7.9.0.jar:/home/runner/.m2/repository/com/fasterxml/jackson/dataformat/jackson-dataformat-csv/2.17.2/jackson-dataformat-csv-2.17.2.jar:/home/runner/.m2/repository/io/confluent/kafka-schema-registry-client/7.9.0/kafka-schema-registry-client-7.9.0.jar:/home/runner/.m2/repository/org/yaml/snakeyaml/2.2/snakeyaml-2.2.jar:/home/runner/.m2/repository/io/swagger/core/v3/swagger-annotations/2.1.10/swagger-annotations-2.1.10.jar:/home/runner/.m2/repository/com/google/guava/guava/33.2.1-jre/guava-33.2.1-jre.jar:/home/runner/.m2/repository/com/google/guava/failureaccess/1.0.1/failureaccess-1.0.1.jar:/home/runner/.m2/repository/org/checkerframework/checker-qual/3.46.0/checker-qual-3.46.0.jar:/home/runner/.m2/repository/io/confluent/logredactor/1.0.12/logredactor-1.0.12.jar:/home/runner/.m2/repository/com/google/re2j/re2j/1.6/re2j-1.6.jar:/home/runner/.m2/repository/io/confluent/logredactor-metrics/1.0.12/logredactor-metrics-1.0.12.jar:/home/runner/.m2/repository/com/eclipsesource/minimal-json/minimal-json/0.9.5/minimal-json-0.9.5.jar:/home/runner/.m2/repository/io/confluent/common-utils/7.9.0/common-utils-7.9.0.jar:/home/runner/.m2/repository/io/confluent/kafka-connect-avro-converter/7.9.0/kafka-connect-avro-converter-7.9.0.jar:/home/runner/.m2/repository/io/confluent/kafka-connect-avro-data/7.9.0/kafka-connect-avro-data-7.9.0.jar:/home/runner/.m2/repository/io/confluent/kafka-schema-converter/7.9.0/kafka-schema-converter-7.9.0.jar:/home/runner/.m2/repository/io/rest-assured/rest-assured/5.5.0/rest-assured-5.5.0.jar:/home/runner/.m2/repository/org/apache/groovy/groovy/4.0.22/groovy-4.0.22.jar:/home/runner/.m2/repository/org/apache/groovy/groovy-xml/4.0.22/groovy-xml-4.0.22.jar:/home/runner/.m2/repository/org/apache/httpcomponents/httpclient/4.5.14/httpclient-4.5.14.jar:/home/runner/.m2/repository/org/apache/httpcomponents/httpcore/4.4.16/httpcore-4.4.16.jar:/home/runner/.m2/repository/org/apache/httpcomponents/httpmime/4.5.14/httpmime-4.5.14.jar:/home/runner/.m2/repository/org/hamcrest/hamcrest/2.2/hamcrest-2.2.jar:/home/runner/.m2/repository/org/ccil/cowan/tagsoup/tagsoup/1.2.1/tagsoup-1.2.1.jar:/home/runner/.m2/repository/io/rest-assured/json-path/5.5.0/json-path-5.5.0.jar:/home/runner/.m2/repository/org/apache/groovy/groovy-json/4.0.22/groovy-json-4.0.22.jar:/home/runner/.m2/repository/io/rest-assured/rest-assured-common/5.5.0/rest-assured-common-5.5.0.jar:/home/runner/.m2/repository/io/rest-assured/xml-path/5.5.0/xml-path-5.5.0.jar:/home/runner/.m2/repository/io/zonky/test/embedded-postgres/2.1.0/embedded-postgres-2.1.0.jar:/home/runner/.m2/repository/io/zonky/test/postgres/embedded-postgres-binaries-windows-amd64/14.15.0/embedded-postgres-binaries-windows-amd64-14.15.0.jar:/home/runner/.m2/repository/io/zonky/test/postgres/embedded-postgres-binaries-darwin-amd64/14.15.0/embedded-postgres-binaries-darwin-amd64-14.15.0.jar:/home/runner/.m2/repository/io/zonky/test/postgres/embedded-postgres-binaries-linux-amd64/14.15.0/embedded-postgres-binaries-linux-amd64-14.15.0.jar:/home/runner/.m2/repository/io/zonky/test/postgres/embedded-postgres-binaries-linux-amd64-alpine/14.15.0/embedded-postgres-binaries-linux-amd64-alpine-14.15.0.jar:/home/runner/.m2/repository/org/apache/commons/commons-lang3/3.14.0/commons-lang3-3.14.0.jar:/home/runner/.m2/repository/org/tukaani/xz/1.10/xz-1.10.jar:/home/runner/.m2/repository/commons-codec/commons-codec/1.18.0/commons-codec-1.18.0.jar:/home/runner/.m2/repository/org/postgresql/postgresql/42.7.4/postgresql-42.7.4.jar:/home/runner/.m2/repository/commons-io/commons-io/2.16.1/commons-io-2.16.1.jar:/home/runner/work/apicurio-testing/apicurio-testing/clusters/ci419/namespaces/kafkasql/tests/integration/apicurio-registry/utils/importexport/target/apicurio-registry-utils-import-export-3.0.9.jar:/home/runner/.m2/repository/io/vertx/vertx-core/4.5.13/vertx-core-4.5.13.jar:/home/runner/.m2/repository/io/netty/netty-common/4.1.118.Final/netty-common-4.1.118.Final.jar:/home/runner/.m2/repository/io/netty/netty-buffer/4.1.118.Final/netty-buffer-4.1.118.Final.jar:/home/runner/.m2/repository/io/netty/netty-transport/4.1.118.Final/netty-transport-4.1.118.Final.jar:/home/runner/.m2/repository/io/netty/netty-handler/4.1.118.Final/netty-handler-4.1.118.Final.jar:/home/runner/.m2/repository/io/netty/netty-transport-native-unix-common/4.1.118.Final/netty-transport-native-unix-common-4.1.118.Final.jar:/home/runner/.m2/repository/io/netty/netty-codec/4.1.118.Final/netty-codec-4.1.118.Final.jar:/home/runner/.m2/repository/io/netty/netty-handler-proxy/4.1.118.Final/netty-handler-proxy-4.1.118.Final.jar:/home/runner/.m2/repository/io/netty/netty-codec-socks/4.1.118.Final/netty-codec-socks-4.1.118.Final.jar:/home/runner/.m2/repository/io/netty/netty-codec-http/4.1.118.Final/netty-codec-http-4.1.118.Final.jar:/home/runner/.m2/repository/io/netty/netty-codec-http2/4.1.118.Final/netty-codec-http2-4.1.118.Final.jar:/home/runner/.m2/repository/io/netty/netty-resolver/4.1.118.Final/netty-resolver-4.1.118.Final.jar:/home/runner/.m2/repository/io/netty/netty-resolver-dns/4.1.118.Final/netty-resolver-dns-4.1.118.Final.jar:/home/runner/.m2/repository/io/netty/netty-codec-dns/4.1.118.Final/netty-codec-dns-4.1.118.Final.jar:/home/runner/.m2/repository/com/fasterxml/jackson/core/jackson-core/2.17.2/jackson-core-2.17.2.jar:"/>
    <property name="sun.cpu.endian" value="little"/>
    <property name="user.home" value="/home/runner"/>
    <property name="user.language" value="en"/>
    <property name="jboss.log-version" value="false"/>
    <property name="java.specification.vendor" value="Oracle Corporation"/>
    <property name="java.version.date" value="2025-07-15"/>
    <property name="java.home" value="/usr/lib/jvm/temurin-17-jdk-amd64"/>
    <property name="file.separator" value="/"/>
    <property name="basedir" value="/home/runner/work/apicurio-testing/apicurio-testing/clusters/ci419/namespaces/kafkasql/tests/integration/apicurio-registry/integration-tests"/>
    <property name="java.vm.compressedOopsMode" value="32-bit"/>
    <property name="line.separator" value="&#10;"/>
    <property name="java.specification.name" value="Java Platform API Specification"/>
    <property name="java.vm.specification.vendor" value="Oracle Corporation"/>
    <property name="quarkus.http.test-host" value="registry-app-kafkasql.apps.ci419.apicurio-testing.org"/>
    <property name="surefire.real.class.path" value="/home/runner/work/apicurio-testing/apicurio-testing/clusters/ci419/namespaces/kafkasql/tests/integration/apicurio-registry/integration-tests/target/surefire/surefirebooter-20250731022515739_3.jar"/>
    <property name="sun.management.compiler" value="HotSpot 64-Bit Tiered Compilers"/>
    <property name="org.eclipse.jetty.http.HttpGenerator.STRICT" value="true"/>
    <property name="java.runtime.version" value="17.0.16+8"/>
    <property name="user.name" value="runner"/>
    <property name="path.separator" value=":"/>
    <property name="os.version" value="6.8.0-1031-azure"/>
    <property name="java.runtime.name" value="OpenJDK Runtime Environment"/>
    <property name="file.encoding" value="UTF-8"/>
    <property name="jnidispatch.path" value="/home/runner/.cache/JNA/temp/jna8688852782419017676.tmp"/>
    <property name="java.vm.name" value="OpenJDK 64-Bit Server VM"/>
    <property name="jna.platform.library.path" value="/usr/lib/x86_64-linux-gnu:/lib/x86_64-linux-gnu:/usr/lib64:/lib64:/usr/lib:/lib:/lib32:/usr/local/lib:/usr/lib/x86_64-linux-gnu/libfakeroot"/>
    <property name="java.vendor.version" value="Temurin-17.0.16+8"/>
    <property name="quarkus.oidc.token-path" value="https://keycloak-kafkasql.apps.ci419.apicurio-testing.org/realms/registry/protocol/openid-connect/token"/>
    <property name="quarkus.http.host" value="registry-app-kafkasql.apps.ci419.apicurio-testing.org"/>
    <property name="localRepository" value="/home/runner/.m2/repository"/>
    <property name="javax.xml.xpath.XPathFactory:http://java.sun.com/jaxp/xpath/dom" value="com.sun.org.apache.xpath.internal.jaxp.XPathFactoryImpl"/>
    <property name="jna.loaded" value="true"/>
    <property name="java.vendor.url.bug" value="https://github.com/adoptium/adoptium-support/issues"/>
    <property name="jetty.git.hash" value="5bc5e562c8d05c5862505aebe5cf83a61bdbcb96"/>
    <property name="java.io.tmpdir" value="/tmp"/>
    <property name="quarkus.http.test-protocol" value="http"/>
    <property name="java.version" value="17.0.16"/>
    <property name="user.dir" value="/home/runner/work/apicurio-testing/apicurio-testing/clusters/ci419/namespaces/kafkasql/tests/integration/apicurio-registry/integration-tests"/>
    <property name="os.arch" value="amd64"/>
    <property name="groups" value="( smoke | serdes | acceptance | ui)"/>
    <property name="java.vm.specification.name" value="Java Virtual Machine Specification"/>
    <property name="native.encoding" value="UTF-8"/>
    <property name="java.util.logging.manager" value="org.jboss.logmanager.LogManager"/>
    <property name="java.library.path" value="/usr/java/packages/lib:/usr/lib64:/lib64:/lib:/usr/lib"/>
    <property name="jdk.console" value="java.base"/>
    <property name="java.vm.info" value="mixed mode, sharing"/>
    <property name="java.vendor" value="Eclipse Adoptium"/>
    <property name="java.vm.version" value="17.0.16+8"/>
    <property name="java.specification.maintenance.version" value="1"/>
    <property name="sun.io.unicode.encoding" value="UnicodeLittle"/>
    <property name="javax.xml.transform.TransformerFactory" value="com.sun.org.apache.xalan.internal.xsltc.trax.TransformerFactoryImpl"/>
    <property name="java.class.version" value="61.0"/>
  </properties>
  <testcase name="testEvolveAvroConfluent" classname="io.apicurio.tests.serdes.confluent.BasicConfluentSerDesIT" time="4.993">
    <system-out><![CDATA[2025-07-31 02:27:07,358 INFO  [io.api.tes.ser.con.BasicConfluentSerDesIT] (main) RestAssured configured with http://registry-app-kafkasql.apps.ci419.apicurio-testing.org:80/apis/registry/v3
2025-07-31 02:27:07,541 INFO  [io.api.tes.ser.con.BasicConfluentSerDesIT] (main) Deleting confluent schema subj_b1a15471_68b6_4c47_88a9_edb4736e7d5a-value
2025-07-31 02:27:07,648 INFO  [io.api.tes.ser.con.BasicConfluentSerDesIT] (main) Deleting confluent schema subj_0381324a_7b0a_44d8_ac33_a93f28ad0d22-value
2025-07-31 02:27:07,718 INFO  [io.api.tes.ser.con.BasicConfluentSerDesIT] (main) Deleting confluent schema subj_34f86c62_cb64_4f10_a75e_63ede02bc7a1-value
2025-07-31 02:27:07,783 INFO  [io.api.tes.ser.con.BasicConfluentSerDesIT] (main) Deleting confluent schema topic-ec55106e_d2b9_4a2d_afd3_136f07d72bb5-value
2025-07-31 02:27:07,848 INFO  [io.api.tes.ser.con.BasicConfluentSerDesIT] (main) Deleting confluent schema topic-ebcdd411_7f17_435f_991d_6fc8d7b3a949-value
2025-07-31 02:27:07,914 INFO  [io.api.tes.ser.con.BasicConfluentSerDesIT] (main) Deleting confluent schema topic-ce564cea_7837_4abb_80a9_da666e6d09fa-value
2025-07-31 02:27:07,981 INFO  [io.api.tes.ser.con.BasicConfluentSerDesIT] (main) Deleting confluent schema topic-68cbc7fc_8671_4190_af7a_ddb4085e002c-value
2025-07-31 02:27:08,046 INFO  [io.api.tes.ser.con.BasicConfluentSerDesIT] (main) Deleting confluent schema topic-e189623d_0e37_4ad4_a3c6_4a84e33a1577-value
2025-07-31 02:27:08,286 INFO  [io.api.tes.ser.con.BasicConfluentSerDesIT] (main) Deleting confluent schema topic-9d948469_09ba_4368_a794_4abddd845289-value
2025-07-31 02:27:08,353 INFO  [io.api.tes.ser.con.BasicConfluentSerDesIT] (main) Deleting confluent schema myrecordconfluent
2025-07-31 02:27:08,418 INFO  [io.api.tes.ser.con.BasicConfluentSerDesIT] (main) Deleting confluent schema topic-e5068aa4_1e59_4037_9e1e_6da7a5b9ed7d
2025-07-31 02:27:08,483 INFO  [io.api.tes.ser.con.BasicConfluentSerDesIT] (main) Deleting confluent schema topic-be69f34a_b4d7_4cf2_be04_2718e868066c-value
2025-07-31 02:27:08,547 INFO  [io.api.tes.ser.con.BasicConfluentSerDesIT] (main) Deleting confluent schema topic-c252fc5b_f5e0_4d1e_b132_068c3df23985
2025-07-31 02:27:08,612 INFO  [io.api.tes.ser.con.BasicConfluentSerDesIT] (main) Deleting confluent schema topic-62a062ff_8650_476e_914b_e60846c53f4d-value
2025-07-31 02:27:08,679 INFO  [io.api.tes.ser.con.BasicConfluentSerDesIT] (main) Deleting confluent schema topic-ab7cffd0_d311_4350_9858_d12b5e6580cc
2025-07-31 02:27:08,759 INFO  [io.api.tes.ser.con.BasicConfluentSerDesIT] (main) Deleting confluent schema google/protobuf/timestamp.proto
2025-07-31 02:27:08,824 INFO  [io.api.tes.ser.con.BasicConfluentSerDesIT] (main) Deleting confluent schema topic-1152b3a6_a9ae_4acc_81bc_dcaf11f84013-value
2025-07-31 02:27:08,890 INFO  [io.api.tes.ser.con.BasicConfluentSerDesIT] (main) Deleting confluent schema topic-ac539eaf_3f19_40c8_ab4e_672346d3aa9c-value
2025-07-31 02:27:08,954 INFO  [io.api.tes.ser.con.BasicConfluentSerDesIT] (main) Deleting confluent schema topic-2b44905c_f8c9_4b76_886c_9a1f0c35f720-value
2025-07-31 02:27:09,019 INFO  [io.api.tes.ser.con.BasicConfluentSerDesIT] (main) Deleting confluent schema topic-717eed79_129f_4d82_ab4f_31c0f6d45a5b-value
2025-07-31 02:27:09,089 INFO  [io.api.tes.uti.KafkaFacade] (main) Skipping deployment of kafka, because it's already deployed
2025-07-31 02:27:09,093 INFO  [io.api.tes.uti.TestSeparator] (main) ############################################################################
2025-07-31 02:27:09,093 INFO  [io.api.tes.uti.TestSeparator] (main) io.apicurio.tests.serdes.confluent.BasicConfluentSerDesIT.testEvolveAvroConfluent-STARTED
2025-07-31 02:27:09,095 INFO  [org.apa.kaf.cli.adm.AdminClientConfig] (main) AdminClientConfig values: 
	auto.include.jmx.reporter = true
	bootstrap.controllers = []
	bootstrap.servers = [PLAINTEXT://localhost:32770]
	client.dns.lookup = use_all_dns_ips
	client.id = 
	connections.max.idle.ms = 10000
	default.api.timeout.ms = 60000
	enable.metrics.push = true
	metadata.max.age.ms = 300000
	metadata.recovery.strategy = none
	metric.reporters = []
	metrics.num.samples = 2
	metrics.recording.level = INFO
	metrics.sample.window.ms = 30000
	receive.buffer.bytes = 65536
	reconnect.backoff.max.ms = 1000
	reconnect.backoff.ms = 50
	request.timeout.ms = 5000
	retries = 2147483647
	retry.backoff.max.ms = 1000
	retry.backoff.ms = 100
	sasl.client.callback.handler.class = null
	sasl.jaas.config = null
	sasl.kerberos.kinit.cmd = /usr/bin/kinit
	sasl.kerberos.min.time.before.relogin = 60000
	sasl.kerberos.service.name = null
	sasl.kerberos.ticket.renew.jitter = 0.05
	sasl.kerberos.ticket.renew.window.factor = 0.8
	sasl.login.callback.handler.class = null
	sasl.login.class = null
	sasl.login.connect.timeout.ms = null
	sasl.login.read.timeout.ms = null
	sasl.login.refresh.buffer.seconds = 300
	sasl.login.refresh.min.period.seconds = 60
	sasl.login.refresh.window.factor = 0.8
	sasl.login.refresh.window.jitter = 0.05
	sasl.login.retry.backoff.max.ms = 10000
	sasl.login.retry.backoff.ms = 100
	sasl.mechanism = GSSAPI
	sasl.oauthbearer.clock.skew.seconds = 30
	sasl.oauthbearer.expected.audience = null
	sasl.oauthbearer.expected.issuer = null
	sasl.oauthbearer.header.urlencode = false
	sasl.oauthbearer.jwks.endpoint.refresh.ms = 3600000
	sasl.oauthbearer.jwks.endpoint.retry.backoff.max.ms = 10000
	sasl.oauthbearer.jwks.endpoint.retry.backoff.ms = 100
	sasl.oauthbearer.jwks.endpoint.url = null
	sasl.oauthbearer.scope.claim.name = scope
	sasl.oauthbearer.sub.claim.name = sub
	sasl.oauthbearer.token.endpoint.url = null
	security.protocol = PLAINTEXT
	security.providers = null
	send.buffer.bytes = 131072
	socket.connection.setup.timeout.max.ms = 30000
	socket.connection.setup.timeout.ms = 10000
	ssl.cipher.suites = null
	ssl.enabled.protocols = [TLSv1.2, TLSv1.3]
	ssl.endpoint.identification.algorithm = https
	ssl.engine.factory.class = null
	ssl.key.password = null
	ssl.keymanager.algorithm = SunX509
	ssl.keystore.certificate.chain = null
	ssl.keystore.key = null
	ssl.keystore.location = null
	ssl.keystore.password = null
	ssl.keystore.type = JKS
	ssl.protocol = TLSv1.3
	ssl.provider = null
	ssl.secure.random.implementation = null
	ssl.trustmanager.algorithm = PKIX
	ssl.truststore.certificates = null
	ssl.truststore.location = null
	ssl.truststore.password = null
	ssl.truststore.type = JKS

2025-07-31 02:27:09,098 INFO  [org.apa.kaf.com.uti.AppInfoParser] (main) Kafka version: 3.9.0
2025-07-31 02:27:09,098 INFO  [org.apa.kaf.com.uti.AppInfoParser] (main) Kafka commitId: 84caaa6e9da06435
2025-07-31 02:27:09,098 INFO  [org.apa.kaf.com.uti.AppInfoParser] (main) Kafka startTimeMs: 1753928829098
2025-07-31 02:27:09,322 INFO  [io.api.tes.ser.con.BasicConfluentSerDesIT] (main) Checking that created schema is equal to the get schema
2025-07-31 02:27:09,371 INFO  [io.api.tes.ser.con.BasicConfluentSerDesIT] (main) Created schema with id:52 and name:s4932c3c3xe637x4c2axa292xe95880f66ea7
2025-07-31 02:27:09,377 INFO  [org.apa.kaf.cli.pro.ProducerConfig] (main) ProducerConfig values: 
	acks = -1
	auto.include.jmx.reporter = true
	batch.size = 16384
	bootstrap.servers = [PLAINTEXT://localhost:32770]
	buffer.memory = 33554432
	client.dns.lookup = use_all_dns_ips
	client.id = Producer-topic-87c83b54_b302_461e_b374_65adb2c4a1d1
	compression.gzip.level = -1
	compression.lz4.level = 9
	compression.type = none
	compression.zstd.level = 3
	connections.max.idle.ms = 10000
	delivery.timeout.ms = 120000
	enable.idempotence = true
	enable.metrics.push = true
	interceptor.classes = []
	key.serializer = class org.apache.kafka.common.serialization.StringSerializer
	linger.ms = 0
	max.block.ms = 60000
	max.in.flight.requests.per.connection = 5
	max.request.size = 1048576
	metadata.max.age.ms = 300000
	metadata.max.idle.ms = 300000
	metadata.recovery.strategy = none
	metric.reporters = []
	metrics.num.samples = 2
	metrics.recording.level = INFO
	metrics.sample.window.ms = 30000
	partitioner.adaptive.partitioning.enable = true
	partitioner.availability.timeout.ms = 0
	partitioner.class = null
	partitioner.ignore.keys = false
	receive.buffer.bytes = 32768
	reconnect.backoff.max.ms = 1000
	reconnect.backoff.ms = 50
	request.timeout.ms = 5000
	retries = 2147483647
	retry.backoff.max.ms = 1000
	retry.backoff.ms = 100
	sasl.client.callback.handler.class = null
	sasl.jaas.config = null
	sasl.kerberos.kinit.cmd = /usr/bin/kinit
	sasl.kerberos.min.time.before.relogin = 60000
	sasl.kerberos.service.name = null
	sasl.kerberos.ticket.renew.jitter = 0.05
	sasl.kerberos.ticket.renew.window.factor = 0.8
	sasl.login.callback.handler.class = null
	sasl.login.class = null
	sasl.login.connect.timeout.ms = null
	sasl.login.read.timeout.ms = null
	sasl.login.refresh.buffer.seconds = 300
	sasl.login.refresh.min.period.seconds = 60
	sasl.login.refresh.window.factor = 0.8
	sasl.login.refresh.window.jitter = 0.05
	sasl.login.retry.backoff.max.ms = 10000
	sasl.login.retry.backoff.ms = 100
	sasl.mechanism = GSSAPI
	sasl.oauthbearer.clock.skew.seconds = 30
	sasl.oauthbearer.expected.audience = null
	sasl.oauthbearer.expected.issuer = null
	sasl.oauthbearer.header.urlencode = false
	sasl.oauthbearer.jwks.endpoint.refresh.ms = 3600000
	sasl.oauthbearer.jwks.endpoint.retry.backoff.max.ms = 10000
	sasl.oauthbearer.jwks.endpoint.retry.backoff.ms = 100
	sasl.oauthbearer.jwks.endpoint.url = null
	sasl.oauthbearer.scope.claim.name = scope
	sasl.oauthbearer.sub.claim.name = sub
	sasl.oauthbearer.token.endpoint.url = null
	security.protocol = PLAINTEXT
	security.providers = null
	send.buffer.bytes = 131072
	socket.connection.setup.timeout.max.ms = 30000
	socket.connection.setup.timeout.ms = 10000
	ssl.cipher.suites = null
	ssl.enabled.protocols = [TLSv1.2, TLSv1.3]
	ssl.endpoint.identification.algorithm = https
	ssl.engine.factory.class = null
	ssl.key.password = null
	ssl.keymanager.algorithm = SunX509
	ssl.keystore.certificate.chain = null
	ssl.keystore.key = null
	ssl.keystore.location = null
	ssl.keystore.password = null
	ssl.keystore.type = JKS
	ssl.protocol = TLSv1.3
	ssl.provider = null
	ssl.secure.random.implementation = null
	ssl.trustmanager.algorithm = PKIX
	ssl.truststore.certificates = null
	ssl.truststore.location = null
	ssl.truststore.password = null
	ssl.truststore.type = JKS
	transaction.timeout.ms = 60000
	transactional.id = null
	value.serializer = class io.confluent.kafka.serializers.KafkaAvroSerializer

2025-07-31 02:27:09,377 INFO  [org.apa.kaf.com.tel.int.KafkaMetricsCollector] (main) initializing Kafka metrics collector
2025-07-31 02:27:09,380 INFO  [io.con.kaf.ser.KafkaAvroSerializerConfig] (main) KafkaAvroSerializerConfig values: 
	auto.register.schemas = false
	avro.reflection.allow.null = false
	avro.remove.java.properties = false
	avro.use.logical.type.converters = false
	basic.auth.credentials.source = URL
	basic.auth.user.info = [hidden]
	bearer.auth.cache.expiry.buffer.seconds = 300
	bearer.auth.client.id = null
	bearer.auth.client.secret = null
	bearer.auth.credentials.source = STATIC_TOKEN
	bearer.auth.custom.provider.class = null
	bearer.auth.identity.pool.id = null
	bearer.auth.issuer.endpoint.url = null
	bearer.auth.logical.cluster = null
	bearer.auth.scope = null
	bearer.auth.scope.claim.name = scope
	bearer.auth.sub.claim.name = sub
	bearer.auth.token = [hidden]
	context.name.strategy = class io.confluent.kafka.serializers.context.NullContextNameStrategy
	http.connect.timeout.ms = 60000
	http.read.timeout.ms = 60000
	id.compatibility.strict = true
	key.subject.name.strategy = class io.confluent.kafka.serializers.subject.TopicNameStrategy
	latest.cache.size = 1000
	latest.cache.ttl.sec = -1
	latest.compatibility.strict = true
	max.retries = 3
	max.schemas.per.subject = 1000
	normalize.schemas = false
	propagate.schema.tags = false
	proxy.host = 
	proxy.port = -1
	retries.max.wait.ms = 20000
	retries.wait.ms = 1000
	rule.actions = []
	rule.executors = []
	rule.service.loader.enable = true
	schema.format = null
	schema.reflection = false
	schema.registry.basic.auth.user.info = [hidden]
	schema.registry.ssl.cipher.suites = null
	schema.registry.ssl.enabled.protocols = [TLSv1.2, TLSv1.3]
	schema.registry.ssl.endpoint.identification.algorithm = https
	schema.registry.ssl.engine.factory.class = null
	schema.registry.ssl.key.password = null
	schema.registry.ssl.keymanager.algorithm = SunX509
	schema.registry.ssl.keystore.certificate.chain = null
	schema.registry.ssl.keystore.key = null
	schema.registry.ssl.keystore.location = null
	schema.registry.ssl.keystore.password = null
	schema.registry.ssl.keystore.type = JKS
	schema.registry.ssl.protocol = TLSv1.3
	schema.registry.ssl.provider = null
	schema.registry.ssl.secure.random.implementation = null
	schema.registry.ssl.trustmanager.algorithm = PKIX
	schema.registry.ssl.truststore.certificates = null
	schema.registry.ssl.truststore.location = null
	schema.registry.ssl.truststore.password = null
	schema.registry.ssl.truststore.type = JKS
	schema.registry.url = [http://registry-app-kafkasql.apps.ci419.apicurio-testing.org:80/apis/ccompat/v7]
	use.latest.version = false
	use.latest.with.metadata = null
	use.schema.id = -1
	value.subject.name.strategy = class io.confluent.kafka.serializers.subject.TopicRecordNameStrategy

2025-07-31 02:27:09,396 INFO  [org.apa.kaf.cli.pro.KafkaProducer] (main) [Producer clientId=Producer-topic-87c83b54_b302_461e_b374_65adb2c4a1d1] Instantiated an idempotent producer.
2025-07-31 02:27:09,399 INFO  [org.apa.kaf.cli.pro.ProducerConfig] (main) These configurations '[schema.registry.url, auto.register.schemas, value.subject.name.strategy]' were supplied but are not used yet.
2025-07-31 02:27:09,400 INFO  [org.apa.kaf.com.uti.AppInfoParser] (main) Kafka version: 3.9.0
2025-07-31 02:27:09,400 INFO  [org.apa.kaf.com.uti.AppInfoParser] (main) Kafka commitId: 84caaa6e9da06435
2025-07-31 02:27:09,400 INFO  [org.apa.kaf.com.uti.AppInfoParser] (main) Kafka startTimeMs: 1753928829400
2025-07-31 02:27:09,404 INFO  [org.apa.kaf.cli.con.ConsumerConfig] (main) ConsumerConfig values: 
	allow.auto.create.topics = true
	auto.commit.interval.ms = 500
	auto.include.jmx.reporter = true
	auto.offset.reset = earliest
	bootstrap.servers = [PLAINTEXT://localhost:32770]
	check.crcs = true
	client.dns.lookup = use_all_dns_ips
	client.id = consumer-Consumer-topic-87c83b54_b302_461e_b374_65adb2c4a1d1-27
	client.rack = 
	connections.max.idle.ms = 10000
	default.api.timeout.ms = 60000
	enable.auto.commit = true
	enable.metrics.push = true
	exclude.internal.topics = true
	fetch.max.bytes = 52428800
	fetch.max.wait.ms = 500
	fetch.min.bytes = 1
	group.id = Consumer-topic-87c83b54_b302_461e_b374_65adb2c4a1d1
	group.instance.id = null
	group.protocol = classic
	group.remote.assignor = null
	heartbeat.interval.ms = 3000
	interceptor.classes = []
	internal.leave.group.on.close = true
	internal.throw.on.fetch.stable.offset.unsupported = false
	isolation.level = read_uncommitted
	key.deserializer = class org.apache.kafka.common.serialization.StringDeserializer
	max.partition.fetch.bytes = 1048576
	max.poll.interval.ms = 300000
	max.poll.records = 500
	metadata.max.age.ms = 300000
	metadata.recovery.strategy = none
	metric.reporters = []
	metrics.num.samples = 2
	metrics.recording.level = INFO
	metrics.sample.window.ms = 30000
	partition.assignment.strategy = [class org.apache.kafka.clients.consumer.RangeAssignor, class org.apache.kafka.clients.consumer.CooperativeStickyAssignor]
	receive.buffer.bytes = 65536
	reconnect.backoff.max.ms = 1000
	reconnect.backoff.ms = 50
	request.timeout.ms = 5000
	retry.backoff.max.ms = 1000
	retry.backoff.ms = 100
	sasl.client.callback.handler.class = null
	sasl.jaas.config = null
	sasl.kerberos.kinit.cmd = /usr/bin/kinit
	sasl.kerberos.min.time.before.relogin = 60000
	sasl.kerberos.service.name = null
	sasl.kerberos.ticket.renew.jitter = 0.05
	sasl.kerberos.ticket.renew.window.factor = 0.8
	sasl.login.callback.handler.class = null
	sasl.login.class = null
	sasl.login.connect.timeout.ms = null
	sasl.login.read.timeout.ms = null
	sasl.login.refresh.buffer.seconds = 300
	sasl.login.refresh.min.period.seconds = 60
	sasl.login.refresh.window.factor = 0.8
	sasl.login.refresh.window.jitter = 0.05
	sasl.login.retry.backoff.max.ms = 10000
	sasl.login.retry.backoff.ms = 100
	sasl.mechanism = GSSAPI
	sasl.oauthbearer.clock.skew.seconds = 30
	sasl.oauthbearer.expected.audience = null
	sasl.oauthbearer.expected.issuer = null
	sasl.oauthbearer.header.urlencode = false
	sasl.oauthbearer.jwks.endpoint.refresh.ms = 3600000
	sasl.oauthbearer.jwks.endpoint.retry.backoff.max.ms = 10000
	sasl.oauthbearer.jwks.endpoint.retry.backoff.ms = 100
	sasl.oauthbearer.jwks.endpoint.url = null
	sasl.oauthbearer.scope.claim.name = scope
	sasl.oauthbearer.sub.claim.name = sub
	sasl.oauthbearer.token.endpoint.url = null
	security.protocol = PLAINTEXT
	security.providers = null
	send.buffer.bytes = 131072
	session.timeout.ms = 45000
	socket.connection.setup.timeout.max.ms = 30000
	socket.connection.setup.timeout.ms = 10000
	ssl.cipher.suites = null
	ssl.enabled.protocols = [TLSv1.2, TLSv1.3]
	ssl.endpoint.identification.algorithm = https
	ssl.engine.factory.class = null
	ssl.key.password = null
	ssl.keymanager.algorithm = SunX509
	ssl.keystore.certificate.chain = null
	ssl.keystore.key = null
	ssl.keystore.location = null
	ssl.keystore.password = null
	ssl.keystore.type = JKS
	ssl.protocol = TLSv1.3
	ssl.provider = null
	ssl.secure.random.implementation = null
	ssl.trustmanager.algorithm = PKIX
	ssl.truststore.certificates = null
	ssl.truststore.location = null
	ssl.truststore.password = null
	ssl.truststore.type = JKS
	value.deserializer = class io.confluent.kafka.serializers.KafkaAvroDeserializer

2025-07-31 02:27:09,404 INFO  [org.apa.kaf.com.tel.int.KafkaMetricsCollector] (main) initializing Kafka metrics collector
2025-07-31 02:27:09,405 INFO  [org.apa.kaf.cli.Metadata] (kafka-producer-network-thread | Producer-topic-87c83b54_b302_461e_b374_65adb2c4a1d1) [Producer clientId=Producer-topic-87c83b54_b302_461e_b374_65adb2c4a1d1] Cluster ID: MA4G_e_SRU2vGr9gzyfJLg
2025-07-31 02:27:09,405 INFO  [org.apa.kaf.cli.pro.int.TransactionManager] (kafka-producer-network-thread | Producer-topic-87c83b54_b302_461e_b374_65adb2c4a1d1) [Producer clientId=Producer-topic-87c83b54_b302_461e_b374_65adb2c4a1d1] ProducerId set to 36 with epoch 0
2025-07-31 02:27:09,407 INFO  [io.con.kaf.ser.KafkaAvroDeserializerConfig] (main) KafkaAvroDeserializerConfig values: 
	auto.register.schemas = true
	avro.reflection.allow.null = false
	avro.use.logical.type.converters = false
	basic.auth.credentials.source = URL
	basic.auth.user.info = [hidden]
	bearer.auth.cache.expiry.buffer.seconds = 300
	bearer.auth.client.id = null
	bearer.auth.client.secret = null
	bearer.auth.credentials.source = STATIC_TOKEN
	bearer.auth.custom.provider.class = null
	bearer.auth.identity.pool.id = null
	bearer.auth.issuer.endpoint.url = null
	bearer.auth.logical.cluster = null
	bearer.auth.scope = null
	bearer.auth.scope.claim.name = scope
	bearer.auth.sub.claim.name = sub
	bearer.auth.token = [hidden]
	context.name.strategy = class io.confluent.kafka.serializers.context.NullContextNameStrategy
	http.connect.timeout.ms = 60000
	http.read.timeout.ms = 60000
	id.compatibility.strict = true
	key.subject.name.strategy = class io.confluent.kafka.serializers.subject.TopicNameStrategy
	latest.cache.size = 1000
	latest.cache.ttl.sec = -1
	latest.compatibility.strict = true
	max.retries = 3
	max.schemas.per.subject = 1000
	normalize.schemas = false
	propagate.schema.tags = false
	proxy.host = 
	proxy.port = -1
	retries.max.wait.ms = 20000
	retries.wait.ms = 1000
	rule.actions = []
	rule.executors = []
	rule.service.loader.enable = true
	schema.format = null
	schema.reflection = false
	schema.registry.basic.auth.user.info = [hidden]
	schema.registry.ssl.cipher.suites = null
	schema.registry.ssl.enabled.protocols = [TLSv1.2, TLSv1.3]
	schema.registry.ssl.endpoint.identification.algorithm = https
	schema.registry.ssl.engine.factory.class = null
	schema.registry.ssl.key.password = null
	schema.registry.ssl.keymanager.algorithm = SunX509
	schema.registry.ssl.keystore.certificate.chain = null
	schema.registry.ssl.keystore.key = null
	schema.registry.ssl.keystore.location = null
	schema.registry.ssl.keystore.password = null
	schema.registry.ssl.keystore.type = JKS
	schema.registry.ssl.protocol = TLSv1.3
	schema.registry.ssl.provider = null
	schema.registry.ssl.secure.random.implementation = null
	schema.registry.ssl.trustmanager.algorithm = PKIX
	schema.registry.ssl.truststore.certificates = null
	schema.registry.ssl.truststore.location = null
	schema.registry.ssl.truststore.password = null
	schema.registry.ssl.truststore.type = JKS
	schema.registry.url = [http://registry-app-kafkasql.apps.ci419.apicurio-testing.org:80/apis/ccompat/v7]
	specific.avro.key.type = null
	specific.avro.reader = false
	specific.avro.value.type = null
	use.latest.version = false
	use.latest.with.metadata = null
	use.schema.id = -1
	value.subject.name.strategy = class io.confluent.kafka.serializers.subject.TopicNameStrategy

2025-07-31 02:27:09,408 INFO  [io.con.kaf.ser.KafkaAvroDeserializerConfig] (main) KafkaAvroDeserializerConfig values: 
	auto.register.schemas = true
	avro.reflection.allow.null = false
	avro.use.logical.type.converters = false
	basic.auth.credentials.source = URL
	basic.auth.user.info = [hidden]
	bearer.auth.cache.expiry.buffer.seconds = 300
	bearer.auth.client.id = null
	bearer.auth.client.secret = null
	bearer.auth.credentials.source = STATIC_TOKEN
	bearer.auth.custom.provider.class = null
	bearer.auth.identity.pool.id = null
	bearer.auth.issuer.endpoint.url = null
	bearer.auth.logical.cluster = null
	bearer.auth.scope = null
	bearer.auth.scope.claim.name = scope
	bearer.auth.sub.claim.name = sub
	bearer.auth.token = [hidden]
	context.name.strategy = class io.confluent.kafka.serializers.context.NullContextNameStrategy
	http.connect.timeout.ms = 60000
	http.read.timeout.ms = 60000
	id.compatibility.strict = true
	key.subject.name.strategy = class io.confluent.kafka.serializers.subject.TopicNameStrategy
	latest.cache.size = 1000
	latest.cache.ttl.sec = -1
	latest.compatibility.strict = true
	max.retries = 3
	max.schemas.per.subject = 1000
	normalize.schemas = false
	propagate.schema.tags = false
	proxy.host = 
	proxy.port = -1
	retries.max.wait.ms = 20000
	retries.wait.ms = 1000
	rule.actions = []
	rule.executors = []
	rule.service.loader.enable = true
	schema.format = null
	schema.reflection = false
	schema.registry.basic.auth.user.info = [hidden]
	schema.registry.ssl.cipher.suites = null
	schema.registry.ssl.enabled.protocols = [TLSv1.2, TLSv1.3]
	schema.registry.ssl.endpoint.identification.algorithm = https
	schema.registry.ssl.engine.factory.class = null
	schema.registry.ssl.key.password = null
	schema.registry.ssl.keymanager.algorithm = SunX509
	schema.registry.ssl.keystore.certificate.chain = null
	schema.registry.ssl.keystore.key = null
	schema.registry.ssl.keystore.location = null
	schema.registry.ssl.keystore.password = null
	schema.registry.ssl.keystore.type = JKS
	schema.registry.ssl.protocol = TLSv1.3
	schema.registry.ssl.provider = null
	schema.registry.ssl.secure.random.implementation = null
	schema.registry.ssl.trustmanager.algorithm = PKIX
	schema.registry.ssl.truststore.certificates = null
	schema.registry.ssl.truststore.location = null
	schema.registry.ssl.truststore.password = null
	schema.registry.ssl.truststore.type = JKS
	schema.registry.url = [http://registry-app-kafkasql.apps.ci419.apicurio-testing.org:80/apis/ccompat/v7]
	specific.avro.key.type = null
	specific.avro.reader = false
	specific.avro.value.type = null
	use.latest.version = false
	use.latest.with.metadata = null
	use.schema.id = -1
	value.subject.name.strategy = class io.confluent.kafka.serializers.subject.TopicNameStrategy

2025-07-31 02:27:09,411 INFO  [org.apa.kaf.cli.con.ConsumerConfig] (main) These configurations '[schema.registry.url]' were supplied but are not used yet.
2025-07-31 02:27:09,411 INFO  [org.apa.kaf.com.uti.AppInfoParser] (main) Kafka version: 3.9.0
2025-07-31 02:27:09,411 INFO  [org.apa.kaf.com.uti.AppInfoParser] (main) Kafka commitId: 84caaa6e9da06435
2025-07-31 02:27:09,411 INFO  [org.apa.kaf.com.uti.AppInfoParser] (main) Kafka startTimeMs: 1753928829411
2025-07-31 02:27:09,413 INFO  [io.api.tes.ser.api.KafkaSerdesTester] (Thread-347) Sending message {"key1": "value-0"} to topic topic-87c83b54_b302_461e_b374_65adb2c4a1d1
2025-07-31 02:27:09,477 INFO  [io.api.tes.ser.api.KafkaSerdesTester] (Thread-347) Sending message {"key1": "value-1"} to topic topic-87c83b54_b302_461e_b374_65adb2c4a1d1
2025-07-31 02:27:09,478 INFO  [io.api.tes.ser.api.KafkaSerdesTester] (Thread-347) Sending message {"key1": "value-2"} to topic topic-87c83b54_b302_461e_b374_65adb2c4a1d1
2025-07-31 02:27:09,479 INFO  [io.api.tes.ser.api.KafkaSerdesTester] (Thread-347) Sending message {"key1": "value-3"} to topic topic-87c83b54_b302_461e_b374_65adb2c4a1d1
2025-07-31 02:27:09,480 INFO  [io.api.tes.ser.api.KafkaSerdesTester] (Thread-347) Sending message {"key1": "value-4"} to topic topic-87c83b54_b302_461e_b374_65adb2c4a1d1
2025-07-31 02:27:09,481 INFO  [io.api.tes.ser.api.KafkaSerdesTester] (Thread-347) Sending message {"key1": "value-5"} to topic topic-87c83b54_b302_461e_b374_65adb2c4a1d1
2025-07-31 02:27:09,482 INFO  [io.api.tes.ser.api.KafkaSerdesTester] (Thread-347) Sending message {"key1": "value-6"} to topic topic-87c83b54_b302_461e_b374_65adb2c4a1d1
2025-07-31 02:27:09,485 INFO  [io.api.tes.ser.api.KafkaSerdesTester] (Thread-347) Sending message {"key1": "value-7"} to topic topic-87c83b54_b302_461e_b374_65adb2c4a1d1
2025-07-31 02:27:09,487 INFO  [io.api.tes.ser.api.KafkaSerdesTester] (Thread-347) Sending message {"key1": "value-8"} to topic topic-87c83b54_b302_461e_b374_65adb2c4a1d1
2025-07-31 02:27:09,489 INFO  [io.api.tes.ser.api.KafkaSerdesTester] (Thread-347) Sending message {"key1": "value-9"} to topic topic-87c83b54_b302_461e_b374_65adb2c4a1d1
2025-07-31 02:27:09,490 INFO  [io.api.tes.ser.api.KafkaSerdesTester] (Thread-347) Produced 10 messages
2025-07-31 02:27:09,490 INFO  [org.apa.kaf.cli.pro.KafkaProducer] (Thread-347) [Producer clientId=Producer-topic-87c83b54_b302_461e_b374_65adb2c4a1d1] Closing the Kafka producer with timeoutMillis = 9223372036854775807 ms.
2025-07-31 02:27:09,492 INFO  [org.apa.kaf.com.met.Metrics] (Thread-347) Metrics scheduler closed
2025-07-31 02:27:09,492 INFO  [org.apa.kaf.com.met.Metrics] (Thread-347) Closing reporter org.apache.kafka.common.metrics.JmxReporter
2025-07-31 02:27:09,492 INFO  [org.apa.kaf.com.met.Metrics] (Thread-347) Closing reporter org.apache.kafka.common.telemetry.internals.ClientTelemetryReporter
2025-07-31 02:27:09,492 INFO  [org.apa.kaf.com.met.Metrics] (Thread-347) Metrics reporters closed
2025-07-31 02:27:09,492 INFO  [org.apa.kaf.com.uti.AppInfoParser] (Thread-347) App info kafka.producer for Producer-topic-87c83b54_b302_461e_b374_65adb2c4a1d1 unregistered
2025-07-31 02:27:09,493 INFO  [org.apa.kaf.cli.con.int.ClassicKafkaConsumer] (Thread-348) [Consumer clientId=consumer-Consumer-topic-87c83b54_b302_461e_b374_65adb2c4a1d1-27, groupId=Consumer-topic-87c83b54_b302_461e_b374_65adb2c4a1d1] Subscribed to topic(s): topic-87c83b54_b302_461e_b374_65adb2c4a1d1
2025-07-31 02:27:09,497 INFO  [org.apa.kaf.cli.Metadata] (Thread-348) [Consumer clientId=consumer-Consumer-topic-87c83b54_b302_461e_b374_65adb2c4a1d1-27, groupId=Consumer-topic-87c83b54_b302_461e_b374_65adb2c4a1d1] Cluster ID: MA4G_e_SRU2vGr9gzyfJLg
2025-07-31 02:27:09,497 INFO  [org.apa.kaf.cli.con.int.ConsumerCoordinator] (Thread-348) [Consumer clientId=consumer-Consumer-topic-87c83b54_b302_461e_b374_65adb2c4a1d1-27, groupId=Consumer-topic-87c83b54_b302_461e_b374_65adb2c4a1d1] Discovered group coordinator localhost:32770 (id: 2147483647 rack: null)
2025-07-31 02:27:09,500 INFO  [org.apa.kaf.cli.con.int.ConsumerCoordinator] (Thread-348) [Consumer clientId=consumer-Consumer-topic-87c83b54_b302_461e_b374_65adb2c4a1d1-27, groupId=Consumer-topic-87c83b54_b302_461e_b374_65adb2c4a1d1] (Re-)joining group
2025-07-31 02:27:09,503 INFO  [org.apa.kaf.cli.con.int.ConsumerCoordinator] (Thread-348) [Consumer clientId=consumer-Consumer-topic-87c83b54_b302_461e_b374_65adb2c4a1d1-27, groupId=Consumer-topic-87c83b54_b302_461e_b374_65adb2c4a1d1] Request joining group due to: need to re-join with the given member-id: consumer-Consumer-topic-87c83b54_b302_461e_b374_65adb2c4a1d1-27-fc0d6d30-1dde-4a7a-9e44-61d065008c50
2025-07-31 02:27:09,503 INFO  [org.apa.kaf.cli.con.int.ConsumerCoordinator] (Thread-348) [Consumer clientId=consumer-Consumer-topic-87c83b54_b302_461e_b374_65adb2c4a1d1-27, groupId=Consumer-topic-87c83b54_b302_461e_b374_65adb2c4a1d1] (Re-)joining group
2025-07-31 02:27:09,505 INFO  [org.apa.kaf.cli.con.int.ConsumerCoordinator] (Thread-348) [Consumer clientId=consumer-Consumer-topic-87c83b54_b302_461e_b374_65adb2c4a1d1-27, groupId=Consumer-topic-87c83b54_b302_461e_b374_65adb2c4a1d1] Successfully joined group with generation Generation{generationId=1, memberId='consumer-Consumer-topic-87c83b54_b302_461e_b374_65adb2c4a1d1-27-fc0d6d30-1dde-4a7a-9e44-61d065008c50', protocol='range'}
2025-07-31 02:27:09,505 INFO  [org.apa.kaf.cli.con.int.ConsumerCoordinator] (Thread-348) [Consumer clientId=consumer-Consumer-topic-87c83b54_b302_461e_b374_65adb2c4a1d1-27, groupId=Consumer-topic-87c83b54_b302_461e_b374_65adb2c4a1d1] Finished assignment for group at generation 1: {consumer-Consumer-topic-87c83b54_b302_461e_b374_65adb2c4a1d1-27-fc0d6d30-1dde-4a7a-9e44-61d065008c50=Assignment(partitions=[topic-87c83b54_b302_461e_b374_65adb2c4a1d1-0])}
2025-07-31 02:27:09,508 INFO  [org.apa.kaf.cli.con.int.ConsumerCoordinator] (Thread-348) [Consumer clientId=consumer-Consumer-topic-87c83b54_b302_461e_b374_65adb2c4a1d1-27, groupId=Consumer-topic-87c83b54_b302_461e_b374_65adb2c4a1d1] Successfully synced group in generation Generation{generationId=1, memberId='consumer-Consumer-topic-87c83b54_b302_461e_b374_65adb2c4a1d1-27-fc0d6d30-1dde-4a7a-9e44-61d065008c50', protocol='range'}
2025-07-31 02:27:09,508 INFO  [org.apa.kaf.cli.con.int.ConsumerCoordinator] (Thread-348) [Consumer clientId=consumer-Consumer-topic-87c83b54_b302_461e_b374_65adb2c4a1d1-27, groupId=Consumer-topic-87c83b54_b302_461e_b374_65adb2c4a1d1] Notifying assignor about the new Assignment(partitions=[topic-87c83b54_b302_461e_b374_65adb2c4a1d1-0])
2025-07-31 02:27:09,508 INFO  [org.apa.kaf.cli.con.int.ConsumerRebalanceListenerInvoker] (Thread-348) [Consumer clientId=consumer-Consumer-topic-87c83b54_b302_461e_b374_65adb2c4a1d1-27, groupId=Consumer-topic-87c83b54_b302_461e_b374_65adb2c4a1d1] Adding newly assigned partitions: topic-87c83b54_b302_461e_b374_65adb2c4a1d1-0
2025-07-31 02:27:09,509 INFO  [org.apa.kaf.cli.con.int.ConsumerCoordinator] (Thread-348) [Consumer clientId=consumer-Consumer-topic-87c83b54_b302_461e_b374_65adb2c4a1d1-27, groupId=Consumer-topic-87c83b54_b302_461e_b374_65adb2c4a1d1] Found no committed offset for partition topic-87c83b54_b302_461e_b374_65adb2c4a1d1-0
2025-07-31 02:27:09,513 INFO  [org.apa.kaf.cli.con.int.SubscriptionState] (Thread-348) [Consumer clientId=consumer-Consumer-topic-87c83b54_b302_461e_b374_65adb2c4a1d1-27, groupId=Consumer-topic-87c83b54_b302_461e_b374_65adb2c4a1d1] Resetting offset for partition topic-87c83b54_b302_461e_b374_65adb2c4a1d1-0 to position FetchPosition{offset=0, offsetEpoch=Optional.empty, currentLeader=LeaderAndEpoch{leader=Optional[localhost:32770 (id: 0 rack: null)], epoch=0}}.
2025-07-31 02:27:09,559 INFO  [io.api.tes.ser.api.KafkaSerdesTester] (Thread-348) topic-87c83b54_b302_461e_b374_65adb2c4a1d1 0 0 {"key1": "value-0"}
2025-07-31 02:27:09,560 INFO  [io.api.tes.ser.api.KafkaSerdesTester] (Thread-348) topic-87c83b54_b302_461e_b374_65adb2c4a1d1 0 1 {"key1": "value-1"}
2025-07-31 02:27:09,560 INFO  [io.api.tes.ser.api.KafkaSerdesTester] (Thread-348) topic-87c83b54_b302_461e_b374_65adb2c4a1d1 0 2 {"key1": "value-2"}
2025-07-31 02:27:09,560 INFO  [io.api.tes.ser.api.KafkaSerdesTester] (Thread-348) topic-87c83b54_b302_461e_b374_65adb2c4a1d1 0 3 {"key1": "value-3"}
2025-07-31 02:27:09,560 INFO  [io.api.tes.ser.api.KafkaSerdesTester] (Thread-348) topic-87c83b54_b302_461e_b374_65adb2c4a1d1 0 4 {"key1": "value-4"}
2025-07-31 02:27:09,560 INFO  [io.api.tes.ser.api.KafkaSerdesTester] (Thread-348) topic-87c83b54_b302_461e_b374_65adb2c4a1d1 0 5 {"key1": "value-5"}
2025-07-31 02:27:09,560 INFO  [io.api.tes.ser.api.KafkaSerdesTester] (Thread-348) topic-87c83b54_b302_461e_b374_65adb2c4a1d1 0 6 {"key1": "value-6"}
2025-07-31 02:27:09,560 INFO  [io.api.tes.ser.api.KafkaSerdesTester] (Thread-348) topic-87c83b54_b302_461e_b374_65adb2c4a1d1 0 7 {"key1": "value-7"}
2025-07-31 02:27:09,560 INFO  [io.api.tes.ser.api.KafkaSerdesTester] (Thread-348) topic-87c83b54_b302_461e_b374_65adb2c4a1d1 0 8 {"key1": "value-8"}
2025-07-31 02:27:09,560 INFO  [io.api.tes.ser.api.KafkaSerdesTester] (Thread-348) topic-87c83b54_b302_461e_b374_65adb2c4a1d1 0 9 {"key1": "value-9"}
2025-07-31 02:27:09,560 INFO  [io.api.tes.ser.api.KafkaSerdesTester] (Thread-348) Consumed 10 messages
2025-07-31 02:27:09,564 INFO  [org.apa.kaf.cli.con.int.ConsumerRebalanceListenerInvoker] (Thread-348) [Consumer clientId=consumer-Consumer-topic-87c83b54_b302_461e_b374_65adb2c4a1d1-27, groupId=Consumer-topic-87c83b54_b302_461e_b374_65adb2c4a1d1] Revoke previously assigned partitions topic-87c83b54_b302_461e_b374_65adb2c4a1d1-0
2025-07-31 02:27:09,564 INFO  [org.apa.kaf.cli.con.int.ConsumerCoordinator] (Thread-348) [Consumer clientId=consumer-Consumer-topic-87c83b54_b302_461e_b374_65adb2c4a1d1-27, groupId=Consumer-topic-87c83b54_b302_461e_b374_65adb2c4a1d1] Member consumer-Consumer-topic-87c83b54_b302_461e_b374_65adb2c4a1d1-27-fc0d6d30-1dde-4a7a-9e44-61d065008c50 sending LeaveGroup request to coordinator localhost:32770 (id: 2147483647 rack: null) due to the consumer is being closed
2025-07-31 02:27:09,565 INFO  [org.apa.kaf.cli.con.int.ConsumerCoordinator] (Thread-348) [Consumer clientId=consumer-Consumer-topic-87c83b54_b302_461e_b374_65adb2c4a1d1-27, groupId=Consumer-topic-87c83b54_b302_461e_b374_65adb2c4a1d1] Resetting generation and member id due to: consumer pro-actively leaving the group
2025-07-31 02:27:09,565 INFO  [org.apa.kaf.cli.con.int.ConsumerCoordinator] (Thread-348) [Consumer clientId=consumer-Consumer-topic-87c83b54_b302_461e_b374_65adb2c4a1d1-27, groupId=Consumer-topic-87c83b54_b302_461e_b374_65adb2c4a1d1] Request joining group due to: consumer pro-actively leaving the group
2025-07-31 02:27:10,062 INFO  [org.apa.kaf.com.met.Metrics] (Thread-348) Metrics scheduler closed
2025-07-31 02:27:10,062 INFO  [org.apa.kaf.com.met.Metrics] (Thread-348) Closing reporter org.apache.kafka.common.metrics.JmxReporter
2025-07-31 02:27:10,062 INFO  [org.apa.kaf.com.met.Metrics] (Thread-348) Closing reporter org.apache.kafka.common.telemetry.internals.ClientTelemetryReporter
2025-07-31 02:27:10,062 INFO  [org.apa.kaf.com.met.Metrics] (Thread-348) Metrics reporters closed
2025-07-31 02:27:10,064 INFO  [org.apa.kaf.com.uti.AppInfoParser] (Thread-348) App info kafka.consumer for consumer-Consumer-topic-87c83b54_b302_461e_b374_65adb2c4a1d1-27 unregistered
2025-07-31 02:27:11,178 INFO  [org.apa.kaf.cli.pro.ProducerConfig] (main) ProducerConfig values: 
	acks = -1
	auto.include.jmx.reporter = true
	batch.size = 16384
	bootstrap.servers = [PLAINTEXT://localhost:32770]
	buffer.memory = 33554432
	client.dns.lookup = use_all_dns_ips
	client.id = Producer-topic-87c83b54_b302_461e_b374_65adb2c4a1d1
	compression.gzip.level = -1
	compression.lz4.level = 9
	compression.type = none
	compression.zstd.level = 3
	connections.max.idle.ms = 10000
	delivery.timeout.ms = 120000
	enable.idempotence = true
	enable.metrics.push = true
	interceptor.classes = []
	key.serializer = class org.apache.kafka.common.serialization.StringSerializer
	linger.ms = 0
	max.block.ms = 60000
	max.in.flight.requests.per.connection = 5
	max.request.size = 1048576
	metadata.max.age.ms = 300000
	metadata.max.idle.ms = 300000
	metadata.recovery.strategy = none
	metric.reporters = []
	metrics.num.samples = 2
	metrics.recording.level = INFO
	metrics.sample.window.ms = 30000
	partitioner.adaptive.partitioning.enable = true
	partitioner.availability.timeout.ms = 0
	partitioner.class = null
	partitioner.ignore.keys = false
	receive.buffer.bytes = 32768
	reconnect.backoff.max.ms = 1000
	reconnect.backoff.ms = 50
	request.timeout.ms = 5000
	retries = 2147483647
	retry.backoff.max.ms = 1000
	retry.backoff.ms = 100
	sasl.client.callback.handler.class = null
	sasl.jaas.config = null
	sasl.kerberos.kinit.cmd = /usr/bin/kinit
	sasl.kerberos.min.time.before.relogin = 60000
	sasl.kerberos.service.name = null
	sasl.kerberos.ticket.renew.jitter = 0.05
	sasl.kerberos.ticket.renew.window.factor = 0.8
	sasl.login.callback.handler.class = null
	sasl.login.class = null
	sasl.login.connect.timeout.ms = null
	sasl.login.read.timeout.ms = null
	sasl.login.refresh.buffer.seconds = 300
	sasl.login.refresh.min.period.seconds = 60
	sasl.login.refresh.window.factor = 0.8
	sasl.login.refresh.window.jitter = 0.05
	sasl.login.retry.backoff.max.ms = 10000
	sasl.login.retry.backoff.ms = 100
	sasl.mechanism = GSSAPI
	sasl.oauthbearer.clock.skew.seconds = 30
	sasl.oauthbearer.expected.audience = null
	sasl.oauthbearer.expected.issuer = null
	sasl.oauthbearer.header.urlencode = false
	sasl.oauthbearer.jwks.endpoint.refresh.ms = 3600000
	sasl.oauthbearer.jwks.endpoint.retry.backoff.max.ms = 10000
	sasl.oauthbearer.jwks.endpoint.retry.backoff.ms = 100
	sasl.oauthbearer.jwks.endpoint.url = null
	sasl.oauthbearer.scope.claim.name = scope
	sasl.oauthbearer.sub.claim.name = sub
	sasl.oauthbearer.token.endpoint.url = null
	security.protocol = PLAINTEXT
	security.providers = null
	send.buffer.bytes = 131072
	socket.connection.setup.timeout.max.ms = 30000
	socket.connection.setup.timeout.ms = 10000
	ssl.cipher.suites = null
	ssl.enabled.protocols = [TLSv1.2, TLSv1.3]
	ssl.endpoint.identification.algorithm = https
	ssl.engine.factory.class = null
	ssl.key.password = null
	ssl.keymanager.algorithm = SunX509
	ssl.keystore.certificate.chain = null
	ssl.keystore.key = null
	ssl.keystore.location = null
	ssl.keystore.password = null
	ssl.keystore.type = JKS
	ssl.protocol = TLSv1.3
	ssl.provider = null
	ssl.secure.random.implementation = null
	ssl.trustmanager.algorithm = PKIX
	ssl.truststore.certificates = null
	ssl.truststore.location = null
	ssl.truststore.password = null
	ssl.truststore.type = JKS
	transaction.timeout.ms = 60000
	transactional.id = null
	value.serializer = class io.confluent.kafka.serializers.KafkaAvroSerializer

2025-07-31 02:27:11,179 INFO  [org.apa.kaf.com.tel.int.KafkaMetricsCollector] (main) initializing Kafka metrics collector
2025-07-31 02:27:11,179 INFO  [io.con.kaf.ser.KafkaAvroSerializerConfig] (main) KafkaAvroSerializerConfig values: 
	auto.register.schemas = false
	avro.reflection.allow.null = false
	avro.remove.java.properties = false
	avro.use.logical.type.converters = false
	basic.auth.credentials.source = URL
	basic.auth.user.info = [hidden]
	bearer.auth.cache.expiry.buffer.seconds = 300
	bearer.auth.client.id = null
	bearer.auth.client.secret = null
	bearer.auth.credentials.source = STATIC_TOKEN
	bearer.auth.custom.provider.class = null
	bearer.auth.identity.pool.id = null
	bearer.auth.issuer.endpoint.url = null
	bearer.auth.logical.cluster = null
	bearer.auth.scope = null
	bearer.auth.scope.claim.name = scope
	bearer.auth.sub.claim.name = sub
	bearer.auth.token = [hidden]
	context.name.strategy = class io.confluent.kafka.serializers.context.NullContextNameStrategy
	http.connect.timeout.ms = 60000
	http.read.timeout.ms = 60000
	id.compatibility.strict = true
	key.subject.name.strategy = class io.confluent.kafka.serializers.subject.TopicNameStrategy
	latest.cache.size = 1000
	latest.cache.ttl.sec = -1
	latest.compatibility.strict = true
	max.retries = 3
	max.schemas.per.subject = 1000
	normalize.schemas = false
	propagate.schema.tags = false
	proxy.host = 
	proxy.port = -1
	retries.max.wait.ms = 20000
	retries.wait.ms = 1000
	rule.actions = []
	rule.executors = []
	rule.service.loader.enable = true
	schema.format = null
	schema.reflection = false
	schema.registry.basic.auth.user.info = [hidden]
	schema.registry.ssl.cipher.suites = null
	schema.registry.ssl.enabled.protocols = [TLSv1.2, TLSv1.3]
	schema.registry.ssl.endpoint.identification.algorithm = https
	schema.registry.ssl.engine.factory.class = null
	schema.registry.ssl.key.password = null
	schema.registry.ssl.keymanager.algorithm = SunX509
	schema.registry.ssl.keystore.certificate.chain = null
	schema.registry.ssl.keystore.key = null
	schema.registry.ssl.keystore.location = null
	schema.registry.ssl.keystore.password = null
	schema.registry.ssl.keystore.type = JKS
	schema.registry.ssl.protocol = TLSv1.3
	schema.registry.ssl.provider = null
	schema.registry.ssl.secure.random.implementation = null
	schema.registry.ssl.trustmanager.algorithm = PKIX
	schema.registry.ssl.truststore.certificates = null
	schema.registry.ssl.truststore.location = null
	schema.registry.ssl.truststore.password = null
	schema.registry.ssl.truststore.type = JKS
	schema.registry.url = [http://registry-app-kafkasql.apps.ci419.apicurio-testing.org:80/apis/ccompat/v7]
	use.latest.version = false
	use.latest.with.metadata = null
	use.schema.id = -1
	value.subject.name.strategy = class io.confluent.kafka.serializers.subject.TopicRecordNameStrategy

2025-07-31 02:27:11,181 INFO  [org.apa.kaf.cli.pro.KafkaProducer] (main) [Producer clientId=Producer-topic-87c83b54_b302_461e_b374_65adb2c4a1d1] Instantiated an idempotent producer.
2025-07-31 02:27:11,182 INFO  [org.apa.kaf.cli.pro.ProducerConfig] (main) These configurations '[schema.registry.url, auto.register.schemas, value.subject.name.strategy]' were supplied but are not used yet.
2025-07-31 02:27:11,182 INFO  [org.apa.kaf.com.uti.AppInfoParser] (main) Kafka version: 3.9.0
2025-07-31 02:27:11,182 INFO  [org.apa.kaf.com.uti.AppInfoParser] (main) Kafka commitId: 84caaa6e9da06435
2025-07-31 02:27:11,182 INFO  [org.apa.kaf.com.uti.AppInfoParser] (main) Kafka startTimeMs: 1753928831182
2025-07-31 02:27:11,184 INFO  [io.api.tes.ser.api.KafkaSerdesTester] (Thread-349) Sending message {"key1": "value-0", "key2": "value-0"} to topic topic-87c83b54_b302_461e_b374_65adb2c4a1d1
2025-07-31 02:27:11,186 INFO  [org.apa.kaf.cli.Metadata] (kafka-producer-network-thread | Producer-topic-87c83b54_b302_461e_b374_65adb2c4a1d1) [Producer clientId=Producer-topic-87c83b54_b302_461e_b374_65adb2c4a1d1] Cluster ID: MA4G_e_SRU2vGr9gzyfJLg
2025-07-31 02:27:11,187 INFO  [org.apa.kaf.cli.pro.int.TransactionManager] (kafka-producer-network-thread | Producer-topic-87c83b54_b302_461e_b374_65adb2c4a1d1) [Producer clientId=Producer-topic-87c83b54_b302_461e_b374_65adb2c4a1d1] ProducerId set to 37 with epoch 0
2025-07-31 02:27:11,232 INFO  [io.api.tes.ser.api.KafkaSerdesTester] (Thread-349) Sending message {"key1": "value-1", "key2": "value-1"} to topic topic-87c83b54_b302_461e_b374_65adb2c4a1d1
2025-07-31 02:27:11,233 INFO  [io.api.tes.ser.api.KafkaSerdesTester] (Thread-349) Sending message {"key1": "value-2", "key2": "value-2"} to topic topic-87c83b54_b302_461e_b374_65adb2c4a1d1
2025-07-31 02:27:11,234 INFO  [io.api.tes.ser.api.KafkaSerdesTester] (Thread-349) Sending message {"key1": "value-3", "key2": "value-3"} to topic topic-87c83b54_b302_461e_b374_65adb2c4a1d1
2025-07-31 02:27:11,235 INFO  [io.api.tes.ser.api.KafkaSerdesTester] (Thread-349) Sending message {"key1": "value-4", "key2": "value-4"} to topic topic-87c83b54_b302_461e_b374_65adb2c4a1d1
2025-07-31 02:27:11,236 INFO  [io.api.tes.ser.api.KafkaSerdesTester] (Thread-349) Sending message {"key1": "value-5", "key2": "value-5"} to topic topic-87c83b54_b302_461e_b374_65adb2c4a1d1
2025-07-31 02:27:11,237 INFO  [io.api.tes.ser.api.KafkaSerdesTester] (Thread-349) Sending message {"key1": "value-6", "key2": "value-6"} to topic topic-87c83b54_b302_461e_b374_65adb2c4a1d1
2025-07-31 02:27:11,241 INFO  [io.api.tes.ser.api.KafkaSerdesTester] (Thread-349) Sending message {"key1": "value-7", "key2": "value-7"} to topic topic-87c83b54_b302_461e_b374_65adb2c4a1d1
2025-07-31 02:27:11,243 INFO  [io.api.tes.ser.api.KafkaSerdesTester] (Thread-349) Sending message {"key1": "value-8", "key2": "value-8"} to topic topic-87c83b54_b302_461e_b374_65adb2c4a1d1
2025-07-31 02:27:11,244 INFO  [io.api.tes.ser.api.KafkaSerdesTester] (Thread-349) Sending message {"key1": "value-9", "key2": "value-9"} to topic topic-87c83b54_b302_461e_b374_65adb2c4a1d1
2025-07-31 02:27:11,246 INFO  [io.api.tes.ser.api.KafkaSerdesTester] (Thread-349) Produced 10 messages
2025-07-31 02:27:11,246 INFO  [org.apa.kaf.cli.pro.KafkaProducer] (Thread-349) [Producer clientId=Producer-topic-87c83b54_b302_461e_b374_65adb2c4a1d1] Closing the Kafka producer with timeoutMillis = 9223372036854775807 ms.
2025-07-31 02:27:11,248 INFO  [org.apa.kaf.com.met.Metrics] (Thread-349) Metrics scheduler closed
2025-07-31 02:27:11,248 INFO  [org.apa.kaf.com.met.Metrics] (Thread-349) Closing reporter org.apache.kafka.common.metrics.JmxReporter
2025-07-31 02:27:11,248 INFO  [org.apa.kaf.com.met.Metrics] (Thread-349) Closing reporter org.apache.kafka.common.telemetry.internals.ClientTelemetryReporter
2025-07-31 02:27:11,249 INFO  [org.apa.kaf.com.met.Metrics] (Thread-349) Metrics reporters closed
2025-07-31 02:27:11,249 INFO  [org.apa.kaf.com.uti.AppInfoParser] (Thread-349) App info kafka.producer for Producer-topic-87c83b54_b302_461e_b374_65adb2c4a1d1 unregistered
2025-07-31 02:27:11,249 INFO  [org.apa.kaf.cli.pro.ProducerConfig] (main) ProducerConfig values: 
	acks = -1
	auto.include.jmx.reporter = true
	batch.size = 16384
	bootstrap.servers = [PLAINTEXT://localhost:32770]
	buffer.memory = 33554432
	client.dns.lookup = use_all_dns_ips
	client.id = Producer-topic-87c83b54_b302_461e_b374_65adb2c4a1d1
	compression.gzip.level = -1
	compression.lz4.level = 9
	compression.type = none
	compression.zstd.level = 3
	connections.max.idle.ms = 10000
	delivery.timeout.ms = 120000
	enable.idempotence = true
	enable.metrics.push = true
	interceptor.classes = []
	key.serializer = class org.apache.kafka.common.serialization.StringSerializer
	linger.ms = 0
	max.block.ms = 60000
	max.in.flight.requests.per.connection = 5
	max.request.size = 1048576
	metadata.max.age.ms = 300000
	metadata.max.idle.ms = 300000
	metadata.recovery.strategy = none
	metric.reporters = []
	metrics.num.samples = 2
	metrics.recording.level = INFO
	metrics.sample.window.ms = 30000
	partitioner.adaptive.partitioning.enable = true
	partitioner.availability.timeout.ms = 0
	partitioner.class = null
	partitioner.ignore.keys = false
	receive.buffer.bytes = 32768
	reconnect.backoff.max.ms = 1000
	reconnect.backoff.ms = 50
	request.timeout.ms = 5000
	retries = 2147483647
	retry.backoff.max.ms = 1000
	retry.backoff.ms = 100
	sasl.client.callback.handler.class = null
	sasl.jaas.config = null
	sasl.kerberos.kinit.cmd = /usr/bin/kinit
	sasl.kerberos.min.time.before.relogin = 60000
	sasl.kerberos.service.name = null
	sasl.kerberos.ticket.renew.jitter = 0.05
	sasl.kerberos.ticket.renew.window.factor = 0.8
	sasl.login.callback.handler.class = null
	sasl.login.class = null
	sasl.login.connect.timeout.ms = null
	sasl.login.read.timeout.ms = null
	sasl.login.refresh.buffer.seconds = 300
	sasl.login.refresh.min.period.seconds = 60
	sasl.login.refresh.window.factor = 0.8
	sasl.login.refresh.window.jitter = 0.05
	sasl.login.retry.backoff.max.ms = 10000
	sasl.login.retry.backoff.ms = 100
	sasl.mechanism = GSSAPI
	sasl.oauthbearer.clock.skew.seconds = 30
	sasl.oauthbearer.expected.audience = null
	sasl.oauthbearer.expected.issuer = null
	sasl.oauthbearer.header.urlencode = false
	sasl.oauthbearer.jwks.endpoint.refresh.ms = 3600000
	sasl.oauthbearer.jwks.endpoint.retry.backoff.max.ms = 10000
	sasl.oauthbearer.jwks.endpoint.retry.backoff.ms = 100
	sasl.oauthbearer.jwks.endpoint.url = null
	sasl.oauthbearer.scope.claim.name = scope
	sasl.oauthbearer.sub.claim.name = sub
	sasl.oauthbearer.token.endpoint.url = null
	security.protocol = PLAINTEXT
	security.providers = null
	send.buffer.bytes = 131072
	socket.connection.setup.timeout.max.ms = 30000
	socket.connection.setup.timeout.ms = 10000
	ssl.cipher.suites = null
	ssl.enabled.protocols = [TLSv1.2, TLSv1.3]
	ssl.endpoint.identification.algorithm = https
	ssl.engine.factory.class = null
	ssl.key.password = null
	ssl.keymanager.algorithm = SunX509
	ssl.keystore.certificate.chain = null
	ssl.keystore.key = null
	ssl.keystore.location = null
	ssl.keystore.password = null
	ssl.keystore.type = JKS
	ssl.protocol = TLSv1.3
	ssl.provider = null
	ssl.secure.random.implementation = null
	ssl.trustmanager.algorithm = PKIX
	ssl.truststore.certificates = null
	ssl.truststore.location = null
	ssl.truststore.password = null
	ssl.truststore.type = JKS
	transaction.timeout.ms = 60000
	transactional.id = null
	value.serializer = class io.confluent.kafka.serializers.KafkaAvroSerializer

2025-07-31 02:27:11,249 INFO  [org.apa.kaf.com.tel.int.KafkaMetricsCollector] (main) initializing Kafka metrics collector
2025-07-31 02:27:11,250 INFO  [io.con.kaf.ser.KafkaAvroSerializerConfig] (main) KafkaAvroSerializerConfig values: 
	auto.register.schemas = false
	avro.reflection.allow.null = false
	avro.remove.java.properties = false
	avro.use.logical.type.converters = false
	basic.auth.credentials.source = URL
	basic.auth.user.info = [hidden]
	bearer.auth.cache.expiry.buffer.seconds = 300
	bearer.auth.client.id = null
	bearer.auth.client.secret = null
	bearer.auth.credentials.source = STATIC_TOKEN
	bearer.auth.custom.provider.class = null
	bearer.auth.identity.pool.id = null
	bearer.auth.issuer.endpoint.url = null
	bearer.auth.logical.cluster = null
	bearer.auth.scope = null
	bearer.auth.scope.claim.name = scope
	bearer.auth.sub.claim.name = sub
	bearer.auth.token = [hidden]
	context.name.strategy = class io.confluent.kafka.serializers.context.NullContextNameStrategy
	http.connect.timeout.ms = 60000
	http.read.timeout.ms = 60000
	id.compatibility.strict = true
	key.subject.name.strategy = class io.confluent.kafka.serializers.subject.TopicNameStrategy
	latest.cache.size = 1000
	latest.cache.ttl.sec = -1
	latest.compatibility.strict = true
	max.retries = 3
	max.schemas.per.subject = 1000
	normalize.schemas = false
	propagate.schema.tags = false
	proxy.host = 
	proxy.port = -1
	retries.max.wait.ms = 20000
	retries.wait.ms = 1000
	rule.actions = []
	rule.executors = []
	rule.service.loader.enable = true
	schema.format = null
	schema.reflection = false
	schema.registry.basic.auth.user.info = [hidden]
	schema.registry.ssl.cipher.suites = null
	schema.registry.ssl.enabled.protocols = [TLSv1.2, TLSv1.3]
	schema.registry.ssl.endpoint.identification.algorithm = https
	schema.registry.ssl.engine.factory.class = null
	schema.registry.ssl.key.password = null
	schema.registry.ssl.keymanager.algorithm = SunX509
	schema.registry.ssl.keystore.certificate.chain = null
	schema.registry.ssl.keystore.key = null
	schema.registry.ssl.keystore.location = null
	schema.registry.ssl.keystore.password = null
	schema.registry.ssl.keystore.type = JKS
	schema.registry.ssl.protocol = TLSv1.3
	schema.registry.ssl.provider = null
	schema.registry.ssl.secure.random.implementation = null
	schema.registry.ssl.trustmanager.algorithm = PKIX
	schema.registry.ssl.truststore.certificates = null
	schema.registry.ssl.truststore.location = null
	schema.registry.ssl.truststore.password = null
	schema.registry.ssl.truststore.type = JKS
	schema.registry.url = [http://registry-app-kafkasql.apps.ci419.apicurio-testing.org:80/apis/ccompat/v7]
	use.latest.version = false
	use.latest.with.metadata = null
	use.schema.id = -1
	value.subject.name.strategy = class io.confluent.kafka.serializers.subject.TopicRecordNameStrategy

2025-07-31 02:27:11,251 INFO  [org.apa.kaf.cli.pro.KafkaProducer] (main) [Producer clientId=Producer-topic-87c83b54_b302_461e_b374_65adb2c4a1d1] Instantiated an idempotent producer.
2025-07-31 02:27:11,254 INFO  [org.apa.kaf.cli.pro.ProducerConfig] (main) These configurations '[schema.registry.url, auto.register.schemas, value.subject.name.strategy]' were supplied but are not used yet.
2025-07-31 02:27:11,254 INFO  [org.apa.kaf.com.uti.AppInfoParser] (main) Kafka version: 3.9.0
2025-07-31 02:27:11,254 INFO  [org.apa.kaf.com.uti.AppInfoParser] (main) Kafka commitId: 84caaa6e9da06435
2025-07-31 02:27:11,254 INFO  [org.apa.kaf.com.uti.AppInfoParser] (main) Kafka startTimeMs: 1753928831254
2025-07-31 02:27:11,255 INFO  [io.api.tes.ser.api.KafkaSerdesTester] (Thread-350) Sending message {"key1": "value-0"} to topic topic-87c83b54_b302_461e_b374_65adb2c4a1d1
2025-07-31 02:27:11,257 INFO  [org.apa.kaf.cli.Metadata] (kafka-producer-network-thread | Producer-topic-87c83b54_b302_461e_b374_65adb2c4a1d1) [Producer clientId=Producer-topic-87c83b54_b302_461e_b374_65adb2c4a1d1] Cluster ID: MA4G_e_SRU2vGr9gzyfJLg
2025-07-31 02:27:11,257 INFO  [org.apa.kaf.cli.pro.int.TransactionManager] (kafka-producer-network-thread | Producer-topic-87c83b54_b302_461e_b374_65adb2c4a1d1) [Producer clientId=Producer-topic-87c83b54_b302_461e_b374_65adb2c4a1d1] ProducerId set to 38 with epoch 0
2025-07-31 02:27:11,303 INFO  [io.api.tes.ser.api.KafkaSerdesTester] (Thread-350) Sending message {"key1": "value-1"} to topic topic-87c83b54_b302_461e_b374_65adb2c4a1d1
2025-07-31 02:27:11,304 INFO  [io.api.tes.ser.api.KafkaSerdesTester] (Thread-350) Sending message {"key1": "value-2"} to topic topic-87c83b54_b302_461e_b374_65adb2c4a1d1
2025-07-31 02:27:11,305 INFO  [io.api.tes.ser.api.KafkaSerdesTester] (Thread-350) Sending message {"key1": "value-3"} to topic topic-87c83b54_b302_461e_b374_65adb2c4a1d1
2025-07-31 02:27:11,306 INFO  [io.api.tes.ser.api.KafkaSerdesTester] (Thread-350) Sending message {"key1": "value-4"} to topic topic-87c83b54_b302_461e_b374_65adb2c4a1d1
2025-07-31 02:27:11,307 INFO  [io.api.tes.ser.api.KafkaSerdesTester] (Thread-350) Sending message {"key1": "value-5"} to topic topic-87c83b54_b302_461e_b374_65adb2c4a1d1
2025-07-31 02:27:11,308 INFO  [io.api.tes.ser.api.KafkaSerdesTester] (Thread-350) Sending message {"key1": "value-6"} to topic topic-87c83b54_b302_461e_b374_65adb2c4a1d1
2025-07-31 02:27:11,312 INFO  [io.api.tes.ser.api.KafkaSerdesTester] (Thread-350) Sending message {"key1": "value-7"} to topic topic-87c83b54_b302_461e_b374_65adb2c4a1d1
2025-07-31 02:27:11,313 INFO  [io.api.tes.ser.api.KafkaSerdesTester] (Thread-350) Sending message {"key1": "value-8"} to topic topic-87c83b54_b302_461e_b374_65adb2c4a1d1
2025-07-31 02:27:11,314 INFO  [io.api.tes.ser.api.KafkaSerdesTester] (Thread-350) Sending message {"key1": "value-9"} to topic topic-87c83b54_b302_461e_b374_65adb2c4a1d1
2025-07-31 02:27:11,317 INFO  [io.api.tes.ser.api.KafkaSerdesTester] (Thread-350) Produced 10 messages
2025-07-31 02:27:11,317 INFO  [org.apa.kaf.cli.pro.KafkaProducer] (Thread-350) [Producer clientId=Producer-topic-87c83b54_b302_461e_b374_65adb2c4a1d1] Closing the Kafka producer with timeoutMillis = 9223372036854775807 ms.
2025-07-31 02:27:11,320 INFO  [org.apa.kaf.com.met.Metrics] (Thread-350) Metrics scheduler closed
2025-07-31 02:27:11,320 INFO  [org.apa.kaf.com.met.Metrics] (Thread-350) Closing reporter org.apache.kafka.common.metrics.JmxReporter
2025-07-31 02:27:11,320 INFO  [org.apa.kaf.com.met.Metrics] (Thread-350) Closing reporter org.apache.kafka.common.telemetry.internals.ClientTelemetryReporter
2025-07-31 02:27:11,320 INFO  [org.apa.kaf.com.met.Metrics] (Thread-350) Metrics reporters closed
2025-07-31 02:27:11,320 INFO  [org.apa.kaf.com.uti.AppInfoParser] (Thread-350) App info kafka.producer for Producer-topic-87c83b54_b302_461e_b374_65adb2c4a1d1 unregistered
2025-07-31 02:27:11,321 INFO  [org.apa.kaf.cli.con.ConsumerConfig] (main) ConsumerConfig values: 
	allow.auto.create.topics = true
	auto.commit.interval.ms = 500
	auto.include.jmx.reporter = true
	auto.offset.reset = earliest
	bootstrap.servers = [PLAINTEXT://localhost:32770]
	check.crcs = true
	client.dns.lookup = use_all_dns_ips
	client.id = consumer-Consumer-topic-87c83b54_b302_461e_b374_65adb2c4a1d1-28
	client.rack = 
	connections.max.idle.ms = 10000
	default.api.timeout.ms = 60000
	enable.auto.commit = true
	enable.metrics.push = true
	exclude.internal.topics = true
	fetch.max.bytes = 52428800
	fetch.max.wait.ms = 500
	fetch.min.bytes = 1
	group.id = Consumer-topic-87c83b54_b302_461e_b374_65adb2c4a1d1
	group.instance.id = null
	group.protocol = classic
	group.remote.assignor = null
	heartbeat.interval.ms = 3000
	interceptor.classes = []
	internal.leave.group.on.close = true
	internal.throw.on.fetch.stable.offset.unsupported = false
	isolation.level = read_uncommitted
	key.deserializer = class org.apache.kafka.common.serialization.StringDeserializer
	max.partition.fetch.bytes = 1048576
	max.poll.interval.ms = 300000
	max.poll.records = 500
	metadata.max.age.ms = 300000
	metadata.recovery.strategy = none
	metric.reporters = []
	metrics.num.samples = 2
	metrics.recording.level = INFO
	metrics.sample.window.ms = 30000
	partition.assignment.strategy = [class org.apache.kafka.clients.consumer.RangeAssignor, class org.apache.kafka.clients.consumer.CooperativeStickyAssignor]
	receive.buffer.bytes = 65536
	reconnect.backoff.max.ms = 1000
	reconnect.backoff.ms = 50
	request.timeout.ms = 5000
	retry.backoff.max.ms = 1000
	retry.backoff.ms = 100
	sasl.client.callback.handler.class = null
	sasl.jaas.config = null
	sasl.kerberos.kinit.cmd = /usr/bin/kinit
	sasl.kerberos.min.time.before.relogin = 60000
	sasl.kerberos.service.name = null
	sasl.kerberos.ticket.renew.jitter = 0.05
	sasl.kerberos.ticket.renew.window.factor = 0.8
	sasl.login.callback.handler.class = null
	sasl.login.class = null
	sasl.login.connect.timeout.ms = null
	sasl.login.read.timeout.ms = null
	sasl.login.refresh.buffer.seconds = 300
	sasl.login.refresh.min.period.seconds = 60
	sasl.login.refresh.window.factor = 0.8
	sasl.login.refresh.window.jitter = 0.05
	sasl.login.retry.backoff.max.ms = 10000
	sasl.login.retry.backoff.ms = 100
	sasl.mechanism = GSSAPI
	sasl.oauthbearer.clock.skew.seconds = 30
	sasl.oauthbearer.expected.audience = null
	sasl.oauthbearer.expected.issuer = null
	sasl.oauthbearer.header.urlencode = false
	sasl.oauthbearer.jwks.endpoint.refresh.ms = 3600000
	sasl.oauthbearer.jwks.endpoint.retry.backoff.max.ms = 10000
	sasl.oauthbearer.jwks.endpoint.retry.backoff.ms = 100
	sasl.oauthbearer.jwks.endpoint.url = null
	sasl.oauthbearer.scope.claim.name = scope
	sasl.oauthbearer.sub.claim.name = sub
	sasl.oauthbearer.token.endpoint.url = null
	security.protocol = PLAINTEXT
	security.providers = null
	send.buffer.bytes = 131072
	session.timeout.ms = 45000
	socket.connection.setup.timeout.max.ms = 30000
	socket.connection.setup.timeout.ms = 10000
	ssl.cipher.suites = null
	ssl.enabled.protocols = [TLSv1.2, TLSv1.3]
	ssl.endpoint.identification.algorithm = https
	ssl.engine.factory.class = null
	ssl.key.password = null
	ssl.keymanager.algorithm = SunX509
	ssl.keystore.certificate.chain = null
	ssl.keystore.key = null
	ssl.keystore.location = null
	ssl.keystore.password = null
	ssl.keystore.type = JKS
	ssl.protocol = TLSv1.3
	ssl.provider = null
	ssl.secure.random.implementation = null
	ssl.trustmanager.algorithm = PKIX
	ssl.truststore.certificates = null
	ssl.truststore.location = null
	ssl.truststore.password = null
	ssl.truststore.type = JKS
	value.deserializer = class io.confluent.kafka.serializers.KafkaAvroDeserializer

2025-07-31 02:27:11,321 INFO  [org.apa.kaf.com.tel.int.KafkaMetricsCollector] (main) initializing Kafka metrics collector
2025-07-31 02:27:11,321 INFO  [io.con.kaf.ser.KafkaAvroDeserializerConfig] (main) KafkaAvroDeserializerConfig values: 
	auto.register.schemas = true
	avro.reflection.allow.null = false
	avro.use.logical.type.converters = false
	basic.auth.credentials.source = URL
	basic.auth.user.info = [hidden]
	bearer.auth.cache.expiry.buffer.seconds = 300
	bearer.auth.client.id = null
	bearer.auth.client.secret = null
	bearer.auth.credentials.source = STATIC_TOKEN
	bearer.auth.custom.provider.class = null
	bearer.auth.identity.pool.id = null
	bearer.auth.issuer.endpoint.url = null
	bearer.auth.logical.cluster = null
	bearer.auth.scope = null
	bearer.auth.scope.claim.name = scope
	bearer.auth.sub.claim.name = sub
	bearer.auth.token = [hidden]
	context.name.strategy = class io.confluent.kafka.serializers.context.NullContextNameStrategy
	http.connect.timeout.ms = 60000
	http.read.timeout.ms = 60000
	id.compatibility.strict = true
	key.subject.name.strategy = class io.confluent.kafka.serializers.subject.TopicNameStrategy
	latest.cache.size = 1000
	latest.cache.ttl.sec = -1
	latest.compatibility.strict = true
	max.retries = 3
	max.schemas.per.subject = 1000
	normalize.schemas = false
	propagate.schema.tags = false
	proxy.host = 
	proxy.port = -1
	retries.max.wait.ms = 20000
	retries.wait.ms = 1000
	rule.actions = []
	rule.executors = []
	rule.service.loader.enable = true
	schema.format = null
	schema.reflection = false
	schema.registry.basic.auth.user.info = [hidden]
	schema.registry.ssl.cipher.suites = null
	schema.registry.ssl.enabled.protocols = [TLSv1.2, TLSv1.3]
	schema.registry.ssl.endpoint.identification.algorithm = https
	schema.registry.ssl.engine.factory.class = null
	schema.registry.ssl.key.password = null
	schema.registry.ssl.keymanager.algorithm = SunX509
	schema.registry.ssl.keystore.certificate.chain = null
	schema.registry.ssl.keystore.key = null
	schema.registry.ssl.keystore.location = null
	schema.registry.ssl.keystore.password = null
	schema.registry.ssl.keystore.type = JKS
	schema.registry.ssl.protocol = TLSv1.3
	schema.registry.ssl.provider = null
	schema.registry.ssl.secure.random.implementation = null
	schema.registry.ssl.trustmanager.algorithm = PKIX
	schema.registry.ssl.truststore.certificates = null
	schema.registry.ssl.truststore.location = null
	schema.registry.ssl.truststore.password = null
	schema.registry.ssl.truststore.type = JKS
	schema.registry.url = [http://registry-app-kafkasql.apps.ci419.apicurio-testing.org:80/apis/ccompat/v7]
	specific.avro.key.type = null
	specific.avro.reader = false
	specific.avro.value.type = null
	use.latest.version = false
	use.latest.with.metadata = null
	use.schema.id = -1
	value.subject.name.strategy = class io.confluent.kafka.serializers.subject.TopicNameStrategy

2025-07-31 02:27:11,322 INFO  [io.con.kaf.ser.KafkaAvroDeserializerConfig] (main) KafkaAvroDeserializerConfig values: 
	auto.register.schemas = true
	avro.reflection.allow.null = false
	avro.use.logical.type.converters = false
	basic.auth.credentials.source = URL
	basic.auth.user.info = [hidden]
	bearer.auth.cache.expiry.buffer.seconds = 300
	bearer.auth.client.id = null
	bearer.auth.client.secret = null
	bearer.auth.credentials.source = STATIC_TOKEN
	bearer.auth.custom.provider.class = null
	bearer.auth.identity.pool.id = null
	bearer.auth.issuer.endpoint.url = null
	bearer.auth.logical.cluster = null
	bearer.auth.scope = null
	bearer.auth.scope.claim.name = scope
	bearer.auth.sub.claim.name = sub
	bearer.auth.token = [hidden]
	context.name.strategy = class io.confluent.kafka.serializers.context.NullContextNameStrategy
	http.connect.timeout.ms = 60000
	http.read.timeout.ms = 60000
	id.compatibility.strict = true
	key.subject.name.strategy = class io.confluent.kafka.serializers.subject.TopicNameStrategy
	latest.cache.size = 1000
	latest.cache.ttl.sec = -1
	latest.compatibility.strict = true
	max.retries = 3
	max.schemas.per.subject = 1000
	normalize.schemas = false
	propagate.schema.tags = false
	proxy.host = 
	proxy.port = -1
	retries.max.wait.ms = 20000
	retries.wait.ms = 1000
	rule.actions = []
	rule.executors = []
	rule.service.loader.enable = true
	schema.format = null
	schema.reflection = false
	schema.registry.basic.auth.user.info = [hidden]
	schema.registry.ssl.cipher.suites = null
	schema.registry.ssl.enabled.protocols = [TLSv1.2, TLSv1.3]
	schema.registry.ssl.endpoint.identification.algorithm = https
	schema.registry.ssl.engine.factory.class = null
	schema.registry.ssl.key.password = null
	schema.registry.ssl.keymanager.algorithm = SunX509
	schema.registry.ssl.keystore.certificate.chain = null
	schema.registry.ssl.keystore.key = null
	schema.registry.ssl.keystore.location = null
	schema.registry.ssl.keystore.password = null
	schema.registry.ssl.keystore.type = JKS
	schema.registry.ssl.protocol = TLSv1.3
	schema.registry.ssl.provider = null
	schema.registry.ssl.secure.random.implementation = null
	schema.registry.ssl.trustmanager.algorithm = PKIX
	schema.registry.ssl.truststore.certificates = null
	schema.registry.ssl.truststore.location = null
	schema.registry.ssl.truststore.password = null
	schema.registry.ssl.truststore.type = JKS
	schema.registry.url = [http://registry-app-kafkasql.apps.ci419.apicurio-testing.org:80/apis/ccompat/v7]
	specific.avro.key.type = null
	specific.avro.reader = false
	specific.avro.value.type = null
	use.latest.version = false
	use.latest.with.metadata = null
	use.schema.id = -1
	value.subject.name.strategy = class io.confluent.kafka.serializers.subject.TopicNameStrategy

2025-07-31 02:27:11,325 INFO  [org.apa.kaf.cli.con.ConsumerConfig] (main) These configurations '[schema.registry.url]' were supplied but are not used yet.
2025-07-31 02:27:11,325 INFO  [org.apa.kaf.com.uti.AppInfoParser] (main) Kafka version: 3.9.0
2025-07-31 02:27:11,325 INFO  [org.apa.kaf.com.uti.AppInfoParser] (main) Kafka commitId: 84caaa6e9da06435
2025-07-31 02:27:11,325 INFO  [org.apa.kaf.com.uti.AppInfoParser] (main) Kafka startTimeMs: 1753928831325
2025-07-31 02:27:11,326 INFO  [org.apa.kaf.cli.con.int.ClassicKafkaConsumer] (Thread-351) [Consumer clientId=consumer-Consumer-topic-87c83b54_b302_461e_b374_65adb2c4a1d1-28, groupId=Consumer-topic-87c83b54_b302_461e_b374_65adb2c4a1d1] Subscribed to topic(s): topic-87c83b54_b302_461e_b374_65adb2c4a1d1
2025-07-31 02:27:11,332 INFO  [org.apa.kaf.cli.Metadata] (Thread-351) [Consumer clientId=consumer-Consumer-topic-87c83b54_b302_461e_b374_65adb2c4a1d1-28, groupId=Consumer-topic-87c83b54_b302_461e_b374_65adb2c4a1d1] Cluster ID: MA4G_e_SRU2vGr9gzyfJLg
2025-07-31 02:27:11,332 INFO  [org.apa.kaf.cli.con.int.ConsumerCoordinator] (Thread-351) [Consumer clientId=consumer-Consumer-topic-87c83b54_b302_461e_b374_65adb2c4a1d1-28, groupId=Consumer-topic-87c83b54_b302_461e_b374_65adb2c4a1d1] Discovered group coordinator localhost:32770 (id: 2147483647 rack: null)
2025-07-31 02:27:11,333 INFO  [org.apa.kaf.cli.con.int.ConsumerCoordinator] (Thread-351) [Consumer clientId=consumer-Consumer-topic-87c83b54_b302_461e_b374_65adb2c4a1d1-28, groupId=Consumer-topic-87c83b54_b302_461e_b374_65adb2c4a1d1] (Re-)joining group
2025-07-31 02:27:11,337 INFO  [org.apa.kaf.cli.con.int.ConsumerCoordinator] (Thread-351) [Consumer clientId=consumer-Consumer-topic-87c83b54_b302_461e_b374_65adb2c4a1d1-28, groupId=Consumer-topic-87c83b54_b302_461e_b374_65adb2c4a1d1] Request joining group due to: need to re-join with the given member-id: consumer-Consumer-topic-87c83b54_b302_461e_b374_65adb2c4a1d1-28-a79d8b36-c564-4838-a3fd-ec5321a53c65
2025-07-31 02:27:11,337 INFO  [org.apa.kaf.cli.con.int.ConsumerCoordinator] (Thread-351) [Consumer clientId=consumer-Consumer-topic-87c83b54_b302_461e_b374_65adb2c4a1d1-28, groupId=Consumer-topic-87c83b54_b302_461e_b374_65adb2c4a1d1] (Re-)joining group
2025-07-31 02:27:11,342 INFO  [org.apa.kaf.cli.con.int.ConsumerCoordinator] (Thread-351) [Consumer clientId=consumer-Consumer-topic-87c83b54_b302_461e_b374_65adb2c4a1d1-28, groupId=Consumer-topic-87c83b54_b302_461e_b374_65adb2c4a1d1] Successfully joined group with generation Generation{generationId=3, memberId='consumer-Consumer-topic-87c83b54_b302_461e_b374_65adb2c4a1d1-28-a79d8b36-c564-4838-a3fd-ec5321a53c65', protocol='range'}
2025-07-31 02:27:11,342 INFO  [org.apa.kaf.cli.con.int.ConsumerCoordinator] (Thread-351) [Consumer clientId=consumer-Consumer-topic-87c83b54_b302_461e_b374_65adb2c4a1d1-28, groupId=Consumer-topic-87c83b54_b302_461e_b374_65adb2c4a1d1] Finished assignment for group at generation 3: {consumer-Consumer-topic-87c83b54_b302_461e_b374_65adb2c4a1d1-28-a79d8b36-c564-4838-a3fd-ec5321a53c65=Assignment(partitions=[topic-87c83b54_b302_461e_b374_65adb2c4a1d1-0])}
2025-07-31 02:27:11,344 INFO  [org.apa.kaf.cli.con.int.ConsumerCoordinator] (Thread-351) [Consumer clientId=consumer-Consumer-topic-87c83b54_b302_461e_b374_65adb2c4a1d1-28, groupId=Consumer-topic-87c83b54_b302_461e_b374_65adb2c4a1d1] Successfully synced group in generation Generation{generationId=3, memberId='consumer-Consumer-topic-87c83b54_b302_461e_b374_65adb2c4a1d1-28-a79d8b36-c564-4838-a3fd-ec5321a53c65', protocol='range'}
2025-07-31 02:27:11,344 INFO  [org.apa.kaf.cli.con.int.ConsumerCoordinator] (Thread-351) [Consumer clientId=consumer-Consumer-topic-87c83b54_b302_461e_b374_65adb2c4a1d1-28, groupId=Consumer-topic-87c83b54_b302_461e_b374_65adb2c4a1d1] Notifying assignor about the new Assignment(partitions=[topic-87c83b54_b302_461e_b374_65adb2c4a1d1-0])
2025-07-31 02:27:11,344 INFO  [org.apa.kaf.cli.con.int.ConsumerRebalanceListenerInvoker] (Thread-351) [Consumer clientId=consumer-Consumer-topic-87c83b54_b302_461e_b374_65adb2c4a1d1-28, groupId=Consumer-topic-87c83b54_b302_461e_b374_65adb2c4a1d1] Adding newly assigned partitions: topic-87c83b54_b302_461e_b374_65adb2c4a1d1-0
2025-07-31 02:27:11,347 INFO  [org.apa.kaf.cli.con.int.ConsumerUtils] (Thread-351) Setting offset for partition topic-87c83b54_b302_461e_b374_65adb2c4a1d1-0 to the committed offset FetchPosition{offset=10, offsetEpoch=Optional[0], currentLeader=LeaderAndEpoch{leader=Optional[localhost:32770 (id: 0 rack: null)], epoch=0}}
2025-07-31 02:27:11,439 INFO  [io.api.tes.ser.api.KafkaSerdesTester] (Thread-351) topic-87c83b54_b302_461e_b374_65adb2c4a1d1 0 10 {"key1": "value-0", "key2": "value-0"}
2025-07-31 02:27:11,439 INFO  [io.api.tes.ser.api.KafkaSerdesTester] (Thread-351) topic-87c83b54_b302_461e_b374_65adb2c4a1d1 0 11 {"key1": "value-1", "key2": "value-1"}
2025-07-31 02:27:11,440 INFO  [io.api.tes.ser.api.KafkaSerdesTester] (Thread-351) topic-87c83b54_b302_461e_b374_65adb2c4a1d1 0 12 {"key1": "value-2", "key2": "value-2"}
2025-07-31 02:27:11,440 INFO  [io.api.tes.ser.api.KafkaSerdesTester] (Thread-351) topic-87c83b54_b302_461e_b374_65adb2c4a1d1 0 13 {"key1": "value-3", "key2": "value-3"}
2025-07-31 02:27:11,440 INFO  [io.api.tes.ser.api.KafkaSerdesTester] (Thread-351) topic-87c83b54_b302_461e_b374_65adb2c4a1d1 0 14 {"key1": "value-4", "key2": "value-4"}
2025-07-31 02:27:11,440 INFO  [io.api.tes.ser.api.KafkaSerdesTester] (Thread-351) topic-87c83b54_b302_461e_b374_65adb2c4a1d1 0 15 {"key1": "value-5", "key2": "value-5"}
2025-07-31 02:27:11,440 INFO  [io.api.tes.ser.api.KafkaSerdesTester] (Thread-351) topic-87c83b54_b302_461e_b374_65adb2c4a1d1 0 16 {"key1": "value-6", "key2": "value-6"}
2025-07-31 02:27:11,440 INFO  [io.api.tes.ser.api.KafkaSerdesTester] (Thread-351) topic-87c83b54_b302_461e_b374_65adb2c4a1d1 0 17 {"key1": "value-7", "key2": "value-7"}
2025-07-31 02:27:11,440 INFO  [io.api.tes.ser.api.KafkaSerdesTester] (Thread-351) topic-87c83b54_b302_461e_b374_65adb2c4a1d1 0 18 {"key1": "value-8", "key2": "value-8"}
2025-07-31 02:27:11,440 INFO  [io.api.tes.ser.api.KafkaSerdesTester] (Thread-351) topic-87c83b54_b302_461e_b374_65adb2c4a1d1 0 19 {"key1": "value-9", "key2": "value-9"}
2025-07-31 02:27:11,440 INFO  [io.api.tes.ser.api.KafkaSerdesTester] (Thread-351) topic-87c83b54_b302_461e_b374_65adb2c4a1d1 0 20 {"key1": "value-0"}
2025-07-31 02:27:11,440 INFO  [io.api.tes.ser.api.KafkaSerdesTester] (Thread-351) topic-87c83b54_b302_461e_b374_65adb2c4a1d1 0 21 {"key1": "value-1"}
2025-07-31 02:27:11,440 INFO  [io.api.tes.ser.api.KafkaSerdesTester] (Thread-351) topic-87c83b54_b302_461e_b374_65adb2c4a1d1 0 22 {"key1": "value-2"}
2025-07-31 02:27:11,440 INFO  [io.api.tes.ser.api.KafkaSerdesTester] (Thread-351) topic-87c83b54_b302_461e_b374_65adb2c4a1d1 0 23 {"key1": "value-3"}
2025-07-31 02:27:11,440 INFO  [io.api.tes.ser.api.KafkaSerdesTester] (Thread-351) topic-87c83b54_b302_461e_b374_65adb2c4a1d1 0 24 {"key1": "value-4"}
2025-07-31 02:27:11,440 INFO  [io.api.tes.ser.api.KafkaSerdesTester] (Thread-351) topic-87c83b54_b302_461e_b374_65adb2c4a1d1 0 25 {"key1": "value-5"}
2025-07-31 02:27:11,440 INFO  [io.api.tes.ser.api.KafkaSerdesTester] (Thread-351) topic-87c83b54_b302_461e_b374_65adb2c4a1d1 0 26 {"key1": "value-6"}
2025-07-31 02:27:11,440 INFO  [io.api.tes.ser.api.KafkaSerdesTester] (Thread-351) topic-87c83b54_b302_461e_b374_65adb2c4a1d1 0 27 {"key1": "value-7"}
2025-07-31 02:27:11,440 INFO  [io.api.tes.ser.api.KafkaSerdesTester] (Thread-351) topic-87c83b54_b302_461e_b374_65adb2c4a1d1 0 28 {"key1": "value-8"}
2025-07-31 02:27:11,440 INFO  [io.api.tes.ser.api.KafkaSerdesTester] (Thread-351) topic-87c83b54_b302_461e_b374_65adb2c4a1d1 0 29 {"key1": "value-9"}
2025-07-31 02:27:11,441 INFO  [io.api.tes.ser.api.KafkaSerdesTester] (Thread-351) Consumed 20 messages
2025-07-31 02:27:11,443 INFO  [org.apa.kaf.cli.con.int.ConsumerRebalanceListenerInvoker] (Thread-351) [Consumer clientId=consumer-Consumer-topic-87c83b54_b302_461e_b374_65adb2c4a1d1-28, groupId=Consumer-topic-87c83b54_b302_461e_b374_65adb2c4a1d1] Revoke previously assigned partitions topic-87c83b54_b302_461e_b374_65adb2c4a1d1-0
2025-07-31 02:27:11,443 INFO  [org.apa.kaf.cli.con.int.ConsumerCoordinator] (Thread-351) [Consumer clientId=consumer-Consumer-topic-87c83b54_b302_461e_b374_65adb2c4a1d1-28, groupId=Consumer-topic-87c83b54_b302_461e_b374_65adb2c4a1d1] Member consumer-Consumer-topic-87c83b54_b302_461e_b374_65adb2c4a1d1-28-a79d8b36-c564-4838-a3fd-ec5321a53c65 sending LeaveGroup request to coordinator localhost:32770 (id: 2147483647 rack: null) due to the consumer is being closed
2025-07-31 02:27:11,444 INFO  [org.apa.kaf.cli.con.int.ConsumerCoordinator] (Thread-351) [Consumer clientId=consumer-Consumer-topic-87c83b54_b302_461e_b374_65adb2c4a1d1-28, groupId=Consumer-topic-87c83b54_b302_461e_b374_65adb2c4a1d1] Resetting generation and member id due to: consumer pro-actively leaving the group
2025-07-31 02:27:11,444 INFO  [org.apa.kaf.cli.con.int.ConsumerCoordinator] (Thread-351) [Consumer clientId=consumer-Consumer-topic-87c83b54_b302_461e_b374_65adb2c4a1d1-28, groupId=Consumer-topic-87c83b54_b302_461e_b374_65adb2c4a1d1] Request joining group due to: consumer pro-actively leaving the group
2025-07-31 02:27:11,942 INFO  [org.apa.kaf.com.met.Metrics] (Thread-351) Metrics scheduler closed
2025-07-31 02:27:11,942 INFO  [org.apa.kaf.com.met.Metrics] (Thread-351) Closing reporter org.apache.kafka.common.metrics.JmxReporter
2025-07-31 02:27:11,942 INFO  [org.apa.kaf.com.met.Metrics] (Thread-351) Closing reporter org.apache.kafka.common.telemetry.internals.ClientTelemetryReporter
2025-07-31 02:27:11,942 INFO  [org.apa.kaf.com.met.Metrics] (Thread-351) Metrics reporters closed
2025-07-31 02:27:11,944 INFO  [org.apa.kaf.com.uti.AppInfoParser] (Thread-351) App info kafka.consumer for consumer-Consumer-topic-87c83b54_b302_461e_b374_65adb2c4a1d1-28 unregistered
2025-07-31 02:27:13,056 INFO  [org.apa.kaf.cli.pro.ProducerConfig] (main) ProducerConfig values: 
	acks = -1
	auto.include.jmx.reporter = true
	batch.size = 16384
	bootstrap.servers = [PLAINTEXT://localhost:32770]
	buffer.memory = 33554432
	client.dns.lookup = use_all_dns_ips
	client.id = Producer-topic-87c83b54_b302_461e_b374_65adb2c4a1d1
	compression.gzip.level = -1
	compression.lz4.level = 9
	compression.type = none
	compression.zstd.level = 3
	connections.max.idle.ms = 10000
	delivery.timeout.ms = 120000
	enable.idempotence = true
	enable.metrics.push = true
	interceptor.classes = []
	key.serializer = class org.apache.kafka.common.serialization.StringSerializer
	linger.ms = 0
	max.block.ms = 60000
	max.in.flight.requests.per.connection = 5
	max.request.size = 1048576
	metadata.max.age.ms = 300000
	metadata.max.idle.ms = 300000
	metadata.recovery.strategy = none
	metric.reporters = []
	metrics.num.samples = 2
	metrics.recording.level = INFO
	metrics.sample.window.ms = 30000
	partitioner.adaptive.partitioning.enable = true
	partitioner.availability.timeout.ms = 0
	partitioner.class = null
	partitioner.ignore.keys = false
	receive.buffer.bytes = 32768
	reconnect.backoff.max.ms = 1000
	reconnect.backoff.ms = 50
	request.timeout.ms = 5000
	retries = 2147483647
	retry.backoff.max.ms = 1000
	retry.backoff.ms = 100
	sasl.client.callback.handler.class = null
	sasl.jaas.config = null
	sasl.kerberos.kinit.cmd = /usr/bin/kinit
	sasl.kerberos.min.time.before.relogin = 60000
	sasl.kerberos.service.name = null
	sasl.kerberos.ticket.renew.jitter = 0.05
	sasl.kerberos.ticket.renew.window.factor = 0.8
	sasl.login.callback.handler.class = null
	sasl.login.class = null
	sasl.login.connect.timeout.ms = null
	sasl.login.read.timeout.ms = null
	sasl.login.refresh.buffer.seconds = 300
	sasl.login.refresh.min.period.seconds = 60
	sasl.login.refresh.window.factor = 0.8
	sasl.login.refresh.window.jitter = 0.05
	sasl.login.retry.backoff.max.ms = 10000
	sasl.login.retry.backoff.ms = 100
	sasl.mechanism = GSSAPI
	sasl.oauthbearer.clock.skew.seconds = 30
	sasl.oauthbearer.expected.audience = null
	sasl.oauthbearer.expected.issuer = null
	sasl.oauthbearer.header.urlencode = false
	sasl.oauthbearer.jwks.endpoint.refresh.ms = 3600000
	sasl.oauthbearer.jwks.endpoint.retry.backoff.max.ms = 10000
	sasl.oauthbearer.jwks.endpoint.retry.backoff.ms = 100
	sasl.oauthbearer.jwks.endpoint.url = null
	sasl.oauthbearer.scope.claim.name = scope
	sasl.oauthbearer.sub.claim.name = sub
	sasl.oauthbearer.token.endpoint.url = null
	security.protocol = PLAINTEXT
	security.providers = null
	send.buffer.bytes = 131072
	socket.connection.setup.timeout.max.ms = 30000
	socket.connection.setup.timeout.ms = 10000
	ssl.cipher.suites = null
	ssl.enabled.protocols = [TLSv1.2, TLSv1.3]
	ssl.endpoint.identification.algorithm = https
	ssl.engine.factory.class = null
	ssl.key.password = null
	ssl.keymanager.algorithm = SunX509
	ssl.keystore.certificate.chain = null
	ssl.keystore.key = null
	ssl.keystore.location = null
	ssl.keystore.password = null
	ssl.keystore.type = JKS
	ssl.protocol = TLSv1.3
	ssl.provider = null
	ssl.secure.random.implementation = null
	ssl.trustmanager.algorithm = PKIX
	ssl.truststore.certificates = null
	ssl.truststore.location = null
	ssl.truststore.password = null
	ssl.truststore.type = JKS
	transaction.timeout.ms = 60000
	transactional.id = null
	value.serializer = class io.confluent.kafka.serializers.KafkaAvroSerializer

2025-07-31 02:27:13,057 INFO  [org.apa.kaf.com.tel.int.KafkaMetricsCollector] (main) initializing Kafka metrics collector
2025-07-31 02:27:13,057 INFO  [io.con.kaf.ser.KafkaAvroSerializerConfig] (main) KafkaAvroSerializerConfig values: 
	auto.register.schemas = false
	avro.reflection.allow.null = false
	avro.remove.java.properties = false
	avro.use.logical.type.converters = false
	basic.auth.credentials.source = URL
	basic.auth.user.info = [hidden]
	bearer.auth.cache.expiry.buffer.seconds = 300
	bearer.auth.client.id = null
	bearer.auth.client.secret = null
	bearer.auth.credentials.source = STATIC_TOKEN
	bearer.auth.custom.provider.class = null
	bearer.auth.identity.pool.id = null
	bearer.auth.issuer.endpoint.url = null
	bearer.auth.logical.cluster = null
	bearer.auth.scope = null
	bearer.auth.scope.claim.name = scope
	bearer.auth.sub.claim.name = sub
	bearer.auth.token = [hidden]
	context.name.strategy = class io.confluent.kafka.serializers.context.NullContextNameStrategy
	http.connect.timeout.ms = 60000
	http.read.timeout.ms = 60000
	id.compatibility.strict = true
	key.subject.name.strategy = class io.confluent.kafka.serializers.subject.TopicNameStrategy
	latest.cache.size = 1000
	latest.cache.ttl.sec = -1
	latest.compatibility.strict = true
	max.retries = 3
	max.schemas.per.subject = 1000
	normalize.schemas = false
	propagate.schema.tags = false
	proxy.host = 
	proxy.port = -1
	retries.max.wait.ms = 20000
	retries.wait.ms = 1000
	rule.actions = []
	rule.executors = []
	rule.service.loader.enable = true
	schema.format = null
	schema.reflection = false
	schema.registry.basic.auth.user.info = [hidden]
	schema.registry.ssl.cipher.suites = null
	schema.registry.ssl.enabled.protocols = [TLSv1.2, TLSv1.3]
	schema.registry.ssl.endpoint.identification.algorithm = https
	schema.registry.ssl.engine.factory.class = null
	schema.registry.ssl.key.password = null
	schema.registry.ssl.keymanager.algorithm = SunX509
	schema.registry.ssl.keystore.certificate.chain = null
	schema.registry.ssl.keystore.key = null
	schema.registry.ssl.keystore.location = null
	schema.registry.ssl.keystore.password = null
	schema.registry.ssl.keystore.type = JKS
	schema.registry.ssl.protocol = TLSv1.3
	schema.registry.ssl.provider = null
	schema.registry.ssl.secure.random.implementation = null
	schema.registry.ssl.trustmanager.algorithm = PKIX
	schema.registry.ssl.truststore.certificates = null
	schema.registry.ssl.truststore.location = null
	schema.registry.ssl.truststore.password = null
	schema.registry.ssl.truststore.type = JKS
	schema.registry.url = [http://registry-app-kafkasql.apps.ci419.apicurio-testing.org:80/apis/ccompat/v7]
	use.latest.version = false
	use.latest.with.metadata = null
	use.schema.id = -1
	value.subject.name.strategy = class io.confluent.kafka.serializers.subject.TopicRecordNameStrategy

2025-07-31 02:27:13,059 INFO  [org.apa.kaf.cli.pro.KafkaProducer] (main) [Producer clientId=Producer-topic-87c83b54_b302_461e_b374_65adb2c4a1d1] Instantiated an idempotent producer.
2025-07-31 02:27:13,060 INFO  [org.apa.kaf.cli.pro.ProducerConfig] (main) These configurations '[schema.registry.url, auto.register.schemas, value.subject.name.strategy]' were supplied but are not used yet.
2025-07-31 02:27:13,060 INFO  [org.apa.kaf.com.uti.AppInfoParser] (main) Kafka version: 3.9.0
2025-07-31 02:27:13,060 INFO  [org.apa.kaf.com.uti.AppInfoParser] (main) Kafka commitId: 84caaa6e9da06435
2025-07-31 02:27:13,060 INFO  [org.apa.kaf.com.uti.AppInfoParser] (main) Kafka startTimeMs: 1753928833060
2025-07-31 02:27:13,062 INFO  [io.api.tes.ser.api.KafkaSerdesTester] (Thread-352) Sending message {"key1": "value-0", "key2": "value-0", "key3": "value-0"} to topic topic-87c83b54_b302_461e_b374_65adb2c4a1d1
2025-07-31 02:27:13,064 INFO  [org.apa.kaf.cli.Metadata] (kafka-producer-network-thread | Producer-topic-87c83b54_b302_461e_b374_65adb2c4a1d1) [Producer clientId=Producer-topic-87c83b54_b302_461e_b374_65adb2c4a1d1] Cluster ID: MA4G_e_SRU2vGr9gzyfJLg
2025-07-31 02:27:13,064 INFO  [org.apa.kaf.cli.pro.int.TransactionManager] (kafka-producer-network-thread | Producer-topic-87c83b54_b302_461e_b374_65adb2c4a1d1) [Producer clientId=Producer-topic-87c83b54_b302_461e_b374_65adb2c4a1d1] ProducerId set to 39 with epoch 0
2025-07-31 02:27:13,107 INFO  [io.api.tes.ser.api.KafkaSerdesTester] (Thread-352) Sending message {"key1": "value-1", "key2": "value-1", "key3": "value-1"} to topic topic-87c83b54_b302_461e_b374_65adb2c4a1d1
2025-07-31 02:27:13,108 INFO  [io.api.tes.ser.api.KafkaSerdesTester] (Thread-352) Sending message {"key1": "value-2", "key2": "value-2", "key3": "value-2"} to topic topic-87c83b54_b302_461e_b374_65adb2c4a1d1
2025-07-31 02:27:13,110 INFO  [io.api.tes.ser.api.KafkaSerdesTester] (Thread-352) Sending message {"key1": "value-3", "key2": "value-3", "key3": "value-3"} to topic topic-87c83b54_b302_461e_b374_65adb2c4a1d1
2025-07-31 02:27:13,111 INFO  [io.api.tes.ser.api.KafkaSerdesTester] (Thread-352) Sending message {"key1": "value-4", "key2": "value-4", "key3": "value-4"} to topic topic-87c83b54_b302_461e_b374_65adb2c4a1d1
2025-07-31 02:27:13,112 INFO  [io.api.tes.ser.api.KafkaSerdesTester] (Thread-352) Sending message {"key1": "value-5", "key2": "value-5", "key3": "value-5"} to topic topic-87c83b54_b302_461e_b374_65adb2c4a1d1
2025-07-31 02:27:13,113 INFO  [io.api.tes.ser.api.KafkaSerdesTester] (Thread-352) Sending message {"key1": "value-6", "key2": "value-6", "key3": "value-6"} to topic topic-87c83b54_b302_461e_b374_65adb2c4a1d1
2025-07-31 02:27:13,117 INFO  [io.api.tes.ser.api.KafkaSerdesTester] (Thread-352) Sending message {"key1": "value-7", "key2": "value-7", "key3": "value-7"} to topic topic-87c83b54_b302_461e_b374_65adb2c4a1d1
2025-07-31 02:27:13,118 INFO  [io.api.tes.ser.api.KafkaSerdesTester] (Thread-352) Sending message {"key1": "value-8", "key2": "value-8", "key3": "value-8"} to topic topic-87c83b54_b302_461e_b374_65adb2c4a1d1
2025-07-31 02:27:13,119 INFO  [io.api.tes.ser.api.KafkaSerdesTester] (Thread-352) Sending message {"key1": "value-9", "key2": "value-9", "key3": "value-9"} to topic topic-87c83b54_b302_461e_b374_65adb2c4a1d1
2025-07-31 02:27:13,120 INFO  [io.api.tes.ser.api.KafkaSerdesTester] (Thread-352) Produced 10 messages
2025-07-31 02:27:13,120 INFO  [org.apa.kaf.cli.pro.KafkaProducer] (Thread-352) [Producer clientId=Producer-topic-87c83b54_b302_461e_b374_65adb2c4a1d1] Closing the Kafka producer with timeoutMillis = 9223372036854775807 ms.
2025-07-31 02:27:13,141 INFO  [org.apa.kaf.com.met.Metrics] (Thread-352) Metrics scheduler closed
2025-07-31 02:27:13,141 INFO  [org.apa.kaf.com.met.Metrics] (Thread-352) Closing reporter org.apache.kafka.common.metrics.JmxReporter
2025-07-31 02:27:13,141 INFO  [org.apa.kaf.com.met.Metrics] (Thread-352) Closing reporter org.apache.kafka.common.telemetry.internals.ClientTelemetryReporter
2025-07-31 02:27:13,141 INFO  [org.apa.kaf.com.met.Metrics] (Thread-352) Metrics reporters closed
2025-07-31 02:27:13,142 INFO  [org.apa.kaf.com.uti.AppInfoParser] (Thread-352) App info kafka.producer for Producer-topic-87c83b54_b302_461e_b374_65adb2c4a1d1 unregistered
2025-07-31 02:27:13,142 INFO  [org.apa.kaf.cli.pro.ProducerConfig] (main) ProducerConfig values: 
	acks = -1
	auto.include.jmx.reporter = true
	batch.size = 16384
	bootstrap.servers = [PLAINTEXT://localhost:32770]
	buffer.memory = 33554432
	client.dns.lookup = use_all_dns_ips
	client.id = Producer-topic-87c83b54_b302_461e_b374_65adb2c4a1d1
	compression.gzip.level = -1
	compression.lz4.level = 9
	compression.type = none
	compression.zstd.level = 3
	connections.max.idle.ms = 10000
	delivery.timeout.ms = 120000
	enable.idempotence = true
	enable.metrics.push = true
	interceptor.classes = []
	key.serializer = class org.apache.kafka.common.serialization.StringSerializer
	linger.ms = 0
	max.block.ms = 60000
	max.in.flight.requests.per.connection = 5
	max.request.size = 1048576
	metadata.max.age.ms = 300000
	metadata.max.idle.ms = 300000
	metadata.recovery.strategy = none
	metric.reporters = []
	metrics.num.samples = 2
	metrics.recording.level = INFO
	metrics.sample.window.ms = 30000
	partitioner.adaptive.partitioning.enable = true
	partitioner.availability.timeout.ms = 0
	partitioner.class = null
	partitioner.ignore.keys = false
	receive.buffer.bytes = 32768
	reconnect.backoff.max.ms = 1000
	reconnect.backoff.ms = 50
	request.timeout.ms = 5000
	retries = 2147483647
	retry.backoff.max.ms = 1000
	retry.backoff.ms = 100
	sasl.client.callback.handler.class = null
	sasl.jaas.config = null
	sasl.kerberos.kinit.cmd = /usr/bin/kinit
	sasl.kerberos.min.time.before.relogin = 60000
	sasl.kerberos.service.name = null
	sasl.kerberos.ticket.renew.jitter = 0.05
	sasl.kerberos.ticket.renew.window.factor = 0.8
	sasl.login.callback.handler.class = null
	sasl.login.class = null
	sasl.login.connect.timeout.ms = null
	sasl.login.read.timeout.ms = null
	sasl.login.refresh.buffer.seconds = 300
	sasl.login.refresh.min.period.seconds = 60
	sasl.login.refresh.window.factor = 0.8
	sasl.login.refresh.window.jitter = 0.05
	sasl.login.retry.backoff.max.ms = 10000
	sasl.login.retry.backoff.ms = 100
	sasl.mechanism = GSSAPI
	sasl.oauthbearer.clock.skew.seconds = 30
	sasl.oauthbearer.expected.audience = null
	sasl.oauthbearer.expected.issuer = null
	sasl.oauthbearer.header.urlencode = false
	sasl.oauthbearer.jwks.endpoint.refresh.ms = 3600000
	sasl.oauthbearer.jwks.endpoint.retry.backoff.max.ms = 10000
	sasl.oauthbearer.jwks.endpoint.retry.backoff.ms = 100
	sasl.oauthbearer.jwks.endpoint.url = null
	sasl.oauthbearer.scope.claim.name = scope
	sasl.oauthbearer.sub.claim.name = sub
	sasl.oauthbearer.token.endpoint.url = null
	security.protocol = PLAINTEXT
	security.providers = null
	send.buffer.bytes = 131072
	socket.connection.setup.timeout.max.ms = 30000
	socket.connection.setup.timeout.ms = 10000
	ssl.cipher.suites = null
	ssl.enabled.protocols = [TLSv1.2, TLSv1.3]
	ssl.endpoint.identification.algorithm = https
	ssl.engine.factory.class = null
	ssl.key.password = null
	ssl.keymanager.algorithm = SunX509
	ssl.keystore.certificate.chain = null
	ssl.keystore.key = null
	ssl.keystore.location = null
	ssl.keystore.password = null
	ssl.keystore.type = JKS
	ssl.protocol = TLSv1.3
	ssl.provider = null
	ssl.secure.random.implementation = null
	ssl.trustmanager.algorithm = PKIX
	ssl.truststore.certificates = null
	ssl.truststore.location = null
	ssl.truststore.password = null
	ssl.truststore.type = JKS
	transaction.timeout.ms = 60000
	transactional.id = null
	value.serializer = class io.confluent.kafka.serializers.KafkaAvroSerializer

2025-07-31 02:27:13,142 INFO  [org.apa.kaf.com.tel.int.KafkaMetricsCollector] (main) initializing Kafka metrics collector
2025-07-31 02:27:13,143 INFO  [io.con.kaf.ser.KafkaAvroSerializerConfig] (main) KafkaAvroSerializerConfig values: 
	auto.register.schemas = false
	avro.reflection.allow.null = false
	avro.remove.java.properties = false
	avro.use.logical.type.converters = false
	basic.auth.credentials.source = URL
	basic.auth.user.info = [hidden]
	bearer.auth.cache.expiry.buffer.seconds = 300
	bearer.auth.client.id = null
	bearer.auth.client.secret = null
	bearer.auth.credentials.source = STATIC_TOKEN
	bearer.auth.custom.provider.class = null
	bearer.auth.identity.pool.id = null
	bearer.auth.issuer.endpoint.url = null
	bearer.auth.logical.cluster = null
	bearer.auth.scope = null
	bearer.auth.scope.claim.name = scope
	bearer.auth.sub.claim.name = sub
	bearer.auth.token = [hidden]
	context.name.strategy = class io.confluent.kafka.serializers.context.NullContextNameStrategy
	http.connect.timeout.ms = 60000
	http.read.timeout.ms = 60000
	id.compatibility.strict = true
	key.subject.name.strategy = class io.confluent.kafka.serializers.subject.TopicNameStrategy
	latest.cache.size = 1000
	latest.cache.ttl.sec = -1
	latest.compatibility.strict = true
	max.retries = 3
	max.schemas.per.subject = 1000
	normalize.schemas = false
	propagate.schema.tags = false
	proxy.host = 
	proxy.port = -1
	retries.max.wait.ms = 20000
	retries.wait.ms = 1000
	rule.actions = []
	rule.executors = []
	rule.service.loader.enable = true
	schema.format = null
	schema.reflection = false
	schema.registry.basic.auth.user.info = [hidden]
	schema.registry.ssl.cipher.suites = null
	schema.registry.ssl.enabled.protocols = [TLSv1.2, TLSv1.3]
	schema.registry.ssl.endpoint.identification.algorithm = https
	schema.registry.ssl.engine.factory.class = null
	schema.registry.ssl.key.password = null
	schema.registry.ssl.keymanager.algorithm = SunX509
	schema.registry.ssl.keystore.certificate.chain = null
	schema.registry.ssl.keystore.key = null
	schema.registry.ssl.keystore.location = null
	schema.registry.ssl.keystore.password = null
	schema.registry.ssl.keystore.type = JKS
	schema.registry.ssl.protocol = TLSv1.3
	schema.registry.ssl.provider = null
	schema.registry.ssl.secure.random.implementation = null
	schema.registry.ssl.trustmanager.algorithm = PKIX
	schema.registry.ssl.truststore.certificates = null
	schema.registry.ssl.truststore.location = null
	schema.registry.ssl.truststore.password = null
	schema.registry.ssl.truststore.type = JKS
	schema.registry.url = [http://registry-app-kafkasql.apps.ci419.apicurio-testing.org:80/apis/ccompat/v7]
	use.latest.version = false
	use.latest.with.metadata = null
	use.schema.id = -1
	value.subject.name.strategy = class io.confluent.kafka.serializers.subject.TopicRecordNameStrategy

2025-07-31 02:27:13,144 INFO  [org.apa.kaf.cli.pro.KafkaProducer] (main) [Producer clientId=Producer-topic-87c83b54_b302_461e_b374_65adb2c4a1d1] Instantiated an idempotent producer.
2025-07-31 02:27:13,145 INFO  [org.apa.kaf.cli.pro.ProducerConfig] (main) These configurations '[schema.registry.url, auto.register.schemas, value.subject.name.strategy]' were supplied but are not used yet.
2025-07-31 02:27:13,145 INFO  [org.apa.kaf.com.uti.AppInfoParser] (main) Kafka version: 3.9.0
2025-07-31 02:27:13,146 INFO  [org.apa.kaf.com.uti.AppInfoParser] (main) Kafka commitId: 84caaa6e9da06435
2025-07-31 02:27:13,146 INFO  [org.apa.kaf.com.uti.AppInfoParser] (main) Kafka startTimeMs: 1753928833145
2025-07-31 02:27:13,148 INFO  [io.api.tes.ser.api.KafkaSerdesTester] (Thread-353) Sending message {"key1": "value-0", "key2": "value-0"} to topic topic-87c83b54_b302_461e_b374_65adb2c4a1d1
2025-07-31 02:27:13,149 INFO  [org.apa.kaf.cli.Metadata] (kafka-producer-network-thread | Producer-topic-87c83b54_b302_461e_b374_65adb2c4a1d1) [Producer clientId=Producer-topic-87c83b54_b302_461e_b374_65adb2c4a1d1] Cluster ID: MA4G_e_SRU2vGr9gzyfJLg
2025-07-31 02:27:13,150 INFO  [org.apa.kaf.cli.pro.int.TransactionManager] (kafka-producer-network-thread | Producer-topic-87c83b54_b302_461e_b374_65adb2c4a1d1) [Producer clientId=Producer-topic-87c83b54_b302_461e_b374_65adb2c4a1d1] ProducerId set to 40 with epoch 0
2025-07-31 02:27:13,192 INFO  [io.api.tes.ser.api.KafkaSerdesTester] (Thread-353) Sending message {"key1": "value-1", "key2": "value-1"} to topic topic-87c83b54_b302_461e_b374_65adb2c4a1d1
2025-07-31 02:27:13,193 INFO  [io.api.tes.ser.api.KafkaSerdesTester] (Thread-353) Sending message {"key1": "value-2", "key2": "value-2"} to topic topic-87c83b54_b302_461e_b374_65adb2c4a1d1
2025-07-31 02:27:13,194 INFO  [io.api.tes.ser.api.KafkaSerdesTester] (Thread-353) Sending message {"key1": "value-3", "key2": "value-3"} to topic topic-87c83b54_b302_461e_b374_65adb2c4a1d1
2025-07-31 02:27:13,198 INFO  [io.api.tes.ser.api.KafkaSerdesTester] (Thread-353) Sending message {"key1": "value-4", "key2": "value-4"} to topic topic-87c83b54_b302_461e_b374_65adb2c4a1d1
2025-07-31 02:27:13,201 INFO  [io.api.tes.ser.api.KafkaSerdesTester] (Thread-353) Sending message {"key1": "value-5", "key2": "value-5"} to topic topic-87c83b54_b302_461e_b374_65adb2c4a1d1
2025-07-31 02:27:13,204 INFO  [io.api.tes.ser.api.KafkaSerdesTester] (Thread-353) Sending message {"key1": "value-6", "key2": "value-6"} to topic topic-87c83b54_b302_461e_b374_65adb2c4a1d1
2025-07-31 02:27:13,205 INFO  [io.api.tes.ser.api.KafkaSerdesTester] (Thread-353) Sending message {"key1": "value-7", "key2": "value-7"} to topic topic-87c83b54_b302_461e_b374_65adb2c4a1d1
2025-07-31 02:27:13,210 INFO  [io.api.tes.ser.api.KafkaSerdesTester] (Thread-353) Sending message {"key1": "value-8", "key2": "value-8"} to topic topic-87c83b54_b302_461e_b374_65adb2c4a1d1
2025-07-31 02:27:13,211 INFO  [io.api.tes.ser.api.KafkaSerdesTester] (Thread-353) Sending message {"key1": "value-9", "key2": "value-9"} to topic topic-87c83b54_b302_461e_b374_65adb2c4a1d1
2025-07-31 02:27:13,212 INFO  [io.api.tes.ser.api.KafkaSerdesTester] (Thread-353) Produced 10 messages
2025-07-31 02:27:13,212 INFO  [org.apa.kaf.cli.pro.KafkaProducer] (Thread-353) [Producer clientId=Producer-topic-87c83b54_b302_461e_b374_65adb2c4a1d1] Closing the Kafka producer with timeoutMillis = 9223372036854775807 ms.
2025-07-31 02:27:13,217 INFO  [org.apa.kaf.com.met.Metrics] (Thread-353) Metrics scheduler closed
2025-07-31 02:27:13,217 INFO  [org.apa.kaf.com.met.Metrics] (Thread-353) Closing reporter org.apache.kafka.common.metrics.JmxReporter
2025-07-31 02:27:13,217 INFO  [org.apa.kaf.com.met.Metrics] (Thread-353) Closing reporter org.apache.kafka.common.telemetry.internals.ClientTelemetryReporter
2025-07-31 02:27:13,217 INFO  [org.apa.kaf.com.met.Metrics] (Thread-353) Metrics reporters closed
2025-07-31 02:27:13,217 INFO  [org.apa.kaf.com.uti.AppInfoParser] (Thread-353) App info kafka.producer for Producer-topic-87c83b54_b302_461e_b374_65adb2c4a1d1 unregistered
2025-07-31 02:27:13,217 INFO  [org.apa.kaf.cli.pro.ProducerConfig] (main) ProducerConfig values: 
	acks = -1
	auto.include.jmx.reporter = true
	batch.size = 16384
	bootstrap.servers = [PLAINTEXT://localhost:32770]
	buffer.memory = 33554432
	client.dns.lookup = use_all_dns_ips
	client.id = Producer-topic-87c83b54_b302_461e_b374_65adb2c4a1d1
	compression.gzip.level = -1
	compression.lz4.level = 9
	compression.type = none
	compression.zstd.level = 3
	connections.max.idle.ms = 10000
	delivery.timeout.ms = 120000
	enable.idempotence = true
	enable.metrics.push = true
	interceptor.classes = []
	key.serializer = class org.apache.kafka.common.serialization.StringSerializer
	linger.ms = 0
	max.block.ms = 60000
	max.in.flight.requests.per.connection = 5
	max.request.size = 1048576
	metadata.max.age.ms = 300000
	metadata.max.idle.ms = 300000
	metadata.recovery.strategy = none
	metric.reporters = []
	metrics.num.samples = 2
	metrics.recording.level = INFO
	metrics.sample.window.ms = 30000
	partitioner.adaptive.partitioning.enable = true
	partitioner.availability.timeout.ms = 0
	partitioner.class = null
	partitioner.ignore.keys = false
	receive.buffer.bytes = 32768
	reconnect.backoff.max.ms = 1000
	reconnect.backoff.ms = 50
	request.timeout.ms = 5000
	retries = 2147483647
	retry.backoff.max.ms = 1000
	retry.backoff.ms = 100
	sasl.client.callback.handler.class = null
	sasl.jaas.config = null
	sasl.kerberos.kinit.cmd = /usr/bin/kinit
	sasl.kerberos.min.time.before.relogin = 60000
	sasl.kerberos.service.name = null
	sasl.kerberos.ticket.renew.jitter = 0.05
	sasl.kerberos.ticket.renew.window.factor = 0.8
	sasl.login.callback.handler.class = null
	sasl.login.class = null
	sasl.login.connect.timeout.ms = null
	sasl.login.read.timeout.ms = null
	sasl.login.refresh.buffer.seconds = 300
	sasl.login.refresh.min.period.seconds = 60
	sasl.login.refresh.window.factor = 0.8
	sasl.login.refresh.window.jitter = 0.05
	sasl.login.retry.backoff.max.ms = 10000
	sasl.login.retry.backoff.ms = 100
	sasl.mechanism = GSSAPI
	sasl.oauthbearer.clock.skew.seconds = 30
	sasl.oauthbearer.expected.audience = null
	sasl.oauthbearer.expected.issuer = null
	sasl.oauthbearer.header.urlencode = false
	sasl.oauthbearer.jwks.endpoint.refresh.ms = 3600000
	sasl.oauthbearer.jwks.endpoint.retry.backoff.max.ms = 10000
	sasl.oauthbearer.jwks.endpoint.retry.backoff.ms = 100
	sasl.oauthbearer.jwks.endpoint.url = null
	sasl.oauthbearer.scope.claim.name = scope
	sasl.oauthbearer.sub.claim.name = sub
	sasl.oauthbearer.token.endpoint.url = null
	security.protocol = PLAINTEXT
	security.providers = null
	send.buffer.bytes = 131072
	socket.connection.setup.timeout.max.ms = 30000
	socket.connection.setup.timeout.ms = 10000
	ssl.cipher.suites = null
	ssl.enabled.protocols = [TLSv1.2, TLSv1.3]
	ssl.endpoint.identification.algorithm = https
	ssl.engine.factory.class = null
	ssl.key.password = null
	ssl.keymanager.algorithm = SunX509
	ssl.keystore.certificate.chain = null
	ssl.keystore.key = null
	ssl.keystore.location = null
	ssl.keystore.password = null
	ssl.keystore.type = JKS
	ssl.protocol = TLSv1.3
	ssl.provider = null
	ssl.secure.random.implementation = null
	ssl.trustmanager.algorithm = PKIX
	ssl.truststore.certificates = null
	ssl.truststore.location = null
	ssl.truststore.password = null
	ssl.truststore.type = JKS
	transaction.timeout.ms = 60000
	transactional.id = null
	value.serializer = class io.confluent.kafka.serializers.KafkaAvroSerializer

2025-07-31 02:27:13,218 INFO  [org.apa.kaf.com.tel.int.KafkaMetricsCollector] (main) initializing Kafka metrics collector
2025-07-31 02:27:13,220 INFO  [io.con.kaf.ser.KafkaAvroSerializerConfig] (main) KafkaAvroSerializerConfig values: 
	auto.register.schemas = false
	avro.reflection.allow.null = false
	avro.remove.java.properties = false
	avro.use.logical.type.converters = false
	basic.auth.credentials.source = URL
	basic.auth.user.info = [hidden]
	bearer.auth.cache.expiry.buffer.seconds = 300
	bearer.auth.client.id = null
	bearer.auth.client.secret = null
	bearer.auth.credentials.source = STATIC_TOKEN
	bearer.auth.custom.provider.class = null
	bearer.auth.identity.pool.id = null
	bearer.auth.issuer.endpoint.url = null
	bearer.auth.logical.cluster = null
	bearer.auth.scope = null
	bearer.auth.scope.claim.name = scope
	bearer.auth.sub.claim.name = sub
	bearer.auth.token = [hidden]
	context.name.strategy = class io.confluent.kafka.serializers.context.NullContextNameStrategy
	http.connect.timeout.ms = 60000
	http.read.timeout.ms = 60000
	id.compatibility.strict = true
	key.subject.name.strategy = class io.confluent.kafka.serializers.subject.TopicNameStrategy
	latest.cache.size = 1000
	latest.cache.ttl.sec = -1
	latest.compatibility.strict = true
	max.retries = 3
	max.schemas.per.subject = 1000
	normalize.schemas = false
	propagate.schema.tags = false
	proxy.host = 
	proxy.port = -1
	retries.max.wait.ms = 20000
	retries.wait.ms = 1000
	rule.actions = []
	rule.executors = []
	rule.service.loader.enable = true
	schema.format = null
	schema.reflection = false
	schema.registry.basic.auth.user.info = [hidden]
	schema.registry.ssl.cipher.suites = null
	schema.registry.ssl.enabled.protocols = [TLSv1.2, TLSv1.3]
	schema.registry.ssl.endpoint.identification.algorithm = https
	schema.registry.ssl.engine.factory.class = null
	schema.registry.ssl.key.password = null
	schema.registry.ssl.keymanager.algorithm = SunX509
	schema.registry.ssl.keystore.certificate.chain = null
	schema.registry.ssl.keystore.key = null
	schema.registry.ssl.keystore.location = null
	schema.registry.ssl.keystore.password = null
	schema.registry.ssl.keystore.type = JKS
	schema.registry.ssl.protocol = TLSv1.3
	schema.registry.ssl.provider = null
	schema.registry.ssl.secure.random.implementation = null
	schema.registry.ssl.trustmanager.algorithm = PKIX
	schema.registry.ssl.truststore.certificates = null
	schema.registry.ssl.truststore.location = null
	schema.registry.ssl.truststore.password = null
	schema.registry.ssl.truststore.type = JKS
	schema.registry.url = [http://registry-app-kafkasql.apps.ci419.apicurio-testing.org:80/apis/ccompat/v7]
	use.latest.version = false
	use.latest.with.metadata = null
	use.schema.id = -1
	value.subject.name.strategy = class io.confluent.kafka.serializers.subject.TopicRecordNameStrategy

2025-07-31 02:27:13,222 INFO  [org.apa.kaf.cli.pro.KafkaProducer] (main) [Producer clientId=Producer-topic-87c83b54_b302_461e_b374_65adb2c4a1d1] Instantiated an idempotent producer.
2025-07-31 02:27:13,224 INFO  [org.apa.kaf.cli.pro.ProducerConfig] (main) These configurations '[schema.registry.url, auto.register.schemas, value.subject.name.strategy]' were supplied but are not used yet.
2025-07-31 02:27:13,224 INFO  [org.apa.kaf.com.uti.AppInfoParser] (main) Kafka version: 3.9.0
2025-07-31 02:27:13,224 INFO  [org.apa.kaf.com.uti.AppInfoParser] (main) Kafka commitId: 84caaa6e9da06435
2025-07-31 02:27:13,224 INFO  [org.apa.kaf.com.uti.AppInfoParser] (main) Kafka startTimeMs: 1753928833224
2025-07-31 02:27:13,226 INFO  [io.api.tes.ser.api.KafkaSerdesTester] (Thread-354) Sending message {"key1": "value-0"} to topic topic-87c83b54_b302_461e_b374_65adb2c4a1d1
2025-07-31 02:27:13,229 INFO  [org.apa.kaf.cli.Metadata] (kafka-producer-network-thread | Producer-topic-87c83b54_b302_461e_b374_65adb2c4a1d1) [Producer clientId=Producer-topic-87c83b54_b302_461e_b374_65adb2c4a1d1] Cluster ID: MA4G_e_SRU2vGr9gzyfJLg
2025-07-31 02:27:13,229 INFO  [org.apa.kaf.cli.pro.int.TransactionManager] (kafka-producer-network-thread | Producer-topic-87c83b54_b302_461e_b374_65adb2c4a1d1) [Producer clientId=Producer-topic-87c83b54_b302_461e_b374_65adb2c4a1d1] ProducerId set to 41 with epoch 0
2025-07-31 02:27:13,276 INFO  [io.api.tes.ser.api.KafkaSerdesTester] (Thread-354) Sending message {"key1": "value-1"} to topic topic-87c83b54_b302_461e_b374_65adb2c4a1d1
2025-07-31 02:27:13,277 INFO  [io.api.tes.ser.api.KafkaSerdesTester] (Thread-354) Sending message {"key1": "value-2"} to topic topic-87c83b54_b302_461e_b374_65adb2c4a1d1
2025-07-31 02:27:13,278 INFO  [io.api.tes.ser.api.KafkaSerdesTester] (Thread-354) Sending message {"key1": "value-3"} to topic topic-87c83b54_b302_461e_b374_65adb2c4a1d1
2025-07-31 02:27:13,279 INFO  [io.api.tes.ser.api.KafkaSerdesTester] (Thread-354) Sending message {"key1": "value-4"} to topic topic-87c83b54_b302_461e_b374_65adb2c4a1d1
2025-07-31 02:27:13,280 INFO  [io.api.tes.ser.api.KafkaSerdesTester] (Thread-354) Sending message {"key1": "value-5"} to topic topic-87c83b54_b302_461e_b374_65adb2c4a1d1
2025-07-31 02:27:13,280 INFO  [io.api.tes.ser.api.KafkaSerdesTester] (Thread-354) Sending message {"key1": "value-6"} to topic topic-87c83b54_b302_461e_b374_65adb2c4a1d1
2025-07-31 02:27:13,282 INFO  [io.api.tes.ser.api.KafkaSerdesTester] (Thread-354) Sending message {"key1": "value-7"} to topic topic-87c83b54_b302_461e_b374_65adb2c4a1d1
2025-07-31 02:27:13,283 INFO  [io.api.tes.ser.api.KafkaSerdesTester] (Thread-354) Sending message {"key1": "value-8"} to topic topic-87c83b54_b302_461e_b374_65adb2c4a1d1
2025-07-31 02:27:13,284 INFO  [io.api.tes.ser.api.KafkaSerdesTester] (Thread-354) Sending message {"key1": "value-9"} to topic topic-87c83b54_b302_461e_b374_65adb2c4a1d1
2025-07-31 02:27:13,284 INFO  [io.api.tes.ser.api.KafkaSerdesTester] (Thread-354) Produced 10 messages
2025-07-31 02:27:13,285 INFO  [org.apa.kaf.cli.pro.KafkaProducer] (Thread-354) [Producer clientId=Producer-topic-87c83b54_b302_461e_b374_65adb2c4a1d1] Closing the Kafka producer with timeoutMillis = 9223372036854775807 ms.
2025-07-31 02:27:13,286 INFO  [org.apa.kaf.com.met.Metrics] (Thread-354) Metrics scheduler closed
2025-07-31 02:27:13,286 INFO  [org.apa.kaf.com.met.Metrics] (Thread-354) Closing reporter org.apache.kafka.common.metrics.JmxReporter
2025-07-31 02:27:13,286 INFO  [org.apa.kaf.com.met.Metrics] (Thread-354) Closing reporter org.apache.kafka.common.telemetry.internals.ClientTelemetryReporter
2025-07-31 02:27:13,286 INFO  [org.apa.kaf.com.met.Metrics] (Thread-354) Metrics reporters closed
2025-07-31 02:27:13,286 INFO  [org.apa.kaf.com.uti.AppInfoParser] (Thread-354) App info kafka.producer for Producer-topic-87c83b54_b302_461e_b374_65adb2c4a1d1 unregistered
2025-07-31 02:27:13,287 INFO  [org.apa.kaf.cli.con.ConsumerConfig] (main) ConsumerConfig values: 
	allow.auto.create.topics = true
	auto.commit.interval.ms = 500
	auto.include.jmx.reporter = true
	auto.offset.reset = earliest
	bootstrap.servers = [PLAINTEXT://localhost:32770]
	check.crcs = true
	client.dns.lookup = use_all_dns_ips
	client.id = consumer-Consumer-topic-87c83b54_b302_461e_b374_65adb2c4a1d1-29
	client.rack = 
	connections.max.idle.ms = 10000
	default.api.timeout.ms = 60000
	enable.auto.commit = true
	enable.metrics.push = true
	exclude.internal.topics = true
	fetch.max.bytes = 52428800
	fetch.max.wait.ms = 500
	fetch.min.bytes = 1
	group.id = Consumer-topic-87c83b54_b302_461e_b374_65adb2c4a1d1
	group.instance.id = null
	group.protocol = classic
	group.remote.assignor = null
	heartbeat.interval.ms = 3000
	interceptor.classes = []
	internal.leave.group.on.close = true
	internal.throw.on.fetch.stable.offset.unsupported = false
	isolation.level = read_uncommitted
	key.deserializer = class org.apache.kafka.common.serialization.StringDeserializer
	max.partition.fetch.bytes = 1048576
	max.poll.interval.ms = 300000
	max.poll.records = 500
	metadata.max.age.ms = 300000
	metadata.recovery.strategy = none
	metric.reporters = []
	metrics.num.samples = 2
	metrics.recording.level = INFO
	metrics.sample.window.ms = 30000
	partition.assignment.strategy = [class org.apache.kafka.clients.consumer.RangeAssignor, class org.apache.kafka.clients.consumer.CooperativeStickyAssignor]
	receive.buffer.bytes = 65536
	reconnect.backoff.max.ms = 1000
	reconnect.backoff.ms = 50
	request.timeout.ms = 5000
	retry.backoff.max.ms = 1000
	retry.backoff.ms = 100
	sasl.client.callback.handler.class = null
	sasl.jaas.config = null
	sasl.kerberos.kinit.cmd = /usr/bin/kinit
	sasl.kerberos.min.time.before.relogin = 60000
	sasl.kerberos.service.name = null
	sasl.kerberos.ticket.renew.jitter = 0.05
	sasl.kerberos.ticket.renew.window.factor = 0.8
	sasl.login.callback.handler.class = null
	sasl.login.class = null
	sasl.login.connect.timeout.ms = null
	sasl.login.read.timeout.ms = null
	sasl.login.refresh.buffer.seconds = 300
	sasl.login.refresh.min.period.seconds = 60
	sasl.login.refresh.window.factor = 0.8
	sasl.login.refresh.window.jitter = 0.05
	sasl.login.retry.backoff.max.ms = 10000
	sasl.login.retry.backoff.ms = 100
	sasl.mechanism = GSSAPI
	sasl.oauthbearer.clock.skew.seconds = 30
	sasl.oauthbearer.expected.audience = null
	sasl.oauthbearer.expected.issuer = null
	sasl.oauthbearer.header.urlencode = false
	sasl.oauthbearer.jwks.endpoint.refresh.ms = 3600000
	sasl.oauthbearer.jwks.endpoint.retry.backoff.max.ms = 10000
	sasl.oauthbearer.jwks.endpoint.retry.backoff.ms = 100
	sasl.oauthbearer.jwks.endpoint.url = null
	sasl.oauthbearer.scope.claim.name = scope
	sasl.oauthbearer.sub.claim.name = sub
	sasl.oauthbearer.token.endpoint.url = null
	security.protocol = PLAINTEXT
	security.providers = null
	send.buffer.bytes = 131072
	session.timeout.ms = 45000
	socket.connection.setup.timeout.max.ms = 30000
	socket.connection.setup.timeout.ms = 10000
	ssl.cipher.suites = null
	ssl.enabled.protocols = [TLSv1.2, TLSv1.3]
	ssl.endpoint.identification.algorithm = https
	ssl.engine.factory.class = null
	ssl.key.password = null
	ssl.keymanager.algorithm = SunX509
	ssl.keystore.certificate.chain = null
	ssl.keystore.key = null
	ssl.keystore.location = null
	ssl.keystore.password = null
	ssl.keystore.type = JKS
	ssl.protocol = TLSv1.3
	ssl.provider = null
	ssl.secure.random.implementation = null
	ssl.trustmanager.algorithm = PKIX
	ssl.truststore.certificates = null
	ssl.truststore.location = null
	ssl.truststore.password = null
	ssl.truststore.type = JKS
	value.deserializer = class io.confluent.kafka.serializers.KafkaAvroDeserializer

2025-07-31 02:27:13,287 INFO  [org.apa.kaf.com.tel.int.KafkaMetricsCollector] (main) initializing Kafka metrics collector
2025-07-31 02:27:13,288 INFO  [io.con.kaf.ser.KafkaAvroDeserializerConfig] (main) KafkaAvroDeserializerConfig values: 
	auto.register.schemas = true
	avro.reflection.allow.null = false
	avro.use.logical.type.converters = false
	basic.auth.credentials.source = URL
	basic.auth.user.info = [hidden]
	bearer.auth.cache.expiry.buffer.seconds = 300
	bearer.auth.client.id = null
	bearer.auth.client.secret = null
	bearer.auth.credentials.source = STATIC_TOKEN
	bearer.auth.custom.provider.class = null
	bearer.auth.identity.pool.id = null
	bearer.auth.issuer.endpoint.url = null
	bearer.auth.logical.cluster = null
	bearer.auth.scope = null
	bearer.auth.scope.claim.name = scope
	bearer.auth.sub.claim.name = sub
	bearer.auth.token = [hidden]
	context.name.strategy = class io.confluent.kafka.serializers.context.NullContextNameStrategy
	http.connect.timeout.ms = 60000
	http.read.timeout.ms = 60000
	id.compatibility.strict = true
	key.subject.name.strategy = class io.confluent.kafka.serializers.subject.TopicNameStrategy
	latest.cache.size = 1000
	latest.cache.ttl.sec = -1
	latest.compatibility.strict = true
	max.retries = 3
	max.schemas.per.subject = 1000
	normalize.schemas = false
	propagate.schema.tags = false
	proxy.host = 
	proxy.port = -1
	retries.max.wait.ms = 20000
	retries.wait.ms = 1000
	rule.actions = []
	rule.executors = []
	rule.service.loader.enable = true
	schema.format = null
	schema.reflection = false
	schema.registry.basic.auth.user.info = [hidden]
	schema.registry.ssl.cipher.suites = null
	schema.registry.ssl.enabled.protocols = [TLSv1.2, TLSv1.3]
	schema.registry.ssl.endpoint.identification.algorithm = https
	schema.registry.ssl.engine.factory.class = null
	schema.registry.ssl.key.password = null
	schema.registry.ssl.keymanager.algorithm = SunX509
	schema.registry.ssl.keystore.certificate.chain = null
	schema.registry.ssl.keystore.key = null
	schema.registry.ssl.keystore.location = null
	schema.registry.ssl.keystore.password = null
	schema.registry.ssl.keystore.type = JKS
	schema.registry.ssl.protocol = TLSv1.3
	schema.registry.ssl.provider = null
	schema.registry.ssl.secure.random.implementation = null
	schema.registry.ssl.trustmanager.algorithm = PKIX
	schema.registry.ssl.truststore.certificates = null
	schema.registry.ssl.truststore.location = null
	schema.registry.ssl.truststore.password = null
	schema.registry.ssl.truststore.type = JKS
	schema.registry.url = [http://registry-app-kafkasql.apps.ci419.apicurio-testing.org:80/apis/ccompat/v7]
	specific.avro.key.type = null
	specific.avro.reader = false
	specific.avro.value.type = null
	use.latest.version = false
	use.latest.with.metadata = null
	use.schema.id = -1
	value.subject.name.strategy = class io.confluent.kafka.serializers.subject.TopicNameStrategy

2025-07-31 02:27:13,288 INFO  [io.con.kaf.ser.KafkaAvroDeserializerConfig] (main) KafkaAvroDeserializerConfig values: 
	auto.register.schemas = true
	avro.reflection.allow.null = false
	avro.use.logical.type.converters = false
	basic.auth.credentials.source = URL
	basic.auth.user.info = [hidden]
	bearer.auth.cache.expiry.buffer.seconds = 300
	bearer.auth.client.id = null
	bearer.auth.client.secret = null
	bearer.auth.credentials.source = STATIC_TOKEN
	bearer.auth.custom.provider.class = null
	bearer.auth.identity.pool.id = null
	bearer.auth.issuer.endpoint.url = null
	bearer.auth.logical.cluster = null
	bearer.auth.scope = null
	bearer.auth.scope.claim.name = scope
	bearer.auth.sub.claim.name = sub
	bearer.auth.token = [hidden]
	context.name.strategy = class io.confluent.kafka.serializers.context.NullContextNameStrategy
	http.connect.timeout.ms = 60000
	http.read.timeout.ms = 60000
	id.compatibility.strict = true
	key.subject.name.strategy = class io.confluent.kafka.serializers.subject.TopicNameStrategy
	latest.cache.size = 1000
	latest.cache.ttl.sec = -1
	latest.compatibility.strict = true
	max.retries = 3
	max.schemas.per.subject = 1000
	normalize.schemas = false
	propagate.schema.tags = false
	proxy.host = 
	proxy.port = -1
	retries.max.wait.ms = 20000
	retries.wait.ms = 1000
	rule.actions = []
	rule.executors = []
	rule.service.loader.enable = true
	schema.format = null
	schema.reflection = false
	schema.registry.basic.auth.user.info = [hidden]
	schema.registry.ssl.cipher.suites = null
	schema.registry.ssl.enabled.protocols = [TLSv1.2, TLSv1.3]
	schema.registry.ssl.endpoint.identification.algorithm = https
	schema.registry.ssl.engine.factory.class = null
	schema.registry.ssl.key.password = null
	schema.registry.ssl.keymanager.algorithm = SunX509
	schema.registry.ssl.keystore.certificate.chain = null
	schema.registry.ssl.keystore.key = null
	schema.registry.ssl.keystore.location = null
	schema.registry.ssl.keystore.password = null
	schema.registry.ssl.keystore.type = JKS
	schema.registry.ssl.protocol = TLSv1.3
	schema.registry.ssl.provider = null
	schema.registry.ssl.secure.random.implementation = null
	schema.registry.ssl.trustmanager.algorithm = PKIX
	schema.registry.ssl.truststore.certificates = null
	schema.registry.ssl.truststore.location = null
	schema.registry.ssl.truststore.password = null
	schema.registry.ssl.truststore.type = JKS
	schema.registry.url = [http://registry-app-kafkasql.apps.ci419.apicurio-testing.org:80/apis/ccompat/v7]
	specific.avro.key.type = null
	specific.avro.reader = false
	specific.avro.value.type = null
	use.latest.version = false
	use.latest.with.metadata = null
	use.schema.id = -1
	value.subject.name.strategy = class io.confluent.kafka.serializers.subject.TopicNameStrategy

2025-07-31 02:27:13,292 INFO  [org.apa.kaf.cli.con.ConsumerConfig] (main) These configurations '[schema.registry.url]' were supplied but are not used yet.
2025-07-31 02:27:13,292 INFO  [org.apa.kaf.com.uti.AppInfoParser] (main) Kafka version: 3.9.0
2025-07-31 02:27:13,292 INFO  [org.apa.kaf.com.uti.AppInfoParser] (main) Kafka commitId: 84caaa6e9da06435
2025-07-31 02:27:13,292 INFO  [org.apa.kaf.com.uti.AppInfoParser] (main) Kafka startTimeMs: 1753928833292
2025-07-31 02:27:13,293 INFO  [org.apa.kaf.cli.con.int.ClassicKafkaConsumer] (Thread-355) [Consumer clientId=consumer-Consumer-topic-87c83b54_b302_461e_b374_65adb2c4a1d1-29, groupId=Consumer-topic-87c83b54_b302_461e_b374_65adb2c4a1d1] Subscribed to topic(s): topic-87c83b54_b302_461e_b374_65adb2c4a1d1
2025-07-31 02:27:13,296 INFO  [org.apa.kaf.cli.Metadata] (Thread-355) [Consumer clientId=consumer-Consumer-topic-87c83b54_b302_461e_b374_65adb2c4a1d1-29, groupId=Consumer-topic-87c83b54_b302_461e_b374_65adb2c4a1d1] Cluster ID: MA4G_e_SRU2vGr9gzyfJLg
2025-07-31 02:27:13,296 INFO  [org.apa.kaf.cli.con.int.ConsumerCoordinator] (Thread-355) [Consumer clientId=consumer-Consumer-topic-87c83b54_b302_461e_b374_65adb2c4a1d1-29, groupId=Consumer-topic-87c83b54_b302_461e_b374_65adb2c4a1d1] Discovered group coordinator localhost:32770 (id: 2147483647 rack: null)
2025-07-31 02:27:13,298 INFO  [org.apa.kaf.cli.con.int.ConsumerCoordinator] (Thread-355) [Consumer clientId=consumer-Consumer-topic-87c83b54_b302_461e_b374_65adb2c4a1d1-29, groupId=Consumer-topic-87c83b54_b302_461e_b374_65adb2c4a1d1] (Re-)joining group
2025-07-31 02:27:13,300 INFO  [org.apa.kaf.cli.con.int.ConsumerCoordinator] (Thread-355) [Consumer clientId=consumer-Consumer-topic-87c83b54_b302_461e_b374_65adb2c4a1d1-29, groupId=Consumer-topic-87c83b54_b302_461e_b374_65adb2c4a1d1] Request joining group due to: need to re-join with the given member-id: consumer-Consumer-topic-87c83b54_b302_461e_b374_65adb2c4a1d1-29-02bcc76a-cc78-4891-885f-0494e6767d3d
2025-07-31 02:27:13,300 INFO  [org.apa.kaf.cli.con.int.ConsumerCoordinator] (Thread-355) [Consumer clientId=consumer-Consumer-topic-87c83b54_b302_461e_b374_65adb2c4a1d1-29, groupId=Consumer-topic-87c83b54_b302_461e_b374_65adb2c4a1d1] (Re-)joining group
2025-07-31 02:27:13,301 INFO  [org.apa.kaf.cli.con.int.ConsumerCoordinator] (Thread-355) [Consumer clientId=consumer-Consumer-topic-87c83b54_b302_461e_b374_65adb2c4a1d1-29, groupId=Consumer-topic-87c83b54_b302_461e_b374_65adb2c4a1d1] Successfully joined group with generation Generation{generationId=5, memberId='consumer-Consumer-topic-87c83b54_b302_461e_b374_65adb2c4a1d1-29-02bcc76a-cc78-4891-885f-0494e6767d3d', protocol='range'}
2025-07-31 02:27:13,302 INFO  [org.apa.kaf.cli.con.int.ConsumerCoordinator] (Thread-355) [Consumer clientId=consumer-Consumer-topic-87c83b54_b302_461e_b374_65adb2c4a1d1-29, groupId=Consumer-topic-87c83b54_b302_461e_b374_65adb2c4a1d1] Finished assignment for group at generation 5: {consumer-Consumer-topic-87c83b54_b302_461e_b374_65adb2c4a1d1-29-02bcc76a-cc78-4891-885f-0494e6767d3d=Assignment(partitions=[topic-87c83b54_b302_461e_b374_65adb2c4a1d1-0])}
2025-07-31 02:27:13,304 INFO  [org.apa.kaf.cli.con.int.ConsumerCoordinator] (Thread-355) [Consumer clientId=consumer-Consumer-topic-87c83b54_b302_461e_b374_65adb2c4a1d1-29, groupId=Consumer-topic-87c83b54_b302_461e_b374_65adb2c4a1d1] Successfully synced group in generation Generation{generationId=5, memberId='consumer-Consumer-topic-87c83b54_b302_461e_b374_65adb2c4a1d1-29-02bcc76a-cc78-4891-885f-0494e6767d3d', protocol='range'}
2025-07-31 02:27:13,304 INFO  [org.apa.kaf.cli.con.int.ConsumerCoordinator] (Thread-355) [Consumer clientId=consumer-Consumer-topic-87c83b54_b302_461e_b374_65adb2c4a1d1-29, groupId=Consumer-topic-87c83b54_b302_461e_b374_65adb2c4a1d1] Notifying assignor about the new Assignment(partitions=[topic-87c83b54_b302_461e_b374_65adb2c4a1d1-0])
2025-07-31 02:27:13,304 INFO  [org.apa.kaf.cli.con.int.ConsumerRebalanceListenerInvoker] (Thread-355) [Consumer clientId=consumer-Consumer-topic-87c83b54_b302_461e_b374_65adb2c4a1d1-29, groupId=Consumer-topic-87c83b54_b302_461e_b374_65adb2c4a1d1] Adding newly assigned partitions: topic-87c83b54_b302_461e_b374_65adb2c4a1d1-0
2025-07-31 02:27:13,305 INFO  [org.apa.kaf.cli.con.int.ConsumerUtils] (Thread-355) Setting offset for partition topic-87c83b54_b302_461e_b374_65adb2c4a1d1-0 to the committed offset FetchPosition{offset=30, offsetEpoch=Optional[0], currentLeader=LeaderAndEpoch{leader=Optional[localhost:32770 (id: 0 rack: null)], epoch=0}}
2025-07-31 02:27:13,437 INFO  [io.api.tes.ser.api.KafkaSerdesTester] (Thread-355) topic-87c83b54_b302_461e_b374_65adb2c4a1d1 0 30 {"key1": "value-0", "key2": "value-0", "key3": "value-0"}
2025-07-31 02:27:13,437 INFO  [io.api.tes.ser.api.KafkaSerdesTester] (Thread-355) topic-87c83b54_b302_461e_b374_65adb2c4a1d1 0 31 {"key1": "value-1", "key2": "value-1", "key3": "value-1"}
2025-07-31 02:27:13,438 INFO  [io.api.tes.ser.api.KafkaSerdesTester] (Thread-355) topic-87c83b54_b302_461e_b374_65adb2c4a1d1 0 32 {"key1": "value-2", "key2": "value-2", "key3": "value-2"}
2025-07-31 02:27:13,438 INFO  [io.api.tes.ser.api.KafkaSerdesTester] (Thread-355) topic-87c83b54_b302_461e_b374_65adb2c4a1d1 0 33 {"key1": "value-3", "key2": "value-3", "key3": "value-3"}
2025-07-31 02:27:13,438 INFO  [io.api.tes.ser.api.KafkaSerdesTester] (Thread-355) topic-87c83b54_b302_461e_b374_65adb2c4a1d1 0 34 {"key1": "value-4", "key2": "value-4", "key3": "value-4"}
2025-07-31 02:27:13,438 INFO  [io.api.tes.ser.api.KafkaSerdesTester] (Thread-355) topic-87c83b54_b302_461e_b374_65adb2c4a1d1 0 35 {"key1": "value-5", "key2": "value-5", "key3": "value-5"}
2025-07-31 02:27:13,438 INFO  [io.api.tes.ser.api.KafkaSerdesTester] (Thread-355) topic-87c83b54_b302_461e_b374_65adb2c4a1d1 0 36 {"key1": "value-6", "key2": "value-6", "key3": "value-6"}
2025-07-31 02:27:13,438 INFO  [io.api.tes.ser.api.KafkaSerdesTester] (Thread-355) topic-87c83b54_b302_461e_b374_65adb2c4a1d1 0 37 {"key1": "value-7", "key2": "value-7", "key3": "value-7"}
2025-07-31 02:27:13,438 INFO  [io.api.tes.ser.api.KafkaSerdesTester] (Thread-355) topic-87c83b54_b302_461e_b374_65adb2c4a1d1 0 38 {"key1": "value-8", "key2": "value-8", "key3": "value-8"}
2025-07-31 02:27:13,438 INFO  [io.api.tes.ser.api.KafkaSerdesTester] (Thread-355) topic-87c83b54_b302_461e_b374_65adb2c4a1d1 0 39 {"key1": "value-9", "key2": "value-9", "key3": "value-9"}
2025-07-31 02:27:13,438 INFO  [io.api.tes.ser.api.KafkaSerdesTester] (Thread-355) topic-87c83b54_b302_461e_b374_65adb2c4a1d1 0 40 {"key1": "value-0", "key2": "value-0"}
2025-07-31 02:27:13,438 INFO  [io.api.tes.ser.api.KafkaSerdesTester] (Thread-355) topic-87c83b54_b302_461e_b374_65adb2c4a1d1 0 41 {"key1": "value-1", "key2": "value-1"}
2025-07-31 02:27:13,438 INFO  [io.api.tes.ser.api.KafkaSerdesTester] (Thread-355) topic-87c83b54_b302_461e_b374_65adb2c4a1d1 0 42 {"key1": "value-2", "key2": "value-2"}
2025-07-31 02:27:13,438 INFO  [io.api.tes.ser.api.KafkaSerdesTester] (Thread-355) topic-87c83b54_b302_461e_b374_65adb2c4a1d1 0 43 {"key1": "value-3", "key2": "value-3"}
2025-07-31 02:27:13,438 INFO  [io.api.tes.ser.api.KafkaSerdesTester] (Thread-355) topic-87c83b54_b302_461e_b374_65adb2c4a1d1 0 44 {"key1": "value-4", "key2": "value-4"}
2025-07-31 02:27:13,438 INFO  [io.api.tes.ser.api.KafkaSerdesTester] (Thread-355) topic-87c83b54_b302_461e_b374_65adb2c4a1d1 0 45 {"key1": "value-5", "key2": "value-5"}
2025-07-31 02:27:13,438 INFO  [io.api.tes.ser.api.KafkaSerdesTester] (Thread-355) topic-87c83b54_b302_461e_b374_65adb2c4a1d1 0 46 {"key1": "value-6", "key2": "value-6"}
2025-07-31 02:27:13,438 INFO  [io.api.tes.ser.api.KafkaSerdesTester] (Thread-355) topic-87c83b54_b302_461e_b374_65adb2c4a1d1 0 47 {"key1": "value-7", "key2": "value-7"}
2025-07-31 02:27:13,438 INFO  [io.api.tes.ser.api.KafkaSerdesTester] (Thread-355) topic-87c83b54_b302_461e_b374_65adb2c4a1d1 0 48 {"key1": "value-8", "key2": "value-8"}
2025-07-31 02:27:13,438 INFO  [io.api.tes.ser.api.KafkaSerdesTester] (Thread-355) topic-87c83b54_b302_461e_b374_65adb2c4a1d1 0 49 {"key1": "value-9", "key2": "value-9"}
2025-07-31 02:27:13,438 INFO  [io.api.tes.ser.api.KafkaSerdesTester] (Thread-355) topic-87c83b54_b302_461e_b374_65adb2c4a1d1 0 50 {"key1": "value-0"}
2025-07-31 02:27:13,438 INFO  [io.api.tes.ser.api.KafkaSerdesTester] (Thread-355) topic-87c83b54_b302_461e_b374_65adb2c4a1d1 0 51 {"key1": "value-1"}
2025-07-31 02:27:13,438 INFO  [io.api.tes.ser.api.KafkaSerdesTester] (Thread-355) topic-87c83b54_b302_461e_b374_65adb2c4a1d1 0 52 {"key1": "value-2"}
2025-07-31 02:27:13,438 INFO  [io.api.tes.ser.api.KafkaSerdesTester] (Thread-355) topic-87c83b54_b302_461e_b374_65adb2c4a1d1 0 53 {"key1": "value-3"}
2025-07-31 02:27:13,438 INFO  [io.api.tes.ser.api.KafkaSerdesTester] (Thread-355) topic-87c83b54_b302_461e_b374_65adb2c4a1d1 0 54 {"key1": "value-4"}
2025-07-31 02:27:13,438 INFO  [io.api.tes.ser.api.KafkaSerdesTester] (Thread-355) topic-87c83b54_b302_461e_b374_65adb2c4a1d1 0 55 {"key1": "value-5"}
2025-07-31 02:27:13,438 INFO  [io.api.tes.ser.api.KafkaSerdesTester] (Thread-355) topic-87c83b54_b302_461e_b374_65adb2c4a1d1 0 56 {"key1": "value-6"}
2025-07-31 02:27:13,438 INFO  [io.api.tes.ser.api.KafkaSerdesTester] (Thread-355) topic-87c83b54_b302_461e_b374_65adb2c4a1d1 0 57 {"key1": "value-7"}
2025-07-31 02:27:13,439 INFO  [io.api.tes.ser.api.KafkaSerdesTester] (Thread-355) topic-87c83b54_b302_461e_b374_65adb2c4a1d1 0 58 {"key1": "value-8"}
2025-07-31 02:27:13,439 INFO  [io.api.tes.ser.api.KafkaSerdesTester] (Thread-355) topic-87c83b54_b302_461e_b374_65adb2c4a1d1 0 59 {"key1": "value-9"}
2025-07-31 02:27:13,439 INFO  [io.api.tes.ser.api.KafkaSerdesTester] (Thread-355) Consumed 30 messages
2025-07-31 02:27:13,442 INFO  [org.apa.kaf.cli.con.int.ConsumerRebalanceListenerInvoker] (Thread-355) [Consumer clientId=consumer-Consumer-topic-87c83b54_b302_461e_b374_65adb2c4a1d1-29, groupId=Consumer-topic-87c83b54_b302_461e_b374_65adb2c4a1d1] Revoke previously assigned partitions topic-87c83b54_b302_461e_b374_65adb2c4a1d1-0
2025-07-31 02:27:13,442 INFO  [org.apa.kaf.cli.con.int.ConsumerCoordinator] (Thread-355) [Consumer clientId=consumer-Consumer-topic-87c83b54_b302_461e_b374_65adb2c4a1d1-29, groupId=Consumer-topic-87c83b54_b302_461e_b374_65adb2c4a1d1] Member consumer-Consumer-topic-87c83b54_b302_461e_b374_65adb2c4a1d1-29-02bcc76a-cc78-4891-885f-0494e6767d3d sending LeaveGroup request to coordinator localhost:32770 (id: 2147483647 rack: null) due to the consumer is being closed
2025-07-31 02:27:13,442 INFO  [org.apa.kaf.cli.con.int.ConsumerCoordinator] (Thread-355) [Consumer clientId=consumer-Consumer-topic-87c83b54_b302_461e_b374_65adb2c4a1d1-29, groupId=Consumer-topic-87c83b54_b302_461e_b374_65adb2c4a1d1] Resetting generation and member id due to: consumer pro-actively leaving the group
2025-07-31 02:27:13,442 INFO  [org.apa.kaf.cli.con.int.ConsumerCoordinator] (Thread-355) [Consumer clientId=consumer-Consumer-topic-87c83b54_b302_461e_b374_65adb2c4a1d1-29, groupId=Consumer-topic-87c83b54_b302_461e_b374_65adb2c4a1d1] Request joining group due to: consumer pro-actively leaving the group
2025-07-31 02:27:13,939 INFO  [org.apa.kaf.com.met.Metrics] (Thread-355) Metrics scheduler closed
2025-07-31 02:27:13,939 INFO  [org.apa.kaf.com.met.Metrics] (Thread-355) Closing reporter org.apache.kafka.common.metrics.JmxReporter
2025-07-31 02:27:13,939 INFO  [org.apa.kaf.com.met.Metrics] (Thread-355) Closing reporter org.apache.kafka.common.telemetry.internals.ClientTelemetryReporter
2025-07-31 02:27:13,939 INFO  [org.apa.kaf.com.met.Metrics] (Thread-355) Metrics reporters closed
2025-07-31 02:27:13,941 INFO  [org.apa.kaf.com.uti.AppInfoParser] (Thread-355) App info kafka.consumer for consumer-Consumer-topic-87c83b54_b302_461e_b374_65adb2c4a1d1-29 unregistered
2025-07-31 02:27:13,941 INFO  [org.apa.kaf.cli.pro.KafkaProducer] (main) [Producer clientId=Producer-topic-87c83b54_b302_461e_b374_65adb2c4a1d1] Closing the Kafka producer with timeoutMillis = 9223372036854775807 ms.
2025-07-31 02:27:13,941 INFO  [org.apa.kaf.com.met.Metrics] (main) Metrics scheduler closed
2025-07-31 02:27:13,941 INFO  [org.apa.kaf.com.met.Metrics] (main) Closing reporter org.apache.kafka.common.metrics.JmxReporter
2025-07-31 02:27:13,941 INFO  [org.apa.kaf.com.met.Metrics] (main) Closing reporter org.apache.kafka.common.telemetry.internals.ClientTelemetryReporter
2025-07-31 02:27:13,941 INFO  [org.apa.kaf.com.met.Metrics] (main) Metrics reporters closed
2025-07-31 02:27:13,941 INFO  [org.apa.kaf.com.uti.AppInfoParser] (main) App info kafka.producer for Producer-topic-87c83b54_b302_461e_b374_65adb2c4a1d1 unregistered
2025-07-31 02:27:14,016 INFO  [io.api.tes.ser.con.BasicConfluentSerDesIT] (main) Deleting confluent schema topic-87c83b54_b302_461e_b374_65adb2c4a1d1-s4932c3c3xe637x4c2axa292xe95880f66ea7
2025-07-31 02:27:14,082 INFO  [io.api.tes.uti.TestSeparator] (main) io.apicurio.tests.serdes.confluent.BasicConfluentSerDesIT.testEvolveAvroConfluent-FINISHED
2025-07-31 02:27:14,082 INFO  [io.api.tes.uti.TestSeparator] (main) ############################################################################
]]></system-out>
  </testcase>
  <testcase name="testAvroConfluentSerDes" classname="io.apicurio.tests.serdes.confluent.BasicConfluentSerDesIT" time="0.955">
    <system-out><![CDATA[2025-07-31 02:27:14,084 INFO  [io.api.tes.uti.TestSeparator] (main) ############################################################################
2025-07-31 02:27:14,084 INFO  [io.api.tes.uti.TestSeparator] (main) io.apicurio.tests.serdes.confluent.BasicConfluentSerDesIT.testAvroConfluentSerDes-STARTED
2025-07-31 02:27:14,204 INFO  [io.api.tes.ser.con.BasicConfluentSerDesIT] (main) Checking that created schema is equal to the get schema
2025-07-31 02:27:14,247 INFO  [io.api.tes.ser.con.BasicConfluentSerDesIT] (main) Created schema with id:55 and name:myrecordconfluent1
2025-07-31 02:27:14,247 INFO  [org.apa.kaf.cli.pro.ProducerConfig] (main) ProducerConfig values: 
	acks = -1
	auto.include.jmx.reporter = true
	batch.size = 16384
	bootstrap.servers = [PLAINTEXT://localhost:32770]
	buffer.memory = 33554432
	client.dns.lookup = use_all_dns_ips
	client.id = Producer-topic-cd7b634c_8b4d_41de_9e46_14522a454b51
	compression.gzip.level = -1
	compression.lz4.level = 9
	compression.type = none
	compression.zstd.level = 3
	connections.max.idle.ms = 10000
	delivery.timeout.ms = 120000
	enable.idempotence = true
	enable.metrics.push = true
	interceptor.classes = []
	key.serializer = class org.apache.kafka.common.serialization.StringSerializer
	linger.ms = 0
	max.block.ms = 60000
	max.in.flight.requests.per.connection = 5
	max.request.size = 1048576
	metadata.max.age.ms = 300000
	metadata.max.idle.ms = 300000
	metadata.recovery.strategy = none
	metric.reporters = []
	metrics.num.samples = 2
	metrics.recording.level = INFO
	metrics.sample.window.ms = 30000
	partitioner.adaptive.partitioning.enable = true
	partitioner.availability.timeout.ms = 0
	partitioner.class = null
	partitioner.ignore.keys = false
	receive.buffer.bytes = 32768
	reconnect.backoff.max.ms = 1000
	reconnect.backoff.ms = 50
	request.timeout.ms = 5000
	retries = 2147483647
	retry.backoff.max.ms = 1000
	retry.backoff.ms = 100
	sasl.client.callback.handler.class = null
	sasl.jaas.config = null
	sasl.kerberos.kinit.cmd = /usr/bin/kinit
	sasl.kerberos.min.time.before.relogin = 60000
	sasl.kerberos.service.name = null
	sasl.kerberos.ticket.renew.jitter = 0.05
	sasl.kerberos.ticket.renew.window.factor = 0.8
	sasl.login.callback.handler.class = null
	sasl.login.class = null
	sasl.login.connect.timeout.ms = null
	sasl.login.read.timeout.ms = null
	sasl.login.refresh.buffer.seconds = 300
	sasl.login.refresh.min.period.seconds = 60
	sasl.login.refresh.window.factor = 0.8
	sasl.login.refresh.window.jitter = 0.05
	sasl.login.retry.backoff.max.ms = 10000
	sasl.login.retry.backoff.ms = 100
	sasl.mechanism = GSSAPI
	sasl.oauthbearer.clock.skew.seconds = 30
	sasl.oauthbearer.expected.audience = null
	sasl.oauthbearer.expected.issuer = null
	sasl.oauthbearer.header.urlencode = false
	sasl.oauthbearer.jwks.endpoint.refresh.ms = 3600000
	sasl.oauthbearer.jwks.endpoint.retry.backoff.max.ms = 10000
	sasl.oauthbearer.jwks.endpoint.retry.backoff.ms = 100
	sasl.oauthbearer.jwks.endpoint.url = null
	sasl.oauthbearer.scope.claim.name = scope
	sasl.oauthbearer.sub.claim.name = sub
	sasl.oauthbearer.token.endpoint.url = null
	security.protocol = PLAINTEXT
	security.providers = null
	send.buffer.bytes = 131072
	socket.connection.setup.timeout.max.ms = 30000
	socket.connection.setup.timeout.ms = 10000
	ssl.cipher.suites = null
	ssl.enabled.protocols = [TLSv1.2, TLSv1.3]
	ssl.endpoint.identification.algorithm = https
	ssl.engine.factory.class = null
	ssl.key.password = null
	ssl.keymanager.algorithm = SunX509
	ssl.keystore.certificate.chain = null
	ssl.keystore.key = null
	ssl.keystore.location = null
	ssl.keystore.password = null
	ssl.keystore.type = JKS
	ssl.protocol = TLSv1.3
	ssl.provider = null
	ssl.secure.random.implementation = null
	ssl.trustmanager.algorithm = PKIX
	ssl.truststore.certificates = null
	ssl.truststore.location = null
	ssl.truststore.password = null
	ssl.truststore.type = JKS
	transaction.timeout.ms = 60000
	transactional.id = null
	value.serializer = class io.confluent.kafka.serializers.KafkaAvroSerializer

2025-07-31 02:27:14,248 INFO  [org.apa.kaf.com.tel.int.KafkaMetricsCollector] (main) initializing Kafka metrics collector
2025-07-31 02:27:14,248 INFO  [io.con.kaf.ser.KafkaAvroSerializerConfig] (main) KafkaAvroSerializerConfig values: 
	auto.register.schemas = false
	avro.reflection.allow.null = false
	avro.remove.java.properties = false
	avro.use.logical.type.converters = false
	basic.auth.credentials.source = URL
	basic.auth.user.info = [hidden]
	bearer.auth.cache.expiry.buffer.seconds = 300
	bearer.auth.client.id = null
	bearer.auth.client.secret = null
	bearer.auth.credentials.source = STATIC_TOKEN
	bearer.auth.custom.provider.class = null
	bearer.auth.identity.pool.id = null
	bearer.auth.issuer.endpoint.url = null
	bearer.auth.logical.cluster = null
	bearer.auth.scope = null
	bearer.auth.scope.claim.name = scope
	bearer.auth.sub.claim.name = sub
	bearer.auth.token = [hidden]
	context.name.strategy = class io.confluent.kafka.serializers.context.NullContextNameStrategy
	http.connect.timeout.ms = 60000
	http.read.timeout.ms = 60000
	id.compatibility.strict = true
	key.subject.name.strategy = class io.confluent.kafka.serializers.subject.TopicNameStrategy
	latest.cache.size = 1000
	latest.cache.ttl.sec = -1
	latest.compatibility.strict = true
	max.retries = 3
	max.schemas.per.subject = 1000
	normalize.schemas = false
	propagate.schema.tags = false
	proxy.host = 
	proxy.port = -1
	retries.max.wait.ms = 20000
	retries.wait.ms = 1000
	rule.actions = []
	rule.executors = []
	rule.service.loader.enable = true
	schema.format = null
	schema.reflection = false
	schema.registry.basic.auth.user.info = [hidden]
	schema.registry.ssl.cipher.suites = null
	schema.registry.ssl.enabled.protocols = [TLSv1.2, TLSv1.3]
	schema.registry.ssl.endpoint.identification.algorithm = https
	schema.registry.ssl.engine.factory.class = null
	schema.registry.ssl.key.password = null
	schema.registry.ssl.keymanager.algorithm = SunX509
	schema.registry.ssl.keystore.certificate.chain = null
	schema.registry.ssl.keystore.key = null
	schema.registry.ssl.keystore.location = null
	schema.registry.ssl.keystore.password = null
	schema.registry.ssl.keystore.type = JKS
	schema.registry.ssl.protocol = TLSv1.3
	schema.registry.ssl.provider = null
	schema.registry.ssl.secure.random.implementation = null
	schema.registry.ssl.trustmanager.algorithm = PKIX
	schema.registry.ssl.truststore.certificates = null
	schema.registry.ssl.truststore.location = null
	schema.registry.ssl.truststore.password = null
	schema.registry.ssl.truststore.type = JKS
	schema.registry.url = [http://registry-app-kafkasql.apps.ci419.apicurio-testing.org:80/apis/ccompat/v7]
	use.latest.version = false
	use.latest.with.metadata = null
	use.schema.id = -1
	value.subject.name.strategy = class io.confluent.kafka.serializers.subject.TopicNameStrategy

2025-07-31 02:27:14,249 INFO  [org.apa.kaf.cli.pro.KafkaProducer] (main) [Producer clientId=Producer-topic-cd7b634c_8b4d_41de_9e46_14522a454b51] Instantiated an idempotent producer.
2025-07-31 02:27:14,263 INFO  [org.apa.kaf.cli.pro.ProducerConfig] (main) These configurations '[schema.registry.url, auto.register.schemas, value.subject.name.strategy]' were supplied but are not used yet.
2025-07-31 02:27:14,263 INFO  [org.apa.kaf.com.uti.AppInfoParser] (main) Kafka version: 3.9.0
2025-07-31 02:27:14,263 INFO  [org.apa.kaf.com.uti.AppInfoParser] (main) Kafka commitId: 84caaa6e9da06435
2025-07-31 02:27:14,263 INFO  [org.apa.kaf.com.uti.AppInfoParser] (main) Kafka startTimeMs: 1753928834263
2025-07-31 02:27:14,264 INFO  [io.api.tes.ser.api.SimpleSerdesTesterBuilder$SimpleSerdesTester] (main) Using producer configuration: {schema.registry.url=http://registry-app-kafkasql.apps.ci419.apicurio-testing.org:80/apis/ccompat/v7, value.serializer=io.confluent.kafka.serializers.KafkaAvroSerializer, request.timeout.ms=5000, auto.register.schemas=false, acks=all, bootstrap.servers=PLAINTEXT://localhost:32770, connections.max.idle.ms=10000, key.serializer=org.apache.kafka.common.serialization.StringSerializer, value.subject.name.strategy=io.confluent.kafka.serializers.subject.TopicNameStrategy, client.id=Producer-topic-cd7b634c_8b4d_41de_9e46_14522a454b51}
2025-07-31 02:27:14,264 INFO  [io.api.tes.ser.api.SimpleSerdesTesterBuilder$SimpleSerdesTester] (main) Using consumer configuration: {}
2025-07-31 02:27:14,266 INFO  [io.api.tes.ser.api.KafkaSerdesTester] (Thread-356) Sending message {"key1": "value-0"} to topic topic-cd7b634c_8b4d_41de_9e46_14522a454b51
2025-07-31 02:27:14,269 INFO  [org.apa.kaf.cli.Metadata] (kafka-producer-network-thread | Producer-topic-cd7b634c_8b4d_41de_9e46_14522a454b51) [Producer clientId=Producer-topic-cd7b634c_8b4d_41de_9e46_14522a454b51] Cluster ID: MA4G_e_SRU2vGr9gzyfJLg
2025-07-31 02:27:14,270 INFO  [org.apa.kaf.cli.pro.int.TransactionManager] (kafka-producer-network-thread | Producer-topic-cd7b634c_8b4d_41de_9e46_14522a454b51) [Producer clientId=Producer-topic-cd7b634c_8b4d_41de_9e46_14522a454b51] ProducerId set to 42 with epoch 0
2025-07-31 02:27:14,316 INFO  [io.api.tes.ser.api.KafkaSerdesTester] (Thread-356) Sending message {"key1": "value-1"} to topic topic-cd7b634c_8b4d_41de_9e46_14522a454b51
2025-07-31 02:27:14,317 INFO  [io.api.tes.ser.api.KafkaSerdesTester] (Thread-356) Sending message {"key1": "value-2"} to topic topic-cd7b634c_8b4d_41de_9e46_14522a454b51
2025-07-31 02:27:14,318 INFO  [io.api.tes.ser.api.KafkaSerdesTester] (Thread-356) Sending message {"key1": "value-3"} to topic topic-cd7b634c_8b4d_41de_9e46_14522a454b51
2025-07-31 02:27:14,319 INFO  [io.api.tes.ser.api.KafkaSerdesTester] (Thread-356) Sending message {"key1": "value-4"} to topic topic-cd7b634c_8b4d_41de_9e46_14522a454b51
2025-07-31 02:27:14,319 INFO  [io.api.tes.ser.api.KafkaSerdesTester] (Thread-356) Sending message {"key1": "value-5"} to topic topic-cd7b634c_8b4d_41de_9e46_14522a454b51
2025-07-31 02:27:14,320 INFO  [io.api.tes.ser.api.KafkaSerdesTester] (Thread-356) Sending message {"key1": "value-6"} to topic topic-cd7b634c_8b4d_41de_9e46_14522a454b51
2025-07-31 02:27:14,321 INFO  [io.api.tes.ser.api.KafkaSerdesTester] (Thread-356) Sending message {"key1": "value-7"} to topic topic-cd7b634c_8b4d_41de_9e46_14522a454b51
2025-07-31 02:27:14,322 INFO  [io.api.tes.ser.api.KafkaSerdesTester] (Thread-356) Sending message {"key1": "value-8"} to topic topic-cd7b634c_8b4d_41de_9e46_14522a454b51
2025-07-31 02:27:14,323 INFO  [io.api.tes.ser.api.KafkaSerdesTester] (Thread-356) Sending message {"key1": "value-9"} to topic topic-cd7b634c_8b4d_41de_9e46_14522a454b51
2025-07-31 02:27:14,324 INFO  [io.api.tes.ser.api.KafkaSerdesTester] (Thread-356) Produced 10 messages
2025-07-31 02:27:14,324 INFO  [org.apa.kaf.cli.pro.KafkaProducer] (Thread-356) [Producer clientId=Producer-topic-cd7b634c_8b4d_41de_9e46_14522a454b51] Closing the Kafka producer with timeoutMillis = 9223372036854775807 ms.
2025-07-31 02:27:14,325 INFO  [org.apa.kaf.com.met.Metrics] (Thread-356) Metrics scheduler closed
2025-07-31 02:27:14,325 INFO  [org.apa.kaf.com.met.Metrics] (Thread-356) Closing reporter org.apache.kafka.common.metrics.JmxReporter
2025-07-31 02:27:14,325 INFO  [org.apa.kaf.com.met.Metrics] (Thread-356) Closing reporter org.apache.kafka.common.telemetry.internals.ClientTelemetryReporter
2025-07-31 02:27:14,325 INFO  [org.apa.kaf.com.met.Metrics] (Thread-356) Metrics reporters closed
2025-07-31 02:27:14,326 INFO  [org.apa.kaf.com.uti.AppInfoParser] (Thread-356) App info kafka.producer for Producer-topic-cd7b634c_8b4d_41de_9e46_14522a454b51 unregistered
2025-07-31 02:27:14,326 INFO  [org.apa.kaf.cli.con.ConsumerConfig] (main) ConsumerConfig values: 
	allow.auto.create.topics = true
	auto.commit.interval.ms = 500
	auto.include.jmx.reporter = true
	auto.offset.reset = earliest
	bootstrap.servers = [PLAINTEXT://localhost:32770]
	check.crcs = true
	client.dns.lookup = use_all_dns_ips
	client.id = consumer-Consumer-topic-cd7b634c_8b4d_41de_9e46_14522a454b51-30
	client.rack = 
	connections.max.idle.ms = 10000
	default.api.timeout.ms = 60000
	enable.auto.commit = true
	enable.metrics.push = true
	exclude.internal.topics = true
	fetch.max.bytes = 52428800
	fetch.max.wait.ms = 500
	fetch.min.bytes = 1
	group.id = Consumer-topic-cd7b634c_8b4d_41de_9e46_14522a454b51
	group.instance.id = null
	group.protocol = classic
	group.remote.assignor = null
	heartbeat.interval.ms = 3000
	interceptor.classes = []
	internal.leave.group.on.close = true
	internal.throw.on.fetch.stable.offset.unsupported = false
	isolation.level = read_uncommitted
	key.deserializer = class org.apache.kafka.common.serialization.StringDeserializer
	max.partition.fetch.bytes = 1048576
	max.poll.interval.ms = 300000
	max.poll.records = 500
	metadata.max.age.ms = 300000
	metadata.recovery.strategy = none
	metric.reporters = []
	metrics.num.samples = 2
	metrics.recording.level = INFO
	metrics.sample.window.ms = 30000
	partition.assignment.strategy = [class org.apache.kafka.clients.consumer.RangeAssignor, class org.apache.kafka.clients.consumer.CooperativeStickyAssignor]
	receive.buffer.bytes = 65536
	reconnect.backoff.max.ms = 1000
	reconnect.backoff.ms = 50
	request.timeout.ms = 5000
	retry.backoff.max.ms = 1000
	retry.backoff.ms = 100
	sasl.client.callback.handler.class = null
	sasl.jaas.config = null
	sasl.kerberos.kinit.cmd = /usr/bin/kinit
	sasl.kerberos.min.time.before.relogin = 60000
	sasl.kerberos.service.name = null
	sasl.kerberos.ticket.renew.jitter = 0.05
	sasl.kerberos.ticket.renew.window.factor = 0.8
	sasl.login.callback.handler.class = null
	sasl.login.class = null
	sasl.login.connect.timeout.ms = null
	sasl.login.read.timeout.ms = null
	sasl.login.refresh.buffer.seconds = 300
	sasl.login.refresh.min.period.seconds = 60
	sasl.login.refresh.window.factor = 0.8
	sasl.login.refresh.window.jitter = 0.05
	sasl.login.retry.backoff.max.ms = 10000
	sasl.login.retry.backoff.ms = 100
	sasl.mechanism = GSSAPI
	sasl.oauthbearer.clock.skew.seconds = 30
	sasl.oauthbearer.expected.audience = null
	sasl.oauthbearer.expected.issuer = null
	sasl.oauthbearer.header.urlencode = false
	sasl.oauthbearer.jwks.endpoint.refresh.ms = 3600000
	sasl.oauthbearer.jwks.endpoint.retry.backoff.max.ms = 10000
	sasl.oauthbearer.jwks.endpoint.retry.backoff.ms = 100
	sasl.oauthbearer.jwks.endpoint.url = null
	sasl.oauthbearer.scope.claim.name = scope
	sasl.oauthbearer.sub.claim.name = sub
	sasl.oauthbearer.token.endpoint.url = null
	security.protocol = PLAINTEXT
	security.providers = null
	send.buffer.bytes = 131072
	session.timeout.ms = 45000
	socket.connection.setup.timeout.max.ms = 30000
	socket.connection.setup.timeout.ms = 10000
	ssl.cipher.suites = null
	ssl.enabled.protocols = [TLSv1.2, TLSv1.3]
	ssl.endpoint.identification.algorithm = https
	ssl.engine.factory.class = null
	ssl.key.password = null
	ssl.keymanager.algorithm = SunX509
	ssl.keystore.certificate.chain = null
	ssl.keystore.key = null
	ssl.keystore.location = null
	ssl.keystore.password = null
	ssl.keystore.type = JKS
	ssl.protocol = TLSv1.3
	ssl.provider = null
	ssl.secure.random.implementation = null
	ssl.trustmanager.algorithm = PKIX
	ssl.truststore.certificates = null
	ssl.truststore.location = null
	ssl.truststore.password = null
	ssl.truststore.type = JKS
	value.deserializer = class io.confluent.kafka.serializers.KafkaAvroDeserializer

2025-07-31 02:27:14,326 INFO  [org.apa.kaf.com.tel.int.KafkaMetricsCollector] (main) initializing Kafka metrics collector
2025-07-31 02:27:14,327 INFO  [io.con.kaf.ser.KafkaAvroDeserializerConfig] (main) KafkaAvroDeserializerConfig values: 
	auto.register.schemas = true
	avro.reflection.allow.null = false
	avro.use.logical.type.converters = false
	basic.auth.credentials.source = URL
	basic.auth.user.info = [hidden]
	bearer.auth.cache.expiry.buffer.seconds = 300
	bearer.auth.client.id = null
	bearer.auth.client.secret = null
	bearer.auth.credentials.source = STATIC_TOKEN
	bearer.auth.custom.provider.class = null
	bearer.auth.identity.pool.id = null
	bearer.auth.issuer.endpoint.url = null
	bearer.auth.logical.cluster = null
	bearer.auth.scope = null
	bearer.auth.scope.claim.name = scope
	bearer.auth.sub.claim.name = sub
	bearer.auth.token = [hidden]
	context.name.strategy = class io.confluent.kafka.serializers.context.NullContextNameStrategy
	http.connect.timeout.ms = 60000
	http.read.timeout.ms = 60000
	id.compatibility.strict = true
	key.subject.name.strategy = class io.confluent.kafka.serializers.subject.TopicNameStrategy
	latest.cache.size = 1000
	latest.cache.ttl.sec = -1
	latest.compatibility.strict = true
	max.retries = 3
	max.schemas.per.subject = 1000
	normalize.schemas = false
	propagate.schema.tags = false
	proxy.host = 
	proxy.port = -1
	retries.max.wait.ms = 20000
	retries.wait.ms = 1000
	rule.actions = []
	rule.executors = []
	rule.service.loader.enable = true
	schema.format = null
	schema.reflection = false
	schema.registry.basic.auth.user.info = [hidden]
	schema.registry.ssl.cipher.suites = null
	schema.registry.ssl.enabled.protocols = [TLSv1.2, TLSv1.3]
	schema.registry.ssl.endpoint.identification.algorithm = https
	schema.registry.ssl.engine.factory.class = null
	schema.registry.ssl.key.password = null
	schema.registry.ssl.keymanager.algorithm = SunX509
	schema.registry.ssl.keystore.certificate.chain = null
	schema.registry.ssl.keystore.key = null
	schema.registry.ssl.keystore.location = null
	schema.registry.ssl.keystore.password = null
	schema.registry.ssl.keystore.type = JKS
	schema.registry.ssl.protocol = TLSv1.3
	schema.registry.ssl.provider = null
	schema.registry.ssl.secure.random.implementation = null
	schema.registry.ssl.trustmanager.algorithm = PKIX
	schema.registry.ssl.truststore.certificates = null
	schema.registry.ssl.truststore.location = null
	schema.registry.ssl.truststore.password = null
	schema.registry.ssl.truststore.type = JKS
	schema.registry.url = [http://registry-app-kafkasql.apps.ci419.apicurio-testing.org:80/apis/ccompat/v7]
	specific.avro.key.type = null
	specific.avro.reader = false
	specific.avro.value.type = null
	use.latest.version = false
	use.latest.with.metadata = null
	use.schema.id = -1
	value.subject.name.strategy = class io.confluent.kafka.serializers.subject.TopicNameStrategy

2025-07-31 02:27:14,327 INFO  [io.con.kaf.ser.KafkaAvroDeserializerConfig] (main) KafkaAvroDeserializerConfig values: 
	auto.register.schemas = true
	avro.reflection.allow.null = false
	avro.use.logical.type.converters = false
	basic.auth.credentials.source = URL
	basic.auth.user.info = [hidden]
	bearer.auth.cache.expiry.buffer.seconds = 300
	bearer.auth.client.id = null
	bearer.auth.client.secret = null
	bearer.auth.credentials.source = STATIC_TOKEN
	bearer.auth.custom.provider.class = null
	bearer.auth.identity.pool.id = null
	bearer.auth.issuer.endpoint.url = null
	bearer.auth.logical.cluster = null
	bearer.auth.scope = null
	bearer.auth.scope.claim.name = scope
	bearer.auth.sub.claim.name = sub
	bearer.auth.token = [hidden]
	context.name.strategy = class io.confluent.kafka.serializers.context.NullContextNameStrategy
	http.connect.timeout.ms = 60000
	http.read.timeout.ms = 60000
	id.compatibility.strict = true
	key.subject.name.strategy = class io.confluent.kafka.serializers.subject.TopicNameStrategy
	latest.cache.size = 1000
	latest.cache.ttl.sec = -1
	latest.compatibility.strict = true
	max.retries = 3
	max.schemas.per.subject = 1000
	normalize.schemas = false
	propagate.schema.tags = false
	proxy.host = 
	proxy.port = -1
	retries.max.wait.ms = 20000
	retries.wait.ms = 1000
	rule.actions = []
	rule.executors = []
	rule.service.loader.enable = true
	schema.format = null
	schema.reflection = false
	schema.registry.basic.auth.user.info = [hidden]
	schema.registry.ssl.cipher.suites = null
	schema.registry.ssl.enabled.protocols = [TLSv1.2, TLSv1.3]
	schema.registry.ssl.endpoint.identification.algorithm = https
	schema.registry.ssl.engine.factory.class = null
	schema.registry.ssl.key.password = null
	schema.registry.ssl.keymanager.algorithm = SunX509
	schema.registry.ssl.keystore.certificate.chain = null
	schema.registry.ssl.keystore.key = null
	schema.registry.ssl.keystore.location = null
	schema.registry.ssl.keystore.password = null
	schema.registry.ssl.keystore.type = JKS
	schema.registry.ssl.protocol = TLSv1.3
	schema.registry.ssl.provider = null
	schema.registry.ssl.secure.random.implementation = null
	schema.registry.ssl.trustmanager.algorithm = PKIX
	schema.registry.ssl.truststore.certificates = null
	schema.registry.ssl.truststore.location = null
	schema.registry.ssl.truststore.password = null
	schema.registry.ssl.truststore.type = JKS
	schema.registry.url = [http://registry-app-kafkasql.apps.ci419.apicurio-testing.org:80/apis/ccompat/v7]
	specific.avro.key.type = null
	specific.avro.reader = false
	specific.avro.value.type = null
	use.latest.version = false
	use.latest.with.metadata = null
	use.schema.id = -1
	value.subject.name.strategy = class io.confluent.kafka.serializers.subject.TopicNameStrategy

2025-07-31 02:27:14,331 INFO  [org.apa.kaf.cli.con.ConsumerConfig] (main) These configurations '[schema.registry.url]' were supplied but are not used yet.
2025-07-31 02:27:14,331 INFO  [org.apa.kaf.com.uti.AppInfoParser] (main) Kafka version: 3.9.0
2025-07-31 02:27:14,331 INFO  [org.apa.kaf.com.uti.AppInfoParser] (main) Kafka commitId: 84caaa6e9da06435
2025-07-31 02:27:14,331 INFO  [org.apa.kaf.com.uti.AppInfoParser] (main) Kafka startTimeMs: 1753928834331
2025-07-31 02:27:14,332 INFO  [org.apa.kaf.cli.con.int.ClassicKafkaConsumer] (Thread-357) [Consumer clientId=consumer-Consumer-topic-cd7b634c_8b4d_41de_9e46_14522a454b51-30, groupId=Consumer-topic-cd7b634c_8b4d_41de_9e46_14522a454b51] Subscribed to topic(s): topic-cd7b634c_8b4d_41de_9e46_14522a454b51
2025-07-31 02:27:14,335 INFO  [org.apa.kaf.cli.Metadata] (Thread-357) [Consumer clientId=consumer-Consumer-topic-cd7b634c_8b4d_41de_9e46_14522a454b51-30, groupId=Consumer-topic-cd7b634c_8b4d_41de_9e46_14522a454b51] Cluster ID: MA4G_e_SRU2vGr9gzyfJLg
2025-07-31 02:27:14,336 INFO  [org.apa.kaf.cli.con.int.ConsumerCoordinator] (Thread-357) [Consumer clientId=consumer-Consumer-topic-cd7b634c_8b4d_41de_9e46_14522a454b51-30, groupId=Consumer-topic-cd7b634c_8b4d_41de_9e46_14522a454b51] Discovered group coordinator localhost:32770 (id: 2147483647 rack: null)
2025-07-31 02:27:14,337 INFO  [org.apa.kaf.cli.con.int.ConsumerCoordinator] (Thread-357) [Consumer clientId=consumer-Consumer-topic-cd7b634c_8b4d_41de_9e46_14522a454b51-30, groupId=Consumer-topic-cd7b634c_8b4d_41de_9e46_14522a454b51] (Re-)joining group
2025-07-31 02:27:14,339 INFO  [org.apa.kaf.cli.con.int.ConsumerCoordinator] (Thread-357) [Consumer clientId=consumer-Consumer-topic-cd7b634c_8b4d_41de_9e46_14522a454b51-30, groupId=Consumer-topic-cd7b634c_8b4d_41de_9e46_14522a454b51] Request joining group due to: need to re-join with the given member-id: consumer-Consumer-topic-cd7b634c_8b4d_41de_9e46_14522a454b51-30-8905343e-d4d4-466e-9119-81b9ea6e4996
2025-07-31 02:27:14,339 INFO  [org.apa.kaf.cli.con.int.ConsumerCoordinator] (Thread-357) [Consumer clientId=consumer-Consumer-topic-cd7b634c_8b4d_41de_9e46_14522a454b51-30, groupId=Consumer-topic-cd7b634c_8b4d_41de_9e46_14522a454b51] (Re-)joining group
2025-07-31 02:27:14,342 INFO  [org.apa.kaf.cli.con.int.ConsumerCoordinator] (Thread-357) [Consumer clientId=consumer-Consumer-topic-cd7b634c_8b4d_41de_9e46_14522a454b51-30, groupId=Consumer-topic-cd7b634c_8b4d_41de_9e46_14522a454b51] Successfully joined group with generation Generation{generationId=1, memberId='consumer-Consumer-topic-cd7b634c_8b4d_41de_9e46_14522a454b51-30-8905343e-d4d4-466e-9119-81b9ea6e4996', protocol='range'}
2025-07-31 02:27:14,342 INFO  [org.apa.kaf.cli.con.int.ConsumerCoordinator] (Thread-357) [Consumer clientId=consumer-Consumer-topic-cd7b634c_8b4d_41de_9e46_14522a454b51-30, groupId=Consumer-topic-cd7b634c_8b4d_41de_9e46_14522a454b51] Finished assignment for group at generation 1: {consumer-Consumer-topic-cd7b634c_8b4d_41de_9e46_14522a454b51-30-8905343e-d4d4-466e-9119-81b9ea6e4996=Assignment(partitions=[topic-cd7b634c_8b4d_41de_9e46_14522a454b51-0])}
2025-07-31 02:27:14,345 INFO  [org.apa.kaf.cli.con.int.ConsumerCoordinator] (Thread-357) [Consumer clientId=consumer-Consumer-topic-cd7b634c_8b4d_41de_9e46_14522a454b51-30, groupId=Consumer-topic-cd7b634c_8b4d_41de_9e46_14522a454b51] Successfully synced group in generation Generation{generationId=1, memberId='consumer-Consumer-topic-cd7b634c_8b4d_41de_9e46_14522a454b51-30-8905343e-d4d4-466e-9119-81b9ea6e4996', protocol='range'}
2025-07-31 02:27:14,346 INFO  [org.apa.kaf.cli.con.int.ConsumerCoordinator] (Thread-357) [Consumer clientId=consumer-Consumer-topic-cd7b634c_8b4d_41de_9e46_14522a454b51-30, groupId=Consumer-topic-cd7b634c_8b4d_41de_9e46_14522a454b51] Notifying assignor about the new Assignment(partitions=[topic-cd7b634c_8b4d_41de_9e46_14522a454b51-0])
2025-07-31 02:27:14,346 INFO  [org.apa.kaf.cli.con.int.ConsumerRebalanceListenerInvoker] (Thread-357) [Consumer clientId=consumer-Consumer-topic-cd7b634c_8b4d_41de_9e46_14522a454b51-30, groupId=Consumer-topic-cd7b634c_8b4d_41de_9e46_14522a454b51] Adding newly assigned partitions: topic-cd7b634c_8b4d_41de_9e46_14522a454b51-0
2025-07-31 02:27:14,346 INFO  [org.apa.kaf.cli.con.int.ConsumerCoordinator] (Thread-357) [Consumer clientId=consumer-Consumer-topic-cd7b634c_8b4d_41de_9e46_14522a454b51-30, groupId=Consumer-topic-cd7b634c_8b4d_41de_9e46_14522a454b51] Found no committed offset for partition topic-cd7b634c_8b4d_41de_9e46_14522a454b51-0
2025-07-31 02:27:14,349 INFO  [org.apa.kaf.cli.con.int.SubscriptionState] (Thread-357) [Consumer clientId=consumer-Consumer-topic-cd7b634c_8b4d_41de_9e46_14522a454b51-30, groupId=Consumer-topic-cd7b634c_8b4d_41de_9e46_14522a454b51] Resetting offset for partition topic-cd7b634c_8b4d_41de_9e46_14522a454b51-0 to position FetchPosition{offset=0, offsetEpoch=Optional.empty, currentLeader=LeaderAndEpoch{leader=Optional[localhost:32770 (id: 0 rack: null)], epoch=0}}.
2025-07-31 02:27:14,392 INFO  [io.api.tes.ser.api.KafkaSerdesTester] (Thread-357) topic-cd7b634c_8b4d_41de_9e46_14522a454b51 0 0 {"key1": "value-0"}
2025-07-31 02:27:14,392 INFO  [io.api.tes.ser.api.KafkaSerdesTester] (Thread-357) topic-cd7b634c_8b4d_41de_9e46_14522a454b51 0 1 {"key1": "value-1"}
2025-07-31 02:27:14,392 INFO  [io.api.tes.ser.api.KafkaSerdesTester] (Thread-357) topic-cd7b634c_8b4d_41de_9e46_14522a454b51 0 2 {"key1": "value-2"}
2025-07-31 02:27:14,392 INFO  [io.api.tes.ser.api.KafkaSerdesTester] (Thread-357) topic-cd7b634c_8b4d_41de_9e46_14522a454b51 0 3 {"key1": "value-3"}
2025-07-31 02:27:14,392 INFO  [io.api.tes.ser.api.KafkaSerdesTester] (Thread-357) topic-cd7b634c_8b4d_41de_9e46_14522a454b51 0 4 {"key1": "value-4"}
2025-07-31 02:27:14,392 INFO  [io.api.tes.ser.api.KafkaSerdesTester] (Thread-357) topic-cd7b634c_8b4d_41de_9e46_14522a454b51 0 5 {"key1": "value-5"}
2025-07-31 02:27:14,392 INFO  [io.api.tes.ser.api.KafkaSerdesTester] (Thread-357) topic-cd7b634c_8b4d_41de_9e46_14522a454b51 0 6 {"key1": "value-6"}
2025-07-31 02:27:14,392 INFO  [io.api.tes.ser.api.KafkaSerdesTester] (Thread-357) topic-cd7b634c_8b4d_41de_9e46_14522a454b51 0 7 {"key1": "value-7"}
2025-07-31 02:27:14,392 INFO  [io.api.tes.ser.api.KafkaSerdesTester] (Thread-357) topic-cd7b634c_8b4d_41de_9e46_14522a454b51 0 8 {"key1": "value-8"}
2025-07-31 02:27:14,392 INFO  [io.api.tes.ser.api.KafkaSerdesTester] (Thread-357) topic-cd7b634c_8b4d_41de_9e46_14522a454b51 0 9 {"key1": "value-9"}
2025-07-31 02:27:14,392 INFO  [io.api.tes.ser.api.KafkaSerdesTester] (Thread-357) Consumed 10 messages
2025-07-31 02:27:14,394 INFO  [org.apa.kaf.cli.con.int.ConsumerRebalanceListenerInvoker] (Thread-357) [Consumer clientId=consumer-Consumer-topic-cd7b634c_8b4d_41de_9e46_14522a454b51-30, groupId=Consumer-topic-cd7b634c_8b4d_41de_9e46_14522a454b51] Revoke previously assigned partitions topic-cd7b634c_8b4d_41de_9e46_14522a454b51-0
2025-07-31 02:27:14,394 INFO  [org.apa.kaf.cli.con.int.ConsumerCoordinator] (Thread-357) [Consumer clientId=consumer-Consumer-topic-cd7b634c_8b4d_41de_9e46_14522a454b51-30, groupId=Consumer-topic-cd7b634c_8b4d_41de_9e46_14522a454b51] Member consumer-Consumer-topic-cd7b634c_8b4d_41de_9e46_14522a454b51-30-8905343e-d4d4-466e-9119-81b9ea6e4996 sending LeaveGroup request to coordinator localhost:32770 (id: 2147483647 rack: null) due to the consumer is being closed
2025-07-31 02:27:14,394 INFO  [org.apa.kaf.cli.con.int.ConsumerCoordinator] (Thread-357) [Consumer clientId=consumer-Consumer-topic-cd7b634c_8b4d_41de_9e46_14522a454b51-30, groupId=Consumer-topic-cd7b634c_8b4d_41de_9e46_14522a454b51] Resetting generation and member id due to: consumer pro-actively leaving the group
2025-07-31 02:27:14,394 INFO  [org.apa.kaf.cli.con.int.ConsumerCoordinator] (Thread-357) [Consumer clientId=consumer-Consumer-topic-cd7b634c_8b4d_41de_9e46_14522a454b51-30, groupId=Consumer-topic-cd7b634c_8b4d_41de_9e46_14522a454b51] Request joining group due to: consumer pro-actively leaving the group
2025-07-31 02:27:14,895 INFO  [org.apa.kaf.com.met.Metrics] (Thread-357) Metrics scheduler closed
2025-07-31 02:27:14,895 INFO  [org.apa.kaf.com.met.Metrics] (Thread-357) Closing reporter org.apache.kafka.common.metrics.JmxReporter
2025-07-31 02:27:14,895 INFO  [org.apa.kaf.com.met.Metrics] (Thread-357) Closing reporter org.apache.kafka.common.telemetry.internals.ClientTelemetryReporter
2025-07-31 02:27:14,895 INFO  [org.apa.kaf.com.met.Metrics] (Thread-357) Metrics reporters closed
2025-07-31 02:27:14,897 INFO  [org.apa.kaf.com.uti.AppInfoParser] (Thread-357) App info kafka.consumer for consumer-Consumer-topic-cd7b634c_8b4d_41de_9e46_14522a454b51-30 unregistered
2025-07-31 02:27:14,973 INFO  [io.api.tes.ser.con.BasicConfluentSerDesIT] (main) Deleting confluent schema topic-cd7b634c_8b4d_41de_9e46_14522a454b51-value
2025-07-31 02:27:15,038 INFO  [io.api.tes.uti.TestSeparator] (main) io.apicurio.tests.serdes.confluent.BasicConfluentSerDesIT.testAvroConfluentSerDes-FINISHED
2025-07-31 02:27:15,038 INFO  [io.api.tes.uti.TestSeparator] (main) ############################################################################
]]></system-out>
  </testcase>
  <testcase name="testAvroConfluentForMultipleTopics" classname="io.apicurio.tests.serdes.confluent.BasicConfluentSerDesIT" time="2.534">
    <system-out><![CDATA[2025-07-31 02:27:15,039 INFO  [io.api.tes.uti.TestSeparator] (main) ############################################################################
2025-07-31 02:27:15,039 INFO  [io.api.tes.uti.TestSeparator] (main) io.apicurio.tests.serdes.confluent.BasicConfluentSerDesIT.testAvroConfluentForMultipleTopics-STARTED
2025-07-31 02:27:15,158 INFO  [io.api.tes.ser.con.BasicConfluentSerDesIT] (main) Checking that created schema is equal to the get schema
2025-07-31 02:27:15,197 INFO  [io.api.tes.ser.con.BasicConfluentSerDesIT] (main) Created schema with id:56 and name:myrecordconfluent6
2025-07-31 02:27:15,197 INFO  [org.apa.kaf.cli.pro.ProducerConfig] (main) ProducerConfig values: 
	acks = -1
	auto.include.jmx.reporter = true
	batch.size = 16384
	bootstrap.servers = [PLAINTEXT://localhost:32770]
	buffer.memory = 33554432
	client.dns.lookup = use_all_dns_ips
	client.id = Producer-topic-5eeb97f1_c27e_4df3_ba38_e84e031d8410
	compression.gzip.level = -1
	compression.lz4.level = 9
	compression.type = none
	compression.zstd.level = 3
	connections.max.idle.ms = 10000
	delivery.timeout.ms = 120000
	enable.idempotence = true
	enable.metrics.push = true
	interceptor.classes = []
	key.serializer = class org.apache.kafka.common.serialization.StringSerializer
	linger.ms = 0
	max.block.ms = 60000
	max.in.flight.requests.per.connection = 5
	max.request.size = 1048576
	metadata.max.age.ms = 300000
	metadata.max.idle.ms = 300000
	metadata.recovery.strategy = none
	metric.reporters = []
	metrics.num.samples = 2
	metrics.recording.level = INFO
	metrics.sample.window.ms = 30000
	partitioner.adaptive.partitioning.enable = true
	partitioner.availability.timeout.ms = 0
	partitioner.class = null
	partitioner.ignore.keys = false
	receive.buffer.bytes = 32768
	reconnect.backoff.max.ms = 1000
	reconnect.backoff.ms = 50
	request.timeout.ms = 5000
	retries = 2147483647
	retry.backoff.max.ms = 1000
	retry.backoff.ms = 100
	sasl.client.callback.handler.class = null
	sasl.jaas.config = null
	sasl.kerberos.kinit.cmd = /usr/bin/kinit
	sasl.kerberos.min.time.before.relogin = 60000
	sasl.kerberos.service.name = null
	sasl.kerberos.ticket.renew.jitter = 0.05
	sasl.kerberos.ticket.renew.window.factor = 0.8
	sasl.login.callback.handler.class = null
	sasl.login.class = null
	sasl.login.connect.timeout.ms = null
	sasl.login.read.timeout.ms = null
	sasl.login.refresh.buffer.seconds = 300
	sasl.login.refresh.min.period.seconds = 60
	sasl.login.refresh.window.factor = 0.8
	sasl.login.refresh.window.jitter = 0.05
	sasl.login.retry.backoff.max.ms = 10000
	sasl.login.retry.backoff.ms = 100
	sasl.mechanism = GSSAPI
	sasl.oauthbearer.clock.skew.seconds = 30
	sasl.oauthbearer.expected.audience = null
	sasl.oauthbearer.expected.issuer = null
	sasl.oauthbearer.header.urlencode = false
	sasl.oauthbearer.jwks.endpoint.refresh.ms = 3600000
	sasl.oauthbearer.jwks.endpoint.retry.backoff.max.ms = 10000
	sasl.oauthbearer.jwks.endpoint.retry.backoff.ms = 100
	sasl.oauthbearer.jwks.endpoint.url = null
	sasl.oauthbearer.scope.claim.name = scope
	sasl.oauthbearer.sub.claim.name = sub
	sasl.oauthbearer.token.endpoint.url = null
	security.protocol = PLAINTEXT
	security.providers = null
	send.buffer.bytes = 131072
	socket.connection.setup.timeout.max.ms = 30000
	socket.connection.setup.timeout.ms = 10000
	ssl.cipher.suites = null
	ssl.enabled.protocols = [TLSv1.2, TLSv1.3]
	ssl.endpoint.identification.algorithm = https
	ssl.engine.factory.class = null
	ssl.key.password = null
	ssl.keymanager.algorithm = SunX509
	ssl.keystore.certificate.chain = null
	ssl.keystore.key = null
	ssl.keystore.location = null
	ssl.keystore.password = null
	ssl.keystore.type = JKS
	ssl.protocol = TLSv1.3
	ssl.provider = null
	ssl.secure.random.implementation = null
	ssl.trustmanager.algorithm = PKIX
	ssl.truststore.certificates = null
	ssl.truststore.location = null
	ssl.truststore.password = null
	ssl.truststore.type = JKS
	transaction.timeout.ms = 60000
	transactional.id = null
	value.serializer = class io.apicurio.registry.serde.avro.AvroKafkaSerializer

2025-07-31 02:27:15,197 INFO  [org.apa.kaf.com.tel.int.KafkaMetricsCollector] (main) initializing Kafka metrics collector
2025-07-31 02:27:15,200 INFO  [org.apa.kaf.cli.pro.KafkaProducer] (main) [Producer clientId=Producer-topic-5eeb97f1_c27e_4df3_ba38_e84e031d8410] Instantiated an idempotent producer.
2025-07-31 02:27:15,201 INFO  [org.apa.kaf.cli.pro.ProducerConfig] (main) These configurations '[apicurio.registry.url, apicurio.registry.artifact-resolver-strategy]' were supplied but are not used yet.
2025-07-31 02:27:15,201 INFO  [org.apa.kaf.com.uti.AppInfoParser] (main) Kafka version: 3.9.0
2025-07-31 02:27:15,201 INFO  [org.apa.kaf.com.uti.AppInfoParser] (main) Kafka commitId: 84caaa6e9da06435
2025-07-31 02:27:15,201 INFO  [org.apa.kaf.com.uti.AppInfoParser] (main) Kafka startTimeMs: 1753928835201
2025-07-31 02:27:15,202 INFO  [org.apa.kaf.cli.pro.ProducerConfig] (main) ProducerConfig values: 
	acks = -1
	auto.include.jmx.reporter = true
	batch.size = 16384
	bootstrap.servers = [PLAINTEXT://localhost:32770]
	buffer.memory = 33554432
	client.dns.lookup = use_all_dns_ips
	client.id = Producer-topic-9ceef478_0433_4b84_8311_0ddfc9c56bf8
	compression.gzip.level = -1
	compression.lz4.level = 9
	compression.type = none
	compression.zstd.level = 3
	connections.max.idle.ms = 10000
	delivery.timeout.ms = 120000
	enable.idempotence = true
	enable.metrics.push = true
	interceptor.classes = []
	key.serializer = class org.apache.kafka.common.serialization.StringSerializer
	linger.ms = 0
	max.block.ms = 60000
	max.in.flight.requests.per.connection = 5
	max.request.size = 1048576
	metadata.max.age.ms = 300000
	metadata.max.idle.ms = 300000
	metadata.recovery.strategy = none
	metric.reporters = []
	metrics.num.samples = 2
	metrics.recording.level = INFO
	metrics.sample.window.ms = 30000
	partitioner.adaptive.partitioning.enable = true
	partitioner.availability.timeout.ms = 0
	partitioner.class = null
	partitioner.ignore.keys = false
	receive.buffer.bytes = 32768
	reconnect.backoff.max.ms = 1000
	reconnect.backoff.ms = 50
	request.timeout.ms = 5000
	retries = 2147483647
	retry.backoff.max.ms = 1000
	retry.backoff.ms = 100
	sasl.client.callback.handler.class = null
	sasl.jaas.config = null
	sasl.kerberos.kinit.cmd = /usr/bin/kinit
	sasl.kerberos.min.time.before.relogin = 60000
	sasl.kerberos.service.name = null
	sasl.kerberos.ticket.renew.jitter = 0.05
	sasl.kerberos.ticket.renew.window.factor = 0.8
	sasl.login.callback.handler.class = null
	sasl.login.class = null
	sasl.login.connect.timeout.ms = null
	sasl.login.read.timeout.ms = null
	sasl.login.refresh.buffer.seconds = 300
	sasl.login.refresh.min.period.seconds = 60
	sasl.login.refresh.window.factor = 0.8
	sasl.login.refresh.window.jitter = 0.05
	sasl.login.retry.backoff.max.ms = 10000
	sasl.login.retry.backoff.ms = 100
	sasl.mechanism = GSSAPI
	sasl.oauthbearer.clock.skew.seconds = 30
	sasl.oauthbearer.expected.audience = null
	sasl.oauthbearer.expected.issuer = null
	sasl.oauthbearer.header.urlencode = false
	sasl.oauthbearer.jwks.endpoint.refresh.ms = 3600000
	sasl.oauthbearer.jwks.endpoint.retry.backoff.max.ms = 10000
	sasl.oauthbearer.jwks.endpoint.retry.backoff.ms = 100
	sasl.oauthbearer.jwks.endpoint.url = null
	sasl.oauthbearer.scope.claim.name = scope
	sasl.oauthbearer.sub.claim.name = sub
	sasl.oauthbearer.token.endpoint.url = null
	security.protocol = PLAINTEXT
	security.providers = null
	send.buffer.bytes = 131072
	socket.connection.setup.timeout.max.ms = 30000
	socket.connection.setup.timeout.ms = 10000
	ssl.cipher.suites = null
	ssl.enabled.protocols = [TLSv1.2, TLSv1.3]
	ssl.endpoint.identification.algorithm = https
	ssl.engine.factory.class = null
	ssl.key.password = null
	ssl.keymanager.algorithm = SunX509
	ssl.keystore.certificate.chain = null
	ssl.keystore.key = null
	ssl.keystore.location = null
	ssl.keystore.password = null
	ssl.keystore.type = JKS
	ssl.protocol = TLSv1.3
	ssl.provider = null
	ssl.secure.random.implementation = null
	ssl.trustmanager.algorithm = PKIX
	ssl.truststore.certificates = null
	ssl.truststore.location = null
	ssl.truststore.password = null
	ssl.truststore.type = JKS
	transaction.timeout.ms = 60000
	transactional.id = null
	value.serializer = class io.apicurio.registry.serde.avro.AvroKafkaSerializer

2025-07-31 02:27:15,202 INFO  [org.apa.kaf.com.tel.int.KafkaMetricsCollector] (main) initializing Kafka metrics collector
2025-07-31 02:27:15,204 INFO  [org.apa.kaf.cli.pro.KafkaProducer] (main) [Producer clientId=Producer-topic-9ceef478_0433_4b84_8311_0ddfc9c56bf8] Instantiated an idempotent producer.
2025-07-31 02:27:15,205 INFO  [org.apa.kaf.cli.Metadata] (kafka-producer-network-thread | Producer-topic-5eeb97f1_c27e_4df3_ba38_e84e031d8410) [Producer clientId=Producer-topic-5eeb97f1_c27e_4df3_ba38_e84e031d8410] Cluster ID: MA4G_e_SRU2vGr9gzyfJLg
2025-07-31 02:27:15,205 INFO  [org.apa.kaf.cli.pro.int.TransactionManager] (kafka-producer-network-thread | Producer-topic-5eeb97f1_c27e_4df3_ba38_e84e031d8410) [Producer clientId=Producer-topic-5eeb97f1_c27e_4df3_ba38_e84e031d8410] ProducerId set to 43 with epoch 0
2025-07-31 02:27:15,205 INFO  [org.apa.kaf.cli.pro.ProducerConfig] (main) These configurations '[apicurio.registry.url, apicurio.registry.artifact-resolver-strategy]' were supplied but are not used yet.
2025-07-31 02:27:15,205 INFO  [org.apa.kaf.com.uti.AppInfoParser] (main) Kafka version: 3.9.0
2025-07-31 02:27:15,205 INFO  [org.apa.kaf.com.uti.AppInfoParser] (main) Kafka commitId: 84caaa6e9da06435
2025-07-31 02:27:15,205 INFO  [org.apa.kaf.com.uti.AppInfoParser] (main) Kafka startTimeMs: 1753928835205
2025-07-31 02:27:15,206 INFO  [org.apa.kaf.cli.pro.ProducerConfig] (main) ProducerConfig values: 
	acks = -1
	auto.include.jmx.reporter = true
	batch.size = 16384
	bootstrap.servers = [PLAINTEXT://localhost:32770]
	buffer.memory = 33554432
	client.dns.lookup = use_all_dns_ips
	client.id = Producer-topic-368007b1_c918_45a2_9747_8696a12c177a
	compression.gzip.level = -1
	compression.lz4.level = 9
	compression.type = none
	compression.zstd.level = 3
	connections.max.idle.ms = 10000
	delivery.timeout.ms = 120000
	enable.idempotence = true
	enable.metrics.push = true
	interceptor.classes = []
	key.serializer = class org.apache.kafka.common.serialization.StringSerializer
	linger.ms = 0
	max.block.ms = 60000
	max.in.flight.requests.per.connection = 5
	max.request.size = 1048576
	metadata.max.age.ms = 300000
	metadata.max.idle.ms = 300000
	metadata.recovery.strategy = none
	metric.reporters = []
	metrics.num.samples = 2
	metrics.recording.level = INFO
	metrics.sample.window.ms = 30000
	partitioner.adaptive.partitioning.enable = true
	partitioner.availability.timeout.ms = 0
	partitioner.class = null
	partitioner.ignore.keys = false
	receive.buffer.bytes = 32768
	reconnect.backoff.max.ms = 1000
	reconnect.backoff.ms = 50
	request.timeout.ms = 5000
	retries = 2147483647
	retry.backoff.max.ms = 1000
	retry.backoff.ms = 100
	sasl.client.callback.handler.class = null
	sasl.jaas.config = null
	sasl.kerberos.kinit.cmd = /usr/bin/kinit
	sasl.kerberos.min.time.before.relogin = 60000
	sasl.kerberos.service.name = null
	sasl.kerberos.ticket.renew.jitter = 0.05
	sasl.kerberos.ticket.renew.window.factor = 0.8
	sasl.login.callback.handler.class = null
	sasl.login.class = null
	sasl.login.connect.timeout.ms = null
	sasl.login.read.timeout.ms = null
	sasl.login.refresh.buffer.seconds = 300
	sasl.login.refresh.min.period.seconds = 60
	sasl.login.refresh.window.factor = 0.8
	sasl.login.refresh.window.jitter = 0.05
	sasl.login.retry.backoff.max.ms = 10000
	sasl.login.retry.backoff.ms = 100
	sasl.mechanism = GSSAPI
	sasl.oauthbearer.clock.skew.seconds = 30
	sasl.oauthbearer.expected.audience = null
	sasl.oauthbearer.expected.issuer = null
	sasl.oauthbearer.header.urlencode = false
	sasl.oauthbearer.jwks.endpoint.refresh.ms = 3600000
	sasl.oauthbearer.jwks.endpoint.retry.backoff.max.ms = 10000
	sasl.oauthbearer.jwks.endpoint.retry.backoff.ms = 100
	sasl.oauthbearer.jwks.endpoint.url = null
	sasl.oauthbearer.scope.claim.name = scope
	sasl.oauthbearer.sub.claim.name = sub
	sasl.oauthbearer.token.endpoint.url = null
	security.protocol = PLAINTEXT
	security.providers = null
	send.buffer.bytes = 131072
	socket.connection.setup.timeout.max.ms = 30000
	socket.connection.setup.timeout.ms = 10000
	ssl.cipher.suites = null
	ssl.enabled.protocols = [TLSv1.2, TLSv1.3]
	ssl.endpoint.identification.algorithm = https
	ssl.engine.factory.class = null
	ssl.key.password = null
	ssl.keymanager.algorithm = SunX509
	ssl.keystore.certificate.chain = null
	ssl.keystore.key = null
	ssl.keystore.location = null
	ssl.keystore.password = null
	ssl.keystore.type = JKS
	ssl.protocol = TLSv1.3
	ssl.provider = null
	ssl.secure.random.implementation = null
	ssl.trustmanager.algorithm = PKIX
	ssl.truststore.certificates = null
	ssl.truststore.location = null
	ssl.truststore.password = null
	ssl.truststore.type = JKS
	transaction.timeout.ms = 60000
	transactional.id = null
	value.serializer = class io.apicurio.registry.serde.avro.AvroKafkaSerializer

2025-07-31 02:27:15,206 INFO  [org.apa.kaf.com.tel.int.KafkaMetricsCollector] (main) initializing Kafka metrics collector
2025-07-31 02:27:15,208 INFO  [org.apa.kaf.cli.Metadata] (kafka-producer-network-thread | Producer-topic-9ceef478_0433_4b84_8311_0ddfc9c56bf8) [Producer clientId=Producer-topic-9ceef478_0433_4b84_8311_0ddfc9c56bf8] Cluster ID: MA4G_e_SRU2vGr9gzyfJLg
2025-07-31 02:27:15,208 INFO  [org.apa.kaf.cli.pro.KafkaProducer] (main) [Producer clientId=Producer-topic-368007b1_c918_45a2_9747_8696a12c177a] Instantiated an idempotent producer.
2025-07-31 02:27:15,209 INFO  [org.apa.kaf.cli.pro.int.TransactionManager] (kafka-producer-network-thread | Producer-topic-9ceef478_0433_4b84_8311_0ddfc9c56bf8) [Producer clientId=Producer-topic-9ceef478_0433_4b84_8311_0ddfc9c56bf8] ProducerId set to 44 with epoch 0
2025-07-31 02:27:15,209 INFO  [org.apa.kaf.cli.pro.ProducerConfig] (main) These configurations '[apicurio.registry.url, apicurio.registry.artifact-resolver-strategy]' were supplied but are not used yet.
2025-07-31 02:27:15,209 INFO  [org.apa.kaf.com.uti.AppInfoParser] (main) Kafka version: 3.9.0
2025-07-31 02:27:15,209 INFO  [org.apa.kaf.com.uti.AppInfoParser] (main) Kafka commitId: 84caaa6e9da06435
2025-07-31 02:27:15,209 INFO  [org.apa.kaf.com.uti.AppInfoParser] (main) Kafka startTimeMs: 1753928835209
2025-07-31 02:27:15,210 INFO  [org.apa.kaf.cli.con.ConsumerConfig] (main) ConsumerConfig values: 
	allow.auto.create.topics = true
	auto.commit.interval.ms = 500
	auto.include.jmx.reporter = true
	auto.offset.reset = earliest
	bootstrap.servers = [PLAINTEXT://localhost:32770]
	check.crcs = true
	client.dns.lookup = use_all_dns_ips
	client.id = consumer-Consumer-topic-5eeb97f1_c27e_4df3_ba38_e84e031d8410-31
	client.rack = 
	connections.max.idle.ms = 10000
	default.api.timeout.ms = 60000
	enable.auto.commit = true
	enable.metrics.push = true
	exclude.internal.topics = true
	fetch.max.bytes = 52428800
	fetch.max.wait.ms = 500
	fetch.min.bytes = 1
	group.id = Consumer-topic-5eeb97f1_c27e_4df3_ba38_e84e031d8410
	group.instance.id = null
	group.protocol = classic
	group.remote.assignor = null
	heartbeat.interval.ms = 3000
	interceptor.classes = []
	internal.leave.group.on.close = true
	internal.throw.on.fetch.stable.offset.unsupported = false
	isolation.level = read_uncommitted
	key.deserializer = class org.apache.kafka.common.serialization.StringDeserializer
	max.partition.fetch.bytes = 1048576
	max.poll.interval.ms = 300000
	max.poll.records = 500
	metadata.max.age.ms = 300000
	metadata.recovery.strategy = none
	metric.reporters = []
	metrics.num.samples = 2
	metrics.recording.level = INFO
	metrics.sample.window.ms = 30000
	partition.assignment.strategy = [class org.apache.kafka.clients.consumer.RangeAssignor, class org.apache.kafka.clients.consumer.CooperativeStickyAssignor]
	receive.buffer.bytes = 65536
	reconnect.backoff.max.ms = 1000
	reconnect.backoff.ms = 50
	request.timeout.ms = 5000
	retry.backoff.max.ms = 1000
	retry.backoff.ms = 100
	sasl.client.callback.handler.class = null
	sasl.jaas.config = null
	sasl.kerberos.kinit.cmd = /usr/bin/kinit
	sasl.kerberos.min.time.before.relogin = 60000
	sasl.kerberos.service.name = null
	sasl.kerberos.ticket.renew.jitter = 0.05
	sasl.kerberos.ticket.renew.window.factor = 0.8
	sasl.login.callback.handler.class = null
	sasl.login.class = null
	sasl.login.connect.timeout.ms = null
	sasl.login.read.timeout.ms = null
	sasl.login.refresh.buffer.seconds = 300
	sasl.login.refresh.min.period.seconds = 60
	sasl.login.refresh.window.factor = 0.8
	sasl.login.refresh.window.jitter = 0.05
	sasl.login.retry.backoff.max.ms = 10000
	sasl.login.retry.backoff.ms = 100
	sasl.mechanism = GSSAPI
	sasl.oauthbearer.clock.skew.seconds = 30
	sasl.oauthbearer.expected.audience = null
	sasl.oauthbearer.expected.issuer = null
	sasl.oauthbearer.header.urlencode = false
	sasl.oauthbearer.jwks.endpoint.refresh.ms = 3600000
	sasl.oauthbearer.jwks.endpoint.retry.backoff.max.ms = 10000
	sasl.oauthbearer.jwks.endpoint.retry.backoff.ms = 100
	sasl.oauthbearer.jwks.endpoint.url = null
	sasl.oauthbearer.scope.claim.name = scope
	sasl.oauthbearer.sub.claim.name = sub
	sasl.oauthbearer.token.endpoint.url = null
	security.protocol = PLAINTEXT
	security.providers = null
	send.buffer.bytes = 131072
	session.timeout.ms = 45000
	socket.connection.setup.timeout.max.ms = 30000
	socket.connection.setup.timeout.ms = 10000
	ssl.cipher.suites = null
	ssl.enabled.protocols = [TLSv1.2, TLSv1.3]
	ssl.endpoint.identification.algorithm = https
	ssl.engine.factory.class = null
	ssl.key.password = null
	ssl.keymanager.algorithm = SunX509
	ssl.keystore.certificate.chain = null
	ssl.keystore.key = null
	ssl.keystore.location = null
	ssl.keystore.password = null
	ssl.keystore.type = JKS
	ssl.protocol = TLSv1.3
	ssl.provider = null
	ssl.secure.random.implementation = null
	ssl.trustmanager.algorithm = PKIX
	ssl.truststore.certificates = null
	ssl.truststore.location = null
	ssl.truststore.password = null
	ssl.truststore.type = JKS
	value.deserializer = class io.apicurio.registry.serde.avro.AvroKafkaDeserializer

2025-07-31 02:27:15,210 INFO  [org.apa.kaf.com.tel.int.KafkaMetricsCollector] (main) initializing Kafka metrics collector
2025-07-31 02:27:15,212 INFO  [org.apa.kaf.cli.Metadata] (kafka-producer-network-thread | Producer-topic-368007b1_c918_45a2_9747_8696a12c177a) [Producer clientId=Producer-topic-368007b1_c918_45a2_9747_8696a12c177a] Cluster ID: MA4G_e_SRU2vGr9gzyfJLg
2025-07-31 02:27:15,215 INFO  [org.apa.kaf.cli.con.ConsumerConfig] (main) These configurations '[apicurio.registry.url]' were supplied but are not used yet.
2025-07-31 02:27:15,215 INFO  [org.apa.kaf.com.uti.AppInfoParser] (main) Kafka version: 3.9.0
2025-07-31 02:27:15,215 INFO  [org.apa.kaf.com.uti.AppInfoParser] (main) Kafka commitId: 84caaa6e9da06435
2025-07-31 02:27:15,215 INFO  [org.apa.kaf.com.uti.AppInfoParser] (main) Kafka startTimeMs: 1753928835215
2025-07-31 02:27:15,215 INFO  [org.apa.kaf.cli.pro.int.TransactionManager] (kafka-producer-network-thread | Producer-topic-368007b1_c918_45a2_9747_8696a12c177a) [Producer clientId=Producer-topic-368007b1_c918_45a2_9747_8696a12c177a] ProducerId set to 45 with epoch 0
2025-07-31 02:27:15,215 INFO  [org.apa.kaf.cli.con.ConsumerConfig] (main) ConsumerConfig values: 
	allow.auto.create.topics = true
	auto.commit.interval.ms = 500
	auto.include.jmx.reporter = true
	auto.offset.reset = earliest
	bootstrap.servers = [PLAINTEXT://localhost:32770]
	check.crcs = true
	client.dns.lookup = use_all_dns_ips
	client.id = consumer-Consumer-topic-9ceef478_0433_4b84_8311_0ddfc9c56bf8-32
	client.rack = 
	connections.max.idle.ms = 10000
	default.api.timeout.ms = 60000
	enable.auto.commit = true
	enable.metrics.push = true
	exclude.internal.topics = true
	fetch.max.bytes = 52428800
	fetch.max.wait.ms = 500
	fetch.min.bytes = 1
	group.id = Consumer-topic-9ceef478_0433_4b84_8311_0ddfc9c56bf8
	group.instance.id = null
	group.protocol = classic
	group.remote.assignor = null
	heartbeat.interval.ms = 3000
	interceptor.classes = []
	internal.leave.group.on.close = true
	internal.throw.on.fetch.stable.offset.unsupported = false
	isolation.level = read_uncommitted
	key.deserializer = class org.apache.kafka.common.serialization.StringDeserializer
	max.partition.fetch.bytes = 1048576
	max.poll.interval.ms = 300000
	max.poll.records = 500
	metadata.max.age.ms = 300000
	metadata.recovery.strategy = none
	metric.reporters = []
	metrics.num.samples = 2
	metrics.recording.level = INFO
	metrics.sample.window.ms = 30000
	partition.assignment.strategy = [class org.apache.kafka.clients.consumer.RangeAssignor, class org.apache.kafka.clients.consumer.CooperativeStickyAssignor]
	receive.buffer.bytes = 65536
	reconnect.backoff.max.ms = 1000
	reconnect.backoff.ms = 50
	request.timeout.ms = 5000
	retry.backoff.max.ms = 1000
	retry.backoff.ms = 100
	sasl.client.callback.handler.class = null
	sasl.jaas.config = null
	sasl.kerberos.kinit.cmd = /usr/bin/kinit
	sasl.kerberos.min.time.before.relogin = 60000
	sasl.kerberos.service.name = null
	sasl.kerberos.ticket.renew.jitter = 0.05
	sasl.kerberos.ticket.renew.window.factor = 0.8
	sasl.login.callback.handler.class = null
	sasl.login.class = null
	sasl.login.connect.timeout.ms = null
	sasl.login.read.timeout.ms = null
	sasl.login.refresh.buffer.seconds = 300
	sasl.login.refresh.min.period.seconds = 60
	sasl.login.refresh.window.factor = 0.8
	sasl.login.refresh.window.jitter = 0.05
	sasl.login.retry.backoff.max.ms = 10000
	sasl.login.retry.backoff.ms = 100
	sasl.mechanism = GSSAPI
	sasl.oauthbearer.clock.skew.seconds = 30
	sasl.oauthbearer.expected.audience = null
	sasl.oauthbearer.expected.issuer = null
	sasl.oauthbearer.header.urlencode = false
	sasl.oauthbearer.jwks.endpoint.refresh.ms = 3600000
	sasl.oauthbearer.jwks.endpoint.retry.backoff.max.ms = 10000
	sasl.oauthbearer.jwks.endpoint.retry.backoff.ms = 100
	sasl.oauthbearer.jwks.endpoint.url = null
	sasl.oauthbearer.scope.claim.name = scope
	sasl.oauthbearer.sub.claim.name = sub
	sasl.oauthbearer.token.endpoint.url = null
	security.protocol = PLAINTEXT
	security.providers = null
	send.buffer.bytes = 131072
	session.timeout.ms = 45000
	socket.connection.setup.timeout.max.ms = 30000
	socket.connection.setup.timeout.ms = 10000
	ssl.cipher.suites = null
	ssl.enabled.protocols = [TLSv1.2, TLSv1.3]
	ssl.endpoint.identification.algorithm = https
	ssl.engine.factory.class = null
	ssl.key.password = null
	ssl.keymanager.algorithm = SunX509
	ssl.keystore.certificate.chain = null
	ssl.keystore.key = null
	ssl.keystore.location = null
	ssl.keystore.password = null
	ssl.keystore.type = JKS
	ssl.protocol = TLSv1.3
	ssl.provider = null
	ssl.secure.random.implementation = null
	ssl.trustmanager.algorithm = PKIX
	ssl.truststore.certificates = null
	ssl.truststore.location = null
	ssl.truststore.password = null
	ssl.truststore.type = JKS
	value.deserializer = class io.apicurio.registry.serde.avro.AvroKafkaDeserializer

2025-07-31 02:27:15,215 INFO  [org.apa.kaf.com.tel.int.KafkaMetricsCollector] (main) initializing Kafka metrics collector
2025-07-31 02:27:15,219 INFO  [org.apa.kaf.cli.con.ConsumerConfig] (main) These configurations '[apicurio.registry.url]' were supplied but are not used yet.
2025-07-31 02:27:15,219 INFO  [org.apa.kaf.com.uti.AppInfoParser] (main) Kafka version: 3.9.0
2025-07-31 02:27:15,219 INFO  [org.apa.kaf.com.uti.AppInfoParser] (main) Kafka commitId: 84caaa6e9da06435
2025-07-31 02:27:15,219 INFO  [org.apa.kaf.com.uti.AppInfoParser] (main) Kafka startTimeMs: 1753928835219
2025-07-31 02:27:15,219 INFO  [org.apa.kaf.cli.con.ConsumerConfig] (main) ConsumerConfig values: 
	allow.auto.create.topics = true
	auto.commit.interval.ms = 500
	auto.include.jmx.reporter = true
	auto.offset.reset = earliest
	bootstrap.servers = [PLAINTEXT://localhost:32770]
	check.crcs = true
	client.dns.lookup = use_all_dns_ips
	client.id = consumer-Consumer-topic-368007b1_c918_45a2_9747_8696a12c177a-33
	client.rack = 
	connections.max.idle.ms = 10000
	default.api.timeout.ms = 60000
	enable.auto.commit = true
	enable.metrics.push = true
	exclude.internal.topics = true
	fetch.max.bytes = 52428800
	fetch.max.wait.ms = 500
	fetch.min.bytes = 1
	group.id = Consumer-topic-368007b1_c918_45a2_9747_8696a12c177a
	group.instance.id = null
	group.protocol = classic
	group.remote.assignor = null
	heartbeat.interval.ms = 3000
	interceptor.classes = []
	internal.leave.group.on.close = true
	internal.throw.on.fetch.stable.offset.unsupported = false
	isolation.level = read_uncommitted
	key.deserializer = class org.apache.kafka.common.serialization.StringDeserializer
	max.partition.fetch.bytes = 1048576
	max.poll.interval.ms = 300000
	max.poll.records = 500
	metadata.max.age.ms = 300000
	metadata.recovery.strategy = none
	metric.reporters = []
	metrics.num.samples = 2
	metrics.recording.level = INFO
	metrics.sample.window.ms = 30000
	partition.assignment.strategy = [class org.apache.kafka.clients.consumer.RangeAssignor, class org.apache.kafka.clients.consumer.CooperativeStickyAssignor]
	receive.buffer.bytes = 65536
	reconnect.backoff.max.ms = 1000
	reconnect.backoff.ms = 50
	request.timeout.ms = 5000
	retry.backoff.max.ms = 1000
	retry.backoff.ms = 100
	sasl.client.callback.handler.class = null
	sasl.jaas.config = null
	sasl.kerberos.kinit.cmd = /usr/bin/kinit
	sasl.kerberos.min.time.before.relogin = 60000
	sasl.kerberos.service.name = null
	sasl.kerberos.ticket.renew.jitter = 0.05
	sasl.kerberos.ticket.renew.window.factor = 0.8
	sasl.login.callback.handler.class = null
	sasl.login.class = null
	sasl.login.connect.timeout.ms = null
	sasl.login.read.timeout.ms = null
	sasl.login.refresh.buffer.seconds = 300
	sasl.login.refresh.min.period.seconds = 60
	sasl.login.refresh.window.factor = 0.8
	sasl.login.refresh.window.jitter = 0.05
	sasl.login.retry.backoff.max.ms = 10000
	sasl.login.retry.backoff.ms = 100
	sasl.mechanism = GSSAPI
	sasl.oauthbearer.clock.skew.seconds = 30
	sasl.oauthbearer.expected.audience = null
	sasl.oauthbearer.expected.issuer = null
	sasl.oauthbearer.header.urlencode = false
	sasl.oauthbearer.jwks.endpoint.refresh.ms = 3600000
	sasl.oauthbearer.jwks.endpoint.retry.backoff.max.ms = 10000
	sasl.oauthbearer.jwks.endpoint.retry.backoff.ms = 100
	sasl.oauthbearer.jwks.endpoint.url = null
	sasl.oauthbearer.scope.claim.name = scope
	sasl.oauthbearer.sub.claim.name = sub
	sasl.oauthbearer.token.endpoint.url = null
	security.protocol = PLAINTEXT
	security.providers = null
	send.buffer.bytes = 131072
	session.timeout.ms = 45000
	socket.connection.setup.timeout.max.ms = 30000
	socket.connection.setup.timeout.ms = 10000
	ssl.cipher.suites = null
	ssl.enabled.protocols = [TLSv1.2, TLSv1.3]
	ssl.endpoint.identification.algorithm = https
	ssl.engine.factory.class = null
	ssl.key.password = null
	ssl.keymanager.algorithm = SunX509
	ssl.keystore.certificate.chain = null
	ssl.keystore.key = null
	ssl.keystore.location = null
	ssl.keystore.password = null
	ssl.keystore.type = JKS
	ssl.protocol = TLSv1.3
	ssl.provider = null
	ssl.secure.random.implementation = null
	ssl.trustmanager.algorithm = PKIX
	ssl.truststore.certificates = null
	ssl.truststore.location = null
	ssl.truststore.password = null
	ssl.truststore.type = JKS
	value.deserializer = class io.apicurio.registry.serde.avro.AvroKafkaDeserializer

2025-07-31 02:27:15,219 INFO  [org.apa.kaf.com.tel.int.KafkaMetricsCollector] (main) initializing Kafka metrics collector
2025-07-31 02:27:15,223 INFO  [org.apa.kaf.cli.con.ConsumerConfig] (main) These configurations '[apicurio.registry.url]' were supplied but are not used yet.
2025-07-31 02:27:15,223 INFO  [org.apa.kaf.com.uti.AppInfoParser] (main) Kafka version: 3.9.0
2025-07-31 02:27:15,223 INFO  [org.apa.kaf.com.uti.AppInfoParser] (main) Kafka commitId: 84caaa6e9da06435
2025-07-31 02:27:15,223 INFO  [org.apa.kaf.com.uti.AppInfoParser] (main) Kafka startTimeMs: 1753928835223
2025-07-31 02:27:15,224 INFO  [io.api.tes.ser.api.KafkaSerdesTester] (Thread-370) Sending message {"key1": "value-0"} to topic topic-5eeb97f1_c27e_4df3_ba38_e84e031d8410
2025-07-31 02:27:15,227 INFO  [DefaultSchemaResolver] (Thread-370) Retrieving schema content using string: {"type":"record","name":"myrecordconfluent6","fields":[{"name":"key1","type":"string"}]}
2025-07-31 02:27:15,307 INFO  [io.api.tes.ser.api.KafkaSerdesTester] (Thread-370) Sending message {"key1": "value-1"} to topic topic-5eeb97f1_c27e_4df3_ba38_e84e031d8410
2025-07-31 02:27:15,308 INFO  [io.api.tes.ser.api.KafkaSerdesTester] (Thread-370) Sending message {"key1": "value-2"} to topic topic-5eeb97f1_c27e_4df3_ba38_e84e031d8410
2025-07-31 02:27:15,309 INFO  [io.api.tes.ser.api.KafkaSerdesTester] (Thread-370) Sending message {"key1": "value-3"} to topic topic-5eeb97f1_c27e_4df3_ba38_e84e031d8410
2025-07-31 02:27:15,310 INFO  [io.api.tes.ser.api.KafkaSerdesTester] (Thread-370) Sending message {"key1": "value-4"} to topic topic-5eeb97f1_c27e_4df3_ba38_e84e031d8410
2025-07-31 02:27:15,311 INFO  [io.api.tes.ser.api.KafkaSerdesTester] (Thread-370) Sending message {"key1": "value-5"} to topic topic-5eeb97f1_c27e_4df3_ba38_e84e031d8410
2025-07-31 02:27:15,313 INFO  [io.api.tes.ser.api.KafkaSerdesTester] (Thread-370) Sending message {"key1": "value-6"} to topic topic-5eeb97f1_c27e_4df3_ba38_e84e031d8410
2025-07-31 02:27:15,315 INFO  [io.api.tes.ser.api.KafkaSerdesTester] (Thread-370) Sending message {"key1": "value-7"} to topic topic-5eeb97f1_c27e_4df3_ba38_e84e031d8410
2025-07-31 02:27:15,316 INFO  [io.api.tes.ser.api.KafkaSerdesTester] (Thread-370) Sending message {"key1": "value-8"} to topic topic-5eeb97f1_c27e_4df3_ba38_e84e031d8410
2025-07-31 02:27:15,316 INFO  [io.api.tes.ser.api.KafkaSerdesTester] (Thread-370) Sending message {"key1": "value-9"} to topic topic-5eeb97f1_c27e_4df3_ba38_e84e031d8410
2025-07-31 02:27:15,319 INFO  [io.api.tes.ser.api.KafkaSerdesTester] (Thread-370) Produced 10 messages
2025-07-31 02:27:15,319 INFO  [org.apa.kaf.cli.pro.KafkaProducer] (Thread-370) [Producer clientId=Producer-topic-5eeb97f1_c27e_4df3_ba38_e84e031d8410] Closing the Kafka producer with timeoutMillis = 9223372036854775807 ms.
2025-07-31 02:27:15,321 INFO  [org.apa.kaf.com.met.Metrics] (Thread-370) Metrics scheduler closed
2025-07-31 02:27:15,321 INFO  [org.apa.kaf.com.met.Metrics] (Thread-370) Closing reporter org.apache.kafka.common.metrics.JmxReporter
2025-07-31 02:27:15,321 INFO  [org.apa.kaf.com.met.Metrics] (Thread-370) Closing reporter org.apache.kafka.common.telemetry.internals.ClientTelemetryReporter
2025-07-31 02:27:15,321 INFO  [org.apa.kaf.com.met.Metrics] (Thread-370) Metrics reporters closed
2025-07-31 02:27:15,321 INFO  [org.apa.kaf.com.uti.AppInfoParser] (Thread-370) App info kafka.producer for Producer-topic-5eeb97f1_c27e_4df3_ba38_e84e031d8410 unregistered
2025-07-31 02:27:15,327 INFO  [io.api.tes.ser.api.KafkaSerdesTester] (Thread-371) Sending message {"key1": "value-0"} to topic topic-9ceef478_0433_4b84_8311_0ddfc9c56bf8
2025-07-31 02:27:15,333 INFO  [DefaultSchemaResolver] (Thread-371) Retrieving schema content using string: {"type":"record","name":"myrecordconfluent6","fields":[{"name":"key1","type":"string"}]}
2025-07-31 02:27:15,421 INFO  [io.api.tes.ser.api.KafkaSerdesTester] (Thread-371) Sending message {"key1": "value-1"} to topic topic-9ceef478_0433_4b84_8311_0ddfc9c56bf8
2025-07-31 02:27:15,422 INFO  [io.api.tes.ser.api.KafkaSerdesTester] (Thread-371) Sending message {"key1": "value-2"} to topic topic-9ceef478_0433_4b84_8311_0ddfc9c56bf8
2025-07-31 02:27:15,423 INFO  [io.api.tes.ser.api.KafkaSerdesTester] (Thread-371) Sending message {"key1": "value-3"} to topic topic-9ceef478_0433_4b84_8311_0ddfc9c56bf8
2025-07-31 02:27:15,424 INFO  [io.api.tes.ser.api.KafkaSerdesTester] (Thread-371) Sending message {"key1": "value-4"} to topic topic-9ceef478_0433_4b84_8311_0ddfc9c56bf8
2025-07-31 02:27:15,425 INFO  [io.api.tes.ser.api.KafkaSerdesTester] (Thread-371) Sending message {"key1": "value-5"} to topic topic-9ceef478_0433_4b84_8311_0ddfc9c56bf8
2025-07-31 02:27:15,426 INFO  [io.api.tes.ser.api.KafkaSerdesTester] (Thread-371) Sending message {"key1": "value-6"} to topic topic-9ceef478_0433_4b84_8311_0ddfc9c56bf8
2025-07-31 02:27:15,430 INFO  [io.api.tes.ser.api.KafkaSerdesTester] (Thread-371) Sending message {"key1": "value-7"} to topic topic-9ceef478_0433_4b84_8311_0ddfc9c56bf8
2025-07-31 02:27:15,434 INFO  [io.api.tes.ser.api.KafkaSerdesTester] (Thread-371) Sending message {"key1": "value-8"} to topic topic-9ceef478_0433_4b84_8311_0ddfc9c56bf8
2025-07-31 02:27:15,437 INFO  [io.api.tes.ser.api.KafkaSerdesTester] (Thread-371) Sending message {"key1": "value-9"} to topic topic-9ceef478_0433_4b84_8311_0ddfc9c56bf8
2025-07-31 02:27:15,439 INFO  [io.api.tes.ser.api.KafkaSerdesTester] (Thread-371) Produced 10 messages
2025-07-31 02:27:15,439 INFO  [org.apa.kaf.cli.pro.KafkaProducer] (Thread-371) [Producer clientId=Producer-topic-9ceef478_0433_4b84_8311_0ddfc9c56bf8] Closing the Kafka producer with timeoutMillis = 9223372036854775807 ms.
2025-07-31 02:27:15,441 INFO  [org.apa.kaf.com.met.Metrics] (Thread-371) Metrics scheduler closed
2025-07-31 02:27:15,441 INFO  [org.apa.kaf.com.met.Metrics] (Thread-371) Closing reporter org.apache.kafka.common.metrics.JmxReporter
2025-07-31 02:27:15,441 INFO  [org.apa.kaf.com.met.Metrics] (Thread-371) Closing reporter org.apache.kafka.common.telemetry.internals.ClientTelemetryReporter
2025-07-31 02:27:15,441 INFO  [org.apa.kaf.com.met.Metrics] (Thread-371) Metrics reporters closed
2025-07-31 02:27:15,441 INFO  [org.apa.kaf.com.uti.AppInfoParser] (Thread-371) App info kafka.producer for Producer-topic-9ceef478_0433_4b84_8311_0ddfc9c56bf8 unregistered
2025-07-31 02:27:15,442 INFO  [io.api.tes.ser.api.KafkaSerdesTester] (Thread-372) Sending message {"key1": "value-0"} to topic topic-368007b1_c918_45a2_9747_8696a12c177a
2025-07-31 02:27:15,445 INFO  [DefaultSchemaResolver] (Thread-372) Retrieving schema content using string: {"type":"record","name":"myrecordconfluent6","fields":[{"name":"key1","type":"string"}]}
2025-07-31 02:27:15,523 INFO  [io.api.tes.ser.api.KafkaSerdesTester] (Thread-372) Sending message {"key1": "value-1"} to topic topic-368007b1_c918_45a2_9747_8696a12c177a
2025-07-31 02:27:15,524 INFO  [io.api.tes.ser.api.KafkaSerdesTester] (Thread-372) Sending message {"key1": "value-2"} to topic topic-368007b1_c918_45a2_9747_8696a12c177a
2025-07-31 02:27:15,525 INFO  [io.api.tes.ser.api.KafkaSerdesTester] (Thread-372) Sending message {"key1": "value-3"} to topic topic-368007b1_c918_45a2_9747_8696a12c177a
2025-07-31 02:27:15,526 INFO  [io.api.tes.ser.api.KafkaSerdesTester] (Thread-372) Sending message {"key1": "value-4"} to topic topic-368007b1_c918_45a2_9747_8696a12c177a
2025-07-31 02:27:15,526 INFO  [io.api.tes.ser.api.KafkaSerdesTester] (Thread-372) Sending message {"key1": "value-5"} to topic topic-368007b1_c918_45a2_9747_8696a12c177a
2025-07-31 02:27:15,527 INFO  [io.api.tes.ser.api.KafkaSerdesTester] (Thread-372) Sending message {"key1": "value-6"} to topic topic-368007b1_c918_45a2_9747_8696a12c177a
2025-07-31 02:27:15,528 INFO  [io.api.tes.ser.api.KafkaSerdesTester] (Thread-372) Sending message {"key1": "value-7"} to topic topic-368007b1_c918_45a2_9747_8696a12c177a
2025-07-31 02:27:15,529 INFO  [io.api.tes.ser.api.KafkaSerdesTester] (Thread-372) Sending message {"key1": "value-8"} to topic topic-368007b1_c918_45a2_9747_8696a12c177a
2025-07-31 02:27:15,530 INFO  [io.api.tes.ser.api.KafkaSerdesTester] (Thread-372) Sending message {"key1": "value-9"} to topic topic-368007b1_c918_45a2_9747_8696a12c177a
2025-07-31 02:27:15,530 INFO  [io.api.tes.ser.api.KafkaSerdesTester] (Thread-372) Produced 10 messages
2025-07-31 02:27:15,530 INFO  [org.apa.kaf.cli.pro.KafkaProducer] (Thread-372) [Producer clientId=Producer-topic-368007b1_c918_45a2_9747_8696a12c177a] Closing the Kafka producer with timeoutMillis = 9223372036854775807 ms.
2025-07-31 02:27:15,532 INFO  [org.apa.kaf.com.met.Metrics] (Thread-372) Metrics scheduler closed
2025-07-31 02:27:15,532 INFO  [org.apa.kaf.com.met.Metrics] (Thread-372) Closing reporter org.apache.kafka.common.metrics.JmxReporter
2025-07-31 02:27:15,532 INFO  [org.apa.kaf.com.met.Metrics] (Thread-372) Closing reporter org.apache.kafka.common.telemetry.internals.ClientTelemetryReporter
2025-07-31 02:27:15,532 INFO  [org.apa.kaf.com.met.Metrics] (Thread-372) Metrics reporters closed
2025-07-31 02:27:15,532 INFO  [org.apa.kaf.com.uti.AppInfoParser] (Thread-372) App info kafka.producer for Producer-topic-368007b1_c918_45a2_9747_8696a12c177a unregistered
2025-07-31 02:27:15,533 INFO  [org.apa.kaf.cli.con.int.ClassicKafkaConsumer] (Thread-373) [Consumer clientId=consumer-Consumer-topic-5eeb97f1_c27e_4df3_ba38_e84e031d8410-31, groupId=Consumer-topic-5eeb97f1_c27e_4df3_ba38_e84e031d8410] Subscribed to topic(s): topic-5eeb97f1_c27e_4df3_ba38_e84e031d8410
2025-07-31 02:27:15,536 INFO  [org.apa.kaf.cli.Metadata] (Thread-373) [Consumer clientId=consumer-Consumer-topic-5eeb97f1_c27e_4df3_ba38_e84e031d8410-31, groupId=Consumer-topic-5eeb97f1_c27e_4df3_ba38_e84e031d8410] Cluster ID: MA4G_e_SRU2vGr9gzyfJLg
2025-07-31 02:27:15,536 INFO  [org.apa.kaf.cli.con.int.ConsumerCoordinator] (Thread-373) [Consumer clientId=consumer-Consumer-topic-5eeb97f1_c27e_4df3_ba38_e84e031d8410-31, groupId=Consumer-topic-5eeb97f1_c27e_4df3_ba38_e84e031d8410] Discovered group coordinator localhost:32770 (id: 2147483647 rack: null)
2025-07-31 02:27:15,537 INFO  [org.apa.kaf.cli.con.int.ConsumerCoordinator] (Thread-373) [Consumer clientId=consumer-Consumer-topic-5eeb97f1_c27e_4df3_ba38_e84e031d8410-31, groupId=Consumer-topic-5eeb97f1_c27e_4df3_ba38_e84e031d8410] (Re-)joining group
2025-07-31 02:27:15,539 INFO  [org.apa.kaf.cli.con.int.ConsumerCoordinator] (Thread-373) [Consumer clientId=consumer-Consumer-topic-5eeb97f1_c27e_4df3_ba38_e84e031d8410-31, groupId=Consumer-topic-5eeb97f1_c27e_4df3_ba38_e84e031d8410] Request joining group due to: need to re-join with the given member-id: consumer-Consumer-topic-5eeb97f1_c27e_4df3_ba38_e84e031d8410-31-ce5d83b1-43dc-45a3-80b9-979d1538fde6
2025-07-31 02:27:15,539 INFO  [org.apa.kaf.cli.con.int.ConsumerCoordinator] (Thread-373) [Consumer clientId=consumer-Consumer-topic-5eeb97f1_c27e_4df3_ba38_e84e031d8410-31, groupId=Consumer-topic-5eeb97f1_c27e_4df3_ba38_e84e031d8410] (Re-)joining group
2025-07-31 02:27:15,540 INFO  [org.apa.kaf.cli.con.int.ConsumerCoordinator] (Thread-373) [Consumer clientId=consumer-Consumer-topic-5eeb97f1_c27e_4df3_ba38_e84e031d8410-31, groupId=Consumer-topic-5eeb97f1_c27e_4df3_ba38_e84e031d8410] Successfully joined group with generation Generation{generationId=1, memberId='consumer-Consumer-topic-5eeb97f1_c27e_4df3_ba38_e84e031d8410-31-ce5d83b1-43dc-45a3-80b9-979d1538fde6', protocol='range'}
2025-07-31 02:27:15,540 INFO  [org.apa.kaf.cli.con.int.ConsumerCoordinator] (Thread-373) [Consumer clientId=consumer-Consumer-topic-5eeb97f1_c27e_4df3_ba38_e84e031d8410-31, groupId=Consumer-topic-5eeb97f1_c27e_4df3_ba38_e84e031d8410] Finished assignment for group at generation 1: {consumer-Consumer-topic-5eeb97f1_c27e_4df3_ba38_e84e031d8410-31-ce5d83b1-43dc-45a3-80b9-979d1538fde6=Assignment(partitions=[topic-5eeb97f1_c27e_4df3_ba38_e84e031d8410-0])}
2025-07-31 02:27:15,541 INFO  [org.apa.kaf.cli.con.int.ConsumerCoordinator] (Thread-373) [Consumer clientId=consumer-Consumer-topic-5eeb97f1_c27e_4df3_ba38_e84e031d8410-31, groupId=Consumer-topic-5eeb97f1_c27e_4df3_ba38_e84e031d8410] Successfully synced group in generation Generation{generationId=1, memberId='consumer-Consumer-topic-5eeb97f1_c27e_4df3_ba38_e84e031d8410-31-ce5d83b1-43dc-45a3-80b9-979d1538fde6', protocol='range'}
2025-07-31 02:27:15,542 INFO  [org.apa.kaf.cli.con.int.ConsumerCoordinator] (Thread-373) [Consumer clientId=consumer-Consumer-topic-5eeb97f1_c27e_4df3_ba38_e84e031d8410-31, groupId=Consumer-topic-5eeb97f1_c27e_4df3_ba38_e84e031d8410] Notifying assignor about the new Assignment(partitions=[topic-5eeb97f1_c27e_4df3_ba38_e84e031d8410-0])
2025-07-31 02:27:15,542 INFO  [org.apa.kaf.cli.con.int.ConsumerRebalanceListenerInvoker] (Thread-373) [Consumer clientId=consumer-Consumer-topic-5eeb97f1_c27e_4df3_ba38_e84e031d8410-31, groupId=Consumer-topic-5eeb97f1_c27e_4df3_ba38_e84e031d8410] Adding newly assigned partitions: topic-5eeb97f1_c27e_4df3_ba38_e84e031d8410-0
2025-07-31 02:27:15,542 INFO  [org.apa.kaf.cli.con.int.ConsumerCoordinator] (Thread-373) [Consumer clientId=consumer-Consumer-topic-5eeb97f1_c27e_4df3_ba38_e84e031d8410-31, groupId=Consumer-topic-5eeb97f1_c27e_4df3_ba38_e84e031d8410] Found no committed offset for partition topic-5eeb97f1_c27e_4df3_ba38_e84e031d8410-0
2025-07-31 02:27:15,545 INFO  [org.apa.kaf.cli.con.int.SubscriptionState] (Thread-373) [Consumer clientId=consumer-Consumer-topic-5eeb97f1_c27e_4df3_ba38_e84e031d8410-31, groupId=Consumer-topic-5eeb97f1_c27e_4df3_ba38_e84e031d8410] Resetting offset for partition topic-5eeb97f1_c27e_4df3_ba38_e84e031d8410-0 to position FetchPosition{offset=0, offsetEpoch=Optional.empty, currentLeader=LeaderAndEpoch{leader=Optional[localhost:32770 (id: 0 rack: null)], epoch=0}}.
2025-07-31 02:27:15,659 INFO  [io.api.tes.ser.api.KafkaSerdesTester] (Thread-373) topic-5eeb97f1_c27e_4df3_ba38_e84e031d8410 0 0 {"key1": "value-0"}
2025-07-31 02:27:15,659 INFO  [io.api.tes.ser.api.KafkaSerdesTester] (Thread-373) topic-5eeb97f1_c27e_4df3_ba38_e84e031d8410 0 1 {"key1": "value-1"}
2025-07-31 02:27:15,659 INFO  [io.api.tes.ser.api.KafkaSerdesTester] (Thread-373) topic-5eeb97f1_c27e_4df3_ba38_e84e031d8410 0 2 {"key1": "value-2"}
2025-07-31 02:27:15,659 INFO  [io.api.tes.ser.api.KafkaSerdesTester] (Thread-373) topic-5eeb97f1_c27e_4df3_ba38_e84e031d8410 0 3 {"key1": "value-3"}
2025-07-31 02:27:15,659 INFO  [io.api.tes.ser.api.KafkaSerdesTester] (Thread-373) topic-5eeb97f1_c27e_4df3_ba38_e84e031d8410 0 4 {"key1": "value-4"}
2025-07-31 02:27:15,659 INFO  [io.api.tes.ser.api.KafkaSerdesTester] (Thread-373) topic-5eeb97f1_c27e_4df3_ba38_e84e031d8410 0 5 {"key1": "value-5"}
2025-07-31 02:27:15,659 INFO  [io.api.tes.ser.api.KafkaSerdesTester] (Thread-373) topic-5eeb97f1_c27e_4df3_ba38_e84e031d8410 0 6 {"key1": "value-6"}
2025-07-31 02:27:15,659 INFO  [io.api.tes.ser.api.KafkaSerdesTester] (Thread-373) topic-5eeb97f1_c27e_4df3_ba38_e84e031d8410 0 7 {"key1": "value-7"}
2025-07-31 02:27:15,659 INFO  [io.api.tes.ser.api.KafkaSerdesTester] (Thread-373) topic-5eeb97f1_c27e_4df3_ba38_e84e031d8410 0 8 {"key1": "value-8"}
2025-07-31 02:27:15,659 INFO  [io.api.tes.ser.api.KafkaSerdesTester] (Thread-373) topic-5eeb97f1_c27e_4df3_ba38_e84e031d8410 0 9 {"key1": "value-9"}
2025-07-31 02:27:15,659 INFO  [io.api.tes.ser.api.KafkaSerdesTester] (Thread-373) Consumed 10 messages
2025-07-31 02:27:15,662 INFO  [org.apa.kaf.cli.con.int.ConsumerRebalanceListenerInvoker] (Thread-373) [Consumer clientId=consumer-Consumer-topic-5eeb97f1_c27e_4df3_ba38_e84e031d8410-31, groupId=Consumer-topic-5eeb97f1_c27e_4df3_ba38_e84e031d8410] Revoke previously assigned partitions topic-5eeb97f1_c27e_4df3_ba38_e84e031d8410-0
2025-07-31 02:27:15,662 INFO  [org.apa.kaf.cli.con.int.ConsumerCoordinator] (Thread-373) [Consumer clientId=consumer-Consumer-topic-5eeb97f1_c27e_4df3_ba38_e84e031d8410-31, groupId=Consumer-topic-5eeb97f1_c27e_4df3_ba38_e84e031d8410] Member consumer-Consumer-topic-5eeb97f1_c27e_4df3_ba38_e84e031d8410-31-ce5d83b1-43dc-45a3-80b9-979d1538fde6 sending LeaveGroup request to coordinator localhost:32770 (id: 2147483647 rack: null) due to the consumer is being closed
2025-07-31 02:27:15,662 INFO  [org.apa.kaf.cli.con.int.ConsumerCoordinator] (Thread-373) [Consumer clientId=consumer-Consumer-topic-5eeb97f1_c27e_4df3_ba38_e84e031d8410-31, groupId=Consumer-topic-5eeb97f1_c27e_4df3_ba38_e84e031d8410] Resetting generation and member id due to: consumer pro-actively leaving the group
2025-07-31 02:27:15,662 INFO  [org.apa.kaf.cli.con.int.ConsumerCoordinator] (Thread-373) [Consumer clientId=consumer-Consumer-topic-5eeb97f1_c27e_4df3_ba38_e84e031d8410-31, groupId=Consumer-topic-5eeb97f1_c27e_4df3_ba38_e84e031d8410] Request joining group due to: consumer pro-actively leaving the group
2025-07-31 02:27:16,161 INFO  [org.apa.kaf.com.met.Metrics] (Thread-373) Metrics scheduler closed
2025-07-31 02:27:16,161 INFO  [org.apa.kaf.com.met.Metrics] (Thread-373) Closing reporter org.apache.kafka.common.metrics.JmxReporter
2025-07-31 02:27:16,161 INFO  [org.apa.kaf.com.met.Metrics] (Thread-373) Closing reporter org.apache.kafka.common.telemetry.internals.ClientTelemetryReporter
2025-07-31 02:27:16,161 INFO  [org.apa.kaf.com.met.Metrics] (Thread-373) Metrics reporters closed
2025-07-31 02:27:16,163 INFO  [org.apa.kaf.com.uti.AppInfoParser] (Thread-373) App info kafka.consumer for consumer-Consumer-topic-5eeb97f1_c27e_4df3_ba38_e84e031d8410-31 unregistered
2025-07-31 02:27:16,164 INFO  [org.apa.kaf.cli.con.int.ClassicKafkaConsumer] (Thread-374) [Consumer clientId=consumer-Consumer-topic-9ceef478_0433_4b84_8311_0ddfc9c56bf8-32, groupId=Consumer-topic-9ceef478_0433_4b84_8311_0ddfc9c56bf8] Subscribed to topic(s): topic-9ceef478_0433_4b84_8311_0ddfc9c56bf8
2025-07-31 02:27:16,169 INFO  [org.apa.kaf.cli.Metadata] (Thread-374) [Consumer clientId=consumer-Consumer-topic-9ceef478_0433_4b84_8311_0ddfc9c56bf8-32, groupId=Consumer-topic-9ceef478_0433_4b84_8311_0ddfc9c56bf8] Cluster ID: MA4G_e_SRU2vGr9gzyfJLg
2025-07-31 02:27:16,169 INFO  [org.apa.kaf.cli.con.int.ConsumerCoordinator] (Thread-374) [Consumer clientId=consumer-Consumer-topic-9ceef478_0433_4b84_8311_0ddfc9c56bf8-32, groupId=Consumer-topic-9ceef478_0433_4b84_8311_0ddfc9c56bf8] Discovered group coordinator localhost:32770 (id: 2147483647 rack: null)
2025-07-31 02:27:16,170 INFO  [org.apa.kaf.cli.con.int.ConsumerCoordinator] (Thread-374) [Consumer clientId=consumer-Consumer-topic-9ceef478_0433_4b84_8311_0ddfc9c56bf8-32, groupId=Consumer-topic-9ceef478_0433_4b84_8311_0ddfc9c56bf8] (Re-)joining group
2025-07-31 02:27:16,172 INFO  [org.apa.kaf.cli.con.int.ConsumerCoordinator] (Thread-374) [Consumer clientId=consumer-Consumer-topic-9ceef478_0433_4b84_8311_0ddfc9c56bf8-32, groupId=Consumer-topic-9ceef478_0433_4b84_8311_0ddfc9c56bf8] Request joining group due to: need to re-join with the given member-id: consumer-Consumer-topic-9ceef478_0433_4b84_8311_0ddfc9c56bf8-32-05dc5afd-8546-4aff-aa84-4d7cd72d9b8e
2025-07-31 02:27:16,172 INFO  [org.apa.kaf.cli.con.int.ConsumerCoordinator] (Thread-374) [Consumer clientId=consumer-Consumer-topic-9ceef478_0433_4b84_8311_0ddfc9c56bf8-32, groupId=Consumer-topic-9ceef478_0433_4b84_8311_0ddfc9c56bf8] (Re-)joining group
2025-07-31 02:27:16,173 INFO  [org.apa.kaf.cli.con.int.ConsumerCoordinator] (Thread-374) [Consumer clientId=consumer-Consumer-topic-9ceef478_0433_4b84_8311_0ddfc9c56bf8-32, groupId=Consumer-topic-9ceef478_0433_4b84_8311_0ddfc9c56bf8] Successfully joined group with generation Generation{generationId=1, memberId='consumer-Consumer-topic-9ceef478_0433_4b84_8311_0ddfc9c56bf8-32-05dc5afd-8546-4aff-aa84-4d7cd72d9b8e', protocol='range'}
2025-07-31 02:27:16,174 INFO  [org.apa.kaf.cli.con.int.ConsumerCoordinator] (Thread-374) [Consumer clientId=consumer-Consumer-topic-9ceef478_0433_4b84_8311_0ddfc9c56bf8-32, groupId=Consumer-topic-9ceef478_0433_4b84_8311_0ddfc9c56bf8] Finished assignment for group at generation 1: {consumer-Consumer-topic-9ceef478_0433_4b84_8311_0ddfc9c56bf8-32-05dc5afd-8546-4aff-aa84-4d7cd72d9b8e=Assignment(partitions=[topic-9ceef478_0433_4b84_8311_0ddfc9c56bf8-0])}
2025-07-31 02:27:16,175 INFO  [org.apa.kaf.cli.con.int.ConsumerCoordinator] (Thread-374) [Consumer clientId=consumer-Consumer-topic-9ceef478_0433_4b84_8311_0ddfc9c56bf8-32, groupId=Consumer-topic-9ceef478_0433_4b84_8311_0ddfc9c56bf8] Successfully synced group in generation Generation{generationId=1, memberId='consumer-Consumer-topic-9ceef478_0433_4b84_8311_0ddfc9c56bf8-32-05dc5afd-8546-4aff-aa84-4d7cd72d9b8e', protocol='range'}
2025-07-31 02:27:16,175 INFO  [org.apa.kaf.cli.con.int.ConsumerCoordinator] (Thread-374) [Consumer clientId=consumer-Consumer-topic-9ceef478_0433_4b84_8311_0ddfc9c56bf8-32, groupId=Consumer-topic-9ceef478_0433_4b84_8311_0ddfc9c56bf8] Notifying assignor about the new Assignment(partitions=[topic-9ceef478_0433_4b84_8311_0ddfc9c56bf8-0])
2025-07-31 02:27:16,175 INFO  [org.apa.kaf.cli.con.int.ConsumerRebalanceListenerInvoker] (Thread-374) [Consumer clientId=consumer-Consumer-topic-9ceef478_0433_4b84_8311_0ddfc9c56bf8-32, groupId=Consumer-topic-9ceef478_0433_4b84_8311_0ddfc9c56bf8] Adding newly assigned partitions: topic-9ceef478_0433_4b84_8311_0ddfc9c56bf8-0
2025-07-31 02:27:16,176 INFO  [org.apa.kaf.cli.con.int.ConsumerCoordinator] (Thread-374) [Consumer clientId=consumer-Consumer-topic-9ceef478_0433_4b84_8311_0ddfc9c56bf8-32, groupId=Consumer-topic-9ceef478_0433_4b84_8311_0ddfc9c56bf8] Found no committed offset for partition topic-9ceef478_0433_4b84_8311_0ddfc9c56bf8-0
2025-07-31 02:27:16,178 INFO  [org.apa.kaf.cli.con.int.SubscriptionState] (Thread-374) [Consumer clientId=consumer-Consumer-topic-9ceef478_0433_4b84_8311_0ddfc9c56bf8-32, groupId=Consumer-topic-9ceef478_0433_4b84_8311_0ddfc9c56bf8] Resetting offset for partition topic-9ceef478_0433_4b84_8311_0ddfc9c56bf8-0 to position FetchPosition{offset=0, offsetEpoch=Optional.empty, currentLeader=LeaderAndEpoch{leader=Optional[localhost:32770 (id: 0 rack: null)], epoch=0}}.
2025-07-31 02:27:16,294 INFO  [io.api.tes.ser.api.KafkaSerdesTester] (Thread-374) topic-9ceef478_0433_4b84_8311_0ddfc9c56bf8 0 0 {"key1": "value-0"}
2025-07-31 02:27:16,294 INFO  [io.api.tes.ser.api.KafkaSerdesTester] (Thread-374) topic-9ceef478_0433_4b84_8311_0ddfc9c56bf8 0 1 {"key1": "value-1"}
2025-07-31 02:27:16,294 INFO  [io.api.tes.ser.api.KafkaSerdesTester] (Thread-374) topic-9ceef478_0433_4b84_8311_0ddfc9c56bf8 0 2 {"key1": "value-2"}
2025-07-31 02:27:16,294 INFO  [io.api.tes.ser.api.KafkaSerdesTester] (Thread-374) topic-9ceef478_0433_4b84_8311_0ddfc9c56bf8 0 3 {"key1": "value-3"}
2025-07-31 02:27:16,294 INFO  [io.api.tes.ser.api.KafkaSerdesTester] (Thread-374) topic-9ceef478_0433_4b84_8311_0ddfc9c56bf8 0 4 {"key1": "value-4"}
2025-07-31 02:27:16,294 INFO  [io.api.tes.ser.api.KafkaSerdesTester] (Thread-374) topic-9ceef478_0433_4b84_8311_0ddfc9c56bf8 0 5 {"key1": "value-5"}
2025-07-31 02:27:16,294 INFO  [io.api.tes.ser.api.KafkaSerdesTester] (Thread-374) topic-9ceef478_0433_4b84_8311_0ddfc9c56bf8 0 6 {"key1": "value-6"}
2025-07-31 02:27:16,294 INFO  [io.api.tes.ser.api.KafkaSerdesTester] (Thread-374) topic-9ceef478_0433_4b84_8311_0ddfc9c56bf8 0 7 {"key1": "value-7"}
2025-07-31 02:27:16,294 INFO  [io.api.tes.ser.api.KafkaSerdesTester] (Thread-374) topic-9ceef478_0433_4b84_8311_0ddfc9c56bf8 0 8 {"key1": "value-8"}
2025-07-31 02:27:16,294 INFO  [io.api.tes.ser.api.KafkaSerdesTester] (Thread-374) topic-9ceef478_0433_4b84_8311_0ddfc9c56bf8 0 9 {"key1": "value-9"}
2025-07-31 02:27:16,294 INFO  [io.api.tes.ser.api.KafkaSerdesTester] (Thread-374) Consumed 10 messages
2025-07-31 02:27:16,299 INFO  [org.apa.kaf.cli.con.int.ConsumerRebalanceListenerInvoker] (Thread-374) [Consumer clientId=consumer-Consumer-topic-9ceef478_0433_4b84_8311_0ddfc9c56bf8-32, groupId=Consumer-topic-9ceef478_0433_4b84_8311_0ddfc9c56bf8] Revoke previously assigned partitions topic-9ceef478_0433_4b84_8311_0ddfc9c56bf8-0
2025-07-31 02:27:16,299 INFO  [org.apa.kaf.cli.con.int.ConsumerCoordinator] (Thread-374) [Consumer clientId=consumer-Consumer-topic-9ceef478_0433_4b84_8311_0ddfc9c56bf8-32, groupId=Consumer-topic-9ceef478_0433_4b84_8311_0ddfc9c56bf8] Member consumer-Consumer-topic-9ceef478_0433_4b84_8311_0ddfc9c56bf8-32-05dc5afd-8546-4aff-aa84-4d7cd72d9b8e sending LeaveGroup request to coordinator localhost:32770 (id: 2147483647 rack: null) due to the consumer is being closed
2025-07-31 02:27:16,299 INFO  [org.apa.kaf.cli.con.int.ConsumerCoordinator] (Thread-374) [Consumer clientId=consumer-Consumer-topic-9ceef478_0433_4b84_8311_0ddfc9c56bf8-32, groupId=Consumer-topic-9ceef478_0433_4b84_8311_0ddfc9c56bf8] Resetting generation and member id due to: consumer pro-actively leaving the group
2025-07-31 02:27:16,299 INFO  [org.apa.kaf.cli.con.int.ConsumerCoordinator] (Thread-374) [Consumer clientId=consumer-Consumer-topic-9ceef478_0433_4b84_8311_0ddfc9c56bf8-32, groupId=Consumer-topic-9ceef478_0433_4b84_8311_0ddfc9c56bf8] Request joining group due to: consumer pro-actively leaving the group
2025-07-31 02:27:16,796 INFO  [org.apa.kaf.com.met.Metrics] (Thread-374) Metrics scheduler closed
2025-07-31 02:27:16,797 INFO  [org.apa.kaf.com.met.Metrics] (Thread-374) Closing reporter org.apache.kafka.common.metrics.JmxReporter
2025-07-31 02:27:16,797 INFO  [org.apa.kaf.com.met.Metrics] (Thread-374) Closing reporter org.apache.kafka.common.telemetry.internals.ClientTelemetryReporter
2025-07-31 02:27:16,797 INFO  [org.apa.kaf.com.met.Metrics] (Thread-374) Metrics reporters closed
2025-07-31 02:27:16,798 INFO  [org.apa.kaf.com.uti.AppInfoParser] (Thread-374) App info kafka.consumer for consumer-Consumer-topic-9ceef478_0433_4b84_8311_0ddfc9c56bf8-32 unregistered
2025-07-31 02:27:16,799 INFO  [org.apa.kaf.cli.con.int.ClassicKafkaConsumer] (Thread-375) [Consumer clientId=consumer-Consumer-topic-368007b1_c918_45a2_9747_8696a12c177a-33, groupId=Consumer-topic-368007b1_c918_45a2_9747_8696a12c177a] Subscribed to topic(s): topic-368007b1_c918_45a2_9747_8696a12c177a
2025-07-31 02:27:16,803 INFO  [org.apa.kaf.cli.Metadata] (Thread-375) [Consumer clientId=consumer-Consumer-topic-368007b1_c918_45a2_9747_8696a12c177a-33, groupId=Consumer-topic-368007b1_c918_45a2_9747_8696a12c177a] Cluster ID: MA4G_e_SRU2vGr9gzyfJLg
2025-07-31 02:27:16,804 INFO  [org.apa.kaf.cli.con.int.ConsumerCoordinator] (Thread-375) [Consumer clientId=consumer-Consumer-topic-368007b1_c918_45a2_9747_8696a12c177a-33, groupId=Consumer-topic-368007b1_c918_45a2_9747_8696a12c177a] Discovered group coordinator localhost:32770 (id: 2147483647 rack: null)
2025-07-31 02:27:16,805 INFO  [org.apa.kaf.cli.con.int.ConsumerCoordinator] (Thread-375) [Consumer clientId=consumer-Consumer-topic-368007b1_c918_45a2_9747_8696a12c177a-33, groupId=Consumer-topic-368007b1_c918_45a2_9747_8696a12c177a] (Re-)joining group
2025-07-31 02:27:16,807 INFO  [org.apa.kaf.cli.con.int.ConsumerCoordinator] (Thread-375) [Consumer clientId=consumer-Consumer-topic-368007b1_c918_45a2_9747_8696a12c177a-33, groupId=Consumer-topic-368007b1_c918_45a2_9747_8696a12c177a] Request joining group due to: need to re-join with the given member-id: consumer-Consumer-topic-368007b1_c918_45a2_9747_8696a12c177a-33-0e8b28ca-d9f6-45fc-9688-d5d936e620e8
2025-07-31 02:27:16,807 INFO  [org.apa.kaf.cli.con.int.ConsumerCoordinator] (Thread-375) [Consumer clientId=consumer-Consumer-topic-368007b1_c918_45a2_9747_8696a12c177a-33, groupId=Consumer-topic-368007b1_c918_45a2_9747_8696a12c177a] (Re-)joining group
2025-07-31 02:27:16,808 INFO  [org.apa.kaf.cli.con.int.ConsumerCoordinator] (Thread-375) [Consumer clientId=consumer-Consumer-topic-368007b1_c918_45a2_9747_8696a12c177a-33, groupId=Consumer-topic-368007b1_c918_45a2_9747_8696a12c177a] Successfully joined group with generation Generation{generationId=1, memberId='consumer-Consumer-topic-368007b1_c918_45a2_9747_8696a12c177a-33-0e8b28ca-d9f6-45fc-9688-d5d936e620e8', protocol='range'}
2025-07-31 02:27:16,808 INFO  [org.apa.kaf.cli.con.int.ConsumerCoordinator] (Thread-375) [Consumer clientId=consumer-Consumer-topic-368007b1_c918_45a2_9747_8696a12c177a-33, groupId=Consumer-topic-368007b1_c918_45a2_9747_8696a12c177a] Finished assignment for group at generation 1: {consumer-Consumer-topic-368007b1_c918_45a2_9747_8696a12c177a-33-0e8b28ca-d9f6-45fc-9688-d5d936e620e8=Assignment(partitions=[topic-368007b1_c918_45a2_9747_8696a12c177a-0])}
2025-07-31 02:27:16,810 INFO  [org.apa.kaf.cli.con.int.ConsumerCoordinator] (Thread-375) [Consumer clientId=consumer-Consumer-topic-368007b1_c918_45a2_9747_8696a12c177a-33, groupId=Consumer-topic-368007b1_c918_45a2_9747_8696a12c177a] Successfully synced group in generation Generation{generationId=1, memberId='consumer-Consumer-topic-368007b1_c918_45a2_9747_8696a12c177a-33-0e8b28ca-d9f6-45fc-9688-d5d936e620e8', protocol='range'}
2025-07-31 02:27:16,810 INFO  [org.apa.kaf.cli.con.int.ConsumerCoordinator] (Thread-375) [Consumer clientId=consumer-Consumer-topic-368007b1_c918_45a2_9747_8696a12c177a-33, groupId=Consumer-topic-368007b1_c918_45a2_9747_8696a12c177a] Notifying assignor about the new Assignment(partitions=[topic-368007b1_c918_45a2_9747_8696a12c177a-0])
2025-07-31 02:27:16,810 INFO  [org.apa.kaf.cli.con.int.ConsumerRebalanceListenerInvoker] (Thread-375) [Consumer clientId=consumer-Consumer-topic-368007b1_c918_45a2_9747_8696a12c177a-33, groupId=Consumer-topic-368007b1_c918_45a2_9747_8696a12c177a] Adding newly assigned partitions: topic-368007b1_c918_45a2_9747_8696a12c177a-0
2025-07-31 02:27:16,811 INFO  [org.apa.kaf.cli.con.int.ConsumerCoordinator] (Thread-375) [Consumer clientId=consumer-Consumer-topic-368007b1_c918_45a2_9747_8696a12c177a-33, groupId=Consumer-topic-368007b1_c918_45a2_9747_8696a12c177a] Found no committed offset for partition topic-368007b1_c918_45a2_9747_8696a12c177a-0
2025-07-31 02:27:16,813 INFO  [org.apa.kaf.cli.con.int.SubscriptionState] (Thread-375) [Consumer clientId=consumer-Consumer-topic-368007b1_c918_45a2_9747_8696a12c177a-33, groupId=Consumer-topic-368007b1_c918_45a2_9747_8696a12c177a] Resetting offset for partition topic-368007b1_c918_45a2_9747_8696a12c177a-0 to position FetchPosition{offset=0, offsetEpoch=Optional.empty, currentLeader=LeaderAndEpoch{leader=Optional[localhost:32770 (id: 0 rack: null)], epoch=0}}.
2025-07-31 02:27:16,928 INFO  [io.api.tes.ser.api.KafkaSerdesTester] (Thread-375) topic-368007b1_c918_45a2_9747_8696a12c177a 0 0 {"key1": "value-0"}
2025-07-31 02:27:16,928 INFO  [io.api.tes.ser.api.KafkaSerdesTester] (Thread-375) topic-368007b1_c918_45a2_9747_8696a12c177a 0 1 {"key1": "value-1"}
2025-07-31 02:27:16,928 INFO  [io.api.tes.ser.api.KafkaSerdesTester] (Thread-375) topic-368007b1_c918_45a2_9747_8696a12c177a 0 2 {"key1": "value-2"}
2025-07-31 02:27:16,928 INFO  [io.api.tes.ser.api.KafkaSerdesTester] (Thread-375) topic-368007b1_c918_45a2_9747_8696a12c177a 0 3 {"key1": "value-3"}
2025-07-31 02:27:16,928 INFO  [io.api.tes.ser.api.KafkaSerdesTester] (Thread-375) topic-368007b1_c918_45a2_9747_8696a12c177a 0 4 {"key1": "value-4"}
2025-07-31 02:27:16,928 INFO  [io.api.tes.ser.api.KafkaSerdesTester] (Thread-375) topic-368007b1_c918_45a2_9747_8696a12c177a 0 5 {"key1": "value-5"}
2025-07-31 02:27:16,928 INFO  [io.api.tes.ser.api.KafkaSerdesTester] (Thread-375) topic-368007b1_c918_45a2_9747_8696a12c177a 0 6 {"key1": "value-6"}
2025-07-31 02:27:16,928 INFO  [io.api.tes.ser.api.KafkaSerdesTester] (Thread-375) topic-368007b1_c918_45a2_9747_8696a12c177a 0 7 {"key1": "value-7"}
2025-07-31 02:27:16,928 INFO  [io.api.tes.ser.api.KafkaSerdesTester] (Thread-375) topic-368007b1_c918_45a2_9747_8696a12c177a 0 8 {"key1": "value-8"}
2025-07-31 02:27:16,928 INFO  [io.api.tes.ser.api.KafkaSerdesTester] (Thread-375) topic-368007b1_c918_45a2_9747_8696a12c177a 0 9 {"key1": "value-9"}
2025-07-31 02:27:16,928 INFO  [io.api.tes.ser.api.KafkaSerdesTester] (Thread-375) Consumed 10 messages
2025-07-31 02:27:16,931 INFO  [org.apa.kaf.cli.con.int.ConsumerRebalanceListenerInvoker] (Thread-375) [Consumer clientId=consumer-Consumer-topic-368007b1_c918_45a2_9747_8696a12c177a-33, groupId=Consumer-topic-368007b1_c918_45a2_9747_8696a12c177a] Revoke previously assigned partitions topic-368007b1_c918_45a2_9747_8696a12c177a-0
2025-07-31 02:27:16,931 INFO  [org.apa.kaf.cli.con.int.ConsumerCoordinator] (Thread-375) [Consumer clientId=consumer-Consumer-topic-368007b1_c918_45a2_9747_8696a12c177a-33, groupId=Consumer-topic-368007b1_c918_45a2_9747_8696a12c177a] Member consumer-Consumer-topic-368007b1_c918_45a2_9747_8696a12c177a-33-0e8b28ca-d9f6-45fc-9688-d5d936e620e8 sending LeaveGroup request to coordinator localhost:32770 (id: 2147483647 rack: null) due to the consumer is being closed
2025-07-31 02:27:16,931 INFO  [org.apa.kaf.cli.con.int.ConsumerCoordinator] (Thread-375) [Consumer clientId=consumer-Consumer-topic-368007b1_c918_45a2_9747_8696a12c177a-33, groupId=Consumer-topic-368007b1_c918_45a2_9747_8696a12c177a] Resetting generation and member id due to: consumer pro-actively leaving the group
2025-07-31 02:27:16,932 INFO  [org.apa.kaf.cli.con.int.ConsumerCoordinator] (Thread-375) [Consumer clientId=consumer-Consumer-topic-368007b1_c918_45a2_9747_8696a12c177a-33, groupId=Consumer-topic-368007b1_c918_45a2_9747_8696a12c177a] Request joining group due to: consumer pro-actively leaving the group
2025-07-31 02:27:17,431 INFO  [org.apa.kaf.com.met.Metrics] (Thread-375) Metrics scheduler closed
2025-07-31 02:27:17,431 INFO  [org.apa.kaf.com.met.Metrics] (Thread-375) Closing reporter org.apache.kafka.common.metrics.JmxReporter
2025-07-31 02:27:17,431 INFO  [org.apa.kaf.com.met.Metrics] (Thread-375) Closing reporter org.apache.kafka.common.telemetry.internals.ClientTelemetryReporter
2025-07-31 02:27:17,431 INFO  [org.apa.kaf.com.met.Metrics] (Thread-375) Metrics reporters closed
2025-07-31 02:27:17,432 INFO  [org.apa.kaf.com.uti.AppInfoParser] (Thread-375) App info kafka.consumer for consumer-Consumer-topic-368007b1_c918_45a2_9747_8696a12c177a-33 unregistered
2025-07-31 02:27:17,508 INFO  [io.api.tes.ser.con.BasicConfluentSerDesIT] (main) Deleting confluent schema myrecordconfluent6
2025-07-31 02:27:17,573 INFO  [io.api.tes.uti.TestSeparator] (main) io.apicurio.tests.serdes.confluent.BasicConfluentSerDesIT.testAvroConfluentForMultipleTopics-FINISHED
2025-07-31 02:27:17,573 INFO  [io.api.tes.uti.TestSeparator] (main) ############################################################################
]]></system-out>
  </testcase>
  <testcase name="testAvroConfluentApicurio" classname="io.apicurio.tests.serdes.confluent.BasicConfluentSerDesIT" time="1.028">
    <system-out><![CDATA[2025-07-31 02:27:17,575 INFO  [io.api.tes.uti.TestSeparator] (main) ############################################################################
2025-07-31 02:27:17,575 INFO  [io.api.tes.uti.TestSeparator] (main) io.apicurio.tests.serdes.confluent.BasicConfluentSerDesIT.testAvroConfluentApicurio-STARTED
2025-07-31 02:27:17,695 INFO  [io.api.tes.ser.con.BasicConfluentSerDesIT] (main) Checking that created schema is equal to the get schema
2025-07-31 02:27:17,734 INFO  [io.api.tes.ser.con.BasicConfluentSerDesIT] (main) Created schema with id:57 and name:myrecordconfluent1
2025-07-31 02:27:17,734 INFO  [org.apa.kaf.cli.pro.ProducerConfig] (main) ProducerConfig values: 
	acks = -1
	auto.include.jmx.reporter = true
	batch.size = 16384
	bootstrap.servers = [PLAINTEXT://localhost:32770]
	buffer.memory = 33554432
	client.dns.lookup = use_all_dns_ips
	client.id = Producer-topic-3cbb0c70_4b0c_4445_bfe2_a082496d8f73
	compression.gzip.level = -1
	compression.lz4.level = 9
	compression.type = none
	compression.zstd.level = 3
	connections.max.idle.ms = 10000
	delivery.timeout.ms = 120000
	enable.idempotence = true
	enable.metrics.push = true
	interceptor.classes = []
	key.serializer = class org.apache.kafka.common.serialization.StringSerializer
	linger.ms = 0
	max.block.ms = 60000
	max.in.flight.requests.per.connection = 5
	max.request.size = 1048576
	metadata.max.age.ms = 300000
	metadata.max.idle.ms = 300000
	metadata.recovery.strategy = none
	metric.reporters = []
	metrics.num.samples = 2
	metrics.recording.level = INFO
	metrics.sample.window.ms = 30000
	partitioner.adaptive.partitioning.enable = true
	partitioner.availability.timeout.ms = 0
	partitioner.class = null
	partitioner.ignore.keys = false
	receive.buffer.bytes = 32768
	reconnect.backoff.max.ms = 1000
	reconnect.backoff.ms = 50
	request.timeout.ms = 5000
	retries = 2147483647
	retry.backoff.max.ms = 1000
	retry.backoff.ms = 100
	sasl.client.callback.handler.class = null
	sasl.jaas.config = null
	sasl.kerberos.kinit.cmd = /usr/bin/kinit
	sasl.kerberos.min.time.before.relogin = 60000
	sasl.kerberos.service.name = null
	sasl.kerberos.ticket.renew.jitter = 0.05
	sasl.kerberos.ticket.renew.window.factor = 0.8
	sasl.login.callback.handler.class = null
	sasl.login.class = null
	sasl.login.connect.timeout.ms = null
	sasl.login.read.timeout.ms = null
	sasl.login.refresh.buffer.seconds = 300
	sasl.login.refresh.min.period.seconds = 60
	sasl.login.refresh.window.factor = 0.8
	sasl.login.refresh.window.jitter = 0.05
	sasl.login.retry.backoff.max.ms = 10000
	sasl.login.retry.backoff.ms = 100
	sasl.mechanism = GSSAPI
	sasl.oauthbearer.clock.skew.seconds = 30
	sasl.oauthbearer.expected.audience = null
	sasl.oauthbearer.expected.issuer = null
	sasl.oauthbearer.header.urlencode = false
	sasl.oauthbearer.jwks.endpoint.refresh.ms = 3600000
	sasl.oauthbearer.jwks.endpoint.retry.backoff.max.ms = 10000
	sasl.oauthbearer.jwks.endpoint.retry.backoff.ms = 100
	sasl.oauthbearer.jwks.endpoint.url = null
	sasl.oauthbearer.scope.claim.name = scope
	sasl.oauthbearer.sub.claim.name = sub
	sasl.oauthbearer.token.endpoint.url = null
	security.protocol = PLAINTEXT
	security.providers = null
	send.buffer.bytes = 131072
	socket.connection.setup.timeout.max.ms = 30000
	socket.connection.setup.timeout.ms = 10000
	ssl.cipher.suites = null
	ssl.enabled.protocols = [TLSv1.2, TLSv1.3]
	ssl.endpoint.identification.algorithm = https
	ssl.engine.factory.class = null
	ssl.key.password = null
	ssl.keymanager.algorithm = SunX509
	ssl.keystore.certificate.chain = null
	ssl.keystore.key = null
	ssl.keystore.location = null
	ssl.keystore.password = null
	ssl.keystore.type = JKS
	ssl.protocol = TLSv1.3
	ssl.provider = null
	ssl.secure.random.implementation = null
	ssl.trustmanager.algorithm = PKIX
	ssl.truststore.certificates = null
	ssl.truststore.location = null
	ssl.truststore.password = null
	ssl.truststore.type = JKS
	transaction.timeout.ms = 60000
	transactional.id = null
	value.serializer = class io.confluent.kafka.serializers.KafkaAvroSerializer

2025-07-31 02:27:17,735 INFO  [org.apa.kaf.com.tel.int.KafkaMetricsCollector] (main) initializing Kafka metrics collector
2025-07-31 02:27:17,735 INFO  [io.con.kaf.ser.KafkaAvroSerializerConfig] (main) KafkaAvroSerializerConfig values: 
	auto.register.schemas = false
	avro.reflection.allow.null = false
	avro.remove.java.properties = false
	avro.use.logical.type.converters = false
	basic.auth.credentials.source = URL
	basic.auth.user.info = [hidden]
	bearer.auth.cache.expiry.buffer.seconds = 300
	bearer.auth.client.id = null
	bearer.auth.client.secret = null
	bearer.auth.credentials.source = STATIC_TOKEN
	bearer.auth.custom.provider.class = null
	bearer.auth.identity.pool.id = null
	bearer.auth.issuer.endpoint.url = null
	bearer.auth.logical.cluster = null
	bearer.auth.scope = null
	bearer.auth.scope.claim.name = scope
	bearer.auth.sub.claim.name = sub
	bearer.auth.token = [hidden]
	context.name.strategy = class io.confluent.kafka.serializers.context.NullContextNameStrategy
	http.connect.timeout.ms = 60000
	http.read.timeout.ms = 60000
	id.compatibility.strict = true
	key.subject.name.strategy = class io.confluent.kafka.serializers.subject.TopicNameStrategy
	latest.cache.size = 1000
	latest.cache.ttl.sec = -1
	latest.compatibility.strict = true
	max.retries = 3
	max.schemas.per.subject = 1000
	normalize.schemas = false
	propagate.schema.tags = false
	proxy.host = 
	proxy.port = -1
	retries.max.wait.ms = 20000
	retries.wait.ms = 1000
	rule.actions = []
	rule.executors = []
	rule.service.loader.enable = true
	schema.format = null
	schema.reflection = false
	schema.registry.basic.auth.user.info = [hidden]
	schema.registry.ssl.cipher.suites = null
	schema.registry.ssl.enabled.protocols = [TLSv1.2, TLSv1.3]
	schema.registry.ssl.endpoint.identification.algorithm = https
	schema.registry.ssl.engine.factory.class = null
	schema.registry.ssl.key.password = null
	schema.registry.ssl.keymanager.algorithm = SunX509
	schema.registry.ssl.keystore.certificate.chain = null
	schema.registry.ssl.keystore.key = null
	schema.registry.ssl.keystore.location = null
	schema.registry.ssl.keystore.password = null
	schema.registry.ssl.keystore.type = JKS
	schema.registry.ssl.protocol = TLSv1.3
	schema.registry.ssl.provider = null
	schema.registry.ssl.secure.random.implementation = null
	schema.registry.ssl.trustmanager.algorithm = PKIX
	schema.registry.ssl.truststore.certificates = null
	schema.registry.ssl.truststore.location = null
	schema.registry.ssl.truststore.password = null
	schema.registry.ssl.truststore.type = JKS
	schema.registry.url = [http://registry-app-kafkasql.apps.ci419.apicurio-testing.org:80/apis/ccompat/v7]
	use.latest.version = false
	use.latest.with.metadata = null
	use.schema.id = -1
	value.subject.name.strategy = class io.confluent.kafka.serializers.subject.TopicNameStrategy

2025-07-31 02:27:17,737 INFO  [org.apa.kaf.cli.pro.KafkaProducer] (main) [Producer clientId=Producer-topic-3cbb0c70_4b0c_4445_bfe2_a082496d8f73] Instantiated an idempotent producer.
2025-07-31 02:27:17,739 INFO  [org.apa.kaf.cli.pro.ProducerConfig] (main) These configurations '[schema.registry.url, auto.register.schemas, value.subject.name.strategy]' were supplied but are not used yet.
2025-07-31 02:27:17,739 INFO  [org.apa.kaf.com.uti.AppInfoParser] (main) Kafka version: 3.9.0
2025-07-31 02:27:17,739 INFO  [org.apa.kaf.com.uti.AppInfoParser] (main) Kafka commitId: 84caaa6e9da06435
2025-07-31 02:27:17,739 INFO  [org.apa.kaf.com.uti.AppInfoParser] (main) Kafka startTimeMs: 1753928837739
2025-07-31 02:27:17,739 INFO  [io.api.tes.ser.api.SimpleSerdesTesterBuilder$SimpleSerdesTester] (main) Using producer configuration: {schema.registry.url=http://registry-app-kafkasql.apps.ci419.apicurio-testing.org:80/apis/ccompat/v7, value.serializer=io.confluent.kafka.serializers.KafkaAvroSerializer, request.timeout.ms=5000, auto.register.schemas=false, acks=all, bootstrap.servers=PLAINTEXT://localhost:32770, connections.max.idle.ms=10000, key.serializer=org.apache.kafka.common.serialization.StringSerializer, value.subject.name.strategy=io.confluent.kafka.serializers.subject.TopicNameStrategy, client.id=Producer-topic-3cbb0c70_4b0c_4445_bfe2_a082496d8f73}
2025-07-31 02:27:17,739 INFO  [io.api.tes.ser.api.SimpleSerdesTesterBuilder$SimpleSerdesTester] (main) Using consumer configuration: {}
2025-07-31 02:27:17,740 INFO  [io.api.tes.ser.api.KafkaSerdesTester] (Thread-376) Sending message {"key1": "value-0"} to topic topic-3cbb0c70_4b0c_4445_bfe2_a082496d8f73
2025-07-31 02:27:17,744 INFO  [org.apa.kaf.cli.Metadata] (kafka-producer-network-thread | Producer-topic-3cbb0c70_4b0c_4445_bfe2_a082496d8f73) [Producer clientId=Producer-topic-3cbb0c70_4b0c_4445_bfe2_a082496d8f73] Cluster ID: MA4G_e_SRU2vGr9gzyfJLg
2025-07-31 02:27:17,744 INFO  [org.apa.kaf.cli.pro.int.TransactionManager] (kafka-producer-network-thread | Producer-topic-3cbb0c70_4b0c_4445_bfe2_a082496d8f73) [Producer clientId=Producer-topic-3cbb0c70_4b0c_4445_bfe2_a082496d8f73] ProducerId set to 46 with epoch 0
2025-07-31 02:27:17,789 INFO  [io.api.tes.ser.api.KafkaSerdesTester] (Thread-376) Sending message {"key1": "value-1"} to topic topic-3cbb0c70_4b0c_4445_bfe2_a082496d8f73
2025-07-31 02:27:17,790 INFO  [io.api.tes.ser.api.KafkaSerdesTester] (Thread-376) Sending message {"key1": "value-2"} to topic topic-3cbb0c70_4b0c_4445_bfe2_a082496d8f73
2025-07-31 02:27:17,791 INFO  [io.api.tes.ser.api.KafkaSerdesTester] (Thread-376) Sending message {"key1": "value-3"} to topic topic-3cbb0c70_4b0c_4445_bfe2_a082496d8f73
2025-07-31 02:27:17,792 INFO  [io.api.tes.ser.api.KafkaSerdesTester] (Thread-376) Sending message {"key1": "value-4"} to topic topic-3cbb0c70_4b0c_4445_bfe2_a082496d8f73
2025-07-31 02:27:17,793 INFO  [io.api.tes.ser.api.KafkaSerdesTester] (Thread-376) Sending message {"key1": "value-5"} to topic topic-3cbb0c70_4b0c_4445_bfe2_a082496d8f73
2025-07-31 02:27:17,793 INFO  [io.api.tes.ser.api.KafkaSerdesTester] (Thread-376) Sending message {"key1": "value-6"} to topic topic-3cbb0c70_4b0c_4445_bfe2_a082496d8f73
2025-07-31 02:27:17,795 INFO  [io.api.tes.ser.api.KafkaSerdesTester] (Thread-376) Sending message {"key1": "value-7"} to topic topic-3cbb0c70_4b0c_4445_bfe2_a082496d8f73
2025-07-31 02:27:17,796 INFO  [io.api.tes.ser.api.KafkaSerdesTester] (Thread-376) Sending message {"key1": "value-8"} to topic topic-3cbb0c70_4b0c_4445_bfe2_a082496d8f73
2025-07-31 02:27:17,797 INFO  [io.api.tes.ser.api.KafkaSerdesTester] (Thread-376) Sending message {"key1": "value-9"} to topic topic-3cbb0c70_4b0c_4445_bfe2_a082496d8f73
2025-07-31 02:27:17,797 INFO  [io.api.tes.ser.api.KafkaSerdesTester] (Thread-376) Produced 10 messages
2025-07-31 02:27:17,797 INFO  [org.apa.kaf.cli.pro.KafkaProducer] (Thread-376) [Producer clientId=Producer-topic-3cbb0c70_4b0c_4445_bfe2_a082496d8f73] Closing the Kafka producer with timeoutMillis = 9223372036854775807 ms.
2025-07-31 02:27:17,799 INFO  [org.apa.kaf.com.met.Metrics] (Thread-376) Metrics scheduler closed
2025-07-31 02:27:17,799 INFO  [org.apa.kaf.com.met.Metrics] (Thread-376) Closing reporter org.apache.kafka.common.metrics.JmxReporter
2025-07-31 02:27:17,799 INFO  [org.apa.kaf.com.met.Metrics] (Thread-376) Closing reporter org.apache.kafka.common.telemetry.internals.ClientTelemetryReporter
2025-07-31 02:27:17,799 INFO  [org.apa.kaf.com.met.Metrics] (Thread-376) Metrics reporters closed
2025-07-31 02:27:17,799 INFO  [org.apa.kaf.com.uti.AppInfoParser] (Thread-376) App info kafka.producer for Producer-topic-3cbb0c70_4b0c_4445_bfe2_a082496d8f73 unregistered
2025-07-31 02:27:17,800 INFO  [org.apa.kaf.cli.con.ConsumerConfig] (main) ConsumerConfig values: 
	allow.auto.create.topics = true
	auto.commit.interval.ms = 500
	auto.include.jmx.reporter = true
	auto.offset.reset = earliest
	bootstrap.servers = [PLAINTEXT://localhost:32770]
	check.crcs = true
	client.dns.lookup = use_all_dns_ips
	client.id = consumer-Consumer-topic-3cbb0c70_4b0c_4445_bfe2_a082496d8f73-34
	client.rack = 
	connections.max.idle.ms = 10000
	default.api.timeout.ms = 60000
	enable.auto.commit = true
	enable.metrics.push = true
	exclude.internal.topics = true
	fetch.max.bytes = 52428800
	fetch.max.wait.ms = 500
	fetch.min.bytes = 1
	group.id = Consumer-topic-3cbb0c70_4b0c_4445_bfe2_a082496d8f73
	group.instance.id = null
	group.protocol = classic
	group.remote.assignor = null
	heartbeat.interval.ms = 3000
	interceptor.classes = []
	internal.leave.group.on.close = true
	internal.throw.on.fetch.stable.offset.unsupported = false
	isolation.level = read_uncommitted
	key.deserializer = class org.apache.kafka.common.serialization.StringDeserializer
	max.partition.fetch.bytes = 1048576
	max.poll.interval.ms = 300000
	max.poll.records = 500
	metadata.max.age.ms = 300000
	metadata.recovery.strategy = none
	metric.reporters = []
	metrics.num.samples = 2
	metrics.recording.level = INFO
	metrics.sample.window.ms = 30000
	partition.assignment.strategy = [class org.apache.kafka.clients.consumer.RangeAssignor, class org.apache.kafka.clients.consumer.CooperativeStickyAssignor]
	receive.buffer.bytes = 65536
	reconnect.backoff.max.ms = 1000
	reconnect.backoff.ms = 50
	request.timeout.ms = 5000
	retry.backoff.max.ms = 1000
	retry.backoff.ms = 100
	sasl.client.callback.handler.class = null
	sasl.jaas.config = null
	sasl.kerberos.kinit.cmd = /usr/bin/kinit
	sasl.kerberos.min.time.before.relogin = 60000
	sasl.kerberos.service.name = null
	sasl.kerberos.ticket.renew.jitter = 0.05
	sasl.kerberos.ticket.renew.window.factor = 0.8
	sasl.login.callback.handler.class = null
	sasl.login.class = null
	sasl.login.connect.timeout.ms = null
	sasl.login.read.timeout.ms = null
	sasl.login.refresh.buffer.seconds = 300
	sasl.login.refresh.min.period.seconds = 60
	sasl.login.refresh.window.factor = 0.8
	sasl.login.refresh.window.jitter = 0.05
	sasl.login.retry.backoff.max.ms = 10000
	sasl.login.retry.backoff.ms = 100
	sasl.mechanism = GSSAPI
	sasl.oauthbearer.clock.skew.seconds = 30
	sasl.oauthbearer.expected.audience = null
	sasl.oauthbearer.expected.issuer = null
	sasl.oauthbearer.header.urlencode = false
	sasl.oauthbearer.jwks.endpoint.refresh.ms = 3600000
	sasl.oauthbearer.jwks.endpoint.retry.backoff.max.ms = 10000
	sasl.oauthbearer.jwks.endpoint.retry.backoff.ms = 100
	sasl.oauthbearer.jwks.endpoint.url = null
	sasl.oauthbearer.scope.claim.name = scope
	sasl.oauthbearer.sub.claim.name = sub
	sasl.oauthbearer.token.endpoint.url = null
	security.protocol = PLAINTEXT
	security.providers = null
	send.buffer.bytes = 131072
	session.timeout.ms = 45000
	socket.connection.setup.timeout.max.ms = 30000
	socket.connection.setup.timeout.ms = 10000
	ssl.cipher.suites = null
	ssl.enabled.protocols = [TLSv1.2, TLSv1.3]
	ssl.endpoint.identification.algorithm = https
	ssl.engine.factory.class = null
	ssl.key.password = null
	ssl.keymanager.algorithm = SunX509
	ssl.keystore.certificate.chain = null
	ssl.keystore.key = null
	ssl.keystore.location = null
	ssl.keystore.password = null
	ssl.keystore.type = JKS
	ssl.protocol = TLSv1.3
	ssl.provider = null
	ssl.secure.random.implementation = null
	ssl.trustmanager.algorithm = PKIX
	ssl.truststore.certificates = null
	ssl.truststore.location = null
	ssl.truststore.password = null
	ssl.truststore.type = JKS
	value.deserializer = class io.apicurio.registry.serde.avro.AvroKafkaDeserializer

2025-07-31 02:27:17,800 INFO  [org.apa.kaf.com.tel.int.KafkaMetricsCollector] (main) initializing Kafka metrics collector
2025-07-31 02:27:17,805 INFO  [org.apa.kaf.cli.con.ConsumerConfig] (main) These configurations '[apicurio.registry.url]' were supplied but are not used yet.
2025-07-31 02:27:17,805 INFO  [org.apa.kaf.com.uti.AppInfoParser] (main) Kafka version: 3.9.0
2025-07-31 02:27:17,805 INFO  [org.apa.kaf.com.uti.AppInfoParser] (main) Kafka commitId: 84caaa6e9da06435
2025-07-31 02:27:17,805 INFO  [org.apa.kaf.com.uti.AppInfoParser] (main) Kafka startTimeMs: 1753928837805
2025-07-31 02:27:17,805 INFO  [org.apa.kaf.cli.con.int.ClassicKafkaConsumer] (Thread-379) [Consumer clientId=consumer-Consumer-topic-3cbb0c70_4b0c_4445_bfe2_a082496d8f73-34, groupId=Consumer-topic-3cbb0c70_4b0c_4445_bfe2_a082496d8f73] Subscribed to topic(s): topic-3cbb0c70_4b0c_4445_bfe2_a082496d8f73
2025-07-31 02:27:17,811 INFO  [org.apa.kaf.cli.Metadata] (Thread-379) [Consumer clientId=consumer-Consumer-topic-3cbb0c70_4b0c_4445_bfe2_a082496d8f73-34, groupId=Consumer-topic-3cbb0c70_4b0c_4445_bfe2_a082496d8f73] Cluster ID: MA4G_e_SRU2vGr9gzyfJLg
2025-07-31 02:27:17,813 INFO  [org.apa.kaf.cli.con.int.ConsumerCoordinator] (Thread-379) [Consumer clientId=consumer-Consumer-topic-3cbb0c70_4b0c_4445_bfe2_a082496d8f73-34, groupId=Consumer-topic-3cbb0c70_4b0c_4445_bfe2_a082496d8f73] Discovered group coordinator localhost:32770 (id: 2147483647 rack: null)
2025-07-31 02:27:17,814 INFO  [org.apa.kaf.cli.con.int.ConsumerCoordinator] (Thread-379) [Consumer clientId=consumer-Consumer-topic-3cbb0c70_4b0c_4445_bfe2_a082496d8f73-34, groupId=Consumer-topic-3cbb0c70_4b0c_4445_bfe2_a082496d8f73] (Re-)joining group
2025-07-31 02:27:17,821 INFO  [org.apa.kaf.cli.con.int.ConsumerCoordinator] (Thread-379) [Consumer clientId=consumer-Consumer-topic-3cbb0c70_4b0c_4445_bfe2_a082496d8f73-34, groupId=Consumer-topic-3cbb0c70_4b0c_4445_bfe2_a082496d8f73] Request joining group due to: need to re-join with the given member-id: consumer-Consumer-topic-3cbb0c70_4b0c_4445_bfe2_a082496d8f73-34-bafdf9af-9cbc-417e-81d8-e7d6b5b58d80
2025-07-31 02:27:17,821 INFO  [org.apa.kaf.cli.con.int.ConsumerCoordinator] (Thread-379) [Consumer clientId=consumer-Consumer-topic-3cbb0c70_4b0c_4445_bfe2_a082496d8f73-34, groupId=Consumer-topic-3cbb0c70_4b0c_4445_bfe2_a082496d8f73] (Re-)joining group
2025-07-31 02:27:17,822 INFO  [org.apa.kaf.cli.con.int.ConsumerCoordinator] (Thread-379) [Consumer clientId=consumer-Consumer-topic-3cbb0c70_4b0c_4445_bfe2_a082496d8f73-34, groupId=Consumer-topic-3cbb0c70_4b0c_4445_bfe2_a082496d8f73] Successfully joined group with generation Generation{generationId=1, memberId='consumer-Consumer-topic-3cbb0c70_4b0c_4445_bfe2_a082496d8f73-34-bafdf9af-9cbc-417e-81d8-e7d6b5b58d80', protocol='range'}
2025-07-31 02:27:17,823 INFO  [org.apa.kaf.cli.con.int.ConsumerCoordinator] (Thread-379) [Consumer clientId=consumer-Consumer-topic-3cbb0c70_4b0c_4445_bfe2_a082496d8f73-34, groupId=Consumer-topic-3cbb0c70_4b0c_4445_bfe2_a082496d8f73] Finished assignment for group at generation 1: {consumer-Consumer-topic-3cbb0c70_4b0c_4445_bfe2_a082496d8f73-34-bafdf9af-9cbc-417e-81d8-e7d6b5b58d80=Assignment(partitions=[topic-3cbb0c70_4b0c_4445_bfe2_a082496d8f73-0])}
2025-07-31 02:27:17,825 INFO  [org.apa.kaf.cli.con.int.ConsumerCoordinator] (Thread-379) [Consumer clientId=consumer-Consumer-topic-3cbb0c70_4b0c_4445_bfe2_a082496d8f73-34, groupId=Consumer-topic-3cbb0c70_4b0c_4445_bfe2_a082496d8f73] Successfully synced group in generation Generation{generationId=1, memberId='consumer-Consumer-topic-3cbb0c70_4b0c_4445_bfe2_a082496d8f73-34-bafdf9af-9cbc-417e-81d8-e7d6b5b58d80', protocol='range'}
2025-07-31 02:27:17,826 INFO  [org.apa.kaf.cli.con.int.ConsumerCoordinator] (Thread-379) [Consumer clientId=consumer-Consumer-topic-3cbb0c70_4b0c_4445_bfe2_a082496d8f73-34, groupId=Consumer-topic-3cbb0c70_4b0c_4445_bfe2_a082496d8f73] Notifying assignor about the new Assignment(partitions=[topic-3cbb0c70_4b0c_4445_bfe2_a082496d8f73-0])
2025-07-31 02:27:17,826 INFO  [org.apa.kaf.cli.con.int.ConsumerRebalanceListenerInvoker] (Thread-379) [Consumer clientId=consumer-Consumer-topic-3cbb0c70_4b0c_4445_bfe2_a082496d8f73-34, groupId=Consumer-topic-3cbb0c70_4b0c_4445_bfe2_a082496d8f73] Adding newly assigned partitions: topic-3cbb0c70_4b0c_4445_bfe2_a082496d8f73-0
2025-07-31 02:27:17,826 INFO  [org.apa.kaf.cli.con.int.ConsumerCoordinator] (Thread-379) [Consumer clientId=consumer-Consumer-topic-3cbb0c70_4b0c_4445_bfe2_a082496d8f73-34, groupId=Consumer-topic-3cbb0c70_4b0c_4445_bfe2_a082496d8f73] Found no committed offset for partition topic-3cbb0c70_4b0c_4445_bfe2_a082496d8f73-0
2025-07-31 02:27:17,830 INFO  [org.apa.kaf.cli.con.int.SubscriptionState] (Thread-379) [Consumer clientId=consumer-Consumer-topic-3cbb0c70_4b0c_4445_bfe2_a082496d8f73-34, groupId=Consumer-topic-3cbb0c70_4b0c_4445_bfe2_a082496d8f73] Resetting offset for partition topic-3cbb0c70_4b0c_4445_bfe2_a082496d8f73-0 to position FetchPosition{offset=0, offsetEpoch=Optional.empty, currentLeader=LeaderAndEpoch{leader=Optional[localhost:32770 (id: 0 rack: null)], epoch=0}}.
2025-07-31 02:27:17,956 INFO  [io.api.tes.ser.api.KafkaSerdesTester] (Thread-379) topic-3cbb0c70_4b0c_4445_bfe2_a082496d8f73 0 0 {"key1": "value-0"}
2025-07-31 02:27:17,957 INFO  [io.api.tes.ser.api.KafkaSerdesTester] (Thread-379) topic-3cbb0c70_4b0c_4445_bfe2_a082496d8f73 0 1 {"key1": "value-1"}
2025-07-31 02:27:17,957 INFO  [io.api.tes.ser.api.KafkaSerdesTester] (Thread-379) topic-3cbb0c70_4b0c_4445_bfe2_a082496d8f73 0 2 {"key1": "value-2"}
2025-07-31 02:27:17,957 INFO  [io.api.tes.ser.api.KafkaSerdesTester] (Thread-379) topic-3cbb0c70_4b0c_4445_bfe2_a082496d8f73 0 3 {"key1": "value-3"}
2025-07-31 02:27:17,957 INFO  [io.api.tes.ser.api.KafkaSerdesTester] (Thread-379) topic-3cbb0c70_4b0c_4445_bfe2_a082496d8f73 0 4 {"key1": "value-4"}
2025-07-31 02:27:17,957 INFO  [io.api.tes.ser.api.KafkaSerdesTester] (Thread-379) topic-3cbb0c70_4b0c_4445_bfe2_a082496d8f73 0 5 {"key1": "value-5"}
2025-07-31 02:27:17,957 INFO  [io.api.tes.ser.api.KafkaSerdesTester] (Thread-379) topic-3cbb0c70_4b0c_4445_bfe2_a082496d8f73 0 6 {"key1": "value-6"}
2025-07-31 02:27:17,957 INFO  [io.api.tes.ser.api.KafkaSerdesTester] (Thread-379) topic-3cbb0c70_4b0c_4445_bfe2_a082496d8f73 0 7 {"key1": "value-7"}
2025-07-31 02:27:17,957 INFO  [io.api.tes.ser.api.KafkaSerdesTester] (Thread-379) topic-3cbb0c70_4b0c_4445_bfe2_a082496d8f73 0 8 {"key1": "value-8"}
2025-07-31 02:27:17,957 INFO  [io.api.tes.ser.api.KafkaSerdesTester] (Thread-379) topic-3cbb0c70_4b0c_4445_bfe2_a082496d8f73 0 9 {"key1": "value-9"}
2025-07-31 02:27:17,957 INFO  [io.api.tes.ser.api.KafkaSerdesTester] (Thread-379) Consumed 10 messages
2025-07-31 02:27:17,958 INFO  [org.apa.kaf.cli.con.int.ConsumerRebalanceListenerInvoker] (Thread-379) [Consumer clientId=consumer-Consumer-topic-3cbb0c70_4b0c_4445_bfe2_a082496d8f73-34, groupId=Consumer-topic-3cbb0c70_4b0c_4445_bfe2_a082496d8f73] Revoke previously assigned partitions topic-3cbb0c70_4b0c_4445_bfe2_a082496d8f73-0
2025-07-31 02:27:17,958 INFO  [org.apa.kaf.cli.con.int.ConsumerCoordinator] (Thread-379) [Consumer clientId=consumer-Consumer-topic-3cbb0c70_4b0c_4445_bfe2_a082496d8f73-34, groupId=Consumer-topic-3cbb0c70_4b0c_4445_bfe2_a082496d8f73] Member consumer-Consumer-topic-3cbb0c70_4b0c_4445_bfe2_a082496d8f73-34-bafdf9af-9cbc-417e-81d8-e7d6b5b58d80 sending LeaveGroup request to coordinator localhost:32770 (id: 2147483647 rack: null) due to the consumer is being closed
2025-07-31 02:27:17,959 INFO  [org.apa.kaf.cli.con.int.ConsumerCoordinator] (Thread-379) [Consumer clientId=consumer-Consumer-topic-3cbb0c70_4b0c_4445_bfe2_a082496d8f73-34, groupId=Consumer-topic-3cbb0c70_4b0c_4445_bfe2_a082496d8f73] Resetting generation and member id due to: consumer pro-actively leaving the group
2025-07-31 02:27:17,959 INFO  [org.apa.kaf.cli.con.int.ConsumerCoordinator] (Thread-379) [Consumer clientId=consumer-Consumer-topic-3cbb0c70_4b0c_4445_bfe2_a082496d8f73-34, groupId=Consumer-topic-3cbb0c70_4b0c_4445_bfe2_a082496d8f73] Request joining group due to: consumer pro-actively leaving the group
2025-07-31 02:27:18,458 INFO  [org.apa.kaf.com.met.Metrics] (Thread-379) Metrics scheduler closed
2025-07-31 02:27:18,458 INFO  [org.apa.kaf.com.met.Metrics] (Thread-379) Closing reporter org.apache.kafka.common.metrics.JmxReporter
2025-07-31 02:27:18,459 INFO  [org.apa.kaf.com.met.Metrics] (Thread-379) Closing reporter org.apache.kafka.common.telemetry.internals.ClientTelemetryReporter
2025-07-31 02:27:18,459 INFO  [org.apa.kaf.com.met.Metrics] (Thread-379) Metrics reporters closed
2025-07-31 02:27:18,460 INFO  [org.apa.kaf.com.uti.AppInfoParser] (Thread-379) App info kafka.consumer for consumer-Consumer-topic-3cbb0c70_4b0c_4445_bfe2_a082496d8f73-34 unregistered
2025-07-31 02:27:18,536 INFO  [io.api.tes.ser.con.BasicConfluentSerDesIT] (main) Deleting confluent schema topic-3cbb0c70_4b0c_4445_bfe2_a082496d8f73-value
2025-07-31 02:27:18,601 INFO  [io.api.tes.uti.TestSeparator] (main) io.apicurio.tests.serdes.confluent.BasicConfluentSerDesIT.testAvroConfluentApicurio-FINISHED
2025-07-31 02:27:18,601 INFO  [io.api.tes.uti.TestSeparator] (main) ############################################################################
]]></system-out>
  </testcase>
  <testcase name="testAvroConfluentSerDesWrongStrategyTopic" classname="io.apicurio.tests.serdes.confluent.BasicConfluentSerDesIT" time="0.361">
    <system-out><![CDATA[2025-07-31 02:27:18,602 INFO  [io.api.tes.uti.TestSeparator] (main) ############################################################################
2025-07-31 02:27:18,602 INFO  [io.api.tes.uti.TestSeparator] (main) io.apicurio.tests.serdes.confluent.BasicConfluentSerDesIT.testAvroConfluentSerDesWrongStrategyTopic-STARTED
2025-07-31 02:27:18,727 INFO  [io.api.tes.ser.con.BasicConfluentSerDesIT] (main) Checking that created schema is equal to the get schema
2025-07-31 02:27:18,768 INFO  [io.api.tes.ser.con.BasicConfluentSerDesIT] (main) Created schema with id:58 and name:myrecordconfluent3
2025-07-31 02:27:18,769 INFO  [org.apa.kaf.cli.pro.ProducerConfig] (main) ProducerConfig values: 
	acks = -1
	auto.include.jmx.reporter = true
	batch.size = 16384
	bootstrap.servers = [PLAINTEXT://localhost:32770]
	buffer.memory = 33554432
	client.dns.lookup = use_all_dns_ips
	client.id = Producer-topic-b4e11e68_f6cf_484e_8dd9_e69f8e3cdc95
	compression.gzip.level = -1
	compression.lz4.level = 9
	compression.type = none
	compression.zstd.level = 3
	connections.max.idle.ms = 10000
	delivery.timeout.ms = 120000
	enable.idempotence = true
	enable.metrics.push = true
	interceptor.classes = []
	key.serializer = class org.apache.kafka.common.serialization.StringSerializer
	linger.ms = 0
	max.block.ms = 60000
	max.in.flight.requests.per.connection = 5
	max.request.size = 1048576
	metadata.max.age.ms = 300000
	metadata.max.idle.ms = 300000
	metadata.recovery.strategy = none
	metric.reporters = []
	metrics.num.samples = 2
	metrics.recording.level = INFO
	metrics.sample.window.ms = 30000
	partitioner.adaptive.partitioning.enable = true
	partitioner.availability.timeout.ms = 0
	partitioner.class = null
	partitioner.ignore.keys = false
	receive.buffer.bytes = 32768
	reconnect.backoff.max.ms = 1000
	reconnect.backoff.ms = 50
	request.timeout.ms = 5000
	retries = 2147483647
	retry.backoff.max.ms = 1000
	retry.backoff.ms = 100
	sasl.client.callback.handler.class = null
	sasl.jaas.config = null
	sasl.kerberos.kinit.cmd = /usr/bin/kinit
	sasl.kerberos.min.time.before.relogin = 60000
	sasl.kerberos.service.name = null
	sasl.kerberos.ticket.renew.jitter = 0.05
	sasl.kerberos.ticket.renew.window.factor = 0.8
	sasl.login.callback.handler.class = null
	sasl.login.class = null
	sasl.login.connect.timeout.ms = null
	sasl.login.read.timeout.ms = null
	sasl.login.refresh.buffer.seconds = 300
	sasl.login.refresh.min.period.seconds = 60
	sasl.login.refresh.window.factor = 0.8
	sasl.login.refresh.window.jitter = 0.05
	sasl.login.retry.backoff.max.ms = 10000
	sasl.login.retry.backoff.ms = 100
	sasl.mechanism = GSSAPI
	sasl.oauthbearer.clock.skew.seconds = 30
	sasl.oauthbearer.expected.audience = null
	sasl.oauthbearer.expected.issuer = null
	sasl.oauthbearer.header.urlencode = false
	sasl.oauthbearer.jwks.endpoint.refresh.ms = 3600000
	sasl.oauthbearer.jwks.endpoint.retry.backoff.max.ms = 10000
	sasl.oauthbearer.jwks.endpoint.retry.backoff.ms = 100
	sasl.oauthbearer.jwks.endpoint.url = null
	sasl.oauthbearer.scope.claim.name = scope
	sasl.oauthbearer.sub.claim.name = sub
	sasl.oauthbearer.token.endpoint.url = null
	security.protocol = PLAINTEXT
	security.providers = null
	send.buffer.bytes = 131072
	socket.connection.setup.timeout.max.ms = 30000
	socket.connection.setup.timeout.ms = 10000
	ssl.cipher.suites = null
	ssl.enabled.protocols = [TLSv1.2, TLSv1.3]
	ssl.endpoint.identification.algorithm = https
	ssl.engine.factory.class = null
	ssl.key.password = null
	ssl.keymanager.algorithm = SunX509
	ssl.keystore.certificate.chain = null
	ssl.keystore.key = null
	ssl.keystore.location = null
	ssl.keystore.password = null
	ssl.keystore.type = JKS
	ssl.protocol = TLSv1.3
	ssl.provider = null
	ssl.secure.random.implementation = null
	ssl.trustmanager.algorithm = PKIX
	ssl.truststore.certificates = null
	ssl.truststore.location = null
	ssl.truststore.password = null
	ssl.truststore.type = JKS
	transaction.timeout.ms = 60000
	transactional.id = null
	value.serializer = class io.confluent.kafka.serializers.KafkaAvroSerializer

2025-07-31 02:27:18,769 INFO  [org.apa.kaf.com.tel.int.KafkaMetricsCollector] (main) initializing Kafka metrics collector
2025-07-31 02:27:18,769 INFO  [io.con.kaf.ser.KafkaAvroSerializerConfig] (main) KafkaAvroSerializerConfig values: 
	auto.register.schemas = false
	avro.reflection.allow.null = false
	avro.remove.java.properties = false
	avro.use.logical.type.converters = false
	basic.auth.credentials.source = URL
	basic.auth.user.info = [hidden]
	bearer.auth.cache.expiry.buffer.seconds = 300
	bearer.auth.client.id = null
	bearer.auth.client.secret = null
	bearer.auth.credentials.source = STATIC_TOKEN
	bearer.auth.custom.provider.class = null
	bearer.auth.identity.pool.id = null
	bearer.auth.issuer.endpoint.url = null
	bearer.auth.logical.cluster = null
	bearer.auth.scope = null
	bearer.auth.scope.claim.name = scope
	bearer.auth.sub.claim.name = sub
	bearer.auth.token = [hidden]
	context.name.strategy = class io.confluent.kafka.serializers.context.NullContextNameStrategy
	http.connect.timeout.ms = 60000
	http.read.timeout.ms = 60000
	id.compatibility.strict = true
	key.subject.name.strategy = class io.confluent.kafka.serializers.subject.TopicNameStrategy
	latest.cache.size = 1000
	latest.cache.ttl.sec = -1
	latest.compatibility.strict = true
	max.retries = 3
	max.schemas.per.subject = 1000
	normalize.schemas = false
	propagate.schema.tags = false
	proxy.host = 
	proxy.port = -1
	retries.max.wait.ms = 20000
	retries.wait.ms = 1000
	rule.actions = []
	rule.executors = []
	rule.service.loader.enable = true
	schema.format = null
	schema.reflection = false
	schema.registry.basic.auth.user.info = [hidden]
	schema.registry.ssl.cipher.suites = null
	schema.registry.ssl.enabled.protocols = [TLSv1.2, TLSv1.3]
	schema.registry.ssl.endpoint.identification.algorithm = https
	schema.registry.ssl.engine.factory.class = null
	schema.registry.ssl.key.password = null
	schema.registry.ssl.keymanager.algorithm = SunX509
	schema.registry.ssl.keystore.certificate.chain = null
	schema.registry.ssl.keystore.key = null
	schema.registry.ssl.keystore.location = null
	schema.registry.ssl.keystore.password = null
	schema.registry.ssl.keystore.type = JKS
	schema.registry.ssl.protocol = TLSv1.3
	schema.registry.ssl.provider = null
	schema.registry.ssl.secure.random.implementation = null
	schema.registry.ssl.trustmanager.algorithm = PKIX
	schema.registry.ssl.truststore.certificates = null
	schema.registry.ssl.truststore.location = null
	schema.registry.ssl.truststore.password = null
	schema.registry.ssl.truststore.type = JKS
	schema.registry.url = [http://registry-app-kafkasql.apps.ci419.apicurio-testing.org:80/apis/ccompat/v7]
	use.latest.version = false
	use.latest.with.metadata = null
	use.schema.id = -1
	value.subject.name.strategy = class io.confluent.kafka.serializers.subject.TopicNameStrategy

2025-07-31 02:27:18,771 INFO  [org.apa.kaf.cli.pro.KafkaProducer] (main) [Producer clientId=Producer-topic-b4e11e68_f6cf_484e_8dd9_e69f8e3cdc95] Instantiated an idempotent producer.
2025-07-31 02:27:18,772 INFO  [org.apa.kaf.cli.pro.ProducerConfig] (main) These configurations '[schema.registry.url, auto.register.schemas, value.subject.name.strategy]' were supplied but are not used yet.
2025-07-31 02:27:18,772 INFO  [org.apa.kaf.com.uti.AppInfoParser] (main) Kafka version: 3.9.0
2025-07-31 02:27:18,772 INFO  [org.apa.kaf.com.uti.AppInfoParser] (main) Kafka commitId: 84caaa6e9da06435
2025-07-31 02:27:18,772 INFO  [org.apa.kaf.com.uti.AppInfoParser] (main) Kafka startTimeMs: 1753928838772
2025-07-31 02:27:18,773 INFO  [io.api.tes.ser.api.KafkaSerdesTester] (Thread-380) Sending message {"key1": "value-0"} to topic topic-b4e11e68_f6cf_484e_8dd9_e69f8e3cdc95
2025-07-31 02:27:18,774 INFO  [org.apa.kaf.cli.Metadata] (kafka-producer-network-thread | Producer-topic-b4e11e68_f6cf_484e_8dd9_e69f8e3cdc95) [Producer clientId=Producer-topic-b4e11e68_f6cf_484e_8dd9_e69f8e3cdc95] Cluster ID: MA4G_e_SRU2vGr9gzyfJLg
2025-07-31 02:27:18,775 INFO  [org.apa.kaf.cli.pro.int.TransactionManager] (kafka-producer-network-thread | Producer-topic-b4e11e68_f6cf_484e_8dd9_e69f8e3cdc95) [Producer clientId=Producer-topic-b4e11e68_f6cf_484e_8dd9_e69f8e3cdc95] ProducerId set to 47 with epoch 0
2025-07-31 02:27:18,821 INFO  [org.apa.kaf.cli.pro.KafkaProducer] (Thread-380) [Producer clientId=Producer-topic-b4e11e68_f6cf_484e_8dd9_e69f8e3cdc95] Closing the Kafka producer with timeoutMillis = 9223372036854775807 ms.
2025-07-31 02:27:18,822 INFO  [org.apa.kaf.com.met.Metrics] (Thread-380) Metrics scheduler closed
2025-07-31 02:27:18,822 INFO  [org.apa.kaf.com.met.Metrics] (Thread-380) Closing reporter org.apache.kafka.common.metrics.JmxReporter
2025-07-31 02:27:18,822 INFO  [org.apa.kaf.com.met.Metrics] (Thread-380) Closing reporter org.apache.kafka.common.telemetry.internals.ClientTelemetryReporter
2025-07-31 02:27:18,822 INFO  [org.apa.kaf.com.met.Metrics] (Thread-380) Metrics reporters closed
2025-07-31 02:27:18,823 INFO  [org.apa.kaf.com.uti.AppInfoParser] (Thread-380) App info kafka.producer for Producer-topic-b4e11e68_f6cf_484e_8dd9_e69f8e3cdc95 unregistered
2025-07-31 02:27:18,899 INFO  [io.api.tes.ser.con.BasicConfluentSerDesIT] (main) Deleting confluent schema myrecordconfluent3
2025-07-31 02:27:18,963 INFO  [io.api.tes.uti.TestSeparator] (main) io.apicurio.tests.serdes.confluent.BasicConfluentSerDesIT.testAvroConfluentSerDesWrongStrategyTopic-FINISHED
2025-07-31 02:27:18,963 INFO  [io.api.tes.uti.TestSeparator] (main) ############################################################################
]]></system-out>
  </testcase>
  <testcase name="testAvroApicurioConfluent" classname="io.apicurio.tests.serdes.confluent.BasicConfluentSerDesIT" time="1.923">
    <system-out><![CDATA[2025-07-31 02:27:18,964 INFO  [io.api.tes.uti.TestSeparator] (main) ############################################################################
2025-07-31 02:27:18,964 INFO  [io.api.tes.uti.TestSeparator] (main) io.apicurio.tests.serdes.confluent.BasicConfluentSerDesIT.testAvroApicurioConfluent-STARTED
2025-07-31 02:27:20,086 INFO  [org.apa.kaf.cli.pro.ProducerConfig] (main) ProducerConfig values: 
	acks = -1
	auto.include.jmx.reporter = true
	batch.size = 16384
	bootstrap.servers = [PLAINTEXT://localhost:32770]
	buffer.memory = 33554432
	client.dns.lookup = use_all_dns_ips
	client.id = Producer-topic-bf1b8829_a8d6_42bd_b784_73551ee3ac74
	compression.gzip.level = -1
	compression.lz4.level = 9
	compression.type = none
	compression.zstd.level = 3
	connections.max.idle.ms = 10000
	delivery.timeout.ms = 120000
	enable.idempotence = true
	enable.metrics.push = true
	interceptor.classes = []
	key.serializer = class org.apache.kafka.common.serialization.StringSerializer
	linger.ms = 0
	max.block.ms = 60000
	max.in.flight.requests.per.connection = 5
	max.request.size = 1048576
	metadata.max.age.ms = 300000
	metadata.max.idle.ms = 300000
	metadata.recovery.strategy = none
	metric.reporters = []
	metrics.num.samples = 2
	metrics.recording.level = INFO
	metrics.sample.window.ms = 30000
	partitioner.adaptive.partitioning.enable = true
	partitioner.availability.timeout.ms = 0
	partitioner.class = null
	partitioner.ignore.keys = false
	receive.buffer.bytes = 32768
	reconnect.backoff.max.ms = 1000
	reconnect.backoff.ms = 50
	request.timeout.ms = 5000
	retries = 2147483647
	retry.backoff.max.ms = 1000
	retry.backoff.ms = 100
	sasl.client.callback.handler.class = null
	sasl.jaas.config = null
	sasl.kerberos.kinit.cmd = /usr/bin/kinit
	sasl.kerberos.min.time.before.relogin = 60000
	sasl.kerberos.service.name = null
	sasl.kerberos.ticket.renew.jitter = 0.05
	sasl.kerberos.ticket.renew.window.factor = 0.8
	sasl.login.callback.handler.class = null
	sasl.login.class = null
	sasl.login.connect.timeout.ms = null
	sasl.login.read.timeout.ms = null
	sasl.login.refresh.buffer.seconds = 300
	sasl.login.refresh.min.period.seconds = 60
	sasl.login.refresh.window.factor = 0.8
	sasl.login.refresh.window.jitter = 0.05
	sasl.login.retry.backoff.max.ms = 10000
	sasl.login.retry.backoff.ms = 100
	sasl.mechanism = GSSAPI
	sasl.oauthbearer.clock.skew.seconds = 30
	sasl.oauthbearer.expected.audience = null
	sasl.oauthbearer.expected.issuer = null
	sasl.oauthbearer.header.urlencode = false
	sasl.oauthbearer.jwks.endpoint.refresh.ms = 3600000
	sasl.oauthbearer.jwks.endpoint.retry.backoff.max.ms = 10000
	sasl.oauthbearer.jwks.endpoint.retry.backoff.ms = 100
	sasl.oauthbearer.jwks.endpoint.url = null
	sasl.oauthbearer.scope.claim.name = scope
	sasl.oauthbearer.sub.claim.name = sub
	sasl.oauthbearer.token.endpoint.url = null
	security.protocol = PLAINTEXT
	security.providers = null
	send.buffer.bytes = 131072
	socket.connection.setup.timeout.max.ms = 30000
	socket.connection.setup.timeout.ms = 10000
	ssl.cipher.suites = null
	ssl.enabled.protocols = [TLSv1.2, TLSv1.3]
	ssl.endpoint.identification.algorithm = https
	ssl.engine.factory.class = null
	ssl.key.password = null
	ssl.keymanager.algorithm = SunX509
	ssl.keystore.certificate.chain = null
	ssl.keystore.key = null
	ssl.keystore.location = null
	ssl.keystore.password = null
	ssl.keystore.type = JKS
	ssl.protocol = TLSv1.3
	ssl.provider = null
	ssl.secure.random.implementation = null
	ssl.trustmanager.algorithm = PKIX
	ssl.truststore.certificates = null
	ssl.truststore.location = null
	ssl.truststore.password = null
	ssl.truststore.type = JKS
	transaction.timeout.ms = 60000
	transactional.id = null
	value.serializer = class io.apicurio.registry.serde.avro.AvroKafkaSerializer

2025-07-31 02:27:20,086 INFO  [org.apa.kaf.com.tel.int.KafkaMetricsCollector] (main) initializing Kafka metrics collector
2025-07-31 02:27:20,088 INFO  [org.apa.kaf.cli.pro.KafkaProducer] (main) [Producer clientId=Producer-topic-bf1b8829_a8d6_42bd_b784_73551ee3ac74] Instantiated an idempotent producer.
2025-07-31 02:27:20,090 INFO  [org.apa.kaf.cli.pro.ProducerConfig] (main) These configurations '[apicurio.registry.url, apicurio.registry.artifact-resolver-strategy]' were supplied but are not used yet.
2025-07-31 02:27:20,090 INFO  [org.apa.kaf.com.uti.AppInfoParser] (main) Kafka version: 3.9.0
2025-07-31 02:27:20,090 INFO  [org.apa.kaf.com.uti.AppInfoParser] (main) Kafka commitId: 84caaa6e9da06435
2025-07-31 02:27:20,090 INFO  [org.apa.kaf.com.uti.AppInfoParser] (main) Kafka startTimeMs: 1753928840090
2025-07-31 02:27:20,090 INFO  [io.api.tes.ser.api.SimpleSerdesTesterBuilder$SimpleSerdesTester] (main) Using producer configuration: {apicurio.registry.url=http://registry-app-kafkasql.apps.ci419.apicurio-testing.org:80/apis/registry/v3, apicurio.registry.artifact-resolver-strategy=io.apicurio.registry.serde.strategy.TopicIdStrategy, value.serializer=io.apicurio.registry.serde.avro.AvroKafkaSerializer, request.timeout.ms=5000, acks=all, bootstrap.servers=PLAINTEXT://localhost:32770, connections.max.idle.ms=10000, key.serializer=org.apache.kafka.common.serialization.StringSerializer, client.id=Producer-topic-bf1b8829_a8d6_42bd_b784_73551ee3ac74}
2025-07-31 02:27:20,090 INFO  [io.api.tes.ser.api.SimpleSerdesTesterBuilder$SimpleSerdesTester] (main) Using consumer configuration: {}
2025-07-31 02:27:20,090 INFO  [io.api.tes.ser.api.KafkaSerdesTester] (Thread-383) Sending message {"key1": "value-0"} to topic topic-bf1b8829_a8d6_42bd_b784_73551ee3ac74
2025-07-31 02:27:20,093 INFO  [org.apa.kaf.cli.Metadata] (kafka-producer-network-thread | Producer-topic-bf1b8829_a8d6_42bd_b784_73551ee3ac74) [Producer clientId=Producer-topic-bf1b8829_a8d6_42bd_b784_73551ee3ac74] Cluster ID: MA4G_e_SRU2vGr9gzyfJLg
2025-07-31 02:27:20,093 INFO  [org.apa.kaf.cli.pro.int.TransactionManager] (kafka-producer-network-thread | Producer-topic-bf1b8829_a8d6_42bd_b784_73551ee3ac74) [Producer clientId=Producer-topic-bf1b8829_a8d6_42bd_b784_73551ee3ac74] ProducerId set to 48 with epoch 0
2025-07-31 02:27:20,093 INFO  [DefaultSchemaResolver] (Thread-383) Retrieving schema content using string: {"type":"record","name":"myrecordconfluent1","fields":[{"name":"key1","type":"string"}]}
2025-07-31 02:27:20,173 INFO  [io.api.tes.ser.api.KafkaSerdesTester] (Thread-383) Sending message {"key1": "value-1"} to topic topic-bf1b8829_a8d6_42bd_b784_73551ee3ac74
2025-07-31 02:27:20,174 INFO  [io.api.tes.ser.api.KafkaSerdesTester] (Thread-383) Sending message {"key1": "value-2"} to topic topic-bf1b8829_a8d6_42bd_b784_73551ee3ac74
2025-07-31 02:27:20,175 INFO  [io.api.tes.ser.api.KafkaSerdesTester] (Thread-383) Sending message {"key1": "value-3"} to topic topic-bf1b8829_a8d6_42bd_b784_73551ee3ac74
2025-07-31 02:27:20,176 INFO  [io.api.tes.ser.api.KafkaSerdesTester] (Thread-383) Sending message {"key1": "value-4"} to topic topic-bf1b8829_a8d6_42bd_b784_73551ee3ac74
2025-07-31 02:27:20,177 INFO  [io.api.tes.ser.api.KafkaSerdesTester] (Thread-383) Sending message {"key1": "value-5"} to topic topic-bf1b8829_a8d6_42bd_b784_73551ee3ac74
2025-07-31 02:27:20,177 INFO  [io.api.tes.ser.api.KafkaSerdesTester] (Thread-383) Sending message {"key1": "value-6"} to topic topic-bf1b8829_a8d6_42bd_b784_73551ee3ac74
2025-07-31 02:27:20,178 INFO  [io.api.tes.ser.api.KafkaSerdesTester] (Thread-383) Sending message {"key1": "value-7"} to topic topic-bf1b8829_a8d6_42bd_b784_73551ee3ac74
2025-07-31 02:27:20,179 INFO  [io.api.tes.ser.api.KafkaSerdesTester] (Thread-383) Sending message {"key1": "value-8"} to topic topic-bf1b8829_a8d6_42bd_b784_73551ee3ac74
2025-07-31 02:27:20,180 INFO  [io.api.tes.ser.api.KafkaSerdesTester] (Thread-383) Sending message {"key1": "value-9"} to topic topic-bf1b8829_a8d6_42bd_b784_73551ee3ac74
2025-07-31 02:27:20,181 INFO  [io.api.tes.ser.api.KafkaSerdesTester] (Thread-383) Produced 10 messages
2025-07-31 02:27:20,181 INFO  [org.apa.kaf.cli.pro.KafkaProducer] (Thread-383) [Producer clientId=Producer-topic-bf1b8829_a8d6_42bd_b784_73551ee3ac74] Closing the Kafka producer with timeoutMillis = 9223372036854775807 ms.
2025-07-31 02:27:20,182 INFO  [org.apa.kaf.com.met.Metrics] (Thread-383) Metrics scheduler closed
2025-07-31 02:27:20,182 INFO  [org.apa.kaf.com.met.Metrics] (Thread-383) Closing reporter org.apache.kafka.common.metrics.JmxReporter
2025-07-31 02:27:20,182 INFO  [org.apa.kaf.com.met.Metrics] (Thread-383) Closing reporter org.apache.kafka.common.telemetry.internals.ClientTelemetryReporter
2025-07-31 02:27:20,182 INFO  [org.apa.kaf.com.met.Metrics] (Thread-383) Metrics reporters closed
2025-07-31 02:27:20,183 INFO  [org.apa.kaf.com.uti.AppInfoParser] (Thread-383) App info kafka.producer for Producer-topic-bf1b8829_a8d6_42bd_b784_73551ee3ac74 unregistered
2025-07-31 02:27:20,183 INFO  [org.apa.kaf.cli.con.ConsumerConfig] (main) ConsumerConfig values: 
	allow.auto.create.topics = true
	auto.commit.interval.ms = 500
	auto.include.jmx.reporter = true
	auto.offset.reset = earliest
	bootstrap.servers = [PLAINTEXT://localhost:32770]
	check.crcs = true
	client.dns.lookup = use_all_dns_ips
	client.id = consumer-Consumer-topic-bf1b8829_a8d6_42bd_b784_73551ee3ac74-35
	client.rack = 
	connections.max.idle.ms = 10000
	default.api.timeout.ms = 60000
	enable.auto.commit = true
	enable.metrics.push = true
	exclude.internal.topics = true
	fetch.max.bytes = 52428800
	fetch.max.wait.ms = 500
	fetch.min.bytes = 1
	group.id = Consumer-topic-bf1b8829_a8d6_42bd_b784_73551ee3ac74
	group.instance.id = null
	group.protocol = classic
	group.remote.assignor = null
	heartbeat.interval.ms = 3000
	interceptor.classes = []
	internal.leave.group.on.close = true
	internal.throw.on.fetch.stable.offset.unsupported = false
	isolation.level = read_uncommitted
	key.deserializer = class org.apache.kafka.common.serialization.StringDeserializer
	max.partition.fetch.bytes = 1048576
	max.poll.interval.ms = 300000
	max.poll.records = 500
	metadata.max.age.ms = 300000
	metadata.recovery.strategy = none
	metric.reporters = []
	metrics.num.samples = 2
	metrics.recording.level = INFO
	metrics.sample.window.ms = 30000
	partition.assignment.strategy = [class org.apache.kafka.clients.consumer.RangeAssignor, class org.apache.kafka.clients.consumer.CooperativeStickyAssignor]
	receive.buffer.bytes = 65536
	reconnect.backoff.max.ms = 1000
	reconnect.backoff.ms = 50
	request.timeout.ms = 5000
	retry.backoff.max.ms = 1000
	retry.backoff.ms = 100
	sasl.client.callback.handler.class = null
	sasl.jaas.config = null
	sasl.kerberos.kinit.cmd = /usr/bin/kinit
	sasl.kerberos.min.time.before.relogin = 60000
	sasl.kerberos.service.name = null
	sasl.kerberos.ticket.renew.jitter = 0.05
	sasl.kerberos.ticket.renew.window.factor = 0.8
	sasl.login.callback.handler.class = null
	sasl.login.class = null
	sasl.login.connect.timeout.ms = null
	sasl.login.read.timeout.ms = null
	sasl.login.refresh.buffer.seconds = 300
	sasl.login.refresh.min.period.seconds = 60
	sasl.login.refresh.window.factor = 0.8
	sasl.login.refresh.window.jitter = 0.05
	sasl.login.retry.backoff.max.ms = 10000
	sasl.login.retry.backoff.ms = 100
	sasl.mechanism = GSSAPI
	sasl.oauthbearer.clock.skew.seconds = 30
	sasl.oauthbearer.expected.audience = null
	sasl.oauthbearer.expected.issuer = null
	sasl.oauthbearer.header.urlencode = false
	sasl.oauthbearer.jwks.endpoint.refresh.ms = 3600000
	sasl.oauthbearer.jwks.endpoint.retry.backoff.max.ms = 10000
	sasl.oauthbearer.jwks.endpoint.retry.backoff.ms = 100
	sasl.oauthbearer.jwks.endpoint.url = null
	sasl.oauthbearer.scope.claim.name = scope
	sasl.oauthbearer.sub.claim.name = sub
	sasl.oauthbearer.token.endpoint.url = null
	security.protocol = PLAINTEXT
	security.providers = null
	send.buffer.bytes = 131072
	session.timeout.ms = 45000
	socket.connection.setup.timeout.max.ms = 30000
	socket.connection.setup.timeout.ms = 10000
	ssl.cipher.suites = null
	ssl.enabled.protocols = [TLSv1.2, TLSv1.3]
	ssl.endpoint.identification.algorithm = https
	ssl.engine.factory.class = null
	ssl.key.password = null
	ssl.keymanager.algorithm = SunX509
	ssl.keystore.certificate.chain = null
	ssl.keystore.key = null
	ssl.keystore.location = null
	ssl.keystore.password = null
	ssl.keystore.type = JKS
	ssl.protocol = TLSv1.3
	ssl.provider = null
	ssl.secure.random.implementation = null
	ssl.trustmanager.algorithm = PKIX
	ssl.truststore.certificates = null
	ssl.truststore.location = null
	ssl.truststore.password = null
	ssl.truststore.type = JKS
	value.deserializer = class io.confluent.kafka.serializers.KafkaAvroDeserializer

2025-07-31 02:27:20,183 INFO  [org.apa.kaf.com.tel.int.KafkaMetricsCollector] (main) initializing Kafka metrics collector
2025-07-31 02:27:20,184 INFO  [io.con.kaf.ser.KafkaAvroDeserializerConfig] (main) KafkaAvroDeserializerConfig values: 
	auto.register.schemas = true
	avro.reflection.allow.null = false
	avro.use.logical.type.converters = false
	basic.auth.credentials.source = URL
	basic.auth.user.info = [hidden]
	bearer.auth.cache.expiry.buffer.seconds = 300
	bearer.auth.client.id = null
	bearer.auth.client.secret = null
	bearer.auth.credentials.source = STATIC_TOKEN
	bearer.auth.custom.provider.class = null
	bearer.auth.identity.pool.id = null
	bearer.auth.issuer.endpoint.url = null
	bearer.auth.logical.cluster = null
	bearer.auth.scope = null
	bearer.auth.scope.claim.name = scope
	bearer.auth.sub.claim.name = sub
	bearer.auth.token = [hidden]
	context.name.strategy = class io.confluent.kafka.serializers.context.NullContextNameStrategy
	http.connect.timeout.ms = 60000
	http.read.timeout.ms = 60000
	id.compatibility.strict = true
	key.subject.name.strategy = class io.confluent.kafka.serializers.subject.TopicNameStrategy
	latest.cache.size = 1000
	latest.cache.ttl.sec = -1
	latest.compatibility.strict = true
	max.retries = 3
	max.schemas.per.subject = 1000
	normalize.schemas = false
	propagate.schema.tags = false
	proxy.host = 
	proxy.port = -1
	retries.max.wait.ms = 20000
	retries.wait.ms = 1000
	rule.actions = []
	rule.executors = []
	rule.service.loader.enable = true
	schema.format = null
	schema.reflection = false
	schema.registry.basic.auth.user.info = [hidden]
	schema.registry.ssl.cipher.suites = null
	schema.registry.ssl.enabled.protocols = [TLSv1.2, TLSv1.3]
	schema.registry.ssl.endpoint.identification.algorithm = https
	schema.registry.ssl.engine.factory.class = null
	schema.registry.ssl.key.password = null
	schema.registry.ssl.keymanager.algorithm = SunX509
	schema.registry.ssl.keystore.certificate.chain = null
	schema.registry.ssl.keystore.key = null
	schema.registry.ssl.keystore.location = null
	schema.registry.ssl.keystore.password = null
	schema.registry.ssl.keystore.type = JKS
	schema.registry.ssl.protocol = TLSv1.3
	schema.registry.ssl.provider = null
	schema.registry.ssl.secure.random.implementation = null
	schema.registry.ssl.trustmanager.algorithm = PKIX
	schema.registry.ssl.truststore.certificates = null
	schema.registry.ssl.truststore.location = null
	schema.registry.ssl.truststore.password = null
	schema.registry.ssl.truststore.type = JKS
	schema.registry.url = [http://registry-app-kafkasql.apps.ci419.apicurio-testing.org:80/apis/ccompat/v7]
	specific.avro.key.type = null
	specific.avro.reader = false
	specific.avro.value.type = null
	use.latest.version = false
	use.latest.with.metadata = null
	use.schema.id = -1
	value.subject.name.strategy = class io.confluent.kafka.serializers.subject.TopicNameStrategy

2025-07-31 02:27:20,184 INFO  [io.con.kaf.ser.KafkaAvroDeserializerConfig] (main) KafkaAvroDeserializerConfig values: 
	auto.register.schemas = true
	avro.reflection.allow.null = false
	avro.use.logical.type.converters = false
	basic.auth.credentials.source = URL
	basic.auth.user.info = [hidden]
	bearer.auth.cache.expiry.buffer.seconds = 300
	bearer.auth.client.id = null
	bearer.auth.client.secret = null
	bearer.auth.credentials.source = STATIC_TOKEN
	bearer.auth.custom.provider.class = null
	bearer.auth.identity.pool.id = null
	bearer.auth.issuer.endpoint.url = null
	bearer.auth.logical.cluster = null
	bearer.auth.scope = null
	bearer.auth.scope.claim.name = scope
	bearer.auth.sub.claim.name = sub
	bearer.auth.token = [hidden]
	context.name.strategy = class io.confluent.kafka.serializers.context.NullContextNameStrategy
	http.connect.timeout.ms = 60000
	http.read.timeout.ms = 60000
	id.compatibility.strict = true
	key.subject.name.strategy = class io.confluent.kafka.serializers.subject.TopicNameStrategy
	latest.cache.size = 1000
	latest.cache.ttl.sec = -1
	latest.compatibility.strict = true
	max.retries = 3
	max.schemas.per.subject = 1000
	normalize.schemas = false
	propagate.schema.tags = false
	proxy.host = 
	proxy.port = -1
	retries.max.wait.ms = 20000
	retries.wait.ms = 1000
	rule.actions = []
	rule.executors = []
	rule.service.loader.enable = true
	schema.format = null
	schema.reflection = false
	schema.registry.basic.auth.user.info = [hidden]
	schema.registry.ssl.cipher.suites = null
	schema.registry.ssl.enabled.protocols = [TLSv1.2, TLSv1.3]
	schema.registry.ssl.endpoint.identification.algorithm = https
	schema.registry.ssl.engine.factory.class = null
	schema.registry.ssl.key.password = null
	schema.registry.ssl.keymanager.algorithm = SunX509
	schema.registry.ssl.keystore.certificate.chain = null
	schema.registry.ssl.keystore.key = null
	schema.registry.ssl.keystore.location = null
	schema.registry.ssl.keystore.password = null
	schema.registry.ssl.keystore.type = JKS
	schema.registry.ssl.protocol = TLSv1.3
	schema.registry.ssl.provider = null
	schema.registry.ssl.secure.random.implementation = null
	schema.registry.ssl.trustmanager.algorithm = PKIX
	schema.registry.ssl.truststore.certificates = null
	schema.registry.ssl.truststore.location = null
	schema.registry.ssl.truststore.password = null
	schema.registry.ssl.truststore.type = JKS
	schema.registry.url = [http://registry-app-kafkasql.apps.ci419.apicurio-testing.org:80/apis/ccompat/v7]
	specific.avro.key.type = null
	specific.avro.reader = false
	specific.avro.value.type = null
	use.latest.version = false
	use.latest.with.metadata = null
	use.schema.id = -1
	value.subject.name.strategy = class io.confluent.kafka.serializers.subject.TopicNameStrategy

2025-07-31 02:27:20,187 INFO  [org.apa.kaf.cli.con.ConsumerConfig] (main) These configurations '[schema.registry.url]' were supplied but are not used yet.
2025-07-31 02:27:20,187 INFO  [org.apa.kaf.com.uti.AppInfoParser] (main) Kafka version: 3.9.0
2025-07-31 02:27:20,187 INFO  [org.apa.kaf.com.uti.AppInfoParser] (main) Kafka commitId: 84caaa6e9da06435
2025-07-31 02:27:20,187 INFO  [org.apa.kaf.com.uti.AppInfoParser] (main) Kafka startTimeMs: 1753928840187
2025-07-31 02:27:20,188 INFO  [org.apa.kaf.cli.con.int.ClassicKafkaConsumer] (Thread-384) [Consumer clientId=consumer-Consumer-topic-bf1b8829_a8d6_42bd_b784_73551ee3ac74-35, groupId=Consumer-topic-bf1b8829_a8d6_42bd_b784_73551ee3ac74] Subscribed to topic(s): topic-bf1b8829_a8d6_42bd_b784_73551ee3ac74
2025-07-31 02:27:20,190 INFO  [org.apa.kaf.cli.Metadata] (Thread-384) [Consumer clientId=consumer-Consumer-topic-bf1b8829_a8d6_42bd_b784_73551ee3ac74-35, groupId=Consumer-topic-bf1b8829_a8d6_42bd_b784_73551ee3ac74] Cluster ID: MA4G_e_SRU2vGr9gzyfJLg
2025-07-31 02:27:20,191 INFO  [org.apa.kaf.cli.con.int.ConsumerCoordinator] (Thread-384) [Consumer clientId=consumer-Consumer-topic-bf1b8829_a8d6_42bd_b784_73551ee3ac74-35, groupId=Consumer-topic-bf1b8829_a8d6_42bd_b784_73551ee3ac74] Discovered group coordinator localhost:32770 (id: 2147483647 rack: null)
2025-07-31 02:27:20,192 INFO  [org.apa.kaf.cli.con.int.ConsumerCoordinator] (Thread-384) [Consumer clientId=consumer-Consumer-topic-bf1b8829_a8d6_42bd_b784_73551ee3ac74-35, groupId=Consumer-topic-bf1b8829_a8d6_42bd_b784_73551ee3ac74] (Re-)joining group
2025-07-31 02:27:20,193 INFO  [org.apa.kaf.cli.con.int.ConsumerCoordinator] (Thread-384) [Consumer clientId=consumer-Consumer-topic-bf1b8829_a8d6_42bd_b784_73551ee3ac74-35, groupId=Consumer-topic-bf1b8829_a8d6_42bd_b784_73551ee3ac74] Request joining group due to: need to re-join with the given member-id: consumer-Consumer-topic-bf1b8829_a8d6_42bd_b784_73551ee3ac74-35-c0652d6d-f00b-4bec-9401-7d803c812dd3
2025-07-31 02:27:20,193 INFO  [org.apa.kaf.cli.con.int.ConsumerCoordinator] (Thread-384) [Consumer clientId=consumer-Consumer-topic-bf1b8829_a8d6_42bd_b784_73551ee3ac74-35, groupId=Consumer-topic-bf1b8829_a8d6_42bd_b784_73551ee3ac74] (Re-)joining group
2025-07-31 02:27:20,195 INFO  [org.apa.kaf.cli.con.int.ConsumerCoordinator] (Thread-384) [Consumer clientId=consumer-Consumer-topic-bf1b8829_a8d6_42bd_b784_73551ee3ac74-35, groupId=Consumer-topic-bf1b8829_a8d6_42bd_b784_73551ee3ac74] Successfully joined group with generation Generation{generationId=1, memberId='consumer-Consumer-topic-bf1b8829_a8d6_42bd_b784_73551ee3ac74-35-c0652d6d-f00b-4bec-9401-7d803c812dd3', protocol='range'}
2025-07-31 02:27:20,195 INFO  [org.apa.kaf.cli.con.int.ConsumerCoordinator] (Thread-384) [Consumer clientId=consumer-Consumer-topic-bf1b8829_a8d6_42bd_b784_73551ee3ac74-35, groupId=Consumer-topic-bf1b8829_a8d6_42bd_b784_73551ee3ac74] Finished assignment for group at generation 1: {consumer-Consumer-topic-bf1b8829_a8d6_42bd_b784_73551ee3ac74-35-c0652d6d-f00b-4bec-9401-7d803c812dd3=Assignment(partitions=[topic-bf1b8829_a8d6_42bd_b784_73551ee3ac74-0])}
2025-07-31 02:27:20,196 INFO  [org.apa.kaf.cli.con.int.ConsumerCoordinator] (Thread-384) [Consumer clientId=consumer-Consumer-topic-bf1b8829_a8d6_42bd_b784_73551ee3ac74-35, groupId=Consumer-topic-bf1b8829_a8d6_42bd_b784_73551ee3ac74] Successfully synced group in generation Generation{generationId=1, memberId='consumer-Consumer-topic-bf1b8829_a8d6_42bd_b784_73551ee3ac74-35-c0652d6d-f00b-4bec-9401-7d803c812dd3', protocol='range'}
2025-07-31 02:27:20,196 INFO  [org.apa.kaf.cli.con.int.ConsumerCoordinator] (Thread-384) [Consumer clientId=consumer-Consumer-topic-bf1b8829_a8d6_42bd_b784_73551ee3ac74-35, groupId=Consumer-topic-bf1b8829_a8d6_42bd_b784_73551ee3ac74] Notifying assignor about the new Assignment(partitions=[topic-bf1b8829_a8d6_42bd_b784_73551ee3ac74-0])
2025-07-31 02:27:20,196 INFO  [org.apa.kaf.cli.con.int.ConsumerRebalanceListenerInvoker] (Thread-384) [Consumer clientId=consumer-Consumer-topic-bf1b8829_a8d6_42bd_b784_73551ee3ac74-35, groupId=Consumer-topic-bf1b8829_a8d6_42bd_b784_73551ee3ac74] Adding newly assigned partitions: topic-bf1b8829_a8d6_42bd_b784_73551ee3ac74-0
2025-07-31 02:27:20,197 INFO  [org.apa.kaf.cli.con.int.ConsumerCoordinator] (Thread-384) [Consumer clientId=consumer-Consumer-topic-bf1b8829_a8d6_42bd_b784_73551ee3ac74-35, groupId=Consumer-topic-bf1b8829_a8d6_42bd_b784_73551ee3ac74] Found no committed offset for partition topic-bf1b8829_a8d6_42bd_b784_73551ee3ac74-0
2025-07-31 02:27:20,199 INFO  [org.apa.kaf.cli.con.int.SubscriptionState] (Thread-384) [Consumer clientId=consumer-Consumer-topic-bf1b8829_a8d6_42bd_b784_73551ee3ac74-35, groupId=Consumer-topic-bf1b8829_a8d6_42bd_b784_73551ee3ac74] Resetting offset for partition topic-bf1b8829_a8d6_42bd_b784_73551ee3ac74-0 to position FetchPosition{offset=0, offsetEpoch=Optional.empty, currentLeader=LeaderAndEpoch{leader=Optional[localhost:32770 (id: 0 rack: null)], epoch=0}}.
2025-07-31 02:27:20,240 INFO  [io.api.tes.ser.api.KafkaSerdesTester] (Thread-384) topic-bf1b8829_a8d6_42bd_b784_73551ee3ac74 0 0 {"key1": "value-0"}
2025-07-31 02:27:20,240 INFO  [io.api.tes.ser.api.KafkaSerdesTester] (Thread-384) topic-bf1b8829_a8d6_42bd_b784_73551ee3ac74 0 1 {"key1": "value-1"}
2025-07-31 02:27:20,240 INFO  [io.api.tes.ser.api.KafkaSerdesTester] (Thread-384) topic-bf1b8829_a8d6_42bd_b784_73551ee3ac74 0 2 {"key1": "value-2"}
2025-07-31 02:27:20,240 INFO  [io.api.tes.ser.api.KafkaSerdesTester] (Thread-384) topic-bf1b8829_a8d6_42bd_b784_73551ee3ac74 0 3 {"key1": "value-3"}
2025-07-31 02:27:20,240 INFO  [io.api.tes.ser.api.KafkaSerdesTester] (Thread-384) topic-bf1b8829_a8d6_42bd_b784_73551ee3ac74 0 4 {"key1": "value-4"}
2025-07-31 02:27:20,240 INFO  [io.api.tes.ser.api.KafkaSerdesTester] (Thread-384) topic-bf1b8829_a8d6_42bd_b784_73551ee3ac74 0 5 {"key1": "value-5"}
2025-07-31 02:27:20,240 INFO  [io.api.tes.ser.api.KafkaSerdesTester] (Thread-384) topic-bf1b8829_a8d6_42bd_b784_73551ee3ac74 0 6 {"key1": "value-6"}
2025-07-31 02:27:20,240 INFO  [io.api.tes.ser.api.KafkaSerdesTester] (Thread-384) topic-bf1b8829_a8d6_42bd_b784_73551ee3ac74 0 7 {"key1": "value-7"}
2025-07-31 02:27:20,240 INFO  [io.api.tes.ser.api.KafkaSerdesTester] (Thread-384) topic-bf1b8829_a8d6_42bd_b784_73551ee3ac74 0 8 {"key1": "value-8"}
2025-07-31 02:27:20,240 INFO  [io.api.tes.ser.api.KafkaSerdesTester] (Thread-384) topic-bf1b8829_a8d6_42bd_b784_73551ee3ac74 0 9 {"key1": "value-9"}
2025-07-31 02:27:20,240 INFO  [io.api.tes.ser.api.KafkaSerdesTester] (Thread-384) Consumed 10 messages
2025-07-31 02:27:20,242 INFO  [org.apa.kaf.cli.con.int.ConsumerRebalanceListenerInvoker] (Thread-384) [Consumer clientId=consumer-Consumer-topic-bf1b8829_a8d6_42bd_b784_73551ee3ac74-35, groupId=Consumer-topic-bf1b8829_a8d6_42bd_b784_73551ee3ac74] Revoke previously assigned partitions topic-bf1b8829_a8d6_42bd_b784_73551ee3ac74-0
2025-07-31 02:27:20,242 INFO  [org.apa.kaf.cli.con.int.ConsumerCoordinator] (Thread-384) [Consumer clientId=consumer-Consumer-topic-bf1b8829_a8d6_42bd_b784_73551ee3ac74-35, groupId=Consumer-topic-bf1b8829_a8d6_42bd_b784_73551ee3ac74] Member consumer-Consumer-topic-bf1b8829_a8d6_42bd_b784_73551ee3ac74-35-c0652d6d-f00b-4bec-9401-7d803c812dd3 sending LeaveGroup request to coordinator localhost:32770 (id: 2147483647 rack: null) due to the consumer is being closed
2025-07-31 02:27:20,242 INFO  [org.apa.kaf.cli.con.int.ConsumerCoordinator] (Thread-384) [Consumer clientId=consumer-Consumer-topic-bf1b8829_a8d6_42bd_b784_73551ee3ac74-35, groupId=Consumer-topic-bf1b8829_a8d6_42bd_b784_73551ee3ac74] Resetting generation and member id due to: consumer pro-actively leaving the group
2025-07-31 02:27:20,242 INFO  [org.apa.kaf.cli.con.int.ConsumerCoordinator] (Thread-384) [Consumer clientId=consumer-Consumer-topic-bf1b8829_a8d6_42bd_b784_73551ee3ac74-35, groupId=Consumer-topic-bf1b8829_a8d6_42bd_b784_73551ee3ac74] Request joining group due to: consumer pro-actively leaving the group
2025-07-31 02:27:20,742 INFO  [org.apa.kaf.com.met.Metrics] (Thread-384) Metrics scheduler closed
2025-07-31 02:27:20,742 INFO  [org.apa.kaf.com.met.Metrics] (Thread-384) Closing reporter org.apache.kafka.common.metrics.JmxReporter
2025-07-31 02:27:20,742 INFO  [org.apa.kaf.com.met.Metrics] (Thread-384) Closing reporter org.apache.kafka.common.telemetry.internals.ClientTelemetryReporter
2025-07-31 02:27:20,742 INFO  [org.apa.kaf.com.met.Metrics] (Thread-384) Metrics reporters closed
2025-07-31 02:27:20,744 INFO  [org.apa.kaf.com.uti.AppInfoParser] (Thread-384) App info kafka.consumer for consumer-Consumer-topic-bf1b8829_a8d6_42bd_b784_73551ee3ac74-35 unregistered
2025-07-31 02:27:20,822 INFO  [io.api.tes.ser.con.BasicConfluentSerDesIT] (main) Deleting confluent schema topic-bf1b8829_a8d6_42bd_b784_73551ee3ac74-value
2025-07-31 02:27:20,887 INFO  [io.api.tes.uti.TestSeparator] (main) io.apicurio.tests.serdes.confluent.BasicConfluentSerDesIT.testAvroApicurioConfluent-FINISHED
2025-07-31 02:27:20,887 INFO  [io.api.tes.uti.TestSeparator] (main) ############################################################################
]]></system-out>
  </testcase>
  <testcase name="testAvroConfluentSerDesFail" classname="io.apicurio.tests.serdes.confluent.BasicConfluentSerDesIT" time="0.349">
    <system-out><![CDATA[2025-07-31 02:27:20,888 INFO  [io.api.tes.uti.TestSeparator] (main) ############################################################################
2025-07-31 02:27:20,888 INFO  [io.api.tes.uti.TestSeparator] (main) io.apicurio.tests.serdes.confluent.BasicConfluentSerDesIT.testAvroConfluentSerDesFail-STARTED
2025-07-31 02:27:21,009 INFO  [io.api.tes.ser.con.BasicConfluentSerDesIT] (main) Checking that created schema is equal to the get schema
2025-07-31 02:27:21,047 INFO  [io.api.tes.ser.con.BasicConfluentSerDesIT] (main) Created schema with id:60 and name:myrecordconfluent2
2025-07-31 02:27:21,048 INFO  [org.apa.kaf.cli.pro.ProducerConfig] (main) ProducerConfig values: 
	acks = -1
	auto.include.jmx.reporter = true
	batch.size = 16384
	bootstrap.servers = [PLAINTEXT://localhost:32770]
	buffer.memory = 33554432
	client.dns.lookup = use_all_dns_ips
	client.id = Producer-topic-d5e0dbf2_a46e_4326_b9a5_0ccb20fd2ac0
	compression.gzip.level = -1
	compression.lz4.level = 9
	compression.type = none
	compression.zstd.level = 3
	connections.max.idle.ms = 10000
	delivery.timeout.ms = 120000
	enable.idempotence = true
	enable.metrics.push = true
	interceptor.classes = []
	key.serializer = class org.apache.kafka.common.serialization.StringSerializer
	linger.ms = 0
	max.block.ms = 60000
	max.in.flight.requests.per.connection = 5
	max.request.size = 1048576
	metadata.max.age.ms = 300000
	metadata.max.idle.ms = 300000
	metadata.recovery.strategy = none
	metric.reporters = []
	metrics.num.samples = 2
	metrics.recording.level = INFO
	metrics.sample.window.ms = 30000
	partitioner.adaptive.partitioning.enable = true
	partitioner.availability.timeout.ms = 0
	partitioner.class = null
	partitioner.ignore.keys = false
	receive.buffer.bytes = 32768
	reconnect.backoff.max.ms = 1000
	reconnect.backoff.ms = 50
	request.timeout.ms = 5000
	retries = 2147483647
	retry.backoff.max.ms = 1000
	retry.backoff.ms = 100
	sasl.client.callback.handler.class = null
	sasl.jaas.config = null
	sasl.kerberos.kinit.cmd = /usr/bin/kinit
	sasl.kerberos.min.time.before.relogin = 60000
	sasl.kerberos.service.name = null
	sasl.kerberos.ticket.renew.jitter = 0.05
	sasl.kerberos.ticket.renew.window.factor = 0.8
	sasl.login.callback.handler.class = null
	sasl.login.class = null
	sasl.login.connect.timeout.ms = null
	sasl.login.read.timeout.ms = null
	sasl.login.refresh.buffer.seconds = 300
	sasl.login.refresh.min.period.seconds = 60
	sasl.login.refresh.window.factor = 0.8
	sasl.login.refresh.window.jitter = 0.05
	sasl.login.retry.backoff.max.ms = 10000
	sasl.login.retry.backoff.ms = 100
	sasl.mechanism = GSSAPI
	sasl.oauthbearer.clock.skew.seconds = 30
	sasl.oauthbearer.expected.audience = null
	sasl.oauthbearer.expected.issuer = null
	sasl.oauthbearer.header.urlencode = false
	sasl.oauthbearer.jwks.endpoint.refresh.ms = 3600000
	sasl.oauthbearer.jwks.endpoint.retry.backoff.max.ms = 10000
	sasl.oauthbearer.jwks.endpoint.retry.backoff.ms = 100
	sasl.oauthbearer.jwks.endpoint.url = null
	sasl.oauthbearer.scope.claim.name = scope
	sasl.oauthbearer.sub.claim.name = sub
	sasl.oauthbearer.token.endpoint.url = null
	security.protocol = PLAINTEXT
	security.providers = null
	send.buffer.bytes = 131072
	socket.connection.setup.timeout.max.ms = 30000
	socket.connection.setup.timeout.ms = 10000
	ssl.cipher.suites = null
	ssl.enabled.protocols = [TLSv1.2, TLSv1.3]
	ssl.endpoint.identification.algorithm = https
	ssl.engine.factory.class = null
	ssl.key.password = null
	ssl.keymanager.algorithm = SunX509
	ssl.keystore.certificate.chain = null
	ssl.keystore.key = null
	ssl.keystore.location = null
	ssl.keystore.password = null
	ssl.keystore.type = JKS
	ssl.protocol = TLSv1.3
	ssl.provider = null
	ssl.secure.random.implementation = null
	ssl.trustmanager.algorithm = PKIX
	ssl.truststore.certificates = null
	ssl.truststore.location = null
	ssl.truststore.password = null
	ssl.truststore.type = JKS
	transaction.timeout.ms = 60000
	transactional.id = null
	value.serializer = class io.confluent.kafka.serializers.KafkaAvroSerializer

2025-07-31 02:27:21,048 INFO  [org.apa.kaf.com.tel.int.KafkaMetricsCollector] (main) initializing Kafka metrics collector
2025-07-31 02:27:21,048 INFO  [io.con.kaf.ser.KafkaAvroSerializerConfig] (main) KafkaAvroSerializerConfig values: 
	auto.register.schemas = false
	avro.reflection.allow.null = false
	avro.remove.java.properties = false
	avro.use.logical.type.converters = false
	basic.auth.credentials.source = URL
	basic.auth.user.info = [hidden]
	bearer.auth.cache.expiry.buffer.seconds = 300
	bearer.auth.client.id = null
	bearer.auth.client.secret = null
	bearer.auth.credentials.source = STATIC_TOKEN
	bearer.auth.custom.provider.class = null
	bearer.auth.identity.pool.id = null
	bearer.auth.issuer.endpoint.url = null
	bearer.auth.logical.cluster = null
	bearer.auth.scope = null
	bearer.auth.scope.claim.name = scope
	bearer.auth.sub.claim.name = sub
	bearer.auth.token = [hidden]
	context.name.strategy = class io.confluent.kafka.serializers.context.NullContextNameStrategy
	http.connect.timeout.ms = 60000
	http.read.timeout.ms = 60000
	id.compatibility.strict = true
	key.subject.name.strategy = class io.confluent.kafka.serializers.subject.TopicNameStrategy
	latest.cache.size = 1000
	latest.cache.ttl.sec = -1
	latest.compatibility.strict = true
	max.retries = 3
	max.schemas.per.subject = 1000
	normalize.schemas = false
	propagate.schema.tags = false
	proxy.host = 
	proxy.port = -1
	retries.max.wait.ms = 20000
	retries.wait.ms = 1000
	rule.actions = []
	rule.executors = []
	rule.service.loader.enable = true
	schema.format = null
	schema.reflection = false
	schema.registry.basic.auth.user.info = [hidden]
	schema.registry.ssl.cipher.suites = null
	schema.registry.ssl.enabled.protocols = [TLSv1.2, TLSv1.3]
	schema.registry.ssl.endpoint.identification.algorithm = https
	schema.registry.ssl.engine.factory.class = null
	schema.registry.ssl.key.password = null
	schema.registry.ssl.keymanager.algorithm = SunX509
	schema.registry.ssl.keystore.certificate.chain = null
	schema.registry.ssl.keystore.key = null
	schema.registry.ssl.keystore.location = null
	schema.registry.ssl.keystore.password = null
	schema.registry.ssl.keystore.type = JKS
	schema.registry.ssl.protocol = TLSv1.3
	schema.registry.ssl.provider = null
	schema.registry.ssl.secure.random.implementation = null
	schema.registry.ssl.trustmanager.algorithm = PKIX
	schema.registry.ssl.truststore.certificates = null
	schema.registry.ssl.truststore.location = null
	schema.registry.ssl.truststore.password = null
	schema.registry.ssl.truststore.type = JKS
	schema.registry.url = [http://registry-app-kafkasql.apps.ci419.apicurio-testing.org:80/apis/ccompat/v7]
	use.latest.version = false
	use.latest.with.metadata = null
	use.schema.id = -1
	value.subject.name.strategy = class io.confluent.kafka.serializers.subject.RecordNameStrategy

2025-07-31 02:27:21,049 INFO  [org.apa.kaf.cli.pro.KafkaProducer] (main) [Producer clientId=Producer-topic-d5e0dbf2_a46e_4326_b9a5_0ccb20fd2ac0] Instantiated an idempotent producer.
2025-07-31 02:27:21,050 INFO  [org.apa.kaf.cli.pro.ProducerConfig] (main) These configurations '[schema.registry.url, auto.register.schemas, value.subject.name.strategy]' were supplied but are not used yet.
2025-07-31 02:27:21,051 INFO  [org.apa.kaf.com.uti.AppInfoParser] (main) Kafka version: 3.9.0
2025-07-31 02:27:21,051 INFO  [org.apa.kaf.com.uti.AppInfoParser] (main) Kafka commitId: 84caaa6e9da06435
2025-07-31 02:27:21,051 INFO  [org.apa.kaf.com.uti.AppInfoParser] (main) Kafka startTimeMs: 1753928841050
2025-07-31 02:27:21,053 INFO  [io.api.tes.ser.api.KafkaSerdesTester] (Thread-385) Sending message {"wrongkey": "value-0"} to topic topic-d5e0dbf2_a46e_4326_b9a5_0ccb20fd2ac0
2025-07-31 02:27:21,056 INFO  [org.apa.kaf.cli.Metadata] (kafka-producer-network-thread | Producer-topic-d5e0dbf2_a46e_4326_b9a5_0ccb20fd2ac0) [Producer clientId=Producer-topic-d5e0dbf2_a46e_4326_b9a5_0ccb20fd2ac0] Cluster ID: MA4G_e_SRU2vGr9gzyfJLg
2025-07-31 02:27:21,057 INFO  [org.apa.kaf.cli.pro.int.TransactionManager] (kafka-producer-network-thread | Producer-topic-d5e0dbf2_a46e_4326_b9a5_0ccb20fd2ac0) [Producer clientId=Producer-topic-d5e0dbf2_a46e_4326_b9a5_0ccb20fd2ac0] ProducerId set to 49 with epoch 0
2025-07-31 02:27:21,095 INFO  [org.apa.kaf.cli.pro.KafkaProducer] (Thread-385) [Producer clientId=Producer-topic-d5e0dbf2_a46e_4326_b9a5_0ccb20fd2ac0] Closing the Kafka producer with timeoutMillis = 9223372036854775807 ms.
2025-07-31 02:27:21,096 INFO  [org.apa.kaf.com.met.Metrics] (Thread-385) Metrics scheduler closed
2025-07-31 02:27:21,096 INFO  [org.apa.kaf.com.met.Metrics] (Thread-385) Closing reporter org.apache.kafka.common.metrics.JmxReporter
2025-07-31 02:27:21,096 INFO  [org.apa.kaf.com.met.Metrics] (Thread-385) Closing reporter org.apache.kafka.common.telemetry.internals.ClientTelemetryReporter
2025-07-31 02:27:21,096 INFO  [org.apa.kaf.com.met.Metrics] (Thread-385) Metrics reporters closed
2025-07-31 02:27:21,096 INFO  [org.apa.kaf.com.uti.AppInfoParser] (Thread-385) App info kafka.producer for Producer-topic-d5e0dbf2_a46e_4326_b9a5_0ccb20fd2ac0 unregistered
2025-07-31 02:27:21,170 INFO  [io.api.tes.ser.con.BasicConfluentSerDesIT] (main) Deleting confluent schema myrecordconfluent2
2025-07-31 02:27:21,236 INFO  [io.api.tes.uti.TestSeparator] (main) io.apicurio.tests.serdes.confluent.BasicConfluentSerDesIT.testAvroConfluentSerDesFail-FINISHED
2025-07-31 02:27:21,236 INFO  [io.api.tes.uti.TestSeparator] (main) ############################################################################
]]></system-out>
  </testcase>
  <testcase name="testAvroConfluentSerDesWrongStrategyRecord" classname="io.apicurio.tests.serdes.confluent.BasicConfluentSerDesIT" time="0.358">
    <system-out><![CDATA[2025-07-31 02:27:21,237 INFO  [io.api.tes.uti.TestSeparator] (main) ############################################################################
2025-07-31 02:27:21,237 INFO  [io.api.tes.uti.TestSeparator] (main) io.apicurio.tests.serdes.confluent.BasicConfluentSerDesIT.testAvroConfluentSerDesWrongStrategyRecord-STARTED
2025-07-31 02:27:21,365 INFO  [io.api.tes.ser.con.BasicConfluentSerDesIT] (main) Checking that created schema is equal to the get schema
2025-07-31 02:27:21,404 INFO  [io.api.tes.ser.con.BasicConfluentSerDesIT] (main) Created schema with id:61 and name:myrecordconfluent4
2025-07-31 02:27:21,405 INFO  [org.apa.kaf.cli.pro.ProducerConfig] (main) ProducerConfig values: 
	acks = -1
	auto.include.jmx.reporter = true
	batch.size = 16384
	bootstrap.servers = [PLAINTEXT://localhost:32770]
	buffer.memory = 33554432
	client.dns.lookup = use_all_dns_ips
	client.id = Producer-topic-6529ae90_ef55_413c_8b84_dd81febb8e02
	compression.gzip.level = -1
	compression.lz4.level = 9
	compression.type = none
	compression.zstd.level = 3
	connections.max.idle.ms = 10000
	delivery.timeout.ms = 120000
	enable.idempotence = true
	enable.metrics.push = true
	interceptor.classes = []
	key.serializer = class org.apache.kafka.common.serialization.StringSerializer
	linger.ms = 0
	max.block.ms = 60000
	max.in.flight.requests.per.connection = 5
	max.request.size = 1048576
	metadata.max.age.ms = 300000
	metadata.max.idle.ms = 300000
	metadata.recovery.strategy = none
	metric.reporters = []
	metrics.num.samples = 2
	metrics.recording.level = INFO
	metrics.sample.window.ms = 30000
	partitioner.adaptive.partitioning.enable = true
	partitioner.availability.timeout.ms = 0
	partitioner.class = null
	partitioner.ignore.keys = false
	receive.buffer.bytes = 32768
	reconnect.backoff.max.ms = 1000
	reconnect.backoff.ms = 50
	request.timeout.ms = 5000
	retries = 2147483647
	retry.backoff.max.ms = 1000
	retry.backoff.ms = 100
	sasl.client.callback.handler.class = null
	sasl.jaas.config = null
	sasl.kerberos.kinit.cmd = /usr/bin/kinit
	sasl.kerberos.min.time.before.relogin = 60000
	sasl.kerberos.service.name = null
	sasl.kerberos.ticket.renew.jitter = 0.05
	sasl.kerberos.ticket.renew.window.factor = 0.8
	sasl.login.callback.handler.class = null
	sasl.login.class = null
	sasl.login.connect.timeout.ms = null
	sasl.login.read.timeout.ms = null
	sasl.login.refresh.buffer.seconds = 300
	sasl.login.refresh.min.period.seconds = 60
	sasl.login.refresh.window.factor = 0.8
	sasl.login.refresh.window.jitter = 0.05
	sasl.login.retry.backoff.max.ms = 10000
	sasl.login.retry.backoff.ms = 100
	sasl.mechanism = GSSAPI
	sasl.oauthbearer.clock.skew.seconds = 30
	sasl.oauthbearer.expected.audience = null
	sasl.oauthbearer.expected.issuer = null
	sasl.oauthbearer.header.urlencode = false
	sasl.oauthbearer.jwks.endpoint.refresh.ms = 3600000
	sasl.oauthbearer.jwks.endpoint.retry.backoff.max.ms = 10000
	sasl.oauthbearer.jwks.endpoint.retry.backoff.ms = 100
	sasl.oauthbearer.jwks.endpoint.url = null
	sasl.oauthbearer.scope.claim.name = scope
	sasl.oauthbearer.sub.claim.name = sub
	sasl.oauthbearer.token.endpoint.url = null
	security.protocol = PLAINTEXT
	security.providers = null
	send.buffer.bytes = 131072
	socket.connection.setup.timeout.max.ms = 30000
	socket.connection.setup.timeout.ms = 10000
	ssl.cipher.suites = null
	ssl.enabled.protocols = [TLSv1.2, TLSv1.3]
	ssl.endpoint.identification.algorithm = https
	ssl.engine.factory.class = null
	ssl.key.password = null
	ssl.keymanager.algorithm = SunX509
	ssl.keystore.certificate.chain = null
	ssl.keystore.key = null
	ssl.keystore.location = null
	ssl.keystore.password = null
	ssl.keystore.type = JKS
	ssl.protocol = TLSv1.3
	ssl.provider = null
	ssl.secure.random.implementation = null
	ssl.trustmanager.algorithm = PKIX
	ssl.truststore.certificates = null
	ssl.truststore.location = null
	ssl.truststore.password = null
	ssl.truststore.type = JKS
	transaction.timeout.ms = 60000
	transactional.id = null
	value.serializer = class io.confluent.kafka.serializers.KafkaAvroSerializer

2025-07-31 02:27:21,405 INFO  [org.apa.kaf.com.tel.int.KafkaMetricsCollector] (main) initializing Kafka metrics collector
2025-07-31 02:27:21,405 INFO  [io.con.kaf.ser.KafkaAvroSerializerConfig] (main) KafkaAvroSerializerConfig values: 
	auto.register.schemas = false
	avro.reflection.allow.null = false
	avro.remove.java.properties = false
	avro.use.logical.type.converters = false
	basic.auth.credentials.source = URL
	basic.auth.user.info = [hidden]
	bearer.auth.cache.expiry.buffer.seconds = 300
	bearer.auth.client.id = null
	bearer.auth.client.secret = null
	bearer.auth.credentials.source = STATIC_TOKEN
	bearer.auth.custom.provider.class = null
	bearer.auth.identity.pool.id = null
	bearer.auth.issuer.endpoint.url = null
	bearer.auth.logical.cluster = null
	bearer.auth.scope = null
	bearer.auth.scope.claim.name = scope
	bearer.auth.sub.claim.name = sub
	bearer.auth.token = [hidden]
	context.name.strategy = class io.confluent.kafka.serializers.context.NullContextNameStrategy
	http.connect.timeout.ms = 60000
	http.read.timeout.ms = 60000
	id.compatibility.strict = true
	key.subject.name.strategy = class io.confluent.kafka.serializers.subject.TopicNameStrategy
	latest.cache.size = 1000
	latest.cache.ttl.sec = -1
	latest.compatibility.strict = true
	max.retries = 3
	max.schemas.per.subject = 1000
	normalize.schemas = false
	propagate.schema.tags = false
	proxy.host = 
	proxy.port = -1
	retries.max.wait.ms = 20000
	retries.wait.ms = 1000
	rule.actions = []
	rule.executors = []
	rule.service.loader.enable = true
	schema.format = null
	schema.reflection = false
	schema.registry.basic.auth.user.info = [hidden]
	schema.registry.ssl.cipher.suites = null
	schema.registry.ssl.enabled.protocols = [TLSv1.2, TLSv1.3]
	schema.registry.ssl.endpoint.identification.algorithm = https
	schema.registry.ssl.engine.factory.class = null
	schema.registry.ssl.key.password = null
	schema.registry.ssl.keymanager.algorithm = SunX509
	schema.registry.ssl.keystore.certificate.chain = null
	schema.registry.ssl.keystore.key = null
	schema.registry.ssl.keystore.location = null
	schema.registry.ssl.keystore.password = null
	schema.registry.ssl.keystore.type = JKS
	schema.registry.ssl.protocol = TLSv1.3
	schema.registry.ssl.provider = null
	schema.registry.ssl.secure.random.implementation = null
	schema.registry.ssl.trustmanager.algorithm = PKIX
	schema.registry.ssl.truststore.certificates = null
	schema.registry.ssl.truststore.location = null
	schema.registry.ssl.truststore.password = null
	schema.registry.ssl.truststore.type = JKS
	schema.registry.url = [http://registry-app-kafkasql.apps.ci419.apicurio-testing.org:80/apis/ccompat/v7]
	use.latest.version = false
	use.latest.with.metadata = null
	use.schema.id = -1
	value.subject.name.strategy = class io.confluent.kafka.serializers.subject.RecordNameStrategy

2025-07-31 02:27:21,408 INFO  [org.apa.kaf.cli.pro.KafkaProducer] (main) [Producer clientId=Producer-topic-6529ae90_ef55_413c_8b84_dd81febb8e02] Instantiated an idempotent producer.
2025-07-31 02:27:21,413 INFO  [org.apa.kaf.cli.pro.ProducerConfig] (main) These configurations '[schema.registry.url, auto.register.schemas, value.subject.name.strategy]' were supplied but are not used yet.
2025-07-31 02:27:21,413 INFO  [org.apa.kaf.com.uti.AppInfoParser] (main) Kafka version: 3.9.0
2025-07-31 02:27:21,413 INFO  [org.apa.kaf.com.uti.AppInfoParser] (main) Kafka commitId: 84caaa6e9da06435
2025-07-31 02:27:21,413 INFO  [org.apa.kaf.com.uti.AppInfoParser] (main) Kafka startTimeMs: 1753928841413
2025-07-31 02:27:21,414 INFO  [io.api.tes.ser.api.KafkaSerdesTester] (Thread-386) Sending message {"wrongkey": "value-0"} to topic topic-6529ae90_ef55_413c_8b84_dd81febb8e02
2025-07-31 02:27:21,416 INFO  [org.apa.kaf.cli.Metadata] (kafka-producer-network-thread | Producer-topic-6529ae90_ef55_413c_8b84_dd81febb8e02) [Producer clientId=Producer-topic-6529ae90_ef55_413c_8b84_dd81febb8e02] Cluster ID: MA4G_e_SRU2vGr9gzyfJLg
2025-07-31 02:27:21,419 INFO  [org.apa.kaf.cli.pro.int.TransactionManager] (kafka-producer-network-thread | Producer-topic-6529ae90_ef55_413c_8b84_dd81febb8e02) [Producer clientId=Producer-topic-6529ae90_ef55_413c_8b84_dd81febb8e02] ProducerId set to 50 with epoch 0
2025-07-31 02:27:21,454 INFO  [org.apa.kaf.cli.pro.KafkaProducer] (Thread-386) [Producer clientId=Producer-topic-6529ae90_ef55_413c_8b84_dd81febb8e02] Closing the Kafka producer with timeoutMillis = 9223372036854775807 ms.
2025-07-31 02:27:21,456 INFO  [org.apa.kaf.com.met.Metrics] (Thread-386) Metrics scheduler closed
2025-07-31 02:27:21,456 INFO  [org.apa.kaf.com.met.Metrics] (Thread-386) Closing reporter org.apache.kafka.common.metrics.JmxReporter
2025-07-31 02:27:21,456 INFO  [org.apa.kaf.com.met.Metrics] (Thread-386) Closing reporter org.apache.kafka.common.telemetry.internals.ClientTelemetryReporter
2025-07-31 02:27:21,456 INFO  [org.apa.kaf.com.met.Metrics] (Thread-386) Metrics reporters closed
2025-07-31 02:27:21,456 INFO  [org.apa.kaf.com.uti.AppInfoParser] (Thread-386) App info kafka.producer for Producer-topic-6529ae90_ef55_413c_8b84_dd81febb8e02 unregistered
2025-07-31 02:27:21,530 INFO  [io.api.tes.ser.con.BasicConfluentSerDesIT] (main) Deleting confluent schema topic-6529ae90_ef55_413c_8b84_dd81febb8e02-value
2025-07-31 02:27:21,594 INFO  [io.api.tes.uti.TestSeparator] (main) io.apicurio.tests.serdes.confluent.BasicConfluentSerDesIT.testAvroConfluentSerDesWrongStrategyRecord-FINISHED
2025-07-31 02:27:21,594 INFO  [io.api.tes.uti.TestSeparator] (main) ############################################################################
]]></system-out>
  </testcase>
</testsuite>