<?xml version="1.0" encoding="UTF-8"?>
<testsuite xmlns:xsi="http://www.w3.org/2001/XMLSchema-instance" xsi:noNamespaceSchemaLocation="https://maven.apache.org/surefire/maven-failsafe-plugin/xsd/failsafe-test-report.xsd" version="3.0.2" name="io.apicurio.tests.serdes.apicurio.AvroSerdeIT" time="53.782" tests="21" errors="0" skipped="2" failures="0">
  <properties>
    <property name="java.specification.version" value="17"/>
    <property name="sun.jnu.encoding" value="UTF-8"/>
    <property name="java.class.path" value="/home/runner/work/apicurio-testing/apicurio-testing/clusters/ci419/namespaces/kafkasql/tests/integration/apicurio-registry/integration-tests/target/test-classes:/home/runner/work/apicurio-testing/apicurio-testing/clusters/ci419/namespaces/kafkasql/tests/integration/apicurio-registry/integration-tests/target/apicurio-registry-integration-tests-3.0.9.jar:/home/runner/.m2/repository/io/quarkus/quarkus-junit5/3.15.4/quarkus-junit5-3.15.4.jar:/home/runner/.m2/repository/io/quarkus/quarkus-bootstrap-core/3.15.4/quarkus-bootstrap-core-3.15.4.jar:/home/runner/.m2/repository/io/quarkus/quarkus-classloader-commons/3.15.4/quarkus-classloader-commons-3.15.4.jar:/home/runner/.m2/repository/io/quarkus/quarkus-bootstrap-app-model/3.15.4/quarkus-bootstrap-app-model-3.15.4.jar:/home/runner/.m2/repository/io/smallrye/common/smallrye-common-io/2.6.1/smallrye-common-io-2.6.1.jar:/home/runner/.m2/repository/org/eclipse/sisu/org.eclipse.sisu.inject/0.9.0.M3/org.eclipse.sisu.inject-0.9.0.M3.jar:/home/runner/.m2/repository/io/quarkus/quarkus-test-common/3.15.4/quarkus-test-common-3.15.4.jar:/home/runner/.m2/repository/io/quarkus/quarkus-core-deployment/3.15.4/quarkus-core-deployment-3.15.4.jar:/home/runner/.m2/repository/org/aesh/readline/2.6/readline-2.6.jar:/home/runner/.m2/repository/org/fusesource/jansi/jansi/2.4.0/jansi-2.4.0.jar:/home/runner/.m2/repository/org/aesh/aesh/2.8.2/aesh-2.8.2.jar:/home/runner/.m2/repository/io/quarkus/gizmo/gizmo/1.8.0/gizmo-1.8.0.jar:/home/runner/.m2/repository/org/ow2/asm/asm-util/9.7/asm-util-9.7.jar:/home/runner/.m2/repository/org/ow2/asm/asm-analysis/9.7/asm-analysis-9.7.jar:/home/runner/.m2/repository/org/ow2/asm/asm-commons/9.7/asm-commons-9.7.jar:/home/runner/.m2/repository/org/ow2/asm/asm-tree/9.7/asm-tree-9.7.jar:/home/runner/.m2/repository/io/quarkus/quarkus-hibernate-validator-spi/3.15.4/quarkus-hibernate-validator-spi-3.15.4.jar:/home/runner/.m2/repository/io/quarkus/quarkus-class-change-agent/3.15.4/quarkus-class-change-agent-3.15.4.jar:/home/runner/.m2/repository/io/quarkus/quarkus-devtools-utilities/3.15.4/quarkus-devtools-utilities-3.15.4.jar:/home/runner/.m2/repository/io/quarkus/quarkus-builder/3.15.4/quarkus-builder-3.15.4.jar:/home/runner/.m2/repository/org/graalvm/sdk/nativeimage/23.1.2/nativeimage-23.1.2.jar:/home/runner/.m2/repository/org/graalvm/sdk/word/23.1.2/word-23.1.2.jar:/home/runner/.m2/repository/io/quarkus/quarkus-bootstrap-maven-resolver/3.15.4/quarkus-bootstrap-maven-resolver-3.15.4.jar:/home/runner/.m2/repository/io/smallrye/beanbag/smallrye-beanbag-maven/1.5.2/smallrye-beanbag-maven-1.5.2.jar:/home/runner/.m2/repository/io/smallrye/beanbag/smallrye-beanbag-sisu/1.5.2/smallrye-beanbag-sisu-1.5.2.jar:/home/runner/.m2/repository/io/smallrye/beanbag/smallrye-beanbag/1.5.2/smallrye-beanbag-1.5.2.jar:/home/runner/.m2/repository/javax/inject/javax.inject/1/javax.inject-1.jar:/home/runner/.m2/repository/org/apache/maven/maven-artifact/3.9.8/maven-artifact-3.9.8.jar:/home/runner/.m2/repository/org/apache/maven/maven-builder-support/3.9.8/maven-builder-support-3.9.8.jar:/home/runner/.m2/repository/org/apache/maven/maven-model/3.9.8/maven-model-3.9.8.jar:/home/runner/.m2/repository/org/apache/maven/maven-model-builder/3.9.8/maven-model-builder-3.9.8.jar:/home/runner/.m2/repository/org/apache/maven/maven-repository-metadata/3.9.8/maven-repository-metadata-3.9.8.jar:/home/runner/.m2/repository/org/apache/maven/maven-settings/3.9.8/maven-settings-3.9.8.jar:/home/runner/.m2/repository/org/apache/maven/resolver/maven-resolver-api/1.9.22/maven-resolver-api-1.9.22.jar:/home/runner/.m2/repository/org/apache/maven/resolver/maven-resolver-impl/1.9.22/maven-resolver-impl-1.9.22.jar:/home/runner/.m2/repository/org/apache/maven/resolver/maven-resolver-named-locks/1.9.22/maven-resolver-named-locks-1.9.22.jar:/home/runner/.m2/repository/org/apache/maven/resolver/maven-resolver-spi/1.9.22/maven-resolver-spi-1.9.22.jar:/home/runner/.m2/repository/org/apache/maven/resolver/maven-resolver-util/1.9.22/maven-resolver-util-1.9.22.jar:/home/runner/.m2/repository/org/apache/maven/resolver/maven-resolver-transport-http/1.9.20/maven-resolver-transport-http-1.9.20.jar:/home/runner/.m2/repository/org/apache/maven/wagon/wagon-provider-api/3.5.3/wagon-provider-api-3.5.3.jar:/home/runner/.m2/repository/org/apache/maven/wagon/wagon-http-shared/3.5.3/wagon-http-shared-3.5.3.jar:/home/runner/.m2/repository/org/codehaus/plexus/plexus-interpolation/1.26/plexus-interpolation-1.26.jar:/home/runner/.m2/repository/org/codehaus/plexus/plexus-utils/3.5.1/plexus-utils-3.5.1.jar:/home/runner/.m2/repository/org/codehaus/plexus/plexus-xml/4.0.1/plexus-xml-4.0.1.jar:/home/runner/.m2/repository/org/apache/maven/maven-xml-impl/4.0.0-alpha-5/maven-xml-impl-4.0.0-alpha-5.jar:/home/runner/.m2/repository/org/apache/maven/maven-api-xml/4.0.0-alpha-5/maven-api-xml-4.0.0-alpha-5.jar:/home/runner/.m2/repository/org/apache/maven/maven-api-meta/4.0.0-alpha-5/maven-api-meta-4.0.0-alpha-5.jar:/home/runner/.m2/repository/org/codehaus/plexus/plexus-cipher/2.0/plexus-cipher-2.0.jar:/home/runner/.m2/repository/org/codehaus/plexus/plexus-sec-dispatcher/2.0/plexus-sec-dispatcher-2.0.jar:/home/runner/.m2/repository/org/apache/maven/maven-embedder/3.9.8/maven-embedder-3.9.8.jar:/home/runner/.m2/repository/org/apache/maven/maven-core/3.9.8/maven-core-3.9.8.jar:/home/runner/.m2/repository/org/codehaus/plexus/plexus-component-annotations/2.1.0/plexus-component-annotations-2.1.0.jar:/home/runner/.m2/repository/org/apache/maven/maven-plugin-api/3.9.8/maven-plugin-api-3.9.8.jar:/home/runner/.m2/repository/org/apache/maven/shared/maven-shared-utils/3.4.2/maven-shared-utils-3.4.2.jar:/home/runner/.m2/repository/com/google/inject/guice/5.1.0/guice-5.1.0.jar:/home/runner/.m2/repository/aopalliance/aopalliance/1.0/aopalliance-1.0.jar:/home/runner/.m2/repository/javax/annotation/javax.annotation-api/1.3.2/javax.annotation-api-1.3.2.jar:/home/runner/.m2/repository/org/codehaus/plexus/plexus-classworlds/2.6.0/plexus-classworlds-2.6.0.jar:/home/runner/.m2/repository/commons-cli/commons-cli/1.8.0/commons-cli-1.8.0.jar:/home/runner/.m2/repository/org/eclipse/sisu/org.eclipse.sisu.plexus/0.9.0.M3/org.eclipse.sisu.plexus-0.9.0.M3.jar:/home/runner/.m2/repository/org/apache/maven/maven-settings-builder/3.9.8/maven-settings-builder-3.9.8.jar:/home/runner/.m2/repository/org/apache/maven/maven-resolver-provider/3.9.8/maven-resolver-provider-3.9.8.jar:/home/runner/.m2/repository/org/apache/maven/resolver/maven-resolver-connector-basic/1.9.22/maven-resolver-connector-basic-1.9.22.jar:/home/runner/.m2/repository/org/apache/maven/resolver/maven-resolver-transport-wagon/1.9.22/maven-resolver-transport-wagon-1.9.22.jar:/home/runner/.m2/repository/org/apache/maven/wagon/wagon-http/3.5.3/wagon-http-3.5.3.jar:/home/runner/.m2/repository/org/apache/maven/wagon/wagon-file/3.5.3/wagon-file-3.5.3.jar:/home/runner/.m2/repository/io/quarkus/quarkus-bootstrap-gradle-resolver/3.15.4/quarkus-bootstrap-gradle-resolver-3.15.4.jar:/home/runner/.m2/repository/io/smallrye/jandex/3.2.3/jandex-3.2.3.jar:/home/runner/.m2/repository/org/jboss/logging/commons-logging-jboss-logging/1.0.0.Final/commons-logging-jboss-logging-1.0.0.Final.jar:/home/runner/.m2/repository/io/quarkus/quarkus-junit5-properties/3.15.4/quarkus-junit5-properties-3.15.4.jar:/home/runner/.m2/repository/org/junit/jupiter/junit-jupiter/5.10.3/junit-jupiter-5.10.3.jar:/home/runner/.m2/repository/org/junit/jupiter/junit-jupiter-api/5.10.3/junit-jupiter-api-5.10.3.jar:/home/runner/.m2/repository/org/junit/jupiter/junit-jupiter-params/5.10.3/junit-jupiter-params-5.10.3.jar:/home/runner/.m2/repository/org/junit/jupiter/junit-jupiter-engine/5.10.3/junit-jupiter-engine-5.10.3.jar:/home/runner/.m2/repository/io/quarkus/quarkus-core/3.15.4/quarkus-core-3.15.4.jar:/home/runner/.m2/repository/jakarta/enterprise/jakarta.enterprise.cdi-api/4.1.0/jakarta.enterprise.cdi-api-4.1.0.jar:/home/runner/.m2/repository/jakarta/enterprise/jakarta.enterprise.lang-model/4.1.0/jakarta.enterprise.lang-model-4.1.0.jar:/home/runner/.m2/repository/jakarta/el/jakarta.el-api/5.0.1/jakarta.el-api-5.0.1.jar:/home/runner/.m2/repository/jakarta/interceptor/jakarta.interceptor-api/2.2.0/jakarta.interceptor-api-2.2.0.jar:/home/runner/.m2/repository/jakarta/inject/jakarta.inject-api/2.0.1/jakarta.inject-api-2.0.1.jar:/home/runner/.m2/repository/io/smallrye/common/smallrye-common-os/2.6.1/smallrye-common-os-2.6.1.jar:/home/runner/.m2/repository/io/quarkus/quarkus-ide-launcher/3.15.4/quarkus-ide-launcher-3.15.4.jar:/home/runner/.m2/repository/io/quarkus/quarkus-development-mode-spi/3.15.4/quarkus-development-mode-spi-3.15.4.jar:/home/runner/.m2/repository/io/smallrye/config/smallrye-config/3.9.1/smallrye-config-3.9.1.jar:/home/runner/.m2/repository/io/smallrye/config/smallrye-config-core/3.9.1/smallrye-config-core-3.9.1.jar:/home/runner/.m2/repository/io/smallrye/common/smallrye-common-annotation/2.6.1/smallrye-common-annotation-2.6.1.jar:/home/runner/.m2/repository/io/smallrye/common/smallrye-common-classloader/2.6.1/smallrye-common-classloader-2.6.1.jar:/home/runner/.m2/repository/io/smallrye/config/smallrye-config-common/3.9.1/smallrye-config-common-3.9.1.jar:/home/runner/.m2/repository/org/jboss/logging/jboss-logging/3.6.0.Final/jboss-logging-3.6.0.Final.jar:/home/runner/.m2/repository/org/jboss/logmanager/jboss-logmanager/3.1.1.Final/jboss-logmanager-3.1.1.Final.jar:/home/runner/.m2/repository/io/smallrye/common/smallrye-common-constraint/2.6.1/smallrye-common-constraint-2.6.1.jar:/home/runner/.m2/repository/io/smallrye/common/smallrye-common-cpu/2.6.1/smallrye-common-cpu-2.6.1.jar:/home/runner/.m2/repository/io/smallrye/common/smallrye-common-expression/2.6.1/smallrye-common-expression-2.6.1.jar:/home/runner/.m2/repository/io/smallrye/common/smallrye-common-function/2.6.1/smallrye-common-function-2.6.1.jar:/home/runner/.m2/repository/io/smallrye/common/smallrye-common-net/2.6.1/smallrye-common-net-2.6.1.jar:/home/runner/.m2/repository/io/smallrye/common/smallrye-common-ref/2.6.1/smallrye-common-ref-2.6.1.jar:/home/runner/.m2/repository/jakarta/json/jakarta.json-api/2.1.3/jakarta.json-api-2.1.3.jar:/home/runner/.m2/repository/org/eclipse/parsson/parsson/1.1.7/parsson-1.1.7.jar:/home/runner/.m2/repository/org/jboss/logging/jboss-logging-annotations/3.0.1.Final/jboss-logging-annotations-3.0.1.Final.jar:/home/runner/.m2/repository/org/jboss/threads/jboss-threads/3.6.1.Final/jboss-threads-3.6.1.Final.jar:/home/runner/.m2/repository/org/jboss/slf4j/slf4j-jboss-logmanager/2.0.0.Final/slf4j-jboss-logmanager-2.0.0.Final.jar:/home/runner/.m2/repository/org/wildfly/common/wildfly-common/1.7.0.Final/wildfly-common-1.7.0.Final.jar:/home/runner/.m2/repository/io/quarkus/quarkus-bootstrap-runner/3.15.4/quarkus-bootstrap-runner-3.15.4.jar:/home/runner/.m2/repository/io/github/crac/org-crac/0.1.3/org-crac-0.1.3.jar:/home/runner/.m2/repository/io/quarkus/quarkus-fs-util/0.0.10/quarkus-fs-util-0.0.10.jar:/home/runner/.m2/repository/org/jboss/marshalling/jboss-marshalling/2.2.1.Final/jboss-marshalling-2.2.1.Final.jar:/home/runner/.m2/repository/io/fabric8/kubernetes-client/6.13.5/kubernetes-client-6.13.5.jar:/home/runner/.m2/repository/io/fabric8/kubernetes-client-api/6.13.5/kubernetes-client-api-6.13.5.jar:/home/runner/.m2/repository/io/fabric8/kubernetes-model-core/6.13.5/kubernetes-model-core-6.13.5.jar:/home/runner/.m2/repository/io/fabric8/kubernetes-model-common/6.13.5/kubernetes-model-common-6.13.5.jar:/home/runner/.m2/repository/io/fabric8/kubernetes-model-gatewayapi/6.13.5/kubernetes-model-gatewayapi-6.13.5.jar:/home/runner/.m2/repository/io/fabric8/kubernetes-model-resource/6.13.5/kubernetes-model-resource-6.13.5.jar:/home/runner/.m2/repository/io/fabric8/kubernetes-model-rbac/6.13.5/kubernetes-model-rbac-6.13.5.jar:/home/runner/.m2/repository/io/fabric8/kubernetes-model-admissionregistration/6.13.5/kubernetes-model-admissionregistration-6.13.5.jar:/home/runner/.m2/repository/io/fabric8/kubernetes-model-apps/6.13.5/kubernetes-model-apps-6.13.5.jar:/home/runner/.m2/repository/io/fabric8/kubernetes-model-autoscaling/6.13.5/kubernetes-model-autoscaling-6.13.5.jar:/home/runner/.m2/repository/io/fabric8/kubernetes-model-apiextensions/6.13.5/kubernetes-model-apiextensions-6.13.5.jar:/home/runner/.m2/repository/io/fabric8/kubernetes-model-batch/6.13.5/kubernetes-model-batch-6.13.5.jar:/home/runner/.m2/repository/io/fabric8/kubernetes-model-certificates/6.13.5/kubernetes-model-certificates-6.13.5.jar:/home/runner/.m2/repository/io/fabric8/kubernetes-model-coordination/6.13.5/kubernetes-model-coordination-6.13.5.jar:/home/runner/.m2/repository/io/fabric8/kubernetes-model-discovery/6.13.5/kubernetes-model-discovery-6.13.5.jar:/home/runner/.m2/repository/io/fabric8/kubernetes-model-events/6.13.5/kubernetes-model-events-6.13.5.jar:/home/runner/.m2/repository/io/fabric8/kubernetes-model-extensions/6.13.5/kubernetes-model-extensions-6.13.5.jar:/home/runner/.m2/repository/io/fabric8/kubernetes-model-flowcontrol/6.13.5/kubernetes-model-flowcontrol-6.13.5.jar:/home/runner/.m2/repository/io/fabric8/kubernetes-model-networking/6.13.5/kubernetes-model-networking-6.13.5.jar:/home/runner/.m2/repository/io/fabric8/kubernetes-model-metrics/6.13.5/kubernetes-model-metrics-6.13.5.jar:/home/runner/.m2/repository/io/fabric8/kubernetes-model-policy/6.13.5/kubernetes-model-policy-6.13.5.jar:/home/runner/.m2/repository/io/fabric8/kubernetes-model-scheduling/6.13.5/kubernetes-model-scheduling-6.13.5.jar:/home/runner/.m2/repository/io/fabric8/kubernetes-model-storageclass/6.13.5/kubernetes-model-storageclass-6.13.5.jar:/home/runner/.m2/repository/io/fabric8/kubernetes-model-node/6.13.5/kubernetes-model-node-6.13.5.jar:/home/runner/.m2/repository/org/snakeyaml/snakeyaml-engine/2.7/snakeyaml-engine-2.7.jar:/home/runner/.m2/repository/com/fasterxml/jackson/dataformat/jackson-dataformat-yaml/2.15.2/jackson-dataformat-yaml-2.15.2.jar:/home/runner/.m2/repository/com/fasterxml/jackson/datatype/jackson-datatype-jsr310/2.17.2/jackson-datatype-jsr310-2.17.2.jar:/home/runner/.m2/repository/io/fabric8/zjsonpatch/0.3.0/zjsonpatch-0.3.0.jar:/home/runner/.m2/repository/io/fabric8/kubernetes-httpclient-vertx/6.13.5/kubernetes-httpclient-vertx-6.13.5.jar:/home/runner/.m2/repository/io/vertx/vertx-web-client/4.5.13/vertx-web-client-4.5.13.jar:/home/runner/.m2/repository/io/vertx/vertx-web-common/4.5.13/vertx-web-common-4.5.13.jar:/home/runner/.m2/repository/io/vertx/vertx-auth-common/4.5.13/vertx-auth-common-4.5.13.jar:/home/runner/.m2/repository/io/vertx/vertx-uri-template/4.5.13/vertx-uri-template-4.5.13.jar:/home/runner/.m2/repository/io/fabric8/openshift-client/6.13.5/openshift-client-6.13.5.jar:/home/runner/.m2/repository/io/fabric8/openshift-client-api/6.13.5/openshift-client-api-6.13.5.jar:/home/runner/.m2/repository/io/fabric8/openshift-model/6.13.5/openshift-model-6.13.5.jar:/home/runner/.m2/repository/io/fabric8/openshift-model-clusterautoscaling/6.13.5/openshift-model-clusterautoscaling-6.13.5.jar:/home/runner/.m2/repository/io/fabric8/openshift-model-operator/6.13.5/openshift-model-operator-6.13.5.jar:/home/runner/.m2/repository/io/fabric8/openshift-model-operatorhub/6.13.5/openshift-model-operatorhub-6.13.5.jar:/home/runner/.m2/repository/io/fabric8/openshift-model-machine/6.13.5/openshift-model-machine-6.13.5.jar:/home/runner/.m2/repository/io/fabric8/openshift-model-whereabouts/6.13.5/openshift-model-whereabouts-6.13.5.jar:/home/runner/.m2/repository/io/fabric8/openshift-model-monitoring/6.13.5/openshift-model-monitoring-6.13.5.jar:/home/runner/.m2/repository/io/fabric8/openshift-model-storageversionmigrator/6.13.5/openshift-model-storageversionmigrator-6.13.5.jar:/home/runner/.m2/repository/io/fabric8/openshift-model-tuned/6.13.5/openshift-model-tuned-6.13.5.jar:/home/runner/.m2/repository/io/fabric8/openshift-model-console/6.13.5/openshift-model-console-6.13.5.jar:/home/runner/.m2/repository/io/fabric8/openshift-model-config/6.13.5/openshift-model-config-6.13.5.jar:/home/runner/.m2/repository/io/fabric8/openshift-model-machineconfig/6.13.5/openshift-model-machineconfig-6.13.5.jar:/home/runner/.m2/repository/io/fabric8/openshift-model-miscellaneous/6.13.5/openshift-model-miscellaneous-6.13.5.jar:/home/runner/.m2/repository/io/fabric8/openshift-model-hive/6.13.5/openshift-model-hive-6.13.5.jar:/home/runner/.m2/repository/io/fabric8/openshift-model-installer/6.13.5/openshift-model-installer-6.13.5.jar:/home/runner/.m2/repository/com/github/mifmif/generex/1.0.2/generex-1.0.2.jar:/home/runner/.m2/repository/dk/brics/automaton/automaton/1.11-8/automaton-1.11-8.jar:/home/runner/.m2/repository/org/junit/platform/junit-platform-launcher/1.10.3/junit-platform-launcher-1.10.3.jar:/home/runner/.m2/repository/org/junit/platform/junit-platform-engine/1.10.3/junit-platform-engine-1.10.3.jar:/home/runner/.m2/repository/org/opentest4j/opentest4j/1.3.0/opentest4j-1.3.0.jar:/home/runner/.m2/repository/org/junit/platform/junit-platform-commons/1.10.3/junit-platform-commons-1.10.3.jar:/home/runner/.m2/repository/org/apiguardian/apiguardian-api/1.1.2/apiguardian-api-1.1.2.jar:/home/runner/.m2/repository/jakarta/ws/rs/jakarta.ws.rs-api/3.1.0/jakarta.ws.rs-api-3.1.0.jar:/home/runner/work/apicurio-testing/apicurio-testing/clusters/ci419/namespaces/kafkasql/tests/integration/apicurio-registry/java-sdk/target/apicurio-registry-java-sdk-3.0.9.jar:/home/runner/.m2/repository/com/microsoft/kiota/microsoft-kiota-abstractions/1.8.4/microsoft-kiota-abstractions-1.8.4.jar:/home/runner/.m2/repository/io/github/std-uritemplate/std-uritemplate/2.0.0/std-uritemplate-2.0.0.jar:/home/runner/.m2/repository/io/kiota/kiota-http-jdk/0.0.21/kiota-http-jdk-0.0.21.jar:/home/runner/.m2/repository/io/kiota/kiota-http-vertx/0.0.21/kiota-http-vertx-0.0.21.jar:/home/runner/.m2/repository/io/kiota/kiota-serialization-jackson/0.0.21/kiota-serialization-jackson-0.0.21.jar:/home/runner/.m2/repository/com/microsoft/kiota/microsoft-kiota-serialization-text/1.8.4/microsoft-kiota-serialization-text-1.8.4.jar:/home/runner/.m2/repository/com/microsoft/kiota/microsoft-kiota-serialization-form/1.8.4/microsoft-kiota-serialization-form-1.8.4.jar:/home/runner/.m2/repository/com/microsoft/kiota/microsoft-kiota-serialization-multipart/1.8.4/microsoft-kiota-serialization-multipart-1.8.4.jar:/home/runner/.m2/repository/jakarta/annotation/jakarta.annotation-api/3.0.0/jakarta.annotation-api-3.0.0.jar:/home/runner/.m2/repository/io/vertx/vertx-auth-oauth2/4.5.13/vertx-auth-oauth2-4.5.13.jar:/home/runner/work/apicurio-testing/apicurio-testing/clusters/ci419/namespaces/kafkasql/tests/integration/apicurio-registry/java-sdk-v2/target/apicurio-registry-v2-java-sdk-3.0.9.jar:/home/runner/work/apicurio-testing/apicurio-testing/clusters/ci419/namespaces/kafkasql/tests/integration/apicurio-registry/utils/kafka/target/apicurio-registry-utils-kafka-3.0.9-tests.jar:/home/runner/.m2/repository/org/eclipse/microprofile/config/microprofile-config-api/3.1/microprofile-config-api-3.1.jar:/home/runner/.m2/repository/org/apache/kafka/kafka-clients/3.9.0/kafka-clients-3.9.0.jar:/home/runner/.m2/repository/com/github/luben/zstd-jni/1.5.6-4/zstd-jni-1.5.6-4.jar:/home/runner/.m2/repository/org/lz4/lz4-java/1.8.0/lz4-java-1.8.0.jar:/home/runner/.m2/repository/org/xerial/snappy/snappy-java/1.1.10.5/snappy-java-1.1.10.5.jar:/home/runner/.m2/repository/org/slf4j/slf4j-api/2.0.6/slf4j-api-2.0.6.jar:/home/runner/work/apicurio-testing/apicurio-testing/clusters/ci419/namespaces/kafkasql/tests/integration/apicurio-registry/utils/tests/target/apicurio-registry-utils-tests-3.0.9.jar:/home/runner/work/apicurio-testing/apicurio-testing/clusters/ci419/namespaces/kafkasql/tests/integration/apicurio-registry/common/target/apicurio-registry-common-3.0.9.jar:/home/runner/.m2/repository/jakarta/validation/jakarta.validation-api/3.0.2/jakarta.validation-api-3.0.2.jar:/home/runner/.m2/repository/com/github/dasniko/testcontainers-keycloak/3.6.0/testcontainers-keycloak-3.6.0.jar:/home/runner/.m2/repository/org/testcontainers/testcontainers/1.20.1/testcontainers-1.20.1.jar:/home/runner/.m2/repository/org/rnorth/duct-tape/duct-tape/1.0.8/duct-tape-1.0.8.jar:/home/runner/.m2/repository/org/jetbrains/annotations/24.1.0/annotations-24.1.0.jar:/home/runner/.m2/repository/com/github/docker-java/docker-java-transport-zerodep/3.4.0/docker-java-transport-zerodep-3.4.0.jar:/home/runner/.m2/repository/com/github/docker-java/docker-java-transport/3.4.0/docker-java-transport-3.4.0.jar:/home/runner/.m2/repository/net/java/dev/jna/jna/5.8.0/jna-5.8.0.jar:/home/runner/.m2/repository/io/quarkus/quarkus-junit4-mock/3.15.4/quarkus-junit4-mock-3.15.4.jar:/home/runner/.m2/repository/org/jboss/shrinkwrap/shrinkwrap-api/2.0.0-beta-2/shrinkwrap-api-2.0.0-beta-2.jar:/home/runner/.m2/repository/org/jboss/shrinkwrap/shrinkwrap-impl-base/2.0.0-beta-2/shrinkwrap-impl-base-2.0.0-beta-2.jar:/home/runner/.m2/repository/org/jboss/shrinkwrap/shrinkwrap-spi/2.0.0-beta-2/shrinkwrap-spi-2.0.0-beta-2.jar:/home/runner/.m2/repository/org/keycloak/keycloak-admin-client/25.0.6/keycloak-admin-client-25.0.6.jar:/home/runner/.m2/repository/org/keycloak/keycloak-core/25.0.6/keycloak-core-25.0.6.jar:/home/runner/.m2/repository/org/keycloak/keycloak-common/25.0.6/keycloak-common-25.0.6.jar:/home/runner/.m2/repository/org/jboss/resteasy/resteasy-client/6.2.9.Final/resteasy-client-6.2.9.Final.jar:/home/runner/.m2/repository/org/jboss/resteasy/resteasy-client-api/6.2.9.Final/resteasy-client-api-6.2.9.Final.jar:/home/runner/.m2/repository/org/jboss/resteasy/resteasy-core-spi/6.2.9.Final/resteasy-core-spi-6.2.9.Final.jar:/home/runner/.m2/repository/org/jboss/resteasy/resteasy-core/6.2.9.Final/resteasy-core-6.2.9.Final.jar:/home/runner/.m2/repository/org/eclipse/angus/angus-activation/2.0.2/angus-activation-2.0.2.jar:/home/runner/.m2/repository/com/ibm/async/asyncutil/0.1.0/asyncutil-0.1.0.jar:/home/runner/.m2/repository/org/reactivestreams/reactive-streams/1.0.4/reactive-streams-1.0.4.jar:/home/runner/.m2/repository/org/jboss/resteasy/resteasy-multipart-provider/6.2.9.Final/resteasy-multipart-provider-6.2.9.Final.jar:/home/runner/.m2/repository/jakarta/mail/jakarta.mail-api/2.1.2/jakarta.mail-api-2.1.2.jar:/home/runner/.m2/repository/org/eclipse/angus/angus-mail/2.0.3/angus-mail-2.0.3.jar:/home/runner/.m2/repository/org/apache/james/apache-mime4j-dom/0.8.11/apache-mime4j-dom-0.8.11.jar:/home/runner/.m2/repository/org/apache/james/apache-mime4j-core/0.8.11/apache-mime4j-core-0.8.11.jar:/home/runner/.m2/repository/org/apache/james/apache-mime4j-storage/0.8.11/apache-mime4j-storage-0.8.11.jar:/home/runner/.m2/repository/org/jboss/resteasy/resteasy-jackson2-provider/6.2.9.Final/resteasy-jackson2-provider-6.2.9.Final.jar:/home/runner/.m2/repository/com/fasterxml/jackson/jakarta/rs/jackson-jakarta-rs-base/2.17.2/jackson-jakarta-rs-base-2.17.2.jar:/home/runner/.m2/repository/com/fasterxml/jackson/jakarta/rs/jackson-jakarta-rs-json-provider/2.17.2/jackson-jakarta-rs-json-provider-2.17.2.jar:/home/runner/.m2/repository/com/fasterxml/jackson/module/jackson-module-jakarta-xmlbind-annotations/2.17.2/jackson-module-jakarta-xmlbind-annotations-2.17.2.jar:/home/runner/.m2/repository/com/github/java-json-tools/json-patch/1.13/json-patch-1.13.jar:/home/runner/.m2/repository/com/github/java-json-tools/msg-simple/1.2/msg-simple-1.2.jar:/home/runner/.m2/repository/com/github/java-json-tools/btf/1.3/btf-1.3.jar:/home/runner/.m2/repository/com/github/java-json-tools/jackson-coreutils/2.0/jackson-coreutils-2.0.jar:/home/runner/.m2/repository/org/jboss/resteasy/resteasy-jaxb-provider/6.2.9.Final/resteasy-jaxb-provider-6.2.9.Final.jar:/home/runner/.m2/repository/org/glassfish/jaxb/codemodel/4.0.3/codemodel-4.0.3.jar:/home/runner/.m2/repository/org/glassfish/jaxb/jaxb-core/4.0.5/jaxb-core-4.0.5.jar:/home/runner/.m2/repository/org/glassfish/jaxb/jaxb-jxc/4.0.3/jaxb-jxc-4.0.3.jar:/home/runner/.m2/repository/org/glassfish/jaxb/jaxb-runtime/4.0.5/jaxb-runtime-4.0.5.jar:/home/runner/.m2/repository/org/glassfish/jaxb/txw2/4.0.5/txw2-4.0.5.jar:/home/runner/.m2/repository/org/glassfish/jaxb/jaxb-xjc/4.0.3/jaxb-xjc-4.0.3.jar:/home/runner/.m2/repository/org/glassfish/jaxb/xsom/4.0.3/xsom-4.0.3.jar:/home/runner/.m2/repository/com/sun/istack/istack-commons-runtime/4.1.2/istack-commons-runtime-4.1.2.jar:/home/runner/.m2/repository/com/sun/istack/istack-commons-tools/4.1.2/istack-commons-tools-4.1.2.jar:/home/runner/.m2/repository/com/sun/xml/bind/external/relaxng-datatype/4.0.3/relaxng-datatype-4.0.3.jar:/home/runner/.m2/repository/com/sun/xml/bind/external/rngom/4.0.3/rngom-4.0.3.jar:/home/runner/.m2/repository/org/testcontainers/mssqlserver/1.20.1/mssqlserver-1.20.1.jar:/home/runner/.m2/repository/org/testcontainers/jdbc/1.20.1/jdbc-1.20.1.jar:/home/runner/.m2/repository/org/testcontainers/database-commons/1.20.1/database-commons-1.20.1.jar:/home/runner/.m2/repository/org/testcontainers/mysql/1.20.1/mysql-1.20.1.jar:/home/runner/.m2/repository/io/strimzi/strimzi-test-container/0.107.0/strimzi-test-container-0.107.0.jar:/home/runner/.m2/repository/org/testcontainers/toxiproxy/1.20.1/toxiproxy-1.20.1.jar:/home/runner/.m2/repository/com/github/docker-java/docker-java-api/3.4.0/docker-java-api-3.4.0.jar:/home/runner/.m2/repository/eu/rekawek/toxiproxy/toxiproxy-java/2.1.7/toxiproxy-java-2.1.7.jar:/home/runner/.m2/repository/junit/junit/4.13.2/junit-4.13.2.jar:/home/runner/.m2/repository/org/hamcrest/hamcrest-core/1.3/hamcrest-core-1.3.jar:/home/runner/.m2/repository/org/testcontainers/pulsar/1.20.4/pulsar-1.20.4.jar:/home/runner/.m2/repository/io/debezium/debezium-testing-testcontainers/2.6.2.Final/debezium-testing-testcontainers-2.6.2.Final.jar:/home/runner/.m2/repository/org/testcontainers/kafka/1.20.1/kafka-1.20.1.jar:/home/runner/.m2/repository/com/squareup/okhttp3/okhttp/4.8.1/okhttp-4.8.1.jar:/home/runner/.m2/repository/com/squareup/okio/okio/3.10.2/okio-3.10.2.jar:/home/runner/.m2/repository/com/squareup/okio/okio-jvm/3.10.2/okio-jvm-3.10.2.jar:/home/runner/.m2/repository/org/jetbrains/kotlin/kotlin-stdlib/2.0.10/kotlin-stdlib-2.0.10.jar:/home/runner/.m2/repository/org/awaitility/awaitility/4.2.2/awaitility-4.2.2.jar:/home/runner/.m2/repository/org/testcontainers/mongodb/1.20.1/mongodb-1.20.1.jar:/home/runner/.m2/repository/org/testcontainers/oracle-xe/1.20.1/oracle-xe-1.20.1.jar:/home/runner/.m2/repository/org/testcontainers/postgresql/1.20.1/postgresql-1.20.1.jar:/home/runner/.m2/repository/org/wiremock/wiremock/3.0.1/wiremock-3.0.1.jar:/home/runner/.m2/repository/org/eclipse/jetty/jetty-server/11.0.15/jetty-server-11.0.15.jar:/home/runner/.m2/repository/org/eclipse/jetty/toolchain/jetty-jakarta-servlet-api/5.0.2/jetty-jakarta-servlet-api-5.0.2.jar:/home/runner/.m2/repository/org/eclipse/jetty/jetty-http/11.0.15/jetty-http-11.0.15.jar:/home/runner/.m2/repository/org/eclipse/jetty/jetty-io/11.0.15/jetty-io-11.0.15.jar:/home/runner/.m2/repository/org/eclipse/jetty/jetty-servlet/11.0.15/jetty-servlet-11.0.15.jar:/home/runner/.m2/repository/org/eclipse/jetty/jetty-security/11.0.15/jetty-security-11.0.15.jar:/home/runner/.m2/repository/org/eclipse/jetty/jetty-servlets/11.0.15/jetty-servlets-11.0.15.jar:/home/runner/.m2/repository/org/eclipse/jetty/jetty-util/11.0.15/jetty-util-11.0.15.jar:/home/runner/.m2/repository/org/eclipse/jetty/jetty-webapp/11.0.15/jetty-webapp-11.0.15.jar:/home/runner/.m2/repository/org/eclipse/jetty/jetty-xml/11.0.15/jetty-xml-11.0.15.jar:/home/runner/.m2/repository/org/eclipse/jetty/jetty-proxy/11.0.15/jetty-proxy-11.0.15.jar:/home/runner/.m2/repository/org/eclipse/jetty/jetty-client/11.0.15/jetty-client-11.0.15.jar:/home/runner/.m2/repository/org/eclipse/jetty/http2/http2-server/11.0.15/http2-server-11.0.15.jar:/home/runner/.m2/repository/org/eclipse/jetty/http2/http2-common/11.0.15/http2-common-11.0.15.jar:/home/runner/.m2/repository/org/eclipse/jetty/http2/http2-hpack/11.0.15/http2-hpack-11.0.15.jar:/home/runner/.m2/repository/org/eclipse/jetty/jetty-alpn-server/11.0.15/jetty-alpn-server-11.0.15.jar:/home/runner/.m2/repository/org/eclipse/jetty/jetty-alpn-java-server/11.0.15/jetty-alpn-java-server-11.0.15.jar:/home/runner/.m2/repository/org/eclipse/jetty/jetty-alpn-java-client/11.0.15/jetty-alpn-java-client-11.0.15.jar:/home/runner/.m2/repository/org/eclipse/jetty/jetty-alpn-client/11.0.15/jetty-alpn-client-11.0.15.jar:/home/runner/.m2/repository/org/apache/httpcomponents/client5/httpclient5/5.2.1/httpclient5-5.2.1.jar:/home/runner/.m2/repository/org/apache/httpcomponents/core5/httpcore5/5.2/httpcore5-5.2.jar:/home/runner/.m2/repository/org/apache/httpcomponents/core5/httpcore5-h2/5.2/httpcore5-h2-5.2.jar:/home/runner/.m2/repository/org/xmlunit/xmlunit-core/2.9.1/xmlunit-core-2.9.1.jar:/home/runner/.m2/repository/jakarta/xml/bind/jakarta.xml.bind-api/4.0.2/jakarta.xml.bind-api-4.0.2.jar:/home/runner/.m2/repository/jakarta/activation/jakarta.activation-api/2.1.3/jakarta.activation-api-2.1.3.jar:/home/runner/.m2/repository/org/xmlunit/xmlunit-legacy/2.9.1/xmlunit-legacy-2.9.1.jar:/home/runner/.m2/repository/org/xmlunit/xmlunit-placeholders/2.9.1/xmlunit-placeholders-2.9.1.jar:/home/runner/.m2/repository/net/javacrumbs/json-unit/json-unit-core/2.38.0/json-unit-core-2.38.0.jar:/home/runner/.m2/repository/com/jayway/jsonpath/json-path/2.8.0/json-path-2.8.0.jar:/home/runner/.m2/repository/net/minidev/json-smart/2.4.10/json-smart-2.4.10.jar:/home/runner/.m2/repository/net/minidev/accessors-smart/2.4.9/accessors-smart-2.4.9.jar:/home/runner/.m2/repository/org/ow2/asm/asm/9.7/asm-9.7.jar:/home/runner/.m2/repository/net/sf/jopt-simple/jopt-simple/5.0.4/jopt-simple-5.0.4.jar:/home/runner/.m2/repository/com/github/jknack/handlebars/4.3.1/handlebars-4.3.1.jar:/home/runner/.m2/repository/com/github/jknack/handlebars-helpers/4.3.1/handlebars-helpers-4.3.1.jar:/home/runner/.m2/repository/commons-fileupload/commons-fileupload/1.5/commons-fileupload-1.5.jar:/home/runner/.m2/repository/com/networknt/json-schema-validator/1.5.5/json-schema-validator-1.5.5.jar:/home/runner/.m2/repository/com/ethlo/time/itu/1.10.3/itu-1.10.3.jar:/home/runner/.m2/repository/io/quarkus/quarkus-smallrye-jwt-build/3.15.4/quarkus-smallrye-jwt-build-3.15.4.jar:/home/runner/.m2/repository/io/smallrye/smallrye-jwt-build/4.5.3/smallrye-jwt-build-4.5.3.jar:/home/runner/.m2/repository/org/eclipse/microprofile/jwt/microprofile-jwt-auth-api/2.1/microprofile-jwt-auth-api-2.1.jar:/home/runner/.m2/repository/org/bitbucket/b_c/jose4j/0.9.6/jose4j-0.9.6.jar:/home/runner/.m2/repository/io/smallrye/smallrye-jwt-common/4.5.3/smallrye-jwt-common-4.5.3.jar:/home/runner/.m2/repository/io/quarkus/quarkus-jsonp/3.15.4/quarkus-jsonp-3.15.4.jar:/home/runner/.m2/repository/io/quarkus/quarkus-arc/3.15.4/quarkus-arc-3.15.4.jar:/home/runner/.m2/repository/io/quarkus/arc/arc/3.15.4/arc-3.15.4.jar:/home/runner/.m2/repository/jakarta/transaction/jakarta.transaction-api/2.0.1/jakarta.transaction-api-2.0.1.jar:/home/runner/.m2/repository/io/smallrye/reactive/mutiny/2.6.2/mutiny-2.6.2.jar:/home/runner/.m2/repository/org/jctools/jctools-core/4.0.5/jctools-core-4.0.5.jar:/home/runner/.m2/repository/org/eclipse/microprofile/context-propagation/microprofile-context-propagation-api/1.3/microprofile-context-propagation-api-1.3.jar:/home/runner/.m2/repository/io/apicurio/apicurio-common-rest-client-common/0.1.18.Final/apicurio-common-rest-client-common-0.1.18.Final.jar:/home/runner/work/apicurio-testing/apicurio-testing/clusters/ci419/namespaces/kafkasql/tests/integration/apicurio-registry/utils/maven-plugin/target/apicurio-registry-maven-plugin-3.0.9.jar:/home/runner/.m2/repository/com/fasterxml/jackson/core/jackson-databind/2.17.2/jackson-databind-2.17.2.jar:/home/runner/.m2/repository/org/apache/avro/avro/1.12.0/avro-1.12.0.jar:/home/runner/.m2/repository/com/google/protobuf/protobuf-java/3.25.8/protobuf-java-3.25.8.jar:/home/runner/.m2/repository/com/google/protobuf/protobuf-java-util/3.25.8/protobuf-java-util-3.25.8.jar:/home/runner/.m2/repository/com/google/code/findbugs/jsr305/3.0.2/jsr305-3.0.2.jar:/home/runner/.m2/repository/com/google/code/gson/gson/2.11.0/gson-2.11.0.jar:/home/runner/.m2/repository/com/google/errorprone/error_prone_annotations/2.30.0/error_prone_annotations-2.30.0.jar:/home/runner/.m2/repository/com/google/j2objc/j2objc-annotations/2.8/j2objc-annotations-2.8.jar:/home/runner/work/apicurio-testing/apicurio-testing/clusters/ci419/namespaces/kafkasql/tests/integration/apicurio-registry/schema-util/util-provider/target/apicurio-registry-schema-util-provider-3.0.9.jar:/home/runner/work/apicurio-testing/apicurio-testing/clusters/ci419/namespaces/kafkasql/tests/integration/apicurio-registry/schema-util/common/target/apicurio-registry-schema-util-common-3.0.9.jar:/home/runner/.m2/repository/com/fasterxml/jackson/module/jackson-module-parameter-names/2.17.2/jackson-module-parameter-names-2.17.2.jar:/home/runner/.m2/repository/com/fasterxml/jackson/datatype/jackson-datatype-json-org/2.18.2/jackson-datatype-json-org-2.18.2.jar:/home/runner/work/apicurio-testing/apicurio-testing/clusters/ci419/namespaces/kafkasql/tests/integration/apicurio-registry/schema-util/json/target/apicurio-registry-schema-util-json-3.0.9.jar:/home/runner/.m2/repository/com/github/erosb/everit-json-schema/1.14.5/everit-json-schema-1.14.5.jar:/home/runner/.m2/repository/commons-validator/commons-validator/1.9.0/commons-validator-1.9.0.jar:/home/runner/.m2/repository/commons-digester/commons-digester/2.1/commons-digester-2.1.jar:/home/runner/.m2/repository/commons-collections/commons-collections/3.2.2/commons-collections-3.2.2.jar:/home/runner/.m2/repository/com/damnhandy/handy-uri-templates/2.1.8/handy-uri-templates-2.1.8.jar:/home/runner/.m2/repository/joda-time/joda-time/2.10.2/joda-time-2.10.2.jar:/home/runner/.m2/repository/com/github/erosb/json-sKema/0.20.0/json-sKema-0.20.0.jar:/home/runner/.m2/repository/io/vertx/vertx-json-schema/4.5.13/vertx-json-schema-4.5.13.jar:/home/runner/work/apicurio-testing/apicurio-testing/clusters/ci419/namespaces/kafkasql/tests/integration/apicurio-registry/schema-util/protobuf/target/apicurio-registry-schema-util-protobuf-3.0.9.jar:/home/runner/work/apicurio-testing/apicurio-testing/clusters/ci419/namespaces/kafkasql/tests/integration/apicurio-registry/utils/protobuf-schema-utilities/target/apicurio-registry-protobuf-schema-utilities-3.0.9.jar:/home/runner/.m2/repository/com/google/api/grpc/proto-google-common-protos/2.52.0/proto-google-common-protos-2.52.0.jar:/home/runner/.m2/repository/com/squareup/wire/wire-schema-jvm/5.1.0/wire-schema-jvm-5.1.0.jar:/home/runner/.m2/repository/com/squareup/javapoet/1.13.0/javapoet-1.13.0.jar:/home/runner/.m2/repository/com/squareup/kotlinpoet-jvm/1.18.1/kotlinpoet-jvm-1.18.1.jar:/home/runner/.m2/repository/org/jetbrains/kotlin/kotlin-reflect/2.0.10/kotlin-reflect-2.0.10.jar:/home/runner/.m2/repository/com/squareup/wire/wire-runtime-jvm/5.1.0/wire-runtime-jvm-5.1.0.jar:/home/runner/.m2/repository/com/ibm/icu/icu4j/76.1/icu4j-76.1.jar:/home/runner/.m2/repository/com/squareup/okio/okio-fakefilesystem/3.10.2/okio-fakefilesystem-3.10.2.jar:/home/runner/.m2/repository/com/squareup/okio/okio-fakefilesystem-jvm/3.10.2/okio-fakefilesystem-jvm-3.10.2.jar:/home/runner/.m2/repository/org/jetbrains/kotlinx/kotlinx-datetime-jvm/0.6.1/kotlinx-datetime-jvm-0.6.1.jar:/home/runner/work/apicurio-testing/apicurio-testing/clusters/ci419/namespaces/kafkasql/tests/integration/apicurio-registry/schema-util/asyncapi/target/apicurio-registry-schema-util-asyncapi-3.0.9.jar:/home/runner/work/apicurio-testing/apicurio-testing/clusters/ci419/namespaces/kafkasql/tests/integration/apicurio-registry/schema-util/avro/target/apicurio-registry-schema-util-avro-3.0.9.jar:/home/runner/work/apicurio-testing/apicurio-testing/clusters/ci419/namespaces/kafkasql/tests/integration/apicurio-registry/schema-util/graphql/target/apicurio-registry-schema-util-graphql-3.0.9.jar:/home/runner/.m2/repository/com/graphql-java/graphql-java/22.3/graphql-java-22.3.jar:/home/runner/.m2/repository/com/graphql-java/java-dataloader/3.3.0/java-dataloader-3.3.0.jar:/home/runner/work/apicurio-testing/apicurio-testing/clusters/ci419/namespaces/kafkasql/tests/integration/apicurio-registry/schema-util/kconnect/target/apicurio-registry-schema-util-kconnect-3.0.9.jar:/home/runner/work/apicurio-testing/apicurio-testing/clusters/ci419/namespaces/kafkasql/tests/integration/apicurio-registry/schema-util/openapi/target/apicurio-registry-schema-util-openapi-3.0.9.jar:/home/runner/.m2/repository/io/apicurio/apicurio-data-models/2.2.1/apicurio-data-models-2.2.1.jar:/home/runner/.m2/repository/org/openapitools/openapidiff/openapi-diff-core/2.0.1/openapi-diff-core-2.0.1.jar:/home/runner/.m2/repository/io/swagger/parser/v3/swagger-parser/2.0.28/swagger-parser-2.0.28.jar:/home/runner/.m2/repository/io/swagger/parser/v3/swagger-parser-v2-converter/2.0.28/swagger-parser-v2-converter-2.0.28.jar:/home/runner/.m2/repository/io/swagger/swagger-core/1.6.3/swagger-core-1.6.3.jar:/home/runner/.m2/repository/io/swagger/swagger-models/1.6.3/swagger-models-1.6.3.jar:/home/runner/.m2/repository/io/swagger/swagger-annotations/1.6.3/swagger-annotations-1.6.3.jar:/home/runner/.m2/repository/io/swagger/swagger-parser/1.0.56/swagger-parser-1.0.56.jar:/home/runner/.m2/repository/io/swagger/swagger-compat-spec-parser/1.0.56/swagger-compat-spec-parser-1.0.56.jar:/home/runner/.m2/repository/com/github/java-json-tools/json-schema-validator/2.2.14/json-schema-validator-2.2.14.jar:/home/runner/.m2/repository/com/github/java-json-tools/jackson-coreutils-equivalence/1.0/jackson-coreutils-equivalence-1.0.jar:/home/runner/.m2/repository/com/github/java-json-tools/json-schema-core/1.2.14/json-schema-core-1.2.14.jar:/home/runner/.m2/repository/com/github/java-json-tools/uri-template/0.10/uri-template-0.10.jar:/home/runner/.m2/repository/com/sun/mail/mailapi/1.6.2/mailapi-1.6.2.jar:/home/runner/.m2/repository/com/googlecode/libphonenumber/libphonenumber/8.11.1/libphonenumber-8.11.1.jar:/home/runner/.m2/repository/com/j2html/j2html/1.5.0/j2html-1.5.0.jar:/home/runner/.m2/repository/org/apache/commons/commons-collections4/4.4/commons-collections4-4.4.jar:/home/runner/.m2/repository/commons-httpclient/commons-httpclient/3.1/commons-httpclient-3.1.jar:/home/runner/.m2/repository/io/swagger/parser/v3/swagger-parser-v3/2.1.25/swagger-parser-v3-2.1.25.jar:/home/runner/.m2/repository/io/swagger/core/v3/swagger-models/2.2.28/swagger-models-2.2.28.jar:/home/runner/.m2/repository/io/swagger/core/v3/swagger-core/2.2.28/swagger-core-2.2.28.jar:/home/runner/.m2/repository/io/swagger/parser/v3/swagger-parser-core/2.1.25/swagger-parser-core-2.1.25.jar:/home/runner/.m2/repository/io/swagger/parser/v3/swagger-parser-safe-url-resolver/2.1.25/swagger-parser-safe-url-resolver-2.1.25.jar:/home/runner/work/apicurio-testing/apicurio-testing/clusters/ci419/namespaces/kafkasql/tests/integration/apicurio-registry/schema-util/wsdl/target/apicurio-registry-schema-util-wsdl-3.0.9.jar:/home/runner/.m2/repository/wsdl4j/wsdl4j/1.6.3/wsdl4j-1.6.3.jar:/home/runner/work/apicurio-testing/apicurio-testing/clusters/ci419/namespaces/kafkasql/tests/integration/apicurio-registry/schema-util/xml/target/apicurio-registry-schema-util-xml-3.0.9.jar:/home/runner/.m2/repository/org/apache/santuario/xmlsec/4.0.3/xmlsec-4.0.3.jar:/home/runner/.m2/repository/com/fasterxml/woodstox/woodstox-core/7.1.0/woodstox-core-7.1.0.jar:/home/runner/.m2/repository/org/codehaus/woodstox/stax2-api/4.2.2/stax2-api-4.2.2.jar:/home/runner/work/apicurio-testing/apicurio-testing/clusters/ci419/namespaces/kafkasql/tests/integration/apicurio-registry/schema-util/xsd/target/apicurio-registry-schema-util-xsd-3.0.9.jar:/home/runner/work/apicurio-testing/apicurio-testing/clusters/ci419/namespaces/kafkasql/tests/integration/apicurio-registry/serdes/kafka/jsonschema-serde/target/apicurio-registry-jsonschema-serde-kafka-3.0.9.jar:/home/runner/work/apicurio-testing/apicurio-testing/clusters/ci419/namespaces/kafkasql/tests/integration/apicurio-registry/serdes/kafka/serde-kafka-common/target/apicurio-registry-serde-kafka-common-3.0.9.jar:/home/runner/work/apicurio-testing/apicurio-testing/clusters/ci419/namespaces/kafkasql/tests/integration/apicurio-registry/serdes/generic/serde-common/target/apicurio-registry-serde-common-3.0.9.jar:/home/runner/work/apicurio-testing/apicurio-testing/clusters/ci419/namespaces/kafkasql/tests/integration/apicurio-registry/schema-resolver/target/apicurio-registry-schema-resolver-3.0.9.jar:/home/runner/work/apicurio-testing/apicurio-testing/clusters/ci419/namespaces/kafkasql/tests/integration/apicurio-registry/serdes/generic/serde-common-jsonschema/target/apicurio-registry-serde-common-jsonschema-3.0.9.jar:/home/runner/.m2/repository/org/json/json/20250107/json-20250107.jar:/home/runner/work/apicurio-testing/apicurio-testing/clusters/ci419/namespaces/kafkasql/tests/integration/apicurio-registry/serdes/kafka/avro-serde/target/apicurio-registry-avro-serde-kafka-3.0.9.jar:/home/runner/work/apicurio-testing/apicurio-testing/clusters/ci419/namespaces/kafkasql/tests/integration/apicurio-registry/serdes/generic/serde-common-avro/target/apicurio-registry-serde-common-avro-3.0.9.jar:/home/runner/work/apicurio-testing/apicurio-testing/clusters/ci419/namespaces/kafkasql/tests/integration/apicurio-registry/serdes/kafka/protobuf-serde/target/apicurio-registry-protobuf-serde-kafka-3.0.9.jar:/home/runner/work/apicurio-testing/apicurio-testing/clusters/ci419/namespaces/kafkasql/tests/integration/apicurio-registry/serdes/generic/serde-common-protobuf/target/apicurio-registry-serde-common-protobuf-3.0.9.jar:/home/runner/.m2/repository/com/squareup/wire/wire-schema/5.1.0/wire-schema-5.1.0.jar:/home/runner/.m2/repository/com/squareup/wire/wire-runtime/5.1.0/wire-runtime-5.1.0.jar:/home/runner/work/apicurio-testing/apicurio-testing/clusters/ci419/namespaces/kafkasql/tests/integration/apicurio-registry/serdes/pulsar/avro-serde/target/apicurio-registry-avro-serde-pulsar-3.0.9.jar:/home/runner/.m2/repository/org/apache/pulsar/pulsar-functions-api/3.3.4/pulsar-functions-api-3.3.4.jar:/home/runner/work/apicurio-testing/apicurio-testing/clusters/ci419/namespaces/kafkasql/tests/integration/apicurio-registry/serdes/nats/avro-serde/target/apicurio-registry-avro-serde-nats-3.0.9.jar:/home/runner/.m2/repository/io/nats/jnats/2.20.5/jnats-2.20.5.jar:/home/runner/.m2/repository/net/i2p/crypto/eddsa/0.3.0/eddsa-0.3.0.jar:/home/runner/work/apicurio-testing/apicurio-testing/clusters/ci419/namespaces/kafkasql/tests/integration/apicurio-registry/utils/converter/target/apicurio-registry-utils-converter-3.0.9.jar:/home/runner/.m2/repository/org/apache/kafka/connect-api/3.9.1/connect-api-3.9.1.jar:/home/runner/.m2/repository/javax/ws/rs/javax.ws.rs-api/2.1.1/javax.ws.rs-api-2.1.1.jar:/home/runner/.m2/repository/org/apache/kafka/connect-json/3.9.1/connect-json-3.9.1.jar:/home/runner/.m2/repository/com/fasterxml/jackson/datatype/jackson-datatype-jdk8/2.17.2/jackson-datatype-jdk8-2.17.2.jar:/home/runner/.m2/repository/com/fasterxml/jackson/module/jackson-module-afterburner/2.17.2/jackson-module-afterburner-2.17.2.jar:/home/runner/work/apicurio-testing/apicurio-testing/clusters/ci419/namespaces/kafkasql/tests/integration/apicurio-registry/utils/kafka/target/apicurio-registry-utils-kafka-3.0.9.jar:/home/runner/.m2/repository/org/apache/pulsar/pulsar-client/3.3.4/pulsar-client-3.3.4.jar:/home/runner/.m2/repository/org/apache/pulsar/pulsar-client-api/3.3.4/pulsar-client-api-3.3.4.jar:/home/runner/.m2/repository/org/apache/pulsar/pulsar-client-admin-api/3.3.4/pulsar-client-admin-api-3.3.4.jar:/home/runner/.m2/repository/org/apache/pulsar/bouncy-castle-bc/3.3.4/bouncy-castle-bc-3.3.4-pkg.jar:/home/runner/.m2/repository/org/bouncycastle/bcpkix-jdk18on/1.78.1/bcpkix-jdk18on-1.78.1.jar:/home/runner/.m2/repository/org/bouncycastle/bcutil-jdk18on/1.78.1/bcutil-jdk18on-1.78.1.jar:/home/runner/.m2/repository/org/bouncycastle/bcprov-jdk18on/1.78.1/bcprov-jdk18on-1.78.1.jar:/home/runner/.m2/repository/io/opentelemetry/opentelemetry-api/1.39.0/opentelemetry-api-1.39.0.jar:/home/runner/.m2/repository/io/opentelemetry/opentelemetry-context/1.39.0/opentelemetry-context-1.39.0.jar:/home/runner/.m2/repository/io/opentelemetry/opentelemetry-api-incubator/1.39.0-alpha/opentelemetry-api-incubator-1.39.0-alpha.jar:/home/runner/.m2/repository/com/fasterxml/jackson/core/jackson-annotations/2.17.2/jackson-annotations-2.17.2.jar:/home/runner/.m2/repository/javax/validation/validation-api/1.1.0.Final/validation-api-1.1.0.Final.jar:/home/runner/.m2/repository/io/confluent/kafka-avro-serializer/7.9.0/kafka-avro-serializer-7.9.0.jar:/home/runner/.m2/repository/org/apache/commons/commons-compress/1.27.0/commons-compress-1.27.0.jar:/home/runner/.m2/repository/io/confluent/kafka-schema-serializer/7.9.0/kafka-schema-serializer-7.9.0.jar:/home/runner/.m2/repository/com/fasterxml/jackson/dataformat/jackson-dataformat-csv/2.17.2/jackson-dataformat-csv-2.17.2.jar:/home/runner/.m2/repository/io/confluent/kafka-schema-registry-client/7.9.0/kafka-schema-registry-client-7.9.0.jar:/home/runner/.m2/repository/org/yaml/snakeyaml/2.2/snakeyaml-2.2.jar:/home/runner/.m2/repository/io/swagger/core/v3/swagger-annotations/2.1.10/swagger-annotations-2.1.10.jar:/home/runner/.m2/repository/com/google/guava/guava/33.2.1-jre/guava-33.2.1-jre.jar:/home/runner/.m2/repository/com/google/guava/failureaccess/1.0.1/failureaccess-1.0.1.jar:/home/runner/.m2/repository/org/checkerframework/checker-qual/3.46.0/checker-qual-3.46.0.jar:/home/runner/.m2/repository/io/confluent/logredactor/1.0.12/logredactor-1.0.12.jar:/home/runner/.m2/repository/com/google/re2j/re2j/1.6/re2j-1.6.jar:/home/runner/.m2/repository/io/confluent/logredactor-metrics/1.0.12/logredactor-metrics-1.0.12.jar:/home/runner/.m2/repository/com/eclipsesource/minimal-json/minimal-json/0.9.5/minimal-json-0.9.5.jar:/home/runner/.m2/repository/io/confluent/common-utils/7.9.0/common-utils-7.9.0.jar:/home/runner/.m2/repository/io/confluent/kafka-connect-avro-converter/7.9.0/kafka-connect-avro-converter-7.9.0.jar:/home/runner/.m2/repository/io/confluent/kafka-connect-avro-data/7.9.0/kafka-connect-avro-data-7.9.0.jar:/home/runner/.m2/repository/io/confluent/kafka-schema-converter/7.9.0/kafka-schema-converter-7.9.0.jar:/home/runner/.m2/repository/io/rest-assured/rest-assured/5.5.0/rest-assured-5.5.0.jar:/home/runner/.m2/repository/org/apache/groovy/groovy/4.0.22/groovy-4.0.22.jar:/home/runner/.m2/repository/org/apache/groovy/groovy-xml/4.0.22/groovy-xml-4.0.22.jar:/home/runner/.m2/repository/org/apache/httpcomponents/httpclient/4.5.14/httpclient-4.5.14.jar:/home/runner/.m2/repository/org/apache/httpcomponents/httpcore/4.4.16/httpcore-4.4.16.jar:/home/runner/.m2/repository/org/apache/httpcomponents/httpmime/4.5.14/httpmime-4.5.14.jar:/home/runner/.m2/repository/org/hamcrest/hamcrest/2.2/hamcrest-2.2.jar:/home/runner/.m2/repository/org/ccil/cowan/tagsoup/tagsoup/1.2.1/tagsoup-1.2.1.jar:/home/runner/.m2/repository/io/rest-assured/json-path/5.5.0/json-path-5.5.0.jar:/home/runner/.m2/repository/org/apache/groovy/groovy-json/4.0.22/groovy-json-4.0.22.jar:/home/runner/.m2/repository/io/rest-assured/rest-assured-common/5.5.0/rest-assured-common-5.5.0.jar:/home/runner/.m2/repository/io/rest-assured/xml-path/5.5.0/xml-path-5.5.0.jar:/home/runner/.m2/repository/io/zonky/test/embedded-postgres/2.1.0/embedded-postgres-2.1.0.jar:/home/runner/.m2/repository/io/zonky/test/postgres/embedded-postgres-binaries-windows-amd64/14.15.0/embedded-postgres-binaries-windows-amd64-14.15.0.jar:/home/runner/.m2/repository/io/zonky/test/postgres/embedded-postgres-binaries-darwin-amd64/14.15.0/embedded-postgres-binaries-darwin-amd64-14.15.0.jar:/home/runner/.m2/repository/io/zonky/test/postgres/embedded-postgres-binaries-linux-amd64/14.15.0/embedded-postgres-binaries-linux-amd64-14.15.0.jar:/home/runner/.m2/repository/io/zonky/test/postgres/embedded-postgres-binaries-linux-amd64-alpine/14.15.0/embedded-postgres-binaries-linux-amd64-alpine-14.15.0.jar:/home/runner/.m2/repository/org/apache/commons/commons-lang3/3.14.0/commons-lang3-3.14.0.jar:/home/runner/.m2/repository/org/tukaani/xz/1.10/xz-1.10.jar:/home/runner/.m2/repository/commons-codec/commons-codec/1.18.0/commons-codec-1.18.0.jar:/home/runner/.m2/repository/org/postgresql/postgresql/42.7.4/postgresql-42.7.4.jar:/home/runner/.m2/repository/commons-io/commons-io/2.16.1/commons-io-2.16.1.jar:/home/runner/work/apicurio-testing/apicurio-testing/clusters/ci419/namespaces/kafkasql/tests/integration/apicurio-registry/utils/importexport/target/apicurio-registry-utils-import-export-3.0.9.jar:/home/runner/.m2/repository/io/vertx/vertx-core/4.5.13/vertx-core-4.5.13.jar:/home/runner/.m2/repository/io/netty/netty-common/4.1.118.Final/netty-common-4.1.118.Final.jar:/home/runner/.m2/repository/io/netty/netty-buffer/4.1.118.Final/netty-buffer-4.1.118.Final.jar:/home/runner/.m2/repository/io/netty/netty-transport/4.1.118.Final/netty-transport-4.1.118.Final.jar:/home/runner/.m2/repository/io/netty/netty-handler/4.1.118.Final/netty-handler-4.1.118.Final.jar:/home/runner/.m2/repository/io/netty/netty-transport-native-unix-common/4.1.118.Final/netty-transport-native-unix-common-4.1.118.Final.jar:/home/runner/.m2/repository/io/netty/netty-codec/4.1.118.Final/netty-codec-4.1.118.Final.jar:/home/runner/.m2/repository/io/netty/netty-handler-proxy/4.1.118.Final/netty-handler-proxy-4.1.118.Final.jar:/home/runner/.m2/repository/io/netty/netty-codec-socks/4.1.118.Final/netty-codec-socks-4.1.118.Final.jar:/home/runner/.m2/repository/io/netty/netty-codec-http/4.1.118.Final/netty-codec-http-4.1.118.Final.jar:/home/runner/.m2/repository/io/netty/netty-codec-http2/4.1.118.Final/netty-codec-http2-4.1.118.Final.jar:/home/runner/.m2/repository/io/netty/netty-resolver/4.1.118.Final/netty-resolver-4.1.118.Final.jar:/home/runner/.m2/repository/io/netty/netty-resolver-dns/4.1.118.Final/netty-resolver-dns-4.1.118.Final.jar:/home/runner/.m2/repository/io/netty/netty-codec-dns/4.1.118.Final/netty-codec-dns-4.1.118.Final.jar:/home/runner/.m2/repository/com/fasterxml/jackson/core/jackson-core/2.17.2/jackson-core-2.17.2.jar:"/>
    <property name="java.vm.vendor" value="Eclipse Adoptium"/>
    <property name="maven.javadoc.skip" value="true"/>
    <property name="sun.arch.data.model" value="64"/>
    <property name="java.vendor.url" value="https://adoptium.net/"/>
    <property name="user.timezone" value="Etc/UTC"/>
    <property name="os.name" value="Linux"/>
    <property name="java.vm.specification.version" value="17"/>
    <property name="sun.java.launcher" value="SUN_STANDARD"/>
    <property name="quarkus.http.test-port" value="80"/>
    <property name="sun.boot.library.path" value="/usr/lib/jvm/temurin-17-jdk-amd64/lib"/>
    <property name="sun.java.command" value="/home/runner/work/apicurio-testing/apicurio-testing/clusters/ci419/namespaces/kafkasql/tests/integration/apicurio-registry/integration-tests/target/surefire/surefirebooter-20250731022515739_3.jar /home/runner/work/apicurio-testing/apicurio-testing/clusters/ci419/namespaces/kafkasql/tests/integration/apicurio-registry/integration-tests/target/surefire 2025-07-31T02-25-15_684-jvmRun1 surefire-20250731022515739_1tmp surefire_0-20250731022515739_2tmp"/>
    <property name="maven.home" value="/home/runner/.m2/wrapper/dists/apache-maven-3.9.8-bin/4fnp1ql35bgk2a0p7m31ovbgb0/apache-maven-3.9.8"/>
    <property name="jdk.debug" value="release"/>
    <property name="surefire.test.class.path" value="/home/runner/work/apicurio-testing/apicurio-testing/clusters/ci419/namespaces/kafkasql/tests/integration/apicurio-registry/integration-tests/target/test-classes:/home/runner/work/apicurio-testing/apicurio-testing/clusters/ci419/namespaces/kafkasql/tests/integration/apicurio-registry/integration-tests/target/apicurio-registry-integration-tests-3.0.9.jar:/home/runner/.m2/repository/io/quarkus/quarkus-junit5/3.15.4/quarkus-junit5-3.15.4.jar:/home/runner/.m2/repository/io/quarkus/quarkus-bootstrap-core/3.15.4/quarkus-bootstrap-core-3.15.4.jar:/home/runner/.m2/repository/io/quarkus/quarkus-classloader-commons/3.15.4/quarkus-classloader-commons-3.15.4.jar:/home/runner/.m2/repository/io/quarkus/quarkus-bootstrap-app-model/3.15.4/quarkus-bootstrap-app-model-3.15.4.jar:/home/runner/.m2/repository/io/smallrye/common/smallrye-common-io/2.6.1/smallrye-common-io-2.6.1.jar:/home/runner/.m2/repository/org/eclipse/sisu/org.eclipse.sisu.inject/0.9.0.M3/org.eclipse.sisu.inject-0.9.0.M3.jar:/home/runner/.m2/repository/io/quarkus/quarkus-test-common/3.15.4/quarkus-test-common-3.15.4.jar:/home/runner/.m2/repository/io/quarkus/quarkus-core-deployment/3.15.4/quarkus-core-deployment-3.15.4.jar:/home/runner/.m2/repository/org/aesh/readline/2.6/readline-2.6.jar:/home/runner/.m2/repository/org/fusesource/jansi/jansi/2.4.0/jansi-2.4.0.jar:/home/runner/.m2/repository/org/aesh/aesh/2.8.2/aesh-2.8.2.jar:/home/runner/.m2/repository/io/quarkus/gizmo/gizmo/1.8.0/gizmo-1.8.0.jar:/home/runner/.m2/repository/org/ow2/asm/asm-util/9.7/asm-util-9.7.jar:/home/runner/.m2/repository/org/ow2/asm/asm-analysis/9.7/asm-analysis-9.7.jar:/home/runner/.m2/repository/org/ow2/asm/asm-commons/9.7/asm-commons-9.7.jar:/home/runner/.m2/repository/org/ow2/asm/asm-tree/9.7/asm-tree-9.7.jar:/home/runner/.m2/repository/io/quarkus/quarkus-hibernate-validator-spi/3.15.4/quarkus-hibernate-validator-spi-3.15.4.jar:/home/runner/.m2/repository/io/quarkus/quarkus-class-change-agent/3.15.4/quarkus-class-change-agent-3.15.4.jar:/home/runner/.m2/repository/io/quarkus/quarkus-devtools-utilities/3.15.4/quarkus-devtools-utilities-3.15.4.jar:/home/runner/.m2/repository/io/quarkus/quarkus-builder/3.15.4/quarkus-builder-3.15.4.jar:/home/runner/.m2/repository/org/graalvm/sdk/nativeimage/23.1.2/nativeimage-23.1.2.jar:/home/runner/.m2/repository/org/graalvm/sdk/word/23.1.2/word-23.1.2.jar:/home/runner/.m2/repository/io/quarkus/quarkus-bootstrap-maven-resolver/3.15.4/quarkus-bootstrap-maven-resolver-3.15.4.jar:/home/runner/.m2/repository/io/smallrye/beanbag/smallrye-beanbag-maven/1.5.2/smallrye-beanbag-maven-1.5.2.jar:/home/runner/.m2/repository/io/smallrye/beanbag/smallrye-beanbag-sisu/1.5.2/smallrye-beanbag-sisu-1.5.2.jar:/home/runner/.m2/repository/io/smallrye/beanbag/smallrye-beanbag/1.5.2/smallrye-beanbag-1.5.2.jar:/home/runner/.m2/repository/javax/inject/javax.inject/1/javax.inject-1.jar:/home/runner/.m2/repository/org/apache/maven/maven-artifact/3.9.8/maven-artifact-3.9.8.jar:/home/runner/.m2/repository/org/apache/maven/maven-builder-support/3.9.8/maven-builder-support-3.9.8.jar:/home/runner/.m2/repository/org/apache/maven/maven-model/3.9.8/maven-model-3.9.8.jar:/home/runner/.m2/repository/org/apache/maven/maven-model-builder/3.9.8/maven-model-builder-3.9.8.jar:/home/runner/.m2/repository/org/apache/maven/maven-repository-metadata/3.9.8/maven-repository-metadata-3.9.8.jar:/home/runner/.m2/repository/org/apache/maven/maven-settings/3.9.8/maven-settings-3.9.8.jar:/home/runner/.m2/repository/org/apache/maven/resolver/maven-resolver-api/1.9.22/maven-resolver-api-1.9.22.jar:/home/runner/.m2/repository/org/apache/maven/resolver/maven-resolver-impl/1.9.22/maven-resolver-impl-1.9.22.jar:/home/runner/.m2/repository/org/apache/maven/resolver/maven-resolver-named-locks/1.9.22/maven-resolver-named-locks-1.9.22.jar:/home/runner/.m2/repository/org/apache/maven/resolver/maven-resolver-spi/1.9.22/maven-resolver-spi-1.9.22.jar:/home/runner/.m2/repository/org/apache/maven/resolver/maven-resolver-util/1.9.22/maven-resolver-util-1.9.22.jar:/home/runner/.m2/repository/org/apache/maven/resolver/maven-resolver-transport-http/1.9.20/maven-resolver-transport-http-1.9.20.jar:/home/runner/.m2/repository/org/apache/maven/wagon/wagon-provider-api/3.5.3/wagon-provider-api-3.5.3.jar:/home/runner/.m2/repository/org/apache/maven/wagon/wagon-http-shared/3.5.3/wagon-http-shared-3.5.3.jar:/home/runner/.m2/repository/org/codehaus/plexus/plexus-interpolation/1.26/plexus-interpolation-1.26.jar:/home/runner/.m2/repository/org/codehaus/plexus/plexus-utils/3.5.1/plexus-utils-3.5.1.jar:/home/runner/.m2/repository/org/codehaus/plexus/plexus-xml/4.0.1/plexus-xml-4.0.1.jar:/home/runner/.m2/repository/org/apache/maven/maven-xml-impl/4.0.0-alpha-5/maven-xml-impl-4.0.0-alpha-5.jar:/home/runner/.m2/repository/org/apache/maven/maven-api-xml/4.0.0-alpha-5/maven-api-xml-4.0.0-alpha-5.jar:/home/runner/.m2/repository/org/apache/maven/maven-api-meta/4.0.0-alpha-5/maven-api-meta-4.0.0-alpha-5.jar:/home/runner/.m2/repository/org/codehaus/plexus/plexus-cipher/2.0/plexus-cipher-2.0.jar:/home/runner/.m2/repository/org/codehaus/plexus/plexus-sec-dispatcher/2.0/plexus-sec-dispatcher-2.0.jar:/home/runner/.m2/repository/org/apache/maven/maven-embedder/3.9.8/maven-embedder-3.9.8.jar:/home/runner/.m2/repository/org/apache/maven/maven-core/3.9.8/maven-core-3.9.8.jar:/home/runner/.m2/repository/org/codehaus/plexus/plexus-component-annotations/2.1.0/plexus-component-annotations-2.1.0.jar:/home/runner/.m2/repository/org/apache/maven/maven-plugin-api/3.9.8/maven-plugin-api-3.9.8.jar:/home/runner/.m2/repository/org/apache/maven/shared/maven-shared-utils/3.4.2/maven-shared-utils-3.4.2.jar:/home/runner/.m2/repository/com/google/inject/guice/5.1.0/guice-5.1.0.jar:/home/runner/.m2/repository/aopalliance/aopalliance/1.0/aopalliance-1.0.jar:/home/runner/.m2/repository/javax/annotation/javax.annotation-api/1.3.2/javax.annotation-api-1.3.2.jar:/home/runner/.m2/repository/org/codehaus/plexus/plexus-classworlds/2.6.0/plexus-classworlds-2.6.0.jar:/home/runner/.m2/repository/commons-cli/commons-cli/1.8.0/commons-cli-1.8.0.jar:/home/runner/.m2/repository/org/eclipse/sisu/org.eclipse.sisu.plexus/0.9.0.M3/org.eclipse.sisu.plexus-0.9.0.M3.jar:/home/runner/.m2/repository/org/apache/maven/maven-settings-builder/3.9.8/maven-settings-builder-3.9.8.jar:/home/runner/.m2/repository/org/apache/maven/maven-resolver-provider/3.9.8/maven-resolver-provider-3.9.8.jar:/home/runner/.m2/repository/org/apache/maven/resolver/maven-resolver-connector-basic/1.9.22/maven-resolver-connector-basic-1.9.22.jar:/home/runner/.m2/repository/org/apache/maven/resolver/maven-resolver-transport-wagon/1.9.22/maven-resolver-transport-wagon-1.9.22.jar:/home/runner/.m2/repository/org/apache/maven/wagon/wagon-http/3.5.3/wagon-http-3.5.3.jar:/home/runner/.m2/repository/org/apache/maven/wagon/wagon-file/3.5.3/wagon-file-3.5.3.jar:/home/runner/.m2/repository/io/quarkus/quarkus-bootstrap-gradle-resolver/3.15.4/quarkus-bootstrap-gradle-resolver-3.15.4.jar:/home/runner/.m2/repository/io/smallrye/jandex/3.2.3/jandex-3.2.3.jar:/home/runner/.m2/repository/org/jboss/logging/commons-logging-jboss-logging/1.0.0.Final/commons-logging-jboss-logging-1.0.0.Final.jar:/home/runner/.m2/repository/io/quarkus/quarkus-junit5-properties/3.15.4/quarkus-junit5-properties-3.15.4.jar:/home/runner/.m2/repository/org/junit/jupiter/junit-jupiter/5.10.3/junit-jupiter-5.10.3.jar:/home/runner/.m2/repository/org/junit/jupiter/junit-jupiter-api/5.10.3/junit-jupiter-api-5.10.3.jar:/home/runner/.m2/repository/org/junit/jupiter/junit-jupiter-params/5.10.3/junit-jupiter-params-5.10.3.jar:/home/runner/.m2/repository/org/junit/jupiter/junit-jupiter-engine/5.10.3/junit-jupiter-engine-5.10.3.jar:/home/runner/.m2/repository/io/quarkus/quarkus-core/3.15.4/quarkus-core-3.15.4.jar:/home/runner/.m2/repository/jakarta/enterprise/jakarta.enterprise.cdi-api/4.1.0/jakarta.enterprise.cdi-api-4.1.0.jar:/home/runner/.m2/repository/jakarta/enterprise/jakarta.enterprise.lang-model/4.1.0/jakarta.enterprise.lang-model-4.1.0.jar:/home/runner/.m2/repository/jakarta/el/jakarta.el-api/5.0.1/jakarta.el-api-5.0.1.jar:/home/runner/.m2/repository/jakarta/interceptor/jakarta.interceptor-api/2.2.0/jakarta.interceptor-api-2.2.0.jar:/home/runner/.m2/repository/jakarta/inject/jakarta.inject-api/2.0.1/jakarta.inject-api-2.0.1.jar:/home/runner/.m2/repository/io/smallrye/common/smallrye-common-os/2.6.1/smallrye-common-os-2.6.1.jar:/home/runner/.m2/repository/io/quarkus/quarkus-ide-launcher/3.15.4/quarkus-ide-launcher-3.15.4.jar:/home/runner/.m2/repository/io/quarkus/quarkus-development-mode-spi/3.15.4/quarkus-development-mode-spi-3.15.4.jar:/home/runner/.m2/repository/io/smallrye/config/smallrye-config/3.9.1/smallrye-config-3.9.1.jar:/home/runner/.m2/repository/io/smallrye/config/smallrye-config-core/3.9.1/smallrye-config-core-3.9.1.jar:/home/runner/.m2/repository/io/smallrye/common/smallrye-common-annotation/2.6.1/smallrye-common-annotation-2.6.1.jar:/home/runner/.m2/repository/io/smallrye/common/smallrye-common-classloader/2.6.1/smallrye-common-classloader-2.6.1.jar:/home/runner/.m2/repository/io/smallrye/config/smallrye-config-common/3.9.1/smallrye-config-common-3.9.1.jar:/home/runner/.m2/repository/org/jboss/logging/jboss-logging/3.6.0.Final/jboss-logging-3.6.0.Final.jar:/home/runner/.m2/repository/org/jboss/logmanager/jboss-logmanager/3.1.1.Final/jboss-logmanager-3.1.1.Final.jar:/home/runner/.m2/repository/io/smallrye/common/smallrye-common-constraint/2.6.1/smallrye-common-constraint-2.6.1.jar:/home/runner/.m2/repository/io/smallrye/common/smallrye-common-cpu/2.6.1/smallrye-common-cpu-2.6.1.jar:/home/runner/.m2/repository/io/smallrye/common/smallrye-common-expression/2.6.1/smallrye-common-expression-2.6.1.jar:/home/runner/.m2/repository/io/smallrye/common/smallrye-common-function/2.6.1/smallrye-common-function-2.6.1.jar:/home/runner/.m2/repository/io/smallrye/common/smallrye-common-net/2.6.1/smallrye-common-net-2.6.1.jar:/home/runner/.m2/repository/io/smallrye/common/smallrye-common-ref/2.6.1/smallrye-common-ref-2.6.1.jar:/home/runner/.m2/repository/jakarta/json/jakarta.json-api/2.1.3/jakarta.json-api-2.1.3.jar:/home/runner/.m2/repository/org/eclipse/parsson/parsson/1.1.7/parsson-1.1.7.jar:/home/runner/.m2/repository/org/jboss/logging/jboss-logging-annotations/3.0.1.Final/jboss-logging-annotations-3.0.1.Final.jar:/home/runner/.m2/repository/org/jboss/threads/jboss-threads/3.6.1.Final/jboss-threads-3.6.1.Final.jar:/home/runner/.m2/repository/org/jboss/slf4j/slf4j-jboss-logmanager/2.0.0.Final/slf4j-jboss-logmanager-2.0.0.Final.jar:/home/runner/.m2/repository/org/wildfly/common/wildfly-common/1.7.0.Final/wildfly-common-1.7.0.Final.jar:/home/runner/.m2/repository/io/quarkus/quarkus-bootstrap-runner/3.15.4/quarkus-bootstrap-runner-3.15.4.jar:/home/runner/.m2/repository/io/github/crac/org-crac/0.1.3/org-crac-0.1.3.jar:/home/runner/.m2/repository/io/quarkus/quarkus-fs-util/0.0.10/quarkus-fs-util-0.0.10.jar:/home/runner/.m2/repository/org/jboss/marshalling/jboss-marshalling/2.2.1.Final/jboss-marshalling-2.2.1.Final.jar:/home/runner/.m2/repository/io/fabric8/kubernetes-client/6.13.5/kubernetes-client-6.13.5.jar:/home/runner/.m2/repository/io/fabric8/kubernetes-client-api/6.13.5/kubernetes-client-api-6.13.5.jar:/home/runner/.m2/repository/io/fabric8/kubernetes-model-core/6.13.5/kubernetes-model-core-6.13.5.jar:/home/runner/.m2/repository/io/fabric8/kubernetes-model-common/6.13.5/kubernetes-model-common-6.13.5.jar:/home/runner/.m2/repository/io/fabric8/kubernetes-model-gatewayapi/6.13.5/kubernetes-model-gatewayapi-6.13.5.jar:/home/runner/.m2/repository/io/fabric8/kubernetes-model-resource/6.13.5/kubernetes-model-resource-6.13.5.jar:/home/runner/.m2/repository/io/fabric8/kubernetes-model-rbac/6.13.5/kubernetes-model-rbac-6.13.5.jar:/home/runner/.m2/repository/io/fabric8/kubernetes-model-admissionregistration/6.13.5/kubernetes-model-admissionregistration-6.13.5.jar:/home/runner/.m2/repository/io/fabric8/kubernetes-model-apps/6.13.5/kubernetes-model-apps-6.13.5.jar:/home/runner/.m2/repository/io/fabric8/kubernetes-model-autoscaling/6.13.5/kubernetes-model-autoscaling-6.13.5.jar:/home/runner/.m2/repository/io/fabric8/kubernetes-model-apiextensions/6.13.5/kubernetes-model-apiextensions-6.13.5.jar:/home/runner/.m2/repository/io/fabric8/kubernetes-model-batch/6.13.5/kubernetes-model-batch-6.13.5.jar:/home/runner/.m2/repository/io/fabric8/kubernetes-model-certificates/6.13.5/kubernetes-model-certificates-6.13.5.jar:/home/runner/.m2/repository/io/fabric8/kubernetes-model-coordination/6.13.5/kubernetes-model-coordination-6.13.5.jar:/home/runner/.m2/repository/io/fabric8/kubernetes-model-discovery/6.13.5/kubernetes-model-discovery-6.13.5.jar:/home/runner/.m2/repository/io/fabric8/kubernetes-model-events/6.13.5/kubernetes-model-events-6.13.5.jar:/home/runner/.m2/repository/io/fabric8/kubernetes-model-extensions/6.13.5/kubernetes-model-extensions-6.13.5.jar:/home/runner/.m2/repository/io/fabric8/kubernetes-model-flowcontrol/6.13.5/kubernetes-model-flowcontrol-6.13.5.jar:/home/runner/.m2/repository/io/fabric8/kubernetes-model-networking/6.13.5/kubernetes-model-networking-6.13.5.jar:/home/runner/.m2/repository/io/fabric8/kubernetes-model-metrics/6.13.5/kubernetes-model-metrics-6.13.5.jar:/home/runner/.m2/repository/io/fabric8/kubernetes-model-policy/6.13.5/kubernetes-model-policy-6.13.5.jar:/home/runner/.m2/repository/io/fabric8/kubernetes-model-scheduling/6.13.5/kubernetes-model-scheduling-6.13.5.jar:/home/runner/.m2/repository/io/fabric8/kubernetes-model-storageclass/6.13.5/kubernetes-model-storageclass-6.13.5.jar:/home/runner/.m2/repository/io/fabric8/kubernetes-model-node/6.13.5/kubernetes-model-node-6.13.5.jar:/home/runner/.m2/repository/org/snakeyaml/snakeyaml-engine/2.7/snakeyaml-engine-2.7.jar:/home/runner/.m2/repository/com/fasterxml/jackson/dataformat/jackson-dataformat-yaml/2.15.2/jackson-dataformat-yaml-2.15.2.jar:/home/runner/.m2/repository/com/fasterxml/jackson/datatype/jackson-datatype-jsr310/2.17.2/jackson-datatype-jsr310-2.17.2.jar:/home/runner/.m2/repository/io/fabric8/zjsonpatch/0.3.0/zjsonpatch-0.3.0.jar:/home/runner/.m2/repository/io/fabric8/kubernetes-httpclient-vertx/6.13.5/kubernetes-httpclient-vertx-6.13.5.jar:/home/runner/.m2/repository/io/vertx/vertx-web-client/4.5.13/vertx-web-client-4.5.13.jar:/home/runner/.m2/repository/io/vertx/vertx-web-common/4.5.13/vertx-web-common-4.5.13.jar:/home/runner/.m2/repository/io/vertx/vertx-auth-common/4.5.13/vertx-auth-common-4.5.13.jar:/home/runner/.m2/repository/io/vertx/vertx-uri-template/4.5.13/vertx-uri-template-4.5.13.jar:/home/runner/.m2/repository/io/fabric8/openshift-client/6.13.5/openshift-client-6.13.5.jar:/home/runner/.m2/repository/io/fabric8/openshift-client-api/6.13.5/openshift-client-api-6.13.5.jar:/home/runner/.m2/repository/io/fabric8/openshift-model/6.13.5/openshift-model-6.13.5.jar:/home/runner/.m2/repository/io/fabric8/openshift-model-clusterautoscaling/6.13.5/openshift-model-clusterautoscaling-6.13.5.jar:/home/runner/.m2/repository/io/fabric8/openshift-model-operator/6.13.5/openshift-model-operator-6.13.5.jar:/home/runner/.m2/repository/io/fabric8/openshift-model-operatorhub/6.13.5/openshift-model-operatorhub-6.13.5.jar:/home/runner/.m2/repository/io/fabric8/openshift-model-machine/6.13.5/openshift-model-machine-6.13.5.jar:/home/runner/.m2/repository/io/fabric8/openshift-model-whereabouts/6.13.5/openshift-model-whereabouts-6.13.5.jar:/home/runner/.m2/repository/io/fabric8/openshift-model-monitoring/6.13.5/openshift-model-monitoring-6.13.5.jar:/home/runner/.m2/repository/io/fabric8/openshift-model-storageversionmigrator/6.13.5/openshift-model-storageversionmigrator-6.13.5.jar:/home/runner/.m2/repository/io/fabric8/openshift-model-tuned/6.13.5/openshift-model-tuned-6.13.5.jar:/home/runner/.m2/repository/io/fabric8/openshift-model-console/6.13.5/openshift-model-console-6.13.5.jar:/home/runner/.m2/repository/io/fabric8/openshift-model-config/6.13.5/openshift-model-config-6.13.5.jar:/home/runner/.m2/repository/io/fabric8/openshift-model-machineconfig/6.13.5/openshift-model-machineconfig-6.13.5.jar:/home/runner/.m2/repository/io/fabric8/openshift-model-miscellaneous/6.13.5/openshift-model-miscellaneous-6.13.5.jar:/home/runner/.m2/repository/io/fabric8/openshift-model-hive/6.13.5/openshift-model-hive-6.13.5.jar:/home/runner/.m2/repository/io/fabric8/openshift-model-installer/6.13.5/openshift-model-installer-6.13.5.jar:/home/runner/.m2/repository/com/github/mifmif/generex/1.0.2/generex-1.0.2.jar:/home/runner/.m2/repository/dk/brics/automaton/automaton/1.11-8/automaton-1.11-8.jar:/home/runner/.m2/repository/org/junit/platform/junit-platform-launcher/1.10.3/junit-platform-launcher-1.10.3.jar:/home/runner/.m2/repository/org/junit/platform/junit-platform-engine/1.10.3/junit-platform-engine-1.10.3.jar:/home/runner/.m2/repository/org/opentest4j/opentest4j/1.3.0/opentest4j-1.3.0.jar:/home/runner/.m2/repository/org/junit/platform/junit-platform-commons/1.10.3/junit-platform-commons-1.10.3.jar:/home/runner/.m2/repository/org/apiguardian/apiguardian-api/1.1.2/apiguardian-api-1.1.2.jar:/home/runner/.m2/repository/jakarta/ws/rs/jakarta.ws.rs-api/3.1.0/jakarta.ws.rs-api-3.1.0.jar:/home/runner/work/apicurio-testing/apicurio-testing/clusters/ci419/namespaces/kafkasql/tests/integration/apicurio-registry/java-sdk/target/apicurio-registry-java-sdk-3.0.9.jar:/home/runner/.m2/repository/com/microsoft/kiota/microsoft-kiota-abstractions/1.8.4/microsoft-kiota-abstractions-1.8.4.jar:/home/runner/.m2/repository/io/github/std-uritemplate/std-uritemplate/2.0.0/std-uritemplate-2.0.0.jar:/home/runner/.m2/repository/io/kiota/kiota-http-jdk/0.0.21/kiota-http-jdk-0.0.21.jar:/home/runner/.m2/repository/io/kiota/kiota-http-vertx/0.0.21/kiota-http-vertx-0.0.21.jar:/home/runner/.m2/repository/io/kiota/kiota-serialization-jackson/0.0.21/kiota-serialization-jackson-0.0.21.jar:/home/runner/.m2/repository/com/microsoft/kiota/microsoft-kiota-serialization-text/1.8.4/microsoft-kiota-serialization-text-1.8.4.jar:/home/runner/.m2/repository/com/microsoft/kiota/microsoft-kiota-serialization-form/1.8.4/microsoft-kiota-serialization-form-1.8.4.jar:/home/runner/.m2/repository/com/microsoft/kiota/microsoft-kiota-serialization-multipart/1.8.4/microsoft-kiota-serialization-multipart-1.8.4.jar:/home/runner/.m2/repository/jakarta/annotation/jakarta.annotation-api/3.0.0/jakarta.annotation-api-3.0.0.jar:/home/runner/.m2/repository/io/vertx/vertx-auth-oauth2/4.5.13/vertx-auth-oauth2-4.5.13.jar:/home/runner/work/apicurio-testing/apicurio-testing/clusters/ci419/namespaces/kafkasql/tests/integration/apicurio-registry/java-sdk-v2/target/apicurio-registry-v2-java-sdk-3.0.9.jar:/home/runner/work/apicurio-testing/apicurio-testing/clusters/ci419/namespaces/kafkasql/tests/integration/apicurio-registry/utils/kafka/target/apicurio-registry-utils-kafka-3.0.9-tests.jar:/home/runner/.m2/repository/org/eclipse/microprofile/config/microprofile-config-api/3.1/microprofile-config-api-3.1.jar:/home/runner/.m2/repository/org/apache/kafka/kafka-clients/3.9.0/kafka-clients-3.9.0.jar:/home/runner/.m2/repository/com/github/luben/zstd-jni/1.5.6-4/zstd-jni-1.5.6-4.jar:/home/runner/.m2/repository/org/lz4/lz4-java/1.8.0/lz4-java-1.8.0.jar:/home/runner/.m2/repository/org/xerial/snappy/snappy-java/1.1.10.5/snappy-java-1.1.10.5.jar:/home/runner/.m2/repository/org/slf4j/slf4j-api/2.0.6/slf4j-api-2.0.6.jar:/home/runner/work/apicurio-testing/apicurio-testing/clusters/ci419/namespaces/kafkasql/tests/integration/apicurio-registry/utils/tests/target/apicurio-registry-utils-tests-3.0.9.jar:/home/runner/work/apicurio-testing/apicurio-testing/clusters/ci419/namespaces/kafkasql/tests/integration/apicurio-registry/common/target/apicurio-registry-common-3.0.9.jar:/home/runner/.m2/repository/jakarta/validation/jakarta.validation-api/3.0.2/jakarta.validation-api-3.0.2.jar:/home/runner/.m2/repository/com/github/dasniko/testcontainers-keycloak/3.6.0/testcontainers-keycloak-3.6.0.jar:/home/runner/.m2/repository/org/testcontainers/testcontainers/1.20.1/testcontainers-1.20.1.jar:/home/runner/.m2/repository/org/rnorth/duct-tape/duct-tape/1.0.8/duct-tape-1.0.8.jar:/home/runner/.m2/repository/org/jetbrains/annotations/24.1.0/annotations-24.1.0.jar:/home/runner/.m2/repository/com/github/docker-java/docker-java-transport-zerodep/3.4.0/docker-java-transport-zerodep-3.4.0.jar:/home/runner/.m2/repository/com/github/docker-java/docker-java-transport/3.4.0/docker-java-transport-3.4.0.jar:/home/runner/.m2/repository/net/java/dev/jna/jna/5.8.0/jna-5.8.0.jar:/home/runner/.m2/repository/io/quarkus/quarkus-junit4-mock/3.15.4/quarkus-junit4-mock-3.15.4.jar:/home/runner/.m2/repository/org/jboss/shrinkwrap/shrinkwrap-api/2.0.0-beta-2/shrinkwrap-api-2.0.0-beta-2.jar:/home/runner/.m2/repository/org/jboss/shrinkwrap/shrinkwrap-impl-base/2.0.0-beta-2/shrinkwrap-impl-base-2.0.0-beta-2.jar:/home/runner/.m2/repository/org/jboss/shrinkwrap/shrinkwrap-spi/2.0.0-beta-2/shrinkwrap-spi-2.0.0-beta-2.jar:/home/runner/.m2/repository/org/keycloak/keycloak-admin-client/25.0.6/keycloak-admin-client-25.0.6.jar:/home/runner/.m2/repository/org/keycloak/keycloak-core/25.0.6/keycloak-core-25.0.6.jar:/home/runner/.m2/repository/org/keycloak/keycloak-common/25.0.6/keycloak-common-25.0.6.jar:/home/runner/.m2/repository/org/jboss/resteasy/resteasy-client/6.2.9.Final/resteasy-client-6.2.9.Final.jar:/home/runner/.m2/repository/org/jboss/resteasy/resteasy-client-api/6.2.9.Final/resteasy-client-api-6.2.9.Final.jar:/home/runner/.m2/repository/org/jboss/resteasy/resteasy-core-spi/6.2.9.Final/resteasy-core-spi-6.2.9.Final.jar:/home/runner/.m2/repository/org/jboss/resteasy/resteasy-core/6.2.9.Final/resteasy-core-6.2.9.Final.jar:/home/runner/.m2/repository/org/eclipse/angus/angus-activation/2.0.2/angus-activation-2.0.2.jar:/home/runner/.m2/repository/com/ibm/async/asyncutil/0.1.0/asyncutil-0.1.0.jar:/home/runner/.m2/repository/org/reactivestreams/reactive-streams/1.0.4/reactive-streams-1.0.4.jar:/home/runner/.m2/repository/org/jboss/resteasy/resteasy-multipart-provider/6.2.9.Final/resteasy-multipart-provider-6.2.9.Final.jar:/home/runner/.m2/repository/jakarta/mail/jakarta.mail-api/2.1.2/jakarta.mail-api-2.1.2.jar:/home/runner/.m2/repository/org/eclipse/angus/angus-mail/2.0.3/angus-mail-2.0.3.jar:/home/runner/.m2/repository/org/apache/james/apache-mime4j-dom/0.8.11/apache-mime4j-dom-0.8.11.jar:/home/runner/.m2/repository/org/apache/james/apache-mime4j-core/0.8.11/apache-mime4j-core-0.8.11.jar:/home/runner/.m2/repository/org/apache/james/apache-mime4j-storage/0.8.11/apache-mime4j-storage-0.8.11.jar:/home/runner/.m2/repository/org/jboss/resteasy/resteasy-jackson2-provider/6.2.9.Final/resteasy-jackson2-provider-6.2.9.Final.jar:/home/runner/.m2/repository/com/fasterxml/jackson/jakarta/rs/jackson-jakarta-rs-base/2.17.2/jackson-jakarta-rs-base-2.17.2.jar:/home/runner/.m2/repository/com/fasterxml/jackson/jakarta/rs/jackson-jakarta-rs-json-provider/2.17.2/jackson-jakarta-rs-json-provider-2.17.2.jar:/home/runner/.m2/repository/com/fasterxml/jackson/module/jackson-module-jakarta-xmlbind-annotations/2.17.2/jackson-module-jakarta-xmlbind-annotations-2.17.2.jar:/home/runner/.m2/repository/com/github/java-json-tools/json-patch/1.13/json-patch-1.13.jar:/home/runner/.m2/repository/com/github/java-json-tools/msg-simple/1.2/msg-simple-1.2.jar:/home/runner/.m2/repository/com/github/java-json-tools/btf/1.3/btf-1.3.jar:/home/runner/.m2/repository/com/github/java-json-tools/jackson-coreutils/2.0/jackson-coreutils-2.0.jar:/home/runner/.m2/repository/org/jboss/resteasy/resteasy-jaxb-provider/6.2.9.Final/resteasy-jaxb-provider-6.2.9.Final.jar:/home/runner/.m2/repository/org/glassfish/jaxb/codemodel/4.0.3/codemodel-4.0.3.jar:/home/runner/.m2/repository/org/glassfish/jaxb/jaxb-core/4.0.5/jaxb-core-4.0.5.jar:/home/runner/.m2/repository/org/glassfish/jaxb/jaxb-jxc/4.0.3/jaxb-jxc-4.0.3.jar:/home/runner/.m2/repository/org/glassfish/jaxb/jaxb-runtime/4.0.5/jaxb-runtime-4.0.5.jar:/home/runner/.m2/repository/org/glassfish/jaxb/txw2/4.0.5/txw2-4.0.5.jar:/home/runner/.m2/repository/org/glassfish/jaxb/jaxb-xjc/4.0.3/jaxb-xjc-4.0.3.jar:/home/runner/.m2/repository/org/glassfish/jaxb/xsom/4.0.3/xsom-4.0.3.jar:/home/runner/.m2/repository/com/sun/istack/istack-commons-runtime/4.1.2/istack-commons-runtime-4.1.2.jar:/home/runner/.m2/repository/com/sun/istack/istack-commons-tools/4.1.2/istack-commons-tools-4.1.2.jar:/home/runner/.m2/repository/com/sun/xml/bind/external/relaxng-datatype/4.0.3/relaxng-datatype-4.0.3.jar:/home/runner/.m2/repository/com/sun/xml/bind/external/rngom/4.0.3/rngom-4.0.3.jar:/home/runner/.m2/repository/org/testcontainers/mssqlserver/1.20.1/mssqlserver-1.20.1.jar:/home/runner/.m2/repository/org/testcontainers/jdbc/1.20.1/jdbc-1.20.1.jar:/home/runner/.m2/repository/org/testcontainers/database-commons/1.20.1/database-commons-1.20.1.jar:/home/runner/.m2/repository/org/testcontainers/mysql/1.20.1/mysql-1.20.1.jar:/home/runner/.m2/repository/io/strimzi/strimzi-test-container/0.107.0/strimzi-test-container-0.107.0.jar:/home/runner/.m2/repository/org/testcontainers/toxiproxy/1.20.1/toxiproxy-1.20.1.jar:/home/runner/.m2/repository/com/github/docker-java/docker-java-api/3.4.0/docker-java-api-3.4.0.jar:/home/runner/.m2/repository/eu/rekawek/toxiproxy/toxiproxy-java/2.1.7/toxiproxy-java-2.1.7.jar:/home/runner/.m2/repository/junit/junit/4.13.2/junit-4.13.2.jar:/home/runner/.m2/repository/org/hamcrest/hamcrest-core/1.3/hamcrest-core-1.3.jar:/home/runner/.m2/repository/org/testcontainers/pulsar/1.20.4/pulsar-1.20.4.jar:/home/runner/.m2/repository/io/debezium/debezium-testing-testcontainers/2.6.2.Final/debezium-testing-testcontainers-2.6.2.Final.jar:/home/runner/.m2/repository/org/testcontainers/kafka/1.20.1/kafka-1.20.1.jar:/home/runner/.m2/repository/com/squareup/okhttp3/okhttp/4.8.1/okhttp-4.8.1.jar:/home/runner/.m2/repository/com/squareup/okio/okio/3.10.2/okio-3.10.2.jar:/home/runner/.m2/repository/com/squareup/okio/okio-jvm/3.10.2/okio-jvm-3.10.2.jar:/home/runner/.m2/repository/org/jetbrains/kotlin/kotlin-stdlib/2.0.10/kotlin-stdlib-2.0.10.jar:/home/runner/.m2/repository/org/awaitility/awaitility/4.2.2/awaitility-4.2.2.jar:/home/runner/.m2/repository/org/testcontainers/mongodb/1.20.1/mongodb-1.20.1.jar:/home/runner/.m2/repository/org/testcontainers/oracle-xe/1.20.1/oracle-xe-1.20.1.jar:/home/runner/.m2/repository/org/testcontainers/postgresql/1.20.1/postgresql-1.20.1.jar:/home/runner/.m2/repository/org/wiremock/wiremock/3.0.1/wiremock-3.0.1.jar:/home/runner/.m2/repository/org/eclipse/jetty/jetty-server/11.0.15/jetty-server-11.0.15.jar:/home/runner/.m2/repository/org/eclipse/jetty/toolchain/jetty-jakarta-servlet-api/5.0.2/jetty-jakarta-servlet-api-5.0.2.jar:/home/runner/.m2/repository/org/eclipse/jetty/jetty-http/11.0.15/jetty-http-11.0.15.jar:/home/runner/.m2/repository/org/eclipse/jetty/jetty-io/11.0.15/jetty-io-11.0.15.jar:/home/runner/.m2/repository/org/eclipse/jetty/jetty-servlet/11.0.15/jetty-servlet-11.0.15.jar:/home/runner/.m2/repository/org/eclipse/jetty/jetty-security/11.0.15/jetty-security-11.0.15.jar:/home/runner/.m2/repository/org/eclipse/jetty/jetty-servlets/11.0.15/jetty-servlets-11.0.15.jar:/home/runner/.m2/repository/org/eclipse/jetty/jetty-util/11.0.15/jetty-util-11.0.15.jar:/home/runner/.m2/repository/org/eclipse/jetty/jetty-webapp/11.0.15/jetty-webapp-11.0.15.jar:/home/runner/.m2/repository/org/eclipse/jetty/jetty-xml/11.0.15/jetty-xml-11.0.15.jar:/home/runner/.m2/repository/org/eclipse/jetty/jetty-proxy/11.0.15/jetty-proxy-11.0.15.jar:/home/runner/.m2/repository/org/eclipse/jetty/jetty-client/11.0.15/jetty-client-11.0.15.jar:/home/runner/.m2/repository/org/eclipse/jetty/http2/http2-server/11.0.15/http2-server-11.0.15.jar:/home/runner/.m2/repository/org/eclipse/jetty/http2/http2-common/11.0.15/http2-common-11.0.15.jar:/home/runner/.m2/repository/org/eclipse/jetty/http2/http2-hpack/11.0.15/http2-hpack-11.0.15.jar:/home/runner/.m2/repository/org/eclipse/jetty/jetty-alpn-server/11.0.15/jetty-alpn-server-11.0.15.jar:/home/runner/.m2/repository/org/eclipse/jetty/jetty-alpn-java-server/11.0.15/jetty-alpn-java-server-11.0.15.jar:/home/runner/.m2/repository/org/eclipse/jetty/jetty-alpn-java-client/11.0.15/jetty-alpn-java-client-11.0.15.jar:/home/runner/.m2/repository/org/eclipse/jetty/jetty-alpn-client/11.0.15/jetty-alpn-client-11.0.15.jar:/home/runner/.m2/repository/org/apache/httpcomponents/client5/httpclient5/5.2.1/httpclient5-5.2.1.jar:/home/runner/.m2/repository/org/apache/httpcomponents/core5/httpcore5/5.2/httpcore5-5.2.jar:/home/runner/.m2/repository/org/apache/httpcomponents/core5/httpcore5-h2/5.2/httpcore5-h2-5.2.jar:/home/runner/.m2/repository/org/xmlunit/xmlunit-core/2.9.1/xmlunit-core-2.9.1.jar:/home/runner/.m2/repository/jakarta/xml/bind/jakarta.xml.bind-api/4.0.2/jakarta.xml.bind-api-4.0.2.jar:/home/runner/.m2/repository/jakarta/activation/jakarta.activation-api/2.1.3/jakarta.activation-api-2.1.3.jar:/home/runner/.m2/repository/org/xmlunit/xmlunit-legacy/2.9.1/xmlunit-legacy-2.9.1.jar:/home/runner/.m2/repository/org/xmlunit/xmlunit-placeholders/2.9.1/xmlunit-placeholders-2.9.1.jar:/home/runner/.m2/repository/net/javacrumbs/json-unit/json-unit-core/2.38.0/json-unit-core-2.38.0.jar:/home/runner/.m2/repository/com/jayway/jsonpath/json-path/2.8.0/json-path-2.8.0.jar:/home/runner/.m2/repository/net/minidev/json-smart/2.4.10/json-smart-2.4.10.jar:/home/runner/.m2/repository/net/minidev/accessors-smart/2.4.9/accessors-smart-2.4.9.jar:/home/runner/.m2/repository/org/ow2/asm/asm/9.7/asm-9.7.jar:/home/runner/.m2/repository/net/sf/jopt-simple/jopt-simple/5.0.4/jopt-simple-5.0.4.jar:/home/runner/.m2/repository/com/github/jknack/handlebars/4.3.1/handlebars-4.3.1.jar:/home/runner/.m2/repository/com/github/jknack/handlebars-helpers/4.3.1/handlebars-helpers-4.3.1.jar:/home/runner/.m2/repository/commons-fileupload/commons-fileupload/1.5/commons-fileupload-1.5.jar:/home/runner/.m2/repository/com/networknt/json-schema-validator/1.5.5/json-schema-validator-1.5.5.jar:/home/runner/.m2/repository/com/ethlo/time/itu/1.10.3/itu-1.10.3.jar:/home/runner/.m2/repository/io/quarkus/quarkus-smallrye-jwt-build/3.15.4/quarkus-smallrye-jwt-build-3.15.4.jar:/home/runner/.m2/repository/io/smallrye/smallrye-jwt-build/4.5.3/smallrye-jwt-build-4.5.3.jar:/home/runner/.m2/repository/org/eclipse/microprofile/jwt/microprofile-jwt-auth-api/2.1/microprofile-jwt-auth-api-2.1.jar:/home/runner/.m2/repository/org/bitbucket/b_c/jose4j/0.9.6/jose4j-0.9.6.jar:/home/runner/.m2/repository/io/smallrye/smallrye-jwt-common/4.5.3/smallrye-jwt-common-4.5.3.jar:/home/runner/.m2/repository/io/quarkus/quarkus-jsonp/3.15.4/quarkus-jsonp-3.15.4.jar:/home/runner/.m2/repository/io/quarkus/quarkus-arc/3.15.4/quarkus-arc-3.15.4.jar:/home/runner/.m2/repository/io/quarkus/arc/arc/3.15.4/arc-3.15.4.jar:/home/runner/.m2/repository/jakarta/transaction/jakarta.transaction-api/2.0.1/jakarta.transaction-api-2.0.1.jar:/home/runner/.m2/repository/io/smallrye/reactive/mutiny/2.6.2/mutiny-2.6.2.jar:/home/runner/.m2/repository/org/jctools/jctools-core/4.0.5/jctools-core-4.0.5.jar:/home/runner/.m2/repository/org/eclipse/microprofile/context-propagation/microprofile-context-propagation-api/1.3/microprofile-context-propagation-api-1.3.jar:/home/runner/.m2/repository/io/apicurio/apicurio-common-rest-client-common/0.1.18.Final/apicurio-common-rest-client-common-0.1.18.Final.jar:/home/runner/work/apicurio-testing/apicurio-testing/clusters/ci419/namespaces/kafkasql/tests/integration/apicurio-registry/utils/maven-plugin/target/apicurio-registry-maven-plugin-3.0.9.jar:/home/runner/.m2/repository/com/fasterxml/jackson/core/jackson-databind/2.17.2/jackson-databind-2.17.2.jar:/home/runner/.m2/repository/org/apache/avro/avro/1.12.0/avro-1.12.0.jar:/home/runner/.m2/repository/com/google/protobuf/protobuf-java/3.25.8/protobuf-java-3.25.8.jar:/home/runner/.m2/repository/com/google/protobuf/protobuf-java-util/3.25.8/protobuf-java-util-3.25.8.jar:/home/runner/.m2/repository/com/google/code/findbugs/jsr305/3.0.2/jsr305-3.0.2.jar:/home/runner/.m2/repository/com/google/code/gson/gson/2.11.0/gson-2.11.0.jar:/home/runner/.m2/repository/com/google/errorprone/error_prone_annotations/2.30.0/error_prone_annotations-2.30.0.jar:/home/runner/.m2/repository/com/google/j2objc/j2objc-annotations/2.8/j2objc-annotations-2.8.jar:/home/runner/work/apicurio-testing/apicurio-testing/clusters/ci419/namespaces/kafkasql/tests/integration/apicurio-registry/schema-util/util-provider/target/apicurio-registry-schema-util-provider-3.0.9.jar:/home/runner/work/apicurio-testing/apicurio-testing/clusters/ci419/namespaces/kafkasql/tests/integration/apicurio-registry/schema-util/common/target/apicurio-registry-schema-util-common-3.0.9.jar:/home/runner/.m2/repository/com/fasterxml/jackson/module/jackson-module-parameter-names/2.17.2/jackson-module-parameter-names-2.17.2.jar:/home/runner/.m2/repository/com/fasterxml/jackson/datatype/jackson-datatype-json-org/2.18.2/jackson-datatype-json-org-2.18.2.jar:/home/runner/work/apicurio-testing/apicurio-testing/clusters/ci419/namespaces/kafkasql/tests/integration/apicurio-registry/schema-util/json/target/apicurio-registry-schema-util-json-3.0.9.jar:/home/runner/.m2/repository/com/github/erosb/everit-json-schema/1.14.5/everit-json-schema-1.14.5.jar:/home/runner/.m2/repository/commons-validator/commons-validator/1.9.0/commons-validator-1.9.0.jar:/home/runner/.m2/repository/commons-digester/commons-digester/2.1/commons-digester-2.1.jar:/home/runner/.m2/repository/commons-collections/commons-collections/3.2.2/commons-collections-3.2.2.jar:/home/runner/.m2/repository/com/damnhandy/handy-uri-templates/2.1.8/handy-uri-templates-2.1.8.jar:/home/runner/.m2/repository/joda-time/joda-time/2.10.2/joda-time-2.10.2.jar:/home/runner/.m2/repository/com/github/erosb/json-sKema/0.20.0/json-sKema-0.20.0.jar:/home/runner/.m2/repository/io/vertx/vertx-json-schema/4.5.13/vertx-json-schema-4.5.13.jar:/home/runner/work/apicurio-testing/apicurio-testing/clusters/ci419/namespaces/kafkasql/tests/integration/apicurio-registry/schema-util/protobuf/target/apicurio-registry-schema-util-protobuf-3.0.9.jar:/home/runner/work/apicurio-testing/apicurio-testing/clusters/ci419/namespaces/kafkasql/tests/integration/apicurio-registry/utils/protobuf-schema-utilities/target/apicurio-registry-protobuf-schema-utilities-3.0.9.jar:/home/runner/.m2/repository/com/google/api/grpc/proto-google-common-protos/2.52.0/proto-google-common-protos-2.52.0.jar:/home/runner/.m2/repository/com/squareup/wire/wire-schema-jvm/5.1.0/wire-schema-jvm-5.1.0.jar:/home/runner/.m2/repository/com/squareup/javapoet/1.13.0/javapoet-1.13.0.jar:/home/runner/.m2/repository/com/squareup/kotlinpoet-jvm/1.18.1/kotlinpoet-jvm-1.18.1.jar:/home/runner/.m2/repository/org/jetbrains/kotlin/kotlin-reflect/2.0.10/kotlin-reflect-2.0.10.jar:/home/runner/.m2/repository/com/squareup/wire/wire-runtime-jvm/5.1.0/wire-runtime-jvm-5.1.0.jar:/home/runner/.m2/repository/com/ibm/icu/icu4j/76.1/icu4j-76.1.jar:/home/runner/.m2/repository/com/squareup/okio/okio-fakefilesystem/3.10.2/okio-fakefilesystem-3.10.2.jar:/home/runner/.m2/repository/com/squareup/okio/okio-fakefilesystem-jvm/3.10.2/okio-fakefilesystem-jvm-3.10.2.jar:/home/runner/.m2/repository/org/jetbrains/kotlinx/kotlinx-datetime-jvm/0.6.1/kotlinx-datetime-jvm-0.6.1.jar:/home/runner/work/apicurio-testing/apicurio-testing/clusters/ci419/namespaces/kafkasql/tests/integration/apicurio-registry/schema-util/asyncapi/target/apicurio-registry-schema-util-asyncapi-3.0.9.jar:/home/runner/work/apicurio-testing/apicurio-testing/clusters/ci419/namespaces/kafkasql/tests/integration/apicurio-registry/schema-util/avro/target/apicurio-registry-schema-util-avro-3.0.9.jar:/home/runner/work/apicurio-testing/apicurio-testing/clusters/ci419/namespaces/kafkasql/tests/integration/apicurio-registry/schema-util/graphql/target/apicurio-registry-schema-util-graphql-3.0.9.jar:/home/runner/.m2/repository/com/graphql-java/graphql-java/22.3/graphql-java-22.3.jar:/home/runner/.m2/repository/com/graphql-java/java-dataloader/3.3.0/java-dataloader-3.3.0.jar:/home/runner/work/apicurio-testing/apicurio-testing/clusters/ci419/namespaces/kafkasql/tests/integration/apicurio-registry/schema-util/kconnect/target/apicurio-registry-schema-util-kconnect-3.0.9.jar:/home/runner/work/apicurio-testing/apicurio-testing/clusters/ci419/namespaces/kafkasql/tests/integration/apicurio-registry/schema-util/openapi/target/apicurio-registry-schema-util-openapi-3.0.9.jar:/home/runner/.m2/repository/io/apicurio/apicurio-data-models/2.2.1/apicurio-data-models-2.2.1.jar:/home/runner/.m2/repository/org/openapitools/openapidiff/openapi-diff-core/2.0.1/openapi-diff-core-2.0.1.jar:/home/runner/.m2/repository/io/swagger/parser/v3/swagger-parser/2.0.28/swagger-parser-2.0.28.jar:/home/runner/.m2/repository/io/swagger/parser/v3/swagger-parser-v2-converter/2.0.28/swagger-parser-v2-converter-2.0.28.jar:/home/runner/.m2/repository/io/swagger/swagger-core/1.6.3/swagger-core-1.6.3.jar:/home/runner/.m2/repository/io/swagger/swagger-models/1.6.3/swagger-models-1.6.3.jar:/home/runner/.m2/repository/io/swagger/swagger-annotations/1.6.3/swagger-annotations-1.6.3.jar:/home/runner/.m2/repository/io/swagger/swagger-parser/1.0.56/swagger-parser-1.0.56.jar:/home/runner/.m2/repository/io/swagger/swagger-compat-spec-parser/1.0.56/swagger-compat-spec-parser-1.0.56.jar:/home/runner/.m2/repository/com/github/java-json-tools/json-schema-validator/2.2.14/json-schema-validator-2.2.14.jar:/home/runner/.m2/repository/com/github/java-json-tools/jackson-coreutils-equivalence/1.0/jackson-coreutils-equivalence-1.0.jar:/home/runner/.m2/repository/com/github/java-json-tools/json-schema-core/1.2.14/json-schema-core-1.2.14.jar:/home/runner/.m2/repository/com/github/java-json-tools/uri-template/0.10/uri-template-0.10.jar:/home/runner/.m2/repository/com/sun/mail/mailapi/1.6.2/mailapi-1.6.2.jar:/home/runner/.m2/repository/com/googlecode/libphonenumber/libphonenumber/8.11.1/libphonenumber-8.11.1.jar:/home/runner/.m2/repository/com/j2html/j2html/1.5.0/j2html-1.5.0.jar:/home/runner/.m2/repository/org/apache/commons/commons-collections4/4.4/commons-collections4-4.4.jar:/home/runner/.m2/repository/commons-httpclient/commons-httpclient/3.1/commons-httpclient-3.1.jar:/home/runner/.m2/repository/io/swagger/parser/v3/swagger-parser-v3/2.1.25/swagger-parser-v3-2.1.25.jar:/home/runner/.m2/repository/io/swagger/core/v3/swagger-models/2.2.28/swagger-models-2.2.28.jar:/home/runner/.m2/repository/io/swagger/core/v3/swagger-core/2.2.28/swagger-core-2.2.28.jar:/home/runner/.m2/repository/io/swagger/parser/v3/swagger-parser-core/2.1.25/swagger-parser-core-2.1.25.jar:/home/runner/.m2/repository/io/swagger/parser/v3/swagger-parser-safe-url-resolver/2.1.25/swagger-parser-safe-url-resolver-2.1.25.jar:/home/runner/work/apicurio-testing/apicurio-testing/clusters/ci419/namespaces/kafkasql/tests/integration/apicurio-registry/schema-util/wsdl/target/apicurio-registry-schema-util-wsdl-3.0.9.jar:/home/runner/.m2/repository/wsdl4j/wsdl4j/1.6.3/wsdl4j-1.6.3.jar:/home/runner/work/apicurio-testing/apicurio-testing/clusters/ci419/namespaces/kafkasql/tests/integration/apicurio-registry/schema-util/xml/target/apicurio-registry-schema-util-xml-3.0.9.jar:/home/runner/.m2/repository/org/apache/santuario/xmlsec/4.0.3/xmlsec-4.0.3.jar:/home/runner/.m2/repository/com/fasterxml/woodstox/woodstox-core/7.1.0/woodstox-core-7.1.0.jar:/home/runner/.m2/repository/org/codehaus/woodstox/stax2-api/4.2.2/stax2-api-4.2.2.jar:/home/runner/work/apicurio-testing/apicurio-testing/clusters/ci419/namespaces/kafkasql/tests/integration/apicurio-registry/schema-util/xsd/target/apicurio-registry-schema-util-xsd-3.0.9.jar:/home/runner/work/apicurio-testing/apicurio-testing/clusters/ci419/namespaces/kafkasql/tests/integration/apicurio-registry/serdes/kafka/jsonschema-serde/target/apicurio-registry-jsonschema-serde-kafka-3.0.9.jar:/home/runner/work/apicurio-testing/apicurio-testing/clusters/ci419/namespaces/kafkasql/tests/integration/apicurio-registry/serdes/kafka/serde-kafka-common/target/apicurio-registry-serde-kafka-common-3.0.9.jar:/home/runner/work/apicurio-testing/apicurio-testing/clusters/ci419/namespaces/kafkasql/tests/integration/apicurio-registry/serdes/generic/serde-common/target/apicurio-registry-serde-common-3.0.9.jar:/home/runner/work/apicurio-testing/apicurio-testing/clusters/ci419/namespaces/kafkasql/tests/integration/apicurio-registry/schema-resolver/target/apicurio-registry-schema-resolver-3.0.9.jar:/home/runner/work/apicurio-testing/apicurio-testing/clusters/ci419/namespaces/kafkasql/tests/integration/apicurio-registry/serdes/generic/serde-common-jsonschema/target/apicurio-registry-serde-common-jsonschema-3.0.9.jar:/home/runner/.m2/repository/org/json/json/20250107/json-20250107.jar:/home/runner/work/apicurio-testing/apicurio-testing/clusters/ci419/namespaces/kafkasql/tests/integration/apicurio-registry/serdes/kafka/avro-serde/target/apicurio-registry-avro-serde-kafka-3.0.9.jar:/home/runner/work/apicurio-testing/apicurio-testing/clusters/ci419/namespaces/kafkasql/tests/integration/apicurio-registry/serdes/generic/serde-common-avro/target/apicurio-registry-serde-common-avro-3.0.9.jar:/home/runner/work/apicurio-testing/apicurio-testing/clusters/ci419/namespaces/kafkasql/tests/integration/apicurio-registry/serdes/kafka/protobuf-serde/target/apicurio-registry-protobuf-serde-kafka-3.0.9.jar:/home/runner/work/apicurio-testing/apicurio-testing/clusters/ci419/namespaces/kafkasql/tests/integration/apicurio-registry/serdes/generic/serde-common-protobuf/target/apicurio-registry-serde-common-protobuf-3.0.9.jar:/home/runner/.m2/repository/com/squareup/wire/wire-schema/5.1.0/wire-schema-5.1.0.jar:/home/runner/.m2/repository/com/squareup/wire/wire-runtime/5.1.0/wire-runtime-5.1.0.jar:/home/runner/work/apicurio-testing/apicurio-testing/clusters/ci419/namespaces/kafkasql/tests/integration/apicurio-registry/serdes/pulsar/avro-serde/target/apicurio-registry-avro-serde-pulsar-3.0.9.jar:/home/runner/.m2/repository/org/apache/pulsar/pulsar-functions-api/3.3.4/pulsar-functions-api-3.3.4.jar:/home/runner/work/apicurio-testing/apicurio-testing/clusters/ci419/namespaces/kafkasql/tests/integration/apicurio-registry/serdes/nats/avro-serde/target/apicurio-registry-avro-serde-nats-3.0.9.jar:/home/runner/.m2/repository/io/nats/jnats/2.20.5/jnats-2.20.5.jar:/home/runner/.m2/repository/net/i2p/crypto/eddsa/0.3.0/eddsa-0.3.0.jar:/home/runner/work/apicurio-testing/apicurio-testing/clusters/ci419/namespaces/kafkasql/tests/integration/apicurio-registry/utils/converter/target/apicurio-registry-utils-converter-3.0.9.jar:/home/runner/.m2/repository/org/apache/kafka/connect-api/3.9.1/connect-api-3.9.1.jar:/home/runner/.m2/repository/javax/ws/rs/javax.ws.rs-api/2.1.1/javax.ws.rs-api-2.1.1.jar:/home/runner/.m2/repository/org/apache/kafka/connect-json/3.9.1/connect-json-3.9.1.jar:/home/runner/.m2/repository/com/fasterxml/jackson/datatype/jackson-datatype-jdk8/2.17.2/jackson-datatype-jdk8-2.17.2.jar:/home/runner/.m2/repository/com/fasterxml/jackson/module/jackson-module-afterburner/2.17.2/jackson-module-afterburner-2.17.2.jar:/home/runner/work/apicurio-testing/apicurio-testing/clusters/ci419/namespaces/kafkasql/tests/integration/apicurio-registry/utils/kafka/target/apicurio-registry-utils-kafka-3.0.9.jar:/home/runner/.m2/repository/org/apache/pulsar/pulsar-client/3.3.4/pulsar-client-3.3.4.jar:/home/runner/.m2/repository/org/apache/pulsar/pulsar-client-api/3.3.4/pulsar-client-api-3.3.4.jar:/home/runner/.m2/repository/org/apache/pulsar/pulsar-client-admin-api/3.3.4/pulsar-client-admin-api-3.3.4.jar:/home/runner/.m2/repository/org/apache/pulsar/bouncy-castle-bc/3.3.4/bouncy-castle-bc-3.3.4-pkg.jar:/home/runner/.m2/repository/org/bouncycastle/bcpkix-jdk18on/1.78.1/bcpkix-jdk18on-1.78.1.jar:/home/runner/.m2/repository/org/bouncycastle/bcutil-jdk18on/1.78.1/bcutil-jdk18on-1.78.1.jar:/home/runner/.m2/repository/org/bouncycastle/bcprov-jdk18on/1.78.1/bcprov-jdk18on-1.78.1.jar:/home/runner/.m2/repository/io/opentelemetry/opentelemetry-api/1.39.0/opentelemetry-api-1.39.0.jar:/home/runner/.m2/repository/io/opentelemetry/opentelemetry-context/1.39.0/opentelemetry-context-1.39.0.jar:/home/runner/.m2/repository/io/opentelemetry/opentelemetry-api-incubator/1.39.0-alpha/opentelemetry-api-incubator-1.39.0-alpha.jar:/home/runner/.m2/repository/com/fasterxml/jackson/core/jackson-annotations/2.17.2/jackson-annotations-2.17.2.jar:/home/runner/.m2/repository/javax/validation/validation-api/1.1.0.Final/validation-api-1.1.0.Final.jar:/home/runner/.m2/repository/io/confluent/kafka-avro-serializer/7.9.0/kafka-avro-serializer-7.9.0.jar:/home/runner/.m2/repository/org/apache/commons/commons-compress/1.27.0/commons-compress-1.27.0.jar:/home/runner/.m2/repository/io/confluent/kafka-schema-serializer/7.9.0/kafka-schema-serializer-7.9.0.jar:/home/runner/.m2/repository/com/fasterxml/jackson/dataformat/jackson-dataformat-csv/2.17.2/jackson-dataformat-csv-2.17.2.jar:/home/runner/.m2/repository/io/confluent/kafka-schema-registry-client/7.9.0/kafka-schema-registry-client-7.9.0.jar:/home/runner/.m2/repository/org/yaml/snakeyaml/2.2/snakeyaml-2.2.jar:/home/runner/.m2/repository/io/swagger/core/v3/swagger-annotations/2.1.10/swagger-annotations-2.1.10.jar:/home/runner/.m2/repository/com/google/guava/guava/33.2.1-jre/guava-33.2.1-jre.jar:/home/runner/.m2/repository/com/google/guava/failureaccess/1.0.1/failureaccess-1.0.1.jar:/home/runner/.m2/repository/org/checkerframework/checker-qual/3.46.0/checker-qual-3.46.0.jar:/home/runner/.m2/repository/io/confluent/logredactor/1.0.12/logredactor-1.0.12.jar:/home/runner/.m2/repository/com/google/re2j/re2j/1.6/re2j-1.6.jar:/home/runner/.m2/repository/io/confluent/logredactor-metrics/1.0.12/logredactor-metrics-1.0.12.jar:/home/runner/.m2/repository/com/eclipsesource/minimal-json/minimal-json/0.9.5/minimal-json-0.9.5.jar:/home/runner/.m2/repository/io/confluent/common-utils/7.9.0/common-utils-7.9.0.jar:/home/runner/.m2/repository/io/confluent/kafka-connect-avro-converter/7.9.0/kafka-connect-avro-converter-7.9.0.jar:/home/runner/.m2/repository/io/confluent/kafka-connect-avro-data/7.9.0/kafka-connect-avro-data-7.9.0.jar:/home/runner/.m2/repository/io/confluent/kafka-schema-converter/7.9.0/kafka-schema-converter-7.9.0.jar:/home/runner/.m2/repository/io/rest-assured/rest-assured/5.5.0/rest-assured-5.5.0.jar:/home/runner/.m2/repository/org/apache/groovy/groovy/4.0.22/groovy-4.0.22.jar:/home/runner/.m2/repository/org/apache/groovy/groovy-xml/4.0.22/groovy-xml-4.0.22.jar:/home/runner/.m2/repository/org/apache/httpcomponents/httpclient/4.5.14/httpclient-4.5.14.jar:/home/runner/.m2/repository/org/apache/httpcomponents/httpcore/4.4.16/httpcore-4.4.16.jar:/home/runner/.m2/repository/org/apache/httpcomponents/httpmime/4.5.14/httpmime-4.5.14.jar:/home/runner/.m2/repository/org/hamcrest/hamcrest/2.2/hamcrest-2.2.jar:/home/runner/.m2/repository/org/ccil/cowan/tagsoup/tagsoup/1.2.1/tagsoup-1.2.1.jar:/home/runner/.m2/repository/io/rest-assured/json-path/5.5.0/json-path-5.5.0.jar:/home/runner/.m2/repository/org/apache/groovy/groovy-json/4.0.22/groovy-json-4.0.22.jar:/home/runner/.m2/repository/io/rest-assured/rest-assured-common/5.5.0/rest-assured-common-5.5.0.jar:/home/runner/.m2/repository/io/rest-assured/xml-path/5.5.0/xml-path-5.5.0.jar:/home/runner/.m2/repository/io/zonky/test/embedded-postgres/2.1.0/embedded-postgres-2.1.0.jar:/home/runner/.m2/repository/io/zonky/test/postgres/embedded-postgres-binaries-windows-amd64/14.15.0/embedded-postgres-binaries-windows-amd64-14.15.0.jar:/home/runner/.m2/repository/io/zonky/test/postgres/embedded-postgres-binaries-darwin-amd64/14.15.0/embedded-postgres-binaries-darwin-amd64-14.15.0.jar:/home/runner/.m2/repository/io/zonky/test/postgres/embedded-postgres-binaries-linux-amd64/14.15.0/embedded-postgres-binaries-linux-amd64-14.15.0.jar:/home/runner/.m2/repository/io/zonky/test/postgres/embedded-postgres-binaries-linux-amd64-alpine/14.15.0/embedded-postgres-binaries-linux-amd64-alpine-14.15.0.jar:/home/runner/.m2/repository/org/apache/commons/commons-lang3/3.14.0/commons-lang3-3.14.0.jar:/home/runner/.m2/repository/org/tukaani/xz/1.10/xz-1.10.jar:/home/runner/.m2/repository/commons-codec/commons-codec/1.18.0/commons-codec-1.18.0.jar:/home/runner/.m2/repository/org/postgresql/postgresql/42.7.4/postgresql-42.7.4.jar:/home/runner/.m2/repository/commons-io/commons-io/2.16.1/commons-io-2.16.1.jar:/home/runner/work/apicurio-testing/apicurio-testing/clusters/ci419/namespaces/kafkasql/tests/integration/apicurio-registry/utils/importexport/target/apicurio-registry-utils-import-export-3.0.9.jar:/home/runner/.m2/repository/io/vertx/vertx-core/4.5.13/vertx-core-4.5.13.jar:/home/runner/.m2/repository/io/netty/netty-common/4.1.118.Final/netty-common-4.1.118.Final.jar:/home/runner/.m2/repository/io/netty/netty-buffer/4.1.118.Final/netty-buffer-4.1.118.Final.jar:/home/runner/.m2/repository/io/netty/netty-transport/4.1.118.Final/netty-transport-4.1.118.Final.jar:/home/runner/.m2/repository/io/netty/netty-handler/4.1.118.Final/netty-handler-4.1.118.Final.jar:/home/runner/.m2/repository/io/netty/netty-transport-native-unix-common/4.1.118.Final/netty-transport-native-unix-common-4.1.118.Final.jar:/home/runner/.m2/repository/io/netty/netty-codec/4.1.118.Final/netty-codec-4.1.118.Final.jar:/home/runner/.m2/repository/io/netty/netty-handler-proxy/4.1.118.Final/netty-handler-proxy-4.1.118.Final.jar:/home/runner/.m2/repository/io/netty/netty-codec-socks/4.1.118.Final/netty-codec-socks-4.1.118.Final.jar:/home/runner/.m2/repository/io/netty/netty-codec-http/4.1.118.Final/netty-codec-http-4.1.118.Final.jar:/home/runner/.m2/repository/io/netty/netty-codec-http2/4.1.118.Final/netty-codec-http2-4.1.118.Final.jar:/home/runner/.m2/repository/io/netty/netty-resolver/4.1.118.Final/netty-resolver-4.1.118.Final.jar:/home/runner/.m2/repository/io/netty/netty-resolver-dns/4.1.118.Final/netty-resolver-dns-4.1.118.Final.jar:/home/runner/.m2/repository/io/netty/netty-codec-dns/4.1.118.Final/netty-codec-dns-4.1.118.Final.jar:/home/runner/.m2/repository/com/fasterxml/jackson/core/jackson-core/2.17.2/jackson-core-2.17.2.jar:"/>
    <property name="sun.cpu.endian" value="little"/>
    <property name="user.home" value="/home/runner"/>
    <property name="user.language" value="en"/>
    <property name="jboss.log-version" value="false"/>
    <property name="java.specification.vendor" value="Oracle Corporation"/>
    <property name="java.version.date" value="2025-07-15"/>
    <property name="java.home" value="/usr/lib/jvm/temurin-17-jdk-amd64"/>
    <property name="file.separator" value="/"/>
    <property name="basedir" value="/home/runner/work/apicurio-testing/apicurio-testing/clusters/ci419/namespaces/kafkasql/tests/integration/apicurio-registry/integration-tests"/>
    <property name="java.vm.compressedOopsMode" value="32-bit"/>
    <property name="line.separator" value="&#10;"/>
    <property name="java.specification.name" value="Java Platform API Specification"/>
    <property name="java.vm.specification.vendor" value="Oracle Corporation"/>
    <property name="quarkus.http.test-host" value="registry-app-kafkasql.apps.ci419.apicurio-testing.org"/>
    <property name="surefire.real.class.path" value="/home/runner/work/apicurio-testing/apicurio-testing/clusters/ci419/namespaces/kafkasql/tests/integration/apicurio-registry/integration-tests/target/surefire/surefirebooter-20250731022515739_3.jar"/>
    <property name="sun.management.compiler" value="HotSpot 64-Bit Tiered Compilers"/>
    <property name="org.eclipse.jetty.http.HttpGenerator.STRICT" value="true"/>
    <property name="java.runtime.version" value="17.0.16+8"/>
    <property name="user.name" value="runner"/>
    <property name="path.separator" value=":"/>
    <property name="os.version" value="6.8.0-1031-azure"/>
    <property name="java.runtime.name" value="OpenJDK Runtime Environment"/>
    <property name="file.encoding" value="UTF-8"/>
    <property name="jnidispatch.path" value="/home/runner/.cache/JNA/temp/jna8688852782419017676.tmp"/>
    <property name="java.vm.name" value="OpenJDK 64-Bit Server VM"/>
    <property name="jna.platform.library.path" value="/usr/lib/x86_64-linux-gnu:/lib/x86_64-linux-gnu:/usr/lib64:/lib64:/usr/lib:/lib:/lib32:/usr/local/lib:/usr/lib/x86_64-linux-gnu/libfakeroot"/>
    <property name="java.vendor.version" value="Temurin-17.0.16+8"/>
    <property name="quarkus.oidc.token-path" value="https://keycloak-kafkasql.apps.ci419.apicurio-testing.org/realms/registry/protocol/openid-connect/token"/>
    <property name="quarkus.http.host" value="registry-app-kafkasql.apps.ci419.apicurio-testing.org"/>
    <property name="localRepository" value="/home/runner/.m2/repository"/>
    <property name="javax.xml.xpath.XPathFactory:http://java.sun.com/jaxp/xpath/dom" value="com.sun.org.apache.xpath.internal.jaxp.XPathFactoryImpl"/>
    <property name="jna.loaded" value="true"/>
    <property name="java.vendor.url.bug" value="https://github.com/adoptium/adoptium-support/issues"/>
    <property name="jetty.git.hash" value="5bc5e562c8d05c5862505aebe5cf83a61bdbcb96"/>
    <property name="java.io.tmpdir" value="/tmp"/>
    <property name="quarkus.http.test-protocol" value="http"/>
    <property name="java.version" value="17.0.16"/>
    <property name="user.dir" value="/home/runner/work/apicurio-testing/apicurio-testing/clusters/ci419/namespaces/kafkasql/tests/integration/apicurio-registry/integration-tests"/>
    <property name="os.arch" value="amd64"/>
    <property name="groups" value="( smoke | serdes | acceptance | ui)"/>
    <property name="java.vm.specification.name" value="Java Virtual Machine Specification"/>
    <property name="native.encoding" value="UTF-8"/>
    <property name="java.util.logging.manager" value="org.jboss.logmanager.LogManager"/>
    <property name="java.library.path" value="/usr/java/packages/lib:/usr/lib64:/lib64:/lib:/usr/lib"/>
    <property name="jdk.console" value="java.base"/>
    <property name="java.vm.info" value="mixed mode, sharing"/>
    <property name="java.vendor" value="Eclipse Adoptium"/>
    <property name="java.vm.version" value="17.0.16+8"/>
    <property name="java.specification.maintenance.version" value="1"/>
    <property name="sun.io.unicode.encoding" value="UnicodeLittle"/>
    <property name="javax.xml.transform.TransformerFactory" value="com.sun.org.apache.xalan.internal.xsltc.trax.TransformerFactoryImpl"/>
    <property name="java.class.version" value="61.0"/>
  </properties>
  <testcase name="testGlobalIdInHeaders" classname="io.apicurio.tests.serdes.apicurio.AvroSerdeIT" time="3.947">
    <system-out><![CDATA[2025-07-31 02:25:27,471 INFO  [io.api.tes.ser.api.AvroSerdeIT] (main) RestAssured configured with http://registry-app-kafkasql.apps.ci419.apicurio-testing.org:80/apis/registry/v3
2025-07-31 02:25:27,471 INFO  [io.api.tes.uti.KafkaFacade] (main) Starting kafka container
2025-07-31 02:25:27,546 INFO  [org.tes.ima.PullPolicy] (main) Image pull policy will be performed by: DefaultPullPolicy()
2025-07-31 02:25:27,550 INFO  [org.tes.uti.ImageNameSubstitutor] (main) Image name substitution will be performed by: DefaultImageNameSubstitutor (composite of 'ConfigurationFileImageNameSubstitutor' and 'PrefixingImageNameSubstitutor')
2025-07-31 02:25:27,559 INFO  [org.tes.DockerClientFactory] (main) Testcontainers version: 1.20.1
2025-07-31 02:25:28,044 INFO  [org.tes.doc.DockerClientProviderStrategy] (main) Found Docker environment with local Unix socket (unix:///var/run/docker.sock)
2025-07-31 02:25:28,054 INFO  [org.tes.DockerClientFactory] (main) Docker host IP address is localhost
2025-07-31 02:25:28,070 INFO  [org.tes.DockerClientFactory] (main) Connected to docker: 
  Server Version: 28.0.4
  API Version: 1.48
  Operating System: Ubuntu 22.04.5 LTS
  Total Memory: 7944 MB
2025-07-31 02:25:28,113 INFO  [tc.tes.8.1] (main) Pulling docker image: testcontainers/ryuk:0.8.1. Please be patient; this may take some time but only needs to be done once.
2025-07-31 02:25:28,699 INFO  [tc.tes.8.1] (docker-java-stream-1689030468) Starting to pull image
2025-07-31 02:25:28,717 INFO  [tc.tes.8.1] (docker-java-stream-1689030468) Pulling image layers:  0 pending,  0 downloaded,  0 extracted, (0 bytes/0 bytes)
2025-07-31 02:25:29,100 INFO  [tc.tes.8.1] (docker-java-stream-1689030468) Pulling image layers:  2 pending,  1 downloaded,  0 extracted, (351 KB/? MB)
2025-07-31 02:25:29,152 INFO  [tc.tes.8.1] (docker-java-stream-1689030468) Pulling image layers:  1 pending,  2 downloaded,  0 extracted, (351 KB/? MB)
2025-07-31 02:25:29,174 INFO  [tc.tes.8.1] (docker-java-stream-1689030468) Pulling image layers:  0 pending,  3 downloaded,  0 extracted, (3 MB/6 MB)
2025-07-31 02:25:29,290 INFO  [tc.tes.8.1] (docker-java-stream-1689030468) Pulling image layers:  0 pending,  3 downloaded,  1 extracted, (3 MB/6 MB)
2025-07-31 02:25:30,284 INFO  [tc.tes.8.1] (docker-java-stream-1689030468) Pulling image layers:  0 pending,  3 downloaded,  2 extracted, (3 MB/6 MB)
2025-07-31 02:25:30,397 INFO  [tc.tes.8.1] (docker-java-stream-1689030468) Pulling image layers:  0 pending,  3 downloaded,  3 extracted, (6 MB/6 MB)
2025-07-31 02:25:30,406 INFO  [tc.tes.8.1] (docker-java-stream-1689030468) Pull complete. 3 layers, pulled in 1s (downloaded 6 MB at 6 MB/s)
2025-07-31 02:25:30,406 INFO  [tc.tes.8.1] (main) Image testcontainers/ryuk:0.8.1 pull took PT2.293471896S
2025-07-31 02:25:30,425 INFO  [tc.tes.8.1] (main) Creating container for image: testcontainers/ryuk:0.8.1
2025-07-31 02:25:30,508 INFO  [tc.tes.8.1] (main) Container testcontainers/ryuk:0.8.1 is starting: 8feb1267767b459269f2568e1dddf7c705fdf4bf9db80513c26332f01bcc88f9
2025-07-31 02:25:30,834 INFO  [tc.tes.8.1] (main) Container testcontainers/ryuk:0.8.1 started in PT0.409352985S
2025-07-31 02:25:30,840 INFO  [org.tes.uti.RyukResourceReaper] (main) Ryuk started - will monitor and terminate Testcontainers containers on JVM exit
2025-07-31 02:25:30,840 INFO  [org.tes.DockerClientFactory] (main) Checking the system...
2025-07-31 02:25:30,841 INFO  [org.tes.DockerClientFactory] (main) ✔︎ Docker server version should be at least 1.6.0
2025-07-31 02:25:30,845 INFO  [io.str.tes.con.KafkaVersionService] (main) Latest release of Kafka is:LogicalKafkaVersionEntity{version='3.7.1', image='quay.io/strimzi-test-container/test-container:0.107.0-kafka-3.7.1'}
2025-07-31 02:25:30,845 INFO  [io.str.tes.con.KafkaVersionService] (main) Latest release of Kafka is:LogicalKafkaVersionEntity{version='3.7.1', image='quay.io/strimzi-test-container/test-container:0.107.0-kafka-3.7.1'}
2025-07-31 02:25:30,846 INFO  [io.str.tes.con.KafkaVersionService] (main) No Kafka version specified. Using latest release: quay.io/strimzi-test-container/test-container:0.107.0-kafka-3.7.1
2025-07-31 02:25:30,849 INFO  [tc.qua.io/.107.0-k.7.1] (main) Pulling docker image: quay.io/strimzi-test-container/test-container:0.107.0-kafka-3.7.1. Please be patient; this may take some time but only needs to be done once.
2025-07-31 02:25:31,652 INFO  [tc.qua.io/.107.0-k.7.1] (docker-java-stream--720530420) Starting to pull image
2025-07-31 02:25:31,652 INFO  [tc.qua.io/.107.0-k.7.1] (docker-java-stream--720530420) Pulling image layers:  0 pending,  0 downloaded,  0 extracted, (0 bytes/0 bytes)
2025-07-31 02:25:32,218 INFO  [tc.qua.io/.107.0-k.7.1] (docker-java-stream--720530420) Pulling image layers:  4 pending,  1 downloaded,  0 extracted, (997 bytes/? MB)
2025-07-31 02:25:32,572 INFO  [tc.qua.io/.107.0-k.7.1] (docker-java-stream--720530420) Pulling image layers:  3 pending,  2 downloaded,  0 extracted, (69 MB/? MB)
2025-07-31 02:25:32,825 INFO  [tc.qua.io/.107.0-k.7.1] (docker-java-stream--720530420) Pulling image layers:  2 pending,  3 downloaded,  0 extracted, (112 MB/? MB)
2025-07-31 02:25:32,913 INFO  [tc.qua.io/.107.0-k.7.1] (docker-java-stream--720530420) Pulling image layers:  1 pending,  4 downloaded,  0 extracted, (136 MB/? MB)
2025-07-31 02:25:33,669 INFO  [tc.qua.io/.107.0-k.7.1] (docker-java-stream--720530420) Pulling image layers:  1 pending,  4 downloaded,  1 extracted, (201 MB/? MB)
2025-07-31 02:25:33,965 INFO  [tc.qua.io/.107.0-k.7.1] (docker-java-stream--720530420) Pulling image layers:  0 pending,  5 downloaded,  1 extracted, (217 MB/231 MB)
2025-07-31 02:25:36,510 INFO  [tc.qua.io/.107.0-k.7.1] (docker-java-stream--720530420) Pulling image layers:  0 pending,  5 downloaded,  2 extracted, (223 MB/231 MB)
2025-07-31 02:25:37,626 INFO  [tc.qua.io/.107.0-k.7.1] (docker-java-stream--720530420) Pulling image layers:  0 pending,  5 downloaded,  3 extracted, (223 MB/231 MB)
2025-07-31 02:25:38,644 INFO  [tc.qua.io/.107.0-k.7.1] (docker-java-stream--720530420) Pulling image layers:  0 pending,  5 downloaded,  4 extracted, (231 MB/231 MB)
2025-07-31 02:25:38,657 INFO  [tc.qua.io/.107.0-k.7.1] (docker-java-stream--720530420) Pulling image layers:  0 pending,  5 downloaded,  5 extracted, (231 MB/231 MB)
2025-07-31 02:25:38,662 INFO  [tc.qua.io/.107.0-k.7.1] (main) Image quay.io/strimzi-test-container/test-container:0.107.0-kafka-3.7.1 pull took PT7.812925728S
2025-07-31 02:25:38,662 INFO  [tc.qua.io/.107.0-k.7.1] (docker-java-stream--720530420) Pull complete. 5 layers, pulled in 7s (downloaded 231 MB at 33 MB/s)
2025-07-31 02:25:38,665 INFO  [tc.qua.io/.107.0-k.7.1] (main) Creating container for image: quay.io/strimzi-test-container/test-container:0.107.0-kafka-3.7.1
2025-07-31 02:25:38,735 INFO  [tc.qua.io/.107.0-k.7.1] (main) Container quay.io/strimzi-test-container/test-container:0.107.0-kafka-3.7.1 is starting: 2e985a67c83985ec569cd3f62b4bf127de1ee5224f55cc2a786ee0efed1d0460
2025-07-31 02:25:38,935 INFO  [io.str.tes.con.StrimziKafkaContainer] (main) Mapped port: 32770
2025-07-31 02:25:38,936 INFO  [io.str.tes.con.StrimziKafkaContainer] (main) This is all advertised listeners for Kafka PLAINTEXT://localhost:32770,BROKER1://172.18.0.2:9093
2025-07-31 02:25:38,936 INFO  [io.str.tes.con.StrimziKafkaContainer] (main) Using internal ZooKeeper 'zookeeper.connect=localhost:2181.'
2025-07-31 02:25:38,937 INFO  [io.str.tes.con.StrimziKafkaContainer] (main) Copying command to 'STARTER_SCRIPT' script.
2025-07-31 02:25:42,899 INFO  [tc.qua.io/.107.0-k.7.1] (main) Container quay.io/strimzi-test-container/test-container:0.107.0-kafka-3.7.1 started in PT4.233940952S
2025-07-31 02:25:42,907 INFO  [io.api.tes.uti.TestSeparator] (main) ############################################################################
2025-07-31 02:25:42,907 INFO  [io.api.tes.uti.TestSeparator] (main) io.apicurio.tests.serdes.apicurio.AvroSerdeIT.testGlobalIdInHeaders-STARTED
2025-07-31 02:25:42,928 INFO  [org.apa.kaf.cli.adm.AdminClientConfig] (main) AdminClientConfig values: 
	auto.include.jmx.reporter = true
	bootstrap.controllers = []
	bootstrap.servers = [PLAINTEXT://localhost:32770]
	client.dns.lookup = use_all_dns_ips
	client.id = 
	connections.max.idle.ms = 10000
	default.api.timeout.ms = 60000
	enable.metrics.push = true
	metadata.max.age.ms = 300000
	metadata.recovery.strategy = none
	metric.reporters = []
	metrics.num.samples = 2
	metrics.recording.level = INFO
	metrics.sample.window.ms = 30000
	receive.buffer.bytes = 65536
	reconnect.backoff.max.ms = 1000
	reconnect.backoff.ms = 50
	request.timeout.ms = 5000
	retries = 2147483647
	retry.backoff.max.ms = 1000
	retry.backoff.ms = 100
	sasl.client.callback.handler.class = null
	sasl.jaas.config = null
	sasl.kerberos.kinit.cmd = /usr/bin/kinit
	sasl.kerberos.min.time.before.relogin = 60000
	sasl.kerberos.service.name = null
	sasl.kerberos.ticket.renew.jitter = 0.05
	sasl.kerberos.ticket.renew.window.factor = 0.8
	sasl.login.callback.handler.class = null
	sasl.login.class = null
	sasl.login.connect.timeout.ms = null
	sasl.login.read.timeout.ms = null
	sasl.login.refresh.buffer.seconds = 300
	sasl.login.refresh.min.period.seconds = 60
	sasl.login.refresh.window.factor = 0.8
	sasl.login.refresh.window.jitter = 0.05
	sasl.login.retry.backoff.max.ms = 10000
	sasl.login.retry.backoff.ms = 100
	sasl.mechanism = GSSAPI
	sasl.oauthbearer.clock.skew.seconds = 30
	sasl.oauthbearer.expected.audience = null
	sasl.oauthbearer.expected.issuer = null
	sasl.oauthbearer.header.urlencode = false
	sasl.oauthbearer.jwks.endpoint.refresh.ms = 3600000
	sasl.oauthbearer.jwks.endpoint.retry.backoff.max.ms = 10000
	sasl.oauthbearer.jwks.endpoint.retry.backoff.ms = 100
	sasl.oauthbearer.jwks.endpoint.url = null
	sasl.oauthbearer.scope.claim.name = scope
	sasl.oauthbearer.sub.claim.name = sub
	sasl.oauthbearer.token.endpoint.url = null
	security.protocol = PLAINTEXT
	security.providers = null
	send.buffer.bytes = 131072
	socket.connection.setup.timeout.max.ms = 30000
	socket.connection.setup.timeout.ms = 10000
	ssl.cipher.suites = null
	ssl.enabled.protocols = [TLSv1.2, TLSv1.3]
	ssl.endpoint.identification.algorithm = https
	ssl.engine.factory.class = null
	ssl.key.password = null
	ssl.keymanager.algorithm = SunX509
	ssl.keystore.certificate.chain = null
	ssl.keystore.key = null
	ssl.keystore.location = null
	ssl.keystore.password = null
	ssl.keystore.type = JKS
	ssl.protocol = TLSv1.3
	ssl.provider = null
	ssl.secure.random.implementation = null
	ssl.trustmanager.algorithm = PKIX
	ssl.truststore.certificates = null
	ssl.truststore.location = null
	ssl.truststore.password = null
	ssl.truststore.type = JKS

2025-07-31 02:25:43,430 INFO  [org.apa.kaf.com.uti.AppInfoParser] (main) Kafka version: 3.9.0
2025-07-31 02:25:43,430 INFO  [org.apa.kaf.com.uti.AppInfoParser] (main) Kafka commitId: 84caaa6e9da06435
2025-07-31 02:25:43,430 INFO  [org.apa.kaf.com.uti.AppInfoParser] (main) Kafka startTimeMs: 1753928743429
2025-07-31 02:25:43,533 INFO  [org.apa.kaf.cli.pro.ProducerConfig] (main) ProducerConfig values: 
	acks = -1
	auto.include.jmx.reporter = true
	batch.size = 16384
	bootstrap.servers = [PLAINTEXT://localhost:32770]
	buffer.memory = 33554432
	client.dns.lookup = use_all_dns_ips
	client.id = Producer-topic-ec55106e_d2b9_4a2d_afd3_136f07d72bb5
	compression.gzip.level = -1
	compression.lz4.level = 9
	compression.type = none
	compression.zstd.level = 3
	connections.max.idle.ms = 10000
	delivery.timeout.ms = 120000
	enable.idempotence = true
	enable.metrics.push = true
	interceptor.classes = []
	key.serializer = class org.apache.kafka.common.serialization.StringSerializer
	linger.ms = 0
	max.block.ms = 60000
	max.in.flight.requests.per.connection = 5
	max.request.size = 1048576
	metadata.max.age.ms = 300000
	metadata.max.idle.ms = 300000
	metadata.recovery.strategy = none
	metric.reporters = []
	metrics.num.samples = 2
	metrics.recording.level = INFO
	metrics.sample.window.ms = 30000
	partitioner.adaptive.partitioning.enable = true
	partitioner.availability.timeout.ms = 0
	partitioner.class = null
	partitioner.ignore.keys = false
	receive.buffer.bytes = 32768
	reconnect.backoff.max.ms = 1000
	reconnect.backoff.ms = 50
	request.timeout.ms = 5000
	retries = 2147483647
	retry.backoff.max.ms = 1000
	retry.backoff.ms = 100
	sasl.client.callback.handler.class = null
	sasl.jaas.config = null
	sasl.kerberos.kinit.cmd = /usr/bin/kinit
	sasl.kerberos.min.time.before.relogin = 60000
	sasl.kerberos.service.name = null
	sasl.kerberos.ticket.renew.jitter = 0.05
	sasl.kerberos.ticket.renew.window.factor = 0.8
	sasl.login.callback.handler.class = null
	sasl.login.class = null
	sasl.login.connect.timeout.ms = null
	sasl.login.read.timeout.ms = null
	sasl.login.refresh.buffer.seconds = 300
	sasl.login.refresh.min.period.seconds = 60
	sasl.login.refresh.window.factor = 0.8
	sasl.login.refresh.window.jitter = 0.05
	sasl.login.retry.backoff.max.ms = 10000
	sasl.login.retry.backoff.ms = 100
	sasl.mechanism = GSSAPI
	sasl.oauthbearer.clock.skew.seconds = 30
	sasl.oauthbearer.expected.audience = null
	sasl.oauthbearer.expected.issuer = null
	sasl.oauthbearer.header.urlencode = false
	sasl.oauthbearer.jwks.endpoint.refresh.ms = 3600000
	sasl.oauthbearer.jwks.endpoint.retry.backoff.max.ms = 10000
	sasl.oauthbearer.jwks.endpoint.retry.backoff.ms = 100
	sasl.oauthbearer.jwks.endpoint.url = null
	sasl.oauthbearer.scope.claim.name = scope
	sasl.oauthbearer.sub.claim.name = sub
	sasl.oauthbearer.token.endpoint.url = null
	security.protocol = PLAINTEXT
	security.providers = null
	send.buffer.bytes = 131072
	socket.connection.setup.timeout.max.ms = 30000
	socket.connection.setup.timeout.ms = 10000
	ssl.cipher.suites = null
	ssl.enabled.protocols = [TLSv1.2, TLSv1.3]
	ssl.endpoint.identification.algorithm = https
	ssl.engine.factory.class = null
	ssl.key.password = null
	ssl.keymanager.algorithm = SunX509
	ssl.keystore.certificate.chain = null
	ssl.keystore.key = null
	ssl.keystore.location = null
	ssl.keystore.password = null
	ssl.keystore.type = JKS
	ssl.protocol = TLSv1.3
	ssl.provider = null
	ssl.secure.random.implementation = null
	ssl.trustmanager.algorithm = PKIX
	ssl.truststore.certificates = null
	ssl.truststore.location = null
	ssl.truststore.password = null
	ssl.truststore.type = JKS
	transaction.timeout.ms = 60000
	transactional.id = null
	value.serializer = class io.apicurio.registry.serde.avro.AvroKafkaSerializer

2025-07-31 02:25:43,602 INFO  [org.apa.kaf.com.tel.int.KafkaMetricsCollector] (main) initializing Kafka metrics collector
2025-07-31 02:25:43,643 INFO  [org.apa.kaf.cli.pro.KafkaProducer] (main) [Producer clientId=Producer-topic-ec55106e_d2b9_4a2d_afd3_136f07d72bb5] Instantiated an idempotent producer.
2025-07-31 02:25:43,713 INFO  [org.apa.kaf.cli.pro.ProducerConfig] (main) These configurations '[apicurio.registry.url, apicurio.registry.auto-register, apicurio.registry.use-id, apicurio.registry.artifact-resolver-strategy]' were supplied but are not used yet.
2025-07-31 02:25:43,713 INFO  [org.apa.kaf.com.uti.AppInfoParser] (main) Kafka version: 3.9.0
2025-07-31 02:25:43,713 INFO  [org.apa.kaf.com.uti.AppInfoParser] (main) Kafka commitId: 84caaa6e9da06435
2025-07-31 02:25:43,713 INFO  [org.apa.kaf.com.uti.AppInfoParser] (main) Kafka startTimeMs: 1753928743713
2025-07-31 02:25:43,714 INFO  [io.api.tes.ser.api.SimpleSerdesTesterBuilder$SimpleSerdesTester] (main) Using producer configuration: {apicurio.registry.url=http://registry-app-kafkasql.apps.ci419.apicurio-testing.org:80/apis/registry/v3, apicurio.registry.auto-register=true, apicurio.registry.use-id=globalId, apicurio.registry.artifact-resolver-strategy=io.apicurio.registry.serde.strategy.TopicIdStrategy, value.serializer=io.apicurio.registry.serde.avro.AvroKafkaSerializer, request.timeout.ms=5000, acks=all, bootstrap.servers=PLAINTEXT://localhost:32770, connections.max.idle.ms=10000, key.serializer=org.apache.kafka.common.serialization.StringSerializer, client.id=Producer-topic-ec55106e_d2b9_4a2d_afd3_136f07d72bb5}
2025-07-31 02:25:43,714 INFO  [io.api.tes.ser.api.SimpleSerdesTesterBuilder$SimpleSerdesTester] (main) Using consumer configuration: {apicurio.registry.use-id=globalId}
2025-07-31 02:25:43,722 INFO  [io.api.tes.ser.api.KafkaSerdesTester] (Thread-120) Sending message {"key11753928743458": "value-0"} to topic topic-ec55106e_d2b9_4a2d_afd3_136f07d72bb5
2025-07-31 02:25:44,265 WARN  [org.apa.kaf.cli.NetworkClient] (kafka-producer-network-thread | Producer-topic-ec55106e_d2b9_4a2d_afd3_136f07d72bb5) [Producer clientId=Producer-topic-ec55106e_d2b9_4a2d_afd3_136f07d72bb5] The metadata response from the cluster reported a recoverable issue with correlation id 2 : {topic-ec55106e_d2b9_4a2d_afd3_136f07d72bb5=LEADER_NOT_AVAILABLE}
2025-07-31 02:25:44,268 INFO  [org.apa.kaf.cli.Metadata] (kafka-producer-network-thread | Producer-topic-ec55106e_d2b9_4a2d_afd3_136f07d72bb5) [Producer clientId=Producer-topic-ec55106e_d2b9_4a2d_afd3_136f07d72bb5] Cluster ID: MA4G_e_SRU2vGr9gzyfJLg
2025-07-31 02:25:44,412 INFO  [org.apa.kaf.cli.pro.int.TransactionManager] (kafka-producer-network-thread | Producer-topic-ec55106e_d2b9_4a2d_afd3_136f07d72bb5) [Producer clientId=Producer-topic-ec55106e_d2b9_4a2d_afd3_136f07d72bb5] ProducerId set to 0 with epoch 0
2025-07-31 02:25:44,424 WARN  [org.apa.kaf.cli.NetworkClient] (kafka-producer-network-thread | Producer-topic-ec55106e_d2b9_4a2d_afd3_136f07d72bb5) [Producer clientId=Producer-topic-ec55106e_d2b9_4a2d_afd3_136f07d72bb5] The metadata response from the cluster reported a recoverable issue with correlation id 8 : {topic-ec55106e_d2b9_4a2d_afd3_136f07d72bb5=LEADER_NOT_AVAILABLE}
2025-07-31 02:25:44,855 INFO  [io.api.tes.ser.api.KafkaSerdesTester] (Thread-120) Sending message {"key11753928743458": "value-1"} to topic topic-ec55106e_d2b9_4a2d_afd3_136f07d72bb5
2025-07-31 02:25:44,868 INFO  [io.api.tes.ser.api.KafkaSerdesTester] (Thread-120) Sending message {"key11753928743458": "value-2"} to topic topic-ec55106e_d2b9_4a2d_afd3_136f07d72bb5
2025-07-31 02:25:44,878 INFO  [io.api.tes.ser.api.KafkaSerdesTester] (Thread-120) Sending message {"key11753928743458": "value-3"} to topic topic-ec55106e_d2b9_4a2d_afd3_136f07d72bb5
2025-07-31 02:25:44,889 INFO  [io.api.tes.ser.api.KafkaSerdesTester] (Thread-120) Sending message {"key11753928743458": "value-4"} to topic topic-ec55106e_d2b9_4a2d_afd3_136f07d72bb5
2025-07-31 02:25:44,897 INFO  [io.api.tes.ser.api.KafkaSerdesTester] (Thread-120) Sending message {"key11753928743458": "value-5"} to topic topic-ec55106e_d2b9_4a2d_afd3_136f07d72bb5
2025-07-31 02:25:44,909 INFO  [io.api.tes.ser.api.KafkaSerdesTester] (Thread-120) Sending message {"key11753928743458": "value-6"} to topic topic-ec55106e_d2b9_4a2d_afd3_136f07d72bb5
2025-07-31 02:25:44,914 INFO  [io.api.tes.ser.api.KafkaSerdesTester] (Thread-120) Sending message {"key11753928743458": "value-7"} to topic topic-ec55106e_d2b9_4a2d_afd3_136f07d72bb5
2025-07-31 02:25:44,920 INFO  [io.api.tes.ser.api.KafkaSerdesTester] (Thread-120) Sending message {"key11753928743458": "value-8"} to topic topic-ec55106e_d2b9_4a2d_afd3_136f07d72bb5
2025-07-31 02:25:44,928 INFO  [io.api.tes.ser.api.KafkaSerdesTester] (Thread-120) Sending message {"key11753928743458": "value-9"} to topic topic-ec55106e_d2b9_4a2d_afd3_136f07d72bb5
2025-07-31 02:25:44,935 INFO  [io.api.tes.ser.api.KafkaSerdesTester] (Thread-120) Produced 10 messages
2025-07-31 02:25:44,940 INFO  [org.apa.kaf.cli.pro.KafkaProducer] (Thread-120) [Producer clientId=Producer-topic-ec55106e_d2b9_4a2d_afd3_136f07d72bb5] Closing the Kafka producer with timeoutMillis = 9223372036854775807 ms.
2025-07-31 02:25:44,964 INFO  [org.apa.kaf.com.met.Metrics] (Thread-120) Metrics scheduler closed
2025-07-31 02:25:44,965 INFO  [org.apa.kaf.com.met.Metrics] (Thread-120) Closing reporter org.apache.kafka.common.metrics.JmxReporter
2025-07-31 02:25:44,965 INFO  [org.apa.kaf.com.met.Metrics] (Thread-120) Closing reporter org.apache.kafka.common.telemetry.internals.ClientTelemetryReporter
2025-07-31 02:25:44,966 INFO  [org.apa.kaf.com.met.Metrics] (Thread-120) Metrics reporters closed
2025-07-31 02:25:44,970 INFO  [org.apa.kaf.com.uti.AppInfoParser] (Thread-120) App info kafka.producer for Producer-topic-ec55106e_d2b9_4a2d_afd3_136f07d72bb5 unregistered
2025-07-31 02:25:45,111 INFO  [org.apa.kaf.cli.con.ConsumerConfig] (main) ConsumerConfig values: 
	allow.auto.create.topics = true
	auto.commit.interval.ms = 500
	auto.include.jmx.reporter = true
	auto.offset.reset = earliest
	bootstrap.servers = [PLAINTEXT://localhost:32770]
	check.crcs = true
	client.dns.lookup = use_all_dns_ips
	client.id = consumer-Consumer-topic-ec55106e_d2b9_4a2d_afd3_136f07d72bb5-1
	client.rack = 
	connections.max.idle.ms = 10000
	default.api.timeout.ms = 60000
	enable.auto.commit = true
	enable.metrics.push = true
	exclude.internal.topics = true
	fetch.max.bytes = 52428800
	fetch.max.wait.ms = 500
	fetch.min.bytes = 1
	group.id = Consumer-topic-ec55106e_d2b9_4a2d_afd3_136f07d72bb5
	group.instance.id = null
	group.protocol = classic
	group.remote.assignor = null
	heartbeat.interval.ms = 3000
	interceptor.classes = []
	internal.leave.group.on.close = true
	internal.throw.on.fetch.stable.offset.unsupported = false
	isolation.level = read_uncommitted
	key.deserializer = class org.apache.kafka.common.serialization.StringDeserializer
	max.partition.fetch.bytes = 1048576
	max.poll.interval.ms = 300000
	max.poll.records = 500
	metadata.max.age.ms = 300000
	metadata.recovery.strategy = none
	metric.reporters = []
	metrics.num.samples = 2
	metrics.recording.level = INFO
	metrics.sample.window.ms = 30000
	partition.assignment.strategy = [class org.apache.kafka.clients.consumer.RangeAssignor, class org.apache.kafka.clients.consumer.CooperativeStickyAssignor]
	receive.buffer.bytes = 65536
	reconnect.backoff.max.ms = 1000
	reconnect.backoff.ms = 50
	request.timeout.ms = 5000
	retry.backoff.max.ms = 1000
	retry.backoff.ms = 100
	sasl.client.callback.handler.class = null
	sasl.jaas.config = null
	sasl.kerberos.kinit.cmd = /usr/bin/kinit
	sasl.kerberos.min.time.before.relogin = 60000
	sasl.kerberos.service.name = null
	sasl.kerberos.ticket.renew.jitter = 0.05
	sasl.kerberos.ticket.renew.window.factor = 0.8
	sasl.login.callback.handler.class = null
	sasl.login.class = null
	sasl.login.connect.timeout.ms = null
	sasl.login.read.timeout.ms = null
	sasl.login.refresh.buffer.seconds = 300
	sasl.login.refresh.min.period.seconds = 60
	sasl.login.refresh.window.factor = 0.8
	sasl.login.refresh.window.jitter = 0.05
	sasl.login.retry.backoff.max.ms = 10000
	sasl.login.retry.backoff.ms = 100
	sasl.mechanism = GSSAPI
	sasl.oauthbearer.clock.skew.seconds = 30
	sasl.oauthbearer.expected.audience = null
	sasl.oauthbearer.expected.issuer = null
	sasl.oauthbearer.header.urlencode = false
	sasl.oauthbearer.jwks.endpoint.refresh.ms = 3600000
	sasl.oauthbearer.jwks.endpoint.retry.backoff.max.ms = 10000
	sasl.oauthbearer.jwks.endpoint.retry.backoff.ms = 100
	sasl.oauthbearer.jwks.endpoint.url = null
	sasl.oauthbearer.scope.claim.name = scope
	sasl.oauthbearer.sub.claim.name = sub
	sasl.oauthbearer.token.endpoint.url = null
	security.protocol = PLAINTEXT
	security.providers = null
	send.buffer.bytes = 131072
	session.timeout.ms = 45000
	socket.connection.setup.timeout.max.ms = 30000
	socket.connection.setup.timeout.ms = 10000
	ssl.cipher.suites = null
	ssl.enabled.protocols = [TLSv1.2, TLSv1.3]
	ssl.endpoint.identification.algorithm = https
	ssl.engine.factory.class = null
	ssl.key.password = null
	ssl.keymanager.algorithm = SunX509
	ssl.keystore.certificate.chain = null
	ssl.keystore.key = null
	ssl.keystore.location = null
	ssl.keystore.password = null
	ssl.keystore.type = JKS
	ssl.protocol = TLSv1.3
	ssl.provider = null
	ssl.secure.random.implementation = null
	ssl.trustmanager.algorithm = PKIX
	ssl.truststore.certificates = null
	ssl.truststore.location = null
	ssl.truststore.password = null
	ssl.truststore.type = JKS
	value.deserializer = class io.apicurio.registry.serde.avro.AvroKafkaDeserializer

2025-07-31 02:25:45,122 INFO  [org.apa.kaf.com.tel.int.KafkaMetricsCollector] (main) initializing Kafka metrics collector
2025-07-31 02:25:45,174 INFO  [org.apa.kaf.cli.con.ConsumerConfig] (main) These configurations '[apicurio.registry.url, apicurio.registry.use-id]' were supplied but are not used yet.
2025-07-31 02:25:45,175 INFO  [org.apa.kaf.com.uti.AppInfoParser] (main) Kafka version: 3.9.0
2025-07-31 02:25:45,175 INFO  [org.apa.kaf.com.uti.AppInfoParser] (main) Kafka commitId: 84caaa6e9da06435
2025-07-31 02:25:45,175 INFO  [org.apa.kaf.com.uti.AppInfoParser] (main) Kafka startTimeMs: 1753928745175
2025-07-31 02:25:45,177 INFO  [org.apa.kaf.cli.con.int.ClassicKafkaConsumer] (Thread-123) [Consumer clientId=consumer-Consumer-topic-ec55106e_d2b9_4a2d_afd3_136f07d72bb5-1, groupId=Consumer-topic-ec55106e_d2b9_4a2d_afd3_136f07d72bb5] Subscribed to topic(s): topic-ec55106e_d2b9_4a2d_afd3_136f07d72bb5
2025-07-31 02:25:45,193 INFO  [org.apa.kaf.cli.Metadata] (Thread-123) [Consumer clientId=consumer-Consumer-topic-ec55106e_d2b9_4a2d_afd3_136f07d72bb5-1, groupId=Consumer-topic-ec55106e_d2b9_4a2d_afd3_136f07d72bb5] Cluster ID: MA4G_e_SRU2vGr9gzyfJLg
2025-07-31 02:25:45,991 INFO  [org.apa.kaf.cli.con.int.ConsumerCoordinator] (Thread-123) [Consumer clientId=consumer-Consumer-topic-ec55106e_d2b9_4a2d_afd3_136f07d72bb5-1, groupId=Consumer-topic-ec55106e_d2b9_4a2d_afd3_136f07d72bb5] Discovered group coordinator localhost:32770 (id: 2147483647 rack: null)
2025-07-31 02:25:46,000 INFO  [org.apa.kaf.cli.con.int.ConsumerCoordinator] (Thread-123) [Consumer clientId=consumer-Consumer-topic-ec55106e_d2b9_4a2d_afd3_136f07d72bb5-1, groupId=Consumer-topic-ec55106e_d2b9_4a2d_afd3_136f07d72bb5] (Re-)joining group
2025-07-31 02:25:46,030 INFO  [org.apa.kaf.cli.con.int.ConsumerCoordinator] (Thread-123) [Consumer clientId=consumer-Consumer-topic-ec55106e_d2b9_4a2d_afd3_136f07d72bb5-1, groupId=Consumer-topic-ec55106e_d2b9_4a2d_afd3_136f07d72bb5] Request joining group due to: need to re-join with the given member-id: consumer-Consumer-topic-ec55106e_d2b9_4a2d_afd3_136f07d72bb5-1-884a8b9b-4084-4aba-8cdb-e7c6c96363df
2025-07-31 02:25:46,030 INFO  [org.apa.kaf.cli.con.int.ConsumerCoordinator] (Thread-123) [Consumer clientId=consumer-Consumer-topic-ec55106e_d2b9_4a2d_afd3_136f07d72bb5-1, groupId=Consumer-topic-ec55106e_d2b9_4a2d_afd3_136f07d72bb5] (Re-)joining group
2025-07-31 02:25:46,053 INFO  [org.apa.kaf.cli.con.int.ConsumerCoordinator] (Thread-123) [Consumer clientId=consumer-Consumer-topic-ec55106e_d2b9_4a2d_afd3_136f07d72bb5-1, groupId=Consumer-topic-ec55106e_d2b9_4a2d_afd3_136f07d72bb5] Successfully joined group with generation Generation{generationId=1, memberId='consumer-Consumer-topic-ec55106e_d2b9_4a2d_afd3_136f07d72bb5-1-884a8b9b-4084-4aba-8cdb-e7c6c96363df', protocol='range'}
2025-07-31 02:25:46,059 INFO  [org.apa.kaf.cli.con.int.ConsumerCoordinator] (Thread-123) [Consumer clientId=consumer-Consumer-topic-ec55106e_d2b9_4a2d_afd3_136f07d72bb5-1, groupId=Consumer-topic-ec55106e_d2b9_4a2d_afd3_136f07d72bb5] Finished assignment for group at generation 1: {consumer-Consumer-topic-ec55106e_d2b9_4a2d_afd3_136f07d72bb5-1-884a8b9b-4084-4aba-8cdb-e7c6c96363df=Assignment(partitions=[topic-ec55106e_d2b9_4a2d_afd3_136f07d72bb5-0])}
2025-07-31 02:25:46,089 INFO  [org.apa.kaf.cli.con.int.ConsumerCoordinator] (Thread-123) [Consumer clientId=consumer-Consumer-topic-ec55106e_d2b9_4a2d_afd3_136f07d72bb5-1, groupId=Consumer-topic-ec55106e_d2b9_4a2d_afd3_136f07d72bb5] Successfully synced group in generation Generation{generationId=1, memberId='consumer-Consumer-topic-ec55106e_d2b9_4a2d_afd3_136f07d72bb5-1-884a8b9b-4084-4aba-8cdb-e7c6c96363df', protocol='range'}
2025-07-31 02:25:46,090 INFO  [org.apa.kaf.cli.con.int.ConsumerCoordinator] (Thread-123) [Consumer clientId=consumer-Consumer-topic-ec55106e_d2b9_4a2d_afd3_136f07d72bb5-1, groupId=Consumer-topic-ec55106e_d2b9_4a2d_afd3_136f07d72bb5] Notifying assignor about the new Assignment(partitions=[topic-ec55106e_d2b9_4a2d_afd3_136f07d72bb5-0])
2025-07-31 02:25:46,093 INFO  [org.apa.kaf.cli.con.int.ConsumerRebalanceListenerInvoker] (Thread-123) [Consumer clientId=consumer-Consumer-topic-ec55106e_d2b9_4a2d_afd3_136f07d72bb5-1, groupId=Consumer-topic-ec55106e_d2b9_4a2d_afd3_136f07d72bb5] Adding newly assigned partitions: topic-ec55106e_d2b9_4a2d_afd3_136f07d72bb5-0
2025-07-31 02:25:46,110 INFO  [org.apa.kaf.cli.con.int.ConsumerCoordinator] (Thread-123) [Consumer clientId=consumer-Consumer-topic-ec55106e_d2b9_4a2d_afd3_136f07d72bb5-1, groupId=Consumer-topic-ec55106e_d2b9_4a2d_afd3_136f07d72bb5] Found no committed offset for partition topic-ec55106e_d2b9_4a2d_afd3_136f07d72bb5-0
2025-07-31 02:25:46,135 INFO  [org.apa.kaf.cli.con.int.SubscriptionState] (Thread-123) [Consumer clientId=consumer-Consumer-topic-ec55106e_d2b9_4a2d_afd3_136f07d72bb5-1, groupId=Consumer-topic-ec55106e_d2b9_4a2d_afd3_136f07d72bb5] Resetting offset for partition topic-ec55106e_d2b9_4a2d_afd3_136f07d72bb5-0 to position FetchPosition{offset=0, offsetEpoch=Optional.empty, currentLeader=LeaderAndEpoch{leader=Optional[localhost:32770 (id: 0 rack: null)], epoch=0}}.
2025-07-31 02:25:46,319 INFO  [io.api.tes.ser.api.KafkaSerdesTester] (Thread-123) topic-ec55106e_d2b9_4a2d_afd3_136f07d72bb5 0 0 {"key11753928743458": "value-0"}
2025-07-31 02:25:46,322 INFO  [io.api.tes.ser.api.KafkaSerdesTester] (Thread-123) topic-ec55106e_d2b9_4a2d_afd3_136f07d72bb5 0 1 {"key11753928743458": "value-1"}
2025-07-31 02:25:46,322 INFO  [io.api.tes.ser.api.KafkaSerdesTester] (Thread-123) topic-ec55106e_d2b9_4a2d_afd3_136f07d72bb5 0 2 {"key11753928743458": "value-2"}
2025-07-31 02:25:46,322 INFO  [io.api.tes.ser.api.KafkaSerdesTester] (Thread-123) topic-ec55106e_d2b9_4a2d_afd3_136f07d72bb5 0 3 {"key11753928743458": "value-3"}
2025-07-31 02:25:46,322 INFO  [io.api.tes.ser.api.KafkaSerdesTester] (Thread-123) topic-ec55106e_d2b9_4a2d_afd3_136f07d72bb5 0 4 {"key11753928743458": "value-4"}
2025-07-31 02:25:46,322 INFO  [io.api.tes.ser.api.KafkaSerdesTester] (Thread-123) topic-ec55106e_d2b9_4a2d_afd3_136f07d72bb5 0 5 {"key11753928743458": "value-5"}
2025-07-31 02:25:46,323 INFO  [io.api.tes.ser.api.KafkaSerdesTester] (Thread-123) topic-ec55106e_d2b9_4a2d_afd3_136f07d72bb5 0 6 {"key11753928743458": "value-6"}
2025-07-31 02:25:46,323 INFO  [io.api.tes.ser.api.KafkaSerdesTester] (Thread-123) topic-ec55106e_d2b9_4a2d_afd3_136f07d72bb5 0 7 {"key11753928743458": "value-7"}
2025-07-31 02:25:46,323 INFO  [io.api.tes.ser.api.KafkaSerdesTester] (Thread-123) topic-ec55106e_d2b9_4a2d_afd3_136f07d72bb5 0 8 {"key11753928743458": "value-8"}
2025-07-31 02:25:46,323 INFO  [io.api.tes.ser.api.KafkaSerdesTester] (Thread-123) topic-ec55106e_d2b9_4a2d_afd3_136f07d72bb5 0 9 {"key11753928743458": "value-9"}
2025-07-31 02:25:46,323 INFO  [io.api.tes.ser.api.KafkaSerdesTester] (Thread-123) Consumed 10 messages
2025-07-31 02:25:46,363 INFO  [org.apa.kaf.cli.con.int.ConsumerRebalanceListenerInvoker] (Thread-123) [Consumer clientId=consumer-Consumer-topic-ec55106e_d2b9_4a2d_afd3_136f07d72bb5-1, groupId=Consumer-topic-ec55106e_d2b9_4a2d_afd3_136f07d72bb5] Revoke previously assigned partitions topic-ec55106e_d2b9_4a2d_afd3_136f07d72bb5-0
2025-07-31 02:25:46,364 INFO  [org.apa.kaf.cli.con.int.ConsumerCoordinator] (Thread-123) [Consumer clientId=consumer-Consumer-topic-ec55106e_d2b9_4a2d_afd3_136f07d72bb5-1, groupId=Consumer-topic-ec55106e_d2b9_4a2d_afd3_136f07d72bb5] Member consumer-Consumer-topic-ec55106e_d2b9_4a2d_afd3_136f07d72bb5-1-884a8b9b-4084-4aba-8cdb-e7c6c96363df sending LeaveGroup request to coordinator localhost:32770 (id: 2147483647 rack: null) due to the consumer is being closed
2025-07-31 02:25:46,365 INFO  [org.apa.kaf.cli.con.int.ConsumerCoordinator] (Thread-123) [Consumer clientId=consumer-Consumer-topic-ec55106e_d2b9_4a2d_afd3_136f07d72bb5-1, groupId=Consumer-topic-ec55106e_d2b9_4a2d_afd3_136f07d72bb5] Resetting generation and member id due to: consumer pro-actively leaving the group
2025-07-31 02:25:46,365 INFO  [org.apa.kaf.cli.con.int.ConsumerCoordinator] (Thread-123) [Consumer clientId=consumer-Consumer-topic-ec55106e_d2b9_4a2d_afd3_136f07d72bb5-1, groupId=Consumer-topic-ec55106e_d2b9_4a2d_afd3_136f07d72bb5] Request joining group due to: consumer pro-actively leaving the group
2025-07-31 02:25:46,834 INFO  [org.apa.kaf.com.met.Metrics] (Thread-123) Metrics scheduler closed
2025-07-31 02:25:46,834 INFO  [org.apa.kaf.com.met.Metrics] (Thread-123) Closing reporter org.apache.kafka.common.metrics.JmxReporter
2025-07-31 02:25:46,834 INFO  [org.apa.kaf.com.met.Metrics] (Thread-123) Closing reporter org.apache.kafka.common.telemetry.internals.ClientTelemetryReporter
2025-07-31 02:25:46,835 INFO  [org.apa.kaf.com.met.Metrics] (Thread-123) Metrics reporters closed
2025-07-31 02:25:46,843 INFO  [org.apa.kaf.com.uti.AppInfoParser] (Thread-123) App info kafka.consumer for consumer-Consumer-topic-ec55106e_d2b9_4a2d_afd3_136f07d72bb5-1 unregistered
2025-07-31 02:25:46,845 INFO  [io.api.tes.uti.TestSeparator] (main) io.apicurio.tests.serdes.apicurio.AvroSerdeIT.testGlobalIdInHeaders-FINISHED
2025-07-31 02:25:46,845 INFO  [io.api.tes.uti.TestSeparator] (main) ############################################################################
]]></system-out>
  </testcase>
  <testcase name="testSimpleTopicIdStrategyFindLatest" classname="io.apicurio.tests.serdes.apicurio.AvroSerdeIT" time="2.113">
    <system-out><![CDATA[2025-07-31 02:25:46,855 INFO  [io.api.tes.uti.TestSeparator] (main) ############################################################################
2025-07-31 02:25:46,855 INFO  [io.api.tes.uti.TestSeparator] (main) io.apicurio.tests.serdes.apicurio.AvroSerdeIT.testSimpleTopicIdStrategyFindLatest-STARTED
2025-07-31 02:25:46,859 INFO  [io.api.tes.ser.api.AvroSerdeIT] (main) Registering Avro Schema: {"type":"record","name":"myrecordapicurio1","fields":[{"name":"key11753928746855","type":"string"}]}
2025-07-31 02:25:47,997 INFO  [org.apa.kaf.cli.pro.ProducerConfig] (main) ProducerConfig values: 
	acks = -1
	auto.include.jmx.reporter = true
	batch.size = 16384
	bootstrap.servers = [PLAINTEXT://localhost:32770]
	buffer.memory = 33554432
	client.dns.lookup = use_all_dns_ips
	client.id = Producer-topic-208d29fb_415f_4e07_9f9b_ab56f162ea40
	compression.gzip.level = -1
	compression.lz4.level = 9
	compression.type = none
	compression.zstd.level = 3
	connections.max.idle.ms = 10000
	delivery.timeout.ms = 120000
	enable.idempotence = true
	enable.metrics.push = true
	interceptor.classes = []
	key.serializer = class org.apache.kafka.common.serialization.StringSerializer
	linger.ms = 0
	max.block.ms = 60000
	max.in.flight.requests.per.connection = 5
	max.request.size = 1048576
	metadata.max.age.ms = 300000
	metadata.max.idle.ms = 300000
	metadata.recovery.strategy = none
	metric.reporters = []
	metrics.num.samples = 2
	metrics.recording.level = INFO
	metrics.sample.window.ms = 30000
	partitioner.adaptive.partitioning.enable = true
	partitioner.availability.timeout.ms = 0
	partitioner.class = null
	partitioner.ignore.keys = false
	receive.buffer.bytes = 32768
	reconnect.backoff.max.ms = 1000
	reconnect.backoff.ms = 50
	request.timeout.ms = 5000
	retries = 2147483647
	retry.backoff.max.ms = 1000
	retry.backoff.ms = 100
	sasl.client.callback.handler.class = null
	sasl.jaas.config = null
	sasl.kerberos.kinit.cmd = /usr/bin/kinit
	sasl.kerberos.min.time.before.relogin = 60000
	sasl.kerberos.service.name = null
	sasl.kerberos.ticket.renew.jitter = 0.05
	sasl.kerberos.ticket.renew.window.factor = 0.8
	sasl.login.callback.handler.class = null
	sasl.login.class = null
	sasl.login.connect.timeout.ms = null
	sasl.login.read.timeout.ms = null
	sasl.login.refresh.buffer.seconds = 300
	sasl.login.refresh.min.period.seconds = 60
	sasl.login.refresh.window.factor = 0.8
	sasl.login.refresh.window.jitter = 0.05
	sasl.login.retry.backoff.max.ms = 10000
	sasl.login.retry.backoff.ms = 100
	sasl.mechanism = GSSAPI
	sasl.oauthbearer.clock.skew.seconds = 30
	sasl.oauthbearer.expected.audience = null
	sasl.oauthbearer.expected.issuer = null
	sasl.oauthbearer.header.urlencode = false
	sasl.oauthbearer.jwks.endpoint.refresh.ms = 3600000
	sasl.oauthbearer.jwks.endpoint.retry.backoff.max.ms = 10000
	sasl.oauthbearer.jwks.endpoint.retry.backoff.ms = 100
	sasl.oauthbearer.jwks.endpoint.url = null
	sasl.oauthbearer.scope.claim.name = scope
	sasl.oauthbearer.sub.claim.name = sub
	sasl.oauthbearer.token.endpoint.url = null
	security.protocol = PLAINTEXT
	security.providers = null
	send.buffer.bytes = 131072
	socket.connection.setup.timeout.max.ms = 30000
	socket.connection.setup.timeout.ms = 10000
	ssl.cipher.suites = null
	ssl.enabled.protocols = [TLSv1.2, TLSv1.3]
	ssl.endpoint.identification.algorithm = https
	ssl.engine.factory.class = null
	ssl.key.password = null
	ssl.keymanager.algorithm = SunX509
	ssl.keystore.certificate.chain = null
	ssl.keystore.key = null
	ssl.keystore.location = null
	ssl.keystore.password = null
	ssl.keystore.type = JKS
	ssl.protocol = TLSv1.3
	ssl.provider = null
	ssl.secure.random.implementation = null
	ssl.trustmanager.algorithm = PKIX
	ssl.truststore.certificates = null
	ssl.truststore.location = null
	ssl.truststore.password = null
	ssl.truststore.type = JKS
	transaction.timeout.ms = 60000
	transactional.id = null
	value.serializer = class io.apicurio.registry.serde.avro.AvroKafkaSerializer

2025-07-31 02:25:48,000 INFO  [org.apa.kaf.com.tel.int.KafkaMetricsCollector] (main) initializing Kafka metrics collector
2025-07-31 02:25:48,007 INFO  [org.apa.kaf.cli.pro.KafkaProducer] (main) [Producer clientId=Producer-topic-208d29fb_415f_4e07_9f9b_ab56f162ea40] Instantiated an idempotent producer.
2025-07-31 02:25:48,017 INFO  [org.apa.kaf.cli.pro.ProducerConfig] (main) These configurations '[apicurio.registry.find-latest, apicurio.registry.artifact.group-id, apicurio.registry.url, apicurio.registry.artifact-resolver-strategy]' were supplied but are not used yet.
2025-07-31 02:25:48,017 INFO  [org.apa.kaf.com.uti.AppInfoParser] (main) Kafka version: 3.9.0
2025-07-31 02:25:48,017 INFO  [org.apa.kaf.com.uti.AppInfoParser] (main) Kafka commitId: 84caaa6e9da06435
2025-07-31 02:25:48,018 INFO  [org.apa.kaf.com.uti.AppInfoParser] (main) Kafka startTimeMs: 1753928748017
2025-07-31 02:25:48,019 INFO  [io.api.tes.ser.api.SimpleSerdesTesterBuilder$SimpleSerdesTester] (main) Using producer configuration: {apicurio.registry.find-latest=true, apicurio.registry.artifact.group-id=topic-208d29fb_415f_4e07_9f9b_ab56f162ea40, apicurio.registry.url=http://registry-app-kafkasql.apps.ci419.apicurio-testing.org:80/apis/registry/v3, apicurio.registry.artifact-resolver-strategy=io.apicurio.registry.serde.strategy.SimpleTopicIdStrategy, value.serializer=io.apicurio.registry.serde.avro.AvroKafkaSerializer, request.timeout.ms=5000, acks=all, bootstrap.servers=PLAINTEXT://localhost:32770, connections.max.idle.ms=10000, key.serializer=org.apache.kafka.common.serialization.StringSerializer, client.id=Producer-topic-208d29fb_415f_4e07_9f9b_ab56f162ea40}
2025-07-31 02:25:48,019 INFO  [io.api.tes.ser.api.SimpleSerdesTesterBuilder$SimpleSerdesTester] (main) Using consumer configuration: {}
2025-07-31 02:25:48,020 INFO  [io.api.tes.ser.api.KafkaSerdesTester] (Thread-126) Sending message {"key11753928746855": "value-0"} to topic topic-208d29fb_415f_4e07_9f9b_ab56f162ea40
2025-07-31 02:25:48,030 INFO  [org.apa.kaf.cli.Metadata] (kafka-producer-network-thread | Producer-topic-208d29fb_415f_4e07_9f9b_ab56f162ea40) [Producer clientId=Producer-topic-208d29fb_415f_4e07_9f9b_ab56f162ea40] Cluster ID: MA4G_e_SRU2vGr9gzyfJLg
2025-07-31 02:25:48,036 INFO  [org.apa.kaf.cli.pro.int.TransactionManager] (kafka-producer-network-thread | Producer-topic-208d29fb_415f_4e07_9f9b_ab56f162ea40) [Producer clientId=Producer-topic-208d29fb_415f_4e07_9f9b_ab56f162ea40] ProducerId set to 1 with epoch 0
2025-07-31 02:25:48,212 INFO  [io.api.tes.ser.api.KafkaSerdesTester] (Thread-126) Sending message {"key11753928746855": "value-1"} to topic topic-208d29fb_415f_4e07_9f9b_ab56f162ea40
2025-07-31 02:25:48,215 INFO  [io.api.tes.ser.api.KafkaSerdesTester] (Thread-126) Sending message {"key11753928746855": "value-2"} to topic topic-208d29fb_415f_4e07_9f9b_ab56f162ea40
2025-07-31 02:25:48,217 INFO  [io.api.tes.ser.api.KafkaSerdesTester] (Thread-126) Sending message {"key11753928746855": "value-3"} to topic topic-208d29fb_415f_4e07_9f9b_ab56f162ea40
2025-07-31 02:25:48,220 INFO  [io.api.tes.ser.api.KafkaSerdesTester] (Thread-126) Sending message {"key11753928746855": "value-4"} to topic topic-208d29fb_415f_4e07_9f9b_ab56f162ea40
2025-07-31 02:25:48,222 INFO  [io.api.tes.ser.api.KafkaSerdesTester] (Thread-126) Sending message {"key11753928746855": "value-5"} to topic topic-208d29fb_415f_4e07_9f9b_ab56f162ea40
2025-07-31 02:25:48,225 INFO  [io.api.tes.ser.api.KafkaSerdesTester] (Thread-126) Sending message {"key11753928746855": "value-6"} to topic topic-208d29fb_415f_4e07_9f9b_ab56f162ea40
2025-07-31 02:25:48,227 INFO  [io.api.tes.ser.api.KafkaSerdesTester] (Thread-126) Sending message {"key11753928746855": "value-7"} to topic topic-208d29fb_415f_4e07_9f9b_ab56f162ea40
2025-07-31 02:25:48,229 INFO  [io.api.tes.ser.api.KafkaSerdesTester] (Thread-126) Sending message {"key11753928746855": "value-8"} to topic topic-208d29fb_415f_4e07_9f9b_ab56f162ea40
2025-07-31 02:25:48,233 INFO  [io.api.tes.ser.api.KafkaSerdesTester] (Thread-126) Sending message {"key11753928746855": "value-9"} to topic topic-208d29fb_415f_4e07_9f9b_ab56f162ea40
2025-07-31 02:25:48,238 INFO  [io.api.tes.ser.api.KafkaSerdesTester] (Thread-126) Produced 10 messages
2025-07-31 02:25:48,238 INFO  [org.apa.kaf.cli.pro.KafkaProducer] (Thread-126) [Producer clientId=Producer-topic-208d29fb_415f_4e07_9f9b_ab56f162ea40] Closing the Kafka producer with timeoutMillis = 9223372036854775807 ms.
2025-07-31 02:25:48,244 INFO  [org.apa.kaf.com.met.Metrics] (Thread-126) Metrics scheduler closed
2025-07-31 02:25:48,244 INFO  [org.apa.kaf.com.met.Metrics] (Thread-126) Closing reporter org.apache.kafka.common.metrics.JmxReporter
2025-07-31 02:25:48,244 INFO  [org.apa.kaf.com.met.Metrics] (Thread-126) Closing reporter org.apache.kafka.common.telemetry.internals.ClientTelemetryReporter
2025-07-31 02:25:48,245 INFO  [org.apa.kaf.com.met.Metrics] (Thread-126) Metrics reporters closed
2025-07-31 02:25:48,245 INFO  [org.apa.kaf.com.uti.AppInfoParser] (Thread-126) App info kafka.producer for Producer-topic-208d29fb_415f_4e07_9f9b_ab56f162ea40 unregistered
2025-07-31 02:25:48,246 INFO  [org.apa.kaf.cli.con.ConsumerConfig] (main) ConsumerConfig values: 
	allow.auto.create.topics = true
	auto.commit.interval.ms = 500
	auto.include.jmx.reporter = true
	auto.offset.reset = earliest
	bootstrap.servers = [PLAINTEXT://localhost:32770]
	check.crcs = true
	client.dns.lookup = use_all_dns_ips
	client.id = consumer-Consumer-topic-208d29fb_415f_4e07_9f9b_ab56f162ea40-2
	client.rack = 
	connections.max.idle.ms = 10000
	default.api.timeout.ms = 60000
	enable.auto.commit = true
	enable.metrics.push = true
	exclude.internal.topics = true
	fetch.max.bytes = 52428800
	fetch.max.wait.ms = 500
	fetch.min.bytes = 1
	group.id = Consumer-topic-208d29fb_415f_4e07_9f9b_ab56f162ea40
	group.instance.id = null
	group.protocol = classic
	group.remote.assignor = null
	heartbeat.interval.ms = 3000
	interceptor.classes = []
	internal.leave.group.on.close = true
	internal.throw.on.fetch.stable.offset.unsupported = false
	isolation.level = read_uncommitted
	key.deserializer = class org.apache.kafka.common.serialization.StringDeserializer
	max.partition.fetch.bytes = 1048576
	max.poll.interval.ms = 300000
	max.poll.records = 500
	metadata.max.age.ms = 300000
	metadata.recovery.strategy = none
	metric.reporters = []
	metrics.num.samples = 2
	metrics.recording.level = INFO
	metrics.sample.window.ms = 30000
	partition.assignment.strategy = [class org.apache.kafka.clients.consumer.RangeAssignor, class org.apache.kafka.clients.consumer.CooperativeStickyAssignor]
	receive.buffer.bytes = 65536
	reconnect.backoff.max.ms = 1000
	reconnect.backoff.ms = 50
	request.timeout.ms = 5000
	retry.backoff.max.ms = 1000
	retry.backoff.ms = 100
	sasl.client.callback.handler.class = null
	sasl.jaas.config = null
	sasl.kerberos.kinit.cmd = /usr/bin/kinit
	sasl.kerberos.min.time.before.relogin = 60000
	sasl.kerberos.service.name = null
	sasl.kerberos.ticket.renew.jitter = 0.05
	sasl.kerberos.ticket.renew.window.factor = 0.8
	sasl.login.callback.handler.class = null
	sasl.login.class = null
	sasl.login.connect.timeout.ms = null
	sasl.login.read.timeout.ms = null
	sasl.login.refresh.buffer.seconds = 300
	sasl.login.refresh.min.period.seconds = 60
	sasl.login.refresh.window.factor = 0.8
	sasl.login.refresh.window.jitter = 0.05
	sasl.login.retry.backoff.max.ms = 10000
	sasl.login.retry.backoff.ms = 100
	sasl.mechanism = GSSAPI
	sasl.oauthbearer.clock.skew.seconds = 30
	sasl.oauthbearer.expected.audience = null
	sasl.oauthbearer.expected.issuer = null
	sasl.oauthbearer.header.urlencode = false
	sasl.oauthbearer.jwks.endpoint.refresh.ms = 3600000
	sasl.oauthbearer.jwks.endpoint.retry.backoff.max.ms = 10000
	sasl.oauthbearer.jwks.endpoint.retry.backoff.ms = 100
	sasl.oauthbearer.jwks.endpoint.url = null
	sasl.oauthbearer.scope.claim.name = scope
	sasl.oauthbearer.sub.claim.name = sub
	sasl.oauthbearer.token.endpoint.url = null
	security.protocol = PLAINTEXT
	security.providers = null
	send.buffer.bytes = 131072
	session.timeout.ms = 45000
	socket.connection.setup.timeout.max.ms = 30000
	socket.connection.setup.timeout.ms = 10000
	ssl.cipher.suites = null
	ssl.enabled.protocols = [TLSv1.2, TLSv1.3]
	ssl.endpoint.identification.algorithm = https
	ssl.engine.factory.class = null
	ssl.key.password = null
	ssl.keymanager.algorithm = SunX509
	ssl.keystore.certificate.chain = null
	ssl.keystore.key = null
	ssl.keystore.location = null
	ssl.keystore.password = null
	ssl.keystore.type = JKS
	ssl.protocol = TLSv1.3
	ssl.provider = null
	ssl.secure.random.implementation = null
	ssl.trustmanager.algorithm = PKIX
	ssl.truststore.certificates = null
	ssl.truststore.location = null
	ssl.truststore.password = null
	ssl.truststore.type = JKS
	value.deserializer = class io.apicurio.registry.serde.avro.AvroKafkaDeserializer

2025-07-31 02:25:48,247 INFO  [org.apa.kaf.com.tel.int.KafkaMetricsCollector] (main) initializing Kafka metrics collector
2025-07-31 02:25:48,267 INFO  [org.apa.kaf.cli.con.ConsumerConfig] (main) These configurations '[apicurio.registry.url]' were supplied but are not used yet.
2025-07-31 02:25:48,267 INFO  [org.apa.kaf.com.uti.AppInfoParser] (main) Kafka version: 3.9.0
2025-07-31 02:25:48,267 INFO  [org.apa.kaf.com.uti.AppInfoParser] (main) Kafka commitId: 84caaa6e9da06435
2025-07-31 02:25:48,267 INFO  [org.apa.kaf.com.uti.AppInfoParser] (main) Kafka startTimeMs: 1753928748267
2025-07-31 02:25:48,269 INFO  [org.apa.kaf.cli.con.int.ClassicKafkaConsumer] (Thread-129) [Consumer clientId=consumer-Consumer-topic-208d29fb_415f_4e07_9f9b_ab56f162ea40-2, groupId=Consumer-topic-208d29fb_415f_4e07_9f9b_ab56f162ea40] Subscribed to topic(s): topic-208d29fb_415f_4e07_9f9b_ab56f162ea40
2025-07-31 02:25:48,280 INFO  [org.apa.kaf.cli.Metadata] (Thread-129) [Consumer clientId=consumer-Consumer-topic-208d29fb_415f_4e07_9f9b_ab56f162ea40-2, groupId=Consumer-topic-208d29fb_415f_4e07_9f9b_ab56f162ea40] Cluster ID: MA4G_e_SRU2vGr9gzyfJLg
2025-07-31 02:25:48,286 INFO  [org.apa.kaf.cli.con.int.ConsumerCoordinator] (Thread-129) [Consumer clientId=consumer-Consumer-topic-208d29fb_415f_4e07_9f9b_ab56f162ea40-2, groupId=Consumer-topic-208d29fb_415f_4e07_9f9b_ab56f162ea40] Discovered group coordinator localhost:32770 (id: 2147483647 rack: null)
2025-07-31 02:25:48,296 INFO  [org.apa.kaf.cli.con.int.ConsumerCoordinator] (Thread-129) [Consumer clientId=consumer-Consumer-topic-208d29fb_415f_4e07_9f9b_ab56f162ea40-2, groupId=Consumer-topic-208d29fb_415f_4e07_9f9b_ab56f162ea40] (Re-)joining group
2025-07-31 02:25:48,307 INFO  [org.apa.kaf.cli.con.int.ConsumerCoordinator] (Thread-129) [Consumer clientId=consumer-Consumer-topic-208d29fb_415f_4e07_9f9b_ab56f162ea40-2, groupId=Consumer-topic-208d29fb_415f_4e07_9f9b_ab56f162ea40] Request joining group due to: need to re-join with the given member-id: consumer-Consumer-topic-208d29fb_415f_4e07_9f9b_ab56f162ea40-2-27b12fbb-e676-4cce-8a09-afae6a974553
2025-07-31 02:25:48,308 INFO  [org.apa.kaf.cli.con.int.ConsumerCoordinator] (Thread-129) [Consumer clientId=consumer-Consumer-topic-208d29fb_415f_4e07_9f9b_ab56f162ea40-2, groupId=Consumer-topic-208d29fb_415f_4e07_9f9b_ab56f162ea40] (Re-)joining group
2025-07-31 02:25:48,312 INFO  [org.apa.kaf.cli.con.int.ConsumerCoordinator] (Thread-129) [Consumer clientId=consumer-Consumer-topic-208d29fb_415f_4e07_9f9b_ab56f162ea40-2, groupId=Consumer-topic-208d29fb_415f_4e07_9f9b_ab56f162ea40] Successfully joined group with generation Generation{generationId=1, memberId='consumer-Consumer-topic-208d29fb_415f_4e07_9f9b_ab56f162ea40-2-27b12fbb-e676-4cce-8a09-afae6a974553', protocol='range'}
2025-07-31 02:25:48,312 INFO  [org.apa.kaf.cli.con.int.ConsumerCoordinator] (Thread-129) [Consumer clientId=consumer-Consumer-topic-208d29fb_415f_4e07_9f9b_ab56f162ea40-2, groupId=Consumer-topic-208d29fb_415f_4e07_9f9b_ab56f162ea40] Finished assignment for group at generation 1: {consumer-Consumer-topic-208d29fb_415f_4e07_9f9b_ab56f162ea40-2-27b12fbb-e676-4cce-8a09-afae6a974553=Assignment(partitions=[topic-208d29fb_415f_4e07_9f9b_ab56f162ea40-0])}
2025-07-31 02:25:48,317 INFO  [org.apa.kaf.cli.con.int.ConsumerCoordinator] (Thread-129) [Consumer clientId=consumer-Consumer-topic-208d29fb_415f_4e07_9f9b_ab56f162ea40-2, groupId=Consumer-topic-208d29fb_415f_4e07_9f9b_ab56f162ea40] Successfully synced group in generation Generation{generationId=1, memberId='consumer-Consumer-topic-208d29fb_415f_4e07_9f9b_ab56f162ea40-2-27b12fbb-e676-4cce-8a09-afae6a974553', protocol='range'}
2025-07-31 02:25:48,318 INFO  [org.apa.kaf.cli.con.int.ConsumerCoordinator] (Thread-129) [Consumer clientId=consumer-Consumer-topic-208d29fb_415f_4e07_9f9b_ab56f162ea40-2, groupId=Consumer-topic-208d29fb_415f_4e07_9f9b_ab56f162ea40] Notifying assignor about the new Assignment(partitions=[topic-208d29fb_415f_4e07_9f9b_ab56f162ea40-0])
2025-07-31 02:25:48,318 INFO  [org.apa.kaf.cli.con.int.ConsumerRebalanceListenerInvoker] (Thread-129) [Consumer clientId=consumer-Consumer-topic-208d29fb_415f_4e07_9f9b_ab56f162ea40-2, groupId=Consumer-topic-208d29fb_415f_4e07_9f9b_ab56f162ea40] Adding newly assigned partitions: topic-208d29fb_415f_4e07_9f9b_ab56f162ea40-0
2025-07-31 02:25:48,320 INFO  [org.apa.kaf.cli.con.int.ConsumerCoordinator] (Thread-129) [Consumer clientId=consumer-Consumer-topic-208d29fb_415f_4e07_9f9b_ab56f162ea40-2, groupId=Consumer-topic-208d29fb_415f_4e07_9f9b_ab56f162ea40] Found no committed offset for partition topic-208d29fb_415f_4e07_9f9b_ab56f162ea40-0
2025-07-31 02:25:48,322 INFO  [org.apa.kaf.cli.con.int.SubscriptionState] (Thread-129) [Consumer clientId=consumer-Consumer-topic-208d29fb_415f_4e07_9f9b_ab56f162ea40-2, groupId=Consumer-topic-208d29fb_415f_4e07_9f9b_ab56f162ea40] Resetting offset for partition topic-208d29fb_415f_4e07_9f9b_ab56f162ea40-0 to position FetchPosition{offset=0, offsetEpoch=Optional.empty, currentLeader=LeaderAndEpoch{leader=Optional[localhost:32770 (id: 0 rack: null)], epoch=0}}.
2025-07-31 02:25:48,450 INFO  [io.api.tes.ser.api.KafkaSerdesTester] (Thread-129) topic-208d29fb_415f_4e07_9f9b_ab56f162ea40 0 0 {"key11753928746855": "value-0"}
2025-07-31 02:25:48,451 INFO  [io.api.tes.ser.api.KafkaSerdesTester] (Thread-129) topic-208d29fb_415f_4e07_9f9b_ab56f162ea40 0 1 {"key11753928746855": "value-1"}
2025-07-31 02:25:48,451 INFO  [io.api.tes.ser.api.KafkaSerdesTester] (Thread-129) topic-208d29fb_415f_4e07_9f9b_ab56f162ea40 0 2 {"key11753928746855": "value-2"}
2025-07-31 02:25:48,451 INFO  [io.api.tes.ser.api.KafkaSerdesTester] (Thread-129) topic-208d29fb_415f_4e07_9f9b_ab56f162ea40 0 3 {"key11753928746855": "value-3"}
2025-07-31 02:25:48,451 INFO  [io.api.tes.ser.api.KafkaSerdesTester] (Thread-129) topic-208d29fb_415f_4e07_9f9b_ab56f162ea40 0 4 {"key11753928746855": "value-4"}
2025-07-31 02:25:48,451 INFO  [io.api.tes.ser.api.KafkaSerdesTester] (Thread-129) topic-208d29fb_415f_4e07_9f9b_ab56f162ea40 0 5 {"key11753928746855": "value-5"}
2025-07-31 02:25:48,451 INFO  [io.api.tes.ser.api.KafkaSerdesTester] (Thread-129) topic-208d29fb_415f_4e07_9f9b_ab56f162ea40 0 6 {"key11753928746855": "value-6"}
2025-07-31 02:25:48,451 INFO  [io.api.tes.ser.api.KafkaSerdesTester] (Thread-129) topic-208d29fb_415f_4e07_9f9b_ab56f162ea40 0 7 {"key11753928746855": "value-7"}
2025-07-31 02:25:48,452 INFO  [io.api.tes.ser.api.KafkaSerdesTester] (Thread-129) topic-208d29fb_415f_4e07_9f9b_ab56f162ea40 0 8 {"key11753928746855": "value-8"}
2025-07-31 02:25:48,452 INFO  [io.api.tes.ser.api.KafkaSerdesTester] (Thread-129) topic-208d29fb_415f_4e07_9f9b_ab56f162ea40 0 9 {"key11753928746855": "value-9"}
2025-07-31 02:25:48,452 INFO  [io.api.tes.ser.api.KafkaSerdesTester] (Thread-129) Consumed 10 messages
2025-07-31 02:25:48,455 INFO  [org.apa.kaf.cli.con.int.ConsumerRebalanceListenerInvoker] (Thread-129) [Consumer clientId=consumer-Consumer-topic-208d29fb_415f_4e07_9f9b_ab56f162ea40-2, groupId=Consumer-topic-208d29fb_415f_4e07_9f9b_ab56f162ea40] Revoke previously assigned partitions topic-208d29fb_415f_4e07_9f9b_ab56f162ea40-0
2025-07-31 02:25:48,456 INFO  [org.apa.kaf.cli.con.int.ConsumerCoordinator] (Thread-129) [Consumer clientId=consumer-Consumer-topic-208d29fb_415f_4e07_9f9b_ab56f162ea40-2, groupId=Consumer-topic-208d29fb_415f_4e07_9f9b_ab56f162ea40] Member consumer-Consumer-topic-208d29fb_415f_4e07_9f9b_ab56f162ea40-2-27b12fbb-e676-4cce-8a09-afae6a974553 sending LeaveGroup request to coordinator localhost:32770 (id: 2147483647 rack: null) due to the consumer is being closed
2025-07-31 02:25:48,457 INFO  [org.apa.kaf.cli.con.int.ConsumerCoordinator] (Thread-129) [Consumer clientId=consumer-Consumer-topic-208d29fb_415f_4e07_9f9b_ab56f162ea40-2, groupId=Consumer-topic-208d29fb_415f_4e07_9f9b_ab56f162ea40] Resetting generation and member id due to: consumer pro-actively leaving the group
2025-07-31 02:25:48,457 INFO  [org.apa.kaf.cli.con.int.ConsumerCoordinator] (Thread-129) [Consumer clientId=consumer-Consumer-topic-208d29fb_415f_4e07_9f9b_ab56f162ea40-2, groupId=Consumer-topic-208d29fb_415f_4e07_9f9b_ab56f162ea40] Request joining group due to: consumer pro-actively leaving the group
2025-07-31 02:25:48,953 INFO  [org.apa.kaf.com.met.Metrics] (Thread-129) Metrics scheduler closed
2025-07-31 02:25:48,953 INFO  [org.apa.kaf.com.met.Metrics] (Thread-129) Closing reporter org.apache.kafka.common.metrics.JmxReporter
2025-07-31 02:25:48,953 INFO  [org.apa.kaf.com.met.Metrics] (Thread-129) Closing reporter org.apache.kafka.common.telemetry.internals.ClientTelemetryReporter
2025-07-31 02:25:48,953 INFO  [org.apa.kaf.com.met.Metrics] (Thread-129) Metrics reporters closed
2025-07-31 02:25:48,959 INFO  [org.apa.kaf.com.uti.AppInfoParser] (Thread-129) App info kafka.consumer for consumer-Consumer-topic-208d29fb_415f_4e07_9f9b_ab56f162ea40-2 unregistered
2025-07-31 02:25:48,960 INFO  [io.api.tes.uti.TestSeparator] (main) io.apicurio.tests.serdes.apicurio.AvroSerdeIT.testSimpleTopicIdStrategyFindLatest-FINISHED
2025-07-31 02:25:48,960 INFO  [io.api.tes.uti.TestSeparator] (main) ############################################################################
]]></system-out>
  </testcase>
  <testcase name="testWrongSchema" classname="io.apicurio.tests.serdes.apicurio.AvroSerdeIT" time="1.251">
    <system-out><![CDATA[2025-07-31 02:25:48,961 INFO  [io.api.tes.uti.TestSeparator] (main) ############################################################################
2025-07-31 02:25:48,961 INFO  [io.api.tes.uti.TestSeparator] (main) io.apicurio.tests.serdes.apicurio.AvroSerdeIT.testWrongSchema-STARTED
2025-07-31 02:25:50,100 INFO  [org.apa.kaf.cli.pro.ProducerConfig] (main) ProducerConfig values: 
	acks = -1
	auto.include.jmx.reporter = true
	batch.size = 16384
	bootstrap.servers = [PLAINTEXT://localhost:32770]
	buffer.memory = 33554432
	client.dns.lookup = use_all_dns_ips
	client.id = Producer-sf241dd44xe31dx4605xa202x28e4fb4d5bd2
	compression.gzip.level = -1
	compression.lz4.level = 9
	compression.type = none
	compression.zstd.level = 3
	connections.max.idle.ms = 10000
	delivery.timeout.ms = 120000
	enable.idempotence = true
	enable.metrics.push = true
	interceptor.classes = []
	key.serializer = class org.apache.kafka.common.serialization.StringSerializer
	linger.ms = 0
	max.block.ms = 60000
	max.in.flight.requests.per.connection = 5
	max.request.size = 1048576
	metadata.max.age.ms = 300000
	metadata.max.idle.ms = 300000
	metadata.recovery.strategy = none
	metric.reporters = []
	metrics.num.samples = 2
	metrics.recording.level = INFO
	metrics.sample.window.ms = 30000
	partitioner.adaptive.partitioning.enable = true
	partitioner.availability.timeout.ms = 0
	partitioner.class = null
	partitioner.ignore.keys = false
	receive.buffer.bytes = 32768
	reconnect.backoff.max.ms = 1000
	reconnect.backoff.ms = 50
	request.timeout.ms = 5000
	retries = 2147483647
	retry.backoff.max.ms = 1000
	retry.backoff.ms = 100
	sasl.client.callback.handler.class = null
	sasl.jaas.config = null
	sasl.kerberos.kinit.cmd = /usr/bin/kinit
	sasl.kerberos.min.time.before.relogin = 60000
	sasl.kerberos.service.name = null
	sasl.kerberos.ticket.renew.jitter = 0.05
	sasl.kerberos.ticket.renew.window.factor = 0.8
	sasl.login.callback.handler.class = null
	sasl.login.class = null
	sasl.login.connect.timeout.ms = null
	sasl.login.read.timeout.ms = null
	sasl.login.refresh.buffer.seconds = 300
	sasl.login.refresh.min.period.seconds = 60
	sasl.login.refresh.window.factor = 0.8
	sasl.login.refresh.window.jitter = 0.05
	sasl.login.retry.backoff.max.ms = 10000
	sasl.login.retry.backoff.ms = 100
	sasl.mechanism = GSSAPI
	sasl.oauthbearer.clock.skew.seconds = 30
	sasl.oauthbearer.expected.audience = null
	sasl.oauthbearer.expected.issuer = null
	sasl.oauthbearer.header.urlencode = false
	sasl.oauthbearer.jwks.endpoint.refresh.ms = 3600000
	sasl.oauthbearer.jwks.endpoint.retry.backoff.max.ms = 10000
	sasl.oauthbearer.jwks.endpoint.retry.backoff.ms = 100
	sasl.oauthbearer.jwks.endpoint.url = null
	sasl.oauthbearer.scope.claim.name = scope
	sasl.oauthbearer.sub.claim.name = sub
	sasl.oauthbearer.token.endpoint.url = null
	security.protocol = PLAINTEXT
	security.providers = null
	send.buffer.bytes = 131072
	socket.connection.setup.timeout.max.ms = 30000
	socket.connection.setup.timeout.ms = 10000
	ssl.cipher.suites = null
	ssl.enabled.protocols = [TLSv1.2, TLSv1.3]
	ssl.endpoint.identification.algorithm = https
	ssl.engine.factory.class = null
	ssl.key.password = null
	ssl.keymanager.algorithm = SunX509
	ssl.keystore.certificate.chain = null
	ssl.keystore.key = null
	ssl.keystore.location = null
	ssl.keystore.password = null
	ssl.keystore.type = JKS
	ssl.protocol = TLSv1.3
	ssl.provider = null
	ssl.secure.random.implementation = null
	ssl.trustmanager.algorithm = PKIX
	ssl.truststore.certificates = null
	ssl.truststore.location = null
	ssl.truststore.password = null
	ssl.truststore.type = JKS
	transaction.timeout.ms = 60000
	transactional.id = null
	value.serializer = class io.apicurio.registry.serde.avro.AvroKafkaSerializer

2025-07-31 02:25:50,100 INFO  [org.apa.kaf.com.tel.int.KafkaMetricsCollector] (main) initializing Kafka metrics collector
2025-07-31 02:25:50,104 INFO  [org.apa.kaf.cli.pro.KafkaProducer] (main) [Producer clientId=Producer-sf241dd44xe31dx4605xa202x28e4fb4d5bd2] Instantiated an idempotent producer.
2025-07-31 02:25:50,108 INFO  [org.apa.kaf.cli.pro.ProducerConfig] (main) These configurations '[apicurio.registry.find-latest, apicurio.registry.url, apicurio.registry.artifact-resolver-strategy]' were supplied but are not used yet.
2025-07-31 02:25:50,108 INFO  [org.apa.kaf.com.uti.AppInfoParser] (main) Kafka version: 3.9.0
2025-07-31 02:25:50,108 INFO  [org.apa.kaf.com.uti.AppInfoParser] (main) Kafka commitId: 84caaa6e9da06435
2025-07-31 02:25:50,108 INFO  [org.apa.kaf.com.uti.AppInfoParser] (main) Kafka startTimeMs: 1753928750108
2025-07-31 02:25:50,112 INFO  [io.api.tes.ser.api.KafkaSerdesTester] (Thread-132) Sending message {"keyB": "value-0"} to topic sf241dd44xe31dx4605xa202x28e4fb4d5bd2
2025-07-31 02:25:50,115 INFO  [org.apa.kaf.cli.Metadata] (kafka-producer-network-thread | Producer-sf241dd44xe31dx4605xa202x28e4fb4d5bd2) [Producer clientId=Producer-sf241dd44xe31dx4605xa202x28e4fb4d5bd2] Cluster ID: MA4G_e_SRU2vGr9gzyfJLg
2025-07-31 02:25:50,117 INFO  [org.apa.kaf.cli.pro.int.TransactionManager] (kafka-producer-network-thread | Producer-sf241dd44xe31dx4605xa202x28e4fb4d5bd2) [Producer clientId=Producer-sf241dd44xe31dx4605xa202x28e4fb4d5bd2] ProducerId set to 2 with epoch 0
2025-07-31 02:25:50,208 INFO  [org.apa.kaf.cli.pro.KafkaProducer] (Thread-132) [Producer clientId=Producer-sf241dd44xe31dx4605xa202x28e4fb4d5bd2] Closing the Kafka producer with timeoutMillis = 9223372036854775807 ms.
2025-07-31 02:25:50,211 INFO  [org.apa.kaf.com.met.Metrics] (Thread-132) Metrics scheduler closed
2025-07-31 02:25:50,211 INFO  [org.apa.kaf.com.met.Metrics] (Thread-132) Closing reporter org.apache.kafka.common.metrics.JmxReporter
2025-07-31 02:25:50,211 INFO  [org.apa.kaf.com.met.Metrics] (Thread-132) Closing reporter org.apache.kafka.common.telemetry.internals.ClientTelemetryReporter
2025-07-31 02:25:50,211 INFO  [org.apa.kaf.com.met.Metrics] (Thread-132) Metrics reporters closed
2025-07-31 02:25:50,211 INFO  [org.apa.kaf.com.uti.AppInfoParser] (Thread-132) App info kafka.producer for Producer-sf241dd44xe31dx4605xa202x28e4fb4d5bd2 unregistered
2025-07-31 02:25:50,212 INFO  [io.api.tes.uti.TestSeparator] (main) io.apicurio.tests.serdes.apicurio.AvroSerdeIT.testWrongSchema-FINISHED
2025-07-31 02:25:50,212 INFO  [io.api.tes.uti.TestSeparator] (main) ############################################################################
]]></system-out>
    <system-err><![CDATA[io.apicurio.registry.rest.client.models.ProblemDetails
	at io.apicurio.registry.rest.client.models.ProblemDetails.createFromDiscriminatorValue(ProblemDetails.java:58)
	at io.kiota.serialization.json.JsonParseNode.getObjectValue(JsonParseNode.java:247)
	at io.kiota.http.vertx.VertXRequestAdapter.lambda$throwIfFailedResponse$0(VertXRequestAdapter.java:400)
	at com.microsoft.kiota.ApiExceptionBuilder.<init>(ApiExceptionBuilder.java:26)
	at io.kiota.http.vertx.VertXRequestAdapter.throwIfFailedResponse(VertXRequestAdapter.java:399)
	at io.kiota.http.vertx.VertXRequestAdapter.send(VertXRequestAdapter.java:170)
	at io.apicurio.registry.rest.client.groups.item.artifacts.item.versions.item.WithVersionExpressionItemRequestBuilder.get(WithVersionExpressionItemRequestBuilder.java:128)
	at io.apicurio.registry.rest.client.groups.item.artifacts.item.versions.item.WithVersionExpressionItemRequestBuilder.get(WithVersionExpressionItemRequestBuilder.java:111)
	at io.apicurio.registry.resolver.DefaultSchemaResolver.resolveByCoordinates(DefaultSchemaResolver.java:469)
	at io.apicurio.registry.resolver.DefaultSchemaResolver.lambda$resolveSchemaByArtifactReferenceCached$12(DefaultSchemaResolver.java:451)
	at io.apicurio.registry.resolver.ERCache.lambda$getValue$0(ERCache.java:181)
	at io.apicurio.registry.resolver.ERCache.retry(ERCache.java:234)
	at io.apicurio.registry.resolver.ERCache.getValue(ERCache.java:180)
	at io.apicurio.registry.resolver.ERCache.getByArtifactCoordinates(ERCache.java:165)
	at io.apicurio.registry.resolver.DefaultSchemaResolver.resolveSchemaByArtifactReferenceCached(DefaultSchemaResolver.java:449)
	at io.apicurio.registry.resolver.DefaultSchemaResolver.resolveSchemaByCoordinates(DefaultSchemaResolver.java:201)
	at io.apicurio.registry.resolver.DefaultSchemaResolver.getSchemaFromRegistry(DefaultSchemaResolver.java:134)
	at io.apicurio.registry.resolver.DefaultSchemaResolver.lambda$resolveSchema$0(DefaultSchemaResolver.java:86)
	at java.base/java.util.Optional.orElseGet(Optional.java:364)
	at io.apicurio.registry.resolver.DefaultSchemaResolver.resolveSchema(DefaultSchemaResolver.java:86)
	at io.apicurio.registry.serde.AbstractSerializer.serializeData(AbstractSerializer.java:62)
	at io.apicurio.registry.serde.KafkaSerializer.serialize(KafkaSerializer.java:77)
	at org.apache.kafka.clients.producer.KafkaProducer.doSend(KafkaProducer.java:1046)
	at org.apache.kafka.clients.producer.KafkaProducer.send(KafkaProducer.java:993)
	at org.apache.kafka.clients.producer.KafkaProducer.send(KafkaProducer.java:875)
	at io.apicurio.tests.serdes.apicurio.KafkaSerdesTester.lambda$produceMessages$3(KafkaSerdesTester.java:138)
	at java.base/java.util.concurrent.CompletableFuture$AsyncSupply.run(CompletableFuture.java:1768)
	at java.base/java.lang.Thread.run(Thread.java:840)
]]></system-err>
  </testcase>
  <testcase name="testAvroJSON" classname="io.apicurio.tests.serdes.apicurio.AvroSerdeIT" time="1.111">
    <system-out><![CDATA[2025-07-31 02:25:50,217 INFO  [io.api.tes.uti.TestSeparator] (main) ############################################################################
2025-07-31 02:25:50,217 INFO  [io.api.tes.uti.TestSeparator] (main) io.apicurio.tests.serdes.apicurio.AvroSerdeIT.testAvroJSON-STARTED
2025-07-31 02:25:50,223 INFO  [org.apa.kaf.cli.pro.ProducerConfig] (main) ProducerConfig values: 
	acks = -1
	auto.include.jmx.reporter = true
	batch.size = 16384
	bootstrap.servers = [PLAINTEXT://localhost:32770]
	buffer.memory = 33554432
	client.dns.lookup = use_all_dns_ips
	client.id = Producer-topic-ebcdd411_7f17_435f_991d_6fc8d7b3a949
	compression.gzip.level = -1
	compression.lz4.level = 9
	compression.type = none
	compression.zstd.level = 3
	connections.max.idle.ms = 10000
	delivery.timeout.ms = 120000
	enable.idempotence = true
	enable.metrics.push = true
	interceptor.classes = []
	key.serializer = class org.apache.kafka.common.serialization.StringSerializer
	linger.ms = 0
	max.block.ms = 60000
	max.in.flight.requests.per.connection = 5
	max.request.size = 1048576
	metadata.max.age.ms = 300000
	metadata.max.idle.ms = 300000
	metadata.recovery.strategy = none
	metric.reporters = []
	metrics.num.samples = 2
	metrics.recording.level = INFO
	metrics.sample.window.ms = 30000
	partitioner.adaptive.partitioning.enable = true
	partitioner.availability.timeout.ms = 0
	partitioner.class = null
	partitioner.ignore.keys = false
	receive.buffer.bytes = 32768
	reconnect.backoff.max.ms = 1000
	reconnect.backoff.ms = 50
	request.timeout.ms = 5000
	retries = 2147483647
	retry.backoff.max.ms = 1000
	retry.backoff.ms = 100
	sasl.client.callback.handler.class = null
	sasl.jaas.config = null
	sasl.kerberos.kinit.cmd = /usr/bin/kinit
	sasl.kerberos.min.time.before.relogin = 60000
	sasl.kerberos.service.name = null
	sasl.kerberos.ticket.renew.jitter = 0.05
	sasl.kerberos.ticket.renew.window.factor = 0.8
	sasl.login.callback.handler.class = null
	sasl.login.class = null
	sasl.login.connect.timeout.ms = null
	sasl.login.read.timeout.ms = null
	sasl.login.refresh.buffer.seconds = 300
	sasl.login.refresh.min.period.seconds = 60
	sasl.login.refresh.window.factor = 0.8
	sasl.login.refresh.window.jitter = 0.05
	sasl.login.retry.backoff.max.ms = 10000
	sasl.login.retry.backoff.ms = 100
	sasl.mechanism = GSSAPI
	sasl.oauthbearer.clock.skew.seconds = 30
	sasl.oauthbearer.expected.audience = null
	sasl.oauthbearer.expected.issuer = null
	sasl.oauthbearer.header.urlencode = false
	sasl.oauthbearer.jwks.endpoint.refresh.ms = 3600000
	sasl.oauthbearer.jwks.endpoint.retry.backoff.max.ms = 10000
	sasl.oauthbearer.jwks.endpoint.retry.backoff.ms = 100
	sasl.oauthbearer.jwks.endpoint.url = null
	sasl.oauthbearer.scope.claim.name = scope
	sasl.oauthbearer.sub.claim.name = sub
	sasl.oauthbearer.token.endpoint.url = null
	security.protocol = PLAINTEXT
	security.providers = null
	send.buffer.bytes = 131072
	socket.connection.setup.timeout.max.ms = 30000
	socket.connection.setup.timeout.ms = 10000
	ssl.cipher.suites = null
	ssl.enabled.protocols = [TLSv1.2, TLSv1.3]
	ssl.endpoint.identification.algorithm = https
	ssl.engine.factory.class = null
	ssl.key.password = null
	ssl.keymanager.algorithm = SunX509
	ssl.keystore.certificate.chain = null
	ssl.keystore.key = null
	ssl.keystore.location = null
	ssl.keystore.password = null
	ssl.keystore.type = JKS
	ssl.protocol = TLSv1.3
	ssl.provider = null
	ssl.secure.random.implementation = null
	ssl.trustmanager.algorithm = PKIX
	ssl.truststore.certificates = null
	ssl.truststore.location = null
	ssl.truststore.password = null
	ssl.truststore.type = JKS
	transaction.timeout.ms = 60000
	transactional.id = null
	value.serializer = class io.apicurio.registry.serde.avro.AvroKafkaSerializer

2025-07-31 02:25:50,224 INFO  [org.apa.kaf.com.tel.int.KafkaMetricsCollector] (main) initializing Kafka metrics collector
2025-07-31 02:25:50,235 INFO  [org.apa.kaf.cli.pro.KafkaProducer] (main) [Producer clientId=Producer-topic-ebcdd411_7f17_435f_991d_6fc8d7b3a949] Instantiated an idempotent producer.
2025-07-31 02:25:50,239 INFO  [org.apa.kaf.cli.pro.ProducerConfig] (main) These configurations '[apicurio.registry.avro.encoding, apicurio.registry.url, apicurio.registry.auto-register, apicurio.registry.artifact-resolver-strategy]' were supplied but are not used yet.
2025-07-31 02:25:50,239 INFO  [org.apa.kaf.com.uti.AppInfoParser] (main) Kafka version: 3.9.0
2025-07-31 02:25:50,243 INFO  [org.apa.kaf.com.uti.AppInfoParser] (main) Kafka commitId: 84caaa6e9da06435
2025-07-31 02:25:50,243 INFO  [org.apa.kaf.com.uti.AppInfoParser] (main) Kafka startTimeMs: 1753928750239
2025-07-31 02:25:50,243 INFO  [io.api.tes.ser.api.SimpleSerdesTesterBuilder$SimpleSerdesTester] (main) Using producer configuration: {apicurio.registry.avro.encoding=JSON, apicurio.registry.url=http://registry-app-kafkasql.apps.ci419.apicurio-testing.org:80/apis/registry/v3, apicurio.registry.auto-register=true, apicurio.registry.artifact-resolver-strategy=io.apicurio.registry.serde.strategy.TopicIdStrategy, value.serializer=io.apicurio.registry.serde.avro.AvroKafkaSerializer, request.timeout.ms=5000, acks=all, bootstrap.servers=PLAINTEXT://localhost:32770, connections.max.idle.ms=10000, key.serializer=org.apache.kafka.common.serialization.StringSerializer, client.id=Producer-topic-ebcdd411_7f17_435f_991d_6fc8d7b3a949}
2025-07-31 02:25:50,243 INFO  [io.api.tes.ser.api.SimpleSerdesTesterBuilder$SimpleSerdesTester] (main) Using consumer configuration: {apicurio.registry.avro.encoding=JSON}
2025-07-31 02:25:50,244 INFO  [io.api.tes.ser.api.KafkaSerdesTester] (Thread-135) Sending message {"bar": "value-0"} to topic topic-ebcdd411_7f17_435f_991d_6fc8d7b3a949
2025-07-31 02:25:50,275 WARN  [org.apa.kaf.cli.NetworkClient] (kafka-producer-network-thread | Producer-topic-ebcdd411_7f17_435f_991d_6fc8d7b3a949) [Producer clientId=Producer-topic-ebcdd411_7f17_435f_991d_6fc8d7b3a949] The metadata response from the cluster reported a recoverable issue with correlation id 2 : {topic-ebcdd411_7f17_435f_991d_6fc8d7b3a949=LEADER_NOT_AVAILABLE}
2025-07-31 02:25:50,275 INFO  [org.apa.kaf.cli.Metadata] (kafka-producer-network-thread | Producer-topic-ebcdd411_7f17_435f_991d_6fc8d7b3a949) [Producer clientId=Producer-topic-ebcdd411_7f17_435f_991d_6fc8d7b3a949] Cluster ID: MA4G_e_SRU2vGr9gzyfJLg
2025-07-31 02:25:50,280 INFO  [org.apa.kaf.cli.pro.int.TransactionManager] (kafka-producer-network-thread | Producer-topic-ebcdd411_7f17_435f_991d_6fc8d7b3a949) [Producer clientId=Producer-topic-ebcdd411_7f17_435f_991d_6fc8d7b3a949] ProducerId set to 3 with epoch 0
2025-07-31 02:25:50,520 INFO  [io.api.tes.ser.api.KafkaSerdesTester] (Thread-135) Sending message {"bar": "value-1"} to topic topic-ebcdd411_7f17_435f_991d_6fc8d7b3a949
2025-07-31 02:25:50,523 INFO  [io.api.tes.ser.api.KafkaSerdesTester] (Thread-135) Sending message {"bar": "value-2"} to topic topic-ebcdd411_7f17_435f_991d_6fc8d7b3a949
2025-07-31 02:25:50,526 INFO  [io.api.tes.ser.api.KafkaSerdesTester] (Thread-135) Sending message {"bar": "value-3"} to topic topic-ebcdd411_7f17_435f_991d_6fc8d7b3a949
2025-07-31 02:25:50,530 INFO  [io.api.tes.ser.api.KafkaSerdesTester] (Thread-135) Sending message {"bar": "value-4"} to topic topic-ebcdd411_7f17_435f_991d_6fc8d7b3a949
2025-07-31 02:25:50,533 INFO  [io.api.tes.ser.api.KafkaSerdesTester] (Thread-135) Sending message {"bar": "value-5"} to topic topic-ebcdd411_7f17_435f_991d_6fc8d7b3a949
2025-07-31 02:25:50,535 INFO  [io.api.tes.ser.api.KafkaSerdesTester] (Thread-135) Sending message {"bar": "value-6"} to topic topic-ebcdd411_7f17_435f_991d_6fc8d7b3a949
2025-07-31 02:25:50,537 INFO  [io.api.tes.ser.api.KafkaSerdesTester] (Thread-135) Sending message {"bar": "value-7"} to topic topic-ebcdd411_7f17_435f_991d_6fc8d7b3a949
2025-07-31 02:25:50,540 INFO  [io.api.tes.ser.api.KafkaSerdesTester] (Thread-135) Sending message {"bar": "value-8"} to topic topic-ebcdd411_7f17_435f_991d_6fc8d7b3a949
2025-07-31 02:25:50,542 INFO  [io.api.tes.ser.api.KafkaSerdesTester] (Thread-135) Sending message {"bar": "value-9"} to topic topic-ebcdd411_7f17_435f_991d_6fc8d7b3a949
2025-07-31 02:25:50,544 INFO  [io.api.tes.ser.api.KafkaSerdesTester] (Thread-135) Produced 10 messages
2025-07-31 02:25:50,544 INFO  [org.apa.kaf.cli.pro.KafkaProducer] (Thread-135) [Producer clientId=Producer-topic-ebcdd411_7f17_435f_991d_6fc8d7b3a949] Closing the Kafka producer with timeoutMillis = 9223372036854775807 ms.
2025-07-31 02:25:50,548 INFO  [org.apa.kaf.com.met.Metrics] (Thread-135) Metrics scheduler closed
2025-07-31 02:25:50,548 INFO  [org.apa.kaf.com.met.Metrics] (Thread-135) Closing reporter org.apache.kafka.common.metrics.JmxReporter
2025-07-31 02:25:50,548 INFO  [org.apa.kaf.com.met.Metrics] (Thread-135) Closing reporter org.apache.kafka.common.telemetry.internals.ClientTelemetryReporter
2025-07-31 02:25:50,548 INFO  [org.apa.kaf.com.met.Metrics] (Thread-135) Metrics reporters closed
2025-07-31 02:25:50,548 INFO  [org.apa.kaf.com.uti.AppInfoParser] (Thread-135) App info kafka.producer for Producer-topic-ebcdd411_7f17_435f_991d_6fc8d7b3a949 unregistered
2025-07-31 02:25:50,633 INFO  [org.apa.kaf.cli.con.ConsumerConfig] (main) ConsumerConfig values: 
	allow.auto.create.topics = true
	auto.commit.interval.ms = 500
	auto.include.jmx.reporter = true
	auto.offset.reset = earliest
	bootstrap.servers = [PLAINTEXT://localhost:32770]
	check.crcs = true
	client.dns.lookup = use_all_dns_ips
	client.id = consumer-Consumer-topic-ebcdd411_7f17_435f_991d_6fc8d7b3a949-3
	client.rack = 
	connections.max.idle.ms = 10000
	default.api.timeout.ms = 60000
	enable.auto.commit = true
	enable.metrics.push = true
	exclude.internal.topics = true
	fetch.max.bytes = 52428800
	fetch.max.wait.ms = 500
	fetch.min.bytes = 1
	group.id = Consumer-topic-ebcdd411_7f17_435f_991d_6fc8d7b3a949
	group.instance.id = null
	group.protocol = classic
	group.remote.assignor = null
	heartbeat.interval.ms = 3000
	interceptor.classes = []
	internal.leave.group.on.close = true
	internal.throw.on.fetch.stable.offset.unsupported = false
	isolation.level = read_uncommitted
	key.deserializer = class org.apache.kafka.common.serialization.StringDeserializer
	max.partition.fetch.bytes = 1048576
	max.poll.interval.ms = 300000
	max.poll.records = 500
	metadata.max.age.ms = 300000
	metadata.recovery.strategy = none
	metric.reporters = []
	metrics.num.samples = 2
	metrics.recording.level = INFO
	metrics.sample.window.ms = 30000
	partition.assignment.strategy = [class org.apache.kafka.clients.consumer.RangeAssignor, class org.apache.kafka.clients.consumer.CooperativeStickyAssignor]
	receive.buffer.bytes = 65536
	reconnect.backoff.max.ms = 1000
	reconnect.backoff.ms = 50
	request.timeout.ms = 5000
	retry.backoff.max.ms = 1000
	retry.backoff.ms = 100
	sasl.client.callback.handler.class = null
	sasl.jaas.config = null
	sasl.kerberos.kinit.cmd = /usr/bin/kinit
	sasl.kerberos.min.time.before.relogin = 60000
	sasl.kerberos.service.name = null
	sasl.kerberos.ticket.renew.jitter = 0.05
	sasl.kerberos.ticket.renew.window.factor = 0.8
	sasl.login.callback.handler.class = null
	sasl.login.class = null
	sasl.login.connect.timeout.ms = null
	sasl.login.read.timeout.ms = null
	sasl.login.refresh.buffer.seconds = 300
	sasl.login.refresh.min.period.seconds = 60
	sasl.login.refresh.window.factor = 0.8
	sasl.login.refresh.window.jitter = 0.05
	sasl.login.retry.backoff.max.ms = 10000
	sasl.login.retry.backoff.ms = 100
	sasl.mechanism = GSSAPI
	sasl.oauthbearer.clock.skew.seconds = 30
	sasl.oauthbearer.expected.audience = null
	sasl.oauthbearer.expected.issuer = null
	sasl.oauthbearer.header.urlencode = false
	sasl.oauthbearer.jwks.endpoint.refresh.ms = 3600000
	sasl.oauthbearer.jwks.endpoint.retry.backoff.max.ms = 10000
	sasl.oauthbearer.jwks.endpoint.retry.backoff.ms = 100
	sasl.oauthbearer.jwks.endpoint.url = null
	sasl.oauthbearer.scope.claim.name = scope
	sasl.oauthbearer.sub.claim.name = sub
	sasl.oauthbearer.token.endpoint.url = null
	security.protocol = PLAINTEXT
	security.providers = null
	send.buffer.bytes = 131072
	session.timeout.ms = 45000
	socket.connection.setup.timeout.max.ms = 30000
	socket.connection.setup.timeout.ms = 10000
	ssl.cipher.suites = null
	ssl.enabled.protocols = [TLSv1.2, TLSv1.3]
	ssl.endpoint.identification.algorithm = https
	ssl.engine.factory.class = null
	ssl.key.password = null
	ssl.keymanager.algorithm = SunX509
	ssl.keystore.certificate.chain = null
	ssl.keystore.key = null
	ssl.keystore.location = null
	ssl.keystore.password = null
	ssl.keystore.type = JKS
	ssl.protocol = TLSv1.3
	ssl.provider = null
	ssl.secure.random.implementation = null
	ssl.trustmanager.algorithm = PKIX
	ssl.truststore.certificates = null
	ssl.truststore.location = null
	ssl.truststore.password = null
	ssl.truststore.type = JKS
	value.deserializer = class io.apicurio.registry.serde.avro.AvroKafkaDeserializer

2025-07-31 02:25:50,634 INFO  [org.apa.kaf.com.tel.int.KafkaMetricsCollector] (main) initializing Kafka metrics collector
2025-07-31 02:25:50,640 INFO  [org.apa.kaf.cli.con.ConsumerConfig] (main) These configurations '[apicurio.registry.avro.encoding, apicurio.registry.url]' were supplied but are not used yet.
2025-07-31 02:25:50,641 INFO  [org.apa.kaf.com.uti.AppInfoParser] (main) Kafka version: 3.9.0
2025-07-31 02:25:50,641 INFO  [org.apa.kaf.com.uti.AppInfoParser] (main) Kafka commitId: 84caaa6e9da06435
2025-07-31 02:25:50,641 INFO  [org.apa.kaf.com.uti.AppInfoParser] (main) Kafka startTimeMs: 1753928750640
2025-07-31 02:25:50,641 INFO  [org.apa.kaf.cli.con.int.ClassicKafkaConsumer] (Thread-138) [Consumer clientId=consumer-Consumer-topic-ebcdd411_7f17_435f_991d_6fc8d7b3a949-3, groupId=Consumer-topic-ebcdd411_7f17_435f_991d_6fc8d7b3a949] Subscribed to topic(s): topic-ebcdd411_7f17_435f_991d_6fc8d7b3a949
2025-07-31 02:25:50,650 INFO  [org.apa.kaf.cli.Metadata] (Thread-138) [Consumer clientId=consumer-Consumer-topic-ebcdd411_7f17_435f_991d_6fc8d7b3a949-3, groupId=Consumer-topic-ebcdd411_7f17_435f_991d_6fc8d7b3a949] Cluster ID: MA4G_e_SRU2vGr9gzyfJLg
2025-07-31 02:25:50,659 INFO  [org.apa.kaf.cli.con.int.ConsumerCoordinator] (Thread-138) [Consumer clientId=consumer-Consumer-topic-ebcdd411_7f17_435f_991d_6fc8d7b3a949-3, groupId=Consumer-topic-ebcdd411_7f17_435f_991d_6fc8d7b3a949] Discovered group coordinator localhost:32770 (id: 2147483647 rack: null)
2025-07-31 02:25:50,662 INFO  [org.apa.kaf.cli.con.int.ConsumerCoordinator] (Thread-138) [Consumer clientId=consumer-Consumer-topic-ebcdd411_7f17_435f_991d_6fc8d7b3a949-3, groupId=Consumer-topic-ebcdd411_7f17_435f_991d_6fc8d7b3a949] (Re-)joining group
2025-07-31 02:25:50,666 INFO  [org.apa.kaf.cli.con.int.ConsumerCoordinator] (Thread-138) [Consumer clientId=consumer-Consumer-topic-ebcdd411_7f17_435f_991d_6fc8d7b3a949-3, groupId=Consumer-topic-ebcdd411_7f17_435f_991d_6fc8d7b3a949] Request joining group due to: need to re-join with the given member-id: consumer-Consumer-topic-ebcdd411_7f17_435f_991d_6fc8d7b3a949-3-66322a12-c35d-4e80-a2cd-9cb20b639d03
2025-07-31 02:25:50,667 INFO  [org.apa.kaf.cli.con.int.ConsumerCoordinator] (Thread-138) [Consumer clientId=consumer-Consumer-topic-ebcdd411_7f17_435f_991d_6fc8d7b3a949-3, groupId=Consumer-topic-ebcdd411_7f17_435f_991d_6fc8d7b3a949] (Re-)joining group
2025-07-31 02:25:50,676 INFO  [org.apa.kaf.cli.con.int.ConsumerCoordinator] (Thread-138) [Consumer clientId=consumer-Consumer-topic-ebcdd411_7f17_435f_991d_6fc8d7b3a949-3, groupId=Consumer-topic-ebcdd411_7f17_435f_991d_6fc8d7b3a949] Successfully joined group with generation Generation{generationId=1, memberId='consumer-Consumer-topic-ebcdd411_7f17_435f_991d_6fc8d7b3a949-3-66322a12-c35d-4e80-a2cd-9cb20b639d03', protocol='range'}
2025-07-31 02:25:50,676 INFO  [org.apa.kaf.cli.con.int.ConsumerCoordinator] (Thread-138) [Consumer clientId=consumer-Consumer-topic-ebcdd411_7f17_435f_991d_6fc8d7b3a949-3, groupId=Consumer-topic-ebcdd411_7f17_435f_991d_6fc8d7b3a949] Finished assignment for group at generation 1: {consumer-Consumer-topic-ebcdd411_7f17_435f_991d_6fc8d7b3a949-3-66322a12-c35d-4e80-a2cd-9cb20b639d03=Assignment(partitions=[topic-ebcdd411_7f17_435f_991d_6fc8d7b3a949-0])}
2025-07-31 02:25:50,685 INFO  [org.apa.kaf.cli.con.int.ConsumerCoordinator] (Thread-138) [Consumer clientId=consumer-Consumer-topic-ebcdd411_7f17_435f_991d_6fc8d7b3a949-3, groupId=Consumer-topic-ebcdd411_7f17_435f_991d_6fc8d7b3a949] Successfully synced group in generation Generation{generationId=1, memberId='consumer-Consumer-topic-ebcdd411_7f17_435f_991d_6fc8d7b3a949-3-66322a12-c35d-4e80-a2cd-9cb20b639d03', protocol='range'}
2025-07-31 02:25:50,685 INFO  [org.apa.kaf.cli.con.int.ConsumerCoordinator] (Thread-138) [Consumer clientId=consumer-Consumer-topic-ebcdd411_7f17_435f_991d_6fc8d7b3a949-3, groupId=Consumer-topic-ebcdd411_7f17_435f_991d_6fc8d7b3a949] Notifying assignor about the new Assignment(partitions=[topic-ebcdd411_7f17_435f_991d_6fc8d7b3a949-0])
2025-07-31 02:25:50,685 INFO  [org.apa.kaf.cli.con.int.ConsumerRebalanceListenerInvoker] (Thread-138) [Consumer clientId=consumer-Consumer-topic-ebcdd411_7f17_435f_991d_6fc8d7b3a949-3, groupId=Consumer-topic-ebcdd411_7f17_435f_991d_6fc8d7b3a949] Adding newly assigned partitions: topic-ebcdd411_7f17_435f_991d_6fc8d7b3a949-0
2025-07-31 02:25:50,688 INFO  [org.apa.kaf.cli.con.int.ConsumerCoordinator] (Thread-138) [Consumer clientId=consumer-Consumer-topic-ebcdd411_7f17_435f_991d_6fc8d7b3a949-3, groupId=Consumer-topic-ebcdd411_7f17_435f_991d_6fc8d7b3a949] Found no committed offset for partition topic-ebcdd411_7f17_435f_991d_6fc8d7b3a949-0
2025-07-31 02:25:50,690 INFO  [org.apa.kaf.cli.con.int.SubscriptionState] (Thread-138) [Consumer clientId=consumer-Consumer-topic-ebcdd411_7f17_435f_991d_6fc8d7b3a949-3, groupId=Consumer-topic-ebcdd411_7f17_435f_991d_6fc8d7b3a949] Resetting offset for partition topic-ebcdd411_7f17_435f_991d_6fc8d7b3a949-0 to position FetchPosition{offset=0, offsetEpoch=Optional.empty, currentLeader=LeaderAndEpoch{leader=Optional[localhost:32770 (id: 0 rack: null)], epoch=0}}.
2025-07-31 02:25:50,816 INFO  [io.api.tes.ser.api.KafkaSerdesTester] (Thread-138) topic-ebcdd411_7f17_435f_991d_6fc8d7b3a949 0 0 {"bar": "value-0"}
2025-07-31 02:25:50,816 INFO  [io.api.tes.ser.api.KafkaSerdesTester] (Thread-138) topic-ebcdd411_7f17_435f_991d_6fc8d7b3a949 0 1 {"bar": "value-1"}
2025-07-31 02:25:50,817 INFO  [io.api.tes.ser.api.KafkaSerdesTester] (Thread-138) topic-ebcdd411_7f17_435f_991d_6fc8d7b3a949 0 2 {"bar": "value-2"}
2025-07-31 02:25:50,817 INFO  [io.api.tes.ser.api.KafkaSerdesTester] (Thread-138) topic-ebcdd411_7f17_435f_991d_6fc8d7b3a949 0 3 {"bar": "value-3"}
2025-07-31 02:25:50,817 INFO  [io.api.tes.ser.api.KafkaSerdesTester] (Thread-138) topic-ebcdd411_7f17_435f_991d_6fc8d7b3a949 0 4 {"bar": "value-4"}
2025-07-31 02:25:50,817 INFO  [io.api.tes.ser.api.KafkaSerdesTester] (Thread-138) topic-ebcdd411_7f17_435f_991d_6fc8d7b3a949 0 5 {"bar": "value-5"}
2025-07-31 02:25:50,817 INFO  [io.api.tes.ser.api.KafkaSerdesTester] (Thread-138) topic-ebcdd411_7f17_435f_991d_6fc8d7b3a949 0 6 {"bar": "value-6"}
2025-07-31 02:25:50,817 INFO  [io.api.tes.ser.api.KafkaSerdesTester] (Thread-138) topic-ebcdd411_7f17_435f_991d_6fc8d7b3a949 0 7 {"bar": "value-7"}
2025-07-31 02:25:50,817 INFO  [io.api.tes.ser.api.KafkaSerdesTester] (Thread-138) topic-ebcdd411_7f17_435f_991d_6fc8d7b3a949 0 8 {"bar": "value-8"}
2025-07-31 02:25:50,817 INFO  [io.api.tes.ser.api.KafkaSerdesTester] (Thread-138) topic-ebcdd411_7f17_435f_991d_6fc8d7b3a949 0 9 {"bar": "value-9"}
2025-07-31 02:25:50,817 INFO  [io.api.tes.ser.api.KafkaSerdesTester] (Thread-138) Consumed 10 messages
2025-07-31 02:25:50,822 INFO  [org.apa.kaf.cli.con.int.ConsumerRebalanceListenerInvoker] (Thread-138) [Consumer clientId=consumer-Consumer-topic-ebcdd411_7f17_435f_991d_6fc8d7b3a949-3, groupId=Consumer-topic-ebcdd411_7f17_435f_991d_6fc8d7b3a949] Revoke previously assigned partitions topic-ebcdd411_7f17_435f_991d_6fc8d7b3a949-0
2025-07-31 02:25:50,822 INFO  [org.apa.kaf.cli.con.int.ConsumerCoordinator] (Thread-138) [Consumer clientId=consumer-Consumer-topic-ebcdd411_7f17_435f_991d_6fc8d7b3a949-3, groupId=Consumer-topic-ebcdd411_7f17_435f_991d_6fc8d7b3a949] Member consumer-Consumer-topic-ebcdd411_7f17_435f_991d_6fc8d7b3a949-3-66322a12-c35d-4e80-a2cd-9cb20b639d03 sending LeaveGroup request to coordinator localhost:32770 (id: 2147483647 rack: null) due to the consumer is being closed
2025-07-31 02:25:50,823 INFO  [org.apa.kaf.cli.con.int.ConsumerCoordinator] (Thread-138) [Consumer clientId=consumer-Consumer-topic-ebcdd411_7f17_435f_991d_6fc8d7b3a949-3, groupId=Consumer-topic-ebcdd411_7f17_435f_991d_6fc8d7b3a949] Resetting generation and member id due to: consumer pro-actively leaving the group
2025-07-31 02:25:50,823 INFO  [org.apa.kaf.cli.con.int.ConsumerCoordinator] (Thread-138) [Consumer clientId=consumer-Consumer-topic-ebcdd411_7f17_435f_991d_6fc8d7b3a949-3, groupId=Consumer-topic-ebcdd411_7f17_435f_991d_6fc8d7b3a949] Request joining group due to: consumer pro-actively leaving the group
2025-07-31 02:25:51,322 INFO  [org.apa.kaf.com.met.Metrics] (Thread-138) Metrics scheduler closed
2025-07-31 02:25:51,322 INFO  [org.apa.kaf.com.met.Metrics] (Thread-138) Closing reporter org.apache.kafka.common.metrics.JmxReporter
2025-07-31 02:25:51,322 INFO  [org.apa.kaf.com.met.Metrics] (Thread-138) Closing reporter org.apache.kafka.common.telemetry.internals.ClientTelemetryReporter
2025-07-31 02:25:51,322 INFO  [org.apa.kaf.com.met.Metrics] (Thread-138) Metrics reporters closed
2025-07-31 02:25:51,326 INFO  [org.apa.kaf.com.uti.AppInfoParser] (Thread-138) App info kafka.consumer for consumer-Consumer-topic-ebcdd411_7f17_435f_991d_6fc8d7b3a949-3 unregistered
2025-07-31 02:25:51,327 INFO  [io.api.tes.uti.TestSeparator] (main) io.apicurio.tests.serdes.apicurio.AvroSerdeIT.testAvroJSON-FINISHED
2025-07-31 02:25:51,327 INFO  [io.api.tes.uti.TestSeparator] (main) ############################################################################
]]></system-out>
  </testcase>
  <testcase name="testTopicIdStrategyAutoRegister" classname="io.apicurio.tests.serdes.apicurio.AvroSerdeIT" time="1.179">
    <system-out><![CDATA[2025-07-31 02:25:51,329 INFO  [io.api.tes.uti.TestSeparator] (main) ############################################################################
2025-07-31 02:25:51,329 INFO  [io.api.tes.uti.TestSeparator] (main) io.apicurio.tests.serdes.apicurio.AvroSerdeIT.testTopicIdStrategyAutoRegister-STARTED
2025-07-31 02:25:51,335 INFO  [org.apa.kaf.cli.pro.ProducerConfig] (main) ProducerConfig values: 
	acks = -1
	auto.include.jmx.reporter = true
	batch.size = 16384
	bootstrap.servers = [PLAINTEXT://localhost:32770]
	buffer.memory = 33554432
	client.dns.lookup = use_all_dns_ips
	client.id = Producer-topic-ce564cea_7837_4abb_80a9_da666e6d09fa
	compression.gzip.level = -1
	compression.lz4.level = 9
	compression.type = none
	compression.zstd.level = 3
	connections.max.idle.ms = 10000
	delivery.timeout.ms = 120000
	enable.idempotence = true
	enable.metrics.push = true
	interceptor.classes = []
	key.serializer = class org.apache.kafka.common.serialization.StringSerializer
	linger.ms = 0
	max.block.ms = 60000
	max.in.flight.requests.per.connection = 5
	max.request.size = 1048576
	metadata.max.age.ms = 300000
	metadata.max.idle.ms = 300000
	metadata.recovery.strategy = none
	metric.reporters = []
	metrics.num.samples = 2
	metrics.recording.level = INFO
	metrics.sample.window.ms = 30000
	partitioner.adaptive.partitioning.enable = true
	partitioner.availability.timeout.ms = 0
	partitioner.class = null
	partitioner.ignore.keys = false
	receive.buffer.bytes = 32768
	reconnect.backoff.max.ms = 1000
	reconnect.backoff.ms = 50
	request.timeout.ms = 5000
	retries = 2147483647
	retry.backoff.max.ms = 1000
	retry.backoff.ms = 100
	sasl.client.callback.handler.class = null
	sasl.jaas.config = null
	sasl.kerberos.kinit.cmd = /usr/bin/kinit
	sasl.kerberos.min.time.before.relogin = 60000
	sasl.kerberos.service.name = null
	sasl.kerberos.ticket.renew.jitter = 0.05
	sasl.kerberos.ticket.renew.window.factor = 0.8
	sasl.login.callback.handler.class = null
	sasl.login.class = null
	sasl.login.connect.timeout.ms = null
	sasl.login.read.timeout.ms = null
	sasl.login.refresh.buffer.seconds = 300
	sasl.login.refresh.min.period.seconds = 60
	sasl.login.refresh.window.factor = 0.8
	sasl.login.refresh.window.jitter = 0.05
	sasl.login.retry.backoff.max.ms = 10000
	sasl.login.retry.backoff.ms = 100
	sasl.mechanism = GSSAPI
	sasl.oauthbearer.clock.skew.seconds = 30
	sasl.oauthbearer.expected.audience = null
	sasl.oauthbearer.expected.issuer = null
	sasl.oauthbearer.header.urlencode = false
	sasl.oauthbearer.jwks.endpoint.refresh.ms = 3600000
	sasl.oauthbearer.jwks.endpoint.retry.backoff.max.ms = 10000
	sasl.oauthbearer.jwks.endpoint.retry.backoff.ms = 100
	sasl.oauthbearer.jwks.endpoint.url = null
	sasl.oauthbearer.scope.claim.name = scope
	sasl.oauthbearer.sub.claim.name = sub
	sasl.oauthbearer.token.endpoint.url = null
	security.protocol = PLAINTEXT
	security.providers = null
	send.buffer.bytes = 131072
	socket.connection.setup.timeout.max.ms = 30000
	socket.connection.setup.timeout.ms = 10000
	ssl.cipher.suites = null
	ssl.enabled.protocols = [TLSv1.2, TLSv1.3]
	ssl.endpoint.identification.algorithm = https
	ssl.engine.factory.class = null
	ssl.key.password = null
	ssl.keymanager.algorithm = SunX509
	ssl.keystore.certificate.chain = null
	ssl.keystore.key = null
	ssl.keystore.location = null
	ssl.keystore.password = null
	ssl.keystore.type = JKS
	ssl.protocol = TLSv1.3
	ssl.provider = null
	ssl.secure.random.implementation = null
	ssl.trustmanager.algorithm = PKIX
	ssl.truststore.certificates = null
	ssl.truststore.location = null
	ssl.truststore.password = null
	ssl.truststore.type = JKS
	transaction.timeout.ms = 60000
	transactional.id = null
	value.serializer = class io.apicurio.registry.serde.avro.AvroKafkaSerializer

2025-07-31 02:25:51,338 INFO  [org.apa.kaf.com.tel.int.KafkaMetricsCollector] (main) initializing Kafka metrics collector
2025-07-31 02:25:51,353 INFO  [org.apa.kaf.cli.pro.KafkaProducer] (main) [Producer clientId=Producer-topic-ce564cea_7837_4abb_80a9_da666e6d09fa] Instantiated an idempotent producer.
2025-07-31 02:25:51,361 INFO  [org.apa.kaf.cli.pro.ProducerConfig] (main) These configurations '[apicurio.registry.url, apicurio.registry.auto-register, apicurio.registry.artifact-resolver-strategy]' were supplied but are not used yet.
2025-07-31 02:25:51,361 INFO  [org.apa.kaf.com.uti.AppInfoParser] (main) Kafka version: 3.9.0
2025-07-31 02:25:51,361 INFO  [org.apa.kaf.com.uti.AppInfoParser] (main) Kafka commitId: 84caaa6e9da06435
2025-07-31 02:25:51,361 INFO  [org.apa.kaf.com.uti.AppInfoParser] (main) Kafka startTimeMs: 1753928751361
2025-07-31 02:25:51,362 INFO  [io.api.tes.ser.api.SimpleSerdesTesterBuilder$SimpleSerdesTester] (main) Using producer configuration: {apicurio.registry.url=http://registry-app-kafkasql.apps.ci419.apicurio-testing.org:80/apis/registry/v3, apicurio.registry.auto-register=true, apicurio.registry.artifact-resolver-strategy=io.apicurio.registry.serde.strategy.TopicIdStrategy, value.serializer=io.apicurio.registry.serde.avro.AvroKafkaSerializer, request.timeout.ms=5000, acks=all, bootstrap.servers=PLAINTEXT://localhost:32770, connections.max.idle.ms=10000, key.serializer=org.apache.kafka.common.serialization.StringSerializer, client.id=Producer-topic-ce564cea_7837_4abb_80a9_da666e6d09fa}
2025-07-31 02:25:51,362 INFO  [io.api.tes.ser.api.SimpleSerdesTesterBuilder$SimpleSerdesTester] (main) Using consumer configuration: {}
2025-07-31 02:25:51,365 INFO  [io.api.tes.ser.api.KafkaSerdesTester] (Thread-141) Sending message {"key11753928751333": "value-0"} to topic topic-ce564cea_7837_4abb_80a9_da666e6d09fa
2025-07-31 02:25:51,387 WARN  [org.apa.kaf.cli.NetworkClient] (kafka-producer-network-thread | Producer-topic-ce564cea_7837_4abb_80a9_da666e6d09fa) [Producer clientId=Producer-topic-ce564cea_7837_4abb_80a9_da666e6d09fa] The metadata response from the cluster reported a recoverable issue with correlation id 2 : {topic-ce564cea_7837_4abb_80a9_da666e6d09fa=LEADER_NOT_AVAILABLE}
2025-07-31 02:25:51,388 INFO  [org.apa.kaf.cli.Metadata] (kafka-producer-network-thread | Producer-topic-ce564cea_7837_4abb_80a9_da666e6d09fa) [Producer clientId=Producer-topic-ce564cea_7837_4abb_80a9_da666e6d09fa] Cluster ID: MA4G_e_SRU2vGr9gzyfJLg
2025-07-31 02:25:51,389 INFO  [org.apa.kaf.cli.pro.int.TransactionManager] (kafka-producer-network-thread | Producer-topic-ce564cea_7837_4abb_80a9_da666e6d09fa) [Producer clientId=Producer-topic-ce564cea_7837_4abb_80a9_da666e6d09fa] ProducerId set to 4 with epoch 0
2025-07-31 02:25:51,627 INFO  [io.api.tes.ser.api.KafkaSerdesTester] (Thread-141) Sending message {"key11753928751333": "value-1"} to topic topic-ce564cea_7837_4abb_80a9_da666e6d09fa
2025-07-31 02:25:51,629 INFO  [io.api.tes.ser.api.KafkaSerdesTester] (Thread-141) Sending message {"key11753928751333": "value-2"} to topic topic-ce564cea_7837_4abb_80a9_da666e6d09fa
2025-07-31 02:25:51,631 INFO  [io.api.tes.ser.api.KafkaSerdesTester] (Thread-141) Sending message {"key11753928751333": "value-3"} to topic topic-ce564cea_7837_4abb_80a9_da666e6d09fa
2025-07-31 02:25:51,634 INFO  [io.api.tes.ser.api.KafkaSerdesTester] (Thread-141) Sending message {"key11753928751333": "value-4"} to topic topic-ce564cea_7837_4abb_80a9_da666e6d09fa
2025-07-31 02:25:51,637 INFO  [io.api.tes.ser.api.KafkaSerdesTester] (Thread-141) Sending message {"key11753928751333": "value-5"} to topic topic-ce564cea_7837_4abb_80a9_da666e6d09fa
2025-07-31 02:25:51,639 INFO  [io.api.tes.ser.api.KafkaSerdesTester] (Thread-141) Sending message {"key11753928751333": "value-6"} to topic topic-ce564cea_7837_4abb_80a9_da666e6d09fa
2025-07-31 02:25:51,641 INFO  [io.api.tes.ser.api.KafkaSerdesTester] (Thread-141) Sending message {"key11753928751333": "value-7"} to topic topic-ce564cea_7837_4abb_80a9_da666e6d09fa
2025-07-31 02:25:51,643 INFO  [io.api.tes.ser.api.KafkaSerdesTester] (Thread-141) Sending message {"key11753928751333": "value-8"} to topic topic-ce564cea_7837_4abb_80a9_da666e6d09fa
2025-07-31 02:25:51,646 INFO  [io.api.tes.ser.api.KafkaSerdesTester] (Thread-141) Sending message {"key11753928751333": "value-9"} to topic topic-ce564cea_7837_4abb_80a9_da666e6d09fa
2025-07-31 02:25:51,648 INFO  [io.api.tes.ser.api.KafkaSerdesTester] (Thread-141) Produced 10 messages
2025-07-31 02:25:51,648 INFO  [org.apa.kaf.cli.pro.KafkaProducer] (Thread-141) [Producer clientId=Producer-topic-ce564cea_7837_4abb_80a9_da666e6d09fa] Closing the Kafka producer with timeoutMillis = 9223372036854775807 ms.
2025-07-31 02:25:51,652 INFO  [org.apa.kaf.com.met.Metrics] (Thread-141) Metrics scheduler closed
2025-07-31 02:25:51,652 INFO  [org.apa.kaf.com.met.Metrics] (Thread-141) Closing reporter org.apache.kafka.common.metrics.JmxReporter
2025-07-31 02:25:51,652 INFO  [org.apa.kaf.com.met.Metrics] (Thread-141) Closing reporter org.apache.kafka.common.telemetry.internals.ClientTelemetryReporter
2025-07-31 02:25:51,652 INFO  [org.apa.kaf.com.met.Metrics] (Thread-141) Metrics reporters closed
2025-07-31 02:25:51,653 INFO  [org.apa.kaf.com.uti.AppInfoParser] (Thread-141) App info kafka.producer for Producer-topic-ce564cea_7837_4abb_80a9_da666e6d09fa unregistered
2025-07-31 02:25:51,740 INFO  [org.apa.kaf.cli.con.ConsumerConfig] (main) ConsumerConfig values: 
	allow.auto.create.topics = true
	auto.commit.interval.ms = 500
	auto.include.jmx.reporter = true
	auto.offset.reset = earliest
	bootstrap.servers = [PLAINTEXT://localhost:32770]
	check.crcs = true
	client.dns.lookup = use_all_dns_ips
	client.id = consumer-Consumer-topic-ce564cea_7837_4abb_80a9_da666e6d09fa-4
	client.rack = 
	connections.max.idle.ms = 10000
	default.api.timeout.ms = 60000
	enable.auto.commit = true
	enable.metrics.push = true
	exclude.internal.topics = true
	fetch.max.bytes = 52428800
	fetch.max.wait.ms = 500
	fetch.min.bytes = 1
	group.id = Consumer-topic-ce564cea_7837_4abb_80a9_da666e6d09fa
	group.instance.id = null
	group.protocol = classic
	group.remote.assignor = null
	heartbeat.interval.ms = 3000
	interceptor.classes = []
	internal.leave.group.on.close = true
	internal.throw.on.fetch.stable.offset.unsupported = false
	isolation.level = read_uncommitted
	key.deserializer = class org.apache.kafka.common.serialization.StringDeserializer
	max.partition.fetch.bytes = 1048576
	max.poll.interval.ms = 300000
	max.poll.records = 500
	metadata.max.age.ms = 300000
	metadata.recovery.strategy = none
	metric.reporters = []
	metrics.num.samples = 2
	metrics.recording.level = INFO
	metrics.sample.window.ms = 30000
	partition.assignment.strategy = [class org.apache.kafka.clients.consumer.RangeAssignor, class org.apache.kafka.clients.consumer.CooperativeStickyAssignor]
	receive.buffer.bytes = 65536
	reconnect.backoff.max.ms = 1000
	reconnect.backoff.ms = 50
	request.timeout.ms = 5000
	retry.backoff.max.ms = 1000
	retry.backoff.ms = 100
	sasl.client.callback.handler.class = null
	sasl.jaas.config = null
	sasl.kerberos.kinit.cmd = /usr/bin/kinit
	sasl.kerberos.min.time.before.relogin = 60000
	sasl.kerberos.service.name = null
	sasl.kerberos.ticket.renew.jitter = 0.05
	sasl.kerberos.ticket.renew.window.factor = 0.8
	sasl.login.callback.handler.class = null
	sasl.login.class = null
	sasl.login.connect.timeout.ms = null
	sasl.login.read.timeout.ms = null
	sasl.login.refresh.buffer.seconds = 300
	sasl.login.refresh.min.period.seconds = 60
	sasl.login.refresh.window.factor = 0.8
	sasl.login.refresh.window.jitter = 0.05
	sasl.login.retry.backoff.max.ms = 10000
	sasl.login.retry.backoff.ms = 100
	sasl.mechanism = GSSAPI
	sasl.oauthbearer.clock.skew.seconds = 30
	sasl.oauthbearer.expected.audience = null
	sasl.oauthbearer.expected.issuer = null
	sasl.oauthbearer.header.urlencode = false
	sasl.oauthbearer.jwks.endpoint.refresh.ms = 3600000
	sasl.oauthbearer.jwks.endpoint.retry.backoff.max.ms = 10000
	sasl.oauthbearer.jwks.endpoint.retry.backoff.ms = 100
	sasl.oauthbearer.jwks.endpoint.url = null
	sasl.oauthbearer.scope.claim.name = scope
	sasl.oauthbearer.sub.claim.name = sub
	sasl.oauthbearer.token.endpoint.url = null
	security.protocol = PLAINTEXT
	security.providers = null
	send.buffer.bytes = 131072
	session.timeout.ms = 45000
	socket.connection.setup.timeout.max.ms = 30000
	socket.connection.setup.timeout.ms = 10000
	ssl.cipher.suites = null
	ssl.enabled.protocols = [TLSv1.2, TLSv1.3]
	ssl.endpoint.identification.algorithm = https
	ssl.engine.factory.class = null
	ssl.key.password = null
	ssl.keymanager.algorithm = SunX509
	ssl.keystore.certificate.chain = null
	ssl.keystore.key = null
	ssl.keystore.location = null
	ssl.keystore.password = null
	ssl.keystore.type = JKS
	ssl.protocol = TLSv1.3
	ssl.provider = null
	ssl.secure.random.implementation = null
	ssl.trustmanager.algorithm = PKIX
	ssl.truststore.certificates = null
	ssl.truststore.location = null
	ssl.truststore.password = null
	ssl.truststore.type = JKS
	value.deserializer = class io.apicurio.registry.serde.avro.AvroKafkaDeserializer

2025-07-31 02:25:51,740 INFO  [org.apa.kaf.com.tel.int.KafkaMetricsCollector] (main) initializing Kafka metrics collector
2025-07-31 02:25:51,748 INFO  [org.apa.kaf.cli.con.ConsumerConfig] (main) These configurations '[apicurio.registry.url]' were supplied but are not used yet.
2025-07-31 02:25:51,748 INFO  [org.apa.kaf.com.uti.AppInfoParser] (main) Kafka version: 3.9.0
2025-07-31 02:25:51,748 INFO  [org.apa.kaf.com.uti.AppInfoParser] (main) Kafka commitId: 84caaa6e9da06435
2025-07-31 02:25:51,749 INFO  [org.apa.kaf.com.uti.AppInfoParser] (main) Kafka startTimeMs: 1753928751748
2025-07-31 02:25:51,749 INFO  [org.apa.kaf.cli.con.int.ClassicKafkaConsumer] (Thread-144) [Consumer clientId=consumer-Consumer-topic-ce564cea_7837_4abb_80a9_da666e6d09fa-4, groupId=Consumer-topic-ce564cea_7837_4abb_80a9_da666e6d09fa] Subscribed to topic(s): topic-ce564cea_7837_4abb_80a9_da666e6d09fa
2025-07-31 02:25:51,758 INFO  [org.apa.kaf.cli.Metadata] (Thread-144) [Consumer clientId=consumer-Consumer-topic-ce564cea_7837_4abb_80a9_da666e6d09fa-4, groupId=Consumer-topic-ce564cea_7837_4abb_80a9_da666e6d09fa] Cluster ID: MA4G_e_SRU2vGr9gzyfJLg
2025-07-31 02:25:51,760 INFO  [org.apa.kaf.cli.con.int.ConsumerCoordinator] (Thread-144) [Consumer clientId=consumer-Consumer-topic-ce564cea_7837_4abb_80a9_da666e6d09fa-4, groupId=Consumer-topic-ce564cea_7837_4abb_80a9_da666e6d09fa] Discovered group coordinator localhost:32770 (id: 2147483647 rack: null)
2025-07-31 02:25:51,764 INFO  [org.apa.kaf.cli.con.int.ConsumerCoordinator] (Thread-144) [Consumer clientId=consumer-Consumer-topic-ce564cea_7837_4abb_80a9_da666e6d09fa-4, groupId=Consumer-topic-ce564cea_7837_4abb_80a9_da666e6d09fa] (Re-)joining group
2025-07-31 02:25:51,773 INFO  [org.apa.kaf.cli.con.int.ConsumerCoordinator] (Thread-144) [Consumer clientId=consumer-Consumer-topic-ce564cea_7837_4abb_80a9_da666e6d09fa-4, groupId=Consumer-topic-ce564cea_7837_4abb_80a9_da666e6d09fa] Request joining group due to: need to re-join with the given member-id: consumer-Consumer-topic-ce564cea_7837_4abb_80a9_da666e6d09fa-4-1fd289d3-ba20-4764-96da-da8d6fb741a5
2025-07-31 02:25:51,773 INFO  [org.apa.kaf.cli.con.int.ConsumerCoordinator] (Thread-144) [Consumer clientId=consumer-Consumer-topic-ce564cea_7837_4abb_80a9_da666e6d09fa-4, groupId=Consumer-topic-ce564cea_7837_4abb_80a9_da666e6d09fa] (Re-)joining group
2025-07-31 02:25:51,780 INFO  [org.apa.kaf.cli.con.int.ConsumerCoordinator] (Thread-144) [Consumer clientId=consumer-Consumer-topic-ce564cea_7837_4abb_80a9_da666e6d09fa-4, groupId=Consumer-topic-ce564cea_7837_4abb_80a9_da666e6d09fa] Successfully joined group with generation Generation{generationId=1, memberId='consumer-Consumer-topic-ce564cea_7837_4abb_80a9_da666e6d09fa-4-1fd289d3-ba20-4764-96da-da8d6fb741a5', protocol='range'}
2025-07-31 02:25:51,781 INFO  [org.apa.kaf.cli.con.int.ConsumerCoordinator] (Thread-144) [Consumer clientId=consumer-Consumer-topic-ce564cea_7837_4abb_80a9_da666e6d09fa-4, groupId=Consumer-topic-ce564cea_7837_4abb_80a9_da666e6d09fa] Finished assignment for group at generation 1: {consumer-Consumer-topic-ce564cea_7837_4abb_80a9_da666e6d09fa-4-1fd289d3-ba20-4764-96da-da8d6fb741a5=Assignment(partitions=[topic-ce564cea_7837_4abb_80a9_da666e6d09fa-0])}
2025-07-31 02:25:51,787 INFO  [org.apa.kaf.cli.con.int.ConsumerCoordinator] (Thread-144) [Consumer clientId=consumer-Consumer-topic-ce564cea_7837_4abb_80a9_da666e6d09fa-4, groupId=Consumer-topic-ce564cea_7837_4abb_80a9_da666e6d09fa] Successfully synced group in generation Generation{generationId=1, memberId='consumer-Consumer-topic-ce564cea_7837_4abb_80a9_da666e6d09fa-4-1fd289d3-ba20-4764-96da-da8d6fb741a5', protocol='range'}
2025-07-31 02:25:51,787 INFO  [org.apa.kaf.cli.con.int.ConsumerCoordinator] (Thread-144) [Consumer clientId=consumer-Consumer-topic-ce564cea_7837_4abb_80a9_da666e6d09fa-4, groupId=Consumer-topic-ce564cea_7837_4abb_80a9_da666e6d09fa] Notifying assignor about the new Assignment(partitions=[topic-ce564cea_7837_4abb_80a9_da666e6d09fa-0])
2025-07-31 02:25:51,787 INFO  [org.apa.kaf.cli.con.int.ConsumerRebalanceListenerInvoker] (Thread-144) [Consumer clientId=consumer-Consumer-topic-ce564cea_7837_4abb_80a9_da666e6d09fa-4, groupId=Consumer-topic-ce564cea_7837_4abb_80a9_da666e6d09fa] Adding newly assigned partitions: topic-ce564cea_7837_4abb_80a9_da666e6d09fa-0
2025-07-31 02:25:51,789 INFO  [org.apa.kaf.cli.con.int.ConsumerCoordinator] (Thread-144) [Consumer clientId=consumer-Consumer-topic-ce564cea_7837_4abb_80a9_da666e6d09fa-4, groupId=Consumer-topic-ce564cea_7837_4abb_80a9_da666e6d09fa] Found no committed offset for partition topic-ce564cea_7837_4abb_80a9_da666e6d09fa-0
2025-07-31 02:25:51,794 INFO  [org.apa.kaf.cli.con.int.SubscriptionState] (Thread-144) [Consumer clientId=consumer-Consumer-topic-ce564cea_7837_4abb_80a9_da666e6d09fa-4, groupId=Consumer-topic-ce564cea_7837_4abb_80a9_da666e6d09fa] Resetting offset for partition topic-ce564cea_7837_4abb_80a9_da666e6d09fa-0 to position FetchPosition{offset=0, offsetEpoch=Optional.empty, currentLeader=LeaderAndEpoch{leader=Optional[localhost:32770 (id: 0 rack: null)], epoch=0}}.
2025-07-31 02:25:51,915 INFO  [io.api.tes.ser.api.KafkaSerdesTester] (Thread-144) topic-ce564cea_7837_4abb_80a9_da666e6d09fa 0 0 {"key11753928751333": "value-0"}
2025-07-31 02:25:51,915 INFO  [io.api.tes.ser.api.KafkaSerdesTester] (Thread-144) topic-ce564cea_7837_4abb_80a9_da666e6d09fa 0 1 {"key11753928751333": "value-1"}
2025-07-31 02:25:51,915 INFO  [io.api.tes.ser.api.KafkaSerdesTester] (Thread-144) topic-ce564cea_7837_4abb_80a9_da666e6d09fa 0 2 {"key11753928751333": "value-2"}
2025-07-31 02:25:51,915 INFO  [io.api.tes.ser.api.KafkaSerdesTester] (Thread-144) topic-ce564cea_7837_4abb_80a9_da666e6d09fa 0 3 {"key11753928751333": "value-3"}
2025-07-31 02:25:51,915 INFO  [io.api.tes.ser.api.KafkaSerdesTester] (Thread-144) topic-ce564cea_7837_4abb_80a9_da666e6d09fa 0 4 {"key11753928751333": "value-4"}
2025-07-31 02:25:51,915 INFO  [io.api.tes.ser.api.KafkaSerdesTester] (Thread-144) topic-ce564cea_7837_4abb_80a9_da666e6d09fa 0 5 {"key11753928751333": "value-5"}
2025-07-31 02:25:51,915 INFO  [io.api.tes.ser.api.KafkaSerdesTester] (Thread-144) topic-ce564cea_7837_4abb_80a9_da666e6d09fa 0 6 {"key11753928751333": "value-6"}
2025-07-31 02:25:51,915 INFO  [io.api.tes.ser.api.KafkaSerdesTester] (Thread-144) topic-ce564cea_7837_4abb_80a9_da666e6d09fa 0 7 {"key11753928751333": "value-7"}
2025-07-31 02:25:51,915 INFO  [io.api.tes.ser.api.KafkaSerdesTester] (Thread-144) topic-ce564cea_7837_4abb_80a9_da666e6d09fa 0 8 {"key11753928751333": "value-8"}
2025-07-31 02:25:51,915 INFO  [io.api.tes.ser.api.KafkaSerdesTester] (Thread-144) topic-ce564cea_7837_4abb_80a9_da666e6d09fa 0 9 {"key11753928751333": "value-9"}
2025-07-31 02:25:51,915 INFO  [io.api.tes.ser.api.KafkaSerdesTester] (Thread-144) Consumed 10 messages
2025-07-31 02:25:51,920 INFO  [org.apa.kaf.cli.con.int.ConsumerRebalanceListenerInvoker] (Thread-144) [Consumer clientId=consumer-Consumer-topic-ce564cea_7837_4abb_80a9_da666e6d09fa-4, groupId=Consumer-topic-ce564cea_7837_4abb_80a9_da666e6d09fa] Revoke previously assigned partitions topic-ce564cea_7837_4abb_80a9_da666e6d09fa-0
2025-07-31 02:25:51,921 INFO  [org.apa.kaf.cli.con.int.ConsumerCoordinator] (Thread-144) [Consumer clientId=consumer-Consumer-topic-ce564cea_7837_4abb_80a9_da666e6d09fa-4, groupId=Consumer-topic-ce564cea_7837_4abb_80a9_da666e6d09fa] Member consumer-Consumer-topic-ce564cea_7837_4abb_80a9_da666e6d09fa-4-1fd289d3-ba20-4764-96da-da8d6fb741a5 sending LeaveGroup request to coordinator localhost:32770 (id: 2147483647 rack: null) due to the consumer is being closed
2025-07-31 02:25:51,923 INFO  [org.apa.kaf.cli.con.int.ConsumerCoordinator] (Thread-144) [Consumer clientId=consumer-Consumer-topic-ce564cea_7837_4abb_80a9_da666e6d09fa-4, groupId=Consumer-topic-ce564cea_7837_4abb_80a9_da666e6d09fa] Resetting generation and member id due to: consumer pro-actively leaving the group
2025-07-31 02:25:51,923 INFO  [org.apa.kaf.cli.con.int.ConsumerCoordinator] (Thread-144) [Consumer clientId=consumer-Consumer-topic-ce564cea_7837_4abb_80a9_da666e6d09fa-4, groupId=Consumer-topic-ce564cea_7837_4abb_80a9_da666e6d09fa] Request joining group due to: consumer pro-actively leaving the group
2025-07-31 02:25:52,419 INFO  [org.apa.kaf.com.met.Metrics] (Thread-144) Metrics scheduler closed
2025-07-31 02:25:52,419 INFO  [org.apa.kaf.com.met.Metrics] (Thread-144) Closing reporter org.apache.kafka.common.metrics.JmxReporter
2025-07-31 02:25:52,419 INFO  [org.apa.kaf.com.met.Metrics] (Thread-144) Closing reporter org.apache.kafka.common.telemetry.internals.ClientTelemetryReporter
2025-07-31 02:25:52,419 INFO  [org.apa.kaf.com.met.Metrics] (Thread-144) Metrics reporters closed
2025-07-31 02:25:52,424 INFO  [org.apa.kaf.com.uti.AppInfoParser] (Thread-144) App info kafka.consumer for consumer-Consumer-topic-ce564cea_7837_4abb_80a9_da666e6d09fa-4 unregistered
2025-07-31 02:25:52,507 INFO  [io.api.tes.uti.TestSeparator] (main) io.apicurio.tests.serdes.apicurio.AvroSerdeIT.testTopicIdStrategyAutoRegister-FINISHED
2025-07-31 02:25:52,507 INFO  [io.api.tes.uti.TestSeparator] (main) ############################################################################
]]></system-out>
  </testcase>
  <testcase name="testRecordIdStrategydFindLatest" classname="io.apicurio.tests.serdes.apicurio.AvroSerdeIT" time="2.033">
    <system-out><![CDATA[2025-07-31 02:25:52,510 INFO  [io.api.tes.uti.TestSeparator] (main) ############################################################################
2025-07-31 02:25:52,510 INFO  [io.api.tes.uti.TestSeparator] (main) io.apicurio.tests.serdes.apicurio.AvroSerdeIT.testRecordIdStrategydFindLatest-STARTED
2025-07-31 02:25:52,511 INFO  [io.api.tes.ser.api.AvroSerdeIT] (main) Registering Avro Schema: {"type":"record","name":"s5ee3b51ax69a7x417cxa88fx5f46bf621cd4","namespace":"s744ed5d0xa5e4x46dbx9f80x9bc17ac6cd47","fields":[{"name":"key11753928752510","type":"string"}]}
2025-07-31 02:25:53,647 INFO  [org.apa.kaf.cli.pro.ProducerConfig] (main) ProducerConfig values: 
	acks = -1
	auto.include.jmx.reporter = true
	batch.size = 16384
	bootstrap.servers = [PLAINTEXT://localhost:32770]
	buffer.memory = 33554432
	client.dns.lookup = use_all_dns_ips
	client.id = Producer-topic-7fcfeb4a_ced7_426a_8d2d_6c1a7ab2e32c
	compression.gzip.level = -1
	compression.lz4.level = 9
	compression.type = none
	compression.zstd.level = 3
	connections.max.idle.ms = 10000
	delivery.timeout.ms = 120000
	enable.idempotence = true
	enable.metrics.push = true
	interceptor.classes = []
	key.serializer = class org.apache.kafka.common.serialization.StringSerializer
	linger.ms = 0
	max.block.ms = 60000
	max.in.flight.requests.per.connection = 5
	max.request.size = 1048576
	metadata.max.age.ms = 300000
	metadata.max.idle.ms = 300000
	metadata.recovery.strategy = none
	metric.reporters = []
	metrics.num.samples = 2
	metrics.recording.level = INFO
	metrics.sample.window.ms = 30000
	partitioner.adaptive.partitioning.enable = true
	partitioner.availability.timeout.ms = 0
	partitioner.class = null
	partitioner.ignore.keys = false
	receive.buffer.bytes = 32768
	reconnect.backoff.max.ms = 1000
	reconnect.backoff.ms = 50
	request.timeout.ms = 5000
	retries = 2147483647
	retry.backoff.max.ms = 1000
	retry.backoff.ms = 100
	sasl.client.callback.handler.class = null
	sasl.jaas.config = null
	sasl.kerberos.kinit.cmd = /usr/bin/kinit
	sasl.kerberos.min.time.before.relogin = 60000
	sasl.kerberos.service.name = null
	sasl.kerberos.ticket.renew.jitter = 0.05
	sasl.kerberos.ticket.renew.window.factor = 0.8
	sasl.login.callback.handler.class = null
	sasl.login.class = null
	sasl.login.connect.timeout.ms = null
	sasl.login.read.timeout.ms = null
	sasl.login.refresh.buffer.seconds = 300
	sasl.login.refresh.min.period.seconds = 60
	sasl.login.refresh.window.factor = 0.8
	sasl.login.refresh.window.jitter = 0.05
	sasl.login.retry.backoff.max.ms = 10000
	sasl.login.retry.backoff.ms = 100
	sasl.mechanism = GSSAPI
	sasl.oauthbearer.clock.skew.seconds = 30
	sasl.oauthbearer.expected.audience = null
	sasl.oauthbearer.expected.issuer = null
	sasl.oauthbearer.header.urlencode = false
	sasl.oauthbearer.jwks.endpoint.refresh.ms = 3600000
	sasl.oauthbearer.jwks.endpoint.retry.backoff.max.ms = 10000
	sasl.oauthbearer.jwks.endpoint.retry.backoff.ms = 100
	sasl.oauthbearer.jwks.endpoint.url = null
	sasl.oauthbearer.scope.claim.name = scope
	sasl.oauthbearer.sub.claim.name = sub
	sasl.oauthbearer.token.endpoint.url = null
	security.protocol = PLAINTEXT
	security.providers = null
	send.buffer.bytes = 131072
	socket.connection.setup.timeout.max.ms = 30000
	socket.connection.setup.timeout.ms = 10000
	ssl.cipher.suites = null
	ssl.enabled.protocols = [TLSv1.2, TLSv1.3]
	ssl.endpoint.identification.algorithm = https
	ssl.engine.factory.class = null
	ssl.key.password = null
	ssl.keymanager.algorithm = SunX509
	ssl.keystore.certificate.chain = null
	ssl.keystore.key = null
	ssl.keystore.location = null
	ssl.keystore.password = null
	ssl.keystore.type = JKS
	ssl.protocol = TLSv1.3
	ssl.provider = null
	ssl.secure.random.implementation = null
	ssl.trustmanager.algorithm = PKIX
	ssl.truststore.certificates = null
	ssl.truststore.location = null
	ssl.truststore.password = null
	ssl.truststore.type = JKS
	transaction.timeout.ms = 60000
	transactional.id = null
	value.serializer = class io.apicurio.registry.serde.avro.AvroKafkaSerializer

2025-07-31 02:25:53,648 INFO  [org.apa.kaf.com.tel.int.KafkaMetricsCollector] (main) initializing Kafka metrics collector
2025-07-31 02:25:53,651 INFO  [org.apa.kaf.cli.pro.KafkaProducer] (main) [Producer clientId=Producer-topic-7fcfeb4a_ced7_426a_8d2d_6c1a7ab2e32c] Instantiated an idempotent producer.
2025-07-31 02:25:53,653 INFO  [org.apa.kaf.cli.pro.ProducerConfig] (main) These configurations '[apicurio.registry.find-latest, apicurio.registry.url, apicurio.registry.artifact-resolver-strategy]' were supplied but are not used yet.
2025-07-31 02:25:53,653 INFO  [org.apa.kaf.com.uti.AppInfoParser] (main) Kafka version: 3.9.0
2025-07-31 02:25:53,654 INFO  [org.apa.kaf.com.uti.AppInfoParser] (main) Kafka commitId: 84caaa6e9da06435
2025-07-31 02:25:53,654 INFO  [org.apa.kaf.com.uti.AppInfoParser] (main) Kafka startTimeMs: 1753928753653
2025-07-31 02:25:53,654 INFO  [io.api.tes.ser.api.SimpleSerdesTesterBuilder$SimpleSerdesTester] (main) Using producer configuration: {apicurio.registry.find-latest=true, apicurio.registry.url=http://registry-app-kafkasql.apps.ci419.apicurio-testing.org:80/apis/registry/v3, apicurio.registry.artifact-resolver-strategy=io.apicurio.registry.serde.avro.strategy.RecordIdStrategy, value.serializer=io.apicurio.registry.serde.avro.AvroKafkaSerializer, request.timeout.ms=5000, acks=all, bootstrap.servers=PLAINTEXT://localhost:32770, connections.max.idle.ms=10000, key.serializer=org.apache.kafka.common.serialization.StringSerializer, client.id=Producer-topic-7fcfeb4a_ced7_426a_8d2d_6c1a7ab2e32c}
2025-07-31 02:25:53,654 INFO  [io.api.tes.ser.api.SimpleSerdesTesterBuilder$SimpleSerdesTester] (main) Using consumer configuration: {}
2025-07-31 02:25:53,657 INFO  [io.api.tes.ser.api.KafkaSerdesTester] (Thread-147) Sending message {"key11753928752510": "value-0"} to topic topic-7fcfeb4a_ced7_426a_8d2d_6c1a7ab2e32c
2025-07-31 02:25:53,663 INFO  [org.apa.kaf.cli.Metadata] (kafka-producer-network-thread | Producer-topic-7fcfeb4a_ced7_426a_8d2d_6c1a7ab2e32c) [Producer clientId=Producer-topic-7fcfeb4a_ced7_426a_8d2d_6c1a7ab2e32c] Cluster ID: MA4G_e_SRU2vGr9gzyfJLg
2025-07-31 02:25:53,665 INFO  [org.apa.kaf.cli.pro.int.TransactionManager] (kafka-producer-network-thread | Producer-topic-7fcfeb4a_ced7_426a_8d2d_6c1a7ab2e32c) [Producer clientId=Producer-topic-7fcfeb4a_ced7_426a_8d2d_6c1a7ab2e32c] ProducerId set to 5 with epoch 0
2025-07-31 02:25:53,831 INFO  [io.api.tes.ser.api.KafkaSerdesTester] (Thread-147) Sending message {"key11753928752510": "value-1"} to topic topic-7fcfeb4a_ced7_426a_8d2d_6c1a7ab2e32c
2025-07-31 02:25:53,833 INFO  [io.api.tes.ser.api.KafkaSerdesTester] (Thread-147) Sending message {"key11753928752510": "value-2"} to topic topic-7fcfeb4a_ced7_426a_8d2d_6c1a7ab2e32c
2025-07-31 02:25:53,836 INFO  [io.api.tes.ser.api.KafkaSerdesTester] (Thread-147) Sending message {"key11753928752510": "value-3"} to topic topic-7fcfeb4a_ced7_426a_8d2d_6c1a7ab2e32c
2025-07-31 02:25:53,838 INFO  [io.api.tes.ser.api.KafkaSerdesTester] (Thread-147) Sending message {"key11753928752510": "value-4"} to topic topic-7fcfeb4a_ced7_426a_8d2d_6c1a7ab2e32c
2025-07-31 02:25:53,842 INFO  [io.api.tes.ser.api.KafkaSerdesTester] (Thread-147) Sending message {"key11753928752510": "value-5"} to topic topic-7fcfeb4a_ced7_426a_8d2d_6c1a7ab2e32c
2025-07-31 02:25:53,843 INFO  [io.api.tes.ser.api.KafkaSerdesTester] (Thread-147) Sending message {"key11753928752510": "value-6"} to topic topic-7fcfeb4a_ced7_426a_8d2d_6c1a7ab2e32c
2025-07-31 02:25:53,848 INFO  [io.api.tes.ser.api.KafkaSerdesTester] (Thread-147) Sending message {"key11753928752510": "value-7"} to topic topic-7fcfeb4a_ced7_426a_8d2d_6c1a7ab2e32c
2025-07-31 02:25:53,850 INFO  [io.api.tes.ser.api.KafkaSerdesTester] (Thread-147) Sending message {"key11753928752510": "value-8"} to topic topic-7fcfeb4a_ced7_426a_8d2d_6c1a7ab2e32c
2025-07-31 02:25:53,852 INFO  [io.api.tes.ser.api.KafkaSerdesTester] (Thread-147) Sending message {"key11753928752510": "value-9"} to topic topic-7fcfeb4a_ced7_426a_8d2d_6c1a7ab2e32c
2025-07-31 02:25:53,855 INFO  [io.api.tes.ser.api.KafkaSerdesTester] (Thread-147) Produced 10 messages
2025-07-31 02:25:53,855 INFO  [org.apa.kaf.cli.pro.KafkaProducer] (Thread-147) [Producer clientId=Producer-topic-7fcfeb4a_ced7_426a_8d2d_6c1a7ab2e32c] Closing the Kafka producer with timeoutMillis = 9223372036854775807 ms.
2025-07-31 02:25:53,857 INFO  [org.apa.kaf.com.met.Metrics] (Thread-147) Metrics scheduler closed
2025-07-31 02:25:53,857 INFO  [org.apa.kaf.com.met.Metrics] (Thread-147) Closing reporter org.apache.kafka.common.metrics.JmxReporter
2025-07-31 02:25:53,858 INFO  [org.apa.kaf.com.met.Metrics] (Thread-147) Closing reporter org.apache.kafka.common.telemetry.internals.ClientTelemetryReporter
2025-07-31 02:25:53,858 INFO  [org.apa.kaf.com.met.Metrics] (Thread-147) Metrics reporters closed
2025-07-31 02:25:53,858 INFO  [org.apa.kaf.com.uti.AppInfoParser] (Thread-147) App info kafka.producer for Producer-topic-7fcfeb4a_ced7_426a_8d2d_6c1a7ab2e32c unregistered
2025-07-31 02:25:53,859 INFO  [org.apa.kaf.cli.con.ConsumerConfig] (main) ConsumerConfig values: 
	allow.auto.create.topics = true
	auto.commit.interval.ms = 500
	auto.include.jmx.reporter = true
	auto.offset.reset = earliest
	bootstrap.servers = [PLAINTEXT://localhost:32770]
	check.crcs = true
	client.dns.lookup = use_all_dns_ips
	client.id = consumer-Consumer-topic-7fcfeb4a_ced7_426a_8d2d_6c1a7ab2e32c-5
	client.rack = 
	connections.max.idle.ms = 10000
	default.api.timeout.ms = 60000
	enable.auto.commit = true
	enable.metrics.push = true
	exclude.internal.topics = true
	fetch.max.bytes = 52428800
	fetch.max.wait.ms = 500
	fetch.min.bytes = 1
	group.id = Consumer-topic-7fcfeb4a_ced7_426a_8d2d_6c1a7ab2e32c
	group.instance.id = null
	group.protocol = classic
	group.remote.assignor = null
	heartbeat.interval.ms = 3000
	interceptor.classes = []
	internal.leave.group.on.close = true
	internal.throw.on.fetch.stable.offset.unsupported = false
	isolation.level = read_uncommitted
	key.deserializer = class org.apache.kafka.common.serialization.StringDeserializer
	max.partition.fetch.bytes = 1048576
	max.poll.interval.ms = 300000
	max.poll.records = 500
	metadata.max.age.ms = 300000
	metadata.recovery.strategy = none
	metric.reporters = []
	metrics.num.samples = 2
	metrics.recording.level = INFO
	metrics.sample.window.ms = 30000
	partition.assignment.strategy = [class org.apache.kafka.clients.consumer.RangeAssignor, class org.apache.kafka.clients.consumer.CooperativeStickyAssignor]
	receive.buffer.bytes = 65536
	reconnect.backoff.max.ms = 1000
	reconnect.backoff.ms = 50
	request.timeout.ms = 5000
	retry.backoff.max.ms = 1000
	retry.backoff.ms = 100
	sasl.client.callback.handler.class = null
	sasl.jaas.config = null
	sasl.kerberos.kinit.cmd = /usr/bin/kinit
	sasl.kerberos.min.time.before.relogin = 60000
	sasl.kerberos.service.name = null
	sasl.kerberos.ticket.renew.jitter = 0.05
	sasl.kerberos.ticket.renew.window.factor = 0.8
	sasl.login.callback.handler.class = null
	sasl.login.class = null
	sasl.login.connect.timeout.ms = null
	sasl.login.read.timeout.ms = null
	sasl.login.refresh.buffer.seconds = 300
	sasl.login.refresh.min.period.seconds = 60
	sasl.login.refresh.window.factor = 0.8
	sasl.login.refresh.window.jitter = 0.05
	sasl.login.retry.backoff.max.ms = 10000
	sasl.login.retry.backoff.ms = 100
	sasl.mechanism = GSSAPI
	sasl.oauthbearer.clock.skew.seconds = 30
	sasl.oauthbearer.expected.audience = null
	sasl.oauthbearer.expected.issuer = null
	sasl.oauthbearer.header.urlencode = false
	sasl.oauthbearer.jwks.endpoint.refresh.ms = 3600000
	sasl.oauthbearer.jwks.endpoint.retry.backoff.max.ms = 10000
	sasl.oauthbearer.jwks.endpoint.retry.backoff.ms = 100
	sasl.oauthbearer.jwks.endpoint.url = null
	sasl.oauthbearer.scope.claim.name = scope
	sasl.oauthbearer.sub.claim.name = sub
	sasl.oauthbearer.token.endpoint.url = null
	security.protocol = PLAINTEXT
	security.providers = null
	send.buffer.bytes = 131072
	session.timeout.ms = 45000
	socket.connection.setup.timeout.max.ms = 30000
	socket.connection.setup.timeout.ms = 10000
	ssl.cipher.suites = null
	ssl.enabled.protocols = [TLSv1.2, TLSv1.3]
	ssl.endpoint.identification.algorithm = https
	ssl.engine.factory.class = null
	ssl.key.password = null
	ssl.keymanager.algorithm = SunX509
	ssl.keystore.certificate.chain = null
	ssl.keystore.key = null
	ssl.keystore.location = null
	ssl.keystore.password = null
	ssl.keystore.type = JKS
	ssl.protocol = TLSv1.3
	ssl.provider = null
	ssl.secure.random.implementation = null
	ssl.trustmanager.algorithm = PKIX
	ssl.truststore.certificates = null
	ssl.truststore.location = null
	ssl.truststore.password = null
	ssl.truststore.type = JKS
	value.deserializer = class io.apicurio.registry.serde.avro.AvroKafkaDeserializer

2025-07-31 02:25:53,859 INFO  [org.apa.kaf.com.tel.int.KafkaMetricsCollector] (main) initializing Kafka metrics collector
2025-07-31 02:25:53,867 INFO  [org.apa.kaf.cli.con.ConsumerConfig] (main) These configurations '[apicurio.registry.url]' were supplied but are not used yet.
2025-07-31 02:25:53,867 INFO  [org.apa.kaf.com.uti.AppInfoParser] (main) Kafka version: 3.9.0
2025-07-31 02:25:53,867 INFO  [org.apa.kaf.com.uti.AppInfoParser] (main) Kafka commitId: 84caaa6e9da06435
2025-07-31 02:25:53,867 INFO  [org.apa.kaf.com.uti.AppInfoParser] (main) Kafka startTimeMs: 1753928753867
2025-07-31 02:25:53,868 INFO  [org.apa.kaf.cli.con.int.ClassicKafkaConsumer] (Thread-150) [Consumer clientId=consumer-Consumer-topic-7fcfeb4a_ced7_426a_8d2d_6c1a7ab2e32c-5, groupId=Consumer-topic-7fcfeb4a_ced7_426a_8d2d_6c1a7ab2e32c] Subscribed to topic(s): topic-7fcfeb4a_ced7_426a_8d2d_6c1a7ab2e32c
2025-07-31 02:25:53,881 INFO  [org.apa.kaf.cli.Metadata] (Thread-150) [Consumer clientId=consumer-Consumer-topic-7fcfeb4a_ced7_426a_8d2d_6c1a7ab2e32c-5, groupId=Consumer-topic-7fcfeb4a_ced7_426a_8d2d_6c1a7ab2e32c] Cluster ID: MA4G_e_SRU2vGr9gzyfJLg
2025-07-31 02:25:53,882 INFO  [org.apa.kaf.cli.con.int.ConsumerCoordinator] (Thread-150) [Consumer clientId=consumer-Consumer-topic-7fcfeb4a_ced7_426a_8d2d_6c1a7ab2e32c-5, groupId=Consumer-topic-7fcfeb4a_ced7_426a_8d2d_6c1a7ab2e32c] Discovered group coordinator localhost:32770 (id: 2147483647 rack: null)
2025-07-31 02:25:53,886 INFO  [org.apa.kaf.cli.con.int.ConsumerCoordinator] (Thread-150) [Consumer clientId=consumer-Consumer-topic-7fcfeb4a_ced7_426a_8d2d_6c1a7ab2e32c-5, groupId=Consumer-topic-7fcfeb4a_ced7_426a_8d2d_6c1a7ab2e32c] (Re-)joining group
2025-07-31 02:25:53,894 INFO  [org.apa.kaf.cli.con.int.ConsumerCoordinator] (Thread-150) [Consumer clientId=consumer-Consumer-topic-7fcfeb4a_ced7_426a_8d2d_6c1a7ab2e32c-5, groupId=Consumer-topic-7fcfeb4a_ced7_426a_8d2d_6c1a7ab2e32c] Request joining group due to: need to re-join with the given member-id: consumer-Consumer-topic-7fcfeb4a_ced7_426a_8d2d_6c1a7ab2e32c-5-761862bf-1d74-4f1c-8ff1-3c7981b632ef
2025-07-31 02:25:53,894 INFO  [org.apa.kaf.cli.con.int.ConsumerCoordinator] (Thread-150) [Consumer clientId=consumer-Consumer-topic-7fcfeb4a_ced7_426a_8d2d_6c1a7ab2e32c-5, groupId=Consumer-topic-7fcfeb4a_ced7_426a_8d2d_6c1a7ab2e32c] (Re-)joining group
2025-07-31 02:25:53,898 INFO  [org.apa.kaf.cli.con.int.ConsumerCoordinator] (Thread-150) [Consumer clientId=consumer-Consumer-topic-7fcfeb4a_ced7_426a_8d2d_6c1a7ab2e32c-5, groupId=Consumer-topic-7fcfeb4a_ced7_426a_8d2d_6c1a7ab2e32c] Successfully joined group with generation Generation{generationId=1, memberId='consumer-Consumer-topic-7fcfeb4a_ced7_426a_8d2d_6c1a7ab2e32c-5-761862bf-1d74-4f1c-8ff1-3c7981b632ef', protocol='range'}
2025-07-31 02:25:53,899 INFO  [org.apa.kaf.cli.con.int.ConsumerCoordinator] (Thread-150) [Consumer clientId=consumer-Consumer-topic-7fcfeb4a_ced7_426a_8d2d_6c1a7ab2e32c-5, groupId=Consumer-topic-7fcfeb4a_ced7_426a_8d2d_6c1a7ab2e32c] Finished assignment for group at generation 1: {consumer-Consumer-topic-7fcfeb4a_ced7_426a_8d2d_6c1a7ab2e32c-5-761862bf-1d74-4f1c-8ff1-3c7981b632ef=Assignment(partitions=[topic-7fcfeb4a_ced7_426a_8d2d_6c1a7ab2e32c-0])}
2025-07-31 02:25:53,904 INFO  [org.apa.kaf.cli.con.int.ConsumerCoordinator] (Thread-150) [Consumer clientId=consumer-Consumer-topic-7fcfeb4a_ced7_426a_8d2d_6c1a7ab2e32c-5, groupId=Consumer-topic-7fcfeb4a_ced7_426a_8d2d_6c1a7ab2e32c] Successfully synced group in generation Generation{generationId=1, memberId='consumer-Consumer-topic-7fcfeb4a_ced7_426a_8d2d_6c1a7ab2e32c-5-761862bf-1d74-4f1c-8ff1-3c7981b632ef', protocol='range'}
2025-07-31 02:25:53,904 INFO  [org.apa.kaf.cli.con.int.ConsumerCoordinator] (Thread-150) [Consumer clientId=consumer-Consumer-topic-7fcfeb4a_ced7_426a_8d2d_6c1a7ab2e32c-5, groupId=Consumer-topic-7fcfeb4a_ced7_426a_8d2d_6c1a7ab2e32c] Notifying assignor about the new Assignment(partitions=[topic-7fcfeb4a_ced7_426a_8d2d_6c1a7ab2e32c-0])
2025-07-31 02:25:53,904 INFO  [org.apa.kaf.cli.con.int.ConsumerRebalanceListenerInvoker] (Thread-150) [Consumer clientId=consumer-Consumer-topic-7fcfeb4a_ced7_426a_8d2d_6c1a7ab2e32c-5, groupId=Consumer-topic-7fcfeb4a_ced7_426a_8d2d_6c1a7ab2e32c] Adding newly assigned partitions: topic-7fcfeb4a_ced7_426a_8d2d_6c1a7ab2e32c-0
2025-07-31 02:25:53,905 INFO  [org.apa.kaf.cli.con.int.ConsumerCoordinator] (Thread-150) [Consumer clientId=consumer-Consumer-topic-7fcfeb4a_ced7_426a_8d2d_6c1a7ab2e32c-5, groupId=Consumer-topic-7fcfeb4a_ced7_426a_8d2d_6c1a7ab2e32c] Found no committed offset for partition topic-7fcfeb4a_ced7_426a_8d2d_6c1a7ab2e32c-0
2025-07-31 02:25:53,912 INFO  [org.apa.kaf.cli.con.int.SubscriptionState] (Thread-150) [Consumer clientId=consumer-Consumer-topic-7fcfeb4a_ced7_426a_8d2d_6c1a7ab2e32c-5, groupId=Consumer-topic-7fcfeb4a_ced7_426a_8d2d_6c1a7ab2e32c] Resetting offset for partition topic-7fcfeb4a_ced7_426a_8d2d_6c1a7ab2e32c-0 to position FetchPosition{offset=0, offsetEpoch=Optional.empty, currentLeader=LeaderAndEpoch{leader=Optional[localhost:32770 (id: 0 rack: null)], epoch=0}}.
2025-07-31 02:25:54,033 INFO  [io.api.tes.ser.api.KafkaSerdesTester] (Thread-150) topic-7fcfeb4a_ced7_426a_8d2d_6c1a7ab2e32c 0 0 {"key11753928752510": "value-0"}
2025-07-31 02:25:54,033 INFO  [io.api.tes.ser.api.KafkaSerdesTester] (Thread-150) topic-7fcfeb4a_ced7_426a_8d2d_6c1a7ab2e32c 0 1 {"key11753928752510": "value-1"}
2025-07-31 02:25:54,033 INFO  [io.api.tes.ser.api.KafkaSerdesTester] (Thread-150) topic-7fcfeb4a_ced7_426a_8d2d_6c1a7ab2e32c 0 2 {"key11753928752510": "value-2"}
2025-07-31 02:25:54,033 INFO  [io.api.tes.ser.api.KafkaSerdesTester] (Thread-150) topic-7fcfeb4a_ced7_426a_8d2d_6c1a7ab2e32c 0 3 {"key11753928752510": "value-3"}
2025-07-31 02:25:54,033 INFO  [io.api.tes.ser.api.KafkaSerdesTester] (Thread-150) topic-7fcfeb4a_ced7_426a_8d2d_6c1a7ab2e32c 0 4 {"key11753928752510": "value-4"}
2025-07-31 02:25:54,033 INFO  [io.api.tes.ser.api.KafkaSerdesTester] (Thread-150) topic-7fcfeb4a_ced7_426a_8d2d_6c1a7ab2e32c 0 5 {"key11753928752510": "value-5"}
2025-07-31 02:25:54,034 INFO  [io.api.tes.ser.api.KafkaSerdesTester] (Thread-150) topic-7fcfeb4a_ced7_426a_8d2d_6c1a7ab2e32c 0 6 {"key11753928752510": "value-6"}
2025-07-31 02:25:54,034 INFO  [io.api.tes.ser.api.KafkaSerdesTester] (Thread-150) topic-7fcfeb4a_ced7_426a_8d2d_6c1a7ab2e32c 0 7 {"key11753928752510": "value-7"}
2025-07-31 02:25:54,034 INFO  [io.api.tes.ser.api.KafkaSerdesTester] (Thread-150) topic-7fcfeb4a_ced7_426a_8d2d_6c1a7ab2e32c 0 8 {"key11753928752510": "value-8"}
2025-07-31 02:25:54,034 INFO  [io.api.tes.ser.api.KafkaSerdesTester] (Thread-150) topic-7fcfeb4a_ced7_426a_8d2d_6c1a7ab2e32c 0 9 {"key11753928752510": "value-9"}
2025-07-31 02:25:54,034 INFO  [io.api.tes.ser.api.KafkaSerdesTester] (Thread-150) Consumed 10 messages
2025-07-31 02:25:54,037 INFO  [org.apa.kaf.cli.con.int.ConsumerRebalanceListenerInvoker] (Thread-150) [Consumer clientId=consumer-Consumer-topic-7fcfeb4a_ced7_426a_8d2d_6c1a7ab2e32c-5, groupId=Consumer-topic-7fcfeb4a_ced7_426a_8d2d_6c1a7ab2e32c] Revoke previously assigned partitions topic-7fcfeb4a_ced7_426a_8d2d_6c1a7ab2e32c-0
2025-07-31 02:25:54,037 INFO  [org.apa.kaf.cli.con.int.ConsumerCoordinator] (Thread-150) [Consumer clientId=consumer-Consumer-topic-7fcfeb4a_ced7_426a_8d2d_6c1a7ab2e32c-5, groupId=Consumer-topic-7fcfeb4a_ced7_426a_8d2d_6c1a7ab2e32c] Member consumer-Consumer-topic-7fcfeb4a_ced7_426a_8d2d_6c1a7ab2e32c-5-761862bf-1d74-4f1c-8ff1-3c7981b632ef sending LeaveGroup request to coordinator localhost:32770 (id: 2147483647 rack: null) due to the consumer is being closed
2025-07-31 02:25:54,038 INFO  [org.apa.kaf.cli.con.int.ConsumerCoordinator] (Thread-150) [Consumer clientId=consumer-Consumer-topic-7fcfeb4a_ced7_426a_8d2d_6c1a7ab2e32c-5, groupId=Consumer-topic-7fcfeb4a_ced7_426a_8d2d_6c1a7ab2e32c] Resetting generation and member id due to: consumer pro-actively leaving the group
2025-07-31 02:25:54,038 INFO  [org.apa.kaf.cli.con.int.ConsumerCoordinator] (Thread-150) [Consumer clientId=consumer-Consumer-topic-7fcfeb4a_ced7_426a_8d2d_6c1a7ab2e32c-5, groupId=Consumer-topic-7fcfeb4a_ced7_426a_8d2d_6c1a7ab2e32c] Request joining group due to: consumer pro-actively leaving the group
2025-07-31 02:25:54,536 INFO  [org.apa.kaf.com.met.Metrics] (Thread-150) Metrics scheduler closed
2025-07-31 02:25:54,537 INFO  [org.apa.kaf.com.met.Metrics] (Thread-150) Closing reporter org.apache.kafka.common.metrics.JmxReporter
2025-07-31 02:25:54,537 INFO  [org.apa.kaf.com.met.Metrics] (Thread-150) Closing reporter org.apache.kafka.common.telemetry.internals.ClientTelemetryReporter
2025-07-31 02:25:54,537 INFO  [org.apa.kaf.com.met.Metrics] (Thread-150) Metrics reporters closed
2025-07-31 02:25:54,539 INFO  [org.apa.kaf.com.uti.AppInfoParser] (Thread-150) App info kafka.consumer for consumer-Consumer-topic-7fcfeb4a_ced7_426a_8d2d_6c1a7ab2e32c-5 unregistered
2025-07-31 02:25:54,540 INFO  [io.api.tes.uti.TestSeparator] (main) io.apicurio.tests.serdes.apicurio.AvroSerdeIT.testRecordIdStrategydFindLatest-FINISHED
2025-07-31 02:25:54,540 INFO  [io.api.tes.uti.TestSeparator] (main) ############################################################################
]]></system-out>
  </testcase>
  <testcase name="testReflectAutoRegister" classname="io.apicurio.tests.serdes.apicurio.AvroSerdeIT" time="1.099">
    <system-out><![CDATA[2025-07-31 02:25:54,542 INFO  [io.api.tes.uti.TestSeparator] (main) ############################################################################
2025-07-31 02:25:54,543 INFO  [io.api.tes.uti.TestSeparator] (main) io.apicurio.tests.serdes.apicurio.AvroSerdeIT.testReflectAutoRegister-STARTED
2025-07-31 02:25:54,547 INFO  [org.apa.kaf.cli.pro.ProducerConfig] (main) ProducerConfig values: 
	acks = -1
	auto.include.jmx.reporter = true
	batch.size = 16384
	bootstrap.servers = [PLAINTEXT://localhost:32770]
	buffer.memory = 33554432
	client.dns.lookup = use_all_dns_ips
	client.id = Producer-topic-68cbc7fc_8671_4190_af7a_ddb4085e002c
	compression.gzip.level = -1
	compression.lz4.level = 9
	compression.type = none
	compression.zstd.level = 3
	connections.max.idle.ms = 10000
	delivery.timeout.ms = 120000
	enable.idempotence = true
	enable.metrics.push = true
	interceptor.classes = []
	key.serializer = class org.apache.kafka.common.serialization.StringSerializer
	linger.ms = 0
	max.block.ms = 60000
	max.in.flight.requests.per.connection = 5
	max.request.size = 1048576
	metadata.max.age.ms = 300000
	metadata.max.idle.ms = 300000
	metadata.recovery.strategy = none
	metric.reporters = []
	metrics.num.samples = 2
	metrics.recording.level = INFO
	metrics.sample.window.ms = 30000
	partitioner.adaptive.partitioning.enable = true
	partitioner.availability.timeout.ms = 0
	partitioner.class = null
	partitioner.ignore.keys = false
	receive.buffer.bytes = 32768
	reconnect.backoff.max.ms = 1000
	reconnect.backoff.ms = 50
	request.timeout.ms = 5000
	retries = 2147483647
	retry.backoff.max.ms = 1000
	retry.backoff.ms = 100
	sasl.client.callback.handler.class = null
	sasl.jaas.config = null
	sasl.kerberos.kinit.cmd = /usr/bin/kinit
	sasl.kerberos.min.time.before.relogin = 60000
	sasl.kerberos.service.name = null
	sasl.kerberos.ticket.renew.jitter = 0.05
	sasl.kerberos.ticket.renew.window.factor = 0.8
	sasl.login.callback.handler.class = null
	sasl.login.class = null
	sasl.login.connect.timeout.ms = null
	sasl.login.read.timeout.ms = null
	sasl.login.refresh.buffer.seconds = 300
	sasl.login.refresh.min.period.seconds = 60
	sasl.login.refresh.window.factor = 0.8
	sasl.login.refresh.window.jitter = 0.05
	sasl.login.retry.backoff.max.ms = 10000
	sasl.login.retry.backoff.ms = 100
	sasl.mechanism = GSSAPI
	sasl.oauthbearer.clock.skew.seconds = 30
	sasl.oauthbearer.expected.audience = null
	sasl.oauthbearer.expected.issuer = null
	sasl.oauthbearer.header.urlencode = false
	sasl.oauthbearer.jwks.endpoint.refresh.ms = 3600000
	sasl.oauthbearer.jwks.endpoint.retry.backoff.max.ms = 10000
	sasl.oauthbearer.jwks.endpoint.retry.backoff.ms = 100
	sasl.oauthbearer.jwks.endpoint.url = null
	sasl.oauthbearer.scope.claim.name = scope
	sasl.oauthbearer.sub.claim.name = sub
	sasl.oauthbearer.token.endpoint.url = null
	security.protocol = PLAINTEXT
	security.providers = null
	send.buffer.bytes = 131072
	socket.connection.setup.timeout.max.ms = 30000
	socket.connection.setup.timeout.ms = 10000
	ssl.cipher.suites = null
	ssl.enabled.protocols = [TLSv1.2, TLSv1.3]
	ssl.endpoint.identification.algorithm = https
	ssl.engine.factory.class = null
	ssl.key.password = null
	ssl.keymanager.algorithm = SunX509
	ssl.keystore.certificate.chain = null
	ssl.keystore.key = null
	ssl.keystore.location = null
	ssl.keystore.password = null
	ssl.keystore.type = JKS
	ssl.protocol = TLSv1.3
	ssl.provider = null
	ssl.secure.random.implementation = null
	ssl.trustmanager.algorithm = PKIX
	ssl.truststore.certificates = null
	ssl.truststore.location = null
	ssl.truststore.password = null
	ssl.truststore.type = JKS
	transaction.timeout.ms = 60000
	transactional.id = null
	value.serializer = class io.apicurio.registry.serde.avro.AvroKafkaSerializer

2025-07-31 02:25:54,547 INFO  [org.apa.kaf.com.tel.int.KafkaMetricsCollector] (main) initializing Kafka metrics collector
2025-07-31 02:25:54,570 INFO  [org.apa.kaf.cli.pro.KafkaProducer] (main) [Producer clientId=Producer-topic-68cbc7fc_8671_4190_af7a_ddb4085e002c] Instantiated an idempotent producer.
2025-07-31 02:25:54,577 INFO  [org.apa.kaf.cli.pro.ProducerConfig] (main) These configurations '[apicurio.registry.url, apicurio.registry.auto-register, apicurio.registry.artifact-resolver-strategy, apicurio.registry.avro-datum-provider]' were supplied but are not used yet.
2025-07-31 02:25:54,578 INFO  [org.apa.kaf.com.uti.AppInfoParser] (main) Kafka version: 3.9.0
2025-07-31 02:25:54,578 INFO  [org.apa.kaf.com.uti.AppInfoParser] (main) Kafka commitId: 84caaa6e9da06435
2025-07-31 02:25:54,578 INFO  [org.apa.kaf.com.uti.AppInfoParser] (main) Kafka startTimeMs: 1753928754577
2025-07-31 02:25:54,578 INFO  [io.api.tes.ser.api.SimpleSerdesTesterBuilder$SimpleSerdesTester] (main) Using producer configuration: {apicurio.registry.url=http://registry-app-kafkasql.apps.ci419.apicurio-testing.org:80/apis/registry/v3, apicurio.registry.auto-register=true, apicurio.registry.artifact-resolver-strategy=io.apicurio.registry.serde.strategy.TopicIdStrategy, value.serializer=io.apicurio.registry.serde.avro.AvroKafkaSerializer, request.timeout.ms=5000, acks=all, bootstrap.servers=PLAINTEXT://localhost:32770, connections.max.idle.ms=10000, key.serializer=org.apache.kafka.common.serialization.StringSerializer, apicurio.registry.avro-datum-provider=io.apicurio.registry.serde.avro.ReflectAvroDatumProvider, client.id=Producer-topic-68cbc7fc_8671_4190_af7a_ddb4085e002c}
2025-07-31 02:25:54,579 INFO  [io.api.tes.ser.api.SimpleSerdesTesterBuilder$SimpleSerdesTester] (main) Using consumer configuration: {apicurio.registry.avro-datum-provider=io.apicurio.registry.serde.avro.ReflectAvroDatumProvider}
2025-07-31 02:25:54,588 INFO  [io.api.tes.ser.api.KafkaSerdesTester] (Thread-153) Sending message io.apicurio.tests.common.serdes.TestObject@3dbd29cb to topic topic-68cbc7fc_8671_4190_af7a_ddb4085e002c
2025-07-31 02:25:54,597 WARN  [org.apa.kaf.cli.NetworkClient] (kafka-producer-network-thread | Producer-topic-68cbc7fc_8671_4190_af7a_ddb4085e002c) [Producer clientId=Producer-topic-68cbc7fc_8671_4190_af7a_ddb4085e002c] The metadata response from the cluster reported a recoverable issue with correlation id 2 : {topic-68cbc7fc_8671_4190_af7a_ddb4085e002c=LEADER_NOT_AVAILABLE}
2025-07-31 02:25:54,598 INFO  [org.apa.kaf.cli.Metadata] (kafka-producer-network-thread | Producer-topic-68cbc7fc_8671_4190_af7a_ddb4085e002c) [Producer clientId=Producer-topic-68cbc7fc_8671_4190_af7a_ddb4085e002c] Cluster ID: MA4G_e_SRU2vGr9gzyfJLg
2025-07-31 02:25:54,598 INFO  [org.apa.kaf.cli.pro.int.TransactionManager] (kafka-producer-network-thread | Producer-topic-68cbc7fc_8671_4190_af7a_ddb4085e002c) [Producer clientId=Producer-topic-68cbc7fc_8671_4190_af7a_ddb4085e002c] ProducerId set to 6 with epoch 0
2025-07-31 02:25:54,859 INFO  [io.api.tes.ser.api.KafkaSerdesTester] (Thread-153) Sending message io.apicurio.tests.common.serdes.TestObject@3dbd29cb to topic topic-68cbc7fc_8671_4190_af7a_ddb4085e002c
2025-07-31 02:25:54,861 INFO  [io.api.tes.ser.api.KafkaSerdesTester] (Thread-153) Sending message io.apicurio.tests.common.serdes.TestObject@3dbd29cb to topic topic-68cbc7fc_8671_4190_af7a_ddb4085e002c
2025-07-31 02:25:54,863 INFO  [io.api.tes.ser.api.KafkaSerdesTester] (Thread-153) Sending message io.apicurio.tests.common.serdes.TestObject@3dbd29cb to topic topic-68cbc7fc_8671_4190_af7a_ddb4085e002c
2025-07-31 02:25:54,865 INFO  [io.api.tes.ser.api.KafkaSerdesTester] (Thread-153) Sending message io.apicurio.tests.common.serdes.TestObject@3dbd29cb to topic topic-68cbc7fc_8671_4190_af7a_ddb4085e002c
2025-07-31 02:25:54,867 INFO  [io.api.tes.ser.api.KafkaSerdesTester] (Thread-153) Sending message io.apicurio.tests.common.serdes.TestObject@3dbd29cb to topic topic-68cbc7fc_8671_4190_af7a_ddb4085e002c
2025-07-31 02:25:54,869 INFO  [io.api.tes.ser.api.KafkaSerdesTester] (Thread-153) Sending message io.apicurio.tests.common.serdes.TestObject@3dbd29cb to topic topic-68cbc7fc_8671_4190_af7a_ddb4085e002c
2025-07-31 02:25:54,873 INFO  [io.api.tes.ser.api.KafkaSerdesTester] (Thread-153) Sending message io.apicurio.tests.common.serdes.TestObject@3dbd29cb to topic topic-68cbc7fc_8671_4190_af7a_ddb4085e002c
2025-07-31 02:25:54,876 INFO  [io.api.tes.ser.api.KafkaSerdesTester] (Thread-153) Sending message io.apicurio.tests.common.serdes.TestObject@3dbd29cb to topic topic-68cbc7fc_8671_4190_af7a_ddb4085e002c
2025-07-31 02:25:54,881 INFO  [io.api.tes.ser.api.KafkaSerdesTester] (Thread-153) Sending message io.apicurio.tests.common.serdes.TestObject@3dbd29cb to topic topic-68cbc7fc_8671_4190_af7a_ddb4085e002c
2025-07-31 02:25:54,884 INFO  [io.api.tes.ser.api.KafkaSerdesTester] (Thread-153) Produced 10 messages
2025-07-31 02:25:54,884 INFO  [org.apa.kaf.cli.pro.KafkaProducer] (Thread-153) [Producer clientId=Producer-topic-68cbc7fc_8671_4190_af7a_ddb4085e002c] Closing the Kafka producer with timeoutMillis = 9223372036854775807 ms.
2025-07-31 02:25:54,887 INFO  [org.apa.kaf.com.met.Metrics] (Thread-153) Metrics scheduler closed
2025-07-31 02:25:54,888 INFO  [org.apa.kaf.com.met.Metrics] (Thread-153) Closing reporter org.apache.kafka.common.metrics.JmxReporter
2025-07-31 02:25:54,888 INFO  [org.apa.kaf.com.met.Metrics] (Thread-153) Closing reporter org.apache.kafka.common.telemetry.internals.ClientTelemetryReporter
2025-07-31 02:25:54,888 INFO  [org.apa.kaf.com.met.Metrics] (Thread-153) Metrics reporters closed
2025-07-31 02:25:54,888 INFO  [org.apa.kaf.com.uti.AppInfoParser] (Thread-153) App info kafka.producer for Producer-topic-68cbc7fc_8671_4190_af7a_ddb4085e002c unregistered
2025-07-31 02:25:54,970 INFO  [org.apa.kaf.cli.con.ConsumerConfig] (main) ConsumerConfig values: 
	allow.auto.create.topics = true
	auto.commit.interval.ms = 500
	auto.include.jmx.reporter = true
	auto.offset.reset = earliest
	bootstrap.servers = [PLAINTEXT://localhost:32770]
	check.crcs = true
	client.dns.lookup = use_all_dns_ips
	client.id = consumer-Consumer-topic-68cbc7fc_8671_4190_af7a_ddb4085e002c-6
	client.rack = 
	connections.max.idle.ms = 10000
	default.api.timeout.ms = 60000
	enable.auto.commit = true
	enable.metrics.push = true
	exclude.internal.topics = true
	fetch.max.bytes = 52428800
	fetch.max.wait.ms = 500
	fetch.min.bytes = 1
	group.id = Consumer-topic-68cbc7fc_8671_4190_af7a_ddb4085e002c
	group.instance.id = null
	group.protocol = classic
	group.remote.assignor = null
	heartbeat.interval.ms = 3000
	interceptor.classes = []
	internal.leave.group.on.close = true
	internal.throw.on.fetch.stable.offset.unsupported = false
	isolation.level = read_uncommitted
	key.deserializer = class org.apache.kafka.common.serialization.StringDeserializer
	max.partition.fetch.bytes = 1048576
	max.poll.interval.ms = 300000
	max.poll.records = 500
	metadata.max.age.ms = 300000
	metadata.recovery.strategy = none
	metric.reporters = []
	metrics.num.samples = 2
	metrics.recording.level = INFO
	metrics.sample.window.ms = 30000
	partition.assignment.strategy = [class org.apache.kafka.clients.consumer.RangeAssignor, class org.apache.kafka.clients.consumer.CooperativeStickyAssignor]
	receive.buffer.bytes = 65536
	reconnect.backoff.max.ms = 1000
	reconnect.backoff.ms = 50
	request.timeout.ms = 5000
	retry.backoff.max.ms = 1000
	retry.backoff.ms = 100
	sasl.client.callback.handler.class = null
	sasl.jaas.config = null
	sasl.kerberos.kinit.cmd = /usr/bin/kinit
	sasl.kerberos.min.time.before.relogin = 60000
	sasl.kerberos.service.name = null
	sasl.kerberos.ticket.renew.jitter = 0.05
	sasl.kerberos.ticket.renew.window.factor = 0.8
	sasl.login.callback.handler.class = null
	sasl.login.class = null
	sasl.login.connect.timeout.ms = null
	sasl.login.read.timeout.ms = null
	sasl.login.refresh.buffer.seconds = 300
	sasl.login.refresh.min.period.seconds = 60
	sasl.login.refresh.window.factor = 0.8
	sasl.login.refresh.window.jitter = 0.05
	sasl.login.retry.backoff.max.ms = 10000
	sasl.login.retry.backoff.ms = 100
	sasl.mechanism = GSSAPI
	sasl.oauthbearer.clock.skew.seconds = 30
	sasl.oauthbearer.expected.audience = null
	sasl.oauthbearer.expected.issuer = null
	sasl.oauthbearer.header.urlencode = false
	sasl.oauthbearer.jwks.endpoint.refresh.ms = 3600000
	sasl.oauthbearer.jwks.endpoint.retry.backoff.max.ms = 10000
	sasl.oauthbearer.jwks.endpoint.retry.backoff.ms = 100
	sasl.oauthbearer.jwks.endpoint.url = null
	sasl.oauthbearer.scope.claim.name = scope
	sasl.oauthbearer.sub.claim.name = sub
	sasl.oauthbearer.token.endpoint.url = null
	security.protocol = PLAINTEXT
	security.providers = null
	send.buffer.bytes = 131072
	session.timeout.ms = 45000
	socket.connection.setup.timeout.max.ms = 30000
	socket.connection.setup.timeout.ms = 10000
	ssl.cipher.suites = null
	ssl.enabled.protocols = [TLSv1.2, TLSv1.3]
	ssl.endpoint.identification.algorithm = https
	ssl.engine.factory.class = null
	ssl.key.password = null
	ssl.keymanager.algorithm = SunX509
	ssl.keystore.certificate.chain = null
	ssl.keystore.key = null
	ssl.keystore.location = null
	ssl.keystore.password = null
	ssl.keystore.type = JKS
	ssl.protocol = TLSv1.3
	ssl.provider = null
	ssl.secure.random.implementation = null
	ssl.trustmanager.algorithm = PKIX
	ssl.truststore.certificates = null
	ssl.truststore.location = null
	ssl.truststore.password = null
	ssl.truststore.type = JKS
	value.deserializer = class io.apicurio.registry.serde.avro.AvroKafkaDeserializer

2025-07-31 02:25:54,970 INFO  [org.apa.kaf.com.tel.int.KafkaMetricsCollector] (main) initializing Kafka metrics collector
2025-07-31 02:25:54,977 INFO  [org.apa.kaf.cli.con.ConsumerConfig] (main) These configurations '[apicurio.registry.url, apicurio.registry.avro-datum-provider]' were supplied but are not used yet.
2025-07-31 02:25:54,977 INFO  [org.apa.kaf.com.uti.AppInfoParser] (main) Kafka version: 3.9.0
2025-07-31 02:25:54,977 INFO  [org.apa.kaf.com.uti.AppInfoParser] (main) Kafka commitId: 84caaa6e9da06435
2025-07-31 02:25:54,977 INFO  [org.apa.kaf.com.uti.AppInfoParser] (main) Kafka startTimeMs: 1753928754977
2025-07-31 02:25:54,977 INFO  [org.apa.kaf.cli.con.int.ClassicKafkaConsumer] (Thread-156) [Consumer clientId=consumer-Consumer-topic-68cbc7fc_8671_4190_af7a_ddb4085e002c-6, groupId=Consumer-topic-68cbc7fc_8671_4190_af7a_ddb4085e002c] Subscribed to topic(s): topic-68cbc7fc_8671_4190_af7a_ddb4085e002c
2025-07-31 02:25:54,991 INFO  [org.apa.kaf.cli.Metadata] (Thread-156) [Consumer clientId=consumer-Consumer-topic-68cbc7fc_8671_4190_af7a_ddb4085e002c-6, groupId=Consumer-topic-68cbc7fc_8671_4190_af7a_ddb4085e002c] Cluster ID: MA4G_e_SRU2vGr9gzyfJLg
2025-07-31 02:25:54,992 INFO  [org.apa.kaf.cli.con.int.ConsumerCoordinator] (Thread-156) [Consumer clientId=consumer-Consumer-topic-68cbc7fc_8671_4190_af7a_ddb4085e002c-6, groupId=Consumer-topic-68cbc7fc_8671_4190_af7a_ddb4085e002c] Discovered group coordinator localhost:32770 (id: 2147483647 rack: null)
2025-07-31 02:25:54,993 INFO  [org.apa.kaf.cli.con.int.ConsumerCoordinator] (Thread-156) [Consumer clientId=consumer-Consumer-topic-68cbc7fc_8671_4190_af7a_ddb4085e002c-6, groupId=Consumer-topic-68cbc7fc_8671_4190_af7a_ddb4085e002c] (Re-)joining group
2025-07-31 02:25:54,997 INFO  [org.apa.kaf.cli.con.int.ConsumerCoordinator] (Thread-156) [Consumer clientId=consumer-Consumer-topic-68cbc7fc_8671_4190_af7a_ddb4085e002c-6, groupId=Consumer-topic-68cbc7fc_8671_4190_af7a_ddb4085e002c] Request joining group due to: need to re-join with the given member-id: consumer-Consumer-topic-68cbc7fc_8671_4190_af7a_ddb4085e002c-6-9289f9dd-afd3-4b7a-8846-7e374111363b
2025-07-31 02:25:54,997 INFO  [org.apa.kaf.cli.con.int.ConsumerCoordinator] (Thread-156) [Consumer clientId=consumer-Consumer-topic-68cbc7fc_8671_4190_af7a_ddb4085e002c-6, groupId=Consumer-topic-68cbc7fc_8671_4190_af7a_ddb4085e002c] (Re-)joining group
2025-07-31 02:25:54,999 INFO  [org.apa.kaf.cli.con.int.ConsumerCoordinator] (Thread-156) [Consumer clientId=consumer-Consumer-topic-68cbc7fc_8671_4190_af7a_ddb4085e002c-6, groupId=Consumer-topic-68cbc7fc_8671_4190_af7a_ddb4085e002c] Successfully joined group with generation Generation{generationId=1, memberId='consumer-Consumer-topic-68cbc7fc_8671_4190_af7a_ddb4085e002c-6-9289f9dd-afd3-4b7a-8846-7e374111363b', protocol='range'}
2025-07-31 02:25:55,000 INFO  [org.apa.kaf.cli.con.int.ConsumerCoordinator] (Thread-156) [Consumer clientId=consumer-Consumer-topic-68cbc7fc_8671_4190_af7a_ddb4085e002c-6, groupId=Consumer-topic-68cbc7fc_8671_4190_af7a_ddb4085e002c] Finished assignment for group at generation 1: {consumer-Consumer-topic-68cbc7fc_8671_4190_af7a_ddb4085e002c-6-9289f9dd-afd3-4b7a-8846-7e374111363b=Assignment(partitions=[topic-68cbc7fc_8671_4190_af7a_ddb4085e002c-0])}
2025-07-31 02:25:55,003 INFO  [org.apa.kaf.cli.con.int.ConsumerCoordinator] (Thread-156) [Consumer clientId=consumer-Consumer-topic-68cbc7fc_8671_4190_af7a_ddb4085e002c-6, groupId=Consumer-topic-68cbc7fc_8671_4190_af7a_ddb4085e002c] Successfully synced group in generation Generation{generationId=1, memberId='consumer-Consumer-topic-68cbc7fc_8671_4190_af7a_ddb4085e002c-6-9289f9dd-afd3-4b7a-8846-7e374111363b', protocol='range'}
2025-07-31 02:25:55,003 INFO  [org.apa.kaf.cli.con.int.ConsumerCoordinator] (Thread-156) [Consumer clientId=consumer-Consumer-topic-68cbc7fc_8671_4190_af7a_ddb4085e002c-6, groupId=Consumer-topic-68cbc7fc_8671_4190_af7a_ddb4085e002c] Notifying assignor about the new Assignment(partitions=[topic-68cbc7fc_8671_4190_af7a_ddb4085e002c-0])
2025-07-31 02:25:55,003 INFO  [org.apa.kaf.cli.con.int.ConsumerRebalanceListenerInvoker] (Thread-156) [Consumer clientId=consumer-Consumer-topic-68cbc7fc_8671_4190_af7a_ddb4085e002c-6, groupId=Consumer-topic-68cbc7fc_8671_4190_af7a_ddb4085e002c] Adding newly assigned partitions: topic-68cbc7fc_8671_4190_af7a_ddb4085e002c-0
2025-07-31 02:25:55,004 INFO  [org.apa.kaf.cli.con.int.ConsumerCoordinator] (Thread-156) [Consumer clientId=consumer-Consumer-topic-68cbc7fc_8671_4190_af7a_ddb4085e002c-6, groupId=Consumer-topic-68cbc7fc_8671_4190_af7a_ddb4085e002c] Found no committed offset for partition topic-68cbc7fc_8671_4190_af7a_ddb4085e002c-0
2025-07-31 02:25:55,010 INFO  [org.apa.kaf.cli.con.int.SubscriptionState] (Thread-156) [Consumer clientId=consumer-Consumer-topic-68cbc7fc_8671_4190_af7a_ddb4085e002c-6, groupId=Consumer-topic-68cbc7fc_8671_4190_af7a_ddb4085e002c] Resetting offset for partition topic-68cbc7fc_8671_4190_af7a_ddb4085e002c-0 to position FetchPosition{offset=0, offsetEpoch=Optional.empty, currentLeader=LeaderAndEpoch{leader=Optional[localhost:32770 (id: 0 rack: null)], epoch=0}}.
2025-07-31 02:25:55,132 INFO  [io.api.tes.ser.api.KafkaSerdesTester] (Thread-156) topic-68cbc7fc_8671_4190_af7a_ddb4085e002c 0 0 io.apicurio.tests.common.serdes.TestObject@3dbd29cb
2025-07-31 02:25:55,132 INFO  [io.api.tes.ser.api.KafkaSerdesTester] (Thread-156) topic-68cbc7fc_8671_4190_af7a_ddb4085e002c 0 1 io.apicurio.tests.common.serdes.TestObject@3dbd29cb
2025-07-31 02:25:55,132 INFO  [io.api.tes.ser.api.KafkaSerdesTester] (Thread-156) topic-68cbc7fc_8671_4190_af7a_ddb4085e002c 0 2 io.apicurio.tests.common.serdes.TestObject@3dbd29cb
2025-07-31 02:25:55,132 INFO  [io.api.tes.ser.api.KafkaSerdesTester] (Thread-156) topic-68cbc7fc_8671_4190_af7a_ddb4085e002c 0 3 io.apicurio.tests.common.serdes.TestObject@3dbd29cb
2025-07-31 02:25:55,132 INFO  [io.api.tes.ser.api.KafkaSerdesTester] (Thread-156) topic-68cbc7fc_8671_4190_af7a_ddb4085e002c 0 4 io.apicurio.tests.common.serdes.TestObject@3dbd29cb
2025-07-31 02:25:55,132 INFO  [io.api.tes.ser.api.KafkaSerdesTester] (Thread-156) topic-68cbc7fc_8671_4190_af7a_ddb4085e002c 0 5 io.apicurio.tests.common.serdes.TestObject@3dbd29cb
2025-07-31 02:25:55,133 INFO  [io.api.tes.ser.api.KafkaSerdesTester] (Thread-156) topic-68cbc7fc_8671_4190_af7a_ddb4085e002c 0 6 io.apicurio.tests.common.serdes.TestObject@3dbd29cb
2025-07-31 02:25:55,133 INFO  [io.api.tes.ser.api.KafkaSerdesTester] (Thread-156) topic-68cbc7fc_8671_4190_af7a_ddb4085e002c 0 7 io.apicurio.tests.common.serdes.TestObject@3dbd29cb
2025-07-31 02:25:55,133 INFO  [io.api.tes.ser.api.KafkaSerdesTester] (Thread-156) topic-68cbc7fc_8671_4190_af7a_ddb4085e002c 0 8 io.apicurio.tests.common.serdes.TestObject@3dbd29cb
2025-07-31 02:25:55,133 INFO  [io.api.tes.ser.api.KafkaSerdesTester] (Thread-156) topic-68cbc7fc_8671_4190_af7a_ddb4085e002c 0 9 io.apicurio.tests.common.serdes.TestObject@3dbd29cb
2025-07-31 02:25:55,133 INFO  [io.api.tes.ser.api.KafkaSerdesTester] (Thread-156) Consumed 10 messages
2025-07-31 02:25:55,136 INFO  [org.apa.kaf.cli.con.int.ConsumerRebalanceListenerInvoker] (Thread-156) [Consumer clientId=consumer-Consumer-topic-68cbc7fc_8671_4190_af7a_ddb4085e002c-6, groupId=Consumer-topic-68cbc7fc_8671_4190_af7a_ddb4085e002c] Revoke previously assigned partitions topic-68cbc7fc_8671_4190_af7a_ddb4085e002c-0
2025-07-31 02:25:55,136 INFO  [org.apa.kaf.cli.con.int.ConsumerCoordinator] (Thread-156) [Consumer clientId=consumer-Consumer-topic-68cbc7fc_8671_4190_af7a_ddb4085e002c-6, groupId=Consumer-topic-68cbc7fc_8671_4190_af7a_ddb4085e002c] Member consumer-Consumer-topic-68cbc7fc_8671_4190_af7a_ddb4085e002c-6-9289f9dd-afd3-4b7a-8846-7e374111363b sending LeaveGroup request to coordinator localhost:32770 (id: 2147483647 rack: null) due to the consumer is being closed
2025-07-31 02:25:55,136 INFO  [org.apa.kaf.cli.con.int.ConsumerCoordinator] (Thread-156) [Consumer clientId=consumer-Consumer-topic-68cbc7fc_8671_4190_af7a_ddb4085e002c-6, groupId=Consumer-topic-68cbc7fc_8671_4190_af7a_ddb4085e002c] Resetting generation and member id due to: consumer pro-actively leaving the group
2025-07-31 02:25:55,136 INFO  [org.apa.kaf.cli.con.int.ConsumerCoordinator] (Thread-156) [Consumer clientId=consumer-Consumer-topic-68cbc7fc_8671_4190_af7a_ddb4085e002c-6, groupId=Consumer-topic-68cbc7fc_8671_4190_af7a_ddb4085e002c] Request joining group due to: consumer pro-actively leaving the group
2025-07-31 02:25:55,637 INFO  [org.apa.kaf.com.met.Metrics] (Thread-156) Metrics scheduler closed
2025-07-31 02:25:55,637 INFO  [org.apa.kaf.com.met.Metrics] (Thread-156) Closing reporter org.apache.kafka.common.metrics.JmxReporter
2025-07-31 02:25:55,637 INFO  [org.apa.kaf.com.met.Metrics] (Thread-156) Closing reporter org.apache.kafka.common.telemetry.internals.ClientTelemetryReporter
2025-07-31 02:25:55,637 INFO  [org.apa.kaf.com.met.Metrics] (Thread-156) Metrics reporters closed
2025-07-31 02:25:55,639 INFO  [org.apa.kaf.com.uti.AppInfoParser] (Thread-156) App info kafka.consumer for consumer-Consumer-topic-68cbc7fc_8671_4190_af7a_ddb4085e002c-6 unregistered
2025-07-31 02:25:55,640 INFO  [io.api.tes.uti.TestSeparator] (main) io.apicurio.tests.serdes.apicurio.AvroSerdeIT.testReflectAutoRegister-FINISHED
2025-07-31 02:25:55,640 INFO  [io.api.tes.uti.TestSeparator] (main) ############################################################################
]]></system-out>
  </testcase>
  <testcase name="testArtifactNotFound" classname="io.apicurio.tests.serdes.apicurio.AvroSerdeIT" time="0.316">
    <system-out><![CDATA[2025-07-31 02:25:55,645 INFO  [io.api.tes.uti.TestSeparator] (main) ############################################################################
2025-07-31 02:25:55,645 INFO  [io.api.tes.uti.TestSeparator] (main) io.apicurio.tests.serdes.apicurio.AvroSerdeIT.testArtifactNotFound-STARTED
2025-07-31 02:25:55,649 INFO  [org.apa.kaf.cli.pro.ProducerConfig] (main) ProducerConfig values: 
	acks = -1
	auto.include.jmx.reporter = true
	batch.size = 16384
	bootstrap.servers = [PLAINTEXT://localhost:32770]
	buffer.memory = 33554432
	client.dns.lookup = use_all_dns_ips
	client.id = Producer-s80cd3364x4ba2x42b5x8ae5x632ce5bb079c
	compression.gzip.level = -1
	compression.lz4.level = 9
	compression.type = none
	compression.zstd.level = 3
	connections.max.idle.ms = 10000
	delivery.timeout.ms = 120000
	enable.idempotence = true
	enable.metrics.push = true
	interceptor.classes = []
	key.serializer = class org.apache.kafka.common.serialization.StringSerializer
	linger.ms = 0
	max.block.ms = 60000
	max.in.flight.requests.per.connection = 5
	max.request.size = 1048576
	metadata.max.age.ms = 300000
	metadata.max.idle.ms = 300000
	metadata.recovery.strategy = none
	metric.reporters = []
	metrics.num.samples = 2
	metrics.recording.level = INFO
	metrics.sample.window.ms = 30000
	partitioner.adaptive.partitioning.enable = true
	partitioner.availability.timeout.ms = 0
	partitioner.class = null
	partitioner.ignore.keys = false
	receive.buffer.bytes = 32768
	reconnect.backoff.max.ms = 1000
	reconnect.backoff.ms = 50
	request.timeout.ms = 5000
	retries = 2147483647
	retry.backoff.max.ms = 1000
	retry.backoff.ms = 100
	sasl.client.callback.handler.class = null
	sasl.jaas.config = null
	sasl.kerberos.kinit.cmd = /usr/bin/kinit
	sasl.kerberos.min.time.before.relogin = 60000
	sasl.kerberos.service.name = null
	sasl.kerberos.ticket.renew.jitter = 0.05
	sasl.kerberos.ticket.renew.window.factor = 0.8
	sasl.login.callback.handler.class = null
	sasl.login.class = null
	sasl.login.connect.timeout.ms = null
	sasl.login.read.timeout.ms = null
	sasl.login.refresh.buffer.seconds = 300
	sasl.login.refresh.min.period.seconds = 60
	sasl.login.refresh.window.factor = 0.8
	sasl.login.refresh.window.jitter = 0.05
	sasl.login.retry.backoff.max.ms = 10000
	sasl.login.retry.backoff.ms = 100
	sasl.mechanism = GSSAPI
	sasl.oauthbearer.clock.skew.seconds = 30
	sasl.oauthbearer.expected.audience = null
	sasl.oauthbearer.expected.issuer = null
	sasl.oauthbearer.header.urlencode = false
	sasl.oauthbearer.jwks.endpoint.refresh.ms = 3600000
	sasl.oauthbearer.jwks.endpoint.retry.backoff.max.ms = 10000
	sasl.oauthbearer.jwks.endpoint.retry.backoff.ms = 100
	sasl.oauthbearer.jwks.endpoint.url = null
	sasl.oauthbearer.scope.claim.name = scope
	sasl.oauthbearer.sub.claim.name = sub
	sasl.oauthbearer.token.endpoint.url = null
	security.protocol = PLAINTEXT
	security.providers = null
	send.buffer.bytes = 131072
	socket.connection.setup.timeout.max.ms = 30000
	socket.connection.setup.timeout.ms = 10000
	ssl.cipher.suites = null
	ssl.enabled.protocols = [TLSv1.2, TLSv1.3]
	ssl.endpoint.identification.algorithm = https
	ssl.engine.factory.class = null
	ssl.key.password = null
	ssl.keymanager.algorithm = SunX509
	ssl.keystore.certificate.chain = null
	ssl.keystore.key = null
	ssl.keystore.location = null
	ssl.keystore.password = null
	ssl.keystore.type = JKS
	ssl.protocol = TLSv1.3
	ssl.provider = null
	ssl.secure.random.implementation = null
	ssl.trustmanager.algorithm = PKIX
	ssl.truststore.certificates = null
	ssl.truststore.location = null
	ssl.truststore.password = null
	ssl.truststore.type = JKS
	transaction.timeout.ms = 60000
	transactional.id = null
	value.serializer = class io.apicurio.registry.serde.avro.AvroKafkaSerializer

2025-07-31 02:25:55,649 INFO  [org.apa.kaf.com.tel.int.KafkaMetricsCollector] (main) initializing Kafka metrics collector
2025-07-31 02:25:55,657 INFO  [org.apa.kaf.cli.pro.KafkaProducer] (main) [Producer clientId=Producer-s80cd3364x4ba2x42b5x8ae5x632ce5bb079c] Instantiated an idempotent producer.
2025-07-31 02:25:55,664 INFO  [org.apa.kaf.cli.pro.ProducerConfig] (main) These configurations '[apicurio.registry.url, apicurio.registry.artifact-resolver-strategy]' were supplied but are not used yet.
2025-07-31 02:25:55,664 INFO  [org.apa.kaf.com.uti.AppInfoParser] (main) Kafka version: 3.9.0
2025-07-31 02:25:55,664 INFO  [org.apa.kaf.com.uti.AppInfoParser] (main) Kafka commitId: 84caaa6e9da06435
2025-07-31 02:25:55,664 INFO  [org.apa.kaf.com.uti.AppInfoParser] (main) Kafka startTimeMs: 1753928755664
2025-07-31 02:25:55,672 INFO  [io.api.tes.ser.api.KafkaSerdesTester] (Thread-159) Sending message {"keyB": "value-0"} to topic s80cd3364x4ba2x42b5x8ae5x632ce5bb079c
2025-07-31 02:25:55,675 INFO  [org.apa.kaf.cli.Metadata] (kafka-producer-network-thread | Producer-s80cd3364x4ba2x42b5x8ae5x632ce5bb079c) [Producer clientId=Producer-s80cd3364x4ba2x42b5x8ae5x632ce5bb079c] Cluster ID: MA4G_e_SRU2vGr9gzyfJLg
2025-07-31 02:25:55,678 INFO  [org.apa.kaf.cli.pro.int.TransactionManager] (kafka-producer-network-thread | Producer-s80cd3364x4ba2x42b5x8ae5x632ce5bb079c) [Producer clientId=Producer-s80cd3364x4ba2x42b5x8ae5x632ce5bb079c] ProducerId set to 7 with epoch 0
2025-07-31 02:25:55,704 WARN  [org.apa.kaf.cli.NetworkClient] (kafka-producer-network-thread | Producer-s80cd3364x4ba2x42b5x8ae5x632ce5bb079c) [Producer clientId=Producer-s80cd3364x4ba2x42b5x8ae5x632ce5bb079c] The metadata response from the cluster reported a recoverable issue with correlation id 7 : {s80cd3364x4ba2x42b5x8ae5x632ce5bb079c=LEADER_NOT_AVAILABLE}
2025-07-31 02:25:55,824 INFO  [DefaultSchemaResolver] (Thread-159) Retrieving schema content using string: {"type":"record","name":"myrecord","namespace":"mygroup","fields":[{"name":"keyB","type":"string"}]}
2025-07-31 02:25:55,953 INFO  [org.apa.kaf.cli.pro.KafkaProducer] (Thread-159) [Producer clientId=Producer-s80cd3364x4ba2x42b5x8ae5x632ce5bb079c] Closing the Kafka producer with timeoutMillis = 9223372036854775807 ms.
2025-07-31 02:25:55,955 INFO  [org.apa.kaf.com.met.Metrics] (Thread-159) Metrics scheduler closed
2025-07-31 02:25:55,956 INFO  [org.apa.kaf.com.met.Metrics] (Thread-159) Closing reporter org.apache.kafka.common.metrics.JmxReporter
2025-07-31 02:25:55,956 INFO  [org.apa.kaf.com.met.Metrics] (Thread-159) Closing reporter org.apache.kafka.common.telemetry.internals.ClientTelemetryReporter
2025-07-31 02:25:55,956 INFO  [org.apa.kaf.com.met.Metrics] (Thread-159) Metrics reporters closed
2025-07-31 02:25:55,957 INFO  [org.apa.kaf.com.uti.AppInfoParser] (Thread-159) App info kafka.producer for Producer-s80cd3364x4ba2x42b5x8ae5x632ce5bb079c unregistered
2025-07-31 02:25:55,957 INFO  [io.api.tes.uti.TestSeparator] (main) io.apicurio.tests.serdes.apicurio.AvroSerdeIT.testArtifactNotFound-FINISHED
2025-07-31 02:25:55,957 INFO  [io.api.tes.uti.TestSeparator] (main) ############################################################################
]]></system-out>
    <system-err><![CDATA[java.lang.RuntimeException: Could not resolve artifact reference by content: {"type":"record","name":"myrecord","namespace":"mygroup","fields":[{"name":"keyB","type":"string"}]}&ArtifactReference [groupId=default, artifactId=s80cd3364x4ba2x42b5x8ae5x632ce5bb079c-value, version=null, globalId=null, contentId=null, contentHash=null]
	at io.apicurio.registry.resolver.DefaultSchemaResolver.lambda$handleResolveSchemaByContent$5(DefaultSchemaResolver.java:300)
	at io.apicurio.registry.resolver.ERCache.lambda$getValue$0(ERCache.java:181)
	at io.apicurio.registry.resolver.ERCache.retry(ERCache.java:234)
	at io.apicurio.registry.resolver.ERCache.getValue(ERCache.java:180)
	at io.apicurio.registry.resolver.ERCache.getByContent(ERCache.java:154)
	at io.apicurio.registry.resolver.DefaultSchemaResolver.handleResolveSchemaByContent(DefaultSchemaResolver.java:269)
	at io.apicurio.registry.resolver.DefaultSchemaResolver.getSchemaFromRegistry(DefaultSchemaResolver.java:142)
	at io.apicurio.registry.resolver.DefaultSchemaResolver.lambda$resolveSchema$0(DefaultSchemaResolver.java:86)
	at java.base/java.util.Optional.orElseGet(Optional.java:364)
	at io.apicurio.registry.resolver.DefaultSchemaResolver.resolveSchema(DefaultSchemaResolver.java:86)
	at io.apicurio.registry.serde.AbstractSerializer.serializeData(AbstractSerializer.java:62)
	at io.apicurio.registry.serde.KafkaSerializer.serialize(KafkaSerializer.java:77)
	at org.apache.kafka.clients.producer.KafkaProducer.doSend(KafkaProducer.java:1046)
	at org.apache.kafka.clients.producer.KafkaProducer.send(KafkaProducer.java:993)
	at org.apache.kafka.clients.producer.KafkaProducer.send(KafkaProducer.java:875)
	at io.apicurio.tests.serdes.apicurio.KafkaSerdesTester.lambda$produceMessages$3(KafkaSerdesTester.java:138)
	at java.base/java.util.concurrent.CompletableFuture$AsyncSupply.run(CompletableFuture.java:1768)
	at java.base/java.lang.Thread.run(Thread.java:840)
]]></system-err>
  </testcase>
  <testcase name="testAvroSerDesFailDifferentSchemaByRecordName" classname="io.apicurio.tests.serdes.apicurio.AvroSerdeIT" time="1.233">
    <system-out><![CDATA[2025-07-31 02:25:55,959 INFO  [io.api.tes.uti.TestSeparator] (main) ############################################################################
2025-07-31 02:25:55,959 INFO  [io.api.tes.uti.TestSeparator] (main) io.apicurio.tests.serdes.apicurio.AvroSerdeIT.testAvroSerDesFailDifferentSchemaByRecordName-STARTED
2025-07-31 02:25:57,097 INFO  [org.apa.kaf.cli.pro.ProducerConfig] (main) ProducerConfig values: 
	acks = -1
	auto.include.jmx.reporter = true
	batch.size = 16384
	bootstrap.servers = [PLAINTEXT://localhost:32770]
	buffer.memory = 33554432
	client.dns.lookup = use_all_dns_ips
	client.id = Producer-topic-2ca7f9b5_cd0e_40fe_b14a_0440997a08fe
	compression.gzip.level = -1
	compression.lz4.level = 9
	compression.type = none
	compression.zstd.level = 3
	connections.max.idle.ms = 10000
	delivery.timeout.ms = 120000
	enable.idempotence = true
	enable.metrics.push = true
	interceptor.classes = []
	key.serializer = class org.apache.kafka.common.serialization.StringSerializer
	linger.ms = 0
	max.block.ms = 60000
	max.in.flight.requests.per.connection = 5
	max.request.size = 1048576
	metadata.max.age.ms = 300000
	metadata.max.idle.ms = 300000
	metadata.recovery.strategy = none
	metric.reporters = []
	metrics.num.samples = 2
	metrics.recording.level = INFO
	metrics.sample.window.ms = 30000
	partitioner.adaptive.partitioning.enable = true
	partitioner.availability.timeout.ms = 0
	partitioner.class = null
	partitioner.ignore.keys = false
	receive.buffer.bytes = 32768
	reconnect.backoff.max.ms = 1000
	reconnect.backoff.ms = 50
	request.timeout.ms = 5000
	retries = 2147483647
	retry.backoff.max.ms = 1000
	retry.backoff.ms = 100
	sasl.client.callback.handler.class = null
	sasl.jaas.config = null
	sasl.kerberos.kinit.cmd = /usr/bin/kinit
	sasl.kerberos.min.time.before.relogin = 60000
	sasl.kerberos.service.name = null
	sasl.kerberos.ticket.renew.jitter = 0.05
	sasl.kerberos.ticket.renew.window.factor = 0.8
	sasl.login.callback.handler.class = null
	sasl.login.class = null
	sasl.login.connect.timeout.ms = null
	sasl.login.read.timeout.ms = null
	sasl.login.refresh.buffer.seconds = 300
	sasl.login.refresh.min.period.seconds = 60
	sasl.login.refresh.window.factor = 0.8
	sasl.login.refresh.window.jitter = 0.05
	sasl.login.retry.backoff.max.ms = 10000
	sasl.login.retry.backoff.ms = 100
	sasl.mechanism = GSSAPI
	sasl.oauthbearer.clock.skew.seconds = 30
	sasl.oauthbearer.expected.audience = null
	sasl.oauthbearer.expected.issuer = null
	sasl.oauthbearer.header.urlencode = false
	sasl.oauthbearer.jwks.endpoint.refresh.ms = 3600000
	sasl.oauthbearer.jwks.endpoint.retry.backoff.max.ms = 10000
	sasl.oauthbearer.jwks.endpoint.retry.backoff.ms = 100
	sasl.oauthbearer.jwks.endpoint.url = null
	sasl.oauthbearer.scope.claim.name = scope
	sasl.oauthbearer.sub.claim.name = sub
	sasl.oauthbearer.token.endpoint.url = null
	security.protocol = PLAINTEXT
	security.providers = null
	send.buffer.bytes = 131072
	socket.connection.setup.timeout.max.ms = 30000
	socket.connection.setup.timeout.ms = 10000
	ssl.cipher.suites = null
	ssl.enabled.protocols = [TLSv1.2, TLSv1.3]
	ssl.endpoint.identification.algorithm = https
	ssl.engine.factory.class = null
	ssl.key.password = null
	ssl.keymanager.algorithm = SunX509
	ssl.keystore.certificate.chain = null
	ssl.keystore.key = null
	ssl.keystore.location = null
	ssl.keystore.password = null
	ssl.keystore.type = JKS
	ssl.protocol = TLSv1.3
	ssl.provider = null
	ssl.secure.random.implementation = null
	ssl.trustmanager.algorithm = PKIX
	ssl.truststore.certificates = null
	ssl.truststore.location = null
	ssl.truststore.password = null
	ssl.truststore.type = JKS
	transaction.timeout.ms = 60000
	transactional.id = null
	value.serializer = class io.apicurio.registry.serde.avro.AvroKafkaSerializer

2025-07-31 02:25:57,098 INFO  [org.apa.kaf.com.tel.int.KafkaMetricsCollector] (main) initializing Kafka metrics collector
2025-07-31 02:25:57,101 INFO  [org.apa.kaf.cli.pro.KafkaProducer] (main) [Producer clientId=Producer-topic-2ca7f9b5_cd0e_40fe_b14a_0440997a08fe] Instantiated an idempotent producer.
2025-07-31 02:25:57,103 INFO  [org.apa.kaf.cli.pro.ProducerConfig] (main) These configurations '[apicurio.registry.find-latest, apicurio.registry.url, apicurio.registry.artifact-resolver-strategy]' were supplied but are not used yet.
2025-07-31 02:25:57,103 INFO  [org.apa.kaf.com.uti.AppInfoParser] (main) Kafka version: 3.9.0
2025-07-31 02:25:57,103 INFO  [org.apa.kaf.com.uti.AppInfoParser] (main) Kafka commitId: 84caaa6e9da06435
2025-07-31 02:25:57,103 INFO  [org.apa.kaf.com.uti.AppInfoParser] (main) Kafka startTimeMs: 1753928757103
2025-07-31 02:25:57,103 INFO  [io.api.tes.ser.api.KafkaSerdesTester] (Thread-162) Sending message {"keyB": "value-0"} to topic topic-2ca7f9b5_cd0e_40fe_b14a_0440997a08fe
2025-07-31 02:25:57,108 INFO  [org.apa.kaf.cli.Metadata] (kafka-producer-network-thread | Producer-topic-2ca7f9b5_cd0e_40fe_b14a_0440997a08fe) [Producer clientId=Producer-topic-2ca7f9b5_cd0e_40fe_b14a_0440997a08fe] Cluster ID: MA4G_e_SRU2vGr9gzyfJLg
2025-07-31 02:25:57,108 INFO  [org.apa.kaf.cli.pro.int.TransactionManager] (kafka-producer-network-thread | Producer-topic-2ca7f9b5_cd0e_40fe_b14a_0440997a08fe) [Producer clientId=Producer-topic-2ca7f9b5_cd0e_40fe_b14a_0440997a08fe] ProducerId set to 8 with epoch 0
2025-07-31 02:25:57,189 INFO  [org.apa.kaf.cli.pro.KafkaProducer] (Thread-162) [Producer clientId=Producer-topic-2ca7f9b5_cd0e_40fe_b14a_0440997a08fe] Closing the Kafka producer with timeoutMillis = 9223372036854775807 ms.
2025-07-31 02:25:57,190 INFO  [org.apa.kaf.com.met.Metrics] (Thread-162) Metrics scheduler closed
2025-07-31 02:25:57,190 INFO  [org.apa.kaf.com.met.Metrics] (Thread-162) Closing reporter org.apache.kafka.common.metrics.JmxReporter
2025-07-31 02:25:57,190 INFO  [org.apa.kaf.com.met.Metrics] (Thread-162) Closing reporter org.apache.kafka.common.telemetry.internals.ClientTelemetryReporter
2025-07-31 02:25:57,190 INFO  [org.apa.kaf.com.met.Metrics] (Thread-162) Metrics reporters closed
2025-07-31 02:25:57,191 INFO  [org.apa.kaf.com.uti.AppInfoParser] (Thread-162) App info kafka.producer for Producer-topic-2ca7f9b5_cd0e_40fe_b14a_0440997a08fe unregistered
2025-07-31 02:25:57,191 INFO  [io.api.tes.uti.TestSeparator] (main) io.apicurio.tests.serdes.apicurio.AvroSerdeIT.testAvroSerDesFailDifferentSchemaByRecordName-FINISHED
2025-07-31 02:25:57,191 INFO  [io.api.tes.uti.TestSeparator] (main) ############################################################################
]]></system-out>
    <system-err><![CDATA[io.apicurio.registry.rest.client.models.ProblemDetails
	at io.apicurio.registry.rest.client.models.ProblemDetails.createFromDiscriminatorValue(ProblemDetails.java:58)
	at io.kiota.serialization.json.JsonParseNode.getObjectValue(JsonParseNode.java:247)
	at io.kiota.http.vertx.VertXRequestAdapter.lambda$throwIfFailedResponse$0(VertXRequestAdapter.java:400)
	at com.microsoft.kiota.ApiExceptionBuilder.<init>(ApiExceptionBuilder.java:26)
	at io.kiota.http.vertx.VertXRequestAdapter.throwIfFailedResponse(VertXRequestAdapter.java:399)
	at io.kiota.http.vertx.VertXRequestAdapter.send(VertXRequestAdapter.java:170)
	at io.apicurio.registry.rest.client.groups.item.artifacts.item.versions.item.WithVersionExpressionItemRequestBuilder.get(WithVersionExpressionItemRequestBuilder.java:128)
	at io.apicurio.registry.rest.client.groups.item.artifacts.item.versions.item.WithVersionExpressionItemRequestBuilder.get(WithVersionExpressionItemRequestBuilder.java:111)
	at io.apicurio.registry.resolver.DefaultSchemaResolver.resolveByCoordinates(DefaultSchemaResolver.java:469)
	at io.apicurio.registry.resolver.DefaultSchemaResolver.lambda$resolveSchemaByArtifactReferenceCached$12(DefaultSchemaResolver.java:451)
	at io.apicurio.registry.resolver.ERCache.lambda$getValue$0(ERCache.java:181)
	at io.apicurio.registry.resolver.ERCache.retry(ERCache.java:234)
	at io.apicurio.registry.resolver.ERCache.getValue(ERCache.java:180)
	at io.apicurio.registry.resolver.ERCache.getByArtifactCoordinates(ERCache.java:165)
	at io.apicurio.registry.resolver.DefaultSchemaResolver.resolveSchemaByArtifactReferenceCached(DefaultSchemaResolver.java:449)
	at io.apicurio.registry.resolver.DefaultSchemaResolver.resolveSchemaByCoordinates(DefaultSchemaResolver.java:201)
	at io.apicurio.registry.resolver.DefaultSchemaResolver.getSchemaFromRegistry(DefaultSchemaResolver.java:134)
	at io.apicurio.registry.resolver.DefaultSchemaResolver.lambda$resolveSchema$0(DefaultSchemaResolver.java:86)
	at java.base/java.util.Optional.orElseGet(Optional.java:364)
	at io.apicurio.registry.resolver.DefaultSchemaResolver.resolveSchema(DefaultSchemaResolver.java:86)
	at io.apicurio.registry.serde.AbstractSerializer.serializeData(AbstractSerializer.java:62)
	at io.apicurio.registry.serde.KafkaSerializer.serialize(KafkaSerializer.java:77)
	at org.apache.kafka.clients.producer.KafkaProducer.doSend(KafkaProducer.java:1046)
	at org.apache.kafka.clients.producer.KafkaProducer.send(KafkaProducer.java:993)
	at org.apache.kafka.clients.producer.KafkaProducer.send(KafkaProducer.java:875)
	at io.apicurio.tests.serdes.apicurio.KafkaSerdesTester.lambda$produceMessages$3(KafkaSerdesTester.java:138)
	at java.base/java.util.concurrent.CompletableFuture$AsyncSupply.run(CompletableFuture.java:1768)
	at java.base/java.lang.Thread.run(Thread.java:840)
]]></system-err>
  </testcase>
  <testcase name="testTopicIdStrategyFindLatest" classname="io.apicurio.tests.serdes.apicurio.AvroSerdeIT" time="2.041">
    <system-out><![CDATA[2025-07-31 02:25:57,194 INFO  [io.api.tes.uti.TestSeparator] (main) ############################################################################
2025-07-31 02:25:57,194 INFO  [io.api.tes.uti.TestSeparator] (main) io.apicurio.tests.serdes.apicurio.AvroSerdeIT.testTopicIdStrategyFindLatest-STARTED
2025-07-31 02:25:57,196 INFO  [io.api.tes.ser.api.AvroSerdeIT] (main) Registering Avro Schema: {"type":"record","name":"myrecordapicurio1","fields":[{"name":"key11753928757195","type":"string"}]}
2025-07-31 02:25:58,321 INFO  [org.apa.kaf.cli.pro.ProducerConfig] (main) ProducerConfig values: 
	acks = -1
	auto.include.jmx.reporter = true
	batch.size = 16384
	bootstrap.servers = [PLAINTEXT://localhost:32770]
	buffer.memory = 33554432
	client.dns.lookup = use_all_dns_ips
	client.id = Producer-topic-e189623d_0e37_4ad4_a3c6_4a84e33a1577
	compression.gzip.level = -1
	compression.lz4.level = 9
	compression.type = none
	compression.zstd.level = 3
	connections.max.idle.ms = 10000
	delivery.timeout.ms = 120000
	enable.idempotence = true
	enable.metrics.push = true
	interceptor.classes = []
	key.serializer = class org.apache.kafka.common.serialization.StringSerializer
	linger.ms = 0
	max.block.ms = 60000
	max.in.flight.requests.per.connection = 5
	max.request.size = 1048576
	metadata.max.age.ms = 300000
	metadata.max.idle.ms = 300000
	metadata.recovery.strategy = none
	metric.reporters = []
	metrics.num.samples = 2
	metrics.recording.level = INFO
	metrics.sample.window.ms = 30000
	partitioner.adaptive.partitioning.enable = true
	partitioner.availability.timeout.ms = 0
	partitioner.class = null
	partitioner.ignore.keys = false
	receive.buffer.bytes = 32768
	reconnect.backoff.max.ms = 1000
	reconnect.backoff.ms = 50
	request.timeout.ms = 5000
	retries = 2147483647
	retry.backoff.max.ms = 1000
	retry.backoff.ms = 100
	sasl.client.callback.handler.class = null
	sasl.jaas.config = null
	sasl.kerberos.kinit.cmd = /usr/bin/kinit
	sasl.kerberos.min.time.before.relogin = 60000
	sasl.kerberos.service.name = null
	sasl.kerberos.ticket.renew.jitter = 0.05
	sasl.kerberos.ticket.renew.window.factor = 0.8
	sasl.login.callback.handler.class = null
	sasl.login.class = null
	sasl.login.connect.timeout.ms = null
	sasl.login.read.timeout.ms = null
	sasl.login.refresh.buffer.seconds = 300
	sasl.login.refresh.min.period.seconds = 60
	sasl.login.refresh.window.factor = 0.8
	sasl.login.refresh.window.jitter = 0.05
	sasl.login.retry.backoff.max.ms = 10000
	sasl.login.retry.backoff.ms = 100
	sasl.mechanism = GSSAPI
	sasl.oauthbearer.clock.skew.seconds = 30
	sasl.oauthbearer.expected.audience = null
	sasl.oauthbearer.expected.issuer = null
	sasl.oauthbearer.header.urlencode = false
	sasl.oauthbearer.jwks.endpoint.refresh.ms = 3600000
	sasl.oauthbearer.jwks.endpoint.retry.backoff.max.ms = 10000
	sasl.oauthbearer.jwks.endpoint.retry.backoff.ms = 100
	sasl.oauthbearer.jwks.endpoint.url = null
	sasl.oauthbearer.scope.claim.name = scope
	sasl.oauthbearer.sub.claim.name = sub
	sasl.oauthbearer.token.endpoint.url = null
	security.protocol = PLAINTEXT
	security.providers = null
	send.buffer.bytes = 131072
	socket.connection.setup.timeout.max.ms = 30000
	socket.connection.setup.timeout.ms = 10000
	ssl.cipher.suites = null
	ssl.enabled.protocols = [TLSv1.2, TLSv1.3]
	ssl.endpoint.identification.algorithm = https
	ssl.engine.factory.class = null
	ssl.key.password = null
	ssl.keymanager.algorithm = SunX509
	ssl.keystore.certificate.chain = null
	ssl.keystore.key = null
	ssl.keystore.location = null
	ssl.keystore.password = null
	ssl.keystore.type = JKS
	ssl.protocol = TLSv1.3
	ssl.provider = null
	ssl.secure.random.implementation = null
	ssl.trustmanager.algorithm = PKIX
	ssl.truststore.certificates = null
	ssl.truststore.location = null
	ssl.truststore.password = null
	ssl.truststore.type = JKS
	transaction.timeout.ms = 60000
	transactional.id = null
	value.serializer = class io.apicurio.registry.serde.avro.AvroKafkaSerializer

2025-07-31 02:25:58,321 INFO  [org.apa.kaf.com.tel.int.KafkaMetricsCollector] (main) initializing Kafka metrics collector
2025-07-31 02:25:58,325 INFO  [org.apa.kaf.cli.pro.KafkaProducer] (main) [Producer clientId=Producer-topic-e189623d_0e37_4ad4_a3c6_4a84e33a1577] Instantiated an idempotent producer.
2025-07-31 02:25:58,327 INFO  [org.apa.kaf.cli.pro.ProducerConfig] (main) These configurations '[apicurio.registry.find-latest, apicurio.registry.url, apicurio.registry.artifact-resolver-strategy]' were supplied but are not used yet.
2025-07-31 02:25:58,327 INFO  [org.apa.kaf.com.uti.AppInfoParser] (main) Kafka version: 3.9.0
2025-07-31 02:25:58,327 INFO  [org.apa.kaf.com.uti.AppInfoParser] (main) Kafka commitId: 84caaa6e9da06435
2025-07-31 02:25:58,327 INFO  [org.apa.kaf.com.uti.AppInfoParser] (main) Kafka startTimeMs: 1753928758327
2025-07-31 02:25:58,327 INFO  [io.api.tes.ser.api.SimpleSerdesTesterBuilder$SimpleSerdesTester] (main) Using producer configuration: {apicurio.registry.find-latest=true, apicurio.registry.url=http://registry-app-kafkasql.apps.ci419.apicurio-testing.org:80/apis/registry/v3, apicurio.registry.artifact-resolver-strategy=io.apicurio.registry.serde.strategy.TopicIdStrategy, value.serializer=io.apicurio.registry.serde.avro.AvroKafkaSerializer, request.timeout.ms=5000, acks=all, bootstrap.servers=PLAINTEXT://localhost:32770, connections.max.idle.ms=10000, key.serializer=org.apache.kafka.common.serialization.StringSerializer, client.id=Producer-topic-e189623d_0e37_4ad4_a3c6_4a84e33a1577}
2025-07-31 02:25:58,327 INFO  [io.api.tes.ser.api.SimpleSerdesTesterBuilder$SimpleSerdesTester] (main) Using consumer configuration: {}
2025-07-31 02:25:58,328 INFO  [io.api.tes.ser.api.KafkaSerdesTester] (Thread-165) Sending message {"key11753928757195": "value-0"} to topic topic-e189623d_0e37_4ad4_a3c6_4a84e33a1577
2025-07-31 02:25:58,332 INFO  [org.apa.kaf.cli.Metadata] (kafka-producer-network-thread | Producer-topic-e189623d_0e37_4ad4_a3c6_4a84e33a1577) [Producer clientId=Producer-topic-e189623d_0e37_4ad4_a3c6_4a84e33a1577] Cluster ID: MA4G_e_SRU2vGr9gzyfJLg
2025-07-31 02:25:58,334 INFO  [org.apa.kaf.cli.pro.int.TransactionManager] (kafka-producer-network-thread | Producer-topic-e189623d_0e37_4ad4_a3c6_4a84e33a1577) [Producer clientId=Producer-topic-e189623d_0e37_4ad4_a3c6_4a84e33a1577] ProducerId set to 9 with epoch 0
2025-07-31 02:25:58,497 INFO  [io.api.tes.ser.api.KafkaSerdesTester] (Thread-165) Sending message {"key11753928757195": "value-1"} to topic topic-e189623d_0e37_4ad4_a3c6_4a84e33a1577
2025-07-31 02:25:58,500 INFO  [io.api.tes.ser.api.KafkaSerdesTester] (Thread-165) Sending message {"key11753928757195": "value-2"} to topic topic-e189623d_0e37_4ad4_a3c6_4a84e33a1577
2025-07-31 02:25:58,502 INFO  [io.api.tes.ser.api.KafkaSerdesTester] (Thread-165) Sending message {"key11753928757195": "value-3"} to topic topic-e189623d_0e37_4ad4_a3c6_4a84e33a1577
2025-07-31 02:25:58,504 INFO  [io.api.tes.ser.api.KafkaSerdesTester] (Thread-165) Sending message {"key11753928757195": "value-4"} to topic topic-e189623d_0e37_4ad4_a3c6_4a84e33a1577
2025-07-31 02:25:58,506 INFO  [io.api.tes.ser.api.KafkaSerdesTester] (Thread-165) Sending message {"key11753928757195": "value-5"} to topic topic-e189623d_0e37_4ad4_a3c6_4a84e33a1577
2025-07-31 02:25:58,508 INFO  [io.api.tes.ser.api.KafkaSerdesTester] (Thread-165) Sending message {"key11753928757195": "value-6"} to topic topic-e189623d_0e37_4ad4_a3c6_4a84e33a1577
2025-07-31 02:25:58,513 INFO  [io.api.tes.ser.api.KafkaSerdesTester] (Thread-165) Sending message {"key11753928757195": "value-7"} to topic topic-e189623d_0e37_4ad4_a3c6_4a84e33a1577
2025-07-31 02:25:58,518 INFO  [io.api.tes.ser.api.KafkaSerdesTester] (Thread-165) Sending message {"key11753928757195": "value-8"} to topic topic-e189623d_0e37_4ad4_a3c6_4a84e33a1577
2025-07-31 02:25:58,521 INFO  [io.api.tes.ser.api.KafkaSerdesTester] (Thread-165) Sending message {"key11753928757195": "value-9"} to topic topic-e189623d_0e37_4ad4_a3c6_4a84e33a1577
2025-07-31 02:25:58,522 INFO  [io.api.tes.ser.api.KafkaSerdesTester] (Thread-165) Produced 10 messages
2025-07-31 02:25:58,522 INFO  [org.apa.kaf.cli.pro.KafkaProducer] (Thread-165) [Producer clientId=Producer-topic-e189623d_0e37_4ad4_a3c6_4a84e33a1577] Closing the Kafka producer with timeoutMillis = 9223372036854775807 ms.
2025-07-31 02:25:58,525 INFO  [org.apa.kaf.com.met.Metrics] (Thread-165) Metrics scheduler closed
2025-07-31 02:25:58,525 INFO  [org.apa.kaf.com.met.Metrics] (Thread-165) Closing reporter org.apache.kafka.common.metrics.JmxReporter
2025-07-31 02:25:58,525 INFO  [org.apa.kaf.com.met.Metrics] (Thread-165) Closing reporter org.apache.kafka.common.telemetry.internals.ClientTelemetryReporter
2025-07-31 02:25:58,525 INFO  [org.apa.kaf.com.met.Metrics] (Thread-165) Metrics reporters closed
2025-07-31 02:25:58,526 INFO  [org.apa.kaf.com.uti.AppInfoParser] (Thread-165) App info kafka.producer for Producer-topic-e189623d_0e37_4ad4_a3c6_4a84e33a1577 unregistered
2025-07-31 02:25:58,527 INFO  [org.apa.kaf.cli.con.ConsumerConfig] (main) ConsumerConfig values: 
	allow.auto.create.topics = true
	auto.commit.interval.ms = 500
	auto.include.jmx.reporter = true
	auto.offset.reset = earliest
	bootstrap.servers = [PLAINTEXT://localhost:32770]
	check.crcs = true
	client.dns.lookup = use_all_dns_ips
	client.id = consumer-Consumer-topic-e189623d_0e37_4ad4_a3c6_4a84e33a1577-7
	client.rack = 
	connections.max.idle.ms = 10000
	default.api.timeout.ms = 60000
	enable.auto.commit = true
	enable.metrics.push = true
	exclude.internal.topics = true
	fetch.max.bytes = 52428800
	fetch.max.wait.ms = 500
	fetch.min.bytes = 1
	group.id = Consumer-topic-e189623d_0e37_4ad4_a3c6_4a84e33a1577
	group.instance.id = null
	group.protocol = classic
	group.remote.assignor = null
	heartbeat.interval.ms = 3000
	interceptor.classes = []
	internal.leave.group.on.close = true
	internal.throw.on.fetch.stable.offset.unsupported = false
	isolation.level = read_uncommitted
	key.deserializer = class org.apache.kafka.common.serialization.StringDeserializer
	max.partition.fetch.bytes = 1048576
	max.poll.interval.ms = 300000
	max.poll.records = 500
	metadata.max.age.ms = 300000
	metadata.recovery.strategy = none
	metric.reporters = []
	metrics.num.samples = 2
	metrics.recording.level = INFO
	metrics.sample.window.ms = 30000
	partition.assignment.strategy = [class org.apache.kafka.clients.consumer.RangeAssignor, class org.apache.kafka.clients.consumer.CooperativeStickyAssignor]
	receive.buffer.bytes = 65536
	reconnect.backoff.max.ms = 1000
	reconnect.backoff.ms = 50
	request.timeout.ms = 5000
	retry.backoff.max.ms = 1000
	retry.backoff.ms = 100
	sasl.client.callback.handler.class = null
	sasl.jaas.config = null
	sasl.kerberos.kinit.cmd = /usr/bin/kinit
	sasl.kerberos.min.time.before.relogin = 60000
	sasl.kerberos.service.name = null
	sasl.kerberos.ticket.renew.jitter = 0.05
	sasl.kerberos.ticket.renew.window.factor = 0.8
	sasl.login.callback.handler.class = null
	sasl.login.class = null
	sasl.login.connect.timeout.ms = null
	sasl.login.read.timeout.ms = null
	sasl.login.refresh.buffer.seconds = 300
	sasl.login.refresh.min.period.seconds = 60
	sasl.login.refresh.window.factor = 0.8
	sasl.login.refresh.window.jitter = 0.05
	sasl.login.retry.backoff.max.ms = 10000
	sasl.login.retry.backoff.ms = 100
	sasl.mechanism = GSSAPI
	sasl.oauthbearer.clock.skew.seconds = 30
	sasl.oauthbearer.expected.audience = null
	sasl.oauthbearer.expected.issuer = null
	sasl.oauthbearer.header.urlencode = false
	sasl.oauthbearer.jwks.endpoint.refresh.ms = 3600000
	sasl.oauthbearer.jwks.endpoint.retry.backoff.max.ms = 10000
	sasl.oauthbearer.jwks.endpoint.retry.backoff.ms = 100
	sasl.oauthbearer.jwks.endpoint.url = null
	sasl.oauthbearer.scope.claim.name = scope
	sasl.oauthbearer.sub.claim.name = sub
	sasl.oauthbearer.token.endpoint.url = null
	security.protocol = PLAINTEXT
	security.providers = null
	send.buffer.bytes = 131072
	session.timeout.ms = 45000
	socket.connection.setup.timeout.max.ms = 30000
	socket.connection.setup.timeout.ms = 10000
	ssl.cipher.suites = null
	ssl.enabled.protocols = [TLSv1.2, TLSv1.3]
	ssl.endpoint.identification.algorithm = https
	ssl.engine.factory.class = null
	ssl.key.password = null
	ssl.keymanager.algorithm = SunX509
	ssl.keystore.certificate.chain = null
	ssl.keystore.key = null
	ssl.keystore.location = null
	ssl.keystore.password = null
	ssl.keystore.type = JKS
	ssl.protocol = TLSv1.3
	ssl.provider = null
	ssl.secure.random.implementation = null
	ssl.trustmanager.algorithm = PKIX
	ssl.truststore.certificates = null
	ssl.truststore.location = null
	ssl.truststore.password = null
	ssl.truststore.type = JKS
	value.deserializer = class io.apicurio.registry.serde.avro.AvroKafkaDeserializer

2025-07-31 02:25:58,527 INFO  [org.apa.kaf.com.tel.int.KafkaMetricsCollector] (main) initializing Kafka metrics collector
2025-07-31 02:25:58,540 INFO  [org.apa.kaf.cli.con.ConsumerConfig] (main) These configurations '[apicurio.registry.url]' were supplied but are not used yet.
2025-07-31 02:25:58,540 INFO  [org.apa.kaf.com.uti.AppInfoParser] (main) Kafka version: 3.9.0
2025-07-31 02:25:58,540 INFO  [org.apa.kaf.com.uti.AppInfoParser] (main) Kafka commitId: 84caaa6e9da06435
2025-07-31 02:25:58,540 INFO  [org.apa.kaf.com.uti.AppInfoParser] (main) Kafka startTimeMs: 1753928758540
2025-07-31 02:25:58,540 INFO  [org.apa.kaf.cli.con.int.ClassicKafkaConsumer] (Thread-168) [Consumer clientId=consumer-Consumer-topic-e189623d_0e37_4ad4_a3c6_4a84e33a1577-7, groupId=Consumer-topic-e189623d_0e37_4ad4_a3c6_4a84e33a1577] Subscribed to topic(s): topic-e189623d_0e37_4ad4_a3c6_4a84e33a1577
2025-07-31 02:25:58,549 INFO  [org.apa.kaf.cli.Metadata] (Thread-168) [Consumer clientId=consumer-Consumer-topic-e189623d_0e37_4ad4_a3c6_4a84e33a1577-7, groupId=Consumer-topic-e189623d_0e37_4ad4_a3c6_4a84e33a1577] Cluster ID: MA4G_e_SRU2vGr9gzyfJLg
2025-07-31 02:25:58,553 INFO  [org.apa.kaf.cli.con.int.ConsumerCoordinator] (Thread-168) [Consumer clientId=consumer-Consumer-topic-e189623d_0e37_4ad4_a3c6_4a84e33a1577-7, groupId=Consumer-topic-e189623d_0e37_4ad4_a3c6_4a84e33a1577] Discovered group coordinator localhost:32770 (id: 2147483647 rack: null)
2025-07-31 02:25:58,556 INFO  [org.apa.kaf.cli.con.int.ConsumerCoordinator] (Thread-168) [Consumer clientId=consumer-Consumer-topic-e189623d_0e37_4ad4_a3c6_4a84e33a1577-7, groupId=Consumer-topic-e189623d_0e37_4ad4_a3c6_4a84e33a1577] (Re-)joining group
2025-07-31 02:25:58,563 INFO  [org.apa.kaf.cli.con.int.ConsumerCoordinator] (Thread-168) [Consumer clientId=consumer-Consumer-topic-e189623d_0e37_4ad4_a3c6_4a84e33a1577-7, groupId=Consumer-topic-e189623d_0e37_4ad4_a3c6_4a84e33a1577] Request joining group due to: need to re-join with the given member-id: consumer-Consumer-topic-e189623d_0e37_4ad4_a3c6_4a84e33a1577-7-c031e5c3-1ce7-42ca-a632-512b606f1cd3
2025-07-31 02:25:58,564 INFO  [org.apa.kaf.cli.con.int.ConsumerCoordinator] (Thread-168) [Consumer clientId=consumer-Consumer-topic-e189623d_0e37_4ad4_a3c6_4a84e33a1577-7, groupId=Consumer-topic-e189623d_0e37_4ad4_a3c6_4a84e33a1577] (Re-)joining group
2025-07-31 02:25:58,571 INFO  [org.apa.kaf.cli.con.int.ConsumerCoordinator] (Thread-168) [Consumer clientId=consumer-Consumer-topic-e189623d_0e37_4ad4_a3c6_4a84e33a1577-7, groupId=Consumer-topic-e189623d_0e37_4ad4_a3c6_4a84e33a1577] Successfully joined group with generation Generation{generationId=1, memberId='consumer-Consumer-topic-e189623d_0e37_4ad4_a3c6_4a84e33a1577-7-c031e5c3-1ce7-42ca-a632-512b606f1cd3', protocol='range'}
2025-07-31 02:25:58,574 INFO  [org.apa.kaf.cli.con.int.ConsumerCoordinator] (Thread-168) [Consumer clientId=consumer-Consumer-topic-e189623d_0e37_4ad4_a3c6_4a84e33a1577-7, groupId=Consumer-topic-e189623d_0e37_4ad4_a3c6_4a84e33a1577] Finished assignment for group at generation 1: {consumer-Consumer-topic-e189623d_0e37_4ad4_a3c6_4a84e33a1577-7-c031e5c3-1ce7-42ca-a632-512b606f1cd3=Assignment(partitions=[topic-e189623d_0e37_4ad4_a3c6_4a84e33a1577-0])}
2025-07-31 02:25:58,581 INFO  [org.apa.kaf.cli.con.int.ConsumerCoordinator] (Thread-168) [Consumer clientId=consumer-Consumer-topic-e189623d_0e37_4ad4_a3c6_4a84e33a1577-7, groupId=Consumer-topic-e189623d_0e37_4ad4_a3c6_4a84e33a1577] Successfully synced group in generation Generation{generationId=1, memberId='consumer-Consumer-topic-e189623d_0e37_4ad4_a3c6_4a84e33a1577-7-c031e5c3-1ce7-42ca-a632-512b606f1cd3', protocol='range'}
2025-07-31 02:25:58,582 INFO  [org.apa.kaf.cli.con.int.ConsumerCoordinator] (Thread-168) [Consumer clientId=consumer-Consumer-topic-e189623d_0e37_4ad4_a3c6_4a84e33a1577-7, groupId=Consumer-topic-e189623d_0e37_4ad4_a3c6_4a84e33a1577] Notifying assignor about the new Assignment(partitions=[topic-e189623d_0e37_4ad4_a3c6_4a84e33a1577-0])
2025-07-31 02:25:58,582 INFO  [org.apa.kaf.cli.con.int.ConsumerRebalanceListenerInvoker] (Thread-168) [Consumer clientId=consumer-Consumer-topic-e189623d_0e37_4ad4_a3c6_4a84e33a1577-7, groupId=Consumer-topic-e189623d_0e37_4ad4_a3c6_4a84e33a1577] Adding newly assigned partitions: topic-e189623d_0e37_4ad4_a3c6_4a84e33a1577-0
2025-07-31 02:25:58,583 INFO  [org.apa.kaf.cli.con.int.ConsumerCoordinator] (Thread-168) [Consumer clientId=consumer-Consumer-topic-e189623d_0e37_4ad4_a3c6_4a84e33a1577-7, groupId=Consumer-topic-e189623d_0e37_4ad4_a3c6_4a84e33a1577] Found no committed offset for partition topic-e189623d_0e37_4ad4_a3c6_4a84e33a1577-0
2025-07-31 02:25:58,593 INFO  [org.apa.kaf.cli.con.int.SubscriptionState] (Thread-168) [Consumer clientId=consumer-Consumer-topic-e189623d_0e37_4ad4_a3c6_4a84e33a1577-7, groupId=Consumer-topic-e189623d_0e37_4ad4_a3c6_4a84e33a1577] Resetting offset for partition topic-e189623d_0e37_4ad4_a3c6_4a84e33a1577-0 to position FetchPosition{offset=0, offsetEpoch=Optional.empty, currentLeader=LeaderAndEpoch{leader=Optional[localhost:32770 (id: 0 rack: null)], epoch=0}}.
2025-07-31 02:25:58,726 INFO  [io.api.tes.ser.api.KafkaSerdesTester] (Thread-168) topic-e189623d_0e37_4ad4_a3c6_4a84e33a1577 0 0 {"key11753928757195": "value-0"}
2025-07-31 02:25:58,726 INFO  [io.api.tes.ser.api.KafkaSerdesTester] (Thread-168) topic-e189623d_0e37_4ad4_a3c6_4a84e33a1577 0 1 {"key11753928757195": "value-1"}
2025-07-31 02:25:58,726 INFO  [io.api.tes.ser.api.KafkaSerdesTester] (Thread-168) topic-e189623d_0e37_4ad4_a3c6_4a84e33a1577 0 2 {"key11753928757195": "value-2"}
2025-07-31 02:25:58,726 INFO  [io.api.tes.ser.api.KafkaSerdesTester] (Thread-168) topic-e189623d_0e37_4ad4_a3c6_4a84e33a1577 0 3 {"key11753928757195": "value-3"}
2025-07-31 02:25:58,726 INFO  [io.api.tes.ser.api.KafkaSerdesTester] (Thread-168) topic-e189623d_0e37_4ad4_a3c6_4a84e33a1577 0 4 {"key11753928757195": "value-4"}
2025-07-31 02:25:58,726 INFO  [io.api.tes.ser.api.KafkaSerdesTester] (Thread-168) topic-e189623d_0e37_4ad4_a3c6_4a84e33a1577 0 5 {"key11753928757195": "value-5"}
2025-07-31 02:25:58,726 INFO  [io.api.tes.ser.api.KafkaSerdesTester] (Thread-168) topic-e189623d_0e37_4ad4_a3c6_4a84e33a1577 0 6 {"key11753928757195": "value-6"}
2025-07-31 02:25:58,727 INFO  [io.api.tes.ser.api.KafkaSerdesTester] (Thread-168) topic-e189623d_0e37_4ad4_a3c6_4a84e33a1577 0 7 {"key11753928757195": "value-7"}
2025-07-31 02:25:58,727 INFO  [io.api.tes.ser.api.KafkaSerdesTester] (Thread-168) topic-e189623d_0e37_4ad4_a3c6_4a84e33a1577 0 8 {"key11753928757195": "value-8"}
2025-07-31 02:25:58,727 INFO  [io.api.tes.ser.api.KafkaSerdesTester] (Thread-168) topic-e189623d_0e37_4ad4_a3c6_4a84e33a1577 0 9 {"key11753928757195": "value-9"}
2025-07-31 02:25:58,727 INFO  [io.api.tes.ser.api.KafkaSerdesTester] (Thread-168) Consumed 10 messages
2025-07-31 02:25:58,730 INFO  [org.apa.kaf.cli.con.int.ConsumerRebalanceListenerInvoker] (Thread-168) [Consumer clientId=consumer-Consumer-topic-e189623d_0e37_4ad4_a3c6_4a84e33a1577-7, groupId=Consumer-topic-e189623d_0e37_4ad4_a3c6_4a84e33a1577] Revoke previously assigned partitions topic-e189623d_0e37_4ad4_a3c6_4a84e33a1577-0
2025-07-31 02:25:58,730 INFO  [org.apa.kaf.cli.con.int.ConsumerCoordinator] (Thread-168) [Consumer clientId=consumer-Consumer-topic-e189623d_0e37_4ad4_a3c6_4a84e33a1577-7, groupId=Consumer-topic-e189623d_0e37_4ad4_a3c6_4a84e33a1577] Member consumer-Consumer-topic-e189623d_0e37_4ad4_a3c6_4a84e33a1577-7-c031e5c3-1ce7-42ca-a632-512b606f1cd3 sending LeaveGroup request to coordinator localhost:32770 (id: 2147483647 rack: null) due to the consumer is being closed
2025-07-31 02:25:58,731 INFO  [org.apa.kaf.cli.con.int.ConsumerCoordinator] (Thread-168) [Consumer clientId=consumer-Consumer-topic-e189623d_0e37_4ad4_a3c6_4a84e33a1577-7, groupId=Consumer-topic-e189623d_0e37_4ad4_a3c6_4a84e33a1577] Resetting generation and member id due to: consumer pro-actively leaving the group
2025-07-31 02:25:58,731 INFO  [org.apa.kaf.cli.con.int.ConsumerCoordinator] (Thread-168) [Consumer clientId=consumer-Consumer-topic-e189623d_0e37_4ad4_a3c6_4a84e33a1577-7, groupId=Consumer-topic-e189623d_0e37_4ad4_a3c6_4a84e33a1577] Request joining group due to: consumer pro-actively leaving the group
2025-07-31 02:25:59,230 INFO  [org.apa.kaf.com.met.Metrics] (Thread-168) Metrics scheduler closed
2025-07-31 02:25:59,230 INFO  [org.apa.kaf.com.met.Metrics] (Thread-168) Closing reporter org.apache.kafka.common.metrics.JmxReporter
2025-07-31 02:25:59,230 INFO  [org.apa.kaf.com.met.Metrics] (Thread-168) Closing reporter org.apache.kafka.common.telemetry.internals.ClientTelemetryReporter
2025-07-31 02:25:59,230 INFO  [org.apa.kaf.com.met.Metrics] (Thread-168) Metrics reporters closed
2025-07-31 02:25:59,233 INFO  [org.apa.kaf.com.uti.AppInfoParser] (Thread-168) App info kafka.consumer for consumer-Consumer-topic-e189623d_0e37_4ad4_a3c6_4a84e33a1577-7 unregistered
2025-07-31 02:25:59,233 INFO  [io.api.tes.uti.TestSeparator] (main) io.apicurio.tests.serdes.apicurio.AvroSerdeIT.testTopicIdStrategyFindLatest-FINISHED
2025-07-31 02:25:59,234 INFO  [io.api.tes.uti.TestSeparator] (main) ############################################################################
]]></system-out>
  </testcase>
  <testcase name="testAvroUnionWithSpecificReader" classname="io.apicurio.tests.serdes.apicurio.AvroSerdeIT" time="1.378">
    <system-out><![CDATA[2025-07-31 02:25:59,237 INFO  [io.api.tes.uti.TestSeparator] (main) ############################################################################
2025-07-31 02:25:59,237 INFO  [io.api.tes.uti.TestSeparator] (main) io.apicurio.tests.serdes.apicurio.AvroSerdeIT.testAvroUnionWithSpecificReader-STARTED
2025-07-31 02:25:59,241 INFO  [org.apa.kaf.cli.pro.ProducerConfig] (main) ProducerConfig values: 
	acks = -1
	auto.include.jmx.reporter = true
	batch.size = 16384
	bootstrap.servers = [PLAINTEXT://localhost:32770]
	buffer.memory = 33554432
	client.dns.lookup = use_all_dns_ips
	client.id = Producer-topic-9d948469_09ba_4368_a794_4abddd845289
	compression.gzip.level = -1
	compression.lz4.level = 9
	compression.type = none
	compression.zstd.level = 3
	connections.max.idle.ms = 10000
	delivery.timeout.ms = 120000
	enable.idempotence = true
	enable.metrics.push = true
	interceptor.classes = []
	key.serializer = class org.apache.kafka.common.serialization.StringSerializer
	linger.ms = 0
	max.block.ms = 60000
	max.in.flight.requests.per.connection = 5
	max.request.size = 1048576
	metadata.max.age.ms = 300000
	metadata.max.idle.ms = 300000
	metadata.recovery.strategy = none
	metric.reporters = []
	metrics.num.samples = 2
	metrics.recording.level = INFO
	metrics.sample.window.ms = 30000
	partitioner.adaptive.partitioning.enable = true
	partitioner.availability.timeout.ms = 0
	partitioner.class = null
	partitioner.ignore.keys = false
	receive.buffer.bytes = 32768
	reconnect.backoff.max.ms = 1000
	reconnect.backoff.ms = 50
	request.timeout.ms = 5000
	retries = 2147483647
	retry.backoff.max.ms = 1000
	retry.backoff.ms = 100
	sasl.client.callback.handler.class = null
	sasl.jaas.config = null
	sasl.kerberos.kinit.cmd = /usr/bin/kinit
	sasl.kerberos.min.time.before.relogin = 60000
	sasl.kerberos.service.name = null
	sasl.kerberos.ticket.renew.jitter = 0.05
	sasl.kerberos.ticket.renew.window.factor = 0.8
	sasl.login.callback.handler.class = null
	sasl.login.class = null
	sasl.login.connect.timeout.ms = null
	sasl.login.read.timeout.ms = null
	sasl.login.refresh.buffer.seconds = 300
	sasl.login.refresh.min.period.seconds = 60
	sasl.login.refresh.window.factor = 0.8
	sasl.login.refresh.window.jitter = 0.05
	sasl.login.retry.backoff.max.ms = 10000
	sasl.login.retry.backoff.ms = 100
	sasl.mechanism = GSSAPI
	sasl.oauthbearer.clock.skew.seconds = 30
	sasl.oauthbearer.expected.audience = null
	sasl.oauthbearer.expected.issuer = null
	sasl.oauthbearer.header.urlencode = false
	sasl.oauthbearer.jwks.endpoint.refresh.ms = 3600000
	sasl.oauthbearer.jwks.endpoint.retry.backoff.max.ms = 10000
	sasl.oauthbearer.jwks.endpoint.retry.backoff.ms = 100
	sasl.oauthbearer.jwks.endpoint.url = null
	sasl.oauthbearer.scope.claim.name = scope
	sasl.oauthbearer.sub.claim.name = sub
	sasl.oauthbearer.token.endpoint.url = null
	security.protocol = PLAINTEXT
	security.providers = null
	send.buffer.bytes = 131072
	socket.connection.setup.timeout.max.ms = 30000
	socket.connection.setup.timeout.ms = 10000
	ssl.cipher.suites = null
	ssl.enabled.protocols = [TLSv1.2, TLSv1.3]
	ssl.endpoint.identification.algorithm = https
	ssl.engine.factory.class = null
	ssl.key.password = null
	ssl.keymanager.algorithm = SunX509
	ssl.keystore.certificate.chain = null
	ssl.keystore.key = null
	ssl.keystore.location = null
	ssl.keystore.password = null
	ssl.keystore.type = JKS
	ssl.protocol = TLSv1.3
	ssl.provider = null
	ssl.secure.random.implementation = null
	ssl.trustmanager.algorithm = PKIX
	ssl.truststore.certificates = null
	ssl.truststore.location = null
	ssl.truststore.password = null
	ssl.truststore.type = JKS
	transaction.timeout.ms = 60000
	transactional.id = null
	value.serializer = class io.apicurio.registry.serde.avro.AvroKafkaSerializer

2025-07-31 02:25:59,241 INFO  [org.apa.kaf.com.tel.int.KafkaMetricsCollector] (main) initializing Kafka metrics collector
2025-07-31 02:25:59,258 INFO  [org.apa.kaf.cli.pro.KafkaProducer] (main) [Producer clientId=Producer-topic-9d948469_09ba_4368_a794_4abddd845289] Instantiated an idempotent producer.
2025-07-31 02:25:59,262 INFO  [org.apa.kaf.cli.pro.ProducerConfig] (main) These configurations '[apicurio.registry.url, apicurio.registry.auto-register, apicurio.registry.artifact-resolver-strategy]' were supplied but are not used yet.
2025-07-31 02:25:59,262 INFO  [org.apa.kaf.com.uti.AppInfoParser] (main) Kafka version: 3.9.0
2025-07-31 02:25:59,262 INFO  [org.apa.kaf.com.uti.AppInfoParser] (main) Kafka commitId: 84caaa6e9da06435
2025-07-31 02:25:59,262 INFO  [org.apa.kaf.com.uti.AppInfoParser] (main) Kafka startTimeMs: 1753928759262
2025-07-31 02:25:59,262 INFO  [io.api.tes.ser.api.SimpleSerdesTesterBuilder$SimpleSerdesTester] (main) Using producer configuration: {apicurio.registry.url=http://registry-app-kafkasql.apps.ci419.apicurio-testing.org:80/apis/registry/v3, apicurio.registry.auto-register=true, apicurio.registry.artifact-resolver-strategy=io.apicurio.registry.serde.strategy.TopicIdStrategy, value.serializer=io.apicurio.registry.serde.avro.AvroKafkaSerializer, request.timeout.ms=5000, acks=all, bootstrap.servers=PLAINTEXT://localhost:32770, connections.max.idle.ms=10000, key.serializer=org.apache.kafka.common.serialization.StringSerializer, client.id=Producer-topic-9d948469_09ba_4368_a794_4abddd845289}
2025-07-31 02:25:59,262 INFO  [io.api.tes.ser.api.SimpleSerdesTesterBuilder$SimpleSerdesTester] (main) Using consumer configuration: {}
2025-07-31 02:25:59,264 INFO  [io.api.tes.ser.api.KafkaSerdesTester] (Thread-171) Sending message {"id": "record-0"} to topic topic-9d948469_09ba_4368_a794_4abddd845289
2025-07-31 02:25:59,277 WARN  [org.apa.kaf.cli.NetworkClient] (kafka-producer-network-thread | Producer-topic-9d948469_09ba_4368_a794_4abddd845289) [Producer clientId=Producer-topic-9d948469_09ba_4368_a794_4abddd845289] The metadata response from the cluster reported a recoverable issue with correlation id 2 : {topic-9d948469_09ba_4368_a794_4abddd845289=LEADER_NOT_AVAILABLE}
2025-07-31 02:25:59,277 INFO  [org.apa.kaf.cli.Metadata] (kafka-producer-network-thread | Producer-topic-9d948469_09ba_4368_a794_4abddd845289) [Producer clientId=Producer-topic-9d948469_09ba_4368_a794_4abddd845289] Cluster ID: MA4G_e_SRU2vGr9gzyfJLg
2025-07-31 02:25:59,278 INFO  [org.apa.kaf.cli.pro.int.TransactionManager] (kafka-producer-network-thread | Producer-topic-9d948469_09ba_4368_a794_4abddd845289) [Producer clientId=Producer-topic-9d948469_09ba_4368_a794_4abddd845289] ProducerId set to 10 with epoch 0
2025-07-31 02:25:59,529 INFO  [io.api.tes.ser.api.KafkaSerdesTester] (Thread-171) Sending message {"value": 1} to topic topic-9d948469_09ba_4368_a794_4abddd845289
2025-07-31 02:25:59,626 INFO  [io.api.tes.ser.api.KafkaSerdesTester] (Thread-171) Sending message {"active": true} to topic topic-9d948469_09ba_4368_a794_4abddd845289
2025-07-31 02:25:59,725 INFO  [io.api.tes.ser.api.KafkaSerdesTester] (Thread-171) Sending message {"id": "record-3"} to topic topic-9d948469_09ba_4368_a794_4abddd845289
2025-07-31 02:25:59,726 INFO  [io.api.tes.ser.api.KafkaSerdesTester] (Thread-171) Sending message {"value": 4} to topic topic-9d948469_09ba_4368_a794_4abddd845289
2025-07-31 02:25:59,729 INFO  [io.api.tes.ser.api.KafkaSerdesTester] (Thread-171) Sending message {"active": false} to topic topic-9d948469_09ba_4368_a794_4abddd845289
2025-07-31 02:25:59,731 INFO  [io.api.tes.ser.api.KafkaSerdesTester] (Thread-171) Sending message {"id": "record-6"} to topic topic-9d948469_09ba_4368_a794_4abddd845289
2025-07-31 02:25:59,732 INFO  [io.api.tes.ser.api.KafkaSerdesTester] (Thread-171) Sending message {"value": 7} to topic topic-9d948469_09ba_4368_a794_4abddd845289
2025-07-31 02:25:59,736 INFO  [io.api.tes.ser.api.KafkaSerdesTester] (Thread-171) Sending message {"active": true} to topic topic-9d948469_09ba_4368_a794_4abddd845289
2025-07-31 02:25:59,738 INFO  [io.api.tes.ser.api.KafkaSerdesTester] (Thread-171) Sending message {"id": "record-9"} to topic topic-9d948469_09ba_4368_a794_4abddd845289
2025-07-31 02:25:59,739 INFO  [io.api.tes.ser.api.KafkaSerdesTester] (Thread-171) Produced 10 messages
2025-07-31 02:25:59,739 INFO  [org.apa.kaf.cli.pro.KafkaProducer] (Thread-171) [Producer clientId=Producer-topic-9d948469_09ba_4368_a794_4abddd845289] Closing the Kafka producer with timeoutMillis = 9223372036854775807 ms.
2025-07-31 02:25:59,741 INFO  [org.apa.kaf.com.met.Metrics] (Thread-171) Metrics scheduler closed
2025-07-31 02:25:59,741 INFO  [org.apa.kaf.com.met.Metrics] (Thread-171) Closing reporter org.apache.kafka.common.metrics.JmxReporter
2025-07-31 02:25:59,741 INFO  [org.apa.kaf.com.met.Metrics] (Thread-171) Closing reporter org.apache.kafka.common.telemetry.internals.ClientTelemetryReporter
2025-07-31 02:25:59,741 INFO  [org.apa.kaf.com.met.Metrics] (Thread-171) Metrics reporters closed
2025-07-31 02:25:59,743 INFO  [org.apa.kaf.com.uti.AppInfoParser] (Thread-171) App info kafka.producer for Producer-topic-9d948469_09ba_4368_a794_4abddd845289 unregistered
2025-07-31 02:25:59,786 INFO  [io.api.tes.ser.api.AvroSerdeIT] (main) Artifact topic-9d948469_09ba_4368_a794_4abddd845289-value found in registry with globalId 20
2025-07-31 02:25:59,787 INFO  [org.apa.kaf.cli.con.ConsumerConfig] (main) ConsumerConfig values: 
	allow.auto.create.topics = true
	auto.commit.interval.ms = 500
	auto.include.jmx.reporter = true
	auto.offset.reset = earliest
	bootstrap.servers = [PLAINTEXT://localhost:32770]
	check.crcs = true
	client.dns.lookup = use_all_dns_ips
	client.id = consumer-Consumer-topic-9d948469_09ba_4368_a794_4abddd845289-8
	client.rack = 
	connections.max.idle.ms = 10000
	default.api.timeout.ms = 60000
	enable.auto.commit = true
	enable.metrics.push = true
	exclude.internal.topics = true
	fetch.max.bytes = 52428800
	fetch.max.wait.ms = 500
	fetch.min.bytes = 1
	group.id = Consumer-topic-9d948469_09ba_4368_a794_4abddd845289
	group.instance.id = null
	group.protocol = classic
	group.remote.assignor = null
	heartbeat.interval.ms = 3000
	interceptor.classes = []
	internal.leave.group.on.close = true
	internal.throw.on.fetch.stable.offset.unsupported = false
	isolation.level = read_uncommitted
	key.deserializer = class org.apache.kafka.common.serialization.StringDeserializer
	max.partition.fetch.bytes = 1048576
	max.poll.interval.ms = 300000
	max.poll.records = 500
	metadata.max.age.ms = 300000
	metadata.recovery.strategy = none
	metric.reporters = []
	metrics.num.samples = 2
	metrics.recording.level = INFO
	metrics.sample.window.ms = 30000
	partition.assignment.strategy = [class org.apache.kafka.clients.consumer.RangeAssignor, class org.apache.kafka.clients.consumer.CooperativeStickyAssignor]
	receive.buffer.bytes = 65536
	reconnect.backoff.max.ms = 1000
	reconnect.backoff.ms = 50
	request.timeout.ms = 5000
	retry.backoff.max.ms = 1000
	retry.backoff.ms = 100
	sasl.client.callback.handler.class = null
	sasl.jaas.config = null
	sasl.kerberos.kinit.cmd = /usr/bin/kinit
	sasl.kerberos.min.time.before.relogin = 60000
	sasl.kerberos.service.name = null
	sasl.kerberos.ticket.renew.jitter = 0.05
	sasl.kerberos.ticket.renew.window.factor = 0.8
	sasl.login.callback.handler.class = null
	sasl.login.class = null
	sasl.login.connect.timeout.ms = null
	sasl.login.read.timeout.ms = null
	sasl.login.refresh.buffer.seconds = 300
	sasl.login.refresh.min.period.seconds = 60
	sasl.login.refresh.window.factor = 0.8
	sasl.login.refresh.window.jitter = 0.05
	sasl.login.retry.backoff.max.ms = 10000
	sasl.login.retry.backoff.ms = 100
	sasl.mechanism = GSSAPI
	sasl.oauthbearer.clock.skew.seconds = 30
	sasl.oauthbearer.expected.audience = null
	sasl.oauthbearer.expected.issuer = null
	sasl.oauthbearer.header.urlencode = false
	sasl.oauthbearer.jwks.endpoint.refresh.ms = 3600000
	sasl.oauthbearer.jwks.endpoint.retry.backoff.max.ms = 10000
	sasl.oauthbearer.jwks.endpoint.retry.backoff.ms = 100
	sasl.oauthbearer.jwks.endpoint.url = null
	sasl.oauthbearer.scope.claim.name = scope
	sasl.oauthbearer.sub.claim.name = sub
	sasl.oauthbearer.token.endpoint.url = null
	security.protocol = PLAINTEXT
	security.providers = null
	send.buffer.bytes = 131072
	session.timeout.ms = 45000
	socket.connection.setup.timeout.max.ms = 30000
	socket.connection.setup.timeout.ms = 10000
	ssl.cipher.suites = null
	ssl.enabled.protocols = [TLSv1.2, TLSv1.3]
	ssl.endpoint.identification.algorithm = https
	ssl.engine.factory.class = null
	ssl.key.password = null
	ssl.keymanager.algorithm = SunX509
	ssl.keystore.certificate.chain = null
	ssl.keystore.key = null
	ssl.keystore.location = null
	ssl.keystore.password = null
	ssl.keystore.type = JKS
	ssl.protocol = TLSv1.3
	ssl.provider = null
	ssl.secure.random.implementation = null
	ssl.trustmanager.algorithm = PKIX
	ssl.truststore.certificates = null
	ssl.truststore.location = null
	ssl.truststore.password = null
	ssl.truststore.type = JKS
	value.deserializer = class io.apicurio.registry.serde.avro.AvroKafkaDeserializer

2025-07-31 02:25:59,787 INFO  [org.apa.kaf.com.tel.int.KafkaMetricsCollector] (main) initializing Kafka metrics collector
2025-07-31 02:25:59,791 INFO  [org.apa.kaf.cli.con.ConsumerConfig] (main) These configurations '[apicurio.registry.url]' were supplied but are not used yet.
2025-07-31 02:25:59,792 INFO  [org.apa.kaf.com.uti.AppInfoParser] (main) Kafka version: 3.9.0
2025-07-31 02:25:59,792 INFO  [org.apa.kaf.com.uti.AppInfoParser] (main) Kafka commitId: 84caaa6e9da06435
2025-07-31 02:25:59,792 INFO  [org.apa.kaf.com.uti.AppInfoParser] (main) Kafka startTimeMs: 1753928759792
2025-07-31 02:25:59,792 INFO  [org.apa.kaf.cli.con.int.ClassicKafkaConsumer] (Thread-174) [Consumer clientId=consumer-Consumer-topic-9d948469_09ba_4368_a794_4abddd845289-8, groupId=Consumer-topic-9d948469_09ba_4368_a794_4abddd845289] Subscribed to topic(s): topic-9d948469_09ba_4368_a794_4abddd845289
2025-07-31 02:25:59,799 INFO  [org.apa.kaf.cli.Metadata] (Thread-174) [Consumer clientId=consumer-Consumer-topic-9d948469_09ba_4368_a794_4abddd845289-8, groupId=Consumer-topic-9d948469_09ba_4368_a794_4abddd845289] Cluster ID: MA4G_e_SRU2vGr9gzyfJLg
2025-07-31 02:25:59,799 INFO  [org.apa.kaf.cli.con.int.ConsumerCoordinator] (Thread-174) [Consumer clientId=consumer-Consumer-topic-9d948469_09ba_4368_a794_4abddd845289-8, groupId=Consumer-topic-9d948469_09ba_4368_a794_4abddd845289] Discovered group coordinator localhost:32770 (id: 2147483647 rack: null)
2025-07-31 02:25:59,801 INFO  [org.apa.kaf.cli.con.int.ConsumerCoordinator] (Thread-174) [Consumer clientId=consumer-Consumer-topic-9d948469_09ba_4368_a794_4abddd845289-8, groupId=Consumer-topic-9d948469_09ba_4368_a794_4abddd845289] (Re-)joining group
2025-07-31 02:25:59,803 INFO  [org.apa.kaf.cli.con.int.ConsumerCoordinator] (Thread-174) [Consumer clientId=consumer-Consumer-topic-9d948469_09ba_4368_a794_4abddd845289-8, groupId=Consumer-topic-9d948469_09ba_4368_a794_4abddd845289] Request joining group due to: need to re-join with the given member-id: consumer-Consumer-topic-9d948469_09ba_4368_a794_4abddd845289-8-f2b9ef1b-06d8-4d78-aefe-6cbd8c0a86d0
2025-07-31 02:25:59,804 INFO  [org.apa.kaf.cli.con.int.ConsumerCoordinator] (Thread-174) [Consumer clientId=consumer-Consumer-topic-9d948469_09ba_4368_a794_4abddd845289-8, groupId=Consumer-topic-9d948469_09ba_4368_a794_4abddd845289] (Re-)joining group
2025-07-31 02:25:59,805 INFO  [org.apa.kaf.cli.con.int.ConsumerCoordinator] (Thread-174) [Consumer clientId=consumer-Consumer-topic-9d948469_09ba_4368_a794_4abddd845289-8, groupId=Consumer-topic-9d948469_09ba_4368_a794_4abddd845289] Successfully joined group with generation Generation{generationId=1, memberId='consumer-Consumer-topic-9d948469_09ba_4368_a794_4abddd845289-8-f2b9ef1b-06d8-4d78-aefe-6cbd8c0a86d0', protocol='range'}
2025-07-31 02:25:59,806 INFO  [org.apa.kaf.cli.con.int.ConsumerCoordinator] (Thread-174) [Consumer clientId=consumer-Consumer-topic-9d948469_09ba_4368_a794_4abddd845289-8, groupId=Consumer-topic-9d948469_09ba_4368_a794_4abddd845289] Finished assignment for group at generation 1: {consumer-Consumer-topic-9d948469_09ba_4368_a794_4abddd845289-8-f2b9ef1b-06d8-4d78-aefe-6cbd8c0a86d0=Assignment(partitions=[topic-9d948469_09ba_4368_a794_4abddd845289-0])}
2025-07-31 02:25:59,808 INFO  [org.apa.kaf.cli.con.int.ConsumerCoordinator] (Thread-174) [Consumer clientId=consumer-Consumer-topic-9d948469_09ba_4368_a794_4abddd845289-8, groupId=Consumer-topic-9d948469_09ba_4368_a794_4abddd845289] Successfully synced group in generation Generation{generationId=1, memberId='consumer-Consumer-topic-9d948469_09ba_4368_a794_4abddd845289-8-f2b9ef1b-06d8-4d78-aefe-6cbd8c0a86d0', protocol='range'}
2025-07-31 02:25:59,808 INFO  [org.apa.kaf.cli.con.int.ConsumerCoordinator] (Thread-174) [Consumer clientId=consumer-Consumer-topic-9d948469_09ba_4368_a794_4abddd845289-8, groupId=Consumer-topic-9d948469_09ba_4368_a794_4abddd845289] Notifying assignor about the new Assignment(partitions=[topic-9d948469_09ba_4368_a794_4abddd845289-0])
2025-07-31 02:25:59,808 INFO  [org.apa.kaf.cli.con.int.ConsumerRebalanceListenerInvoker] (Thread-174) [Consumer clientId=consumer-Consumer-topic-9d948469_09ba_4368_a794_4abddd845289-8, groupId=Consumer-topic-9d948469_09ba_4368_a794_4abddd845289] Adding newly assigned partitions: topic-9d948469_09ba_4368_a794_4abddd845289-0
2025-07-31 02:25:59,809 INFO  [org.apa.kaf.cli.con.int.ConsumerCoordinator] (Thread-174) [Consumer clientId=consumer-Consumer-topic-9d948469_09ba_4368_a794_4abddd845289-8, groupId=Consumer-topic-9d948469_09ba_4368_a794_4abddd845289] Found no committed offset for partition topic-9d948469_09ba_4368_a794_4abddd845289-0
2025-07-31 02:25:59,818 INFO  [org.apa.kaf.cli.con.int.SubscriptionState] (Thread-174) [Consumer clientId=consumer-Consumer-topic-9d948469_09ba_4368_a794_4abddd845289-8, groupId=Consumer-topic-9d948469_09ba_4368_a794_4abddd845289] Resetting offset for partition topic-9d948469_09ba_4368_a794_4abddd845289-0 to position FetchPosition{offset=0, offsetEpoch=Optional.empty, currentLeader=LeaderAndEpoch{leader=Optional[localhost:32770 (id: 0 rack: null)], epoch=0}}.
2025-07-31 02:26:00,106 INFO  [io.api.tes.ser.api.KafkaSerdesTester] (Thread-174) topic-9d948469_09ba_4368_a794_4abddd845289 0 0 {"id": "record-0"}
2025-07-31 02:26:00,106 INFO  [io.api.tes.ser.api.KafkaSerdesTester] (Thread-174) topic-9d948469_09ba_4368_a794_4abddd845289 0 1 {"value": 1}
2025-07-31 02:26:00,106 INFO  [io.api.tes.ser.api.KafkaSerdesTester] (Thread-174) topic-9d948469_09ba_4368_a794_4abddd845289 0 2 {"active": true}
2025-07-31 02:26:00,106 INFO  [io.api.tes.ser.api.KafkaSerdesTester] (Thread-174) topic-9d948469_09ba_4368_a794_4abddd845289 0 3 {"id": "record-3"}
2025-07-31 02:26:00,107 INFO  [io.api.tes.ser.api.KafkaSerdesTester] (Thread-174) topic-9d948469_09ba_4368_a794_4abddd845289 0 4 {"value": 4}
2025-07-31 02:26:00,107 INFO  [io.api.tes.ser.api.KafkaSerdesTester] (Thread-174) topic-9d948469_09ba_4368_a794_4abddd845289 0 5 {"active": false}
2025-07-31 02:26:00,107 INFO  [io.api.tes.ser.api.KafkaSerdesTester] (Thread-174) topic-9d948469_09ba_4368_a794_4abddd845289 0 6 {"id": "record-6"}
2025-07-31 02:26:00,107 INFO  [io.api.tes.ser.api.KafkaSerdesTester] (Thread-174) topic-9d948469_09ba_4368_a794_4abddd845289 0 7 {"value": 7}
2025-07-31 02:26:00,107 INFO  [io.api.tes.ser.api.KafkaSerdesTester] (Thread-174) topic-9d948469_09ba_4368_a794_4abddd845289 0 8 {"active": true}
2025-07-31 02:26:00,107 INFO  [io.api.tes.ser.api.KafkaSerdesTester] (Thread-174) topic-9d948469_09ba_4368_a794_4abddd845289 0 9 {"id": "record-9"}
2025-07-31 02:26:00,107 INFO  [io.api.tes.ser.api.KafkaSerdesTester] (Thread-174) Consumed 10 messages
2025-07-31 02:26:00,113 INFO  [org.apa.kaf.cli.con.int.ConsumerRebalanceListenerInvoker] (Thread-174) [Consumer clientId=consumer-Consumer-topic-9d948469_09ba_4368_a794_4abddd845289-8, groupId=Consumer-topic-9d948469_09ba_4368_a794_4abddd845289] Revoke previously assigned partitions topic-9d948469_09ba_4368_a794_4abddd845289-0
2025-07-31 02:26:00,113 INFO  [org.apa.kaf.cli.con.int.ConsumerCoordinator] (Thread-174) [Consumer clientId=consumer-Consumer-topic-9d948469_09ba_4368_a794_4abddd845289-8, groupId=Consumer-topic-9d948469_09ba_4368_a794_4abddd845289] Member consumer-Consumer-topic-9d948469_09ba_4368_a794_4abddd845289-8-f2b9ef1b-06d8-4d78-aefe-6cbd8c0a86d0 sending LeaveGroup request to coordinator localhost:32770 (id: 2147483647 rack: null) due to the consumer is being closed
2025-07-31 02:26:00,113 INFO  [org.apa.kaf.cli.con.int.ConsumerCoordinator] (Thread-174) [Consumer clientId=consumer-Consumer-topic-9d948469_09ba_4368_a794_4abddd845289-8, groupId=Consumer-topic-9d948469_09ba_4368_a794_4abddd845289] Resetting generation and member id due to: consumer pro-actively leaving the group
2025-07-31 02:26:00,113 INFO  [org.apa.kaf.cli.con.int.ConsumerCoordinator] (Thread-174) [Consumer clientId=consumer-Consumer-topic-9d948469_09ba_4368_a794_4abddd845289-8, groupId=Consumer-topic-9d948469_09ba_4368_a794_4abddd845289] Request joining group due to: consumer pro-actively leaving the group
2025-07-31 02:26:00,610 INFO  [org.apa.kaf.com.met.Metrics] (Thread-174) Metrics scheduler closed
2025-07-31 02:26:00,610 INFO  [org.apa.kaf.com.met.Metrics] (Thread-174) Closing reporter org.apache.kafka.common.metrics.JmxReporter
2025-07-31 02:26:00,610 INFO  [org.apa.kaf.com.met.Metrics] (Thread-174) Closing reporter org.apache.kafka.common.telemetry.internals.ClientTelemetryReporter
2025-07-31 02:26:00,610 INFO  [org.apa.kaf.com.met.Metrics] (Thread-174) Metrics reporters closed
2025-07-31 02:26:00,612 INFO  [org.apa.kaf.com.uti.AppInfoParser] (Thread-174) App info kafka.consumer for consumer-Consumer-topic-9d948469_09ba_4368_a794_4abddd845289-8 unregistered
2025-07-31 02:26:00,613 INFO  [io.api.tes.uti.TestSeparator] (main) io.apicurio.tests.serdes.apicurio.AvroSerdeIT.testAvroUnionWithSpecificReader-FINISHED
2025-07-31 02:26:00,613 INFO  [io.api.tes.uti.TestSeparator] (main) ############################################################################
]]></system-out>
  </testcase>
  <testcase name="testEvolveAvroApicurioReusingClient" classname="io.apicurio.tests.serdes.apicurio.AvroSerdeIT" time="4.556">
    <system-out><![CDATA[2025-07-31 02:26:00,614 INFO  [io.api.tes.uti.TestSeparator] (main) ############################################################################
2025-07-31 02:26:00,614 INFO  [io.api.tes.uti.TestSeparator] (main) io.apicurio.tests.serdes.apicurio.AvroSerdeIT.testEvolveAvroApicurioReusingClient-STARTED
2025-07-31 02:26:00,615 INFO  [io.api.tes.ser.api.AvroSerdeIT] (main) Registering Avro Schema: {"type":"record","name":"s58bd7f23x14f0x4c30xb7dfxf22662e0db95","namespace":"ns_e5a4d0a6_a52d_4dd3_9f4d_5577d9cd444c","fields":[{"name":"key11753928760615","type":"string"}]}
2025-07-31 02:26:01,743 INFO  [org.apa.kaf.cli.pro.ProducerConfig] (main) ProducerConfig values: 
	acks = -1
	auto.include.jmx.reporter = true
	batch.size = 16384
	bootstrap.servers = [PLAINTEXT://localhost:32770]
	buffer.memory = 33554432
	client.dns.lookup = use_all_dns_ips
	client.id = Producer-topic-9aa1c87e_45fc_4638_8cbe_54b953bef1d6
	compression.gzip.level = -1
	compression.lz4.level = 9
	compression.type = none
	compression.zstd.level = 3
	connections.max.idle.ms = 10000
	delivery.timeout.ms = 120000
	enable.idempotence = true
	enable.metrics.push = true
	interceptor.classes = []
	key.serializer = class org.apache.kafka.common.serialization.StringSerializer
	linger.ms = 0
	max.block.ms = 60000
	max.in.flight.requests.per.connection = 5
	max.request.size = 1048576
	metadata.max.age.ms = 300000
	metadata.max.idle.ms = 300000
	metadata.recovery.strategy = none
	metric.reporters = []
	metrics.num.samples = 2
	metrics.recording.level = INFO
	metrics.sample.window.ms = 30000
	partitioner.adaptive.partitioning.enable = true
	partitioner.availability.timeout.ms = 0
	partitioner.class = null
	partitioner.ignore.keys = false
	receive.buffer.bytes = 32768
	reconnect.backoff.max.ms = 1000
	reconnect.backoff.ms = 50
	request.timeout.ms = 5000
	retries = 2147483647
	retry.backoff.max.ms = 1000
	retry.backoff.ms = 100
	sasl.client.callback.handler.class = null
	sasl.jaas.config = null
	sasl.kerberos.kinit.cmd = /usr/bin/kinit
	sasl.kerberos.min.time.before.relogin = 60000
	sasl.kerberos.service.name = null
	sasl.kerberos.ticket.renew.jitter = 0.05
	sasl.kerberos.ticket.renew.window.factor = 0.8
	sasl.login.callback.handler.class = null
	sasl.login.class = null
	sasl.login.connect.timeout.ms = null
	sasl.login.read.timeout.ms = null
	sasl.login.refresh.buffer.seconds = 300
	sasl.login.refresh.min.period.seconds = 60
	sasl.login.refresh.window.factor = 0.8
	sasl.login.refresh.window.jitter = 0.05
	sasl.login.retry.backoff.max.ms = 10000
	sasl.login.retry.backoff.ms = 100
	sasl.mechanism = GSSAPI
	sasl.oauthbearer.clock.skew.seconds = 30
	sasl.oauthbearer.expected.audience = null
	sasl.oauthbearer.expected.issuer = null
	sasl.oauthbearer.header.urlencode = false
	sasl.oauthbearer.jwks.endpoint.refresh.ms = 3600000
	sasl.oauthbearer.jwks.endpoint.retry.backoff.max.ms = 10000
	sasl.oauthbearer.jwks.endpoint.retry.backoff.ms = 100
	sasl.oauthbearer.jwks.endpoint.url = null
	sasl.oauthbearer.scope.claim.name = scope
	sasl.oauthbearer.sub.claim.name = sub
	sasl.oauthbearer.token.endpoint.url = null
	security.protocol = PLAINTEXT
	security.providers = null
	send.buffer.bytes = 131072
	socket.connection.setup.timeout.max.ms = 30000
	socket.connection.setup.timeout.ms = 10000
	ssl.cipher.suites = null
	ssl.enabled.protocols = [TLSv1.2, TLSv1.3]
	ssl.endpoint.identification.algorithm = https
	ssl.engine.factory.class = null
	ssl.key.password = null
	ssl.keymanager.algorithm = SunX509
	ssl.keystore.certificate.chain = null
	ssl.keystore.key = null
	ssl.keystore.location = null
	ssl.keystore.password = null
	ssl.keystore.type = JKS
	ssl.protocol = TLSv1.3
	ssl.provider = null
	ssl.secure.random.implementation = null
	ssl.trustmanager.algorithm = PKIX
	ssl.truststore.certificates = null
	ssl.truststore.location = null
	ssl.truststore.password = null
	ssl.truststore.type = JKS
	transaction.timeout.ms = 60000
	transactional.id = null
	value.serializer = class io.apicurio.registry.serde.avro.AvroKafkaSerializer

2025-07-31 02:26:01,743 INFO  [org.apa.kaf.com.tel.int.KafkaMetricsCollector] (main) initializing Kafka metrics collector
2025-07-31 02:26:01,747 INFO  [org.apa.kaf.cli.pro.KafkaProducer] (main) [Producer clientId=Producer-topic-9aa1c87e_45fc_4638_8cbe_54b953bef1d6] Instantiated an idempotent producer.
2025-07-31 02:26:01,748 INFO  [org.apa.kaf.cli.pro.ProducerConfig] (main) These configurations '[apicurio.registry.url, apicurio.registry.artifact-resolver-strategy]' were supplied but are not used yet.
2025-07-31 02:26:01,749 INFO  [org.apa.kaf.com.uti.AppInfoParser] (main) Kafka version: 3.9.0
2025-07-31 02:26:01,749 INFO  [org.apa.kaf.com.uti.AppInfoParser] (main) Kafka commitId: 84caaa6e9da06435
2025-07-31 02:26:01,749 INFO  [org.apa.kaf.com.uti.AppInfoParser] (main) Kafka startTimeMs: 1753928761749
2025-07-31 02:26:01,749 INFO  [org.apa.kaf.cli.con.ConsumerConfig] (main) ConsumerConfig values: 
	allow.auto.create.topics = true
	auto.commit.interval.ms = 500
	auto.include.jmx.reporter = true
	auto.offset.reset = earliest
	bootstrap.servers = [PLAINTEXT://localhost:32770]
	check.crcs = true
	client.dns.lookup = use_all_dns_ips
	client.id = consumer-Consumer-topic-9aa1c87e_45fc_4638_8cbe_54b953bef1d6-9
	client.rack = 
	connections.max.idle.ms = 10000
	default.api.timeout.ms = 60000
	enable.auto.commit = true
	enable.metrics.push = true
	exclude.internal.topics = true
	fetch.max.bytes = 52428800
	fetch.max.wait.ms = 500
	fetch.min.bytes = 1
	group.id = Consumer-topic-9aa1c87e_45fc_4638_8cbe_54b953bef1d6
	group.instance.id = null
	group.protocol = classic
	group.remote.assignor = null
	heartbeat.interval.ms = 3000
	interceptor.classes = []
	internal.leave.group.on.close = true
	internal.throw.on.fetch.stable.offset.unsupported = false
	isolation.level = read_uncommitted
	key.deserializer = class org.apache.kafka.common.serialization.StringDeserializer
	max.partition.fetch.bytes = 1048576
	max.poll.interval.ms = 300000
	max.poll.records = 500
	metadata.max.age.ms = 300000
	metadata.recovery.strategy = none
	metric.reporters = []
	metrics.num.samples = 2
	metrics.recording.level = INFO
	metrics.sample.window.ms = 30000
	partition.assignment.strategy = [class org.apache.kafka.clients.consumer.RangeAssignor, class org.apache.kafka.clients.consumer.CooperativeStickyAssignor]
	receive.buffer.bytes = 65536
	reconnect.backoff.max.ms = 1000
	reconnect.backoff.ms = 50
	request.timeout.ms = 5000
	retry.backoff.max.ms = 1000
	retry.backoff.ms = 100
	sasl.client.callback.handler.class = null
	sasl.jaas.config = null
	sasl.kerberos.kinit.cmd = /usr/bin/kinit
	sasl.kerberos.min.time.before.relogin = 60000
	sasl.kerberos.service.name = null
	sasl.kerberos.ticket.renew.jitter = 0.05
	sasl.kerberos.ticket.renew.window.factor = 0.8
	sasl.login.callback.handler.class = null
	sasl.login.class = null
	sasl.login.connect.timeout.ms = null
	sasl.login.read.timeout.ms = null
	sasl.login.refresh.buffer.seconds = 300
	sasl.login.refresh.min.period.seconds = 60
	sasl.login.refresh.window.factor = 0.8
	sasl.login.refresh.window.jitter = 0.05
	sasl.login.retry.backoff.max.ms = 10000
	sasl.login.retry.backoff.ms = 100
	sasl.mechanism = GSSAPI
	sasl.oauthbearer.clock.skew.seconds = 30
	sasl.oauthbearer.expected.audience = null
	sasl.oauthbearer.expected.issuer = null
	sasl.oauthbearer.header.urlencode = false
	sasl.oauthbearer.jwks.endpoint.refresh.ms = 3600000
	sasl.oauthbearer.jwks.endpoint.retry.backoff.max.ms = 10000
	sasl.oauthbearer.jwks.endpoint.retry.backoff.ms = 100
	sasl.oauthbearer.jwks.endpoint.url = null
	sasl.oauthbearer.scope.claim.name = scope
	sasl.oauthbearer.sub.claim.name = sub
	sasl.oauthbearer.token.endpoint.url = null
	security.protocol = PLAINTEXT
	security.providers = null
	send.buffer.bytes = 131072
	session.timeout.ms = 45000
	socket.connection.setup.timeout.max.ms = 30000
	socket.connection.setup.timeout.ms = 10000
	ssl.cipher.suites = null
	ssl.enabled.protocols = [TLSv1.2, TLSv1.3]
	ssl.endpoint.identification.algorithm = https
	ssl.engine.factory.class = null
	ssl.key.password = null
	ssl.keymanager.algorithm = SunX509
	ssl.keystore.certificate.chain = null
	ssl.keystore.key = null
	ssl.keystore.location = null
	ssl.keystore.password = null
	ssl.keystore.type = JKS
	ssl.protocol = TLSv1.3
	ssl.provider = null
	ssl.secure.random.implementation = null
	ssl.trustmanager.algorithm = PKIX
	ssl.truststore.certificates = null
	ssl.truststore.location = null
	ssl.truststore.password = null
	ssl.truststore.type = JKS
	value.deserializer = class io.apicurio.registry.serde.avro.AvroKafkaDeserializer

2025-07-31 02:26:01,749 INFO  [org.apa.kaf.com.tel.int.KafkaMetricsCollector] (main) initializing Kafka metrics collector
2025-07-31 02:26:01,755 INFO  [org.apa.kaf.cli.Metadata] (kafka-producer-network-thread | Producer-topic-9aa1c87e_45fc_4638_8cbe_54b953bef1d6) [Producer clientId=Producer-topic-9aa1c87e_45fc_4638_8cbe_54b953bef1d6] Cluster ID: MA4G_e_SRU2vGr9gzyfJLg
2025-07-31 02:26:01,755 INFO  [org.apa.kaf.cli.pro.int.TransactionManager] (kafka-producer-network-thread | Producer-topic-9aa1c87e_45fc_4638_8cbe_54b953bef1d6) [Producer clientId=Producer-topic-9aa1c87e_45fc_4638_8cbe_54b953bef1d6] ProducerId set to 11 with epoch 0
2025-07-31 02:26:01,758 INFO  [org.apa.kaf.cli.con.ConsumerConfig] (main) These configurations '[apicurio.registry.url]' were supplied but are not used yet.
2025-07-31 02:26:01,758 INFO  [org.apa.kaf.com.uti.AppInfoParser] (main) Kafka version: 3.9.0
2025-07-31 02:26:01,758 INFO  [org.apa.kaf.com.uti.AppInfoParser] (main) Kafka commitId: 84caaa6e9da06435
2025-07-31 02:26:01,758 INFO  [org.apa.kaf.com.uti.AppInfoParser] (main) Kafka startTimeMs: 1753928761758
2025-07-31 02:26:01,760 INFO  [io.api.tes.ser.api.KafkaSerdesTester] (Thread-179) Sending message {"key11753928760615": "value-0"} to topic topic-9aa1c87e_45fc_4638_8cbe_54b953bef1d6
2025-07-31 02:26:01,765 INFO  [DefaultSchemaResolver] (Thread-179) Retrieving schema content using string: {"type":"record","name":"s58bd7f23x14f0x4c30xb7dfxf22662e0db95","namespace":"ns_e5a4d0a6_a52d_4dd3_9f4d_5577d9cd444c","fields":[{"name":"key11753928760615","type":"string"}]}
2025-07-31 02:26:01,851 INFO  [io.api.tes.ser.api.KafkaSerdesTester] (Thread-179) Sending message {"key11753928760615": "value-1"} to topic topic-9aa1c87e_45fc_4638_8cbe_54b953bef1d6
2025-07-31 02:26:01,853 INFO  [io.api.tes.ser.api.KafkaSerdesTester] (Thread-179) Sending message {"key11753928760615": "value-2"} to topic topic-9aa1c87e_45fc_4638_8cbe_54b953bef1d6
2025-07-31 02:26:01,855 INFO  [io.api.tes.ser.api.KafkaSerdesTester] (Thread-179) Sending message {"key11753928760615": "value-3"} to topic topic-9aa1c87e_45fc_4638_8cbe_54b953bef1d6
2025-07-31 02:26:01,858 INFO  [io.api.tes.ser.api.KafkaSerdesTester] (Thread-179) Sending message {"key11753928760615": "value-4"} to topic topic-9aa1c87e_45fc_4638_8cbe_54b953bef1d6
2025-07-31 02:26:01,861 INFO  [io.api.tes.ser.api.KafkaSerdesTester] (Thread-179) Sending message {"key11753928760615": "value-5"} to topic topic-9aa1c87e_45fc_4638_8cbe_54b953bef1d6
2025-07-31 02:26:01,864 INFO  [io.api.tes.ser.api.KafkaSerdesTester] (Thread-179) Sending message {"key11753928760615": "value-6"} to topic topic-9aa1c87e_45fc_4638_8cbe_54b953bef1d6
2025-07-31 02:26:01,867 INFO  [io.api.tes.ser.api.KafkaSerdesTester] (Thread-179) Sending message {"key11753928760615": "value-7"} to topic topic-9aa1c87e_45fc_4638_8cbe_54b953bef1d6
2025-07-31 02:26:01,871 INFO  [io.api.tes.ser.api.KafkaSerdesTester] (Thread-179) Sending message {"key11753928760615": "value-8"} to topic topic-9aa1c87e_45fc_4638_8cbe_54b953bef1d6
2025-07-31 02:26:01,876 INFO  [io.api.tes.ser.api.KafkaSerdesTester] (Thread-179) Sending message {"key11753928760615": "value-9"} to topic topic-9aa1c87e_45fc_4638_8cbe_54b953bef1d6
2025-07-31 02:26:01,879 INFO  [io.api.tes.ser.api.KafkaSerdesTester] (Thread-179) Produced 10 messages
2025-07-31 02:26:01,880 INFO  [org.apa.kaf.cli.con.int.ClassicKafkaConsumer] (Thread-180) [Consumer clientId=consumer-Consumer-topic-9aa1c87e_45fc_4638_8cbe_54b953bef1d6-9, groupId=Consumer-topic-9aa1c87e_45fc_4638_8cbe_54b953bef1d6] Subscribed to topic(s): topic-9aa1c87e_45fc_4638_8cbe_54b953bef1d6
2025-07-31 02:26:01,885 INFO  [org.apa.kaf.cli.Metadata] (Thread-180) [Consumer clientId=consumer-Consumer-topic-9aa1c87e_45fc_4638_8cbe_54b953bef1d6-9, groupId=Consumer-topic-9aa1c87e_45fc_4638_8cbe_54b953bef1d6] Cluster ID: MA4G_e_SRU2vGr9gzyfJLg
2025-07-31 02:26:01,886 INFO  [org.apa.kaf.cli.con.int.ConsumerCoordinator] (Thread-180) [Consumer clientId=consumer-Consumer-topic-9aa1c87e_45fc_4638_8cbe_54b953bef1d6-9, groupId=Consumer-topic-9aa1c87e_45fc_4638_8cbe_54b953bef1d6] Discovered group coordinator localhost:32770 (id: 2147483647 rack: null)
2025-07-31 02:26:01,887 INFO  [org.apa.kaf.cli.con.int.ConsumerCoordinator] (Thread-180) [Consumer clientId=consumer-Consumer-topic-9aa1c87e_45fc_4638_8cbe_54b953bef1d6-9, groupId=Consumer-topic-9aa1c87e_45fc_4638_8cbe_54b953bef1d6] (Re-)joining group
2025-07-31 02:26:01,891 INFO  [org.apa.kaf.cli.con.int.ConsumerCoordinator] (Thread-180) [Consumer clientId=consumer-Consumer-topic-9aa1c87e_45fc_4638_8cbe_54b953bef1d6-9, groupId=Consumer-topic-9aa1c87e_45fc_4638_8cbe_54b953bef1d6] Request joining group due to: need to re-join with the given member-id: consumer-Consumer-topic-9aa1c87e_45fc_4638_8cbe_54b953bef1d6-9-e0d827dc-7dbf-4c33-8b04-ecd63b25676d
2025-07-31 02:26:01,891 INFO  [org.apa.kaf.cli.con.int.ConsumerCoordinator] (Thread-180) [Consumer clientId=consumer-Consumer-topic-9aa1c87e_45fc_4638_8cbe_54b953bef1d6-9, groupId=Consumer-topic-9aa1c87e_45fc_4638_8cbe_54b953bef1d6] (Re-)joining group
2025-07-31 02:26:01,897 INFO  [org.apa.kaf.cli.con.int.ConsumerCoordinator] (Thread-180) [Consumer clientId=consumer-Consumer-topic-9aa1c87e_45fc_4638_8cbe_54b953bef1d6-9, groupId=Consumer-topic-9aa1c87e_45fc_4638_8cbe_54b953bef1d6] Successfully joined group with generation Generation{generationId=1, memberId='consumer-Consumer-topic-9aa1c87e_45fc_4638_8cbe_54b953bef1d6-9-e0d827dc-7dbf-4c33-8b04-ecd63b25676d', protocol='range'}
2025-07-31 02:26:01,897 INFO  [org.apa.kaf.cli.con.int.ConsumerCoordinator] (Thread-180) [Consumer clientId=consumer-Consumer-topic-9aa1c87e_45fc_4638_8cbe_54b953bef1d6-9, groupId=Consumer-topic-9aa1c87e_45fc_4638_8cbe_54b953bef1d6] Finished assignment for group at generation 1: {consumer-Consumer-topic-9aa1c87e_45fc_4638_8cbe_54b953bef1d6-9-e0d827dc-7dbf-4c33-8b04-ecd63b25676d=Assignment(partitions=[topic-9aa1c87e_45fc_4638_8cbe_54b953bef1d6-0])}
2025-07-31 02:26:01,901 INFO  [org.apa.kaf.cli.con.int.ConsumerCoordinator] (Thread-180) [Consumer clientId=consumer-Consumer-topic-9aa1c87e_45fc_4638_8cbe_54b953bef1d6-9, groupId=Consumer-topic-9aa1c87e_45fc_4638_8cbe_54b953bef1d6] Successfully synced group in generation Generation{generationId=1, memberId='consumer-Consumer-topic-9aa1c87e_45fc_4638_8cbe_54b953bef1d6-9-e0d827dc-7dbf-4c33-8b04-ecd63b25676d', protocol='range'}
2025-07-31 02:26:01,901 INFO  [org.apa.kaf.cli.con.int.ConsumerCoordinator] (Thread-180) [Consumer clientId=consumer-Consumer-topic-9aa1c87e_45fc_4638_8cbe_54b953bef1d6-9, groupId=Consumer-topic-9aa1c87e_45fc_4638_8cbe_54b953bef1d6] Notifying assignor about the new Assignment(partitions=[topic-9aa1c87e_45fc_4638_8cbe_54b953bef1d6-0])
2025-07-31 02:26:01,901 INFO  [org.apa.kaf.cli.con.int.ConsumerRebalanceListenerInvoker] (Thread-180) [Consumer clientId=consumer-Consumer-topic-9aa1c87e_45fc_4638_8cbe_54b953bef1d6-9, groupId=Consumer-topic-9aa1c87e_45fc_4638_8cbe_54b953bef1d6] Adding newly assigned partitions: topic-9aa1c87e_45fc_4638_8cbe_54b953bef1d6-0
2025-07-31 02:26:01,903 INFO  [org.apa.kaf.cli.con.int.ConsumerCoordinator] (Thread-180) [Consumer clientId=consumer-Consumer-topic-9aa1c87e_45fc_4638_8cbe_54b953bef1d6-9, groupId=Consumer-topic-9aa1c87e_45fc_4638_8cbe_54b953bef1d6] Found no committed offset for partition topic-9aa1c87e_45fc_4638_8cbe_54b953bef1d6-0
2025-07-31 02:26:01,907 INFO  [org.apa.kaf.cli.con.int.SubscriptionState] (Thread-180) [Consumer clientId=consumer-Consumer-topic-9aa1c87e_45fc_4638_8cbe_54b953bef1d6-9, groupId=Consumer-topic-9aa1c87e_45fc_4638_8cbe_54b953bef1d6] Resetting offset for partition topic-9aa1c87e_45fc_4638_8cbe_54b953bef1d6-0 to position FetchPosition{offset=0, offsetEpoch=Optional.empty, currentLeader=LeaderAndEpoch{leader=Optional[localhost:32770 (id: 0 rack: null)], epoch=0}}.
2025-07-31 02:26:02,031 INFO  [io.api.tes.ser.api.KafkaSerdesTester] (Thread-180) topic-9aa1c87e_45fc_4638_8cbe_54b953bef1d6 0 0 {"key11753928760615": "value-0"}
2025-07-31 02:26:02,031 INFO  [io.api.tes.ser.api.KafkaSerdesTester] (Thread-180) topic-9aa1c87e_45fc_4638_8cbe_54b953bef1d6 0 1 {"key11753928760615": "value-1"}
2025-07-31 02:26:02,031 INFO  [io.api.tes.ser.api.KafkaSerdesTester] (Thread-180) topic-9aa1c87e_45fc_4638_8cbe_54b953bef1d6 0 2 {"key11753928760615": "value-2"}
2025-07-31 02:26:02,031 INFO  [io.api.tes.ser.api.KafkaSerdesTester] (Thread-180) topic-9aa1c87e_45fc_4638_8cbe_54b953bef1d6 0 3 {"key11753928760615": "value-3"}
2025-07-31 02:26:02,031 INFO  [io.api.tes.ser.api.KafkaSerdesTester] (Thread-180) topic-9aa1c87e_45fc_4638_8cbe_54b953bef1d6 0 4 {"key11753928760615": "value-4"}
2025-07-31 02:26:02,031 INFO  [io.api.tes.ser.api.KafkaSerdesTester] (Thread-180) topic-9aa1c87e_45fc_4638_8cbe_54b953bef1d6 0 5 {"key11753928760615": "value-5"}
2025-07-31 02:26:02,031 INFO  [io.api.tes.ser.api.KafkaSerdesTester] (Thread-180) topic-9aa1c87e_45fc_4638_8cbe_54b953bef1d6 0 6 {"key11753928760615": "value-6"}
2025-07-31 02:26:02,031 INFO  [io.api.tes.ser.api.KafkaSerdesTester] (Thread-180) topic-9aa1c87e_45fc_4638_8cbe_54b953bef1d6 0 7 {"key11753928760615": "value-7"}
2025-07-31 02:26:02,031 INFO  [io.api.tes.ser.api.KafkaSerdesTester] (Thread-180) topic-9aa1c87e_45fc_4638_8cbe_54b953bef1d6 0 8 {"key11753928760615": "value-8"}
2025-07-31 02:26:02,031 INFO  [io.api.tes.ser.api.KafkaSerdesTester] (Thread-180) topic-9aa1c87e_45fc_4638_8cbe_54b953bef1d6 0 9 {"key11753928760615": "value-9"}
2025-07-31 02:26:02,031 INFO  [io.api.tes.ser.api.KafkaSerdesTester] (Thread-180) Consumed 10 messages
2025-07-31 02:26:02,032 INFO  [io.api.tes.ser.api.AvroSerdeIT] (main) Registering Avro Schema 2: {"type":"record","name":"s58bd7f23x14f0x4c30xb7dfxf22662e0db95","namespace":"ns_e5a4d0a6_a52d_4dd3_9f4d_5577d9cd444c","fields":[{"name":"key11753928760615","type":"string"},{"name":"key21753928762032","type":"string"}]}
2025-07-31 02:26:03,168 INFO  [io.api.tes.ser.api.KafkaSerdesTester] (Thread-181) Sending message {"key11753928760615": "value-0", "key21753928762032": "value-0"} to topic topic-9aa1c87e_45fc_4638_8cbe_54b953bef1d6
2025-07-31 02:26:03,168 INFO  [DefaultSchemaResolver] (Thread-181) Retrieving schema content using string: {"type":"record","name":"s58bd7f23x14f0x4c30xb7dfxf22662e0db95","namespace":"ns_e5a4d0a6_a52d_4dd3_9f4d_5577d9cd444c","fields":[{"name":"key11753928760615","type":"string"},{"name":"key21753928762032","type":"string"}]}
2025-07-31 02:26:03,219 INFO  [io.api.tes.ser.api.KafkaSerdesTester] (Thread-181) Sending message {"key11753928760615": "value-1", "key21753928762032": "value-1"} to topic topic-9aa1c87e_45fc_4638_8cbe_54b953bef1d6
2025-07-31 02:26:03,221 INFO  [io.api.tes.ser.api.KafkaSerdesTester] (Thread-181) Sending message {"key11753928760615": "value-2", "key21753928762032": "value-2"} to topic topic-9aa1c87e_45fc_4638_8cbe_54b953bef1d6
2025-07-31 02:26:03,223 INFO  [io.api.tes.ser.api.KafkaSerdesTester] (Thread-181) Sending message {"key11753928760615": "value-3", "key21753928762032": "value-3"} to topic topic-9aa1c87e_45fc_4638_8cbe_54b953bef1d6
2025-07-31 02:26:03,225 INFO  [io.api.tes.ser.api.KafkaSerdesTester] (Thread-181) Sending message {"key11753928760615": "value-4", "key21753928762032": "value-4"} to topic topic-9aa1c87e_45fc_4638_8cbe_54b953bef1d6
2025-07-31 02:26:03,232 INFO  [io.api.tes.ser.api.KafkaSerdesTester] (Thread-181) Sending message {"key11753928760615": "value-5", "key21753928762032": "value-5"} to topic topic-9aa1c87e_45fc_4638_8cbe_54b953bef1d6
2025-07-31 02:26:03,235 INFO  [io.api.tes.ser.api.KafkaSerdesTester] (Thread-181) Sending message {"key11753928760615": "value-6", "key21753928762032": "value-6"} to topic topic-9aa1c87e_45fc_4638_8cbe_54b953bef1d6
2025-07-31 02:26:03,240 INFO  [io.api.tes.ser.api.KafkaSerdesTester] (Thread-181) Sending message {"key11753928760615": "value-7", "key21753928762032": "value-7"} to topic topic-9aa1c87e_45fc_4638_8cbe_54b953bef1d6
2025-07-31 02:26:03,242 INFO  [io.api.tes.ser.api.KafkaSerdesTester] (Thread-181) Sending message {"key11753928760615": "value-8", "key21753928762032": "value-8"} to topic topic-9aa1c87e_45fc_4638_8cbe_54b953bef1d6
2025-07-31 02:26:03,246 INFO  [io.api.tes.ser.api.KafkaSerdesTester] (Thread-181) Sending message {"key11753928760615": "value-9", "key21753928762032": "value-9"} to topic topic-9aa1c87e_45fc_4638_8cbe_54b953bef1d6
2025-07-31 02:26:03,250 INFO  [io.api.tes.ser.api.KafkaSerdesTester] (Thread-181) Produced 10 messages
2025-07-31 02:26:03,250 INFO  [io.api.tes.ser.api.KafkaSerdesTester] (Thread-182) Sending message {"key11753928760615": "value-0"} to topic topic-9aa1c87e_45fc_4638_8cbe_54b953bef1d6
2025-07-31 02:26:03,253 INFO  [io.api.tes.ser.api.KafkaSerdesTester] (Thread-182) Sending message {"key11753928760615": "value-1"} to topic topic-9aa1c87e_45fc_4638_8cbe_54b953bef1d6
2025-07-31 02:26:03,257 INFO  [io.api.tes.ser.api.KafkaSerdesTester] (Thread-182) Sending message {"key11753928760615": "value-2"} to topic topic-9aa1c87e_45fc_4638_8cbe_54b953bef1d6
2025-07-31 02:26:03,259 INFO  [io.api.tes.ser.api.KafkaSerdesTester] (Thread-182) Sending message {"key11753928760615": "value-3"} to topic topic-9aa1c87e_45fc_4638_8cbe_54b953bef1d6
2025-07-31 02:26:03,261 INFO  [io.api.tes.ser.api.KafkaSerdesTester] (Thread-182) Sending message {"key11753928760615": "value-4"} to topic topic-9aa1c87e_45fc_4638_8cbe_54b953bef1d6
2025-07-31 02:26:03,267 INFO  [io.api.tes.ser.api.KafkaSerdesTester] (Thread-182) Sending message {"key11753928760615": "value-5"} to topic topic-9aa1c87e_45fc_4638_8cbe_54b953bef1d6
2025-07-31 02:26:03,271 INFO  [io.api.tes.ser.api.KafkaSerdesTester] (Thread-182) Sending message {"key11753928760615": "value-6"} to topic topic-9aa1c87e_45fc_4638_8cbe_54b953bef1d6
2025-07-31 02:26:03,275 INFO  [io.api.tes.ser.api.KafkaSerdesTester] (Thread-182) Sending message {"key11753928760615": "value-7"} to topic topic-9aa1c87e_45fc_4638_8cbe_54b953bef1d6
2025-07-31 02:26:03,277 INFO  [io.api.tes.ser.api.KafkaSerdesTester] (Thread-182) Sending message {"key11753928760615": "value-8"} to topic topic-9aa1c87e_45fc_4638_8cbe_54b953bef1d6
2025-07-31 02:26:03,279 INFO  [io.api.tes.ser.api.KafkaSerdesTester] (Thread-182) Sending message {"key11753928760615": "value-9"} to topic topic-9aa1c87e_45fc_4638_8cbe_54b953bef1d6
2025-07-31 02:26:03,280 INFO  [io.api.tes.ser.api.KafkaSerdesTester] (Thread-182) Produced 10 messages
2025-07-31 02:26:03,282 INFO  [org.apa.kaf.cli.con.int.ClassicKafkaConsumer] (Thread-183) [Consumer clientId=consumer-Consumer-topic-9aa1c87e_45fc_4638_8cbe_54b953bef1d6-9, groupId=Consumer-topic-9aa1c87e_45fc_4638_8cbe_54b953bef1d6] Subscribed to topic(s): topic-9aa1c87e_45fc_4638_8cbe_54b953bef1d6
2025-07-31 02:26:03,366 INFO  [io.api.tes.ser.api.KafkaSerdesTester] (Thread-183) topic-9aa1c87e_45fc_4638_8cbe_54b953bef1d6 0 10 {"key11753928760615": "value-0", "key21753928762032": "value-0"}
2025-07-31 02:26:03,366 INFO  [io.api.tes.ser.api.KafkaSerdesTester] (Thread-183) topic-9aa1c87e_45fc_4638_8cbe_54b953bef1d6 0 11 {"key11753928760615": "value-1", "key21753928762032": "value-1"}
2025-07-31 02:26:03,366 INFO  [io.api.tes.ser.api.KafkaSerdesTester] (Thread-183) topic-9aa1c87e_45fc_4638_8cbe_54b953bef1d6 0 12 {"key11753928760615": "value-2", "key21753928762032": "value-2"}
2025-07-31 02:26:03,366 INFO  [io.api.tes.ser.api.KafkaSerdesTester] (Thread-183) topic-9aa1c87e_45fc_4638_8cbe_54b953bef1d6 0 13 {"key11753928760615": "value-3", "key21753928762032": "value-3"}
2025-07-31 02:26:03,366 INFO  [io.api.tes.ser.api.KafkaSerdesTester] (Thread-183) topic-9aa1c87e_45fc_4638_8cbe_54b953bef1d6 0 14 {"key11753928760615": "value-4", "key21753928762032": "value-4"}
2025-07-31 02:26:03,366 INFO  [io.api.tes.ser.api.KafkaSerdesTester] (Thread-183) topic-9aa1c87e_45fc_4638_8cbe_54b953bef1d6 0 15 {"key11753928760615": "value-5", "key21753928762032": "value-5"}
2025-07-31 02:26:03,366 INFO  [io.api.tes.ser.api.KafkaSerdesTester] (Thread-183) topic-9aa1c87e_45fc_4638_8cbe_54b953bef1d6 0 16 {"key11753928760615": "value-6", "key21753928762032": "value-6"}
2025-07-31 02:26:03,366 INFO  [io.api.tes.ser.api.KafkaSerdesTester] (Thread-183) topic-9aa1c87e_45fc_4638_8cbe_54b953bef1d6 0 17 {"key11753928760615": "value-7", "key21753928762032": "value-7"}
2025-07-31 02:26:03,366 INFO  [io.api.tes.ser.api.KafkaSerdesTester] (Thread-183) topic-9aa1c87e_45fc_4638_8cbe_54b953bef1d6 0 18 {"key11753928760615": "value-8", "key21753928762032": "value-8"}
2025-07-31 02:26:03,366 INFO  [io.api.tes.ser.api.KafkaSerdesTester] (Thread-183) topic-9aa1c87e_45fc_4638_8cbe_54b953bef1d6 0 19 {"key11753928760615": "value-9", "key21753928762032": "value-9"}
2025-07-31 02:26:03,366 INFO  [io.api.tes.ser.api.KafkaSerdesTester] (Thread-183) topic-9aa1c87e_45fc_4638_8cbe_54b953bef1d6 0 20 {"key11753928760615": "value-0"}
2025-07-31 02:26:03,366 INFO  [io.api.tes.ser.api.KafkaSerdesTester] (Thread-183) topic-9aa1c87e_45fc_4638_8cbe_54b953bef1d6 0 21 {"key11753928760615": "value-1"}
2025-07-31 02:26:03,366 INFO  [io.api.tes.ser.api.KafkaSerdesTester] (Thread-183) topic-9aa1c87e_45fc_4638_8cbe_54b953bef1d6 0 22 {"key11753928760615": "value-2"}
2025-07-31 02:26:03,366 INFO  [io.api.tes.ser.api.KafkaSerdesTester] (Thread-183) topic-9aa1c87e_45fc_4638_8cbe_54b953bef1d6 0 23 {"key11753928760615": "value-3"}
2025-07-31 02:26:03,366 INFO  [io.api.tes.ser.api.KafkaSerdesTester] (Thread-183) topic-9aa1c87e_45fc_4638_8cbe_54b953bef1d6 0 24 {"key11753928760615": "value-4"}
2025-07-31 02:26:03,367 INFO  [io.api.tes.ser.api.KafkaSerdesTester] (Thread-183) topic-9aa1c87e_45fc_4638_8cbe_54b953bef1d6 0 25 {"key11753928760615": "value-5"}
2025-07-31 02:26:03,367 INFO  [io.api.tes.ser.api.KafkaSerdesTester] (Thread-183) topic-9aa1c87e_45fc_4638_8cbe_54b953bef1d6 0 26 {"key11753928760615": "value-6"}
2025-07-31 02:26:03,367 INFO  [io.api.tes.ser.api.KafkaSerdesTester] (Thread-183) topic-9aa1c87e_45fc_4638_8cbe_54b953bef1d6 0 27 {"key11753928760615": "value-7"}
2025-07-31 02:26:03,367 INFO  [io.api.tes.ser.api.KafkaSerdesTester] (Thread-183) topic-9aa1c87e_45fc_4638_8cbe_54b953bef1d6 0 28 {"key11753928760615": "value-8"}
2025-07-31 02:26:03,367 INFO  [io.api.tes.ser.api.KafkaSerdesTester] (Thread-183) topic-9aa1c87e_45fc_4638_8cbe_54b953bef1d6 0 29 {"key11753928760615": "value-9"}
2025-07-31 02:26:03,367 INFO  [io.api.tes.ser.api.KafkaSerdesTester] (Thread-183) Consumed 20 messages
2025-07-31 02:26:03,367 INFO  [io.api.tes.ser.api.AvroSerdeIT] (main) Registering Avro Schema 3: {"type":"record","name":"s58bd7f23x14f0x4c30xb7dfxf22662e0db95","namespace":"ns_e5a4d0a6_a52d_4dd3_9f4d_5577d9cd444c","fields":[{"name":"key11753928760615","type":"string"},{"name":"key21753928762032","type":"string"},{"name":"key31753928763367","type":"string"}]}
2025-07-31 02:26:04,485 INFO  [io.api.tes.ser.api.KafkaSerdesTester] (Thread-184) Sending message {"key11753928760615": "value-0", "key21753928762032": "value-0", "key31753928763367": "value-0"} to topic topic-9aa1c87e_45fc_4638_8cbe_54b953bef1d6
2025-07-31 02:26:04,486 INFO  [DefaultSchemaResolver] (Thread-184) Retrieving schema content using string: {"type":"record","name":"s58bd7f23x14f0x4c30xb7dfxf22662e0db95","namespace":"ns_e5a4d0a6_a52d_4dd3_9f4d_5577d9cd444c","fields":[{"name":"key11753928760615","type":"string"},{"name":"key21753928762032","type":"string"},{"name":"key31753928763367","type":"string"}]}
2025-07-31 02:26:04,530 INFO  [io.api.tes.ser.api.KafkaSerdesTester] (Thread-184) Sending message {"key11753928760615": "value-1", "key21753928762032": "value-1", "key31753928763367": "value-1"} to topic topic-9aa1c87e_45fc_4638_8cbe_54b953bef1d6
2025-07-31 02:26:04,532 INFO  [io.api.tes.ser.api.KafkaSerdesTester] (Thread-184) Sending message {"key11753928760615": "value-2", "key21753928762032": "value-2", "key31753928763367": "value-2"} to topic topic-9aa1c87e_45fc_4638_8cbe_54b953bef1d6
2025-07-31 02:26:04,533 INFO  [io.api.tes.ser.api.KafkaSerdesTester] (Thread-184) Sending message {"key11753928760615": "value-3", "key21753928762032": "value-3", "key31753928763367": "value-3"} to topic topic-9aa1c87e_45fc_4638_8cbe_54b953bef1d6
2025-07-31 02:26:04,535 INFO  [io.api.tes.ser.api.KafkaSerdesTester] (Thread-184) Sending message {"key11753928760615": "value-4", "key21753928762032": "value-4", "key31753928763367": "value-4"} to topic topic-9aa1c87e_45fc_4638_8cbe_54b953bef1d6
2025-07-31 02:26:04,536 INFO  [io.api.tes.ser.api.KafkaSerdesTester] (Thread-184) Sending message {"key11753928760615": "value-5", "key21753928762032": "value-5", "key31753928763367": "value-5"} to topic topic-9aa1c87e_45fc_4638_8cbe_54b953bef1d6
2025-07-31 02:26:04,538 INFO  [io.api.tes.ser.api.KafkaSerdesTester] (Thread-184) Sending message {"key11753928760615": "value-6", "key21753928762032": "value-6", "key31753928763367": "value-6"} to topic topic-9aa1c87e_45fc_4638_8cbe_54b953bef1d6
2025-07-31 02:26:04,540 INFO  [io.api.tes.ser.api.KafkaSerdesTester] (Thread-184) Sending message {"key11753928760615": "value-7", "key21753928762032": "value-7", "key31753928763367": "value-7"} to topic topic-9aa1c87e_45fc_4638_8cbe_54b953bef1d6
2025-07-31 02:26:04,541 INFO  [io.api.tes.ser.api.KafkaSerdesTester] (Thread-184) Sending message {"key11753928760615": "value-8", "key21753928762032": "value-8", "key31753928763367": "value-8"} to topic topic-9aa1c87e_45fc_4638_8cbe_54b953bef1d6
2025-07-31 02:26:04,542 INFO  [io.api.tes.ser.api.KafkaSerdesTester] (Thread-184) Sending message {"key11753928760615": "value-9", "key21753928762032": "value-9", "key31753928763367": "value-9"} to topic topic-9aa1c87e_45fc_4638_8cbe_54b953bef1d6
2025-07-31 02:26:04,544 INFO  [io.api.tes.ser.api.KafkaSerdesTester] (Thread-184) Produced 10 messages
2025-07-31 02:26:04,544 INFO  [io.api.tes.ser.api.KafkaSerdesTester] (Thread-185) Sending message {"key11753928760615": "value-0", "key21753928762032": "value-0"} to topic topic-9aa1c87e_45fc_4638_8cbe_54b953bef1d6
2025-07-31 02:26:04,547 INFO  [io.api.tes.ser.api.KafkaSerdesTester] (Thread-185) Sending message {"key11753928760615": "value-1", "key21753928762032": "value-1"} to topic topic-9aa1c87e_45fc_4638_8cbe_54b953bef1d6
2025-07-31 02:26:04,549 INFO  [io.api.tes.ser.api.KafkaSerdesTester] (Thread-185) Sending message {"key11753928760615": "value-2", "key21753928762032": "value-2"} to topic topic-9aa1c87e_45fc_4638_8cbe_54b953bef1d6
2025-07-31 02:26:04,550 INFO  [io.api.tes.ser.api.KafkaSerdesTester] (Thread-185) Sending message {"key11753928760615": "value-3", "key21753928762032": "value-3"} to topic topic-9aa1c87e_45fc_4638_8cbe_54b953bef1d6
2025-07-31 02:26:04,551 INFO  [io.api.tes.ser.api.KafkaSerdesTester] (Thread-185) Sending message {"key11753928760615": "value-4", "key21753928762032": "value-4"} to topic topic-9aa1c87e_45fc_4638_8cbe_54b953bef1d6
2025-07-31 02:26:04,553 INFO  [io.api.tes.ser.api.KafkaSerdesTester] (Thread-185) Sending message {"key11753928760615": "value-5", "key21753928762032": "value-5"} to topic topic-9aa1c87e_45fc_4638_8cbe_54b953bef1d6
2025-07-31 02:26:04,554 INFO  [io.api.tes.ser.api.KafkaSerdesTester] (Thread-185) Sending message {"key11753928760615": "value-6", "key21753928762032": "value-6"} to topic topic-9aa1c87e_45fc_4638_8cbe_54b953bef1d6
2025-07-31 02:26:04,556 INFO  [io.api.tes.ser.api.KafkaSerdesTester] (Thread-185) Sending message {"key11753928760615": "value-7", "key21753928762032": "value-7"} to topic topic-9aa1c87e_45fc_4638_8cbe_54b953bef1d6
2025-07-31 02:26:04,558 INFO  [io.api.tes.ser.api.KafkaSerdesTester] (Thread-185) Sending message {"key11753928760615": "value-8", "key21753928762032": "value-8"} to topic topic-9aa1c87e_45fc_4638_8cbe_54b953bef1d6
2025-07-31 02:26:04,560 INFO  [io.api.tes.ser.api.KafkaSerdesTester] (Thread-185) Sending message {"key11753928760615": "value-9", "key21753928762032": "value-9"} to topic topic-9aa1c87e_45fc_4638_8cbe_54b953bef1d6
2025-07-31 02:26:04,561 INFO  [io.api.tes.ser.api.KafkaSerdesTester] (Thread-185) Produced 10 messages
2025-07-31 02:26:04,562 INFO  [io.api.tes.ser.api.KafkaSerdesTester] (Thread-186) Sending message {"key11753928760615": "value-0"} to topic topic-9aa1c87e_45fc_4638_8cbe_54b953bef1d6
2025-07-31 02:26:04,563 INFO  [io.api.tes.ser.api.KafkaSerdesTester] (Thread-186) Sending message {"key11753928760615": "value-1"} to topic topic-9aa1c87e_45fc_4638_8cbe_54b953bef1d6
2025-07-31 02:26:04,564 INFO  [io.api.tes.ser.api.KafkaSerdesTester] (Thread-186) Sending message {"key11753928760615": "value-2"} to topic topic-9aa1c87e_45fc_4638_8cbe_54b953bef1d6
2025-07-31 02:26:04,565 INFO  [io.api.tes.ser.api.KafkaSerdesTester] (Thread-186) Sending message {"key11753928760615": "value-3"} to topic topic-9aa1c87e_45fc_4638_8cbe_54b953bef1d6
2025-07-31 02:26:04,566 INFO  [io.api.tes.ser.api.KafkaSerdesTester] (Thread-186) Sending message {"key11753928760615": "value-4"} to topic topic-9aa1c87e_45fc_4638_8cbe_54b953bef1d6
2025-07-31 02:26:04,568 INFO  [io.api.tes.ser.api.KafkaSerdesTester] (Thread-186) Sending message {"key11753928760615": "value-5"} to topic topic-9aa1c87e_45fc_4638_8cbe_54b953bef1d6
2025-07-31 02:26:04,569 INFO  [io.api.tes.ser.api.KafkaSerdesTester] (Thread-186) Sending message {"key11753928760615": "value-6"} to topic topic-9aa1c87e_45fc_4638_8cbe_54b953bef1d6
2025-07-31 02:26:04,571 INFO  [io.api.tes.ser.api.KafkaSerdesTester] (Thread-186) Sending message {"key11753928760615": "value-7"} to topic topic-9aa1c87e_45fc_4638_8cbe_54b953bef1d6
2025-07-31 02:26:04,572 INFO  [io.api.tes.ser.api.KafkaSerdesTester] (Thread-186) Sending message {"key11753928760615": "value-8"} to topic topic-9aa1c87e_45fc_4638_8cbe_54b953bef1d6
2025-07-31 02:26:04,573 INFO  [io.api.tes.ser.api.KafkaSerdesTester] (Thread-186) Sending message {"key11753928760615": "value-9"} to topic topic-9aa1c87e_45fc_4638_8cbe_54b953bef1d6
2025-07-31 02:26:04,575 INFO  [io.api.tes.ser.api.KafkaSerdesTester] (Thread-186) Produced 10 messages
2025-07-31 02:26:04,578 INFO  [org.apa.kaf.cli.con.int.ClassicKafkaConsumer] (Thread-187) [Consumer clientId=consumer-Consumer-topic-9aa1c87e_45fc_4638_8cbe_54b953bef1d6-9, groupId=Consumer-topic-9aa1c87e_45fc_4638_8cbe_54b953bef1d6] Subscribed to topic(s): topic-9aa1c87e_45fc_4638_8cbe_54b953bef1d6
2025-07-31 02:26:04,664 INFO  [io.api.tes.ser.api.KafkaSerdesTester] (Thread-187) topic-9aa1c87e_45fc_4638_8cbe_54b953bef1d6 0 30 {"key11753928760615": "value-0", "key21753928762032": "value-0", "key31753928763367": "value-0"}
2025-07-31 02:26:04,665 INFO  [io.api.tes.ser.api.KafkaSerdesTester] (Thread-187) topic-9aa1c87e_45fc_4638_8cbe_54b953bef1d6 0 31 {"key11753928760615": "value-1", "key21753928762032": "value-1", "key31753928763367": "value-1"}
2025-07-31 02:26:04,665 INFO  [io.api.tes.ser.api.KafkaSerdesTester] (Thread-187) topic-9aa1c87e_45fc_4638_8cbe_54b953bef1d6 0 32 {"key11753928760615": "value-2", "key21753928762032": "value-2", "key31753928763367": "value-2"}
2025-07-31 02:26:04,665 INFO  [io.api.tes.ser.api.KafkaSerdesTester] (Thread-187) topic-9aa1c87e_45fc_4638_8cbe_54b953bef1d6 0 33 {"key11753928760615": "value-3", "key21753928762032": "value-3", "key31753928763367": "value-3"}
2025-07-31 02:26:04,665 INFO  [io.api.tes.ser.api.KafkaSerdesTester] (Thread-187) topic-9aa1c87e_45fc_4638_8cbe_54b953bef1d6 0 34 {"key11753928760615": "value-4", "key21753928762032": "value-4", "key31753928763367": "value-4"}
2025-07-31 02:26:04,665 INFO  [io.api.tes.ser.api.KafkaSerdesTester] (Thread-187) topic-9aa1c87e_45fc_4638_8cbe_54b953bef1d6 0 35 {"key11753928760615": "value-5", "key21753928762032": "value-5", "key31753928763367": "value-5"}
2025-07-31 02:26:04,665 INFO  [io.api.tes.ser.api.KafkaSerdesTester] (Thread-187) topic-9aa1c87e_45fc_4638_8cbe_54b953bef1d6 0 36 {"key11753928760615": "value-6", "key21753928762032": "value-6", "key31753928763367": "value-6"}
2025-07-31 02:26:04,665 INFO  [io.api.tes.ser.api.KafkaSerdesTester] (Thread-187) topic-9aa1c87e_45fc_4638_8cbe_54b953bef1d6 0 37 {"key11753928760615": "value-7", "key21753928762032": "value-7", "key31753928763367": "value-7"}
2025-07-31 02:26:04,665 INFO  [io.api.tes.ser.api.KafkaSerdesTester] (Thread-187) topic-9aa1c87e_45fc_4638_8cbe_54b953bef1d6 0 38 {"key11753928760615": "value-8", "key21753928762032": "value-8", "key31753928763367": "value-8"}
2025-07-31 02:26:04,665 INFO  [io.api.tes.ser.api.KafkaSerdesTester] (Thread-187) topic-9aa1c87e_45fc_4638_8cbe_54b953bef1d6 0 39 {"key11753928760615": "value-9", "key21753928762032": "value-9", "key31753928763367": "value-9"}
2025-07-31 02:26:04,665 INFO  [io.api.tes.ser.api.KafkaSerdesTester] (Thread-187) topic-9aa1c87e_45fc_4638_8cbe_54b953bef1d6 0 40 {"key11753928760615": "value-0", "key21753928762032": "value-0"}
2025-07-31 02:26:04,665 INFO  [io.api.tes.ser.api.KafkaSerdesTester] (Thread-187) topic-9aa1c87e_45fc_4638_8cbe_54b953bef1d6 0 41 {"key11753928760615": "value-1", "key21753928762032": "value-1"}
2025-07-31 02:26:04,665 INFO  [io.api.tes.ser.api.KafkaSerdesTester] (Thread-187) topic-9aa1c87e_45fc_4638_8cbe_54b953bef1d6 0 42 {"key11753928760615": "value-2", "key21753928762032": "value-2"}
2025-07-31 02:26:04,665 INFO  [io.api.tes.ser.api.KafkaSerdesTester] (Thread-187) topic-9aa1c87e_45fc_4638_8cbe_54b953bef1d6 0 43 {"key11753928760615": "value-3", "key21753928762032": "value-3"}
2025-07-31 02:26:04,665 INFO  [io.api.tes.ser.api.KafkaSerdesTester] (Thread-187) topic-9aa1c87e_45fc_4638_8cbe_54b953bef1d6 0 44 {"key11753928760615": "value-4", "key21753928762032": "value-4"}
2025-07-31 02:26:04,665 INFO  [io.api.tes.ser.api.KafkaSerdesTester] (Thread-187) topic-9aa1c87e_45fc_4638_8cbe_54b953bef1d6 0 45 {"key11753928760615": "value-5", "key21753928762032": "value-5"}
2025-07-31 02:26:04,665 INFO  [io.api.tes.ser.api.KafkaSerdesTester] (Thread-187) topic-9aa1c87e_45fc_4638_8cbe_54b953bef1d6 0 46 {"key11753928760615": "value-6", "key21753928762032": "value-6"}
2025-07-31 02:26:04,665 INFO  [io.api.tes.ser.api.KafkaSerdesTester] (Thread-187) topic-9aa1c87e_45fc_4638_8cbe_54b953bef1d6 0 47 {"key11753928760615": "value-7", "key21753928762032": "value-7"}
2025-07-31 02:26:04,666 INFO  [io.api.tes.ser.api.KafkaSerdesTester] (Thread-187) topic-9aa1c87e_45fc_4638_8cbe_54b953bef1d6 0 48 {"key11753928760615": "value-8", "key21753928762032": "value-8"}
2025-07-31 02:26:04,666 INFO  [io.api.tes.ser.api.KafkaSerdesTester] (Thread-187) topic-9aa1c87e_45fc_4638_8cbe_54b953bef1d6 0 49 {"key11753928760615": "value-9", "key21753928762032": "value-9"}
2025-07-31 02:26:04,666 INFO  [io.api.tes.ser.api.KafkaSerdesTester] (Thread-187) topic-9aa1c87e_45fc_4638_8cbe_54b953bef1d6 0 50 {"key11753928760615": "value-0"}
2025-07-31 02:26:04,666 INFO  [io.api.tes.ser.api.KafkaSerdesTester] (Thread-187) topic-9aa1c87e_45fc_4638_8cbe_54b953bef1d6 0 51 {"key11753928760615": "value-1"}
2025-07-31 02:26:04,666 INFO  [io.api.tes.ser.api.KafkaSerdesTester] (Thread-187) topic-9aa1c87e_45fc_4638_8cbe_54b953bef1d6 0 52 {"key11753928760615": "value-2"}
2025-07-31 02:26:04,666 INFO  [io.api.tes.ser.api.KafkaSerdesTester] (Thread-187) topic-9aa1c87e_45fc_4638_8cbe_54b953bef1d6 0 53 {"key11753928760615": "value-3"}
2025-07-31 02:26:04,666 INFO  [io.api.tes.ser.api.KafkaSerdesTester] (Thread-187) topic-9aa1c87e_45fc_4638_8cbe_54b953bef1d6 0 54 {"key11753928760615": "value-4"}
2025-07-31 02:26:04,666 INFO  [io.api.tes.ser.api.KafkaSerdesTester] (Thread-187) topic-9aa1c87e_45fc_4638_8cbe_54b953bef1d6 0 55 {"key11753928760615": "value-5"}
2025-07-31 02:26:04,666 INFO  [io.api.tes.ser.api.KafkaSerdesTester] (Thread-187) topic-9aa1c87e_45fc_4638_8cbe_54b953bef1d6 0 56 {"key11753928760615": "value-6"}
2025-07-31 02:26:04,666 INFO  [io.api.tes.ser.api.KafkaSerdesTester] (Thread-187) topic-9aa1c87e_45fc_4638_8cbe_54b953bef1d6 0 57 {"key11753928760615": "value-7"}
2025-07-31 02:26:04,666 INFO  [io.api.tes.ser.api.KafkaSerdesTester] (Thread-187) topic-9aa1c87e_45fc_4638_8cbe_54b953bef1d6 0 58 {"key11753928760615": "value-8"}
2025-07-31 02:26:04,666 INFO  [io.api.tes.ser.api.KafkaSerdesTester] (Thread-187) topic-9aa1c87e_45fc_4638_8cbe_54b953bef1d6 0 59 {"key11753928760615": "value-9"}
2025-07-31 02:26:04,666 INFO  [io.api.tes.ser.api.KafkaSerdesTester] (Thread-187) Consumed 30 messages
2025-07-31 02:26:04,666 INFO  [org.apa.kaf.cli.pro.KafkaProducer] (main) [Producer clientId=Producer-topic-9aa1c87e_45fc_4638_8cbe_54b953bef1d6] Closing the Kafka producer with timeoutMillis = 9223372036854775807 ms.
2025-07-31 02:26:04,669 INFO  [org.apa.kaf.com.met.Metrics] (main) Metrics scheduler closed
2025-07-31 02:26:04,669 INFO  [org.apa.kaf.com.met.Metrics] (main) Closing reporter org.apache.kafka.common.metrics.JmxReporter
2025-07-31 02:26:04,669 INFO  [org.apa.kaf.com.met.Metrics] (main) Closing reporter org.apache.kafka.common.telemetry.internals.ClientTelemetryReporter
2025-07-31 02:26:04,669 INFO  [org.apa.kaf.com.met.Metrics] (main) Metrics reporters closed
2025-07-31 02:26:04,670 INFO  [org.apa.kaf.com.uti.AppInfoParser] (main) App info kafka.producer for Producer-topic-9aa1c87e_45fc_4638_8cbe_54b953bef1d6 unregistered
2025-07-31 02:26:04,672 INFO  [org.apa.kaf.cli.con.int.ConsumerRebalanceListenerInvoker] (main) [Consumer clientId=consumer-Consumer-topic-9aa1c87e_45fc_4638_8cbe_54b953bef1d6-9, groupId=Consumer-topic-9aa1c87e_45fc_4638_8cbe_54b953bef1d6] Revoke previously assigned partitions topic-9aa1c87e_45fc_4638_8cbe_54b953bef1d6-0
2025-07-31 02:26:04,672 INFO  [org.apa.kaf.cli.con.int.ConsumerCoordinator] (main) [Consumer clientId=consumer-Consumer-topic-9aa1c87e_45fc_4638_8cbe_54b953bef1d6-9, groupId=Consumer-topic-9aa1c87e_45fc_4638_8cbe_54b953bef1d6] Member consumer-Consumer-topic-9aa1c87e_45fc_4638_8cbe_54b953bef1d6-9-e0d827dc-7dbf-4c33-8b04-ecd63b25676d sending LeaveGroup request to coordinator localhost:32770 (id: 2147483647 rack: null) due to the consumer is being closed
2025-07-31 02:26:04,674 INFO  [org.apa.kaf.cli.con.int.ConsumerCoordinator] (main) [Consumer clientId=consumer-Consumer-topic-9aa1c87e_45fc_4638_8cbe_54b953bef1d6-9, groupId=Consumer-topic-9aa1c87e_45fc_4638_8cbe_54b953bef1d6] Resetting generation and member id due to: consumer pro-actively leaving the group
2025-07-31 02:26:04,674 INFO  [org.apa.kaf.cli.con.int.ConsumerCoordinator] (main) [Consumer clientId=consumer-Consumer-topic-9aa1c87e_45fc_4638_8cbe_54b953bef1d6-9, groupId=Consumer-topic-9aa1c87e_45fc_4638_8cbe_54b953bef1d6] Request joining group due to: consumer pro-actively leaving the group
2025-07-31 02:26:05,166 INFO  [org.apa.kaf.com.met.Metrics] (main) Metrics scheduler closed
2025-07-31 02:26:05,166 INFO  [org.apa.kaf.com.met.Metrics] (main) Closing reporter org.apache.kafka.common.metrics.JmxReporter
2025-07-31 02:26:05,166 INFO  [org.apa.kaf.com.met.Metrics] (main) Closing reporter org.apache.kafka.common.telemetry.internals.ClientTelemetryReporter
2025-07-31 02:26:05,166 INFO  [org.apa.kaf.com.met.Metrics] (main) Metrics reporters closed
2025-07-31 02:26:05,169 INFO  [org.apa.kaf.com.uti.AppInfoParser] (main) App info kafka.consumer for consumer-Consumer-topic-9aa1c87e_45fc_4638_8cbe_54b953bef1d6-9 unregistered
2025-07-31 02:26:05,169 INFO  [io.api.tes.uti.TestSeparator] (main) io.apicurio.tests.serdes.apicurio.AvroSerdeIT.testEvolveAvroApicurioReusingClient-FINISHED
2025-07-31 02:26:05,169 INFO  [io.api.tes.uti.TestSeparator] (main) ############################################################################
]]></system-out>
  </testcase>
  <testcase name="testProducerUsesDefaultConsumerUsesGlobalId" classname="io.apicurio.tests.serdes.apicurio.AvroSerdeIT" time="0.0">
    <skipped message="void io.apicurio.tests.serdes.apicurio.AvroSerdeIT.testProducerUsesDefaultConsumerUsesGlobalId() throws java.lang.Exception is @Disabled"/>
  </testcase>
  <testcase name="testEvolveAvroApicurio" classname="io.apicurio.tests.serdes.apicurio.AvroSerdeIT" time="6.336">
    <system-out><![CDATA[2025-07-31 02:26:05,175 INFO  [io.api.tes.uti.TestSeparator] (main) ############################################################################
2025-07-31 02:26:05,175 INFO  [io.api.tes.uti.TestSeparator] (main) io.apicurio.tests.serdes.apicurio.AvroSerdeIT.testEvolveAvroApicurio-STARTED
2025-07-31 02:26:05,176 INFO  [io.api.tes.ser.api.AvroSerdeIT] (main) Registering Avro Schema: {"type":"record","name":"s23f13fefx3034x40eex820dx51c32040f60a","namespace":"ns_e4d6c99b_a725_4e80_8ebc_b4a3e095a85b","fields":[{"name":"key11753928765175","type":"string"}]}
2025-07-31 02:26:06,306 INFO  [org.apa.kaf.cli.pro.ProducerConfig] (main) ProducerConfig values: 
	acks = -1
	auto.include.jmx.reporter = true
	batch.size = 16384
	bootstrap.servers = [PLAINTEXT://localhost:32770]
	buffer.memory = 33554432
	client.dns.lookup = use_all_dns_ips
	client.id = Producer-topic-e8f8d0a7_6e0b_4329_b57e_a5de2c4e4302
	compression.gzip.level = -1
	compression.lz4.level = 9
	compression.type = none
	compression.zstd.level = 3
	connections.max.idle.ms = 10000
	delivery.timeout.ms = 120000
	enable.idempotence = true
	enable.metrics.push = true
	interceptor.classes = []
	key.serializer = class org.apache.kafka.common.serialization.StringSerializer
	linger.ms = 0
	max.block.ms = 60000
	max.in.flight.requests.per.connection = 5
	max.request.size = 1048576
	metadata.max.age.ms = 300000
	metadata.max.idle.ms = 300000
	metadata.recovery.strategy = none
	metric.reporters = []
	metrics.num.samples = 2
	metrics.recording.level = INFO
	metrics.sample.window.ms = 30000
	partitioner.adaptive.partitioning.enable = true
	partitioner.availability.timeout.ms = 0
	partitioner.class = null
	partitioner.ignore.keys = false
	receive.buffer.bytes = 32768
	reconnect.backoff.max.ms = 1000
	reconnect.backoff.ms = 50
	request.timeout.ms = 5000
	retries = 2147483647
	retry.backoff.max.ms = 1000
	retry.backoff.ms = 100
	sasl.client.callback.handler.class = null
	sasl.jaas.config = null
	sasl.kerberos.kinit.cmd = /usr/bin/kinit
	sasl.kerberos.min.time.before.relogin = 60000
	sasl.kerberos.service.name = null
	sasl.kerberos.ticket.renew.jitter = 0.05
	sasl.kerberos.ticket.renew.window.factor = 0.8
	sasl.login.callback.handler.class = null
	sasl.login.class = null
	sasl.login.connect.timeout.ms = null
	sasl.login.read.timeout.ms = null
	sasl.login.refresh.buffer.seconds = 300
	sasl.login.refresh.min.period.seconds = 60
	sasl.login.refresh.window.factor = 0.8
	sasl.login.refresh.window.jitter = 0.05
	sasl.login.retry.backoff.max.ms = 10000
	sasl.login.retry.backoff.ms = 100
	sasl.mechanism = GSSAPI
	sasl.oauthbearer.clock.skew.seconds = 30
	sasl.oauthbearer.expected.audience = null
	sasl.oauthbearer.expected.issuer = null
	sasl.oauthbearer.header.urlencode = false
	sasl.oauthbearer.jwks.endpoint.refresh.ms = 3600000
	sasl.oauthbearer.jwks.endpoint.retry.backoff.max.ms = 10000
	sasl.oauthbearer.jwks.endpoint.retry.backoff.ms = 100
	sasl.oauthbearer.jwks.endpoint.url = null
	sasl.oauthbearer.scope.claim.name = scope
	sasl.oauthbearer.sub.claim.name = sub
	sasl.oauthbearer.token.endpoint.url = null
	security.protocol = PLAINTEXT
	security.providers = null
	send.buffer.bytes = 131072
	socket.connection.setup.timeout.max.ms = 30000
	socket.connection.setup.timeout.ms = 10000
	ssl.cipher.suites = null
	ssl.enabled.protocols = [TLSv1.2, TLSv1.3]
	ssl.endpoint.identification.algorithm = https
	ssl.engine.factory.class = null
	ssl.key.password = null
	ssl.keymanager.algorithm = SunX509
	ssl.keystore.certificate.chain = null
	ssl.keystore.key = null
	ssl.keystore.location = null
	ssl.keystore.password = null
	ssl.keystore.type = JKS
	ssl.protocol = TLSv1.3
	ssl.provider = null
	ssl.secure.random.implementation = null
	ssl.trustmanager.algorithm = PKIX
	ssl.truststore.certificates = null
	ssl.truststore.location = null
	ssl.truststore.password = null
	ssl.truststore.type = JKS
	transaction.timeout.ms = 60000
	transactional.id = null
	value.serializer = class io.apicurio.registry.serde.avro.AvroKafkaSerializer

2025-07-31 02:26:06,307 INFO  [org.apa.kaf.com.tel.int.KafkaMetricsCollector] (main) initializing Kafka metrics collector
2025-07-31 02:26:06,309 INFO  [org.apa.kaf.cli.pro.KafkaProducer] (main) [Producer clientId=Producer-topic-e8f8d0a7_6e0b_4329_b57e_a5de2c4e4302] Instantiated an idempotent producer.
2025-07-31 02:26:06,311 INFO  [org.apa.kaf.cli.pro.ProducerConfig] (main) These configurations '[apicurio.registry.url, apicurio.registry.artifact-resolver-strategy]' were supplied but are not used yet.
2025-07-31 02:26:06,311 INFO  [org.apa.kaf.com.uti.AppInfoParser] (main) Kafka version: 3.9.0
2025-07-31 02:26:06,311 INFO  [org.apa.kaf.com.uti.AppInfoParser] (main) Kafka commitId: 84caaa6e9da06435
2025-07-31 02:26:06,311 INFO  [org.apa.kaf.com.uti.AppInfoParser] (main) Kafka startTimeMs: 1753928766311
2025-07-31 02:26:06,311 INFO  [org.apa.kaf.cli.con.ConsumerConfig] (main) ConsumerConfig values: 
	allow.auto.create.topics = true
	auto.commit.interval.ms = 500
	auto.include.jmx.reporter = true
	auto.offset.reset = earliest
	bootstrap.servers = [PLAINTEXT://localhost:32770]
	check.crcs = true
	client.dns.lookup = use_all_dns_ips
	client.id = consumer-Consumer-topic-e8f8d0a7_6e0b_4329_b57e_a5de2c4e4302-10
	client.rack = 
	connections.max.idle.ms = 10000
	default.api.timeout.ms = 60000
	enable.auto.commit = true
	enable.metrics.push = true
	exclude.internal.topics = true
	fetch.max.bytes = 52428800
	fetch.max.wait.ms = 500
	fetch.min.bytes = 1
	group.id = Consumer-topic-e8f8d0a7_6e0b_4329_b57e_a5de2c4e4302
	group.instance.id = null
	group.protocol = classic
	group.remote.assignor = null
	heartbeat.interval.ms = 3000
	interceptor.classes = []
	internal.leave.group.on.close = true
	internal.throw.on.fetch.stable.offset.unsupported = false
	isolation.level = read_uncommitted
	key.deserializer = class org.apache.kafka.common.serialization.StringDeserializer
	max.partition.fetch.bytes = 1048576
	max.poll.interval.ms = 300000
	max.poll.records = 500
	metadata.max.age.ms = 300000
	metadata.recovery.strategy = none
	metric.reporters = []
	metrics.num.samples = 2
	metrics.recording.level = INFO
	metrics.sample.window.ms = 30000
	partition.assignment.strategy = [class org.apache.kafka.clients.consumer.RangeAssignor, class org.apache.kafka.clients.consumer.CooperativeStickyAssignor]
	receive.buffer.bytes = 65536
	reconnect.backoff.max.ms = 1000
	reconnect.backoff.ms = 50
	request.timeout.ms = 5000
	retry.backoff.max.ms = 1000
	retry.backoff.ms = 100
	sasl.client.callback.handler.class = null
	sasl.jaas.config = null
	sasl.kerberos.kinit.cmd = /usr/bin/kinit
	sasl.kerberos.min.time.before.relogin = 60000
	sasl.kerberos.service.name = null
	sasl.kerberos.ticket.renew.jitter = 0.05
	sasl.kerberos.ticket.renew.window.factor = 0.8
	sasl.login.callback.handler.class = null
	sasl.login.class = null
	sasl.login.connect.timeout.ms = null
	sasl.login.read.timeout.ms = null
	sasl.login.refresh.buffer.seconds = 300
	sasl.login.refresh.min.period.seconds = 60
	sasl.login.refresh.window.factor = 0.8
	sasl.login.refresh.window.jitter = 0.05
	sasl.login.retry.backoff.max.ms = 10000
	sasl.login.retry.backoff.ms = 100
	sasl.mechanism = GSSAPI
	sasl.oauthbearer.clock.skew.seconds = 30
	sasl.oauthbearer.expected.audience = null
	sasl.oauthbearer.expected.issuer = null
	sasl.oauthbearer.header.urlencode = false
	sasl.oauthbearer.jwks.endpoint.refresh.ms = 3600000
	sasl.oauthbearer.jwks.endpoint.retry.backoff.max.ms = 10000
	sasl.oauthbearer.jwks.endpoint.retry.backoff.ms = 100
	sasl.oauthbearer.jwks.endpoint.url = null
	sasl.oauthbearer.scope.claim.name = scope
	sasl.oauthbearer.sub.claim.name = sub
	sasl.oauthbearer.token.endpoint.url = null
	security.protocol = PLAINTEXT
	security.providers = null
	send.buffer.bytes = 131072
	session.timeout.ms = 45000
	socket.connection.setup.timeout.max.ms = 30000
	socket.connection.setup.timeout.ms = 10000
	ssl.cipher.suites = null
	ssl.enabled.protocols = [TLSv1.2, TLSv1.3]
	ssl.endpoint.identification.algorithm = https
	ssl.engine.factory.class = null
	ssl.key.password = null
	ssl.keymanager.algorithm = SunX509
	ssl.keystore.certificate.chain = null
	ssl.keystore.key = null
	ssl.keystore.location = null
	ssl.keystore.password = null
	ssl.keystore.type = JKS
	ssl.protocol = TLSv1.3
	ssl.provider = null
	ssl.secure.random.implementation = null
	ssl.trustmanager.algorithm = PKIX
	ssl.truststore.certificates = null
	ssl.truststore.location = null
	ssl.truststore.password = null
	ssl.truststore.type = JKS
	value.deserializer = class io.apicurio.registry.serde.avro.AvroKafkaDeserializer

2025-07-31 02:26:06,312 INFO  [org.apa.kaf.com.tel.int.KafkaMetricsCollector] (main) initializing Kafka metrics collector
2025-07-31 02:26:06,318 INFO  [org.apa.kaf.cli.Metadata] (kafka-producer-network-thread | Producer-topic-e8f8d0a7_6e0b_4329_b57e_a5de2c4e4302) [Producer clientId=Producer-topic-e8f8d0a7_6e0b_4329_b57e_a5de2c4e4302] Cluster ID: MA4G_e_SRU2vGr9gzyfJLg
2025-07-31 02:26:06,327 INFO  [org.apa.kaf.cli.pro.int.TransactionManager] (kafka-producer-network-thread | Producer-topic-e8f8d0a7_6e0b_4329_b57e_a5de2c4e4302) [Producer clientId=Producer-topic-e8f8d0a7_6e0b_4329_b57e_a5de2c4e4302] ProducerId set to 12 with epoch 0
2025-07-31 02:26:06,332 INFO  [org.apa.kaf.cli.con.ConsumerConfig] (main) These configurations '[apicurio.registry.url]' were supplied but are not used yet.
2025-07-31 02:26:06,332 INFO  [org.apa.kaf.com.uti.AppInfoParser] (main) Kafka version: 3.9.0
2025-07-31 02:26:06,332 INFO  [org.apa.kaf.com.uti.AppInfoParser] (main) Kafka commitId: 84caaa6e9da06435
2025-07-31 02:26:06,332 INFO  [org.apa.kaf.com.uti.AppInfoParser] (main) Kafka startTimeMs: 1753928766332
2025-07-31 02:26:06,332 INFO  [io.api.tes.ser.api.KafkaSerdesTester] (Thread-192) Sending message {"key11753928765175": "value-0"} to topic topic-e8f8d0a7_6e0b_4329_b57e_a5de2c4e4302
2025-07-31 02:26:06,341 INFO  [DefaultSchemaResolver] (Thread-192) Retrieving schema content using string: {"type":"record","name":"s23f13fefx3034x40eex820dx51c32040f60a","namespace":"ns_e4d6c99b_a725_4e80_8ebc_b4a3e095a85b","fields":[{"name":"key11753928765175","type":"string"}]}
2025-07-31 02:26:06,423 INFO  [io.api.tes.ser.api.KafkaSerdesTester] (Thread-192) Sending message {"key11753928765175": "value-1"} to topic topic-e8f8d0a7_6e0b_4329_b57e_a5de2c4e4302
2025-07-31 02:26:06,424 INFO  [io.api.tes.ser.api.KafkaSerdesTester] (Thread-192) Sending message {"key11753928765175": "value-2"} to topic topic-e8f8d0a7_6e0b_4329_b57e_a5de2c4e4302
2025-07-31 02:26:06,426 INFO  [io.api.tes.ser.api.KafkaSerdesTester] (Thread-192) Sending message {"key11753928765175": "value-3"} to topic topic-e8f8d0a7_6e0b_4329_b57e_a5de2c4e4302
2025-07-31 02:26:06,427 INFO  [io.api.tes.ser.api.KafkaSerdesTester] (Thread-192) Sending message {"key11753928765175": "value-4"} to topic topic-e8f8d0a7_6e0b_4329_b57e_a5de2c4e4302
2025-07-31 02:26:06,428 INFO  [io.api.tes.ser.api.KafkaSerdesTester] (Thread-192) Sending message {"key11753928765175": "value-5"} to topic topic-e8f8d0a7_6e0b_4329_b57e_a5de2c4e4302
2025-07-31 02:26:06,429 INFO  [io.api.tes.ser.api.KafkaSerdesTester] (Thread-192) Sending message {"key11753928765175": "value-6"} to topic topic-e8f8d0a7_6e0b_4329_b57e_a5de2c4e4302
2025-07-31 02:26:06,430 INFO  [io.api.tes.ser.api.KafkaSerdesTester] (Thread-192) Sending message {"key11753928765175": "value-7"} to topic topic-e8f8d0a7_6e0b_4329_b57e_a5de2c4e4302
2025-07-31 02:26:06,432 INFO  [io.api.tes.ser.api.KafkaSerdesTester] (Thread-192) Sending message {"key11753928765175": "value-8"} to topic topic-e8f8d0a7_6e0b_4329_b57e_a5de2c4e4302
2025-07-31 02:26:06,433 INFO  [io.api.tes.ser.api.KafkaSerdesTester] (Thread-192) Sending message {"key11753928765175": "value-9"} to topic topic-e8f8d0a7_6e0b_4329_b57e_a5de2c4e4302
2025-07-31 02:26:06,434 INFO  [io.api.tes.ser.api.KafkaSerdesTester] (Thread-192) Produced 10 messages
2025-07-31 02:26:06,434 INFO  [org.apa.kaf.cli.pro.KafkaProducer] (Thread-192) [Producer clientId=Producer-topic-e8f8d0a7_6e0b_4329_b57e_a5de2c4e4302] Closing the Kafka producer with timeoutMillis = 9223372036854775807 ms.
2025-07-31 02:26:06,436 INFO  [org.apa.kaf.com.met.Metrics] (Thread-192) Metrics scheduler closed
2025-07-31 02:26:06,436 INFO  [org.apa.kaf.com.met.Metrics] (Thread-192) Closing reporter org.apache.kafka.common.metrics.JmxReporter
2025-07-31 02:26:06,436 INFO  [org.apa.kaf.com.met.Metrics] (Thread-192) Closing reporter org.apache.kafka.common.telemetry.internals.ClientTelemetryReporter
2025-07-31 02:26:06,436 INFO  [org.apa.kaf.com.met.Metrics] (Thread-192) Metrics reporters closed
2025-07-31 02:26:06,436 INFO  [org.apa.kaf.com.uti.AppInfoParser] (Thread-192) App info kafka.producer for Producer-topic-e8f8d0a7_6e0b_4329_b57e_a5de2c4e4302 unregistered
2025-07-31 02:26:06,437 INFO  [org.apa.kaf.cli.con.int.ClassicKafkaConsumer] (Thread-193) [Consumer clientId=consumer-Consumer-topic-e8f8d0a7_6e0b_4329_b57e_a5de2c4e4302-10, groupId=Consumer-topic-e8f8d0a7_6e0b_4329_b57e_a5de2c4e4302] Subscribed to topic(s): topic-e8f8d0a7_6e0b_4329_b57e_a5de2c4e4302
2025-07-31 02:26:06,442 INFO  [org.apa.kaf.cli.Metadata] (Thread-193) [Consumer clientId=consumer-Consumer-topic-e8f8d0a7_6e0b_4329_b57e_a5de2c4e4302-10, groupId=Consumer-topic-e8f8d0a7_6e0b_4329_b57e_a5de2c4e4302] Cluster ID: MA4G_e_SRU2vGr9gzyfJLg
2025-07-31 02:26:06,442 INFO  [org.apa.kaf.cli.con.int.ConsumerCoordinator] (Thread-193) [Consumer clientId=consumer-Consumer-topic-e8f8d0a7_6e0b_4329_b57e_a5de2c4e4302-10, groupId=Consumer-topic-e8f8d0a7_6e0b_4329_b57e_a5de2c4e4302] Discovered group coordinator localhost:32770 (id: 2147483647 rack: null)
2025-07-31 02:26:06,444 INFO  [org.apa.kaf.cli.con.int.ConsumerCoordinator] (Thread-193) [Consumer clientId=consumer-Consumer-topic-e8f8d0a7_6e0b_4329_b57e_a5de2c4e4302-10, groupId=Consumer-topic-e8f8d0a7_6e0b_4329_b57e_a5de2c4e4302] (Re-)joining group
2025-07-31 02:26:06,449 INFO  [org.apa.kaf.cli.con.int.ConsumerCoordinator] (Thread-193) [Consumer clientId=consumer-Consumer-topic-e8f8d0a7_6e0b_4329_b57e_a5de2c4e4302-10, groupId=Consumer-topic-e8f8d0a7_6e0b_4329_b57e_a5de2c4e4302] Request joining group due to: need to re-join with the given member-id: consumer-Consumer-topic-e8f8d0a7_6e0b_4329_b57e_a5de2c4e4302-10-c5955e9a-4ab8-4cb9-8a6a-75f8b20dcf1e
2025-07-31 02:26:06,449 INFO  [org.apa.kaf.cli.con.int.ConsumerCoordinator] (Thread-193) [Consumer clientId=consumer-Consumer-topic-e8f8d0a7_6e0b_4329_b57e_a5de2c4e4302-10, groupId=Consumer-topic-e8f8d0a7_6e0b_4329_b57e_a5de2c4e4302] (Re-)joining group
2025-07-31 02:26:06,452 INFO  [org.apa.kaf.cli.con.int.ConsumerCoordinator] (Thread-193) [Consumer clientId=consumer-Consumer-topic-e8f8d0a7_6e0b_4329_b57e_a5de2c4e4302-10, groupId=Consumer-topic-e8f8d0a7_6e0b_4329_b57e_a5de2c4e4302] Successfully joined group with generation Generation{generationId=1, memberId='consumer-Consumer-topic-e8f8d0a7_6e0b_4329_b57e_a5de2c4e4302-10-c5955e9a-4ab8-4cb9-8a6a-75f8b20dcf1e', protocol='range'}
2025-07-31 02:26:06,452 INFO  [org.apa.kaf.cli.con.int.ConsumerCoordinator] (Thread-193) [Consumer clientId=consumer-Consumer-topic-e8f8d0a7_6e0b_4329_b57e_a5de2c4e4302-10, groupId=Consumer-topic-e8f8d0a7_6e0b_4329_b57e_a5de2c4e4302] Finished assignment for group at generation 1: {consumer-Consumer-topic-e8f8d0a7_6e0b_4329_b57e_a5de2c4e4302-10-c5955e9a-4ab8-4cb9-8a6a-75f8b20dcf1e=Assignment(partitions=[topic-e8f8d0a7_6e0b_4329_b57e_a5de2c4e4302-0])}
2025-07-31 02:26:06,455 INFO  [org.apa.kaf.cli.con.int.ConsumerCoordinator] (Thread-193) [Consumer clientId=consumer-Consumer-topic-e8f8d0a7_6e0b_4329_b57e_a5de2c4e4302-10, groupId=Consumer-topic-e8f8d0a7_6e0b_4329_b57e_a5de2c4e4302] Successfully synced group in generation Generation{generationId=1, memberId='consumer-Consumer-topic-e8f8d0a7_6e0b_4329_b57e_a5de2c4e4302-10-c5955e9a-4ab8-4cb9-8a6a-75f8b20dcf1e', protocol='range'}
2025-07-31 02:26:06,455 INFO  [org.apa.kaf.cli.con.int.ConsumerCoordinator] (Thread-193) [Consumer clientId=consumer-Consumer-topic-e8f8d0a7_6e0b_4329_b57e_a5de2c4e4302-10, groupId=Consumer-topic-e8f8d0a7_6e0b_4329_b57e_a5de2c4e4302] Notifying assignor about the new Assignment(partitions=[topic-e8f8d0a7_6e0b_4329_b57e_a5de2c4e4302-0])
2025-07-31 02:26:06,455 INFO  [org.apa.kaf.cli.con.int.ConsumerRebalanceListenerInvoker] (Thread-193) [Consumer clientId=consumer-Consumer-topic-e8f8d0a7_6e0b_4329_b57e_a5de2c4e4302-10, groupId=Consumer-topic-e8f8d0a7_6e0b_4329_b57e_a5de2c4e4302] Adding newly assigned partitions: topic-e8f8d0a7_6e0b_4329_b57e_a5de2c4e4302-0
2025-07-31 02:26:06,456 INFO  [org.apa.kaf.cli.con.int.ConsumerCoordinator] (Thread-193) [Consumer clientId=consumer-Consumer-topic-e8f8d0a7_6e0b_4329_b57e_a5de2c4e4302-10, groupId=Consumer-topic-e8f8d0a7_6e0b_4329_b57e_a5de2c4e4302] Found no committed offset for partition topic-e8f8d0a7_6e0b_4329_b57e_a5de2c4e4302-0
2025-07-31 02:26:06,461 INFO  [org.apa.kaf.cli.con.int.SubscriptionState] (Thread-193) [Consumer clientId=consumer-Consumer-topic-e8f8d0a7_6e0b_4329_b57e_a5de2c4e4302-10, groupId=Consumer-topic-e8f8d0a7_6e0b_4329_b57e_a5de2c4e4302] Resetting offset for partition topic-e8f8d0a7_6e0b_4329_b57e_a5de2c4e4302-0 to position FetchPosition{offset=0, offsetEpoch=Optional.empty, currentLeader=LeaderAndEpoch{leader=Optional[localhost:32770 (id: 0 rack: null)], epoch=0}}.
2025-07-31 02:26:06,578 INFO  [io.api.tes.ser.api.KafkaSerdesTester] (Thread-193) topic-e8f8d0a7_6e0b_4329_b57e_a5de2c4e4302 0 0 {"key11753928765175": "value-0"}
2025-07-31 02:26:06,578 INFO  [io.api.tes.ser.api.KafkaSerdesTester] (Thread-193) topic-e8f8d0a7_6e0b_4329_b57e_a5de2c4e4302 0 1 {"key11753928765175": "value-1"}
2025-07-31 02:26:06,579 INFO  [io.api.tes.ser.api.KafkaSerdesTester] (Thread-193) topic-e8f8d0a7_6e0b_4329_b57e_a5de2c4e4302 0 2 {"key11753928765175": "value-2"}
2025-07-31 02:26:06,579 INFO  [io.api.tes.ser.api.KafkaSerdesTester] (Thread-193) topic-e8f8d0a7_6e0b_4329_b57e_a5de2c4e4302 0 3 {"key11753928765175": "value-3"}
2025-07-31 02:26:06,579 INFO  [io.api.tes.ser.api.KafkaSerdesTester] (Thread-193) topic-e8f8d0a7_6e0b_4329_b57e_a5de2c4e4302 0 4 {"key11753928765175": "value-4"}
2025-07-31 02:26:06,579 INFO  [io.api.tes.ser.api.KafkaSerdesTester] (Thread-193) topic-e8f8d0a7_6e0b_4329_b57e_a5de2c4e4302 0 5 {"key11753928765175": "value-5"}
2025-07-31 02:26:06,579 INFO  [io.api.tes.ser.api.KafkaSerdesTester] (Thread-193) topic-e8f8d0a7_6e0b_4329_b57e_a5de2c4e4302 0 6 {"key11753928765175": "value-6"}
2025-07-31 02:26:06,579 INFO  [io.api.tes.ser.api.KafkaSerdesTester] (Thread-193) topic-e8f8d0a7_6e0b_4329_b57e_a5de2c4e4302 0 7 {"key11753928765175": "value-7"}
2025-07-31 02:26:06,579 INFO  [io.api.tes.ser.api.KafkaSerdesTester] (Thread-193) topic-e8f8d0a7_6e0b_4329_b57e_a5de2c4e4302 0 8 {"key11753928765175": "value-8"}
2025-07-31 02:26:06,579 INFO  [io.api.tes.ser.api.KafkaSerdesTester] (Thread-193) topic-e8f8d0a7_6e0b_4329_b57e_a5de2c4e4302 0 9 {"key11753928765175": "value-9"}
2025-07-31 02:26:06,579 INFO  [io.api.tes.ser.api.KafkaSerdesTester] (Thread-193) Consumed 10 messages
2025-07-31 02:26:06,581 INFO  [org.apa.kaf.cli.con.int.ConsumerRebalanceListenerInvoker] (Thread-193) [Consumer clientId=consumer-Consumer-topic-e8f8d0a7_6e0b_4329_b57e_a5de2c4e4302-10, groupId=Consumer-topic-e8f8d0a7_6e0b_4329_b57e_a5de2c4e4302] Revoke previously assigned partitions topic-e8f8d0a7_6e0b_4329_b57e_a5de2c4e4302-0
2025-07-31 02:26:06,581 INFO  [org.apa.kaf.cli.con.int.ConsumerCoordinator] (Thread-193) [Consumer clientId=consumer-Consumer-topic-e8f8d0a7_6e0b_4329_b57e_a5de2c4e4302-10, groupId=Consumer-topic-e8f8d0a7_6e0b_4329_b57e_a5de2c4e4302] Member consumer-Consumer-topic-e8f8d0a7_6e0b_4329_b57e_a5de2c4e4302-10-c5955e9a-4ab8-4cb9-8a6a-75f8b20dcf1e sending LeaveGroup request to coordinator localhost:32770 (id: 2147483647 rack: null) due to the consumer is being closed
2025-07-31 02:26:06,581 INFO  [org.apa.kaf.cli.con.int.ConsumerCoordinator] (Thread-193) [Consumer clientId=consumer-Consumer-topic-e8f8d0a7_6e0b_4329_b57e_a5de2c4e4302-10, groupId=Consumer-topic-e8f8d0a7_6e0b_4329_b57e_a5de2c4e4302] Resetting generation and member id due to: consumer pro-actively leaving the group
2025-07-31 02:26:06,581 INFO  [org.apa.kaf.cli.con.int.ConsumerCoordinator] (Thread-193) [Consumer clientId=consumer-Consumer-topic-e8f8d0a7_6e0b_4329_b57e_a5de2c4e4302-10, groupId=Consumer-topic-e8f8d0a7_6e0b_4329_b57e_a5de2c4e4302] Request joining group due to: consumer pro-actively leaving the group
2025-07-31 02:26:07,081 INFO  [org.apa.kaf.com.met.Metrics] (Thread-193) Metrics scheduler closed
2025-07-31 02:26:07,081 INFO  [org.apa.kaf.com.met.Metrics] (Thread-193) Closing reporter org.apache.kafka.common.metrics.JmxReporter
2025-07-31 02:26:07,082 INFO  [org.apa.kaf.com.met.Metrics] (Thread-193) Closing reporter org.apache.kafka.common.telemetry.internals.ClientTelemetryReporter
2025-07-31 02:26:07,082 INFO  [org.apa.kaf.com.met.Metrics] (Thread-193) Metrics reporters closed
2025-07-31 02:26:07,085 INFO  [org.apa.kaf.com.uti.AppInfoParser] (Thread-193) App info kafka.consumer for consumer-Consumer-topic-e8f8d0a7_6e0b_4329_b57e_a5de2c4e4302-10 unregistered
2025-07-31 02:26:07,086 INFO  [io.api.tes.ser.api.AvroSerdeIT] (main) Registering Avro Schema 2: {"type":"record","name":"s23f13fefx3034x40eex820dx51c32040f60a","namespace":"ns_e4d6c99b_a725_4e80_8ebc_b4a3e095a85b","fields":[{"name":"key11753928765175","type":"string"},{"name":"key21753928767086","type":"string"}]}
2025-07-31 02:26:08,209 INFO  [org.apa.kaf.cli.pro.ProducerConfig] (main) ProducerConfig values: 
	acks = -1
	auto.include.jmx.reporter = true
	batch.size = 16384
	bootstrap.servers = [PLAINTEXT://localhost:32770]
	buffer.memory = 33554432
	client.dns.lookup = use_all_dns_ips
	client.id = Producer-topic-e8f8d0a7_6e0b_4329_b57e_a5de2c4e4302
	compression.gzip.level = -1
	compression.lz4.level = 9
	compression.type = none
	compression.zstd.level = 3
	connections.max.idle.ms = 10000
	delivery.timeout.ms = 120000
	enable.idempotence = true
	enable.metrics.push = true
	interceptor.classes = []
	key.serializer = class org.apache.kafka.common.serialization.StringSerializer
	linger.ms = 0
	max.block.ms = 60000
	max.in.flight.requests.per.connection = 5
	max.request.size = 1048576
	metadata.max.age.ms = 300000
	metadata.max.idle.ms = 300000
	metadata.recovery.strategy = none
	metric.reporters = []
	metrics.num.samples = 2
	metrics.recording.level = INFO
	metrics.sample.window.ms = 30000
	partitioner.adaptive.partitioning.enable = true
	partitioner.availability.timeout.ms = 0
	partitioner.class = null
	partitioner.ignore.keys = false
	receive.buffer.bytes = 32768
	reconnect.backoff.max.ms = 1000
	reconnect.backoff.ms = 50
	request.timeout.ms = 5000
	retries = 2147483647
	retry.backoff.max.ms = 1000
	retry.backoff.ms = 100
	sasl.client.callback.handler.class = null
	sasl.jaas.config = null
	sasl.kerberos.kinit.cmd = /usr/bin/kinit
	sasl.kerberos.min.time.before.relogin = 60000
	sasl.kerberos.service.name = null
	sasl.kerberos.ticket.renew.jitter = 0.05
	sasl.kerberos.ticket.renew.window.factor = 0.8
	sasl.login.callback.handler.class = null
	sasl.login.class = null
	sasl.login.connect.timeout.ms = null
	sasl.login.read.timeout.ms = null
	sasl.login.refresh.buffer.seconds = 300
	sasl.login.refresh.min.period.seconds = 60
	sasl.login.refresh.window.factor = 0.8
	sasl.login.refresh.window.jitter = 0.05
	sasl.login.retry.backoff.max.ms = 10000
	sasl.login.retry.backoff.ms = 100
	sasl.mechanism = GSSAPI
	sasl.oauthbearer.clock.skew.seconds = 30
	sasl.oauthbearer.expected.audience = null
	sasl.oauthbearer.expected.issuer = null
	sasl.oauthbearer.header.urlencode = false
	sasl.oauthbearer.jwks.endpoint.refresh.ms = 3600000
	sasl.oauthbearer.jwks.endpoint.retry.backoff.max.ms = 10000
	sasl.oauthbearer.jwks.endpoint.retry.backoff.ms = 100
	sasl.oauthbearer.jwks.endpoint.url = null
	sasl.oauthbearer.scope.claim.name = scope
	sasl.oauthbearer.sub.claim.name = sub
	sasl.oauthbearer.token.endpoint.url = null
	security.protocol = PLAINTEXT
	security.providers = null
	send.buffer.bytes = 131072
	socket.connection.setup.timeout.max.ms = 30000
	socket.connection.setup.timeout.ms = 10000
	ssl.cipher.suites = null
	ssl.enabled.protocols = [TLSv1.2, TLSv1.3]
	ssl.endpoint.identification.algorithm = https
	ssl.engine.factory.class = null
	ssl.key.password = null
	ssl.keymanager.algorithm = SunX509
	ssl.keystore.certificate.chain = null
	ssl.keystore.key = null
	ssl.keystore.location = null
	ssl.keystore.password = null
	ssl.keystore.type = JKS
	ssl.protocol = TLSv1.3
	ssl.provider = null
	ssl.secure.random.implementation = null
	ssl.trustmanager.algorithm = PKIX
	ssl.truststore.certificates = null
	ssl.truststore.location = null
	ssl.truststore.password = null
	ssl.truststore.type = JKS
	transaction.timeout.ms = 60000
	transactional.id = null
	value.serializer = class io.apicurio.registry.serde.avro.AvroKafkaSerializer

2025-07-31 02:26:08,209 INFO  [org.apa.kaf.com.tel.int.KafkaMetricsCollector] (main) initializing Kafka metrics collector
2025-07-31 02:26:08,212 INFO  [org.apa.kaf.cli.pro.KafkaProducer] (main) [Producer clientId=Producer-topic-e8f8d0a7_6e0b_4329_b57e_a5de2c4e4302] Instantiated an idempotent producer.
2025-07-31 02:26:08,214 INFO  [org.apa.kaf.cli.pro.ProducerConfig] (main) These configurations '[apicurio.registry.url, apicurio.registry.artifact-resolver-strategy]' were supplied but are not used yet.
2025-07-31 02:26:08,214 INFO  [org.apa.kaf.com.uti.AppInfoParser] (main) Kafka version: 3.9.0
2025-07-31 02:26:08,214 INFO  [org.apa.kaf.com.uti.AppInfoParser] (main) Kafka commitId: 84caaa6e9da06435
2025-07-31 02:26:08,214 INFO  [org.apa.kaf.com.uti.AppInfoParser] (main) Kafka startTimeMs: 1753928768214
2025-07-31 02:26:08,216 INFO  [io.api.tes.ser.api.KafkaSerdesTester] (Thread-196) Sending message {"key11753928765175": "value-0", "key21753928767086": "value-0"} to topic topic-e8f8d0a7_6e0b_4329_b57e_a5de2c4e4302
2025-07-31 02:26:08,219 INFO  [org.apa.kaf.cli.Metadata] (kafka-producer-network-thread | Producer-topic-e8f8d0a7_6e0b_4329_b57e_a5de2c4e4302) [Producer clientId=Producer-topic-e8f8d0a7_6e0b_4329_b57e_a5de2c4e4302] Cluster ID: MA4G_e_SRU2vGr9gzyfJLg
2025-07-31 02:26:08,219 INFO  [org.apa.kaf.cli.pro.int.TransactionManager] (kafka-producer-network-thread | Producer-topic-e8f8d0a7_6e0b_4329_b57e_a5de2c4e4302) [Producer clientId=Producer-topic-e8f8d0a7_6e0b_4329_b57e_a5de2c4e4302] ProducerId set to 13 with epoch 0
2025-07-31 02:26:08,219 INFO  [DefaultSchemaResolver] (Thread-196) Retrieving schema content using string: {"type":"record","name":"s23f13fefx3034x40eex820dx51c32040f60a","namespace":"ns_e4d6c99b_a725_4e80_8ebc_b4a3e095a85b","fields":[{"name":"key11753928765175","type":"string"},{"name":"key21753928767086","type":"string"}]}
2025-07-31 02:26:08,307 INFO  [io.api.tes.ser.api.KafkaSerdesTester] (Thread-196) Sending message {"key11753928765175": "value-1", "key21753928767086": "value-1"} to topic topic-e8f8d0a7_6e0b_4329_b57e_a5de2c4e4302
2025-07-31 02:26:08,308 INFO  [io.api.tes.ser.api.KafkaSerdesTester] (Thread-196) Sending message {"key11753928765175": "value-2", "key21753928767086": "value-2"} to topic topic-e8f8d0a7_6e0b_4329_b57e_a5de2c4e4302
2025-07-31 02:26:08,310 INFO  [io.api.tes.ser.api.KafkaSerdesTester] (Thread-196) Sending message {"key11753928765175": "value-3", "key21753928767086": "value-3"} to topic topic-e8f8d0a7_6e0b_4329_b57e_a5de2c4e4302
2025-07-31 02:26:08,311 INFO  [io.api.tes.ser.api.KafkaSerdesTester] (Thread-196) Sending message {"key11753928765175": "value-4", "key21753928767086": "value-4"} to topic topic-e8f8d0a7_6e0b_4329_b57e_a5de2c4e4302
2025-07-31 02:26:08,312 INFO  [io.api.tes.ser.api.KafkaSerdesTester] (Thread-196) Sending message {"key11753928765175": "value-5", "key21753928767086": "value-5"} to topic topic-e8f8d0a7_6e0b_4329_b57e_a5de2c4e4302
2025-07-31 02:26:08,314 INFO  [io.api.tes.ser.api.KafkaSerdesTester] (Thread-196) Sending message {"key11753928765175": "value-6", "key21753928767086": "value-6"} to topic topic-e8f8d0a7_6e0b_4329_b57e_a5de2c4e4302
2025-07-31 02:26:08,316 INFO  [io.api.tes.ser.api.KafkaSerdesTester] (Thread-196) Sending message {"key11753928765175": "value-7", "key21753928767086": "value-7"} to topic topic-e8f8d0a7_6e0b_4329_b57e_a5de2c4e4302
2025-07-31 02:26:08,318 INFO  [io.api.tes.ser.api.KafkaSerdesTester] (Thread-196) Sending message {"key11753928765175": "value-8", "key21753928767086": "value-8"} to topic topic-e8f8d0a7_6e0b_4329_b57e_a5de2c4e4302
2025-07-31 02:26:08,320 INFO  [io.api.tes.ser.api.KafkaSerdesTester] (Thread-196) Sending message {"key11753928765175": "value-9", "key21753928767086": "value-9"} to topic topic-e8f8d0a7_6e0b_4329_b57e_a5de2c4e4302
2025-07-31 02:26:08,322 INFO  [io.api.tes.ser.api.KafkaSerdesTester] (Thread-196) Produced 10 messages
2025-07-31 02:26:08,322 INFO  [org.apa.kaf.cli.pro.KafkaProducer] (Thread-196) [Producer clientId=Producer-topic-e8f8d0a7_6e0b_4329_b57e_a5de2c4e4302] Closing the Kafka producer with timeoutMillis = 9223372036854775807 ms.
2025-07-31 02:26:08,326 INFO  [org.apa.kaf.com.met.Metrics] (Thread-196) Metrics scheduler closed
2025-07-31 02:26:08,326 INFO  [org.apa.kaf.com.met.Metrics] (Thread-196) Closing reporter org.apache.kafka.common.metrics.JmxReporter
2025-07-31 02:26:08,326 INFO  [org.apa.kaf.com.met.Metrics] (Thread-196) Closing reporter org.apache.kafka.common.telemetry.internals.ClientTelemetryReporter
2025-07-31 02:26:08,326 INFO  [org.apa.kaf.com.met.Metrics] (Thread-196) Metrics reporters closed
2025-07-31 02:26:08,326 INFO  [org.apa.kaf.com.uti.AppInfoParser] (Thread-196) App info kafka.producer for Producer-topic-e8f8d0a7_6e0b_4329_b57e_a5de2c4e4302 unregistered
2025-07-31 02:26:08,326 INFO  [org.apa.kaf.cli.pro.ProducerConfig] (main) ProducerConfig values: 
	acks = -1
	auto.include.jmx.reporter = true
	batch.size = 16384
	bootstrap.servers = [PLAINTEXT://localhost:32770]
	buffer.memory = 33554432
	client.dns.lookup = use_all_dns_ips
	client.id = Producer-topic-e8f8d0a7_6e0b_4329_b57e_a5de2c4e4302
	compression.gzip.level = -1
	compression.lz4.level = 9
	compression.type = none
	compression.zstd.level = 3
	connections.max.idle.ms = 10000
	delivery.timeout.ms = 120000
	enable.idempotence = true
	enable.metrics.push = true
	interceptor.classes = []
	key.serializer = class org.apache.kafka.common.serialization.StringSerializer
	linger.ms = 0
	max.block.ms = 60000
	max.in.flight.requests.per.connection = 5
	max.request.size = 1048576
	metadata.max.age.ms = 300000
	metadata.max.idle.ms = 300000
	metadata.recovery.strategy = none
	metric.reporters = []
	metrics.num.samples = 2
	metrics.recording.level = INFO
	metrics.sample.window.ms = 30000
	partitioner.adaptive.partitioning.enable = true
	partitioner.availability.timeout.ms = 0
	partitioner.class = null
	partitioner.ignore.keys = false
	receive.buffer.bytes = 32768
	reconnect.backoff.max.ms = 1000
	reconnect.backoff.ms = 50
	request.timeout.ms = 5000
	retries = 2147483647
	retry.backoff.max.ms = 1000
	retry.backoff.ms = 100
	sasl.client.callback.handler.class = null
	sasl.jaas.config = null
	sasl.kerberos.kinit.cmd = /usr/bin/kinit
	sasl.kerberos.min.time.before.relogin = 60000
	sasl.kerberos.service.name = null
	sasl.kerberos.ticket.renew.jitter = 0.05
	sasl.kerberos.ticket.renew.window.factor = 0.8
	sasl.login.callback.handler.class = null
	sasl.login.class = null
	sasl.login.connect.timeout.ms = null
	sasl.login.read.timeout.ms = null
	sasl.login.refresh.buffer.seconds = 300
	sasl.login.refresh.min.period.seconds = 60
	sasl.login.refresh.window.factor = 0.8
	sasl.login.refresh.window.jitter = 0.05
	sasl.login.retry.backoff.max.ms = 10000
	sasl.login.retry.backoff.ms = 100
	sasl.mechanism = GSSAPI
	sasl.oauthbearer.clock.skew.seconds = 30
	sasl.oauthbearer.expected.audience = null
	sasl.oauthbearer.expected.issuer = null
	sasl.oauthbearer.header.urlencode = false
	sasl.oauthbearer.jwks.endpoint.refresh.ms = 3600000
	sasl.oauthbearer.jwks.endpoint.retry.backoff.max.ms = 10000
	sasl.oauthbearer.jwks.endpoint.retry.backoff.ms = 100
	sasl.oauthbearer.jwks.endpoint.url = null
	sasl.oauthbearer.scope.claim.name = scope
	sasl.oauthbearer.sub.claim.name = sub
	sasl.oauthbearer.token.endpoint.url = null
	security.protocol = PLAINTEXT
	security.providers = null
	send.buffer.bytes = 131072
	socket.connection.setup.timeout.max.ms = 30000
	socket.connection.setup.timeout.ms = 10000
	ssl.cipher.suites = null
	ssl.enabled.protocols = [TLSv1.2, TLSv1.3]
	ssl.endpoint.identification.algorithm = https
	ssl.engine.factory.class = null
	ssl.key.password = null
	ssl.keymanager.algorithm = SunX509
	ssl.keystore.certificate.chain = null
	ssl.keystore.key = null
	ssl.keystore.location = null
	ssl.keystore.password = null
	ssl.keystore.type = JKS
	ssl.protocol = TLSv1.3
	ssl.provider = null
	ssl.secure.random.implementation = null
	ssl.trustmanager.algorithm = PKIX
	ssl.truststore.certificates = null
	ssl.truststore.location = null
	ssl.truststore.password = null
	ssl.truststore.type = JKS
	transaction.timeout.ms = 60000
	transactional.id = null
	value.serializer = class io.apicurio.registry.serde.avro.AvroKafkaSerializer

2025-07-31 02:26:08,327 INFO  [org.apa.kaf.com.tel.int.KafkaMetricsCollector] (main) initializing Kafka metrics collector
2025-07-31 02:26:08,333 INFO  [org.apa.kaf.cli.pro.KafkaProducer] (main) [Producer clientId=Producer-topic-e8f8d0a7_6e0b_4329_b57e_a5de2c4e4302] Instantiated an idempotent producer.
2025-07-31 02:26:08,335 INFO  [org.apa.kaf.cli.pro.ProducerConfig] (main) These configurations '[apicurio.registry.url, apicurio.registry.artifact-resolver-strategy]' were supplied but are not used yet.
2025-07-31 02:26:08,335 INFO  [org.apa.kaf.com.uti.AppInfoParser] (main) Kafka version: 3.9.0
2025-07-31 02:26:08,335 INFO  [org.apa.kaf.com.uti.AppInfoParser] (main) Kafka commitId: 84caaa6e9da06435
2025-07-31 02:26:08,335 INFO  [org.apa.kaf.com.uti.AppInfoParser] (main) Kafka startTimeMs: 1753928768335
2025-07-31 02:26:08,335 INFO  [io.api.tes.ser.api.KafkaSerdesTester] (Thread-199) Sending message {"key11753928765175": "value-0"} to topic topic-e8f8d0a7_6e0b_4329_b57e_a5de2c4e4302
2025-07-31 02:26:08,339 INFO  [org.apa.kaf.cli.Metadata] (kafka-producer-network-thread | Producer-topic-e8f8d0a7_6e0b_4329_b57e_a5de2c4e4302) [Producer clientId=Producer-topic-e8f8d0a7_6e0b_4329_b57e_a5de2c4e4302] Cluster ID: MA4G_e_SRU2vGr9gzyfJLg
2025-07-31 02:26:08,339 INFO  [org.apa.kaf.cli.pro.int.TransactionManager] (kafka-producer-network-thread | Producer-topic-e8f8d0a7_6e0b_4329_b57e_a5de2c4e4302) [Producer clientId=Producer-topic-e8f8d0a7_6e0b_4329_b57e_a5de2c4e4302] ProducerId set to 14 with epoch 0
2025-07-31 02:26:08,339 INFO  [DefaultSchemaResolver] (Thread-199) Retrieving schema content using string: {"type":"record","name":"s23f13fefx3034x40eex820dx51c32040f60a","namespace":"ns_e4d6c99b_a725_4e80_8ebc_b4a3e095a85b","fields":[{"name":"key11753928765175","type":"string"}]}
2025-07-31 02:26:08,425 INFO  [io.api.tes.ser.api.KafkaSerdesTester] (Thread-199) Sending message {"key11753928765175": "value-1"} to topic topic-e8f8d0a7_6e0b_4329_b57e_a5de2c4e4302
2025-07-31 02:26:08,427 INFO  [io.api.tes.ser.api.KafkaSerdesTester] (Thread-199) Sending message {"key11753928765175": "value-2"} to topic topic-e8f8d0a7_6e0b_4329_b57e_a5de2c4e4302
2025-07-31 02:26:08,428 INFO  [io.api.tes.ser.api.KafkaSerdesTester] (Thread-199) Sending message {"key11753928765175": "value-3"} to topic topic-e8f8d0a7_6e0b_4329_b57e_a5de2c4e4302
2025-07-31 02:26:08,429 INFO  [io.api.tes.ser.api.KafkaSerdesTester] (Thread-199) Sending message {"key11753928765175": "value-4"} to topic topic-e8f8d0a7_6e0b_4329_b57e_a5de2c4e4302
2025-07-31 02:26:08,430 INFO  [io.api.tes.ser.api.KafkaSerdesTester] (Thread-199) Sending message {"key11753928765175": "value-5"} to topic topic-e8f8d0a7_6e0b_4329_b57e_a5de2c4e4302
2025-07-31 02:26:08,431 INFO  [io.api.tes.ser.api.KafkaSerdesTester] (Thread-199) Sending message {"key11753928765175": "value-6"} to topic topic-e8f8d0a7_6e0b_4329_b57e_a5de2c4e4302
2025-07-31 02:26:08,433 INFO  [io.api.tes.ser.api.KafkaSerdesTester] (Thread-199) Sending message {"key11753928765175": "value-7"} to topic topic-e8f8d0a7_6e0b_4329_b57e_a5de2c4e4302
2025-07-31 02:26:08,435 INFO  [io.api.tes.ser.api.KafkaSerdesTester] (Thread-199) Sending message {"key11753928765175": "value-8"} to topic topic-e8f8d0a7_6e0b_4329_b57e_a5de2c4e4302
2025-07-31 02:26:08,437 INFO  [io.api.tes.ser.api.KafkaSerdesTester] (Thread-199) Sending message {"key11753928765175": "value-9"} to topic topic-e8f8d0a7_6e0b_4329_b57e_a5de2c4e4302
2025-07-31 02:26:08,438 INFO  [io.api.tes.ser.api.KafkaSerdesTester] (Thread-199) Produced 10 messages
2025-07-31 02:26:08,438 INFO  [org.apa.kaf.cli.pro.KafkaProducer] (Thread-199) [Producer clientId=Producer-topic-e8f8d0a7_6e0b_4329_b57e_a5de2c4e4302] Closing the Kafka producer with timeoutMillis = 9223372036854775807 ms.
2025-07-31 02:26:08,440 INFO  [org.apa.kaf.com.met.Metrics] (Thread-199) Metrics scheduler closed
2025-07-31 02:26:08,440 INFO  [org.apa.kaf.com.met.Metrics] (Thread-199) Closing reporter org.apache.kafka.common.metrics.JmxReporter
2025-07-31 02:26:08,440 INFO  [org.apa.kaf.com.met.Metrics] (Thread-199) Closing reporter org.apache.kafka.common.telemetry.internals.ClientTelemetryReporter
2025-07-31 02:26:08,440 INFO  [org.apa.kaf.com.met.Metrics] (Thread-199) Metrics reporters closed
2025-07-31 02:26:08,440 INFO  [org.apa.kaf.com.uti.AppInfoParser] (Thread-199) App info kafka.producer for Producer-topic-e8f8d0a7_6e0b_4329_b57e_a5de2c4e4302 unregistered
2025-07-31 02:26:08,441 INFO  [org.apa.kaf.cli.con.ConsumerConfig] (main) ConsumerConfig values: 
	allow.auto.create.topics = true
	auto.commit.interval.ms = 500
	auto.include.jmx.reporter = true
	auto.offset.reset = earliest
	bootstrap.servers = [PLAINTEXT://localhost:32770]
	check.crcs = true
	client.dns.lookup = use_all_dns_ips
	client.id = consumer-Consumer-topic-e8f8d0a7_6e0b_4329_b57e_a5de2c4e4302-11
	client.rack = 
	connections.max.idle.ms = 10000
	default.api.timeout.ms = 60000
	enable.auto.commit = true
	enable.metrics.push = true
	exclude.internal.topics = true
	fetch.max.bytes = 52428800
	fetch.max.wait.ms = 500
	fetch.min.bytes = 1
	group.id = Consumer-topic-e8f8d0a7_6e0b_4329_b57e_a5de2c4e4302
	group.instance.id = null
	group.protocol = classic
	group.remote.assignor = null
	heartbeat.interval.ms = 3000
	interceptor.classes = []
	internal.leave.group.on.close = true
	internal.throw.on.fetch.stable.offset.unsupported = false
	isolation.level = read_uncommitted
	key.deserializer = class org.apache.kafka.common.serialization.StringDeserializer
	max.partition.fetch.bytes = 1048576
	max.poll.interval.ms = 300000
	max.poll.records = 500
	metadata.max.age.ms = 300000
	metadata.recovery.strategy = none
	metric.reporters = []
	metrics.num.samples = 2
	metrics.recording.level = INFO
	metrics.sample.window.ms = 30000
	partition.assignment.strategy = [class org.apache.kafka.clients.consumer.RangeAssignor, class org.apache.kafka.clients.consumer.CooperativeStickyAssignor]
	receive.buffer.bytes = 65536
	reconnect.backoff.max.ms = 1000
	reconnect.backoff.ms = 50
	request.timeout.ms = 5000
	retry.backoff.max.ms = 1000
	retry.backoff.ms = 100
	sasl.client.callback.handler.class = null
	sasl.jaas.config = null
	sasl.kerberos.kinit.cmd = /usr/bin/kinit
	sasl.kerberos.min.time.before.relogin = 60000
	sasl.kerberos.service.name = null
	sasl.kerberos.ticket.renew.jitter = 0.05
	sasl.kerberos.ticket.renew.window.factor = 0.8
	sasl.login.callback.handler.class = null
	sasl.login.class = null
	sasl.login.connect.timeout.ms = null
	sasl.login.read.timeout.ms = null
	sasl.login.refresh.buffer.seconds = 300
	sasl.login.refresh.min.period.seconds = 60
	sasl.login.refresh.window.factor = 0.8
	sasl.login.refresh.window.jitter = 0.05
	sasl.login.retry.backoff.max.ms = 10000
	sasl.login.retry.backoff.ms = 100
	sasl.mechanism = GSSAPI
	sasl.oauthbearer.clock.skew.seconds = 30
	sasl.oauthbearer.expected.audience = null
	sasl.oauthbearer.expected.issuer = null
	sasl.oauthbearer.header.urlencode = false
	sasl.oauthbearer.jwks.endpoint.refresh.ms = 3600000
	sasl.oauthbearer.jwks.endpoint.retry.backoff.max.ms = 10000
	sasl.oauthbearer.jwks.endpoint.retry.backoff.ms = 100
	sasl.oauthbearer.jwks.endpoint.url = null
	sasl.oauthbearer.scope.claim.name = scope
	sasl.oauthbearer.sub.claim.name = sub
	sasl.oauthbearer.token.endpoint.url = null
	security.protocol = PLAINTEXT
	security.providers = null
	send.buffer.bytes = 131072
	session.timeout.ms = 45000
	socket.connection.setup.timeout.max.ms = 30000
	socket.connection.setup.timeout.ms = 10000
	ssl.cipher.suites = null
	ssl.enabled.protocols = [TLSv1.2, TLSv1.3]
	ssl.endpoint.identification.algorithm = https
	ssl.engine.factory.class = null
	ssl.key.password = null
	ssl.keymanager.algorithm = SunX509
	ssl.keystore.certificate.chain = null
	ssl.keystore.key = null
	ssl.keystore.location = null
	ssl.keystore.password = null
	ssl.keystore.type = JKS
	ssl.protocol = TLSv1.3
	ssl.provider = null
	ssl.secure.random.implementation = null
	ssl.trustmanager.algorithm = PKIX
	ssl.truststore.certificates = null
	ssl.truststore.location = null
	ssl.truststore.password = null
	ssl.truststore.type = JKS
	value.deserializer = class io.apicurio.registry.serde.avro.AvroKafkaDeserializer

2025-07-31 02:26:08,441 INFO  [org.apa.kaf.com.tel.int.KafkaMetricsCollector] (main) initializing Kafka metrics collector
2025-07-31 02:26:08,447 INFO  [org.apa.kaf.cli.con.ConsumerConfig] (main) These configurations '[apicurio.registry.url]' were supplied but are not used yet.
2025-07-31 02:26:08,447 INFO  [org.apa.kaf.com.uti.AppInfoParser] (main) Kafka version: 3.9.0
2025-07-31 02:26:08,447 INFO  [org.apa.kaf.com.uti.AppInfoParser] (main) Kafka commitId: 84caaa6e9da06435
2025-07-31 02:26:08,447 INFO  [org.apa.kaf.com.uti.AppInfoParser] (main) Kafka startTimeMs: 1753928768447
2025-07-31 02:26:08,447 INFO  [org.apa.kaf.cli.con.int.ClassicKafkaConsumer] (Thread-202) [Consumer clientId=consumer-Consumer-topic-e8f8d0a7_6e0b_4329_b57e_a5de2c4e4302-11, groupId=Consumer-topic-e8f8d0a7_6e0b_4329_b57e_a5de2c4e4302] Subscribed to topic(s): topic-e8f8d0a7_6e0b_4329_b57e_a5de2c4e4302
2025-07-31 02:26:08,452 INFO  [org.apa.kaf.cli.Metadata] (Thread-202) [Consumer clientId=consumer-Consumer-topic-e8f8d0a7_6e0b_4329_b57e_a5de2c4e4302-11, groupId=Consumer-topic-e8f8d0a7_6e0b_4329_b57e_a5de2c4e4302] Cluster ID: MA4G_e_SRU2vGr9gzyfJLg
2025-07-31 02:26:08,453 INFO  [org.apa.kaf.cli.con.int.ConsumerCoordinator] (Thread-202) [Consumer clientId=consumer-Consumer-topic-e8f8d0a7_6e0b_4329_b57e_a5de2c4e4302-11, groupId=Consumer-topic-e8f8d0a7_6e0b_4329_b57e_a5de2c4e4302] Discovered group coordinator localhost:32770 (id: 2147483647 rack: null)
2025-07-31 02:26:08,456 INFO  [org.apa.kaf.cli.con.int.ConsumerCoordinator] (Thread-202) [Consumer clientId=consumer-Consumer-topic-e8f8d0a7_6e0b_4329_b57e_a5de2c4e4302-11, groupId=Consumer-topic-e8f8d0a7_6e0b_4329_b57e_a5de2c4e4302] (Re-)joining group
2025-07-31 02:26:08,462 INFO  [org.apa.kaf.cli.con.int.ConsumerCoordinator] (Thread-202) [Consumer clientId=consumer-Consumer-topic-e8f8d0a7_6e0b_4329_b57e_a5de2c4e4302-11, groupId=Consumer-topic-e8f8d0a7_6e0b_4329_b57e_a5de2c4e4302] Request joining group due to: need to re-join with the given member-id: consumer-Consumer-topic-e8f8d0a7_6e0b_4329_b57e_a5de2c4e4302-11-e7d71083-8460-4268-a342-a3af02ec6c7f
2025-07-31 02:26:08,462 INFO  [org.apa.kaf.cli.con.int.ConsumerCoordinator] (Thread-202) [Consumer clientId=consumer-Consumer-topic-e8f8d0a7_6e0b_4329_b57e_a5de2c4e4302-11, groupId=Consumer-topic-e8f8d0a7_6e0b_4329_b57e_a5de2c4e4302] (Re-)joining group
2025-07-31 02:26:08,464 INFO  [org.apa.kaf.cli.con.int.ConsumerCoordinator] (Thread-202) [Consumer clientId=consumer-Consumer-topic-e8f8d0a7_6e0b_4329_b57e_a5de2c4e4302-11, groupId=Consumer-topic-e8f8d0a7_6e0b_4329_b57e_a5de2c4e4302] Successfully joined group with generation Generation{generationId=3, memberId='consumer-Consumer-topic-e8f8d0a7_6e0b_4329_b57e_a5de2c4e4302-11-e7d71083-8460-4268-a342-a3af02ec6c7f', protocol='range'}
2025-07-31 02:26:08,464 INFO  [org.apa.kaf.cli.con.int.ConsumerCoordinator] (Thread-202) [Consumer clientId=consumer-Consumer-topic-e8f8d0a7_6e0b_4329_b57e_a5de2c4e4302-11, groupId=Consumer-topic-e8f8d0a7_6e0b_4329_b57e_a5de2c4e4302] Finished assignment for group at generation 3: {consumer-Consumer-topic-e8f8d0a7_6e0b_4329_b57e_a5de2c4e4302-11-e7d71083-8460-4268-a342-a3af02ec6c7f=Assignment(partitions=[topic-e8f8d0a7_6e0b_4329_b57e_a5de2c4e4302-0])}
2025-07-31 02:26:08,467 INFO  [org.apa.kaf.cli.con.int.ConsumerCoordinator] (Thread-202) [Consumer clientId=consumer-Consumer-topic-e8f8d0a7_6e0b_4329_b57e_a5de2c4e4302-11, groupId=Consumer-topic-e8f8d0a7_6e0b_4329_b57e_a5de2c4e4302] Successfully synced group in generation Generation{generationId=3, memberId='consumer-Consumer-topic-e8f8d0a7_6e0b_4329_b57e_a5de2c4e4302-11-e7d71083-8460-4268-a342-a3af02ec6c7f', protocol='range'}
2025-07-31 02:26:08,467 INFO  [org.apa.kaf.cli.con.int.ConsumerCoordinator] (Thread-202) [Consumer clientId=consumer-Consumer-topic-e8f8d0a7_6e0b_4329_b57e_a5de2c4e4302-11, groupId=Consumer-topic-e8f8d0a7_6e0b_4329_b57e_a5de2c4e4302] Notifying assignor about the new Assignment(partitions=[topic-e8f8d0a7_6e0b_4329_b57e_a5de2c4e4302-0])
2025-07-31 02:26:08,467 INFO  [org.apa.kaf.cli.con.int.ConsumerRebalanceListenerInvoker] (Thread-202) [Consumer clientId=consumer-Consumer-topic-e8f8d0a7_6e0b_4329_b57e_a5de2c4e4302-11, groupId=Consumer-topic-e8f8d0a7_6e0b_4329_b57e_a5de2c4e4302] Adding newly assigned partitions: topic-e8f8d0a7_6e0b_4329_b57e_a5de2c4e4302-0
2025-07-31 02:26:08,470 INFO  [org.apa.kaf.cli.con.int.ConsumerUtils] (Thread-202) Setting offset for partition topic-e8f8d0a7_6e0b_4329_b57e_a5de2c4e4302-0 to the committed offset FetchPosition{offset=10, offsetEpoch=Optional[0], currentLeader=LeaderAndEpoch{leader=Optional[localhost:32770 (id: 0 rack: null)], epoch=0}}
2025-07-31 02:26:08,681 INFO  [io.api.tes.ser.api.KafkaSerdesTester] (Thread-202) topic-e8f8d0a7_6e0b_4329_b57e_a5de2c4e4302 0 10 {"key11753928765175": "value-0", "key21753928767086": "value-0"}
2025-07-31 02:26:08,681 INFO  [io.api.tes.ser.api.KafkaSerdesTester] (Thread-202) topic-e8f8d0a7_6e0b_4329_b57e_a5de2c4e4302 0 11 {"key11753928765175": "value-1", "key21753928767086": "value-1"}
2025-07-31 02:26:08,681 INFO  [io.api.tes.ser.api.KafkaSerdesTester] (Thread-202) topic-e8f8d0a7_6e0b_4329_b57e_a5de2c4e4302 0 12 {"key11753928765175": "value-2", "key21753928767086": "value-2"}
2025-07-31 02:26:08,681 INFO  [io.api.tes.ser.api.KafkaSerdesTester] (Thread-202) topic-e8f8d0a7_6e0b_4329_b57e_a5de2c4e4302 0 13 {"key11753928765175": "value-3", "key21753928767086": "value-3"}
2025-07-31 02:26:08,681 INFO  [io.api.tes.ser.api.KafkaSerdesTester] (Thread-202) topic-e8f8d0a7_6e0b_4329_b57e_a5de2c4e4302 0 14 {"key11753928765175": "value-4", "key21753928767086": "value-4"}
2025-07-31 02:26:08,681 INFO  [io.api.tes.ser.api.KafkaSerdesTester] (Thread-202) topic-e8f8d0a7_6e0b_4329_b57e_a5de2c4e4302 0 15 {"key11753928765175": "value-5", "key21753928767086": "value-5"}
2025-07-31 02:26:08,681 INFO  [io.api.tes.ser.api.KafkaSerdesTester] (Thread-202) topic-e8f8d0a7_6e0b_4329_b57e_a5de2c4e4302 0 16 {"key11753928765175": "value-6", "key21753928767086": "value-6"}
2025-07-31 02:26:08,681 INFO  [io.api.tes.ser.api.KafkaSerdesTester] (Thread-202) topic-e8f8d0a7_6e0b_4329_b57e_a5de2c4e4302 0 17 {"key11753928765175": "value-7", "key21753928767086": "value-7"}
2025-07-31 02:26:08,681 INFO  [io.api.tes.ser.api.KafkaSerdesTester] (Thread-202) topic-e8f8d0a7_6e0b_4329_b57e_a5de2c4e4302 0 18 {"key11753928765175": "value-8", "key21753928767086": "value-8"}
2025-07-31 02:26:08,681 INFO  [io.api.tes.ser.api.KafkaSerdesTester] (Thread-202) topic-e8f8d0a7_6e0b_4329_b57e_a5de2c4e4302 0 19 {"key11753928765175": "value-9", "key21753928767086": "value-9"}
2025-07-31 02:26:08,681 INFO  [io.api.tes.ser.api.KafkaSerdesTester] (Thread-202) topic-e8f8d0a7_6e0b_4329_b57e_a5de2c4e4302 0 20 {"key11753928765175": "value-0"}
2025-07-31 02:26:08,681 INFO  [io.api.tes.ser.api.KafkaSerdesTester] (Thread-202) topic-e8f8d0a7_6e0b_4329_b57e_a5de2c4e4302 0 21 {"key11753928765175": "value-1"}
2025-07-31 02:26:08,681 INFO  [io.api.tes.ser.api.KafkaSerdesTester] (Thread-202) topic-e8f8d0a7_6e0b_4329_b57e_a5de2c4e4302 0 22 {"key11753928765175": "value-2"}
2025-07-31 02:26:08,681 INFO  [io.api.tes.ser.api.KafkaSerdesTester] (Thread-202) topic-e8f8d0a7_6e0b_4329_b57e_a5de2c4e4302 0 23 {"key11753928765175": "value-3"}
2025-07-31 02:26:08,681 INFO  [io.api.tes.ser.api.KafkaSerdesTester] (Thread-202) topic-e8f8d0a7_6e0b_4329_b57e_a5de2c4e4302 0 24 {"key11753928765175": "value-4"}
2025-07-31 02:26:08,681 INFO  [io.api.tes.ser.api.KafkaSerdesTester] (Thread-202) topic-e8f8d0a7_6e0b_4329_b57e_a5de2c4e4302 0 25 {"key11753928765175": "value-5"}
2025-07-31 02:26:08,681 INFO  [io.api.tes.ser.api.KafkaSerdesTester] (Thread-202) topic-e8f8d0a7_6e0b_4329_b57e_a5de2c4e4302 0 26 {"key11753928765175": "value-6"}
2025-07-31 02:26:08,681 INFO  [io.api.tes.ser.api.KafkaSerdesTester] (Thread-202) topic-e8f8d0a7_6e0b_4329_b57e_a5de2c4e4302 0 27 {"key11753928765175": "value-7"}
2025-07-31 02:26:08,682 INFO  [io.api.tes.ser.api.KafkaSerdesTester] (Thread-202) topic-e8f8d0a7_6e0b_4329_b57e_a5de2c4e4302 0 28 {"key11753928765175": "value-8"}
2025-07-31 02:26:08,682 INFO  [io.api.tes.ser.api.KafkaSerdesTester] (Thread-202) topic-e8f8d0a7_6e0b_4329_b57e_a5de2c4e4302 0 29 {"key11753928765175": "value-9"}
2025-07-31 02:26:08,682 INFO  [io.api.tes.ser.api.KafkaSerdesTester] (Thread-202) Consumed 20 messages
2025-07-31 02:26:08,685 INFO  [org.apa.kaf.cli.con.int.ConsumerRebalanceListenerInvoker] (Thread-202) [Consumer clientId=consumer-Consumer-topic-e8f8d0a7_6e0b_4329_b57e_a5de2c4e4302-11, groupId=Consumer-topic-e8f8d0a7_6e0b_4329_b57e_a5de2c4e4302] Revoke previously assigned partitions topic-e8f8d0a7_6e0b_4329_b57e_a5de2c4e4302-0
2025-07-31 02:26:08,685 INFO  [org.apa.kaf.cli.con.int.ConsumerCoordinator] (Thread-202) [Consumer clientId=consumer-Consumer-topic-e8f8d0a7_6e0b_4329_b57e_a5de2c4e4302-11, groupId=Consumer-topic-e8f8d0a7_6e0b_4329_b57e_a5de2c4e4302] Member consumer-Consumer-topic-e8f8d0a7_6e0b_4329_b57e_a5de2c4e4302-11-e7d71083-8460-4268-a342-a3af02ec6c7f sending LeaveGroup request to coordinator localhost:32770 (id: 2147483647 rack: null) due to the consumer is being closed
2025-07-31 02:26:08,685 INFO  [org.apa.kaf.cli.con.int.ConsumerCoordinator] (Thread-202) [Consumer clientId=consumer-Consumer-topic-e8f8d0a7_6e0b_4329_b57e_a5de2c4e4302-11, groupId=Consumer-topic-e8f8d0a7_6e0b_4329_b57e_a5de2c4e4302] Resetting generation and member id due to: consumer pro-actively leaving the group
2025-07-31 02:26:08,686 INFO  [org.apa.kaf.cli.con.int.ConsumerCoordinator] (Thread-202) [Consumer clientId=consumer-Consumer-topic-e8f8d0a7_6e0b_4329_b57e_a5de2c4e4302-11, groupId=Consumer-topic-e8f8d0a7_6e0b_4329_b57e_a5de2c4e4302] Request joining group due to: consumer pro-actively leaving the group
2025-07-31 02:26:09,185 INFO  [org.apa.kaf.com.met.Metrics] (Thread-202) Metrics scheduler closed
2025-07-31 02:26:09,185 INFO  [org.apa.kaf.com.met.Metrics] (Thread-202) Closing reporter org.apache.kafka.common.metrics.JmxReporter
2025-07-31 02:26:09,185 INFO  [org.apa.kaf.com.met.Metrics] (Thread-202) Closing reporter org.apache.kafka.common.telemetry.internals.ClientTelemetryReporter
2025-07-31 02:26:09,185 INFO  [org.apa.kaf.com.met.Metrics] (Thread-202) Metrics reporters closed
2025-07-31 02:26:09,188 INFO  [org.apa.kaf.com.uti.AppInfoParser] (Thread-202) App info kafka.consumer for consumer-Consumer-topic-e8f8d0a7_6e0b_4329_b57e_a5de2c4e4302-11 unregistered
2025-07-31 02:26:09,189 INFO  [io.api.tes.ser.api.AvroSerdeIT] (main) Registering Avro Schema 3: {"type":"record","name":"s23f13fefx3034x40eex820dx51c32040f60a","namespace":"ns_e4d6c99b_a725_4e80_8ebc_b4a3e095a85b","fields":[{"name":"key11753928765175","type":"string"},{"name":"key21753928767086","type":"string"},{"name":"key31753928769188","type":"string"}]}
2025-07-31 02:26:10,306 INFO  [org.apa.kaf.cli.pro.ProducerConfig] (main) ProducerConfig values: 
	acks = -1
	auto.include.jmx.reporter = true
	batch.size = 16384
	bootstrap.servers = [PLAINTEXT://localhost:32770]
	buffer.memory = 33554432
	client.dns.lookup = use_all_dns_ips
	client.id = Producer-topic-e8f8d0a7_6e0b_4329_b57e_a5de2c4e4302
	compression.gzip.level = -1
	compression.lz4.level = 9
	compression.type = none
	compression.zstd.level = 3
	connections.max.idle.ms = 10000
	delivery.timeout.ms = 120000
	enable.idempotence = true
	enable.metrics.push = true
	interceptor.classes = []
	key.serializer = class org.apache.kafka.common.serialization.StringSerializer
	linger.ms = 0
	max.block.ms = 60000
	max.in.flight.requests.per.connection = 5
	max.request.size = 1048576
	metadata.max.age.ms = 300000
	metadata.max.idle.ms = 300000
	metadata.recovery.strategy = none
	metric.reporters = []
	metrics.num.samples = 2
	metrics.recording.level = INFO
	metrics.sample.window.ms = 30000
	partitioner.adaptive.partitioning.enable = true
	partitioner.availability.timeout.ms = 0
	partitioner.class = null
	partitioner.ignore.keys = false
	receive.buffer.bytes = 32768
	reconnect.backoff.max.ms = 1000
	reconnect.backoff.ms = 50
	request.timeout.ms = 5000
	retries = 2147483647
	retry.backoff.max.ms = 1000
	retry.backoff.ms = 100
	sasl.client.callback.handler.class = null
	sasl.jaas.config = null
	sasl.kerberos.kinit.cmd = /usr/bin/kinit
	sasl.kerberos.min.time.before.relogin = 60000
	sasl.kerberos.service.name = null
	sasl.kerberos.ticket.renew.jitter = 0.05
	sasl.kerberos.ticket.renew.window.factor = 0.8
	sasl.login.callback.handler.class = null
	sasl.login.class = null
	sasl.login.connect.timeout.ms = null
	sasl.login.read.timeout.ms = null
	sasl.login.refresh.buffer.seconds = 300
	sasl.login.refresh.min.period.seconds = 60
	sasl.login.refresh.window.factor = 0.8
	sasl.login.refresh.window.jitter = 0.05
	sasl.login.retry.backoff.max.ms = 10000
	sasl.login.retry.backoff.ms = 100
	sasl.mechanism = GSSAPI
	sasl.oauthbearer.clock.skew.seconds = 30
	sasl.oauthbearer.expected.audience = null
	sasl.oauthbearer.expected.issuer = null
	sasl.oauthbearer.header.urlencode = false
	sasl.oauthbearer.jwks.endpoint.refresh.ms = 3600000
	sasl.oauthbearer.jwks.endpoint.retry.backoff.max.ms = 10000
	sasl.oauthbearer.jwks.endpoint.retry.backoff.ms = 100
	sasl.oauthbearer.jwks.endpoint.url = null
	sasl.oauthbearer.scope.claim.name = scope
	sasl.oauthbearer.sub.claim.name = sub
	sasl.oauthbearer.token.endpoint.url = null
	security.protocol = PLAINTEXT
	security.providers = null
	send.buffer.bytes = 131072
	socket.connection.setup.timeout.max.ms = 30000
	socket.connection.setup.timeout.ms = 10000
	ssl.cipher.suites = null
	ssl.enabled.protocols = [TLSv1.2, TLSv1.3]
	ssl.endpoint.identification.algorithm = https
	ssl.engine.factory.class = null
	ssl.key.password = null
	ssl.keymanager.algorithm = SunX509
	ssl.keystore.certificate.chain = null
	ssl.keystore.key = null
	ssl.keystore.location = null
	ssl.keystore.password = null
	ssl.keystore.type = JKS
	ssl.protocol = TLSv1.3
	ssl.provider = null
	ssl.secure.random.implementation = null
	ssl.trustmanager.algorithm = PKIX
	ssl.truststore.certificates = null
	ssl.truststore.location = null
	ssl.truststore.password = null
	ssl.truststore.type = JKS
	transaction.timeout.ms = 60000
	transactional.id = null
	value.serializer = class io.apicurio.registry.serde.avro.AvroKafkaSerializer

2025-07-31 02:26:10,306 INFO  [org.apa.kaf.com.tel.int.KafkaMetricsCollector] (main) initializing Kafka metrics collector
2025-07-31 02:26:10,310 INFO  [org.apa.kaf.cli.pro.KafkaProducer] (main) [Producer clientId=Producer-topic-e8f8d0a7_6e0b_4329_b57e_a5de2c4e4302] Instantiated an idempotent producer.
2025-07-31 02:26:10,311 INFO  [org.apa.kaf.cli.pro.ProducerConfig] (main) These configurations '[apicurio.registry.url, apicurio.registry.artifact-resolver-strategy]' were supplied but are not used yet.
2025-07-31 02:26:10,311 INFO  [org.apa.kaf.com.uti.AppInfoParser] (main) Kafka version: 3.9.0
2025-07-31 02:26:10,311 INFO  [org.apa.kaf.com.uti.AppInfoParser] (main) Kafka commitId: 84caaa6e9da06435
2025-07-31 02:26:10,311 INFO  [org.apa.kaf.com.uti.AppInfoParser] (main) Kafka startTimeMs: 1753928770311
2025-07-31 02:26:10,312 INFO  [io.api.tes.ser.api.KafkaSerdesTester] (Thread-205) Sending message {"key11753928765175": "value-0", "key21753928767086": "value-0", "key31753928769188": "value-0"} to topic topic-e8f8d0a7_6e0b_4329_b57e_a5de2c4e4302
2025-07-31 02:26:10,316 INFO  [org.apa.kaf.cli.Metadata] (kafka-producer-network-thread | Producer-topic-e8f8d0a7_6e0b_4329_b57e_a5de2c4e4302) [Producer clientId=Producer-topic-e8f8d0a7_6e0b_4329_b57e_a5de2c4e4302] Cluster ID: MA4G_e_SRU2vGr9gzyfJLg
2025-07-31 02:26:10,316 INFO  [org.apa.kaf.cli.pro.int.TransactionManager] (kafka-producer-network-thread | Producer-topic-e8f8d0a7_6e0b_4329_b57e_a5de2c4e4302) [Producer clientId=Producer-topic-e8f8d0a7_6e0b_4329_b57e_a5de2c4e4302] ProducerId set to 15 with epoch 0
2025-07-31 02:26:10,317 INFO  [DefaultSchemaResolver] (Thread-205) Retrieving schema content using string: {"type":"record","name":"s23f13fefx3034x40eex820dx51c32040f60a","namespace":"ns_e4d6c99b_a725_4e80_8ebc_b4a3e095a85b","fields":[{"name":"key11753928765175","type":"string"},{"name":"key21753928767086","type":"string"},{"name":"key31753928769188","type":"string"}]}
2025-07-31 02:26:10,406 INFO  [io.api.tes.ser.api.KafkaSerdesTester] (Thread-205) Sending message {"key11753928765175": "value-1", "key21753928767086": "value-1", "key31753928769188": "value-1"} to topic topic-e8f8d0a7_6e0b_4329_b57e_a5de2c4e4302
2025-07-31 02:26:10,408 INFO  [io.api.tes.ser.api.KafkaSerdesTester] (Thread-205) Sending message {"key11753928765175": "value-2", "key21753928767086": "value-2", "key31753928769188": "value-2"} to topic topic-e8f8d0a7_6e0b_4329_b57e_a5de2c4e4302
2025-07-31 02:26:10,410 INFO  [io.api.tes.ser.api.KafkaSerdesTester] (Thread-205) Sending message {"key11753928765175": "value-3", "key21753928767086": "value-3", "key31753928769188": "value-3"} to topic topic-e8f8d0a7_6e0b_4329_b57e_a5de2c4e4302
2025-07-31 02:26:10,412 INFO  [io.api.tes.ser.api.KafkaSerdesTester] (Thread-205) Sending message {"key11753928765175": "value-4", "key21753928767086": "value-4", "key31753928769188": "value-4"} to topic topic-e8f8d0a7_6e0b_4329_b57e_a5de2c4e4302
2025-07-31 02:26:10,413 INFO  [io.api.tes.ser.api.KafkaSerdesTester] (Thread-205) Sending message {"key11753928765175": "value-5", "key21753928767086": "value-5", "key31753928769188": "value-5"} to topic topic-e8f8d0a7_6e0b_4329_b57e_a5de2c4e4302
2025-07-31 02:26:10,415 INFO  [io.api.tes.ser.api.KafkaSerdesTester] (Thread-205) Sending message {"key11753928765175": "value-6", "key21753928767086": "value-6", "key31753928769188": "value-6"} to topic topic-e8f8d0a7_6e0b_4329_b57e_a5de2c4e4302
2025-07-31 02:26:10,416 INFO  [io.api.tes.ser.api.KafkaSerdesTester] (Thread-205) Sending message {"key11753928765175": "value-7", "key21753928767086": "value-7", "key31753928769188": "value-7"} to topic topic-e8f8d0a7_6e0b_4329_b57e_a5de2c4e4302
2025-07-31 02:26:10,417 INFO  [io.api.tes.ser.api.KafkaSerdesTester] (Thread-205) Sending message {"key11753928765175": "value-8", "key21753928767086": "value-8", "key31753928769188": "value-8"} to topic topic-e8f8d0a7_6e0b_4329_b57e_a5de2c4e4302
2025-07-31 02:26:10,419 INFO  [io.api.tes.ser.api.KafkaSerdesTester] (Thread-205) Sending message {"key11753928765175": "value-9", "key21753928767086": "value-9", "key31753928769188": "value-9"} to topic topic-e8f8d0a7_6e0b_4329_b57e_a5de2c4e4302
2025-07-31 02:26:10,423 INFO  [io.api.tes.ser.api.KafkaSerdesTester] (Thread-205) Produced 10 messages
2025-07-31 02:26:10,423 INFO  [org.apa.kaf.cli.pro.KafkaProducer] (Thread-205) [Producer clientId=Producer-topic-e8f8d0a7_6e0b_4329_b57e_a5de2c4e4302] Closing the Kafka producer with timeoutMillis = 9223372036854775807 ms.
2025-07-31 02:26:10,427 INFO  [org.apa.kaf.com.met.Metrics] (Thread-205) Metrics scheduler closed
2025-07-31 02:26:10,427 INFO  [org.apa.kaf.com.met.Metrics] (Thread-205) Closing reporter org.apache.kafka.common.metrics.JmxReporter
2025-07-31 02:26:10,427 INFO  [org.apa.kaf.com.met.Metrics] (Thread-205) Closing reporter org.apache.kafka.common.telemetry.internals.ClientTelemetryReporter
2025-07-31 02:26:10,427 INFO  [org.apa.kaf.com.met.Metrics] (Thread-205) Metrics reporters closed
2025-07-31 02:26:10,427 INFO  [org.apa.kaf.com.uti.AppInfoParser] (Thread-205) App info kafka.producer for Producer-topic-e8f8d0a7_6e0b_4329_b57e_a5de2c4e4302 unregistered
2025-07-31 02:26:10,428 INFO  [org.apa.kaf.cli.pro.ProducerConfig] (main) ProducerConfig values: 
	acks = -1
	auto.include.jmx.reporter = true
	batch.size = 16384
	bootstrap.servers = [PLAINTEXT://localhost:32770]
	buffer.memory = 33554432
	client.dns.lookup = use_all_dns_ips
	client.id = Producer-topic-e8f8d0a7_6e0b_4329_b57e_a5de2c4e4302
	compression.gzip.level = -1
	compression.lz4.level = 9
	compression.type = none
	compression.zstd.level = 3
	connections.max.idle.ms = 10000
	delivery.timeout.ms = 120000
	enable.idempotence = true
	enable.metrics.push = true
	interceptor.classes = []
	key.serializer = class org.apache.kafka.common.serialization.StringSerializer
	linger.ms = 0
	max.block.ms = 60000
	max.in.flight.requests.per.connection = 5
	max.request.size = 1048576
	metadata.max.age.ms = 300000
	metadata.max.idle.ms = 300000
	metadata.recovery.strategy = none
	metric.reporters = []
	metrics.num.samples = 2
	metrics.recording.level = INFO
	metrics.sample.window.ms = 30000
	partitioner.adaptive.partitioning.enable = true
	partitioner.availability.timeout.ms = 0
	partitioner.class = null
	partitioner.ignore.keys = false
	receive.buffer.bytes = 32768
	reconnect.backoff.max.ms = 1000
	reconnect.backoff.ms = 50
	request.timeout.ms = 5000
	retries = 2147483647
	retry.backoff.max.ms = 1000
	retry.backoff.ms = 100
	sasl.client.callback.handler.class = null
	sasl.jaas.config = null
	sasl.kerberos.kinit.cmd = /usr/bin/kinit
	sasl.kerberos.min.time.before.relogin = 60000
	sasl.kerberos.service.name = null
	sasl.kerberos.ticket.renew.jitter = 0.05
	sasl.kerberos.ticket.renew.window.factor = 0.8
	sasl.login.callback.handler.class = null
	sasl.login.class = null
	sasl.login.connect.timeout.ms = null
	sasl.login.read.timeout.ms = null
	sasl.login.refresh.buffer.seconds = 300
	sasl.login.refresh.min.period.seconds = 60
	sasl.login.refresh.window.factor = 0.8
	sasl.login.refresh.window.jitter = 0.05
	sasl.login.retry.backoff.max.ms = 10000
	sasl.login.retry.backoff.ms = 100
	sasl.mechanism = GSSAPI
	sasl.oauthbearer.clock.skew.seconds = 30
	sasl.oauthbearer.expected.audience = null
	sasl.oauthbearer.expected.issuer = null
	sasl.oauthbearer.header.urlencode = false
	sasl.oauthbearer.jwks.endpoint.refresh.ms = 3600000
	sasl.oauthbearer.jwks.endpoint.retry.backoff.max.ms = 10000
	sasl.oauthbearer.jwks.endpoint.retry.backoff.ms = 100
	sasl.oauthbearer.jwks.endpoint.url = null
	sasl.oauthbearer.scope.claim.name = scope
	sasl.oauthbearer.sub.claim.name = sub
	sasl.oauthbearer.token.endpoint.url = null
	security.protocol = PLAINTEXT
	security.providers = null
	send.buffer.bytes = 131072
	socket.connection.setup.timeout.max.ms = 30000
	socket.connection.setup.timeout.ms = 10000
	ssl.cipher.suites = null
	ssl.enabled.protocols = [TLSv1.2, TLSv1.3]
	ssl.endpoint.identification.algorithm = https
	ssl.engine.factory.class = null
	ssl.key.password = null
	ssl.keymanager.algorithm = SunX509
	ssl.keystore.certificate.chain = null
	ssl.keystore.key = null
	ssl.keystore.location = null
	ssl.keystore.password = null
	ssl.keystore.type = JKS
	ssl.protocol = TLSv1.3
	ssl.provider = null
	ssl.secure.random.implementation = null
	ssl.trustmanager.algorithm = PKIX
	ssl.truststore.certificates = null
	ssl.truststore.location = null
	ssl.truststore.password = null
	ssl.truststore.type = JKS
	transaction.timeout.ms = 60000
	transactional.id = null
	value.serializer = class io.apicurio.registry.serde.avro.AvroKafkaSerializer

2025-07-31 02:26:10,429 INFO  [org.apa.kaf.com.tel.int.KafkaMetricsCollector] (main) initializing Kafka metrics collector
2025-07-31 02:26:10,439 INFO  [org.apa.kaf.cli.pro.KafkaProducer] (main) [Producer clientId=Producer-topic-e8f8d0a7_6e0b_4329_b57e_a5de2c4e4302] Instantiated an idempotent producer.
2025-07-31 02:26:10,452 INFO  [org.apa.kaf.cli.pro.ProducerConfig] (main) These configurations '[apicurio.registry.url, apicurio.registry.artifact-resolver-strategy]' were supplied but are not used yet.
2025-07-31 02:26:10,452 INFO  [org.apa.kaf.com.uti.AppInfoParser] (main) Kafka version: 3.9.0
2025-07-31 02:26:10,452 INFO  [org.apa.kaf.com.uti.AppInfoParser] (main) Kafka commitId: 84caaa6e9da06435
2025-07-31 02:26:10,452 INFO  [org.apa.kaf.com.uti.AppInfoParser] (main) Kafka startTimeMs: 1753928770452
2025-07-31 02:26:10,453 INFO  [io.api.tes.ser.api.KafkaSerdesTester] (Thread-208) Sending message {"key11753928765175": "value-0", "key21753928767086": "value-0"} to topic topic-e8f8d0a7_6e0b_4329_b57e_a5de2c4e4302
2025-07-31 02:26:10,459 INFO  [org.apa.kaf.cli.Metadata] (kafka-producer-network-thread | Producer-topic-e8f8d0a7_6e0b_4329_b57e_a5de2c4e4302) [Producer clientId=Producer-topic-e8f8d0a7_6e0b_4329_b57e_a5de2c4e4302] Cluster ID: MA4G_e_SRU2vGr9gzyfJLg
2025-07-31 02:26:10,459 INFO  [DefaultSchemaResolver] (Thread-208) Retrieving schema content using string: {"type":"record","name":"s23f13fefx3034x40eex820dx51c32040f60a","namespace":"ns_e4d6c99b_a725_4e80_8ebc_b4a3e095a85b","fields":[{"name":"key11753928765175","type":"string"},{"name":"key21753928767086","type":"string"}]}
2025-07-31 02:26:10,460 INFO  [org.apa.kaf.cli.pro.int.TransactionManager] (kafka-producer-network-thread | Producer-topic-e8f8d0a7_6e0b_4329_b57e_a5de2c4e4302) [Producer clientId=Producer-topic-e8f8d0a7_6e0b_4329_b57e_a5de2c4e4302] ProducerId set to 16 with epoch 0
2025-07-31 02:26:10,543 INFO  [io.api.tes.ser.api.KafkaSerdesTester] (Thread-208) Sending message {"key11753928765175": "value-1", "key21753928767086": "value-1"} to topic topic-e8f8d0a7_6e0b_4329_b57e_a5de2c4e4302
2025-07-31 02:26:10,545 INFO  [io.api.tes.ser.api.KafkaSerdesTester] (Thread-208) Sending message {"key11753928765175": "value-2", "key21753928767086": "value-2"} to topic topic-e8f8d0a7_6e0b_4329_b57e_a5de2c4e4302
2025-07-31 02:26:10,546 INFO  [io.api.tes.ser.api.KafkaSerdesTester] (Thread-208) Sending message {"key11753928765175": "value-3", "key21753928767086": "value-3"} to topic topic-e8f8d0a7_6e0b_4329_b57e_a5de2c4e4302
2025-07-31 02:26:10,547 INFO  [io.api.tes.ser.api.KafkaSerdesTester] (Thread-208) Sending message {"key11753928765175": "value-4", "key21753928767086": "value-4"} to topic topic-e8f8d0a7_6e0b_4329_b57e_a5de2c4e4302
2025-07-31 02:26:10,548 INFO  [io.api.tes.ser.api.KafkaSerdesTester] (Thread-208) Sending message {"key11753928765175": "value-5", "key21753928767086": "value-5"} to topic topic-e8f8d0a7_6e0b_4329_b57e_a5de2c4e4302
2025-07-31 02:26:10,549 INFO  [io.api.tes.ser.api.KafkaSerdesTester] (Thread-208) Sending message {"key11753928765175": "value-6", "key21753928767086": "value-6"} to topic topic-e8f8d0a7_6e0b_4329_b57e_a5de2c4e4302
2025-07-31 02:26:10,551 INFO  [io.api.tes.ser.api.KafkaSerdesTester] (Thread-208) Sending message {"key11753928765175": "value-7", "key21753928767086": "value-7"} to topic topic-e8f8d0a7_6e0b_4329_b57e_a5de2c4e4302
2025-07-31 02:26:10,553 INFO  [io.api.tes.ser.api.KafkaSerdesTester] (Thread-208) Sending message {"key11753928765175": "value-8", "key21753928767086": "value-8"} to topic topic-e8f8d0a7_6e0b_4329_b57e_a5de2c4e4302
2025-07-31 02:26:10,554 INFO  [io.api.tes.ser.api.KafkaSerdesTester] (Thread-208) Sending message {"key11753928765175": "value-9", "key21753928767086": "value-9"} to topic topic-e8f8d0a7_6e0b_4329_b57e_a5de2c4e4302
2025-07-31 02:26:10,555 INFO  [io.api.tes.ser.api.KafkaSerdesTester] (Thread-208) Produced 10 messages
2025-07-31 02:26:10,555 INFO  [org.apa.kaf.cli.pro.KafkaProducer] (Thread-208) [Producer clientId=Producer-topic-e8f8d0a7_6e0b_4329_b57e_a5de2c4e4302] Closing the Kafka producer with timeoutMillis = 9223372036854775807 ms.
2025-07-31 02:26:10,557 INFO  [org.apa.kaf.com.met.Metrics] (Thread-208) Metrics scheduler closed
2025-07-31 02:26:10,557 INFO  [org.apa.kaf.com.met.Metrics] (Thread-208) Closing reporter org.apache.kafka.common.metrics.JmxReporter
2025-07-31 02:26:10,557 INFO  [org.apa.kaf.com.met.Metrics] (Thread-208) Closing reporter org.apache.kafka.common.telemetry.internals.ClientTelemetryReporter
2025-07-31 02:26:10,557 INFO  [org.apa.kaf.com.met.Metrics] (Thread-208) Metrics reporters closed
2025-07-31 02:26:10,558 INFO  [org.apa.kaf.com.uti.AppInfoParser] (Thread-208) App info kafka.producer for Producer-topic-e8f8d0a7_6e0b_4329_b57e_a5de2c4e4302 unregistered
2025-07-31 02:26:10,558 INFO  [org.apa.kaf.cli.pro.ProducerConfig] (main) ProducerConfig values: 
	acks = -1
	auto.include.jmx.reporter = true
	batch.size = 16384
	bootstrap.servers = [PLAINTEXT://localhost:32770]
	buffer.memory = 33554432
	client.dns.lookup = use_all_dns_ips
	client.id = Producer-topic-e8f8d0a7_6e0b_4329_b57e_a5de2c4e4302
	compression.gzip.level = -1
	compression.lz4.level = 9
	compression.type = none
	compression.zstd.level = 3
	connections.max.idle.ms = 10000
	delivery.timeout.ms = 120000
	enable.idempotence = true
	enable.metrics.push = true
	interceptor.classes = []
	key.serializer = class org.apache.kafka.common.serialization.StringSerializer
	linger.ms = 0
	max.block.ms = 60000
	max.in.flight.requests.per.connection = 5
	max.request.size = 1048576
	metadata.max.age.ms = 300000
	metadata.max.idle.ms = 300000
	metadata.recovery.strategy = none
	metric.reporters = []
	metrics.num.samples = 2
	metrics.recording.level = INFO
	metrics.sample.window.ms = 30000
	partitioner.adaptive.partitioning.enable = true
	partitioner.availability.timeout.ms = 0
	partitioner.class = null
	partitioner.ignore.keys = false
	receive.buffer.bytes = 32768
	reconnect.backoff.max.ms = 1000
	reconnect.backoff.ms = 50
	request.timeout.ms = 5000
	retries = 2147483647
	retry.backoff.max.ms = 1000
	retry.backoff.ms = 100
	sasl.client.callback.handler.class = null
	sasl.jaas.config = null
	sasl.kerberos.kinit.cmd = /usr/bin/kinit
	sasl.kerberos.min.time.before.relogin = 60000
	sasl.kerberos.service.name = null
	sasl.kerberos.ticket.renew.jitter = 0.05
	sasl.kerberos.ticket.renew.window.factor = 0.8
	sasl.login.callback.handler.class = null
	sasl.login.class = null
	sasl.login.connect.timeout.ms = null
	sasl.login.read.timeout.ms = null
	sasl.login.refresh.buffer.seconds = 300
	sasl.login.refresh.min.period.seconds = 60
	sasl.login.refresh.window.factor = 0.8
	sasl.login.refresh.window.jitter = 0.05
	sasl.login.retry.backoff.max.ms = 10000
	sasl.login.retry.backoff.ms = 100
	sasl.mechanism = GSSAPI
	sasl.oauthbearer.clock.skew.seconds = 30
	sasl.oauthbearer.expected.audience = null
	sasl.oauthbearer.expected.issuer = null
	sasl.oauthbearer.header.urlencode = false
	sasl.oauthbearer.jwks.endpoint.refresh.ms = 3600000
	sasl.oauthbearer.jwks.endpoint.retry.backoff.max.ms = 10000
	sasl.oauthbearer.jwks.endpoint.retry.backoff.ms = 100
	sasl.oauthbearer.jwks.endpoint.url = null
	sasl.oauthbearer.scope.claim.name = scope
	sasl.oauthbearer.sub.claim.name = sub
	sasl.oauthbearer.token.endpoint.url = null
	security.protocol = PLAINTEXT
	security.providers = null
	send.buffer.bytes = 131072
	socket.connection.setup.timeout.max.ms = 30000
	socket.connection.setup.timeout.ms = 10000
	ssl.cipher.suites = null
	ssl.enabled.protocols = [TLSv1.2, TLSv1.3]
	ssl.endpoint.identification.algorithm = https
	ssl.engine.factory.class = null
	ssl.key.password = null
	ssl.keymanager.algorithm = SunX509
	ssl.keystore.certificate.chain = null
	ssl.keystore.key = null
	ssl.keystore.location = null
	ssl.keystore.password = null
	ssl.keystore.type = JKS
	ssl.protocol = TLSv1.3
	ssl.provider = null
	ssl.secure.random.implementation = null
	ssl.trustmanager.algorithm = PKIX
	ssl.truststore.certificates = null
	ssl.truststore.location = null
	ssl.truststore.password = null
	ssl.truststore.type = JKS
	transaction.timeout.ms = 60000
	transactional.id = null
	value.serializer = class io.apicurio.registry.serde.avro.AvroKafkaSerializer

2025-07-31 02:26:10,559 INFO  [org.apa.kaf.com.tel.int.KafkaMetricsCollector] (main) initializing Kafka metrics collector
2025-07-31 02:26:10,564 INFO  [org.apa.kaf.cli.pro.KafkaProducer] (main) [Producer clientId=Producer-topic-e8f8d0a7_6e0b_4329_b57e_a5de2c4e4302] Instantiated an idempotent producer.
2025-07-31 02:26:10,567 INFO  [org.apa.kaf.cli.pro.ProducerConfig] (main) These configurations '[apicurio.registry.url, apicurio.registry.artifact-resolver-strategy]' were supplied but are not used yet.
2025-07-31 02:26:10,567 INFO  [org.apa.kaf.com.uti.AppInfoParser] (main) Kafka version: 3.9.0
2025-07-31 02:26:10,567 INFO  [org.apa.kaf.com.uti.AppInfoParser] (main) Kafka commitId: 84caaa6e9da06435
2025-07-31 02:26:10,567 INFO  [org.apa.kaf.com.uti.AppInfoParser] (main) Kafka startTimeMs: 1753928770567
2025-07-31 02:26:10,569 INFO  [io.api.tes.ser.api.KafkaSerdesTester] (Thread-211) Sending message {"key11753928765175": "value-0"} to topic topic-e8f8d0a7_6e0b_4329_b57e_a5de2c4e4302
2025-07-31 02:26:10,573 INFO  [org.apa.kaf.cli.Metadata] (kafka-producer-network-thread | Producer-topic-e8f8d0a7_6e0b_4329_b57e_a5de2c4e4302) [Producer clientId=Producer-topic-e8f8d0a7_6e0b_4329_b57e_a5de2c4e4302] Cluster ID: MA4G_e_SRU2vGr9gzyfJLg
2025-07-31 02:26:10,573 INFO  [DefaultSchemaResolver] (Thread-211) Retrieving schema content using string: {"type":"record","name":"s23f13fefx3034x40eex820dx51c32040f60a","namespace":"ns_e4d6c99b_a725_4e80_8ebc_b4a3e095a85b","fields":[{"name":"key11753928765175","type":"string"}]}
2025-07-31 02:26:10,575 INFO  [org.apa.kaf.cli.pro.int.TransactionManager] (kafka-producer-network-thread | Producer-topic-e8f8d0a7_6e0b_4329_b57e_a5de2c4e4302) [Producer clientId=Producer-topic-e8f8d0a7_6e0b_4329_b57e_a5de2c4e4302] ProducerId set to 17 with epoch 0
2025-07-31 02:26:10,660 INFO  [io.api.tes.ser.api.KafkaSerdesTester] (Thread-211) Sending message {"key11753928765175": "value-1"} to topic topic-e8f8d0a7_6e0b_4329_b57e_a5de2c4e4302
2025-07-31 02:26:10,666 INFO  [io.api.tes.ser.api.KafkaSerdesTester] (Thread-211) Sending message {"key11753928765175": "value-2"} to topic topic-e8f8d0a7_6e0b_4329_b57e_a5de2c4e4302
2025-07-31 02:26:10,672 INFO  [io.api.tes.ser.api.KafkaSerdesTester] (Thread-211) Sending message {"key11753928765175": "value-3"} to topic topic-e8f8d0a7_6e0b_4329_b57e_a5de2c4e4302
2025-07-31 02:26:10,675 INFO  [io.api.tes.ser.api.KafkaSerdesTester] (Thread-211) Sending message {"key11753928765175": "value-4"} to topic topic-e8f8d0a7_6e0b_4329_b57e_a5de2c4e4302
2025-07-31 02:26:10,678 INFO  [io.api.tes.ser.api.KafkaSerdesTester] (Thread-211) Sending message {"key11753928765175": "value-5"} to topic topic-e8f8d0a7_6e0b_4329_b57e_a5de2c4e4302
2025-07-31 02:26:10,682 INFO  [io.api.tes.ser.api.KafkaSerdesTester] (Thread-211) Sending message {"key11753928765175": "value-6"} to topic topic-e8f8d0a7_6e0b_4329_b57e_a5de2c4e4302
2025-07-31 02:26:10,685 INFO  [io.api.tes.ser.api.KafkaSerdesTester] (Thread-211) Sending message {"key11753928765175": "value-7"} to topic topic-e8f8d0a7_6e0b_4329_b57e_a5de2c4e4302
2025-07-31 02:26:10,686 INFO  [io.api.tes.ser.api.KafkaSerdesTester] (Thread-211) Sending message {"key11753928765175": "value-8"} to topic topic-e8f8d0a7_6e0b_4329_b57e_a5de2c4e4302
2025-07-31 02:26:10,688 INFO  [io.api.tes.ser.api.KafkaSerdesTester] (Thread-211) Sending message {"key11753928765175": "value-9"} to topic topic-e8f8d0a7_6e0b_4329_b57e_a5de2c4e4302
2025-07-31 02:26:10,690 INFO  [io.api.tes.ser.api.KafkaSerdesTester] (Thread-211) Produced 10 messages
2025-07-31 02:26:10,690 INFO  [org.apa.kaf.cli.pro.KafkaProducer] (Thread-211) [Producer clientId=Producer-topic-e8f8d0a7_6e0b_4329_b57e_a5de2c4e4302] Closing the Kafka producer with timeoutMillis = 9223372036854775807 ms.
2025-07-31 02:26:10,692 INFO  [org.apa.kaf.com.met.Metrics] (Thread-211) Metrics scheduler closed
2025-07-31 02:26:10,693 INFO  [org.apa.kaf.com.met.Metrics] (Thread-211) Closing reporter org.apache.kafka.common.metrics.JmxReporter
2025-07-31 02:26:10,693 INFO  [org.apa.kaf.com.met.Metrics] (Thread-211) Closing reporter org.apache.kafka.common.telemetry.internals.ClientTelemetryReporter
2025-07-31 02:26:10,693 INFO  [org.apa.kaf.com.met.Metrics] (Thread-211) Metrics reporters closed
2025-07-31 02:26:10,693 INFO  [org.apa.kaf.com.uti.AppInfoParser] (Thread-211) App info kafka.producer for Producer-topic-e8f8d0a7_6e0b_4329_b57e_a5de2c4e4302 unregistered
2025-07-31 02:26:10,693 INFO  [org.apa.kaf.cli.con.ConsumerConfig] (main) ConsumerConfig values: 
	allow.auto.create.topics = true
	auto.commit.interval.ms = 500
	auto.include.jmx.reporter = true
	auto.offset.reset = earliest
	bootstrap.servers = [PLAINTEXT://localhost:32770]
	check.crcs = true
	client.dns.lookup = use_all_dns_ips
	client.id = consumer-Consumer-topic-e8f8d0a7_6e0b_4329_b57e_a5de2c4e4302-12
	client.rack = 
	connections.max.idle.ms = 10000
	default.api.timeout.ms = 60000
	enable.auto.commit = true
	enable.metrics.push = true
	exclude.internal.topics = true
	fetch.max.bytes = 52428800
	fetch.max.wait.ms = 500
	fetch.min.bytes = 1
	group.id = Consumer-topic-e8f8d0a7_6e0b_4329_b57e_a5de2c4e4302
	group.instance.id = null
	group.protocol = classic
	group.remote.assignor = null
	heartbeat.interval.ms = 3000
	interceptor.classes = []
	internal.leave.group.on.close = true
	internal.throw.on.fetch.stable.offset.unsupported = false
	isolation.level = read_uncommitted
	key.deserializer = class org.apache.kafka.common.serialization.StringDeserializer
	max.partition.fetch.bytes = 1048576
	max.poll.interval.ms = 300000
	max.poll.records = 500
	metadata.max.age.ms = 300000
	metadata.recovery.strategy = none
	metric.reporters = []
	metrics.num.samples = 2
	metrics.recording.level = INFO
	metrics.sample.window.ms = 30000
	partition.assignment.strategy = [class org.apache.kafka.clients.consumer.RangeAssignor, class org.apache.kafka.clients.consumer.CooperativeStickyAssignor]
	receive.buffer.bytes = 65536
	reconnect.backoff.max.ms = 1000
	reconnect.backoff.ms = 50
	request.timeout.ms = 5000
	retry.backoff.max.ms = 1000
	retry.backoff.ms = 100
	sasl.client.callback.handler.class = null
	sasl.jaas.config = null
	sasl.kerberos.kinit.cmd = /usr/bin/kinit
	sasl.kerberos.min.time.before.relogin = 60000
	sasl.kerberos.service.name = null
	sasl.kerberos.ticket.renew.jitter = 0.05
	sasl.kerberos.ticket.renew.window.factor = 0.8
	sasl.login.callback.handler.class = null
	sasl.login.class = null
	sasl.login.connect.timeout.ms = null
	sasl.login.read.timeout.ms = null
	sasl.login.refresh.buffer.seconds = 300
	sasl.login.refresh.min.period.seconds = 60
	sasl.login.refresh.window.factor = 0.8
	sasl.login.refresh.window.jitter = 0.05
	sasl.login.retry.backoff.max.ms = 10000
	sasl.login.retry.backoff.ms = 100
	sasl.mechanism = GSSAPI
	sasl.oauthbearer.clock.skew.seconds = 30
	sasl.oauthbearer.expected.audience = null
	sasl.oauthbearer.expected.issuer = null
	sasl.oauthbearer.header.urlencode = false
	sasl.oauthbearer.jwks.endpoint.refresh.ms = 3600000
	sasl.oauthbearer.jwks.endpoint.retry.backoff.max.ms = 10000
	sasl.oauthbearer.jwks.endpoint.retry.backoff.ms = 100
	sasl.oauthbearer.jwks.endpoint.url = null
	sasl.oauthbearer.scope.claim.name = scope
	sasl.oauthbearer.sub.claim.name = sub
	sasl.oauthbearer.token.endpoint.url = null
	security.protocol = PLAINTEXT
	security.providers = null
	send.buffer.bytes = 131072
	session.timeout.ms = 45000
	socket.connection.setup.timeout.max.ms = 30000
	socket.connection.setup.timeout.ms = 10000
	ssl.cipher.suites = null
	ssl.enabled.protocols = [TLSv1.2, TLSv1.3]
	ssl.endpoint.identification.algorithm = https
	ssl.engine.factory.class = null
	ssl.key.password = null
	ssl.keymanager.algorithm = SunX509
	ssl.keystore.certificate.chain = null
	ssl.keystore.key = null
	ssl.keystore.location = null
	ssl.keystore.password = null
	ssl.keystore.type = JKS
	ssl.protocol = TLSv1.3
	ssl.provider = null
	ssl.secure.random.implementation = null
	ssl.trustmanager.algorithm = PKIX
	ssl.truststore.certificates = null
	ssl.truststore.location = null
	ssl.truststore.password = null
	ssl.truststore.type = JKS
	value.deserializer = class io.apicurio.registry.serde.avro.AvroKafkaDeserializer

2025-07-31 02:26:10,694 INFO  [org.apa.kaf.com.tel.int.KafkaMetricsCollector] (main) initializing Kafka metrics collector
2025-07-31 02:26:10,706 INFO  [org.apa.kaf.cli.con.ConsumerConfig] (main) These configurations '[apicurio.registry.url]' were supplied but are not used yet.
2025-07-31 02:26:10,706 INFO  [org.apa.kaf.com.uti.AppInfoParser] (main) Kafka version: 3.9.0
2025-07-31 02:26:10,706 INFO  [org.apa.kaf.com.uti.AppInfoParser] (main) Kafka commitId: 84caaa6e9da06435
2025-07-31 02:26:10,706 INFO  [org.apa.kaf.com.uti.AppInfoParser] (main) Kafka startTimeMs: 1753928770706
2025-07-31 02:26:10,709 INFO  [org.apa.kaf.cli.con.int.ClassicKafkaConsumer] (Thread-214) [Consumer clientId=consumer-Consumer-topic-e8f8d0a7_6e0b_4329_b57e_a5de2c4e4302-12, groupId=Consumer-topic-e8f8d0a7_6e0b_4329_b57e_a5de2c4e4302] Subscribed to topic(s): topic-e8f8d0a7_6e0b_4329_b57e_a5de2c4e4302
2025-07-31 02:26:10,715 INFO  [org.apa.kaf.cli.Metadata] (Thread-214) [Consumer clientId=consumer-Consumer-topic-e8f8d0a7_6e0b_4329_b57e_a5de2c4e4302-12, groupId=Consumer-topic-e8f8d0a7_6e0b_4329_b57e_a5de2c4e4302] Cluster ID: MA4G_e_SRU2vGr9gzyfJLg
2025-07-31 02:26:10,716 INFO  [org.apa.kaf.cli.con.int.ConsumerCoordinator] (Thread-214) [Consumer clientId=consumer-Consumer-topic-e8f8d0a7_6e0b_4329_b57e_a5de2c4e4302-12, groupId=Consumer-topic-e8f8d0a7_6e0b_4329_b57e_a5de2c4e4302] Discovered group coordinator localhost:32770 (id: 2147483647 rack: null)
2025-07-31 02:26:10,718 INFO  [org.apa.kaf.cli.con.int.ConsumerCoordinator] (Thread-214) [Consumer clientId=consumer-Consumer-topic-e8f8d0a7_6e0b_4329_b57e_a5de2c4e4302-12, groupId=Consumer-topic-e8f8d0a7_6e0b_4329_b57e_a5de2c4e4302] (Re-)joining group
2025-07-31 02:26:10,720 INFO  [org.apa.kaf.cli.con.int.ConsumerCoordinator] (Thread-214) [Consumer clientId=consumer-Consumer-topic-e8f8d0a7_6e0b_4329_b57e_a5de2c4e4302-12, groupId=Consumer-topic-e8f8d0a7_6e0b_4329_b57e_a5de2c4e4302] Request joining group due to: need to re-join with the given member-id: consumer-Consumer-topic-e8f8d0a7_6e0b_4329_b57e_a5de2c4e4302-12-6e5988a1-2bb5-4b99-ac06-feeb17e55898
2025-07-31 02:26:10,720 INFO  [org.apa.kaf.cli.con.int.ConsumerCoordinator] (Thread-214) [Consumer clientId=consumer-Consumer-topic-e8f8d0a7_6e0b_4329_b57e_a5de2c4e4302-12, groupId=Consumer-topic-e8f8d0a7_6e0b_4329_b57e_a5de2c4e4302] (Re-)joining group
2025-07-31 02:26:10,723 INFO  [org.apa.kaf.cli.con.int.ConsumerCoordinator] (Thread-214) [Consumer clientId=consumer-Consumer-topic-e8f8d0a7_6e0b_4329_b57e_a5de2c4e4302-12, groupId=Consumer-topic-e8f8d0a7_6e0b_4329_b57e_a5de2c4e4302] Successfully joined group with generation Generation{generationId=5, memberId='consumer-Consumer-topic-e8f8d0a7_6e0b_4329_b57e_a5de2c4e4302-12-6e5988a1-2bb5-4b99-ac06-feeb17e55898', protocol='range'}
2025-07-31 02:26:10,723 INFO  [org.apa.kaf.cli.con.int.ConsumerCoordinator] (Thread-214) [Consumer clientId=consumer-Consumer-topic-e8f8d0a7_6e0b_4329_b57e_a5de2c4e4302-12, groupId=Consumer-topic-e8f8d0a7_6e0b_4329_b57e_a5de2c4e4302] Finished assignment for group at generation 5: {consumer-Consumer-topic-e8f8d0a7_6e0b_4329_b57e_a5de2c4e4302-12-6e5988a1-2bb5-4b99-ac06-feeb17e55898=Assignment(partitions=[topic-e8f8d0a7_6e0b_4329_b57e_a5de2c4e4302-0])}
2025-07-31 02:26:10,727 INFO  [org.apa.kaf.cli.con.int.ConsumerCoordinator] (Thread-214) [Consumer clientId=consumer-Consumer-topic-e8f8d0a7_6e0b_4329_b57e_a5de2c4e4302-12, groupId=Consumer-topic-e8f8d0a7_6e0b_4329_b57e_a5de2c4e4302] Successfully synced group in generation Generation{generationId=5, memberId='consumer-Consumer-topic-e8f8d0a7_6e0b_4329_b57e_a5de2c4e4302-12-6e5988a1-2bb5-4b99-ac06-feeb17e55898', protocol='range'}
2025-07-31 02:26:10,727 INFO  [org.apa.kaf.cli.con.int.ConsumerCoordinator] (Thread-214) [Consumer clientId=consumer-Consumer-topic-e8f8d0a7_6e0b_4329_b57e_a5de2c4e4302-12, groupId=Consumer-topic-e8f8d0a7_6e0b_4329_b57e_a5de2c4e4302] Notifying assignor about the new Assignment(partitions=[topic-e8f8d0a7_6e0b_4329_b57e_a5de2c4e4302-0])
2025-07-31 02:26:10,727 INFO  [org.apa.kaf.cli.con.int.ConsumerRebalanceListenerInvoker] (Thread-214) [Consumer clientId=consumer-Consumer-topic-e8f8d0a7_6e0b_4329_b57e_a5de2c4e4302-12, groupId=Consumer-topic-e8f8d0a7_6e0b_4329_b57e_a5de2c4e4302] Adding newly assigned partitions: topic-e8f8d0a7_6e0b_4329_b57e_a5de2c4e4302-0
2025-07-31 02:26:10,728 INFO  [org.apa.kaf.cli.con.int.ConsumerUtils] (Thread-214) Setting offset for partition topic-e8f8d0a7_6e0b_4329_b57e_a5de2c4e4302-0 to the committed offset FetchPosition{offset=30, offsetEpoch=Optional[0], currentLeader=LeaderAndEpoch{leader=Optional[localhost:32770 (id: 0 rack: null)], epoch=0}}
2025-07-31 02:26:11,005 INFO  [io.api.tes.ser.api.KafkaSerdesTester] (Thread-214) topic-e8f8d0a7_6e0b_4329_b57e_a5de2c4e4302 0 30 {"key11753928765175": "value-0", "key21753928767086": "value-0", "key31753928769188": "value-0"}
2025-07-31 02:26:11,005 INFO  [io.api.tes.ser.api.KafkaSerdesTester] (Thread-214) topic-e8f8d0a7_6e0b_4329_b57e_a5de2c4e4302 0 31 {"key11753928765175": "value-1", "key21753928767086": "value-1", "key31753928769188": "value-1"}
2025-07-31 02:26:11,005 INFO  [io.api.tes.ser.api.KafkaSerdesTester] (Thread-214) topic-e8f8d0a7_6e0b_4329_b57e_a5de2c4e4302 0 32 {"key11753928765175": "value-2", "key21753928767086": "value-2", "key31753928769188": "value-2"}
2025-07-31 02:26:11,005 INFO  [io.api.tes.ser.api.KafkaSerdesTester] (Thread-214) topic-e8f8d0a7_6e0b_4329_b57e_a5de2c4e4302 0 33 {"key11753928765175": "value-3", "key21753928767086": "value-3", "key31753928769188": "value-3"}
2025-07-31 02:26:11,005 INFO  [io.api.tes.ser.api.KafkaSerdesTester] (Thread-214) topic-e8f8d0a7_6e0b_4329_b57e_a5de2c4e4302 0 34 {"key11753928765175": "value-4", "key21753928767086": "value-4", "key31753928769188": "value-4"}
2025-07-31 02:26:11,005 INFO  [io.api.tes.ser.api.KafkaSerdesTester] (Thread-214) topic-e8f8d0a7_6e0b_4329_b57e_a5de2c4e4302 0 35 {"key11753928765175": "value-5", "key21753928767086": "value-5", "key31753928769188": "value-5"}
2025-07-31 02:26:11,005 INFO  [io.api.tes.ser.api.KafkaSerdesTester] (Thread-214) topic-e8f8d0a7_6e0b_4329_b57e_a5de2c4e4302 0 36 {"key11753928765175": "value-6", "key21753928767086": "value-6", "key31753928769188": "value-6"}
2025-07-31 02:26:11,005 INFO  [io.api.tes.ser.api.KafkaSerdesTester] (Thread-214) topic-e8f8d0a7_6e0b_4329_b57e_a5de2c4e4302 0 37 {"key11753928765175": "value-7", "key21753928767086": "value-7", "key31753928769188": "value-7"}
2025-07-31 02:26:11,005 INFO  [io.api.tes.ser.api.KafkaSerdesTester] (Thread-214) topic-e8f8d0a7_6e0b_4329_b57e_a5de2c4e4302 0 38 {"key11753928765175": "value-8", "key21753928767086": "value-8", "key31753928769188": "value-8"}
2025-07-31 02:26:11,005 INFO  [io.api.tes.ser.api.KafkaSerdesTester] (Thread-214) topic-e8f8d0a7_6e0b_4329_b57e_a5de2c4e4302 0 39 {"key11753928765175": "value-9", "key21753928767086": "value-9", "key31753928769188": "value-9"}
2025-07-31 02:26:11,005 INFO  [io.api.tes.ser.api.KafkaSerdesTester] (Thread-214) topic-e8f8d0a7_6e0b_4329_b57e_a5de2c4e4302 0 40 {"key11753928765175": "value-0", "key21753928767086": "value-0"}
2025-07-31 02:26:11,005 INFO  [io.api.tes.ser.api.KafkaSerdesTester] (Thread-214) topic-e8f8d0a7_6e0b_4329_b57e_a5de2c4e4302 0 41 {"key11753928765175": "value-1", "key21753928767086": "value-1"}
2025-07-31 02:26:11,005 INFO  [io.api.tes.ser.api.KafkaSerdesTester] (Thread-214) topic-e8f8d0a7_6e0b_4329_b57e_a5de2c4e4302 0 42 {"key11753928765175": "value-2", "key21753928767086": "value-2"}
2025-07-31 02:26:11,005 INFO  [io.api.tes.ser.api.KafkaSerdesTester] (Thread-214) topic-e8f8d0a7_6e0b_4329_b57e_a5de2c4e4302 0 43 {"key11753928765175": "value-3", "key21753928767086": "value-3"}
2025-07-31 02:26:11,005 INFO  [io.api.tes.ser.api.KafkaSerdesTester] (Thread-214) topic-e8f8d0a7_6e0b_4329_b57e_a5de2c4e4302 0 44 {"key11753928765175": "value-4", "key21753928767086": "value-4"}
2025-07-31 02:26:11,006 INFO  [io.api.tes.ser.api.KafkaSerdesTester] (Thread-214) topic-e8f8d0a7_6e0b_4329_b57e_a5de2c4e4302 0 45 {"key11753928765175": "value-5", "key21753928767086": "value-5"}
2025-07-31 02:26:11,006 INFO  [io.api.tes.ser.api.KafkaSerdesTester] (Thread-214) topic-e8f8d0a7_6e0b_4329_b57e_a5de2c4e4302 0 46 {"key11753928765175": "value-6", "key21753928767086": "value-6"}
2025-07-31 02:26:11,006 INFO  [io.api.tes.ser.api.KafkaSerdesTester] (Thread-214) topic-e8f8d0a7_6e0b_4329_b57e_a5de2c4e4302 0 47 {"key11753928765175": "value-7", "key21753928767086": "value-7"}
2025-07-31 02:26:11,006 INFO  [io.api.tes.ser.api.KafkaSerdesTester] (Thread-214) topic-e8f8d0a7_6e0b_4329_b57e_a5de2c4e4302 0 48 {"key11753928765175": "value-8", "key21753928767086": "value-8"}
2025-07-31 02:26:11,006 INFO  [io.api.tes.ser.api.KafkaSerdesTester] (Thread-214) topic-e8f8d0a7_6e0b_4329_b57e_a5de2c4e4302 0 49 {"key11753928765175": "value-9", "key21753928767086": "value-9"}
2025-07-31 02:26:11,006 INFO  [io.api.tes.ser.api.KafkaSerdesTester] (Thread-214) topic-e8f8d0a7_6e0b_4329_b57e_a5de2c4e4302 0 50 {"key11753928765175": "value-0"}
2025-07-31 02:26:11,006 INFO  [io.api.tes.ser.api.KafkaSerdesTester] (Thread-214) topic-e8f8d0a7_6e0b_4329_b57e_a5de2c4e4302 0 51 {"key11753928765175": "value-1"}
2025-07-31 02:26:11,006 INFO  [io.api.tes.ser.api.KafkaSerdesTester] (Thread-214) topic-e8f8d0a7_6e0b_4329_b57e_a5de2c4e4302 0 52 {"key11753928765175": "value-2"}
2025-07-31 02:26:11,006 INFO  [io.api.tes.ser.api.KafkaSerdesTester] (Thread-214) topic-e8f8d0a7_6e0b_4329_b57e_a5de2c4e4302 0 53 {"key11753928765175": "value-3"}
2025-07-31 02:26:11,006 INFO  [io.api.tes.ser.api.KafkaSerdesTester] (Thread-214) topic-e8f8d0a7_6e0b_4329_b57e_a5de2c4e4302 0 54 {"key11753928765175": "value-4"}
2025-07-31 02:26:11,006 INFO  [io.api.tes.ser.api.KafkaSerdesTester] (Thread-214) topic-e8f8d0a7_6e0b_4329_b57e_a5de2c4e4302 0 55 {"key11753928765175": "value-5"}
2025-07-31 02:26:11,006 INFO  [io.api.tes.ser.api.KafkaSerdesTester] (Thread-214) topic-e8f8d0a7_6e0b_4329_b57e_a5de2c4e4302 0 56 {"key11753928765175": "value-6"}
2025-07-31 02:26:11,006 INFO  [io.api.tes.ser.api.KafkaSerdesTester] (Thread-214) topic-e8f8d0a7_6e0b_4329_b57e_a5de2c4e4302 0 57 {"key11753928765175": "value-7"}
2025-07-31 02:26:11,006 INFO  [io.api.tes.ser.api.KafkaSerdesTester] (Thread-214) topic-e8f8d0a7_6e0b_4329_b57e_a5de2c4e4302 0 58 {"key11753928765175": "value-8"}
2025-07-31 02:26:11,006 INFO  [io.api.tes.ser.api.KafkaSerdesTester] (Thread-214) topic-e8f8d0a7_6e0b_4329_b57e_a5de2c4e4302 0 59 {"key11753928765175": "value-9"}
2025-07-31 02:26:11,006 INFO  [io.api.tes.ser.api.KafkaSerdesTester] (Thread-214) Consumed 30 messages
2025-07-31 02:26:11,008 INFO  [org.apa.kaf.cli.con.int.ConsumerRebalanceListenerInvoker] (Thread-214) [Consumer clientId=consumer-Consumer-topic-e8f8d0a7_6e0b_4329_b57e_a5de2c4e4302-12, groupId=Consumer-topic-e8f8d0a7_6e0b_4329_b57e_a5de2c4e4302] Revoke previously assigned partitions topic-e8f8d0a7_6e0b_4329_b57e_a5de2c4e4302-0
2025-07-31 02:26:11,008 INFO  [org.apa.kaf.cli.con.int.ConsumerCoordinator] (Thread-214) [Consumer clientId=consumer-Consumer-topic-e8f8d0a7_6e0b_4329_b57e_a5de2c4e4302-12, groupId=Consumer-topic-e8f8d0a7_6e0b_4329_b57e_a5de2c4e4302] Member consumer-Consumer-topic-e8f8d0a7_6e0b_4329_b57e_a5de2c4e4302-12-6e5988a1-2bb5-4b99-ac06-feeb17e55898 sending LeaveGroup request to coordinator localhost:32770 (id: 2147483647 rack: null) due to the consumer is being closed
2025-07-31 02:26:11,009 INFO  [org.apa.kaf.cli.con.int.ConsumerCoordinator] (Thread-214) [Consumer clientId=consumer-Consumer-topic-e8f8d0a7_6e0b_4329_b57e_a5de2c4e4302-12, groupId=Consumer-topic-e8f8d0a7_6e0b_4329_b57e_a5de2c4e4302] Resetting generation and member id due to: consumer pro-actively leaving the group
2025-07-31 02:26:11,009 INFO  [org.apa.kaf.cli.con.int.ConsumerCoordinator] (Thread-214) [Consumer clientId=consumer-Consumer-topic-e8f8d0a7_6e0b_4329_b57e_a5de2c4e4302-12, groupId=Consumer-topic-e8f8d0a7_6e0b_4329_b57e_a5de2c4e4302] Request joining group due to: consumer pro-actively leaving the group
2025-07-31 02:26:11,508 INFO  [org.apa.kaf.com.met.Metrics] (Thread-214) Metrics scheduler closed
2025-07-31 02:26:11,508 INFO  [org.apa.kaf.com.met.Metrics] (Thread-214) Closing reporter org.apache.kafka.common.metrics.JmxReporter
2025-07-31 02:26:11,508 INFO  [org.apa.kaf.com.met.Metrics] (Thread-214) Closing reporter org.apache.kafka.common.telemetry.internals.ClientTelemetryReporter
2025-07-31 02:26:11,508 INFO  [org.apa.kaf.com.met.Metrics] (Thread-214) Metrics reporters closed
2025-07-31 02:26:11,510 INFO  [org.apa.kaf.com.uti.AppInfoParser] (Thread-214) App info kafka.consumer for consumer-Consumer-topic-e8f8d0a7_6e0b_4329_b57e_a5de2c4e4302-12 unregistered
2025-07-31 02:26:11,510 INFO  [org.apa.kaf.cli.pro.KafkaProducer] (main) [Producer clientId=Producer-topic-e8f8d0a7_6e0b_4329_b57e_a5de2c4e4302] Closing the Kafka producer with timeoutMillis = 9223372036854775807 ms.
2025-07-31 02:26:11,510 INFO  [org.apa.kaf.com.met.Metrics] (main) Metrics scheduler closed
2025-07-31 02:26:11,510 INFO  [org.apa.kaf.com.met.Metrics] (main) Closing reporter org.apache.kafka.common.metrics.JmxReporter
2025-07-31 02:26:11,510 INFO  [org.apa.kaf.com.met.Metrics] (main) Closing reporter org.apache.kafka.common.telemetry.internals.ClientTelemetryReporter
2025-07-31 02:26:11,510 INFO  [org.apa.kaf.com.met.Metrics] (main) Metrics reporters closed
2025-07-31 02:26:11,510 INFO  [org.apa.kaf.com.uti.AppInfoParser] (main) App info kafka.producer for Producer-topic-e8f8d0a7_6e0b_4329_b57e_a5de2c4e4302 unregistered
2025-07-31 02:26:11,510 INFO  [io.api.tes.uti.TestSeparator] (main) io.apicurio.tests.serdes.apicurio.AvroSerdeIT.testEvolveAvroApicurio-FINISHED
2025-07-31 02:26:11,510 INFO  [io.api.tes.uti.TestSeparator] (main) ############################################################################
]]></system-out>
  </testcase>
  <testcase name="testTopicRecordIdStrategydFindLatest" classname="io.apicurio.tests.serdes.apicurio.AvroSerdeIT" time="1.979">
    <system-out><![CDATA[2025-07-31 02:26:11,511 INFO  [io.api.tes.uti.TestSeparator] (main) ############################################################################
2025-07-31 02:26:11,512 INFO  [io.api.tes.uti.TestSeparator] (main) io.apicurio.tests.serdes.apicurio.AvroSerdeIT.testTopicRecordIdStrategydFindLatest-STARTED
2025-07-31 02:26:11,523 INFO  [io.api.tes.ser.api.AvroSerdeIT] (main) Registering Avro Schema: {"type":"record","name":"se11a5cdbxdb4ex46a3x9ff1x930eea5853ca","namespace":"s552fe833x2f4fx4eefxbf00x8346b2f009e8","fields":[{"name":"key11753928771512","type":"string"}]}
2025-07-31 02:26:12,651 INFO  [org.apa.kaf.cli.pro.ProducerConfig] (main) ProducerConfig values: 
	acks = -1
	auto.include.jmx.reporter = true
	batch.size = 16384
	bootstrap.servers = [PLAINTEXT://localhost:32770]
	buffer.memory = 33554432
	client.dns.lookup = use_all_dns_ips
	client.id = Producer-topic-a7c89c83_20c0_46cc_b0d4_3c6b10d0e449
	compression.gzip.level = -1
	compression.lz4.level = 9
	compression.type = none
	compression.zstd.level = 3
	connections.max.idle.ms = 10000
	delivery.timeout.ms = 120000
	enable.idempotence = true
	enable.metrics.push = true
	interceptor.classes = []
	key.serializer = class org.apache.kafka.common.serialization.StringSerializer
	linger.ms = 0
	max.block.ms = 60000
	max.in.flight.requests.per.connection = 5
	max.request.size = 1048576
	metadata.max.age.ms = 300000
	metadata.max.idle.ms = 300000
	metadata.recovery.strategy = none
	metric.reporters = []
	metrics.num.samples = 2
	metrics.recording.level = INFO
	metrics.sample.window.ms = 30000
	partitioner.adaptive.partitioning.enable = true
	partitioner.availability.timeout.ms = 0
	partitioner.class = null
	partitioner.ignore.keys = false
	receive.buffer.bytes = 32768
	reconnect.backoff.max.ms = 1000
	reconnect.backoff.ms = 50
	request.timeout.ms = 5000
	retries = 2147483647
	retry.backoff.max.ms = 1000
	retry.backoff.ms = 100
	sasl.client.callback.handler.class = null
	sasl.jaas.config = null
	sasl.kerberos.kinit.cmd = /usr/bin/kinit
	sasl.kerberos.min.time.before.relogin = 60000
	sasl.kerberos.service.name = null
	sasl.kerberos.ticket.renew.jitter = 0.05
	sasl.kerberos.ticket.renew.window.factor = 0.8
	sasl.login.callback.handler.class = null
	sasl.login.class = null
	sasl.login.connect.timeout.ms = null
	sasl.login.read.timeout.ms = null
	sasl.login.refresh.buffer.seconds = 300
	sasl.login.refresh.min.period.seconds = 60
	sasl.login.refresh.window.factor = 0.8
	sasl.login.refresh.window.jitter = 0.05
	sasl.login.retry.backoff.max.ms = 10000
	sasl.login.retry.backoff.ms = 100
	sasl.mechanism = GSSAPI
	sasl.oauthbearer.clock.skew.seconds = 30
	sasl.oauthbearer.expected.audience = null
	sasl.oauthbearer.expected.issuer = null
	sasl.oauthbearer.header.urlencode = false
	sasl.oauthbearer.jwks.endpoint.refresh.ms = 3600000
	sasl.oauthbearer.jwks.endpoint.retry.backoff.max.ms = 10000
	sasl.oauthbearer.jwks.endpoint.retry.backoff.ms = 100
	sasl.oauthbearer.jwks.endpoint.url = null
	sasl.oauthbearer.scope.claim.name = scope
	sasl.oauthbearer.sub.claim.name = sub
	sasl.oauthbearer.token.endpoint.url = null
	security.protocol = PLAINTEXT
	security.providers = null
	send.buffer.bytes = 131072
	socket.connection.setup.timeout.max.ms = 30000
	socket.connection.setup.timeout.ms = 10000
	ssl.cipher.suites = null
	ssl.enabled.protocols = [TLSv1.2, TLSv1.3]
	ssl.endpoint.identification.algorithm = https
	ssl.engine.factory.class = null
	ssl.key.password = null
	ssl.keymanager.algorithm = SunX509
	ssl.keystore.certificate.chain = null
	ssl.keystore.key = null
	ssl.keystore.location = null
	ssl.keystore.password = null
	ssl.keystore.type = JKS
	ssl.protocol = TLSv1.3
	ssl.provider = null
	ssl.secure.random.implementation = null
	ssl.trustmanager.algorithm = PKIX
	ssl.truststore.certificates = null
	ssl.truststore.location = null
	ssl.truststore.password = null
	ssl.truststore.type = JKS
	transaction.timeout.ms = 60000
	transactional.id = null
	value.serializer = class io.apicurio.registry.serde.avro.AvroKafkaSerializer

2025-07-31 02:26:12,651 INFO  [org.apa.kaf.com.tel.int.KafkaMetricsCollector] (main) initializing Kafka metrics collector
2025-07-31 02:26:12,654 INFO  [org.apa.kaf.cli.pro.KafkaProducer] (main) [Producer clientId=Producer-topic-a7c89c83_20c0_46cc_b0d4_3c6b10d0e449] Instantiated an idempotent producer.
2025-07-31 02:26:12,656 INFO  [org.apa.kaf.cli.pro.ProducerConfig] (main) These configurations '[apicurio.registry.find-latest, apicurio.registry.url, apicurio.registry.artifact-resolver-strategy]' were supplied but are not used yet.
2025-07-31 02:26:12,656 INFO  [org.apa.kaf.com.uti.AppInfoParser] (main) Kafka version: 3.9.0
2025-07-31 02:26:12,656 INFO  [org.apa.kaf.com.uti.AppInfoParser] (main) Kafka commitId: 84caaa6e9da06435
2025-07-31 02:26:12,656 INFO  [org.apa.kaf.com.uti.AppInfoParser] (main) Kafka startTimeMs: 1753928772656
2025-07-31 02:26:12,656 INFO  [io.api.tes.ser.api.SimpleSerdesTesterBuilder$SimpleSerdesTester] (main) Using producer configuration: {apicurio.registry.find-latest=true, apicurio.registry.url=http://registry-app-kafkasql.apps.ci419.apicurio-testing.org:80/apis/registry/v3, apicurio.registry.artifact-resolver-strategy=io.apicurio.registry.serde.avro.strategy.TopicRecordIdStrategy, value.serializer=io.apicurio.registry.serde.avro.AvroKafkaSerializer, request.timeout.ms=5000, acks=all, bootstrap.servers=PLAINTEXT://localhost:32770, connections.max.idle.ms=10000, key.serializer=org.apache.kafka.common.serialization.StringSerializer, client.id=Producer-topic-a7c89c83_20c0_46cc_b0d4_3c6b10d0e449}
2025-07-31 02:26:12,656 INFO  [io.api.tes.ser.api.SimpleSerdesTesterBuilder$SimpleSerdesTester] (main) Using consumer configuration: {}
2025-07-31 02:26:12,657 INFO  [io.api.tes.ser.api.KafkaSerdesTester] (Thread-217) Sending message {"key11753928771512": "value-0"} to topic topic-a7c89c83_20c0_46cc_b0d4_3c6b10d0e449
2025-07-31 02:26:12,660 INFO  [org.apa.kaf.cli.Metadata] (kafka-producer-network-thread | Producer-topic-a7c89c83_20c0_46cc_b0d4_3c6b10d0e449) [Producer clientId=Producer-topic-a7c89c83_20c0_46cc_b0d4_3c6b10d0e449] Cluster ID: MA4G_e_SRU2vGr9gzyfJLg
2025-07-31 02:26:12,660 INFO  [org.apa.kaf.cli.pro.int.TransactionManager] (kafka-producer-network-thread | Producer-topic-a7c89c83_20c0_46cc_b0d4_3c6b10d0e449) [Producer clientId=Producer-topic-a7c89c83_20c0_46cc_b0d4_3c6b10d0e449] ProducerId set to 18 with epoch 0
2025-07-31 02:26:12,822 INFO  [io.api.tes.ser.api.KafkaSerdesTester] (Thread-217) Sending message {"key11753928771512": "value-1"} to topic topic-a7c89c83_20c0_46cc_b0d4_3c6b10d0e449
2025-07-31 02:26:12,824 INFO  [io.api.tes.ser.api.KafkaSerdesTester] (Thread-217) Sending message {"key11753928771512": "value-2"} to topic topic-a7c89c83_20c0_46cc_b0d4_3c6b10d0e449
2025-07-31 02:26:12,825 INFO  [io.api.tes.ser.api.KafkaSerdesTester] (Thread-217) Sending message {"key11753928771512": "value-3"} to topic topic-a7c89c83_20c0_46cc_b0d4_3c6b10d0e449
2025-07-31 02:26:12,826 INFO  [io.api.tes.ser.api.KafkaSerdesTester] (Thread-217) Sending message {"key11753928771512": "value-4"} to topic topic-a7c89c83_20c0_46cc_b0d4_3c6b10d0e449
2025-07-31 02:26:12,828 INFO  [io.api.tes.ser.api.KafkaSerdesTester] (Thread-217) Sending message {"key11753928771512": "value-5"} to topic topic-a7c89c83_20c0_46cc_b0d4_3c6b10d0e449
2025-07-31 02:26:12,829 INFO  [io.api.tes.ser.api.KafkaSerdesTester] (Thread-217) Sending message {"key11753928771512": "value-6"} to topic topic-a7c89c83_20c0_46cc_b0d4_3c6b10d0e449
2025-07-31 02:26:12,831 INFO  [io.api.tes.ser.api.KafkaSerdesTester] (Thread-217) Sending message {"key11753928771512": "value-7"} to topic topic-a7c89c83_20c0_46cc_b0d4_3c6b10d0e449
2025-07-31 02:26:12,833 INFO  [io.api.tes.ser.api.KafkaSerdesTester] (Thread-217) Sending message {"key11753928771512": "value-8"} to topic topic-a7c89c83_20c0_46cc_b0d4_3c6b10d0e449
2025-07-31 02:26:12,834 INFO  [io.api.tes.ser.api.KafkaSerdesTester] (Thread-217) Sending message {"key11753928771512": "value-9"} to topic topic-a7c89c83_20c0_46cc_b0d4_3c6b10d0e449
2025-07-31 02:26:12,835 INFO  [io.api.tes.ser.api.KafkaSerdesTester] (Thread-217) Produced 10 messages
2025-07-31 02:26:12,835 INFO  [org.apa.kaf.cli.pro.KafkaProducer] (Thread-217) [Producer clientId=Producer-topic-a7c89c83_20c0_46cc_b0d4_3c6b10d0e449] Closing the Kafka producer with timeoutMillis = 9223372036854775807 ms.
2025-07-31 02:26:12,837 INFO  [org.apa.kaf.com.met.Metrics] (Thread-217) Metrics scheduler closed
2025-07-31 02:26:12,837 INFO  [org.apa.kaf.com.met.Metrics] (Thread-217) Closing reporter org.apache.kafka.common.metrics.JmxReporter
2025-07-31 02:26:12,837 INFO  [org.apa.kaf.com.met.Metrics] (Thread-217) Closing reporter org.apache.kafka.common.telemetry.internals.ClientTelemetryReporter
2025-07-31 02:26:12,837 INFO  [org.apa.kaf.com.met.Metrics] (Thread-217) Metrics reporters closed
2025-07-31 02:26:12,837 INFO  [org.apa.kaf.com.uti.AppInfoParser] (Thread-217) App info kafka.producer for Producer-topic-a7c89c83_20c0_46cc_b0d4_3c6b10d0e449 unregistered
2025-07-31 02:26:12,838 INFO  [org.apa.kaf.cli.con.ConsumerConfig] (main) ConsumerConfig values: 
	allow.auto.create.topics = true
	auto.commit.interval.ms = 500
	auto.include.jmx.reporter = true
	auto.offset.reset = earliest
	bootstrap.servers = [PLAINTEXT://localhost:32770]
	check.crcs = true
	client.dns.lookup = use_all_dns_ips
	client.id = consumer-Consumer-topic-a7c89c83_20c0_46cc_b0d4_3c6b10d0e449-13
	client.rack = 
	connections.max.idle.ms = 10000
	default.api.timeout.ms = 60000
	enable.auto.commit = true
	enable.metrics.push = true
	exclude.internal.topics = true
	fetch.max.bytes = 52428800
	fetch.max.wait.ms = 500
	fetch.min.bytes = 1
	group.id = Consumer-topic-a7c89c83_20c0_46cc_b0d4_3c6b10d0e449
	group.instance.id = null
	group.protocol = classic
	group.remote.assignor = null
	heartbeat.interval.ms = 3000
	interceptor.classes = []
	internal.leave.group.on.close = true
	internal.throw.on.fetch.stable.offset.unsupported = false
	isolation.level = read_uncommitted
	key.deserializer = class org.apache.kafka.common.serialization.StringDeserializer
	max.partition.fetch.bytes = 1048576
	max.poll.interval.ms = 300000
	max.poll.records = 500
	metadata.max.age.ms = 300000
	metadata.recovery.strategy = none
	metric.reporters = []
	metrics.num.samples = 2
	metrics.recording.level = INFO
	metrics.sample.window.ms = 30000
	partition.assignment.strategy = [class org.apache.kafka.clients.consumer.RangeAssignor, class org.apache.kafka.clients.consumer.CooperativeStickyAssignor]
	receive.buffer.bytes = 65536
	reconnect.backoff.max.ms = 1000
	reconnect.backoff.ms = 50
	request.timeout.ms = 5000
	retry.backoff.max.ms = 1000
	retry.backoff.ms = 100
	sasl.client.callback.handler.class = null
	sasl.jaas.config = null
	sasl.kerberos.kinit.cmd = /usr/bin/kinit
	sasl.kerberos.min.time.before.relogin = 60000
	sasl.kerberos.service.name = null
	sasl.kerberos.ticket.renew.jitter = 0.05
	sasl.kerberos.ticket.renew.window.factor = 0.8
	sasl.login.callback.handler.class = null
	sasl.login.class = null
	sasl.login.connect.timeout.ms = null
	sasl.login.read.timeout.ms = null
	sasl.login.refresh.buffer.seconds = 300
	sasl.login.refresh.min.period.seconds = 60
	sasl.login.refresh.window.factor = 0.8
	sasl.login.refresh.window.jitter = 0.05
	sasl.login.retry.backoff.max.ms = 10000
	sasl.login.retry.backoff.ms = 100
	sasl.mechanism = GSSAPI
	sasl.oauthbearer.clock.skew.seconds = 30
	sasl.oauthbearer.expected.audience = null
	sasl.oauthbearer.expected.issuer = null
	sasl.oauthbearer.header.urlencode = false
	sasl.oauthbearer.jwks.endpoint.refresh.ms = 3600000
	sasl.oauthbearer.jwks.endpoint.retry.backoff.max.ms = 10000
	sasl.oauthbearer.jwks.endpoint.retry.backoff.ms = 100
	sasl.oauthbearer.jwks.endpoint.url = null
	sasl.oauthbearer.scope.claim.name = scope
	sasl.oauthbearer.sub.claim.name = sub
	sasl.oauthbearer.token.endpoint.url = null
	security.protocol = PLAINTEXT
	security.providers = null
	send.buffer.bytes = 131072
	session.timeout.ms = 45000
	socket.connection.setup.timeout.max.ms = 30000
	socket.connection.setup.timeout.ms = 10000
	ssl.cipher.suites = null
	ssl.enabled.protocols = [TLSv1.2, TLSv1.3]
	ssl.endpoint.identification.algorithm = https
	ssl.engine.factory.class = null
	ssl.key.password = null
	ssl.keymanager.algorithm = SunX509
	ssl.keystore.certificate.chain = null
	ssl.keystore.key = null
	ssl.keystore.location = null
	ssl.keystore.password = null
	ssl.keystore.type = JKS
	ssl.protocol = TLSv1.3
	ssl.provider = null
	ssl.secure.random.implementation = null
	ssl.trustmanager.algorithm = PKIX
	ssl.truststore.certificates = null
	ssl.truststore.location = null
	ssl.truststore.password = null
	ssl.truststore.type = JKS
	value.deserializer = class io.apicurio.registry.serde.avro.AvroKafkaDeserializer

2025-07-31 02:26:12,838 INFO  [org.apa.kaf.com.tel.int.KafkaMetricsCollector] (main) initializing Kafka metrics collector
2025-07-31 02:26:12,845 INFO  [org.apa.kaf.cli.con.ConsumerConfig] (main) These configurations '[apicurio.registry.url]' were supplied but are not used yet.
2025-07-31 02:26:12,845 INFO  [org.apa.kaf.com.uti.AppInfoParser] (main) Kafka version: 3.9.0
2025-07-31 02:26:12,845 INFO  [org.apa.kaf.com.uti.AppInfoParser] (main) Kafka commitId: 84caaa6e9da06435
2025-07-31 02:26:12,845 INFO  [org.apa.kaf.com.uti.AppInfoParser] (main) Kafka startTimeMs: 1753928772845
2025-07-31 02:26:12,846 INFO  [org.apa.kaf.cli.con.int.ClassicKafkaConsumer] (Thread-220) [Consumer clientId=consumer-Consumer-topic-a7c89c83_20c0_46cc_b0d4_3c6b10d0e449-13, groupId=Consumer-topic-a7c89c83_20c0_46cc_b0d4_3c6b10d0e449] Subscribed to topic(s): topic-a7c89c83_20c0_46cc_b0d4_3c6b10d0e449
2025-07-31 02:26:12,851 INFO  [org.apa.kaf.cli.Metadata] (Thread-220) [Consumer clientId=consumer-Consumer-topic-a7c89c83_20c0_46cc_b0d4_3c6b10d0e449-13, groupId=Consumer-topic-a7c89c83_20c0_46cc_b0d4_3c6b10d0e449] Cluster ID: MA4G_e_SRU2vGr9gzyfJLg
2025-07-31 02:26:12,851 INFO  [org.apa.kaf.cli.con.int.ConsumerCoordinator] (Thread-220) [Consumer clientId=consumer-Consumer-topic-a7c89c83_20c0_46cc_b0d4_3c6b10d0e449-13, groupId=Consumer-topic-a7c89c83_20c0_46cc_b0d4_3c6b10d0e449] Discovered group coordinator localhost:32770 (id: 2147483647 rack: null)
2025-07-31 02:26:12,854 INFO  [org.apa.kaf.cli.con.int.ConsumerCoordinator] (Thread-220) [Consumer clientId=consumer-Consumer-topic-a7c89c83_20c0_46cc_b0d4_3c6b10d0e449-13, groupId=Consumer-topic-a7c89c83_20c0_46cc_b0d4_3c6b10d0e449] (Re-)joining group
2025-07-31 02:26:12,856 INFO  [org.apa.kaf.cli.con.int.ConsumerCoordinator] (Thread-220) [Consumer clientId=consumer-Consumer-topic-a7c89c83_20c0_46cc_b0d4_3c6b10d0e449-13, groupId=Consumer-topic-a7c89c83_20c0_46cc_b0d4_3c6b10d0e449] Request joining group due to: need to re-join with the given member-id: consumer-Consumer-topic-a7c89c83_20c0_46cc_b0d4_3c6b10d0e449-13-57701d28-5f04-4560-9199-55d39cd16ea0
2025-07-31 02:26:12,856 INFO  [org.apa.kaf.cli.con.int.ConsumerCoordinator] (Thread-220) [Consumer clientId=consumer-Consumer-topic-a7c89c83_20c0_46cc_b0d4_3c6b10d0e449-13, groupId=Consumer-topic-a7c89c83_20c0_46cc_b0d4_3c6b10d0e449] (Re-)joining group
2025-07-31 02:26:12,859 INFO  [org.apa.kaf.cli.con.int.ConsumerCoordinator] (Thread-220) [Consumer clientId=consumer-Consumer-topic-a7c89c83_20c0_46cc_b0d4_3c6b10d0e449-13, groupId=Consumer-topic-a7c89c83_20c0_46cc_b0d4_3c6b10d0e449] Successfully joined group with generation Generation{generationId=1, memberId='consumer-Consumer-topic-a7c89c83_20c0_46cc_b0d4_3c6b10d0e449-13-57701d28-5f04-4560-9199-55d39cd16ea0', protocol='range'}
2025-07-31 02:26:12,859 INFO  [org.apa.kaf.cli.con.int.ConsumerCoordinator] (Thread-220) [Consumer clientId=consumer-Consumer-topic-a7c89c83_20c0_46cc_b0d4_3c6b10d0e449-13, groupId=Consumer-topic-a7c89c83_20c0_46cc_b0d4_3c6b10d0e449] Finished assignment for group at generation 1: {consumer-Consumer-topic-a7c89c83_20c0_46cc_b0d4_3c6b10d0e449-13-57701d28-5f04-4560-9199-55d39cd16ea0=Assignment(partitions=[topic-a7c89c83_20c0_46cc_b0d4_3c6b10d0e449-0])}
2025-07-31 02:26:12,861 INFO  [org.apa.kaf.cli.con.int.ConsumerCoordinator] (Thread-220) [Consumer clientId=consumer-Consumer-topic-a7c89c83_20c0_46cc_b0d4_3c6b10d0e449-13, groupId=Consumer-topic-a7c89c83_20c0_46cc_b0d4_3c6b10d0e449] Successfully synced group in generation Generation{generationId=1, memberId='consumer-Consumer-topic-a7c89c83_20c0_46cc_b0d4_3c6b10d0e449-13-57701d28-5f04-4560-9199-55d39cd16ea0', protocol='range'}
2025-07-31 02:26:12,861 INFO  [org.apa.kaf.cli.con.int.ConsumerCoordinator] (Thread-220) [Consumer clientId=consumer-Consumer-topic-a7c89c83_20c0_46cc_b0d4_3c6b10d0e449-13, groupId=Consumer-topic-a7c89c83_20c0_46cc_b0d4_3c6b10d0e449] Notifying assignor about the new Assignment(partitions=[topic-a7c89c83_20c0_46cc_b0d4_3c6b10d0e449-0])
2025-07-31 02:26:12,861 INFO  [org.apa.kaf.cli.con.int.ConsumerRebalanceListenerInvoker] (Thread-220) [Consumer clientId=consumer-Consumer-topic-a7c89c83_20c0_46cc_b0d4_3c6b10d0e449-13, groupId=Consumer-topic-a7c89c83_20c0_46cc_b0d4_3c6b10d0e449] Adding newly assigned partitions: topic-a7c89c83_20c0_46cc_b0d4_3c6b10d0e449-0
2025-07-31 02:26:12,862 INFO  [org.apa.kaf.cli.con.int.ConsumerCoordinator] (Thread-220) [Consumer clientId=consumer-Consumer-topic-a7c89c83_20c0_46cc_b0d4_3c6b10d0e449-13, groupId=Consumer-topic-a7c89c83_20c0_46cc_b0d4_3c6b10d0e449] Found no committed offset for partition topic-a7c89c83_20c0_46cc_b0d4_3c6b10d0e449-0
2025-07-31 02:26:12,867 INFO  [org.apa.kaf.cli.con.int.SubscriptionState] (Thread-220) [Consumer clientId=consumer-Consumer-topic-a7c89c83_20c0_46cc_b0d4_3c6b10d0e449-13, groupId=Consumer-topic-a7c89c83_20c0_46cc_b0d4_3c6b10d0e449] Resetting offset for partition topic-a7c89c83_20c0_46cc_b0d4_3c6b10d0e449-0 to position FetchPosition{offset=0, offsetEpoch=Optional.empty, currentLeader=LeaderAndEpoch{leader=Optional[localhost:32770 (id: 0 rack: null)], epoch=0}}.
2025-07-31 02:26:12,985 INFO  [io.api.tes.ser.api.KafkaSerdesTester] (Thread-220) topic-a7c89c83_20c0_46cc_b0d4_3c6b10d0e449 0 0 {"key11753928771512": "value-0"}
2025-07-31 02:26:12,985 INFO  [io.api.tes.ser.api.KafkaSerdesTester] (Thread-220) topic-a7c89c83_20c0_46cc_b0d4_3c6b10d0e449 0 1 {"key11753928771512": "value-1"}
2025-07-31 02:26:12,985 INFO  [io.api.tes.ser.api.KafkaSerdesTester] (Thread-220) topic-a7c89c83_20c0_46cc_b0d4_3c6b10d0e449 0 2 {"key11753928771512": "value-2"}
2025-07-31 02:26:12,985 INFO  [io.api.tes.ser.api.KafkaSerdesTester] (Thread-220) topic-a7c89c83_20c0_46cc_b0d4_3c6b10d0e449 0 3 {"key11753928771512": "value-3"}
2025-07-31 02:26:12,985 INFO  [io.api.tes.ser.api.KafkaSerdesTester] (Thread-220) topic-a7c89c83_20c0_46cc_b0d4_3c6b10d0e449 0 4 {"key11753928771512": "value-4"}
2025-07-31 02:26:12,985 INFO  [io.api.tes.ser.api.KafkaSerdesTester] (Thread-220) topic-a7c89c83_20c0_46cc_b0d4_3c6b10d0e449 0 5 {"key11753928771512": "value-5"}
2025-07-31 02:26:12,985 INFO  [io.api.tes.ser.api.KafkaSerdesTester] (Thread-220) topic-a7c89c83_20c0_46cc_b0d4_3c6b10d0e449 0 6 {"key11753928771512": "value-6"}
2025-07-31 02:26:12,985 INFO  [io.api.tes.ser.api.KafkaSerdesTester] (Thread-220) topic-a7c89c83_20c0_46cc_b0d4_3c6b10d0e449 0 7 {"key11753928771512": "value-7"}
2025-07-31 02:26:12,985 INFO  [io.api.tes.ser.api.KafkaSerdesTester] (Thread-220) topic-a7c89c83_20c0_46cc_b0d4_3c6b10d0e449 0 8 {"key11753928771512": "value-8"}
2025-07-31 02:26:12,985 INFO  [io.api.tes.ser.api.KafkaSerdesTester] (Thread-220) topic-a7c89c83_20c0_46cc_b0d4_3c6b10d0e449 0 9 {"key11753928771512": "value-9"}
2025-07-31 02:26:12,985 INFO  [io.api.tes.ser.api.KafkaSerdesTester] (Thread-220) Consumed 10 messages
2025-07-31 02:26:12,987 INFO  [org.apa.kaf.cli.con.int.ConsumerRebalanceListenerInvoker] (Thread-220) [Consumer clientId=consumer-Consumer-topic-a7c89c83_20c0_46cc_b0d4_3c6b10d0e449-13, groupId=Consumer-topic-a7c89c83_20c0_46cc_b0d4_3c6b10d0e449] Revoke previously assigned partitions topic-a7c89c83_20c0_46cc_b0d4_3c6b10d0e449-0
2025-07-31 02:26:12,987 INFO  [org.apa.kaf.cli.con.int.ConsumerCoordinator] (Thread-220) [Consumer clientId=consumer-Consumer-topic-a7c89c83_20c0_46cc_b0d4_3c6b10d0e449-13, groupId=Consumer-topic-a7c89c83_20c0_46cc_b0d4_3c6b10d0e449] Member consumer-Consumer-topic-a7c89c83_20c0_46cc_b0d4_3c6b10d0e449-13-57701d28-5f04-4560-9199-55d39cd16ea0 sending LeaveGroup request to coordinator localhost:32770 (id: 2147483647 rack: null) due to the consumer is being closed
2025-07-31 02:26:12,987 INFO  [org.apa.kaf.cli.con.int.ConsumerCoordinator] (Thread-220) [Consumer clientId=consumer-Consumer-topic-a7c89c83_20c0_46cc_b0d4_3c6b10d0e449-13, groupId=Consumer-topic-a7c89c83_20c0_46cc_b0d4_3c6b10d0e449] Resetting generation and member id due to: consumer pro-actively leaving the group
2025-07-31 02:26:12,987 INFO  [org.apa.kaf.cli.con.int.ConsumerCoordinator] (Thread-220) [Consumer clientId=consumer-Consumer-topic-a7c89c83_20c0_46cc_b0d4_3c6b10d0e449-13, groupId=Consumer-topic-a7c89c83_20c0_46cc_b0d4_3c6b10d0e449] Request joining group due to: consumer pro-actively leaving the group
2025-07-31 02:26:13,487 INFO  [org.apa.kaf.com.met.Metrics] (Thread-220) Metrics scheduler closed
2025-07-31 02:26:13,487 INFO  [org.apa.kaf.com.met.Metrics] (Thread-220) Closing reporter org.apache.kafka.common.metrics.JmxReporter
2025-07-31 02:26:13,487 INFO  [org.apa.kaf.com.met.Metrics] (Thread-220) Closing reporter org.apache.kafka.common.telemetry.internals.ClientTelemetryReporter
2025-07-31 02:26:13,487 INFO  [org.apa.kaf.com.met.Metrics] (Thread-220) Metrics reporters closed
2025-07-31 02:26:13,489 INFO  [org.apa.kaf.com.uti.AppInfoParser] (Thread-220) App info kafka.consumer for consumer-Consumer-topic-a7c89c83_20c0_46cc_b0d4_3c6b10d0e449-13 unregistered
2025-07-31 02:26:13,490 INFO  [io.api.tes.uti.TestSeparator] (main) io.apicurio.tests.serdes.apicurio.AvroSerdeIT.testTopicRecordIdStrategydFindLatest-FINISHED
2025-07-31 02:26:13,490 INFO  [io.api.tes.uti.TestSeparator] (main) ############################################################################
]]></system-out>
  </testcase>
  <testcase name="testAvroConfluentForMultipleTopics" classname="io.apicurio.tests.serdes.apicurio.AvroSerdeIT" time="3.426">
    <system-out><![CDATA[2025-07-31 02:26:13,493 INFO  [io.api.tes.uti.TestSeparator] (main) ############################################################################
2025-07-31 02:26:13,493 INFO  [io.api.tes.uti.TestSeparator] (main) io.apicurio.tests.serdes.apicurio.AvroSerdeIT.testAvroConfluentForMultipleTopics-STARTED
2025-07-31 02:26:13,496 INFO  [io.api.tes.ser.api.AvroSerdeIT] (main) Registering Avro Schema: {"type":"record","name":"myrecordconfluent","fields":[{"name":"key11753928773494","type":"string"}]}
2025-07-31 02:26:14,623 INFO  [org.apa.kaf.cli.pro.ProducerConfig] (main) ProducerConfig values: 
	acks = -1
	auto.include.jmx.reporter = true
	batch.size = 16384
	bootstrap.servers = [PLAINTEXT://localhost:32770]
	buffer.memory = 33554432
	client.dns.lookup = use_all_dns_ips
	client.id = Producer-topic-4dd76013_b58b_4f53_b45c_99aa6d18e555
	compression.gzip.level = -1
	compression.lz4.level = 9
	compression.type = none
	compression.zstd.level = 3
	connections.max.idle.ms = 10000
	delivery.timeout.ms = 120000
	enable.idempotence = true
	enable.metrics.push = true
	interceptor.classes = []
	key.serializer = class org.apache.kafka.common.serialization.StringSerializer
	linger.ms = 0
	max.block.ms = 60000
	max.in.flight.requests.per.connection = 5
	max.request.size = 1048576
	metadata.max.age.ms = 300000
	metadata.max.idle.ms = 300000
	metadata.recovery.strategy = none
	metric.reporters = []
	metrics.num.samples = 2
	metrics.recording.level = INFO
	metrics.sample.window.ms = 30000
	partitioner.adaptive.partitioning.enable = true
	partitioner.availability.timeout.ms = 0
	partitioner.class = null
	partitioner.ignore.keys = false
	receive.buffer.bytes = 32768
	reconnect.backoff.max.ms = 1000
	reconnect.backoff.ms = 50
	request.timeout.ms = 5000
	retries = 2147483647
	retry.backoff.max.ms = 1000
	retry.backoff.ms = 100
	sasl.client.callback.handler.class = null
	sasl.jaas.config = null
	sasl.kerberos.kinit.cmd = /usr/bin/kinit
	sasl.kerberos.min.time.before.relogin = 60000
	sasl.kerberos.service.name = null
	sasl.kerberos.ticket.renew.jitter = 0.05
	sasl.kerberos.ticket.renew.window.factor = 0.8
	sasl.login.callback.handler.class = null
	sasl.login.class = null
	sasl.login.connect.timeout.ms = null
	sasl.login.read.timeout.ms = null
	sasl.login.refresh.buffer.seconds = 300
	sasl.login.refresh.min.period.seconds = 60
	sasl.login.refresh.window.factor = 0.8
	sasl.login.refresh.window.jitter = 0.05
	sasl.login.retry.backoff.max.ms = 10000
	sasl.login.retry.backoff.ms = 100
	sasl.mechanism = GSSAPI
	sasl.oauthbearer.clock.skew.seconds = 30
	sasl.oauthbearer.expected.audience = null
	sasl.oauthbearer.expected.issuer = null
	sasl.oauthbearer.header.urlencode = false
	sasl.oauthbearer.jwks.endpoint.refresh.ms = 3600000
	sasl.oauthbearer.jwks.endpoint.retry.backoff.max.ms = 10000
	sasl.oauthbearer.jwks.endpoint.retry.backoff.ms = 100
	sasl.oauthbearer.jwks.endpoint.url = null
	sasl.oauthbearer.scope.claim.name = scope
	sasl.oauthbearer.sub.claim.name = sub
	sasl.oauthbearer.token.endpoint.url = null
	security.protocol = PLAINTEXT
	security.providers = null
	send.buffer.bytes = 131072
	socket.connection.setup.timeout.max.ms = 30000
	socket.connection.setup.timeout.ms = 10000
	ssl.cipher.suites = null
	ssl.enabled.protocols = [TLSv1.2, TLSv1.3]
	ssl.endpoint.identification.algorithm = https
	ssl.engine.factory.class = null
	ssl.key.password = null
	ssl.keymanager.algorithm = SunX509
	ssl.keystore.certificate.chain = null
	ssl.keystore.key = null
	ssl.keystore.location = null
	ssl.keystore.password = null
	ssl.keystore.type = JKS
	ssl.protocol = TLSv1.3
	ssl.provider = null
	ssl.secure.random.implementation = null
	ssl.trustmanager.algorithm = PKIX
	ssl.truststore.certificates = null
	ssl.truststore.location = null
	ssl.truststore.password = null
	ssl.truststore.type = JKS
	transaction.timeout.ms = 60000
	transactional.id = null
	value.serializer = class io.apicurio.registry.serde.avro.AvroKafkaSerializer

2025-07-31 02:26:14,624 INFO  [org.apa.kaf.com.tel.int.KafkaMetricsCollector] (main) initializing Kafka metrics collector
2025-07-31 02:26:14,627 INFO  [org.apa.kaf.cli.pro.KafkaProducer] (main) [Producer clientId=Producer-topic-4dd76013_b58b_4f53_b45c_99aa6d18e555] Instantiated an idempotent producer.
2025-07-31 02:26:14,628 INFO  [org.apa.kaf.cli.pro.ProducerConfig] (main) These configurations '[apicurio.registry.url, apicurio.registry.artifact-resolver-strategy]' were supplied but are not used yet.
2025-07-31 02:26:14,628 INFO  [org.apa.kaf.com.uti.AppInfoParser] (main) Kafka version: 3.9.0
2025-07-31 02:26:14,628 INFO  [org.apa.kaf.com.uti.AppInfoParser] (main) Kafka commitId: 84caaa6e9da06435
2025-07-31 02:26:14,628 INFO  [org.apa.kaf.com.uti.AppInfoParser] (main) Kafka startTimeMs: 1753928774628
2025-07-31 02:26:14,629 INFO  [org.apa.kaf.cli.pro.ProducerConfig] (main) ProducerConfig values: 
	acks = -1
	auto.include.jmx.reporter = true
	batch.size = 16384
	bootstrap.servers = [PLAINTEXT://localhost:32770]
	buffer.memory = 33554432
	client.dns.lookup = use_all_dns_ips
	client.id = Producer-topic-c50261fd_75fd_41cb_8825_70f20e224082
	compression.gzip.level = -1
	compression.lz4.level = 9
	compression.type = none
	compression.zstd.level = 3
	connections.max.idle.ms = 10000
	delivery.timeout.ms = 120000
	enable.idempotence = true
	enable.metrics.push = true
	interceptor.classes = []
	key.serializer = class org.apache.kafka.common.serialization.StringSerializer
	linger.ms = 0
	max.block.ms = 60000
	max.in.flight.requests.per.connection = 5
	max.request.size = 1048576
	metadata.max.age.ms = 300000
	metadata.max.idle.ms = 300000
	metadata.recovery.strategy = none
	metric.reporters = []
	metrics.num.samples = 2
	metrics.recording.level = INFO
	metrics.sample.window.ms = 30000
	partitioner.adaptive.partitioning.enable = true
	partitioner.availability.timeout.ms = 0
	partitioner.class = null
	partitioner.ignore.keys = false
	receive.buffer.bytes = 32768
	reconnect.backoff.max.ms = 1000
	reconnect.backoff.ms = 50
	request.timeout.ms = 5000
	retries = 2147483647
	retry.backoff.max.ms = 1000
	retry.backoff.ms = 100
	sasl.client.callback.handler.class = null
	sasl.jaas.config = null
	sasl.kerberos.kinit.cmd = /usr/bin/kinit
	sasl.kerberos.min.time.before.relogin = 60000
	sasl.kerberos.service.name = null
	sasl.kerberos.ticket.renew.jitter = 0.05
	sasl.kerberos.ticket.renew.window.factor = 0.8
	sasl.login.callback.handler.class = null
	sasl.login.class = null
	sasl.login.connect.timeout.ms = null
	sasl.login.read.timeout.ms = null
	sasl.login.refresh.buffer.seconds = 300
	sasl.login.refresh.min.period.seconds = 60
	sasl.login.refresh.window.factor = 0.8
	sasl.login.refresh.window.jitter = 0.05
	sasl.login.retry.backoff.max.ms = 10000
	sasl.login.retry.backoff.ms = 100
	sasl.mechanism = GSSAPI
	sasl.oauthbearer.clock.skew.seconds = 30
	sasl.oauthbearer.expected.audience = null
	sasl.oauthbearer.expected.issuer = null
	sasl.oauthbearer.header.urlencode = false
	sasl.oauthbearer.jwks.endpoint.refresh.ms = 3600000
	sasl.oauthbearer.jwks.endpoint.retry.backoff.max.ms = 10000
	sasl.oauthbearer.jwks.endpoint.retry.backoff.ms = 100
	sasl.oauthbearer.jwks.endpoint.url = null
	sasl.oauthbearer.scope.claim.name = scope
	sasl.oauthbearer.sub.claim.name = sub
	sasl.oauthbearer.token.endpoint.url = null
	security.protocol = PLAINTEXT
	security.providers = null
	send.buffer.bytes = 131072
	socket.connection.setup.timeout.max.ms = 30000
	socket.connection.setup.timeout.ms = 10000
	ssl.cipher.suites = null
	ssl.enabled.protocols = [TLSv1.2, TLSv1.3]
	ssl.endpoint.identification.algorithm = https
	ssl.engine.factory.class = null
	ssl.key.password = null
	ssl.keymanager.algorithm = SunX509
	ssl.keystore.certificate.chain = null
	ssl.keystore.key = null
	ssl.keystore.location = null
	ssl.keystore.password = null
	ssl.keystore.type = JKS
	ssl.protocol = TLSv1.3
	ssl.provider = null
	ssl.secure.random.implementation = null
	ssl.trustmanager.algorithm = PKIX
	ssl.truststore.certificates = null
	ssl.truststore.location = null
	ssl.truststore.password = null
	ssl.truststore.type = JKS
	transaction.timeout.ms = 60000
	transactional.id = null
	value.serializer = class io.apicurio.registry.serde.avro.AvroKafkaSerializer

2025-07-31 02:26:14,629 INFO  [org.apa.kaf.com.tel.int.KafkaMetricsCollector] (main) initializing Kafka metrics collector
2025-07-31 02:26:14,637 INFO  [org.apa.kaf.cli.pro.KafkaProducer] (main) [Producer clientId=Producer-topic-c50261fd_75fd_41cb_8825_70f20e224082] Instantiated an idempotent producer.
2025-07-31 02:26:14,641 INFO  [org.apa.kaf.cli.Metadata] (kafka-producer-network-thread | Producer-topic-4dd76013_b58b_4f53_b45c_99aa6d18e555) [Producer clientId=Producer-topic-4dd76013_b58b_4f53_b45c_99aa6d18e555] Cluster ID: MA4G_e_SRU2vGr9gzyfJLg
2025-07-31 02:26:14,643 INFO  [org.apa.kaf.cli.pro.ProducerConfig] (main) These configurations '[apicurio.registry.url, apicurio.registry.artifact-resolver-strategy]' were supplied but are not used yet.
2025-07-31 02:26:14,643 INFO  [org.apa.kaf.com.uti.AppInfoParser] (main) Kafka version: 3.9.0
2025-07-31 02:26:14,643 INFO  [org.apa.kaf.com.uti.AppInfoParser] (main) Kafka commitId: 84caaa6e9da06435
2025-07-31 02:26:14,643 INFO  [org.apa.kaf.com.uti.AppInfoParser] (main) Kafka startTimeMs: 1753928774643
2025-07-31 02:26:14,643 INFO  [org.apa.kaf.cli.pro.ProducerConfig] (main) ProducerConfig values: 
	acks = -1
	auto.include.jmx.reporter = true
	batch.size = 16384
	bootstrap.servers = [PLAINTEXT://localhost:32770]
	buffer.memory = 33554432
	client.dns.lookup = use_all_dns_ips
	client.id = Producer-topic-39e93162_1c52_481e_b6be_bca708d28aa9
	compression.gzip.level = -1
	compression.lz4.level = 9
	compression.type = none
	compression.zstd.level = 3
	connections.max.idle.ms = 10000
	delivery.timeout.ms = 120000
	enable.idempotence = true
	enable.metrics.push = true
	interceptor.classes = []
	key.serializer = class org.apache.kafka.common.serialization.StringSerializer
	linger.ms = 0
	max.block.ms = 60000
	max.in.flight.requests.per.connection = 5
	max.request.size = 1048576
	metadata.max.age.ms = 300000
	metadata.max.idle.ms = 300000
	metadata.recovery.strategy = none
	metric.reporters = []
	metrics.num.samples = 2
	metrics.recording.level = INFO
	metrics.sample.window.ms = 30000
	partitioner.adaptive.partitioning.enable = true
	partitioner.availability.timeout.ms = 0
	partitioner.class = null
	partitioner.ignore.keys = false
	receive.buffer.bytes = 32768
	reconnect.backoff.max.ms = 1000
	reconnect.backoff.ms = 50
	request.timeout.ms = 5000
	retries = 2147483647
	retry.backoff.max.ms = 1000
	retry.backoff.ms = 100
	sasl.client.callback.handler.class = null
	sasl.jaas.config = null
	sasl.kerberos.kinit.cmd = /usr/bin/kinit
	sasl.kerberos.min.time.before.relogin = 60000
	sasl.kerberos.service.name = null
	sasl.kerberos.ticket.renew.jitter = 0.05
	sasl.kerberos.ticket.renew.window.factor = 0.8
	sasl.login.callback.handler.class = null
	sasl.login.class = null
	sasl.login.connect.timeout.ms = null
	sasl.login.read.timeout.ms = null
	sasl.login.refresh.buffer.seconds = 300
	sasl.login.refresh.min.period.seconds = 60
	sasl.login.refresh.window.factor = 0.8
	sasl.login.refresh.window.jitter = 0.05
	sasl.login.retry.backoff.max.ms = 10000
	sasl.login.retry.backoff.ms = 100
	sasl.mechanism = GSSAPI
	sasl.oauthbearer.clock.skew.seconds = 30
	sasl.oauthbearer.expected.audience = null
	sasl.oauthbearer.expected.issuer = null
	sasl.oauthbearer.header.urlencode = false
	sasl.oauthbearer.jwks.endpoint.refresh.ms = 3600000
	sasl.oauthbearer.jwks.endpoint.retry.backoff.max.ms = 10000
	sasl.oauthbearer.jwks.endpoint.retry.backoff.ms = 100
	sasl.oauthbearer.jwks.endpoint.url = null
	sasl.oauthbearer.scope.claim.name = scope
	sasl.oauthbearer.sub.claim.name = sub
	sasl.oauthbearer.token.endpoint.url = null
	security.protocol = PLAINTEXT
	security.providers = null
	send.buffer.bytes = 131072
	socket.connection.setup.timeout.max.ms = 30000
	socket.connection.setup.timeout.ms = 10000
	ssl.cipher.suites = null
	ssl.enabled.protocols = [TLSv1.2, TLSv1.3]
	ssl.endpoint.identification.algorithm = https
	ssl.engine.factory.class = null
	ssl.key.password = null
	ssl.keymanager.algorithm = SunX509
	ssl.keystore.certificate.chain = null
	ssl.keystore.key = null
	ssl.keystore.location = null
	ssl.keystore.password = null
	ssl.keystore.type = JKS
	ssl.protocol = TLSv1.3
	ssl.provider = null
	ssl.secure.random.implementation = null
	ssl.trustmanager.algorithm = PKIX
	ssl.truststore.certificates = null
	ssl.truststore.location = null
	ssl.truststore.password = null
	ssl.truststore.type = JKS
	transaction.timeout.ms = 60000
	transactional.id = null
	value.serializer = class io.apicurio.registry.serde.avro.AvroKafkaSerializer

2025-07-31 02:26:14,644 INFO  [org.apa.kaf.com.tel.int.KafkaMetricsCollector] (main) initializing Kafka metrics collector
2025-07-31 02:26:14,644 INFO  [org.apa.kaf.cli.pro.int.TransactionManager] (kafka-producer-network-thread | Producer-topic-4dd76013_b58b_4f53_b45c_99aa6d18e555) [Producer clientId=Producer-topic-4dd76013_b58b_4f53_b45c_99aa6d18e555] ProducerId set to 19 with epoch 0
2025-07-31 02:26:14,650 INFO  [org.apa.kaf.cli.Metadata] (kafka-producer-network-thread | Producer-topic-c50261fd_75fd_41cb_8825_70f20e224082) [Producer clientId=Producer-topic-c50261fd_75fd_41cb_8825_70f20e224082] Cluster ID: MA4G_e_SRU2vGr9gzyfJLg
2025-07-31 02:26:14,651 INFO  [org.apa.kaf.cli.pro.int.TransactionManager] (kafka-producer-network-thread | Producer-topic-c50261fd_75fd_41cb_8825_70f20e224082) [Producer clientId=Producer-topic-c50261fd_75fd_41cb_8825_70f20e224082] ProducerId set to 20 with epoch 0
2025-07-31 02:26:14,651 INFO  [org.apa.kaf.cli.pro.KafkaProducer] (main) [Producer clientId=Producer-topic-39e93162_1c52_481e_b6be_bca708d28aa9] Instantiated an idempotent producer.
2025-07-31 02:26:14,653 INFO  [org.apa.kaf.cli.pro.ProducerConfig] (main) These configurations '[apicurio.registry.url, apicurio.registry.artifact-resolver-strategy]' were supplied but are not used yet.
2025-07-31 02:26:14,653 INFO  [org.apa.kaf.com.uti.AppInfoParser] (main) Kafka version: 3.9.0
2025-07-31 02:26:14,653 INFO  [org.apa.kaf.com.uti.AppInfoParser] (main) Kafka commitId: 84caaa6e9da06435
2025-07-31 02:26:14,653 INFO  [org.apa.kaf.com.uti.AppInfoParser] (main) Kafka startTimeMs: 1753928774653
2025-07-31 02:26:14,654 INFO  [org.apa.kaf.cli.con.ConsumerConfig] (main) ConsumerConfig values: 
	allow.auto.create.topics = true
	auto.commit.interval.ms = 500
	auto.include.jmx.reporter = true
	auto.offset.reset = earliest
	bootstrap.servers = [PLAINTEXT://localhost:32770]
	check.crcs = true
	client.dns.lookup = use_all_dns_ips
	client.id = consumer-Consumer-topic-4dd76013_b58b_4f53_b45c_99aa6d18e555-14
	client.rack = 
	connections.max.idle.ms = 10000
	default.api.timeout.ms = 60000
	enable.auto.commit = true
	enable.metrics.push = true
	exclude.internal.topics = true
	fetch.max.bytes = 52428800
	fetch.max.wait.ms = 500
	fetch.min.bytes = 1
	group.id = Consumer-topic-4dd76013_b58b_4f53_b45c_99aa6d18e555
	group.instance.id = null
	group.protocol = classic
	group.remote.assignor = null
	heartbeat.interval.ms = 3000
	interceptor.classes = []
	internal.leave.group.on.close = true
	internal.throw.on.fetch.stable.offset.unsupported = false
	isolation.level = read_uncommitted
	key.deserializer = class org.apache.kafka.common.serialization.StringDeserializer
	max.partition.fetch.bytes = 1048576
	max.poll.interval.ms = 300000
	max.poll.records = 500
	metadata.max.age.ms = 300000
	metadata.recovery.strategy = none
	metric.reporters = []
	metrics.num.samples = 2
	metrics.recording.level = INFO
	metrics.sample.window.ms = 30000
	partition.assignment.strategy = [class org.apache.kafka.clients.consumer.RangeAssignor, class org.apache.kafka.clients.consumer.CooperativeStickyAssignor]
	receive.buffer.bytes = 65536
	reconnect.backoff.max.ms = 1000
	reconnect.backoff.ms = 50
	request.timeout.ms = 5000
	retry.backoff.max.ms = 1000
	retry.backoff.ms = 100
	sasl.client.callback.handler.class = null
	sasl.jaas.config = null
	sasl.kerberos.kinit.cmd = /usr/bin/kinit
	sasl.kerberos.min.time.before.relogin = 60000
	sasl.kerberos.service.name = null
	sasl.kerberos.ticket.renew.jitter = 0.05
	sasl.kerberos.ticket.renew.window.factor = 0.8
	sasl.login.callback.handler.class = null
	sasl.login.class = null
	sasl.login.connect.timeout.ms = null
	sasl.login.read.timeout.ms = null
	sasl.login.refresh.buffer.seconds = 300
	sasl.login.refresh.min.period.seconds = 60
	sasl.login.refresh.window.factor = 0.8
	sasl.login.refresh.window.jitter = 0.05
	sasl.login.retry.backoff.max.ms = 10000
	sasl.login.retry.backoff.ms = 100
	sasl.mechanism = GSSAPI
	sasl.oauthbearer.clock.skew.seconds = 30
	sasl.oauthbearer.expected.audience = null
	sasl.oauthbearer.expected.issuer = null
	sasl.oauthbearer.header.urlencode = false
	sasl.oauthbearer.jwks.endpoint.refresh.ms = 3600000
	sasl.oauthbearer.jwks.endpoint.retry.backoff.max.ms = 10000
	sasl.oauthbearer.jwks.endpoint.retry.backoff.ms = 100
	sasl.oauthbearer.jwks.endpoint.url = null
	sasl.oauthbearer.scope.claim.name = scope
	sasl.oauthbearer.sub.claim.name = sub
	sasl.oauthbearer.token.endpoint.url = null
	security.protocol = PLAINTEXT
	security.providers = null
	send.buffer.bytes = 131072
	session.timeout.ms = 45000
	socket.connection.setup.timeout.max.ms = 30000
	socket.connection.setup.timeout.ms = 10000
	ssl.cipher.suites = null
	ssl.enabled.protocols = [TLSv1.2, TLSv1.3]
	ssl.endpoint.identification.algorithm = https
	ssl.engine.factory.class = null
	ssl.key.password = null
	ssl.keymanager.algorithm = SunX509
	ssl.keystore.certificate.chain = null
	ssl.keystore.key = null
	ssl.keystore.location = null
	ssl.keystore.password = null
	ssl.keystore.type = JKS
	ssl.protocol = TLSv1.3
	ssl.provider = null
	ssl.secure.random.implementation = null
	ssl.trustmanager.algorithm = PKIX
	ssl.truststore.certificates = null
	ssl.truststore.location = null
	ssl.truststore.password = null
	ssl.truststore.type = JKS
	value.deserializer = class io.apicurio.registry.serde.avro.AvroKafkaDeserializer

2025-07-31 02:26:14,654 INFO  [org.apa.kaf.com.tel.int.KafkaMetricsCollector] (main) initializing Kafka metrics collector
2025-07-31 02:26:14,665 INFO  [org.apa.kaf.cli.Metadata] (kafka-producer-network-thread | Producer-topic-39e93162_1c52_481e_b6be_bca708d28aa9) [Producer clientId=Producer-topic-39e93162_1c52_481e_b6be_bca708d28aa9] Cluster ID: MA4G_e_SRU2vGr9gzyfJLg
2025-07-31 02:26:14,666 INFO  [org.apa.kaf.cli.con.ConsumerConfig] (main) These configurations '[apicurio.registry.url]' were supplied but are not used yet.
2025-07-31 02:26:14,666 INFO  [org.apa.kaf.com.uti.AppInfoParser] (main) Kafka version: 3.9.0
2025-07-31 02:26:14,666 INFO  [org.apa.kaf.com.uti.AppInfoParser] (main) Kafka commitId: 84caaa6e9da06435
2025-07-31 02:26:14,666 INFO  [org.apa.kaf.com.uti.AppInfoParser] (main) Kafka startTimeMs: 1753928774666
2025-07-31 02:26:14,666 INFO  [org.apa.kaf.cli.pro.int.TransactionManager] (kafka-producer-network-thread | Producer-topic-39e93162_1c52_481e_b6be_bca708d28aa9) [Producer clientId=Producer-topic-39e93162_1c52_481e_b6be_bca708d28aa9] ProducerId set to 21 with epoch 0
2025-07-31 02:26:14,667 INFO  [org.apa.kaf.cli.con.ConsumerConfig] (main) ConsumerConfig values: 
	allow.auto.create.topics = true
	auto.commit.interval.ms = 500
	auto.include.jmx.reporter = true
	auto.offset.reset = earliest
	bootstrap.servers = [PLAINTEXT://localhost:32770]
	check.crcs = true
	client.dns.lookup = use_all_dns_ips
	client.id = consumer-Consumer-topic-c50261fd_75fd_41cb_8825_70f20e224082-15
	client.rack = 
	connections.max.idle.ms = 10000
	default.api.timeout.ms = 60000
	enable.auto.commit = true
	enable.metrics.push = true
	exclude.internal.topics = true
	fetch.max.bytes = 52428800
	fetch.max.wait.ms = 500
	fetch.min.bytes = 1
	group.id = Consumer-topic-c50261fd_75fd_41cb_8825_70f20e224082
	group.instance.id = null
	group.protocol = classic
	group.remote.assignor = null
	heartbeat.interval.ms = 3000
	interceptor.classes = []
	internal.leave.group.on.close = true
	internal.throw.on.fetch.stable.offset.unsupported = false
	isolation.level = read_uncommitted
	key.deserializer = class org.apache.kafka.common.serialization.StringDeserializer
	max.partition.fetch.bytes = 1048576
	max.poll.interval.ms = 300000
	max.poll.records = 500
	metadata.max.age.ms = 300000
	metadata.recovery.strategy = none
	metric.reporters = []
	metrics.num.samples = 2
	metrics.recording.level = INFO
	metrics.sample.window.ms = 30000
	partition.assignment.strategy = [class org.apache.kafka.clients.consumer.RangeAssignor, class org.apache.kafka.clients.consumer.CooperativeStickyAssignor]
	receive.buffer.bytes = 65536
	reconnect.backoff.max.ms = 1000
	reconnect.backoff.ms = 50
	request.timeout.ms = 5000
	retry.backoff.max.ms = 1000
	retry.backoff.ms = 100
	sasl.client.callback.handler.class = null
	sasl.jaas.config = null
	sasl.kerberos.kinit.cmd = /usr/bin/kinit
	sasl.kerberos.min.time.before.relogin = 60000
	sasl.kerberos.service.name = null
	sasl.kerberos.ticket.renew.jitter = 0.05
	sasl.kerberos.ticket.renew.window.factor = 0.8
	sasl.login.callback.handler.class = null
	sasl.login.class = null
	sasl.login.connect.timeout.ms = null
	sasl.login.read.timeout.ms = null
	sasl.login.refresh.buffer.seconds = 300
	sasl.login.refresh.min.period.seconds = 60
	sasl.login.refresh.window.factor = 0.8
	sasl.login.refresh.window.jitter = 0.05
	sasl.login.retry.backoff.max.ms = 10000
	sasl.login.retry.backoff.ms = 100
	sasl.mechanism = GSSAPI
	sasl.oauthbearer.clock.skew.seconds = 30
	sasl.oauthbearer.expected.audience = null
	sasl.oauthbearer.expected.issuer = null
	sasl.oauthbearer.header.urlencode = false
	sasl.oauthbearer.jwks.endpoint.refresh.ms = 3600000
	sasl.oauthbearer.jwks.endpoint.retry.backoff.max.ms = 10000
	sasl.oauthbearer.jwks.endpoint.retry.backoff.ms = 100
	sasl.oauthbearer.jwks.endpoint.url = null
	sasl.oauthbearer.scope.claim.name = scope
	sasl.oauthbearer.sub.claim.name = sub
	sasl.oauthbearer.token.endpoint.url = null
	security.protocol = PLAINTEXT
	security.providers = null
	send.buffer.bytes = 131072
	session.timeout.ms = 45000
	socket.connection.setup.timeout.max.ms = 30000
	socket.connection.setup.timeout.ms = 10000
	ssl.cipher.suites = null
	ssl.enabled.protocols = [TLSv1.2, TLSv1.3]
	ssl.endpoint.identification.algorithm = https
	ssl.engine.factory.class = null
	ssl.key.password = null
	ssl.keymanager.algorithm = SunX509
	ssl.keystore.certificate.chain = null
	ssl.keystore.key = null
	ssl.keystore.location = null
	ssl.keystore.password = null
	ssl.keystore.type = JKS
	ssl.protocol = TLSv1.3
	ssl.provider = null
	ssl.secure.random.implementation = null
	ssl.trustmanager.algorithm = PKIX
	ssl.truststore.certificates = null
	ssl.truststore.location = null
	ssl.truststore.password = null
	ssl.truststore.type = JKS
	value.deserializer = class io.apicurio.registry.serde.avro.AvroKafkaDeserializer

2025-07-31 02:26:14,667 INFO  [org.apa.kaf.com.tel.int.KafkaMetricsCollector] (main) initializing Kafka metrics collector
2025-07-31 02:26:14,673 INFO  [org.apa.kaf.cli.con.ConsumerConfig] (main) These configurations '[apicurio.registry.url]' were supplied but are not used yet.
2025-07-31 02:26:14,673 INFO  [org.apa.kaf.com.uti.AppInfoParser] (main) Kafka version: 3.9.0
2025-07-31 02:26:14,673 INFO  [org.apa.kaf.com.uti.AppInfoParser] (main) Kafka commitId: 84caaa6e9da06435
2025-07-31 02:26:14,673 INFO  [org.apa.kaf.com.uti.AppInfoParser] (main) Kafka startTimeMs: 1753928774673
2025-07-31 02:26:14,674 INFO  [org.apa.kaf.cli.con.ConsumerConfig] (main) ConsumerConfig values: 
	allow.auto.create.topics = true
	auto.commit.interval.ms = 500
	auto.include.jmx.reporter = true
	auto.offset.reset = earliest
	bootstrap.servers = [PLAINTEXT://localhost:32770]
	check.crcs = true
	client.dns.lookup = use_all_dns_ips
	client.id = consumer-Consumer-topic-39e93162_1c52_481e_b6be_bca708d28aa9-16
	client.rack = 
	connections.max.idle.ms = 10000
	default.api.timeout.ms = 60000
	enable.auto.commit = true
	enable.metrics.push = true
	exclude.internal.topics = true
	fetch.max.bytes = 52428800
	fetch.max.wait.ms = 500
	fetch.min.bytes = 1
	group.id = Consumer-topic-39e93162_1c52_481e_b6be_bca708d28aa9
	group.instance.id = null
	group.protocol = classic
	group.remote.assignor = null
	heartbeat.interval.ms = 3000
	interceptor.classes = []
	internal.leave.group.on.close = true
	internal.throw.on.fetch.stable.offset.unsupported = false
	isolation.level = read_uncommitted
	key.deserializer = class org.apache.kafka.common.serialization.StringDeserializer
	max.partition.fetch.bytes = 1048576
	max.poll.interval.ms = 300000
	max.poll.records = 500
	metadata.max.age.ms = 300000
	metadata.recovery.strategy = none
	metric.reporters = []
	metrics.num.samples = 2
	metrics.recording.level = INFO
	metrics.sample.window.ms = 30000
	partition.assignment.strategy = [class org.apache.kafka.clients.consumer.RangeAssignor, class org.apache.kafka.clients.consumer.CooperativeStickyAssignor]
	receive.buffer.bytes = 65536
	reconnect.backoff.max.ms = 1000
	reconnect.backoff.ms = 50
	request.timeout.ms = 5000
	retry.backoff.max.ms = 1000
	retry.backoff.ms = 100
	sasl.client.callback.handler.class = null
	sasl.jaas.config = null
	sasl.kerberos.kinit.cmd = /usr/bin/kinit
	sasl.kerberos.min.time.before.relogin = 60000
	sasl.kerberos.service.name = null
	sasl.kerberos.ticket.renew.jitter = 0.05
	sasl.kerberos.ticket.renew.window.factor = 0.8
	sasl.login.callback.handler.class = null
	sasl.login.class = null
	sasl.login.connect.timeout.ms = null
	sasl.login.read.timeout.ms = null
	sasl.login.refresh.buffer.seconds = 300
	sasl.login.refresh.min.period.seconds = 60
	sasl.login.refresh.window.factor = 0.8
	sasl.login.refresh.window.jitter = 0.05
	sasl.login.retry.backoff.max.ms = 10000
	sasl.login.retry.backoff.ms = 100
	sasl.mechanism = GSSAPI
	sasl.oauthbearer.clock.skew.seconds = 30
	sasl.oauthbearer.expected.audience = null
	sasl.oauthbearer.expected.issuer = null
	sasl.oauthbearer.header.urlencode = false
	sasl.oauthbearer.jwks.endpoint.refresh.ms = 3600000
	sasl.oauthbearer.jwks.endpoint.retry.backoff.max.ms = 10000
	sasl.oauthbearer.jwks.endpoint.retry.backoff.ms = 100
	sasl.oauthbearer.jwks.endpoint.url = null
	sasl.oauthbearer.scope.claim.name = scope
	sasl.oauthbearer.sub.claim.name = sub
	sasl.oauthbearer.token.endpoint.url = null
	security.protocol = PLAINTEXT
	security.providers = null
	send.buffer.bytes = 131072
	session.timeout.ms = 45000
	socket.connection.setup.timeout.max.ms = 30000
	socket.connection.setup.timeout.ms = 10000
	ssl.cipher.suites = null
	ssl.enabled.protocols = [TLSv1.2, TLSv1.3]
	ssl.endpoint.identification.algorithm = https
	ssl.engine.factory.class = null
	ssl.key.password = null
	ssl.keymanager.algorithm = SunX509
	ssl.keystore.certificate.chain = null
	ssl.keystore.key = null
	ssl.keystore.location = null
	ssl.keystore.password = null
	ssl.keystore.type = JKS
	ssl.protocol = TLSv1.3
	ssl.provider = null
	ssl.secure.random.implementation = null
	ssl.trustmanager.algorithm = PKIX
	ssl.truststore.certificates = null
	ssl.truststore.location = null
	ssl.truststore.password = null
	ssl.truststore.type = JKS
	value.deserializer = class io.apicurio.registry.serde.avro.AvroKafkaDeserializer

2025-07-31 02:26:14,674 INFO  [org.apa.kaf.com.tel.int.KafkaMetricsCollector] (main) initializing Kafka metrics collector
2025-07-31 02:26:14,677 INFO  [org.apa.kaf.cli.con.ConsumerConfig] (main) These configurations '[apicurio.registry.url]' were supplied but are not used yet.
2025-07-31 02:26:14,677 INFO  [org.apa.kaf.com.uti.AppInfoParser] (main) Kafka version: 3.9.0
2025-07-31 02:26:14,677 INFO  [org.apa.kaf.com.uti.AppInfoParser] (main) Kafka commitId: 84caaa6e9da06435
2025-07-31 02:26:14,677 INFO  [org.apa.kaf.com.uti.AppInfoParser] (main) Kafka startTimeMs: 1753928774677
2025-07-31 02:26:14,678 INFO  [io.api.tes.ser.api.KafkaSerdesTester] (Thread-233) Sending message {"key11753928773494": "value-0"} to topic topic-4dd76013_b58b_4f53_b45c_99aa6d18e555
2025-07-31 02:26:14,682 INFO  [DefaultSchemaResolver] (Thread-233) Retrieving schema content using string: {"type":"record","name":"myrecordconfluent","fields":[{"name":"key11753928773494","type":"string"}]}
2025-07-31 02:26:14,762 INFO  [io.api.tes.ser.api.KafkaSerdesTester] (Thread-233) Sending message {"key11753928773494": "value-1"} to topic topic-4dd76013_b58b_4f53_b45c_99aa6d18e555
2025-07-31 02:26:14,763 INFO  [io.api.tes.ser.api.KafkaSerdesTester] (Thread-233) Sending message {"key11753928773494": "value-2"} to topic topic-4dd76013_b58b_4f53_b45c_99aa6d18e555
2025-07-31 02:26:14,764 INFO  [io.api.tes.ser.api.KafkaSerdesTester] (Thread-233) Sending message {"key11753928773494": "value-3"} to topic topic-4dd76013_b58b_4f53_b45c_99aa6d18e555
2025-07-31 02:26:14,765 INFO  [io.api.tes.ser.api.KafkaSerdesTester] (Thread-233) Sending message {"key11753928773494": "value-4"} to topic topic-4dd76013_b58b_4f53_b45c_99aa6d18e555
2025-07-31 02:26:14,766 INFO  [io.api.tes.ser.api.KafkaSerdesTester] (Thread-233) Sending message {"key11753928773494": "value-5"} to topic topic-4dd76013_b58b_4f53_b45c_99aa6d18e555
2025-07-31 02:26:14,768 INFO  [io.api.tes.ser.api.KafkaSerdesTester] (Thread-233) Sending message {"key11753928773494": "value-6"} to topic topic-4dd76013_b58b_4f53_b45c_99aa6d18e555
2025-07-31 02:26:14,769 INFO  [io.api.tes.ser.api.KafkaSerdesTester] (Thread-233) Sending message {"key11753928773494": "value-7"} to topic topic-4dd76013_b58b_4f53_b45c_99aa6d18e555
2025-07-31 02:26:14,772 INFO  [io.api.tes.ser.api.KafkaSerdesTester] (Thread-233) Sending message {"key11753928773494": "value-8"} to topic topic-4dd76013_b58b_4f53_b45c_99aa6d18e555
2025-07-31 02:26:14,774 INFO  [io.api.tes.ser.api.KafkaSerdesTester] (Thread-233) Sending message {"key11753928773494": "value-9"} to topic topic-4dd76013_b58b_4f53_b45c_99aa6d18e555
2025-07-31 02:26:14,775 INFO  [io.api.tes.ser.api.KafkaSerdesTester] (Thread-233) Produced 10 messages
2025-07-31 02:26:14,775 INFO  [org.apa.kaf.cli.pro.KafkaProducer] (Thread-233) [Producer clientId=Producer-topic-4dd76013_b58b_4f53_b45c_99aa6d18e555] Closing the Kafka producer with timeoutMillis = 9223372036854775807 ms.
2025-07-31 02:26:14,778 INFO  [org.apa.kaf.com.met.Metrics] (Thread-233) Metrics scheduler closed
2025-07-31 02:26:14,778 INFO  [org.apa.kaf.com.met.Metrics] (Thread-233) Closing reporter org.apache.kafka.common.metrics.JmxReporter
2025-07-31 02:26:14,778 INFO  [org.apa.kaf.com.met.Metrics] (Thread-233) Closing reporter org.apache.kafka.common.telemetry.internals.ClientTelemetryReporter
2025-07-31 02:26:14,778 INFO  [org.apa.kaf.com.met.Metrics] (Thread-233) Metrics reporters closed
2025-07-31 02:26:14,778 INFO  [org.apa.kaf.com.uti.AppInfoParser] (Thread-233) App info kafka.producer for Producer-topic-4dd76013_b58b_4f53_b45c_99aa6d18e555 unregistered
2025-07-31 02:26:14,779 INFO  [io.api.tes.ser.api.KafkaSerdesTester] (Thread-234) Sending message {"key11753928773494": "value-0"} to topic topic-c50261fd_75fd_41cb_8825_70f20e224082
2025-07-31 02:26:14,785 INFO  [DefaultSchemaResolver] (Thread-234) Retrieving schema content using string: {"type":"record","name":"myrecordconfluent","fields":[{"name":"key11753928773494","type":"string"}]}
2025-07-31 02:26:14,864 INFO  [io.api.tes.ser.api.KafkaSerdesTester] (Thread-234) Sending message {"key11753928773494": "value-1"} to topic topic-c50261fd_75fd_41cb_8825_70f20e224082
2025-07-31 02:26:14,866 INFO  [io.api.tes.ser.api.KafkaSerdesTester] (Thread-234) Sending message {"key11753928773494": "value-2"} to topic topic-c50261fd_75fd_41cb_8825_70f20e224082
2025-07-31 02:26:14,867 INFO  [io.api.tes.ser.api.KafkaSerdesTester] (Thread-234) Sending message {"key11753928773494": "value-3"} to topic topic-c50261fd_75fd_41cb_8825_70f20e224082
2025-07-31 02:26:14,868 INFO  [io.api.tes.ser.api.KafkaSerdesTester] (Thread-234) Sending message {"key11753928773494": "value-4"} to topic topic-c50261fd_75fd_41cb_8825_70f20e224082
2025-07-31 02:26:14,869 INFO  [io.api.tes.ser.api.KafkaSerdesTester] (Thread-234) Sending message {"key11753928773494": "value-5"} to topic topic-c50261fd_75fd_41cb_8825_70f20e224082
2025-07-31 02:26:14,872 INFO  [io.api.tes.ser.api.KafkaSerdesTester] (Thread-234) Sending message {"key11753928773494": "value-6"} to topic topic-c50261fd_75fd_41cb_8825_70f20e224082
2025-07-31 02:26:14,873 INFO  [io.api.tes.ser.api.KafkaSerdesTester] (Thread-234) Sending message {"key11753928773494": "value-7"} to topic topic-c50261fd_75fd_41cb_8825_70f20e224082
2025-07-31 02:26:14,874 INFO  [io.api.tes.ser.api.KafkaSerdesTester] (Thread-234) Sending message {"key11753928773494": "value-8"} to topic topic-c50261fd_75fd_41cb_8825_70f20e224082
2025-07-31 02:26:14,876 INFO  [io.api.tes.ser.api.KafkaSerdesTester] (Thread-234) Sending message {"key11753928773494": "value-9"} to topic topic-c50261fd_75fd_41cb_8825_70f20e224082
2025-07-31 02:26:14,877 INFO  [io.api.tes.ser.api.KafkaSerdesTester] (Thread-234) Produced 10 messages
2025-07-31 02:26:14,877 INFO  [org.apa.kaf.cli.pro.KafkaProducer] (Thread-234) [Producer clientId=Producer-topic-c50261fd_75fd_41cb_8825_70f20e224082] Closing the Kafka producer with timeoutMillis = 9223372036854775807 ms.
2025-07-31 02:26:14,879 INFO  [org.apa.kaf.com.met.Metrics] (Thread-234) Metrics scheduler closed
2025-07-31 02:26:14,879 INFO  [org.apa.kaf.com.met.Metrics] (Thread-234) Closing reporter org.apache.kafka.common.metrics.JmxReporter
2025-07-31 02:26:14,879 INFO  [org.apa.kaf.com.met.Metrics] (Thread-234) Closing reporter org.apache.kafka.common.telemetry.internals.ClientTelemetryReporter
2025-07-31 02:26:14,879 INFO  [org.apa.kaf.com.met.Metrics] (Thread-234) Metrics reporters closed
2025-07-31 02:26:14,880 INFO  [org.apa.kaf.com.uti.AppInfoParser] (Thread-234) App info kafka.producer for Producer-topic-c50261fd_75fd_41cb_8825_70f20e224082 unregistered
2025-07-31 02:26:14,881 INFO  [io.api.tes.ser.api.KafkaSerdesTester] (Thread-235) Sending message {"key11753928773494": "value-0"} to topic topic-39e93162_1c52_481e_b6be_bca708d28aa9
2025-07-31 02:26:14,886 INFO  [DefaultSchemaResolver] (Thread-235) Retrieving schema content using string: {"type":"record","name":"myrecordconfluent","fields":[{"name":"key11753928773494","type":"string"}]}
2025-07-31 02:26:14,972 INFO  [io.api.tes.ser.api.KafkaSerdesTester] (Thread-235) Sending message {"key11753928773494": "value-1"} to topic topic-39e93162_1c52_481e_b6be_bca708d28aa9
2025-07-31 02:26:14,973 INFO  [io.api.tes.ser.api.KafkaSerdesTester] (Thread-235) Sending message {"key11753928773494": "value-2"} to topic topic-39e93162_1c52_481e_b6be_bca708d28aa9
2025-07-31 02:26:14,974 INFO  [io.api.tes.ser.api.KafkaSerdesTester] (Thread-235) Sending message {"key11753928773494": "value-3"} to topic topic-39e93162_1c52_481e_b6be_bca708d28aa9
2025-07-31 02:26:14,976 INFO  [io.api.tes.ser.api.KafkaSerdesTester] (Thread-235) Sending message {"key11753928773494": "value-4"} to topic topic-39e93162_1c52_481e_b6be_bca708d28aa9
2025-07-31 02:26:14,977 INFO  [io.api.tes.ser.api.KafkaSerdesTester] (Thread-235) Sending message {"key11753928773494": "value-5"} to topic topic-39e93162_1c52_481e_b6be_bca708d28aa9
2025-07-31 02:26:14,979 INFO  [io.api.tes.ser.api.KafkaSerdesTester] (Thread-235) Sending message {"key11753928773494": "value-6"} to topic topic-39e93162_1c52_481e_b6be_bca708d28aa9
2025-07-31 02:26:14,980 INFO  [io.api.tes.ser.api.KafkaSerdesTester] (Thread-235) Sending message {"key11753928773494": "value-7"} to topic topic-39e93162_1c52_481e_b6be_bca708d28aa9
2025-07-31 02:26:14,981 INFO  [io.api.tes.ser.api.KafkaSerdesTester] (Thread-235) Sending message {"key11753928773494": "value-8"} to topic topic-39e93162_1c52_481e_b6be_bca708d28aa9
2025-07-31 02:26:14,982 INFO  [io.api.tes.ser.api.KafkaSerdesTester] (Thread-235) Sending message {"key11753928773494": "value-9"} to topic topic-39e93162_1c52_481e_b6be_bca708d28aa9
2025-07-31 02:26:14,983 INFO  [io.api.tes.ser.api.KafkaSerdesTester] (Thread-235) Produced 10 messages
2025-07-31 02:26:14,983 INFO  [org.apa.kaf.cli.pro.KafkaProducer] (Thread-235) [Producer clientId=Producer-topic-39e93162_1c52_481e_b6be_bca708d28aa9] Closing the Kafka producer with timeoutMillis = 9223372036854775807 ms.
2025-07-31 02:26:14,986 INFO  [org.apa.kaf.com.met.Metrics] (Thread-235) Metrics scheduler closed
2025-07-31 02:26:14,986 INFO  [org.apa.kaf.com.met.Metrics] (Thread-235) Closing reporter org.apache.kafka.common.metrics.JmxReporter
2025-07-31 02:26:14,986 INFO  [org.apa.kaf.com.met.Metrics] (Thread-235) Closing reporter org.apache.kafka.common.telemetry.internals.ClientTelemetryReporter
2025-07-31 02:26:14,986 INFO  [org.apa.kaf.com.met.Metrics] (Thread-235) Metrics reporters closed
2025-07-31 02:26:14,986 INFO  [org.apa.kaf.com.uti.AppInfoParser] (Thread-235) App info kafka.producer for Producer-topic-39e93162_1c52_481e_b6be_bca708d28aa9 unregistered
2025-07-31 02:26:14,987 INFO  [org.apa.kaf.cli.con.int.ClassicKafkaConsumer] (Thread-236) [Consumer clientId=consumer-Consumer-topic-4dd76013_b58b_4f53_b45c_99aa6d18e555-14, groupId=Consumer-topic-4dd76013_b58b_4f53_b45c_99aa6d18e555] Subscribed to topic(s): topic-4dd76013_b58b_4f53_b45c_99aa6d18e555
2025-07-31 02:26:14,992 INFO  [org.apa.kaf.cli.Metadata] (Thread-236) [Consumer clientId=consumer-Consumer-topic-4dd76013_b58b_4f53_b45c_99aa6d18e555-14, groupId=Consumer-topic-4dd76013_b58b_4f53_b45c_99aa6d18e555] Cluster ID: MA4G_e_SRU2vGr9gzyfJLg
2025-07-31 02:26:14,993 INFO  [org.apa.kaf.cli.con.int.ConsumerCoordinator] (Thread-236) [Consumer clientId=consumer-Consumer-topic-4dd76013_b58b_4f53_b45c_99aa6d18e555-14, groupId=Consumer-topic-4dd76013_b58b_4f53_b45c_99aa6d18e555] Discovered group coordinator localhost:32770 (id: 2147483647 rack: null)
2025-07-31 02:26:14,996 INFO  [org.apa.kaf.cli.con.int.ConsumerCoordinator] (Thread-236) [Consumer clientId=consumer-Consumer-topic-4dd76013_b58b_4f53_b45c_99aa6d18e555-14, groupId=Consumer-topic-4dd76013_b58b_4f53_b45c_99aa6d18e555] (Re-)joining group
2025-07-31 02:26:14,998 INFO  [org.apa.kaf.cli.con.int.ConsumerCoordinator] (Thread-236) [Consumer clientId=consumer-Consumer-topic-4dd76013_b58b_4f53_b45c_99aa6d18e555-14, groupId=Consumer-topic-4dd76013_b58b_4f53_b45c_99aa6d18e555] Request joining group due to: need to re-join with the given member-id: consumer-Consumer-topic-4dd76013_b58b_4f53_b45c_99aa6d18e555-14-7932728d-2079-4a19-acec-e26d22f24c3b
2025-07-31 02:26:14,998 INFO  [org.apa.kaf.cli.con.int.ConsumerCoordinator] (Thread-236) [Consumer clientId=consumer-Consumer-topic-4dd76013_b58b_4f53_b45c_99aa6d18e555-14, groupId=Consumer-topic-4dd76013_b58b_4f53_b45c_99aa6d18e555] (Re-)joining group
2025-07-31 02:26:14,999 INFO  [org.apa.kaf.cli.con.int.ConsumerCoordinator] (Thread-236) [Consumer clientId=consumer-Consumer-topic-4dd76013_b58b_4f53_b45c_99aa6d18e555-14, groupId=Consumer-topic-4dd76013_b58b_4f53_b45c_99aa6d18e555] Successfully joined group with generation Generation{generationId=1, memberId='consumer-Consumer-topic-4dd76013_b58b_4f53_b45c_99aa6d18e555-14-7932728d-2079-4a19-acec-e26d22f24c3b', protocol='range'}
2025-07-31 02:26:15,000 INFO  [org.apa.kaf.cli.con.int.ConsumerCoordinator] (Thread-236) [Consumer clientId=consumer-Consumer-topic-4dd76013_b58b_4f53_b45c_99aa6d18e555-14, groupId=Consumer-topic-4dd76013_b58b_4f53_b45c_99aa6d18e555] Finished assignment for group at generation 1: {consumer-Consumer-topic-4dd76013_b58b_4f53_b45c_99aa6d18e555-14-7932728d-2079-4a19-acec-e26d22f24c3b=Assignment(partitions=[topic-4dd76013_b58b_4f53_b45c_99aa6d18e555-0])}
2025-07-31 02:26:15,001 INFO  [org.apa.kaf.cli.con.int.ConsumerCoordinator] (Thread-236) [Consumer clientId=consumer-Consumer-topic-4dd76013_b58b_4f53_b45c_99aa6d18e555-14, groupId=Consumer-topic-4dd76013_b58b_4f53_b45c_99aa6d18e555] Successfully synced group in generation Generation{generationId=1, memberId='consumer-Consumer-topic-4dd76013_b58b_4f53_b45c_99aa6d18e555-14-7932728d-2079-4a19-acec-e26d22f24c3b', protocol='range'}
2025-07-31 02:26:15,001 INFO  [org.apa.kaf.cli.con.int.ConsumerCoordinator] (Thread-236) [Consumer clientId=consumer-Consumer-topic-4dd76013_b58b_4f53_b45c_99aa6d18e555-14, groupId=Consumer-topic-4dd76013_b58b_4f53_b45c_99aa6d18e555] Notifying assignor about the new Assignment(partitions=[topic-4dd76013_b58b_4f53_b45c_99aa6d18e555-0])
2025-07-31 02:26:15,001 INFO  [org.apa.kaf.cli.con.int.ConsumerRebalanceListenerInvoker] (Thread-236) [Consumer clientId=consumer-Consumer-topic-4dd76013_b58b_4f53_b45c_99aa6d18e555-14, groupId=Consumer-topic-4dd76013_b58b_4f53_b45c_99aa6d18e555] Adding newly assigned partitions: topic-4dd76013_b58b_4f53_b45c_99aa6d18e555-0
2025-07-31 02:26:15,002 INFO  [org.apa.kaf.cli.con.int.ConsumerCoordinator] (Thread-236) [Consumer clientId=consumer-Consumer-topic-4dd76013_b58b_4f53_b45c_99aa6d18e555-14, groupId=Consumer-topic-4dd76013_b58b_4f53_b45c_99aa6d18e555] Found no committed offset for partition topic-4dd76013_b58b_4f53_b45c_99aa6d18e555-0
2025-07-31 02:26:15,003 INFO  [org.apa.kaf.cli.con.int.SubscriptionState] (Thread-236) [Consumer clientId=consumer-Consumer-topic-4dd76013_b58b_4f53_b45c_99aa6d18e555-14, groupId=Consumer-topic-4dd76013_b58b_4f53_b45c_99aa6d18e555] Resetting offset for partition topic-4dd76013_b58b_4f53_b45c_99aa6d18e555-0 to position FetchPosition{offset=0, offsetEpoch=Optional.empty, currentLeader=LeaderAndEpoch{leader=Optional[localhost:32770 (id: 0 rack: null)], epoch=0}}.
2025-07-31 02:26:15,121 INFO  [io.api.tes.ser.api.KafkaSerdesTester] (Thread-236) topic-4dd76013_b58b_4f53_b45c_99aa6d18e555 0 0 {"key11753928773494": "value-0"}
2025-07-31 02:26:15,121 INFO  [io.api.tes.ser.api.KafkaSerdesTester] (Thread-236) topic-4dd76013_b58b_4f53_b45c_99aa6d18e555 0 1 {"key11753928773494": "value-1"}
2025-07-31 02:26:15,121 INFO  [io.api.tes.ser.api.KafkaSerdesTester] (Thread-236) topic-4dd76013_b58b_4f53_b45c_99aa6d18e555 0 2 {"key11753928773494": "value-2"}
2025-07-31 02:26:15,121 INFO  [io.api.tes.ser.api.KafkaSerdesTester] (Thread-236) topic-4dd76013_b58b_4f53_b45c_99aa6d18e555 0 3 {"key11753928773494": "value-3"}
2025-07-31 02:26:15,121 INFO  [io.api.tes.ser.api.KafkaSerdesTester] (Thread-236) topic-4dd76013_b58b_4f53_b45c_99aa6d18e555 0 4 {"key11753928773494": "value-4"}
2025-07-31 02:26:15,121 INFO  [io.api.tes.ser.api.KafkaSerdesTester] (Thread-236) topic-4dd76013_b58b_4f53_b45c_99aa6d18e555 0 5 {"key11753928773494": "value-5"}
2025-07-31 02:26:15,122 INFO  [io.api.tes.ser.api.KafkaSerdesTester] (Thread-236) topic-4dd76013_b58b_4f53_b45c_99aa6d18e555 0 6 {"key11753928773494": "value-6"}
2025-07-31 02:26:15,122 INFO  [io.api.tes.ser.api.KafkaSerdesTester] (Thread-236) topic-4dd76013_b58b_4f53_b45c_99aa6d18e555 0 7 {"key11753928773494": "value-7"}
2025-07-31 02:26:15,122 INFO  [io.api.tes.ser.api.KafkaSerdesTester] (Thread-236) topic-4dd76013_b58b_4f53_b45c_99aa6d18e555 0 8 {"key11753928773494": "value-8"}
2025-07-31 02:26:15,122 INFO  [io.api.tes.ser.api.KafkaSerdesTester] (Thread-236) topic-4dd76013_b58b_4f53_b45c_99aa6d18e555 0 9 {"key11753928773494": "value-9"}
2025-07-31 02:26:15,122 INFO  [io.api.tes.ser.api.KafkaSerdesTester] (Thread-236) Consumed 10 messages
2025-07-31 02:26:15,123 INFO  [org.apa.kaf.cli.con.int.ConsumerRebalanceListenerInvoker] (Thread-236) [Consumer clientId=consumer-Consumer-topic-4dd76013_b58b_4f53_b45c_99aa6d18e555-14, groupId=Consumer-topic-4dd76013_b58b_4f53_b45c_99aa6d18e555] Revoke previously assigned partitions topic-4dd76013_b58b_4f53_b45c_99aa6d18e555-0
2025-07-31 02:26:15,124 INFO  [org.apa.kaf.cli.con.int.ConsumerCoordinator] (Thread-236) [Consumer clientId=consumer-Consumer-topic-4dd76013_b58b_4f53_b45c_99aa6d18e555-14, groupId=Consumer-topic-4dd76013_b58b_4f53_b45c_99aa6d18e555] Member consumer-Consumer-topic-4dd76013_b58b_4f53_b45c_99aa6d18e555-14-7932728d-2079-4a19-acec-e26d22f24c3b sending LeaveGroup request to coordinator localhost:32770 (id: 2147483647 rack: null) due to the consumer is being closed
2025-07-31 02:26:15,124 INFO  [org.apa.kaf.cli.con.int.ConsumerCoordinator] (Thread-236) [Consumer clientId=consumer-Consumer-topic-4dd76013_b58b_4f53_b45c_99aa6d18e555-14, groupId=Consumer-topic-4dd76013_b58b_4f53_b45c_99aa6d18e555] Resetting generation and member id due to: consumer pro-actively leaving the group
2025-07-31 02:26:15,124 INFO  [org.apa.kaf.cli.con.int.ConsumerCoordinator] (Thread-236) [Consumer clientId=consumer-Consumer-topic-4dd76013_b58b_4f53_b45c_99aa6d18e555-14, groupId=Consumer-topic-4dd76013_b58b_4f53_b45c_99aa6d18e555] Request joining group due to: consumer pro-actively leaving the group
2025-07-31 02:26:15,625 INFO  [org.apa.kaf.com.met.Metrics] (Thread-236) Metrics scheduler closed
2025-07-31 02:26:15,625 INFO  [org.apa.kaf.com.met.Metrics] (Thread-236) Closing reporter org.apache.kafka.common.metrics.JmxReporter
2025-07-31 02:26:15,625 INFO  [org.apa.kaf.com.met.Metrics] (Thread-236) Closing reporter org.apache.kafka.common.telemetry.internals.ClientTelemetryReporter
2025-07-31 02:26:15,625 INFO  [org.apa.kaf.com.met.Metrics] (Thread-236) Metrics reporters closed
2025-07-31 02:26:15,627 INFO  [org.apa.kaf.com.uti.AppInfoParser] (Thread-236) App info kafka.consumer for consumer-Consumer-topic-4dd76013_b58b_4f53_b45c_99aa6d18e555-14 unregistered
2025-07-31 02:26:15,628 INFO  [org.apa.kaf.cli.con.int.ClassicKafkaConsumer] (Thread-237) [Consumer clientId=consumer-Consumer-topic-c50261fd_75fd_41cb_8825_70f20e224082-15, groupId=Consumer-topic-c50261fd_75fd_41cb_8825_70f20e224082] Subscribed to topic(s): topic-c50261fd_75fd_41cb_8825_70f20e224082
2025-07-31 02:26:15,633 INFO  [org.apa.kaf.cli.Metadata] (Thread-237) [Consumer clientId=consumer-Consumer-topic-c50261fd_75fd_41cb_8825_70f20e224082-15, groupId=Consumer-topic-c50261fd_75fd_41cb_8825_70f20e224082] Cluster ID: MA4G_e_SRU2vGr9gzyfJLg
2025-07-31 02:26:15,633 INFO  [org.apa.kaf.cli.con.int.ConsumerCoordinator] (Thread-237) [Consumer clientId=consumer-Consumer-topic-c50261fd_75fd_41cb_8825_70f20e224082-15, groupId=Consumer-topic-c50261fd_75fd_41cb_8825_70f20e224082] Discovered group coordinator localhost:32770 (id: 2147483647 rack: null)
2025-07-31 02:26:15,635 INFO  [org.apa.kaf.cli.con.int.ConsumerCoordinator] (Thread-237) [Consumer clientId=consumer-Consumer-topic-c50261fd_75fd_41cb_8825_70f20e224082-15, groupId=Consumer-topic-c50261fd_75fd_41cb_8825_70f20e224082] (Re-)joining group
2025-07-31 02:26:15,637 INFO  [org.apa.kaf.cli.con.int.ConsumerCoordinator] (Thread-237) [Consumer clientId=consumer-Consumer-topic-c50261fd_75fd_41cb_8825_70f20e224082-15, groupId=Consumer-topic-c50261fd_75fd_41cb_8825_70f20e224082] Request joining group due to: need to re-join with the given member-id: consumer-Consumer-topic-c50261fd_75fd_41cb_8825_70f20e224082-15-9a7e0f77-7df7-4b50-b74e-ca50594029fa
2025-07-31 02:26:15,637 INFO  [org.apa.kaf.cli.con.int.ConsumerCoordinator] (Thread-237) [Consumer clientId=consumer-Consumer-topic-c50261fd_75fd_41cb_8825_70f20e224082-15, groupId=Consumer-topic-c50261fd_75fd_41cb_8825_70f20e224082] (Re-)joining group
2025-07-31 02:26:15,640 INFO  [org.apa.kaf.cli.con.int.ConsumerCoordinator] (Thread-237) [Consumer clientId=consumer-Consumer-topic-c50261fd_75fd_41cb_8825_70f20e224082-15, groupId=Consumer-topic-c50261fd_75fd_41cb_8825_70f20e224082] Successfully joined group with generation Generation{generationId=1, memberId='consumer-Consumer-topic-c50261fd_75fd_41cb_8825_70f20e224082-15-9a7e0f77-7df7-4b50-b74e-ca50594029fa', protocol='range'}
2025-07-31 02:26:15,640 INFO  [org.apa.kaf.cli.con.int.ConsumerCoordinator] (Thread-237) [Consumer clientId=consumer-Consumer-topic-c50261fd_75fd_41cb_8825_70f20e224082-15, groupId=Consumer-topic-c50261fd_75fd_41cb_8825_70f20e224082] Finished assignment for group at generation 1: {consumer-Consumer-topic-c50261fd_75fd_41cb_8825_70f20e224082-15-9a7e0f77-7df7-4b50-b74e-ca50594029fa=Assignment(partitions=[topic-c50261fd_75fd_41cb_8825_70f20e224082-0])}
2025-07-31 02:26:15,642 INFO  [org.apa.kaf.cli.con.int.ConsumerCoordinator] (Thread-237) [Consumer clientId=consumer-Consumer-topic-c50261fd_75fd_41cb_8825_70f20e224082-15, groupId=Consumer-topic-c50261fd_75fd_41cb_8825_70f20e224082] Successfully synced group in generation Generation{generationId=1, memberId='consumer-Consumer-topic-c50261fd_75fd_41cb_8825_70f20e224082-15-9a7e0f77-7df7-4b50-b74e-ca50594029fa', protocol='range'}
2025-07-31 02:26:15,642 INFO  [org.apa.kaf.cli.con.int.ConsumerCoordinator] (Thread-237) [Consumer clientId=consumer-Consumer-topic-c50261fd_75fd_41cb_8825_70f20e224082-15, groupId=Consumer-topic-c50261fd_75fd_41cb_8825_70f20e224082] Notifying assignor about the new Assignment(partitions=[topic-c50261fd_75fd_41cb_8825_70f20e224082-0])
2025-07-31 02:26:15,642 INFO  [org.apa.kaf.cli.con.int.ConsumerRebalanceListenerInvoker] (Thread-237) [Consumer clientId=consumer-Consumer-topic-c50261fd_75fd_41cb_8825_70f20e224082-15, groupId=Consumer-topic-c50261fd_75fd_41cb_8825_70f20e224082] Adding newly assigned partitions: topic-c50261fd_75fd_41cb_8825_70f20e224082-0
2025-07-31 02:26:15,643 INFO  [org.apa.kaf.cli.con.int.ConsumerCoordinator] (Thread-237) [Consumer clientId=consumer-Consumer-topic-c50261fd_75fd_41cb_8825_70f20e224082-15, groupId=Consumer-topic-c50261fd_75fd_41cb_8825_70f20e224082] Found no committed offset for partition topic-c50261fd_75fd_41cb_8825_70f20e224082-0
2025-07-31 02:26:15,648 INFO  [org.apa.kaf.cli.con.int.SubscriptionState] (Thread-237) [Consumer clientId=consumer-Consumer-topic-c50261fd_75fd_41cb_8825_70f20e224082-15, groupId=Consumer-topic-c50261fd_75fd_41cb_8825_70f20e224082] Resetting offset for partition topic-c50261fd_75fd_41cb_8825_70f20e224082-0 to position FetchPosition{offset=0, offsetEpoch=Optional.empty, currentLeader=LeaderAndEpoch{leader=Optional[localhost:32770 (id: 0 rack: null)], epoch=0}}.
2025-07-31 02:26:15,765 INFO  [io.api.tes.ser.api.KafkaSerdesTester] (Thread-237) topic-c50261fd_75fd_41cb_8825_70f20e224082 0 0 {"key11753928773494": "value-0"}
2025-07-31 02:26:15,765 INFO  [io.api.tes.ser.api.KafkaSerdesTester] (Thread-237) topic-c50261fd_75fd_41cb_8825_70f20e224082 0 1 {"key11753928773494": "value-1"}
2025-07-31 02:26:15,765 INFO  [io.api.tes.ser.api.KafkaSerdesTester] (Thread-237) topic-c50261fd_75fd_41cb_8825_70f20e224082 0 2 {"key11753928773494": "value-2"}
2025-07-31 02:26:15,765 INFO  [io.api.tes.ser.api.KafkaSerdesTester] (Thread-237) topic-c50261fd_75fd_41cb_8825_70f20e224082 0 3 {"key11753928773494": "value-3"}
2025-07-31 02:26:15,765 INFO  [io.api.tes.ser.api.KafkaSerdesTester] (Thread-237) topic-c50261fd_75fd_41cb_8825_70f20e224082 0 4 {"key11753928773494": "value-4"}
2025-07-31 02:26:15,765 INFO  [io.api.tes.ser.api.KafkaSerdesTester] (Thread-237) topic-c50261fd_75fd_41cb_8825_70f20e224082 0 5 {"key11753928773494": "value-5"}
2025-07-31 02:26:15,765 INFO  [io.api.tes.ser.api.KafkaSerdesTester] (Thread-237) topic-c50261fd_75fd_41cb_8825_70f20e224082 0 6 {"key11753928773494": "value-6"}
2025-07-31 02:26:15,765 INFO  [io.api.tes.ser.api.KafkaSerdesTester] (Thread-237) topic-c50261fd_75fd_41cb_8825_70f20e224082 0 7 {"key11753928773494": "value-7"}
2025-07-31 02:26:15,765 INFO  [io.api.tes.ser.api.KafkaSerdesTester] (Thread-237) topic-c50261fd_75fd_41cb_8825_70f20e224082 0 8 {"key11753928773494": "value-8"}
2025-07-31 02:26:15,765 INFO  [io.api.tes.ser.api.KafkaSerdesTester] (Thread-237) topic-c50261fd_75fd_41cb_8825_70f20e224082 0 9 {"key11753928773494": "value-9"}
2025-07-31 02:26:15,765 INFO  [io.api.tes.ser.api.KafkaSerdesTester] (Thread-237) Consumed 10 messages
2025-07-31 02:26:15,767 INFO  [org.apa.kaf.cli.con.int.ConsumerRebalanceListenerInvoker] (Thread-237) [Consumer clientId=consumer-Consumer-topic-c50261fd_75fd_41cb_8825_70f20e224082-15, groupId=Consumer-topic-c50261fd_75fd_41cb_8825_70f20e224082] Revoke previously assigned partitions topic-c50261fd_75fd_41cb_8825_70f20e224082-0
2025-07-31 02:26:15,767 INFO  [org.apa.kaf.cli.con.int.ConsumerCoordinator] (Thread-237) [Consumer clientId=consumer-Consumer-topic-c50261fd_75fd_41cb_8825_70f20e224082-15, groupId=Consumer-topic-c50261fd_75fd_41cb_8825_70f20e224082] Member consumer-Consumer-topic-c50261fd_75fd_41cb_8825_70f20e224082-15-9a7e0f77-7df7-4b50-b74e-ca50594029fa sending LeaveGroup request to coordinator localhost:32770 (id: 2147483647 rack: null) due to the consumer is being closed
2025-07-31 02:26:15,767 INFO  [org.apa.kaf.cli.con.int.ConsumerCoordinator] (Thread-237) [Consumer clientId=consumer-Consumer-topic-c50261fd_75fd_41cb_8825_70f20e224082-15, groupId=Consumer-topic-c50261fd_75fd_41cb_8825_70f20e224082] Resetting generation and member id due to: consumer pro-actively leaving the group
2025-07-31 02:26:15,767 INFO  [org.apa.kaf.cli.con.int.ConsumerCoordinator] (Thread-237) [Consumer clientId=consumer-Consumer-topic-c50261fd_75fd_41cb_8825_70f20e224082-15, groupId=Consumer-topic-c50261fd_75fd_41cb_8825_70f20e224082] Request joining group due to: consumer pro-actively leaving the group
2025-07-31 02:26:16,268 INFO  [org.apa.kaf.com.met.Metrics] (Thread-237) Metrics scheduler closed
2025-07-31 02:26:16,268 INFO  [org.apa.kaf.com.met.Metrics] (Thread-237) Closing reporter org.apache.kafka.common.metrics.JmxReporter
2025-07-31 02:26:16,268 INFO  [org.apa.kaf.com.met.Metrics] (Thread-237) Closing reporter org.apache.kafka.common.telemetry.internals.ClientTelemetryReporter
2025-07-31 02:26:16,268 INFO  [org.apa.kaf.com.met.Metrics] (Thread-237) Metrics reporters closed
2025-07-31 02:26:16,272 INFO  [org.apa.kaf.com.uti.AppInfoParser] (Thread-237) App info kafka.consumer for consumer-Consumer-topic-c50261fd_75fd_41cb_8825_70f20e224082-15 unregistered
2025-07-31 02:26:16,273 INFO  [org.apa.kaf.cli.con.int.ClassicKafkaConsumer] (Thread-238) [Consumer clientId=consumer-Consumer-topic-39e93162_1c52_481e_b6be_bca708d28aa9-16, groupId=Consumer-topic-39e93162_1c52_481e_b6be_bca708d28aa9] Subscribed to topic(s): topic-39e93162_1c52_481e_b6be_bca708d28aa9
2025-07-31 02:26:16,279 INFO  [org.apa.kaf.cli.Metadata] (Thread-238) [Consumer clientId=consumer-Consumer-topic-39e93162_1c52_481e_b6be_bca708d28aa9-16, groupId=Consumer-topic-39e93162_1c52_481e_b6be_bca708d28aa9] Cluster ID: MA4G_e_SRU2vGr9gzyfJLg
2025-07-31 02:26:16,279 INFO  [org.apa.kaf.cli.con.int.ConsumerCoordinator] (Thread-238) [Consumer clientId=consumer-Consumer-topic-39e93162_1c52_481e_b6be_bca708d28aa9-16, groupId=Consumer-topic-39e93162_1c52_481e_b6be_bca708d28aa9] Discovered group coordinator localhost:32770 (id: 2147483647 rack: null)
2025-07-31 02:26:16,281 INFO  [org.apa.kaf.cli.con.int.ConsumerCoordinator] (Thread-238) [Consumer clientId=consumer-Consumer-topic-39e93162_1c52_481e_b6be_bca708d28aa9-16, groupId=Consumer-topic-39e93162_1c52_481e_b6be_bca708d28aa9] (Re-)joining group
2025-07-31 02:26:16,283 INFO  [org.apa.kaf.cli.con.int.ConsumerCoordinator] (Thread-238) [Consumer clientId=consumer-Consumer-topic-39e93162_1c52_481e_b6be_bca708d28aa9-16, groupId=Consumer-topic-39e93162_1c52_481e_b6be_bca708d28aa9] Request joining group due to: need to re-join with the given member-id: consumer-Consumer-topic-39e93162_1c52_481e_b6be_bca708d28aa9-16-d87aa1af-f429-4911-9a89-6ff8556c91f8
2025-07-31 02:26:16,283 INFO  [org.apa.kaf.cli.con.int.ConsumerCoordinator] (Thread-238) [Consumer clientId=consumer-Consumer-topic-39e93162_1c52_481e_b6be_bca708d28aa9-16, groupId=Consumer-topic-39e93162_1c52_481e_b6be_bca708d28aa9] (Re-)joining group
2025-07-31 02:26:16,285 INFO  [org.apa.kaf.cli.con.int.ConsumerCoordinator] (Thread-238) [Consumer clientId=consumer-Consumer-topic-39e93162_1c52_481e_b6be_bca708d28aa9-16, groupId=Consumer-topic-39e93162_1c52_481e_b6be_bca708d28aa9] Successfully joined group with generation Generation{generationId=1, memberId='consumer-Consumer-topic-39e93162_1c52_481e_b6be_bca708d28aa9-16-d87aa1af-f429-4911-9a89-6ff8556c91f8', protocol='range'}
2025-07-31 02:26:16,286 INFO  [org.apa.kaf.cli.con.int.ConsumerCoordinator] (Thread-238) [Consumer clientId=consumer-Consumer-topic-39e93162_1c52_481e_b6be_bca708d28aa9-16, groupId=Consumer-topic-39e93162_1c52_481e_b6be_bca708d28aa9] Finished assignment for group at generation 1: {consumer-Consumer-topic-39e93162_1c52_481e_b6be_bca708d28aa9-16-d87aa1af-f429-4911-9a89-6ff8556c91f8=Assignment(partitions=[topic-39e93162_1c52_481e_b6be_bca708d28aa9-0])}
2025-07-31 02:26:16,287 INFO  [org.apa.kaf.cli.con.int.ConsumerCoordinator] (Thread-238) [Consumer clientId=consumer-Consumer-topic-39e93162_1c52_481e_b6be_bca708d28aa9-16, groupId=Consumer-topic-39e93162_1c52_481e_b6be_bca708d28aa9] Successfully synced group in generation Generation{generationId=1, memberId='consumer-Consumer-topic-39e93162_1c52_481e_b6be_bca708d28aa9-16-d87aa1af-f429-4911-9a89-6ff8556c91f8', protocol='range'}
2025-07-31 02:26:16,287 INFO  [org.apa.kaf.cli.con.int.ConsumerCoordinator] (Thread-238) [Consumer clientId=consumer-Consumer-topic-39e93162_1c52_481e_b6be_bca708d28aa9-16, groupId=Consumer-topic-39e93162_1c52_481e_b6be_bca708d28aa9] Notifying assignor about the new Assignment(partitions=[topic-39e93162_1c52_481e_b6be_bca708d28aa9-0])
2025-07-31 02:26:16,287 INFO  [org.apa.kaf.cli.con.int.ConsumerRebalanceListenerInvoker] (Thread-238) [Consumer clientId=consumer-Consumer-topic-39e93162_1c52_481e_b6be_bca708d28aa9-16, groupId=Consumer-topic-39e93162_1c52_481e_b6be_bca708d28aa9] Adding newly assigned partitions: topic-39e93162_1c52_481e_b6be_bca708d28aa9-0
2025-07-31 02:26:16,288 INFO  [org.apa.kaf.cli.con.int.ConsumerCoordinator] (Thread-238) [Consumer clientId=consumer-Consumer-topic-39e93162_1c52_481e_b6be_bca708d28aa9-16, groupId=Consumer-topic-39e93162_1c52_481e_b6be_bca708d28aa9] Found no committed offset for partition topic-39e93162_1c52_481e_b6be_bca708d28aa9-0
2025-07-31 02:26:16,291 INFO  [org.apa.kaf.cli.con.int.SubscriptionState] (Thread-238) [Consumer clientId=consumer-Consumer-topic-39e93162_1c52_481e_b6be_bca708d28aa9-16, groupId=Consumer-topic-39e93162_1c52_481e_b6be_bca708d28aa9] Resetting offset for partition topic-39e93162_1c52_481e_b6be_bca708d28aa9-0 to position FetchPosition{offset=0, offsetEpoch=Optional.empty, currentLeader=LeaderAndEpoch{leader=Optional[localhost:32770 (id: 0 rack: null)], epoch=0}}.
2025-07-31 02:26:16,410 INFO  [io.api.tes.ser.api.KafkaSerdesTester] (Thread-238) topic-39e93162_1c52_481e_b6be_bca708d28aa9 0 0 {"key11753928773494": "value-0"}
2025-07-31 02:26:16,410 INFO  [io.api.tes.ser.api.KafkaSerdesTester] (Thread-238) topic-39e93162_1c52_481e_b6be_bca708d28aa9 0 1 {"key11753928773494": "value-1"}
2025-07-31 02:26:16,410 INFO  [io.api.tes.ser.api.KafkaSerdesTester] (Thread-238) topic-39e93162_1c52_481e_b6be_bca708d28aa9 0 2 {"key11753928773494": "value-2"}
2025-07-31 02:26:16,410 INFO  [io.api.tes.ser.api.KafkaSerdesTester] (Thread-238) topic-39e93162_1c52_481e_b6be_bca708d28aa9 0 3 {"key11753928773494": "value-3"}
2025-07-31 02:26:16,410 INFO  [io.api.tes.ser.api.KafkaSerdesTester] (Thread-238) topic-39e93162_1c52_481e_b6be_bca708d28aa9 0 4 {"key11753928773494": "value-4"}
2025-07-31 02:26:16,410 INFO  [io.api.tes.ser.api.KafkaSerdesTester] (Thread-238) topic-39e93162_1c52_481e_b6be_bca708d28aa9 0 5 {"key11753928773494": "value-5"}
2025-07-31 02:26:16,410 INFO  [io.api.tes.ser.api.KafkaSerdesTester] (Thread-238) topic-39e93162_1c52_481e_b6be_bca708d28aa9 0 6 {"key11753928773494": "value-6"}
2025-07-31 02:26:16,410 INFO  [io.api.tes.ser.api.KafkaSerdesTester] (Thread-238) topic-39e93162_1c52_481e_b6be_bca708d28aa9 0 7 {"key11753928773494": "value-7"}
2025-07-31 02:26:16,410 INFO  [io.api.tes.ser.api.KafkaSerdesTester] (Thread-238) topic-39e93162_1c52_481e_b6be_bca708d28aa9 0 8 {"key11753928773494": "value-8"}
2025-07-31 02:26:16,410 INFO  [io.api.tes.ser.api.KafkaSerdesTester] (Thread-238) topic-39e93162_1c52_481e_b6be_bca708d28aa9 0 9 {"key11753928773494": "value-9"}
2025-07-31 02:26:16,410 INFO  [io.api.tes.ser.api.KafkaSerdesTester] (Thread-238) Consumed 10 messages
2025-07-31 02:26:16,415 INFO  [org.apa.kaf.cli.con.int.ConsumerRebalanceListenerInvoker] (Thread-238) [Consumer clientId=consumer-Consumer-topic-39e93162_1c52_481e_b6be_bca708d28aa9-16, groupId=Consumer-topic-39e93162_1c52_481e_b6be_bca708d28aa9] Revoke previously assigned partitions topic-39e93162_1c52_481e_b6be_bca708d28aa9-0
2025-07-31 02:26:16,415 INFO  [org.apa.kaf.cli.con.int.ConsumerCoordinator] (Thread-238) [Consumer clientId=consumer-Consumer-topic-39e93162_1c52_481e_b6be_bca708d28aa9-16, groupId=Consumer-topic-39e93162_1c52_481e_b6be_bca708d28aa9] Member consumer-Consumer-topic-39e93162_1c52_481e_b6be_bca708d28aa9-16-d87aa1af-f429-4911-9a89-6ff8556c91f8 sending LeaveGroup request to coordinator localhost:32770 (id: 2147483647 rack: null) due to the consumer is being closed
2025-07-31 02:26:16,415 INFO  [org.apa.kaf.cli.con.int.ConsumerCoordinator] (Thread-238) [Consumer clientId=consumer-Consumer-topic-39e93162_1c52_481e_b6be_bca708d28aa9-16, groupId=Consumer-topic-39e93162_1c52_481e_b6be_bca708d28aa9] Resetting generation and member id due to: consumer pro-actively leaving the group
2025-07-31 02:26:16,415 INFO  [org.apa.kaf.cli.con.int.ConsumerCoordinator] (Thread-238) [Consumer clientId=consumer-Consumer-topic-39e93162_1c52_481e_b6be_bca708d28aa9-16, groupId=Consumer-topic-39e93162_1c52_481e_b6be_bca708d28aa9] Request joining group due to: consumer pro-actively leaving the group
2025-07-31 02:26:16,913 INFO  [org.apa.kaf.com.met.Metrics] (Thread-238) Metrics scheduler closed
2025-07-31 02:26:16,914 INFO  [org.apa.kaf.com.met.Metrics] (Thread-238) Closing reporter org.apache.kafka.common.metrics.JmxReporter
2025-07-31 02:26:16,914 INFO  [org.apa.kaf.com.met.Metrics] (Thread-238) Closing reporter org.apache.kafka.common.telemetry.internals.ClientTelemetryReporter
2025-07-31 02:26:16,914 INFO  [org.apa.kaf.com.met.Metrics] (Thread-238) Metrics reporters closed
2025-07-31 02:26:16,916 INFO  [org.apa.kaf.com.uti.AppInfoParser] (Thread-238) App info kafka.consumer for consumer-Consumer-topic-39e93162_1c52_481e_b6be_bca708d28aa9-16 unregistered
2025-07-31 02:26:16,916 INFO  [io.api.tes.uti.TestSeparator] (main) io.apicurio.tests.serdes.apicurio.AvroSerdeIT.testAvroConfluentForMultipleTopics-FINISHED
2025-07-31 02:26:16,916 INFO  [io.api.tes.uti.TestSeparator] (main) ############################################################################
]]></system-out>
  </testcase>
  <testcase name="testFirstRequestFailsRateLimited" classname="io.apicurio.tests.serdes.apicurio.AvroSerdeIT" time="0.952">
    <system-out><![CDATA[2025-07-31 02:26:16,919 INFO  [io.api.tes.uti.TestSeparator] (main) ############################################################################
2025-07-31 02:26:16,919 INFO  [io.api.tes.uti.TestSeparator] (main) io.apicurio.tests.serdes.apicurio.AvroSerdeIT.testFirstRequestFailsRateLimited-STARTED
2025-07-31 02:26:17,407 WARN  [org.ecl.jet.ser.AbstractConnector] (main) Acceptors should be <= availableProcessors: NetworkTrafficServerConnector@bce34d0{HTTP/1.1, (http/1.1, h2c)}{0.0.0.0:0} 
2025-07-31 02:26:17,518 INFO  [org.ecl.jet.ser.Server] (main) jetty-11.0.15; built: 2023-04-11T18:37:53.775Z; git: 5bc5e562c8d05c5862505aebe5cf83a61bdbcb96; jvm 17.0.16+8
2025-07-31 02:26:17,539 INFO  [org.ecl.jet.ser.han.ContextHandler] (main) Started o.e.j.s.ServletContextHandler@4e683bb8{/__admin,null,AVAILABLE}
2025-07-31 02:26:17,545 INFO  [org.ecl.jet.ser.han.Con.ROOT] (main) RequestHandlerClass from context returned com.github.tomakehurst.wiremock.http.StubRequestHandler. Normalized mapped under returned 'null'
2025-07-31 02:26:17,546 INFO  [org.ecl.jet.ser.han.ContextHandler] (main) Started o.e.j.s.ServletContextHandler@562998d3{/,null,AVAILABLE}
2025-07-31 02:26:17,552 INFO  [org.ecl.jet.ser.AbstractConnector] (main) Started NetworkTrafficServerConnector@bce34d0{HTTP/1.1, (http/1.1, h2c)}{0.0.0.0:34749}
2025-07-31 02:26:17,554 INFO  [org.ecl.jet.ser.Server] (main) Started Server@527304ae{STARTING}[11.0.15,sto=1000] @61753ms
2025-07-31 02:26:17,563 INFO  [org.apa.kaf.cli.pro.ProducerConfig] (main) ProducerConfig values: 
	acks = -1
	auto.include.jmx.reporter = true
	batch.size = 16384
	bootstrap.servers = [PLAINTEXT://localhost:32770]
	buffer.memory = 33554432
	client.dns.lookup = use_all_dns_ips
	client.id = Producer-topic-757db71e_2ab7_49c4_9a01_e2263bca94c7
	compression.gzip.level = -1
	compression.lz4.level = 9
	compression.type = none
	compression.zstd.level = 3
	connections.max.idle.ms = 10000
	delivery.timeout.ms = 120000
	enable.idempotence = true
	enable.metrics.push = true
	interceptor.classes = []
	key.serializer = class org.apache.kafka.common.serialization.StringSerializer
	linger.ms = 0
	max.block.ms = 60000
	max.in.flight.requests.per.connection = 5
	max.request.size = 1048576
	metadata.max.age.ms = 300000
	metadata.max.idle.ms = 300000
	metadata.recovery.strategy = none
	metric.reporters = []
	metrics.num.samples = 2
	metrics.recording.level = INFO
	metrics.sample.window.ms = 30000
	partitioner.adaptive.partitioning.enable = true
	partitioner.availability.timeout.ms = 0
	partitioner.class = null
	partitioner.ignore.keys = false
	receive.buffer.bytes = 32768
	reconnect.backoff.max.ms = 1000
	reconnect.backoff.ms = 50
	request.timeout.ms = 5000
	retries = 2147483647
	retry.backoff.max.ms = 1000
	retry.backoff.ms = 100
	sasl.client.callback.handler.class = null
	sasl.jaas.config = null
	sasl.kerberos.kinit.cmd = /usr/bin/kinit
	sasl.kerberos.min.time.before.relogin = 60000
	sasl.kerberos.service.name = null
	sasl.kerberos.ticket.renew.jitter = 0.05
	sasl.kerberos.ticket.renew.window.factor = 0.8
	sasl.login.callback.handler.class = null
	sasl.login.class = null
	sasl.login.connect.timeout.ms = null
	sasl.login.read.timeout.ms = null
	sasl.login.refresh.buffer.seconds = 300
	sasl.login.refresh.min.period.seconds = 60
	sasl.login.refresh.window.factor = 0.8
	sasl.login.refresh.window.jitter = 0.05
	sasl.login.retry.backoff.max.ms = 10000
	sasl.login.retry.backoff.ms = 100
	sasl.mechanism = GSSAPI
	sasl.oauthbearer.clock.skew.seconds = 30
	sasl.oauthbearer.expected.audience = null
	sasl.oauthbearer.expected.issuer = null
	sasl.oauthbearer.header.urlencode = false
	sasl.oauthbearer.jwks.endpoint.refresh.ms = 3600000
	sasl.oauthbearer.jwks.endpoint.retry.backoff.max.ms = 10000
	sasl.oauthbearer.jwks.endpoint.retry.backoff.ms = 100
	sasl.oauthbearer.jwks.endpoint.url = null
	sasl.oauthbearer.scope.claim.name = scope
	sasl.oauthbearer.sub.claim.name = sub
	sasl.oauthbearer.token.endpoint.url = null
	security.protocol = PLAINTEXT
	security.providers = null
	send.buffer.bytes = 131072
	socket.connection.setup.timeout.max.ms = 30000
	socket.connection.setup.timeout.ms = 10000
	ssl.cipher.suites = null
	ssl.enabled.protocols = [TLSv1.2, TLSv1.3]
	ssl.endpoint.identification.algorithm = https
	ssl.engine.factory.class = null
	ssl.key.password = null
	ssl.keymanager.algorithm = SunX509
	ssl.keystore.certificate.chain = null
	ssl.keystore.key = null
	ssl.keystore.location = null
	ssl.keystore.password = null
	ssl.keystore.type = JKS
	ssl.protocol = TLSv1.3
	ssl.provider = null
	ssl.secure.random.implementation = null
	ssl.trustmanager.algorithm = PKIX
	ssl.truststore.certificates = null
	ssl.truststore.location = null
	ssl.truststore.password = null
	ssl.truststore.type = JKS
	transaction.timeout.ms = 60000
	transactional.id = null
	value.serializer = class io.apicurio.registry.serde.avro.AvroKafkaSerializer

2025-07-31 02:26:17,564 INFO  [org.apa.kaf.com.tel.int.KafkaMetricsCollector] (main) initializing Kafka metrics collector
2025-07-31 02:26:17,573 INFO  [org.apa.kaf.cli.pro.KafkaProducer] (main) [Producer clientId=Producer-topic-757db71e_2ab7_49c4_9a01_e2263bca94c7] Instantiated an idempotent producer.
2025-07-31 02:26:17,577 INFO  [org.apa.kaf.cli.pro.ProducerConfig] (main) These configurations '[apicurio.registry.url, apicurio.registry.artifact-resolver-strategy]' were supplied but are not used yet.
2025-07-31 02:26:17,578 INFO  [org.apa.kaf.com.uti.AppInfoParser] (main) Kafka version: 3.9.0
2025-07-31 02:26:17,578 INFO  [org.apa.kaf.com.uti.AppInfoParser] (main) Kafka commitId: 84caaa6e9da06435
2025-07-31 02:26:17,578 INFO  [org.apa.kaf.com.uti.AppInfoParser] (main) Kafka startTimeMs: 1753928777578
2025-07-31 02:26:17,580 INFO  [io.api.tes.ser.api.KafkaSerdesTester] (Thread-249) Sending message {"keyB": "value-0"} to topic topic-757db71e_2ab7_49c4_9a01_e2263bca94c7
2025-07-31 02:26:17,598 WARN  [org.apa.kaf.cli.NetworkClient] (kafka-producer-network-thread | Producer-topic-757db71e_2ab7_49c4_9a01_e2263bca94c7) [Producer clientId=Producer-topic-757db71e_2ab7_49c4_9a01_e2263bca94c7] The metadata response from the cluster reported a recoverable issue with correlation id 2 : {topic-757db71e_2ab7_49c4_9a01_e2263bca94c7=LEADER_NOT_AVAILABLE}
2025-07-31 02:26:17,598 INFO  [org.apa.kaf.cli.Metadata] (kafka-producer-network-thread | Producer-topic-757db71e_2ab7_49c4_9a01_e2263bca94c7) [Producer clientId=Producer-topic-757db71e_2ab7_49c4_9a01_e2263bca94c7] Cluster ID: MA4G_e_SRU2vGr9gzyfJLg
2025-07-31 02:26:17,601 INFO  [org.apa.kaf.cli.pro.int.TransactionManager] (kafka-producer-network-thread | Producer-topic-757db71e_2ab7_49c4_9a01_e2263bca94c7) [Producer clientId=Producer-topic-757db71e_2ab7_49c4_9a01_e2263bca94c7] ProducerId set to 22 with epoch 0
2025-07-31 02:26:17,712 INFO  [DefaultSchemaResolver] (Thread-249) Retrieving schema content using string: {"type":"record","name":"myrecord","namespace":"mygroup","fields":[{"name":"keyB","type":"string"}]}
2025-07-31 02:26:17,852 INFO  [org.apa.kaf.cli.pro.KafkaProducer] (Thread-249) [Producer clientId=Producer-topic-757db71e_2ab7_49c4_9a01_e2263bca94c7] Closing the Kafka producer with timeoutMillis = 9223372036854775807 ms.
2025-07-31 02:26:17,854 INFO  [org.apa.kaf.com.met.Metrics] (Thread-249) Metrics scheduler closed
2025-07-31 02:26:17,854 INFO  [org.apa.kaf.com.met.Metrics] (Thread-249) Closing reporter org.apache.kafka.common.metrics.JmxReporter
2025-07-31 02:26:17,854 INFO  [org.apa.kaf.com.met.Metrics] (Thread-249) Closing reporter org.apache.kafka.common.telemetry.internals.ClientTelemetryReporter
2025-07-31 02:26:17,854 INFO  [org.apa.kaf.com.met.Metrics] (Thread-249) Metrics reporters closed
2025-07-31 02:26:17,855 INFO  [org.apa.kaf.com.uti.AppInfoParser] (Thread-249) App info kafka.producer for Producer-topic-757db71e_2ab7_49c4_9a01_e2263bca94c7 unregistered
2025-07-31 02:26:17,859 INFO  [org.ecl.jet.ser.Server] (main) Stopped Server@527304ae{STOPPING}[11.0.15,sto=1000]
2025-07-31 02:26:17,859 INFO  [org.ecl.jet.ser.Server] (main) Shutdown Server@527304ae{STOPPING}[11.0.15,sto=1000]
2025-07-31 02:26:17,865 INFO  [org.ecl.jet.ser.AbstractConnector] (main) Stopped NetworkTrafficServerConnector@bce34d0{HTTP/1.1, (http/1.1, h2c)}{0.0.0.0:0}
2025-07-31 02:26:17,866 INFO  [org.ecl.jet.ser.han.ContextHandler] (main) Stopped o.e.j.s.ServletContextHandler@562998d3{/,null,STOPPED}
2025-07-31 02:26:17,867 INFO  [org.ecl.jet.ser.han.ContextHandler] (main) Stopped o.e.j.s.ServletContextHandler@4e683bb8{/__admin,null,STOPPED}
2025-07-31 02:26:17,869 INFO  [io.api.tes.uti.TestSeparator] (main) io.apicurio.tests.serdes.apicurio.AvroSerdeIT.testFirstRequestFailsRateLimited-FINISHED
2025-07-31 02:26:17,869 INFO  [io.api.tes.uti.TestSeparator] (main) ############################################################################
]]></system-out>
    <system-err><![CDATA[com.microsoft.kiota.ApiException: the server returned an unexpected status code and no error class is registered for this code 429
	at com.microsoft.kiota.ApiExceptionBuilder.withMessage(ApiExceptionBuilder.java:45)
	at io.kiota.http.vertx.VertXRequestAdapter.throwIfFailedResponse(VertXRequestAdapter.java:370)
	at io.kiota.http.vertx.VertXRequestAdapter.send(VertXRequestAdapter.java:170)
	at io.apicurio.registry.rest.client.search.versions.VersionsRequestBuilder.post(VersionsRequestBuilder.java:94)
	at io.apicurio.registry.resolver.DefaultSchemaResolver.lambda$handleResolveSchemaByContent$5(DefaultSchemaResolver.java:276)
	at io.apicurio.registry.resolver.ERCache.lambda$getValue$0(ERCache.java:181)
	at io.apicurio.registry.resolver.ERCache.retry(ERCache.java:234)
	at io.apicurio.registry.resolver.ERCache.getValue(ERCache.java:180)
	at io.apicurio.registry.resolver.ERCache.getByContent(ERCache.java:154)
	at io.apicurio.registry.resolver.DefaultSchemaResolver.handleResolveSchemaByContent(DefaultSchemaResolver.java:269)
	at io.apicurio.registry.resolver.DefaultSchemaResolver.getSchemaFromRegistry(DefaultSchemaResolver.java:142)
	at io.apicurio.registry.resolver.DefaultSchemaResolver.lambda$resolveSchema$0(DefaultSchemaResolver.java:86)
	at java.base/java.util.Optional.orElseGet(Optional.java:364)
	at io.apicurio.registry.resolver.DefaultSchemaResolver.resolveSchema(DefaultSchemaResolver.java:86)
	at io.apicurio.registry.serde.AbstractSerializer.serializeData(AbstractSerializer.java:62)
	at io.apicurio.registry.serde.KafkaSerializer.serialize(KafkaSerializer.java:77)
	at org.apache.kafka.clients.producer.KafkaProducer.doSend(KafkaProducer.java:1046)
	at org.apache.kafka.clients.producer.KafkaProducer.send(KafkaProducer.java:993)
	at org.apache.kafka.clients.producer.KafkaProducer.send(KafkaProducer.java:875)
	at io.apicurio.tests.serdes.apicurio.KafkaSerdesTester.lambda$produceMessages$3(KafkaSerdesTester.java:138)
	at java.base/java.util.concurrent.CompletableFuture$AsyncSupply.run(CompletableFuture.java:1768)
	at java.base/java.lang.Thread.run(Thread.java:840)
]]></system-err>
  </testcase>
  <testcase name="testFirstEmptyFieldConfusedAsMagicByte" classname="io.apicurio.tests.serdes.apicurio.AvroSerdeIT" time="1.074">
    <system-out><![CDATA[2025-07-31 02:26:17,870 INFO  [io.api.tes.uti.TestSeparator] (main) ############################################################################
2025-07-31 02:26:17,870 INFO  [io.api.tes.uti.TestSeparator] (main) io.apicurio.tests.serdes.apicurio.AvroSerdeIT.testFirstEmptyFieldConfusedAsMagicByte-STARTED
2025-07-31 02:26:17,887 INFO  [org.apa.kaf.cli.pro.ProducerConfig] (main) ProducerConfig values: 
	acks = -1
	auto.include.jmx.reporter = true
	batch.size = 16384
	bootstrap.servers = [PLAINTEXT://localhost:32770]
	buffer.memory = 33554432
	client.dns.lookup = use_all_dns_ips
	client.id = Producer-topic-e5068aa4_1e59_4037_9e1e_6da7a5b9ed7d
	compression.gzip.level = -1
	compression.lz4.level = 9
	compression.type = none
	compression.zstd.level = 3
	connections.max.idle.ms = 10000
	delivery.timeout.ms = 120000
	enable.idempotence = true
	enable.metrics.push = true
	interceptor.classes = []
	key.serializer = class org.apache.kafka.common.serialization.StringSerializer
	linger.ms = 0
	max.block.ms = 60000
	max.in.flight.requests.per.connection = 5
	max.request.size = 1048576
	metadata.max.age.ms = 300000
	metadata.max.idle.ms = 300000
	metadata.recovery.strategy = none
	metric.reporters = []
	metrics.num.samples = 2
	metrics.recording.level = INFO
	metrics.sample.window.ms = 30000
	partitioner.adaptive.partitioning.enable = true
	partitioner.availability.timeout.ms = 0
	partitioner.class = null
	partitioner.ignore.keys = false
	receive.buffer.bytes = 32768
	reconnect.backoff.max.ms = 1000
	reconnect.backoff.ms = 50
	request.timeout.ms = 5000
	retries = 2147483647
	retry.backoff.max.ms = 1000
	retry.backoff.ms = 100
	sasl.client.callback.handler.class = null
	sasl.jaas.config = null
	sasl.kerberos.kinit.cmd = /usr/bin/kinit
	sasl.kerberos.min.time.before.relogin = 60000
	sasl.kerberos.service.name = null
	sasl.kerberos.ticket.renew.jitter = 0.05
	sasl.kerberos.ticket.renew.window.factor = 0.8
	sasl.login.callback.handler.class = null
	sasl.login.class = null
	sasl.login.connect.timeout.ms = null
	sasl.login.read.timeout.ms = null
	sasl.login.refresh.buffer.seconds = 300
	sasl.login.refresh.min.period.seconds = 60
	sasl.login.refresh.window.factor = 0.8
	sasl.login.refresh.window.jitter = 0.05
	sasl.login.retry.backoff.max.ms = 10000
	sasl.login.retry.backoff.ms = 100
	sasl.mechanism = GSSAPI
	sasl.oauthbearer.clock.skew.seconds = 30
	sasl.oauthbearer.expected.audience = null
	sasl.oauthbearer.expected.issuer = null
	sasl.oauthbearer.header.urlencode = false
	sasl.oauthbearer.jwks.endpoint.refresh.ms = 3600000
	sasl.oauthbearer.jwks.endpoint.retry.backoff.max.ms = 10000
	sasl.oauthbearer.jwks.endpoint.retry.backoff.ms = 100
	sasl.oauthbearer.jwks.endpoint.url = null
	sasl.oauthbearer.scope.claim.name = scope
	sasl.oauthbearer.sub.claim.name = sub
	sasl.oauthbearer.token.endpoint.url = null
	security.protocol = PLAINTEXT
	security.providers = null
	send.buffer.bytes = 131072
	socket.connection.setup.timeout.max.ms = 30000
	socket.connection.setup.timeout.ms = 10000
	ssl.cipher.suites = null
	ssl.enabled.protocols = [TLSv1.2, TLSv1.3]
	ssl.endpoint.identification.algorithm = https
	ssl.engine.factory.class = null
	ssl.key.password = null
	ssl.keymanager.algorithm = SunX509
	ssl.keystore.certificate.chain = null
	ssl.keystore.key = null
	ssl.keystore.location = null
	ssl.keystore.password = null
	ssl.keystore.type = JKS
	ssl.protocol = TLSv1.3
	ssl.provider = null
	ssl.secure.random.implementation = null
	ssl.trustmanager.algorithm = PKIX
	ssl.truststore.certificates = null
	ssl.truststore.location = null
	ssl.truststore.password = null
	ssl.truststore.type = JKS
	transaction.timeout.ms = 60000
	transactional.id = null
	value.serializer = class io.apicurio.registry.serde.avro.AvroKafkaSerializer

2025-07-31 02:26:17,887 INFO  [org.apa.kaf.com.tel.int.KafkaMetricsCollector] (main) initializing Kafka metrics collector
2025-07-31 02:26:17,905 INFO  [org.apa.kaf.cli.pro.KafkaProducer] (main) [Producer clientId=Producer-topic-e5068aa4_1e59_4037_9e1e_6da7a5b9ed7d] Instantiated an idempotent producer.
2025-07-31 02:26:17,907 INFO  [org.apa.kaf.cli.pro.ProducerConfig] (main) These configurations '[apicurio.registry.url, apicurio.registry.auto-register, apicurio.registry.artifact-resolver-strategy]' were supplied but are not used yet.
2025-07-31 02:26:17,907 INFO  [org.apa.kaf.com.uti.AppInfoParser] (main) Kafka version: 3.9.0
2025-07-31 02:26:17,907 INFO  [org.apa.kaf.com.uti.AppInfoParser] (main) Kafka commitId: 84caaa6e9da06435
2025-07-31 02:26:17,907 INFO  [org.apa.kaf.com.uti.AppInfoParser] (main) Kafka startTimeMs: 1753928777907
2025-07-31 02:26:17,908 INFO  [io.api.tes.ser.api.SimpleSerdesTesterBuilder$SimpleSerdesTester] (main) Using producer configuration: {apicurio.registry.url=http://registry-app-kafkasql.apps.ci419.apicurio-testing.org:80/apis/registry/v3, apicurio.registry.auto-register=true, apicurio.registry.artifact-resolver-strategy=io.apicurio.registry.serde.strategy.SimpleTopicIdStrategy, value.serializer=io.apicurio.registry.serde.avro.AvroKafkaSerializer, request.timeout.ms=5000, acks=all, bootstrap.servers=PLAINTEXT://localhost:32770, connections.max.idle.ms=10000, key.serializer=org.apache.kafka.common.serialization.StringSerializer, client.id=Producer-topic-e5068aa4_1e59_4037_9e1e_6da7a5b9ed7d}
2025-07-31 02:26:17,908 INFO  [io.api.tes.ser.api.SimpleSerdesTesterBuilder$SimpleSerdesTester] (main) Using consumer configuration: {}
2025-07-31 02:26:17,909 INFO  [io.api.tes.ser.api.KafkaSerdesTester] (Thread-252) Sending message {"username": null} to topic topic-e5068aa4_1e59_4037_9e1e_6da7a5b9ed7d
2025-07-31 02:26:17,920 WARN  [org.apa.kaf.cli.NetworkClient] (kafka-producer-network-thread | Producer-topic-e5068aa4_1e59_4037_9e1e_6da7a5b9ed7d) [Producer clientId=Producer-topic-e5068aa4_1e59_4037_9e1e_6da7a5b9ed7d] The metadata response from the cluster reported a recoverable issue with correlation id 2 : {topic-e5068aa4_1e59_4037_9e1e_6da7a5b9ed7d=LEADER_NOT_AVAILABLE}
2025-07-31 02:26:17,920 INFO  [org.apa.kaf.cli.Metadata] (kafka-producer-network-thread | Producer-topic-e5068aa4_1e59_4037_9e1e_6da7a5b9ed7d) [Producer clientId=Producer-topic-e5068aa4_1e59_4037_9e1e_6da7a5b9ed7d] Cluster ID: MA4G_e_SRU2vGr9gzyfJLg
2025-07-31 02:26:17,924 INFO  [org.apa.kaf.cli.pro.int.TransactionManager] (kafka-producer-network-thread | Producer-topic-e5068aa4_1e59_4037_9e1e_6da7a5b9ed7d) [Producer clientId=Producer-topic-e5068aa4_1e59_4037_9e1e_6da7a5b9ed7d] ProducerId set to 23 with epoch 0
2025-07-31 02:26:18,179 INFO  [io.api.tes.ser.api.KafkaSerdesTester] (Thread-252) Sending message {"username": null} to topic topic-e5068aa4_1e59_4037_9e1e_6da7a5b9ed7d
2025-07-31 02:26:18,181 INFO  [io.api.tes.ser.api.KafkaSerdesTester] (Thread-252) Sending message {"username": "value-2"} to topic topic-e5068aa4_1e59_4037_9e1e_6da7a5b9ed7d
2025-07-31 02:26:18,182 INFO  [io.api.tes.ser.api.KafkaSerdesTester] (Thread-252) Sending message {"username": null} to topic topic-e5068aa4_1e59_4037_9e1e_6da7a5b9ed7d
2025-07-31 02:26:18,183 INFO  [io.api.tes.ser.api.KafkaSerdesTester] (Thread-252) Sending message {"username": "value-4"} to topic topic-e5068aa4_1e59_4037_9e1e_6da7a5b9ed7d
2025-07-31 02:26:18,185 INFO  [io.api.tes.ser.api.KafkaSerdesTester] (Thread-252) Sending message {"username": null} to topic topic-e5068aa4_1e59_4037_9e1e_6da7a5b9ed7d
2025-07-31 02:26:18,186 INFO  [io.api.tes.ser.api.KafkaSerdesTester] (Thread-252) Sending message {"username": "value-6"} to topic topic-e5068aa4_1e59_4037_9e1e_6da7a5b9ed7d
2025-07-31 02:26:18,187 INFO  [io.api.tes.ser.api.KafkaSerdesTester] (Thread-252) Sending message {"username": null} to topic topic-e5068aa4_1e59_4037_9e1e_6da7a5b9ed7d
2025-07-31 02:26:18,192 INFO  [io.api.tes.ser.api.KafkaSerdesTester] (Thread-252) Sending message {"username": "value-8"} to topic topic-e5068aa4_1e59_4037_9e1e_6da7a5b9ed7d
2025-07-31 02:26:18,195 INFO  [io.api.tes.ser.api.KafkaSerdesTester] (Thread-252) Sending message {"username": null} to topic topic-e5068aa4_1e59_4037_9e1e_6da7a5b9ed7d
2025-07-31 02:26:18,197 INFO  [io.api.tes.ser.api.KafkaSerdesTester] (Thread-252) Produced 10 messages
2025-07-31 02:26:18,197 INFO  [org.apa.kaf.cli.pro.KafkaProducer] (Thread-252) [Producer clientId=Producer-topic-e5068aa4_1e59_4037_9e1e_6da7a5b9ed7d] Closing the Kafka producer with timeoutMillis = 9223372036854775807 ms.
2025-07-31 02:26:18,200 INFO  [org.apa.kaf.com.met.Metrics] (Thread-252) Metrics scheduler closed
2025-07-31 02:26:18,200 INFO  [org.apa.kaf.com.met.Metrics] (Thread-252) Closing reporter org.apache.kafka.common.metrics.JmxReporter
2025-07-31 02:26:18,200 INFO  [org.apa.kaf.com.met.Metrics] (Thread-252) Closing reporter org.apache.kafka.common.telemetry.internals.ClientTelemetryReporter
2025-07-31 02:26:18,200 INFO  [org.apa.kaf.com.met.Metrics] (Thread-252) Metrics reporters closed
2025-07-31 02:26:18,200 INFO  [org.apa.kaf.com.uti.AppInfoParser] (Thread-252) App info kafka.producer for Producer-topic-e5068aa4_1e59_4037_9e1e_6da7a5b9ed7d unregistered
2025-07-31 02:26:18,281 INFO  [org.apa.kaf.cli.con.ConsumerConfig] (main) ConsumerConfig values: 
	allow.auto.create.topics = true
	auto.commit.interval.ms = 500
	auto.include.jmx.reporter = true
	auto.offset.reset = earliest
	bootstrap.servers = [PLAINTEXT://localhost:32770]
	check.crcs = true
	client.dns.lookup = use_all_dns_ips
	client.id = consumer-Consumer-topic-e5068aa4_1e59_4037_9e1e_6da7a5b9ed7d-17
	client.rack = 
	connections.max.idle.ms = 10000
	default.api.timeout.ms = 60000
	enable.auto.commit = true
	enable.metrics.push = true
	exclude.internal.topics = true
	fetch.max.bytes = 52428800
	fetch.max.wait.ms = 500
	fetch.min.bytes = 1
	group.id = Consumer-topic-e5068aa4_1e59_4037_9e1e_6da7a5b9ed7d
	group.instance.id = null
	group.protocol = classic
	group.remote.assignor = null
	heartbeat.interval.ms = 3000
	interceptor.classes = []
	internal.leave.group.on.close = true
	internal.throw.on.fetch.stable.offset.unsupported = false
	isolation.level = read_uncommitted
	key.deserializer = class org.apache.kafka.common.serialization.StringDeserializer
	max.partition.fetch.bytes = 1048576
	max.poll.interval.ms = 300000
	max.poll.records = 500
	metadata.max.age.ms = 300000
	metadata.recovery.strategy = none
	metric.reporters = []
	metrics.num.samples = 2
	metrics.recording.level = INFO
	metrics.sample.window.ms = 30000
	partition.assignment.strategy = [class org.apache.kafka.clients.consumer.RangeAssignor, class org.apache.kafka.clients.consumer.CooperativeStickyAssignor]
	receive.buffer.bytes = 65536
	reconnect.backoff.max.ms = 1000
	reconnect.backoff.ms = 50
	request.timeout.ms = 5000
	retry.backoff.max.ms = 1000
	retry.backoff.ms = 100
	sasl.client.callback.handler.class = null
	sasl.jaas.config = null
	sasl.kerberos.kinit.cmd = /usr/bin/kinit
	sasl.kerberos.min.time.before.relogin = 60000
	sasl.kerberos.service.name = null
	sasl.kerberos.ticket.renew.jitter = 0.05
	sasl.kerberos.ticket.renew.window.factor = 0.8
	sasl.login.callback.handler.class = null
	sasl.login.class = null
	sasl.login.connect.timeout.ms = null
	sasl.login.read.timeout.ms = null
	sasl.login.refresh.buffer.seconds = 300
	sasl.login.refresh.min.period.seconds = 60
	sasl.login.refresh.window.factor = 0.8
	sasl.login.refresh.window.jitter = 0.05
	sasl.login.retry.backoff.max.ms = 10000
	sasl.login.retry.backoff.ms = 100
	sasl.mechanism = GSSAPI
	sasl.oauthbearer.clock.skew.seconds = 30
	sasl.oauthbearer.expected.audience = null
	sasl.oauthbearer.expected.issuer = null
	sasl.oauthbearer.header.urlencode = false
	sasl.oauthbearer.jwks.endpoint.refresh.ms = 3600000
	sasl.oauthbearer.jwks.endpoint.retry.backoff.max.ms = 10000
	sasl.oauthbearer.jwks.endpoint.retry.backoff.ms = 100
	sasl.oauthbearer.jwks.endpoint.url = null
	sasl.oauthbearer.scope.claim.name = scope
	sasl.oauthbearer.sub.claim.name = sub
	sasl.oauthbearer.token.endpoint.url = null
	security.protocol = PLAINTEXT
	security.providers = null
	send.buffer.bytes = 131072
	session.timeout.ms = 45000
	socket.connection.setup.timeout.max.ms = 30000
	socket.connection.setup.timeout.ms = 10000
	ssl.cipher.suites = null
	ssl.enabled.protocols = [TLSv1.2, TLSv1.3]
	ssl.endpoint.identification.algorithm = https
	ssl.engine.factory.class = null
	ssl.key.password = null
	ssl.keymanager.algorithm = SunX509
	ssl.keystore.certificate.chain = null
	ssl.keystore.key = null
	ssl.keystore.location = null
	ssl.keystore.password = null
	ssl.keystore.type = JKS
	ssl.protocol = TLSv1.3
	ssl.provider = null
	ssl.secure.random.implementation = null
	ssl.trustmanager.algorithm = PKIX
	ssl.truststore.certificates = null
	ssl.truststore.location = null
	ssl.truststore.password = null
	ssl.truststore.type = JKS
	value.deserializer = class io.apicurio.registry.serde.avro.AvroKafkaDeserializer

2025-07-31 02:26:18,281 INFO  [org.apa.kaf.com.tel.int.KafkaMetricsCollector] (main) initializing Kafka metrics collector
2025-07-31 02:26:18,285 INFO  [org.apa.kaf.cli.con.ConsumerConfig] (main) These configurations '[apicurio.registry.url]' were supplied but are not used yet.
2025-07-31 02:26:18,285 INFO  [org.apa.kaf.com.uti.AppInfoParser] (main) Kafka version: 3.9.0
2025-07-31 02:26:18,285 INFO  [org.apa.kaf.com.uti.AppInfoParser] (main) Kafka commitId: 84caaa6e9da06435
2025-07-31 02:26:18,285 INFO  [org.apa.kaf.com.uti.AppInfoParser] (main) Kafka startTimeMs: 1753928778285
2025-07-31 02:26:18,286 INFO  [org.apa.kaf.cli.con.int.ClassicKafkaConsumer] (Thread-255) [Consumer clientId=consumer-Consumer-topic-e5068aa4_1e59_4037_9e1e_6da7a5b9ed7d-17, groupId=Consumer-topic-e5068aa4_1e59_4037_9e1e_6da7a5b9ed7d] Subscribed to topic(s): topic-e5068aa4_1e59_4037_9e1e_6da7a5b9ed7d
2025-07-31 02:26:18,289 INFO  [org.apa.kaf.cli.Metadata] (Thread-255) [Consumer clientId=consumer-Consumer-topic-e5068aa4_1e59_4037_9e1e_6da7a5b9ed7d-17, groupId=Consumer-topic-e5068aa4_1e59_4037_9e1e_6da7a5b9ed7d] Cluster ID: MA4G_e_SRU2vGr9gzyfJLg
2025-07-31 02:26:18,290 INFO  [org.apa.kaf.cli.con.int.ConsumerCoordinator] (Thread-255) [Consumer clientId=consumer-Consumer-topic-e5068aa4_1e59_4037_9e1e_6da7a5b9ed7d-17, groupId=Consumer-topic-e5068aa4_1e59_4037_9e1e_6da7a5b9ed7d] Discovered group coordinator localhost:32770 (id: 2147483647 rack: null)
2025-07-31 02:26:18,291 INFO  [org.apa.kaf.cli.con.int.ConsumerCoordinator] (Thread-255) [Consumer clientId=consumer-Consumer-topic-e5068aa4_1e59_4037_9e1e_6da7a5b9ed7d-17, groupId=Consumer-topic-e5068aa4_1e59_4037_9e1e_6da7a5b9ed7d] (Re-)joining group
2025-07-31 02:26:18,294 INFO  [org.apa.kaf.cli.con.int.ConsumerCoordinator] (Thread-255) [Consumer clientId=consumer-Consumer-topic-e5068aa4_1e59_4037_9e1e_6da7a5b9ed7d-17, groupId=Consumer-topic-e5068aa4_1e59_4037_9e1e_6da7a5b9ed7d] Request joining group due to: need to re-join with the given member-id: consumer-Consumer-topic-e5068aa4_1e59_4037_9e1e_6da7a5b9ed7d-17-d585b198-0544-40ea-b95c-e64fa4145be8
2025-07-31 02:26:18,294 INFO  [org.apa.kaf.cli.con.int.ConsumerCoordinator] (Thread-255) [Consumer clientId=consumer-Consumer-topic-e5068aa4_1e59_4037_9e1e_6da7a5b9ed7d-17, groupId=Consumer-topic-e5068aa4_1e59_4037_9e1e_6da7a5b9ed7d] (Re-)joining group
2025-07-31 02:26:18,299 INFO  [org.apa.kaf.cli.con.int.ConsumerCoordinator] (Thread-255) [Consumer clientId=consumer-Consumer-topic-e5068aa4_1e59_4037_9e1e_6da7a5b9ed7d-17, groupId=Consumer-topic-e5068aa4_1e59_4037_9e1e_6da7a5b9ed7d] Successfully joined group with generation Generation{generationId=1, memberId='consumer-Consumer-topic-e5068aa4_1e59_4037_9e1e_6da7a5b9ed7d-17-d585b198-0544-40ea-b95c-e64fa4145be8', protocol='range'}
2025-07-31 02:26:18,299 INFO  [org.apa.kaf.cli.con.int.ConsumerCoordinator] (Thread-255) [Consumer clientId=consumer-Consumer-topic-e5068aa4_1e59_4037_9e1e_6da7a5b9ed7d-17, groupId=Consumer-topic-e5068aa4_1e59_4037_9e1e_6da7a5b9ed7d] Finished assignment for group at generation 1: {consumer-Consumer-topic-e5068aa4_1e59_4037_9e1e_6da7a5b9ed7d-17-d585b198-0544-40ea-b95c-e64fa4145be8=Assignment(partitions=[topic-e5068aa4_1e59_4037_9e1e_6da7a5b9ed7d-0])}
2025-07-31 02:26:18,302 INFO  [org.apa.kaf.cli.con.int.ConsumerCoordinator] (Thread-255) [Consumer clientId=consumer-Consumer-topic-e5068aa4_1e59_4037_9e1e_6da7a5b9ed7d-17, groupId=Consumer-topic-e5068aa4_1e59_4037_9e1e_6da7a5b9ed7d] Successfully synced group in generation Generation{generationId=1, memberId='consumer-Consumer-topic-e5068aa4_1e59_4037_9e1e_6da7a5b9ed7d-17-d585b198-0544-40ea-b95c-e64fa4145be8', protocol='range'}
2025-07-31 02:26:18,302 INFO  [org.apa.kaf.cli.con.int.ConsumerCoordinator] (Thread-255) [Consumer clientId=consumer-Consumer-topic-e5068aa4_1e59_4037_9e1e_6da7a5b9ed7d-17, groupId=Consumer-topic-e5068aa4_1e59_4037_9e1e_6da7a5b9ed7d] Notifying assignor about the new Assignment(partitions=[topic-e5068aa4_1e59_4037_9e1e_6da7a5b9ed7d-0])
2025-07-31 02:26:18,302 INFO  [org.apa.kaf.cli.con.int.ConsumerRebalanceListenerInvoker] (Thread-255) [Consumer clientId=consumer-Consumer-topic-e5068aa4_1e59_4037_9e1e_6da7a5b9ed7d-17, groupId=Consumer-topic-e5068aa4_1e59_4037_9e1e_6da7a5b9ed7d] Adding newly assigned partitions: topic-e5068aa4_1e59_4037_9e1e_6da7a5b9ed7d-0
2025-07-31 02:26:18,307 INFO  [org.apa.kaf.cli.con.int.ConsumerCoordinator] (Thread-255) [Consumer clientId=consumer-Consumer-topic-e5068aa4_1e59_4037_9e1e_6da7a5b9ed7d-17, groupId=Consumer-topic-e5068aa4_1e59_4037_9e1e_6da7a5b9ed7d] Found no committed offset for partition topic-e5068aa4_1e59_4037_9e1e_6da7a5b9ed7d-0
2025-07-31 02:26:18,313 INFO  [org.apa.kaf.cli.con.int.SubscriptionState] (Thread-255) [Consumer clientId=consumer-Consumer-topic-e5068aa4_1e59_4037_9e1e_6da7a5b9ed7d-17, groupId=Consumer-topic-e5068aa4_1e59_4037_9e1e_6da7a5b9ed7d] Resetting offset for partition topic-e5068aa4_1e59_4037_9e1e_6da7a5b9ed7d-0 to position FetchPosition{offset=0, offsetEpoch=Optional.empty, currentLeader=LeaderAndEpoch{leader=Optional[localhost:32770 (id: 0 rack: null)], epoch=0}}.
2025-07-31 02:26:18,437 INFO  [io.api.tes.ser.api.KafkaSerdesTester] (Thread-255) topic-e5068aa4_1e59_4037_9e1e_6da7a5b9ed7d 0 0 {"username": null}
2025-07-31 02:26:18,438 INFO  [io.api.tes.ser.api.KafkaSerdesTester] (Thread-255) topic-e5068aa4_1e59_4037_9e1e_6da7a5b9ed7d 0 1 {"username": null}
2025-07-31 02:26:18,438 INFO  [io.api.tes.ser.api.KafkaSerdesTester] (Thread-255) topic-e5068aa4_1e59_4037_9e1e_6da7a5b9ed7d 0 2 {"username": "value-2"}
2025-07-31 02:26:18,438 INFO  [io.api.tes.ser.api.KafkaSerdesTester] (Thread-255) topic-e5068aa4_1e59_4037_9e1e_6da7a5b9ed7d 0 3 {"username": null}
2025-07-31 02:26:18,438 INFO  [io.api.tes.ser.api.KafkaSerdesTester] (Thread-255) topic-e5068aa4_1e59_4037_9e1e_6da7a5b9ed7d 0 4 {"username": "value-4"}
2025-07-31 02:26:18,438 INFO  [io.api.tes.ser.api.KafkaSerdesTester] (Thread-255) topic-e5068aa4_1e59_4037_9e1e_6da7a5b9ed7d 0 5 {"username": null}
2025-07-31 02:26:18,438 INFO  [io.api.tes.ser.api.KafkaSerdesTester] (Thread-255) topic-e5068aa4_1e59_4037_9e1e_6da7a5b9ed7d 0 6 {"username": "value-6"}
2025-07-31 02:26:18,438 INFO  [io.api.tes.ser.api.KafkaSerdesTester] (Thread-255) topic-e5068aa4_1e59_4037_9e1e_6da7a5b9ed7d 0 7 {"username": null}
2025-07-31 02:26:18,438 INFO  [io.api.tes.ser.api.KafkaSerdesTester] (Thread-255) topic-e5068aa4_1e59_4037_9e1e_6da7a5b9ed7d 0 8 {"username": "value-8"}
2025-07-31 02:26:18,438 INFO  [io.api.tes.ser.api.KafkaSerdesTester] (Thread-255) topic-e5068aa4_1e59_4037_9e1e_6da7a5b9ed7d 0 9 {"username": null}
2025-07-31 02:26:18,438 INFO  [io.api.tes.ser.api.KafkaSerdesTester] (Thread-255) Consumed 10 messages
2025-07-31 02:26:18,441 INFO  [org.apa.kaf.cli.con.int.ConsumerRebalanceListenerInvoker] (Thread-255) [Consumer clientId=consumer-Consumer-topic-e5068aa4_1e59_4037_9e1e_6da7a5b9ed7d-17, groupId=Consumer-topic-e5068aa4_1e59_4037_9e1e_6da7a5b9ed7d] Revoke previously assigned partitions topic-e5068aa4_1e59_4037_9e1e_6da7a5b9ed7d-0
2025-07-31 02:26:18,441 INFO  [org.apa.kaf.cli.con.int.ConsumerCoordinator] (Thread-255) [Consumer clientId=consumer-Consumer-topic-e5068aa4_1e59_4037_9e1e_6da7a5b9ed7d-17, groupId=Consumer-topic-e5068aa4_1e59_4037_9e1e_6da7a5b9ed7d] Member consumer-Consumer-topic-e5068aa4_1e59_4037_9e1e_6da7a5b9ed7d-17-d585b198-0544-40ea-b95c-e64fa4145be8 sending LeaveGroup request to coordinator localhost:32770 (id: 2147483647 rack: null) due to the consumer is being closed
2025-07-31 02:26:18,441 INFO  [org.apa.kaf.cli.con.int.ConsumerCoordinator] (Thread-255) [Consumer clientId=consumer-Consumer-topic-e5068aa4_1e59_4037_9e1e_6da7a5b9ed7d-17, groupId=Consumer-topic-e5068aa4_1e59_4037_9e1e_6da7a5b9ed7d] Resetting generation and member id due to: consumer pro-actively leaving the group
2025-07-31 02:26:18,441 INFO  [org.apa.kaf.cli.con.int.ConsumerCoordinator] (Thread-255) [Consumer clientId=consumer-Consumer-topic-e5068aa4_1e59_4037_9e1e_6da7a5b9ed7d-17, groupId=Consumer-topic-e5068aa4_1e59_4037_9e1e_6da7a5b9ed7d] Request joining group due to: consumer pro-actively leaving the group
2025-07-31 02:26:18,941 INFO  [org.apa.kaf.com.met.Metrics] (Thread-255) Metrics scheduler closed
2025-07-31 02:26:18,941 INFO  [org.apa.kaf.com.met.Metrics] (Thread-255) Closing reporter org.apache.kafka.common.metrics.JmxReporter
2025-07-31 02:26:18,941 INFO  [org.apa.kaf.com.met.Metrics] (Thread-255) Closing reporter org.apache.kafka.common.telemetry.internals.ClientTelemetryReporter
2025-07-31 02:26:18,941 INFO  [org.apa.kaf.com.met.Metrics] (Thread-255) Metrics reporters closed
2025-07-31 02:26:18,943 INFO  [org.apa.kaf.com.uti.AppInfoParser] (Thread-255) App info kafka.consumer for consumer-Consumer-topic-e5068aa4_1e59_4037_9e1e_6da7a5b9ed7d-17 unregistered
2025-07-31 02:26:18,944 INFO  [io.api.tes.uti.TestSeparator] (main) io.apicurio.tests.serdes.apicurio.AvroSerdeIT.testFirstEmptyFieldConfusedAsMagicByte-FINISHED
2025-07-31 02:26:18,944 INFO  [io.api.tes.uti.TestSeparator] (main) ############################################################################
]]></system-out>
  </testcase>
  <testcase name="testAvroSerDesFailDifferentSchemaByContent" classname="io.apicurio.tests.serdes.apicurio.AvroSerdeIT" time="1.261">
    <system-out><![CDATA[2025-07-31 02:26:18,945 INFO  [io.api.tes.uti.TestSeparator] (main) ############################################################################
2025-07-31 02:26:18,945 INFO  [io.api.tes.uti.TestSeparator] (main) io.apicurio.tests.serdes.apicurio.AvroSerdeIT.testAvroSerDesFailDifferentSchemaByContent-STARTED
2025-07-31 02:26:20,073 INFO  [org.apa.kaf.cli.pro.ProducerConfig] (main) ProducerConfig values: 
	acks = -1
	auto.include.jmx.reporter = true
	batch.size = 16384
	bootstrap.servers = [PLAINTEXT://localhost:32770]
	buffer.memory = 33554432
	client.dns.lookup = use_all_dns_ips
	client.id = Producer-topic-4ea21e4d_f1bc_4ad0_a1ac_16da2705de58
	compression.gzip.level = -1
	compression.lz4.level = 9
	compression.type = none
	compression.zstd.level = 3
	connections.max.idle.ms = 10000
	delivery.timeout.ms = 120000
	enable.idempotence = true
	enable.metrics.push = true
	interceptor.classes = []
	key.serializer = class org.apache.kafka.common.serialization.StringSerializer
	linger.ms = 0
	max.block.ms = 60000
	max.in.flight.requests.per.connection = 5
	max.request.size = 1048576
	metadata.max.age.ms = 300000
	metadata.max.idle.ms = 300000
	metadata.recovery.strategy = none
	metric.reporters = []
	metrics.num.samples = 2
	metrics.recording.level = INFO
	metrics.sample.window.ms = 30000
	partitioner.adaptive.partitioning.enable = true
	partitioner.availability.timeout.ms = 0
	partitioner.class = null
	partitioner.ignore.keys = false
	receive.buffer.bytes = 32768
	reconnect.backoff.max.ms = 1000
	reconnect.backoff.ms = 50
	request.timeout.ms = 5000
	retries = 2147483647
	retry.backoff.max.ms = 1000
	retry.backoff.ms = 100
	sasl.client.callback.handler.class = null
	sasl.jaas.config = null
	sasl.kerberos.kinit.cmd = /usr/bin/kinit
	sasl.kerberos.min.time.before.relogin = 60000
	sasl.kerberos.service.name = null
	sasl.kerberos.ticket.renew.jitter = 0.05
	sasl.kerberos.ticket.renew.window.factor = 0.8
	sasl.login.callback.handler.class = null
	sasl.login.class = null
	sasl.login.connect.timeout.ms = null
	sasl.login.read.timeout.ms = null
	sasl.login.refresh.buffer.seconds = 300
	sasl.login.refresh.min.period.seconds = 60
	sasl.login.refresh.window.factor = 0.8
	sasl.login.refresh.window.jitter = 0.05
	sasl.login.retry.backoff.max.ms = 10000
	sasl.login.retry.backoff.ms = 100
	sasl.mechanism = GSSAPI
	sasl.oauthbearer.clock.skew.seconds = 30
	sasl.oauthbearer.expected.audience = null
	sasl.oauthbearer.expected.issuer = null
	sasl.oauthbearer.header.urlencode = false
	sasl.oauthbearer.jwks.endpoint.refresh.ms = 3600000
	sasl.oauthbearer.jwks.endpoint.retry.backoff.max.ms = 10000
	sasl.oauthbearer.jwks.endpoint.retry.backoff.ms = 100
	sasl.oauthbearer.jwks.endpoint.url = null
	sasl.oauthbearer.scope.claim.name = scope
	sasl.oauthbearer.sub.claim.name = sub
	sasl.oauthbearer.token.endpoint.url = null
	security.protocol = PLAINTEXT
	security.providers = null
	send.buffer.bytes = 131072
	socket.connection.setup.timeout.max.ms = 30000
	socket.connection.setup.timeout.ms = 10000
	ssl.cipher.suites = null
	ssl.enabled.protocols = [TLSv1.2, TLSv1.3]
	ssl.endpoint.identification.algorithm = https
	ssl.engine.factory.class = null
	ssl.key.password = null
	ssl.keymanager.algorithm = SunX509
	ssl.keystore.certificate.chain = null
	ssl.keystore.key = null
	ssl.keystore.location = null
	ssl.keystore.password = null
	ssl.keystore.type = JKS
	ssl.protocol = TLSv1.3
	ssl.provider = null
	ssl.secure.random.implementation = null
	ssl.trustmanager.algorithm = PKIX
	ssl.truststore.certificates = null
	ssl.truststore.location = null
	ssl.truststore.password = null
	ssl.truststore.type = JKS
	transaction.timeout.ms = 60000
	transactional.id = null
	value.serializer = class io.apicurio.registry.serde.avro.AvroKafkaSerializer

2025-07-31 02:26:20,073 INFO  [org.apa.kaf.com.tel.int.KafkaMetricsCollector] (main) initializing Kafka metrics collector
2025-07-31 02:26:20,076 INFO  [org.apa.kaf.cli.pro.KafkaProducer] (main) [Producer clientId=Producer-topic-4ea21e4d_f1bc_4ad0_a1ac_16da2705de58] Instantiated an idempotent producer.
2025-07-31 02:26:20,078 INFO  [org.apa.kaf.cli.pro.ProducerConfig] (main) These configurations '[apicurio.registry.url, apicurio.registry.artifact-resolver-strategy]' were supplied but are not used yet.
2025-07-31 02:26:20,078 INFO  [org.apa.kaf.com.uti.AppInfoParser] (main) Kafka version: 3.9.0
2025-07-31 02:26:20,078 INFO  [org.apa.kaf.com.uti.AppInfoParser] (main) Kafka commitId: 84caaa6e9da06435
2025-07-31 02:26:20,078 INFO  [org.apa.kaf.com.uti.AppInfoParser] (main) Kafka startTimeMs: 1753928780078
2025-07-31 02:26:20,079 INFO  [io.api.tes.ser.api.KafkaSerdesTester] (Thread-258) Sending message {"keyB": "value-0"} to topic topic-4ea21e4d_f1bc_4ad0_a1ac_16da2705de58
2025-07-31 02:26:20,082 INFO  [org.apa.kaf.cli.Metadata] (kafka-producer-network-thread | Producer-topic-4ea21e4d_f1bc_4ad0_a1ac_16da2705de58) [Producer clientId=Producer-topic-4ea21e4d_f1bc_4ad0_a1ac_16da2705de58] Cluster ID: MA4G_e_SRU2vGr9gzyfJLg
2025-07-31 02:26:20,082 INFO  [org.apa.kaf.cli.pro.int.TransactionManager] (kafka-producer-network-thread | Producer-topic-4ea21e4d_f1bc_4ad0_a1ac_16da2705de58) [Producer clientId=Producer-topic-4ea21e4d_f1bc_4ad0_a1ac_16da2705de58] ProducerId set to 24 with epoch 0
2025-07-31 02:26:20,082 INFO  [DefaultSchemaResolver] (Thread-258) Retrieving schema content using string: {"type":"record","name":"sfe79bcd1xd36bx4ae3x895dxe5ab94d7aa17","namespace":"s829f186ex4ff1x44dbx8d07xdfa5658bad2a","fields":[{"name":"keyB","type":"string"}]}
2025-07-31 02:26:20,203 INFO  [org.apa.kaf.cli.pro.KafkaProducer] (Thread-258) [Producer clientId=Producer-topic-4ea21e4d_f1bc_4ad0_a1ac_16da2705de58] Closing the Kafka producer with timeoutMillis = 9223372036854775807 ms.
2025-07-31 02:26:20,204 INFO  [org.apa.kaf.com.met.Metrics] (Thread-258) Metrics scheduler closed
2025-07-31 02:26:20,204 INFO  [org.apa.kaf.com.met.Metrics] (Thread-258) Closing reporter org.apache.kafka.common.metrics.JmxReporter
2025-07-31 02:26:20,204 INFO  [org.apa.kaf.com.met.Metrics] (Thread-258) Closing reporter org.apache.kafka.common.telemetry.internals.ClientTelemetryReporter
2025-07-31 02:26:20,204 INFO  [org.apa.kaf.com.met.Metrics] (Thread-258) Metrics reporters closed
2025-07-31 02:26:20,204 INFO  [org.apa.kaf.com.uti.AppInfoParser] (Thread-258) App info kafka.producer for Producer-topic-4ea21e4d_f1bc_4ad0_a1ac_16da2705de58 unregistered
2025-07-31 02:26:20,205 INFO  [io.api.tes.uti.TestSeparator] (main) io.apicurio.tests.serdes.apicurio.AvroSerdeIT.testAvroSerDesFailDifferentSchemaByContent-FINISHED
2025-07-31 02:26:20,205 INFO  [io.api.tes.uti.TestSeparator] (main) ############################################################################
]]></system-out>
    <system-err><![CDATA[java.lang.RuntimeException: Could not resolve artifact reference by content: {"type":"record","name":"sfe79bcd1xd36bx4ae3x895dxe5ab94d7aa17","namespace":"s829f186ex4ff1x44dbx8d07xdfa5658bad2a","fields":[{"name":"keyB","type":"string"}]}&ArtifactReference [groupId=s829f186ex4ff1x44dbx8d07xdfa5658bad2a, artifactId=sfe79bcd1xd36bx4ae3x895dxe5ab94d7aa17, version=null, globalId=null, contentId=null, contentHash=null]
	at io.apicurio.registry.resolver.DefaultSchemaResolver.lambda$handleResolveSchemaByContent$5(DefaultSchemaResolver.java:300)
	at io.apicurio.registry.resolver.ERCache.lambda$getValue$0(ERCache.java:181)
	at io.apicurio.registry.resolver.ERCache.retry(ERCache.java:234)
	at io.apicurio.registry.resolver.ERCache.getValue(ERCache.java:180)
	at io.apicurio.registry.resolver.ERCache.getByContent(ERCache.java:154)
	at io.apicurio.registry.resolver.DefaultSchemaResolver.handleResolveSchemaByContent(DefaultSchemaResolver.java:269)
	at io.apicurio.registry.resolver.DefaultSchemaResolver.getSchemaFromRegistry(DefaultSchemaResolver.java:142)
	at io.apicurio.registry.resolver.DefaultSchemaResolver.lambda$resolveSchema$0(DefaultSchemaResolver.java:86)
	at java.base/java.util.Optional.orElseGet(Optional.java:364)
	at io.apicurio.registry.resolver.DefaultSchemaResolver.resolveSchema(DefaultSchemaResolver.java:86)
	at io.apicurio.registry.serde.AbstractSerializer.serializeData(AbstractSerializer.java:62)
	at io.apicurio.registry.serde.KafkaSerializer.serialize(KafkaSerializer.java:77)
	at org.apache.kafka.clients.producer.KafkaProducer.doSend(KafkaProducer.java:1046)
	at org.apache.kafka.clients.producer.KafkaProducer.send(KafkaProducer.java:993)
	at org.apache.kafka.clients.producer.KafkaProducer.send(KafkaProducer.java:875)
	at io.apicurio.tests.serdes.apicurio.KafkaSerdesTester.lambda$produceMessages$3(KafkaSerdesTester.java:138)
	at java.base/java.util.concurrent.CompletableFuture$AsyncSupply.run(CompletableFuture.java:1768)
	at java.base/java.lang.Thread.run(Thread.java:840)
]]></system-err>
  </testcase>
  <testcase name="testGlobalIdInBody" classname="io.apicurio.tests.serdes.apicurio.AvroSerdeIT" time="1.031">
    <system-out><![CDATA[2025-07-31 02:26:20,206 INFO  [io.api.tes.uti.TestSeparator] (main) ############################################################################
2025-07-31 02:26:20,206 INFO  [io.api.tes.uti.TestSeparator] (main) io.apicurio.tests.serdes.apicurio.AvroSerdeIT.testGlobalIdInBody-STARTED
2025-07-31 02:26:20,211 INFO  [org.apa.kaf.cli.pro.ProducerConfig] (main) ProducerConfig values: 
	acks = -1
	auto.include.jmx.reporter = true
	batch.size = 16384
	bootstrap.servers = [PLAINTEXT://localhost:32770]
	buffer.memory = 33554432
	client.dns.lookup = use_all_dns_ips
	client.id = Producer-topic-be69f34a_b4d7_4cf2_be04_2718e868066c
	compression.gzip.level = -1
	compression.lz4.level = 9
	compression.type = none
	compression.zstd.level = 3
	connections.max.idle.ms = 10000
	delivery.timeout.ms = 120000
	enable.idempotence = true
	enable.metrics.push = true
	interceptor.classes = []
	key.serializer = class org.apache.kafka.common.serialization.StringSerializer
	linger.ms = 0
	max.block.ms = 60000
	max.in.flight.requests.per.connection = 5
	max.request.size = 1048576
	metadata.max.age.ms = 300000
	metadata.max.idle.ms = 300000
	metadata.recovery.strategy = none
	metric.reporters = []
	metrics.num.samples = 2
	metrics.recording.level = INFO
	metrics.sample.window.ms = 30000
	partitioner.adaptive.partitioning.enable = true
	partitioner.availability.timeout.ms = 0
	partitioner.class = null
	partitioner.ignore.keys = false
	receive.buffer.bytes = 32768
	reconnect.backoff.max.ms = 1000
	reconnect.backoff.ms = 50
	request.timeout.ms = 5000
	retries = 2147483647
	retry.backoff.max.ms = 1000
	retry.backoff.ms = 100
	sasl.client.callback.handler.class = null
	sasl.jaas.config = null
	sasl.kerberos.kinit.cmd = /usr/bin/kinit
	sasl.kerberos.min.time.before.relogin = 60000
	sasl.kerberos.service.name = null
	sasl.kerberos.ticket.renew.jitter = 0.05
	sasl.kerberos.ticket.renew.window.factor = 0.8
	sasl.login.callback.handler.class = null
	sasl.login.class = null
	sasl.login.connect.timeout.ms = null
	sasl.login.read.timeout.ms = null
	sasl.login.refresh.buffer.seconds = 300
	sasl.login.refresh.min.period.seconds = 60
	sasl.login.refresh.window.factor = 0.8
	sasl.login.refresh.window.jitter = 0.05
	sasl.login.retry.backoff.max.ms = 10000
	sasl.login.retry.backoff.ms = 100
	sasl.mechanism = GSSAPI
	sasl.oauthbearer.clock.skew.seconds = 30
	sasl.oauthbearer.expected.audience = null
	sasl.oauthbearer.expected.issuer = null
	sasl.oauthbearer.header.urlencode = false
	sasl.oauthbearer.jwks.endpoint.refresh.ms = 3600000
	sasl.oauthbearer.jwks.endpoint.retry.backoff.max.ms = 10000
	sasl.oauthbearer.jwks.endpoint.retry.backoff.ms = 100
	sasl.oauthbearer.jwks.endpoint.url = null
	sasl.oauthbearer.scope.claim.name = scope
	sasl.oauthbearer.sub.claim.name = sub
	sasl.oauthbearer.token.endpoint.url = null
	security.protocol = PLAINTEXT
	security.providers = null
	send.buffer.bytes = 131072
	socket.connection.setup.timeout.max.ms = 30000
	socket.connection.setup.timeout.ms = 10000
	ssl.cipher.suites = null
	ssl.enabled.protocols = [TLSv1.2, TLSv1.3]
	ssl.endpoint.identification.algorithm = https
	ssl.engine.factory.class = null
	ssl.key.password = null
	ssl.keymanager.algorithm = SunX509
	ssl.keystore.certificate.chain = null
	ssl.keystore.key = null
	ssl.keystore.location = null
	ssl.keystore.password = null
	ssl.keystore.type = JKS
	ssl.protocol = TLSv1.3
	ssl.provider = null
	ssl.secure.random.implementation = null
	ssl.trustmanager.algorithm = PKIX
	ssl.truststore.certificates = null
	ssl.truststore.location = null
	ssl.truststore.password = null
	ssl.truststore.type = JKS
	transaction.timeout.ms = 60000
	transactional.id = null
	value.serializer = class io.apicurio.registry.serde.avro.AvroKafkaSerializer

2025-07-31 02:26:20,211 INFO  [org.apa.kaf.com.tel.int.KafkaMetricsCollector] (main) initializing Kafka metrics collector
2025-07-31 02:26:20,216 INFO  [org.apa.kaf.cli.pro.KafkaProducer] (main) [Producer clientId=Producer-topic-be69f34a_b4d7_4cf2_be04_2718e868066c] Instantiated an idempotent producer.
2025-07-31 02:26:20,218 INFO  [org.apa.kaf.cli.pro.ProducerConfig] (main) These configurations '[apicurio.registry.url, apicurio.registry.auto-register, apicurio.registry.use-id, apicurio.registry.artifact-resolver-strategy]' were supplied but are not used yet.
2025-07-31 02:26:20,218 INFO  [org.apa.kaf.com.uti.AppInfoParser] (main) Kafka version: 3.9.0
2025-07-31 02:26:20,218 INFO  [org.apa.kaf.com.uti.AppInfoParser] (main) Kafka commitId: 84caaa6e9da06435
2025-07-31 02:26:20,218 INFO  [org.apa.kaf.com.uti.AppInfoParser] (main) Kafka startTimeMs: 1753928780218
2025-07-31 02:26:20,218 INFO  [io.api.tes.ser.api.SimpleSerdesTesterBuilder$SimpleSerdesTester] (main) Using producer configuration: {apicurio.registry.url=http://registry-app-kafkasql.apps.ci419.apicurio-testing.org:80/apis/registry/v3, apicurio.registry.auto-register=true, apicurio.registry.use-id=globalId, apicurio.registry.artifact-resolver-strategy=io.apicurio.registry.serde.strategy.TopicIdStrategy, value.serializer=io.apicurio.registry.serde.avro.AvroKafkaSerializer, request.timeout.ms=5000, acks=all, bootstrap.servers=PLAINTEXT://localhost:32770, connections.max.idle.ms=10000, key.serializer=org.apache.kafka.common.serialization.StringSerializer, client.id=Producer-topic-be69f34a_b4d7_4cf2_be04_2718e868066c}
2025-07-31 02:26:20,218 INFO  [io.api.tes.ser.api.SimpleSerdesTesterBuilder$SimpleSerdesTester] (main) Using consumer configuration: {apicurio.registry.use-id=globalId}
2025-07-31 02:26:20,219 INFO  [io.api.tes.ser.api.KafkaSerdesTester] (Thread-261) Sending message {"key11753928780207": "value-0"} to topic topic-be69f34a_b4d7_4cf2_be04_2718e868066c
2025-07-31 02:26:20,230 WARN  [org.apa.kaf.cli.NetworkClient] (kafka-producer-network-thread | Producer-topic-be69f34a_b4d7_4cf2_be04_2718e868066c) [Producer clientId=Producer-topic-be69f34a_b4d7_4cf2_be04_2718e868066c] The metadata response from the cluster reported a recoverable issue with correlation id 2 : {topic-be69f34a_b4d7_4cf2_be04_2718e868066c=LEADER_NOT_AVAILABLE}
2025-07-31 02:26:20,231 INFO  [org.apa.kaf.cli.Metadata] (kafka-producer-network-thread | Producer-topic-be69f34a_b4d7_4cf2_be04_2718e868066c) [Producer clientId=Producer-topic-be69f34a_b4d7_4cf2_be04_2718e868066c] Cluster ID: MA4G_e_SRU2vGr9gzyfJLg
2025-07-31 02:26:20,233 INFO  [org.apa.kaf.cli.pro.int.TransactionManager] (kafka-producer-network-thread | Producer-topic-be69f34a_b4d7_4cf2_be04_2718e868066c) [Producer clientId=Producer-topic-be69f34a_b4d7_4cf2_be04_2718e868066c] ProducerId set to 25 with epoch 0
2025-07-31 02:26:20,475 INFO  [io.api.tes.ser.api.KafkaSerdesTester] (Thread-261) Sending message {"key11753928780207": "value-1"} to topic topic-be69f34a_b4d7_4cf2_be04_2718e868066c
2025-07-31 02:26:20,477 INFO  [io.api.tes.ser.api.KafkaSerdesTester] (Thread-261) Sending message {"key11753928780207": "value-2"} to topic topic-be69f34a_b4d7_4cf2_be04_2718e868066c
2025-07-31 02:26:20,478 INFO  [io.api.tes.ser.api.KafkaSerdesTester] (Thread-261) Sending message {"key11753928780207": "value-3"} to topic topic-be69f34a_b4d7_4cf2_be04_2718e868066c
2025-07-31 02:26:20,479 INFO  [io.api.tes.ser.api.KafkaSerdesTester] (Thread-261) Sending message {"key11753928780207": "value-4"} to topic topic-be69f34a_b4d7_4cf2_be04_2718e868066c
2025-07-31 02:26:20,481 INFO  [io.api.tes.ser.api.KafkaSerdesTester] (Thread-261) Sending message {"key11753928780207": "value-5"} to topic topic-be69f34a_b4d7_4cf2_be04_2718e868066c
2025-07-31 02:26:20,486 INFO  [io.api.tes.ser.api.KafkaSerdesTester] (Thread-261) Sending message {"key11753928780207": "value-6"} to topic topic-be69f34a_b4d7_4cf2_be04_2718e868066c
2025-07-31 02:26:20,488 INFO  [io.api.tes.ser.api.KafkaSerdesTester] (Thread-261) Sending message {"key11753928780207": "value-7"} to topic topic-be69f34a_b4d7_4cf2_be04_2718e868066c
2025-07-31 02:26:20,490 INFO  [io.api.tes.ser.api.KafkaSerdesTester] (Thread-261) Sending message {"key11753928780207": "value-8"} to topic topic-be69f34a_b4d7_4cf2_be04_2718e868066c
2025-07-31 02:26:20,491 INFO  [io.api.tes.ser.api.KafkaSerdesTester] (Thread-261) Sending message {"key11753928780207": "value-9"} to topic topic-be69f34a_b4d7_4cf2_be04_2718e868066c
2025-07-31 02:26:20,493 INFO  [io.api.tes.ser.api.KafkaSerdesTester] (Thread-261) Produced 10 messages
2025-07-31 02:26:20,493 INFO  [org.apa.kaf.cli.pro.KafkaProducer] (Thread-261) [Producer clientId=Producer-topic-be69f34a_b4d7_4cf2_be04_2718e868066c] Closing the Kafka producer with timeoutMillis = 9223372036854775807 ms.
2025-07-31 02:26:20,496 INFO  [org.apa.kaf.com.met.Metrics] (Thread-261) Metrics scheduler closed
2025-07-31 02:26:20,496 INFO  [org.apa.kaf.com.met.Metrics] (Thread-261) Closing reporter org.apache.kafka.common.metrics.JmxReporter
2025-07-31 02:26:20,496 INFO  [org.apa.kaf.com.met.Metrics] (Thread-261) Closing reporter org.apache.kafka.common.telemetry.internals.ClientTelemetryReporter
2025-07-31 02:26:20,496 INFO  [org.apa.kaf.com.met.Metrics] (Thread-261) Metrics reporters closed
2025-07-31 02:26:20,498 INFO  [org.apa.kaf.com.uti.AppInfoParser] (Thread-261) App info kafka.producer for Producer-topic-be69f34a_b4d7_4cf2_be04_2718e868066c unregistered
2025-07-31 02:26:20,583 INFO  [org.apa.kaf.cli.con.ConsumerConfig] (main) ConsumerConfig values: 
	allow.auto.create.topics = true
	auto.commit.interval.ms = 500
	auto.include.jmx.reporter = true
	auto.offset.reset = earliest
	bootstrap.servers = [PLAINTEXT://localhost:32770]
	check.crcs = true
	client.dns.lookup = use_all_dns_ips
	client.id = consumer-Consumer-topic-be69f34a_b4d7_4cf2_be04_2718e868066c-18
	client.rack = 
	connections.max.idle.ms = 10000
	default.api.timeout.ms = 60000
	enable.auto.commit = true
	enable.metrics.push = true
	exclude.internal.topics = true
	fetch.max.bytes = 52428800
	fetch.max.wait.ms = 500
	fetch.min.bytes = 1
	group.id = Consumer-topic-be69f34a_b4d7_4cf2_be04_2718e868066c
	group.instance.id = null
	group.protocol = classic
	group.remote.assignor = null
	heartbeat.interval.ms = 3000
	interceptor.classes = []
	internal.leave.group.on.close = true
	internal.throw.on.fetch.stable.offset.unsupported = false
	isolation.level = read_uncommitted
	key.deserializer = class org.apache.kafka.common.serialization.StringDeserializer
	max.partition.fetch.bytes = 1048576
	max.poll.interval.ms = 300000
	max.poll.records = 500
	metadata.max.age.ms = 300000
	metadata.recovery.strategy = none
	metric.reporters = []
	metrics.num.samples = 2
	metrics.recording.level = INFO
	metrics.sample.window.ms = 30000
	partition.assignment.strategy = [class org.apache.kafka.clients.consumer.RangeAssignor, class org.apache.kafka.clients.consumer.CooperativeStickyAssignor]
	receive.buffer.bytes = 65536
	reconnect.backoff.max.ms = 1000
	reconnect.backoff.ms = 50
	request.timeout.ms = 5000
	retry.backoff.max.ms = 1000
	retry.backoff.ms = 100
	sasl.client.callback.handler.class = null
	sasl.jaas.config = null
	sasl.kerberos.kinit.cmd = /usr/bin/kinit
	sasl.kerberos.min.time.before.relogin = 60000
	sasl.kerberos.service.name = null
	sasl.kerberos.ticket.renew.jitter = 0.05
	sasl.kerberos.ticket.renew.window.factor = 0.8
	sasl.login.callback.handler.class = null
	sasl.login.class = null
	sasl.login.connect.timeout.ms = null
	sasl.login.read.timeout.ms = null
	sasl.login.refresh.buffer.seconds = 300
	sasl.login.refresh.min.period.seconds = 60
	sasl.login.refresh.window.factor = 0.8
	sasl.login.refresh.window.jitter = 0.05
	sasl.login.retry.backoff.max.ms = 10000
	sasl.login.retry.backoff.ms = 100
	sasl.mechanism = GSSAPI
	sasl.oauthbearer.clock.skew.seconds = 30
	sasl.oauthbearer.expected.audience = null
	sasl.oauthbearer.expected.issuer = null
	sasl.oauthbearer.header.urlencode = false
	sasl.oauthbearer.jwks.endpoint.refresh.ms = 3600000
	sasl.oauthbearer.jwks.endpoint.retry.backoff.max.ms = 10000
	sasl.oauthbearer.jwks.endpoint.retry.backoff.ms = 100
	sasl.oauthbearer.jwks.endpoint.url = null
	sasl.oauthbearer.scope.claim.name = scope
	sasl.oauthbearer.sub.claim.name = sub
	sasl.oauthbearer.token.endpoint.url = null
	security.protocol = PLAINTEXT
	security.providers = null
	send.buffer.bytes = 131072
	session.timeout.ms = 45000
	socket.connection.setup.timeout.max.ms = 30000
	socket.connection.setup.timeout.ms = 10000
	ssl.cipher.suites = null
	ssl.enabled.protocols = [TLSv1.2, TLSv1.3]
	ssl.endpoint.identification.algorithm = https
	ssl.engine.factory.class = null
	ssl.key.password = null
	ssl.keymanager.algorithm = SunX509
	ssl.keystore.certificate.chain = null
	ssl.keystore.key = null
	ssl.keystore.location = null
	ssl.keystore.password = null
	ssl.keystore.type = JKS
	ssl.protocol = TLSv1.3
	ssl.provider = null
	ssl.secure.random.implementation = null
	ssl.trustmanager.algorithm = PKIX
	ssl.truststore.certificates = null
	ssl.truststore.location = null
	ssl.truststore.password = null
	ssl.truststore.type = JKS
	value.deserializer = class io.apicurio.registry.serde.avro.AvroKafkaDeserializer

2025-07-31 02:26:20,583 INFO  [org.apa.kaf.com.tel.int.KafkaMetricsCollector] (main) initializing Kafka metrics collector
2025-07-31 02:26:20,587 INFO  [org.apa.kaf.cli.con.ConsumerConfig] (main) These configurations '[apicurio.registry.url, apicurio.registry.use-id]' were supplied but are not used yet.
2025-07-31 02:26:20,587 INFO  [org.apa.kaf.com.uti.AppInfoParser] (main) Kafka version: 3.9.0
2025-07-31 02:26:20,587 INFO  [org.apa.kaf.com.uti.AppInfoParser] (main) Kafka commitId: 84caaa6e9da06435
2025-07-31 02:26:20,587 INFO  [org.apa.kaf.com.uti.AppInfoParser] (main) Kafka startTimeMs: 1753928780587
2025-07-31 02:26:20,587 INFO  [org.apa.kaf.cli.con.int.ClassicKafkaConsumer] (Thread-264) [Consumer clientId=consumer-Consumer-topic-be69f34a_b4d7_4cf2_be04_2718e868066c-18, groupId=Consumer-topic-be69f34a_b4d7_4cf2_be04_2718e868066c] Subscribed to topic(s): topic-be69f34a_b4d7_4cf2_be04_2718e868066c
2025-07-31 02:26:20,592 INFO  [org.apa.kaf.cli.Metadata] (Thread-264) [Consumer clientId=consumer-Consumer-topic-be69f34a_b4d7_4cf2_be04_2718e868066c-18, groupId=Consumer-topic-be69f34a_b4d7_4cf2_be04_2718e868066c] Cluster ID: MA4G_e_SRU2vGr9gzyfJLg
2025-07-31 02:26:20,593 INFO  [org.apa.kaf.cli.con.int.ConsumerCoordinator] (Thread-264) [Consumer clientId=consumer-Consumer-topic-be69f34a_b4d7_4cf2_be04_2718e868066c-18, groupId=Consumer-topic-be69f34a_b4d7_4cf2_be04_2718e868066c] Discovered group coordinator localhost:32770 (id: 2147483647 rack: null)
2025-07-31 02:26:20,595 INFO  [org.apa.kaf.cli.con.int.ConsumerCoordinator] (Thread-264) [Consumer clientId=consumer-Consumer-topic-be69f34a_b4d7_4cf2_be04_2718e868066c-18, groupId=Consumer-topic-be69f34a_b4d7_4cf2_be04_2718e868066c] (Re-)joining group
2025-07-31 02:26:20,597 INFO  [org.apa.kaf.cli.con.int.ConsumerCoordinator] (Thread-264) [Consumer clientId=consumer-Consumer-topic-be69f34a_b4d7_4cf2_be04_2718e868066c-18, groupId=Consumer-topic-be69f34a_b4d7_4cf2_be04_2718e868066c] Request joining group due to: need to re-join with the given member-id: consumer-Consumer-topic-be69f34a_b4d7_4cf2_be04_2718e868066c-18-eff2cee3-df40-45c1-bba6-a8dbb1c88720
2025-07-31 02:26:20,598 INFO  [org.apa.kaf.cli.con.int.ConsumerCoordinator] (Thread-264) [Consumer clientId=consumer-Consumer-topic-be69f34a_b4d7_4cf2_be04_2718e868066c-18, groupId=Consumer-topic-be69f34a_b4d7_4cf2_be04_2718e868066c] (Re-)joining group
2025-07-31 02:26:20,599 INFO  [org.apa.kaf.cli.con.int.ConsumerCoordinator] (Thread-264) [Consumer clientId=consumer-Consumer-topic-be69f34a_b4d7_4cf2_be04_2718e868066c-18, groupId=Consumer-topic-be69f34a_b4d7_4cf2_be04_2718e868066c] Successfully joined group with generation Generation{generationId=1, memberId='consumer-Consumer-topic-be69f34a_b4d7_4cf2_be04_2718e868066c-18-eff2cee3-df40-45c1-bba6-a8dbb1c88720', protocol='range'}
2025-07-31 02:26:20,600 INFO  [org.apa.kaf.cli.con.int.ConsumerCoordinator] (Thread-264) [Consumer clientId=consumer-Consumer-topic-be69f34a_b4d7_4cf2_be04_2718e868066c-18, groupId=Consumer-topic-be69f34a_b4d7_4cf2_be04_2718e868066c] Finished assignment for group at generation 1: {consumer-Consumer-topic-be69f34a_b4d7_4cf2_be04_2718e868066c-18-eff2cee3-df40-45c1-bba6-a8dbb1c88720=Assignment(partitions=[topic-be69f34a_b4d7_4cf2_be04_2718e868066c-0])}
2025-07-31 02:26:20,603 INFO  [org.apa.kaf.cli.con.int.ConsumerCoordinator] (Thread-264) [Consumer clientId=consumer-Consumer-topic-be69f34a_b4d7_4cf2_be04_2718e868066c-18, groupId=Consumer-topic-be69f34a_b4d7_4cf2_be04_2718e868066c] Successfully synced group in generation Generation{generationId=1, memberId='consumer-Consumer-topic-be69f34a_b4d7_4cf2_be04_2718e868066c-18-eff2cee3-df40-45c1-bba6-a8dbb1c88720', protocol='range'}
2025-07-31 02:26:20,604 INFO  [org.apa.kaf.cli.con.int.ConsumerCoordinator] (Thread-264) [Consumer clientId=consumer-Consumer-topic-be69f34a_b4d7_4cf2_be04_2718e868066c-18, groupId=Consumer-topic-be69f34a_b4d7_4cf2_be04_2718e868066c] Notifying assignor about the new Assignment(partitions=[topic-be69f34a_b4d7_4cf2_be04_2718e868066c-0])
2025-07-31 02:26:20,604 INFO  [org.apa.kaf.cli.con.int.ConsumerRebalanceListenerInvoker] (Thread-264) [Consumer clientId=consumer-Consumer-topic-be69f34a_b4d7_4cf2_be04_2718e868066c-18, groupId=Consumer-topic-be69f34a_b4d7_4cf2_be04_2718e868066c] Adding newly assigned partitions: topic-be69f34a_b4d7_4cf2_be04_2718e868066c-0
2025-07-31 02:26:20,604 INFO  [org.apa.kaf.cli.con.int.ConsumerCoordinator] (Thread-264) [Consumer clientId=consumer-Consumer-topic-be69f34a_b4d7_4cf2_be04_2718e868066c-18, groupId=Consumer-topic-be69f34a_b4d7_4cf2_be04_2718e868066c] Found no committed offset for partition topic-be69f34a_b4d7_4cf2_be04_2718e868066c-0
2025-07-31 02:26:20,609 INFO  [org.apa.kaf.cli.con.int.SubscriptionState] (Thread-264) [Consumer clientId=consumer-Consumer-topic-be69f34a_b4d7_4cf2_be04_2718e868066c-18, groupId=Consumer-topic-be69f34a_b4d7_4cf2_be04_2718e868066c] Resetting offset for partition topic-be69f34a_b4d7_4cf2_be04_2718e868066c-0 to position FetchPosition{offset=0, offsetEpoch=Optional.empty, currentLeader=LeaderAndEpoch{leader=Optional[localhost:32770 (id: 0 rack: null)], epoch=0}}.
2025-07-31 02:26:20,728 INFO  [io.api.tes.ser.api.KafkaSerdesTester] (Thread-264) topic-be69f34a_b4d7_4cf2_be04_2718e868066c 0 0 {"key11753928780207": "value-0"}
2025-07-31 02:26:20,728 INFO  [io.api.tes.ser.api.KafkaSerdesTester] (Thread-264) topic-be69f34a_b4d7_4cf2_be04_2718e868066c 0 1 {"key11753928780207": "value-1"}
2025-07-31 02:26:20,728 INFO  [io.api.tes.ser.api.KafkaSerdesTester] (Thread-264) topic-be69f34a_b4d7_4cf2_be04_2718e868066c 0 2 {"key11753928780207": "value-2"}
2025-07-31 02:26:20,728 INFO  [io.api.tes.ser.api.KafkaSerdesTester] (Thread-264) topic-be69f34a_b4d7_4cf2_be04_2718e868066c 0 3 {"key11753928780207": "value-3"}
2025-07-31 02:26:20,728 INFO  [io.api.tes.ser.api.KafkaSerdesTester] (Thread-264) topic-be69f34a_b4d7_4cf2_be04_2718e868066c 0 4 {"key11753928780207": "value-4"}
2025-07-31 02:26:20,728 INFO  [io.api.tes.ser.api.KafkaSerdesTester] (Thread-264) topic-be69f34a_b4d7_4cf2_be04_2718e868066c 0 5 {"key11753928780207": "value-5"}
2025-07-31 02:26:20,728 INFO  [io.api.tes.ser.api.KafkaSerdesTester] (Thread-264) topic-be69f34a_b4d7_4cf2_be04_2718e868066c 0 6 {"key11753928780207": "value-6"}
2025-07-31 02:26:20,729 INFO  [io.api.tes.ser.api.KafkaSerdesTester] (Thread-264) topic-be69f34a_b4d7_4cf2_be04_2718e868066c 0 7 {"key11753928780207": "value-7"}
2025-07-31 02:26:20,729 INFO  [io.api.tes.ser.api.KafkaSerdesTester] (Thread-264) topic-be69f34a_b4d7_4cf2_be04_2718e868066c 0 8 {"key11753928780207": "value-8"}
2025-07-31 02:26:20,729 INFO  [io.api.tes.ser.api.KafkaSerdesTester] (Thread-264) topic-be69f34a_b4d7_4cf2_be04_2718e868066c 0 9 {"key11753928780207": "value-9"}
2025-07-31 02:26:20,729 INFO  [io.api.tes.ser.api.KafkaSerdesTester] (Thread-264) Consumed 10 messages
2025-07-31 02:26:20,732 INFO  [org.apa.kaf.cli.con.int.ConsumerRebalanceListenerInvoker] (Thread-264) [Consumer clientId=consumer-Consumer-topic-be69f34a_b4d7_4cf2_be04_2718e868066c-18, groupId=Consumer-topic-be69f34a_b4d7_4cf2_be04_2718e868066c] Revoke previously assigned partitions topic-be69f34a_b4d7_4cf2_be04_2718e868066c-0
2025-07-31 02:26:20,732 INFO  [org.apa.kaf.cli.con.int.ConsumerCoordinator] (Thread-264) [Consumer clientId=consumer-Consumer-topic-be69f34a_b4d7_4cf2_be04_2718e868066c-18, groupId=Consumer-topic-be69f34a_b4d7_4cf2_be04_2718e868066c] Member consumer-Consumer-topic-be69f34a_b4d7_4cf2_be04_2718e868066c-18-eff2cee3-df40-45c1-bba6-a8dbb1c88720 sending LeaveGroup request to coordinator localhost:32770 (id: 2147483647 rack: null) due to the consumer is being closed
2025-07-31 02:26:20,732 INFO  [org.apa.kaf.cli.con.int.ConsumerCoordinator] (Thread-264) [Consumer clientId=consumer-Consumer-topic-be69f34a_b4d7_4cf2_be04_2718e868066c-18, groupId=Consumer-topic-be69f34a_b4d7_4cf2_be04_2718e868066c] Resetting generation and member id due to: consumer pro-actively leaving the group
2025-07-31 02:26:20,732 INFO  [org.apa.kaf.cli.con.int.ConsumerCoordinator] (Thread-264) [Consumer clientId=consumer-Consumer-topic-be69f34a_b4d7_4cf2_be04_2718e868066c-18, groupId=Consumer-topic-be69f34a_b4d7_4cf2_be04_2718e868066c] Request joining group due to: consumer pro-actively leaving the group
2025-07-31 02:26:21,233 INFO  [org.apa.kaf.com.met.Metrics] (Thread-264) Metrics scheduler closed
2025-07-31 02:26:21,233 INFO  [org.apa.kaf.com.met.Metrics] (Thread-264) Closing reporter org.apache.kafka.common.metrics.JmxReporter
2025-07-31 02:26:21,233 INFO  [org.apa.kaf.com.met.Metrics] (Thread-264) Closing reporter org.apache.kafka.common.telemetry.internals.ClientTelemetryReporter
2025-07-31 02:26:21,233 INFO  [org.apa.kaf.com.met.Metrics] (Thread-264) Metrics reporters closed
2025-07-31 02:26:21,236 INFO  [org.apa.kaf.com.uti.AppInfoParser] (Thread-264) App info kafka.consumer for consumer-Consumer-topic-be69f34a_b4d7_4cf2_be04_2718e868066c-18 unregistered
2025-07-31 02:26:21,236 INFO  [io.api.tes.uti.TestSeparator] (main) io.apicurio.tests.serdes.apicurio.AvroSerdeIT.testGlobalIdInBody-FINISHED
2025-07-31 02:26:21,237 INFO  [io.api.tes.uti.TestSeparator] (main) ############################################################################
]]></system-out>
  </testcase>
  <testcase name="testProducerUsesGlobalIdConsumerUsesDefault" classname="io.apicurio.tests.serdes.apicurio.AvroSerdeIT" time="0.0">
    <skipped message="void io.apicurio.tests.serdes.apicurio.AvroSerdeIT.testProducerUsesGlobalIdConsumerUsesDefault() throws java.lang.Exception is @Disabled"/>
  </testcase>
</testsuite>