<?xml version="1.0" encoding="UTF-8"?>
<testsuite xmlns:xsi="http://www.w3.org/2001/XMLSchema-instance" xsi:noNamespaceSchemaLocation="https://maven.apache.org/surefire/maven-failsafe-plugin/xsd/failsafe-test-report.xsd" version="3.0.2" name="io.apicurio.tests.serdes.confluent.BasicConfluentSerDesIT" time="10.463" tests="8" errors="0" skipped="0" failures="0">
  <properties>
    <property name="java.specification.version" value="17"/>
    <property name="sun.jnu.encoding" value="UTF-8"/>
    <property name="java.class.path" value="/home/runner/work/apicurio-testing/apicurio-testing/clusters/ci419/namespaces/postgresql/tests/integration/apicurio-registry/integration-tests/target/test-classes:/home/runner/work/apicurio-testing/apicurio-testing/clusters/ci419/namespaces/postgresql/tests/integration/apicurio-registry/integration-tests/target/apicurio-registry-integration-tests-3.0.11-SNAPSHOT.jar:/home/runner/.m2/repository/io/quarkus/quarkus-junit5/3.20.1/quarkus-junit5-3.20.1.jar:/home/runner/.m2/repository/io/quarkus/quarkus-bootstrap-core/3.20.1/quarkus-bootstrap-core-3.20.1.jar:/home/runner/.m2/repository/io/quarkus/quarkus-classloader-commons/3.20.1/quarkus-classloader-commons-3.20.1.jar:/home/runner/.m2/repository/io/quarkus/quarkus-bootstrap-app-model/3.20.1/quarkus-bootstrap-app-model-3.20.1.jar:/home/runner/.m2/repository/io/smallrye/common/smallrye-common-io/2.12.0/smallrye-common-io-2.12.0.jar:/home/runner/.m2/repository/org/eclipse/sisu/org.eclipse.sisu.inject/0.9.0.M3/org.eclipse.sisu.inject-0.9.0.M3.jar:/home/runner/.m2/repository/io/quarkus/quarkus-test-common/3.20.1/quarkus-test-common-3.20.1.jar:/home/runner/.m2/repository/io/quarkus/quarkus-core-deployment/3.20.1/quarkus-core-deployment-3.20.1.jar:/home/runner/.m2/repository/org/aesh/readline/2.6/readline-2.6.jar:/home/runner/.m2/repository/org/fusesource/jansi/jansi/2.4.0/jansi-2.4.0.jar:/home/runner/.m2/repository/org/aesh/aesh/2.8.2/aesh-2.8.2.jar:/home/runner/.m2/repository/io/quarkus/gizmo/gizmo/1.8.0/gizmo-1.8.0.jar:/home/runner/.m2/repository/org/ow2/asm/asm-util/9.7.1/asm-util-9.7.1.jar:/home/runner/.m2/repository/org/ow2/asm/asm-analysis/9.7.1/asm-analysis-9.7.1.jar:/home/runner/.m2/repository/org/ow2/asm/asm-commons/9.7.1/asm-commons-9.7.1.jar:/home/runner/.m2/repository/org/ow2/asm/asm-tree/9.7.1/asm-tree-9.7.1.jar:/home/runner/.m2/repository/io/quarkus/quarkus-hibernate-validator-spi/3.20.1/quarkus-hibernate-validator-spi-3.20.1.jar:/home/runner/.m2/repository/io/quarkus/quarkus-class-change-agent/3.20.1/quarkus-class-change-agent-3.20.1.jar:/home/runner/.m2/repository/io/quarkus/quarkus-devtools-utilities/3.20.1/quarkus-devtools-utilities-3.20.1.jar:/home/runner/.m2/repository/io/quarkus/quarkus-builder/3.20.1/quarkus-builder-3.20.1.jar:/home/runner/.m2/repository/org/graalvm/sdk/nativeimage/23.1.2/nativeimage-23.1.2.jar:/home/runner/.m2/repository/org/graalvm/sdk/word/23.1.2/word-23.1.2.jar:/home/runner/.m2/repository/io/quarkus/quarkus-bootstrap-maven-resolver/3.20.1/quarkus-bootstrap-maven-resolver-3.20.1.jar:/home/runner/.m2/repository/io/smallrye/beanbag/smallrye-beanbag-maven/1.5.2/smallrye-beanbag-maven-1.5.2.jar:/home/runner/.m2/repository/io/smallrye/beanbag/smallrye-beanbag-sisu/1.5.2/smallrye-beanbag-sisu-1.5.2.jar:/home/runner/.m2/repository/io/smallrye/beanbag/smallrye-beanbag/1.5.2/smallrye-beanbag-1.5.2.jar:/home/runner/.m2/repository/javax/inject/javax.inject/1/javax.inject-1.jar:/home/runner/.m2/repository/org/apache/maven/maven-artifact/3.9.9/maven-artifact-3.9.9.jar:/home/runner/.m2/repository/org/apache/maven/maven-builder-support/3.9.9/maven-builder-support-3.9.9.jar:/home/runner/.m2/repository/org/apache/maven/maven-model/3.9.9/maven-model-3.9.9.jar:/home/runner/.m2/repository/org/apache/maven/maven-model-builder/3.9.9/maven-model-builder-3.9.9.jar:/home/runner/.m2/repository/org/apache/maven/maven-repository-metadata/3.9.9/maven-repository-metadata-3.9.9.jar:/home/runner/.m2/repository/org/apache/maven/maven-settings/3.9.9/maven-settings-3.9.9.jar:/home/runner/.m2/repository/org/apache/maven/resolver/maven-resolver-api/1.9.22/maven-resolver-api-1.9.22.jar:/home/runner/.m2/repository/org/apache/maven/resolver/maven-resolver-impl/1.9.22/maven-resolver-impl-1.9.22.jar:/home/runner/.m2/repository/org/apache/maven/resolver/maven-resolver-named-locks/1.9.22/maven-resolver-named-locks-1.9.22.jar:/home/runner/.m2/repository/org/apache/maven/resolver/maven-resolver-spi/1.9.22/maven-resolver-spi-1.9.22.jar:/home/runner/.m2/repository/org/apache/maven/resolver/maven-resolver-util/1.9.22/maven-resolver-util-1.9.22.jar:/home/runner/.m2/repository/org/apache/maven/resolver/maven-resolver-transport-http/1.9.20/maven-resolver-transport-http-1.9.20.jar:/home/runner/.m2/repository/org/apache/maven/wagon/wagon-provider-api/3.5.3/wagon-provider-api-3.5.3.jar:/home/runner/.m2/repository/org/apache/maven/wagon/wagon-http-shared/3.5.3/wagon-http-shared-3.5.3.jar:/home/runner/.m2/repository/org/codehaus/plexus/plexus-interpolation/1.26/plexus-interpolation-1.26.jar:/home/runner/.m2/repository/org/codehaus/plexus/plexus-utils/3.5.1/plexus-utils-3.5.1.jar:/home/runner/.m2/repository/org/codehaus/plexus/plexus-xml/4.0.1/plexus-xml-4.0.1.jar:/home/runner/.m2/repository/org/apache/maven/maven-xml-impl/4.0.0-alpha-5/maven-xml-impl-4.0.0-alpha-5.jar:/home/runner/.m2/repository/org/apache/maven/maven-api-xml/4.0.0-alpha-5/maven-api-xml-4.0.0-alpha-5.jar:/home/runner/.m2/repository/org/apache/maven/maven-api-meta/4.0.0-alpha-5/maven-api-meta-4.0.0-alpha-5.jar:/home/runner/.m2/repository/org/codehaus/plexus/plexus-cipher/2.0/plexus-cipher-2.0.jar:/home/runner/.m2/repository/org/codehaus/plexus/plexus-sec-dispatcher/2.0/plexus-sec-dispatcher-2.0.jar:/home/runner/.m2/repository/org/apache/maven/maven-embedder/3.9.9/maven-embedder-3.9.9.jar:/home/runner/.m2/repository/org/apache/maven/maven-core/3.9.9/maven-core-3.9.9.jar:/home/runner/.m2/repository/org/codehaus/plexus/plexus-component-annotations/2.1.0/plexus-component-annotations-2.1.0.jar:/home/runner/.m2/repository/org/apache/maven/maven-plugin-api/3.9.9/maven-plugin-api-3.9.9.jar:/home/runner/.m2/repository/org/apache/maven/shared/maven-shared-utils/3.4.2/maven-shared-utils-3.4.2.jar:/home/runner/.m2/repository/com/google/inject/guice/5.1.0/guice-5.1.0.jar:/home/runner/.m2/repository/aopalliance/aopalliance/1.0/aopalliance-1.0.jar:/home/runner/.m2/repository/org/codehaus/plexus/plexus-classworlds/2.6.0/plexus-classworlds-2.6.0.jar:/home/runner/.m2/repository/commons-cli/commons-cli/1.8.0/commons-cli-1.8.0.jar:/home/runner/.m2/repository/org/eclipse/sisu/org.eclipse.sisu.plexus/0.9.0.M3/org.eclipse.sisu.plexus-0.9.0.M3.jar:/home/runner/.m2/repository/org/apache/maven/maven-settings-builder/3.9.9/maven-settings-builder-3.9.9.jar:/home/runner/.m2/repository/org/apache/maven/maven-resolver-provider/3.9.9/maven-resolver-provider-3.9.9.jar:/home/runner/.m2/repository/org/apache/maven/resolver/maven-resolver-connector-basic/1.9.22/maven-resolver-connector-basic-1.9.22.jar:/home/runner/.m2/repository/org/apache/maven/resolver/maven-resolver-transport-wagon/1.9.22/maven-resolver-transport-wagon-1.9.22.jar:/home/runner/.m2/repository/org/apache/maven/wagon/wagon-http/3.5.3/wagon-http-3.5.3.jar:/home/runner/.m2/repository/org/apache/maven/wagon/wagon-file/3.5.3/wagon-file-3.5.3.jar:/home/runner/.m2/repository/io/quarkus/quarkus-bootstrap-gradle-resolver/3.20.1/quarkus-bootstrap-gradle-resolver-3.20.1.jar:/home/runner/.m2/repository/io/smallrye/jandex/3.3.0/jandex-3.3.0.jar:/home/runner/.m2/repository/org/jboss/logging/commons-logging-jboss-logging/1.0.0.Final/commons-logging-jboss-logging-1.0.0.Final.jar:/home/runner/.m2/repository/io/quarkus/quarkus-junit5-config/3.20.1/quarkus-junit5-config-3.20.1.jar:/home/runner/.m2/repository/org/junit/jupiter/junit-jupiter-api/5.12.1/junit-jupiter-api-5.12.1.jar:/home/runner/.m2/repository/io/smallrye/config/smallrye-config/3.11.4/smallrye-config-3.11.4.jar:/home/runner/.m2/repository/io/smallrye/config/smallrye-config-core/3.11.4/smallrye-config-core-3.11.4.jar:/home/runner/.m2/repository/io/smallrye/common/smallrye-common-classloader/2.12.0/smallrye-common-classloader-2.12.0.jar:/home/runner/.m2/repository/io/smallrye/config/smallrye-config-common/3.11.4/smallrye-config-common-3.11.4.jar:/home/runner/.m2/repository/org/junit/jupiter/junit-jupiter/5.12.1/junit-jupiter-5.12.1.jar:/home/runner/.m2/repository/org/junit/jupiter/junit-jupiter-params/5.12.1/junit-jupiter-params-5.12.1.jar:/home/runner/.m2/repository/org/junit/jupiter/junit-jupiter-engine/5.12.1/junit-jupiter-engine-5.12.1.jar:/home/runner/.m2/repository/io/quarkus/quarkus-core/3.20.1/quarkus-core-3.20.1.jar:/home/runner/.m2/repository/jakarta/enterprise/jakarta.enterprise.cdi-api/4.1.0/jakarta.enterprise.cdi-api-4.1.0.jar:/home/runner/.m2/repository/jakarta/enterprise/jakarta.enterprise.lang-model/4.1.0/jakarta.enterprise.lang-model-4.1.0.jar:/home/runner/.m2/repository/jakarta/el/jakarta.el-api/5.0.1/jakarta.el-api-5.0.1.jar:/home/runner/.m2/repository/jakarta/interceptor/jakarta.interceptor-api/2.2.0/jakarta.interceptor-api-2.2.0.jar:/home/runner/.m2/repository/jakarta/inject/jakarta.inject-api/2.0.1/jakarta.inject-api-2.0.1.jar:/home/runner/.m2/repository/io/smallrye/common/smallrye-common-os/2.12.0/smallrye-common-os-2.12.0.jar:/home/runner/.m2/repository/io/quarkus/quarkus-ide-launcher/3.20.1/quarkus-ide-launcher-3.20.1.jar:/home/runner/.m2/repository/io/quarkus/quarkus-development-mode-spi/3.20.1/quarkus-development-mode-spi-3.20.1.jar:/home/runner/.m2/repository/org/jboss/logging/jboss-logging/3.6.1.Final/jboss-logging-3.6.1.Final.jar:/home/runner/.m2/repository/org/jboss/logmanager/jboss-logmanager/3.1.2.Final/jboss-logmanager-3.1.2.Final.jar:/home/runner/.m2/repository/io/smallrye/common/smallrye-common-constraint/2.12.0/smallrye-common-constraint-2.12.0.jar:/home/runner/.m2/repository/io/smallrye/common/smallrye-common-cpu/2.12.0/smallrye-common-cpu-2.12.0.jar:/home/runner/.m2/repository/io/smallrye/common/smallrye-common-expression/2.12.0/smallrye-common-expression-2.12.0.jar:/home/runner/.m2/repository/io/smallrye/common/smallrye-common-net/2.12.0/smallrye-common-net-2.12.0.jar:/home/runner/.m2/repository/io/smallrye/common/smallrye-common-ref/2.12.0/smallrye-common-ref-2.12.0.jar:/home/runner/.m2/repository/jakarta/json/jakarta.json-api/2.1.3/jakarta.json-api-2.1.3.jar:/home/runner/.m2/repository/org/eclipse/parsson/parsson/1.1.7/parsson-1.1.7.jar:/home/runner/.m2/repository/org/jboss/logging/jboss-logging-annotations/3.0.4.Final/jboss-logging-annotations-3.0.4.Final.jar:/home/runner/.m2/repository/org/jboss/threads/jboss-threads/3.8.0.Final/jboss-threads-3.8.0.Final.jar:/home/runner/.m2/repository/io/smallrye/common/smallrye-common-annotation/2.12.0/smallrye-common-annotation-2.12.0.jar:/home/runner/.m2/repository/io/smallrye/common/smallrye-common-function/2.12.0/smallrye-common-function-2.12.0.jar:/home/runner/.m2/repository/org/jboss/slf4j/slf4j-jboss-logmanager/2.0.0.Final/slf4j-jboss-logmanager-2.0.0.Final.jar:/home/runner/.m2/repository/org/wildfly/common/wildfly-common/2.0.1/wildfly-common-2.0.1.jar:/home/runner/.m2/repository/io/quarkus/quarkus-bootstrap-runner/3.20.1/quarkus-bootstrap-runner-3.20.1.jar:/home/runner/.m2/repository/io/github/crac/org-crac/0.1.3/org-crac-0.1.3.jar:/home/runner/.m2/repository/io/quarkus/quarkus-fs-util/0.0.10/quarkus-fs-util-0.0.10.jar:/home/runner/.m2/repository/org/jboss/marshalling/jboss-marshalling/2.2.2.Final/jboss-marshalling-2.2.2.Final.jar:/home/runner/.m2/repository/io/fabric8/kubernetes-client/7.1.0/kubernetes-client-7.1.0.jar:/home/runner/.m2/repository/io/fabric8/kubernetes-client-api/7.1.0/kubernetes-client-api-7.1.0.jar:/home/runner/.m2/repository/io/fabric8/kubernetes-model-core/7.1.0/kubernetes-model-core-7.1.0.jar:/home/runner/.m2/repository/io/fabric8/kubernetes-model-common/7.1.0/kubernetes-model-common-7.1.0.jar:/home/runner/.m2/repository/javax/annotation/javax.annotation-api/1.3.2/javax.annotation-api-1.3.2.jar:/home/runner/.m2/repository/io/fabric8/kubernetes-model-gatewayapi/7.1.0/kubernetes-model-gatewayapi-7.1.0.jar:/home/runner/.m2/repository/io/fabric8/kubernetes-model-resource/7.1.0/kubernetes-model-resource-7.1.0.jar:/home/runner/.m2/repository/io/fabric8/kubernetes-model-rbac/7.1.0/kubernetes-model-rbac-7.1.0.jar:/home/runner/.m2/repository/io/fabric8/kubernetes-model-admissionregistration/7.1.0/kubernetes-model-admissionregistration-7.1.0.jar:/home/runner/.m2/repository/io/fabric8/kubernetes-model-apps/7.1.0/kubernetes-model-apps-7.1.0.jar:/home/runner/.m2/repository/io/fabric8/kubernetes-model-autoscaling/7.1.0/kubernetes-model-autoscaling-7.1.0.jar:/home/runner/.m2/repository/io/fabric8/kubernetes-model-apiextensions/7.1.0/kubernetes-model-apiextensions-7.1.0.jar:/home/runner/.m2/repository/io/fabric8/kubernetes-model-batch/7.1.0/kubernetes-model-batch-7.1.0.jar:/home/runner/.m2/repository/io/fabric8/kubernetes-model-certificates/7.1.0/kubernetes-model-certificates-7.1.0.jar:/home/runner/.m2/repository/io/fabric8/kubernetes-model-coordination/7.1.0/kubernetes-model-coordination-7.1.0.jar:/home/runner/.m2/repository/io/fabric8/kubernetes-model-discovery/7.1.0/kubernetes-model-discovery-7.1.0.jar:/home/runner/.m2/repository/io/fabric8/kubernetes-model-events/7.1.0/kubernetes-model-events-7.1.0.jar:/home/runner/.m2/repository/io/fabric8/kubernetes-model-extensions/7.1.0/kubernetes-model-extensions-7.1.0.jar:/home/runner/.m2/repository/io/fabric8/kubernetes-model-flowcontrol/7.1.0/kubernetes-model-flowcontrol-7.1.0.jar:/home/runner/.m2/repository/io/fabric8/kubernetes-model-networking/7.1.0/kubernetes-model-networking-7.1.0.jar:/home/runner/.m2/repository/io/fabric8/kubernetes-model-metrics/7.1.0/kubernetes-model-metrics-7.1.0.jar:/home/runner/.m2/repository/io/fabric8/kubernetes-model-policy/7.1.0/kubernetes-model-policy-7.1.0.jar:/home/runner/.m2/repository/io/fabric8/kubernetes-model-scheduling/7.1.0/kubernetes-model-scheduling-7.1.0.jar:/home/runner/.m2/repository/io/fabric8/kubernetes-model-storageclass/7.1.0/kubernetes-model-storageclass-7.1.0.jar:/home/runner/.m2/repository/io/fabric8/kubernetes-model-node/7.1.0/kubernetes-model-node-7.1.0.jar:/home/runner/.m2/repository/org/snakeyaml/snakeyaml-engine/2.9/snakeyaml-engine-2.9.jar:/home/runner/.m2/repository/com/fasterxml/jackson/dataformat/jackson-dataformat-yaml/2.15.2/jackson-dataformat-yaml-2.15.2.jar:/home/runner/.m2/repository/com/fasterxml/jackson/datatype/jackson-datatype-jsr310/2.18.2/jackson-datatype-jsr310-2.18.2.jar:/home/runner/.m2/repository/io/fabric8/zjsonpatch/7.1.0/zjsonpatch-7.1.0.jar:/home/runner/.m2/repository/io/fabric8/kubernetes-httpclient-vertx/7.1.0/kubernetes-httpclient-vertx-7.1.0.jar:/home/runner/.m2/repository/io/vertx/vertx-web-client/4.5.14/vertx-web-client-4.5.14.jar:/home/runner/.m2/repository/io/vertx/vertx-web-common/4.5.14/vertx-web-common-4.5.14.jar:/home/runner/.m2/repository/io/vertx/vertx-auth-common/4.5.14/vertx-auth-common-4.5.14.jar:/home/runner/.m2/repository/io/vertx/vertx-uri-template/4.5.14/vertx-uri-template-4.5.14.jar:/home/runner/.m2/repository/io/fabric8/openshift-client/7.1.0/openshift-client-7.1.0.jar:/home/runner/.m2/repository/io/fabric8/openshift-client-api/7.1.0/openshift-client-api-7.1.0.jar:/home/runner/.m2/repository/io/fabric8/openshift-model/7.1.0/openshift-model-7.1.0.jar:/home/runner/.m2/repository/io/fabric8/openshift-model-autoscaling/7.1.0/openshift-model-autoscaling-7.1.0.jar:/home/runner/.m2/repository/io/fabric8/openshift-model-operator/7.1.0/openshift-model-operator-7.1.0.jar:/home/runner/.m2/repository/io/fabric8/openshift-model-operatorhub/7.1.0/openshift-model-operatorhub-7.1.0.jar:/home/runner/.m2/repository/io/fabric8/openshift-model-machine/7.1.0/openshift-model-machine-7.1.0.jar:/home/runner/.m2/repository/io/fabric8/openshift-model-whereabouts/7.1.0/openshift-model-whereabouts-7.1.0.jar:/home/runner/.m2/repository/io/fabric8/openshift-model-monitoring/7.1.0/openshift-model-monitoring-7.1.0.jar:/home/runner/.m2/repository/io/fabric8/openshift-model-storageversionmigrator/7.1.0/openshift-model-storageversionmigrator-7.1.0.jar:/home/runner/.m2/repository/io/fabric8/openshift-model-tuned/7.1.0/openshift-model-tuned-7.1.0.jar:/home/runner/.m2/repository/io/fabric8/openshift-model-console/7.1.0/openshift-model-console-7.1.0.jar:/home/runner/.m2/repository/io/fabric8/openshift-model-config/7.1.0/openshift-model-config-7.1.0.jar:/home/runner/.m2/repository/io/fabric8/openshift-model-machineconfiguration/7.1.0/openshift-model-machineconfiguration-7.1.0.jar:/home/runner/.m2/repository/io/fabric8/openshift-model-miscellaneous/7.1.0/openshift-model-miscellaneous-7.1.0.jar:/home/runner/.m2/repository/io/fabric8/openshift-model-hive/7.1.0/openshift-model-hive-7.1.0.jar:/home/runner/.m2/repository/io/fabric8/openshift-model-installer/7.1.0/openshift-model-installer-7.1.0.jar:/home/runner/.m2/repository/org/junit/platform/junit-platform-launcher/1.12.1/junit-platform-launcher-1.12.1.jar:/home/runner/.m2/repository/org/junit/platform/junit-platform-engine/1.12.1/junit-platform-engine-1.12.1.jar:/home/runner/.m2/repository/org/opentest4j/opentest4j/1.3.0/opentest4j-1.3.0.jar:/home/runner/.m2/repository/org/junit/platform/junit-platform-commons/1.12.1/junit-platform-commons-1.12.1.jar:/home/runner/.m2/repository/org/apiguardian/apiguardian-api/1.1.2/apiguardian-api-1.1.2.jar:/home/runner/.m2/repository/jakarta/ws/rs/jakarta.ws.rs-api/3.1.0/jakarta.ws.rs-api-3.1.0.jar:/home/runner/work/apicurio-testing/apicurio-testing/clusters/ci419/namespaces/postgresql/tests/integration/apicurio-registry/java-sdk/target/apicurio-registry-java-sdk-3.0.11-SNAPSHOT.jar:/home/runner/.m2/repository/com/microsoft/kiota/microsoft-kiota-abstractions/1.8.8/microsoft-kiota-abstractions-1.8.8.jar:/home/runner/.m2/repository/io/github/std-uritemplate/std-uritemplate/2.0.0/std-uritemplate-2.0.0.jar:/home/runner/.m2/repository/io/kiota/kiota-http-jdk/0.0.21/kiota-http-jdk-0.0.21.jar:/home/runner/.m2/repository/io/kiota/kiota-http-vertx/0.0.21/kiota-http-vertx-0.0.21.jar:/home/runner/.m2/repository/io/kiota/kiota-serialization-jackson/0.0.21/kiota-serialization-jackson-0.0.21.jar:/home/runner/.m2/repository/com/microsoft/kiota/microsoft-kiota-serialization-text/1.8.8/microsoft-kiota-serialization-text-1.8.8.jar:/home/runner/.m2/repository/com/microsoft/kiota/microsoft-kiota-serialization-form/1.8.8/microsoft-kiota-serialization-form-1.8.8.jar:/home/runner/.m2/repository/com/microsoft/kiota/microsoft-kiota-serialization-multipart/1.8.8/microsoft-kiota-serialization-multipart-1.8.8.jar:/home/runner/.m2/repository/jakarta/annotation/jakarta.annotation-api/3.0.0/jakarta.annotation-api-3.0.0.jar:/home/runner/.m2/repository/io/vertx/vertx-auth-oauth2/4.5.14/vertx-auth-oauth2-4.5.14.jar:/home/runner/work/apicurio-testing/apicurio-testing/clusters/ci419/namespaces/postgresql/tests/integration/apicurio-registry/java-sdk-v2/target/apicurio-registry-v2-java-sdk-3.0.11-SNAPSHOT.jar:/home/runner/work/apicurio-testing/apicurio-testing/clusters/ci419/namespaces/postgresql/tests/integration/apicurio-registry/utils/kafka/target/apicurio-registry-utils-kafka-3.0.11-SNAPSHOT-tests.jar:/home/runner/.m2/repository/org/eclipse/microprofile/config/microprofile-config-api/3.1/microprofile-config-api-3.1.jar:/home/runner/.m2/repository/org/apache/kafka/kafka-clients/3.9.1/kafka-clients-3.9.1.jar:/home/runner/.m2/repository/com/github/luben/zstd-jni/1.5.6-4/zstd-jni-1.5.6-4.jar:/home/runner/.m2/repository/org/lz4/lz4-java/1.8.0/lz4-java-1.8.0.jar:/home/runner/.m2/repository/org/xerial/snappy/snappy-java/1.1.10.5/snappy-java-1.1.10.5.jar:/home/runner/.m2/repository/org/slf4j/slf4j-api/2.0.6/slf4j-api-2.0.6.jar:/home/runner/work/apicurio-testing/apicurio-testing/clusters/ci419/namespaces/postgresql/tests/integration/apicurio-registry/utils/tests/target/apicurio-registry-utils-tests-3.0.11-SNAPSHOT.jar:/home/runner/work/apicurio-testing/apicurio-testing/clusters/ci419/namespaces/postgresql/tests/integration/apicurio-registry/common/target/apicurio-registry-common-3.0.11-SNAPSHOT.jar:/home/runner/.m2/repository/jakarta/validation/jakarta.validation-api/3.0.2/jakarta.validation-api-3.0.2.jar:/home/runner/.m2/repository/com/github/dasniko/testcontainers-keycloak/3.6.0/testcontainers-keycloak-3.6.0.jar:/home/runner/.m2/repository/org/testcontainers/testcontainers/1.20.6/testcontainers-1.20.6.jar:/home/runner/.m2/repository/org/rnorth/duct-tape/duct-tape/1.0.8/duct-tape-1.0.8.jar:/home/runner/.m2/repository/org/jetbrains/annotations/26.0.2/annotations-26.0.2.jar:/home/runner/.m2/repository/com/github/docker-java/docker-java-transport-zerodep/3.4.1/docker-java-transport-zerodep-3.4.1.jar:/home/runner/.m2/repository/com/github/docker-java/docker-java-transport/3.4.1/docker-java-transport-3.4.1.jar:/home/runner/.m2/repository/net/java/dev/jna/jna/5.8.0/jna-5.8.0.jar:/home/runner/.m2/repository/io/quarkus/quarkus-junit4-mock/3.20.1/quarkus-junit4-mock-3.20.1.jar:/home/runner/.m2/repository/org/jboss/shrinkwrap/shrinkwrap-api/2.0.0-beta-2/shrinkwrap-api-2.0.0-beta-2.jar:/home/runner/.m2/repository/org/jboss/shrinkwrap/shrinkwrap-impl-base/2.0.0-beta-2/shrinkwrap-impl-base-2.0.0-beta-2.jar:/home/runner/.m2/repository/org/jboss/shrinkwrap/shrinkwrap-spi/2.0.0-beta-2/shrinkwrap-spi-2.0.0-beta-2.jar:/home/runner/.m2/repository/org/keycloak/keycloak-admin-client/26.0.4/keycloak-admin-client-26.0.4.jar:/home/runner/.m2/repository/org/keycloak/keycloak-client-common-synced/26.0.4/keycloak-client-common-synced-26.0.4.jar:/home/runner/.m2/repository/jakarta/activation/jakarta.activation-api/2.1.3/jakarta.activation-api-2.1.3.jar:/home/runner/.m2/repository/org/eclipse/microprofile/openapi/microprofile-openapi-api/4.0.2/microprofile-openapi-api-4.0.2.jar:/home/runner/.m2/repository/org/jboss/resteasy/resteasy-client/6.2.12.Final/resteasy-client-6.2.12.Final.jar:/home/runner/.m2/repository/org/jboss/resteasy/resteasy-client-api/6.2.12.Final/resteasy-client-api-6.2.12.Final.jar:/home/runner/.m2/repository/org/jboss/resteasy/resteasy-core-spi/6.2.12.Final/resteasy-core-spi-6.2.12.Final.jar:/home/runner/.m2/repository/org/jboss/resteasy/resteasy-core/6.2.12.Final/resteasy-core-6.2.12.Final.jar:/home/runner/.m2/repository/org/eclipse/angus/angus-activation/2.0.2/angus-activation-2.0.2.jar:/home/runner/.m2/repository/com/ibm/async/asyncutil/0.1.0/asyncutil-0.1.0.jar:/home/runner/.m2/repository/org/reactivestreams/reactive-streams/1.0.4/reactive-streams-1.0.4.jar:/home/runner/.m2/repository/org/jboss/resteasy/resteasy-multipart-provider/6.2.12.Final/resteasy-multipart-provider-6.2.12.Final.jar:/home/runner/.m2/repository/jakarta/mail/jakarta.mail-api/2.1.3/jakarta.mail-api-2.1.3.jar:/home/runner/.m2/repository/org/eclipse/angus/angus-mail/2.0.3/angus-mail-2.0.3.jar:/home/runner/.m2/repository/org/apache/james/apache-mime4j-dom/0.8.12/apache-mime4j-dom-0.8.12.jar:/home/runner/.m2/repository/org/apache/james/apache-mime4j-core/0.8.12/apache-mime4j-core-0.8.12.jar:/home/runner/.m2/repository/org/apache/james/apache-mime4j-storage/0.8.12/apache-mime4j-storage-0.8.12.jar:/home/runner/.m2/repository/org/jboss/resteasy/resteasy-jackson2-provider/6.2.12.Final/resteasy-jackson2-provider-6.2.12.Final.jar:/home/runner/.m2/repository/com/fasterxml/jackson/jakarta/rs/jackson-jakarta-rs-base/2.18.2/jackson-jakarta-rs-base-2.18.2.jar:/home/runner/.m2/repository/com/fasterxml/jackson/jakarta/rs/jackson-jakarta-rs-json-provider/2.18.2/jackson-jakarta-rs-json-provider-2.18.2.jar:/home/runner/.m2/repository/com/fasterxml/jackson/module/jackson-module-jakarta-xmlbind-annotations/2.18.2/jackson-module-jakarta-xmlbind-annotations-2.18.2.jar:/home/runner/.m2/repository/com/github/java-json-tools/json-patch/1.13/json-patch-1.13.jar:/home/runner/.m2/repository/com/github/java-json-tools/msg-simple/1.2/msg-simple-1.2.jar:/home/runner/.m2/repository/com/github/java-json-tools/btf/1.3/btf-1.3.jar:/home/runner/.m2/repository/com/github/java-json-tools/jackson-coreutils/2.0/jackson-coreutils-2.0.jar:/home/runner/.m2/repository/org/jboss/resteasy/resteasy-jaxb-provider/6.2.12.Final/resteasy-jaxb-provider-6.2.12.Final.jar:/home/runner/.m2/repository/org/glassfish/jaxb/codemodel/4.0.5/codemodel-4.0.5.jar:/home/runner/.m2/repository/org/glassfish/jaxb/jaxb-core/4.0.5/jaxb-core-4.0.5.jar:/home/runner/.m2/repository/org/glassfish/jaxb/jaxb-jxc/4.0.5/jaxb-jxc-4.0.5.jar:/home/runner/.m2/repository/org/glassfish/jaxb/jaxb-runtime/4.0.5/jaxb-runtime-4.0.5.jar:/home/runner/.m2/repository/org/glassfish/jaxb/txw2/4.0.5/txw2-4.0.5.jar:/home/runner/.m2/repository/org/glassfish/jaxb/jaxb-xjc/4.0.5/jaxb-xjc-4.0.5.jar:/home/runner/.m2/repository/org/glassfish/jaxb/xsom/4.0.5/xsom-4.0.5.jar:/home/runner/.m2/repository/com/sun/istack/istack-commons-runtime/4.1.2/istack-commons-runtime-4.1.2.jar:/home/runner/.m2/repository/com/sun/istack/istack-commons-tools/4.1.2/istack-commons-tools-4.1.2.jar:/home/runner/.m2/repository/com/sun/xml/bind/external/relaxng-datatype/4.0.5/relaxng-datatype-4.0.5.jar:/home/runner/.m2/repository/com/sun/xml/bind/external/rngom/4.0.5/rngom-4.0.5.jar:/home/runner/.m2/repository/org/testcontainers/mssqlserver/1.20.6/mssqlserver-1.20.6.jar:/home/runner/.m2/repository/org/testcontainers/jdbc/1.20.6/jdbc-1.20.6.jar:/home/runner/.m2/repository/org/testcontainers/database-commons/1.20.6/database-commons-1.20.6.jar:/home/runner/.m2/repository/org/testcontainers/mysql/1.20.6/mysql-1.20.6.jar:/home/runner/.m2/repository/io/strimzi/strimzi-test-container/0.107.0/strimzi-test-container-0.107.0.jar:/home/runner/.m2/repository/org/testcontainers/toxiproxy/1.20.6/toxiproxy-1.20.6.jar:/home/runner/.m2/repository/com/github/docker-java/docker-java-api/3.4.1/docker-java-api-3.4.1.jar:/home/runner/.m2/repository/eu/rekawek/toxiproxy/toxiproxy-java/2.1.7/toxiproxy-java-2.1.7.jar:/home/runner/.m2/repository/junit/junit/4.13.2/junit-4.13.2.jar:/home/runner/.m2/repository/org/hamcrest/hamcrest-core/1.3/hamcrest-core-1.3.jar:/home/runner/.m2/repository/org/testcontainers/pulsar/1.20.4/pulsar-1.20.4.jar:/home/runner/.m2/repository/io/debezium/debezium-testing-testcontainers/2.6.2.Final/debezium-testing-testcontainers-2.6.2.Final.jar:/home/runner/.m2/repository/org/testcontainers/kafka/1.20.6/kafka-1.20.6.jar:/home/runner/.m2/repository/com/squareup/okhttp3/okhttp/4.8.1/okhttp-4.8.1.jar:/home/runner/.m2/repository/com/squareup/okio/okio/3.10.2/okio-3.10.2.jar:/home/runner/.m2/repository/com/squareup/okio/okio-jvm/3.10.2/okio-jvm-3.10.2.jar:/home/runner/.m2/repository/org/jetbrains/kotlin/kotlin-stdlib/2.0.21/kotlin-stdlib-2.0.21.jar:/home/runner/.m2/repository/org/awaitility/awaitility/4.2.2/awaitility-4.2.2.jar:/home/runner/.m2/repository/org/testcontainers/mongodb/1.20.6/mongodb-1.20.6.jar:/home/runner/.m2/repository/org/testcontainers/oracle-xe/1.20.6/oracle-xe-1.20.6.jar:/home/runner/.m2/repository/org/testcontainers/postgresql/1.20.6/postgresql-1.20.6.jar:/home/runner/.m2/repository/org/wiremock/wiremock/3.0.1/wiremock-3.0.1.jar:/home/runner/.m2/repository/org/eclipse/jetty/jetty-server/11.0.15/jetty-server-11.0.15.jar:/home/runner/.m2/repository/org/eclipse/jetty/toolchain/jetty-jakarta-servlet-api/5.0.2/jetty-jakarta-servlet-api-5.0.2.jar:/home/runner/.m2/repository/org/eclipse/jetty/jetty-http/11.0.15/jetty-http-11.0.15.jar:/home/runner/.m2/repository/org/eclipse/jetty/jetty-io/11.0.15/jetty-io-11.0.15.jar:/home/runner/.m2/repository/org/eclipse/jetty/jetty-servlet/11.0.15/jetty-servlet-11.0.15.jar:/home/runner/.m2/repository/org/eclipse/jetty/jetty-security/11.0.15/jetty-security-11.0.15.jar:/home/runner/.m2/repository/org/eclipse/jetty/jetty-servlets/11.0.15/jetty-servlets-11.0.15.jar:/home/runner/.m2/repository/org/eclipse/jetty/jetty-util/11.0.15/jetty-util-11.0.15.jar:/home/runner/.m2/repository/org/eclipse/jetty/jetty-webapp/11.0.15/jetty-webapp-11.0.15.jar:/home/runner/.m2/repository/org/eclipse/jetty/jetty-xml/11.0.15/jetty-xml-11.0.15.jar:/home/runner/.m2/repository/org/eclipse/jetty/jetty-proxy/11.0.15/jetty-proxy-11.0.15.jar:/home/runner/.m2/repository/org/eclipse/jetty/jetty-client/11.0.15/jetty-client-11.0.15.jar:/home/runner/.m2/repository/org/eclipse/jetty/http2/http2-server/11.0.15/http2-server-11.0.15.jar:/home/runner/.m2/repository/org/eclipse/jetty/http2/http2-common/11.0.15/http2-common-11.0.15.jar:/home/runner/.m2/repository/org/eclipse/jetty/http2/http2-hpack/11.0.15/http2-hpack-11.0.15.jar:/home/runner/.m2/repository/org/eclipse/jetty/jetty-alpn-server/11.0.15/jetty-alpn-server-11.0.15.jar:/home/runner/.m2/repository/org/eclipse/jetty/jetty-alpn-java-server/11.0.15/jetty-alpn-java-server-11.0.15.jar:/home/runner/.m2/repository/org/eclipse/jetty/jetty-alpn-java-client/11.0.15/jetty-alpn-java-client-11.0.15.jar:/home/runner/.m2/repository/org/eclipse/jetty/jetty-alpn-client/11.0.15/jetty-alpn-client-11.0.15.jar:/home/runner/.m2/repository/org/apache/httpcomponents/client5/httpclient5/5.2.1/httpclient5-5.2.1.jar:/home/runner/.m2/repository/org/apache/httpcomponents/core5/httpcore5/5.2/httpcore5-5.2.jar:/home/runner/.m2/repository/org/apache/httpcomponents/core5/httpcore5-h2/5.2/httpcore5-h2-5.2.jar:/home/runner/.m2/repository/org/xmlunit/xmlunit-core/2.9.1/xmlunit-core-2.9.1.jar:/home/runner/.m2/repository/jakarta/xml/bind/jakarta.xml.bind-api/4.0.2/jakarta.xml.bind-api-4.0.2.jar:/home/runner/.m2/repository/org/xmlunit/xmlunit-legacy/2.9.1/xmlunit-legacy-2.9.1.jar:/home/runner/.m2/repository/org/xmlunit/xmlunit-placeholders/2.9.1/xmlunit-placeholders-2.9.1.jar:/home/runner/.m2/repository/net/javacrumbs/json-unit/json-unit-core/2.38.0/json-unit-core-2.38.0.jar:/home/runner/.m2/repository/com/jayway/jsonpath/json-path/2.8.0/json-path-2.8.0.jar:/home/runner/.m2/repository/net/minidev/json-smart/2.4.10/json-smart-2.4.10.jar:/home/runner/.m2/repository/net/minidev/accessors-smart/2.4.9/accessors-smart-2.4.9.jar:/home/runner/.m2/repository/org/ow2/asm/asm/9.7.1/asm-9.7.1.jar:/home/runner/.m2/repository/net/sf/jopt-simple/jopt-simple/5.0.4/jopt-simple-5.0.4.jar:/home/runner/.m2/repository/com/github/jknack/handlebars/4.3.1/handlebars-4.3.1.jar:/home/runner/.m2/repository/com/github/jknack/handlebars-helpers/4.3.1/handlebars-helpers-4.3.1.jar:/home/runner/.m2/repository/commons-fileupload/commons-fileupload/1.5/commons-fileupload-1.5.jar:/home/runner/.m2/repository/com/networknt/json-schema-validator/1.5.5/json-schema-validator-1.5.5.jar:/home/runner/.m2/repository/com/ethlo/time/itu/1.10.3/itu-1.10.3.jar:/home/runner/.m2/repository/io/quarkus/quarkus-smallrye-jwt-build/3.20.1/quarkus-smallrye-jwt-build-3.20.1.jar:/home/runner/.m2/repository/io/smallrye/smallrye-jwt-build/4.6.1/smallrye-jwt-build-4.6.1.jar:/home/runner/.m2/repository/org/eclipse/microprofile/jwt/microprofile-jwt-auth-api/2.1/microprofile-jwt-auth-api-2.1.jar:/home/runner/.m2/repository/org/bitbucket/b_c/jose4j/0.9.6/jose4j-0.9.6.jar:/home/runner/.m2/repository/io/smallrye/smallrye-jwt-common/4.6.1/smallrye-jwt-common-4.6.1.jar:/home/runner/.m2/repository/io/quarkus/quarkus-jsonp/3.20.1/quarkus-jsonp-3.20.1.jar:/home/runner/.m2/repository/io/quarkus/quarkus-arc/3.20.1/quarkus-arc-3.20.1.jar:/home/runner/.m2/repository/io/quarkus/arc/arc/3.20.1/arc-3.20.1.jar:/home/runner/.m2/repository/jakarta/transaction/jakarta.transaction-api/2.0.1/jakarta.transaction-api-2.0.1.jar:/home/runner/.m2/repository/io/smallrye/reactive/mutiny/2.8.0/mutiny-2.8.0.jar:/home/runner/.m2/repository/org/jctools/jctools-core/4.0.5/jctools-core-4.0.5.jar:/home/runner/.m2/repository/org/eclipse/microprofile/context-propagation/microprofile-context-propagation-api/1.3/microprofile-context-propagation-api-1.3.jar:/home/runner/.m2/repository/io/apicurio/apicurio-common-rest-client-common/0.1.18.Final/apicurio-common-rest-client-common-0.1.18.Final.jar:/home/runner/work/apicurio-testing/apicurio-testing/clusters/ci419/namespaces/postgresql/tests/integration/apicurio-registry/utils/maven-plugin/target/apicurio-registry-maven-plugin-3.0.11-SNAPSHOT.jar:/home/runner/.m2/repository/com/fasterxml/jackson/core/jackson-databind/2.18.2/jackson-databind-2.18.2.jar:/home/runner/.m2/repository/org/apache/avro/avro/1.12.0/avro-1.12.0.jar:/home/runner/.m2/repository/com/google/protobuf/protobuf-java/4.31.1/protobuf-java-4.31.1.jar:/home/runner/.m2/repository/com/google/protobuf/protobuf-java-util/4.31.1/protobuf-java-util-4.31.1.jar:/home/runner/.m2/repository/com/google/code/findbugs/jsr305/3.0.2/jsr305-3.0.2.jar:/home/runner/.m2/repository/com/google/code/gson/gson/2.12.1/gson-2.12.1.jar:/home/runner/.m2/repository/com/google/errorprone/error_prone_annotations/2.36.0/error_prone_annotations-2.36.0.jar:/home/runner/.m2/repository/com/google/j2objc/j2objc-annotations/2.8/j2objc-annotations-2.8.jar:/home/runner/work/apicurio-testing/apicurio-testing/clusters/ci419/namespaces/postgresql/tests/integration/apicurio-registry/schema-util/util-provider/target/apicurio-registry-schema-util-provider-3.0.11-SNAPSHOT.jar:/home/runner/work/apicurio-testing/apicurio-testing/clusters/ci419/namespaces/postgresql/tests/integration/apicurio-registry/schema-util/common/target/apicurio-registry-schema-util-common-3.0.11-SNAPSHOT.jar:/home/runner/.m2/repository/com/fasterxml/jackson/module/jackson-module-parameter-names/2.18.2/jackson-module-parameter-names-2.18.2.jar:/home/runner/.m2/repository/com/fasterxml/jackson/datatype/jackson-datatype-json-org/2.18.2/jackson-datatype-json-org-2.18.2.jar:/home/runner/work/apicurio-testing/apicurio-testing/clusters/ci419/namespaces/postgresql/tests/integration/apicurio-registry/schema-util/json/target/apicurio-registry-schema-util-json-3.0.11-SNAPSHOT.jar:/home/runner/.m2/repository/com/github/erosb/everit-json-schema/1.14.5/everit-json-schema-1.14.5.jar:/home/runner/.m2/repository/commons-validator/commons-validator/1.9.0/commons-validator-1.9.0.jar:/home/runner/.m2/repository/commons-digester/commons-digester/2.1/commons-digester-2.1.jar:/home/runner/.m2/repository/commons-collections/commons-collections/3.2.2/commons-collections-3.2.2.jar:/home/runner/.m2/repository/com/damnhandy/handy-uri-templates/2.1.8/handy-uri-templates-2.1.8.jar:/home/runner/.m2/repository/joda-time/joda-time/2.10.2/joda-time-2.10.2.jar:/home/runner/.m2/repository/com/github/erosb/json-sKema/0.20.0/json-sKema-0.20.0.jar:/home/runner/.m2/repository/io/vertx/vertx-json-schema/4.5.14/vertx-json-schema-4.5.14.jar:/home/runner/work/apicurio-testing/apicurio-testing/clusters/ci419/namespaces/postgresql/tests/integration/apicurio-registry/schema-util/protobuf/target/apicurio-registry-schema-util-protobuf-3.0.11-SNAPSHOT.jar:/home/runner/work/apicurio-testing/apicurio-testing/clusters/ci419/namespaces/postgresql/tests/integration/apicurio-registry/utils/protobuf-schema-utilities/target/apicurio-registry-protobuf-schema-utilities-3.0.11-SNAPSHOT.jar:/home/runner/.m2/repository/com/google/api/grpc/proto-google-common-protos/2.52.0/proto-google-common-protos-2.52.0.jar:/home/runner/.m2/repository/com/squareup/wire/wire-schema-jvm/5.3.3/wire-schema-jvm-5.3.3.jar:/home/runner/.m2/repository/com/palantir/javapoet/javapoet/0.6.0/javapoet-0.6.0.jar:/home/runner/.m2/repository/com/squareup/kotlinpoet-jvm/2.0.0/kotlinpoet-jvm-2.0.0.jar:/home/runner/.m2/repository/org/jetbrains/kotlin/kotlin-reflect/2.0.21/kotlin-reflect-2.0.21.jar:/home/runner/.m2/repository/com/squareup/wire/wire-runtime-jvm/5.3.3/wire-runtime-jvm-5.3.3.jar:/home/runner/.m2/repository/com/ibm/icu/icu4j/76.1/icu4j-76.1.jar:/home/runner/.m2/repository/com/squareup/okio/okio-fakefilesystem/3.10.2/okio-fakefilesystem-3.10.2.jar:/home/runner/.m2/repository/com/squareup/okio/okio-fakefilesystem-jvm/3.10.2/okio-fakefilesystem-jvm-3.10.2.jar:/home/runner/.m2/repository/org/jetbrains/kotlinx/kotlinx-datetime-jvm/0.6.1/kotlinx-datetime-jvm-0.6.1.jar:/home/runner/work/apicurio-testing/apicurio-testing/clusters/ci419/namespaces/postgresql/tests/integration/apicurio-registry/schema-util/asyncapi/target/apicurio-registry-schema-util-asyncapi-3.0.11-SNAPSHOT.jar:/home/runner/work/apicurio-testing/apicurio-testing/clusters/ci419/namespaces/postgresql/tests/integration/apicurio-registry/schema-util/avro/target/apicurio-registry-schema-util-avro-3.0.11-SNAPSHOT.jar:/home/runner/work/apicurio-testing/apicurio-testing/clusters/ci419/namespaces/postgresql/tests/integration/apicurio-registry/schema-util/graphql/target/apicurio-registry-schema-util-graphql-3.0.11-SNAPSHOT.jar:/home/runner/.m2/repository/com/graphql-java/graphql-java/22.3/graphql-java-22.3.jar:/home/runner/.m2/repository/com/graphql-java/java-dataloader/3.3.0/java-dataloader-3.3.0.jar:/home/runner/work/apicurio-testing/apicurio-testing/clusters/ci419/namespaces/postgresql/tests/integration/apicurio-registry/schema-util/kconnect/target/apicurio-registry-schema-util-kconnect-3.0.11-SNAPSHOT.jar:/home/runner/work/apicurio-testing/apicurio-testing/clusters/ci419/namespaces/postgresql/tests/integration/apicurio-registry/schema-util/openapi/target/apicurio-registry-schema-util-openapi-3.0.11-SNAPSHOT.jar:/home/runner/.m2/repository/io/apicurio/apicurio-data-models/2.2.1/apicurio-data-models-2.2.1.jar:/home/runner/.m2/repository/org/openapitools/openapidiff/openapi-diff-core/2.1.2/openapi-diff-core-2.1.2.jar:/home/runner/.m2/repository/io/swagger/parser/v3/swagger-parser/2.1.28/swagger-parser-2.1.28.jar:/home/runner/.m2/repository/io/swagger/parser/v3/swagger-parser-v2-converter/2.1.28/swagger-parser-v2-converter-2.1.28.jar:/home/runner/.m2/repository/io/swagger/swagger-core/1.6.16/swagger-core-1.6.16.jar:/home/runner/.m2/repository/io/swagger/swagger-models/1.6.16/swagger-models-1.6.16.jar:/home/runner/.m2/repository/io/swagger/swagger-annotations/1.6.16/swagger-annotations-1.6.16.jar:/home/runner/.m2/repository/io/swagger/swagger-parser/1.0.75/swagger-parser-1.0.75.jar:/home/runner/.m2/repository/io/swagger/swagger-parser-safe-url-resolver/1.0.75/swagger-parser-safe-url-resolver-1.0.75.jar:/home/runner/.m2/repository/io/swagger/swagger-compat-spec-parser/1.0.75/swagger-compat-spec-parser-1.0.75.jar:/home/runner/.m2/repository/com/github/java-json-tools/json-schema-validator/2.2.14/json-schema-validator-2.2.14.jar:/home/runner/.m2/repository/com/github/java-json-tools/jackson-coreutils-equivalence/1.0/jackson-coreutils-equivalence-1.0.jar:/home/runner/.m2/repository/com/github/java-json-tools/json-schema-core/1.2.14/json-schema-core-1.2.14.jar:/home/runner/.m2/repository/com/github/java-json-tools/uri-template/0.10/uri-template-0.10.jar:/home/runner/.m2/repository/com/googlecode/libphonenumber/libphonenumber/8.11.1/libphonenumber-8.11.1.jar:/home/runner/.m2/repository/com/j2html/j2html/1.6.0/j2html-1.6.0.jar:/home/runner/.m2/repository/org/apache/commons/commons-collections4/4.5.0/commons-collections4-4.5.0.jar:/home/runner/.m2/repository/org/apache/commons/commons-configuration2/2.12.0/commons-configuration2-2.12.0.jar:/home/runner/.m2/repository/org/apache/commons/commons-text/1.13.0/commons-text-1.13.0.jar:/home/runner/.m2/repository/org/slf4j/jcl-over-slf4j/2.0.17/jcl-over-slf4j-2.0.17.jar:/home/runner/.m2/repository/io/swagger/parser/v3/swagger-parser-v3/2.1.30/swagger-parser-v3-2.1.30.jar:/home/runner/.m2/repository/io/swagger/core/v3/swagger-models/2.2.34/swagger-models-2.2.34.jar:/home/runner/.m2/repository/io/swagger/core/v3/swagger-core/2.2.34/swagger-core-2.2.34.jar:/home/runner/.m2/repository/io/swagger/parser/v3/swagger-parser-core/2.1.30/swagger-parser-core-2.1.30.jar:/home/runner/.m2/repository/io/swagger/parser/v3/swagger-parser-safe-url-resolver/2.1.30/swagger-parser-safe-url-resolver-2.1.30.jar:/home/runner/work/apicurio-testing/apicurio-testing/clusters/ci419/namespaces/postgresql/tests/integration/apicurio-registry/schema-util/wsdl/target/apicurio-registry-schema-util-wsdl-3.0.11-SNAPSHOT.jar:/home/runner/.m2/repository/wsdl4j/wsdl4j/1.6.3/wsdl4j-1.6.3.jar:/home/runner/work/apicurio-testing/apicurio-testing/clusters/ci419/namespaces/postgresql/tests/integration/apicurio-registry/schema-util/xml/target/apicurio-registry-schema-util-xml-3.0.11-SNAPSHOT.jar:/home/runner/.m2/repository/org/apache/santuario/xmlsec/4.0.3/xmlsec-4.0.3.jar:/home/runner/.m2/repository/com/fasterxml/woodstox/woodstox-core/7.1.0/woodstox-core-7.1.0.jar:/home/runner/.m2/repository/org/codehaus/woodstox/stax2-api/4.2.2/stax2-api-4.2.2.jar:/home/runner/work/apicurio-testing/apicurio-testing/clusters/ci419/namespaces/postgresql/tests/integration/apicurio-registry/schema-util/xsd/target/apicurio-registry-schema-util-xsd-3.0.11-SNAPSHOT.jar:/home/runner/work/apicurio-testing/apicurio-testing/clusters/ci419/namespaces/postgresql/tests/integration/apicurio-registry/serdes/kafka/jsonschema-serde/target/apicurio-registry-jsonschema-serde-kafka-3.0.11-SNAPSHOT.jar:/home/runner/work/apicurio-testing/apicurio-testing/clusters/ci419/namespaces/postgresql/tests/integration/apicurio-registry/serdes/kafka/serde-kafka-common/target/apicurio-registry-serde-kafka-common-3.0.11-SNAPSHOT.jar:/home/runner/work/apicurio-testing/apicurio-testing/clusters/ci419/namespaces/postgresql/tests/integration/apicurio-registry/serdes/generic/serde-common/target/apicurio-registry-serde-common-3.0.11-SNAPSHOT.jar:/home/runner/work/apicurio-testing/apicurio-testing/clusters/ci419/namespaces/postgresql/tests/integration/apicurio-registry/serdes/generic/serde-common-jsonschema/target/apicurio-registry-serde-common-jsonschema-3.0.11-SNAPSHOT.jar:/home/runner/.m2/repository/org/json/json/20250107/json-20250107.jar:/home/runner/work/apicurio-testing/apicurio-testing/clusters/ci419/namespaces/postgresql/tests/integration/apicurio-registry/serdes/kafka/avro-serde/target/apicurio-registry-avro-serde-kafka-3.0.11-SNAPSHOT.jar:/home/runner/work/apicurio-testing/apicurio-testing/clusters/ci419/namespaces/postgresql/tests/integration/apicurio-registry/serdes/generic/serde-common-avro/target/apicurio-registry-serde-common-avro-3.0.11-SNAPSHOT.jar:/home/runner/work/apicurio-testing/apicurio-testing/clusters/ci419/namespaces/postgresql/tests/integration/apicurio-registry/serdes/kafka/protobuf-serde/target/apicurio-registry-protobuf-serde-kafka-3.0.11-SNAPSHOT.jar:/home/runner/work/apicurio-testing/apicurio-testing/clusters/ci419/namespaces/postgresql/tests/integration/apicurio-registry/serdes/generic/serde-common-protobuf/target/apicurio-registry-serde-common-protobuf-3.0.11-SNAPSHOT.jar:/home/runner/.m2/repository/com/squareup/wire/wire-schema/5.3.3/wire-schema-5.3.3.jar:/home/runner/.m2/repository/com/squareup/wire/wire-runtime/5.3.3/wire-runtime-5.3.3.jar:/home/runner/work/apicurio-testing/apicurio-testing/clusters/ci419/namespaces/postgresql/tests/integration/apicurio-registry/serdes/pulsar/avro-serde/target/apicurio-registry-avro-serde-pulsar-3.0.11-SNAPSHOT.jar:/home/runner/.m2/repository/org/apache/pulsar/pulsar-functions-api/3.3.4/pulsar-functions-api-3.3.4.jar:/home/runner/work/apicurio-testing/apicurio-testing/clusters/ci419/namespaces/postgresql/tests/integration/apicurio-registry/serdes/nats/avro-serde/target/apicurio-registry-avro-serde-nats-3.0.11-SNAPSHOT.jar:/home/runner/.m2/repository/io/nats/jnats/2.20.5/jnats-2.20.5.jar:/home/runner/.m2/repository/net/i2p/crypto/eddsa/0.3.0/eddsa-0.3.0.jar:/home/runner/work/apicurio-testing/apicurio-testing/clusters/ci419/namespaces/postgresql/tests/integration/apicurio-registry/utils/converter/target/apicurio-registry-utils-converter-3.0.11-SNAPSHOT.jar:/home/runner/work/apicurio-testing/apicurio-testing/clusters/ci419/namespaces/postgresql/tests/integration/apicurio-registry/schema-resolver/target/apicurio-registry-schema-resolver-3.0.11-SNAPSHOT.jar:/home/runner/.m2/repository/org/apache/kafka/connect-api/3.9.1/connect-api-3.9.1.jar:/home/runner/.m2/repository/javax/ws/rs/javax.ws.rs-api/2.1.1/javax.ws.rs-api-2.1.1.jar:/home/runner/.m2/repository/org/apache/kafka/connect-json/3.9.1/connect-json-3.9.1.jar:/home/runner/.m2/repository/com/fasterxml/jackson/datatype/jackson-datatype-jdk8/2.18.2/jackson-datatype-jdk8-2.18.2.jar:/home/runner/.m2/repository/com/fasterxml/jackson/module/jackson-module-afterburner/2.18.2/jackson-module-afterburner-2.18.2.jar:/home/runner/work/apicurio-testing/apicurio-testing/clusters/ci419/namespaces/postgresql/tests/integration/apicurio-registry/utils/kafka/target/apicurio-registry-utils-kafka-3.0.11-SNAPSHOT.jar:/home/runner/.m2/repository/org/apache/pulsar/pulsar-client/3.3.4/pulsar-client-3.3.4.jar:/home/runner/.m2/repository/org/apache/pulsar/pulsar-client-api/3.3.4/pulsar-client-api-3.3.4.jar:/home/runner/.m2/repository/org/apache/pulsar/pulsar-client-admin-api/3.3.4/pulsar-client-admin-api-3.3.4.jar:/home/runner/.m2/repository/org/apache/pulsar/bouncy-castle-bc/3.3.4/bouncy-castle-bc-3.3.4-pkg.jar:/home/runner/.m2/repository/org/bouncycastle/bcpkix-jdk18on/1.80/bcpkix-jdk18on-1.80.jar:/home/runner/.m2/repository/org/bouncycastle/bcutil-jdk18on/1.80/bcutil-jdk18on-1.80.jar:/home/runner/.m2/repository/org/bouncycastle/bcprov-jdk18on/1.80/bcprov-jdk18on-1.80.jar:/home/runner/.m2/repository/io/opentelemetry/opentelemetry-api/1.44.1/opentelemetry-api-1.44.1.jar:/home/runner/.m2/repository/io/opentelemetry/opentelemetry-context/1.44.1/opentelemetry-context-1.44.1.jar:/home/runner/.m2/repository/io/opentelemetry/opentelemetry-api-incubator/1.44.1-alpha/opentelemetry-api-incubator-1.44.1-alpha.jar:/home/runner/.m2/repository/com/fasterxml/jackson/core/jackson-annotations/2.18.2/jackson-annotations-2.18.2.jar:/home/runner/.m2/repository/javax/validation/validation-api/1.1.0.Final/validation-api-1.1.0.Final.jar:/home/runner/.m2/repository/io/confluent/kafka-avro-serializer/8.0.0/kafka-avro-serializer-8.0.0.jar:/home/runner/.m2/repository/org/apache/commons/commons-compress/1.27.1/commons-compress-1.27.1.jar:/home/runner/.m2/repository/io/confluent/kafka-schema-serializer/8.0.0/kafka-schema-serializer-8.0.0.jar:/home/runner/.m2/repository/com/fasterxml/jackson/dataformat/jackson-dataformat-csv/2.18.2/jackson-dataformat-csv-2.18.2.jar:/home/runner/.m2/repository/io/confluent/kafka-schema-registry-client/8.0.0/kafka-schema-registry-client-8.0.0.jar:/home/runner/.m2/repository/org/yaml/snakeyaml/2.3/snakeyaml-2.3.jar:/home/runner/.m2/repository/io/swagger/core/v3/swagger-annotations/2.2.29/swagger-annotations-2.2.29.jar:/home/runner/.m2/repository/com/google/guava/guava/33.4.0-jre/guava-33.4.0-jre.jar:/home/runner/.m2/repository/com/google/guava/failureaccess/1.0.1/failureaccess-1.0.1.jar:/home/runner/.m2/repository/org/checkerframework/checker-qual/3.49.0/checker-qual-3.49.0.jar:/home/runner/.m2/repository/io/confluent/logredactor/1.0.13/logredactor-1.0.13.jar:/home/runner/.m2/repository/com/google/re2j/re2j/1.6/re2j-1.6.jar:/home/runner/.m2/repository/io/confluent/logredactor-metrics/1.0.13/logredactor-metrics-1.0.13.jar:/home/runner/.m2/repository/com/eclipsesource/minimal-json/minimal-json/0.9.5/minimal-json-0.9.5.jar:/home/runner/.m2/repository/io/confluent/common-utils/8.0.0/common-utils-8.0.0.jar:/home/runner/.m2/repository/io/confluent/kafka-connect-avro-converter/8.0.0/kafka-connect-avro-converter-8.0.0.jar:/home/runner/.m2/repository/io/confluent/kafka-connect-avro-data/8.0.0/kafka-connect-avro-data-8.0.0.jar:/home/runner/.m2/repository/io/confluent/kafka-schema-converter/8.0.0/kafka-schema-converter-8.0.0.jar:/home/runner/.m2/repository/io/rest-assured/rest-assured/5.5.1/rest-assured-5.5.1.jar:/home/runner/.m2/repository/org/apache/groovy/groovy/4.0.22/groovy-4.0.22.jar:/home/runner/.m2/repository/org/apache/groovy/groovy-xml/4.0.22/groovy-xml-4.0.22.jar:/home/runner/.m2/repository/org/apache/httpcomponents/httpclient/4.5.14/httpclient-4.5.14.jar:/home/runner/.m2/repository/org/apache/httpcomponents/httpcore/4.4.16/httpcore-4.4.16.jar:/home/runner/.m2/repository/org/apache/httpcomponents/httpmime/4.5.14/httpmime-4.5.14.jar:/home/runner/.m2/repository/org/hamcrest/hamcrest/2.2/hamcrest-2.2.jar:/home/runner/.m2/repository/org/ccil/cowan/tagsoup/tagsoup/1.2.1/tagsoup-1.2.1.jar:/home/runner/.m2/repository/io/rest-assured/json-path/5.5.1/json-path-5.5.1.jar:/home/runner/.m2/repository/org/apache/groovy/groovy-json/4.0.22/groovy-json-4.0.22.jar:/home/runner/.m2/repository/io/rest-assured/rest-assured-common/5.5.1/rest-assured-common-5.5.1.jar:/home/runner/.m2/repository/io/rest-assured/xml-path/5.5.1/xml-path-5.5.1.jar:/home/runner/.m2/repository/io/zonky/test/embedded-postgres/2.1.0/embedded-postgres-2.1.0.jar:/home/runner/.m2/repository/io/zonky/test/postgres/embedded-postgres-binaries-windows-amd64/14.15.0/embedded-postgres-binaries-windows-amd64-14.15.0.jar:/home/runner/.m2/repository/io/zonky/test/postgres/embedded-postgres-binaries-darwin-amd64/14.15.0/embedded-postgres-binaries-darwin-amd64-14.15.0.jar:/home/runner/.m2/repository/io/zonky/test/postgres/embedded-postgres-binaries-linux-amd64/14.15.0/embedded-postgres-binaries-linux-amd64-14.15.0.jar:/home/runner/.m2/repository/io/zonky/test/postgres/embedded-postgres-binaries-linux-amd64-alpine/14.15.0/embedded-postgres-binaries-linux-amd64-alpine-14.15.0.jar:/home/runner/.m2/repository/org/apache/commons/commons-lang3/3.17.0/commons-lang3-3.17.0.jar:/home/runner/.m2/repository/org/tukaani/xz/1.10/xz-1.10.jar:/home/runner/.m2/repository/commons-codec/commons-codec/1.18.0/commons-codec-1.18.0.jar:/home/runner/.m2/repository/org/postgresql/postgresql/42.7.5/postgresql-42.7.5.jar:/home/runner/.m2/repository/commons-io/commons-io/2.18.0/commons-io-2.18.0.jar:/home/runner/work/apicurio-testing/apicurio-testing/clusters/ci419/namespaces/postgresql/tests/integration/apicurio-registry/utils/importexport/target/apicurio-registry-utils-import-export-3.0.11-SNAPSHOT.jar:/home/runner/.m2/repository/io/vertx/vertx-core/4.5.14/vertx-core-4.5.14.jar:/home/runner/.m2/repository/io/netty/netty-common/4.1.119.Final/netty-common-4.1.119.Final.jar:/home/runner/.m2/repository/io/netty/netty-buffer/4.1.119.Final/netty-buffer-4.1.119.Final.jar:/home/runner/.m2/repository/io/netty/netty-transport/4.1.119.Final/netty-transport-4.1.119.Final.jar:/home/runner/.m2/repository/io/netty/netty-handler/4.1.119.Final/netty-handler-4.1.119.Final.jar:/home/runner/.m2/repository/io/netty/netty-transport-native-unix-common/4.1.119.Final/netty-transport-native-unix-common-4.1.119.Final.jar:/home/runner/.m2/repository/io/netty/netty-codec/4.1.119.Final/netty-codec-4.1.119.Final.jar:/home/runner/.m2/repository/io/netty/netty-handler-proxy/4.1.119.Final/netty-handler-proxy-4.1.119.Final.jar:/home/runner/.m2/repository/io/netty/netty-codec-socks/4.1.119.Final/netty-codec-socks-4.1.119.Final.jar:/home/runner/.m2/repository/io/netty/netty-codec-http/4.1.119.Final/netty-codec-http-4.1.119.Final.jar:/home/runner/.m2/repository/io/netty/netty-codec-http2/4.1.119.Final/netty-codec-http2-4.1.119.Final.jar:/home/runner/.m2/repository/io/netty/netty-resolver/4.1.119.Final/netty-resolver-4.1.119.Final.jar:/home/runner/.m2/repository/io/netty/netty-resolver-dns/4.1.119.Final/netty-resolver-dns-4.1.119.Final.jar:/home/runner/.m2/repository/io/netty/netty-codec-dns/4.1.119.Final/netty-codec-dns-4.1.119.Final.jar:/home/runner/.m2/repository/com/fasterxml/jackson/core/jackson-core/2.18.2/jackson-core-2.18.2.jar:"/>
    <property name="java.vm.vendor" value="Eclipse Adoptium"/>
    <property name="maven.javadoc.skip" value="true"/>
    <property name="sun.arch.data.model" value="64"/>
    <property name="java.vendor.url" value="https://adoptium.net/"/>
    <property name="user.timezone" value="Etc/UTC"/>
    <property name="os.name" value="Linux"/>
    <property name="java.vm.specification.version" value="17"/>
    <property name="sun.java.launcher" value="SUN_STANDARD"/>
    <property name="quarkus.http.test-port" value="80"/>
    <property name="sun.boot.library.path" value="/usr/lib/jvm/temurin-17-jdk-amd64/lib"/>
    <property name="sun.java.command" value="/home/runner/work/apicurio-testing/apicurio-testing/clusters/ci419/namespaces/postgresql/tests/integration/apicurio-registry/integration-tests/target/surefire/surefirebooter-20250731170047409_3.jar /home/runner/work/apicurio-testing/apicurio-testing/clusters/ci419/namespaces/postgresql/tests/integration/apicurio-registry/integration-tests/target/surefire 2025-07-31T17-00-47_287-jvmRun1 surefire-20250731170047409_1tmp surefire_0-20250731170047409_2tmp"/>
    <property name="maven.home" value="/home/runner/.m2/wrapper/dists/apache-maven-3.9.8-bin/4fnp1ql35bgk2a0p7m31ovbgb0/apache-maven-3.9.8"/>
    <property name="jdk.debug" value="release"/>
    <property name="surefire.test.class.path" value="/home/runner/work/apicurio-testing/apicurio-testing/clusters/ci419/namespaces/postgresql/tests/integration/apicurio-registry/integration-tests/target/test-classes:/home/runner/work/apicurio-testing/apicurio-testing/clusters/ci419/namespaces/postgresql/tests/integration/apicurio-registry/integration-tests/target/apicurio-registry-integration-tests-3.0.11-SNAPSHOT.jar:/home/runner/.m2/repository/io/quarkus/quarkus-junit5/3.20.1/quarkus-junit5-3.20.1.jar:/home/runner/.m2/repository/io/quarkus/quarkus-bootstrap-core/3.20.1/quarkus-bootstrap-core-3.20.1.jar:/home/runner/.m2/repository/io/quarkus/quarkus-classloader-commons/3.20.1/quarkus-classloader-commons-3.20.1.jar:/home/runner/.m2/repository/io/quarkus/quarkus-bootstrap-app-model/3.20.1/quarkus-bootstrap-app-model-3.20.1.jar:/home/runner/.m2/repository/io/smallrye/common/smallrye-common-io/2.12.0/smallrye-common-io-2.12.0.jar:/home/runner/.m2/repository/org/eclipse/sisu/org.eclipse.sisu.inject/0.9.0.M3/org.eclipse.sisu.inject-0.9.0.M3.jar:/home/runner/.m2/repository/io/quarkus/quarkus-test-common/3.20.1/quarkus-test-common-3.20.1.jar:/home/runner/.m2/repository/io/quarkus/quarkus-core-deployment/3.20.1/quarkus-core-deployment-3.20.1.jar:/home/runner/.m2/repository/org/aesh/readline/2.6/readline-2.6.jar:/home/runner/.m2/repository/org/fusesource/jansi/jansi/2.4.0/jansi-2.4.0.jar:/home/runner/.m2/repository/org/aesh/aesh/2.8.2/aesh-2.8.2.jar:/home/runner/.m2/repository/io/quarkus/gizmo/gizmo/1.8.0/gizmo-1.8.0.jar:/home/runner/.m2/repository/org/ow2/asm/asm-util/9.7.1/asm-util-9.7.1.jar:/home/runner/.m2/repository/org/ow2/asm/asm-analysis/9.7.1/asm-analysis-9.7.1.jar:/home/runner/.m2/repository/org/ow2/asm/asm-commons/9.7.1/asm-commons-9.7.1.jar:/home/runner/.m2/repository/org/ow2/asm/asm-tree/9.7.1/asm-tree-9.7.1.jar:/home/runner/.m2/repository/io/quarkus/quarkus-hibernate-validator-spi/3.20.1/quarkus-hibernate-validator-spi-3.20.1.jar:/home/runner/.m2/repository/io/quarkus/quarkus-class-change-agent/3.20.1/quarkus-class-change-agent-3.20.1.jar:/home/runner/.m2/repository/io/quarkus/quarkus-devtools-utilities/3.20.1/quarkus-devtools-utilities-3.20.1.jar:/home/runner/.m2/repository/io/quarkus/quarkus-builder/3.20.1/quarkus-builder-3.20.1.jar:/home/runner/.m2/repository/org/graalvm/sdk/nativeimage/23.1.2/nativeimage-23.1.2.jar:/home/runner/.m2/repository/org/graalvm/sdk/word/23.1.2/word-23.1.2.jar:/home/runner/.m2/repository/io/quarkus/quarkus-bootstrap-maven-resolver/3.20.1/quarkus-bootstrap-maven-resolver-3.20.1.jar:/home/runner/.m2/repository/io/smallrye/beanbag/smallrye-beanbag-maven/1.5.2/smallrye-beanbag-maven-1.5.2.jar:/home/runner/.m2/repository/io/smallrye/beanbag/smallrye-beanbag-sisu/1.5.2/smallrye-beanbag-sisu-1.5.2.jar:/home/runner/.m2/repository/io/smallrye/beanbag/smallrye-beanbag/1.5.2/smallrye-beanbag-1.5.2.jar:/home/runner/.m2/repository/javax/inject/javax.inject/1/javax.inject-1.jar:/home/runner/.m2/repository/org/apache/maven/maven-artifact/3.9.9/maven-artifact-3.9.9.jar:/home/runner/.m2/repository/org/apache/maven/maven-builder-support/3.9.9/maven-builder-support-3.9.9.jar:/home/runner/.m2/repository/org/apache/maven/maven-model/3.9.9/maven-model-3.9.9.jar:/home/runner/.m2/repository/org/apache/maven/maven-model-builder/3.9.9/maven-model-builder-3.9.9.jar:/home/runner/.m2/repository/org/apache/maven/maven-repository-metadata/3.9.9/maven-repository-metadata-3.9.9.jar:/home/runner/.m2/repository/org/apache/maven/maven-settings/3.9.9/maven-settings-3.9.9.jar:/home/runner/.m2/repository/org/apache/maven/resolver/maven-resolver-api/1.9.22/maven-resolver-api-1.9.22.jar:/home/runner/.m2/repository/org/apache/maven/resolver/maven-resolver-impl/1.9.22/maven-resolver-impl-1.9.22.jar:/home/runner/.m2/repository/org/apache/maven/resolver/maven-resolver-named-locks/1.9.22/maven-resolver-named-locks-1.9.22.jar:/home/runner/.m2/repository/org/apache/maven/resolver/maven-resolver-spi/1.9.22/maven-resolver-spi-1.9.22.jar:/home/runner/.m2/repository/org/apache/maven/resolver/maven-resolver-util/1.9.22/maven-resolver-util-1.9.22.jar:/home/runner/.m2/repository/org/apache/maven/resolver/maven-resolver-transport-http/1.9.20/maven-resolver-transport-http-1.9.20.jar:/home/runner/.m2/repository/org/apache/maven/wagon/wagon-provider-api/3.5.3/wagon-provider-api-3.5.3.jar:/home/runner/.m2/repository/org/apache/maven/wagon/wagon-http-shared/3.5.3/wagon-http-shared-3.5.3.jar:/home/runner/.m2/repository/org/codehaus/plexus/plexus-interpolation/1.26/plexus-interpolation-1.26.jar:/home/runner/.m2/repository/org/codehaus/plexus/plexus-utils/3.5.1/plexus-utils-3.5.1.jar:/home/runner/.m2/repository/org/codehaus/plexus/plexus-xml/4.0.1/plexus-xml-4.0.1.jar:/home/runner/.m2/repository/org/apache/maven/maven-xml-impl/4.0.0-alpha-5/maven-xml-impl-4.0.0-alpha-5.jar:/home/runner/.m2/repository/org/apache/maven/maven-api-xml/4.0.0-alpha-5/maven-api-xml-4.0.0-alpha-5.jar:/home/runner/.m2/repository/org/apache/maven/maven-api-meta/4.0.0-alpha-5/maven-api-meta-4.0.0-alpha-5.jar:/home/runner/.m2/repository/org/codehaus/plexus/plexus-cipher/2.0/plexus-cipher-2.0.jar:/home/runner/.m2/repository/org/codehaus/plexus/plexus-sec-dispatcher/2.0/plexus-sec-dispatcher-2.0.jar:/home/runner/.m2/repository/org/apache/maven/maven-embedder/3.9.9/maven-embedder-3.9.9.jar:/home/runner/.m2/repository/org/apache/maven/maven-core/3.9.9/maven-core-3.9.9.jar:/home/runner/.m2/repository/org/codehaus/plexus/plexus-component-annotations/2.1.0/plexus-component-annotations-2.1.0.jar:/home/runner/.m2/repository/org/apache/maven/maven-plugin-api/3.9.9/maven-plugin-api-3.9.9.jar:/home/runner/.m2/repository/org/apache/maven/shared/maven-shared-utils/3.4.2/maven-shared-utils-3.4.2.jar:/home/runner/.m2/repository/com/google/inject/guice/5.1.0/guice-5.1.0.jar:/home/runner/.m2/repository/aopalliance/aopalliance/1.0/aopalliance-1.0.jar:/home/runner/.m2/repository/org/codehaus/plexus/plexus-classworlds/2.6.0/plexus-classworlds-2.6.0.jar:/home/runner/.m2/repository/commons-cli/commons-cli/1.8.0/commons-cli-1.8.0.jar:/home/runner/.m2/repository/org/eclipse/sisu/org.eclipse.sisu.plexus/0.9.0.M3/org.eclipse.sisu.plexus-0.9.0.M3.jar:/home/runner/.m2/repository/org/apache/maven/maven-settings-builder/3.9.9/maven-settings-builder-3.9.9.jar:/home/runner/.m2/repository/org/apache/maven/maven-resolver-provider/3.9.9/maven-resolver-provider-3.9.9.jar:/home/runner/.m2/repository/org/apache/maven/resolver/maven-resolver-connector-basic/1.9.22/maven-resolver-connector-basic-1.9.22.jar:/home/runner/.m2/repository/org/apache/maven/resolver/maven-resolver-transport-wagon/1.9.22/maven-resolver-transport-wagon-1.9.22.jar:/home/runner/.m2/repository/org/apache/maven/wagon/wagon-http/3.5.3/wagon-http-3.5.3.jar:/home/runner/.m2/repository/org/apache/maven/wagon/wagon-file/3.5.3/wagon-file-3.5.3.jar:/home/runner/.m2/repository/io/quarkus/quarkus-bootstrap-gradle-resolver/3.20.1/quarkus-bootstrap-gradle-resolver-3.20.1.jar:/home/runner/.m2/repository/io/smallrye/jandex/3.3.0/jandex-3.3.0.jar:/home/runner/.m2/repository/org/jboss/logging/commons-logging-jboss-logging/1.0.0.Final/commons-logging-jboss-logging-1.0.0.Final.jar:/home/runner/.m2/repository/io/quarkus/quarkus-junit5-config/3.20.1/quarkus-junit5-config-3.20.1.jar:/home/runner/.m2/repository/org/junit/jupiter/junit-jupiter-api/5.12.1/junit-jupiter-api-5.12.1.jar:/home/runner/.m2/repository/io/smallrye/config/smallrye-config/3.11.4/smallrye-config-3.11.4.jar:/home/runner/.m2/repository/io/smallrye/config/smallrye-config-core/3.11.4/smallrye-config-core-3.11.4.jar:/home/runner/.m2/repository/io/smallrye/common/smallrye-common-classloader/2.12.0/smallrye-common-classloader-2.12.0.jar:/home/runner/.m2/repository/io/smallrye/config/smallrye-config-common/3.11.4/smallrye-config-common-3.11.4.jar:/home/runner/.m2/repository/org/junit/jupiter/junit-jupiter/5.12.1/junit-jupiter-5.12.1.jar:/home/runner/.m2/repository/org/junit/jupiter/junit-jupiter-params/5.12.1/junit-jupiter-params-5.12.1.jar:/home/runner/.m2/repository/org/junit/jupiter/junit-jupiter-engine/5.12.1/junit-jupiter-engine-5.12.1.jar:/home/runner/.m2/repository/io/quarkus/quarkus-core/3.20.1/quarkus-core-3.20.1.jar:/home/runner/.m2/repository/jakarta/enterprise/jakarta.enterprise.cdi-api/4.1.0/jakarta.enterprise.cdi-api-4.1.0.jar:/home/runner/.m2/repository/jakarta/enterprise/jakarta.enterprise.lang-model/4.1.0/jakarta.enterprise.lang-model-4.1.0.jar:/home/runner/.m2/repository/jakarta/el/jakarta.el-api/5.0.1/jakarta.el-api-5.0.1.jar:/home/runner/.m2/repository/jakarta/interceptor/jakarta.interceptor-api/2.2.0/jakarta.interceptor-api-2.2.0.jar:/home/runner/.m2/repository/jakarta/inject/jakarta.inject-api/2.0.1/jakarta.inject-api-2.0.1.jar:/home/runner/.m2/repository/io/smallrye/common/smallrye-common-os/2.12.0/smallrye-common-os-2.12.0.jar:/home/runner/.m2/repository/io/quarkus/quarkus-ide-launcher/3.20.1/quarkus-ide-launcher-3.20.1.jar:/home/runner/.m2/repository/io/quarkus/quarkus-development-mode-spi/3.20.1/quarkus-development-mode-spi-3.20.1.jar:/home/runner/.m2/repository/org/jboss/logging/jboss-logging/3.6.1.Final/jboss-logging-3.6.1.Final.jar:/home/runner/.m2/repository/org/jboss/logmanager/jboss-logmanager/3.1.2.Final/jboss-logmanager-3.1.2.Final.jar:/home/runner/.m2/repository/io/smallrye/common/smallrye-common-constraint/2.12.0/smallrye-common-constraint-2.12.0.jar:/home/runner/.m2/repository/io/smallrye/common/smallrye-common-cpu/2.12.0/smallrye-common-cpu-2.12.0.jar:/home/runner/.m2/repository/io/smallrye/common/smallrye-common-expression/2.12.0/smallrye-common-expression-2.12.0.jar:/home/runner/.m2/repository/io/smallrye/common/smallrye-common-net/2.12.0/smallrye-common-net-2.12.0.jar:/home/runner/.m2/repository/io/smallrye/common/smallrye-common-ref/2.12.0/smallrye-common-ref-2.12.0.jar:/home/runner/.m2/repository/jakarta/json/jakarta.json-api/2.1.3/jakarta.json-api-2.1.3.jar:/home/runner/.m2/repository/org/eclipse/parsson/parsson/1.1.7/parsson-1.1.7.jar:/home/runner/.m2/repository/org/jboss/logging/jboss-logging-annotations/3.0.4.Final/jboss-logging-annotations-3.0.4.Final.jar:/home/runner/.m2/repository/org/jboss/threads/jboss-threads/3.8.0.Final/jboss-threads-3.8.0.Final.jar:/home/runner/.m2/repository/io/smallrye/common/smallrye-common-annotation/2.12.0/smallrye-common-annotation-2.12.0.jar:/home/runner/.m2/repository/io/smallrye/common/smallrye-common-function/2.12.0/smallrye-common-function-2.12.0.jar:/home/runner/.m2/repository/org/jboss/slf4j/slf4j-jboss-logmanager/2.0.0.Final/slf4j-jboss-logmanager-2.0.0.Final.jar:/home/runner/.m2/repository/org/wildfly/common/wildfly-common/2.0.1/wildfly-common-2.0.1.jar:/home/runner/.m2/repository/io/quarkus/quarkus-bootstrap-runner/3.20.1/quarkus-bootstrap-runner-3.20.1.jar:/home/runner/.m2/repository/io/github/crac/org-crac/0.1.3/org-crac-0.1.3.jar:/home/runner/.m2/repository/io/quarkus/quarkus-fs-util/0.0.10/quarkus-fs-util-0.0.10.jar:/home/runner/.m2/repository/org/jboss/marshalling/jboss-marshalling/2.2.2.Final/jboss-marshalling-2.2.2.Final.jar:/home/runner/.m2/repository/io/fabric8/kubernetes-client/7.1.0/kubernetes-client-7.1.0.jar:/home/runner/.m2/repository/io/fabric8/kubernetes-client-api/7.1.0/kubernetes-client-api-7.1.0.jar:/home/runner/.m2/repository/io/fabric8/kubernetes-model-core/7.1.0/kubernetes-model-core-7.1.0.jar:/home/runner/.m2/repository/io/fabric8/kubernetes-model-common/7.1.0/kubernetes-model-common-7.1.0.jar:/home/runner/.m2/repository/javax/annotation/javax.annotation-api/1.3.2/javax.annotation-api-1.3.2.jar:/home/runner/.m2/repository/io/fabric8/kubernetes-model-gatewayapi/7.1.0/kubernetes-model-gatewayapi-7.1.0.jar:/home/runner/.m2/repository/io/fabric8/kubernetes-model-resource/7.1.0/kubernetes-model-resource-7.1.0.jar:/home/runner/.m2/repository/io/fabric8/kubernetes-model-rbac/7.1.0/kubernetes-model-rbac-7.1.0.jar:/home/runner/.m2/repository/io/fabric8/kubernetes-model-admissionregistration/7.1.0/kubernetes-model-admissionregistration-7.1.0.jar:/home/runner/.m2/repository/io/fabric8/kubernetes-model-apps/7.1.0/kubernetes-model-apps-7.1.0.jar:/home/runner/.m2/repository/io/fabric8/kubernetes-model-autoscaling/7.1.0/kubernetes-model-autoscaling-7.1.0.jar:/home/runner/.m2/repository/io/fabric8/kubernetes-model-apiextensions/7.1.0/kubernetes-model-apiextensions-7.1.0.jar:/home/runner/.m2/repository/io/fabric8/kubernetes-model-batch/7.1.0/kubernetes-model-batch-7.1.0.jar:/home/runner/.m2/repository/io/fabric8/kubernetes-model-certificates/7.1.0/kubernetes-model-certificates-7.1.0.jar:/home/runner/.m2/repository/io/fabric8/kubernetes-model-coordination/7.1.0/kubernetes-model-coordination-7.1.0.jar:/home/runner/.m2/repository/io/fabric8/kubernetes-model-discovery/7.1.0/kubernetes-model-discovery-7.1.0.jar:/home/runner/.m2/repository/io/fabric8/kubernetes-model-events/7.1.0/kubernetes-model-events-7.1.0.jar:/home/runner/.m2/repository/io/fabric8/kubernetes-model-extensions/7.1.0/kubernetes-model-extensions-7.1.0.jar:/home/runner/.m2/repository/io/fabric8/kubernetes-model-flowcontrol/7.1.0/kubernetes-model-flowcontrol-7.1.0.jar:/home/runner/.m2/repository/io/fabric8/kubernetes-model-networking/7.1.0/kubernetes-model-networking-7.1.0.jar:/home/runner/.m2/repository/io/fabric8/kubernetes-model-metrics/7.1.0/kubernetes-model-metrics-7.1.0.jar:/home/runner/.m2/repository/io/fabric8/kubernetes-model-policy/7.1.0/kubernetes-model-policy-7.1.0.jar:/home/runner/.m2/repository/io/fabric8/kubernetes-model-scheduling/7.1.0/kubernetes-model-scheduling-7.1.0.jar:/home/runner/.m2/repository/io/fabric8/kubernetes-model-storageclass/7.1.0/kubernetes-model-storageclass-7.1.0.jar:/home/runner/.m2/repository/io/fabric8/kubernetes-model-node/7.1.0/kubernetes-model-node-7.1.0.jar:/home/runner/.m2/repository/org/snakeyaml/snakeyaml-engine/2.9/snakeyaml-engine-2.9.jar:/home/runner/.m2/repository/com/fasterxml/jackson/dataformat/jackson-dataformat-yaml/2.15.2/jackson-dataformat-yaml-2.15.2.jar:/home/runner/.m2/repository/com/fasterxml/jackson/datatype/jackson-datatype-jsr310/2.18.2/jackson-datatype-jsr310-2.18.2.jar:/home/runner/.m2/repository/io/fabric8/zjsonpatch/7.1.0/zjsonpatch-7.1.0.jar:/home/runner/.m2/repository/io/fabric8/kubernetes-httpclient-vertx/7.1.0/kubernetes-httpclient-vertx-7.1.0.jar:/home/runner/.m2/repository/io/vertx/vertx-web-client/4.5.14/vertx-web-client-4.5.14.jar:/home/runner/.m2/repository/io/vertx/vertx-web-common/4.5.14/vertx-web-common-4.5.14.jar:/home/runner/.m2/repository/io/vertx/vertx-auth-common/4.5.14/vertx-auth-common-4.5.14.jar:/home/runner/.m2/repository/io/vertx/vertx-uri-template/4.5.14/vertx-uri-template-4.5.14.jar:/home/runner/.m2/repository/io/fabric8/openshift-client/7.1.0/openshift-client-7.1.0.jar:/home/runner/.m2/repository/io/fabric8/openshift-client-api/7.1.0/openshift-client-api-7.1.0.jar:/home/runner/.m2/repository/io/fabric8/openshift-model/7.1.0/openshift-model-7.1.0.jar:/home/runner/.m2/repository/io/fabric8/openshift-model-autoscaling/7.1.0/openshift-model-autoscaling-7.1.0.jar:/home/runner/.m2/repository/io/fabric8/openshift-model-operator/7.1.0/openshift-model-operator-7.1.0.jar:/home/runner/.m2/repository/io/fabric8/openshift-model-operatorhub/7.1.0/openshift-model-operatorhub-7.1.0.jar:/home/runner/.m2/repository/io/fabric8/openshift-model-machine/7.1.0/openshift-model-machine-7.1.0.jar:/home/runner/.m2/repository/io/fabric8/openshift-model-whereabouts/7.1.0/openshift-model-whereabouts-7.1.0.jar:/home/runner/.m2/repository/io/fabric8/openshift-model-monitoring/7.1.0/openshift-model-monitoring-7.1.0.jar:/home/runner/.m2/repository/io/fabric8/openshift-model-storageversionmigrator/7.1.0/openshift-model-storageversionmigrator-7.1.0.jar:/home/runner/.m2/repository/io/fabric8/openshift-model-tuned/7.1.0/openshift-model-tuned-7.1.0.jar:/home/runner/.m2/repository/io/fabric8/openshift-model-console/7.1.0/openshift-model-console-7.1.0.jar:/home/runner/.m2/repository/io/fabric8/openshift-model-config/7.1.0/openshift-model-config-7.1.0.jar:/home/runner/.m2/repository/io/fabric8/openshift-model-machineconfiguration/7.1.0/openshift-model-machineconfiguration-7.1.0.jar:/home/runner/.m2/repository/io/fabric8/openshift-model-miscellaneous/7.1.0/openshift-model-miscellaneous-7.1.0.jar:/home/runner/.m2/repository/io/fabric8/openshift-model-hive/7.1.0/openshift-model-hive-7.1.0.jar:/home/runner/.m2/repository/io/fabric8/openshift-model-installer/7.1.0/openshift-model-installer-7.1.0.jar:/home/runner/.m2/repository/org/junit/platform/junit-platform-launcher/1.12.1/junit-platform-launcher-1.12.1.jar:/home/runner/.m2/repository/org/junit/platform/junit-platform-engine/1.12.1/junit-platform-engine-1.12.1.jar:/home/runner/.m2/repository/org/opentest4j/opentest4j/1.3.0/opentest4j-1.3.0.jar:/home/runner/.m2/repository/org/junit/platform/junit-platform-commons/1.12.1/junit-platform-commons-1.12.1.jar:/home/runner/.m2/repository/org/apiguardian/apiguardian-api/1.1.2/apiguardian-api-1.1.2.jar:/home/runner/.m2/repository/jakarta/ws/rs/jakarta.ws.rs-api/3.1.0/jakarta.ws.rs-api-3.1.0.jar:/home/runner/work/apicurio-testing/apicurio-testing/clusters/ci419/namespaces/postgresql/tests/integration/apicurio-registry/java-sdk/target/apicurio-registry-java-sdk-3.0.11-SNAPSHOT.jar:/home/runner/.m2/repository/com/microsoft/kiota/microsoft-kiota-abstractions/1.8.8/microsoft-kiota-abstractions-1.8.8.jar:/home/runner/.m2/repository/io/github/std-uritemplate/std-uritemplate/2.0.0/std-uritemplate-2.0.0.jar:/home/runner/.m2/repository/io/kiota/kiota-http-jdk/0.0.21/kiota-http-jdk-0.0.21.jar:/home/runner/.m2/repository/io/kiota/kiota-http-vertx/0.0.21/kiota-http-vertx-0.0.21.jar:/home/runner/.m2/repository/io/kiota/kiota-serialization-jackson/0.0.21/kiota-serialization-jackson-0.0.21.jar:/home/runner/.m2/repository/com/microsoft/kiota/microsoft-kiota-serialization-text/1.8.8/microsoft-kiota-serialization-text-1.8.8.jar:/home/runner/.m2/repository/com/microsoft/kiota/microsoft-kiota-serialization-form/1.8.8/microsoft-kiota-serialization-form-1.8.8.jar:/home/runner/.m2/repository/com/microsoft/kiota/microsoft-kiota-serialization-multipart/1.8.8/microsoft-kiota-serialization-multipart-1.8.8.jar:/home/runner/.m2/repository/jakarta/annotation/jakarta.annotation-api/3.0.0/jakarta.annotation-api-3.0.0.jar:/home/runner/.m2/repository/io/vertx/vertx-auth-oauth2/4.5.14/vertx-auth-oauth2-4.5.14.jar:/home/runner/work/apicurio-testing/apicurio-testing/clusters/ci419/namespaces/postgresql/tests/integration/apicurio-registry/java-sdk-v2/target/apicurio-registry-v2-java-sdk-3.0.11-SNAPSHOT.jar:/home/runner/work/apicurio-testing/apicurio-testing/clusters/ci419/namespaces/postgresql/tests/integration/apicurio-registry/utils/kafka/target/apicurio-registry-utils-kafka-3.0.11-SNAPSHOT-tests.jar:/home/runner/.m2/repository/org/eclipse/microprofile/config/microprofile-config-api/3.1/microprofile-config-api-3.1.jar:/home/runner/.m2/repository/org/apache/kafka/kafka-clients/3.9.1/kafka-clients-3.9.1.jar:/home/runner/.m2/repository/com/github/luben/zstd-jni/1.5.6-4/zstd-jni-1.5.6-4.jar:/home/runner/.m2/repository/org/lz4/lz4-java/1.8.0/lz4-java-1.8.0.jar:/home/runner/.m2/repository/org/xerial/snappy/snappy-java/1.1.10.5/snappy-java-1.1.10.5.jar:/home/runner/.m2/repository/org/slf4j/slf4j-api/2.0.6/slf4j-api-2.0.6.jar:/home/runner/work/apicurio-testing/apicurio-testing/clusters/ci419/namespaces/postgresql/tests/integration/apicurio-registry/utils/tests/target/apicurio-registry-utils-tests-3.0.11-SNAPSHOT.jar:/home/runner/work/apicurio-testing/apicurio-testing/clusters/ci419/namespaces/postgresql/tests/integration/apicurio-registry/common/target/apicurio-registry-common-3.0.11-SNAPSHOT.jar:/home/runner/.m2/repository/jakarta/validation/jakarta.validation-api/3.0.2/jakarta.validation-api-3.0.2.jar:/home/runner/.m2/repository/com/github/dasniko/testcontainers-keycloak/3.6.0/testcontainers-keycloak-3.6.0.jar:/home/runner/.m2/repository/org/testcontainers/testcontainers/1.20.6/testcontainers-1.20.6.jar:/home/runner/.m2/repository/org/rnorth/duct-tape/duct-tape/1.0.8/duct-tape-1.0.8.jar:/home/runner/.m2/repository/org/jetbrains/annotations/26.0.2/annotations-26.0.2.jar:/home/runner/.m2/repository/com/github/docker-java/docker-java-transport-zerodep/3.4.1/docker-java-transport-zerodep-3.4.1.jar:/home/runner/.m2/repository/com/github/docker-java/docker-java-transport/3.4.1/docker-java-transport-3.4.1.jar:/home/runner/.m2/repository/net/java/dev/jna/jna/5.8.0/jna-5.8.0.jar:/home/runner/.m2/repository/io/quarkus/quarkus-junit4-mock/3.20.1/quarkus-junit4-mock-3.20.1.jar:/home/runner/.m2/repository/org/jboss/shrinkwrap/shrinkwrap-api/2.0.0-beta-2/shrinkwrap-api-2.0.0-beta-2.jar:/home/runner/.m2/repository/org/jboss/shrinkwrap/shrinkwrap-impl-base/2.0.0-beta-2/shrinkwrap-impl-base-2.0.0-beta-2.jar:/home/runner/.m2/repository/org/jboss/shrinkwrap/shrinkwrap-spi/2.0.0-beta-2/shrinkwrap-spi-2.0.0-beta-2.jar:/home/runner/.m2/repository/org/keycloak/keycloak-admin-client/26.0.4/keycloak-admin-client-26.0.4.jar:/home/runner/.m2/repository/org/keycloak/keycloak-client-common-synced/26.0.4/keycloak-client-common-synced-26.0.4.jar:/home/runner/.m2/repository/jakarta/activation/jakarta.activation-api/2.1.3/jakarta.activation-api-2.1.3.jar:/home/runner/.m2/repository/org/eclipse/microprofile/openapi/microprofile-openapi-api/4.0.2/microprofile-openapi-api-4.0.2.jar:/home/runner/.m2/repository/org/jboss/resteasy/resteasy-client/6.2.12.Final/resteasy-client-6.2.12.Final.jar:/home/runner/.m2/repository/org/jboss/resteasy/resteasy-client-api/6.2.12.Final/resteasy-client-api-6.2.12.Final.jar:/home/runner/.m2/repository/org/jboss/resteasy/resteasy-core-spi/6.2.12.Final/resteasy-core-spi-6.2.12.Final.jar:/home/runner/.m2/repository/org/jboss/resteasy/resteasy-core/6.2.12.Final/resteasy-core-6.2.12.Final.jar:/home/runner/.m2/repository/org/eclipse/angus/angus-activation/2.0.2/angus-activation-2.0.2.jar:/home/runner/.m2/repository/com/ibm/async/asyncutil/0.1.0/asyncutil-0.1.0.jar:/home/runner/.m2/repository/org/reactivestreams/reactive-streams/1.0.4/reactive-streams-1.0.4.jar:/home/runner/.m2/repository/org/jboss/resteasy/resteasy-multipart-provider/6.2.12.Final/resteasy-multipart-provider-6.2.12.Final.jar:/home/runner/.m2/repository/jakarta/mail/jakarta.mail-api/2.1.3/jakarta.mail-api-2.1.3.jar:/home/runner/.m2/repository/org/eclipse/angus/angus-mail/2.0.3/angus-mail-2.0.3.jar:/home/runner/.m2/repository/org/apache/james/apache-mime4j-dom/0.8.12/apache-mime4j-dom-0.8.12.jar:/home/runner/.m2/repository/org/apache/james/apache-mime4j-core/0.8.12/apache-mime4j-core-0.8.12.jar:/home/runner/.m2/repository/org/apache/james/apache-mime4j-storage/0.8.12/apache-mime4j-storage-0.8.12.jar:/home/runner/.m2/repository/org/jboss/resteasy/resteasy-jackson2-provider/6.2.12.Final/resteasy-jackson2-provider-6.2.12.Final.jar:/home/runner/.m2/repository/com/fasterxml/jackson/jakarta/rs/jackson-jakarta-rs-base/2.18.2/jackson-jakarta-rs-base-2.18.2.jar:/home/runner/.m2/repository/com/fasterxml/jackson/jakarta/rs/jackson-jakarta-rs-json-provider/2.18.2/jackson-jakarta-rs-json-provider-2.18.2.jar:/home/runner/.m2/repository/com/fasterxml/jackson/module/jackson-module-jakarta-xmlbind-annotations/2.18.2/jackson-module-jakarta-xmlbind-annotations-2.18.2.jar:/home/runner/.m2/repository/com/github/java-json-tools/json-patch/1.13/json-patch-1.13.jar:/home/runner/.m2/repository/com/github/java-json-tools/msg-simple/1.2/msg-simple-1.2.jar:/home/runner/.m2/repository/com/github/java-json-tools/btf/1.3/btf-1.3.jar:/home/runner/.m2/repository/com/github/java-json-tools/jackson-coreutils/2.0/jackson-coreutils-2.0.jar:/home/runner/.m2/repository/org/jboss/resteasy/resteasy-jaxb-provider/6.2.12.Final/resteasy-jaxb-provider-6.2.12.Final.jar:/home/runner/.m2/repository/org/glassfish/jaxb/codemodel/4.0.5/codemodel-4.0.5.jar:/home/runner/.m2/repository/org/glassfish/jaxb/jaxb-core/4.0.5/jaxb-core-4.0.5.jar:/home/runner/.m2/repository/org/glassfish/jaxb/jaxb-jxc/4.0.5/jaxb-jxc-4.0.5.jar:/home/runner/.m2/repository/org/glassfish/jaxb/jaxb-runtime/4.0.5/jaxb-runtime-4.0.5.jar:/home/runner/.m2/repository/org/glassfish/jaxb/txw2/4.0.5/txw2-4.0.5.jar:/home/runner/.m2/repository/org/glassfish/jaxb/jaxb-xjc/4.0.5/jaxb-xjc-4.0.5.jar:/home/runner/.m2/repository/org/glassfish/jaxb/xsom/4.0.5/xsom-4.0.5.jar:/home/runner/.m2/repository/com/sun/istack/istack-commons-runtime/4.1.2/istack-commons-runtime-4.1.2.jar:/home/runner/.m2/repository/com/sun/istack/istack-commons-tools/4.1.2/istack-commons-tools-4.1.2.jar:/home/runner/.m2/repository/com/sun/xml/bind/external/relaxng-datatype/4.0.5/relaxng-datatype-4.0.5.jar:/home/runner/.m2/repository/com/sun/xml/bind/external/rngom/4.0.5/rngom-4.0.5.jar:/home/runner/.m2/repository/org/testcontainers/mssqlserver/1.20.6/mssqlserver-1.20.6.jar:/home/runner/.m2/repository/org/testcontainers/jdbc/1.20.6/jdbc-1.20.6.jar:/home/runner/.m2/repository/org/testcontainers/database-commons/1.20.6/database-commons-1.20.6.jar:/home/runner/.m2/repository/org/testcontainers/mysql/1.20.6/mysql-1.20.6.jar:/home/runner/.m2/repository/io/strimzi/strimzi-test-container/0.107.0/strimzi-test-container-0.107.0.jar:/home/runner/.m2/repository/org/testcontainers/toxiproxy/1.20.6/toxiproxy-1.20.6.jar:/home/runner/.m2/repository/com/github/docker-java/docker-java-api/3.4.1/docker-java-api-3.4.1.jar:/home/runner/.m2/repository/eu/rekawek/toxiproxy/toxiproxy-java/2.1.7/toxiproxy-java-2.1.7.jar:/home/runner/.m2/repository/junit/junit/4.13.2/junit-4.13.2.jar:/home/runner/.m2/repository/org/hamcrest/hamcrest-core/1.3/hamcrest-core-1.3.jar:/home/runner/.m2/repository/org/testcontainers/pulsar/1.20.4/pulsar-1.20.4.jar:/home/runner/.m2/repository/io/debezium/debezium-testing-testcontainers/2.6.2.Final/debezium-testing-testcontainers-2.6.2.Final.jar:/home/runner/.m2/repository/org/testcontainers/kafka/1.20.6/kafka-1.20.6.jar:/home/runner/.m2/repository/com/squareup/okhttp3/okhttp/4.8.1/okhttp-4.8.1.jar:/home/runner/.m2/repository/com/squareup/okio/okio/3.10.2/okio-3.10.2.jar:/home/runner/.m2/repository/com/squareup/okio/okio-jvm/3.10.2/okio-jvm-3.10.2.jar:/home/runner/.m2/repository/org/jetbrains/kotlin/kotlin-stdlib/2.0.21/kotlin-stdlib-2.0.21.jar:/home/runner/.m2/repository/org/awaitility/awaitility/4.2.2/awaitility-4.2.2.jar:/home/runner/.m2/repository/org/testcontainers/mongodb/1.20.6/mongodb-1.20.6.jar:/home/runner/.m2/repository/org/testcontainers/oracle-xe/1.20.6/oracle-xe-1.20.6.jar:/home/runner/.m2/repository/org/testcontainers/postgresql/1.20.6/postgresql-1.20.6.jar:/home/runner/.m2/repository/org/wiremock/wiremock/3.0.1/wiremock-3.0.1.jar:/home/runner/.m2/repository/org/eclipse/jetty/jetty-server/11.0.15/jetty-server-11.0.15.jar:/home/runner/.m2/repository/org/eclipse/jetty/toolchain/jetty-jakarta-servlet-api/5.0.2/jetty-jakarta-servlet-api-5.0.2.jar:/home/runner/.m2/repository/org/eclipse/jetty/jetty-http/11.0.15/jetty-http-11.0.15.jar:/home/runner/.m2/repository/org/eclipse/jetty/jetty-io/11.0.15/jetty-io-11.0.15.jar:/home/runner/.m2/repository/org/eclipse/jetty/jetty-servlet/11.0.15/jetty-servlet-11.0.15.jar:/home/runner/.m2/repository/org/eclipse/jetty/jetty-security/11.0.15/jetty-security-11.0.15.jar:/home/runner/.m2/repository/org/eclipse/jetty/jetty-servlets/11.0.15/jetty-servlets-11.0.15.jar:/home/runner/.m2/repository/org/eclipse/jetty/jetty-util/11.0.15/jetty-util-11.0.15.jar:/home/runner/.m2/repository/org/eclipse/jetty/jetty-webapp/11.0.15/jetty-webapp-11.0.15.jar:/home/runner/.m2/repository/org/eclipse/jetty/jetty-xml/11.0.15/jetty-xml-11.0.15.jar:/home/runner/.m2/repository/org/eclipse/jetty/jetty-proxy/11.0.15/jetty-proxy-11.0.15.jar:/home/runner/.m2/repository/org/eclipse/jetty/jetty-client/11.0.15/jetty-client-11.0.15.jar:/home/runner/.m2/repository/org/eclipse/jetty/http2/http2-server/11.0.15/http2-server-11.0.15.jar:/home/runner/.m2/repository/org/eclipse/jetty/http2/http2-common/11.0.15/http2-common-11.0.15.jar:/home/runner/.m2/repository/org/eclipse/jetty/http2/http2-hpack/11.0.15/http2-hpack-11.0.15.jar:/home/runner/.m2/repository/org/eclipse/jetty/jetty-alpn-server/11.0.15/jetty-alpn-server-11.0.15.jar:/home/runner/.m2/repository/org/eclipse/jetty/jetty-alpn-java-server/11.0.15/jetty-alpn-java-server-11.0.15.jar:/home/runner/.m2/repository/org/eclipse/jetty/jetty-alpn-java-client/11.0.15/jetty-alpn-java-client-11.0.15.jar:/home/runner/.m2/repository/org/eclipse/jetty/jetty-alpn-client/11.0.15/jetty-alpn-client-11.0.15.jar:/home/runner/.m2/repository/org/apache/httpcomponents/client5/httpclient5/5.2.1/httpclient5-5.2.1.jar:/home/runner/.m2/repository/org/apache/httpcomponents/core5/httpcore5/5.2/httpcore5-5.2.jar:/home/runner/.m2/repository/org/apache/httpcomponents/core5/httpcore5-h2/5.2/httpcore5-h2-5.2.jar:/home/runner/.m2/repository/org/xmlunit/xmlunit-core/2.9.1/xmlunit-core-2.9.1.jar:/home/runner/.m2/repository/jakarta/xml/bind/jakarta.xml.bind-api/4.0.2/jakarta.xml.bind-api-4.0.2.jar:/home/runner/.m2/repository/org/xmlunit/xmlunit-legacy/2.9.1/xmlunit-legacy-2.9.1.jar:/home/runner/.m2/repository/org/xmlunit/xmlunit-placeholders/2.9.1/xmlunit-placeholders-2.9.1.jar:/home/runner/.m2/repository/net/javacrumbs/json-unit/json-unit-core/2.38.0/json-unit-core-2.38.0.jar:/home/runner/.m2/repository/com/jayway/jsonpath/json-path/2.8.0/json-path-2.8.0.jar:/home/runner/.m2/repository/net/minidev/json-smart/2.4.10/json-smart-2.4.10.jar:/home/runner/.m2/repository/net/minidev/accessors-smart/2.4.9/accessors-smart-2.4.9.jar:/home/runner/.m2/repository/org/ow2/asm/asm/9.7.1/asm-9.7.1.jar:/home/runner/.m2/repository/net/sf/jopt-simple/jopt-simple/5.0.4/jopt-simple-5.0.4.jar:/home/runner/.m2/repository/com/github/jknack/handlebars/4.3.1/handlebars-4.3.1.jar:/home/runner/.m2/repository/com/github/jknack/handlebars-helpers/4.3.1/handlebars-helpers-4.3.1.jar:/home/runner/.m2/repository/commons-fileupload/commons-fileupload/1.5/commons-fileupload-1.5.jar:/home/runner/.m2/repository/com/networknt/json-schema-validator/1.5.5/json-schema-validator-1.5.5.jar:/home/runner/.m2/repository/com/ethlo/time/itu/1.10.3/itu-1.10.3.jar:/home/runner/.m2/repository/io/quarkus/quarkus-smallrye-jwt-build/3.20.1/quarkus-smallrye-jwt-build-3.20.1.jar:/home/runner/.m2/repository/io/smallrye/smallrye-jwt-build/4.6.1/smallrye-jwt-build-4.6.1.jar:/home/runner/.m2/repository/org/eclipse/microprofile/jwt/microprofile-jwt-auth-api/2.1/microprofile-jwt-auth-api-2.1.jar:/home/runner/.m2/repository/org/bitbucket/b_c/jose4j/0.9.6/jose4j-0.9.6.jar:/home/runner/.m2/repository/io/smallrye/smallrye-jwt-common/4.6.1/smallrye-jwt-common-4.6.1.jar:/home/runner/.m2/repository/io/quarkus/quarkus-jsonp/3.20.1/quarkus-jsonp-3.20.1.jar:/home/runner/.m2/repository/io/quarkus/quarkus-arc/3.20.1/quarkus-arc-3.20.1.jar:/home/runner/.m2/repository/io/quarkus/arc/arc/3.20.1/arc-3.20.1.jar:/home/runner/.m2/repository/jakarta/transaction/jakarta.transaction-api/2.0.1/jakarta.transaction-api-2.0.1.jar:/home/runner/.m2/repository/io/smallrye/reactive/mutiny/2.8.0/mutiny-2.8.0.jar:/home/runner/.m2/repository/org/jctools/jctools-core/4.0.5/jctools-core-4.0.5.jar:/home/runner/.m2/repository/org/eclipse/microprofile/context-propagation/microprofile-context-propagation-api/1.3/microprofile-context-propagation-api-1.3.jar:/home/runner/.m2/repository/io/apicurio/apicurio-common-rest-client-common/0.1.18.Final/apicurio-common-rest-client-common-0.1.18.Final.jar:/home/runner/work/apicurio-testing/apicurio-testing/clusters/ci419/namespaces/postgresql/tests/integration/apicurio-registry/utils/maven-plugin/target/apicurio-registry-maven-plugin-3.0.11-SNAPSHOT.jar:/home/runner/.m2/repository/com/fasterxml/jackson/core/jackson-databind/2.18.2/jackson-databind-2.18.2.jar:/home/runner/.m2/repository/org/apache/avro/avro/1.12.0/avro-1.12.0.jar:/home/runner/.m2/repository/com/google/protobuf/protobuf-java/4.31.1/protobuf-java-4.31.1.jar:/home/runner/.m2/repository/com/google/protobuf/protobuf-java-util/4.31.1/protobuf-java-util-4.31.1.jar:/home/runner/.m2/repository/com/google/code/findbugs/jsr305/3.0.2/jsr305-3.0.2.jar:/home/runner/.m2/repository/com/google/code/gson/gson/2.12.1/gson-2.12.1.jar:/home/runner/.m2/repository/com/google/errorprone/error_prone_annotations/2.36.0/error_prone_annotations-2.36.0.jar:/home/runner/.m2/repository/com/google/j2objc/j2objc-annotations/2.8/j2objc-annotations-2.8.jar:/home/runner/work/apicurio-testing/apicurio-testing/clusters/ci419/namespaces/postgresql/tests/integration/apicurio-registry/schema-util/util-provider/target/apicurio-registry-schema-util-provider-3.0.11-SNAPSHOT.jar:/home/runner/work/apicurio-testing/apicurio-testing/clusters/ci419/namespaces/postgresql/tests/integration/apicurio-registry/schema-util/common/target/apicurio-registry-schema-util-common-3.0.11-SNAPSHOT.jar:/home/runner/.m2/repository/com/fasterxml/jackson/module/jackson-module-parameter-names/2.18.2/jackson-module-parameter-names-2.18.2.jar:/home/runner/.m2/repository/com/fasterxml/jackson/datatype/jackson-datatype-json-org/2.18.2/jackson-datatype-json-org-2.18.2.jar:/home/runner/work/apicurio-testing/apicurio-testing/clusters/ci419/namespaces/postgresql/tests/integration/apicurio-registry/schema-util/json/target/apicurio-registry-schema-util-json-3.0.11-SNAPSHOT.jar:/home/runner/.m2/repository/com/github/erosb/everit-json-schema/1.14.5/everit-json-schema-1.14.5.jar:/home/runner/.m2/repository/commons-validator/commons-validator/1.9.0/commons-validator-1.9.0.jar:/home/runner/.m2/repository/commons-digester/commons-digester/2.1/commons-digester-2.1.jar:/home/runner/.m2/repository/commons-collections/commons-collections/3.2.2/commons-collections-3.2.2.jar:/home/runner/.m2/repository/com/damnhandy/handy-uri-templates/2.1.8/handy-uri-templates-2.1.8.jar:/home/runner/.m2/repository/joda-time/joda-time/2.10.2/joda-time-2.10.2.jar:/home/runner/.m2/repository/com/github/erosb/json-sKema/0.20.0/json-sKema-0.20.0.jar:/home/runner/.m2/repository/io/vertx/vertx-json-schema/4.5.14/vertx-json-schema-4.5.14.jar:/home/runner/work/apicurio-testing/apicurio-testing/clusters/ci419/namespaces/postgresql/tests/integration/apicurio-registry/schema-util/protobuf/target/apicurio-registry-schema-util-protobuf-3.0.11-SNAPSHOT.jar:/home/runner/work/apicurio-testing/apicurio-testing/clusters/ci419/namespaces/postgresql/tests/integration/apicurio-registry/utils/protobuf-schema-utilities/target/apicurio-registry-protobuf-schema-utilities-3.0.11-SNAPSHOT.jar:/home/runner/.m2/repository/com/google/api/grpc/proto-google-common-protos/2.52.0/proto-google-common-protos-2.52.0.jar:/home/runner/.m2/repository/com/squareup/wire/wire-schema-jvm/5.3.3/wire-schema-jvm-5.3.3.jar:/home/runner/.m2/repository/com/palantir/javapoet/javapoet/0.6.0/javapoet-0.6.0.jar:/home/runner/.m2/repository/com/squareup/kotlinpoet-jvm/2.0.0/kotlinpoet-jvm-2.0.0.jar:/home/runner/.m2/repository/org/jetbrains/kotlin/kotlin-reflect/2.0.21/kotlin-reflect-2.0.21.jar:/home/runner/.m2/repository/com/squareup/wire/wire-runtime-jvm/5.3.3/wire-runtime-jvm-5.3.3.jar:/home/runner/.m2/repository/com/ibm/icu/icu4j/76.1/icu4j-76.1.jar:/home/runner/.m2/repository/com/squareup/okio/okio-fakefilesystem/3.10.2/okio-fakefilesystem-3.10.2.jar:/home/runner/.m2/repository/com/squareup/okio/okio-fakefilesystem-jvm/3.10.2/okio-fakefilesystem-jvm-3.10.2.jar:/home/runner/.m2/repository/org/jetbrains/kotlinx/kotlinx-datetime-jvm/0.6.1/kotlinx-datetime-jvm-0.6.1.jar:/home/runner/work/apicurio-testing/apicurio-testing/clusters/ci419/namespaces/postgresql/tests/integration/apicurio-registry/schema-util/asyncapi/target/apicurio-registry-schema-util-asyncapi-3.0.11-SNAPSHOT.jar:/home/runner/work/apicurio-testing/apicurio-testing/clusters/ci419/namespaces/postgresql/tests/integration/apicurio-registry/schema-util/avro/target/apicurio-registry-schema-util-avro-3.0.11-SNAPSHOT.jar:/home/runner/work/apicurio-testing/apicurio-testing/clusters/ci419/namespaces/postgresql/tests/integration/apicurio-registry/schema-util/graphql/target/apicurio-registry-schema-util-graphql-3.0.11-SNAPSHOT.jar:/home/runner/.m2/repository/com/graphql-java/graphql-java/22.3/graphql-java-22.3.jar:/home/runner/.m2/repository/com/graphql-java/java-dataloader/3.3.0/java-dataloader-3.3.0.jar:/home/runner/work/apicurio-testing/apicurio-testing/clusters/ci419/namespaces/postgresql/tests/integration/apicurio-registry/schema-util/kconnect/target/apicurio-registry-schema-util-kconnect-3.0.11-SNAPSHOT.jar:/home/runner/work/apicurio-testing/apicurio-testing/clusters/ci419/namespaces/postgresql/tests/integration/apicurio-registry/schema-util/openapi/target/apicurio-registry-schema-util-openapi-3.0.11-SNAPSHOT.jar:/home/runner/.m2/repository/io/apicurio/apicurio-data-models/2.2.1/apicurio-data-models-2.2.1.jar:/home/runner/.m2/repository/org/openapitools/openapidiff/openapi-diff-core/2.1.2/openapi-diff-core-2.1.2.jar:/home/runner/.m2/repository/io/swagger/parser/v3/swagger-parser/2.1.28/swagger-parser-2.1.28.jar:/home/runner/.m2/repository/io/swagger/parser/v3/swagger-parser-v2-converter/2.1.28/swagger-parser-v2-converter-2.1.28.jar:/home/runner/.m2/repository/io/swagger/swagger-core/1.6.16/swagger-core-1.6.16.jar:/home/runner/.m2/repository/io/swagger/swagger-models/1.6.16/swagger-models-1.6.16.jar:/home/runner/.m2/repository/io/swagger/swagger-annotations/1.6.16/swagger-annotations-1.6.16.jar:/home/runner/.m2/repository/io/swagger/swagger-parser/1.0.75/swagger-parser-1.0.75.jar:/home/runner/.m2/repository/io/swagger/swagger-parser-safe-url-resolver/1.0.75/swagger-parser-safe-url-resolver-1.0.75.jar:/home/runner/.m2/repository/io/swagger/swagger-compat-spec-parser/1.0.75/swagger-compat-spec-parser-1.0.75.jar:/home/runner/.m2/repository/com/github/java-json-tools/json-schema-validator/2.2.14/json-schema-validator-2.2.14.jar:/home/runner/.m2/repository/com/github/java-json-tools/jackson-coreutils-equivalence/1.0/jackson-coreutils-equivalence-1.0.jar:/home/runner/.m2/repository/com/github/java-json-tools/json-schema-core/1.2.14/json-schema-core-1.2.14.jar:/home/runner/.m2/repository/com/github/java-json-tools/uri-template/0.10/uri-template-0.10.jar:/home/runner/.m2/repository/com/googlecode/libphonenumber/libphonenumber/8.11.1/libphonenumber-8.11.1.jar:/home/runner/.m2/repository/com/j2html/j2html/1.6.0/j2html-1.6.0.jar:/home/runner/.m2/repository/org/apache/commons/commons-collections4/4.5.0/commons-collections4-4.5.0.jar:/home/runner/.m2/repository/org/apache/commons/commons-configuration2/2.12.0/commons-configuration2-2.12.0.jar:/home/runner/.m2/repository/org/apache/commons/commons-text/1.13.0/commons-text-1.13.0.jar:/home/runner/.m2/repository/org/slf4j/jcl-over-slf4j/2.0.17/jcl-over-slf4j-2.0.17.jar:/home/runner/.m2/repository/io/swagger/parser/v3/swagger-parser-v3/2.1.30/swagger-parser-v3-2.1.30.jar:/home/runner/.m2/repository/io/swagger/core/v3/swagger-models/2.2.34/swagger-models-2.2.34.jar:/home/runner/.m2/repository/io/swagger/core/v3/swagger-core/2.2.34/swagger-core-2.2.34.jar:/home/runner/.m2/repository/io/swagger/parser/v3/swagger-parser-core/2.1.30/swagger-parser-core-2.1.30.jar:/home/runner/.m2/repository/io/swagger/parser/v3/swagger-parser-safe-url-resolver/2.1.30/swagger-parser-safe-url-resolver-2.1.30.jar:/home/runner/work/apicurio-testing/apicurio-testing/clusters/ci419/namespaces/postgresql/tests/integration/apicurio-registry/schema-util/wsdl/target/apicurio-registry-schema-util-wsdl-3.0.11-SNAPSHOT.jar:/home/runner/.m2/repository/wsdl4j/wsdl4j/1.6.3/wsdl4j-1.6.3.jar:/home/runner/work/apicurio-testing/apicurio-testing/clusters/ci419/namespaces/postgresql/tests/integration/apicurio-registry/schema-util/xml/target/apicurio-registry-schema-util-xml-3.0.11-SNAPSHOT.jar:/home/runner/.m2/repository/org/apache/santuario/xmlsec/4.0.3/xmlsec-4.0.3.jar:/home/runner/.m2/repository/com/fasterxml/woodstox/woodstox-core/7.1.0/woodstox-core-7.1.0.jar:/home/runner/.m2/repository/org/codehaus/woodstox/stax2-api/4.2.2/stax2-api-4.2.2.jar:/home/runner/work/apicurio-testing/apicurio-testing/clusters/ci419/namespaces/postgresql/tests/integration/apicurio-registry/schema-util/xsd/target/apicurio-registry-schema-util-xsd-3.0.11-SNAPSHOT.jar:/home/runner/work/apicurio-testing/apicurio-testing/clusters/ci419/namespaces/postgresql/tests/integration/apicurio-registry/serdes/kafka/jsonschema-serde/target/apicurio-registry-jsonschema-serde-kafka-3.0.11-SNAPSHOT.jar:/home/runner/work/apicurio-testing/apicurio-testing/clusters/ci419/namespaces/postgresql/tests/integration/apicurio-registry/serdes/kafka/serde-kafka-common/target/apicurio-registry-serde-kafka-common-3.0.11-SNAPSHOT.jar:/home/runner/work/apicurio-testing/apicurio-testing/clusters/ci419/namespaces/postgresql/tests/integration/apicurio-registry/serdes/generic/serde-common/target/apicurio-registry-serde-common-3.0.11-SNAPSHOT.jar:/home/runner/work/apicurio-testing/apicurio-testing/clusters/ci419/namespaces/postgresql/tests/integration/apicurio-registry/serdes/generic/serde-common-jsonschema/target/apicurio-registry-serde-common-jsonschema-3.0.11-SNAPSHOT.jar:/home/runner/.m2/repository/org/json/json/20250107/json-20250107.jar:/home/runner/work/apicurio-testing/apicurio-testing/clusters/ci419/namespaces/postgresql/tests/integration/apicurio-registry/serdes/kafka/avro-serde/target/apicurio-registry-avro-serde-kafka-3.0.11-SNAPSHOT.jar:/home/runner/work/apicurio-testing/apicurio-testing/clusters/ci419/namespaces/postgresql/tests/integration/apicurio-registry/serdes/generic/serde-common-avro/target/apicurio-registry-serde-common-avro-3.0.11-SNAPSHOT.jar:/home/runner/work/apicurio-testing/apicurio-testing/clusters/ci419/namespaces/postgresql/tests/integration/apicurio-registry/serdes/kafka/protobuf-serde/target/apicurio-registry-protobuf-serde-kafka-3.0.11-SNAPSHOT.jar:/home/runner/work/apicurio-testing/apicurio-testing/clusters/ci419/namespaces/postgresql/tests/integration/apicurio-registry/serdes/generic/serde-common-protobuf/target/apicurio-registry-serde-common-protobuf-3.0.11-SNAPSHOT.jar:/home/runner/.m2/repository/com/squareup/wire/wire-schema/5.3.3/wire-schema-5.3.3.jar:/home/runner/.m2/repository/com/squareup/wire/wire-runtime/5.3.3/wire-runtime-5.3.3.jar:/home/runner/work/apicurio-testing/apicurio-testing/clusters/ci419/namespaces/postgresql/tests/integration/apicurio-registry/serdes/pulsar/avro-serde/target/apicurio-registry-avro-serde-pulsar-3.0.11-SNAPSHOT.jar:/home/runner/.m2/repository/org/apache/pulsar/pulsar-functions-api/3.3.4/pulsar-functions-api-3.3.4.jar:/home/runner/work/apicurio-testing/apicurio-testing/clusters/ci419/namespaces/postgresql/tests/integration/apicurio-registry/serdes/nats/avro-serde/target/apicurio-registry-avro-serde-nats-3.0.11-SNAPSHOT.jar:/home/runner/.m2/repository/io/nats/jnats/2.20.5/jnats-2.20.5.jar:/home/runner/.m2/repository/net/i2p/crypto/eddsa/0.3.0/eddsa-0.3.0.jar:/home/runner/work/apicurio-testing/apicurio-testing/clusters/ci419/namespaces/postgresql/tests/integration/apicurio-registry/utils/converter/target/apicurio-registry-utils-converter-3.0.11-SNAPSHOT.jar:/home/runner/work/apicurio-testing/apicurio-testing/clusters/ci419/namespaces/postgresql/tests/integration/apicurio-registry/schema-resolver/target/apicurio-registry-schema-resolver-3.0.11-SNAPSHOT.jar:/home/runner/.m2/repository/org/apache/kafka/connect-api/3.9.1/connect-api-3.9.1.jar:/home/runner/.m2/repository/javax/ws/rs/javax.ws.rs-api/2.1.1/javax.ws.rs-api-2.1.1.jar:/home/runner/.m2/repository/org/apache/kafka/connect-json/3.9.1/connect-json-3.9.1.jar:/home/runner/.m2/repository/com/fasterxml/jackson/datatype/jackson-datatype-jdk8/2.18.2/jackson-datatype-jdk8-2.18.2.jar:/home/runner/.m2/repository/com/fasterxml/jackson/module/jackson-module-afterburner/2.18.2/jackson-module-afterburner-2.18.2.jar:/home/runner/work/apicurio-testing/apicurio-testing/clusters/ci419/namespaces/postgresql/tests/integration/apicurio-registry/utils/kafka/target/apicurio-registry-utils-kafka-3.0.11-SNAPSHOT.jar:/home/runner/.m2/repository/org/apache/pulsar/pulsar-client/3.3.4/pulsar-client-3.3.4.jar:/home/runner/.m2/repository/org/apache/pulsar/pulsar-client-api/3.3.4/pulsar-client-api-3.3.4.jar:/home/runner/.m2/repository/org/apache/pulsar/pulsar-client-admin-api/3.3.4/pulsar-client-admin-api-3.3.4.jar:/home/runner/.m2/repository/org/apache/pulsar/bouncy-castle-bc/3.3.4/bouncy-castle-bc-3.3.4-pkg.jar:/home/runner/.m2/repository/org/bouncycastle/bcpkix-jdk18on/1.80/bcpkix-jdk18on-1.80.jar:/home/runner/.m2/repository/org/bouncycastle/bcutil-jdk18on/1.80/bcutil-jdk18on-1.80.jar:/home/runner/.m2/repository/org/bouncycastle/bcprov-jdk18on/1.80/bcprov-jdk18on-1.80.jar:/home/runner/.m2/repository/io/opentelemetry/opentelemetry-api/1.44.1/opentelemetry-api-1.44.1.jar:/home/runner/.m2/repository/io/opentelemetry/opentelemetry-context/1.44.1/opentelemetry-context-1.44.1.jar:/home/runner/.m2/repository/io/opentelemetry/opentelemetry-api-incubator/1.44.1-alpha/opentelemetry-api-incubator-1.44.1-alpha.jar:/home/runner/.m2/repository/com/fasterxml/jackson/core/jackson-annotations/2.18.2/jackson-annotations-2.18.2.jar:/home/runner/.m2/repository/javax/validation/validation-api/1.1.0.Final/validation-api-1.1.0.Final.jar:/home/runner/.m2/repository/io/confluent/kafka-avro-serializer/8.0.0/kafka-avro-serializer-8.0.0.jar:/home/runner/.m2/repository/org/apache/commons/commons-compress/1.27.1/commons-compress-1.27.1.jar:/home/runner/.m2/repository/io/confluent/kafka-schema-serializer/8.0.0/kafka-schema-serializer-8.0.0.jar:/home/runner/.m2/repository/com/fasterxml/jackson/dataformat/jackson-dataformat-csv/2.18.2/jackson-dataformat-csv-2.18.2.jar:/home/runner/.m2/repository/io/confluent/kafka-schema-registry-client/8.0.0/kafka-schema-registry-client-8.0.0.jar:/home/runner/.m2/repository/org/yaml/snakeyaml/2.3/snakeyaml-2.3.jar:/home/runner/.m2/repository/io/swagger/core/v3/swagger-annotations/2.2.29/swagger-annotations-2.2.29.jar:/home/runner/.m2/repository/com/google/guava/guava/33.4.0-jre/guava-33.4.0-jre.jar:/home/runner/.m2/repository/com/google/guava/failureaccess/1.0.1/failureaccess-1.0.1.jar:/home/runner/.m2/repository/org/checkerframework/checker-qual/3.49.0/checker-qual-3.49.0.jar:/home/runner/.m2/repository/io/confluent/logredactor/1.0.13/logredactor-1.0.13.jar:/home/runner/.m2/repository/com/google/re2j/re2j/1.6/re2j-1.6.jar:/home/runner/.m2/repository/io/confluent/logredactor-metrics/1.0.13/logredactor-metrics-1.0.13.jar:/home/runner/.m2/repository/com/eclipsesource/minimal-json/minimal-json/0.9.5/minimal-json-0.9.5.jar:/home/runner/.m2/repository/io/confluent/common-utils/8.0.0/common-utils-8.0.0.jar:/home/runner/.m2/repository/io/confluent/kafka-connect-avro-converter/8.0.0/kafka-connect-avro-converter-8.0.0.jar:/home/runner/.m2/repository/io/confluent/kafka-connect-avro-data/8.0.0/kafka-connect-avro-data-8.0.0.jar:/home/runner/.m2/repository/io/confluent/kafka-schema-converter/8.0.0/kafka-schema-converter-8.0.0.jar:/home/runner/.m2/repository/io/rest-assured/rest-assured/5.5.1/rest-assured-5.5.1.jar:/home/runner/.m2/repository/org/apache/groovy/groovy/4.0.22/groovy-4.0.22.jar:/home/runner/.m2/repository/org/apache/groovy/groovy-xml/4.0.22/groovy-xml-4.0.22.jar:/home/runner/.m2/repository/org/apache/httpcomponents/httpclient/4.5.14/httpclient-4.5.14.jar:/home/runner/.m2/repository/org/apache/httpcomponents/httpcore/4.4.16/httpcore-4.4.16.jar:/home/runner/.m2/repository/org/apache/httpcomponents/httpmime/4.5.14/httpmime-4.5.14.jar:/home/runner/.m2/repository/org/hamcrest/hamcrest/2.2/hamcrest-2.2.jar:/home/runner/.m2/repository/org/ccil/cowan/tagsoup/tagsoup/1.2.1/tagsoup-1.2.1.jar:/home/runner/.m2/repository/io/rest-assured/json-path/5.5.1/json-path-5.5.1.jar:/home/runner/.m2/repository/org/apache/groovy/groovy-json/4.0.22/groovy-json-4.0.22.jar:/home/runner/.m2/repository/io/rest-assured/rest-assured-common/5.5.1/rest-assured-common-5.5.1.jar:/home/runner/.m2/repository/io/rest-assured/xml-path/5.5.1/xml-path-5.5.1.jar:/home/runner/.m2/repository/io/zonky/test/embedded-postgres/2.1.0/embedded-postgres-2.1.0.jar:/home/runner/.m2/repository/io/zonky/test/postgres/embedded-postgres-binaries-windows-amd64/14.15.0/embedded-postgres-binaries-windows-amd64-14.15.0.jar:/home/runner/.m2/repository/io/zonky/test/postgres/embedded-postgres-binaries-darwin-amd64/14.15.0/embedded-postgres-binaries-darwin-amd64-14.15.0.jar:/home/runner/.m2/repository/io/zonky/test/postgres/embedded-postgres-binaries-linux-amd64/14.15.0/embedded-postgres-binaries-linux-amd64-14.15.0.jar:/home/runner/.m2/repository/io/zonky/test/postgres/embedded-postgres-binaries-linux-amd64-alpine/14.15.0/embedded-postgres-binaries-linux-amd64-alpine-14.15.0.jar:/home/runner/.m2/repository/org/apache/commons/commons-lang3/3.17.0/commons-lang3-3.17.0.jar:/home/runner/.m2/repository/org/tukaani/xz/1.10/xz-1.10.jar:/home/runner/.m2/repository/commons-codec/commons-codec/1.18.0/commons-codec-1.18.0.jar:/home/runner/.m2/repository/org/postgresql/postgresql/42.7.5/postgresql-42.7.5.jar:/home/runner/.m2/repository/commons-io/commons-io/2.18.0/commons-io-2.18.0.jar:/home/runner/work/apicurio-testing/apicurio-testing/clusters/ci419/namespaces/postgresql/tests/integration/apicurio-registry/utils/importexport/target/apicurio-registry-utils-import-export-3.0.11-SNAPSHOT.jar:/home/runner/.m2/repository/io/vertx/vertx-core/4.5.14/vertx-core-4.5.14.jar:/home/runner/.m2/repository/io/netty/netty-common/4.1.119.Final/netty-common-4.1.119.Final.jar:/home/runner/.m2/repository/io/netty/netty-buffer/4.1.119.Final/netty-buffer-4.1.119.Final.jar:/home/runner/.m2/repository/io/netty/netty-transport/4.1.119.Final/netty-transport-4.1.119.Final.jar:/home/runner/.m2/repository/io/netty/netty-handler/4.1.119.Final/netty-handler-4.1.119.Final.jar:/home/runner/.m2/repository/io/netty/netty-transport-native-unix-common/4.1.119.Final/netty-transport-native-unix-common-4.1.119.Final.jar:/home/runner/.m2/repository/io/netty/netty-codec/4.1.119.Final/netty-codec-4.1.119.Final.jar:/home/runner/.m2/repository/io/netty/netty-handler-proxy/4.1.119.Final/netty-handler-proxy-4.1.119.Final.jar:/home/runner/.m2/repository/io/netty/netty-codec-socks/4.1.119.Final/netty-codec-socks-4.1.119.Final.jar:/home/runner/.m2/repository/io/netty/netty-codec-http/4.1.119.Final/netty-codec-http-4.1.119.Final.jar:/home/runner/.m2/repository/io/netty/netty-codec-http2/4.1.119.Final/netty-codec-http2-4.1.119.Final.jar:/home/runner/.m2/repository/io/netty/netty-resolver/4.1.119.Final/netty-resolver-4.1.119.Final.jar:/home/runner/.m2/repository/io/netty/netty-resolver-dns/4.1.119.Final/netty-resolver-dns-4.1.119.Final.jar:/home/runner/.m2/repository/io/netty/netty-codec-dns/4.1.119.Final/netty-codec-dns-4.1.119.Final.jar:/home/runner/.m2/repository/com/fasterxml/jackson/core/jackson-core/2.18.2/jackson-core-2.18.2.jar:"/>
    <property name="sun.cpu.endian" value="little"/>
    <property name="user.home" value="/home/runner"/>
    <property name="user.language" value="en"/>
    <property name="jboss.log-version" value="false"/>
    <property name="java.specification.vendor" value="Oracle Corporation"/>
    <property name="java.version.date" value="2025-07-15"/>
    <property name="java.home" value="/usr/lib/jvm/temurin-17-jdk-amd64"/>
    <property name="file.separator" value="/"/>
    <property name="basedir" value="/home/runner/work/apicurio-testing/apicurio-testing/clusters/ci419/namespaces/postgresql/tests/integration/apicurio-registry/integration-tests"/>
    <property name="java.vm.compressedOopsMode" value="32-bit"/>
    <property name="line.separator" value="&#10;"/>
    <property name="java.specification.name" value="Java Platform API Specification"/>
    <property name="java.vm.specification.vendor" value="Oracle Corporation"/>
    <property name="quarkus.http.test-host" value="registry-app-postgresql.apps.ci419.apicurio-testing.org"/>
    <property name="surefire.real.class.path" value="/home/runner/work/apicurio-testing/apicurio-testing/clusters/ci419/namespaces/postgresql/tests/integration/apicurio-registry/integration-tests/target/surefire/surefirebooter-20250731170047409_3.jar"/>
    <property name="sun.management.compiler" value="HotSpot 64-Bit Tiered Compilers"/>
    <property name="org.eclipse.jetty.http.HttpGenerator.STRICT" value="true"/>
    <property name="java.runtime.version" value="17.0.16+8"/>
    <property name="user.name" value="runner"/>
    <property name="path.separator" value=":"/>
    <property name="os.version" value="6.8.0-1031-azure"/>
    <property name="java.runtime.name" value="OpenJDK Runtime Environment"/>
    <property name="file.encoding" value="UTF-8"/>
    <property name="jnidispatch.path" value="/home/runner/.cache/JNA/temp/jna4623238576762462006.tmp"/>
    <property name="java.vm.name" value="OpenJDK 64-Bit Server VM"/>
    <property name="jna.platform.library.path" value="/usr/lib/x86_64-linux-gnu:/lib/x86_64-linux-gnu:/usr/lib64:/lib64:/usr/lib:/lib:/lib32:/usr/local/lib:/usr/lib/x86_64-linux-gnu/libfakeroot"/>
    <property name="java.vendor.version" value="Temurin-17.0.16+8"/>
    <property name="quarkus.oidc.token-path" value="https://keycloak-postgresql.apps.ci419.apicurio-testing.org/realms/registry/protocol/openid-connect/token"/>
    <property name="quarkus.http.host" value="registry-app-postgresql.apps.ci419.apicurio-testing.org"/>
    <property name="localRepository" value="/home/runner/.m2/repository"/>
    <property name="javax.xml.xpath.XPathFactory:http://java.sun.com/jaxp/xpath/dom" value="com.sun.org.apache.xpath.internal.jaxp.XPathFactoryImpl"/>
    <property name="jna.loaded" value="true"/>
    <property name="java.vendor.url.bug" value="https://github.com/adoptium/adoptium-support/issues"/>
    <property name="jetty.git.hash" value="5bc5e562c8d05c5862505aebe5cf83a61bdbcb96"/>
    <property name="java.io.tmpdir" value="/tmp"/>
    <property name="quarkus.http.test-protocol" value="http"/>
    <property name="java.version" value="17.0.16"/>
    <property name="user.dir" value="/home/runner/work/apicurio-testing/apicurio-testing/clusters/ci419/namespaces/postgresql/tests/integration/apicurio-registry/integration-tests"/>
    <property name="os.arch" value="amd64"/>
    <property name="groups" value="( smoke | serdes | acceptance | ui)"/>
    <property name="java.vm.specification.name" value="Java Virtual Machine Specification"/>
    <property name="native.encoding" value="UTF-8"/>
    <property name="java.util.logging.manager" value="org.jboss.logmanager.LogManager"/>
    <property name="java.library.path" value="/usr/java/packages/lib:/usr/lib64:/lib64:/lib:/usr/lib"/>
    <property name="jdk.console" value="java.base"/>
    <property name="java.vm.info" value="mixed mode, sharing"/>
    <property name="java.vendor" value="Eclipse Adoptium"/>
    <property name="java.vm.version" value="17.0.16+8"/>
    <property name="java.specification.maintenance.version" value="1"/>
    <property name="sun.io.unicode.encoding" value="UnicodeLittle"/>
    <property name="javax.xml.transform.TransformerFactory" value="com.sun.org.apache.xalan.internal.xsltc.trax.TransformerFactoryImpl"/>
    <property name="java.class.version" value="61.0"/>
  </properties>
  <testcase name="testEvolveAvroConfluent" classname="io.apicurio.tests.serdes.confluent.BasicConfluentSerDesIT" time="4.362">
    <system-out><![CDATA[**** Registry Base URL: http://registry-app-postgresql.apps.ci419.apicurio-testing.org:80
**** Registry Base URL: http://registry-app-postgresql.apps.ci419.apicurio-testing.org:80
2025-07-31 17:02:51,281 INFO  [io.api.tes.ser.con.BasicConfluentSerDesIT] (main) RestAssured configured with http://registry-app-postgresql.apps.ci419.apicurio-testing.org:80/apis/registry/v3
**** Registry Base URL: http://registry-app-postgresql.apps.ci419.apicurio-testing.org:80
2025-07-31 17:02:51,526 INFO  [io.api.tes.ser.con.BasicConfluentSerDesIT] (main) Deleting confluent schema subj_94a2ca42_24e5_4c68_8c9b_a720516ec976-value
2025-07-31 17:02:51,548 INFO  [io.api.tes.ser.con.BasicConfluentSerDesIT] (main) Deleting confluent schema subj_198e1305_ab6b_4ce0_a780_e6fa1efaf22d-value
2025-07-31 17:02:51,562 INFO  [io.api.tes.ser.con.BasicConfluentSerDesIT] (main) Deleting confluent schema CUSTOMERS-key
2025-07-31 17:02:51,575 INFO  [io.api.tes.ser.con.BasicConfluentSerDesIT] (main) Deleting confluent schema CUSTOMERS.Value
2025-07-31 17:02:51,589 INFO  [io.api.tes.ser.con.BasicConfluentSerDesIT] (main) Deleting confluent schema CUSTOMERS-value
2025-07-31 17:02:51,602 INFO  [io.api.tes.ser.con.BasicConfluentSerDesIT] (main) Deleting confluent schema subj_c0314fe3_9076_4dfc_bc88_48bfc20729f1-value
2025-07-31 17:02:51,615 INFO  [io.api.tes.ser.con.BasicConfluentSerDesIT] (main) Deleting confluent schema topic-5cbf9f1a_54ef_4984_9887_698cfcf0c58a-value
2025-07-31 17:02:51,629 INFO  [io.api.tes.ser.con.BasicConfluentSerDesIT] (main) Deleting confluent schema topic-8d95ca26_1653_4efb_8834_a62fbc2b08a0-value
2025-07-31 17:02:51,643 INFO  [io.api.tes.ser.con.BasicConfluentSerDesIT] (main) Deleting confluent schema topic-0044309a_650e_47cc_96e0_b75182fedb3c-value
2025-07-31 17:02:51,656 INFO  [io.api.tes.ser.con.BasicConfluentSerDesIT] (main) Deleting confluent schema topic-f47b1b9d_7709_4203_bbca_92e7c7d3316a-value
2025-07-31 17:02:51,668 INFO  [io.api.tes.ser.con.BasicConfluentSerDesIT] (main) Deleting confluent schema topic-80a5dbb6_f0e9_4bf4_bf60_f047768ca7a4-value
2025-07-31 17:02:51,681 INFO  [io.api.tes.ser.con.BasicConfluentSerDesIT] (main) Deleting confluent schema topic-dac43f06_44fd_478d_99b1_e2b3ad86c2eb-value
2025-07-31 17:02:51,693 INFO  [io.api.tes.ser.con.BasicConfluentSerDesIT] (main) Deleting confluent schema myrecordconfluent
2025-07-31 17:02:51,705 INFO  [io.api.tes.ser.con.BasicConfluentSerDesIT] (main) Deleting confluent schema topic-85b0fc6f_3cb6_451c_821a_45a2a17117c1
2025-07-31 17:02:51,717 INFO  [io.api.tes.ser.con.BasicConfluentSerDesIT] (main) Deleting confluent schema topic-5ce385f6_f0d8_4048_aba0_17a5b88a7b5b-value
2025-07-31 17:02:51,730 INFO  [io.api.tes.ser.con.BasicConfluentSerDesIT] (main) Deleting confluent schema topic-edbac938_23a4_4414_b62d_fcafa6f9d9bf
2025-07-31 17:02:51,743 INFO  [io.api.tes.ser.con.BasicConfluentSerDesIT] (main) Deleting confluent schema topic-0a1cb9db_7bfa_4891_9e27_f2e8d50c60c6-value
2025-07-31 17:02:51,755 INFO  [io.api.tes.ser.con.BasicConfluentSerDesIT] (main) Deleting confluent schema topic-7b9eaa78_4109_4336_bdbd_5d9b78a5d70c
2025-07-31 17:02:51,767 INFO  [io.api.tes.ser.con.BasicConfluentSerDesIT] (main) Deleting confluent schema topic-8f4d5d05_74af_4740_804d_a9b294d854df
2025-07-31 17:02:51,780 INFO  [io.api.tes.ser.con.BasicConfluentSerDesIT] (main) Deleting confluent schema topic-d1acef8d_b44b_4563_ba1d_a9613bb9360d-value
2025-07-31 17:02:51,792 INFO  [io.api.tes.ser.con.BasicConfluentSerDesIT] (main) Deleting confluent schema sfa1419b2xfda8x4467xb360xbd263c11758e-value
2025-07-31 17:02:51,805 INFO  [io.api.tes.ser.con.BasicConfluentSerDesIT] (main) Deleting confluent schema google/protobuf/timestamp.proto
2025-07-31 17:02:51,818 INFO  [io.api.tes.ser.con.BasicConfluentSerDesIT] (main) Deleting confluent schema topic-0d75d080_cf64_4bff_86b3_2be04dbcc29a-value
2025-07-31 17:02:51,830 INFO  [io.api.tes.ser.con.BasicConfluentSerDesIT] (main) Deleting confluent schema topic-4f359526_e52b_4756_9e02_6c552e9c3a6e-value
2025-07-31 17:02:51,848 INFO  [io.api.tes.ser.con.BasicConfluentSerDesIT] (main) Deleting confluent schema s7f3c8810x66fbx4a79xa660xbadb6a81714f-value
2025-07-31 17:02:51,861 INFO  [io.api.tes.ser.con.BasicConfluentSerDesIT] (main) Deleting confluent schema topic-bdbc2c08_1e3a_42a4_a2fd_6141277a8e5d-value
2025-07-31 17:02:51,875 INFO  [io.api.tes.ser.con.BasicConfluentSerDesIT] (main) Deleting confluent schema s10238465xa154x46b2xa90ax6a53a293438d-value
2025-07-31 17:02:51,888 INFO  [io.api.tes.ser.con.BasicConfluentSerDesIT] (main) Deleting confluent schema topic-a98be2ae_20fa_471f_82af_face9f68f5e6-value
2025-07-31 17:02:51,901 INFO  [io.api.tes.ser.con.BasicConfluentSerDesIT] (main) Deleting confluent schema topic-5812fd24_471b_42ec_92b7_f8717a348bea-value
2025-07-31 17:02:51,913 INFO  [io.api.tes.ser.con.BasicConfluentSerDesIT] (main) Deleting confluent schema topic-92cc3098_5f5a_4c52_9603_a595e0c949a9
2025-07-31 17:02:51,925 INFO  [io.api.tes.ser.con.BasicConfluentSerDesIT] (main) Deleting confluent schema topic-d18cdedf_fbd3_4b07_a8d8_701c00ca05e0
2025-07-31 17:02:51,938 INFO  [io.api.tes.ser.con.BasicConfluentSerDesIT] (main) Deleting confluent schema topic-55f7f328_8500_44f7_9b15_298da60e9176-value
2025-07-31 17:02:51,950 INFO  [io.api.tes.ser.con.BasicConfluentSerDesIT] (main) Deleting confluent schema topic-f5b10f08_db10_42f8_ab98_66a483b7fc7c-value
2025-07-31 17:02:51,963 INFO  [io.api.tes.ser.con.BasicConfluentSerDesIT] (main) Deleting confluent schema topic-a7f8b7ad_7ba7_453d_9220_828d48251b42-value
2025-07-31 17:02:51,980 INFO  [io.api.tes.uti.KafkaFacade] (main) Skipping deployment of kafka, because it's already deployed
2025-07-31 17:02:51,982 INFO  [io.api.tes.uti.TestSeparator] (main) ############################################################################
2025-07-31 17:02:51,982 INFO  [io.api.tes.uti.TestSeparator] (main) io.apicurio.tests.serdes.confluent.BasicConfluentSerDesIT.testEvolveAvroConfluent-STARTED
2025-07-31 17:02:51,984 INFO  [org.apa.kaf.cli.adm.AdminClientConfig] (main) AdminClientConfig values: 
	auto.include.jmx.reporter = true
	bootstrap.controllers = []
	bootstrap.servers = [PLAINTEXT://localhost:32770]
	client.dns.lookup = use_all_dns_ips
	client.id = 
	connections.max.idle.ms = 10000
	default.api.timeout.ms = 60000
	enable.metrics.push = true
	metadata.max.age.ms = 300000
	metadata.recovery.strategy = none
	metric.reporters = []
	metrics.num.samples = 2
	metrics.recording.level = INFO
	metrics.sample.window.ms = 30000
	receive.buffer.bytes = 65536
	reconnect.backoff.max.ms = 1000
	reconnect.backoff.ms = 50
	request.timeout.ms = 5000
	retries = 2147483647
	retry.backoff.max.ms = 1000
	retry.backoff.ms = 100
	sasl.client.callback.handler.class = null
	sasl.jaas.config = null
	sasl.kerberos.kinit.cmd = /usr/bin/kinit
	sasl.kerberos.min.time.before.relogin = 60000
	sasl.kerberos.service.name = null
	sasl.kerberos.ticket.renew.jitter = 0.05
	sasl.kerberos.ticket.renew.window.factor = 0.8
	sasl.login.callback.handler.class = null
	sasl.login.class = null
	sasl.login.connect.timeout.ms = null
	sasl.login.read.timeout.ms = null
	sasl.login.refresh.buffer.seconds = 300
	sasl.login.refresh.min.period.seconds = 60
	sasl.login.refresh.window.factor = 0.8
	sasl.login.refresh.window.jitter = 0.05
	sasl.login.retry.backoff.max.ms = 10000
	sasl.login.retry.backoff.ms = 100
	sasl.mechanism = GSSAPI
	sasl.oauthbearer.clock.skew.seconds = 30
	sasl.oauthbearer.expected.audience = null
	sasl.oauthbearer.expected.issuer = null
	sasl.oauthbearer.header.urlencode = false
	sasl.oauthbearer.jwks.endpoint.refresh.ms = 3600000
	sasl.oauthbearer.jwks.endpoint.retry.backoff.max.ms = 10000
	sasl.oauthbearer.jwks.endpoint.retry.backoff.ms = 100
	sasl.oauthbearer.jwks.endpoint.url = null
	sasl.oauthbearer.scope.claim.name = scope
	sasl.oauthbearer.sub.claim.name = sub
	sasl.oauthbearer.token.endpoint.url = null
	security.protocol = PLAINTEXT
	security.providers = null
	send.buffer.bytes = 131072
	socket.connection.setup.timeout.max.ms = 30000
	socket.connection.setup.timeout.ms = 10000
	ssl.cipher.suites = null
	ssl.enabled.protocols = [TLSv1.2, TLSv1.3]
	ssl.endpoint.identification.algorithm = https
	ssl.engine.factory.class = null
	ssl.key.password = null
	ssl.keymanager.algorithm = SunX509
	ssl.keystore.certificate.chain = null
	ssl.keystore.key = null
	ssl.keystore.location = null
	ssl.keystore.password = null
	ssl.keystore.type = JKS
	ssl.protocol = TLSv1.3
	ssl.provider = null
	ssl.secure.random.implementation = null
	ssl.trustmanager.algorithm = PKIX
	ssl.truststore.certificates = null
	ssl.truststore.location = null
	ssl.truststore.password = null
	ssl.truststore.type = JKS

2025-07-31 17:02:51,985 INFO  [org.apa.kaf.com.uti.AppInfoParser] (main) Kafka version: 3.9.1
2025-07-31 17:02:51,985 INFO  [org.apa.kaf.com.uti.AppInfoParser] (main) Kafka commitId: f745dfdcee2b9851
2025-07-31 17:02:51,985 INFO  [org.apa.kaf.com.uti.AppInfoParser] (main) Kafka startTimeMs: 1753981371985
2025-07-31 17:02:52,148 INFO  [io.api.tes.ser.con.BasicConfluentSerDesIT] (main) Checking that created schema is equal to the get schema
2025-07-31 17:02:52,171 INFO  [io.api.tes.ser.con.BasicConfluentSerDesIT] (main) Created schema with id:47 and name:se4963598x324fx47b8xb6b1x5b2176046c86
**** Registry Base URL: http://registry-app-postgresql.apps.ci419.apicurio-testing.org:80
2025-07-31 17:02:52,177 INFO  [org.apa.kaf.cli.pro.ProducerConfig] (main) ProducerConfig values: 
	acks = -1
	auto.include.jmx.reporter = true
	batch.size = 16384
	bootstrap.servers = [PLAINTEXT://localhost:32770]
	buffer.memory = 33554432
	client.dns.lookup = use_all_dns_ips
	client.id = Producer-topic-9f84c1f2_a1d7_424f_b65b_419ca30869e9
	compression.gzip.level = -1
	compression.lz4.level = 9
	compression.type = none
	compression.zstd.level = 3
	connections.max.idle.ms = 10000
	delivery.timeout.ms = 120000
	enable.idempotence = true
	enable.metrics.push = true
	interceptor.classes = []
	key.serializer = class org.apache.kafka.common.serialization.StringSerializer
	linger.ms = 0
	max.block.ms = 60000
	max.in.flight.requests.per.connection = 5
	max.request.size = 1048576
	metadata.max.age.ms = 300000
	metadata.max.idle.ms = 300000
	metadata.recovery.strategy = none
	metric.reporters = []
	metrics.num.samples = 2
	metrics.recording.level = INFO
	metrics.sample.window.ms = 30000
	partitioner.adaptive.partitioning.enable = true
	partitioner.availability.timeout.ms = 0
	partitioner.class = null
	partitioner.ignore.keys = false
	receive.buffer.bytes = 32768
	reconnect.backoff.max.ms = 1000
	reconnect.backoff.ms = 50
	request.timeout.ms = 5000
	retries = 2147483647
	retry.backoff.max.ms = 1000
	retry.backoff.ms = 100
	sasl.client.callback.handler.class = null
	sasl.jaas.config = null
	sasl.kerberos.kinit.cmd = /usr/bin/kinit
	sasl.kerberos.min.time.before.relogin = 60000
	sasl.kerberos.service.name = null
	sasl.kerberos.ticket.renew.jitter = 0.05
	sasl.kerberos.ticket.renew.window.factor = 0.8
	sasl.login.callback.handler.class = null
	sasl.login.class = null
	sasl.login.connect.timeout.ms = null
	sasl.login.read.timeout.ms = null
	sasl.login.refresh.buffer.seconds = 300
	sasl.login.refresh.min.period.seconds = 60
	sasl.login.refresh.window.factor = 0.8
	sasl.login.refresh.window.jitter = 0.05
	sasl.login.retry.backoff.max.ms = 10000
	sasl.login.retry.backoff.ms = 100
	sasl.mechanism = GSSAPI
	sasl.oauthbearer.clock.skew.seconds = 30
	sasl.oauthbearer.expected.audience = null
	sasl.oauthbearer.expected.issuer = null
	sasl.oauthbearer.header.urlencode = false
	sasl.oauthbearer.jwks.endpoint.refresh.ms = 3600000
	sasl.oauthbearer.jwks.endpoint.retry.backoff.max.ms = 10000
	sasl.oauthbearer.jwks.endpoint.retry.backoff.ms = 100
	sasl.oauthbearer.jwks.endpoint.url = null
	sasl.oauthbearer.scope.claim.name = scope
	sasl.oauthbearer.sub.claim.name = sub
	sasl.oauthbearer.token.endpoint.url = null
	security.protocol = PLAINTEXT
	security.providers = null
	send.buffer.bytes = 131072
	socket.connection.setup.timeout.max.ms = 30000
	socket.connection.setup.timeout.ms = 10000
	ssl.cipher.suites = null
	ssl.enabled.protocols = [TLSv1.2, TLSv1.3]
	ssl.endpoint.identification.algorithm = https
	ssl.engine.factory.class = null
	ssl.key.password = null
	ssl.keymanager.algorithm = SunX509
	ssl.keystore.certificate.chain = null
	ssl.keystore.key = null
	ssl.keystore.location = null
	ssl.keystore.password = null
	ssl.keystore.type = JKS
	ssl.protocol = TLSv1.3
	ssl.provider = null
	ssl.secure.random.implementation = null
	ssl.trustmanager.algorithm = PKIX
	ssl.truststore.certificates = null
	ssl.truststore.location = null
	ssl.truststore.password = null
	ssl.truststore.type = JKS
	transaction.timeout.ms = 60000
	transactional.id = null
	value.serializer = class io.confluent.kafka.serializers.KafkaAvroSerializer

2025-07-31 17:02:52,177 INFO  [org.apa.kaf.com.tel.int.KafkaMetricsCollector] (main) initializing Kafka metrics collector
2025-07-31 17:02:52,180 INFO  [io.con.kaf.ser.KafkaAvroSerializerConfig] (main) KafkaAvroSerializerConfig values: 
	auto.register.schemas = false
	avro.reflection.allow.null = false
	avro.remove.java.properties = false
	avro.use.logical.type.converters = false
	basic.auth.credentials.source = URL
	basic.auth.user.info = [hidden]
	bearer.auth.cache.expiry.buffer.seconds = 300
	bearer.auth.client.id = null
	bearer.auth.client.secret = null
	bearer.auth.credentials.source = STATIC_TOKEN
	bearer.auth.custom.provider.class = null
	bearer.auth.identity.pool.id = null
	bearer.auth.issuer.endpoint.url = null
	bearer.auth.logical.cluster = null
	bearer.auth.scope = null
	bearer.auth.scope.claim.name = scope
	bearer.auth.sub.claim.name = sub
	bearer.auth.token = [hidden]
	context.name.strategy = class io.confluent.kafka.serializers.context.NullContextNameStrategy
	http.connect.timeout.ms = 60000
	http.read.timeout.ms = 60000
	id.compatibility.strict = true
	key.schema.id.deserializer = class io.confluent.kafka.serializers.schema.id.DualSchemaIdDeserializer
	key.schema.id.serializer = class io.confluent.kafka.serializers.schema.id.PrefixSchemaIdSerializer
	key.subject.name.strategy = class io.confluent.kafka.serializers.subject.TopicNameStrategy
	latest.cache.size = 1000
	latest.cache.ttl.sec = -1
	latest.compatibility.strict = true
	max.retries = 3
	max.schemas.per.subject = 1000
	normalize.schemas = false
	propagate.schema.tags = false
	proxy.host = 
	proxy.port = -1
	retries.max.wait.ms = 20000
	retries.wait.ms = 1000
	rule.actions = []
	rule.executors = []
	rule.service.loader.enable = true
	schema.format = null
	schema.reflection = false
	schema.registry.basic.auth.user.info = [hidden]
	schema.registry.ssl.cipher.suites = null
	schema.registry.ssl.enabled.protocols = [TLSv1.2, TLSv1.3]
	schema.registry.ssl.endpoint.identification.algorithm = https
	schema.registry.ssl.engine.factory.class = null
	schema.registry.ssl.key.password = null
	schema.registry.ssl.keymanager.algorithm = SunX509
	schema.registry.ssl.keystore.certificate.chain = null
	schema.registry.ssl.keystore.key = null
	schema.registry.ssl.keystore.location = null
	schema.registry.ssl.keystore.password = null
	schema.registry.ssl.keystore.type = JKS
	schema.registry.ssl.protocol = TLSv1.3
	schema.registry.ssl.provider = null
	schema.registry.ssl.secure.random.implementation = null
	schema.registry.ssl.trustmanager.algorithm = PKIX
	schema.registry.ssl.truststore.certificates = null
	schema.registry.ssl.truststore.location = null
	schema.registry.ssl.truststore.password = null
	schema.registry.ssl.truststore.type = JKS
	schema.registry.url = [http://registry-app-postgresql.apps.ci419.apicurio-testing.org:80/apis/ccompat/v7]
	schema.registry.url.randomize = false
	use.latest.version = false
	use.latest.with.metadata = null
	use.schema.id = -1
	value.schema.id.deserializer = class io.confluent.kafka.serializers.schema.id.DualSchemaIdDeserializer
	value.schema.id.serializer = class io.confluent.kafka.serializers.schema.id.PrefixSchemaIdSerializer
	value.subject.name.strategy = class io.confluent.kafka.serializers.subject.TopicRecordNameStrategy

2025-07-31 17:02:52,192 INFO  [org.apa.kaf.cli.pro.KafkaProducer] (main) [Producer clientId=Producer-topic-9f84c1f2_a1d7_424f_b65b_419ca30869e9] Instantiated an idempotent producer.
2025-07-31 17:02:52,196 INFO  [org.apa.kaf.cli.pro.ProducerConfig] (main) These configurations '[schema.registry.url, auto.register.schemas, value.subject.name.strategy]' were supplied but are not used yet.
2025-07-31 17:02:52,196 INFO  [org.apa.kaf.com.uti.AppInfoParser] (main) Kafka version: 3.9.1
2025-07-31 17:02:52,196 INFO  [org.apa.kaf.com.uti.AppInfoParser] (main) Kafka commitId: f745dfdcee2b9851
2025-07-31 17:02:52,196 INFO  [org.apa.kaf.com.uti.AppInfoParser] (main) Kafka startTimeMs: 1753981372196
**** Registry Base URL: http://registry-app-postgresql.apps.ci419.apicurio-testing.org:80
2025-07-31 17:02:52,201 INFO  [org.apa.kaf.cli.con.ConsumerConfig] (main) ConsumerConfig values: 
	allow.auto.create.topics = true
	auto.commit.interval.ms = 500
	auto.include.jmx.reporter = true
	auto.offset.reset = earliest
	bootstrap.servers = [PLAINTEXT://localhost:32770]
	check.crcs = true
	client.dns.lookup = use_all_dns_ips
	client.id = consumer-Consumer-topic-9f84c1f2_a1d7_424f_b65b_419ca30869e9-34
	client.rack = 
	connections.max.idle.ms = 10000
	default.api.timeout.ms = 60000
	enable.auto.commit = true
	enable.metrics.push = true
	exclude.internal.topics = true
	fetch.max.bytes = 52428800
	fetch.max.wait.ms = 500
	fetch.min.bytes = 1
	group.id = Consumer-topic-9f84c1f2_a1d7_424f_b65b_419ca30869e9
	group.instance.id = null
	group.protocol = classic
	group.remote.assignor = null
	heartbeat.interval.ms = 3000
	interceptor.classes = []
	internal.leave.group.on.close = true
	internal.throw.on.fetch.stable.offset.unsupported = false
	isolation.level = read_uncommitted
	key.deserializer = class org.apache.kafka.common.serialization.StringDeserializer
	max.partition.fetch.bytes = 1048576
	max.poll.interval.ms = 300000
	max.poll.records = 500
	metadata.max.age.ms = 300000
	metadata.recovery.strategy = none
	metric.reporters = []
	metrics.num.samples = 2
	metrics.recording.level = INFO
	metrics.sample.window.ms = 30000
	partition.assignment.strategy = [class org.apache.kafka.clients.consumer.RangeAssignor, class org.apache.kafka.clients.consumer.CooperativeStickyAssignor]
	receive.buffer.bytes = 65536
	reconnect.backoff.max.ms = 1000
	reconnect.backoff.ms = 50
	request.timeout.ms = 5000
	retry.backoff.max.ms = 1000
	retry.backoff.ms = 100
	sasl.client.callback.handler.class = null
	sasl.jaas.config = null
	sasl.kerberos.kinit.cmd = /usr/bin/kinit
	sasl.kerberos.min.time.before.relogin = 60000
	sasl.kerberos.service.name = null
	sasl.kerberos.ticket.renew.jitter = 0.05
	sasl.kerberos.ticket.renew.window.factor = 0.8
	sasl.login.callback.handler.class = null
	sasl.login.class = null
	sasl.login.connect.timeout.ms = null
	sasl.login.read.timeout.ms = null
	sasl.login.refresh.buffer.seconds = 300
	sasl.login.refresh.min.period.seconds = 60
	sasl.login.refresh.window.factor = 0.8
	sasl.login.refresh.window.jitter = 0.05
	sasl.login.retry.backoff.max.ms = 10000
	sasl.login.retry.backoff.ms = 100
	sasl.mechanism = GSSAPI
	sasl.oauthbearer.clock.skew.seconds = 30
	sasl.oauthbearer.expected.audience = null
	sasl.oauthbearer.expected.issuer = null
	sasl.oauthbearer.header.urlencode = false
	sasl.oauthbearer.jwks.endpoint.refresh.ms = 3600000
	sasl.oauthbearer.jwks.endpoint.retry.backoff.max.ms = 10000
	sasl.oauthbearer.jwks.endpoint.retry.backoff.ms = 100
	sasl.oauthbearer.jwks.endpoint.url = null
	sasl.oauthbearer.scope.claim.name = scope
	sasl.oauthbearer.sub.claim.name = sub
	sasl.oauthbearer.token.endpoint.url = null
	security.protocol = PLAINTEXT
	security.providers = null
	send.buffer.bytes = 131072
	session.timeout.ms = 45000
	socket.connection.setup.timeout.max.ms = 30000
	socket.connection.setup.timeout.ms = 10000
	ssl.cipher.suites = null
	ssl.enabled.protocols = [TLSv1.2, TLSv1.3]
	ssl.endpoint.identification.algorithm = https
	ssl.engine.factory.class = null
	ssl.key.password = null
	ssl.keymanager.algorithm = SunX509
	ssl.keystore.certificate.chain = null
	ssl.keystore.key = null
	ssl.keystore.location = null
	ssl.keystore.password = null
	ssl.keystore.type = JKS
	ssl.protocol = TLSv1.3
	ssl.provider = null
	ssl.secure.random.implementation = null
	ssl.trustmanager.algorithm = PKIX
	ssl.truststore.certificates = null
	ssl.truststore.location = null
	ssl.truststore.password = null
	ssl.truststore.type = JKS
	value.deserializer = class io.confluent.kafka.serializers.KafkaAvroDeserializer

2025-07-31 17:02:52,201 INFO  [org.apa.kaf.com.tel.int.KafkaMetricsCollector] (main) initializing Kafka metrics collector
2025-07-31 17:02:52,204 INFO  [io.con.kaf.ser.KafkaAvroDeserializerConfig] (main) KafkaAvroDeserializerConfig values: 
	auto.register.schemas = true
	avro.reflection.allow.null = false
	avro.use.logical.type.converters = false
	basic.auth.credentials.source = URL
	basic.auth.user.info = [hidden]
	bearer.auth.cache.expiry.buffer.seconds = 300
	bearer.auth.client.id = null
	bearer.auth.client.secret = null
	bearer.auth.credentials.source = STATIC_TOKEN
	bearer.auth.custom.provider.class = null
	bearer.auth.identity.pool.id = null
	bearer.auth.issuer.endpoint.url = null
	bearer.auth.logical.cluster = null
	bearer.auth.scope = null
	bearer.auth.scope.claim.name = scope
	bearer.auth.sub.claim.name = sub
	bearer.auth.token = [hidden]
	context.name.strategy = class io.confluent.kafka.serializers.context.NullContextNameStrategy
	http.connect.timeout.ms = 60000
	http.read.timeout.ms = 60000
	id.compatibility.strict = true
	key.schema.id.deserializer = class io.confluent.kafka.serializers.schema.id.DualSchemaIdDeserializer
	key.schema.id.serializer = class io.confluent.kafka.serializers.schema.id.PrefixSchemaIdSerializer
	key.subject.name.strategy = class io.confluent.kafka.serializers.subject.TopicNameStrategy
	latest.cache.size = 1000
	latest.cache.ttl.sec = -1
	latest.compatibility.strict = true
	max.retries = 3
	max.schemas.per.subject = 1000
	normalize.schemas = false
	propagate.schema.tags = false
	proxy.host = 
	proxy.port = -1
	retries.max.wait.ms = 20000
	retries.wait.ms = 1000
	rule.actions = []
	rule.executors = []
	rule.service.loader.enable = true
	schema.format = null
	schema.reflection = false
	schema.registry.basic.auth.user.info = [hidden]
	schema.registry.ssl.cipher.suites = null
	schema.registry.ssl.enabled.protocols = [TLSv1.2, TLSv1.3]
	schema.registry.ssl.endpoint.identification.algorithm = https
	schema.registry.ssl.engine.factory.class = null
	schema.registry.ssl.key.password = null
	schema.registry.ssl.keymanager.algorithm = SunX509
	schema.registry.ssl.keystore.certificate.chain = null
	schema.registry.ssl.keystore.key = null
	schema.registry.ssl.keystore.location = null
	schema.registry.ssl.keystore.password = null
	schema.registry.ssl.keystore.type = JKS
	schema.registry.ssl.protocol = TLSv1.3
	schema.registry.ssl.provider = null
	schema.registry.ssl.secure.random.implementation = null
	schema.registry.ssl.trustmanager.algorithm = PKIX
	schema.registry.ssl.truststore.certificates = null
	schema.registry.ssl.truststore.location = null
	schema.registry.ssl.truststore.password = null
	schema.registry.ssl.truststore.type = JKS
	schema.registry.url = [http://registry-app-postgresql.apps.ci419.apicurio-testing.org:80/apis/ccompat/v7]
	schema.registry.url.randomize = false
	specific.avro.key.type = null
	specific.avro.reader = false
	specific.avro.value.type = null
	use.latest.version = false
	use.latest.with.metadata = null
	use.schema.id = -1
	value.schema.id.deserializer = class io.confluent.kafka.serializers.schema.id.DualSchemaIdDeserializer
	value.schema.id.serializer = class io.confluent.kafka.serializers.schema.id.PrefixSchemaIdSerializer
	value.subject.name.strategy = class io.confluent.kafka.serializers.subject.TopicNameStrategy

2025-07-31 17:02:52,208 INFO  [org.apa.kaf.cli.Metadata] (kafka-producer-network-thread | Producer-topic-9f84c1f2_a1d7_424f_b65b_419ca30869e9) [Producer clientId=Producer-topic-9f84c1f2_a1d7_424f_b65b_419ca30869e9] Cluster ID: alGoLOtfQj2F2-zKWHmvbA
2025-07-31 17:02:52,208 INFO  [org.apa.kaf.cli.pro.int.TransactionManager] (kafka-producer-network-thread | Producer-topic-9f84c1f2_a1d7_424f_b65b_419ca30869e9) [Producer clientId=Producer-topic-9f84c1f2_a1d7_424f_b65b_419ca30869e9] ProducerId set to 44 with epoch 0
2025-07-31 17:02:52,213 INFO  [org.apa.kaf.cli.con.ConsumerConfig] (main) These configurations '[schema.registry.url]' were supplied but are not used yet.
2025-07-31 17:02:52,213 INFO  [org.apa.kaf.com.uti.AppInfoParser] (main) Kafka version: 3.9.1
2025-07-31 17:02:52,213 INFO  [org.apa.kaf.com.uti.AppInfoParser] (main) Kafka commitId: f745dfdcee2b9851
2025-07-31 17:02:52,213 INFO  [org.apa.kaf.com.uti.AppInfoParser] (main) Kafka startTimeMs: 1753981372213
2025-07-31 17:02:52,214 INFO  [io.api.tes.ser.api.KafkaSerdesTester] (Thread-866) Sending message {"key1": "value-0"} to topic topic-9f84c1f2_a1d7_424f_b65b_419ca30869e9
2025-07-31 17:02:52,262 INFO  [io.api.tes.ser.api.KafkaSerdesTester] (Thread-866) Sending message {"key1": "value-1"} to topic topic-9f84c1f2_a1d7_424f_b65b_419ca30869e9
2025-07-31 17:02:52,267 INFO  [io.api.tes.ser.api.KafkaSerdesTester] (Thread-866) Sending message {"key1": "value-2"} to topic topic-9f84c1f2_a1d7_424f_b65b_419ca30869e9
2025-07-31 17:02:52,271 INFO  [io.api.tes.ser.api.KafkaSerdesTester] (Thread-866) Sending message {"key1": "value-3"} to topic topic-9f84c1f2_a1d7_424f_b65b_419ca30869e9
2025-07-31 17:02:52,277 INFO  [io.api.tes.ser.api.KafkaSerdesTester] (Thread-866) Sending message {"key1": "value-4"} to topic topic-9f84c1f2_a1d7_424f_b65b_419ca30869e9
2025-07-31 17:02:52,280 INFO  [io.api.tes.ser.api.KafkaSerdesTester] (Thread-866) Sending message {"key1": "value-5"} to topic topic-9f84c1f2_a1d7_424f_b65b_419ca30869e9
2025-07-31 17:02:52,283 INFO  [io.api.tes.ser.api.KafkaSerdesTester] (Thread-866) Sending message {"key1": "value-6"} to topic topic-9f84c1f2_a1d7_424f_b65b_419ca30869e9
2025-07-31 17:02:52,284 INFO  [io.api.tes.ser.api.KafkaSerdesTester] (Thread-866) Sending message {"key1": "value-7"} to topic topic-9f84c1f2_a1d7_424f_b65b_419ca30869e9
2025-07-31 17:02:52,286 INFO  [io.api.tes.ser.api.KafkaSerdesTester] (Thread-866) Sending message {"key1": "value-8"} to topic topic-9f84c1f2_a1d7_424f_b65b_419ca30869e9
2025-07-31 17:02:52,288 INFO  [io.api.tes.ser.api.KafkaSerdesTester] (Thread-866) Sending message {"key1": "value-9"} to topic topic-9f84c1f2_a1d7_424f_b65b_419ca30869e9
2025-07-31 17:02:52,290 INFO  [io.api.tes.ser.api.KafkaSerdesTester] (Thread-866) Produced 10 messages
2025-07-31 17:02:52,290 INFO  [org.apa.kaf.cli.pro.KafkaProducer] (Thread-866) [Producer clientId=Producer-topic-9f84c1f2_a1d7_424f_b65b_419ca30869e9] Closing the Kafka producer with timeoutMillis = 9223372036854775807 ms.
2025-07-31 17:02:52,294 INFO  [org.apa.kaf.com.met.Metrics] (Thread-866) Metrics scheduler closed
2025-07-31 17:02:52,294 INFO  [org.apa.kaf.com.met.Metrics] (Thread-866) Closing reporter org.apache.kafka.common.metrics.JmxReporter
2025-07-31 17:02:52,294 INFO  [org.apa.kaf.com.met.Metrics] (Thread-866) Closing reporter org.apache.kafka.common.telemetry.internals.ClientTelemetryReporter
2025-07-31 17:02:52,294 INFO  [org.apa.kaf.com.met.Metrics] (Thread-866) Metrics reporters closed
2025-07-31 17:02:52,294 INFO  [org.apa.kaf.com.uti.AppInfoParser] (Thread-866) App info kafka.producer for Producer-topic-9f84c1f2_a1d7_424f_b65b_419ca30869e9 unregistered
2025-07-31 17:02:52,300 INFO  [org.apa.kaf.cli.con.int.ClassicKafkaConsumer] (Thread-867) [Consumer clientId=consumer-Consumer-topic-9f84c1f2_a1d7_424f_b65b_419ca30869e9-34, groupId=Consumer-topic-9f84c1f2_a1d7_424f_b65b_419ca30869e9] Subscribed to topic(s): topic-9f84c1f2_a1d7_424f_b65b_419ca30869e9
2025-07-31 17:02:52,311 INFO  [org.apa.kaf.cli.Metadata] (Thread-867) [Consumer clientId=consumer-Consumer-topic-9f84c1f2_a1d7_424f_b65b_419ca30869e9-34, groupId=Consumer-topic-9f84c1f2_a1d7_424f_b65b_419ca30869e9] Cluster ID: alGoLOtfQj2F2-zKWHmvbA
2025-07-31 17:02:52,316 INFO  [org.apa.kaf.cli.con.int.ConsumerCoordinator] (Thread-867) [Consumer clientId=consumer-Consumer-topic-9f84c1f2_a1d7_424f_b65b_419ca30869e9-34, groupId=Consumer-topic-9f84c1f2_a1d7_424f_b65b_419ca30869e9] Discovered group coordinator localhost:32770 (id: 2147483647 rack: null)
2025-07-31 17:02:52,333 INFO  [org.apa.kaf.cli.con.int.ConsumerCoordinator] (Thread-867) [Consumer clientId=consumer-Consumer-topic-9f84c1f2_a1d7_424f_b65b_419ca30869e9-34, groupId=Consumer-topic-9f84c1f2_a1d7_424f_b65b_419ca30869e9] (Re-)joining group
2025-07-31 17:02:52,339 INFO  [org.apa.kaf.cli.con.int.ConsumerCoordinator] (Thread-867) [Consumer clientId=consumer-Consumer-topic-9f84c1f2_a1d7_424f_b65b_419ca30869e9-34, groupId=Consumer-topic-9f84c1f2_a1d7_424f_b65b_419ca30869e9] Request joining group due to: need to re-join with the given member-id: consumer-Consumer-topic-9f84c1f2_a1d7_424f_b65b_419ca30869e9-34-8a03382a-d4f2-48e8-bedf-d7e67bfc4351
2025-07-31 17:02:52,340 INFO  [org.apa.kaf.cli.con.int.ConsumerCoordinator] (Thread-867) [Consumer clientId=consumer-Consumer-topic-9f84c1f2_a1d7_424f_b65b_419ca30869e9-34, groupId=Consumer-topic-9f84c1f2_a1d7_424f_b65b_419ca30869e9] (Re-)joining group
2025-07-31 17:02:52,343 INFO  [org.apa.kaf.cli.con.int.ConsumerCoordinator] (Thread-867) [Consumer clientId=consumer-Consumer-topic-9f84c1f2_a1d7_424f_b65b_419ca30869e9-34, groupId=Consumer-topic-9f84c1f2_a1d7_424f_b65b_419ca30869e9] Successfully joined group with generation Generation{generationId=1, memberId='consumer-Consumer-topic-9f84c1f2_a1d7_424f_b65b_419ca30869e9-34-8a03382a-d4f2-48e8-bedf-d7e67bfc4351', protocol='range'}
2025-07-31 17:02:52,344 INFO  [org.apa.kaf.cli.con.int.ConsumerCoordinator] (Thread-867) [Consumer clientId=consumer-Consumer-topic-9f84c1f2_a1d7_424f_b65b_419ca30869e9-34, groupId=Consumer-topic-9f84c1f2_a1d7_424f_b65b_419ca30869e9] Finished assignment for group at generation 1: {consumer-Consumer-topic-9f84c1f2_a1d7_424f_b65b_419ca30869e9-34-8a03382a-d4f2-48e8-bedf-d7e67bfc4351=Assignment(partitions=[topic-9f84c1f2_a1d7_424f_b65b_419ca30869e9-0])}
2025-07-31 17:02:52,347 INFO  [org.apa.kaf.cli.con.int.ConsumerCoordinator] (Thread-867) [Consumer clientId=consumer-Consumer-topic-9f84c1f2_a1d7_424f_b65b_419ca30869e9-34, groupId=Consumer-topic-9f84c1f2_a1d7_424f_b65b_419ca30869e9] Successfully synced group in generation Generation{generationId=1, memberId='consumer-Consumer-topic-9f84c1f2_a1d7_424f_b65b_419ca30869e9-34-8a03382a-d4f2-48e8-bedf-d7e67bfc4351', protocol='range'}
2025-07-31 17:02:52,347 INFO  [org.apa.kaf.cli.con.int.ConsumerCoordinator] (Thread-867) [Consumer clientId=consumer-Consumer-topic-9f84c1f2_a1d7_424f_b65b_419ca30869e9-34, groupId=Consumer-topic-9f84c1f2_a1d7_424f_b65b_419ca30869e9] Notifying assignor about the new Assignment(partitions=[topic-9f84c1f2_a1d7_424f_b65b_419ca30869e9-0])
2025-07-31 17:02:52,347 INFO  [org.apa.kaf.cli.con.int.ConsumerRebalanceListenerInvoker] (Thread-867) [Consumer clientId=consumer-Consumer-topic-9f84c1f2_a1d7_424f_b65b_419ca30869e9-34, groupId=Consumer-topic-9f84c1f2_a1d7_424f_b65b_419ca30869e9] Adding newly assigned partitions: topic-9f84c1f2_a1d7_424f_b65b_419ca30869e9-0
2025-07-31 17:02:52,350 INFO  [org.apa.kaf.cli.con.int.ConsumerCoordinator] (Thread-867) [Consumer clientId=consumer-Consumer-topic-9f84c1f2_a1d7_424f_b65b_419ca30869e9-34, groupId=Consumer-topic-9f84c1f2_a1d7_424f_b65b_419ca30869e9] Found no committed offset for partition topic-9f84c1f2_a1d7_424f_b65b_419ca30869e9-0
2025-07-31 17:02:52,355 INFO  [org.apa.kaf.cli.con.int.SubscriptionState] (Thread-867) [Consumer clientId=consumer-Consumer-topic-9f84c1f2_a1d7_424f_b65b_419ca30869e9-34, groupId=Consumer-topic-9f84c1f2_a1d7_424f_b65b_419ca30869e9] Resetting offset for partition topic-9f84c1f2_a1d7_424f_b65b_419ca30869e9-0 to position FetchPosition{offset=0, offsetEpoch=Optional.empty, currentLeader=LeaderAndEpoch{leader=Optional[localhost:32770 (id: 0 rack: null)], epoch=0}}.
2025-07-31 17:02:52,377 INFO  [io.api.tes.ser.api.KafkaSerdesTester] (Thread-867) topic-9f84c1f2_a1d7_424f_b65b_419ca30869e9 0 0 {"key1": "value-0"}
2025-07-31 17:02:52,377 INFO  [io.api.tes.ser.api.KafkaSerdesTester] (Thread-867) topic-9f84c1f2_a1d7_424f_b65b_419ca30869e9 0 1 {"key1": "value-1"}
2025-07-31 17:02:52,377 INFO  [io.api.tes.ser.api.KafkaSerdesTester] (Thread-867) topic-9f84c1f2_a1d7_424f_b65b_419ca30869e9 0 2 {"key1": "value-2"}
2025-07-31 17:02:52,377 INFO  [io.api.tes.ser.api.KafkaSerdesTester] (Thread-867) topic-9f84c1f2_a1d7_424f_b65b_419ca30869e9 0 3 {"key1": "value-3"}
2025-07-31 17:02:52,377 INFO  [io.api.tes.ser.api.KafkaSerdesTester] (Thread-867) topic-9f84c1f2_a1d7_424f_b65b_419ca30869e9 0 4 {"key1": "value-4"}
2025-07-31 17:02:52,377 INFO  [io.api.tes.ser.api.KafkaSerdesTester] (Thread-867) topic-9f84c1f2_a1d7_424f_b65b_419ca30869e9 0 5 {"key1": "value-5"}
2025-07-31 17:02:52,377 INFO  [io.api.tes.ser.api.KafkaSerdesTester] (Thread-867) topic-9f84c1f2_a1d7_424f_b65b_419ca30869e9 0 6 {"key1": "value-6"}
2025-07-31 17:02:52,377 INFO  [io.api.tes.ser.api.KafkaSerdesTester] (Thread-867) topic-9f84c1f2_a1d7_424f_b65b_419ca30869e9 0 7 {"key1": "value-7"}
2025-07-31 17:02:52,377 INFO  [io.api.tes.ser.api.KafkaSerdesTester] (Thread-867) topic-9f84c1f2_a1d7_424f_b65b_419ca30869e9 0 8 {"key1": "value-8"}
2025-07-31 17:02:52,377 INFO  [io.api.tes.ser.api.KafkaSerdesTester] (Thread-867) topic-9f84c1f2_a1d7_424f_b65b_419ca30869e9 0 9 {"key1": "value-9"}
2025-07-31 17:02:52,377 INFO  [io.api.tes.ser.api.KafkaSerdesTester] (Thread-867) Consumed 10 messages
2025-07-31 17:02:52,380 INFO  [org.apa.kaf.cli.con.int.ConsumerRebalanceListenerInvoker] (Thread-867) [Consumer clientId=consumer-Consumer-topic-9f84c1f2_a1d7_424f_b65b_419ca30869e9-34, groupId=Consumer-topic-9f84c1f2_a1d7_424f_b65b_419ca30869e9] Revoke previously assigned partitions topic-9f84c1f2_a1d7_424f_b65b_419ca30869e9-0
2025-07-31 17:02:52,380 INFO  [org.apa.kaf.cli.con.int.ConsumerCoordinator] (Thread-867) [Consumer clientId=consumer-Consumer-topic-9f84c1f2_a1d7_424f_b65b_419ca30869e9-34, groupId=Consumer-topic-9f84c1f2_a1d7_424f_b65b_419ca30869e9] Member consumer-Consumer-topic-9f84c1f2_a1d7_424f_b65b_419ca30869e9-34-8a03382a-d4f2-48e8-bedf-d7e67bfc4351 sending LeaveGroup request to coordinator localhost:32770 (id: 2147483647 rack: null) due to the consumer is being closed
2025-07-31 17:02:52,380 INFO  [org.apa.kaf.cli.con.int.ConsumerCoordinator] (Thread-867) [Consumer clientId=consumer-Consumer-topic-9f84c1f2_a1d7_424f_b65b_419ca30869e9-34, groupId=Consumer-topic-9f84c1f2_a1d7_424f_b65b_419ca30869e9] Resetting generation and member id due to: consumer pro-actively leaving the group
2025-07-31 17:02:52,380 INFO  [org.apa.kaf.cli.con.int.ConsumerCoordinator] (Thread-867) [Consumer clientId=consumer-Consumer-topic-9f84c1f2_a1d7_424f_b65b_419ca30869e9-34, groupId=Consumer-topic-9f84c1f2_a1d7_424f_b65b_419ca30869e9] Request joining group due to: consumer pro-actively leaving the group
2025-07-31 17:02:52,879 INFO  [org.apa.kaf.com.met.Metrics] (Thread-867) Metrics scheduler closed
2025-07-31 17:02:52,879 INFO  [org.apa.kaf.com.met.Metrics] (Thread-867) Closing reporter org.apache.kafka.common.metrics.JmxReporter
2025-07-31 17:02:52,879 INFO  [org.apa.kaf.com.met.Metrics] (Thread-867) Closing reporter org.apache.kafka.common.telemetry.internals.ClientTelemetryReporter
2025-07-31 17:02:52,879 INFO  [org.apa.kaf.com.met.Metrics] (Thread-867) Metrics reporters closed
2025-07-31 17:02:52,881 INFO  [org.apa.kaf.com.uti.AppInfoParser] (Thread-867) App info kafka.consumer for consumer-Consumer-topic-9f84c1f2_a1d7_424f_b65b_419ca30869e9-34 unregistered
**** Registry Base URL: http://registry-app-postgresql.apps.ci419.apicurio-testing.org:80
2025-07-31 17:02:53,924 INFO  [org.apa.kaf.cli.pro.ProducerConfig] (main) ProducerConfig values: 
	acks = -1
	auto.include.jmx.reporter = true
	batch.size = 16384
	bootstrap.servers = [PLAINTEXT://localhost:32770]
	buffer.memory = 33554432
	client.dns.lookup = use_all_dns_ips
	client.id = Producer-topic-9f84c1f2_a1d7_424f_b65b_419ca30869e9
	compression.gzip.level = -1
	compression.lz4.level = 9
	compression.type = none
	compression.zstd.level = 3
	connections.max.idle.ms = 10000
	delivery.timeout.ms = 120000
	enable.idempotence = true
	enable.metrics.push = true
	interceptor.classes = []
	key.serializer = class org.apache.kafka.common.serialization.StringSerializer
	linger.ms = 0
	max.block.ms = 60000
	max.in.flight.requests.per.connection = 5
	max.request.size = 1048576
	metadata.max.age.ms = 300000
	metadata.max.idle.ms = 300000
	metadata.recovery.strategy = none
	metric.reporters = []
	metrics.num.samples = 2
	metrics.recording.level = INFO
	metrics.sample.window.ms = 30000
	partitioner.adaptive.partitioning.enable = true
	partitioner.availability.timeout.ms = 0
	partitioner.class = null
	partitioner.ignore.keys = false
	receive.buffer.bytes = 32768
	reconnect.backoff.max.ms = 1000
	reconnect.backoff.ms = 50
	request.timeout.ms = 5000
	retries = 2147483647
	retry.backoff.max.ms = 1000
	retry.backoff.ms = 100
	sasl.client.callback.handler.class = null
	sasl.jaas.config = null
	sasl.kerberos.kinit.cmd = /usr/bin/kinit
	sasl.kerberos.min.time.before.relogin = 60000
	sasl.kerberos.service.name = null
	sasl.kerberos.ticket.renew.jitter = 0.05
	sasl.kerberos.ticket.renew.window.factor = 0.8
	sasl.login.callback.handler.class = null
	sasl.login.class = null
	sasl.login.connect.timeout.ms = null
	sasl.login.read.timeout.ms = null
	sasl.login.refresh.buffer.seconds = 300
	sasl.login.refresh.min.period.seconds = 60
	sasl.login.refresh.window.factor = 0.8
	sasl.login.refresh.window.jitter = 0.05
	sasl.login.retry.backoff.max.ms = 10000
	sasl.login.retry.backoff.ms = 100
	sasl.mechanism = GSSAPI
	sasl.oauthbearer.clock.skew.seconds = 30
	sasl.oauthbearer.expected.audience = null
	sasl.oauthbearer.expected.issuer = null
	sasl.oauthbearer.header.urlencode = false
	sasl.oauthbearer.jwks.endpoint.refresh.ms = 3600000
	sasl.oauthbearer.jwks.endpoint.retry.backoff.max.ms = 10000
	sasl.oauthbearer.jwks.endpoint.retry.backoff.ms = 100
	sasl.oauthbearer.jwks.endpoint.url = null
	sasl.oauthbearer.scope.claim.name = scope
	sasl.oauthbearer.sub.claim.name = sub
	sasl.oauthbearer.token.endpoint.url = null
	security.protocol = PLAINTEXT
	security.providers = null
	send.buffer.bytes = 131072
	socket.connection.setup.timeout.max.ms = 30000
	socket.connection.setup.timeout.ms = 10000
	ssl.cipher.suites = null
	ssl.enabled.protocols = [TLSv1.2, TLSv1.3]
	ssl.endpoint.identification.algorithm = https
	ssl.engine.factory.class = null
	ssl.key.password = null
	ssl.keymanager.algorithm = SunX509
	ssl.keystore.certificate.chain = null
	ssl.keystore.key = null
	ssl.keystore.location = null
	ssl.keystore.password = null
	ssl.keystore.type = JKS
	ssl.protocol = TLSv1.3
	ssl.provider = null
	ssl.secure.random.implementation = null
	ssl.trustmanager.algorithm = PKIX
	ssl.truststore.certificates = null
	ssl.truststore.location = null
	ssl.truststore.password = null
	ssl.truststore.type = JKS
	transaction.timeout.ms = 60000
	transactional.id = null
	value.serializer = class io.confluent.kafka.serializers.KafkaAvroSerializer

2025-07-31 17:02:53,924 INFO  [org.apa.kaf.com.tel.int.KafkaMetricsCollector] (main) initializing Kafka metrics collector
2025-07-31 17:02:53,925 INFO  [io.con.kaf.ser.KafkaAvroSerializerConfig] (main) KafkaAvroSerializerConfig values: 
	auto.register.schemas = false
	avro.reflection.allow.null = false
	avro.remove.java.properties = false
	avro.use.logical.type.converters = false
	basic.auth.credentials.source = URL
	basic.auth.user.info = [hidden]
	bearer.auth.cache.expiry.buffer.seconds = 300
	bearer.auth.client.id = null
	bearer.auth.client.secret = null
	bearer.auth.credentials.source = STATIC_TOKEN
	bearer.auth.custom.provider.class = null
	bearer.auth.identity.pool.id = null
	bearer.auth.issuer.endpoint.url = null
	bearer.auth.logical.cluster = null
	bearer.auth.scope = null
	bearer.auth.scope.claim.name = scope
	bearer.auth.sub.claim.name = sub
	bearer.auth.token = [hidden]
	context.name.strategy = class io.confluent.kafka.serializers.context.NullContextNameStrategy
	http.connect.timeout.ms = 60000
	http.read.timeout.ms = 60000
	id.compatibility.strict = true
	key.schema.id.deserializer = class io.confluent.kafka.serializers.schema.id.DualSchemaIdDeserializer
	key.schema.id.serializer = class io.confluent.kafka.serializers.schema.id.PrefixSchemaIdSerializer
	key.subject.name.strategy = class io.confluent.kafka.serializers.subject.TopicNameStrategy
	latest.cache.size = 1000
	latest.cache.ttl.sec = -1
	latest.compatibility.strict = true
	max.retries = 3
	max.schemas.per.subject = 1000
	normalize.schemas = false
	propagate.schema.tags = false
	proxy.host = 
	proxy.port = -1
	retries.max.wait.ms = 20000
	retries.wait.ms = 1000
	rule.actions = []
	rule.executors = []
	rule.service.loader.enable = true
	schema.format = null
	schema.reflection = false
	schema.registry.basic.auth.user.info = [hidden]
	schema.registry.ssl.cipher.suites = null
	schema.registry.ssl.enabled.protocols = [TLSv1.2, TLSv1.3]
	schema.registry.ssl.endpoint.identification.algorithm = https
	schema.registry.ssl.engine.factory.class = null
	schema.registry.ssl.key.password = null
	schema.registry.ssl.keymanager.algorithm = SunX509
	schema.registry.ssl.keystore.certificate.chain = null
	schema.registry.ssl.keystore.key = null
	schema.registry.ssl.keystore.location = null
	schema.registry.ssl.keystore.password = null
	schema.registry.ssl.keystore.type = JKS
	schema.registry.ssl.protocol = TLSv1.3
	schema.registry.ssl.provider = null
	schema.registry.ssl.secure.random.implementation = null
	schema.registry.ssl.trustmanager.algorithm = PKIX
	schema.registry.ssl.truststore.certificates = null
	schema.registry.ssl.truststore.location = null
	schema.registry.ssl.truststore.password = null
	schema.registry.ssl.truststore.type = JKS
	schema.registry.url = [http://registry-app-postgresql.apps.ci419.apicurio-testing.org:80/apis/ccompat/v7]
	schema.registry.url.randomize = false
	use.latest.version = false
	use.latest.with.metadata = null
	use.schema.id = -1
	value.schema.id.deserializer = class io.confluent.kafka.serializers.schema.id.DualSchemaIdDeserializer
	value.schema.id.serializer = class io.confluent.kafka.serializers.schema.id.PrefixSchemaIdSerializer
	value.subject.name.strategy = class io.confluent.kafka.serializers.subject.TopicRecordNameStrategy

2025-07-31 17:02:53,926 INFO  [org.apa.kaf.cli.pro.KafkaProducer] (main) [Producer clientId=Producer-topic-9f84c1f2_a1d7_424f_b65b_419ca30869e9] Instantiated an idempotent producer.
2025-07-31 17:02:53,928 INFO  [org.apa.kaf.cli.pro.ProducerConfig] (main) These configurations '[schema.registry.url, auto.register.schemas, value.subject.name.strategy]' were supplied but are not used yet.
2025-07-31 17:02:53,928 INFO  [org.apa.kaf.com.uti.AppInfoParser] (main) Kafka version: 3.9.1
2025-07-31 17:02:53,928 INFO  [org.apa.kaf.com.uti.AppInfoParser] (main) Kafka commitId: f745dfdcee2b9851
2025-07-31 17:02:53,928 INFO  [org.apa.kaf.com.uti.AppInfoParser] (main) Kafka startTimeMs: 1753981373928
2025-07-31 17:02:53,928 INFO  [io.api.tes.ser.api.KafkaSerdesTester] (Thread-868) Sending message {"key1": "value-0", "key2": "value-0"} to topic topic-9f84c1f2_a1d7_424f_b65b_419ca30869e9
2025-07-31 17:02:53,931 INFO  [org.apa.kaf.cli.Metadata] (kafka-producer-network-thread | Producer-topic-9f84c1f2_a1d7_424f_b65b_419ca30869e9) [Producer clientId=Producer-topic-9f84c1f2_a1d7_424f_b65b_419ca30869e9] Cluster ID: alGoLOtfQj2F2-zKWHmvbA
2025-07-31 17:02:53,931 INFO  [org.apa.kaf.cli.pro.int.TransactionManager] (kafka-producer-network-thread | Producer-topic-9f84c1f2_a1d7_424f_b65b_419ca30869e9) [Producer clientId=Producer-topic-9f84c1f2_a1d7_424f_b65b_419ca30869e9] ProducerId set to 45 with epoch 0
2025-07-31 17:02:53,949 INFO  [io.api.tes.ser.api.KafkaSerdesTester] (Thread-868) Sending message {"key1": "value-1", "key2": "value-1"} to topic topic-9f84c1f2_a1d7_424f_b65b_419ca30869e9
2025-07-31 17:02:53,951 INFO  [io.api.tes.ser.api.KafkaSerdesTester] (Thread-868) Sending message {"key1": "value-2", "key2": "value-2"} to topic topic-9f84c1f2_a1d7_424f_b65b_419ca30869e9
2025-07-31 17:02:53,952 INFO  [io.api.tes.ser.api.KafkaSerdesTester] (Thread-868) Sending message {"key1": "value-3", "key2": "value-3"} to topic topic-9f84c1f2_a1d7_424f_b65b_419ca30869e9
2025-07-31 17:02:53,953 INFO  [io.api.tes.ser.api.KafkaSerdesTester] (Thread-868) Sending message {"key1": "value-4", "key2": "value-4"} to topic topic-9f84c1f2_a1d7_424f_b65b_419ca30869e9
2025-07-31 17:02:53,954 INFO  [io.api.tes.ser.api.KafkaSerdesTester] (Thread-868) Sending message {"key1": "value-5", "key2": "value-5"} to topic topic-9f84c1f2_a1d7_424f_b65b_419ca30869e9
2025-07-31 17:02:53,955 INFO  [io.api.tes.ser.api.KafkaSerdesTester] (Thread-868) Sending message {"key1": "value-6", "key2": "value-6"} to topic topic-9f84c1f2_a1d7_424f_b65b_419ca30869e9
2025-07-31 17:02:53,961 INFO  [io.api.tes.ser.api.KafkaSerdesTester] (Thread-868) Sending message {"key1": "value-7", "key2": "value-7"} to topic topic-9f84c1f2_a1d7_424f_b65b_419ca30869e9
2025-07-31 17:02:53,963 INFO  [io.api.tes.ser.api.KafkaSerdesTester] (Thread-868) Sending message {"key1": "value-8", "key2": "value-8"} to topic topic-9f84c1f2_a1d7_424f_b65b_419ca30869e9
2025-07-31 17:02:53,964 INFO  [io.api.tes.ser.api.KafkaSerdesTester] (Thread-868) Sending message {"key1": "value-9", "key2": "value-9"} to topic topic-9f84c1f2_a1d7_424f_b65b_419ca30869e9
2025-07-31 17:02:53,965 INFO  [io.api.tes.ser.api.KafkaSerdesTester] (Thread-868) Produced 10 messages
2025-07-31 17:02:53,965 INFO  [org.apa.kaf.cli.pro.KafkaProducer] (Thread-868) [Producer clientId=Producer-topic-9f84c1f2_a1d7_424f_b65b_419ca30869e9] Closing the Kafka producer with timeoutMillis = 9223372036854775807 ms.
2025-07-31 17:02:53,968 INFO  [org.apa.kaf.com.met.Metrics] (Thread-868) Metrics scheduler closed
2025-07-31 17:02:53,968 INFO  [org.apa.kaf.com.met.Metrics] (Thread-868) Closing reporter org.apache.kafka.common.metrics.JmxReporter
2025-07-31 17:02:53,968 INFO  [org.apa.kaf.com.met.Metrics] (Thread-868) Closing reporter org.apache.kafka.common.telemetry.internals.ClientTelemetryReporter
2025-07-31 17:02:53,968 INFO  [org.apa.kaf.com.met.Metrics] (Thread-868) Metrics reporters closed
2025-07-31 17:02:53,968 INFO  [org.apa.kaf.com.uti.AppInfoParser] (Thread-868) App info kafka.producer for Producer-topic-9f84c1f2_a1d7_424f_b65b_419ca30869e9 unregistered
**** Registry Base URL: http://registry-app-postgresql.apps.ci419.apicurio-testing.org:80
2025-07-31 17:02:53,969 INFO  [org.apa.kaf.cli.pro.ProducerConfig] (main) ProducerConfig values: 
	acks = -1
	auto.include.jmx.reporter = true
	batch.size = 16384
	bootstrap.servers = [PLAINTEXT://localhost:32770]
	buffer.memory = 33554432
	client.dns.lookup = use_all_dns_ips
	client.id = Producer-topic-9f84c1f2_a1d7_424f_b65b_419ca30869e9
	compression.gzip.level = -1
	compression.lz4.level = 9
	compression.type = none
	compression.zstd.level = 3
	connections.max.idle.ms = 10000
	delivery.timeout.ms = 120000
	enable.idempotence = true
	enable.metrics.push = true
	interceptor.classes = []
	key.serializer = class org.apache.kafka.common.serialization.StringSerializer
	linger.ms = 0
	max.block.ms = 60000
	max.in.flight.requests.per.connection = 5
	max.request.size = 1048576
	metadata.max.age.ms = 300000
	metadata.max.idle.ms = 300000
	metadata.recovery.strategy = none
	metric.reporters = []
	metrics.num.samples = 2
	metrics.recording.level = INFO
	metrics.sample.window.ms = 30000
	partitioner.adaptive.partitioning.enable = true
	partitioner.availability.timeout.ms = 0
	partitioner.class = null
	partitioner.ignore.keys = false
	receive.buffer.bytes = 32768
	reconnect.backoff.max.ms = 1000
	reconnect.backoff.ms = 50
	request.timeout.ms = 5000
	retries = 2147483647
	retry.backoff.max.ms = 1000
	retry.backoff.ms = 100
	sasl.client.callback.handler.class = null
	sasl.jaas.config = null
	sasl.kerberos.kinit.cmd = /usr/bin/kinit
	sasl.kerberos.min.time.before.relogin = 60000
	sasl.kerberos.service.name = null
	sasl.kerberos.ticket.renew.jitter = 0.05
	sasl.kerberos.ticket.renew.window.factor = 0.8
	sasl.login.callback.handler.class = null
	sasl.login.class = null
	sasl.login.connect.timeout.ms = null
	sasl.login.read.timeout.ms = null
	sasl.login.refresh.buffer.seconds = 300
	sasl.login.refresh.min.period.seconds = 60
	sasl.login.refresh.window.factor = 0.8
	sasl.login.refresh.window.jitter = 0.05
	sasl.login.retry.backoff.max.ms = 10000
	sasl.login.retry.backoff.ms = 100
	sasl.mechanism = GSSAPI
	sasl.oauthbearer.clock.skew.seconds = 30
	sasl.oauthbearer.expected.audience = null
	sasl.oauthbearer.expected.issuer = null
	sasl.oauthbearer.header.urlencode = false
	sasl.oauthbearer.jwks.endpoint.refresh.ms = 3600000
	sasl.oauthbearer.jwks.endpoint.retry.backoff.max.ms = 10000
	sasl.oauthbearer.jwks.endpoint.retry.backoff.ms = 100
	sasl.oauthbearer.jwks.endpoint.url = null
	sasl.oauthbearer.scope.claim.name = scope
	sasl.oauthbearer.sub.claim.name = sub
	sasl.oauthbearer.token.endpoint.url = null
	security.protocol = PLAINTEXT
	security.providers = null
	send.buffer.bytes = 131072
	socket.connection.setup.timeout.max.ms = 30000
	socket.connection.setup.timeout.ms = 10000
	ssl.cipher.suites = null
	ssl.enabled.protocols = [TLSv1.2, TLSv1.3]
	ssl.endpoint.identification.algorithm = https
	ssl.engine.factory.class = null
	ssl.key.password = null
	ssl.keymanager.algorithm = SunX509
	ssl.keystore.certificate.chain = null
	ssl.keystore.key = null
	ssl.keystore.location = null
	ssl.keystore.password = null
	ssl.keystore.type = JKS
	ssl.protocol = TLSv1.3
	ssl.provider = null
	ssl.secure.random.implementation = null
	ssl.trustmanager.algorithm = PKIX
	ssl.truststore.certificates = null
	ssl.truststore.location = null
	ssl.truststore.password = null
	ssl.truststore.type = JKS
	transaction.timeout.ms = 60000
	transactional.id = null
	value.serializer = class io.confluent.kafka.serializers.KafkaAvroSerializer

2025-07-31 17:02:53,969 INFO  [org.apa.kaf.com.tel.int.KafkaMetricsCollector] (main) initializing Kafka metrics collector
2025-07-31 17:02:53,969 INFO  [io.con.kaf.ser.KafkaAvroSerializerConfig] (main) KafkaAvroSerializerConfig values: 
	auto.register.schemas = false
	avro.reflection.allow.null = false
	avro.remove.java.properties = false
	avro.use.logical.type.converters = false
	basic.auth.credentials.source = URL
	basic.auth.user.info = [hidden]
	bearer.auth.cache.expiry.buffer.seconds = 300
	bearer.auth.client.id = null
	bearer.auth.client.secret = null
	bearer.auth.credentials.source = STATIC_TOKEN
	bearer.auth.custom.provider.class = null
	bearer.auth.identity.pool.id = null
	bearer.auth.issuer.endpoint.url = null
	bearer.auth.logical.cluster = null
	bearer.auth.scope = null
	bearer.auth.scope.claim.name = scope
	bearer.auth.sub.claim.name = sub
	bearer.auth.token = [hidden]
	context.name.strategy = class io.confluent.kafka.serializers.context.NullContextNameStrategy
	http.connect.timeout.ms = 60000
	http.read.timeout.ms = 60000
	id.compatibility.strict = true
	key.schema.id.deserializer = class io.confluent.kafka.serializers.schema.id.DualSchemaIdDeserializer
	key.schema.id.serializer = class io.confluent.kafka.serializers.schema.id.PrefixSchemaIdSerializer
	key.subject.name.strategy = class io.confluent.kafka.serializers.subject.TopicNameStrategy
	latest.cache.size = 1000
	latest.cache.ttl.sec = -1
	latest.compatibility.strict = true
	max.retries = 3
	max.schemas.per.subject = 1000
	normalize.schemas = false
	propagate.schema.tags = false
	proxy.host = 
	proxy.port = -1
	retries.max.wait.ms = 20000
	retries.wait.ms = 1000
	rule.actions = []
	rule.executors = []
	rule.service.loader.enable = true
	schema.format = null
	schema.reflection = false
	schema.registry.basic.auth.user.info = [hidden]
	schema.registry.ssl.cipher.suites = null
	schema.registry.ssl.enabled.protocols = [TLSv1.2, TLSv1.3]
	schema.registry.ssl.endpoint.identification.algorithm = https
	schema.registry.ssl.engine.factory.class = null
	schema.registry.ssl.key.password = null
	schema.registry.ssl.keymanager.algorithm = SunX509
	schema.registry.ssl.keystore.certificate.chain = null
	schema.registry.ssl.keystore.key = null
	schema.registry.ssl.keystore.location = null
	schema.registry.ssl.keystore.password = null
	schema.registry.ssl.keystore.type = JKS
	schema.registry.ssl.protocol = TLSv1.3
	schema.registry.ssl.provider = null
	schema.registry.ssl.secure.random.implementation = null
	schema.registry.ssl.trustmanager.algorithm = PKIX
	schema.registry.ssl.truststore.certificates = null
	schema.registry.ssl.truststore.location = null
	schema.registry.ssl.truststore.password = null
	schema.registry.ssl.truststore.type = JKS
	schema.registry.url = [http://registry-app-postgresql.apps.ci419.apicurio-testing.org:80/apis/ccompat/v7]
	schema.registry.url.randomize = false
	use.latest.version = false
	use.latest.with.metadata = null
	use.schema.id = -1
	value.schema.id.deserializer = class io.confluent.kafka.serializers.schema.id.DualSchemaIdDeserializer
	value.schema.id.serializer = class io.confluent.kafka.serializers.schema.id.PrefixSchemaIdSerializer
	value.subject.name.strategy = class io.confluent.kafka.serializers.subject.TopicRecordNameStrategy

2025-07-31 17:02:53,971 INFO  [org.apa.kaf.cli.pro.KafkaProducer] (main) [Producer clientId=Producer-topic-9f84c1f2_a1d7_424f_b65b_419ca30869e9] Instantiated an idempotent producer.
2025-07-31 17:02:53,973 INFO  [org.apa.kaf.cli.pro.ProducerConfig] (main) These configurations '[schema.registry.url, auto.register.schemas, value.subject.name.strategy]' were supplied but are not used yet.
2025-07-31 17:02:53,973 INFO  [org.apa.kaf.com.uti.AppInfoParser] (main) Kafka version: 3.9.1
2025-07-31 17:02:53,973 INFO  [org.apa.kaf.com.uti.AppInfoParser] (main) Kafka commitId: f745dfdcee2b9851
2025-07-31 17:02:53,973 INFO  [org.apa.kaf.com.uti.AppInfoParser] (main) Kafka startTimeMs: 1753981373973
2025-07-31 17:02:53,974 INFO  [io.api.tes.ser.api.KafkaSerdesTester] (Thread-869) Sending message {"key1": "value-0"} to topic topic-9f84c1f2_a1d7_424f_b65b_419ca30869e9
2025-07-31 17:02:53,976 INFO  [org.apa.kaf.cli.Metadata] (kafka-producer-network-thread | Producer-topic-9f84c1f2_a1d7_424f_b65b_419ca30869e9) [Producer clientId=Producer-topic-9f84c1f2_a1d7_424f_b65b_419ca30869e9] Cluster ID: alGoLOtfQj2F2-zKWHmvbA
2025-07-31 17:02:53,977 INFO  [org.apa.kaf.cli.pro.int.TransactionManager] (kafka-producer-network-thread | Producer-topic-9f84c1f2_a1d7_424f_b65b_419ca30869e9) [Producer clientId=Producer-topic-9f84c1f2_a1d7_424f_b65b_419ca30869e9] ProducerId set to 46 with epoch 0
2025-07-31 17:02:53,994 INFO  [io.api.tes.ser.api.KafkaSerdesTester] (Thread-869) Sending message {"key1": "value-1"} to topic topic-9f84c1f2_a1d7_424f_b65b_419ca30869e9
2025-07-31 17:02:53,995 INFO  [io.api.tes.ser.api.KafkaSerdesTester] (Thread-869) Sending message {"key1": "value-2"} to topic topic-9f84c1f2_a1d7_424f_b65b_419ca30869e9
2025-07-31 17:02:53,996 INFO  [io.api.tes.ser.api.KafkaSerdesTester] (Thread-869) Sending message {"key1": "value-3"} to topic topic-9f84c1f2_a1d7_424f_b65b_419ca30869e9
2025-07-31 17:02:53,997 INFO  [io.api.tes.ser.api.KafkaSerdesTester] (Thread-869) Sending message {"key1": "value-4"} to topic topic-9f84c1f2_a1d7_424f_b65b_419ca30869e9
2025-07-31 17:02:53,998 INFO  [io.api.tes.ser.api.KafkaSerdesTester] (Thread-869) Sending message {"key1": "value-5"} to topic topic-9f84c1f2_a1d7_424f_b65b_419ca30869e9
2025-07-31 17:02:53,999 INFO  [io.api.tes.ser.api.KafkaSerdesTester] (Thread-869) Sending message {"key1": "value-6"} to topic topic-9f84c1f2_a1d7_424f_b65b_419ca30869e9
2025-07-31 17:02:54,000 INFO  [io.api.tes.ser.api.KafkaSerdesTester] (Thread-869) Sending message {"key1": "value-7"} to topic topic-9f84c1f2_a1d7_424f_b65b_419ca30869e9
2025-07-31 17:02:54,001 INFO  [io.api.tes.ser.api.KafkaSerdesTester] (Thread-869) Sending message {"key1": "value-8"} to topic topic-9f84c1f2_a1d7_424f_b65b_419ca30869e9
2025-07-31 17:02:54,002 INFO  [io.api.tes.ser.api.KafkaSerdesTester] (Thread-869) Sending message {"key1": "value-9"} to topic topic-9f84c1f2_a1d7_424f_b65b_419ca30869e9
2025-07-31 17:02:54,002 INFO  [io.api.tes.ser.api.KafkaSerdesTester] (Thread-869) Produced 10 messages
2025-07-31 17:02:54,002 INFO  [org.apa.kaf.cli.pro.KafkaProducer] (Thread-869) [Producer clientId=Producer-topic-9f84c1f2_a1d7_424f_b65b_419ca30869e9] Closing the Kafka producer with timeoutMillis = 9223372036854775807 ms.
2025-07-31 17:02:54,004 INFO  [org.apa.kaf.com.met.Metrics] (Thread-869) Metrics scheduler closed
2025-07-31 17:02:54,004 INFO  [org.apa.kaf.com.met.Metrics] (Thread-869) Closing reporter org.apache.kafka.common.metrics.JmxReporter
2025-07-31 17:02:54,004 INFO  [org.apa.kaf.com.met.Metrics] (Thread-869) Closing reporter org.apache.kafka.common.telemetry.internals.ClientTelemetryReporter
2025-07-31 17:02:54,004 INFO  [org.apa.kaf.com.met.Metrics] (Thread-869) Metrics reporters closed
2025-07-31 17:02:54,004 INFO  [org.apa.kaf.com.uti.AppInfoParser] (Thread-869) App info kafka.producer for Producer-topic-9f84c1f2_a1d7_424f_b65b_419ca30869e9 unregistered
**** Registry Base URL: http://registry-app-postgresql.apps.ci419.apicurio-testing.org:80
2025-07-31 17:02:54,004 INFO  [org.apa.kaf.cli.con.ConsumerConfig] (main) ConsumerConfig values: 
	allow.auto.create.topics = true
	auto.commit.interval.ms = 500
	auto.include.jmx.reporter = true
	auto.offset.reset = earliest
	bootstrap.servers = [PLAINTEXT://localhost:32770]
	check.crcs = true
	client.dns.lookup = use_all_dns_ips
	client.id = consumer-Consumer-topic-9f84c1f2_a1d7_424f_b65b_419ca30869e9-35
	client.rack = 
	connections.max.idle.ms = 10000
	default.api.timeout.ms = 60000
	enable.auto.commit = true
	enable.metrics.push = true
	exclude.internal.topics = true
	fetch.max.bytes = 52428800
	fetch.max.wait.ms = 500
	fetch.min.bytes = 1
	group.id = Consumer-topic-9f84c1f2_a1d7_424f_b65b_419ca30869e9
	group.instance.id = null
	group.protocol = classic
	group.remote.assignor = null
	heartbeat.interval.ms = 3000
	interceptor.classes = []
	internal.leave.group.on.close = true
	internal.throw.on.fetch.stable.offset.unsupported = false
	isolation.level = read_uncommitted
	key.deserializer = class org.apache.kafka.common.serialization.StringDeserializer
	max.partition.fetch.bytes = 1048576
	max.poll.interval.ms = 300000
	max.poll.records = 500
	metadata.max.age.ms = 300000
	metadata.recovery.strategy = none
	metric.reporters = []
	metrics.num.samples = 2
	metrics.recording.level = INFO
	metrics.sample.window.ms = 30000
	partition.assignment.strategy = [class org.apache.kafka.clients.consumer.RangeAssignor, class org.apache.kafka.clients.consumer.CooperativeStickyAssignor]
	receive.buffer.bytes = 65536
	reconnect.backoff.max.ms = 1000
	reconnect.backoff.ms = 50
	request.timeout.ms = 5000
	retry.backoff.max.ms = 1000
	retry.backoff.ms = 100
	sasl.client.callback.handler.class = null
	sasl.jaas.config = null
	sasl.kerberos.kinit.cmd = /usr/bin/kinit
	sasl.kerberos.min.time.before.relogin = 60000
	sasl.kerberos.service.name = null
	sasl.kerberos.ticket.renew.jitter = 0.05
	sasl.kerberos.ticket.renew.window.factor = 0.8
	sasl.login.callback.handler.class = null
	sasl.login.class = null
	sasl.login.connect.timeout.ms = null
	sasl.login.read.timeout.ms = null
	sasl.login.refresh.buffer.seconds = 300
	sasl.login.refresh.min.period.seconds = 60
	sasl.login.refresh.window.factor = 0.8
	sasl.login.refresh.window.jitter = 0.05
	sasl.login.retry.backoff.max.ms = 10000
	sasl.login.retry.backoff.ms = 100
	sasl.mechanism = GSSAPI
	sasl.oauthbearer.clock.skew.seconds = 30
	sasl.oauthbearer.expected.audience = null
	sasl.oauthbearer.expected.issuer = null
	sasl.oauthbearer.header.urlencode = false
	sasl.oauthbearer.jwks.endpoint.refresh.ms = 3600000
	sasl.oauthbearer.jwks.endpoint.retry.backoff.max.ms = 10000
	sasl.oauthbearer.jwks.endpoint.retry.backoff.ms = 100
	sasl.oauthbearer.jwks.endpoint.url = null
	sasl.oauthbearer.scope.claim.name = scope
	sasl.oauthbearer.sub.claim.name = sub
	sasl.oauthbearer.token.endpoint.url = null
	security.protocol = PLAINTEXT
	security.providers = null
	send.buffer.bytes = 131072
	session.timeout.ms = 45000
	socket.connection.setup.timeout.max.ms = 30000
	socket.connection.setup.timeout.ms = 10000
	ssl.cipher.suites = null
	ssl.enabled.protocols = [TLSv1.2, TLSv1.3]
	ssl.endpoint.identification.algorithm = https
	ssl.engine.factory.class = null
	ssl.key.password = null
	ssl.keymanager.algorithm = SunX509
	ssl.keystore.certificate.chain = null
	ssl.keystore.key = null
	ssl.keystore.location = null
	ssl.keystore.password = null
	ssl.keystore.type = JKS
	ssl.protocol = TLSv1.3
	ssl.provider = null
	ssl.secure.random.implementation = null
	ssl.trustmanager.algorithm = PKIX
	ssl.truststore.certificates = null
	ssl.truststore.location = null
	ssl.truststore.password = null
	ssl.truststore.type = JKS
	value.deserializer = class io.confluent.kafka.serializers.KafkaAvroDeserializer

2025-07-31 17:02:54,005 INFO  [org.apa.kaf.com.tel.int.KafkaMetricsCollector] (main) initializing Kafka metrics collector
2025-07-31 17:02:54,005 INFO  [io.con.kaf.ser.KafkaAvroDeserializerConfig] (main) KafkaAvroDeserializerConfig values: 
	auto.register.schemas = true
	avro.reflection.allow.null = false
	avro.use.logical.type.converters = false
	basic.auth.credentials.source = URL
	basic.auth.user.info = [hidden]
	bearer.auth.cache.expiry.buffer.seconds = 300
	bearer.auth.client.id = null
	bearer.auth.client.secret = null
	bearer.auth.credentials.source = STATIC_TOKEN
	bearer.auth.custom.provider.class = null
	bearer.auth.identity.pool.id = null
	bearer.auth.issuer.endpoint.url = null
	bearer.auth.logical.cluster = null
	bearer.auth.scope = null
	bearer.auth.scope.claim.name = scope
	bearer.auth.sub.claim.name = sub
	bearer.auth.token = [hidden]
	context.name.strategy = class io.confluent.kafka.serializers.context.NullContextNameStrategy
	http.connect.timeout.ms = 60000
	http.read.timeout.ms = 60000
	id.compatibility.strict = true
	key.schema.id.deserializer = class io.confluent.kafka.serializers.schema.id.DualSchemaIdDeserializer
	key.schema.id.serializer = class io.confluent.kafka.serializers.schema.id.PrefixSchemaIdSerializer
	key.subject.name.strategy = class io.confluent.kafka.serializers.subject.TopicNameStrategy
	latest.cache.size = 1000
	latest.cache.ttl.sec = -1
	latest.compatibility.strict = true
	max.retries = 3
	max.schemas.per.subject = 1000
	normalize.schemas = false
	propagate.schema.tags = false
	proxy.host = 
	proxy.port = -1
	retries.max.wait.ms = 20000
	retries.wait.ms = 1000
	rule.actions = []
	rule.executors = []
	rule.service.loader.enable = true
	schema.format = null
	schema.reflection = false
	schema.registry.basic.auth.user.info = [hidden]
	schema.registry.ssl.cipher.suites = null
	schema.registry.ssl.enabled.protocols = [TLSv1.2, TLSv1.3]
	schema.registry.ssl.endpoint.identification.algorithm = https
	schema.registry.ssl.engine.factory.class = null
	schema.registry.ssl.key.password = null
	schema.registry.ssl.keymanager.algorithm = SunX509
	schema.registry.ssl.keystore.certificate.chain = null
	schema.registry.ssl.keystore.key = null
	schema.registry.ssl.keystore.location = null
	schema.registry.ssl.keystore.password = null
	schema.registry.ssl.keystore.type = JKS
	schema.registry.ssl.protocol = TLSv1.3
	schema.registry.ssl.provider = null
	schema.registry.ssl.secure.random.implementation = null
	schema.registry.ssl.trustmanager.algorithm = PKIX
	schema.registry.ssl.truststore.certificates = null
	schema.registry.ssl.truststore.location = null
	schema.registry.ssl.truststore.password = null
	schema.registry.ssl.truststore.type = JKS
	schema.registry.url = [http://registry-app-postgresql.apps.ci419.apicurio-testing.org:80/apis/ccompat/v7]
	schema.registry.url.randomize = false
	specific.avro.key.type = null
	specific.avro.reader = false
	specific.avro.value.type = null
	use.latest.version = false
	use.latest.with.metadata = null
	use.schema.id = -1
	value.schema.id.deserializer = class io.confluent.kafka.serializers.schema.id.DualSchemaIdDeserializer
	value.schema.id.serializer = class io.confluent.kafka.serializers.schema.id.PrefixSchemaIdSerializer
	value.subject.name.strategy = class io.confluent.kafka.serializers.subject.TopicNameStrategy

2025-07-31 17:02:54,009 INFO  [org.apa.kaf.cli.con.ConsumerConfig] (main) These configurations '[schema.registry.url]' were supplied but are not used yet.
2025-07-31 17:02:54,009 INFO  [org.apa.kaf.com.uti.AppInfoParser] (main) Kafka version: 3.9.1
2025-07-31 17:02:54,009 INFO  [org.apa.kaf.com.uti.AppInfoParser] (main) Kafka commitId: f745dfdcee2b9851
2025-07-31 17:02:54,009 INFO  [org.apa.kaf.com.uti.AppInfoParser] (main) Kafka startTimeMs: 1753981374009
2025-07-31 17:02:54,010 INFO  [org.apa.kaf.cli.con.int.ClassicKafkaConsumer] (Thread-870) [Consumer clientId=consumer-Consumer-topic-9f84c1f2_a1d7_424f_b65b_419ca30869e9-35, groupId=Consumer-topic-9f84c1f2_a1d7_424f_b65b_419ca30869e9] Subscribed to topic(s): topic-9f84c1f2_a1d7_424f_b65b_419ca30869e9
2025-07-31 17:02:54,014 INFO  [org.apa.kaf.cli.Metadata] (Thread-870) [Consumer clientId=consumer-Consumer-topic-9f84c1f2_a1d7_424f_b65b_419ca30869e9-35, groupId=Consumer-topic-9f84c1f2_a1d7_424f_b65b_419ca30869e9] Cluster ID: alGoLOtfQj2F2-zKWHmvbA
2025-07-31 17:02:54,015 INFO  [org.apa.kaf.cli.con.int.ConsumerCoordinator] (Thread-870) [Consumer clientId=consumer-Consumer-topic-9f84c1f2_a1d7_424f_b65b_419ca30869e9-35, groupId=Consumer-topic-9f84c1f2_a1d7_424f_b65b_419ca30869e9] Discovered group coordinator localhost:32770 (id: 2147483647 rack: null)
2025-07-31 17:02:54,016 INFO  [org.apa.kaf.cli.con.int.ConsumerCoordinator] (Thread-870) [Consumer clientId=consumer-Consumer-topic-9f84c1f2_a1d7_424f_b65b_419ca30869e9-35, groupId=Consumer-topic-9f84c1f2_a1d7_424f_b65b_419ca30869e9] (Re-)joining group
2025-07-31 17:02:54,018 INFO  [org.apa.kaf.cli.con.int.ConsumerCoordinator] (Thread-870) [Consumer clientId=consumer-Consumer-topic-9f84c1f2_a1d7_424f_b65b_419ca30869e9-35, groupId=Consumer-topic-9f84c1f2_a1d7_424f_b65b_419ca30869e9] Request joining group due to: need to re-join with the given member-id: consumer-Consumer-topic-9f84c1f2_a1d7_424f_b65b_419ca30869e9-35-6b378df6-ca98-4f39-a551-f5bc3678d25e
2025-07-31 17:02:54,019 INFO  [org.apa.kaf.cli.con.int.ConsumerCoordinator] (Thread-870) [Consumer clientId=consumer-Consumer-topic-9f84c1f2_a1d7_424f_b65b_419ca30869e9-35, groupId=Consumer-topic-9f84c1f2_a1d7_424f_b65b_419ca30869e9] (Re-)joining group
2025-07-31 17:02:54,020 INFO  [org.apa.kaf.cli.con.int.ConsumerCoordinator] (Thread-870) [Consumer clientId=consumer-Consumer-topic-9f84c1f2_a1d7_424f_b65b_419ca30869e9-35, groupId=Consumer-topic-9f84c1f2_a1d7_424f_b65b_419ca30869e9] Successfully joined group with generation Generation{generationId=3, memberId='consumer-Consumer-topic-9f84c1f2_a1d7_424f_b65b_419ca30869e9-35-6b378df6-ca98-4f39-a551-f5bc3678d25e', protocol='range'}
2025-07-31 17:02:54,021 INFO  [org.apa.kaf.cli.con.int.ConsumerCoordinator] (Thread-870) [Consumer clientId=consumer-Consumer-topic-9f84c1f2_a1d7_424f_b65b_419ca30869e9-35, groupId=Consumer-topic-9f84c1f2_a1d7_424f_b65b_419ca30869e9] Finished assignment for group at generation 3: {consumer-Consumer-topic-9f84c1f2_a1d7_424f_b65b_419ca30869e9-35-6b378df6-ca98-4f39-a551-f5bc3678d25e=Assignment(partitions=[topic-9f84c1f2_a1d7_424f_b65b_419ca30869e9-0])}
2025-07-31 17:02:54,028 INFO  [org.apa.kaf.cli.con.int.ConsumerCoordinator] (Thread-870) [Consumer clientId=consumer-Consumer-topic-9f84c1f2_a1d7_424f_b65b_419ca30869e9-35, groupId=Consumer-topic-9f84c1f2_a1d7_424f_b65b_419ca30869e9] Successfully synced group in generation Generation{generationId=3, memberId='consumer-Consumer-topic-9f84c1f2_a1d7_424f_b65b_419ca30869e9-35-6b378df6-ca98-4f39-a551-f5bc3678d25e', protocol='range'}
2025-07-31 17:02:54,028 INFO  [org.apa.kaf.cli.con.int.ConsumerCoordinator] (Thread-870) [Consumer clientId=consumer-Consumer-topic-9f84c1f2_a1d7_424f_b65b_419ca30869e9-35, groupId=Consumer-topic-9f84c1f2_a1d7_424f_b65b_419ca30869e9] Notifying assignor about the new Assignment(partitions=[topic-9f84c1f2_a1d7_424f_b65b_419ca30869e9-0])
2025-07-31 17:02:54,030 INFO  [org.apa.kaf.cli.con.int.ConsumerRebalanceListenerInvoker] (Thread-870) [Consumer clientId=consumer-Consumer-topic-9f84c1f2_a1d7_424f_b65b_419ca30869e9-35, groupId=Consumer-topic-9f84c1f2_a1d7_424f_b65b_419ca30869e9] Adding newly assigned partitions: topic-9f84c1f2_a1d7_424f_b65b_419ca30869e9-0
2025-07-31 17:02:54,031 INFO  [org.apa.kaf.cli.con.int.ConsumerUtils] (Thread-870) Setting offset for partition topic-9f84c1f2_a1d7_424f_b65b_419ca30869e9-0 to the committed offset FetchPosition{offset=10, offsetEpoch=Optional[0], currentLeader=LeaderAndEpoch{leader=Optional[localhost:32770 (id: 0 rack: null)], epoch=0}}
2025-07-31 17:02:54,065 INFO  [io.api.tes.ser.api.KafkaSerdesTester] (Thread-870) topic-9f84c1f2_a1d7_424f_b65b_419ca30869e9 0 10 {"key1": "value-0", "key2": "value-0"}
2025-07-31 17:02:54,065 INFO  [io.api.tes.ser.api.KafkaSerdesTester] (Thread-870) topic-9f84c1f2_a1d7_424f_b65b_419ca30869e9 0 11 {"key1": "value-1", "key2": "value-1"}
2025-07-31 17:02:54,065 INFO  [io.api.tes.ser.api.KafkaSerdesTester] (Thread-870) topic-9f84c1f2_a1d7_424f_b65b_419ca30869e9 0 12 {"key1": "value-2", "key2": "value-2"}
2025-07-31 17:02:54,065 INFO  [io.api.tes.ser.api.KafkaSerdesTester] (Thread-870) topic-9f84c1f2_a1d7_424f_b65b_419ca30869e9 0 13 {"key1": "value-3", "key2": "value-3"}
2025-07-31 17:02:54,065 INFO  [io.api.tes.ser.api.KafkaSerdesTester] (Thread-870) topic-9f84c1f2_a1d7_424f_b65b_419ca30869e9 0 14 {"key1": "value-4", "key2": "value-4"}
2025-07-31 17:02:54,065 INFO  [io.api.tes.ser.api.KafkaSerdesTester] (Thread-870) topic-9f84c1f2_a1d7_424f_b65b_419ca30869e9 0 15 {"key1": "value-5", "key2": "value-5"}
2025-07-31 17:02:54,065 INFO  [io.api.tes.ser.api.KafkaSerdesTester] (Thread-870) topic-9f84c1f2_a1d7_424f_b65b_419ca30869e9 0 16 {"key1": "value-6", "key2": "value-6"}
2025-07-31 17:02:54,065 INFO  [io.api.tes.ser.api.KafkaSerdesTester] (Thread-870) topic-9f84c1f2_a1d7_424f_b65b_419ca30869e9 0 17 {"key1": "value-7", "key2": "value-7"}
2025-07-31 17:02:54,065 INFO  [io.api.tes.ser.api.KafkaSerdesTester] (Thread-870) topic-9f84c1f2_a1d7_424f_b65b_419ca30869e9 0 18 {"key1": "value-8", "key2": "value-8"}
2025-07-31 17:02:54,065 INFO  [io.api.tes.ser.api.KafkaSerdesTester] (Thread-870) topic-9f84c1f2_a1d7_424f_b65b_419ca30869e9 0 19 {"key1": "value-9", "key2": "value-9"}
2025-07-31 17:02:54,065 INFO  [io.api.tes.ser.api.KafkaSerdesTester] (Thread-870) topic-9f84c1f2_a1d7_424f_b65b_419ca30869e9 0 20 {"key1": "value-0"}
2025-07-31 17:02:54,065 INFO  [io.api.tes.ser.api.KafkaSerdesTester] (Thread-870) topic-9f84c1f2_a1d7_424f_b65b_419ca30869e9 0 21 {"key1": "value-1"}
2025-07-31 17:02:54,065 INFO  [io.api.tes.ser.api.KafkaSerdesTester] (Thread-870) topic-9f84c1f2_a1d7_424f_b65b_419ca30869e9 0 22 {"key1": "value-2"}
2025-07-31 17:02:54,065 INFO  [io.api.tes.ser.api.KafkaSerdesTester] (Thread-870) topic-9f84c1f2_a1d7_424f_b65b_419ca30869e9 0 23 {"key1": "value-3"}
2025-07-31 17:02:54,065 INFO  [io.api.tes.ser.api.KafkaSerdesTester] (Thread-870) topic-9f84c1f2_a1d7_424f_b65b_419ca30869e9 0 24 {"key1": "value-4"}
2025-07-31 17:02:54,065 INFO  [io.api.tes.ser.api.KafkaSerdesTester] (Thread-870) topic-9f84c1f2_a1d7_424f_b65b_419ca30869e9 0 25 {"key1": "value-5"}
2025-07-31 17:02:54,065 INFO  [io.api.tes.ser.api.KafkaSerdesTester] (Thread-870) topic-9f84c1f2_a1d7_424f_b65b_419ca30869e9 0 26 {"key1": "value-6"}
2025-07-31 17:02:54,065 INFO  [io.api.tes.ser.api.KafkaSerdesTester] (Thread-870) topic-9f84c1f2_a1d7_424f_b65b_419ca30869e9 0 27 {"key1": "value-7"}
2025-07-31 17:02:54,065 INFO  [io.api.tes.ser.api.KafkaSerdesTester] (Thread-870) topic-9f84c1f2_a1d7_424f_b65b_419ca30869e9 0 28 {"key1": "value-8"}
2025-07-31 17:02:54,065 INFO  [io.api.tes.ser.api.KafkaSerdesTester] (Thread-870) topic-9f84c1f2_a1d7_424f_b65b_419ca30869e9 0 29 {"key1": "value-9"}
2025-07-31 17:02:54,065 INFO  [io.api.tes.ser.api.KafkaSerdesTester] (Thread-870) Consumed 20 messages
2025-07-31 17:02:54,068 INFO  [org.apa.kaf.cli.con.int.ConsumerRebalanceListenerInvoker] (Thread-870) [Consumer clientId=consumer-Consumer-topic-9f84c1f2_a1d7_424f_b65b_419ca30869e9-35, groupId=Consumer-topic-9f84c1f2_a1d7_424f_b65b_419ca30869e9] Revoke previously assigned partitions topic-9f84c1f2_a1d7_424f_b65b_419ca30869e9-0
2025-07-31 17:02:54,068 INFO  [org.apa.kaf.cli.con.int.ConsumerCoordinator] (Thread-870) [Consumer clientId=consumer-Consumer-topic-9f84c1f2_a1d7_424f_b65b_419ca30869e9-35, groupId=Consumer-topic-9f84c1f2_a1d7_424f_b65b_419ca30869e9] Member consumer-Consumer-topic-9f84c1f2_a1d7_424f_b65b_419ca30869e9-35-6b378df6-ca98-4f39-a551-f5bc3678d25e sending LeaveGroup request to coordinator localhost:32770 (id: 2147483647 rack: null) due to the consumer is being closed
2025-07-31 17:02:54,070 INFO  [org.apa.kaf.cli.con.int.ConsumerCoordinator] (Thread-870) [Consumer clientId=consumer-Consumer-topic-9f84c1f2_a1d7_424f_b65b_419ca30869e9-35, groupId=Consumer-topic-9f84c1f2_a1d7_424f_b65b_419ca30869e9] Resetting generation and member id due to: consumer pro-actively leaving the group
2025-07-31 17:02:54,070 INFO  [org.apa.kaf.cli.con.int.ConsumerCoordinator] (Thread-870) [Consumer clientId=consumer-Consumer-topic-9f84c1f2_a1d7_424f_b65b_419ca30869e9-35, groupId=Consumer-topic-9f84c1f2_a1d7_424f_b65b_419ca30869e9] Request joining group due to: consumer pro-actively leaving the group
2025-07-31 17:02:54,567 INFO  [org.apa.kaf.com.met.Metrics] (Thread-870) Metrics scheduler closed
2025-07-31 17:02:54,567 INFO  [org.apa.kaf.com.met.Metrics] (Thread-870) Closing reporter org.apache.kafka.common.metrics.JmxReporter
2025-07-31 17:02:54,568 INFO  [org.apa.kaf.com.met.Metrics] (Thread-870) Closing reporter org.apache.kafka.common.telemetry.internals.ClientTelemetryReporter
2025-07-31 17:02:54,568 INFO  [org.apa.kaf.com.met.Metrics] (Thread-870) Metrics reporters closed
2025-07-31 17:02:54,569 INFO  [org.apa.kaf.com.uti.AppInfoParser] (Thread-870) App info kafka.consumer for consumer-Consumer-topic-9f84c1f2_a1d7_424f_b65b_419ca30869e9-35 unregistered
**** Registry Base URL: http://registry-app-postgresql.apps.ci419.apicurio-testing.org:80
2025-07-31 17:02:55,612 INFO  [org.apa.kaf.cli.pro.ProducerConfig] (main) ProducerConfig values: 
	acks = -1
	auto.include.jmx.reporter = true
	batch.size = 16384
	bootstrap.servers = [PLAINTEXT://localhost:32770]
	buffer.memory = 33554432
	client.dns.lookup = use_all_dns_ips
	client.id = Producer-topic-9f84c1f2_a1d7_424f_b65b_419ca30869e9
	compression.gzip.level = -1
	compression.lz4.level = 9
	compression.type = none
	compression.zstd.level = 3
	connections.max.idle.ms = 10000
	delivery.timeout.ms = 120000
	enable.idempotence = true
	enable.metrics.push = true
	interceptor.classes = []
	key.serializer = class org.apache.kafka.common.serialization.StringSerializer
	linger.ms = 0
	max.block.ms = 60000
	max.in.flight.requests.per.connection = 5
	max.request.size = 1048576
	metadata.max.age.ms = 300000
	metadata.max.idle.ms = 300000
	metadata.recovery.strategy = none
	metric.reporters = []
	metrics.num.samples = 2
	metrics.recording.level = INFO
	metrics.sample.window.ms = 30000
	partitioner.adaptive.partitioning.enable = true
	partitioner.availability.timeout.ms = 0
	partitioner.class = null
	partitioner.ignore.keys = false
	receive.buffer.bytes = 32768
	reconnect.backoff.max.ms = 1000
	reconnect.backoff.ms = 50
	request.timeout.ms = 5000
	retries = 2147483647
	retry.backoff.max.ms = 1000
	retry.backoff.ms = 100
	sasl.client.callback.handler.class = null
	sasl.jaas.config = null
	sasl.kerberos.kinit.cmd = /usr/bin/kinit
	sasl.kerberos.min.time.before.relogin = 60000
	sasl.kerberos.service.name = null
	sasl.kerberos.ticket.renew.jitter = 0.05
	sasl.kerberos.ticket.renew.window.factor = 0.8
	sasl.login.callback.handler.class = null
	sasl.login.class = null
	sasl.login.connect.timeout.ms = null
	sasl.login.read.timeout.ms = null
	sasl.login.refresh.buffer.seconds = 300
	sasl.login.refresh.min.period.seconds = 60
	sasl.login.refresh.window.factor = 0.8
	sasl.login.refresh.window.jitter = 0.05
	sasl.login.retry.backoff.max.ms = 10000
	sasl.login.retry.backoff.ms = 100
	sasl.mechanism = GSSAPI
	sasl.oauthbearer.clock.skew.seconds = 30
	sasl.oauthbearer.expected.audience = null
	sasl.oauthbearer.expected.issuer = null
	sasl.oauthbearer.header.urlencode = false
	sasl.oauthbearer.jwks.endpoint.refresh.ms = 3600000
	sasl.oauthbearer.jwks.endpoint.retry.backoff.max.ms = 10000
	sasl.oauthbearer.jwks.endpoint.retry.backoff.ms = 100
	sasl.oauthbearer.jwks.endpoint.url = null
	sasl.oauthbearer.scope.claim.name = scope
	sasl.oauthbearer.sub.claim.name = sub
	sasl.oauthbearer.token.endpoint.url = null
	security.protocol = PLAINTEXT
	security.providers = null
	send.buffer.bytes = 131072
	socket.connection.setup.timeout.max.ms = 30000
	socket.connection.setup.timeout.ms = 10000
	ssl.cipher.suites = null
	ssl.enabled.protocols = [TLSv1.2, TLSv1.3]
	ssl.endpoint.identification.algorithm = https
	ssl.engine.factory.class = null
	ssl.key.password = null
	ssl.keymanager.algorithm = SunX509
	ssl.keystore.certificate.chain = null
	ssl.keystore.key = null
	ssl.keystore.location = null
	ssl.keystore.password = null
	ssl.keystore.type = JKS
	ssl.protocol = TLSv1.3
	ssl.provider = null
	ssl.secure.random.implementation = null
	ssl.trustmanager.algorithm = PKIX
	ssl.truststore.certificates = null
	ssl.truststore.location = null
	ssl.truststore.password = null
	ssl.truststore.type = JKS
	transaction.timeout.ms = 60000
	transactional.id = null
	value.serializer = class io.confluent.kafka.serializers.KafkaAvroSerializer

2025-07-31 17:02:55,612 INFO  [org.apa.kaf.com.tel.int.KafkaMetricsCollector] (main) initializing Kafka metrics collector
2025-07-31 17:02:55,613 INFO  [io.con.kaf.ser.KafkaAvroSerializerConfig] (main) KafkaAvroSerializerConfig values: 
	auto.register.schemas = false
	avro.reflection.allow.null = false
	avro.remove.java.properties = false
	avro.use.logical.type.converters = false
	basic.auth.credentials.source = URL
	basic.auth.user.info = [hidden]
	bearer.auth.cache.expiry.buffer.seconds = 300
	bearer.auth.client.id = null
	bearer.auth.client.secret = null
	bearer.auth.credentials.source = STATIC_TOKEN
	bearer.auth.custom.provider.class = null
	bearer.auth.identity.pool.id = null
	bearer.auth.issuer.endpoint.url = null
	bearer.auth.logical.cluster = null
	bearer.auth.scope = null
	bearer.auth.scope.claim.name = scope
	bearer.auth.sub.claim.name = sub
	bearer.auth.token = [hidden]
	context.name.strategy = class io.confluent.kafka.serializers.context.NullContextNameStrategy
	http.connect.timeout.ms = 60000
	http.read.timeout.ms = 60000
	id.compatibility.strict = true
	key.schema.id.deserializer = class io.confluent.kafka.serializers.schema.id.DualSchemaIdDeserializer
	key.schema.id.serializer = class io.confluent.kafka.serializers.schema.id.PrefixSchemaIdSerializer
	key.subject.name.strategy = class io.confluent.kafka.serializers.subject.TopicNameStrategy
	latest.cache.size = 1000
	latest.cache.ttl.sec = -1
	latest.compatibility.strict = true
	max.retries = 3
	max.schemas.per.subject = 1000
	normalize.schemas = false
	propagate.schema.tags = false
	proxy.host = 
	proxy.port = -1
	retries.max.wait.ms = 20000
	retries.wait.ms = 1000
	rule.actions = []
	rule.executors = []
	rule.service.loader.enable = true
	schema.format = null
	schema.reflection = false
	schema.registry.basic.auth.user.info = [hidden]
	schema.registry.ssl.cipher.suites = null
	schema.registry.ssl.enabled.protocols = [TLSv1.2, TLSv1.3]
	schema.registry.ssl.endpoint.identification.algorithm = https
	schema.registry.ssl.engine.factory.class = null
	schema.registry.ssl.key.password = null
	schema.registry.ssl.keymanager.algorithm = SunX509
	schema.registry.ssl.keystore.certificate.chain = null
	schema.registry.ssl.keystore.key = null
	schema.registry.ssl.keystore.location = null
	schema.registry.ssl.keystore.password = null
	schema.registry.ssl.keystore.type = JKS
	schema.registry.ssl.protocol = TLSv1.3
	schema.registry.ssl.provider = null
	schema.registry.ssl.secure.random.implementation = null
	schema.registry.ssl.trustmanager.algorithm = PKIX
	schema.registry.ssl.truststore.certificates = null
	schema.registry.ssl.truststore.location = null
	schema.registry.ssl.truststore.password = null
	schema.registry.ssl.truststore.type = JKS
	schema.registry.url = [http://registry-app-postgresql.apps.ci419.apicurio-testing.org:80/apis/ccompat/v7]
	schema.registry.url.randomize = false
	use.latest.version = false
	use.latest.with.metadata = null
	use.schema.id = -1
	value.schema.id.deserializer = class io.confluent.kafka.serializers.schema.id.DualSchemaIdDeserializer
	value.schema.id.serializer = class io.confluent.kafka.serializers.schema.id.PrefixSchemaIdSerializer
	value.subject.name.strategy = class io.confluent.kafka.serializers.subject.TopicRecordNameStrategy

2025-07-31 17:02:55,615 INFO  [org.apa.kaf.cli.pro.KafkaProducer] (main) [Producer clientId=Producer-topic-9f84c1f2_a1d7_424f_b65b_419ca30869e9] Instantiated an idempotent producer.
2025-07-31 17:02:55,618 INFO  [org.apa.kaf.cli.pro.ProducerConfig] (main) These configurations '[schema.registry.url, auto.register.schemas, value.subject.name.strategy]' were supplied but are not used yet.
2025-07-31 17:02:55,618 INFO  [org.apa.kaf.com.uti.AppInfoParser] (main) Kafka version: 3.9.1
2025-07-31 17:02:55,618 INFO  [org.apa.kaf.com.uti.AppInfoParser] (main) Kafka commitId: f745dfdcee2b9851
2025-07-31 17:02:55,618 INFO  [org.apa.kaf.com.uti.AppInfoParser] (main) Kafka startTimeMs: 1753981375618
2025-07-31 17:02:55,619 INFO  [io.api.tes.ser.api.KafkaSerdesTester] (Thread-871) Sending message {"key1": "value-0", "key2": "value-0", "key3": "value-0"} to topic topic-9f84c1f2_a1d7_424f_b65b_419ca30869e9
2025-07-31 17:02:55,622 INFO  [org.apa.kaf.cli.Metadata] (kafka-producer-network-thread | Producer-topic-9f84c1f2_a1d7_424f_b65b_419ca30869e9) [Producer clientId=Producer-topic-9f84c1f2_a1d7_424f_b65b_419ca30869e9] Cluster ID: alGoLOtfQj2F2-zKWHmvbA
2025-07-31 17:02:55,623 INFO  [org.apa.kaf.cli.pro.int.TransactionManager] (kafka-producer-network-thread | Producer-topic-9f84c1f2_a1d7_424f_b65b_419ca30869e9) [Producer clientId=Producer-topic-9f84c1f2_a1d7_424f_b65b_419ca30869e9] ProducerId set to 47 with epoch 0
2025-07-31 17:02:55,640 INFO  [io.api.tes.ser.api.KafkaSerdesTester] (Thread-871) Sending message {"key1": "value-1", "key2": "value-1", "key3": "value-1"} to topic topic-9f84c1f2_a1d7_424f_b65b_419ca30869e9
2025-07-31 17:02:55,641 INFO  [io.api.tes.ser.api.KafkaSerdesTester] (Thread-871) Sending message {"key1": "value-2", "key2": "value-2", "key3": "value-2"} to topic topic-9f84c1f2_a1d7_424f_b65b_419ca30869e9
2025-07-31 17:02:55,642 INFO  [io.api.tes.ser.api.KafkaSerdesTester] (Thread-871) Sending message {"key1": "value-3", "key2": "value-3", "key3": "value-3"} to topic topic-9f84c1f2_a1d7_424f_b65b_419ca30869e9
2025-07-31 17:02:55,643 INFO  [io.api.tes.ser.api.KafkaSerdesTester] (Thread-871) Sending message {"key1": "value-4", "key2": "value-4", "key3": "value-4"} to topic topic-9f84c1f2_a1d7_424f_b65b_419ca30869e9
2025-07-31 17:02:55,644 INFO  [io.api.tes.ser.api.KafkaSerdesTester] (Thread-871) Sending message {"key1": "value-5", "key2": "value-5", "key3": "value-5"} to topic topic-9f84c1f2_a1d7_424f_b65b_419ca30869e9
2025-07-31 17:02:55,645 INFO  [io.api.tes.ser.api.KafkaSerdesTester] (Thread-871) Sending message {"key1": "value-6", "key2": "value-6", "key3": "value-6"} to topic topic-9f84c1f2_a1d7_424f_b65b_419ca30869e9
2025-07-31 17:02:55,646 INFO  [io.api.tes.ser.api.KafkaSerdesTester] (Thread-871) Sending message {"key1": "value-7", "key2": "value-7", "key3": "value-7"} to topic topic-9f84c1f2_a1d7_424f_b65b_419ca30869e9
2025-07-31 17:02:55,647 INFO  [io.api.tes.ser.api.KafkaSerdesTester] (Thread-871) Sending message {"key1": "value-8", "key2": "value-8", "key3": "value-8"} to topic topic-9f84c1f2_a1d7_424f_b65b_419ca30869e9
2025-07-31 17:02:55,648 INFO  [io.api.tes.ser.api.KafkaSerdesTester] (Thread-871) Sending message {"key1": "value-9", "key2": "value-9", "key3": "value-9"} to topic topic-9f84c1f2_a1d7_424f_b65b_419ca30869e9
2025-07-31 17:02:55,649 INFO  [io.api.tes.ser.api.KafkaSerdesTester] (Thread-871) Produced 10 messages
2025-07-31 17:02:55,649 INFO  [org.apa.kaf.cli.pro.KafkaProducer] (Thread-871) [Producer clientId=Producer-topic-9f84c1f2_a1d7_424f_b65b_419ca30869e9] Closing the Kafka producer with timeoutMillis = 9223372036854775807 ms.
2025-07-31 17:02:55,652 INFO  [org.apa.kaf.com.met.Metrics] (Thread-871) Metrics scheduler closed
2025-07-31 17:02:55,652 INFO  [org.apa.kaf.com.met.Metrics] (Thread-871) Closing reporter org.apache.kafka.common.metrics.JmxReporter
2025-07-31 17:02:55,652 INFO  [org.apa.kaf.com.met.Metrics] (Thread-871) Closing reporter org.apache.kafka.common.telemetry.internals.ClientTelemetryReporter
2025-07-31 17:02:55,652 INFO  [org.apa.kaf.com.met.Metrics] (Thread-871) Metrics reporters closed
2025-07-31 17:02:55,652 INFO  [org.apa.kaf.com.uti.AppInfoParser] (Thread-871) App info kafka.producer for Producer-topic-9f84c1f2_a1d7_424f_b65b_419ca30869e9 unregistered
**** Registry Base URL: http://registry-app-postgresql.apps.ci419.apicurio-testing.org:80
2025-07-31 17:02:55,652 INFO  [org.apa.kaf.cli.pro.ProducerConfig] (main) ProducerConfig values: 
	acks = -1
	auto.include.jmx.reporter = true
	batch.size = 16384
	bootstrap.servers = [PLAINTEXT://localhost:32770]
	buffer.memory = 33554432
	client.dns.lookup = use_all_dns_ips
	client.id = Producer-topic-9f84c1f2_a1d7_424f_b65b_419ca30869e9
	compression.gzip.level = -1
	compression.lz4.level = 9
	compression.type = none
	compression.zstd.level = 3
	connections.max.idle.ms = 10000
	delivery.timeout.ms = 120000
	enable.idempotence = true
	enable.metrics.push = true
	interceptor.classes = []
	key.serializer = class org.apache.kafka.common.serialization.StringSerializer
	linger.ms = 0
	max.block.ms = 60000
	max.in.flight.requests.per.connection = 5
	max.request.size = 1048576
	metadata.max.age.ms = 300000
	metadata.max.idle.ms = 300000
	metadata.recovery.strategy = none
	metric.reporters = []
	metrics.num.samples = 2
	metrics.recording.level = INFO
	metrics.sample.window.ms = 30000
	partitioner.adaptive.partitioning.enable = true
	partitioner.availability.timeout.ms = 0
	partitioner.class = null
	partitioner.ignore.keys = false
	receive.buffer.bytes = 32768
	reconnect.backoff.max.ms = 1000
	reconnect.backoff.ms = 50
	request.timeout.ms = 5000
	retries = 2147483647
	retry.backoff.max.ms = 1000
	retry.backoff.ms = 100
	sasl.client.callback.handler.class = null
	sasl.jaas.config = null
	sasl.kerberos.kinit.cmd = /usr/bin/kinit
	sasl.kerberos.min.time.before.relogin = 60000
	sasl.kerberos.service.name = null
	sasl.kerberos.ticket.renew.jitter = 0.05
	sasl.kerberos.ticket.renew.window.factor = 0.8
	sasl.login.callback.handler.class = null
	sasl.login.class = null
	sasl.login.connect.timeout.ms = null
	sasl.login.read.timeout.ms = null
	sasl.login.refresh.buffer.seconds = 300
	sasl.login.refresh.min.period.seconds = 60
	sasl.login.refresh.window.factor = 0.8
	sasl.login.refresh.window.jitter = 0.05
	sasl.login.retry.backoff.max.ms = 10000
	sasl.login.retry.backoff.ms = 100
	sasl.mechanism = GSSAPI
	sasl.oauthbearer.clock.skew.seconds = 30
	sasl.oauthbearer.expected.audience = null
	sasl.oauthbearer.expected.issuer = null
	sasl.oauthbearer.header.urlencode = false
	sasl.oauthbearer.jwks.endpoint.refresh.ms = 3600000
	sasl.oauthbearer.jwks.endpoint.retry.backoff.max.ms = 10000
	sasl.oauthbearer.jwks.endpoint.retry.backoff.ms = 100
	sasl.oauthbearer.jwks.endpoint.url = null
	sasl.oauthbearer.scope.claim.name = scope
	sasl.oauthbearer.sub.claim.name = sub
	sasl.oauthbearer.token.endpoint.url = null
	security.protocol = PLAINTEXT
	security.providers = null
	send.buffer.bytes = 131072
	socket.connection.setup.timeout.max.ms = 30000
	socket.connection.setup.timeout.ms = 10000
	ssl.cipher.suites = null
	ssl.enabled.protocols = [TLSv1.2, TLSv1.3]
	ssl.endpoint.identification.algorithm = https
	ssl.engine.factory.class = null
	ssl.key.password = null
	ssl.keymanager.algorithm = SunX509
	ssl.keystore.certificate.chain = null
	ssl.keystore.key = null
	ssl.keystore.location = null
	ssl.keystore.password = null
	ssl.keystore.type = JKS
	ssl.protocol = TLSv1.3
	ssl.provider = null
	ssl.secure.random.implementation = null
	ssl.trustmanager.algorithm = PKIX
	ssl.truststore.certificates = null
	ssl.truststore.location = null
	ssl.truststore.password = null
	ssl.truststore.type = JKS
	transaction.timeout.ms = 60000
	transactional.id = null
	value.serializer = class io.confluent.kafka.serializers.KafkaAvroSerializer

2025-07-31 17:02:55,652 INFO  [org.apa.kaf.com.tel.int.KafkaMetricsCollector] (main) initializing Kafka metrics collector
2025-07-31 17:02:55,653 INFO  [io.con.kaf.ser.KafkaAvroSerializerConfig] (main) KafkaAvroSerializerConfig values: 
	auto.register.schemas = false
	avro.reflection.allow.null = false
	avro.remove.java.properties = false
	avro.use.logical.type.converters = false
	basic.auth.credentials.source = URL
	basic.auth.user.info = [hidden]
	bearer.auth.cache.expiry.buffer.seconds = 300
	bearer.auth.client.id = null
	bearer.auth.client.secret = null
	bearer.auth.credentials.source = STATIC_TOKEN
	bearer.auth.custom.provider.class = null
	bearer.auth.identity.pool.id = null
	bearer.auth.issuer.endpoint.url = null
	bearer.auth.logical.cluster = null
	bearer.auth.scope = null
	bearer.auth.scope.claim.name = scope
	bearer.auth.sub.claim.name = sub
	bearer.auth.token = [hidden]
	context.name.strategy = class io.confluent.kafka.serializers.context.NullContextNameStrategy
	http.connect.timeout.ms = 60000
	http.read.timeout.ms = 60000
	id.compatibility.strict = true
	key.schema.id.deserializer = class io.confluent.kafka.serializers.schema.id.DualSchemaIdDeserializer
	key.schema.id.serializer = class io.confluent.kafka.serializers.schema.id.PrefixSchemaIdSerializer
	key.subject.name.strategy = class io.confluent.kafka.serializers.subject.TopicNameStrategy
	latest.cache.size = 1000
	latest.cache.ttl.sec = -1
	latest.compatibility.strict = true
	max.retries = 3
	max.schemas.per.subject = 1000
	normalize.schemas = false
	propagate.schema.tags = false
	proxy.host = 
	proxy.port = -1
	retries.max.wait.ms = 20000
	retries.wait.ms = 1000
	rule.actions = []
	rule.executors = []
	rule.service.loader.enable = true
	schema.format = null
	schema.reflection = false
	schema.registry.basic.auth.user.info = [hidden]
	schema.registry.ssl.cipher.suites = null
	schema.registry.ssl.enabled.protocols = [TLSv1.2, TLSv1.3]
	schema.registry.ssl.endpoint.identification.algorithm = https
	schema.registry.ssl.engine.factory.class = null
	schema.registry.ssl.key.password = null
	schema.registry.ssl.keymanager.algorithm = SunX509
	schema.registry.ssl.keystore.certificate.chain = null
	schema.registry.ssl.keystore.key = null
	schema.registry.ssl.keystore.location = null
	schema.registry.ssl.keystore.password = null
	schema.registry.ssl.keystore.type = JKS
	schema.registry.ssl.protocol = TLSv1.3
	schema.registry.ssl.provider = null
	schema.registry.ssl.secure.random.implementation = null
	schema.registry.ssl.trustmanager.algorithm = PKIX
	schema.registry.ssl.truststore.certificates = null
	schema.registry.ssl.truststore.location = null
	schema.registry.ssl.truststore.password = null
	schema.registry.ssl.truststore.type = JKS
	schema.registry.url = [http://registry-app-postgresql.apps.ci419.apicurio-testing.org:80/apis/ccompat/v7]
	schema.registry.url.randomize = false
	use.latest.version = false
	use.latest.with.metadata = null
	use.schema.id = -1
	value.schema.id.deserializer = class io.confluent.kafka.serializers.schema.id.DualSchemaIdDeserializer
	value.schema.id.serializer = class io.confluent.kafka.serializers.schema.id.PrefixSchemaIdSerializer
	value.subject.name.strategy = class io.confluent.kafka.serializers.subject.TopicRecordNameStrategy

2025-07-31 17:02:55,654 INFO  [org.apa.kaf.cli.pro.KafkaProducer] (main) [Producer clientId=Producer-topic-9f84c1f2_a1d7_424f_b65b_419ca30869e9] Instantiated an idempotent producer.
2025-07-31 17:02:55,656 INFO  [org.apa.kaf.cli.pro.ProducerConfig] (main) These configurations '[schema.registry.url, auto.register.schemas, value.subject.name.strategy]' were supplied but are not used yet.
2025-07-31 17:02:55,656 INFO  [org.apa.kaf.com.uti.AppInfoParser] (main) Kafka version: 3.9.1
2025-07-31 17:02:55,656 INFO  [org.apa.kaf.com.uti.AppInfoParser] (main) Kafka commitId: f745dfdcee2b9851
2025-07-31 17:02:55,656 INFO  [org.apa.kaf.com.uti.AppInfoParser] (main) Kafka startTimeMs: 1753981375656
2025-07-31 17:02:55,657 INFO  [io.api.tes.ser.api.KafkaSerdesTester] (Thread-872) Sending message {"key1": "value-0", "key2": "value-0"} to topic topic-9f84c1f2_a1d7_424f_b65b_419ca30869e9
2025-07-31 17:02:55,658 INFO  [org.apa.kaf.cli.Metadata] (kafka-producer-network-thread | Producer-topic-9f84c1f2_a1d7_424f_b65b_419ca30869e9) [Producer clientId=Producer-topic-9f84c1f2_a1d7_424f_b65b_419ca30869e9] Cluster ID: alGoLOtfQj2F2-zKWHmvbA
2025-07-31 17:02:55,658 INFO  [org.apa.kaf.cli.pro.int.TransactionManager] (kafka-producer-network-thread | Producer-topic-9f84c1f2_a1d7_424f_b65b_419ca30869e9) [Producer clientId=Producer-topic-9f84c1f2_a1d7_424f_b65b_419ca30869e9] ProducerId set to 48 with epoch 0
2025-07-31 17:02:55,675 INFO  [io.api.tes.ser.api.KafkaSerdesTester] (Thread-872) Sending message {"key1": "value-1", "key2": "value-1"} to topic topic-9f84c1f2_a1d7_424f_b65b_419ca30869e9
2025-07-31 17:02:55,676 INFO  [io.api.tes.ser.api.KafkaSerdesTester] (Thread-872) Sending message {"key1": "value-2", "key2": "value-2"} to topic topic-9f84c1f2_a1d7_424f_b65b_419ca30869e9
2025-07-31 17:02:55,677 INFO  [io.api.tes.ser.api.KafkaSerdesTester] (Thread-872) Sending message {"key1": "value-3", "key2": "value-3"} to topic topic-9f84c1f2_a1d7_424f_b65b_419ca30869e9
2025-07-31 17:02:55,678 INFO  [io.api.tes.ser.api.KafkaSerdesTester] (Thread-872) Sending message {"key1": "value-4", "key2": "value-4"} to topic topic-9f84c1f2_a1d7_424f_b65b_419ca30869e9
2025-07-31 17:02:55,678 INFO  [io.api.tes.ser.api.KafkaSerdesTester] (Thread-872) Sending message {"key1": "value-5", "key2": "value-5"} to topic topic-9f84c1f2_a1d7_424f_b65b_419ca30869e9
2025-07-31 17:02:55,679 INFO  [io.api.tes.ser.api.KafkaSerdesTester] (Thread-872) Sending message {"key1": "value-6", "key2": "value-6"} to topic topic-9f84c1f2_a1d7_424f_b65b_419ca30869e9
2025-07-31 17:02:55,680 INFO  [io.api.tes.ser.api.KafkaSerdesTester] (Thread-872) Sending message {"key1": "value-7", "key2": "value-7"} to topic topic-9f84c1f2_a1d7_424f_b65b_419ca30869e9
2025-07-31 17:02:55,681 INFO  [io.api.tes.ser.api.KafkaSerdesTester] (Thread-872) Sending message {"key1": "value-8", "key2": "value-8"} to topic topic-9f84c1f2_a1d7_424f_b65b_419ca30869e9
2025-07-31 17:02:55,682 INFO  [io.api.tes.ser.api.KafkaSerdesTester] (Thread-872) Sending message {"key1": "value-9", "key2": "value-9"} to topic topic-9f84c1f2_a1d7_424f_b65b_419ca30869e9
2025-07-31 17:02:55,682 INFO  [io.api.tes.ser.api.KafkaSerdesTester] (Thread-872) Produced 10 messages
2025-07-31 17:02:55,682 INFO  [org.apa.kaf.cli.pro.KafkaProducer] (Thread-872) [Producer clientId=Producer-topic-9f84c1f2_a1d7_424f_b65b_419ca30869e9] Closing the Kafka producer with timeoutMillis = 9223372036854775807 ms.
2025-07-31 17:02:55,684 INFO  [org.apa.kaf.com.met.Metrics] (Thread-872) Metrics scheduler closed
2025-07-31 17:02:55,684 INFO  [org.apa.kaf.com.met.Metrics] (Thread-872) Closing reporter org.apache.kafka.common.metrics.JmxReporter
2025-07-31 17:02:55,684 INFO  [org.apa.kaf.com.met.Metrics] (Thread-872) Closing reporter org.apache.kafka.common.telemetry.internals.ClientTelemetryReporter
2025-07-31 17:02:55,684 INFO  [org.apa.kaf.com.met.Metrics] (Thread-872) Metrics reporters closed
2025-07-31 17:02:55,684 INFO  [org.apa.kaf.com.uti.AppInfoParser] (Thread-872) App info kafka.producer for Producer-topic-9f84c1f2_a1d7_424f_b65b_419ca30869e9 unregistered
**** Registry Base URL: http://registry-app-postgresql.apps.ci419.apicurio-testing.org:80
2025-07-31 17:02:55,684 INFO  [org.apa.kaf.cli.pro.ProducerConfig] (main) ProducerConfig values: 
	acks = -1
	auto.include.jmx.reporter = true
	batch.size = 16384
	bootstrap.servers = [PLAINTEXT://localhost:32770]
	buffer.memory = 33554432
	client.dns.lookup = use_all_dns_ips
	client.id = Producer-topic-9f84c1f2_a1d7_424f_b65b_419ca30869e9
	compression.gzip.level = -1
	compression.lz4.level = 9
	compression.type = none
	compression.zstd.level = 3
	connections.max.idle.ms = 10000
	delivery.timeout.ms = 120000
	enable.idempotence = true
	enable.metrics.push = true
	interceptor.classes = []
	key.serializer = class org.apache.kafka.common.serialization.StringSerializer
	linger.ms = 0
	max.block.ms = 60000
	max.in.flight.requests.per.connection = 5
	max.request.size = 1048576
	metadata.max.age.ms = 300000
	metadata.max.idle.ms = 300000
	metadata.recovery.strategy = none
	metric.reporters = []
	metrics.num.samples = 2
	metrics.recording.level = INFO
	metrics.sample.window.ms = 30000
	partitioner.adaptive.partitioning.enable = true
	partitioner.availability.timeout.ms = 0
	partitioner.class = null
	partitioner.ignore.keys = false
	receive.buffer.bytes = 32768
	reconnect.backoff.max.ms = 1000
	reconnect.backoff.ms = 50
	request.timeout.ms = 5000
	retries = 2147483647
	retry.backoff.max.ms = 1000
	retry.backoff.ms = 100
	sasl.client.callback.handler.class = null
	sasl.jaas.config = null
	sasl.kerberos.kinit.cmd = /usr/bin/kinit
	sasl.kerberos.min.time.before.relogin = 60000
	sasl.kerberos.service.name = null
	sasl.kerberos.ticket.renew.jitter = 0.05
	sasl.kerberos.ticket.renew.window.factor = 0.8
	sasl.login.callback.handler.class = null
	sasl.login.class = null
	sasl.login.connect.timeout.ms = null
	sasl.login.read.timeout.ms = null
	sasl.login.refresh.buffer.seconds = 300
	sasl.login.refresh.min.period.seconds = 60
	sasl.login.refresh.window.factor = 0.8
	sasl.login.refresh.window.jitter = 0.05
	sasl.login.retry.backoff.max.ms = 10000
	sasl.login.retry.backoff.ms = 100
	sasl.mechanism = GSSAPI
	sasl.oauthbearer.clock.skew.seconds = 30
	sasl.oauthbearer.expected.audience = null
	sasl.oauthbearer.expected.issuer = null
	sasl.oauthbearer.header.urlencode = false
	sasl.oauthbearer.jwks.endpoint.refresh.ms = 3600000
	sasl.oauthbearer.jwks.endpoint.retry.backoff.max.ms = 10000
	sasl.oauthbearer.jwks.endpoint.retry.backoff.ms = 100
	sasl.oauthbearer.jwks.endpoint.url = null
	sasl.oauthbearer.scope.claim.name = scope
	sasl.oauthbearer.sub.claim.name = sub
	sasl.oauthbearer.token.endpoint.url = null
	security.protocol = PLAINTEXT
	security.providers = null
	send.buffer.bytes = 131072
	socket.connection.setup.timeout.max.ms = 30000
	socket.connection.setup.timeout.ms = 10000
	ssl.cipher.suites = null
	ssl.enabled.protocols = [TLSv1.2, TLSv1.3]
	ssl.endpoint.identification.algorithm = https
	ssl.engine.factory.class = null
	ssl.key.password = null
	ssl.keymanager.algorithm = SunX509
	ssl.keystore.certificate.chain = null
	ssl.keystore.key = null
	ssl.keystore.location = null
	ssl.keystore.password = null
	ssl.keystore.type = JKS
	ssl.protocol = TLSv1.3
	ssl.provider = null
	ssl.secure.random.implementation = null
	ssl.trustmanager.algorithm = PKIX
	ssl.truststore.certificates = null
	ssl.truststore.location = null
	ssl.truststore.password = null
	ssl.truststore.type = JKS
	transaction.timeout.ms = 60000
	transactional.id = null
	value.serializer = class io.confluent.kafka.serializers.KafkaAvroSerializer

2025-07-31 17:02:55,684 INFO  [org.apa.kaf.com.tel.int.KafkaMetricsCollector] (main) initializing Kafka metrics collector
2025-07-31 17:02:55,685 INFO  [io.con.kaf.ser.KafkaAvroSerializerConfig] (main) KafkaAvroSerializerConfig values: 
	auto.register.schemas = false
	avro.reflection.allow.null = false
	avro.remove.java.properties = false
	avro.use.logical.type.converters = false
	basic.auth.credentials.source = URL
	basic.auth.user.info = [hidden]
	bearer.auth.cache.expiry.buffer.seconds = 300
	bearer.auth.client.id = null
	bearer.auth.client.secret = null
	bearer.auth.credentials.source = STATIC_TOKEN
	bearer.auth.custom.provider.class = null
	bearer.auth.identity.pool.id = null
	bearer.auth.issuer.endpoint.url = null
	bearer.auth.logical.cluster = null
	bearer.auth.scope = null
	bearer.auth.scope.claim.name = scope
	bearer.auth.sub.claim.name = sub
	bearer.auth.token = [hidden]
	context.name.strategy = class io.confluent.kafka.serializers.context.NullContextNameStrategy
	http.connect.timeout.ms = 60000
	http.read.timeout.ms = 60000
	id.compatibility.strict = true
	key.schema.id.deserializer = class io.confluent.kafka.serializers.schema.id.DualSchemaIdDeserializer
	key.schema.id.serializer = class io.confluent.kafka.serializers.schema.id.PrefixSchemaIdSerializer
	key.subject.name.strategy = class io.confluent.kafka.serializers.subject.TopicNameStrategy
	latest.cache.size = 1000
	latest.cache.ttl.sec = -1
	latest.compatibility.strict = true
	max.retries = 3
	max.schemas.per.subject = 1000
	normalize.schemas = false
	propagate.schema.tags = false
	proxy.host = 
	proxy.port = -1
	retries.max.wait.ms = 20000
	retries.wait.ms = 1000
	rule.actions = []
	rule.executors = []
	rule.service.loader.enable = true
	schema.format = null
	schema.reflection = false
	schema.registry.basic.auth.user.info = [hidden]
	schema.registry.ssl.cipher.suites = null
	schema.registry.ssl.enabled.protocols = [TLSv1.2, TLSv1.3]
	schema.registry.ssl.endpoint.identification.algorithm = https
	schema.registry.ssl.engine.factory.class = null
	schema.registry.ssl.key.password = null
	schema.registry.ssl.keymanager.algorithm = SunX509
	schema.registry.ssl.keystore.certificate.chain = null
	schema.registry.ssl.keystore.key = null
	schema.registry.ssl.keystore.location = null
	schema.registry.ssl.keystore.password = null
	schema.registry.ssl.keystore.type = JKS
	schema.registry.ssl.protocol = TLSv1.3
	schema.registry.ssl.provider = null
	schema.registry.ssl.secure.random.implementation = null
	schema.registry.ssl.trustmanager.algorithm = PKIX
	schema.registry.ssl.truststore.certificates = null
	schema.registry.ssl.truststore.location = null
	schema.registry.ssl.truststore.password = null
	schema.registry.ssl.truststore.type = JKS
	schema.registry.url = [http://registry-app-postgresql.apps.ci419.apicurio-testing.org:80/apis/ccompat/v7]
	schema.registry.url.randomize = false
	use.latest.version = false
	use.latest.with.metadata = null
	use.schema.id = -1
	value.schema.id.deserializer = class io.confluent.kafka.serializers.schema.id.DualSchemaIdDeserializer
	value.schema.id.serializer = class io.confluent.kafka.serializers.schema.id.PrefixSchemaIdSerializer
	value.subject.name.strategy = class io.confluent.kafka.serializers.subject.TopicRecordNameStrategy

2025-07-31 17:02:55,686 INFO  [org.apa.kaf.cli.pro.KafkaProducer] (main) [Producer clientId=Producer-topic-9f84c1f2_a1d7_424f_b65b_419ca30869e9] Instantiated an idempotent producer.
2025-07-31 17:02:55,687 INFO  [org.apa.kaf.cli.pro.ProducerConfig] (main) These configurations '[schema.registry.url, auto.register.schemas, value.subject.name.strategy]' were supplied but are not used yet.
2025-07-31 17:02:55,687 INFO  [org.apa.kaf.com.uti.AppInfoParser] (main) Kafka version: 3.9.1
2025-07-31 17:02:55,687 INFO  [org.apa.kaf.com.uti.AppInfoParser] (main) Kafka commitId: f745dfdcee2b9851
2025-07-31 17:02:55,687 INFO  [org.apa.kaf.com.uti.AppInfoParser] (main) Kafka startTimeMs: 1753981375687
2025-07-31 17:02:55,688 INFO  [io.api.tes.ser.api.KafkaSerdesTester] (Thread-873) Sending message {"key1": "value-0"} to topic topic-9f84c1f2_a1d7_424f_b65b_419ca30869e9
2025-07-31 17:02:55,690 INFO  [org.apa.kaf.cli.Metadata] (kafka-producer-network-thread | Producer-topic-9f84c1f2_a1d7_424f_b65b_419ca30869e9) [Producer clientId=Producer-topic-9f84c1f2_a1d7_424f_b65b_419ca30869e9] Cluster ID: alGoLOtfQj2F2-zKWHmvbA
2025-07-31 17:02:55,690 INFO  [org.apa.kaf.cli.pro.int.TransactionManager] (kafka-producer-network-thread | Producer-topic-9f84c1f2_a1d7_424f_b65b_419ca30869e9) [Producer clientId=Producer-topic-9f84c1f2_a1d7_424f_b65b_419ca30869e9] ProducerId set to 49 with epoch 0
2025-07-31 17:02:55,705 INFO  [io.api.tes.ser.api.KafkaSerdesTester] (Thread-873) Sending message {"key1": "value-1"} to topic topic-9f84c1f2_a1d7_424f_b65b_419ca30869e9
2025-07-31 17:02:55,707 INFO  [io.api.tes.ser.api.KafkaSerdesTester] (Thread-873) Sending message {"key1": "value-2"} to topic topic-9f84c1f2_a1d7_424f_b65b_419ca30869e9
2025-07-31 17:02:55,708 INFO  [io.api.tes.ser.api.KafkaSerdesTester] (Thread-873) Sending message {"key1": "value-3"} to topic topic-9f84c1f2_a1d7_424f_b65b_419ca30869e9
2025-07-31 17:02:55,709 INFO  [io.api.tes.ser.api.KafkaSerdesTester] (Thread-873) Sending message {"key1": "value-4"} to topic topic-9f84c1f2_a1d7_424f_b65b_419ca30869e9
2025-07-31 17:02:55,710 INFO  [io.api.tes.ser.api.KafkaSerdesTester] (Thread-873) Sending message {"key1": "value-5"} to topic topic-9f84c1f2_a1d7_424f_b65b_419ca30869e9
2025-07-31 17:02:55,710 INFO  [io.api.tes.ser.api.KafkaSerdesTester] (Thread-873) Sending message {"key1": "value-6"} to topic topic-9f84c1f2_a1d7_424f_b65b_419ca30869e9
2025-07-31 17:02:55,711 INFO  [io.api.tes.ser.api.KafkaSerdesTester] (Thread-873) Sending message {"key1": "value-7"} to topic topic-9f84c1f2_a1d7_424f_b65b_419ca30869e9
2025-07-31 17:02:55,712 INFO  [io.api.tes.ser.api.KafkaSerdesTester] (Thread-873) Sending message {"key1": "value-8"} to topic topic-9f84c1f2_a1d7_424f_b65b_419ca30869e9
2025-07-31 17:02:55,713 INFO  [io.api.tes.ser.api.KafkaSerdesTester] (Thread-873) Sending message {"key1": "value-9"} to topic topic-9f84c1f2_a1d7_424f_b65b_419ca30869e9
2025-07-31 17:02:55,714 INFO  [io.api.tes.ser.api.KafkaSerdesTester] (Thread-873) Produced 10 messages
2025-07-31 17:02:55,715 INFO  [org.apa.kaf.cli.pro.KafkaProducer] (Thread-873) [Producer clientId=Producer-topic-9f84c1f2_a1d7_424f_b65b_419ca30869e9] Closing the Kafka producer with timeoutMillis = 9223372036854775807 ms.
2025-07-31 17:02:55,717 INFO  [org.apa.kaf.com.met.Metrics] (Thread-873) Metrics scheduler closed
2025-07-31 17:02:55,717 INFO  [org.apa.kaf.com.met.Metrics] (Thread-873) Closing reporter org.apache.kafka.common.metrics.JmxReporter
2025-07-31 17:02:55,717 INFO  [org.apa.kaf.com.met.Metrics] (Thread-873) Closing reporter org.apache.kafka.common.telemetry.internals.ClientTelemetryReporter
2025-07-31 17:02:55,718 INFO  [org.apa.kaf.com.met.Metrics] (Thread-873) Metrics reporters closed
2025-07-31 17:02:55,718 INFO  [org.apa.kaf.com.uti.AppInfoParser] (Thread-873) App info kafka.producer for Producer-topic-9f84c1f2_a1d7_424f_b65b_419ca30869e9 unregistered
**** Registry Base URL: http://registry-app-postgresql.apps.ci419.apicurio-testing.org:80
2025-07-31 17:02:55,718 INFO  [org.apa.kaf.cli.con.ConsumerConfig] (main) ConsumerConfig values: 
	allow.auto.create.topics = true
	auto.commit.interval.ms = 500
	auto.include.jmx.reporter = true
	auto.offset.reset = earliest
	bootstrap.servers = [PLAINTEXT://localhost:32770]
	check.crcs = true
	client.dns.lookup = use_all_dns_ips
	client.id = consumer-Consumer-topic-9f84c1f2_a1d7_424f_b65b_419ca30869e9-36
	client.rack = 
	connections.max.idle.ms = 10000
	default.api.timeout.ms = 60000
	enable.auto.commit = true
	enable.metrics.push = true
	exclude.internal.topics = true
	fetch.max.bytes = 52428800
	fetch.max.wait.ms = 500
	fetch.min.bytes = 1
	group.id = Consumer-topic-9f84c1f2_a1d7_424f_b65b_419ca30869e9
	group.instance.id = null
	group.protocol = classic
	group.remote.assignor = null
	heartbeat.interval.ms = 3000
	interceptor.classes = []
	internal.leave.group.on.close = true
	internal.throw.on.fetch.stable.offset.unsupported = false
	isolation.level = read_uncommitted
	key.deserializer = class org.apache.kafka.common.serialization.StringDeserializer
	max.partition.fetch.bytes = 1048576
	max.poll.interval.ms = 300000
	max.poll.records = 500
	metadata.max.age.ms = 300000
	metadata.recovery.strategy = none
	metric.reporters = []
	metrics.num.samples = 2
	metrics.recording.level = INFO
	metrics.sample.window.ms = 30000
	partition.assignment.strategy = [class org.apache.kafka.clients.consumer.RangeAssignor, class org.apache.kafka.clients.consumer.CooperativeStickyAssignor]
	receive.buffer.bytes = 65536
	reconnect.backoff.max.ms = 1000
	reconnect.backoff.ms = 50
	request.timeout.ms = 5000
	retry.backoff.max.ms = 1000
	retry.backoff.ms = 100
	sasl.client.callback.handler.class = null
	sasl.jaas.config = null
	sasl.kerberos.kinit.cmd = /usr/bin/kinit
	sasl.kerberos.min.time.before.relogin = 60000
	sasl.kerberos.service.name = null
	sasl.kerberos.ticket.renew.jitter = 0.05
	sasl.kerberos.ticket.renew.window.factor = 0.8
	sasl.login.callback.handler.class = null
	sasl.login.class = null
	sasl.login.connect.timeout.ms = null
	sasl.login.read.timeout.ms = null
	sasl.login.refresh.buffer.seconds = 300
	sasl.login.refresh.min.period.seconds = 60
	sasl.login.refresh.window.factor = 0.8
	sasl.login.refresh.window.jitter = 0.05
	sasl.login.retry.backoff.max.ms = 10000
	sasl.login.retry.backoff.ms = 100
	sasl.mechanism = GSSAPI
	sasl.oauthbearer.clock.skew.seconds = 30
	sasl.oauthbearer.expected.audience = null
	sasl.oauthbearer.expected.issuer = null
	sasl.oauthbearer.header.urlencode = false
	sasl.oauthbearer.jwks.endpoint.refresh.ms = 3600000
	sasl.oauthbearer.jwks.endpoint.retry.backoff.max.ms = 10000
	sasl.oauthbearer.jwks.endpoint.retry.backoff.ms = 100
	sasl.oauthbearer.jwks.endpoint.url = null
	sasl.oauthbearer.scope.claim.name = scope
	sasl.oauthbearer.sub.claim.name = sub
	sasl.oauthbearer.token.endpoint.url = null
	security.protocol = PLAINTEXT
	security.providers = null
	send.buffer.bytes = 131072
	session.timeout.ms = 45000
	socket.connection.setup.timeout.max.ms = 30000
	socket.connection.setup.timeout.ms = 10000
	ssl.cipher.suites = null
	ssl.enabled.protocols = [TLSv1.2, TLSv1.3]
	ssl.endpoint.identification.algorithm = https
	ssl.engine.factory.class = null
	ssl.key.password = null
	ssl.keymanager.algorithm = SunX509
	ssl.keystore.certificate.chain = null
	ssl.keystore.key = null
	ssl.keystore.location = null
	ssl.keystore.password = null
	ssl.keystore.type = JKS
	ssl.protocol = TLSv1.3
	ssl.provider = null
	ssl.secure.random.implementation = null
	ssl.trustmanager.algorithm = PKIX
	ssl.truststore.certificates = null
	ssl.truststore.location = null
	ssl.truststore.password = null
	ssl.truststore.type = JKS
	value.deserializer = class io.confluent.kafka.serializers.KafkaAvroDeserializer

2025-07-31 17:02:55,718 INFO  [org.apa.kaf.com.tel.int.KafkaMetricsCollector] (main) initializing Kafka metrics collector
2025-07-31 17:02:55,719 INFO  [io.con.kaf.ser.KafkaAvroDeserializerConfig] (main) KafkaAvroDeserializerConfig values: 
	auto.register.schemas = true
	avro.reflection.allow.null = false
	avro.use.logical.type.converters = false
	basic.auth.credentials.source = URL
	basic.auth.user.info = [hidden]
	bearer.auth.cache.expiry.buffer.seconds = 300
	bearer.auth.client.id = null
	bearer.auth.client.secret = null
	bearer.auth.credentials.source = STATIC_TOKEN
	bearer.auth.custom.provider.class = null
	bearer.auth.identity.pool.id = null
	bearer.auth.issuer.endpoint.url = null
	bearer.auth.logical.cluster = null
	bearer.auth.scope = null
	bearer.auth.scope.claim.name = scope
	bearer.auth.sub.claim.name = sub
	bearer.auth.token = [hidden]
	context.name.strategy = class io.confluent.kafka.serializers.context.NullContextNameStrategy
	http.connect.timeout.ms = 60000
	http.read.timeout.ms = 60000
	id.compatibility.strict = true
	key.schema.id.deserializer = class io.confluent.kafka.serializers.schema.id.DualSchemaIdDeserializer
	key.schema.id.serializer = class io.confluent.kafka.serializers.schema.id.PrefixSchemaIdSerializer
	key.subject.name.strategy = class io.confluent.kafka.serializers.subject.TopicNameStrategy
	latest.cache.size = 1000
	latest.cache.ttl.sec = -1
	latest.compatibility.strict = true
	max.retries = 3
	max.schemas.per.subject = 1000
	normalize.schemas = false
	propagate.schema.tags = false
	proxy.host = 
	proxy.port = -1
	retries.max.wait.ms = 20000
	retries.wait.ms = 1000
	rule.actions = []
	rule.executors = []
	rule.service.loader.enable = true
	schema.format = null
	schema.reflection = false
	schema.registry.basic.auth.user.info = [hidden]
	schema.registry.ssl.cipher.suites = null
	schema.registry.ssl.enabled.protocols = [TLSv1.2, TLSv1.3]
	schema.registry.ssl.endpoint.identification.algorithm = https
	schema.registry.ssl.engine.factory.class = null
	schema.registry.ssl.key.password = null
	schema.registry.ssl.keymanager.algorithm = SunX509
	schema.registry.ssl.keystore.certificate.chain = null
	schema.registry.ssl.keystore.key = null
	schema.registry.ssl.keystore.location = null
	schema.registry.ssl.keystore.password = null
	schema.registry.ssl.keystore.type = JKS
	schema.registry.ssl.protocol = TLSv1.3
	schema.registry.ssl.provider = null
	schema.registry.ssl.secure.random.implementation = null
	schema.registry.ssl.trustmanager.algorithm = PKIX
	schema.registry.ssl.truststore.certificates = null
	schema.registry.ssl.truststore.location = null
	schema.registry.ssl.truststore.password = null
	schema.registry.ssl.truststore.type = JKS
	schema.registry.url = [http://registry-app-postgresql.apps.ci419.apicurio-testing.org:80/apis/ccompat/v7]
	schema.registry.url.randomize = false
	specific.avro.key.type = null
	specific.avro.reader = false
	specific.avro.value.type = null
	use.latest.version = false
	use.latest.with.metadata = null
	use.schema.id = -1
	value.schema.id.deserializer = class io.confluent.kafka.serializers.schema.id.DualSchemaIdDeserializer
	value.schema.id.serializer = class io.confluent.kafka.serializers.schema.id.PrefixSchemaIdSerializer
	value.subject.name.strategy = class io.confluent.kafka.serializers.subject.TopicNameStrategy

2025-07-31 17:02:55,724 INFO  [org.apa.kaf.cli.con.ConsumerConfig] (main) These configurations '[schema.registry.url]' were supplied but are not used yet.
2025-07-31 17:02:55,724 INFO  [org.apa.kaf.com.uti.AppInfoParser] (main) Kafka version: 3.9.1
2025-07-31 17:02:55,724 INFO  [org.apa.kaf.com.uti.AppInfoParser] (main) Kafka commitId: f745dfdcee2b9851
2025-07-31 17:02:55,724 INFO  [org.apa.kaf.com.uti.AppInfoParser] (main) Kafka startTimeMs: 1753981375724
2025-07-31 17:02:55,725 INFO  [org.apa.kaf.cli.con.int.ClassicKafkaConsumer] (Thread-874) [Consumer clientId=consumer-Consumer-topic-9f84c1f2_a1d7_424f_b65b_419ca30869e9-36, groupId=Consumer-topic-9f84c1f2_a1d7_424f_b65b_419ca30869e9] Subscribed to topic(s): topic-9f84c1f2_a1d7_424f_b65b_419ca30869e9
2025-07-31 17:02:55,733 INFO  [org.apa.kaf.cli.Metadata] (Thread-874) [Consumer clientId=consumer-Consumer-topic-9f84c1f2_a1d7_424f_b65b_419ca30869e9-36, groupId=Consumer-topic-9f84c1f2_a1d7_424f_b65b_419ca30869e9] Cluster ID: alGoLOtfQj2F2-zKWHmvbA
2025-07-31 17:02:55,733 INFO  [org.apa.kaf.cli.con.int.ConsumerCoordinator] (Thread-874) [Consumer clientId=consumer-Consumer-topic-9f84c1f2_a1d7_424f_b65b_419ca30869e9-36, groupId=Consumer-topic-9f84c1f2_a1d7_424f_b65b_419ca30869e9] Discovered group coordinator localhost:32770 (id: 2147483647 rack: null)
2025-07-31 17:02:55,737 INFO  [org.apa.kaf.cli.con.int.ConsumerCoordinator] (Thread-874) [Consumer clientId=consumer-Consumer-topic-9f84c1f2_a1d7_424f_b65b_419ca30869e9-36, groupId=Consumer-topic-9f84c1f2_a1d7_424f_b65b_419ca30869e9] (Re-)joining group
2025-07-31 17:02:55,745 INFO  [org.apa.kaf.cli.con.int.ConsumerCoordinator] (Thread-874) [Consumer clientId=consumer-Consumer-topic-9f84c1f2_a1d7_424f_b65b_419ca30869e9-36, groupId=Consumer-topic-9f84c1f2_a1d7_424f_b65b_419ca30869e9] Request joining group due to: need to re-join with the given member-id: consumer-Consumer-topic-9f84c1f2_a1d7_424f_b65b_419ca30869e9-36-1e2af9a3-65e6-453a-adda-52b69d75bda7
2025-07-31 17:02:55,745 INFO  [org.apa.kaf.cli.con.int.ConsumerCoordinator] (Thread-874) [Consumer clientId=consumer-Consumer-topic-9f84c1f2_a1d7_424f_b65b_419ca30869e9-36, groupId=Consumer-topic-9f84c1f2_a1d7_424f_b65b_419ca30869e9] (Re-)joining group
2025-07-31 17:02:55,746 INFO  [org.apa.kaf.cli.con.int.ConsumerCoordinator] (Thread-874) [Consumer clientId=consumer-Consumer-topic-9f84c1f2_a1d7_424f_b65b_419ca30869e9-36, groupId=Consumer-topic-9f84c1f2_a1d7_424f_b65b_419ca30869e9] Successfully joined group with generation Generation{generationId=5, memberId='consumer-Consumer-topic-9f84c1f2_a1d7_424f_b65b_419ca30869e9-36-1e2af9a3-65e6-453a-adda-52b69d75bda7', protocol='range'}
2025-07-31 17:02:55,747 INFO  [org.apa.kaf.cli.con.int.ConsumerCoordinator] (Thread-874) [Consumer clientId=consumer-Consumer-topic-9f84c1f2_a1d7_424f_b65b_419ca30869e9-36, groupId=Consumer-topic-9f84c1f2_a1d7_424f_b65b_419ca30869e9] Finished assignment for group at generation 5: {consumer-Consumer-topic-9f84c1f2_a1d7_424f_b65b_419ca30869e9-36-1e2af9a3-65e6-453a-adda-52b69d75bda7=Assignment(partitions=[topic-9f84c1f2_a1d7_424f_b65b_419ca30869e9-0])}
2025-07-31 17:02:55,750 INFO  [org.apa.kaf.cli.con.int.ConsumerCoordinator] (kafka-coordinator-heartbeat-thread | Consumer-topic-9f84c1f2_a1d7_424f_b65b_419ca30869e9) [Consumer clientId=consumer-Consumer-topic-9f84c1f2_a1d7_424f_b65b_419ca30869e9-36, groupId=Consumer-topic-9f84c1f2_a1d7_424f_b65b_419ca30869e9] Successfully synced group in generation Generation{generationId=5, memberId='consumer-Consumer-topic-9f84c1f2_a1d7_424f_b65b_419ca30869e9-36-1e2af9a3-65e6-453a-adda-52b69d75bda7', protocol='range'}
2025-07-31 17:02:55,750 INFO  [org.apa.kaf.cli.con.int.ConsumerCoordinator] (Thread-874) [Consumer clientId=consumer-Consumer-topic-9f84c1f2_a1d7_424f_b65b_419ca30869e9-36, groupId=Consumer-topic-9f84c1f2_a1d7_424f_b65b_419ca30869e9] Notifying assignor about the new Assignment(partitions=[topic-9f84c1f2_a1d7_424f_b65b_419ca30869e9-0])
2025-07-31 17:02:55,750 INFO  [org.apa.kaf.cli.con.int.ConsumerRebalanceListenerInvoker] (Thread-874) [Consumer clientId=consumer-Consumer-topic-9f84c1f2_a1d7_424f_b65b_419ca30869e9-36, groupId=Consumer-topic-9f84c1f2_a1d7_424f_b65b_419ca30869e9] Adding newly assigned partitions: topic-9f84c1f2_a1d7_424f_b65b_419ca30869e9-0
2025-07-31 17:02:55,752 INFO  [org.apa.kaf.cli.con.int.ConsumerUtils] (Thread-874) Setting offset for partition topic-9f84c1f2_a1d7_424f_b65b_419ca30869e9-0 to the committed offset FetchPosition{offset=30, offsetEpoch=Optional[0], currentLeader=LeaderAndEpoch{leader=Optional[localhost:32770 (id: 0 rack: null)], epoch=0}}
2025-07-31 17:02:55,804 INFO  [io.api.tes.ser.api.KafkaSerdesTester] (Thread-874) topic-9f84c1f2_a1d7_424f_b65b_419ca30869e9 0 30 {"key1": "value-0", "key2": "value-0", "key3": "value-0"}
2025-07-31 17:02:55,804 INFO  [io.api.tes.ser.api.KafkaSerdesTester] (Thread-874) topic-9f84c1f2_a1d7_424f_b65b_419ca30869e9 0 31 {"key1": "value-1", "key2": "value-1", "key3": "value-1"}
2025-07-31 17:02:55,804 INFO  [io.api.tes.ser.api.KafkaSerdesTester] (Thread-874) topic-9f84c1f2_a1d7_424f_b65b_419ca30869e9 0 32 {"key1": "value-2", "key2": "value-2", "key3": "value-2"}
2025-07-31 17:02:55,804 INFO  [io.api.tes.ser.api.KafkaSerdesTester] (Thread-874) topic-9f84c1f2_a1d7_424f_b65b_419ca30869e9 0 33 {"key1": "value-3", "key2": "value-3", "key3": "value-3"}
2025-07-31 17:02:55,804 INFO  [io.api.tes.ser.api.KafkaSerdesTester] (Thread-874) topic-9f84c1f2_a1d7_424f_b65b_419ca30869e9 0 34 {"key1": "value-4", "key2": "value-4", "key3": "value-4"}
2025-07-31 17:02:55,804 INFO  [io.api.tes.ser.api.KafkaSerdesTester] (Thread-874) topic-9f84c1f2_a1d7_424f_b65b_419ca30869e9 0 35 {"key1": "value-5", "key2": "value-5", "key3": "value-5"}
2025-07-31 17:02:55,804 INFO  [io.api.tes.ser.api.KafkaSerdesTester] (Thread-874) topic-9f84c1f2_a1d7_424f_b65b_419ca30869e9 0 36 {"key1": "value-6", "key2": "value-6", "key3": "value-6"}
2025-07-31 17:02:55,804 INFO  [io.api.tes.ser.api.KafkaSerdesTester] (Thread-874) topic-9f84c1f2_a1d7_424f_b65b_419ca30869e9 0 37 {"key1": "value-7", "key2": "value-7", "key3": "value-7"}
2025-07-31 17:02:55,804 INFO  [io.api.tes.ser.api.KafkaSerdesTester] (Thread-874) topic-9f84c1f2_a1d7_424f_b65b_419ca30869e9 0 38 {"key1": "value-8", "key2": "value-8", "key3": "value-8"}
2025-07-31 17:02:55,804 INFO  [io.api.tes.ser.api.KafkaSerdesTester] (Thread-874) topic-9f84c1f2_a1d7_424f_b65b_419ca30869e9 0 39 {"key1": "value-9", "key2": "value-9", "key3": "value-9"}
2025-07-31 17:02:55,804 INFO  [io.api.tes.ser.api.KafkaSerdesTester] (Thread-874) topic-9f84c1f2_a1d7_424f_b65b_419ca30869e9 0 40 {"key1": "value-0", "key2": "value-0"}
2025-07-31 17:02:55,804 INFO  [io.api.tes.ser.api.KafkaSerdesTester] (Thread-874) topic-9f84c1f2_a1d7_424f_b65b_419ca30869e9 0 41 {"key1": "value-1", "key2": "value-1"}
2025-07-31 17:02:55,804 INFO  [io.api.tes.ser.api.KafkaSerdesTester] (Thread-874) topic-9f84c1f2_a1d7_424f_b65b_419ca30869e9 0 42 {"key1": "value-2", "key2": "value-2"}
2025-07-31 17:02:55,804 INFO  [io.api.tes.ser.api.KafkaSerdesTester] (Thread-874) topic-9f84c1f2_a1d7_424f_b65b_419ca30869e9 0 43 {"key1": "value-3", "key2": "value-3"}
2025-07-31 17:02:55,804 INFO  [io.api.tes.ser.api.KafkaSerdesTester] (Thread-874) topic-9f84c1f2_a1d7_424f_b65b_419ca30869e9 0 44 {"key1": "value-4", "key2": "value-4"}
2025-07-31 17:02:55,804 INFO  [io.api.tes.ser.api.KafkaSerdesTester] (Thread-874) topic-9f84c1f2_a1d7_424f_b65b_419ca30869e9 0 45 {"key1": "value-5", "key2": "value-5"}
2025-07-31 17:02:55,804 INFO  [io.api.tes.ser.api.KafkaSerdesTester] (Thread-874) topic-9f84c1f2_a1d7_424f_b65b_419ca30869e9 0 46 {"key1": "value-6", "key2": "value-6"}
2025-07-31 17:02:55,804 INFO  [io.api.tes.ser.api.KafkaSerdesTester] (Thread-874) topic-9f84c1f2_a1d7_424f_b65b_419ca30869e9 0 47 {"key1": "value-7", "key2": "value-7"}
2025-07-31 17:02:55,804 INFO  [io.api.tes.ser.api.KafkaSerdesTester] (Thread-874) topic-9f84c1f2_a1d7_424f_b65b_419ca30869e9 0 48 {"key1": "value-8", "key2": "value-8"}
2025-07-31 17:02:55,804 INFO  [io.api.tes.ser.api.KafkaSerdesTester] (Thread-874) topic-9f84c1f2_a1d7_424f_b65b_419ca30869e9 0 49 {"key1": "value-9", "key2": "value-9"}
2025-07-31 17:02:55,804 INFO  [io.api.tes.ser.api.KafkaSerdesTester] (Thread-874) topic-9f84c1f2_a1d7_424f_b65b_419ca30869e9 0 50 {"key1": "value-0"}
2025-07-31 17:02:55,804 INFO  [io.api.tes.ser.api.KafkaSerdesTester] (Thread-874) topic-9f84c1f2_a1d7_424f_b65b_419ca30869e9 0 51 {"key1": "value-1"}
2025-07-31 17:02:55,804 INFO  [io.api.tes.ser.api.KafkaSerdesTester] (Thread-874) topic-9f84c1f2_a1d7_424f_b65b_419ca30869e9 0 52 {"key1": "value-2"}
2025-07-31 17:02:55,804 INFO  [io.api.tes.ser.api.KafkaSerdesTester] (Thread-874) topic-9f84c1f2_a1d7_424f_b65b_419ca30869e9 0 53 {"key1": "value-3"}
2025-07-31 17:02:55,804 INFO  [io.api.tes.ser.api.KafkaSerdesTester] (Thread-874) topic-9f84c1f2_a1d7_424f_b65b_419ca30869e9 0 54 {"key1": "value-4"}
2025-07-31 17:02:55,804 INFO  [io.api.tes.ser.api.KafkaSerdesTester] (Thread-874) topic-9f84c1f2_a1d7_424f_b65b_419ca30869e9 0 55 {"key1": "value-5"}
2025-07-31 17:02:55,804 INFO  [io.api.tes.ser.api.KafkaSerdesTester] (Thread-874) topic-9f84c1f2_a1d7_424f_b65b_419ca30869e9 0 56 {"key1": "value-6"}
2025-07-31 17:02:55,804 INFO  [io.api.tes.ser.api.KafkaSerdesTester] (Thread-874) topic-9f84c1f2_a1d7_424f_b65b_419ca30869e9 0 57 {"key1": "value-7"}
2025-07-31 17:02:55,804 INFO  [io.api.tes.ser.api.KafkaSerdesTester] (Thread-874) topic-9f84c1f2_a1d7_424f_b65b_419ca30869e9 0 58 {"key1": "value-8"}
2025-07-31 17:02:55,804 INFO  [io.api.tes.ser.api.KafkaSerdesTester] (Thread-874) topic-9f84c1f2_a1d7_424f_b65b_419ca30869e9 0 59 {"key1": "value-9"}
2025-07-31 17:02:55,804 INFO  [io.api.tes.ser.api.KafkaSerdesTester] (Thread-874) Consumed 30 messages
2025-07-31 17:02:55,808 INFO  [org.apa.kaf.cli.con.int.ConsumerRebalanceListenerInvoker] (Thread-874) [Consumer clientId=consumer-Consumer-topic-9f84c1f2_a1d7_424f_b65b_419ca30869e9-36, groupId=Consumer-topic-9f84c1f2_a1d7_424f_b65b_419ca30869e9] Revoke previously assigned partitions topic-9f84c1f2_a1d7_424f_b65b_419ca30869e9-0
2025-07-31 17:02:55,808 INFO  [org.apa.kaf.cli.con.int.ConsumerCoordinator] (Thread-874) [Consumer clientId=consumer-Consumer-topic-9f84c1f2_a1d7_424f_b65b_419ca30869e9-36, groupId=Consumer-topic-9f84c1f2_a1d7_424f_b65b_419ca30869e9] Member consumer-Consumer-topic-9f84c1f2_a1d7_424f_b65b_419ca30869e9-36-1e2af9a3-65e6-453a-adda-52b69d75bda7 sending LeaveGroup request to coordinator localhost:32770 (id: 2147483647 rack: null) due to the consumer is being closed
2025-07-31 17:02:55,808 INFO  [org.apa.kaf.cli.con.int.ConsumerCoordinator] (Thread-874) [Consumer clientId=consumer-Consumer-topic-9f84c1f2_a1d7_424f_b65b_419ca30869e9-36, groupId=Consumer-topic-9f84c1f2_a1d7_424f_b65b_419ca30869e9] Resetting generation and member id due to: consumer pro-actively leaving the group
2025-07-31 17:02:55,808 INFO  [org.apa.kaf.cli.con.int.ConsumerCoordinator] (Thread-874) [Consumer clientId=consumer-Consumer-topic-9f84c1f2_a1d7_424f_b65b_419ca30869e9-36, groupId=Consumer-topic-9f84c1f2_a1d7_424f_b65b_419ca30869e9] Request joining group due to: consumer pro-actively leaving the group
2025-07-31 17:02:56,305 INFO  [org.apa.kaf.com.met.Metrics] (Thread-874) Metrics scheduler closed
2025-07-31 17:02:56,305 INFO  [org.apa.kaf.com.met.Metrics] (Thread-874) Closing reporter org.apache.kafka.common.metrics.JmxReporter
2025-07-31 17:02:56,305 INFO  [org.apa.kaf.com.met.Metrics] (Thread-874) Closing reporter org.apache.kafka.common.telemetry.internals.ClientTelemetryReporter
2025-07-31 17:02:56,305 INFO  [org.apa.kaf.com.met.Metrics] (Thread-874) Metrics reporters closed
2025-07-31 17:02:56,307 INFO  [org.apa.kaf.com.uti.AppInfoParser] (Thread-874) App info kafka.consumer for consumer-Consumer-topic-9f84c1f2_a1d7_424f_b65b_419ca30869e9-36 unregistered
2025-07-31 17:02:56,307 INFO  [org.apa.kaf.cli.pro.KafkaProducer] (main) [Producer clientId=Producer-topic-9f84c1f2_a1d7_424f_b65b_419ca30869e9] Closing the Kafka producer with timeoutMillis = 9223372036854775807 ms.
2025-07-31 17:02:56,307 INFO  [org.apa.kaf.com.met.Metrics] (main) Metrics scheduler closed
2025-07-31 17:02:56,307 INFO  [org.apa.kaf.com.met.Metrics] (main) Closing reporter org.apache.kafka.common.metrics.JmxReporter
2025-07-31 17:02:56,307 INFO  [org.apa.kaf.com.met.Metrics] (main) Closing reporter org.apache.kafka.common.telemetry.internals.ClientTelemetryReporter
2025-07-31 17:02:56,307 INFO  [org.apa.kaf.com.met.Metrics] (main) Metrics reporters closed
2025-07-31 17:02:56,307 INFO  [org.apa.kaf.com.uti.AppInfoParser] (main) App info kafka.producer for Producer-topic-9f84c1f2_a1d7_424f_b65b_419ca30869e9 unregistered
2025-07-31 17:02:56,329 INFO  [io.api.tes.ser.con.BasicConfluentSerDesIT] (main) Deleting confluent schema topic-9f84c1f2_a1d7_424f_b65b_419ca30869e9-se4963598x324fx47b8xb6b1x5b2176046c86
2025-07-31 17:02:56,342 INFO  [io.api.tes.uti.TestSeparator] (main) io.apicurio.tests.serdes.confluent.BasicConfluentSerDesIT.testEvolveAvroConfluent-FINISHED
2025-07-31 17:02:56,342 INFO  [io.api.tes.uti.TestSeparator] (main) ############################################################################
Test passed: testEvolveAvroConfluent
]]></system-out>
  </testcase>
  <testcase name="testAvroConfluentSerDes" classname="io.apicurio.tests.serdes.confluent.BasicConfluentSerDesIT" time="0.753">
    <system-out><![CDATA[2025-07-31 17:02:56,343 INFO  [io.api.tes.uti.TestSeparator] (main) ############################################################################
2025-07-31 17:02:56,343 INFO  [io.api.tes.uti.TestSeparator] (main) io.apicurio.tests.serdes.confluent.BasicConfluentSerDesIT.testAvroConfluentSerDes-STARTED
2025-07-31 17:02:56,386 INFO  [io.api.tes.ser.con.BasicConfluentSerDesIT] (main) Checking that created schema is equal to the get schema
2025-07-31 17:02:56,398 INFO  [io.api.tes.ser.con.BasicConfluentSerDesIT] (main) Created schema with id:50 and name:myrecordconfluent1
**** Registry Base URL: http://registry-app-postgresql.apps.ci419.apicurio-testing.org:80
2025-07-31 17:02:56,399 INFO  [org.apa.kaf.cli.pro.ProducerConfig] (main) ProducerConfig values: 
	acks = -1
	auto.include.jmx.reporter = true
	batch.size = 16384
	bootstrap.servers = [PLAINTEXT://localhost:32770]
	buffer.memory = 33554432
	client.dns.lookup = use_all_dns_ips
	client.id = Producer-topic-c4c4cb47_c532_4a40_89d8_0a272d559950
	compression.gzip.level = -1
	compression.lz4.level = 9
	compression.type = none
	compression.zstd.level = 3
	connections.max.idle.ms = 10000
	delivery.timeout.ms = 120000
	enable.idempotence = true
	enable.metrics.push = true
	interceptor.classes = []
	key.serializer = class org.apache.kafka.common.serialization.StringSerializer
	linger.ms = 0
	max.block.ms = 60000
	max.in.flight.requests.per.connection = 5
	max.request.size = 1048576
	metadata.max.age.ms = 300000
	metadata.max.idle.ms = 300000
	metadata.recovery.strategy = none
	metric.reporters = []
	metrics.num.samples = 2
	metrics.recording.level = INFO
	metrics.sample.window.ms = 30000
	partitioner.adaptive.partitioning.enable = true
	partitioner.availability.timeout.ms = 0
	partitioner.class = null
	partitioner.ignore.keys = false
	receive.buffer.bytes = 32768
	reconnect.backoff.max.ms = 1000
	reconnect.backoff.ms = 50
	request.timeout.ms = 5000
	retries = 2147483647
	retry.backoff.max.ms = 1000
	retry.backoff.ms = 100
	sasl.client.callback.handler.class = null
	sasl.jaas.config = null
	sasl.kerberos.kinit.cmd = /usr/bin/kinit
	sasl.kerberos.min.time.before.relogin = 60000
	sasl.kerberos.service.name = null
	sasl.kerberos.ticket.renew.jitter = 0.05
	sasl.kerberos.ticket.renew.window.factor = 0.8
	sasl.login.callback.handler.class = null
	sasl.login.class = null
	sasl.login.connect.timeout.ms = null
	sasl.login.read.timeout.ms = null
	sasl.login.refresh.buffer.seconds = 300
	sasl.login.refresh.min.period.seconds = 60
	sasl.login.refresh.window.factor = 0.8
	sasl.login.refresh.window.jitter = 0.05
	sasl.login.retry.backoff.max.ms = 10000
	sasl.login.retry.backoff.ms = 100
	sasl.mechanism = GSSAPI
	sasl.oauthbearer.clock.skew.seconds = 30
	sasl.oauthbearer.expected.audience = null
	sasl.oauthbearer.expected.issuer = null
	sasl.oauthbearer.header.urlencode = false
	sasl.oauthbearer.jwks.endpoint.refresh.ms = 3600000
	sasl.oauthbearer.jwks.endpoint.retry.backoff.max.ms = 10000
	sasl.oauthbearer.jwks.endpoint.retry.backoff.ms = 100
	sasl.oauthbearer.jwks.endpoint.url = null
	sasl.oauthbearer.scope.claim.name = scope
	sasl.oauthbearer.sub.claim.name = sub
	sasl.oauthbearer.token.endpoint.url = null
	security.protocol = PLAINTEXT
	security.providers = null
	send.buffer.bytes = 131072
	socket.connection.setup.timeout.max.ms = 30000
	socket.connection.setup.timeout.ms = 10000
	ssl.cipher.suites = null
	ssl.enabled.protocols = [TLSv1.2, TLSv1.3]
	ssl.endpoint.identification.algorithm = https
	ssl.engine.factory.class = null
	ssl.key.password = null
	ssl.keymanager.algorithm = SunX509
	ssl.keystore.certificate.chain = null
	ssl.keystore.key = null
	ssl.keystore.location = null
	ssl.keystore.password = null
	ssl.keystore.type = JKS
	ssl.protocol = TLSv1.3
	ssl.provider = null
	ssl.secure.random.implementation = null
	ssl.trustmanager.algorithm = PKIX
	ssl.truststore.certificates = null
	ssl.truststore.location = null
	ssl.truststore.password = null
	ssl.truststore.type = JKS
	transaction.timeout.ms = 60000
	transactional.id = null
	value.serializer = class io.confluent.kafka.serializers.KafkaAvroSerializer

2025-07-31 17:02:56,399 INFO  [org.apa.kaf.com.tel.int.KafkaMetricsCollector] (main) initializing Kafka metrics collector
2025-07-31 17:02:56,399 INFO  [io.con.kaf.ser.KafkaAvroSerializerConfig] (main) KafkaAvroSerializerConfig values: 
	auto.register.schemas = false
	avro.reflection.allow.null = false
	avro.remove.java.properties = false
	avro.use.logical.type.converters = false
	basic.auth.credentials.source = URL
	basic.auth.user.info = [hidden]
	bearer.auth.cache.expiry.buffer.seconds = 300
	bearer.auth.client.id = null
	bearer.auth.client.secret = null
	bearer.auth.credentials.source = STATIC_TOKEN
	bearer.auth.custom.provider.class = null
	bearer.auth.identity.pool.id = null
	bearer.auth.issuer.endpoint.url = null
	bearer.auth.logical.cluster = null
	bearer.auth.scope = null
	bearer.auth.scope.claim.name = scope
	bearer.auth.sub.claim.name = sub
	bearer.auth.token = [hidden]
	context.name.strategy = class io.confluent.kafka.serializers.context.NullContextNameStrategy
	http.connect.timeout.ms = 60000
	http.read.timeout.ms = 60000
	id.compatibility.strict = true
	key.schema.id.deserializer = class io.confluent.kafka.serializers.schema.id.DualSchemaIdDeserializer
	key.schema.id.serializer = class io.confluent.kafka.serializers.schema.id.PrefixSchemaIdSerializer
	key.subject.name.strategy = class io.confluent.kafka.serializers.subject.TopicNameStrategy
	latest.cache.size = 1000
	latest.cache.ttl.sec = -1
	latest.compatibility.strict = true
	max.retries = 3
	max.schemas.per.subject = 1000
	normalize.schemas = false
	propagate.schema.tags = false
	proxy.host = 
	proxy.port = -1
	retries.max.wait.ms = 20000
	retries.wait.ms = 1000
	rule.actions = []
	rule.executors = []
	rule.service.loader.enable = true
	schema.format = null
	schema.reflection = false
	schema.registry.basic.auth.user.info = [hidden]
	schema.registry.ssl.cipher.suites = null
	schema.registry.ssl.enabled.protocols = [TLSv1.2, TLSv1.3]
	schema.registry.ssl.endpoint.identification.algorithm = https
	schema.registry.ssl.engine.factory.class = null
	schema.registry.ssl.key.password = null
	schema.registry.ssl.keymanager.algorithm = SunX509
	schema.registry.ssl.keystore.certificate.chain = null
	schema.registry.ssl.keystore.key = null
	schema.registry.ssl.keystore.location = null
	schema.registry.ssl.keystore.password = null
	schema.registry.ssl.keystore.type = JKS
	schema.registry.ssl.protocol = TLSv1.3
	schema.registry.ssl.provider = null
	schema.registry.ssl.secure.random.implementation = null
	schema.registry.ssl.trustmanager.algorithm = PKIX
	schema.registry.ssl.truststore.certificates = null
	schema.registry.ssl.truststore.location = null
	schema.registry.ssl.truststore.password = null
	schema.registry.ssl.truststore.type = JKS
	schema.registry.url = [http://registry-app-postgresql.apps.ci419.apicurio-testing.org:80/apis/ccompat/v7]
	schema.registry.url.randomize = false
	use.latest.version = false
	use.latest.with.metadata = null
	use.schema.id = -1
	value.schema.id.deserializer = class io.confluent.kafka.serializers.schema.id.DualSchemaIdDeserializer
	value.schema.id.serializer = class io.confluent.kafka.serializers.schema.id.PrefixSchemaIdSerializer
	value.subject.name.strategy = class io.confluent.kafka.serializers.subject.TopicNameStrategy

2025-07-31 17:02:56,401 INFO  [org.apa.kaf.cli.pro.KafkaProducer] (main) [Producer clientId=Producer-topic-c4c4cb47_c532_4a40_89d8_0a272d559950] Instantiated an idempotent producer.
2025-07-31 17:02:56,402 INFO  [org.apa.kaf.cli.pro.ProducerConfig] (main) These configurations '[schema.registry.url, auto.register.schemas, value.subject.name.strategy]' were supplied but are not used yet.
2025-07-31 17:02:56,402 INFO  [org.apa.kaf.com.uti.AppInfoParser] (main) Kafka version: 3.9.1
2025-07-31 17:02:56,402 INFO  [org.apa.kaf.com.uti.AppInfoParser] (main) Kafka commitId: f745dfdcee2b9851
2025-07-31 17:02:56,402 INFO  [org.apa.kaf.com.uti.AppInfoParser] (main) Kafka startTimeMs: 1753981376402
2025-07-31 17:02:56,402 INFO  [io.api.tes.ser.api.SimpleSerdesTesterBuilder$SimpleSerdesTester] (main) Using producer configuration: {schema.registry.url=http://registry-app-postgresql.apps.ci419.apicurio-testing.org:80/apis/ccompat/v7, value.serializer=io.confluent.kafka.serializers.KafkaAvroSerializer, request.timeout.ms=5000, auto.register.schemas=false, acks=all, bootstrap.servers=PLAINTEXT://localhost:32770, connections.max.idle.ms=10000, key.serializer=org.apache.kafka.common.serialization.StringSerializer, value.subject.name.strategy=io.confluent.kafka.serializers.subject.TopicNameStrategy, client.id=Producer-topic-c4c4cb47_c532_4a40_89d8_0a272d559950}
2025-07-31 17:02:56,402 INFO  [io.api.tes.ser.api.SimpleSerdesTesterBuilder$SimpleSerdesTester] (main) Using consumer configuration: {}
2025-07-31 17:02:56,402 INFO  [io.api.tes.ser.api.KafkaSerdesTester] (Thread-875) Sending message {"key1": "value-0"} to topic topic-c4c4cb47_c532_4a40_89d8_0a272d559950
2025-07-31 17:02:56,405 INFO  [org.apa.kaf.cli.Metadata] (kafka-producer-network-thread | Producer-topic-c4c4cb47_c532_4a40_89d8_0a272d559950) [Producer clientId=Producer-topic-c4c4cb47_c532_4a40_89d8_0a272d559950] Cluster ID: alGoLOtfQj2F2-zKWHmvbA
2025-07-31 17:02:56,405 INFO  [org.apa.kaf.cli.pro.int.TransactionManager] (kafka-producer-network-thread | Producer-topic-c4c4cb47_c532_4a40_89d8_0a272d559950) [Producer clientId=Producer-topic-c4c4cb47_c532_4a40_89d8_0a272d559950] ProducerId set to 50 with epoch 0
2025-07-31 17:02:56,420 INFO  [io.api.tes.ser.api.KafkaSerdesTester] (Thread-875) Sending message {"key1": "value-1"} to topic topic-c4c4cb47_c532_4a40_89d8_0a272d559950
2025-07-31 17:02:56,422 INFO  [io.api.tes.ser.api.KafkaSerdesTester] (Thread-875) Sending message {"key1": "value-2"} to topic topic-c4c4cb47_c532_4a40_89d8_0a272d559950
2025-07-31 17:02:56,423 INFO  [io.api.tes.ser.api.KafkaSerdesTester] (Thread-875) Sending message {"key1": "value-3"} to topic topic-c4c4cb47_c532_4a40_89d8_0a272d559950
2025-07-31 17:02:56,424 INFO  [io.api.tes.ser.api.KafkaSerdesTester] (Thread-875) Sending message {"key1": "value-4"} to topic topic-c4c4cb47_c532_4a40_89d8_0a272d559950
2025-07-31 17:02:56,424 INFO  [io.api.tes.ser.api.KafkaSerdesTester] (Thread-875) Sending message {"key1": "value-5"} to topic topic-c4c4cb47_c532_4a40_89d8_0a272d559950
2025-07-31 17:02:56,426 INFO  [io.api.tes.ser.api.KafkaSerdesTester] (Thread-875) Sending message {"key1": "value-6"} to topic topic-c4c4cb47_c532_4a40_89d8_0a272d559950
2025-07-31 17:02:56,427 INFO  [io.api.tes.ser.api.KafkaSerdesTester] (Thread-875) Sending message {"key1": "value-7"} to topic topic-c4c4cb47_c532_4a40_89d8_0a272d559950
2025-07-31 17:02:56,428 INFO  [io.api.tes.ser.api.KafkaSerdesTester] (Thread-875) Sending message {"key1": "value-8"} to topic topic-c4c4cb47_c532_4a40_89d8_0a272d559950
2025-07-31 17:02:56,429 INFO  [io.api.tes.ser.api.KafkaSerdesTester] (Thread-875) Sending message {"key1": "value-9"} to topic topic-c4c4cb47_c532_4a40_89d8_0a272d559950
2025-07-31 17:02:56,432 INFO  [io.api.tes.ser.api.KafkaSerdesTester] (Thread-875) Produced 10 messages
2025-07-31 17:02:56,432 INFO  [org.apa.kaf.cli.pro.KafkaProducer] (Thread-875) [Producer clientId=Producer-topic-c4c4cb47_c532_4a40_89d8_0a272d559950] Closing the Kafka producer with timeoutMillis = 9223372036854775807 ms.
2025-07-31 17:02:56,434 INFO  [org.apa.kaf.com.met.Metrics] (Thread-875) Metrics scheduler closed
2025-07-31 17:02:56,434 INFO  [org.apa.kaf.com.met.Metrics] (Thread-875) Closing reporter org.apache.kafka.common.metrics.JmxReporter
2025-07-31 17:02:56,434 INFO  [org.apa.kaf.com.met.Metrics] (Thread-875) Closing reporter org.apache.kafka.common.telemetry.internals.ClientTelemetryReporter
2025-07-31 17:02:56,434 INFO  [org.apa.kaf.com.met.Metrics] (Thread-875) Metrics reporters closed
2025-07-31 17:02:56,434 INFO  [org.apa.kaf.com.uti.AppInfoParser] (Thread-875) App info kafka.producer for Producer-topic-c4c4cb47_c532_4a40_89d8_0a272d559950 unregistered
**** Registry Base URL: http://registry-app-postgresql.apps.ci419.apicurio-testing.org:80
2025-07-31 17:02:56,436 INFO  [org.apa.kaf.cli.con.ConsumerConfig] (main) ConsumerConfig values: 
	allow.auto.create.topics = true
	auto.commit.interval.ms = 500
	auto.include.jmx.reporter = true
	auto.offset.reset = earliest
	bootstrap.servers = [PLAINTEXT://localhost:32770]
	check.crcs = true
	client.dns.lookup = use_all_dns_ips
	client.id = consumer-Consumer-topic-c4c4cb47_c532_4a40_89d8_0a272d559950-37
	client.rack = 
	connections.max.idle.ms = 10000
	default.api.timeout.ms = 60000
	enable.auto.commit = true
	enable.metrics.push = true
	exclude.internal.topics = true
	fetch.max.bytes = 52428800
	fetch.max.wait.ms = 500
	fetch.min.bytes = 1
	group.id = Consumer-topic-c4c4cb47_c532_4a40_89d8_0a272d559950
	group.instance.id = null
	group.protocol = classic
	group.remote.assignor = null
	heartbeat.interval.ms = 3000
	interceptor.classes = []
	internal.leave.group.on.close = true
	internal.throw.on.fetch.stable.offset.unsupported = false
	isolation.level = read_uncommitted
	key.deserializer = class org.apache.kafka.common.serialization.StringDeserializer
	max.partition.fetch.bytes = 1048576
	max.poll.interval.ms = 300000
	max.poll.records = 500
	metadata.max.age.ms = 300000
	metadata.recovery.strategy = none
	metric.reporters = []
	metrics.num.samples = 2
	metrics.recording.level = INFO
	metrics.sample.window.ms = 30000
	partition.assignment.strategy = [class org.apache.kafka.clients.consumer.RangeAssignor, class org.apache.kafka.clients.consumer.CooperativeStickyAssignor]
	receive.buffer.bytes = 65536
	reconnect.backoff.max.ms = 1000
	reconnect.backoff.ms = 50
	request.timeout.ms = 5000
	retry.backoff.max.ms = 1000
	retry.backoff.ms = 100
	sasl.client.callback.handler.class = null
	sasl.jaas.config = null
	sasl.kerberos.kinit.cmd = /usr/bin/kinit
	sasl.kerberos.min.time.before.relogin = 60000
	sasl.kerberos.service.name = null
	sasl.kerberos.ticket.renew.jitter = 0.05
	sasl.kerberos.ticket.renew.window.factor = 0.8
	sasl.login.callback.handler.class = null
	sasl.login.class = null
	sasl.login.connect.timeout.ms = null
	sasl.login.read.timeout.ms = null
	sasl.login.refresh.buffer.seconds = 300
	sasl.login.refresh.min.period.seconds = 60
	sasl.login.refresh.window.factor = 0.8
	sasl.login.refresh.window.jitter = 0.05
	sasl.login.retry.backoff.max.ms = 10000
	sasl.login.retry.backoff.ms = 100
	sasl.mechanism = GSSAPI
	sasl.oauthbearer.clock.skew.seconds = 30
	sasl.oauthbearer.expected.audience = null
	sasl.oauthbearer.expected.issuer = null
	sasl.oauthbearer.header.urlencode = false
	sasl.oauthbearer.jwks.endpoint.refresh.ms = 3600000
	sasl.oauthbearer.jwks.endpoint.retry.backoff.max.ms = 10000
	sasl.oauthbearer.jwks.endpoint.retry.backoff.ms = 100
	sasl.oauthbearer.jwks.endpoint.url = null
	sasl.oauthbearer.scope.claim.name = scope
	sasl.oauthbearer.sub.claim.name = sub
	sasl.oauthbearer.token.endpoint.url = null
	security.protocol = PLAINTEXT
	security.providers = null
	send.buffer.bytes = 131072
	session.timeout.ms = 45000
	socket.connection.setup.timeout.max.ms = 30000
	socket.connection.setup.timeout.ms = 10000
	ssl.cipher.suites = null
	ssl.enabled.protocols = [TLSv1.2, TLSv1.3]
	ssl.endpoint.identification.algorithm = https
	ssl.engine.factory.class = null
	ssl.key.password = null
	ssl.keymanager.algorithm = SunX509
	ssl.keystore.certificate.chain = null
	ssl.keystore.key = null
	ssl.keystore.location = null
	ssl.keystore.password = null
	ssl.keystore.type = JKS
	ssl.protocol = TLSv1.3
	ssl.provider = null
	ssl.secure.random.implementation = null
	ssl.trustmanager.algorithm = PKIX
	ssl.truststore.certificates = null
	ssl.truststore.location = null
	ssl.truststore.password = null
	ssl.truststore.type = JKS
	value.deserializer = class io.confluent.kafka.serializers.KafkaAvroDeserializer

2025-07-31 17:02:56,436 INFO  [org.apa.kaf.com.tel.int.KafkaMetricsCollector] (main) initializing Kafka metrics collector
2025-07-31 17:02:56,436 INFO  [io.con.kaf.ser.KafkaAvroDeserializerConfig] (main) KafkaAvroDeserializerConfig values: 
	auto.register.schemas = true
	avro.reflection.allow.null = false
	avro.use.logical.type.converters = false
	basic.auth.credentials.source = URL
	basic.auth.user.info = [hidden]
	bearer.auth.cache.expiry.buffer.seconds = 300
	bearer.auth.client.id = null
	bearer.auth.client.secret = null
	bearer.auth.credentials.source = STATIC_TOKEN
	bearer.auth.custom.provider.class = null
	bearer.auth.identity.pool.id = null
	bearer.auth.issuer.endpoint.url = null
	bearer.auth.logical.cluster = null
	bearer.auth.scope = null
	bearer.auth.scope.claim.name = scope
	bearer.auth.sub.claim.name = sub
	bearer.auth.token = [hidden]
	context.name.strategy = class io.confluent.kafka.serializers.context.NullContextNameStrategy
	http.connect.timeout.ms = 60000
	http.read.timeout.ms = 60000
	id.compatibility.strict = true
	key.schema.id.deserializer = class io.confluent.kafka.serializers.schema.id.DualSchemaIdDeserializer
	key.schema.id.serializer = class io.confluent.kafka.serializers.schema.id.PrefixSchemaIdSerializer
	key.subject.name.strategy = class io.confluent.kafka.serializers.subject.TopicNameStrategy
	latest.cache.size = 1000
	latest.cache.ttl.sec = -1
	latest.compatibility.strict = true
	max.retries = 3
	max.schemas.per.subject = 1000
	normalize.schemas = false
	propagate.schema.tags = false
	proxy.host = 
	proxy.port = -1
	retries.max.wait.ms = 20000
	retries.wait.ms = 1000
	rule.actions = []
	rule.executors = []
	rule.service.loader.enable = true
	schema.format = null
	schema.reflection = false
	schema.registry.basic.auth.user.info = [hidden]
	schema.registry.ssl.cipher.suites = null
	schema.registry.ssl.enabled.protocols = [TLSv1.2, TLSv1.3]
	schema.registry.ssl.endpoint.identification.algorithm = https
	schema.registry.ssl.engine.factory.class = null
	schema.registry.ssl.key.password = null
	schema.registry.ssl.keymanager.algorithm = SunX509
	schema.registry.ssl.keystore.certificate.chain = null
	schema.registry.ssl.keystore.key = null
	schema.registry.ssl.keystore.location = null
	schema.registry.ssl.keystore.password = null
	schema.registry.ssl.keystore.type = JKS
	schema.registry.ssl.protocol = TLSv1.3
	schema.registry.ssl.provider = null
	schema.registry.ssl.secure.random.implementation = null
	schema.registry.ssl.trustmanager.algorithm = PKIX
	schema.registry.ssl.truststore.certificates = null
	schema.registry.ssl.truststore.location = null
	schema.registry.ssl.truststore.password = null
	schema.registry.ssl.truststore.type = JKS
	schema.registry.url = [http://registry-app-postgresql.apps.ci419.apicurio-testing.org:80/apis/ccompat/v7]
	schema.registry.url.randomize = false
	specific.avro.key.type = null
	specific.avro.reader = false
	specific.avro.value.type = null
	use.latest.version = false
	use.latest.with.metadata = null
	use.schema.id = -1
	value.schema.id.deserializer = class io.confluent.kafka.serializers.schema.id.DualSchemaIdDeserializer
	value.schema.id.serializer = class io.confluent.kafka.serializers.schema.id.PrefixSchemaIdSerializer
	value.subject.name.strategy = class io.confluent.kafka.serializers.subject.TopicNameStrategy

2025-07-31 17:02:56,442 INFO  [org.apa.kaf.cli.con.ConsumerConfig] (main) These configurations '[schema.registry.url]' were supplied but are not used yet.
2025-07-31 17:02:56,442 INFO  [org.apa.kaf.com.uti.AppInfoParser] (main) Kafka version: 3.9.1
2025-07-31 17:02:56,442 INFO  [org.apa.kaf.com.uti.AppInfoParser] (main) Kafka commitId: f745dfdcee2b9851
2025-07-31 17:02:56,442 INFO  [org.apa.kaf.com.uti.AppInfoParser] (main) Kafka startTimeMs: 1753981376442
2025-07-31 17:02:56,442 INFO  [org.apa.kaf.cli.con.int.ClassicKafkaConsumer] (Thread-876) [Consumer clientId=consumer-Consumer-topic-c4c4cb47_c532_4a40_89d8_0a272d559950-37, groupId=Consumer-topic-c4c4cb47_c532_4a40_89d8_0a272d559950] Subscribed to topic(s): topic-c4c4cb47_c532_4a40_89d8_0a272d559950
2025-07-31 17:02:56,445 INFO  [org.apa.kaf.cli.Metadata] (Thread-876) [Consumer clientId=consumer-Consumer-topic-c4c4cb47_c532_4a40_89d8_0a272d559950-37, groupId=Consumer-topic-c4c4cb47_c532_4a40_89d8_0a272d559950] Cluster ID: alGoLOtfQj2F2-zKWHmvbA
2025-07-31 17:02:56,446 INFO  [org.apa.kaf.cli.con.int.ConsumerCoordinator] (Thread-876) [Consumer clientId=consumer-Consumer-topic-c4c4cb47_c532_4a40_89d8_0a272d559950-37, groupId=Consumer-topic-c4c4cb47_c532_4a40_89d8_0a272d559950] Discovered group coordinator localhost:32770 (id: 2147483647 rack: null)
2025-07-31 17:02:56,447 INFO  [org.apa.kaf.cli.con.int.ConsumerCoordinator] (Thread-876) [Consumer clientId=consumer-Consumer-topic-c4c4cb47_c532_4a40_89d8_0a272d559950-37, groupId=Consumer-topic-c4c4cb47_c532_4a40_89d8_0a272d559950] (Re-)joining group
2025-07-31 17:02:56,450 INFO  [org.apa.kaf.cli.con.int.ConsumerCoordinator] (Thread-876) [Consumer clientId=consumer-Consumer-topic-c4c4cb47_c532_4a40_89d8_0a272d559950-37, groupId=Consumer-topic-c4c4cb47_c532_4a40_89d8_0a272d559950] Request joining group due to: need to re-join with the given member-id: consumer-Consumer-topic-c4c4cb47_c532_4a40_89d8_0a272d559950-37-63f5a0e0-c7be-409b-b83e-e7f9ecdec884
2025-07-31 17:02:56,450 INFO  [org.apa.kaf.cli.con.int.ConsumerCoordinator] (Thread-876) [Consumer clientId=consumer-Consumer-topic-c4c4cb47_c532_4a40_89d8_0a272d559950-37, groupId=Consumer-topic-c4c4cb47_c532_4a40_89d8_0a272d559950] (Re-)joining group
2025-07-31 17:02:56,453 INFO  [org.apa.kaf.cli.con.int.ConsumerCoordinator] (Thread-876) [Consumer clientId=consumer-Consumer-topic-c4c4cb47_c532_4a40_89d8_0a272d559950-37, groupId=Consumer-topic-c4c4cb47_c532_4a40_89d8_0a272d559950] Successfully joined group with generation Generation{generationId=1, memberId='consumer-Consumer-topic-c4c4cb47_c532_4a40_89d8_0a272d559950-37-63f5a0e0-c7be-409b-b83e-e7f9ecdec884', protocol='range'}
2025-07-31 17:02:56,453 INFO  [org.apa.kaf.cli.con.int.ConsumerCoordinator] (Thread-876) [Consumer clientId=consumer-Consumer-topic-c4c4cb47_c532_4a40_89d8_0a272d559950-37, groupId=Consumer-topic-c4c4cb47_c532_4a40_89d8_0a272d559950] Finished assignment for group at generation 1: {consumer-Consumer-topic-c4c4cb47_c532_4a40_89d8_0a272d559950-37-63f5a0e0-c7be-409b-b83e-e7f9ecdec884=Assignment(partitions=[topic-c4c4cb47_c532_4a40_89d8_0a272d559950-0])}
2025-07-31 17:02:56,455 INFO  [org.apa.kaf.cli.con.int.ConsumerCoordinator] (Thread-876) [Consumer clientId=consumer-Consumer-topic-c4c4cb47_c532_4a40_89d8_0a272d559950-37, groupId=Consumer-topic-c4c4cb47_c532_4a40_89d8_0a272d559950] Successfully synced group in generation Generation{generationId=1, memberId='consumer-Consumer-topic-c4c4cb47_c532_4a40_89d8_0a272d559950-37-63f5a0e0-c7be-409b-b83e-e7f9ecdec884', protocol='range'}
2025-07-31 17:02:56,455 INFO  [org.apa.kaf.cli.con.int.ConsumerCoordinator] (Thread-876) [Consumer clientId=consumer-Consumer-topic-c4c4cb47_c532_4a40_89d8_0a272d559950-37, groupId=Consumer-topic-c4c4cb47_c532_4a40_89d8_0a272d559950] Notifying assignor about the new Assignment(partitions=[topic-c4c4cb47_c532_4a40_89d8_0a272d559950-0])
2025-07-31 17:02:56,455 INFO  [org.apa.kaf.cli.con.int.ConsumerRebalanceListenerInvoker] (Thread-876) [Consumer clientId=consumer-Consumer-topic-c4c4cb47_c532_4a40_89d8_0a272d559950-37, groupId=Consumer-topic-c4c4cb47_c532_4a40_89d8_0a272d559950] Adding newly assigned partitions: topic-c4c4cb47_c532_4a40_89d8_0a272d559950-0
2025-07-31 17:02:56,456 INFO  [org.apa.kaf.cli.con.int.ConsumerCoordinator] (Thread-876) [Consumer clientId=consumer-Consumer-topic-c4c4cb47_c532_4a40_89d8_0a272d559950-37, groupId=Consumer-topic-c4c4cb47_c532_4a40_89d8_0a272d559950] Found no committed offset for partition topic-c4c4cb47_c532_4a40_89d8_0a272d559950-0
2025-07-31 17:02:56,461 INFO  [org.apa.kaf.cli.con.int.SubscriptionState] (Thread-876) [Consumer clientId=consumer-Consumer-topic-c4c4cb47_c532_4a40_89d8_0a272d559950-37, groupId=Consumer-topic-c4c4cb47_c532_4a40_89d8_0a272d559950] Resetting offset for partition topic-c4c4cb47_c532_4a40_89d8_0a272d559950-0 to position FetchPosition{offset=0, offsetEpoch=Optional.empty, currentLeader=LeaderAndEpoch{leader=Optional[localhost:32770 (id: 0 rack: null)], epoch=0}}.
2025-07-31 17:02:56,473 INFO  [io.api.tes.ser.api.KafkaSerdesTester] (Thread-876) topic-c4c4cb47_c532_4a40_89d8_0a272d559950 0 0 {"key1": "value-0"}
2025-07-31 17:02:56,473 INFO  [io.api.tes.ser.api.KafkaSerdesTester] (Thread-876) topic-c4c4cb47_c532_4a40_89d8_0a272d559950 0 1 {"key1": "value-1"}
2025-07-31 17:02:56,473 INFO  [io.api.tes.ser.api.KafkaSerdesTester] (Thread-876) topic-c4c4cb47_c532_4a40_89d8_0a272d559950 0 2 {"key1": "value-2"}
2025-07-31 17:02:56,473 INFO  [io.api.tes.ser.api.KafkaSerdesTester] (Thread-876) topic-c4c4cb47_c532_4a40_89d8_0a272d559950 0 3 {"key1": "value-3"}
2025-07-31 17:02:56,473 INFO  [io.api.tes.ser.api.KafkaSerdesTester] (Thread-876) topic-c4c4cb47_c532_4a40_89d8_0a272d559950 0 4 {"key1": "value-4"}
2025-07-31 17:02:56,473 INFO  [io.api.tes.ser.api.KafkaSerdesTester] (Thread-876) topic-c4c4cb47_c532_4a40_89d8_0a272d559950 0 5 {"key1": "value-5"}
2025-07-31 17:02:56,473 INFO  [io.api.tes.ser.api.KafkaSerdesTester] (Thread-876) topic-c4c4cb47_c532_4a40_89d8_0a272d559950 0 6 {"key1": "value-6"}
2025-07-31 17:02:56,473 INFO  [io.api.tes.ser.api.KafkaSerdesTester] (Thread-876) topic-c4c4cb47_c532_4a40_89d8_0a272d559950 0 7 {"key1": "value-7"}
2025-07-31 17:02:56,473 INFO  [io.api.tes.ser.api.KafkaSerdesTester] (Thread-876) topic-c4c4cb47_c532_4a40_89d8_0a272d559950 0 8 {"key1": "value-8"}
2025-07-31 17:02:56,473 INFO  [io.api.tes.ser.api.KafkaSerdesTester] (Thread-876) topic-c4c4cb47_c532_4a40_89d8_0a272d559950 0 9 {"key1": "value-9"}
2025-07-31 17:02:56,474 INFO  [io.api.tes.ser.api.KafkaSerdesTester] (Thread-876) Consumed 10 messages
2025-07-31 17:02:56,475 INFO  [org.apa.kaf.cli.con.int.ConsumerRebalanceListenerInvoker] (Thread-876) [Consumer clientId=consumer-Consumer-topic-c4c4cb47_c532_4a40_89d8_0a272d559950-37, groupId=Consumer-topic-c4c4cb47_c532_4a40_89d8_0a272d559950] Revoke previously assigned partitions topic-c4c4cb47_c532_4a40_89d8_0a272d559950-0
2025-07-31 17:02:56,476 INFO  [org.apa.kaf.cli.con.int.ConsumerCoordinator] (Thread-876) [Consumer clientId=consumer-Consumer-topic-c4c4cb47_c532_4a40_89d8_0a272d559950-37, groupId=Consumer-topic-c4c4cb47_c532_4a40_89d8_0a272d559950] Member consumer-Consumer-topic-c4c4cb47_c532_4a40_89d8_0a272d559950-37-63f5a0e0-c7be-409b-b83e-e7f9ecdec884 sending LeaveGroup request to coordinator localhost:32770 (id: 2147483647 rack: null) due to the consumer is being closed
2025-07-31 17:02:56,476 INFO  [org.apa.kaf.cli.con.int.ConsumerCoordinator] (Thread-876) [Consumer clientId=consumer-Consumer-topic-c4c4cb47_c532_4a40_89d8_0a272d559950-37, groupId=Consumer-topic-c4c4cb47_c532_4a40_89d8_0a272d559950] Resetting generation and member id due to: consumer pro-actively leaving the group
2025-07-31 17:02:56,476 INFO  [org.apa.kaf.cli.con.int.ConsumerCoordinator] (Thread-876) [Consumer clientId=consumer-Consumer-topic-c4c4cb47_c532_4a40_89d8_0a272d559950-37, groupId=Consumer-topic-c4c4cb47_c532_4a40_89d8_0a272d559950] Request joining group due to: consumer pro-actively leaving the group
2025-07-31 17:02:56,976 INFO  [org.apa.kaf.com.met.Metrics] (Thread-876) Metrics scheduler closed
2025-07-31 17:02:56,977 INFO  [org.apa.kaf.com.met.Metrics] (Thread-876) Closing reporter org.apache.kafka.common.metrics.JmxReporter
2025-07-31 17:02:56,977 INFO  [org.apa.kaf.com.met.Metrics] (Thread-876) Closing reporter org.apache.kafka.common.telemetry.internals.ClientTelemetryReporter
2025-07-31 17:02:56,977 INFO  [org.apa.kaf.com.met.Metrics] (Thread-876) Metrics reporters closed
2025-07-31 17:02:56,978 INFO  [org.apa.kaf.com.uti.AppInfoParser] (Thread-876) App info kafka.consumer for consumer-Consumer-topic-c4c4cb47_c532_4a40_89d8_0a272d559950-37 unregistered
2025-07-31 17:02:57,002 INFO  [io.api.tes.ser.con.BasicConfluentSerDesIT] (main) Deleting confluent schema topic-c4c4cb47_c532_4a40_89d8_0a272d559950-value
2025-07-31 17:02:57,096 INFO  [io.api.tes.uti.TestSeparator] (main) io.apicurio.tests.serdes.confluent.BasicConfluentSerDesIT.testAvroConfluentSerDes-FINISHED
2025-07-31 17:02:57,096 INFO  [io.api.tes.uti.TestSeparator] (main) ############################################################################
Test passed: testAvroConfluentSerDes
]]></system-out>
  </testcase>
  <testcase name="testAvroConfluentForMultipleTopics" classname="io.apicurio.tests.serdes.confluent.BasicConfluentSerDesIT" time="1.921">
    <system-out><![CDATA[2025-07-31 17:02:57,097 INFO  [io.api.tes.uti.TestSeparator] (main) ############################################################################
2025-07-31 17:02:57,097 INFO  [io.api.tes.uti.TestSeparator] (main) io.apicurio.tests.serdes.confluent.BasicConfluentSerDesIT.testAvroConfluentForMultipleTopics-STARTED
2025-07-31 17:02:57,138 INFO  [io.api.tes.ser.con.BasicConfluentSerDesIT] (main) Checking that created schema is equal to the get schema
2025-07-31 17:02:57,150 INFO  [io.api.tes.ser.con.BasicConfluentSerDesIT] (main) Created schema with id:51 and name:myrecordconfluent6
**** Registry Base URL: http://registry-app-postgresql.apps.ci419.apicurio-testing.org:80
2025-07-31 17:02:57,150 INFO  [org.apa.kaf.cli.pro.ProducerConfig] (main) ProducerConfig values: 
	acks = -1
	auto.include.jmx.reporter = true
	batch.size = 16384
	bootstrap.servers = [PLAINTEXT://localhost:32770]
	buffer.memory = 33554432
	client.dns.lookup = use_all_dns_ips
	client.id = Producer-topic-a40ac1ae_e82a_40da_956e_2b8c0b847259
	compression.gzip.level = -1
	compression.lz4.level = 9
	compression.type = none
	compression.zstd.level = 3
	connections.max.idle.ms = 10000
	delivery.timeout.ms = 120000
	enable.idempotence = true
	enable.metrics.push = true
	interceptor.classes = []
	key.serializer = class org.apache.kafka.common.serialization.StringSerializer
	linger.ms = 0
	max.block.ms = 60000
	max.in.flight.requests.per.connection = 5
	max.request.size = 1048576
	metadata.max.age.ms = 300000
	metadata.max.idle.ms = 300000
	metadata.recovery.strategy = none
	metric.reporters = []
	metrics.num.samples = 2
	metrics.recording.level = INFO
	metrics.sample.window.ms = 30000
	partitioner.adaptive.partitioning.enable = true
	partitioner.availability.timeout.ms = 0
	partitioner.class = null
	partitioner.ignore.keys = false
	receive.buffer.bytes = 32768
	reconnect.backoff.max.ms = 1000
	reconnect.backoff.ms = 50
	request.timeout.ms = 5000
	retries = 2147483647
	retry.backoff.max.ms = 1000
	retry.backoff.ms = 100
	sasl.client.callback.handler.class = null
	sasl.jaas.config = null
	sasl.kerberos.kinit.cmd = /usr/bin/kinit
	sasl.kerberos.min.time.before.relogin = 60000
	sasl.kerberos.service.name = null
	sasl.kerberos.ticket.renew.jitter = 0.05
	sasl.kerberos.ticket.renew.window.factor = 0.8
	sasl.login.callback.handler.class = null
	sasl.login.class = null
	sasl.login.connect.timeout.ms = null
	sasl.login.read.timeout.ms = null
	sasl.login.refresh.buffer.seconds = 300
	sasl.login.refresh.min.period.seconds = 60
	sasl.login.refresh.window.factor = 0.8
	sasl.login.refresh.window.jitter = 0.05
	sasl.login.retry.backoff.max.ms = 10000
	sasl.login.retry.backoff.ms = 100
	sasl.mechanism = GSSAPI
	sasl.oauthbearer.clock.skew.seconds = 30
	sasl.oauthbearer.expected.audience = null
	sasl.oauthbearer.expected.issuer = null
	sasl.oauthbearer.header.urlencode = false
	sasl.oauthbearer.jwks.endpoint.refresh.ms = 3600000
	sasl.oauthbearer.jwks.endpoint.retry.backoff.max.ms = 10000
	sasl.oauthbearer.jwks.endpoint.retry.backoff.ms = 100
	sasl.oauthbearer.jwks.endpoint.url = null
	sasl.oauthbearer.scope.claim.name = scope
	sasl.oauthbearer.sub.claim.name = sub
	sasl.oauthbearer.token.endpoint.url = null
	security.protocol = PLAINTEXT
	security.providers = null
	send.buffer.bytes = 131072
	socket.connection.setup.timeout.max.ms = 30000
	socket.connection.setup.timeout.ms = 10000
	ssl.cipher.suites = null
	ssl.enabled.protocols = [TLSv1.2, TLSv1.3]
	ssl.endpoint.identification.algorithm = https
	ssl.engine.factory.class = null
	ssl.key.password = null
	ssl.keymanager.algorithm = SunX509
	ssl.keystore.certificate.chain = null
	ssl.keystore.key = null
	ssl.keystore.location = null
	ssl.keystore.password = null
	ssl.keystore.type = JKS
	ssl.protocol = TLSv1.3
	ssl.provider = null
	ssl.secure.random.implementation = null
	ssl.trustmanager.algorithm = PKIX
	ssl.truststore.certificates = null
	ssl.truststore.location = null
	ssl.truststore.password = null
	ssl.truststore.type = JKS
	transaction.timeout.ms = 60000
	transactional.id = null
	value.serializer = class io.apicurio.registry.serde.avro.AvroKafkaSerializer

2025-07-31 17:02:57,150 INFO  [org.apa.kaf.com.tel.int.KafkaMetricsCollector] (main) initializing Kafka metrics collector
2025-07-31 17:02:57,154 INFO  [org.apa.kaf.cli.pro.KafkaProducer] (main) [Producer clientId=Producer-topic-a40ac1ae_e82a_40da_956e_2b8c0b847259] Instantiated an idempotent producer.
2025-07-31 17:02:57,156 INFO  [org.apa.kaf.cli.pro.ProducerConfig] (main) These configurations '[apicurio.registry.url, apicurio.registry.artifact-resolver-strategy]' were supplied but are not used yet.
2025-07-31 17:02:57,156 INFO  [org.apa.kaf.com.uti.AppInfoParser] (main) Kafka version: 3.9.1
2025-07-31 17:02:57,156 INFO  [org.apa.kaf.com.uti.AppInfoParser] (main) Kafka commitId: f745dfdcee2b9851
2025-07-31 17:02:57,156 INFO  [org.apa.kaf.com.uti.AppInfoParser] (main) Kafka startTimeMs: 1753981377156
**** Registry Base URL: http://registry-app-postgresql.apps.ci419.apicurio-testing.org:80
2025-07-31 17:02:57,156 INFO  [org.apa.kaf.cli.pro.ProducerConfig] (main) ProducerConfig values: 
	acks = -1
	auto.include.jmx.reporter = true
	batch.size = 16384
	bootstrap.servers = [PLAINTEXT://localhost:32770]
	buffer.memory = 33554432
	client.dns.lookup = use_all_dns_ips
	client.id = Producer-topic-14d3aceb_8ec4_4714_bc68_75baa39fcf74
	compression.gzip.level = -1
	compression.lz4.level = 9
	compression.type = none
	compression.zstd.level = 3
	connections.max.idle.ms = 10000
	delivery.timeout.ms = 120000
	enable.idempotence = true
	enable.metrics.push = true
	interceptor.classes = []
	key.serializer = class org.apache.kafka.common.serialization.StringSerializer
	linger.ms = 0
	max.block.ms = 60000
	max.in.flight.requests.per.connection = 5
	max.request.size = 1048576
	metadata.max.age.ms = 300000
	metadata.max.idle.ms = 300000
	metadata.recovery.strategy = none
	metric.reporters = []
	metrics.num.samples = 2
	metrics.recording.level = INFO
	metrics.sample.window.ms = 30000
	partitioner.adaptive.partitioning.enable = true
	partitioner.availability.timeout.ms = 0
	partitioner.class = null
	partitioner.ignore.keys = false
	receive.buffer.bytes = 32768
	reconnect.backoff.max.ms = 1000
	reconnect.backoff.ms = 50
	request.timeout.ms = 5000
	retries = 2147483647
	retry.backoff.max.ms = 1000
	retry.backoff.ms = 100
	sasl.client.callback.handler.class = null
	sasl.jaas.config = null
	sasl.kerberos.kinit.cmd = /usr/bin/kinit
	sasl.kerberos.min.time.before.relogin = 60000
	sasl.kerberos.service.name = null
	sasl.kerberos.ticket.renew.jitter = 0.05
	sasl.kerberos.ticket.renew.window.factor = 0.8
	sasl.login.callback.handler.class = null
	sasl.login.class = null
	sasl.login.connect.timeout.ms = null
	sasl.login.read.timeout.ms = null
	sasl.login.refresh.buffer.seconds = 300
	sasl.login.refresh.min.period.seconds = 60
	sasl.login.refresh.window.factor = 0.8
	sasl.login.refresh.window.jitter = 0.05
	sasl.login.retry.backoff.max.ms = 10000
	sasl.login.retry.backoff.ms = 100
	sasl.mechanism = GSSAPI
	sasl.oauthbearer.clock.skew.seconds = 30
	sasl.oauthbearer.expected.audience = null
	sasl.oauthbearer.expected.issuer = null
	sasl.oauthbearer.header.urlencode = false
	sasl.oauthbearer.jwks.endpoint.refresh.ms = 3600000
	sasl.oauthbearer.jwks.endpoint.retry.backoff.max.ms = 10000
	sasl.oauthbearer.jwks.endpoint.retry.backoff.ms = 100
	sasl.oauthbearer.jwks.endpoint.url = null
	sasl.oauthbearer.scope.claim.name = scope
	sasl.oauthbearer.sub.claim.name = sub
	sasl.oauthbearer.token.endpoint.url = null
	security.protocol = PLAINTEXT
	security.providers = null
	send.buffer.bytes = 131072
	socket.connection.setup.timeout.max.ms = 30000
	socket.connection.setup.timeout.ms = 10000
	ssl.cipher.suites = null
	ssl.enabled.protocols = [TLSv1.2, TLSv1.3]
	ssl.endpoint.identification.algorithm = https
	ssl.engine.factory.class = null
	ssl.key.password = null
	ssl.keymanager.algorithm = SunX509
	ssl.keystore.certificate.chain = null
	ssl.keystore.key = null
	ssl.keystore.location = null
	ssl.keystore.password = null
	ssl.keystore.type = JKS
	ssl.protocol = TLSv1.3
	ssl.provider = null
	ssl.secure.random.implementation = null
	ssl.trustmanager.algorithm = PKIX
	ssl.truststore.certificates = null
	ssl.truststore.location = null
	ssl.truststore.password = null
	ssl.truststore.type = JKS
	transaction.timeout.ms = 60000
	transactional.id = null
	value.serializer = class io.apicurio.registry.serde.avro.AvroKafkaSerializer

2025-07-31 17:02:57,156 INFO  [org.apa.kaf.com.tel.int.KafkaMetricsCollector] (main) initializing Kafka metrics collector
2025-07-31 17:02:57,162 INFO  [org.apa.kaf.cli.pro.KafkaProducer] (main) [Producer clientId=Producer-topic-14d3aceb_8ec4_4714_bc68_75baa39fcf74] Instantiated an idempotent producer.
2025-07-31 17:02:57,164 INFO  [org.apa.kaf.cli.pro.ProducerConfig] (main) These configurations '[apicurio.registry.url, apicurio.registry.artifact-resolver-strategy]' were supplied but are not used yet.
2025-07-31 17:02:57,164 INFO  [org.apa.kaf.com.uti.AppInfoParser] (main) Kafka version: 3.9.1
2025-07-31 17:02:57,165 INFO  [org.apa.kaf.com.uti.AppInfoParser] (main) Kafka commitId: f745dfdcee2b9851
2025-07-31 17:02:57,165 INFO  [org.apa.kaf.com.uti.AppInfoParser] (main) Kafka startTimeMs: 1753981377164
**** Registry Base URL: http://registry-app-postgresql.apps.ci419.apicurio-testing.org:80
2025-07-31 17:02:57,166 INFO  [org.apa.kaf.cli.pro.ProducerConfig] (main) ProducerConfig values: 
	acks = -1
	auto.include.jmx.reporter = true
	batch.size = 16384
	bootstrap.servers = [PLAINTEXT://localhost:32770]
	buffer.memory = 33554432
	client.dns.lookup = use_all_dns_ips
	client.id = Producer-topic-599caefd_3b75_46fb_ab2d_8a7a2e665d91
	compression.gzip.level = -1
	compression.lz4.level = 9
	compression.type = none
	compression.zstd.level = 3
	connections.max.idle.ms = 10000
	delivery.timeout.ms = 120000
	enable.idempotence = true
	enable.metrics.push = true
	interceptor.classes = []
	key.serializer = class org.apache.kafka.common.serialization.StringSerializer
	linger.ms = 0
	max.block.ms = 60000
	max.in.flight.requests.per.connection = 5
	max.request.size = 1048576
	metadata.max.age.ms = 300000
	metadata.max.idle.ms = 300000
	metadata.recovery.strategy = none
	metric.reporters = []
	metrics.num.samples = 2
	metrics.recording.level = INFO
	metrics.sample.window.ms = 30000
	partitioner.adaptive.partitioning.enable = true
	partitioner.availability.timeout.ms = 0
	partitioner.class = null
	partitioner.ignore.keys = false
	receive.buffer.bytes = 32768
	reconnect.backoff.max.ms = 1000
	reconnect.backoff.ms = 50
	request.timeout.ms = 5000
	retries = 2147483647
	retry.backoff.max.ms = 1000
	retry.backoff.ms = 100
	sasl.client.callback.handler.class = null
	sasl.jaas.config = null
	sasl.kerberos.kinit.cmd = /usr/bin/kinit
	sasl.kerberos.min.time.before.relogin = 60000
	sasl.kerberos.service.name = null
	sasl.kerberos.ticket.renew.jitter = 0.05
	sasl.kerberos.ticket.renew.window.factor = 0.8
	sasl.login.callback.handler.class = null
	sasl.login.class = null
	sasl.login.connect.timeout.ms = null
	sasl.login.read.timeout.ms = null
	sasl.login.refresh.buffer.seconds = 300
	sasl.login.refresh.min.period.seconds = 60
	sasl.login.refresh.window.factor = 0.8
	sasl.login.refresh.window.jitter = 0.05
	sasl.login.retry.backoff.max.ms = 10000
	sasl.login.retry.backoff.ms = 100
	sasl.mechanism = GSSAPI
	sasl.oauthbearer.clock.skew.seconds = 30
	sasl.oauthbearer.expected.audience = null
	sasl.oauthbearer.expected.issuer = null
	sasl.oauthbearer.header.urlencode = false
	sasl.oauthbearer.jwks.endpoint.refresh.ms = 3600000
	sasl.oauthbearer.jwks.endpoint.retry.backoff.max.ms = 10000
	sasl.oauthbearer.jwks.endpoint.retry.backoff.ms = 100
	sasl.oauthbearer.jwks.endpoint.url = null
	sasl.oauthbearer.scope.claim.name = scope
	sasl.oauthbearer.sub.claim.name = sub
	sasl.oauthbearer.token.endpoint.url = null
	security.protocol = PLAINTEXT
	security.providers = null
	send.buffer.bytes = 131072
	socket.connection.setup.timeout.max.ms = 30000
	socket.connection.setup.timeout.ms = 10000
	ssl.cipher.suites = null
	ssl.enabled.protocols = [TLSv1.2, TLSv1.3]
	ssl.endpoint.identification.algorithm = https
	ssl.engine.factory.class = null
	ssl.key.password = null
	ssl.keymanager.algorithm = SunX509
	ssl.keystore.certificate.chain = null
	ssl.keystore.key = null
	ssl.keystore.location = null
	ssl.keystore.password = null
	ssl.keystore.type = JKS
	ssl.protocol = TLSv1.3
	ssl.provider = null
	ssl.secure.random.implementation = null
	ssl.trustmanager.algorithm = PKIX
	ssl.truststore.certificates = null
	ssl.truststore.location = null
	ssl.truststore.password = null
	ssl.truststore.type = JKS
	transaction.timeout.ms = 60000
	transactional.id = null
	value.serializer = class io.apicurio.registry.serde.avro.AvroKafkaSerializer

2025-07-31 17:02:57,166 INFO  [org.apa.kaf.cli.Metadata] (kafka-producer-network-thread | Producer-topic-a40ac1ae_e82a_40da_956e_2b8c0b847259) [Producer clientId=Producer-topic-a40ac1ae_e82a_40da_956e_2b8c0b847259] Cluster ID: alGoLOtfQj2F2-zKWHmvbA
2025-07-31 17:02:57,166 INFO  [org.apa.kaf.com.tel.int.KafkaMetricsCollector] (main) initializing Kafka metrics collector
2025-07-31 17:02:57,166 INFO  [org.apa.kaf.cli.pro.int.TransactionManager] (kafka-producer-network-thread | Producer-topic-a40ac1ae_e82a_40da_956e_2b8c0b847259) [Producer clientId=Producer-topic-a40ac1ae_e82a_40da_956e_2b8c0b847259] ProducerId set to 51 with epoch 0
2025-07-31 17:02:57,171 INFO  [org.apa.kaf.cli.pro.KafkaProducer] (main) [Producer clientId=Producer-topic-599caefd_3b75_46fb_ab2d_8a7a2e665d91] Instantiated an idempotent producer.
2025-07-31 17:02:57,174 INFO  [org.apa.kaf.cli.pro.ProducerConfig] (main) These configurations '[apicurio.registry.url, apicurio.registry.artifact-resolver-strategy]' were supplied but are not used yet.
2025-07-31 17:02:57,174 INFO  [org.apa.kaf.com.uti.AppInfoParser] (main) Kafka version: 3.9.1
2025-07-31 17:02:57,174 INFO  [org.apa.kaf.com.uti.AppInfoParser] (main) Kafka commitId: f745dfdcee2b9851
2025-07-31 17:02:57,174 INFO  [org.apa.kaf.com.uti.AppInfoParser] (main) Kafka startTimeMs: 1753981377174
**** Registry Base URL: http://registry-app-postgresql.apps.ci419.apicurio-testing.org:80
2025-07-31 17:02:57,175 INFO  [org.apa.kaf.cli.Metadata] (kafka-producer-network-thread | Producer-topic-14d3aceb_8ec4_4714_bc68_75baa39fcf74) [Producer clientId=Producer-topic-14d3aceb_8ec4_4714_bc68_75baa39fcf74] Cluster ID: alGoLOtfQj2F2-zKWHmvbA
2025-07-31 17:02:57,175 INFO  [org.apa.kaf.cli.pro.int.TransactionManager] (kafka-producer-network-thread | Producer-topic-14d3aceb_8ec4_4714_bc68_75baa39fcf74) [Producer clientId=Producer-topic-14d3aceb_8ec4_4714_bc68_75baa39fcf74] ProducerId set to 52 with epoch 0
2025-07-31 17:02:57,176 INFO  [org.apa.kaf.cli.con.ConsumerConfig] (main) ConsumerConfig values: 
	allow.auto.create.topics = true
	auto.commit.interval.ms = 500
	auto.include.jmx.reporter = true
	auto.offset.reset = earliest
	bootstrap.servers = [PLAINTEXT://localhost:32770]
	check.crcs = true
	client.dns.lookup = use_all_dns_ips
	client.id = consumer-Consumer-topic-a40ac1ae_e82a_40da_956e_2b8c0b847259-38
	client.rack = 
	connections.max.idle.ms = 10000
	default.api.timeout.ms = 60000
	enable.auto.commit = true
	enable.metrics.push = true
	exclude.internal.topics = true
	fetch.max.bytes = 52428800
	fetch.max.wait.ms = 500
	fetch.min.bytes = 1
	group.id = Consumer-topic-a40ac1ae_e82a_40da_956e_2b8c0b847259
	group.instance.id = null
	group.protocol = classic
	group.remote.assignor = null
	heartbeat.interval.ms = 3000
	interceptor.classes = []
	internal.leave.group.on.close = true
	internal.throw.on.fetch.stable.offset.unsupported = false
	isolation.level = read_uncommitted
	key.deserializer = class org.apache.kafka.common.serialization.StringDeserializer
	max.partition.fetch.bytes = 1048576
	max.poll.interval.ms = 300000
	max.poll.records = 500
	metadata.max.age.ms = 300000
	metadata.recovery.strategy = none
	metric.reporters = []
	metrics.num.samples = 2
	metrics.recording.level = INFO
	metrics.sample.window.ms = 30000
	partition.assignment.strategy = [class org.apache.kafka.clients.consumer.RangeAssignor, class org.apache.kafka.clients.consumer.CooperativeStickyAssignor]
	receive.buffer.bytes = 65536
	reconnect.backoff.max.ms = 1000
	reconnect.backoff.ms = 50
	request.timeout.ms = 5000
	retry.backoff.max.ms = 1000
	retry.backoff.ms = 100
	sasl.client.callback.handler.class = null
	sasl.jaas.config = null
	sasl.kerberos.kinit.cmd = /usr/bin/kinit
	sasl.kerberos.min.time.before.relogin = 60000
	sasl.kerberos.service.name = null
	sasl.kerberos.ticket.renew.jitter = 0.05
	sasl.kerberos.ticket.renew.window.factor = 0.8
	sasl.login.callback.handler.class = null
	sasl.login.class = null
	sasl.login.connect.timeout.ms = null
	sasl.login.read.timeout.ms = null
	sasl.login.refresh.buffer.seconds = 300
	sasl.login.refresh.min.period.seconds = 60
	sasl.login.refresh.window.factor = 0.8
	sasl.login.refresh.window.jitter = 0.05
	sasl.login.retry.backoff.max.ms = 10000
	sasl.login.retry.backoff.ms = 100
	sasl.mechanism = GSSAPI
	sasl.oauthbearer.clock.skew.seconds = 30
	sasl.oauthbearer.expected.audience = null
	sasl.oauthbearer.expected.issuer = null
	sasl.oauthbearer.header.urlencode = false
	sasl.oauthbearer.jwks.endpoint.refresh.ms = 3600000
	sasl.oauthbearer.jwks.endpoint.retry.backoff.max.ms = 10000
	sasl.oauthbearer.jwks.endpoint.retry.backoff.ms = 100
	sasl.oauthbearer.jwks.endpoint.url = null
	sasl.oauthbearer.scope.claim.name = scope
	sasl.oauthbearer.sub.claim.name = sub
	sasl.oauthbearer.token.endpoint.url = null
	security.protocol = PLAINTEXT
	security.providers = null
	send.buffer.bytes = 131072
	session.timeout.ms = 45000
	socket.connection.setup.timeout.max.ms = 30000
	socket.connection.setup.timeout.ms = 10000
	ssl.cipher.suites = null
	ssl.enabled.protocols = [TLSv1.2, TLSv1.3]
	ssl.endpoint.identification.algorithm = https
	ssl.engine.factory.class = null
	ssl.key.password = null
	ssl.keymanager.algorithm = SunX509
	ssl.keystore.certificate.chain = null
	ssl.keystore.key = null
	ssl.keystore.location = null
	ssl.keystore.password = null
	ssl.keystore.type = JKS
	ssl.protocol = TLSv1.3
	ssl.provider = null
	ssl.secure.random.implementation = null
	ssl.trustmanager.algorithm = PKIX
	ssl.truststore.certificates = null
	ssl.truststore.location = null
	ssl.truststore.password = null
	ssl.truststore.type = JKS
	value.deserializer = class io.apicurio.registry.serde.avro.AvroKafkaDeserializer

2025-07-31 17:02:57,176 INFO  [org.apa.kaf.com.tel.int.KafkaMetricsCollector] (main) initializing Kafka metrics collector
2025-07-31 17:02:57,180 INFO  [org.apa.kaf.cli.Metadata] (kafka-producer-network-thread | Producer-topic-599caefd_3b75_46fb_ab2d_8a7a2e665d91) [Producer clientId=Producer-topic-599caefd_3b75_46fb_ab2d_8a7a2e665d91] Cluster ID: alGoLOtfQj2F2-zKWHmvbA
2025-07-31 17:02:57,180 INFO  [org.apa.kaf.cli.pro.int.TransactionManager] (kafka-producer-network-thread | Producer-topic-599caefd_3b75_46fb_ab2d_8a7a2e665d91) [Producer clientId=Producer-topic-599caefd_3b75_46fb_ab2d_8a7a2e665d91] ProducerId set to 53 with epoch 0
2025-07-31 17:02:57,183 INFO  [org.apa.kaf.cli.con.ConsumerConfig] (main) These configurations '[apicurio.registry.url]' were supplied but are not used yet.
2025-07-31 17:02:57,183 INFO  [org.apa.kaf.com.uti.AppInfoParser] (main) Kafka version: 3.9.1
2025-07-31 17:02:57,183 INFO  [org.apa.kaf.com.uti.AppInfoParser] (main) Kafka commitId: f745dfdcee2b9851
2025-07-31 17:02:57,183 INFO  [org.apa.kaf.com.uti.AppInfoParser] (main) Kafka startTimeMs: 1753981377183
**** Registry Base URL: http://registry-app-postgresql.apps.ci419.apicurio-testing.org:80
2025-07-31 17:02:57,184 INFO  [org.apa.kaf.cli.con.ConsumerConfig] (main) ConsumerConfig values: 
	allow.auto.create.topics = true
	auto.commit.interval.ms = 500
	auto.include.jmx.reporter = true
	auto.offset.reset = earliest
	bootstrap.servers = [PLAINTEXT://localhost:32770]
	check.crcs = true
	client.dns.lookup = use_all_dns_ips
	client.id = consumer-Consumer-topic-14d3aceb_8ec4_4714_bc68_75baa39fcf74-39
	client.rack = 
	connections.max.idle.ms = 10000
	default.api.timeout.ms = 60000
	enable.auto.commit = true
	enable.metrics.push = true
	exclude.internal.topics = true
	fetch.max.bytes = 52428800
	fetch.max.wait.ms = 500
	fetch.min.bytes = 1
	group.id = Consumer-topic-14d3aceb_8ec4_4714_bc68_75baa39fcf74
	group.instance.id = null
	group.protocol = classic
	group.remote.assignor = null
	heartbeat.interval.ms = 3000
	interceptor.classes = []
	internal.leave.group.on.close = true
	internal.throw.on.fetch.stable.offset.unsupported = false
	isolation.level = read_uncommitted
	key.deserializer = class org.apache.kafka.common.serialization.StringDeserializer
	max.partition.fetch.bytes = 1048576
	max.poll.interval.ms = 300000
	max.poll.records = 500
	metadata.max.age.ms = 300000
	metadata.recovery.strategy = none
	metric.reporters = []
	metrics.num.samples = 2
	metrics.recording.level = INFO
	metrics.sample.window.ms = 30000
	partition.assignment.strategy = [class org.apache.kafka.clients.consumer.RangeAssignor, class org.apache.kafka.clients.consumer.CooperativeStickyAssignor]
	receive.buffer.bytes = 65536
	reconnect.backoff.max.ms = 1000
	reconnect.backoff.ms = 50
	request.timeout.ms = 5000
	retry.backoff.max.ms = 1000
	retry.backoff.ms = 100
	sasl.client.callback.handler.class = null
	sasl.jaas.config = null
	sasl.kerberos.kinit.cmd = /usr/bin/kinit
	sasl.kerberos.min.time.before.relogin = 60000
	sasl.kerberos.service.name = null
	sasl.kerberos.ticket.renew.jitter = 0.05
	sasl.kerberos.ticket.renew.window.factor = 0.8
	sasl.login.callback.handler.class = null
	sasl.login.class = null
	sasl.login.connect.timeout.ms = null
	sasl.login.read.timeout.ms = null
	sasl.login.refresh.buffer.seconds = 300
	sasl.login.refresh.min.period.seconds = 60
	sasl.login.refresh.window.factor = 0.8
	sasl.login.refresh.window.jitter = 0.05
	sasl.login.retry.backoff.max.ms = 10000
	sasl.login.retry.backoff.ms = 100
	sasl.mechanism = GSSAPI
	sasl.oauthbearer.clock.skew.seconds = 30
	sasl.oauthbearer.expected.audience = null
	sasl.oauthbearer.expected.issuer = null
	sasl.oauthbearer.header.urlencode = false
	sasl.oauthbearer.jwks.endpoint.refresh.ms = 3600000
	sasl.oauthbearer.jwks.endpoint.retry.backoff.max.ms = 10000
	sasl.oauthbearer.jwks.endpoint.retry.backoff.ms = 100
	sasl.oauthbearer.jwks.endpoint.url = null
	sasl.oauthbearer.scope.claim.name = scope
	sasl.oauthbearer.sub.claim.name = sub
	sasl.oauthbearer.token.endpoint.url = null
	security.protocol = PLAINTEXT
	security.providers = null
	send.buffer.bytes = 131072
	session.timeout.ms = 45000
	socket.connection.setup.timeout.max.ms = 30000
	socket.connection.setup.timeout.ms = 10000
	ssl.cipher.suites = null
	ssl.enabled.protocols = [TLSv1.2, TLSv1.3]
	ssl.endpoint.identification.algorithm = https
	ssl.engine.factory.class = null
	ssl.key.password = null
	ssl.keymanager.algorithm = SunX509
	ssl.keystore.certificate.chain = null
	ssl.keystore.key = null
	ssl.keystore.location = null
	ssl.keystore.password = null
	ssl.keystore.type = JKS
	ssl.protocol = TLSv1.3
	ssl.provider = null
	ssl.secure.random.implementation = null
	ssl.trustmanager.algorithm = PKIX
	ssl.truststore.certificates = null
	ssl.truststore.location = null
	ssl.truststore.password = null
	ssl.truststore.type = JKS
	value.deserializer = class io.apicurio.registry.serde.avro.AvroKafkaDeserializer

2025-07-31 17:02:57,184 INFO  [org.apa.kaf.com.tel.int.KafkaMetricsCollector] (main) initializing Kafka metrics collector
2025-07-31 17:02:57,188 INFO  [org.apa.kaf.cli.con.ConsumerConfig] (main) These configurations '[apicurio.registry.url]' were supplied but are not used yet.
2025-07-31 17:02:57,188 INFO  [org.apa.kaf.com.uti.AppInfoParser] (main) Kafka version: 3.9.1
2025-07-31 17:02:57,188 INFO  [org.apa.kaf.com.uti.AppInfoParser] (main) Kafka commitId: f745dfdcee2b9851
2025-07-31 17:02:57,188 INFO  [org.apa.kaf.com.uti.AppInfoParser] (main) Kafka startTimeMs: 1753981377188
**** Registry Base URL: http://registry-app-postgresql.apps.ci419.apicurio-testing.org:80
2025-07-31 17:02:57,189 INFO  [org.apa.kaf.cli.con.ConsumerConfig] (main) ConsumerConfig values: 
	allow.auto.create.topics = true
	auto.commit.interval.ms = 500
	auto.include.jmx.reporter = true
	auto.offset.reset = earliest
	bootstrap.servers = [PLAINTEXT://localhost:32770]
	check.crcs = true
	client.dns.lookup = use_all_dns_ips
	client.id = consumer-Consumer-topic-599caefd_3b75_46fb_ab2d_8a7a2e665d91-40
	client.rack = 
	connections.max.idle.ms = 10000
	default.api.timeout.ms = 60000
	enable.auto.commit = true
	enable.metrics.push = true
	exclude.internal.topics = true
	fetch.max.bytes = 52428800
	fetch.max.wait.ms = 500
	fetch.min.bytes = 1
	group.id = Consumer-topic-599caefd_3b75_46fb_ab2d_8a7a2e665d91
	group.instance.id = null
	group.protocol = classic
	group.remote.assignor = null
	heartbeat.interval.ms = 3000
	interceptor.classes = []
	internal.leave.group.on.close = true
	internal.throw.on.fetch.stable.offset.unsupported = false
	isolation.level = read_uncommitted
	key.deserializer = class org.apache.kafka.common.serialization.StringDeserializer
	max.partition.fetch.bytes = 1048576
	max.poll.interval.ms = 300000
	max.poll.records = 500
	metadata.max.age.ms = 300000
	metadata.recovery.strategy = none
	metric.reporters = []
	metrics.num.samples = 2
	metrics.recording.level = INFO
	metrics.sample.window.ms = 30000
	partition.assignment.strategy = [class org.apache.kafka.clients.consumer.RangeAssignor, class org.apache.kafka.clients.consumer.CooperativeStickyAssignor]
	receive.buffer.bytes = 65536
	reconnect.backoff.max.ms = 1000
	reconnect.backoff.ms = 50
	request.timeout.ms = 5000
	retry.backoff.max.ms = 1000
	retry.backoff.ms = 100
	sasl.client.callback.handler.class = null
	sasl.jaas.config = null
	sasl.kerberos.kinit.cmd = /usr/bin/kinit
	sasl.kerberos.min.time.before.relogin = 60000
	sasl.kerberos.service.name = null
	sasl.kerberos.ticket.renew.jitter = 0.05
	sasl.kerberos.ticket.renew.window.factor = 0.8
	sasl.login.callback.handler.class = null
	sasl.login.class = null
	sasl.login.connect.timeout.ms = null
	sasl.login.read.timeout.ms = null
	sasl.login.refresh.buffer.seconds = 300
	sasl.login.refresh.min.period.seconds = 60
	sasl.login.refresh.window.factor = 0.8
	sasl.login.refresh.window.jitter = 0.05
	sasl.login.retry.backoff.max.ms = 10000
	sasl.login.retry.backoff.ms = 100
	sasl.mechanism = GSSAPI
	sasl.oauthbearer.clock.skew.seconds = 30
	sasl.oauthbearer.expected.audience = null
	sasl.oauthbearer.expected.issuer = null
	sasl.oauthbearer.header.urlencode = false
	sasl.oauthbearer.jwks.endpoint.refresh.ms = 3600000
	sasl.oauthbearer.jwks.endpoint.retry.backoff.max.ms = 10000
	sasl.oauthbearer.jwks.endpoint.retry.backoff.ms = 100
	sasl.oauthbearer.jwks.endpoint.url = null
	sasl.oauthbearer.scope.claim.name = scope
	sasl.oauthbearer.sub.claim.name = sub
	sasl.oauthbearer.token.endpoint.url = null
	security.protocol = PLAINTEXT
	security.providers = null
	send.buffer.bytes = 131072
	session.timeout.ms = 45000
	socket.connection.setup.timeout.max.ms = 30000
	socket.connection.setup.timeout.ms = 10000
	ssl.cipher.suites = null
	ssl.enabled.protocols = [TLSv1.2, TLSv1.3]
	ssl.endpoint.identification.algorithm = https
	ssl.engine.factory.class = null
	ssl.key.password = null
	ssl.keymanager.algorithm = SunX509
	ssl.keystore.certificate.chain = null
	ssl.keystore.key = null
	ssl.keystore.location = null
	ssl.keystore.password = null
	ssl.keystore.type = JKS
	ssl.protocol = TLSv1.3
	ssl.provider = null
	ssl.secure.random.implementation = null
	ssl.trustmanager.algorithm = PKIX
	ssl.truststore.certificates = null
	ssl.truststore.location = null
	ssl.truststore.password = null
	ssl.truststore.type = JKS
	value.deserializer = class io.apicurio.registry.serde.avro.AvroKafkaDeserializer

2025-07-31 17:02:57,190 INFO  [org.apa.kaf.com.tel.int.KafkaMetricsCollector] (main) initializing Kafka metrics collector
2025-07-31 17:02:57,196 INFO  [org.apa.kaf.cli.con.ConsumerConfig] (main) These configurations '[apicurio.registry.url]' were supplied but are not used yet.
2025-07-31 17:02:57,196 INFO  [org.apa.kaf.com.uti.AppInfoParser] (main) Kafka version: 3.9.1
2025-07-31 17:02:57,196 INFO  [org.apa.kaf.com.uti.AppInfoParser] (main) Kafka commitId: f745dfdcee2b9851
2025-07-31 17:02:57,196 INFO  [org.apa.kaf.com.uti.AppInfoParser] (main) Kafka startTimeMs: 1753981377196
2025-07-31 17:02:57,196 INFO  [io.api.tes.ser.api.KafkaSerdesTester] (Thread-889) Sending message {"key1": "value-0"} to topic topic-a40ac1ae_e82a_40da_956e_2b8c0b847259
2025-07-31 17:02:57,206 INFO  [DefaultSchemaResolver] (Thread-889) Retrieving schema content using string: {"type":"record","name":"myrecordconfluent6","fields":[{"name":"key1","type":"string"}]}
2025-07-31 17:02:57,228 INFO  [io.api.tes.ser.api.KafkaSerdesTester] (Thread-889) Sending message {"key1": "value-1"} to topic topic-a40ac1ae_e82a_40da_956e_2b8c0b847259
2025-07-31 17:02:57,229 INFO  [io.api.tes.ser.api.KafkaSerdesTester] (Thread-889) Sending message {"key1": "value-2"} to topic topic-a40ac1ae_e82a_40da_956e_2b8c0b847259
2025-07-31 17:02:57,230 INFO  [io.api.tes.ser.api.KafkaSerdesTester] (Thread-889) Sending message {"key1": "value-3"} to topic topic-a40ac1ae_e82a_40da_956e_2b8c0b847259
2025-07-31 17:02:57,231 INFO  [io.api.tes.ser.api.KafkaSerdesTester] (Thread-889) Sending message {"key1": "value-4"} to topic topic-a40ac1ae_e82a_40da_956e_2b8c0b847259
2025-07-31 17:02:57,232 INFO  [io.api.tes.ser.api.KafkaSerdesTester] (Thread-889) Sending message {"key1": "value-5"} to topic topic-a40ac1ae_e82a_40da_956e_2b8c0b847259
2025-07-31 17:02:57,233 INFO  [io.api.tes.ser.api.KafkaSerdesTester] (Thread-889) Sending message {"key1": "value-6"} to topic topic-a40ac1ae_e82a_40da_956e_2b8c0b847259
2025-07-31 17:02:57,234 INFO  [io.api.tes.ser.api.KafkaSerdesTester] (Thread-889) Sending message {"key1": "value-7"} to topic topic-a40ac1ae_e82a_40da_956e_2b8c0b847259
2025-07-31 17:02:57,234 INFO  [io.api.tes.ser.api.KafkaSerdesTester] (Thread-889) Sending message {"key1": "value-8"} to topic topic-a40ac1ae_e82a_40da_956e_2b8c0b847259
2025-07-31 17:02:57,235 INFO  [io.api.tes.ser.api.KafkaSerdesTester] (Thread-889) Sending message {"key1": "value-9"} to topic topic-a40ac1ae_e82a_40da_956e_2b8c0b847259
2025-07-31 17:02:57,236 INFO  [io.api.tes.ser.api.KafkaSerdesTester] (Thread-889) Produced 10 messages
2025-07-31 17:02:57,236 INFO  [org.apa.kaf.cli.pro.KafkaProducer] (Thread-889) [Producer clientId=Producer-topic-a40ac1ae_e82a_40da_956e_2b8c0b847259] Closing the Kafka producer with timeoutMillis = 9223372036854775807 ms.
2025-07-31 17:02:57,239 INFO  [org.apa.kaf.com.met.Metrics] (Thread-889) Metrics scheduler closed
2025-07-31 17:02:57,239 INFO  [org.apa.kaf.com.met.Metrics] (Thread-889) Closing reporter org.apache.kafka.common.metrics.JmxReporter
2025-07-31 17:02:57,239 INFO  [org.apa.kaf.com.met.Metrics] (Thread-889) Closing reporter org.apache.kafka.common.telemetry.internals.ClientTelemetryReporter
2025-07-31 17:02:57,239 INFO  [org.apa.kaf.com.met.Metrics] (Thread-889) Metrics reporters closed
2025-07-31 17:02:57,239 INFO  [org.apa.kaf.com.uti.AppInfoParser] (Thread-889) App info kafka.producer for Producer-topic-a40ac1ae_e82a_40da_956e_2b8c0b847259 unregistered
2025-07-31 17:02:57,241 INFO  [io.api.tes.ser.api.KafkaSerdesTester] (Thread-890) Sending message {"key1": "value-0"} to topic topic-14d3aceb_8ec4_4714_bc68_75baa39fcf74
2025-07-31 17:02:57,246 INFO  [DefaultSchemaResolver] (Thread-890) Retrieving schema content using string: {"type":"record","name":"myrecordconfluent6","fields":[{"name":"key1","type":"string"}]}
2025-07-31 17:02:57,265 INFO  [io.api.tes.ser.api.KafkaSerdesTester] (Thread-890) Sending message {"key1": "value-1"} to topic topic-14d3aceb_8ec4_4714_bc68_75baa39fcf74
2025-07-31 17:02:57,266 INFO  [io.api.tes.ser.api.KafkaSerdesTester] (Thread-890) Sending message {"key1": "value-2"} to topic topic-14d3aceb_8ec4_4714_bc68_75baa39fcf74
2025-07-31 17:02:57,267 INFO  [io.api.tes.ser.api.KafkaSerdesTester] (Thread-890) Sending message {"key1": "value-3"} to topic topic-14d3aceb_8ec4_4714_bc68_75baa39fcf74
2025-07-31 17:02:57,267 INFO  [io.api.tes.ser.api.KafkaSerdesTester] (Thread-890) Sending message {"key1": "value-4"} to topic topic-14d3aceb_8ec4_4714_bc68_75baa39fcf74
2025-07-31 17:02:57,268 INFO  [io.api.tes.ser.api.KafkaSerdesTester] (Thread-890) Sending message {"key1": "value-5"} to topic topic-14d3aceb_8ec4_4714_bc68_75baa39fcf74
2025-07-31 17:02:57,269 INFO  [io.api.tes.ser.api.KafkaSerdesTester] (Thread-890) Sending message {"key1": "value-6"} to topic topic-14d3aceb_8ec4_4714_bc68_75baa39fcf74
2025-07-31 17:02:57,270 INFO  [io.api.tes.ser.api.KafkaSerdesTester] (Thread-890) Sending message {"key1": "value-7"} to topic topic-14d3aceb_8ec4_4714_bc68_75baa39fcf74
2025-07-31 17:02:57,271 INFO  [io.api.tes.ser.api.KafkaSerdesTester] (Thread-890) Sending message {"key1": "value-8"} to topic topic-14d3aceb_8ec4_4714_bc68_75baa39fcf74
2025-07-31 17:02:57,272 INFO  [io.api.tes.ser.api.KafkaSerdesTester] (Thread-890) Sending message {"key1": "value-9"} to topic topic-14d3aceb_8ec4_4714_bc68_75baa39fcf74
2025-07-31 17:02:57,274 INFO  [io.api.tes.ser.api.KafkaSerdesTester] (Thread-890) Produced 10 messages
2025-07-31 17:02:57,274 INFO  [org.apa.kaf.cli.pro.KafkaProducer] (Thread-890) [Producer clientId=Producer-topic-14d3aceb_8ec4_4714_bc68_75baa39fcf74] Closing the Kafka producer with timeoutMillis = 9223372036854775807 ms.
2025-07-31 17:02:57,277 INFO  [org.apa.kaf.com.met.Metrics] (Thread-890) Metrics scheduler closed
2025-07-31 17:02:57,277 INFO  [org.apa.kaf.com.met.Metrics] (Thread-890) Closing reporter org.apache.kafka.common.metrics.JmxReporter
2025-07-31 17:02:57,277 INFO  [org.apa.kaf.com.met.Metrics] (Thread-890) Closing reporter org.apache.kafka.common.telemetry.internals.ClientTelemetryReporter
2025-07-31 17:02:57,277 INFO  [org.apa.kaf.com.met.Metrics] (Thread-890) Metrics reporters closed
2025-07-31 17:02:57,277 INFO  [org.apa.kaf.com.uti.AppInfoParser] (Thread-890) App info kafka.producer for Producer-topic-14d3aceb_8ec4_4714_bc68_75baa39fcf74 unregistered
2025-07-31 17:02:57,278 INFO  [io.api.tes.ser.api.KafkaSerdesTester] (Thread-891) Sending message {"key1": "value-0"} to topic topic-599caefd_3b75_46fb_ab2d_8a7a2e665d91
2025-07-31 17:02:57,283 INFO  [DefaultSchemaResolver] (Thread-891) Retrieving schema content using string: {"type":"record","name":"myrecordconfluent6","fields":[{"name":"key1","type":"string"}]}
2025-07-31 17:02:57,303 INFO  [io.api.tes.ser.api.KafkaSerdesTester] (Thread-891) Sending message {"key1": "value-1"} to topic topic-599caefd_3b75_46fb_ab2d_8a7a2e665d91
2025-07-31 17:02:57,304 INFO  [io.api.tes.ser.api.KafkaSerdesTester] (Thread-891) Sending message {"key1": "value-2"} to topic topic-599caefd_3b75_46fb_ab2d_8a7a2e665d91
2025-07-31 17:02:57,306 INFO  [io.api.tes.ser.api.KafkaSerdesTester] (Thread-891) Sending message {"key1": "value-3"} to topic topic-599caefd_3b75_46fb_ab2d_8a7a2e665d91
2025-07-31 17:02:57,307 INFO  [io.api.tes.ser.api.KafkaSerdesTester] (Thread-891) Sending message {"key1": "value-4"} to topic topic-599caefd_3b75_46fb_ab2d_8a7a2e665d91
2025-07-31 17:02:57,308 INFO  [io.api.tes.ser.api.KafkaSerdesTester] (Thread-891) Sending message {"key1": "value-5"} to topic topic-599caefd_3b75_46fb_ab2d_8a7a2e665d91
2025-07-31 17:02:57,309 INFO  [io.api.tes.ser.api.KafkaSerdesTester] (Thread-891) Sending message {"key1": "value-6"} to topic topic-599caefd_3b75_46fb_ab2d_8a7a2e665d91
2025-07-31 17:02:57,311 INFO  [io.api.tes.ser.api.KafkaSerdesTester] (Thread-891) Sending message {"key1": "value-7"} to topic topic-599caefd_3b75_46fb_ab2d_8a7a2e665d91
2025-07-31 17:02:57,312 INFO  [io.api.tes.ser.api.KafkaSerdesTester] (Thread-891) Sending message {"key1": "value-8"} to topic topic-599caefd_3b75_46fb_ab2d_8a7a2e665d91
2025-07-31 17:02:57,312 INFO  [io.api.tes.ser.api.KafkaSerdesTester] (Thread-891) Sending message {"key1": "value-9"} to topic topic-599caefd_3b75_46fb_ab2d_8a7a2e665d91
2025-07-31 17:02:57,313 INFO  [io.api.tes.ser.api.KafkaSerdesTester] (Thread-891) Produced 10 messages
2025-07-31 17:02:57,313 INFO  [org.apa.kaf.cli.pro.KafkaProducer] (Thread-891) [Producer clientId=Producer-topic-599caefd_3b75_46fb_ab2d_8a7a2e665d91] Closing the Kafka producer with timeoutMillis = 9223372036854775807 ms.
2025-07-31 17:02:57,316 INFO  [org.apa.kaf.com.met.Metrics] (Thread-891) Metrics scheduler closed
2025-07-31 17:02:57,316 INFO  [org.apa.kaf.com.met.Metrics] (Thread-891) Closing reporter org.apache.kafka.common.metrics.JmxReporter
2025-07-31 17:02:57,316 INFO  [org.apa.kaf.com.met.Metrics] (Thread-891) Closing reporter org.apache.kafka.common.telemetry.internals.ClientTelemetryReporter
2025-07-31 17:02:57,316 INFO  [org.apa.kaf.com.met.Metrics] (Thread-891) Metrics reporters closed
2025-07-31 17:02:57,316 INFO  [org.apa.kaf.com.uti.AppInfoParser] (Thread-891) App info kafka.producer for Producer-topic-599caefd_3b75_46fb_ab2d_8a7a2e665d91 unregistered
2025-07-31 17:02:57,317 INFO  [org.apa.kaf.cli.con.int.ClassicKafkaConsumer] (Thread-892) [Consumer clientId=consumer-Consumer-topic-a40ac1ae_e82a_40da_956e_2b8c0b847259-38, groupId=Consumer-topic-a40ac1ae_e82a_40da_956e_2b8c0b847259] Subscribed to topic(s): topic-a40ac1ae_e82a_40da_956e_2b8c0b847259
2025-07-31 17:02:57,322 INFO  [org.apa.kaf.cli.Metadata] (Thread-892) [Consumer clientId=consumer-Consumer-topic-a40ac1ae_e82a_40da_956e_2b8c0b847259-38, groupId=Consumer-topic-a40ac1ae_e82a_40da_956e_2b8c0b847259] Cluster ID: alGoLOtfQj2F2-zKWHmvbA
2025-07-31 17:02:57,322 INFO  [org.apa.kaf.cli.con.int.ConsumerCoordinator] (Thread-892) [Consumer clientId=consumer-Consumer-topic-a40ac1ae_e82a_40da_956e_2b8c0b847259-38, groupId=Consumer-topic-a40ac1ae_e82a_40da_956e_2b8c0b847259] Discovered group coordinator localhost:32770 (id: 2147483647 rack: null)
2025-07-31 17:02:57,324 INFO  [org.apa.kaf.cli.con.int.ConsumerCoordinator] (Thread-892) [Consumer clientId=consumer-Consumer-topic-a40ac1ae_e82a_40da_956e_2b8c0b847259-38, groupId=Consumer-topic-a40ac1ae_e82a_40da_956e_2b8c0b847259] (Re-)joining group
2025-07-31 17:02:57,326 INFO  [org.apa.kaf.cli.con.int.ConsumerCoordinator] (Thread-892) [Consumer clientId=consumer-Consumer-topic-a40ac1ae_e82a_40da_956e_2b8c0b847259-38, groupId=Consumer-topic-a40ac1ae_e82a_40da_956e_2b8c0b847259] Request joining group due to: need to re-join with the given member-id: consumer-Consumer-topic-a40ac1ae_e82a_40da_956e_2b8c0b847259-38-04a40e1e-8f4a-43eb-8a49-6578b526d873
2025-07-31 17:02:57,326 INFO  [org.apa.kaf.cli.con.int.ConsumerCoordinator] (Thread-892) [Consumer clientId=consumer-Consumer-topic-a40ac1ae_e82a_40da_956e_2b8c0b847259-38, groupId=Consumer-topic-a40ac1ae_e82a_40da_956e_2b8c0b847259] (Re-)joining group
2025-07-31 17:02:57,328 INFO  [org.apa.kaf.cli.con.int.ConsumerCoordinator] (Thread-892) [Consumer clientId=consumer-Consumer-topic-a40ac1ae_e82a_40da_956e_2b8c0b847259-38, groupId=Consumer-topic-a40ac1ae_e82a_40da_956e_2b8c0b847259] Successfully joined group with generation Generation{generationId=1, memberId='consumer-Consumer-topic-a40ac1ae_e82a_40da_956e_2b8c0b847259-38-04a40e1e-8f4a-43eb-8a49-6578b526d873', protocol='range'}
2025-07-31 17:02:57,328 INFO  [org.apa.kaf.cli.con.int.ConsumerCoordinator] (Thread-892) [Consumer clientId=consumer-Consumer-topic-a40ac1ae_e82a_40da_956e_2b8c0b847259-38, groupId=Consumer-topic-a40ac1ae_e82a_40da_956e_2b8c0b847259] Finished assignment for group at generation 1: {consumer-Consumer-topic-a40ac1ae_e82a_40da_956e_2b8c0b847259-38-04a40e1e-8f4a-43eb-8a49-6578b526d873=Assignment(partitions=[topic-a40ac1ae_e82a_40da_956e_2b8c0b847259-0])}
2025-07-31 17:02:57,331 INFO  [org.apa.kaf.cli.con.int.ConsumerCoordinator] (Thread-892) [Consumer clientId=consumer-Consumer-topic-a40ac1ae_e82a_40da_956e_2b8c0b847259-38, groupId=Consumer-topic-a40ac1ae_e82a_40da_956e_2b8c0b847259] Successfully synced group in generation Generation{generationId=1, memberId='consumer-Consumer-topic-a40ac1ae_e82a_40da_956e_2b8c0b847259-38-04a40e1e-8f4a-43eb-8a49-6578b526d873', protocol='range'}
2025-07-31 17:02:57,332 INFO  [org.apa.kaf.cli.con.int.ConsumerCoordinator] (Thread-892) [Consumer clientId=consumer-Consumer-topic-a40ac1ae_e82a_40da_956e_2b8c0b847259-38, groupId=Consumer-topic-a40ac1ae_e82a_40da_956e_2b8c0b847259] Notifying assignor about the new Assignment(partitions=[topic-a40ac1ae_e82a_40da_956e_2b8c0b847259-0])
2025-07-31 17:02:57,332 INFO  [org.apa.kaf.cli.con.int.ConsumerRebalanceListenerInvoker] (Thread-892) [Consumer clientId=consumer-Consumer-topic-a40ac1ae_e82a_40da_956e_2b8c0b847259-38, groupId=Consumer-topic-a40ac1ae_e82a_40da_956e_2b8c0b847259] Adding newly assigned partitions: topic-a40ac1ae_e82a_40da_956e_2b8c0b847259-0
2025-07-31 17:02:57,332 INFO  [org.apa.kaf.cli.con.int.ConsumerCoordinator] (Thread-892) [Consumer clientId=consumer-Consumer-topic-a40ac1ae_e82a_40da_956e_2b8c0b847259-38, groupId=Consumer-topic-a40ac1ae_e82a_40da_956e_2b8c0b847259] Found no committed offset for partition topic-a40ac1ae_e82a_40da_956e_2b8c0b847259-0
2025-07-31 17:02:57,335 INFO  [org.apa.kaf.cli.con.int.SubscriptionState] (Thread-892) [Consumer clientId=consumer-Consumer-topic-a40ac1ae_e82a_40da_956e_2b8c0b847259-38, groupId=Consumer-topic-a40ac1ae_e82a_40da_956e_2b8c0b847259] Resetting offset for partition topic-a40ac1ae_e82a_40da_956e_2b8c0b847259-0 to position FetchPosition{offset=0, offsetEpoch=Optional.empty, currentLeader=LeaderAndEpoch{leader=Optional[localhost:32770 (id: 0 rack: null)], epoch=0}}.
2025-07-31 17:02:57,368 INFO  [io.api.tes.ser.api.KafkaSerdesTester] (Thread-892) topic-a40ac1ae_e82a_40da_956e_2b8c0b847259 0 0 {"key1": "value-0"}
2025-07-31 17:02:57,368 INFO  [io.api.tes.ser.api.KafkaSerdesTester] (Thread-892) topic-a40ac1ae_e82a_40da_956e_2b8c0b847259 0 1 {"key1": "value-1"}
2025-07-31 17:02:57,368 INFO  [io.api.tes.ser.api.KafkaSerdesTester] (Thread-892) topic-a40ac1ae_e82a_40da_956e_2b8c0b847259 0 2 {"key1": "value-2"}
2025-07-31 17:02:57,368 INFO  [io.api.tes.ser.api.KafkaSerdesTester] (Thread-892) topic-a40ac1ae_e82a_40da_956e_2b8c0b847259 0 3 {"key1": "value-3"}
2025-07-31 17:02:57,368 INFO  [io.api.tes.ser.api.KafkaSerdesTester] (Thread-892) topic-a40ac1ae_e82a_40da_956e_2b8c0b847259 0 4 {"key1": "value-4"}
2025-07-31 17:02:57,368 INFO  [io.api.tes.ser.api.KafkaSerdesTester] (Thread-892) topic-a40ac1ae_e82a_40da_956e_2b8c0b847259 0 5 {"key1": "value-5"}
2025-07-31 17:02:57,368 INFO  [io.api.tes.ser.api.KafkaSerdesTester] (Thread-892) topic-a40ac1ae_e82a_40da_956e_2b8c0b847259 0 6 {"key1": "value-6"}
2025-07-31 17:02:57,368 INFO  [io.api.tes.ser.api.KafkaSerdesTester] (Thread-892) topic-a40ac1ae_e82a_40da_956e_2b8c0b847259 0 7 {"key1": "value-7"}
2025-07-31 17:02:57,368 INFO  [io.api.tes.ser.api.KafkaSerdesTester] (Thread-892) topic-a40ac1ae_e82a_40da_956e_2b8c0b847259 0 8 {"key1": "value-8"}
2025-07-31 17:02:57,368 INFO  [io.api.tes.ser.api.KafkaSerdesTester] (Thread-892) topic-a40ac1ae_e82a_40da_956e_2b8c0b847259 0 9 {"key1": "value-9"}
2025-07-31 17:02:57,368 INFO  [io.api.tes.ser.api.KafkaSerdesTester] (Thread-892) Consumed 10 messages
2025-07-31 17:02:57,370 INFO  [org.apa.kaf.cli.con.int.ConsumerRebalanceListenerInvoker] (Thread-892) [Consumer clientId=consumer-Consumer-topic-a40ac1ae_e82a_40da_956e_2b8c0b847259-38, groupId=Consumer-topic-a40ac1ae_e82a_40da_956e_2b8c0b847259] Revoke previously assigned partitions topic-a40ac1ae_e82a_40da_956e_2b8c0b847259-0
2025-07-31 17:02:57,370 INFO  [org.apa.kaf.cli.con.int.ConsumerCoordinator] (Thread-892) [Consumer clientId=consumer-Consumer-topic-a40ac1ae_e82a_40da_956e_2b8c0b847259-38, groupId=Consumer-topic-a40ac1ae_e82a_40da_956e_2b8c0b847259] Member consumer-Consumer-topic-a40ac1ae_e82a_40da_956e_2b8c0b847259-38-04a40e1e-8f4a-43eb-8a49-6578b526d873 sending LeaveGroup request to coordinator localhost:32770 (id: 2147483647 rack: null) due to the consumer is being closed
2025-07-31 17:02:57,371 INFO  [org.apa.kaf.cli.con.int.ConsumerCoordinator] (Thread-892) [Consumer clientId=consumer-Consumer-topic-a40ac1ae_e82a_40da_956e_2b8c0b847259-38, groupId=Consumer-topic-a40ac1ae_e82a_40da_956e_2b8c0b847259] Resetting generation and member id due to: consumer pro-actively leaving the group
2025-07-31 17:02:57,371 INFO  [org.apa.kaf.cli.con.int.ConsumerCoordinator] (Thread-892) [Consumer clientId=consumer-Consumer-topic-a40ac1ae_e82a_40da_956e_2b8c0b847259-38, groupId=Consumer-topic-a40ac1ae_e82a_40da_956e_2b8c0b847259] Request joining group due to: consumer pro-actively leaving the group
2025-07-31 17:02:57,871 INFO  [org.apa.kaf.com.met.Metrics] (Thread-892) Metrics scheduler closed
2025-07-31 17:02:57,871 INFO  [org.apa.kaf.com.met.Metrics] (Thread-892) Closing reporter org.apache.kafka.common.metrics.JmxReporter
2025-07-31 17:02:57,871 INFO  [org.apa.kaf.com.met.Metrics] (Thread-892) Closing reporter org.apache.kafka.common.telemetry.internals.ClientTelemetryReporter
2025-07-31 17:02:57,871 INFO  [org.apa.kaf.com.met.Metrics] (Thread-892) Metrics reporters closed
2025-07-31 17:02:57,879 INFO  [org.apa.kaf.com.uti.AppInfoParser] (Thread-892) App info kafka.consumer for consumer-Consumer-topic-a40ac1ae_e82a_40da_956e_2b8c0b847259-38 unregistered
2025-07-31 17:02:57,880 INFO  [org.apa.kaf.cli.con.int.ClassicKafkaConsumer] (Thread-893) [Consumer clientId=consumer-Consumer-topic-14d3aceb_8ec4_4714_bc68_75baa39fcf74-39, groupId=Consumer-topic-14d3aceb_8ec4_4714_bc68_75baa39fcf74] Subscribed to topic(s): topic-14d3aceb_8ec4_4714_bc68_75baa39fcf74
2025-07-31 17:02:57,885 INFO  [org.apa.kaf.cli.Metadata] (Thread-893) [Consumer clientId=consumer-Consumer-topic-14d3aceb_8ec4_4714_bc68_75baa39fcf74-39, groupId=Consumer-topic-14d3aceb_8ec4_4714_bc68_75baa39fcf74] Cluster ID: alGoLOtfQj2F2-zKWHmvbA
2025-07-31 17:02:57,886 INFO  [org.apa.kaf.cli.con.int.ConsumerCoordinator] (Thread-893) [Consumer clientId=consumer-Consumer-topic-14d3aceb_8ec4_4714_bc68_75baa39fcf74-39, groupId=Consumer-topic-14d3aceb_8ec4_4714_bc68_75baa39fcf74] Discovered group coordinator localhost:32770 (id: 2147483647 rack: null)
2025-07-31 17:02:57,887 INFO  [org.apa.kaf.cli.con.int.ConsumerCoordinator] (Thread-893) [Consumer clientId=consumer-Consumer-topic-14d3aceb_8ec4_4714_bc68_75baa39fcf74-39, groupId=Consumer-topic-14d3aceb_8ec4_4714_bc68_75baa39fcf74] (Re-)joining group
2025-07-31 17:02:57,889 INFO  [org.apa.kaf.cli.con.int.ConsumerCoordinator] (Thread-893) [Consumer clientId=consumer-Consumer-topic-14d3aceb_8ec4_4714_bc68_75baa39fcf74-39, groupId=Consumer-topic-14d3aceb_8ec4_4714_bc68_75baa39fcf74] Request joining group due to: need to re-join with the given member-id: consumer-Consumer-topic-14d3aceb_8ec4_4714_bc68_75baa39fcf74-39-d3dc255c-9eed-4d5f-8a4d-546729f80e1d
2025-07-31 17:02:57,889 INFO  [org.apa.kaf.cli.con.int.ConsumerCoordinator] (Thread-893) [Consumer clientId=consumer-Consumer-topic-14d3aceb_8ec4_4714_bc68_75baa39fcf74-39, groupId=Consumer-topic-14d3aceb_8ec4_4714_bc68_75baa39fcf74] (Re-)joining group
2025-07-31 17:02:57,891 INFO  [org.apa.kaf.cli.con.int.ConsumerCoordinator] (Thread-893) [Consumer clientId=consumer-Consumer-topic-14d3aceb_8ec4_4714_bc68_75baa39fcf74-39, groupId=Consumer-topic-14d3aceb_8ec4_4714_bc68_75baa39fcf74] Successfully joined group with generation Generation{generationId=1, memberId='consumer-Consumer-topic-14d3aceb_8ec4_4714_bc68_75baa39fcf74-39-d3dc255c-9eed-4d5f-8a4d-546729f80e1d', protocol='range'}
2025-07-31 17:02:57,892 INFO  [org.apa.kaf.cli.con.int.ConsumerCoordinator] (Thread-893) [Consumer clientId=consumer-Consumer-topic-14d3aceb_8ec4_4714_bc68_75baa39fcf74-39, groupId=Consumer-topic-14d3aceb_8ec4_4714_bc68_75baa39fcf74] Finished assignment for group at generation 1: {consumer-Consumer-topic-14d3aceb_8ec4_4714_bc68_75baa39fcf74-39-d3dc255c-9eed-4d5f-8a4d-546729f80e1d=Assignment(partitions=[topic-14d3aceb_8ec4_4714_bc68_75baa39fcf74-0])}
2025-07-31 17:02:57,893 INFO  [org.apa.kaf.cli.con.int.ConsumerCoordinator] (Thread-893) [Consumer clientId=consumer-Consumer-topic-14d3aceb_8ec4_4714_bc68_75baa39fcf74-39, groupId=Consumer-topic-14d3aceb_8ec4_4714_bc68_75baa39fcf74] Successfully synced group in generation Generation{generationId=1, memberId='consumer-Consumer-topic-14d3aceb_8ec4_4714_bc68_75baa39fcf74-39-d3dc255c-9eed-4d5f-8a4d-546729f80e1d', protocol='range'}
2025-07-31 17:02:57,893 INFO  [org.apa.kaf.cli.con.int.ConsumerCoordinator] (Thread-893) [Consumer clientId=consumer-Consumer-topic-14d3aceb_8ec4_4714_bc68_75baa39fcf74-39, groupId=Consumer-topic-14d3aceb_8ec4_4714_bc68_75baa39fcf74] Notifying assignor about the new Assignment(partitions=[topic-14d3aceb_8ec4_4714_bc68_75baa39fcf74-0])
2025-07-31 17:02:57,894 INFO  [org.apa.kaf.cli.con.int.ConsumerRebalanceListenerInvoker] (Thread-893) [Consumer clientId=consumer-Consumer-topic-14d3aceb_8ec4_4714_bc68_75baa39fcf74-39, groupId=Consumer-topic-14d3aceb_8ec4_4714_bc68_75baa39fcf74] Adding newly assigned partitions: topic-14d3aceb_8ec4_4714_bc68_75baa39fcf74-0
2025-07-31 17:02:57,896 INFO  [org.apa.kaf.cli.con.int.ConsumerCoordinator] (Thread-893) [Consumer clientId=consumer-Consumer-topic-14d3aceb_8ec4_4714_bc68_75baa39fcf74-39, groupId=Consumer-topic-14d3aceb_8ec4_4714_bc68_75baa39fcf74] Found no committed offset for partition topic-14d3aceb_8ec4_4714_bc68_75baa39fcf74-0
2025-07-31 17:02:57,901 INFO  [org.apa.kaf.cli.con.int.SubscriptionState] (Thread-893) [Consumer clientId=consumer-Consumer-topic-14d3aceb_8ec4_4714_bc68_75baa39fcf74-39, groupId=Consumer-topic-14d3aceb_8ec4_4714_bc68_75baa39fcf74] Resetting offset for partition topic-14d3aceb_8ec4_4714_bc68_75baa39fcf74-0 to position FetchPosition{offset=0, offsetEpoch=Optional.empty, currentLeader=LeaderAndEpoch{leader=Optional[localhost:32770 (id: 0 rack: null)], epoch=0}}.
2025-07-31 17:02:57,928 INFO  [io.api.tes.ser.api.KafkaSerdesTester] (Thread-893) topic-14d3aceb_8ec4_4714_bc68_75baa39fcf74 0 0 {"key1": "value-0"}
2025-07-31 17:02:57,928 INFO  [io.api.tes.ser.api.KafkaSerdesTester] (Thread-893) topic-14d3aceb_8ec4_4714_bc68_75baa39fcf74 0 1 {"key1": "value-1"}
2025-07-31 17:02:57,928 INFO  [io.api.tes.ser.api.KafkaSerdesTester] (Thread-893) topic-14d3aceb_8ec4_4714_bc68_75baa39fcf74 0 2 {"key1": "value-2"}
2025-07-31 17:02:57,928 INFO  [io.api.tes.ser.api.KafkaSerdesTester] (Thread-893) topic-14d3aceb_8ec4_4714_bc68_75baa39fcf74 0 3 {"key1": "value-3"}
2025-07-31 17:02:57,929 INFO  [io.api.tes.ser.api.KafkaSerdesTester] (Thread-893) topic-14d3aceb_8ec4_4714_bc68_75baa39fcf74 0 4 {"key1": "value-4"}
2025-07-31 17:02:57,929 INFO  [io.api.tes.ser.api.KafkaSerdesTester] (Thread-893) topic-14d3aceb_8ec4_4714_bc68_75baa39fcf74 0 5 {"key1": "value-5"}
2025-07-31 17:02:57,929 INFO  [io.api.tes.ser.api.KafkaSerdesTester] (Thread-893) topic-14d3aceb_8ec4_4714_bc68_75baa39fcf74 0 6 {"key1": "value-6"}
2025-07-31 17:02:57,929 INFO  [io.api.tes.ser.api.KafkaSerdesTester] (Thread-893) topic-14d3aceb_8ec4_4714_bc68_75baa39fcf74 0 7 {"key1": "value-7"}
2025-07-31 17:02:57,929 INFO  [io.api.tes.ser.api.KafkaSerdesTester] (Thread-893) topic-14d3aceb_8ec4_4714_bc68_75baa39fcf74 0 8 {"key1": "value-8"}
2025-07-31 17:02:57,929 INFO  [io.api.tes.ser.api.KafkaSerdesTester] (Thread-893) topic-14d3aceb_8ec4_4714_bc68_75baa39fcf74 0 9 {"key1": "value-9"}
2025-07-31 17:02:57,929 INFO  [io.api.tes.ser.api.KafkaSerdesTester] (Thread-893) Consumed 10 messages
2025-07-31 17:02:57,933 INFO  [org.apa.kaf.cli.con.int.ConsumerRebalanceListenerInvoker] (Thread-893) [Consumer clientId=consumer-Consumer-topic-14d3aceb_8ec4_4714_bc68_75baa39fcf74-39, groupId=Consumer-topic-14d3aceb_8ec4_4714_bc68_75baa39fcf74] Revoke previously assigned partitions topic-14d3aceb_8ec4_4714_bc68_75baa39fcf74-0
2025-07-31 17:02:57,933 INFO  [org.apa.kaf.cli.con.int.ConsumerCoordinator] (Thread-893) [Consumer clientId=consumer-Consumer-topic-14d3aceb_8ec4_4714_bc68_75baa39fcf74-39, groupId=Consumer-topic-14d3aceb_8ec4_4714_bc68_75baa39fcf74] Member consumer-Consumer-topic-14d3aceb_8ec4_4714_bc68_75baa39fcf74-39-d3dc255c-9eed-4d5f-8a4d-546729f80e1d sending LeaveGroup request to coordinator localhost:32770 (id: 2147483647 rack: null) due to the consumer is being closed
2025-07-31 17:02:57,933 INFO  [org.apa.kaf.cli.con.int.ConsumerCoordinator] (Thread-893) [Consumer clientId=consumer-Consumer-topic-14d3aceb_8ec4_4714_bc68_75baa39fcf74-39, groupId=Consumer-topic-14d3aceb_8ec4_4714_bc68_75baa39fcf74] Resetting generation and member id due to: consumer pro-actively leaving the group
2025-07-31 17:02:57,933 INFO  [org.apa.kaf.cli.con.int.ConsumerCoordinator] (Thread-893) [Consumer clientId=consumer-Consumer-topic-14d3aceb_8ec4_4714_bc68_75baa39fcf74-39, groupId=Consumer-topic-14d3aceb_8ec4_4714_bc68_75baa39fcf74] Request joining group due to: consumer pro-actively leaving the group
2025-07-31 17:02:58,430 INFO  [org.apa.kaf.com.met.Metrics] (Thread-893) Metrics scheduler closed
2025-07-31 17:02:58,430 INFO  [org.apa.kaf.com.met.Metrics] (Thread-893) Closing reporter org.apache.kafka.common.metrics.JmxReporter
2025-07-31 17:02:58,430 INFO  [org.apa.kaf.com.met.Metrics] (Thread-893) Closing reporter org.apache.kafka.common.telemetry.internals.ClientTelemetryReporter
2025-07-31 17:02:58,430 INFO  [org.apa.kaf.com.met.Metrics] (Thread-893) Metrics reporters closed
2025-07-31 17:02:58,432 INFO  [org.apa.kaf.com.uti.AppInfoParser] (Thread-893) App info kafka.consumer for consumer-Consumer-topic-14d3aceb_8ec4_4714_bc68_75baa39fcf74-39 unregistered
2025-07-31 17:02:58,435 INFO  [org.apa.kaf.cli.con.int.ClassicKafkaConsumer] (Thread-894) [Consumer clientId=consumer-Consumer-topic-599caefd_3b75_46fb_ab2d_8a7a2e665d91-40, groupId=Consumer-topic-599caefd_3b75_46fb_ab2d_8a7a2e665d91] Subscribed to topic(s): topic-599caefd_3b75_46fb_ab2d_8a7a2e665d91
2025-07-31 17:02:58,439 INFO  [org.apa.kaf.cli.Metadata] (Thread-894) [Consumer clientId=consumer-Consumer-topic-599caefd_3b75_46fb_ab2d_8a7a2e665d91-40, groupId=Consumer-topic-599caefd_3b75_46fb_ab2d_8a7a2e665d91] Cluster ID: alGoLOtfQj2F2-zKWHmvbA
2025-07-31 17:02:58,439 INFO  [org.apa.kaf.cli.con.int.ConsumerCoordinator] (Thread-894) [Consumer clientId=consumer-Consumer-topic-599caefd_3b75_46fb_ab2d_8a7a2e665d91-40, groupId=Consumer-topic-599caefd_3b75_46fb_ab2d_8a7a2e665d91] Discovered group coordinator localhost:32770 (id: 2147483647 rack: null)
2025-07-31 17:02:58,441 INFO  [org.apa.kaf.cli.con.int.ConsumerCoordinator] (Thread-894) [Consumer clientId=consumer-Consumer-topic-599caefd_3b75_46fb_ab2d_8a7a2e665d91-40, groupId=Consumer-topic-599caefd_3b75_46fb_ab2d_8a7a2e665d91] (Re-)joining group
2025-07-31 17:02:58,443 INFO  [org.apa.kaf.cli.con.int.ConsumerCoordinator] (Thread-894) [Consumer clientId=consumer-Consumer-topic-599caefd_3b75_46fb_ab2d_8a7a2e665d91-40, groupId=Consumer-topic-599caefd_3b75_46fb_ab2d_8a7a2e665d91] Request joining group due to: need to re-join with the given member-id: consumer-Consumer-topic-599caefd_3b75_46fb_ab2d_8a7a2e665d91-40-489029b0-0e3f-420c-aff8-b2b1475aa08e
2025-07-31 17:02:58,443 INFO  [org.apa.kaf.cli.con.int.ConsumerCoordinator] (Thread-894) [Consumer clientId=consumer-Consumer-topic-599caefd_3b75_46fb_ab2d_8a7a2e665d91-40, groupId=Consumer-topic-599caefd_3b75_46fb_ab2d_8a7a2e665d91] (Re-)joining group
2025-07-31 17:02:58,445 INFO  [org.apa.kaf.cli.con.int.ConsumerCoordinator] (Thread-894) [Consumer clientId=consumer-Consumer-topic-599caefd_3b75_46fb_ab2d_8a7a2e665d91-40, groupId=Consumer-topic-599caefd_3b75_46fb_ab2d_8a7a2e665d91] Successfully joined group with generation Generation{generationId=1, memberId='consumer-Consumer-topic-599caefd_3b75_46fb_ab2d_8a7a2e665d91-40-489029b0-0e3f-420c-aff8-b2b1475aa08e', protocol='range'}
2025-07-31 17:02:58,445 INFO  [org.apa.kaf.cli.con.int.ConsumerCoordinator] (Thread-894) [Consumer clientId=consumer-Consumer-topic-599caefd_3b75_46fb_ab2d_8a7a2e665d91-40, groupId=Consumer-topic-599caefd_3b75_46fb_ab2d_8a7a2e665d91] Finished assignment for group at generation 1: {consumer-Consumer-topic-599caefd_3b75_46fb_ab2d_8a7a2e665d91-40-489029b0-0e3f-420c-aff8-b2b1475aa08e=Assignment(partitions=[topic-599caefd_3b75_46fb_ab2d_8a7a2e665d91-0])}
2025-07-31 17:02:58,447 INFO  [org.apa.kaf.cli.con.int.ConsumerCoordinator] (kafka-coordinator-heartbeat-thread | Consumer-topic-599caefd_3b75_46fb_ab2d_8a7a2e665d91) [Consumer clientId=consumer-Consumer-topic-599caefd_3b75_46fb_ab2d_8a7a2e665d91-40, groupId=Consumer-topic-599caefd_3b75_46fb_ab2d_8a7a2e665d91] Successfully synced group in generation Generation{generationId=1, memberId='consumer-Consumer-topic-599caefd_3b75_46fb_ab2d_8a7a2e665d91-40-489029b0-0e3f-420c-aff8-b2b1475aa08e', protocol='range'}
2025-07-31 17:02:58,447 INFO  [org.apa.kaf.cli.con.int.ConsumerCoordinator] (Thread-894) [Consumer clientId=consumer-Consumer-topic-599caefd_3b75_46fb_ab2d_8a7a2e665d91-40, groupId=Consumer-topic-599caefd_3b75_46fb_ab2d_8a7a2e665d91] Notifying assignor about the new Assignment(partitions=[topic-599caefd_3b75_46fb_ab2d_8a7a2e665d91-0])
2025-07-31 17:02:58,447 INFO  [org.apa.kaf.cli.con.int.ConsumerRebalanceListenerInvoker] (Thread-894) [Consumer clientId=consumer-Consumer-topic-599caefd_3b75_46fb_ab2d_8a7a2e665d91-40, groupId=Consumer-topic-599caefd_3b75_46fb_ab2d_8a7a2e665d91] Adding newly assigned partitions: topic-599caefd_3b75_46fb_ab2d_8a7a2e665d91-0
2025-07-31 17:02:58,448 INFO  [org.apa.kaf.cli.con.int.ConsumerCoordinator] (Thread-894) [Consumer clientId=consumer-Consumer-topic-599caefd_3b75_46fb_ab2d_8a7a2e665d91-40, groupId=Consumer-topic-599caefd_3b75_46fb_ab2d_8a7a2e665d91] Found no committed offset for partition topic-599caefd_3b75_46fb_ab2d_8a7a2e665d91-0
2025-07-31 17:02:58,451 INFO  [org.apa.kaf.cli.con.int.SubscriptionState] (Thread-894) [Consumer clientId=consumer-Consumer-topic-599caefd_3b75_46fb_ab2d_8a7a2e665d91-40, groupId=Consumer-topic-599caefd_3b75_46fb_ab2d_8a7a2e665d91] Resetting offset for partition topic-599caefd_3b75_46fb_ab2d_8a7a2e665d91-0 to position FetchPosition{offset=0, offsetEpoch=Optional.empty, currentLeader=LeaderAndEpoch{leader=Optional[localhost:32770 (id: 0 rack: null)], epoch=0}}.
2025-07-31 17:02:58,477 INFO  [io.api.tes.ser.api.KafkaSerdesTester] (Thread-894) topic-599caefd_3b75_46fb_ab2d_8a7a2e665d91 0 0 {"key1": "value-0"}
2025-07-31 17:02:58,477 INFO  [io.api.tes.ser.api.KafkaSerdesTester] (Thread-894) topic-599caefd_3b75_46fb_ab2d_8a7a2e665d91 0 1 {"key1": "value-1"}
2025-07-31 17:02:58,478 INFO  [io.api.tes.ser.api.KafkaSerdesTester] (Thread-894) topic-599caefd_3b75_46fb_ab2d_8a7a2e665d91 0 2 {"key1": "value-2"}
2025-07-31 17:02:58,478 INFO  [io.api.tes.ser.api.KafkaSerdesTester] (Thread-894) topic-599caefd_3b75_46fb_ab2d_8a7a2e665d91 0 3 {"key1": "value-3"}
2025-07-31 17:02:58,478 INFO  [io.api.tes.ser.api.KafkaSerdesTester] (Thread-894) topic-599caefd_3b75_46fb_ab2d_8a7a2e665d91 0 4 {"key1": "value-4"}
2025-07-31 17:02:58,478 INFO  [io.api.tes.ser.api.KafkaSerdesTester] (Thread-894) topic-599caefd_3b75_46fb_ab2d_8a7a2e665d91 0 5 {"key1": "value-5"}
2025-07-31 17:02:58,478 INFO  [io.api.tes.ser.api.KafkaSerdesTester] (Thread-894) topic-599caefd_3b75_46fb_ab2d_8a7a2e665d91 0 6 {"key1": "value-6"}
2025-07-31 17:02:58,478 INFO  [io.api.tes.ser.api.KafkaSerdesTester] (Thread-894) topic-599caefd_3b75_46fb_ab2d_8a7a2e665d91 0 7 {"key1": "value-7"}
2025-07-31 17:02:58,478 INFO  [io.api.tes.ser.api.KafkaSerdesTester] (Thread-894) topic-599caefd_3b75_46fb_ab2d_8a7a2e665d91 0 8 {"key1": "value-8"}
2025-07-31 17:02:58,478 INFO  [io.api.tes.ser.api.KafkaSerdesTester] (Thread-894) topic-599caefd_3b75_46fb_ab2d_8a7a2e665d91 0 9 {"key1": "value-9"}
2025-07-31 17:02:58,478 INFO  [io.api.tes.ser.api.KafkaSerdesTester] (Thread-894) Consumed 10 messages
2025-07-31 17:02:58,480 INFO  [org.apa.kaf.cli.con.int.ConsumerRebalanceListenerInvoker] (Thread-894) [Consumer clientId=consumer-Consumer-topic-599caefd_3b75_46fb_ab2d_8a7a2e665d91-40, groupId=Consumer-topic-599caefd_3b75_46fb_ab2d_8a7a2e665d91] Revoke previously assigned partitions topic-599caefd_3b75_46fb_ab2d_8a7a2e665d91-0
2025-07-31 17:02:58,480 INFO  [org.apa.kaf.cli.con.int.ConsumerCoordinator] (Thread-894) [Consumer clientId=consumer-Consumer-topic-599caefd_3b75_46fb_ab2d_8a7a2e665d91-40, groupId=Consumer-topic-599caefd_3b75_46fb_ab2d_8a7a2e665d91] Member consumer-Consumer-topic-599caefd_3b75_46fb_ab2d_8a7a2e665d91-40-489029b0-0e3f-420c-aff8-b2b1475aa08e sending LeaveGroup request to coordinator localhost:32770 (id: 2147483647 rack: null) due to the consumer is being closed
2025-07-31 17:02:58,480 INFO  [org.apa.kaf.cli.con.int.ConsumerCoordinator] (Thread-894) [Consumer clientId=consumer-Consumer-topic-599caefd_3b75_46fb_ab2d_8a7a2e665d91-40, groupId=Consumer-topic-599caefd_3b75_46fb_ab2d_8a7a2e665d91] Resetting generation and member id due to: consumer pro-actively leaving the group
2025-07-31 17:02:58,480 INFO  [org.apa.kaf.cli.con.int.ConsumerCoordinator] (Thread-894) [Consumer clientId=consumer-Consumer-topic-599caefd_3b75_46fb_ab2d_8a7a2e665d91-40, groupId=Consumer-topic-599caefd_3b75_46fb_ab2d_8a7a2e665d91] Request joining group due to: consumer pro-actively leaving the group
2025-07-31 17:02:58,980 INFO  [org.apa.kaf.com.met.Metrics] (Thread-894) Metrics scheduler closed
2025-07-31 17:02:58,980 INFO  [org.apa.kaf.com.met.Metrics] (Thread-894) Closing reporter org.apache.kafka.common.metrics.JmxReporter
2025-07-31 17:02:58,981 INFO  [org.apa.kaf.com.met.Metrics] (Thread-894) Closing reporter org.apache.kafka.common.telemetry.internals.ClientTelemetryReporter
2025-07-31 17:02:58,981 INFO  [org.apa.kaf.com.met.Metrics] (Thread-894) Metrics reporters closed
2025-07-31 17:02:58,983 INFO  [org.apa.kaf.com.uti.AppInfoParser] (Thread-894) App info kafka.consumer for consumer-Consumer-topic-599caefd_3b75_46fb_ab2d_8a7a2e665d91-40 unregistered
2025-07-31 17:02:59,002 INFO  [io.api.tes.ser.con.BasicConfluentSerDesIT] (main) Deleting confluent schema myrecordconfluent6
2025-07-31 17:02:59,016 INFO  [io.api.tes.uti.TestSeparator] (main) io.apicurio.tests.serdes.confluent.BasicConfluentSerDesIT.testAvroConfluentForMultipleTopics-FINISHED
2025-07-31 17:02:59,016 INFO  [io.api.tes.uti.TestSeparator] (main) ############################################################################
Test passed: testAvroConfluentForMultipleTopics
]]></system-out>
  </testcase>
  <testcase name="testAvroConfluentApicurio" classname="io.apicurio.tests.serdes.confluent.BasicConfluentSerDesIT" time="0.683">
    <system-out><![CDATA[2025-07-31 17:02:59,018 INFO  [io.api.tes.uti.TestSeparator] (main) ############################################################################
2025-07-31 17:02:59,018 INFO  [io.api.tes.uti.TestSeparator] (main) io.apicurio.tests.serdes.confluent.BasicConfluentSerDesIT.testAvroConfluentApicurio-STARTED
2025-07-31 17:02:59,059 INFO  [io.api.tes.ser.con.BasicConfluentSerDesIT] (main) Checking that created schema is equal to the get schema
2025-07-31 17:02:59,071 INFO  [io.api.tes.ser.con.BasicConfluentSerDesIT] (main) Created schema with id:52 and name:myrecordconfluent1
**** Registry Base URL: http://registry-app-postgresql.apps.ci419.apicurio-testing.org:80
2025-07-31 17:02:59,072 INFO  [org.apa.kaf.cli.pro.ProducerConfig] (main) ProducerConfig values: 
	acks = -1
	auto.include.jmx.reporter = true
	batch.size = 16384
	bootstrap.servers = [PLAINTEXT://localhost:32770]
	buffer.memory = 33554432
	client.dns.lookup = use_all_dns_ips
	client.id = Producer-topic-cf21d143_a412_4746_9f8a_f36a52a9b7c6
	compression.gzip.level = -1
	compression.lz4.level = 9
	compression.type = none
	compression.zstd.level = 3
	connections.max.idle.ms = 10000
	delivery.timeout.ms = 120000
	enable.idempotence = true
	enable.metrics.push = true
	interceptor.classes = []
	key.serializer = class org.apache.kafka.common.serialization.StringSerializer
	linger.ms = 0
	max.block.ms = 60000
	max.in.flight.requests.per.connection = 5
	max.request.size = 1048576
	metadata.max.age.ms = 300000
	metadata.max.idle.ms = 300000
	metadata.recovery.strategy = none
	metric.reporters = []
	metrics.num.samples = 2
	metrics.recording.level = INFO
	metrics.sample.window.ms = 30000
	partitioner.adaptive.partitioning.enable = true
	partitioner.availability.timeout.ms = 0
	partitioner.class = null
	partitioner.ignore.keys = false
	receive.buffer.bytes = 32768
	reconnect.backoff.max.ms = 1000
	reconnect.backoff.ms = 50
	request.timeout.ms = 5000
	retries = 2147483647
	retry.backoff.max.ms = 1000
	retry.backoff.ms = 100
	sasl.client.callback.handler.class = null
	sasl.jaas.config = null
	sasl.kerberos.kinit.cmd = /usr/bin/kinit
	sasl.kerberos.min.time.before.relogin = 60000
	sasl.kerberos.service.name = null
	sasl.kerberos.ticket.renew.jitter = 0.05
	sasl.kerberos.ticket.renew.window.factor = 0.8
	sasl.login.callback.handler.class = null
	sasl.login.class = null
	sasl.login.connect.timeout.ms = null
	sasl.login.read.timeout.ms = null
	sasl.login.refresh.buffer.seconds = 300
	sasl.login.refresh.min.period.seconds = 60
	sasl.login.refresh.window.factor = 0.8
	sasl.login.refresh.window.jitter = 0.05
	sasl.login.retry.backoff.max.ms = 10000
	sasl.login.retry.backoff.ms = 100
	sasl.mechanism = GSSAPI
	sasl.oauthbearer.clock.skew.seconds = 30
	sasl.oauthbearer.expected.audience = null
	sasl.oauthbearer.expected.issuer = null
	sasl.oauthbearer.header.urlencode = false
	sasl.oauthbearer.jwks.endpoint.refresh.ms = 3600000
	sasl.oauthbearer.jwks.endpoint.retry.backoff.max.ms = 10000
	sasl.oauthbearer.jwks.endpoint.retry.backoff.ms = 100
	sasl.oauthbearer.jwks.endpoint.url = null
	sasl.oauthbearer.scope.claim.name = scope
	sasl.oauthbearer.sub.claim.name = sub
	sasl.oauthbearer.token.endpoint.url = null
	security.protocol = PLAINTEXT
	security.providers = null
	send.buffer.bytes = 131072
	socket.connection.setup.timeout.max.ms = 30000
	socket.connection.setup.timeout.ms = 10000
	ssl.cipher.suites = null
	ssl.enabled.protocols = [TLSv1.2, TLSv1.3]
	ssl.endpoint.identification.algorithm = https
	ssl.engine.factory.class = null
	ssl.key.password = null
	ssl.keymanager.algorithm = SunX509
	ssl.keystore.certificate.chain = null
	ssl.keystore.key = null
	ssl.keystore.location = null
	ssl.keystore.password = null
	ssl.keystore.type = JKS
	ssl.protocol = TLSv1.3
	ssl.provider = null
	ssl.secure.random.implementation = null
	ssl.trustmanager.algorithm = PKIX
	ssl.truststore.certificates = null
	ssl.truststore.location = null
	ssl.truststore.password = null
	ssl.truststore.type = JKS
	transaction.timeout.ms = 60000
	transactional.id = null
	value.serializer = class io.confluent.kafka.serializers.KafkaAvroSerializer

2025-07-31 17:02:59,072 INFO  [org.apa.kaf.com.tel.int.KafkaMetricsCollector] (main) initializing Kafka metrics collector
2025-07-31 17:02:59,072 INFO  [io.con.kaf.ser.KafkaAvroSerializerConfig] (main) KafkaAvroSerializerConfig values: 
	auto.register.schemas = false
	avro.reflection.allow.null = false
	avro.remove.java.properties = false
	avro.use.logical.type.converters = false
	basic.auth.credentials.source = URL
	basic.auth.user.info = [hidden]
	bearer.auth.cache.expiry.buffer.seconds = 300
	bearer.auth.client.id = null
	bearer.auth.client.secret = null
	bearer.auth.credentials.source = STATIC_TOKEN
	bearer.auth.custom.provider.class = null
	bearer.auth.identity.pool.id = null
	bearer.auth.issuer.endpoint.url = null
	bearer.auth.logical.cluster = null
	bearer.auth.scope = null
	bearer.auth.scope.claim.name = scope
	bearer.auth.sub.claim.name = sub
	bearer.auth.token = [hidden]
	context.name.strategy = class io.confluent.kafka.serializers.context.NullContextNameStrategy
	http.connect.timeout.ms = 60000
	http.read.timeout.ms = 60000
	id.compatibility.strict = true
	key.schema.id.deserializer = class io.confluent.kafka.serializers.schema.id.DualSchemaIdDeserializer
	key.schema.id.serializer = class io.confluent.kafka.serializers.schema.id.PrefixSchemaIdSerializer
	key.subject.name.strategy = class io.confluent.kafka.serializers.subject.TopicNameStrategy
	latest.cache.size = 1000
	latest.cache.ttl.sec = -1
	latest.compatibility.strict = true
	max.retries = 3
	max.schemas.per.subject = 1000
	normalize.schemas = false
	propagate.schema.tags = false
	proxy.host = 
	proxy.port = -1
	retries.max.wait.ms = 20000
	retries.wait.ms = 1000
	rule.actions = []
	rule.executors = []
	rule.service.loader.enable = true
	schema.format = null
	schema.reflection = false
	schema.registry.basic.auth.user.info = [hidden]
	schema.registry.ssl.cipher.suites = null
	schema.registry.ssl.enabled.protocols = [TLSv1.2, TLSv1.3]
	schema.registry.ssl.endpoint.identification.algorithm = https
	schema.registry.ssl.engine.factory.class = null
	schema.registry.ssl.key.password = null
	schema.registry.ssl.keymanager.algorithm = SunX509
	schema.registry.ssl.keystore.certificate.chain = null
	schema.registry.ssl.keystore.key = null
	schema.registry.ssl.keystore.location = null
	schema.registry.ssl.keystore.password = null
	schema.registry.ssl.keystore.type = JKS
	schema.registry.ssl.protocol = TLSv1.3
	schema.registry.ssl.provider = null
	schema.registry.ssl.secure.random.implementation = null
	schema.registry.ssl.trustmanager.algorithm = PKIX
	schema.registry.ssl.truststore.certificates = null
	schema.registry.ssl.truststore.location = null
	schema.registry.ssl.truststore.password = null
	schema.registry.ssl.truststore.type = JKS
	schema.registry.url = [http://registry-app-postgresql.apps.ci419.apicurio-testing.org:80/apis/ccompat/v7]
	schema.registry.url.randomize = false
	use.latest.version = false
	use.latest.with.metadata = null
	use.schema.id = -1
	value.schema.id.deserializer = class io.confluent.kafka.serializers.schema.id.DualSchemaIdDeserializer
	value.schema.id.serializer = class io.confluent.kafka.serializers.schema.id.PrefixSchemaIdSerializer
	value.subject.name.strategy = class io.confluent.kafka.serializers.subject.TopicNameStrategy

2025-07-31 17:02:59,076 INFO  [org.apa.kaf.cli.pro.KafkaProducer] (main) [Producer clientId=Producer-topic-cf21d143_a412_4746_9f8a_f36a52a9b7c6] Instantiated an idempotent producer.
2025-07-31 17:02:59,078 INFO  [org.apa.kaf.cli.pro.ProducerConfig] (main) These configurations '[schema.registry.url, auto.register.schemas, value.subject.name.strategy]' were supplied but are not used yet.
2025-07-31 17:02:59,078 INFO  [org.apa.kaf.com.uti.AppInfoParser] (main) Kafka version: 3.9.1
2025-07-31 17:02:59,078 INFO  [org.apa.kaf.com.uti.AppInfoParser] (main) Kafka commitId: f745dfdcee2b9851
2025-07-31 17:02:59,078 INFO  [org.apa.kaf.com.uti.AppInfoParser] (main) Kafka startTimeMs: 1753981379078
2025-07-31 17:02:59,078 INFO  [io.api.tes.ser.api.SimpleSerdesTesterBuilder$SimpleSerdesTester] (main) Using producer configuration: {schema.registry.url=http://registry-app-postgresql.apps.ci419.apicurio-testing.org:80/apis/ccompat/v7, value.serializer=io.confluent.kafka.serializers.KafkaAvroSerializer, request.timeout.ms=5000, auto.register.schemas=false, acks=all, bootstrap.servers=PLAINTEXT://localhost:32770, connections.max.idle.ms=10000, key.serializer=org.apache.kafka.common.serialization.StringSerializer, value.subject.name.strategy=io.confluent.kafka.serializers.subject.TopicNameStrategy, client.id=Producer-topic-cf21d143_a412_4746_9f8a_f36a52a9b7c6}
2025-07-31 17:02:59,078 INFO  [io.api.tes.ser.api.SimpleSerdesTesterBuilder$SimpleSerdesTester] (main) Using consumer configuration: {}
2025-07-31 17:02:59,079 INFO  [io.api.tes.ser.api.KafkaSerdesTester] (Thread-895) Sending message {"key1": "value-0"} to topic topic-cf21d143_a412_4746_9f8a_f36a52a9b7c6
2025-07-31 17:02:59,082 INFO  [org.apa.kaf.cli.Metadata] (kafka-producer-network-thread | Producer-topic-cf21d143_a412_4746_9f8a_f36a52a9b7c6) [Producer clientId=Producer-topic-cf21d143_a412_4746_9f8a_f36a52a9b7c6] Cluster ID: alGoLOtfQj2F2-zKWHmvbA
2025-07-31 17:02:59,082 INFO  [org.apa.kaf.cli.pro.int.TransactionManager] (kafka-producer-network-thread | Producer-topic-cf21d143_a412_4746_9f8a_f36a52a9b7c6) [Producer clientId=Producer-topic-cf21d143_a412_4746_9f8a_f36a52a9b7c6] ProducerId set to 54 with epoch 0
2025-07-31 17:02:59,098 INFO  [io.api.tes.ser.api.KafkaSerdesTester] (Thread-895) Sending message {"key1": "value-1"} to topic topic-cf21d143_a412_4746_9f8a_f36a52a9b7c6
2025-07-31 17:02:59,104 INFO  [io.api.tes.ser.api.KafkaSerdesTester] (Thread-895) Sending message {"key1": "value-2"} to topic topic-cf21d143_a412_4746_9f8a_f36a52a9b7c6
2025-07-31 17:02:59,108 INFO  [io.api.tes.ser.api.KafkaSerdesTester] (Thread-895) Sending message {"key1": "value-3"} to topic topic-cf21d143_a412_4746_9f8a_f36a52a9b7c6
2025-07-31 17:02:59,109 INFO  [io.api.tes.ser.api.KafkaSerdesTester] (Thread-895) Sending message {"key1": "value-4"} to topic topic-cf21d143_a412_4746_9f8a_f36a52a9b7c6
2025-07-31 17:02:59,110 INFO  [io.api.tes.ser.api.KafkaSerdesTester] (Thread-895) Sending message {"key1": "value-5"} to topic topic-cf21d143_a412_4746_9f8a_f36a52a9b7c6
2025-07-31 17:02:59,111 INFO  [io.api.tes.ser.api.KafkaSerdesTester] (Thread-895) Sending message {"key1": "value-6"} to topic topic-cf21d143_a412_4746_9f8a_f36a52a9b7c6
2025-07-31 17:02:59,113 INFO  [io.api.tes.ser.api.KafkaSerdesTester] (Thread-895) Sending message {"key1": "value-7"} to topic topic-cf21d143_a412_4746_9f8a_f36a52a9b7c6
2025-07-31 17:02:59,114 INFO  [io.api.tes.ser.api.KafkaSerdesTester] (Thread-895) Sending message {"key1": "value-8"} to topic topic-cf21d143_a412_4746_9f8a_f36a52a9b7c6
2025-07-31 17:02:59,115 INFO  [io.api.tes.ser.api.KafkaSerdesTester] (Thread-895) Sending message {"key1": "value-9"} to topic topic-cf21d143_a412_4746_9f8a_f36a52a9b7c6
2025-07-31 17:02:59,116 INFO  [io.api.tes.ser.api.KafkaSerdesTester] (Thread-895) Produced 10 messages
2025-07-31 17:02:59,116 INFO  [org.apa.kaf.cli.pro.KafkaProducer] (Thread-895) [Producer clientId=Producer-topic-cf21d143_a412_4746_9f8a_f36a52a9b7c6] Closing the Kafka producer with timeoutMillis = 9223372036854775807 ms.
2025-07-31 17:02:59,118 INFO  [org.apa.kaf.com.met.Metrics] (Thread-895) Metrics scheduler closed
2025-07-31 17:02:59,118 INFO  [org.apa.kaf.com.met.Metrics] (Thread-895) Closing reporter org.apache.kafka.common.metrics.JmxReporter
2025-07-31 17:02:59,118 INFO  [org.apa.kaf.com.met.Metrics] (Thread-895) Closing reporter org.apache.kafka.common.telemetry.internals.ClientTelemetryReporter
2025-07-31 17:02:59,118 INFO  [org.apa.kaf.com.met.Metrics] (Thread-895) Metrics reporters closed
2025-07-31 17:02:59,118 INFO  [org.apa.kaf.com.uti.AppInfoParser] (Thread-895) App info kafka.producer for Producer-topic-cf21d143_a412_4746_9f8a_f36a52a9b7c6 unregistered
**** Registry Base URL: http://registry-app-postgresql.apps.ci419.apicurio-testing.org:80
2025-07-31 17:02:59,119 INFO  [org.apa.kaf.cli.con.ConsumerConfig] (main) ConsumerConfig values: 
	allow.auto.create.topics = true
	auto.commit.interval.ms = 500
	auto.include.jmx.reporter = true
	auto.offset.reset = earliest
	bootstrap.servers = [PLAINTEXT://localhost:32770]
	check.crcs = true
	client.dns.lookup = use_all_dns_ips
	client.id = consumer-Consumer-topic-cf21d143_a412_4746_9f8a_f36a52a9b7c6-41
	client.rack = 
	connections.max.idle.ms = 10000
	default.api.timeout.ms = 60000
	enable.auto.commit = true
	enable.metrics.push = true
	exclude.internal.topics = true
	fetch.max.bytes = 52428800
	fetch.max.wait.ms = 500
	fetch.min.bytes = 1
	group.id = Consumer-topic-cf21d143_a412_4746_9f8a_f36a52a9b7c6
	group.instance.id = null
	group.protocol = classic
	group.remote.assignor = null
	heartbeat.interval.ms = 3000
	interceptor.classes = []
	internal.leave.group.on.close = true
	internal.throw.on.fetch.stable.offset.unsupported = false
	isolation.level = read_uncommitted
	key.deserializer = class org.apache.kafka.common.serialization.StringDeserializer
	max.partition.fetch.bytes = 1048576
	max.poll.interval.ms = 300000
	max.poll.records = 500
	metadata.max.age.ms = 300000
	metadata.recovery.strategy = none
	metric.reporters = []
	metrics.num.samples = 2
	metrics.recording.level = INFO
	metrics.sample.window.ms = 30000
	partition.assignment.strategy = [class org.apache.kafka.clients.consumer.RangeAssignor, class org.apache.kafka.clients.consumer.CooperativeStickyAssignor]
	receive.buffer.bytes = 65536
	reconnect.backoff.max.ms = 1000
	reconnect.backoff.ms = 50
	request.timeout.ms = 5000
	retry.backoff.max.ms = 1000
	retry.backoff.ms = 100
	sasl.client.callback.handler.class = null
	sasl.jaas.config = null
	sasl.kerberos.kinit.cmd = /usr/bin/kinit
	sasl.kerberos.min.time.before.relogin = 60000
	sasl.kerberos.service.name = null
	sasl.kerberos.ticket.renew.jitter = 0.05
	sasl.kerberos.ticket.renew.window.factor = 0.8
	sasl.login.callback.handler.class = null
	sasl.login.class = null
	sasl.login.connect.timeout.ms = null
	sasl.login.read.timeout.ms = null
	sasl.login.refresh.buffer.seconds = 300
	sasl.login.refresh.min.period.seconds = 60
	sasl.login.refresh.window.factor = 0.8
	sasl.login.refresh.window.jitter = 0.05
	sasl.login.retry.backoff.max.ms = 10000
	sasl.login.retry.backoff.ms = 100
	sasl.mechanism = GSSAPI
	sasl.oauthbearer.clock.skew.seconds = 30
	sasl.oauthbearer.expected.audience = null
	sasl.oauthbearer.expected.issuer = null
	sasl.oauthbearer.header.urlencode = false
	sasl.oauthbearer.jwks.endpoint.refresh.ms = 3600000
	sasl.oauthbearer.jwks.endpoint.retry.backoff.max.ms = 10000
	sasl.oauthbearer.jwks.endpoint.retry.backoff.ms = 100
	sasl.oauthbearer.jwks.endpoint.url = null
	sasl.oauthbearer.scope.claim.name = scope
	sasl.oauthbearer.sub.claim.name = sub
	sasl.oauthbearer.token.endpoint.url = null
	security.protocol = PLAINTEXT
	security.providers = null
	send.buffer.bytes = 131072
	session.timeout.ms = 45000
	socket.connection.setup.timeout.max.ms = 30000
	socket.connection.setup.timeout.ms = 10000
	ssl.cipher.suites = null
	ssl.enabled.protocols = [TLSv1.2, TLSv1.3]
	ssl.endpoint.identification.algorithm = https
	ssl.engine.factory.class = null
	ssl.key.password = null
	ssl.keymanager.algorithm = SunX509
	ssl.keystore.certificate.chain = null
	ssl.keystore.key = null
	ssl.keystore.location = null
	ssl.keystore.password = null
	ssl.keystore.type = JKS
	ssl.protocol = TLSv1.3
	ssl.provider = null
	ssl.secure.random.implementation = null
	ssl.trustmanager.algorithm = PKIX
	ssl.truststore.certificates = null
	ssl.truststore.location = null
	ssl.truststore.password = null
	ssl.truststore.type = JKS
	value.deserializer = class io.apicurio.registry.serde.avro.AvroKafkaDeserializer

2025-07-31 17:02:59,119 INFO  [org.apa.kaf.com.tel.int.KafkaMetricsCollector] (main) initializing Kafka metrics collector
2025-07-31 17:02:59,125 INFO  [org.apa.kaf.cli.con.ConsumerConfig] (main) These configurations '[apicurio.registry.url]' were supplied but are not used yet.
2025-07-31 17:02:59,126 INFO  [org.apa.kaf.com.uti.AppInfoParser] (main) Kafka version: 3.9.1
2025-07-31 17:02:59,126 INFO  [org.apa.kaf.com.uti.AppInfoParser] (main) Kafka commitId: f745dfdcee2b9851
2025-07-31 17:02:59,126 INFO  [org.apa.kaf.com.uti.AppInfoParser] (main) Kafka startTimeMs: 1753981379126
2025-07-31 17:02:59,126 INFO  [org.apa.kaf.cli.con.int.ClassicKafkaConsumer] (Thread-898) [Consumer clientId=consumer-Consumer-topic-cf21d143_a412_4746_9f8a_f36a52a9b7c6-41, groupId=Consumer-topic-cf21d143_a412_4746_9f8a_f36a52a9b7c6] Subscribed to topic(s): topic-cf21d143_a412_4746_9f8a_f36a52a9b7c6
2025-07-31 17:02:59,130 INFO  [org.apa.kaf.cli.Metadata] (Thread-898) [Consumer clientId=consumer-Consumer-topic-cf21d143_a412_4746_9f8a_f36a52a9b7c6-41, groupId=Consumer-topic-cf21d143_a412_4746_9f8a_f36a52a9b7c6] Cluster ID: alGoLOtfQj2F2-zKWHmvbA
2025-07-31 17:02:59,131 INFO  [org.apa.kaf.cli.con.int.ConsumerCoordinator] (Thread-898) [Consumer clientId=consumer-Consumer-topic-cf21d143_a412_4746_9f8a_f36a52a9b7c6-41, groupId=Consumer-topic-cf21d143_a412_4746_9f8a_f36a52a9b7c6] Discovered group coordinator localhost:32770 (id: 2147483647 rack: null)
2025-07-31 17:02:59,132 INFO  [org.apa.kaf.cli.con.int.ConsumerCoordinator] (Thread-898) [Consumer clientId=consumer-Consumer-topic-cf21d143_a412_4746_9f8a_f36a52a9b7c6-41, groupId=Consumer-topic-cf21d143_a412_4746_9f8a_f36a52a9b7c6] (Re-)joining group
2025-07-31 17:02:59,134 INFO  [org.apa.kaf.cli.con.int.ConsumerCoordinator] (Thread-898) [Consumer clientId=consumer-Consumer-topic-cf21d143_a412_4746_9f8a_f36a52a9b7c6-41, groupId=Consumer-topic-cf21d143_a412_4746_9f8a_f36a52a9b7c6] Request joining group due to: need to re-join with the given member-id: consumer-Consumer-topic-cf21d143_a412_4746_9f8a_f36a52a9b7c6-41-8fa023e0-72a0-4173-9632-1e2f6ca275b1
2025-07-31 17:02:59,134 INFO  [org.apa.kaf.cli.con.int.ConsumerCoordinator] (Thread-898) [Consumer clientId=consumer-Consumer-topic-cf21d143_a412_4746_9f8a_f36a52a9b7c6-41, groupId=Consumer-topic-cf21d143_a412_4746_9f8a_f36a52a9b7c6] (Re-)joining group
2025-07-31 17:02:59,135 INFO  [org.apa.kaf.cli.con.int.ConsumerCoordinator] (Thread-898) [Consumer clientId=consumer-Consumer-topic-cf21d143_a412_4746_9f8a_f36a52a9b7c6-41, groupId=Consumer-topic-cf21d143_a412_4746_9f8a_f36a52a9b7c6] Successfully joined group with generation Generation{generationId=1, memberId='consumer-Consumer-topic-cf21d143_a412_4746_9f8a_f36a52a9b7c6-41-8fa023e0-72a0-4173-9632-1e2f6ca275b1', protocol='range'}
2025-07-31 17:02:59,135 INFO  [org.apa.kaf.cli.con.int.ConsumerCoordinator] (Thread-898) [Consumer clientId=consumer-Consumer-topic-cf21d143_a412_4746_9f8a_f36a52a9b7c6-41, groupId=Consumer-topic-cf21d143_a412_4746_9f8a_f36a52a9b7c6] Finished assignment for group at generation 1: {consumer-Consumer-topic-cf21d143_a412_4746_9f8a_f36a52a9b7c6-41-8fa023e0-72a0-4173-9632-1e2f6ca275b1=Assignment(partitions=[topic-cf21d143_a412_4746_9f8a_f36a52a9b7c6-0])}
2025-07-31 17:02:59,137 INFO  [org.apa.kaf.cli.con.int.ConsumerCoordinator] (Thread-898) [Consumer clientId=consumer-Consumer-topic-cf21d143_a412_4746_9f8a_f36a52a9b7c6-41, groupId=Consumer-topic-cf21d143_a412_4746_9f8a_f36a52a9b7c6] Successfully synced group in generation Generation{generationId=1, memberId='consumer-Consumer-topic-cf21d143_a412_4746_9f8a_f36a52a9b7c6-41-8fa023e0-72a0-4173-9632-1e2f6ca275b1', protocol='range'}
2025-07-31 17:02:59,137 INFO  [org.apa.kaf.cli.con.int.ConsumerCoordinator] (Thread-898) [Consumer clientId=consumer-Consumer-topic-cf21d143_a412_4746_9f8a_f36a52a9b7c6-41, groupId=Consumer-topic-cf21d143_a412_4746_9f8a_f36a52a9b7c6] Notifying assignor about the new Assignment(partitions=[topic-cf21d143_a412_4746_9f8a_f36a52a9b7c6-0])
2025-07-31 17:02:59,137 INFO  [org.apa.kaf.cli.con.int.ConsumerRebalanceListenerInvoker] (Thread-898) [Consumer clientId=consumer-Consumer-topic-cf21d143_a412_4746_9f8a_f36a52a9b7c6-41, groupId=Consumer-topic-cf21d143_a412_4746_9f8a_f36a52a9b7c6] Adding newly assigned partitions: topic-cf21d143_a412_4746_9f8a_f36a52a9b7c6-0
2025-07-31 17:02:59,138 INFO  [org.apa.kaf.cli.con.int.ConsumerCoordinator] (Thread-898) [Consumer clientId=consumer-Consumer-topic-cf21d143_a412_4746_9f8a_f36a52a9b7c6-41, groupId=Consumer-topic-cf21d143_a412_4746_9f8a_f36a52a9b7c6] Found no committed offset for partition topic-cf21d143_a412_4746_9f8a_f36a52a9b7c6-0
2025-07-31 17:02:59,138 INFO  [org.apa.kaf.cli.con.int.SubscriptionState] (Thread-898) [Consumer clientId=consumer-Consumer-topic-cf21d143_a412_4746_9f8a_f36a52a9b7c6-41, groupId=Consumer-topic-cf21d143_a412_4746_9f8a_f36a52a9b7c6] Resetting offset for partition topic-cf21d143_a412_4746_9f8a_f36a52a9b7c6-0 to position FetchPosition{offset=0, offsetEpoch=Optional.empty, currentLeader=LeaderAndEpoch{leader=Optional[localhost:32770 (id: 0 rack: null)], epoch=0}}.
2025-07-31 17:02:59,162 INFO  [io.api.tes.ser.api.KafkaSerdesTester] (Thread-898) topic-cf21d143_a412_4746_9f8a_f36a52a9b7c6 0 0 {"key1": "value-0"}
2025-07-31 17:02:59,163 INFO  [io.api.tes.ser.api.KafkaSerdesTester] (Thread-898) topic-cf21d143_a412_4746_9f8a_f36a52a9b7c6 0 1 {"key1": "value-1"}
2025-07-31 17:02:59,163 INFO  [io.api.tes.ser.api.KafkaSerdesTester] (Thread-898) topic-cf21d143_a412_4746_9f8a_f36a52a9b7c6 0 2 {"key1": "value-2"}
2025-07-31 17:02:59,163 INFO  [io.api.tes.ser.api.KafkaSerdesTester] (Thread-898) topic-cf21d143_a412_4746_9f8a_f36a52a9b7c6 0 3 {"key1": "value-3"}
2025-07-31 17:02:59,163 INFO  [io.api.tes.ser.api.KafkaSerdesTester] (Thread-898) topic-cf21d143_a412_4746_9f8a_f36a52a9b7c6 0 4 {"key1": "value-4"}
2025-07-31 17:02:59,163 INFO  [io.api.tes.ser.api.KafkaSerdesTester] (Thread-898) topic-cf21d143_a412_4746_9f8a_f36a52a9b7c6 0 5 {"key1": "value-5"}
2025-07-31 17:02:59,163 INFO  [io.api.tes.ser.api.KafkaSerdesTester] (Thread-898) topic-cf21d143_a412_4746_9f8a_f36a52a9b7c6 0 6 {"key1": "value-6"}
2025-07-31 17:02:59,163 INFO  [io.api.tes.ser.api.KafkaSerdesTester] (Thread-898) topic-cf21d143_a412_4746_9f8a_f36a52a9b7c6 0 7 {"key1": "value-7"}
2025-07-31 17:02:59,163 INFO  [io.api.tes.ser.api.KafkaSerdesTester] (Thread-898) topic-cf21d143_a412_4746_9f8a_f36a52a9b7c6 0 8 {"key1": "value-8"}
2025-07-31 17:02:59,163 INFO  [io.api.tes.ser.api.KafkaSerdesTester] (Thread-898) topic-cf21d143_a412_4746_9f8a_f36a52a9b7c6 0 9 {"key1": "value-9"}
2025-07-31 17:02:59,163 INFO  [io.api.tes.ser.api.KafkaSerdesTester] (Thread-898) Consumed 10 messages
2025-07-31 17:02:59,166 INFO  [org.apa.kaf.cli.con.int.ConsumerRebalanceListenerInvoker] (Thread-898) [Consumer clientId=consumer-Consumer-topic-cf21d143_a412_4746_9f8a_f36a52a9b7c6-41, groupId=Consumer-topic-cf21d143_a412_4746_9f8a_f36a52a9b7c6] Revoke previously assigned partitions topic-cf21d143_a412_4746_9f8a_f36a52a9b7c6-0
2025-07-31 17:02:59,166 INFO  [org.apa.kaf.cli.con.int.ConsumerCoordinator] (Thread-898) [Consumer clientId=consumer-Consumer-topic-cf21d143_a412_4746_9f8a_f36a52a9b7c6-41, groupId=Consumer-topic-cf21d143_a412_4746_9f8a_f36a52a9b7c6] Member consumer-Consumer-topic-cf21d143_a412_4746_9f8a_f36a52a9b7c6-41-8fa023e0-72a0-4173-9632-1e2f6ca275b1 sending LeaveGroup request to coordinator localhost:32770 (id: 2147483647 rack: null) due to the consumer is being closed
2025-07-31 17:02:59,167 INFO  [org.apa.kaf.cli.con.int.ConsumerCoordinator] (Thread-898) [Consumer clientId=consumer-Consumer-topic-cf21d143_a412_4746_9f8a_f36a52a9b7c6-41, groupId=Consumer-topic-cf21d143_a412_4746_9f8a_f36a52a9b7c6] Resetting generation and member id due to: consumer pro-actively leaving the group
2025-07-31 17:02:59,167 INFO  [org.apa.kaf.cli.con.int.ConsumerCoordinator] (Thread-898) [Consumer clientId=consumer-Consumer-topic-cf21d143_a412_4746_9f8a_f36a52a9b7c6-41, groupId=Consumer-topic-cf21d143_a412_4746_9f8a_f36a52a9b7c6] Request joining group due to: consumer pro-actively leaving the group
2025-07-31 17:02:59,666 INFO  [org.apa.kaf.com.met.Metrics] (Thread-898) Metrics scheduler closed
2025-07-31 17:02:59,667 INFO  [org.apa.kaf.com.met.Metrics] (Thread-898) Closing reporter org.apache.kafka.common.metrics.JmxReporter
2025-07-31 17:02:59,667 INFO  [org.apa.kaf.com.met.Metrics] (Thread-898) Closing reporter org.apache.kafka.common.telemetry.internals.ClientTelemetryReporter
2025-07-31 17:02:59,667 INFO  [org.apa.kaf.com.met.Metrics] (Thread-898) Metrics reporters closed
2025-07-31 17:02:59,668 INFO  [org.apa.kaf.com.uti.AppInfoParser] (Thread-898) App info kafka.consumer for consumer-Consumer-topic-cf21d143_a412_4746_9f8a_f36a52a9b7c6-41 unregistered
2025-07-31 17:02:59,687 INFO  [io.api.tes.ser.con.BasicConfluentSerDesIT] (main) Deleting confluent schema topic-cf21d143_a412_4746_9f8a_f36a52a9b7c6-value
2025-07-31 17:02:59,700 INFO  [io.api.tes.uti.TestSeparator] (main) io.apicurio.tests.serdes.confluent.BasicConfluentSerDesIT.testAvroConfluentApicurio-FINISHED
2025-07-31 17:02:59,700 INFO  [io.api.tes.uti.TestSeparator] (main) ############################################################################
Test passed: testAvroConfluentApicurio
]]></system-out>
  </testcase>
  <testcase name="testAvroConfluentSerDesWrongStrategyTopic" classname="io.apicurio.tests.serdes.confluent.BasicConfluentSerDesIT" time="0.105">
    <system-out><![CDATA[2025-07-31 17:02:59,701 INFO  [io.api.tes.uti.TestSeparator] (main) ############################################################################
2025-07-31 17:02:59,701 INFO  [io.api.tes.uti.TestSeparator] (main) io.apicurio.tests.serdes.confluent.BasicConfluentSerDesIT.testAvroConfluentSerDesWrongStrategyTopic-STARTED
2025-07-31 17:02:59,747 INFO  [io.api.tes.ser.con.BasicConfluentSerDesIT] (main) Checking that created schema is equal to the get schema
2025-07-31 17:02:59,757 INFO  [io.api.tes.ser.con.BasicConfluentSerDesIT] (main) Created schema with id:53 and name:myrecordconfluent3
**** Registry Base URL: http://registry-app-postgresql.apps.ci419.apicurio-testing.org:80
2025-07-31 17:02:59,758 INFO  [org.apa.kaf.cli.pro.ProducerConfig] (main) ProducerConfig values: 
	acks = -1
	auto.include.jmx.reporter = true
	batch.size = 16384
	bootstrap.servers = [PLAINTEXT://localhost:32770]
	buffer.memory = 33554432
	client.dns.lookup = use_all_dns_ips
	client.id = Producer-topic-9c522caa_7f7d_4645_a226_92c04cf0350c
	compression.gzip.level = -1
	compression.lz4.level = 9
	compression.type = none
	compression.zstd.level = 3
	connections.max.idle.ms = 10000
	delivery.timeout.ms = 120000
	enable.idempotence = true
	enable.metrics.push = true
	interceptor.classes = []
	key.serializer = class org.apache.kafka.common.serialization.StringSerializer
	linger.ms = 0
	max.block.ms = 60000
	max.in.flight.requests.per.connection = 5
	max.request.size = 1048576
	metadata.max.age.ms = 300000
	metadata.max.idle.ms = 300000
	metadata.recovery.strategy = none
	metric.reporters = []
	metrics.num.samples = 2
	metrics.recording.level = INFO
	metrics.sample.window.ms = 30000
	partitioner.adaptive.partitioning.enable = true
	partitioner.availability.timeout.ms = 0
	partitioner.class = null
	partitioner.ignore.keys = false
	receive.buffer.bytes = 32768
	reconnect.backoff.max.ms = 1000
	reconnect.backoff.ms = 50
	request.timeout.ms = 5000
	retries = 2147483647
	retry.backoff.max.ms = 1000
	retry.backoff.ms = 100
	sasl.client.callback.handler.class = null
	sasl.jaas.config = null
	sasl.kerberos.kinit.cmd = /usr/bin/kinit
	sasl.kerberos.min.time.before.relogin = 60000
	sasl.kerberos.service.name = null
	sasl.kerberos.ticket.renew.jitter = 0.05
	sasl.kerberos.ticket.renew.window.factor = 0.8
	sasl.login.callback.handler.class = null
	sasl.login.class = null
	sasl.login.connect.timeout.ms = null
	sasl.login.read.timeout.ms = null
	sasl.login.refresh.buffer.seconds = 300
	sasl.login.refresh.min.period.seconds = 60
	sasl.login.refresh.window.factor = 0.8
	sasl.login.refresh.window.jitter = 0.05
	sasl.login.retry.backoff.max.ms = 10000
	sasl.login.retry.backoff.ms = 100
	sasl.mechanism = GSSAPI
	sasl.oauthbearer.clock.skew.seconds = 30
	sasl.oauthbearer.expected.audience = null
	sasl.oauthbearer.expected.issuer = null
	sasl.oauthbearer.header.urlencode = false
	sasl.oauthbearer.jwks.endpoint.refresh.ms = 3600000
	sasl.oauthbearer.jwks.endpoint.retry.backoff.max.ms = 10000
	sasl.oauthbearer.jwks.endpoint.retry.backoff.ms = 100
	sasl.oauthbearer.jwks.endpoint.url = null
	sasl.oauthbearer.scope.claim.name = scope
	sasl.oauthbearer.sub.claim.name = sub
	sasl.oauthbearer.token.endpoint.url = null
	security.protocol = PLAINTEXT
	security.providers = null
	send.buffer.bytes = 131072
	socket.connection.setup.timeout.max.ms = 30000
	socket.connection.setup.timeout.ms = 10000
	ssl.cipher.suites = null
	ssl.enabled.protocols = [TLSv1.2, TLSv1.3]
	ssl.endpoint.identification.algorithm = https
	ssl.engine.factory.class = null
	ssl.key.password = null
	ssl.keymanager.algorithm = SunX509
	ssl.keystore.certificate.chain = null
	ssl.keystore.key = null
	ssl.keystore.location = null
	ssl.keystore.password = null
	ssl.keystore.type = JKS
	ssl.protocol = TLSv1.3
	ssl.provider = null
	ssl.secure.random.implementation = null
	ssl.trustmanager.algorithm = PKIX
	ssl.truststore.certificates = null
	ssl.truststore.location = null
	ssl.truststore.password = null
	ssl.truststore.type = JKS
	transaction.timeout.ms = 60000
	transactional.id = null
	value.serializer = class io.confluent.kafka.serializers.KafkaAvroSerializer

2025-07-31 17:02:59,758 INFO  [org.apa.kaf.com.tel.int.KafkaMetricsCollector] (main) initializing Kafka metrics collector
2025-07-31 17:02:59,758 INFO  [io.con.kaf.ser.KafkaAvroSerializerConfig] (main) KafkaAvroSerializerConfig values: 
	auto.register.schemas = false
	avro.reflection.allow.null = false
	avro.remove.java.properties = false
	avro.use.logical.type.converters = false
	basic.auth.credentials.source = URL
	basic.auth.user.info = [hidden]
	bearer.auth.cache.expiry.buffer.seconds = 300
	bearer.auth.client.id = null
	bearer.auth.client.secret = null
	bearer.auth.credentials.source = STATIC_TOKEN
	bearer.auth.custom.provider.class = null
	bearer.auth.identity.pool.id = null
	bearer.auth.issuer.endpoint.url = null
	bearer.auth.logical.cluster = null
	bearer.auth.scope = null
	bearer.auth.scope.claim.name = scope
	bearer.auth.sub.claim.name = sub
	bearer.auth.token = [hidden]
	context.name.strategy = class io.confluent.kafka.serializers.context.NullContextNameStrategy
	http.connect.timeout.ms = 60000
	http.read.timeout.ms = 60000
	id.compatibility.strict = true
	key.schema.id.deserializer = class io.confluent.kafka.serializers.schema.id.DualSchemaIdDeserializer
	key.schema.id.serializer = class io.confluent.kafka.serializers.schema.id.PrefixSchemaIdSerializer
	key.subject.name.strategy = class io.confluent.kafka.serializers.subject.TopicNameStrategy
	latest.cache.size = 1000
	latest.cache.ttl.sec = -1
	latest.compatibility.strict = true
	max.retries = 3
	max.schemas.per.subject = 1000
	normalize.schemas = false
	propagate.schema.tags = false
	proxy.host = 
	proxy.port = -1
	retries.max.wait.ms = 20000
	retries.wait.ms = 1000
	rule.actions = []
	rule.executors = []
	rule.service.loader.enable = true
	schema.format = null
	schema.reflection = false
	schema.registry.basic.auth.user.info = [hidden]
	schema.registry.ssl.cipher.suites = null
	schema.registry.ssl.enabled.protocols = [TLSv1.2, TLSv1.3]
	schema.registry.ssl.endpoint.identification.algorithm = https
	schema.registry.ssl.engine.factory.class = null
	schema.registry.ssl.key.password = null
	schema.registry.ssl.keymanager.algorithm = SunX509
	schema.registry.ssl.keystore.certificate.chain = null
	schema.registry.ssl.keystore.key = null
	schema.registry.ssl.keystore.location = null
	schema.registry.ssl.keystore.password = null
	schema.registry.ssl.keystore.type = JKS
	schema.registry.ssl.protocol = TLSv1.3
	schema.registry.ssl.provider = null
	schema.registry.ssl.secure.random.implementation = null
	schema.registry.ssl.trustmanager.algorithm = PKIX
	schema.registry.ssl.truststore.certificates = null
	schema.registry.ssl.truststore.location = null
	schema.registry.ssl.truststore.password = null
	schema.registry.ssl.truststore.type = JKS
	schema.registry.url = [http://registry-app-postgresql.apps.ci419.apicurio-testing.org:80/apis/ccompat/v7]
	schema.registry.url.randomize = false
	use.latest.version = false
	use.latest.with.metadata = null
	use.schema.id = -1
	value.schema.id.deserializer = class io.confluent.kafka.serializers.schema.id.DualSchemaIdDeserializer
	value.schema.id.serializer = class io.confluent.kafka.serializers.schema.id.PrefixSchemaIdSerializer
	value.subject.name.strategy = class io.confluent.kafka.serializers.subject.TopicNameStrategy

2025-07-31 17:02:59,759 INFO  [org.apa.kaf.cli.pro.KafkaProducer] (main) [Producer clientId=Producer-topic-9c522caa_7f7d_4645_a226_92c04cf0350c] Instantiated an idempotent producer.
2025-07-31 17:02:59,760 INFO  [org.apa.kaf.cli.pro.ProducerConfig] (main) These configurations '[schema.registry.url, auto.register.schemas, value.subject.name.strategy]' were supplied but are not used yet.
2025-07-31 17:02:59,761 INFO  [org.apa.kaf.com.uti.AppInfoParser] (main) Kafka version: 3.9.1
2025-07-31 17:02:59,761 INFO  [org.apa.kaf.com.uti.AppInfoParser] (main) Kafka commitId: f745dfdcee2b9851
2025-07-31 17:02:59,761 INFO  [org.apa.kaf.com.uti.AppInfoParser] (main) Kafka startTimeMs: 1753981379760
2025-07-31 17:02:59,761 INFO  [io.api.tes.ser.api.KafkaSerdesTester] (Thread-899) Sending message {"key1": "value-0"} to topic topic-9c522caa_7f7d_4645_a226_92c04cf0350c
2025-07-31 17:02:59,763 INFO  [org.apa.kaf.cli.Metadata] (kafka-producer-network-thread | Producer-topic-9c522caa_7f7d_4645_a226_92c04cf0350c) [Producer clientId=Producer-topic-9c522caa_7f7d_4645_a226_92c04cf0350c] Cluster ID: alGoLOtfQj2F2-zKWHmvbA
2025-07-31 17:02:59,763 INFO  [org.apa.kaf.cli.pro.int.TransactionManager] (kafka-producer-network-thread | Producer-topic-9c522caa_7f7d_4645_a226_92c04cf0350c) [Producer clientId=Producer-topic-9c522caa_7f7d_4645_a226_92c04cf0350c] ProducerId set to 55 with epoch 0
2025-07-31 17:02:59,776 INFO  [org.apa.kaf.cli.pro.KafkaProducer] (Thread-899) [Producer clientId=Producer-topic-9c522caa_7f7d_4645_a226_92c04cf0350c] Closing the Kafka producer with timeoutMillis = 9223372036854775807 ms.
2025-07-31 17:02:59,777 INFO  [org.apa.kaf.com.met.Metrics] (Thread-899) Metrics scheduler closed
2025-07-31 17:02:59,777 INFO  [org.apa.kaf.com.met.Metrics] (Thread-899) Closing reporter org.apache.kafka.common.metrics.JmxReporter
2025-07-31 17:02:59,777 INFO  [org.apa.kaf.com.met.Metrics] (Thread-899) Closing reporter org.apache.kafka.common.telemetry.internals.ClientTelemetryReporter
2025-07-31 17:02:59,777 INFO  [org.apa.kaf.com.met.Metrics] (Thread-899) Metrics reporters closed
2025-07-31 17:02:59,777 INFO  [org.apa.kaf.com.uti.AppInfoParser] (Thread-899) App info kafka.producer for Producer-topic-9c522caa_7f7d_4645_a226_92c04cf0350c unregistered
2025-07-31 17:02:59,794 INFO  [io.api.tes.ser.con.BasicConfluentSerDesIT] (main) Deleting confluent schema myrecordconfluent3
2025-07-31 17:02:59,806 INFO  [io.api.tes.uti.TestSeparator] (main) io.apicurio.tests.serdes.confluent.BasicConfluentSerDesIT.testAvroConfluentSerDesWrongStrategyTopic-FINISHED
2025-07-31 17:02:59,806 INFO  [io.api.tes.uti.TestSeparator] (main) ############################################################################
Test passed: testAvroConfluentSerDesWrongStrategyTopic
]]></system-out>
  </testcase>
  <testcase name="testAvroApicurioConfluent" classname="io.apicurio.tests.serdes.confluent.BasicConfluentSerDesIT" time="1.666">
    <system-out><![CDATA[2025-07-31 17:02:59,807 INFO  [io.api.tes.uti.TestSeparator] (main) ############################################################################
2025-07-31 17:02:59,807 INFO  [io.api.tes.uti.TestSeparator] (main) io.apicurio.tests.serdes.confluent.BasicConfluentSerDesIT.testAvroApicurioConfluent-STARTED
**** Registry Base URL: http://registry-app-postgresql.apps.ci419.apicurio-testing.org:80
2025-07-31 17:03:00,847 INFO  [org.apa.kaf.cli.pro.ProducerConfig] (main) ProducerConfig values: 
	acks = -1
	auto.include.jmx.reporter = true
	batch.size = 16384
	bootstrap.servers = [PLAINTEXT://localhost:32770]
	buffer.memory = 33554432
	client.dns.lookup = use_all_dns_ips
	client.id = Producer-topic-3555b661_e16b_414b_b0d8_6767f6a56d23
	compression.gzip.level = -1
	compression.lz4.level = 9
	compression.type = none
	compression.zstd.level = 3
	connections.max.idle.ms = 10000
	delivery.timeout.ms = 120000
	enable.idempotence = true
	enable.metrics.push = true
	interceptor.classes = []
	key.serializer = class org.apache.kafka.common.serialization.StringSerializer
	linger.ms = 0
	max.block.ms = 60000
	max.in.flight.requests.per.connection = 5
	max.request.size = 1048576
	metadata.max.age.ms = 300000
	metadata.max.idle.ms = 300000
	metadata.recovery.strategy = none
	metric.reporters = []
	metrics.num.samples = 2
	metrics.recording.level = INFO
	metrics.sample.window.ms = 30000
	partitioner.adaptive.partitioning.enable = true
	partitioner.availability.timeout.ms = 0
	partitioner.class = null
	partitioner.ignore.keys = false
	receive.buffer.bytes = 32768
	reconnect.backoff.max.ms = 1000
	reconnect.backoff.ms = 50
	request.timeout.ms = 5000
	retries = 2147483647
	retry.backoff.max.ms = 1000
	retry.backoff.ms = 100
	sasl.client.callback.handler.class = null
	sasl.jaas.config = null
	sasl.kerberos.kinit.cmd = /usr/bin/kinit
	sasl.kerberos.min.time.before.relogin = 60000
	sasl.kerberos.service.name = null
	sasl.kerberos.ticket.renew.jitter = 0.05
	sasl.kerberos.ticket.renew.window.factor = 0.8
	sasl.login.callback.handler.class = null
	sasl.login.class = null
	sasl.login.connect.timeout.ms = null
	sasl.login.read.timeout.ms = null
	sasl.login.refresh.buffer.seconds = 300
	sasl.login.refresh.min.period.seconds = 60
	sasl.login.refresh.window.factor = 0.8
	sasl.login.refresh.window.jitter = 0.05
	sasl.login.retry.backoff.max.ms = 10000
	sasl.login.retry.backoff.ms = 100
	sasl.mechanism = GSSAPI
	sasl.oauthbearer.clock.skew.seconds = 30
	sasl.oauthbearer.expected.audience = null
	sasl.oauthbearer.expected.issuer = null
	sasl.oauthbearer.header.urlencode = false
	sasl.oauthbearer.jwks.endpoint.refresh.ms = 3600000
	sasl.oauthbearer.jwks.endpoint.retry.backoff.max.ms = 10000
	sasl.oauthbearer.jwks.endpoint.retry.backoff.ms = 100
	sasl.oauthbearer.jwks.endpoint.url = null
	sasl.oauthbearer.scope.claim.name = scope
	sasl.oauthbearer.sub.claim.name = sub
	sasl.oauthbearer.token.endpoint.url = null
	security.protocol = PLAINTEXT
	security.providers = null
	send.buffer.bytes = 131072
	socket.connection.setup.timeout.max.ms = 30000
	socket.connection.setup.timeout.ms = 10000
	ssl.cipher.suites = null
	ssl.enabled.protocols = [TLSv1.2, TLSv1.3]
	ssl.endpoint.identification.algorithm = https
	ssl.engine.factory.class = null
	ssl.key.password = null
	ssl.keymanager.algorithm = SunX509
	ssl.keystore.certificate.chain = null
	ssl.keystore.key = null
	ssl.keystore.location = null
	ssl.keystore.password = null
	ssl.keystore.type = JKS
	ssl.protocol = TLSv1.3
	ssl.provider = null
	ssl.secure.random.implementation = null
	ssl.trustmanager.algorithm = PKIX
	ssl.truststore.certificates = null
	ssl.truststore.location = null
	ssl.truststore.password = null
	ssl.truststore.type = JKS
	transaction.timeout.ms = 60000
	transactional.id = null
	value.serializer = class io.apicurio.registry.serde.avro.AvroKafkaSerializer

2025-07-31 17:03:00,847 INFO  [org.apa.kaf.com.tel.int.KafkaMetricsCollector] (main) initializing Kafka metrics collector
2025-07-31 17:03:00,850 INFO  [org.apa.kaf.cli.pro.KafkaProducer] (main) [Producer clientId=Producer-topic-3555b661_e16b_414b_b0d8_6767f6a56d23] Instantiated an idempotent producer.
2025-07-31 17:03:00,853 INFO  [org.apa.kaf.cli.pro.ProducerConfig] (main) These configurations '[apicurio.registry.url, apicurio.registry.artifact-resolver-strategy]' were supplied but are not used yet.
2025-07-31 17:03:00,853 INFO  [org.apa.kaf.com.uti.AppInfoParser] (main) Kafka version: 3.9.1
2025-07-31 17:03:00,853 INFO  [org.apa.kaf.com.uti.AppInfoParser] (main) Kafka commitId: f745dfdcee2b9851
2025-07-31 17:03:00,853 INFO  [org.apa.kaf.com.uti.AppInfoParser] (main) Kafka startTimeMs: 1753981380853
2025-07-31 17:03:00,853 INFO  [io.api.tes.ser.api.SimpleSerdesTesterBuilder$SimpleSerdesTester] (main) Using producer configuration: {apicurio.registry.url=http://registry-app-postgresql.apps.ci419.apicurio-testing.org:80/apis/registry/v3, apicurio.registry.artifact-resolver-strategy=io.apicurio.registry.serde.strategy.TopicIdStrategy, value.serializer=io.apicurio.registry.serde.avro.AvroKafkaSerializer, request.timeout.ms=5000, acks=all, bootstrap.servers=PLAINTEXT://localhost:32770, connections.max.idle.ms=10000, key.serializer=org.apache.kafka.common.serialization.StringSerializer, client.id=Producer-topic-3555b661_e16b_414b_b0d8_6767f6a56d23}
2025-07-31 17:03:00,853 INFO  [io.api.tes.ser.api.SimpleSerdesTesterBuilder$SimpleSerdesTester] (main) Using consumer configuration: {}
2025-07-31 17:03:00,854 INFO  [io.api.tes.ser.api.KafkaSerdesTester] (Thread-902) Sending message {"key1": "value-0"} to topic topic-3555b661_e16b_414b_b0d8_6767f6a56d23
2025-07-31 17:03:00,855 INFO  [org.apa.kaf.cli.Metadata] (kafka-producer-network-thread | Producer-topic-3555b661_e16b_414b_b0d8_6767f6a56d23) [Producer clientId=Producer-topic-3555b661_e16b_414b_b0d8_6767f6a56d23] Cluster ID: alGoLOtfQj2F2-zKWHmvbA
2025-07-31 17:03:00,855 INFO  [org.apa.kaf.cli.pro.int.TransactionManager] (kafka-producer-network-thread | Producer-topic-3555b661_e16b_414b_b0d8_6767f6a56d23) [Producer clientId=Producer-topic-3555b661_e16b_414b_b0d8_6767f6a56d23] ProducerId set to 56 with epoch 0
2025-07-31 17:03:00,856 INFO  [DefaultSchemaResolver] (Thread-902) Retrieving schema content using string: {"type":"record","name":"myrecordconfluent1","fields":[{"name":"key1","type":"string"}]}
2025-07-31 17:03:00,880 INFO  [io.api.tes.ser.api.KafkaSerdesTester] (Thread-902) Sending message {"key1": "value-1"} to topic topic-3555b661_e16b_414b_b0d8_6767f6a56d23
2025-07-31 17:03:00,881 INFO  [io.api.tes.ser.api.KafkaSerdesTester] (Thread-902) Sending message {"key1": "value-2"} to topic topic-3555b661_e16b_414b_b0d8_6767f6a56d23
2025-07-31 17:03:00,882 INFO  [io.api.tes.ser.api.KafkaSerdesTester] (Thread-902) Sending message {"key1": "value-3"} to topic topic-3555b661_e16b_414b_b0d8_6767f6a56d23
2025-07-31 17:03:00,883 INFO  [io.api.tes.ser.api.KafkaSerdesTester] (Thread-902) Sending message {"key1": "value-4"} to topic topic-3555b661_e16b_414b_b0d8_6767f6a56d23
2025-07-31 17:03:00,884 INFO  [io.api.tes.ser.api.KafkaSerdesTester] (Thread-902) Sending message {"key1": "value-5"} to topic topic-3555b661_e16b_414b_b0d8_6767f6a56d23
2025-07-31 17:03:00,885 INFO  [io.api.tes.ser.api.KafkaSerdesTester] (Thread-902) Sending message {"key1": "value-6"} to topic topic-3555b661_e16b_414b_b0d8_6767f6a56d23
2025-07-31 17:03:00,886 INFO  [io.api.tes.ser.api.KafkaSerdesTester] (Thread-902) Sending message {"key1": "value-7"} to topic topic-3555b661_e16b_414b_b0d8_6767f6a56d23
2025-07-31 17:03:00,887 INFO  [io.api.tes.ser.api.KafkaSerdesTester] (Thread-902) Sending message {"key1": "value-8"} to topic topic-3555b661_e16b_414b_b0d8_6767f6a56d23
2025-07-31 17:03:00,888 INFO  [io.api.tes.ser.api.KafkaSerdesTester] (Thread-902) Sending message {"key1": "value-9"} to topic topic-3555b661_e16b_414b_b0d8_6767f6a56d23
2025-07-31 17:03:00,889 INFO  [io.api.tes.ser.api.KafkaSerdesTester] (Thread-902) Produced 10 messages
2025-07-31 17:03:00,889 INFO  [org.apa.kaf.cli.pro.KafkaProducer] (Thread-902) [Producer clientId=Producer-topic-3555b661_e16b_414b_b0d8_6767f6a56d23] Closing the Kafka producer with timeoutMillis = 9223372036854775807 ms.
2025-07-31 17:03:00,891 INFO  [org.apa.kaf.com.met.Metrics] (Thread-902) Metrics scheduler closed
2025-07-31 17:03:00,891 INFO  [org.apa.kaf.com.met.Metrics] (Thread-902) Closing reporter org.apache.kafka.common.metrics.JmxReporter
2025-07-31 17:03:00,891 INFO  [org.apa.kaf.com.met.Metrics] (Thread-902) Closing reporter org.apache.kafka.common.telemetry.internals.ClientTelemetryReporter
2025-07-31 17:03:00,891 INFO  [org.apa.kaf.com.met.Metrics] (Thread-902) Metrics reporters closed
2025-07-31 17:03:00,891 INFO  [org.apa.kaf.com.uti.AppInfoParser] (Thread-902) App info kafka.producer for Producer-topic-3555b661_e16b_414b_b0d8_6767f6a56d23 unregistered
**** Registry Base URL: http://registry-app-postgresql.apps.ci419.apicurio-testing.org:80
2025-07-31 17:03:00,892 INFO  [org.apa.kaf.cli.con.ConsumerConfig] (main) ConsumerConfig values: 
	allow.auto.create.topics = true
	auto.commit.interval.ms = 500
	auto.include.jmx.reporter = true
	auto.offset.reset = earliest
	bootstrap.servers = [PLAINTEXT://localhost:32770]
	check.crcs = true
	client.dns.lookup = use_all_dns_ips
	client.id = consumer-Consumer-topic-3555b661_e16b_414b_b0d8_6767f6a56d23-42
	client.rack = 
	connections.max.idle.ms = 10000
	default.api.timeout.ms = 60000
	enable.auto.commit = true
	enable.metrics.push = true
	exclude.internal.topics = true
	fetch.max.bytes = 52428800
	fetch.max.wait.ms = 500
	fetch.min.bytes = 1
	group.id = Consumer-topic-3555b661_e16b_414b_b0d8_6767f6a56d23
	group.instance.id = null
	group.protocol = classic
	group.remote.assignor = null
	heartbeat.interval.ms = 3000
	interceptor.classes = []
	internal.leave.group.on.close = true
	internal.throw.on.fetch.stable.offset.unsupported = false
	isolation.level = read_uncommitted
	key.deserializer = class org.apache.kafka.common.serialization.StringDeserializer
	max.partition.fetch.bytes = 1048576
	max.poll.interval.ms = 300000
	max.poll.records = 500
	metadata.max.age.ms = 300000
	metadata.recovery.strategy = none
	metric.reporters = []
	metrics.num.samples = 2
	metrics.recording.level = INFO
	metrics.sample.window.ms = 30000
	partition.assignment.strategy = [class org.apache.kafka.clients.consumer.RangeAssignor, class org.apache.kafka.clients.consumer.CooperativeStickyAssignor]
	receive.buffer.bytes = 65536
	reconnect.backoff.max.ms = 1000
	reconnect.backoff.ms = 50
	request.timeout.ms = 5000
	retry.backoff.max.ms = 1000
	retry.backoff.ms = 100
	sasl.client.callback.handler.class = null
	sasl.jaas.config = null
	sasl.kerberos.kinit.cmd = /usr/bin/kinit
	sasl.kerberos.min.time.before.relogin = 60000
	sasl.kerberos.service.name = null
	sasl.kerberos.ticket.renew.jitter = 0.05
	sasl.kerberos.ticket.renew.window.factor = 0.8
	sasl.login.callback.handler.class = null
	sasl.login.class = null
	sasl.login.connect.timeout.ms = null
	sasl.login.read.timeout.ms = null
	sasl.login.refresh.buffer.seconds = 300
	sasl.login.refresh.min.period.seconds = 60
	sasl.login.refresh.window.factor = 0.8
	sasl.login.refresh.window.jitter = 0.05
	sasl.login.retry.backoff.max.ms = 10000
	sasl.login.retry.backoff.ms = 100
	sasl.mechanism = GSSAPI
	sasl.oauthbearer.clock.skew.seconds = 30
	sasl.oauthbearer.expected.audience = null
	sasl.oauthbearer.expected.issuer = null
	sasl.oauthbearer.header.urlencode = false
	sasl.oauthbearer.jwks.endpoint.refresh.ms = 3600000
	sasl.oauthbearer.jwks.endpoint.retry.backoff.max.ms = 10000
	sasl.oauthbearer.jwks.endpoint.retry.backoff.ms = 100
	sasl.oauthbearer.jwks.endpoint.url = null
	sasl.oauthbearer.scope.claim.name = scope
	sasl.oauthbearer.sub.claim.name = sub
	sasl.oauthbearer.token.endpoint.url = null
	security.protocol = PLAINTEXT
	security.providers = null
	send.buffer.bytes = 131072
	session.timeout.ms = 45000
	socket.connection.setup.timeout.max.ms = 30000
	socket.connection.setup.timeout.ms = 10000
	ssl.cipher.suites = null
	ssl.enabled.protocols = [TLSv1.2, TLSv1.3]
	ssl.endpoint.identification.algorithm = https
	ssl.engine.factory.class = null
	ssl.key.password = null
	ssl.keymanager.algorithm = SunX509
	ssl.keystore.certificate.chain = null
	ssl.keystore.key = null
	ssl.keystore.location = null
	ssl.keystore.password = null
	ssl.keystore.type = JKS
	ssl.protocol = TLSv1.3
	ssl.provider = null
	ssl.secure.random.implementation = null
	ssl.trustmanager.algorithm = PKIX
	ssl.truststore.certificates = null
	ssl.truststore.location = null
	ssl.truststore.password = null
	ssl.truststore.type = JKS
	value.deserializer = class io.confluent.kafka.serializers.KafkaAvroDeserializer

2025-07-31 17:03:00,892 INFO  [org.apa.kaf.com.tel.int.KafkaMetricsCollector] (main) initializing Kafka metrics collector
2025-07-31 17:03:00,892 INFO  [io.con.kaf.ser.KafkaAvroDeserializerConfig] (main) KafkaAvroDeserializerConfig values: 
	auto.register.schemas = true
	avro.reflection.allow.null = false
	avro.use.logical.type.converters = false
	basic.auth.credentials.source = URL
	basic.auth.user.info = [hidden]
	bearer.auth.cache.expiry.buffer.seconds = 300
	bearer.auth.client.id = null
	bearer.auth.client.secret = null
	bearer.auth.credentials.source = STATIC_TOKEN
	bearer.auth.custom.provider.class = null
	bearer.auth.identity.pool.id = null
	bearer.auth.issuer.endpoint.url = null
	bearer.auth.logical.cluster = null
	bearer.auth.scope = null
	bearer.auth.scope.claim.name = scope
	bearer.auth.sub.claim.name = sub
	bearer.auth.token = [hidden]
	context.name.strategy = class io.confluent.kafka.serializers.context.NullContextNameStrategy
	http.connect.timeout.ms = 60000
	http.read.timeout.ms = 60000
	id.compatibility.strict = true
	key.schema.id.deserializer = class io.confluent.kafka.serializers.schema.id.DualSchemaIdDeserializer
	key.schema.id.serializer = class io.confluent.kafka.serializers.schema.id.PrefixSchemaIdSerializer
	key.subject.name.strategy = class io.confluent.kafka.serializers.subject.TopicNameStrategy
	latest.cache.size = 1000
	latest.cache.ttl.sec = -1
	latest.compatibility.strict = true
	max.retries = 3
	max.schemas.per.subject = 1000
	normalize.schemas = false
	propagate.schema.tags = false
	proxy.host = 
	proxy.port = -1
	retries.max.wait.ms = 20000
	retries.wait.ms = 1000
	rule.actions = []
	rule.executors = []
	rule.service.loader.enable = true
	schema.format = null
	schema.reflection = false
	schema.registry.basic.auth.user.info = [hidden]
	schema.registry.ssl.cipher.suites = null
	schema.registry.ssl.enabled.protocols = [TLSv1.2, TLSv1.3]
	schema.registry.ssl.endpoint.identification.algorithm = https
	schema.registry.ssl.engine.factory.class = null
	schema.registry.ssl.key.password = null
	schema.registry.ssl.keymanager.algorithm = SunX509
	schema.registry.ssl.keystore.certificate.chain = null
	schema.registry.ssl.keystore.key = null
	schema.registry.ssl.keystore.location = null
	schema.registry.ssl.keystore.password = null
	schema.registry.ssl.keystore.type = JKS
	schema.registry.ssl.protocol = TLSv1.3
	schema.registry.ssl.provider = null
	schema.registry.ssl.secure.random.implementation = null
	schema.registry.ssl.trustmanager.algorithm = PKIX
	schema.registry.ssl.truststore.certificates = null
	schema.registry.ssl.truststore.location = null
	schema.registry.ssl.truststore.password = null
	schema.registry.ssl.truststore.type = JKS
	schema.registry.url = [http://registry-app-postgresql.apps.ci419.apicurio-testing.org:80/apis/ccompat/v7]
	schema.registry.url.randomize = false
	specific.avro.key.type = null
	specific.avro.reader = false
	specific.avro.value.type = null
	use.latest.version = false
	use.latest.with.metadata = null
	use.schema.id = -1
	value.schema.id.deserializer = class io.confluent.kafka.serializers.schema.id.DualSchemaIdDeserializer
	value.schema.id.serializer = class io.confluent.kafka.serializers.schema.id.PrefixSchemaIdSerializer
	value.subject.name.strategy = class io.confluent.kafka.serializers.subject.TopicNameStrategy

2025-07-31 17:03:00,896 INFO  [org.apa.kaf.cli.con.ConsumerConfig] (main) These configurations '[schema.registry.url]' were supplied but are not used yet.
2025-07-31 17:03:00,896 INFO  [org.apa.kaf.com.uti.AppInfoParser] (main) Kafka version: 3.9.1
2025-07-31 17:03:00,896 INFO  [org.apa.kaf.com.uti.AppInfoParser] (main) Kafka commitId: f745dfdcee2b9851
2025-07-31 17:03:00,896 INFO  [org.apa.kaf.com.uti.AppInfoParser] (main) Kafka startTimeMs: 1753981380896
2025-07-31 17:03:00,897 INFO  [org.apa.kaf.cli.con.int.ClassicKafkaConsumer] (Thread-903) [Consumer clientId=consumer-Consumer-topic-3555b661_e16b_414b_b0d8_6767f6a56d23-42, groupId=Consumer-topic-3555b661_e16b_414b_b0d8_6767f6a56d23] Subscribed to topic(s): topic-3555b661_e16b_414b_b0d8_6767f6a56d23
2025-07-31 17:03:00,902 INFO  [org.apa.kaf.cli.Metadata] (Thread-903) [Consumer clientId=consumer-Consumer-topic-3555b661_e16b_414b_b0d8_6767f6a56d23-42, groupId=Consumer-topic-3555b661_e16b_414b_b0d8_6767f6a56d23] Cluster ID: alGoLOtfQj2F2-zKWHmvbA
2025-07-31 17:03:00,903 INFO  [org.apa.kaf.cli.con.int.ConsumerCoordinator] (Thread-903) [Consumer clientId=consumer-Consumer-topic-3555b661_e16b_414b_b0d8_6767f6a56d23-42, groupId=Consumer-topic-3555b661_e16b_414b_b0d8_6767f6a56d23] Discovered group coordinator localhost:32770 (id: 2147483647 rack: null)
2025-07-31 17:03:00,904 INFO  [org.apa.kaf.cli.con.int.ConsumerCoordinator] (Thread-903) [Consumer clientId=consumer-Consumer-topic-3555b661_e16b_414b_b0d8_6767f6a56d23-42, groupId=Consumer-topic-3555b661_e16b_414b_b0d8_6767f6a56d23] (Re-)joining group
2025-07-31 17:03:00,909 INFO  [org.apa.kaf.cli.con.int.ConsumerCoordinator] (Thread-903) [Consumer clientId=consumer-Consumer-topic-3555b661_e16b_414b_b0d8_6767f6a56d23-42, groupId=Consumer-topic-3555b661_e16b_414b_b0d8_6767f6a56d23] Request joining group due to: need to re-join with the given member-id: consumer-Consumer-topic-3555b661_e16b_414b_b0d8_6767f6a56d23-42-3b2554e8-5a3d-4f49-85c5-ea84fcf2b4d3
2025-07-31 17:03:00,909 INFO  [org.apa.kaf.cli.con.int.ConsumerCoordinator] (Thread-903) [Consumer clientId=consumer-Consumer-topic-3555b661_e16b_414b_b0d8_6767f6a56d23-42, groupId=Consumer-topic-3555b661_e16b_414b_b0d8_6767f6a56d23] (Re-)joining group
2025-07-31 17:03:00,911 INFO  [org.apa.kaf.cli.con.int.ConsumerCoordinator] (Thread-903) [Consumer clientId=consumer-Consumer-topic-3555b661_e16b_414b_b0d8_6767f6a56d23-42, groupId=Consumer-topic-3555b661_e16b_414b_b0d8_6767f6a56d23] Successfully joined group with generation Generation{generationId=1, memberId='consumer-Consumer-topic-3555b661_e16b_414b_b0d8_6767f6a56d23-42-3b2554e8-5a3d-4f49-85c5-ea84fcf2b4d3', protocol='range'}
2025-07-31 17:03:00,911 INFO  [org.apa.kaf.cli.con.int.ConsumerCoordinator] (Thread-903) [Consumer clientId=consumer-Consumer-topic-3555b661_e16b_414b_b0d8_6767f6a56d23-42, groupId=Consumer-topic-3555b661_e16b_414b_b0d8_6767f6a56d23] Finished assignment for group at generation 1: {consumer-Consumer-topic-3555b661_e16b_414b_b0d8_6767f6a56d23-42-3b2554e8-5a3d-4f49-85c5-ea84fcf2b4d3=Assignment(partitions=[topic-3555b661_e16b_414b_b0d8_6767f6a56d23-0])}
2025-07-31 17:03:00,913 INFO  [org.apa.kaf.cli.con.int.ConsumerCoordinator] (Thread-903) [Consumer clientId=consumer-Consumer-topic-3555b661_e16b_414b_b0d8_6767f6a56d23-42, groupId=Consumer-topic-3555b661_e16b_414b_b0d8_6767f6a56d23] Successfully synced group in generation Generation{generationId=1, memberId='consumer-Consumer-topic-3555b661_e16b_414b_b0d8_6767f6a56d23-42-3b2554e8-5a3d-4f49-85c5-ea84fcf2b4d3', protocol='range'}
2025-07-31 17:03:00,913 INFO  [org.apa.kaf.cli.con.int.ConsumerCoordinator] (Thread-903) [Consumer clientId=consumer-Consumer-topic-3555b661_e16b_414b_b0d8_6767f6a56d23-42, groupId=Consumer-topic-3555b661_e16b_414b_b0d8_6767f6a56d23] Notifying assignor about the new Assignment(partitions=[topic-3555b661_e16b_414b_b0d8_6767f6a56d23-0])
2025-07-31 17:03:00,913 INFO  [org.apa.kaf.cli.con.int.ConsumerRebalanceListenerInvoker] (Thread-903) [Consumer clientId=consumer-Consumer-topic-3555b661_e16b_414b_b0d8_6767f6a56d23-42, groupId=Consumer-topic-3555b661_e16b_414b_b0d8_6767f6a56d23] Adding newly assigned partitions: topic-3555b661_e16b_414b_b0d8_6767f6a56d23-0
2025-07-31 17:03:00,916 INFO  [org.apa.kaf.cli.con.int.ConsumerCoordinator] (Thread-903) [Consumer clientId=consumer-Consumer-topic-3555b661_e16b_414b_b0d8_6767f6a56d23-42, groupId=Consumer-topic-3555b661_e16b_414b_b0d8_6767f6a56d23] Found no committed offset for partition topic-3555b661_e16b_414b_b0d8_6767f6a56d23-0
2025-07-31 17:03:00,918 INFO  [org.apa.kaf.cli.con.int.SubscriptionState] (Thread-903) [Consumer clientId=consumer-Consumer-topic-3555b661_e16b_414b_b0d8_6767f6a56d23-42, groupId=Consumer-topic-3555b661_e16b_414b_b0d8_6767f6a56d23] Resetting offset for partition topic-3555b661_e16b_414b_b0d8_6767f6a56d23-0 to position FetchPosition{offset=0, offsetEpoch=Optional.empty, currentLeader=LeaderAndEpoch{leader=Optional[localhost:32770 (id: 0 rack: null)], epoch=0}}.
2025-07-31 17:03:00,935 INFO  [io.api.tes.ser.api.KafkaSerdesTester] (Thread-903) topic-3555b661_e16b_414b_b0d8_6767f6a56d23 0 0 {"key1": "value-0"}
2025-07-31 17:03:00,935 INFO  [io.api.tes.ser.api.KafkaSerdesTester] (Thread-903) topic-3555b661_e16b_414b_b0d8_6767f6a56d23 0 1 {"key1": "value-1"}
2025-07-31 17:03:00,935 INFO  [io.api.tes.ser.api.KafkaSerdesTester] (Thread-903) topic-3555b661_e16b_414b_b0d8_6767f6a56d23 0 2 {"key1": "value-2"}
2025-07-31 17:03:00,935 INFO  [io.api.tes.ser.api.KafkaSerdesTester] (Thread-903) topic-3555b661_e16b_414b_b0d8_6767f6a56d23 0 3 {"key1": "value-3"}
2025-07-31 17:03:00,935 INFO  [io.api.tes.ser.api.KafkaSerdesTester] (Thread-903) topic-3555b661_e16b_414b_b0d8_6767f6a56d23 0 4 {"key1": "value-4"}
2025-07-31 17:03:00,935 INFO  [io.api.tes.ser.api.KafkaSerdesTester] (Thread-903) topic-3555b661_e16b_414b_b0d8_6767f6a56d23 0 5 {"key1": "value-5"}
2025-07-31 17:03:00,936 INFO  [io.api.tes.ser.api.KafkaSerdesTester] (Thread-903) topic-3555b661_e16b_414b_b0d8_6767f6a56d23 0 6 {"key1": "value-6"}
2025-07-31 17:03:00,936 INFO  [io.api.tes.ser.api.KafkaSerdesTester] (Thread-903) topic-3555b661_e16b_414b_b0d8_6767f6a56d23 0 7 {"key1": "value-7"}
2025-07-31 17:03:00,936 INFO  [io.api.tes.ser.api.KafkaSerdesTester] (Thread-903) topic-3555b661_e16b_414b_b0d8_6767f6a56d23 0 8 {"key1": "value-8"}
2025-07-31 17:03:00,936 INFO  [io.api.tes.ser.api.KafkaSerdesTester] (Thread-903) topic-3555b661_e16b_414b_b0d8_6767f6a56d23 0 9 {"key1": "value-9"}
2025-07-31 17:03:00,936 INFO  [io.api.tes.ser.api.KafkaSerdesTester] (Thread-903) Consumed 10 messages
2025-07-31 17:03:00,939 INFO  [org.apa.kaf.cli.con.int.ConsumerRebalanceListenerInvoker] (Thread-903) [Consumer clientId=consumer-Consumer-topic-3555b661_e16b_414b_b0d8_6767f6a56d23-42, groupId=Consumer-topic-3555b661_e16b_414b_b0d8_6767f6a56d23] Revoke previously assigned partitions topic-3555b661_e16b_414b_b0d8_6767f6a56d23-0
2025-07-31 17:03:00,939 INFO  [org.apa.kaf.cli.con.int.ConsumerCoordinator] (Thread-903) [Consumer clientId=consumer-Consumer-topic-3555b661_e16b_414b_b0d8_6767f6a56d23-42, groupId=Consumer-topic-3555b661_e16b_414b_b0d8_6767f6a56d23] Member consumer-Consumer-topic-3555b661_e16b_414b_b0d8_6767f6a56d23-42-3b2554e8-5a3d-4f49-85c5-ea84fcf2b4d3 sending LeaveGroup request to coordinator localhost:32770 (id: 2147483647 rack: null) due to the consumer is being closed
2025-07-31 17:03:00,939 INFO  [org.apa.kaf.cli.con.int.ConsumerCoordinator] (Thread-903) [Consumer clientId=consumer-Consumer-topic-3555b661_e16b_414b_b0d8_6767f6a56d23-42, groupId=Consumer-topic-3555b661_e16b_414b_b0d8_6767f6a56d23] Resetting generation and member id due to: consumer pro-actively leaving the group
2025-07-31 17:03:00,939 INFO  [org.apa.kaf.cli.con.int.ConsumerCoordinator] (Thread-903) [Consumer clientId=consumer-Consumer-topic-3555b661_e16b_414b_b0d8_6767f6a56d23-42, groupId=Consumer-topic-3555b661_e16b_414b_b0d8_6767f6a56d23] Request joining group due to: consumer pro-actively leaving the group
2025-07-31 17:03:01,437 INFO  [org.apa.kaf.com.met.Metrics] (Thread-903) Metrics scheduler closed
2025-07-31 17:03:01,437 INFO  [org.apa.kaf.com.met.Metrics] (Thread-903) Closing reporter org.apache.kafka.common.metrics.JmxReporter
2025-07-31 17:03:01,437 INFO  [org.apa.kaf.com.met.Metrics] (Thread-903) Closing reporter org.apache.kafka.common.telemetry.internals.ClientTelemetryReporter
2025-07-31 17:03:01,437 INFO  [org.apa.kaf.com.met.Metrics] (Thread-903) Metrics reporters closed
2025-07-31 17:03:01,439 INFO  [org.apa.kaf.com.uti.AppInfoParser] (Thread-903) App info kafka.consumer for consumer-Consumer-topic-3555b661_e16b_414b_b0d8_6767f6a56d23-42 unregistered
2025-07-31 17:03:01,458 INFO  [io.api.tes.ser.con.BasicConfluentSerDesIT] (main) Deleting confluent schema topic-3555b661_e16b_414b_b0d8_6767f6a56d23-value
2025-07-31 17:03:01,473 INFO  [io.api.tes.uti.TestSeparator] (main) io.apicurio.tests.serdes.confluent.BasicConfluentSerDesIT.testAvroApicurioConfluent-FINISHED
2025-07-31 17:03:01,473 INFO  [io.api.tes.uti.TestSeparator] (main) ############################################################################
Test passed: testAvroApicurioConfluent
]]></system-out>
  </testcase>
  <testcase name="testAvroConfluentSerDesFail" classname="io.apicurio.tests.serdes.confluent.BasicConfluentSerDesIT" time="0.103">
    <system-out><![CDATA[2025-07-31 17:03:01,475 INFO  [io.api.tes.uti.TestSeparator] (main) ############################################################################
2025-07-31 17:03:01,475 INFO  [io.api.tes.uti.TestSeparator] (main) io.apicurio.tests.serdes.confluent.BasicConfluentSerDesIT.testAvroConfluentSerDesFail-STARTED
2025-07-31 17:03:01,514 INFO  [io.api.tes.ser.con.BasicConfluentSerDesIT] (main) Checking that created schema is equal to the get schema
2025-07-31 17:03:01,525 INFO  [io.api.tes.ser.con.BasicConfluentSerDesIT] (main) Created schema with id:55 and name:myrecordconfluent2
**** Registry Base URL: http://registry-app-postgresql.apps.ci419.apicurio-testing.org:80
2025-07-31 17:03:01,526 INFO  [org.apa.kaf.cli.pro.ProducerConfig] (main) ProducerConfig values: 
	acks = -1
	auto.include.jmx.reporter = true
	batch.size = 16384
	bootstrap.servers = [PLAINTEXT://localhost:32770]
	buffer.memory = 33554432
	client.dns.lookup = use_all_dns_ips
	client.id = Producer-topic-9b9d133c_e00a_4d06_bd88_d4150f5b5aed
	compression.gzip.level = -1
	compression.lz4.level = 9
	compression.type = none
	compression.zstd.level = 3
	connections.max.idle.ms = 10000
	delivery.timeout.ms = 120000
	enable.idempotence = true
	enable.metrics.push = true
	interceptor.classes = []
	key.serializer = class org.apache.kafka.common.serialization.StringSerializer
	linger.ms = 0
	max.block.ms = 60000
	max.in.flight.requests.per.connection = 5
	max.request.size = 1048576
	metadata.max.age.ms = 300000
	metadata.max.idle.ms = 300000
	metadata.recovery.strategy = none
	metric.reporters = []
	metrics.num.samples = 2
	metrics.recording.level = INFO
	metrics.sample.window.ms = 30000
	partitioner.adaptive.partitioning.enable = true
	partitioner.availability.timeout.ms = 0
	partitioner.class = null
	partitioner.ignore.keys = false
	receive.buffer.bytes = 32768
	reconnect.backoff.max.ms = 1000
	reconnect.backoff.ms = 50
	request.timeout.ms = 5000
	retries = 2147483647
	retry.backoff.max.ms = 1000
	retry.backoff.ms = 100
	sasl.client.callback.handler.class = null
	sasl.jaas.config = null
	sasl.kerberos.kinit.cmd = /usr/bin/kinit
	sasl.kerberos.min.time.before.relogin = 60000
	sasl.kerberos.service.name = null
	sasl.kerberos.ticket.renew.jitter = 0.05
	sasl.kerberos.ticket.renew.window.factor = 0.8
	sasl.login.callback.handler.class = null
	sasl.login.class = null
	sasl.login.connect.timeout.ms = null
	sasl.login.read.timeout.ms = null
	sasl.login.refresh.buffer.seconds = 300
	sasl.login.refresh.min.period.seconds = 60
	sasl.login.refresh.window.factor = 0.8
	sasl.login.refresh.window.jitter = 0.05
	sasl.login.retry.backoff.max.ms = 10000
	sasl.login.retry.backoff.ms = 100
	sasl.mechanism = GSSAPI
	sasl.oauthbearer.clock.skew.seconds = 30
	sasl.oauthbearer.expected.audience = null
	sasl.oauthbearer.expected.issuer = null
	sasl.oauthbearer.header.urlencode = false
	sasl.oauthbearer.jwks.endpoint.refresh.ms = 3600000
	sasl.oauthbearer.jwks.endpoint.retry.backoff.max.ms = 10000
	sasl.oauthbearer.jwks.endpoint.retry.backoff.ms = 100
	sasl.oauthbearer.jwks.endpoint.url = null
	sasl.oauthbearer.scope.claim.name = scope
	sasl.oauthbearer.sub.claim.name = sub
	sasl.oauthbearer.token.endpoint.url = null
	security.protocol = PLAINTEXT
	security.providers = null
	send.buffer.bytes = 131072
	socket.connection.setup.timeout.max.ms = 30000
	socket.connection.setup.timeout.ms = 10000
	ssl.cipher.suites = null
	ssl.enabled.protocols = [TLSv1.2, TLSv1.3]
	ssl.endpoint.identification.algorithm = https
	ssl.engine.factory.class = null
	ssl.key.password = null
	ssl.keymanager.algorithm = SunX509
	ssl.keystore.certificate.chain = null
	ssl.keystore.key = null
	ssl.keystore.location = null
	ssl.keystore.password = null
	ssl.keystore.type = JKS
	ssl.protocol = TLSv1.3
	ssl.provider = null
	ssl.secure.random.implementation = null
	ssl.trustmanager.algorithm = PKIX
	ssl.truststore.certificates = null
	ssl.truststore.location = null
	ssl.truststore.password = null
	ssl.truststore.type = JKS
	transaction.timeout.ms = 60000
	transactional.id = null
	value.serializer = class io.confluent.kafka.serializers.KafkaAvroSerializer

2025-07-31 17:03:01,527 INFO  [org.apa.kaf.com.tel.int.KafkaMetricsCollector] (main) initializing Kafka metrics collector
2025-07-31 17:03:01,527 INFO  [io.con.kaf.ser.KafkaAvroSerializerConfig] (main) KafkaAvroSerializerConfig values: 
	auto.register.schemas = false
	avro.reflection.allow.null = false
	avro.remove.java.properties = false
	avro.use.logical.type.converters = false
	basic.auth.credentials.source = URL
	basic.auth.user.info = [hidden]
	bearer.auth.cache.expiry.buffer.seconds = 300
	bearer.auth.client.id = null
	bearer.auth.client.secret = null
	bearer.auth.credentials.source = STATIC_TOKEN
	bearer.auth.custom.provider.class = null
	bearer.auth.identity.pool.id = null
	bearer.auth.issuer.endpoint.url = null
	bearer.auth.logical.cluster = null
	bearer.auth.scope = null
	bearer.auth.scope.claim.name = scope
	bearer.auth.sub.claim.name = sub
	bearer.auth.token = [hidden]
	context.name.strategy = class io.confluent.kafka.serializers.context.NullContextNameStrategy
	http.connect.timeout.ms = 60000
	http.read.timeout.ms = 60000
	id.compatibility.strict = true
	key.schema.id.deserializer = class io.confluent.kafka.serializers.schema.id.DualSchemaIdDeserializer
	key.schema.id.serializer = class io.confluent.kafka.serializers.schema.id.PrefixSchemaIdSerializer
	key.subject.name.strategy = class io.confluent.kafka.serializers.subject.TopicNameStrategy
	latest.cache.size = 1000
	latest.cache.ttl.sec = -1
	latest.compatibility.strict = true
	max.retries = 3
	max.schemas.per.subject = 1000
	normalize.schemas = false
	propagate.schema.tags = false
	proxy.host = 
	proxy.port = -1
	retries.max.wait.ms = 20000
	retries.wait.ms = 1000
	rule.actions = []
	rule.executors = []
	rule.service.loader.enable = true
	schema.format = null
	schema.reflection = false
	schema.registry.basic.auth.user.info = [hidden]
	schema.registry.ssl.cipher.suites = null
	schema.registry.ssl.enabled.protocols = [TLSv1.2, TLSv1.3]
	schema.registry.ssl.endpoint.identification.algorithm = https
	schema.registry.ssl.engine.factory.class = null
	schema.registry.ssl.key.password = null
	schema.registry.ssl.keymanager.algorithm = SunX509
	schema.registry.ssl.keystore.certificate.chain = null
	schema.registry.ssl.keystore.key = null
	schema.registry.ssl.keystore.location = null
	schema.registry.ssl.keystore.password = null
	schema.registry.ssl.keystore.type = JKS
	schema.registry.ssl.protocol = TLSv1.3
	schema.registry.ssl.provider = null
	schema.registry.ssl.secure.random.implementation = null
	schema.registry.ssl.trustmanager.algorithm = PKIX
	schema.registry.ssl.truststore.certificates = null
	schema.registry.ssl.truststore.location = null
	schema.registry.ssl.truststore.password = null
	schema.registry.ssl.truststore.type = JKS
	schema.registry.url = [http://registry-app-postgresql.apps.ci419.apicurio-testing.org:80/apis/ccompat/v7]
	schema.registry.url.randomize = false
	use.latest.version = false
	use.latest.with.metadata = null
	use.schema.id = -1
	value.schema.id.deserializer = class io.confluent.kafka.serializers.schema.id.DualSchemaIdDeserializer
	value.schema.id.serializer = class io.confluent.kafka.serializers.schema.id.PrefixSchemaIdSerializer
	value.subject.name.strategy = class io.confluent.kafka.serializers.subject.RecordNameStrategy

2025-07-31 17:03:01,528 INFO  [org.apa.kaf.cli.pro.KafkaProducer] (main) [Producer clientId=Producer-topic-9b9d133c_e00a_4d06_bd88_d4150f5b5aed] Instantiated an idempotent producer.
2025-07-31 17:03:01,529 INFO  [org.apa.kaf.cli.pro.ProducerConfig] (main) These configurations '[schema.registry.url, auto.register.schemas, value.subject.name.strategy]' were supplied but are not used yet.
2025-07-31 17:03:01,529 INFO  [org.apa.kaf.com.uti.AppInfoParser] (main) Kafka version: 3.9.1
2025-07-31 17:03:01,529 INFO  [org.apa.kaf.com.uti.AppInfoParser] (main) Kafka commitId: f745dfdcee2b9851
2025-07-31 17:03:01,529 INFO  [org.apa.kaf.com.uti.AppInfoParser] (main) Kafka startTimeMs: 1753981381529
2025-07-31 17:03:01,530 INFO  [io.api.tes.ser.api.KafkaSerdesTester] (Thread-904) Sending message {"wrongkey": "value-0"} to topic topic-9b9d133c_e00a_4d06_bd88_d4150f5b5aed
2025-07-31 17:03:01,534 INFO  [org.apa.kaf.cli.Metadata] (kafka-producer-network-thread | Producer-topic-9b9d133c_e00a_4d06_bd88_d4150f5b5aed) [Producer clientId=Producer-topic-9b9d133c_e00a_4d06_bd88_d4150f5b5aed] Cluster ID: alGoLOtfQj2F2-zKWHmvbA
2025-07-31 17:03:01,534 INFO  [org.apa.kaf.cli.pro.int.TransactionManager] (kafka-producer-network-thread | Producer-topic-9b9d133c_e00a_4d06_bd88_d4150f5b5aed) [Producer clientId=Producer-topic-9b9d133c_e00a_4d06_bd88_d4150f5b5aed] ProducerId set to 57 with epoch 0
2025-07-31 17:03:01,544 INFO  [org.apa.kaf.cli.pro.KafkaProducer] (Thread-904) [Producer clientId=Producer-topic-9b9d133c_e00a_4d06_bd88_d4150f5b5aed] Closing the Kafka producer with timeoutMillis = 9223372036854775807 ms.
2025-07-31 17:03:01,546 INFO  [org.apa.kaf.com.met.Metrics] (Thread-904) Metrics scheduler closed
2025-07-31 17:03:01,546 INFO  [org.apa.kaf.com.met.Metrics] (Thread-904) Closing reporter org.apache.kafka.common.metrics.JmxReporter
2025-07-31 17:03:01,546 INFO  [org.apa.kaf.com.met.Metrics] (Thread-904) Closing reporter org.apache.kafka.common.telemetry.internals.ClientTelemetryReporter
2025-07-31 17:03:01,546 INFO  [org.apa.kaf.com.met.Metrics] (Thread-904) Metrics reporters closed
2025-07-31 17:03:01,546 INFO  [org.apa.kaf.com.uti.AppInfoParser] (Thread-904) App info kafka.producer for Producer-topic-9b9d133c_e00a_4d06_bd88_d4150f5b5aed unregistered
2025-07-31 17:03:01,562 INFO  [io.api.tes.ser.con.BasicConfluentSerDesIT] (main) Deleting confluent schema myrecordconfluent2
2025-07-31 17:03:01,576 INFO  [io.api.tes.uti.TestSeparator] (main) io.apicurio.tests.serdes.confluent.BasicConfluentSerDesIT.testAvroConfluentSerDesFail-FINISHED
2025-07-31 17:03:01,576 INFO  [io.api.tes.uti.TestSeparator] (main) ############################################################################
Test passed: testAvroConfluentSerDesFail
]]></system-out>
  </testcase>
  <testcase name="testAvroConfluentSerDesWrongStrategyRecord" classname="io.apicurio.tests.serdes.confluent.BasicConfluentSerDesIT" time="0.122">
    <system-out><![CDATA[2025-07-31 17:03:01,578 INFO  [io.api.tes.uti.TestSeparator] (main) ############################################################################
2025-07-31 17:03:01,578 INFO  [io.api.tes.uti.TestSeparator] (main) io.apicurio.tests.serdes.confluent.BasicConfluentSerDesIT.testAvroConfluentSerDesWrongStrategyRecord-STARTED
2025-07-31 17:03:01,628 INFO  [io.api.tes.ser.con.BasicConfluentSerDesIT] (main) Checking that created schema is equal to the get schema
2025-07-31 17:03:01,640 INFO  [io.api.tes.ser.con.BasicConfluentSerDesIT] (main) Created schema with id:56 and name:myrecordconfluent4
**** Registry Base URL: http://registry-app-postgresql.apps.ci419.apicurio-testing.org:80
2025-07-31 17:03:01,641 INFO  [org.apa.kaf.cli.pro.ProducerConfig] (main) ProducerConfig values: 
	acks = -1
	auto.include.jmx.reporter = true
	batch.size = 16384
	bootstrap.servers = [PLAINTEXT://localhost:32770]
	buffer.memory = 33554432
	client.dns.lookup = use_all_dns_ips
	client.id = Producer-topic-0ac47f10_0dd1_4a9a_acee_a7bc8ae750e8
	compression.gzip.level = -1
	compression.lz4.level = 9
	compression.type = none
	compression.zstd.level = 3
	connections.max.idle.ms = 10000
	delivery.timeout.ms = 120000
	enable.idempotence = true
	enable.metrics.push = true
	interceptor.classes = []
	key.serializer = class org.apache.kafka.common.serialization.StringSerializer
	linger.ms = 0
	max.block.ms = 60000
	max.in.flight.requests.per.connection = 5
	max.request.size = 1048576
	metadata.max.age.ms = 300000
	metadata.max.idle.ms = 300000
	metadata.recovery.strategy = none
	metric.reporters = []
	metrics.num.samples = 2
	metrics.recording.level = INFO
	metrics.sample.window.ms = 30000
	partitioner.adaptive.partitioning.enable = true
	partitioner.availability.timeout.ms = 0
	partitioner.class = null
	partitioner.ignore.keys = false
	receive.buffer.bytes = 32768
	reconnect.backoff.max.ms = 1000
	reconnect.backoff.ms = 50
	request.timeout.ms = 5000
	retries = 2147483647
	retry.backoff.max.ms = 1000
	retry.backoff.ms = 100
	sasl.client.callback.handler.class = null
	sasl.jaas.config = null
	sasl.kerberos.kinit.cmd = /usr/bin/kinit
	sasl.kerberos.min.time.before.relogin = 60000
	sasl.kerberos.service.name = null
	sasl.kerberos.ticket.renew.jitter = 0.05
	sasl.kerberos.ticket.renew.window.factor = 0.8
	sasl.login.callback.handler.class = null
	sasl.login.class = null
	sasl.login.connect.timeout.ms = null
	sasl.login.read.timeout.ms = null
	sasl.login.refresh.buffer.seconds = 300
	sasl.login.refresh.min.period.seconds = 60
	sasl.login.refresh.window.factor = 0.8
	sasl.login.refresh.window.jitter = 0.05
	sasl.login.retry.backoff.max.ms = 10000
	sasl.login.retry.backoff.ms = 100
	sasl.mechanism = GSSAPI
	sasl.oauthbearer.clock.skew.seconds = 30
	sasl.oauthbearer.expected.audience = null
	sasl.oauthbearer.expected.issuer = null
	sasl.oauthbearer.header.urlencode = false
	sasl.oauthbearer.jwks.endpoint.refresh.ms = 3600000
	sasl.oauthbearer.jwks.endpoint.retry.backoff.max.ms = 10000
	sasl.oauthbearer.jwks.endpoint.retry.backoff.ms = 100
	sasl.oauthbearer.jwks.endpoint.url = null
	sasl.oauthbearer.scope.claim.name = scope
	sasl.oauthbearer.sub.claim.name = sub
	sasl.oauthbearer.token.endpoint.url = null
	security.protocol = PLAINTEXT
	security.providers = null
	send.buffer.bytes = 131072
	socket.connection.setup.timeout.max.ms = 30000
	socket.connection.setup.timeout.ms = 10000
	ssl.cipher.suites = null
	ssl.enabled.protocols = [TLSv1.2, TLSv1.3]
	ssl.endpoint.identification.algorithm = https
	ssl.engine.factory.class = null
	ssl.key.password = null
	ssl.keymanager.algorithm = SunX509
	ssl.keystore.certificate.chain = null
	ssl.keystore.key = null
	ssl.keystore.location = null
	ssl.keystore.password = null
	ssl.keystore.type = JKS
	ssl.protocol = TLSv1.3
	ssl.provider = null
	ssl.secure.random.implementation = null
	ssl.trustmanager.algorithm = PKIX
	ssl.truststore.certificates = null
	ssl.truststore.location = null
	ssl.truststore.password = null
	ssl.truststore.type = JKS
	transaction.timeout.ms = 60000
	transactional.id = null
	value.serializer = class io.confluent.kafka.serializers.KafkaAvroSerializer

2025-07-31 17:03:01,641 INFO  [org.apa.kaf.com.tel.int.KafkaMetricsCollector] (main) initializing Kafka metrics collector
2025-07-31 17:03:01,642 INFO  [io.con.kaf.ser.KafkaAvroSerializerConfig] (main) KafkaAvroSerializerConfig values: 
	auto.register.schemas = false
	avro.reflection.allow.null = false
	avro.remove.java.properties = false
	avro.use.logical.type.converters = false
	basic.auth.credentials.source = URL
	basic.auth.user.info = [hidden]
	bearer.auth.cache.expiry.buffer.seconds = 300
	bearer.auth.client.id = null
	bearer.auth.client.secret = null
	bearer.auth.credentials.source = STATIC_TOKEN
	bearer.auth.custom.provider.class = null
	bearer.auth.identity.pool.id = null
	bearer.auth.issuer.endpoint.url = null
	bearer.auth.logical.cluster = null
	bearer.auth.scope = null
	bearer.auth.scope.claim.name = scope
	bearer.auth.sub.claim.name = sub
	bearer.auth.token = [hidden]
	context.name.strategy = class io.confluent.kafka.serializers.context.NullContextNameStrategy
	http.connect.timeout.ms = 60000
	http.read.timeout.ms = 60000
	id.compatibility.strict = true
	key.schema.id.deserializer = class io.confluent.kafka.serializers.schema.id.DualSchemaIdDeserializer
	key.schema.id.serializer = class io.confluent.kafka.serializers.schema.id.PrefixSchemaIdSerializer
	key.subject.name.strategy = class io.confluent.kafka.serializers.subject.TopicNameStrategy
	latest.cache.size = 1000
	latest.cache.ttl.sec = -1
	latest.compatibility.strict = true
	max.retries = 3
	max.schemas.per.subject = 1000
	normalize.schemas = false
	propagate.schema.tags = false
	proxy.host = 
	proxy.port = -1
	retries.max.wait.ms = 20000
	retries.wait.ms = 1000
	rule.actions = []
	rule.executors = []
	rule.service.loader.enable = true
	schema.format = null
	schema.reflection = false
	schema.registry.basic.auth.user.info = [hidden]
	schema.registry.ssl.cipher.suites = null
	schema.registry.ssl.enabled.protocols = [TLSv1.2, TLSv1.3]
	schema.registry.ssl.endpoint.identification.algorithm = https
	schema.registry.ssl.engine.factory.class = null
	schema.registry.ssl.key.password = null
	schema.registry.ssl.keymanager.algorithm = SunX509
	schema.registry.ssl.keystore.certificate.chain = null
	schema.registry.ssl.keystore.key = null
	schema.registry.ssl.keystore.location = null
	schema.registry.ssl.keystore.password = null
	schema.registry.ssl.keystore.type = JKS
	schema.registry.ssl.protocol = TLSv1.3
	schema.registry.ssl.provider = null
	schema.registry.ssl.secure.random.implementation = null
	schema.registry.ssl.trustmanager.algorithm = PKIX
	schema.registry.ssl.truststore.certificates = null
	schema.registry.ssl.truststore.location = null
	schema.registry.ssl.truststore.password = null
	schema.registry.ssl.truststore.type = JKS
	schema.registry.url = [http://registry-app-postgresql.apps.ci419.apicurio-testing.org:80/apis/ccompat/v7]
	schema.registry.url.randomize = false
	use.latest.version = false
	use.latest.with.metadata = null
	use.schema.id = -1
	value.schema.id.deserializer = class io.confluent.kafka.serializers.schema.id.DualSchemaIdDeserializer
	value.schema.id.serializer = class io.confluent.kafka.serializers.schema.id.PrefixSchemaIdSerializer
	value.subject.name.strategy = class io.confluent.kafka.serializers.subject.RecordNameStrategy

2025-07-31 17:03:01,644 INFO  [org.apa.kaf.cli.pro.KafkaProducer] (main) [Producer clientId=Producer-topic-0ac47f10_0dd1_4a9a_acee_a7bc8ae750e8] Instantiated an idempotent producer.
2025-07-31 17:03:01,645 INFO  [org.apa.kaf.cli.pro.ProducerConfig] (main) These configurations '[schema.registry.url, auto.register.schemas, value.subject.name.strategy]' were supplied but are not used yet.
2025-07-31 17:03:01,645 INFO  [org.apa.kaf.com.uti.AppInfoParser] (main) Kafka version: 3.9.1
2025-07-31 17:03:01,645 INFO  [org.apa.kaf.com.uti.AppInfoParser] (main) Kafka commitId: f745dfdcee2b9851
2025-07-31 17:03:01,645 INFO  [org.apa.kaf.com.uti.AppInfoParser] (main) Kafka startTimeMs: 1753981381645
2025-07-31 17:03:01,645 INFO  [io.api.tes.ser.api.KafkaSerdesTester] (Thread-905) Sending message {"wrongkey": "value-0"} to topic topic-0ac47f10_0dd1_4a9a_acee_a7bc8ae750e8
2025-07-31 17:03:01,648 INFO  [org.apa.kaf.cli.Metadata] (kafka-producer-network-thread | Producer-topic-0ac47f10_0dd1_4a9a_acee_a7bc8ae750e8) [Producer clientId=Producer-topic-0ac47f10_0dd1_4a9a_acee_a7bc8ae750e8] Cluster ID: alGoLOtfQj2F2-zKWHmvbA
2025-07-31 17:03:01,649 INFO  [org.apa.kaf.cli.pro.int.TransactionManager] (kafka-producer-network-thread | Producer-topic-0ac47f10_0dd1_4a9a_acee_a7bc8ae750e8) [Producer clientId=Producer-topic-0ac47f10_0dd1_4a9a_acee_a7bc8ae750e8] ProducerId set to 58 with epoch 0
2025-07-31 17:03:01,656 INFO  [org.apa.kaf.cli.pro.KafkaProducer] (Thread-905) [Producer clientId=Producer-topic-0ac47f10_0dd1_4a9a_acee_a7bc8ae750e8] Closing the Kafka producer with timeoutMillis = 9223372036854775807 ms.
2025-07-31 17:03:01,657 INFO  [org.apa.kaf.com.met.Metrics] (Thread-905) Metrics scheduler closed
2025-07-31 17:03:01,657 INFO  [org.apa.kaf.com.met.Metrics] (Thread-905) Closing reporter org.apache.kafka.common.metrics.JmxReporter
2025-07-31 17:03:01,658 INFO  [org.apa.kaf.com.met.Metrics] (Thread-905) Closing reporter org.apache.kafka.common.telemetry.internals.ClientTelemetryReporter
2025-07-31 17:03:01,658 INFO  [org.apa.kaf.com.met.Metrics] (Thread-905) Metrics reporters closed
2025-07-31 17:03:01,658 INFO  [org.apa.kaf.com.uti.AppInfoParser] (Thread-905) App info kafka.producer for Producer-topic-0ac47f10_0dd1_4a9a_acee_a7bc8ae750e8 unregistered
2025-07-31 17:03:01,679 INFO  [io.api.tes.ser.con.BasicConfluentSerDesIT] (main) Deleting confluent schema topic-0ac47f10_0dd1_4a9a_acee_a7bc8ae750e8-value
2025-07-31 17:03:01,699 INFO  [io.api.tes.uti.TestSeparator] (main) io.apicurio.tests.serdes.confluent.BasicConfluentSerDesIT.testAvroConfluentSerDesWrongStrategyRecord-FINISHED
2025-07-31 17:03:01,699 INFO  [io.api.tes.uti.TestSeparator] (main) ############################################################################
Test passed: testAvroConfluentSerDesWrongStrategyRecord
]]></system-out>
  </testcase>
</testsuite>