<?xml version="1.0" encoding="UTF-8"?>
<testsuite xmlns:xsi="http://www.w3.org/2001/XMLSchema-instance" xsi:noNamespaceSchemaLocation="https://maven.apache.org/surefire/maven-failsafe-plugin/xsd/failsafe-test-report.xsd" version="3.0.2" name="io.apicurio.tests.serdes.apicurio.AvroSerdeIT" time="49.381" tests="21" errors="0" skipped="2" failures="0">
  <properties>
    <property name="java.specification.version" value="17"/>
    <property name="sun.jnu.encoding" value="UTF-8"/>
    <property name="java.class.path" value="/home/runner/work/apicurio-testing/apicurio-testing/clusters/ci419/namespaces/postgresql/tests/integration/apicurio-registry/integration-tests/target/test-classes:/home/runner/work/apicurio-testing/apicurio-testing/clusters/ci419/namespaces/postgresql/tests/integration/apicurio-registry/integration-tests/target/apicurio-registry-integration-tests-3.0.11-SNAPSHOT.jar:/home/runner/.m2/repository/io/quarkus/quarkus-junit5/3.20.1/quarkus-junit5-3.20.1.jar:/home/runner/.m2/repository/io/quarkus/quarkus-bootstrap-core/3.20.1/quarkus-bootstrap-core-3.20.1.jar:/home/runner/.m2/repository/io/quarkus/quarkus-classloader-commons/3.20.1/quarkus-classloader-commons-3.20.1.jar:/home/runner/.m2/repository/io/quarkus/quarkus-bootstrap-app-model/3.20.1/quarkus-bootstrap-app-model-3.20.1.jar:/home/runner/.m2/repository/io/smallrye/common/smallrye-common-io/2.12.0/smallrye-common-io-2.12.0.jar:/home/runner/.m2/repository/org/eclipse/sisu/org.eclipse.sisu.inject/0.9.0.M3/org.eclipse.sisu.inject-0.9.0.M3.jar:/home/runner/.m2/repository/io/quarkus/quarkus-test-common/3.20.1/quarkus-test-common-3.20.1.jar:/home/runner/.m2/repository/io/quarkus/quarkus-core-deployment/3.20.1/quarkus-core-deployment-3.20.1.jar:/home/runner/.m2/repository/org/aesh/readline/2.6/readline-2.6.jar:/home/runner/.m2/repository/org/fusesource/jansi/jansi/2.4.0/jansi-2.4.0.jar:/home/runner/.m2/repository/org/aesh/aesh/2.8.2/aesh-2.8.2.jar:/home/runner/.m2/repository/io/quarkus/gizmo/gizmo/1.8.0/gizmo-1.8.0.jar:/home/runner/.m2/repository/org/ow2/asm/asm-util/9.7.1/asm-util-9.7.1.jar:/home/runner/.m2/repository/org/ow2/asm/asm-analysis/9.7.1/asm-analysis-9.7.1.jar:/home/runner/.m2/repository/org/ow2/asm/asm-commons/9.7.1/asm-commons-9.7.1.jar:/home/runner/.m2/repository/org/ow2/asm/asm-tree/9.7.1/asm-tree-9.7.1.jar:/home/runner/.m2/repository/io/quarkus/quarkus-hibernate-validator-spi/3.20.1/quarkus-hibernate-validator-spi-3.20.1.jar:/home/runner/.m2/repository/io/quarkus/quarkus-class-change-agent/3.20.1/quarkus-class-change-agent-3.20.1.jar:/home/runner/.m2/repository/io/quarkus/quarkus-devtools-utilities/3.20.1/quarkus-devtools-utilities-3.20.1.jar:/home/runner/.m2/repository/io/quarkus/quarkus-builder/3.20.1/quarkus-builder-3.20.1.jar:/home/runner/.m2/repository/org/graalvm/sdk/nativeimage/23.1.2/nativeimage-23.1.2.jar:/home/runner/.m2/repository/org/graalvm/sdk/word/23.1.2/word-23.1.2.jar:/home/runner/.m2/repository/io/quarkus/quarkus-bootstrap-maven-resolver/3.20.1/quarkus-bootstrap-maven-resolver-3.20.1.jar:/home/runner/.m2/repository/io/smallrye/beanbag/smallrye-beanbag-maven/1.5.2/smallrye-beanbag-maven-1.5.2.jar:/home/runner/.m2/repository/io/smallrye/beanbag/smallrye-beanbag-sisu/1.5.2/smallrye-beanbag-sisu-1.5.2.jar:/home/runner/.m2/repository/io/smallrye/beanbag/smallrye-beanbag/1.5.2/smallrye-beanbag-1.5.2.jar:/home/runner/.m2/repository/javax/inject/javax.inject/1/javax.inject-1.jar:/home/runner/.m2/repository/org/apache/maven/maven-artifact/3.9.9/maven-artifact-3.9.9.jar:/home/runner/.m2/repository/org/apache/maven/maven-builder-support/3.9.9/maven-builder-support-3.9.9.jar:/home/runner/.m2/repository/org/apache/maven/maven-model/3.9.9/maven-model-3.9.9.jar:/home/runner/.m2/repository/org/apache/maven/maven-model-builder/3.9.9/maven-model-builder-3.9.9.jar:/home/runner/.m2/repository/org/apache/maven/maven-repository-metadata/3.9.9/maven-repository-metadata-3.9.9.jar:/home/runner/.m2/repository/org/apache/maven/maven-settings/3.9.9/maven-settings-3.9.9.jar:/home/runner/.m2/repository/org/apache/maven/resolver/maven-resolver-api/1.9.22/maven-resolver-api-1.9.22.jar:/home/runner/.m2/repository/org/apache/maven/resolver/maven-resolver-impl/1.9.22/maven-resolver-impl-1.9.22.jar:/home/runner/.m2/repository/org/apache/maven/resolver/maven-resolver-named-locks/1.9.22/maven-resolver-named-locks-1.9.22.jar:/home/runner/.m2/repository/org/apache/maven/resolver/maven-resolver-spi/1.9.22/maven-resolver-spi-1.9.22.jar:/home/runner/.m2/repository/org/apache/maven/resolver/maven-resolver-util/1.9.22/maven-resolver-util-1.9.22.jar:/home/runner/.m2/repository/org/apache/maven/resolver/maven-resolver-transport-http/1.9.20/maven-resolver-transport-http-1.9.20.jar:/home/runner/.m2/repository/org/apache/maven/wagon/wagon-provider-api/3.5.3/wagon-provider-api-3.5.3.jar:/home/runner/.m2/repository/org/apache/maven/wagon/wagon-http-shared/3.5.3/wagon-http-shared-3.5.3.jar:/home/runner/.m2/repository/org/codehaus/plexus/plexus-interpolation/1.26/plexus-interpolation-1.26.jar:/home/runner/.m2/repository/org/codehaus/plexus/plexus-utils/3.5.1/plexus-utils-3.5.1.jar:/home/runner/.m2/repository/org/codehaus/plexus/plexus-xml/4.0.1/plexus-xml-4.0.1.jar:/home/runner/.m2/repository/org/apache/maven/maven-xml-impl/4.0.0-alpha-5/maven-xml-impl-4.0.0-alpha-5.jar:/home/runner/.m2/repository/org/apache/maven/maven-api-xml/4.0.0-alpha-5/maven-api-xml-4.0.0-alpha-5.jar:/home/runner/.m2/repository/org/apache/maven/maven-api-meta/4.0.0-alpha-5/maven-api-meta-4.0.0-alpha-5.jar:/home/runner/.m2/repository/org/codehaus/plexus/plexus-cipher/2.0/plexus-cipher-2.0.jar:/home/runner/.m2/repository/org/codehaus/plexus/plexus-sec-dispatcher/2.0/plexus-sec-dispatcher-2.0.jar:/home/runner/.m2/repository/org/apache/maven/maven-embedder/3.9.9/maven-embedder-3.9.9.jar:/home/runner/.m2/repository/org/apache/maven/maven-core/3.9.9/maven-core-3.9.9.jar:/home/runner/.m2/repository/org/codehaus/plexus/plexus-component-annotations/2.1.0/plexus-component-annotations-2.1.0.jar:/home/runner/.m2/repository/org/apache/maven/maven-plugin-api/3.9.9/maven-plugin-api-3.9.9.jar:/home/runner/.m2/repository/org/apache/maven/shared/maven-shared-utils/3.4.2/maven-shared-utils-3.4.2.jar:/home/runner/.m2/repository/com/google/inject/guice/5.1.0/guice-5.1.0.jar:/home/runner/.m2/repository/aopalliance/aopalliance/1.0/aopalliance-1.0.jar:/home/runner/.m2/repository/org/codehaus/plexus/plexus-classworlds/2.6.0/plexus-classworlds-2.6.0.jar:/home/runner/.m2/repository/commons-cli/commons-cli/1.8.0/commons-cli-1.8.0.jar:/home/runner/.m2/repository/org/eclipse/sisu/org.eclipse.sisu.plexus/0.9.0.M3/org.eclipse.sisu.plexus-0.9.0.M3.jar:/home/runner/.m2/repository/org/apache/maven/maven-settings-builder/3.9.9/maven-settings-builder-3.9.9.jar:/home/runner/.m2/repository/org/apache/maven/maven-resolver-provider/3.9.9/maven-resolver-provider-3.9.9.jar:/home/runner/.m2/repository/org/apache/maven/resolver/maven-resolver-connector-basic/1.9.22/maven-resolver-connector-basic-1.9.22.jar:/home/runner/.m2/repository/org/apache/maven/resolver/maven-resolver-transport-wagon/1.9.22/maven-resolver-transport-wagon-1.9.22.jar:/home/runner/.m2/repository/org/apache/maven/wagon/wagon-http/3.5.3/wagon-http-3.5.3.jar:/home/runner/.m2/repository/org/apache/maven/wagon/wagon-file/3.5.3/wagon-file-3.5.3.jar:/home/runner/.m2/repository/io/quarkus/quarkus-bootstrap-gradle-resolver/3.20.1/quarkus-bootstrap-gradle-resolver-3.20.1.jar:/home/runner/.m2/repository/io/smallrye/jandex/3.3.0/jandex-3.3.0.jar:/home/runner/.m2/repository/org/jboss/logging/commons-logging-jboss-logging/1.0.0.Final/commons-logging-jboss-logging-1.0.0.Final.jar:/home/runner/.m2/repository/io/quarkus/quarkus-junit5-config/3.20.1/quarkus-junit5-config-3.20.1.jar:/home/runner/.m2/repository/org/junit/jupiter/junit-jupiter-api/5.12.1/junit-jupiter-api-5.12.1.jar:/home/runner/.m2/repository/io/smallrye/config/smallrye-config/3.11.4/smallrye-config-3.11.4.jar:/home/runner/.m2/repository/io/smallrye/config/smallrye-config-core/3.11.4/smallrye-config-core-3.11.4.jar:/home/runner/.m2/repository/io/smallrye/common/smallrye-common-classloader/2.12.0/smallrye-common-classloader-2.12.0.jar:/home/runner/.m2/repository/io/smallrye/config/smallrye-config-common/3.11.4/smallrye-config-common-3.11.4.jar:/home/runner/.m2/repository/org/junit/jupiter/junit-jupiter/5.12.1/junit-jupiter-5.12.1.jar:/home/runner/.m2/repository/org/junit/jupiter/junit-jupiter-params/5.12.1/junit-jupiter-params-5.12.1.jar:/home/runner/.m2/repository/org/junit/jupiter/junit-jupiter-engine/5.12.1/junit-jupiter-engine-5.12.1.jar:/home/runner/.m2/repository/io/quarkus/quarkus-core/3.20.1/quarkus-core-3.20.1.jar:/home/runner/.m2/repository/jakarta/enterprise/jakarta.enterprise.cdi-api/4.1.0/jakarta.enterprise.cdi-api-4.1.0.jar:/home/runner/.m2/repository/jakarta/enterprise/jakarta.enterprise.lang-model/4.1.0/jakarta.enterprise.lang-model-4.1.0.jar:/home/runner/.m2/repository/jakarta/el/jakarta.el-api/5.0.1/jakarta.el-api-5.0.1.jar:/home/runner/.m2/repository/jakarta/interceptor/jakarta.interceptor-api/2.2.0/jakarta.interceptor-api-2.2.0.jar:/home/runner/.m2/repository/jakarta/inject/jakarta.inject-api/2.0.1/jakarta.inject-api-2.0.1.jar:/home/runner/.m2/repository/io/smallrye/common/smallrye-common-os/2.12.0/smallrye-common-os-2.12.0.jar:/home/runner/.m2/repository/io/quarkus/quarkus-ide-launcher/3.20.1/quarkus-ide-launcher-3.20.1.jar:/home/runner/.m2/repository/io/quarkus/quarkus-development-mode-spi/3.20.1/quarkus-development-mode-spi-3.20.1.jar:/home/runner/.m2/repository/org/jboss/logging/jboss-logging/3.6.1.Final/jboss-logging-3.6.1.Final.jar:/home/runner/.m2/repository/org/jboss/logmanager/jboss-logmanager/3.1.2.Final/jboss-logmanager-3.1.2.Final.jar:/home/runner/.m2/repository/io/smallrye/common/smallrye-common-constraint/2.12.0/smallrye-common-constraint-2.12.0.jar:/home/runner/.m2/repository/io/smallrye/common/smallrye-common-cpu/2.12.0/smallrye-common-cpu-2.12.0.jar:/home/runner/.m2/repository/io/smallrye/common/smallrye-common-expression/2.12.0/smallrye-common-expression-2.12.0.jar:/home/runner/.m2/repository/io/smallrye/common/smallrye-common-net/2.12.0/smallrye-common-net-2.12.0.jar:/home/runner/.m2/repository/io/smallrye/common/smallrye-common-ref/2.12.0/smallrye-common-ref-2.12.0.jar:/home/runner/.m2/repository/jakarta/json/jakarta.json-api/2.1.3/jakarta.json-api-2.1.3.jar:/home/runner/.m2/repository/org/eclipse/parsson/parsson/1.1.7/parsson-1.1.7.jar:/home/runner/.m2/repository/org/jboss/logging/jboss-logging-annotations/3.0.4.Final/jboss-logging-annotations-3.0.4.Final.jar:/home/runner/.m2/repository/org/jboss/threads/jboss-threads/3.8.0.Final/jboss-threads-3.8.0.Final.jar:/home/runner/.m2/repository/io/smallrye/common/smallrye-common-annotation/2.12.0/smallrye-common-annotation-2.12.0.jar:/home/runner/.m2/repository/io/smallrye/common/smallrye-common-function/2.12.0/smallrye-common-function-2.12.0.jar:/home/runner/.m2/repository/org/jboss/slf4j/slf4j-jboss-logmanager/2.0.0.Final/slf4j-jboss-logmanager-2.0.0.Final.jar:/home/runner/.m2/repository/org/wildfly/common/wildfly-common/2.0.1/wildfly-common-2.0.1.jar:/home/runner/.m2/repository/io/quarkus/quarkus-bootstrap-runner/3.20.1/quarkus-bootstrap-runner-3.20.1.jar:/home/runner/.m2/repository/io/github/crac/org-crac/0.1.3/org-crac-0.1.3.jar:/home/runner/.m2/repository/io/quarkus/quarkus-fs-util/0.0.10/quarkus-fs-util-0.0.10.jar:/home/runner/.m2/repository/org/jboss/marshalling/jboss-marshalling/2.2.2.Final/jboss-marshalling-2.2.2.Final.jar:/home/runner/.m2/repository/io/fabric8/kubernetes-client/7.1.0/kubernetes-client-7.1.0.jar:/home/runner/.m2/repository/io/fabric8/kubernetes-client-api/7.1.0/kubernetes-client-api-7.1.0.jar:/home/runner/.m2/repository/io/fabric8/kubernetes-model-core/7.1.0/kubernetes-model-core-7.1.0.jar:/home/runner/.m2/repository/io/fabric8/kubernetes-model-common/7.1.0/kubernetes-model-common-7.1.0.jar:/home/runner/.m2/repository/javax/annotation/javax.annotation-api/1.3.2/javax.annotation-api-1.3.2.jar:/home/runner/.m2/repository/io/fabric8/kubernetes-model-gatewayapi/7.1.0/kubernetes-model-gatewayapi-7.1.0.jar:/home/runner/.m2/repository/io/fabric8/kubernetes-model-resource/7.1.0/kubernetes-model-resource-7.1.0.jar:/home/runner/.m2/repository/io/fabric8/kubernetes-model-rbac/7.1.0/kubernetes-model-rbac-7.1.0.jar:/home/runner/.m2/repository/io/fabric8/kubernetes-model-admissionregistration/7.1.0/kubernetes-model-admissionregistration-7.1.0.jar:/home/runner/.m2/repository/io/fabric8/kubernetes-model-apps/7.1.0/kubernetes-model-apps-7.1.0.jar:/home/runner/.m2/repository/io/fabric8/kubernetes-model-autoscaling/7.1.0/kubernetes-model-autoscaling-7.1.0.jar:/home/runner/.m2/repository/io/fabric8/kubernetes-model-apiextensions/7.1.0/kubernetes-model-apiextensions-7.1.0.jar:/home/runner/.m2/repository/io/fabric8/kubernetes-model-batch/7.1.0/kubernetes-model-batch-7.1.0.jar:/home/runner/.m2/repository/io/fabric8/kubernetes-model-certificates/7.1.0/kubernetes-model-certificates-7.1.0.jar:/home/runner/.m2/repository/io/fabric8/kubernetes-model-coordination/7.1.0/kubernetes-model-coordination-7.1.0.jar:/home/runner/.m2/repository/io/fabric8/kubernetes-model-discovery/7.1.0/kubernetes-model-discovery-7.1.0.jar:/home/runner/.m2/repository/io/fabric8/kubernetes-model-events/7.1.0/kubernetes-model-events-7.1.0.jar:/home/runner/.m2/repository/io/fabric8/kubernetes-model-extensions/7.1.0/kubernetes-model-extensions-7.1.0.jar:/home/runner/.m2/repository/io/fabric8/kubernetes-model-flowcontrol/7.1.0/kubernetes-model-flowcontrol-7.1.0.jar:/home/runner/.m2/repository/io/fabric8/kubernetes-model-networking/7.1.0/kubernetes-model-networking-7.1.0.jar:/home/runner/.m2/repository/io/fabric8/kubernetes-model-metrics/7.1.0/kubernetes-model-metrics-7.1.0.jar:/home/runner/.m2/repository/io/fabric8/kubernetes-model-policy/7.1.0/kubernetes-model-policy-7.1.0.jar:/home/runner/.m2/repository/io/fabric8/kubernetes-model-scheduling/7.1.0/kubernetes-model-scheduling-7.1.0.jar:/home/runner/.m2/repository/io/fabric8/kubernetes-model-storageclass/7.1.0/kubernetes-model-storageclass-7.1.0.jar:/home/runner/.m2/repository/io/fabric8/kubernetes-model-node/7.1.0/kubernetes-model-node-7.1.0.jar:/home/runner/.m2/repository/org/snakeyaml/snakeyaml-engine/2.9/snakeyaml-engine-2.9.jar:/home/runner/.m2/repository/com/fasterxml/jackson/dataformat/jackson-dataformat-yaml/2.15.2/jackson-dataformat-yaml-2.15.2.jar:/home/runner/.m2/repository/com/fasterxml/jackson/datatype/jackson-datatype-jsr310/2.18.2/jackson-datatype-jsr310-2.18.2.jar:/home/runner/.m2/repository/io/fabric8/zjsonpatch/7.1.0/zjsonpatch-7.1.0.jar:/home/runner/.m2/repository/io/fabric8/kubernetes-httpclient-vertx/7.1.0/kubernetes-httpclient-vertx-7.1.0.jar:/home/runner/.m2/repository/io/vertx/vertx-web-client/4.5.14/vertx-web-client-4.5.14.jar:/home/runner/.m2/repository/io/vertx/vertx-web-common/4.5.14/vertx-web-common-4.5.14.jar:/home/runner/.m2/repository/io/vertx/vertx-auth-common/4.5.14/vertx-auth-common-4.5.14.jar:/home/runner/.m2/repository/io/vertx/vertx-uri-template/4.5.14/vertx-uri-template-4.5.14.jar:/home/runner/.m2/repository/io/fabric8/openshift-client/7.1.0/openshift-client-7.1.0.jar:/home/runner/.m2/repository/io/fabric8/openshift-client-api/7.1.0/openshift-client-api-7.1.0.jar:/home/runner/.m2/repository/io/fabric8/openshift-model/7.1.0/openshift-model-7.1.0.jar:/home/runner/.m2/repository/io/fabric8/openshift-model-autoscaling/7.1.0/openshift-model-autoscaling-7.1.0.jar:/home/runner/.m2/repository/io/fabric8/openshift-model-operator/7.1.0/openshift-model-operator-7.1.0.jar:/home/runner/.m2/repository/io/fabric8/openshift-model-operatorhub/7.1.0/openshift-model-operatorhub-7.1.0.jar:/home/runner/.m2/repository/io/fabric8/openshift-model-machine/7.1.0/openshift-model-machine-7.1.0.jar:/home/runner/.m2/repository/io/fabric8/openshift-model-whereabouts/7.1.0/openshift-model-whereabouts-7.1.0.jar:/home/runner/.m2/repository/io/fabric8/openshift-model-monitoring/7.1.0/openshift-model-monitoring-7.1.0.jar:/home/runner/.m2/repository/io/fabric8/openshift-model-storageversionmigrator/7.1.0/openshift-model-storageversionmigrator-7.1.0.jar:/home/runner/.m2/repository/io/fabric8/openshift-model-tuned/7.1.0/openshift-model-tuned-7.1.0.jar:/home/runner/.m2/repository/io/fabric8/openshift-model-console/7.1.0/openshift-model-console-7.1.0.jar:/home/runner/.m2/repository/io/fabric8/openshift-model-config/7.1.0/openshift-model-config-7.1.0.jar:/home/runner/.m2/repository/io/fabric8/openshift-model-machineconfiguration/7.1.0/openshift-model-machineconfiguration-7.1.0.jar:/home/runner/.m2/repository/io/fabric8/openshift-model-miscellaneous/7.1.0/openshift-model-miscellaneous-7.1.0.jar:/home/runner/.m2/repository/io/fabric8/openshift-model-hive/7.1.0/openshift-model-hive-7.1.0.jar:/home/runner/.m2/repository/io/fabric8/openshift-model-installer/7.1.0/openshift-model-installer-7.1.0.jar:/home/runner/.m2/repository/org/junit/platform/junit-platform-launcher/1.12.1/junit-platform-launcher-1.12.1.jar:/home/runner/.m2/repository/org/junit/platform/junit-platform-engine/1.12.1/junit-platform-engine-1.12.1.jar:/home/runner/.m2/repository/org/opentest4j/opentest4j/1.3.0/opentest4j-1.3.0.jar:/home/runner/.m2/repository/org/junit/platform/junit-platform-commons/1.12.1/junit-platform-commons-1.12.1.jar:/home/runner/.m2/repository/org/apiguardian/apiguardian-api/1.1.2/apiguardian-api-1.1.2.jar:/home/runner/.m2/repository/jakarta/ws/rs/jakarta.ws.rs-api/3.1.0/jakarta.ws.rs-api-3.1.0.jar:/home/runner/work/apicurio-testing/apicurio-testing/clusters/ci419/namespaces/postgresql/tests/integration/apicurio-registry/java-sdk/target/apicurio-registry-java-sdk-3.0.11-SNAPSHOT.jar:/home/runner/.m2/repository/com/microsoft/kiota/microsoft-kiota-abstractions/1.8.8/microsoft-kiota-abstractions-1.8.8.jar:/home/runner/.m2/repository/io/github/std-uritemplate/std-uritemplate/2.0.0/std-uritemplate-2.0.0.jar:/home/runner/.m2/repository/io/kiota/kiota-http-jdk/0.0.21/kiota-http-jdk-0.0.21.jar:/home/runner/.m2/repository/io/kiota/kiota-http-vertx/0.0.21/kiota-http-vertx-0.0.21.jar:/home/runner/.m2/repository/io/kiota/kiota-serialization-jackson/0.0.21/kiota-serialization-jackson-0.0.21.jar:/home/runner/.m2/repository/com/microsoft/kiota/microsoft-kiota-serialization-text/1.8.8/microsoft-kiota-serialization-text-1.8.8.jar:/home/runner/.m2/repository/com/microsoft/kiota/microsoft-kiota-serialization-form/1.8.8/microsoft-kiota-serialization-form-1.8.8.jar:/home/runner/.m2/repository/com/microsoft/kiota/microsoft-kiota-serialization-multipart/1.8.8/microsoft-kiota-serialization-multipart-1.8.8.jar:/home/runner/.m2/repository/jakarta/annotation/jakarta.annotation-api/3.0.0/jakarta.annotation-api-3.0.0.jar:/home/runner/.m2/repository/io/vertx/vertx-auth-oauth2/4.5.14/vertx-auth-oauth2-4.5.14.jar:/home/runner/work/apicurio-testing/apicurio-testing/clusters/ci419/namespaces/postgresql/tests/integration/apicurio-registry/java-sdk-v2/target/apicurio-registry-v2-java-sdk-3.0.11-SNAPSHOT.jar:/home/runner/work/apicurio-testing/apicurio-testing/clusters/ci419/namespaces/postgresql/tests/integration/apicurio-registry/utils/kafka/target/apicurio-registry-utils-kafka-3.0.11-SNAPSHOT-tests.jar:/home/runner/.m2/repository/org/eclipse/microprofile/config/microprofile-config-api/3.1/microprofile-config-api-3.1.jar:/home/runner/.m2/repository/org/apache/kafka/kafka-clients/3.9.1/kafka-clients-3.9.1.jar:/home/runner/.m2/repository/com/github/luben/zstd-jni/1.5.6-4/zstd-jni-1.5.6-4.jar:/home/runner/.m2/repository/org/lz4/lz4-java/1.8.0/lz4-java-1.8.0.jar:/home/runner/.m2/repository/org/xerial/snappy/snappy-java/1.1.10.5/snappy-java-1.1.10.5.jar:/home/runner/.m2/repository/org/slf4j/slf4j-api/2.0.6/slf4j-api-2.0.6.jar:/home/runner/work/apicurio-testing/apicurio-testing/clusters/ci419/namespaces/postgresql/tests/integration/apicurio-registry/utils/tests/target/apicurio-registry-utils-tests-3.0.11-SNAPSHOT.jar:/home/runner/work/apicurio-testing/apicurio-testing/clusters/ci419/namespaces/postgresql/tests/integration/apicurio-registry/common/target/apicurio-registry-common-3.0.11-SNAPSHOT.jar:/home/runner/.m2/repository/jakarta/validation/jakarta.validation-api/3.0.2/jakarta.validation-api-3.0.2.jar:/home/runner/.m2/repository/com/github/dasniko/testcontainers-keycloak/3.6.0/testcontainers-keycloak-3.6.0.jar:/home/runner/.m2/repository/org/testcontainers/testcontainers/1.20.6/testcontainers-1.20.6.jar:/home/runner/.m2/repository/org/rnorth/duct-tape/duct-tape/1.0.8/duct-tape-1.0.8.jar:/home/runner/.m2/repository/org/jetbrains/annotations/26.0.2/annotations-26.0.2.jar:/home/runner/.m2/repository/com/github/docker-java/docker-java-transport-zerodep/3.4.1/docker-java-transport-zerodep-3.4.1.jar:/home/runner/.m2/repository/com/github/docker-java/docker-java-transport/3.4.1/docker-java-transport-3.4.1.jar:/home/runner/.m2/repository/net/java/dev/jna/jna/5.8.0/jna-5.8.0.jar:/home/runner/.m2/repository/io/quarkus/quarkus-junit4-mock/3.20.1/quarkus-junit4-mock-3.20.1.jar:/home/runner/.m2/repository/org/jboss/shrinkwrap/shrinkwrap-api/2.0.0-beta-2/shrinkwrap-api-2.0.0-beta-2.jar:/home/runner/.m2/repository/org/jboss/shrinkwrap/shrinkwrap-impl-base/2.0.0-beta-2/shrinkwrap-impl-base-2.0.0-beta-2.jar:/home/runner/.m2/repository/org/jboss/shrinkwrap/shrinkwrap-spi/2.0.0-beta-2/shrinkwrap-spi-2.0.0-beta-2.jar:/home/runner/.m2/repository/org/keycloak/keycloak-admin-client/26.0.4/keycloak-admin-client-26.0.4.jar:/home/runner/.m2/repository/org/keycloak/keycloak-client-common-synced/26.0.4/keycloak-client-common-synced-26.0.4.jar:/home/runner/.m2/repository/jakarta/activation/jakarta.activation-api/2.1.3/jakarta.activation-api-2.1.3.jar:/home/runner/.m2/repository/org/eclipse/microprofile/openapi/microprofile-openapi-api/4.0.2/microprofile-openapi-api-4.0.2.jar:/home/runner/.m2/repository/org/jboss/resteasy/resteasy-client/6.2.12.Final/resteasy-client-6.2.12.Final.jar:/home/runner/.m2/repository/org/jboss/resteasy/resteasy-client-api/6.2.12.Final/resteasy-client-api-6.2.12.Final.jar:/home/runner/.m2/repository/org/jboss/resteasy/resteasy-core-spi/6.2.12.Final/resteasy-core-spi-6.2.12.Final.jar:/home/runner/.m2/repository/org/jboss/resteasy/resteasy-core/6.2.12.Final/resteasy-core-6.2.12.Final.jar:/home/runner/.m2/repository/org/eclipse/angus/angus-activation/2.0.2/angus-activation-2.0.2.jar:/home/runner/.m2/repository/com/ibm/async/asyncutil/0.1.0/asyncutil-0.1.0.jar:/home/runner/.m2/repository/org/reactivestreams/reactive-streams/1.0.4/reactive-streams-1.0.4.jar:/home/runner/.m2/repository/org/jboss/resteasy/resteasy-multipart-provider/6.2.12.Final/resteasy-multipart-provider-6.2.12.Final.jar:/home/runner/.m2/repository/jakarta/mail/jakarta.mail-api/2.1.3/jakarta.mail-api-2.1.3.jar:/home/runner/.m2/repository/org/eclipse/angus/angus-mail/2.0.3/angus-mail-2.0.3.jar:/home/runner/.m2/repository/org/apache/james/apache-mime4j-dom/0.8.12/apache-mime4j-dom-0.8.12.jar:/home/runner/.m2/repository/org/apache/james/apache-mime4j-core/0.8.12/apache-mime4j-core-0.8.12.jar:/home/runner/.m2/repository/org/apache/james/apache-mime4j-storage/0.8.12/apache-mime4j-storage-0.8.12.jar:/home/runner/.m2/repository/org/jboss/resteasy/resteasy-jackson2-provider/6.2.12.Final/resteasy-jackson2-provider-6.2.12.Final.jar:/home/runner/.m2/repository/com/fasterxml/jackson/jakarta/rs/jackson-jakarta-rs-base/2.18.2/jackson-jakarta-rs-base-2.18.2.jar:/home/runner/.m2/repository/com/fasterxml/jackson/jakarta/rs/jackson-jakarta-rs-json-provider/2.18.2/jackson-jakarta-rs-json-provider-2.18.2.jar:/home/runner/.m2/repository/com/fasterxml/jackson/module/jackson-module-jakarta-xmlbind-annotations/2.18.2/jackson-module-jakarta-xmlbind-annotations-2.18.2.jar:/home/runner/.m2/repository/com/github/java-json-tools/json-patch/1.13/json-patch-1.13.jar:/home/runner/.m2/repository/com/github/java-json-tools/msg-simple/1.2/msg-simple-1.2.jar:/home/runner/.m2/repository/com/github/java-json-tools/btf/1.3/btf-1.3.jar:/home/runner/.m2/repository/com/github/java-json-tools/jackson-coreutils/2.0/jackson-coreutils-2.0.jar:/home/runner/.m2/repository/org/jboss/resteasy/resteasy-jaxb-provider/6.2.12.Final/resteasy-jaxb-provider-6.2.12.Final.jar:/home/runner/.m2/repository/org/glassfish/jaxb/codemodel/4.0.5/codemodel-4.0.5.jar:/home/runner/.m2/repository/org/glassfish/jaxb/jaxb-core/4.0.5/jaxb-core-4.0.5.jar:/home/runner/.m2/repository/org/glassfish/jaxb/jaxb-jxc/4.0.5/jaxb-jxc-4.0.5.jar:/home/runner/.m2/repository/org/glassfish/jaxb/jaxb-runtime/4.0.5/jaxb-runtime-4.0.5.jar:/home/runner/.m2/repository/org/glassfish/jaxb/txw2/4.0.5/txw2-4.0.5.jar:/home/runner/.m2/repository/org/glassfish/jaxb/jaxb-xjc/4.0.5/jaxb-xjc-4.0.5.jar:/home/runner/.m2/repository/org/glassfish/jaxb/xsom/4.0.5/xsom-4.0.5.jar:/home/runner/.m2/repository/com/sun/istack/istack-commons-runtime/4.1.2/istack-commons-runtime-4.1.2.jar:/home/runner/.m2/repository/com/sun/istack/istack-commons-tools/4.1.2/istack-commons-tools-4.1.2.jar:/home/runner/.m2/repository/com/sun/xml/bind/external/relaxng-datatype/4.0.5/relaxng-datatype-4.0.5.jar:/home/runner/.m2/repository/com/sun/xml/bind/external/rngom/4.0.5/rngom-4.0.5.jar:/home/runner/.m2/repository/org/testcontainers/mssqlserver/1.20.6/mssqlserver-1.20.6.jar:/home/runner/.m2/repository/org/testcontainers/jdbc/1.20.6/jdbc-1.20.6.jar:/home/runner/.m2/repository/org/testcontainers/database-commons/1.20.6/database-commons-1.20.6.jar:/home/runner/.m2/repository/org/testcontainers/mysql/1.20.6/mysql-1.20.6.jar:/home/runner/.m2/repository/io/strimzi/strimzi-test-container/0.107.0/strimzi-test-container-0.107.0.jar:/home/runner/.m2/repository/org/testcontainers/toxiproxy/1.20.6/toxiproxy-1.20.6.jar:/home/runner/.m2/repository/com/github/docker-java/docker-java-api/3.4.1/docker-java-api-3.4.1.jar:/home/runner/.m2/repository/eu/rekawek/toxiproxy/toxiproxy-java/2.1.7/toxiproxy-java-2.1.7.jar:/home/runner/.m2/repository/junit/junit/4.13.2/junit-4.13.2.jar:/home/runner/.m2/repository/org/hamcrest/hamcrest-core/1.3/hamcrest-core-1.3.jar:/home/runner/.m2/repository/org/testcontainers/pulsar/1.20.4/pulsar-1.20.4.jar:/home/runner/.m2/repository/io/debezium/debezium-testing-testcontainers/2.6.2.Final/debezium-testing-testcontainers-2.6.2.Final.jar:/home/runner/.m2/repository/org/testcontainers/kafka/1.20.6/kafka-1.20.6.jar:/home/runner/.m2/repository/com/squareup/okhttp3/okhttp/4.8.1/okhttp-4.8.1.jar:/home/runner/.m2/repository/com/squareup/okio/okio/3.10.2/okio-3.10.2.jar:/home/runner/.m2/repository/com/squareup/okio/okio-jvm/3.10.2/okio-jvm-3.10.2.jar:/home/runner/.m2/repository/org/jetbrains/kotlin/kotlin-stdlib/2.0.21/kotlin-stdlib-2.0.21.jar:/home/runner/.m2/repository/org/awaitility/awaitility/4.2.2/awaitility-4.2.2.jar:/home/runner/.m2/repository/org/testcontainers/mongodb/1.20.6/mongodb-1.20.6.jar:/home/runner/.m2/repository/org/testcontainers/oracle-xe/1.20.6/oracle-xe-1.20.6.jar:/home/runner/.m2/repository/org/testcontainers/postgresql/1.20.6/postgresql-1.20.6.jar:/home/runner/.m2/repository/org/wiremock/wiremock/3.0.1/wiremock-3.0.1.jar:/home/runner/.m2/repository/org/eclipse/jetty/jetty-server/11.0.15/jetty-server-11.0.15.jar:/home/runner/.m2/repository/org/eclipse/jetty/toolchain/jetty-jakarta-servlet-api/5.0.2/jetty-jakarta-servlet-api-5.0.2.jar:/home/runner/.m2/repository/org/eclipse/jetty/jetty-http/11.0.15/jetty-http-11.0.15.jar:/home/runner/.m2/repository/org/eclipse/jetty/jetty-io/11.0.15/jetty-io-11.0.15.jar:/home/runner/.m2/repository/org/eclipse/jetty/jetty-servlet/11.0.15/jetty-servlet-11.0.15.jar:/home/runner/.m2/repository/org/eclipse/jetty/jetty-security/11.0.15/jetty-security-11.0.15.jar:/home/runner/.m2/repository/org/eclipse/jetty/jetty-servlets/11.0.15/jetty-servlets-11.0.15.jar:/home/runner/.m2/repository/org/eclipse/jetty/jetty-util/11.0.15/jetty-util-11.0.15.jar:/home/runner/.m2/repository/org/eclipse/jetty/jetty-webapp/11.0.15/jetty-webapp-11.0.15.jar:/home/runner/.m2/repository/org/eclipse/jetty/jetty-xml/11.0.15/jetty-xml-11.0.15.jar:/home/runner/.m2/repository/org/eclipse/jetty/jetty-proxy/11.0.15/jetty-proxy-11.0.15.jar:/home/runner/.m2/repository/org/eclipse/jetty/jetty-client/11.0.15/jetty-client-11.0.15.jar:/home/runner/.m2/repository/org/eclipse/jetty/http2/http2-server/11.0.15/http2-server-11.0.15.jar:/home/runner/.m2/repository/org/eclipse/jetty/http2/http2-common/11.0.15/http2-common-11.0.15.jar:/home/runner/.m2/repository/org/eclipse/jetty/http2/http2-hpack/11.0.15/http2-hpack-11.0.15.jar:/home/runner/.m2/repository/org/eclipse/jetty/jetty-alpn-server/11.0.15/jetty-alpn-server-11.0.15.jar:/home/runner/.m2/repository/org/eclipse/jetty/jetty-alpn-java-server/11.0.15/jetty-alpn-java-server-11.0.15.jar:/home/runner/.m2/repository/org/eclipse/jetty/jetty-alpn-java-client/11.0.15/jetty-alpn-java-client-11.0.15.jar:/home/runner/.m2/repository/org/eclipse/jetty/jetty-alpn-client/11.0.15/jetty-alpn-client-11.0.15.jar:/home/runner/.m2/repository/org/apache/httpcomponents/client5/httpclient5/5.2.1/httpclient5-5.2.1.jar:/home/runner/.m2/repository/org/apache/httpcomponents/core5/httpcore5/5.2/httpcore5-5.2.jar:/home/runner/.m2/repository/org/apache/httpcomponents/core5/httpcore5-h2/5.2/httpcore5-h2-5.2.jar:/home/runner/.m2/repository/org/xmlunit/xmlunit-core/2.9.1/xmlunit-core-2.9.1.jar:/home/runner/.m2/repository/jakarta/xml/bind/jakarta.xml.bind-api/4.0.2/jakarta.xml.bind-api-4.0.2.jar:/home/runner/.m2/repository/org/xmlunit/xmlunit-legacy/2.9.1/xmlunit-legacy-2.9.1.jar:/home/runner/.m2/repository/org/xmlunit/xmlunit-placeholders/2.9.1/xmlunit-placeholders-2.9.1.jar:/home/runner/.m2/repository/net/javacrumbs/json-unit/json-unit-core/2.38.0/json-unit-core-2.38.0.jar:/home/runner/.m2/repository/com/jayway/jsonpath/json-path/2.8.0/json-path-2.8.0.jar:/home/runner/.m2/repository/net/minidev/json-smart/2.4.10/json-smart-2.4.10.jar:/home/runner/.m2/repository/net/minidev/accessors-smart/2.4.9/accessors-smart-2.4.9.jar:/home/runner/.m2/repository/org/ow2/asm/asm/9.7.1/asm-9.7.1.jar:/home/runner/.m2/repository/net/sf/jopt-simple/jopt-simple/5.0.4/jopt-simple-5.0.4.jar:/home/runner/.m2/repository/com/github/jknack/handlebars/4.3.1/handlebars-4.3.1.jar:/home/runner/.m2/repository/com/github/jknack/handlebars-helpers/4.3.1/handlebars-helpers-4.3.1.jar:/home/runner/.m2/repository/commons-fileupload/commons-fileupload/1.5/commons-fileupload-1.5.jar:/home/runner/.m2/repository/com/networknt/json-schema-validator/1.5.5/json-schema-validator-1.5.5.jar:/home/runner/.m2/repository/com/ethlo/time/itu/1.10.3/itu-1.10.3.jar:/home/runner/.m2/repository/io/quarkus/quarkus-smallrye-jwt-build/3.20.1/quarkus-smallrye-jwt-build-3.20.1.jar:/home/runner/.m2/repository/io/smallrye/smallrye-jwt-build/4.6.1/smallrye-jwt-build-4.6.1.jar:/home/runner/.m2/repository/org/eclipse/microprofile/jwt/microprofile-jwt-auth-api/2.1/microprofile-jwt-auth-api-2.1.jar:/home/runner/.m2/repository/org/bitbucket/b_c/jose4j/0.9.6/jose4j-0.9.6.jar:/home/runner/.m2/repository/io/smallrye/smallrye-jwt-common/4.6.1/smallrye-jwt-common-4.6.1.jar:/home/runner/.m2/repository/io/quarkus/quarkus-jsonp/3.20.1/quarkus-jsonp-3.20.1.jar:/home/runner/.m2/repository/io/quarkus/quarkus-arc/3.20.1/quarkus-arc-3.20.1.jar:/home/runner/.m2/repository/io/quarkus/arc/arc/3.20.1/arc-3.20.1.jar:/home/runner/.m2/repository/jakarta/transaction/jakarta.transaction-api/2.0.1/jakarta.transaction-api-2.0.1.jar:/home/runner/.m2/repository/io/smallrye/reactive/mutiny/2.8.0/mutiny-2.8.0.jar:/home/runner/.m2/repository/org/jctools/jctools-core/4.0.5/jctools-core-4.0.5.jar:/home/runner/.m2/repository/org/eclipse/microprofile/context-propagation/microprofile-context-propagation-api/1.3/microprofile-context-propagation-api-1.3.jar:/home/runner/.m2/repository/io/apicurio/apicurio-common-rest-client-common/0.1.18.Final/apicurio-common-rest-client-common-0.1.18.Final.jar:/home/runner/work/apicurio-testing/apicurio-testing/clusters/ci419/namespaces/postgresql/tests/integration/apicurio-registry/utils/maven-plugin/target/apicurio-registry-maven-plugin-3.0.11-SNAPSHOT.jar:/home/runner/.m2/repository/com/fasterxml/jackson/core/jackson-databind/2.18.2/jackson-databind-2.18.2.jar:/home/runner/.m2/repository/org/apache/avro/avro/1.12.0/avro-1.12.0.jar:/home/runner/.m2/repository/com/google/protobuf/protobuf-java/4.31.1/protobuf-java-4.31.1.jar:/home/runner/.m2/repository/com/google/protobuf/protobuf-java-util/4.31.1/protobuf-java-util-4.31.1.jar:/home/runner/.m2/repository/com/google/code/findbugs/jsr305/3.0.2/jsr305-3.0.2.jar:/home/runner/.m2/repository/com/google/code/gson/gson/2.12.1/gson-2.12.1.jar:/home/runner/.m2/repository/com/google/errorprone/error_prone_annotations/2.36.0/error_prone_annotations-2.36.0.jar:/home/runner/.m2/repository/com/google/j2objc/j2objc-annotations/2.8/j2objc-annotations-2.8.jar:/home/runner/work/apicurio-testing/apicurio-testing/clusters/ci419/namespaces/postgresql/tests/integration/apicurio-registry/schema-util/util-provider/target/apicurio-registry-schema-util-provider-3.0.11-SNAPSHOT.jar:/home/runner/work/apicurio-testing/apicurio-testing/clusters/ci419/namespaces/postgresql/tests/integration/apicurio-registry/schema-util/common/target/apicurio-registry-schema-util-common-3.0.11-SNAPSHOT.jar:/home/runner/.m2/repository/com/fasterxml/jackson/module/jackson-module-parameter-names/2.18.2/jackson-module-parameter-names-2.18.2.jar:/home/runner/.m2/repository/com/fasterxml/jackson/datatype/jackson-datatype-json-org/2.18.2/jackson-datatype-json-org-2.18.2.jar:/home/runner/work/apicurio-testing/apicurio-testing/clusters/ci419/namespaces/postgresql/tests/integration/apicurio-registry/schema-util/json/target/apicurio-registry-schema-util-json-3.0.11-SNAPSHOT.jar:/home/runner/.m2/repository/com/github/erosb/everit-json-schema/1.14.5/everit-json-schema-1.14.5.jar:/home/runner/.m2/repository/commons-validator/commons-validator/1.9.0/commons-validator-1.9.0.jar:/home/runner/.m2/repository/commons-digester/commons-digester/2.1/commons-digester-2.1.jar:/home/runner/.m2/repository/commons-collections/commons-collections/3.2.2/commons-collections-3.2.2.jar:/home/runner/.m2/repository/com/damnhandy/handy-uri-templates/2.1.8/handy-uri-templates-2.1.8.jar:/home/runner/.m2/repository/joda-time/joda-time/2.10.2/joda-time-2.10.2.jar:/home/runner/.m2/repository/com/github/erosb/json-sKema/0.20.0/json-sKema-0.20.0.jar:/home/runner/.m2/repository/io/vertx/vertx-json-schema/4.5.14/vertx-json-schema-4.5.14.jar:/home/runner/work/apicurio-testing/apicurio-testing/clusters/ci419/namespaces/postgresql/tests/integration/apicurio-registry/schema-util/protobuf/target/apicurio-registry-schema-util-protobuf-3.0.11-SNAPSHOT.jar:/home/runner/work/apicurio-testing/apicurio-testing/clusters/ci419/namespaces/postgresql/tests/integration/apicurio-registry/utils/protobuf-schema-utilities/target/apicurio-registry-protobuf-schema-utilities-3.0.11-SNAPSHOT.jar:/home/runner/.m2/repository/com/google/api/grpc/proto-google-common-protos/2.52.0/proto-google-common-protos-2.52.0.jar:/home/runner/.m2/repository/com/squareup/wire/wire-schema-jvm/5.3.3/wire-schema-jvm-5.3.3.jar:/home/runner/.m2/repository/com/palantir/javapoet/javapoet/0.6.0/javapoet-0.6.0.jar:/home/runner/.m2/repository/com/squareup/kotlinpoet-jvm/2.0.0/kotlinpoet-jvm-2.0.0.jar:/home/runner/.m2/repository/org/jetbrains/kotlin/kotlin-reflect/2.0.21/kotlin-reflect-2.0.21.jar:/home/runner/.m2/repository/com/squareup/wire/wire-runtime-jvm/5.3.3/wire-runtime-jvm-5.3.3.jar:/home/runner/.m2/repository/com/ibm/icu/icu4j/76.1/icu4j-76.1.jar:/home/runner/.m2/repository/com/squareup/okio/okio-fakefilesystem/3.10.2/okio-fakefilesystem-3.10.2.jar:/home/runner/.m2/repository/com/squareup/okio/okio-fakefilesystem-jvm/3.10.2/okio-fakefilesystem-jvm-3.10.2.jar:/home/runner/.m2/repository/org/jetbrains/kotlinx/kotlinx-datetime-jvm/0.6.1/kotlinx-datetime-jvm-0.6.1.jar:/home/runner/work/apicurio-testing/apicurio-testing/clusters/ci419/namespaces/postgresql/tests/integration/apicurio-registry/schema-util/asyncapi/target/apicurio-registry-schema-util-asyncapi-3.0.11-SNAPSHOT.jar:/home/runner/work/apicurio-testing/apicurio-testing/clusters/ci419/namespaces/postgresql/tests/integration/apicurio-registry/schema-util/avro/target/apicurio-registry-schema-util-avro-3.0.11-SNAPSHOT.jar:/home/runner/work/apicurio-testing/apicurio-testing/clusters/ci419/namespaces/postgresql/tests/integration/apicurio-registry/schema-util/graphql/target/apicurio-registry-schema-util-graphql-3.0.11-SNAPSHOT.jar:/home/runner/.m2/repository/com/graphql-java/graphql-java/22.3/graphql-java-22.3.jar:/home/runner/.m2/repository/com/graphql-java/java-dataloader/3.3.0/java-dataloader-3.3.0.jar:/home/runner/work/apicurio-testing/apicurio-testing/clusters/ci419/namespaces/postgresql/tests/integration/apicurio-registry/schema-util/kconnect/target/apicurio-registry-schema-util-kconnect-3.0.11-SNAPSHOT.jar:/home/runner/work/apicurio-testing/apicurio-testing/clusters/ci419/namespaces/postgresql/tests/integration/apicurio-registry/schema-util/openapi/target/apicurio-registry-schema-util-openapi-3.0.11-SNAPSHOT.jar:/home/runner/.m2/repository/io/apicurio/apicurio-data-models/2.2.1/apicurio-data-models-2.2.1.jar:/home/runner/.m2/repository/org/openapitools/openapidiff/openapi-diff-core/2.1.2/openapi-diff-core-2.1.2.jar:/home/runner/.m2/repository/io/swagger/parser/v3/swagger-parser/2.1.28/swagger-parser-2.1.28.jar:/home/runner/.m2/repository/io/swagger/parser/v3/swagger-parser-v2-converter/2.1.28/swagger-parser-v2-converter-2.1.28.jar:/home/runner/.m2/repository/io/swagger/swagger-core/1.6.16/swagger-core-1.6.16.jar:/home/runner/.m2/repository/io/swagger/swagger-models/1.6.16/swagger-models-1.6.16.jar:/home/runner/.m2/repository/io/swagger/swagger-annotations/1.6.16/swagger-annotations-1.6.16.jar:/home/runner/.m2/repository/io/swagger/swagger-parser/1.0.75/swagger-parser-1.0.75.jar:/home/runner/.m2/repository/io/swagger/swagger-parser-safe-url-resolver/1.0.75/swagger-parser-safe-url-resolver-1.0.75.jar:/home/runner/.m2/repository/io/swagger/swagger-compat-spec-parser/1.0.75/swagger-compat-spec-parser-1.0.75.jar:/home/runner/.m2/repository/com/github/java-json-tools/json-schema-validator/2.2.14/json-schema-validator-2.2.14.jar:/home/runner/.m2/repository/com/github/java-json-tools/jackson-coreutils-equivalence/1.0/jackson-coreutils-equivalence-1.0.jar:/home/runner/.m2/repository/com/github/java-json-tools/json-schema-core/1.2.14/json-schema-core-1.2.14.jar:/home/runner/.m2/repository/com/github/java-json-tools/uri-template/0.10/uri-template-0.10.jar:/home/runner/.m2/repository/com/googlecode/libphonenumber/libphonenumber/8.11.1/libphonenumber-8.11.1.jar:/home/runner/.m2/repository/com/j2html/j2html/1.6.0/j2html-1.6.0.jar:/home/runner/.m2/repository/org/apache/commons/commons-collections4/4.5.0/commons-collections4-4.5.0.jar:/home/runner/.m2/repository/org/apache/commons/commons-configuration2/2.12.0/commons-configuration2-2.12.0.jar:/home/runner/.m2/repository/org/apache/commons/commons-text/1.13.0/commons-text-1.13.0.jar:/home/runner/.m2/repository/org/slf4j/jcl-over-slf4j/2.0.17/jcl-over-slf4j-2.0.17.jar:/home/runner/.m2/repository/io/swagger/parser/v3/swagger-parser-v3/2.1.30/swagger-parser-v3-2.1.30.jar:/home/runner/.m2/repository/io/swagger/core/v3/swagger-models/2.2.34/swagger-models-2.2.34.jar:/home/runner/.m2/repository/io/swagger/core/v3/swagger-core/2.2.34/swagger-core-2.2.34.jar:/home/runner/.m2/repository/io/swagger/parser/v3/swagger-parser-core/2.1.30/swagger-parser-core-2.1.30.jar:/home/runner/.m2/repository/io/swagger/parser/v3/swagger-parser-safe-url-resolver/2.1.30/swagger-parser-safe-url-resolver-2.1.30.jar:/home/runner/work/apicurio-testing/apicurio-testing/clusters/ci419/namespaces/postgresql/tests/integration/apicurio-registry/schema-util/wsdl/target/apicurio-registry-schema-util-wsdl-3.0.11-SNAPSHOT.jar:/home/runner/.m2/repository/wsdl4j/wsdl4j/1.6.3/wsdl4j-1.6.3.jar:/home/runner/work/apicurio-testing/apicurio-testing/clusters/ci419/namespaces/postgresql/tests/integration/apicurio-registry/schema-util/xml/target/apicurio-registry-schema-util-xml-3.0.11-SNAPSHOT.jar:/home/runner/.m2/repository/org/apache/santuario/xmlsec/4.0.3/xmlsec-4.0.3.jar:/home/runner/.m2/repository/com/fasterxml/woodstox/woodstox-core/7.1.0/woodstox-core-7.1.0.jar:/home/runner/.m2/repository/org/codehaus/woodstox/stax2-api/4.2.2/stax2-api-4.2.2.jar:/home/runner/work/apicurio-testing/apicurio-testing/clusters/ci419/namespaces/postgresql/tests/integration/apicurio-registry/schema-util/xsd/target/apicurio-registry-schema-util-xsd-3.0.11-SNAPSHOT.jar:/home/runner/work/apicurio-testing/apicurio-testing/clusters/ci419/namespaces/postgresql/tests/integration/apicurio-registry/serdes/kafka/jsonschema-serde/target/apicurio-registry-jsonschema-serde-kafka-3.0.11-SNAPSHOT.jar:/home/runner/work/apicurio-testing/apicurio-testing/clusters/ci419/namespaces/postgresql/tests/integration/apicurio-registry/serdes/kafka/serde-kafka-common/target/apicurio-registry-serde-kafka-common-3.0.11-SNAPSHOT.jar:/home/runner/work/apicurio-testing/apicurio-testing/clusters/ci419/namespaces/postgresql/tests/integration/apicurio-registry/serdes/generic/serde-common/target/apicurio-registry-serde-common-3.0.11-SNAPSHOT.jar:/home/runner/work/apicurio-testing/apicurio-testing/clusters/ci419/namespaces/postgresql/tests/integration/apicurio-registry/serdes/generic/serde-common-jsonschema/target/apicurio-registry-serde-common-jsonschema-3.0.11-SNAPSHOT.jar:/home/runner/.m2/repository/org/json/json/20250107/json-20250107.jar:/home/runner/work/apicurio-testing/apicurio-testing/clusters/ci419/namespaces/postgresql/tests/integration/apicurio-registry/serdes/kafka/avro-serde/target/apicurio-registry-avro-serde-kafka-3.0.11-SNAPSHOT.jar:/home/runner/work/apicurio-testing/apicurio-testing/clusters/ci419/namespaces/postgresql/tests/integration/apicurio-registry/serdes/generic/serde-common-avro/target/apicurio-registry-serde-common-avro-3.0.11-SNAPSHOT.jar:/home/runner/work/apicurio-testing/apicurio-testing/clusters/ci419/namespaces/postgresql/tests/integration/apicurio-registry/serdes/kafka/protobuf-serde/target/apicurio-registry-protobuf-serde-kafka-3.0.11-SNAPSHOT.jar:/home/runner/work/apicurio-testing/apicurio-testing/clusters/ci419/namespaces/postgresql/tests/integration/apicurio-registry/serdes/generic/serde-common-protobuf/target/apicurio-registry-serde-common-protobuf-3.0.11-SNAPSHOT.jar:/home/runner/.m2/repository/com/squareup/wire/wire-schema/5.3.3/wire-schema-5.3.3.jar:/home/runner/.m2/repository/com/squareup/wire/wire-runtime/5.3.3/wire-runtime-5.3.3.jar:/home/runner/work/apicurio-testing/apicurio-testing/clusters/ci419/namespaces/postgresql/tests/integration/apicurio-registry/serdes/pulsar/avro-serde/target/apicurio-registry-avro-serde-pulsar-3.0.11-SNAPSHOT.jar:/home/runner/.m2/repository/org/apache/pulsar/pulsar-functions-api/3.3.4/pulsar-functions-api-3.3.4.jar:/home/runner/work/apicurio-testing/apicurio-testing/clusters/ci419/namespaces/postgresql/tests/integration/apicurio-registry/serdes/nats/avro-serde/target/apicurio-registry-avro-serde-nats-3.0.11-SNAPSHOT.jar:/home/runner/.m2/repository/io/nats/jnats/2.20.5/jnats-2.20.5.jar:/home/runner/.m2/repository/net/i2p/crypto/eddsa/0.3.0/eddsa-0.3.0.jar:/home/runner/work/apicurio-testing/apicurio-testing/clusters/ci419/namespaces/postgresql/tests/integration/apicurio-registry/utils/converter/target/apicurio-registry-utils-converter-3.0.11-SNAPSHOT.jar:/home/runner/work/apicurio-testing/apicurio-testing/clusters/ci419/namespaces/postgresql/tests/integration/apicurio-registry/schema-resolver/target/apicurio-registry-schema-resolver-3.0.11-SNAPSHOT.jar:/home/runner/.m2/repository/org/apache/kafka/connect-api/3.9.1/connect-api-3.9.1.jar:/home/runner/.m2/repository/javax/ws/rs/javax.ws.rs-api/2.1.1/javax.ws.rs-api-2.1.1.jar:/home/runner/.m2/repository/org/apache/kafka/connect-json/3.9.1/connect-json-3.9.1.jar:/home/runner/.m2/repository/com/fasterxml/jackson/datatype/jackson-datatype-jdk8/2.18.2/jackson-datatype-jdk8-2.18.2.jar:/home/runner/.m2/repository/com/fasterxml/jackson/module/jackson-module-afterburner/2.18.2/jackson-module-afterburner-2.18.2.jar:/home/runner/work/apicurio-testing/apicurio-testing/clusters/ci419/namespaces/postgresql/tests/integration/apicurio-registry/utils/kafka/target/apicurio-registry-utils-kafka-3.0.11-SNAPSHOT.jar:/home/runner/.m2/repository/org/apache/pulsar/pulsar-client/3.3.4/pulsar-client-3.3.4.jar:/home/runner/.m2/repository/org/apache/pulsar/pulsar-client-api/3.3.4/pulsar-client-api-3.3.4.jar:/home/runner/.m2/repository/org/apache/pulsar/pulsar-client-admin-api/3.3.4/pulsar-client-admin-api-3.3.4.jar:/home/runner/.m2/repository/org/apache/pulsar/bouncy-castle-bc/3.3.4/bouncy-castle-bc-3.3.4-pkg.jar:/home/runner/.m2/repository/org/bouncycastle/bcpkix-jdk18on/1.80/bcpkix-jdk18on-1.80.jar:/home/runner/.m2/repository/org/bouncycastle/bcutil-jdk18on/1.80/bcutil-jdk18on-1.80.jar:/home/runner/.m2/repository/org/bouncycastle/bcprov-jdk18on/1.80/bcprov-jdk18on-1.80.jar:/home/runner/.m2/repository/io/opentelemetry/opentelemetry-api/1.44.1/opentelemetry-api-1.44.1.jar:/home/runner/.m2/repository/io/opentelemetry/opentelemetry-context/1.44.1/opentelemetry-context-1.44.1.jar:/home/runner/.m2/repository/io/opentelemetry/opentelemetry-api-incubator/1.44.1-alpha/opentelemetry-api-incubator-1.44.1-alpha.jar:/home/runner/.m2/repository/com/fasterxml/jackson/core/jackson-annotations/2.18.2/jackson-annotations-2.18.2.jar:/home/runner/.m2/repository/javax/validation/validation-api/1.1.0.Final/validation-api-1.1.0.Final.jar:/home/runner/.m2/repository/io/confluent/kafka-avro-serializer/8.0.0/kafka-avro-serializer-8.0.0.jar:/home/runner/.m2/repository/org/apache/commons/commons-compress/1.27.1/commons-compress-1.27.1.jar:/home/runner/.m2/repository/io/confluent/kafka-schema-serializer/8.0.0/kafka-schema-serializer-8.0.0.jar:/home/runner/.m2/repository/com/fasterxml/jackson/dataformat/jackson-dataformat-csv/2.18.2/jackson-dataformat-csv-2.18.2.jar:/home/runner/.m2/repository/io/confluent/kafka-schema-registry-client/8.0.0/kafka-schema-registry-client-8.0.0.jar:/home/runner/.m2/repository/org/yaml/snakeyaml/2.3/snakeyaml-2.3.jar:/home/runner/.m2/repository/io/swagger/core/v3/swagger-annotations/2.2.29/swagger-annotations-2.2.29.jar:/home/runner/.m2/repository/com/google/guava/guava/33.4.0-jre/guava-33.4.0-jre.jar:/home/runner/.m2/repository/com/google/guava/failureaccess/1.0.1/failureaccess-1.0.1.jar:/home/runner/.m2/repository/org/checkerframework/checker-qual/3.49.0/checker-qual-3.49.0.jar:/home/runner/.m2/repository/io/confluent/logredactor/1.0.13/logredactor-1.0.13.jar:/home/runner/.m2/repository/com/google/re2j/re2j/1.6/re2j-1.6.jar:/home/runner/.m2/repository/io/confluent/logredactor-metrics/1.0.13/logredactor-metrics-1.0.13.jar:/home/runner/.m2/repository/com/eclipsesource/minimal-json/minimal-json/0.9.5/minimal-json-0.9.5.jar:/home/runner/.m2/repository/io/confluent/common-utils/8.0.0/common-utils-8.0.0.jar:/home/runner/.m2/repository/io/confluent/kafka-connect-avro-converter/8.0.0/kafka-connect-avro-converter-8.0.0.jar:/home/runner/.m2/repository/io/confluent/kafka-connect-avro-data/8.0.0/kafka-connect-avro-data-8.0.0.jar:/home/runner/.m2/repository/io/confluent/kafka-schema-converter/8.0.0/kafka-schema-converter-8.0.0.jar:/home/runner/.m2/repository/io/rest-assured/rest-assured/5.5.1/rest-assured-5.5.1.jar:/home/runner/.m2/repository/org/apache/groovy/groovy/4.0.22/groovy-4.0.22.jar:/home/runner/.m2/repository/org/apache/groovy/groovy-xml/4.0.22/groovy-xml-4.0.22.jar:/home/runner/.m2/repository/org/apache/httpcomponents/httpclient/4.5.14/httpclient-4.5.14.jar:/home/runner/.m2/repository/org/apache/httpcomponents/httpcore/4.4.16/httpcore-4.4.16.jar:/home/runner/.m2/repository/org/apache/httpcomponents/httpmime/4.5.14/httpmime-4.5.14.jar:/home/runner/.m2/repository/org/hamcrest/hamcrest/2.2/hamcrest-2.2.jar:/home/runner/.m2/repository/org/ccil/cowan/tagsoup/tagsoup/1.2.1/tagsoup-1.2.1.jar:/home/runner/.m2/repository/io/rest-assured/json-path/5.5.1/json-path-5.5.1.jar:/home/runner/.m2/repository/org/apache/groovy/groovy-json/4.0.22/groovy-json-4.0.22.jar:/home/runner/.m2/repository/io/rest-assured/rest-assured-common/5.5.1/rest-assured-common-5.5.1.jar:/home/runner/.m2/repository/io/rest-assured/xml-path/5.5.1/xml-path-5.5.1.jar:/home/runner/.m2/repository/io/zonky/test/embedded-postgres/2.1.0/embedded-postgres-2.1.0.jar:/home/runner/.m2/repository/io/zonky/test/postgres/embedded-postgres-binaries-windows-amd64/14.15.0/embedded-postgres-binaries-windows-amd64-14.15.0.jar:/home/runner/.m2/repository/io/zonky/test/postgres/embedded-postgres-binaries-darwin-amd64/14.15.0/embedded-postgres-binaries-darwin-amd64-14.15.0.jar:/home/runner/.m2/repository/io/zonky/test/postgres/embedded-postgres-binaries-linux-amd64/14.15.0/embedded-postgres-binaries-linux-amd64-14.15.0.jar:/home/runner/.m2/repository/io/zonky/test/postgres/embedded-postgres-binaries-linux-amd64-alpine/14.15.0/embedded-postgres-binaries-linux-amd64-alpine-14.15.0.jar:/home/runner/.m2/repository/org/apache/commons/commons-lang3/3.17.0/commons-lang3-3.17.0.jar:/home/runner/.m2/repository/org/tukaani/xz/1.10/xz-1.10.jar:/home/runner/.m2/repository/commons-codec/commons-codec/1.18.0/commons-codec-1.18.0.jar:/home/runner/.m2/repository/org/postgresql/postgresql/42.7.5/postgresql-42.7.5.jar:/home/runner/.m2/repository/commons-io/commons-io/2.18.0/commons-io-2.18.0.jar:/home/runner/work/apicurio-testing/apicurio-testing/clusters/ci419/namespaces/postgresql/tests/integration/apicurio-registry/utils/importexport/target/apicurio-registry-utils-import-export-3.0.11-SNAPSHOT.jar:/home/runner/.m2/repository/io/vertx/vertx-core/4.5.14/vertx-core-4.5.14.jar:/home/runner/.m2/repository/io/netty/netty-common/4.1.119.Final/netty-common-4.1.119.Final.jar:/home/runner/.m2/repository/io/netty/netty-buffer/4.1.119.Final/netty-buffer-4.1.119.Final.jar:/home/runner/.m2/repository/io/netty/netty-transport/4.1.119.Final/netty-transport-4.1.119.Final.jar:/home/runner/.m2/repository/io/netty/netty-handler/4.1.119.Final/netty-handler-4.1.119.Final.jar:/home/runner/.m2/repository/io/netty/netty-transport-native-unix-common/4.1.119.Final/netty-transport-native-unix-common-4.1.119.Final.jar:/home/runner/.m2/repository/io/netty/netty-codec/4.1.119.Final/netty-codec-4.1.119.Final.jar:/home/runner/.m2/repository/io/netty/netty-handler-proxy/4.1.119.Final/netty-handler-proxy-4.1.119.Final.jar:/home/runner/.m2/repository/io/netty/netty-codec-socks/4.1.119.Final/netty-codec-socks-4.1.119.Final.jar:/home/runner/.m2/repository/io/netty/netty-codec-http/4.1.119.Final/netty-codec-http-4.1.119.Final.jar:/home/runner/.m2/repository/io/netty/netty-codec-http2/4.1.119.Final/netty-codec-http2-4.1.119.Final.jar:/home/runner/.m2/repository/io/netty/netty-resolver/4.1.119.Final/netty-resolver-4.1.119.Final.jar:/home/runner/.m2/repository/io/netty/netty-resolver-dns/4.1.119.Final/netty-resolver-dns-4.1.119.Final.jar:/home/runner/.m2/repository/io/netty/netty-codec-dns/4.1.119.Final/netty-codec-dns-4.1.119.Final.jar:/home/runner/.m2/repository/com/fasterxml/jackson/core/jackson-core/2.18.2/jackson-core-2.18.2.jar:"/>
    <property name="java.vm.vendor" value="Eclipse Adoptium"/>
    <property name="maven.javadoc.skip" value="true"/>
    <property name="sun.arch.data.model" value="64"/>
    <property name="java.vendor.url" value="https://adoptium.net/"/>
    <property name="user.timezone" value="Etc/UTC"/>
    <property name="os.name" value="Linux"/>
    <property name="java.vm.specification.version" value="17"/>
    <property name="sun.java.launcher" value="SUN_STANDARD"/>
    <property name="quarkus.http.test-port" value="80"/>
    <property name="sun.boot.library.path" value="/usr/lib/jvm/temurin-17-jdk-amd64/lib"/>
    <property name="sun.java.command" value="/home/runner/work/apicurio-testing/apicurio-testing/clusters/ci419/namespaces/postgresql/tests/integration/apicurio-registry/integration-tests/target/surefire/surefirebooter-20250731170047409_3.jar /home/runner/work/apicurio-testing/apicurio-testing/clusters/ci419/namespaces/postgresql/tests/integration/apicurio-registry/integration-tests/target/surefire 2025-07-31T17-00-47_287-jvmRun1 surefire-20250731170047409_1tmp surefire_0-20250731170047409_2tmp"/>
    <property name="maven.home" value="/home/runner/.m2/wrapper/dists/apache-maven-3.9.8-bin/4fnp1ql35bgk2a0p7m31ovbgb0/apache-maven-3.9.8"/>
    <property name="jdk.debug" value="release"/>
    <property name="surefire.test.class.path" value="/home/runner/work/apicurio-testing/apicurio-testing/clusters/ci419/namespaces/postgresql/tests/integration/apicurio-registry/integration-tests/target/test-classes:/home/runner/work/apicurio-testing/apicurio-testing/clusters/ci419/namespaces/postgresql/tests/integration/apicurio-registry/integration-tests/target/apicurio-registry-integration-tests-3.0.11-SNAPSHOT.jar:/home/runner/.m2/repository/io/quarkus/quarkus-junit5/3.20.1/quarkus-junit5-3.20.1.jar:/home/runner/.m2/repository/io/quarkus/quarkus-bootstrap-core/3.20.1/quarkus-bootstrap-core-3.20.1.jar:/home/runner/.m2/repository/io/quarkus/quarkus-classloader-commons/3.20.1/quarkus-classloader-commons-3.20.1.jar:/home/runner/.m2/repository/io/quarkus/quarkus-bootstrap-app-model/3.20.1/quarkus-bootstrap-app-model-3.20.1.jar:/home/runner/.m2/repository/io/smallrye/common/smallrye-common-io/2.12.0/smallrye-common-io-2.12.0.jar:/home/runner/.m2/repository/org/eclipse/sisu/org.eclipse.sisu.inject/0.9.0.M3/org.eclipse.sisu.inject-0.9.0.M3.jar:/home/runner/.m2/repository/io/quarkus/quarkus-test-common/3.20.1/quarkus-test-common-3.20.1.jar:/home/runner/.m2/repository/io/quarkus/quarkus-core-deployment/3.20.1/quarkus-core-deployment-3.20.1.jar:/home/runner/.m2/repository/org/aesh/readline/2.6/readline-2.6.jar:/home/runner/.m2/repository/org/fusesource/jansi/jansi/2.4.0/jansi-2.4.0.jar:/home/runner/.m2/repository/org/aesh/aesh/2.8.2/aesh-2.8.2.jar:/home/runner/.m2/repository/io/quarkus/gizmo/gizmo/1.8.0/gizmo-1.8.0.jar:/home/runner/.m2/repository/org/ow2/asm/asm-util/9.7.1/asm-util-9.7.1.jar:/home/runner/.m2/repository/org/ow2/asm/asm-analysis/9.7.1/asm-analysis-9.7.1.jar:/home/runner/.m2/repository/org/ow2/asm/asm-commons/9.7.1/asm-commons-9.7.1.jar:/home/runner/.m2/repository/org/ow2/asm/asm-tree/9.7.1/asm-tree-9.7.1.jar:/home/runner/.m2/repository/io/quarkus/quarkus-hibernate-validator-spi/3.20.1/quarkus-hibernate-validator-spi-3.20.1.jar:/home/runner/.m2/repository/io/quarkus/quarkus-class-change-agent/3.20.1/quarkus-class-change-agent-3.20.1.jar:/home/runner/.m2/repository/io/quarkus/quarkus-devtools-utilities/3.20.1/quarkus-devtools-utilities-3.20.1.jar:/home/runner/.m2/repository/io/quarkus/quarkus-builder/3.20.1/quarkus-builder-3.20.1.jar:/home/runner/.m2/repository/org/graalvm/sdk/nativeimage/23.1.2/nativeimage-23.1.2.jar:/home/runner/.m2/repository/org/graalvm/sdk/word/23.1.2/word-23.1.2.jar:/home/runner/.m2/repository/io/quarkus/quarkus-bootstrap-maven-resolver/3.20.1/quarkus-bootstrap-maven-resolver-3.20.1.jar:/home/runner/.m2/repository/io/smallrye/beanbag/smallrye-beanbag-maven/1.5.2/smallrye-beanbag-maven-1.5.2.jar:/home/runner/.m2/repository/io/smallrye/beanbag/smallrye-beanbag-sisu/1.5.2/smallrye-beanbag-sisu-1.5.2.jar:/home/runner/.m2/repository/io/smallrye/beanbag/smallrye-beanbag/1.5.2/smallrye-beanbag-1.5.2.jar:/home/runner/.m2/repository/javax/inject/javax.inject/1/javax.inject-1.jar:/home/runner/.m2/repository/org/apache/maven/maven-artifact/3.9.9/maven-artifact-3.9.9.jar:/home/runner/.m2/repository/org/apache/maven/maven-builder-support/3.9.9/maven-builder-support-3.9.9.jar:/home/runner/.m2/repository/org/apache/maven/maven-model/3.9.9/maven-model-3.9.9.jar:/home/runner/.m2/repository/org/apache/maven/maven-model-builder/3.9.9/maven-model-builder-3.9.9.jar:/home/runner/.m2/repository/org/apache/maven/maven-repository-metadata/3.9.9/maven-repository-metadata-3.9.9.jar:/home/runner/.m2/repository/org/apache/maven/maven-settings/3.9.9/maven-settings-3.9.9.jar:/home/runner/.m2/repository/org/apache/maven/resolver/maven-resolver-api/1.9.22/maven-resolver-api-1.9.22.jar:/home/runner/.m2/repository/org/apache/maven/resolver/maven-resolver-impl/1.9.22/maven-resolver-impl-1.9.22.jar:/home/runner/.m2/repository/org/apache/maven/resolver/maven-resolver-named-locks/1.9.22/maven-resolver-named-locks-1.9.22.jar:/home/runner/.m2/repository/org/apache/maven/resolver/maven-resolver-spi/1.9.22/maven-resolver-spi-1.9.22.jar:/home/runner/.m2/repository/org/apache/maven/resolver/maven-resolver-util/1.9.22/maven-resolver-util-1.9.22.jar:/home/runner/.m2/repository/org/apache/maven/resolver/maven-resolver-transport-http/1.9.20/maven-resolver-transport-http-1.9.20.jar:/home/runner/.m2/repository/org/apache/maven/wagon/wagon-provider-api/3.5.3/wagon-provider-api-3.5.3.jar:/home/runner/.m2/repository/org/apache/maven/wagon/wagon-http-shared/3.5.3/wagon-http-shared-3.5.3.jar:/home/runner/.m2/repository/org/codehaus/plexus/plexus-interpolation/1.26/plexus-interpolation-1.26.jar:/home/runner/.m2/repository/org/codehaus/plexus/plexus-utils/3.5.1/plexus-utils-3.5.1.jar:/home/runner/.m2/repository/org/codehaus/plexus/plexus-xml/4.0.1/plexus-xml-4.0.1.jar:/home/runner/.m2/repository/org/apache/maven/maven-xml-impl/4.0.0-alpha-5/maven-xml-impl-4.0.0-alpha-5.jar:/home/runner/.m2/repository/org/apache/maven/maven-api-xml/4.0.0-alpha-5/maven-api-xml-4.0.0-alpha-5.jar:/home/runner/.m2/repository/org/apache/maven/maven-api-meta/4.0.0-alpha-5/maven-api-meta-4.0.0-alpha-5.jar:/home/runner/.m2/repository/org/codehaus/plexus/plexus-cipher/2.0/plexus-cipher-2.0.jar:/home/runner/.m2/repository/org/codehaus/plexus/plexus-sec-dispatcher/2.0/plexus-sec-dispatcher-2.0.jar:/home/runner/.m2/repository/org/apache/maven/maven-embedder/3.9.9/maven-embedder-3.9.9.jar:/home/runner/.m2/repository/org/apache/maven/maven-core/3.9.9/maven-core-3.9.9.jar:/home/runner/.m2/repository/org/codehaus/plexus/plexus-component-annotations/2.1.0/plexus-component-annotations-2.1.0.jar:/home/runner/.m2/repository/org/apache/maven/maven-plugin-api/3.9.9/maven-plugin-api-3.9.9.jar:/home/runner/.m2/repository/org/apache/maven/shared/maven-shared-utils/3.4.2/maven-shared-utils-3.4.2.jar:/home/runner/.m2/repository/com/google/inject/guice/5.1.0/guice-5.1.0.jar:/home/runner/.m2/repository/aopalliance/aopalliance/1.0/aopalliance-1.0.jar:/home/runner/.m2/repository/org/codehaus/plexus/plexus-classworlds/2.6.0/plexus-classworlds-2.6.0.jar:/home/runner/.m2/repository/commons-cli/commons-cli/1.8.0/commons-cli-1.8.0.jar:/home/runner/.m2/repository/org/eclipse/sisu/org.eclipse.sisu.plexus/0.9.0.M3/org.eclipse.sisu.plexus-0.9.0.M3.jar:/home/runner/.m2/repository/org/apache/maven/maven-settings-builder/3.9.9/maven-settings-builder-3.9.9.jar:/home/runner/.m2/repository/org/apache/maven/maven-resolver-provider/3.9.9/maven-resolver-provider-3.9.9.jar:/home/runner/.m2/repository/org/apache/maven/resolver/maven-resolver-connector-basic/1.9.22/maven-resolver-connector-basic-1.9.22.jar:/home/runner/.m2/repository/org/apache/maven/resolver/maven-resolver-transport-wagon/1.9.22/maven-resolver-transport-wagon-1.9.22.jar:/home/runner/.m2/repository/org/apache/maven/wagon/wagon-http/3.5.3/wagon-http-3.5.3.jar:/home/runner/.m2/repository/org/apache/maven/wagon/wagon-file/3.5.3/wagon-file-3.5.3.jar:/home/runner/.m2/repository/io/quarkus/quarkus-bootstrap-gradle-resolver/3.20.1/quarkus-bootstrap-gradle-resolver-3.20.1.jar:/home/runner/.m2/repository/io/smallrye/jandex/3.3.0/jandex-3.3.0.jar:/home/runner/.m2/repository/org/jboss/logging/commons-logging-jboss-logging/1.0.0.Final/commons-logging-jboss-logging-1.0.0.Final.jar:/home/runner/.m2/repository/io/quarkus/quarkus-junit5-config/3.20.1/quarkus-junit5-config-3.20.1.jar:/home/runner/.m2/repository/org/junit/jupiter/junit-jupiter-api/5.12.1/junit-jupiter-api-5.12.1.jar:/home/runner/.m2/repository/io/smallrye/config/smallrye-config/3.11.4/smallrye-config-3.11.4.jar:/home/runner/.m2/repository/io/smallrye/config/smallrye-config-core/3.11.4/smallrye-config-core-3.11.4.jar:/home/runner/.m2/repository/io/smallrye/common/smallrye-common-classloader/2.12.0/smallrye-common-classloader-2.12.0.jar:/home/runner/.m2/repository/io/smallrye/config/smallrye-config-common/3.11.4/smallrye-config-common-3.11.4.jar:/home/runner/.m2/repository/org/junit/jupiter/junit-jupiter/5.12.1/junit-jupiter-5.12.1.jar:/home/runner/.m2/repository/org/junit/jupiter/junit-jupiter-params/5.12.1/junit-jupiter-params-5.12.1.jar:/home/runner/.m2/repository/org/junit/jupiter/junit-jupiter-engine/5.12.1/junit-jupiter-engine-5.12.1.jar:/home/runner/.m2/repository/io/quarkus/quarkus-core/3.20.1/quarkus-core-3.20.1.jar:/home/runner/.m2/repository/jakarta/enterprise/jakarta.enterprise.cdi-api/4.1.0/jakarta.enterprise.cdi-api-4.1.0.jar:/home/runner/.m2/repository/jakarta/enterprise/jakarta.enterprise.lang-model/4.1.0/jakarta.enterprise.lang-model-4.1.0.jar:/home/runner/.m2/repository/jakarta/el/jakarta.el-api/5.0.1/jakarta.el-api-5.0.1.jar:/home/runner/.m2/repository/jakarta/interceptor/jakarta.interceptor-api/2.2.0/jakarta.interceptor-api-2.2.0.jar:/home/runner/.m2/repository/jakarta/inject/jakarta.inject-api/2.0.1/jakarta.inject-api-2.0.1.jar:/home/runner/.m2/repository/io/smallrye/common/smallrye-common-os/2.12.0/smallrye-common-os-2.12.0.jar:/home/runner/.m2/repository/io/quarkus/quarkus-ide-launcher/3.20.1/quarkus-ide-launcher-3.20.1.jar:/home/runner/.m2/repository/io/quarkus/quarkus-development-mode-spi/3.20.1/quarkus-development-mode-spi-3.20.1.jar:/home/runner/.m2/repository/org/jboss/logging/jboss-logging/3.6.1.Final/jboss-logging-3.6.1.Final.jar:/home/runner/.m2/repository/org/jboss/logmanager/jboss-logmanager/3.1.2.Final/jboss-logmanager-3.1.2.Final.jar:/home/runner/.m2/repository/io/smallrye/common/smallrye-common-constraint/2.12.0/smallrye-common-constraint-2.12.0.jar:/home/runner/.m2/repository/io/smallrye/common/smallrye-common-cpu/2.12.0/smallrye-common-cpu-2.12.0.jar:/home/runner/.m2/repository/io/smallrye/common/smallrye-common-expression/2.12.0/smallrye-common-expression-2.12.0.jar:/home/runner/.m2/repository/io/smallrye/common/smallrye-common-net/2.12.0/smallrye-common-net-2.12.0.jar:/home/runner/.m2/repository/io/smallrye/common/smallrye-common-ref/2.12.0/smallrye-common-ref-2.12.0.jar:/home/runner/.m2/repository/jakarta/json/jakarta.json-api/2.1.3/jakarta.json-api-2.1.3.jar:/home/runner/.m2/repository/org/eclipse/parsson/parsson/1.1.7/parsson-1.1.7.jar:/home/runner/.m2/repository/org/jboss/logging/jboss-logging-annotations/3.0.4.Final/jboss-logging-annotations-3.0.4.Final.jar:/home/runner/.m2/repository/org/jboss/threads/jboss-threads/3.8.0.Final/jboss-threads-3.8.0.Final.jar:/home/runner/.m2/repository/io/smallrye/common/smallrye-common-annotation/2.12.0/smallrye-common-annotation-2.12.0.jar:/home/runner/.m2/repository/io/smallrye/common/smallrye-common-function/2.12.0/smallrye-common-function-2.12.0.jar:/home/runner/.m2/repository/org/jboss/slf4j/slf4j-jboss-logmanager/2.0.0.Final/slf4j-jboss-logmanager-2.0.0.Final.jar:/home/runner/.m2/repository/org/wildfly/common/wildfly-common/2.0.1/wildfly-common-2.0.1.jar:/home/runner/.m2/repository/io/quarkus/quarkus-bootstrap-runner/3.20.1/quarkus-bootstrap-runner-3.20.1.jar:/home/runner/.m2/repository/io/github/crac/org-crac/0.1.3/org-crac-0.1.3.jar:/home/runner/.m2/repository/io/quarkus/quarkus-fs-util/0.0.10/quarkus-fs-util-0.0.10.jar:/home/runner/.m2/repository/org/jboss/marshalling/jboss-marshalling/2.2.2.Final/jboss-marshalling-2.2.2.Final.jar:/home/runner/.m2/repository/io/fabric8/kubernetes-client/7.1.0/kubernetes-client-7.1.0.jar:/home/runner/.m2/repository/io/fabric8/kubernetes-client-api/7.1.0/kubernetes-client-api-7.1.0.jar:/home/runner/.m2/repository/io/fabric8/kubernetes-model-core/7.1.0/kubernetes-model-core-7.1.0.jar:/home/runner/.m2/repository/io/fabric8/kubernetes-model-common/7.1.0/kubernetes-model-common-7.1.0.jar:/home/runner/.m2/repository/javax/annotation/javax.annotation-api/1.3.2/javax.annotation-api-1.3.2.jar:/home/runner/.m2/repository/io/fabric8/kubernetes-model-gatewayapi/7.1.0/kubernetes-model-gatewayapi-7.1.0.jar:/home/runner/.m2/repository/io/fabric8/kubernetes-model-resource/7.1.0/kubernetes-model-resource-7.1.0.jar:/home/runner/.m2/repository/io/fabric8/kubernetes-model-rbac/7.1.0/kubernetes-model-rbac-7.1.0.jar:/home/runner/.m2/repository/io/fabric8/kubernetes-model-admissionregistration/7.1.0/kubernetes-model-admissionregistration-7.1.0.jar:/home/runner/.m2/repository/io/fabric8/kubernetes-model-apps/7.1.0/kubernetes-model-apps-7.1.0.jar:/home/runner/.m2/repository/io/fabric8/kubernetes-model-autoscaling/7.1.0/kubernetes-model-autoscaling-7.1.0.jar:/home/runner/.m2/repository/io/fabric8/kubernetes-model-apiextensions/7.1.0/kubernetes-model-apiextensions-7.1.0.jar:/home/runner/.m2/repository/io/fabric8/kubernetes-model-batch/7.1.0/kubernetes-model-batch-7.1.0.jar:/home/runner/.m2/repository/io/fabric8/kubernetes-model-certificates/7.1.0/kubernetes-model-certificates-7.1.0.jar:/home/runner/.m2/repository/io/fabric8/kubernetes-model-coordination/7.1.0/kubernetes-model-coordination-7.1.0.jar:/home/runner/.m2/repository/io/fabric8/kubernetes-model-discovery/7.1.0/kubernetes-model-discovery-7.1.0.jar:/home/runner/.m2/repository/io/fabric8/kubernetes-model-events/7.1.0/kubernetes-model-events-7.1.0.jar:/home/runner/.m2/repository/io/fabric8/kubernetes-model-extensions/7.1.0/kubernetes-model-extensions-7.1.0.jar:/home/runner/.m2/repository/io/fabric8/kubernetes-model-flowcontrol/7.1.0/kubernetes-model-flowcontrol-7.1.0.jar:/home/runner/.m2/repository/io/fabric8/kubernetes-model-networking/7.1.0/kubernetes-model-networking-7.1.0.jar:/home/runner/.m2/repository/io/fabric8/kubernetes-model-metrics/7.1.0/kubernetes-model-metrics-7.1.0.jar:/home/runner/.m2/repository/io/fabric8/kubernetes-model-policy/7.1.0/kubernetes-model-policy-7.1.0.jar:/home/runner/.m2/repository/io/fabric8/kubernetes-model-scheduling/7.1.0/kubernetes-model-scheduling-7.1.0.jar:/home/runner/.m2/repository/io/fabric8/kubernetes-model-storageclass/7.1.0/kubernetes-model-storageclass-7.1.0.jar:/home/runner/.m2/repository/io/fabric8/kubernetes-model-node/7.1.0/kubernetes-model-node-7.1.0.jar:/home/runner/.m2/repository/org/snakeyaml/snakeyaml-engine/2.9/snakeyaml-engine-2.9.jar:/home/runner/.m2/repository/com/fasterxml/jackson/dataformat/jackson-dataformat-yaml/2.15.2/jackson-dataformat-yaml-2.15.2.jar:/home/runner/.m2/repository/com/fasterxml/jackson/datatype/jackson-datatype-jsr310/2.18.2/jackson-datatype-jsr310-2.18.2.jar:/home/runner/.m2/repository/io/fabric8/zjsonpatch/7.1.0/zjsonpatch-7.1.0.jar:/home/runner/.m2/repository/io/fabric8/kubernetes-httpclient-vertx/7.1.0/kubernetes-httpclient-vertx-7.1.0.jar:/home/runner/.m2/repository/io/vertx/vertx-web-client/4.5.14/vertx-web-client-4.5.14.jar:/home/runner/.m2/repository/io/vertx/vertx-web-common/4.5.14/vertx-web-common-4.5.14.jar:/home/runner/.m2/repository/io/vertx/vertx-auth-common/4.5.14/vertx-auth-common-4.5.14.jar:/home/runner/.m2/repository/io/vertx/vertx-uri-template/4.5.14/vertx-uri-template-4.5.14.jar:/home/runner/.m2/repository/io/fabric8/openshift-client/7.1.0/openshift-client-7.1.0.jar:/home/runner/.m2/repository/io/fabric8/openshift-client-api/7.1.0/openshift-client-api-7.1.0.jar:/home/runner/.m2/repository/io/fabric8/openshift-model/7.1.0/openshift-model-7.1.0.jar:/home/runner/.m2/repository/io/fabric8/openshift-model-autoscaling/7.1.0/openshift-model-autoscaling-7.1.0.jar:/home/runner/.m2/repository/io/fabric8/openshift-model-operator/7.1.0/openshift-model-operator-7.1.0.jar:/home/runner/.m2/repository/io/fabric8/openshift-model-operatorhub/7.1.0/openshift-model-operatorhub-7.1.0.jar:/home/runner/.m2/repository/io/fabric8/openshift-model-machine/7.1.0/openshift-model-machine-7.1.0.jar:/home/runner/.m2/repository/io/fabric8/openshift-model-whereabouts/7.1.0/openshift-model-whereabouts-7.1.0.jar:/home/runner/.m2/repository/io/fabric8/openshift-model-monitoring/7.1.0/openshift-model-monitoring-7.1.0.jar:/home/runner/.m2/repository/io/fabric8/openshift-model-storageversionmigrator/7.1.0/openshift-model-storageversionmigrator-7.1.0.jar:/home/runner/.m2/repository/io/fabric8/openshift-model-tuned/7.1.0/openshift-model-tuned-7.1.0.jar:/home/runner/.m2/repository/io/fabric8/openshift-model-console/7.1.0/openshift-model-console-7.1.0.jar:/home/runner/.m2/repository/io/fabric8/openshift-model-config/7.1.0/openshift-model-config-7.1.0.jar:/home/runner/.m2/repository/io/fabric8/openshift-model-machineconfiguration/7.1.0/openshift-model-machineconfiguration-7.1.0.jar:/home/runner/.m2/repository/io/fabric8/openshift-model-miscellaneous/7.1.0/openshift-model-miscellaneous-7.1.0.jar:/home/runner/.m2/repository/io/fabric8/openshift-model-hive/7.1.0/openshift-model-hive-7.1.0.jar:/home/runner/.m2/repository/io/fabric8/openshift-model-installer/7.1.0/openshift-model-installer-7.1.0.jar:/home/runner/.m2/repository/org/junit/platform/junit-platform-launcher/1.12.1/junit-platform-launcher-1.12.1.jar:/home/runner/.m2/repository/org/junit/platform/junit-platform-engine/1.12.1/junit-platform-engine-1.12.1.jar:/home/runner/.m2/repository/org/opentest4j/opentest4j/1.3.0/opentest4j-1.3.0.jar:/home/runner/.m2/repository/org/junit/platform/junit-platform-commons/1.12.1/junit-platform-commons-1.12.1.jar:/home/runner/.m2/repository/org/apiguardian/apiguardian-api/1.1.2/apiguardian-api-1.1.2.jar:/home/runner/.m2/repository/jakarta/ws/rs/jakarta.ws.rs-api/3.1.0/jakarta.ws.rs-api-3.1.0.jar:/home/runner/work/apicurio-testing/apicurio-testing/clusters/ci419/namespaces/postgresql/tests/integration/apicurio-registry/java-sdk/target/apicurio-registry-java-sdk-3.0.11-SNAPSHOT.jar:/home/runner/.m2/repository/com/microsoft/kiota/microsoft-kiota-abstractions/1.8.8/microsoft-kiota-abstractions-1.8.8.jar:/home/runner/.m2/repository/io/github/std-uritemplate/std-uritemplate/2.0.0/std-uritemplate-2.0.0.jar:/home/runner/.m2/repository/io/kiota/kiota-http-jdk/0.0.21/kiota-http-jdk-0.0.21.jar:/home/runner/.m2/repository/io/kiota/kiota-http-vertx/0.0.21/kiota-http-vertx-0.0.21.jar:/home/runner/.m2/repository/io/kiota/kiota-serialization-jackson/0.0.21/kiota-serialization-jackson-0.0.21.jar:/home/runner/.m2/repository/com/microsoft/kiota/microsoft-kiota-serialization-text/1.8.8/microsoft-kiota-serialization-text-1.8.8.jar:/home/runner/.m2/repository/com/microsoft/kiota/microsoft-kiota-serialization-form/1.8.8/microsoft-kiota-serialization-form-1.8.8.jar:/home/runner/.m2/repository/com/microsoft/kiota/microsoft-kiota-serialization-multipart/1.8.8/microsoft-kiota-serialization-multipart-1.8.8.jar:/home/runner/.m2/repository/jakarta/annotation/jakarta.annotation-api/3.0.0/jakarta.annotation-api-3.0.0.jar:/home/runner/.m2/repository/io/vertx/vertx-auth-oauth2/4.5.14/vertx-auth-oauth2-4.5.14.jar:/home/runner/work/apicurio-testing/apicurio-testing/clusters/ci419/namespaces/postgresql/tests/integration/apicurio-registry/java-sdk-v2/target/apicurio-registry-v2-java-sdk-3.0.11-SNAPSHOT.jar:/home/runner/work/apicurio-testing/apicurio-testing/clusters/ci419/namespaces/postgresql/tests/integration/apicurio-registry/utils/kafka/target/apicurio-registry-utils-kafka-3.0.11-SNAPSHOT-tests.jar:/home/runner/.m2/repository/org/eclipse/microprofile/config/microprofile-config-api/3.1/microprofile-config-api-3.1.jar:/home/runner/.m2/repository/org/apache/kafka/kafka-clients/3.9.1/kafka-clients-3.9.1.jar:/home/runner/.m2/repository/com/github/luben/zstd-jni/1.5.6-4/zstd-jni-1.5.6-4.jar:/home/runner/.m2/repository/org/lz4/lz4-java/1.8.0/lz4-java-1.8.0.jar:/home/runner/.m2/repository/org/xerial/snappy/snappy-java/1.1.10.5/snappy-java-1.1.10.5.jar:/home/runner/.m2/repository/org/slf4j/slf4j-api/2.0.6/slf4j-api-2.0.6.jar:/home/runner/work/apicurio-testing/apicurio-testing/clusters/ci419/namespaces/postgresql/tests/integration/apicurio-registry/utils/tests/target/apicurio-registry-utils-tests-3.0.11-SNAPSHOT.jar:/home/runner/work/apicurio-testing/apicurio-testing/clusters/ci419/namespaces/postgresql/tests/integration/apicurio-registry/common/target/apicurio-registry-common-3.0.11-SNAPSHOT.jar:/home/runner/.m2/repository/jakarta/validation/jakarta.validation-api/3.0.2/jakarta.validation-api-3.0.2.jar:/home/runner/.m2/repository/com/github/dasniko/testcontainers-keycloak/3.6.0/testcontainers-keycloak-3.6.0.jar:/home/runner/.m2/repository/org/testcontainers/testcontainers/1.20.6/testcontainers-1.20.6.jar:/home/runner/.m2/repository/org/rnorth/duct-tape/duct-tape/1.0.8/duct-tape-1.0.8.jar:/home/runner/.m2/repository/org/jetbrains/annotations/26.0.2/annotations-26.0.2.jar:/home/runner/.m2/repository/com/github/docker-java/docker-java-transport-zerodep/3.4.1/docker-java-transport-zerodep-3.4.1.jar:/home/runner/.m2/repository/com/github/docker-java/docker-java-transport/3.4.1/docker-java-transport-3.4.1.jar:/home/runner/.m2/repository/net/java/dev/jna/jna/5.8.0/jna-5.8.0.jar:/home/runner/.m2/repository/io/quarkus/quarkus-junit4-mock/3.20.1/quarkus-junit4-mock-3.20.1.jar:/home/runner/.m2/repository/org/jboss/shrinkwrap/shrinkwrap-api/2.0.0-beta-2/shrinkwrap-api-2.0.0-beta-2.jar:/home/runner/.m2/repository/org/jboss/shrinkwrap/shrinkwrap-impl-base/2.0.0-beta-2/shrinkwrap-impl-base-2.0.0-beta-2.jar:/home/runner/.m2/repository/org/jboss/shrinkwrap/shrinkwrap-spi/2.0.0-beta-2/shrinkwrap-spi-2.0.0-beta-2.jar:/home/runner/.m2/repository/org/keycloak/keycloak-admin-client/26.0.4/keycloak-admin-client-26.0.4.jar:/home/runner/.m2/repository/org/keycloak/keycloak-client-common-synced/26.0.4/keycloak-client-common-synced-26.0.4.jar:/home/runner/.m2/repository/jakarta/activation/jakarta.activation-api/2.1.3/jakarta.activation-api-2.1.3.jar:/home/runner/.m2/repository/org/eclipse/microprofile/openapi/microprofile-openapi-api/4.0.2/microprofile-openapi-api-4.0.2.jar:/home/runner/.m2/repository/org/jboss/resteasy/resteasy-client/6.2.12.Final/resteasy-client-6.2.12.Final.jar:/home/runner/.m2/repository/org/jboss/resteasy/resteasy-client-api/6.2.12.Final/resteasy-client-api-6.2.12.Final.jar:/home/runner/.m2/repository/org/jboss/resteasy/resteasy-core-spi/6.2.12.Final/resteasy-core-spi-6.2.12.Final.jar:/home/runner/.m2/repository/org/jboss/resteasy/resteasy-core/6.2.12.Final/resteasy-core-6.2.12.Final.jar:/home/runner/.m2/repository/org/eclipse/angus/angus-activation/2.0.2/angus-activation-2.0.2.jar:/home/runner/.m2/repository/com/ibm/async/asyncutil/0.1.0/asyncutil-0.1.0.jar:/home/runner/.m2/repository/org/reactivestreams/reactive-streams/1.0.4/reactive-streams-1.0.4.jar:/home/runner/.m2/repository/org/jboss/resteasy/resteasy-multipart-provider/6.2.12.Final/resteasy-multipart-provider-6.2.12.Final.jar:/home/runner/.m2/repository/jakarta/mail/jakarta.mail-api/2.1.3/jakarta.mail-api-2.1.3.jar:/home/runner/.m2/repository/org/eclipse/angus/angus-mail/2.0.3/angus-mail-2.0.3.jar:/home/runner/.m2/repository/org/apache/james/apache-mime4j-dom/0.8.12/apache-mime4j-dom-0.8.12.jar:/home/runner/.m2/repository/org/apache/james/apache-mime4j-core/0.8.12/apache-mime4j-core-0.8.12.jar:/home/runner/.m2/repository/org/apache/james/apache-mime4j-storage/0.8.12/apache-mime4j-storage-0.8.12.jar:/home/runner/.m2/repository/org/jboss/resteasy/resteasy-jackson2-provider/6.2.12.Final/resteasy-jackson2-provider-6.2.12.Final.jar:/home/runner/.m2/repository/com/fasterxml/jackson/jakarta/rs/jackson-jakarta-rs-base/2.18.2/jackson-jakarta-rs-base-2.18.2.jar:/home/runner/.m2/repository/com/fasterxml/jackson/jakarta/rs/jackson-jakarta-rs-json-provider/2.18.2/jackson-jakarta-rs-json-provider-2.18.2.jar:/home/runner/.m2/repository/com/fasterxml/jackson/module/jackson-module-jakarta-xmlbind-annotations/2.18.2/jackson-module-jakarta-xmlbind-annotations-2.18.2.jar:/home/runner/.m2/repository/com/github/java-json-tools/json-patch/1.13/json-patch-1.13.jar:/home/runner/.m2/repository/com/github/java-json-tools/msg-simple/1.2/msg-simple-1.2.jar:/home/runner/.m2/repository/com/github/java-json-tools/btf/1.3/btf-1.3.jar:/home/runner/.m2/repository/com/github/java-json-tools/jackson-coreutils/2.0/jackson-coreutils-2.0.jar:/home/runner/.m2/repository/org/jboss/resteasy/resteasy-jaxb-provider/6.2.12.Final/resteasy-jaxb-provider-6.2.12.Final.jar:/home/runner/.m2/repository/org/glassfish/jaxb/codemodel/4.0.5/codemodel-4.0.5.jar:/home/runner/.m2/repository/org/glassfish/jaxb/jaxb-core/4.0.5/jaxb-core-4.0.5.jar:/home/runner/.m2/repository/org/glassfish/jaxb/jaxb-jxc/4.0.5/jaxb-jxc-4.0.5.jar:/home/runner/.m2/repository/org/glassfish/jaxb/jaxb-runtime/4.0.5/jaxb-runtime-4.0.5.jar:/home/runner/.m2/repository/org/glassfish/jaxb/txw2/4.0.5/txw2-4.0.5.jar:/home/runner/.m2/repository/org/glassfish/jaxb/jaxb-xjc/4.0.5/jaxb-xjc-4.0.5.jar:/home/runner/.m2/repository/org/glassfish/jaxb/xsom/4.0.5/xsom-4.0.5.jar:/home/runner/.m2/repository/com/sun/istack/istack-commons-runtime/4.1.2/istack-commons-runtime-4.1.2.jar:/home/runner/.m2/repository/com/sun/istack/istack-commons-tools/4.1.2/istack-commons-tools-4.1.2.jar:/home/runner/.m2/repository/com/sun/xml/bind/external/relaxng-datatype/4.0.5/relaxng-datatype-4.0.5.jar:/home/runner/.m2/repository/com/sun/xml/bind/external/rngom/4.0.5/rngom-4.0.5.jar:/home/runner/.m2/repository/org/testcontainers/mssqlserver/1.20.6/mssqlserver-1.20.6.jar:/home/runner/.m2/repository/org/testcontainers/jdbc/1.20.6/jdbc-1.20.6.jar:/home/runner/.m2/repository/org/testcontainers/database-commons/1.20.6/database-commons-1.20.6.jar:/home/runner/.m2/repository/org/testcontainers/mysql/1.20.6/mysql-1.20.6.jar:/home/runner/.m2/repository/io/strimzi/strimzi-test-container/0.107.0/strimzi-test-container-0.107.0.jar:/home/runner/.m2/repository/org/testcontainers/toxiproxy/1.20.6/toxiproxy-1.20.6.jar:/home/runner/.m2/repository/com/github/docker-java/docker-java-api/3.4.1/docker-java-api-3.4.1.jar:/home/runner/.m2/repository/eu/rekawek/toxiproxy/toxiproxy-java/2.1.7/toxiproxy-java-2.1.7.jar:/home/runner/.m2/repository/junit/junit/4.13.2/junit-4.13.2.jar:/home/runner/.m2/repository/org/hamcrest/hamcrest-core/1.3/hamcrest-core-1.3.jar:/home/runner/.m2/repository/org/testcontainers/pulsar/1.20.4/pulsar-1.20.4.jar:/home/runner/.m2/repository/io/debezium/debezium-testing-testcontainers/2.6.2.Final/debezium-testing-testcontainers-2.6.2.Final.jar:/home/runner/.m2/repository/org/testcontainers/kafka/1.20.6/kafka-1.20.6.jar:/home/runner/.m2/repository/com/squareup/okhttp3/okhttp/4.8.1/okhttp-4.8.1.jar:/home/runner/.m2/repository/com/squareup/okio/okio/3.10.2/okio-3.10.2.jar:/home/runner/.m2/repository/com/squareup/okio/okio-jvm/3.10.2/okio-jvm-3.10.2.jar:/home/runner/.m2/repository/org/jetbrains/kotlin/kotlin-stdlib/2.0.21/kotlin-stdlib-2.0.21.jar:/home/runner/.m2/repository/org/awaitility/awaitility/4.2.2/awaitility-4.2.2.jar:/home/runner/.m2/repository/org/testcontainers/mongodb/1.20.6/mongodb-1.20.6.jar:/home/runner/.m2/repository/org/testcontainers/oracle-xe/1.20.6/oracle-xe-1.20.6.jar:/home/runner/.m2/repository/org/testcontainers/postgresql/1.20.6/postgresql-1.20.6.jar:/home/runner/.m2/repository/org/wiremock/wiremock/3.0.1/wiremock-3.0.1.jar:/home/runner/.m2/repository/org/eclipse/jetty/jetty-server/11.0.15/jetty-server-11.0.15.jar:/home/runner/.m2/repository/org/eclipse/jetty/toolchain/jetty-jakarta-servlet-api/5.0.2/jetty-jakarta-servlet-api-5.0.2.jar:/home/runner/.m2/repository/org/eclipse/jetty/jetty-http/11.0.15/jetty-http-11.0.15.jar:/home/runner/.m2/repository/org/eclipse/jetty/jetty-io/11.0.15/jetty-io-11.0.15.jar:/home/runner/.m2/repository/org/eclipse/jetty/jetty-servlet/11.0.15/jetty-servlet-11.0.15.jar:/home/runner/.m2/repository/org/eclipse/jetty/jetty-security/11.0.15/jetty-security-11.0.15.jar:/home/runner/.m2/repository/org/eclipse/jetty/jetty-servlets/11.0.15/jetty-servlets-11.0.15.jar:/home/runner/.m2/repository/org/eclipse/jetty/jetty-util/11.0.15/jetty-util-11.0.15.jar:/home/runner/.m2/repository/org/eclipse/jetty/jetty-webapp/11.0.15/jetty-webapp-11.0.15.jar:/home/runner/.m2/repository/org/eclipse/jetty/jetty-xml/11.0.15/jetty-xml-11.0.15.jar:/home/runner/.m2/repository/org/eclipse/jetty/jetty-proxy/11.0.15/jetty-proxy-11.0.15.jar:/home/runner/.m2/repository/org/eclipse/jetty/jetty-client/11.0.15/jetty-client-11.0.15.jar:/home/runner/.m2/repository/org/eclipse/jetty/http2/http2-server/11.0.15/http2-server-11.0.15.jar:/home/runner/.m2/repository/org/eclipse/jetty/http2/http2-common/11.0.15/http2-common-11.0.15.jar:/home/runner/.m2/repository/org/eclipse/jetty/http2/http2-hpack/11.0.15/http2-hpack-11.0.15.jar:/home/runner/.m2/repository/org/eclipse/jetty/jetty-alpn-server/11.0.15/jetty-alpn-server-11.0.15.jar:/home/runner/.m2/repository/org/eclipse/jetty/jetty-alpn-java-server/11.0.15/jetty-alpn-java-server-11.0.15.jar:/home/runner/.m2/repository/org/eclipse/jetty/jetty-alpn-java-client/11.0.15/jetty-alpn-java-client-11.0.15.jar:/home/runner/.m2/repository/org/eclipse/jetty/jetty-alpn-client/11.0.15/jetty-alpn-client-11.0.15.jar:/home/runner/.m2/repository/org/apache/httpcomponents/client5/httpclient5/5.2.1/httpclient5-5.2.1.jar:/home/runner/.m2/repository/org/apache/httpcomponents/core5/httpcore5/5.2/httpcore5-5.2.jar:/home/runner/.m2/repository/org/apache/httpcomponents/core5/httpcore5-h2/5.2/httpcore5-h2-5.2.jar:/home/runner/.m2/repository/org/xmlunit/xmlunit-core/2.9.1/xmlunit-core-2.9.1.jar:/home/runner/.m2/repository/jakarta/xml/bind/jakarta.xml.bind-api/4.0.2/jakarta.xml.bind-api-4.0.2.jar:/home/runner/.m2/repository/org/xmlunit/xmlunit-legacy/2.9.1/xmlunit-legacy-2.9.1.jar:/home/runner/.m2/repository/org/xmlunit/xmlunit-placeholders/2.9.1/xmlunit-placeholders-2.9.1.jar:/home/runner/.m2/repository/net/javacrumbs/json-unit/json-unit-core/2.38.0/json-unit-core-2.38.0.jar:/home/runner/.m2/repository/com/jayway/jsonpath/json-path/2.8.0/json-path-2.8.0.jar:/home/runner/.m2/repository/net/minidev/json-smart/2.4.10/json-smart-2.4.10.jar:/home/runner/.m2/repository/net/minidev/accessors-smart/2.4.9/accessors-smart-2.4.9.jar:/home/runner/.m2/repository/org/ow2/asm/asm/9.7.1/asm-9.7.1.jar:/home/runner/.m2/repository/net/sf/jopt-simple/jopt-simple/5.0.4/jopt-simple-5.0.4.jar:/home/runner/.m2/repository/com/github/jknack/handlebars/4.3.1/handlebars-4.3.1.jar:/home/runner/.m2/repository/com/github/jknack/handlebars-helpers/4.3.1/handlebars-helpers-4.3.1.jar:/home/runner/.m2/repository/commons-fileupload/commons-fileupload/1.5/commons-fileupload-1.5.jar:/home/runner/.m2/repository/com/networknt/json-schema-validator/1.5.5/json-schema-validator-1.5.5.jar:/home/runner/.m2/repository/com/ethlo/time/itu/1.10.3/itu-1.10.3.jar:/home/runner/.m2/repository/io/quarkus/quarkus-smallrye-jwt-build/3.20.1/quarkus-smallrye-jwt-build-3.20.1.jar:/home/runner/.m2/repository/io/smallrye/smallrye-jwt-build/4.6.1/smallrye-jwt-build-4.6.1.jar:/home/runner/.m2/repository/org/eclipse/microprofile/jwt/microprofile-jwt-auth-api/2.1/microprofile-jwt-auth-api-2.1.jar:/home/runner/.m2/repository/org/bitbucket/b_c/jose4j/0.9.6/jose4j-0.9.6.jar:/home/runner/.m2/repository/io/smallrye/smallrye-jwt-common/4.6.1/smallrye-jwt-common-4.6.1.jar:/home/runner/.m2/repository/io/quarkus/quarkus-jsonp/3.20.1/quarkus-jsonp-3.20.1.jar:/home/runner/.m2/repository/io/quarkus/quarkus-arc/3.20.1/quarkus-arc-3.20.1.jar:/home/runner/.m2/repository/io/quarkus/arc/arc/3.20.1/arc-3.20.1.jar:/home/runner/.m2/repository/jakarta/transaction/jakarta.transaction-api/2.0.1/jakarta.transaction-api-2.0.1.jar:/home/runner/.m2/repository/io/smallrye/reactive/mutiny/2.8.0/mutiny-2.8.0.jar:/home/runner/.m2/repository/org/jctools/jctools-core/4.0.5/jctools-core-4.0.5.jar:/home/runner/.m2/repository/org/eclipse/microprofile/context-propagation/microprofile-context-propagation-api/1.3/microprofile-context-propagation-api-1.3.jar:/home/runner/.m2/repository/io/apicurio/apicurio-common-rest-client-common/0.1.18.Final/apicurio-common-rest-client-common-0.1.18.Final.jar:/home/runner/work/apicurio-testing/apicurio-testing/clusters/ci419/namespaces/postgresql/tests/integration/apicurio-registry/utils/maven-plugin/target/apicurio-registry-maven-plugin-3.0.11-SNAPSHOT.jar:/home/runner/.m2/repository/com/fasterxml/jackson/core/jackson-databind/2.18.2/jackson-databind-2.18.2.jar:/home/runner/.m2/repository/org/apache/avro/avro/1.12.0/avro-1.12.0.jar:/home/runner/.m2/repository/com/google/protobuf/protobuf-java/4.31.1/protobuf-java-4.31.1.jar:/home/runner/.m2/repository/com/google/protobuf/protobuf-java-util/4.31.1/protobuf-java-util-4.31.1.jar:/home/runner/.m2/repository/com/google/code/findbugs/jsr305/3.0.2/jsr305-3.0.2.jar:/home/runner/.m2/repository/com/google/code/gson/gson/2.12.1/gson-2.12.1.jar:/home/runner/.m2/repository/com/google/errorprone/error_prone_annotations/2.36.0/error_prone_annotations-2.36.0.jar:/home/runner/.m2/repository/com/google/j2objc/j2objc-annotations/2.8/j2objc-annotations-2.8.jar:/home/runner/work/apicurio-testing/apicurio-testing/clusters/ci419/namespaces/postgresql/tests/integration/apicurio-registry/schema-util/util-provider/target/apicurio-registry-schema-util-provider-3.0.11-SNAPSHOT.jar:/home/runner/work/apicurio-testing/apicurio-testing/clusters/ci419/namespaces/postgresql/tests/integration/apicurio-registry/schema-util/common/target/apicurio-registry-schema-util-common-3.0.11-SNAPSHOT.jar:/home/runner/.m2/repository/com/fasterxml/jackson/module/jackson-module-parameter-names/2.18.2/jackson-module-parameter-names-2.18.2.jar:/home/runner/.m2/repository/com/fasterxml/jackson/datatype/jackson-datatype-json-org/2.18.2/jackson-datatype-json-org-2.18.2.jar:/home/runner/work/apicurio-testing/apicurio-testing/clusters/ci419/namespaces/postgresql/tests/integration/apicurio-registry/schema-util/json/target/apicurio-registry-schema-util-json-3.0.11-SNAPSHOT.jar:/home/runner/.m2/repository/com/github/erosb/everit-json-schema/1.14.5/everit-json-schema-1.14.5.jar:/home/runner/.m2/repository/commons-validator/commons-validator/1.9.0/commons-validator-1.9.0.jar:/home/runner/.m2/repository/commons-digester/commons-digester/2.1/commons-digester-2.1.jar:/home/runner/.m2/repository/commons-collections/commons-collections/3.2.2/commons-collections-3.2.2.jar:/home/runner/.m2/repository/com/damnhandy/handy-uri-templates/2.1.8/handy-uri-templates-2.1.8.jar:/home/runner/.m2/repository/joda-time/joda-time/2.10.2/joda-time-2.10.2.jar:/home/runner/.m2/repository/com/github/erosb/json-sKema/0.20.0/json-sKema-0.20.0.jar:/home/runner/.m2/repository/io/vertx/vertx-json-schema/4.5.14/vertx-json-schema-4.5.14.jar:/home/runner/work/apicurio-testing/apicurio-testing/clusters/ci419/namespaces/postgresql/tests/integration/apicurio-registry/schema-util/protobuf/target/apicurio-registry-schema-util-protobuf-3.0.11-SNAPSHOT.jar:/home/runner/work/apicurio-testing/apicurio-testing/clusters/ci419/namespaces/postgresql/tests/integration/apicurio-registry/utils/protobuf-schema-utilities/target/apicurio-registry-protobuf-schema-utilities-3.0.11-SNAPSHOT.jar:/home/runner/.m2/repository/com/google/api/grpc/proto-google-common-protos/2.52.0/proto-google-common-protos-2.52.0.jar:/home/runner/.m2/repository/com/squareup/wire/wire-schema-jvm/5.3.3/wire-schema-jvm-5.3.3.jar:/home/runner/.m2/repository/com/palantir/javapoet/javapoet/0.6.0/javapoet-0.6.0.jar:/home/runner/.m2/repository/com/squareup/kotlinpoet-jvm/2.0.0/kotlinpoet-jvm-2.0.0.jar:/home/runner/.m2/repository/org/jetbrains/kotlin/kotlin-reflect/2.0.21/kotlin-reflect-2.0.21.jar:/home/runner/.m2/repository/com/squareup/wire/wire-runtime-jvm/5.3.3/wire-runtime-jvm-5.3.3.jar:/home/runner/.m2/repository/com/ibm/icu/icu4j/76.1/icu4j-76.1.jar:/home/runner/.m2/repository/com/squareup/okio/okio-fakefilesystem/3.10.2/okio-fakefilesystem-3.10.2.jar:/home/runner/.m2/repository/com/squareup/okio/okio-fakefilesystem-jvm/3.10.2/okio-fakefilesystem-jvm-3.10.2.jar:/home/runner/.m2/repository/org/jetbrains/kotlinx/kotlinx-datetime-jvm/0.6.1/kotlinx-datetime-jvm-0.6.1.jar:/home/runner/work/apicurio-testing/apicurio-testing/clusters/ci419/namespaces/postgresql/tests/integration/apicurio-registry/schema-util/asyncapi/target/apicurio-registry-schema-util-asyncapi-3.0.11-SNAPSHOT.jar:/home/runner/work/apicurio-testing/apicurio-testing/clusters/ci419/namespaces/postgresql/tests/integration/apicurio-registry/schema-util/avro/target/apicurio-registry-schema-util-avro-3.0.11-SNAPSHOT.jar:/home/runner/work/apicurio-testing/apicurio-testing/clusters/ci419/namespaces/postgresql/tests/integration/apicurio-registry/schema-util/graphql/target/apicurio-registry-schema-util-graphql-3.0.11-SNAPSHOT.jar:/home/runner/.m2/repository/com/graphql-java/graphql-java/22.3/graphql-java-22.3.jar:/home/runner/.m2/repository/com/graphql-java/java-dataloader/3.3.0/java-dataloader-3.3.0.jar:/home/runner/work/apicurio-testing/apicurio-testing/clusters/ci419/namespaces/postgresql/tests/integration/apicurio-registry/schema-util/kconnect/target/apicurio-registry-schema-util-kconnect-3.0.11-SNAPSHOT.jar:/home/runner/work/apicurio-testing/apicurio-testing/clusters/ci419/namespaces/postgresql/tests/integration/apicurio-registry/schema-util/openapi/target/apicurio-registry-schema-util-openapi-3.0.11-SNAPSHOT.jar:/home/runner/.m2/repository/io/apicurio/apicurio-data-models/2.2.1/apicurio-data-models-2.2.1.jar:/home/runner/.m2/repository/org/openapitools/openapidiff/openapi-diff-core/2.1.2/openapi-diff-core-2.1.2.jar:/home/runner/.m2/repository/io/swagger/parser/v3/swagger-parser/2.1.28/swagger-parser-2.1.28.jar:/home/runner/.m2/repository/io/swagger/parser/v3/swagger-parser-v2-converter/2.1.28/swagger-parser-v2-converter-2.1.28.jar:/home/runner/.m2/repository/io/swagger/swagger-core/1.6.16/swagger-core-1.6.16.jar:/home/runner/.m2/repository/io/swagger/swagger-models/1.6.16/swagger-models-1.6.16.jar:/home/runner/.m2/repository/io/swagger/swagger-annotations/1.6.16/swagger-annotations-1.6.16.jar:/home/runner/.m2/repository/io/swagger/swagger-parser/1.0.75/swagger-parser-1.0.75.jar:/home/runner/.m2/repository/io/swagger/swagger-parser-safe-url-resolver/1.0.75/swagger-parser-safe-url-resolver-1.0.75.jar:/home/runner/.m2/repository/io/swagger/swagger-compat-spec-parser/1.0.75/swagger-compat-spec-parser-1.0.75.jar:/home/runner/.m2/repository/com/github/java-json-tools/json-schema-validator/2.2.14/json-schema-validator-2.2.14.jar:/home/runner/.m2/repository/com/github/java-json-tools/jackson-coreutils-equivalence/1.0/jackson-coreutils-equivalence-1.0.jar:/home/runner/.m2/repository/com/github/java-json-tools/json-schema-core/1.2.14/json-schema-core-1.2.14.jar:/home/runner/.m2/repository/com/github/java-json-tools/uri-template/0.10/uri-template-0.10.jar:/home/runner/.m2/repository/com/googlecode/libphonenumber/libphonenumber/8.11.1/libphonenumber-8.11.1.jar:/home/runner/.m2/repository/com/j2html/j2html/1.6.0/j2html-1.6.0.jar:/home/runner/.m2/repository/org/apache/commons/commons-collections4/4.5.0/commons-collections4-4.5.0.jar:/home/runner/.m2/repository/org/apache/commons/commons-configuration2/2.12.0/commons-configuration2-2.12.0.jar:/home/runner/.m2/repository/org/apache/commons/commons-text/1.13.0/commons-text-1.13.0.jar:/home/runner/.m2/repository/org/slf4j/jcl-over-slf4j/2.0.17/jcl-over-slf4j-2.0.17.jar:/home/runner/.m2/repository/io/swagger/parser/v3/swagger-parser-v3/2.1.30/swagger-parser-v3-2.1.30.jar:/home/runner/.m2/repository/io/swagger/core/v3/swagger-models/2.2.34/swagger-models-2.2.34.jar:/home/runner/.m2/repository/io/swagger/core/v3/swagger-core/2.2.34/swagger-core-2.2.34.jar:/home/runner/.m2/repository/io/swagger/parser/v3/swagger-parser-core/2.1.30/swagger-parser-core-2.1.30.jar:/home/runner/.m2/repository/io/swagger/parser/v3/swagger-parser-safe-url-resolver/2.1.30/swagger-parser-safe-url-resolver-2.1.30.jar:/home/runner/work/apicurio-testing/apicurio-testing/clusters/ci419/namespaces/postgresql/tests/integration/apicurio-registry/schema-util/wsdl/target/apicurio-registry-schema-util-wsdl-3.0.11-SNAPSHOT.jar:/home/runner/.m2/repository/wsdl4j/wsdl4j/1.6.3/wsdl4j-1.6.3.jar:/home/runner/work/apicurio-testing/apicurio-testing/clusters/ci419/namespaces/postgresql/tests/integration/apicurio-registry/schema-util/xml/target/apicurio-registry-schema-util-xml-3.0.11-SNAPSHOT.jar:/home/runner/.m2/repository/org/apache/santuario/xmlsec/4.0.3/xmlsec-4.0.3.jar:/home/runner/.m2/repository/com/fasterxml/woodstox/woodstox-core/7.1.0/woodstox-core-7.1.0.jar:/home/runner/.m2/repository/org/codehaus/woodstox/stax2-api/4.2.2/stax2-api-4.2.2.jar:/home/runner/work/apicurio-testing/apicurio-testing/clusters/ci419/namespaces/postgresql/tests/integration/apicurio-registry/schema-util/xsd/target/apicurio-registry-schema-util-xsd-3.0.11-SNAPSHOT.jar:/home/runner/work/apicurio-testing/apicurio-testing/clusters/ci419/namespaces/postgresql/tests/integration/apicurio-registry/serdes/kafka/jsonschema-serde/target/apicurio-registry-jsonschema-serde-kafka-3.0.11-SNAPSHOT.jar:/home/runner/work/apicurio-testing/apicurio-testing/clusters/ci419/namespaces/postgresql/tests/integration/apicurio-registry/serdes/kafka/serde-kafka-common/target/apicurio-registry-serde-kafka-common-3.0.11-SNAPSHOT.jar:/home/runner/work/apicurio-testing/apicurio-testing/clusters/ci419/namespaces/postgresql/tests/integration/apicurio-registry/serdes/generic/serde-common/target/apicurio-registry-serde-common-3.0.11-SNAPSHOT.jar:/home/runner/work/apicurio-testing/apicurio-testing/clusters/ci419/namespaces/postgresql/tests/integration/apicurio-registry/serdes/generic/serde-common-jsonschema/target/apicurio-registry-serde-common-jsonschema-3.0.11-SNAPSHOT.jar:/home/runner/.m2/repository/org/json/json/20250107/json-20250107.jar:/home/runner/work/apicurio-testing/apicurio-testing/clusters/ci419/namespaces/postgresql/tests/integration/apicurio-registry/serdes/kafka/avro-serde/target/apicurio-registry-avro-serde-kafka-3.0.11-SNAPSHOT.jar:/home/runner/work/apicurio-testing/apicurio-testing/clusters/ci419/namespaces/postgresql/tests/integration/apicurio-registry/serdes/generic/serde-common-avro/target/apicurio-registry-serde-common-avro-3.0.11-SNAPSHOT.jar:/home/runner/work/apicurio-testing/apicurio-testing/clusters/ci419/namespaces/postgresql/tests/integration/apicurio-registry/serdes/kafka/protobuf-serde/target/apicurio-registry-protobuf-serde-kafka-3.0.11-SNAPSHOT.jar:/home/runner/work/apicurio-testing/apicurio-testing/clusters/ci419/namespaces/postgresql/tests/integration/apicurio-registry/serdes/generic/serde-common-protobuf/target/apicurio-registry-serde-common-protobuf-3.0.11-SNAPSHOT.jar:/home/runner/.m2/repository/com/squareup/wire/wire-schema/5.3.3/wire-schema-5.3.3.jar:/home/runner/.m2/repository/com/squareup/wire/wire-runtime/5.3.3/wire-runtime-5.3.3.jar:/home/runner/work/apicurio-testing/apicurio-testing/clusters/ci419/namespaces/postgresql/tests/integration/apicurio-registry/serdes/pulsar/avro-serde/target/apicurio-registry-avro-serde-pulsar-3.0.11-SNAPSHOT.jar:/home/runner/.m2/repository/org/apache/pulsar/pulsar-functions-api/3.3.4/pulsar-functions-api-3.3.4.jar:/home/runner/work/apicurio-testing/apicurio-testing/clusters/ci419/namespaces/postgresql/tests/integration/apicurio-registry/serdes/nats/avro-serde/target/apicurio-registry-avro-serde-nats-3.0.11-SNAPSHOT.jar:/home/runner/.m2/repository/io/nats/jnats/2.20.5/jnats-2.20.5.jar:/home/runner/.m2/repository/net/i2p/crypto/eddsa/0.3.0/eddsa-0.3.0.jar:/home/runner/work/apicurio-testing/apicurio-testing/clusters/ci419/namespaces/postgresql/tests/integration/apicurio-registry/utils/converter/target/apicurio-registry-utils-converter-3.0.11-SNAPSHOT.jar:/home/runner/work/apicurio-testing/apicurio-testing/clusters/ci419/namespaces/postgresql/tests/integration/apicurio-registry/schema-resolver/target/apicurio-registry-schema-resolver-3.0.11-SNAPSHOT.jar:/home/runner/.m2/repository/org/apache/kafka/connect-api/3.9.1/connect-api-3.9.1.jar:/home/runner/.m2/repository/javax/ws/rs/javax.ws.rs-api/2.1.1/javax.ws.rs-api-2.1.1.jar:/home/runner/.m2/repository/org/apache/kafka/connect-json/3.9.1/connect-json-3.9.1.jar:/home/runner/.m2/repository/com/fasterxml/jackson/datatype/jackson-datatype-jdk8/2.18.2/jackson-datatype-jdk8-2.18.2.jar:/home/runner/.m2/repository/com/fasterxml/jackson/module/jackson-module-afterburner/2.18.2/jackson-module-afterburner-2.18.2.jar:/home/runner/work/apicurio-testing/apicurio-testing/clusters/ci419/namespaces/postgresql/tests/integration/apicurio-registry/utils/kafka/target/apicurio-registry-utils-kafka-3.0.11-SNAPSHOT.jar:/home/runner/.m2/repository/org/apache/pulsar/pulsar-client/3.3.4/pulsar-client-3.3.4.jar:/home/runner/.m2/repository/org/apache/pulsar/pulsar-client-api/3.3.4/pulsar-client-api-3.3.4.jar:/home/runner/.m2/repository/org/apache/pulsar/pulsar-client-admin-api/3.3.4/pulsar-client-admin-api-3.3.4.jar:/home/runner/.m2/repository/org/apache/pulsar/bouncy-castle-bc/3.3.4/bouncy-castle-bc-3.3.4-pkg.jar:/home/runner/.m2/repository/org/bouncycastle/bcpkix-jdk18on/1.80/bcpkix-jdk18on-1.80.jar:/home/runner/.m2/repository/org/bouncycastle/bcutil-jdk18on/1.80/bcutil-jdk18on-1.80.jar:/home/runner/.m2/repository/org/bouncycastle/bcprov-jdk18on/1.80/bcprov-jdk18on-1.80.jar:/home/runner/.m2/repository/io/opentelemetry/opentelemetry-api/1.44.1/opentelemetry-api-1.44.1.jar:/home/runner/.m2/repository/io/opentelemetry/opentelemetry-context/1.44.1/opentelemetry-context-1.44.1.jar:/home/runner/.m2/repository/io/opentelemetry/opentelemetry-api-incubator/1.44.1-alpha/opentelemetry-api-incubator-1.44.1-alpha.jar:/home/runner/.m2/repository/com/fasterxml/jackson/core/jackson-annotations/2.18.2/jackson-annotations-2.18.2.jar:/home/runner/.m2/repository/javax/validation/validation-api/1.1.0.Final/validation-api-1.1.0.Final.jar:/home/runner/.m2/repository/io/confluent/kafka-avro-serializer/8.0.0/kafka-avro-serializer-8.0.0.jar:/home/runner/.m2/repository/org/apache/commons/commons-compress/1.27.1/commons-compress-1.27.1.jar:/home/runner/.m2/repository/io/confluent/kafka-schema-serializer/8.0.0/kafka-schema-serializer-8.0.0.jar:/home/runner/.m2/repository/com/fasterxml/jackson/dataformat/jackson-dataformat-csv/2.18.2/jackson-dataformat-csv-2.18.2.jar:/home/runner/.m2/repository/io/confluent/kafka-schema-registry-client/8.0.0/kafka-schema-registry-client-8.0.0.jar:/home/runner/.m2/repository/org/yaml/snakeyaml/2.3/snakeyaml-2.3.jar:/home/runner/.m2/repository/io/swagger/core/v3/swagger-annotations/2.2.29/swagger-annotations-2.2.29.jar:/home/runner/.m2/repository/com/google/guava/guava/33.4.0-jre/guava-33.4.0-jre.jar:/home/runner/.m2/repository/com/google/guava/failureaccess/1.0.1/failureaccess-1.0.1.jar:/home/runner/.m2/repository/org/checkerframework/checker-qual/3.49.0/checker-qual-3.49.0.jar:/home/runner/.m2/repository/io/confluent/logredactor/1.0.13/logredactor-1.0.13.jar:/home/runner/.m2/repository/com/google/re2j/re2j/1.6/re2j-1.6.jar:/home/runner/.m2/repository/io/confluent/logredactor-metrics/1.0.13/logredactor-metrics-1.0.13.jar:/home/runner/.m2/repository/com/eclipsesource/minimal-json/minimal-json/0.9.5/minimal-json-0.9.5.jar:/home/runner/.m2/repository/io/confluent/common-utils/8.0.0/common-utils-8.0.0.jar:/home/runner/.m2/repository/io/confluent/kafka-connect-avro-converter/8.0.0/kafka-connect-avro-converter-8.0.0.jar:/home/runner/.m2/repository/io/confluent/kafka-connect-avro-data/8.0.0/kafka-connect-avro-data-8.0.0.jar:/home/runner/.m2/repository/io/confluent/kafka-schema-converter/8.0.0/kafka-schema-converter-8.0.0.jar:/home/runner/.m2/repository/io/rest-assured/rest-assured/5.5.1/rest-assured-5.5.1.jar:/home/runner/.m2/repository/org/apache/groovy/groovy/4.0.22/groovy-4.0.22.jar:/home/runner/.m2/repository/org/apache/groovy/groovy-xml/4.0.22/groovy-xml-4.0.22.jar:/home/runner/.m2/repository/org/apache/httpcomponents/httpclient/4.5.14/httpclient-4.5.14.jar:/home/runner/.m2/repository/org/apache/httpcomponents/httpcore/4.4.16/httpcore-4.4.16.jar:/home/runner/.m2/repository/org/apache/httpcomponents/httpmime/4.5.14/httpmime-4.5.14.jar:/home/runner/.m2/repository/org/hamcrest/hamcrest/2.2/hamcrest-2.2.jar:/home/runner/.m2/repository/org/ccil/cowan/tagsoup/tagsoup/1.2.1/tagsoup-1.2.1.jar:/home/runner/.m2/repository/io/rest-assured/json-path/5.5.1/json-path-5.5.1.jar:/home/runner/.m2/repository/org/apache/groovy/groovy-json/4.0.22/groovy-json-4.0.22.jar:/home/runner/.m2/repository/io/rest-assured/rest-assured-common/5.5.1/rest-assured-common-5.5.1.jar:/home/runner/.m2/repository/io/rest-assured/xml-path/5.5.1/xml-path-5.5.1.jar:/home/runner/.m2/repository/io/zonky/test/embedded-postgres/2.1.0/embedded-postgres-2.1.0.jar:/home/runner/.m2/repository/io/zonky/test/postgres/embedded-postgres-binaries-windows-amd64/14.15.0/embedded-postgres-binaries-windows-amd64-14.15.0.jar:/home/runner/.m2/repository/io/zonky/test/postgres/embedded-postgres-binaries-darwin-amd64/14.15.0/embedded-postgres-binaries-darwin-amd64-14.15.0.jar:/home/runner/.m2/repository/io/zonky/test/postgres/embedded-postgres-binaries-linux-amd64/14.15.0/embedded-postgres-binaries-linux-amd64-14.15.0.jar:/home/runner/.m2/repository/io/zonky/test/postgres/embedded-postgres-binaries-linux-amd64-alpine/14.15.0/embedded-postgres-binaries-linux-amd64-alpine-14.15.0.jar:/home/runner/.m2/repository/org/apache/commons/commons-lang3/3.17.0/commons-lang3-3.17.0.jar:/home/runner/.m2/repository/org/tukaani/xz/1.10/xz-1.10.jar:/home/runner/.m2/repository/commons-codec/commons-codec/1.18.0/commons-codec-1.18.0.jar:/home/runner/.m2/repository/org/postgresql/postgresql/42.7.5/postgresql-42.7.5.jar:/home/runner/.m2/repository/commons-io/commons-io/2.18.0/commons-io-2.18.0.jar:/home/runner/work/apicurio-testing/apicurio-testing/clusters/ci419/namespaces/postgresql/tests/integration/apicurio-registry/utils/importexport/target/apicurio-registry-utils-import-export-3.0.11-SNAPSHOT.jar:/home/runner/.m2/repository/io/vertx/vertx-core/4.5.14/vertx-core-4.5.14.jar:/home/runner/.m2/repository/io/netty/netty-common/4.1.119.Final/netty-common-4.1.119.Final.jar:/home/runner/.m2/repository/io/netty/netty-buffer/4.1.119.Final/netty-buffer-4.1.119.Final.jar:/home/runner/.m2/repository/io/netty/netty-transport/4.1.119.Final/netty-transport-4.1.119.Final.jar:/home/runner/.m2/repository/io/netty/netty-handler/4.1.119.Final/netty-handler-4.1.119.Final.jar:/home/runner/.m2/repository/io/netty/netty-transport-native-unix-common/4.1.119.Final/netty-transport-native-unix-common-4.1.119.Final.jar:/home/runner/.m2/repository/io/netty/netty-codec/4.1.119.Final/netty-codec-4.1.119.Final.jar:/home/runner/.m2/repository/io/netty/netty-handler-proxy/4.1.119.Final/netty-handler-proxy-4.1.119.Final.jar:/home/runner/.m2/repository/io/netty/netty-codec-socks/4.1.119.Final/netty-codec-socks-4.1.119.Final.jar:/home/runner/.m2/repository/io/netty/netty-codec-http/4.1.119.Final/netty-codec-http-4.1.119.Final.jar:/home/runner/.m2/repository/io/netty/netty-codec-http2/4.1.119.Final/netty-codec-http2-4.1.119.Final.jar:/home/runner/.m2/repository/io/netty/netty-resolver/4.1.119.Final/netty-resolver-4.1.119.Final.jar:/home/runner/.m2/repository/io/netty/netty-resolver-dns/4.1.119.Final/netty-resolver-dns-4.1.119.Final.jar:/home/runner/.m2/repository/io/netty/netty-codec-dns/4.1.119.Final/netty-codec-dns-4.1.119.Final.jar:/home/runner/.m2/repository/com/fasterxml/jackson/core/jackson-core/2.18.2/jackson-core-2.18.2.jar:"/>
    <property name="sun.cpu.endian" value="little"/>
    <property name="user.home" value="/home/runner"/>
    <property name="user.language" value="en"/>
    <property name="jboss.log-version" value="false"/>
    <property name="java.specification.vendor" value="Oracle Corporation"/>
    <property name="java.version.date" value="2025-07-15"/>
    <property name="java.home" value="/usr/lib/jvm/temurin-17-jdk-amd64"/>
    <property name="file.separator" value="/"/>
    <property name="basedir" value="/home/runner/work/apicurio-testing/apicurio-testing/clusters/ci419/namespaces/postgresql/tests/integration/apicurio-registry/integration-tests"/>
    <property name="java.vm.compressedOopsMode" value="32-bit"/>
    <property name="line.separator" value="&#10;"/>
    <property name="java.specification.name" value="Java Platform API Specification"/>
    <property name="java.vm.specification.vendor" value="Oracle Corporation"/>
    <property name="quarkus.http.test-host" value="registry-app-postgresql.apps.ci419.apicurio-testing.org"/>
    <property name="surefire.real.class.path" value="/home/runner/work/apicurio-testing/apicurio-testing/clusters/ci419/namespaces/postgresql/tests/integration/apicurio-registry/integration-tests/target/surefire/surefirebooter-20250731170047409_3.jar"/>
    <property name="sun.management.compiler" value="HotSpot 64-Bit Tiered Compilers"/>
    <property name="org.eclipse.jetty.http.HttpGenerator.STRICT" value="true"/>
    <property name="java.runtime.version" value="17.0.16+8"/>
    <property name="user.name" value="runner"/>
    <property name="path.separator" value=":"/>
    <property name="os.version" value="6.8.0-1031-azure"/>
    <property name="java.runtime.name" value="OpenJDK Runtime Environment"/>
    <property name="file.encoding" value="UTF-8"/>
    <property name="jnidispatch.path" value="/home/runner/.cache/JNA/temp/jna4623238576762462006.tmp"/>
    <property name="java.vm.name" value="OpenJDK 64-Bit Server VM"/>
    <property name="jna.platform.library.path" value="/usr/lib/x86_64-linux-gnu:/lib/x86_64-linux-gnu:/usr/lib64:/lib64:/usr/lib:/lib:/lib32:/usr/local/lib:/usr/lib/x86_64-linux-gnu/libfakeroot"/>
    <property name="java.vendor.version" value="Temurin-17.0.16+8"/>
    <property name="quarkus.oidc.token-path" value="https://keycloak-postgresql.apps.ci419.apicurio-testing.org/realms/registry/protocol/openid-connect/token"/>
    <property name="quarkus.http.host" value="registry-app-postgresql.apps.ci419.apicurio-testing.org"/>
    <property name="localRepository" value="/home/runner/.m2/repository"/>
    <property name="javax.xml.xpath.XPathFactory:http://java.sun.com/jaxp/xpath/dom" value="com.sun.org.apache.xpath.internal.jaxp.XPathFactoryImpl"/>
    <property name="jna.loaded" value="true"/>
    <property name="java.vendor.url.bug" value="https://github.com/adoptium/adoptium-support/issues"/>
    <property name="jetty.git.hash" value="5bc5e562c8d05c5862505aebe5cf83a61bdbcb96"/>
    <property name="java.io.tmpdir" value="/tmp"/>
    <property name="quarkus.http.test-protocol" value="http"/>
    <property name="java.version" value="17.0.16"/>
    <property name="user.dir" value="/home/runner/work/apicurio-testing/apicurio-testing/clusters/ci419/namespaces/postgresql/tests/integration/apicurio-registry/integration-tests"/>
    <property name="os.arch" value="amd64"/>
    <property name="groups" value="( smoke | serdes | acceptance | ui)"/>
    <property name="java.vm.specification.name" value="Java Virtual Machine Specification"/>
    <property name="native.encoding" value="UTF-8"/>
    <property name="java.util.logging.manager" value="org.jboss.logmanager.LogManager"/>
    <property name="java.library.path" value="/usr/java/packages/lib:/usr/lib64:/lib64:/lib:/usr/lib"/>
    <property name="jdk.console" value="java.base"/>
    <property name="java.vm.info" value="mixed mode, sharing"/>
    <property name="java.vendor" value="Eclipse Adoptium"/>
    <property name="java.vm.version" value="17.0.16+8"/>
    <property name="java.specification.maintenance.version" value="1"/>
    <property name="sun.io.unicode.encoding" value="UnicodeLittle"/>
    <property name="javax.xml.transform.TransformerFactory" value="com.sun.org.apache.xalan.internal.xsltc.trax.TransformerFactoryImpl"/>
    <property name="java.class.version" value="61.0"/>
  </properties>
  <testcase name="testGlobalIdInHeaders" classname="io.apicurio.tests.serdes.apicurio.AvroSerdeIT" time="3.665">
    <system-out><![CDATA[**** Registry Base URL: http://registry-app-postgresql.apps.ci419.apicurio-testing.org:80
**** Registry Base URL: http://registry-app-postgresql.apps.ci419.apicurio-testing.org:80
2025-07-31 17:00:59,622 INFO  [io.api.tes.ser.api.AvroSerdeIT] (main) RestAssured configured with http://registry-app-postgresql.apps.ci419.apicurio-testing.org:80/apis/registry/v3
2025-07-31 17:00:59,622 INFO  [io.api.tes.uti.KafkaFacade] (main) Starting kafka container
2025-07-31 17:00:59,669 INFO  [org.tes.ima.PullPolicy] (main) Image pull policy will be performed by: DefaultPullPolicy()
2025-07-31 17:00:59,672 INFO  [org.tes.uti.ImageNameSubstitutor] (main) Image name substitution will be performed by: DefaultImageNameSubstitutor (composite of 'ConfigurationFileImageNameSubstitutor' and 'PrefixingImageNameSubstitutor')
2025-07-31 17:00:59,684 INFO  [org.tes.DockerClientFactory] (main) Testcontainers version: 1.20.6
2025-07-31 17:01:00,231 INFO  [org.tes.doc.DockerClientProviderStrategy] (main) Found Docker environment with local Unix socket (unix:///var/run/docker.sock)
2025-07-31 17:01:00,239 INFO  [org.tes.DockerClientFactory] (main) Docker host IP address is localhost
2025-07-31 17:01:00,256 INFO  [org.tes.DockerClientFactory] (main) Connected to docker: 
  Server Version: 28.0.4
  API Version: 1.48
  Operating System: Ubuntu 22.04.5 LTS
  Total Memory: 7944 MB
2025-07-31 17:01:00,296 INFO  [tc.tes.11.0] (main) Pulling docker image: testcontainers/ryuk:0.11.0. Please be patient; this may take some time but only needs to be done once.
2025-07-31 17:01:00,566 INFO  [tc.tes.11.0] (docker-java-stream--1295187651) Starting to pull image
2025-07-31 17:01:00,600 INFO  [tc.tes.11.0] (docker-java-stream--1295187651) Pulling image layers:  0 pending,  0 downloaded,  0 extracted, (0 bytes/0 bytes)
2025-07-31 17:01:00,740 INFO  [tc.tes.11.0] (docker-java-stream--1295187651) Pulling image layers:  2 pending,  1 downloaded,  0 extracted, (107 KB/? MB)
2025-07-31 17:01:00,757 INFO  [tc.tes.11.0] (docker-java-stream--1295187651) Pulling image layers:  1 pending,  2 downloaded,  0 extracted, (906 KB/? MB)
2025-07-31 17:01:00,763 INFO  [tc.tes.11.0] (docker-java-stream--1295187651) Pulling image layers:  0 pending,  3 downloaded,  0 extracted, (906 KB/10 MB)
2025-07-31 17:01:00,869 INFO  [tc.tes.11.0] (docker-java-stream--1295187651) Pulling image layers:  0 pending,  3 downloaded,  1 extracted, (4 MB/10 MB)
2025-07-31 17:01:01,849 INFO  [tc.tes.11.0] (docker-java-stream--1295187651) Pulling image layers:  0 pending,  3 downloaded,  2 extracted, (4 MB/10 MB)
2025-07-31 17:01:01,897 INFO  [tc.tes.11.0] (docker-java-stream--1295187651) Pulling image layers:  0 pending,  3 downloaded,  3 extracted, (10 MB/10 MB)
2025-07-31 17:01:01,906 INFO  [tc.tes.11.0] (docker-java-stream--1295187651) Pull complete. 3 layers, pulled in 1s (downloaded 10 MB at 10 MB/s)
2025-07-31 17:01:01,906 INFO  [tc.tes.11.0] (main) Image testcontainers/ryuk:0.11.0 pull took PT1.609959985S
2025-07-31 17:01:01,935 INFO  [tc.tes.11.0] (main) Creating container for image: testcontainers/ryuk:0.11.0
2025-07-31 17:01:02,027 INFO  [tc.tes.11.0] (main) Container testcontainers/ryuk:0.11.0 is starting: dd39d8b6fca15b4078166e8a4ce601cd489745b7160d93f9c58202743389e67b
2025-07-31 17:01:02,453 INFO  [tc.tes.11.0] (main) Container testcontainers/ryuk:0.11.0 started in PT0.518019681S
2025-07-31 17:01:02,457 INFO  [org.tes.uti.RyukResourceReaper] (main) Ryuk started - will monitor and terminate Testcontainers containers on JVM exit
2025-07-31 17:01:02,458 INFO  [org.tes.DockerClientFactory] (main) Checking the system...
2025-07-31 17:01:02,458 INFO  [org.tes.DockerClientFactory] (main) ✔︎ Docker server version should be at least 1.6.0
2025-07-31 17:01:02,463 INFO  [io.str.tes.con.KafkaVersionService] (main) Latest release of Kafka is:LogicalKafkaVersionEntity{version='3.7.1', image='quay.io/strimzi-test-container/test-container:0.107.0-kafka-3.7.1'}
2025-07-31 17:01:02,463 INFO  [io.str.tes.con.KafkaVersionService] (main) Latest release of Kafka is:LogicalKafkaVersionEntity{version='3.7.1', image='quay.io/strimzi-test-container/test-container:0.107.0-kafka-3.7.1'}
2025-07-31 17:01:02,463 INFO  [io.str.tes.con.KafkaVersionService] (main) No Kafka version specified. Using latest release: quay.io/strimzi-test-container/test-container:0.107.0-kafka-3.7.1
2025-07-31 17:01:02,466 INFO  [tc.qua.io/.107.0-k.7.1] (main) Pulling docker image: quay.io/strimzi-test-container/test-container:0.107.0-kafka-3.7.1. Please be patient; this may take some time but only needs to be done once.
2025-07-31 17:01:02,833 INFO  [tc.qua.io/.107.0-k.7.1] (docker-java-stream--720530420) Starting to pull image
2025-07-31 17:01:02,834 INFO  [tc.qua.io/.107.0-k.7.1] (docker-java-stream--720530420) Pulling image layers:  0 pending,  0 downloaded,  0 extracted, (0 bytes/0 bytes)
2025-07-31 17:01:03,074 INFO  [tc.qua.io/.107.0-k.7.1] (docker-java-stream--720530420) Pulling image layers:  4 pending,  1 downloaded,  0 extracted, (997 bytes/? MB)
2025-07-31 17:01:04,991 INFO  [tc.qua.io/.107.0-k.7.1] (docker-java-stream--720530420) Pulling image layers:  3 pending,  2 downloaded,  0 extracted, (184 MB/? MB)
2025-07-31 17:01:05,019 INFO  [tc.qua.io/.107.0-k.7.1] (docker-java-stream--720530420) Pulling image layers:  2 pending,  3 downloaded,  0 extracted, (191 MB/? MB)
2025-07-31 17:01:05,139 INFO  [tc.qua.io/.107.0-k.7.1] (docker-java-stream--720530420) Pulling image layers:  1 pending,  4 downloaded,  0 extracted, (200 MB/? MB)
2025-07-31 17:01:05,798 INFO  [tc.qua.io/.107.0-k.7.1] (docker-java-stream--720530420) Pulling image layers:  0 pending,  5 downloaded,  0 extracted, (225 MB/231 MB)
2025-07-31 17:01:05,957 INFO  [tc.qua.io/.107.0-k.7.1] (docker-java-stream--720530420) Pulling image layers:  0 pending,  5 downloaded,  1 extracted, (226 MB/231 MB)
2025-07-31 17:01:09,792 INFO  [tc.qua.io/.107.0-k.7.1] (docker-java-stream--720530420) Pulling image layers:  0 pending,  5 downloaded,  2 extracted, (227 MB/231 MB)
2025-07-31 17:01:09,810 INFO  [tc.qua.io/.107.0-k.7.1] (docker-java-stream--720530420) Pulling image layers:  0 pending,  5 downloaded,  3 extracted, (227 MB/231 MB)
2025-07-31 17:01:10,892 INFO  [tc.qua.io/.107.0-k.7.1] (docker-java-stream--720530420) Pulling image layers:  0 pending,  5 downloaded,  4 extracted, (231 MB/231 MB)
2025-07-31 17:01:10,911 INFO  [tc.qua.io/.107.0-k.7.1] (docker-java-stream--720530420) Pulling image layers:  0 pending,  5 downloaded,  5 extracted, (231 MB/231 MB)
2025-07-31 17:01:10,922 INFO  [tc.qua.io/.107.0-k.7.1] (main) Image quay.io/strimzi-test-container/test-container:0.107.0-kafka-3.7.1 pull took PT8.455777312S
2025-07-31 17:01:10,922 INFO  [tc.qua.io/.107.0-k.7.1] (docker-java-stream--720530420) Pull complete. 5 layers, pulled in 8s (downloaded 231 MB at 28 MB/s)
2025-07-31 17:01:10,926 INFO  [tc.qua.io/.107.0-k.7.1] (main) Creating container for image: quay.io/strimzi-test-container/test-container:0.107.0-kafka-3.7.1
2025-07-31 17:01:11,006 INFO  [tc.qua.io/.107.0-k.7.1] (main) Container quay.io/strimzi-test-container/test-container:0.107.0-kafka-3.7.1 is starting: b555c6fdc9c1d5fc198c2ecd48bd33a5060efdae18894f3de38fef0f315efcb3
2025-07-31 17:01:11,208 INFO  [io.str.tes.con.StrimziKafkaContainer] (main) Mapped port: 32770
2025-07-31 17:01:11,212 INFO  [io.str.tes.con.StrimziKafkaContainer] (main) This is all advertised listeners for Kafka PLAINTEXT://localhost:32770,BROKER1://172.18.0.2:9093
2025-07-31 17:01:11,212 INFO  [io.str.tes.con.StrimziKafkaContainer] (main) Using internal ZooKeeper 'zookeeper.connect=localhost:2181.'
2025-07-31 17:01:11,213 INFO  [io.str.tes.con.StrimziKafkaContainer] (main) Copying command to 'STARTER_SCRIPT' script.
2025-07-31 17:01:15,361 INFO  [tc.qua.io/.107.0-k.7.1] (main) Container quay.io/strimzi-test-container/test-container:0.107.0-kafka-3.7.1 started in PT4.435588904S
2025-07-31 17:01:15,366 INFO  [io.api.tes.uti.TestSeparator] (main) ############################################################################
2025-07-31 17:01:15,368 INFO  [io.api.tes.uti.TestSeparator] (main) io.apicurio.tests.serdes.apicurio.AvroSerdeIT.testGlobalIdInHeaders-STARTED
2025-07-31 17:01:15,387 INFO  [org.apa.kaf.cli.adm.AdminClientConfig] (main) AdminClientConfig values: 
	auto.include.jmx.reporter = true
	bootstrap.controllers = []
	bootstrap.servers = [PLAINTEXT://localhost:32770]
	client.dns.lookup = use_all_dns_ips
	client.id = 
	connections.max.idle.ms = 10000
	default.api.timeout.ms = 60000
	enable.metrics.push = true
	metadata.max.age.ms = 300000
	metadata.recovery.strategy = none
	metric.reporters = []
	metrics.num.samples = 2
	metrics.recording.level = INFO
	metrics.sample.window.ms = 30000
	receive.buffer.bytes = 65536
	reconnect.backoff.max.ms = 1000
	reconnect.backoff.ms = 50
	request.timeout.ms = 5000
	retries = 2147483647
	retry.backoff.max.ms = 1000
	retry.backoff.ms = 100
	sasl.client.callback.handler.class = null
	sasl.jaas.config = null
	sasl.kerberos.kinit.cmd = /usr/bin/kinit
	sasl.kerberos.min.time.before.relogin = 60000
	sasl.kerberos.service.name = null
	sasl.kerberos.ticket.renew.jitter = 0.05
	sasl.kerberos.ticket.renew.window.factor = 0.8
	sasl.login.callback.handler.class = null
	sasl.login.class = null
	sasl.login.connect.timeout.ms = null
	sasl.login.read.timeout.ms = null
	sasl.login.refresh.buffer.seconds = 300
	sasl.login.refresh.min.period.seconds = 60
	sasl.login.refresh.window.factor = 0.8
	sasl.login.refresh.window.jitter = 0.05
	sasl.login.retry.backoff.max.ms = 10000
	sasl.login.retry.backoff.ms = 100
	sasl.mechanism = GSSAPI
	sasl.oauthbearer.clock.skew.seconds = 30
	sasl.oauthbearer.expected.audience = null
	sasl.oauthbearer.expected.issuer = null
	sasl.oauthbearer.header.urlencode = false
	sasl.oauthbearer.jwks.endpoint.refresh.ms = 3600000
	sasl.oauthbearer.jwks.endpoint.retry.backoff.max.ms = 10000
	sasl.oauthbearer.jwks.endpoint.retry.backoff.ms = 100
	sasl.oauthbearer.jwks.endpoint.url = null
	sasl.oauthbearer.scope.claim.name = scope
	sasl.oauthbearer.sub.claim.name = sub
	sasl.oauthbearer.token.endpoint.url = null
	security.protocol = PLAINTEXT
	security.providers = null
	send.buffer.bytes = 131072
	socket.connection.setup.timeout.max.ms = 30000
	socket.connection.setup.timeout.ms = 10000
	ssl.cipher.suites = null
	ssl.enabled.protocols = [TLSv1.2, TLSv1.3]
	ssl.endpoint.identification.algorithm = https
	ssl.engine.factory.class = null
	ssl.key.password = null
	ssl.keymanager.algorithm = SunX509
	ssl.keystore.certificate.chain = null
	ssl.keystore.key = null
	ssl.keystore.location = null
	ssl.keystore.password = null
	ssl.keystore.type = JKS
	ssl.protocol = TLSv1.3
	ssl.provider = null
	ssl.secure.random.implementation = null
	ssl.trustmanager.algorithm = PKIX
	ssl.truststore.certificates = null
	ssl.truststore.location = null
	ssl.truststore.password = null
	ssl.truststore.type = JKS

2025-07-31 17:01:16,066 INFO  [org.apa.kaf.com.uti.AppInfoParser] (main) Kafka version: 3.9.1
2025-07-31 17:01:16,067 INFO  [org.apa.kaf.com.uti.AppInfoParser] (main) Kafka commitId: f745dfdcee2b9851
2025-07-31 17:01:16,067 INFO  [org.apa.kaf.com.uti.AppInfoParser] (main) Kafka startTimeMs: 1753981276064
**** Registry Base URL: http://registry-app-postgresql.apps.ci419.apicurio-testing.org:80
2025-07-31 17:01:16,128 INFO  [org.apa.kaf.cli.pro.ProducerConfig] (main) ProducerConfig values: 
	acks = -1
	auto.include.jmx.reporter = true
	batch.size = 16384
	bootstrap.servers = [PLAINTEXT://localhost:32770]
	buffer.memory = 33554432
	client.dns.lookup = use_all_dns_ips
	client.id = Producer-topic-5cbf9f1a_54ef_4984_9887_698cfcf0c58a
	compression.gzip.level = -1
	compression.lz4.level = 9
	compression.type = none
	compression.zstd.level = 3
	connections.max.idle.ms = 10000
	delivery.timeout.ms = 120000
	enable.idempotence = true
	enable.metrics.push = true
	interceptor.classes = []
	key.serializer = class org.apache.kafka.common.serialization.StringSerializer
	linger.ms = 0
	max.block.ms = 60000
	max.in.flight.requests.per.connection = 5
	max.request.size = 1048576
	metadata.max.age.ms = 300000
	metadata.max.idle.ms = 300000
	metadata.recovery.strategy = none
	metric.reporters = []
	metrics.num.samples = 2
	metrics.recording.level = INFO
	metrics.sample.window.ms = 30000
	partitioner.adaptive.partitioning.enable = true
	partitioner.availability.timeout.ms = 0
	partitioner.class = null
	partitioner.ignore.keys = false
	receive.buffer.bytes = 32768
	reconnect.backoff.max.ms = 1000
	reconnect.backoff.ms = 50
	request.timeout.ms = 5000
	retries = 2147483647
	retry.backoff.max.ms = 1000
	retry.backoff.ms = 100
	sasl.client.callback.handler.class = null
	sasl.jaas.config = null
	sasl.kerberos.kinit.cmd = /usr/bin/kinit
	sasl.kerberos.min.time.before.relogin = 60000
	sasl.kerberos.service.name = null
	sasl.kerberos.ticket.renew.jitter = 0.05
	sasl.kerberos.ticket.renew.window.factor = 0.8
	sasl.login.callback.handler.class = null
	sasl.login.class = null
	sasl.login.connect.timeout.ms = null
	sasl.login.read.timeout.ms = null
	sasl.login.refresh.buffer.seconds = 300
	sasl.login.refresh.min.period.seconds = 60
	sasl.login.refresh.window.factor = 0.8
	sasl.login.refresh.window.jitter = 0.05
	sasl.login.retry.backoff.max.ms = 10000
	sasl.login.retry.backoff.ms = 100
	sasl.mechanism = GSSAPI
	sasl.oauthbearer.clock.skew.seconds = 30
	sasl.oauthbearer.expected.audience = null
	sasl.oauthbearer.expected.issuer = null
	sasl.oauthbearer.header.urlencode = false
	sasl.oauthbearer.jwks.endpoint.refresh.ms = 3600000
	sasl.oauthbearer.jwks.endpoint.retry.backoff.max.ms = 10000
	sasl.oauthbearer.jwks.endpoint.retry.backoff.ms = 100
	sasl.oauthbearer.jwks.endpoint.url = null
	sasl.oauthbearer.scope.claim.name = scope
	sasl.oauthbearer.sub.claim.name = sub
	sasl.oauthbearer.token.endpoint.url = null
	security.protocol = PLAINTEXT
	security.providers = null
	send.buffer.bytes = 131072
	socket.connection.setup.timeout.max.ms = 30000
	socket.connection.setup.timeout.ms = 10000
	ssl.cipher.suites = null
	ssl.enabled.protocols = [TLSv1.2, TLSv1.3]
	ssl.endpoint.identification.algorithm = https
	ssl.engine.factory.class = null
	ssl.key.password = null
	ssl.keymanager.algorithm = SunX509
	ssl.keystore.certificate.chain = null
	ssl.keystore.key = null
	ssl.keystore.location = null
	ssl.keystore.password = null
	ssl.keystore.type = JKS
	ssl.protocol = TLSv1.3
	ssl.provider = null
	ssl.secure.random.implementation = null
	ssl.trustmanager.algorithm = PKIX
	ssl.truststore.certificates = null
	ssl.truststore.location = null
	ssl.truststore.password = null
	ssl.truststore.type = JKS
	transaction.timeout.ms = 60000
	transactional.id = null
	value.serializer = class io.apicurio.registry.serde.avro.AvroKafkaSerializer

2025-07-31 17:01:16,185 INFO  [org.apa.kaf.com.tel.int.KafkaMetricsCollector] (main) initializing Kafka metrics collector
2025-07-31 17:01:16,220 INFO  [org.apa.kaf.cli.pro.KafkaProducer] (main) [Producer clientId=Producer-topic-5cbf9f1a_54ef_4984_9887_698cfcf0c58a] Instantiated an idempotent producer.
2025-07-31 17:01:16,268 INFO  [org.apa.kaf.cli.pro.ProducerConfig] (main) These configurations '[apicurio.registry.url, apicurio.registry.auto-register, apicurio.registry.use-id, apicurio.registry.artifact-resolver-strategy]' were supplied but are not used yet.
2025-07-31 17:01:16,268 INFO  [org.apa.kaf.com.uti.AppInfoParser] (main) Kafka version: 3.9.1
2025-07-31 17:01:16,268 INFO  [org.apa.kaf.com.uti.AppInfoParser] (main) Kafka commitId: f745dfdcee2b9851
2025-07-31 17:01:16,268 INFO  [org.apa.kaf.com.uti.AppInfoParser] (main) Kafka startTimeMs: 1753981276268
2025-07-31 17:01:16,269 INFO  [io.api.tes.ser.api.SimpleSerdesTesterBuilder$SimpleSerdesTester] (main) Using producer configuration: {apicurio.registry.url=http://registry-app-postgresql.apps.ci419.apicurio-testing.org:80/apis/registry/v3, apicurio.registry.auto-register=true, apicurio.registry.use-id=globalId, apicurio.registry.artifact-resolver-strategy=io.apicurio.registry.serde.strategy.TopicIdStrategy, value.serializer=io.apicurio.registry.serde.avro.AvroKafkaSerializer, request.timeout.ms=5000, acks=all, bootstrap.servers=PLAINTEXT://localhost:32770, connections.max.idle.ms=10000, key.serializer=org.apache.kafka.common.serialization.StringSerializer, client.id=Producer-topic-5cbf9f1a_54ef_4984_9887_698cfcf0c58a}
2025-07-31 17:01:16,269 INFO  [io.api.tes.ser.api.SimpleSerdesTesterBuilder$SimpleSerdesTester] (main) Using consumer configuration: {apicurio.registry.use-id=globalId}
2025-07-31 17:01:16,274 INFO  [io.api.tes.ser.api.KafkaSerdesTester] (Thread-594) Sending message {"key11753981276100": "value-0"} to topic topic-5cbf9f1a_54ef_4984_9887_698cfcf0c58a
2025-07-31 17:01:16,661 WARN  [org.apa.kaf.cli.NetworkClient] (kafka-producer-network-thread | Producer-topic-5cbf9f1a_54ef_4984_9887_698cfcf0c58a) [Producer clientId=Producer-topic-5cbf9f1a_54ef_4984_9887_698cfcf0c58a] The metadata response from the cluster reported a recoverable issue with correlation id 2 : {topic-5cbf9f1a_54ef_4984_9887_698cfcf0c58a=LEADER_NOT_AVAILABLE}
2025-07-31 17:01:16,664 INFO  [org.apa.kaf.cli.Metadata] (kafka-producer-network-thread | Producer-topic-5cbf9f1a_54ef_4984_9887_698cfcf0c58a) [Producer clientId=Producer-topic-5cbf9f1a_54ef_4984_9887_698cfcf0c58a] Cluster ID: alGoLOtfQj2F2-zKWHmvbA
2025-07-31 17:01:16,812 INFO  [org.apa.kaf.cli.pro.int.TransactionManager] (kafka-producer-network-thread | Producer-topic-5cbf9f1a_54ef_4984_9887_698cfcf0c58a) [Producer clientId=Producer-topic-5cbf9f1a_54ef_4984_9887_698cfcf0c58a] ProducerId set to 0 with epoch 0
2025-07-31 17:01:16,823 WARN  [org.apa.kaf.cli.NetworkClient] (kafka-producer-network-thread | Producer-topic-5cbf9f1a_54ef_4984_9887_698cfcf0c58a) [Producer clientId=Producer-topic-5cbf9f1a_54ef_4984_9887_698cfcf0c58a] The metadata response from the cluster reported a recoverable issue with correlation id 8 : {topic-5cbf9f1a_54ef_4984_9887_698cfcf0c58a=LEADER_NOT_AVAILABLE}
2025-07-31 17:01:17,184 INFO  [io.api.tes.ser.api.KafkaSerdesTester] (Thread-594) Sending message {"key11753981276100": "value-1"} to topic topic-5cbf9f1a_54ef_4984_9887_698cfcf0c58a
2025-07-31 17:01:17,192 INFO  [io.api.tes.ser.api.KafkaSerdesTester] (Thread-594) Sending message {"key11753981276100": "value-2"} to topic topic-5cbf9f1a_54ef_4984_9887_698cfcf0c58a
2025-07-31 17:01:17,199 INFO  [io.api.tes.ser.api.KafkaSerdesTester] (Thread-594) Sending message {"key11753981276100": "value-3"} to topic topic-5cbf9f1a_54ef_4984_9887_698cfcf0c58a
2025-07-31 17:01:17,208 INFO  [io.api.tes.ser.api.KafkaSerdesTester] (Thread-594) Sending message {"key11753981276100": "value-4"} to topic topic-5cbf9f1a_54ef_4984_9887_698cfcf0c58a
2025-07-31 17:01:17,213 INFO  [io.api.tes.ser.api.KafkaSerdesTester] (Thread-594) Sending message {"key11753981276100": "value-5"} to topic topic-5cbf9f1a_54ef_4984_9887_698cfcf0c58a
2025-07-31 17:01:17,222 INFO  [io.api.tes.ser.api.KafkaSerdesTester] (Thread-594) Sending message {"key11753981276100": "value-6"} to topic topic-5cbf9f1a_54ef_4984_9887_698cfcf0c58a
2025-07-31 17:01:17,228 INFO  [io.api.tes.ser.api.KafkaSerdesTester] (Thread-594) Sending message {"key11753981276100": "value-7"} to topic topic-5cbf9f1a_54ef_4984_9887_698cfcf0c58a
2025-07-31 17:01:17,232 INFO  [io.api.tes.ser.api.KafkaSerdesTester] (Thread-594) Sending message {"key11753981276100": "value-8"} to topic topic-5cbf9f1a_54ef_4984_9887_698cfcf0c58a
2025-07-31 17:01:17,239 INFO  [io.api.tes.ser.api.KafkaSerdesTester] (Thread-594) Sending message {"key11753981276100": "value-9"} to topic topic-5cbf9f1a_54ef_4984_9887_698cfcf0c58a
2025-07-31 17:01:17,244 INFO  [io.api.tes.ser.api.KafkaSerdesTester] (Thread-594) Produced 10 messages
2025-07-31 17:01:17,244 INFO  [org.apa.kaf.cli.pro.KafkaProducer] (Thread-594) [Producer clientId=Producer-topic-5cbf9f1a_54ef_4984_9887_698cfcf0c58a] Closing the Kafka producer with timeoutMillis = 9223372036854775807 ms.
2025-07-31 17:01:17,265 INFO  [org.apa.kaf.com.met.Metrics] (Thread-594) Metrics scheduler closed
2025-07-31 17:01:17,265 INFO  [org.apa.kaf.com.met.Metrics] (Thread-594) Closing reporter org.apache.kafka.common.metrics.JmxReporter
2025-07-31 17:01:17,265 INFO  [org.apa.kaf.com.met.Metrics] (Thread-594) Closing reporter org.apache.kafka.common.telemetry.internals.ClientTelemetryReporter
2025-07-31 17:01:17,265 INFO  [org.apa.kaf.com.met.Metrics] (Thread-594) Metrics reporters closed
2025-07-31 17:01:17,266 INFO  [org.apa.kaf.com.uti.AppInfoParser] (Thread-594) App info kafka.producer for Producer-topic-5cbf9f1a_54ef_4984_9887_698cfcf0c58a unregistered
**** Registry Base URL: http://registry-app-postgresql.apps.ci419.apicurio-testing.org:80
2025-07-31 17:01:17,320 INFO  [org.apa.kaf.cli.con.ConsumerConfig] (main) ConsumerConfig values: 
	allow.auto.create.topics = true
	auto.commit.interval.ms = 500
	auto.include.jmx.reporter = true
	auto.offset.reset = earliest
	bootstrap.servers = [PLAINTEXT://localhost:32770]
	check.crcs = true
	client.dns.lookup = use_all_dns_ips
	client.id = consumer-Consumer-topic-5cbf9f1a_54ef_4984_9887_698cfcf0c58a-1
	client.rack = 
	connections.max.idle.ms = 10000
	default.api.timeout.ms = 60000
	enable.auto.commit = true
	enable.metrics.push = true
	exclude.internal.topics = true
	fetch.max.bytes = 52428800
	fetch.max.wait.ms = 500
	fetch.min.bytes = 1
	group.id = Consumer-topic-5cbf9f1a_54ef_4984_9887_698cfcf0c58a
	group.instance.id = null
	group.protocol = classic
	group.remote.assignor = null
	heartbeat.interval.ms = 3000
	interceptor.classes = []
	internal.leave.group.on.close = true
	internal.throw.on.fetch.stable.offset.unsupported = false
	isolation.level = read_uncommitted
	key.deserializer = class org.apache.kafka.common.serialization.StringDeserializer
	max.partition.fetch.bytes = 1048576
	max.poll.interval.ms = 300000
	max.poll.records = 500
	metadata.max.age.ms = 300000
	metadata.recovery.strategy = none
	metric.reporters = []
	metrics.num.samples = 2
	metrics.recording.level = INFO
	metrics.sample.window.ms = 30000
	partition.assignment.strategy = [class org.apache.kafka.clients.consumer.RangeAssignor, class org.apache.kafka.clients.consumer.CooperativeStickyAssignor]
	receive.buffer.bytes = 65536
	reconnect.backoff.max.ms = 1000
	reconnect.backoff.ms = 50
	request.timeout.ms = 5000
	retry.backoff.max.ms = 1000
	retry.backoff.ms = 100
	sasl.client.callback.handler.class = null
	sasl.jaas.config = null
	sasl.kerberos.kinit.cmd = /usr/bin/kinit
	sasl.kerberos.min.time.before.relogin = 60000
	sasl.kerberos.service.name = null
	sasl.kerberos.ticket.renew.jitter = 0.05
	sasl.kerberos.ticket.renew.window.factor = 0.8
	sasl.login.callback.handler.class = null
	sasl.login.class = null
	sasl.login.connect.timeout.ms = null
	sasl.login.read.timeout.ms = null
	sasl.login.refresh.buffer.seconds = 300
	sasl.login.refresh.min.period.seconds = 60
	sasl.login.refresh.window.factor = 0.8
	sasl.login.refresh.window.jitter = 0.05
	sasl.login.retry.backoff.max.ms = 10000
	sasl.login.retry.backoff.ms = 100
	sasl.mechanism = GSSAPI
	sasl.oauthbearer.clock.skew.seconds = 30
	sasl.oauthbearer.expected.audience = null
	sasl.oauthbearer.expected.issuer = null
	sasl.oauthbearer.header.urlencode = false
	sasl.oauthbearer.jwks.endpoint.refresh.ms = 3600000
	sasl.oauthbearer.jwks.endpoint.retry.backoff.max.ms = 10000
	sasl.oauthbearer.jwks.endpoint.retry.backoff.ms = 100
	sasl.oauthbearer.jwks.endpoint.url = null
	sasl.oauthbearer.scope.claim.name = scope
	sasl.oauthbearer.sub.claim.name = sub
	sasl.oauthbearer.token.endpoint.url = null
	security.protocol = PLAINTEXT
	security.providers = null
	send.buffer.bytes = 131072
	session.timeout.ms = 45000
	socket.connection.setup.timeout.max.ms = 30000
	socket.connection.setup.timeout.ms = 10000
	ssl.cipher.suites = null
	ssl.enabled.protocols = [TLSv1.2, TLSv1.3]
	ssl.endpoint.identification.algorithm = https
	ssl.engine.factory.class = null
	ssl.key.password = null
	ssl.keymanager.algorithm = SunX509
	ssl.keystore.certificate.chain = null
	ssl.keystore.key = null
	ssl.keystore.location = null
	ssl.keystore.password = null
	ssl.keystore.type = JKS
	ssl.protocol = TLSv1.3
	ssl.provider = null
	ssl.secure.random.implementation = null
	ssl.trustmanager.algorithm = PKIX
	ssl.truststore.certificates = null
	ssl.truststore.location = null
	ssl.truststore.password = null
	ssl.truststore.type = JKS
	value.deserializer = class io.apicurio.registry.serde.avro.AvroKafkaDeserializer

2025-07-31 17:01:17,328 INFO  [org.apa.kaf.com.tel.int.KafkaMetricsCollector] (main) initializing Kafka metrics collector
2025-07-31 17:01:17,374 INFO  [org.apa.kaf.cli.con.ConsumerConfig] (main) These configurations '[apicurio.registry.url, apicurio.registry.use-id]' were supplied but are not used yet.
2025-07-31 17:01:17,374 INFO  [org.apa.kaf.com.uti.AppInfoParser] (main) Kafka version: 3.9.1
2025-07-31 17:01:17,374 INFO  [org.apa.kaf.com.uti.AppInfoParser] (main) Kafka commitId: f745dfdcee2b9851
2025-07-31 17:01:17,374 INFO  [org.apa.kaf.com.uti.AppInfoParser] (main) Kafka startTimeMs: 1753981277374
2025-07-31 17:01:17,376 INFO  [org.apa.kaf.cli.con.int.ClassicKafkaConsumer] (Thread-597) [Consumer clientId=consumer-Consumer-topic-5cbf9f1a_54ef_4984_9887_698cfcf0c58a-1, groupId=Consumer-topic-5cbf9f1a_54ef_4984_9887_698cfcf0c58a] Subscribed to topic(s): topic-5cbf9f1a_54ef_4984_9887_698cfcf0c58a
2025-07-31 17:01:17,394 INFO  [org.apa.kaf.cli.Metadata] (Thread-597) [Consumer clientId=consumer-Consumer-topic-5cbf9f1a_54ef_4984_9887_698cfcf0c58a-1, groupId=Consumer-topic-5cbf9f1a_54ef_4984_9887_698cfcf0c58a] Cluster ID: alGoLOtfQj2F2-zKWHmvbA
2025-07-31 17:01:18,225 INFO  [org.apa.kaf.cli.con.int.ConsumerCoordinator] (Thread-597) [Consumer clientId=consumer-Consumer-topic-5cbf9f1a_54ef_4984_9887_698cfcf0c58a-1, groupId=Consumer-topic-5cbf9f1a_54ef_4984_9887_698cfcf0c58a] Discovered group coordinator localhost:32770 (id: 2147483647 rack: null)
2025-07-31 17:01:18,232 INFO  [org.apa.kaf.cli.con.int.ConsumerCoordinator] (Thread-597) [Consumer clientId=consumer-Consumer-topic-5cbf9f1a_54ef_4984_9887_698cfcf0c58a-1, groupId=Consumer-topic-5cbf9f1a_54ef_4984_9887_698cfcf0c58a] (Re-)joining group
2025-07-31 17:01:18,268 INFO  [org.apa.kaf.cli.con.int.ConsumerCoordinator] (Thread-597) [Consumer clientId=consumer-Consumer-topic-5cbf9f1a_54ef_4984_9887_698cfcf0c58a-1, groupId=Consumer-topic-5cbf9f1a_54ef_4984_9887_698cfcf0c58a] Request joining group due to: need to re-join with the given member-id: consumer-Consumer-topic-5cbf9f1a_54ef_4984_9887_698cfcf0c58a-1-2948e87c-542c-49f7-aa9a-eccc6ffc08e9
2025-07-31 17:01:18,268 INFO  [org.apa.kaf.cli.con.int.ConsumerCoordinator] (Thread-597) [Consumer clientId=consumer-Consumer-topic-5cbf9f1a_54ef_4984_9887_698cfcf0c58a-1, groupId=Consumer-topic-5cbf9f1a_54ef_4984_9887_698cfcf0c58a] (Re-)joining group
2025-07-31 17:01:18,292 INFO  [org.apa.kaf.cli.con.int.ConsumerCoordinator] (Thread-597) [Consumer clientId=consumer-Consumer-topic-5cbf9f1a_54ef_4984_9887_698cfcf0c58a-1, groupId=Consumer-topic-5cbf9f1a_54ef_4984_9887_698cfcf0c58a] Successfully joined group with generation Generation{generationId=1, memberId='consumer-Consumer-topic-5cbf9f1a_54ef_4984_9887_698cfcf0c58a-1-2948e87c-542c-49f7-aa9a-eccc6ffc08e9', protocol='range'}
2025-07-31 17:01:18,304 INFO  [org.apa.kaf.cli.con.int.ConsumerCoordinator] (Thread-597) [Consumer clientId=consumer-Consumer-topic-5cbf9f1a_54ef_4984_9887_698cfcf0c58a-1, groupId=Consumer-topic-5cbf9f1a_54ef_4984_9887_698cfcf0c58a] Finished assignment for group at generation 1: {consumer-Consumer-topic-5cbf9f1a_54ef_4984_9887_698cfcf0c58a-1-2948e87c-542c-49f7-aa9a-eccc6ffc08e9=Assignment(partitions=[topic-5cbf9f1a_54ef_4984_9887_698cfcf0c58a-0])}
2025-07-31 17:01:18,329 INFO  [org.apa.kaf.cli.con.int.ConsumerCoordinator] (Thread-597) [Consumer clientId=consumer-Consumer-topic-5cbf9f1a_54ef_4984_9887_698cfcf0c58a-1, groupId=Consumer-topic-5cbf9f1a_54ef_4984_9887_698cfcf0c58a] Successfully synced group in generation Generation{generationId=1, memberId='consumer-Consumer-topic-5cbf9f1a_54ef_4984_9887_698cfcf0c58a-1-2948e87c-542c-49f7-aa9a-eccc6ffc08e9', protocol='range'}
2025-07-31 17:01:18,331 INFO  [org.apa.kaf.cli.con.int.ConsumerCoordinator] (Thread-597) [Consumer clientId=consumer-Consumer-topic-5cbf9f1a_54ef_4984_9887_698cfcf0c58a-1, groupId=Consumer-topic-5cbf9f1a_54ef_4984_9887_698cfcf0c58a] Notifying assignor about the new Assignment(partitions=[topic-5cbf9f1a_54ef_4984_9887_698cfcf0c58a-0])
2025-07-31 17:01:18,335 INFO  [org.apa.kaf.cli.con.int.ConsumerRebalanceListenerInvoker] (Thread-597) [Consumer clientId=consumer-Consumer-topic-5cbf9f1a_54ef_4984_9887_698cfcf0c58a-1, groupId=Consumer-topic-5cbf9f1a_54ef_4984_9887_698cfcf0c58a] Adding newly assigned partitions: topic-5cbf9f1a_54ef_4984_9887_698cfcf0c58a-0
2025-07-31 17:01:18,368 INFO  [org.apa.kaf.cli.con.int.ConsumerCoordinator] (Thread-597) [Consumer clientId=consumer-Consumer-topic-5cbf9f1a_54ef_4984_9887_698cfcf0c58a-1, groupId=Consumer-topic-5cbf9f1a_54ef_4984_9887_698cfcf0c58a] Found no committed offset for partition topic-5cbf9f1a_54ef_4984_9887_698cfcf0c58a-0
2025-07-31 17:01:18,382 INFO  [io.api.tes.ser.api.KafkaSerdesTester] (Thread-597) None found
2025-07-31 17:01:18,394 INFO  [org.apa.kaf.cli.con.int.SubscriptionState] (Thread-597) [Consumer clientId=consumer-Consumer-topic-5cbf9f1a_54ef_4984_9887_698cfcf0c58a-1, groupId=Consumer-topic-5cbf9f1a_54ef_4984_9887_698cfcf0c58a] Resetting offset for partition topic-5cbf9f1a_54ef_4984_9887_698cfcf0c58a-0 to position FetchPosition{offset=0, offsetEpoch=Optional.empty, currentLeader=LeaderAndEpoch{leader=Optional[localhost:32770 (id: 0 rack: null)], epoch=0}}.
2025-07-31 17:01:18,502 INFO  [io.api.tes.ser.api.KafkaSerdesTester] (Thread-597) topic-5cbf9f1a_54ef_4984_9887_698cfcf0c58a 0 0 {"key11753981276100": "value-0"}
2025-07-31 17:01:18,502 INFO  [io.api.tes.ser.api.KafkaSerdesTester] (Thread-597) topic-5cbf9f1a_54ef_4984_9887_698cfcf0c58a 0 1 {"key11753981276100": "value-1"}
2025-07-31 17:01:18,503 INFO  [io.api.tes.ser.api.KafkaSerdesTester] (Thread-597) topic-5cbf9f1a_54ef_4984_9887_698cfcf0c58a 0 2 {"key11753981276100": "value-2"}
2025-07-31 17:01:18,503 INFO  [io.api.tes.ser.api.KafkaSerdesTester] (Thread-597) topic-5cbf9f1a_54ef_4984_9887_698cfcf0c58a 0 3 {"key11753981276100": "value-3"}
2025-07-31 17:01:18,503 INFO  [io.api.tes.ser.api.KafkaSerdesTester] (Thread-597) topic-5cbf9f1a_54ef_4984_9887_698cfcf0c58a 0 4 {"key11753981276100": "value-4"}
2025-07-31 17:01:18,503 INFO  [io.api.tes.ser.api.KafkaSerdesTester] (Thread-597) topic-5cbf9f1a_54ef_4984_9887_698cfcf0c58a 0 5 {"key11753981276100": "value-5"}
2025-07-31 17:01:18,503 INFO  [io.api.tes.ser.api.KafkaSerdesTester] (Thread-597) topic-5cbf9f1a_54ef_4984_9887_698cfcf0c58a 0 6 {"key11753981276100": "value-6"}
2025-07-31 17:01:18,503 INFO  [io.api.tes.ser.api.KafkaSerdesTester] (Thread-597) topic-5cbf9f1a_54ef_4984_9887_698cfcf0c58a 0 7 {"key11753981276100": "value-7"}
2025-07-31 17:01:18,503 INFO  [io.api.tes.ser.api.KafkaSerdesTester] (Thread-597) topic-5cbf9f1a_54ef_4984_9887_698cfcf0c58a 0 8 {"key11753981276100": "value-8"}
2025-07-31 17:01:18,504 INFO  [io.api.tes.ser.api.KafkaSerdesTester] (Thread-597) topic-5cbf9f1a_54ef_4984_9887_698cfcf0c58a 0 9 {"key11753981276100": "value-9"}
2025-07-31 17:01:18,504 INFO  [io.api.tes.ser.api.KafkaSerdesTester] (Thread-597) Consumed 10 messages
2025-07-31 17:01:18,525 INFO  [org.apa.kaf.cli.con.int.ConsumerRebalanceListenerInvoker] (Thread-597) [Consumer clientId=consumer-Consumer-topic-5cbf9f1a_54ef_4984_9887_698cfcf0c58a-1, groupId=Consumer-topic-5cbf9f1a_54ef_4984_9887_698cfcf0c58a] Revoke previously assigned partitions topic-5cbf9f1a_54ef_4984_9887_698cfcf0c58a-0
2025-07-31 17:01:18,525 INFO  [org.apa.kaf.cli.con.int.ConsumerCoordinator] (Thread-597) [Consumer clientId=consumer-Consumer-topic-5cbf9f1a_54ef_4984_9887_698cfcf0c58a-1, groupId=Consumer-topic-5cbf9f1a_54ef_4984_9887_698cfcf0c58a] Member consumer-Consumer-topic-5cbf9f1a_54ef_4984_9887_698cfcf0c58a-1-2948e87c-542c-49f7-aa9a-eccc6ffc08e9 sending LeaveGroup request to coordinator localhost:32770 (id: 2147483647 rack: null) due to the consumer is being closed
2025-07-31 17:01:18,526 INFO  [org.apa.kaf.cli.con.int.ConsumerCoordinator] (Thread-597) [Consumer clientId=consumer-Consumer-topic-5cbf9f1a_54ef_4984_9887_698cfcf0c58a-1, groupId=Consumer-topic-5cbf9f1a_54ef_4984_9887_698cfcf0c58a] Resetting generation and member id due to: consumer pro-actively leaving the group
2025-07-31 17:01:18,527 INFO  [org.apa.kaf.cli.con.int.ConsumerCoordinator] (Thread-597) [Consumer clientId=consumer-Consumer-topic-5cbf9f1a_54ef_4984_9887_698cfcf0c58a-1, groupId=Consumer-topic-5cbf9f1a_54ef_4984_9887_698cfcf0c58a] Request joining group due to: consumer pro-actively leaving the group
2025-07-31 17:01:19,020 INFO  [org.apa.kaf.com.met.Metrics] (Thread-597) Metrics scheduler closed
2025-07-31 17:01:19,020 INFO  [org.apa.kaf.com.met.Metrics] (Thread-597) Closing reporter org.apache.kafka.common.metrics.JmxReporter
2025-07-31 17:01:19,020 INFO  [org.apa.kaf.com.met.Metrics] (Thread-597) Closing reporter org.apache.kafka.common.telemetry.internals.ClientTelemetryReporter
2025-07-31 17:01:19,020 INFO  [org.apa.kaf.com.met.Metrics] (Thread-597) Metrics reporters closed
2025-07-31 17:01:19,026 INFO  [org.apa.kaf.com.uti.AppInfoParser] (Thread-597) App info kafka.consumer for consumer-Consumer-topic-5cbf9f1a_54ef_4984_9887_698cfcf0c58a-1 unregistered
2025-07-31 17:01:19,027 INFO  [io.api.tes.uti.TestSeparator] (main) io.apicurio.tests.serdes.apicurio.AvroSerdeIT.testGlobalIdInHeaders-FINISHED
2025-07-31 17:01:19,027 INFO  [io.api.tes.uti.TestSeparator] (main) ############################################################################
Test passed: testGlobalIdInHeaders
]]></system-out>
  </testcase>
  <testcase name="testSimpleTopicIdStrategyFindLatest" classname="io.apicurio.tests.serdes.apicurio.AvroSerdeIT" time="1.84">
    <system-out><![CDATA[2025-07-31 17:01:19,035 INFO  [io.api.tes.uti.TestSeparator] (main) ############################################################################
2025-07-31 17:01:19,035 INFO  [io.api.tes.uti.TestSeparator] (main) io.apicurio.tests.serdes.apicurio.AvroSerdeIT.testSimpleTopicIdStrategyFindLatest-STARTED
2025-07-31 17:01:19,036 INFO  [io.api.tes.ser.api.AvroSerdeIT] (main) Registering Avro Schema: {"type":"record","name":"myrecordapicurio1","fields":[{"name":"key11753981279035","type":"string"}]}
**** Registry Base URL: http://registry-app-postgresql.apps.ci419.apicurio-testing.org:80
2025-07-31 17:01:20,101 INFO  [org.apa.kaf.cli.pro.ProducerConfig] (main) ProducerConfig values: 
	acks = -1
	auto.include.jmx.reporter = true
	batch.size = 16384
	bootstrap.servers = [PLAINTEXT://localhost:32770]
	buffer.memory = 33554432
	client.dns.lookup = use_all_dns_ips
	client.id = Producer-topic-99943e6e_149a_437e_aac0_5921b7c4a5cf
	compression.gzip.level = -1
	compression.lz4.level = 9
	compression.type = none
	compression.zstd.level = 3
	connections.max.idle.ms = 10000
	delivery.timeout.ms = 120000
	enable.idempotence = true
	enable.metrics.push = true
	interceptor.classes = []
	key.serializer = class org.apache.kafka.common.serialization.StringSerializer
	linger.ms = 0
	max.block.ms = 60000
	max.in.flight.requests.per.connection = 5
	max.request.size = 1048576
	metadata.max.age.ms = 300000
	metadata.max.idle.ms = 300000
	metadata.recovery.strategy = none
	metric.reporters = []
	metrics.num.samples = 2
	metrics.recording.level = INFO
	metrics.sample.window.ms = 30000
	partitioner.adaptive.partitioning.enable = true
	partitioner.availability.timeout.ms = 0
	partitioner.class = null
	partitioner.ignore.keys = false
	receive.buffer.bytes = 32768
	reconnect.backoff.max.ms = 1000
	reconnect.backoff.ms = 50
	request.timeout.ms = 5000
	retries = 2147483647
	retry.backoff.max.ms = 1000
	retry.backoff.ms = 100
	sasl.client.callback.handler.class = null
	sasl.jaas.config = null
	sasl.kerberos.kinit.cmd = /usr/bin/kinit
	sasl.kerberos.min.time.before.relogin = 60000
	sasl.kerberos.service.name = null
	sasl.kerberos.ticket.renew.jitter = 0.05
	sasl.kerberos.ticket.renew.window.factor = 0.8
	sasl.login.callback.handler.class = null
	sasl.login.class = null
	sasl.login.connect.timeout.ms = null
	sasl.login.read.timeout.ms = null
	sasl.login.refresh.buffer.seconds = 300
	sasl.login.refresh.min.period.seconds = 60
	sasl.login.refresh.window.factor = 0.8
	sasl.login.refresh.window.jitter = 0.05
	sasl.login.retry.backoff.max.ms = 10000
	sasl.login.retry.backoff.ms = 100
	sasl.mechanism = GSSAPI
	sasl.oauthbearer.clock.skew.seconds = 30
	sasl.oauthbearer.expected.audience = null
	sasl.oauthbearer.expected.issuer = null
	sasl.oauthbearer.header.urlencode = false
	sasl.oauthbearer.jwks.endpoint.refresh.ms = 3600000
	sasl.oauthbearer.jwks.endpoint.retry.backoff.max.ms = 10000
	sasl.oauthbearer.jwks.endpoint.retry.backoff.ms = 100
	sasl.oauthbearer.jwks.endpoint.url = null
	sasl.oauthbearer.scope.claim.name = scope
	sasl.oauthbearer.sub.claim.name = sub
	sasl.oauthbearer.token.endpoint.url = null
	security.protocol = PLAINTEXT
	security.providers = null
	send.buffer.bytes = 131072
	socket.connection.setup.timeout.max.ms = 30000
	socket.connection.setup.timeout.ms = 10000
	ssl.cipher.suites = null
	ssl.enabled.protocols = [TLSv1.2, TLSv1.3]
	ssl.endpoint.identification.algorithm = https
	ssl.engine.factory.class = null
	ssl.key.password = null
	ssl.keymanager.algorithm = SunX509
	ssl.keystore.certificate.chain = null
	ssl.keystore.key = null
	ssl.keystore.location = null
	ssl.keystore.password = null
	ssl.keystore.type = JKS
	ssl.protocol = TLSv1.3
	ssl.provider = null
	ssl.secure.random.implementation = null
	ssl.trustmanager.algorithm = PKIX
	ssl.truststore.certificates = null
	ssl.truststore.location = null
	ssl.truststore.password = null
	ssl.truststore.type = JKS
	transaction.timeout.ms = 60000
	transactional.id = null
	value.serializer = class io.apicurio.registry.serde.avro.AvroKafkaSerializer

2025-07-31 17:01:20,102 INFO  [org.apa.kaf.com.tel.int.KafkaMetricsCollector] (main) initializing Kafka metrics collector
2025-07-31 17:01:20,106 INFO  [org.apa.kaf.cli.pro.KafkaProducer] (main) [Producer clientId=Producer-topic-99943e6e_149a_437e_aac0_5921b7c4a5cf] Instantiated an idempotent producer.
2025-07-31 17:01:20,111 INFO  [org.apa.kaf.cli.pro.ProducerConfig] (main) These configurations '[apicurio.registry.find-latest, apicurio.registry.artifact.group-id, apicurio.registry.url, apicurio.registry.artifact-resolver-strategy]' were supplied but are not used yet.
2025-07-31 17:01:20,111 INFO  [org.apa.kaf.com.uti.AppInfoParser] (main) Kafka version: 3.9.1
2025-07-31 17:01:20,111 INFO  [org.apa.kaf.com.uti.AppInfoParser] (main) Kafka commitId: f745dfdcee2b9851
2025-07-31 17:01:20,111 INFO  [org.apa.kaf.com.uti.AppInfoParser] (main) Kafka startTimeMs: 1753981280111
2025-07-31 17:01:20,112 INFO  [io.api.tes.ser.api.SimpleSerdesTesterBuilder$SimpleSerdesTester] (main) Using producer configuration: {apicurio.registry.find-latest=true, apicurio.registry.artifact.group-id=topic-99943e6e_149a_437e_aac0_5921b7c4a5cf, apicurio.registry.url=http://registry-app-postgresql.apps.ci419.apicurio-testing.org:80/apis/registry/v3, apicurio.registry.artifact-resolver-strategy=io.apicurio.registry.serde.strategy.SimpleTopicIdStrategy, value.serializer=io.apicurio.registry.serde.avro.AvroKafkaSerializer, request.timeout.ms=5000, acks=all, bootstrap.servers=PLAINTEXT://localhost:32770, connections.max.idle.ms=10000, key.serializer=org.apache.kafka.common.serialization.StringSerializer, client.id=Producer-topic-99943e6e_149a_437e_aac0_5921b7c4a5cf}
2025-07-31 17:01:20,112 INFO  [io.api.tes.ser.api.SimpleSerdesTesterBuilder$SimpleSerdesTester] (main) Using consumer configuration: {}
2025-07-31 17:01:20,117 INFO  [io.api.tes.ser.api.KafkaSerdesTester] (Thread-600) Sending message {"key11753981279035": "value-0"} to topic topic-99943e6e_149a_437e_aac0_5921b7c4a5cf
2025-07-31 17:01:20,124 INFO  [org.apa.kaf.cli.Metadata] (kafka-producer-network-thread | Producer-topic-99943e6e_149a_437e_aac0_5921b7c4a5cf) [Producer clientId=Producer-topic-99943e6e_149a_437e_aac0_5921b7c4a5cf] Cluster ID: alGoLOtfQj2F2-zKWHmvbA
2025-07-31 17:01:20,126 INFO  [org.apa.kaf.cli.pro.int.TransactionManager] (kafka-producer-network-thread | Producer-topic-99943e6e_149a_437e_aac0_5921b7c4a5cf) [Producer clientId=Producer-topic-99943e6e_149a_437e_aac0_5921b7c4a5cf] ProducerId set to 1 with epoch 0
2025-07-31 17:01:20,188 INFO  [io.api.tes.ser.api.KafkaSerdesTester] (Thread-600) Sending message {"key11753981279035": "value-1"} to topic topic-99943e6e_149a_437e_aac0_5921b7c4a5cf
2025-07-31 17:01:20,193 INFO  [io.api.tes.ser.api.KafkaSerdesTester] (Thread-600) Sending message {"key11753981279035": "value-2"} to topic topic-99943e6e_149a_437e_aac0_5921b7c4a5cf
2025-07-31 17:01:20,196 INFO  [io.api.tes.ser.api.KafkaSerdesTester] (Thread-600) Sending message {"key11753981279035": "value-3"} to topic topic-99943e6e_149a_437e_aac0_5921b7c4a5cf
2025-07-31 17:01:20,202 INFO  [io.api.tes.ser.api.KafkaSerdesTester] (Thread-600) Sending message {"key11753981279035": "value-4"} to topic topic-99943e6e_149a_437e_aac0_5921b7c4a5cf
2025-07-31 17:01:20,209 INFO  [io.api.tes.ser.api.KafkaSerdesTester] (Thread-600) Sending message {"key11753981279035": "value-5"} to topic topic-99943e6e_149a_437e_aac0_5921b7c4a5cf
2025-07-31 17:01:20,213 INFO  [io.api.tes.ser.api.KafkaSerdesTester] (Thread-600) Sending message {"key11753981279035": "value-6"} to topic topic-99943e6e_149a_437e_aac0_5921b7c4a5cf
2025-07-31 17:01:20,216 INFO  [io.api.tes.ser.api.KafkaSerdesTester] (Thread-600) Sending message {"key11753981279035": "value-7"} to topic topic-99943e6e_149a_437e_aac0_5921b7c4a5cf
2025-07-31 17:01:20,219 INFO  [io.api.tes.ser.api.KafkaSerdesTester] (Thread-600) Sending message {"key11753981279035": "value-8"} to topic topic-99943e6e_149a_437e_aac0_5921b7c4a5cf
2025-07-31 17:01:20,222 INFO  [io.api.tes.ser.api.KafkaSerdesTester] (Thread-600) Sending message {"key11753981279035": "value-9"} to topic topic-99943e6e_149a_437e_aac0_5921b7c4a5cf
2025-07-31 17:01:20,224 INFO  [io.api.tes.ser.api.KafkaSerdesTester] (Thread-600) Produced 10 messages
2025-07-31 17:01:20,225 INFO  [org.apa.kaf.cli.pro.KafkaProducer] (Thread-600) [Producer clientId=Producer-topic-99943e6e_149a_437e_aac0_5921b7c4a5cf] Closing the Kafka producer with timeoutMillis = 9223372036854775807 ms.
2025-07-31 17:01:20,230 INFO  [org.apa.kaf.com.met.Metrics] (Thread-600) Metrics scheduler closed
2025-07-31 17:01:20,230 INFO  [org.apa.kaf.com.met.Metrics] (Thread-600) Closing reporter org.apache.kafka.common.metrics.JmxReporter
2025-07-31 17:01:20,230 INFO  [org.apa.kaf.com.met.Metrics] (Thread-600) Closing reporter org.apache.kafka.common.telemetry.internals.ClientTelemetryReporter
2025-07-31 17:01:20,230 INFO  [org.apa.kaf.com.met.Metrics] (Thread-600) Metrics reporters closed
2025-07-31 17:01:20,231 INFO  [org.apa.kaf.com.uti.AppInfoParser] (Thread-600) App info kafka.producer for Producer-topic-99943e6e_149a_437e_aac0_5921b7c4a5cf unregistered
**** Registry Base URL: http://registry-app-postgresql.apps.ci419.apicurio-testing.org:80
2025-07-31 17:01:20,232 INFO  [org.apa.kaf.cli.con.ConsumerConfig] (main) ConsumerConfig values: 
	allow.auto.create.topics = true
	auto.commit.interval.ms = 500
	auto.include.jmx.reporter = true
	auto.offset.reset = earliest
	bootstrap.servers = [PLAINTEXT://localhost:32770]
	check.crcs = true
	client.dns.lookup = use_all_dns_ips
	client.id = consumer-Consumer-topic-99943e6e_149a_437e_aac0_5921b7c4a5cf-2
	client.rack = 
	connections.max.idle.ms = 10000
	default.api.timeout.ms = 60000
	enable.auto.commit = true
	enable.metrics.push = true
	exclude.internal.topics = true
	fetch.max.bytes = 52428800
	fetch.max.wait.ms = 500
	fetch.min.bytes = 1
	group.id = Consumer-topic-99943e6e_149a_437e_aac0_5921b7c4a5cf
	group.instance.id = null
	group.protocol = classic
	group.remote.assignor = null
	heartbeat.interval.ms = 3000
	interceptor.classes = []
	internal.leave.group.on.close = true
	internal.throw.on.fetch.stable.offset.unsupported = false
	isolation.level = read_uncommitted
	key.deserializer = class org.apache.kafka.common.serialization.StringDeserializer
	max.partition.fetch.bytes = 1048576
	max.poll.interval.ms = 300000
	max.poll.records = 500
	metadata.max.age.ms = 300000
	metadata.recovery.strategy = none
	metric.reporters = []
	metrics.num.samples = 2
	metrics.recording.level = INFO
	metrics.sample.window.ms = 30000
	partition.assignment.strategy = [class org.apache.kafka.clients.consumer.RangeAssignor, class org.apache.kafka.clients.consumer.CooperativeStickyAssignor]
	receive.buffer.bytes = 65536
	reconnect.backoff.max.ms = 1000
	reconnect.backoff.ms = 50
	request.timeout.ms = 5000
	retry.backoff.max.ms = 1000
	retry.backoff.ms = 100
	sasl.client.callback.handler.class = null
	sasl.jaas.config = null
	sasl.kerberos.kinit.cmd = /usr/bin/kinit
	sasl.kerberos.min.time.before.relogin = 60000
	sasl.kerberos.service.name = null
	sasl.kerberos.ticket.renew.jitter = 0.05
	sasl.kerberos.ticket.renew.window.factor = 0.8
	sasl.login.callback.handler.class = null
	sasl.login.class = null
	sasl.login.connect.timeout.ms = null
	sasl.login.read.timeout.ms = null
	sasl.login.refresh.buffer.seconds = 300
	sasl.login.refresh.min.period.seconds = 60
	sasl.login.refresh.window.factor = 0.8
	sasl.login.refresh.window.jitter = 0.05
	sasl.login.retry.backoff.max.ms = 10000
	sasl.login.retry.backoff.ms = 100
	sasl.mechanism = GSSAPI
	sasl.oauthbearer.clock.skew.seconds = 30
	sasl.oauthbearer.expected.audience = null
	sasl.oauthbearer.expected.issuer = null
	sasl.oauthbearer.header.urlencode = false
	sasl.oauthbearer.jwks.endpoint.refresh.ms = 3600000
	sasl.oauthbearer.jwks.endpoint.retry.backoff.max.ms = 10000
	sasl.oauthbearer.jwks.endpoint.retry.backoff.ms = 100
	sasl.oauthbearer.jwks.endpoint.url = null
	sasl.oauthbearer.scope.claim.name = scope
	sasl.oauthbearer.sub.claim.name = sub
	sasl.oauthbearer.token.endpoint.url = null
	security.protocol = PLAINTEXT
	security.providers = null
	send.buffer.bytes = 131072
	session.timeout.ms = 45000
	socket.connection.setup.timeout.max.ms = 30000
	socket.connection.setup.timeout.ms = 10000
	ssl.cipher.suites = null
	ssl.enabled.protocols = [TLSv1.2, TLSv1.3]
	ssl.endpoint.identification.algorithm = https
	ssl.engine.factory.class = null
	ssl.key.password = null
	ssl.keymanager.algorithm = SunX509
	ssl.keystore.certificate.chain = null
	ssl.keystore.key = null
	ssl.keystore.location = null
	ssl.keystore.password = null
	ssl.keystore.type = JKS
	ssl.protocol = TLSv1.3
	ssl.provider = null
	ssl.secure.random.implementation = null
	ssl.trustmanager.algorithm = PKIX
	ssl.truststore.certificates = null
	ssl.truststore.location = null
	ssl.truststore.password = null
	ssl.truststore.type = JKS
	value.deserializer = class io.apicurio.registry.serde.avro.AvroKafkaDeserializer

2025-07-31 17:01:20,232 INFO  [org.apa.kaf.com.tel.int.KafkaMetricsCollector] (main) initializing Kafka metrics collector
2025-07-31 17:01:20,246 INFO  [org.apa.kaf.cli.con.ConsumerConfig] (main) These configurations '[apicurio.registry.url]' were supplied but are not used yet.
2025-07-31 17:01:20,247 INFO  [org.apa.kaf.com.uti.AppInfoParser] (main) Kafka version: 3.9.1
2025-07-31 17:01:20,247 INFO  [org.apa.kaf.com.uti.AppInfoParser] (main) Kafka commitId: f745dfdcee2b9851
2025-07-31 17:01:20,247 INFO  [org.apa.kaf.com.uti.AppInfoParser] (main) Kafka startTimeMs: 1753981280247
2025-07-31 17:01:20,247 INFO  [org.apa.kaf.cli.con.int.ClassicKafkaConsumer] (Thread-603) [Consumer clientId=consumer-Consumer-topic-99943e6e_149a_437e_aac0_5921b7c4a5cf-2, groupId=Consumer-topic-99943e6e_149a_437e_aac0_5921b7c4a5cf] Subscribed to topic(s): topic-99943e6e_149a_437e_aac0_5921b7c4a5cf
2025-07-31 17:01:20,263 INFO  [org.apa.kaf.cli.Metadata] (Thread-603) [Consumer clientId=consumer-Consumer-topic-99943e6e_149a_437e_aac0_5921b7c4a5cf-2, groupId=Consumer-topic-99943e6e_149a_437e_aac0_5921b7c4a5cf] Cluster ID: alGoLOtfQj2F2-zKWHmvbA
2025-07-31 17:01:20,270 INFO  [org.apa.kaf.cli.con.int.ConsumerCoordinator] (Thread-603) [Consumer clientId=consumer-Consumer-topic-99943e6e_149a_437e_aac0_5921b7c4a5cf-2, groupId=Consumer-topic-99943e6e_149a_437e_aac0_5921b7c4a5cf] Discovered group coordinator localhost:32770 (id: 2147483647 rack: null)
2025-07-31 17:01:20,281 INFO  [org.apa.kaf.cli.con.int.ConsumerCoordinator] (Thread-603) [Consumer clientId=consumer-Consumer-topic-99943e6e_149a_437e_aac0_5921b7c4a5cf-2, groupId=Consumer-topic-99943e6e_149a_437e_aac0_5921b7c4a5cf] (Re-)joining group
2025-07-31 17:01:20,289 INFO  [org.apa.kaf.cli.con.int.ConsumerCoordinator] (Thread-603) [Consumer clientId=consumer-Consumer-topic-99943e6e_149a_437e_aac0_5921b7c4a5cf-2, groupId=Consumer-topic-99943e6e_149a_437e_aac0_5921b7c4a5cf] Request joining group due to: need to re-join with the given member-id: consumer-Consumer-topic-99943e6e_149a_437e_aac0_5921b7c4a5cf-2-431221b9-b85e-4de0-b922-3d9cc94ada52
2025-07-31 17:01:20,293 INFO  [org.apa.kaf.cli.con.int.ConsumerCoordinator] (Thread-603) [Consumer clientId=consumer-Consumer-topic-99943e6e_149a_437e_aac0_5921b7c4a5cf-2, groupId=Consumer-topic-99943e6e_149a_437e_aac0_5921b7c4a5cf] (Re-)joining group
2025-07-31 17:01:20,301 INFO  [org.apa.kaf.cli.con.int.ConsumerCoordinator] (Thread-603) [Consumer clientId=consumer-Consumer-topic-99943e6e_149a_437e_aac0_5921b7c4a5cf-2, groupId=Consumer-topic-99943e6e_149a_437e_aac0_5921b7c4a5cf] Successfully joined group with generation Generation{generationId=1, memberId='consumer-Consumer-topic-99943e6e_149a_437e_aac0_5921b7c4a5cf-2-431221b9-b85e-4de0-b922-3d9cc94ada52', protocol='range'}
2025-07-31 17:01:20,301 INFO  [org.apa.kaf.cli.con.int.ConsumerCoordinator] (Thread-603) [Consumer clientId=consumer-Consumer-topic-99943e6e_149a_437e_aac0_5921b7c4a5cf-2, groupId=Consumer-topic-99943e6e_149a_437e_aac0_5921b7c4a5cf] Finished assignment for group at generation 1: {consumer-Consumer-topic-99943e6e_149a_437e_aac0_5921b7c4a5cf-2-431221b9-b85e-4de0-b922-3d9cc94ada52=Assignment(partitions=[topic-99943e6e_149a_437e_aac0_5921b7c4a5cf-0])}
2025-07-31 17:01:20,308 INFO  [org.apa.kaf.cli.con.int.ConsumerCoordinator] (Thread-603) [Consumer clientId=consumer-Consumer-topic-99943e6e_149a_437e_aac0_5921b7c4a5cf-2, groupId=Consumer-topic-99943e6e_149a_437e_aac0_5921b7c4a5cf] Successfully synced group in generation Generation{generationId=1, memberId='consumer-Consumer-topic-99943e6e_149a_437e_aac0_5921b7c4a5cf-2-431221b9-b85e-4de0-b922-3d9cc94ada52', protocol='range'}
2025-07-31 17:01:20,309 INFO  [org.apa.kaf.cli.con.int.ConsumerCoordinator] (Thread-603) [Consumer clientId=consumer-Consumer-topic-99943e6e_149a_437e_aac0_5921b7c4a5cf-2, groupId=Consumer-topic-99943e6e_149a_437e_aac0_5921b7c4a5cf] Notifying assignor about the new Assignment(partitions=[topic-99943e6e_149a_437e_aac0_5921b7c4a5cf-0])
2025-07-31 17:01:20,309 INFO  [org.apa.kaf.cli.con.int.ConsumerRebalanceListenerInvoker] (Thread-603) [Consumer clientId=consumer-Consumer-topic-99943e6e_149a_437e_aac0_5921b7c4a5cf-2, groupId=Consumer-topic-99943e6e_149a_437e_aac0_5921b7c4a5cf] Adding newly assigned partitions: topic-99943e6e_149a_437e_aac0_5921b7c4a5cf-0
2025-07-31 17:01:20,311 INFO  [org.apa.kaf.cli.con.int.ConsumerCoordinator] (Thread-603) [Consumer clientId=consumer-Consumer-topic-99943e6e_149a_437e_aac0_5921b7c4a5cf-2, groupId=Consumer-topic-99943e6e_149a_437e_aac0_5921b7c4a5cf] Found no committed offset for partition topic-99943e6e_149a_437e_aac0_5921b7c4a5cf-0
2025-07-31 17:01:20,317 INFO  [org.apa.kaf.cli.con.int.SubscriptionState] (Thread-603) [Consumer clientId=consumer-Consumer-topic-99943e6e_149a_437e_aac0_5921b7c4a5cf-2, groupId=Consumer-topic-99943e6e_149a_437e_aac0_5921b7c4a5cf] Resetting offset for partition topic-99943e6e_149a_437e_aac0_5921b7c4a5cf-0 to position FetchPosition{offset=0, offsetEpoch=Optional.empty, currentLeader=LeaderAndEpoch{leader=Optional[localhost:32770 (id: 0 rack: null)], epoch=0}}.
2025-07-31 17:01:20,354 INFO  [io.api.tes.ser.api.KafkaSerdesTester] (Thread-603) topic-99943e6e_149a_437e_aac0_5921b7c4a5cf 0 0 {"key11753981279035": "value-0"}
2025-07-31 17:01:20,354 INFO  [io.api.tes.ser.api.KafkaSerdesTester] (Thread-603) topic-99943e6e_149a_437e_aac0_5921b7c4a5cf 0 1 {"key11753981279035": "value-1"}
2025-07-31 17:01:20,354 INFO  [io.api.tes.ser.api.KafkaSerdesTester] (Thread-603) topic-99943e6e_149a_437e_aac0_5921b7c4a5cf 0 2 {"key11753981279035": "value-2"}
2025-07-31 17:01:20,354 INFO  [io.api.tes.ser.api.KafkaSerdesTester] (Thread-603) topic-99943e6e_149a_437e_aac0_5921b7c4a5cf 0 3 {"key11753981279035": "value-3"}
2025-07-31 17:01:20,354 INFO  [io.api.tes.ser.api.KafkaSerdesTester] (Thread-603) topic-99943e6e_149a_437e_aac0_5921b7c4a5cf 0 4 {"key11753981279035": "value-4"}
2025-07-31 17:01:20,354 INFO  [io.api.tes.ser.api.KafkaSerdesTester] (Thread-603) topic-99943e6e_149a_437e_aac0_5921b7c4a5cf 0 5 {"key11753981279035": "value-5"}
2025-07-31 17:01:20,355 INFO  [io.api.tes.ser.api.KafkaSerdesTester] (Thread-603) topic-99943e6e_149a_437e_aac0_5921b7c4a5cf 0 6 {"key11753981279035": "value-6"}
2025-07-31 17:01:20,355 INFO  [io.api.tes.ser.api.KafkaSerdesTester] (Thread-603) topic-99943e6e_149a_437e_aac0_5921b7c4a5cf 0 7 {"key11753981279035": "value-7"}
2025-07-31 17:01:20,355 INFO  [io.api.tes.ser.api.KafkaSerdesTester] (Thread-603) topic-99943e6e_149a_437e_aac0_5921b7c4a5cf 0 8 {"key11753981279035": "value-8"}
2025-07-31 17:01:20,355 INFO  [io.api.tes.ser.api.KafkaSerdesTester] (Thread-603) topic-99943e6e_149a_437e_aac0_5921b7c4a5cf 0 9 {"key11753981279035": "value-9"}
2025-07-31 17:01:20,355 INFO  [io.api.tes.ser.api.KafkaSerdesTester] (Thread-603) Consumed 10 messages
2025-07-31 17:01:20,362 INFO  [org.apa.kaf.cli.con.int.ConsumerRebalanceListenerInvoker] (Thread-603) [Consumer clientId=consumer-Consumer-topic-99943e6e_149a_437e_aac0_5921b7c4a5cf-2, groupId=Consumer-topic-99943e6e_149a_437e_aac0_5921b7c4a5cf] Revoke previously assigned partitions topic-99943e6e_149a_437e_aac0_5921b7c4a5cf-0
2025-07-31 17:01:20,362 INFO  [org.apa.kaf.cli.con.int.ConsumerCoordinator] (Thread-603) [Consumer clientId=consumer-Consumer-topic-99943e6e_149a_437e_aac0_5921b7c4a5cf-2, groupId=Consumer-topic-99943e6e_149a_437e_aac0_5921b7c4a5cf] Member consumer-Consumer-topic-99943e6e_149a_437e_aac0_5921b7c4a5cf-2-431221b9-b85e-4de0-b922-3d9cc94ada52 sending LeaveGroup request to coordinator localhost:32770 (id: 2147483647 rack: null) due to the consumer is being closed
2025-07-31 17:01:20,363 INFO  [org.apa.kaf.cli.con.int.ConsumerCoordinator] (Thread-603) [Consumer clientId=consumer-Consumer-topic-99943e6e_149a_437e_aac0_5921b7c4a5cf-2, groupId=Consumer-topic-99943e6e_149a_437e_aac0_5921b7c4a5cf] Resetting generation and member id due to: consumer pro-actively leaving the group
2025-07-31 17:01:20,363 INFO  [org.apa.kaf.cli.con.int.ConsumerCoordinator] (Thread-603) [Consumer clientId=consumer-Consumer-topic-99943e6e_149a_437e_aac0_5921b7c4a5cf-2, groupId=Consumer-topic-99943e6e_149a_437e_aac0_5921b7c4a5cf] Request joining group due to: consumer pro-actively leaving the group
2025-07-31 17:01:20,860 INFO  [org.apa.kaf.com.met.Metrics] (Thread-603) Metrics scheduler closed
2025-07-31 17:01:20,860 INFO  [org.apa.kaf.com.met.Metrics] (Thread-603) Closing reporter org.apache.kafka.common.metrics.JmxReporter
2025-07-31 17:01:20,861 INFO  [org.apa.kaf.com.met.Metrics] (Thread-603) Closing reporter org.apache.kafka.common.telemetry.internals.ClientTelemetryReporter
2025-07-31 17:01:20,861 INFO  [org.apa.kaf.com.met.Metrics] (Thread-603) Metrics reporters closed
2025-07-31 17:01:20,866 INFO  [org.apa.kaf.com.uti.AppInfoParser] (Thread-603) App info kafka.consumer for consumer-Consumer-topic-99943e6e_149a_437e_aac0_5921b7c4a5cf-2 unregistered
2025-07-31 17:01:20,867 INFO  [io.api.tes.uti.TestSeparator] (main) io.apicurio.tests.serdes.apicurio.AvroSerdeIT.testSimpleTopicIdStrategyFindLatest-FINISHED
2025-07-31 17:01:20,868 INFO  [io.api.tes.uti.TestSeparator] (main) ############################################################################
Test passed: testSimpleTopicIdStrategyFindLatest
]]></system-out>
  </testcase>
  <testcase name="testWrongSchema" classname="io.apicurio.tests.serdes.apicurio.AvroSerdeIT" time="1.131">
    <system-out><![CDATA[2025-07-31 17:01:20,869 INFO  [io.api.tes.uti.TestSeparator] (main) ############################################################################
2025-07-31 17:01:20,870 INFO  [io.api.tes.uti.TestSeparator] (main) io.apicurio.tests.serdes.apicurio.AvroSerdeIT.testWrongSchema-STARTED
**** Registry Base URL: http://registry-app-postgresql.apps.ci419.apicurio-testing.org:80
2025-07-31 17:01:21,929 INFO  [org.apa.kaf.cli.pro.ProducerConfig] (main) ProducerConfig values: 
	acks = -1
	auto.include.jmx.reporter = true
	batch.size = 16384
	bootstrap.servers = [PLAINTEXT://localhost:32770]
	buffer.memory = 33554432
	client.dns.lookup = use_all_dns_ips
	client.id = Producer-s730bf9efx6551x46fax902fxf0d0e6781827
	compression.gzip.level = -1
	compression.lz4.level = 9
	compression.type = none
	compression.zstd.level = 3
	connections.max.idle.ms = 10000
	delivery.timeout.ms = 120000
	enable.idempotence = true
	enable.metrics.push = true
	interceptor.classes = []
	key.serializer = class org.apache.kafka.common.serialization.StringSerializer
	linger.ms = 0
	max.block.ms = 60000
	max.in.flight.requests.per.connection = 5
	max.request.size = 1048576
	metadata.max.age.ms = 300000
	metadata.max.idle.ms = 300000
	metadata.recovery.strategy = none
	metric.reporters = []
	metrics.num.samples = 2
	metrics.recording.level = INFO
	metrics.sample.window.ms = 30000
	partitioner.adaptive.partitioning.enable = true
	partitioner.availability.timeout.ms = 0
	partitioner.class = null
	partitioner.ignore.keys = false
	receive.buffer.bytes = 32768
	reconnect.backoff.max.ms = 1000
	reconnect.backoff.ms = 50
	request.timeout.ms = 5000
	retries = 2147483647
	retry.backoff.max.ms = 1000
	retry.backoff.ms = 100
	sasl.client.callback.handler.class = null
	sasl.jaas.config = null
	sasl.kerberos.kinit.cmd = /usr/bin/kinit
	sasl.kerberos.min.time.before.relogin = 60000
	sasl.kerberos.service.name = null
	sasl.kerberos.ticket.renew.jitter = 0.05
	sasl.kerberos.ticket.renew.window.factor = 0.8
	sasl.login.callback.handler.class = null
	sasl.login.class = null
	sasl.login.connect.timeout.ms = null
	sasl.login.read.timeout.ms = null
	sasl.login.refresh.buffer.seconds = 300
	sasl.login.refresh.min.period.seconds = 60
	sasl.login.refresh.window.factor = 0.8
	sasl.login.refresh.window.jitter = 0.05
	sasl.login.retry.backoff.max.ms = 10000
	sasl.login.retry.backoff.ms = 100
	sasl.mechanism = GSSAPI
	sasl.oauthbearer.clock.skew.seconds = 30
	sasl.oauthbearer.expected.audience = null
	sasl.oauthbearer.expected.issuer = null
	sasl.oauthbearer.header.urlencode = false
	sasl.oauthbearer.jwks.endpoint.refresh.ms = 3600000
	sasl.oauthbearer.jwks.endpoint.retry.backoff.max.ms = 10000
	sasl.oauthbearer.jwks.endpoint.retry.backoff.ms = 100
	sasl.oauthbearer.jwks.endpoint.url = null
	sasl.oauthbearer.scope.claim.name = scope
	sasl.oauthbearer.sub.claim.name = sub
	sasl.oauthbearer.token.endpoint.url = null
	security.protocol = PLAINTEXT
	security.providers = null
	send.buffer.bytes = 131072
	socket.connection.setup.timeout.max.ms = 30000
	socket.connection.setup.timeout.ms = 10000
	ssl.cipher.suites = null
	ssl.enabled.protocols = [TLSv1.2, TLSv1.3]
	ssl.endpoint.identification.algorithm = https
	ssl.engine.factory.class = null
	ssl.key.password = null
	ssl.keymanager.algorithm = SunX509
	ssl.keystore.certificate.chain = null
	ssl.keystore.key = null
	ssl.keystore.location = null
	ssl.keystore.password = null
	ssl.keystore.type = JKS
	ssl.protocol = TLSv1.3
	ssl.provider = null
	ssl.secure.random.implementation = null
	ssl.trustmanager.algorithm = PKIX
	ssl.truststore.certificates = null
	ssl.truststore.location = null
	ssl.truststore.password = null
	ssl.truststore.type = JKS
	transaction.timeout.ms = 60000
	transactional.id = null
	value.serializer = class io.apicurio.registry.serde.avro.AvroKafkaSerializer

2025-07-31 17:01:21,929 INFO  [org.apa.kaf.com.tel.int.KafkaMetricsCollector] (main) initializing Kafka metrics collector
2025-07-31 17:01:21,933 INFO  [org.apa.kaf.cli.pro.KafkaProducer] (main) [Producer clientId=Producer-s730bf9efx6551x46fax902fxf0d0e6781827] Instantiated an idempotent producer.
2025-07-31 17:01:21,936 INFO  [org.apa.kaf.cli.pro.ProducerConfig] (main) These configurations '[apicurio.registry.find-latest, apicurio.registry.url, apicurio.registry.artifact-resolver-strategy]' were supplied but are not used yet.
2025-07-31 17:01:21,936 INFO  [org.apa.kaf.com.uti.AppInfoParser] (main) Kafka version: 3.9.1
2025-07-31 17:01:21,938 INFO  [org.apa.kaf.com.uti.AppInfoParser] (main) Kafka commitId: f745dfdcee2b9851
2025-07-31 17:01:21,938 INFO  [org.apa.kaf.com.uti.AppInfoParser] (main) Kafka startTimeMs: 1753981281936
2025-07-31 17:01:21,941 INFO  [io.api.tes.ser.api.KafkaSerdesTester] (Thread-606) Sending message {"keyB": "value-0"} to topic s730bf9efx6551x46fax902fxf0d0e6781827
2025-07-31 17:01:21,944 INFO  [org.apa.kaf.cli.Metadata] (kafka-producer-network-thread | Producer-s730bf9efx6551x46fax902fxf0d0e6781827) [Producer clientId=Producer-s730bf9efx6551x46fax902fxf0d0e6781827] Cluster ID: alGoLOtfQj2F2-zKWHmvbA
2025-07-31 17:01:21,944 INFO  [org.apa.kaf.cli.pro.int.TransactionManager] (kafka-producer-network-thread | Producer-s730bf9efx6551x46fax902fxf0d0e6781827) [Producer clientId=Producer-s730bf9efx6551x46fax902fxf0d0e6781827] ProducerId set to 2 with epoch 0
2025-07-31 17:01:21,992 INFO  [org.apa.kaf.cli.pro.KafkaProducer] (Thread-606) [Producer clientId=Producer-s730bf9efx6551x46fax902fxf0d0e6781827] Closing the Kafka producer with timeoutMillis = 9223372036854775807 ms.
2025-07-31 17:01:21,998 INFO  [org.apa.kaf.com.met.Metrics] (Thread-606) Metrics scheduler closed
2025-07-31 17:01:21,998 INFO  [org.apa.kaf.com.met.Metrics] (Thread-606) Closing reporter org.apache.kafka.common.metrics.JmxReporter
2025-07-31 17:01:21,998 INFO  [org.apa.kaf.com.met.Metrics] (Thread-606) Closing reporter org.apache.kafka.common.telemetry.internals.ClientTelemetryReporter
2025-07-31 17:01:21,998 INFO  [org.apa.kaf.com.met.Metrics] (Thread-606) Metrics reporters closed
2025-07-31 17:01:21,999 INFO  [org.apa.kaf.com.uti.AppInfoParser] (Thread-606) App info kafka.producer for Producer-s730bf9efx6551x46fax902fxf0d0e6781827 unregistered
2025-07-31 17:01:21,999 INFO  [io.api.tes.uti.TestSeparator] (main) io.apicurio.tests.serdes.apicurio.AvroSerdeIT.testWrongSchema-FINISHED
2025-07-31 17:01:21,999 INFO  [io.api.tes.uti.TestSeparator] (main) ############################################################################
Test passed: testWrongSchema
]]></system-out>
    <system-err><![CDATA[io.apicurio.registry.rest.client.models.ProblemDetails
	at io.apicurio.registry.rest.client.models.ProblemDetails.createFromDiscriminatorValue(ProblemDetails.java:58)
	at io.kiota.serialization.json.JsonParseNode.getObjectValue(JsonParseNode.java:247)
	at io.kiota.http.vertx.VertXRequestAdapter.lambda$throwIfFailedResponse$0(VertXRequestAdapter.java:400)
	at com.microsoft.kiota.ApiExceptionBuilder.<init>(ApiExceptionBuilder.java:26)
	at io.kiota.http.vertx.VertXRequestAdapter.throwIfFailedResponse(VertXRequestAdapter.java:399)
	at io.kiota.http.vertx.VertXRequestAdapter.send(VertXRequestAdapter.java:170)
	at io.apicurio.registry.rest.client.groups.item.artifacts.item.versions.item.WithVersionExpressionItemRequestBuilder.get(WithVersionExpressionItemRequestBuilder.java:128)
	at io.apicurio.registry.rest.client.groups.item.artifacts.item.versions.item.WithVersionExpressionItemRequestBuilder.get(WithVersionExpressionItemRequestBuilder.java:111)
	at io.apicurio.registry.resolver.client.RegistryClientFacadeImpl.getVersionCoordinatesByGAV(RegistryClientFacadeImpl.java:153)
	at io.apicurio.registry.resolver.DefaultSchemaResolver.resolveByCoordinates(DefaultSchemaResolver.java:352)
	at io.apicurio.registry.resolver.DefaultSchemaResolver.lambda$resolveSchemaByArtifactReferenceCached$6(DefaultSchemaResolver.java:340)
	at io.apicurio.registry.resolver.cache.ERCache.lambda$getValue$0(ERCache.java:174)
	at io.apicurio.registry.resolver.cache.ERCache.retry(ERCache.java:227)
	at io.apicurio.registry.resolver.cache.ERCache.getValue(ERCache.java:173)
	at io.apicurio.registry.resolver.cache.ERCache.getByArtifactCoordinates(ERCache.java:158)
	at io.apicurio.registry.resolver.DefaultSchemaResolver.resolveSchemaByArtifactReferenceCached(DefaultSchemaResolver.java:338)
	at io.apicurio.registry.resolver.DefaultSchemaResolver.resolveSchemaByCoordinates(DefaultSchemaResolver.java:193)
	at io.apicurio.registry.resolver.DefaultSchemaResolver.getSchemaFromRegistry(DefaultSchemaResolver.java:130)
	at io.apicurio.registry.resolver.DefaultSchemaResolver.lambda$resolveSchema$0(DefaultSchemaResolver.java:84)
	at java.base/java.util.Optional.orElseGet(Optional.java:364)
	at io.apicurio.registry.resolver.DefaultSchemaResolver.resolveSchema(DefaultSchemaResolver.java:84)
	at io.apicurio.registry.serde.AbstractSerializer.serializeData(AbstractSerializer.java:62)
	at io.apicurio.registry.serde.KafkaSerializer.serialize(KafkaSerializer.java:77)
	at org.apache.kafka.clients.producer.KafkaProducer.doSend(KafkaProducer.java:1046)
	at org.apache.kafka.clients.producer.KafkaProducer.send(KafkaProducer.java:993)
	at org.apache.kafka.clients.producer.KafkaProducer.send(KafkaProducer.java:875)
	at io.apicurio.tests.serdes.apicurio.KafkaSerdesTester.lambda$produceMessages$3(KafkaSerdesTester.java:138)
	at java.base/java.util.concurrent.CompletableFuture$AsyncSupply.run(CompletableFuture.java:1768)
	at java.base/java.lang.Thread.run(Thread.java:840)
]]></system-err>
  </testcase>
  <testcase name="testAvroJSON" classname="io.apicurio.tests.serdes.apicurio.AvroSerdeIT" time="0.909">
    <system-out><![CDATA[2025-07-31 17:01:22,004 INFO  [io.api.tes.uti.TestSeparator] (main) ############################################################################
2025-07-31 17:01:22,004 INFO  [io.api.tes.uti.TestSeparator] (main) io.apicurio.tests.serdes.apicurio.AvroSerdeIT.testAvroJSON-STARTED
**** Registry Base URL: http://registry-app-postgresql.apps.ci419.apicurio-testing.org:80
2025-07-31 17:01:22,012 INFO  [org.apa.kaf.cli.pro.ProducerConfig] (main) ProducerConfig values: 
	acks = -1
	auto.include.jmx.reporter = true
	batch.size = 16384
	bootstrap.servers = [PLAINTEXT://localhost:32770]
	buffer.memory = 33554432
	client.dns.lookup = use_all_dns_ips
	client.id = Producer-topic-8d95ca26_1653_4efb_8834_a62fbc2b08a0
	compression.gzip.level = -1
	compression.lz4.level = 9
	compression.type = none
	compression.zstd.level = 3
	connections.max.idle.ms = 10000
	delivery.timeout.ms = 120000
	enable.idempotence = true
	enable.metrics.push = true
	interceptor.classes = []
	key.serializer = class org.apache.kafka.common.serialization.StringSerializer
	linger.ms = 0
	max.block.ms = 60000
	max.in.flight.requests.per.connection = 5
	max.request.size = 1048576
	metadata.max.age.ms = 300000
	metadata.max.idle.ms = 300000
	metadata.recovery.strategy = none
	metric.reporters = []
	metrics.num.samples = 2
	metrics.recording.level = INFO
	metrics.sample.window.ms = 30000
	partitioner.adaptive.partitioning.enable = true
	partitioner.availability.timeout.ms = 0
	partitioner.class = null
	partitioner.ignore.keys = false
	receive.buffer.bytes = 32768
	reconnect.backoff.max.ms = 1000
	reconnect.backoff.ms = 50
	request.timeout.ms = 5000
	retries = 2147483647
	retry.backoff.max.ms = 1000
	retry.backoff.ms = 100
	sasl.client.callback.handler.class = null
	sasl.jaas.config = null
	sasl.kerberos.kinit.cmd = /usr/bin/kinit
	sasl.kerberos.min.time.before.relogin = 60000
	sasl.kerberos.service.name = null
	sasl.kerberos.ticket.renew.jitter = 0.05
	sasl.kerberos.ticket.renew.window.factor = 0.8
	sasl.login.callback.handler.class = null
	sasl.login.class = null
	sasl.login.connect.timeout.ms = null
	sasl.login.read.timeout.ms = null
	sasl.login.refresh.buffer.seconds = 300
	sasl.login.refresh.min.period.seconds = 60
	sasl.login.refresh.window.factor = 0.8
	sasl.login.refresh.window.jitter = 0.05
	sasl.login.retry.backoff.max.ms = 10000
	sasl.login.retry.backoff.ms = 100
	sasl.mechanism = GSSAPI
	sasl.oauthbearer.clock.skew.seconds = 30
	sasl.oauthbearer.expected.audience = null
	sasl.oauthbearer.expected.issuer = null
	sasl.oauthbearer.header.urlencode = false
	sasl.oauthbearer.jwks.endpoint.refresh.ms = 3600000
	sasl.oauthbearer.jwks.endpoint.retry.backoff.max.ms = 10000
	sasl.oauthbearer.jwks.endpoint.retry.backoff.ms = 100
	sasl.oauthbearer.jwks.endpoint.url = null
	sasl.oauthbearer.scope.claim.name = scope
	sasl.oauthbearer.sub.claim.name = sub
	sasl.oauthbearer.token.endpoint.url = null
	security.protocol = PLAINTEXT
	security.providers = null
	send.buffer.bytes = 131072
	socket.connection.setup.timeout.max.ms = 30000
	socket.connection.setup.timeout.ms = 10000
	ssl.cipher.suites = null
	ssl.enabled.protocols = [TLSv1.2, TLSv1.3]
	ssl.endpoint.identification.algorithm = https
	ssl.engine.factory.class = null
	ssl.key.password = null
	ssl.keymanager.algorithm = SunX509
	ssl.keystore.certificate.chain = null
	ssl.keystore.key = null
	ssl.keystore.location = null
	ssl.keystore.password = null
	ssl.keystore.type = JKS
	ssl.protocol = TLSv1.3
	ssl.provider = null
	ssl.secure.random.implementation = null
	ssl.trustmanager.algorithm = PKIX
	ssl.truststore.certificates = null
	ssl.truststore.location = null
	ssl.truststore.password = null
	ssl.truststore.type = JKS
	transaction.timeout.ms = 60000
	transactional.id = null
	value.serializer = class io.apicurio.registry.serde.avro.AvroKafkaSerializer

2025-07-31 17:01:22,030 INFO  [org.apa.kaf.com.tel.int.KafkaMetricsCollector] (main) initializing Kafka metrics collector
2025-07-31 17:01:22,045 INFO  [org.apa.kaf.cli.pro.KafkaProducer] (main) [Producer clientId=Producer-topic-8d95ca26_1653_4efb_8834_a62fbc2b08a0] Instantiated an idempotent producer.
2025-07-31 17:01:22,060 INFO  [org.apa.kaf.cli.pro.ProducerConfig] (main) These configurations '[apicurio.registry.avro.encoding, apicurio.registry.url, apicurio.registry.auto-register, apicurio.registry.artifact-resolver-strategy]' were supplied but are not used yet.
2025-07-31 17:01:22,061 INFO  [org.apa.kaf.com.uti.AppInfoParser] (main) Kafka version: 3.9.1
2025-07-31 17:01:22,061 INFO  [org.apa.kaf.com.uti.AppInfoParser] (main) Kafka commitId: f745dfdcee2b9851
2025-07-31 17:01:22,061 INFO  [org.apa.kaf.com.uti.AppInfoParser] (main) Kafka startTimeMs: 1753981282060
2025-07-31 17:01:22,064 INFO  [io.api.tes.ser.api.SimpleSerdesTesterBuilder$SimpleSerdesTester] (main) Using producer configuration: {apicurio.registry.avro.encoding=JSON, apicurio.registry.url=http://registry-app-postgresql.apps.ci419.apicurio-testing.org:80/apis/registry/v3, apicurio.registry.auto-register=true, apicurio.registry.artifact-resolver-strategy=io.apicurio.registry.serde.strategy.TopicIdStrategy, value.serializer=io.apicurio.registry.serde.avro.AvroKafkaSerializer, request.timeout.ms=5000, acks=all, bootstrap.servers=PLAINTEXT://localhost:32770, connections.max.idle.ms=10000, key.serializer=org.apache.kafka.common.serialization.StringSerializer, client.id=Producer-topic-8d95ca26_1653_4efb_8834_a62fbc2b08a0}
2025-07-31 17:01:22,064 INFO  [io.api.tes.ser.api.SimpleSerdesTesterBuilder$SimpleSerdesTester] (main) Using consumer configuration: {apicurio.registry.avro.encoding=JSON}
2025-07-31 17:01:22,072 INFO  [io.api.tes.ser.api.KafkaSerdesTester] (Thread-609) Sending message {"bar": "value-0"} to topic topic-8d95ca26_1653_4efb_8834_a62fbc2b08a0
2025-07-31 17:01:22,094 WARN  [org.apa.kaf.cli.NetworkClient] (kafka-producer-network-thread | Producer-topic-8d95ca26_1653_4efb_8834_a62fbc2b08a0) [Producer clientId=Producer-topic-8d95ca26_1653_4efb_8834_a62fbc2b08a0] The metadata response from the cluster reported a recoverable issue with correlation id 2 : {topic-8d95ca26_1653_4efb_8834_a62fbc2b08a0=LEADER_NOT_AVAILABLE}
2025-07-31 17:01:22,097 INFO  [org.apa.kaf.cli.Metadata] (kafka-producer-network-thread | Producer-topic-8d95ca26_1653_4efb_8834_a62fbc2b08a0) [Producer clientId=Producer-topic-8d95ca26_1653_4efb_8834_a62fbc2b08a0] Cluster ID: alGoLOtfQj2F2-zKWHmvbA
2025-07-31 17:01:22,098 INFO  [org.apa.kaf.cli.pro.int.TransactionManager] (kafka-producer-network-thread | Producer-topic-8d95ca26_1653_4efb_8834_a62fbc2b08a0) [Producer clientId=Producer-topic-8d95ca26_1653_4efb_8834_a62fbc2b08a0] ProducerId set to 3 with epoch 0
2025-07-31 17:01:22,245 INFO  [io.api.tes.ser.api.KafkaSerdesTester] (Thread-609) Sending message {"bar": "value-1"} to topic topic-8d95ca26_1653_4efb_8834_a62fbc2b08a0
2025-07-31 17:01:22,248 INFO  [io.api.tes.ser.api.KafkaSerdesTester] (Thread-609) Sending message {"bar": "value-2"} to topic topic-8d95ca26_1653_4efb_8834_a62fbc2b08a0
2025-07-31 17:01:22,251 INFO  [io.api.tes.ser.api.KafkaSerdesTester] (Thread-609) Sending message {"bar": "value-3"} to topic topic-8d95ca26_1653_4efb_8834_a62fbc2b08a0
2025-07-31 17:01:22,254 INFO  [io.api.tes.ser.api.KafkaSerdesTester] (Thread-609) Sending message {"bar": "value-4"} to topic topic-8d95ca26_1653_4efb_8834_a62fbc2b08a0
2025-07-31 17:01:22,258 INFO  [io.api.tes.ser.api.KafkaSerdesTester] (Thread-609) Sending message {"bar": "value-5"} to topic topic-8d95ca26_1653_4efb_8834_a62fbc2b08a0
2025-07-31 17:01:22,263 INFO  [io.api.tes.ser.api.KafkaSerdesTester] (Thread-609) Sending message {"bar": "value-6"} to topic topic-8d95ca26_1653_4efb_8834_a62fbc2b08a0
2025-07-31 17:01:22,265 INFO  [io.api.tes.ser.api.KafkaSerdesTester] (Thread-609) Sending message {"bar": "value-7"} to topic topic-8d95ca26_1653_4efb_8834_a62fbc2b08a0
2025-07-31 17:01:22,268 INFO  [io.api.tes.ser.api.KafkaSerdesTester] (Thread-609) Sending message {"bar": "value-8"} to topic topic-8d95ca26_1653_4efb_8834_a62fbc2b08a0
2025-07-31 17:01:22,271 INFO  [io.api.tes.ser.api.KafkaSerdesTester] (Thread-609) Sending message {"bar": "value-9"} to topic topic-8d95ca26_1653_4efb_8834_a62fbc2b08a0
2025-07-31 17:01:22,275 INFO  [io.api.tes.ser.api.KafkaSerdesTester] (Thread-609) Produced 10 messages
2025-07-31 17:01:22,275 INFO  [org.apa.kaf.cli.pro.KafkaProducer] (Thread-609) [Producer clientId=Producer-topic-8d95ca26_1653_4efb_8834_a62fbc2b08a0] Closing the Kafka producer with timeoutMillis = 9223372036854775807 ms.
2025-07-31 17:01:22,279 INFO  [org.apa.kaf.com.met.Metrics] (Thread-609) Metrics scheduler closed
2025-07-31 17:01:22,279 INFO  [org.apa.kaf.com.met.Metrics] (Thread-609) Closing reporter org.apache.kafka.common.metrics.JmxReporter
2025-07-31 17:01:22,279 INFO  [org.apa.kaf.com.met.Metrics] (Thread-609) Closing reporter org.apache.kafka.common.telemetry.internals.ClientTelemetryReporter
2025-07-31 17:01:22,279 INFO  [org.apa.kaf.com.met.Metrics] (Thread-609) Metrics reporters closed
2025-07-31 17:01:22,280 INFO  [org.apa.kaf.com.uti.AppInfoParser] (Thread-609) App info kafka.producer for Producer-topic-8d95ca26_1653_4efb_8834_a62fbc2b08a0 unregistered
**** Registry Base URL: http://registry-app-postgresql.apps.ci419.apicurio-testing.org:80
2025-07-31 17:01:22,308 INFO  [org.apa.kaf.cli.con.ConsumerConfig] (main) ConsumerConfig values: 
	allow.auto.create.topics = true
	auto.commit.interval.ms = 500
	auto.include.jmx.reporter = true
	auto.offset.reset = earliest
	bootstrap.servers = [PLAINTEXT://localhost:32770]
	check.crcs = true
	client.dns.lookup = use_all_dns_ips
	client.id = consumer-Consumer-topic-8d95ca26_1653_4efb_8834_a62fbc2b08a0-3
	client.rack = 
	connections.max.idle.ms = 10000
	default.api.timeout.ms = 60000
	enable.auto.commit = true
	enable.metrics.push = true
	exclude.internal.topics = true
	fetch.max.bytes = 52428800
	fetch.max.wait.ms = 500
	fetch.min.bytes = 1
	group.id = Consumer-topic-8d95ca26_1653_4efb_8834_a62fbc2b08a0
	group.instance.id = null
	group.protocol = classic
	group.remote.assignor = null
	heartbeat.interval.ms = 3000
	interceptor.classes = []
	internal.leave.group.on.close = true
	internal.throw.on.fetch.stable.offset.unsupported = false
	isolation.level = read_uncommitted
	key.deserializer = class org.apache.kafka.common.serialization.StringDeserializer
	max.partition.fetch.bytes = 1048576
	max.poll.interval.ms = 300000
	max.poll.records = 500
	metadata.max.age.ms = 300000
	metadata.recovery.strategy = none
	metric.reporters = []
	metrics.num.samples = 2
	metrics.recording.level = INFO
	metrics.sample.window.ms = 30000
	partition.assignment.strategy = [class org.apache.kafka.clients.consumer.RangeAssignor, class org.apache.kafka.clients.consumer.CooperativeStickyAssignor]
	receive.buffer.bytes = 65536
	reconnect.backoff.max.ms = 1000
	reconnect.backoff.ms = 50
	request.timeout.ms = 5000
	retry.backoff.max.ms = 1000
	retry.backoff.ms = 100
	sasl.client.callback.handler.class = null
	sasl.jaas.config = null
	sasl.kerberos.kinit.cmd = /usr/bin/kinit
	sasl.kerberos.min.time.before.relogin = 60000
	sasl.kerberos.service.name = null
	sasl.kerberos.ticket.renew.jitter = 0.05
	sasl.kerberos.ticket.renew.window.factor = 0.8
	sasl.login.callback.handler.class = null
	sasl.login.class = null
	sasl.login.connect.timeout.ms = null
	sasl.login.read.timeout.ms = null
	sasl.login.refresh.buffer.seconds = 300
	sasl.login.refresh.min.period.seconds = 60
	sasl.login.refresh.window.factor = 0.8
	sasl.login.refresh.window.jitter = 0.05
	sasl.login.retry.backoff.max.ms = 10000
	sasl.login.retry.backoff.ms = 100
	sasl.mechanism = GSSAPI
	sasl.oauthbearer.clock.skew.seconds = 30
	sasl.oauthbearer.expected.audience = null
	sasl.oauthbearer.expected.issuer = null
	sasl.oauthbearer.header.urlencode = false
	sasl.oauthbearer.jwks.endpoint.refresh.ms = 3600000
	sasl.oauthbearer.jwks.endpoint.retry.backoff.max.ms = 10000
	sasl.oauthbearer.jwks.endpoint.retry.backoff.ms = 100
	sasl.oauthbearer.jwks.endpoint.url = null
	sasl.oauthbearer.scope.claim.name = scope
	sasl.oauthbearer.sub.claim.name = sub
	sasl.oauthbearer.token.endpoint.url = null
	security.protocol = PLAINTEXT
	security.providers = null
	send.buffer.bytes = 131072
	session.timeout.ms = 45000
	socket.connection.setup.timeout.max.ms = 30000
	socket.connection.setup.timeout.ms = 10000
	ssl.cipher.suites = null
	ssl.enabled.protocols = [TLSv1.2, TLSv1.3]
	ssl.endpoint.identification.algorithm = https
	ssl.engine.factory.class = null
	ssl.key.password = null
	ssl.keymanager.algorithm = SunX509
	ssl.keystore.certificate.chain = null
	ssl.keystore.key = null
	ssl.keystore.location = null
	ssl.keystore.password = null
	ssl.keystore.type = JKS
	ssl.protocol = TLSv1.3
	ssl.provider = null
	ssl.secure.random.implementation = null
	ssl.trustmanager.algorithm = PKIX
	ssl.truststore.certificates = null
	ssl.truststore.location = null
	ssl.truststore.password = null
	ssl.truststore.type = JKS
	value.deserializer = class io.apicurio.registry.serde.avro.AvroKafkaDeserializer

2025-07-31 17:01:22,309 INFO  [org.apa.kaf.com.tel.int.KafkaMetricsCollector] (main) initializing Kafka metrics collector
2025-07-31 17:01:22,317 INFO  [org.apa.kaf.cli.con.ConsumerConfig] (main) These configurations '[apicurio.registry.avro.encoding, apicurio.registry.url]' were supplied but are not used yet.
2025-07-31 17:01:22,317 INFO  [org.apa.kaf.com.uti.AppInfoParser] (main) Kafka version: 3.9.1
2025-07-31 17:01:22,317 INFO  [org.apa.kaf.com.uti.AppInfoParser] (main) Kafka commitId: f745dfdcee2b9851
2025-07-31 17:01:22,317 INFO  [org.apa.kaf.com.uti.AppInfoParser] (main) Kafka startTimeMs: 1753981282317
2025-07-31 17:01:22,320 INFO  [org.apa.kaf.cli.con.int.ClassicKafkaConsumer] (Thread-612) [Consumer clientId=consumer-Consumer-topic-8d95ca26_1653_4efb_8834_a62fbc2b08a0-3, groupId=Consumer-topic-8d95ca26_1653_4efb_8834_a62fbc2b08a0] Subscribed to topic(s): topic-8d95ca26_1653_4efb_8834_a62fbc2b08a0
2025-07-31 17:01:22,333 INFO  [org.apa.kaf.cli.Metadata] (Thread-612) [Consumer clientId=consumer-Consumer-topic-8d95ca26_1653_4efb_8834_a62fbc2b08a0-3, groupId=Consumer-topic-8d95ca26_1653_4efb_8834_a62fbc2b08a0] Cluster ID: alGoLOtfQj2F2-zKWHmvbA
2025-07-31 17:01:22,338 INFO  [org.apa.kaf.cli.con.int.ConsumerCoordinator] (Thread-612) [Consumer clientId=consumer-Consumer-topic-8d95ca26_1653_4efb_8834_a62fbc2b08a0-3, groupId=Consumer-topic-8d95ca26_1653_4efb_8834_a62fbc2b08a0] Discovered group coordinator localhost:32770 (id: 2147483647 rack: null)
2025-07-31 17:01:22,339 INFO  [org.apa.kaf.cli.con.int.ConsumerCoordinator] (Thread-612) [Consumer clientId=consumer-Consumer-topic-8d95ca26_1653_4efb_8834_a62fbc2b08a0-3, groupId=Consumer-topic-8d95ca26_1653_4efb_8834_a62fbc2b08a0] (Re-)joining group
2025-07-31 17:01:22,346 INFO  [org.apa.kaf.cli.con.int.ConsumerCoordinator] (Thread-612) [Consumer clientId=consumer-Consumer-topic-8d95ca26_1653_4efb_8834_a62fbc2b08a0-3, groupId=Consumer-topic-8d95ca26_1653_4efb_8834_a62fbc2b08a0] Request joining group due to: need to re-join with the given member-id: consumer-Consumer-topic-8d95ca26_1653_4efb_8834_a62fbc2b08a0-3-448f2d6f-6818-4de9-8e5e-57e17eb3cf34
2025-07-31 17:01:22,347 INFO  [org.apa.kaf.cli.con.int.ConsumerCoordinator] (Thread-612) [Consumer clientId=consumer-Consumer-topic-8d95ca26_1653_4efb_8834_a62fbc2b08a0-3, groupId=Consumer-topic-8d95ca26_1653_4efb_8834_a62fbc2b08a0] (Re-)joining group
2025-07-31 17:01:22,351 INFO  [org.apa.kaf.cli.con.int.ConsumerCoordinator] (Thread-612) [Consumer clientId=consumer-Consumer-topic-8d95ca26_1653_4efb_8834_a62fbc2b08a0-3, groupId=Consumer-topic-8d95ca26_1653_4efb_8834_a62fbc2b08a0] Successfully joined group with generation Generation{generationId=1, memberId='consumer-Consumer-topic-8d95ca26_1653_4efb_8834_a62fbc2b08a0-3-448f2d6f-6818-4de9-8e5e-57e17eb3cf34', protocol='range'}
2025-07-31 17:01:22,352 INFO  [org.apa.kaf.cli.con.int.ConsumerCoordinator] (Thread-612) [Consumer clientId=consumer-Consumer-topic-8d95ca26_1653_4efb_8834_a62fbc2b08a0-3, groupId=Consumer-topic-8d95ca26_1653_4efb_8834_a62fbc2b08a0] Finished assignment for group at generation 1: {consumer-Consumer-topic-8d95ca26_1653_4efb_8834_a62fbc2b08a0-3-448f2d6f-6818-4de9-8e5e-57e17eb3cf34=Assignment(partitions=[topic-8d95ca26_1653_4efb_8834_a62fbc2b08a0-0])}
2025-07-31 17:01:22,358 INFO  [org.apa.kaf.cli.con.int.ConsumerCoordinator] (Thread-612) [Consumer clientId=consumer-Consumer-topic-8d95ca26_1653_4efb_8834_a62fbc2b08a0-3, groupId=Consumer-topic-8d95ca26_1653_4efb_8834_a62fbc2b08a0] Successfully synced group in generation Generation{generationId=1, memberId='consumer-Consumer-topic-8d95ca26_1653_4efb_8834_a62fbc2b08a0-3-448f2d6f-6818-4de9-8e5e-57e17eb3cf34', protocol='range'}
2025-07-31 17:01:22,358 INFO  [org.apa.kaf.cli.con.int.ConsumerCoordinator] (Thread-612) [Consumer clientId=consumer-Consumer-topic-8d95ca26_1653_4efb_8834_a62fbc2b08a0-3, groupId=Consumer-topic-8d95ca26_1653_4efb_8834_a62fbc2b08a0] Notifying assignor about the new Assignment(partitions=[topic-8d95ca26_1653_4efb_8834_a62fbc2b08a0-0])
2025-07-31 17:01:22,358 INFO  [org.apa.kaf.cli.con.int.ConsumerRebalanceListenerInvoker] (Thread-612) [Consumer clientId=consumer-Consumer-topic-8d95ca26_1653_4efb_8834_a62fbc2b08a0-3, groupId=Consumer-topic-8d95ca26_1653_4efb_8834_a62fbc2b08a0] Adding newly assigned partitions: topic-8d95ca26_1653_4efb_8834_a62fbc2b08a0-0
2025-07-31 17:01:22,360 INFO  [org.apa.kaf.cli.con.int.ConsumerCoordinator] (Thread-612) [Consumer clientId=consumer-Consumer-topic-8d95ca26_1653_4efb_8834_a62fbc2b08a0-3, groupId=Consumer-topic-8d95ca26_1653_4efb_8834_a62fbc2b08a0] Found no committed offset for partition topic-8d95ca26_1653_4efb_8834_a62fbc2b08a0-0
2025-07-31 17:01:22,364 INFO  [org.apa.kaf.cli.con.int.SubscriptionState] (Thread-612) [Consumer clientId=consumer-Consumer-topic-8d95ca26_1653_4efb_8834_a62fbc2b08a0-3, groupId=Consumer-topic-8d95ca26_1653_4efb_8834_a62fbc2b08a0] Resetting offset for partition topic-8d95ca26_1653_4efb_8834_a62fbc2b08a0-0 to position FetchPosition{offset=0, offsetEpoch=Optional.empty, currentLeader=LeaderAndEpoch{leader=Optional[localhost:32770 (id: 0 rack: null)], epoch=0}}.
2025-07-31 17:01:22,401 INFO  [io.api.tes.ser.api.KafkaSerdesTester] (Thread-612) topic-8d95ca26_1653_4efb_8834_a62fbc2b08a0 0 0 {"bar": "value-0"}
2025-07-31 17:01:22,401 INFO  [io.api.tes.ser.api.KafkaSerdesTester] (Thread-612) topic-8d95ca26_1653_4efb_8834_a62fbc2b08a0 0 1 {"bar": "value-1"}
2025-07-31 17:01:22,402 INFO  [io.api.tes.ser.api.KafkaSerdesTester] (Thread-612) topic-8d95ca26_1653_4efb_8834_a62fbc2b08a0 0 2 {"bar": "value-2"}
2025-07-31 17:01:22,402 INFO  [io.api.tes.ser.api.KafkaSerdesTester] (Thread-612) topic-8d95ca26_1653_4efb_8834_a62fbc2b08a0 0 3 {"bar": "value-3"}
2025-07-31 17:01:22,402 INFO  [io.api.tes.ser.api.KafkaSerdesTester] (Thread-612) topic-8d95ca26_1653_4efb_8834_a62fbc2b08a0 0 4 {"bar": "value-4"}
2025-07-31 17:01:22,402 INFO  [io.api.tes.ser.api.KafkaSerdesTester] (Thread-612) topic-8d95ca26_1653_4efb_8834_a62fbc2b08a0 0 5 {"bar": "value-5"}
2025-07-31 17:01:22,402 INFO  [io.api.tes.ser.api.KafkaSerdesTester] (Thread-612) topic-8d95ca26_1653_4efb_8834_a62fbc2b08a0 0 6 {"bar": "value-6"}
2025-07-31 17:01:22,402 INFO  [io.api.tes.ser.api.KafkaSerdesTester] (Thread-612) topic-8d95ca26_1653_4efb_8834_a62fbc2b08a0 0 7 {"bar": "value-7"}
2025-07-31 17:01:22,402 INFO  [io.api.tes.ser.api.KafkaSerdesTester] (Thread-612) topic-8d95ca26_1653_4efb_8834_a62fbc2b08a0 0 8 {"bar": "value-8"}
2025-07-31 17:01:22,402 INFO  [io.api.tes.ser.api.KafkaSerdesTester] (Thread-612) topic-8d95ca26_1653_4efb_8834_a62fbc2b08a0 0 9 {"bar": "value-9"}
2025-07-31 17:01:22,402 INFO  [io.api.tes.ser.api.KafkaSerdesTester] (Thread-612) Consumed 10 messages
2025-07-31 17:01:22,406 INFO  [org.apa.kaf.cli.con.int.ConsumerRebalanceListenerInvoker] (Thread-612) [Consumer clientId=consumer-Consumer-topic-8d95ca26_1653_4efb_8834_a62fbc2b08a0-3, groupId=Consumer-topic-8d95ca26_1653_4efb_8834_a62fbc2b08a0] Revoke previously assigned partitions topic-8d95ca26_1653_4efb_8834_a62fbc2b08a0-0
2025-07-31 17:01:22,406 INFO  [org.apa.kaf.cli.con.int.ConsumerCoordinator] (Thread-612) [Consumer clientId=consumer-Consumer-topic-8d95ca26_1653_4efb_8834_a62fbc2b08a0-3, groupId=Consumer-topic-8d95ca26_1653_4efb_8834_a62fbc2b08a0] Member consumer-Consumer-topic-8d95ca26_1653_4efb_8834_a62fbc2b08a0-3-448f2d6f-6818-4de9-8e5e-57e17eb3cf34 sending LeaveGroup request to coordinator localhost:32770 (id: 2147483647 rack: null) due to the consumer is being closed
2025-07-31 17:01:22,406 INFO  [org.apa.kaf.cli.con.int.ConsumerCoordinator] (Thread-612) [Consumer clientId=consumer-Consumer-topic-8d95ca26_1653_4efb_8834_a62fbc2b08a0-3, groupId=Consumer-topic-8d95ca26_1653_4efb_8834_a62fbc2b08a0] Resetting generation and member id due to: consumer pro-actively leaving the group
2025-07-31 17:01:22,406 INFO  [org.apa.kaf.cli.con.int.ConsumerCoordinator] (Thread-612) [Consumer clientId=consumer-Consumer-topic-8d95ca26_1653_4efb_8834_a62fbc2b08a0-3, groupId=Consumer-topic-8d95ca26_1653_4efb_8834_a62fbc2b08a0] Request joining group due to: consumer pro-actively leaving the group
2025-07-31 17:01:22,904 INFO  [org.apa.kaf.com.met.Metrics] (Thread-612) Metrics scheduler closed
2025-07-31 17:01:22,904 INFO  [org.apa.kaf.com.met.Metrics] (Thread-612) Closing reporter org.apache.kafka.common.metrics.JmxReporter
2025-07-31 17:01:22,905 INFO  [org.apa.kaf.com.met.Metrics] (Thread-612) Closing reporter org.apache.kafka.common.telemetry.internals.ClientTelemetryReporter
2025-07-31 17:01:22,905 INFO  [org.apa.kaf.com.met.Metrics] (Thread-612) Metrics reporters closed
2025-07-31 17:01:22,908 INFO  [org.apa.kaf.com.uti.AppInfoParser] (Thread-612) App info kafka.consumer for consumer-Consumer-topic-8d95ca26_1653_4efb_8834_a62fbc2b08a0-3 unregistered
2025-07-31 17:01:22,908 INFO  [io.api.tes.uti.TestSeparator] (main) io.apicurio.tests.serdes.apicurio.AvroSerdeIT.testAvroJSON-FINISHED
2025-07-31 17:01:22,909 INFO  [io.api.tes.uti.TestSeparator] (main) ############################################################################
Test passed: testAvroJSON
]]></system-out>
  </testcase>
  <testcase name="testTopicIdStrategyAutoRegister" classname="io.apicurio.tests.serdes.apicurio.AvroSerdeIT" time="0.939">
    <system-out><![CDATA[2025-07-31 17:01:22,910 INFO  [io.api.tes.uti.TestSeparator] (main) ############################################################################
2025-07-31 17:01:22,910 INFO  [io.api.tes.uti.TestSeparator] (main) io.apicurio.tests.serdes.apicurio.AvroSerdeIT.testTopicIdStrategyAutoRegister-STARTED
**** Registry Base URL: http://registry-app-postgresql.apps.ci419.apicurio-testing.org:80
2025-07-31 17:01:22,913 INFO  [org.apa.kaf.cli.pro.ProducerConfig] (main) ProducerConfig values: 
	acks = -1
	auto.include.jmx.reporter = true
	batch.size = 16384
	bootstrap.servers = [PLAINTEXT://localhost:32770]
	buffer.memory = 33554432
	client.dns.lookup = use_all_dns_ips
	client.id = Producer-topic-0044309a_650e_47cc_96e0_b75182fedb3c
	compression.gzip.level = -1
	compression.lz4.level = 9
	compression.type = none
	compression.zstd.level = 3
	connections.max.idle.ms = 10000
	delivery.timeout.ms = 120000
	enable.idempotence = true
	enable.metrics.push = true
	interceptor.classes = []
	key.serializer = class org.apache.kafka.common.serialization.StringSerializer
	linger.ms = 0
	max.block.ms = 60000
	max.in.flight.requests.per.connection = 5
	max.request.size = 1048576
	metadata.max.age.ms = 300000
	metadata.max.idle.ms = 300000
	metadata.recovery.strategy = none
	metric.reporters = []
	metrics.num.samples = 2
	metrics.recording.level = INFO
	metrics.sample.window.ms = 30000
	partitioner.adaptive.partitioning.enable = true
	partitioner.availability.timeout.ms = 0
	partitioner.class = null
	partitioner.ignore.keys = false
	receive.buffer.bytes = 32768
	reconnect.backoff.max.ms = 1000
	reconnect.backoff.ms = 50
	request.timeout.ms = 5000
	retries = 2147483647
	retry.backoff.max.ms = 1000
	retry.backoff.ms = 100
	sasl.client.callback.handler.class = null
	sasl.jaas.config = null
	sasl.kerberos.kinit.cmd = /usr/bin/kinit
	sasl.kerberos.min.time.before.relogin = 60000
	sasl.kerberos.service.name = null
	sasl.kerberos.ticket.renew.jitter = 0.05
	sasl.kerberos.ticket.renew.window.factor = 0.8
	sasl.login.callback.handler.class = null
	sasl.login.class = null
	sasl.login.connect.timeout.ms = null
	sasl.login.read.timeout.ms = null
	sasl.login.refresh.buffer.seconds = 300
	sasl.login.refresh.min.period.seconds = 60
	sasl.login.refresh.window.factor = 0.8
	sasl.login.refresh.window.jitter = 0.05
	sasl.login.retry.backoff.max.ms = 10000
	sasl.login.retry.backoff.ms = 100
	sasl.mechanism = GSSAPI
	sasl.oauthbearer.clock.skew.seconds = 30
	sasl.oauthbearer.expected.audience = null
	sasl.oauthbearer.expected.issuer = null
	sasl.oauthbearer.header.urlencode = false
	sasl.oauthbearer.jwks.endpoint.refresh.ms = 3600000
	sasl.oauthbearer.jwks.endpoint.retry.backoff.max.ms = 10000
	sasl.oauthbearer.jwks.endpoint.retry.backoff.ms = 100
	sasl.oauthbearer.jwks.endpoint.url = null
	sasl.oauthbearer.scope.claim.name = scope
	sasl.oauthbearer.sub.claim.name = sub
	sasl.oauthbearer.token.endpoint.url = null
	security.protocol = PLAINTEXT
	security.providers = null
	send.buffer.bytes = 131072
	socket.connection.setup.timeout.max.ms = 30000
	socket.connection.setup.timeout.ms = 10000
	ssl.cipher.suites = null
	ssl.enabled.protocols = [TLSv1.2, TLSv1.3]
	ssl.endpoint.identification.algorithm = https
	ssl.engine.factory.class = null
	ssl.key.password = null
	ssl.keymanager.algorithm = SunX509
	ssl.keystore.certificate.chain = null
	ssl.keystore.key = null
	ssl.keystore.location = null
	ssl.keystore.password = null
	ssl.keystore.type = JKS
	ssl.protocol = TLSv1.3
	ssl.provider = null
	ssl.secure.random.implementation = null
	ssl.trustmanager.algorithm = PKIX
	ssl.truststore.certificates = null
	ssl.truststore.location = null
	ssl.truststore.password = null
	ssl.truststore.type = JKS
	transaction.timeout.ms = 60000
	transactional.id = null
	value.serializer = class io.apicurio.registry.serde.avro.AvroKafkaSerializer

2025-07-31 17:01:22,913 INFO  [org.apa.kaf.com.tel.int.KafkaMetricsCollector] (main) initializing Kafka metrics collector
2025-07-31 17:01:22,926 INFO  [org.apa.kaf.cli.pro.KafkaProducer] (main) [Producer clientId=Producer-topic-0044309a_650e_47cc_96e0_b75182fedb3c] Instantiated an idempotent producer.
2025-07-31 17:01:22,934 INFO  [org.apa.kaf.cli.pro.ProducerConfig] (main) These configurations '[apicurio.registry.url, apicurio.registry.auto-register, apicurio.registry.artifact-resolver-strategy]' were supplied but are not used yet.
2025-07-31 17:01:22,934 INFO  [org.apa.kaf.com.uti.AppInfoParser] (main) Kafka version: 3.9.1
2025-07-31 17:01:22,937 INFO  [org.apa.kaf.com.uti.AppInfoParser] (main) Kafka commitId: f745dfdcee2b9851
2025-07-31 17:01:22,937 INFO  [org.apa.kaf.com.uti.AppInfoParser] (main) Kafka startTimeMs: 1753981282934
2025-07-31 17:01:22,937 INFO  [io.api.tes.ser.api.SimpleSerdesTesterBuilder$SimpleSerdesTester] (main) Using producer configuration: {apicurio.registry.url=http://registry-app-postgresql.apps.ci419.apicurio-testing.org:80/apis/registry/v3, apicurio.registry.auto-register=true, apicurio.registry.artifact-resolver-strategy=io.apicurio.registry.serde.strategy.TopicIdStrategy, value.serializer=io.apicurio.registry.serde.avro.AvroKafkaSerializer, request.timeout.ms=5000, acks=all, bootstrap.servers=PLAINTEXT://localhost:32770, connections.max.idle.ms=10000, key.serializer=org.apache.kafka.common.serialization.StringSerializer, client.id=Producer-topic-0044309a_650e_47cc_96e0_b75182fedb3c}
2025-07-31 17:01:22,937 INFO  [io.api.tes.ser.api.SimpleSerdesTesterBuilder$SimpleSerdesTester] (main) Using consumer configuration: {}
2025-07-31 17:01:22,940 INFO  [io.api.tes.ser.api.KafkaSerdesTester] (Thread-615) Sending message {"key11753981282911": "value-0"} to topic topic-0044309a_650e_47cc_96e0_b75182fedb3c
2025-07-31 17:01:22,954 WARN  [org.apa.kaf.cli.NetworkClient] (kafka-producer-network-thread | Producer-topic-0044309a_650e_47cc_96e0_b75182fedb3c) [Producer clientId=Producer-topic-0044309a_650e_47cc_96e0_b75182fedb3c] The metadata response from the cluster reported a recoverable issue with correlation id 2 : {topic-0044309a_650e_47cc_96e0_b75182fedb3c=LEADER_NOT_AVAILABLE}
2025-07-31 17:01:22,954 INFO  [org.apa.kaf.cli.Metadata] (kafka-producer-network-thread | Producer-topic-0044309a_650e_47cc_96e0_b75182fedb3c) [Producer clientId=Producer-topic-0044309a_650e_47cc_96e0_b75182fedb3c] Cluster ID: alGoLOtfQj2F2-zKWHmvbA
2025-07-31 17:01:22,955 INFO  [org.apa.kaf.cli.pro.int.TransactionManager] (kafka-producer-network-thread | Producer-topic-0044309a_650e_47cc_96e0_b75182fedb3c) [Producer clientId=Producer-topic-0044309a_650e_47cc_96e0_b75182fedb3c] ProducerId set to 4 with epoch 0
2025-07-31 17:01:23,122 INFO  [io.api.tes.ser.api.KafkaSerdesTester] (Thread-615) Sending message {"key11753981282911": "value-1"} to topic topic-0044309a_650e_47cc_96e0_b75182fedb3c
2025-07-31 17:01:23,129 INFO  [io.api.tes.ser.api.KafkaSerdesTester] (Thread-615) Sending message {"key11753981282911": "value-2"} to topic topic-0044309a_650e_47cc_96e0_b75182fedb3c
2025-07-31 17:01:23,133 INFO  [io.api.tes.ser.api.KafkaSerdesTester] (Thread-615) Sending message {"key11753981282911": "value-3"} to topic topic-0044309a_650e_47cc_96e0_b75182fedb3c
2025-07-31 17:01:23,139 INFO  [io.api.tes.ser.api.KafkaSerdesTester] (Thread-615) Sending message {"key11753981282911": "value-4"} to topic topic-0044309a_650e_47cc_96e0_b75182fedb3c
2025-07-31 17:01:23,142 INFO  [io.api.tes.ser.api.KafkaSerdesTester] (Thread-615) Sending message {"key11753981282911": "value-5"} to topic topic-0044309a_650e_47cc_96e0_b75182fedb3c
2025-07-31 17:01:23,145 INFO  [io.api.tes.ser.api.KafkaSerdesTester] (Thread-615) Sending message {"key11753981282911": "value-6"} to topic topic-0044309a_650e_47cc_96e0_b75182fedb3c
2025-07-31 17:01:23,148 INFO  [io.api.tes.ser.api.KafkaSerdesTester] (Thread-615) Sending message {"key11753981282911": "value-7"} to topic topic-0044309a_650e_47cc_96e0_b75182fedb3c
2025-07-31 17:01:23,151 INFO  [io.api.tes.ser.api.KafkaSerdesTester] (Thread-615) Sending message {"key11753981282911": "value-8"} to topic topic-0044309a_650e_47cc_96e0_b75182fedb3c
2025-07-31 17:01:23,156 INFO  [io.api.tes.ser.api.KafkaSerdesTester] (Thread-615) Sending message {"key11753981282911": "value-9"} to topic topic-0044309a_650e_47cc_96e0_b75182fedb3c
2025-07-31 17:01:23,162 INFO  [io.api.tes.ser.api.KafkaSerdesTester] (Thread-615) Produced 10 messages
2025-07-31 17:01:23,162 INFO  [org.apa.kaf.cli.pro.KafkaProducer] (Thread-615) [Producer clientId=Producer-topic-0044309a_650e_47cc_96e0_b75182fedb3c] Closing the Kafka producer with timeoutMillis = 9223372036854775807 ms.
2025-07-31 17:01:23,175 INFO  [org.apa.kaf.com.met.Metrics] (Thread-615) Metrics scheduler closed
2025-07-31 17:01:23,175 INFO  [org.apa.kaf.com.met.Metrics] (Thread-615) Closing reporter org.apache.kafka.common.metrics.JmxReporter
2025-07-31 17:01:23,176 INFO  [org.apa.kaf.com.met.Metrics] (Thread-615) Closing reporter org.apache.kafka.common.telemetry.internals.ClientTelemetryReporter
2025-07-31 17:01:23,176 INFO  [org.apa.kaf.com.met.Metrics] (Thread-615) Metrics reporters closed
2025-07-31 17:01:23,176 INFO  [org.apa.kaf.com.uti.AppInfoParser] (Thread-615) App info kafka.producer for Producer-topic-0044309a_650e_47cc_96e0_b75182fedb3c unregistered
**** Registry Base URL: http://registry-app-postgresql.apps.ci419.apicurio-testing.org:80
2025-07-31 17:01:23,215 INFO  [org.apa.kaf.cli.con.ConsumerConfig] (main) ConsumerConfig values: 
	allow.auto.create.topics = true
	auto.commit.interval.ms = 500
	auto.include.jmx.reporter = true
	auto.offset.reset = earliest
	bootstrap.servers = [PLAINTEXT://localhost:32770]
	check.crcs = true
	client.dns.lookup = use_all_dns_ips
	client.id = consumer-Consumer-topic-0044309a_650e_47cc_96e0_b75182fedb3c-4
	client.rack = 
	connections.max.idle.ms = 10000
	default.api.timeout.ms = 60000
	enable.auto.commit = true
	enable.metrics.push = true
	exclude.internal.topics = true
	fetch.max.bytes = 52428800
	fetch.max.wait.ms = 500
	fetch.min.bytes = 1
	group.id = Consumer-topic-0044309a_650e_47cc_96e0_b75182fedb3c
	group.instance.id = null
	group.protocol = classic
	group.remote.assignor = null
	heartbeat.interval.ms = 3000
	interceptor.classes = []
	internal.leave.group.on.close = true
	internal.throw.on.fetch.stable.offset.unsupported = false
	isolation.level = read_uncommitted
	key.deserializer = class org.apache.kafka.common.serialization.StringDeserializer
	max.partition.fetch.bytes = 1048576
	max.poll.interval.ms = 300000
	max.poll.records = 500
	metadata.max.age.ms = 300000
	metadata.recovery.strategy = none
	metric.reporters = []
	metrics.num.samples = 2
	metrics.recording.level = INFO
	metrics.sample.window.ms = 30000
	partition.assignment.strategy = [class org.apache.kafka.clients.consumer.RangeAssignor, class org.apache.kafka.clients.consumer.CooperativeStickyAssignor]
	receive.buffer.bytes = 65536
	reconnect.backoff.max.ms = 1000
	reconnect.backoff.ms = 50
	request.timeout.ms = 5000
	retry.backoff.max.ms = 1000
	retry.backoff.ms = 100
	sasl.client.callback.handler.class = null
	sasl.jaas.config = null
	sasl.kerberos.kinit.cmd = /usr/bin/kinit
	sasl.kerberos.min.time.before.relogin = 60000
	sasl.kerberos.service.name = null
	sasl.kerberos.ticket.renew.jitter = 0.05
	sasl.kerberos.ticket.renew.window.factor = 0.8
	sasl.login.callback.handler.class = null
	sasl.login.class = null
	sasl.login.connect.timeout.ms = null
	sasl.login.read.timeout.ms = null
	sasl.login.refresh.buffer.seconds = 300
	sasl.login.refresh.min.period.seconds = 60
	sasl.login.refresh.window.factor = 0.8
	sasl.login.refresh.window.jitter = 0.05
	sasl.login.retry.backoff.max.ms = 10000
	sasl.login.retry.backoff.ms = 100
	sasl.mechanism = GSSAPI
	sasl.oauthbearer.clock.skew.seconds = 30
	sasl.oauthbearer.expected.audience = null
	sasl.oauthbearer.expected.issuer = null
	sasl.oauthbearer.header.urlencode = false
	sasl.oauthbearer.jwks.endpoint.refresh.ms = 3600000
	sasl.oauthbearer.jwks.endpoint.retry.backoff.max.ms = 10000
	sasl.oauthbearer.jwks.endpoint.retry.backoff.ms = 100
	sasl.oauthbearer.jwks.endpoint.url = null
	sasl.oauthbearer.scope.claim.name = scope
	sasl.oauthbearer.sub.claim.name = sub
	sasl.oauthbearer.token.endpoint.url = null
	security.protocol = PLAINTEXT
	security.providers = null
	send.buffer.bytes = 131072
	session.timeout.ms = 45000
	socket.connection.setup.timeout.max.ms = 30000
	socket.connection.setup.timeout.ms = 10000
	ssl.cipher.suites = null
	ssl.enabled.protocols = [TLSv1.2, TLSv1.3]
	ssl.endpoint.identification.algorithm = https
	ssl.engine.factory.class = null
	ssl.key.password = null
	ssl.keymanager.algorithm = SunX509
	ssl.keystore.certificate.chain = null
	ssl.keystore.key = null
	ssl.keystore.location = null
	ssl.keystore.password = null
	ssl.keystore.type = JKS
	ssl.protocol = TLSv1.3
	ssl.provider = null
	ssl.secure.random.implementation = null
	ssl.trustmanager.algorithm = PKIX
	ssl.truststore.certificates = null
	ssl.truststore.location = null
	ssl.truststore.password = null
	ssl.truststore.type = JKS
	value.deserializer = class io.apicurio.registry.serde.avro.AvroKafkaDeserializer

2025-07-31 17:01:23,215 INFO  [org.apa.kaf.com.tel.int.KafkaMetricsCollector] (main) initializing Kafka metrics collector
2025-07-31 17:01:23,225 INFO  [org.apa.kaf.cli.con.ConsumerConfig] (main) These configurations '[apicurio.registry.url]' were supplied but are not used yet.
2025-07-31 17:01:23,225 INFO  [org.apa.kaf.com.uti.AppInfoParser] (main) Kafka version: 3.9.1
2025-07-31 17:01:23,225 INFO  [org.apa.kaf.com.uti.AppInfoParser] (main) Kafka commitId: f745dfdcee2b9851
2025-07-31 17:01:23,226 INFO  [org.apa.kaf.com.uti.AppInfoParser] (main) Kafka startTimeMs: 1753981283225
2025-07-31 17:01:23,227 INFO  [org.apa.kaf.cli.con.int.ClassicKafkaConsumer] (Thread-618) [Consumer clientId=consumer-Consumer-topic-0044309a_650e_47cc_96e0_b75182fedb3c-4, groupId=Consumer-topic-0044309a_650e_47cc_96e0_b75182fedb3c] Subscribed to topic(s): topic-0044309a_650e_47cc_96e0_b75182fedb3c
2025-07-31 17:01:23,238 INFO  [org.apa.kaf.cli.Metadata] (Thread-618) [Consumer clientId=consumer-Consumer-topic-0044309a_650e_47cc_96e0_b75182fedb3c-4, groupId=Consumer-topic-0044309a_650e_47cc_96e0_b75182fedb3c] Cluster ID: alGoLOtfQj2F2-zKWHmvbA
2025-07-31 17:01:23,241 INFO  [org.apa.kaf.cli.con.int.ConsumerCoordinator] (Thread-618) [Consumer clientId=consumer-Consumer-topic-0044309a_650e_47cc_96e0_b75182fedb3c-4, groupId=Consumer-topic-0044309a_650e_47cc_96e0_b75182fedb3c] Discovered group coordinator localhost:32770 (id: 2147483647 rack: null)
2025-07-31 17:01:23,247 INFO  [org.apa.kaf.cli.con.int.ConsumerCoordinator] (Thread-618) [Consumer clientId=consumer-Consumer-topic-0044309a_650e_47cc_96e0_b75182fedb3c-4, groupId=Consumer-topic-0044309a_650e_47cc_96e0_b75182fedb3c] (Re-)joining group
2025-07-31 17:01:23,259 INFO  [org.apa.kaf.cli.con.int.ConsumerCoordinator] (Thread-618) [Consumer clientId=consumer-Consumer-topic-0044309a_650e_47cc_96e0_b75182fedb3c-4, groupId=Consumer-topic-0044309a_650e_47cc_96e0_b75182fedb3c] Request joining group due to: need to re-join with the given member-id: consumer-Consumer-topic-0044309a_650e_47cc_96e0_b75182fedb3c-4-ddae710e-8089-43b4-8539-5b9aee471848
2025-07-31 17:01:23,259 INFO  [org.apa.kaf.cli.con.int.ConsumerCoordinator] (Thread-618) [Consumer clientId=consumer-Consumer-topic-0044309a_650e_47cc_96e0_b75182fedb3c-4, groupId=Consumer-topic-0044309a_650e_47cc_96e0_b75182fedb3c] (Re-)joining group
2025-07-31 17:01:23,264 INFO  [org.apa.kaf.cli.con.int.ConsumerCoordinator] (Thread-618) [Consumer clientId=consumer-Consumer-topic-0044309a_650e_47cc_96e0_b75182fedb3c-4, groupId=Consumer-topic-0044309a_650e_47cc_96e0_b75182fedb3c] Successfully joined group with generation Generation{generationId=1, memberId='consumer-Consumer-topic-0044309a_650e_47cc_96e0_b75182fedb3c-4-ddae710e-8089-43b4-8539-5b9aee471848', protocol='range'}
2025-07-31 17:01:23,264 INFO  [org.apa.kaf.cli.con.int.ConsumerCoordinator] (Thread-618) [Consumer clientId=consumer-Consumer-topic-0044309a_650e_47cc_96e0_b75182fedb3c-4, groupId=Consumer-topic-0044309a_650e_47cc_96e0_b75182fedb3c] Finished assignment for group at generation 1: {consumer-Consumer-topic-0044309a_650e_47cc_96e0_b75182fedb3c-4-ddae710e-8089-43b4-8539-5b9aee471848=Assignment(partitions=[topic-0044309a_650e_47cc_96e0_b75182fedb3c-0])}
2025-07-31 17:01:23,268 INFO  [org.apa.kaf.cli.con.int.ConsumerCoordinator] (Thread-618) [Consumer clientId=consumer-Consumer-topic-0044309a_650e_47cc_96e0_b75182fedb3c-4, groupId=Consumer-topic-0044309a_650e_47cc_96e0_b75182fedb3c] Successfully synced group in generation Generation{generationId=1, memberId='consumer-Consumer-topic-0044309a_650e_47cc_96e0_b75182fedb3c-4-ddae710e-8089-43b4-8539-5b9aee471848', protocol='range'}
2025-07-31 17:01:23,269 INFO  [org.apa.kaf.cli.con.int.ConsumerCoordinator] (Thread-618) [Consumer clientId=consumer-Consumer-topic-0044309a_650e_47cc_96e0_b75182fedb3c-4, groupId=Consumer-topic-0044309a_650e_47cc_96e0_b75182fedb3c] Notifying assignor about the new Assignment(partitions=[topic-0044309a_650e_47cc_96e0_b75182fedb3c-0])
2025-07-31 17:01:23,269 INFO  [org.apa.kaf.cli.con.int.ConsumerRebalanceListenerInvoker] (Thread-618) [Consumer clientId=consumer-Consumer-topic-0044309a_650e_47cc_96e0_b75182fedb3c-4, groupId=Consumer-topic-0044309a_650e_47cc_96e0_b75182fedb3c] Adding newly assigned partitions: topic-0044309a_650e_47cc_96e0_b75182fedb3c-0
2025-07-31 17:01:23,270 INFO  [org.apa.kaf.cli.con.int.ConsumerCoordinator] (Thread-618) [Consumer clientId=consumer-Consumer-topic-0044309a_650e_47cc_96e0_b75182fedb3c-4, groupId=Consumer-topic-0044309a_650e_47cc_96e0_b75182fedb3c] Found no committed offset for partition topic-0044309a_650e_47cc_96e0_b75182fedb3c-0
2025-07-31 17:01:23,276 INFO  [org.apa.kaf.cli.con.int.SubscriptionState] (Thread-618) [Consumer clientId=consumer-Consumer-topic-0044309a_650e_47cc_96e0_b75182fedb3c-4, groupId=Consumer-topic-0044309a_650e_47cc_96e0_b75182fedb3c] Resetting offset for partition topic-0044309a_650e_47cc_96e0_b75182fedb3c-0 to position FetchPosition{offset=0, offsetEpoch=Optional.empty, currentLeader=LeaderAndEpoch{leader=Optional[localhost:32770 (id: 0 rack: null)], epoch=0}}.
2025-07-31 17:01:23,313 INFO  [io.api.tes.ser.api.KafkaSerdesTester] (Thread-618) topic-0044309a_650e_47cc_96e0_b75182fedb3c 0 0 {"key11753981282911": "value-0"}
2025-07-31 17:01:23,313 INFO  [io.api.tes.ser.api.KafkaSerdesTester] (Thread-618) topic-0044309a_650e_47cc_96e0_b75182fedb3c 0 1 {"key11753981282911": "value-1"}
2025-07-31 17:01:23,313 INFO  [io.api.tes.ser.api.KafkaSerdesTester] (Thread-618) topic-0044309a_650e_47cc_96e0_b75182fedb3c 0 2 {"key11753981282911": "value-2"}
2025-07-31 17:01:23,314 INFO  [io.api.tes.ser.api.KafkaSerdesTester] (Thread-618) topic-0044309a_650e_47cc_96e0_b75182fedb3c 0 3 {"key11753981282911": "value-3"}
2025-07-31 17:01:23,314 INFO  [io.api.tes.ser.api.KafkaSerdesTester] (Thread-618) topic-0044309a_650e_47cc_96e0_b75182fedb3c 0 4 {"key11753981282911": "value-4"}
2025-07-31 17:01:23,314 INFO  [io.api.tes.ser.api.KafkaSerdesTester] (Thread-618) topic-0044309a_650e_47cc_96e0_b75182fedb3c 0 5 {"key11753981282911": "value-5"}
2025-07-31 17:01:23,314 INFO  [io.api.tes.ser.api.KafkaSerdesTester] (Thread-618) topic-0044309a_650e_47cc_96e0_b75182fedb3c 0 6 {"key11753981282911": "value-6"}
2025-07-31 17:01:23,314 INFO  [io.api.tes.ser.api.KafkaSerdesTester] (Thread-618) topic-0044309a_650e_47cc_96e0_b75182fedb3c 0 7 {"key11753981282911": "value-7"}
2025-07-31 17:01:23,314 INFO  [io.api.tes.ser.api.KafkaSerdesTester] (Thread-618) topic-0044309a_650e_47cc_96e0_b75182fedb3c 0 8 {"key11753981282911": "value-8"}
2025-07-31 17:01:23,314 INFO  [io.api.tes.ser.api.KafkaSerdesTester] (Thread-618) topic-0044309a_650e_47cc_96e0_b75182fedb3c 0 9 {"key11753981282911": "value-9"}
2025-07-31 17:01:23,314 INFO  [io.api.tes.ser.api.KafkaSerdesTester] (Thread-618) Consumed 10 messages
2025-07-31 17:01:23,324 INFO  [org.apa.kaf.cli.con.int.ConsumerRebalanceListenerInvoker] (Thread-618) [Consumer clientId=consumer-Consumer-topic-0044309a_650e_47cc_96e0_b75182fedb3c-4, groupId=Consumer-topic-0044309a_650e_47cc_96e0_b75182fedb3c] Revoke previously assigned partitions topic-0044309a_650e_47cc_96e0_b75182fedb3c-0
2025-07-31 17:01:23,324 INFO  [org.apa.kaf.cli.con.int.ConsumerCoordinator] (Thread-618) [Consumer clientId=consumer-Consumer-topic-0044309a_650e_47cc_96e0_b75182fedb3c-4, groupId=Consumer-topic-0044309a_650e_47cc_96e0_b75182fedb3c] Member consumer-Consumer-topic-0044309a_650e_47cc_96e0_b75182fedb3c-4-ddae710e-8089-43b4-8539-5b9aee471848 sending LeaveGroup request to coordinator localhost:32770 (id: 2147483647 rack: null) due to the consumer is being closed
2025-07-31 17:01:23,324 INFO  [org.apa.kaf.cli.con.int.ConsumerCoordinator] (Thread-618) [Consumer clientId=consumer-Consumer-topic-0044309a_650e_47cc_96e0_b75182fedb3c-4, groupId=Consumer-topic-0044309a_650e_47cc_96e0_b75182fedb3c] Resetting generation and member id due to: consumer pro-actively leaving the group
2025-07-31 17:01:23,324 INFO  [org.apa.kaf.cli.con.int.ConsumerCoordinator] (Thread-618) [Consumer clientId=consumer-Consumer-topic-0044309a_650e_47cc_96e0_b75182fedb3c-4, groupId=Consumer-topic-0044309a_650e_47cc_96e0_b75182fedb3c] Request joining group due to: consumer pro-actively leaving the group
2025-07-31 17:01:23,818 INFO  [org.apa.kaf.com.met.Metrics] (Thread-618) Metrics scheduler closed
2025-07-31 17:01:23,818 INFO  [org.apa.kaf.com.met.Metrics] (Thread-618) Closing reporter org.apache.kafka.common.metrics.JmxReporter
2025-07-31 17:01:23,818 INFO  [org.apa.kaf.com.met.Metrics] (Thread-618) Closing reporter org.apache.kafka.common.telemetry.internals.ClientTelemetryReporter
2025-07-31 17:01:23,818 INFO  [org.apa.kaf.com.met.Metrics] (Thread-618) Metrics reporters closed
2025-07-31 17:01:23,821 INFO  [org.apa.kaf.com.uti.AppInfoParser] (Thread-618) App info kafka.consumer for consumer-Consumer-topic-0044309a_650e_47cc_96e0_b75182fedb3c-4 unregistered
2025-07-31 17:01:23,847 INFO  [io.api.tes.uti.TestSeparator] (main) io.apicurio.tests.serdes.apicurio.AvroSerdeIT.testTopicIdStrategyAutoRegister-FINISHED
2025-07-31 17:01:23,848 INFO  [io.api.tes.uti.TestSeparator] (main) ############################################################################
Test passed: testTopicIdStrategyAutoRegister
]]></system-out>
  </testcase>
  <testcase name="testRecordIdStrategydFindLatest" classname="io.apicurio.tests.serdes.apicurio.AvroSerdeIT" time="1.796">
    <system-out><![CDATA[2025-07-31 17:01:23,849 INFO  [io.api.tes.uti.TestSeparator] (main) ############################################################################
2025-07-31 17:01:23,849 INFO  [io.api.tes.uti.TestSeparator] (main) io.apicurio.tests.serdes.apicurio.AvroSerdeIT.testRecordIdStrategydFindLatest-STARTED
2025-07-31 17:01:23,852 INFO  [io.api.tes.ser.api.AvroSerdeIT] (main) Registering Avro Schema: {"type":"record","name":"sf44585a9xb1a1x445cx88a7x31268995a9ee","namespace":"sb59d48aaxe240x4453xb6d5x5156a04428b2","fields":[{"name":"key11753981283849","type":"string"}]}
**** Registry Base URL: http://registry-app-postgresql.apps.ci419.apicurio-testing.org:80
2025-07-31 17:01:24,908 INFO  [org.apa.kaf.cli.pro.ProducerConfig] (main) ProducerConfig values: 
	acks = -1
	auto.include.jmx.reporter = true
	batch.size = 16384
	bootstrap.servers = [PLAINTEXT://localhost:32770]
	buffer.memory = 33554432
	client.dns.lookup = use_all_dns_ips
	client.id = Producer-topic-1c191a12_a91a_4c48_9305_71c8e968b43c
	compression.gzip.level = -1
	compression.lz4.level = 9
	compression.type = none
	compression.zstd.level = 3
	connections.max.idle.ms = 10000
	delivery.timeout.ms = 120000
	enable.idempotence = true
	enable.metrics.push = true
	interceptor.classes = []
	key.serializer = class org.apache.kafka.common.serialization.StringSerializer
	linger.ms = 0
	max.block.ms = 60000
	max.in.flight.requests.per.connection = 5
	max.request.size = 1048576
	metadata.max.age.ms = 300000
	metadata.max.idle.ms = 300000
	metadata.recovery.strategy = none
	metric.reporters = []
	metrics.num.samples = 2
	metrics.recording.level = INFO
	metrics.sample.window.ms = 30000
	partitioner.adaptive.partitioning.enable = true
	partitioner.availability.timeout.ms = 0
	partitioner.class = null
	partitioner.ignore.keys = false
	receive.buffer.bytes = 32768
	reconnect.backoff.max.ms = 1000
	reconnect.backoff.ms = 50
	request.timeout.ms = 5000
	retries = 2147483647
	retry.backoff.max.ms = 1000
	retry.backoff.ms = 100
	sasl.client.callback.handler.class = null
	sasl.jaas.config = null
	sasl.kerberos.kinit.cmd = /usr/bin/kinit
	sasl.kerberos.min.time.before.relogin = 60000
	sasl.kerberos.service.name = null
	sasl.kerberos.ticket.renew.jitter = 0.05
	sasl.kerberos.ticket.renew.window.factor = 0.8
	sasl.login.callback.handler.class = null
	sasl.login.class = null
	sasl.login.connect.timeout.ms = null
	sasl.login.read.timeout.ms = null
	sasl.login.refresh.buffer.seconds = 300
	sasl.login.refresh.min.period.seconds = 60
	sasl.login.refresh.window.factor = 0.8
	sasl.login.refresh.window.jitter = 0.05
	sasl.login.retry.backoff.max.ms = 10000
	sasl.login.retry.backoff.ms = 100
	sasl.mechanism = GSSAPI
	sasl.oauthbearer.clock.skew.seconds = 30
	sasl.oauthbearer.expected.audience = null
	sasl.oauthbearer.expected.issuer = null
	sasl.oauthbearer.header.urlencode = false
	sasl.oauthbearer.jwks.endpoint.refresh.ms = 3600000
	sasl.oauthbearer.jwks.endpoint.retry.backoff.max.ms = 10000
	sasl.oauthbearer.jwks.endpoint.retry.backoff.ms = 100
	sasl.oauthbearer.jwks.endpoint.url = null
	sasl.oauthbearer.scope.claim.name = scope
	sasl.oauthbearer.sub.claim.name = sub
	sasl.oauthbearer.token.endpoint.url = null
	security.protocol = PLAINTEXT
	security.providers = null
	send.buffer.bytes = 131072
	socket.connection.setup.timeout.max.ms = 30000
	socket.connection.setup.timeout.ms = 10000
	ssl.cipher.suites = null
	ssl.enabled.protocols = [TLSv1.2, TLSv1.3]
	ssl.endpoint.identification.algorithm = https
	ssl.engine.factory.class = null
	ssl.key.password = null
	ssl.keymanager.algorithm = SunX509
	ssl.keystore.certificate.chain = null
	ssl.keystore.key = null
	ssl.keystore.location = null
	ssl.keystore.password = null
	ssl.keystore.type = JKS
	ssl.protocol = TLSv1.3
	ssl.provider = null
	ssl.secure.random.implementation = null
	ssl.trustmanager.algorithm = PKIX
	ssl.truststore.certificates = null
	ssl.truststore.location = null
	ssl.truststore.password = null
	ssl.truststore.type = JKS
	transaction.timeout.ms = 60000
	transactional.id = null
	value.serializer = class io.apicurio.registry.serde.avro.AvroKafkaSerializer

2025-07-31 17:01:24,908 INFO  [org.apa.kaf.com.tel.int.KafkaMetricsCollector] (main) initializing Kafka metrics collector
2025-07-31 17:01:24,912 INFO  [org.apa.kaf.cli.pro.KafkaProducer] (main) [Producer clientId=Producer-topic-1c191a12_a91a_4c48_9305_71c8e968b43c] Instantiated an idempotent producer.
2025-07-31 17:01:24,915 INFO  [org.apa.kaf.cli.pro.ProducerConfig] (main) These configurations '[apicurio.registry.find-latest, apicurio.registry.url, apicurio.registry.artifact-resolver-strategy]' were supplied but are not used yet.
2025-07-31 17:01:24,916 INFO  [org.apa.kaf.com.uti.AppInfoParser] (main) Kafka version: 3.9.1
2025-07-31 17:01:24,916 INFO  [org.apa.kaf.com.uti.AppInfoParser] (main) Kafka commitId: f745dfdcee2b9851
2025-07-31 17:01:24,916 INFO  [org.apa.kaf.com.uti.AppInfoParser] (main) Kafka startTimeMs: 1753981284916
2025-07-31 17:01:24,916 INFO  [io.api.tes.ser.api.SimpleSerdesTesterBuilder$SimpleSerdesTester] (main) Using producer configuration: {apicurio.registry.find-latest=true, apicurio.registry.url=http://registry-app-postgresql.apps.ci419.apicurio-testing.org:80/apis/registry/v3, apicurio.registry.artifact-resolver-strategy=io.apicurio.registry.serde.avro.strategy.RecordIdStrategy, value.serializer=io.apicurio.registry.serde.avro.AvroKafkaSerializer, request.timeout.ms=5000, acks=all, bootstrap.servers=PLAINTEXT://localhost:32770, connections.max.idle.ms=10000, key.serializer=org.apache.kafka.common.serialization.StringSerializer, client.id=Producer-topic-1c191a12_a91a_4c48_9305_71c8e968b43c}
2025-07-31 17:01:24,916 INFO  [io.api.tes.ser.api.SimpleSerdesTesterBuilder$SimpleSerdesTester] (main) Using consumer configuration: {}
2025-07-31 17:01:24,918 INFO  [io.api.tes.ser.api.KafkaSerdesTester] (Thread-621) Sending message {"key11753981283849": "value-0"} to topic topic-1c191a12_a91a_4c48_9305_71c8e968b43c
2025-07-31 17:01:24,923 INFO  [org.apa.kaf.cli.Metadata] (kafka-producer-network-thread | Producer-topic-1c191a12_a91a_4c48_9305_71c8e968b43c) [Producer clientId=Producer-topic-1c191a12_a91a_4c48_9305_71c8e968b43c] Cluster ID: alGoLOtfQj2F2-zKWHmvbA
2025-07-31 17:01:24,925 INFO  [org.apa.kaf.cli.pro.int.TransactionManager] (kafka-producer-network-thread | Producer-topic-1c191a12_a91a_4c48_9305_71c8e968b43c) [Producer clientId=Producer-topic-1c191a12_a91a_4c48_9305_71c8e968b43c] ProducerId set to 5 with epoch 0
2025-07-31 17:01:24,982 INFO  [io.api.tes.ser.api.KafkaSerdesTester] (Thread-621) Sending message {"key11753981283849": "value-1"} to topic topic-1c191a12_a91a_4c48_9305_71c8e968b43c
2025-07-31 17:01:24,989 INFO  [io.api.tes.ser.api.KafkaSerdesTester] (Thread-621) Sending message {"key11753981283849": "value-2"} to topic topic-1c191a12_a91a_4c48_9305_71c8e968b43c
2025-07-31 17:01:24,999 INFO  [io.api.tes.ser.api.KafkaSerdesTester] (Thread-621) Sending message {"key11753981283849": "value-3"} to topic topic-1c191a12_a91a_4c48_9305_71c8e968b43c
2025-07-31 17:01:25,007 INFO  [io.api.tes.ser.api.KafkaSerdesTester] (Thread-621) Sending message {"key11753981283849": "value-4"} to topic topic-1c191a12_a91a_4c48_9305_71c8e968b43c
2025-07-31 17:01:25,013 INFO  [io.api.tes.ser.api.KafkaSerdesTester] (Thread-621) Sending message {"key11753981283849": "value-5"} to topic topic-1c191a12_a91a_4c48_9305_71c8e968b43c
2025-07-31 17:01:25,015 INFO  [io.api.tes.ser.api.KafkaSerdesTester] (Thread-621) Sending message {"key11753981283849": "value-6"} to topic topic-1c191a12_a91a_4c48_9305_71c8e968b43c
2025-07-31 17:01:25,018 INFO  [io.api.tes.ser.api.KafkaSerdesTester] (Thread-621) Sending message {"key11753981283849": "value-7"} to topic topic-1c191a12_a91a_4c48_9305_71c8e968b43c
2025-07-31 17:01:25,021 INFO  [io.api.tes.ser.api.KafkaSerdesTester] (Thread-621) Sending message {"key11753981283849": "value-8"} to topic topic-1c191a12_a91a_4c48_9305_71c8e968b43c
2025-07-31 17:01:25,023 INFO  [io.api.tes.ser.api.KafkaSerdesTester] (Thread-621) Sending message {"key11753981283849": "value-9"} to topic topic-1c191a12_a91a_4c48_9305_71c8e968b43c
2025-07-31 17:01:25,025 INFO  [io.api.tes.ser.api.KafkaSerdesTester] (Thread-621) Produced 10 messages
2025-07-31 17:01:25,026 INFO  [org.apa.kaf.cli.pro.KafkaProducer] (Thread-621) [Producer clientId=Producer-topic-1c191a12_a91a_4c48_9305_71c8e968b43c] Closing the Kafka producer with timeoutMillis = 9223372036854775807 ms.
2025-07-31 17:01:25,039 INFO  [org.apa.kaf.com.met.Metrics] (Thread-621) Metrics scheduler closed
2025-07-31 17:01:25,039 INFO  [org.apa.kaf.com.met.Metrics] (Thread-621) Closing reporter org.apache.kafka.common.metrics.JmxReporter
2025-07-31 17:01:25,039 INFO  [org.apa.kaf.com.met.Metrics] (Thread-621) Closing reporter org.apache.kafka.common.telemetry.internals.ClientTelemetryReporter
2025-07-31 17:01:25,039 INFO  [org.apa.kaf.com.met.Metrics] (Thread-621) Metrics reporters closed
2025-07-31 17:01:25,039 INFO  [org.apa.kaf.com.uti.AppInfoParser] (Thread-621) App info kafka.producer for Producer-topic-1c191a12_a91a_4c48_9305_71c8e968b43c unregistered
**** Registry Base URL: http://registry-app-postgresql.apps.ci419.apicurio-testing.org:80
2025-07-31 17:01:25,041 INFO  [org.apa.kaf.cli.con.ConsumerConfig] (main) ConsumerConfig values: 
	allow.auto.create.topics = true
	auto.commit.interval.ms = 500
	auto.include.jmx.reporter = true
	auto.offset.reset = earliest
	bootstrap.servers = [PLAINTEXT://localhost:32770]
	check.crcs = true
	client.dns.lookup = use_all_dns_ips
	client.id = consumer-Consumer-topic-1c191a12_a91a_4c48_9305_71c8e968b43c-5
	client.rack = 
	connections.max.idle.ms = 10000
	default.api.timeout.ms = 60000
	enable.auto.commit = true
	enable.metrics.push = true
	exclude.internal.topics = true
	fetch.max.bytes = 52428800
	fetch.max.wait.ms = 500
	fetch.min.bytes = 1
	group.id = Consumer-topic-1c191a12_a91a_4c48_9305_71c8e968b43c
	group.instance.id = null
	group.protocol = classic
	group.remote.assignor = null
	heartbeat.interval.ms = 3000
	interceptor.classes = []
	internal.leave.group.on.close = true
	internal.throw.on.fetch.stable.offset.unsupported = false
	isolation.level = read_uncommitted
	key.deserializer = class org.apache.kafka.common.serialization.StringDeserializer
	max.partition.fetch.bytes = 1048576
	max.poll.interval.ms = 300000
	max.poll.records = 500
	metadata.max.age.ms = 300000
	metadata.recovery.strategy = none
	metric.reporters = []
	metrics.num.samples = 2
	metrics.recording.level = INFO
	metrics.sample.window.ms = 30000
	partition.assignment.strategy = [class org.apache.kafka.clients.consumer.RangeAssignor, class org.apache.kafka.clients.consumer.CooperativeStickyAssignor]
	receive.buffer.bytes = 65536
	reconnect.backoff.max.ms = 1000
	reconnect.backoff.ms = 50
	request.timeout.ms = 5000
	retry.backoff.max.ms = 1000
	retry.backoff.ms = 100
	sasl.client.callback.handler.class = null
	sasl.jaas.config = null
	sasl.kerberos.kinit.cmd = /usr/bin/kinit
	sasl.kerberos.min.time.before.relogin = 60000
	sasl.kerberos.service.name = null
	sasl.kerberos.ticket.renew.jitter = 0.05
	sasl.kerberos.ticket.renew.window.factor = 0.8
	sasl.login.callback.handler.class = null
	sasl.login.class = null
	sasl.login.connect.timeout.ms = null
	sasl.login.read.timeout.ms = null
	sasl.login.refresh.buffer.seconds = 300
	sasl.login.refresh.min.period.seconds = 60
	sasl.login.refresh.window.factor = 0.8
	sasl.login.refresh.window.jitter = 0.05
	sasl.login.retry.backoff.max.ms = 10000
	sasl.login.retry.backoff.ms = 100
	sasl.mechanism = GSSAPI
	sasl.oauthbearer.clock.skew.seconds = 30
	sasl.oauthbearer.expected.audience = null
	sasl.oauthbearer.expected.issuer = null
	sasl.oauthbearer.header.urlencode = false
	sasl.oauthbearer.jwks.endpoint.refresh.ms = 3600000
	sasl.oauthbearer.jwks.endpoint.retry.backoff.max.ms = 10000
	sasl.oauthbearer.jwks.endpoint.retry.backoff.ms = 100
	sasl.oauthbearer.jwks.endpoint.url = null
	sasl.oauthbearer.scope.claim.name = scope
	sasl.oauthbearer.sub.claim.name = sub
	sasl.oauthbearer.token.endpoint.url = null
	security.protocol = PLAINTEXT
	security.providers = null
	send.buffer.bytes = 131072
	session.timeout.ms = 45000
	socket.connection.setup.timeout.max.ms = 30000
	socket.connection.setup.timeout.ms = 10000
	ssl.cipher.suites = null
	ssl.enabled.protocols = [TLSv1.2, TLSv1.3]
	ssl.endpoint.identification.algorithm = https
	ssl.engine.factory.class = null
	ssl.key.password = null
	ssl.keymanager.algorithm = SunX509
	ssl.keystore.certificate.chain = null
	ssl.keystore.key = null
	ssl.keystore.location = null
	ssl.keystore.password = null
	ssl.keystore.type = JKS
	ssl.protocol = TLSv1.3
	ssl.provider = null
	ssl.secure.random.implementation = null
	ssl.trustmanager.algorithm = PKIX
	ssl.truststore.certificates = null
	ssl.truststore.location = null
	ssl.truststore.password = null
	ssl.truststore.type = JKS
	value.deserializer = class io.apicurio.registry.serde.avro.AvroKafkaDeserializer

2025-07-31 17:01:25,041 INFO  [org.apa.kaf.com.tel.int.KafkaMetricsCollector] (main) initializing Kafka metrics collector
2025-07-31 17:01:25,052 INFO  [org.apa.kaf.cli.con.ConsumerConfig] (main) These configurations '[apicurio.registry.url]' were supplied but are not used yet.
2025-07-31 17:01:25,052 INFO  [org.apa.kaf.com.uti.AppInfoParser] (main) Kafka version: 3.9.1
2025-07-31 17:01:25,053 INFO  [org.apa.kaf.com.uti.AppInfoParser] (main) Kafka commitId: f745dfdcee2b9851
2025-07-31 17:01:25,053 INFO  [org.apa.kaf.com.uti.AppInfoParser] (main) Kafka startTimeMs: 1753981285052
2025-07-31 17:01:25,053 INFO  [org.apa.kaf.cli.con.int.ClassicKafkaConsumer] (Thread-624) [Consumer clientId=consumer-Consumer-topic-1c191a12_a91a_4c48_9305_71c8e968b43c-5, groupId=Consumer-topic-1c191a12_a91a_4c48_9305_71c8e968b43c] Subscribed to topic(s): topic-1c191a12_a91a_4c48_9305_71c8e968b43c
2025-07-31 17:01:25,063 INFO  [org.apa.kaf.cli.Metadata] (Thread-624) [Consumer clientId=consumer-Consumer-topic-1c191a12_a91a_4c48_9305_71c8e968b43c-5, groupId=Consumer-topic-1c191a12_a91a_4c48_9305_71c8e968b43c] Cluster ID: alGoLOtfQj2F2-zKWHmvbA
2025-07-31 17:01:25,067 INFO  [org.apa.kaf.cli.con.int.ConsumerCoordinator] (Thread-624) [Consumer clientId=consumer-Consumer-topic-1c191a12_a91a_4c48_9305_71c8e968b43c-5, groupId=Consumer-topic-1c191a12_a91a_4c48_9305_71c8e968b43c] Discovered group coordinator localhost:32770 (id: 2147483647 rack: null)
2025-07-31 17:01:25,071 INFO  [org.apa.kaf.cli.con.int.ConsumerCoordinator] (Thread-624) [Consumer clientId=consumer-Consumer-topic-1c191a12_a91a_4c48_9305_71c8e968b43c-5, groupId=Consumer-topic-1c191a12_a91a_4c48_9305_71c8e968b43c] (Re-)joining group
2025-07-31 17:01:25,076 INFO  [org.apa.kaf.cli.con.int.ConsumerCoordinator] (Thread-624) [Consumer clientId=consumer-Consumer-topic-1c191a12_a91a_4c48_9305_71c8e968b43c-5, groupId=Consumer-topic-1c191a12_a91a_4c48_9305_71c8e968b43c] Request joining group due to: need to re-join with the given member-id: consumer-Consumer-topic-1c191a12_a91a_4c48_9305_71c8e968b43c-5-798eae7d-1ff3-4f25-b985-36462bef4c17
2025-07-31 17:01:25,076 INFO  [org.apa.kaf.cli.con.int.ConsumerCoordinator] (Thread-624) [Consumer clientId=consumer-Consumer-topic-1c191a12_a91a_4c48_9305_71c8e968b43c-5, groupId=Consumer-topic-1c191a12_a91a_4c48_9305_71c8e968b43c] (Re-)joining group
2025-07-31 17:01:25,080 INFO  [org.apa.kaf.cli.con.int.ConsumerCoordinator] (Thread-624) [Consumer clientId=consumer-Consumer-topic-1c191a12_a91a_4c48_9305_71c8e968b43c-5, groupId=Consumer-topic-1c191a12_a91a_4c48_9305_71c8e968b43c] Successfully joined group with generation Generation{generationId=1, memberId='consumer-Consumer-topic-1c191a12_a91a_4c48_9305_71c8e968b43c-5-798eae7d-1ff3-4f25-b985-36462bef4c17', protocol='range'}
2025-07-31 17:01:25,081 INFO  [org.apa.kaf.cli.con.int.ConsumerCoordinator] (Thread-624) [Consumer clientId=consumer-Consumer-topic-1c191a12_a91a_4c48_9305_71c8e968b43c-5, groupId=Consumer-topic-1c191a12_a91a_4c48_9305_71c8e968b43c] Finished assignment for group at generation 1: {consumer-Consumer-topic-1c191a12_a91a_4c48_9305_71c8e968b43c-5-798eae7d-1ff3-4f25-b985-36462bef4c17=Assignment(partitions=[topic-1c191a12_a91a_4c48_9305_71c8e968b43c-0])}
2025-07-31 17:01:25,085 INFO  [org.apa.kaf.cli.con.int.ConsumerCoordinator] (Thread-624) [Consumer clientId=consumer-Consumer-topic-1c191a12_a91a_4c48_9305_71c8e968b43c-5, groupId=Consumer-topic-1c191a12_a91a_4c48_9305_71c8e968b43c] Successfully synced group in generation Generation{generationId=1, memberId='consumer-Consumer-topic-1c191a12_a91a_4c48_9305_71c8e968b43c-5-798eae7d-1ff3-4f25-b985-36462bef4c17', protocol='range'}
2025-07-31 17:01:25,086 INFO  [org.apa.kaf.cli.con.int.ConsumerCoordinator] (Thread-624) [Consumer clientId=consumer-Consumer-topic-1c191a12_a91a_4c48_9305_71c8e968b43c-5, groupId=Consumer-topic-1c191a12_a91a_4c48_9305_71c8e968b43c] Notifying assignor about the new Assignment(partitions=[topic-1c191a12_a91a_4c48_9305_71c8e968b43c-0])
2025-07-31 17:01:25,086 INFO  [org.apa.kaf.cli.con.int.ConsumerRebalanceListenerInvoker] (Thread-624) [Consumer clientId=consumer-Consumer-topic-1c191a12_a91a_4c48_9305_71c8e968b43c-5, groupId=Consumer-topic-1c191a12_a91a_4c48_9305_71c8e968b43c] Adding newly assigned partitions: topic-1c191a12_a91a_4c48_9305_71c8e968b43c-0
2025-07-31 17:01:25,087 INFO  [org.apa.kaf.cli.con.int.ConsumerCoordinator] (Thread-624) [Consumer clientId=consumer-Consumer-topic-1c191a12_a91a_4c48_9305_71c8e968b43c-5, groupId=Consumer-topic-1c191a12_a91a_4c48_9305_71c8e968b43c] Found no committed offset for partition topic-1c191a12_a91a_4c48_9305_71c8e968b43c-0
2025-07-31 17:01:25,097 INFO  [org.apa.kaf.cli.con.int.SubscriptionState] (Thread-624) [Consumer clientId=consumer-Consumer-topic-1c191a12_a91a_4c48_9305_71c8e968b43c-5, groupId=Consumer-topic-1c191a12_a91a_4c48_9305_71c8e968b43c] Resetting offset for partition topic-1c191a12_a91a_4c48_9305_71c8e968b43c-0 to position FetchPosition{offset=0, offsetEpoch=Optional.empty, currentLeader=LeaderAndEpoch{leader=Optional[localhost:32770 (id: 0 rack: null)], epoch=0}}.
2025-07-31 17:01:25,134 INFO  [io.api.tes.ser.api.KafkaSerdesTester] (Thread-624) topic-1c191a12_a91a_4c48_9305_71c8e968b43c 0 0 {"key11753981283849": "value-0"}
2025-07-31 17:01:25,134 INFO  [io.api.tes.ser.api.KafkaSerdesTester] (Thread-624) topic-1c191a12_a91a_4c48_9305_71c8e968b43c 0 1 {"key11753981283849": "value-1"}
2025-07-31 17:01:25,134 INFO  [io.api.tes.ser.api.KafkaSerdesTester] (Thread-624) topic-1c191a12_a91a_4c48_9305_71c8e968b43c 0 2 {"key11753981283849": "value-2"}
2025-07-31 17:01:25,134 INFO  [io.api.tes.ser.api.KafkaSerdesTester] (Thread-624) topic-1c191a12_a91a_4c48_9305_71c8e968b43c 0 3 {"key11753981283849": "value-3"}
2025-07-31 17:01:25,134 INFO  [io.api.tes.ser.api.KafkaSerdesTester] (Thread-624) topic-1c191a12_a91a_4c48_9305_71c8e968b43c 0 4 {"key11753981283849": "value-4"}
2025-07-31 17:01:25,134 INFO  [io.api.tes.ser.api.KafkaSerdesTester] (Thread-624) topic-1c191a12_a91a_4c48_9305_71c8e968b43c 0 5 {"key11753981283849": "value-5"}
2025-07-31 17:01:25,135 INFO  [io.api.tes.ser.api.KafkaSerdesTester] (Thread-624) topic-1c191a12_a91a_4c48_9305_71c8e968b43c 0 6 {"key11753981283849": "value-6"}
2025-07-31 17:01:25,135 INFO  [io.api.tes.ser.api.KafkaSerdesTester] (Thread-624) topic-1c191a12_a91a_4c48_9305_71c8e968b43c 0 7 {"key11753981283849": "value-7"}
2025-07-31 17:01:25,135 INFO  [io.api.tes.ser.api.KafkaSerdesTester] (Thread-624) topic-1c191a12_a91a_4c48_9305_71c8e968b43c 0 8 {"key11753981283849": "value-8"}
2025-07-31 17:01:25,135 INFO  [io.api.tes.ser.api.KafkaSerdesTester] (Thread-624) topic-1c191a12_a91a_4c48_9305_71c8e968b43c 0 9 {"key11753981283849": "value-9"}
2025-07-31 17:01:25,135 INFO  [io.api.tes.ser.api.KafkaSerdesTester] (Thread-624) Consumed 10 messages
2025-07-31 17:01:25,140 INFO  [org.apa.kaf.cli.con.int.ConsumerRebalanceListenerInvoker] (Thread-624) [Consumer clientId=consumer-Consumer-topic-1c191a12_a91a_4c48_9305_71c8e968b43c-5, groupId=Consumer-topic-1c191a12_a91a_4c48_9305_71c8e968b43c] Revoke previously assigned partitions topic-1c191a12_a91a_4c48_9305_71c8e968b43c-0
2025-07-31 17:01:25,140 INFO  [org.apa.kaf.cli.con.int.ConsumerCoordinator] (Thread-624) [Consumer clientId=consumer-Consumer-topic-1c191a12_a91a_4c48_9305_71c8e968b43c-5, groupId=Consumer-topic-1c191a12_a91a_4c48_9305_71c8e968b43c] Member consumer-Consumer-topic-1c191a12_a91a_4c48_9305_71c8e968b43c-5-798eae7d-1ff3-4f25-b985-36462bef4c17 sending LeaveGroup request to coordinator localhost:32770 (id: 2147483647 rack: null) due to the consumer is being closed
2025-07-31 17:01:25,140 INFO  [org.apa.kaf.cli.con.int.ConsumerCoordinator] (Thread-624) [Consumer clientId=consumer-Consumer-topic-1c191a12_a91a_4c48_9305_71c8e968b43c-5, groupId=Consumer-topic-1c191a12_a91a_4c48_9305_71c8e968b43c] Resetting generation and member id due to: consumer pro-actively leaving the group
2025-07-31 17:01:25,140 INFO  [org.apa.kaf.cli.con.int.ConsumerCoordinator] (Thread-624) [Consumer clientId=consumer-Consumer-topic-1c191a12_a91a_4c48_9305_71c8e968b43c-5, groupId=Consumer-topic-1c191a12_a91a_4c48_9305_71c8e968b43c] Request joining group due to: consumer pro-actively leaving the group
2025-07-31 17:01:25,638 INFO  [org.apa.kaf.com.met.Metrics] (Thread-624) Metrics scheduler closed
2025-07-31 17:01:25,638 INFO  [org.apa.kaf.com.met.Metrics] (Thread-624) Closing reporter org.apache.kafka.common.metrics.JmxReporter
2025-07-31 17:01:25,638 INFO  [org.apa.kaf.com.met.Metrics] (Thread-624) Closing reporter org.apache.kafka.common.telemetry.internals.ClientTelemetryReporter
2025-07-31 17:01:25,638 INFO  [org.apa.kaf.com.met.Metrics] (Thread-624) Metrics reporters closed
2025-07-31 17:01:25,643 INFO  [org.apa.kaf.com.uti.AppInfoParser] (Thread-624) App info kafka.consumer for consumer-Consumer-topic-1c191a12_a91a_4c48_9305_71c8e968b43c-5 unregistered
2025-07-31 17:01:25,644 INFO  [io.api.tes.uti.TestSeparator] (main) io.apicurio.tests.serdes.apicurio.AvroSerdeIT.testRecordIdStrategydFindLatest-FINISHED
2025-07-31 17:01:25,644 INFO  [io.api.tes.uti.TestSeparator] (main) ############################################################################
Test passed: testRecordIdStrategydFindLatest
]]></system-out>
  </testcase>
  <testcase name="testReflectAutoRegister" classname="io.apicurio.tests.serdes.apicurio.AvroSerdeIT" time="0.91">
    <system-out><![CDATA[2025-07-31 17:01:25,648 INFO  [io.api.tes.uti.TestSeparator] (main) ############################################################################
2025-07-31 17:01:25,649 INFO  [io.api.tes.uti.TestSeparator] (main) io.apicurio.tests.serdes.apicurio.AvroSerdeIT.testReflectAutoRegister-STARTED
**** Registry Base URL: http://registry-app-postgresql.apps.ci419.apicurio-testing.org:80
2025-07-31 17:01:25,652 INFO  [org.apa.kaf.cli.pro.ProducerConfig] (main) ProducerConfig values: 
	acks = -1
	auto.include.jmx.reporter = true
	batch.size = 16384
	bootstrap.servers = [PLAINTEXT://localhost:32770]
	buffer.memory = 33554432
	client.dns.lookup = use_all_dns_ips
	client.id = Producer-topic-f47b1b9d_7709_4203_bbca_92e7c7d3316a
	compression.gzip.level = -1
	compression.lz4.level = 9
	compression.type = none
	compression.zstd.level = 3
	connections.max.idle.ms = 10000
	delivery.timeout.ms = 120000
	enable.idempotence = true
	enable.metrics.push = true
	interceptor.classes = []
	key.serializer = class org.apache.kafka.common.serialization.StringSerializer
	linger.ms = 0
	max.block.ms = 60000
	max.in.flight.requests.per.connection = 5
	max.request.size = 1048576
	metadata.max.age.ms = 300000
	metadata.max.idle.ms = 300000
	metadata.recovery.strategy = none
	metric.reporters = []
	metrics.num.samples = 2
	metrics.recording.level = INFO
	metrics.sample.window.ms = 30000
	partitioner.adaptive.partitioning.enable = true
	partitioner.availability.timeout.ms = 0
	partitioner.class = null
	partitioner.ignore.keys = false
	receive.buffer.bytes = 32768
	reconnect.backoff.max.ms = 1000
	reconnect.backoff.ms = 50
	request.timeout.ms = 5000
	retries = 2147483647
	retry.backoff.max.ms = 1000
	retry.backoff.ms = 100
	sasl.client.callback.handler.class = null
	sasl.jaas.config = null
	sasl.kerberos.kinit.cmd = /usr/bin/kinit
	sasl.kerberos.min.time.before.relogin = 60000
	sasl.kerberos.service.name = null
	sasl.kerberos.ticket.renew.jitter = 0.05
	sasl.kerberos.ticket.renew.window.factor = 0.8
	sasl.login.callback.handler.class = null
	sasl.login.class = null
	sasl.login.connect.timeout.ms = null
	sasl.login.read.timeout.ms = null
	sasl.login.refresh.buffer.seconds = 300
	sasl.login.refresh.min.period.seconds = 60
	sasl.login.refresh.window.factor = 0.8
	sasl.login.refresh.window.jitter = 0.05
	sasl.login.retry.backoff.max.ms = 10000
	sasl.login.retry.backoff.ms = 100
	sasl.mechanism = GSSAPI
	sasl.oauthbearer.clock.skew.seconds = 30
	sasl.oauthbearer.expected.audience = null
	sasl.oauthbearer.expected.issuer = null
	sasl.oauthbearer.header.urlencode = false
	sasl.oauthbearer.jwks.endpoint.refresh.ms = 3600000
	sasl.oauthbearer.jwks.endpoint.retry.backoff.max.ms = 10000
	sasl.oauthbearer.jwks.endpoint.retry.backoff.ms = 100
	sasl.oauthbearer.jwks.endpoint.url = null
	sasl.oauthbearer.scope.claim.name = scope
	sasl.oauthbearer.sub.claim.name = sub
	sasl.oauthbearer.token.endpoint.url = null
	security.protocol = PLAINTEXT
	security.providers = null
	send.buffer.bytes = 131072
	socket.connection.setup.timeout.max.ms = 30000
	socket.connection.setup.timeout.ms = 10000
	ssl.cipher.suites = null
	ssl.enabled.protocols = [TLSv1.2, TLSv1.3]
	ssl.endpoint.identification.algorithm = https
	ssl.engine.factory.class = null
	ssl.key.password = null
	ssl.keymanager.algorithm = SunX509
	ssl.keystore.certificate.chain = null
	ssl.keystore.key = null
	ssl.keystore.location = null
	ssl.keystore.password = null
	ssl.keystore.type = JKS
	ssl.protocol = TLSv1.3
	ssl.provider = null
	ssl.secure.random.implementation = null
	ssl.trustmanager.algorithm = PKIX
	ssl.truststore.certificates = null
	ssl.truststore.location = null
	ssl.truststore.password = null
	ssl.truststore.type = JKS
	transaction.timeout.ms = 60000
	transactional.id = null
	value.serializer = class io.apicurio.registry.serde.avro.AvroKafkaSerializer

2025-07-31 17:01:25,652 INFO  [org.apa.kaf.com.tel.int.KafkaMetricsCollector] (main) initializing Kafka metrics collector
2025-07-31 17:01:25,672 INFO  [org.apa.kaf.cli.pro.KafkaProducer] (main) [Producer clientId=Producer-topic-f47b1b9d_7709_4203_bbca_92e7c7d3316a] Instantiated an idempotent producer.
2025-07-31 17:01:25,677 INFO  [org.apa.kaf.cli.pro.ProducerConfig] (main) These configurations '[apicurio.registry.url, apicurio.registry.auto-register, apicurio.registry.artifact-resolver-strategy, apicurio.registry.avro-datum-provider]' were supplied but are not used yet.
2025-07-31 17:01:25,677 INFO  [org.apa.kaf.com.uti.AppInfoParser] (main) Kafka version: 3.9.1
2025-07-31 17:01:25,677 INFO  [org.apa.kaf.com.uti.AppInfoParser] (main) Kafka commitId: f745dfdcee2b9851
2025-07-31 17:01:25,677 INFO  [org.apa.kaf.com.uti.AppInfoParser] (main) Kafka startTimeMs: 1753981285677
2025-07-31 17:01:25,679 INFO  [io.api.tes.ser.api.SimpleSerdesTesterBuilder$SimpleSerdesTester] (main) Using producer configuration: {apicurio.registry.url=http://registry-app-postgresql.apps.ci419.apicurio-testing.org:80/apis/registry/v3, apicurio.registry.auto-register=true, apicurio.registry.artifact-resolver-strategy=io.apicurio.registry.serde.strategy.TopicIdStrategy, value.serializer=io.apicurio.registry.serde.avro.AvroKafkaSerializer, request.timeout.ms=5000, acks=all, bootstrap.servers=PLAINTEXT://localhost:32770, connections.max.idle.ms=10000, key.serializer=org.apache.kafka.common.serialization.StringSerializer, apicurio.registry.avro-datum-provider=io.apicurio.registry.serde.avro.ReflectAvroDatumProvider, client.id=Producer-topic-f47b1b9d_7709_4203_bbca_92e7c7d3316a}
2025-07-31 17:01:25,679 INFO  [io.api.tes.ser.api.SimpleSerdesTesterBuilder$SimpleSerdesTester] (main) Using consumer configuration: {apicurio.registry.avro-datum-provider=io.apicurio.registry.serde.avro.ReflectAvroDatumProvider}
2025-07-31 17:01:25,680 INFO  [io.api.tes.ser.api.KafkaSerdesTester] (Thread-627) Sending message io.apicurio.tests.common.serdes.TestObject@3dbd29cb to topic topic-f47b1b9d_7709_4203_bbca_92e7c7d3316a
2025-07-31 17:01:25,698 WARN  [org.apa.kaf.cli.NetworkClient] (kafka-producer-network-thread | Producer-topic-f47b1b9d_7709_4203_bbca_92e7c7d3316a) [Producer clientId=Producer-topic-f47b1b9d_7709_4203_bbca_92e7c7d3316a] The metadata response from the cluster reported a recoverable issue with correlation id 2 : {topic-f47b1b9d_7709_4203_bbca_92e7c7d3316a=LEADER_NOT_AVAILABLE}
2025-07-31 17:01:25,699 INFO  [org.apa.kaf.cli.Metadata] (kafka-producer-network-thread | Producer-topic-f47b1b9d_7709_4203_bbca_92e7c7d3316a) [Producer clientId=Producer-topic-f47b1b9d_7709_4203_bbca_92e7c7d3316a] Cluster ID: alGoLOtfQj2F2-zKWHmvbA
2025-07-31 17:01:25,704 INFO  [org.apa.kaf.cli.pro.int.TransactionManager] (kafka-producer-network-thread | Producer-topic-f47b1b9d_7709_4203_bbca_92e7c7d3316a) [Producer clientId=Producer-topic-f47b1b9d_7709_4203_bbca_92e7c7d3316a] ProducerId set to 6 with epoch 0
2025-07-31 17:01:25,871 INFO  [io.api.tes.ser.api.KafkaSerdesTester] (Thread-627) Sending message io.apicurio.tests.common.serdes.TestObject@3dbd29cb to topic topic-f47b1b9d_7709_4203_bbca_92e7c7d3316a
2025-07-31 17:01:25,881 INFO  [io.api.tes.ser.api.KafkaSerdesTester] (Thread-627) Sending message io.apicurio.tests.common.serdes.TestObject@3dbd29cb to topic topic-f47b1b9d_7709_4203_bbca_92e7c7d3316a
2025-07-31 17:01:25,885 INFO  [io.api.tes.ser.api.KafkaSerdesTester] (Thread-627) Sending message io.apicurio.tests.common.serdes.TestObject@3dbd29cb to topic topic-f47b1b9d_7709_4203_bbca_92e7c7d3316a
2025-07-31 17:01:25,889 INFO  [io.api.tes.ser.api.KafkaSerdesTester] (Thread-627) Sending message io.apicurio.tests.common.serdes.TestObject@3dbd29cb to topic topic-f47b1b9d_7709_4203_bbca_92e7c7d3316a
2025-07-31 17:01:25,895 INFO  [io.api.tes.ser.api.KafkaSerdesTester] (Thread-627) Sending message io.apicurio.tests.common.serdes.TestObject@3dbd29cb to topic topic-f47b1b9d_7709_4203_bbca_92e7c7d3316a
2025-07-31 17:01:25,898 INFO  [io.api.tes.ser.api.KafkaSerdesTester] (Thread-627) Sending message io.apicurio.tests.common.serdes.TestObject@3dbd29cb to topic topic-f47b1b9d_7709_4203_bbca_92e7c7d3316a
2025-07-31 17:01:25,901 INFO  [io.api.tes.ser.api.KafkaSerdesTester] (Thread-627) Sending message io.apicurio.tests.common.serdes.TestObject@3dbd29cb to topic topic-f47b1b9d_7709_4203_bbca_92e7c7d3316a
2025-07-31 17:01:25,905 INFO  [io.api.tes.ser.api.KafkaSerdesTester] (Thread-627) Sending message io.apicurio.tests.common.serdes.TestObject@3dbd29cb to topic topic-f47b1b9d_7709_4203_bbca_92e7c7d3316a
2025-07-31 17:01:25,910 INFO  [io.api.tes.ser.api.KafkaSerdesTester] (Thread-627) Sending message io.apicurio.tests.common.serdes.TestObject@3dbd29cb to topic topic-f47b1b9d_7709_4203_bbca_92e7c7d3316a
2025-07-31 17:01:25,917 INFO  [io.api.tes.ser.api.KafkaSerdesTester] (Thread-627) Produced 10 messages
2025-07-31 17:01:25,917 INFO  [org.apa.kaf.cli.pro.KafkaProducer] (Thread-627) [Producer clientId=Producer-topic-f47b1b9d_7709_4203_bbca_92e7c7d3316a] Closing the Kafka producer with timeoutMillis = 9223372036854775807 ms.
2025-07-31 17:01:25,920 INFO  [org.apa.kaf.com.met.Metrics] (Thread-627) Metrics scheduler closed
2025-07-31 17:01:25,920 INFO  [org.apa.kaf.com.met.Metrics] (Thread-627) Closing reporter org.apache.kafka.common.metrics.JmxReporter
2025-07-31 17:01:25,921 INFO  [org.apa.kaf.com.met.Metrics] (Thread-627) Closing reporter org.apache.kafka.common.telemetry.internals.ClientTelemetryReporter
2025-07-31 17:01:25,921 INFO  [org.apa.kaf.com.met.Metrics] (Thread-627) Metrics reporters closed
2025-07-31 17:01:25,921 INFO  [org.apa.kaf.com.uti.AppInfoParser] (Thread-627) App info kafka.producer for Producer-topic-f47b1b9d_7709_4203_bbca_92e7c7d3316a unregistered
**** Registry Base URL: http://registry-app-postgresql.apps.ci419.apicurio-testing.org:80
2025-07-31 17:01:25,947 INFO  [org.apa.kaf.cli.con.ConsumerConfig] (main) ConsumerConfig values: 
	allow.auto.create.topics = true
	auto.commit.interval.ms = 500
	auto.include.jmx.reporter = true
	auto.offset.reset = earliest
	bootstrap.servers = [PLAINTEXT://localhost:32770]
	check.crcs = true
	client.dns.lookup = use_all_dns_ips
	client.id = consumer-Consumer-topic-f47b1b9d_7709_4203_bbca_92e7c7d3316a-6
	client.rack = 
	connections.max.idle.ms = 10000
	default.api.timeout.ms = 60000
	enable.auto.commit = true
	enable.metrics.push = true
	exclude.internal.topics = true
	fetch.max.bytes = 52428800
	fetch.max.wait.ms = 500
	fetch.min.bytes = 1
	group.id = Consumer-topic-f47b1b9d_7709_4203_bbca_92e7c7d3316a
	group.instance.id = null
	group.protocol = classic
	group.remote.assignor = null
	heartbeat.interval.ms = 3000
	interceptor.classes = []
	internal.leave.group.on.close = true
	internal.throw.on.fetch.stable.offset.unsupported = false
	isolation.level = read_uncommitted
	key.deserializer = class org.apache.kafka.common.serialization.StringDeserializer
	max.partition.fetch.bytes = 1048576
	max.poll.interval.ms = 300000
	max.poll.records = 500
	metadata.max.age.ms = 300000
	metadata.recovery.strategy = none
	metric.reporters = []
	metrics.num.samples = 2
	metrics.recording.level = INFO
	metrics.sample.window.ms = 30000
	partition.assignment.strategy = [class org.apache.kafka.clients.consumer.RangeAssignor, class org.apache.kafka.clients.consumer.CooperativeStickyAssignor]
	receive.buffer.bytes = 65536
	reconnect.backoff.max.ms = 1000
	reconnect.backoff.ms = 50
	request.timeout.ms = 5000
	retry.backoff.max.ms = 1000
	retry.backoff.ms = 100
	sasl.client.callback.handler.class = null
	sasl.jaas.config = null
	sasl.kerberos.kinit.cmd = /usr/bin/kinit
	sasl.kerberos.min.time.before.relogin = 60000
	sasl.kerberos.service.name = null
	sasl.kerberos.ticket.renew.jitter = 0.05
	sasl.kerberos.ticket.renew.window.factor = 0.8
	sasl.login.callback.handler.class = null
	sasl.login.class = null
	sasl.login.connect.timeout.ms = null
	sasl.login.read.timeout.ms = null
	sasl.login.refresh.buffer.seconds = 300
	sasl.login.refresh.min.period.seconds = 60
	sasl.login.refresh.window.factor = 0.8
	sasl.login.refresh.window.jitter = 0.05
	sasl.login.retry.backoff.max.ms = 10000
	sasl.login.retry.backoff.ms = 100
	sasl.mechanism = GSSAPI
	sasl.oauthbearer.clock.skew.seconds = 30
	sasl.oauthbearer.expected.audience = null
	sasl.oauthbearer.expected.issuer = null
	sasl.oauthbearer.header.urlencode = false
	sasl.oauthbearer.jwks.endpoint.refresh.ms = 3600000
	sasl.oauthbearer.jwks.endpoint.retry.backoff.max.ms = 10000
	sasl.oauthbearer.jwks.endpoint.retry.backoff.ms = 100
	sasl.oauthbearer.jwks.endpoint.url = null
	sasl.oauthbearer.scope.claim.name = scope
	sasl.oauthbearer.sub.claim.name = sub
	sasl.oauthbearer.token.endpoint.url = null
	security.protocol = PLAINTEXT
	security.providers = null
	send.buffer.bytes = 131072
	session.timeout.ms = 45000
	socket.connection.setup.timeout.max.ms = 30000
	socket.connection.setup.timeout.ms = 10000
	ssl.cipher.suites = null
	ssl.enabled.protocols = [TLSv1.2, TLSv1.3]
	ssl.endpoint.identification.algorithm = https
	ssl.engine.factory.class = null
	ssl.key.password = null
	ssl.keymanager.algorithm = SunX509
	ssl.keystore.certificate.chain = null
	ssl.keystore.key = null
	ssl.keystore.location = null
	ssl.keystore.password = null
	ssl.keystore.type = JKS
	ssl.protocol = TLSv1.3
	ssl.provider = null
	ssl.secure.random.implementation = null
	ssl.trustmanager.algorithm = PKIX
	ssl.truststore.certificates = null
	ssl.truststore.location = null
	ssl.truststore.password = null
	ssl.truststore.type = JKS
	value.deserializer = class io.apicurio.registry.serde.avro.AvroKafkaDeserializer

2025-07-31 17:01:25,948 INFO  [org.apa.kaf.com.tel.int.KafkaMetricsCollector] (main) initializing Kafka metrics collector
2025-07-31 17:01:25,956 INFO  [org.apa.kaf.cli.con.ConsumerConfig] (main) These configurations '[apicurio.registry.url, apicurio.registry.avro-datum-provider]' were supplied but are not used yet.
2025-07-31 17:01:25,956 INFO  [org.apa.kaf.com.uti.AppInfoParser] (main) Kafka version: 3.9.1
2025-07-31 17:01:25,956 INFO  [org.apa.kaf.com.uti.AppInfoParser] (main) Kafka commitId: f745dfdcee2b9851
2025-07-31 17:01:25,956 INFO  [org.apa.kaf.com.uti.AppInfoParser] (main) Kafka startTimeMs: 1753981285956
2025-07-31 17:01:25,957 INFO  [org.apa.kaf.cli.con.int.ClassicKafkaConsumer] (Thread-630) [Consumer clientId=consumer-Consumer-topic-f47b1b9d_7709_4203_bbca_92e7c7d3316a-6, groupId=Consumer-topic-f47b1b9d_7709_4203_bbca_92e7c7d3316a] Subscribed to topic(s): topic-f47b1b9d_7709_4203_bbca_92e7c7d3316a
2025-07-31 17:01:25,969 INFO  [org.apa.kaf.cli.Metadata] (Thread-630) [Consumer clientId=consumer-Consumer-topic-f47b1b9d_7709_4203_bbca_92e7c7d3316a-6, groupId=Consumer-topic-f47b1b9d_7709_4203_bbca_92e7c7d3316a] Cluster ID: alGoLOtfQj2F2-zKWHmvbA
2025-07-31 17:01:25,970 INFO  [org.apa.kaf.cli.con.int.ConsumerCoordinator] (Thread-630) [Consumer clientId=consumer-Consumer-topic-f47b1b9d_7709_4203_bbca_92e7c7d3316a-6, groupId=Consumer-topic-f47b1b9d_7709_4203_bbca_92e7c7d3316a] Discovered group coordinator localhost:32770 (id: 2147483647 rack: null)
2025-07-31 17:01:25,972 INFO  [org.apa.kaf.cli.con.int.ConsumerCoordinator] (Thread-630) [Consumer clientId=consumer-Consumer-topic-f47b1b9d_7709_4203_bbca_92e7c7d3316a-6, groupId=Consumer-topic-f47b1b9d_7709_4203_bbca_92e7c7d3316a] (Re-)joining group
2025-07-31 17:01:25,979 INFO  [org.apa.kaf.cli.con.int.ConsumerCoordinator] (Thread-630) [Consumer clientId=consumer-Consumer-topic-f47b1b9d_7709_4203_bbca_92e7c7d3316a-6, groupId=Consumer-topic-f47b1b9d_7709_4203_bbca_92e7c7d3316a] Request joining group due to: need to re-join with the given member-id: consumer-Consumer-topic-f47b1b9d_7709_4203_bbca_92e7c7d3316a-6-a7fcc09c-e9b3-48ff-929e-ed1dfb8563fa
2025-07-31 17:01:25,979 INFO  [org.apa.kaf.cli.con.int.ConsumerCoordinator] (Thread-630) [Consumer clientId=consumer-Consumer-topic-f47b1b9d_7709_4203_bbca_92e7c7d3316a-6, groupId=Consumer-topic-f47b1b9d_7709_4203_bbca_92e7c7d3316a] (Re-)joining group
2025-07-31 17:01:25,983 INFO  [org.apa.kaf.cli.con.int.ConsumerCoordinator] (Thread-630) [Consumer clientId=consumer-Consumer-topic-f47b1b9d_7709_4203_bbca_92e7c7d3316a-6, groupId=Consumer-topic-f47b1b9d_7709_4203_bbca_92e7c7d3316a] Successfully joined group with generation Generation{generationId=1, memberId='consumer-Consumer-topic-f47b1b9d_7709_4203_bbca_92e7c7d3316a-6-a7fcc09c-e9b3-48ff-929e-ed1dfb8563fa', protocol='range'}
2025-07-31 17:01:25,984 INFO  [org.apa.kaf.cli.con.int.ConsumerCoordinator] (Thread-630) [Consumer clientId=consumer-Consumer-topic-f47b1b9d_7709_4203_bbca_92e7c7d3316a-6, groupId=Consumer-topic-f47b1b9d_7709_4203_bbca_92e7c7d3316a] Finished assignment for group at generation 1: {consumer-Consumer-topic-f47b1b9d_7709_4203_bbca_92e7c7d3316a-6-a7fcc09c-e9b3-48ff-929e-ed1dfb8563fa=Assignment(partitions=[topic-f47b1b9d_7709_4203_bbca_92e7c7d3316a-0])}
2025-07-31 17:01:25,988 INFO  [org.apa.kaf.cli.con.int.ConsumerCoordinator] (Thread-630) [Consumer clientId=consumer-Consumer-topic-f47b1b9d_7709_4203_bbca_92e7c7d3316a-6, groupId=Consumer-topic-f47b1b9d_7709_4203_bbca_92e7c7d3316a] Successfully synced group in generation Generation{generationId=1, memberId='consumer-Consumer-topic-f47b1b9d_7709_4203_bbca_92e7c7d3316a-6-a7fcc09c-e9b3-48ff-929e-ed1dfb8563fa', protocol='range'}
2025-07-31 17:01:25,988 INFO  [org.apa.kaf.cli.con.int.ConsumerCoordinator] (Thread-630) [Consumer clientId=consumer-Consumer-topic-f47b1b9d_7709_4203_bbca_92e7c7d3316a-6, groupId=Consumer-topic-f47b1b9d_7709_4203_bbca_92e7c7d3316a] Notifying assignor about the new Assignment(partitions=[topic-f47b1b9d_7709_4203_bbca_92e7c7d3316a-0])
2025-07-31 17:01:25,989 INFO  [org.apa.kaf.cli.con.int.ConsumerRebalanceListenerInvoker] (Thread-630) [Consumer clientId=consumer-Consumer-topic-f47b1b9d_7709_4203_bbca_92e7c7d3316a-6, groupId=Consumer-topic-f47b1b9d_7709_4203_bbca_92e7c7d3316a] Adding newly assigned partitions: topic-f47b1b9d_7709_4203_bbca_92e7c7d3316a-0
2025-07-31 17:01:25,990 INFO  [org.apa.kaf.cli.con.int.ConsumerCoordinator] (Thread-630) [Consumer clientId=consumer-Consumer-topic-f47b1b9d_7709_4203_bbca_92e7c7d3316a-6, groupId=Consumer-topic-f47b1b9d_7709_4203_bbca_92e7c7d3316a] Found no committed offset for partition topic-f47b1b9d_7709_4203_bbca_92e7c7d3316a-0
2025-07-31 17:01:25,998 INFO  [org.apa.kaf.cli.con.int.SubscriptionState] (Thread-630) [Consumer clientId=consumer-Consumer-topic-f47b1b9d_7709_4203_bbca_92e7c7d3316a-6, groupId=Consumer-topic-f47b1b9d_7709_4203_bbca_92e7c7d3316a] Resetting offset for partition topic-f47b1b9d_7709_4203_bbca_92e7c7d3316a-0 to position FetchPosition{offset=0, offsetEpoch=Optional.empty, currentLeader=LeaderAndEpoch{leader=Optional[localhost:32770 (id: 0 rack: null)], epoch=0}}.
2025-07-31 17:01:26,048 INFO  [io.api.tes.ser.api.KafkaSerdesTester] (Thread-630) topic-f47b1b9d_7709_4203_bbca_92e7c7d3316a 0 0 io.apicurio.tests.common.serdes.TestObject@3dbd29cb
2025-07-31 17:01:26,048 INFO  [io.api.tes.ser.api.KafkaSerdesTester] (Thread-630) topic-f47b1b9d_7709_4203_bbca_92e7c7d3316a 0 1 io.apicurio.tests.common.serdes.TestObject@3dbd29cb
2025-07-31 17:01:26,048 INFO  [io.api.tes.ser.api.KafkaSerdesTester] (Thread-630) topic-f47b1b9d_7709_4203_bbca_92e7c7d3316a 0 2 io.apicurio.tests.common.serdes.TestObject@3dbd29cb
2025-07-31 17:01:26,048 INFO  [io.api.tes.ser.api.KafkaSerdesTester] (Thread-630) topic-f47b1b9d_7709_4203_bbca_92e7c7d3316a 0 3 io.apicurio.tests.common.serdes.TestObject@3dbd29cb
2025-07-31 17:01:26,048 INFO  [io.api.tes.ser.api.KafkaSerdesTester] (Thread-630) topic-f47b1b9d_7709_4203_bbca_92e7c7d3316a 0 4 io.apicurio.tests.common.serdes.TestObject@3dbd29cb
2025-07-31 17:01:26,048 INFO  [io.api.tes.ser.api.KafkaSerdesTester] (Thread-630) topic-f47b1b9d_7709_4203_bbca_92e7c7d3316a 0 5 io.apicurio.tests.common.serdes.TestObject@3dbd29cb
2025-07-31 17:01:26,048 INFO  [io.api.tes.ser.api.KafkaSerdesTester] (Thread-630) topic-f47b1b9d_7709_4203_bbca_92e7c7d3316a 0 6 io.apicurio.tests.common.serdes.TestObject@3dbd29cb
2025-07-31 17:01:26,048 INFO  [io.api.tes.ser.api.KafkaSerdesTester] (Thread-630) topic-f47b1b9d_7709_4203_bbca_92e7c7d3316a 0 7 io.apicurio.tests.common.serdes.TestObject@3dbd29cb
2025-07-31 17:01:26,048 INFO  [io.api.tes.ser.api.KafkaSerdesTester] (Thread-630) topic-f47b1b9d_7709_4203_bbca_92e7c7d3316a 0 8 io.apicurio.tests.common.serdes.TestObject@3dbd29cb
2025-07-31 17:01:26,048 INFO  [io.api.tes.ser.api.KafkaSerdesTester] (Thread-630) topic-f47b1b9d_7709_4203_bbca_92e7c7d3316a 0 9 io.apicurio.tests.common.serdes.TestObject@3dbd29cb
2025-07-31 17:01:26,048 INFO  [io.api.tes.ser.api.KafkaSerdesTester] (Thread-630) Consumed 10 messages
2025-07-31 17:01:26,051 INFO  [org.apa.kaf.cli.con.int.ConsumerRebalanceListenerInvoker] (Thread-630) [Consumer clientId=consumer-Consumer-topic-f47b1b9d_7709_4203_bbca_92e7c7d3316a-6, groupId=Consumer-topic-f47b1b9d_7709_4203_bbca_92e7c7d3316a] Revoke previously assigned partitions topic-f47b1b9d_7709_4203_bbca_92e7c7d3316a-0
2025-07-31 17:01:26,051 INFO  [org.apa.kaf.cli.con.int.ConsumerCoordinator] (Thread-630) [Consumer clientId=consumer-Consumer-topic-f47b1b9d_7709_4203_bbca_92e7c7d3316a-6, groupId=Consumer-topic-f47b1b9d_7709_4203_bbca_92e7c7d3316a] Member consumer-Consumer-topic-f47b1b9d_7709_4203_bbca_92e7c7d3316a-6-a7fcc09c-e9b3-48ff-929e-ed1dfb8563fa sending LeaveGroup request to coordinator localhost:32770 (id: 2147483647 rack: null) due to the consumer is being closed
2025-07-31 17:01:26,052 INFO  [org.apa.kaf.cli.con.int.ConsumerCoordinator] (Thread-630) [Consumer clientId=consumer-Consumer-topic-f47b1b9d_7709_4203_bbca_92e7c7d3316a-6, groupId=Consumer-topic-f47b1b9d_7709_4203_bbca_92e7c7d3316a] Resetting generation and member id due to: consumer pro-actively leaving the group
2025-07-31 17:01:26,052 INFO  [org.apa.kaf.cli.con.int.ConsumerCoordinator] (Thread-630) [Consumer clientId=consumer-Consumer-topic-f47b1b9d_7709_4203_bbca_92e7c7d3316a-6, groupId=Consumer-topic-f47b1b9d_7709_4203_bbca_92e7c7d3316a] Request joining group due to: consumer pro-actively leaving the group
2025-07-31 17:01:26,551 INFO  [org.apa.kaf.com.met.Metrics] (Thread-630) Metrics scheduler closed
2025-07-31 17:01:26,552 INFO  [org.apa.kaf.com.met.Metrics] (Thread-630) Closing reporter org.apache.kafka.common.metrics.JmxReporter
2025-07-31 17:01:26,552 INFO  [org.apa.kaf.com.met.Metrics] (Thread-630) Closing reporter org.apache.kafka.common.telemetry.internals.ClientTelemetryReporter
2025-07-31 17:01:26,552 INFO  [org.apa.kaf.com.met.Metrics] (Thread-630) Metrics reporters closed
2025-07-31 17:01:26,554 INFO  [org.apa.kaf.com.uti.AppInfoParser] (Thread-630) App info kafka.consumer for consumer-Consumer-topic-f47b1b9d_7709_4203_bbca_92e7c7d3316a-6 unregistered
2025-07-31 17:01:26,555 INFO  [io.api.tes.uti.TestSeparator] (main) io.apicurio.tests.serdes.apicurio.AvroSerdeIT.testReflectAutoRegister-FINISHED
2025-07-31 17:01:26,555 INFO  [io.api.tes.uti.TestSeparator] (main) ############################################################################
Test passed: testReflectAutoRegister
]]></system-out>
  </testcase>
  <testcase name="testArtifactNotFound" classname="io.apicurio.tests.serdes.apicurio.AvroSerdeIT" time="0.24">
    <system-out><![CDATA[2025-07-31 17:01:26,559 INFO  [io.api.tes.uti.TestSeparator] (main) ############################################################################
2025-07-31 17:01:26,559 INFO  [io.api.tes.uti.TestSeparator] (main) io.apicurio.tests.serdes.apicurio.AvroSerdeIT.testArtifactNotFound-STARTED
**** Registry Base URL: http://registry-app-postgresql.apps.ci419.apicurio-testing.org:80
2025-07-31 17:01:26,566 INFO  [org.apa.kaf.cli.pro.ProducerConfig] (main) ProducerConfig values: 
	acks = -1
	auto.include.jmx.reporter = true
	batch.size = 16384
	bootstrap.servers = [PLAINTEXT://localhost:32770]
	buffer.memory = 33554432
	client.dns.lookup = use_all_dns_ips
	client.id = Producer-s391ea85ex5b16x4a26x8752xe18563d76697
	compression.gzip.level = -1
	compression.lz4.level = 9
	compression.type = none
	compression.zstd.level = 3
	connections.max.idle.ms = 10000
	delivery.timeout.ms = 120000
	enable.idempotence = true
	enable.metrics.push = true
	interceptor.classes = []
	key.serializer = class org.apache.kafka.common.serialization.StringSerializer
	linger.ms = 0
	max.block.ms = 60000
	max.in.flight.requests.per.connection = 5
	max.request.size = 1048576
	metadata.max.age.ms = 300000
	metadata.max.idle.ms = 300000
	metadata.recovery.strategy = none
	metric.reporters = []
	metrics.num.samples = 2
	metrics.recording.level = INFO
	metrics.sample.window.ms = 30000
	partitioner.adaptive.partitioning.enable = true
	partitioner.availability.timeout.ms = 0
	partitioner.class = null
	partitioner.ignore.keys = false
	receive.buffer.bytes = 32768
	reconnect.backoff.max.ms = 1000
	reconnect.backoff.ms = 50
	request.timeout.ms = 5000
	retries = 2147483647
	retry.backoff.max.ms = 1000
	retry.backoff.ms = 100
	sasl.client.callback.handler.class = null
	sasl.jaas.config = null
	sasl.kerberos.kinit.cmd = /usr/bin/kinit
	sasl.kerberos.min.time.before.relogin = 60000
	sasl.kerberos.service.name = null
	sasl.kerberos.ticket.renew.jitter = 0.05
	sasl.kerberos.ticket.renew.window.factor = 0.8
	sasl.login.callback.handler.class = null
	sasl.login.class = null
	sasl.login.connect.timeout.ms = null
	sasl.login.read.timeout.ms = null
	sasl.login.refresh.buffer.seconds = 300
	sasl.login.refresh.min.period.seconds = 60
	sasl.login.refresh.window.factor = 0.8
	sasl.login.refresh.window.jitter = 0.05
	sasl.login.retry.backoff.max.ms = 10000
	sasl.login.retry.backoff.ms = 100
	sasl.mechanism = GSSAPI
	sasl.oauthbearer.clock.skew.seconds = 30
	sasl.oauthbearer.expected.audience = null
	sasl.oauthbearer.expected.issuer = null
	sasl.oauthbearer.header.urlencode = false
	sasl.oauthbearer.jwks.endpoint.refresh.ms = 3600000
	sasl.oauthbearer.jwks.endpoint.retry.backoff.max.ms = 10000
	sasl.oauthbearer.jwks.endpoint.retry.backoff.ms = 100
	sasl.oauthbearer.jwks.endpoint.url = null
	sasl.oauthbearer.scope.claim.name = scope
	sasl.oauthbearer.sub.claim.name = sub
	sasl.oauthbearer.token.endpoint.url = null
	security.protocol = PLAINTEXT
	security.providers = null
	send.buffer.bytes = 131072
	socket.connection.setup.timeout.max.ms = 30000
	socket.connection.setup.timeout.ms = 10000
	ssl.cipher.suites = null
	ssl.enabled.protocols = [TLSv1.2, TLSv1.3]
	ssl.endpoint.identification.algorithm = https
	ssl.engine.factory.class = null
	ssl.key.password = null
	ssl.keymanager.algorithm = SunX509
	ssl.keystore.certificate.chain = null
	ssl.keystore.key = null
	ssl.keystore.location = null
	ssl.keystore.password = null
	ssl.keystore.type = JKS
	ssl.protocol = TLSv1.3
	ssl.provider = null
	ssl.secure.random.implementation = null
	ssl.trustmanager.algorithm = PKIX
	ssl.truststore.certificates = null
	ssl.truststore.location = null
	ssl.truststore.password = null
	ssl.truststore.type = JKS
	transaction.timeout.ms = 60000
	transactional.id = null
	value.serializer = class io.apicurio.registry.serde.avro.AvroKafkaSerializer

2025-07-31 17:01:26,566 INFO  [org.apa.kaf.com.tel.int.KafkaMetricsCollector] (main) initializing Kafka metrics collector
2025-07-31 17:01:26,578 INFO  [org.apa.kaf.cli.pro.KafkaProducer] (main) [Producer clientId=Producer-s391ea85ex5b16x4a26x8752xe18563d76697] Instantiated an idempotent producer.
2025-07-31 17:01:26,588 INFO  [org.apa.kaf.cli.pro.ProducerConfig] (main) These configurations '[apicurio.registry.url, apicurio.registry.artifact-resolver-strategy]' were supplied but are not used yet.
2025-07-31 17:01:26,588 INFO  [org.apa.kaf.com.uti.AppInfoParser] (main) Kafka version: 3.9.1
2025-07-31 17:01:26,588 INFO  [org.apa.kaf.com.uti.AppInfoParser] (main) Kafka commitId: f745dfdcee2b9851
2025-07-31 17:01:26,589 INFO  [org.apa.kaf.com.uti.AppInfoParser] (main) Kafka startTimeMs: 1753981286588
2025-07-31 17:01:26,595 INFO  [io.api.tes.ser.api.KafkaSerdesTester] (Thread-633) Sending message {"keyB": "value-0"} to topic s391ea85ex5b16x4a26x8752xe18563d76697
2025-07-31 17:01:26,617 WARN  [org.apa.kaf.cli.NetworkClient] (kafka-producer-network-thread | Producer-s391ea85ex5b16x4a26x8752xe18563d76697) [Producer clientId=Producer-s391ea85ex5b16x4a26x8752xe18563d76697] The metadata response from the cluster reported a recoverable issue with correlation id 2 : {s391ea85ex5b16x4a26x8752xe18563d76697=LEADER_NOT_AVAILABLE}
2025-07-31 17:01:26,618 INFO  [org.apa.kaf.cli.Metadata] (kafka-producer-network-thread | Producer-s391ea85ex5b16x4a26x8752xe18563d76697) [Producer clientId=Producer-s391ea85ex5b16x4a26x8752xe18563d76697] Cluster ID: alGoLOtfQj2F2-zKWHmvbA
2025-07-31 17:01:26,620 INFO  [org.apa.kaf.cli.pro.int.TransactionManager] (kafka-producer-network-thread | Producer-s391ea85ex5b16x4a26x8752xe18563d76697) [Producer clientId=Producer-s391ea85ex5b16x4a26x8752xe18563d76697] ProducerId set to 7 with epoch 0
2025-07-31 17:01:26,739 INFO  [DefaultSchemaResolver] (Thread-633) Retrieving schema content using string: {"type":"record","name":"myrecord","namespace":"mygroup","fields":[{"name":"keyB","type":"string"}]}
2025-07-31 17:01:26,792 INFO  [org.apa.kaf.cli.pro.KafkaProducer] (Thread-633) [Producer clientId=Producer-s391ea85ex5b16x4a26x8752xe18563d76697] Closing the Kafka producer with timeoutMillis = 9223372036854775807 ms.
2025-07-31 17:01:26,795 INFO  [org.apa.kaf.com.met.Metrics] (Thread-633) Metrics scheduler closed
2025-07-31 17:01:26,796 INFO  [org.apa.kaf.com.met.Metrics] (Thread-633) Closing reporter org.apache.kafka.common.metrics.JmxReporter
2025-07-31 17:01:26,796 INFO  [org.apa.kaf.com.met.Metrics] (Thread-633) Closing reporter org.apache.kafka.common.telemetry.internals.ClientTelemetryReporter
2025-07-31 17:01:26,796 INFO  [org.apa.kaf.com.met.Metrics] (Thread-633) Metrics reporters closed
2025-07-31 17:01:26,796 INFO  [org.apa.kaf.com.uti.AppInfoParser] (Thread-633) App info kafka.producer for Producer-s391ea85ex5b16x4a26x8752xe18563d76697 unregistered
2025-07-31 17:01:26,797 INFO  [io.api.tes.uti.TestSeparator] (main) io.apicurio.tests.serdes.apicurio.AvroSerdeIT.testArtifactNotFound-FINISHED
2025-07-31 17:01:26,798 INFO  [io.api.tes.uti.TestSeparator] (main) ############################################################################
Test passed: testArtifactNotFound
]]></system-out>
    <system-err><![CDATA[java.lang.RuntimeException: Could not resolve artifact reference by content: {"type":"record","name":"myrecord","namespace":"mygroup","fields":[{"name":"keyB","type":"string"}]}&ArtifactReference [groupId=default, artifactId=s391ea85ex5b16x4a26x8752xe18563d76697-value, version=null, globalId=null, contentId=null, contentHash=null]
	at io.apicurio.registry.resolver.DefaultSchemaResolver.lambda$handleResolveSchemaByContent$3(DefaultSchemaResolver.java:265)
	at io.apicurio.registry.resolver.cache.ERCache.lambda$getValue$0(ERCache.java:174)
	at io.apicurio.registry.resolver.cache.ERCache.retry(ERCache.java:227)
	at io.apicurio.registry.resolver.cache.ERCache.getValue(ERCache.java:173)
	at io.apicurio.registry.resolver.cache.ERCache.getByContent(ERCache.java:147)
	at io.apicurio.registry.resolver.DefaultSchemaResolver.handleResolveSchemaByContent(DefaultSchemaResolver.java:253)
	at io.apicurio.registry.resolver.DefaultSchemaResolver.getSchemaFromRegistry(DefaultSchemaResolver.java:138)
	at io.apicurio.registry.resolver.DefaultSchemaResolver.lambda$resolveSchema$0(DefaultSchemaResolver.java:84)
	at java.base/java.util.Optional.orElseGet(Optional.java:364)
	at io.apicurio.registry.resolver.DefaultSchemaResolver.resolveSchema(DefaultSchemaResolver.java:84)
	at io.apicurio.registry.serde.AbstractSerializer.serializeData(AbstractSerializer.java:62)
	at io.apicurio.registry.serde.KafkaSerializer.serialize(KafkaSerializer.java:77)
	at org.apache.kafka.clients.producer.KafkaProducer.doSend(KafkaProducer.java:1046)
	at org.apache.kafka.clients.producer.KafkaProducer.send(KafkaProducer.java:993)
	at org.apache.kafka.clients.producer.KafkaProducer.send(KafkaProducer.java:875)
	at io.apicurio.tests.serdes.apicurio.KafkaSerdesTester.lambda$produceMessages$3(KafkaSerdesTester.java:138)
	at java.base/java.util.concurrent.CompletableFuture$AsyncSupply.run(CompletableFuture.java:1768)
	at java.base/java.lang.Thread.run(Thread.java:840)
]]></system-err>
  </testcase>
  <testcase name="testAvroSerDesFailDifferentSchemaByRecordName" classname="io.apicurio.tests.serdes.apicurio.AvroSerdeIT" time="1.091">
    <system-out><![CDATA[2025-07-31 17:01:26,803 INFO  [io.api.tes.uti.TestSeparator] (main) ############################################################################
2025-07-31 17:01:26,803 INFO  [io.api.tes.uti.TestSeparator] (main) io.apicurio.tests.serdes.apicurio.AvroSerdeIT.testAvroSerDesFailDifferentSchemaByRecordName-STARTED
**** Registry Base URL: http://registry-app-postgresql.apps.ci419.apicurio-testing.org:80
2025-07-31 17:01:27,854 INFO  [org.apa.kaf.cli.pro.ProducerConfig] (main) ProducerConfig values: 
	acks = -1
	auto.include.jmx.reporter = true
	batch.size = 16384
	bootstrap.servers = [PLAINTEXT://localhost:32770]
	buffer.memory = 33554432
	client.dns.lookup = use_all_dns_ips
	client.id = Producer-topic-67984fb2_eb8d_4b89_a0e5_28365b1be731
	compression.gzip.level = -1
	compression.lz4.level = 9
	compression.type = none
	compression.zstd.level = 3
	connections.max.idle.ms = 10000
	delivery.timeout.ms = 120000
	enable.idempotence = true
	enable.metrics.push = true
	interceptor.classes = []
	key.serializer = class org.apache.kafka.common.serialization.StringSerializer
	linger.ms = 0
	max.block.ms = 60000
	max.in.flight.requests.per.connection = 5
	max.request.size = 1048576
	metadata.max.age.ms = 300000
	metadata.max.idle.ms = 300000
	metadata.recovery.strategy = none
	metric.reporters = []
	metrics.num.samples = 2
	metrics.recording.level = INFO
	metrics.sample.window.ms = 30000
	partitioner.adaptive.partitioning.enable = true
	partitioner.availability.timeout.ms = 0
	partitioner.class = null
	partitioner.ignore.keys = false
	receive.buffer.bytes = 32768
	reconnect.backoff.max.ms = 1000
	reconnect.backoff.ms = 50
	request.timeout.ms = 5000
	retries = 2147483647
	retry.backoff.max.ms = 1000
	retry.backoff.ms = 100
	sasl.client.callback.handler.class = null
	sasl.jaas.config = null
	sasl.kerberos.kinit.cmd = /usr/bin/kinit
	sasl.kerberos.min.time.before.relogin = 60000
	sasl.kerberos.service.name = null
	sasl.kerberos.ticket.renew.jitter = 0.05
	sasl.kerberos.ticket.renew.window.factor = 0.8
	sasl.login.callback.handler.class = null
	sasl.login.class = null
	sasl.login.connect.timeout.ms = null
	sasl.login.read.timeout.ms = null
	sasl.login.refresh.buffer.seconds = 300
	sasl.login.refresh.min.period.seconds = 60
	sasl.login.refresh.window.factor = 0.8
	sasl.login.refresh.window.jitter = 0.05
	sasl.login.retry.backoff.max.ms = 10000
	sasl.login.retry.backoff.ms = 100
	sasl.mechanism = GSSAPI
	sasl.oauthbearer.clock.skew.seconds = 30
	sasl.oauthbearer.expected.audience = null
	sasl.oauthbearer.expected.issuer = null
	sasl.oauthbearer.header.urlencode = false
	sasl.oauthbearer.jwks.endpoint.refresh.ms = 3600000
	sasl.oauthbearer.jwks.endpoint.retry.backoff.max.ms = 10000
	sasl.oauthbearer.jwks.endpoint.retry.backoff.ms = 100
	sasl.oauthbearer.jwks.endpoint.url = null
	sasl.oauthbearer.scope.claim.name = scope
	sasl.oauthbearer.sub.claim.name = sub
	sasl.oauthbearer.token.endpoint.url = null
	security.protocol = PLAINTEXT
	security.providers = null
	send.buffer.bytes = 131072
	socket.connection.setup.timeout.max.ms = 30000
	socket.connection.setup.timeout.ms = 10000
	ssl.cipher.suites = null
	ssl.enabled.protocols = [TLSv1.2, TLSv1.3]
	ssl.endpoint.identification.algorithm = https
	ssl.engine.factory.class = null
	ssl.key.password = null
	ssl.keymanager.algorithm = SunX509
	ssl.keystore.certificate.chain = null
	ssl.keystore.key = null
	ssl.keystore.location = null
	ssl.keystore.password = null
	ssl.keystore.type = JKS
	ssl.protocol = TLSv1.3
	ssl.provider = null
	ssl.secure.random.implementation = null
	ssl.trustmanager.algorithm = PKIX
	ssl.truststore.certificates = null
	ssl.truststore.location = null
	ssl.truststore.password = null
	ssl.truststore.type = JKS
	transaction.timeout.ms = 60000
	transactional.id = null
	value.serializer = class io.apicurio.registry.serde.avro.AvroKafkaSerializer

2025-07-31 17:01:27,854 INFO  [org.apa.kaf.com.tel.int.KafkaMetricsCollector] (main) initializing Kafka metrics collector
2025-07-31 17:01:27,858 INFO  [org.apa.kaf.cli.pro.KafkaProducer] (main) [Producer clientId=Producer-topic-67984fb2_eb8d_4b89_a0e5_28365b1be731] Instantiated an idempotent producer.
2025-07-31 17:01:27,860 INFO  [org.apa.kaf.cli.pro.ProducerConfig] (main) These configurations '[apicurio.registry.find-latest, apicurio.registry.url, apicurio.registry.artifact-resolver-strategy]' were supplied but are not used yet.
2025-07-31 17:01:27,861 INFO  [org.apa.kaf.com.uti.AppInfoParser] (main) Kafka version: 3.9.1
2025-07-31 17:01:27,861 INFO  [org.apa.kaf.com.uti.AppInfoParser] (main) Kafka commitId: f745dfdcee2b9851
2025-07-31 17:01:27,861 INFO  [org.apa.kaf.com.uti.AppInfoParser] (main) Kafka startTimeMs: 1753981287860
2025-07-31 17:01:27,862 INFO  [io.api.tes.ser.api.KafkaSerdesTester] (Thread-636) Sending message {"keyB": "value-0"} to topic topic-67984fb2_eb8d_4b89_a0e5_28365b1be731
2025-07-31 17:01:27,868 INFO  [org.apa.kaf.cli.Metadata] (kafka-producer-network-thread | Producer-topic-67984fb2_eb8d_4b89_a0e5_28365b1be731) [Producer clientId=Producer-topic-67984fb2_eb8d_4b89_a0e5_28365b1be731] Cluster ID: alGoLOtfQj2F2-zKWHmvbA
2025-07-31 17:01:27,868 INFO  [org.apa.kaf.cli.pro.int.TransactionManager] (kafka-producer-network-thread | Producer-topic-67984fb2_eb8d_4b89_a0e5_28365b1be731) [Producer clientId=Producer-topic-67984fb2_eb8d_4b89_a0e5_28365b1be731] ProducerId set to 8 with epoch 0
2025-07-31 17:01:27,890 INFO  [org.apa.kaf.cli.pro.KafkaProducer] (Thread-636) [Producer clientId=Producer-topic-67984fb2_eb8d_4b89_a0e5_28365b1be731] Closing the Kafka producer with timeoutMillis = 9223372036854775807 ms.
2025-07-31 17:01:27,892 INFO  [org.apa.kaf.com.met.Metrics] (Thread-636) Metrics scheduler closed
2025-07-31 17:01:27,892 INFO  [org.apa.kaf.com.met.Metrics] (Thread-636) Closing reporter org.apache.kafka.common.metrics.JmxReporter
2025-07-31 17:01:27,892 INFO  [org.apa.kaf.com.met.Metrics] (Thread-636) Closing reporter org.apache.kafka.common.telemetry.internals.ClientTelemetryReporter
2025-07-31 17:01:27,892 INFO  [org.apa.kaf.com.met.Metrics] (Thread-636) Metrics reporters closed
2025-07-31 17:01:27,892 INFO  [org.apa.kaf.com.uti.AppInfoParser] (Thread-636) App info kafka.producer for Producer-topic-67984fb2_eb8d_4b89_a0e5_28365b1be731 unregistered
2025-07-31 17:01:27,893 INFO  [io.api.tes.uti.TestSeparator] (main) io.apicurio.tests.serdes.apicurio.AvroSerdeIT.testAvroSerDesFailDifferentSchemaByRecordName-FINISHED
2025-07-31 17:01:27,893 INFO  [io.api.tes.uti.TestSeparator] (main) ############################################################################
Test passed: testAvroSerDesFailDifferentSchemaByRecordName
]]></system-out>
    <system-err><![CDATA[io.apicurio.registry.rest.client.models.ProblemDetails
	at io.apicurio.registry.rest.client.models.ProblemDetails.createFromDiscriminatorValue(ProblemDetails.java:58)
	at io.kiota.serialization.json.JsonParseNode.getObjectValue(JsonParseNode.java:247)
	at io.kiota.http.vertx.VertXRequestAdapter.lambda$throwIfFailedResponse$0(VertXRequestAdapter.java:400)
	at com.microsoft.kiota.ApiExceptionBuilder.<init>(ApiExceptionBuilder.java:26)
	at io.kiota.http.vertx.VertXRequestAdapter.throwIfFailedResponse(VertXRequestAdapter.java:399)
	at io.kiota.http.vertx.VertXRequestAdapter.send(VertXRequestAdapter.java:170)
	at io.apicurio.registry.rest.client.groups.item.artifacts.item.versions.item.WithVersionExpressionItemRequestBuilder.get(WithVersionExpressionItemRequestBuilder.java:128)
	at io.apicurio.registry.rest.client.groups.item.artifacts.item.versions.item.WithVersionExpressionItemRequestBuilder.get(WithVersionExpressionItemRequestBuilder.java:111)
	at io.apicurio.registry.resolver.client.RegistryClientFacadeImpl.getVersionCoordinatesByGAV(RegistryClientFacadeImpl.java:153)
	at io.apicurio.registry.resolver.DefaultSchemaResolver.resolveByCoordinates(DefaultSchemaResolver.java:352)
	at io.apicurio.registry.resolver.DefaultSchemaResolver.lambda$resolveSchemaByArtifactReferenceCached$6(DefaultSchemaResolver.java:340)
	at io.apicurio.registry.resolver.cache.ERCache.lambda$getValue$0(ERCache.java:174)
	at io.apicurio.registry.resolver.cache.ERCache.retry(ERCache.java:227)
	at io.apicurio.registry.resolver.cache.ERCache.getValue(ERCache.java:173)
	at io.apicurio.registry.resolver.cache.ERCache.getByArtifactCoordinates(ERCache.java:158)
	at io.apicurio.registry.resolver.DefaultSchemaResolver.resolveSchemaByArtifactReferenceCached(DefaultSchemaResolver.java:338)
	at io.apicurio.registry.resolver.DefaultSchemaResolver.resolveSchemaByCoordinates(DefaultSchemaResolver.java:193)
	at io.apicurio.registry.resolver.DefaultSchemaResolver.getSchemaFromRegistry(DefaultSchemaResolver.java:130)
	at io.apicurio.registry.resolver.DefaultSchemaResolver.lambda$resolveSchema$0(DefaultSchemaResolver.java:84)
	at java.base/java.util.Optional.orElseGet(Optional.java:364)
	at io.apicurio.registry.resolver.DefaultSchemaResolver.resolveSchema(DefaultSchemaResolver.java:84)
	at io.apicurio.registry.serde.AbstractSerializer.serializeData(AbstractSerializer.java:62)
	at io.apicurio.registry.serde.KafkaSerializer.serialize(KafkaSerializer.java:77)
	at org.apache.kafka.clients.producer.KafkaProducer.doSend(KafkaProducer.java:1046)
	at org.apache.kafka.clients.producer.KafkaProducer.send(KafkaProducer.java:993)
	at org.apache.kafka.clients.producer.KafkaProducer.send(KafkaProducer.java:875)
	at io.apicurio.tests.serdes.apicurio.KafkaSerdesTester.lambda$produceMessages$3(KafkaSerdesTester.java:138)
	at java.base/java.util.concurrent.CompletableFuture$AsyncSupply.run(CompletableFuture.java:1768)
	at java.base/java.lang.Thread.run(Thread.java:840)
]]></system-err>
  </testcase>
  <testcase name="testTopicIdStrategyFindLatest" classname="io.apicurio.tests.serdes.apicurio.AvroSerdeIT" time="1.748">
    <system-out><![CDATA[2025-07-31 17:01:27,897 INFO  [io.api.tes.uti.TestSeparator] (main) ############################################################################
2025-07-31 17:01:27,897 INFO  [io.api.tes.uti.TestSeparator] (main) io.apicurio.tests.serdes.apicurio.AvroSerdeIT.testTopicIdStrategyFindLatest-STARTED
2025-07-31 17:01:27,898 INFO  [io.api.tes.ser.api.AvroSerdeIT] (main) Registering Avro Schema: {"type":"record","name":"myrecordapicurio1","fields":[{"name":"key11753981287898","type":"string"}]}
**** Registry Base URL: http://registry-app-postgresql.apps.ci419.apicurio-testing.org:80
2025-07-31 17:01:28,950 INFO  [org.apa.kaf.cli.pro.ProducerConfig] (main) ProducerConfig values: 
	acks = -1
	auto.include.jmx.reporter = true
	batch.size = 16384
	bootstrap.servers = [PLAINTEXT://localhost:32770]
	buffer.memory = 33554432
	client.dns.lookup = use_all_dns_ips
	client.id = Producer-topic-80a5dbb6_f0e9_4bf4_bf60_f047768ca7a4
	compression.gzip.level = -1
	compression.lz4.level = 9
	compression.type = none
	compression.zstd.level = 3
	connections.max.idle.ms = 10000
	delivery.timeout.ms = 120000
	enable.idempotence = true
	enable.metrics.push = true
	interceptor.classes = []
	key.serializer = class org.apache.kafka.common.serialization.StringSerializer
	linger.ms = 0
	max.block.ms = 60000
	max.in.flight.requests.per.connection = 5
	max.request.size = 1048576
	metadata.max.age.ms = 300000
	metadata.max.idle.ms = 300000
	metadata.recovery.strategy = none
	metric.reporters = []
	metrics.num.samples = 2
	metrics.recording.level = INFO
	metrics.sample.window.ms = 30000
	partitioner.adaptive.partitioning.enable = true
	partitioner.availability.timeout.ms = 0
	partitioner.class = null
	partitioner.ignore.keys = false
	receive.buffer.bytes = 32768
	reconnect.backoff.max.ms = 1000
	reconnect.backoff.ms = 50
	request.timeout.ms = 5000
	retries = 2147483647
	retry.backoff.max.ms = 1000
	retry.backoff.ms = 100
	sasl.client.callback.handler.class = null
	sasl.jaas.config = null
	sasl.kerberos.kinit.cmd = /usr/bin/kinit
	sasl.kerberos.min.time.before.relogin = 60000
	sasl.kerberos.service.name = null
	sasl.kerberos.ticket.renew.jitter = 0.05
	sasl.kerberos.ticket.renew.window.factor = 0.8
	sasl.login.callback.handler.class = null
	sasl.login.class = null
	sasl.login.connect.timeout.ms = null
	sasl.login.read.timeout.ms = null
	sasl.login.refresh.buffer.seconds = 300
	sasl.login.refresh.min.period.seconds = 60
	sasl.login.refresh.window.factor = 0.8
	sasl.login.refresh.window.jitter = 0.05
	sasl.login.retry.backoff.max.ms = 10000
	sasl.login.retry.backoff.ms = 100
	sasl.mechanism = GSSAPI
	sasl.oauthbearer.clock.skew.seconds = 30
	sasl.oauthbearer.expected.audience = null
	sasl.oauthbearer.expected.issuer = null
	sasl.oauthbearer.header.urlencode = false
	sasl.oauthbearer.jwks.endpoint.refresh.ms = 3600000
	sasl.oauthbearer.jwks.endpoint.retry.backoff.max.ms = 10000
	sasl.oauthbearer.jwks.endpoint.retry.backoff.ms = 100
	sasl.oauthbearer.jwks.endpoint.url = null
	sasl.oauthbearer.scope.claim.name = scope
	sasl.oauthbearer.sub.claim.name = sub
	sasl.oauthbearer.token.endpoint.url = null
	security.protocol = PLAINTEXT
	security.providers = null
	send.buffer.bytes = 131072
	socket.connection.setup.timeout.max.ms = 30000
	socket.connection.setup.timeout.ms = 10000
	ssl.cipher.suites = null
	ssl.enabled.protocols = [TLSv1.2, TLSv1.3]
	ssl.endpoint.identification.algorithm = https
	ssl.engine.factory.class = null
	ssl.key.password = null
	ssl.keymanager.algorithm = SunX509
	ssl.keystore.certificate.chain = null
	ssl.keystore.key = null
	ssl.keystore.location = null
	ssl.keystore.password = null
	ssl.keystore.type = JKS
	ssl.protocol = TLSv1.3
	ssl.provider = null
	ssl.secure.random.implementation = null
	ssl.trustmanager.algorithm = PKIX
	ssl.truststore.certificates = null
	ssl.truststore.location = null
	ssl.truststore.password = null
	ssl.truststore.type = JKS
	transaction.timeout.ms = 60000
	transactional.id = null
	value.serializer = class io.apicurio.registry.serde.avro.AvroKafkaSerializer

2025-07-31 17:01:28,950 INFO  [org.apa.kaf.com.tel.int.KafkaMetricsCollector] (main) initializing Kafka metrics collector
2025-07-31 17:01:28,953 INFO  [org.apa.kaf.cli.pro.KafkaProducer] (main) [Producer clientId=Producer-topic-80a5dbb6_f0e9_4bf4_bf60_f047768ca7a4] Instantiated an idempotent producer.
2025-07-31 17:01:28,956 INFO  [org.apa.kaf.cli.pro.ProducerConfig] (main) These configurations '[apicurio.registry.find-latest, apicurio.registry.url, apicurio.registry.artifact-resolver-strategy]' were supplied but are not used yet.
2025-07-31 17:01:28,956 INFO  [org.apa.kaf.com.uti.AppInfoParser] (main) Kafka version: 3.9.1
2025-07-31 17:01:28,956 INFO  [org.apa.kaf.com.uti.AppInfoParser] (main) Kafka commitId: f745dfdcee2b9851
2025-07-31 17:01:28,956 INFO  [org.apa.kaf.com.uti.AppInfoParser] (main) Kafka startTimeMs: 1753981288956
2025-07-31 17:01:28,956 INFO  [io.api.tes.ser.api.SimpleSerdesTesterBuilder$SimpleSerdesTester] (main) Using producer configuration: {apicurio.registry.find-latest=true, apicurio.registry.url=http://registry-app-postgresql.apps.ci419.apicurio-testing.org:80/apis/registry/v3, apicurio.registry.artifact-resolver-strategy=io.apicurio.registry.serde.strategy.TopicIdStrategy, value.serializer=io.apicurio.registry.serde.avro.AvroKafkaSerializer, request.timeout.ms=5000, acks=all, bootstrap.servers=PLAINTEXT://localhost:32770, connections.max.idle.ms=10000, key.serializer=org.apache.kafka.common.serialization.StringSerializer, client.id=Producer-topic-80a5dbb6_f0e9_4bf4_bf60_f047768ca7a4}
2025-07-31 17:01:28,956 INFO  [io.api.tes.ser.api.SimpleSerdesTesterBuilder$SimpleSerdesTester] (main) Using consumer configuration: {}
2025-07-31 17:01:28,957 INFO  [io.api.tes.ser.api.KafkaSerdesTester] (Thread-639) Sending message {"key11753981287898": "value-0"} to topic topic-80a5dbb6_f0e9_4bf4_bf60_f047768ca7a4
2025-07-31 17:01:28,962 INFO  [org.apa.kaf.cli.Metadata] (kafka-producer-network-thread | Producer-topic-80a5dbb6_f0e9_4bf4_bf60_f047768ca7a4) [Producer clientId=Producer-topic-80a5dbb6_f0e9_4bf4_bf60_f047768ca7a4] Cluster ID: alGoLOtfQj2F2-zKWHmvbA
2025-07-31 17:01:28,963 INFO  [org.apa.kaf.cli.pro.int.TransactionManager] (kafka-producer-network-thread | Producer-topic-80a5dbb6_f0e9_4bf4_bf60_f047768ca7a4) [Producer clientId=Producer-topic-80a5dbb6_f0e9_4bf4_bf60_f047768ca7a4] ProducerId set to 9 with epoch 0
2025-07-31 17:01:29,013 INFO  [io.api.tes.ser.api.KafkaSerdesTester] (Thread-639) Sending message {"key11753981287898": "value-1"} to topic topic-80a5dbb6_f0e9_4bf4_bf60_f047768ca7a4
2025-07-31 17:01:29,016 INFO  [io.api.tes.ser.api.KafkaSerdesTester] (Thread-639) Sending message {"key11753981287898": "value-2"} to topic topic-80a5dbb6_f0e9_4bf4_bf60_f047768ca7a4
2025-07-31 17:01:29,019 INFO  [io.api.tes.ser.api.KafkaSerdesTester] (Thread-639) Sending message {"key11753981287898": "value-3"} to topic topic-80a5dbb6_f0e9_4bf4_bf60_f047768ca7a4
2025-07-31 17:01:29,025 INFO  [io.api.tes.ser.api.KafkaSerdesTester] (Thread-639) Sending message {"key11753981287898": "value-4"} to topic topic-80a5dbb6_f0e9_4bf4_bf60_f047768ca7a4
2025-07-31 17:01:29,027 INFO  [io.api.tes.ser.api.KafkaSerdesTester] (Thread-639) Sending message {"key11753981287898": "value-5"} to topic topic-80a5dbb6_f0e9_4bf4_bf60_f047768ca7a4
2025-07-31 17:01:29,029 INFO  [io.api.tes.ser.api.KafkaSerdesTester] (Thread-639) Sending message {"key11753981287898": "value-6"} to topic topic-80a5dbb6_f0e9_4bf4_bf60_f047768ca7a4
2025-07-31 17:01:29,031 INFO  [io.api.tes.ser.api.KafkaSerdesTester] (Thread-639) Sending message {"key11753981287898": "value-7"} to topic topic-80a5dbb6_f0e9_4bf4_bf60_f047768ca7a4
2025-07-31 17:01:29,033 INFO  [io.api.tes.ser.api.KafkaSerdesTester] (Thread-639) Sending message {"key11753981287898": "value-8"} to topic topic-80a5dbb6_f0e9_4bf4_bf60_f047768ca7a4
2025-07-31 17:01:29,035 INFO  [io.api.tes.ser.api.KafkaSerdesTester] (Thread-639) Sending message {"key11753981287898": "value-9"} to topic topic-80a5dbb6_f0e9_4bf4_bf60_f047768ca7a4
2025-07-31 17:01:29,038 INFO  [io.api.tes.ser.api.KafkaSerdesTester] (Thread-639) Produced 10 messages
2025-07-31 17:01:29,038 INFO  [org.apa.kaf.cli.pro.KafkaProducer] (Thread-639) [Producer clientId=Producer-topic-80a5dbb6_f0e9_4bf4_bf60_f047768ca7a4] Closing the Kafka producer with timeoutMillis = 9223372036854775807 ms.
2025-07-31 17:01:29,043 INFO  [org.apa.kaf.com.met.Metrics] (Thread-639) Metrics scheduler closed
2025-07-31 17:01:29,043 INFO  [org.apa.kaf.com.met.Metrics] (Thread-639) Closing reporter org.apache.kafka.common.metrics.JmxReporter
2025-07-31 17:01:29,043 INFO  [org.apa.kaf.com.met.Metrics] (Thread-639) Closing reporter org.apache.kafka.common.telemetry.internals.ClientTelemetryReporter
2025-07-31 17:01:29,043 INFO  [org.apa.kaf.com.met.Metrics] (Thread-639) Metrics reporters closed
2025-07-31 17:01:29,043 INFO  [org.apa.kaf.com.uti.AppInfoParser] (Thread-639) App info kafka.producer for Producer-topic-80a5dbb6_f0e9_4bf4_bf60_f047768ca7a4 unregistered
**** Registry Base URL: http://registry-app-postgresql.apps.ci419.apicurio-testing.org:80
2025-07-31 17:01:29,047 INFO  [org.apa.kaf.cli.con.ConsumerConfig] (main) ConsumerConfig values: 
	allow.auto.create.topics = true
	auto.commit.interval.ms = 500
	auto.include.jmx.reporter = true
	auto.offset.reset = earliest
	bootstrap.servers = [PLAINTEXT://localhost:32770]
	check.crcs = true
	client.dns.lookup = use_all_dns_ips
	client.id = consumer-Consumer-topic-80a5dbb6_f0e9_4bf4_bf60_f047768ca7a4-7
	client.rack = 
	connections.max.idle.ms = 10000
	default.api.timeout.ms = 60000
	enable.auto.commit = true
	enable.metrics.push = true
	exclude.internal.topics = true
	fetch.max.bytes = 52428800
	fetch.max.wait.ms = 500
	fetch.min.bytes = 1
	group.id = Consumer-topic-80a5dbb6_f0e9_4bf4_bf60_f047768ca7a4
	group.instance.id = null
	group.protocol = classic
	group.remote.assignor = null
	heartbeat.interval.ms = 3000
	interceptor.classes = []
	internal.leave.group.on.close = true
	internal.throw.on.fetch.stable.offset.unsupported = false
	isolation.level = read_uncommitted
	key.deserializer = class org.apache.kafka.common.serialization.StringDeserializer
	max.partition.fetch.bytes = 1048576
	max.poll.interval.ms = 300000
	max.poll.records = 500
	metadata.max.age.ms = 300000
	metadata.recovery.strategy = none
	metric.reporters = []
	metrics.num.samples = 2
	metrics.recording.level = INFO
	metrics.sample.window.ms = 30000
	partition.assignment.strategy = [class org.apache.kafka.clients.consumer.RangeAssignor, class org.apache.kafka.clients.consumer.CooperativeStickyAssignor]
	receive.buffer.bytes = 65536
	reconnect.backoff.max.ms = 1000
	reconnect.backoff.ms = 50
	request.timeout.ms = 5000
	retry.backoff.max.ms = 1000
	retry.backoff.ms = 100
	sasl.client.callback.handler.class = null
	sasl.jaas.config = null
	sasl.kerberos.kinit.cmd = /usr/bin/kinit
	sasl.kerberos.min.time.before.relogin = 60000
	sasl.kerberos.service.name = null
	sasl.kerberos.ticket.renew.jitter = 0.05
	sasl.kerberos.ticket.renew.window.factor = 0.8
	sasl.login.callback.handler.class = null
	sasl.login.class = null
	sasl.login.connect.timeout.ms = null
	sasl.login.read.timeout.ms = null
	sasl.login.refresh.buffer.seconds = 300
	sasl.login.refresh.min.period.seconds = 60
	sasl.login.refresh.window.factor = 0.8
	sasl.login.refresh.window.jitter = 0.05
	sasl.login.retry.backoff.max.ms = 10000
	sasl.login.retry.backoff.ms = 100
	sasl.mechanism = GSSAPI
	sasl.oauthbearer.clock.skew.seconds = 30
	sasl.oauthbearer.expected.audience = null
	sasl.oauthbearer.expected.issuer = null
	sasl.oauthbearer.header.urlencode = false
	sasl.oauthbearer.jwks.endpoint.refresh.ms = 3600000
	sasl.oauthbearer.jwks.endpoint.retry.backoff.max.ms = 10000
	sasl.oauthbearer.jwks.endpoint.retry.backoff.ms = 100
	sasl.oauthbearer.jwks.endpoint.url = null
	sasl.oauthbearer.scope.claim.name = scope
	sasl.oauthbearer.sub.claim.name = sub
	sasl.oauthbearer.token.endpoint.url = null
	security.protocol = PLAINTEXT
	security.providers = null
	send.buffer.bytes = 131072
	session.timeout.ms = 45000
	socket.connection.setup.timeout.max.ms = 30000
	socket.connection.setup.timeout.ms = 10000
	ssl.cipher.suites = null
	ssl.enabled.protocols = [TLSv1.2, TLSv1.3]
	ssl.endpoint.identification.algorithm = https
	ssl.engine.factory.class = null
	ssl.key.password = null
	ssl.keymanager.algorithm = SunX509
	ssl.keystore.certificate.chain = null
	ssl.keystore.key = null
	ssl.keystore.location = null
	ssl.keystore.password = null
	ssl.keystore.type = JKS
	ssl.protocol = TLSv1.3
	ssl.provider = null
	ssl.secure.random.implementation = null
	ssl.trustmanager.algorithm = PKIX
	ssl.truststore.certificates = null
	ssl.truststore.location = null
	ssl.truststore.password = null
	ssl.truststore.type = JKS
	value.deserializer = class io.apicurio.registry.serde.avro.AvroKafkaDeserializer

2025-07-31 17:01:29,047 INFO  [org.apa.kaf.com.tel.int.KafkaMetricsCollector] (main) initializing Kafka metrics collector
2025-07-31 17:01:29,064 INFO  [org.apa.kaf.cli.con.ConsumerConfig] (main) These configurations '[apicurio.registry.url]' were supplied but are not used yet.
2025-07-31 17:01:29,065 INFO  [org.apa.kaf.com.uti.AppInfoParser] (main) Kafka version: 3.9.1
2025-07-31 17:01:29,065 INFO  [org.apa.kaf.com.uti.AppInfoParser] (main) Kafka commitId: f745dfdcee2b9851
2025-07-31 17:01:29,065 INFO  [org.apa.kaf.com.uti.AppInfoParser] (main) Kafka startTimeMs: 1753981289065
2025-07-31 17:01:29,066 INFO  [org.apa.kaf.cli.con.int.ClassicKafkaConsumer] (Thread-642) [Consumer clientId=consumer-Consumer-topic-80a5dbb6_f0e9_4bf4_bf60_f047768ca7a4-7, groupId=Consumer-topic-80a5dbb6_f0e9_4bf4_bf60_f047768ca7a4] Subscribed to topic(s): topic-80a5dbb6_f0e9_4bf4_bf60_f047768ca7a4
2025-07-31 17:01:29,080 INFO  [org.apa.kaf.cli.Metadata] (Thread-642) [Consumer clientId=consumer-Consumer-topic-80a5dbb6_f0e9_4bf4_bf60_f047768ca7a4-7, groupId=Consumer-topic-80a5dbb6_f0e9_4bf4_bf60_f047768ca7a4] Cluster ID: alGoLOtfQj2F2-zKWHmvbA
2025-07-31 17:01:29,080 INFO  [org.apa.kaf.cli.con.int.ConsumerCoordinator] (Thread-642) [Consumer clientId=consumer-Consumer-topic-80a5dbb6_f0e9_4bf4_bf60_f047768ca7a4-7, groupId=Consumer-topic-80a5dbb6_f0e9_4bf4_bf60_f047768ca7a4] Discovered group coordinator localhost:32770 (id: 2147483647 rack: null)
2025-07-31 17:01:29,082 INFO  [org.apa.kaf.cli.con.int.ConsumerCoordinator] (Thread-642) [Consumer clientId=consumer-Consumer-topic-80a5dbb6_f0e9_4bf4_bf60_f047768ca7a4-7, groupId=Consumer-topic-80a5dbb6_f0e9_4bf4_bf60_f047768ca7a4] (Re-)joining group
2025-07-31 17:01:29,086 INFO  [org.apa.kaf.cli.con.int.ConsumerCoordinator] (Thread-642) [Consumer clientId=consumer-Consumer-topic-80a5dbb6_f0e9_4bf4_bf60_f047768ca7a4-7, groupId=Consumer-topic-80a5dbb6_f0e9_4bf4_bf60_f047768ca7a4] Request joining group due to: need to re-join with the given member-id: consumer-Consumer-topic-80a5dbb6_f0e9_4bf4_bf60_f047768ca7a4-7-7d412921-7318-4b5e-bf4c-487d60deab22
2025-07-31 17:01:29,087 INFO  [org.apa.kaf.cli.con.int.ConsumerCoordinator] (Thread-642) [Consumer clientId=consumer-Consumer-topic-80a5dbb6_f0e9_4bf4_bf60_f047768ca7a4-7, groupId=Consumer-topic-80a5dbb6_f0e9_4bf4_bf60_f047768ca7a4] (Re-)joining group
2025-07-31 17:01:29,089 INFO  [org.apa.kaf.cli.con.int.ConsumerCoordinator] (Thread-642) [Consumer clientId=consumer-Consumer-topic-80a5dbb6_f0e9_4bf4_bf60_f047768ca7a4-7, groupId=Consumer-topic-80a5dbb6_f0e9_4bf4_bf60_f047768ca7a4] Successfully joined group with generation Generation{generationId=1, memberId='consumer-Consumer-topic-80a5dbb6_f0e9_4bf4_bf60_f047768ca7a4-7-7d412921-7318-4b5e-bf4c-487d60deab22', protocol='range'}
2025-07-31 17:01:29,090 INFO  [org.apa.kaf.cli.con.int.ConsumerCoordinator] (Thread-642) [Consumer clientId=consumer-Consumer-topic-80a5dbb6_f0e9_4bf4_bf60_f047768ca7a4-7, groupId=Consumer-topic-80a5dbb6_f0e9_4bf4_bf60_f047768ca7a4] Finished assignment for group at generation 1: {consumer-Consumer-topic-80a5dbb6_f0e9_4bf4_bf60_f047768ca7a4-7-7d412921-7318-4b5e-bf4c-487d60deab22=Assignment(partitions=[topic-80a5dbb6_f0e9_4bf4_bf60_f047768ca7a4-0])}
2025-07-31 17:01:29,093 INFO  [org.apa.kaf.cli.con.int.ConsumerCoordinator] (Thread-642) [Consumer clientId=consumer-Consumer-topic-80a5dbb6_f0e9_4bf4_bf60_f047768ca7a4-7, groupId=Consumer-topic-80a5dbb6_f0e9_4bf4_bf60_f047768ca7a4] Successfully synced group in generation Generation{generationId=1, memberId='consumer-Consumer-topic-80a5dbb6_f0e9_4bf4_bf60_f047768ca7a4-7-7d412921-7318-4b5e-bf4c-487d60deab22', protocol='range'}
2025-07-31 17:01:29,093 INFO  [org.apa.kaf.cli.con.int.ConsumerCoordinator] (Thread-642) [Consumer clientId=consumer-Consumer-topic-80a5dbb6_f0e9_4bf4_bf60_f047768ca7a4-7, groupId=Consumer-topic-80a5dbb6_f0e9_4bf4_bf60_f047768ca7a4] Notifying assignor about the new Assignment(partitions=[topic-80a5dbb6_f0e9_4bf4_bf60_f047768ca7a4-0])
2025-07-31 17:01:29,093 INFO  [org.apa.kaf.cli.con.int.ConsumerRebalanceListenerInvoker] (Thread-642) [Consumer clientId=consumer-Consumer-topic-80a5dbb6_f0e9_4bf4_bf60_f047768ca7a4-7, groupId=Consumer-topic-80a5dbb6_f0e9_4bf4_bf60_f047768ca7a4] Adding newly assigned partitions: topic-80a5dbb6_f0e9_4bf4_bf60_f047768ca7a4-0
2025-07-31 17:01:29,094 INFO  [org.apa.kaf.cli.con.int.ConsumerCoordinator] (Thread-642) [Consumer clientId=consumer-Consumer-topic-80a5dbb6_f0e9_4bf4_bf60_f047768ca7a4-7, groupId=Consumer-topic-80a5dbb6_f0e9_4bf4_bf60_f047768ca7a4] Found no committed offset for partition topic-80a5dbb6_f0e9_4bf4_bf60_f047768ca7a4-0
2025-07-31 17:01:29,099 INFO  [org.apa.kaf.cli.con.int.SubscriptionState] (Thread-642) [Consumer clientId=consumer-Consumer-topic-80a5dbb6_f0e9_4bf4_bf60_f047768ca7a4-7, groupId=Consumer-topic-80a5dbb6_f0e9_4bf4_bf60_f047768ca7a4] Resetting offset for partition topic-80a5dbb6_f0e9_4bf4_bf60_f047768ca7a4-0 to position FetchPosition{offset=0, offsetEpoch=Optional.empty, currentLeader=LeaderAndEpoch{leader=Optional[localhost:32770 (id: 0 rack: null)], epoch=0}}.
2025-07-31 17:01:29,135 INFO  [io.api.tes.ser.api.KafkaSerdesTester] (Thread-642) topic-80a5dbb6_f0e9_4bf4_bf60_f047768ca7a4 0 0 {"key11753981287898": "value-0"}
2025-07-31 17:01:29,135 INFO  [io.api.tes.ser.api.KafkaSerdesTester] (Thread-642) topic-80a5dbb6_f0e9_4bf4_bf60_f047768ca7a4 0 1 {"key11753981287898": "value-1"}
2025-07-31 17:01:29,135 INFO  [io.api.tes.ser.api.KafkaSerdesTester] (Thread-642) topic-80a5dbb6_f0e9_4bf4_bf60_f047768ca7a4 0 2 {"key11753981287898": "value-2"}
2025-07-31 17:01:29,135 INFO  [io.api.tes.ser.api.KafkaSerdesTester] (Thread-642) topic-80a5dbb6_f0e9_4bf4_bf60_f047768ca7a4 0 3 {"key11753981287898": "value-3"}
2025-07-31 17:01:29,135 INFO  [io.api.tes.ser.api.KafkaSerdesTester] (Thread-642) topic-80a5dbb6_f0e9_4bf4_bf60_f047768ca7a4 0 4 {"key11753981287898": "value-4"}
2025-07-31 17:01:29,135 INFO  [io.api.tes.ser.api.KafkaSerdesTester] (Thread-642) topic-80a5dbb6_f0e9_4bf4_bf60_f047768ca7a4 0 5 {"key11753981287898": "value-5"}
2025-07-31 17:01:29,135 INFO  [io.api.tes.ser.api.KafkaSerdesTester] (Thread-642) topic-80a5dbb6_f0e9_4bf4_bf60_f047768ca7a4 0 6 {"key11753981287898": "value-6"}
2025-07-31 17:01:29,135 INFO  [io.api.tes.ser.api.KafkaSerdesTester] (Thread-642) topic-80a5dbb6_f0e9_4bf4_bf60_f047768ca7a4 0 7 {"key11753981287898": "value-7"}
2025-07-31 17:01:29,136 INFO  [io.api.tes.ser.api.KafkaSerdesTester] (Thread-642) topic-80a5dbb6_f0e9_4bf4_bf60_f047768ca7a4 0 8 {"key11753981287898": "value-8"}
2025-07-31 17:01:29,136 INFO  [io.api.tes.ser.api.KafkaSerdesTester] (Thread-642) topic-80a5dbb6_f0e9_4bf4_bf60_f047768ca7a4 0 9 {"key11753981287898": "value-9"}
2025-07-31 17:01:29,136 INFO  [io.api.tes.ser.api.KafkaSerdesTester] (Thread-642) Consumed 10 messages
2025-07-31 17:01:29,139 INFO  [org.apa.kaf.cli.con.int.ConsumerRebalanceListenerInvoker] (Thread-642) [Consumer clientId=consumer-Consumer-topic-80a5dbb6_f0e9_4bf4_bf60_f047768ca7a4-7, groupId=Consumer-topic-80a5dbb6_f0e9_4bf4_bf60_f047768ca7a4] Revoke previously assigned partitions topic-80a5dbb6_f0e9_4bf4_bf60_f047768ca7a4-0
2025-07-31 17:01:29,139 INFO  [org.apa.kaf.cli.con.int.ConsumerCoordinator] (Thread-642) [Consumer clientId=consumer-Consumer-topic-80a5dbb6_f0e9_4bf4_bf60_f047768ca7a4-7, groupId=Consumer-topic-80a5dbb6_f0e9_4bf4_bf60_f047768ca7a4] Member consumer-Consumer-topic-80a5dbb6_f0e9_4bf4_bf60_f047768ca7a4-7-7d412921-7318-4b5e-bf4c-487d60deab22 sending LeaveGroup request to coordinator localhost:32770 (id: 2147483647 rack: null) due to the consumer is being closed
2025-07-31 17:01:29,139 INFO  [org.apa.kaf.cli.con.int.ConsumerCoordinator] (Thread-642) [Consumer clientId=consumer-Consumer-topic-80a5dbb6_f0e9_4bf4_bf60_f047768ca7a4-7, groupId=Consumer-topic-80a5dbb6_f0e9_4bf4_bf60_f047768ca7a4] Resetting generation and member id due to: consumer pro-actively leaving the group
2025-07-31 17:01:29,139 INFO  [org.apa.kaf.cli.con.int.ConsumerCoordinator] (Thread-642) [Consumer clientId=consumer-Consumer-topic-80a5dbb6_f0e9_4bf4_bf60_f047768ca7a4-7, groupId=Consumer-topic-80a5dbb6_f0e9_4bf4_bf60_f047768ca7a4] Request joining group due to: consumer pro-actively leaving the group
2025-07-31 17:01:29,638 INFO  [org.apa.kaf.com.met.Metrics] (Thread-642) Metrics scheduler closed
2025-07-31 17:01:29,639 INFO  [org.apa.kaf.com.met.Metrics] (Thread-642) Closing reporter org.apache.kafka.common.metrics.JmxReporter
2025-07-31 17:01:29,639 INFO  [org.apa.kaf.com.met.Metrics] (Thread-642) Closing reporter org.apache.kafka.common.telemetry.internals.ClientTelemetryReporter
2025-07-31 17:01:29,639 INFO  [org.apa.kaf.com.met.Metrics] (Thread-642) Metrics reporters closed
2025-07-31 17:01:29,643 INFO  [org.apa.kaf.com.uti.AppInfoParser] (Thread-642) App info kafka.consumer for consumer-Consumer-topic-80a5dbb6_f0e9_4bf4_bf60_f047768ca7a4-7 unregistered
2025-07-31 17:01:29,644 INFO  [io.api.tes.uti.TestSeparator] (main) io.apicurio.tests.serdes.apicurio.AvroSerdeIT.testTopicIdStrategyFindLatest-FINISHED
2025-07-31 17:01:29,644 INFO  [io.api.tes.uti.TestSeparator] (main) ############################################################################
Test passed: testTopicIdStrategyFindLatest
]]></system-out>
  </testcase>
  <testcase name="testAvroUnionWithSpecificReader" classname="io.apicurio.tests.serdes.apicurio.AvroSerdeIT" time="0.987">
    <system-out><![CDATA[2025-07-31 17:01:29,645 INFO  [io.api.tes.uti.TestSeparator] (main) ############################################################################
2025-07-31 17:01:29,645 INFO  [io.api.tes.uti.TestSeparator] (main) io.apicurio.tests.serdes.apicurio.AvroSerdeIT.testAvroUnionWithSpecificReader-STARTED
**** Registry Base URL: http://registry-app-postgresql.apps.ci419.apicurio-testing.org:80
2025-07-31 17:01:29,654 INFO  [org.apa.kaf.cli.pro.ProducerConfig] (main) ProducerConfig values: 
	acks = -1
	auto.include.jmx.reporter = true
	batch.size = 16384
	bootstrap.servers = [PLAINTEXT://localhost:32770]
	buffer.memory = 33554432
	client.dns.lookup = use_all_dns_ips
	client.id = Producer-topic-dac43f06_44fd_478d_99b1_e2b3ad86c2eb
	compression.gzip.level = -1
	compression.lz4.level = 9
	compression.type = none
	compression.zstd.level = 3
	connections.max.idle.ms = 10000
	delivery.timeout.ms = 120000
	enable.idempotence = true
	enable.metrics.push = true
	interceptor.classes = []
	key.serializer = class org.apache.kafka.common.serialization.StringSerializer
	linger.ms = 0
	max.block.ms = 60000
	max.in.flight.requests.per.connection = 5
	max.request.size = 1048576
	metadata.max.age.ms = 300000
	metadata.max.idle.ms = 300000
	metadata.recovery.strategy = none
	metric.reporters = []
	metrics.num.samples = 2
	metrics.recording.level = INFO
	metrics.sample.window.ms = 30000
	partitioner.adaptive.partitioning.enable = true
	partitioner.availability.timeout.ms = 0
	partitioner.class = null
	partitioner.ignore.keys = false
	receive.buffer.bytes = 32768
	reconnect.backoff.max.ms = 1000
	reconnect.backoff.ms = 50
	request.timeout.ms = 5000
	retries = 2147483647
	retry.backoff.max.ms = 1000
	retry.backoff.ms = 100
	sasl.client.callback.handler.class = null
	sasl.jaas.config = null
	sasl.kerberos.kinit.cmd = /usr/bin/kinit
	sasl.kerberos.min.time.before.relogin = 60000
	sasl.kerberos.service.name = null
	sasl.kerberos.ticket.renew.jitter = 0.05
	sasl.kerberos.ticket.renew.window.factor = 0.8
	sasl.login.callback.handler.class = null
	sasl.login.class = null
	sasl.login.connect.timeout.ms = null
	sasl.login.read.timeout.ms = null
	sasl.login.refresh.buffer.seconds = 300
	sasl.login.refresh.min.period.seconds = 60
	sasl.login.refresh.window.factor = 0.8
	sasl.login.refresh.window.jitter = 0.05
	sasl.login.retry.backoff.max.ms = 10000
	sasl.login.retry.backoff.ms = 100
	sasl.mechanism = GSSAPI
	sasl.oauthbearer.clock.skew.seconds = 30
	sasl.oauthbearer.expected.audience = null
	sasl.oauthbearer.expected.issuer = null
	sasl.oauthbearer.header.urlencode = false
	sasl.oauthbearer.jwks.endpoint.refresh.ms = 3600000
	sasl.oauthbearer.jwks.endpoint.retry.backoff.max.ms = 10000
	sasl.oauthbearer.jwks.endpoint.retry.backoff.ms = 100
	sasl.oauthbearer.jwks.endpoint.url = null
	sasl.oauthbearer.scope.claim.name = scope
	sasl.oauthbearer.sub.claim.name = sub
	sasl.oauthbearer.token.endpoint.url = null
	security.protocol = PLAINTEXT
	security.providers = null
	send.buffer.bytes = 131072
	socket.connection.setup.timeout.max.ms = 30000
	socket.connection.setup.timeout.ms = 10000
	ssl.cipher.suites = null
	ssl.enabled.protocols = [TLSv1.2, TLSv1.3]
	ssl.endpoint.identification.algorithm = https
	ssl.engine.factory.class = null
	ssl.key.password = null
	ssl.keymanager.algorithm = SunX509
	ssl.keystore.certificate.chain = null
	ssl.keystore.key = null
	ssl.keystore.location = null
	ssl.keystore.password = null
	ssl.keystore.type = JKS
	ssl.protocol = TLSv1.3
	ssl.provider = null
	ssl.secure.random.implementation = null
	ssl.trustmanager.algorithm = PKIX
	ssl.truststore.certificates = null
	ssl.truststore.location = null
	ssl.truststore.password = null
	ssl.truststore.type = JKS
	transaction.timeout.ms = 60000
	transactional.id = null
	value.serializer = class io.apicurio.registry.serde.avro.AvroKafkaSerializer

2025-07-31 17:01:29,655 INFO  [org.apa.kaf.com.tel.int.KafkaMetricsCollector] (main) initializing Kafka metrics collector
2025-07-31 17:01:29,670 INFO  [org.apa.kaf.cli.pro.KafkaProducer] (main) [Producer clientId=Producer-topic-dac43f06_44fd_478d_99b1_e2b3ad86c2eb] Instantiated an idempotent producer.
2025-07-31 17:01:29,680 INFO  [org.apa.kaf.cli.pro.ProducerConfig] (main) These configurations '[apicurio.registry.url, apicurio.registry.auto-register, apicurio.registry.artifact-resolver-strategy]' were supplied but are not used yet.
2025-07-31 17:01:29,680 INFO  [org.apa.kaf.com.uti.AppInfoParser] (main) Kafka version: 3.9.1
2025-07-31 17:01:29,680 INFO  [org.apa.kaf.com.uti.AppInfoParser] (main) Kafka commitId: f745dfdcee2b9851
2025-07-31 17:01:29,680 INFO  [org.apa.kaf.com.uti.AppInfoParser] (main) Kafka startTimeMs: 1753981289680
2025-07-31 17:01:29,680 INFO  [io.api.tes.ser.api.SimpleSerdesTesterBuilder$SimpleSerdesTester] (main) Using producer configuration: {apicurio.registry.url=http://registry-app-postgresql.apps.ci419.apicurio-testing.org:80/apis/registry/v3, apicurio.registry.auto-register=true, apicurio.registry.artifact-resolver-strategy=io.apicurio.registry.serde.strategy.TopicIdStrategy, value.serializer=io.apicurio.registry.serde.avro.AvroKafkaSerializer, request.timeout.ms=5000, acks=all, bootstrap.servers=PLAINTEXT://localhost:32770, connections.max.idle.ms=10000, key.serializer=org.apache.kafka.common.serialization.StringSerializer, client.id=Producer-topic-dac43f06_44fd_478d_99b1_e2b3ad86c2eb}
2025-07-31 17:01:29,681 INFO  [io.api.tes.ser.api.SimpleSerdesTesterBuilder$SimpleSerdesTester] (main) Using consumer configuration: {}
2025-07-31 17:01:29,683 INFO  [io.api.tes.ser.api.KafkaSerdesTester] (Thread-645) Sending message {"id": "record-0"} to topic topic-dac43f06_44fd_478d_99b1_e2b3ad86c2eb
2025-07-31 17:01:29,706 WARN  [org.apa.kaf.cli.NetworkClient] (kafka-producer-network-thread | Producer-topic-dac43f06_44fd_478d_99b1_e2b3ad86c2eb) [Producer clientId=Producer-topic-dac43f06_44fd_478d_99b1_e2b3ad86c2eb] The metadata response from the cluster reported a recoverable issue with correlation id 2 : {topic-dac43f06_44fd_478d_99b1_e2b3ad86c2eb=LEADER_NOT_AVAILABLE}
2025-07-31 17:01:29,706 INFO  [org.apa.kaf.cli.Metadata] (kafka-producer-network-thread | Producer-topic-dac43f06_44fd_478d_99b1_e2b3ad86c2eb) [Producer clientId=Producer-topic-dac43f06_44fd_478d_99b1_e2b3ad86c2eb] Cluster ID: alGoLOtfQj2F2-zKWHmvbA
2025-07-31 17:01:29,713 INFO  [org.apa.kaf.cli.pro.int.TransactionManager] (kafka-producer-network-thread | Producer-topic-dac43f06_44fd_478d_99b1_e2b3ad86c2eb) [Producer clientId=Producer-topic-dac43f06_44fd_478d_99b1_e2b3ad86c2eb] ProducerId set to 10 with epoch 0
2025-07-31 17:01:29,870 INFO  [io.api.tes.ser.api.KafkaSerdesTester] (Thread-645) Sending message {"value": 1} to topic topic-dac43f06_44fd_478d_99b1_e2b3ad86c2eb
2025-07-31 17:01:29,923 INFO  [io.api.tes.ser.api.KafkaSerdesTester] (Thread-645) Sending message {"active": true} to topic topic-dac43f06_44fd_478d_99b1_e2b3ad86c2eb
2025-07-31 17:01:29,976 INFO  [io.api.tes.ser.api.KafkaSerdesTester] (Thread-645) Sending message {"id": "record-3"} to topic topic-dac43f06_44fd_478d_99b1_e2b3ad86c2eb
2025-07-31 17:01:29,978 INFO  [io.api.tes.ser.api.KafkaSerdesTester] (Thread-645) Sending message {"value": 4} to topic topic-dac43f06_44fd_478d_99b1_e2b3ad86c2eb
2025-07-31 17:01:29,979 INFO  [io.api.tes.ser.api.KafkaSerdesTester] (Thread-645) Sending message {"active": false} to topic topic-dac43f06_44fd_478d_99b1_e2b3ad86c2eb
2025-07-31 17:01:29,982 INFO  [io.api.tes.ser.api.KafkaSerdesTester] (Thread-645) Sending message {"id": "record-6"} to topic topic-dac43f06_44fd_478d_99b1_e2b3ad86c2eb
2025-07-31 17:01:29,984 INFO  [io.api.tes.ser.api.KafkaSerdesTester] (Thread-645) Sending message {"value": 7} to topic topic-dac43f06_44fd_478d_99b1_e2b3ad86c2eb
2025-07-31 17:01:29,986 INFO  [io.api.tes.ser.api.KafkaSerdesTester] (Thread-645) Sending message {"active": true} to topic topic-dac43f06_44fd_478d_99b1_e2b3ad86c2eb
2025-07-31 17:01:29,988 INFO  [io.api.tes.ser.api.KafkaSerdesTester] (Thread-645) Sending message {"id": "record-9"} to topic topic-dac43f06_44fd_478d_99b1_e2b3ad86c2eb
2025-07-31 17:01:29,990 INFO  [io.api.tes.ser.api.KafkaSerdesTester] (Thread-645) Produced 10 messages
2025-07-31 17:01:29,990 INFO  [org.apa.kaf.cli.pro.KafkaProducer] (Thread-645) [Producer clientId=Producer-topic-dac43f06_44fd_478d_99b1_e2b3ad86c2eb] Closing the Kafka producer with timeoutMillis = 9223372036854775807 ms.
2025-07-31 17:01:29,993 INFO  [org.apa.kaf.com.met.Metrics] (Thread-645) Metrics scheduler closed
2025-07-31 17:01:29,993 INFO  [org.apa.kaf.com.met.Metrics] (Thread-645) Closing reporter org.apache.kafka.common.metrics.JmxReporter
2025-07-31 17:01:29,993 INFO  [org.apa.kaf.com.met.Metrics] (Thread-645) Closing reporter org.apache.kafka.common.telemetry.internals.ClientTelemetryReporter
2025-07-31 17:01:29,993 INFO  [org.apa.kaf.com.met.Metrics] (Thread-645) Metrics reporters closed
2025-07-31 17:01:29,993 INFO  [org.apa.kaf.com.uti.AppInfoParser] (Thread-645) App info kafka.producer for Producer-topic-dac43f06_44fd_478d_99b1_e2b3ad86c2eb unregistered
2025-07-31 17:01:30,007 INFO  [io.api.tes.ser.api.AvroSerdeIT] (main) Artifact topic-dac43f06_44fd_478d_99b1_e2b3ad86c2eb-value found in registry with globalId 25
**** Registry Base URL: http://registry-app-postgresql.apps.ci419.apicurio-testing.org:80
2025-07-31 17:01:30,008 INFO  [org.apa.kaf.cli.con.ConsumerConfig] (main) ConsumerConfig values: 
	allow.auto.create.topics = true
	auto.commit.interval.ms = 500
	auto.include.jmx.reporter = true
	auto.offset.reset = earliest
	bootstrap.servers = [PLAINTEXT://localhost:32770]
	check.crcs = true
	client.dns.lookup = use_all_dns_ips
	client.id = consumer-Consumer-topic-dac43f06_44fd_478d_99b1_e2b3ad86c2eb-8
	client.rack = 
	connections.max.idle.ms = 10000
	default.api.timeout.ms = 60000
	enable.auto.commit = true
	enable.metrics.push = true
	exclude.internal.topics = true
	fetch.max.bytes = 52428800
	fetch.max.wait.ms = 500
	fetch.min.bytes = 1
	group.id = Consumer-topic-dac43f06_44fd_478d_99b1_e2b3ad86c2eb
	group.instance.id = null
	group.protocol = classic
	group.remote.assignor = null
	heartbeat.interval.ms = 3000
	interceptor.classes = []
	internal.leave.group.on.close = true
	internal.throw.on.fetch.stable.offset.unsupported = false
	isolation.level = read_uncommitted
	key.deserializer = class org.apache.kafka.common.serialization.StringDeserializer
	max.partition.fetch.bytes = 1048576
	max.poll.interval.ms = 300000
	max.poll.records = 500
	metadata.max.age.ms = 300000
	metadata.recovery.strategy = none
	metric.reporters = []
	metrics.num.samples = 2
	metrics.recording.level = INFO
	metrics.sample.window.ms = 30000
	partition.assignment.strategy = [class org.apache.kafka.clients.consumer.RangeAssignor, class org.apache.kafka.clients.consumer.CooperativeStickyAssignor]
	receive.buffer.bytes = 65536
	reconnect.backoff.max.ms = 1000
	reconnect.backoff.ms = 50
	request.timeout.ms = 5000
	retry.backoff.max.ms = 1000
	retry.backoff.ms = 100
	sasl.client.callback.handler.class = null
	sasl.jaas.config = null
	sasl.kerberos.kinit.cmd = /usr/bin/kinit
	sasl.kerberos.min.time.before.relogin = 60000
	sasl.kerberos.service.name = null
	sasl.kerberos.ticket.renew.jitter = 0.05
	sasl.kerberos.ticket.renew.window.factor = 0.8
	sasl.login.callback.handler.class = null
	sasl.login.class = null
	sasl.login.connect.timeout.ms = null
	sasl.login.read.timeout.ms = null
	sasl.login.refresh.buffer.seconds = 300
	sasl.login.refresh.min.period.seconds = 60
	sasl.login.refresh.window.factor = 0.8
	sasl.login.refresh.window.jitter = 0.05
	sasl.login.retry.backoff.max.ms = 10000
	sasl.login.retry.backoff.ms = 100
	sasl.mechanism = GSSAPI
	sasl.oauthbearer.clock.skew.seconds = 30
	sasl.oauthbearer.expected.audience = null
	sasl.oauthbearer.expected.issuer = null
	sasl.oauthbearer.header.urlencode = false
	sasl.oauthbearer.jwks.endpoint.refresh.ms = 3600000
	sasl.oauthbearer.jwks.endpoint.retry.backoff.max.ms = 10000
	sasl.oauthbearer.jwks.endpoint.retry.backoff.ms = 100
	sasl.oauthbearer.jwks.endpoint.url = null
	sasl.oauthbearer.scope.claim.name = scope
	sasl.oauthbearer.sub.claim.name = sub
	sasl.oauthbearer.token.endpoint.url = null
	security.protocol = PLAINTEXT
	security.providers = null
	send.buffer.bytes = 131072
	session.timeout.ms = 45000
	socket.connection.setup.timeout.max.ms = 30000
	socket.connection.setup.timeout.ms = 10000
	ssl.cipher.suites = null
	ssl.enabled.protocols = [TLSv1.2, TLSv1.3]
	ssl.endpoint.identification.algorithm = https
	ssl.engine.factory.class = null
	ssl.key.password = null
	ssl.keymanager.algorithm = SunX509
	ssl.keystore.certificate.chain = null
	ssl.keystore.key = null
	ssl.keystore.location = null
	ssl.keystore.password = null
	ssl.keystore.type = JKS
	ssl.protocol = TLSv1.3
	ssl.provider = null
	ssl.secure.random.implementation = null
	ssl.trustmanager.algorithm = PKIX
	ssl.truststore.certificates = null
	ssl.truststore.location = null
	ssl.truststore.password = null
	ssl.truststore.type = JKS
	value.deserializer = class io.apicurio.registry.serde.avro.AvroKafkaDeserializer

2025-07-31 17:01:30,008 INFO  [org.apa.kaf.com.tel.int.KafkaMetricsCollector] (main) initializing Kafka metrics collector
2025-07-31 17:01:30,015 INFO  [org.apa.kaf.cli.con.ConsumerConfig] (main) These configurations '[apicurio.registry.url]' were supplied but are not used yet.
2025-07-31 17:01:30,015 INFO  [org.apa.kaf.com.uti.AppInfoParser] (main) Kafka version: 3.9.1
2025-07-31 17:01:30,015 INFO  [org.apa.kaf.com.uti.AppInfoParser] (main) Kafka commitId: f745dfdcee2b9851
2025-07-31 17:01:30,015 INFO  [org.apa.kaf.com.uti.AppInfoParser] (main) Kafka startTimeMs: 1753981290015
2025-07-31 17:01:30,015 INFO  [org.apa.kaf.cli.con.int.ClassicKafkaConsumer] (Thread-648) [Consumer clientId=consumer-Consumer-topic-dac43f06_44fd_478d_99b1_e2b3ad86c2eb-8, groupId=Consumer-topic-dac43f06_44fd_478d_99b1_e2b3ad86c2eb] Subscribed to topic(s): topic-dac43f06_44fd_478d_99b1_e2b3ad86c2eb
2025-07-31 17:01:30,020 INFO  [org.apa.kaf.cli.Metadata] (Thread-648) [Consumer clientId=consumer-Consumer-topic-dac43f06_44fd_478d_99b1_e2b3ad86c2eb-8, groupId=Consumer-topic-dac43f06_44fd_478d_99b1_e2b3ad86c2eb] Cluster ID: alGoLOtfQj2F2-zKWHmvbA
2025-07-31 17:01:30,020 INFO  [org.apa.kaf.cli.con.int.ConsumerCoordinator] (Thread-648) [Consumer clientId=consumer-Consumer-topic-dac43f06_44fd_478d_99b1_e2b3ad86c2eb-8, groupId=Consumer-topic-dac43f06_44fd_478d_99b1_e2b3ad86c2eb] Discovered group coordinator localhost:32770 (id: 2147483647 rack: null)
2025-07-31 17:01:30,021 INFO  [org.apa.kaf.cli.con.int.ConsumerCoordinator] (Thread-648) [Consumer clientId=consumer-Consumer-topic-dac43f06_44fd_478d_99b1_e2b3ad86c2eb-8, groupId=Consumer-topic-dac43f06_44fd_478d_99b1_e2b3ad86c2eb] (Re-)joining group
2025-07-31 17:01:30,024 INFO  [org.apa.kaf.cli.con.int.ConsumerCoordinator] (Thread-648) [Consumer clientId=consumer-Consumer-topic-dac43f06_44fd_478d_99b1_e2b3ad86c2eb-8, groupId=Consumer-topic-dac43f06_44fd_478d_99b1_e2b3ad86c2eb] Request joining group due to: need to re-join with the given member-id: consumer-Consumer-topic-dac43f06_44fd_478d_99b1_e2b3ad86c2eb-8-1e950f1b-ee10-4a4e-91b0-518085402894
2025-07-31 17:01:30,025 INFO  [org.apa.kaf.cli.con.int.ConsumerCoordinator] (Thread-648) [Consumer clientId=consumer-Consumer-topic-dac43f06_44fd_478d_99b1_e2b3ad86c2eb-8, groupId=Consumer-topic-dac43f06_44fd_478d_99b1_e2b3ad86c2eb] (Re-)joining group
2025-07-31 17:01:30,033 INFO  [org.apa.kaf.cli.con.int.ConsumerCoordinator] (Thread-648) [Consumer clientId=consumer-Consumer-topic-dac43f06_44fd_478d_99b1_e2b3ad86c2eb-8, groupId=Consumer-topic-dac43f06_44fd_478d_99b1_e2b3ad86c2eb] Successfully joined group with generation Generation{generationId=1, memberId='consumer-Consumer-topic-dac43f06_44fd_478d_99b1_e2b3ad86c2eb-8-1e950f1b-ee10-4a4e-91b0-518085402894', protocol='range'}
2025-07-31 17:01:30,034 INFO  [org.apa.kaf.cli.con.int.ConsumerCoordinator] (Thread-648) [Consumer clientId=consumer-Consumer-topic-dac43f06_44fd_478d_99b1_e2b3ad86c2eb-8, groupId=Consumer-topic-dac43f06_44fd_478d_99b1_e2b3ad86c2eb] Finished assignment for group at generation 1: {consumer-Consumer-topic-dac43f06_44fd_478d_99b1_e2b3ad86c2eb-8-1e950f1b-ee10-4a4e-91b0-518085402894=Assignment(partitions=[topic-dac43f06_44fd_478d_99b1_e2b3ad86c2eb-0])}
2025-07-31 17:01:30,039 INFO  [org.apa.kaf.cli.con.int.ConsumerCoordinator] (Thread-648) [Consumer clientId=consumer-Consumer-topic-dac43f06_44fd_478d_99b1_e2b3ad86c2eb-8, groupId=Consumer-topic-dac43f06_44fd_478d_99b1_e2b3ad86c2eb] Successfully synced group in generation Generation{generationId=1, memberId='consumer-Consumer-topic-dac43f06_44fd_478d_99b1_e2b3ad86c2eb-8-1e950f1b-ee10-4a4e-91b0-518085402894', protocol='range'}
2025-07-31 17:01:30,040 INFO  [org.apa.kaf.cli.con.int.ConsumerCoordinator] (Thread-648) [Consumer clientId=consumer-Consumer-topic-dac43f06_44fd_478d_99b1_e2b3ad86c2eb-8, groupId=Consumer-topic-dac43f06_44fd_478d_99b1_e2b3ad86c2eb] Notifying assignor about the new Assignment(partitions=[topic-dac43f06_44fd_478d_99b1_e2b3ad86c2eb-0])
2025-07-31 17:01:30,040 INFO  [org.apa.kaf.cli.con.int.ConsumerRebalanceListenerInvoker] (Thread-648) [Consumer clientId=consumer-Consumer-topic-dac43f06_44fd_478d_99b1_e2b3ad86c2eb-8, groupId=Consumer-topic-dac43f06_44fd_478d_99b1_e2b3ad86c2eb] Adding newly assigned partitions: topic-dac43f06_44fd_478d_99b1_e2b3ad86c2eb-0
2025-07-31 17:01:30,041 INFO  [org.apa.kaf.cli.con.int.ConsumerCoordinator] (Thread-648) [Consumer clientId=consumer-Consumer-topic-dac43f06_44fd_478d_99b1_e2b3ad86c2eb-8, groupId=Consumer-topic-dac43f06_44fd_478d_99b1_e2b3ad86c2eb] Found no committed offset for partition topic-dac43f06_44fd_478d_99b1_e2b3ad86c2eb-0
2025-07-31 17:01:30,046 INFO  [org.apa.kaf.cli.con.int.SubscriptionState] (Thread-648) [Consumer clientId=consumer-Consumer-topic-dac43f06_44fd_478d_99b1_e2b3ad86c2eb-8, groupId=Consumer-topic-dac43f06_44fd_478d_99b1_e2b3ad86c2eb] Resetting offset for partition topic-dac43f06_44fd_478d_99b1_e2b3ad86c2eb-0 to position FetchPosition{offset=0, offsetEpoch=Optional.empty, currentLeader=LeaderAndEpoch{leader=Optional[localhost:32770 (id: 0 rack: null)], epoch=0}}.
2025-07-31 17:01:30,122 INFO  [io.api.tes.ser.api.KafkaSerdesTester] (Thread-648) topic-dac43f06_44fd_478d_99b1_e2b3ad86c2eb 0 0 {"id": "record-0"}
2025-07-31 17:01:30,122 INFO  [io.api.tes.ser.api.KafkaSerdesTester] (Thread-648) topic-dac43f06_44fd_478d_99b1_e2b3ad86c2eb 0 1 {"value": 1}
2025-07-31 17:01:30,122 INFO  [io.api.tes.ser.api.KafkaSerdesTester] (Thread-648) topic-dac43f06_44fd_478d_99b1_e2b3ad86c2eb 0 2 {"active": true}
2025-07-31 17:01:30,122 INFO  [io.api.tes.ser.api.KafkaSerdesTester] (Thread-648) topic-dac43f06_44fd_478d_99b1_e2b3ad86c2eb 0 3 {"id": "record-3"}
2025-07-31 17:01:30,122 INFO  [io.api.tes.ser.api.KafkaSerdesTester] (Thread-648) topic-dac43f06_44fd_478d_99b1_e2b3ad86c2eb 0 4 {"value": 4}
2025-07-31 17:01:30,122 INFO  [io.api.tes.ser.api.KafkaSerdesTester] (Thread-648) topic-dac43f06_44fd_478d_99b1_e2b3ad86c2eb 0 5 {"active": false}
2025-07-31 17:01:30,122 INFO  [io.api.tes.ser.api.KafkaSerdesTester] (Thread-648) topic-dac43f06_44fd_478d_99b1_e2b3ad86c2eb 0 6 {"id": "record-6"}
2025-07-31 17:01:30,122 INFO  [io.api.tes.ser.api.KafkaSerdesTester] (Thread-648) topic-dac43f06_44fd_478d_99b1_e2b3ad86c2eb 0 7 {"value": 7}
2025-07-31 17:01:30,122 INFO  [io.api.tes.ser.api.KafkaSerdesTester] (Thread-648) topic-dac43f06_44fd_478d_99b1_e2b3ad86c2eb 0 8 {"active": true}
2025-07-31 17:01:30,123 INFO  [io.api.tes.ser.api.KafkaSerdesTester] (Thread-648) topic-dac43f06_44fd_478d_99b1_e2b3ad86c2eb 0 9 {"id": "record-9"}
2025-07-31 17:01:30,123 INFO  [io.api.tes.ser.api.KafkaSerdesTester] (Thread-648) Consumed 10 messages
2025-07-31 17:01:30,126 INFO  [org.apa.kaf.cli.con.int.ConsumerRebalanceListenerInvoker] (Thread-648) [Consumer clientId=consumer-Consumer-topic-dac43f06_44fd_478d_99b1_e2b3ad86c2eb-8, groupId=Consumer-topic-dac43f06_44fd_478d_99b1_e2b3ad86c2eb] Revoke previously assigned partitions topic-dac43f06_44fd_478d_99b1_e2b3ad86c2eb-0
2025-07-31 17:01:30,126 INFO  [org.apa.kaf.cli.con.int.ConsumerCoordinator] (Thread-648) [Consumer clientId=consumer-Consumer-topic-dac43f06_44fd_478d_99b1_e2b3ad86c2eb-8, groupId=Consumer-topic-dac43f06_44fd_478d_99b1_e2b3ad86c2eb] Member consumer-Consumer-topic-dac43f06_44fd_478d_99b1_e2b3ad86c2eb-8-1e950f1b-ee10-4a4e-91b0-518085402894 sending LeaveGroup request to coordinator localhost:32770 (id: 2147483647 rack: null) due to the consumer is being closed
2025-07-31 17:01:30,126 INFO  [org.apa.kaf.cli.con.int.ConsumerCoordinator] (Thread-648) [Consumer clientId=consumer-Consumer-topic-dac43f06_44fd_478d_99b1_e2b3ad86c2eb-8, groupId=Consumer-topic-dac43f06_44fd_478d_99b1_e2b3ad86c2eb] Resetting generation and member id due to: consumer pro-actively leaving the group
2025-07-31 17:01:30,126 INFO  [org.apa.kaf.cli.con.int.ConsumerCoordinator] (Thread-648) [Consumer clientId=consumer-Consumer-topic-dac43f06_44fd_478d_99b1_e2b3ad86c2eb-8, groupId=Consumer-topic-dac43f06_44fd_478d_99b1_e2b3ad86c2eb] Request joining group due to: consumer pro-actively leaving the group
2025-07-31 17:01:30,627 INFO  [org.apa.kaf.com.met.Metrics] (Thread-648) Metrics scheduler closed
2025-07-31 17:01:30,627 INFO  [org.apa.kaf.com.met.Metrics] (Thread-648) Closing reporter org.apache.kafka.common.metrics.JmxReporter
2025-07-31 17:01:30,627 INFO  [org.apa.kaf.com.met.Metrics] (Thread-648) Closing reporter org.apache.kafka.common.telemetry.internals.ClientTelemetryReporter
2025-07-31 17:01:30,627 INFO  [org.apa.kaf.com.met.Metrics] (Thread-648) Metrics reporters closed
2025-07-31 17:01:30,630 INFO  [org.apa.kaf.com.uti.AppInfoParser] (Thread-648) App info kafka.consumer for consumer-Consumer-topic-dac43f06_44fd_478d_99b1_e2b3ad86c2eb-8 unregistered
2025-07-31 17:01:30,631 INFO  [io.api.tes.uti.TestSeparator] (main) io.apicurio.tests.serdes.apicurio.AvroSerdeIT.testAvroUnionWithSpecificReader-FINISHED
2025-07-31 17:01:30,631 INFO  [io.api.tes.uti.TestSeparator] (main) ############################################################################
Test passed: testAvroUnionWithSpecificReader
]]></system-out>
  </testcase>
  <testcase name="testEvolveAvroApicurioReusingClient" classname="io.apicurio.tests.serdes.apicurio.AvroSerdeIT" time="4.043">
    <system-out><![CDATA[2025-07-31 17:01:30,633 INFO  [io.api.tes.uti.TestSeparator] (main) ############################################################################
2025-07-31 17:01:30,633 INFO  [io.api.tes.uti.TestSeparator] (main) io.apicurio.tests.serdes.apicurio.AvroSerdeIT.testEvolveAvroApicurioReusingClient-STARTED
2025-07-31 17:01:30,634 INFO  [io.api.tes.ser.api.AvroSerdeIT] (main) Registering Avro Schema: {"type":"record","name":"s8f492149x65acx42d7xbd99xe4ae90ef56a2","namespace":"ns_8d18c92e_1d2f_4656_9018_0ae041eda677","fields":[{"name":"key11753981290634","type":"string"}]}
**** Registry Base URL: http://registry-app-postgresql.apps.ci419.apicurio-testing.org:80
2025-07-31 17:01:31,682 INFO  [org.apa.kaf.cli.pro.ProducerConfig] (main) ProducerConfig values: 
	acks = -1
	auto.include.jmx.reporter = true
	batch.size = 16384
	bootstrap.servers = [PLAINTEXT://localhost:32770]
	buffer.memory = 33554432
	client.dns.lookup = use_all_dns_ips
	client.id = Producer-topic-d3eb8bdb_4e80_4431_9f30_3a50c2648b52
	compression.gzip.level = -1
	compression.lz4.level = 9
	compression.type = none
	compression.zstd.level = 3
	connections.max.idle.ms = 10000
	delivery.timeout.ms = 120000
	enable.idempotence = true
	enable.metrics.push = true
	interceptor.classes = []
	key.serializer = class org.apache.kafka.common.serialization.StringSerializer
	linger.ms = 0
	max.block.ms = 60000
	max.in.flight.requests.per.connection = 5
	max.request.size = 1048576
	metadata.max.age.ms = 300000
	metadata.max.idle.ms = 300000
	metadata.recovery.strategy = none
	metric.reporters = []
	metrics.num.samples = 2
	metrics.recording.level = INFO
	metrics.sample.window.ms = 30000
	partitioner.adaptive.partitioning.enable = true
	partitioner.availability.timeout.ms = 0
	partitioner.class = null
	partitioner.ignore.keys = false
	receive.buffer.bytes = 32768
	reconnect.backoff.max.ms = 1000
	reconnect.backoff.ms = 50
	request.timeout.ms = 5000
	retries = 2147483647
	retry.backoff.max.ms = 1000
	retry.backoff.ms = 100
	sasl.client.callback.handler.class = null
	sasl.jaas.config = null
	sasl.kerberos.kinit.cmd = /usr/bin/kinit
	sasl.kerberos.min.time.before.relogin = 60000
	sasl.kerberos.service.name = null
	sasl.kerberos.ticket.renew.jitter = 0.05
	sasl.kerberos.ticket.renew.window.factor = 0.8
	sasl.login.callback.handler.class = null
	sasl.login.class = null
	sasl.login.connect.timeout.ms = null
	sasl.login.read.timeout.ms = null
	sasl.login.refresh.buffer.seconds = 300
	sasl.login.refresh.min.period.seconds = 60
	sasl.login.refresh.window.factor = 0.8
	sasl.login.refresh.window.jitter = 0.05
	sasl.login.retry.backoff.max.ms = 10000
	sasl.login.retry.backoff.ms = 100
	sasl.mechanism = GSSAPI
	sasl.oauthbearer.clock.skew.seconds = 30
	sasl.oauthbearer.expected.audience = null
	sasl.oauthbearer.expected.issuer = null
	sasl.oauthbearer.header.urlencode = false
	sasl.oauthbearer.jwks.endpoint.refresh.ms = 3600000
	sasl.oauthbearer.jwks.endpoint.retry.backoff.max.ms = 10000
	sasl.oauthbearer.jwks.endpoint.retry.backoff.ms = 100
	sasl.oauthbearer.jwks.endpoint.url = null
	sasl.oauthbearer.scope.claim.name = scope
	sasl.oauthbearer.sub.claim.name = sub
	sasl.oauthbearer.token.endpoint.url = null
	security.protocol = PLAINTEXT
	security.providers = null
	send.buffer.bytes = 131072
	socket.connection.setup.timeout.max.ms = 30000
	socket.connection.setup.timeout.ms = 10000
	ssl.cipher.suites = null
	ssl.enabled.protocols = [TLSv1.2, TLSv1.3]
	ssl.endpoint.identification.algorithm = https
	ssl.engine.factory.class = null
	ssl.key.password = null
	ssl.keymanager.algorithm = SunX509
	ssl.keystore.certificate.chain = null
	ssl.keystore.key = null
	ssl.keystore.location = null
	ssl.keystore.password = null
	ssl.keystore.type = JKS
	ssl.protocol = TLSv1.3
	ssl.provider = null
	ssl.secure.random.implementation = null
	ssl.trustmanager.algorithm = PKIX
	ssl.truststore.certificates = null
	ssl.truststore.location = null
	ssl.truststore.password = null
	ssl.truststore.type = JKS
	transaction.timeout.ms = 60000
	transactional.id = null
	value.serializer = class io.apicurio.registry.serde.avro.AvroKafkaSerializer

2025-07-31 17:01:31,682 INFO  [org.apa.kaf.com.tel.int.KafkaMetricsCollector] (main) initializing Kafka metrics collector
2025-07-31 17:01:31,686 INFO  [org.apa.kaf.cli.pro.KafkaProducer] (main) [Producer clientId=Producer-topic-d3eb8bdb_4e80_4431_9f30_3a50c2648b52] Instantiated an idempotent producer.
2025-07-31 17:01:31,688 INFO  [org.apa.kaf.cli.pro.ProducerConfig] (main) These configurations '[apicurio.registry.url, apicurio.registry.artifact-resolver-strategy]' were supplied but are not used yet.
2025-07-31 17:01:31,688 INFO  [org.apa.kaf.com.uti.AppInfoParser] (main) Kafka version: 3.9.1
2025-07-31 17:01:31,688 INFO  [org.apa.kaf.com.uti.AppInfoParser] (main) Kafka commitId: f745dfdcee2b9851
2025-07-31 17:01:31,688 INFO  [org.apa.kaf.com.uti.AppInfoParser] (main) Kafka startTimeMs: 1753981291688
**** Registry Base URL: http://registry-app-postgresql.apps.ci419.apicurio-testing.org:80
2025-07-31 17:01:31,689 INFO  [org.apa.kaf.cli.con.ConsumerConfig] (main) ConsumerConfig values: 
	allow.auto.create.topics = true
	auto.commit.interval.ms = 500
	auto.include.jmx.reporter = true
	auto.offset.reset = earliest
	bootstrap.servers = [PLAINTEXT://localhost:32770]
	check.crcs = true
	client.dns.lookup = use_all_dns_ips
	client.id = consumer-Consumer-topic-d3eb8bdb_4e80_4431_9f30_3a50c2648b52-9
	client.rack = 
	connections.max.idle.ms = 10000
	default.api.timeout.ms = 60000
	enable.auto.commit = true
	enable.metrics.push = true
	exclude.internal.topics = true
	fetch.max.bytes = 52428800
	fetch.max.wait.ms = 500
	fetch.min.bytes = 1
	group.id = Consumer-topic-d3eb8bdb_4e80_4431_9f30_3a50c2648b52
	group.instance.id = null
	group.protocol = classic
	group.remote.assignor = null
	heartbeat.interval.ms = 3000
	interceptor.classes = []
	internal.leave.group.on.close = true
	internal.throw.on.fetch.stable.offset.unsupported = false
	isolation.level = read_uncommitted
	key.deserializer = class org.apache.kafka.common.serialization.StringDeserializer
	max.partition.fetch.bytes = 1048576
	max.poll.interval.ms = 300000
	max.poll.records = 500
	metadata.max.age.ms = 300000
	metadata.recovery.strategy = none
	metric.reporters = []
	metrics.num.samples = 2
	metrics.recording.level = INFO
	metrics.sample.window.ms = 30000
	partition.assignment.strategy = [class org.apache.kafka.clients.consumer.RangeAssignor, class org.apache.kafka.clients.consumer.CooperativeStickyAssignor]
	receive.buffer.bytes = 65536
	reconnect.backoff.max.ms = 1000
	reconnect.backoff.ms = 50
	request.timeout.ms = 5000
	retry.backoff.max.ms = 1000
	retry.backoff.ms = 100
	sasl.client.callback.handler.class = null
	sasl.jaas.config = null
	sasl.kerberos.kinit.cmd = /usr/bin/kinit
	sasl.kerberos.min.time.before.relogin = 60000
	sasl.kerberos.service.name = null
	sasl.kerberos.ticket.renew.jitter = 0.05
	sasl.kerberos.ticket.renew.window.factor = 0.8
	sasl.login.callback.handler.class = null
	sasl.login.class = null
	sasl.login.connect.timeout.ms = null
	sasl.login.read.timeout.ms = null
	sasl.login.refresh.buffer.seconds = 300
	sasl.login.refresh.min.period.seconds = 60
	sasl.login.refresh.window.factor = 0.8
	sasl.login.refresh.window.jitter = 0.05
	sasl.login.retry.backoff.max.ms = 10000
	sasl.login.retry.backoff.ms = 100
	sasl.mechanism = GSSAPI
	sasl.oauthbearer.clock.skew.seconds = 30
	sasl.oauthbearer.expected.audience = null
	sasl.oauthbearer.expected.issuer = null
	sasl.oauthbearer.header.urlencode = false
	sasl.oauthbearer.jwks.endpoint.refresh.ms = 3600000
	sasl.oauthbearer.jwks.endpoint.retry.backoff.max.ms = 10000
	sasl.oauthbearer.jwks.endpoint.retry.backoff.ms = 100
	sasl.oauthbearer.jwks.endpoint.url = null
	sasl.oauthbearer.scope.claim.name = scope
	sasl.oauthbearer.sub.claim.name = sub
	sasl.oauthbearer.token.endpoint.url = null
	security.protocol = PLAINTEXT
	security.providers = null
	send.buffer.bytes = 131072
	session.timeout.ms = 45000
	socket.connection.setup.timeout.max.ms = 30000
	socket.connection.setup.timeout.ms = 10000
	ssl.cipher.suites = null
	ssl.enabled.protocols = [TLSv1.2, TLSv1.3]
	ssl.endpoint.identification.algorithm = https
	ssl.engine.factory.class = null
	ssl.key.password = null
	ssl.keymanager.algorithm = SunX509
	ssl.keystore.certificate.chain = null
	ssl.keystore.key = null
	ssl.keystore.location = null
	ssl.keystore.password = null
	ssl.keystore.type = JKS
	ssl.protocol = TLSv1.3
	ssl.provider = null
	ssl.secure.random.implementation = null
	ssl.trustmanager.algorithm = PKIX
	ssl.truststore.certificates = null
	ssl.truststore.location = null
	ssl.truststore.password = null
	ssl.truststore.type = JKS
	value.deserializer = class io.apicurio.registry.serde.avro.AvroKafkaDeserializer

2025-07-31 17:01:31,690 INFO  [org.apa.kaf.com.tel.int.KafkaMetricsCollector] (main) initializing Kafka metrics collector
2025-07-31 17:01:31,696 INFO  [org.apa.kaf.cli.con.ConsumerConfig] (main) These configurations '[apicurio.registry.url]' were supplied but are not used yet.
2025-07-31 17:01:31,696 INFO  [org.apa.kaf.com.uti.AppInfoParser] (main) Kafka version: 3.9.1
2025-07-31 17:01:31,696 INFO  [org.apa.kaf.com.uti.AppInfoParser] (main) Kafka commitId: f745dfdcee2b9851
2025-07-31 17:01:31,696 INFO  [org.apa.kaf.com.uti.AppInfoParser] (main) Kafka startTimeMs: 1753981291696
2025-07-31 17:01:31,699 INFO  [io.api.tes.ser.api.KafkaSerdesTester] (Thread-653) Sending message {"key11753981290634": "value-0"} to topic topic-d3eb8bdb_4e80_4431_9f30_3a50c2648b52
2025-07-31 17:01:31,701 INFO  [org.apa.kaf.cli.Metadata] (kafka-producer-network-thread | Producer-topic-d3eb8bdb_4e80_4431_9f30_3a50c2648b52) [Producer clientId=Producer-topic-d3eb8bdb_4e80_4431_9f30_3a50c2648b52] Cluster ID: alGoLOtfQj2F2-zKWHmvbA
2025-07-31 17:01:31,704 INFO  [DefaultSchemaResolver] (Thread-653) Retrieving schema content using string: {"type":"record","name":"s8f492149x65acx42d7xbd99xe4ae90ef56a2","namespace":"ns_8d18c92e_1d2f_4656_9018_0ae041eda677","fields":[{"name":"key11753981290634","type":"string"}]}
2025-07-31 17:01:31,705 INFO  [org.apa.kaf.cli.pro.int.TransactionManager] (kafka-producer-network-thread | Producer-topic-d3eb8bdb_4e80_4431_9f30_3a50c2648b52) [Producer clientId=Producer-topic-d3eb8bdb_4e80_4431_9f30_3a50c2648b52] ProducerId set to 11 with epoch 0
2025-07-31 17:01:31,737 INFO  [io.api.tes.ser.api.KafkaSerdesTester] (Thread-653) Sending message {"key11753981290634": "value-1"} to topic topic-d3eb8bdb_4e80_4431_9f30_3a50c2648b52
2025-07-31 17:01:31,740 INFO  [io.api.tes.ser.api.KafkaSerdesTester] (Thread-653) Sending message {"key11753981290634": "value-2"} to topic topic-d3eb8bdb_4e80_4431_9f30_3a50c2648b52
2025-07-31 17:01:31,743 INFO  [io.api.tes.ser.api.KafkaSerdesTester] (Thread-653) Sending message {"key11753981290634": "value-3"} to topic topic-d3eb8bdb_4e80_4431_9f30_3a50c2648b52
2025-07-31 17:01:31,745 INFO  [io.api.tes.ser.api.KafkaSerdesTester] (Thread-653) Sending message {"key11753981290634": "value-4"} to topic topic-d3eb8bdb_4e80_4431_9f30_3a50c2648b52
2025-07-31 17:01:31,749 INFO  [io.api.tes.ser.api.KafkaSerdesTester] (Thread-653) Sending message {"key11753981290634": "value-5"} to topic topic-d3eb8bdb_4e80_4431_9f30_3a50c2648b52
2025-07-31 17:01:31,752 INFO  [io.api.tes.ser.api.KafkaSerdesTester] (Thread-653) Sending message {"key11753981290634": "value-6"} to topic topic-d3eb8bdb_4e80_4431_9f30_3a50c2648b52
2025-07-31 17:01:31,754 INFO  [io.api.tes.ser.api.KafkaSerdesTester] (Thread-653) Sending message {"key11753981290634": "value-7"} to topic topic-d3eb8bdb_4e80_4431_9f30_3a50c2648b52
2025-07-31 17:01:31,756 INFO  [io.api.tes.ser.api.KafkaSerdesTester] (Thread-653) Sending message {"key11753981290634": "value-8"} to topic topic-d3eb8bdb_4e80_4431_9f30_3a50c2648b52
2025-07-31 17:01:31,758 INFO  [io.api.tes.ser.api.KafkaSerdesTester] (Thread-653) Sending message {"key11753981290634": "value-9"} to topic topic-d3eb8bdb_4e80_4431_9f30_3a50c2648b52
2025-07-31 17:01:31,760 INFO  [io.api.tes.ser.api.KafkaSerdesTester] (Thread-653) Produced 10 messages
2025-07-31 17:01:31,761 INFO  [org.apa.kaf.cli.con.int.ClassicKafkaConsumer] (Thread-654) [Consumer clientId=consumer-Consumer-topic-d3eb8bdb_4e80_4431_9f30_3a50c2648b52-9, groupId=Consumer-topic-d3eb8bdb_4e80_4431_9f30_3a50c2648b52] Subscribed to topic(s): topic-d3eb8bdb_4e80_4431_9f30_3a50c2648b52
2025-07-31 17:01:31,766 INFO  [org.apa.kaf.cli.Metadata] (Thread-654) [Consumer clientId=consumer-Consumer-topic-d3eb8bdb_4e80_4431_9f30_3a50c2648b52-9, groupId=Consumer-topic-d3eb8bdb_4e80_4431_9f30_3a50c2648b52] Cluster ID: alGoLOtfQj2F2-zKWHmvbA
2025-07-31 17:01:31,768 INFO  [org.apa.kaf.cli.con.int.ConsumerCoordinator] (Thread-654) [Consumer clientId=consumer-Consumer-topic-d3eb8bdb_4e80_4431_9f30_3a50c2648b52-9, groupId=Consumer-topic-d3eb8bdb_4e80_4431_9f30_3a50c2648b52] Discovered group coordinator localhost:32770 (id: 2147483647 rack: null)
2025-07-31 17:01:31,770 INFO  [org.apa.kaf.cli.con.int.ConsumerCoordinator] (Thread-654) [Consumer clientId=consumer-Consumer-topic-d3eb8bdb_4e80_4431_9f30_3a50c2648b52-9, groupId=Consumer-topic-d3eb8bdb_4e80_4431_9f30_3a50c2648b52] (Re-)joining group
2025-07-31 17:01:31,773 INFO  [org.apa.kaf.cli.con.int.ConsumerCoordinator] (Thread-654) [Consumer clientId=consumer-Consumer-topic-d3eb8bdb_4e80_4431_9f30_3a50c2648b52-9, groupId=Consumer-topic-d3eb8bdb_4e80_4431_9f30_3a50c2648b52] Request joining group due to: need to re-join with the given member-id: consumer-Consumer-topic-d3eb8bdb_4e80_4431_9f30_3a50c2648b52-9-2f95b4d6-5d82-4438-8539-7fae1d51ba9e
2025-07-31 17:01:31,773 INFO  [org.apa.kaf.cli.con.int.ConsumerCoordinator] (Thread-654) [Consumer clientId=consumer-Consumer-topic-d3eb8bdb_4e80_4431_9f30_3a50c2648b52-9, groupId=Consumer-topic-d3eb8bdb_4e80_4431_9f30_3a50c2648b52] (Re-)joining group
2025-07-31 17:01:31,776 INFO  [org.apa.kaf.cli.con.int.ConsumerCoordinator] (Thread-654) [Consumer clientId=consumer-Consumer-topic-d3eb8bdb_4e80_4431_9f30_3a50c2648b52-9, groupId=Consumer-topic-d3eb8bdb_4e80_4431_9f30_3a50c2648b52] Successfully joined group with generation Generation{generationId=1, memberId='consumer-Consumer-topic-d3eb8bdb_4e80_4431_9f30_3a50c2648b52-9-2f95b4d6-5d82-4438-8539-7fae1d51ba9e', protocol='range'}
2025-07-31 17:01:31,777 INFO  [org.apa.kaf.cli.con.int.ConsumerCoordinator] (Thread-654) [Consumer clientId=consumer-Consumer-topic-d3eb8bdb_4e80_4431_9f30_3a50c2648b52-9, groupId=Consumer-topic-d3eb8bdb_4e80_4431_9f30_3a50c2648b52] Finished assignment for group at generation 1: {consumer-Consumer-topic-d3eb8bdb_4e80_4431_9f30_3a50c2648b52-9-2f95b4d6-5d82-4438-8539-7fae1d51ba9e=Assignment(partitions=[topic-d3eb8bdb_4e80_4431_9f30_3a50c2648b52-0])}
2025-07-31 17:01:31,782 INFO  [org.apa.kaf.cli.con.int.ConsumerCoordinator] (Thread-654) [Consumer clientId=consumer-Consumer-topic-d3eb8bdb_4e80_4431_9f30_3a50c2648b52-9, groupId=Consumer-topic-d3eb8bdb_4e80_4431_9f30_3a50c2648b52] Successfully synced group in generation Generation{generationId=1, memberId='consumer-Consumer-topic-d3eb8bdb_4e80_4431_9f30_3a50c2648b52-9-2f95b4d6-5d82-4438-8539-7fae1d51ba9e', protocol='range'}
2025-07-31 17:01:31,782 INFO  [org.apa.kaf.cli.con.int.ConsumerCoordinator] (Thread-654) [Consumer clientId=consumer-Consumer-topic-d3eb8bdb_4e80_4431_9f30_3a50c2648b52-9, groupId=Consumer-topic-d3eb8bdb_4e80_4431_9f30_3a50c2648b52] Notifying assignor about the new Assignment(partitions=[topic-d3eb8bdb_4e80_4431_9f30_3a50c2648b52-0])
2025-07-31 17:01:31,782 INFO  [org.apa.kaf.cli.con.int.ConsumerRebalanceListenerInvoker] (Thread-654) [Consumer clientId=consumer-Consumer-topic-d3eb8bdb_4e80_4431_9f30_3a50c2648b52-9, groupId=Consumer-topic-d3eb8bdb_4e80_4431_9f30_3a50c2648b52] Adding newly assigned partitions: topic-d3eb8bdb_4e80_4431_9f30_3a50c2648b52-0
2025-07-31 17:01:31,783 INFO  [org.apa.kaf.cli.con.int.ConsumerCoordinator] (Thread-654) [Consumer clientId=consumer-Consumer-topic-d3eb8bdb_4e80_4431_9f30_3a50c2648b52-9, groupId=Consumer-topic-d3eb8bdb_4e80_4431_9f30_3a50c2648b52] Found no committed offset for partition topic-d3eb8bdb_4e80_4431_9f30_3a50c2648b52-0
2025-07-31 17:01:31,785 INFO  [org.apa.kaf.cli.con.int.SubscriptionState] (Thread-654) [Consumer clientId=consumer-Consumer-topic-d3eb8bdb_4e80_4431_9f30_3a50c2648b52-9, groupId=Consumer-topic-d3eb8bdb_4e80_4431_9f30_3a50c2648b52] Resetting offset for partition topic-d3eb8bdb_4e80_4431_9f30_3a50c2648b52-0 to position FetchPosition{offset=0, offsetEpoch=Optional.empty, currentLeader=LeaderAndEpoch{leader=Optional[localhost:32770 (id: 0 rack: null)], epoch=0}}.
2025-07-31 17:01:31,824 INFO  [io.api.tes.ser.api.KafkaSerdesTester] (Thread-654) topic-d3eb8bdb_4e80_4431_9f30_3a50c2648b52 0 0 {"key11753981290634": "value-0"}
2025-07-31 17:01:31,824 INFO  [io.api.tes.ser.api.KafkaSerdesTester] (Thread-654) topic-d3eb8bdb_4e80_4431_9f30_3a50c2648b52 0 1 {"key11753981290634": "value-1"}
2025-07-31 17:01:31,825 INFO  [io.api.tes.ser.api.KafkaSerdesTester] (Thread-654) topic-d3eb8bdb_4e80_4431_9f30_3a50c2648b52 0 2 {"key11753981290634": "value-2"}
2025-07-31 17:01:31,825 INFO  [io.api.tes.ser.api.KafkaSerdesTester] (Thread-654) topic-d3eb8bdb_4e80_4431_9f30_3a50c2648b52 0 3 {"key11753981290634": "value-3"}
2025-07-31 17:01:31,825 INFO  [io.api.tes.ser.api.KafkaSerdesTester] (Thread-654) topic-d3eb8bdb_4e80_4431_9f30_3a50c2648b52 0 4 {"key11753981290634": "value-4"}
2025-07-31 17:01:31,825 INFO  [io.api.tes.ser.api.KafkaSerdesTester] (Thread-654) topic-d3eb8bdb_4e80_4431_9f30_3a50c2648b52 0 5 {"key11753981290634": "value-5"}
2025-07-31 17:01:31,825 INFO  [io.api.tes.ser.api.KafkaSerdesTester] (Thread-654) topic-d3eb8bdb_4e80_4431_9f30_3a50c2648b52 0 6 {"key11753981290634": "value-6"}
2025-07-31 17:01:31,825 INFO  [io.api.tes.ser.api.KafkaSerdesTester] (Thread-654) topic-d3eb8bdb_4e80_4431_9f30_3a50c2648b52 0 7 {"key11753981290634": "value-7"}
2025-07-31 17:01:31,825 INFO  [io.api.tes.ser.api.KafkaSerdesTester] (Thread-654) topic-d3eb8bdb_4e80_4431_9f30_3a50c2648b52 0 8 {"key11753981290634": "value-8"}
2025-07-31 17:01:31,825 INFO  [io.api.tes.ser.api.KafkaSerdesTester] (Thread-654) topic-d3eb8bdb_4e80_4431_9f30_3a50c2648b52 0 9 {"key11753981290634": "value-9"}
2025-07-31 17:01:31,825 INFO  [io.api.tes.ser.api.KafkaSerdesTester] (Thread-654) Consumed 10 messages
2025-07-31 17:01:31,828 INFO  [io.api.tes.ser.api.AvroSerdeIT] (main) Registering Avro Schema 2: {"type":"record","name":"s8f492149x65acx42d7xbd99xe4ae90ef56a2","namespace":"ns_8d18c92e_1d2f_4656_9018_0ae041eda677","fields":[{"name":"key11753981290634","type":"string"},{"name":"key21753981291827","type":"string"}]}
2025-07-31 17:01:32,890 INFO  [io.api.tes.ser.api.KafkaSerdesTester] (Thread-655) Sending message {"key11753981290634": "value-0", "key21753981291827": "value-0"} to topic topic-d3eb8bdb_4e80_4431_9f30_3a50c2648b52
2025-07-31 17:01:32,890 INFO  [DefaultSchemaResolver] (Thread-655) Retrieving schema content using string: {"type":"record","name":"s8f492149x65acx42d7xbd99xe4ae90ef56a2","namespace":"ns_8d18c92e_1d2f_4656_9018_0ae041eda677","fields":[{"name":"key11753981290634","type":"string"},{"name":"key21753981291827","type":"string"}]}
2025-07-31 17:01:32,910 INFO  [io.api.tes.ser.api.KafkaSerdesTester] (Thread-655) Sending message {"key11753981290634": "value-1", "key21753981291827": "value-1"} to topic topic-d3eb8bdb_4e80_4431_9f30_3a50c2648b52
2025-07-31 17:01:32,912 INFO  [io.api.tes.ser.api.KafkaSerdesTester] (Thread-655) Sending message {"key11753981290634": "value-2", "key21753981291827": "value-2"} to topic topic-d3eb8bdb_4e80_4431_9f30_3a50c2648b52
2025-07-31 17:01:32,922 INFO  [io.api.tes.ser.api.KafkaSerdesTester] (Thread-655) Sending message {"key11753981290634": "value-3", "key21753981291827": "value-3"} to topic topic-d3eb8bdb_4e80_4431_9f30_3a50c2648b52
2025-07-31 17:01:32,929 INFO  [io.api.tes.ser.api.KafkaSerdesTester] (Thread-655) Sending message {"key11753981290634": "value-4", "key21753981291827": "value-4"} to topic topic-d3eb8bdb_4e80_4431_9f30_3a50c2648b52
2025-07-31 17:01:32,932 INFO  [io.api.tes.ser.api.KafkaSerdesTester] (Thread-655) Sending message {"key11753981290634": "value-5", "key21753981291827": "value-5"} to topic topic-d3eb8bdb_4e80_4431_9f30_3a50c2648b52
2025-07-31 17:01:32,934 INFO  [io.api.tes.ser.api.KafkaSerdesTester] (Thread-655) Sending message {"key11753981290634": "value-6", "key21753981291827": "value-6"} to topic topic-d3eb8bdb_4e80_4431_9f30_3a50c2648b52
2025-07-31 17:01:32,936 INFO  [io.api.tes.ser.api.KafkaSerdesTester] (Thread-655) Sending message {"key11753981290634": "value-7", "key21753981291827": "value-7"} to topic topic-d3eb8bdb_4e80_4431_9f30_3a50c2648b52
2025-07-31 17:01:32,937 INFO  [io.api.tes.ser.api.KafkaSerdesTester] (Thread-655) Sending message {"key11753981290634": "value-8", "key21753981291827": "value-8"} to topic topic-d3eb8bdb_4e80_4431_9f30_3a50c2648b52
2025-07-31 17:01:32,939 INFO  [io.api.tes.ser.api.KafkaSerdesTester] (Thread-655) Sending message {"key11753981290634": "value-9", "key21753981291827": "value-9"} to topic topic-d3eb8bdb_4e80_4431_9f30_3a50c2648b52
2025-07-31 17:01:32,940 INFO  [io.api.tes.ser.api.KafkaSerdesTester] (Thread-655) Produced 10 messages
2025-07-31 17:01:32,941 INFO  [io.api.tes.ser.api.KafkaSerdesTester] (Thread-656) Sending message {"key11753981290634": "value-0"} to topic topic-d3eb8bdb_4e80_4431_9f30_3a50c2648b52
2025-07-31 17:01:32,942 INFO  [io.api.tes.ser.api.KafkaSerdesTester] (Thread-656) Sending message {"key11753981290634": "value-1"} to topic topic-d3eb8bdb_4e80_4431_9f30_3a50c2648b52
2025-07-31 17:01:32,944 INFO  [io.api.tes.ser.api.KafkaSerdesTester] (Thread-656) Sending message {"key11753981290634": "value-2"} to topic topic-d3eb8bdb_4e80_4431_9f30_3a50c2648b52
2025-07-31 17:01:32,946 INFO  [io.api.tes.ser.api.KafkaSerdesTester] (Thread-656) Sending message {"key11753981290634": "value-3"} to topic topic-d3eb8bdb_4e80_4431_9f30_3a50c2648b52
2025-07-31 17:01:32,948 INFO  [io.api.tes.ser.api.KafkaSerdesTester] (Thread-656) Sending message {"key11753981290634": "value-4"} to topic topic-d3eb8bdb_4e80_4431_9f30_3a50c2648b52
2025-07-31 17:01:32,950 INFO  [io.api.tes.ser.api.KafkaSerdesTester] (Thread-656) Sending message {"key11753981290634": "value-5"} to topic topic-d3eb8bdb_4e80_4431_9f30_3a50c2648b52
2025-07-31 17:01:32,952 INFO  [io.api.tes.ser.api.KafkaSerdesTester] (Thread-656) Sending message {"key11753981290634": "value-6"} to topic topic-d3eb8bdb_4e80_4431_9f30_3a50c2648b52
2025-07-31 17:01:32,956 INFO  [io.api.tes.ser.api.KafkaSerdesTester] (Thread-656) Sending message {"key11753981290634": "value-7"} to topic topic-d3eb8bdb_4e80_4431_9f30_3a50c2648b52
2025-07-31 17:01:32,958 INFO  [io.api.tes.ser.api.KafkaSerdesTester] (Thread-656) Sending message {"key11753981290634": "value-8"} to topic topic-d3eb8bdb_4e80_4431_9f30_3a50c2648b52
2025-07-31 17:01:32,963 INFO  [io.api.tes.ser.api.KafkaSerdesTester] (Thread-656) Sending message {"key11753981290634": "value-9"} to topic topic-d3eb8bdb_4e80_4431_9f30_3a50c2648b52
2025-07-31 17:01:32,965 INFO  [io.api.tes.ser.api.KafkaSerdesTester] (Thread-656) Produced 10 messages
2025-07-31 17:01:32,966 INFO  [org.apa.kaf.cli.con.int.ClassicKafkaConsumer] (Thread-657) [Consumer clientId=consumer-Consumer-topic-d3eb8bdb_4e80_4431_9f30_3a50c2648b52-9, groupId=Consumer-topic-d3eb8bdb_4e80_4431_9f30_3a50c2648b52] Subscribed to topic(s): topic-d3eb8bdb_4e80_4431_9f30_3a50c2648b52
2025-07-31 17:01:32,999 INFO  [io.api.tes.ser.api.KafkaSerdesTester] (Thread-657) topic-d3eb8bdb_4e80_4431_9f30_3a50c2648b52 0 10 {"key11753981290634": "value-0", "key21753981291827": "value-0"}
2025-07-31 17:01:33,000 INFO  [io.api.tes.ser.api.KafkaSerdesTester] (Thread-657) topic-d3eb8bdb_4e80_4431_9f30_3a50c2648b52 0 11 {"key11753981290634": "value-1", "key21753981291827": "value-1"}
2025-07-31 17:01:33,000 INFO  [io.api.tes.ser.api.KafkaSerdesTester] (Thread-657) topic-d3eb8bdb_4e80_4431_9f30_3a50c2648b52 0 12 {"key11753981290634": "value-2", "key21753981291827": "value-2"}
2025-07-31 17:01:33,000 INFO  [io.api.tes.ser.api.KafkaSerdesTester] (Thread-657) topic-d3eb8bdb_4e80_4431_9f30_3a50c2648b52 0 13 {"key11753981290634": "value-3", "key21753981291827": "value-3"}
2025-07-31 17:01:33,000 INFO  [io.api.tes.ser.api.KafkaSerdesTester] (Thread-657) topic-d3eb8bdb_4e80_4431_9f30_3a50c2648b52 0 14 {"key11753981290634": "value-4", "key21753981291827": "value-4"}
2025-07-31 17:01:33,000 INFO  [io.api.tes.ser.api.KafkaSerdesTester] (Thread-657) topic-d3eb8bdb_4e80_4431_9f30_3a50c2648b52 0 15 {"key11753981290634": "value-5", "key21753981291827": "value-5"}
2025-07-31 17:01:33,000 INFO  [io.api.tes.ser.api.KafkaSerdesTester] (Thread-657) topic-d3eb8bdb_4e80_4431_9f30_3a50c2648b52 0 16 {"key11753981290634": "value-6", "key21753981291827": "value-6"}
2025-07-31 17:01:33,000 INFO  [io.api.tes.ser.api.KafkaSerdesTester] (Thread-657) topic-d3eb8bdb_4e80_4431_9f30_3a50c2648b52 0 17 {"key11753981290634": "value-7", "key21753981291827": "value-7"}
2025-07-31 17:01:33,000 INFO  [io.api.tes.ser.api.KafkaSerdesTester] (Thread-657) topic-d3eb8bdb_4e80_4431_9f30_3a50c2648b52 0 18 {"key11753981290634": "value-8", "key21753981291827": "value-8"}
2025-07-31 17:01:33,000 INFO  [io.api.tes.ser.api.KafkaSerdesTester] (Thread-657) topic-d3eb8bdb_4e80_4431_9f30_3a50c2648b52 0 19 {"key11753981290634": "value-9", "key21753981291827": "value-9"}
2025-07-31 17:01:33,000 INFO  [io.api.tes.ser.api.KafkaSerdesTester] (Thread-657) topic-d3eb8bdb_4e80_4431_9f30_3a50c2648b52 0 20 {"key11753981290634": "value-0"}
2025-07-31 17:01:33,000 INFO  [io.api.tes.ser.api.KafkaSerdesTester] (Thread-657) topic-d3eb8bdb_4e80_4431_9f30_3a50c2648b52 0 21 {"key11753981290634": "value-1"}
2025-07-31 17:01:33,000 INFO  [io.api.tes.ser.api.KafkaSerdesTester] (Thread-657) topic-d3eb8bdb_4e80_4431_9f30_3a50c2648b52 0 22 {"key11753981290634": "value-2"}
2025-07-31 17:01:33,000 INFO  [io.api.tes.ser.api.KafkaSerdesTester] (Thread-657) topic-d3eb8bdb_4e80_4431_9f30_3a50c2648b52 0 23 {"key11753981290634": "value-3"}
2025-07-31 17:01:33,000 INFO  [io.api.tes.ser.api.KafkaSerdesTester] (Thread-657) topic-d3eb8bdb_4e80_4431_9f30_3a50c2648b52 0 24 {"key11753981290634": "value-4"}
2025-07-31 17:01:33,000 INFO  [io.api.tes.ser.api.KafkaSerdesTester] (Thread-657) topic-d3eb8bdb_4e80_4431_9f30_3a50c2648b52 0 25 {"key11753981290634": "value-5"}
2025-07-31 17:01:33,000 INFO  [io.api.tes.ser.api.KafkaSerdesTester] (Thread-657) topic-d3eb8bdb_4e80_4431_9f30_3a50c2648b52 0 26 {"key11753981290634": "value-6"}
2025-07-31 17:01:33,000 INFO  [io.api.tes.ser.api.KafkaSerdesTester] (Thread-657) topic-d3eb8bdb_4e80_4431_9f30_3a50c2648b52 0 27 {"key11753981290634": "value-7"}
2025-07-31 17:01:33,001 INFO  [io.api.tes.ser.api.KafkaSerdesTester] (Thread-657) topic-d3eb8bdb_4e80_4431_9f30_3a50c2648b52 0 28 {"key11753981290634": "value-8"}
2025-07-31 17:01:33,001 INFO  [io.api.tes.ser.api.KafkaSerdesTester] (Thread-657) topic-d3eb8bdb_4e80_4431_9f30_3a50c2648b52 0 29 {"key11753981290634": "value-9"}
2025-07-31 17:01:33,001 INFO  [io.api.tes.ser.api.KafkaSerdesTester] (Thread-657) Consumed 20 messages
2025-07-31 17:01:33,001 INFO  [io.api.tes.ser.api.AvroSerdeIT] (main) Registering Avro Schema 3: {"type":"record","name":"s8f492149x65acx42d7xbd99xe4ae90ef56a2","namespace":"ns_8d18c92e_1d2f_4656_9018_0ae041eda677","fields":[{"name":"key11753981290634","type":"string"},{"name":"key21753981291827","type":"string"},{"name":"key31753981293001","type":"string"}]}
2025-07-31 17:01:34,047 INFO  [io.api.tes.ser.api.KafkaSerdesTester] (Thread-658) Sending message {"key11753981290634": "value-0", "key21753981291827": "value-0", "key31753981293001": "value-0"} to topic topic-d3eb8bdb_4e80_4431_9f30_3a50c2648b52
2025-07-31 17:01:34,047 INFO  [DefaultSchemaResolver] (Thread-658) Retrieving schema content using string: {"type":"record","name":"s8f492149x65acx42d7xbd99xe4ae90ef56a2","namespace":"ns_8d18c92e_1d2f_4656_9018_0ae041eda677","fields":[{"name":"key11753981290634","type":"string"},{"name":"key21753981291827","type":"string"},{"name":"key31753981293001","type":"string"}]}
2025-07-31 17:01:34,067 INFO  [io.api.tes.ser.api.KafkaSerdesTester] (Thread-658) Sending message {"key11753981290634": "value-1", "key21753981291827": "value-1", "key31753981293001": "value-1"} to topic topic-d3eb8bdb_4e80_4431_9f30_3a50c2648b52
2025-07-31 17:01:34,069 INFO  [io.api.tes.ser.api.KafkaSerdesTester] (Thread-658) Sending message {"key11753981290634": "value-2", "key21753981291827": "value-2", "key31753981293001": "value-2"} to topic topic-d3eb8bdb_4e80_4431_9f30_3a50c2648b52
2025-07-31 17:01:34,071 INFO  [io.api.tes.ser.api.KafkaSerdesTester] (Thread-658) Sending message {"key11753981290634": "value-3", "key21753981291827": "value-3", "key31753981293001": "value-3"} to topic topic-d3eb8bdb_4e80_4431_9f30_3a50c2648b52
2025-07-31 17:01:34,072 INFO  [io.api.tes.ser.api.KafkaSerdesTester] (Thread-658) Sending message {"key11753981290634": "value-4", "key21753981291827": "value-4", "key31753981293001": "value-4"} to topic topic-d3eb8bdb_4e80_4431_9f30_3a50c2648b52
2025-07-31 17:01:34,074 INFO  [io.api.tes.ser.api.KafkaSerdesTester] (Thread-658) Sending message {"key11753981290634": "value-5", "key21753981291827": "value-5", "key31753981293001": "value-5"} to topic topic-d3eb8bdb_4e80_4431_9f30_3a50c2648b52
2025-07-31 17:01:34,076 INFO  [io.api.tes.ser.api.KafkaSerdesTester] (Thread-658) Sending message {"key11753981290634": "value-6", "key21753981291827": "value-6", "key31753981293001": "value-6"} to topic topic-d3eb8bdb_4e80_4431_9f30_3a50c2648b52
2025-07-31 17:01:34,078 INFO  [io.api.tes.ser.api.KafkaSerdesTester] (Thread-658) Sending message {"key11753981290634": "value-7", "key21753981291827": "value-7", "key31753981293001": "value-7"} to topic topic-d3eb8bdb_4e80_4431_9f30_3a50c2648b52
2025-07-31 17:01:34,079 INFO  [io.api.tes.ser.api.KafkaSerdesTester] (Thread-658) Sending message {"key11753981290634": "value-8", "key21753981291827": "value-8", "key31753981293001": "value-8"} to topic topic-d3eb8bdb_4e80_4431_9f30_3a50c2648b52
2025-07-31 17:01:34,082 INFO  [io.api.tes.ser.api.KafkaSerdesTester] (Thread-658) Sending message {"key11753981290634": "value-9", "key21753981291827": "value-9", "key31753981293001": "value-9"} to topic topic-d3eb8bdb_4e80_4431_9f30_3a50c2648b52
2025-07-31 17:01:34,084 INFO  [io.api.tes.ser.api.KafkaSerdesTester] (Thread-658) Produced 10 messages
2025-07-31 17:01:34,085 INFO  [io.api.tes.ser.api.KafkaSerdesTester] (Thread-659) Sending message {"key11753981290634": "value-0", "key21753981291827": "value-0"} to topic topic-d3eb8bdb_4e80_4431_9f30_3a50c2648b52
2025-07-31 17:01:34,088 INFO  [io.api.tes.ser.api.KafkaSerdesTester] (Thread-659) Sending message {"key11753981290634": "value-1", "key21753981291827": "value-1"} to topic topic-d3eb8bdb_4e80_4431_9f30_3a50c2648b52
2025-07-31 17:01:34,090 INFO  [io.api.tes.ser.api.KafkaSerdesTester] (Thread-659) Sending message {"key11753981290634": "value-2", "key21753981291827": "value-2"} to topic topic-d3eb8bdb_4e80_4431_9f30_3a50c2648b52
2025-07-31 17:01:34,091 INFO  [io.api.tes.ser.api.KafkaSerdesTester] (Thread-659) Sending message {"key11753981290634": "value-3", "key21753981291827": "value-3"} to topic topic-d3eb8bdb_4e80_4431_9f30_3a50c2648b52
2025-07-31 17:01:34,093 INFO  [io.api.tes.ser.api.KafkaSerdesTester] (Thread-659) Sending message {"key11753981290634": "value-4", "key21753981291827": "value-4"} to topic topic-d3eb8bdb_4e80_4431_9f30_3a50c2648b52
2025-07-31 17:01:34,096 INFO  [io.api.tes.ser.api.KafkaSerdesTester] (Thread-659) Sending message {"key11753981290634": "value-5", "key21753981291827": "value-5"} to topic topic-d3eb8bdb_4e80_4431_9f30_3a50c2648b52
2025-07-31 17:01:34,099 INFO  [io.api.tes.ser.api.KafkaSerdesTester] (Thread-659) Sending message {"key11753981290634": "value-6", "key21753981291827": "value-6"} to topic topic-d3eb8bdb_4e80_4431_9f30_3a50c2648b52
2025-07-31 17:01:34,100 INFO  [io.api.tes.ser.api.KafkaSerdesTester] (Thread-659) Sending message {"key11753981290634": "value-7", "key21753981291827": "value-7"} to topic topic-d3eb8bdb_4e80_4431_9f30_3a50c2648b52
2025-07-31 17:01:34,104 INFO  [io.api.tes.ser.api.KafkaSerdesTester] (Thread-659) Sending message {"key11753981290634": "value-8", "key21753981291827": "value-8"} to topic topic-d3eb8bdb_4e80_4431_9f30_3a50c2648b52
2025-07-31 17:01:34,107 INFO  [io.api.tes.ser.api.KafkaSerdesTester] (Thread-659) Sending message {"key11753981290634": "value-9", "key21753981291827": "value-9"} to topic topic-d3eb8bdb_4e80_4431_9f30_3a50c2648b52
2025-07-31 17:01:34,108 INFO  [io.api.tes.ser.api.KafkaSerdesTester] (Thread-659) Produced 10 messages
2025-07-31 17:01:34,108 INFO  [io.api.tes.ser.api.KafkaSerdesTester] (Thread-660) Sending message {"key11753981290634": "value-0"} to topic topic-d3eb8bdb_4e80_4431_9f30_3a50c2648b52
2025-07-31 17:01:34,109 INFO  [io.api.tes.ser.api.KafkaSerdesTester] (Thread-660) Sending message {"key11753981290634": "value-1"} to topic topic-d3eb8bdb_4e80_4431_9f30_3a50c2648b52
2025-07-31 17:01:34,111 INFO  [io.api.tes.ser.api.KafkaSerdesTester] (Thread-660) Sending message {"key11753981290634": "value-2"} to topic topic-d3eb8bdb_4e80_4431_9f30_3a50c2648b52
2025-07-31 17:01:34,113 INFO  [io.api.tes.ser.api.KafkaSerdesTester] (Thread-660) Sending message {"key11753981290634": "value-3"} to topic topic-d3eb8bdb_4e80_4431_9f30_3a50c2648b52
2025-07-31 17:01:34,116 INFO  [io.api.tes.ser.api.KafkaSerdesTester] (Thread-660) Sending message {"key11753981290634": "value-4"} to topic topic-d3eb8bdb_4e80_4431_9f30_3a50c2648b52
2025-07-31 17:01:34,117 INFO  [io.api.tes.ser.api.KafkaSerdesTester] (Thread-660) Sending message {"key11753981290634": "value-5"} to topic topic-d3eb8bdb_4e80_4431_9f30_3a50c2648b52
2025-07-31 17:01:34,119 INFO  [io.api.tes.ser.api.KafkaSerdesTester] (Thread-660) Sending message {"key11753981290634": "value-6"} to topic topic-d3eb8bdb_4e80_4431_9f30_3a50c2648b52
2025-07-31 17:01:34,122 INFO  [io.api.tes.ser.api.KafkaSerdesTester] (Thread-660) Sending message {"key11753981290634": "value-7"} to topic topic-d3eb8bdb_4e80_4431_9f30_3a50c2648b52
2025-07-31 17:01:34,123 INFO  [io.api.tes.ser.api.KafkaSerdesTester] (Thread-660) Sending message {"key11753981290634": "value-8"} to topic topic-d3eb8bdb_4e80_4431_9f30_3a50c2648b52
2025-07-31 17:01:34,128 INFO  [io.api.tes.ser.api.KafkaSerdesTester] (Thread-660) Sending message {"key11753981290634": "value-9"} to topic topic-d3eb8bdb_4e80_4431_9f30_3a50c2648b52
2025-07-31 17:01:34,132 INFO  [io.api.tes.ser.api.KafkaSerdesTester] (Thread-660) Produced 10 messages
2025-07-31 17:01:34,134 INFO  [org.apa.kaf.cli.con.int.ClassicKafkaConsumer] (Thread-661) [Consumer clientId=consumer-Consumer-topic-d3eb8bdb_4e80_4431_9f30_3a50c2648b52-9, groupId=Consumer-topic-d3eb8bdb_4e80_4431_9f30_3a50c2648b52] Subscribed to topic(s): topic-d3eb8bdb_4e80_4431_9f30_3a50c2648b52
2025-07-31 17:01:34,166 INFO  [io.api.tes.ser.api.KafkaSerdesTester] (Thread-661) topic-d3eb8bdb_4e80_4431_9f30_3a50c2648b52 0 30 {"key11753981290634": "value-0", "key21753981291827": "value-0", "key31753981293001": "value-0"}
2025-07-31 17:01:34,167 INFO  [io.api.tes.ser.api.KafkaSerdesTester] (Thread-661) topic-d3eb8bdb_4e80_4431_9f30_3a50c2648b52 0 31 {"key11753981290634": "value-1", "key21753981291827": "value-1", "key31753981293001": "value-1"}
2025-07-31 17:01:34,167 INFO  [io.api.tes.ser.api.KafkaSerdesTester] (Thread-661) topic-d3eb8bdb_4e80_4431_9f30_3a50c2648b52 0 32 {"key11753981290634": "value-2", "key21753981291827": "value-2", "key31753981293001": "value-2"}
2025-07-31 17:01:34,167 INFO  [io.api.tes.ser.api.KafkaSerdesTester] (Thread-661) topic-d3eb8bdb_4e80_4431_9f30_3a50c2648b52 0 33 {"key11753981290634": "value-3", "key21753981291827": "value-3", "key31753981293001": "value-3"}
2025-07-31 17:01:34,167 INFO  [io.api.tes.ser.api.KafkaSerdesTester] (Thread-661) topic-d3eb8bdb_4e80_4431_9f30_3a50c2648b52 0 34 {"key11753981290634": "value-4", "key21753981291827": "value-4", "key31753981293001": "value-4"}
2025-07-31 17:01:34,167 INFO  [io.api.tes.ser.api.KafkaSerdesTester] (Thread-661) topic-d3eb8bdb_4e80_4431_9f30_3a50c2648b52 0 35 {"key11753981290634": "value-5", "key21753981291827": "value-5", "key31753981293001": "value-5"}
2025-07-31 17:01:34,167 INFO  [io.api.tes.ser.api.KafkaSerdesTester] (Thread-661) topic-d3eb8bdb_4e80_4431_9f30_3a50c2648b52 0 36 {"key11753981290634": "value-6", "key21753981291827": "value-6", "key31753981293001": "value-6"}
2025-07-31 17:01:34,167 INFO  [io.api.tes.ser.api.KafkaSerdesTester] (Thread-661) topic-d3eb8bdb_4e80_4431_9f30_3a50c2648b52 0 37 {"key11753981290634": "value-7", "key21753981291827": "value-7", "key31753981293001": "value-7"}
2025-07-31 17:01:34,167 INFO  [io.api.tes.ser.api.KafkaSerdesTester] (Thread-661) topic-d3eb8bdb_4e80_4431_9f30_3a50c2648b52 0 38 {"key11753981290634": "value-8", "key21753981291827": "value-8", "key31753981293001": "value-8"}
2025-07-31 17:01:34,167 INFO  [io.api.tes.ser.api.KafkaSerdesTester] (Thread-661) topic-d3eb8bdb_4e80_4431_9f30_3a50c2648b52 0 39 {"key11753981290634": "value-9", "key21753981291827": "value-9", "key31753981293001": "value-9"}
2025-07-31 17:01:34,167 INFO  [io.api.tes.ser.api.KafkaSerdesTester] (Thread-661) topic-d3eb8bdb_4e80_4431_9f30_3a50c2648b52 0 40 {"key11753981290634": "value-0", "key21753981291827": "value-0"}
2025-07-31 17:01:34,167 INFO  [io.api.tes.ser.api.KafkaSerdesTester] (Thread-661) topic-d3eb8bdb_4e80_4431_9f30_3a50c2648b52 0 41 {"key11753981290634": "value-1", "key21753981291827": "value-1"}
2025-07-31 17:01:34,167 INFO  [io.api.tes.ser.api.KafkaSerdesTester] (Thread-661) topic-d3eb8bdb_4e80_4431_9f30_3a50c2648b52 0 42 {"key11753981290634": "value-2", "key21753981291827": "value-2"}
2025-07-31 17:01:34,167 INFO  [io.api.tes.ser.api.KafkaSerdesTester] (Thread-661) topic-d3eb8bdb_4e80_4431_9f30_3a50c2648b52 0 43 {"key11753981290634": "value-3", "key21753981291827": "value-3"}
2025-07-31 17:01:34,167 INFO  [io.api.tes.ser.api.KafkaSerdesTester] (Thread-661) topic-d3eb8bdb_4e80_4431_9f30_3a50c2648b52 0 44 {"key11753981290634": "value-4", "key21753981291827": "value-4"}
2025-07-31 17:01:34,167 INFO  [io.api.tes.ser.api.KafkaSerdesTester] (Thread-661) topic-d3eb8bdb_4e80_4431_9f30_3a50c2648b52 0 45 {"key11753981290634": "value-5", "key21753981291827": "value-5"}
2025-07-31 17:01:34,167 INFO  [io.api.tes.ser.api.KafkaSerdesTester] (Thread-661) topic-d3eb8bdb_4e80_4431_9f30_3a50c2648b52 0 46 {"key11753981290634": "value-6", "key21753981291827": "value-6"}
2025-07-31 17:01:34,168 INFO  [io.api.tes.ser.api.KafkaSerdesTester] (Thread-661) topic-d3eb8bdb_4e80_4431_9f30_3a50c2648b52 0 47 {"key11753981290634": "value-7", "key21753981291827": "value-7"}
2025-07-31 17:01:34,168 INFO  [io.api.tes.ser.api.KafkaSerdesTester] (Thread-661) topic-d3eb8bdb_4e80_4431_9f30_3a50c2648b52 0 48 {"key11753981290634": "value-8", "key21753981291827": "value-8"}
2025-07-31 17:01:34,168 INFO  [io.api.tes.ser.api.KafkaSerdesTester] (Thread-661) topic-d3eb8bdb_4e80_4431_9f30_3a50c2648b52 0 49 {"key11753981290634": "value-9", "key21753981291827": "value-9"}
2025-07-31 17:01:34,168 INFO  [io.api.tes.ser.api.KafkaSerdesTester] (Thread-661) topic-d3eb8bdb_4e80_4431_9f30_3a50c2648b52 0 50 {"key11753981290634": "value-0"}
2025-07-31 17:01:34,168 INFO  [io.api.tes.ser.api.KafkaSerdesTester] (Thread-661) topic-d3eb8bdb_4e80_4431_9f30_3a50c2648b52 0 51 {"key11753981290634": "value-1"}
2025-07-31 17:01:34,168 INFO  [io.api.tes.ser.api.KafkaSerdesTester] (Thread-661) topic-d3eb8bdb_4e80_4431_9f30_3a50c2648b52 0 52 {"key11753981290634": "value-2"}
2025-07-31 17:01:34,168 INFO  [io.api.tes.ser.api.KafkaSerdesTester] (Thread-661) topic-d3eb8bdb_4e80_4431_9f30_3a50c2648b52 0 53 {"key11753981290634": "value-3"}
2025-07-31 17:01:34,168 INFO  [io.api.tes.ser.api.KafkaSerdesTester] (Thread-661) topic-d3eb8bdb_4e80_4431_9f30_3a50c2648b52 0 54 {"key11753981290634": "value-4"}
2025-07-31 17:01:34,168 INFO  [io.api.tes.ser.api.KafkaSerdesTester] (Thread-661) topic-d3eb8bdb_4e80_4431_9f30_3a50c2648b52 0 55 {"key11753981290634": "value-5"}
2025-07-31 17:01:34,168 INFO  [io.api.tes.ser.api.KafkaSerdesTester] (Thread-661) topic-d3eb8bdb_4e80_4431_9f30_3a50c2648b52 0 56 {"key11753981290634": "value-6"}
2025-07-31 17:01:34,168 INFO  [io.api.tes.ser.api.KafkaSerdesTester] (Thread-661) topic-d3eb8bdb_4e80_4431_9f30_3a50c2648b52 0 57 {"key11753981290634": "value-7"}
2025-07-31 17:01:34,168 INFO  [io.api.tes.ser.api.KafkaSerdesTester] (Thread-661) topic-d3eb8bdb_4e80_4431_9f30_3a50c2648b52 0 58 {"key11753981290634": "value-8"}
2025-07-31 17:01:34,168 INFO  [io.api.tes.ser.api.KafkaSerdesTester] (Thread-661) topic-d3eb8bdb_4e80_4431_9f30_3a50c2648b52 0 59 {"key11753981290634": "value-9"}
2025-07-31 17:01:34,168 INFO  [io.api.tes.ser.api.KafkaSerdesTester] (Thread-661) Consumed 30 messages
2025-07-31 17:01:34,168 INFO  [org.apa.kaf.cli.pro.KafkaProducer] (main) [Producer clientId=Producer-topic-d3eb8bdb_4e80_4431_9f30_3a50c2648b52] Closing the Kafka producer with timeoutMillis = 9223372036854775807 ms.
2025-07-31 17:01:34,173 INFO  [org.apa.kaf.com.met.Metrics] (main) Metrics scheduler closed
2025-07-31 17:01:34,173 INFO  [org.apa.kaf.com.met.Metrics] (main) Closing reporter org.apache.kafka.common.metrics.JmxReporter
2025-07-31 17:01:34,173 INFO  [org.apa.kaf.com.met.Metrics] (main) Closing reporter org.apache.kafka.common.telemetry.internals.ClientTelemetryReporter
2025-07-31 17:01:34,173 INFO  [org.apa.kaf.com.met.Metrics] (main) Metrics reporters closed
2025-07-31 17:01:34,173 INFO  [org.apa.kaf.com.uti.AppInfoParser] (main) App info kafka.producer for Producer-topic-d3eb8bdb_4e80_4431_9f30_3a50c2648b52 unregistered
2025-07-31 17:01:34,178 INFO  [org.apa.kaf.cli.con.int.ConsumerRebalanceListenerInvoker] (main) [Consumer clientId=consumer-Consumer-topic-d3eb8bdb_4e80_4431_9f30_3a50c2648b52-9, groupId=Consumer-topic-d3eb8bdb_4e80_4431_9f30_3a50c2648b52] Revoke previously assigned partitions topic-d3eb8bdb_4e80_4431_9f30_3a50c2648b52-0
2025-07-31 17:01:34,179 INFO  [org.apa.kaf.cli.con.int.ConsumerCoordinator] (main) [Consumer clientId=consumer-Consumer-topic-d3eb8bdb_4e80_4431_9f30_3a50c2648b52-9, groupId=Consumer-topic-d3eb8bdb_4e80_4431_9f30_3a50c2648b52] Member consumer-Consumer-topic-d3eb8bdb_4e80_4431_9f30_3a50c2648b52-9-2f95b4d6-5d82-4438-8539-7fae1d51ba9e sending LeaveGroup request to coordinator localhost:32770 (id: 2147483647 rack: null) due to the consumer is being closed
2025-07-31 17:01:34,179 INFO  [org.apa.kaf.cli.con.int.ConsumerCoordinator] (main) [Consumer clientId=consumer-Consumer-topic-d3eb8bdb_4e80_4431_9f30_3a50c2648b52-9, groupId=Consumer-topic-d3eb8bdb_4e80_4431_9f30_3a50c2648b52] Resetting generation and member id due to: consumer pro-actively leaving the group
2025-07-31 17:01:34,179 INFO  [org.apa.kaf.cli.con.int.ConsumerCoordinator] (main) [Consumer clientId=consumer-Consumer-topic-d3eb8bdb_4e80_4431_9f30_3a50c2648b52-9, groupId=Consumer-topic-d3eb8bdb_4e80_4431_9f30_3a50c2648b52] Request joining group due to: consumer pro-actively leaving the group
2025-07-31 17:01:34,670 INFO  [org.apa.kaf.com.met.Metrics] (main) Metrics scheduler closed
2025-07-31 17:01:34,671 INFO  [org.apa.kaf.com.met.Metrics] (main) Closing reporter org.apache.kafka.common.metrics.JmxReporter
2025-07-31 17:01:34,671 INFO  [org.apa.kaf.com.met.Metrics] (main) Closing reporter org.apache.kafka.common.telemetry.internals.ClientTelemetryReporter
2025-07-31 17:01:34,671 INFO  [org.apa.kaf.com.met.Metrics] (main) Metrics reporters closed
2025-07-31 17:01:34,674 INFO  [org.apa.kaf.com.uti.AppInfoParser] (main) App info kafka.consumer for consumer-Consumer-topic-d3eb8bdb_4e80_4431_9f30_3a50c2648b52-9 unregistered
2025-07-31 17:01:34,674 INFO  [io.api.tes.uti.TestSeparator] (main) io.apicurio.tests.serdes.apicurio.AvroSerdeIT.testEvolveAvroApicurioReusingClient-FINISHED
2025-07-31 17:01:34,674 INFO  [io.api.tes.uti.TestSeparator] (main) ############################################################################
Test passed: testEvolveAvroApicurioReusingClient
]]></system-out>
  </testcase>
  <testcase name="testProducerUsesDefaultConsumerUsesGlobalId" classname="io.apicurio.tests.serdes.apicurio.AvroSerdeIT" time="0.0">
    <skipped message="void io.apicurio.tests.serdes.apicurio.AvroSerdeIT.testProducerUsesDefaultConsumerUsesGlobalId() throws java.lang.Exception is @Disabled"/>
  </testcase>
  <testcase name="testEvolveAvroApicurio" classname="io.apicurio.tests.serdes.apicurio.AvroSerdeIT" time="5.472">
    <system-out><![CDATA[2025-07-31 17:01:34,681 INFO  [io.api.tes.uti.TestSeparator] (main) ############################################################################
2025-07-31 17:01:34,681 INFO  [io.api.tes.uti.TestSeparator] (main) io.apicurio.tests.serdes.apicurio.AvroSerdeIT.testEvolveAvroApicurio-STARTED
2025-07-31 17:01:34,683 INFO  [io.api.tes.ser.api.AvroSerdeIT] (main) Registering Avro Schema: {"type":"record","name":"sdcc6d3baxd3d1x49b3xab97xe7787b0b59f7","namespace":"ns_1416185a_ad46_4a37_a3a1_601da7c1ae93","fields":[{"name":"key11753981294681","type":"string"}]}
**** Registry Base URL: http://registry-app-postgresql.apps.ci419.apicurio-testing.org:80
2025-07-31 17:01:35,732 INFO  [org.apa.kaf.cli.pro.ProducerConfig] (main) ProducerConfig values: 
	acks = -1
	auto.include.jmx.reporter = true
	batch.size = 16384
	bootstrap.servers = [PLAINTEXT://localhost:32770]
	buffer.memory = 33554432
	client.dns.lookup = use_all_dns_ips
	client.id = Producer-topic-9c7c8083_4976_4beb_81fe_46ef66e50be5
	compression.gzip.level = -1
	compression.lz4.level = 9
	compression.type = none
	compression.zstd.level = 3
	connections.max.idle.ms = 10000
	delivery.timeout.ms = 120000
	enable.idempotence = true
	enable.metrics.push = true
	interceptor.classes = []
	key.serializer = class org.apache.kafka.common.serialization.StringSerializer
	linger.ms = 0
	max.block.ms = 60000
	max.in.flight.requests.per.connection = 5
	max.request.size = 1048576
	metadata.max.age.ms = 300000
	metadata.max.idle.ms = 300000
	metadata.recovery.strategy = none
	metric.reporters = []
	metrics.num.samples = 2
	metrics.recording.level = INFO
	metrics.sample.window.ms = 30000
	partitioner.adaptive.partitioning.enable = true
	partitioner.availability.timeout.ms = 0
	partitioner.class = null
	partitioner.ignore.keys = false
	receive.buffer.bytes = 32768
	reconnect.backoff.max.ms = 1000
	reconnect.backoff.ms = 50
	request.timeout.ms = 5000
	retries = 2147483647
	retry.backoff.max.ms = 1000
	retry.backoff.ms = 100
	sasl.client.callback.handler.class = null
	sasl.jaas.config = null
	sasl.kerberos.kinit.cmd = /usr/bin/kinit
	sasl.kerberos.min.time.before.relogin = 60000
	sasl.kerberos.service.name = null
	sasl.kerberos.ticket.renew.jitter = 0.05
	sasl.kerberos.ticket.renew.window.factor = 0.8
	sasl.login.callback.handler.class = null
	sasl.login.class = null
	sasl.login.connect.timeout.ms = null
	sasl.login.read.timeout.ms = null
	sasl.login.refresh.buffer.seconds = 300
	sasl.login.refresh.min.period.seconds = 60
	sasl.login.refresh.window.factor = 0.8
	sasl.login.refresh.window.jitter = 0.05
	sasl.login.retry.backoff.max.ms = 10000
	sasl.login.retry.backoff.ms = 100
	sasl.mechanism = GSSAPI
	sasl.oauthbearer.clock.skew.seconds = 30
	sasl.oauthbearer.expected.audience = null
	sasl.oauthbearer.expected.issuer = null
	sasl.oauthbearer.header.urlencode = false
	sasl.oauthbearer.jwks.endpoint.refresh.ms = 3600000
	sasl.oauthbearer.jwks.endpoint.retry.backoff.max.ms = 10000
	sasl.oauthbearer.jwks.endpoint.retry.backoff.ms = 100
	sasl.oauthbearer.jwks.endpoint.url = null
	sasl.oauthbearer.scope.claim.name = scope
	sasl.oauthbearer.sub.claim.name = sub
	sasl.oauthbearer.token.endpoint.url = null
	security.protocol = PLAINTEXT
	security.providers = null
	send.buffer.bytes = 131072
	socket.connection.setup.timeout.max.ms = 30000
	socket.connection.setup.timeout.ms = 10000
	ssl.cipher.suites = null
	ssl.enabled.protocols = [TLSv1.2, TLSv1.3]
	ssl.endpoint.identification.algorithm = https
	ssl.engine.factory.class = null
	ssl.key.password = null
	ssl.keymanager.algorithm = SunX509
	ssl.keystore.certificate.chain = null
	ssl.keystore.key = null
	ssl.keystore.location = null
	ssl.keystore.password = null
	ssl.keystore.type = JKS
	ssl.protocol = TLSv1.3
	ssl.provider = null
	ssl.secure.random.implementation = null
	ssl.trustmanager.algorithm = PKIX
	ssl.truststore.certificates = null
	ssl.truststore.location = null
	ssl.truststore.password = null
	ssl.truststore.type = JKS
	transaction.timeout.ms = 60000
	transactional.id = null
	value.serializer = class io.apicurio.registry.serde.avro.AvroKafkaSerializer

2025-07-31 17:01:35,732 INFO  [org.apa.kaf.com.tel.int.KafkaMetricsCollector] (main) initializing Kafka metrics collector
2025-07-31 17:01:35,735 INFO  [org.apa.kaf.cli.pro.KafkaProducer] (main) [Producer clientId=Producer-topic-9c7c8083_4976_4beb_81fe_46ef66e50be5] Instantiated an idempotent producer.
2025-07-31 17:01:35,739 INFO  [org.apa.kaf.cli.pro.ProducerConfig] (main) These configurations '[apicurio.registry.url, apicurio.registry.artifact-resolver-strategy]' were supplied but are not used yet.
2025-07-31 17:01:35,739 INFO  [org.apa.kaf.com.uti.AppInfoParser] (main) Kafka version: 3.9.1
2025-07-31 17:01:35,739 INFO  [org.apa.kaf.com.uti.AppInfoParser] (main) Kafka commitId: f745dfdcee2b9851
2025-07-31 17:01:35,739 INFO  [org.apa.kaf.com.uti.AppInfoParser] (main) Kafka startTimeMs: 1753981295739
**** Registry Base URL: http://registry-app-postgresql.apps.ci419.apicurio-testing.org:80
2025-07-31 17:01:35,739 INFO  [org.apa.kaf.cli.con.ConsumerConfig] (main) ConsumerConfig values: 
	allow.auto.create.topics = true
	auto.commit.interval.ms = 500
	auto.include.jmx.reporter = true
	auto.offset.reset = earliest
	bootstrap.servers = [PLAINTEXT://localhost:32770]
	check.crcs = true
	client.dns.lookup = use_all_dns_ips
	client.id = consumer-Consumer-topic-9c7c8083_4976_4beb_81fe_46ef66e50be5-10
	client.rack = 
	connections.max.idle.ms = 10000
	default.api.timeout.ms = 60000
	enable.auto.commit = true
	enable.metrics.push = true
	exclude.internal.topics = true
	fetch.max.bytes = 52428800
	fetch.max.wait.ms = 500
	fetch.min.bytes = 1
	group.id = Consumer-topic-9c7c8083_4976_4beb_81fe_46ef66e50be5
	group.instance.id = null
	group.protocol = classic
	group.remote.assignor = null
	heartbeat.interval.ms = 3000
	interceptor.classes = []
	internal.leave.group.on.close = true
	internal.throw.on.fetch.stable.offset.unsupported = false
	isolation.level = read_uncommitted
	key.deserializer = class org.apache.kafka.common.serialization.StringDeserializer
	max.partition.fetch.bytes = 1048576
	max.poll.interval.ms = 300000
	max.poll.records = 500
	metadata.max.age.ms = 300000
	metadata.recovery.strategy = none
	metric.reporters = []
	metrics.num.samples = 2
	metrics.recording.level = INFO
	metrics.sample.window.ms = 30000
	partition.assignment.strategy = [class org.apache.kafka.clients.consumer.RangeAssignor, class org.apache.kafka.clients.consumer.CooperativeStickyAssignor]
	receive.buffer.bytes = 65536
	reconnect.backoff.max.ms = 1000
	reconnect.backoff.ms = 50
	request.timeout.ms = 5000
	retry.backoff.max.ms = 1000
	retry.backoff.ms = 100
	sasl.client.callback.handler.class = null
	sasl.jaas.config = null
	sasl.kerberos.kinit.cmd = /usr/bin/kinit
	sasl.kerberos.min.time.before.relogin = 60000
	sasl.kerberos.service.name = null
	sasl.kerberos.ticket.renew.jitter = 0.05
	sasl.kerberos.ticket.renew.window.factor = 0.8
	sasl.login.callback.handler.class = null
	sasl.login.class = null
	sasl.login.connect.timeout.ms = null
	sasl.login.read.timeout.ms = null
	sasl.login.refresh.buffer.seconds = 300
	sasl.login.refresh.min.period.seconds = 60
	sasl.login.refresh.window.factor = 0.8
	sasl.login.refresh.window.jitter = 0.05
	sasl.login.retry.backoff.max.ms = 10000
	sasl.login.retry.backoff.ms = 100
	sasl.mechanism = GSSAPI
	sasl.oauthbearer.clock.skew.seconds = 30
	sasl.oauthbearer.expected.audience = null
	sasl.oauthbearer.expected.issuer = null
	sasl.oauthbearer.header.urlencode = false
	sasl.oauthbearer.jwks.endpoint.refresh.ms = 3600000
	sasl.oauthbearer.jwks.endpoint.retry.backoff.max.ms = 10000
	sasl.oauthbearer.jwks.endpoint.retry.backoff.ms = 100
	sasl.oauthbearer.jwks.endpoint.url = null
	sasl.oauthbearer.scope.claim.name = scope
	sasl.oauthbearer.sub.claim.name = sub
	sasl.oauthbearer.token.endpoint.url = null
	security.protocol = PLAINTEXT
	security.providers = null
	send.buffer.bytes = 131072
	session.timeout.ms = 45000
	socket.connection.setup.timeout.max.ms = 30000
	socket.connection.setup.timeout.ms = 10000
	ssl.cipher.suites = null
	ssl.enabled.protocols = [TLSv1.2, TLSv1.3]
	ssl.endpoint.identification.algorithm = https
	ssl.engine.factory.class = null
	ssl.key.password = null
	ssl.keymanager.algorithm = SunX509
	ssl.keystore.certificate.chain = null
	ssl.keystore.key = null
	ssl.keystore.location = null
	ssl.keystore.password = null
	ssl.keystore.type = JKS
	ssl.protocol = TLSv1.3
	ssl.provider = null
	ssl.secure.random.implementation = null
	ssl.trustmanager.algorithm = PKIX
	ssl.truststore.certificates = null
	ssl.truststore.location = null
	ssl.truststore.password = null
	ssl.truststore.type = JKS
	value.deserializer = class io.apicurio.registry.serde.avro.AvroKafkaDeserializer

2025-07-31 17:01:35,740 INFO  [org.apa.kaf.com.tel.int.KafkaMetricsCollector] (main) initializing Kafka metrics collector
2025-07-31 17:01:35,747 INFO  [org.apa.kaf.cli.Metadata] (kafka-producer-network-thread | Producer-topic-9c7c8083_4976_4beb_81fe_46ef66e50be5) [Producer clientId=Producer-topic-9c7c8083_4976_4beb_81fe_46ef66e50be5] Cluster ID: alGoLOtfQj2F2-zKWHmvbA
2025-07-31 17:01:35,748 INFO  [org.apa.kaf.cli.pro.int.TransactionManager] (kafka-producer-network-thread | Producer-topic-9c7c8083_4976_4beb_81fe_46ef66e50be5) [Producer clientId=Producer-topic-9c7c8083_4976_4beb_81fe_46ef66e50be5] ProducerId set to 12 with epoch 0
2025-07-31 17:01:35,752 INFO  [org.apa.kaf.cli.con.ConsumerConfig] (main) These configurations '[apicurio.registry.url]' were supplied but are not used yet.
2025-07-31 17:01:35,752 INFO  [org.apa.kaf.com.uti.AppInfoParser] (main) Kafka version: 3.9.1
2025-07-31 17:01:35,752 INFO  [org.apa.kaf.com.uti.AppInfoParser] (main) Kafka commitId: f745dfdcee2b9851
2025-07-31 17:01:35,752 INFO  [org.apa.kaf.com.uti.AppInfoParser] (main) Kafka startTimeMs: 1753981295752
2025-07-31 17:01:35,753 INFO  [io.api.tes.ser.api.KafkaSerdesTester] (Thread-666) Sending message {"key11753981294681": "value-0"} to topic topic-9c7c8083_4976_4beb_81fe_46ef66e50be5
2025-07-31 17:01:35,764 INFO  [DefaultSchemaResolver] (Thread-666) Retrieving schema content using string: {"type":"record","name":"sdcc6d3baxd3d1x49b3xab97xe7787b0b59f7","namespace":"ns_1416185a_ad46_4a37_a3a1_601da7c1ae93","fields":[{"name":"key11753981294681","type":"string"}]}
2025-07-31 17:01:35,801 INFO  [io.api.tes.ser.api.KafkaSerdesTester] (Thread-666) Sending message {"key11753981294681": "value-1"} to topic topic-9c7c8083_4976_4beb_81fe_46ef66e50be5
2025-07-31 17:01:35,806 INFO  [io.api.tes.ser.api.KafkaSerdesTester] (Thread-666) Sending message {"key11753981294681": "value-2"} to topic topic-9c7c8083_4976_4beb_81fe_46ef66e50be5
2025-07-31 17:01:35,810 INFO  [io.api.tes.ser.api.KafkaSerdesTester] (Thread-666) Sending message {"key11753981294681": "value-3"} to topic topic-9c7c8083_4976_4beb_81fe_46ef66e50be5
2025-07-31 17:01:35,812 INFO  [io.api.tes.ser.api.KafkaSerdesTester] (Thread-666) Sending message {"key11753981294681": "value-4"} to topic topic-9c7c8083_4976_4beb_81fe_46ef66e50be5
2025-07-31 17:01:35,814 INFO  [io.api.tes.ser.api.KafkaSerdesTester] (Thread-666) Sending message {"key11753981294681": "value-5"} to topic topic-9c7c8083_4976_4beb_81fe_46ef66e50be5
2025-07-31 17:01:35,816 INFO  [io.api.tes.ser.api.KafkaSerdesTester] (Thread-666) Sending message {"key11753981294681": "value-6"} to topic topic-9c7c8083_4976_4beb_81fe_46ef66e50be5
2025-07-31 17:01:35,821 INFO  [io.api.tes.ser.api.KafkaSerdesTester] (Thread-666) Sending message {"key11753981294681": "value-7"} to topic topic-9c7c8083_4976_4beb_81fe_46ef66e50be5
2025-07-31 17:01:35,823 INFO  [io.api.tes.ser.api.KafkaSerdesTester] (Thread-666) Sending message {"key11753981294681": "value-8"} to topic topic-9c7c8083_4976_4beb_81fe_46ef66e50be5
2025-07-31 17:01:35,827 INFO  [io.api.tes.ser.api.KafkaSerdesTester] (Thread-666) Sending message {"key11753981294681": "value-9"} to topic topic-9c7c8083_4976_4beb_81fe_46ef66e50be5
2025-07-31 17:01:35,830 INFO  [io.api.tes.ser.api.KafkaSerdesTester] (Thread-666) Produced 10 messages
2025-07-31 17:01:35,830 INFO  [org.apa.kaf.cli.pro.KafkaProducer] (Thread-666) [Producer clientId=Producer-topic-9c7c8083_4976_4beb_81fe_46ef66e50be5] Closing the Kafka producer with timeoutMillis = 9223372036854775807 ms.
2025-07-31 17:01:35,833 INFO  [org.apa.kaf.com.met.Metrics] (Thread-666) Metrics scheduler closed
2025-07-31 17:01:35,833 INFO  [org.apa.kaf.com.met.Metrics] (Thread-666) Closing reporter org.apache.kafka.common.metrics.JmxReporter
2025-07-31 17:01:35,833 INFO  [org.apa.kaf.com.met.Metrics] (Thread-666) Closing reporter org.apache.kafka.common.telemetry.internals.ClientTelemetryReporter
2025-07-31 17:01:35,833 INFO  [org.apa.kaf.com.met.Metrics] (Thread-666) Metrics reporters closed
2025-07-31 17:01:35,833 INFO  [org.apa.kaf.com.uti.AppInfoParser] (Thread-666) App info kafka.producer for Producer-topic-9c7c8083_4976_4beb_81fe_46ef66e50be5 unregistered
2025-07-31 17:01:35,834 INFO  [org.apa.kaf.cli.con.int.ClassicKafkaConsumer] (Thread-667) [Consumer clientId=consumer-Consumer-topic-9c7c8083_4976_4beb_81fe_46ef66e50be5-10, groupId=Consumer-topic-9c7c8083_4976_4beb_81fe_46ef66e50be5] Subscribed to topic(s): topic-9c7c8083_4976_4beb_81fe_46ef66e50be5
2025-07-31 17:01:35,841 INFO  [org.apa.kaf.cli.Metadata] (Thread-667) [Consumer clientId=consumer-Consumer-topic-9c7c8083_4976_4beb_81fe_46ef66e50be5-10, groupId=Consumer-topic-9c7c8083_4976_4beb_81fe_46ef66e50be5] Cluster ID: alGoLOtfQj2F2-zKWHmvbA
2025-07-31 17:01:35,842 INFO  [org.apa.kaf.cli.con.int.ConsumerCoordinator] (Thread-667) [Consumer clientId=consumer-Consumer-topic-9c7c8083_4976_4beb_81fe_46ef66e50be5-10, groupId=Consumer-topic-9c7c8083_4976_4beb_81fe_46ef66e50be5] Discovered group coordinator localhost:32770 (id: 2147483647 rack: null)
2025-07-31 17:01:35,844 INFO  [org.apa.kaf.cli.con.int.ConsumerCoordinator] (Thread-667) [Consumer clientId=consumer-Consumer-topic-9c7c8083_4976_4beb_81fe_46ef66e50be5-10, groupId=Consumer-topic-9c7c8083_4976_4beb_81fe_46ef66e50be5] (Re-)joining group
2025-07-31 17:01:35,847 INFO  [org.apa.kaf.cli.con.int.ConsumerCoordinator] (Thread-667) [Consumer clientId=consumer-Consumer-topic-9c7c8083_4976_4beb_81fe_46ef66e50be5-10, groupId=Consumer-topic-9c7c8083_4976_4beb_81fe_46ef66e50be5] Request joining group due to: need to re-join with the given member-id: consumer-Consumer-topic-9c7c8083_4976_4beb_81fe_46ef66e50be5-10-b5834fee-6905-4f9e-9c78-4c6d6447095d
2025-07-31 17:01:35,847 INFO  [org.apa.kaf.cli.con.int.ConsumerCoordinator] (Thread-667) [Consumer clientId=consumer-Consumer-topic-9c7c8083_4976_4beb_81fe_46ef66e50be5-10, groupId=Consumer-topic-9c7c8083_4976_4beb_81fe_46ef66e50be5] (Re-)joining group
2025-07-31 17:01:35,851 INFO  [org.apa.kaf.cli.con.int.ConsumerCoordinator] (Thread-667) [Consumer clientId=consumer-Consumer-topic-9c7c8083_4976_4beb_81fe_46ef66e50be5-10, groupId=Consumer-topic-9c7c8083_4976_4beb_81fe_46ef66e50be5] Successfully joined group with generation Generation{generationId=1, memberId='consumer-Consumer-topic-9c7c8083_4976_4beb_81fe_46ef66e50be5-10-b5834fee-6905-4f9e-9c78-4c6d6447095d', protocol='range'}
2025-07-31 17:01:35,851 INFO  [org.apa.kaf.cli.con.int.ConsumerCoordinator] (Thread-667) [Consumer clientId=consumer-Consumer-topic-9c7c8083_4976_4beb_81fe_46ef66e50be5-10, groupId=Consumer-topic-9c7c8083_4976_4beb_81fe_46ef66e50be5] Finished assignment for group at generation 1: {consumer-Consumer-topic-9c7c8083_4976_4beb_81fe_46ef66e50be5-10-b5834fee-6905-4f9e-9c78-4c6d6447095d=Assignment(partitions=[topic-9c7c8083_4976_4beb_81fe_46ef66e50be5-0])}
2025-07-31 17:01:35,855 INFO  [org.apa.kaf.cli.con.int.ConsumerCoordinator] (kafka-coordinator-heartbeat-thread | Consumer-topic-9c7c8083_4976_4beb_81fe_46ef66e50be5) [Consumer clientId=consumer-Consumer-topic-9c7c8083_4976_4beb_81fe_46ef66e50be5-10, groupId=Consumer-topic-9c7c8083_4976_4beb_81fe_46ef66e50be5] Successfully synced group in generation Generation{generationId=1, memberId='consumer-Consumer-topic-9c7c8083_4976_4beb_81fe_46ef66e50be5-10-b5834fee-6905-4f9e-9c78-4c6d6447095d', protocol='range'}
2025-07-31 17:01:35,855 INFO  [org.apa.kaf.cli.con.int.ConsumerCoordinator] (Thread-667) [Consumer clientId=consumer-Consumer-topic-9c7c8083_4976_4beb_81fe_46ef66e50be5-10, groupId=Consumer-topic-9c7c8083_4976_4beb_81fe_46ef66e50be5] Notifying assignor about the new Assignment(partitions=[topic-9c7c8083_4976_4beb_81fe_46ef66e50be5-0])
2025-07-31 17:01:35,855 INFO  [org.apa.kaf.cli.con.int.ConsumerRebalanceListenerInvoker] (Thread-667) [Consumer clientId=consumer-Consumer-topic-9c7c8083_4976_4beb_81fe_46ef66e50be5-10, groupId=Consumer-topic-9c7c8083_4976_4beb_81fe_46ef66e50be5] Adding newly assigned partitions: topic-9c7c8083_4976_4beb_81fe_46ef66e50be5-0
2025-07-31 17:01:35,858 INFO  [org.apa.kaf.cli.con.int.ConsumerCoordinator] (Thread-667) [Consumer clientId=consumer-Consumer-topic-9c7c8083_4976_4beb_81fe_46ef66e50be5-10, groupId=Consumer-topic-9c7c8083_4976_4beb_81fe_46ef66e50be5] Found no committed offset for partition topic-9c7c8083_4976_4beb_81fe_46ef66e50be5-0
2025-07-31 17:01:35,865 INFO  [org.apa.kaf.cli.con.int.SubscriptionState] (Thread-667) [Consumer clientId=consumer-Consumer-topic-9c7c8083_4976_4beb_81fe_46ef66e50be5-10, groupId=Consumer-topic-9c7c8083_4976_4beb_81fe_46ef66e50be5] Resetting offset for partition topic-9c7c8083_4976_4beb_81fe_46ef66e50be5-0 to position FetchPosition{offset=0, offsetEpoch=Optional.empty, currentLeader=LeaderAndEpoch{leader=Optional[localhost:32770 (id: 0 rack: null)], epoch=0}}.
2025-07-31 17:01:35,899 INFO  [io.api.tes.ser.api.KafkaSerdesTester] (Thread-667) topic-9c7c8083_4976_4beb_81fe_46ef66e50be5 0 0 {"key11753981294681": "value-0"}
2025-07-31 17:01:35,899 INFO  [io.api.tes.ser.api.KafkaSerdesTester] (Thread-667) topic-9c7c8083_4976_4beb_81fe_46ef66e50be5 0 1 {"key11753981294681": "value-1"}
2025-07-31 17:01:35,899 INFO  [io.api.tes.ser.api.KafkaSerdesTester] (Thread-667) topic-9c7c8083_4976_4beb_81fe_46ef66e50be5 0 2 {"key11753981294681": "value-2"}
2025-07-31 17:01:35,899 INFO  [io.api.tes.ser.api.KafkaSerdesTester] (Thread-667) topic-9c7c8083_4976_4beb_81fe_46ef66e50be5 0 3 {"key11753981294681": "value-3"}
2025-07-31 17:01:35,899 INFO  [io.api.tes.ser.api.KafkaSerdesTester] (Thread-667) topic-9c7c8083_4976_4beb_81fe_46ef66e50be5 0 4 {"key11753981294681": "value-4"}
2025-07-31 17:01:35,899 INFO  [io.api.tes.ser.api.KafkaSerdesTester] (Thread-667) topic-9c7c8083_4976_4beb_81fe_46ef66e50be5 0 5 {"key11753981294681": "value-5"}
2025-07-31 17:01:35,899 INFO  [io.api.tes.ser.api.KafkaSerdesTester] (Thread-667) topic-9c7c8083_4976_4beb_81fe_46ef66e50be5 0 6 {"key11753981294681": "value-6"}
2025-07-31 17:01:35,899 INFO  [io.api.tes.ser.api.KafkaSerdesTester] (Thread-667) topic-9c7c8083_4976_4beb_81fe_46ef66e50be5 0 7 {"key11753981294681": "value-7"}
2025-07-31 17:01:35,899 INFO  [io.api.tes.ser.api.KafkaSerdesTester] (Thread-667) topic-9c7c8083_4976_4beb_81fe_46ef66e50be5 0 8 {"key11753981294681": "value-8"}
2025-07-31 17:01:35,899 INFO  [io.api.tes.ser.api.KafkaSerdesTester] (Thread-667) topic-9c7c8083_4976_4beb_81fe_46ef66e50be5 0 9 {"key11753981294681": "value-9"}
2025-07-31 17:01:35,899 INFO  [io.api.tes.ser.api.KafkaSerdesTester] (Thread-667) Consumed 10 messages
2025-07-31 17:01:35,902 INFO  [org.apa.kaf.cli.con.int.ConsumerRebalanceListenerInvoker] (Thread-667) [Consumer clientId=consumer-Consumer-topic-9c7c8083_4976_4beb_81fe_46ef66e50be5-10, groupId=Consumer-topic-9c7c8083_4976_4beb_81fe_46ef66e50be5] Revoke previously assigned partitions topic-9c7c8083_4976_4beb_81fe_46ef66e50be5-0
2025-07-31 17:01:35,902 INFO  [org.apa.kaf.cli.con.int.ConsumerCoordinator] (Thread-667) [Consumer clientId=consumer-Consumer-topic-9c7c8083_4976_4beb_81fe_46ef66e50be5-10, groupId=Consumer-topic-9c7c8083_4976_4beb_81fe_46ef66e50be5] Member consumer-Consumer-topic-9c7c8083_4976_4beb_81fe_46ef66e50be5-10-b5834fee-6905-4f9e-9c78-4c6d6447095d sending LeaveGroup request to coordinator localhost:32770 (id: 2147483647 rack: null) due to the consumer is being closed
2025-07-31 17:01:35,902 INFO  [org.apa.kaf.cli.con.int.ConsumerCoordinator] (Thread-667) [Consumer clientId=consumer-Consumer-topic-9c7c8083_4976_4beb_81fe_46ef66e50be5-10, groupId=Consumer-topic-9c7c8083_4976_4beb_81fe_46ef66e50be5] Resetting generation and member id due to: consumer pro-actively leaving the group
2025-07-31 17:01:35,903 INFO  [org.apa.kaf.cli.con.int.ConsumerCoordinator] (Thread-667) [Consumer clientId=consumer-Consumer-topic-9c7c8083_4976_4beb_81fe_46ef66e50be5-10, groupId=Consumer-topic-9c7c8083_4976_4beb_81fe_46ef66e50be5] Request joining group due to: consumer pro-actively leaving the group
2025-07-31 17:01:36,402 INFO  [org.apa.kaf.com.met.Metrics] (Thread-667) Metrics scheduler closed
2025-07-31 17:01:36,402 INFO  [org.apa.kaf.com.met.Metrics] (Thread-667) Closing reporter org.apache.kafka.common.metrics.JmxReporter
2025-07-31 17:01:36,402 INFO  [org.apa.kaf.com.met.Metrics] (Thread-667) Closing reporter org.apache.kafka.common.telemetry.internals.ClientTelemetryReporter
2025-07-31 17:01:36,402 INFO  [org.apa.kaf.com.met.Metrics] (Thread-667) Metrics reporters closed
2025-07-31 17:01:36,404 INFO  [org.apa.kaf.com.uti.AppInfoParser] (Thread-667) App info kafka.consumer for consumer-Consumer-topic-9c7c8083_4976_4beb_81fe_46ef66e50be5-10 unregistered
2025-07-31 17:01:36,405 INFO  [io.api.tes.ser.api.AvroSerdeIT] (main) Registering Avro Schema 2: {"type":"record","name":"sdcc6d3baxd3d1x49b3xab97xe7787b0b59f7","namespace":"ns_1416185a_ad46_4a37_a3a1_601da7c1ae93","fields":[{"name":"key11753981294681","type":"string"},{"name":"key21753981296405","type":"string"}]}
**** Registry Base URL: http://registry-app-postgresql.apps.ci419.apicurio-testing.org:80
2025-07-31 17:01:37,454 INFO  [org.apa.kaf.cli.pro.ProducerConfig] (main) ProducerConfig values: 
	acks = -1
	auto.include.jmx.reporter = true
	batch.size = 16384
	bootstrap.servers = [PLAINTEXT://localhost:32770]
	buffer.memory = 33554432
	client.dns.lookup = use_all_dns_ips
	client.id = Producer-topic-9c7c8083_4976_4beb_81fe_46ef66e50be5
	compression.gzip.level = -1
	compression.lz4.level = 9
	compression.type = none
	compression.zstd.level = 3
	connections.max.idle.ms = 10000
	delivery.timeout.ms = 120000
	enable.idempotence = true
	enable.metrics.push = true
	interceptor.classes = []
	key.serializer = class org.apache.kafka.common.serialization.StringSerializer
	linger.ms = 0
	max.block.ms = 60000
	max.in.flight.requests.per.connection = 5
	max.request.size = 1048576
	metadata.max.age.ms = 300000
	metadata.max.idle.ms = 300000
	metadata.recovery.strategy = none
	metric.reporters = []
	metrics.num.samples = 2
	metrics.recording.level = INFO
	metrics.sample.window.ms = 30000
	partitioner.adaptive.partitioning.enable = true
	partitioner.availability.timeout.ms = 0
	partitioner.class = null
	partitioner.ignore.keys = false
	receive.buffer.bytes = 32768
	reconnect.backoff.max.ms = 1000
	reconnect.backoff.ms = 50
	request.timeout.ms = 5000
	retries = 2147483647
	retry.backoff.max.ms = 1000
	retry.backoff.ms = 100
	sasl.client.callback.handler.class = null
	sasl.jaas.config = null
	sasl.kerberos.kinit.cmd = /usr/bin/kinit
	sasl.kerberos.min.time.before.relogin = 60000
	sasl.kerberos.service.name = null
	sasl.kerberos.ticket.renew.jitter = 0.05
	sasl.kerberos.ticket.renew.window.factor = 0.8
	sasl.login.callback.handler.class = null
	sasl.login.class = null
	sasl.login.connect.timeout.ms = null
	sasl.login.read.timeout.ms = null
	sasl.login.refresh.buffer.seconds = 300
	sasl.login.refresh.min.period.seconds = 60
	sasl.login.refresh.window.factor = 0.8
	sasl.login.refresh.window.jitter = 0.05
	sasl.login.retry.backoff.max.ms = 10000
	sasl.login.retry.backoff.ms = 100
	sasl.mechanism = GSSAPI
	sasl.oauthbearer.clock.skew.seconds = 30
	sasl.oauthbearer.expected.audience = null
	sasl.oauthbearer.expected.issuer = null
	sasl.oauthbearer.header.urlencode = false
	sasl.oauthbearer.jwks.endpoint.refresh.ms = 3600000
	sasl.oauthbearer.jwks.endpoint.retry.backoff.max.ms = 10000
	sasl.oauthbearer.jwks.endpoint.retry.backoff.ms = 100
	sasl.oauthbearer.jwks.endpoint.url = null
	sasl.oauthbearer.scope.claim.name = scope
	sasl.oauthbearer.sub.claim.name = sub
	sasl.oauthbearer.token.endpoint.url = null
	security.protocol = PLAINTEXT
	security.providers = null
	send.buffer.bytes = 131072
	socket.connection.setup.timeout.max.ms = 30000
	socket.connection.setup.timeout.ms = 10000
	ssl.cipher.suites = null
	ssl.enabled.protocols = [TLSv1.2, TLSv1.3]
	ssl.endpoint.identification.algorithm = https
	ssl.engine.factory.class = null
	ssl.key.password = null
	ssl.keymanager.algorithm = SunX509
	ssl.keystore.certificate.chain = null
	ssl.keystore.key = null
	ssl.keystore.location = null
	ssl.keystore.password = null
	ssl.keystore.type = JKS
	ssl.protocol = TLSv1.3
	ssl.provider = null
	ssl.secure.random.implementation = null
	ssl.trustmanager.algorithm = PKIX
	ssl.truststore.certificates = null
	ssl.truststore.location = null
	ssl.truststore.password = null
	ssl.truststore.type = JKS
	transaction.timeout.ms = 60000
	transactional.id = null
	value.serializer = class io.apicurio.registry.serde.avro.AvroKafkaSerializer

2025-07-31 17:01:37,454 INFO  [org.apa.kaf.com.tel.int.KafkaMetricsCollector] (main) initializing Kafka metrics collector
2025-07-31 17:01:37,457 INFO  [org.apa.kaf.cli.pro.KafkaProducer] (main) [Producer clientId=Producer-topic-9c7c8083_4976_4beb_81fe_46ef66e50be5] Instantiated an idempotent producer.
2025-07-31 17:01:37,459 INFO  [org.apa.kaf.cli.pro.ProducerConfig] (main) These configurations '[apicurio.registry.url, apicurio.registry.artifact-resolver-strategy]' were supplied but are not used yet.
2025-07-31 17:01:37,459 INFO  [org.apa.kaf.com.uti.AppInfoParser] (main) Kafka version: 3.9.1
2025-07-31 17:01:37,459 INFO  [org.apa.kaf.com.uti.AppInfoParser] (main) Kafka commitId: f745dfdcee2b9851
2025-07-31 17:01:37,459 INFO  [org.apa.kaf.com.uti.AppInfoParser] (main) Kafka startTimeMs: 1753981297459
2025-07-31 17:01:37,461 INFO  [io.api.tes.ser.api.KafkaSerdesTester] (Thread-670) Sending message {"key11753981294681": "value-0", "key21753981296405": "value-0"} to topic topic-9c7c8083_4976_4beb_81fe_46ef66e50be5
2025-07-31 17:01:37,465 INFO  [org.apa.kaf.cli.Metadata] (kafka-producer-network-thread | Producer-topic-9c7c8083_4976_4beb_81fe_46ef66e50be5) [Producer clientId=Producer-topic-9c7c8083_4976_4beb_81fe_46ef66e50be5] Cluster ID: alGoLOtfQj2F2-zKWHmvbA
2025-07-31 17:01:37,465 INFO  [DefaultSchemaResolver] (Thread-670) Retrieving schema content using string: {"type":"record","name":"sdcc6d3baxd3d1x49b3xab97xe7787b0b59f7","namespace":"ns_1416185a_ad46_4a37_a3a1_601da7c1ae93","fields":[{"name":"key11753981294681","type":"string"},{"name":"key21753981296405","type":"string"}]}
2025-07-31 17:01:37,467 INFO  [org.apa.kaf.cli.pro.int.TransactionManager] (kafka-producer-network-thread | Producer-topic-9c7c8083_4976_4beb_81fe_46ef66e50be5) [Producer clientId=Producer-topic-9c7c8083_4976_4beb_81fe_46ef66e50be5] ProducerId set to 13 with epoch 0
2025-07-31 17:01:37,493 INFO  [io.api.tes.ser.api.KafkaSerdesTester] (Thread-670) Sending message {"key11753981294681": "value-1", "key21753981296405": "value-1"} to topic topic-9c7c8083_4976_4beb_81fe_46ef66e50be5
2025-07-31 17:01:37,494 INFO  [io.api.tes.ser.api.KafkaSerdesTester] (Thread-670) Sending message {"key11753981294681": "value-2", "key21753981296405": "value-2"} to topic topic-9c7c8083_4976_4beb_81fe_46ef66e50be5
2025-07-31 17:01:37,495 INFO  [io.api.tes.ser.api.KafkaSerdesTester] (Thread-670) Sending message {"key11753981294681": "value-3", "key21753981296405": "value-3"} to topic topic-9c7c8083_4976_4beb_81fe_46ef66e50be5
2025-07-31 17:01:37,497 INFO  [io.api.tes.ser.api.KafkaSerdesTester] (Thread-670) Sending message {"key11753981294681": "value-4", "key21753981296405": "value-4"} to topic topic-9c7c8083_4976_4beb_81fe_46ef66e50be5
2025-07-31 17:01:37,499 INFO  [io.api.tes.ser.api.KafkaSerdesTester] (Thread-670) Sending message {"key11753981294681": "value-5", "key21753981296405": "value-5"} to topic topic-9c7c8083_4976_4beb_81fe_46ef66e50be5
2025-07-31 17:01:37,500 INFO  [io.api.tes.ser.api.KafkaSerdesTester] (Thread-670) Sending message {"key11753981294681": "value-6", "key21753981296405": "value-6"} to topic topic-9c7c8083_4976_4beb_81fe_46ef66e50be5
2025-07-31 17:01:37,502 INFO  [io.api.tes.ser.api.KafkaSerdesTester] (Thread-670) Sending message {"key11753981294681": "value-7", "key21753981296405": "value-7"} to topic topic-9c7c8083_4976_4beb_81fe_46ef66e50be5
2025-07-31 17:01:37,503 INFO  [io.api.tes.ser.api.KafkaSerdesTester] (Thread-670) Sending message {"key11753981294681": "value-8", "key21753981296405": "value-8"} to topic topic-9c7c8083_4976_4beb_81fe_46ef66e50be5
2025-07-31 17:01:37,505 INFO  [io.api.tes.ser.api.KafkaSerdesTester] (Thread-670) Sending message {"key11753981294681": "value-9", "key21753981296405": "value-9"} to topic topic-9c7c8083_4976_4beb_81fe_46ef66e50be5
2025-07-31 17:01:37,506 INFO  [io.api.tes.ser.api.KafkaSerdesTester] (Thread-670) Produced 10 messages
2025-07-31 17:01:37,506 INFO  [org.apa.kaf.cli.pro.KafkaProducer] (Thread-670) [Producer clientId=Producer-topic-9c7c8083_4976_4beb_81fe_46ef66e50be5] Closing the Kafka producer with timeoutMillis = 9223372036854775807 ms.
2025-07-31 17:01:37,509 INFO  [org.apa.kaf.com.met.Metrics] (Thread-670) Metrics scheduler closed
2025-07-31 17:01:37,509 INFO  [org.apa.kaf.com.met.Metrics] (Thread-670) Closing reporter org.apache.kafka.common.metrics.JmxReporter
2025-07-31 17:01:37,509 INFO  [org.apa.kaf.com.met.Metrics] (Thread-670) Closing reporter org.apache.kafka.common.telemetry.internals.ClientTelemetryReporter
2025-07-31 17:01:37,509 INFO  [org.apa.kaf.com.met.Metrics] (Thread-670) Metrics reporters closed
2025-07-31 17:01:37,509 INFO  [org.apa.kaf.com.uti.AppInfoParser] (Thread-670) App info kafka.producer for Producer-topic-9c7c8083_4976_4beb_81fe_46ef66e50be5 unregistered
**** Registry Base URL: http://registry-app-postgresql.apps.ci419.apicurio-testing.org:80
2025-07-31 17:01:37,510 INFO  [org.apa.kaf.cli.pro.ProducerConfig] (main) ProducerConfig values: 
	acks = -1
	auto.include.jmx.reporter = true
	batch.size = 16384
	bootstrap.servers = [PLAINTEXT://localhost:32770]
	buffer.memory = 33554432
	client.dns.lookup = use_all_dns_ips
	client.id = Producer-topic-9c7c8083_4976_4beb_81fe_46ef66e50be5
	compression.gzip.level = -1
	compression.lz4.level = 9
	compression.type = none
	compression.zstd.level = 3
	connections.max.idle.ms = 10000
	delivery.timeout.ms = 120000
	enable.idempotence = true
	enable.metrics.push = true
	interceptor.classes = []
	key.serializer = class org.apache.kafka.common.serialization.StringSerializer
	linger.ms = 0
	max.block.ms = 60000
	max.in.flight.requests.per.connection = 5
	max.request.size = 1048576
	metadata.max.age.ms = 300000
	metadata.max.idle.ms = 300000
	metadata.recovery.strategy = none
	metric.reporters = []
	metrics.num.samples = 2
	metrics.recording.level = INFO
	metrics.sample.window.ms = 30000
	partitioner.adaptive.partitioning.enable = true
	partitioner.availability.timeout.ms = 0
	partitioner.class = null
	partitioner.ignore.keys = false
	receive.buffer.bytes = 32768
	reconnect.backoff.max.ms = 1000
	reconnect.backoff.ms = 50
	request.timeout.ms = 5000
	retries = 2147483647
	retry.backoff.max.ms = 1000
	retry.backoff.ms = 100
	sasl.client.callback.handler.class = null
	sasl.jaas.config = null
	sasl.kerberos.kinit.cmd = /usr/bin/kinit
	sasl.kerberos.min.time.before.relogin = 60000
	sasl.kerberos.service.name = null
	sasl.kerberos.ticket.renew.jitter = 0.05
	sasl.kerberos.ticket.renew.window.factor = 0.8
	sasl.login.callback.handler.class = null
	sasl.login.class = null
	sasl.login.connect.timeout.ms = null
	sasl.login.read.timeout.ms = null
	sasl.login.refresh.buffer.seconds = 300
	sasl.login.refresh.min.period.seconds = 60
	sasl.login.refresh.window.factor = 0.8
	sasl.login.refresh.window.jitter = 0.05
	sasl.login.retry.backoff.max.ms = 10000
	sasl.login.retry.backoff.ms = 100
	sasl.mechanism = GSSAPI
	sasl.oauthbearer.clock.skew.seconds = 30
	sasl.oauthbearer.expected.audience = null
	sasl.oauthbearer.expected.issuer = null
	sasl.oauthbearer.header.urlencode = false
	sasl.oauthbearer.jwks.endpoint.refresh.ms = 3600000
	sasl.oauthbearer.jwks.endpoint.retry.backoff.max.ms = 10000
	sasl.oauthbearer.jwks.endpoint.retry.backoff.ms = 100
	sasl.oauthbearer.jwks.endpoint.url = null
	sasl.oauthbearer.scope.claim.name = scope
	sasl.oauthbearer.sub.claim.name = sub
	sasl.oauthbearer.token.endpoint.url = null
	security.protocol = PLAINTEXT
	security.providers = null
	send.buffer.bytes = 131072
	socket.connection.setup.timeout.max.ms = 30000
	socket.connection.setup.timeout.ms = 10000
	ssl.cipher.suites = null
	ssl.enabled.protocols = [TLSv1.2, TLSv1.3]
	ssl.endpoint.identification.algorithm = https
	ssl.engine.factory.class = null
	ssl.key.password = null
	ssl.keymanager.algorithm = SunX509
	ssl.keystore.certificate.chain = null
	ssl.keystore.key = null
	ssl.keystore.location = null
	ssl.keystore.password = null
	ssl.keystore.type = JKS
	ssl.protocol = TLSv1.3
	ssl.provider = null
	ssl.secure.random.implementation = null
	ssl.trustmanager.algorithm = PKIX
	ssl.truststore.certificates = null
	ssl.truststore.location = null
	ssl.truststore.password = null
	ssl.truststore.type = JKS
	transaction.timeout.ms = 60000
	transactional.id = null
	value.serializer = class io.apicurio.registry.serde.avro.AvroKafkaSerializer

2025-07-31 17:01:37,510 INFO  [org.apa.kaf.com.tel.int.KafkaMetricsCollector] (main) initializing Kafka metrics collector
2025-07-31 17:01:37,517 INFO  [org.apa.kaf.cli.pro.KafkaProducer] (main) [Producer clientId=Producer-topic-9c7c8083_4976_4beb_81fe_46ef66e50be5] Instantiated an idempotent producer.
2025-07-31 17:01:37,521 INFO  [org.apa.kaf.cli.pro.ProducerConfig] (main) These configurations '[apicurio.registry.url, apicurio.registry.artifact-resolver-strategy]' were supplied but are not used yet.
2025-07-31 17:01:37,521 INFO  [org.apa.kaf.com.uti.AppInfoParser] (main) Kafka version: 3.9.1
2025-07-31 17:01:37,521 INFO  [org.apa.kaf.com.uti.AppInfoParser] (main) Kafka commitId: f745dfdcee2b9851
2025-07-31 17:01:37,521 INFO  [org.apa.kaf.com.uti.AppInfoParser] (main) Kafka startTimeMs: 1753981297521
2025-07-31 17:01:37,523 INFO  [io.api.tes.ser.api.KafkaSerdesTester] (Thread-673) Sending message {"key11753981294681": "value-0"} to topic topic-9c7c8083_4976_4beb_81fe_46ef66e50be5
2025-07-31 17:01:37,530 INFO  [org.apa.kaf.cli.Metadata] (kafka-producer-network-thread | Producer-topic-9c7c8083_4976_4beb_81fe_46ef66e50be5) [Producer clientId=Producer-topic-9c7c8083_4976_4beb_81fe_46ef66e50be5] Cluster ID: alGoLOtfQj2F2-zKWHmvbA
2025-07-31 17:01:37,530 INFO  [DefaultSchemaResolver] (Thread-673) Retrieving schema content using string: {"type":"record","name":"sdcc6d3baxd3d1x49b3xab97xe7787b0b59f7","namespace":"ns_1416185a_ad46_4a37_a3a1_601da7c1ae93","fields":[{"name":"key11753981294681","type":"string"}]}
2025-07-31 17:01:37,533 INFO  [org.apa.kaf.cli.pro.int.TransactionManager] (kafka-producer-network-thread | Producer-topic-9c7c8083_4976_4beb_81fe_46ef66e50be5) [Producer clientId=Producer-topic-9c7c8083_4976_4beb_81fe_46ef66e50be5] ProducerId set to 14 with epoch 0
2025-07-31 17:01:37,564 INFO  [io.api.tes.ser.api.KafkaSerdesTester] (Thread-673) Sending message {"key11753981294681": "value-1"} to topic topic-9c7c8083_4976_4beb_81fe_46ef66e50be5
2025-07-31 17:01:37,566 INFO  [io.api.tes.ser.api.KafkaSerdesTester] (Thread-673) Sending message {"key11753981294681": "value-2"} to topic topic-9c7c8083_4976_4beb_81fe_46ef66e50be5
2025-07-31 17:01:37,568 INFO  [io.api.tes.ser.api.KafkaSerdesTester] (Thread-673) Sending message {"key11753981294681": "value-3"} to topic topic-9c7c8083_4976_4beb_81fe_46ef66e50be5
2025-07-31 17:01:37,572 INFO  [io.api.tes.ser.api.KafkaSerdesTester] (Thread-673) Sending message {"key11753981294681": "value-4"} to topic topic-9c7c8083_4976_4beb_81fe_46ef66e50be5
2025-07-31 17:01:37,574 INFO  [io.api.tes.ser.api.KafkaSerdesTester] (Thread-673) Sending message {"key11753981294681": "value-5"} to topic topic-9c7c8083_4976_4beb_81fe_46ef66e50be5
2025-07-31 17:01:37,576 INFO  [io.api.tes.ser.api.KafkaSerdesTester] (Thread-673) Sending message {"key11753981294681": "value-6"} to topic topic-9c7c8083_4976_4beb_81fe_46ef66e50be5
2025-07-31 17:01:37,577 INFO  [io.api.tes.ser.api.KafkaSerdesTester] (Thread-673) Sending message {"key11753981294681": "value-7"} to topic topic-9c7c8083_4976_4beb_81fe_46ef66e50be5
2025-07-31 17:01:37,580 INFO  [io.api.tes.ser.api.KafkaSerdesTester] (Thread-673) Sending message {"key11753981294681": "value-8"} to topic topic-9c7c8083_4976_4beb_81fe_46ef66e50be5
2025-07-31 17:01:37,585 INFO  [io.api.tes.ser.api.KafkaSerdesTester] (Thread-673) Sending message {"key11753981294681": "value-9"} to topic topic-9c7c8083_4976_4beb_81fe_46ef66e50be5
2025-07-31 17:01:37,587 INFO  [io.api.tes.ser.api.KafkaSerdesTester] (Thread-673) Produced 10 messages
2025-07-31 17:01:37,587 INFO  [org.apa.kaf.cli.pro.KafkaProducer] (Thread-673) [Producer clientId=Producer-topic-9c7c8083_4976_4beb_81fe_46ef66e50be5] Closing the Kafka producer with timeoutMillis = 9223372036854775807 ms.
2025-07-31 17:01:37,590 INFO  [org.apa.kaf.com.met.Metrics] (Thread-673) Metrics scheduler closed
2025-07-31 17:01:37,590 INFO  [org.apa.kaf.com.met.Metrics] (Thread-673) Closing reporter org.apache.kafka.common.metrics.JmxReporter
2025-07-31 17:01:37,590 INFO  [org.apa.kaf.com.met.Metrics] (Thread-673) Closing reporter org.apache.kafka.common.telemetry.internals.ClientTelemetryReporter
2025-07-31 17:01:37,590 INFO  [org.apa.kaf.com.met.Metrics] (Thread-673) Metrics reporters closed
2025-07-31 17:01:37,590 INFO  [org.apa.kaf.com.uti.AppInfoParser] (Thread-673) App info kafka.producer for Producer-topic-9c7c8083_4976_4beb_81fe_46ef66e50be5 unregistered
**** Registry Base URL: http://registry-app-postgresql.apps.ci419.apicurio-testing.org:80
2025-07-31 17:01:37,591 INFO  [org.apa.kaf.cli.con.ConsumerConfig] (main) ConsumerConfig values: 
	allow.auto.create.topics = true
	auto.commit.interval.ms = 500
	auto.include.jmx.reporter = true
	auto.offset.reset = earliest
	bootstrap.servers = [PLAINTEXT://localhost:32770]
	check.crcs = true
	client.dns.lookup = use_all_dns_ips
	client.id = consumer-Consumer-topic-9c7c8083_4976_4beb_81fe_46ef66e50be5-11
	client.rack = 
	connections.max.idle.ms = 10000
	default.api.timeout.ms = 60000
	enable.auto.commit = true
	enable.metrics.push = true
	exclude.internal.topics = true
	fetch.max.bytes = 52428800
	fetch.max.wait.ms = 500
	fetch.min.bytes = 1
	group.id = Consumer-topic-9c7c8083_4976_4beb_81fe_46ef66e50be5
	group.instance.id = null
	group.protocol = classic
	group.remote.assignor = null
	heartbeat.interval.ms = 3000
	interceptor.classes = []
	internal.leave.group.on.close = true
	internal.throw.on.fetch.stable.offset.unsupported = false
	isolation.level = read_uncommitted
	key.deserializer = class org.apache.kafka.common.serialization.StringDeserializer
	max.partition.fetch.bytes = 1048576
	max.poll.interval.ms = 300000
	max.poll.records = 500
	metadata.max.age.ms = 300000
	metadata.recovery.strategy = none
	metric.reporters = []
	metrics.num.samples = 2
	metrics.recording.level = INFO
	metrics.sample.window.ms = 30000
	partition.assignment.strategy = [class org.apache.kafka.clients.consumer.RangeAssignor, class org.apache.kafka.clients.consumer.CooperativeStickyAssignor]
	receive.buffer.bytes = 65536
	reconnect.backoff.max.ms = 1000
	reconnect.backoff.ms = 50
	request.timeout.ms = 5000
	retry.backoff.max.ms = 1000
	retry.backoff.ms = 100
	sasl.client.callback.handler.class = null
	sasl.jaas.config = null
	sasl.kerberos.kinit.cmd = /usr/bin/kinit
	sasl.kerberos.min.time.before.relogin = 60000
	sasl.kerberos.service.name = null
	sasl.kerberos.ticket.renew.jitter = 0.05
	sasl.kerberos.ticket.renew.window.factor = 0.8
	sasl.login.callback.handler.class = null
	sasl.login.class = null
	sasl.login.connect.timeout.ms = null
	sasl.login.read.timeout.ms = null
	sasl.login.refresh.buffer.seconds = 300
	sasl.login.refresh.min.period.seconds = 60
	sasl.login.refresh.window.factor = 0.8
	sasl.login.refresh.window.jitter = 0.05
	sasl.login.retry.backoff.max.ms = 10000
	sasl.login.retry.backoff.ms = 100
	sasl.mechanism = GSSAPI
	sasl.oauthbearer.clock.skew.seconds = 30
	sasl.oauthbearer.expected.audience = null
	sasl.oauthbearer.expected.issuer = null
	sasl.oauthbearer.header.urlencode = false
	sasl.oauthbearer.jwks.endpoint.refresh.ms = 3600000
	sasl.oauthbearer.jwks.endpoint.retry.backoff.max.ms = 10000
	sasl.oauthbearer.jwks.endpoint.retry.backoff.ms = 100
	sasl.oauthbearer.jwks.endpoint.url = null
	sasl.oauthbearer.scope.claim.name = scope
	sasl.oauthbearer.sub.claim.name = sub
	sasl.oauthbearer.token.endpoint.url = null
	security.protocol = PLAINTEXT
	security.providers = null
	send.buffer.bytes = 131072
	session.timeout.ms = 45000
	socket.connection.setup.timeout.max.ms = 30000
	socket.connection.setup.timeout.ms = 10000
	ssl.cipher.suites = null
	ssl.enabled.protocols = [TLSv1.2, TLSv1.3]
	ssl.endpoint.identification.algorithm = https
	ssl.engine.factory.class = null
	ssl.key.password = null
	ssl.keymanager.algorithm = SunX509
	ssl.keystore.certificate.chain = null
	ssl.keystore.key = null
	ssl.keystore.location = null
	ssl.keystore.password = null
	ssl.keystore.type = JKS
	ssl.protocol = TLSv1.3
	ssl.provider = null
	ssl.secure.random.implementation = null
	ssl.trustmanager.algorithm = PKIX
	ssl.truststore.certificates = null
	ssl.truststore.location = null
	ssl.truststore.password = null
	ssl.truststore.type = JKS
	value.deserializer = class io.apicurio.registry.serde.avro.AvroKafkaDeserializer

2025-07-31 17:01:37,591 INFO  [org.apa.kaf.com.tel.int.KafkaMetricsCollector] (main) initializing Kafka metrics collector
2025-07-31 17:01:37,600 INFO  [org.apa.kaf.cli.con.ConsumerConfig] (main) These configurations '[apicurio.registry.url]' were supplied but are not used yet.
2025-07-31 17:01:37,600 INFO  [org.apa.kaf.com.uti.AppInfoParser] (main) Kafka version: 3.9.1
2025-07-31 17:01:37,600 INFO  [org.apa.kaf.com.uti.AppInfoParser] (main) Kafka commitId: f745dfdcee2b9851
2025-07-31 17:01:37,600 INFO  [org.apa.kaf.com.uti.AppInfoParser] (main) Kafka startTimeMs: 1753981297600
2025-07-31 17:01:37,600 INFO  [org.apa.kaf.cli.con.int.ClassicKafkaConsumer] (Thread-676) [Consumer clientId=consumer-Consumer-topic-9c7c8083_4976_4beb_81fe_46ef66e50be5-11, groupId=Consumer-topic-9c7c8083_4976_4beb_81fe_46ef66e50be5] Subscribed to topic(s): topic-9c7c8083_4976_4beb_81fe_46ef66e50be5
2025-07-31 17:01:37,609 INFO  [org.apa.kaf.cli.Metadata] (Thread-676) [Consumer clientId=consumer-Consumer-topic-9c7c8083_4976_4beb_81fe_46ef66e50be5-11, groupId=Consumer-topic-9c7c8083_4976_4beb_81fe_46ef66e50be5] Cluster ID: alGoLOtfQj2F2-zKWHmvbA
2025-07-31 17:01:37,612 INFO  [org.apa.kaf.cli.con.int.ConsumerCoordinator] (Thread-676) [Consumer clientId=consumer-Consumer-topic-9c7c8083_4976_4beb_81fe_46ef66e50be5-11, groupId=Consumer-topic-9c7c8083_4976_4beb_81fe_46ef66e50be5] Discovered group coordinator localhost:32770 (id: 2147483647 rack: null)
2025-07-31 17:01:37,618 INFO  [org.apa.kaf.cli.con.int.ConsumerCoordinator] (Thread-676) [Consumer clientId=consumer-Consumer-topic-9c7c8083_4976_4beb_81fe_46ef66e50be5-11, groupId=Consumer-topic-9c7c8083_4976_4beb_81fe_46ef66e50be5] (Re-)joining group
2025-07-31 17:01:37,625 INFO  [org.apa.kaf.cli.con.int.ConsumerCoordinator] (Thread-676) [Consumer clientId=consumer-Consumer-topic-9c7c8083_4976_4beb_81fe_46ef66e50be5-11, groupId=Consumer-topic-9c7c8083_4976_4beb_81fe_46ef66e50be5] Request joining group due to: need to re-join with the given member-id: consumer-Consumer-topic-9c7c8083_4976_4beb_81fe_46ef66e50be5-11-6335f9dc-f478-4a3f-bce8-26f0182d194c
2025-07-31 17:01:37,625 INFO  [org.apa.kaf.cli.con.int.ConsumerCoordinator] (Thread-676) [Consumer clientId=consumer-Consumer-topic-9c7c8083_4976_4beb_81fe_46ef66e50be5-11, groupId=Consumer-topic-9c7c8083_4976_4beb_81fe_46ef66e50be5] (Re-)joining group
2025-07-31 17:01:37,638 INFO  [org.apa.kaf.cli.con.int.ConsumerCoordinator] (Thread-676) [Consumer clientId=consumer-Consumer-topic-9c7c8083_4976_4beb_81fe_46ef66e50be5-11, groupId=Consumer-topic-9c7c8083_4976_4beb_81fe_46ef66e50be5] Successfully joined group with generation Generation{generationId=3, memberId='consumer-Consumer-topic-9c7c8083_4976_4beb_81fe_46ef66e50be5-11-6335f9dc-f478-4a3f-bce8-26f0182d194c', protocol='range'}
2025-07-31 17:01:37,638 INFO  [org.apa.kaf.cli.con.int.ConsumerCoordinator] (Thread-676) [Consumer clientId=consumer-Consumer-topic-9c7c8083_4976_4beb_81fe_46ef66e50be5-11, groupId=Consumer-topic-9c7c8083_4976_4beb_81fe_46ef66e50be5] Finished assignment for group at generation 3: {consumer-Consumer-topic-9c7c8083_4976_4beb_81fe_46ef66e50be5-11-6335f9dc-f478-4a3f-bce8-26f0182d194c=Assignment(partitions=[topic-9c7c8083_4976_4beb_81fe_46ef66e50be5-0])}
2025-07-31 17:01:37,648 INFO  [org.apa.kaf.cli.con.int.ConsumerCoordinator] (Thread-676) [Consumer clientId=consumer-Consumer-topic-9c7c8083_4976_4beb_81fe_46ef66e50be5-11, groupId=Consumer-topic-9c7c8083_4976_4beb_81fe_46ef66e50be5] Successfully synced group in generation Generation{generationId=3, memberId='consumer-Consumer-topic-9c7c8083_4976_4beb_81fe_46ef66e50be5-11-6335f9dc-f478-4a3f-bce8-26f0182d194c', protocol='range'}
2025-07-31 17:01:37,648 INFO  [org.apa.kaf.cli.con.int.ConsumerCoordinator] (Thread-676) [Consumer clientId=consumer-Consumer-topic-9c7c8083_4976_4beb_81fe_46ef66e50be5-11, groupId=Consumer-topic-9c7c8083_4976_4beb_81fe_46ef66e50be5] Notifying assignor about the new Assignment(partitions=[topic-9c7c8083_4976_4beb_81fe_46ef66e50be5-0])
2025-07-31 17:01:37,648 INFO  [org.apa.kaf.cli.con.int.ConsumerRebalanceListenerInvoker] (Thread-676) [Consumer clientId=consumer-Consumer-topic-9c7c8083_4976_4beb_81fe_46ef66e50be5-11, groupId=Consumer-topic-9c7c8083_4976_4beb_81fe_46ef66e50be5] Adding newly assigned partitions: topic-9c7c8083_4976_4beb_81fe_46ef66e50be5-0
2025-07-31 17:01:37,650 INFO  [org.apa.kaf.cli.con.int.ConsumerUtils] (Thread-676) Setting offset for partition topic-9c7c8083_4976_4beb_81fe_46ef66e50be5-0 to the committed offset FetchPosition{offset=10, offsetEpoch=Optional[0], currentLeader=LeaderAndEpoch{leader=Optional[localhost:32770 (id: 0 rack: null)], epoch=0}}
2025-07-31 17:01:37,731 INFO  [io.api.tes.ser.api.KafkaSerdesTester] (Thread-676) topic-9c7c8083_4976_4beb_81fe_46ef66e50be5 0 10 {"key11753981294681": "value-0", "key21753981296405": "value-0"}
2025-07-31 17:01:37,731 INFO  [io.api.tes.ser.api.KafkaSerdesTester] (Thread-676) topic-9c7c8083_4976_4beb_81fe_46ef66e50be5 0 11 {"key11753981294681": "value-1", "key21753981296405": "value-1"}
2025-07-31 17:01:37,731 INFO  [io.api.tes.ser.api.KafkaSerdesTester] (Thread-676) topic-9c7c8083_4976_4beb_81fe_46ef66e50be5 0 12 {"key11753981294681": "value-2", "key21753981296405": "value-2"}
2025-07-31 17:01:37,731 INFO  [io.api.tes.ser.api.KafkaSerdesTester] (Thread-676) topic-9c7c8083_4976_4beb_81fe_46ef66e50be5 0 13 {"key11753981294681": "value-3", "key21753981296405": "value-3"}
2025-07-31 17:01:37,732 INFO  [io.api.tes.ser.api.KafkaSerdesTester] (Thread-676) topic-9c7c8083_4976_4beb_81fe_46ef66e50be5 0 14 {"key11753981294681": "value-4", "key21753981296405": "value-4"}
2025-07-31 17:01:37,732 INFO  [io.api.tes.ser.api.KafkaSerdesTester] (Thread-676) topic-9c7c8083_4976_4beb_81fe_46ef66e50be5 0 15 {"key11753981294681": "value-5", "key21753981296405": "value-5"}
2025-07-31 17:01:37,732 INFO  [io.api.tes.ser.api.KafkaSerdesTester] (Thread-676) topic-9c7c8083_4976_4beb_81fe_46ef66e50be5 0 16 {"key11753981294681": "value-6", "key21753981296405": "value-6"}
2025-07-31 17:01:37,732 INFO  [io.api.tes.ser.api.KafkaSerdesTester] (Thread-676) topic-9c7c8083_4976_4beb_81fe_46ef66e50be5 0 17 {"key11753981294681": "value-7", "key21753981296405": "value-7"}
2025-07-31 17:01:37,732 INFO  [io.api.tes.ser.api.KafkaSerdesTester] (Thread-676) topic-9c7c8083_4976_4beb_81fe_46ef66e50be5 0 18 {"key11753981294681": "value-8", "key21753981296405": "value-8"}
2025-07-31 17:01:37,732 INFO  [io.api.tes.ser.api.KafkaSerdesTester] (Thread-676) topic-9c7c8083_4976_4beb_81fe_46ef66e50be5 0 19 {"key11753981294681": "value-9", "key21753981296405": "value-9"}
2025-07-31 17:01:37,732 INFO  [io.api.tes.ser.api.KafkaSerdesTester] (Thread-676) topic-9c7c8083_4976_4beb_81fe_46ef66e50be5 0 20 {"key11753981294681": "value-0"}
2025-07-31 17:01:37,732 INFO  [io.api.tes.ser.api.KafkaSerdesTester] (Thread-676) topic-9c7c8083_4976_4beb_81fe_46ef66e50be5 0 21 {"key11753981294681": "value-1"}
2025-07-31 17:01:37,732 INFO  [io.api.tes.ser.api.KafkaSerdesTester] (Thread-676) topic-9c7c8083_4976_4beb_81fe_46ef66e50be5 0 22 {"key11753981294681": "value-2"}
2025-07-31 17:01:37,732 INFO  [io.api.tes.ser.api.KafkaSerdesTester] (Thread-676) topic-9c7c8083_4976_4beb_81fe_46ef66e50be5 0 23 {"key11753981294681": "value-3"}
2025-07-31 17:01:37,732 INFO  [io.api.tes.ser.api.KafkaSerdesTester] (Thread-676) topic-9c7c8083_4976_4beb_81fe_46ef66e50be5 0 24 {"key11753981294681": "value-4"}
2025-07-31 17:01:37,732 INFO  [io.api.tes.ser.api.KafkaSerdesTester] (Thread-676) topic-9c7c8083_4976_4beb_81fe_46ef66e50be5 0 25 {"key11753981294681": "value-5"}
2025-07-31 17:01:37,732 INFO  [io.api.tes.ser.api.KafkaSerdesTester] (Thread-676) topic-9c7c8083_4976_4beb_81fe_46ef66e50be5 0 26 {"key11753981294681": "value-6"}
2025-07-31 17:01:37,732 INFO  [io.api.tes.ser.api.KafkaSerdesTester] (Thread-676) topic-9c7c8083_4976_4beb_81fe_46ef66e50be5 0 27 {"key11753981294681": "value-7"}
2025-07-31 17:01:37,732 INFO  [io.api.tes.ser.api.KafkaSerdesTester] (Thread-676) topic-9c7c8083_4976_4beb_81fe_46ef66e50be5 0 28 {"key11753981294681": "value-8"}
2025-07-31 17:01:37,732 INFO  [io.api.tes.ser.api.KafkaSerdesTester] (Thread-676) topic-9c7c8083_4976_4beb_81fe_46ef66e50be5 0 29 {"key11753981294681": "value-9"}
2025-07-31 17:01:37,732 INFO  [io.api.tes.ser.api.KafkaSerdesTester] (Thread-676) Consumed 20 messages
2025-07-31 17:01:37,735 INFO  [org.apa.kaf.cli.con.int.ConsumerRebalanceListenerInvoker] (Thread-676) [Consumer clientId=consumer-Consumer-topic-9c7c8083_4976_4beb_81fe_46ef66e50be5-11, groupId=Consumer-topic-9c7c8083_4976_4beb_81fe_46ef66e50be5] Revoke previously assigned partitions topic-9c7c8083_4976_4beb_81fe_46ef66e50be5-0
2025-07-31 17:01:37,735 INFO  [org.apa.kaf.cli.con.int.ConsumerCoordinator] (Thread-676) [Consumer clientId=consumer-Consumer-topic-9c7c8083_4976_4beb_81fe_46ef66e50be5-11, groupId=Consumer-topic-9c7c8083_4976_4beb_81fe_46ef66e50be5] Member consumer-Consumer-topic-9c7c8083_4976_4beb_81fe_46ef66e50be5-11-6335f9dc-f478-4a3f-bce8-26f0182d194c sending LeaveGroup request to coordinator localhost:32770 (id: 2147483647 rack: null) due to the consumer is being closed
2025-07-31 17:01:37,735 INFO  [org.apa.kaf.cli.con.int.ConsumerCoordinator] (Thread-676) [Consumer clientId=consumer-Consumer-topic-9c7c8083_4976_4beb_81fe_46ef66e50be5-11, groupId=Consumer-topic-9c7c8083_4976_4beb_81fe_46ef66e50be5] Resetting generation and member id due to: consumer pro-actively leaving the group
2025-07-31 17:01:37,735 INFO  [org.apa.kaf.cli.con.int.ConsumerCoordinator] (Thread-676) [Consumer clientId=consumer-Consumer-topic-9c7c8083_4976_4beb_81fe_46ef66e50be5-11, groupId=Consumer-topic-9c7c8083_4976_4beb_81fe_46ef66e50be5] Request joining group due to: consumer pro-actively leaving the group
2025-07-31 17:01:38,233 INFO  [org.apa.kaf.com.met.Metrics] (Thread-676) Metrics scheduler closed
2025-07-31 17:01:38,233 INFO  [org.apa.kaf.com.met.Metrics] (Thread-676) Closing reporter org.apache.kafka.common.metrics.JmxReporter
2025-07-31 17:01:38,233 INFO  [org.apa.kaf.com.met.Metrics] (Thread-676) Closing reporter org.apache.kafka.common.telemetry.internals.ClientTelemetryReporter
2025-07-31 17:01:38,233 INFO  [org.apa.kaf.com.met.Metrics] (Thread-676) Metrics reporters closed
2025-07-31 17:01:38,236 INFO  [org.apa.kaf.com.uti.AppInfoParser] (Thread-676) App info kafka.consumer for consumer-Consumer-topic-9c7c8083_4976_4beb_81fe_46ef66e50be5-11 unregistered
2025-07-31 17:01:38,237 INFO  [io.api.tes.ser.api.AvroSerdeIT] (main) Registering Avro Schema 3: {"type":"record","name":"sdcc6d3baxd3d1x49b3xab97xe7787b0b59f7","namespace":"ns_1416185a_ad46_4a37_a3a1_601da7c1ae93","fields":[{"name":"key11753981294681","type":"string"},{"name":"key21753981296405","type":"string"},{"name":"key31753981298237","type":"string"}]}
**** Registry Base URL: http://registry-app-postgresql.apps.ci419.apicurio-testing.org:80
2025-07-31 17:01:39,284 INFO  [org.apa.kaf.cli.pro.ProducerConfig] (main) ProducerConfig values: 
	acks = -1
	auto.include.jmx.reporter = true
	batch.size = 16384
	bootstrap.servers = [PLAINTEXT://localhost:32770]
	buffer.memory = 33554432
	client.dns.lookup = use_all_dns_ips
	client.id = Producer-topic-9c7c8083_4976_4beb_81fe_46ef66e50be5
	compression.gzip.level = -1
	compression.lz4.level = 9
	compression.type = none
	compression.zstd.level = 3
	connections.max.idle.ms = 10000
	delivery.timeout.ms = 120000
	enable.idempotence = true
	enable.metrics.push = true
	interceptor.classes = []
	key.serializer = class org.apache.kafka.common.serialization.StringSerializer
	linger.ms = 0
	max.block.ms = 60000
	max.in.flight.requests.per.connection = 5
	max.request.size = 1048576
	metadata.max.age.ms = 300000
	metadata.max.idle.ms = 300000
	metadata.recovery.strategy = none
	metric.reporters = []
	metrics.num.samples = 2
	metrics.recording.level = INFO
	metrics.sample.window.ms = 30000
	partitioner.adaptive.partitioning.enable = true
	partitioner.availability.timeout.ms = 0
	partitioner.class = null
	partitioner.ignore.keys = false
	receive.buffer.bytes = 32768
	reconnect.backoff.max.ms = 1000
	reconnect.backoff.ms = 50
	request.timeout.ms = 5000
	retries = 2147483647
	retry.backoff.max.ms = 1000
	retry.backoff.ms = 100
	sasl.client.callback.handler.class = null
	sasl.jaas.config = null
	sasl.kerberos.kinit.cmd = /usr/bin/kinit
	sasl.kerberos.min.time.before.relogin = 60000
	sasl.kerberos.service.name = null
	sasl.kerberos.ticket.renew.jitter = 0.05
	sasl.kerberos.ticket.renew.window.factor = 0.8
	sasl.login.callback.handler.class = null
	sasl.login.class = null
	sasl.login.connect.timeout.ms = null
	sasl.login.read.timeout.ms = null
	sasl.login.refresh.buffer.seconds = 300
	sasl.login.refresh.min.period.seconds = 60
	sasl.login.refresh.window.factor = 0.8
	sasl.login.refresh.window.jitter = 0.05
	sasl.login.retry.backoff.max.ms = 10000
	sasl.login.retry.backoff.ms = 100
	sasl.mechanism = GSSAPI
	sasl.oauthbearer.clock.skew.seconds = 30
	sasl.oauthbearer.expected.audience = null
	sasl.oauthbearer.expected.issuer = null
	sasl.oauthbearer.header.urlencode = false
	sasl.oauthbearer.jwks.endpoint.refresh.ms = 3600000
	sasl.oauthbearer.jwks.endpoint.retry.backoff.max.ms = 10000
	sasl.oauthbearer.jwks.endpoint.retry.backoff.ms = 100
	sasl.oauthbearer.jwks.endpoint.url = null
	sasl.oauthbearer.scope.claim.name = scope
	sasl.oauthbearer.sub.claim.name = sub
	sasl.oauthbearer.token.endpoint.url = null
	security.protocol = PLAINTEXT
	security.providers = null
	send.buffer.bytes = 131072
	socket.connection.setup.timeout.max.ms = 30000
	socket.connection.setup.timeout.ms = 10000
	ssl.cipher.suites = null
	ssl.enabled.protocols = [TLSv1.2, TLSv1.3]
	ssl.endpoint.identification.algorithm = https
	ssl.engine.factory.class = null
	ssl.key.password = null
	ssl.keymanager.algorithm = SunX509
	ssl.keystore.certificate.chain = null
	ssl.keystore.key = null
	ssl.keystore.location = null
	ssl.keystore.password = null
	ssl.keystore.type = JKS
	ssl.protocol = TLSv1.3
	ssl.provider = null
	ssl.secure.random.implementation = null
	ssl.trustmanager.algorithm = PKIX
	ssl.truststore.certificates = null
	ssl.truststore.location = null
	ssl.truststore.password = null
	ssl.truststore.type = JKS
	transaction.timeout.ms = 60000
	transactional.id = null
	value.serializer = class io.apicurio.registry.serde.avro.AvroKafkaSerializer

2025-07-31 17:01:39,285 INFO  [org.apa.kaf.com.tel.int.KafkaMetricsCollector] (main) initializing Kafka metrics collector
2025-07-31 17:01:39,292 INFO  [org.apa.kaf.cli.pro.KafkaProducer] (main) [Producer clientId=Producer-topic-9c7c8083_4976_4beb_81fe_46ef66e50be5] Instantiated an idempotent producer.
2025-07-31 17:01:39,295 INFO  [org.apa.kaf.cli.pro.ProducerConfig] (main) These configurations '[apicurio.registry.url, apicurio.registry.artifact-resolver-strategy]' were supplied but are not used yet.
2025-07-31 17:01:39,295 INFO  [org.apa.kaf.com.uti.AppInfoParser] (main) Kafka version: 3.9.1
2025-07-31 17:01:39,295 INFO  [org.apa.kaf.com.uti.AppInfoParser] (main) Kafka commitId: f745dfdcee2b9851
2025-07-31 17:01:39,295 INFO  [org.apa.kaf.com.uti.AppInfoParser] (main) Kafka startTimeMs: 1753981299295
2025-07-31 17:01:39,298 INFO  [io.api.tes.ser.api.KafkaSerdesTester] (Thread-679) Sending message {"key11753981294681": "value-0", "key21753981296405": "value-0", "key31753981298237": "value-0"} to topic topic-9c7c8083_4976_4beb_81fe_46ef66e50be5
2025-07-31 17:01:39,303 INFO  [org.apa.kaf.cli.Metadata] (kafka-producer-network-thread | Producer-topic-9c7c8083_4976_4beb_81fe_46ef66e50be5) [Producer clientId=Producer-topic-9c7c8083_4976_4beb_81fe_46ef66e50be5] Cluster ID: alGoLOtfQj2F2-zKWHmvbA
2025-07-31 17:01:39,304 INFO  [DefaultSchemaResolver] (Thread-679) Retrieving schema content using string: {"type":"record","name":"sdcc6d3baxd3d1x49b3xab97xe7787b0b59f7","namespace":"ns_1416185a_ad46_4a37_a3a1_601da7c1ae93","fields":[{"name":"key11753981294681","type":"string"},{"name":"key21753981296405","type":"string"},{"name":"key31753981298237","type":"string"}]}
2025-07-31 17:01:39,306 INFO  [org.apa.kaf.cli.pro.int.TransactionManager] (kafka-producer-network-thread | Producer-topic-9c7c8083_4976_4beb_81fe_46ef66e50be5) [Producer clientId=Producer-topic-9c7c8083_4976_4beb_81fe_46ef66e50be5] ProducerId set to 15 with epoch 0
2025-07-31 17:01:39,333 INFO  [io.api.tes.ser.api.KafkaSerdesTester] (Thread-679) Sending message {"key11753981294681": "value-1", "key21753981296405": "value-1", "key31753981298237": "value-1"} to topic topic-9c7c8083_4976_4beb_81fe_46ef66e50be5
2025-07-31 17:01:39,335 INFO  [io.api.tes.ser.api.KafkaSerdesTester] (Thread-679) Sending message {"key11753981294681": "value-2", "key21753981296405": "value-2", "key31753981298237": "value-2"} to topic topic-9c7c8083_4976_4beb_81fe_46ef66e50be5
2025-07-31 17:01:39,337 INFO  [io.api.tes.ser.api.KafkaSerdesTester] (Thread-679) Sending message {"key11753981294681": "value-3", "key21753981296405": "value-3", "key31753981298237": "value-3"} to topic topic-9c7c8083_4976_4beb_81fe_46ef66e50be5
2025-07-31 17:01:39,338 INFO  [io.api.tes.ser.api.KafkaSerdesTester] (Thread-679) Sending message {"key11753981294681": "value-4", "key21753981296405": "value-4", "key31753981298237": "value-4"} to topic topic-9c7c8083_4976_4beb_81fe_46ef66e50be5
2025-07-31 17:01:39,340 INFO  [io.api.tes.ser.api.KafkaSerdesTester] (Thread-679) Sending message {"key11753981294681": "value-5", "key21753981296405": "value-5", "key31753981298237": "value-5"} to topic topic-9c7c8083_4976_4beb_81fe_46ef66e50be5
2025-07-31 17:01:39,343 INFO  [io.api.tes.ser.api.KafkaSerdesTester] (Thread-679) Sending message {"key11753981294681": "value-6", "key21753981296405": "value-6", "key31753981298237": "value-6"} to topic topic-9c7c8083_4976_4beb_81fe_46ef66e50be5
2025-07-31 17:01:39,347 INFO  [io.api.tes.ser.api.KafkaSerdesTester] (Thread-679) Sending message {"key11753981294681": "value-7", "key21753981296405": "value-7", "key31753981298237": "value-7"} to topic topic-9c7c8083_4976_4beb_81fe_46ef66e50be5
2025-07-31 17:01:39,349 INFO  [io.api.tes.ser.api.KafkaSerdesTester] (Thread-679) Sending message {"key11753981294681": "value-8", "key21753981296405": "value-8", "key31753981298237": "value-8"} to topic topic-9c7c8083_4976_4beb_81fe_46ef66e50be5
2025-07-31 17:01:39,354 INFO  [io.api.tes.ser.api.KafkaSerdesTester] (Thread-679) Sending message {"key11753981294681": "value-9", "key21753981296405": "value-9", "key31753981298237": "value-9"} to topic topic-9c7c8083_4976_4beb_81fe_46ef66e50be5
2025-07-31 17:01:39,358 INFO  [io.api.tes.ser.api.KafkaSerdesTester] (Thread-679) Produced 10 messages
2025-07-31 17:01:39,358 INFO  [org.apa.kaf.cli.pro.KafkaProducer] (Thread-679) [Producer clientId=Producer-topic-9c7c8083_4976_4beb_81fe_46ef66e50be5] Closing the Kafka producer with timeoutMillis = 9223372036854775807 ms.
2025-07-31 17:01:39,362 INFO  [org.apa.kaf.com.met.Metrics] (Thread-679) Metrics scheduler closed
2025-07-31 17:01:39,362 INFO  [org.apa.kaf.com.met.Metrics] (Thread-679) Closing reporter org.apache.kafka.common.metrics.JmxReporter
2025-07-31 17:01:39,362 INFO  [org.apa.kaf.com.met.Metrics] (Thread-679) Closing reporter org.apache.kafka.common.telemetry.internals.ClientTelemetryReporter
2025-07-31 17:01:39,362 INFO  [org.apa.kaf.com.met.Metrics] (Thread-679) Metrics reporters closed
2025-07-31 17:01:39,362 INFO  [org.apa.kaf.com.uti.AppInfoParser] (Thread-679) App info kafka.producer for Producer-topic-9c7c8083_4976_4beb_81fe_46ef66e50be5 unregistered
**** Registry Base URL: http://registry-app-postgresql.apps.ci419.apicurio-testing.org:80
2025-07-31 17:01:39,363 INFO  [org.apa.kaf.cli.pro.ProducerConfig] (main) ProducerConfig values: 
	acks = -1
	auto.include.jmx.reporter = true
	batch.size = 16384
	bootstrap.servers = [PLAINTEXT://localhost:32770]
	buffer.memory = 33554432
	client.dns.lookup = use_all_dns_ips
	client.id = Producer-topic-9c7c8083_4976_4beb_81fe_46ef66e50be5
	compression.gzip.level = -1
	compression.lz4.level = 9
	compression.type = none
	compression.zstd.level = 3
	connections.max.idle.ms = 10000
	delivery.timeout.ms = 120000
	enable.idempotence = true
	enable.metrics.push = true
	interceptor.classes = []
	key.serializer = class org.apache.kafka.common.serialization.StringSerializer
	linger.ms = 0
	max.block.ms = 60000
	max.in.flight.requests.per.connection = 5
	max.request.size = 1048576
	metadata.max.age.ms = 300000
	metadata.max.idle.ms = 300000
	metadata.recovery.strategy = none
	metric.reporters = []
	metrics.num.samples = 2
	metrics.recording.level = INFO
	metrics.sample.window.ms = 30000
	partitioner.adaptive.partitioning.enable = true
	partitioner.availability.timeout.ms = 0
	partitioner.class = null
	partitioner.ignore.keys = false
	receive.buffer.bytes = 32768
	reconnect.backoff.max.ms = 1000
	reconnect.backoff.ms = 50
	request.timeout.ms = 5000
	retries = 2147483647
	retry.backoff.max.ms = 1000
	retry.backoff.ms = 100
	sasl.client.callback.handler.class = null
	sasl.jaas.config = null
	sasl.kerberos.kinit.cmd = /usr/bin/kinit
	sasl.kerberos.min.time.before.relogin = 60000
	sasl.kerberos.service.name = null
	sasl.kerberos.ticket.renew.jitter = 0.05
	sasl.kerberos.ticket.renew.window.factor = 0.8
	sasl.login.callback.handler.class = null
	sasl.login.class = null
	sasl.login.connect.timeout.ms = null
	sasl.login.read.timeout.ms = null
	sasl.login.refresh.buffer.seconds = 300
	sasl.login.refresh.min.period.seconds = 60
	sasl.login.refresh.window.factor = 0.8
	sasl.login.refresh.window.jitter = 0.05
	sasl.login.retry.backoff.max.ms = 10000
	sasl.login.retry.backoff.ms = 100
	sasl.mechanism = GSSAPI
	sasl.oauthbearer.clock.skew.seconds = 30
	sasl.oauthbearer.expected.audience = null
	sasl.oauthbearer.expected.issuer = null
	sasl.oauthbearer.header.urlencode = false
	sasl.oauthbearer.jwks.endpoint.refresh.ms = 3600000
	sasl.oauthbearer.jwks.endpoint.retry.backoff.max.ms = 10000
	sasl.oauthbearer.jwks.endpoint.retry.backoff.ms = 100
	sasl.oauthbearer.jwks.endpoint.url = null
	sasl.oauthbearer.scope.claim.name = scope
	sasl.oauthbearer.sub.claim.name = sub
	sasl.oauthbearer.token.endpoint.url = null
	security.protocol = PLAINTEXT
	security.providers = null
	send.buffer.bytes = 131072
	socket.connection.setup.timeout.max.ms = 30000
	socket.connection.setup.timeout.ms = 10000
	ssl.cipher.suites = null
	ssl.enabled.protocols = [TLSv1.2, TLSv1.3]
	ssl.endpoint.identification.algorithm = https
	ssl.engine.factory.class = null
	ssl.key.password = null
	ssl.keymanager.algorithm = SunX509
	ssl.keystore.certificate.chain = null
	ssl.keystore.key = null
	ssl.keystore.location = null
	ssl.keystore.password = null
	ssl.keystore.type = JKS
	ssl.protocol = TLSv1.3
	ssl.provider = null
	ssl.secure.random.implementation = null
	ssl.trustmanager.algorithm = PKIX
	ssl.truststore.certificates = null
	ssl.truststore.location = null
	ssl.truststore.password = null
	ssl.truststore.type = JKS
	transaction.timeout.ms = 60000
	transactional.id = null
	value.serializer = class io.apicurio.registry.serde.avro.AvroKafkaSerializer

2025-07-31 17:01:39,363 INFO  [org.apa.kaf.com.tel.int.KafkaMetricsCollector] (main) initializing Kafka metrics collector
2025-07-31 17:01:39,378 INFO  [org.apa.kaf.cli.pro.KafkaProducer] (main) [Producer clientId=Producer-topic-9c7c8083_4976_4beb_81fe_46ef66e50be5] Instantiated an idempotent producer.
2025-07-31 17:01:39,380 INFO  [org.apa.kaf.cli.pro.ProducerConfig] (main) These configurations '[apicurio.registry.url, apicurio.registry.artifact-resolver-strategy]' were supplied but are not used yet.
2025-07-31 17:01:39,380 INFO  [org.apa.kaf.com.uti.AppInfoParser] (main) Kafka version: 3.9.1
2025-07-31 17:01:39,380 INFO  [org.apa.kaf.com.uti.AppInfoParser] (main) Kafka commitId: f745dfdcee2b9851
2025-07-31 17:01:39,380 INFO  [org.apa.kaf.com.uti.AppInfoParser] (main) Kafka startTimeMs: 1753981299380
2025-07-31 17:01:39,382 INFO  [io.api.tes.ser.api.KafkaSerdesTester] (Thread-682) Sending message {"key11753981294681": "value-0", "key21753981296405": "value-0"} to topic topic-9c7c8083_4976_4beb_81fe_46ef66e50be5
2025-07-31 17:01:39,387 INFO  [org.apa.kaf.cli.Metadata] (kafka-producer-network-thread | Producer-topic-9c7c8083_4976_4beb_81fe_46ef66e50be5) [Producer clientId=Producer-topic-9c7c8083_4976_4beb_81fe_46ef66e50be5] Cluster ID: alGoLOtfQj2F2-zKWHmvbA
2025-07-31 17:01:39,387 INFO  [DefaultSchemaResolver] (Thread-682) Retrieving schema content using string: {"type":"record","name":"sdcc6d3baxd3d1x49b3xab97xe7787b0b59f7","namespace":"ns_1416185a_ad46_4a37_a3a1_601da7c1ae93","fields":[{"name":"key11753981294681","type":"string"},{"name":"key21753981296405","type":"string"}]}
2025-07-31 17:01:39,388 INFO  [org.apa.kaf.cli.pro.int.TransactionManager] (kafka-producer-network-thread | Producer-topic-9c7c8083_4976_4beb_81fe_46ef66e50be5) [Producer clientId=Producer-topic-9c7c8083_4976_4beb_81fe_46ef66e50be5] ProducerId set to 16 with epoch 0
2025-07-31 17:01:39,415 INFO  [io.api.tes.ser.api.KafkaSerdesTester] (Thread-682) Sending message {"key11753981294681": "value-1", "key21753981296405": "value-1"} to topic topic-9c7c8083_4976_4beb_81fe_46ef66e50be5
2025-07-31 17:01:39,418 INFO  [io.api.tes.ser.api.KafkaSerdesTester] (Thread-682) Sending message {"key11753981294681": "value-2", "key21753981296405": "value-2"} to topic topic-9c7c8083_4976_4beb_81fe_46ef66e50be5
2025-07-31 17:01:39,420 INFO  [io.api.tes.ser.api.KafkaSerdesTester] (Thread-682) Sending message {"key11753981294681": "value-3", "key21753981296405": "value-3"} to topic topic-9c7c8083_4976_4beb_81fe_46ef66e50be5
2025-07-31 17:01:39,421 INFO  [io.api.tes.ser.api.KafkaSerdesTester] (Thread-682) Sending message {"key11753981294681": "value-4", "key21753981296405": "value-4"} to topic topic-9c7c8083_4976_4beb_81fe_46ef66e50be5
2025-07-31 17:01:39,427 INFO  [io.api.tes.ser.api.KafkaSerdesTester] (Thread-682) Sending message {"key11753981294681": "value-5", "key21753981296405": "value-5"} to topic topic-9c7c8083_4976_4beb_81fe_46ef66e50be5
2025-07-31 17:01:39,434 INFO  [io.api.tes.ser.api.KafkaSerdesTester] (Thread-682) Sending message {"key11753981294681": "value-6", "key21753981296405": "value-6"} to topic topic-9c7c8083_4976_4beb_81fe_46ef66e50be5
2025-07-31 17:01:39,436 INFO  [io.api.tes.ser.api.KafkaSerdesTester] (Thread-682) Sending message {"key11753981294681": "value-7", "key21753981296405": "value-7"} to topic topic-9c7c8083_4976_4beb_81fe_46ef66e50be5
2025-07-31 17:01:39,440 INFO  [io.api.tes.ser.api.KafkaSerdesTester] (Thread-682) Sending message {"key11753981294681": "value-8", "key21753981296405": "value-8"} to topic topic-9c7c8083_4976_4beb_81fe_46ef66e50be5
2025-07-31 17:01:39,446 INFO  [io.api.tes.ser.api.KafkaSerdesTester] (Thread-682) Sending message {"key11753981294681": "value-9", "key21753981296405": "value-9"} to topic topic-9c7c8083_4976_4beb_81fe_46ef66e50be5
2025-07-31 17:01:39,448 INFO  [io.api.tes.ser.api.KafkaSerdesTester] (Thread-682) Produced 10 messages
2025-07-31 17:01:39,448 INFO  [org.apa.kaf.cli.pro.KafkaProducer] (Thread-682) [Producer clientId=Producer-topic-9c7c8083_4976_4beb_81fe_46ef66e50be5] Closing the Kafka producer with timeoutMillis = 9223372036854775807 ms.
2025-07-31 17:01:39,452 INFO  [org.apa.kaf.com.met.Metrics] (Thread-682) Metrics scheduler closed
2025-07-31 17:01:39,452 INFO  [org.apa.kaf.com.met.Metrics] (Thread-682) Closing reporter org.apache.kafka.common.metrics.JmxReporter
2025-07-31 17:01:39,452 INFO  [org.apa.kaf.com.met.Metrics] (Thread-682) Closing reporter org.apache.kafka.common.telemetry.internals.ClientTelemetryReporter
2025-07-31 17:01:39,452 INFO  [org.apa.kaf.com.met.Metrics] (Thread-682) Metrics reporters closed
2025-07-31 17:01:39,453 INFO  [org.apa.kaf.com.uti.AppInfoParser] (Thread-682) App info kafka.producer for Producer-topic-9c7c8083_4976_4beb_81fe_46ef66e50be5 unregistered
**** Registry Base URL: http://registry-app-postgresql.apps.ci419.apicurio-testing.org:80
2025-07-31 17:01:39,455 INFO  [org.apa.kaf.cli.pro.ProducerConfig] (main) ProducerConfig values: 
	acks = -1
	auto.include.jmx.reporter = true
	batch.size = 16384
	bootstrap.servers = [PLAINTEXT://localhost:32770]
	buffer.memory = 33554432
	client.dns.lookup = use_all_dns_ips
	client.id = Producer-topic-9c7c8083_4976_4beb_81fe_46ef66e50be5
	compression.gzip.level = -1
	compression.lz4.level = 9
	compression.type = none
	compression.zstd.level = 3
	connections.max.idle.ms = 10000
	delivery.timeout.ms = 120000
	enable.idempotence = true
	enable.metrics.push = true
	interceptor.classes = []
	key.serializer = class org.apache.kafka.common.serialization.StringSerializer
	linger.ms = 0
	max.block.ms = 60000
	max.in.flight.requests.per.connection = 5
	max.request.size = 1048576
	metadata.max.age.ms = 300000
	metadata.max.idle.ms = 300000
	metadata.recovery.strategy = none
	metric.reporters = []
	metrics.num.samples = 2
	metrics.recording.level = INFO
	metrics.sample.window.ms = 30000
	partitioner.adaptive.partitioning.enable = true
	partitioner.availability.timeout.ms = 0
	partitioner.class = null
	partitioner.ignore.keys = false
	receive.buffer.bytes = 32768
	reconnect.backoff.max.ms = 1000
	reconnect.backoff.ms = 50
	request.timeout.ms = 5000
	retries = 2147483647
	retry.backoff.max.ms = 1000
	retry.backoff.ms = 100
	sasl.client.callback.handler.class = null
	sasl.jaas.config = null
	sasl.kerberos.kinit.cmd = /usr/bin/kinit
	sasl.kerberos.min.time.before.relogin = 60000
	sasl.kerberos.service.name = null
	sasl.kerberos.ticket.renew.jitter = 0.05
	sasl.kerberos.ticket.renew.window.factor = 0.8
	sasl.login.callback.handler.class = null
	sasl.login.class = null
	sasl.login.connect.timeout.ms = null
	sasl.login.read.timeout.ms = null
	sasl.login.refresh.buffer.seconds = 300
	sasl.login.refresh.min.period.seconds = 60
	sasl.login.refresh.window.factor = 0.8
	sasl.login.refresh.window.jitter = 0.05
	sasl.login.retry.backoff.max.ms = 10000
	sasl.login.retry.backoff.ms = 100
	sasl.mechanism = GSSAPI
	sasl.oauthbearer.clock.skew.seconds = 30
	sasl.oauthbearer.expected.audience = null
	sasl.oauthbearer.expected.issuer = null
	sasl.oauthbearer.header.urlencode = false
	sasl.oauthbearer.jwks.endpoint.refresh.ms = 3600000
	sasl.oauthbearer.jwks.endpoint.retry.backoff.max.ms = 10000
	sasl.oauthbearer.jwks.endpoint.retry.backoff.ms = 100
	sasl.oauthbearer.jwks.endpoint.url = null
	sasl.oauthbearer.scope.claim.name = scope
	sasl.oauthbearer.sub.claim.name = sub
	sasl.oauthbearer.token.endpoint.url = null
	security.protocol = PLAINTEXT
	security.providers = null
	send.buffer.bytes = 131072
	socket.connection.setup.timeout.max.ms = 30000
	socket.connection.setup.timeout.ms = 10000
	ssl.cipher.suites = null
	ssl.enabled.protocols = [TLSv1.2, TLSv1.3]
	ssl.endpoint.identification.algorithm = https
	ssl.engine.factory.class = null
	ssl.key.password = null
	ssl.keymanager.algorithm = SunX509
	ssl.keystore.certificate.chain = null
	ssl.keystore.key = null
	ssl.keystore.location = null
	ssl.keystore.password = null
	ssl.keystore.type = JKS
	ssl.protocol = TLSv1.3
	ssl.provider = null
	ssl.secure.random.implementation = null
	ssl.trustmanager.algorithm = PKIX
	ssl.truststore.certificates = null
	ssl.truststore.location = null
	ssl.truststore.password = null
	ssl.truststore.type = JKS
	transaction.timeout.ms = 60000
	transactional.id = null
	value.serializer = class io.apicurio.registry.serde.avro.AvroKafkaSerializer

2025-07-31 17:01:39,455 INFO  [org.apa.kaf.com.tel.int.KafkaMetricsCollector] (main) initializing Kafka metrics collector
2025-07-31 17:01:39,463 INFO  [org.apa.kaf.cli.pro.KafkaProducer] (main) [Producer clientId=Producer-topic-9c7c8083_4976_4beb_81fe_46ef66e50be5] Instantiated an idempotent producer.
2025-07-31 17:01:39,465 INFO  [org.apa.kaf.cli.pro.ProducerConfig] (main) These configurations '[apicurio.registry.url, apicurio.registry.artifact-resolver-strategy]' were supplied but are not used yet.
2025-07-31 17:01:39,465 INFO  [org.apa.kaf.com.uti.AppInfoParser] (main) Kafka version: 3.9.1
2025-07-31 17:01:39,465 INFO  [org.apa.kaf.com.uti.AppInfoParser] (main) Kafka commitId: f745dfdcee2b9851
2025-07-31 17:01:39,465 INFO  [org.apa.kaf.com.uti.AppInfoParser] (main) Kafka startTimeMs: 1753981299465
2025-07-31 17:01:39,467 INFO  [io.api.tes.ser.api.KafkaSerdesTester] (Thread-685) Sending message {"key11753981294681": "value-0"} to topic topic-9c7c8083_4976_4beb_81fe_46ef66e50be5
2025-07-31 17:01:39,471 INFO  [org.apa.kaf.cli.Metadata] (kafka-producer-network-thread | Producer-topic-9c7c8083_4976_4beb_81fe_46ef66e50be5) [Producer clientId=Producer-topic-9c7c8083_4976_4beb_81fe_46ef66e50be5] Cluster ID: alGoLOtfQj2F2-zKWHmvbA
2025-07-31 17:01:39,472 INFO  [DefaultSchemaResolver] (Thread-685) Retrieving schema content using string: {"type":"record","name":"sdcc6d3baxd3d1x49b3xab97xe7787b0b59f7","namespace":"ns_1416185a_ad46_4a37_a3a1_601da7c1ae93","fields":[{"name":"key11753981294681","type":"string"}]}
2025-07-31 17:01:39,475 INFO  [org.apa.kaf.cli.pro.int.TransactionManager] (kafka-producer-network-thread | Producer-topic-9c7c8083_4976_4beb_81fe_46ef66e50be5) [Producer clientId=Producer-topic-9c7c8083_4976_4beb_81fe_46ef66e50be5] ProducerId set to 17 with epoch 0
2025-07-31 17:01:39,500 INFO  [io.api.tes.ser.api.KafkaSerdesTester] (Thread-685) Sending message {"key11753981294681": "value-1"} to topic topic-9c7c8083_4976_4beb_81fe_46ef66e50be5
2025-07-31 17:01:39,504 INFO  [io.api.tes.ser.api.KafkaSerdesTester] (Thread-685) Sending message {"key11753981294681": "value-2"} to topic topic-9c7c8083_4976_4beb_81fe_46ef66e50be5
2025-07-31 17:01:39,507 INFO  [io.api.tes.ser.api.KafkaSerdesTester] (Thread-685) Sending message {"key11753981294681": "value-3"} to topic topic-9c7c8083_4976_4beb_81fe_46ef66e50be5
2025-07-31 17:01:39,508 INFO  [io.api.tes.ser.api.KafkaSerdesTester] (Thread-685) Sending message {"key11753981294681": "value-4"} to topic topic-9c7c8083_4976_4beb_81fe_46ef66e50be5
2025-07-31 17:01:39,509 INFO  [io.api.tes.ser.api.KafkaSerdesTester] (Thread-685) Sending message {"key11753981294681": "value-5"} to topic topic-9c7c8083_4976_4beb_81fe_46ef66e50be5
2025-07-31 17:01:39,511 INFO  [io.api.tes.ser.api.KafkaSerdesTester] (Thread-685) Sending message {"key11753981294681": "value-6"} to topic topic-9c7c8083_4976_4beb_81fe_46ef66e50be5
2025-07-31 17:01:39,513 INFO  [io.api.tes.ser.api.KafkaSerdesTester] (Thread-685) Sending message {"key11753981294681": "value-7"} to topic topic-9c7c8083_4976_4beb_81fe_46ef66e50be5
2025-07-31 17:01:39,514 INFO  [io.api.tes.ser.api.KafkaSerdesTester] (Thread-685) Sending message {"key11753981294681": "value-8"} to topic topic-9c7c8083_4976_4beb_81fe_46ef66e50be5
2025-07-31 17:01:39,516 INFO  [io.api.tes.ser.api.KafkaSerdesTester] (Thread-685) Sending message {"key11753981294681": "value-9"} to topic topic-9c7c8083_4976_4beb_81fe_46ef66e50be5
2025-07-31 17:01:39,517 INFO  [io.api.tes.ser.api.KafkaSerdesTester] (Thread-685) Produced 10 messages
2025-07-31 17:01:39,517 INFO  [org.apa.kaf.cli.pro.KafkaProducer] (Thread-685) [Producer clientId=Producer-topic-9c7c8083_4976_4beb_81fe_46ef66e50be5] Closing the Kafka producer with timeoutMillis = 9223372036854775807 ms.
2025-07-31 17:01:39,519 INFO  [org.apa.kaf.com.met.Metrics] (Thread-685) Metrics scheduler closed
2025-07-31 17:01:39,519 INFO  [org.apa.kaf.com.met.Metrics] (Thread-685) Closing reporter org.apache.kafka.common.metrics.JmxReporter
2025-07-31 17:01:39,519 INFO  [org.apa.kaf.com.met.Metrics] (Thread-685) Closing reporter org.apache.kafka.common.telemetry.internals.ClientTelemetryReporter
2025-07-31 17:01:39,519 INFO  [org.apa.kaf.com.met.Metrics] (Thread-685) Metrics reporters closed
2025-07-31 17:01:39,519 INFO  [org.apa.kaf.com.uti.AppInfoParser] (Thread-685) App info kafka.producer for Producer-topic-9c7c8083_4976_4beb_81fe_46ef66e50be5 unregistered
**** Registry Base URL: http://registry-app-postgresql.apps.ci419.apicurio-testing.org:80
2025-07-31 17:01:39,520 INFO  [org.apa.kaf.cli.con.ConsumerConfig] (main) ConsumerConfig values: 
	allow.auto.create.topics = true
	auto.commit.interval.ms = 500
	auto.include.jmx.reporter = true
	auto.offset.reset = earliest
	bootstrap.servers = [PLAINTEXT://localhost:32770]
	check.crcs = true
	client.dns.lookup = use_all_dns_ips
	client.id = consumer-Consumer-topic-9c7c8083_4976_4beb_81fe_46ef66e50be5-12
	client.rack = 
	connections.max.idle.ms = 10000
	default.api.timeout.ms = 60000
	enable.auto.commit = true
	enable.metrics.push = true
	exclude.internal.topics = true
	fetch.max.bytes = 52428800
	fetch.max.wait.ms = 500
	fetch.min.bytes = 1
	group.id = Consumer-topic-9c7c8083_4976_4beb_81fe_46ef66e50be5
	group.instance.id = null
	group.protocol = classic
	group.remote.assignor = null
	heartbeat.interval.ms = 3000
	interceptor.classes = []
	internal.leave.group.on.close = true
	internal.throw.on.fetch.stable.offset.unsupported = false
	isolation.level = read_uncommitted
	key.deserializer = class org.apache.kafka.common.serialization.StringDeserializer
	max.partition.fetch.bytes = 1048576
	max.poll.interval.ms = 300000
	max.poll.records = 500
	metadata.max.age.ms = 300000
	metadata.recovery.strategy = none
	metric.reporters = []
	metrics.num.samples = 2
	metrics.recording.level = INFO
	metrics.sample.window.ms = 30000
	partition.assignment.strategy = [class org.apache.kafka.clients.consumer.RangeAssignor, class org.apache.kafka.clients.consumer.CooperativeStickyAssignor]
	receive.buffer.bytes = 65536
	reconnect.backoff.max.ms = 1000
	reconnect.backoff.ms = 50
	request.timeout.ms = 5000
	retry.backoff.max.ms = 1000
	retry.backoff.ms = 100
	sasl.client.callback.handler.class = null
	sasl.jaas.config = null
	sasl.kerberos.kinit.cmd = /usr/bin/kinit
	sasl.kerberos.min.time.before.relogin = 60000
	sasl.kerberos.service.name = null
	sasl.kerberos.ticket.renew.jitter = 0.05
	sasl.kerberos.ticket.renew.window.factor = 0.8
	sasl.login.callback.handler.class = null
	sasl.login.class = null
	sasl.login.connect.timeout.ms = null
	sasl.login.read.timeout.ms = null
	sasl.login.refresh.buffer.seconds = 300
	sasl.login.refresh.min.period.seconds = 60
	sasl.login.refresh.window.factor = 0.8
	sasl.login.refresh.window.jitter = 0.05
	sasl.login.retry.backoff.max.ms = 10000
	sasl.login.retry.backoff.ms = 100
	sasl.mechanism = GSSAPI
	sasl.oauthbearer.clock.skew.seconds = 30
	sasl.oauthbearer.expected.audience = null
	sasl.oauthbearer.expected.issuer = null
	sasl.oauthbearer.header.urlencode = false
	sasl.oauthbearer.jwks.endpoint.refresh.ms = 3600000
	sasl.oauthbearer.jwks.endpoint.retry.backoff.max.ms = 10000
	sasl.oauthbearer.jwks.endpoint.retry.backoff.ms = 100
	sasl.oauthbearer.jwks.endpoint.url = null
	sasl.oauthbearer.scope.claim.name = scope
	sasl.oauthbearer.sub.claim.name = sub
	sasl.oauthbearer.token.endpoint.url = null
	security.protocol = PLAINTEXT
	security.providers = null
	send.buffer.bytes = 131072
	session.timeout.ms = 45000
	socket.connection.setup.timeout.max.ms = 30000
	socket.connection.setup.timeout.ms = 10000
	ssl.cipher.suites = null
	ssl.enabled.protocols = [TLSv1.2, TLSv1.3]
	ssl.endpoint.identification.algorithm = https
	ssl.engine.factory.class = null
	ssl.key.password = null
	ssl.keymanager.algorithm = SunX509
	ssl.keystore.certificate.chain = null
	ssl.keystore.key = null
	ssl.keystore.location = null
	ssl.keystore.password = null
	ssl.keystore.type = JKS
	ssl.protocol = TLSv1.3
	ssl.provider = null
	ssl.secure.random.implementation = null
	ssl.trustmanager.algorithm = PKIX
	ssl.truststore.certificates = null
	ssl.truststore.location = null
	ssl.truststore.password = null
	ssl.truststore.type = JKS
	value.deserializer = class io.apicurio.registry.serde.avro.AvroKafkaDeserializer

2025-07-31 17:01:39,520 INFO  [org.apa.kaf.com.tel.int.KafkaMetricsCollector] (main) initializing Kafka metrics collector
2025-07-31 17:01:39,528 INFO  [org.apa.kaf.cli.con.ConsumerConfig] (main) These configurations '[apicurio.registry.url]' were supplied but are not used yet.
2025-07-31 17:01:39,529 INFO  [org.apa.kaf.com.uti.AppInfoParser] (main) Kafka version: 3.9.1
2025-07-31 17:01:39,529 INFO  [org.apa.kaf.com.uti.AppInfoParser] (main) Kafka commitId: f745dfdcee2b9851
2025-07-31 17:01:39,529 INFO  [org.apa.kaf.com.uti.AppInfoParser] (main) Kafka startTimeMs: 1753981299529
2025-07-31 17:01:39,530 INFO  [org.apa.kaf.cli.con.int.ClassicKafkaConsumer] (Thread-688) [Consumer clientId=consumer-Consumer-topic-9c7c8083_4976_4beb_81fe_46ef66e50be5-12, groupId=Consumer-topic-9c7c8083_4976_4beb_81fe_46ef66e50be5] Subscribed to topic(s): topic-9c7c8083_4976_4beb_81fe_46ef66e50be5
2025-07-31 17:01:39,535 INFO  [org.apa.kaf.cli.Metadata] (Thread-688) [Consumer clientId=consumer-Consumer-topic-9c7c8083_4976_4beb_81fe_46ef66e50be5-12, groupId=Consumer-topic-9c7c8083_4976_4beb_81fe_46ef66e50be5] Cluster ID: alGoLOtfQj2F2-zKWHmvbA
2025-07-31 17:01:39,536 INFO  [org.apa.kaf.cli.con.int.ConsumerCoordinator] (Thread-688) [Consumer clientId=consumer-Consumer-topic-9c7c8083_4976_4beb_81fe_46ef66e50be5-12, groupId=Consumer-topic-9c7c8083_4976_4beb_81fe_46ef66e50be5] Discovered group coordinator localhost:32770 (id: 2147483647 rack: null)
2025-07-31 17:01:39,538 INFO  [org.apa.kaf.cli.con.int.ConsumerCoordinator] (Thread-688) [Consumer clientId=consumer-Consumer-topic-9c7c8083_4976_4beb_81fe_46ef66e50be5-12, groupId=Consumer-topic-9c7c8083_4976_4beb_81fe_46ef66e50be5] (Re-)joining group
2025-07-31 17:01:39,541 INFO  [org.apa.kaf.cli.con.int.ConsumerCoordinator] (Thread-688) [Consumer clientId=consumer-Consumer-topic-9c7c8083_4976_4beb_81fe_46ef66e50be5-12, groupId=Consumer-topic-9c7c8083_4976_4beb_81fe_46ef66e50be5] Request joining group due to: need to re-join with the given member-id: consumer-Consumer-topic-9c7c8083_4976_4beb_81fe_46ef66e50be5-12-028d5263-2c50-4475-8d06-972705b6f817
2025-07-31 17:01:39,541 INFO  [org.apa.kaf.cli.con.int.ConsumerCoordinator] (Thread-688) [Consumer clientId=consumer-Consumer-topic-9c7c8083_4976_4beb_81fe_46ef66e50be5-12, groupId=Consumer-topic-9c7c8083_4976_4beb_81fe_46ef66e50be5] (Re-)joining group
2025-07-31 17:01:39,543 INFO  [org.apa.kaf.cli.con.int.ConsumerCoordinator] (Thread-688) [Consumer clientId=consumer-Consumer-topic-9c7c8083_4976_4beb_81fe_46ef66e50be5-12, groupId=Consumer-topic-9c7c8083_4976_4beb_81fe_46ef66e50be5] Successfully joined group with generation Generation{generationId=5, memberId='consumer-Consumer-topic-9c7c8083_4976_4beb_81fe_46ef66e50be5-12-028d5263-2c50-4475-8d06-972705b6f817', protocol='range'}
2025-07-31 17:01:39,544 INFO  [org.apa.kaf.cli.con.int.ConsumerCoordinator] (Thread-688) [Consumer clientId=consumer-Consumer-topic-9c7c8083_4976_4beb_81fe_46ef66e50be5-12, groupId=Consumer-topic-9c7c8083_4976_4beb_81fe_46ef66e50be5] Finished assignment for group at generation 5: {consumer-Consumer-topic-9c7c8083_4976_4beb_81fe_46ef66e50be5-12-028d5263-2c50-4475-8d06-972705b6f817=Assignment(partitions=[topic-9c7c8083_4976_4beb_81fe_46ef66e50be5-0])}
2025-07-31 17:01:39,546 INFO  [org.apa.kaf.cli.con.int.ConsumerCoordinator] (Thread-688) [Consumer clientId=consumer-Consumer-topic-9c7c8083_4976_4beb_81fe_46ef66e50be5-12, groupId=Consumer-topic-9c7c8083_4976_4beb_81fe_46ef66e50be5] Successfully synced group in generation Generation{generationId=5, memberId='consumer-Consumer-topic-9c7c8083_4976_4beb_81fe_46ef66e50be5-12-028d5263-2c50-4475-8d06-972705b6f817', protocol='range'}
2025-07-31 17:01:39,547 INFO  [org.apa.kaf.cli.con.int.ConsumerCoordinator] (Thread-688) [Consumer clientId=consumer-Consumer-topic-9c7c8083_4976_4beb_81fe_46ef66e50be5-12, groupId=Consumer-topic-9c7c8083_4976_4beb_81fe_46ef66e50be5] Notifying assignor about the new Assignment(partitions=[topic-9c7c8083_4976_4beb_81fe_46ef66e50be5-0])
2025-07-31 17:01:39,547 INFO  [org.apa.kaf.cli.con.int.ConsumerRebalanceListenerInvoker] (Thread-688) [Consumer clientId=consumer-Consumer-topic-9c7c8083_4976_4beb_81fe_46ef66e50be5-12, groupId=Consumer-topic-9c7c8083_4976_4beb_81fe_46ef66e50be5] Adding newly assigned partitions: topic-9c7c8083_4976_4beb_81fe_46ef66e50be5-0
2025-07-31 17:01:39,548 INFO  [org.apa.kaf.cli.con.int.ConsumerUtils] (Thread-688) Setting offset for partition topic-9c7c8083_4976_4beb_81fe_46ef66e50be5-0 to the committed offset FetchPosition{offset=30, offsetEpoch=Optional[0], currentLeader=LeaderAndEpoch{leader=Optional[localhost:32770 (id: 0 rack: null)], epoch=0}}
2025-07-31 17:01:39,646 INFO  [io.api.tes.ser.api.KafkaSerdesTester] (Thread-688) topic-9c7c8083_4976_4beb_81fe_46ef66e50be5 0 30 {"key11753981294681": "value-0", "key21753981296405": "value-0", "key31753981298237": "value-0"}
2025-07-31 17:01:39,646 INFO  [io.api.tes.ser.api.KafkaSerdesTester] (Thread-688) topic-9c7c8083_4976_4beb_81fe_46ef66e50be5 0 31 {"key11753981294681": "value-1", "key21753981296405": "value-1", "key31753981298237": "value-1"}
2025-07-31 17:01:39,646 INFO  [io.api.tes.ser.api.KafkaSerdesTester] (Thread-688) topic-9c7c8083_4976_4beb_81fe_46ef66e50be5 0 32 {"key11753981294681": "value-2", "key21753981296405": "value-2", "key31753981298237": "value-2"}
2025-07-31 17:01:39,646 INFO  [io.api.tes.ser.api.KafkaSerdesTester] (Thread-688) topic-9c7c8083_4976_4beb_81fe_46ef66e50be5 0 33 {"key11753981294681": "value-3", "key21753981296405": "value-3", "key31753981298237": "value-3"}
2025-07-31 17:01:39,646 INFO  [io.api.tes.ser.api.KafkaSerdesTester] (Thread-688) topic-9c7c8083_4976_4beb_81fe_46ef66e50be5 0 34 {"key11753981294681": "value-4", "key21753981296405": "value-4", "key31753981298237": "value-4"}
2025-07-31 17:01:39,646 INFO  [io.api.tes.ser.api.KafkaSerdesTester] (Thread-688) topic-9c7c8083_4976_4beb_81fe_46ef66e50be5 0 35 {"key11753981294681": "value-5", "key21753981296405": "value-5", "key31753981298237": "value-5"}
2025-07-31 17:01:39,646 INFO  [io.api.tes.ser.api.KafkaSerdesTester] (Thread-688) topic-9c7c8083_4976_4beb_81fe_46ef66e50be5 0 36 {"key11753981294681": "value-6", "key21753981296405": "value-6", "key31753981298237": "value-6"}
2025-07-31 17:01:39,646 INFO  [io.api.tes.ser.api.KafkaSerdesTester] (Thread-688) topic-9c7c8083_4976_4beb_81fe_46ef66e50be5 0 37 {"key11753981294681": "value-7", "key21753981296405": "value-7", "key31753981298237": "value-7"}
2025-07-31 17:01:39,646 INFO  [io.api.tes.ser.api.KafkaSerdesTester] (Thread-688) topic-9c7c8083_4976_4beb_81fe_46ef66e50be5 0 38 {"key11753981294681": "value-8", "key21753981296405": "value-8", "key31753981298237": "value-8"}
2025-07-31 17:01:39,646 INFO  [io.api.tes.ser.api.KafkaSerdesTester] (Thread-688) topic-9c7c8083_4976_4beb_81fe_46ef66e50be5 0 39 {"key11753981294681": "value-9", "key21753981296405": "value-9", "key31753981298237": "value-9"}
2025-07-31 17:01:39,646 INFO  [io.api.tes.ser.api.KafkaSerdesTester] (Thread-688) topic-9c7c8083_4976_4beb_81fe_46ef66e50be5 0 40 {"key11753981294681": "value-0", "key21753981296405": "value-0"}
2025-07-31 17:01:39,646 INFO  [io.api.tes.ser.api.KafkaSerdesTester] (Thread-688) topic-9c7c8083_4976_4beb_81fe_46ef66e50be5 0 41 {"key11753981294681": "value-1", "key21753981296405": "value-1"}
2025-07-31 17:01:39,646 INFO  [io.api.tes.ser.api.KafkaSerdesTester] (Thread-688) topic-9c7c8083_4976_4beb_81fe_46ef66e50be5 0 42 {"key11753981294681": "value-2", "key21753981296405": "value-2"}
2025-07-31 17:01:39,647 INFO  [io.api.tes.ser.api.KafkaSerdesTester] (Thread-688) topic-9c7c8083_4976_4beb_81fe_46ef66e50be5 0 43 {"key11753981294681": "value-3", "key21753981296405": "value-3"}
2025-07-31 17:01:39,647 INFO  [io.api.tes.ser.api.KafkaSerdesTester] (Thread-688) topic-9c7c8083_4976_4beb_81fe_46ef66e50be5 0 44 {"key11753981294681": "value-4", "key21753981296405": "value-4"}
2025-07-31 17:01:39,647 INFO  [io.api.tes.ser.api.KafkaSerdesTester] (Thread-688) topic-9c7c8083_4976_4beb_81fe_46ef66e50be5 0 45 {"key11753981294681": "value-5", "key21753981296405": "value-5"}
2025-07-31 17:01:39,647 INFO  [io.api.tes.ser.api.KafkaSerdesTester] (Thread-688) topic-9c7c8083_4976_4beb_81fe_46ef66e50be5 0 46 {"key11753981294681": "value-6", "key21753981296405": "value-6"}
2025-07-31 17:01:39,647 INFO  [io.api.tes.ser.api.KafkaSerdesTester] (Thread-688) topic-9c7c8083_4976_4beb_81fe_46ef66e50be5 0 47 {"key11753981294681": "value-7", "key21753981296405": "value-7"}
2025-07-31 17:01:39,647 INFO  [io.api.tes.ser.api.KafkaSerdesTester] (Thread-688) topic-9c7c8083_4976_4beb_81fe_46ef66e50be5 0 48 {"key11753981294681": "value-8", "key21753981296405": "value-8"}
2025-07-31 17:01:39,647 INFO  [io.api.tes.ser.api.KafkaSerdesTester] (Thread-688) topic-9c7c8083_4976_4beb_81fe_46ef66e50be5 0 49 {"key11753981294681": "value-9", "key21753981296405": "value-9"}
2025-07-31 17:01:39,647 INFO  [io.api.tes.ser.api.KafkaSerdesTester] (Thread-688) topic-9c7c8083_4976_4beb_81fe_46ef66e50be5 0 50 {"key11753981294681": "value-0"}
2025-07-31 17:01:39,647 INFO  [io.api.tes.ser.api.KafkaSerdesTester] (Thread-688) topic-9c7c8083_4976_4beb_81fe_46ef66e50be5 0 51 {"key11753981294681": "value-1"}
2025-07-31 17:01:39,647 INFO  [io.api.tes.ser.api.KafkaSerdesTester] (Thread-688) topic-9c7c8083_4976_4beb_81fe_46ef66e50be5 0 52 {"key11753981294681": "value-2"}
2025-07-31 17:01:39,647 INFO  [io.api.tes.ser.api.KafkaSerdesTester] (Thread-688) topic-9c7c8083_4976_4beb_81fe_46ef66e50be5 0 53 {"key11753981294681": "value-3"}
2025-07-31 17:01:39,647 INFO  [io.api.tes.ser.api.KafkaSerdesTester] (Thread-688) topic-9c7c8083_4976_4beb_81fe_46ef66e50be5 0 54 {"key11753981294681": "value-4"}
2025-07-31 17:01:39,647 INFO  [io.api.tes.ser.api.KafkaSerdesTester] (Thread-688) topic-9c7c8083_4976_4beb_81fe_46ef66e50be5 0 55 {"key11753981294681": "value-5"}
2025-07-31 17:01:39,647 INFO  [io.api.tes.ser.api.KafkaSerdesTester] (Thread-688) topic-9c7c8083_4976_4beb_81fe_46ef66e50be5 0 56 {"key11753981294681": "value-6"}
2025-07-31 17:01:39,647 INFO  [io.api.tes.ser.api.KafkaSerdesTester] (Thread-688) topic-9c7c8083_4976_4beb_81fe_46ef66e50be5 0 57 {"key11753981294681": "value-7"}
2025-07-31 17:01:39,647 INFO  [io.api.tes.ser.api.KafkaSerdesTester] (Thread-688) topic-9c7c8083_4976_4beb_81fe_46ef66e50be5 0 58 {"key11753981294681": "value-8"}
2025-07-31 17:01:39,647 INFO  [io.api.tes.ser.api.KafkaSerdesTester] (Thread-688) topic-9c7c8083_4976_4beb_81fe_46ef66e50be5 0 59 {"key11753981294681": "value-9"}
2025-07-31 17:01:39,647 INFO  [io.api.tes.ser.api.KafkaSerdesTester] (Thread-688) Consumed 30 messages
2025-07-31 17:01:39,650 INFO  [org.apa.kaf.cli.con.int.ConsumerRebalanceListenerInvoker] (Thread-688) [Consumer clientId=consumer-Consumer-topic-9c7c8083_4976_4beb_81fe_46ef66e50be5-12, groupId=Consumer-topic-9c7c8083_4976_4beb_81fe_46ef66e50be5] Revoke previously assigned partitions topic-9c7c8083_4976_4beb_81fe_46ef66e50be5-0
2025-07-31 17:01:39,650 INFO  [org.apa.kaf.cli.con.int.ConsumerCoordinator] (Thread-688) [Consumer clientId=consumer-Consumer-topic-9c7c8083_4976_4beb_81fe_46ef66e50be5-12, groupId=Consumer-topic-9c7c8083_4976_4beb_81fe_46ef66e50be5] Member consumer-Consumer-topic-9c7c8083_4976_4beb_81fe_46ef66e50be5-12-028d5263-2c50-4475-8d06-972705b6f817 sending LeaveGroup request to coordinator localhost:32770 (id: 2147483647 rack: null) due to the consumer is being closed
2025-07-31 17:01:39,650 INFO  [org.apa.kaf.cli.con.int.ConsumerCoordinator] (Thread-688) [Consumer clientId=consumer-Consumer-topic-9c7c8083_4976_4beb_81fe_46ef66e50be5-12, groupId=Consumer-topic-9c7c8083_4976_4beb_81fe_46ef66e50be5] Resetting generation and member id due to: consumer pro-actively leaving the group
2025-07-31 17:01:39,650 INFO  [org.apa.kaf.cli.con.int.ConsumerCoordinator] (Thread-688) [Consumer clientId=consumer-Consumer-topic-9c7c8083_4976_4beb_81fe_46ef66e50be5-12, groupId=Consumer-topic-9c7c8083_4976_4beb_81fe_46ef66e50be5] Request joining group due to: consumer pro-actively leaving the group
2025-07-31 17:01:40,149 INFO  [org.apa.kaf.com.met.Metrics] (Thread-688) Metrics scheduler closed
2025-07-31 17:01:40,149 INFO  [org.apa.kaf.com.met.Metrics] (Thread-688) Closing reporter org.apache.kafka.common.metrics.JmxReporter
2025-07-31 17:01:40,149 INFO  [org.apa.kaf.com.met.Metrics] (Thread-688) Closing reporter org.apache.kafka.common.telemetry.internals.ClientTelemetryReporter
2025-07-31 17:01:40,149 INFO  [org.apa.kaf.com.met.Metrics] (Thread-688) Metrics reporters closed
2025-07-31 17:01:40,151 INFO  [org.apa.kaf.com.uti.AppInfoParser] (Thread-688) App info kafka.consumer for consumer-Consumer-topic-9c7c8083_4976_4beb_81fe_46ef66e50be5-12 unregistered
2025-07-31 17:01:40,151 INFO  [org.apa.kaf.cli.pro.KafkaProducer] (main) [Producer clientId=Producer-topic-9c7c8083_4976_4beb_81fe_46ef66e50be5] Closing the Kafka producer with timeoutMillis = 9223372036854775807 ms.
2025-07-31 17:01:40,151 INFO  [org.apa.kaf.com.met.Metrics] (main) Metrics scheduler closed
2025-07-31 17:01:40,151 INFO  [org.apa.kaf.com.met.Metrics] (main) Closing reporter org.apache.kafka.common.metrics.JmxReporter
2025-07-31 17:01:40,152 INFO  [org.apa.kaf.com.met.Metrics] (main) Closing reporter org.apache.kafka.common.telemetry.internals.ClientTelemetryReporter
2025-07-31 17:01:40,152 INFO  [org.apa.kaf.com.met.Metrics] (main) Metrics reporters closed
2025-07-31 17:01:40,152 INFO  [org.apa.kaf.com.uti.AppInfoParser] (main) App info kafka.producer for Producer-topic-9c7c8083_4976_4beb_81fe_46ef66e50be5 unregistered
2025-07-31 17:01:40,152 INFO  [io.api.tes.uti.TestSeparator] (main) io.apicurio.tests.serdes.apicurio.AvroSerdeIT.testEvolveAvroApicurio-FINISHED
2025-07-31 17:01:40,152 INFO  [io.api.tes.uti.TestSeparator] (main) ############################################################################
Test passed: testEvolveAvroApicurio
]]></system-out>
  </testcase>
  <testcase name="testTopicRecordIdStrategydFindLatest" classname="io.apicurio.tests.serdes.apicurio.AvroSerdeIT" time="1.718">
    <system-out><![CDATA[2025-07-31 17:01:40,155 INFO  [io.api.tes.uti.TestSeparator] (main) ############################################################################
2025-07-31 17:01:40,155 INFO  [io.api.tes.uti.TestSeparator] (main) io.apicurio.tests.serdes.apicurio.AvroSerdeIT.testTopicRecordIdStrategydFindLatest-STARTED
2025-07-31 17:01:40,158 INFO  [io.api.tes.ser.api.AvroSerdeIT] (main) Registering Avro Schema: {"type":"record","name":"s6aede777x6197x468bxadf1x9117f5f5bf62","namespace":"s0c7e7354xf07dx4669xbbd6x31fe7fe5aa50","fields":[{"name":"key11753981300155","type":"string"}]}
**** Registry Base URL: http://registry-app-postgresql.apps.ci419.apicurio-testing.org:80
2025-07-31 17:01:41,205 INFO  [org.apa.kaf.cli.pro.ProducerConfig] (main) ProducerConfig values: 
	acks = -1
	auto.include.jmx.reporter = true
	batch.size = 16384
	bootstrap.servers = [PLAINTEXT://localhost:32770]
	buffer.memory = 33554432
	client.dns.lookup = use_all_dns_ips
	client.id = Producer-topic-550fda07_1fb3_46f2_8d3e_31cac0ec3868
	compression.gzip.level = -1
	compression.lz4.level = 9
	compression.type = none
	compression.zstd.level = 3
	connections.max.idle.ms = 10000
	delivery.timeout.ms = 120000
	enable.idempotence = true
	enable.metrics.push = true
	interceptor.classes = []
	key.serializer = class org.apache.kafka.common.serialization.StringSerializer
	linger.ms = 0
	max.block.ms = 60000
	max.in.flight.requests.per.connection = 5
	max.request.size = 1048576
	metadata.max.age.ms = 300000
	metadata.max.idle.ms = 300000
	metadata.recovery.strategy = none
	metric.reporters = []
	metrics.num.samples = 2
	metrics.recording.level = INFO
	metrics.sample.window.ms = 30000
	partitioner.adaptive.partitioning.enable = true
	partitioner.availability.timeout.ms = 0
	partitioner.class = null
	partitioner.ignore.keys = false
	receive.buffer.bytes = 32768
	reconnect.backoff.max.ms = 1000
	reconnect.backoff.ms = 50
	request.timeout.ms = 5000
	retries = 2147483647
	retry.backoff.max.ms = 1000
	retry.backoff.ms = 100
	sasl.client.callback.handler.class = null
	sasl.jaas.config = null
	sasl.kerberos.kinit.cmd = /usr/bin/kinit
	sasl.kerberos.min.time.before.relogin = 60000
	sasl.kerberos.service.name = null
	sasl.kerberos.ticket.renew.jitter = 0.05
	sasl.kerberos.ticket.renew.window.factor = 0.8
	sasl.login.callback.handler.class = null
	sasl.login.class = null
	sasl.login.connect.timeout.ms = null
	sasl.login.read.timeout.ms = null
	sasl.login.refresh.buffer.seconds = 300
	sasl.login.refresh.min.period.seconds = 60
	sasl.login.refresh.window.factor = 0.8
	sasl.login.refresh.window.jitter = 0.05
	sasl.login.retry.backoff.max.ms = 10000
	sasl.login.retry.backoff.ms = 100
	sasl.mechanism = GSSAPI
	sasl.oauthbearer.clock.skew.seconds = 30
	sasl.oauthbearer.expected.audience = null
	sasl.oauthbearer.expected.issuer = null
	sasl.oauthbearer.header.urlencode = false
	sasl.oauthbearer.jwks.endpoint.refresh.ms = 3600000
	sasl.oauthbearer.jwks.endpoint.retry.backoff.max.ms = 10000
	sasl.oauthbearer.jwks.endpoint.retry.backoff.ms = 100
	sasl.oauthbearer.jwks.endpoint.url = null
	sasl.oauthbearer.scope.claim.name = scope
	sasl.oauthbearer.sub.claim.name = sub
	sasl.oauthbearer.token.endpoint.url = null
	security.protocol = PLAINTEXT
	security.providers = null
	send.buffer.bytes = 131072
	socket.connection.setup.timeout.max.ms = 30000
	socket.connection.setup.timeout.ms = 10000
	ssl.cipher.suites = null
	ssl.enabled.protocols = [TLSv1.2, TLSv1.3]
	ssl.endpoint.identification.algorithm = https
	ssl.engine.factory.class = null
	ssl.key.password = null
	ssl.keymanager.algorithm = SunX509
	ssl.keystore.certificate.chain = null
	ssl.keystore.key = null
	ssl.keystore.location = null
	ssl.keystore.password = null
	ssl.keystore.type = JKS
	ssl.protocol = TLSv1.3
	ssl.provider = null
	ssl.secure.random.implementation = null
	ssl.trustmanager.algorithm = PKIX
	ssl.truststore.certificates = null
	ssl.truststore.location = null
	ssl.truststore.password = null
	ssl.truststore.type = JKS
	transaction.timeout.ms = 60000
	transactional.id = null
	value.serializer = class io.apicurio.registry.serde.avro.AvroKafkaSerializer

2025-07-31 17:01:41,205 INFO  [org.apa.kaf.com.tel.int.KafkaMetricsCollector] (main) initializing Kafka metrics collector
2025-07-31 17:01:41,209 INFO  [org.apa.kaf.cli.pro.KafkaProducer] (main) [Producer clientId=Producer-topic-550fda07_1fb3_46f2_8d3e_31cac0ec3868] Instantiated an idempotent producer.
2025-07-31 17:01:41,218 INFO  [org.apa.kaf.cli.pro.ProducerConfig] (main) These configurations '[apicurio.registry.find-latest, apicurio.registry.url, apicurio.registry.artifact-resolver-strategy]' were supplied but are not used yet.
2025-07-31 17:01:41,218 INFO  [org.apa.kaf.com.uti.AppInfoParser] (main) Kafka version: 3.9.1
2025-07-31 17:01:41,218 INFO  [org.apa.kaf.com.uti.AppInfoParser] (main) Kafka commitId: f745dfdcee2b9851
2025-07-31 17:01:41,218 INFO  [org.apa.kaf.com.uti.AppInfoParser] (main) Kafka startTimeMs: 1753981301218
2025-07-31 17:01:41,218 INFO  [io.api.tes.ser.api.SimpleSerdesTesterBuilder$SimpleSerdesTester] (main) Using producer configuration: {apicurio.registry.find-latest=true, apicurio.registry.url=http://registry-app-postgresql.apps.ci419.apicurio-testing.org:80/apis/registry/v3, apicurio.registry.artifact-resolver-strategy=io.apicurio.registry.serde.avro.strategy.TopicRecordIdStrategy, value.serializer=io.apicurio.registry.serde.avro.AvroKafkaSerializer, request.timeout.ms=5000, acks=all, bootstrap.servers=PLAINTEXT://localhost:32770, connections.max.idle.ms=10000, key.serializer=org.apache.kafka.common.serialization.StringSerializer, client.id=Producer-topic-550fda07_1fb3_46f2_8d3e_31cac0ec3868}
2025-07-31 17:01:41,218 INFO  [io.api.tes.ser.api.SimpleSerdesTesterBuilder$SimpleSerdesTester] (main) Using consumer configuration: {}
2025-07-31 17:01:41,220 INFO  [io.api.tes.ser.api.KafkaSerdesTester] (Thread-691) Sending message {"key11753981300155": "value-0"} to topic topic-550fda07_1fb3_46f2_8d3e_31cac0ec3868
2025-07-31 17:01:41,223 INFO  [org.apa.kaf.cli.Metadata] (kafka-producer-network-thread | Producer-topic-550fda07_1fb3_46f2_8d3e_31cac0ec3868) [Producer clientId=Producer-topic-550fda07_1fb3_46f2_8d3e_31cac0ec3868] Cluster ID: alGoLOtfQj2F2-zKWHmvbA
2025-07-31 17:01:41,226 INFO  [org.apa.kaf.cli.pro.int.TransactionManager] (kafka-producer-network-thread | Producer-topic-550fda07_1fb3_46f2_8d3e_31cac0ec3868) [Producer clientId=Producer-topic-550fda07_1fb3_46f2_8d3e_31cac0ec3868] ProducerId set to 18 with epoch 0
2025-07-31 17:01:41,271 INFO  [io.api.tes.ser.api.KafkaSerdesTester] (Thread-691) Sending message {"key11753981300155": "value-1"} to topic topic-550fda07_1fb3_46f2_8d3e_31cac0ec3868
2025-07-31 17:01:41,273 INFO  [io.api.tes.ser.api.KafkaSerdesTester] (Thread-691) Sending message {"key11753981300155": "value-2"} to topic topic-550fda07_1fb3_46f2_8d3e_31cac0ec3868
2025-07-31 17:01:41,274 INFO  [io.api.tes.ser.api.KafkaSerdesTester] (Thread-691) Sending message {"key11753981300155": "value-3"} to topic topic-550fda07_1fb3_46f2_8d3e_31cac0ec3868
2025-07-31 17:01:41,276 INFO  [io.api.tes.ser.api.KafkaSerdesTester] (Thread-691) Sending message {"key11753981300155": "value-4"} to topic topic-550fda07_1fb3_46f2_8d3e_31cac0ec3868
2025-07-31 17:01:41,277 INFO  [io.api.tes.ser.api.KafkaSerdesTester] (Thread-691) Sending message {"key11753981300155": "value-5"} to topic topic-550fda07_1fb3_46f2_8d3e_31cac0ec3868
2025-07-31 17:01:41,278 INFO  [io.api.tes.ser.api.KafkaSerdesTester] (Thread-691) Sending message {"key11753981300155": "value-6"} to topic topic-550fda07_1fb3_46f2_8d3e_31cac0ec3868
2025-07-31 17:01:41,280 INFO  [io.api.tes.ser.api.KafkaSerdesTester] (Thread-691) Sending message {"key11753981300155": "value-7"} to topic topic-550fda07_1fb3_46f2_8d3e_31cac0ec3868
2025-07-31 17:01:41,281 INFO  [io.api.tes.ser.api.KafkaSerdesTester] (Thread-691) Sending message {"key11753981300155": "value-8"} to topic topic-550fda07_1fb3_46f2_8d3e_31cac0ec3868
2025-07-31 17:01:41,282 INFO  [io.api.tes.ser.api.KafkaSerdesTester] (Thread-691) Sending message {"key11753981300155": "value-9"} to topic topic-550fda07_1fb3_46f2_8d3e_31cac0ec3868
2025-07-31 17:01:41,284 INFO  [io.api.tes.ser.api.KafkaSerdesTester] (Thread-691) Produced 10 messages
2025-07-31 17:01:41,284 INFO  [org.apa.kaf.cli.pro.KafkaProducer] (Thread-691) [Producer clientId=Producer-topic-550fda07_1fb3_46f2_8d3e_31cac0ec3868] Closing the Kafka producer with timeoutMillis = 9223372036854775807 ms.
2025-07-31 17:01:41,286 INFO  [org.apa.kaf.com.met.Metrics] (Thread-691) Metrics scheduler closed
2025-07-31 17:01:41,286 INFO  [org.apa.kaf.com.met.Metrics] (Thread-691) Closing reporter org.apache.kafka.common.metrics.JmxReporter
2025-07-31 17:01:41,286 INFO  [org.apa.kaf.com.met.Metrics] (Thread-691) Closing reporter org.apache.kafka.common.telemetry.internals.ClientTelemetryReporter
2025-07-31 17:01:41,286 INFO  [org.apa.kaf.com.met.Metrics] (Thread-691) Metrics reporters closed
2025-07-31 17:01:41,287 INFO  [org.apa.kaf.com.uti.AppInfoParser] (Thread-691) App info kafka.producer for Producer-topic-550fda07_1fb3_46f2_8d3e_31cac0ec3868 unregistered
**** Registry Base URL: http://registry-app-postgresql.apps.ci419.apicurio-testing.org:80
2025-07-31 17:01:41,287 INFO  [org.apa.kaf.cli.con.ConsumerConfig] (main) ConsumerConfig values: 
	allow.auto.create.topics = true
	auto.commit.interval.ms = 500
	auto.include.jmx.reporter = true
	auto.offset.reset = earliest
	bootstrap.servers = [PLAINTEXT://localhost:32770]
	check.crcs = true
	client.dns.lookup = use_all_dns_ips
	client.id = consumer-Consumer-topic-550fda07_1fb3_46f2_8d3e_31cac0ec3868-13
	client.rack = 
	connections.max.idle.ms = 10000
	default.api.timeout.ms = 60000
	enable.auto.commit = true
	enable.metrics.push = true
	exclude.internal.topics = true
	fetch.max.bytes = 52428800
	fetch.max.wait.ms = 500
	fetch.min.bytes = 1
	group.id = Consumer-topic-550fda07_1fb3_46f2_8d3e_31cac0ec3868
	group.instance.id = null
	group.protocol = classic
	group.remote.assignor = null
	heartbeat.interval.ms = 3000
	interceptor.classes = []
	internal.leave.group.on.close = true
	internal.throw.on.fetch.stable.offset.unsupported = false
	isolation.level = read_uncommitted
	key.deserializer = class org.apache.kafka.common.serialization.StringDeserializer
	max.partition.fetch.bytes = 1048576
	max.poll.interval.ms = 300000
	max.poll.records = 500
	metadata.max.age.ms = 300000
	metadata.recovery.strategy = none
	metric.reporters = []
	metrics.num.samples = 2
	metrics.recording.level = INFO
	metrics.sample.window.ms = 30000
	partition.assignment.strategy = [class org.apache.kafka.clients.consumer.RangeAssignor, class org.apache.kafka.clients.consumer.CooperativeStickyAssignor]
	receive.buffer.bytes = 65536
	reconnect.backoff.max.ms = 1000
	reconnect.backoff.ms = 50
	request.timeout.ms = 5000
	retry.backoff.max.ms = 1000
	retry.backoff.ms = 100
	sasl.client.callback.handler.class = null
	sasl.jaas.config = null
	sasl.kerberos.kinit.cmd = /usr/bin/kinit
	sasl.kerberos.min.time.before.relogin = 60000
	sasl.kerberos.service.name = null
	sasl.kerberos.ticket.renew.jitter = 0.05
	sasl.kerberos.ticket.renew.window.factor = 0.8
	sasl.login.callback.handler.class = null
	sasl.login.class = null
	sasl.login.connect.timeout.ms = null
	sasl.login.read.timeout.ms = null
	sasl.login.refresh.buffer.seconds = 300
	sasl.login.refresh.min.period.seconds = 60
	sasl.login.refresh.window.factor = 0.8
	sasl.login.refresh.window.jitter = 0.05
	sasl.login.retry.backoff.max.ms = 10000
	sasl.login.retry.backoff.ms = 100
	sasl.mechanism = GSSAPI
	sasl.oauthbearer.clock.skew.seconds = 30
	sasl.oauthbearer.expected.audience = null
	sasl.oauthbearer.expected.issuer = null
	sasl.oauthbearer.header.urlencode = false
	sasl.oauthbearer.jwks.endpoint.refresh.ms = 3600000
	sasl.oauthbearer.jwks.endpoint.retry.backoff.max.ms = 10000
	sasl.oauthbearer.jwks.endpoint.retry.backoff.ms = 100
	sasl.oauthbearer.jwks.endpoint.url = null
	sasl.oauthbearer.scope.claim.name = scope
	sasl.oauthbearer.sub.claim.name = sub
	sasl.oauthbearer.token.endpoint.url = null
	security.protocol = PLAINTEXT
	security.providers = null
	send.buffer.bytes = 131072
	session.timeout.ms = 45000
	socket.connection.setup.timeout.max.ms = 30000
	socket.connection.setup.timeout.ms = 10000
	ssl.cipher.suites = null
	ssl.enabled.protocols = [TLSv1.2, TLSv1.3]
	ssl.endpoint.identification.algorithm = https
	ssl.engine.factory.class = null
	ssl.key.password = null
	ssl.keymanager.algorithm = SunX509
	ssl.keystore.certificate.chain = null
	ssl.keystore.key = null
	ssl.keystore.location = null
	ssl.keystore.password = null
	ssl.keystore.type = JKS
	ssl.protocol = TLSv1.3
	ssl.provider = null
	ssl.secure.random.implementation = null
	ssl.trustmanager.algorithm = PKIX
	ssl.truststore.certificates = null
	ssl.truststore.location = null
	ssl.truststore.password = null
	ssl.truststore.type = JKS
	value.deserializer = class io.apicurio.registry.serde.avro.AvroKafkaDeserializer

2025-07-31 17:01:41,288 INFO  [org.apa.kaf.com.tel.int.KafkaMetricsCollector] (main) initializing Kafka metrics collector
2025-07-31 17:01:41,295 INFO  [org.apa.kaf.cli.con.ConsumerConfig] (main) These configurations '[apicurio.registry.url]' were supplied but are not used yet.
2025-07-31 17:01:41,295 INFO  [org.apa.kaf.com.uti.AppInfoParser] (main) Kafka version: 3.9.1
2025-07-31 17:01:41,295 INFO  [org.apa.kaf.com.uti.AppInfoParser] (main) Kafka commitId: f745dfdcee2b9851
2025-07-31 17:01:41,295 INFO  [org.apa.kaf.com.uti.AppInfoParser] (main) Kafka startTimeMs: 1753981301295
2025-07-31 17:01:41,296 INFO  [org.apa.kaf.cli.con.int.ClassicKafkaConsumer] (Thread-694) [Consumer clientId=consumer-Consumer-topic-550fda07_1fb3_46f2_8d3e_31cac0ec3868-13, groupId=Consumer-topic-550fda07_1fb3_46f2_8d3e_31cac0ec3868] Subscribed to topic(s): topic-550fda07_1fb3_46f2_8d3e_31cac0ec3868
2025-07-31 17:01:41,299 INFO  [org.apa.kaf.cli.Metadata] (Thread-694) [Consumer clientId=consumer-Consumer-topic-550fda07_1fb3_46f2_8d3e_31cac0ec3868-13, groupId=Consumer-topic-550fda07_1fb3_46f2_8d3e_31cac0ec3868] Cluster ID: alGoLOtfQj2F2-zKWHmvbA
2025-07-31 17:01:41,300 INFO  [org.apa.kaf.cli.con.int.ConsumerCoordinator] (Thread-694) [Consumer clientId=consumer-Consumer-topic-550fda07_1fb3_46f2_8d3e_31cac0ec3868-13, groupId=Consumer-topic-550fda07_1fb3_46f2_8d3e_31cac0ec3868] Discovered group coordinator localhost:32770 (id: 2147483647 rack: null)
2025-07-31 17:01:41,300 INFO  [org.apa.kaf.cli.con.int.ConsumerCoordinator] (Thread-694) [Consumer clientId=consumer-Consumer-topic-550fda07_1fb3_46f2_8d3e_31cac0ec3868-13, groupId=Consumer-topic-550fda07_1fb3_46f2_8d3e_31cac0ec3868] (Re-)joining group
2025-07-31 17:01:41,305 INFO  [org.apa.kaf.cli.con.int.ConsumerCoordinator] (Thread-694) [Consumer clientId=consumer-Consumer-topic-550fda07_1fb3_46f2_8d3e_31cac0ec3868-13, groupId=Consumer-topic-550fda07_1fb3_46f2_8d3e_31cac0ec3868] Request joining group due to: need to re-join with the given member-id: consumer-Consumer-topic-550fda07_1fb3_46f2_8d3e_31cac0ec3868-13-783f344f-5837-45c8-aa06-0a448c40b751
2025-07-31 17:01:41,305 INFO  [org.apa.kaf.cli.con.int.ConsumerCoordinator] (Thread-694) [Consumer clientId=consumer-Consumer-topic-550fda07_1fb3_46f2_8d3e_31cac0ec3868-13, groupId=Consumer-topic-550fda07_1fb3_46f2_8d3e_31cac0ec3868] (Re-)joining group
2025-07-31 17:01:41,311 INFO  [org.apa.kaf.cli.con.int.ConsumerCoordinator] (Thread-694) [Consumer clientId=consumer-Consumer-topic-550fda07_1fb3_46f2_8d3e_31cac0ec3868-13, groupId=Consumer-topic-550fda07_1fb3_46f2_8d3e_31cac0ec3868] Successfully joined group with generation Generation{generationId=1, memberId='consumer-Consumer-topic-550fda07_1fb3_46f2_8d3e_31cac0ec3868-13-783f344f-5837-45c8-aa06-0a448c40b751', protocol='range'}
2025-07-31 17:01:41,311 INFO  [org.apa.kaf.cli.con.int.ConsumerCoordinator] (Thread-694) [Consumer clientId=consumer-Consumer-topic-550fda07_1fb3_46f2_8d3e_31cac0ec3868-13, groupId=Consumer-topic-550fda07_1fb3_46f2_8d3e_31cac0ec3868] Finished assignment for group at generation 1: {consumer-Consumer-topic-550fda07_1fb3_46f2_8d3e_31cac0ec3868-13-783f344f-5837-45c8-aa06-0a448c40b751=Assignment(partitions=[topic-550fda07_1fb3_46f2_8d3e_31cac0ec3868-0])}
2025-07-31 17:01:41,317 INFO  [org.apa.kaf.cli.con.int.ConsumerCoordinator] (Thread-694) [Consumer clientId=consumer-Consumer-topic-550fda07_1fb3_46f2_8d3e_31cac0ec3868-13, groupId=Consumer-topic-550fda07_1fb3_46f2_8d3e_31cac0ec3868] Successfully synced group in generation Generation{generationId=1, memberId='consumer-Consumer-topic-550fda07_1fb3_46f2_8d3e_31cac0ec3868-13-783f344f-5837-45c8-aa06-0a448c40b751', protocol='range'}
2025-07-31 17:01:41,317 INFO  [org.apa.kaf.cli.con.int.ConsumerCoordinator] (Thread-694) [Consumer clientId=consumer-Consumer-topic-550fda07_1fb3_46f2_8d3e_31cac0ec3868-13, groupId=Consumer-topic-550fda07_1fb3_46f2_8d3e_31cac0ec3868] Notifying assignor about the new Assignment(partitions=[topic-550fda07_1fb3_46f2_8d3e_31cac0ec3868-0])
2025-07-31 17:01:41,317 INFO  [org.apa.kaf.cli.con.int.ConsumerRebalanceListenerInvoker] (Thread-694) [Consumer clientId=consumer-Consumer-topic-550fda07_1fb3_46f2_8d3e_31cac0ec3868-13, groupId=Consumer-topic-550fda07_1fb3_46f2_8d3e_31cac0ec3868] Adding newly assigned partitions: topic-550fda07_1fb3_46f2_8d3e_31cac0ec3868-0
2025-07-31 17:01:41,318 INFO  [org.apa.kaf.cli.con.int.ConsumerCoordinator] (Thread-694) [Consumer clientId=consumer-Consumer-topic-550fda07_1fb3_46f2_8d3e_31cac0ec3868-13, groupId=Consumer-topic-550fda07_1fb3_46f2_8d3e_31cac0ec3868] Found no committed offset for partition topic-550fda07_1fb3_46f2_8d3e_31cac0ec3868-0
2025-07-31 17:01:41,326 INFO  [org.apa.kaf.cli.con.int.SubscriptionState] (Thread-694) [Consumer clientId=consumer-Consumer-topic-550fda07_1fb3_46f2_8d3e_31cac0ec3868-13, groupId=Consumer-topic-550fda07_1fb3_46f2_8d3e_31cac0ec3868] Resetting offset for partition topic-550fda07_1fb3_46f2_8d3e_31cac0ec3868-0 to position FetchPosition{offset=0, offsetEpoch=Optional.empty, currentLeader=LeaderAndEpoch{leader=Optional[localhost:32770 (id: 0 rack: null)], epoch=0}}.
2025-07-31 17:01:41,368 INFO  [io.api.tes.ser.api.KafkaSerdesTester] (Thread-694) topic-550fda07_1fb3_46f2_8d3e_31cac0ec3868 0 0 {"key11753981300155": "value-0"}
2025-07-31 17:01:41,368 INFO  [io.api.tes.ser.api.KafkaSerdesTester] (Thread-694) topic-550fda07_1fb3_46f2_8d3e_31cac0ec3868 0 1 {"key11753981300155": "value-1"}
2025-07-31 17:01:41,369 INFO  [io.api.tes.ser.api.KafkaSerdesTester] (Thread-694) topic-550fda07_1fb3_46f2_8d3e_31cac0ec3868 0 2 {"key11753981300155": "value-2"}
2025-07-31 17:01:41,369 INFO  [io.api.tes.ser.api.KafkaSerdesTester] (Thread-694) topic-550fda07_1fb3_46f2_8d3e_31cac0ec3868 0 3 {"key11753981300155": "value-3"}
2025-07-31 17:01:41,369 INFO  [io.api.tes.ser.api.KafkaSerdesTester] (Thread-694) topic-550fda07_1fb3_46f2_8d3e_31cac0ec3868 0 4 {"key11753981300155": "value-4"}
2025-07-31 17:01:41,369 INFO  [io.api.tes.ser.api.KafkaSerdesTester] (Thread-694) topic-550fda07_1fb3_46f2_8d3e_31cac0ec3868 0 5 {"key11753981300155": "value-5"}
2025-07-31 17:01:41,369 INFO  [io.api.tes.ser.api.KafkaSerdesTester] (Thread-694) topic-550fda07_1fb3_46f2_8d3e_31cac0ec3868 0 6 {"key11753981300155": "value-6"}
2025-07-31 17:01:41,369 INFO  [io.api.tes.ser.api.KafkaSerdesTester] (Thread-694) topic-550fda07_1fb3_46f2_8d3e_31cac0ec3868 0 7 {"key11753981300155": "value-7"}
2025-07-31 17:01:41,369 INFO  [io.api.tes.ser.api.KafkaSerdesTester] (Thread-694) topic-550fda07_1fb3_46f2_8d3e_31cac0ec3868 0 8 {"key11753981300155": "value-8"}
2025-07-31 17:01:41,369 INFO  [io.api.tes.ser.api.KafkaSerdesTester] (Thread-694) topic-550fda07_1fb3_46f2_8d3e_31cac0ec3868 0 9 {"key11753981300155": "value-9"}
2025-07-31 17:01:41,369 INFO  [io.api.tes.ser.api.KafkaSerdesTester] (Thread-694) Consumed 10 messages
2025-07-31 17:01:41,373 INFO  [org.apa.kaf.cli.con.int.ConsumerRebalanceListenerInvoker] (Thread-694) [Consumer clientId=consumer-Consumer-topic-550fda07_1fb3_46f2_8d3e_31cac0ec3868-13, groupId=Consumer-topic-550fda07_1fb3_46f2_8d3e_31cac0ec3868] Revoke previously assigned partitions topic-550fda07_1fb3_46f2_8d3e_31cac0ec3868-0
2025-07-31 17:01:41,373 INFO  [org.apa.kaf.cli.con.int.ConsumerCoordinator] (Thread-694) [Consumer clientId=consumer-Consumer-topic-550fda07_1fb3_46f2_8d3e_31cac0ec3868-13, groupId=Consumer-topic-550fda07_1fb3_46f2_8d3e_31cac0ec3868] Member consumer-Consumer-topic-550fda07_1fb3_46f2_8d3e_31cac0ec3868-13-783f344f-5837-45c8-aa06-0a448c40b751 sending LeaveGroup request to coordinator localhost:32770 (id: 2147483647 rack: null) due to the consumer is being closed
2025-07-31 17:01:41,376 INFO  [org.apa.kaf.cli.con.int.ConsumerCoordinator] (Thread-694) [Consumer clientId=consumer-Consumer-topic-550fda07_1fb3_46f2_8d3e_31cac0ec3868-13, groupId=Consumer-topic-550fda07_1fb3_46f2_8d3e_31cac0ec3868] Resetting generation and member id due to: consumer pro-actively leaving the group
2025-07-31 17:01:41,376 INFO  [org.apa.kaf.cli.con.int.ConsumerCoordinator] (Thread-694) [Consumer clientId=consumer-Consumer-topic-550fda07_1fb3_46f2_8d3e_31cac0ec3868-13, groupId=Consumer-topic-550fda07_1fb3_46f2_8d3e_31cac0ec3868] Request joining group due to: consumer pro-actively leaving the group
2025-07-31 17:01:41,868 INFO  [org.apa.kaf.com.met.Metrics] (Thread-694) Metrics scheduler closed
2025-07-31 17:01:41,868 INFO  [org.apa.kaf.com.met.Metrics] (Thread-694) Closing reporter org.apache.kafka.common.metrics.JmxReporter
2025-07-31 17:01:41,868 INFO  [org.apa.kaf.com.met.Metrics] (Thread-694) Closing reporter org.apache.kafka.common.telemetry.internals.ClientTelemetryReporter
2025-07-31 17:01:41,868 INFO  [org.apa.kaf.com.met.Metrics] (Thread-694) Metrics reporters closed
2025-07-31 17:01:41,870 INFO  [org.apa.kaf.com.uti.AppInfoParser] (Thread-694) App info kafka.consumer for consumer-Consumer-topic-550fda07_1fb3_46f2_8d3e_31cac0ec3868-13 unregistered
2025-07-31 17:01:41,871 INFO  [io.api.tes.uti.TestSeparator] (main) io.apicurio.tests.serdes.apicurio.AvroSerdeIT.testTopicRecordIdStrategydFindLatest-FINISHED
2025-07-31 17:01:41,872 INFO  [io.api.tes.uti.TestSeparator] (main) ############################################################################
Test passed: testTopicRecordIdStrategydFindLatest
]]></system-out>
  </testcase>
  <testcase name="testAvroConfluentForMultipleTopics" classname="io.apicurio.tests.serdes.apicurio.AvroSerdeIT" time="2.985">
    <system-out><![CDATA[2025-07-31 17:01:41,873 INFO  [io.api.tes.uti.TestSeparator] (main) ############################################################################
2025-07-31 17:01:41,873 INFO  [io.api.tes.uti.TestSeparator] (main) io.apicurio.tests.serdes.apicurio.AvroSerdeIT.testAvroConfluentForMultipleTopics-STARTED
2025-07-31 17:01:41,876 INFO  [io.api.tes.ser.api.AvroSerdeIT] (main) Registering Avro Schema: {"type":"record","name":"myrecordconfluent","fields":[{"name":"key11753981301874","type":"string"}]}
**** Registry Base URL: http://registry-app-postgresql.apps.ci419.apicurio-testing.org:80
2025-07-31 17:01:42,915 INFO  [org.apa.kaf.cli.pro.ProducerConfig] (main) ProducerConfig values: 
	acks = -1
	auto.include.jmx.reporter = true
	batch.size = 16384
	bootstrap.servers = [PLAINTEXT://localhost:32770]
	buffer.memory = 33554432
	client.dns.lookup = use_all_dns_ips
	client.id = Producer-topic-ded5cc3a_16b2_4f7f_a7fa_042aedf01850
	compression.gzip.level = -1
	compression.lz4.level = 9
	compression.type = none
	compression.zstd.level = 3
	connections.max.idle.ms = 10000
	delivery.timeout.ms = 120000
	enable.idempotence = true
	enable.metrics.push = true
	interceptor.classes = []
	key.serializer = class org.apache.kafka.common.serialization.StringSerializer
	linger.ms = 0
	max.block.ms = 60000
	max.in.flight.requests.per.connection = 5
	max.request.size = 1048576
	metadata.max.age.ms = 300000
	metadata.max.idle.ms = 300000
	metadata.recovery.strategy = none
	metric.reporters = []
	metrics.num.samples = 2
	metrics.recording.level = INFO
	metrics.sample.window.ms = 30000
	partitioner.adaptive.partitioning.enable = true
	partitioner.availability.timeout.ms = 0
	partitioner.class = null
	partitioner.ignore.keys = false
	receive.buffer.bytes = 32768
	reconnect.backoff.max.ms = 1000
	reconnect.backoff.ms = 50
	request.timeout.ms = 5000
	retries = 2147483647
	retry.backoff.max.ms = 1000
	retry.backoff.ms = 100
	sasl.client.callback.handler.class = null
	sasl.jaas.config = null
	sasl.kerberos.kinit.cmd = /usr/bin/kinit
	sasl.kerberos.min.time.before.relogin = 60000
	sasl.kerberos.service.name = null
	sasl.kerberos.ticket.renew.jitter = 0.05
	sasl.kerberos.ticket.renew.window.factor = 0.8
	sasl.login.callback.handler.class = null
	sasl.login.class = null
	sasl.login.connect.timeout.ms = null
	sasl.login.read.timeout.ms = null
	sasl.login.refresh.buffer.seconds = 300
	sasl.login.refresh.min.period.seconds = 60
	sasl.login.refresh.window.factor = 0.8
	sasl.login.refresh.window.jitter = 0.05
	sasl.login.retry.backoff.max.ms = 10000
	sasl.login.retry.backoff.ms = 100
	sasl.mechanism = GSSAPI
	sasl.oauthbearer.clock.skew.seconds = 30
	sasl.oauthbearer.expected.audience = null
	sasl.oauthbearer.expected.issuer = null
	sasl.oauthbearer.header.urlencode = false
	sasl.oauthbearer.jwks.endpoint.refresh.ms = 3600000
	sasl.oauthbearer.jwks.endpoint.retry.backoff.max.ms = 10000
	sasl.oauthbearer.jwks.endpoint.retry.backoff.ms = 100
	sasl.oauthbearer.jwks.endpoint.url = null
	sasl.oauthbearer.scope.claim.name = scope
	sasl.oauthbearer.sub.claim.name = sub
	sasl.oauthbearer.token.endpoint.url = null
	security.protocol = PLAINTEXT
	security.providers = null
	send.buffer.bytes = 131072
	socket.connection.setup.timeout.max.ms = 30000
	socket.connection.setup.timeout.ms = 10000
	ssl.cipher.suites = null
	ssl.enabled.protocols = [TLSv1.2, TLSv1.3]
	ssl.endpoint.identification.algorithm = https
	ssl.engine.factory.class = null
	ssl.key.password = null
	ssl.keymanager.algorithm = SunX509
	ssl.keystore.certificate.chain = null
	ssl.keystore.key = null
	ssl.keystore.location = null
	ssl.keystore.password = null
	ssl.keystore.type = JKS
	ssl.protocol = TLSv1.3
	ssl.provider = null
	ssl.secure.random.implementation = null
	ssl.trustmanager.algorithm = PKIX
	ssl.truststore.certificates = null
	ssl.truststore.location = null
	ssl.truststore.password = null
	ssl.truststore.type = JKS
	transaction.timeout.ms = 60000
	transactional.id = null
	value.serializer = class io.apicurio.registry.serde.avro.AvroKafkaSerializer

2025-07-31 17:01:42,916 INFO  [org.apa.kaf.com.tel.int.KafkaMetricsCollector] (main) initializing Kafka metrics collector
2025-07-31 17:01:42,922 INFO  [org.apa.kaf.cli.pro.KafkaProducer] (main) [Producer clientId=Producer-topic-ded5cc3a_16b2_4f7f_a7fa_042aedf01850] Instantiated an idempotent producer.
2025-07-31 17:01:42,925 INFO  [org.apa.kaf.cli.pro.ProducerConfig] (main) These configurations '[apicurio.registry.url, apicurio.registry.artifact-resolver-strategy]' were supplied but are not used yet.
2025-07-31 17:01:42,925 INFO  [org.apa.kaf.com.uti.AppInfoParser] (main) Kafka version: 3.9.1
2025-07-31 17:01:42,925 INFO  [org.apa.kaf.com.uti.AppInfoParser] (main) Kafka commitId: f745dfdcee2b9851
2025-07-31 17:01:42,925 INFO  [org.apa.kaf.com.uti.AppInfoParser] (main) Kafka startTimeMs: 1753981302925
**** Registry Base URL: http://registry-app-postgresql.apps.ci419.apicurio-testing.org:80
2025-07-31 17:01:42,925 INFO  [org.apa.kaf.cli.pro.ProducerConfig] (main) ProducerConfig values: 
	acks = -1
	auto.include.jmx.reporter = true
	batch.size = 16384
	bootstrap.servers = [PLAINTEXT://localhost:32770]
	buffer.memory = 33554432
	client.dns.lookup = use_all_dns_ips
	client.id = Producer-topic-94616bb5_ffbf_41ef_aeb0_d9d7abe4cb7b
	compression.gzip.level = -1
	compression.lz4.level = 9
	compression.type = none
	compression.zstd.level = 3
	connections.max.idle.ms = 10000
	delivery.timeout.ms = 120000
	enable.idempotence = true
	enable.metrics.push = true
	interceptor.classes = []
	key.serializer = class org.apache.kafka.common.serialization.StringSerializer
	linger.ms = 0
	max.block.ms = 60000
	max.in.flight.requests.per.connection = 5
	max.request.size = 1048576
	metadata.max.age.ms = 300000
	metadata.max.idle.ms = 300000
	metadata.recovery.strategy = none
	metric.reporters = []
	metrics.num.samples = 2
	metrics.recording.level = INFO
	metrics.sample.window.ms = 30000
	partitioner.adaptive.partitioning.enable = true
	partitioner.availability.timeout.ms = 0
	partitioner.class = null
	partitioner.ignore.keys = false
	receive.buffer.bytes = 32768
	reconnect.backoff.max.ms = 1000
	reconnect.backoff.ms = 50
	request.timeout.ms = 5000
	retries = 2147483647
	retry.backoff.max.ms = 1000
	retry.backoff.ms = 100
	sasl.client.callback.handler.class = null
	sasl.jaas.config = null
	sasl.kerberos.kinit.cmd = /usr/bin/kinit
	sasl.kerberos.min.time.before.relogin = 60000
	sasl.kerberos.service.name = null
	sasl.kerberos.ticket.renew.jitter = 0.05
	sasl.kerberos.ticket.renew.window.factor = 0.8
	sasl.login.callback.handler.class = null
	sasl.login.class = null
	sasl.login.connect.timeout.ms = null
	sasl.login.read.timeout.ms = null
	sasl.login.refresh.buffer.seconds = 300
	sasl.login.refresh.min.period.seconds = 60
	sasl.login.refresh.window.factor = 0.8
	sasl.login.refresh.window.jitter = 0.05
	sasl.login.retry.backoff.max.ms = 10000
	sasl.login.retry.backoff.ms = 100
	sasl.mechanism = GSSAPI
	sasl.oauthbearer.clock.skew.seconds = 30
	sasl.oauthbearer.expected.audience = null
	sasl.oauthbearer.expected.issuer = null
	sasl.oauthbearer.header.urlencode = false
	sasl.oauthbearer.jwks.endpoint.refresh.ms = 3600000
	sasl.oauthbearer.jwks.endpoint.retry.backoff.max.ms = 10000
	sasl.oauthbearer.jwks.endpoint.retry.backoff.ms = 100
	sasl.oauthbearer.jwks.endpoint.url = null
	sasl.oauthbearer.scope.claim.name = scope
	sasl.oauthbearer.sub.claim.name = sub
	sasl.oauthbearer.token.endpoint.url = null
	security.protocol = PLAINTEXT
	security.providers = null
	send.buffer.bytes = 131072
	socket.connection.setup.timeout.max.ms = 30000
	socket.connection.setup.timeout.ms = 10000
	ssl.cipher.suites = null
	ssl.enabled.protocols = [TLSv1.2, TLSv1.3]
	ssl.endpoint.identification.algorithm = https
	ssl.engine.factory.class = null
	ssl.key.password = null
	ssl.keymanager.algorithm = SunX509
	ssl.keystore.certificate.chain = null
	ssl.keystore.key = null
	ssl.keystore.location = null
	ssl.keystore.password = null
	ssl.keystore.type = JKS
	ssl.protocol = TLSv1.3
	ssl.provider = null
	ssl.secure.random.implementation = null
	ssl.trustmanager.algorithm = PKIX
	ssl.truststore.certificates = null
	ssl.truststore.location = null
	ssl.truststore.password = null
	ssl.truststore.type = JKS
	transaction.timeout.ms = 60000
	transactional.id = null
	value.serializer = class io.apicurio.registry.serde.avro.AvroKafkaSerializer

2025-07-31 17:01:42,926 INFO  [org.apa.kaf.com.tel.int.KafkaMetricsCollector] (main) initializing Kafka metrics collector
2025-07-31 17:01:42,933 INFO  [org.apa.kaf.cli.Metadata] (kafka-producer-network-thread | Producer-topic-ded5cc3a_16b2_4f7f_a7fa_042aedf01850) [Producer clientId=Producer-topic-ded5cc3a_16b2_4f7f_a7fa_042aedf01850] Cluster ID: alGoLOtfQj2F2-zKWHmvbA
2025-07-31 17:01:42,933 INFO  [org.apa.kaf.cli.pro.int.TransactionManager] (kafka-producer-network-thread | Producer-topic-ded5cc3a_16b2_4f7f_a7fa_042aedf01850) [Producer clientId=Producer-topic-ded5cc3a_16b2_4f7f_a7fa_042aedf01850] ProducerId set to 19 with epoch 0
2025-07-31 17:01:42,939 INFO  [org.apa.kaf.cli.pro.KafkaProducer] (main) [Producer clientId=Producer-topic-94616bb5_ffbf_41ef_aeb0_d9d7abe4cb7b] Instantiated an idempotent producer.
2025-07-31 17:01:42,944 INFO  [org.apa.kaf.cli.pro.ProducerConfig] (main) These configurations '[apicurio.registry.url, apicurio.registry.artifact-resolver-strategy]' were supplied but are not used yet.
2025-07-31 17:01:42,944 INFO  [org.apa.kaf.com.uti.AppInfoParser] (main) Kafka version: 3.9.1
2025-07-31 17:01:42,944 INFO  [org.apa.kaf.com.uti.AppInfoParser] (main) Kafka commitId: f745dfdcee2b9851
2025-07-31 17:01:42,944 INFO  [org.apa.kaf.com.uti.AppInfoParser] (main) Kafka startTimeMs: 1753981302944
**** Registry Base URL: http://registry-app-postgresql.apps.ci419.apicurio-testing.org:80
2025-07-31 17:01:42,944 INFO  [org.apa.kaf.cli.pro.ProducerConfig] (main) ProducerConfig values: 
	acks = -1
	auto.include.jmx.reporter = true
	batch.size = 16384
	bootstrap.servers = [PLAINTEXT://localhost:32770]
	buffer.memory = 33554432
	client.dns.lookup = use_all_dns_ips
	client.id = Producer-topic-5436f354_99e2_4b85_9994_c39ce97c6a59
	compression.gzip.level = -1
	compression.lz4.level = 9
	compression.type = none
	compression.zstd.level = 3
	connections.max.idle.ms = 10000
	delivery.timeout.ms = 120000
	enable.idempotence = true
	enable.metrics.push = true
	interceptor.classes = []
	key.serializer = class org.apache.kafka.common.serialization.StringSerializer
	linger.ms = 0
	max.block.ms = 60000
	max.in.flight.requests.per.connection = 5
	max.request.size = 1048576
	metadata.max.age.ms = 300000
	metadata.max.idle.ms = 300000
	metadata.recovery.strategy = none
	metric.reporters = []
	metrics.num.samples = 2
	metrics.recording.level = INFO
	metrics.sample.window.ms = 30000
	partitioner.adaptive.partitioning.enable = true
	partitioner.availability.timeout.ms = 0
	partitioner.class = null
	partitioner.ignore.keys = false
	receive.buffer.bytes = 32768
	reconnect.backoff.max.ms = 1000
	reconnect.backoff.ms = 50
	request.timeout.ms = 5000
	retries = 2147483647
	retry.backoff.max.ms = 1000
	retry.backoff.ms = 100
	sasl.client.callback.handler.class = null
	sasl.jaas.config = null
	sasl.kerberos.kinit.cmd = /usr/bin/kinit
	sasl.kerberos.min.time.before.relogin = 60000
	sasl.kerberos.service.name = null
	sasl.kerberos.ticket.renew.jitter = 0.05
	sasl.kerberos.ticket.renew.window.factor = 0.8
	sasl.login.callback.handler.class = null
	sasl.login.class = null
	sasl.login.connect.timeout.ms = null
	sasl.login.read.timeout.ms = null
	sasl.login.refresh.buffer.seconds = 300
	sasl.login.refresh.min.period.seconds = 60
	sasl.login.refresh.window.factor = 0.8
	sasl.login.refresh.window.jitter = 0.05
	sasl.login.retry.backoff.max.ms = 10000
	sasl.login.retry.backoff.ms = 100
	sasl.mechanism = GSSAPI
	sasl.oauthbearer.clock.skew.seconds = 30
	sasl.oauthbearer.expected.audience = null
	sasl.oauthbearer.expected.issuer = null
	sasl.oauthbearer.header.urlencode = false
	sasl.oauthbearer.jwks.endpoint.refresh.ms = 3600000
	sasl.oauthbearer.jwks.endpoint.retry.backoff.max.ms = 10000
	sasl.oauthbearer.jwks.endpoint.retry.backoff.ms = 100
	sasl.oauthbearer.jwks.endpoint.url = null
	sasl.oauthbearer.scope.claim.name = scope
	sasl.oauthbearer.sub.claim.name = sub
	sasl.oauthbearer.token.endpoint.url = null
	security.protocol = PLAINTEXT
	security.providers = null
	send.buffer.bytes = 131072
	socket.connection.setup.timeout.max.ms = 30000
	socket.connection.setup.timeout.ms = 10000
	ssl.cipher.suites = null
	ssl.enabled.protocols = [TLSv1.2, TLSv1.3]
	ssl.endpoint.identification.algorithm = https
	ssl.engine.factory.class = null
	ssl.key.password = null
	ssl.keymanager.algorithm = SunX509
	ssl.keystore.certificate.chain = null
	ssl.keystore.key = null
	ssl.keystore.location = null
	ssl.keystore.password = null
	ssl.keystore.type = JKS
	ssl.protocol = TLSv1.3
	ssl.provider = null
	ssl.secure.random.implementation = null
	ssl.trustmanager.algorithm = PKIX
	ssl.truststore.certificates = null
	ssl.truststore.location = null
	ssl.truststore.password = null
	ssl.truststore.type = JKS
	transaction.timeout.ms = 60000
	transactional.id = null
	value.serializer = class io.apicurio.registry.serde.avro.AvroKafkaSerializer

2025-07-31 17:01:42,945 INFO  [org.apa.kaf.com.tel.int.KafkaMetricsCollector] (main) initializing Kafka metrics collector
2025-07-31 17:01:42,951 INFO  [org.apa.kaf.cli.Metadata] (kafka-producer-network-thread | Producer-topic-94616bb5_ffbf_41ef_aeb0_d9d7abe4cb7b) [Producer clientId=Producer-topic-94616bb5_ffbf_41ef_aeb0_d9d7abe4cb7b] Cluster ID: alGoLOtfQj2F2-zKWHmvbA
2025-07-31 17:01:42,953 INFO  [org.apa.kaf.cli.pro.int.TransactionManager] (kafka-producer-network-thread | Producer-topic-94616bb5_ffbf_41ef_aeb0_d9d7abe4cb7b) [Producer clientId=Producer-topic-94616bb5_ffbf_41ef_aeb0_d9d7abe4cb7b] ProducerId set to 20 with epoch 0
2025-07-31 17:01:42,957 INFO  [org.apa.kaf.cli.pro.KafkaProducer] (main) [Producer clientId=Producer-topic-5436f354_99e2_4b85_9994_c39ce97c6a59] Instantiated an idempotent producer.
2025-07-31 17:01:42,959 INFO  [org.apa.kaf.cli.pro.ProducerConfig] (main) These configurations '[apicurio.registry.url, apicurio.registry.artifact-resolver-strategy]' were supplied but are not used yet.
2025-07-31 17:01:42,959 INFO  [org.apa.kaf.com.uti.AppInfoParser] (main) Kafka version: 3.9.1
2025-07-31 17:01:42,960 INFO  [org.apa.kaf.com.uti.AppInfoParser] (main) Kafka commitId: f745dfdcee2b9851
2025-07-31 17:01:42,960 INFO  [org.apa.kaf.com.uti.AppInfoParser] (main) Kafka startTimeMs: 1753981302959
**** Registry Base URL: http://registry-app-postgresql.apps.ci419.apicurio-testing.org:80
2025-07-31 17:01:42,960 INFO  [org.apa.kaf.cli.con.ConsumerConfig] (main) ConsumerConfig values: 
	allow.auto.create.topics = true
	auto.commit.interval.ms = 500
	auto.include.jmx.reporter = true
	auto.offset.reset = earliest
	bootstrap.servers = [PLAINTEXT://localhost:32770]
	check.crcs = true
	client.dns.lookup = use_all_dns_ips
	client.id = consumer-Consumer-topic-ded5cc3a_16b2_4f7f_a7fa_042aedf01850-14
	client.rack = 
	connections.max.idle.ms = 10000
	default.api.timeout.ms = 60000
	enable.auto.commit = true
	enable.metrics.push = true
	exclude.internal.topics = true
	fetch.max.bytes = 52428800
	fetch.max.wait.ms = 500
	fetch.min.bytes = 1
	group.id = Consumer-topic-ded5cc3a_16b2_4f7f_a7fa_042aedf01850
	group.instance.id = null
	group.protocol = classic
	group.remote.assignor = null
	heartbeat.interval.ms = 3000
	interceptor.classes = []
	internal.leave.group.on.close = true
	internal.throw.on.fetch.stable.offset.unsupported = false
	isolation.level = read_uncommitted
	key.deserializer = class org.apache.kafka.common.serialization.StringDeserializer
	max.partition.fetch.bytes = 1048576
	max.poll.interval.ms = 300000
	max.poll.records = 500
	metadata.max.age.ms = 300000
	metadata.recovery.strategy = none
	metric.reporters = []
	metrics.num.samples = 2
	metrics.recording.level = INFO
	metrics.sample.window.ms = 30000
	partition.assignment.strategy = [class org.apache.kafka.clients.consumer.RangeAssignor, class org.apache.kafka.clients.consumer.CooperativeStickyAssignor]
	receive.buffer.bytes = 65536
	reconnect.backoff.max.ms = 1000
	reconnect.backoff.ms = 50
	request.timeout.ms = 5000
	retry.backoff.max.ms = 1000
	retry.backoff.ms = 100
	sasl.client.callback.handler.class = null
	sasl.jaas.config = null
	sasl.kerberos.kinit.cmd = /usr/bin/kinit
	sasl.kerberos.min.time.before.relogin = 60000
	sasl.kerberos.service.name = null
	sasl.kerberos.ticket.renew.jitter = 0.05
	sasl.kerberos.ticket.renew.window.factor = 0.8
	sasl.login.callback.handler.class = null
	sasl.login.class = null
	sasl.login.connect.timeout.ms = null
	sasl.login.read.timeout.ms = null
	sasl.login.refresh.buffer.seconds = 300
	sasl.login.refresh.min.period.seconds = 60
	sasl.login.refresh.window.factor = 0.8
	sasl.login.refresh.window.jitter = 0.05
	sasl.login.retry.backoff.max.ms = 10000
	sasl.login.retry.backoff.ms = 100
	sasl.mechanism = GSSAPI
	sasl.oauthbearer.clock.skew.seconds = 30
	sasl.oauthbearer.expected.audience = null
	sasl.oauthbearer.expected.issuer = null
	sasl.oauthbearer.header.urlencode = false
	sasl.oauthbearer.jwks.endpoint.refresh.ms = 3600000
	sasl.oauthbearer.jwks.endpoint.retry.backoff.max.ms = 10000
	sasl.oauthbearer.jwks.endpoint.retry.backoff.ms = 100
	sasl.oauthbearer.jwks.endpoint.url = null
	sasl.oauthbearer.scope.claim.name = scope
	sasl.oauthbearer.sub.claim.name = sub
	sasl.oauthbearer.token.endpoint.url = null
	security.protocol = PLAINTEXT
	security.providers = null
	send.buffer.bytes = 131072
	session.timeout.ms = 45000
	socket.connection.setup.timeout.max.ms = 30000
	socket.connection.setup.timeout.ms = 10000
	ssl.cipher.suites = null
	ssl.enabled.protocols = [TLSv1.2, TLSv1.3]
	ssl.endpoint.identification.algorithm = https
	ssl.engine.factory.class = null
	ssl.key.password = null
	ssl.keymanager.algorithm = SunX509
	ssl.keystore.certificate.chain = null
	ssl.keystore.key = null
	ssl.keystore.location = null
	ssl.keystore.password = null
	ssl.keystore.type = JKS
	ssl.protocol = TLSv1.3
	ssl.provider = null
	ssl.secure.random.implementation = null
	ssl.trustmanager.algorithm = PKIX
	ssl.truststore.certificates = null
	ssl.truststore.location = null
	ssl.truststore.password = null
	ssl.truststore.type = JKS
	value.deserializer = class io.apicurio.registry.serde.avro.AvroKafkaDeserializer

2025-07-31 17:01:42,960 INFO  [org.apa.kaf.com.tel.int.KafkaMetricsCollector] (main) initializing Kafka metrics collector
2025-07-31 17:01:42,967 INFO  [org.apa.kaf.cli.Metadata] (kafka-producer-network-thread | Producer-topic-5436f354_99e2_4b85_9994_c39ce97c6a59) [Producer clientId=Producer-topic-5436f354_99e2_4b85_9994_c39ce97c6a59] Cluster ID: alGoLOtfQj2F2-zKWHmvbA
2025-07-31 17:01:42,970 INFO  [org.apa.kaf.cli.pro.int.TransactionManager] (kafka-producer-network-thread | Producer-topic-5436f354_99e2_4b85_9994_c39ce97c6a59) [Producer clientId=Producer-topic-5436f354_99e2_4b85_9994_c39ce97c6a59] ProducerId set to 21 with epoch 0
2025-07-31 17:01:42,975 INFO  [org.apa.kaf.cli.con.ConsumerConfig] (main) These configurations '[apicurio.registry.url]' were supplied but are not used yet.
2025-07-31 17:01:42,976 INFO  [org.apa.kaf.com.uti.AppInfoParser] (main) Kafka version: 3.9.1
2025-07-31 17:01:42,976 INFO  [org.apa.kaf.com.uti.AppInfoParser] (main) Kafka commitId: f745dfdcee2b9851
2025-07-31 17:01:42,976 INFO  [org.apa.kaf.com.uti.AppInfoParser] (main) Kafka startTimeMs: 1753981302976
**** Registry Base URL: http://registry-app-postgresql.apps.ci419.apicurio-testing.org:80
2025-07-31 17:01:42,979 INFO  [org.apa.kaf.cli.con.ConsumerConfig] (main) ConsumerConfig values: 
	allow.auto.create.topics = true
	auto.commit.interval.ms = 500
	auto.include.jmx.reporter = true
	auto.offset.reset = earliest
	bootstrap.servers = [PLAINTEXT://localhost:32770]
	check.crcs = true
	client.dns.lookup = use_all_dns_ips
	client.id = consumer-Consumer-topic-94616bb5_ffbf_41ef_aeb0_d9d7abe4cb7b-15
	client.rack = 
	connections.max.idle.ms = 10000
	default.api.timeout.ms = 60000
	enable.auto.commit = true
	enable.metrics.push = true
	exclude.internal.topics = true
	fetch.max.bytes = 52428800
	fetch.max.wait.ms = 500
	fetch.min.bytes = 1
	group.id = Consumer-topic-94616bb5_ffbf_41ef_aeb0_d9d7abe4cb7b
	group.instance.id = null
	group.protocol = classic
	group.remote.assignor = null
	heartbeat.interval.ms = 3000
	interceptor.classes = []
	internal.leave.group.on.close = true
	internal.throw.on.fetch.stable.offset.unsupported = false
	isolation.level = read_uncommitted
	key.deserializer = class org.apache.kafka.common.serialization.StringDeserializer
	max.partition.fetch.bytes = 1048576
	max.poll.interval.ms = 300000
	max.poll.records = 500
	metadata.max.age.ms = 300000
	metadata.recovery.strategy = none
	metric.reporters = []
	metrics.num.samples = 2
	metrics.recording.level = INFO
	metrics.sample.window.ms = 30000
	partition.assignment.strategy = [class org.apache.kafka.clients.consumer.RangeAssignor, class org.apache.kafka.clients.consumer.CooperativeStickyAssignor]
	receive.buffer.bytes = 65536
	reconnect.backoff.max.ms = 1000
	reconnect.backoff.ms = 50
	request.timeout.ms = 5000
	retry.backoff.max.ms = 1000
	retry.backoff.ms = 100
	sasl.client.callback.handler.class = null
	sasl.jaas.config = null
	sasl.kerberos.kinit.cmd = /usr/bin/kinit
	sasl.kerberos.min.time.before.relogin = 60000
	sasl.kerberos.service.name = null
	sasl.kerberos.ticket.renew.jitter = 0.05
	sasl.kerberos.ticket.renew.window.factor = 0.8
	sasl.login.callback.handler.class = null
	sasl.login.class = null
	sasl.login.connect.timeout.ms = null
	sasl.login.read.timeout.ms = null
	sasl.login.refresh.buffer.seconds = 300
	sasl.login.refresh.min.period.seconds = 60
	sasl.login.refresh.window.factor = 0.8
	sasl.login.refresh.window.jitter = 0.05
	sasl.login.retry.backoff.max.ms = 10000
	sasl.login.retry.backoff.ms = 100
	sasl.mechanism = GSSAPI
	sasl.oauthbearer.clock.skew.seconds = 30
	sasl.oauthbearer.expected.audience = null
	sasl.oauthbearer.expected.issuer = null
	sasl.oauthbearer.header.urlencode = false
	sasl.oauthbearer.jwks.endpoint.refresh.ms = 3600000
	sasl.oauthbearer.jwks.endpoint.retry.backoff.max.ms = 10000
	sasl.oauthbearer.jwks.endpoint.retry.backoff.ms = 100
	sasl.oauthbearer.jwks.endpoint.url = null
	sasl.oauthbearer.scope.claim.name = scope
	sasl.oauthbearer.sub.claim.name = sub
	sasl.oauthbearer.token.endpoint.url = null
	security.protocol = PLAINTEXT
	security.providers = null
	send.buffer.bytes = 131072
	session.timeout.ms = 45000
	socket.connection.setup.timeout.max.ms = 30000
	socket.connection.setup.timeout.ms = 10000
	ssl.cipher.suites = null
	ssl.enabled.protocols = [TLSv1.2, TLSv1.3]
	ssl.endpoint.identification.algorithm = https
	ssl.engine.factory.class = null
	ssl.key.password = null
	ssl.keymanager.algorithm = SunX509
	ssl.keystore.certificate.chain = null
	ssl.keystore.key = null
	ssl.keystore.location = null
	ssl.keystore.password = null
	ssl.keystore.type = JKS
	ssl.protocol = TLSv1.3
	ssl.provider = null
	ssl.secure.random.implementation = null
	ssl.trustmanager.algorithm = PKIX
	ssl.truststore.certificates = null
	ssl.truststore.location = null
	ssl.truststore.password = null
	ssl.truststore.type = JKS
	value.deserializer = class io.apicurio.registry.serde.avro.AvroKafkaDeserializer

2025-07-31 17:01:42,979 INFO  [org.apa.kaf.com.tel.int.KafkaMetricsCollector] (main) initializing Kafka metrics collector
2025-07-31 17:01:42,984 INFO  [org.apa.kaf.cli.con.ConsumerConfig] (main) These configurations '[apicurio.registry.url]' were supplied but are not used yet.
2025-07-31 17:01:42,984 INFO  [org.apa.kaf.com.uti.AppInfoParser] (main) Kafka version: 3.9.1
2025-07-31 17:01:42,984 INFO  [org.apa.kaf.com.uti.AppInfoParser] (main) Kafka commitId: f745dfdcee2b9851
2025-07-31 17:01:42,984 INFO  [org.apa.kaf.com.uti.AppInfoParser] (main) Kafka startTimeMs: 1753981302984
**** Registry Base URL: http://registry-app-postgresql.apps.ci419.apicurio-testing.org:80
2025-07-31 17:01:42,985 INFO  [org.apa.kaf.cli.con.ConsumerConfig] (main) ConsumerConfig values: 
	allow.auto.create.topics = true
	auto.commit.interval.ms = 500
	auto.include.jmx.reporter = true
	auto.offset.reset = earliest
	bootstrap.servers = [PLAINTEXT://localhost:32770]
	check.crcs = true
	client.dns.lookup = use_all_dns_ips
	client.id = consumer-Consumer-topic-5436f354_99e2_4b85_9994_c39ce97c6a59-16
	client.rack = 
	connections.max.idle.ms = 10000
	default.api.timeout.ms = 60000
	enable.auto.commit = true
	enable.metrics.push = true
	exclude.internal.topics = true
	fetch.max.bytes = 52428800
	fetch.max.wait.ms = 500
	fetch.min.bytes = 1
	group.id = Consumer-topic-5436f354_99e2_4b85_9994_c39ce97c6a59
	group.instance.id = null
	group.protocol = classic
	group.remote.assignor = null
	heartbeat.interval.ms = 3000
	interceptor.classes = []
	internal.leave.group.on.close = true
	internal.throw.on.fetch.stable.offset.unsupported = false
	isolation.level = read_uncommitted
	key.deserializer = class org.apache.kafka.common.serialization.StringDeserializer
	max.partition.fetch.bytes = 1048576
	max.poll.interval.ms = 300000
	max.poll.records = 500
	metadata.max.age.ms = 300000
	metadata.recovery.strategy = none
	metric.reporters = []
	metrics.num.samples = 2
	metrics.recording.level = INFO
	metrics.sample.window.ms = 30000
	partition.assignment.strategy = [class org.apache.kafka.clients.consumer.RangeAssignor, class org.apache.kafka.clients.consumer.CooperativeStickyAssignor]
	receive.buffer.bytes = 65536
	reconnect.backoff.max.ms = 1000
	reconnect.backoff.ms = 50
	request.timeout.ms = 5000
	retry.backoff.max.ms = 1000
	retry.backoff.ms = 100
	sasl.client.callback.handler.class = null
	sasl.jaas.config = null
	sasl.kerberos.kinit.cmd = /usr/bin/kinit
	sasl.kerberos.min.time.before.relogin = 60000
	sasl.kerberos.service.name = null
	sasl.kerberos.ticket.renew.jitter = 0.05
	sasl.kerberos.ticket.renew.window.factor = 0.8
	sasl.login.callback.handler.class = null
	sasl.login.class = null
	sasl.login.connect.timeout.ms = null
	sasl.login.read.timeout.ms = null
	sasl.login.refresh.buffer.seconds = 300
	sasl.login.refresh.min.period.seconds = 60
	sasl.login.refresh.window.factor = 0.8
	sasl.login.refresh.window.jitter = 0.05
	sasl.login.retry.backoff.max.ms = 10000
	sasl.login.retry.backoff.ms = 100
	sasl.mechanism = GSSAPI
	sasl.oauthbearer.clock.skew.seconds = 30
	sasl.oauthbearer.expected.audience = null
	sasl.oauthbearer.expected.issuer = null
	sasl.oauthbearer.header.urlencode = false
	sasl.oauthbearer.jwks.endpoint.refresh.ms = 3600000
	sasl.oauthbearer.jwks.endpoint.retry.backoff.max.ms = 10000
	sasl.oauthbearer.jwks.endpoint.retry.backoff.ms = 100
	sasl.oauthbearer.jwks.endpoint.url = null
	sasl.oauthbearer.scope.claim.name = scope
	sasl.oauthbearer.sub.claim.name = sub
	sasl.oauthbearer.token.endpoint.url = null
	security.protocol = PLAINTEXT
	security.providers = null
	send.buffer.bytes = 131072
	session.timeout.ms = 45000
	socket.connection.setup.timeout.max.ms = 30000
	socket.connection.setup.timeout.ms = 10000
	ssl.cipher.suites = null
	ssl.enabled.protocols = [TLSv1.2, TLSv1.3]
	ssl.endpoint.identification.algorithm = https
	ssl.engine.factory.class = null
	ssl.key.password = null
	ssl.keymanager.algorithm = SunX509
	ssl.keystore.certificate.chain = null
	ssl.keystore.key = null
	ssl.keystore.location = null
	ssl.keystore.password = null
	ssl.keystore.type = JKS
	ssl.protocol = TLSv1.3
	ssl.provider = null
	ssl.secure.random.implementation = null
	ssl.trustmanager.algorithm = PKIX
	ssl.truststore.certificates = null
	ssl.truststore.location = null
	ssl.truststore.password = null
	ssl.truststore.type = JKS
	value.deserializer = class io.apicurio.registry.serde.avro.AvroKafkaDeserializer

2025-07-31 17:01:42,985 INFO  [org.apa.kaf.com.tel.int.KafkaMetricsCollector] (main) initializing Kafka metrics collector
2025-07-31 17:01:42,992 INFO  [org.apa.kaf.cli.con.ConsumerConfig] (main) These configurations '[apicurio.registry.url]' were supplied but are not used yet.
2025-07-31 17:01:42,992 INFO  [org.apa.kaf.com.uti.AppInfoParser] (main) Kafka version: 3.9.1
2025-07-31 17:01:42,992 INFO  [org.apa.kaf.com.uti.AppInfoParser] (main) Kafka commitId: f745dfdcee2b9851
2025-07-31 17:01:42,992 INFO  [org.apa.kaf.com.uti.AppInfoParser] (main) Kafka startTimeMs: 1753981302992
2025-07-31 17:01:42,993 INFO  [io.api.tes.ser.api.KafkaSerdesTester] (Thread-707) Sending message {"key11753981301874": "value-0"} to topic topic-ded5cc3a_16b2_4f7f_a7fa_042aedf01850
2025-07-31 17:01:42,998 INFO  [DefaultSchemaResolver] (Thread-707) Retrieving schema content using string: {"type":"record","name":"myrecordconfluent","fields":[{"name":"key11753981301874","type":"string"}]}
2025-07-31 17:01:43,023 INFO  [io.api.tes.ser.api.KafkaSerdesTester] (Thread-707) Sending message {"key11753981301874": "value-1"} to topic topic-ded5cc3a_16b2_4f7f_a7fa_042aedf01850
2025-07-31 17:01:43,024 INFO  [io.api.tes.ser.api.KafkaSerdesTester] (Thread-707) Sending message {"key11753981301874": "value-2"} to topic topic-ded5cc3a_16b2_4f7f_a7fa_042aedf01850
2025-07-31 17:01:43,026 INFO  [io.api.tes.ser.api.KafkaSerdesTester] (Thread-707) Sending message {"key11753981301874": "value-3"} to topic topic-ded5cc3a_16b2_4f7f_a7fa_042aedf01850
2025-07-31 17:01:43,030 INFO  [io.api.tes.ser.api.KafkaSerdesTester] (Thread-707) Sending message {"key11753981301874": "value-4"} to topic topic-ded5cc3a_16b2_4f7f_a7fa_042aedf01850
2025-07-31 17:01:43,033 INFO  [io.api.tes.ser.api.KafkaSerdesTester] (Thread-707) Sending message {"key11753981301874": "value-5"} to topic topic-ded5cc3a_16b2_4f7f_a7fa_042aedf01850
2025-07-31 17:01:43,037 INFO  [io.api.tes.ser.api.KafkaSerdesTester] (Thread-707) Sending message {"key11753981301874": "value-6"} to topic topic-ded5cc3a_16b2_4f7f_a7fa_042aedf01850
2025-07-31 17:01:43,038 INFO  [io.api.tes.ser.api.KafkaSerdesTester] (Thread-707) Sending message {"key11753981301874": "value-7"} to topic topic-ded5cc3a_16b2_4f7f_a7fa_042aedf01850
2025-07-31 17:01:43,040 INFO  [io.api.tes.ser.api.KafkaSerdesTester] (Thread-707) Sending message {"key11753981301874": "value-8"} to topic topic-ded5cc3a_16b2_4f7f_a7fa_042aedf01850
2025-07-31 17:01:43,041 INFO  [io.api.tes.ser.api.KafkaSerdesTester] (Thread-707) Sending message {"key11753981301874": "value-9"} to topic topic-ded5cc3a_16b2_4f7f_a7fa_042aedf01850
2025-07-31 17:01:43,043 INFO  [io.api.tes.ser.api.KafkaSerdesTester] (Thread-707) Produced 10 messages
2025-07-31 17:01:43,043 INFO  [org.apa.kaf.cli.pro.KafkaProducer] (Thread-707) [Producer clientId=Producer-topic-ded5cc3a_16b2_4f7f_a7fa_042aedf01850] Closing the Kafka producer with timeoutMillis = 9223372036854775807 ms.
2025-07-31 17:01:43,046 INFO  [org.apa.kaf.com.met.Metrics] (Thread-707) Metrics scheduler closed
2025-07-31 17:01:43,046 INFO  [org.apa.kaf.com.met.Metrics] (Thread-707) Closing reporter org.apache.kafka.common.metrics.JmxReporter
2025-07-31 17:01:43,046 INFO  [org.apa.kaf.com.met.Metrics] (Thread-707) Closing reporter org.apache.kafka.common.telemetry.internals.ClientTelemetryReporter
2025-07-31 17:01:43,046 INFO  [org.apa.kaf.com.met.Metrics] (Thread-707) Metrics reporters closed
2025-07-31 17:01:43,046 INFO  [org.apa.kaf.com.uti.AppInfoParser] (Thread-707) App info kafka.producer for Producer-topic-ded5cc3a_16b2_4f7f_a7fa_042aedf01850 unregistered
2025-07-31 17:01:43,048 INFO  [io.api.tes.ser.api.KafkaSerdesTester] (Thread-708) Sending message {"key11753981301874": "value-0"} to topic topic-94616bb5_ffbf_41ef_aeb0_d9d7abe4cb7b
2025-07-31 17:01:43,050 INFO  [DefaultSchemaResolver] (Thread-708) Retrieving schema content using string: {"type":"record","name":"myrecordconfluent","fields":[{"name":"key11753981301874","type":"string"}]}
2025-07-31 17:01:43,075 INFO  [io.api.tes.ser.api.KafkaSerdesTester] (Thread-708) Sending message {"key11753981301874": "value-1"} to topic topic-94616bb5_ffbf_41ef_aeb0_d9d7abe4cb7b
2025-07-31 17:01:43,078 INFO  [io.api.tes.ser.api.KafkaSerdesTester] (Thread-708) Sending message {"key11753981301874": "value-2"} to topic topic-94616bb5_ffbf_41ef_aeb0_d9d7abe4cb7b
2025-07-31 17:01:43,081 INFO  [io.api.tes.ser.api.KafkaSerdesTester] (Thread-708) Sending message {"key11753981301874": "value-3"} to topic topic-94616bb5_ffbf_41ef_aeb0_d9d7abe4cb7b
2025-07-31 17:01:43,083 INFO  [io.api.tes.ser.api.KafkaSerdesTester] (Thread-708) Sending message {"key11753981301874": "value-4"} to topic topic-94616bb5_ffbf_41ef_aeb0_d9d7abe4cb7b
2025-07-31 17:01:43,086 INFO  [io.api.tes.ser.api.KafkaSerdesTester] (Thread-708) Sending message {"key11753981301874": "value-5"} to topic topic-94616bb5_ffbf_41ef_aeb0_d9d7abe4cb7b
2025-07-31 17:01:43,087 INFO  [io.api.tes.ser.api.KafkaSerdesTester] (Thread-708) Sending message {"key11753981301874": "value-6"} to topic topic-94616bb5_ffbf_41ef_aeb0_d9d7abe4cb7b
2025-07-31 17:01:43,089 INFO  [io.api.tes.ser.api.KafkaSerdesTester] (Thread-708) Sending message {"key11753981301874": "value-7"} to topic topic-94616bb5_ffbf_41ef_aeb0_d9d7abe4cb7b
2025-07-31 17:01:43,090 INFO  [io.api.tes.ser.api.KafkaSerdesTester] (Thread-708) Sending message {"key11753981301874": "value-8"} to topic topic-94616bb5_ffbf_41ef_aeb0_d9d7abe4cb7b
2025-07-31 17:01:43,091 INFO  [io.api.tes.ser.api.KafkaSerdesTester] (Thread-708) Sending message {"key11753981301874": "value-9"} to topic topic-94616bb5_ffbf_41ef_aeb0_d9d7abe4cb7b
2025-07-31 17:01:43,093 INFO  [io.api.tes.ser.api.KafkaSerdesTester] (Thread-708) Produced 10 messages
2025-07-31 17:01:43,093 INFO  [org.apa.kaf.cli.pro.KafkaProducer] (Thread-708) [Producer clientId=Producer-topic-94616bb5_ffbf_41ef_aeb0_d9d7abe4cb7b] Closing the Kafka producer with timeoutMillis = 9223372036854775807 ms.
2025-07-31 17:01:43,094 INFO  [org.apa.kaf.com.met.Metrics] (Thread-708) Metrics scheduler closed
2025-07-31 17:01:43,094 INFO  [org.apa.kaf.com.met.Metrics] (Thread-708) Closing reporter org.apache.kafka.common.metrics.JmxReporter
2025-07-31 17:01:43,094 INFO  [org.apa.kaf.com.met.Metrics] (Thread-708) Closing reporter org.apache.kafka.common.telemetry.internals.ClientTelemetryReporter
2025-07-31 17:01:43,094 INFO  [org.apa.kaf.com.met.Metrics] (Thread-708) Metrics reporters closed
2025-07-31 17:01:43,095 INFO  [org.apa.kaf.com.uti.AppInfoParser] (Thread-708) App info kafka.producer for Producer-topic-94616bb5_ffbf_41ef_aeb0_d9d7abe4cb7b unregistered
2025-07-31 17:01:43,095 INFO  [io.api.tes.ser.api.KafkaSerdesTester] (Thread-709) Sending message {"key11753981301874": "value-0"} to topic topic-5436f354_99e2_4b85_9994_c39ce97c6a59
2025-07-31 17:01:43,098 INFO  [DefaultSchemaResolver] (Thread-709) Retrieving schema content using string: {"type":"record","name":"myrecordconfluent","fields":[{"name":"key11753981301874","type":"string"}]}
2025-07-31 17:01:43,120 INFO  [io.api.tes.ser.api.KafkaSerdesTester] (Thread-709) Sending message {"key11753981301874": "value-1"} to topic topic-5436f354_99e2_4b85_9994_c39ce97c6a59
2025-07-31 17:01:43,124 INFO  [io.api.tes.ser.api.KafkaSerdesTester] (Thread-709) Sending message {"key11753981301874": "value-2"} to topic topic-5436f354_99e2_4b85_9994_c39ce97c6a59
2025-07-31 17:01:43,125 INFO  [io.api.tes.ser.api.KafkaSerdesTester] (Thread-709) Sending message {"key11753981301874": "value-3"} to topic topic-5436f354_99e2_4b85_9994_c39ce97c6a59
2025-07-31 17:01:43,126 INFO  [io.api.tes.ser.api.KafkaSerdesTester] (Thread-709) Sending message {"key11753981301874": "value-4"} to topic topic-5436f354_99e2_4b85_9994_c39ce97c6a59
2025-07-31 17:01:43,127 INFO  [io.api.tes.ser.api.KafkaSerdesTester] (Thread-709) Sending message {"key11753981301874": "value-5"} to topic topic-5436f354_99e2_4b85_9994_c39ce97c6a59
2025-07-31 17:01:43,128 INFO  [io.api.tes.ser.api.KafkaSerdesTester] (Thread-709) Sending message {"key11753981301874": "value-6"} to topic topic-5436f354_99e2_4b85_9994_c39ce97c6a59
2025-07-31 17:01:43,129 INFO  [io.api.tes.ser.api.KafkaSerdesTester] (Thread-709) Sending message {"key11753981301874": "value-7"} to topic topic-5436f354_99e2_4b85_9994_c39ce97c6a59
2025-07-31 17:01:43,131 INFO  [io.api.tes.ser.api.KafkaSerdesTester] (Thread-709) Sending message {"key11753981301874": "value-8"} to topic topic-5436f354_99e2_4b85_9994_c39ce97c6a59
2025-07-31 17:01:43,132 INFO  [io.api.tes.ser.api.KafkaSerdesTester] (Thread-709) Sending message {"key11753981301874": "value-9"} to topic topic-5436f354_99e2_4b85_9994_c39ce97c6a59
2025-07-31 17:01:43,133 INFO  [io.api.tes.ser.api.KafkaSerdesTester] (Thread-709) Produced 10 messages
2025-07-31 17:01:43,134 INFO  [org.apa.kaf.cli.pro.KafkaProducer] (Thread-709) [Producer clientId=Producer-topic-5436f354_99e2_4b85_9994_c39ce97c6a59] Closing the Kafka producer with timeoutMillis = 9223372036854775807 ms.
2025-07-31 17:01:43,135 INFO  [org.apa.kaf.com.met.Metrics] (Thread-709) Metrics scheduler closed
2025-07-31 17:01:43,135 INFO  [org.apa.kaf.com.met.Metrics] (Thread-709) Closing reporter org.apache.kafka.common.metrics.JmxReporter
2025-07-31 17:01:43,135 INFO  [org.apa.kaf.com.met.Metrics] (Thread-709) Closing reporter org.apache.kafka.common.telemetry.internals.ClientTelemetryReporter
2025-07-31 17:01:43,135 INFO  [org.apa.kaf.com.met.Metrics] (Thread-709) Metrics reporters closed
2025-07-31 17:01:43,136 INFO  [org.apa.kaf.com.uti.AppInfoParser] (Thread-709) App info kafka.producer for Producer-topic-5436f354_99e2_4b85_9994_c39ce97c6a59 unregistered
2025-07-31 17:01:43,136 INFO  [org.apa.kaf.cli.con.int.ClassicKafkaConsumer] (Thread-710) [Consumer clientId=consumer-Consumer-topic-ded5cc3a_16b2_4f7f_a7fa_042aedf01850-14, groupId=Consumer-topic-ded5cc3a_16b2_4f7f_a7fa_042aedf01850] Subscribed to topic(s): topic-ded5cc3a_16b2_4f7f_a7fa_042aedf01850
2025-07-31 17:01:43,141 INFO  [org.apa.kaf.cli.Metadata] (Thread-710) [Consumer clientId=consumer-Consumer-topic-ded5cc3a_16b2_4f7f_a7fa_042aedf01850-14, groupId=Consumer-topic-ded5cc3a_16b2_4f7f_a7fa_042aedf01850] Cluster ID: alGoLOtfQj2F2-zKWHmvbA
2025-07-31 17:01:43,141 INFO  [org.apa.kaf.cli.con.int.ConsumerCoordinator] (Thread-710) [Consumer clientId=consumer-Consumer-topic-ded5cc3a_16b2_4f7f_a7fa_042aedf01850-14, groupId=Consumer-topic-ded5cc3a_16b2_4f7f_a7fa_042aedf01850] Discovered group coordinator localhost:32770 (id: 2147483647 rack: null)
2025-07-31 17:01:43,142 INFO  [org.apa.kaf.cli.con.int.ConsumerCoordinator] (Thread-710) [Consumer clientId=consumer-Consumer-topic-ded5cc3a_16b2_4f7f_a7fa_042aedf01850-14, groupId=Consumer-topic-ded5cc3a_16b2_4f7f_a7fa_042aedf01850] (Re-)joining group
2025-07-31 17:01:43,147 INFO  [org.apa.kaf.cli.con.int.ConsumerCoordinator] (Thread-710) [Consumer clientId=consumer-Consumer-topic-ded5cc3a_16b2_4f7f_a7fa_042aedf01850-14, groupId=Consumer-topic-ded5cc3a_16b2_4f7f_a7fa_042aedf01850] Request joining group due to: need to re-join with the given member-id: consumer-Consumer-topic-ded5cc3a_16b2_4f7f_a7fa_042aedf01850-14-d0ddb0cd-b320-44a4-b081-52fefba49ef0
2025-07-31 17:01:43,147 INFO  [org.apa.kaf.cli.con.int.ConsumerCoordinator] (Thread-710) [Consumer clientId=consumer-Consumer-topic-ded5cc3a_16b2_4f7f_a7fa_042aedf01850-14, groupId=Consumer-topic-ded5cc3a_16b2_4f7f_a7fa_042aedf01850] (Re-)joining group
2025-07-31 17:01:43,152 INFO  [org.apa.kaf.cli.con.int.ConsumerCoordinator] (Thread-710) [Consumer clientId=consumer-Consumer-topic-ded5cc3a_16b2_4f7f_a7fa_042aedf01850-14, groupId=Consumer-topic-ded5cc3a_16b2_4f7f_a7fa_042aedf01850] Successfully joined group with generation Generation{generationId=1, memberId='consumer-Consumer-topic-ded5cc3a_16b2_4f7f_a7fa_042aedf01850-14-d0ddb0cd-b320-44a4-b081-52fefba49ef0', protocol='range'}
2025-07-31 17:01:43,152 INFO  [org.apa.kaf.cli.con.int.ConsumerCoordinator] (Thread-710) [Consumer clientId=consumer-Consumer-topic-ded5cc3a_16b2_4f7f_a7fa_042aedf01850-14, groupId=Consumer-topic-ded5cc3a_16b2_4f7f_a7fa_042aedf01850] Finished assignment for group at generation 1: {consumer-Consumer-topic-ded5cc3a_16b2_4f7f_a7fa_042aedf01850-14-d0ddb0cd-b320-44a4-b081-52fefba49ef0=Assignment(partitions=[topic-ded5cc3a_16b2_4f7f_a7fa_042aedf01850-0])}
2025-07-31 17:01:43,155 INFO  [org.apa.kaf.cli.con.int.ConsumerCoordinator] (Thread-710) [Consumer clientId=consumer-Consumer-topic-ded5cc3a_16b2_4f7f_a7fa_042aedf01850-14, groupId=Consumer-topic-ded5cc3a_16b2_4f7f_a7fa_042aedf01850] Successfully synced group in generation Generation{generationId=1, memberId='consumer-Consumer-topic-ded5cc3a_16b2_4f7f_a7fa_042aedf01850-14-d0ddb0cd-b320-44a4-b081-52fefba49ef0', protocol='range'}
2025-07-31 17:01:43,155 INFO  [org.apa.kaf.cli.con.int.ConsumerCoordinator] (Thread-710) [Consumer clientId=consumer-Consumer-topic-ded5cc3a_16b2_4f7f_a7fa_042aedf01850-14, groupId=Consumer-topic-ded5cc3a_16b2_4f7f_a7fa_042aedf01850] Notifying assignor about the new Assignment(partitions=[topic-ded5cc3a_16b2_4f7f_a7fa_042aedf01850-0])
2025-07-31 17:01:43,155 INFO  [org.apa.kaf.cli.con.int.ConsumerRebalanceListenerInvoker] (Thread-710) [Consumer clientId=consumer-Consumer-topic-ded5cc3a_16b2_4f7f_a7fa_042aedf01850-14, groupId=Consumer-topic-ded5cc3a_16b2_4f7f_a7fa_042aedf01850] Adding newly assigned partitions: topic-ded5cc3a_16b2_4f7f_a7fa_042aedf01850-0
2025-07-31 17:01:43,156 INFO  [org.apa.kaf.cli.con.int.ConsumerCoordinator] (Thread-710) [Consumer clientId=consumer-Consumer-topic-ded5cc3a_16b2_4f7f_a7fa_042aedf01850-14, groupId=Consumer-topic-ded5cc3a_16b2_4f7f_a7fa_042aedf01850] Found no committed offset for partition topic-ded5cc3a_16b2_4f7f_a7fa_042aedf01850-0
2025-07-31 17:01:43,172 INFO  [org.apa.kaf.cli.con.int.SubscriptionState] (Thread-710) [Consumer clientId=consumer-Consumer-topic-ded5cc3a_16b2_4f7f_a7fa_042aedf01850-14, groupId=Consumer-topic-ded5cc3a_16b2_4f7f_a7fa_042aedf01850] Resetting offset for partition topic-ded5cc3a_16b2_4f7f_a7fa_042aedf01850-0 to position FetchPosition{offset=0, offsetEpoch=Optional.empty, currentLeader=LeaderAndEpoch{leader=Optional[localhost:32770 (id: 0 rack: null)], epoch=0}}.
2025-07-31 17:01:43,210 INFO  [io.api.tes.ser.api.KafkaSerdesTester] (Thread-710) topic-ded5cc3a_16b2_4f7f_a7fa_042aedf01850 0 0 {"key11753981301874": "value-0"}
2025-07-31 17:01:43,210 INFO  [io.api.tes.ser.api.KafkaSerdesTester] (Thread-710) topic-ded5cc3a_16b2_4f7f_a7fa_042aedf01850 0 1 {"key11753981301874": "value-1"}
2025-07-31 17:01:43,210 INFO  [io.api.tes.ser.api.KafkaSerdesTester] (Thread-710) topic-ded5cc3a_16b2_4f7f_a7fa_042aedf01850 0 2 {"key11753981301874": "value-2"}
2025-07-31 17:01:43,210 INFO  [io.api.tes.ser.api.KafkaSerdesTester] (Thread-710) topic-ded5cc3a_16b2_4f7f_a7fa_042aedf01850 0 3 {"key11753981301874": "value-3"}
2025-07-31 17:01:43,210 INFO  [io.api.tes.ser.api.KafkaSerdesTester] (Thread-710) topic-ded5cc3a_16b2_4f7f_a7fa_042aedf01850 0 4 {"key11753981301874": "value-4"}
2025-07-31 17:01:43,210 INFO  [io.api.tes.ser.api.KafkaSerdesTester] (Thread-710) topic-ded5cc3a_16b2_4f7f_a7fa_042aedf01850 0 5 {"key11753981301874": "value-5"}
2025-07-31 17:01:43,210 INFO  [io.api.tes.ser.api.KafkaSerdesTester] (Thread-710) topic-ded5cc3a_16b2_4f7f_a7fa_042aedf01850 0 6 {"key11753981301874": "value-6"}
2025-07-31 17:01:43,210 INFO  [io.api.tes.ser.api.KafkaSerdesTester] (Thread-710) topic-ded5cc3a_16b2_4f7f_a7fa_042aedf01850 0 7 {"key11753981301874": "value-7"}
2025-07-31 17:01:43,210 INFO  [io.api.tes.ser.api.KafkaSerdesTester] (Thread-710) topic-ded5cc3a_16b2_4f7f_a7fa_042aedf01850 0 8 {"key11753981301874": "value-8"}
2025-07-31 17:01:43,210 INFO  [io.api.tes.ser.api.KafkaSerdesTester] (Thread-710) topic-ded5cc3a_16b2_4f7f_a7fa_042aedf01850 0 9 {"key11753981301874": "value-9"}
2025-07-31 17:01:43,210 INFO  [io.api.tes.ser.api.KafkaSerdesTester] (Thread-710) Consumed 10 messages
2025-07-31 17:01:43,213 INFO  [org.apa.kaf.cli.con.int.ConsumerRebalanceListenerInvoker] (Thread-710) [Consumer clientId=consumer-Consumer-topic-ded5cc3a_16b2_4f7f_a7fa_042aedf01850-14, groupId=Consumer-topic-ded5cc3a_16b2_4f7f_a7fa_042aedf01850] Revoke previously assigned partitions topic-ded5cc3a_16b2_4f7f_a7fa_042aedf01850-0
2025-07-31 17:01:43,213 INFO  [org.apa.kaf.cli.con.int.ConsumerCoordinator] (Thread-710) [Consumer clientId=consumer-Consumer-topic-ded5cc3a_16b2_4f7f_a7fa_042aedf01850-14, groupId=Consumer-topic-ded5cc3a_16b2_4f7f_a7fa_042aedf01850] Member consumer-Consumer-topic-ded5cc3a_16b2_4f7f_a7fa_042aedf01850-14-d0ddb0cd-b320-44a4-b081-52fefba49ef0 sending LeaveGroup request to coordinator localhost:32770 (id: 2147483647 rack: null) due to the consumer is being closed
2025-07-31 17:01:43,213 INFO  [org.apa.kaf.cli.con.int.ConsumerCoordinator] (Thread-710) [Consumer clientId=consumer-Consumer-topic-ded5cc3a_16b2_4f7f_a7fa_042aedf01850-14, groupId=Consumer-topic-ded5cc3a_16b2_4f7f_a7fa_042aedf01850] Resetting generation and member id due to: consumer pro-actively leaving the group
2025-07-31 17:01:43,214 INFO  [org.apa.kaf.cli.con.int.ConsumerCoordinator] (Thread-710) [Consumer clientId=consumer-Consumer-topic-ded5cc3a_16b2_4f7f_a7fa_042aedf01850-14, groupId=Consumer-topic-ded5cc3a_16b2_4f7f_a7fa_042aedf01850] Request joining group due to: consumer pro-actively leaving the group
2025-07-31 17:01:43,714 INFO  [org.apa.kaf.com.met.Metrics] (Thread-710) Metrics scheduler closed
2025-07-31 17:01:43,714 INFO  [org.apa.kaf.com.met.Metrics] (Thread-710) Closing reporter org.apache.kafka.common.metrics.JmxReporter
2025-07-31 17:01:43,714 INFO  [org.apa.kaf.com.met.Metrics] (Thread-710) Closing reporter org.apache.kafka.common.telemetry.internals.ClientTelemetryReporter
2025-07-31 17:01:43,714 INFO  [org.apa.kaf.com.met.Metrics] (Thread-710) Metrics reporters closed
2025-07-31 17:01:43,716 INFO  [org.apa.kaf.com.uti.AppInfoParser] (Thread-710) App info kafka.consumer for consumer-Consumer-topic-ded5cc3a_16b2_4f7f_a7fa_042aedf01850-14 unregistered
2025-07-31 17:01:43,719 INFO  [org.apa.kaf.cli.con.int.ClassicKafkaConsumer] (Thread-711) [Consumer clientId=consumer-Consumer-topic-94616bb5_ffbf_41ef_aeb0_d9d7abe4cb7b-15, groupId=Consumer-topic-94616bb5_ffbf_41ef_aeb0_d9d7abe4cb7b] Subscribed to topic(s): topic-94616bb5_ffbf_41ef_aeb0_d9d7abe4cb7b
2025-07-31 17:01:43,724 INFO  [org.apa.kaf.cli.Metadata] (Thread-711) [Consumer clientId=consumer-Consumer-topic-94616bb5_ffbf_41ef_aeb0_d9d7abe4cb7b-15, groupId=Consumer-topic-94616bb5_ffbf_41ef_aeb0_d9d7abe4cb7b] Cluster ID: alGoLOtfQj2F2-zKWHmvbA
2025-07-31 17:01:43,724 INFO  [org.apa.kaf.cli.con.int.ConsumerCoordinator] (Thread-711) [Consumer clientId=consumer-Consumer-topic-94616bb5_ffbf_41ef_aeb0_d9d7abe4cb7b-15, groupId=Consumer-topic-94616bb5_ffbf_41ef_aeb0_d9d7abe4cb7b] Discovered group coordinator localhost:32770 (id: 2147483647 rack: null)
2025-07-31 17:01:43,726 INFO  [org.apa.kaf.cli.con.int.ConsumerCoordinator] (Thread-711) [Consumer clientId=consumer-Consumer-topic-94616bb5_ffbf_41ef_aeb0_d9d7abe4cb7b-15, groupId=Consumer-topic-94616bb5_ffbf_41ef_aeb0_d9d7abe4cb7b] (Re-)joining group
2025-07-31 17:01:43,728 INFO  [org.apa.kaf.cli.con.int.ConsumerCoordinator] (Thread-711) [Consumer clientId=consumer-Consumer-topic-94616bb5_ffbf_41ef_aeb0_d9d7abe4cb7b-15, groupId=Consumer-topic-94616bb5_ffbf_41ef_aeb0_d9d7abe4cb7b] Request joining group due to: need to re-join with the given member-id: consumer-Consumer-topic-94616bb5_ffbf_41ef_aeb0_d9d7abe4cb7b-15-8b34487f-9d38-418d-ac2c-87ea3f2bd626
2025-07-31 17:01:43,728 INFO  [org.apa.kaf.cli.con.int.ConsumerCoordinator] (Thread-711) [Consumer clientId=consumer-Consumer-topic-94616bb5_ffbf_41ef_aeb0_d9d7abe4cb7b-15, groupId=Consumer-topic-94616bb5_ffbf_41ef_aeb0_d9d7abe4cb7b] (Re-)joining group
2025-07-31 17:01:43,731 INFO  [org.apa.kaf.cli.con.int.ConsumerCoordinator] (Thread-711) [Consumer clientId=consumer-Consumer-topic-94616bb5_ffbf_41ef_aeb0_d9d7abe4cb7b-15, groupId=Consumer-topic-94616bb5_ffbf_41ef_aeb0_d9d7abe4cb7b] Successfully joined group with generation Generation{generationId=1, memberId='consumer-Consumer-topic-94616bb5_ffbf_41ef_aeb0_d9d7abe4cb7b-15-8b34487f-9d38-418d-ac2c-87ea3f2bd626', protocol='range'}
2025-07-31 17:01:43,732 INFO  [org.apa.kaf.cli.con.int.ConsumerCoordinator] (Thread-711) [Consumer clientId=consumer-Consumer-topic-94616bb5_ffbf_41ef_aeb0_d9d7abe4cb7b-15, groupId=Consumer-topic-94616bb5_ffbf_41ef_aeb0_d9d7abe4cb7b] Finished assignment for group at generation 1: {consumer-Consumer-topic-94616bb5_ffbf_41ef_aeb0_d9d7abe4cb7b-15-8b34487f-9d38-418d-ac2c-87ea3f2bd626=Assignment(partitions=[topic-94616bb5_ffbf_41ef_aeb0_d9d7abe4cb7b-0])}
2025-07-31 17:01:43,734 INFO  [org.apa.kaf.cli.con.int.ConsumerCoordinator] (Thread-711) [Consumer clientId=consumer-Consumer-topic-94616bb5_ffbf_41ef_aeb0_d9d7abe4cb7b-15, groupId=Consumer-topic-94616bb5_ffbf_41ef_aeb0_d9d7abe4cb7b] Successfully synced group in generation Generation{generationId=1, memberId='consumer-Consumer-topic-94616bb5_ffbf_41ef_aeb0_d9d7abe4cb7b-15-8b34487f-9d38-418d-ac2c-87ea3f2bd626', protocol='range'}
2025-07-31 17:01:43,734 INFO  [org.apa.kaf.cli.con.int.ConsumerCoordinator] (Thread-711) [Consumer clientId=consumer-Consumer-topic-94616bb5_ffbf_41ef_aeb0_d9d7abe4cb7b-15, groupId=Consumer-topic-94616bb5_ffbf_41ef_aeb0_d9d7abe4cb7b] Notifying assignor about the new Assignment(partitions=[topic-94616bb5_ffbf_41ef_aeb0_d9d7abe4cb7b-0])
2025-07-31 17:01:43,734 INFO  [org.apa.kaf.cli.con.int.ConsumerRebalanceListenerInvoker] (Thread-711) [Consumer clientId=consumer-Consumer-topic-94616bb5_ffbf_41ef_aeb0_d9d7abe4cb7b-15, groupId=Consumer-topic-94616bb5_ffbf_41ef_aeb0_d9d7abe4cb7b] Adding newly assigned partitions: topic-94616bb5_ffbf_41ef_aeb0_d9d7abe4cb7b-0
2025-07-31 17:01:43,736 INFO  [org.apa.kaf.cli.con.int.ConsumerCoordinator] (Thread-711) [Consumer clientId=consumer-Consumer-topic-94616bb5_ffbf_41ef_aeb0_d9d7abe4cb7b-15, groupId=Consumer-topic-94616bb5_ffbf_41ef_aeb0_d9d7abe4cb7b] Found no committed offset for partition topic-94616bb5_ffbf_41ef_aeb0_d9d7abe4cb7b-0
2025-07-31 17:01:43,742 INFO  [org.apa.kaf.cli.con.int.SubscriptionState] (Thread-711) [Consumer clientId=consumer-Consumer-topic-94616bb5_ffbf_41ef_aeb0_d9d7abe4cb7b-15, groupId=Consumer-topic-94616bb5_ffbf_41ef_aeb0_d9d7abe4cb7b] Resetting offset for partition topic-94616bb5_ffbf_41ef_aeb0_d9d7abe4cb7b-0 to position FetchPosition{offset=0, offsetEpoch=Optional.empty, currentLeader=LeaderAndEpoch{leader=Optional[localhost:32770 (id: 0 rack: null)], epoch=0}}.
2025-07-31 17:01:43,771 INFO  [io.api.tes.ser.api.KafkaSerdesTester] (Thread-711) topic-94616bb5_ffbf_41ef_aeb0_d9d7abe4cb7b 0 0 {"key11753981301874": "value-0"}
2025-07-31 17:01:43,771 INFO  [io.api.tes.ser.api.KafkaSerdesTester] (Thread-711) topic-94616bb5_ffbf_41ef_aeb0_d9d7abe4cb7b 0 1 {"key11753981301874": "value-1"}
2025-07-31 17:01:43,771 INFO  [io.api.tes.ser.api.KafkaSerdesTester] (Thread-711) topic-94616bb5_ffbf_41ef_aeb0_d9d7abe4cb7b 0 2 {"key11753981301874": "value-2"}
2025-07-31 17:01:43,771 INFO  [io.api.tes.ser.api.KafkaSerdesTester] (Thread-711) topic-94616bb5_ffbf_41ef_aeb0_d9d7abe4cb7b 0 3 {"key11753981301874": "value-3"}
2025-07-31 17:01:43,771 INFO  [io.api.tes.ser.api.KafkaSerdesTester] (Thread-711) topic-94616bb5_ffbf_41ef_aeb0_d9d7abe4cb7b 0 4 {"key11753981301874": "value-4"}
2025-07-31 17:01:43,771 INFO  [io.api.tes.ser.api.KafkaSerdesTester] (Thread-711) topic-94616bb5_ffbf_41ef_aeb0_d9d7abe4cb7b 0 5 {"key11753981301874": "value-5"}
2025-07-31 17:01:43,771 INFO  [io.api.tes.ser.api.KafkaSerdesTester] (Thread-711) topic-94616bb5_ffbf_41ef_aeb0_d9d7abe4cb7b 0 6 {"key11753981301874": "value-6"}
2025-07-31 17:01:43,771 INFO  [io.api.tes.ser.api.KafkaSerdesTester] (Thread-711) topic-94616bb5_ffbf_41ef_aeb0_d9d7abe4cb7b 0 7 {"key11753981301874": "value-7"}
2025-07-31 17:01:43,772 INFO  [io.api.tes.ser.api.KafkaSerdesTester] (Thread-711) topic-94616bb5_ffbf_41ef_aeb0_d9d7abe4cb7b 0 8 {"key11753981301874": "value-8"}
2025-07-31 17:01:43,772 INFO  [io.api.tes.ser.api.KafkaSerdesTester] (Thread-711) topic-94616bb5_ffbf_41ef_aeb0_d9d7abe4cb7b 0 9 {"key11753981301874": "value-9"}
2025-07-31 17:01:43,772 INFO  [io.api.tes.ser.api.KafkaSerdesTester] (Thread-711) Consumed 10 messages
2025-07-31 17:01:43,774 INFO  [org.apa.kaf.cli.con.int.ConsumerRebalanceListenerInvoker] (Thread-711) [Consumer clientId=consumer-Consumer-topic-94616bb5_ffbf_41ef_aeb0_d9d7abe4cb7b-15, groupId=Consumer-topic-94616bb5_ffbf_41ef_aeb0_d9d7abe4cb7b] Revoke previously assigned partitions topic-94616bb5_ffbf_41ef_aeb0_d9d7abe4cb7b-0
2025-07-31 17:01:43,774 INFO  [org.apa.kaf.cli.con.int.ConsumerCoordinator] (Thread-711) [Consumer clientId=consumer-Consumer-topic-94616bb5_ffbf_41ef_aeb0_d9d7abe4cb7b-15, groupId=Consumer-topic-94616bb5_ffbf_41ef_aeb0_d9d7abe4cb7b] Member consumer-Consumer-topic-94616bb5_ffbf_41ef_aeb0_d9d7abe4cb7b-15-8b34487f-9d38-418d-ac2c-87ea3f2bd626 sending LeaveGroup request to coordinator localhost:32770 (id: 2147483647 rack: null) due to the consumer is being closed
2025-07-31 17:01:43,774 INFO  [org.apa.kaf.cli.con.int.ConsumerCoordinator] (Thread-711) [Consumer clientId=consumer-Consumer-topic-94616bb5_ffbf_41ef_aeb0_d9d7abe4cb7b-15, groupId=Consumer-topic-94616bb5_ffbf_41ef_aeb0_d9d7abe4cb7b] Resetting generation and member id due to: consumer pro-actively leaving the group
2025-07-31 17:01:43,774 INFO  [org.apa.kaf.cli.con.int.ConsumerCoordinator] (Thread-711) [Consumer clientId=consumer-Consumer-topic-94616bb5_ffbf_41ef_aeb0_d9d7abe4cb7b-15, groupId=Consumer-topic-94616bb5_ffbf_41ef_aeb0_d9d7abe4cb7b] Request joining group due to: consumer pro-actively leaving the group
2025-07-31 17:01:44,274 INFO  [org.apa.kaf.com.met.Metrics] (Thread-711) Metrics scheduler closed
2025-07-31 17:01:44,274 INFO  [org.apa.kaf.com.met.Metrics] (Thread-711) Closing reporter org.apache.kafka.common.metrics.JmxReporter
2025-07-31 17:01:44,274 INFO  [org.apa.kaf.com.met.Metrics] (Thread-711) Closing reporter org.apache.kafka.common.telemetry.internals.ClientTelemetryReporter
2025-07-31 17:01:44,274 INFO  [org.apa.kaf.com.met.Metrics] (Thread-711) Metrics reporters closed
2025-07-31 17:01:44,276 INFO  [org.apa.kaf.com.uti.AppInfoParser] (Thread-711) App info kafka.consumer for consumer-Consumer-topic-94616bb5_ffbf_41ef_aeb0_d9d7abe4cb7b-15 unregistered
2025-07-31 17:01:44,277 INFO  [org.apa.kaf.cli.con.int.ClassicKafkaConsumer] (Thread-712) [Consumer clientId=consumer-Consumer-topic-5436f354_99e2_4b85_9994_c39ce97c6a59-16, groupId=Consumer-topic-5436f354_99e2_4b85_9994_c39ce97c6a59] Subscribed to topic(s): topic-5436f354_99e2_4b85_9994_c39ce97c6a59
2025-07-31 17:01:44,281 INFO  [org.apa.kaf.cli.Metadata] (Thread-712) [Consumer clientId=consumer-Consumer-topic-5436f354_99e2_4b85_9994_c39ce97c6a59-16, groupId=Consumer-topic-5436f354_99e2_4b85_9994_c39ce97c6a59] Cluster ID: alGoLOtfQj2F2-zKWHmvbA
2025-07-31 17:01:44,282 INFO  [org.apa.kaf.cli.con.int.ConsumerCoordinator] (Thread-712) [Consumer clientId=consumer-Consumer-topic-5436f354_99e2_4b85_9994_c39ce97c6a59-16, groupId=Consumer-topic-5436f354_99e2_4b85_9994_c39ce97c6a59] Discovered group coordinator localhost:32770 (id: 2147483647 rack: null)
2025-07-31 17:01:44,283 INFO  [org.apa.kaf.cli.con.int.ConsumerCoordinator] (Thread-712) [Consumer clientId=consumer-Consumer-topic-5436f354_99e2_4b85_9994_c39ce97c6a59-16, groupId=Consumer-topic-5436f354_99e2_4b85_9994_c39ce97c6a59] (Re-)joining group
2025-07-31 17:01:44,288 INFO  [org.apa.kaf.cli.con.int.ConsumerCoordinator] (Thread-712) [Consumer clientId=consumer-Consumer-topic-5436f354_99e2_4b85_9994_c39ce97c6a59-16, groupId=Consumer-topic-5436f354_99e2_4b85_9994_c39ce97c6a59] Request joining group due to: need to re-join with the given member-id: consumer-Consumer-topic-5436f354_99e2_4b85_9994_c39ce97c6a59-16-7bfdd518-8c67-42c9-9f49-9faff915736e
2025-07-31 17:01:44,289 INFO  [org.apa.kaf.cli.con.int.ConsumerCoordinator] (Thread-712) [Consumer clientId=consumer-Consumer-topic-5436f354_99e2_4b85_9994_c39ce97c6a59-16, groupId=Consumer-topic-5436f354_99e2_4b85_9994_c39ce97c6a59] (Re-)joining group
2025-07-31 17:01:44,292 INFO  [org.apa.kaf.cli.con.int.ConsumerCoordinator] (Thread-712) [Consumer clientId=consumer-Consumer-topic-5436f354_99e2_4b85_9994_c39ce97c6a59-16, groupId=Consumer-topic-5436f354_99e2_4b85_9994_c39ce97c6a59] Successfully joined group with generation Generation{generationId=1, memberId='consumer-Consumer-topic-5436f354_99e2_4b85_9994_c39ce97c6a59-16-7bfdd518-8c67-42c9-9f49-9faff915736e', protocol='range'}
2025-07-31 17:01:44,293 INFO  [org.apa.kaf.cli.con.int.ConsumerCoordinator] (Thread-712) [Consumer clientId=consumer-Consumer-topic-5436f354_99e2_4b85_9994_c39ce97c6a59-16, groupId=Consumer-topic-5436f354_99e2_4b85_9994_c39ce97c6a59] Finished assignment for group at generation 1: {consumer-Consumer-topic-5436f354_99e2_4b85_9994_c39ce97c6a59-16-7bfdd518-8c67-42c9-9f49-9faff915736e=Assignment(partitions=[topic-5436f354_99e2_4b85_9994_c39ce97c6a59-0])}
2025-07-31 17:01:44,296 INFO  [org.apa.kaf.cli.con.int.ConsumerCoordinator] (Thread-712) [Consumer clientId=consumer-Consumer-topic-5436f354_99e2_4b85_9994_c39ce97c6a59-16, groupId=Consumer-topic-5436f354_99e2_4b85_9994_c39ce97c6a59] Successfully synced group in generation Generation{generationId=1, memberId='consumer-Consumer-topic-5436f354_99e2_4b85_9994_c39ce97c6a59-16-7bfdd518-8c67-42c9-9f49-9faff915736e', protocol='range'}
2025-07-31 17:01:44,297 INFO  [org.apa.kaf.cli.con.int.ConsumerCoordinator] (Thread-712) [Consumer clientId=consumer-Consumer-topic-5436f354_99e2_4b85_9994_c39ce97c6a59-16, groupId=Consumer-topic-5436f354_99e2_4b85_9994_c39ce97c6a59] Notifying assignor about the new Assignment(partitions=[topic-5436f354_99e2_4b85_9994_c39ce97c6a59-0])
2025-07-31 17:01:44,297 INFO  [org.apa.kaf.cli.con.int.ConsumerRebalanceListenerInvoker] (Thread-712) [Consumer clientId=consumer-Consumer-topic-5436f354_99e2_4b85_9994_c39ce97c6a59-16, groupId=Consumer-topic-5436f354_99e2_4b85_9994_c39ce97c6a59] Adding newly assigned partitions: topic-5436f354_99e2_4b85_9994_c39ce97c6a59-0
2025-07-31 17:01:44,300 INFO  [org.apa.kaf.cli.con.int.ConsumerCoordinator] (Thread-712) [Consumer clientId=consumer-Consumer-topic-5436f354_99e2_4b85_9994_c39ce97c6a59-16, groupId=Consumer-topic-5436f354_99e2_4b85_9994_c39ce97c6a59] Found no committed offset for partition topic-5436f354_99e2_4b85_9994_c39ce97c6a59-0
2025-07-31 17:01:44,314 INFO  [org.apa.kaf.cli.con.int.SubscriptionState] (Thread-712) [Consumer clientId=consumer-Consumer-topic-5436f354_99e2_4b85_9994_c39ce97c6a59-16, groupId=Consumer-topic-5436f354_99e2_4b85_9994_c39ce97c6a59] Resetting offset for partition topic-5436f354_99e2_4b85_9994_c39ce97c6a59-0 to position FetchPosition{offset=0, offsetEpoch=Optional.empty, currentLeader=LeaderAndEpoch{leader=Optional[localhost:32770 (id: 0 rack: null)], epoch=0}}.
2025-07-31 17:01:44,352 INFO  [io.api.tes.ser.api.KafkaSerdesTester] (Thread-712) topic-5436f354_99e2_4b85_9994_c39ce97c6a59 0 0 {"key11753981301874": "value-0"}
2025-07-31 17:01:44,352 INFO  [io.api.tes.ser.api.KafkaSerdesTester] (Thread-712) topic-5436f354_99e2_4b85_9994_c39ce97c6a59 0 1 {"key11753981301874": "value-1"}
2025-07-31 17:01:44,352 INFO  [io.api.tes.ser.api.KafkaSerdesTester] (Thread-712) topic-5436f354_99e2_4b85_9994_c39ce97c6a59 0 2 {"key11753981301874": "value-2"}
2025-07-31 17:01:44,352 INFO  [io.api.tes.ser.api.KafkaSerdesTester] (Thread-712) topic-5436f354_99e2_4b85_9994_c39ce97c6a59 0 3 {"key11753981301874": "value-3"}
2025-07-31 17:01:44,352 INFO  [io.api.tes.ser.api.KafkaSerdesTester] (Thread-712) topic-5436f354_99e2_4b85_9994_c39ce97c6a59 0 4 {"key11753981301874": "value-4"}
2025-07-31 17:01:44,352 INFO  [io.api.tes.ser.api.KafkaSerdesTester] (Thread-712) topic-5436f354_99e2_4b85_9994_c39ce97c6a59 0 5 {"key11753981301874": "value-5"}
2025-07-31 17:01:44,352 INFO  [io.api.tes.ser.api.KafkaSerdesTester] (Thread-712) topic-5436f354_99e2_4b85_9994_c39ce97c6a59 0 6 {"key11753981301874": "value-6"}
2025-07-31 17:01:44,352 INFO  [io.api.tes.ser.api.KafkaSerdesTester] (Thread-712) topic-5436f354_99e2_4b85_9994_c39ce97c6a59 0 7 {"key11753981301874": "value-7"}
2025-07-31 17:01:44,352 INFO  [io.api.tes.ser.api.KafkaSerdesTester] (Thread-712) topic-5436f354_99e2_4b85_9994_c39ce97c6a59 0 8 {"key11753981301874": "value-8"}
2025-07-31 17:01:44,352 INFO  [io.api.tes.ser.api.KafkaSerdesTester] (Thread-712) topic-5436f354_99e2_4b85_9994_c39ce97c6a59 0 9 {"key11753981301874": "value-9"}
2025-07-31 17:01:44,352 INFO  [io.api.tes.ser.api.KafkaSerdesTester] (Thread-712) Consumed 10 messages
2025-07-31 17:01:44,356 INFO  [org.apa.kaf.cli.con.int.ConsumerRebalanceListenerInvoker] (Thread-712) [Consumer clientId=consumer-Consumer-topic-5436f354_99e2_4b85_9994_c39ce97c6a59-16, groupId=Consumer-topic-5436f354_99e2_4b85_9994_c39ce97c6a59] Revoke previously assigned partitions topic-5436f354_99e2_4b85_9994_c39ce97c6a59-0
2025-07-31 17:01:44,356 INFO  [org.apa.kaf.cli.con.int.ConsumerCoordinator] (Thread-712) [Consumer clientId=consumer-Consumer-topic-5436f354_99e2_4b85_9994_c39ce97c6a59-16, groupId=Consumer-topic-5436f354_99e2_4b85_9994_c39ce97c6a59] Member consumer-Consumer-topic-5436f354_99e2_4b85_9994_c39ce97c6a59-16-7bfdd518-8c67-42c9-9f49-9faff915736e sending LeaveGroup request to coordinator localhost:32770 (id: 2147483647 rack: null) due to the consumer is being closed
2025-07-31 17:01:44,357 INFO  [org.apa.kaf.cli.con.int.ConsumerCoordinator] (Thread-712) [Consumer clientId=consumer-Consumer-topic-5436f354_99e2_4b85_9994_c39ce97c6a59-16, groupId=Consumer-topic-5436f354_99e2_4b85_9994_c39ce97c6a59] Resetting generation and member id due to: consumer pro-actively leaving the group
2025-07-31 17:01:44,357 INFO  [org.apa.kaf.cli.con.int.ConsumerCoordinator] (Thread-712) [Consumer clientId=consumer-Consumer-topic-5436f354_99e2_4b85_9994_c39ce97c6a59-16, groupId=Consumer-topic-5436f354_99e2_4b85_9994_c39ce97c6a59] Request joining group due to: consumer pro-actively leaving the group
2025-07-31 17:01:44,854 INFO  [org.apa.kaf.com.met.Metrics] (Thread-712) Metrics scheduler closed
2025-07-31 17:01:44,854 INFO  [org.apa.kaf.com.met.Metrics] (Thread-712) Closing reporter org.apache.kafka.common.metrics.JmxReporter
2025-07-31 17:01:44,854 INFO  [org.apa.kaf.com.met.Metrics] (Thread-712) Closing reporter org.apache.kafka.common.telemetry.internals.ClientTelemetryReporter
2025-07-31 17:01:44,854 INFO  [org.apa.kaf.com.met.Metrics] (Thread-712) Metrics reporters closed
2025-07-31 17:01:44,856 INFO  [org.apa.kaf.com.uti.AppInfoParser] (Thread-712) App info kafka.consumer for consumer-Consumer-topic-5436f354_99e2_4b85_9994_c39ce97c6a59-16 unregistered
2025-07-31 17:01:44,857 INFO  [io.api.tes.uti.TestSeparator] (main) io.apicurio.tests.serdes.apicurio.AvroSerdeIT.testAvroConfluentForMultipleTopics-FINISHED
2025-07-31 17:01:44,857 INFO  [io.api.tes.uti.TestSeparator] (main) ############################################################################
Test passed: testAvroConfluentForMultipleTopics
]]></system-out>
  </testcase>
  <testcase name="testFirstRequestFailsRateLimited" classname="io.apicurio.tests.serdes.apicurio.AvroSerdeIT" time="1.318">
    <system-out><![CDATA[2025-07-31 17:01:44,860 INFO  [io.api.tes.uti.TestSeparator] (main) ############################################################################
2025-07-31 17:01:44,860 INFO  [io.api.tes.uti.TestSeparator] (main) io.apicurio.tests.serdes.apicurio.AvroSerdeIT.testFirstRequestFailsRateLimited-STARTED
2025-07-31 17:01:45,627 WARN  [org.ecl.jet.ser.AbstractConnector] (main) Acceptors should be <= availableProcessors: NetworkTrafficServerConnector@f33b8fc{HTTP/1.1, (http/1.1, h2c)}{0.0.0.0:0} 
2025-07-31 17:01:45,795 INFO  [org.ecl.jet.ser.Server] (main) jetty-11.0.15; built: 2023-04-11T18:37:53.775Z; git: 5bc5e562c8d05c5862505aebe5cf83a61bdbcb96; jvm 17.0.16+8
2025-07-31 17:01:45,827 INFO  [org.ecl.jet.ser.han.ContextHandler] (main) Started o.e.j.s.ServletContextHandler@33c2a762{/__admin,null,AVAILABLE}
2025-07-31 17:01:45,835 INFO  [org.ecl.jet.ser.han.Con.ROOT] (main) RequestHandlerClass from context returned com.github.tomakehurst.wiremock.http.StubRequestHandler. Normalized mapped under returned 'null'
2025-07-31 17:01:45,836 INFO  [org.ecl.jet.ser.han.ContextHandler] (main) Started o.e.j.s.ServletContextHandler@1ca49d7c{/,null,AVAILABLE}
2025-07-31 17:01:45,844 INFO  [org.ecl.jet.ser.AbstractConnector] (main) Started NetworkTrafficServerConnector@f33b8fc{HTTP/1.1, (http/1.1, h2c)}{0.0.0.0:36535}
2025-07-31 17:01:45,849 INFO  [org.ecl.jet.ser.Server] (main) Started Server@6d98bf7{STARTING}[11.0.15,sto=1000] @58325ms
**** Registry Base URL: http://registry-app-postgresql.apps.ci419.apicurio-testing.org:80
2025-07-31 17:01:45,861 INFO  [org.apa.kaf.cli.pro.ProducerConfig] (main) ProducerConfig values: 
	acks = -1
	auto.include.jmx.reporter = true
	batch.size = 16384
	bootstrap.servers = [PLAINTEXT://localhost:32770]
	buffer.memory = 33554432
	client.dns.lookup = use_all_dns_ips
	client.id = Producer-topic-33ffdab4_befb_4f74_a6b5_0e5059357990
	compression.gzip.level = -1
	compression.lz4.level = 9
	compression.type = none
	compression.zstd.level = 3
	connections.max.idle.ms = 10000
	delivery.timeout.ms = 120000
	enable.idempotence = true
	enable.metrics.push = true
	interceptor.classes = []
	key.serializer = class org.apache.kafka.common.serialization.StringSerializer
	linger.ms = 0
	max.block.ms = 60000
	max.in.flight.requests.per.connection = 5
	max.request.size = 1048576
	metadata.max.age.ms = 300000
	metadata.max.idle.ms = 300000
	metadata.recovery.strategy = none
	metric.reporters = []
	metrics.num.samples = 2
	metrics.recording.level = INFO
	metrics.sample.window.ms = 30000
	partitioner.adaptive.partitioning.enable = true
	partitioner.availability.timeout.ms = 0
	partitioner.class = null
	partitioner.ignore.keys = false
	receive.buffer.bytes = 32768
	reconnect.backoff.max.ms = 1000
	reconnect.backoff.ms = 50
	request.timeout.ms = 5000
	retries = 2147483647
	retry.backoff.max.ms = 1000
	retry.backoff.ms = 100
	sasl.client.callback.handler.class = null
	sasl.jaas.config = null
	sasl.kerberos.kinit.cmd = /usr/bin/kinit
	sasl.kerberos.min.time.before.relogin = 60000
	sasl.kerberos.service.name = null
	sasl.kerberos.ticket.renew.jitter = 0.05
	sasl.kerberos.ticket.renew.window.factor = 0.8
	sasl.login.callback.handler.class = null
	sasl.login.class = null
	sasl.login.connect.timeout.ms = null
	sasl.login.read.timeout.ms = null
	sasl.login.refresh.buffer.seconds = 300
	sasl.login.refresh.min.period.seconds = 60
	sasl.login.refresh.window.factor = 0.8
	sasl.login.refresh.window.jitter = 0.05
	sasl.login.retry.backoff.max.ms = 10000
	sasl.login.retry.backoff.ms = 100
	sasl.mechanism = GSSAPI
	sasl.oauthbearer.clock.skew.seconds = 30
	sasl.oauthbearer.expected.audience = null
	sasl.oauthbearer.expected.issuer = null
	sasl.oauthbearer.header.urlencode = false
	sasl.oauthbearer.jwks.endpoint.refresh.ms = 3600000
	sasl.oauthbearer.jwks.endpoint.retry.backoff.max.ms = 10000
	sasl.oauthbearer.jwks.endpoint.retry.backoff.ms = 100
	sasl.oauthbearer.jwks.endpoint.url = null
	sasl.oauthbearer.scope.claim.name = scope
	sasl.oauthbearer.sub.claim.name = sub
	sasl.oauthbearer.token.endpoint.url = null
	security.protocol = PLAINTEXT
	security.providers = null
	send.buffer.bytes = 131072
	socket.connection.setup.timeout.max.ms = 30000
	socket.connection.setup.timeout.ms = 10000
	ssl.cipher.suites = null
	ssl.enabled.protocols = [TLSv1.2, TLSv1.3]
	ssl.endpoint.identification.algorithm = https
	ssl.engine.factory.class = null
	ssl.key.password = null
	ssl.keymanager.algorithm = SunX509
	ssl.keystore.certificate.chain = null
	ssl.keystore.key = null
	ssl.keystore.location = null
	ssl.keystore.password = null
	ssl.keystore.type = JKS
	ssl.protocol = TLSv1.3
	ssl.provider = null
	ssl.secure.random.implementation = null
	ssl.trustmanager.algorithm = PKIX
	ssl.truststore.certificates = null
	ssl.truststore.location = null
	ssl.truststore.password = null
	ssl.truststore.type = JKS
	transaction.timeout.ms = 60000
	transactional.id = null
	value.serializer = class io.apicurio.registry.serde.avro.AvroKafkaSerializer

2025-07-31 17:01:45,861 INFO  [org.apa.kaf.com.tel.int.KafkaMetricsCollector] (main) initializing Kafka metrics collector
2025-07-31 17:01:45,871 INFO  [org.apa.kaf.cli.pro.KafkaProducer] (main) [Producer clientId=Producer-topic-33ffdab4_befb_4f74_a6b5_0e5059357990] Instantiated an idempotent producer.
2025-07-31 17:01:45,876 INFO  [org.apa.kaf.cli.pro.ProducerConfig] (main) These configurations '[apicurio.registry.url, apicurio.registry.artifact-resolver-strategy]' were supplied but are not used yet.
2025-07-31 17:01:45,876 INFO  [org.apa.kaf.com.uti.AppInfoParser] (main) Kafka version: 3.9.1
2025-07-31 17:01:45,876 INFO  [org.apa.kaf.com.uti.AppInfoParser] (main) Kafka commitId: f745dfdcee2b9851
2025-07-31 17:01:45,876 INFO  [org.apa.kaf.com.uti.AppInfoParser] (main) Kafka startTimeMs: 1753981305876
2025-07-31 17:01:45,879 INFO  [io.api.tes.ser.api.KafkaSerdesTester] (Thread-723) Sending message {"keyB": "value-0"} to topic topic-33ffdab4_befb_4f74_a6b5_0e5059357990
2025-07-31 17:01:45,894 WARN  [org.apa.kaf.cli.NetworkClient] (kafka-producer-network-thread | Producer-topic-33ffdab4_befb_4f74_a6b5_0e5059357990) [Producer clientId=Producer-topic-33ffdab4_befb_4f74_a6b5_0e5059357990] The metadata response from the cluster reported a recoverable issue with correlation id 2 : {topic-33ffdab4_befb_4f74_a6b5_0e5059357990=LEADER_NOT_AVAILABLE}
2025-07-31 17:01:45,894 INFO  [org.apa.kaf.cli.Metadata] (kafka-producer-network-thread | Producer-topic-33ffdab4_befb_4f74_a6b5_0e5059357990) [Producer clientId=Producer-topic-33ffdab4_befb_4f74_a6b5_0e5059357990] Cluster ID: alGoLOtfQj2F2-zKWHmvbA
2025-07-31 17:01:45,899 INFO  [org.apa.kaf.cli.pro.int.TransactionManager] (kafka-producer-network-thread | Producer-topic-33ffdab4_befb_4f74_a6b5_0e5059357990) [Producer clientId=Producer-topic-33ffdab4_befb_4f74_a6b5_0e5059357990] ProducerId set to 22 with epoch 0
2025-07-31 17:01:46,018 INFO  [DefaultSchemaResolver] (Thread-723) Retrieving schema content using string: {"type":"record","name":"myrecord","namespace":"mygroup","fields":[{"name":"keyB","type":"string"}]}
2025-07-31 17:01:46,156 INFO  [org.apa.kaf.cli.pro.KafkaProducer] (Thread-723) [Producer clientId=Producer-topic-33ffdab4_befb_4f74_a6b5_0e5059357990] Closing the Kafka producer with timeoutMillis = 9223372036854775807 ms.
2025-07-31 17:01:46,161 INFO  [org.apa.kaf.com.met.Metrics] (Thread-723) Metrics scheduler closed
2025-07-31 17:01:46,161 INFO  [org.apa.kaf.com.met.Metrics] (Thread-723) Closing reporter org.apache.kafka.common.metrics.JmxReporter
2025-07-31 17:01:46,161 INFO  [org.apa.kaf.com.met.Metrics] (Thread-723) Closing reporter org.apache.kafka.common.telemetry.internals.ClientTelemetryReporter
2025-07-31 17:01:46,161 INFO  [org.apa.kaf.com.met.Metrics] (Thread-723) Metrics reporters closed
2025-07-31 17:01:46,161 INFO  [org.apa.kaf.com.uti.AppInfoParser] (Thread-723) App info kafka.producer for Producer-topic-33ffdab4_befb_4f74_a6b5_0e5059357990 unregistered
2025-07-31 17:01:46,167 INFO  [org.ecl.jet.ser.Server] (main) Stopped Server@6d98bf7{STOPPING}[11.0.15,sto=1000]
2025-07-31 17:01:46,167 INFO  [org.ecl.jet.ser.Server] (main) Shutdown Server@6d98bf7{STOPPING}[11.0.15,sto=1000]
2025-07-31 17:01:46,172 INFO  [org.ecl.jet.ser.AbstractConnector] (main) Stopped NetworkTrafficServerConnector@f33b8fc{HTTP/1.1, (http/1.1, h2c)}{0.0.0.0:0}
2025-07-31 17:01:46,173 INFO  [org.ecl.jet.ser.han.ContextHandler] (main) Stopped o.e.j.s.ServletContextHandler@1ca49d7c{/,null,STOPPED}
2025-07-31 17:01:46,173 INFO  [org.ecl.jet.ser.han.ContextHandler] (main) Stopped o.e.j.s.ServletContextHandler@33c2a762{/__admin,null,STOPPED}
2025-07-31 17:01:46,176 INFO  [io.api.tes.uti.TestSeparator] (main) io.apicurio.tests.serdes.apicurio.AvroSerdeIT.testFirstRequestFailsRateLimited-FINISHED
2025-07-31 17:01:46,176 INFO  [io.api.tes.uti.TestSeparator] (main) ############################################################################
Test passed: testFirstRequestFailsRateLimited
]]></system-out>
    <system-err><![CDATA[com.microsoft.kiota.ApiException: the server returned an unexpected status code and no error class is registered for this code 429
	at com.microsoft.kiota.ApiExceptionBuilder.withMessage(ApiExceptionBuilder.java:45)
	at io.kiota.http.vertx.VertXRequestAdapter.throwIfFailedResponse(VertXRequestAdapter.java:370)
	at io.kiota.http.vertx.VertXRequestAdapter.send(VertXRequestAdapter.java:170)
	at io.apicurio.registry.rest.client.search.versions.VersionsRequestBuilder.post(VersionsRequestBuilder.java:94)
	at io.apicurio.registry.resolver.client.RegistryClientFacadeImpl.searchVersionsByContent(RegistryClientFacadeImpl.java:104)
	at io.apicurio.registry.resolver.DefaultSchemaResolver.lambda$handleResolveSchemaByContent$3(DefaultSchemaResolver.java:258)
	at io.apicurio.registry.resolver.cache.ERCache.lambda$getValue$0(ERCache.java:174)
	at io.apicurio.registry.resolver.cache.ERCache.retry(ERCache.java:227)
	at io.apicurio.registry.resolver.cache.ERCache.getValue(ERCache.java:173)
	at io.apicurio.registry.resolver.cache.ERCache.getByContent(ERCache.java:147)
	at io.apicurio.registry.resolver.DefaultSchemaResolver.handleResolveSchemaByContent(DefaultSchemaResolver.java:253)
	at io.apicurio.registry.resolver.DefaultSchemaResolver.getSchemaFromRegistry(DefaultSchemaResolver.java:138)
	at io.apicurio.registry.resolver.DefaultSchemaResolver.lambda$resolveSchema$0(DefaultSchemaResolver.java:84)
	at java.base/java.util.Optional.orElseGet(Optional.java:364)
	at io.apicurio.registry.resolver.DefaultSchemaResolver.resolveSchema(DefaultSchemaResolver.java:84)
	at io.apicurio.registry.serde.AbstractSerializer.serializeData(AbstractSerializer.java:62)
	at io.apicurio.registry.serde.KafkaSerializer.serialize(KafkaSerializer.java:77)
	at org.apache.kafka.clients.producer.KafkaProducer.doSend(KafkaProducer.java:1046)
	at org.apache.kafka.clients.producer.KafkaProducer.send(KafkaProducer.java:993)
	at org.apache.kafka.clients.producer.KafkaProducer.send(KafkaProducer.java:875)
	at io.apicurio.tests.serdes.apicurio.KafkaSerdesTester.lambda$produceMessages$3(KafkaSerdesTester.java:138)
	at java.base/java.util.concurrent.CompletableFuture$AsyncSupply.run(CompletableFuture.java:1768)
	at java.base/java.lang.Thread.run(Thread.java:840)
]]></system-err>
  </testcase>
  <testcase name="testFirstEmptyFieldConfusedAsMagicByte" classname="io.apicurio.tests.serdes.apicurio.AvroSerdeIT" time="0.799">
    <system-out><![CDATA[2025-07-31 17:01:46,177 INFO  [io.api.tes.uti.TestSeparator] (main) ############################################################################
2025-07-31 17:01:46,177 INFO  [io.api.tes.uti.TestSeparator] (main) io.apicurio.tests.serdes.apicurio.AvroSerdeIT.testFirstEmptyFieldConfusedAsMagicByte-STARTED
**** Registry Base URL: http://registry-app-postgresql.apps.ci419.apicurio-testing.org:80
2025-07-31 17:01:46,181 INFO  [org.apa.kaf.cli.pro.ProducerConfig] (main) ProducerConfig values: 
	acks = -1
	auto.include.jmx.reporter = true
	batch.size = 16384
	bootstrap.servers = [PLAINTEXT://localhost:32770]
	buffer.memory = 33554432
	client.dns.lookup = use_all_dns_ips
	client.id = Producer-topic-85b0fc6f_3cb6_451c_821a_45a2a17117c1
	compression.gzip.level = -1
	compression.lz4.level = 9
	compression.type = none
	compression.zstd.level = 3
	connections.max.idle.ms = 10000
	delivery.timeout.ms = 120000
	enable.idempotence = true
	enable.metrics.push = true
	interceptor.classes = []
	key.serializer = class org.apache.kafka.common.serialization.StringSerializer
	linger.ms = 0
	max.block.ms = 60000
	max.in.flight.requests.per.connection = 5
	max.request.size = 1048576
	metadata.max.age.ms = 300000
	metadata.max.idle.ms = 300000
	metadata.recovery.strategy = none
	metric.reporters = []
	metrics.num.samples = 2
	metrics.recording.level = INFO
	metrics.sample.window.ms = 30000
	partitioner.adaptive.partitioning.enable = true
	partitioner.availability.timeout.ms = 0
	partitioner.class = null
	partitioner.ignore.keys = false
	receive.buffer.bytes = 32768
	reconnect.backoff.max.ms = 1000
	reconnect.backoff.ms = 50
	request.timeout.ms = 5000
	retries = 2147483647
	retry.backoff.max.ms = 1000
	retry.backoff.ms = 100
	sasl.client.callback.handler.class = null
	sasl.jaas.config = null
	sasl.kerberos.kinit.cmd = /usr/bin/kinit
	sasl.kerberos.min.time.before.relogin = 60000
	sasl.kerberos.service.name = null
	sasl.kerberos.ticket.renew.jitter = 0.05
	sasl.kerberos.ticket.renew.window.factor = 0.8
	sasl.login.callback.handler.class = null
	sasl.login.class = null
	sasl.login.connect.timeout.ms = null
	sasl.login.read.timeout.ms = null
	sasl.login.refresh.buffer.seconds = 300
	sasl.login.refresh.min.period.seconds = 60
	sasl.login.refresh.window.factor = 0.8
	sasl.login.refresh.window.jitter = 0.05
	sasl.login.retry.backoff.max.ms = 10000
	sasl.login.retry.backoff.ms = 100
	sasl.mechanism = GSSAPI
	sasl.oauthbearer.clock.skew.seconds = 30
	sasl.oauthbearer.expected.audience = null
	sasl.oauthbearer.expected.issuer = null
	sasl.oauthbearer.header.urlencode = false
	sasl.oauthbearer.jwks.endpoint.refresh.ms = 3600000
	sasl.oauthbearer.jwks.endpoint.retry.backoff.max.ms = 10000
	sasl.oauthbearer.jwks.endpoint.retry.backoff.ms = 100
	sasl.oauthbearer.jwks.endpoint.url = null
	sasl.oauthbearer.scope.claim.name = scope
	sasl.oauthbearer.sub.claim.name = sub
	sasl.oauthbearer.token.endpoint.url = null
	security.protocol = PLAINTEXT
	security.providers = null
	send.buffer.bytes = 131072
	socket.connection.setup.timeout.max.ms = 30000
	socket.connection.setup.timeout.ms = 10000
	ssl.cipher.suites = null
	ssl.enabled.protocols = [TLSv1.2, TLSv1.3]
	ssl.endpoint.identification.algorithm = https
	ssl.engine.factory.class = null
	ssl.key.password = null
	ssl.keymanager.algorithm = SunX509
	ssl.keystore.certificate.chain = null
	ssl.keystore.key = null
	ssl.keystore.location = null
	ssl.keystore.password = null
	ssl.keystore.type = JKS
	ssl.protocol = TLSv1.3
	ssl.provider = null
	ssl.secure.random.implementation = null
	ssl.trustmanager.algorithm = PKIX
	ssl.truststore.certificates = null
	ssl.truststore.location = null
	ssl.truststore.password = null
	ssl.truststore.type = JKS
	transaction.timeout.ms = 60000
	transactional.id = null
	value.serializer = class io.apicurio.registry.serde.avro.AvroKafkaSerializer

2025-07-31 17:01:46,182 INFO  [org.apa.kaf.com.tel.int.KafkaMetricsCollector] (main) initializing Kafka metrics collector
2025-07-31 17:01:46,187 INFO  [org.apa.kaf.cli.pro.KafkaProducer] (main) [Producer clientId=Producer-topic-85b0fc6f_3cb6_451c_821a_45a2a17117c1] Instantiated an idempotent producer.
2025-07-31 17:01:46,193 INFO  [org.apa.kaf.cli.pro.ProducerConfig] (main) These configurations '[apicurio.registry.url, apicurio.registry.auto-register, apicurio.registry.artifact-resolver-strategy]' were supplied but are not used yet.
2025-07-31 17:01:46,193 INFO  [org.apa.kaf.com.uti.AppInfoParser] (main) Kafka version: 3.9.1
2025-07-31 17:01:46,193 INFO  [org.apa.kaf.com.uti.AppInfoParser] (main) Kafka commitId: f745dfdcee2b9851
2025-07-31 17:01:46,193 INFO  [org.apa.kaf.com.uti.AppInfoParser] (main) Kafka startTimeMs: 1753981306193
2025-07-31 17:01:46,193 INFO  [io.api.tes.ser.api.SimpleSerdesTesterBuilder$SimpleSerdesTester] (main) Using producer configuration: {apicurio.registry.url=http://registry-app-postgresql.apps.ci419.apicurio-testing.org:80/apis/registry/v3, apicurio.registry.auto-register=true, apicurio.registry.artifact-resolver-strategy=io.apicurio.registry.serde.strategy.SimpleTopicIdStrategy, value.serializer=io.apicurio.registry.serde.avro.AvroKafkaSerializer, request.timeout.ms=5000, acks=all, bootstrap.servers=PLAINTEXT://localhost:32770, connections.max.idle.ms=10000, key.serializer=org.apache.kafka.common.serialization.StringSerializer, client.id=Producer-topic-85b0fc6f_3cb6_451c_821a_45a2a17117c1}
2025-07-31 17:01:46,193 INFO  [io.api.tes.ser.api.SimpleSerdesTesterBuilder$SimpleSerdesTester] (main) Using consumer configuration: {}
2025-07-31 17:01:46,199 INFO  [io.api.tes.ser.api.KafkaSerdesTester] (Thread-726) Sending message {"username": null} to topic topic-85b0fc6f_3cb6_451c_821a_45a2a17117c1
2025-07-31 17:01:46,215 WARN  [org.apa.kaf.cli.NetworkClient] (kafka-producer-network-thread | Producer-topic-85b0fc6f_3cb6_451c_821a_45a2a17117c1) [Producer clientId=Producer-topic-85b0fc6f_3cb6_451c_821a_45a2a17117c1] The metadata response from the cluster reported a recoverable issue with correlation id 2 : {topic-85b0fc6f_3cb6_451c_821a_45a2a17117c1=LEADER_NOT_AVAILABLE}
2025-07-31 17:01:46,215 INFO  [org.apa.kaf.cli.Metadata] (kafka-producer-network-thread | Producer-topic-85b0fc6f_3cb6_451c_821a_45a2a17117c1) [Producer clientId=Producer-topic-85b0fc6f_3cb6_451c_821a_45a2a17117c1] Cluster ID: alGoLOtfQj2F2-zKWHmvbA
2025-07-31 17:01:46,218 INFO  [org.apa.kaf.cli.pro.int.TransactionManager] (kafka-producer-network-thread | Producer-topic-85b0fc6f_3cb6_451c_821a_45a2a17117c1) [Producer clientId=Producer-topic-85b0fc6f_3cb6_451c_821a_45a2a17117c1] ProducerId set to 23 with epoch 0
2025-07-31 17:01:46,369 INFO  [io.api.tes.ser.api.KafkaSerdesTester] (Thread-726) Sending message {"username": null} to topic topic-85b0fc6f_3cb6_451c_821a_45a2a17117c1
2025-07-31 17:01:46,371 INFO  [io.api.tes.ser.api.KafkaSerdesTester] (Thread-726) Sending message {"username": "value-2"} to topic topic-85b0fc6f_3cb6_451c_821a_45a2a17117c1
2025-07-31 17:01:46,373 INFO  [io.api.tes.ser.api.KafkaSerdesTester] (Thread-726) Sending message {"username": null} to topic topic-85b0fc6f_3cb6_451c_821a_45a2a17117c1
2025-07-31 17:01:46,375 INFO  [io.api.tes.ser.api.KafkaSerdesTester] (Thread-726) Sending message {"username": "value-4"} to topic topic-85b0fc6f_3cb6_451c_821a_45a2a17117c1
2025-07-31 17:01:46,377 INFO  [io.api.tes.ser.api.KafkaSerdesTester] (Thread-726) Sending message {"username": null} to topic topic-85b0fc6f_3cb6_451c_821a_45a2a17117c1
2025-07-31 17:01:46,378 INFO  [io.api.tes.ser.api.KafkaSerdesTester] (Thread-726) Sending message {"username": "value-6"} to topic topic-85b0fc6f_3cb6_451c_821a_45a2a17117c1
2025-07-31 17:01:46,380 INFO  [io.api.tes.ser.api.KafkaSerdesTester] (Thread-726) Sending message {"username": null} to topic topic-85b0fc6f_3cb6_451c_821a_45a2a17117c1
2025-07-31 17:01:46,381 INFO  [io.api.tes.ser.api.KafkaSerdesTester] (Thread-726) Sending message {"username": "value-8"} to topic topic-85b0fc6f_3cb6_451c_821a_45a2a17117c1
2025-07-31 17:01:46,382 INFO  [io.api.tes.ser.api.KafkaSerdesTester] (Thread-726) Sending message {"username": null} to topic topic-85b0fc6f_3cb6_451c_821a_45a2a17117c1
2025-07-31 17:01:46,384 INFO  [io.api.tes.ser.api.KafkaSerdesTester] (Thread-726) Produced 10 messages
2025-07-31 17:01:46,384 INFO  [org.apa.kaf.cli.pro.KafkaProducer] (Thread-726) [Producer clientId=Producer-topic-85b0fc6f_3cb6_451c_821a_45a2a17117c1] Closing the Kafka producer with timeoutMillis = 9223372036854775807 ms.
2025-07-31 17:01:46,385 INFO  [org.apa.kaf.com.met.Metrics] (Thread-726) Metrics scheduler closed
2025-07-31 17:01:46,385 INFO  [org.apa.kaf.com.met.Metrics] (Thread-726) Closing reporter org.apache.kafka.common.metrics.JmxReporter
2025-07-31 17:01:46,385 INFO  [org.apa.kaf.com.met.Metrics] (Thread-726) Closing reporter org.apache.kafka.common.telemetry.internals.ClientTelemetryReporter
2025-07-31 17:01:46,385 INFO  [org.apa.kaf.com.met.Metrics] (Thread-726) Metrics reporters closed
2025-07-31 17:01:46,385 INFO  [org.apa.kaf.com.uti.AppInfoParser] (Thread-726) App info kafka.producer for Producer-topic-85b0fc6f_3cb6_451c_821a_45a2a17117c1 unregistered
**** Registry Base URL: http://registry-app-postgresql.apps.ci419.apicurio-testing.org:80
2025-07-31 17:01:46,410 INFO  [org.apa.kaf.cli.con.ConsumerConfig] (main) ConsumerConfig values: 
	allow.auto.create.topics = true
	auto.commit.interval.ms = 500
	auto.include.jmx.reporter = true
	auto.offset.reset = earliest
	bootstrap.servers = [PLAINTEXT://localhost:32770]
	check.crcs = true
	client.dns.lookup = use_all_dns_ips
	client.id = consumer-Consumer-topic-85b0fc6f_3cb6_451c_821a_45a2a17117c1-17
	client.rack = 
	connections.max.idle.ms = 10000
	default.api.timeout.ms = 60000
	enable.auto.commit = true
	enable.metrics.push = true
	exclude.internal.topics = true
	fetch.max.bytes = 52428800
	fetch.max.wait.ms = 500
	fetch.min.bytes = 1
	group.id = Consumer-topic-85b0fc6f_3cb6_451c_821a_45a2a17117c1
	group.instance.id = null
	group.protocol = classic
	group.remote.assignor = null
	heartbeat.interval.ms = 3000
	interceptor.classes = []
	internal.leave.group.on.close = true
	internal.throw.on.fetch.stable.offset.unsupported = false
	isolation.level = read_uncommitted
	key.deserializer = class org.apache.kafka.common.serialization.StringDeserializer
	max.partition.fetch.bytes = 1048576
	max.poll.interval.ms = 300000
	max.poll.records = 500
	metadata.max.age.ms = 300000
	metadata.recovery.strategy = none
	metric.reporters = []
	metrics.num.samples = 2
	metrics.recording.level = INFO
	metrics.sample.window.ms = 30000
	partition.assignment.strategy = [class org.apache.kafka.clients.consumer.RangeAssignor, class org.apache.kafka.clients.consumer.CooperativeStickyAssignor]
	receive.buffer.bytes = 65536
	reconnect.backoff.max.ms = 1000
	reconnect.backoff.ms = 50
	request.timeout.ms = 5000
	retry.backoff.max.ms = 1000
	retry.backoff.ms = 100
	sasl.client.callback.handler.class = null
	sasl.jaas.config = null
	sasl.kerberos.kinit.cmd = /usr/bin/kinit
	sasl.kerberos.min.time.before.relogin = 60000
	sasl.kerberos.service.name = null
	sasl.kerberos.ticket.renew.jitter = 0.05
	sasl.kerberos.ticket.renew.window.factor = 0.8
	sasl.login.callback.handler.class = null
	sasl.login.class = null
	sasl.login.connect.timeout.ms = null
	sasl.login.read.timeout.ms = null
	sasl.login.refresh.buffer.seconds = 300
	sasl.login.refresh.min.period.seconds = 60
	sasl.login.refresh.window.factor = 0.8
	sasl.login.refresh.window.jitter = 0.05
	sasl.login.retry.backoff.max.ms = 10000
	sasl.login.retry.backoff.ms = 100
	sasl.mechanism = GSSAPI
	sasl.oauthbearer.clock.skew.seconds = 30
	sasl.oauthbearer.expected.audience = null
	sasl.oauthbearer.expected.issuer = null
	sasl.oauthbearer.header.urlencode = false
	sasl.oauthbearer.jwks.endpoint.refresh.ms = 3600000
	sasl.oauthbearer.jwks.endpoint.retry.backoff.max.ms = 10000
	sasl.oauthbearer.jwks.endpoint.retry.backoff.ms = 100
	sasl.oauthbearer.jwks.endpoint.url = null
	sasl.oauthbearer.scope.claim.name = scope
	sasl.oauthbearer.sub.claim.name = sub
	sasl.oauthbearer.token.endpoint.url = null
	security.protocol = PLAINTEXT
	security.providers = null
	send.buffer.bytes = 131072
	session.timeout.ms = 45000
	socket.connection.setup.timeout.max.ms = 30000
	socket.connection.setup.timeout.ms = 10000
	ssl.cipher.suites = null
	ssl.enabled.protocols = [TLSv1.2, TLSv1.3]
	ssl.endpoint.identification.algorithm = https
	ssl.engine.factory.class = null
	ssl.key.password = null
	ssl.keymanager.algorithm = SunX509
	ssl.keystore.certificate.chain = null
	ssl.keystore.key = null
	ssl.keystore.location = null
	ssl.keystore.password = null
	ssl.keystore.type = JKS
	ssl.protocol = TLSv1.3
	ssl.provider = null
	ssl.secure.random.implementation = null
	ssl.trustmanager.algorithm = PKIX
	ssl.truststore.certificates = null
	ssl.truststore.location = null
	ssl.truststore.password = null
	ssl.truststore.type = JKS
	value.deserializer = class io.apicurio.registry.serde.avro.AvroKafkaDeserializer

2025-07-31 17:01:46,410 INFO  [org.apa.kaf.com.tel.int.KafkaMetricsCollector] (main) initializing Kafka metrics collector
2025-07-31 17:01:46,416 INFO  [org.apa.kaf.cli.con.ConsumerConfig] (main) These configurations '[apicurio.registry.url]' were supplied but are not used yet.
2025-07-31 17:01:46,417 INFO  [org.apa.kaf.com.uti.AppInfoParser] (main) Kafka version: 3.9.1
2025-07-31 17:01:46,417 INFO  [org.apa.kaf.com.uti.AppInfoParser] (main) Kafka commitId: f745dfdcee2b9851
2025-07-31 17:01:46,417 INFO  [org.apa.kaf.com.uti.AppInfoParser] (main) Kafka startTimeMs: 1753981306417
2025-07-31 17:01:46,417 INFO  [org.apa.kaf.cli.con.int.ClassicKafkaConsumer] (Thread-729) [Consumer clientId=consumer-Consumer-topic-85b0fc6f_3cb6_451c_821a_45a2a17117c1-17, groupId=Consumer-topic-85b0fc6f_3cb6_451c_821a_45a2a17117c1] Subscribed to topic(s): topic-85b0fc6f_3cb6_451c_821a_45a2a17117c1
2025-07-31 17:01:46,421 INFO  [org.apa.kaf.cli.Metadata] (Thread-729) [Consumer clientId=consumer-Consumer-topic-85b0fc6f_3cb6_451c_821a_45a2a17117c1-17, groupId=Consumer-topic-85b0fc6f_3cb6_451c_821a_45a2a17117c1] Cluster ID: alGoLOtfQj2F2-zKWHmvbA
2025-07-31 17:01:46,422 INFO  [org.apa.kaf.cli.con.int.ConsumerCoordinator] (Thread-729) [Consumer clientId=consumer-Consumer-topic-85b0fc6f_3cb6_451c_821a_45a2a17117c1-17, groupId=Consumer-topic-85b0fc6f_3cb6_451c_821a_45a2a17117c1] Discovered group coordinator localhost:32770 (id: 2147483647 rack: null)
2025-07-31 17:01:46,423 INFO  [org.apa.kaf.cli.con.int.ConsumerCoordinator] (Thread-729) [Consumer clientId=consumer-Consumer-topic-85b0fc6f_3cb6_451c_821a_45a2a17117c1-17, groupId=Consumer-topic-85b0fc6f_3cb6_451c_821a_45a2a17117c1] (Re-)joining group
2025-07-31 17:01:46,426 INFO  [org.apa.kaf.cli.con.int.ConsumerCoordinator] (Thread-729) [Consumer clientId=consumer-Consumer-topic-85b0fc6f_3cb6_451c_821a_45a2a17117c1-17, groupId=Consumer-topic-85b0fc6f_3cb6_451c_821a_45a2a17117c1] Request joining group due to: need to re-join with the given member-id: consumer-Consumer-topic-85b0fc6f_3cb6_451c_821a_45a2a17117c1-17-3035f56b-3445-4f74-a577-4ea28dad3c5d
2025-07-31 17:01:46,426 INFO  [org.apa.kaf.cli.con.int.ConsumerCoordinator] (Thread-729) [Consumer clientId=consumer-Consumer-topic-85b0fc6f_3cb6_451c_821a_45a2a17117c1-17, groupId=Consumer-topic-85b0fc6f_3cb6_451c_821a_45a2a17117c1] (Re-)joining group
2025-07-31 17:01:46,428 INFO  [org.apa.kaf.cli.con.int.ConsumerCoordinator] (Thread-729) [Consumer clientId=consumer-Consumer-topic-85b0fc6f_3cb6_451c_821a_45a2a17117c1-17, groupId=Consumer-topic-85b0fc6f_3cb6_451c_821a_45a2a17117c1] Successfully joined group with generation Generation{generationId=1, memberId='consumer-Consumer-topic-85b0fc6f_3cb6_451c_821a_45a2a17117c1-17-3035f56b-3445-4f74-a577-4ea28dad3c5d', protocol='range'}
2025-07-31 17:01:46,428 INFO  [org.apa.kaf.cli.con.int.ConsumerCoordinator] (Thread-729) [Consumer clientId=consumer-Consumer-topic-85b0fc6f_3cb6_451c_821a_45a2a17117c1-17, groupId=Consumer-topic-85b0fc6f_3cb6_451c_821a_45a2a17117c1] Finished assignment for group at generation 1: {consumer-Consumer-topic-85b0fc6f_3cb6_451c_821a_45a2a17117c1-17-3035f56b-3445-4f74-a577-4ea28dad3c5d=Assignment(partitions=[topic-85b0fc6f_3cb6_451c_821a_45a2a17117c1-0])}
2025-07-31 17:01:46,432 INFO  [org.apa.kaf.cli.con.int.ConsumerCoordinator] (Thread-729) [Consumer clientId=consumer-Consumer-topic-85b0fc6f_3cb6_451c_821a_45a2a17117c1-17, groupId=Consumer-topic-85b0fc6f_3cb6_451c_821a_45a2a17117c1] Successfully synced group in generation Generation{generationId=1, memberId='consumer-Consumer-topic-85b0fc6f_3cb6_451c_821a_45a2a17117c1-17-3035f56b-3445-4f74-a577-4ea28dad3c5d', protocol='range'}
2025-07-31 17:01:46,432 INFO  [org.apa.kaf.cli.con.int.ConsumerCoordinator] (Thread-729) [Consumer clientId=consumer-Consumer-topic-85b0fc6f_3cb6_451c_821a_45a2a17117c1-17, groupId=Consumer-topic-85b0fc6f_3cb6_451c_821a_45a2a17117c1] Notifying assignor about the new Assignment(partitions=[topic-85b0fc6f_3cb6_451c_821a_45a2a17117c1-0])
2025-07-31 17:01:46,432 INFO  [org.apa.kaf.cli.con.int.ConsumerRebalanceListenerInvoker] (Thread-729) [Consumer clientId=consumer-Consumer-topic-85b0fc6f_3cb6_451c_821a_45a2a17117c1-17, groupId=Consumer-topic-85b0fc6f_3cb6_451c_821a_45a2a17117c1] Adding newly assigned partitions: topic-85b0fc6f_3cb6_451c_821a_45a2a17117c1-0
2025-07-31 17:01:46,433 INFO  [org.apa.kaf.cli.con.int.ConsumerCoordinator] (Thread-729) [Consumer clientId=consumer-Consumer-topic-85b0fc6f_3cb6_451c_821a_45a2a17117c1-17, groupId=Consumer-topic-85b0fc6f_3cb6_451c_821a_45a2a17117c1] Found no committed offset for partition topic-85b0fc6f_3cb6_451c_821a_45a2a17117c1-0
2025-07-31 17:01:46,438 INFO  [org.apa.kaf.cli.con.int.SubscriptionState] (Thread-729) [Consumer clientId=consumer-Consumer-topic-85b0fc6f_3cb6_451c_821a_45a2a17117c1-17, groupId=Consumer-topic-85b0fc6f_3cb6_451c_821a_45a2a17117c1] Resetting offset for partition topic-85b0fc6f_3cb6_451c_821a_45a2a17117c1-0 to position FetchPosition{offset=0, offsetEpoch=Optional.empty, currentLeader=LeaderAndEpoch{leader=Optional[localhost:32770 (id: 0 rack: null)], epoch=0}}.
2025-07-31 17:01:46,469 INFO  [io.api.tes.ser.api.KafkaSerdesTester] (Thread-729) topic-85b0fc6f_3cb6_451c_821a_45a2a17117c1 0 0 {"username": null}
2025-07-31 17:01:46,469 INFO  [io.api.tes.ser.api.KafkaSerdesTester] (Thread-729) topic-85b0fc6f_3cb6_451c_821a_45a2a17117c1 0 1 {"username": null}
2025-07-31 17:01:46,469 INFO  [io.api.tes.ser.api.KafkaSerdesTester] (Thread-729) topic-85b0fc6f_3cb6_451c_821a_45a2a17117c1 0 2 {"username": "value-2"}
2025-07-31 17:01:46,469 INFO  [io.api.tes.ser.api.KafkaSerdesTester] (Thread-729) topic-85b0fc6f_3cb6_451c_821a_45a2a17117c1 0 3 {"username": null}
2025-07-31 17:01:46,469 INFO  [io.api.tes.ser.api.KafkaSerdesTester] (Thread-729) topic-85b0fc6f_3cb6_451c_821a_45a2a17117c1 0 4 {"username": "value-4"}
2025-07-31 17:01:46,470 INFO  [io.api.tes.ser.api.KafkaSerdesTester] (Thread-729) topic-85b0fc6f_3cb6_451c_821a_45a2a17117c1 0 5 {"username": null}
2025-07-31 17:01:46,470 INFO  [io.api.tes.ser.api.KafkaSerdesTester] (Thread-729) topic-85b0fc6f_3cb6_451c_821a_45a2a17117c1 0 6 {"username": "value-6"}
2025-07-31 17:01:46,470 INFO  [io.api.tes.ser.api.KafkaSerdesTester] (Thread-729) topic-85b0fc6f_3cb6_451c_821a_45a2a17117c1 0 7 {"username": null}
2025-07-31 17:01:46,470 INFO  [io.api.tes.ser.api.KafkaSerdesTester] (Thread-729) topic-85b0fc6f_3cb6_451c_821a_45a2a17117c1 0 8 {"username": "value-8"}
2025-07-31 17:01:46,470 INFO  [io.api.tes.ser.api.KafkaSerdesTester] (Thread-729) topic-85b0fc6f_3cb6_451c_821a_45a2a17117c1 0 9 {"username": null}
2025-07-31 17:01:46,470 INFO  [io.api.tes.ser.api.KafkaSerdesTester] (Thread-729) Consumed 10 messages
2025-07-31 17:01:46,473 INFO  [org.apa.kaf.cli.con.int.ConsumerRebalanceListenerInvoker] (Thread-729) [Consumer clientId=consumer-Consumer-topic-85b0fc6f_3cb6_451c_821a_45a2a17117c1-17, groupId=Consumer-topic-85b0fc6f_3cb6_451c_821a_45a2a17117c1] Revoke previously assigned partitions topic-85b0fc6f_3cb6_451c_821a_45a2a17117c1-0
2025-07-31 17:01:46,473 INFO  [org.apa.kaf.cli.con.int.ConsumerCoordinator] (Thread-729) [Consumer clientId=consumer-Consumer-topic-85b0fc6f_3cb6_451c_821a_45a2a17117c1-17, groupId=Consumer-topic-85b0fc6f_3cb6_451c_821a_45a2a17117c1] Member consumer-Consumer-topic-85b0fc6f_3cb6_451c_821a_45a2a17117c1-17-3035f56b-3445-4f74-a577-4ea28dad3c5d sending LeaveGroup request to coordinator localhost:32770 (id: 2147483647 rack: null) due to the consumer is being closed
2025-07-31 17:01:46,473 INFO  [org.apa.kaf.cli.con.int.ConsumerCoordinator] (Thread-729) [Consumer clientId=consumer-Consumer-topic-85b0fc6f_3cb6_451c_821a_45a2a17117c1-17, groupId=Consumer-topic-85b0fc6f_3cb6_451c_821a_45a2a17117c1] Resetting generation and member id due to: consumer pro-actively leaving the group
2025-07-31 17:01:46,473 INFO  [org.apa.kaf.cli.con.int.ConsumerCoordinator] (Thread-729) [Consumer clientId=consumer-Consumer-topic-85b0fc6f_3cb6_451c_821a_45a2a17117c1-17, groupId=Consumer-topic-85b0fc6f_3cb6_451c_821a_45a2a17117c1] Request joining group due to: consumer pro-actively leaving the group
2025-07-31 17:01:46,973 INFO  [org.apa.kaf.com.met.Metrics] (Thread-729) Metrics scheduler closed
2025-07-31 17:01:46,973 INFO  [org.apa.kaf.com.met.Metrics] (Thread-729) Closing reporter org.apache.kafka.common.metrics.JmxReporter
2025-07-31 17:01:46,973 INFO  [org.apa.kaf.com.met.Metrics] (Thread-729) Closing reporter org.apache.kafka.common.telemetry.internals.ClientTelemetryReporter
2025-07-31 17:01:46,973 INFO  [org.apa.kaf.com.met.Metrics] (Thread-729) Metrics reporters closed
2025-07-31 17:01:46,975 INFO  [org.apa.kaf.com.uti.AppInfoParser] (Thread-729) App info kafka.consumer for consumer-Consumer-topic-85b0fc6f_3cb6_451c_821a_45a2a17117c1-17 unregistered
2025-07-31 17:01:46,976 INFO  [io.api.tes.uti.TestSeparator] (main) io.apicurio.tests.serdes.apicurio.AvroSerdeIT.testFirstEmptyFieldConfusedAsMagicByte-FINISHED
2025-07-31 17:01:46,976 INFO  [io.api.tes.uti.TestSeparator] (main) ############################################################################
Test passed: testFirstEmptyFieldConfusedAsMagicByte
]]></system-out>
  </testcase>
  <testcase name="testAvroSerDesFailDifferentSchemaByContent" classname="io.apicurio.tests.serdes.apicurio.AvroSerdeIT" time="1.098">
    <system-out><![CDATA[2025-07-31 17:01:46,978 INFO  [io.api.tes.uti.TestSeparator] (main) ############################################################################
2025-07-31 17:01:46,978 INFO  [io.api.tes.uti.TestSeparator] (main) io.apicurio.tests.serdes.apicurio.AvroSerdeIT.testAvroSerDesFailDifferentSchemaByContent-STARTED
**** Registry Base URL: http://registry-app-postgresql.apps.ci419.apicurio-testing.org:80
2025-07-31 17:01:48,025 INFO  [org.apa.kaf.cli.pro.ProducerConfig] (main) ProducerConfig values: 
	acks = -1
	auto.include.jmx.reporter = true
	batch.size = 16384
	bootstrap.servers = [PLAINTEXT://localhost:32770]
	buffer.memory = 33554432
	client.dns.lookup = use_all_dns_ips
	client.id = Producer-topic-d848d594_722e_4a6e_a84d_3657599f606c
	compression.gzip.level = -1
	compression.lz4.level = 9
	compression.type = none
	compression.zstd.level = 3
	connections.max.idle.ms = 10000
	delivery.timeout.ms = 120000
	enable.idempotence = true
	enable.metrics.push = true
	interceptor.classes = []
	key.serializer = class org.apache.kafka.common.serialization.StringSerializer
	linger.ms = 0
	max.block.ms = 60000
	max.in.flight.requests.per.connection = 5
	max.request.size = 1048576
	metadata.max.age.ms = 300000
	metadata.max.idle.ms = 300000
	metadata.recovery.strategy = none
	metric.reporters = []
	metrics.num.samples = 2
	metrics.recording.level = INFO
	metrics.sample.window.ms = 30000
	partitioner.adaptive.partitioning.enable = true
	partitioner.availability.timeout.ms = 0
	partitioner.class = null
	partitioner.ignore.keys = false
	receive.buffer.bytes = 32768
	reconnect.backoff.max.ms = 1000
	reconnect.backoff.ms = 50
	request.timeout.ms = 5000
	retries = 2147483647
	retry.backoff.max.ms = 1000
	retry.backoff.ms = 100
	sasl.client.callback.handler.class = null
	sasl.jaas.config = null
	sasl.kerberos.kinit.cmd = /usr/bin/kinit
	sasl.kerberos.min.time.before.relogin = 60000
	sasl.kerberos.service.name = null
	sasl.kerberos.ticket.renew.jitter = 0.05
	sasl.kerberos.ticket.renew.window.factor = 0.8
	sasl.login.callback.handler.class = null
	sasl.login.class = null
	sasl.login.connect.timeout.ms = null
	sasl.login.read.timeout.ms = null
	sasl.login.refresh.buffer.seconds = 300
	sasl.login.refresh.min.period.seconds = 60
	sasl.login.refresh.window.factor = 0.8
	sasl.login.refresh.window.jitter = 0.05
	sasl.login.retry.backoff.max.ms = 10000
	sasl.login.retry.backoff.ms = 100
	sasl.mechanism = GSSAPI
	sasl.oauthbearer.clock.skew.seconds = 30
	sasl.oauthbearer.expected.audience = null
	sasl.oauthbearer.expected.issuer = null
	sasl.oauthbearer.header.urlencode = false
	sasl.oauthbearer.jwks.endpoint.refresh.ms = 3600000
	sasl.oauthbearer.jwks.endpoint.retry.backoff.max.ms = 10000
	sasl.oauthbearer.jwks.endpoint.retry.backoff.ms = 100
	sasl.oauthbearer.jwks.endpoint.url = null
	sasl.oauthbearer.scope.claim.name = scope
	sasl.oauthbearer.sub.claim.name = sub
	sasl.oauthbearer.token.endpoint.url = null
	security.protocol = PLAINTEXT
	security.providers = null
	send.buffer.bytes = 131072
	socket.connection.setup.timeout.max.ms = 30000
	socket.connection.setup.timeout.ms = 10000
	ssl.cipher.suites = null
	ssl.enabled.protocols = [TLSv1.2, TLSv1.3]
	ssl.endpoint.identification.algorithm = https
	ssl.engine.factory.class = null
	ssl.key.password = null
	ssl.keymanager.algorithm = SunX509
	ssl.keystore.certificate.chain = null
	ssl.keystore.key = null
	ssl.keystore.location = null
	ssl.keystore.password = null
	ssl.keystore.type = JKS
	ssl.protocol = TLSv1.3
	ssl.provider = null
	ssl.secure.random.implementation = null
	ssl.trustmanager.algorithm = PKIX
	ssl.truststore.certificates = null
	ssl.truststore.location = null
	ssl.truststore.password = null
	ssl.truststore.type = JKS
	transaction.timeout.ms = 60000
	transactional.id = null
	value.serializer = class io.apicurio.registry.serde.avro.AvroKafkaSerializer

2025-07-31 17:01:48,025 INFO  [org.apa.kaf.com.tel.int.KafkaMetricsCollector] (main) initializing Kafka metrics collector
2025-07-31 17:01:48,028 INFO  [org.apa.kaf.cli.pro.KafkaProducer] (main) [Producer clientId=Producer-topic-d848d594_722e_4a6e_a84d_3657599f606c] Instantiated an idempotent producer.
2025-07-31 17:01:48,030 INFO  [org.apa.kaf.cli.pro.ProducerConfig] (main) These configurations '[apicurio.registry.url, apicurio.registry.artifact-resolver-strategy]' were supplied but are not used yet.
2025-07-31 17:01:48,030 INFO  [org.apa.kaf.com.uti.AppInfoParser] (main) Kafka version: 3.9.1
2025-07-31 17:01:48,030 INFO  [org.apa.kaf.com.uti.AppInfoParser] (main) Kafka commitId: f745dfdcee2b9851
2025-07-31 17:01:48,030 INFO  [org.apa.kaf.com.uti.AppInfoParser] (main) Kafka startTimeMs: 1753981308030
2025-07-31 17:01:48,031 INFO  [io.api.tes.ser.api.KafkaSerdesTester] (Thread-732) Sending message {"keyB": "value-0"} to topic topic-d848d594_722e_4a6e_a84d_3657599f606c
2025-07-31 17:01:48,035 INFO  [org.apa.kaf.cli.Metadata] (kafka-producer-network-thread | Producer-topic-d848d594_722e_4a6e_a84d_3657599f606c) [Producer clientId=Producer-topic-d848d594_722e_4a6e_a84d_3657599f606c] Cluster ID: alGoLOtfQj2F2-zKWHmvbA
2025-07-31 17:01:48,035 INFO  [DefaultSchemaResolver] (Thread-732) Retrieving schema content using string: {"type":"record","name":"sf1fc0f7cxda5dx4519x81ddxb05403b04395","namespace":"sac9af016x9e36x4d94xa3b3xb33817696df2","fields":[{"name":"keyB","type":"string"}]}
2025-07-31 17:01:48,035 INFO  [org.apa.kaf.cli.pro.int.TransactionManager] (kafka-producer-network-thread | Producer-topic-d848d594_722e_4a6e_a84d_3657599f606c) [Producer clientId=Producer-topic-d848d594_722e_4a6e_a84d_3657599f606c] ProducerId set to 24 with epoch 0
2025-07-31 17:01:48,072 INFO  [org.apa.kaf.cli.pro.KafkaProducer] (Thread-732) [Producer clientId=Producer-topic-d848d594_722e_4a6e_a84d_3657599f606c] Closing the Kafka producer with timeoutMillis = 9223372036854775807 ms.
2025-07-31 17:01:48,073 INFO  [org.apa.kaf.com.met.Metrics] (Thread-732) Metrics scheduler closed
2025-07-31 17:01:48,073 INFO  [org.apa.kaf.com.met.Metrics] (Thread-732) Closing reporter org.apache.kafka.common.metrics.JmxReporter
2025-07-31 17:01:48,073 INFO  [org.apa.kaf.com.met.Metrics] (Thread-732) Closing reporter org.apache.kafka.common.telemetry.internals.ClientTelemetryReporter
2025-07-31 17:01:48,073 INFO  [org.apa.kaf.com.met.Metrics] (Thread-732) Metrics reporters closed
2025-07-31 17:01:48,074 INFO  [org.apa.kaf.com.uti.AppInfoParser] (Thread-732) App info kafka.producer for Producer-topic-d848d594_722e_4a6e_a84d_3657599f606c unregistered
2025-07-31 17:01:48,074 INFO  [io.api.tes.uti.TestSeparator] (main) io.apicurio.tests.serdes.apicurio.AvroSerdeIT.testAvroSerDesFailDifferentSchemaByContent-FINISHED
2025-07-31 17:01:48,074 INFO  [io.api.tes.uti.TestSeparator] (main) ############################################################################
Test passed: testAvroSerDesFailDifferentSchemaByContent
]]></system-out>
    <system-err><![CDATA[java.lang.RuntimeException: Could not resolve artifact reference by content: {"type":"record","name":"sf1fc0f7cxda5dx4519x81ddxb05403b04395","namespace":"sac9af016x9e36x4d94xa3b3xb33817696df2","fields":[{"name":"keyB","type":"string"}]}&ArtifactReference [groupId=sac9af016x9e36x4d94xa3b3xb33817696df2, artifactId=sf1fc0f7cxda5dx4519x81ddxb05403b04395, version=null, globalId=null, contentId=null, contentHash=null]
	at io.apicurio.registry.resolver.DefaultSchemaResolver.lambda$handleResolveSchemaByContent$3(DefaultSchemaResolver.java:265)
	at io.apicurio.registry.resolver.cache.ERCache.lambda$getValue$0(ERCache.java:174)
	at io.apicurio.registry.resolver.cache.ERCache.retry(ERCache.java:227)
	at io.apicurio.registry.resolver.cache.ERCache.getValue(ERCache.java:173)
	at io.apicurio.registry.resolver.cache.ERCache.getByContent(ERCache.java:147)
	at io.apicurio.registry.resolver.DefaultSchemaResolver.handleResolveSchemaByContent(DefaultSchemaResolver.java:253)
	at io.apicurio.registry.resolver.DefaultSchemaResolver.getSchemaFromRegistry(DefaultSchemaResolver.java:138)
	at io.apicurio.registry.resolver.DefaultSchemaResolver.lambda$resolveSchema$0(DefaultSchemaResolver.java:84)
	at java.base/java.util.Optional.orElseGet(Optional.java:364)
	at io.apicurio.registry.resolver.DefaultSchemaResolver.resolveSchema(DefaultSchemaResolver.java:84)
	at io.apicurio.registry.serde.AbstractSerializer.serializeData(AbstractSerializer.java:62)
	at io.apicurio.registry.serde.KafkaSerializer.serialize(KafkaSerializer.java:77)
	at org.apache.kafka.clients.producer.KafkaProducer.doSend(KafkaProducer.java:1046)
	at org.apache.kafka.clients.producer.KafkaProducer.send(KafkaProducer.java:993)
	at org.apache.kafka.clients.producer.KafkaProducer.send(KafkaProducer.java:875)
	at io.apicurio.tests.serdes.apicurio.KafkaSerdesTester.lambda$produceMessages$3(KafkaSerdesTester.java:138)
	at java.base/java.util.concurrent.CompletableFuture$AsyncSupply.run(CompletableFuture.java:1768)
	at java.base/java.lang.Thread.run(Thread.java:840)
]]></system-err>
  </testcase>
  <testcase name="testGlobalIdInBody" classname="io.apicurio.tests.serdes.apicurio.AvroSerdeIT" time="0.805">
    <system-out><![CDATA[2025-07-31 17:01:48,079 INFO  [io.api.tes.uti.TestSeparator] (main) ############################################################################
2025-07-31 17:01:48,079 INFO  [io.api.tes.uti.TestSeparator] (main) io.apicurio.tests.serdes.apicurio.AvroSerdeIT.testGlobalIdInBody-STARTED
**** Registry Base URL: http://registry-app-postgresql.apps.ci419.apicurio-testing.org:80
2025-07-31 17:01:48,083 INFO  [org.apa.kaf.cli.pro.ProducerConfig] (main) ProducerConfig values: 
	acks = -1
	auto.include.jmx.reporter = true
	batch.size = 16384
	bootstrap.servers = [PLAINTEXT://localhost:32770]
	buffer.memory = 33554432
	client.dns.lookup = use_all_dns_ips
	client.id = Producer-topic-5ce385f6_f0d8_4048_aba0_17a5b88a7b5b
	compression.gzip.level = -1
	compression.lz4.level = 9
	compression.type = none
	compression.zstd.level = 3
	connections.max.idle.ms = 10000
	delivery.timeout.ms = 120000
	enable.idempotence = true
	enable.metrics.push = true
	interceptor.classes = []
	key.serializer = class org.apache.kafka.common.serialization.StringSerializer
	linger.ms = 0
	max.block.ms = 60000
	max.in.flight.requests.per.connection = 5
	max.request.size = 1048576
	metadata.max.age.ms = 300000
	metadata.max.idle.ms = 300000
	metadata.recovery.strategy = none
	metric.reporters = []
	metrics.num.samples = 2
	metrics.recording.level = INFO
	metrics.sample.window.ms = 30000
	partitioner.adaptive.partitioning.enable = true
	partitioner.availability.timeout.ms = 0
	partitioner.class = null
	partitioner.ignore.keys = false
	receive.buffer.bytes = 32768
	reconnect.backoff.max.ms = 1000
	reconnect.backoff.ms = 50
	request.timeout.ms = 5000
	retries = 2147483647
	retry.backoff.max.ms = 1000
	retry.backoff.ms = 100
	sasl.client.callback.handler.class = null
	sasl.jaas.config = null
	sasl.kerberos.kinit.cmd = /usr/bin/kinit
	sasl.kerberos.min.time.before.relogin = 60000
	sasl.kerberos.service.name = null
	sasl.kerberos.ticket.renew.jitter = 0.05
	sasl.kerberos.ticket.renew.window.factor = 0.8
	sasl.login.callback.handler.class = null
	sasl.login.class = null
	sasl.login.connect.timeout.ms = null
	sasl.login.read.timeout.ms = null
	sasl.login.refresh.buffer.seconds = 300
	sasl.login.refresh.min.period.seconds = 60
	sasl.login.refresh.window.factor = 0.8
	sasl.login.refresh.window.jitter = 0.05
	sasl.login.retry.backoff.max.ms = 10000
	sasl.login.retry.backoff.ms = 100
	sasl.mechanism = GSSAPI
	sasl.oauthbearer.clock.skew.seconds = 30
	sasl.oauthbearer.expected.audience = null
	sasl.oauthbearer.expected.issuer = null
	sasl.oauthbearer.header.urlencode = false
	sasl.oauthbearer.jwks.endpoint.refresh.ms = 3600000
	sasl.oauthbearer.jwks.endpoint.retry.backoff.max.ms = 10000
	sasl.oauthbearer.jwks.endpoint.retry.backoff.ms = 100
	sasl.oauthbearer.jwks.endpoint.url = null
	sasl.oauthbearer.scope.claim.name = scope
	sasl.oauthbearer.sub.claim.name = sub
	sasl.oauthbearer.token.endpoint.url = null
	security.protocol = PLAINTEXT
	security.providers = null
	send.buffer.bytes = 131072
	socket.connection.setup.timeout.max.ms = 30000
	socket.connection.setup.timeout.ms = 10000
	ssl.cipher.suites = null
	ssl.enabled.protocols = [TLSv1.2, TLSv1.3]
	ssl.endpoint.identification.algorithm = https
	ssl.engine.factory.class = null
	ssl.key.password = null
	ssl.keymanager.algorithm = SunX509
	ssl.keystore.certificate.chain = null
	ssl.keystore.key = null
	ssl.keystore.location = null
	ssl.keystore.password = null
	ssl.keystore.type = JKS
	ssl.protocol = TLSv1.3
	ssl.provider = null
	ssl.secure.random.implementation = null
	ssl.trustmanager.algorithm = PKIX
	ssl.truststore.certificates = null
	ssl.truststore.location = null
	ssl.truststore.password = null
	ssl.truststore.type = JKS
	transaction.timeout.ms = 60000
	transactional.id = null
	value.serializer = class io.apicurio.registry.serde.avro.AvroKafkaSerializer

2025-07-31 17:01:48,083 INFO  [org.apa.kaf.com.tel.int.KafkaMetricsCollector] (main) initializing Kafka metrics collector
2025-07-31 17:01:48,095 INFO  [org.apa.kaf.cli.pro.KafkaProducer] (main) [Producer clientId=Producer-topic-5ce385f6_f0d8_4048_aba0_17a5b88a7b5b] Instantiated an idempotent producer.
2025-07-31 17:01:48,102 INFO  [org.apa.kaf.cli.pro.ProducerConfig] (main) These configurations '[apicurio.registry.url, apicurio.registry.auto-register, apicurio.registry.use-id, apicurio.registry.artifact-resolver-strategy]' were supplied but are not used yet.
2025-07-31 17:01:48,102 INFO  [org.apa.kaf.com.uti.AppInfoParser] (main) Kafka version: 3.9.1
2025-07-31 17:01:48,102 INFO  [org.apa.kaf.com.uti.AppInfoParser] (main) Kafka commitId: f745dfdcee2b9851
2025-07-31 17:01:48,102 INFO  [org.apa.kaf.com.uti.AppInfoParser] (main) Kafka startTimeMs: 1753981308102
2025-07-31 17:01:48,102 INFO  [io.api.tes.ser.api.SimpleSerdesTesterBuilder$SimpleSerdesTester] (main) Using producer configuration: {apicurio.registry.url=http://registry-app-postgresql.apps.ci419.apicurio-testing.org:80/apis/registry/v3, apicurio.registry.auto-register=true, apicurio.registry.use-id=globalId, apicurio.registry.artifact-resolver-strategy=io.apicurio.registry.serde.strategy.TopicIdStrategy, value.serializer=io.apicurio.registry.serde.avro.AvroKafkaSerializer, request.timeout.ms=5000, acks=all, bootstrap.servers=PLAINTEXT://localhost:32770, connections.max.idle.ms=10000, key.serializer=org.apache.kafka.common.serialization.StringSerializer, client.id=Producer-topic-5ce385f6_f0d8_4048_aba0_17a5b88a7b5b}
2025-07-31 17:01:48,102 INFO  [io.api.tes.ser.api.SimpleSerdesTesterBuilder$SimpleSerdesTester] (main) Using consumer configuration: {apicurio.registry.use-id=globalId}
2025-07-31 17:01:48,103 INFO  [io.api.tes.ser.api.KafkaSerdesTester] (Thread-735) Sending message {"key11753981308079": "value-0"} to topic topic-5ce385f6_f0d8_4048_aba0_17a5b88a7b5b
2025-07-31 17:01:48,110 WARN  [org.apa.kaf.cli.NetworkClient] (kafka-producer-network-thread | Producer-topic-5ce385f6_f0d8_4048_aba0_17a5b88a7b5b) [Producer clientId=Producer-topic-5ce385f6_f0d8_4048_aba0_17a5b88a7b5b] The metadata response from the cluster reported a recoverable issue with correlation id 2 : {topic-5ce385f6_f0d8_4048_aba0_17a5b88a7b5b=LEADER_NOT_AVAILABLE}
2025-07-31 17:01:48,110 INFO  [org.apa.kaf.cli.Metadata] (kafka-producer-network-thread | Producer-topic-5ce385f6_f0d8_4048_aba0_17a5b88a7b5b) [Producer clientId=Producer-topic-5ce385f6_f0d8_4048_aba0_17a5b88a7b5b] Cluster ID: alGoLOtfQj2F2-zKWHmvbA
2025-07-31 17:01:48,111 INFO  [org.apa.kaf.cli.pro.int.TransactionManager] (kafka-producer-network-thread | Producer-topic-5ce385f6_f0d8_4048_aba0_17a5b88a7b5b) [Producer clientId=Producer-topic-5ce385f6_f0d8_4048_aba0_17a5b88a7b5b] ProducerId set to 25 with epoch 0
2025-07-31 17:01:48,259 INFO  [io.api.tes.ser.api.KafkaSerdesTester] (Thread-735) Sending message {"key11753981308079": "value-1"} to topic topic-5ce385f6_f0d8_4048_aba0_17a5b88a7b5b
2025-07-31 17:01:48,261 INFO  [io.api.tes.ser.api.KafkaSerdesTester] (Thread-735) Sending message {"key11753981308079": "value-2"} to topic topic-5ce385f6_f0d8_4048_aba0_17a5b88a7b5b
2025-07-31 17:01:48,264 INFO  [io.api.tes.ser.api.KafkaSerdesTester] (Thread-735) Sending message {"key11753981308079": "value-3"} to topic topic-5ce385f6_f0d8_4048_aba0_17a5b88a7b5b
2025-07-31 17:01:48,265 INFO  [io.api.tes.ser.api.KafkaSerdesTester] (Thread-735) Sending message {"key11753981308079": "value-4"} to topic topic-5ce385f6_f0d8_4048_aba0_17a5b88a7b5b
2025-07-31 17:01:48,266 INFO  [io.api.tes.ser.api.KafkaSerdesTester] (Thread-735) Sending message {"key11753981308079": "value-5"} to topic topic-5ce385f6_f0d8_4048_aba0_17a5b88a7b5b
2025-07-31 17:01:48,268 INFO  [io.api.tes.ser.api.KafkaSerdesTester] (Thread-735) Sending message {"key11753981308079": "value-6"} to topic topic-5ce385f6_f0d8_4048_aba0_17a5b88a7b5b
2025-07-31 17:01:48,271 INFO  [io.api.tes.ser.api.KafkaSerdesTester] (Thread-735) Sending message {"key11753981308079": "value-7"} to topic topic-5ce385f6_f0d8_4048_aba0_17a5b88a7b5b
2025-07-31 17:01:48,272 INFO  [io.api.tes.ser.api.KafkaSerdesTester] (Thread-735) Sending message {"key11753981308079": "value-8"} to topic topic-5ce385f6_f0d8_4048_aba0_17a5b88a7b5b
2025-07-31 17:01:48,274 INFO  [io.api.tes.ser.api.KafkaSerdesTester] (Thread-735) Sending message {"key11753981308079": "value-9"} to topic topic-5ce385f6_f0d8_4048_aba0_17a5b88a7b5b
2025-07-31 17:01:48,277 INFO  [io.api.tes.ser.api.KafkaSerdesTester] (Thread-735) Produced 10 messages
2025-07-31 17:01:48,277 INFO  [org.apa.kaf.cli.pro.KafkaProducer] (Thread-735) [Producer clientId=Producer-topic-5ce385f6_f0d8_4048_aba0_17a5b88a7b5b] Closing the Kafka producer with timeoutMillis = 9223372036854775807 ms.
2025-07-31 17:01:48,279 INFO  [org.apa.kaf.com.met.Metrics] (Thread-735) Metrics scheduler closed
2025-07-31 17:01:48,279 INFO  [org.apa.kaf.com.met.Metrics] (Thread-735) Closing reporter org.apache.kafka.common.metrics.JmxReporter
2025-07-31 17:01:48,279 INFO  [org.apa.kaf.com.met.Metrics] (Thread-735) Closing reporter org.apache.kafka.common.telemetry.internals.ClientTelemetryReporter
2025-07-31 17:01:48,279 INFO  [org.apa.kaf.com.met.Metrics] (Thread-735) Metrics reporters closed
2025-07-31 17:01:48,280 INFO  [org.apa.kaf.com.uti.AppInfoParser] (Thread-735) App info kafka.producer for Producer-topic-5ce385f6_f0d8_4048_aba0_17a5b88a7b5b unregistered
**** Registry Base URL: http://registry-app-postgresql.apps.ci419.apicurio-testing.org:80
2025-07-31 17:01:48,309 INFO  [org.apa.kaf.cli.con.ConsumerConfig] (main) ConsumerConfig values: 
	allow.auto.create.topics = true
	auto.commit.interval.ms = 500
	auto.include.jmx.reporter = true
	auto.offset.reset = earliest
	bootstrap.servers = [PLAINTEXT://localhost:32770]
	check.crcs = true
	client.dns.lookup = use_all_dns_ips
	client.id = consumer-Consumer-topic-5ce385f6_f0d8_4048_aba0_17a5b88a7b5b-18
	client.rack = 
	connections.max.idle.ms = 10000
	default.api.timeout.ms = 60000
	enable.auto.commit = true
	enable.metrics.push = true
	exclude.internal.topics = true
	fetch.max.bytes = 52428800
	fetch.max.wait.ms = 500
	fetch.min.bytes = 1
	group.id = Consumer-topic-5ce385f6_f0d8_4048_aba0_17a5b88a7b5b
	group.instance.id = null
	group.protocol = classic
	group.remote.assignor = null
	heartbeat.interval.ms = 3000
	interceptor.classes = []
	internal.leave.group.on.close = true
	internal.throw.on.fetch.stable.offset.unsupported = false
	isolation.level = read_uncommitted
	key.deserializer = class org.apache.kafka.common.serialization.StringDeserializer
	max.partition.fetch.bytes = 1048576
	max.poll.interval.ms = 300000
	max.poll.records = 500
	metadata.max.age.ms = 300000
	metadata.recovery.strategy = none
	metric.reporters = []
	metrics.num.samples = 2
	metrics.recording.level = INFO
	metrics.sample.window.ms = 30000
	partition.assignment.strategy = [class org.apache.kafka.clients.consumer.RangeAssignor, class org.apache.kafka.clients.consumer.CooperativeStickyAssignor]
	receive.buffer.bytes = 65536
	reconnect.backoff.max.ms = 1000
	reconnect.backoff.ms = 50
	request.timeout.ms = 5000
	retry.backoff.max.ms = 1000
	retry.backoff.ms = 100
	sasl.client.callback.handler.class = null
	sasl.jaas.config = null
	sasl.kerberos.kinit.cmd = /usr/bin/kinit
	sasl.kerberos.min.time.before.relogin = 60000
	sasl.kerberos.service.name = null
	sasl.kerberos.ticket.renew.jitter = 0.05
	sasl.kerberos.ticket.renew.window.factor = 0.8
	sasl.login.callback.handler.class = null
	sasl.login.class = null
	sasl.login.connect.timeout.ms = null
	sasl.login.read.timeout.ms = null
	sasl.login.refresh.buffer.seconds = 300
	sasl.login.refresh.min.period.seconds = 60
	sasl.login.refresh.window.factor = 0.8
	sasl.login.refresh.window.jitter = 0.05
	sasl.login.retry.backoff.max.ms = 10000
	sasl.login.retry.backoff.ms = 100
	sasl.mechanism = GSSAPI
	sasl.oauthbearer.clock.skew.seconds = 30
	sasl.oauthbearer.expected.audience = null
	sasl.oauthbearer.expected.issuer = null
	sasl.oauthbearer.header.urlencode = false
	sasl.oauthbearer.jwks.endpoint.refresh.ms = 3600000
	sasl.oauthbearer.jwks.endpoint.retry.backoff.max.ms = 10000
	sasl.oauthbearer.jwks.endpoint.retry.backoff.ms = 100
	sasl.oauthbearer.jwks.endpoint.url = null
	sasl.oauthbearer.scope.claim.name = scope
	sasl.oauthbearer.sub.claim.name = sub
	sasl.oauthbearer.token.endpoint.url = null
	security.protocol = PLAINTEXT
	security.providers = null
	send.buffer.bytes = 131072
	session.timeout.ms = 45000
	socket.connection.setup.timeout.max.ms = 30000
	socket.connection.setup.timeout.ms = 10000
	ssl.cipher.suites = null
	ssl.enabled.protocols = [TLSv1.2, TLSv1.3]
	ssl.endpoint.identification.algorithm = https
	ssl.engine.factory.class = null
	ssl.key.password = null
	ssl.keymanager.algorithm = SunX509
	ssl.keystore.certificate.chain = null
	ssl.keystore.key = null
	ssl.keystore.location = null
	ssl.keystore.password = null
	ssl.keystore.type = JKS
	ssl.protocol = TLSv1.3
	ssl.provider = null
	ssl.secure.random.implementation = null
	ssl.trustmanager.algorithm = PKIX
	ssl.truststore.certificates = null
	ssl.truststore.location = null
	ssl.truststore.password = null
	ssl.truststore.type = JKS
	value.deserializer = class io.apicurio.registry.serde.avro.AvroKafkaDeserializer

2025-07-31 17:01:48,309 INFO  [org.apa.kaf.com.tel.int.KafkaMetricsCollector] (main) initializing Kafka metrics collector
2025-07-31 17:01:48,314 INFO  [org.apa.kaf.cli.con.ConsumerConfig] (main) These configurations '[apicurio.registry.url, apicurio.registry.use-id]' were supplied but are not used yet.
2025-07-31 17:01:48,314 INFO  [org.apa.kaf.com.uti.AppInfoParser] (main) Kafka version: 3.9.1
2025-07-31 17:01:48,314 INFO  [org.apa.kaf.com.uti.AppInfoParser] (main) Kafka commitId: f745dfdcee2b9851
2025-07-31 17:01:48,314 INFO  [org.apa.kaf.com.uti.AppInfoParser] (main) Kafka startTimeMs: 1753981308314
2025-07-31 17:01:48,315 INFO  [org.apa.kaf.cli.con.int.ClassicKafkaConsumer] (Thread-738) [Consumer clientId=consumer-Consumer-topic-5ce385f6_f0d8_4048_aba0_17a5b88a7b5b-18, groupId=Consumer-topic-5ce385f6_f0d8_4048_aba0_17a5b88a7b5b] Subscribed to topic(s): topic-5ce385f6_f0d8_4048_aba0_17a5b88a7b5b
2025-07-31 17:01:48,320 INFO  [org.apa.kaf.cli.Metadata] (Thread-738) [Consumer clientId=consumer-Consumer-topic-5ce385f6_f0d8_4048_aba0_17a5b88a7b5b-18, groupId=Consumer-topic-5ce385f6_f0d8_4048_aba0_17a5b88a7b5b] Cluster ID: alGoLOtfQj2F2-zKWHmvbA
2025-07-31 17:01:48,321 INFO  [org.apa.kaf.cli.con.int.ConsumerCoordinator] (Thread-738) [Consumer clientId=consumer-Consumer-topic-5ce385f6_f0d8_4048_aba0_17a5b88a7b5b-18, groupId=Consumer-topic-5ce385f6_f0d8_4048_aba0_17a5b88a7b5b] Discovered group coordinator localhost:32770 (id: 2147483647 rack: null)
2025-07-31 17:01:48,322 INFO  [org.apa.kaf.cli.con.int.ConsumerCoordinator] (Thread-738) [Consumer clientId=consumer-Consumer-topic-5ce385f6_f0d8_4048_aba0_17a5b88a7b5b-18, groupId=Consumer-topic-5ce385f6_f0d8_4048_aba0_17a5b88a7b5b] (Re-)joining group
2025-07-31 17:01:48,326 INFO  [org.apa.kaf.cli.con.int.ConsumerCoordinator] (Thread-738) [Consumer clientId=consumer-Consumer-topic-5ce385f6_f0d8_4048_aba0_17a5b88a7b5b-18, groupId=Consumer-topic-5ce385f6_f0d8_4048_aba0_17a5b88a7b5b] Request joining group due to: need to re-join with the given member-id: consumer-Consumer-topic-5ce385f6_f0d8_4048_aba0_17a5b88a7b5b-18-86653d01-e779-47ff-94a6-475328b46e16
2025-07-31 17:01:48,326 INFO  [org.apa.kaf.cli.con.int.ConsumerCoordinator] (Thread-738) [Consumer clientId=consumer-Consumer-topic-5ce385f6_f0d8_4048_aba0_17a5b88a7b5b-18, groupId=Consumer-topic-5ce385f6_f0d8_4048_aba0_17a5b88a7b5b] (Re-)joining group
2025-07-31 17:01:48,329 INFO  [org.apa.kaf.cli.con.int.ConsumerCoordinator] (Thread-738) [Consumer clientId=consumer-Consumer-topic-5ce385f6_f0d8_4048_aba0_17a5b88a7b5b-18, groupId=Consumer-topic-5ce385f6_f0d8_4048_aba0_17a5b88a7b5b] Successfully joined group with generation Generation{generationId=1, memberId='consumer-Consumer-topic-5ce385f6_f0d8_4048_aba0_17a5b88a7b5b-18-86653d01-e779-47ff-94a6-475328b46e16', protocol='range'}
2025-07-31 17:01:48,329 INFO  [org.apa.kaf.cli.con.int.ConsumerCoordinator] (Thread-738) [Consumer clientId=consumer-Consumer-topic-5ce385f6_f0d8_4048_aba0_17a5b88a7b5b-18, groupId=Consumer-topic-5ce385f6_f0d8_4048_aba0_17a5b88a7b5b] Finished assignment for group at generation 1: {consumer-Consumer-topic-5ce385f6_f0d8_4048_aba0_17a5b88a7b5b-18-86653d01-e779-47ff-94a6-475328b46e16=Assignment(partitions=[topic-5ce385f6_f0d8_4048_aba0_17a5b88a7b5b-0])}
2025-07-31 17:01:48,333 INFO  [org.apa.kaf.cli.con.int.ConsumerCoordinator] (Thread-738) [Consumer clientId=consumer-Consumer-topic-5ce385f6_f0d8_4048_aba0_17a5b88a7b5b-18, groupId=Consumer-topic-5ce385f6_f0d8_4048_aba0_17a5b88a7b5b] Successfully synced group in generation Generation{generationId=1, memberId='consumer-Consumer-topic-5ce385f6_f0d8_4048_aba0_17a5b88a7b5b-18-86653d01-e779-47ff-94a6-475328b46e16', protocol='range'}
2025-07-31 17:01:48,333 INFO  [org.apa.kaf.cli.con.int.ConsumerCoordinator] (Thread-738) [Consumer clientId=consumer-Consumer-topic-5ce385f6_f0d8_4048_aba0_17a5b88a7b5b-18, groupId=Consumer-topic-5ce385f6_f0d8_4048_aba0_17a5b88a7b5b] Notifying assignor about the new Assignment(partitions=[topic-5ce385f6_f0d8_4048_aba0_17a5b88a7b5b-0])
2025-07-31 17:01:48,333 INFO  [org.apa.kaf.cli.con.int.ConsumerRebalanceListenerInvoker] (Thread-738) [Consumer clientId=consumer-Consumer-topic-5ce385f6_f0d8_4048_aba0_17a5b88a7b5b-18, groupId=Consumer-topic-5ce385f6_f0d8_4048_aba0_17a5b88a7b5b] Adding newly assigned partitions: topic-5ce385f6_f0d8_4048_aba0_17a5b88a7b5b-0
2025-07-31 17:01:48,335 INFO  [org.apa.kaf.cli.con.int.ConsumerCoordinator] (Thread-738) [Consumer clientId=consumer-Consumer-topic-5ce385f6_f0d8_4048_aba0_17a5b88a7b5b-18, groupId=Consumer-topic-5ce385f6_f0d8_4048_aba0_17a5b88a7b5b] Found no committed offset for partition topic-5ce385f6_f0d8_4048_aba0_17a5b88a7b5b-0
2025-07-31 17:01:48,337 INFO  [org.apa.kaf.cli.con.int.SubscriptionState] (Thread-738) [Consumer clientId=consumer-Consumer-topic-5ce385f6_f0d8_4048_aba0_17a5b88a7b5b-18, groupId=Consumer-topic-5ce385f6_f0d8_4048_aba0_17a5b88a7b5b] Resetting offset for partition topic-5ce385f6_f0d8_4048_aba0_17a5b88a7b5b-0 to position FetchPosition{offset=0, offsetEpoch=Optional.empty, currentLeader=LeaderAndEpoch{leader=Optional[localhost:32770 (id: 0 rack: null)], epoch=0}}.
2025-07-31 17:01:48,373 INFO  [io.api.tes.ser.api.KafkaSerdesTester] (Thread-738) topic-5ce385f6_f0d8_4048_aba0_17a5b88a7b5b 0 0 {"key11753981308079": "value-0"}
2025-07-31 17:01:48,373 INFO  [io.api.tes.ser.api.KafkaSerdesTester] (Thread-738) topic-5ce385f6_f0d8_4048_aba0_17a5b88a7b5b 0 1 {"key11753981308079": "value-1"}
2025-07-31 17:01:48,373 INFO  [io.api.tes.ser.api.KafkaSerdesTester] (Thread-738) topic-5ce385f6_f0d8_4048_aba0_17a5b88a7b5b 0 2 {"key11753981308079": "value-2"}
2025-07-31 17:01:48,373 INFO  [io.api.tes.ser.api.KafkaSerdesTester] (Thread-738) topic-5ce385f6_f0d8_4048_aba0_17a5b88a7b5b 0 3 {"key11753981308079": "value-3"}
2025-07-31 17:01:48,373 INFO  [io.api.tes.ser.api.KafkaSerdesTester] (Thread-738) topic-5ce385f6_f0d8_4048_aba0_17a5b88a7b5b 0 4 {"key11753981308079": "value-4"}
2025-07-31 17:01:48,373 INFO  [io.api.tes.ser.api.KafkaSerdesTester] (Thread-738) topic-5ce385f6_f0d8_4048_aba0_17a5b88a7b5b 0 5 {"key11753981308079": "value-5"}
2025-07-31 17:01:48,373 INFO  [io.api.tes.ser.api.KafkaSerdesTester] (Thread-738) topic-5ce385f6_f0d8_4048_aba0_17a5b88a7b5b 0 6 {"key11753981308079": "value-6"}
2025-07-31 17:01:48,373 INFO  [io.api.tes.ser.api.KafkaSerdesTester] (Thread-738) topic-5ce385f6_f0d8_4048_aba0_17a5b88a7b5b 0 7 {"key11753981308079": "value-7"}
2025-07-31 17:01:48,373 INFO  [io.api.tes.ser.api.KafkaSerdesTester] (Thread-738) topic-5ce385f6_f0d8_4048_aba0_17a5b88a7b5b 0 8 {"key11753981308079": "value-8"}
2025-07-31 17:01:48,373 INFO  [io.api.tes.ser.api.KafkaSerdesTester] (Thread-738) topic-5ce385f6_f0d8_4048_aba0_17a5b88a7b5b 0 9 {"key11753981308079": "value-9"}
2025-07-31 17:01:48,373 INFO  [io.api.tes.ser.api.KafkaSerdesTester] (Thread-738) Consumed 10 messages
2025-07-31 17:01:48,377 INFO  [org.apa.kaf.cli.con.int.ConsumerRebalanceListenerInvoker] (Thread-738) [Consumer clientId=consumer-Consumer-topic-5ce385f6_f0d8_4048_aba0_17a5b88a7b5b-18, groupId=Consumer-topic-5ce385f6_f0d8_4048_aba0_17a5b88a7b5b] Revoke previously assigned partitions topic-5ce385f6_f0d8_4048_aba0_17a5b88a7b5b-0
2025-07-31 17:01:48,377 INFO  [org.apa.kaf.cli.con.int.ConsumerCoordinator] (Thread-738) [Consumer clientId=consumer-Consumer-topic-5ce385f6_f0d8_4048_aba0_17a5b88a7b5b-18, groupId=Consumer-topic-5ce385f6_f0d8_4048_aba0_17a5b88a7b5b] Member consumer-Consumer-topic-5ce385f6_f0d8_4048_aba0_17a5b88a7b5b-18-86653d01-e779-47ff-94a6-475328b46e16 sending LeaveGroup request to coordinator localhost:32770 (id: 2147483647 rack: null) due to the consumer is being closed
2025-07-31 17:01:48,378 INFO  [org.apa.kaf.cli.con.int.ConsumerCoordinator] (Thread-738) [Consumer clientId=consumer-Consumer-topic-5ce385f6_f0d8_4048_aba0_17a5b88a7b5b-18, groupId=Consumer-topic-5ce385f6_f0d8_4048_aba0_17a5b88a7b5b] Resetting generation and member id due to: consumer pro-actively leaving the group
2025-07-31 17:01:48,378 INFO  [org.apa.kaf.cli.con.int.ConsumerCoordinator] (Thread-738) [Consumer clientId=consumer-Consumer-topic-5ce385f6_f0d8_4048_aba0_17a5b88a7b5b-18, groupId=Consumer-topic-5ce385f6_f0d8_4048_aba0_17a5b88a7b5b] Request joining group due to: consumer pro-actively leaving the group
2025-07-31 17:01:48,877 INFO  [org.apa.kaf.com.met.Metrics] (Thread-738) Metrics scheduler closed
2025-07-31 17:01:48,877 INFO  [org.apa.kaf.com.met.Metrics] (Thread-738) Closing reporter org.apache.kafka.common.metrics.JmxReporter
2025-07-31 17:01:48,877 INFO  [org.apa.kaf.com.met.Metrics] (Thread-738) Closing reporter org.apache.kafka.common.telemetry.internals.ClientTelemetryReporter
2025-07-31 17:01:48,877 INFO  [org.apa.kaf.com.met.Metrics] (Thread-738) Metrics reporters closed
2025-07-31 17:01:48,879 INFO  [org.apa.kaf.com.uti.AppInfoParser] (Thread-738) App info kafka.consumer for consumer-Consumer-topic-5ce385f6_f0d8_4048_aba0_17a5b88a7b5b-18 unregistered
2025-07-31 17:01:48,880 INFO  [io.api.tes.uti.TestSeparator] (main) io.apicurio.tests.serdes.apicurio.AvroSerdeIT.testGlobalIdInBody-FINISHED
2025-07-31 17:01:48,880 INFO  [io.api.tes.uti.TestSeparator] (main) ############################################################################
Test passed: testGlobalIdInBody
]]></system-out>
  </testcase>
  <testcase name="testProducerUsesGlobalIdConsumerUsesDefault" classname="io.apicurio.tests.serdes.apicurio.AvroSerdeIT" time="0.0">
    <skipped message="void io.apicurio.tests.serdes.apicurio.AvroSerdeIT.testProducerUsesGlobalIdConsumerUsesDefault() throws java.lang.Exception is @Disabled"/>
  </testcase>
</testsuite>