<?xml version="1.0" encoding="UTF-8"?>
<testsuite xmlns:xsi="http://www.w3.org/2001/XMLSchema-instance" xsi:noNamespaceSchemaLocation="https://maven.apache.org/surefire/maven-failsafe-plugin/xsd/failsafe-test-report.xsd" version="3.0.2" name="io.apicurio.tests.serdes.apicurio.AvroSerdeIT" time="56.809" tests="21" errors="3" skipped="2" failures="0">
  <properties>
    <property name="java.specification.version" value="17"/>
    <property name="sun.jnu.encoding" value="UTF-8"/>
    <property name="java.class.path" value="/home/runner/work/apicurio-testing/apicurio-testing/clusters/ci419/namespaces/mysql/tests/integration/apicurio-registry/integration-tests/target/test-classes:/home/runner/work/apicurio-testing/apicurio-testing/clusters/ci419/namespaces/mysql/tests/integration/apicurio-registry/integration-tests/target/apicurio-registry-integration-tests-3.0.11-SNAPSHOT.jar:/home/runner/.m2/repository/io/quarkus/quarkus-junit5/3.20.1/quarkus-junit5-3.20.1.jar:/home/runner/.m2/repository/io/quarkus/quarkus-bootstrap-core/3.20.1/quarkus-bootstrap-core-3.20.1.jar:/home/runner/.m2/repository/io/quarkus/quarkus-classloader-commons/3.20.1/quarkus-classloader-commons-3.20.1.jar:/home/runner/.m2/repository/io/quarkus/quarkus-bootstrap-app-model/3.20.1/quarkus-bootstrap-app-model-3.20.1.jar:/home/runner/.m2/repository/io/smallrye/common/smallrye-common-io/2.12.0/smallrye-common-io-2.12.0.jar:/home/runner/.m2/repository/org/eclipse/sisu/org.eclipse.sisu.inject/0.9.0.M3/org.eclipse.sisu.inject-0.9.0.M3.jar:/home/runner/.m2/repository/io/quarkus/quarkus-test-common/3.20.1/quarkus-test-common-3.20.1.jar:/home/runner/.m2/repository/io/quarkus/quarkus-core-deployment/3.20.1/quarkus-core-deployment-3.20.1.jar:/home/runner/.m2/repository/org/aesh/readline/2.6/readline-2.6.jar:/home/runner/.m2/repository/org/fusesource/jansi/jansi/2.4.0/jansi-2.4.0.jar:/home/runner/.m2/repository/org/aesh/aesh/2.8.2/aesh-2.8.2.jar:/home/runner/.m2/repository/io/quarkus/gizmo/gizmo/1.8.0/gizmo-1.8.0.jar:/home/runner/.m2/repository/org/ow2/asm/asm-util/9.7.1/asm-util-9.7.1.jar:/home/runner/.m2/repository/org/ow2/asm/asm-analysis/9.7.1/asm-analysis-9.7.1.jar:/home/runner/.m2/repository/org/ow2/asm/asm-commons/9.7.1/asm-commons-9.7.1.jar:/home/runner/.m2/repository/org/ow2/asm/asm-tree/9.7.1/asm-tree-9.7.1.jar:/home/runner/.m2/repository/io/quarkus/quarkus-hibernate-validator-spi/3.20.1/quarkus-hibernate-validator-spi-3.20.1.jar:/home/runner/.m2/repository/io/quarkus/quarkus-class-change-agent/3.20.1/quarkus-class-change-agent-3.20.1.jar:/home/runner/.m2/repository/io/quarkus/quarkus-devtools-utilities/3.20.1/quarkus-devtools-utilities-3.20.1.jar:/home/runner/.m2/repository/io/quarkus/quarkus-builder/3.20.1/quarkus-builder-3.20.1.jar:/home/runner/.m2/repository/org/graalvm/sdk/nativeimage/23.1.2/nativeimage-23.1.2.jar:/home/runner/.m2/repository/org/graalvm/sdk/word/23.1.2/word-23.1.2.jar:/home/runner/.m2/repository/io/quarkus/quarkus-bootstrap-maven-resolver/3.20.1/quarkus-bootstrap-maven-resolver-3.20.1.jar:/home/runner/.m2/repository/io/smallrye/beanbag/smallrye-beanbag-maven/1.5.2/smallrye-beanbag-maven-1.5.2.jar:/home/runner/.m2/repository/io/smallrye/beanbag/smallrye-beanbag-sisu/1.5.2/smallrye-beanbag-sisu-1.5.2.jar:/home/runner/.m2/repository/io/smallrye/beanbag/smallrye-beanbag/1.5.2/smallrye-beanbag-1.5.2.jar:/home/runner/.m2/repository/javax/inject/javax.inject/1/javax.inject-1.jar:/home/runner/.m2/repository/org/apache/maven/maven-artifact/3.9.9/maven-artifact-3.9.9.jar:/home/runner/.m2/repository/org/apache/maven/maven-builder-support/3.9.9/maven-builder-support-3.9.9.jar:/home/runner/.m2/repository/org/apache/maven/maven-model/3.9.9/maven-model-3.9.9.jar:/home/runner/.m2/repository/org/apache/maven/maven-model-builder/3.9.9/maven-model-builder-3.9.9.jar:/home/runner/.m2/repository/org/apache/maven/maven-repository-metadata/3.9.9/maven-repository-metadata-3.9.9.jar:/home/runner/.m2/repository/org/apache/maven/maven-settings/3.9.9/maven-settings-3.9.9.jar:/home/runner/.m2/repository/org/apache/maven/resolver/maven-resolver-api/1.9.22/maven-resolver-api-1.9.22.jar:/home/runner/.m2/repository/org/apache/maven/resolver/maven-resolver-impl/1.9.22/maven-resolver-impl-1.9.22.jar:/home/runner/.m2/repository/org/apache/maven/resolver/maven-resolver-named-locks/1.9.22/maven-resolver-named-locks-1.9.22.jar:/home/runner/.m2/repository/org/apache/maven/resolver/maven-resolver-spi/1.9.22/maven-resolver-spi-1.9.22.jar:/home/runner/.m2/repository/org/apache/maven/resolver/maven-resolver-util/1.9.22/maven-resolver-util-1.9.22.jar:/home/runner/.m2/repository/org/apache/maven/resolver/maven-resolver-transport-http/1.9.20/maven-resolver-transport-http-1.9.20.jar:/home/runner/.m2/repository/org/apache/maven/wagon/wagon-provider-api/3.5.3/wagon-provider-api-3.5.3.jar:/home/runner/.m2/repository/org/apache/maven/wagon/wagon-http-shared/3.5.3/wagon-http-shared-3.5.3.jar:/home/runner/.m2/repository/org/codehaus/plexus/plexus-interpolation/1.26/plexus-interpolation-1.26.jar:/home/runner/.m2/repository/org/codehaus/plexus/plexus-utils/3.5.1/plexus-utils-3.5.1.jar:/home/runner/.m2/repository/org/codehaus/plexus/plexus-xml/4.0.1/plexus-xml-4.0.1.jar:/home/runner/.m2/repository/org/apache/maven/maven-xml-impl/4.0.0-alpha-5/maven-xml-impl-4.0.0-alpha-5.jar:/home/runner/.m2/repository/org/apache/maven/maven-api-xml/4.0.0-alpha-5/maven-api-xml-4.0.0-alpha-5.jar:/home/runner/.m2/repository/org/apache/maven/maven-api-meta/4.0.0-alpha-5/maven-api-meta-4.0.0-alpha-5.jar:/home/runner/.m2/repository/org/codehaus/plexus/plexus-cipher/2.0/plexus-cipher-2.0.jar:/home/runner/.m2/repository/org/codehaus/plexus/plexus-sec-dispatcher/2.0/plexus-sec-dispatcher-2.0.jar:/home/runner/.m2/repository/org/apache/maven/maven-embedder/3.9.9/maven-embedder-3.9.9.jar:/home/runner/.m2/repository/org/apache/maven/maven-core/3.9.9/maven-core-3.9.9.jar:/home/runner/.m2/repository/org/codehaus/plexus/plexus-component-annotations/2.1.0/plexus-component-annotations-2.1.0.jar:/home/runner/.m2/repository/org/apache/maven/maven-plugin-api/3.9.9/maven-plugin-api-3.9.9.jar:/home/runner/.m2/repository/org/apache/maven/shared/maven-shared-utils/3.4.2/maven-shared-utils-3.4.2.jar:/home/runner/.m2/repository/com/google/inject/guice/5.1.0/guice-5.1.0.jar:/home/runner/.m2/repository/aopalliance/aopalliance/1.0/aopalliance-1.0.jar:/home/runner/.m2/repository/org/codehaus/plexus/plexus-classworlds/2.6.0/plexus-classworlds-2.6.0.jar:/home/runner/.m2/repository/commons-cli/commons-cli/1.8.0/commons-cli-1.8.0.jar:/home/runner/.m2/repository/org/eclipse/sisu/org.eclipse.sisu.plexus/0.9.0.M3/org.eclipse.sisu.plexus-0.9.0.M3.jar:/home/runner/.m2/repository/org/apache/maven/maven-settings-builder/3.9.9/maven-settings-builder-3.9.9.jar:/home/runner/.m2/repository/org/apache/maven/maven-resolver-provider/3.9.9/maven-resolver-provider-3.9.9.jar:/home/runner/.m2/repository/org/apache/maven/resolver/maven-resolver-connector-basic/1.9.22/maven-resolver-connector-basic-1.9.22.jar:/home/runner/.m2/repository/org/apache/maven/resolver/maven-resolver-transport-wagon/1.9.22/maven-resolver-transport-wagon-1.9.22.jar:/home/runner/.m2/repository/org/apache/maven/wagon/wagon-http/3.5.3/wagon-http-3.5.3.jar:/home/runner/.m2/repository/org/apache/maven/wagon/wagon-file/3.5.3/wagon-file-3.5.3.jar:/home/runner/.m2/repository/io/quarkus/quarkus-bootstrap-gradle-resolver/3.20.1/quarkus-bootstrap-gradle-resolver-3.20.1.jar:/home/runner/.m2/repository/io/smallrye/jandex/3.3.0/jandex-3.3.0.jar:/home/runner/.m2/repository/org/jboss/logging/commons-logging-jboss-logging/1.0.0.Final/commons-logging-jboss-logging-1.0.0.Final.jar:/home/runner/.m2/repository/io/quarkus/quarkus-junit5-config/3.20.1/quarkus-junit5-config-3.20.1.jar:/home/runner/.m2/repository/org/junit/jupiter/junit-jupiter-api/5.12.1/junit-jupiter-api-5.12.1.jar:/home/runner/.m2/repository/io/smallrye/config/smallrye-config/3.11.4/smallrye-config-3.11.4.jar:/home/runner/.m2/repository/io/smallrye/config/smallrye-config-core/3.11.4/smallrye-config-core-3.11.4.jar:/home/runner/.m2/repository/io/smallrye/common/smallrye-common-classloader/2.12.0/smallrye-common-classloader-2.12.0.jar:/home/runner/.m2/repository/io/smallrye/config/smallrye-config-common/3.11.4/smallrye-config-common-3.11.4.jar:/home/runner/.m2/repository/org/junit/jupiter/junit-jupiter/5.12.1/junit-jupiter-5.12.1.jar:/home/runner/.m2/repository/org/junit/jupiter/junit-jupiter-params/5.12.1/junit-jupiter-params-5.12.1.jar:/home/runner/.m2/repository/org/junit/jupiter/junit-jupiter-engine/5.12.1/junit-jupiter-engine-5.12.1.jar:/home/runner/.m2/repository/io/quarkus/quarkus-core/3.20.1/quarkus-core-3.20.1.jar:/home/runner/.m2/repository/jakarta/enterprise/jakarta.enterprise.cdi-api/4.1.0/jakarta.enterprise.cdi-api-4.1.0.jar:/home/runner/.m2/repository/jakarta/enterprise/jakarta.enterprise.lang-model/4.1.0/jakarta.enterprise.lang-model-4.1.0.jar:/home/runner/.m2/repository/jakarta/el/jakarta.el-api/5.0.1/jakarta.el-api-5.0.1.jar:/home/runner/.m2/repository/jakarta/interceptor/jakarta.interceptor-api/2.2.0/jakarta.interceptor-api-2.2.0.jar:/home/runner/.m2/repository/jakarta/inject/jakarta.inject-api/2.0.1/jakarta.inject-api-2.0.1.jar:/home/runner/.m2/repository/io/smallrye/common/smallrye-common-os/2.12.0/smallrye-common-os-2.12.0.jar:/home/runner/.m2/repository/io/quarkus/quarkus-ide-launcher/3.20.1/quarkus-ide-launcher-3.20.1.jar:/home/runner/.m2/repository/io/quarkus/quarkus-development-mode-spi/3.20.1/quarkus-development-mode-spi-3.20.1.jar:/home/runner/.m2/repository/org/jboss/logging/jboss-logging/3.6.1.Final/jboss-logging-3.6.1.Final.jar:/home/runner/.m2/repository/org/jboss/logmanager/jboss-logmanager/3.1.2.Final/jboss-logmanager-3.1.2.Final.jar:/home/runner/.m2/repository/io/smallrye/common/smallrye-common-constraint/2.12.0/smallrye-common-constraint-2.12.0.jar:/home/runner/.m2/repository/io/smallrye/common/smallrye-common-cpu/2.12.0/smallrye-common-cpu-2.12.0.jar:/home/runner/.m2/repository/io/smallrye/common/smallrye-common-expression/2.12.0/smallrye-common-expression-2.12.0.jar:/home/runner/.m2/repository/io/smallrye/common/smallrye-common-net/2.12.0/smallrye-common-net-2.12.0.jar:/home/runner/.m2/repository/io/smallrye/common/smallrye-common-ref/2.12.0/smallrye-common-ref-2.12.0.jar:/home/runner/.m2/repository/jakarta/json/jakarta.json-api/2.1.3/jakarta.json-api-2.1.3.jar:/home/runner/.m2/repository/org/eclipse/parsson/parsson/1.1.7/parsson-1.1.7.jar:/home/runner/.m2/repository/org/jboss/logging/jboss-logging-annotations/3.0.4.Final/jboss-logging-annotations-3.0.4.Final.jar:/home/runner/.m2/repository/org/jboss/threads/jboss-threads/3.8.0.Final/jboss-threads-3.8.0.Final.jar:/home/runner/.m2/repository/io/smallrye/common/smallrye-common-annotation/2.12.0/smallrye-common-annotation-2.12.0.jar:/home/runner/.m2/repository/io/smallrye/common/smallrye-common-function/2.12.0/smallrye-common-function-2.12.0.jar:/home/runner/.m2/repository/org/jboss/slf4j/slf4j-jboss-logmanager/2.0.0.Final/slf4j-jboss-logmanager-2.0.0.Final.jar:/home/runner/.m2/repository/org/wildfly/common/wildfly-common/2.0.1/wildfly-common-2.0.1.jar:/home/runner/.m2/repository/io/quarkus/quarkus-bootstrap-runner/3.20.1/quarkus-bootstrap-runner-3.20.1.jar:/home/runner/.m2/repository/io/github/crac/org-crac/0.1.3/org-crac-0.1.3.jar:/home/runner/.m2/repository/io/quarkus/quarkus-fs-util/0.0.10/quarkus-fs-util-0.0.10.jar:/home/runner/.m2/repository/org/jboss/marshalling/jboss-marshalling/2.2.2.Final/jboss-marshalling-2.2.2.Final.jar:/home/runner/.m2/repository/io/fabric8/kubernetes-client/7.1.0/kubernetes-client-7.1.0.jar:/home/runner/.m2/repository/io/fabric8/kubernetes-client-api/7.1.0/kubernetes-client-api-7.1.0.jar:/home/runner/.m2/repository/io/fabric8/kubernetes-model-core/7.1.0/kubernetes-model-core-7.1.0.jar:/home/runner/.m2/repository/io/fabric8/kubernetes-model-common/7.1.0/kubernetes-model-common-7.1.0.jar:/home/runner/.m2/repository/javax/annotation/javax.annotation-api/1.3.2/javax.annotation-api-1.3.2.jar:/home/runner/.m2/repository/io/fabric8/kubernetes-model-gatewayapi/7.1.0/kubernetes-model-gatewayapi-7.1.0.jar:/home/runner/.m2/repository/io/fabric8/kubernetes-model-resource/7.1.0/kubernetes-model-resource-7.1.0.jar:/home/runner/.m2/repository/io/fabric8/kubernetes-model-rbac/7.1.0/kubernetes-model-rbac-7.1.0.jar:/home/runner/.m2/repository/io/fabric8/kubernetes-model-admissionregistration/7.1.0/kubernetes-model-admissionregistration-7.1.0.jar:/home/runner/.m2/repository/io/fabric8/kubernetes-model-apps/7.1.0/kubernetes-model-apps-7.1.0.jar:/home/runner/.m2/repository/io/fabric8/kubernetes-model-autoscaling/7.1.0/kubernetes-model-autoscaling-7.1.0.jar:/home/runner/.m2/repository/io/fabric8/kubernetes-model-apiextensions/7.1.0/kubernetes-model-apiextensions-7.1.0.jar:/home/runner/.m2/repository/io/fabric8/kubernetes-model-batch/7.1.0/kubernetes-model-batch-7.1.0.jar:/home/runner/.m2/repository/io/fabric8/kubernetes-model-certificates/7.1.0/kubernetes-model-certificates-7.1.0.jar:/home/runner/.m2/repository/io/fabric8/kubernetes-model-coordination/7.1.0/kubernetes-model-coordination-7.1.0.jar:/home/runner/.m2/repository/io/fabric8/kubernetes-model-discovery/7.1.0/kubernetes-model-discovery-7.1.0.jar:/home/runner/.m2/repository/io/fabric8/kubernetes-model-events/7.1.0/kubernetes-model-events-7.1.0.jar:/home/runner/.m2/repository/io/fabric8/kubernetes-model-extensions/7.1.0/kubernetes-model-extensions-7.1.0.jar:/home/runner/.m2/repository/io/fabric8/kubernetes-model-flowcontrol/7.1.0/kubernetes-model-flowcontrol-7.1.0.jar:/home/runner/.m2/repository/io/fabric8/kubernetes-model-networking/7.1.0/kubernetes-model-networking-7.1.0.jar:/home/runner/.m2/repository/io/fabric8/kubernetes-model-metrics/7.1.0/kubernetes-model-metrics-7.1.0.jar:/home/runner/.m2/repository/io/fabric8/kubernetes-model-policy/7.1.0/kubernetes-model-policy-7.1.0.jar:/home/runner/.m2/repository/io/fabric8/kubernetes-model-scheduling/7.1.0/kubernetes-model-scheduling-7.1.0.jar:/home/runner/.m2/repository/io/fabric8/kubernetes-model-storageclass/7.1.0/kubernetes-model-storageclass-7.1.0.jar:/home/runner/.m2/repository/io/fabric8/kubernetes-model-node/7.1.0/kubernetes-model-node-7.1.0.jar:/home/runner/.m2/repository/org/snakeyaml/snakeyaml-engine/2.9/snakeyaml-engine-2.9.jar:/home/runner/.m2/repository/com/fasterxml/jackson/dataformat/jackson-dataformat-yaml/2.15.2/jackson-dataformat-yaml-2.15.2.jar:/home/runner/.m2/repository/com/fasterxml/jackson/datatype/jackson-datatype-jsr310/2.18.2/jackson-datatype-jsr310-2.18.2.jar:/home/runner/.m2/repository/io/fabric8/zjsonpatch/7.1.0/zjsonpatch-7.1.0.jar:/home/runner/.m2/repository/io/fabric8/kubernetes-httpclient-vertx/7.1.0/kubernetes-httpclient-vertx-7.1.0.jar:/home/runner/.m2/repository/io/vertx/vertx-web-client/4.5.14/vertx-web-client-4.5.14.jar:/home/runner/.m2/repository/io/vertx/vertx-web-common/4.5.14/vertx-web-common-4.5.14.jar:/home/runner/.m2/repository/io/vertx/vertx-auth-common/4.5.14/vertx-auth-common-4.5.14.jar:/home/runner/.m2/repository/io/vertx/vertx-uri-template/4.5.14/vertx-uri-template-4.5.14.jar:/home/runner/.m2/repository/io/fabric8/openshift-client/7.1.0/openshift-client-7.1.0.jar:/home/runner/.m2/repository/io/fabric8/openshift-client-api/7.1.0/openshift-client-api-7.1.0.jar:/home/runner/.m2/repository/io/fabric8/openshift-model/7.1.0/openshift-model-7.1.0.jar:/home/runner/.m2/repository/io/fabric8/openshift-model-autoscaling/7.1.0/openshift-model-autoscaling-7.1.0.jar:/home/runner/.m2/repository/io/fabric8/openshift-model-operator/7.1.0/openshift-model-operator-7.1.0.jar:/home/runner/.m2/repository/io/fabric8/openshift-model-operatorhub/7.1.0/openshift-model-operatorhub-7.1.0.jar:/home/runner/.m2/repository/io/fabric8/openshift-model-machine/7.1.0/openshift-model-machine-7.1.0.jar:/home/runner/.m2/repository/io/fabric8/openshift-model-whereabouts/7.1.0/openshift-model-whereabouts-7.1.0.jar:/home/runner/.m2/repository/io/fabric8/openshift-model-monitoring/7.1.0/openshift-model-monitoring-7.1.0.jar:/home/runner/.m2/repository/io/fabric8/openshift-model-storageversionmigrator/7.1.0/openshift-model-storageversionmigrator-7.1.0.jar:/home/runner/.m2/repository/io/fabric8/openshift-model-tuned/7.1.0/openshift-model-tuned-7.1.0.jar:/home/runner/.m2/repository/io/fabric8/openshift-model-console/7.1.0/openshift-model-console-7.1.0.jar:/home/runner/.m2/repository/io/fabric8/openshift-model-config/7.1.0/openshift-model-config-7.1.0.jar:/home/runner/.m2/repository/io/fabric8/openshift-model-machineconfiguration/7.1.0/openshift-model-machineconfiguration-7.1.0.jar:/home/runner/.m2/repository/io/fabric8/openshift-model-miscellaneous/7.1.0/openshift-model-miscellaneous-7.1.0.jar:/home/runner/.m2/repository/io/fabric8/openshift-model-hive/7.1.0/openshift-model-hive-7.1.0.jar:/home/runner/.m2/repository/io/fabric8/openshift-model-installer/7.1.0/openshift-model-installer-7.1.0.jar:/home/runner/.m2/repository/org/junit/platform/junit-platform-launcher/1.12.1/junit-platform-launcher-1.12.1.jar:/home/runner/.m2/repository/org/junit/platform/junit-platform-engine/1.12.1/junit-platform-engine-1.12.1.jar:/home/runner/.m2/repository/org/opentest4j/opentest4j/1.3.0/opentest4j-1.3.0.jar:/home/runner/.m2/repository/org/junit/platform/junit-platform-commons/1.12.1/junit-platform-commons-1.12.1.jar:/home/runner/.m2/repository/org/apiguardian/apiguardian-api/1.1.2/apiguardian-api-1.1.2.jar:/home/runner/.m2/repository/jakarta/ws/rs/jakarta.ws.rs-api/3.1.0/jakarta.ws.rs-api-3.1.0.jar:/home/runner/work/apicurio-testing/apicurio-testing/clusters/ci419/namespaces/mysql/tests/integration/apicurio-registry/java-sdk/target/apicurio-registry-java-sdk-3.0.11-SNAPSHOT.jar:/home/runner/.m2/repository/com/microsoft/kiota/microsoft-kiota-abstractions/1.8.8/microsoft-kiota-abstractions-1.8.8.jar:/home/runner/.m2/repository/io/github/std-uritemplate/std-uritemplate/2.0.0/std-uritemplate-2.0.0.jar:/home/runner/.m2/repository/io/kiota/kiota-http-jdk/0.0.21/kiota-http-jdk-0.0.21.jar:/home/runner/.m2/repository/io/kiota/kiota-http-vertx/0.0.21/kiota-http-vertx-0.0.21.jar:/home/runner/.m2/repository/io/kiota/kiota-serialization-jackson/0.0.21/kiota-serialization-jackson-0.0.21.jar:/home/runner/.m2/repository/com/microsoft/kiota/microsoft-kiota-serialization-text/1.8.8/microsoft-kiota-serialization-text-1.8.8.jar:/home/runner/.m2/repository/com/microsoft/kiota/microsoft-kiota-serialization-form/1.8.8/microsoft-kiota-serialization-form-1.8.8.jar:/home/runner/.m2/repository/com/microsoft/kiota/microsoft-kiota-serialization-multipart/1.8.8/microsoft-kiota-serialization-multipart-1.8.8.jar:/home/runner/.m2/repository/jakarta/annotation/jakarta.annotation-api/3.0.0/jakarta.annotation-api-3.0.0.jar:/home/runner/.m2/repository/io/vertx/vertx-auth-oauth2/4.5.14/vertx-auth-oauth2-4.5.14.jar:/home/runner/work/apicurio-testing/apicurio-testing/clusters/ci419/namespaces/mysql/tests/integration/apicurio-registry/java-sdk-v2/target/apicurio-registry-v2-java-sdk-3.0.11-SNAPSHOT.jar:/home/runner/work/apicurio-testing/apicurio-testing/clusters/ci419/namespaces/mysql/tests/integration/apicurio-registry/utils/kafka/target/apicurio-registry-utils-kafka-3.0.11-SNAPSHOT-tests.jar:/home/runner/.m2/repository/org/eclipse/microprofile/config/microprofile-config-api/3.1/microprofile-config-api-3.1.jar:/home/runner/.m2/repository/org/apache/kafka/kafka-clients/3.9.1/kafka-clients-3.9.1.jar:/home/runner/.m2/repository/com/github/luben/zstd-jni/1.5.6-4/zstd-jni-1.5.6-4.jar:/home/runner/.m2/repository/org/lz4/lz4-java/1.8.0/lz4-java-1.8.0.jar:/home/runner/.m2/repository/org/xerial/snappy/snappy-java/1.1.10.5/snappy-java-1.1.10.5.jar:/home/runner/.m2/repository/org/slf4j/slf4j-api/2.0.6/slf4j-api-2.0.6.jar:/home/runner/work/apicurio-testing/apicurio-testing/clusters/ci419/namespaces/mysql/tests/integration/apicurio-registry/utils/tests/target/apicurio-registry-utils-tests-3.0.11-SNAPSHOT.jar:/home/runner/work/apicurio-testing/apicurio-testing/clusters/ci419/namespaces/mysql/tests/integration/apicurio-registry/common/target/apicurio-registry-common-3.0.11-SNAPSHOT.jar:/home/runner/.m2/repository/jakarta/validation/jakarta.validation-api/3.0.2/jakarta.validation-api-3.0.2.jar:/home/runner/.m2/repository/com/github/dasniko/testcontainers-keycloak/3.6.0/testcontainers-keycloak-3.6.0.jar:/home/runner/.m2/repository/org/testcontainers/testcontainers/1.20.6/testcontainers-1.20.6.jar:/home/runner/.m2/repository/org/rnorth/duct-tape/duct-tape/1.0.8/duct-tape-1.0.8.jar:/home/runner/.m2/repository/org/jetbrains/annotations/26.0.2/annotations-26.0.2.jar:/home/runner/.m2/repository/com/github/docker-java/docker-java-transport-zerodep/3.4.1/docker-java-transport-zerodep-3.4.1.jar:/home/runner/.m2/repository/com/github/docker-java/docker-java-transport/3.4.1/docker-java-transport-3.4.1.jar:/home/runner/.m2/repository/net/java/dev/jna/jna/5.8.0/jna-5.8.0.jar:/home/runner/.m2/repository/io/quarkus/quarkus-junit4-mock/3.20.1/quarkus-junit4-mock-3.20.1.jar:/home/runner/.m2/repository/org/jboss/shrinkwrap/shrinkwrap-api/2.0.0-beta-2/shrinkwrap-api-2.0.0-beta-2.jar:/home/runner/.m2/repository/org/jboss/shrinkwrap/shrinkwrap-impl-base/2.0.0-beta-2/shrinkwrap-impl-base-2.0.0-beta-2.jar:/home/runner/.m2/repository/org/jboss/shrinkwrap/shrinkwrap-spi/2.0.0-beta-2/shrinkwrap-spi-2.0.0-beta-2.jar:/home/runner/.m2/repository/org/keycloak/keycloak-admin-client/26.0.4/keycloak-admin-client-26.0.4.jar:/home/runner/.m2/repository/org/keycloak/keycloak-client-common-synced/26.0.4/keycloak-client-common-synced-26.0.4.jar:/home/runner/.m2/repository/jakarta/activation/jakarta.activation-api/2.1.3/jakarta.activation-api-2.1.3.jar:/home/runner/.m2/repository/org/eclipse/microprofile/openapi/microprofile-openapi-api/4.0.2/microprofile-openapi-api-4.0.2.jar:/home/runner/.m2/repository/org/jboss/resteasy/resteasy-client/6.2.12.Final/resteasy-client-6.2.12.Final.jar:/home/runner/.m2/repository/org/jboss/resteasy/resteasy-client-api/6.2.12.Final/resteasy-client-api-6.2.12.Final.jar:/home/runner/.m2/repository/org/jboss/resteasy/resteasy-core-spi/6.2.12.Final/resteasy-core-spi-6.2.12.Final.jar:/home/runner/.m2/repository/org/jboss/resteasy/resteasy-core/6.2.12.Final/resteasy-core-6.2.12.Final.jar:/home/runner/.m2/repository/org/eclipse/angus/angus-activation/2.0.2/angus-activation-2.0.2.jar:/home/runner/.m2/repository/com/ibm/async/asyncutil/0.1.0/asyncutil-0.1.0.jar:/home/runner/.m2/repository/org/reactivestreams/reactive-streams/1.0.4/reactive-streams-1.0.4.jar:/home/runner/.m2/repository/org/jboss/resteasy/resteasy-multipart-provider/6.2.12.Final/resteasy-multipart-provider-6.2.12.Final.jar:/home/runner/.m2/repository/jakarta/mail/jakarta.mail-api/2.1.3/jakarta.mail-api-2.1.3.jar:/home/runner/.m2/repository/org/eclipse/angus/angus-mail/2.0.3/angus-mail-2.0.3.jar:/home/runner/.m2/repository/org/apache/james/apache-mime4j-dom/0.8.12/apache-mime4j-dom-0.8.12.jar:/home/runner/.m2/repository/org/apache/james/apache-mime4j-core/0.8.12/apache-mime4j-core-0.8.12.jar:/home/runner/.m2/repository/org/apache/james/apache-mime4j-storage/0.8.12/apache-mime4j-storage-0.8.12.jar:/home/runner/.m2/repository/org/jboss/resteasy/resteasy-jackson2-provider/6.2.12.Final/resteasy-jackson2-provider-6.2.12.Final.jar:/home/runner/.m2/repository/com/fasterxml/jackson/jakarta/rs/jackson-jakarta-rs-base/2.18.2/jackson-jakarta-rs-base-2.18.2.jar:/home/runner/.m2/repository/com/fasterxml/jackson/jakarta/rs/jackson-jakarta-rs-json-provider/2.18.2/jackson-jakarta-rs-json-provider-2.18.2.jar:/home/runner/.m2/repository/com/fasterxml/jackson/module/jackson-module-jakarta-xmlbind-annotations/2.18.2/jackson-module-jakarta-xmlbind-annotations-2.18.2.jar:/home/runner/.m2/repository/com/github/java-json-tools/json-patch/1.13/json-patch-1.13.jar:/home/runner/.m2/repository/com/github/java-json-tools/msg-simple/1.2/msg-simple-1.2.jar:/home/runner/.m2/repository/com/github/java-json-tools/btf/1.3/btf-1.3.jar:/home/runner/.m2/repository/com/github/java-json-tools/jackson-coreutils/2.0/jackson-coreutils-2.0.jar:/home/runner/.m2/repository/org/jboss/resteasy/resteasy-jaxb-provider/6.2.12.Final/resteasy-jaxb-provider-6.2.12.Final.jar:/home/runner/.m2/repository/org/glassfish/jaxb/codemodel/4.0.5/codemodel-4.0.5.jar:/home/runner/.m2/repository/org/glassfish/jaxb/jaxb-core/4.0.5/jaxb-core-4.0.5.jar:/home/runner/.m2/repository/org/glassfish/jaxb/jaxb-jxc/4.0.5/jaxb-jxc-4.0.5.jar:/home/runner/.m2/repository/org/glassfish/jaxb/jaxb-runtime/4.0.5/jaxb-runtime-4.0.5.jar:/home/runner/.m2/repository/org/glassfish/jaxb/txw2/4.0.5/txw2-4.0.5.jar:/home/runner/.m2/repository/org/glassfish/jaxb/jaxb-xjc/4.0.5/jaxb-xjc-4.0.5.jar:/home/runner/.m2/repository/org/glassfish/jaxb/xsom/4.0.5/xsom-4.0.5.jar:/home/runner/.m2/repository/com/sun/istack/istack-commons-runtime/4.1.2/istack-commons-runtime-4.1.2.jar:/home/runner/.m2/repository/com/sun/istack/istack-commons-tools/4.1.2/istack-commons-tools-4.1.2.jar:/home/runner/.m2/repository/com/sun/xml/bind/external/relaxng-datatype/4.0.5/relaxng-datatype-4.0.5.jar:/home/runner/.m2/repository/com/sun/xml/bind/external/rngom/4.0.5/rngom-4.0.5.jar:/home/runner/.m2/repository/org/testcontainers/mssqlserver/1.20.6/mssqlserver-1.20.6.jar:/home/runner/.m2/repository/org/testcontainers/jdbc/1.20.6/jdbc-1.20.6.jar:/home/runner/.m2/repository/org/testcontainers/database-commons/1.20.6/database-commons-1.20.6.jar:/home/runner/.m2/repository/org/testcontainers/mysql/1.20.6/mysql-1.20.6.jar:/home/runner/.m2/repository/io/strimzi/strimzi-test-container/0.107.0/strimzi-test-container-0.107.0.jar:/home/runner/.m2/repository/org/testcontainers/toxiproxy/1.20.6/toxiproxy-1.20.6.jar:/home/runner/.m2/repository/com/github/docker-java/docker-java-api/3.4.1/docker-java-api-3.4.1.jar:/home/runner/.m2/repository/eu/rekawek/toxiproxy/toxiproxy-java/2.1.7/toxiproxy-java-2.1.7.jar:/home/runner/.m2/repository/junit/junit/4.13.2/junit-4.13.2.jar:/home/runner/.m2/repository/org/hamcrest/hamcrest-core/1.3/hamcrest-core-1.3.jar:/home/runner/.m2/repository/org/testcontainers/pulsar/1.20.4/pulsar-1.20.4.jar:/home/runner/.m2/repository/io/debezium/debezium-testing-testcontainers/2.6.2.Final/debezium-testing-testcontainers-2.6.2.Final.jar:/home/runner/.m2/repository/org/testcontainers/kafka/1.20.6/kafka-1.20.6.jar:/home/runner/.m2/repository/com/squareup/okhttp3/okhttp/4.8.1/okhttp-4.8.1.jar:/home/runner/.m2/repository/com/squareup/okio/okio/3.10.2/okio-3.10.2.jar:/home/runner/.m2/repository/com/squareup/okio/okio-jvm/3.10.2/okio-jvm-3.10.2.jar:/home/runner/.m2/repository/org/jetbrains/kotlin/kotlin-stdlib/2.0.21/kotlin-stdlib-2.0.21.jar:/home/runner/.m2/repository/org/awaitility/awaitility/4.2.2/awaitility-4.2.2.jar:/home/runner/.m2/repository/org/testcontainers/mongodb/1.20.6/mongodb-1.20.6.jar:/home/runner/.m2/repository/org/testcontainers/oracle-xe/1.20.6/oracle-xe-1.20.6.jar:/home/runner/.m2/repository/org/testcontainers/postgresql/1.20.6/postgresql-1.20.6.jar:/home/runner/.m2/repository/org/wiremock/wiremock/3.0.1/wiremock-3.0.1.jar:/home/runner/.m2/repository/org/eclipse/jetty/jetty-server/11.0.15/jetty-server-11.0.15.jar:/home/runner/.m2/repository/org/eclipse/jetty/toolchain/jetty-jakarta-servlet-api/5.0.2/jetty-jakarta-servlet-api-5.0.2.jar:/home/runner/.m2/repository/org/eclipse/jetty/jetty-http/11.0.15/jetty-http-11.0.15.jar:/home/runner/.m2/repository/org/eclipse/jetty/jetty-io/11.0.15/jetty-io-11.0.15.jar:/home/runner/.m2/repository/org/eclipse/jetty/jetty-servlet/11.0.15/jetty-servlet-11.0.15.jar:/home/runner/.m2/repository/org/eclipse/jetty/jetty-security/11.0.15/jetty-security-11.0.15.jar:/home/runner/.m2/repository/org/eclipse/jetty/jetty-servlets/11.0.15/jetty-servlets-11.0.15.jar:/home/runner/.m2/repository/org/eclipse/jetty/jetty-util/11.0.15/jetty-util-11.0.15.jar:/home/runner/.m2/repository/org/eclipse/jetty/jetty-webapp/11.0.15/jetty-webapp-11.0.15.jar:/home/runner/.m2/repository/org/eclipse/jetty/jetty-xml/11.0.15/jetty-xml-11.0.15.jar:/home/runner/.m2/repository/org/eclipse/jetty/jetty-proxy/11.0.15/jetty-proxy-11.0.15.jar:/home/runner/.m2/repository/org/eclipse/jetty/jetty-client/11.0.15/jetty-client-11.0.15.jar:/home/runner/.m2/repository/org/eclipse/jetty/http2/http2-server/11.0.15/http2-server-11.0.15.jar:/home/runner/.m2/repository/org/eclipse/jetty/http2/http2-common/11.0.15/http2-common-11.0.15.jar:/home/runner/.m2/repository/org/eclipse/jetty/http2/http2-hpack/11.0.15/http2-hpack-11.0.15.jar:/home/runner/.m2/repository/org/eclipse/jetty/jetty-alpn-server/11.0.15/jetty-alpn-server-11.0.15.jar:/home/runner/.m2/repository/org/eclipse/jetty/jetty-alpn-java-server/11.0.15/jetty-alpn-java-server-11.0.15.jar:/home/runner/.m2/repository/org/eclipse/jetty/jetty-alpn-java-client/11.0.15/jetty-alpn-java-client-11.0.15.jar:/home/runner/.m2/repository/org/eclipse/jetty/jetty-alpn-client/11.0.15/jetty-alpn-client-11.0.15.jar:/home/runner/.m2/repository/org/apache/httpcomponents/client5/httpclient5/5.2.1/httpclient5-5.2.1.jar:/home/runner/.m2/repository/org/apache/httpcomponents/core5/httpcore5/5.2/httpcore5-5.2.jar:/home/runner/.m2/repository/org/apache/httpcomponents/core5/httpcore5-h2/5.2/httpcore5-h2-5.2.jar:/home/runner/.m2/repository/org/xmlunit/xmlunit-core/2.9.1/xmlunit-core-2.9.1.jar:/home/runner/.m2/repository/jakarta/xml/bind/jakarta.xml.bind-api/4.0.2/jakarta.xml.bind-api-4.0.2.jar:/home/runner/.m2/repository/org/xmlunit/xmlunit-legacy/2.9.1/xmlunit-legacy-2.9.1.jar:/home/runner/.m2/repository/org/xmlunit/xmlunit-placeholders/2.9.1/xmlunit-placeholders-2.9.1.jar:/home/runner/.m2/repository/net/javacrumbs/json-unit/json-unit-core/2.38.0/json-unit-core-2.38.0.jar:/home/runner/.m2/repository/com/jayway/jsonpath/json-path/2.8.0/json-path-2.8.0.jar:/home/runner/.m2/repository/net/minidev/json-smart/2.4.10/json-smart-2.4.10.jar:/home/runner/.m2/repository/net/minidev/accessors-smart/2.4.9/accessors-smart-2.4.9.jar:/home/runner/.m2/repository/org/ow2/asm/asm/9.7.1/asm-9.7.1.jar:/home/runner/.m2/repository/net/sf/jopt-simple/jopt-simple/5.0.4/jopt-simple-5.0.4.jar:/home/runner/.m2/repository/com/github/jknack/handlebars/4.3.1/handlebars-4.3.1.jar:/home/runner/.m2/repository/com/github/jknack/handlebars-helpers/4.3.1/handlebars-helpers-4.3.1.jar:/home/runner/.m2/repository/commons-fileupload/commons-fileupload/1.5/commons-fileupload-1.5.jar:/home/runner/.m2/repository/com/networknt/json-schema-validator/1.5.5/json-schema-validator-1.5.5.jar:/home/runner/.m2/repository/com/ethlo/time/itu/1.10.3/itu-1.10.3.jar:/home/runner/.m2/repository/io/quarkus/quarkus-smallrye-jwt-build/3.20.1/quarkus-smallrye-jwt-build-3.20.1.jar:/home/runner/.m2/repository/io/smallrye/smallrye-jwt-build/4.6.1/smallrye-jwt-build-4.6.1.jar:/home/runner/.m2/repository/org/eclipse/microprofile/jwt/microprofile-jwt-auth-api/2.1/microprofile-jwt-auth-api-2.1.jar:/home/runner/.m2/repository/org/bitbucket/b_c/jose4j/0.9.6/jose4j-0.9.6.jar:/home/runner/.m2/repository/io/smallrye/smallrye-jwt-common/4.6.1/smallrye-jwt-common-4.6.1.jar:/home/runner/.m2/repository/io/quarkus/quarkus-jsonp/3.20.1/quarkus-jsonp-3.20.1.jar:/home/runner/.m2/repository/io/quarkus/quarkus-arc/3.20.1/quarkus-arc-3.20.1.jar:/home/runner/.m2/repository/io/quarkus/arc/arc/3.20.1/arc-3.20.1.jar:/home/runner/.m2/repository/jakarta/transaction/jakarta.transaction-api/2.0.1/jakarta.transaction-api-2.0.1.jar:/home/runner/.m2/repository/io/smallrye/reactive/mutiny/2.8.0/mutiny-2.8.0.jar:/home/runner/.m2/repository/org/jctools/jctools-core/4.0.5/jctools-core-4.0.5.jar:/home/runner/.m2/repository/org/eclipse/microprofile/context-propagation/microprofile-context-propagation-api/1.3/microprofile-context-propagation-api-1.3.jar:/home/runner/.m2/repository/io/apicurio/apicurio-common-rest-client-common/0.1.18.Final/apicurio-common-rest-client-common-0.1.18.Final.jar:/home/runner/work/apicurio-testing/apicurio-testing/clusters/ci419/namespaces/mysql/tests/integration/apicurio-registry/utils/maven-plugin/target/apicurio-registry-maven-plugin-3.0.11-SNAPSHOT.jar:/home/runner/.m2/repository/com/fasterxml/jackson/core/jackson-databind/2.18.2/jackson-databind-2.18.2.jar:/home/runner/.m2/repository/org/apache/avro/avro/1.12.0/avro-1.12.0.jar:/home/runner/.m2/repository/com/google/protobuf/protobuf-java/4.31.1/protobuf-java-4.31.1.jar:/home/runner/.m2/repository/com/google/protobuf/protobuf-java-util/4.31.1/protobuf-java-util-4.31.1.jar:/home/runner/.m2/repository/com/google/code/findbugs/jsr305/3.0.2/jsr305-3.0.2.jar:/home/runner/.m2/repository/com/google/code/gson/gson/2.12.1/gson-2.12.1.jar:/home/runner/.m2/repository/com/google/errorprone/error_prone_annotations/2.36.0/error_prone_annotations-2.36.0.jar:/home/runner/.m2/repository/com/google/j2objc/j2objc-annotations/2.8/j2objc-annotations-2.8.jar:/home/runner/work/apicurio-testing/apicurio-testing/clusters/ci419/namespaces/mysql/tests/integration/apicurio-registry/schema-util/util-provider/target/apicurio-registry-schema-util-provider-3.0.11-SNAPSHOT.jar:/home/runner/work/apicurio-testing/apicurio-testing/clusters/ci419/namespaces/mysql/tests/integration/apicurio-registry/schema-util/common/target/apicurio-registry-schema-util-common-3.0.11-SNAPSHOT.jar:/home/runner/.m2/repository/com/fasterxml/jackson/module/jackson-module-parameter-names/2.18.2/jackson-module-parameter-names-2.18.2.jar:/home/runner/.m2/repository/com/fasterxml/jackson/datatype/jackson-datatype-json-org/2.18.2/jackson-datatype-json-org-2.18.2.jar:/home/runner/work/apicurio-testing/apicurio-testing/clusters/ci419/namespaces/mysql/tests/integration/apicurio-registry/schema-util/json/target/apicurio-registry-schema-util-json-3.0.11-SNAPSHOT.jar:/home/runner/.m2/repository/com/github/erosb/everit-json-schema/1.14.5/everit-json-schema-1.14.5.jar:/home/runner/.m2/repository/commons-validator/commons-validator/1.9.0/commons-validator-1.9.0.jar:/home/runner/.m2/repository/commons-digester/commons-digester/2.1/commons-digester-2.1.jar:/home/runner/.m2/repository/commons-collections/commons-collections/3.2.2/commons-collections-3.2.2.jar:/home/runner/.m2/repository/com/damnhandy/handy-uri-templates/2.1.8/handy-uri-templates-2.1.8.jar:/home/runner/.m2/repository/joda-time/joda-time/2.10.2/joda-time-2.10.2.jar:/home/runner/.m2/repository/com/github/erosb/json-sKema/0.20.0/json-sKema-0.20.0.jar:/home/runner/.m2/repository/io/vertx/vertx-json-schema/4.5.14/vertx-json-schema-4.5.14.jar:/home/runner/work/apicurio-testing/apicurio-testing/clusters/ci419/namespaces/mysql/tests/integration/apicurio-registry/schema-util/protobuf/target/apicurio-registry-schema-util-protobuf-3.0.11-SNAPSHOT.jar:/home/runner/work/apicurio-testing/apicurio-testing/clusters/ci419/namespaces/mysql/tests/integration/apicurio-registry/utils/protobuf-schema-utilities/target/apicurio-registry-protobuf-schema-utilities-3.0.11-SNAPSHOT.jar:/home/runner/.m2/repository/com/google/api/grpc/proto-google-common-protos/2.52.0/proto-google-common-protos-2.52.0.jar:/home/runner/.m2/repository/com/squareup/wire/wire-schema-jvm/5.3.3/wire-schema-jvm-5.3.3.jar:/home/runner/.m2/repository/com/palantir/javapoet/javapoet/0.6.0/javapoet-0.6.0.jar:/home/runner/.m2/repository/com/squareup/kotlinpoet-jvm/2.0.0/kotlinpoet-jvm-2.0.0.jar:/home/runner/.m2/repository/org/jetbrains/kotlin/kotlin-reflect/2.0.21/kotlin-reflect-2.0.21.jar:/home/runner/.m2/repository/com/squareup/wire/wire-runtime-jvm/5.3.3/wire-runtime-jvm-5.3.3.jar:/home/runner/.m2/repository/com/ibm/icu/icu4j/76.1/icu4j-76.1.jar:/home/runner/.m2/repository/com/squareup/okio/okio-fakefilesystem/3.10.2/okio-fakefilesystem-3.10.2.jar:/home/runner/.m2/repository/com/squareup/okio/okio-fakefilesystem-jvm/3.10.2/okio-fakefilesystem-jvm-3.10.2.jar:/home/runner/.m2/repository/org/jetbrains/kotlinx/kotlinx-datetime-jvm/0.6.1/kotlinx-datetime-jvm-0.6.1.jar:/home/runner/work/apicurio-testing/apicurio-testing/clusters/ci419/namespaces/mysql/tests/integration/apicurio-registry/schema-util/asyncapi/target/apicurio-registry-schema-util-asyncapi-3.0.11-SNAPSHOT.jar:/home/runner/work/apicurio-testing/apicurio-testing/clusters/ci419/namespaces/mysql/tests/integration/apicurio-registry/schema-util/avro/target/apicurio-registry-schema-util-avro-3.0.11-SNAPSHOT.jar:/home/runner/work/apicurio-testing/apicurio-testing/clusters/ci419/namespaces/mysql/tests/integration/apicurio-registry/schema-util/graphql/target/apicurio-registry-schema-util-graphql-3.0.11-SNAPSHOT.jar:/home/runner/.m2/repository/com/graphql-java/graphql-java/22.3/graphql-java-22.3.jar:/home/runner/.m2/repository/com/graphql-java/java-dataloader/3.3.0/java-dataloader-3.3.0.jar:/home/runner/work/apicurio-testing/apicurio-testing/clusters/ci419/namespaces/mysql/tests/integration/apicurio-registry/schema-util/kconnect/target/apicurio-registry-schema-util-kconnect-3.0.11-SNAPSHOT.jar:/home/runner/work/apicurio-testing/apicurio-testing/clusters/ci419/namespaces/mysql/tests/integration/apicurio-registry/schema-util/openapi/target/apicurio-registry-schema-util-openapi-3.0.11-SNAPSHOT.jar:/home/runner/.m2/repository/io/apicurio/apicurio-data-models/2.2.1/apicurio-data-models-2.2.1.jar:/home/runner/.m2/repository/org/openapitools/openapidiff/openapi-diff-core/2.1.2/openapi-diff-core-2.1.2.jar:/home/runner/.m2/repository/io/swagger/parser/v3/swagger-parser/2.1.28/swagger-parser-2.1.28.jar:/home/runner/.m2/repository/io/swagger/parser/v3/swagger-parser-v2-converter/2.1.28/swagger-parser-v2-converter-2.1.28.jar:/home/runner/.m2/repository/io/swagger/swagger-core/1.6.16/swagger-core-1.6.16.jar:/home/runner/.m2/repository/io/swagger/swagger-models/1.6.16/swagger-models-1.6.16.jar:/home/runner/.m2/repository/io/swagger/swagger-annotations/1.6.16/swagger-annotations-1.6.16.jar:/home/runner/.m2/repository/io/swagger/swagger-parser/1.0.75/swagger-parser-1.0.75.jar:/home/runner/.m2/repository/io/swagger/swagger-parser-safe-url-resolver/1.0.75/swagger-parser-safe-url-resolver-1.0.75.jar:/home/runner/.m2/repository/io/swagger/swagger-compat-spec-parser/1.0.75/swagger-compat-spec-parser-1.0.75.jar:/home/runner/.m2/repository/com/github/java-json-tools/json-schema-validator/2.2.14/json-schema-validator-2.2.14.jar:/home/runner/.m2/repository/com/github/java-json-tools/jackson-coreutils-equivalence/1.0/jackson-coreutils-equivalence-1.0.jar:/home/runner/.m2/repository/com/github/java-json-tools/json-schema-core/1.2.14/json-schema-core-1.2.14.jar:/home/runner/.m2/repository/com/github/java-json-tools/uri-template/0.10/uri-template-0.10.jar:/home/runner/.m2/repository/com/googlecode/libphonenumber/libphonenumber/8.11.1/libphonenumber-8.11.1.jar:/home/runner/.m2/repository/com/j2html/j2html/1.6.0/j2html-1.6.0.jar:/home/runner/.m2/repository/org/apache/commons/commons-collections4/4.5.0/commons-collections4-4.5.0.jar:/home/runner/.m2/repository/org/apache/commons/commons-configuration2/2.12.0/commons-configuration2-2.12.0.jar:/home/runner/.m2/repository/org/apache/commons/commons-text/1.13.0/commons-text-1.13.0.jar:/home/runner/.m2/repository/org/slf4j/jcl-over-slf4j/2.0.17/jcl-over-slf4j-2.0.17.jar:/home/runner/.m2/repository/io/swagger/parser/v3/swagger-parser-v3/2.1.30/swagger-parser-v3-2.1.30.jar:/home/runner/.m2/repository/io/swagger/core/v3/swagger-models/2.2.34/swagger-models-2.2.34.jar:/home/runner/.m2/repository/io/swagger/core/v3/swagger-core/2.2.34/swagger-core-2.2.34.jar:/home/runner/.m2/repository/io/swagger/parser/v3/swagger-parser-core/2.1.30/swagger-parser-core-2.1.30.jar:/home/runner/.m2/repository/io/swagger/parser/v3/swagger-parser-safe-url-resolver/2.1.30/swagger-parser-safe-url-resolver-2.1.30.jar:/home/runner/work/apicurio-testing/apicurio-testing/clusters/ci419/namespaces/mysql/tests/integration/apicurio-registry/schema-util/wsdl/target/apicurio-registry-schema-util-wsdl-3.0.11-SNAPSHOT.jar:/home/runner/.m2/repository/wsdl4j/wsdl4j/1.6.3/wsdl4j-1.6.3.jar:/home/runner/work/apicurio-testing/apicurio-testing/clusters/ci419/namespaces/mysql/tests/integration/apicurio-registry/schema-util/xml/target/apicurio-registry-schema-util-xml-3.0.11-SNAPSHOT.jar:/home/runner/.m2/repository/org/apache/santuario/xmlsec/4.0.3/xmlsec-4.0.3.jar:/home/runner/.m2/repository/com/fasterxml/woodstox/woodstox-core/7.1.0/woodstox-core-7.1.0.jar:/home/runner/.m2/repository/org/codehaus/woodstox/stax2-api/4.2.2/stax2-api-4.2.2.jar:/home/runner/work/apicurio-testing/apicurio-testing/clusters/ci419/namespaces/mysql/tests/integration/apicurio-registry/schema-util/xsd/target/apicurio-registry-schema-util-xsd-3.0.11-SNAPSHOT.jar:/home/runner/work/apicurio-testing/apicurio-testing/clusters/ci419/namespaces/mysql/tests/integration/apicurio-registry/serdes/kafka/jsonschema-serde/target/apicurio-registry-jsonschema-serde-kafka-3.0.11-SNAPSHOT.jar:/home/runner/work/apicurio-testing/apicurio-testing/clusters/ci419/namespaces/mysql/tests/integration/apicurio-registry/serdes/kafka/serde-kafka-common/target/apicurio-registry-serde-kafka-common-3.0.11-SNAPSHOT.jar:/home/runner/work/apicurio-testing/apicurio-testing/clusters/ci419/namespaces/mysql/tests/integration/apicurio-registry/serdes/generic/serde-common/target/apicurio-registry-serde-common-3.0.11-SNAPSHOT.jar:/home/runner/work/apicurio-testing/apicurio-testing/clusters/ci419/namespaces/mysql/tests/integration/apicurio-registry/serdes/generic/serde-common-jsonschema/target/apicurio-registry-serde-common-jsonschema-3.0.11-SNAPSHOT.jar:/home/runner/.m2/repository/org/json/json/20250107/json-20250107.jar:/home/runner/work/apicurio-testing/apicurio-testing/clusters/ci419/namespaces/mysql/tests/integration/apicurio-registry/serdes/kafka/avro-serde/target/apicurio-registry-avro-serde-kafka-3.0.11-SNAPSHOT.jar:/home/runner/work/apicurio-testing/apicurio-testing/clusters/ci419/namespaces/mysql/tests/integration/apicurio-registry/serdes/generic/serde-common-avro/target/apicurio-registry-serde-common-avro-3.0.11-SNAPSHOT.jar:/home/runner/work/apicurio-testing/apicurio-testing/clusters/ci419/namespaces/mysql/tests/integration/apicurio-registry/serdes/kafka/protobuf-serde/target/apicurio-registry-protobuf-serde-kafka-3.0.11-SNAPSHOT.jar:/home/runner/work/apicurio-testing/apicurio-testing/clusters/ci419/namespaces/mysql/tests/integration/apicurio-registry/serdes/generic/serde-common-protobuf/target/apicurio-registry-serde-common-protobuf-3.0.11-SNAPSHOT.jar:/home/runner/.m2/repository/com/squareup/wire/wire-schema/5.3.3/wire-schema-5.3.3.jar:/home/runner/.m2/repository/com/squareup/wire/wire-runtime/5.3.3/wire-runtime-5.3.3.jar:/home/runner/work/apicurio-testing/apicurio-testing/clusters/ci419/namespaces/mysql/tests/integration/apicurio-registry/serdes/pulsar/avro-serde/target/apicurio-registry-avro-serde-pulsar-3.0.11-SNAPSHOT.jar:/home/runner/.m2/repository/org/apache/pulsar/pulsar-functions-api/3.3.4/pulsar-functions-api-3.3.4.jar:/home/runner/work/apicurio-testing/apicurio-testing/clusters/ci419/namespaces/mysql/tests/integration/apicurio-registry/serdes/nats/avro-serde/target/apicurio-registry-avro-serde-nats-3.0.11-SNAPSHOT.jar:/home/runner/.m2/repository/io/nats/jnats/2.20.5/jnats-2.20.5.jar:/home/runner/.m2/repository/net/i2p/crypto/eddsa/0.3.0/eddsa-0.3.0.jar:/home/runner/work/apicurio-testing/apicurio-testing/clusters/ci419/namespaces/mysql/tests/integration/apicurio-registry/utils/converter/target/apicurio-registry-utils-converter-3.0.11-SNAPSHOT.jar:/home/runner/work/apicurio-testing/apicurio-testing/clusters/ci419/namespaces/mysql/tests/integration/apicurio-registry/schema-resolver/target/apicurio-registry-schema-resolver-3.0.11-SNAPSHOT.jar:/home/runner/.m2/repository/org/apache/kafka/connect-api/3.9.1/connect-api-3.9.1.jar:/home/runner/.m2/repository/javax/ws/rs/javax.ws.rs-api/2.1.1/javax.ws.rs-api-2.1.1.jar:/home/runner/.m2/repository/org/apache/kafka/connect-json/3.9.1/connect-json-3.9.1.jar:/home/runner/.m2/repository/com/fasterxml/jackson/datatype/jackson-datatype-jdk8/2.18.2/jackson-datatype-jdk8-2.18.2.jar:/home/runner/.m2/repository/com/fasterxml/jackson/module/jackson-module-afterburner/2.18.2/jackson-module-afterburner-2.18.2.jar:/home/runner/work/apicurio-testing/apicurio-testing/clusters/ci419/namespaces/mysql/tests/integration/apicurio-registry/utils/kafka/target/apicurio-registry-utils-kafka-3.0.11-SNAPSHOT.jar:/home/runner/.m2/repository/org/apache/pulsar/pulsar-client/3.3.4/pulsar-client-3.3.4.jar:/home/runner/.m2/repository/org/apache/pulsar/pulsar-client-api/3.3.4/pulsar-client-api-3.3.4.jar:/home/runner/.m2/repository/org/apache/pulsar/pulsar-client-admin-api/3.3.4/pulsar-client-admin-api-3.3.4.jar:/home/runner/.m2/repository/org/apache/pulsar/bouncy-castle-bc/3.3.4/bouncy-castle-bc-3.3.4-pkg.jar:/home/runner/.m2/repository/org/bouncycastle/bcpkix-jdk18on/1.80/bcpkix-jdk18on-1.80.jar:/home/runner/.m2/repository/org/bouncycastle/bcutil-jdk18on/1.80/bcutil-jdk18on-1.80.jar:/home/runner/.m2/repository/org/bouncycastle/bcprov-jdk18on/1.80/bcprov-jdk18on-1.80.jar:/home/runner/.m2/repository/io/opentelemetry/opentelemetry-api/1.44.1/opentelemetry-api-1.44.1.jar:/home/runner/.m2/repository/io/opentelemetry/opentelemetry-context/1.44.1/opentelemetry-context-1.44.1.jar:/home/runner/.m2/repository/io/opentelemetry/opentelemetry-api-incubator/1.44.1-alpha/opentelemetry-api-incubator-1.44.1-alpha.jar:/home/runner/.m2/repository/com/fasterxml/jackson/core/jackson-annotations/2.18.2/jackson-annotations-2.18.2.jar:/home/runner/.m2/repository/javax/validation/validation-api/1.1.0.Final/validation-api-1.1.0.Final.jar:/home/runner/.m2/repository/io/confluent/kafka-avro-serializer/8.0.0/kafka-avro-serializer-8.0.0.jar:/home/runner/.m2/repository/org/apache/commons/commons-compress/1.27.1/commons-compress-1.27.1.jar:/home/runner/.m2/repository/io/confluent/kafka-schema-serializer/8.0.0/kafka-schema-serializer-8.0.0.jar:/home/runner/.m2/repository/com/fasterxml/jackson/dataformat/jackson-dataformat-csv/2.18.2/jackson-dataformat-csv-2.18.2.jar:/home/runner/.m2/repository/io/confluent/kafka-schema-registry-client/8.0.0/kafka-schema-registry-client-8.0.0.jar:/home/runner/.m2/repository/org/yaml/snakeyaml/2.3/snakeyaml-2.3.jar:/home/runner/.m2/repository/io/swagger/core/v3/swagger-annotations/2.2.29/swagger-annotations-2.2.29.jar:/home/runner/.m2/repository/com/google/guava/guava/33.4.0-jre/guava-33.4.0-jre.jar:/home/runner/.m2/repository/com/google/guava/failureaccess/1.0.1/failureaccess-1.0.1.jar:/home/runner/.m2/repository/org/checkerframework/checker-qual/3.49.0/checker-qual-3.49.0.jar:/home/runner/.m2/repository/io/confluent/logredactor/1.0.13/logredactor-1.0.13.jar:/home/runner/.m2/repository/com/google/re2j/re2j/1.6/re2j-1.6.jar:/home/runner/.m2/repository/io/confluent/logredactor-metrics/1.0.13/logredactor-metrics-1.0.13.jar:/home/runner/.m2/repository/com/eclipsesource/minimal-json/minimal-json/0.9.5/minimal-json-0.9.5.jar:/home/runner/.m2/repository/io/confluent/common-utils/8.0.0/common-utils-8.0.0.jar:/home/runner/.m2/repository/io/confluent/kafka-connect-avro-converter/8.0.0/kafka-connect-avro-converter-8.0.0.jar:/home/runner/.m2/repository/io/confluent/kafka-connect-avro-data/8.0.0/kafka-connect-avro-data-8.0.0.jar:/home/runner/.m2/repository/io/confluent/kafka-schema-converter/8.0.0/kafka-schema-converter-8.0.0.jar:/home/runner/.m2/repository/io/rest-assured/rest-assured/5.5.1/rest-assured-5.5.1.jar:/home/runner/.m2/repository/org/apache/groovy/groovy/4.0.22/groovy-4.0.22.jar:/home/runner/.m2/repository/org/apache/groovy/groovy-xml/4.0.22/groovy-xml-4.0.22.jar:/home/runner/.m2/repository/org/apache/httpcomponents/httpclient/4.5.14/httpclient-4.5.14.jar:/home/runner/.m2/repository/org/apache/httpcomponents/httpcore/4.4.16/httpcore-4.4.16.jar:/home/runner/.m2/repository/org/apache/httpcomponents/httpmime/4.5.14/httpmime-4.5.14.jar:/home/runner/.m2/repository/org/hamcrest/hamcrest/2.2/hamcrest-2.2.jar:/home/runner/.m2/repository/org/ccil/cowan/tagsoup/tagsoup/1.2.1/tagsoup-1.2.1.jar:/home/runner/.m2/repository/io/rest-assured/json-path/5.5.1/json-path-5.5.1.jar:/home/runner/.m2/repository/org/apache/groovy/groovy-json/4.0.22/groovy-json-4.0.22.jar:/home/runner/.m2/repository/io/rest-assured/rest-assured-common/5.5.1/rest-assured-common-5.5.1.jar:/home/runner/.m2/repository/io/rest-assured/xml-path/5.5.1/xml-path-5.5.1.jar:/home/runner/.m2/repository/io/zonky/test/embedded-postgres/2.1.0/embedded-postgres-2.1.0.jar:/home/runner/.m2/repository/io/zonky/test/postgres/embedded-postgres-binaries-windows-amd64/14.15.0/embedded-postgres-binaries-windows-amd64-14.15.0.jar:/home/runner/.m2/repository/io/zonky/test/postgres/embedded-postgres-binaries-darwin-amd64/14.15.0/embedded-postgres-binaries-darwin-amd64-14.15.0.jar:/home/runner/.m2/repository/io/zonky/test/postgres/embedded-postgres-binaries-linux-amd64/14.15.0/embedded-postgres-binaries-linux-amd64-14.15.0.jar:/home/runner/.m2/repository/io/zonky/test/postgres/embedded-postgres-binaries-linux-amd64-alpine/14.15.0/embedded-postgres-binaries-linux-amd64-alpine-14.15.0.jar:/home/runner/.m2/repository/org/apache/commons/commons-lang3/3.17.0/commons-lang3-3.17.0.jar:/home/runner/.m2/repository/org/tukaani/xz/1.10/xz-1.10.jar:/home/runner/.m2/repository/commons-codec/commons-codec/1.18.0/commons-codec-1.18.0.jar:/home/runner/.m2/repository/org/postgresql/postgresql/42.7.5/postgresql-42.7.5.jar:/home/runner/.m2/repository/commons-io/commons-io/2.18.0/commons-io-2.18.0.jar:/home/runner/work/apicurio-testing/apicurio-testing/clusters/ci419/namespaces/mysql/tests/integration/apicurio-registry/utils/importexport/target/apicurio-registry-utils-import-export-3.0.11-SNAPSHOT.jar:/home/runner/.m2/repository/io/vertx/vertx-core/4.5.14/vertx-core-4.5.14.jar:/home/runner/.m2/repository/io/netty/netty-common/4.1.119.Final/netty-common-4.1.119.Final.jar:/home/runner/.m2/repository/io/netty/netty-buffer/4.1.119.Final/netty-buffer-4.1.119.Final.jar:/home/runner/.m2/repository/io/netty/netty-transport/4.1.119.Final/netty-transport-4.1.119.Final.jar:/home/runner/.m2/repository/io/netty/netty-handler/4.1.119.Final/netty-handler-4.1.119.Final.jar:/home/runner/.m2/repository/io/netty/netty-transport-native-unix-common/4.1.119.Final/netty-transport-native-unix-common-4.1.119.Final.jar:/home/runner/.m2/repository/io/netty/netty-codec/4.1.119.Final/netty-codec-4.1.119.Final.jar:/home/runner/.m2/repository/io/netty/netty-handler-proxy/4.1.119.Final/netty-handler-proxy-4.1.119.Final.jar:/home/runner/.m2/repository/io/netty/netty-codec-socks/4.1.119.Final/netty-codec-socks-4.1.119.Final.jar:/home/runner/.m2/repository/io/netty/netty-codec-http/4.1.119.Final/netty-codec-http-4.1.119.Final.jar:/home/runner/.m2/repository/io/netty/netty-codec-http2/4.1.119.Final/netty-codec-http2-4.1.119.Final.jar:/home/runner/.m2/repository/io/netty/netty-resolver/4.1.119.Final/netty-resolver-4.1.119.Final.jar:/home/runner/.m2/repository/io/netty/netty-resolver-dns/4.1.119.Final/netty-resolver-dns-4.1.119.Final.jar:/home/runner/.m2/repository/io/netty/netty-codec-dns/4.1.119.Final/netty-codec-dns-4.1.119.Final.jar:/home/runner/.m2/repository/com/fasterxml/jackson/core/jackson-core/2.18.2/jackson-core-2.18.2.jar:"/>
    <property name="java.vm.vendor" value="Eclipse Adoptium"/>
    <property name="maven.javadoc.skip" value="true"/>
    <property name="sun.arch.data.model" value="64"/>
    <property name="java.vendor.url" value="https://adoptium.net/"/>
    <property name="user.timezone" value="Etc/UTC"/>
    <property name="os.name" value="Linux"/>
    <property name="java.vm.specification.version" value="17"/>
    <property name="sun.java.launcher" value="SUN_STANDARD"/>
    <property name="quarkus.http.test-port" value="80"/>
    <property name="sun.boot.library.path" value="/usr/lib/jvm/temurin-17-jdk-amd64/lib"/>
    <property name="sun.java.command" value="/home/runner/work/apicurio-testing/apicurio-testing/clusters/ci419/namespaces/mysql/tests/integration/apicurio-registry/integration-tests/target/surefire/surefirebooter-20250731170329825_3.jar /home/runner/work/apicurio-testing/apicurio-testing/clusters/ci419/namespaces/mysql/tests/integration/apicurio-registry/integration-tests/target/surefire 2025-07-31T17-03-29_761-jvmRun1 surefire-20250731170329825_1tmp surefire_0-20250731170329825_2tmp"/>
    <property name="maven.home" value="/home/runner/.m2/wrapper/dists/apache-maven-3.9.8-bin/4fnp1ql35bgk2a0p7m31ovbgb0/apache-maven-3.9.8"/>
    <property name="jdk.debug" value="release"/>
    <property name="surefire.test.class.path" value="/home/runner/work/apicurio-testing/apicurio-testing/clusters/ci419/namespaces/mysql/tests/integration/apicurio-registry/integration-tests/target/test-classes:/home/runner/work/apicurio-testing/apicurio-testing/clusters/ci419/namespaces/mysql/tests/integration/apicurio-registry/integration-tests/target/apicurio-registry-integration-tests-3.0.11-SNAPSHOT.jar:/home/runner/.m2/repository/io/quarkus/quarkus-junit5/3.20.1/quarkus-junit5-3.20.1.jar:/home/runner/.m2/repository/io/quarkus/quarkus-bootstrap-core/3.20.1/quarkus-bootstrap-core-3.20.1.jar:/home/runner/.m2/repository/io/quarkus/quarkus-classloader-commons/3.20.1/quarkus-classloader-commons-3.20.1.jar:/home/runner/.m2/repository/io/quarkus/quarkus-bootstrap-app-model/3.20.1/quarkus-bootstrap-app-model-3.20.1.jar:/home/runner/.m2/repository/io/smallrye/common/smallrye-common-io/2.12.0/smallrye-common-io-2.12.0.jar:/home/runner/.m2/repository/org/eclipse/sisu/org.eclipse.sisu.inject/0.9.0.M3/org.eclipse.sisu.inject-0.9.0.M3.jar:/home/runner/.m2/repository/io/quarkus/quarkus-test-common/3.20.1/quarkus-test-common-3.20.1.jar:/home/runner/.m2/repository/io/quarkus/quarkus-core-deployment/3.20.1/quarkus-core-deployment-3.20.1.jar:/home/runner/.m2/repository/org/aesh/readline/2.6/readline-2.6.jar:/home/runner/.m2/repository/org/fusesource/jansi/jansi/2.4.0/jansi-2.4.0.jar:/home/runner/.m2/repository/org/aesh/aesh/2.8.2/aesh-2.8.2.jar:/home/runner/.m2/repository/io/quarkus/gizmo/gizmo/1.8.0/gizmo-1.8.0.jar:/home/runner/.m2/repository/org/ow2/asm/asm-util/9.7.1/asm-util-9.7.1.jar:/home/runner/.m2/repository/org/ow2/asm/asm-analysis/9.7.1/asm-analysis-9.7.1.jar:/home/runner/.m2/repository/org/ow2/asm/asm-commons/9.7.1/asm-commons-9.7.1.jar:/home/runner/.m2/repository/org/ow2/asm/asm-tree/9.7.1/asm-tree-9.7.1.jar:/home/runner/.m2/repository/io/quarkus/quarkus-hibernate-validator-spi/3.20.1/quarkus-hibernate-validator-spi-3.20.1.jar:/home/runner/.m2/repository/io/quarkus/quarkus-class-change-agent/3.20.1/quarkus-class-change-agent-3.20.1.jar:/home/runner/.m2/repository/io/quarkus/quarkus-devtools-utilities/3.20.1/quarkus-devtools-utilities-3.20.1.jar:/home/runner/.m2/repository/io/quarkus/quarkus-builder/3.20.1/quarkus-builder-3.20.1.jar:/home/runner/.m2/repository/org/graalvm/sdk/nativeimage/23.1.2/nativeimage-23.1.2.jar:/home/runner/.m2/repository/org/graalvm/sdk/word/23.1.2/word-23.1.2.jar:/home/runner/.m2/repository/io/quarkus/quarkus-bootstrap-maven-resolver/3.20.1/quarkus-bootstrap-maven-resolver-3.20.1.jar:/home/runner/.m2/repository/io/smallrye/beanbag/smallrye-beanbag-maven/1.5.2/smallrye-beanbag-maven-1.5.2.jar:/home/runner/.m2/repository/io/smallrye/beanbag/smallrye-beanbag-sisu/1.5.2/smallrye-beanbag-sisu-1.5.2.jar:/home/runner/.m2/repository/io/smallrye/beanbag/smallrye-beanbag/1.5.2/smallrye-beanbag-1.5.2.jar:/home/runner/.m2/repository/javax/inject/javax.inject/1/javax.inject-1.jar:/home/runner/.m2/repository/org/apache/maven/maven-artifact/3.9.9/maven-artifact-3.9.9.jar:/home/runner/.m2/repository/org/apache/maven/maven-builder-support/3.9.9/maven-builder-support-3.9.9.jar:/home/runner/.m2/repository/org/apache/maven/maven-model/3.9.9/maven-model-3.9.9.jar:/home/runner/.m2/repository/org/apache/maven/maven-model-builder/3.9.9/maven-model-builder-3.9.9.jar:/home/runner/.m2/repository/org/apache/maven/maven-repository-metadata/3.9.9/maven-repository-metadata-3.9.9.jar:/home/runner/.m2/repository/org/apache/maven/maven-settings/3.9.9/maven-settings-3.9.9.jar:/home/runner/.m2/repository/org/apache/maven/resolver/maven-resolver-api/1.9.22/maven-resolver-api-1.9.22.jar:/home/runner/.m2/repository/org/apache/maven/resolver/maven-resolver-impl/1.9.22/maven-resolver-impl-1.9.22.jar:/home/runner/.m2/repository/org/apache/maven/resolver/maven-resolver-named-locks/1.9.22/maven-resolver-named-locks-1.9.22.jar:/home/runner/.m2/repository/org/apache/maven/resolver/maven-resolver-spi/1.9.22/maven-resolver-spi-1.9.22.jar:/home/runner/.m2/repository/org/apache/maven/resolver/maven-resolver-util/1.9.22/maven-resolver-util-1.9.22.jar:/home/runner/.m2/repository/org/apache/maven/resolver/maven-resolver-transport-http/1.9.20/maven-resolver-transport-http-1.9.20.jar:/home/runner/.m2/repository/org/apache/maven/wagon/wagon-provider-api/3.5.3/wagon-provider-api-3.5.3.jar:/home/runner/.m2/repository/org/apache/maven/wagon/wagon-http-shared/3.5.3/wagon-http-shared-3.5.3.jar:/home/runner/.m2/repository/org/codehaus/plexus/plexus-interpolation/1.26/plexus-interpolation-1.26.jar:/home/runner/.m2/repository/org/codehaus/plexus/plexus-utils/3.5.1/plexus-utils-3.5.1.jar:/home/runner/.m2/repository/org/codehaus/plexus/plexus-xml/4.0.1/plexus-xml-4.0.1.jar:/home/runner/.m2/repository/org/apache/maven/maven-xml-impl/4.0.0-alpha-5/maven-xml-impl-4.0.0-alpha-5.jar:/home/runner/.m2/repository/org/apache/maven/maven-api-xml/4.0.0-alpha-5/maven-api-xml-4.0.0-alpha-5.jar:/home/runner/.m2/repository/org/apache/maven/maven-api-meta/4.0.0-alpha-5/maven-api-meta-4.0.0-alpha-5.jar:/home/runner/.m2/repository/org/codehaus/plexus/plexus-cipher/2.0/plexus-cipher-2.0.jar:/home/runner/.m2/repository/org/codehaus/plexus/plexus-sec-dispatcher/2.0/plexus-sec-dispatcher-2.0.jar:/home/runner/.m2/repository/org/apache/maven/maven-embedder/3.9.9/maven-embedder-3.9.9.jar:/home/runner/.m2/repository/org/apache/maven/maven-core/3.9.9/maven-core-3.9.9.jar:/home/runner/.m2/repository/org/codehaus/plexus/plexus-component-annotations/2.1.0/plexus-component-annotations-2.1.0.jar:/home/runner/.m2/repository/org/apache/maven/maven-plugin-api/3.9.9/maven-plugin-api-3.9.9.jar:/home/runner/.m2/repository/org/apache/maven/shared/maven-shared-utils/3.4.2/maven-shared-utils-3.4.2.jar:/home/runner/.m2/repository/com/google/inject/guice/5.1.0/guice-5.1.0.jar:/home/runner/.m2/repository/aopalliance/aopalliance/1.0/aopalliance-1.0.jar:/home/runner/.m2/repository/org/codehaus/plexus/plexus-classworlds/2.6.0/plexus-classworlds-2.6.0.jar:/home/runner/.m2/repository/commons-cli/commons-cli/1.8.0/commons-cli-1.8.0.jar:/home/runner/.m2/repository/org/eclipse/sisu/org.eclipse.sisu.plexus/0.9.0.M3/org.eclipse.sisu.plexus-0.9.0.M3.jar:/home/runner/.m2/repository/org/apache/maven/maven-settings-builder/3.9.9/maven-settings-builder-3.9.9.jar:/home/runner/.m2/repository/org/apache/maven/maven-resolver-provider/3.9.9/maven-resolver-provider-3.9.9.jar:/home/runner/.m2/repository/org/apache/maven/resolver/maven-resolver-connector-basic/1.9.22/maven-resolver-connector-basic-1.9.22.jar:/home/runner/.m2/repository/org/apache/maven/resolver/maven-resolver-transport-wagon/1.9.22/maven-resolver-transport-wagon-1.9.22.jar:/home/runner/.m2/repository/org/apache/maven/wagon/wagon-http/3.5.3/wagon-http-3.5.3.jar:/home/runner/.m2/repository/org/apache/maven/wagon/wagon-file/3.5.3/wagon-file-3.5.3.jar:/home/runner/.m2/repository/io/quarkus/quarkus-bootstrap-gradle-resolver/3.20.1/quarkus-bootstrap-gradle-resolver-3.20.1.jar:/home/runner/.m2/repository/io/smallrye/jandex/3.3.0/jandex-3.3.0.jar:/home/runner/.m2/repository/org/jboss/logging/commons-logging-jboss-logging/1.0.0.Final/commons-logging-jboss-logging-1.0.0.Final.jar:/home/runner/.m2/repository/io/quarkus/quarkus-junit5-config/3.20.1/quarkus-junit5-config-3.20.1.jar:/home/runner/.m2/repository/org/junit/jupiter/junit-jupiter-api/5.12.1/junit-jupiter-api-5.12.1.jar:/home/runner/.m2/repository/io/smallrye/config/smallrye-config/3.11.4/smallrye-config-3.11.4.jar:/home/runner/.m2/repository/io/smallrye/config/smallrye-config-core/3.11.4/smallrye-config-core-3.11.4.jar:/home/runner/.m2/repository/io/smallrye/common/smallrye-common-classloader/2.12.0/smallrye-common-classloader-2.12.0.jar:/home/runner/.m2/repository/io/smallrye/config/smallrye-config-common/3.11.4/smallrye-config-common-3.11.4.jar:/home/runner/.m2/repository/org/junit/jupiter/junit-jupiter/5.12.1/junit-jupiter-5.12.1.jar:/home/runner/.m2/repository/org/junit/jupiter/junit-jupiter-params/5.12.1/junit-jupiter-params-5.12.1.jar:/home/runner/.m2/repository/org/junit/jupiter/junit-jupiter-engine/5.12.1/junit-jupiter-engine-5.12.1.jar:/home/runner/.m2/repository/io/quarkus/quarkus-core/3.20.1/quarkus-core-3.20.1.jar:/home/runner/.m2/repository/jakarta/enterprise/jakarta.enterprise.cdi-api/4.1.0/jakarta.enterprise.cdi-api-4.1.0.jar:/home/runner/.m2/repository/jakarta/enterprise/jakarta.enterprise.lang-model/4.1.0/jakarta.enterprise.lang-model-4.1.0.jar:/home/runner/.m2/repository/jakarta/el/jakarta.el-api/5.0.1/jakarta.el-api-5.0.1.jar:/home/runner/.m2/repository/jakarta/interceptor/jakarta.interceptor-api/2.2.0/jakarta.interceptor-api-2.2.0.jar:/home/runner/.m2/repository/jakarta/inject/jakarta.inject-api/2.0.1/jakarta.inject-api-2.0.1.jar:/home/runner/.m2/repository/io/smallrye/common/smallrye-common-os/2.12.0/smallrye-common-os-2.12.0.jar:/home/runner/.m2/repository/io/quarkus/quarkus-ide-launcher/3.20.1/quarkus-ide-launcher-3.20.1.jar:/home/runner/.m2/repository/io/quarkus/quarkus-development-mode-spi/3.20.1/quarkus-development-mode-spi-3.20.1.jar:/home/runner/.m2/repository/org/jboss/logging/jboss-logging/3.6.1.Final/jboss-logging-3.6.1.Final.jar:/home/runner/.m2/repository/org/jboss/logmanager/jboss-logmanager/3.1.2.Final/jboss-logmanager-3.1.2.Final.jar:/home/runner/.m2/repository/io/smallrye/common/smallrye-common-constraint/2.12.0/smallrye-common-constraint-2.12.0.jar:/home/runner/.m2/repository/io/smallrye/common/smallrye-common-cpu/2.12.0/smallrye-common-cpu-2.12.0.jar:/home/runner/.m2/repository/io/smallrye/common/smallrye-common-expression/2.12.0/smallrye-common-expression-2.12.0.jar:/home/runner/.m2/repository/io/smallrye/common/smallrye-common-net/2.12.0/smallrye-common-net-2.12.0.jar:/home/runner/.m2/repository/io/smallrye/common/smallrye-common-ref/2.12.0/smallrye-common-ref-2.12.0.jar:/home/runner/.m2/repository/jakarta/json/jakarta.json-api/2.1.3/jakarta.json-api-2.1.3.jar:/home/runner/.m2/repository/org/eclipse/parsson/parsson/1.1.7/parsson-1.1.7.jar:/home/runner/.m2/repository/org/jboss/logging/jboss-logging-annotations/3.0.4.Final/jboss-logging-annotations-3.0.4.Final.jar:/home/runner/.m2/repository/org/jboss/threads/jboss-threads/3.8.0.Final/jboss-threads-3.8.0.Final.jar:/home/runner/.m2/repository/io/smallrye/common/smallrye-common-annotation/2.12.0/smallrye-common-annotation-2.12.0.jar:/home/runner/.m2/repository/io/smallrye/common/smallrye-common-function/2.12.0/smallrye-common-function-2.12.0.jar:/home/runner/.m2/repository/org/jboss/slf4j/slf4j-jboss-logmanager/2.0.0.Final/slf4j-jboss-logmanager-2.0.0.Final.jar:/home/runner/.m2/repository/org/wildfly/common/wildfly-common/2.0.1/wildfly-common-2.0.1.jar:/home/runner/.m2/repository/io/quarkus/quarkus-bootstrap-runner/3.20.1/quarkus-bootstrap-runner-3.20.1.jar:/home/runner/.m2/repository/io/github/crac/org-crac/0.1.3/org-crac-0.1.3.jar:/home/runner/.m2/repository/io/quarkus/quarkus-fs-util/0.0.10/quarkus-fs-util-0.0.10.jar:/home/runner/.m2/repository/org/jboss/marshalling/jboss-marshalling/2.2.2.Final/jboss-marshalling-2.2.2.Final.jar:/home/runner/.m2/repository/io/fabric8/kubernetes-client/7.1.0/kubernetes-client-7.1.0.jar:/home/runner/.m2/repository/io/fabric8/kubernetes-client-api/7.1.0/kubernetes-client-api-7.1.0.jar:/home/runner/.m2/repository/io/fabric8/kubernetes-model-core/7.1.0/kubernetes-model-core-7.1.0.jar:/home/runner/.m2/repository/io/fabric8/kubernetes-model-common/7.1.0/kubernetes-model-common-7.1.0.jar:/home/runner/.m2/repository/javax/annotation/javax.annotation-api/1.3.2/javax.annotation-api-1.3.2.jar:/home/runner/.m2/repository/io/fabric8/kubernetes-model-gatewayapi/7.1.0/kubernetes-model-gatewayapi-7.1.0.jar:/home/runner/.m2/repository/io/fabric8/kubernetes-model-resource/7.1.0/kubernetes-model-resource-7.1.0.jar:/home/runner/.m2/repository/io/fabric8/kubernetes-model-rbac/7.1.0/kubernetes-model-rbac-7.1.0.jar:/home/runner/.m2/repository/io/fabric8/kubernetes-model-admissionregistration/7.1.0/kubernetes-model-admissionregistration-7.1.0.jar:/home/runner/.m2/repository/io/fabric8/kubernetes-model-apps/7.1.0/kubernetes-model-apps-7.1.0.jar:/home/runner/.m2/repository/io/fabric8/kubernetes-model-autoscaling/7.1.0/kubernetes-model-autoscaling-7.1.0.jar:/home/runner/.m2/repository/io/fabric8/kubernetes-model-apiextensions/7.1.0/kubernetes-model-apiextensions-7.1.0.jar:/home/runner/.m2/repository/io/fabric8/kubernetes-model-batch/7.1.0/kubernetes-model-batch-7.1.0.jar:/home/runner/.m2/repository/io/fabric8/kubernetes-model-certificates/7.1.0/kubernetes-model-certificates-7.1.0.jar:/home/runner/.m2/repository/io/fabric8/kubernetes-model-coordination/7.1.0/kubernetes-model-coordination-7.1.0.jar:/home/runner/.m2/repository/io/fabric8/kubernetes-model-discovery/7.1.0/kubernetes-model-discovery-7.1.0.jar:/home/runner/.m2/repository/io/fabric8/kubernetes-model-events/7.1.0/kubernetes-model-events-7.1.0.jar:/home/runner/.m2/repository/io/fabric8/kubernetes-model-extensions/7.1.0/kubernetes-model-extensions-7.1.0.jar:/home/runner/.m2/repository/io/fabric8/kubernetes-model-flowcontrol/7.1.0/kubernetes-model-flowcontrol-7.1.0.jar:/home/runner/.m2/repository/io/fabric8/kubernetes-model-networking/7.1.0/kubernetes-model-networking-7.1.0.jar:/home/runner/.m2/repository/io/fabric8/kubernetes-model-metrics/7.1.0/kubernetes-model-metrics-7.1.0.jar:/home/runner/.m2/repository/io/fabric8/kubernetes-model-policy/7.1.0/kubernetes-model-policy-7.1.0.jar:/home/runner/.m2/repository/io/fabric8/kubernetes-model-scheduling/7.1.0/kubernetes-model-scheduling-7.1.0.jar:/home/runner/.m2/repository/io/fabric8/kubernetes-model-storageclass/7.1.0/kubernetes-model-storageclass-7.1.0.jar:/home/runner/.m2/repository/io/fabric8/kubernetes-model-node/7.1.0/kubernetes-model-node-7.1.0.jar:/home/runner/.m2/repository/org/snakeyaml/snakeyaml-engine/2.9/snakeyaml-engine-2.9.jar:/home/runner/.m2/repository/com/fasterxml/jackson/dataformat/jackson-dataformat-yaml/2.15.2/jackson-dataformat-yaml-2.15.2.jar:/home/runner/.m2/repository/com/fasterxml/jackson/datatype/jackson-datatype-jsr310/2.18.2/jackson-datatype-jsr310-2.18.2.jar:/home/runner/.m2/repository/io/fabric8/zjsonpatch/7.1.0/zjsonpatch-7.1.0.jar:/home/runner/.m2/repository/io/fabric8/kubernetes-httpclient-vertx/7.1.0/kubernetes-httpclient-vertx-7.1.0.jar:/home/runner/.m2/repository/io/vertx/vertx-web-client/4.5.14/vertx-web-client-4.5.14.jar:/home/runner/.m2/repository/io/vertx/vertx-web-common/4.5.14/vertx-web-common-4.5.14.jar:/home/runner/.m2/repository/io/vertx/vertx-auth-common/4.5.14/vertx-auth-common-4.5.14.jar:/home/runner/.m2/repository/io/vertx/vertx-uri-template/4.5.14/vertx-uri-template-4.5.14.jar:/home/runner/.m2/repository/io/fabric8/openshift-client/7.1.0/openshift-client-7.1.0.jar:/home/runner/.m2/repository/io/fabric8/openshift-client-api/7.1.0/openshift-client-api-7.1.0.jar:/home/runner/.m2/repository/io/fabric8/openshift-model/7.1.0/openshift-model-7.1.0.jar:/home/runner/.m2/repository/io/fabric8/openshift-model-autoscaling/7.1.0/openshift-model-autoscaling-7.1.0.jar:/home/runner/.m2/repository/io/fabric8/openshift-model-operator/7.1.0/openshift-model-operator-7.1.0.jar:/home/runner/.m2/repository/io/fabric8/openshift-model-operatorhub/7.1.0/openshift-model-operatorhub-7.1.0.jar:/home/runner/.m2/repository/io/fabric8/openshift-model-machine/7.1.0/openshift-model-machine-7.1.0.jar:/home/runner/.m2/repository/io/fabric8/openshift-model-whereabouts/7.1.0/openshift-model-whereabouts-7.1.0.jar:/home/runner/.m2/repository/io/fabric8/openshift-model-monitoring/7.1.0/openshift-model-monitoring-7.1.0.jar:/home/runner/.m2/repository/io/fabric8/openshift-model-storageversionmigrator/7.1.0/openshift-model-storageversionmigrator-7.1.0.jar:/home/runner/.m2/repository/io/fabric8/openshift-model-tuned/7.1.0/openshift-model-tuned-7.1.0.jar:/home/runner/.m2/repository/io/fabric8/openshift-model-console/7.1.0/openshift-model-console-7.1.0.jar:/home/runner/.m2/repository/io/fabric8/openshift-model-config/7.1.0/openshift-model-config-7.1.0.jar:/home/runner/.m2/repository/io/fabric8/openshift-model-machineconfiguration/7.1.0/openshift-model-machineconfiguration-7.1.0.jar:/home/runner/.m2/repository/io/fabric8/openshift-model-miscellaneous/7.1.0/openshift-model-miscellaneous-7.1.0.jar:/home/runner/.m2/repository/io/fabric8/openshift-model-hive/7.1.0/openshift-model-hive-7.1.0.jar:/home/runner/.m2/repository/io/fabric8/openshift-model-installer/7.1.0/openshift-model-installer-7.1.0.jar:/home/runner/.m2/repository/org/junit/platform/junit-platform-launcher/1.12.1/junit-platform-launcher-1.12.1.jar:/home/runner/.m2/repository/org/junit/platform/junit-platform-engine/1.12.1/junit-platform-engine-1.12.1.jar:/home/runner/.m2/repository/org/opentest4j/opentest4j/1.3.0/opentest4j-1.3.0.jar:/home/runner/.m2/repository/org/junit/platform/junit-platform-commons/1.12.1/junit-platform-commons-1.12.1.jar:/home/runner/.m2/repository/org/apiguardian/apiguardian-api/1.1.2/apiguardian-api-1.1.2.jar:/home/runner/.m2/repository/jakarta/ws/rs/jakarta.ws.rs-api/3.1.0/jakarta.ws.rs-api-3.1.0.jar:/home/runner/work/apicurio-testing/apicurio-testing/clusters/ci419/namespaces/mysql/tests/integration/apicurio-registry/java-sdk/target/apicurio-registry-java-sdk-3.0.11-SNAPSHOT.jar:/home/runner/.m2/repository/com/microsoft/kiota/microsoft-kiota-abstractions/1.8.8/microsoft-kiota-abstractions-1.8.8.jar:/home/runner/.m2/repository/io/github/std-uritemplate/std-uritemplate/2.0.0/std-uritemplate-2.0.0.jar:/home/runner/.m2/repository/io/kiota/kiota-http-jdk/0.0.21/kiota-http-jdk-0.0.21.jar:/home/runner/.m2/repository/io/kiota/kiota-http-vertx/0.0.21/kiota-http-vertx-0.0.21.jar:/home/runner/.m2/repository/io/kiota/kiota-serialization-jackson/0.0.21/kiota-serialization-jackson-0.0.21.jar:/home/runner/.m2/repository/com/microsoft/kiota/microsoft-kiota-serialization-text/1.8.8/microsoft-kiota-serialization-text-1.8.8.jar:/home/runner/.m2/repository/com/microsoft/kiota/microsoft-kiota-serialization-form/1.8.8/microsoft-kiota-serialization-form-1.8.8.jar:/home/runner/.m2/repository/com/microsoft/kiota/microsoft-kiota-serialization-multipart/1.8.8/microsoft-kiota-serialization-multipart-1.8.8.jar:/home/runner/.m2/repository/jakarta/annotation/jakarta.annotation-api/3.0.0/jakarta.annotation-api-3.0.0.jar:/home/runner/.m2/repository/io/vertx/vertx-auth-oauth2/4.5.14/vertx-auth-oauth2-4.5.14.jar:/home/runner/work/apicurio-testing/apicurio-testing/clusters/ci419/namespaces/mysql/tests/integration/apicurio-registry/java-sdk-v2/target/apicurio-registry-v2-java-sdk-3.0.11-SNAPSHOT.jar:/home/runner/work/apicurio-testing/apicurio-testing/clusters/ci419/namespaces/mysql/tests/integration/apicurio-registry/utils/kafka/target/apicurio-registry-utils-kafka-3.0.11-SNAPSHOT-tests.jar:/home/runner/.m2/repository/org/eclipse/microprofile/config/microprofile-config-api/3.1/microprofile-config-api-3.1.jar:/home/runner/.m2/repository/org/apache/kafka/kafka-clients/3.9.1/kafka-clients-3.9.1.jar:/home/runner/.m2/repository/com/github/luben/zstd-jni/1.5.6-4/zstd-jni-1.5.6-4.jar:/home/runner/.m2/repository/org/lz4/lz4-java/1.8.0/lz4-java-1.8.0.jar:/home/runner/.m2/repository/org/xerial/snappy/snappy-java/1.1.10.5/snappy-java-1.1.10.5.jar:/home/runner/.m2/repository/org/slf4j/slf4j-api/2.0.6/slf4j-api-2.0.6.jar:/home/runner/work/apicurio-testing/apicurio-testing/clusters/ci419/namespaces/mysql/tests/integration/apicurio-registry/utils/tests/target/apicurio-registry-utils-tests-3.0.11-SNAPSHOT.jar:/home/runner/work/apicurio-testing/apicurio-testing/clusters/ci419/namespaces/mysql/tests/integration/apicurio-registry/common/target/apicurio-registry-common-3.0.11-SNAPSHOT.jar:/home/runner/.m2/repository/jakarta/validation/jakarta.validation-api/3.0.2/jakarta.validation-api-3.0.2.jar:/home/runner/.m2/repository/com/github/dasniko/testcontainers-keycloak/3.6.0/testcontainers-keycloak-3.6.0.jar:/home/runner/.m2/repository/org/testcontainers/testcontainers/1.20.6/testcontainers-1.20.6.jar:/home/runner/.m2/repository/org/rnorth/duct-tape/duct-tape/1.0.8/duct-tape-1.0.8.jar:/home/runner/.m2/repository/org/jetbrains/annotations/26.0.2/annotations-26.0.2.jar:/home/runner/.m2/repository/com/github/docker-java/docker-java-transport-zerodep/3.4.1/docker-java-transport-zerodep-3.4.1.jar:/home/runner/.m2/repository/com/github/docker-java/docker-java-transport/3.4.1/docker-java-transport-3.4.1.jar:/home/runner/.m2/repository/net/java/dev/jna/jna/5.8.0/jna-5.8.0.jar:/home/runner/.m2/repository/io/quarkus/quarkus-junit4-mock/3.20.1/quarkus-junit4-mock-3.20.1.jar:/home/runner/.m2/repository/org/jboss/shrinkwrap/shrinkwrap-api/2.0.0-beta-2/shrinkwrap-api-2.0.0-beta-2.jar:/home/runner/.m2/repository/org/jboss/shrinkwrap/shrinkwrap-impl-base/2.0.0-beta-2/shrinkwrap-impl-base-2.0.0-beta-2.jar:/home/runner/.m2/repository/org/jboss/shrinkwrap/shrinkwrap-spi/2.0.0-beta-2/shrinkwrap-spi-2.0.0-beta-2.jar:/home/runner/.m2/repository/org/keycloak/keycloak-admin-client/26.0.4/keycloak-admin-client-26.0.4.jar:/home/runner/.m2/repository/org/keycloak/keycloak-client-common-synced/26.0.4/keycloak-client-common-synced-26.0.4.jar:/home/runner/.m2/repository/jakarta/activation/jakarta.activation-api/2.1.3/jakarta.activation-api-2.1.3.jar:/home/runner/.m2/repository/org/eclipse/microprofile/openapi/microprofile-openapi-api/4.0.2/microprofile-openapi-api-4.0.2.jar:/home/runner/.m2/repository/org/jboss/resteasy/resteasy-client/6.2.12.Final/resteasy-client-6.2.12.Final.jar:/home/runner/.m2/repository/org/jboss/resteasy/resteasy-client-api/6.2.12.Final/resteasy-client-api-6.2.12.Final.jar:/home/runner/.m2/repository/org/jboss/resteasy/resteasy-core-spi/6.2.12.Final/resteasy-core-spi-6.2.12.Final.jar:/home/runner/.m2/repository/org/jboss/resteasy/resteasy-core/6.2.12.Final/resteasy-core-6.2.12.Final.jar:/home/runner/.m2/repository/org/eclipse/angus/angus-activation/2.0.2/angus-activation-2.0.2.jar:/home/runner/.m2/repository/com/ibm/async/asyncutil/0.1.0/asyncutil-0.1.0.jar:/home/runner/.m2/repository/org/reactivestreams/reactive-streams/1.0.4/reactive-streams-1.0.4.jar:/home/runner/.m2/repository/org/jboss/resteasy/resteasy-multipart-provider/6.2.12.Final/resteasy-multipart-provider-6.2.12.Final.jar:/home/runner/.m2/repository/jakarta/mail/jakarta.mail-api/2.1.3/jakarta.mail-api-2.1.3.jar:/home/runner/.m2/repository/org/eclipse/angus/angus-mail/2.0.3/angus-mail-2.0.3.jar:/home/runner/.m2/repository/org/apache/james/apache-mime4j-dom/0.8.12/apache-mime4j-dom-0.8.12.jar:/home/runner/.m2/repository/org/apache/james/apache-mime4j-core/0.8.12/apache-mime4j-core-0.8.12.jar:/home/runner/.m2/repository/org/apache/james/apache-mime4j-storage/0.8.12/apache-mime4j-storage-0.8.12.jar:/home/runner/.m2/repository/org/jboss/resteasy/resteasy-jackson2-provider/6.2.12.Final/resteasy-jackson2-provider-6.2.12.Final.jar:/home/runner/.m2/repository/com/fasterxml/jackson/jakarta/rs/jackson-jakarta-rs-base/2.18.2/jackson-jakarta-rs-base-2.18.2.jar:/home/runner/.m2/repository/com/fasterxml/jackson/jakarta/rs/jackson-jakarta-rs-json-provider/2.18.2/jackson-jakarta-rs-json-provider-2.18.2.jar:/home/runner/.m2/repository/com/fasterxml/jackson/module/jackson-module-jakarta-xmlbind-annotations/2.18.2/jackson-module-jakarta-xmlbind-annotations-2.18.2.jar:/home/runner/.m2/repository/com/github/java-json-tools/json-patch/1.13/json-patch-1.13.jar:/home/runner/.m2/repository/com/github/java-json-tools/msg-simple/1.2/msg-simple-1.2.jar:/home/runner/.m2/repository/com/github/java-json-tools/btf/1.3/btf-1.3.jar:/home/runner/.m2/repository/com/github/java-json-tools/jackson-coreutils/2.0/jackson-coreutils-2.0.jar:/home/runner/.m2/repository/org/jboss/resteasy/resteasy-jaxb-provider/6.2.12.Final/resteasy-jaxb-provider-6.2.12.Final.jar:/home/runner/.m2/repository/org/glassfish/jaxb/codemodel/4.0.5/codemodel-4.0.5.jar:/home/runner/.m2/repository/org/glassfish/jaxb/jaxb-core/4.0.5/jaxb-core-4.0.5.jar:/home/runner/.m2/repository/org/glassfish/jaxb/jaxb-jxc/4.0.5/jaxb-jxc-4.0.5.jar:/home/runner/.m2/repository/org/glassfish/jaxb/jaxb-runtime/4.0.5/jaxb-runtime-4.0.5.jar:/home/runner/.m2/repository/org/glassfish/jaxb/txw2/4.0.5/txw2-4.0.5.jar:/home/runner/.m2/repository/org/glassfish/jaxb/jaxb-xjc/4.0.5/jaxb-xjc-4.0.5.jar:/home/runner/.m2/repository/org/glassfish/jaxb/xsom/4.0.5/xsom-4.0.5.jar:/home/runner/.m2/repository/com/sun/istack/istack-commons-runtime/4.1.2/istack-commons-runtime-4.1.2.jar:/home/runner/.m2/repository/com/sun/istack/istack-commons-tools/4.1.2/istack-commons-tools-4.1.2.jar:/home/runner/.m2/repository/com/sun/xml/bind/external/relaxng-datatype/4.0.5/relaxng-datatype-4.0.5.jar:/home/runner/.m2/repository/com/sun/xml/bind/external/rngom/4.0.5/rngom-4.0.5.jar:/home/runner/.m2/repository/org/testcontainers/mssqlserver/1.20.6/mssqlserver-1.20.6.jar:/home/runner/.m2/repository/org/testcontainers/jdbc/1.20.6/jdbc-1.20.6.jar:/home/runner/.m2/repository/org/testcontainers/database-commons/1.20.6/database-commons-1.20.6.jar:/home/runner/.m2/repository/org/testcontainers/mysql/1.20.6/mysql-1.20.6.jar:/home/runner/.m2/repository/io/strimzi/strimzi-test-container/0.107.0/strimzi-test-container-0.107.0.jar:/home/runner/.m2/repository/org/testcontainers/toxiproxy/1.20.6/toxiproxy-1.20.6.jar:/home/runner/.m2/repository/com/github/docker-java/docker-java-api/3.4.1/docker-java-api-3.4.1.jar:/home/runner/.m2/repository/eu/rekawek/toxiproxy/toxiproxy-java/2.1.7/toxiproxy-java-2.1.7.jar:/home/runner/.m2/repository/junit/junit/4.13.2/junit-4.13.2.jar:/home/runner/.m2/repository/org/hamcrest/hamcrest-core/1.3/hamcrest-core-1.3.jar:/home/runner/.m2/repository/org/testcontainers/pulsar/1.20.4/pulsar-1.20.4.jar:/home/runner/.m2/repository/io/debezium/debezium-testing-testcontainers/2.6.2.Final/debezium-testing-testcontainers-2.6.2.Final.jar:/home/runner/.m2/repository/org/testcontainers/kafka/1.20.6/kafka-1.20.6.jar:/home/runner/.m2/repository/com/squareup/okhttp3/okhttp/4.8.1/okhttp-4.8.1.jar:/home/runner/.m2/repository/com/squareup/okio/okio/3.10.2/okio-3.10.2.jar:/home/runner/.m2/repository/com/squareup/okio/okio-jvm/3.10.2/okio-jvm-3.10.2.jar:/home/runner/.m2/repository/org/jetbrains/kotlin/kotlin-stdlib/2.0.21/kotlin-stdlib-2.0.21.jar:/home/runner/.m2/repository/org/awaitility/awaitility/4.2.2/awaitility-4.2.2.jar:/home/runner/.m2/repository/org/testcontainers/mongodb/1.20.6/mongodb-1.20.6.jar:/home/runner/.m2/repository/org/testcontainers/oracle-xe/1.20.6/oracle-xe-1.20.6.jar:/home/runner/.m2/repository/org/testcontainers/postgresql/1.20.6/postgresql-1.20.6.jar:/home/runner/.m2/repository/org/wiremock/wiremock/3.0.1/wiremock-3.0.1.jar:/home/runner/.m2/repository/org/eclipse/jetty/jetty-server/11.0.15/jetty-server-11.0.15.jar:/home/runner/.m2/repository/org/eclipse/jetty/toolchain/jetty-jakarta-servlet-api/5.0.2/jetty-jakarta-servlet-api-5.0.2.jar:/home/runner/.m2/repository/org/eclipse/jetty/jetty-http/11.0.15/jetty-http-11.0.15.jar:/home/runner/.m2/repository/org/eclipse/jetty/jetty-io/11.0.15/jetty-io-11.0.15.jar:/home/runner/.m2/repository/org/eclipse/jetty/jetty-servlet/11.0.15/jetty-servlet-11.0.15.jar:/home/runner/.m2/repository/org/eclipse/jetty/jetty-security/11.0.15/jetty-security-11.0.15.jar:/home/runner/.m2/repository/org/eclipse/jetty/jetty-servlets/11.0.15/jetty-servlets-11.0.15.jar:/home/runner/.m2/repository/org/eclipse/jetty/jetty-util/11.0.15/jetty-util-11.0.15.jar:/home/runner/.m2/repository/org/eclipse/jetty/jetty-webapp/11.0.15/jetty-webapp-11.0.15.jar:/home/runner/.m2/repository/org/eclipse/jetty/jetty-xml/11.0.15/jetty-xml-11.0.15.jar:/home/runner/.m2/repository/org/eclipse/jetty/jetty-proxy/11.0.15/jetty-proxy-11.0.15.jar:/home/runner/.m2/repository/org/eclipse/jetty/jetty-client/11.0.15/jetty-client-11.0.15.jar:/home/runner/.m2/repository/org/eclipse/jetty/http2/http2-server/11.0.15/http2-server-11.0.15.jar:/home/runner/.m2/repository/org/eclipse/jetty/http2/http2-common/11.0.15/http2-common-11.0.15.jar:/home/runner/.m2/repository/org/eclipse/jetty/http2/http2-hpack/11.0.15/http2-hpack-11.0.15.jar:/home/runner/.m2/repository/org/eclipse/jetty/jetty-alpn-server/11.0.15/jetty-alpn-server-11.0.15.jar:/home/runner/.m2/repository/org/eclipse/jetty/jetty-alpn-java-server/11.0.15/jetty-alpn-java-server-11.0.15.jar:/home/runner/.m2/repository/org/eclipse/jetty/jetty-alpn-java-client/11.0.15/jetty-alpn-java-client-11.0.15.jar:/home/runner/.m2/repository/org/eclipse/jetty/jetty-alpn-client/11.0.15/jetty-alpn-client-11.0.15.jar:/home/runner/.m2/repository/org/apache/httpcomponents/client5/httpclient5/5.2.1/httpclient5-5.2.1.jar:/home/runner/.m2/repository/org/apache/httpcomponents/core5/httpcore5/5.2/httpcore5-5.2.jar:/home/runner/.m2/repository/org/apache/httpcomponents/core5/httpcore5-h2/5.2/httpcore5-h2-5.2.jar:/home/runner/.m2/repository/org/xmlunit/xmlunit-core/2.9.1/xmlunit-core-2.9.1.jar:/home/runner/.m2/repository/jakarta/xml/bind/jakarta.xml.bind-api/4.0.2/jakarta.xml.bind-api-4.0.2.jar:/home/runner/.m2/repository/org/xmlunit/xmlunit-legacy/2.9.1/xmlunit-legacy-2.9.1.jar:/home/runner/.m2/repository/org/xmlunit/xmlunit-placeholders/2.9.1/xmlunit-placeholders-2.9.1.jar:/home/runner/.m2/repository/net/javacrumbs/json-unit/json-unit-core/2.38.0/json-unit-core-2.38.0.jar:/home/runner/.m2/repository/com/jayway/jsonpath/json-path/2.8.0/json-path-2.8.0.jar:/home/runner/.m2/repository/net/minidev/json-smart/2.4.10/json-smart-2.4.10.jar:/home/runner/.m2/repository/net/minidev/accessors-smart/2.4.9/accessors-smart-2.4.9.jar:/home/runner/.m2/repository/org/ow2/asm/asm/9.7.1/asm-9.7.1.jar:/home/runner/.m2/repository/net/sf/jopt-simple/jopt-simple/5.0.4/jopt-simple-5.0.4.jar:/home/runner/.m2/repository/com/github/jknack/handlebars/4.3.1/handlebars-4.3.1.jar:/home/runner/.m2/repository/com/github/jknack/handlebars-helpers/4.3.1/handlebars-helpers-4.3.1.jar:/home/runner/.m2/repository/commons-fileupload/commons-fileupload/1.5/commons-fileupload-1.5.jar:/home/runner/.m2/repository/com/networknt/json-schema-validator/1.5.5/json-schema-validator-1.5.5.jar:/home/runner/.m2/repository/com/ethlo/time/itu/1.10.3/itu-1.10.3.jar:/home/runner/.m2/repository/io/quarkus/quarkus-smallrye-jwt-build/3.20.1/quarkus-smallrye-jwt-build-3.20.1.jar:/home/runner/.m2/repository/io/smallrye/smallrye-jwt-build/4.6.1/smallrye-jwt-build-4.6.1.jar:/home/runner/.m2/repository/org/eclipse/microprofile/jwt/microprofile-jwt-auth-api/2.1/microprofile-jwt-auth-api-2.1.jar:/home/runner/.m2/repository/org/bitbucket/b_c/jose4j/0.9.6/jose4j-0.9.6.jar:/home/runner/.m2/repository/io/smallrye/smallrye-jwt-common/4.6.1/smallrye-jwt-common-4.6.1.jar:/home/runner/.m2/repository/io/quarkus/quarkus-jsonp/3.20.1/quarkus-jsonp-3.20.1.jar:/home/runner/.m2/repository/io/quarkus/quarkus-arc/3.20.1/quarkus-arc-3.20.1.jar:/home/runner/.m2/repository/io/quarkus/arc/arc/3.20.1/arc-3.20.1.jar:/home/runner/.m2/repository/jakarta/transaction/jakarta.transaction-api/2.0.1/jakarta.transaction-api-2.0.1.jar:/home/runner/.m2/repository/io/smallrye/reactive/mutiny/2.8.0/mutiny-2.8.0.jar:/home/runner/.m2/repository/org/jctools/jctools-core/4.0.5/jctools-core-4.0.5.jar:/home/runner/.m2/repository/org/eclipse/microprofile/context-propagation/microprofile-context-propagation-api/1.3/microprofile-context-propagation-api-1.3.jar:/home/runner/.m2/repository/io/apicurio/apicurio-common-rest-client-common/0.1.18.Final/apicurio-common-rest-client-common-0.1.18.Final.jar:/home/runner/work/apicurio-testing/apicurio-testing/clusters/ci419/namespaces/mysql/tests/integration/apicurio-registry/utils/maven-plugin/target/apicurio-registry-maven-plugin-3.0.11-SNAPSHOT.jar:/home/runner/.m2/repository/com/fasterxml/jackson/core/jackson-databind/2.18.2/jackson-databind-2.18.2.jar:/home/runner/.m2/repository/org/apache/avro/avro/1.12.0/avro-1.12.0.jar:/home/runner/.m2/repository/com/google/protobuf/protobuf-java/4.31.1/protobuf-java-4.31.1.jar:/home/runner/.m2/repository/com/google/protobuf/protobuf-java-util/4.31.1/protobuf-java-util-4.31.1.jar:/home/runner/.m2/repository/com/google/code/findbugs/jsr305/3.0.2/jsr305-3.0.2.jar:/home/runner/.m2/repository/com/google/code/gson/gson/2.12.1/gson-2.12.1.jar:/home/runner/.m2/repository/com/google/errorprone/error_prone_annotations/2.36.0/error_prone_annotations-2.36.0.jar:/home/runner/.m2/repository/com/google/j2objc/j2objc-annotations/2.8/j2objc-annotations-2.8.jar:/home/runner/work/apicurio-testing/apicurio-testing/clusters/ci419/namespaces/mysql/tests/integration/apicurio-registry/schema-util/util-provider/target/apicurio-registry-schema-util-provider-3.0.11-SNAPSHOT.jar:/home/runner/work/apicurio-testing/apicurio-testing/clusters/ci419/namespaces/mysql/tests/integration/apicurio-registry/schema-util/common/target/apicurio-registry-schema-util-common-3.0.11-SNAPSHOT.jar:/home/runner/.m2/repository/com/fasterxml/jackson/module/jackson-module-parameter-names/2.18.2/jackson-module-parameter-names-2.18.2.jar:/home/runner/.m2/repository/com/fasterxml/jackson/datatype/jackson-datatype-json-org/2.18.2/jackson-datatype-json-org-2.18.2.jar:/home/runner/work/apicurio-testing/apicurio-testing/clusters/ci419/namespaces/mysql/tests/integration/apicurio-registry/schema-util/json/target/apicurio-registry-schema-util-json-3.0.11-SNAPSHOT.jar:/home/runner/.m2/repository/com/github/erosb/everit-json-schema/1.14.5/everit-json-schema-1.14.5.jar:/home/runner/.m2/repository/commons-validator/commons-validator/1.9.0/commons-validator-1.9.0.jar:/home/runner/.m2/repository/commons-digester/commons-digester/2.1/commons-digester-2.1.jar:/home/runner/.m2/repository/commons-collections/commons-collections/3.2.2/commons-collections-3.2.2.jar:/home/runner/.m2/repository/com/damnhandy/handy-uri-templates/2.1.8/handy-uri-templates-2.1.8.jar:/home/runner/.m2/repository/joda-time/joda-time/2.10.2/joda-time-2.10.2.jar:/home/runner/.m2/repository/com/github/erosb/json-sKema/0.20.0/json-sKema-0.20.0.jar:/home/runner/.m2/repository/io/vertx/vertx-json-schema/4.5.14/vertx-json-schema-4.5.14.jar:/home/runner/work/apicurio-testing/apicurio-testing/clusters/ci419/namespaces/mysql/tests/integration/apicurio-registry/schema-util/protobuf/target/apicurio-registry-schema-util-protobuf-3.0.11-SNAPSHOT.jar:/home/runner/work/apicurio-testing/apicurio-testing/clusters/ci419/namespaces/mysql/tests/integration/apicurio-registry/utils/protobuf-schema-utilities/target/apicurio-registry-protobuf-schema-utilities-3.0.11-SNAPSHOT.jar:/home/runner/.m2/repository/com/google/api/grpc/proto-google-common-protos/2.52.0/proto-google-common-protos-2.52.0.jar:/home/runner/.m2/repository/com/squareup/wire/wire-schema-jvm/5.3.3/wire-schema-jvm-5.3.3.jar:/home/runner/.m2/repository/com/palantir/javapoet/javapoet/0.6.0/javapoet-0.6.0.jar:/home/runner/.m2/repository/com/squareup/kotlinpoet-jvm/2.0.0/kotlinpoet-jvm-2.0.0.jar:/home/runner/.m2/repository/org/jetbrains/kotlin/kotlin-reflect/2.0.21/kotlin-reflect-2.0.21.jar:/home/runner/.m2/repository/com/squareup/wire/wire-runtime-jvm/5.3.3/wire-runtime-jvm-5.3.3.jar:/home/runner/.m2/repository/com/ibm/icu/icu4j/76.1/icu4j-76.1.jar:/home/runner/.m2/repository/com/squareup/okio/okio-fakefilesystem/3.10.2/okio-fakefilesystem-3.10.2.jar:/home/runner/.m2/repository/com/squareup/okio/okio-fakefilesystem-jvm/3.10.2/okio-fakefilesystem-jvm-3.10.2.jar:/home/runner/.m2/repository/org/jetbrains/kotlinx/kotlinx-datetime-jvm/0.6.1/kotlinx-datetime-jvm-0.6.1.jar:/home/runner/work/apicurio-testing/apicurio-testing/clusters/ci419/namespaces/mysql/tests/integration/apicurio-registry/schema-util/asyncapi/target/apicurio-registry-schema-util-asyncapi-3.0.11-SNAPSHOT.jar:/home/runner/work/apicurio-testing/apicurio-testing/clusters/ci419/namespaces/mysql/tests/integration/apicurio-registry/schema-util/avro/target/apicurio-registry-schema-util-avro-3.0.11-SNAPSHOT.jar:/home/runner/work/apicurio-testing/apicurio-testing/clusters/ci419/namespaces/mysql/tests/integration/apicurio-registry/schema-util/graphql/target/apicurio-registry-schema-util-graphql-3.0.11-SNAPSHOT.jar:/home/runner/.m2/repository/com/graphql-java/graphql-java/22.3/graphql-java-22.3.jar:/home/runner/.m2/repository/com/graphql-java/java-dataloader/3.3.0/java-dataloader-3.3.0.jar:/home/runner/work/apicurio-testing/apicurio-testing/clusters/ci419/namespaces/mysql/tests/integration/apicurio-registry/schema-util/kconnect/target/apicurio-registry-schema-util-kconnect-3.0.11-SNAPSHOT.jar:/home/runner/work/apicurio-testing/apicurio-testing/clusters/ci419/namespaces/mysql/tests/integration/apicurio-registry/schema-util/openapi/target/apicurio-registry-schema-util-openapi-3.0.11-SNAPSHOT.jar:/home/runner/.m2/repository/io/apicurio/apicurio-data-models/2.2.1/apicurio-data-models-2.2.1.jar:/home/runner/.m2/repository/org/openapitools/openapidiff/openapi-diff-core/2.1.2/openapi-diff-core-2.1.2.jar:/home/runner/.m2/repository/io/swagger/parser/v3/swagger-parser/2.1.28/swagger-parser-2.1.28.jar:/home/runner/.m2/repository/io/swagger/parser/v3/swagger-parser-v2-converter/2.1.28/swagger-parser-v2-converter-2.1.28.jar:/home/runner/.m2/repository/io/swagger/swagger-core/1.6.16/swagger-core-1.6.16.jar:/home/runner/.m2/repository/io/swagger/swagger-models/1.6.16/swagger-models-1.6.16.jar:/home/runner/.m2/repository/io/swagger/swagger-annotations/1.6.16/swagger-annotations-1.6.16.jar:/home/runner/.m2/repository/io/swagger/swagger-parser/1.0.75/swagger-parser-1.0.75.jar:/home/runner/.m2/repository/io/swagger/swagger-parser-safe-url-resolver/1.0.75/swagger-parser-safe-url-resolver-1.0.75.jar:/home/runner/.m2/repository/io/swagger/swagger-compat-spec-parser/1.0.75/swagger-compat-spec-parser-1.0.75.jar:/home/runner/.m2/repository/com/github/java-json-tools/json-schema-validator/2.2.14/json-schema-validator-2.2.14.jar:/home/runner/.m2/repository/com/github/java-json-tools/jackson-coreutils-equivalence/1.0/jackson-coreutils-equivalence-1.0.jar:/home/runner/.m2/repository/com/github/java-json-tools/json-schema-core/1.2.14/json-schema-core-1.2.14.jar:/home/runner/.m2/repository/com/github/java-json-tools/uri-template/0.10/uri-template-0.10.jar:/home/runner/.m2/repository/com/googlecode/libphonenumber/libphonenumber/8.11.1/libphonenumber-8.11.1.jar:/home/runner/.m2/repository/com/j2html/j2html/1.6.0/j2html-1.6.0.jar:/home/runner/.m2/repository/org/apache/commons/commons-collections4/4.5.0/commons-collections4-4.5.0.jar:/home/runner/.m2/repository/org/apache/commons/commons-configuration2/2.12.0/commons-configuration2-2.12.0.jar:/home/runner/.m2/repository/org/apache/commons/commons-text/1.13.0/commons-text-1.13.0.jar:/home/runner/.m2/repository/org/slf4j/jcl-over-slf4j/2.0.17/jcl-over-slf4j-2.0.17.jar:/home/runner/.m2/repository/io/swagger/parser/v3/swagger-parser-v3/2.1.30/swagger-parser-v3-2.1.30.jar:/home/runner/.m2/repository/io/swagger/core/v3/swagger-models/2.2.34/swagger-models-2.2.34.jar:/home/runner/.m2/repository/io/swagger/core/v3/swagger-core/2.2.34/swagger-core-2.2.34.jar:/home/runner/.m2/repository/io/swagger/parser/v3/swagger-parser-core/2.1.30/swagger-parser-core-2.1.30.jar:/home/runner/.m2/repository/io/swagger/parser/v3/swagger-parser-safe-url-resolver/2.1.30/swagger-parser-safe-url-resolver-2.1.30.jar:/home/runner/work/apicurio-testing/apicurio-testing/clusters/ci419/namespaces/mysql/tests/integration/apicurio-registry/schema-util/wsdl/target/apicurio-registry-schema-util-wsdl-3.0.11-SNAPSHOT.jar:/home/runner/.m2/repository/wsdl4j/wsdl4j/1.6.3/wsdl4j-1.6.3.jar:/home/runner/work/apicurio-testing/apicurio-testing/clusters/ci419/namespaces/mysql/tests/integration/apicurio-registry/schema-util/xml/target/apicurio-registry-schema-util-xml-3.0.11-SNAPSHOT.jar:/home/runner/.m2/repository/org/apache/santuario/xmlsec/4.0.3/xmlsec-4.0.3.jar:/home/runner/.m2/repository/com/fasterxml/woodstox/woodstox-core/7.1.0/woodstox-core-7.1.0.jar:/home/runner/.m2/repository/org/codehaus/woodstox/stax2-api/4.2.2/stax2-api-4.2.2.jar:/home/runner/work/apicurio-testing/apicurio-testing/clusters/ci419/namespaces/mysql/tests/integration/apicurio-registry/schema-util/xsd/target/apicurio-registry-schema-util-xsd-3.0.11-SNAPSHOT.jar:/home/runner/work/apicurio-testing/apicurio-testing/clusters/ci419/namespaces/mysql/tests/integration/apicurio-registry/serdes/kafka/jsonschema-serde/target/apicurio-registry-jsonschema-serde-kafka-3.0.11-SNAPSHOT.jar:/home/runner/work/apicurio-testing/apicurio-testing/clusters/ci419/namespaces/mysql/tests/integration/apicurio-registry/serdes/kafka/serde-kafka-common/target/apicurio-registry-serde-kafka-common-3.0.11-SNAPSHOT.jar:/home/runner/work/apicurio-testing/apicurio-testing/clusters/ci419/namespaces/mysql/tests/integration/apicurio-registry/serdes/generic/serde-common/target/apicurio-registry-serde-common-3.0.11-SNAPSHOT.jar:/home/runner/work/apicurio-testing/apicurio-testing/clusters/ci419/namespaces/mysql/tests/integration/apicurio-registry/serdes/generic/serde-common-jsonschema/target/apicurio-registry-serde-common-jsonschema-3.0.11-SNAPSHOT.jar:/home/runner/.m2/repository/org/json/json/20250107/json-20250107.jar:/home/runner/work/apicurio-testing/apicurio-testing/clusters/ci419/namespaces/mysql/tests/integration/apicurio-registry/serdes/kafka/avro-serde/target/apicurio-registry-avro-serde-kafka-3.0.11-SNAPSHOT.jar:/home/runner/work/apicurio-testing/apicurio-testing/clusters/ci419/namespaces/mysql/tests/integration/apicurio-registry/serdes/generic/serde-common-avro/target/apicurio-registry-serde-common-avro-3.0.11-SNAPSHOT.jar:/home/runner/work/apicurio-testing/apicurio-testing/clusters/ci419/namespaces/mysql/tests/integration/apicurio-registry/serdes/kafka/protobuf-serde/target/apicurio-registry-protobuf-serde-kafka-3.0.11-SNAPSHOT.jar:/home/runner/work/apicurio-testing/apicurio-testing/clusters/ci419/namespaces/mysql/tests/integration/apicurio-registry/serdes/generic/serde-common-protobuf/target/apicurio-registry-serde-common-protobuf-3.0.11-SNAPSHOT.jar:/home/runner/.m2/repository/com/squareup/wire/wire-schema/5.3.3/wire-schema-5.3.3.jar:/home/runner/.m2/repository/com/squareup/wire/wire-runtime/5.3.3/wire-runtime-5.3.3.jar:/home/runner/work/apicurio-testing/apicurio-testing/clusters/ci419/namespaces/mysql/tests/integration/apicurio-registry/serdes/pulsar/avro-serde/target/apicurio-registry-avro-serde-pulsar-3.0.11-SNAPSHOT.jar:/home/runner/.m2/repository/org/apache/pulsar/pulsar-functions-api/3.3.4/pulsar-functions-api-3.3.4.jar:/home/runner/work/apicurio-testing/apicurio-testing/clusters/ci419/namespaces/mysql/tests/integration/apicurio-registry/serdes/nats/avro-serde/target/apicurio-registry-avro-serde-nats-3.0.11-SNAPSHOT.jar:/home/runner/.m2/repository/io/nats/jnats/2.20.5/jnats-2.20.5.jar:/home/runner/.m2/repository/net/i2p/crypto/eddsa/0.3.0/eddsa-0.3.0.jar:/home/runner/work/apicurio-testing/apicurio-testing/clusters/ci419/namespaces/mysql/tests/integration/apicurio-registry/utils/converter/target/apicurio-registry-utils-converter-3.0.11-SNAPSHOT.jar:/home/runner/work/apicurio-testing/apicurio-testing/clusters/ci419/namespaces/mysql/tests/integration/apicurio-registry/schema-resolver/target/apicurio-registry-schema-resolver-3.0.11-SNAPSHOT.jar:/home/runner/.m2/repository/org/apache/kafka/connect-api/3.9.1/connect-api-3.9.1.jar:/home/runner/.m2/repository/javax/ws/rs/javax.ws.rs-api/2.1.1/javax.ws.rs-api-2.1.1.jar:/home/runner/.m2/repository/org/apache/kafka/connect-json/3.9.1/connect-json-3.9.1.jar:/home/runner/.m2/repository/com/fasterxml/jackson/datatype/jackson-datatype-jdk8/2.18.2/jackson-datatype-jdk8-2.18.2.jar:/home/runner/.m2/repository/com/fasterxml/jackson/module/jackson-module-afterburner/2.18.2/jackson-module-afterburner-2.18.2.jar:/home/runner/work/apicurio-testing/apicurio-testing/clusters/ci419/namespaces/mysql/tests/integration/apicurio-registry/utils/kafka/target/apicurio-registry-utils-kafka-3.0.11-SNAPSHOT.jar:/home/runner/.m2/repository/org/apache/pulsar/pulsar-client/3.3.4/pulsar-client-3.3.4.jar:/home/runner/.m2/repository/org/apache/pulsar/pulsar-client-api/3.3.4/pulsar-client-api-3.3.4.jar:/home/runner/.m2/repository/org/apache/pulsar/pulsar-client-admin-api/3.3.4/pulsar-client-admin-api-3.3.4.jar:/home/runner/.m2/repository/org/apache/pulsar/bouncy-castle-bc/3.3.4/bouncy-castle-bc-3.3.4-pkg.jar:/home/runner/.m2/repository/org/bouncycastle/bcpkix-jdk18on/1.80/bcpkix-jdk18on-1.80.jar:/home/runner/.m2/repository/org/bouncycastle/bcutil-jdk18on/1.80/bcutil-jdk18on-1.80.jar:/home/runner/.m2/repository/org/bouncycastle/bcprov-jdk18on/1.80/bcprov-jdk18on-1.80.jar:/home/runner/.m2/repository/io/opentelemetry/opentelemetry-api/1.44.1/opentelemetry-api-1.44.1.jar:/home/runner/.m2/repository/io/opentelemetry/opentelemetry-context/1.44.1/opentelemetry-context-1.44.1.jar:/home/runner/.m2/repository/io/opentelemetry/opentelemetry-api-incubator/1.44.1-alpha/opentelemetry-api-incubator-1.44.1-alpha.jar:/home/runner/.m2/repository/com/fasterxml/jackson/core/jackson-annotations/2.18.2/jackson-annotations-2.18.2.jar:/home/runner/.m2/repository/javax/validation/validation-api/1.1.0.Final/validation-api-1.1.0.Final.jar:/home/runner/.m2/repository/io/confluent/kafka-avro-serializer/8.0.0/kafka-avro-serializer-8.0.0.jar:/home/runner/.m2/repository/org/apache/commons/commons-compress/1.27.1/commons-compress-1.27.1.jar:/home/runner/.m2/repository/io/confluent/kafka-schema-serializer/8.0.0/kafka-schema-serializer-8.0.0.jar:/home/runner/.m2/repository/com/fasterxml/jackson/dataformat/jackson-dataformat-csv/2.18.2/jackson-dataformat-csv-2.18.2.jar:/home/runner/.m2/repository/io/confluent/kafka-schema-registry-client/8.0.0/kafka-schema-registry-client-8.0.0.jar:/home/runner/.m2/repository/org/yaml/snakeyaml/2.3/snakeyaml-2.3.jar:/home/runner/.m2/repository/io/swagger/core/v3/swagger-annotations/2.2.29/swagger-annotations-2.2.29.jar:/home/runner/.m2/repository/com/google/guava/guava/33.4.0-jre/guava-33.4.0-jre.jar:/home/runner/.m2/repository/com/google/guava/failureaccess/1.0.1/failureaccess-1.0.1.jar:/home/runner/.m2/repository/org/checkerframework/checker-qual/3.49.0/checker-qual-3.49.0.jar:/home/runner/.m2/repository/io/confluent/logredactor/1.0.13/logredactor-1.0.13.jar:/home/runner/.m2/repository/com/google/re2j/re2j/1.6/re2j-1.6.jar:/home/runner/.m2/repository/io/confluent/logredactor-metrics/1.0.13/logredactor-metrics-1.0.13.jar:/home/runner/.m2/repository/com/eclipsesource/minimal-json/minimal-json/0.9.5/minimal-json-0.9.5.jar:/home/runner/.m2/repository/io/confluent/common-utils/8.0.0/common-utils-8.0.0.jar:/home/runner/.m2/repository/io/confluent/kafka-connect-avro-converter/8.0.0/kafka-connect-avro-converter-8.0.0.jar:/home/runner/.m2/repository/io/confluent/kafka-connect-avro-data/8.0.0/kafka-connect-avro-data-8.0.0.jar:/home/runner/.m2/repository/io/confluent/kafka-schema-converter/8.0.0/kafka-schema-converter-8.0.0.jar:/home/runner/.m2/repository/io/rest-assured/rest-assured/5.5.1/rest-assured-5.5.1.jar:/home/runner/.m2/repository/org/apache/groovy/groovy/4.0.22/groovy-4.0.22.jar:/home/runner/.m2/repository/org/apache/groovy/groovy-xml/4.0.22/groovy-xml-4.0.22.jar:/home/runner/.m2/repository/org/apache/httpcomponents/httpclient/4.5.14/httpclient-4.5.14.jar:/home/runner/.m2/repository/org/apache/httpcomponents/httpcore/4.4.16/httpcore-4.4.16.jar:/home/runner/.m2/repository/org/apache/httpcomponents/httpmime/4.5.14/httpmime-4.5.14.jar:/home/runner/.m2/repository/org/hamcrest/hamcrest/2.2/hamcrest-2.2.jar:/home/runner/.m2/repository/org/ccil/cowan/tagsoup/tagsoup/1.2.1/tagsoup-1.2.1.jar:/home/runner/.m2/repository/io/rest-assured/json-path/5.5.1/json-path-5.5.1.jar:/home/runner/.m2/repository/org/apache/groovy/groovy-json/4.0.22/groovy-json-4.0.22.jar:/home/runner/.m2/repository/io/rest-assured/rest-assured-common/5.5.1/rest-assured-common-5.5.1.jar:/home/runner/.m2/repository/io/rest-assured/xml-path/5.5.1/xml-path-5.5.1.jar:/home/runner/.m2/repository/io/zonky/test/embedded-postgres/2.1.0/embedded-postgres-2.1.0.jar:/home/runner/.m2/repository/io/zonky/test/postgres/embedded-postgres-binaries-windows-amd64/14.15.0/embedded-postgres-binaries-windows-amd64-14.15.0.jar:/home/runner/.m2/repository/io/zonky/test/postgres/embedded-postgres-binaries-darwin-amd64/14.15.0/embedded-postgres-binaries-darwin-amd64-14.15.0.jar:/home/runner/.m2/repository/io/zonky/test/postgres/embedded-postgres-binaries-linux-amd64/14.15.0/embedded-postgres-binaries-linux-amd64-14.15.0.jar:/home/runner/.m2/repository/io/zonky/test/postgres/embedded-postgres-binaries-linux-amd64-alpine/14.15.0/embedded-postgres-binaries-linux-amd64-alpine-14.15.0.jar:/home/runner/.m2/repository/org/apache/commons/commons-lang3/3.17.0/commons-lang3-3.17.0.jar:/home/runner/.m2/repository/org/tukaani/xz/1.10/xz-1.10.jar:/home/runner/.m2/repository/commons-codec/commons-codec/1.18.0/commons-codec-1.18.0.jar:/home/runner/.m2/repository/org/postgresql/postgresql/42.7.5/postgresql-42.7.5.jar:/home/runner/.m2/repository/commons-io/commons-io/2.18.0/commons-io-2.18.0.jar:/home/runner/work/apicurio-testing/apicurio-testing/clusters/ci419/namespaces/mysql/tests/integration/apicurio-registry/utils/importexport/target/apicurio-registry-utils-import-export-3.0.11-SNAPSHOT.jar:/home/runner/.m2/repository/io/vertx/vertx-core/4.5.14/vertx-core-4.5.14.jar:/home/runner/.m2/repository/io/netty/netty-common/4.1.119.Final/netty-common-4.1.119.Final.jar:/home/runner/.m2/repository/io/netty/netty-buffer/4.1.119.Final/netty-buffer-4.1.119.Final.jar:/home/runner/.m2/repository/io/netty/netty-transport/4.1.119.Final/netty-transport-4.1.119.Final.jar:/home/runner/.m2/repository/io/netty/netty-handler/4.1.119.Final/netty-handler-4.1.119.Final.jar:/home/runner/.m2/repository/io/netty/netty-transport-native-unix-common/4.1.119.Final/netty-transport-native-unix-common-4.1.119.Final.jar:/home/runner/.m2/repository/io/netty/netty-codec/4.1.119.Final/netty-codec-4.1.119.Final.jar:/home/runner/.m2/repository/io/netty/netty-handler-proxy/4.1.119.Final/netty-handler-proxy-4.1.119.Final.jar:/home/runner/.m2/repository/io/netty/netty-codec-socks/4.1.119.Final/netty-codec-socks-4.1.119.Final.jar:/home/runner/.m2/repository/io/netty/netty-codec-http/4.1.119.Final/netty-codec-http-4.1.119.Final.jar:/home/runner/.m2/repository/io/netty/netty-codec-http2/4.1.119.Final/netty-codec-http2-4.1.119.Final.jar:/home/runner/.m2/repository/io/netty/netty-resolver/4.1.119.Final/netty-resolver-4.1.119.Final.jar:/home/runner/.m2/repository/io/netty/netty-resolver-dns/4.1.119.Final/netty-resolver-dns-4.1.119.Final.jar:/home/runner/.m2/repository/io/netty/netty-codec-dns/4.1.119.Final/netty-codec-dns-4.1.119.Final.jar:/home/runner/.m2/repository/com/fasterxml/jackson/core/jackson-core/2.18.2/jackson-core-2.18.2.jar:"/>
    <property name="sun.cpu.endian" value="little"/>
    <property name="user.home" value="/home/runner"/>
    <property name="user.language" value="en"/>
    <property name="jboss.log-version" value="false"/>
    <property name="java.specification.vendor" value="Oracle Corporation"/>
    <property name="java.version.date" value="2025-07-15"/>
    <property name="java.home" value="/usr/lib/jvm/temurin-17-jdk-amd64"/>
    <property name="file.separator" value="/"/>
    <property name="basedir" value="/home/runner/work/apicurio-testing/apicurio-testing/clusters/ci419/namespaces/mysql/tests/integration/apicurio-registry/integration-tests"/>
    <property name="java.vm.compressedOopsMode" value="32-bit"/>
    <property name="line.separator" value="&#10;"/>
    <property name="java.specification.name" value="Java Platform API Specification"/>
    <property name="java.vm.specification.vendor" value="Oracle Corporation"/>
    <property name="quarkus.http.test-host" value="registry-app-mysql.apps.ci419.apicurio-testing.org"/>
    <property name="surefire.real.class.path" value="/home/runner/work/apicurio-testing/apicurio-testing/clusters/ci419/namespaces/mysql/tests/integration/apicurio-registry/integration-tests/target/surefire/surefirebooter-20250731170329825_3.jar"/>
    <property name="sun.management.compiler" value="HotSpot 64-Bit Tiered Compilers"/>
    <property name="org.eclipse.jetty.http.HttpGenerator.STRICT" value="true"/>
    <property name="java.runtime.version" value="17.0.16+8"/>
    <property name="user.name" value="runner"/>
    <property name="path.separator" value=":"/>
    <property name="os.version" value="6.8.0-1031-azure"/>
    <property name="java.runtime.name" value="OpenJDK Runtime Environment"/>
    <property name="file.encoding" value="UTF-8"/>
    <property name="jnidispatch.path" value="/home/runner/.cache/JNA/temp/jna918622242963987575.tmp"/>
    <property name="java.vm.name" value="OpenJDK 64-Bit Server VM"/>
    <property name="jna.platform.library.path" value="/usr/lib/x86_64-linux-gnu:/lib/x86_64-linux-gnu:/usr/lib64:/lib64:/usr/lib:/lib:/lib32:/usr/local/lib:/usr/lib/x86_64-linux-gnu/libfakeroot"/>
    <property name="java.vendor.version" value="Temurin-17.0.16+8"/>
    <property name="quarkus.oidc.token-path" value="https://keycloak-mysql.apps.ci419.apicurio-testing.org/realms/registry/protocol/openid-connect/token"/>
    <property name="quarkus.http.host" value="registry-app-mysql.apps.ci419.apicurio-testing.org"/>
    <property name="localRepository" value="/home/runner/.m2/repository"/>
    <property name="javax.xml.xpath.XPathFactory:http://java.sun.com/jaxp/xpath/dom" value="com.sun.org.apache.xpath.internal.jaxp.XPathFactoryImpl"/>
    <property name="jna.loaded" value="true"/>
    <property name="java.vendor.url.bug" value="https://github.com/adoptium/adoptium-support/issues"/>
    <property name="jetty.git.hash" value="5bc5e562c8d05c5862505aebe5cf83a61bdbcb96"/>
    <property name="java.io.tmpdir" value="/tmp"/>
    <property name="quarkus.http.test-protocol" value="http"/>
    <property name="java.version" value="17.0.16"/>
    <property name="user.dir" value="/home/runner/work/apicurio-testing/apicurio-testing/clusters/ci419/namespaces/mysql/tests/integration/apicurio-registry/integration-tests"/>
    <property name="os.arch" value="amd64"/>
    <property name="groups" value="( smoke | serdes | acceptance | ui)"/>
    <property name="java.vm.specification.name" value="Java Virtual Machine Specification"/>
    <property name="native.encoding" value="UTF-8"/>
    <property name="java.util.logging.manager" value="org.jboss.logmanager.LogManager"/>
    <property name="java.library.path" value="/usr/java/packages/lib:/usr/lib64:/lib64:/lib:/usr/lib"/>
    <property name="jdk.console" value="java.base"/>
    <property name="java.vm.info" value="mixed mode, sharing"/>
    <property name="java.vendor" value="Eclipse Adoptium"/>
    <property name="java.vm.version" value="17.0.16+8"/>
    <property name="java.specification.maintenance.version" value="1"/>
    <property name="sun.io.unicode.encoding" value="UnicodeLittle"/>
    <property name="javax.xml.transform.TransformerFactory" value="com.sun.org.apache.xalan.internal.xsltc.trax.TransformerFactoryImpl"/>
    <property name="java.class.version" value="61.0"/>
  </properties>
  <testcase name="testGlobalIdInHeaders" classname="io.apicurio.tests.serdes.apicurio.AvroSerdeIT" time="4.129">
    <system-out><![CDATA[**** Registry Base URL: http://registry-app-mysql.apps.ci419.apicurio-testing.org:80
**** Registry Base URL: http://registry-app-mysql.apps.ci419.apicurio-testing.org:80
2025-07-31 17:03:43,901 INFO  [io.api.tes.ser.api.AvroSerdeIT] (main) RestAssured configured with http://registry-app-mysql.apps.ci419.apicurio-testing.org:80/apis/registry/v3
2025-07-31 17:03:43,901 INFO  [io.api.tes.uti.KafkaFacade] (main) Starting kafka container
2025-07-31 17:03:43,975 INFO  [org.tes.ima.PullPolicy] (main) Image pull policy will be performed by: DefaultPullPolicy()
2025-07-31 17:03:43,980 INFO  [org.tes.uti.ImageNameSubstitutor] (main) Image name substitution will be performed by: DefaultImageNameSubstitutor (composite of 'ConfigurationFileImageNameSubstitutor' and 'PrefixingImageNameSubstitutor')
2025-07-31 17:03:43,989 INFO  [org.tes.DockerClientFactory] (main) Testcontainers version: 1.20.6
2025-07-31 17:03:44,492 INFO  [org.tes.doc.DockerClientProviderStrategy] (main) Found Docker environment with local Unix socket (unix:///var/run/docker.sock)
2025-07-31 17:03:44,500 INFO  [org.tes.DockerClientFactory] (main) Docker host IP address is localhost
2025-07-31 17:03:44,514 INFO  [org.tes.DockerClientFactory] (main) Connected to docker: 
  Server Version: 28.0.4
  API Version: 1.48
  Operating System: Ubuntu 22.04.5 LTS
  Total Memory: 7944 MB
2025-07-31 17:03:44,556 INFO  [tc.tes.11.0] (main) Pulling docker image: testcontainers/ryuk:0.11.0. Please be patient; this may take some time but only needs to be done once.
2025-07-31 17:03:45,683 INFO  [tc.tes.11.0] (docker-java-stream--1295187651) Starting to pull image
2025-07-31 17:03:45,700 INFO  [tc.tes.11.0] (docker-java-stream--1295187651) Pulling image layers:  0 pending,  0 downloaded,  0 extracted, (0 bytes/0 bytes)
2025-07-31 17:03:46,214 INFO  [tc.tes.11.0] (docker-java-stream--1295187651) Pulling image layers:  2 pending,  1 downloaded,  0 extracted, (80 KB/? MB)
2025-07-31 17:03:46,312 INFO  [tc.tes.11.0] (docker-java-stream--1295187651) Pulling image layers:  1 pending,  2 downloaded,  0 extracted, (6 MB/? MB)
2025-07-31 17:03:46,371 INFO  [tc.tes.11.0] (docker-java-stream--1295187651) Pulling image layers:  0 pending,  3 downloaded,  0 extracted, (9 MB/10 MB)
2025-07-31 17:03:46,486 INFO  [tc.tes.11.0] (docker-java-stream--1295187651) Pulling image layers:  0 pending,  3 downloaded,  1 extracted, (9 MB/10 MB)
2025-07-31 17:03:47,483 INFO  [tc.tes.11.0] (docker-java-stream--1295187651) Pulling image layers:  0 pending,  3 downloaded,  2 extracted, (10 MB/10 MB)
2025-07-31 17:03:47,527 INFO  [tc.tes.11.0] (docker-java-stream--1295187651) Pulling image layers:  0 pending,  3 downloaded,  3 extracted, (10 MB/10 MB)
2025-07-31 17:03:47,533 INFO  [tc.tes.11.0] (docker-java-stream--1295187651) Pull complete. 3 layers, pulled in 1s (downloaded 10 MB at 10 MB/s)
2025-07-31 17:03:47,533 INFO  [tc.tes.11.0] (main) Image testcontainers/ryuk:0.11.0 pull took PT2.977159495S
2025-07-31 17:03:47,555 INFO  [tc.tes.11.0] (main) Creating container for image: testcontainers/ryuk:0.11.0
2025-07-31 17:03:47,635 INFO  [tc.tes.11.0] (main) Container testcontainers/ryuk:0.11.0 is starting: bdd181e08d82e0f969224aa30d3ca67f1536e56b4d0d94aa001c61d804494791
2025-07-31 17:03:47,936 INFO  [tc.tes.11.0] (main) Container testcontainers/ryuk:0.11.0 started in PT0.381817742S
2025-07-31 17:03:47,941 INFO  [org.tes.uti.RyukResourceReaper] (main) Ryuk started - will monitor and terminate Testcontainers containers on JVM exit
2025-07-31 17:03:47,941 INFO  [org.tes.DockerClientFactory] (main) Checking the system...
2025-07-31 17:03:47,942 INFO  [org.tes.DockerClientFactory] (main) ✔︎ Docker server version should be at least 1.6.0
2025-07-31 17:03:47,946 INFO  [io.str.tes.con.KafkaVersionService] (main) Latest release of Kafka is:LogicalKafkaVersionEntity{version='3.7.1', image='quay.io/strimzi-test-container/test-container:0.107.0-kafka-3.7.1'}
2025-07-31 17:03:47,947 INFO  [io.str.tes.con.KafkaVersionService] (main) Latest release of Kafka is:LogicalKafkaVersionEntity{version='3.7.1', image='quay.io/strimzi-test-container/test-container:0.107.0-kafka-3.7.1'}
2025-07-31 17:03:47,947 INFO  [io.str.tes.con.KafkaVersionService] (main) No Kafka version specified. Using latest release: quay.io/strimzi-test-container/test-container:0.107.0-kafka-3.7.1
2025-07-31 17:03:47,951 INFO  [tc.qua.io/.107.0-k.7.1] (main) Pulling docker image: quay.io/strimzi-test-container/test-container:0.107.0-kafka-3.7.1. Please be patient; this may take some time but only needs to be done once.
2025-07-31 17:03:49,120 INFO  [tc.qua.io/.107.0-k.7.1] (docker-java-stream--720530420) Starting to pull image
2025-07-31 17:03:49,121 INFO  [tc.qua.io/.107.0-k.7.1] (docker-java-stream--720530420) Pulling image layers:  0 pending,  0 downloaded,  0 extracted, (0 bytes/0 bytes)
2025-07-31 17:03:49,892 INFO  [tc.qua.io/.107.0-k.7.1] (docker-java-stream--720530420) Pulling image layers:  4 pending,  1 downloaded,  0 extracted, (997 bytes/? MB)
2025-07-31 17:03:54,221 INFO  [tc.qua.io/.107.0-k.7.1] (docker-java-stream--720530420) Pulling image layers:  3 pending,  2 downloaded,  0 extracted, (206 MB/? MB)
2025-07-31 17:03:54,486 INFO  [tc.qua.io/.107.0-k.7.1] (docker-java-stream--720530420) Pulling image layers:  2 pending,  3 downloaded,  0 extracted, (227 MB/? MB)
2025-07-31 17:03:54,539 INFO  [tc.qua.io/.107.0-k.7.1] (docker-java-stream--720530420) Pulling image layers:  1 pending,  4 downloaded,  0 extracted, (227 MB/? MB)
2025-07-31 17:03:54,574 INFO  [tc.qua.io/.107.0-k.7.1] (docker-java-stream--720530420) Pulling image layers:  0 pending,  5 downloaded,  0 extracted, (227 MB/231 MB)
2025-07-31 17:03:55,389 INFO  [tc.qua.io/.107.0-k.7.1] (docker-java-stream--720530420) Pulling image layers:  0 pending,  5 downloaded,  1 extracted, (230 MB/231 MB)
2025-07-31 17:03:59,579 INFO  [tc.qua.io/.107.0-k.7.1] (docker-java-stream--720530420) Pulling image layers:  0 pending,  5 downloaded,  2 extracted, (231 MB/231 MB)
2025-07-31 17:03:59,595 INFO  [tc.qua.io/.107.0-k.7.1] (docker-java-stream--720530420) Pulling image layers:  0 pending,  5 downloaded,  3 extracted, (231 MB/231 MB)
2025-07-31 17:04:00,617 INFO  [tc.qua.io/.107.0-k.7.1] (docker-java-stream--720530420) Pulling image layers:  0 pending,  5 downloaded,  4 extracted, (231 MB/231 MB)
2025-07-31 17:04:00,630 INFO  [tc.qua.io/.107.0-k.7.1] (docker-java-stream--720530420) Pulling image layers:  0 pending,  5 downloaded,  5 extracted, (231 MB/231 MB)
2025-07-31 17:04:00,638 INFO  [tc.qua.io/.107.0-k.7.1] (main) Image quay.io/strimzi-test-container/test-container:0.107.0-kafka-3.7.1 pull took PT12.687352386S
2025-07-31 17:04:00,638 INFO  [tc.qua.io/.107.0-k.7.1] (docker-java-stream--720530420) Pull complete. 5 layers, pulled in 11s (downloaded 231 MB at 21 MB/s)
2025-07-31 17:04:00,642 INFO  [tc.qua.io/.107.0-k.7.1] (main) Creating container for image: quay.io/strimzi-test-container/test-container:0.107.0-kafka-3.7.1
2025-07-31 17:04:00,714 INFO  [tc.qua.io/.107.0-k.7.1] (main) Container quay.io/strimzi-test-container/test-container:0.107.0-kafka-3.7.1 is starting: 2acf017b783518ce797d9b95f26c75fdc7f74f787731f1600facf9b18496c5a9
2025-07-31 17:04:00,925 INFO  [io.str.tes.con.StrimziKafkaContainer] (main) Mapped port: 32770
2025-07-31 17:04:00,929 INFO  [io.str.tes.con.StrimziKafkaContainer] (main) This is all advertised listeners for Kafka PLAINTEXT://localhost:32770,BROKER1://172.18.0.2:9093
2025-07-31 17:04:00,930 INFO  [io.str.tes.con.StrimziKafkaContainer] (main) Using internal ZooKeeper 'zookeeper.connect=localhost:2181.'
2025-07-31 17:04:00,931 INFO  [io.str.tes.con.StrimziKafkaContainer] (main) Copying command to 'STARTER_SCRIPT' script.
2025-07-31 17:04:05,197 INFO  [tc.qua.io/.107.0-k.7.1] (main) Container quay.io/strimzi-test-container/test-container:0.107.0-kafka-3.7.1 started in PT4.556102971S
2025-07-31 17:04:05,201 INFO  [io.api.tes.uti.TestSeparator] (main) ############################################################################
2025-07-31 17:04:05,201 INFO  [io.api.tes.uti.TestSeparator] (main) io.apicurio.tests.serdes.apicurio.AvroSerdeIT.testGlobalIdInHeaders-STARTED
2025-07-31 17:04:05,243 INFO  [org.apa.kaf.cli.adm.AdminClientConfig] (main) AdminClientConfig values: 
	auto.include.jmx.reporter = true
	bootstrap.controllers = []
	bootstrap.servers = [PLAINTEXT://localhost:32770]
	client.dns.lookup = use_all_dns_ips
	client.id = 
	connections.max.idle.ms = 10000
	default.api.timeout.ms = 60000
	enable.metrics.push = true
	metadata.max.age.ms = 300000
	metadata.recovery.strategy = none
	metric.reporters = []
	metrics.num.samples = 2
	metrics.recording.level = INFO
	metrics.sample.window.ms = 30000
	receive.buffer.bytes = 65536
	reconnect.backoff.max.ms = 1000
	reconnect.backoff.ms = 50
	request.timeout.ms = 5000
	retries = 2147483647
	retry.backoff.max.ms = 1000
	retry.backoff.ms = 100
	sasl.client.callback.handler.class = null
	sasl.jaas.config = null
	sasl.kerberos.kinit.cmd = /usr/bin/kinit
	sasl.kerberos.min.time.before.relogin = 60000
	sasl.kerberos.service.name = null
	sasl.kerberos.ticket.renew.jitter = 0.05
	sasl.kerberos.ticket.renew.window.factor = 0.8
	sasl.login.callback.handler.class = null
	sasl.login.class = null
	sasl.login.connect.timeout.ms = null
	sasl.login.read.timeout.ms = null
	sasl.login.refresh.buffer.seconds = 300
	sasl.login.refresh.min.period.seconds = 60
	sasl.login.refresh.window.factor = 0.8
	sasl.login.refresh.window.jitter = 0.05
	sasl.login.retry.backoff.max.ms = 10000
	sasl.login.retry.backoff.ms = 100
	sasl.mechanism = GSSAPI
	sasl.oauthbearer.clock.skew.seconds = 30
	sasl.oauthbearer.expected.audience = null
	sasl.oauthbearer.expected.issuer = null
	sasl.oauthbearer.header.urlencode = false
	sasl.oauthbearer.jwks.endpoint.refresh.ms = 3600000
	sasl.oauthbearer.jwks.endpoint.retry.backoff.max.ms = 10000
	sasl.oauthbearer.jwks.endpoint.retry.backoff.ms = 100
	sasl.oauthbearer.jwks.endpoint.url = null
	sasl.oauthbearer.scope.claim.name = scope
	sasl.oauthbearer.sub.claim.name = sub
	sasl.oauthbearer.token.endpoint.url = null
	security.protocol = PLAINTEXT
	security.providers = null
	send.buffer.bytes = 131072
	socket.connection.setup.timeout.max.ms = 30000
	socket.connection.setup.timeout.ms = 10000
	ssl.cipher.suites = null
	ssl.enabled.protocols = [TLSv1.2, TLSv1.3]
	ssl.endpoint.identification.algorithm = https
	ssl.engine.factory.class = null
	ssl.key.password = null
	ssl.keymanager.algorithm = SunX509
	ssl.keystore.certificate.chain = null
	ssl.keystore.key = null
	ssl.keystore.location = null
	ssl.keystore.password = null
	ssl.keystore.type = JKS
	ssl.protocol = TLSv1.3
	ssl.provider = null
	ssl.secure.random.implementation = null
	ssl.trustmanager.algorithm = PKIX
	ssl.truststore.certificates = null
	ssl.truststore.location = null
	ssl.truststore.password = null
	ssl.truststore.type = JKS

2025-07-31 17:04:05,869 INFO  [org.apa.kaf.com.uti.AppInfoParser] (main) Kafka version: 3.9.1
2025-07-31 17:04:05,869 INFO  [org.apa.kaf.com.uti.AppInfoParser] (main) Kafka commitId: f745dfdcee2b9851
2025-07-31 17:04:05,869 INFO  [org.apa.kaf.com.uti.AppInfoParser] (main) Kafka startTimeMs: 1753981445868
**** Registry Base URL: http://registry-app-mysql.apps.ci419.apicurio-testing.org:80
2025-07-31 17:04:05,930 INFO  [org.apa.kaf.cli.pro.ProducerConfig] (main) ProducerConfig values: 
	acks = -1
	auto.include.jmx.reporter = true
	batch.size = 16384
	bootstrap.servers = [PLAINTEXT://localhost:32770]
	buffer.memory = 33554432
	client.dns.lookup = use_all_dns_ips
	client.id = Producer-topic-82916bd2_d952_461b_bd0b_a6d21507a06d
	compression.gzip.level = -1
	compression.lz4.level = 9
	compression.type = none
	compression.zstd.level = 3
	connections.max.idle.ms = 10000
	delivery.timeout.ms = 120000
	enable.idempotence = true
	enable.metrics.push = true
	interceptor.classes = []
	key.serializer = class org.apache.kafka.common.serialization.StringSerializer
	linger.ms = 0
	max.block.ms = 60000
	max.in.flight.requests.per.connection = 5
	max.request.size = 1048576
	metadata.max.age.ms = 300000
	metadata.max.idle.ms = 300000
	metadata.recovery.strategy = none
	metric.reporters = []
	metrics.num.samples = 2
	metrics.recording.level = INFO
	metrics.sample.window.ms = 30000
	partitioner.adaptive.partitioning.enable = true
	partitioner.availability.timeout.ms = 0
	partitioner.class = null
	partitioner.ignore.keys = false
	receive.buffer.bytes = 32768
	reconnect.backoff.max.ms = 1000
	reconnect.backoff.ms = 50
	request.timeout.ms = 5000
	retries = 2147483647
	retry.backoff.max.ms = 1000
	retry.backoff.ms = 100
	sasl.client.callback.handler.class = null
	sasl.jaas.config = null
	sasl.kerberos.kinit.cmd = /usr/bin/kinit
	sasl.kerberos.min.time.before.relogin = 60000
	sasl.kerberos.service.name = null
	sasl.kerberos.ticket.renew.jitter = 0.05
	sasl.kerberos.ticket.renew.window.factor = 0.8
	sasl.login.callback.handler.class = null
	sasl.login.class = null
	sasl.login.connect.timeout.ms = null
	sasl.login.read.timeout.ms = null
	sasl.login.refresh.buffer.seconds = 300
	sasl.login.refresh.min.period.seconds = 60
	sasl.login.refresh.window.factor = 0.8
	sasl.login.refresh.window.jitter = 0.05
	sasl.login.retry.backoff.max.ms = 10000
	sasl.login.retry.backoff.ms = 100
	sasl.mechanism = GSSAPI
	sasl.oauthbearer.clock.skew.seconds = 30
	sasl.oauthbearer.expected.audience = null
	sasl.oauthbearer.expected.issuer = null
	sasl.oauthbearer.header.urlencode = false
	sasl.oauthbearer.jwks.endpoint.refresh.ms = 3600000
	sasl.oauthbearer.jwks.endpoint.retry.backoff.max.ms = 10000
	sasl.oauthbearer.jwks.endpoint.retry.backoff.ms = 100
	sasl.oauthbearer.jwks.endpoint.url = null
	sasl.oauthbearer.scope.claim.name = scope
	sasl.oauthbearer.sub.claim.name = sub
	sasl.oauthbearer.token.endpoint.url = null
	security.protocol = PLAINTEXT
	security.providers = null
	send.buffer.bytes = 131072
	socket.connection.setup.timeout.max.ms = 30000
	socket.connection.setup.timeout.ms = 10000
	ssl.cipher.suites = null
	ssl.enabled.protocols = [TLSv1.2, TLSv1.3]
	ssl.endpoint.identification.algorithm = https
	ssl.engine.factory.class = null
	ssl.key.password = null
	ssl.keymanager.algorithm = SunX509
	ssl.keystore.certificate.chain = null
	ssl.keystore.key = null
	ssl.keystore.location = null
	ssl.keystore.password = null
	ssl.keystore.type = JKS
	ssl.protocol = TLSv1.3
	ssl.provider = null
	ssl.secure.random.implementation = null
	ssl.trustmanager.algorithm = PKIX
	ssl.truststore.certificates = null
	ssl.truststore.location = null
	ssl.truststore.password = null
	ssl.truststore.type = JKS
	transaction.timeout.ms = 60000
	transactional.id = null
	value.serializer = class io.apicurio.registry.serde.avro.AvroKafkaSerializer

2025-07-31 17:04:05,975 INFO  [org.apa.kaf.com.tel.int.KafkaMetricsCollector] (main) initializing Kafka metrics collector
2025-07-31 17:04:05,997 INFO  [org.apa.kaf.cli.pro.KafkaProducer] (main) [Producer clientId=Producer-topic-82916bd2_d952_461b_bd0b_a6d21507a06d] Instantiated an idempotent producer.
2025-07-31 17:04:06,038 INFO  [org.apa.kaf.cli.pro.ProducerConfig] (main) These configurations '[apicurio.registry.url, apicurio.registry.auto-register, apicurio.registry.use-id, apicurio.registry.artifact-resolver-strategy]' were supplied but are not used yet.
2025-07-31 17:04:06,039 INFO  [org.apa.kaf.com.uti.AppInfoParser] (main) Kafka version: 3.9.1
2025-07-31 17:04:06,039 INFO  [org.apa.kaf.com.uti.AppInfoParser] (main) Kafka commitId: f745dfdcee2b9851
2025-07-31 17:04:06,039 INFO  [org.apa.kaf.com.uti.AppInfoParser] (main) Kafka startTimeMs: 1753981446039
2025-07-31 17:04:06,040 INFO  [io.api.tes.ser.api.SimpleSerdesTesterBuilder$SimpleSerdesTester] (main) Using producer configuration: {apicurio.registry.url=http://registry-app-mysql.apps.ci419.apicurio-testing.org:80/apis/registry/v3, apicurio.registry.auto-register=true, apicurio.registry.use-id=globalId, apicurio.registry.artifact-resolver-strategy=io.apicurio.registry.serde.strategy.TopicIdStrategy, value.serializer=io.apicurio.registry.serde.avro.AvroKafkaSerializer, request.timeout.ms=5000, acks=all, bootstrap.servers=PLAINTEXT://localhost:32770, connections.max.idle.ms=10000, key.serializer=org.apache.kafka.common.serialization.StringSerializer, client.id=Producer-topic-82916bd2_d952_461b_bd0b_a6d21507a06d}
2025-07-31 17:04:06,040 INFO  [io.api.tes.ser.api.SimpleSerdesTesterBuilder$SimpleSerdesTester] (main) Using consumer configuration: {apicurio.registry.use-id=globalId}
2025-07-31 17:04:06,050 INFO  [io.api.tes.ser.api.KafkaSerdesTester] (Thread-594) Sending message {"key11753981445903": "value-0"} to topic topic-82916bd2_d952_461b_bd0b_a6d21507a06d
2025-07-31 17:04:06,421 WARN  [org.apa.kaf.cli.NetworkClient] (kafka-producer-network-thread | Producer-topic-82916bd2_d952_461b_bd0b_a6d21507a06d) [Producer clientId=Producer-topic-82916bd2_d952_461b_bd0b_a6d21507a06d] The metadata response from the cluster reported a recoverable issue with correlation id 2 : {topic-82916bd2_d952_461b_bd0b_a6d21507a06d=LEADER_NOT_AVAILABLE}
2025-07-31 17:04:06,425 INFO  [org.apa.kaf.cli.Metadata] (kafka-producer-network-thread | Producer-topic-82916bd2_d952_461b_bd0b_a6d21507a06d) [Producer clientId=Producer-topic-82916bd2_d952_461b_bd0b_a6d21507a06d] Cluster ID: hHUi-5-6SnyFRAH2goQrJA
2025-07-31 17:04:06,560 INFO  [org.apa.kaf.cli.pro.int.TransactionManager] (kafka-producer-network-thread | Producer-topic-82916bd2_d952_461b_bd0b_a6d21507a06d) [Producer clientId=Producer-topic-82916bd2_d952_461b_bd0b_a6d21507a06d] ProducerId set to 0 with epoch 0
2025-07-31 17:04:06,571 WARN  [org.apa.kaf.cli.NetworkClient] (kafka-producer-network-thread | Producer-topic-82916bd2_d952_461b_bd0b_a6d21507a06d) [Producer clientId=Producer-topic-82916bd2_d952_461b_bd0b_a6d21507a06d] The metadata response from the cluster reported a recoverable issue with correlation id 8 : {topic-82916bd2_d952_461b_bd0b_a6d21507a06d=LEADER_NOT_AVAILABLE}
2025-07-31 17:04:07,108 INFO  [io.api.tes.ser.api.KafkaSerdesTester] (Thread-594) Sending message {"key11753981445903": "value-1"} to topic topic-82916bd2_d952_461b_bd0b_a6d21507a06d
2025-07-31 17:04:07,115 INFO  [io.api.tes.ser.api.KafkaSerdesTester] (Thread-594) Sending message {"key11753981445903": "value-2"} to topic topic-82916bd2_d952_461b_bd0b_a6d21507a06d
2025-07-31 17:04:07,121 INFO  [io.api.tes.ser.api.KafkaSerdesTester] (Thread-594) Sending message {"key11753981445903": "value-3"} to topic topic-82916bd2_d952_461b_bd0b_a6d21507a06d
2025-07-31 17:04:07,130 INFO  [io.api.tes.ser.api.KafkaSerdesTester] (Thread-594) Sending message {"key11753981445903": "value-4"} to topic topic-82916bd2_d952_461b_bd0b_a6d21507a06d
2025-07-31 17:04:07,137 INFO  [io.api.tes.ser.api.KafkaSerdesTester] (Thread-594) Sending message {"key11753981445903": "value-5"} to topic topic-82916bd2_d952_461b_bd0b_a6d21507a06d
2025-07-31 17:04:07,141 INFO  [io.api.tes.ser.api.KafkaSerdesTester] (Thread-594) Sending message {"key11753981445903": "value-6"} to topic topic-82916bd2_d952_461b_bd0b_a6d21507a06d
2025-07-31 17:04:07,146 INFO  [io.api.tes.ser.api.KafkaSerdesTester] (Thread-594) Sending message {"key11753981445903": "value-7"} to topic topic-82916bd2_d952_461b_bd0b_a6d21507a06d
2025-07-31 17:04:07,156 INFO  [io.api.tes.ser.api.KafkaSerdesTester] (Thread-594) Sending message {"key11753981445903": "value-8"} to topic topic-82916bd2_d952_461b_bd0b_a6d21507a06d
2025-07-31 17:04:07,158 INFO  [io.api.tes.ser.api.KafkaSerdesTester] (Thread-594) Sending message {"key11753981445903": "value-9"} to topic topic-82916bd2_d952_461b_bd0b_a6d21507a06d
2025-07-31 17:04:07,161 INFO  [io.api.tes.ser.api.KafkaSerdesTester] (Thread-594) Produced 10 messages
2025-07-31 17:04:07,162 INFO  [org.apa.kaf.cli.pro.KafkaProducer] (Thread-594) [Producer clientId=Producer-topic-82916bd2_d952_461b_bd0b_a6d21507a06d] Closing the Kafka producer with timeoutMillis = 9223372036854775807 ms.
2025-07-31 17:04:07,182 INFO  [org.apa.kaf.com.met.Metrics] (Thread-594) Metrics scheduler closed
2025-07-31 17:04:07,182 INFO  [org.apa.kaf.com.met.Metrics] (Thread-594) Closing reporter org.apache.kafka.common.metrics.JmxReporter
2025-07-31 17:04:07,182 INFO  [org.apa.kaf.com.met.Metrics] (Thread-594) Closing reporter org.apache.kafka.common.telemetry.internals.ClientTelemetryReporter
2025-07-31 17:04:07,182 INFO  [org.apa.kaf.com.met.Metrics] (Thread-594) Metrics reporters closed
2025-07-31 17:04:07,183 INFO  [org.apa.kaf.com.uti.AppInfoParser] (Thread-594) App info kafka.producer for Producer-topic-82916bd2_d952_461b_bd0b_a6d21507a06d unregistered
**** Registry Base URL: http://registry-app-mysql.apps.ci419.apicurio-testing.org:80
2025-07-31 17:04:07,445 INFO  [org.apa.kaf.cli.con.ConsumerConfig] (main) ConsumerConfig values: 
	allow.auto.create.topics = true
	auto.commit.interval.ms = 500
	auto.include.jmx.reporter = true
	auto.offset.reset = earliest
	bootstrap.servers = [PLAINTEXT://localhost:32770]
	check.crcs = true
	client.dns.lookup = use_all_dns_ips
	client.id = consumer-Consumer-topic-82916bd2_d952_461b_bd0b_a6d21507a06d-1
	client.rack = 
	connections.max.idle.ms = 10000
	default.api.timeout.ms = 60000
	enable.auto.commit = true
	enable.metrics.push = true
	exclude.internal.topics = true
	fetch.max.bytes = 52428800
	fetch.max.wait.ms = 500
	fetch.min.bytes = 1
	group.id = Consumer-topic-82916bd2_d952_461b_bd0b_a6d21507a06d
	group.instance.id = null
	group.protocol = classic
	group.remote.assignor = null
	heartbeat.interval.ms = 3000
	interceptor.classes = []
	internal.leave.group.on.close = true
	internal.throw.on.fetch.stable.offset.unsupported = false
	isolation.level = read_uncommitted
	key.deserializer = class org.apache.kafka.common.serialization.StringDeserializer
	max.partition.fetch.bytes = 1048576
	max.poll.interval.ms = 300000
	max.poll.records = 500
	metadata.max.age.ms = 300000
	metadata.recovery.strategy = none
	metric.reporters = []
	metrics.num.samples = 2
	metrics.recording.level = INFO
	metrics.sample.window.ms = 30000
	partition.assignment.strategy = [class org.apache.kafka.clients.consumer.RangeAssignor, class org.apache.kafka.clients.consumer.CooperativeStickyAssignor]
	receive.buffer.bytes = 65536
	reconnect.backoff.max.ms = 1000
	reconnect.backoff.ms = 50
	request.timeout.ms = 5000
	retry.backoff.max.ms = 1000
	retry.backoff.ms = 100
	sasl.client.callback.handler.class = null
	sasl.jaas.config = null
	sasl.kerberos.kinit.cmd = /usr/bin/kinit
	sasl.kerberos.min.time.before.relogin = 60000
	sasl.kerberos.service.name = null
	sasl.kerberos.ticket.renew.jitter = 0.05
	sasl.kerberos.ticket.renew.window.factor = 0.8
	sasl.login.callback.handler.class = null
	sasl.login.class = null
	sasl.login.connect.timeout.ms = null
	sasl.login.read.timeout.ms = null
	sasl.login.refresh.buffer.seconds = 300
	sasl.login.refresh.min.period.seconds = 60
	sasl.login.refresh.window.factor = 0.8
	sasl.login.refresh.window.jitter = 0.05
	sasl.login.retry.backoff.max.ms = 10000
	sasl.login.retry.backoff.ms = 100
	sasl.mechanism = GSSAPI
	sasl.oauthbearer.clock.skew.seconds = 30
	sasl.oauthbearer.expected.audience = null
	sasl.oauthbearer.expected.issuer = null
	sasl.oauthbearer.header.urlencode = false
	sasl.oauthbearer.jwks.endpoint.refresh.ms = 3600000
	sasl.oauthbearer.jwks.endpoint.retry.backoff.max.ms = 10000
	sasl.oauthbearer.jwks.endpoint.retry.backoff.ms = 100
	sasl.oauthbearer.jwks.endpoint.url = null
	sasl.oauthbearer.scope.claim.name = scope
	sasl.oauthbearer.sub.claim.name = sub
	sasl.oauthbearer.token.endpoint.url = null
	security.protocol = PLAINTEXT
	security.providers = null
	send.buffer.bytes = 131072
	session.timeout.ms = 45000
	socket.connection.setup.timeout.max.ms = 30000
	socket.connection.setup.timeout.ms = 10000
	ssl.cipher.suites = null
	ssl.enabled.protocols = [TLSv1.2, TLSv1.3]
	ssl.endpoint.identification.algorithm = https
	ssl.engine.factory.class = null
	ssl.key.password = null
	ssl.keymanager.algorithm = SunX509
	ssl.keystore.certificate.chain = null
	ssl.keystore.key = null
	ssl.keystore.location = null
	ssl.keystore.password = null
	ssl.keystore.type = JKS
	ssl.protocol = TLSv1.3
	ssl.provider = null
	ssl.secure.random.implementation = null
	ssl.trustmanager.algorithm = PKIX
	ssl.truststore.certificates = null
	ssl.truststore.location = null
	ssl.truststore.password = null
	ssl.truststore.type = JKS
	value.deserializer = class io.apicurio.registry.serde.avro.AvroKafkaDeserializer

2025-07-31 17:04:07,455 INFO  [org.apa.kaf.com.tel.int.KafkaMetricsCollector] (main) initializing Kafka metrics collector
2025-07-31 17:04:07,502 INFO  [org.apa.kaf.cli.con.ConsumerConfig] (main) These configurations '[apicurio.registry.url, apicurio.registry.use-id]' were supplied but are not used yet.
2025-07-31 17:04:07,502 INFO  [org.apa.kaf.com.uti.AppInfoParser] (main) Kafka version: 3.9.1
2025-07-31 17:04:07,502 INFO  [org.apa.kaf.com.uti.AppInfoParser] (main) Kafka commitId: f745dfdcee2b9851
2025-07-31 17:04:07,502 INFO  [org.apa.kaf.com.uti.AppInfoParser] (main) Kafka startTimeMs: 1753981447502
2025-07-31 17:04:07,504 INFO  [org.apa.kaf.cli.con.int.ClassicKafkaConsumer] (Thread-597) [Consumer clientId=consumer-Consumer-topic-82916bd2_d952_461b_bd0b_a6d21507a06d-1, groupId=Consumer-topic-82916bd2_d952_461b_bd0b_a6d21507a06d] Subscribed to topic(s): topic-82916bd2_d952_461b_bd0b_a6d21507a06d
2025-07-31 17:04:07,524 INFO  [org.apa.kaf.cli.Metadata] (Thread-597) [Consumer clientId=consumer-Consumer-topic-82916bd2_d952_461b_bd0b_a6d21507a06d-1, groupId=Consumer-topic-82916bd2_d952_461b_bd0b_a6d21507a06d] Cluster ID: hHUi-5-6SnyFRAH2goQrJA
2025-07-31 17:04:08,346 INFO  [org.apa.kaf.cli.con.int.ConsumerCoordinator] (Thread-597) [Consumer clientId=consumer-Consumer-topic-82916bd2_d952_461b_bd0b_a6d21507a06d-1, groupId=Consumer-topic-82916bd2_d952_461b_bd0b_a6d21507a06d] Discovered group coordinator localhost:32770 (id: 2147483647 rack: null)
2025-07-31 17:04:08,352 INFO  [org.apa.kaf.cli.con.int.ConsumerCoordinator] (Thread-597) [Consumer clientId=consumer-Consumer-topic-82916bd2_d952_461b_bd0b_a6d21507a06d-1, groupId=Consumer-topic-82916bd2_d952_461b_bd0b_a6d21507a06d] (Re-)joining group
2025-07-31 17:04:08,380 INFO  [org.apa.kaf.cli.con.int.ConsumerCoordinator] (Thread-597) [Consumer clientId=consumer-Consumer-topic-82916bd2_d952_461b_bd0b_a6d21507a06d-1, groupId=Consumer-topic-82916bd2_d952_461b_bd0b_a6d21507a06d] Request joining group due to: need to re-join with the given member-id: consumer-Consumer-topic-82916bd2_d952_461b_bd0b_a6d21507a06d-1-651a0f6e-a23c-4267-b6e4-d514dffa3fa8
2025-07-31 17:04:08,381 INFO  [org.apa.kaf.cli.con.int.ConsumerCoordinator] (Thread-597) [Consumer clientId=consumer-Consumer-topic-82916bd2_d952_461b_bd0b_a6d21507a06d-1, groupId=Consumer-topic-82916bd2_d952_461b_bd0b_a6d21507a06d] (Re-)joining group
2025-07-31 17:04:08,401 INFO  [org.apa.kaf.cli.con.int.ConsumerCoordinator] (Thread-597) [Consumer clientId=consumer-Consumer-topic-82916bd2_d952_461b_bd0b_a6d21507a06d-1, groupId=Consumer-topic-82916bd2_d952_461b_bd0b_a6d21507a06d] Successfully joined group with generation Generation{generationId=1, memberId='consumer-Consumer-topic-82916bd2_d952_461b_bd0b_a6d21507a06d-1-651a0f6e-a23c-4267-b6e4-d514dffa3fa8', protocol='range'}
2025-07-31 17:04:08,409 INFO  [org.apa.kaf.cli.con.int.ConsumerCoordinator] (Thread-597) [Consumer clientId=consumer-Consumer-topic-82916bd2_d952_461b_bd0b_a6d21507a06d-1, groupId=Consumer-topic-82916bd2_d952_461b_bd0b_a6d21507a06d] Finished assignment for group at generation 1: {consumer-Consumer-topic-82916bd2_d952_461b_bd0b_a6d21507a06d-1-651a0f6e-a23c-4267-b6e4-d514dffa3fa8=Assignment(partitions=[topic-82916bd2_d952_461b_bd0b_a6d21507a06d-0])}
2025-07-31 17:04:08,440 INFO  [org.apa.kaf.cli.con.int.ConsumerCoordinator] (Thread-597) [Consumer clientId=consumer-Consumer-topic-82916bd2_d952_461b_bd0b_a6d21507a06d-1, groupId=Consumer-topic-82916bd2_d952_461b_bd0b_a6d21507a06d] Successfully synced group in generation Generation{generationId=1, memberId='consumer-Consumer-topic-82916bd2_d952_461b_bd0b_a6d21507a06d-1-651a0f6e-a23c-4267-b6e4-d514dffa3fa8', protocol='range'}
2025-07-31 17:04:08,440 INFO  [org.apa.kaf.cli.con.int.ConsumerCoordinator] (Thread-597) [Consumer clientId=consumer-Consumer-topic-82916bd2_d952_461b_bd0b_a6d21507a06d-1, groupId=Consumer-topic-82916bd2_d952_461b_bd0b_a6d21507a06d] Notifying assignor about the new Assignment(partitions=[topic-82916bd2_d952_461b_bd0b_a6d21507a06d-0])
2025-07-31 17:04:08,443 INFO  [org.apa.kaf.cli.con.int.ConsumerRebalanceListenerInvoker] (Thread-597) [Consumer clientId=consumer-Consumer-topic-82916bd2_d952_461b_bd0b_a6d21507a06d-1, groupId=Consumer-topic-82916bd2_d952_461b_bd0b_a6d21507a06d] Adding newly assigned partitions: topic-82916bd2_d952_461b_bd0b_a6d21507a06d-0
2025-07-31 17:04:08,459 INFO  [org.apa.kaf.cli.con.int.ConsumerCoordinator] (Thread-597) [Consumer clientId=consumer-Consumer-topic-82916bd2_d952_461b_bd0b_a6d21507a06d-1, groupId=Consumer-topic-82916bd2_d952_461b_bd0b_a6d21507a06d] Found no committed offset for partition topic-82916bd2_d952_461b_bd0b_a6d21507a06d-0
2025-07-31 17:04:08,488 INFO  [org.apa.kaf.cli.con.int.SubscriptionState] (Thread-597) [Consumer clientId=consumer-Consumer-topic-82916bd2_d952_461b_bd0b_a6d21507a06d-1, groupId=Consumer-topic-82916bd2_d952_461b_bd0b_a6d21507a06d] Resetting offset for partition topic-82916bd2_d952_461b_bd0b_a6d21507a06d-0 to position FetchPosition{offset=0, offsetEpoch=Optional.empty, currentLeader=LeaderAndEpoch{leader=Optional[localhost:32770 (id: 0 rack: null)], epoch=0}}.
2025-07-31 17:04:08,505 INFO  [io.api.tes.ser.api.KafkaSerdesTester] (Thread-597) None found
2025-07-31 17:04:08,788 INFO  [io.api.tes.ser.api.KafkaSerdesTester] (Thread-597) topic-82916bd2_d952_461b_bd0b_a6d21507a06d 0 0 {"key11753981445903": "value-0"}
2025-07-31 17:04:08,788 INFO  [io.api.tes.ser.api.KafkaSerdesTester] (Thread-597) topic-82916bd2_d952_461b_bd0b_a6d21507a06d 0 1 {"key11753981445903": "value-1"}
2025-07-31 17:04:08,788 INFO  [io.api.tes.ser.api.KafkaSerdesTester] (Thread-597) topic-82916bd2_d952_461b_bd0b_a6d21507a06d 0 2 {"key11753981445903": "value-2"}
2025-07-31 17:04:08,788 INFO  [io.api.tes.ser.api.KafkaSerdesTester] (Thread-597) topic-82916bd2_d952_461b_bd0b_a6d21507a06d 0 3 {"key11753981445903": "value-3"}
2025-07-31 17:04:08,788 INFO  [io.api.tes.ser.api.KafkaSerdesTester] (Thread-597) topic-82916bd2_d952_461b_bd0b_a6d21507a06d 0 4 {"key11753981445903": "value-4"}
2025-07-31 17:04:08,788 INFO  [io.api.tes.ser.api.KafkaSerdesTester] (Thread-597) topic-82916bd2_d952_461b_bd0b_a6d21507a06d 0 5 {"key11753981445903": "value-5"}
2025-07-31 17:04:08,788 INFO  [io.api.tes.ser.api.KafkaSerdesTester] (Thread-597) topic-82916bd2_d952_461b_bd0b_a6d21507a06d 0 6 {"key11753981445903": "value-6"}
2025-07-31 17:04:08,789 INFO  [io.api.tes.ser.api.KafkaSerdesTester] (Thread-597) topic-82916bd2_d952_461b_bd0b_a6d21507a06d 0 7 {"key11753981445903": "value-7"}
2025-07-31 17:04:08,789 INFO  [io.api.tes.ser.api.KafkaSerdesTester] (Thread-597) topic-82916bd2_d952_461b_bd0b_a6d21507a06d 0 8 {"key11753981445903": "value-8"}
2025-07-31 17:04:08,789 INFO  [io.api.tes.ser.api.KafkaSerdesTester] (Thread-597) topic-82916bd2_d952_461b_bd0b_a6d21507a06d 0 9 {"key11753981445903": "value-9"}
2025-07-31 17:04:08,789 INFO  [io.api.tes.ser.api.KafkaSerdesTester] (Thread-597) Consumed 10 messages
2025-07-31 17:04:08,811 INFO  [org.apa.kaf.cli.con.int.ConsumerRebalanceListenerInvoker] (Thread-597) [Consumer clientId=consumer-Consumer-topic-82916bd2_d952_461b_bd0b_a6d21507a06d-1, groupId=Consumer-topic-82916bd2_d952_461b_bd0b_a6d21507a06d] Revoke previously assigned partitions topic-82916bd2_d952_461b_bd0b_a6d21507a06d-0
2025-07-31 17:04:08,811 INFO  [org.apa.kaf.cli.con.int.ConsumerCoordinator] (Thread-597) [Consumer clientId=consumer-Consumer-topic-82916bd2_d952_461b_bd0b_a6d21507a06d-1, groupId=Consumer-topic-82916bd2_d952_461b_bd0b_a6d21507a06d] Member consumer-Consumer-topic-82916bd2_d952_461b_bd0b_a6d21507a06d-1-651a0f6e-a23c-4267-b6e4-d514dffa3fa8 sending LeaveGroup request to coordinator localhost:32770 (id: 2147483647 rack: null) due to the consumer is being closed
2025-07-31 17:04:08,813 INFO  [org.apa.kaf.cli.con.int.ConsumerCoordinator] (Thread-597) [Consumer clientId=consumer-Consumer-topic-82916bd2_d952_461b_bd0b_a6d21507a06d-1, groupId=Consumer-topic-82916bd2_d952_461b_bd0b_a6d21507a06d] Resetting generation and member id due to: consumer pro-actively leaving the group
2025-07-31 17:04:08,816 INFO  [org.apa.kaf.cli.con.int.ConsumerCoordinator] (Thread-597) [Consumer clientId=consumer-Consumer-topic-82916bd2_d952_461b_bd0b_a6d21507a06d-1, groupId=Consumer-topic-82916bd2_d952_461b_bd0b_a6d21507a06d] Request joining group due to: consumer pro-actively leaving the group
2025-07-31 17:04:09,301 INFO  [org.apa.kaf.com.met.Metrics] (Thread-597) Metrics scheduler closed
2025-07-31 17:04:09,301 INFO  [org.apa.kaf.com.met.Metrics] (Thread-597) Closing reporter org.apache.kafka.common.metrics.JmxReporter
2025-07-31 17:04:09,306 INFO  [org.apa.kaf.com.met.Metrics] (Thread-597) Closing reporter org.apache.kafka.common.telemetry.internals.ClientTelemetryReporter
2025-07-31 17:04:09,306 INFO  [org.apa.kaf.com.met.Metrics] (Thread-597) Metrics reporters closed
2025-07-31 17:04:09,326 INFO  [org.apa.kaf.com.uti.AppInfoParser] (Thread-597) App info kafka.consumer for consumer-Consumer-topic-82916bd2_d952_461b_bd0b_a6d21507a06d-1 unregistered
2025-07-31 17:04:09,326 INFO  [io.api.tes.uti.TestSeparator] (main) io.apicurio.tests.serdes.apicurio.AvroSerdeIT.testGlobalIdInHeaders-FINISHED
2025-07-31 17:04:09,326 INFO  [io.api.tes.uti.TestSeparator] (main) ############################################################################
Test passed: testGlobalIdInHeaders
]]></system-out>
  </testcase>
  <testcase name="testSimpleTopicIdStrategyFindLatest" classname="io.apicurio.tests.serdes.apicurio.AvroSerdeIT" time="2.426">
    <system-out><![CDATA[2025-07-31 17:04:09,328 INFO  [io.api.tes.uti.TestSeparator] (main) ############################################################################
2025-07-31 17:04:09,328 INFO  [io.api.tes.uti.TestSeparator] (main) io.apicurio.tests.serdes.apicurio.AvroSerdeIT.testSimpleTopicIdStrategyFindLatest-STARTED
2025-07-31 17:04:09,330 INFO  [io.api.tes.ser.api.AvroSerdeIT] (main) Registering Avro Schema: {"type":"record","name":"myrecordapicurio1","fields":[{"name":"key11753981449329","type":"string"}]}
**** Registry Base URL: http://registry-app-mysql.apps.ci419.apicurio-testing.org:80
2025-07-31 17:04:10,541 INFO  [org.apa.kaf.cli.pro.ProducerConfig] (main) ProducerConfig values: 
	acks = -1
	auto.include.jmx.reporter = true
	batch.size = 16384
	bootstrap.servers = [PLAINTEXT://localhost:32770]
	buffer.memory = 33554432
	client.dns.lookup = use_all_dns_ips
	client.id = Producer-topic-0f1c30b9_9418_41aa_85f8_bca4e435251d
	compression.gzip.level = -1
	compression.lz4.level = 9
	compression.type = none
	compression.zstd.level = 3
	connections.max.idle.ms = 10000
	delivery.timeout.ms = 120000
	enable.idempotence = true
	enable.metrics.push = true
	interceptor.classes = []
	key.serializer = class org.apache.kafka.common.serialization.StringSerializer
	linger.ms = 0
	max.block.ms = 60000
	max.in.flight.requests.per.connection = 5
	max.request.size = 1048576
	metadata.max.age.ms = 300000
	metadata.max.idle.ms = 300000
	metadata.recovery.strategy = none
	metric.reporters = []
	metrics.num.samples = 2
	metrics.recording.level = INFO
	metrics.sample.window.ms = 30000
	partitioner.adaptive.partitioning.enable = true
	partitioner.availability.timeout.ms = 0
	partitioner.class = null
	partitioner.ignore.keys = false
	receive.buffer.bytes = 32768
	reconnect.backoff.max.ms = 1000
	reconnect.backoff.ms = 50
	request.timeout.ms = 5000
	retries = 2147483647
	retry.backoff.max.ms = 1000
	retry.backoff.ms = 100
	sasl.client.callback.handler.class = null
	sasl.jaas.config = null
	sasl.kerberos.kinit.cmd = /usr/bin/kinit
	sasl.kerberos.min.time.before.relogin = 60000
	sasl.kerberos.service.name = null
	sasl.kerberos.ticket.renew.jitter = 0.05
	sasl.kerberos.ticket.renew.window.factor = 0.8
	sasl.login.callback.handler.class = null
	sasl.login.class = null
	sasl.login.connect.timeout.ms = null
	sasl.login.read.timeout.ms = null
	sasl.login.refresh.buffer.seconds = 300
	sasl.login.refresh.min.period.seconds = 60
	sasl.login.refresh.window.factor = 0.8
	sasl.login.refresh.window.jitter = 0.05
	sasl.login.retry.backoff.max.ms = 10000
	sasl.login.retry.backoff.ms = 100
	sasl.mechanism = GSSAPI
	sasl.oauthbearer.clock.skew.seconds = 30
	sasl.oauthbearer.expected.audience = null
	sasl.oauthbearer.expected.issuer = null
	sasl.oauthbearer.header.urlencode = false
	sasl.oauthbearer.jwks.endpoint.refresh.ms = 3600000
	sasl.oauthbearer.jwks.endpoint.retry.backoff.max.ms = 10000
	sasl.oauthbearer.jwks.endpoint.retry.backoff.ms = 100
	sasl.oauthbearer.jwks.endpoint.url = null
	sasl.oauthbearer.scope.claim.name = scope
	sasl.oauthbearer.sub.claim.name = sub
	sasl.oauthbearer.token.endpoint.url = null
	security.protocol = PLAINTEXT
	security.providers = null
	send.buffer.bytes = 131072
	socket.connection.setup.timeout.max.ms = 30000
	socket.connection.setup.timeout.ms = 10000
	ssl.cipher.suites = null
	ssl.enabled.protocols = [TLSv1.2, TLSv1.3]
	ssl.endpoint.identification.algorithm = https
	ssl.engine.factory.class = null
	ssl.key.password = null
	ssl.keymanager.algorithm = SunX509
	ssl.keystore.certificate.chain = null
	ssl.keystore.key = null
	ssl.keystore.location = null
	ssl.keystore.password = null
	ssl.keystore.type = JKS
	ssl.protocol = TLSv1.3
	ssl.provider = null
	ssl.secure.random.implementation = null
	ssl.trustmanager.algorithm = PKIX
	ssl.truststore.certificates = null
	ssl.truststore.location = null
	ssl.truststore.password = null
	ssl.truststore.type = JKS
	transaction.timeout.ms = 60000
	transactional.id = null
	value.serializer = class io.apicurio.registry.serde.avro.AvroKafkaSerializer

2025-07-31 17:04:10,541 INFO  [org.apa.kaf.com.tel.int.KafkaMetricsCollector] (main) initializing Kafka metrics collector
2025-07-31 17:04:10,545 INFO  [org.apa.kaf.cli.pro.KafkaProducer] (main) [Producer clientId=Producer-topic-0f1c30b9_9418_41aa_85f8_bca4e435251d] Instantiated an idempotent producer.
2025-07-31 17:04:10,553 INFO  [org.apa.kaf.cli.pro.ProducerConfig] (main) These configurations '[apicurio.registry.find-latest, apicurio.registry.artifact.group-id, apicurio.registry.url, apicurio.registry.artifact-resolver-strategy]' were supplied but are not used yet.
2025-07-31 17:04:10,554 INFO  [org.apa.kaf.com.uti.AppInfoParser] (main) Kafka version: 3.9.1
2025-07-31 17:04:10,554 INFO  [org.apa.kaf.com.uti.AppInfoParser] (main) Kafka commitId: f745dfdcee2b9851
2025-07-31 17:04:10,554 INFO  [org.apa.kaf.com.uti.AppInfoParser] (main) Kafka startTimeMs: 1753981450553
2025-07-31 17:04:10,554 INFO  [io.api.tes.ser.api.SimpleSerdesTesterBuilder$SimpleSerdesTester] (main) Using producer configuration: {apicurio.registry.find-latest=true, apicurio.registry.artifact.group-id=topic-0f1c30b9_9418_41aa_85f8_bca4e435251d, apicurio.registry.url=http://registry-app-mysql.apps.ci419.apicurio-testing.org:80/apis/registry/v3, apicurio.registry.artifact-resolver-strategy=io.apicurio.registry.serde.strategy.SimpleTopicIdStrategy, value.serializer=io.apicurio.registry.serde.avro.AvroKafkaSerializer, request.timeout.ms=5000, acks=all, bootstrap.servers=PLAINTEXT://localhost:32770, connections.max.idle.ms=10000, key.serializer=org.apache.kafka.common.serialization.StringSerializer, client.id=Producer-topic-0f1c30b9_9418_41aa_85f8_bca4e435251d}
2025-07-31 17:04:10,554 INFO  [io.api.tes.ser.api.SimpleSerdesTesterBuilder$SimpleSerdesTester] (main) Using consumer configuration: {}
2025-07-31 17:04:10,557 INFO  [io.api.tes.ser.api.KafkaSerdesTester] (Thread-600) Sending message {"key11753981449329": "value-0"} to topic topic-0f1c30b9_9418_41aa_85f8_bca4e435251d
2025-07-31 17:04:10,567 INFO  [org.apa.kaf.cli.Metadata] (kafka-producer-network-thread | Producer-topic-0f1c30b9_9418_41aa_85f8_bca4e435251d) [Producer clientId=Producer-topic-0f1c30b9_9418_41aa_85f8_bca4e435251d] Cluster ID: hHUi-5-6SnyFRAH2goQrJA
2025-07-31 17:04:10,572 INFO  [org.apa.kaf.cli.pro.int.TransactionManager] (kafka-producer-network-thread | Producer-topic-0f1c30b9_9418_41aa_85f8_bca4e435251d) [Producer clientId=Producer-topic-0f1c30b9_9418_41aa_85f8_bca4e435251d] ProducerId set to 1 with epoch 0
2025-07-31 17:04:10,893 INFO  [io.api.tes.ser.api.KafkaSerdesTester] (Thread-600) Sending message {"key11753981449329": "value-1"} to topic topic-0f1c30b9_9418_41aa_85f8_bca4e435251d
2025-07-31 17:04:10,896 INFO  [io.api.tes.ser.api.KafkaSerdesTester] (Thread-600) Sending message {"key11753981449329": "value-2"} to topic topic-0f1c30b9_9418_41aa_85f8_bca4e435251d
2025-07-31 17:04:10,898 INFO  [io.api.tes.ser.api.KafkaSerdesTester] (Thread-600) Sending message {"key11753981449329": "value-3"} to topic topic-0f1c30b9_9418_41aa_85f8_bca4e435251d
2025-07-31 17:04:10,901 INFO  [io.api.tes.ser.api.KafkaSerdesTester] (Thread-600) Sending message {"key11753981449329": "value-4"} to topic topic-0f1c30b9_9418_41aa_85f8_bca4e435251d
2025-07-31 17:04:10,904 INFO  [io.api.tes.ser.api.KafkaSerdesTester] (Thread-600) Sending message {"key11753981449329": "value-5"} to topic topic-0f1c30b9_9418_41aa_85f8_bca4e435251d
2025-07-31 17:04:10,907 INFO  [io.api.tes.ser.api.KafkaSerdesTester] (Thread-600) Sending message {"key11753981449329": "value-6"} to topic topic-0f1c30b9_9418_41aa_85f8_bca4e435251d
2025-07-31 17:04:10,909 INFO  [io.api.tes.ser.api.KafkaSerdesTester] (Thread-600) Sending message {"key11753981449329": "value-7"} to topic topic-0f1c30b9_9418_41aa_85f8_bca4e435251d
2025-07-31 17:04:10,912 INFO  [io.api.tes.ser.api.KafkaSerdesTester] (Thread-600) Sending message {"key11753981449329": "value-8"} to topic topic-0f1c30b9_9418_41aa_85f8_bca4e435251d
2025-07-31 17:04:10,914 INFO  [io.api.tes.ser.api.KafkaSerdesTester] (Thread-600) Sending message {"key11753981449329": "value-9"} to topic topic-0f1c30b9_9418_41aa_85f8_bca4e435251d
2025-07-31 17:04:10,916 INFO  [io.api.tes.ser.api.KafkaSerdesTester] (Thread-600) Produced 10 messages
2025-07-31 17:04:10,917 INFO  [org.apa.kaf.cli.pro.KafkaProducer] (Thread-600) [Producer clientId=Producer-topic-0f1c30b9_9418_41aa_85f8_bca4e435251d] Closing the Kafka producer with timeoutMillis = 9223372036854775807 ms.
2025-07-31 17:04:10,925 INFO  [org.apa.kaf.com.met.Metrics] (Thread-600) Metrics scheduler closed
2025-07-31 17:04:10,925 INFO  [org.apa.kaf.com.met.Metrics] (Thread-600) Closing reporter org.apache.kafka.common.metrics.JmxReporter
2025-07-31 17:04:10,926 INFO  [org.apa.kaf.com.met.Metrics] (Thread-600) Closing reporter org.apache.kafka.common.telemetry.internals.ClientTelemetryReporter
2025-07-31 17:04:10,926 INFO  [org.apa.kaf.com.met.Metrics] (Thread-600) Metrics reporters closed
2025-07-31 17:04:10,927 INFO  [org.apa.kaf.com.uti.AppInfoParser] (Thread-600) App info kafka.producer for Producer-topic-0f1c30b9_9418_41aa_85f8_bca4e435251d unregistered
**** Registry Base URL: http://registry-app-mysql.apps.ci419.apicurio-testing.org:80
2025-07-31 17:04:10,928 INFO  [org.apa.kaf.cli.con.ConsumerConfig] (main) ConsumerConfig values: 
	allow.auto.create.topics = true
	auto.commit.interval.ms = 500
	auto.include.jmx.reporter = true
	auto.offset.reset = earliest
	bootstrap.servers = [PLAINTEXT://localhost:32770]
	check.crcs = true
	client.dns.lookup = use_all_dns_ips
	client.id = consumer-Consumer-topic-0f1c30b9_9418_41aa_85f8_bca4e435251d-2
	client.rack = 
	connections.max.idle.ms = 10000
	default.api.timeout.ms = 60000
	enable.auto.commit = true
	enable.metrics.push = true
	exclude.internal.topics = true
	fetch.max.bytes = 52428800
	fetch.max.wait.ms = 500
	fetch.min.bytes = 1
	group.id = Consumer-topic-0f1c30b9_9418_41aa_85f8_bca4e435251d
	group.instance.id = null
	group.protocol = classic
	group.remote.assignor = null
	heartbeat.interval.ms = 3000
	interceptor.classes = []
	internal.leave.group.on.close = true
	internal.throw.on.fetch.stable.offset.unsupported = false
	isolation.level = read_uncommitted
	key.deserializer = class org.apache.kafka.common.serialization.StringDeserializer
	max.partition.fetch.bytes = 1048576
	max.poll.interval.ms = 300000
	max.poll.records = 500
	metadata.max.age.ms = 300000
	metadata.recovery.strategy = none
	metric.reporters = []
	metrics.num.samples = 2
	metrics.recording.level = INFO
	metrics.sample.window.ms = 30000
	partition.assignment.strategy = [class org.apache.kafka.clients.consumer.RangeAssignor, class org.apache.kafka.clients.consumer.CooperativeStickyAssignor]
	receive.buffer.bytes = 65536
	reconnect.backoff.max.ms = 1000
	reconnect.backoff.ms = 50
	request.timeout.ms = 5000
	retry.backoff.max.ms = 1000
	retry.backoff.ms = 100
	sasl.client.callback.handler.class = null
	sasl.jaas.config = null
	sasl.kerberos.kinit.cmd = /usr/bin/kinit
	sasl.kerberos.min.time.before.relogin = 60000
	sasl.kerberos.service.name = null
	sasl.kerberos.ticket.renew.jitter = 0.05
	sasl.kerberos.ticket.renew.window.factor = 0.8
	sasl.login.callback.handler.class = null
	sasl.login.class = null
	sasl.login.connect.timeout.ms = null
	sasl.login.read.timeout.ms = null
	sasl.login.refresh.buffer.seconds = 300
	sasl.login.refresh.min.period.seconds = 60
	sasl.login.refresh.window.factor = 0.8
	sasl.login.refresh.window.jitter = 0.05
	sasl.login.retry.backoff.max.ms = 10000
	sasl.login.retry.backoff.ms = 100
	sasl.mechanism = GSSAPI
	sasl.oauthbearer.clock.skew.seconds = 30
	sasl.oauthbearer.expected.audience = null
	sasl.oauthbearer.expected.issuer = null
	sasl.oauthbearer.header.urlencode = false
	sasl.oauthbearer.jwks.endpoint.refresh.ms = 3600000
	sasl.oauthbearer.jwks.endpoint.retry.backoff.max.ms = 10000
	sasl.oauthbearer.jwks.endpoint.retry.backoff.ms = 100
	sasl.oauthbearer.jwks.endpoint.url = null
	sasl.oauthbearer.scope.claim.name = scope
	sasl.oauthbearer.sub.claim.name = sub
	sasl.oauthbearer.token.endpoint.url = null
	security.protocol = PLAINTEXT
	security.providers = null
	send.buffer.bytes = 131072
	session.timeout.ms = 45000
	socket.connection.setup.timeout.max.ms = 30000
	socket.connection.setup.timeout.ms = 10000
	ssl.cipher.suites = null
	ssl.enabled.protocols = [TLSv1.2, TLSv1.3]
	ssl.endpoint.identification.algorithm = https
	ssl.engine.factory.class = null
	ssl.key.password = null
	ssl.keymanager.algorithm = SunX509
	ssl.keystore.certificate.chain = null
	ssl.keystore.key = null
	ssl.keystore.location = null
	ssl.keystore.password = null
	ssl.keystore.type = JKS
	ssl.protocol = TLSv1.3
	ssl.provider = null
	ssl.secure.random.implementation = null
	ssl.trustmanager.algorithm = PKIX
	ssl.truststore.certificates = null
	ssl.truststore.location = null
	ssl.truststore.password = null
	ssl.truststore.type = JKS
	value.deserializer = class io.apicurio.registry.serde.avro.AvroKafkaDeserializer

2025-07-31 17:04:10,928 INFO  [org.apa.kaf.com.tel.int.KafkaMetricsCollector] (main) initializing Kafka metrics collector
2025-07-31 17:04:10,943 INFO  [org.apa.kaf.cli.con.ConsumerConfig] (main) These configurations '[apicurio.registry.url]' were supplied but are not used yet.
2025-07-31 17:04:10,943 INFO  [org.apa.kaf.com.uti.AppInfoParser] (main) Kafka version: 3.9.1
2025-07-31 17:04:10,943 INFO  [org.apa.kaf.com.uti.AppInfoParser] (main) Kafka commitId: f745dfdcee2b9851
2025-07-31 17:04:10,943 INFO  [org.apa.kaf.com.uti.AppInfoParser] (main) Kafka startTimeMs: 1753981450943
2025-07-31 17:04:10,943 INFO  [org.apa.kaf.cli.con.int.ClassicKafkaConsumer] (Thread-603) [Consumer clientId=consumer-Consumer-topic-0f1c30b9_9418_41aa_85f8_bca4e435251d-2, groupId=Consumer-topic-0f1c30b9_9418_41aa_85f8_bca4e435251d] Subscribed to topic(s): topic-0f1c30b9_9418_41aa_85f8_bca4e435251d
2025-07-31 17:04:10,954 INFO  [org.apa.kaf.cli.Metadata] (Thread-603) [Consumer clientId=consumer-Consumer-topic-0f1c30b9_9418_41aa_85f8_bca4e435251d-2, groupId=Consumer-topic-0f1c30b9_9418_41aa_85f8_bca4e435251d] Cluster ID: hHUi-5-6SnyFRAH2goQrJA
2025-07-31 17:04:10,958 INFO  [org.apa.kaf.cli.con.int.ConsumerCoordinator] (Thread-603) [Consumer clientId=consumer-Consumer-topic-0f1c30b9_9418_41aa_85f8_bca4e435251d-2, groupId=Consumer-topic-0f1c30b9_9418_41aa_85f8_bca4e435251d] Discovered group coordinator localhost:32770 (id: 2147483647 rack: null)
2025-07-31 17:04:10,961 INFO  [org.apa.kaf.cli.con.int.ConsumerCoordinator] (Thread-603) [Consumer clientId=consumer-Consumer-topic-0f1c30b9_9418_41aa_85f8_bca4e435251d-2, groupId=Consumer-topic-0f1c30b9_9418_41aa_85f8_bca4e435251d] (Re-)joining group
2025-07-31 17:04:10,968 INFO  [org.apa.kaf.cli.con.int.ConsumerCoordinator] (Thread-603) [Consumer clientId=consumer-Consumer-topic-0f1c30b9_9418_41aa_85f8_bca4e435251d-2, groupId=Consumer-topic-0f1c30b9_9418_41aa_85f8_bca4e435251d] Request joining group due to: need to re-join with the given member-id: consumer-Consumer-topic-0f1c30b9_9418_41aa_85f8_bca4e435251d-2-2ae4db39-d40d-4d49-ba62-0552c1f320ac
2025-07-31 17:04:10,968 INFO  [org.apa.kaf.cli.con.int.ConsumerCoordinator] (Thread-603) [Consumer clientId=consumer-Consumer-topic-0f1c30b9_9418_41aa_85f8_bca4e435251d-2, groupId=Consumer-topic-0f1c30b9_9418_41aa_85f8_bca4e435251d] (Re-)joining group
2025-07-31 17:04:10,972 INFO  [org.apa.kaf.cli.con.int.ConsumerCoordinator] (Thread-603) [Consumer clientId=consumer-Consumer-topic-0f1c30b9_9418_41aa_85f8_bca4e435251d-2, groupId=Consumer-topic-0f1c30b9_9418_41aa_85f8_bca4e435251d] Successfully joined group with generation Generation{generationId=1, memberId='consumer-Consumer-topic-0f1c30b9_9418_41aa_85f8_bca4e435251d-2-2ae4db39-d40d-4d49-ba62-0552c1f320ac', protocol='range'}
2025-07-31 17:04:10,972 INFO  [org.apa.kaf.cli.con.int.ConsumerCoordinator] (Thread-603) [Consumer clientId=consumer-Consumer-topic-0f1c30b9_9418_41aa_85f8_bca4e435251d-2, groupId=Consumer-topic-0f1c30b9_9418_41aa_85f8_bca4e435251d] Finished assignment for group at generation 1: {consumer-Consumer-topic-0f1c30b9_9418_41aa_85f8_bca4e435251d-2-2ae4db39-d40d-4d49-ba62-0552c1f320ac=Assignment(partitions=[topic-0f1c30b9_9418_41aa_85f8_bca4e435251d-0])}
2025-07-31 17:04:10,980 INFO  [org.apa.kaf.cli.con.int.ConsumerCoordinator] (Thread-603) [Consumer clientId=consumer-Consumer-topic-0f1c30b9_9418_41aa_85f8_bca4e435251d-2, groupId=Consumer-topic-0f1c30b9_9418_41aa_85f8_bca4e435251d] Successfully synced group in generation Generation{generationId=1, memberId='consumer-Consumer-topic-0f1c30b9_9418_41aa_85f8_bca4e435251d-2-2ae4db39-d40d-4d49-ba62-0552c1f320ac', protocol='range'}
2025-07-31 17:04:10,981 INFO  [org.apa.kaf.cli.con.int.ConsumerCoordinator] (Thread-603) [Consumer clientId=consumer-Consumer-topic-0f1c30b9_9418_41aa_85f8_bca4e435251d-2, groupId=Consumer-topic-0f1c30b9_9418_41aa_85f8_bca4e435251d] Notifying assignor about the new Assignment(partitions=[topic-0f1c30b9_9418_41aa_85f8_bca4e435251d-0])
2025-07-31 17:04:10,981 INFO  [org.apa.kaf.cli.con.int.ConsumerRebalanceListenerInvoker] (Thread-603) [Consumer clientId=consumer-Consumer-topic-0f1c30b9_9418_41aa_85f8_bca4e435251d-2, groupId=Consumer-topic-0f1c30b9_9418_41aa_85f8_bca4e435251d] Adding newly assigned partitions: topic-0f1c30b9_9418_41aa_85f8_bca4e435251d-0
2025-07-31 17:04:10,983 INFO  [org.apa.kaf.cli.con.int.ConsumerCoordinator] (Thread-603) [Consumer clientId=consumer-Consumer-topic-0f1c30b9_9418_41aa_85f8_bca4e435251d-2, groupId=Consumer-topic-0f1c30b9_9418_41aa_85f8_bca4e435251d] Found no committed offset for partition topic-0f1c30b9_9418_41aa_85f8_bca4e435251d-0
2025-07-31 17:04:10,985 INFO  [org.apa.kaf.cli.con.int.SubscriptionState] (Thread-603) [Consumer clientId=consumer-Consumer-topic-0f1c30b9_9418_41aa_85f8_bca4e435251d-2, groupId=Consumer-topic-0f1c30b9_9418_41aa_85f8_bca4e435251d] Resetting offset for partition topic-0f1c30b9_9418_41aa_85f8_bca4e435251d-0 to position FetchPosition{offset=0, offsetEpoch=Optional.empty, currentLeader=LeaderAndEpoch{leader=Optional[localhost:32770 (id: 0 rack: null)], epoch=0}}.
2025-07-31 17:04:11,239 INFO  [io.api.tes.ser.api.KafkaSerdesTester] (Thread-603) topic-0f1c30b9_9418_41aa_85f8_bca4e435251d 0 0 {"key11753981449329": "value-0"}
2025-07-31 17:04:11,239 INFO  [io.api.tes.ser.api.KafkaSerdesTester] (Thread-603) topic-0f1c30b9_9418_41aa_85f8_bca4e435251d 0 1 {"key11753981449329": "value-1"}
2025-07-31 17:04:11,240 INFO  [io.api.tes.ser.api.KafkaSerdesTester] (Thread-603) topic-0f1c30b9_9418_41aa_85f8_bca4e435251d 0 2 {"key11753981449329": "value-2"}
2025-07-31 17:04:11,240 INFO  [io.api.tes.ser.api.KafkaSerdesTester] (Thread-603) topic-0f1c30b9_9418_41aa_85f8_bca4e435251d 0 3 {"key11753981449329": "value-3"}
2025-07-31 17:04:11,240 INFO  [io.api.tes.ser.api.KafkaSerdesTester] (Thread-603) topic-0f1c30b9_9418_41aa_85f8_bca4e435251d 0 4 {"key11753981449329": "value-4"}
2025-07-31 17:04:11,240 INFO  [io.api.tes.ser.api.KafkaSerdesTester] (Thread-603) topic-0f1c30b9_9418_41aa_85f8_bca4e435251d 0 5 {"key11753981449329": "value-5"}
2025-07-31 17:04:11,240 INFO  [io.api.tes.ser.api.KafkaSerdesTester] (Thread-603) topic-0f1c30b9_9418_41aa_85f8_bca4e435251d 0 6 {"key11753981449329": "value-6"}
2025-07-31 17:04:11,240 INFO  [io.api.tes.ser.api.KafkaSerdesTester] (Thread-603) topic-0f1c30b9_9418_41aa_85f8_bca4e435251d 0 7 {"key11753981449329": "value-7"}
2025-07-31 17:04:11,240 INFO  [io.api.tes.ser.api.KafkaSerdesTester] (Thread-603) topic-0f1c30b9_9418_41aa_85f8_bca4e435251d 0 8 {"key11753981449329": "value-8"}
2025-07-31 17:04:11,241 INFO  [io.api.tes.ser.api.KafkaSerdesTester] (Thread-603) topic-0f1c30b9_9418_41aa_85f8_bca4e435251d 0 9 {"key11753981449329": "value-9"}
2025-07-31 17:04:11,241 INFO  [io.api.tes.ser.api.KafkaSerdesTester] (Thread-603) Consumed 10 messages
2025-07-31 17:04:11,244 INFO  [org.apa.kaf.cli.con.int.ConsumerRebalanceListenerInvoker] (Thread-603) [Consumer clientId=consumer-Consumer-topic-0f1c30b9_9418_41aa_85f8_bca4e435251d-2, groupId=Consumer-topic-0f1c30b9_9418_41aa_85f8_bca4e435251d] Revoke previously assigned partitions topic-0f1c30b9_9418_41aa_85f8_bca4e435251d-0
2025-07-31 17:04:11,244 INFO  [org.apa.kaf.cli.con.int.ConsumerCoordinator] (Thread-603) [Consumer clientId=consumer-Consumer-topic-0f1c30b9_9418_41aa_85f8_bca4e435251d-2, groupId=Consumer-topic-0f1c30b9_9418_41aa_85f8_bca4e435251d] Member consumer-Consumer-topic-0f1c30b9_9418_41aa_85f8_bca4e435251d-2-2ae4db39-d40d-4d49-ba62-0552c1f320ac sending LeaveGroup request to coordinator localhost:32770 (id: 2147483647 rack: null) due to the consumer is being closed
2025-07-31 17:04:11,245 INFO  [org.apa.kaf.cli.con.int.ConsumerCoordinator] (Thread-603) [Consumer clientId=consumer-Consumer-topic-0f1c30b9_9418_41aa_85f8_bca4e435251d-2, groupId=Consumer-topic-0f1c30b9_9418_41aa_85f8_bca4e435251d] Resetting generation and member id due to: consumer pro-actively leaving the group
2025-07-31 17:04:11,245 INFO  [org.apa.kaf.cli.con.int.ConsumerCoordinator] (Thread-603) [Consumer clientId=consumer-Consumer-topic-0f1c30b9_9418_41aa_85f8_bca4e435251d-2, groupId=Consumer-topic-0f1c30b9_9418_41aa_85f8_bca4e435251d] Request joining group due to: consumer pro-actively leaving the group
2025-07-31 17:04:11,744 INFO  [org.apa.kaf.com.met.Metrics] (Thread-603) Metrics scheduler closed
2025-07-31 17:04:11,744 INFO  [org.apa.kaf.com.met.Metrics] (Thread-603) Closing reporter org.apache.kafka.common.metrics.JmxReporter
2025-07-31 17:04:11,744 INFO  [org.apa.kaf.com.met.Metrics] (Thread-603) Closing reporter org.apache.kafka.common.telemetry.internals.ClientTelemetryReporter
2025-07-31 17:04:11,744 INFO  [org.apa.kaf.com.met.Metrics] (Thread-603) Metrics reporters closed
2025-07-31 17:04:11,750 INFO  [org.apa.kaf.com.uti.AppInfoParser] (Thread-603) App info kafka.consumer for consumer-Consumer-topic-0f1c30b9_9418_41aa_85f8_bca4e435251d-2 unregistered
2025-07-31 17:04:11,752 INFO  [io.api.tes.uti.TestSeparator] (main) io.apicurio.tests.serdes.apicurio.AvroSerdeIT.testSimpleTopicIdStrategyFindLatest-FINISHED
2025-07-31 17:04:11,752 INFO  [io.api.tes.uti.TestSeparator] (main) ############################################################################
Test passed: testSimpleTopicIdStrategyFindLatest
]]></system-out>
  </testcase>
  <testcase name="testWrongSchema" classname="io.apicurio.tests.serdes.apicurio.AvroSerdeIT" time="1.417">
    <system-out><![CDATA[2025-07-31 17:04:11,754 INFO  [io.api.tes.uti.TestSeparator] (main) ############################################################################
2025-07-31 17:04:11,754 INFO  [io.api.tes.uti.TestSeparator] (main) io.apicurio.tests.serdes.apicurio.AvroSerdeIT.testWrongSchema-STARTED
**** Registry Base URL: http://registry-app-mysql.apps.ci419.apicurio-testing.org:80
2025-07-31 17:04:12,984 INFO  [org.apa.kaf.cli.pro.ProducerConfig] (main) ProducerConfig values: 
	acks = -1
	auto.include.jmx.reporter = true
	batch.size = 16384
	bootstrap.servers = [PLAINTEXT://localhost:32770]
	buffer.memory = 33554432
	client.dns.lookup = use_all_dns_ips
	client.id = Producer-sd7b46496xc2b7x4511x914ex856bac85b4ad
	compression.gzip.level = -1
	compression.lz4.level = 9
	compression.type = none
	compression.zstd.level = 3
	connections.max.idle.ms = 10000
	delivery.timeout.ms = 120000
	enable.idempotence = true
	enable.metrics.push = true
	interceptor.classes = []
	key.serializer = class org.apache.kafka.common.serialization.StringSerializer
	linger.ms = 0
	max.block.ms = 60000
	max.in.flight.requests.per.connection = 5
	max.request.size = 1048576
	metadata.max.age.ms = 300000
	metadata.max.idle.ms = 300000
	metadata.recovery.strategy = none
	metric.reporters = []
	metrics.num.samples = 2
	metrics.recording.level = INFO
	metrics.sample.window.ms = 30000
	partitioner.adaptive.partitioning.enable = true
	partitioner.availability.timeout.ms = 0
	partitioner.class = null
	partitioner.ignore.keys = false
	receive.buffer.bytes = 32768
	reconnect.backoff.max.ms = 1000
	reconnect.backoff.ms = 50
	request.timeout.ms = 5000
	retries = 2147483647
	retry.backoff.max.ms = 1000
	retry.backoff.ms = 100
	sasl.client.callback.handler.class = null
	sasl.jaas.config = null
	sasl.kerberos.kinit.cmd = /usr/bin/kinit
	sasl.kerberos.min.time.before.relogin = 60000
	sasl.kerberos.service.name = null
	sasl.kerberos.ticket.renew.jitter = 0.05
	sasl.kerberos.ticket.renew.window.factor = 0.8
	sasl.login.callback.handler.class = null
	sasl.login.class = null
	sasl.login.connect.timeout.ms = null
	sasl.login.read.timeout.ms = null
	sasl.login.refresh.buffer.seconds = 300
	sasl.login.refresh.min.period.seconds = 60
	sasl.login.refresh.window.factor = 0.8
	sasl.login.refresh.window.jitter = 0.05
	sasl.login.retry.backoff.max.ms = 10000
	sasl.login.retry.backoff.ms = 100
	sasl.mechanism = GSSAPI
	sasl.oauthbearer.clock.skew.seconds = 30
	sasl.oauthbearer.expected.audience = null
	sasl.oauthbearer.expected.issuer = null
	sasl.oauthbearer.header.urlencode = false
	sasl.oauthbearer.jwks.endpoint.refresh.ms = 3600000
	sasl.oauthbearer.jwks.endpoint.retry.backoff.max.ms = 10000
	sasl.oauthbearer.jwks.endpoint.retry.backoff.ms = 100
	sasl.oauthbearer.jwks.endpoint.url = null
	sasl.oauthbearer.scope.claim.name = scope
	sasl.oauthbearer.sub.claim.name = sub
	sasl.oauthbearer.token.endpoint.url = null
	security.protocol = PLAINTEXT
	security.providers = null
	send.buffer.bytes = 131072
	socket.connection.setup.timeout.max.ms = 30000
	socket.connection.setup.timeout.ms = 10000
	ssl.cipher.suites = null
	ssl.enabled.protocols = [TLSv1.2, TLSv1.3]
	ssl.endpoint.identification.algorithm = https
	ssl.engine.factory.class = null
	ssl.key.password = null
	ssl.keymanager.algorithm = SunX509
	ssl.keystore.certificate.chain = null
	ssl.keystore.key = null
	ssl.keystore.location = null
	ssl.keystore.password = null
	ssl.keystore.type = JKS
	ssl.protocol = TLSv1.3
	ssl.provider = null
	ssl.secure.random.implementation = null
	ssl.trustmanager.algorithm = PKIX
	ssl.truststore.certificates = null
	ssl.truststore.location = null
	ssl.truststore.password = null
	ssl.truststore.type = JKS
	transaction.timeout.ms = 60000
	transactional.id = null
	value.serializer = class io.apicurio.registry.serde.avro.AvroKafkaSerializer

2025-07-31 17:04:12,984 INFO  [org.apa.kaf.com.tel.int.KafkaMetricsCollector] (main) initializing Kafka metrics collector
2025-07-31 17:04:12,988 INFO  [org.apa.kaf.cli.pro.KafkaProducer] (main) [Producer clientId=Producer-sd7b46496xc2b7x4511x914ex856bac85b4ad] Instantiated an idempotent producer.
2025-07-31 17:04:12,991 INFO  [org.apa.kaf.cli.pro.ProducerConfig] (main) These configurations '[apicurio.registry.find-latest, apicurio.registry.url, apicurio.registry.artifact-resolver-strategy]' were supplied but are not used yet.
2025-07-31 17:04:12,991 INFO  [org.apa.kaf.com.uti.AppInfoParser] (main) Kafka version: 3.9.1
2025-07-31 17:04:12,991 INFO  [org.apa.kaf.com.uti.AppInfoParser] (main) Kafka commitId: f745dfdcee2b9851
2025-07-31 17:04:12,992 INFO  [org.apa.kaf.com.uti.AppInfoParser] (main) Kafka startTimeMs: 1753981452991
2025-07-31 17:04:12,995 INFO  [io.api.tes.ser.api.KafkaSerdesTester] (Thread-606) Sending message {"keyB": "value-0"} to topic sd7b46496xc2b7x4511x914ex856bac85b4ad
2025-07-31 17:04:13,002 INFO  [org.apa.kaf.cli.Metadata] (kafka-producer-network-thread | Producer-sd7b46496xc2b7x4511x914ex856bac85b4ad) [Producer clientId=Producer-sd7b46496xc2b7x4511x914ex856bac85b4ad] Cluster ID: hHUi-5-6SnyFRAH2goQrJA
2025-07-31 17:04:13,002 INFO  [org.apa.kaf.cli.pro.int.TransactionManager] (kafka-producer-network-thread | Producer-sd7b46496xc2b7x4511x914ex856bac85b4ad) [Producer clientId=Producer-sd7b46496xc2b7x4511x914ex856bac85b4ad] ProducerId set to 2 with epoch 0
2025-07-31 17:04:13,165 INFO  [org.apa.kaf.cli.pro.KafkaProducer] (Thread-606) [Producer clientId=Producer-sd7b46496xc2b7x4511x914ex856bac85b4ad] Closing the Kafka producer with timeoutMillis = 9223372036854775807 ms.
2025-07-31 17:04:13,168 INFO  [org.apa.kaf.com.met.Metrics] (Thread-606) Metrics scheduler closed
2025-07-31 17:04:13,168 INFO  [org.apa.kaf.com.met.Metrics] (Thread-606) Closing reporter org.apache.kafka.common.metrics.JmxReporter
2025-07-31 17:04:13,168 INFO  [org.apa.kaf.com.met.Metrics] (Thread-606) Closing reporter org.apache.kafka.common.telemetry.internals.ClientTelemetryReporter
2025-07-31 17:04:13,168 INFO  [org.apa.kaf.com.met.Metrics] (Thread-606) Metrics reporters closed
2025-07-31 17:04:13,168 INFO  [org.apa.kaf.com.uti.AppInfoParser] (Thread-606) App info kafka.producer for Producer-sd7b46496xc2b7x4511x914ex856bac85b4ad unregistered
2025-07-31 17:04:13,170 INFO  [io.api.tes.uti.TestSeparator] (main) io.apicurio.tests.serdes.apicurio.AvroSerdeIT.testWrongSchema-FINISHED
2025-07-31 17:04:13,170 INFO  [io.api.tes.uti.TestSeparator] (main) ############################################################################
Test passed: testWrongSchema
]]></system-out>
    <system-err><![CDATA[io.apicurio.registry.rest.client.models.ProblemDetails
	at io.apicurio.registry.rest.client.models.ProblemDetails.createFromDiscriminatorValue(ProblemDetails.java:58)
	at io.kiota.serialization.json.JsonParseNode.getObjectValue(JsonParseNode.java:247)
	at io.kiota.http.vertx.VertXRequestAdapter.lambda$throwIfFailedResponse$0(VertXRequestAdapter.java:400)
	at com.microsoft.kiota.ApiExceptionBuilder.<init>(ApiExceptionBuilder.java:26)
	at io.kiota.http.vertx.VertXRequestAdapter.throwIfFailedResponse(VertXRequestAdapter.java:399)
	at io.kiota.http.vertx.VertXRequestAdapter.send(VertXRequestAdapter.java:170)
	at io.apicurio.registry.rest.client.groups.item.artifacts.item.versions.item.WithVersionExpressionItemRequestBuilder.get(WithVersionExpressionItemRequestBuilder.java:128)
	at io.apicurio.registry.rest.client.groups.item.artifacts.item.versions.item.WithVersionExpressionItemRequestBuilder.get(WithVersionExpressionItemRequestBuilder.java:111)
	at io.apicurio.registry.resolver.client.RegistryClientFacadeImpl.getVersionCoordinatesByGAV(RegistryClientFacadeImpl.java:153)
	at io.apicurio.registry.resolver.DefaultSchemaResolver.resolveByCoordinates(DefaultSchemaResolver.java:352)
	at io.apicurio.registry.resolver.DefaultSchemaResolver.lambda$resolveSchemaByArtifactReferenceCached$6(DefaultSchemaResolver.java:340)
	at io.apicurio.registry.resolver.cache.ERCache.lambda$getValue$0(ERCache.java:174)
	at io.apicurio.registry.resolver.cache.ERCache.retry(ERCache.java:227)
	at io.apicurio.registry.resolver.cache.ERCache.getValue(ERCache.java:173)
	at io.apicurio.registry.resolver.cache.ERCache.getByArtifactCoordinates(ERCache.java:158)
	at io.apicurio.registry.resolver.DefaultSchemaResolver.resolveSchemaByArtifactReferenceCached(DefaultSchemaResolver.java:338)
	at io.apicurio.registry.resolver.DefaultSchemaResolver.resolveSchemaByCoordinates(DefaultSchemaResolver.java:193)
	at io.apicurio.registry.resolver.DefaultSchemaResolver.getSchemaFromRegistry(DefaultSchemaResolver.java:130)
	at io.apicurio.registry.resolver.DefaultSchemaResolver.lambda$resolveSchema$0(DefaultSchemaResolver.java:84)
	at java.base/java.util.Optional.orElseGet(Optional.java:364)
	at io.apicurio.registry.resolver.DefaultSchemaResolver.resolveSchema(DefaultSchemaResolver.java:84)
	at io.apicurio.registry.serde.AbstractSerializer.serializeData(AbstractSerializer.java:62)
	at io.apicurio.registry.serde.KafkaSerializer.serialize(KafkaSerializer.java:77)
	at org.apache.kafka.clients.producer.KafkaProducer.doSend(KafkaProducer.java:1046)
	at org.apache.kafka.clients.producer.KafkaProducer.send(KafkaProducer.java:993)
	at org.apache.kafka.clients.producer.KafkaProducer.send(KafkaProducer.java:875)
	at io.apicurio.tests.serdes.apicurio.KafkaSerdesTester.lambda$produceMessages$3(KafkaSerdesTester.java:138)
	at java.base/java.util.concurrent.CompletableFuture$AsyncSupply.run(CompletableFuture.java:1768)
	at java.base/java.lang.Thread.run(Thread.java:840)
]]></system-err>
  </testcase>
  <testcase name="testAvroJSON" classname="io.apicurio.tests.serdes.apicurio.AvroSerdeIT" time="1.38">
    <system-out><![CDATA[2025-07-31 17:04:13,171 INFO  [io.api.tes.uti.TestSeparator] (main) ############################################################################
2025-07-31 17:04:13,171 INFO  [io.api.tes.uti.TestSeparator] (main) io.apicurio.tests.serdes.apicurio.AvroSerdeIT.testAvroJSON-STARTED
**** Registry Base URL: http://registry-app-mysql.apps.ci419.apicurio-testing.org:80
2025-07-31 17:04:13,176 INFO  [org.apa.kaf.cli.pro.ProducerConfig] (main) ProducerConfig values: 
	acks = -1
	auto.include.jmx.reporter = true
	batch.size = 16384
	bootstrap.servers = [PLAINTEXT://localhost:32770]
	buffer.memory = 33554432
	client.dns.lookup = use_all_dns_ips
	client.id = Producer-topic-10c5a1c8_9583_445c_9130_55ca5b6a4ec6
	compression.gzip.level = -1
	compression.lz4.level = 9
	compression.type = none
	compression.zstd.level = 3
	connections.max.idle.ms = 10000
	delivery.timeout.ms = 120000
	enable.idempotence = true
	enable.metrics.push = true
	interceptor.classes = []
	key.serializer = class org.apache.kafka.common.serialization.StringSerializer
	linger.ms = 0
	max.block.ms = 60000
	max.in.flight.requests.per.connection = 5
	max.request.size = 1048576
	metadata.max.age.ms = 300000
	metadata.max.idle.ms = 300000
	metadata.recovery.strategy = none
	metric.reporters = []
	metrics.num.samples = 2
	metrics.recording.level = INFO
	metrics.sample.window.ms = 30000
	partitioner.adaptive.partitioning.enable = true
	partitioner.availability.timeout.ms = 0
	partitioner.class = null
	partitioner.ignore.keys = false
	receive.buffer.bytes = 32768
	reconnect.backoff.max.ms = 1000
	reconnect.backoff.ms = 50
	request.timeout.ms = 5000
	retries = 2147483647
	retry.backoff.max.ms = 1000
	retry.backoff.ms = 100
	sasl.client.callback.handler.class = null
	sasl.jaas.config = null
	sasl.kerberos.kinit.cmd = /usr/bin/kinit
	sasl.kerberos.min.time.before.relogin = 60000
	sasl.kerberos.service.name = null
	sasl.kerberos.ticket.renew.jitter = 0.05
	sasl.kerberos.ticket.renew.window.factor = 0.8
	sasl.login.callback.handler.class = null
	sasl.login.class = null
	sasl.login.connect.timeout.ms = null
	sasl.login.read.timeout.ms = null
	sasl.login.refresh.buffer.seconds = 300
	sasl.login.refresh.min.period.seconds = 60
	sasl.login.refresh.window.factor = 0.8
	sasl.login.refresh.window.jitter = 0.05
	sasl.login.retry.backoff.max.ms = 10000
	sasl.login.retry.backoff.ms = 100
	sasl.mechanism = GSSAPI
	sasl.oauthbearer.clock.skew.seconds = 30
	sasl.oauthbearer.expected.audience = null
	sasl.oauthbearer.expected.issuer = null
	sasl.oauthbearer.header.urlencode = false
	sasl.oauthbearer.jwks.endpoint.refresh.ms = 3600000
	sasl.oauthbearer.jwks.endpoint.retry.backoff.max.ms = 10000
	sasl.oauthbearer.jwks.endpoint.retry.backoff.ms = 100
	sasl.oauthbearer.jwks.endpoint.url = null
	sasl.oauthbearer.scope.claim.name = scope
	sasl.oauthbearer.sub.claim.name = sub
	sasl.oauthbearer.token.endpoint.url = null
	security.protocol = PLAINTEXT
	security.providers = null
	send.buffer.bytes = 131072
	socket.connection.setup.timeout.max.ms = 30000
	socket.connection.setup.timeout.ms = 10000
	ssl.cipher.suites = null
	ssl.enabled.protocols = [TLSv1.2, TLSv1.3]
	ssl.endpoint.identification.algorithm = https
	ssl.engine.factory.class = null
	ssl.key.password = null
	ssl.keymanager.algorithm = SunX509
	ssl.keystore.certificate.chain = null
	ssl.keystore.key = null
	ssl.keystore.location = null
	ssl.keystore.password = null
	ssl.keystore.type = JKS
	ssl.protocol = TLSv1.3
	ssl.provider = null
	ssl.secure.random.implementation = null
	ssl.trustmanager.algorithm = PKIX
	ssl.truststore.certificates = null
	ssl.truststore.location = null
	ssl.truststore.password = null
	ssl.truststore.type = JKS
	transaction.timeout.ms = 60000
	transactional.id = null
	value.serializer = class io.apicurio.registry.serde.avro.AvroKafkaSerializer

2025-07-31 17:04:13,176 INFO  [org.apa.kaf.com.tel.int.KafkaMetricsCollector] (main) initializing Kafka metrics collector
2025-07-31 17:04:13,190 INFO  [org.apa.kaf.cli.pro.KafkaProducer] (main) [Producer clientId=Producer-topic-10c5a1c8_9583_445c_9130_55ca5b6a4ec6] Instantiated an idempotent producer.
2025-07-31 17:04:13,201 INFO  [org.apa.kaf.cli.pro.ProducerConfig] (main) These configurations '[apicurio.registry.avro.encoding, apicurio.registry.url, apicurio.registry.auto-register, apicurio.registry.artifact-resolver-strategy]' were supplied but are not used yet.
2025-07-31 17:04:13,201 INFO  [org.apa.kaf.com.uti.AppInfoParser] (main) Kafka version: 3.9.1
2025-07-31 17:04:13,202 INFO  [org.apa.kaf.com.uti.AppInfoParser] (main) Kafka commitId: f745dfdcee2b9851
2025-07-31 17:04:13,202 INFO  [org.apa.kaf.com.uti.AppInfoParser] (main) Kafka startTimeMs: 1753981453201
2025-07-31 17:04:13,204 INFO  [io.api.tes.ser.api.SimpleSerdesTesterBuilder$SimpleSerdesTester] (main) Using producer configuration: {apicurio.registry.avro.encoding=JSON, apicurio.registry.url=http://registry-app-mysql.apps.ci419.apicurio-testing.org:80/apis/registry/v3, apicurio.registry.auto-register=true, apicurio.registry.artifact-resolver-strategy=io.apicurio.registry.serde.strategy.TopicIdStrategy, value.serializer=io.apicurio.registry.serde.avro.AvroKafkaSerializer, request.timeout.ms=5000, acks=all, bootstrap.servers=PLAINTEXT://localhost:32770, connections.max.idle.ms=10000, key.serializer=org.apache.kafka.common.serialization.StringSerializer, client.id=Producer-topic-10c5a1c8_9583_445c_9130_55ca5b6a4ec6}
2025-07-31 17:04:13,205 INFO  [io.api.tes.ser.api.SimpleSerdesTesterBuilder$SimpleSerdesTester] (main) Using consumer configuration: {apicurio.registry.avro.encoding=JSON}
2025-07-31 17:04:13,207 INFO  [io.api.tes.ser.api.KafkaSerdesTester] (Thread-609) Sending message {"bar": "value-0"} to topic topic-10c5a1c8_9583_445c_9130_55ca5b6a4ec6
2025-07-31 17:04:13,224 WARN  [org.apa.kaf.cli.NetworkClient] (kafka-producer-network-thread | Producer-topic-10c5a1c8_9583_445c_9130_55ca5b6a4ec6) [Producer clientId=Producer-topic-10c5a1c8_9583_445c_9130_55ca5b6a4ec6] The metadata response from the cluster reported a recoverable issue with correlation id 2 : {topic-10c5a1c8_9583_445c_9130_55ca5b6a4ec6=LEADER_NOT_AVAILABLE}
2025-07-31 17:04:13,224 INFO  [org.apa.kaf.cli.Metadata] (kafka-producer-network-thread | Producer-topic-10c5a1c8_9583_445c_9130_55ca5b6a4ec6) [Producer clientId=Producer-topic-10c5a1c8_9583_445c_9130_55ca5b6a4ec6] Cluster ID: hHUi-5-6SnyFRAH2goQrJA
2025-07-31 17:04:13,226 INFO  [org.apa.kaf.cli.pro.int.TransactionManager] (kafka-producer-network-thread | Producer-topic-10c5a1c8_9583_445c_9130_55ca5b6a4ec6) [Producer clientId=Producer-topic-10c5a1c8_9583_445c_9130_55ca5b6a4ec6] ProducerId set to 3 with epoch 0
2025-07-31 17:04:13,539 INFO  [io.api.tes.ser.api.KafkaSerdesTester] (Thread-609) Sending message {"bar": "value-1"} to topic topic-10c5a1c8_9583_445c_9130_55ca5b6a4ec6
2025-07-31 17:04:13,542 INFO  [io.api.tes.ser.api.KafkaSerdesTester] (Thread-609) Sending message {"bar": "value-2"} to topic topic-10c5a1c8_9583_445c_9130_55ca5b6a4ec6
2025-07-31 17:04:13,545 INFO  [io.api.tes.ser.api.KafkaSerdesTester] (Thread-609) Sending message {"bar": "value-3"} to topic topic-10c5a1c8_9583_445c_9130_55ca5b6a4ec6
2025-07-31 17:04:13,547 INFO  [io.api.tes.ser.api.KafkaSerdesTester] (Thread-609) Sending message {"bar": "value-4"} to topic topic-10c5a1c8_9583_445c_9130_55ca5b6a4ec6
2025-07-31 17:04:13,551 INFO  [io.api.tes.ser.api.KafkaSerdesTester] (Thread-609) Sending message {"bar": "value-5"} to topic topic-10c5a1c8_9583_445c_9130_55ca5b6a4ec6
2025-07-31 17:04:13,556 INFO  [io.api.tes.ser.api.KafkaSerdesTester] (Thread-609) Sending message {"bar": "value-6"} to topic topic-10c5a1c8_9583_445c_9130_55ca5b6a4ec6
2025-07-31 17:04:13,560 INFO  [io.api.tes.ser.api.KafkaSerdesTester] (Thread-609) Sending message {"bar": "value-7"} to topic topic-10c5a1c8_9583_445c_9130_55ca5b6a4ec6
2025-07-31 17:04:13,566 INFO  [io.api.tes.ser.api.KafkaSerdesTester] (Thread-609) Sending message {"bar": "value-8"} to topic topic-10c5a1c8_9583_445c_9130_55ca5b6a4ec6
2025-07-31 17:04:13,569 INFO  [io.api.tes.ser.api.KafkaSerdesTester] (Thread-609) Sending message {"bar": "value-9"} to topic topic-10c5a1c8_9583_445c_9130_55ca5b6a4ec6
2025-07-31 17:04:13,572 INFO  [io.api.tes.ser.api.KafkaSerdesTester] (Thread-609) Produced 10 messages
2025-07-31 17:04:13,572 INFO  [org.apa.kaf.cli.pro.KafkaProducer] (Thread-609) [Producer clientId=Producer-topic-10c5a1c8_9583_445c_9130_55ca5b6a4ec6] Closing the Kafka producer with timeoutMillis = 9223372036854775807 ms.
2025-07-31 17:04:13,576 INFO  [org.apa.kaf.com.met.Metrics] (Thread-609) Metrics scheduler closed
2025-07-31 17:04:13,576 INFO  [org.apa.kaf.com.met.Metrics] (Thread-609) Closing reporter org.apache.kafka.common.metrics.JmxReporter
2025-07-31 17:04:13,576 INFO  [org.apa.kaf.com.met.Metrics] (Thread-609) Closing reporter org.apache.kafka.common.telemetry.internals.ClientTelemetryReporter
2025-07-31 17:04:13,577 INFO  [org.apa.kaf.com.met.Metrics] (Thread-609) Metrics reporters closed
2025-07-31 17:04:13,577 INFO  [org.apa.kaf.com.uti.AppInfoParser] (Thread-609) App info kafka.producer for Producer-topic-10c5a1c8_9583_445c_9130_55ca5b6a4ec6 unregistered
**** Registry Base URL: http://registry-app-mysql.apps.ci419.apicurio-testing.org:80
2025-07-31 17:04:13,749 INFO  [org.apa.kaf.cli.con.ConsumerConfig] (main) ConsumerConfig values: 
	allow.auto.create.topics = true
	auto.commit.interval.ms = 500
	auto.include.jmx.reporter = true
	auto.offset.reset = earliest
	bootstrap.servers = [PLAINTEXT://localhost:32770]
	check.crcs = true
	client.dns.lookup = use_all_dns_ips
	client.id = consumer-Consumer-topic-10c5a1c8_9583_445c_9130_55ca5b6a4ec6-3
	client.rack = 
	connections.max.idle.ms = 10000
	default.api.timeout.ms = 60000
	enable.auto.commit = true
	enable.metrics.push = true
	exclude.internal.topics = true
	fetch.max.bytes = 52428800
	fetch.max.wait.ms = 500
	fetch.min.bytes = 1
	group.id = Consumer-topic-10c5a1c8_9583_445c_9130_55ca5b6a4ec6
	group.instance.id = null
	group.protocol = classic
	group.remote.assignor = null
	heartbeat.interval.ms = 3000
	interceptor.classes = []
	internal.leave.group.on.close = true
	internal.throw.on.fetch.stable.offset.unsupported = false
	isolation.level = read_uncommitted
	key.deserializer = class org.apache.kafka.common.serialization.StringDeserializer
	max.partition.fetch.bytes = 1048576
	max.poll.interval.ms = 300000
	max.poll.records = 500
	metadata.max.age.ms = 300000
	metadata.recovery.strategy = none
	metric.reporters = []
	metrics.num.samples = 2
	metrics.recording.level = INFO
	metrics.sample.window.ms = 30000
	partition.assignment.strategy = [class org.apache.kafka.clients.consumer.RangeAssignor, class org.apache.kafka.clients.consumer.CooperativeStickyAssignor]
	receive.buffer.bytes = 65536
	reconnect.backoff.max.ms = 1000
	reconnect.backoff.ms = 50
	request.timeout.ms = 5000
	retry.backoff.max.ms = 1000
	retry.backoff.ms = 100
	sasl.client.callback.handler.class = null
	sasl.jaas.config = null
	sasl.kerberos.kinit.cmd = /usr/bin/kinit
	sasl.kerberos.min.time.before.relogin = 60000
	sasl.kerberos.service.name = null
	sasl.kerberos.ticket.renew.jitter = 0.05
	sasl.kerberos.ticket.renew.window.factor = 0.8
	sasl.login.callback.handler.class = null
	sasl.login.class = null
	sasl.login.connect.timeout.ms = null
	sasl.login.read.timeout.ms = null
	sasl.login.refresh.buffer.seconds = 300
	sasl.login.refresh.min.period.seconds = 60
	sasl.login.refresh.window.factor = 0.8
	sasl.login.refresh.window.jitter = 0.05
	sasl.login.retry.backoff.max.ms = 10000
	sasl.login.retry.backoff.ms = 100
	sasl.mechanism = GSSAPI
	sasl.oauthbearer.clock.skew.seconds = 30
	sasl.oauthbearer.expected.audience = null
	sasl.oauthbearer.expected.issuer = null
	sasl.oauthbearer.header.urlencode = false
	sasl.oauthbearer.jwks.endpoint.refresh.ms = 3600000
	sasl.oauthbearer.jwks.endpoint.retry.backoff.max.ms = 10000
	sasl.oauthbearer.jwks.endpoint.retry.backoff.ms = 100
	sasl.oauthbearer.jwks.endpoint.url = null
	sasl.oauthbearer.scope.claim.name = scope
	sasl.oauthbearer.sub.claim.name = sub
	sasl.oauthbearer.token.endpoint.url = null
	security.protocol = PLAINTEXT
	security.providers = null
	send.buffer.bytes = 131072
	session.timeout.ms = 45000
	socket.connection.setup.timeout.max.ms = 30000
	socket.connection.setup.timeout.ms = 10000
	ssl.cipher.suites = null
	ssl.enabled.protocols = [TLSv1.2, TLSv1.3]
	ssl.endpoint.identification.algorithm = https
	ssl.engine.factory.class = null
	ssl.key.password = null
	ssl.keymanager.algorithm = SunX509
	ssl.keystore.certificate.chain = null
	ssl.keystore.key = null
	ssl.keystore.location = null
	ssl.keystore.password = null
	ssl.keystore.type = JKS
	ssl.protocol = TLSv1.3
	ssl.provider = null
	ssl.secure.random.implementation = null
	ssl.trustmanager.algorithm = PKIX
	ssl.truststore.certificates = null
	ssl.truststore.location = null
	ssl.truststore.password = null
	ssl.truststore.type = JKS
	value.deserializer = class io.apicurio.registry.serde.avro.AvroKafkaDeserializer

2025-07-31 17:04:13,750 INFO  [org.apa.kaf.com.tel.int.KafkaMetricsCollector] (main) initializing Kafka metrics collector
2025-07-31 17:04:13,759 INFO  [org.apa.kaf.cli.con.ConsumerConfig] (main) These configurations '[apicurio.registry.avro.encoding, apicurio.registry.url]' were supplied but are not used yet.
2025-07-31 17:04:13,759 INFO  [org.apa.kaf.com.uti.AppInfoParser] (main) Kafka version: 3.9.1
2025-07-31 17:04:13,759 INFO  [org.apa.kaf.com.uti.AppInfoParser] (main) Kafka commitId: f745dfdcee2b9851
2025-07-31 17:04:13,759 INFO  [org.apa.kaf.com.uti.AppInfoParser] (main) Kafka startTimeMs: 1753981453759
2025-07-31 17:04:13,760 INFO  [org.apa.kaf.cli.con.int.ClassicKafkaConsumer] (Thread-612) [Consumer clientId=consumer-Consumer-topic-10c5a1c8_9583_445c_9130_55ca5b6a4ec6-3, groupId=Consumer-topic-10c5a1c8_9583_445c_9130_55ca5b6a4ec6] Subscribed to topic(s): topic-10c5a1c8_9583_445c_9130_55ca5b6a4ec6
2025-07-31 17:04:13,767 INFO  [org.apa.kaf.cli.Metadata] (Thread-612) [Consumer clientId=consumer-Consumer-topic-10c5a1c8_9583_445c_9130_55ca5b6a4ec6-3, groupId=Consumer-topic-10c5a1c8_9583_445c_9130_55ca5b6a4ec6] Cluster ID: hHUi-5-6SnyFRAH2goQrJA
2025-07-31 17:04:13,769 INFO  [org.apa.kaf.cli.con.int.ConsumerCoordinator] (Thread-612) [Consumer clientId=consumer-Consumer-topic-10c5a1c8_9583_445c_9130_55ca5b6a4ec6-3, groupId=Consumer-topic-10c5a1c8_9583_445c_9130_55ca5b6a4ec6] Discovered group coordinator localhost:32770 (id: 2147483647 rack: null)
2025-07-31 17:04:13,771 INFO  [org.apa.kaf.cli.con.int.ConsumerCoordinator] (Thread-612) [Consumer clientId=consumer-Consumer-topic-10c5a1c8_9583_445c_9130_55ca5b6a4ec6-3, groupId=Consumer-topic-10c5a1c8_9583_445c_9130_55ca5b6a4ec6] (Re-)joining group
2025-07-31 17:04:13,776 INFO  [org.apa.kaf.cli.con.int.ConsumerCoordinator] (Thread-612) [Consumer clientId=consumer-Consumer-topic-10c5a1c8_9583_445c_9130_55ca5b6a4ec6-3, groupId=Consumer-topic-10c5a1c8_9583_445c_9130_55ca5b6a4ec6] Request joining group due to: need to re-join with the given member-id: consumer-Consumer-topic-10c5a1c8_9583_445c_9130_55ca5b6a4ec6-3-172ce03e-a174-457b-a3f1-597f733553be
2025-07-31 17:04:13,776 INFO  [org.apa.kaf.cli.con.int.ConsumerCoordinator] (Thread-612) [Consumer clientId=consumer-Consumer-topic-10c5a1c8_9583_445c_9130_55ca5b6a4ec6-3, groupId=Consumer-topic-10c5a1c8_9583_445c_9130_55ca5b6a4ec6] (Re-)joining group
2025-07-31 17:04:13,781 INFO  [org.apa.kaf.cli.con.int.ConsumerCoordinator] (Thread-612) [Consumer clientId=consumer-Consumer-topic-10c5a1c8_9583_445c_9130_55ca5b6a4ec6-3, groupId=Consumer-topic-10c5a1c8_9583_445c_9130_55ca5b6a4ec6] Successfully joined group with generation Generation{generationId=1, memberId='consumer-Consumer-topic-10c5a1c8_9583_445c_9130_55ca5b6a4ec6-3-172ce03e-a174-457b-a3f1-597f733553be', protocol='range'}
2025-07-31 17:04:13,783 INFO  [org.apa.kaf.cli.con.int.ConsumerCoordinator] (Thread-612) [Consumer clientId=consumer-Consumer-topic-10c5a1c8_9583_445c_9130_55ca5b6a4ec6-3, groupId=Consumer-topic-10c5a1c8_9583_445c_9130_55ca5b6a4ec6] Finished assignment for group at generation 1: {consumer-Consumer-topic-10c5a1c8_9583_445c_9130_55ca5b6a4ec6-3-172ce03e-a174-457b-a3f1-597f733553be=Assignment(partitions=[topic-10c5a1c8_9583_445c_9130_55ca5b6a4ec6-0])}
2025-07-31 17:04:13,790 INFO  [org.apa.kaf.cli.con.int.ConsumerCoordinator] (kafka-coordinator-heartbeat-thread | Consumer-topic-10c5a1c8_9583_445c_9130_55ca5b6a4ec6) [Consumer clientId=consumer-Consumer-topic-10c5a1c8_9583_445c_9130_55ca5b6a4ec6-3, groupId=Consumer-topic-10c5a1c8_9583_445c_9130_55ca5b6a4ec6] Successfully synced group in generation Generation{generationId=1, memberId='consumer-Consumer-topic-10c5a1c8_9583_445c_9130_55ca5b6a4ec6-3-172ce03e-a174-457b-a3f1-597f733553be', protocol='range'}
2025-07-31 17:04:13,791 INFO  [org.apa.kaf.cli.con.int.ConsumerCoordinator] (Thread-612) [Consumer clientId=consumer-Consumer-topic-10c5a1c8_9583_445c_9130_55ca5b6a4ec6-3, groupId=Consumer-topic-10c5a1c8_9583_445c_9130_55ca5b6a4ec6] Notifying assignor about the new Assignment(partitions=[topic-10c5a1c8_9583_445c_9130_55ca5b6a4ec6-0])
2025-07-31 17:04:13,792 INFO  [org.apa.kaf.cli.con.int.ConsumerRebalanceListenerInvoker] (Thread-612) [Consumer clientId=consumer-Consumer-topic-10c5a1c8_9583_445c_9130_55ca5b6a4ec6-3, groupId=Consumer-topic-10c5a1c8_9583_445c_9130_55ca5b6a4ec6] Adding newly assigned partitions: topic-10c5a1c8_9583_445c_9130_55ca5b6a4ec6-0
2025-07-31 17:04:13,793 INFO  [org.apa.kaf.cli.con.int.ConsumerCoordinator] (Thread-612) [Consumer clientId=consumer-Consumer-topic-10c5a1c8_9583_445c_9130_55ca5b6a4ec6-3, groupId=Consumer-topic-10c5a1c8_9583_445c_9130_55ca5b6a4ec6] Found no committed offset for partition topic-10c5a1c8_9583_445c_9130_55ca5b6a4ec6-0
2025-07-31 17:04:13,804 INFO  [org.apa.kaf.cli.con.int.SubscriptionState] (Thread-612) [Consumer clientId=consumer-Consumer-topic-10c5a1c8_9583_445c_9130_55ca5b6a4ec6-3, groupId=Consumer-topic-10c5a1c8_9583_445c_9130_55ca5b6a4ec6] Resetting offset for partition topic-10c5a1c8_9583_445c_9130_55ca5b6a4ec6-0 to position FetchPosition{offset=0, offsetEpoch=Optional.empty, currentLeader=LeaderAndEpoch{leader=Optional[localhost:32770 (id: 0 rack: null)], epoch=0}}.
2025-07-31 17:04:14,037 INFO  [io.api.tes.ser.api.KafkaSerdesTester] (Thread-612) topic-10c5a1c8_9583_445c_9130_55ca5b6a4ec6 0 0 {"bar": "value-0"}
2025-07-31 17:04:14,037 INFO  [io.api.tes.ser.api.KafkaSerdesTester] (Thread-612) topic-10c5a1c8_9583_445c_9130_55ca5b6a4ec6 0 1 {"bar": "value-1"}
2025-07-31 17:04:14,038 INFO  [io.api.tes.ser.api.KafkaSerdesTester] (Thread-612) topic-10c5a1c8_9583_445c_9130_55ca5b6a4ec6 0 2 {"bar": "value-2"}
2025-07-31 17:04:14,038 INFO  [io.api.tes.ser.api.KafkaSerdesTester] (Thread-612) topic-10c5a1c8_9583_445c_9130_55ca5b6a4ec6 0 3 {"bar": "value-3"}
2025-07-31 17:04:14,038 INFO  [io.api.tes.ser.api.KafkaSerdesTester] (Thread-612) topic-10c5a1c8_9583_445c_9130_55ca5b6a4ec6 0 4 {"bar": "value-4"}
2025-07-31 17:04:14,038 INFO  [io.api.tes.ser.api.KafkaSerdesTester] (Thread-612) topic-10c5a1c8_9583_445c_9130_55ca5b6a4ec6 0 5 {"bar": "value-5"}
2025-07-31 17:04:14,038 INFO  [io.api.tes.ser.api.KafkaSerdesTester] (Thread-612) topic-10c5a1c8_9583_445c_9130_55ca5b6a4ec6 0 6 {"bar": "value-6"}
2025-07-31 17:04:14,038 INFO  [io.api.tes.ser.api.KafkaSerdesTester] (Thread-612) topic-10c5a1c8_9583_445c_9130_55ca5b6a4ec6 0 7 {"bar": "value-7"}
2025-07-31 17:04:14,038 INFO  [io.api.tes.ser.api.KafkaSerdesTester] (Thread-612) topic-10c5a1c8_9583_445c_9130_55ca5b6a4ec6 0 8 {"bar": "value-8"}
2025-07-31 17:04:14,038 INFO  [io.api.tes.ser.api.KafkaSerdesTester] (Thread-612) topic-10c5a1c8_9583_445c_9130_55ca5b6a4ec6 0 9 {"bar": "value-9"}
2025-07-31 17:04:14,038 INFO  [io.api.tes.ser.api.KafkaSerdesTester] (Thread-612) Consumed 10 messages
2025-07-31 17:04:14,045 INFO  [org.apa.kaf.cli.con.int.ConsumerRebalanceListenerInvoker] (Thread-612) [Consumer clientId=consumer-Consumer-topic-10c5a1c8_9583_445c_9130_55ca5b6a4ec6-3, groupId=Consumer-topic-10c5a1c8_9583_445c_9130_55ca5b6a4ec6] Revoke previously assigned partitions topic-10c5a1c8_9583_445c_9130_55ca5b6a4ec6-0
2025-07-31 17:04:14,045 INFO  [org.apa.kaf.cli.con.int.ConsumerCoordinator] (Thread-612) [Consumer clientId=consumer-Consumer-topic-10c5a1c8_9583_445c_9130_55ca5b6a4ec6-3, groupId=Consumer-topic-10c5a1c8_9583_445c_9130_55ca5b6a4ec6] Member consumer-Consumer-topic-10c5a1c8_9583_445c_9130_55ca5b6a4ec6-3-172ce03e-a174-457b-a3f1-597f733553be sending LeaveGroup request to coordinator localhost:32770 (id: 2147483647 rack: null) due to the consumer is being closed
2025-07-31 17:04:14,047 INFO  [org.apa.kaf.cli.con.int.ConsumerCoordinator] (Thread-612) [Consumer clientId=consumer-Consumer-topic-10c5a1c8_9583_445c_9130_55ca5b6a4ec6-3, groupId=Consumer-topic-10c5a1c8_9583_445c_9130_55ca5b6a4ec6] Resetting generation and member id due to: consumer pro-actively leaving the group
2025-07-31 17:04:14,047 INFO  [org.apa.kaf.cli.con.int.ConsumerCoordinator] (Thread-612) [Consumer clientId=consumer-Consumer-topic-10c5a1c8_9583_445c_9130_55ca5b6a4ec6-3, groupId=Consumer-topic-10c5a1c8_9583_445c_9130_55ca5b6a4ec6] Request joining group due to: consumer pro-actively leaving the group
2025-07-31 17:04:14,544 INFO  [org.apa.kaf.com.met.Metrics] (Thread-612) Metrics scheduler closed
2025-07-31 17:04:14,544 INFO  [org.apa.kaf.com.met.Metrics] (Thread-612) Closing reporter org.apache.kafka.common.metrics.JmxReporter
2025-07-31 17:04:14,544 INFO  [org.apa.kaf.com.met.Metrics] (Thread-612) Closing reporter org.apache.kafka.common.telemetry.internals.ClientTelemetryReporter
2025-07-31 17:04:14,544 INFO  [org.apa.kaf.com.met.Metrics] (Thread-612) Metrics reporters closed
2025-07-31 17:04:14,548 INFO  [org.apa.kaf.com.uti.AppInfoParser] (Thread-612) App info kafka.consumer for consumer-Consumer-topic-10c5a1c8_9583_445c_9130_55ca5b6a4ec6-3 unregistered
2025-07-31 17:04:14,549 INFO  [io.api.tes.uti.TestSeparator] (main) io.apicurio.tests.serdes.apicurio.AvroSerdeIT.testAvroJSON-FINISHED
2025-07-31 17:04:14,549 INFO  [io.api.tes.uti.TestSeparator] (main) ############################################################################
Test passed: testAvroJSON
]]></system-out>
  </testcase>
  <testcase name="testTopicIdStrategyAutoRegister" classname="io.apicurio.tests.serdes.apicurio.AvroSerdeIT" time="1.567">
    <system-out><![CDATA[2025-07-31 17:04:14,552 INFO  [io.api.tes.uti.TestSeparator] (main) ############################################################################
2025-07-31 17:04:14,554 INFO  [io.api.tes.uti.TestSeparator] (main) io.apicurio.tests.serdes.apicurio.AvroSerdeIT.testTopicIdStrategyAutoRegister-STARTED
**** Registry Base URL: http://registry-app-mysql.apps.ci419.apicurio-testing.org:80
2025-07-31 17:04:14,558 INFO  [org.apa.kaf.cli.pro.ProducerConfig] (main) ProducerConfig values: 
	acks = -1
	auto.include.jmx.reporter = true
	batch.size = 16384
	bootstrap.servers = [PLAINTEXT://localhost:32770]
	buffer.memory = 33554432
	client.dns.lookup = use_all_dns_ips
	client.id = Producer-topic-9dfb20f5_ab32_49ad_83f5_151bb32b70ba
	compression.gzip.level = -1
	compression.lz4.level = 9
	compression.type = none
	compression.zstd.level = 3
	connections.max.idle.ms = 10000
	delivery.timeout.ms = 120000
	enable.idempotence = true
	enable.metrics.push = true
	interceptor.classes = []
	key.serializer = class org.apache.kafka.common.serialization.StringSerializer
	linger.ms = 0
	max.block.ms = 60000
	max.in.flight.requests.per.connection = 5
	max.request.size = 1048576
	metadata.max.age.ms = 300000
	metadata.max.idle.ms = 300000
	metadata.recovery.strategy = none
	metric.reporters = []
	metrics.num.samples = 2
	metrics.recording.level = INFO
	metrics.sample.window.ms = 30000
	partitioner.adaptive.partitioning.enable = true
	partitioner.availability.timeout.ms = 0
	partitioner.class = null
	partitioner.ignore.keys = false
	receive.buffer.bytes = 32768
	reconnect.backoff.max.ms = 1000
	reconnect.backoff.ms = 50
	request.timeout.ms = 5000
	retries = 2147483647
	retry.backoff.max.ms = 1000
	retry.backoff.ms = 100
	sasl.client.callback.handler.class = null
	sasl.jaas.config = null
	sasl.kerberos.kinit.cmd = /usr/bin/kinit
	sasl.kerberos.min.time.before.relogin = 60000
	sasl.kerberos.service.name = null
	sasl.kerberos.ticket.renew.jitter = 0.05
	sasl.kerberos.ticket.renew.window.factor = 0.8
	sasl.login.callback.handler.class = null
	sasl.login.class = null
	sasl.login.connect.timeout.ms = null
	sasl.login.read.timeout.ms = null
	sasl.login.refresh.buffer.seconds = 300
	sasl.login.refresh.min.period.seconds = 60
	sasl.login.refresh.window.factor = 0.8
	sasl.login.refresh.window.jitter = 0.05
	sasl.login.retry.backoff.max.ms = 10000
	sasl.login.retry.backoff.ms = 100
	sasl.mechanism = GSSAPI
	sasl.oauthbearer.clock.skew.seconds = 30
	sasl.oauthbearer.expected.audience = null
	sasl.oauthbearer.expected.issuer = null
	sasl.oauthbearer.header.urlencode = false
	sasl.oauthbearer.jwks.endpoint.refresh.ms = 3600000
	sasl.oauthbearer.jwks.endpoint.retry.backoff.max.ms = 10000
	sasl.oauthbearer.jwks.endpoint.retry.backoff.ms = 100
	sasl.oauthbearer.jwks.endpoint.url = null
	sasl.oauthbearer.scope.claim.name = scope
	sasl.oauthbearer.sub.claim.name = sub
	sasl.oauthbearer.token.endpoint.url = null
	security.protocol = PLAINTEXT
	security.providers = null
	send.buffer.bytes = 131072
	socket.connection.setup.timeout.max.ms = 30000
	socket.connection.setup.timeout.ms = 10000
	ssl.cipher.suites = null
	ssl.enabled.protocols = [TLSv1.2, TLSv1.3]
	ssl.endpoint.identification.algorithm = https
	ssl.engine.factory.class = null
	ssl.key.password = null
	ssl.keymanager.algorithm = SunX509
	ssl.keystore.certificate.chain = null
	ssl.keystore.key = null
	ssl.keystore.location = null
	ssl.keystore.password = null
	ssl.keystore.type = JKS
	ssl.protocol = TLSv1.3
	ssl.provider = null
	ssl.secure.random.implementation = null
	ssl.trustmanager.algorithm = PKIX
	ssl.truststore.certificates = null
	ssl.truststore.location = null
	ssl.truststore.password = null
	ssl.truststore.type = JKS
	transaction.timeout.ms = 60000
	transactional.id = null
	value.serializer = class io.apicurio.registry.serde.avro.AvroKafkaSerializer

2025-07-31 17:04:14,562 INFO  [org.apa.kaf.com.tel.int.KafkaMetricsCollector] (main) initializing Kafka metrics collector
2025-07-31 17:04:14,574 INFO  [org.apa.kaf.cli.pro.KafkaProducer] (main) [Producer clientId=Producer-topic-9dfb20f5_ab32_49ad_83f5_151bb32b70ba] Instantiated an idempotent producer.
2025-07-31 17:04:14,583 INFO  [org.apa.kaf.cli.pro.ProducerConfig] (main) These configurations '[apicurio.registry.url, apicurio.registry.auto-register, apicurio.registry.artifact-resolver-strategy]' were supplied but are not used yet.
2025-07-31 17:04:14,583 INFO  [org.apa.kaf.com.uti.AppInfoParser] (main) Kafka version: 3.9.1
2025-07-31 17:04:14,583 INFO  [org.apa.kaf.com.uti.AppInfoParser] (main) Kafka commitId: f745dfdcee2b9851
2025-07-31 17:04:14,589 INFO  [org.apa.kaf.com.uti.AppInfoParser] (main) Kafka startTimeMs: 1753981454583
2025-07-31 17:04:14,590 INFO  [io.api.tes.ser.api.SimpleSerdesTesterBuilder$SimpleSerdesTester] (main) Using producer configuration: {apicurio.registry.url=http://registry-app-mysql.apps.ci419.apicurio-testing.org:80/apis/registry/v3, apicurio.registry.auto-register=true, apicurio.registry.artifact-resolver-strategy=io.apicurio.registry.serde.strategy.TopicIdStrategy, value.serializer=io.apicurio.registry.serde.avro.AvroKafkaSerializer, request.timeout.ms=5000, acks=all, bootstrap.servers=PLAINTEXT://localhost:32770, connections.max.idle.ms=10000, key.serializer=org.apache.kafka.common.serialization.StringSerializer, client.id=Producer-topic-9dfb20f5_ab32_49ad_83f5_151bb32b70ba}
2025-07-31 17:04:14,590 INFO  [io.api.tes.ser.api.SimpleSerdesTesterBuilder$SimpleSerdesTester] (main) Using consumer configuration: {}
2025-07-31 17:04:14,592 INFO  [io.api.tes.ser.api.KafkaSerdesTester] (Thread-615) Sending message {"key11753981454554": "value-0"} to topic topic-9dfb20f5_ab32_49ad_83f5_151bb32b70ba
2025-07-31 17:04:14,616 WARN  [org.apa.kaf.cli.NetworkClient] (kafka-producer-network-thread | Producer-topic-9dfb20f5_ab32_49ad_83f5_151bb32b70ba) [Producer clientId=Producer-topic-9dfb20f5_ab32_49ad_83f5_151bb32b70ba] The metadata response from the cluster reported a recoverable issue with correlation id 2 : {topic-9dfb20f5_ab32_49ad_83f5_151bb32b70ba=LEADER_NOT_AVAILABLE}
2025-07-31 17:04:14,616 INFO  [org.apa.kaf.cli.Metadata] (kafka-producer-network-thread | Producer-topic-9dfb20f5_ab32_49ad_83f5_151bb32b70ba) [Producer clientId=Producer-topic-9dfb20f5_ab32_49ad_83f5_151bb32b70ba] Cluster ID: hHUi-5-6SnyFRAH2goQrJA
2025-07-31 17:04:14,620 INFO  [org.apa.kaf.cli.pro.int.TransactionManager] (kafka-producer-network-thread | Producer-topic-9dfb20f5_ab32_49ad_83f5_151bb32b70ba) [Producer clientId=Producer-topic-9dfb20f5_ab32_49ad_83f5_151bb32b70ba] ProducerId set to 4 with epoch 0
2025-07-31 17:04:14,929 INFO  [io.api.tes.ser.api.KafkaSerdesTester] (Thread-615) Sending message {"key11753981454554": "value-1"} to topic topic-9dfb20f5_ab32_49ad_83f5_151bb32b70ba
2025-07-31 17:04:14,932 INFO  [io.api.tes.ser.api.KafkaSerdesTester] (Thread-615) Sending message {"key11753981454554": "value-2"} to topic topic-9dfb20f5_ab32_49ad_83f5_151bb32b70ba
2025-07-31 17:04:14,935 INFO  [io.api.tes.ser.api.KafkaSerdesTester] (Thread-615) Sending message {"key11753981454554": "value-3"} to topic topic-9dfb20f5_ab32_49ad_83f5_151bb32b70ba
2025-07-31 17:04:14,938 INFO  [io.api.tes.ser.api.KafkaSerdesTester] (Thread-615) Sending message {"key11753981454554": "value-4"} to topic topic-9dfb20f5_ab32_49ad_83f5_151bb32b70ba
2025-07-31 17:04:14,942 INFO  [io.api.tes.ser.api.KafkaSerdesTester] (Thread-615) Sending message {"key11753981454554": "value-5"} to topic topic-9dfb20f5_ab32_49ad_83f5_151bb32b70ba
2025-07-31 17:04:14,944 INFO  [io.api.tes.ser.api.KafkaSerdesTester] (Thread-615) Sending message {"key11753981454554": "value-6"} to topic topic-9dfb20f5_ab32_49ad_83f5_151bb32b70ba
2025-07-31 17:04:14,946 INFO  [io.api.tes.ser.api.KafkaSerdesTester] (Thread-615) Sending message {"key11753981454554": "value-7"} to topic topic-9dfb20f5_ab32_49ad_83f5_151bb32b70ba
2025-07-31 17:04:14,948 INFO  [io.api.tes.ser.api.KafkaSerdesTester] (Thread-615) Sending message {"key11753981454554": "value-8"} to topic topic-9dfb20f5_ab32_49ad_83f5_151bb32b70ba
2025-07-31 17:04:14,951 INFO  [io.api.tes.ser.api.KafkaSerdesTester] (Thread-615) Sending message {"key11753981454554": "value-9"} to topic topic-9dfb20f5_ab32_49ad_83f5_151bb32b70ba
2025-07-31 17:04:14,954 INFO  [io.api.tes.ser.api.KafkaSerdesTester] (Thread-615) Produced 10 messages
2025-07-31 17:04:14,954 INFO  [org.apa.kaf.cli.pro.KafkaProducer] (Thread-615) [Producer clientId=Producer-topic-9dfb20f5_ab32_49ad_83f5_151bb32b70ba] Closing the Kafka producer with timeoutMillis = 9223372036854775807 ms.
2025-07-31 17:04:14,963 INFO  [org.apa.kaf.com.met.Metrics] (Thread-615) Metrics scheduler closed
2025-07-31 17:04:14,963 INFO  [org.apa.kaf.com.met.Metrics] (Thread-615) Closing reporter org.apache.kafka.common.metrics.JmxReporter
2025-07-31 17:04:14,963 INFO  [org.apa.kaf.com.met.Metrics] (Thread-615) Closing reporter org.apache.kafka.common.telemetry.internals.ClientTelemetryReporter
2025-07-31 17:04:14,963 INFO  [org.apa.kaf.com.met.Metrics] (Thread-615) Metrics reporters closed
2025-07-31 17:04:14,963 INFO  [org.apa.kaf.com.uti.AppInfoParser] (Thread-615) App info kafka.producer for Producer-topic-9dfb20f5_ab32_49ad_83f5_151bb32b70ba unregistered
**** Registry Base URL: http://registry-app-mysql.apps.ci419.apicurio-testing.org:80
2025-07-31 17:04:15,135 INFO  [org.apa.kaf.cli.con.ConsumerConfig] (main) ConsumerConfig values: 
	allow.auto.create.topics = true
	auto.commit.interval.ms = 500
	auto.include.jmx.reporter = true
	auto.offset.reset = earliest
	bootstrap.servers = [PLAINTEXT://localhost:32770]
	check.crcs = true
	client.dns.lookup = use_all_dns_ips
	client.id = consumer-Consumer-topic-9dfb20f5_ab32_49ad_83f5_151bb32b70ba-4
	client.rack = 
	connections.max.idle.ms = 10000
	default.api.timeout.ms = 60000
	enable.auto.commit = true
	enable.metrics.push = true
	exclude.internal.topics = true
	fetch.max.bytes = 52428800
	fetch.max.wait.ms = 500
	fetch.min.bytes = 1
	group.id = Consumer-topic-9dfb20f5_ab32_49ad_83f5_151bb32b70ba
	group.instance.id = null
	group.protocol = classic
	group.remote.assignor = null
	heartbeat.interval.ms = 3000
	interceptor.classes = []
	internal.leave.group.on.close = true
	internal.throw.on.fetch.stable.offset.unsupported = false
	isolation.level = read_uncommitted
	key.deserializer = class org.apache.kafka.common.serialization.StringDeserializer
	max.partition.fetch.bytes = 1048576
	max.poll.interval.ms = 300000
	max.poll.records = 500
	metadata.max.age.ms = 300000
	metadata.recovery.strategy = none
	metric.reporters = []
	metrics.num.samples = 2
	metrics.recording.level = INFO
	metrics.sample.window.ms = 30000
	partition.assignment.strategy = [class org.apache.kafka.clients.consumer.RangeAssignor, class org.apache.kafka.clients.consumer.CooperativeStickyAssignor]
	receive.buffer.bytes = 65536
	reconnect.backoff.max.ms = 1000
	reconnect.backoff.ms = 50
	request.timeout.ms = 5000
	retry.backoff.max.ms = 1000
	retry.backoff.ms = 100
	sasl.client.callback.handler.class = null
	sasl.jaas.config = null
	sasl.kerberos.kinit.cmd = /usr/bin/kinit
	sasl.kerberos.min.time.before.relogin = 60000
	sasl.kerberos.service.name = null
	sasl.kerberos.ticket.renew.jitter = 0.05
	sasl.kerberos.ticket.renew.window.factor = 0.8
	sasl.login.callback.handler.class = null
	sasl.login.class = null
	sasl.login.connect.timeout.ms = null
	sasl.login.read.timeout.ms = null
	sasl.login.refresh.buffer.seconds = 300
	sasl.login.refresh.min.period.seconds = 60
	sasl.login.refresh.window.factor = 0.8
	sasl.login.refresh.window.jitter = 0.05
	sasl.login.retry.backoff.max.ms = 10000
	sasl.login.retry.backoff.ms = 100
	sasl.mechanism = GSSAPI
	sasl.oauthbearer.clock.skew.seconds = 30
	sasl.oauthbearer.expected.audience = null
	sasl.oauthbearer.expected.issuer = null
	sasl.oauthbearer.header.urlencode = false
	sasl.oauthbearer.jwks.endpoint.refresh.ms = 3600000
	sasl.oauthbearer.jwks.endpoint.retry.backoff.max.ms = 10000
	sasl.oauthbearer.jwks.endpoint.retry.backoff.ms = 100
	sasl.oauthbearer.jwks.endpoint.url = null
	sasl.oauthbearer.scope.claim.name = scope
	sasl.oauthbearer.sub.claim.name = sub
	sasl.oauthbearer.token.endpoint.url = null
	security.protocol = PLAINTEXT
	security.providers = null
	send.buffer.bytes = 131072
	session.timeout.ms = 45000
	socket.connection.setup.timeout.max.ms = 30000
	socket.connection.setup.timeout.ms = 10000
	ssl.cipher.suites = null
	ssl.enabled.protocols = [TLSv1.2, TLSv1.3]
	ssl.endpoint.identification.algorithm = https
	ssl.engine.factory.class = null
	ssl.key.password = null
	ssl.keymanager.algorithm = SunX509
	ssl.keystore.certificate.chain = null
	ssl.keystore.key = null
	ssl.keystore.location = null
	ssl.keystore.password = null
	ssl.keystore.type = JKS
	ssl.protocol = TLSv1.3
	ssl.provider = null
	ssl.secure.random.implementation = null
	ssl.trustmanager.algorithm = PKIX
	ssl.truststore.certificates = null
	ssl.truststore.location = null
	ssl.truststore.password = null
	ssl.truststore.type = JKS
	value.deserializer = class io.apicurio.registry.serde.avro.AvroKafkaDeserializer

2025-07-31 17:04:15,136 INFO  [org.apa.kaf.com.tel.int.KafkaMetricsCollector] (main) initializing Kafka metrics collector
2025-07-31 17:04:15,144 INFO  [org.apa.kaf.cli.con.ConsumerConfig] (main) These configurations '[apicurio.registry.url]' were supplied but are not used yet.
2025-07-31 17:04:15,144 INFO  [org.apa.kaf.com.uti.AppInfoParser] (main) Kafka version: 3.9.1
2025-07-31 17:04:15,144 INFO  [org.apa.kaf.com.uti.AppInfoParser] (main) Kafka commitId: f745dfdcee2b9851
2025-07-31 17:04:15,144 INFO  [org.apa.kaf.com.uti.AppInfoParser] (main) Kafka startTimeMs: 1753981455144
2025-07-31 17:04:15,145 INFO  [org.apa.kaf.cli.con.int.ClassicKafkaConsumer] (Thread-618) [Consumer clientId=consumer-Consumer-topic-9dfb20f5_ab32_49ad_83f5_151bb32b70ba-4, groupId=Consumer-topic-9dfb20f5_ab32_49ad_83f5_151bb32b70ba] Subscribed to topic(s): topic-9dfb20f5_ab32_49ad_83f5_151bb32b70ba
2025-07-31 17:04:15,155 INFO  [org.apa.kaf.cli.Metadata] (Thread-618) [Consumer clientId=consumer-Consumer-topic-9dfb20f5_ab32_49ad_83f5_151bb32b70ba-4, groupId=Consumer-topic-9dfb20f5_ab32_49ad_83f5_151bb32b70ba] Cluster ID: hHUi-5-6SnyFRAH2goQrJA
2025-07-31 17:04:15,155 INFO  [org.apa.kaf.cli.con.int.ConsumerCoordinator] (Thread-618) [Consumer clientId=consumer-Consumer-topic-9dfb20f5_ab32_49ad_83f5_151bb32b70ba-4, groupId=Consumer-topic-9dfb20f5_ab32_49ad_83f5_151bb32b70ba] Discovered group coordinator localhost:32770 (id: 2147483647 rack: null)
2025-07-31 17:04:15,158 INFO  [org.apa.kaf.cli.con.int.ConsumerCoordinator] (Thread-618) [Consumer clientId=consumer-Consumer-topic-9dfb20f5_ab32_49ad_83f5_151bb32b70ba-4, groupId=Consumer-topic-9dfb20f5_ab32_49ad_83f5_151bb32b70ba] (Re-)joining group
2025-07-31 17:04:15,162 INFO  [org.apa.kaf.cli.con.int.ConsumerCoordinator] (Thread-618) [Consumer clientId=consumer-Consumer-topic-9dfb20f5_ab32_49ad_83f5_151bb32b70ba-4, groupId=Consumer-topic-9dfb20f5_ab32_49ad_83f5_151bb32b70ba] Request joining group due to: need to re-join with the given member-id: consumer-Consumer-topic-9dfb20f5_ab32_49ad_83f5_151bb32b70ba-4-3766657a-3e4a-4b8e-a2be-4de7a1eec34f
2025-07-31 17:04:15,162 INFO  [org.apa.kaf.cli.con.int.ConsumerCoordinator] (Thread-618) [Consumer clientId=consumer-Consumer-topic-9dfb20f5_ab32_49ad_83f5_151bb32b70ba-4, groupId=Consumer-topic-9dfb20f5_ab32_49ad_83f5_151bb32b70ba] (Re-)joining group
2025-07-31 17:04:15,164 INFO  [org.apa.kaf.cli.con.int.ConsumerCoordinator] (Thread-618) [Consumer clientId=consumer-Consumer-topic-9dfb20f5_ab32_49ad_83f5_151bb32b70ba-4, groupId=Consumer-topic-9dfb20f5_ab32_49ad_83f5_151bb32b70ba] Successfully joined group with generation Generation{generationId=1, memberId='consumer-Consumer-topic-9dfb20f5_ab32_49ad_83f5_151bb32b70ba-4-3766657a-3e4a-4b8e-a2be-4de7a1eec34f', protocol='range'}
2025-07-31 17:04:15,165 INFO  [org.apa.kaf.cli.con.int.ConsumerCoordinator] (Thread-618) [Consumer clientId=consumer-Consumer-topic-9dfb20f5_ab32_49ad_83f5_151bb32b70ba-4, groupId=Consumer-topic-9dfb20f5_ab32_49ad_83f5_151bb32b70ba] Finished assignment for group at generation 1: {consumer-Consumer-topic-9dfb20f5_ab32_49ad_83f5_151bb32b70ba-4-3766657a-3e4a-4b8e-a2be-4de7a1eec34f=Assignment(partitions=[topic-9dfb20f5_ab32_49ad_83f5_151bb32b70ba-0])}
2025-07-31 17:04:15,184 INFO  [org.apa.kaf.cli.con.int.ConsumerCoordinator] (Thread-618) [Consumer clientId=consumer-Consumer-topic-9dfb20f5_ab32_49ad_83f5_151bb32b70ba-4, groupId=Consumer-topic-9dfb20f5_ab32_49ad_83f5_151bb32b70ba] Successfully synced group in generation Generation{generationId=1, memberId='consumer-Consumer-topic-9dfb20f5_ab32_49ad_83f5_151bb32b70ba-4-3766657a-3e4a-4b8e-a2be-4de7a1eec34f', protocol='range'}
2025-07-31 17:04:15,184 INFO  [org.apa.kaf.cli.con.int.ConsumerCoordinator] (Thread-618) [Consumer clientId=consumer-Consumer-topic-9dfb20f5_ab32_49ad_83f5_151bb32b70ba-4, groupId=Consumer-topic-9dfb20f5_ab32_49ad_83f5_151bb32b70ba] Notifying assignor about the new Assignment(partitions=[topic-9dfb20f5_ab32_49ad_83f5_151bb32b70ba-0])
2025-07-31 17:04:15,184 INFO  [org.apa.kaf.cli.con.int.ConsumerRebalanceListenerInvoker] (Thread-618) [Consumer clientId=consumer-Consumer-topic-9dfb20f5_ab32_49ad_83f5_151bb32b70ba-4, groupId=Consumer-topic-9dfb20f5_ab32_49ad_83f5_151bb32b70ba] Adding newly assigned partitions: topic-9dfb20f5_ab32_49ad_83f5_151bb32b70ba-0
2025-07-31 17:04:15,186 INFO  [org.apa.kaf.cli.con.int.ConsumerCoordinator] (Thread-618) [Consumer clientId=consumer-Consumer-topic-9dfb20f5_ab32_49ad_83f5_151bb32b70ba-4, groupId=Consumer-topic-9dfb20f5_ab32_49ad_83f5_151bb32b70ba] Found no committed offset for partition topic-9dfb20f5_ab32_49ad_83f5_151bb32b70ba-0
2025-07-31 17:04:15,197 INFO  [org.apa.kaf.cli.con.int.SubscriptionState] (Thread-618) [Consumer clientId=consumer-Consumer-topic-9dfb20f5_ab32_49ad_83f5_151bb32b70ba-4, groupId=Consumer-topic-9dfb20f5_ab32_49ad_83f5_151bb32b70ba] Resetting offset for partition topic-9dfb20f5_ab32_49ad_83f5_151bb32b70ba-0 to position FetchPosition{offset=0, offsetEpoch=Optional.empty, currentLeader=LeaderAndEpoch{leader=Optional[localhost:32770 (id: 0 rack: null)], epoch=0}}.
2025-07-31 17:04:15,442 INFO  [io.api.tes.ser.api.KafkaSerdesTester] (Thread-618) topic-9dfb20f5_ab32_49ad_83f5_151bb32b70ba 0 0 {"key11753981454554": "value-0"}
2025-07-31 17:04:15,442 INFO  [io.api.tes.ser.api.KafkaSerdesTester] (Thread-618) topic-9dfb20f5_ab32_49ad_83f5_151bb32b70ba 0 1 {"key11753981454554": "value-1"}
2025-07-31 17:04:15,442 INFO  [io.api.tes.ser.api.KafkaSerdesTester] (Thread-618) topic-9dfb20f5_ab32_49ad_83f5_151bb32b70ba 0 2 {"key11753981454554": "value-2"}
2025-07-31 17:04:15,442 INFO  [io.api.tes.ser.api.KafkaSerdesTester] (Thread-618) topic-9dfb20f5_ab32_49ad_83f5_151bb32b70ba 0 3 {"key11753981454554": "value-3"}
2025-07-31 17:04:15,442 INFO  [io.api.tes.ser.api.KafkaSerdesTester] (Thread-618) topic-9dfb20f5_ab32_49ad_83f5_151bb32b70ba 0 4 {"key11753981454554": "value-4"}
2025-07-31 17:04:15,442 INFO  [io.api.tes.ser.api.KafkaSerdesTester] (Thread-618) topic-9dfb20f5_ab32_49ad_83f5_151bb32b70ba 0 5 {"key11753981454554": "value-5"}
2025-07-31 17:04:15,442 INFO  [io.api.tes.ser.api.KafkaSerdesTester] (Thread-618) topic-9dfb20f5_ab32_49ad_83f5_151bb32b70ba 0 6 {"key11753981454554": "value-6"}
2025-07-31 17:04:15,443 INFO  [io.api.tes.ser.api.KafkaSerdesTester] (Thread-618) topic-9dfb20f5_ab32_49ad_83f5_151bb32b70ba 0 7 {"key11753981454554": "value-7"}
2025-07-31 17:04:15,443 INFO  [io.api.tes.ser.api.KafkaSerdesTester] (Thread-618) topic-9dfb20f5_ab32_49ad_83f5_151bb32b70ba 0 8 {"key11753981454554": "value-8"}
2025-07-31 17:04:15,443 INFO  [io.api.tes.ser.api.KafkaSerdesTester] (Thread-618) topic-9dfb20f5_ab32_49ad_83f5_151bb32b70ba 0 9 {"key11753981454554": "value-9"}
2025-07-31 17:04:15,443 INFO  [io.api.tes.ser.api.KafkaSerdesTester] (Thread-618) Consumed 10 messages
2025-07-31 17:04:15,446 INFO  [org.apa.kaf.cli.con.int.ConsumerRebalanceListenerInvoker] (Thread-618) [Consumer clientId=consumer-Consumer-topic-9dfb20f5_ab32_49ad_83f5_151bb32b70ba-4, groupId=Consumer-topic-9dfb20f5_ab32_49ad_83f5_151bb32b70ba] Revoke previously assigned partitions topic-9dfb20f5_ab32_49ad_83f5_151bb32b70ba-0
2025-07-31 17:04:15,446 INFO  [org.apa.kaf.cli.con.int.ConsumerCoordinator] (Thread-618) [Consumer clientId=consumer-Consumer-topic-9dfb20f5_ab32_49ad_83f5_151bb32b70ba-4, groupId=Consumer-topic-9dfb20f5_ab32_49ad_83f5_151bb32b70ba] Member consumer-Consumer-topic-9dfb20f5_ab32_49ad_83f5_151bb32b70ba-4-3766657a-3e4a-4b8e-a2be-4de7a1eec34f sending LeaveGroup request to coordinator localhost:32770 (id: 2147483647 rack: null) due to the consumer is being closed
2025-07-31 17:04:15,447 INFO  [org.apa.kaf.cli.con.int.ConsumerCoordinator] (Thread-618) [Consumer clientId=consumer-Consumer-topic-9dfb20f5_ab32_49ad_83f5_151bb32b70ba-4, groupId=Consumer-topic-9dfb20f5_ab32_49ad_83f5_151bb32b70ba] Resetting generation and member id due to: consumer pro-actively leaving the group
2025-07-31 17:04:15,447 INFO  [org.apa.kaf.cli.con.int.ConsumerCoordinator] (Thread-618) [Consumer clientId=consumer-Consumer-topic-9dfb20f5_ab32_49ad_83f5_151bb32b70ba-4, groupId=Consumer-topic-9dfb20f5_ab32_49ad_83f5_151bb32b70ba] Request joining group due to: consumer pro-actively leaving the group
2025-07-31 17:04:15,945 INFO  [org.apa.kaf.com.met.Metrics] (Thread-618) Metrics scheduler closed
2025-07-31 17:04:15,945 INFO  [org.apa.kaf.com.met.Metrics] (Thread-618) Closing reporter org.apache.kafka.common.metrics.JmxReporter
2025-07-31 17:04:15,945 INFO  [org.apa.kaf.com.met.Metrics] (Thread-618) Closing reporter org.apache.kafka.common.telemetry.internals.ClientTelemetryReporter
2025-07-31 17:04:15,945 INFO  [org.apa.kaf.com.met.Metrics] (Thread-618) Metrics reporters closed
2025-07-31 17:04:15,949 INFO  [org.apa.kaf.com.uti.AppInfoParser] (Thread-618) App info kafka.consumer for consumer-Consumer-topic-9dfb20f5_ab32_49ad_83f5_151bb32b70ba-4 unregistered
2025-07-31 17:04:16,118 INFO  [io.api.tes.uti.TestSeparator] (main) io.apicurio.tests.serdes.apicurio.AvroSerdeIT.testTopicIdStrategyAutoRegister-FINISHED
2025-07-31 17:04:16,118 INFO  [io.api.tes.uti.TestSeparator] (main) ############################################################################
Test passed: testTopicIdStrategyAutoRegister
]]></system-out>
  </testcase>
  <testcase name="testRecordIdStrategydFindLatest" classname="io.apicurio.tests.serdes.apicurio.AvroSerdeIT" time="2.369">
    <system-out><![CDATA[2025-07-31 17:04:16,120 INFO  [io.api.tes.uti.TestSeparator] (main) ############################################################################
2025-07-31 17:04:16,120 INFO  [io.api.tes.uti.TestSeparator] (main) io.apicurio.tests.serdes.apicurio.AvroSerdeIT.testRecordIdStrategydFindLatest-STARTED
2025-07-31 17:04:16,123 INFO  [io.api.tes.ser.api.AvroSerdeIT] (main) Registering Avro Schema: {"type":"record","name":"sb3ac22daxd1ccx4d98xa0d7x8005e29d4772","namespace":"s3c113269x2f12x4ef9x836fxc3a1e875b613","fields":[{"name":"key11753981456120","type":"string"}]}
**** Registry Base URL: http://registry-app-mysql.apps.ci419.apicurio-testing.org:80
2025-07-31 17:04:17,330 INFO  [org.apa.kaf.cli.pro.ProducerConfig] (main) ProducerConfig values: 
	acks = -1
	auto.include.jmx.reporter = true
	batch.size = 16384
	bootstrap.servers = [PLAINTEXT://localhost:32770]
	buffer.memory = 33554432
	client.dns.lookup = use_all_dns_ips
	client.id = Producer-topic-0d22aeed_38b3_4cab_a5d0_ea6e261b9354
	compression.gzip.level = -1
	compression.lz4.level = 9
	compression.type = none
	compression.zstd.level = 3
	connections.max.idle.ms = 10000
	delivery.timeout.ms = 120000
	enable.idempotence = true
	enable.metrics.push = true
	interceptor.classes = []
	key.serializer = class org.apache.kafka.common.serialization.StringSerializer
	linger.ms = 0
	max.block.ms = 60000
	max.in.flight.requests.per.connection = 5
	max.request.size = 1048576
	metadata.max.age.ms = 300000
	metadata.max.idle.ms = 300000
	metadata.recovery.strategy = none
	metric.reporters = []
	metrics.num.samples = 2
	metrics.recording.level = INFO
	metrics.sample.window.ms = 30000
	partitioner.adaptive.partitioning.enable = true
	partitioner.availability.timeout.ms = 0
	partitioner.class = null
	partitioner.ignore.keys = false
	receive.buffer.bytes = 32768
	reconnect.backoff.max.ms = 1000
	reconnect.backoff.ms = 50
	request.timeout.ms = 5000
	retries = 2147483647
	retry.backoff.max.ms = 1000
	retry.backoff.ms = 100
	sasl.client.callback.handler.class = null
	sasl.jaas.config = null
	sasl.kerberos.kinit.cmd = /usr/bin/kinit
	sasl.kerberos.min.time.before.relogin = 60000
	sasl.kerberos.service.name = null
	sasl.kerberos.ticket.renew.jitter = 0.05
	sasl.kerberos.ticket.renew.window.factor = 0.8
	sasl.login.callback.handler.class = null
	sasl.login.class = null
	sasl.login.connect.timeout.ms = null
	sasl.login.read.timeout.ms = null
	sasl.login.refresh.buffer.seconds = 300
	sasl.login.refresh.min.period.seconds = 60
	sasl.login.refresh.window.factor = 0.8
	sasl.login.refresh.window.jitter = 0.05
	sasl.login.retry.backoff.max.ms = 10000
	sasl.login.retry.backoff.ms = 100
	sasl.mechanism = GSSAPI
	sasl.oauthbearer.clock.skew.seconds = 30
	sasl.oauthbearer.expected.audience = null
	sasl.oauthbearer.expected.issuer = null
	sasl.oauthbearer.header.urlencode = false
	sasl.oauthbearer.jwks.endpoint.refresh.ms = 3600000
	sasl.oauthbearer.jwks.endpoint.retry.backoff.max.ms = 10000
	sasl.oauthbearer.jwks.endpoint.retry.backoff.ms = 100
	sasl.oauthbearer.jwks.endpoint.url = null
	sasl.oauthbearer.scope.claim.name = scope
	sasl.oauthbearer.sub.claim.name = sub
	sasl.oauthbearer.token.endpoint.url = null
	security.protocol = PLAINTEXT
	security.providers = null
	send.buffer.bytes = 131072
	socket.connection.setup.timeout.max.ms = 30000
	socket.connection.setup.timeout.ms = 10000
	ssl.cipher.suites = null
	ssl.enabled.protocols = [TLSv1.2, TLSv1.3]
	ssl.endpoint.identification.algorithm = https
	ssl.engine.factory.class = null
	ssl.key.password = null
	ssl.keymanager.algorithm = SunX509
	ssl.keystore.certificate.chain = null
	ssl.keystore.key = null
	ssl.keystore.location = null
	ssl.keystore.password = null
	ssl.keystore.type = JKS
	ssl.protocol = TLSv1.3
	ssl.provider = null
	ssl.secure.random.implementation = null
	ssl.trustmanager.algorithm = PKIX
	ssl.truststore.certificates = null
	ssl.truststore.location = null
	ssl.truststore.password = null
	ssl.truststore.type = JKS
	transaction.timeout.ms = 60000
	transactional.id = null
	value.serializer = class io.apicurio.registry.serde.avro.AvroKafkaSerializer

2025-07-31 17:04:17,330 INFO  [org.apa.kaf.com.tel.int.KafkaMetricsCollector] (main) initializing Kafka metrics collector
2025-07-31 17:04:17,347 INFO  [org.apa.kaf.cli.pro.KafkaProducer] (main) [Producer clientId=Producer-topic-0d22aeed_38b3_4cab_a5d0_ea6e261b9354] Instantiated an idempotent producer.
2025-07-31 17:04:17,350 INFO  [org.apa.kaf.cli.pro.ProducerConfig] (main) These configurations '[apicurio.registry.find-latest, apicurio.registry.url, apicurio.registry.artifact-resolver-strategy]' were supplied but are not used yet.
2025-07-31 17:04:17,350 INFO  [org.apa.kaf.com.uti.AppInfoParser] (main) Kafka version: 3.9.1
2025-07-31 17:04:17,350 INFO  [org.apa.kaf.com.uti.AppInfoParser] (main) Kafka commitId: f745dfdcee2b9851
2025-07-31 17:04:17,350 INFO  [org.apa.kaf.com.uti.AppInfoParser] (main) Kafka startTimeMs: 1753981457350
2025-07-31 17:04:17,350 INFO  [io.api.tes.ser.api.SimpleSerdesTesterBuilder$SimpleSerdesTester] (main) Using producer configuration: {apicurio.registry.find-latest=true, apicurio.registry.url=http://registry-app-mysql.apps.ci419.apicurio-testing.org:80/apis/registry/v3, apicurio.registry.artifact-resolver-strategy=io.apicurio.registry.serde.avro.strategy.RecordIdStrategy, value.serializer=io.apicurio.registry.serde.avro.AvroKafkaSerializer, request.timeout.ms=5000, acks=all, bootstrap.servers=PLAINTEXT://localhost:32770, connections.max.idle.ms=10000, key.serializer=org.apache.kafka.common.serialization.StringSerializer, client.id=Producer-topic-0d22aeed_38b3_4cab_a5d0_ea6e261b9354}
2025-07-31 17:04:17,351 INFO  [io.api.tes.ser.api.SimpleSerdesTesterBuilder$SimpleSerdesTester] (main) Using consumer configuration: {}
2025-07-31 17:04:17,354 INFO  [io.api.tes.ser.api.KafkaSerdesTester] (Thread-621) Sending message {"key11753981456120": "value-0"} to topic topic-0d22aeed_38b3_4cab_a5d0_ea6e261b9354
2025-07-31 17:04:17,360 INFO  [org.apa.kaf.cli.Metadata] (kafka-producer-network-thread | Producer-topic-0d22aeed_38b3_4cab_a5d0_ea6e261b9354) [Producer clientId=Producer-topic-0d22aeed_38b3_4cab_a5d0_ea6e261b9354] Cluster ID: hHUi-5-6SnyFRAH2goQrJA
2025-07-31 17:04:17,360 INFO  [org.apa.kaf.cli.pro.int.TransactionManager] (kafka-producer-network-thread | Producer-topic-0d22aeed_38b3_4cab_a5d0_ea6e261b9354) [Producer clientId=Producer-topic-0d22aeed_38b3_4cab_a5d0_ea6e261b9354] ProducerId set to 5 with epoch 0
2025-07-31 17:04:17,672 INFO  [io.api.tes.ser.api.KafkaSerdesTester] (Thread-621) Sending message {"key11753981456120": "value-1"} to topic topic-0d22aeed_38b3_4cab_a5d0_ea6e261b9354
2025-07-31 17:04:17,674 INFO  [io.api.tes.ser.api.KafkaSerdesTester] (Thread-621) Sending message {"key11753981456120": "value-2"} to topic topic-0d22aeed_38b3_4cab_a5d0_ea6e261b9354
2025-07-31 17:04:17,677 INFO  [io.api.tes.ser.api.KafkaSerdesTester] (Thread-621) Sending message {"key11753981456120": "value-3"} to topic topic-0d22aeed_38b3_4cab_a5d0_ea6e261b9354
2025-07-31 17:04:17,680 INFO  [io.api.tes.ser.api.KafkaSerdesTester] (Thread-621) Sending message {"key11753981456120": "value-4"} to topic topic-0d22aeed_38b3_4cab_a5d0_ea6e261b9354
2025-07-31 17:04:17,682 INFO  [io.api.tes.ser.api.KafkaSerdesTester] (Thread-621) Sending message {"key11753981456120": "value-5"} to topic topic-0d22aeed_38b3_4cab_a5d0_ea6e261b9354
2025-07-31 17:04:17,684 INFO  [io.api.tes.ser.api.KafkaSerdesTester] (Thread-621) Sending message {"key11753981456120": "value-6"} to topic topic-0d22aeed_38b3_4cab_a5d0_ea6e261b9354
2025-07-31 17:04:17,686 INFO  [io.api.tes.ser.api.KafkaSerdesTester] (Thread-621) Sending message {"key11753981456120": "value-7"} to topic topic-0d22aeed_38b3_4cab_a5d0_ea6e261b9354
2025-07-31 17:04:17,689 INFO  [io.api.tes.ser.api.KafkaSerdesTester] (Thread-621) Sending message {"key11753981456120": "value-8"} to topic topic-0d22aeed_38b3_4cab_a5d0_ea6e261b9354
2025-07-31 17:04:17,694 INFO  [io.api.tes.ser.api.KafkaSerdesTester] (Thread-621) Sending message {"key11753981456120": "value-9"} to topic topic-0d22aeed_38b3_4cab_a5d0_ea6e261b9354
2025-07-31 17:04:17,700 INFO  [io.api.tes.ser.api.KafkaSerdesTester] (Thread-621) Produced 10 messages
2025-07-31 17:04:17,700 INFO  [org.apa.kaf.cli.pro.KafkaProducer] (Thread-621) [Producer clientId=Producer-topic-0d22aeed_38b3_4cab_a5d0_ea6e261b9354] Closing the Kafka producer with timeoutMillis = 9223372036854775807 ms.
2025-07-31 17:04:17,705 INFO  [org.apa.kaf.com.met.Metrics] (Thread-621) Metrics scheduler closed
2025-07-31 17:04:17,705 INFO  [org.apa.kaf.com.met.Metrics] (Thread-621) Closing reporter org.apache.kafka.common.metrics.JmxReporter
2025-07-31 17:04:17,705 INFO  [org.apa.kaf.com.met.Metrics] (Thread-621) Closing reporter org.apache.kafka.common.telemetry.internals.ClientTelemetryReporter
2025-07-31 17:04:17,705 INFO  [org.apa.kaf.com.met.Metrics] (Thread-621) Metrics reporters closed
2025-07-31 17:04:17,706 INFO  [org.apa.kaf.com.uti.AppInfoParser] (Thread-621) App info kafka.producer for Producer-topic-0d22aeed_38b3_4cab_a5d0_ea6e261b9354 unregistered
**** Registry Base URL: http://registry-app-mysql.apps.ci419.apicurio-testing.org:80
2025-07-31 17:04:17,707 INFO  [org.apa.kaf.cli.con.ConsumerConfig] (main) ConsumerConfig values: 
	allow.auto.create.topics = true
	auto.commit.interval.ms = 500
	auto.include.jmx.reporter = true
	auto.offset.reset = earliest
	bootstrap.servers = [PLAINTEXT://localhost:32770]
	check.crcs = true
	client.dns.lookup = use_all_dns_ips
	client.id = consumer-Consumer-topic-0d22aeed_38b3_4cab_a5d0_ea6e261b9354-5
	client.rack = 
	connections.max.idle.ms = 10000
	default.api.timeout.ms = 60000
	enable.auto.commit = true
	enable.metrics.push = true
	exclude.internal.topics = true
	fetch.max.bytes = 52428800
	fetch.max.wait.ms = 500
	fetch.min.bytes = 1
	group.id = Consumer-topic-0d22aeed_38b3_4cab_a5d0_ea6e261b9354
	group.instance.id = null
	group.protocol = classic
	group.remote.assignor = null
	heartbeat.interval.ms = 3000
	interceptor.classes = []
	internal.leave.group.on.close = true
	internal.throw.on.fetch.stable.offset.unsupported = false
	isolation.level = read_uncommitted
	key.deserializer = class org.apache.kafka.common.serialization.StringDeserializer
	max.partition.fetch.bytes = 1048576
	max.poll.interval.ms = 300000
	max.poll.records = 500
	metadata.max.age.ms = 300000
	metadata.recovery.strategy = none
	metric.reporters = []
	metrics.num.samples = 2
	metrics.recording.level = INFO
	metrics.sample.window.ms = 30000
	partition.assignment.strategy = [class org.apache.kafka.clients.consumer.RangeAssignor, class org.apache.kafka.clients.consumer.CooperativeStickyAssignor]
	receive.buffer.bytes = 65536
	reconnect.backoff.max.ms = 1000
	reconnect.backoff.ms = 50
	request.timeout.ms = 5000
	retry.backoff.max.ms = 1000
	retry.backoff.ms = 100
	sasl.client.callback.handler.class = null
	sasl.jaas.config = null
	sasl.kerberos.kinit.cmd = /usr/bin/kinit
	sasl.kerberos.min.time.before.relogin = 60000
	sasl.kerberos.service.name = null
	sasl.kerberos.ticket.renew.jitter = 0.05
	sasl.kerberos.ticket.renew.window.factor = 0.8
	sasl.login.callback.handler.class = null
	sasl.login.class = null
	sasl.login.connect.timeout.ms = null
	sasl.login.read.timeout.ms = null
	sasl.login.refresh.buffer.seconds = 300
	sasl.login.refresh.min.period.seconds = 60
	sasl.login.refresh.window.factor = 0.8
	sasl.login.refresh.window.jitter = 0.05
	sasl.login.retry.backoff.max.ms = 10000
	sasl.login.retry.backoff.ms = 100
	sasl.mechanism = GSSAPI
	sasl.oauthbearer.clock.skew.seconds = 30
	sasl.oauthbearer.expected.audience = null
	sasl.oauthbearer.expected.issuer = null
	sasl.oauthbearer.header.urlencode = false
	sasl.oauthbearer.jwks.endpoint.refresh.ms = 3600000
	sasl.oauthbearer.jwks.endpoint.retry.backoff.max.ms = 10000
	sasl.oauthbearer.jwks.endpoint.retry.backoff.ms = 100
	sasl.oauthbearer.jwks.endpoint.url = null
	sasl.oauthbearer.scope.claim.name = scope
	sasl.oauthbearer.sub.claim.name = sub
	sasl.oauthbearer.token.endpoint.url = null
	security.protocol = PLAINTEXT
	security.providers = null
	send.buffer.bytes = 131072
	session.timeout.ms = 45000
	socket.connection.setup.timeout.max.ms = 30000
	socket.connection.setup.timeout.ms = 10000
	ssl.cipher.suites = null
	ssl.enabled.protocols = [TLSv1.2, TLSv1.3]
	ssl.endpoint.identification.algorithm = https
	ssl.engine.factory.class = null
	ssl.key.password = null
	ssl.keymanager.algorithm = SunX509
	ssl.keystore.certificate.chain = null
	ssl.keystore.key = null
	ssl.keystore.location = null
	ssl.keystore.password = null
	ssl.keystore.type = JKS
	ssl.protocol = TLSv1.3
	ssl.provider = null
	ssl.secure.random.implementation = null
	ssl.trustmanager.algorithm = PKIX
	ssl.truststore.certificates = null
	ssl.truststore.location = null
	ssl.truststore.password = null
	ssl.truststore.type = JKS
	value.deserializer = class io.apicurio.registry.serde.avro.AvroKafkaDeserializer

2025-07-31 17:04:17,708 INFO  [org.apa.kaf.com.tel.int.KafkaMetricsCollector] (main) initializing Kafka metrics collector
2025-07-31 17:04:17,719 INFO  [org.apa.kaf.cli.con.ConsumerConfig] (main) These configurations '[apicurio.registry.url]' were supplied but are not used yet.
2025-07-31 17:04:17,719 INFO  [org.apa.kaf.com.uti.AppInfoParser] (main) Kafka version: 3.9.1
2025-07-31 17:04:17,719 INFO  [org.apa.kaf.com.uti.AppInfoParser] (main) Kafka commitId: f745dfdcee2b9851
2025-07-31 17:04:17,719 INFO  [org.apa.kaf.com.uti.AppInfoParser] (main) Kafka startTimeMs: 1753981457719
2025-07-31 17:04:17,720 INFO  [org.apa.kaf.cli.con.int.ClassicKafkaConsumer] (Thread-624) [Consumer clientId=consumer-Consumer-topic-0d22aeed_38b3_4cab_a5d0_ea6e261b9354-5, groupId=Consumer-topic-0d22aeed_38b3_4cab_a5d0_ea6e261b9354] Subscribed to topic(s): topic-0d22aeed_38b3_4cab_a5d0_ea6e261b9354
2025-07-31 17:04:17,727 INFO  [org.apa.kaf.cli.Metadata] (Thread-624) [Consumer clientId=consumer-Consumer-topic-0d22aeed_38b3_4cab_a5d0_ea6e261b9354-5, groupId=Consumer-topic-0d22aeed_38b3_4cab_a5d0_ea6e261b9354] Cluster ID: hHUi-5-6SnyFRAH2goQrJA
2025-07-31 17:04:17,727 INFO  [org.apa.kaf.cli.con.int.ConsumerCoordinator] (Thread-624) [Consumer clientId=consumer-Consumer-topic-0d22aeed_38b3_4cab_a5d0_ea6e261b9354-5, groupId=Consumer-topic-0d22aeed_38b3_4cab_a5d0_ea6e261b9354] Discovered group coordinator localhost:32770 (id: 2147483647 rack: null)
2025-07-31 17:04:17,729 INFO  [org.apa.kaf.cli.con.int.ConsumerCoordinator] (Thread-624) [Consumer clientId=consumer-Consumer-topic-0d22aeed_38b3_4cab_a5d0_ea6e261b9354-5, groupId=Consumer-topic-0d22aeed_38b3_4cab_a5d0_ea6e261b9354] (Re-)joining group
2025-07-31 17:04:17,733 INFO  [org.apa.kaf.cli.con.int.ConsumerCoordinator] (Thread-624) [Consumer clientId=consumer-Consumer-topic-0d22aeed_38b3_4cab_a5d0_ea6e261b9354-5, groupId=Consumer-topic-0d22aeed_38b3_4cab_a5d0_ea6e261b9354] Request joining group due to: need to re-join with the given member-id: consumer-Consumer-topic-0d22aeed_38b3_4cab_a5d0_ea6e261b9354-5-627e69a6-d83e-43f8-91fb-67f861b2f04f
2025-07-31 17:04:17,733 INFO  [org.apa.kaf.cli.con.int.ConsumerCoordinator] (Thread-624) [Consumer clientId=consumer-Consumer-topic-0d22aeed_38b3_4cab_a5d0_ea6e261b9354-5, groupId=Consumer-topic-0d22aeed_38b3_4cab_a5d0_ea6e261b9354] (Re-)joining group
2025-07-31 17:04:17,736 INFO  [org.apa.kaf.cli.con.int.ConsumerCoordinator] (Thread-624) [Consumer clientId=consumer-Consumer-topic-0d22aeed_38b3_4cab_a5d0_ea6e261b9354-5, groupId=Consumer-topic-0d22aeed_38b3_4cab_a5d0_ea6e261b9354] Successfully joined group with generation Generation{generationId=1, memberId='consumer-Consumer-topic-0d22aeed_38b3_4cab_a5d0_ea6e261b9354-5-627e69a6-d83e-43f8-91fb-67f861b2f04f', protocol='range'}
2025-07-31 17:04:17,736 INFO  [org.apa.kaf.cli.con.int.ConsumerCoordinator] (Thread-624) [Consumer clientId=consumer-Consumer-topic-0d22aeed_38b3_4cab_a5d0_ea6e261b9354-5, groupId=Consumer-topic-0d22aeed_38b3_4cab_a5d0_ea6e261b9354] Finished assignment for group at generation 1: {consumer-Consumer-topic-0d22aeed_38b3_4cab_a5d0_ea6e261b9354-5-627e69a6-d83e-43f8-91fb-67f861b2f04f=Assignment(partitions=[topic-0d22aeed_38b3_4cab_a5d0_ea6e261b9354-0])}
2025-07-31 17:04:17,741 INFO  [org.apa.kaf.cli.con.int.ConsumerCoordinator] (Thread-624) [Consumer clientId=consumer-Consumer-topic-0d22aeed_38b3_4cab_a5d0_ea6e261b9354-5, groupId=Consumer-topic-0d22aeed_38b3_4cab_a5d0_ea6e261b9354] Successfully synced group in generation Generation{generationId=1, memberId='consumer-Consumer-topic-0d22aeed_38b3_4cab_a5d0_ea6e261b9354-5-627e69a6-d83e-43f8-91fb-67f861b2f04f', protocol='range'}
2025-07-31 17:04:17,741 INFO  [org.apa.kaf.cli.con.int.ConsumerCoordinator] (Thread-624) [Consumer clientId=consumer-Consumer-topic-0d22aeed_38b3_4cab_a5d0_ea6e261b9354-5, groupId=Consumer-topic-0d22aeed_38b3_4cab_a5d0_ea6e261b9354] Notifying assignor about the new Assignment(partitions=[topic-0d22aeed_38b3_4cab_a5d0_ea6e261b9354-0])
2025-07-31 17:04:17,741 INFO  [org.apa.kaf.cli.con.int.ConsumerRebalanceListenerInvoker] (Thread-624) [Consumer clientId=consumer-Consumer-topic-0d22aeed_38b3_4cab_a5d0_ea6e261b9354-5, groupId=Consumer-topic-0d22aeed_38b3_4cab_a5d0_ea6e261b9354] Adding newly assigned partitions: topic-0d22aeed_38b3_4cab_a5d0_ea6e261b9354-0
2025-07-31 17:04:17,743 INFO  [org.apa.kaf.cli.con.int.ConsumerCoordinator] (Thread-624) [Consumer clientId=consumer-Consumer-topic-0d22aeed_38b3_4cab_a5d0_ea6e261b9354-5, groupId=Consumer-topic-0d22aeed_38b3_4cab_a5d0_ea6e261b9354] Found no committed offset for partition topic-0d22aeed_38b3_4cab_a5d0_ea6e261b9354-0
2025-07-31 17:04:17,750 INFO  [org.apa.kaf.cli.con.int.SubscriptionState] (Thread-624) [Consumer clientId=consumer-Consumer-topic-0d22aeed_38b3_4cab_a5d0_ea6e261b9354-5, groupId=Consumer-topic-0d22aeed_38b3_4cab_a5d0_ea6e261b9354] Resetting offset for partition topic-0d22aeed_38b3_4cab_a5d0_ea6e261b9354-0 to position FetchPosition{offset=0, offsetEpoch=Optional.empty, currentLeader=LeaderAndEpoch{leader=Optional[localhost:32770 (id: 0 rack: null)], epoch=0}}.
2025-07-31 17:04:17,980 INFO  [io.api.tes.ser.api.KafkaSerdesTester] (Thread-624) topic-0d22aeed_38b3_4cab_a5d0_ea6e261b9354 0 0 {"key11753981456120": "value-0"}
2025-07-31 17:04:17,980 INFO  [io.api.tes.ser.api.KafkaSerdesTester] (Thread-624) topic-0d22aeed_38b3_4cab_a5d0_ea6e261b9354 0 1 {"key11753981456120": "value-1"}
2025-07-31 17:04:17,980 INFO  [io.api.tes.ser.api.KafkaSerdesTester] (Thread-624) topic-0d22aeed_38b3_4cab_a5d0_ea6e261b9354 0 2 {"key11753981456120": "value-2"}
2025-07-31 17:04:17,980 INFO  [io.api.tes.ser.api.KafkaSerdesTester] (Thread-624) topic-0d22aeed_38b3_4cab_a5d0_ea6e261b9354 0 3 {"key11753981456120": "value-3"}
2025-07-31 17:04:17,980 INFO  [io.api.tes.ser.api.KafkaSerdesTester] (Thread-624) topic-0d22aeed_38b3_4cab_a5d0_ea6e261b9354 0 4 {"key11753981456120": "value-4"}
2025-07-31 17:04:17,980 INFO  [io.api.tes.ser.api.KafkaSerdesTester] (Thread-624) topic-0d22aeed_38b3_4cab_a5d0_ea6e261b9354 0 5 {"key11753981456120": "value-5"}
2025-07-31 17:04:17,980 INFO  [io.api.tes.ser.api.KafkaSerdesTester] (Thread-624) topic-0d22aeed_38b3_4cab_a5d0_ea6e261b9354 0 6 {"key11753981456120": "value-6"}
2025-07-31 17:04:17,980 INFO  [io.api.tes.ser.api.KafkaSerdesTester] (Thread-624) topic-0d22aeed_38b3_4cab_a5d0_ea6e261b9354 0 7 {"key11753981456120": "value-7"}
2025-07-31 17:04:17,980 INFO  [io.api.tes.ser.api.KafkaSerdesTester] (Thread-624) topic-0d22aeed_38b3_4cab_a5d0_ea6e261b9354 0 8 {"key11753981456120": "value-8"}
2025-07-31 17:04:17,980 INFO  [io.api.tes.ser.api.KafkaSerdesTester] (Thread-624) topic-0d22aeed_38b3_4cab_a5d0_ea6e261b9354 0 9 {"key11753981456120": "value-9"}
2025-07-31 17:04:17,980 INFO  [io.api.tes.ser.api.KafkaSerdesTester] (Thread-624) Consumed 10 messages
2025-07-31 17:04:17,984 INFO  [org.apa.kaf.cli.con.int.ConsumerRebalanceListenerInvoker] (Thread-624) [Consumer clientId=consumer-Consumer-topic-0d22aeed_38b3_4cab_a5d0_ea6e261b9354-5, groupId=Consumer-topic-0d22aeed_38b3_4cab_a5d0_ea6e261b9354] Revoke previously assigned partitions topic-0d22aeed_38b3_4cab_a5d0_ea6e261b9354-0
2025-07-31 17:04:17,984 INFO  [org.apa.kaf.cli.con.int.ConsumerCoordinator] (Thread-624) [Consumer clientId=consumer-Consumer-topic-0d22aeed_38b3_4cab_a5d0_ea6e261b9354-5, groupId=Consumer-topic-0d22aeed_38b3_4cab_a5d0_ea6e261b9354] Member consumer-Consumer-topic-0d22aeed_38b3_4cab_a5d0_ea6e261b9354-5-627e69a6-d83e-43f8-91fb-67f861b2f04f sending LeaveGroup request to coordinator localhost:32770 (id: 2147483647 rack: null) due to the consumer is being closed
2025-07-31 17:04:17,984 INFO  [org.apa.kaf.cli.con.int.ConsumerCoordinator] (Thread-624) [Consumer clientId=consumer-Consumer-topic-0d22aeed_38b3_4cab_a5d0_ea6e261b9354-5, groupId=Consumer-topic-0d22aeed_38b3_4cab_a5d0_ea6e261b9354] Resetting generation and member id due to: consumer pro-actively leaving the group
2025-07-31 17:04:17,984 INFO  [org.apa.kaf.cli.con.int.ConsumerCoordinator] (Thread-624) [Consumer clientId=consumer-Consumer-topic-0d22aeed_38b3_4cab_a5d0_ea6e261b9354-5, groupId=Consumer-topic-0d22aeed_38b3_4cab_a5d0_ea6e261b9354] Request joining group due to: consumer pro-actively leaving the group
2025-07-31 17:04:18,483 INFO  [org.apa.kaf.com.met.Metrics] (Thread-624) Metrics scheduler closed
2025-07-31 17:04:18,483 INFO  [org.apa.kaf.com.met.Metrics] (Thread-624) Closing reporter org.apache.kafka.common.metrics.JmxReporter
2025-07-31 17:04:18,483 INFO  [org.apa.kaf.com.met.Metrics] (Thread-624) Closing reporter org.apache.kafka.common.telemetry.internals.ClientTelemetryReporter
2025-07-31 17:04:18,483 INFO  [org.apa.kaf.com.met.Metrics] (Thread-624) Metrics reporters closed
2025-07-31 17:04:18,487 INFO  [org.apa.kaf.com.uti.AppInfoParser] (Thread-624) App info kafka.consumer for consumer-Consumer-topic-0d22aeed_38b3_4cab_a5d0_ea6e261b9354-5 unregistered
2025-07-31 17:04:18,488 INFO  [io.api.tes.uti.TestSeparator] (main) io.apicurio.tests.serdes.apicurio.AvroSerdeIT.testRecordIdStrategydFindLatest-FINISHED
2025-07-31 17:04:18,488 INFO  [io.api.tes.uti.TestSeparator] (main) ############################################################################
Test passed: testRecordIdStrategydFindLatest
]]></system-out>
  </testcase>
  <testcase name="testReflectAutoRegister" classname="io.apicurio.tests.serdes.apicurio.AvroSerdeIT" time="1.355">
    <system-out><![CDATA[2025-07-31 17:04:18,491 INFO  [io.api.tes.uti.TestSeparator] (main) ############################################################################
2025-07-31 17:04:18,491 INFO  [io.api.tes.uti.TestSeparator] (main) io.apicurio.tests.serdes.apicurio.AvroSerdeIT.testReflectAutoRegister-STARTED
**** Registry Base URL: http://registry-app-mysql.apps.ci419.apicurio-testing.org:80
2025-07-31 17:04:18,494 INFO  [org.apa.kaf.cli.pro.ProducerConfig] (main) ProducerConfig values: 
	acks = -1
	auto.include.jmx.reporter = true
	batch.size = 16384
	bootstrap.servers = [PLAINTEXT://localhost:32770]
	buffer.memory = 33554432
	client.dns.lookup = use_all_dns_ips
	client.id = Producer-topic-362a9c21_e66a_49e7_bec7_3418797e3c1c
	compression.gzip.level = -1
	compression.lz4.level = 9
	compression.type = none
	compression.zstd.level = 3
	connections.max.idle.ms = 10000
	delivery.timeout.ms = 120000
	enable.idempotence = true
	enable.metrics.push = true
	interceptor.classes = []
	key.serializer = class org.apache.kafka.common.serialization.StringSerializer
	linger.ms = 0
	max.block.ms = 60000
	max.in.flight.requests.per.connection = 5
	max.request.size = 1048576
	metadata.max.age.ms = 300000
	metadata.max.idle.ms = 300000
	metadata.recovery.strategy = none
	metric.reporters = []
	metrics.num.samples = 2
	metrics.recording.level = INFO
	metrics.sample.window.ms = 30000
	partitioner.adaptive.partitioning.enable = true
	partitioner.availability.timeout.ms = 0
	partitioner.class = null
	partitioner.ignore.keys = false
	receive.buffer.bytes = 32768
	reconnect.backoff.max.ms = 1000
	reconnect.backoff.ms = 50
	request.timeout.ms = 5000
	retries = 2147483647
	retry.backoff.max.ms = 1000
	retry.backoff.ms = 100
	sasl.client.callback.handler.class = null
	sasl.jaas.config = null
	sasl.kerberos.kinit.cmd = /usr/bin/kinit
	sasl.kerberos.min.time.before.relogin = 60000
	sasl.kerberos.service.name = null
	sasl.kerberos.ticket.renew.jitter = 0.05
	sasl.kerberos.ticket.renew.window.factor = 0.8
	sasl.login.callback.handler.class = null
	sasl.login.class = null
	sasl.login.connect.timeout.ms = null
	sasl.login.read.timeout.ms = null
	sasl.login.refresh.buffer.seconds = 300
	sasl.login.refresh.min.period.seconds = 60
	sasl.login.refresh.window.factor = 0.8
	sasl.login.refresh.window.jitter = 0.05
	sasl.login.retry.backoff.max.ms = 10000
	sasl.login.retry.backoff.ms = 100
	sasl.mechanism = GSSAPI
	sasl.oauthbearer.clock.skew.seconds = 30
	sasl.oauthbearer.expected.audience = null
	sasl.oauthbearer.expected.issuer = null
	sasl.oauthbearer.header.urlencode = false
	sasl.oauthbearer.jwks.endpoint.refresh.ms = 3600000
	sasl.oauthbearer.jwks.endpoint.retry.backoff.max.ms = 10000
	sasl.oauthbearer.jwks.endpoint.retry.backoff.ms = 100
	sasl.oauthbearer.jwks.endpoint.url = null
	sasl.oauthbearer.scope.claim.name = scope
	sasl.oauthbearer.sub.claim.name = sub
	sasl.oauthbearer.token.endpoint.url = null
	security.protocol = PLAINTEXT
	security.providers = null
	send.buffer.bytes = 131072
	socket.connection.setup.timeout.max.ms = 30000
	socket.connection.setup.timeout.ms = 10000
	ssl.cipher.suites = null
	ssl.enabled.protocols = [TLSv1.2, TLSv1.3]
	ssl.endpoint.identification.algorithm = https
	ssl.engine.factory.class = null
	ssl.key.password = null
	ssl.keymanager.algorithm = SunX509
	ssl.keystore.certificate.chain = null
	ssl.keystore.key = null
	ssl.keystore.location = null
	ssl.keystore.password = null
	ssl.keystore.type = JKS
	ssl.protocol = TLSv1.3
	ssl.provider = null
	ssl.secure.random.implementation = null
	ssl.trustmanager.algorithm = PKIX
	ssl.truststore.certificates = null
	ssl.truststore.location = null
	ssl.truststore.password = null
	ssl.truststore.type = JKS
	transaction.timeout.ms = 60000
	transactional.id = null
	value.serializer = class io.apicurio.registry.serde.avro.AvroKafkaSerializer

2025-07-31 17:04:18,495 INFO  [org.apa.kaf.com.tel.int.KafkaMetricsCollector] (main) initializing Kafka metrics collector
2025-07-31 17:04:18,510 INFO  [org.apa.kaf.cli.pro.KafkaProducer] (main) [Producer clientId=Producer-topic-362a9c21_e66a_49e7_bec7_3418797e3c1c] Instantiated an idempotent producer.
2025-07-31 17:04:18,513 INFO  [org.apa.kaf.cli.pro.ProducerConfig] (main) These configurations '[apicurio.registry.url, apicurio.registry.auto-register, apicurio.registry.artifact-resolver-strategy, apicurio.registry.avro-datum-provider]' were supplied but are not used yet.
2025-07-31 17:04:18,513 INFO  [org.apa.kaf.com.uti.AppInfoParser] (main) Kafka version: 3.9.1
2025-07-31 17:04:18,513 INFO  [org.apa.kaf.com.uti.AppInfoParser] (main) Kafka commitId: f745dfdcee2b9851
2025-07-31 17:04:18,513 INFO  [org.apa.kaf.com.uti.AppInfoParser] (main) Kafka startTimeMs: 1753981458513
2025-07-31 17:04:18,513 INFO  [io.api.tes.ser.api.SimpleSerdesTesterBuilder$SimpleSerdesTester] (main) Using producer configuration: {apicurio.registry.url=http://registry-app-mysql.apps.ci419.apicurio-testing.org:80/apis/registry/v3, apicurio.registry.auto-register=true, apicurio.registry.artifact-resolver-strategy=io.apicurio.registry.serde.strategy.TopicIdStrategy, value.serializer=io.apicurio.registry.serde.avro.AvroKafkaSerializer, request.timeout.ms=5000, acks=all, bootstrap.servers=PLAINTEXT://localhost:32770, connections.max.idle.ms=10000, key.serializer=org.apache.kafka.common.serialization.StringSerializer, apicurio.registry.avro-datum-provider=io.apicurio.registry.serde.avro.ReflectAvroDatumProvider, client.id=Producer-topic-362a9c21_e66a_49e7_bec7_3418797e3c1c}
2025-07-31 17:04:18,514 INFO  [io.api.tes.ser.api.SimpleSerdesTesterBuilder$SimpleSerdesTester] (main) Using consumer configuration: {apicurio.registry.avro-datum-provider=io.apicurio.registry.serde.avro.ReflectAvroDatumProvider}
2025-07-31 17:04:18,514 INFO  [io.api.tes.ser.api.KafkaSerdesTester] (Thread-627) Sending message io.apicurio.tests.common.serdes.TestObject@3dbd29cb to topic topic-362a9c21_e66a_49e7_bec7_3418797e3c1c
2025-07-31 17:04:18,526 WARN  [org.apa.kaf.cli.NetworkClient] (kafka-producer-network-thread | Producer-topic-362a9c21_e66a_49e7_bec7_3418797e3c1c) [Producer clientId=Producer-topic-362a9c21_e66a_49e7_bec7_3418797e3c1c] The metadata response from the cluster reported a recoverable issue with correlation id 2 : {topic-362a9c21_e66a_49e7_bec7_3418797e3c1c=LEADER_NOT_AVAILABLE}
2025-07-31 17:04:18,526 INFO  [org.apa.kaf.cli.Metadata] (kafka-producer-network-thread | Producer-topic-362a9c21_e66a_49e7_bec7_3418797e3c1c) [Producer clientId=Producer-topic-362a9c21_e66a_49e7_bec7_3418797e3c1c] Cluster ID: hHUi-5-6SnyFRAH2goQrJA
2025-07-31 17:04:18,527 INFO  [org.apa.kaf.cli.pro.int.TransactionManager] (kafka-producer-network-thread | Producer-topic-362a9c21_e66a_49e7_bec7_3418797e3c1c) [Producer clientId=Producer-topic-362a9c21_e66a_49e7_bec7_3418797e3c1c] ProducerId set to 6 with epoch 0
2025-07-31 17:04:18,850 INFO  [io.api.tes.ser.api.KafkaSerdesTester] (Thread-627) Sending message io.apicurio.tests.common.serdes.TestObject@3dbd29cb to topic topic-362a9c21_e66a_49e7_bec7_3418797e3c1c
2025-07-31 17:04:18,852 INFO  [io.api.tes.ser.api.KafkaSerdesTester] (Thread-627) Sending message io.apicurio.tests.common.serdes.TestObject@3dbd29cb to topic topic-362a9c21_e66a_49e7_bec7_3418797e3c1c
2025-07-31 17:04:18,855 INFO  [io.api.tes.ser.api.KafkaSerdesTester] (Thread-627) Sending message io.apicurio.tests.common.serdes.TestObject@3dbd29cb to topic topic-362a9c21_e66a_49e7_bec7_3418797e3c1c
2025-07-31 17:04:18,857 INFO  [io.api.tes.ser.api.KafkaSerdesTester] (Thread-627) Sending message io.apicurio.tests.common.serdes.TestObject@3dbd29cb to topic topic-362a9c21_e66a_49e7_bec7_3418797e3c1c
2025-07-31 17:04:18,858 INFO  [io.api.tes.ser.api.KafkaSerdesTester] (Thread-627) Sending message io.apicurio.tests.common.serdes.TestObject@3dbd29cb to topic topic-362a9c21_e66a_49e7_bec7_3418797e3c1c
2025-07-31 17:04:18,863 INFO  [io.api.tes.ser.api.KafkaSerdesTester] (Thread-627) Sending message io.apicurio.tests.common.serdes.TestObject@3dbd29cb to topic topic-362a9c21_e66a_49e7_bec7_3418797e3c1c
2025-07-31 17:04:18,866 INFO  [io.api.tes.ser.api.KafkaSerdesTester] (Thread-627) Sending message io.apicurio.tests.common.serdes.TestObject@3dbd29cb to topic topic-362a9c21_e66a_49e7_bec7_3418797e3c1c
2025-07-31 17:04:18,867 INFO  [io.api.tes.ser.api.KafkaSerdesTester] (Thread-627) Sending message io.apicurio.tests.common.serdes.TestObject@3dbd29cb to topic topic-362a9c21_e66a_49e7_bec7_3418797e3c1c
2025-07-31 17:04:18,871 INFO  [io.api.tes.ser.api.KafkaSerdesTester] (Thread-627) Sending message io.apicurio.tests.common.serdes.TestObject@3dbd29cb to topic topic-362a9c21_e66a_49e7_bec7_3418797e3c1c
2025-07-31 17:04:18,873 INFO  [io.api.tes.ser.api.KafkaSerdesTester] (Thread-627) Produced 10 messages
2025-07-31 17:04:18,873 INFO  [org.apa.kaf.cli.pro.KafkaProducer] (Thread-627) [Producer clientId=Producer-topic-362a9c21_e66a_49e7_bec7_3418797e3c1c] Closing the Kafka producer with timeoutMillis = 9223372036854775807 ms.
2025-07-31 17:04:18,879 INFO  [org.apa.kaf.com.met.Metrics] (Thread-627) Metrics scheduler closed
2025-07-31 17:04:18,879 INFO  [org.apa.kaf.com.met.Metrics] (Thread-627) Closing reporter org.apache.kafka.common.metrics.JmxReporter
2025-07-31 17:04:18,879 INFO  [org.apa.kaf.com.met.Metrics] (Thread-627) Closing reporter org.apache.kafka.common.telemetry.internals.ClientTelemetryReporter
2025-07-31 17:04:18,879 INFO  [org.apa.kaf.com.met.Metrics] (Thread-627) Metrics reporters closed
2025-07-31 17:04:18,880 INFO  [org.apa.kaf.com.uti.AppInfoParser] (Thread-627) App info kafka.producer for Producer-topic-362a9c21_e66a_49e7_bec7_3418797e3c1c unregistered
**** Registry Base URL: http://registry-app-mysql.apps.ci419.apicurio-testing.org:80
2025-07-31 17:04:19,050 INFO  [org.apa.kaf.cli.con.ConsumerConfig] (main) ConsumerConfig values: 
	allow.auto.create.topics = true
	auto.commit.interval.ms = 500
	auto.include.jmx.reporter = true
	auto.offset.reset = earliest
	bootstrap.servers = [PLAINTEXT://localhost:32770]
	check.crcs = true
	client.dns.lookup = use_all_dns_ips
	client.id = consumer-Consumer-topic-362a9c21_e66a_49e7_bec7_3418797e3c1c-6
	client.rack = 
	connections.max.idle.ms = 10000
	default.api.timeout.ms = 60000
	enable.auto.commit = true
	enable.metrics.push = true
	exclude.internal.topics = true
	fetch.max.bytes = 52428800
	fetch.max.wait.ms = 500
	fetch.min.bytes = 1
	group.id = Consumer-topic-362a9c21_e66a_49e7_bec7_3418797e3c1c
	group.instance.id = null
	group.protocol = classic
	group.remote.assignor = null
	heartbeat.interval.ms = 3000
	interceptor.classes = []
	internal.leave.group.on.close = true
	internal.throw.on.fetch.stable.offset.unsupported = false
	isolation.level = read_uncommitted
	key.deserializer = class org.apache.kafka.common.serialization.StringDeserializer
	max.partition.fetch.bytes = 1048576
	max.poll.interval.ms = 300000
	max.poll.records = 500
	metadata.max.age.ms = 300000
	metadata.recovery.strategy = none
	metric.reporters = []
	metrics.num.samples = 2
	metrics.recording.level = INFO
	metrics.sample.window.ms = 30000
	partition.assignment.strategy = [class org.apache.kafka.clients.consumer.RangeAssignor, class org.apache.kafka.clients.consumer.CooperativeStickyAssignor]
	receive.buffer.bytes = 65536
	reconnect.backoff.max.ms = 1000
	reconnect.backoff.ms = 50
	request.timeout.ms = 5000
	retry.backoff.max.ms = 1000
	retry.backoff.ms = 100
	sasl.client.callback.handler.class = null
	sasl.jaas.config = null
	sasl.kerberos.kinit.cmd = /usr/bin/kinit
	sasl.kerberos.min.time.before.relogin = 60000
	sasl.kerberos.service.name = null
	sasl.kerberos.ticket.renew.jitter = 0.05
	sasl.kerberos.ticket.renew.window.factor = 0.8
	sasl.login.callback.handler.class = null
	sasl.login.class = null
	sasl.login.connect.timeout.ms = null
	sasl.login.read.timeout.ms = null
	sasl.login.refresh.buffer.seconds = 300
	sasl.login.refresh.min.period.seconds = 60
	sasl.login.refresh.window.factor = 0.8
	sasl.login.refresh.window.jitter = 0.05
	sasl.login.retry.backoff.max.ms = 10000
	sasl.login.retry.backoff.ms = 100
	sasl.mechanism = GSSAPI
	sasl.oauthbearer.clock.skew.seconds = 30
	sasl.oauthbearer.expected.audience = null
	sasl.oauthbearer.expected.issuer = null
	sasl.oauthbearer.header.urlencode = false
	sasl.oauthbearer.jwks.endpoint.refresh.ms = 3600000
	sasl.oauthbearer.jwks.endpoint.retry.backoff.max.ms = 10000
	sasl.oauthbearer.jwks.endpoint.retry.backoff.ms = 100
	sasl.oauthbearer.jwks.endpoint.url = null
	sasl.oauthbearer.scope.claim.name = scope
	sasl.oauthbearer.sub.claim.name = sub
	sasl.oauthbearer.token.endpoint.url = null
	security.protocol = PLAINTEXT
	security.providers = null
	send.buffer.bytes = 131072
	session.timeout.ms = 45000
	socket.connection.setup.timeout.max.ms = 30000
	socket.connection.setup.timeout.ms = 10000
	ssl.cipher.suites = null
	ssl.enabled.protocols = [TLSv1.2, TLSv1.3]
	ssl.endpoint.identification.algorithm = https
	ssl.engine.factory.class = null
	ssl.key.password = null
	ssl.keymanager.algorithm = SunX509
	ssl.keystore.certificate.chain = null
	ssl.keystore.key = null
	ssl.keystore.location = null
	ssl.keystore.password = null
	ssl.keystore.type = JKS
	ssl.protocol = TLSv1.3
	ssl.provider = null
	ssl.secure.random.implementation = null
	ssl.trustmanager.algorithm = PKIX
	ssl.truststore.certificates = null
	ssl.truststore.location = null
	ssl.truststore.password = null
	ssl.truststore.type = JKS
	value.deserializer = class io.apicurio.registry.serde.avro.AvroKafkaDeserializer

2025-07-31 17:04:19,051 INFO  [org.apa.kaf.com.tel.int.KafkaMetricsCollector] (main) initializing Kafka metrics collector
2025-07-31 17:04:19,056 INFO  [org.apa.kaf.cli.con.ConsumerConfig] (main) These configurations '[apicurio.registry.url, apicurio.registry.avro-datum-provider]' were supplied but are not used yet.
2025-07-31 17:04:19,056 INFO  [org.apa.kaf.com.uti.AppInfoParser] (main) Kafka version: 3.9.1
2025-07-31 17:04:19,056 INFO  [org.apa.kaf.com.uti.AppInfoParser] (main) Kafka commitId: f745dfdcee2b9851
2025-07-31 17:04:19,056 INFO  [org.apa.kaf.com.uti.AppInfoParser] (main) Kafka startTimeMs: 1753981459056
2025-07-31 17:04:19,057 INFO  [org.apa.kaf.cli.con.int.ClassicKafkaConsumer] (Thread-630) [Consumer clientId=consumer-Consumer-topic-362a9c21_e66a_49e7_bec7_3418797e3c1c-6, groupId=Consumer-topic-362a9c21_e66a_49e7_bec7_3418797e3c1c] Subscribed to topic(s): topic-362a9c21_e66a_49e7_bec7_3418797e3c1c
2025-07-31 17:04:19,069 INFO  [org.apa.kaf.cli.Metadata] (Thread-630) [Consumer clientId=consumer-Consumer-topic-362a9c21_e66a_49e7_bec7_3418797e3c1c-6, groupId=Consumer-topic-362a9c21_e66a_49e7_bec7_3418797e3c1c] Cluster ID: hHUi-5-6SnyFRAH2goQrJA
2025-07-31 17:04:19,070 INFO  [org.apa.kaf.cli.con.int.ConsumerCoordinator] (Thread-630) [Consumer clientId=consumer-Consumer-topic-362a9c21_e66a_49e7_bec7_3418797e3c1c-6, groupId=Consumer-topic-362a9c21_e66a_49e7_bec7_3418797e3c1c] Discovered group coordinator localhost:32770 (id: 2147483647 rack: null)
2025-07-31 17:04:19,073 INFO  [org.apa.kaf.cli.con.int.ConsumerCoordinator] (Thread-630) [Consumer clientId=consumer-Consumer-topic-362a9c21_e66a_49e7_bec7_3418797e3c1c-6, groupId=Consumer-topic-362a9c21_e66a_49e7_bec7_3418797e3c1c] (Re-)joining group
2025-07-31 17:04:19,076 INFO  [org.apa.kaf.cli.con.int.ConsumerCoordinator] (Thread-630) [Consumer clientId=consumer-Consumer-topic-362a9c21_e66a_49e7_bec7_3418797e3c1c-6, groupId=Consumer-topic-362a9c21_e66a_49e7_bec7_3418797e3c1c] Request joining group due to: need to re-join with the given member-id: consumer-Consumer-topic-362a9c21_e66a_49e7_bec7_3418797e3c1c-6-a6b5bf48-1354-42b5-b55b-05261eac1981
2025-07-31 17:04:19,077 INFO  [org.apa.kaf.cli.con.int.ConsumerCoordinator] (Thread-630) [Consumer clientId=consumer-Consumer-topic-362a9c21_e66a_49e7_bec7_3418797e3c1c-6, groupId=Consumer-topic-362a9c21_e66a_49e7_bec7_3418797e3c1c] (Re-)joining group
2025-07-31 17:04:19,081 INFO  [org.apa.kaf.cli.con.int.ConsumerCoordinator] (Thread-630) [Consumer clientId=consumer-Consumer-topic-362a9c21_e66a_49e7_bec7_3418797e3c1c-6, groupId=Consumer-topic-362a9c21_e66a_49e7_bec7_3418797e3c1c] Successfully joined group with generation Generation{generationId=1, memberId='consumer-Consumer-topic-362a9c21_e66a_49e7_bec7_3418797e3c1c-6-a6b5bf48-1354-42b5-b55b-05261eac1981', protocol='range'}
2025-07-31 17:04:19,081 INFO  [org.apa.kaf.cli.con.int.ConsumerCoordinator] (Thread-630) [Consumer clientId=consumer-Consumer-topic-362a9c21_e66a_49e7_bec7_3418797e3c1c-6, groupId=Consumer-topic-362a9c21_e66a_49e7_bec7_3418797e3c1c] Finished assignment for group at generation 1: {consumer-Consumer-topic-362a9c21_e66a_49e7_bec7_3418797e3c1c-6-a6b5bf48-1354-42b5-b55b-05261eac1981=Assignment(partitions=[topic-362a9c21_e66a_49e7_bec7_3418797e3c1c-0])}
2025-07-31 17:04:19,085 INFO  [org.apa.kaf.cli.con.int.ConsumerCoordinator] (Thread-630) [Consumer clientId=consumer-Consumer-topic-362a9c21_e66a_49e7_bec7_3418797e3c1c-6, groupId=Consumer-topic-362a9c21_e66a_49e7_bec7_3418797e3c1c] Successfully synced group in generation Generation{generationId=1, memberId='consumer-Consumer-topic-362a9c21_e66a_49e7_bec7_3418797e3c1c-6-a6b5bf48-1354-42b5-b55b-05261eac1981', protocol='range'}
2025-07-31 17:04:19,085 INFO  [org.apa.kaf.cli.con.int.ConsumerCoordinator] (Thread-630) [Consumer clientId=consumer-Consumer-topic-362a9c21_e66a_49e7_bec7_3418797e3c1c-6, groupId=Consumer-topic-362a9c21_e66a_49e7_bec7_3418797e3c1c] Notifying assignor about the new Assignment(partitions=[topic-362a9c21_e66a_49e7_bec7_3418797e3c1c-0])
2025-07-31 17:04:19,085 INFO  [org.apa.kaf.cli.con.int.ConsumerRebalanceListenerInvoker] (Thread-630) [Consumer clientId=consumer-Consumer-topic-362a9c21_e66a_49e7_bec7_3418797e3c1c-6, groupId=Consumer-topic-362a9c21_e66a_49e7_bec7_3418797e3c1c] Adding newly assigned partitions: topic-362a9c21_e66a_49e7_bec7_3418797e3c1c-0
2025-07-31 17:04:19,087 INFO  [org.apa.kaf.cli.con.int.ConsumerCoordinator] (Thread-630) [Consumer clientId=consumer-Consumer-topic-362a9c21_e66a_49e7_bec7_3418797e3c1c-6, groupId=Consumer-topic-362a9c21_e66a_49e7_bec7_3418797e3c1c] Found no committed offset for partition topic-362a9c21_e66a_49e7_bec7_3418797e3c1c-0
2025-07-31 17:04:19,092 INFO  [org.apa.kaf.cli.con.int.SubscriptionState] (Thread-630) [Consumer clientId=consumer-Consumer-topic-362a9c21_e66a_49e7_bec7_3418797e3c1c-6, groupId=Consumer-topic-362a9c21_e66a_49e7_bec7_3418797e3c1c] Resetting offset for partition topic-362a9c21_e66a_49e7_bec7_3418797e3c1c-0 to position FetchPosition{offset=0, offsetEpoch=Optional.empty, currentLeader=LeaderAndEpoch{leader=Optional[localhost:32770 (id: 0 rack: null)], epoch=0}}.
2025-07-31 17:04:19,336 INFO  [io.api.tes.ser.api.KafkaSerdesTester] (Thread-630) topic-362a9c21_e66a_49e7_bec7_3418797e3c1c 0 0 io.apicurio.tests.common.serdes.TestObject@3dbd29cb
2025-07-31 17:04:19,337 INFO  [io.api.tes.ser.api.KafkaSerdesTester] (Thread-630) topic-362a9c21_e66a_49e7_bec7_3418797e3c1c 0 1 io.apicurio.tests.common.serdes.TestObject@3dbd29cb
2025-07-31 17:04:19,337 INFO  [io.api.tes.ser.api.KafkaSerdesTester] (Thread-630) topic-362a9c21_e66a_49e7_bec7_3418797e3c1c 0 2 io.apicurio.tests.common.serdes.TestObject@3dbd29cb
2025-07-31 17:04:19,337 INFO  [io.api.tes.ser.api.KafkaSerdesTester] (Thread-630) topic-362a9c21_e66a_49e7_bec7_3418797e3c1c 0 3 io.apicurio.tests.common.serdes.TestObject@3dbd29cb
2025-07-31 17:04:19,337 INFO  [io.api.tes.ser.api.KafkaSerdesTester] (Thread-630) topic-362a9c21_e66a_49e7_bec7_3418797e3c1c 0 4 io.apicurio.tests.common.serdes.TestObject@3dbd29cb
2025-07-31 17:04:19,337 INFO  [io.api.tes.ser.api.KafkaSerdesTester] (Thread-630) topic-362a9c21_e66a_49e7_bec7_3418797e3c1c 0 5 io.apicurio.tests.common.serdes.TestObject@3dbd29cb
2025-07-31 17:04:19,337 INFO  [io.api.tes.ser.api.KafkaSerdesTester] (Thread-630) topic-362a9c21_e66a_49e7_bec7_3418797e3c1c 0 6 io.apicurio.tests.common.serdes.TestObject@3dbd29cb
2025-07-31 17:04:19,337 INFO  [io.api.tes.ser.api.KafkaSerdesTester] (Thread-630) topic-362a9c21_e66a_49e7_bec7_3418797e3c1c 0 7 io.apicurio.tests.common.serdes.TestObject@3dbd29cb
2025-07-31 17:04:19,337 INFO  [io.api.tes.ser.api.KafkaSerdesTester] (Thread-630) topic-362a9c21_e66a_49e7_bec7_3418797e3c1c 0 8 io.apicurio.tests.common.serdes.TestObject@3dbd29cb
2025-07-31 17:04:19,337 INFO  [io.api.tes.ser.api.KafkaSerdesTester] (Thread-630) topic-362a9c21_e66a_49e7_bec7_3418797e3c1c 0 9 io.apicurio.tests.common.serdes.TestObject@3dbd29cb
2025-07-31 17:04:19,337 INFO  [io.api.tes.ser.api.KafkaSerdesTester] (Thread-630) Consumed 10 messages
2025-07-31 17:04:19,341 INFO  [org.apa.kaf.cli.con.int.ConsumerRebalanceListenerInvoker] (Thread-630) [Consumer clientId=consumer-Consumer-topic-362a9c21_e66a_49e7_bec7_3418797e3c1c-6, groupId=Consumer-topic-362a9c21_e66a_49e7_bec7_3418797e3c1c] Revoke previously assigned partitions topic-362a9c21_e66a_49e7_bec7_3418797e3c1c-0
2025-07-31 17:04:19,342 INFO  [org.apa.kaf.cli.con.int.ConsumerCoordinator] (Thread-630) [Consumer clientId=consumer-Consumer-topic-362a9c21_e66a_49e7_bec7_3418797e3c1c-6, groupId=Consumer-topic-362a9c21_e66a_49e7_bec7_3418797e3c1c] Member consumer-Consumer-topic-362a9c21_e66a_49e7_bec7_3418797e3c1c-6-a6b5bf48-1354-42b5-b55b-05261eac1981 sending LeaveGroup request to coordinator localhost:32770 (id: 2147483647 rack: null) due to the consumer is being closed
2025-07-31 17:04:19,342 INFO  [org.apa.kaf.cli.con.int.ConsumerCoordinator] (Thread-630) [Consumer clientId=consumer-Consumer-topic-362a9c21_e66a_49e7_bec7_3418797e3c1c-6, groupId=Consumer-topic-362a9c21_e66a_49e7_bec7_3418797e3c1c] Resetting generation and member id due to: consumer pro-actively leaving the group
2025-07-31 17:04:19,342 INFO  [org.apa.kaf.cli.con.int.ConsumerCoordinator] (Thread-630) [Consumer clientId=consumer-Consumer-topic-362a9c21_e66a_49e7_bec7_3418797e3c1c-6, groupId=Consumer-topic-362a9c21_e66a_49e7_bec7_3418797e3c1c] Request joining group due to: consumer pro-actively leaving the group
2025-07-31 17:04:19,840 INFO  [org.apa.kaf.com.met.Metrics] (Thread-630) Metrics scheduler closed
2025-07-31 17:04:19,841 INFO  [org.apa.kaf.com.met.Metrics] (Thread-630) Closing reporter org.apache.kafka.common.metrics.JmxReporter
2025-07-31 17:04:19,841 INFO  [org.apa.kaf.com.met.Metrics] (Thread-630) Closing reporter org.apache.kafka.common.telemetry.internals.ClientTelemetryReporter
2025-07-31 17:04:19,841 INFO  [org.apa.kaf.com.met.Metrics] (Thread-630) Metrics reporters closed
2025-07-31 17:04:19,843 INFO  [org.apa.kaf.com.uti.AppInfoParser] (Thread-630) App info kafka.consumer for consumer-Consumer-topic-362a9c21_e66a_49e7_bec7_3418797e3c1c-6 unregistered
2025-07-31 17:04:19,844 INFO  [io.api.tes.uti.TestSeparator] (main) io.apicurio.tests.serdes.apicurio.AvroSerdeIT.testReflectAutoRegister-FINISHED
2025-07-31 17:04:19,844 INFO  [io.api.tes.uti.TestSeparator] (main) ############################################################################
Test passed: testReflectAutoRegister
]]></system-out>
  </testcase>
  <testcase name="testArtifactNotFound" classname="io.apicurio.tests.serdes.apicurio.AvroSerdeIT" time="0.411">
    <system-out><![CDATA[2025-07-31 17:04:19,848 INFO  [io.api.tes.uti.TestSeparator] (main) ############################################################################
2025-07-31 17:04:19,848 INFO  [io.api.tes.uti.TestSeparator] (main) io.apicurio.tests.serdes.apicurio.AvroSerdeIT.testArtifactNotFound-STARTED
**** Registry Base URL: http://registry-app-mysql.apps.ci419.apicurio-testing.org:80
2025-07-31 17:04:19,849 INFO  [org.apa.kaf.cli.pro.ProducerConfig] (main) ProducerConfig values: 
	acks = -1
	auto.include.jmx.reporter = true
	batch.size = 16384
	bootstrap.servers = [PLAINTEXT://localhost:32770]
	buffer.memory = 33554432
	client.dns.lookup = use_all_dns_ips
	client.id = Producer-s9ad8715dxddf1x466axb049x6a546f1bc824
	compression.gzip.level = -1
	compression.lz4.level = 9
	compression.type = none
	compression.zstd.level = 3
	connections.max.idle.ms = 10000
	delivery.timeout.ms = 120000
	enable.idempotence = true
	enable.metrics.push = true
	interceptor.classes = []
	key.serializer = class org.apache.kafka.common.serialization.StringSerializer
	linger.ms = 0
	max.block.ms = 60000
	max.in.flight.requests.per.connection = 5
	max.request.size = 1048576
	metadata.max.age.ms = 300000
	metadata.max.idle.ms = 300000
	metadata.recovery.strategy = none
	metric.reporters = []
	metrics.num.samples = 2
	metrics.recording.level = INFO
	metrics.sample.window.ms = 30000
	partitioner.adaptive.partitioning.enable = true
	partitioner.availability.timeout.ms = 0
	partitioner.class = null
	partitioner.ignore.keys = false
	receive.buffer.bytes = 32768
	reconnect.backoff.max.ms = 1000
	reconnect.backoff.ms = 50
	request.timeout.ms = 5000
	retries = 2147483647
	retry.backoff.max.ms = 1000
	retry.backoff.ms = 100
	sasl.client.callback.handler.class = null
	sasl.jaas.config = null
	sasl.kerberos.kinit.cmd = /usr/bin/kinit
	sasl.kerberos.min.time.before.relogin = 60000
	sasl.kerberos.service.name = null
	sasl.kerberos.ticket.renew.jitter = 0.05
	sasl.kerberos.ticket.renew.window.factor = 0.8
	sasl.login.callback.handler.class = null
	sasl.login.class = null
	sasl.login.connect.timeout.ms = null
	sasl.login.read.timeout.ms = null
	sasl.login.refresh.buffer.seconds = 300
	sasl.login.refresh.min.period.seconds = 60
	sasl.login.refresh.window.factor = 0.8
	sasl.login.refresh.window.jitter = 0.05
	sasl.login.retry.backoff.max.ms = 10000
	sasl.login.retry.backoff.ms = 100
	sasl.mechanism = GSSAPI
	sasl.oauthbearer.clock.skew.seconds = 30
	sasl.oauthbearer.expected.audience = null
	sasl.oauthbearer.expected.issuer = null
	sasl.oauthbearer.header.urlencode = false
	sasl.oauthbearer.jwks.endpoint.refresh.ms = 3600000
	sasl.oauthbearer.jwks.endpoint.retry.backoff.max.ms = 10000
	sasl.oauthbearer.jwks.endpoint.retry.backoff.ms = 100
	sasl.oauthbearer.jwks.endpoint.url = null
	sasl.oauthbearer.scope.claim.name = scope
	sasl.oauthbearer.sub.claim.name = sub
	sasl.oauthbearer.token.endpoint.url = null
	security.protocol = PLAINTEXT
	security.providers = null
	send.buffer.bytes = 131072
	socket.connection.setup.timeout.max.ms = 30000
	socket.connection.setup.timeout.ms = 10000
	ssl.cipher.suites = null
	ssl.enabled.protocols = [TLSv1.2, TLSv1.3]
	ssl.endpoint.identification.algorithm = https
	ssl.engine.factory.class = null
	ssl.key.password = null
	ssl.keymanager.algorithm = SunX509
	ssl.keystore.certificate.chain = null
	ssl.keystore.key = null
	ssl.keystore.location = null
	ssl.keystore.password = null
	ssl.keystore.type = JKS
	ssl.protocol = TLSv1.3
	ssl.provider = null
	ssl.secure.random.implementation = null
	ssl.trustmanager.algorithm = PKIX
	ssl.truststore.certificates = null
	ssl.truststore.location = null
	ssl.truststore.password = null
	ssl.truststore.type = JKS
	transaction.timeout.ms = 60000
	transactional.id = null
	value.serializer = class io.apicurio.registry.serde.avro.AvroKafkaSerializer

2025-07-31 17:04:19,850 INFO  [org.apa.kaf.com.tel.int.KafkaMetricsCollector] (main) initializing Kafka metrics collector
2025-07-31 17:04:19,853 INFO  [org.apa.kaf.cli.pro.KafkaProducer] (main) [Producer clientId=Producer-s9ad8715dxddf1x466axb049x6a546f1bc824] Instantiated an idempotent producer.
2025-07-31 17:04:19,862 INFO  [org.apa.kaf.cli.pro.ProducerConfig] (main) These configurations '[apicurio.registry.url, apicurio.registry.artifact-resolver-strategy]' were supplied but are not used yet.
2025-07-31 17:04:19,866 INFO  [org.apa.kaf.com.uti.AppInfoParser] (main) Kafka version: 3.9.1
2025-07-31 17:04:19,867 INFO  [org.apa.kaf.com.uti.AppInfoParser] (main) Kafka commitId: f745dfdcee2b9851
2025-07-31 17:04:19,867 INFO  [org.apa.kaf.com.uti.AppInfoParser] (main) Kafka startTimeMs: 1753981459866
2025-07-31 17:04:19,868 INFO  [io.api.tes.ser.api.KafkaSerdesTester] (Thread-633) Sending message {"keyB": "value-0"} to topic s9ad8715dxddf1x466axb049x6a546f1bc824
2025-07-31 17:04:19,880 WARN  [org.apa.kaf.cli.NetworkClient] (kafka-producer-network-thread | Producer-s9ad8715dxddf1x466axb049x6a546f1bc824) [Producer clientId=Producer-s9ad8715dxddf1x466axb049x6a546f1bc824] The metadata response from the cluster reported a recoverable issue with correlation id 2 : {s9ad8715dxddf1x466axb049x6a546f1bc824=LEADER_NOT_AVAILABLE}
2025-07-31 17:04:19,881 INFO  [org.apa.kaf.cli.Metadata] (kafka-producer-network-thread | Producer-s9ad8715dxddf1x466axb049x6a546f1bc824) [Producer clientId=Producer-s9ad8715dxddf1x466axb049x6a546f1bc824] Cluster ID: hHUi-5-6SnyFRAH2goQrJA
2025-07-31 17:04:19,882 INFO  [org.apa.kaf.cli.pro.int.TransactionManager] (kafka-producer-network-thread | Producer-s9ad8715dxddf1x466axb049x6a546f1bc824) [Producer clientId=Producer-s9ad8715dxddf1x466axb049x6a546f1bc824] ProducerId set to 7 with epoch 0
2025-07-31 17:04:20,002 INFO  [DefaultSchemaResolver] (Thread-633) Retrieving schema content using string: {"type":"record","name":"myrecord","namespace":"mygroup","fields":[{"name":"keyB","type":"string"}]}
2025-07-31 17:04:20,253 INFO  [org.apa.kaf.cli.pro.KafkaProducer] (Thread-633) [Producer clientId=Producer-s9ad8715dxddf1x466axb049x6a546f1bc824] Closing the Kafka producer with timeoutMillis = 9223372036854775807 ms.
2025-07-31 17:04:20,256 INFO  [org.apa.kaf.com.met.Metrics] (Thread-633) Metrics scheduler closed
2025-07-31 17:04:20,256 INFO  [org.apa.kaf.com.met.Metrics] (Thread-633) Closing reporter org.apache.kafka.common.metrics.JmxReporter
2025-07-31 17:04:20,256 INFO  [org.apa.kaf.com.met.Metrics] (Thread-633) Closing reporter org.apache.kafka.common.telemetry.internals.ClientTelemetryReporter
2025-07-31 17:04:20,256 INFO  [org.apa.kaf.com.met.Metrics] (Thread-633) Metrics reporters closed
2025-07-31 17:04:20,256 INFO  [org.apa.kaf.com.uti.AppInfoParser] (Thread-633) App info kafka.producer for Producer-s9ad8715dxddf1x466axb049x6a546f1bc824 unregistered
2025-07-31 17:04:20,257 INFO  [io.api.tes.uti.TestSeparator] (main) io.apicurio.tests.serdes.apicurio.AvroSerdeIT.testArtifactNotFound-FINISHED
2025-07-31 17:04:20,257 INFO  [io.api.tes.uti.TestSeparator] (main) ############################################################################
Test passed: testArtifactNotFound
]]></system-out>
    <system-err><![CDATA[java.lang.RuntimeException: Could not resolve artifact reference by content: {"type":"record","name":"myrecord","namespace":"mygroup","fields":[{"name":"keyB","type":"string"}]}&ArtifactReference [groupId=default, artifactId=s9ad8715dxddf1x466axb049x6a546f1bc824-value, version=null, globalId=null, contentId=null, contentHash=null]
	at io.apicurio.registry.resolver.DefaultSchemaResolver.lambda$handleResolveSchemaByContent$3(DefaultSchemaResolver.java:265)
	at io.apicurio.registry.resolver.cache.ERCache.lambda$getValue$0(ERCache.java:174)
	at io.apicurio.registry.resolver.cache.ERCache.retry(ERCache.java:227)
	at io.apicurio.registry.resolver.cache.ERCache.getValue(ERCache.java:173)
	at io.apicurio.registry.resolver.cache.ERCache.getByContent(ERCache.java:147)
	at io.apicurio.registry.resolver.DefaultSchemaResolver.handleResolveSchemaByContent(DefaultSchemaResolver.java:253)
	at io.apicurio.registry.resolver.DefaultSchemaResolver.getSchemaFromRegistry(DefaultSchemaResolver.java:138)
	at io.apicurio.registry.resolver.DefaultSchemaResolver.lambda$resolveSchema$0(DefaultSchemaResolver.java:84)
	at java.base/java.util.Optional.orElseGet(Optional.java:364)
	at io.apicurio.registry.resolver.DefaultSchemaResolver.resolveSchema(DefaultSchemaResolver.java:84)
	at io.apicurio.registry.serde.AbstractSerializer.serializeData(AbstractSerializer.java:62)
	at io.apicurio.registry.serde.KafkaSerializer.serialize(KafkaSerializer.java:77)
	at org.apache.kafka.clients.producer.KafkaProducer.doSend(KafkaProducer.java:1046)
	at org.apache.kafka.clients.producer.KafkaProducer.send(KafkaProducer.java:993)
	at org.apache.kafka.clients.producer.KafkaProducer.send(KafkaProducer.java:875)
	at io.apicurio.tests.serdes.apicurio.KafkaSerdesTester.lambda$produceMessages$3(KafkaSerdesTester.java:138)
	at java.base/java.util.concurrent.CompletableFuture$AsyncSupply.run(CompletableFuture.java:1768)
	at java.base/java.lang.Thread.run(Thread.java:840)
]]></system-err>
  </testcase>
  <testcase name="testAvroSerDesFailDifferentSchemaByRecordName" classname="io.apicurio.tests.serdes.apicurio.AvroSerdeIT" time="1.412">
    <system-out><![CDATA[2025-07-31 17:04:20,258 INFO  [io.api.tes.uti.TestSeparator] (main) ############################################################################
2025-07-31 17:04:20,258 INFO  [io.api.tes.uti.TestSeparator] (main) io.apicurio.tests.serdes.apicurio.AvroSerdeIT.testAvroSerDesFailDifferentSchemaByRecordName-STARTED
**** Registry Base URL: http://registry-app-mysql.apps.ci419.apicurio-testing.org:80
2025-07-31 17:04:21,482 INFO  [org.apa.kaf.cli.pro.ProducerConfig] (main) ProducerConfig values: 
	acks = -1
	auto.include.jmx.reporter = true
	batch.size = 16384
	bootstrap.servers = [PLAINTEXT://localhost:32770]
	buffer.memory = 33554432
	client.dns.lookup = use_all_dns_ips
	client.id = Producer-topic-8148778d_477b_4469_94f4_1bb9f379b93c
	compression.gzip.level = -1
	compression.lz4.level = 9
	compression.type = none
	compression.zstd.level = 3
	connections.max.idle.ms = 10000
	delivery.timeout.ms = 120000
	enable.idempotence = true
	enable.metrics.push = true
	interceptor.classes = []
	key.serializer = class org.apache.kafka.common.serialization.StringSerializer
	linger.ms = 0
	max.block.ms = 60000
	max.in.flight.requests.per.connection = 5
	max.request.size = 1048576
	metadata.max.age.ms = 300000
	metadata.max.idle.ms = 300000
	metadata.recovery.strategy = none
	metric.reporters = []
	metrics.num.samples = 2
	metrics.recording.level = INFO
	metrics.sample.window.ms = 30000
	partitioner.adaptive.partitioning.enable = true
	partitioner.availability.timeout.ms = 0
	partitioner.class = null
	partitioner.ignore.keys = false
	receive.buffer.bytes = 32768
	reconnect.backoff.max.ms = 1000
	reconnect.backoff.ms = 50
	request.timeout.ms = 5000
	retries = 2147483647
	retry.backoff.max.ms = 1000
	retry.backoff.ms = 100
	sasl.client.callback.handler.class = null
	sasl.jaas.config = null
	sasl.kerberos.kinit.cmd = /usr/bin/kinit
	sasl.kerberos.min.time.before.relogin = 60000
	sasl.kerberos.service.name = null
	sasl.kerberos.ticket.renew.jitter = 0.05
	sasl.kerberos.ticket.renew.window.factor = 0.8
	sasl.login.callback.handler.class = null
	sasl.login.class = null
	sasl.login.connect.timeout.ms = null
	sasl.login.read.timeout.ms = null
	sasl.login.refresh.buffer.seconds = 300
	sasl.login.refresh.min.period.seconds = 60
	sasl.login.refresh.window.factor = 0.8
	sasl.login.refresh.window.jitter = 0.05
	sasl.login.retry.backoff.max.ms = 10000
	sasl.login.retry.backoff.ms = 100
	sasl.mechanism = GSSAPI
	sasl.oauthbearer.clock.skew.seconds = 30
	sasl.oauthbearer.expected.audience = null
	sasl.oauthbearer.expected.issuer = null
	sasl.oauthbearer.header.urlencode = false
	sasl.oauthbearer.jwks.endpoint.refresh.ms = 3600000
	sasl.oauthbearer.jwks.endpoint.retry.backoff.max.ms = 10000
	sasl.oauthbearer.jwks.endpoint.retry.backoff.ms = 100
	sasl.oauthbearer.jwks.endpoint.url = null
	sasl.oauthbearer.scope.claim.name = scope
	sasl.oauthbearer.sub.claim.name = sub
	sasl.oauthbearer.token.endpoint.url = null
	security.protocol = PLAINTEXT
	security.providers = null
	send.buffer.bytes = 131072
	socket.connection.setup.timeout.max.ms = 30000
	socket.connection.setup.timeout.ms = 10000
	ssl.cipher.suites = null
	ssl.enabled.protocols = [TLSv1.2, TLSv1.3]
	ssl.endpoint.identification.algorithm = https
	ssl.engine.factory.class = null
	ssl.key.password = null
	ssl.keymanager.algorithm = SunX509
	ssl.keystore.certificate.chain = null
	ssl.keystore.key = null
	ssl.keystore.location = null
	ssl.keystore.password = null
	ssl.keystore.type = JKS
	ssl.protocol = TLSv1.3
	ssl.provider = null
	ssl.secure.random.implementation = null
	ssl.trustmanager.algorithm = PKIX
	ssl.truststore.certificates = null
	ssl.truststore.location = null
	ssl.truststore.password = null
	ssl.truststore.type = JKS
	transaction.timeout.ms = 60000
	transactional.id = null
	value.serializer = class io.apicurio.registry.serde.avro.AvroKafkaSerializer

2025-07-31 17:04:21,482 INFO  [org.apa.kaf.com.tel.int.KafkaMetricsCollector] (main) initializing Kafka metrics collector
2025-07-31 17:04:21,488 INFO  [org.apa.kaf.cli.pro.KafkaProducer] (main) [Producer clientId=Producer-topic-8148778d_477b_4469_94f4_1bb9f379b93c] Instantiated an idempotent producer.
2025-07-31 17:04:21,491 INFO  [org.apa.kaf.cli.pro.ProducerConfig] (main) These configurations '[apicurio.registry.find-latest, apicurio.registry.url, apicurio.registry.artifact-resolver-strategy]' were supplied but are not used yet.
2025-07-31 17:04:21,491 INFO  [org.apa.kaf.com.uti.AppInfoParser] (main) Kafka version: 3.9.1
2025-07-31 17:04:21,491 INFO  [org.apa.kaf.com.uti.AppInfoParser] (main) Kafka commitId: f745dfdcee2b9851
2025-07-31 17:04:21,491 INFO  [org.apa.kaf.com.uti.AppInfoParser] (main) Kafka startTimeMs: 1753981461491
2025-07-31 17:04:21,494 INFO  [io.api.tes.ser.api.KafkaSerdesTester] (Thread-636) Sending message {"keyB": "value-0"} to topic topic-8148778d_477b_4469_94f4_1bb9f379b93c
2025-07-31 17:04:21,509 INFO  [org.apa.kaf.cli.Metadata] (kafka-producer-network-thread | Producer-topic-8148778d_477b_4469_94f4_1bb9f379b93c) [Producer clientId=Producer-topic-8148778d_477b_4469_94f4_1bb9f379b93c] Cluster ID: hHUi-5-6SnyFRAH2goQrJA
2025-07-31 17:04:21,514 INFO  [org.apa.kaf.cli.pro.int.TransactionManager] (kafka-producer-network-thread | Producer-topic-8148778d_477b_4469_94f4_1bb9f379b93c) [Producer clientId=Producer-topic-8148778d_477b_4469_94f4_1bb9f379b93c] ProducerId set to 8 with epoch 0
2025-07-31 17:04:21,665 INFO  [org.apa.kaf.cli.pro.KafkaProducer] (Thread-636) [Producer clientId=Producer-topic-8148778d_477b_4469_94f4_1bb9f379b93c] Closing the Kafka producer with timeoutMillis = 9223372036854775807 ms.
2025-07-31 17:04:21,667 INFO  [org.apa.kaf.com.met.Metrics] (Thread-636) Metrics scheduler closed
2025-07-31 17:04:21,667 INFO  [org.apa.kaf.com.met.Metrics] (Thread-636) Closing reporter org.apache.kafka.common.metrics.JmxReporter
2025-07-31 17:04:21,667 INFO  [org.apa.kaf.com.met.Metrics] (Thread-636) Closing reporter org.apache.kafka.common.telemetry.internals.ClientTelemetryReporter
2025-07-31 17:04:21,667 INFO  [org.apa.kaf.com.met.Metrics] (Thread-636) Metrics reporters closed
2025-07-31 17:04:21,668 INFO  [org.apa.kaf.com.uti.AppInfoParser] (Thread-636) App info kafka.producer for Producer-topic-8148778d_477b_4469_94f4_1bb9f379b93c unregistered
2025-07-31 17:04:21,668 INFO  [io.api.tes.uti.TestSeparator] (main) io.apicurio.tests.serdes.apicurio.AvroSerdeIT.testAvroSerDesFailDifferentSchemaByRecordName-FINISHED
2025-07-31 17:04:21,668 INFO  [io.api.tes.uti.TestSeparator] (main) ############################################################################
Test passed: testAvroSerDesFailDifferentSchemaByRecordName
]]></system-out>
    <system-err><![CDATA[io.apicurio.registry.rest.client.models.ProblemDetails
	at io.apicurio.registry.rest.client.models.ProblemDetails.createFromDiscriminatorValue(ProblemDetails.java:58)
	at io.kiota.serialization.json.JsonParseNode.getObjectValue(JsonParseNode.java:247)
	at io.kiota.http.vertx.VertXRequestAdapter.lambda$throwIfFailedResponse$0(VertXRequestAdapter.java:400)
	at com.microsoft.kiota.ApiExceptionBuilder.<init>(ApiExceptionBuilder.java:26)
	at io.kiota.http.vertx.VertXRequestAdapter.throwIfFailedResponse(VertXRequestAdapter.java:399)
	at io.kiota.http.vertx.VertXRequestAdapter.send(VertXRequestAdapter.java:170)
	at io.apicurio.registry.rest.client.groups.item.artifacts.item.versions.item.WithVersionExpressionItemRequestBuilder.get(WithVersionExpressionItemRequestBuilder.java:128)
	at io.apicurio.registry.rest.client.groups.item.artifacts.item.versions.item.WithVersionExpressionItemRequestBuilder.get(WithVersionExpressionItemRequestBuilder.java:111)
	at io.apicurio.registry.resolver.client.RegistryClientFacadeImpl.getVersionCoordinatesByGAV(RegistryClientFacadeImpl.java:153)
	at io.apicurio.registry.resolver.DefaultSchemaResolver.resolveByCoordinates(DefaultSchemaResolver.java:352)
	at io.apicurio.registry.resolver.DefaultSchemaResolver.lambda$resolveSchemaByArtifactReferenceCached$6(DefaultSchemaResolver.java:340)
	at io.apicurio.registry.resolver.cache.ERCache.lambda$getValue$0(ERCache.java:174)
	at io.apicurio.registry.resolver.cache.ERCache.retry(ERCache.java:227)
	at io.apicurio.registry.resolver.cache.ERCache.getValue(ERCache.java:173)
	at io.apicurio.registry.resolver.cache.ERCache.getByArtifactCoordinates(ERCache.java:158)
	at io.apicurio.registry.resolver.DefaultSchemaResolver.resolveSchemaByArtifactReferenceCached(DefaultSchemaResolver.java:338)
	at io.apicurio.registry.resolver.DefaultSchemaResolver.resolveSchemaByCoordinates(DefaultSchemaResolver.java:193)
	at io.apicurio.registry.resolver.DefaultSchemaResolver.getSchemaFromRegistry(DefaultSchemaResolver.java:130)
	at io.apicurio.registry.resolver.DefaultSchemaResolver.lambda$resolveSchema$0(DefaultSchemaResolver.java:84)
	at java.base/java.util.Optional.orElseGet(Optional.java:364)
	at io.apicurio.registry.resolver.DefaultSchemaResolver.resolveSchema(DefaultSchemaResolver.java:84)
	at io.apicurio.registry.serde.AbstractSerializer.serializeData(AbstractSerializer.java:62)
	at io.apicurio.registry.serde.KafkaSerializer.serialize(KafkaSerializer.java:77)
	at org.apache.kafka.clients.producer.KafkaProducer.doSend(KafkaProducer.java:1046)
	at org.apache.kafka.clients.producer.KafkaProducer.send(KafkaProducer.java:993)
	at org.apache.kafka.clients.producer.KafkaProducer.send(KafkaProducer.java:875)
	at io.apicurio.tests.serdes.apicurio.KafkaSerdesTester.lambda$produceMessages$3(KafkaSerdesTester.java:138)
	at java.base/java.util.concurrent.CompletableFuture$AsyncSupply.run(CompletableFuture.java:1768)
	at java.base/java.lang.Thread.run(Thread.java:840)
]]></system-err>
  </testcase>
  <testcase name="testTopicIdStrategyFindLatest" classname="io.apicurio.tests.serdes.apicurio.AvroSerdeIT" time="2.402">
    <system-out><![CDATA[2025-07-31 17:04:21,671 INFO  [io.api.tes.uti.TestSeparator] (main) ############################################################################
2025-07-31 17:04:21,671 INFO  [io.api.tes.uti.TestSeparator] (main) io.apicurio.tests.serdes.apicurio.AvroSerdeIT.testTopicIdStrategyFindLatest-STARTED
2025-07-31 17:04:21,681 INFO  [io.api.tes.ser.api.AvroSerdeIT] (main) Registering Avro Schema: {"type":"record","name":"myrecordapicurio1","fields":[{"name":"key11753981461675","type":"string"}]}
**** Registry Base URL: http://registry-app-mysql.apps.ci419.apicurio-testing.org:80
2025-07-31 17:04:22,884 INFO  [org.apa.kaf.cli.pro.ProducerConfig] (main) ProducerConfig values: 
	acks = -1
	auto.include.jmx.reporter = true
	batch.size = 16384
	bootstrap.servers = [PLAINTEXT://localhost:32770]
	buffer.memory = 33554432
	client.dns.lookup = use_all_dns_ips
	client.id = Producer-topic-2f3b7723_a863_4b36_b3c1_5d3e65732192
	compression.gzip.level = -1
	compression.lz4.level = 9
	compression.type = none
	compression.zstd.level = 3
	connections.max.idle.ms = 10000
	delivery.timeout.ms = 120000
	enable.idempotence = true
	enable.metrics.push = true
	interceptor.classes = []
	key.serializer = class org.apache.kafka.common.serialization.StringSerializer
	linger.ms = 0
	max.block.ms = 60000
	max.in.flight.requests.per.connection = 5
	max.request.size = 1048576
	metadata.max.age.ms = 300000
	metadata.max.idle.ms = 300000
	metadata.recovery.strategy = none
	metric.reporters = []
	metrics.num.samples = 2
	metrics.recording.level = INFO
	metrics.sample.window.ms = 30000
	partitioner.adaptive.partitioning.enable = true
	partitioner.availability.timeout.ms = 0
	partitioner.class = null
	partitioner.ignore.keys = false
	receive.buffer.bytes = 32768
	reconnect.backoff.max.ms = 1000
	reconnect.backoff.ms = 50
	request.timeout.ms = 5000
	retries = 2147483647
	retry.backoff.max.ms = 1000
	retry.backoff.ms = 100
	sasl.client.callback.handler.class = null
	sasl.jaas.config = null
	sasl.kerberos.kinit.cmd = /usr/bin/kinit
	sasl.kerberos.min.time.before.relogin = 60000
	sasl.kerberos.service.name = null
	sasl.kerberos.ticket.renew.jitter = 0.05
	sasl.kerberos.ticket.renew.window.factor = 0.8
	sasl.login.callback.handler.class = null
	sasl.login.class = null
	sasl.login.connect.timeout.ms = null
	sasl.login.read.timeout.ms = null
	sasl.login.refresh.buffer.seconds = 300
	sasl.login.refresh.min.period.seconds = 60
	sasl.login.refresh.window.factor = 0.8
	sasl.login.refresh.window.jitter = 0.05
	sasl.login.retry.backoff.max.ms = 10000
	sasl.login.retry.backoff.ms = 100
	sasl.mechanism = GSSAPI
	sasl.oauthbearer.clock.skew.seconds = 30
	sasl.oauthbearer.expected.audience = null
	sasl.oauthbearer.expected.issuer = null
	sasl.oauthbearer.header.urlencode = false
	sasl.oauthbearer.jwks.endpoint.refresh.ms = 3600000
	sasl.oauthbearer.jwks.endpoint.retry.backoff.max.ms = 10000
	sasl.oauthbearer.jwks.endpoint.retry.backoff.ms = 100
	sasl.oauthbearer.jwks.endpoint.url = null
	sasl.oauthbearer.scope.claim.name = scope
	sasl.oauthbearer.sub.claim.name = sub
	sasl.oauthbearer.token.endpoint.url = null
	security.protocol = PLAINTEXT
	security.providers = null
	send.buffer.bytes = 131072
	socket.connection.setup.timeout.max.ms = 30000
	socket.connection.setup.timeout.ms = 10000
	ssl.cipher.suites = null
	ssl.enabled.protocols = [TLSv1.2, TLSv1.3]
	ssl.endpoint.identification.algorithm = https
	ssl.engine.factory.class = null
	ssl.key.password = null
	ssl.keymanager.algorithm = SunX509
	ssl.keystore.certificate.chain = null
	ssl.keystore.key = null
	ssl.keystore.location = null
	ssl.keystore.password = null
	ssl.keystore.type = JKS
	ssl.protocol = TLSv1.3
	ssl.provider = null
	ssl.secure.random.implementation = null
	ssl.trustmanager.algorithm = PKIX
	ssl.truststore.certificates = null
	ssl.truststore.location = null
	ssl.truststore.password = null
	ssl.truststore.type = JKS
	transaction.timeout.ms = 60000
	transactional.id = null
	value.serializer = class io.apicurio.registry.serde.avro.AvroKafkaSerializer

2025-07-31 17:04:22,884 INFO  [org.apa.kaf.com.tel.int.KafkaMetricsCollector] (main) initializing Kafka metrics collector
2025-07-31 17:04:22,887 INFO  [org.apa.kaf.cli.pro.KafkaProducer] (main) [Producer clientId=Producer-topic-2f3b7723_a863_4b36_b3c1_5d3e65732192] Instantiated an idempotent producer.
2025-07-31 17:04:22,890 INFO  [org.apa.kaf.cli.pro.ProducerConfig] (main) These configurations '[apicurio.registry.find-latest, apicurio.registry.url, apicurio.registry.artifact-resolver-strategy]' were supplied but are not used yet.
2025-07-31 17:04:22,890 INFO  [org.apa.kaf.com.uti.AppInfoParser] (main) Kafka version: 3.9.1
2025-07-31 17:04:22,890 INFO  [org.apa.kaf.com.uti.AppInfoParser] (main) Kafka commitId: f745dfdcee2b9851
2025-07-31 17:04:22,890 INFO  [org.apa.kaf.com.uti.AppInfoParser] (main) Kafka startTimeMs: 1753981462890
2025-07-31 17:04:22,890 INFO  [io.api.tes.ser.api.SimpleSerdesTesterBuilder$SimpleSerdesTester] (main) Using producer configuration: {apicurio.registry.find-latest=true, apicurio.registry.url=http://registry-app-mysql.apps.ci419.apicurio-testing.org:80/apis/registry/v3, apicurio.registry.artifact-resolver-strategy=io.apicurio.registry.serde.strategy.TopicIdStrategy, value.serializer=io.apicurio.registry.serde.avro.AvroKafkaSerializer, request.timeout.ms=5000, acks=all, bootstrap.servers=PLAINTEXT://localhost:32770, connections.max.idle.ms=10000, key.serializer=org.apache.kafka.common.serialization.StringSerializer, client.id=Producer-topic-2f3b7723_a863_4b36_b3c1_5d3e65732192}
2025-07-31 17:04:22,890 INFO  [io.api.tes.ser.api.SimpleSerdesTesterBuilder$SimpleSerdesTester] (main) Using consumer configuration: {}
2025-07-31 17:04:22,892 INFO  [io.api.tes.ser.api.KafkaSerdesTester] (Thread-639) Sending message {"key11753981461675": "value-0"} to topic topic-2f3b7723_a863_4b36_b3c1_5d3e65732192
2025-07-31 17:04:22,896 INFO  [org.apa.kaf.cli.Metadata] (kafka-producer-network-thread | Producer-topic-2f3b7723_a863_4b36_b3c1_5d3e65732192) [Producer clientId=Producer-topic-2f3b7723_a863_4b36_b3c1_5d3e65732192] Cluster ID: hHUi-5-6SnyFRAH2goQrJA
2025-07-31 17:04:22,897 INFO  [org.apa.kaf.cli.pro.int.TransactionManager] (kafka-producer-network-thread | Producer-topic-2f3b7723_a863_4b36_b3c1_5d3e65732192) [Producer clientId=Producer-topic-2f3b7723_a863_4b36_b3c1_5d3e65732192] ProducerId set to 9 with epoch 0
2025-07-31 17:04:23,233 INFO  [io.api.tes.ser.api.KafkaSerdesTester] (Thread-639) Sending message {"key11753981461675": "value-1"} to topic topic-2f3b7723_a863_4b36_b3c1_5d3e65732192
2025-07-31 17:04:23,235 INFO  [io.api.tes.ser.api.KafkaSerdesTester] (Thread-639) Sending message {"key11753981461675": "value-2"} to topic topic-2f3b7723_a863_4b36_b3c1_5d3e65732192
2025-07-31 17:04:23,237 INFO  [io.api.tes.ser.api.KafkaSerdesTester] (Thread-639) Sending message {"key11753981461675": "value-3"} to topic topic-2f3b7723_a863_4b36_b3c1_5d3e65732192
2025-07-31 17:04:23,244 INFO  [io.api.tes.ser.api.KafkaSerdesTester] (Thread-639) Sending message {"key11753981461675": "value-4"} to topic topic-2f3b7723_a863_4b36_b3c1_5d3e65732192
2025-07-31 17:04:23,250 INFO  [io.api.tes.ser.api.KafkaSerdesTester] (Thread-639) Sending message {"key11753981461675": "value-5"} to topic topic-2f3b7723_a863_4b36_b3c1_5d3e65732192
2025-07-31 17:04:23,252 INFO  [io.api.tes.ser.api.KafkaSerdesTester] (Thread-639) Sending message {"key11753981461675": "value-6"} to topic topic-2f3b7723_a863_4b36_b3c1_5d3e65732192
2025-07-31 17:04:23,254 INFO  [io.api.tes.ser.api.KafkaSerdesTester] (Thread-639) Sending message {"key11753981461675": "value-7"} to topic topic-2f3b7723_a863_4b36_b3c1_5d3e65732192
2025-07-31 17:04:23,261 INFO  [io.api.tes.ser.api.KafkaSerdesTester] (Thread-639) Sending message {"key11753981461675": "value-8"} to topic topic-2f3b7723_a863_4b36_b3c1_5d3e65732192
2025-07-31 17:04:23,267 INFO  [io.api.tes.ser.api.KafkaSerdesTester] (Thread-639) Sending message {"key11753981461675": "value-9"} to topic topic-2f3b7723_a863_4b36_b3c1_5d3e65732192
2025-07-31 17:04:23,269 INFO  [io.api.tes.ser.api.KafkaSerdesTester] (Thread-639) Produced 10 messages
2025-07-31 17:04:23,269 INFO  [org.apa.kaf.cli.pro.KafkaProducer] (Thread-639) [Producer clientId=Producer-topic-2f3b7723_a863_4b36_b3c1_5d3e65732192] Closing the Kafka producer with timeoutMillis = 9223372036854775807 ms.
2025-07-31 17:04:23,274 INFO  [org.apa.kaf.com.met.Metrics] (Thread-639) Metrics scheduler closed
2025-07-31 17:04:23,274 INFO  [org.apa.kaf.com.met.Metrics] (Thread-639) Closing reporter org.apache.kafka.common.metrics.JmxReporter
2025-07-31 17:04:23,274 INFO  [org.apa.kaf.com.met.Metrics] (Thread-639) Closing reporter org.apache.kafka.common.telemetry.internals.ClientTelemetryReporter
2025-07-31 17:04:23,274 INFO  [org.apa.kaf.com.met.Metrics] (Thread-639) Metrics reporters closed
2025-07-31 17:04:23,274 INFO  [org.apa.kaf.com.uti.AppInfoParser] (Thread-639) App info kafka.producer for Producer-topic-2f3b7723_a863_4b36_b3c1_5d3e65732192 unregistered
**** Registry Base URL: http://registry-app-mysql.apps.ci419.apicurio-testing.org:80
2025-07-31 17:04:23,278 INFO  [org.apa.kaf.cli.con.ConsumerConfig] (main) ConsumerConfig values: 
	allow.auto.create.topics = true
	auto.commit.interval.ms = 500
	auto.include.jmx.reporter = true
	auto.offset.reset = earliest
	bootstrap.servers = [PLAINTEXT://localhost:32770]
	check.crcs = true
	client.dns.lookup = use_all_dns_ips
	client.id = consumer-Consumer-topic-2f3b7723_a863_4b36_b3c1_5d3e65732192-7
	client.rack = 
	connections.max.idle.ms = 10000
	default.api.timeout.ms = 60000
	enable.auto.commit = true
	enable.metrics.push = true
	exclude.internal.topics = true
	fetch.max.bytes = 52428800
	fetch.max.wait.ms = 500
	fetch.min.bytes = 1
	group.id = Consumer-topic-2f3b7723_a863_4b36_b3c1_5d3e65732192
	group.instance.id = null
	group.protocol = classic
	group.remote.assignor = null
	heartbeat.interval.ms = 3000
	interceptor.classes = []
	internal.leave.group.on.close = true
	internal.throw.on.fetch.stable.offset.unsupported = false
	isolation.level = read_uncommitted
	key.deserializer = class org.apache.kafka.common.serialization.StringDeserializer
	max.partition.fetch.bytes = 1048576
	max.poll.interval.ms = 300000
	max.poll.records = 500
	metadata.max.age.ms = 300000
	metadata.recovery.strategy = none
	metric.reporters = []
	metrics.num.samples = 2
	metrics.recording.level = INFO
	metrics.sample.window.ms = 30000
	partition.assignment.strategy = [class org.apache.kafka.clients.consumer.RangeAssignor, class org.apache.kafka.clients.consumer.CooperativeStickyAssignor]
	receive.buffer.bytes = 65536
	reconnect.backoff.max.ms = 1000
	reconnect.backoff.ms = 50
	request.timeout.ms = 5000
	retry.backoff.max.ms = 1000
	retry.backoff.ms = 100
	sasl.client.callback.handler.class = null
	sasl.jaas.config = null
	sasl.kerberos.kinit.cmd = /usr/bin/kinit
	sasl.kerberos.min.time.before.relogin = 60000
	sasl.kerberos.service.name = null
	sasl.kerberos.ticket.renew.jitter = 0.05
	sasl.kerberos.ticket.renew.window.factor = 0.8
	sasl.login.callback.handler.class = null
	sasl.login.class = null
	sasl.login.connect.timeout.ms = null
	sasl.login.read.timeout.ms = null
	sasl.login.refresh.buffer.seconds = 300
	sasl.login.refresh.min.period.seconds = 60
	sasl.login.refresh.window.factor = 0.8
	sasl.login.refresh.window.jitter = 0.05
	sasl.login.retry.backoff.max.ms = 10000
	sasl.login.retry.backoff.ms = 100
	sasl.mechanism = GSSAPI
	sasl.oauthbearer.clock.skew.seconds = 30
	sasl.oauthbearer.expected.audience = null
	sasl.oauthbearer.expected.issuer = null
	sasl.oauthbearer.header.urlencode = false
	sasl.oauthbearer.jwks.endpoint.refresh.ms = 3600000
	sasl.oauthbearer.jwks.endpoint.retry.backoff.max.ms = 10000
	sasl.oauthbearer.jwks.endpoint.retry.backoff.ms = 100
	sasl.oauthbearer.jwks.endpoint.url = null
	sasl.oauthbearer.scope.claim.name = scope
	sasl.oauthbearer.sub.claim.name = sub
	sasl.oauthbearer.token.endpoint.url = null
	security.protocol = PLAINTEXT
	security.providers = null
	send.buffer.bytes = 131072
	session.timeout.ms = 45000
	socket.connection.setup.timeout.max.ms = 30000
	socket.connection.setup.timeout.ms = 10000
	ssl.cipher.suites = null
	ssl.enabled.protocols = [TLSv1.2, TLSv1.3]
	ssl.endpoint.identification.algorithm = https
	ssl.engine.factory.class = null
	ssl.key.password = null
	ssl.keymanager.algorithm = SunX509
	ssl.keystore.certificate.chain = null
	ssl.keystore.key = null
	ssl.keystore.location = null
	ssl.keystore.password = null
	ssl.keystore.type = JKS
	ssl.protocol = TLSv1.3
	ssl.provider = null
	ssl.secure.random.implementation = null
	ssl.trustmanager.algorithm = PKIX
	ssl.truststore.certificates = null
	ssl.truststore.location = null
	ssl.truststore.password = null
	ssl.truststore.type = JKS
	value.deserializer = class io.apicurio.registry.serde.avro.AvroKafkaDeserializer

2025-07-31 17:04:23,278 INFO  [org.apa.kaf.com.tel.int.KafkaMetricsCollector] (main) initializing Kafka metrics collector
2025-07-31 17:04:23,295 INFO  [org.apa.kaf.cli.con.ConsumerConfig] (main) These configurations '[apicurio.registry.url]' were supplied but are not used yet.
2025-07-31 17:04:23,295 INFO  [org.apa.kaf.com.uti.AppInfoParser] (main) Kafka version: 3.9.1
2025-07-31 17:04:23,295 INFO  [org.apa.kaf.com.uti.AppInfoParser] (main) Kafka commitId: f745dfdcee2b9851
2025-07-31 17:04:23,295 INFO  [org.apa.kaf.com.uti.AppInfoParser] (main) Kafka startTimeMs: 1753981463295
2025-07-31 17:04:23,297 INFO  [org.apa.kaf.cli.con.int.ClassicKafkaConsumer] (Thread-642) [Consumer clientId=consumer-Consumer-topic-2f3b7723_a863_4b36_b3c1_5d3e65732192-7, groupId=Consumer-topic-2f3b7723_a863_4b36_b3c1_5d3e65732192] Subscribed to topic(s): topic-2f3b7723_a863_4b36_b3c1_5d3e65732192
2025-07-31 17:04:23,314 INFO  [org.apa.kaf.cli.Metadata] (Thread-642) [Consumer clientId=consumer-Consumer-topic-2f3b7723_a863_4b36_b3c1_5d3e65732192-7, groupId=Consumer-topic-2f3b7723_a863_4b36_b3c1_5d3e65732192] Cluster ID: hHUi-5-6SnyFRAH2goQrJA
2025-07-31 17:04:23,314 INFO  [org.apa.kaf.cli.con.int.ConsumerCoordinator] (Thread-642) [Consumer clientId=consumer-Consumer-topic-2f3b7723_a863_4b36_b3c1_5d3e65732192-7, groupId=Consumer-topic-2f3b7723_a863_4b36_b3c1_5d3e65732192] Discovered group coordinator localhost:32770 (id: 2147483647 rack: null)
2025-07-31 17:04:23,316 INFO  [org.apa.kaf.cli.con.int.ConsumerCoordinator] (Thread-642) [Consumer clientId=consumer-Consumer-topic-2f3b7723_a863_4b36_b3c1_5d3e65732192-7, groupId=Consumer-topic-2f3b7723_a863_4b36_b3c1_5d3e65732192] (Re-)joining group
2025-07-31 17:04:23,322 INFO  [org.apa.kaf.cli.con.int.ConsumerCoordinator] (Thread-642) [Consumer clientId=consumer-Consumer-topic-2f3b7723_a863_4b36_b3c1_5d3e65732192-7, groupId=Consumer-topic-2f3b7723_a863_4b36_b3c1_5d3e65732192] Request joining group due to: need to re-join with the given member-id: consumer-Consumer-topic-2f3b7723_a863_4b36_b3c1_5d3e65732192-7-0d7f5136-e63a-40aa-8bab-5b455d0879f2
2025-07-31 17:04:23,322 INFO  [org.apa.kaf.cli.con.int.ConsumerCoordinator] (Thread-642) [Consumer clientId=consumer-Consumer-topic-2f3b7723_a863_4b36_b3c1_5d3e65732192-7, groupId=Consumer-topic-2f3b7723_a863_4b36_b3c1_5d3e65732192] (Re-)joining group
2025-07-31 17:04:23,325 INFO  [org.apa.kaf.cli.con.int.ConsumerCoordinator] (Thread-642) [Consumer clientId=consumer-Consumer-topic-2f3b7723_a863_4b36_b3c1_5d3e65732192-7, groupId=Consumer-topic-2f3b7723_a863_4b36_b3c1_5d3e65732192] Successfully joined group with generation Generation{generationId=1, memberId='consumer-Consumer-topic-2f3b7723_a863_4b36_b3c1_5d3e65732192-7-0d7f5136-e63a-40aa-8bab-5b455d0879f2', protocol='range'}
2025-07-31 17:04:23,325 INFO  [org.apa.kaf.cli.con.int.ConsumerCoordinator] (Thread-642) [Consumer clientId=consumer-Consumer-topic-2f3b7723_a863_4b36_b3c1_5d3e65732192-7, groupId=Consumer-topic-2f3b7723_a863_4b36_b3c1_5d3e65732192] Finished assignment for group at generation 1: {consumer-Consumer-topic-2f3b7723_a863_4b36_b3c1_5d3e65732192-7-0d7f5136-e63a-40aa-8bab-5b455d0879f2=Assignment(partitions=[topic-2f3b7723_a863_4b36_b3c1_5d3e65732192-0])}
2025-07-31 17:04:23,328 INFO  [org.apa.kaf.cli.con.int.ConsumerCoordinator] (Thread-642) [Consumer clientId=consumer-Consumer-topic-2f3b7723_a863_4b36_b3c1_5d3e65732192-7, groupId=Consumer-topic-2f3b7723_a863_4b36_b3c1_5d3e65732192] Successfully synced group in generation Generation{generationId=1, memberId='consumer-Consumer-topic-2f3b7723_a863_4b36_b3c1_5d3e65732192-7-0d7f5136-e63a-40aa-8bab-5b455d0879f2', protocol='range'}
2025-07-31 17:04:23,328 INFO  [org.apa.kaf.cli.con.int.ConsumerCoordinator] (Thread-642) [Consumer clientId=consumer-Consumer-topic-2f3b7723_a863_4b36_b3c1_5d3e65732192-7, groupId=Consumer-topic-2f3b7723_a863_4b36_b3c1_5d3e65732192] Notifying assignor about the new Assignment(partitions=[topic-2f3b7723_a863_4b36_b3c1_5d3e65732192-0])
2025-07-31 17:04:23,328 INFO  [org.apa.kaf.cli.con.int.ConsumerRebalanceListenerInvoker] (Thread-642) [Consumer clientId=consumer-Consumer-topic-2f3b7723_a863_4b36_b3c1_5d3e65732192-7, groupId=Consumer-topic-2f3b7723_a863_4b36_b3c1_5d3e65732192] Adding newly assigned partitions: topic-2f3b7723_a863_4b36_b3c1_5d3e65732192-0
2025-07-31 17:04:23,330 INFO  [org.apa.kaf.cli.con.int.ConsumerCoordinator] (Thread-642) [Consumer clientId=consumer-Consumer-topic-2f3b7723_a863_4b36_b3c1_5d3e65732192-7, groupId=Consumer-topic-2f3b7723_a863_4b36_b3c1_5d3e65732192] Found no committed offset for partition topic-2f3b7723_a863_4b36_b3c1_5d3e65732192-0
2025-07-31 17:04:23,338 INFO  [org.apa.kaf.cli.con.int.SubscriptionState] (Thread-642) [Consumer clientId=consumer-Consumer-topic-2f3b7723_a863_4b36_b3c1_5d3e65732192-7, groupId=Consumer-topic-2f3b7723_a863_4b36_b3c1_5d3e65732192] Resetting offset for partition topic-2f3b7723_a863_4b36_b3c1_5d3e65732192-0 to position FetchPosition{offset=0, offsetEpoch=Optional.empty, currentLeader=LeaderAndEpoch{leader=Optional[localhost:32770 (id: 0 rack: null)], epoch=0}}.
2025-07-31 17:04:23,565 INFO  [io.api.tes.ser.api.KafkaSerdesTester] (Thread-642) topic-2f3b7723_a863_4b36_b3c1_5d3e65732192 0 0 {"key11753981461675": "value-0"}
2025-07-31 17:04:23,565 INFO  [io.api.tes.ser.api.KafkaSerdesTester] (Thread-642) topic-2f3b7723_a863_4b36_b3c1_5d3e65732192 0 1 {"key11753981461675": "value-1"}
2025-07-31 17:04:23,566 INFO  [io.api.tes.ser.api.KafkaSerdesTester] (Thread-642) topic-2f3b7723_a863_4b36_b3c1_5d3e65732192 0 2 {"key11753981461675": "value-2"}
2025-07-31 17:04:23,566 INFO  [io.api.tes.ser.api.KafkaSerdesTester] (Thread-642) topic-2f3b7723_a863_4b36_b3c1_5d3e65732192 0 3 {"key11753981461675": "value-3"}
2025-07-31 17:04:23,566 INFO  [io.api.tes.ser.api.KafkaSerdesTester] (Thread-642) topic-2f3b7723_a863_4b36_b3c1_5d3e65732192 0 4 {"key11753981461675": "value-4"}
2025-07-31 17:04:23,566 INFO  [io.api.tes.ser.api.KafkaSerdesTester] (Thread-642) topic-2f3b7723_a863_4b36_b3c1_5d3e65732192 0 5 {"key11753981461675": "value-5"}
2025-07-31 17:04:23,566 INFO  [io.api.tes.ser.api.KafkaSerdesTester] (Thread-642) topic-2f3b7723_a863_4b36_b3c1_5d3e65732192 0 6 {"key11753981461675": "value-6"}
2025-07-31 17:04:23,566 INFO  [io.api.tes.ser.api.KafkaSerdesTester] (Thread-642) topic-2f3b7723_a863_4b36_b3c1_5d3e65732192 0 7 {"key11753981461675": "value-7"}
2025-07-31 17:04:23,567 INFO  [io.api.tes.ser.api.KafkaSerdesTester] (Thread-642) topic-2f3b7723_a863_4b36_b3c1_5d3e65732192 0 8 {"key11753981461675": "value-8"}
2025-07-31 17:04:23,567 INFO  [io.api.tes.ser.api.KafkaSerdesTester] (Thread-642) topic-2f3b7723_a863_4b36_b3c1_5d3e65732192 0 9 {"key11753981461675": "value-9"}
2025-07-31 17:04:23,567 INFO  [io.api.tes.ser.api.KafkaSerdesTester] (Thread-642) Consumed 10 messages
2025-07-31 17:04:23,569 INFO  [org.apa.kaf.cli.con.int.ConsumerRebalanceListenerInvoker] (Thread-642) [Consumer clientId=consumer-Consumer-topic-2f3b7723_a863_4b36_b3c1_5d3e65732192-7, groupId=Consumer-topic-2f3b7723_a863_4b36_b3c1_5d3e65732192] Revoke previously assigned partitions topic-2f3b7723_a863_4b36_b3c1_5d3e65732192-0
2025-07-31 17:04:23,569 INFO  [org.apa.kaf.cli.con.int.ConsumerCoordinator] (Thread-642) [Consumer clientId=consumer-Consumer-topic-2f3b7723_a863_4b36_b3c1_5d3e65732192-7, groupId=Consumer-topic-2f3b7723_a863_4b36_b3c1_5d3e65732192] Member consumer-Consumer-topic-2f3b7723_a863_4b36_b3c1_5d3e65732192-7-0d7f5136-e63a-40aa-8bab-5b455d0879f2 sending LeaveGroup request to coordinator localhost:32770 (id: 2147483647 rack: null) due to the consumer is being closed
2025-07-31 17:04:23,569 INFO  [org.apa.kaf.cli.con.int.ConsumerCoordinator] (Thread-642) [Consumer clientId=consumer-Consumer-topic-2f3b7723_a863_4b36_b3c1_5d3e65732192-7, groupId=Consumer-topic-2f3b7723_a863_4b36_b3c1_5d3e65732192] Resetting generation and member id due to: consumer pro-actively leaving the group
2025-07-31 17:04:23,569 INFO  [org.apa.kaf.cli.con.int.ConsumerCoordinator] (Thread-642) [Consumer clientId=consumer-Consumer-topic-2f3b7723_a863_4b36_b3c1_5d3e65732192-7, groupId=Consumer-topic-2f3b7723_a863_4b36_b3c1_5d3e65732192] Request joining group due to: consumer pro-actively leaving the group
2025-07-31 17:04:24,068 INFO  [org.apa.kaf.com.met.Metrics] (Thread-642) Metrics scheduler closed
2025-07-31 17:04:24,068 INFO  [org.apa.kaf.com.met.Metrics] (Thread-642) Closing reporter org.apache.kafka.common.metrics.JmxReporter
2025-07-31 17:04:24,068 INFO  [org.apa.kaf.com.met.Metrics] (Thread-642) Closing reporter org.apache.kafka.common.telemetry.internals.ClientTelemetryReporter
2025-07-31 17:04:24,068 INFO  [org.apa.kaf.com.met.Metrics] (Thread-642) Metrics reporters closed
2025-07-31 17:04:24,071 INFO  [org.apa.kaf.com.uti.AppInfoParser] (Thread-642) App info kafka.consumer for consumer-Consumer-topic-2f3b7723_a863_4b36_b3c1_5d3e65732192-7 unregistered
2025-07-31 17:04:24,071 INFO  [io.api.tes.uti.TestSeparator] (main) io.apicurio.tests.serdes.apicurio.AvroSerdeIT.testTopicIdStrategyFindLatest-FINISHED
2025-07-31 17:04:24,071 INFO  [io.api.tes.uti.TestSeparator] (main) ############################################################################
Test passed: testTopicIdStrategyFindLatest
]]></system-out>
  </testcase>
  <testcase name="testAvroUnionWithSpecificReader" classname="io.apicurio.tests.serdes.apicurio.AvroSerdeIT" time="0.507">
    <error message="java.lang.RuntimeException: io.apicurio.registry.rest.client.models.RuleViolationProblemDetails" type="java.util.concurrent.ExecutionException"><![CDATA[java.util.concurrent.ExecutionException: java.lang.RuntimeException: io.apicurio.registry.rest.client.models.RuleViolationProblemDetails
	at java.base/java.util.concurrent.CompletableFuture.reportGet(CompletableFuture.java:396)
	at java.base/java.util.concurrent.CompletableFuture.get(CompletableFuture.java:2096)
	at io.apicurio.tests.serdes.apicurio.KafkaSerdesTester.produceMessages(KafkaSerdesTester.java:160)
	at io.apicurio.tests.serdes.apicurio.KafkaSerdesTester.produceMessages(KafkaSerdesTester.java:123)
	at io.apicurio.tests.serdes.apicurio.SimpleSerdesTesterBuilder$SimpleSerdesTester.test(SimpleSerdesTesterBuilder.java:139)
	at io.apicurio.tests.serdes.apicurio.AvroSerdeIT.testAvroUnionWithSpecificReader(AvroSerdeIT.java:838)
	at java.base/java.lang.reflect.Method.invoke(Method.java:569)
	at java.base/java.util.ArrayList.forEach(ArrayList.java:1511)
	at java.base/java.util.ArrayList.forEach(ArrayList.java:1511)
Caused by: java.lang.RuntimeException: io.apicurio.registry.rest.client.models.RuleViolationProblemDetails
	at io.apicurio.registry.resolver.cache.ERCache.retry(ERCache.java:242)
	at io.apicurio.registry.resolver.cache.ERCache.getValue(ERCache.java:173)
	at io.apicurio.registry.resolver.cache.ERCache.getByContent(ERCache.java:147)
	at io.apicurio.registry.resolver.DefaultSchemaResolver.handleAutoCreateArtifact(DefaultSchemaResolver.java:295)
	at io.apicurio.registry.resolver.DefaultSchemaResolver.getSchemaFromRegistry(DefaultSchemaResolver.java:120)
	at io.apicurio.registry.resolver.DefaultSchemaResolver.lambda$resolveSchema$0(DefaultSchemaResolver.java:84)
	at java.base/java.util.Optional.orElseGet(Optional.java:364)
	at io.apicurio.registry.resolver.DefaultSchemaResolver.resolveSchema(DefaultSchemaResolver.java:84)
	at io.apicurio.registry.serde.AbstractSerializer.serializeData(AbstractSerializer.java:62)
	at io.apicurio.registry.serde.KafkaSerializer.serialize(KafkaSerializer.java:77)
	at org.apache.kafka.clients.producer.KafkaProducer.doSend(KafkaProducer.java:1046)
	at org.apache.kafka.clients.producer.KafkaProducer.send(KafkaProducer.java:993)
	at org.apache.kafka.clients.producer.KafkaProducer.send(KafkaProducer.java:875)
	at io.apicurio.tests.serdes.apicurio.KafkaSerdesTester.lambda$produceMessages$3(KafkaSerdesTester.java:138)
	at java.base/java.util.concurrent.CompletableFuture$AsyncSupply.run(CompletableFuture.java:1768)
	at java.base/java.lang.Thread.run(Thread.java:840)
Caused by: io.apicurio.registry.rest.client.models.RuleViolationProblemDetails
	at io.apicurio.registry.rest.client.models.RuleViolationProblemDetails.createFromDiscriminatorValue(RuleViolationProblemDetails.java:62)
	at io.kiota.serialization.json.JsonParseNode.getObjectValue(JsonParseNode.java:247)
	at io.kiota.http.vertx.VertXRequestAdapter.lambda$throwIfFailedResponse$0(VertXRequestAdapter.java:400)
	at com.microsoft.kiota.ApiExceptionBuilder.<init>(ApiExceptionBuilder.java:26)
	at io.kiota.http.vertx.VertXRequestAdapter.throwIfFailedResponse(VertXRequestAdapter.java:399)
	at io.kiota.http.vertx.VertXRequestAdapter.send(VertXRequestAdapter.java:170)
	at io.apicurio.registry.rest.client.groups.item.artifacts.ArtifactsRequestBuilder.post(ArtifactsRequestBuilder.java:130)
	at io.apicurio.registry.resolver.client.RegistryClientFacadeImpl.createSchema(RegistryClientFacadeImpl.java:138)
	at io.apicurio.registry.resolver.DefaultSchemaResolver.lambda$handleAutoCreateArtifact$4(DefaultSchemaResolver.java:307)
	at io.apicurio.registry.resolver.cache.ERCache.lambda$getValue$0(ERCache.java:174)
	at io.apicurio.registry.resolver.cache.ERCache.retry(ERCache.java:227)
	... 15 more
]]></error>
    <system-out><![CDATA[2025-07-31 17:04:24,073 INFO  [io.api.tes.uti.TestSeparator] (main) ############################################################################
2025-07-31 17:04:24,073 INFO  [io.api.tes.uti.TestSeparator] (main) io.apicurio.tests.serdes.apicurio.AvroSerdeIT.testAvroUnionWithSpecificReader-STARTED
**** Registry Base URL: http://registry-app-mysql.apps.ci419.apicurio-testing.org:80
2025-07-31 17:04:24,080 INFO  [org.apa.kaf.cli.pro.ProducerConfig] (main) ProducerConfig values: 
	acks = -1
	auto.include.jmx.reporter = true
	batch.size = 16384
	bootstrap.servers = [PLAINTEXT://localhost:32770]
	buffer.memory = 33554432
	client.dns.lookup = use_all_dns_ips
	client.id = Producer-topic-13108c53_f3f8_434d_9ca0_b19bd8a18df7
	compression.gzip.level = -1
	compression.lz4.level = 9
	compression.type = none
	compression.zstd.level = 3
	connections.max.idle.ms = 10000
	delivery.timeout.ms = 120000
	enable.idempotence = true
	enable.metrics.push = true
	interceptor.classes = []
	key.serializer = class org.apache.kafka.common.serialization.StringSerializer
	linger.ms = 0
	max.block.ms = 60000
	max.in.flight.requests.per.connection = 5
	max.request.size = 1048576
	metadata.max.age.ms = 300000
	metadata.max.idle.ms = 300000
	metadata.recovery.strategy = none
	metric.reporters = []
	metrics.num.samples = 2
	metrics.recording.level = INFO
	metrics.sample.window.ms = 30000
	partitioner.adaptive.partitioning.enable = true
	partitioner.availability.timeout.ms = 0
	partitioner.class = null
	partitioner.ignore.keys = false
	receive.buffer.bytes = 32768
	reconnect.backoff.max.ms = 1000
	reconnect.backoff.ms = 50
	request.timeout.ms = 5000
	retries = 2147483647
	retry.backoff.max.ms = 1000
	retry.backoff.ms = 100
	sasl.client.callback.handler.class = null
	sasl.jaas.config = null
	sasl.kerberos.kinit.cmd = /usr/bin/kinit
	sasl.kerberos.min.time.before.relogin = 60000
	sasl.kerberos.service.name = null
	sasl.kerberos.ticket.renew.jitter = 0.05
	sasl.kerberos.ticket.renew.window.factor = 0.8
	sasl.login.callback.handler.class = null
	sasl.login.class = null
	sasl.login.connect.timeout.ms = null
	sasl.login.read.timeout.ms = null
	sasl.login.refresh.buffer.seconds = 300
	sasl.login.refresh.min.period.seconds = 60
	sasl.login.refresh.window.factor = 0.8
	sasl.login.refresh.window.jitter = 0.05
	sasl.login.retry.backoff.max.ms = 10000
	sasl.login.retry.backoff.ms = 100
	sasl.mechanism = GSSAPI
	sasl.oauthbearer.clock.skew.seconds = 30
	sasl.oauthbearer.expected.audience = null
	sasl.oauthbearer.expected.issuer = null
	sasl.oauthbearer.header.urlencode = false
	sasl.oauthbearer.jwks.endpoint.refresh.ms = 3600000
	sasl.oauthbearer.jwks.endpoint.retry.backoff.max.ms = 10000
	sasl.oauthbearer.jwks.endpoint.retry.backoff.ms = 100
	sasl.oauthbearer.jwks.endpoint.url = null
	sasl.oauthbearer.scope.claim.name = scope
	sasl.oauthbearer.sub.claim.name = sub
	sasl.oauthbearer.token.endpoint.url = null
	security.protocol = PLAINTEXT
	security.providers = null
	send.buffer.bytes = 131072
	socket.connection.setup.timeout.max.ms = 30000
	socket.connection.setup.timeout.ms = 10000
	ssl.cipher.suites = null
	ssl.enabled.protocols = [TLSv1.2, TLSv1.3]
	ssl.endpoint.identification.algorithm = https
	ssl.engine.factory.class = null
	ssl.key.password = null
	ssl.keymanager.algorithm = SunX509
	ssl.keystore.certificate.chain = null
	ssl.keystore.key = null
	ssl.keystore.location = null
	ssl.keystore.password = null
	ssl.keystore.type = JKS
	ssl.protocol = TLSv1.3
	ssl.provider = null
	ssl.secure.random.implementation = null
	ssl.trustmanager.algorithm = PKIX
	ssl.truststore.certificates = null
	ssl.truststore.location = null
	ssl.truststore.password = null
	ssl.truststore.type = JKS
	transaction.timeout.ms = 60000
	transactional.id = null
	value.serializer = class io.apicurio.registry.serde.avro.AvroKafkaSerializer

2025-07-31 17:04:24,081 INFO  [org.apa.kaf.com.tel.int.KafkaMetricsCollector] (main) initializing Kafka metrics collector
2025-07-31 17:04:24,091 INFO  [org.apa.kaf.cli.pro.KafkaProducer] (main) [Producer clientId=Producer-topic-13108c53_f3f8_434d_9ca0_b19bd8a18df7] Instantiated an idempotent producer.
2025-07-31 17:04:24,098 INFO  [org.apa.kaf.cli.pro.ProducerConfig] (main) These configurations '[apicurio.registry.url, apicurio.registry.auto-register, apicurio.registry.artifact-resolver-strategy]' were supplied but are not used yet.
2025-07-31 17:04:24,098 INFO  [org.apa.kaf.com.uti.AppInfoParser] (main) Kafka version: 3.9.1
2025-07-31 17:04:24,098 INFO  [org.apa.kaf.com.uti.AppInfoParser] (main) Kafka commitId: f745dfdcee2b9851
2025-07-31 17:04:24,098 INFO  [org.apa.kaf.com.uti.AppInfoParser] (main) Kafka startTimeMs: 1753981464098
2025-07-31 17:04:24,098 INFO  [io.api.tes.ser.api.SimpleSerdesTesterBuilder$SimpleSerdesTester] (main) Using producer configuration: {apicurio.registry.url=http://registry-app-mysql.apps.ci419.apicurio-testing.org:80/apis/registry/v3, apicurio.registry.auto-register=true, apicurio.registry.artifact-resolver-strategy=io.apicurio.registry.serde.strategy.TopicIdStrategy, value.serializer=io.apicurio.registry.serde.avro.AvroKafkaSerializer, request.timeout.ms=5000, acks=all, bootstrap.servers=PLAINTEXT://localhost:32770, connections.max.idle.ms=10000, key.serializer=org.apache.kafka.common.serialization.StringSerializer, client.id=Producer-topic-13108c53_f3f8_434d_9ca0_b19bd8a18df7}
2025-07-31 17:04:24,098 INFO  [io.api.tes.ser.api.SimpleSerdesTesterBuilder$SimpleSerdesTester] (main) Using consumer configuration: {}
2025-07-31 17:04:24,101 INFO  [io.api.tes.ser.api.KafkaSerdesTester] (Thread-645) Sending message {"id": "record-0"} to topic topic-13108c53_f3f8_434d_9ca0_b19bd8a18df7
2025-07-31 17:04:24,119 WARN  [org.apa.kaf.cli.NetworkClient] (kafka-producer-network-thread | Producer-topic-13108c53_f3f8_434d_9ca0_b19bd8a18df7) [Producer clientId=Producer-topic-13108c53_f3f8_434d_9ca0_b19bd8a18df7] The metadata response from the cluster reported a recoverable issue with correlation id 2 : {topic-13108c53_f3f8_434d_9ca0_b19bd8a18df7=LEADER_NOT_AVAILABLE}
2025-07-31 17:04:24,120 INFO  [org.apa.kaf.cli.Metadata] (kafka-producer-network-thread | Producer-topic-13108c53_f3f8_434d_9ca0_b19bd8a18df7) [Producer clientId=Producer-topic-13108c53_f3f8_434d_9ca0_b19bd8a18df7] Cluster ID: hHUi-5-6SnyFRAH2goQrJA
2025-07-31 17:04:24,120 INFO  [org.apa.kaf.cli.pro.int.TransactionManager] (kafka-producer-network-thread | Producer-topic-13108c53_f3f8_434d_9ca0_b19bd8a18df7) [Producer clientId=Producer-topic-13108c53_f3f8_434d_9ca0_b19bd8a18df7] ProducerId set to 10 with epoch 0
2025-07-31 17:04:24,430 INFO  [io.api.tes.ser.api.KafkaSerdesTester] (Thread-645) Sending message {"value": 1} to topic topic-13108c53_f3f8_434d_9ca0_b19bd8a18df7
2025-07-31 17:04:24,574 INFO  [org.apa.kaf.cli.pro.KafkaProducer] (Thread-645) [Producer clientId=Producer-topic-13108c53_f3f8_434d_9ca0_b19bd8a18df7] Closing the Kafka producer with timeoutMillis = 9223372036854775807 ms.
2025-07-31 17:04:24,577 INFO  [org.apa.kaf.com.met.Metrics] (Thread-645) Metrics scheduler closed
2025-07-31 17:04:24,577 INFO  [org.apa.kaf.com.met.Metrics] (Thread-645) Closing reporter org.apache.kafka.common.metrics.JmxReporter
2025-07-31 17:04:24,577 INFO  [org.apa.kaf.com.met.Metrics] (Thread-645) Closing reporter org.apache.kafka.common.telemetry.internals.ClientTelemetryReporter
2025-07-31 17:04:24,577 INFO  [org.apa.kaf.com.met.Metrics] (Thread-645) Metrics reporters closed
2025-07-31 17:04:24,577 INFO  [org.apa.kaf.com.uti.AppInfoParser] (Thread-645) App info kafka.producer for Producer-topic-13108c53_f3f8_434d_9ca0_b19bd8a18df7 unregistered
2025-07-31 17:04:24,578 INFO  [io.api.tes.uti.TestSeparator] (main) io.apicurio.tests.serdes.apicurio.AvroSerdeIT.testAvroUnionWithSpecificReader-FINISHED
2025-07-31 17:04:24,578 INFO  [io.api.tes.uti.TestSeparator] (main) ############################################################################
2025-07-31 17:04:24,578 ERROR [io.api.reg.uti.tes.TestUtils] (main) === TEST FAILED ===
2025-07-31 17:04:24,578 ERROR [io.api.reg.uti.tes.TestUtils] (main) Class: class io.apicurio.tests.serdes.apicurio.AvroSerdeIT
2025-07-31 17:04:24,578 ERROR [io.api.reg.uti.tes.TestUtils] (main) Test:  testAvroUnionWithSpecificReader
2025-07-31 17:04:24,578 ERROR [io.api.reg.uti.tes.TestUtils] (main) ID:    [engine:junit-jupiter]/[class:io.apicurio.tests.serdes.apicurio.AvroSerdeIT]/[method:testAvroUnionWithSpecificReader()]
2025-07-31 17:04:24,578 ERROR [io.api.reg.uti.tes.TestUtils] (main) Error: ExecutionException - java.lang.RuntimeException: io.apicurio.registry.rest.client.models.RuleViolationProblemDetails
2025-07-31 17:04:24,578 ERROR [io.api.reg.uti.tes.TestUtils] (main) === =========== ===
]]></system-out>
    <system-err><![CDATA[io.apicurio.registry.rest.client.models.RuleViolationProblemDetails
	at io.apicurio.registry.rest.client.models.RuleViolationProblemDetails.createFromDiscriminatorValue(RuleViolationProblemDetails.java:62)
	at io.kiota.serialization.json.JsonParseNode.getObjectValue(JsonParseNode.java:247)
	at io.kiota.http.vertx.VertXRequestAdapter.lambda$throwIfFailedResponse$0(VertXRequestAdapter.java:400)
	at com.microsoft.kiota.ApiExceptionBuilder.<init>(ApiExceptionBuilder.java:26)
	at io.kiota.http.vertx.VertXRequestAdapter.throwIfFailedResponse(VertXRequestAdapter.java:399)
	at io.kiota.http.vertx.VertXRequestAdapter.send(VertXRequestAdapter.java:170)
	at io.apicurio.registry.rest.client.groups.item.artifacts.ArtifactsRequestBuilder.post(ArtifactsRequestBuilder.java:130)
	at io.apicurio.registry.resolver.client.RegistryClientFacadeImpl.createSchema(RegistryClientFacadeImpl.java:138)
	at io.apicurio.registry.resolver.DefaultSchemaResolver.lambda$handleAutoCreateArtifact$4(DefaultSchemaResolver.java:307)
	at io.apicurio.registry.resolver.cache.ERCache.lambda$getValue$0(ERCache.java:174)
	at io.apicurio.registry.resolver.cache.ERCache.retry(ERCache.java:227)
	at io.apicurio.registry.resolver.cache.ERCache.getValue(ERCache.java:173)
	at io.apicurio.registry.resolver.cache.ERCache.getByContent(ERCache.java:147)
	at io.apicurio.registry.resolver.DefaultSchemaResolver.handleAutoCreateArtifact(DefaultSchemaResolver.java:295)
	at io.apicurio.registry.resolver.DefaultSchemaResolver.getSchemaFromRegistry(DefaultSchemaResolver.java:120)
	at io.apicurio.registry.resolver.DefaultSchemaResolver.lambda$resolveSchema$0(DefaultSchemaResolver.java:84)
	at java.base/java.util.Optional.orElseGet(Optional.java:364)
	at io.apicurio.registry.resolver.DefaultSchemaResolver.resolveSchema(DefaultSchemaResolver.java:84)
	at io.apicurio.registry.serde.AbstractSerializer.serializeData(AbstractSerializer.java:62)
	at io.apicurio.registry.serde.KafkaSerializer.serialize(KafkaSerializer.java:77)
	at org.apache.kafka.clients.producer.KafkaProducer.doSend(KafkaProducer.java:1046)
	at org.apache.kafka.clients.producer.KafkaProducer.send(KafkaProducer.java:993)
	at org.apache.kafka.clients.producer.KafkaProducer.send(KafkaProducer.java:875)
	at io.apicurio.tests.serdes.apicurio.KafkaSerdesTester.lambda$produceMessages$3(KafkaSerdesTester.java:138)
	at java.base/java.util.concurrent.CompletableFuture$AsyncSupply.run(CompletableFuture.java:1768)
	at java.base/java.lang.Thread.run(Thread.java:840)
io.apicurio.registry.rest.client.models.RuleViolationProblemDetails
	at io.apicurio.registry.rest.client.models.RuleViolationProblemDetails.createFromDiscriminatorValue(RuleViolationProblemDetails.java:62)
	at io.kiota.serialization.json.JsonParseNode.getObjectValue(JsonParseNode.java:247)
	at io.kiota.http.vertx.VertXRequestAdapter.lambda$throwIfFailedResponse$0(VertXRequestAdapter.java:400)
	at com.microsoft.kiota.ApiExceptionBuilder.<init>(ApiExceptionBuilder.java:26)
	at io.kiota.http.vertx.VertXRequestAdapter.throwIfFailedResponse(VertXRequestAdapter.java:399)
	at io.kiota.http.vertx.VertXRequestAdapter.send(VertXRequestAdapter.java:170)
	at io.apicurio.registry.rest.client.groups.item.artifacts.ArtifactsRequestBuilder.post(ArtifactsRequestBuilder.java:130)
	at io.apicurio.registry.resolver.client.RegistryClientFacadeImpl.createSchema(RegistryClientFacadeImpl.java:138)
	at io.apicurio.registry.resolver.DefaultSchemaResolver.lambda$handleAutoCreateArtifact$4(DefaultSchemaResolver.java:307)
	at io.apicurio.registry.resolver.cache.ERCache.lambda$getValue$0(ERCache.java:174)
	at io.apicurio.registry.resolver.cache.ERCache.retry(ERCache.java:227)
	at io.apicurio.registry.resolver.cache.ERCache.getValue(ERCache.java:173)
	at io.apicurio.registry.resolver.cache.ERCache.getByContent(ERCache.java:147)
	at io.apicurio.registry.resolver.DefaultSchemaResolver.handleAutoCreateArtifact(DefaultSchemaResolver.java:295)
	at io.apicurio.registry.resolver.DefaultSchemaResolver.getSchemaFromRegistry(DefaultSchemaResolver.java:120)
	at io.apicurio.registry.resolver.DefaultSchemaResolver.lambda$resolveSchema$0(DefaultSchemaResolver.java:84)
	at java.base/java.util.Optional.orElseGet(Optional.java:364)
	at io.apicurio.registry.resolver.DefaultSchemaResolver.resolveSchema(DefaultSchemaResolver.java:84)
	at io.apicurio.registry.serde.AbstractSerializer.serializeData(AbstractSerializer.java:62)
	at io.apicurio.registry.serde.KafkaSerializer.serialize(KafkaSerializer.java:77)
	at org.apache.kafka.clients.producer.KafkaProducer.doSend(KafkaProducer.java:1046)
	at org.apache.kafka.clients.producer.KafkaProducer.send(KafkaProducer.java:993)
	at org.apache.kafka.clients.producer.KafkaProducer.send(KafkaProducer.java:875)
	at io.apicurio.tests.serdes.apicurio.KafkaSerdesTester.lambda$produceMessages$3(KafkaSerdesTester.java:138)
	at java.base/java.util.concurrent.CompletableFuture$AsyncSupply.run(CompletableFuture.java:1768)
	at java.base/java.lang.Thread.run(Thread.java:840)
]]></system-err>
  </testcase>
  <testcase name="testEvolveAvroApicurioReusingClient" classname="io.apicurio.tests.serdes.apicurio.AvroSerdeIT" time="1.822">
    <error type="io.apicurio.registry.rest.client.models.RuleViolationProblemDetails"><![CDATA[io.apicurio.registry.rest.client.models.RuleViolationProblemDetails
	at io.apicurio.registry.rest.client.models.RuleViolationProblemDetails.createFromDiscriminatorValue(RuleViolationProblemDetails.java:62)
	at io.kiota.serialization.json.JsonParseNode.getObjectValue(JsonParseNode.java:247)
	at io.kiota.http.vertx.VertXRequestAdapter.lambda$throwIfFailedResponse$0(VertXRequestAdapter.java:400)
	at com.microsoft.kiota.ApiExceptionBuilder.<init>(ApiExceptionBuilder.java:26)
	at io.kiota.http.vertx.VertXRequestAdapter.throwIfFailedResponse(VertXRequestAdapter.java:399)
	at io.kiota.http.vertx.VertXRequestAdapter.send(VertXRequestAdapter.java:170)
	at io.apicurio.registry.rest.client.groups.item.artifacts.item.versions.VersionsRequestBuilder.post(VersionsRequestBuilder.java:117)
	at io.apicurio.registry.rest.client.groups.item.artifacts.item.versions.VersionsRequestBuilder.post(VersionsRequestBuilder.java:94)
	at io.apicurio.tests.ApicurioRegistryBaseIT.createArtifactVersion(ApicurioRegistryBaseIT.java:212)
	at io.apicurio.tests.serdes.apicurio.AvroSerdeIT.evolveSchemaTest(AvroSerdeIT.java:337)
	at io.apicurio.tests.serdes.apicurio.AvroSerdeIT.testEvolveAvroApicurioReusingClient(AvroSerdeIT.java:281)
	at java.base/java.lang.reflect.Method.invoke(Method.java:569)
	at java.base/java.util.ArrayList.forEach(ArrayList.java:1511)
	at java.base/java.util.ArrayList.forEach(ArrayList.java:1511)
]]></error>
    <system-out><![CDATA[2025-07-31 17:04:24,581 INFO  [io.api.tes.uti.TestSeparator] (main) ############################################################################
2025-07-31 17:04:24,581 INFO  [io.api.tes.uti.TestSeparator] (main) io.apicurio.tests.serdes.apicurio.AvroSerdeIT.testEvolveAvroApicurioReusingClient-STARTED
2025-07-31 17:04:24,582 INFO  [io.api.tes.ser.api.AvroSerdeIT] (main) Registering Avro Schema: {"type":"record","name":"s93924dcfxbb06x41dfx8a8ex2fff6a667843","namespace":"ns_32ad2734_a596_4d27_9c01_16f0bf592f32","fields":[{"name":"key11753981464582","type":"string"}]}
**** Registry Base URL: http://registry-app-mysql.apps.ci419.apicurio-testing.org:80
2025-07-31 17:04:25,803 INFO  [org.apa.kaf.cli.pro.ProducerConfig] (main) ProducerConfig values: 
	acks = -1
	auto.include.jmx.reporter = true
	batch.size = 16384
	bootstrap.servers = [PLAINTEXT://localhost:32770]
	buffer.memory = 33554432
	client.dns.lookup = use_all_dns_ips
	client.id = Producer-topic-16f57db8_1ddb_443c_879f_7cd4460da0d2
	compression.gzip.level = -1
	compression.lz4.level = 9
	compression.type = none
	compression.zstd.level = 3
	connections.max.idle.ms = 10000
	delivery.timeout.ms = 120000
	enable.idempotence = true
	enable.metrics.push = true
	interceptor.classes = []
	key.serializer = class org.apache.kafka.common.serialization.StringSerializer
	linger.ms = 0
	max.block.ms = 60000
	max.in.flight.requests.per.connection = 5
	max.request.size = 1048576
	metadata.max.age.ms = 300000
	metadata.max.idle.ms = 300000
	metadata.recovery.strategy = none
	metric.reporters = []
	metrics.num.samples = 2
	metrics.recording.level = INFO
	metrics.sample.window.ms = 30000
	partitioner.adaptive.partitioning.enable = true
	partitioner.availability.timeout.ms = 0
	partitioner.class = null
	partitioner.ignore.keys = false
	receive.buffer.bytes = 32768
	reconnect.backoff.max.ms = 1000
	reconnect.backoff.ms = 50
	request.timeout.ms = 5000
	retries = 2147483647
	retry.backoff.max.ms = 1000
	retry.backoff.ms = 100
	sasl.client.callback.handler.class = null
	sasl.jaas.config = null
	sasl.kerberos.kinit.cmd = /usr/bin/kinit
	sasl.kerberos.min.time.before.relogin = 60000
	sasl.kerberos.service.name = null
	sasl.kerberos.ticket.renew.jitter = 0.05
	sasl.kerberos.ticket.renew.window.factor = 0.8
	sasl.login.callback.handler.class = null
	sasl.login.class = null
	sasl.login.connect.timeout.ms = null
	sasl.login.read.timeout.ms = null
	sasl.login.refresh.buffer.seconds = 300
	sasl.login.refresh.min.period.seconds = 60
	sasl.login.refresh.window.factor = 0.8
	sasl.login.refresh.window.jitter = 0.05
	sasl.login.retry.backoff.max.ms = 10000
	sasl.login.retry.backoff.ms = 100
	sasl.mechanism = GSSAPI
	sasl.oauthbearer.clock.skew.seconds = 30
	sasl.oauthbearer.expected.audience = null
	sasl.oauthbearer.expected.issuer = null
	sasl.oauthbearer.header.urlencode = false
	sasl.oauthbearer.jwks.endpoint.refresh.ms = 3600000
	sasl.oauthbearer.jwks.endpoint.retry.backoff.max.ms = 10000
	sasl.oauthbearer.jwks.endpoint.retry.backoff.ms = 100
	sasl.oauthbearer.jwks.endpoint.url = null
	sasl.oauthbearer.scope.claim.name = scope
	sasl.oauthbearer.sub.claim.name = sub
	sasl.oauthbearer.token.endpoint.url = null
	security.protocol = PLAINTEXT
	security.providers = null
	send.buffer.bytes = 131072
	socket.connection.setup.timeout.max.ms = 30000
	socket.connection.setup.timeout.ms = 10000
	ssl.cipher.suites = null
	ssl.enabled.protocols = [TLSv1.2, TLSv1.3]
	ssl.endpoint.identification.algorithm = https
	ssl.engine.factory.class = null
	ssl.key.password = null
	ssl.keymanager.algorithm = SunX509
	ssl.keystore.certificate.chain = null
	ssl.keystore.key = null
	ssl.keystore.location = null
	ssl.keystore.password = null
	ssl.keystore.type = JKS
	ssl.protocol = TLSv1.3
	ssl.provider = null
	ssl.secure.random.implementation = null
	ssl.trustmanager.algorithm = PKIX
	ssl.truststore.certificates = null
	ssl.truststore.location = null
	ssl.truststore.password = null
	ssl.truststore.type = JKS
	transaction.timeout.ms = 60000
	transactional.id = null
	value.serializer = class io.apicurio.registry.serde.avro.AvroKafkaSerializer

2025-07-31 17:04:25,803 INFO  [org.apa.kaf.com.tel.int.KafkaMetricsCollector] (main) initializing Kafka metrics collector
2025-07-31 17:04:25,806 INFO  [org.apa.kaf.cli.pro.KafkaProducer] (main) [Producer clientId=Producer-topic-16f57db8_1ddb_443c_879f_7cd4460da0d2] Instantiated an idempotent producer.
2025-07-31 17:04:25,808 INFO  [org.apa.kaf.cli.pro.ProducerConfig] (main) These configurations '[apicurio.registry.url, apicurio.registry.artifact-resolver-strategy]' were supplied but are not used yet.
2025-07-31 17:04:25,808 INFO  [org.apa.kaf.com.uti.AppInfoParser] (main) Kafka version: 3.9.1
2025-07-31 17:04:25,808 INFO  [org.apa.kaf.com.uti.AppInfoParser] (main) Kafka commitId: f745dfdcee2b9851
2025-07-31 17:04:25,808 INFO  [org.apa.kaf.com.uti.AppInfoParser] (main) Kafka startTimeMs: 1753981465808
**** Registry Base URL: http://registry-app-mysql.apps.ci419.apicurio-testing.org:80
2025-07-31 17:04:25,809 INFO  [org.apa.kaf.cli.con.ConsumerConfig] (main) ConsumerConfig values: 
	allow.auto.create.topics = true
	auto.commit.interval.ms = 500
	auto.include.jmx.reporter = true
	auto.offset.reset = earliest
	bootstrap.servers = [PLAINTEXT://localhost:32770]
	check.crcs = true
	client.dns.lookup = use_all_dns_ips
	client.id = consumer-Consumer-topic-16f57db8_1ddb_443c_879f_7cd4460da0d2-8
	client.rack = 
	connections.max.idle.ms = 10000
	default.api.timeout.ms = 60000
	enable.auto.commit = true
	enable.metrics.push = true
	exclude.internal.topics = true
	fetch.max.bytes = 52428800
	fetch.max.wait.ms = 500
	fetch.min.bytes = 1
	group.id = Consumer-topic-16f57db8_1ddb_443c_879f_7cd4460da0d2
	group.instance.id = null
	group.protocol = classic
	group.remote.assignor = null
	heartbeat.interval.ms = 3000
	interceptor.classes = []
	internal.leave.group.on.close = true
	internal.throw.on.fetch.stable.offset.unsupported = false
	isolation.level = read_uncommitted
	key.deserializer = class org.apache.kafka.common.serialization.StringDeserializer
	max.partition.fetch.bytes = 1048576
	max.poll.interval.ms = 300000
	max.poll.records = 500
	metadata.max.age.ms = 300000
	metadata.recovery.strategy = none
	metric.reporters = []
	metrics.num.samples = 2
	metrics.recording.level = INFO
	metrics.sample.window.ms = 30000
	partition.assignment.strategy = [class org.apache.kafka.clients.consumer.RangeAssignor, class org.apache.kafka.clients.consumer.CooperativeStickyAssignor]
	receive.buffer.bytes = 65536
	reconnect.backoff.max.ms = 1000
	reconnect.backoff.ms = 50
	request.timeout.ms = 5000
	retry.backoff.max.ms = 1000
	retry.backoff.ms = 100
	sasl.client.callback.handler.class = null
	sasl.jaas.config = null
	sasl.kerberos.kinit.cmd = /usr/bin/kinit
	sasl.kerberos.min.time.before.relogin = 60000
	sasl.kerberos.service.name = null
	sasl.kerberos.ticket.renew.jitter = 0.05
	sasl.kerberos.ticket.renew.window.factor = 0.8
	sasl.login.callback.handler.class = null
	sasl.login.class = null
	sasl.login.connect.timeout.ms = null
	sasl.login.read.timeout.ms = null
	sasl.login.refresh.buffer.seconds = 300
	sasl.login.refresh.min.period.seconds = 60
	sasl.login.refresh.window.factor = 0.8
	sasl.login.refresh.window.jitter = 0.05
	sasl.login.retry.backoff.max.ms = 10000
	sasl.login.retry.backoff.ms = 100
	sasl.mechanism = GSSAPI
	sasl.oauthbearer.clock.skew.seconds = 30
	sasl.oauthbearer.expected.audience = null
	sasl.oauthbearer.expected.issuer = null
	sasl.oauthbearer.header.urlencode = false
	sasl.oauthbearer.jwks.endpoint.refresh.ms = 3600000
	sasl.oauthbearer.jwks.endpoint.retry.backoff.max.ms = 10000
	sasl.oauthbearer.jwks.endpoint.retry.backoff.ms = 100
	sasl.oauthbearer.jwks.endpoint.url = null
	sasl.oauthbearer.scope.claim.name = scope
	sasl.oauthbearer.sub.claim.name = sub
	sasl.oauthbearer.token.endpoint.url = null
	security.protocol = PLAINTEXT
	security.providers = null
	send.buffer.bytes = 131072
	session.timeout.ms = 45000
	socket.connection.setup.timeout.max.ms = 30000
	socket.connection.setup.timeout.ms = 10000
	ssl.cipher.suites = null
	ssl.enabled.protocols = [TLSv1.2, TLSv1.3]
	ssl.endpoint.identification.algorithm = https
	ssl.engine.factory.class = null
	ssl.key.password = null
	ssl.keymanager.algorithm = SunX509
	ssl.keystore.certificate.chain = null
	ssl.keystore.key = null
	ssl.keystore.location = null
	ssl.keystore.password = null
	ssl.keystore.type = JKS
	ssl.protocol = TLSv1.3
	ssl.provider = null
	ssl.secure.random.implementation = null
	ssl.trustmanager.algorithm = PKIX
	ssl.truststore.certificates = null
	ssl.truststore.location = null
	ssl.truststore.password = null
	ssl.truststore.type = JKS
	value.deserializer = class io.apicurio.registry.serde.avro.AvroKafkaDeserializer

2025-07-31 17:04:25,809 INFO  [org.apa.kaf.com.tel.int.KafkaMetricsCollector] (main) initializing Kafka metrics collector
2025-07-31 17:04:25,817 INFO  [org.apa.kaf.cli.Metadata] (kafka-producer-network-thread | Producer-topic-16f57db8_1ddb_443c_879f_7cd4460da0d2) [Producer clientId=Producer-topic-16f57db8_1ddb_443c_879f_7cd4460da0d2] Cluster ID: hHUi-5-6SnyFRAH2goQrJA
2025-07-31 17:04:25,817 INFO  [org.apa.kaf.cli.pro.int.TransactionManager] (kafka-producer-network-thread | Producer-topic-16f57db8_1ddb_443c_879f_7cd4460da0d2) [Producer clientId=Producer-topic-16f57db8_1ddb_443c_879f_7cd4460da0d2] ProducerId set to 11 with epoch 0
2025-07-31 17:04:25,819 INFO  [org.apa.kaf.cli.con.ConsumerConfig] (main) These configurations '[apicurio.registry.url]' were supplied but are not used yet.
2025-07-31 17:04:25,819 INFO  [org.apa.kaf.com.uti.AppInfoParser] (main) Kafka version: 3.9.1
2025-07-31 17:04:25,819 INFO  [org.apa.kaf.com.uti.AppInfoParser] (main) Kafka commitId: f745dfdcee2b9851
2025-07-31 17:04:25,819 INFO  [org.apa.kaf.com.uti.AppInfoParser] (main) Kafka startTimeMs: 1753981465819
2025-07-31 17:04:25,821 INFO  [io.api.tes.ser.api.KafkaSerdesTester] (Thread-650) Sending message {"key11753981464582": "value-0"} to topic topic-16f57db8_1ddb_443c_879f_7cd4460da0d2
2025-07-31 17:04:25,825 INFO  [DefaultSchemaResolver] (Thread-650) Retrieving schema content using string: {"type":"record","name":"s93924dcfxbb06x41dfx8a8ex2fff6a667843","namespace":"ns_32ad2734_a596_4d27_9c01_16f0bf592f32","fields":[{"name":"key11753981464582","type":"string"}]}
2025-07-31 17:04:25,989 INFO  [io.api.tes.ser.api.KafkaSerdesTester] (Thread-650) Sending message {"key11753981464582": "value-1"} to topic topic-16f57db8_1ddb_443c_879f_7cd4460da0d2
2025-07-31 17:04:25,991 INFO  [io.api.tes.ser.api.KafkaSerdesTester] (Thread-650) Sending message {"key11753981464582": "value-2"} to topic topic-16f57db8_1ddb_443c_879f_7cd4460da0d2
2025-07-31 17:04:25,994 INFO  [io.api.tes.ser.api.KafkaSerdesTester] (Thread-650) Sending message {"key11753981464582": "value-3"} to topic topic-16f57db8_1ddb_443c_879f_7cd4460da0d2
2025-07-31 17:04:25,995 INFO  [io.api.tes.ser.api.KafkaSerdesTester] (Thread-650) Sending message {"key11753981464582": "value-4"} to topic topic-16f57db8_1ddb_443c_879f_7cd4460da0d2
2025-07-31 17:04:26,002 INFO  [io.api.tes.ser.api.KafkaSerdesTester] (Thread-650) Sending message {"key11753981464582": "value-5"} to topic topic-16f57db8_1ddb_443c_879f_7cd4460da0d2
2025-07-31 17:04:26,005 INFO  [io.api.tes.ser.api.KafkaSerdesTester] (Thread-650) Sending message {"key11753981464582": "value-6"} to topic topic-16f57db8_1ddb_443c_879f_7cd4460da0d2
2025-07-31 17:04:26,008 INFO  [io.api.tes.ser.api.KafkaSerdesTester] (Thread-650) Sending message {"key11753981464582": "value-7"} to topic topic-16f57db8_1ddb_443c_879f_7cd4460da0d2
2025-07-31 17:04:26,012 INFO  [io.api.tes.ser.api.KafkaSerdesTester] (Thread-650) Sending message {"key11753981464582": "value-8"} to topic topic-16f57db8_1ddb_443c_879f_7cd4460da0d2
2025-07-31 17:04:26,015 INFO  [io.api.tes.ser.api.KafkaSerdesTester] (Thread-650) Sending message {"key11753981464582": "value-9"} to topic topic-16f57db8_1ddb_443c_879f_7cd4460da0d2
2025-07-31 17:04:26,019 INFO  [io.api.tes.ser.api.KafkaSerdesTester] (Thread-650) Produced 10 messages
2025-07-31 17:04:26,024 INFO  [org.apa.kaf.cli.con.int.ClassicKafkaConsumer] (Thread-651) [Consumer clientId=consumer-Consumer-topic-16f57db8_1ddb_443c_879f_7cd4460da0d2-8, groupId=Consumer-topic-16f57db8_1ddb_443c_879f_7cd4460da0d2] Subscribed to topic(s): topic-16f57db8_1ddb_443c_879f_7cd4460da0d2
2025-07-31 17:04:26,029 INFO  [org.apa.kaf.cli.Metadata] (Thread-651) [Consumer clientId=consumer-Consumer-topic-16f57db8_1ddb_443c_879f_7cd4460da0d2-8, groupId=Consumer-topic-16f57db8_1ddb_443c_879f_7cd4460da0d2] Cluster ID: hHUi-5-6SnyFRAH2goQrJA
2025-07-31 17:04:26,031 INFO  [org.apa.kaf.cli.con.int.ConsumerCoordinator] (Thread-651) [Consumer clientId=consumer-Consumer-topic-16f57db8_1ddb_443c_879f_7cd4460da0d2-8, groupId=Consumer-topic-16f57db8_1ddb_443c_879f_7cd4460da0d2] Discovered group coordinator localhost:32770 (id: 2147483647 rack: null)
2025-07-31 17:04:26,032 INFO  [org.apa.kaf.cli.con.int.ConsumerCoordinator] (Thread-651) [Consumer clientId=consumer-Consumer-topic-16f57db8_1ddb_443c_879f_7cd4460da0d2-8, groupId=Consumer-topic-16f57db8_1ddb_443c_879f_7cd4460da0d2] (Re-)joining group
2025-07-31 17:04:26,035 INFO  [org.apa.kaf.cli.con.int.ConsumerCoordinator] (Thread-651) [Consumer clientId=consumer-Consumer-topic-16f57db8_1ddb_443c_879f_7cd4460da0d2-8, groupId=Consumer-topic-16f57db8_1ddb_443c_879f_7cd4460da0d2] Request joining group due to: need to re-join with the given member-id: consumer-Consumer-topic-16f57db8_1ddb_443c_879f_7cd4460da0d2-8-b9ef78fa-e9e9-4960-a4b2-56c9ddbe0270
2025-07-31 17:04:26,035 INFO  [org.apa.kaf.cli.con.int.ConsumerCoordinator] (Thread-651) [Consumer clientId=consumer-Consumer-topic-16f57db8_1ddb_443c_879f_7cd4460da0d2-8, groupId=Consumer-topic-16f57db8_1ddb_443c_879f_7cd4460da0d2] (Re-)joining group
2025-07-31 17:04:26,037 INFO  [org.apa.kaf.cli.con.int.ConsumerCoordinator] (Thread-651) [Consumer clientId=consumer-Consumer-topic-16f57db8_1ddb_443c_879f_7cd4460da0d2-8, groupId=Consumer-topic-16f57db8_1ddb_443c_879f_7cd4460da0d2] Successfully joined group with generation Generation{generationId=1, memberId='consumer-Consumer-topic-16f57db8_1ddb_443c_879f_7cd4460da0d2-8-b9ef78fa-e9e9-4960-a4b2-56c9ddbe0270', protocol='range'}
2025-07-31 17:04:26,037 INFO  [org.apa.kaf.cli.con.int.ConsumerCoordinator] (Thread-651) [Consumer clientId=consumer-Consumer-topic-16f57db8_1ddb_443c_879f_7cd4460da0d2-8, groupId=Consumer-topic-16f57db8_1ddb_443c_879f_7cd4460da0d2] Finished assignment for group at generation 1: {consumer-Consumer-topic-16f57db8_1ddb_443c_879f_7cd4460da0d2-8-b9ef78fa-e9e9-4960-a4b2-56c9ddbe0270=Assignment(partitions=[topic-16f57db8_1ddb_443c_879f_7cd4460da0d2-0])}
2025-07-31 17:04:26,040 INFO  [org.apa.kaf.cli.con.int.ConsumerCoordinator] (Thread-651) [Consumer clientId=consumer-Consumer-topic-16f57db8_1ddb_443c_879f_7cd4460da0d2-8, groupId=Consumer-topic-16f57db8_1ddb_443c_879f_7cd4460da0d2] Successfully synced group in generation Generation{generationId=1, memberId='consumer-Consumer-topic-16f57db8_1ddb_443c_879f_7cd4460da0d2-8-b9ef78fa-e9e9-4960-a4b2-56c9ddbe0270', protocol='range'}
2025-07-31 17:04:26,040 INFO  [org.apa.kaf.cli.con.int.ConsumerCoordinator] (Thread-651) [Consumer clientId=consumer-Consumer-topic-16f57db8_1ddb_443c_879f_7cd4460da0d2-8, groupId=Consumer-topic-16f57db8_1ddb_443c_879f_7cd4460da0d2] Notifying assignor about the new Assignment(partitions=[topic-16f57db8_1ddb_443c_879f_7cd4460da0d2-0])
2025-07-31 17:04:26,040 INFO  [org.apa.kaf.cli.con.int.ConsumerRebalanceListenerInvoker] (Thread-651) [Consumer clientId=consumer-Consumer-topic-16f57db8_1ddb_443c_879f_7cd4460da0d2-8, groupId=Consumer-topic-16f57db8_1ddb_443c_879f_7cd4460da0d2] Adding newly assigned partitions: topic-16f57db8_1ddb_443c_879f_7cd4460da0d2-0
2025-07-31 17:04:26,041 INFO  [org.apa.kaf.cli.con.int.ConsumerCoordinator] (Thread-651) [Consumer clientId=consumer-Consumer-topic-16f57db8_1ddb_443c_879f_7cd4460da0d2-8, groupId=Consumer-topic-16f57db8_1ddb_443c_879f_7cd4460da0d2] Found no committed offset for partition topic-16f57db8_1ddb_443c_879f_7cd4460da0d2-0
2025-07-31 17:04:26,046 INFO  [org.apa.kaf.cli.con.int.SubscriptionState] (Thread-651) [Consumer clientId=consumer-Consumer-topic-16f57db8_1ddb_443c_879f_7cd4460da0d2-8, groupId=Consumer-topic-16f57db8_1ddb_443c_879f_7cd4460da0d2] Resetting offset for partition topic-16f57db8_1ddb_443c_879f_7cd4460da0d2-0 to position FetchPosition{offset=0, offsetEpoch=Optional.empty, currentLeader=LeaderAndEpoch{leader=Optional[localhost:32770 (id: 0 rack: null)], epoch=0}}.
2025-07-31 17:04:26,276 INFO  [io.api.tes.ser.api.KafkaSerdesTester] (Thread-651) topic-16f57db8_1ddb_443c_879f_7cd4460da0d2 0 0 {"key11753981464582": "value-0"}
2025-07-31 17:04:26,276 INFO  [io.api.tes.ser.api.KafkaSerdesTester] (Thread-651) topic-16f57db8_1ddb_443c_879f_7cd4460da0d2 0 1 {"key11753981464582": "value-1"}
2025-07-31 17:04:26,276 INFO  [io.api.tes.ser.api.KafkaSerdesTester] (Thread-651) topic-16f57db8_1ddb_443c_879f_7cd4460da0d2 0 2 {"key11753981464582": "value-2"}
2025-07-31 17:04:26,276 INFO  [io.api.tes.ser.api.KafkaSerdesTester] (Thread-651) topic-16f57db8_1ddb_443c_879f_7cd4460da0d2 0 3 {"key11753981464582": "value-3"}
2025-07-31 17:04:26,276 INFO  [io.api.tes.ser.api.KafkaSerdesTester] (Thread-651) topic-16f57db8_1ddb_443c_879f_7cd4460da0d2 0 4 {"key11753981464582": "value-4"}
2025-07-31 17:04:26,276 INFO  [io.api.tes.ser.api.KafkaSerdesTester] (Thread-651) topic-16f57db8_1ddb_443c_879f_7cd4460da0d2 0 5 {"key11753981464582": "value-5"}
2025-07-31 17:04:26,276 INFO  [io.api.tes.ser.api.KafkaSerdesTester] (Thread-651) topic-16f57db8_1ddb_443c_879f_7cd4460da0d2 0 6 {"key11753981464582": "value-6"}
2025-07-31 17:04:26,276 INFO  [io.api.tes.ser.api.KafkaSerdesTester] (Thread-651) topic-16f57db8_1ddb_443c_879f_7cd4460da0d2 0 7 {"key11753981464582": "value-7"}
2025-07-31 17:04:26,276 INFO  [io.api.tes.ser.api.KafkaSerdesTester] (Thread-651) topic-16f57db8_1ddb_443c_879f_7cd4460da0d2 0 8 {"key11753981464582": "value-8"}
2025-07-31 17:04:26,276 INFO  [io.api.tes.ser.api.KafkaSerdesTester] (Thread-651) topic-16f57db8_1ddb_443c_879f_7cd4460da0d2 0 9 {"key11753981464582": "value-9"}
2025-07-31 17:04:26,276 INFO  [io.api.tes.ser.api.KafkaSerdesTester] (Thread-651) Consumed 10 messages
2025-07-31 17:04:26,277 INFO  [io.api.tes.ser.api.AvroSerdeIT] (main) Registering Avro Schema 2: {"type":"record","name":"s93924dcfxbb06x41dfx8a8ex2fff6a667843","namespace":"ns_32ad2734_a596_4d27_9c01_16f0bf592f32","fields":[{"name":"key11753981464582","type":"string"},{"name":"key21753981466276","type":"string"}]}
2025-07-31 17:04:26,391 INFO  [io.api.tes.uti.TestSeparator] (main) io.apicurio.tests.serdes.apicurio.AvroSerdeIT.testEvolveAvroApicurioReusingClient-FINISHED
2025-07-31 17:04:26,391 INFO  [io.api.tes.uti.TestSeparator] (main) ############################################################################
2025-07-31 17:04:26,391 ERROR [io.api.reg.uti.tes.TestUtils] (main) === TEST FAILED ===
2025-07-31 17:04:26,391 ERROR [io.api.reg.uti.tes.TestUtils] (main) Class: class io.apicurio.tests.serdes.apicurio.AvroSerdeIT
2025-07-31 17:04:26,391 ERROR [io.api.reg.uti.tes.TestUtils] (main) Test:  testEvolveAvroApicurioReusingClient
2025-07-31 17:04:26,391 ERROR [io.api.reg.uti.tes.TestUtils] (main) ID:    [engine:junit-jupiter]/[class:io.apicurio.tests.serdes.apicurio.AvroSerdeIT]/[method:testEvolveAvroApicurioReusingClient()]
2025-07-31 17:04:26,391 ERROR [io.api.reg.uti.tes.TestUtils] (main) Error: RuleViolationProblemDetails - null
2025-07-31 17:04:26,391 ERROR [io.api.reg.uti.tes.TestUtils] (main) Rule Violation Problem Details
2025-07-31 17:04:26,395 WARNING [org.jun.jup.eng.des.MethodBasedTestDescriptor] (main) Failed to invoke TestWatcher [io.apicurio.tests.ApicurioRegistryBaseIT$RegistryApiErrorWatcher] for method [io.apicurio.tests.serdes.apicurio.AvroSerdeIT#testEvolveAvroApicurioReusingClient()] with display name [testEvolveAvroApicurioReusingClient]: java.lang.StackOverflowError
	at io.apicurio.tests.ApicurioRegistryBaseIT$RegistryApiErrorWatcher.logProblemDetails(ApicurioRegistryBaseIT.java:154)
	at io.apicurio.tests.ApicurioRegistryBaseIT$RegistryApiErrorWatcher.logProblemDetails(ApicurioRegistryBaseIT.java:154)
	at io.apicurio.tests.ApicurioRegistryBaseIT$RegistryApiErrorWatcher.logProblemDetails(ApicurioRegistryBaseIT.java:154)
	at io.apicurio.tests.ApicurioRegistryBaseIT$RegistryApiErrorWatcher.logProblemDetails(ApicurioRegistryBaseIT.java:154)
	at io.apicurio.tests.ApicurioRegistryBaseIT$RegistryApiErrorWatcher.logProblemDetails(ApicurioRegistryBaseIT.java:154)
	at io.apicurio.tests.ApicurioRegistryBaseIT$RegistryApiErrorWatcher.logProblemDetails(ApicurioRegistryBaseIT.java:154)
	at io.apicurio.tests.ApicurioRegistryBaseIT$RegistryApiErrorWatcher.logProblemDetails(ApicurioRegistryBaseIT.java:154)
	at io.apicurio.tests.ApicurioRegistryBaseIT$RegistryApiErrorWatcher.logProblemDetails(ApicurioRegistryBaseIT.java:154)
	at io.apicurio.tests.ApicurioRegistryBaseIT$RegistryApiErrorWatcher.logProblemDetails(ApicurioRegistryBaseIT.java:154)
	at io.apicurio.tests.ApicurioRegistryBaseIT$RegistryApiErrorWatcher.logProblemDetails(ApicurioRegistryBaseIT.java:154)
	at io.apicurio.tests.ApicurioRegistryBaseIT$RegistryApiErrorWatcher.logProblemDetails(ApicurioRegistryBaseIT.java:154)
	at io.apicurio.tests.ApicurioRegistryBaseIT$RegistryApiErrorWatcher.logProblemDetails(ApicurioRegistryBaseIT.java:154)
	at io.apicurio.tests.ApicurioRegistryBaseIT$RegistryApiErrorWatcher.logProblemDetails(ApicurioRegistryBaseIT.java:154)
	at io.apicurio.tests.ApicurioRegistryBaseIT$RegistryApiErrorWatcher.logProblemDetails(ApicurioRegistryBaseIT.java:154)
	at io.apicurio.tests.ApicurioRegistryBaseIT$RegistryApiErrorWatcher.logProblemDetails(ApicurioRegistryBaseIT.java:154)
	at io.apicurio.tests.ApicurioRegistryBaseIT$RegistryApiErrorWatcher.logProblemDetails(ApicurioRegistryBaseIT.java:154)
	at io.apicurio.tests.ApicurioRegistryBaseIT$RegistryApiErrorWatcher.logProblemDetails(ApicurioRegistryBaseIT.java:154)
	at io.apicurio.tests.ApicurioRegistryBaseIT$RegistryApiErrorWatcher.logProblemDetails(ApicurioRegistryBaseIT.java:154)
	at io.apicurio.tests.ApicurioRegistryBaseIT$RegistryApiErrorWatcher.logProblemDetails(ApicurioRegistryBaseIT.java:154)
	at io.apicurio.tests.ApicurioRegistryBaseIT$RegistryApiErrorWatcher.logProblemDetails(ApicurioRegistryBaseIT.java:154)
	at io.apicurio.tests.ApicurioRegistryBaseIT$RegistryApiErrorWatcher.logProblemDetails(ApicurioRegistryBaseIT.java:154)
	at io.apicurio.tests.ApicurioRegistryBaseIT$RegistryApiErrorWatcher.logProblemDetails(ApicurioRegistryBaseIT.java:154)
	at io.apicurio.tests.ApicurioRegistryBaseIT$RegistryApiErrorWatcher.logProblemDetails(ApicurioRegistryBaseIT.java:154)
	at io.apicurio.tests.ApicurioRegistryBaseIT$RegistryApiErrorWatcher.logProblemDetails(ApicurioRegistryBaseIT.java:154)
	at io.apicurio.tests.ApicurioRegistryBaseIT$RegistryApiErrorWatcher.logProblemDetails(ApicurioRegistryBaseIT.java:154)
	at io.apicurio.tests.ApicurioRegistryBaseIT$RegistryApiErrorWatcher.logProblemDetails(ApicurioRegistryBaseIT.java:154)
	at io.apicurio.tests.ApicurioRegistryBaseIT$RegistryApiErrorWatcher.logProblemDetails(ApicurioRegistryBaseIT.java:154)
	at io.apicurio.tests.ApicurioRegistryBaseIT$RegistryApiErrorWatcher.logProblemDetails(ApicurioRegistryBaseIT.java:154)
	at io.apicurio.tests.ApicurioRegistryBaseIT$RegistryApiErrorWatcher.logProblemDetails(ApicurioRegistryBaseIT.java:154)
	at io.apicurio.tests.ApicurioRegistryBaseIT$RegistryApiErrorWatcher.logProblemDetails(ApicurioRegistryBaseIT.java:154)
	at io.apicurio.tests.ApicurioRegistryBaseIT$RegistryApiErrorWatcher.logProblemDetails(ApicurioRegistryBaseIT.java:154)
	at io.apicurio.tests.ApicurioRegistryBaseIT$RegistryApiErrorWatcher.logProblemDetails(ApicurioRegistryBaseIT.java:154)
	at io.apicurio.tests.ApicurioRegistryBaseIT$RegistryApiErrorWatcher.logProblemDetails(ApicurioRegistryBaseIT.java:154)
	at io.apicurio.tests.ApicurioRegistryBaseIT$RegistryApiErrorWatcher.logProblemDetails(ApicurioRegistryBaseIT.java:154)
	at io.apicurio.tests.ApicurioRegistryBaseIT$RegistryApiErrorWatcher.logProblemDetails(ApicurioRegistryBaseIT.java:154)
	at io.apicurio.tests.ApicurioRegistryBaseIT$RegistryApiErrorWatcher.logProblemDetails(ApicurioRegistryBaseIT.java:154)
	at io.apicurio.tests.ApicurioRegistryBaseIT$RegistryApiErrorWatcher.logProblemDetails(ApicurioRegistryBaseIT.java:154)
	at io.apicurio.tests.ApicurioRegistryBaseIT$RegistryApiErrorWatcher.logProblemDetails(ApicurioRegistryBaseIT.java:154)
	at io.apicurio.tests.ApicurioRegistryBaseIT$RegistryApiErrorWatcher.logProblemDetails(ApicurioRegistryBaseIT.java:154)
	at io.apicurio.tests.ApicurioRegistryBaseIT$RegistryApiErrorWatcher.logProblemDetails(ApicurioRegistryBaseIT.java:154)
	at io.apicurio.tests.ApicurioRegistryBaseIT$RegistryApiErrorWatcher.logProblemDetails(ApicurioRegistryBaseIT.java:154)
	at io.apicurio.tests.ApicurioRegistryBaseIT$RegistryApiErrorWatcher.logProblemDetails(ApicurioRegistryBaseIT.java:154)
	at io.apicurio.tests.ApicurioRegistryBaseIT$RegistryApiErrorWatcher.logProblemDetails(ApicurioRegistryBaseIT.java:154)
	at io.apicurio.tests.ApicurioRegistryBaseIT$RegistryApiErrorWatcher.logProblemDetails(ApicurioRegistryBaseIT.java:154)
	at io.apicurio.tests.ApicurioRegistryBaseIT$RegistryApiErrorWatcher.logProblemDetails(ApicurioRegistryBaseIT.java:154)
	at io.apicurio.tests.ApicurioRegistryBaseIT$RegistryApiErrorWatcher.logProblemDetails(ApicurioRegistryBaseIT.java:154)
	at io.apicurio.tests.ApicurioRegistryBaseIT$RegistryApiErrorWatcher.logProblemDetails(ApicurioRegistryBaseIT.java:154)
	at io.apicurio.tests.ApicurioRegistryBaseIT$RegistryApiErrorWatcher.logProblemDetails(ApicurioRegistryBaseIT.java:154)
	at io.apicurio.tests.ApicurioRegistryBaseIT$RegistryApiErrorWatcher.logProblemDetails(ApicurioRegistryBaseIT.java:154)
	at io.apicurio.tests.ApicurioRegistryBaseIT$RegistryApiErrorWatcher.logProblemDetails(ApicurioRegistryBaseIT.java:154)
	at io.apicurio.tests.ApicurioRegistryBaseIT$RegistryApiErrorWatcher.logProblemDetails(ApicurioRegistryBaseIT.java:154)
	at io.apicurio.tests.ApicurioRegistryBaseIT$RegistryApiErrorWatcher.logProblemDetails(ApicurioRegistryBaseIT.java:154)
	at io.apicurio.tests.ApicurioRegistryBaseIT$RegistryApiErrorWatcher.logProblemDetails(ApicurioRegistryBaseIT.java:154)
	at io.apicurio.tests.ApicurioRegistryBaseIT$RegistryApiErrorWatcher.logProblemDetails(ApicurioRegistryBaseIT.java:154)
	at io.apicurio.tests.ApicurioRegistryBaseIT$RegistryApiErrorWatcher.logProblemDetails(ApicurioRegistryBaseIT.java:154)
	at io.apicurio.tests.ApicurioRegistryBaseIT$RegistryApiErrorWatcher.logProblemDetails(ApicurioRegistryBaseIT.java:154)
	at io.apicurio.tests.ApicurioRegistryBaseIT$RegistryApiErrorWatcher.logProblemDetails(ApicurioRegistryBaseIT.java:154)
	at io.apicurio.tests.ApicurioRegistryBaseIT$RegistryApiErrorWatcher.logProblemDetails(ApicurioRegistryBaseIT.java:154)
	at io.apicurio.tests.ApicurioRegistryBaseIT$RegistryApiErrorWatcher.logProblemDetails(ApicurioRegistryBaseIT.java:154)
	at io.apicurio.tests.ApicurioRegistryBaseIT$RegistryApiErrorWatcher.logProblemDetails(ApicurioRegistryBaseIT.java:154)
	at io.apicurio.tests.ApicurioRegistryBaseIT$RegistryApiErrorWatcher.logProblemDetails(ApicurioRegistryBaseIT.java:154)
	at io.apicurio.tests.ApicurioRegistryBaseIT$RegistryApiErrorWatcher.logProblemDetails(ApicurioRegistryBaseIT.java:154)
	at io.apicurio.tests.ApicurioRegistryBaseIT$RegistryApiErrorWatcher.logProblemDetails(ApicurioRegistryBaseIT.java:154)
	at io.apicurio.tests.ApicurioRegistryBaseIT$RegistryApiErrorWatcher.logProblemDetails(ApicurioRegistryBaseIT.java:154)
	at io.apicurio.tests.ApicurioRegistryBaseIT$RegistryApiErrorWatcher.logProblemDetails(ApicurioRegistryBaseIT.java:154)
	at io.apicurio.tests.ApicurioRegistryBaseIT$RegistryApiErrorWatcher.logProblemDetails(ApicurioRegistryBaseIT.java:154)
	at io.apicurio.tests.ApicurioRegistryBaseIT$RegistryApiErrorWatcher.logProblemDetails(ApicurioRegistryBaseIT.java:154)
	at io.apicurio.tests.ApicurioRegistryBaseIT$RegistryApiErrorWatcher.logProblemDetails(ApicurioRegistryBaseIT.java:154)
	at io.apicurio.tests.ApicurioRegistryBaseIT$RegistryApiErrorWatcher.logProblemDetails(ApicurioRegistryBaseIT.java:154)
	at io.apicurio.tests.ApicurioRegistryBaseIT$RegistryApiErrorWatcher.logProblemDetails(ApicurioRegistryBaseIT.java:154)
	at io.apicurio.tests.ApicurioRegistryBaseIT$RegistryApiErrorWatcher.logProblemDetails(ApicurioRegistryBaseIT.java:154)
	at io.apicurio.tests.ApicurioRegistryBaseIT$RegistryApiErrorWatcher.logProblemDetails(ApicurioRegistryBaseIT.java:154)
	at io.apicurio.tests.ApicurioRegistryBaseIT$RegistryApiErrorWatcher.logProblemDetails(ApicurioRegistryBaseIT.java:154)
	at io.apicurio.tests.ApicurioRegistryBaseIT$RegistryApiErrorWatcher.logProblemDetails(ApicurioRegistryBaseIT.java:154)
	at io.apicurio.tests.ApicurioRegistryBaseIT$RegistryApiErrorWatcher.logProblemDetails(ApicurioRegistryBaseIT.java:154)
	at io.apicurio.tests.ApicurioRegistryBaseIT$RegistryApiErrorWatcher.logProblemDetails(ApicurioRegistryBaseIT.java:154)
	at io.apicurio.tests.ApicurioRegistryBaseIT$RegistryApiErrorWatcher.logProblemDetails(ApicurioRegistryBaseIT.java:154)
	at io.apicurio.tests.ApicurioRegistryBaseIT$RegistryApiErrorWatcher.logProblemDetails(ApicurioRegistryBaseIT.java:154)
	at io.apicurio.tests.ApicurioRegistryBaseIT$RegistryApiErrorWatcher.logProblemDetails(ApicurioRegistryBaseIT.java:154)
	at io.apicurio.tests.ApicurioRegistryBaseIT$RegistryApiErrorWatcher.logProblemDetails(ApicurioRegistryBaseIT.java:154)
	at io.apicurio.tests.ApicurioRegistryBaseIT$RegistryApiErrorWatcher.logProblemDetails(ApicurioRegistryBaseIT.java:154)
	at io.apicurio.tests.ApicurioRegistryBaseIT$RegistryApiErrorWatcher.logProblemDetails(ApicurioRegistryBaseIT.java:154)
	at io.apicurio.tests.ApicurioRegistryBaseIT$RegistryApiErrorWatcher.logProblemDetails(ApicurioRegistryBaseIT.java:154)
	at io.apicurio.tests.ApicurioRegistryBaseIT$RegistryApiErrorWatcher.logProblemDetails(ApicurioRegistryBaseIT.java:154)
	at io.apicurio.tests.ApicurioRegistryBaseIT$RegistryApiErrorWatcher.logProblemDetails(ApicurioRegistryBaseIT.java:154)
	at io.apicurio.tests.ApicurioRegistryBaseIT$RegistryApiErrorWatcher.logProblemDetails(ApicurioRegistryBaseIT.java:154)
	at io.apicurio.tests.ApicurioRegistryBaseIT$RegistryApiErrorWatcher.logProblemDetails(ApicurioRegistryBaseIT.java:154)
	at io.apicurio.tests.ApicurioRegistryBaseIT$RegistryApiErrorWatcher.logProblemDetails(ApicurioRegistryBaseIT.java:154)
	at io.apicurio.tests.ApicurioRegistryBaseIT$RegistryApiErrorWatcher.logProblemDetails(ApicurioRegistryBaseIT.java:154)
	at io.apicurio.tests.ApicurioRegistryBaseIT$RegistryApiErrorWatcher.logProblemDetails(ApicurioRegistryBaseIT.java:154)
	at io.apicurio.tests.ApicurioRegistryBaseIT$RegistryApiErrorWatcher.logProblemDetails(ApicurioRegistryBaseIT.java:154)
	at io.apicurio.tests.ApicurioRegistryBaseIT$RegistryApiErrorWatcher.logProblemDetails(ApicurioRegistryBaseIT.java:154)
	at io.apicurio.tests.ApicurioRegistryBaseIT$RegistryApiErrorWatcher.logProblemDetails(ApicurioRegistryBaseIT.java:154)
	at io.apicurio.tests.ApicurioRegistryBaseIT$RegistryApiErrorWatcher.logProblemDetails(ApicurioRegistryBaseIT.java:154)
	at io.apicurio.tests.ApicurioRegistryBaseIT$RegistryApiErrorWatcher.logProblemDetails(ApicurioRegistryBaseIT.java:154)
	at io.apicurio.tests.ApicurioRegistryBaseIT$RegistryApiErrorWatcher.logProblemDetails(ApicurioRegistryBaseIT.java:154)
	at io.apicurio.tests.ApicurioRegistryBaseIT$RegistryApiErrorWatcher.logProblemDetails(ApicurioRegistryBaseIT.java:154)
	at io.apicurio.tests.ApicurioRegistryBaseIT$RegistryApiErrorWatcher.logProblemDetails(ApicurioRegistryBaseIT.java:154)
	at io.apicurio.tests.ApicurioRegistryBaseIT$RegistryApiErrorWatcher.logProblemDetails(ApicurioRegistryBaseIT.java:154)
	at io.apicurio.tests.ApicurioRegistryBaseIT$RegistryApiErrorWatcher.logProblemDetails(ApicurioRegistryBaseIT.java:154)
	at io.apicurio.tests.ApicurioRegistryBaseIT$RegistryApiErrorWatcher.logProblemDetails(ApicurioRegistryBaseIT.java:154)
	at io.apicurio.tests.ApicurioRegistryBaseIT$RegistryApiErrorWatcher.logProblemDetails(ApicurioRegistryBaseIT.java:154)
	at io.apicurio.tests.ApicurioRegistryBaseIT$RegistryApiErrorWatcher.logProblemDetails(ApicurioRegistryBaseIT.java:154)
	at io.apicurio.tests.ApicurioRegistryBaseIT$RegistryApiErrorWatcher.logProblemDetails(ApicurioRegistryBaseIT.java:154)
	at io.apicurio.tests.ApicurioRegistryBaseIT$RegistryApiErrorWatcher.logProblemDetails(ApicurioRegistryBaseIT.java:154)
	at io.apicurio.tests.ApicurioRegistryBaseIT$RegistryApiErrorWatcher.logProblemDetails(ApicurioRegistryBaseIT.java:154)
	at io.apicurio.tests.ApicurioRegistryBaseIT$RegistryApiErrorWatcher.logProblemDetails(ApicurioRegistryBaseIT.java:154)
	at io.apicurio.tests.ApicurioRegistryBaseIT$RegistryApiErrorWatcher.logProblemDetails(ApicurioRegistryBaseIT.java:154)
	at io.apicurio.tests.ApicurioRegistryBaseIT$RegistryApiErrorWatcher.logProblemDetails(ApicurioRegistryBaseIT.java:154)
	at io.apicurio.tests.ApicurioRegistryBaseIT$RegistryApiErrorWatcher.logProblemDetails(ApicurioRegistryBaseIT.java:154)
	at io.apicurio.tests.ApicurioRegistryBaseIT$RegistryApiErrorWatcher.logProblemDetails(ApicurioRegistryBaseIT.java:154)
	at io.apicurio.tests.ApicurioRegistryBaseIT$RegistryApiErrorWatcher.logProblemDetails(ApicurioRegistryBaseIT.java:154)
	at io.apicurio.tests.ApicurioRegistryBaseIT$RegistryApiErrorWatcher.logProblemDetails(ApicurioRegistryBaseIT.java:154)
	at io.apicurio.tests.ApicurioRegistryBaseIT$RegistryApiErrorWatcher.logProblemDetails(ApicurioRegistryBaseIT.java:154)
	at io.apicurio.tests.ApicurioRegistryBaseIT$RegistryApiErrorWatcher.logProblemDetails(ApicurioRegistryBaseIT.java:154)
	at io.apicurio.tests.ApicurioRegistryBaseIT$RegistryApiErrorWatcher.logProblemDetails(ApicurioRegistryBaseIT.java:154)
	at io.apicurio.tests.ApicurioRegistryBaseIT$RegistryApiErrorWatcher.logProblemDetails(ApicurioRegistryBaseIT.java:154)
	at io.apicurio.tests.ApicurioRegistryBaseIT$RegistryApiErrorWatcher.logProblemDetails(ApicurioRegistryBaseIT.java:154)
	at io.apicurio.tests.ApicurioRegistryBaseIT$RegistryApiErrorWatcher.logProblemDetails(ApicurioRegistryBaseIT.java:154)
	at io.apicurio.tests.ApicurioRegistryBaseIT$RegistryApiErrorWatcher.logProblemDetails(ApicurioRegistryBaseIT.java:154)
	at io.apicurio.tests.ApicurioRegistryBaseIT$RegistryApiErrorWatcher.logProblemDetails(ApicurioRegistryBaseIT.java:154)
	at io.apicurio.tests.ApicurioRegistryBaseIT$RegistryApiErrorWatcher.logProblemDetails(ApicurioRegistryBaseIT.java:154)
	at io.apicurio.tests.ApicurioRegistryBaseIT$RegistryApiErrorWatcher.logProblemDetails(ApicurioRegistryBaseIT.java:154)
	at io.apicurio.tests.ApicurioRegistryBaseIT$RegistryApiErrorWatcher.logProblemDetails(ApicurioRegistryBaseIT.java:154)
	at io.apicurio.tests.ApicurioRegistryBaseIT$RegistryApiErrorWatcher.logProblemDetails(ApicurioRegistryBaseIT.java:154)
	at io.apicurio.tests.ApicurioRegistryBaseIT$RegistryApiErrorWatcher.logProblemDetails(ApicurioRegistryBaseIT.java:154)
	at io.apicurio.tests.ApicurioRegistryBaseIT$RegistryApiErrorWatcher.logProblemDetails(ApicurioRegistryBaseIT.java:154)
	at io.apicurio.tests.ApicurioRegistryBaseIT$RegistryApiErrorWatcher.logProblemDetails(ApicurioRegistryBaseIT.java:154)
	at io.apicurio.tests.ApicurioRegistryBaseIT$RegistryApiErrorWatcher.logProblemDetails(ApicurioRegistryBaseIT.java:154)
	at io.apicurio.tests.ApicurioRegistryBaseIT$RegistryApiErrorWatcher.logProblemDetails(ApicurioRegistryBaseIT.java:154)
	at io.apicurio.tests.ApicurioRegistryBaseIT$RegistryApiErrorWatcher.logProblemDetails(ApicurioRegistryBaseIT.java:154)
	at io.apicurio.tests.ApicurioRegistryBaseIT$RegistryApiErrorWatcher.logProblemDetails(ApicurioRegistryBaseIT.java:154)
	at io.apicurio.tests.ApicurioRegistryBaseIT$RegistryApiErrorWatcher.logProblemDetails(ApicurioRegistryBaseIT.java:154)
	at io.apicurio.tests.ApicurioRegistryBaseIT$RegistryApiErrorWatcher.logProblemDetails(ApicurioRegistryBaseIT.java:154)
	at io.apicurio.tests.ApicurioRegistryBaseIT$RegistryApiErrorWatcher.logProblemDetails(ApicurioRegistryBaseIT.java:154)
	at io.apicurio.tests.ApicurioRegistryBaseIT$RegistryApiErrorWatcher.logProblemDetails(ApicurioRegistryBaseIT.java:154)
	at io.apicurio.tests.ApicurioRegistryBaseIT$RegistryApiErrorWatcher.logProblemDetails(ApicurioRegistryBaseIT.java:154)
	at io.apicurio.tests.ApicurioRegistryBaseIT$RegistryApiErrorWatcher.logProblemDetails(ApicurioRegistryBaseIT.java:154)
	at io.apicurio.tests.ApicurioRegistryBaseIT$RegistryApiErrorWatcher.logProblemDetails(ApicurioRegistryBaseIT.java:154)
	at io.apicurio.tests.ApicurioRegistryBaseIT$RegistryApiErrorWatcher.logProblemDetails(ApicurioRegistryBaseIT.java:154)
	at io.apicurio.tests.ApicurioRegistryBaseIT$RegistryApiErrorWatcher.logProblemDetails(ApicurioRegistryBaseIT.java:154)
	at io.apicurio.tests.ApicurioRegistryBaseIT$RegistryApiErrorWatcher.logProblemDetails(ApicurioRegistryBaseIT.java:154)
	at io.apicurio.tests.ApicurioRegistryBaseIT$RegistryApiErrorWatcher.logProblemDetails(ApicurioRegistryBaseIT.java:154)
	at io.apicurio.tests.ApicurioRegistryBaseIT$RegistryApiErrorWatcher.logProblemDetails(ApicurioRegistryBaseIT.java:154)
	at io.apicurio.tests.ApicurioRegistryBaseIT$RegistryApiErrorWatcher.logProblemDetails(ApicurioRegistryBaseIT.java:154)
	at io.apicurio.tests.ApicurioRegistryBaseIT$RegistryApiErrorWatcher.logProblemDetails(ApicurioRegistryBaseIT.java:154)
	at io.apicurio.tests.ApicurioRegistryBaseIT$RegistryApiErrorWatcher.logProblemDetails(ApicurioRegistryBaseIT.java:154)
	at io.apicurio.tests.ApicurioRegistryBaseIT$RegistryApiErrorWatcher.logProblemDetails(ApicurioRegistryBaseIT.java:154)
	at io.apicurio.tests.ApicurioRegistryBaseIT$RegistryApiErrorWatcher.logProblemDetails(ApicurioRegistryBaseIT.java:154)
	at io.apicurio.tests.ApicurioRegistryBaseIT$RegistryApiErrorWatcher.logProblemDetails(ApicurioRegistryBaseIT.java:154)
	at io.apicurio.tests.ApicurioRegistryBaseIT$RegistryApiErrorWatcher.logProblemDetails(ApicurioRegistryBaseIT.java:154)
	at io.apicurio.tests.ApicurioRegistryBaseIT$RegistryApiErrorWatcher.logProblemDetails(ApicurioRegistryBaseIT.java:154)
	at io.apicurio.tests.ApicurioRegistryBaseIT$RegistryApiErrorWatcher.logProblemDetails(ApicurioRegistryBaseIT.java:154)
	at io.apicurio.tests.ApicurioRegistryBaseIT$RegistryApiErrorWatcher.logProblemDetails(ApicurioRegistryBaseIT.java:154)
	at io.apicurio.tests.ApicurioRegistryBaseIT$RegistryApiErrorWatcher.logProblemDetails(ApicurioRegistryBaseIT.java:154)
	at io.apicurio.tests.ApicurioRegistryBaseIT$RegistryApiErrorWatcher.logProblemDetails(ApicurioRegistryBaseIT.java:154)
	at io.apicurio.tests.ApicurioRegistryBaseIT$RegistryApiErrorWatcher.logProblemDetails(ApicurioRegistryBaseIT.java:154)
	at io.apicurio.tests.ApicurioRegistryBaseIT$RegistryApiErrorWatcher.logProblemDetails(ApicurioRegistryBaseIT.java:154)
	at io.apicurio.tests.ApicurioRegistryBaseIT$RegistryApiErrorWatcher.logProblemDetails(ApicurioRegistryBaseIT.java:154)
	at io.apicurio.tests.ApicurioRegistryBaseIT$RegistryApiErrorWatcher.logProblemDetails(ApicurioRegistryBaseIT.java:154)
	at io.apicurio.tests.ApicurioRegistryBaseIT$RegistryApiErrorWatcher.logProblemDetails(ApicurioRegistryBaseIT.java:154)
	at io.apicurio.tests.ApicurioRegistryBaseIT$RegistryApiErrorWatcher.logProblemDetails(ApicurioRegistryBaseIT.java:154)
	at io.apicurio.tests.ApicurioRegistryBaseIT$RegistryApiErrorWatcher.logProblemDetails(ApicurioRegistryBaseIT.java:154)
	at io.apicurio.tests.ApicurioRegistryBaseIT$RegistryApiErrorWatcher.logProblemDetails(ApicurioRegistryBaseIT.java:154)
	at io.apicurio.tests.ApicurioRegistryBaseIT$RegistryApiErrorWatcher.logProblemDetails(ApicurioRegistryBaseIT.java:154)
	at io.apicurio.tests.ApicurioRegistryBaseIT$RegistryApiErrorWatcher.logProblemDetails(ApicurioRegistryBaseIT.java:154)
	at io.apicurio.tests.ApicurioRegistryBaseIT$RegistryApiErrorWatcher.logProblemDetails(ApicurioRegistryBaseIT.java:154)
	at io.apicurio.tests.ApicurioRegistryBaseIT$RegistryApiErrorWatcher.logProblemDetails(ApicurioRegistryBaseIT.java:154)
	at io.apicurio.tests.ApicurioRegistryBaseIT$RegistryApiErrorWatcher.logProblemDetails(ApicurioRegistryBaseIT.java:154)
	at io.apicurio.tests.ApicurioRegistryBaseIT$RegistryApiErrorWatcher.logProblemDetails(ApicurioRegistryBaseIT.java:154)
	at io.apicurio.tests.ApicurioRegistryBaseIT$RegistryApiErrorWatcher.logProblemDetails(ApicurioRegistryBaseIT.java:154)
	at io.apicurio.tests.ApicurioRegistryBaseIT$RegistryApiErrorWatcher.logProblemDetails(ApicurioRegistryBaseIT.java:154)
	at io.apicurio.tests.ApicurioRegistryBaseIT$RegistryApiErrorWatcher.logProblemDetails(ApicurioRegistryBaseIT.java:154)
	at io.apicurio.tests.ApicurioRegistryBaseIT$RegistryApiErrorWatcher.logProblemDetails(ApicurioRegistryBaseIT.java:154)
	at io.apicurio.tests.ApicurioRegistryBaseIT$RegistryApiErrorWatcher.logProblemDetails(ApicurioRegistryBaseIT.java:154)
	at io.apicurio.tests.ApicurioRegistryBaseIT$RegistryApiErrorWatcher.logProblemDetails(ApicurioRegistryBaseIT.java:154)
	at io.apicurio.tests.ApicurioRegistryBaseIT$RegistryApiErrorWatcher.logProblemDetails(ApicurioRegistryBaseIT.java:154)
	at io.apicurio.tests.ApicurioRegistryBaseIT$RegistryApiErrorWatcher.logProblemDetails(ApicurioRegistryBaseIT.java:154)
	at io.apicurio.tests.ApicurioRegistryBaseIT$RegistryApiErrorWatcher.logProblemDetails(ApicurioRegistryBaseIT.java:154)
	at io.apicurio.tests.ApicurioRegistryBaseIT$RegistryApiErrorWatcher.logProblemDetails(ApicurioRegistryBaseIT.java:154)
	at io.apicurio.tests.ApicurioRegistryBaseIT$RegistryApiErrorWatcher.logProblemDetails(ApicurioRegistryBaseIT.java:154)
	at io.apicurio.tests.ApicurioRegistryBaseIT$RegistryApiErrorWatcher.logProblemDetails(ApicurioRegistryBaseIT.java:154)
	at io.apicurio.tests.ApicurioRegistryBaseIT$RegistryApiErrorWatcher.logProblemDetails(ApicurioRegistryBaseIT.java:154)
	at io.apicurio.tests.ApicurioRegistryBaseIT$RegistryApiErrorWatcher.logProblemDetails(ApicurioRegistryBaseIT.java:154)
	at io.apicurio.tests.ApicurioRegistryBaseIT$RegistryApiErrorWatcher.logProblemDetails(ApicurioRegistryBaseIT.java:154)
	at io.apicurio.tests.ApicurioRegistryBaseIT$RegistryApiErrorWatcher.logProblemDetails(ApicurioRegistryBaseIT.java:154)
	at io.apicurio.tests.ApicurioRegistryBaseIT$RegistryApiErrorWatcher.logProblemDetails(ApicurioRegistryBaseIT.java:154)
	at io.apicurio.tests.ApicurioRegistryBaseIT$RegistryApiErrorWatcher.logProblemDetails(ApicurioRegistryBaseIT.java:154)
	at io.apicurio.tests.ApicurioRegistryBaseIT$RegistryApiErrorWatcher.logProblemDetails(ApicurioRegistryBaseIT.java:154)
	at io.apicurio.tests.ApicurioRegistryBaseIT$RegistryApiErrorWatcher.logProblemDetails(ApicurioRegistryBaseIT.java:154)
	at io.apicurio.tests.ApicurioRegistryBaseIT$RegistryApiErrorWatcher.logProblemDetails(ApicurioRegistryBaseIT.java:154)
	at io.apicurio.tests.ApicurioRegistryBaseIT$RegistryApiErrorWatcher.logProblemDetails(ApicurioRegistryBaseIT.java:154)
	at io.apicurio.tests.ApicurioRegistryBaseIT$RegistryApiErrorWatcher.logProblemDetails(ApicurioRegistryBaseIT.java:154)
	at io.apicurio.tests.ApicurioRegistryBaseIT$RegistryApiErrorWatcher.logProblemDetails(ApicurioRegistryBaseIT.java:154)
	at io.apicurio.tests.ApicurioRegistryBaseIT$RegistryApiErrorWatcher.logProblemDetails(ApicurioRegistryBaseIT.java:154)
	at io.apicurio.tests.ApicurioRegistryBaseIT$RegistryApiErrorWatcher.logProblemDetails(ApicurioRegistryBaseIT.java:154)
	at io.apicurio.tests.ApicurioRegistryBaseIT$RegistryApiErrorWatcher.logProblemDetails(ApicurioRegistryBaseIT.java:154)
	at io.apicurio.tests.ApicurioRegistryBaseIT$RegistryApiErrorWatcher.logProblemDetails(ApicurioRegistryBaseIT.java:154)
	at io.apicurio.tests.ApicurioRegistryBaseIT$RegistryApiErrorWatcher.logProblemDetails(ApicurioRegistryBaseIT.java:154)
	at io.apicurio.tests.ApicurioRegistryBaseIT$RegistryApiErrorWatcher.logProblemDetails(ApicurioRegistryBaseIT.java:154)
	at io.apicurio.tests.ApicurioRegistryBaseIT$RegistryApiErrorWatcher.logProblemDetails(ApicurioRegistryBaseIT.java:154)
	at io.apicurio.tests.ApicurioRegistryBaseIT$RegistryApiErrorWatcher.logProblemDetails(ApicurioRegistryBaseIT.java:154)
	at io.apicurio.tests.ApicurioRegistryBaseIT$RegistryApiErrorWatcher.logProblemDetails(ApicurioRegistryBaseIT.java:154)
	at io.apicurio.tests.ApicurioRegistryBaseIT$RegistryApiErrorWatcher.logProblemDetails(ApicurioRegistryBaseIT.java:154)
	at io.apicurio.tests.ApicurioRegistryBaseIT$RegistryApiErrorWatcher.logProblemDetails(ApicurioRegistryBaseIT.java:154)
	at io.apicurio.tests.ApicurioRegistryBaseIT$RegistryApiErrorWatcher.logProblemDetails(ApicurioRegistryBaseIT.java:154)
	at io.apicurio.tests.ApicurioRegistryBaseIT$RegistryApiErrorWatcher.logProblemDetails(ApicurioRegistryBaseIT.java:154)
	at io.apicurio.tests.ApicurioRegistryBaseIT$RegistryApiErrorWatcher.logProblemDetails(ApicurioRegistryBaseIT.java:154)
	at io.apicurio.tests.ApicurioRegistryBaseIT$RegistryApiErrorWatcher.logProblemDetails(ApicurioRegistryBaseIT.java:154)
	at io.apicurio.tests.ApicurioRegistryBaseIT$RegistryApiErrorWatcher.logProblemDetails(ApicurioRegistryBaseIT.java:154)
	at io.apicurio.tests.ApicurioRegistryBaseIT$RegistryApiErrorWatcher.logProblemDetails(ApicurioRegistryBaseIT.java:154)
	at io.apicurio.tests.ApicurioRegistryBaseIT$RegistryApiErrorWatcher.logProblemDetails(ApicurioRegistryBaseIT.java:154)
	at io.apicurio.tests.ApicurioRegistryBaseIT$RegistryApiErrorWatcher.logProblemDetails(ApicurioRegistryBaseIT.java:154)
	at io.apicurio.tests.ApicurioRegistryBaseIT$RegistryApiErrorWatcher.logProblemDetails(ApicurioRegistryBaseIT.java:154)
	at io.apicurio.tests.ApicurioRegistryBaseIT$RegistryApiErrorWatcher.logProblemDetails(ApicurioRegistryBaseIT.java:154)
	at io.apicurio.tests.ApicurioRegistryBaseIT$RegistryApiErrorWatcher.logProblemDetails(ApicurioRegistryBaseIT.java:154)
	at io.apicurio.tests.ApicurioRegistryBaseIT$RegistryApiErrorWatcher.logProblemDetails(ApicurioRegistryBaseIT.java:154)
	at io.apicurio.tests.ApicurioRegistryBaseIT$RegistryApiErrorWatcher.logProblemDetails(ApicurioRegistryBaseIT.java:154)
	at io.apicurio.tests.ApicurioRegistryBaseIT$RegistryApiErrorWatcher.logProblemDetails(ApicurioRegistryBaseIT.java:154)
	at io.apicurio.tests.ApicurioRegistryBaseIT$RegistryApiErrorWatcher.logProblemDetails(ApicurioRegistryBaseIT.java:154)
	at io.apicurio.tests.ApicurioRegistryBaseIT$RegistryApiErrorWatcher.logProblemDetails(ApicurioRegistryBaseIT.java:154)
	at io.apicurio.tests.ApicurioRegistryBaseIT$RegistryApiErrorWatcher.logProblemDetails(ApicurioRegistryBaseIT.java:154)
	at io.apicurio.tests.ApicurioRegistryBaseIT$RegistryApiErrorWatcher.logProblemDetails(ApicurioRegistryBaseIT.java:154)
	at io.apicurio.tests.ApicurioRegistryBaseIT$RegistryApiErrorWatcher.logProblemDetails(ApicurioRegistryBaseIT.java:154)
	at io.apicurio.tests.ApicurioRegistryBaseIT$RegistryApiErrorWatcher.logProblemDetails(ApicurioRegistryBaseIT.java:154)
	at io.apicurio.tests.ApicurioRegistryBaseIT$RegistryApiErrorWatcher.logProblemDetails(ApicurioRegistryBaseIT.java:154)
	at io.apicurio.tests.ApicurioRegistryBaseIT$RegistryApiErrorWatcher.logProblemDetails(ApicurioRegistryBaseIT.java:154)
	at io.apicurio.tests.ApicurioRegistryBaseIT$RegistryApiErrorWatcher.logProblemDetails(ApicurioRegistryBaseIT.java:154)
	at io.apicurio.tests.ApicurioRegistryBaseIT$RegistryApiErrorWatcher.logProblemDetails(ApicurioRegistryBaseIT.java:154)
	at io.apicurio.tests.ApicurioRegistryBaseIT$RegistryApiErrorWatcher.logProblemDetails(ApicurioRegistryBaseIT.java:154)
	at io.apicurio.tests.ApicurioRegistryBaseIT$RegistryApiErrorWatcher.logProblemDetails(ApicurioRegistryBaseIT.java:154)
	at io.apicurio.tests.ApicurioRegistryBaseIT$RegistryApiErrorWatcher.logProblemDetails(ApicurioRegistryBaseIT.java:154)
	at io.apicurio.tests.ApicurioRegistryBaseIT$RegistryApiErrorWatcher.logProblemDetails(ApicurioRegistryBaseIT.java:154)
	at io.apicurio.tests.ApicurioRegistryBaseIT$RegistryApiErrorWatcher.logProblemDetails(ApicurioRegistryBaseIT.java:154)
	at io.apicurio.tests.ApicurioRegistryBaseIT$RegistryApiErrorWatcher.logProblemDetails(ApicurioRegistryBaseIT.java:154)
	at io.apicurio.tests.ApicurioRegistryBaseIT$RegistryApiErrorWatcher.logProblemDetails(ApicurioRegistryBaseIT.java:154)
	at io.apicurio.tests.ApicurioRegistryBaseIT$RegistryApiErrorWatcher.logProblemDetails(ApicurioRegistryBaseIT.java:154)
	at io.apicurio.tests.ApicurioRegistryBaseIT$RegistryApiErrorWatcher.logProblemDetails(ApicurioRegistryBaseIT.java:154)
	at io.apicurio.tests.ApicurioRegistryBaseIT$RegistryApiErrorWatcher.logProblemDetails(ApicurioRegistryBaseIT.java:154)
	at io.apicurio.tests.ApicurioRegistryBaseIT$RegistryApiErrorWatcher.logProblemDetails(ApicurioRegistryBaseIT.java:154)
	at io.apicurio.tests.ApicurioRegistryBaseIT$RegistryApiErrorWatcher.logProblemDetails(ApicurioRegistryBaseIT.java:154)
	at io.apicurio.tests.ApicurioRegistryBaseIT$RegistryApiErrorWatcher.logProblemDetails(ApicurioRegistryBaseIT.java:154)
	at io.apicurio.tests.ApicurioRegistryBaseIT$RegistryApiErrorWatcher.logProblemDetails(ApicurioRegistryBaseIT.java:154)
	at io.apicurio.tests.ApicurioRegistryBaseIT$RegistryApiErrorWatcher.logProblemDetails(ApicurioRegistryBaseIT.java:154)
	at io.apicurio.tests.ApicurioRegistryBaseIT$RegistryApiErrorWatcher.logProblemDetails(ApicurioRegistryBaseIT.java:154)
	at io.apicurio.tests.ApicurioRegistryBaseIT$RegistryApiErrorWatcher.logProblemDetails(ApicurioRegistryBaseIT.java:154)
	at io.apicurio.tests.ApicurioRegistryBaseIT$RegistryApiErrorWatcher.logProblemDetails(ApicurioRegistryBaseIT.java:154)
	at io.apicurio.tests.ApicurioRegistryBaseIT$RegistryApiErrorWatcher.logProblemDetails(ApicurioRegistryBaseIT.java:154)
	at io.apicurio.tests.ApicurioRegistryBaseIT$RegistryApiErrorWatcher.logProblemDetails(ApicurioRegistryBaseIT.java:154)
	at io.apicurio.tests.ApicurioRegistryBaseIT$RegistryApiErrorWatcher.logProblemDetails(ApicurioRegistryBaseIT.java:154)
	at io.apicurio.tests.ApicurioRegistryBaseIT$RegistryApiErrorWatcher.logProblemDetails(ApicurioRegistryBaseIT.java:154)
	at io.apicurio.tests.ApicurioRegistryBaseIT$RegistryApiErrorWatcher.logProblemDetails(ApicurioRegistryBaseIT.java:154)
	at io.apicurio.tests.ApicurioRegistryBaseIT$RegistryApiErrorWatcher.logProblemDetails(ApicurioRegistryBaseIT.java:154)
	at io.apicurio.tests.ApicurioRegistryBaseIT$RegistryApiErrorWatcher.logProblemDetails(ApicurioRegistryBaseIT.java:154)
	at io.apicurio.tests.ApicurioRegistryBaseIT$RegistryApiErrorWatcher.logProblemDetails(ApicurioRegistryBaseIT.java:154)
	at io.apicurio.tests.ApicurioRegistryBaseIT$RegistryApiErrorWatcher.logProblemDetails(ApicurioRegistryBaseIT.java:154)
	at io.apicurio.tests.ApicurioRegistryBaseIT$RegistryApiErrorWatcher.logProblemDetails(ApicurioRegistryBaseIT.java:154)
	at io.apicurio.tests.ApicurioRegistryBaseIT$RegistryApiErrorWatcher.logProblemDetails(ApicurioRegistryBaseIT.java:154)
	at io.apicurio.tests.ApicurioRegistryBaseIT$RegistryApiErrorWatcher.logProblemDetails(ApicurioRegistryBaseIT.java:154)
	at io.apicurio.tests.ApicurioRegistryBaseIT$RegistryApiErrorWatcher.logProblemDetails(ApicurioRegistryBaseIT.java:154)
	at io.apicurio.tests.ApicurioRegistryBaseIT$RegistryApiErrorWatcher.logProblemDetails(ApicurioRegistryBaseIT.java:154)
	at io.apicurio.tests.ApicurioRegistryBaseIT$RegistryApiErrorWatcher.logProblemDetails(ApicurioRegistryBaseIT.java:154)
	at io.apicurio.tests.ApicurioRegistryBaseIT$RegistryApiErrorWatcher.logProblemDetails(ApicurioRegistryBaseIT.java:154)
	at io.apicurio.tests.ApicurioRegistryBaseIT$RegistryApiErrorWatcher.logProblemDetails(ApicurioRegistryBaseIT.java:154)
	at io.apicurio.tests.ApicurioRegistryBaseIT$RegistryApiErrorWatcher.logProblemDetails(ApicurioRegistryBaseIT.java:154)
	at io.apicurio.tests.ApicurioRegistryBaseIT$RegistryApiErrorWatcher.logProblemDetails(ApicurioRegistryBaseIT.java:154)
	at io.apicurio.tests.ApicurioRegistryBaseIT$RegistryApiErrorWatcher.logProblemDetails(ApicurioRegistryBaseIT.java:154)
	at io.apicurio.tests.ApicurioRegistryBaseIT$RegistryApiErrorWatcher.logProblemDetails(ApicurioRegistryBaseIT.java:154)
	at io.apicurio.tests.ApicurioRegistryBaseIT$RegistryApiErrorWatcher.logProblemDetails(ApicurioRegistryBaseIT.java:154)
	at io.apicurio.tests.ApicurioRegistryBaseIT$RegistryApiErrorWatcher.logProblemDetails(ApicurioRegistryBaseIT.java:154)
	at io.apicurio.tests.ApicurioRegistryBaseIT$RegistryApiErrorWatcher.logProblemDetails(ApicurioRegistryBaseIT.java:154)
	at io.apicurio.tests.ApicurioRegistryBaseIT$RegistryApiErrorWatcher.logProblemDetails(ApicurioRegistryBaseIT.java:154)
	at io.apicurio.tests.ApicurioRegistryBaseIT$RegistryApiErrorWatcher.logProblemDetails(ApicurioRegistryBaseIT.java:154)
	at io.apicurio.tests.ApicurioRegistryBaseIT$RegistryApiErrorWatcher.logProblemDetails(ApicurioRegistryBaseIT.java:154)
	at io.apicurio.tests.ApicurioRegistryBaseIT$RegistryApiErrorWatcher.logProblemDetails(ApicurioRegistryBaseIT.java:154)
	at io.apicurio.tests.ApicurioRegistryBaseIT$RegistryApiErrorWatcher.logProblemDetails(ApicurioRegistryBaseIT.java:154)
	at io.apicurio.tests.ApicurioRegistryBaseIT$RegistryApiErrorWatcher.logProblemDetails(ApicurioRegistryBaseIT.java:154)
	at io.apicurio.tests.ApicurioRegistryBaseIT$RegistryApiErrorWatcher.logProblemDetails(ApicurioRegistryBaseIT.java:154)
	at io.apicurio.tests.ApicurioRegistryBaseIT$RegistryApiErrorWatcher.logProblemDetails(ApicurioRegistryBaseIT.java:154)
	at io.apicurio.tests.ApicurioRegistryBaseIT$RegistryApiErrorWatcher.logProblemDetails(ApicurioRegistryBaseIT.java:154)
	at io.apicurio.tests.ApicurioRegistryBaseIT$RegistryApiErrorWatcher.logProblemDetails(ApicurioRegistryBaseIT.java:154)
	at io.apicurio.tests.ApicurioRegistryBaseIT$RegistryApiErrorWatcher.logProblemDetails(ApicurioRegistryBaseIT.java:154)
	at io.apicurio.tests.ApicurioRegistryBaseIT$RegistryApiErrorWatcher.logProblemDetails(ApicurioRegistryBaseIT.java:154)
	at io.apicurio.tests.ApicurioRegistryBaseIT$RegistryApiErrorWatcher.logProblemDetails(ApicurioRegistryBaseIT.java:154)
	at io.apicurio.tests.ApicurioRegistryBaseIT$RegistryApiErrorWatcher.logProblemDetails(ApicurioRegistryBaseIT.java:154)
	at io.apicurio.tests.ApicurioRegistryBaseIT$RegistryApiErrorWatcher.logProblemDetails(ApicurioRegistryBaseIT.java:154)
	at io.apicurio.tests.ApicurioRegistryBaseIT$RegistryApiErrorWatcher.logProblemDetails(ApicurioRegistryBaseIT.java:154)
	at io.apicurio.tests.ApicurioRegistryBaseIT$RegistryApiErrorWatcher.logProblemDetails(ApicurioRegistryBaseIT.java:154)
	at io.apicurio.tests.ApicurioRegistryBaseIT$RegistryApiErrorWatcher.logProblemDetails(ApicurioRegistryBaseIT.java:154)
	at io.apicurio.tests.ApicurioRegistryBaseIT$RegistryApiErrorWatcher.logProblemDetails(ApicurioRegistryBaseIT.java:154)
	at io.apicurio.tests.ApicurioRegistryBaseIT$RegistryApiErrorWatcher.logProblemDetails(ApicurioRegistryBaseIT.java:154)
	at io.apicurio.tests.ApicurioRegistryBaseIT$RegistryApiErrorWatcher.logProblemDetails(ApicurioRegistryBaseIT.java:154)
	at io.apicurio.tests.ApicurioRegistryBaseIT$RegistryApiErrorWatcher.logProblemDetails(ApicurioRegistryBaseIT.java:154)
	at io.apicurio.tests.ApicurioRegistryBaseIT$RegistryApiErrorWatcher.logProblemDetails(ApicurioRegistryBaseIT.java:154)
	at io.apicurio.tests.ApicurioRegistryBaseIT$RegistryApiErrorWatcher.logProblemDetails(ApicurioRegistryBaseIT.java:154)
	at io.apicurio.tests.ApicurioRegistryBaseIT$RegistryApiErrorWatcher.logProblemDetails(ApicurioRegistryBaseIT.java:154)
	at io.apicurio.tests.ApicurioRegistryBaseIT$RegistryApiErrorWatcher.logProblemDetails(ApicurioRegistryBaseIT.java:154)
	at io.apicurio.tests.ApicurioRegistryBaseIT$RegistryApiErrorWatcher.logProblemDetails(ApicurioRegistryBaseIT.java:154)
	at io.apicurio.tests.ApicurioRegistryBaseIT$RegistryApiErrorWatcher.logProblemDetails(ApicurioRegistryBaseIT.java:154)
	at io.apicurio.tests.ApicurioRegistryBaseIT$RegistryApiErrorWatcher.logProblemDetails(ApicurioRegistryBaseIT.java:154)
	at io.apicurio.tests.ApicurioRegistryBaseIT$RegistryApiErrorWatcher.logProblemDetails(ApicurioRegistryBaseIT.java:154)
	at io.apicurio.tests.ApicurioRegistryBaseIT$RegistryApiErrorWatcher.logProblemDetails(ApicurioRegistryBaseIT.java:154)
	at io.apicurio.tests.ApicurioRegistryBaseIT$RegistryApiErrorWatcher.logProblemDetails(ApicurioRegistryBaseIT.java:154)
	at io.apicurio.tests.ApicurioRegistryBaseIT$RegistryApiErrorWatcher.logProblemDetails(ApicurioRegistryBaseIT.java:154)
	at io.apicurio.tests.ApicurioRegistryBaseIT$RegistryApiErrorWatcher.logProblemDetails(ApicurioRegistryBaseIT.java:154)
	at io.apicurio.tests.ApicurioRegistryBaseIT$RegistryApiErrorWatcher.logProblemDetails(ApicurioRegistryBaseIT.java:154)
	at io.apicurio.tests.ApicurioRegistryBaseIT$RegistryApiErrorWatcher.logProblemDetails(ApicurioRegistryBaseIT.java:154)
	at io.apicurio.tests.ApicurioRegistryBaseIT$RegistryApiErrorWatcher.logProblemDetails(ApicurioRegistryBaseIT.java:154)
	at io.apicurio.tests.ApicurioRegistryBaseIT$RegistryApiErrorWatcher.logProblemDetails(ApicurioRegistryBaseIT.java:154)
	at io.apicurio.tests.ApicurioRegistryBaseIT$RegistryApiErrorWatcher.logProblemDetails(ApicurioRegistryBaseIT.java:154)
	at io.apicurio.tests.ApicurioRegistryBaseIT$RegistryApiErrorWatcher.logProblemDetails(ApicurioRegistryBaseIT.java:154)
	at io.apicurio.tests.ApicurioRegistryBaseIT$RegistryApiErrorWatcher.logProblemDetails(ApicurioRegistryBaseIT.java:154)
	at io.apicurio.tests.ApicurioRegistryBaseIT$RegistryApiErrorWatcher.logProblemDetails(ApicurioRegistryBaseIT.java:154)
	at io.apicurio.tests.ApicurioRegistryBaseIT$RegistryApiErrorWatcher.logProblemDetails(ApicurioRegistryBaseIT.java:154)
	at io.apicurio.tests.ApicurioRegistryBaseIT$RegistryApiErrorWatcher.logProblemDetails(ApicurioRegistryBaseIT.java:154)
	at io.apicurio.tests.ApicurioRegistryBaseIT$RegistryApiErrorWatcher.logProblemDetails(ApicurioRegistryBaseIT.java:154)
	at io.apicurio.tests.ApicurioRegistryBaseIT$RegistryApiErrorWatcher.logProblemDetails(ApicurioRegistryBaseIT.java:154)
	at io.apicurio.tests.ApicurioRegistryBaseIT$RegistryApiErrorWatcher.logProblemDetails(ApicurioRegistryBaseIT.java:154)
	at io.apicurio.tests.ApicurioRegistryBaseIT$RegistryApiErrorWatcher.logProblemDetails(ApicurioRegistryBaseIT.java:154)
	at io.apicurio.tests.ApicurioRegistryBaseIT$RegistryApiErrorWatcher.logProblemDetails(ApicurioRegistryBaseIT.java:154)
	at io.apicurio.tests.ApicurioRegistryBaseIT$RegistryApiErrorWatcher.logProblemDetails(ApicurioRegistryBaseIT.java:154)
	at io.apicurio.tests.ApicurioRegistryBaseIT$RegistryApiErrorWatcher.logProblemDetails(ApicurioRegistryBaseIT.java:154)
	at io.apicurio.tests.ApicurioRegistryBaseIT$RegistryApiErrorWatcher.logProblemDetails(ApicurioRegistryBaseIT.java:154)
	at io.apicurio.tests.ApicurioRegistryBaseIT$RegistryApiErrorWatcher.logProblemDetails(ApicurioRegistryBaseIT.java:154)
	at io.apicurio.tests.ApicurioRegistryBaseIT$RegistryApiErrorWatcher.logProblemDetails(ApicurioRegistryBaseIT.java:154)
	at io.apicurio.tests.ApicurioRegistryBaseIT$RegistryApiErrorWatcher.logProblemDetails(ApicurioRegistryBaseIT.java:154)
	at io.apicurio.tests.ApicurioRegistryBaseIT$RegistryApiErrorWatcher.logProblemDetails(ApicurioRegistryBaseIT.java:154)
	at io.apicurio.tests.ApicurioRegistryBaseIT$RegistryApiErrorWatcher.logProblemDetails(ApicurioRegistryBaseIT.java:154)
	at io.apicurio.tests.ApicurioRegistryBaseIT$RegistryApiErrorWatcher.logProblemDetails(ApicurioRegistryBaseIT.java:154)
	at io.apicurio.tests.ApicurioRegistryBaseIT$RegistryApiErrorWatcher.logProblemDetails(ApicurioRegistryBaseIT.java:154)
	at io.apicurio.tests.ApicurioRegistryBaseIT$RegistryApiErrorWatcher.logProblemDetails(ApicurioRegistryBaseIT.java:154)
	at io.apicurio.tests.ApicurioRegistryBaseIT$RegistryApiErrorWatcher.logProblemDetails(ApicurioRegistryBaseIT.java:154)
	at io.apicurio.tests.ApicurioRegistryBaseIT$RegistryApiErrorWatcher.logProblemDetails(ApicurioRegistryBaseIT.java:154)
	at io.apicurio.tests.ApicurioRegistryBaseIT$RegistryApiErrorWatcher.logProblemDetails(ApicurioRegistryBaseIT.java:154)
	at io.apicurio.tests.ApicurioRegistryBaseIT$RegistryApiErrorWatcher.logProblemDetails(ApicurioRegistryBaseIT.java:154)
	at io.apicurio.tests.ApicurioRegistryBaseIT$RegistryApiErrorWatcher.logProblemDetails(ApicurioRegistryBaseIT.java:154)
	at io.apicurio.tests.ApicurioRegistryBaseIT$RegistryApiErrorWatcher.logProblemDetails(ApicurioRegistryBaseIT.java:154)
	at io.apicurio.tests.ApicurioRegistryBaseIT$RegistryApiErrorWatcher.logProblemDetails(ApicurioRegistryBaseIT.java:154)
	at io.apicurio.tests.ApicurioRegistryBaseIT$RegistryApiErrorWatcher.logProblemDetails(ApicurioRegistryBaseIT.java:154)
	at io.apicurio.tests.ApicurioRegistryBaseIT$RegistryApiErrorWatcher.logProblemDetails(ApicurioRegistryBaseIT.java:154)
	at io.apicurio.tests.ApicurioRegistryBaseIT$RegistryApiErrorWatcher.logProblemDetails(ApicurioRegistryBaseIT.java:154)
	at io.apicurio.tests.ApicurioRegistryBaseIT$RegistryApiErrorWatcher.logProblemDetails(ApicurioRegistryBaseIT.java:154)
	at io.apicurio.tests.ApicurioRegistryBaseIT$RegistryApiErrorWatcher.logProblemDetails(ApicurioRegistryBaseIT.java:154)
	at io.apicurio.tests.ApicurioRegistryBaseIT$RegistryApiErrorWatcher.logProblemDetails(ApicurioRegistryBaseIT.java:154)
	at io.apicurio.tests.ApicurioRegistryBaseIT$RegistryApiErrorWatcher.logProblemDetails(ApicurioRegistryBaseIT.java:154)
	at io.apicurio.tests.ApicurioRegistryBaseIT$RegistryApiErrorWatcher.logProblemDetails(ApicurioRegistryBaseIT.java:154)
	at io.apicurio.tests.ApicurioRegistryBaseIT$RegistryApiErrorWatcher.logProblemDetails(ApicurioRegistryBaseIT.java:154)
	at io.apicurio.tests.ApicurioRegistryBaseIT$RegistryApiErrorWatcher.logProblemDetails(ApicurioRegistryBaseIT.java:154)
	at io.apicurio.tests.ApicurioRegistryBaseIT$RegistryApiErrorWatcher.logProblemDetails(ApicurioRegistryBaseIT.java:154)
	at io.apicurio.tests.ApicurioRegistryBaseIT$RegistryApiErrorWatcher.logProblemDetails(ApicurioRegistryBaseIT.java:154)
	at io.apicurio.tests.ApicurioRegistryBaseIT$RegistryApiErrorWatcher.logProblemDetails(ApicurioRegistryBaseIT.java:154)
	at io.apicurio.tests.ApicurioRegistryBaseIT$RegistryApiErrorWatcher.logProblemDetails(ApicurioRegistryBaseIT.java:154)
	at io.apicurio.tests.ApicurioRegistryBaseIT$RegistryApiErrorWatcher.logProblemDetails(ApicurioRegistryBaseIT.java:154)
	at io.apicurio.tests.ApicurioRegistryBaseIT$RegistryApiErrorWatcher.logProblemDetails(ApicurioRegistryBaseIT.java:154)
	at io.apicurio.tests.ApicurioRegistryBaseIT$RegistryApiErrorWatcher.logProblemDetails(ApicurioRegistryBaseIT.java:154)
	at io.apicurio.tests.ApicurioRegistryBaseIT$RegistryApiErrorWatcher.logProblemDetails(ApicurioRegistryBaseIT.java:154)
	at io.apicurio.tests.ApicurioRegistryBaseIT$RegistryApiErrorWatcher.logProblemDetails(ApicurioRegistryBaseIT.java:154)
	at io.apicurio.tests.ApicurioRegistryBaseIT$RegistryApiErrorWatcher.logProblemDetails(ApicurioRegistryBaseIT.java:154)
	at io.apicurio.tests.ApicurioRegistryBaseIT$RegistryApiErrorWatcher.logProblemDetails(ApicurioRegistryBaseIT.java:154)
	at io.apicurio.tests.ApicurioRegistryBaseIT$RegistryApiErrorWatcher.logProblemDetails(ApicurioRegistryBaseIT.java:154)
	at io.apicurio.tests.ApicurioRegistryBaseIT$RegistryApiErrorWatcher.logProblemDetails(ApicurioRegistryBaseIT.java:154)
	at io.apicurio.tests.ApicurioRegistryBaseIT$RegistryApiErrorWatcher.logProblemDetails(ApicurioRegistryBaseIT.java:154)
	at io.apicurio.tests.ApicurioRegistryBaseIT$RegistryApiErrorWatcher.logProblemDetails(ApicurioRegistryBaseIT.java:154)
	at io.apicurio.tests.ApicurioRegistryBaseIT$RegistryApiErrorWatcher.logProblemDetails(ApicurioRegistryBaseIT.java:154)
	at io.apicurio.tests.ApicurioRegistryBaseIT$RegistryApiErrorWatcher.logProblemDetails(ApicurioRegistryBaseIT.java:154)
	at io.apicurio.tests.ApicurioRegistryBaseIT$RegistryApiErrorWatcher.logProblemDetails(ApicurioRegistryBaseIT.java:154)
	at io.apicurio.tests.ApicurioRegistryBaseIT$RegistryApiErrorWatcher.logProblemDetails(ApicurioRegistryBaseIT.java:154)
	at io.apicurio.tests.ApicurioRegistryBaseIT$RegistryApiErrorWatcher.logProblemDetails(ApicurioRegistryBaseIT.java:154)
	at io.apicurio.tests.ApicurioRegistryBaseIT$RegistryApiErrorWatcher.logProblemDetails(ApicurioRegistryBaseIT.java:154)
	at io.apicurio.tests.ApicurioRegistryBaseIT$RegistryApiErrorWatcher.logProblemDetails(ApicurioRegistryBaseIT.java:154)
	at io.apicurio.tests.ApicurioRegistryBaseIT$RegistryApiErrorWatcher.logProblemDetails(ApicurioRegistryBaseIT.java:154)
	at io.apicurio.tests.ApicurioRegistryBaseIT$RegistryApiErrorWatcher.logProblemDetails(ApicurioRegistryBaseIT.java:154)
	at io.apicurio.tests.ApicurioRegistryBaseIT$RegistryApiErrorWatcher.logProblemDetails(ApicurioRegistryBaseIT.java:154)
	at io.apicurio.tests.ApicurioRegistryBaseIT$RegistryApiErrorWatcher.logProblemDetails(ApicurioRegistryBaseIT.java:154)
	at io.apicurio.tests.ApicurioRegistryBaseIT$RegistryApiErrorWatcher.logProblemDetails(ApicurioRegistryBaseIT.java:154)
	at io.apicurio.tests.ApicurioRegistryBaseIT$RegistryApiErrorWatcher.logProblemDetails(ApicurioRegistryBaseIT.java:154)
	at io.apicurio.tests.ApicurioRegistryBaseIT$RegistryApiErrorWatcher.logProblemDetails(ApicurioRegistryBaseIT.java:154)
	at io.apicurio.tests.ApicurioRegistryBaseIT$RegistryApiErrorWatcher.logProblemDetails(ApicurioRegistryBaseIT.java:154)
	at io.apicurio.tests.ApicurioRegistryBaseIT$RegistryApiErrorWatcher.logProblemDetails(ApicurioRegistryBaseIT.java:154)
	at io.apicurio.tests.ApicurioRegistryBaseIT$RegistryApiErrorWatcher.logProblemDetails(ApicurioRegistryBaseIT.java:154)
	at io.apicurio.tests.ApicurioRegistryBaseIT$RegistryApiErrorWatcher.logProblemDetails(ApicurioRegistryBaseIT.java:154)
	at io.apicurio.tests.ApicurioRegistryBaseIT$RegistryApiErrorWatcher.logProblemDetails(ApicurioRegistryBaseIT.java:154)
	at io.apicurio.tests.ApicurioRegistryBaseIT$RegistryApiErrorWatcher.logProblemDetails(ApicurioRegistryBaseIT.java:154)
	at io.apicurio.tests.ApicurioRegistryBaseIT$RegistryApiErrorWatcher.logProblemDetails(ApicurioRegistryBaseIT.java:154)
	at io.apicurio.tests.ApicurioRegistryBaseIT$RegistryApiErrorWatcher.logProblemDetails(ApicurioRegistryBaseIT.java:154)
	at io.apicurio.tests.ApicurioRegistryBaseIT$RegistryApiErrorWatcher.logProblemDetails(ApicurioRegistryBaseIT.java:154)
	at io.apicurio.tests.ApicurioRegistryBaseIT$RegistryApiErrorWatcher.logProblemDetails(ApicurioRegistryBaseIT.java:154)
	at io.apicurio.tests.ApicurioRegistryBaseIT$RegistryApiErrorWatcher.logProblemDetails(ApicurioRegistryBaseIT.java:154)
	at io.apicurio.tests.ApicurioRegistryBaseIT$RegistryApiErrorWatcher.logProblemDetails(ApicurioRegistryBaseIT.java:154)
	at io.apicurio.tests.ApicurioRegistryBaseIT$RegistryApiErrorWatcher.logProblemDetails(ApicurioRegistryBaseIT.java:154)
	at io.apicurio.tests.ApicurioRegistryBaseIT$RegistryApiErrorWatcher.logProblemDetails(ApicurioRegistryBaseIT.java:154)
	at io.apicurio.tests.ApicurioRegistryBaseIT$RegistryApiErrorWatcher.logProblemDetails(ApicurioRegistryBaseIT.java:154)
	at io.apicurio.tests.ApicurioRegistryBaseIT$RegistryApiErrorWatcher.logProblemDetails(ApicurioRegistryBaseIT.java:154)
	at io.apicurio.tests.ApicurioRegistryBaseIT$RegistryApiErrorWatcher.logProblemDetails(ApicurioRegistryBaseIT.java:154)
	at io.apicurio.tests.ApicurioRegistryBaseIT$RegistryApiErrorWatcher.logProblemDetails(ApicurioRegistryBaseIT.java:154)
	at io.apicurio.tests.ApicurioRegistryBaseIT$RegistryApiErrorWatcher.logProblemDetails(ApicurioRegistryBaseIT.java:154)
	at io.apicurio.tests.ApicurioRegistryBaseIT$RegistryApiErrorWatcher.logProblemDetails(ApicurioRegistryBaseIT.java:154)
	at io.apicurio.tests.ApicurioRegistryBaseIT$RegistryApiErrorWatcher.logProblemDetails(ApicurioRegistryBaseIT.java:154)
	at io.apicurio.tests.ApicurioRegistryBaseIT$RegistryApiErrorWatcher.logProblemDetails(ApicurioRegistryBaseIT.java:154)
	at io.apicurio.tests.ApicurioRegistryBaseIT$RegistryApiErrorWatcher.logProblemDetails(ApicurioRegistryBaseIT.java:154)
	at io.apicurio.tests.ApicurioRegistryBaseIT$RegistryApiErrorWatcher.logProblemDetails(ApicurioRegistryBaseIT.java:154)
	at io.apicurio.tests.ApicurioRegistryBaseIT$RegistryApiErrorWatcher.logProblemDetails(ApicurioRegistryBaseIT.java:154)
	at io.apicurio.tests.ApicurioRegistryBaseIT$RegistryApiErrorWatcher.logProblemDetails(ApicurioRegistryBaseIT.java:154)
	at io.apicurio.tests.ApicurioRegistryBaseIT$RegistryApiErrorWatcher.logProblemDetails(ApicurioRegistryBaseIT.java:154)
	at io.apicurio.tests.ApicurioRegistryBaseIT$RegistryApiErrorWatcher.logProblemDetails(ApicurioRegistryBaseIT.java:154)
	at io.apicurio.tests.ApicurioRegistryBaseIT$RegistryApiErrorWatcher.logProblemDetails(ApicurioRegistryBaseIT.java:154)
	at io.apicurio.tests.ApicurioRegistryBaseIT$RegistryApiErrorWatcher.logProblemDetails(ApicurioRegistryBaseIT.java:154)
	at io.apicurio.tests.ApicurioRegistryBaseIT$RegistryApiErrorWatcher.logProblemDetails(ApicurioRegistryBaseIT.java:154)
	at io.apicurio.tests.ApicurioRegistryBaseIT$RegistryApiErrorWatcher.logProblemDetails(ApicurioRegistryBaseIT.java:154)
	at io.apicurio.tests.ApicurioRegistryBaseIT$RegistryApiErrorWatcher.logProblemDetails(ApicurioRegistryBaseIT.java:154)
	at io.apicurio.tests.ApicurioRegistryBaseIT$RegistryApiErrorWatcher.logProblemDetails(ApicurioRegistryBaseIT.java:154)
	at io.apicurio.tests.ApicurioRegistryBaseIT$RegistryApiErrorWatcher.logProblemDetails(ApicurioRegistryBaseIT.java:154)
	at io.apicurio.tests.ApicurioRegistryBaseIT$RegistryApiErrorWatcher.logProblemDetails(ApicurioRegistryBaseIT.java:154)
	at io.apicurio.tests.ApicurioRegistryBaseIT$RegistryApiErrorWatcher.logProblemDetails(ApicurioRegistryBaseIT.java:154)
	at io.apicurio.tests.ApicurioRegistryBaseIT$RegistryApiErrorWatcher.logProblemDetails(ApicurioRegistryBaseIT.java:154)
	at io.apicurio.tests.ApicurioRegistryBaseIT$RegistryApiErrorWatcher.logProblemDetails(ApicurioRegistryBaseIT.java:154)
	at io.apicurio.tests.ApicurioRegistryBaseIT$RegistryApiErrorWatcher.logProblemDetails(ApicurioRegistryBaseIT.java:154)
	at io.apicurio.tests.ApicurioRegistryBaseIT$RegistryApiErrorWatcher.logProblemDetails(ApicurioRegistryBaseIT.java:154)
	at io.apicurio.tests.ApicurioRegistryBaseIT$RegistryApiErrorWatcher.logProblemDetails(ApicurioRegistryBaseIT.java:154)
	at io.apicurio.tests.ApicurioRegistryBaseIT$RegistryApiErrorWatcher.logProblemDetails(ApicurioRegistryBaseIT.java:154)
	at io.apicurio.tests.ApicurioRegistryBaseIT$RegistryApiErrorWatcher.logProblemDetails(ApicurioRegistryBaseIT.java:154)
	at io.apicurio.tests.ApicurioRegistryBaseIT$RegistryApiErrorWatcher.logProblemDetails(ApicurioRegistryBaseIT.java:154)
	at io.apicurio.tests.ApicurioRegistryBaseIT$RegistryApiErrorWatcher.logProblemDetails(ApicurioRegistryBaseIT.java:154)
	at io.apicurio.tests.ApicurioRegistryBaseIT$RegistryApiErrorWatcher.logProblemDetails(ApicurioRegistryBaseIT.java:154)
	at io.apicurio.tests.ApicurioRegistryBaseIT$RegistryApiErrorWatcher.logProblemDetails(ApicurioRegistryBaseIT.java:154)
	at io.apicurio.tests.ApicurioRegistryBaseIT$RegistryApiErrorWatcher.logProblemDetails(ApicurioRegistryBaseIT.java:154)
	at io.apicurio.tests.ApicurioRegistryBaseIT$RegistryApiErrorWatcher.logProblemDetails(ApicurioRegistryBaseIT.java:154)
	at io.apicurio.tests.ApicurioRegistryBaseIT$RegistryApiErrorWatcher.logProblemDetails(ApicurioRegistryBaseIT.java:154)
	at io.apicurio.tests.ApicurioRegistryBaseIT$RegistryApiErrorWatcher.logProblemDetails(ApicurioRegistryBaseIT.java:154)
	at io.apicurio.tests.ApicurioRegistryBaseIT$RegistryApiErrorWatcher.logProblemDetails(ApicurioRegistryBaseIT.java:154)
	at io.apicurio.tests.ApicurioRegistryBaseIT$RegistryApiErrorWatcher.logProblemDetails(ApicurioRegistryBaseIT.java:154)
	at io.apicurio.tests.ApicurioRegistryBaseIT$RegistryApiErrorWatcher.logProblemDetails(ApicurioRegistryBaseIT.java:154)
	at io.apicurio.tests.ApicurioRegistryBaseIT$RegistryApiErrorWatcher.logProblemDetails(ApicurioRegistryBaseIT.java:154)
	at io.apicurio.tests.ApicurioRegistryBaseIT$RegistryApiErrorWatcher.logProblemDetails(ApicurioRegistryBaseIT.java:154)
	at io.apicurio.tests.ApicurioRegistryBaseIT$RegistryApiErrorWatcher.logProblemDetails(ApicurioRegistryBaseIT.java:154)
	at io.apicurio.tests.ApicurioRegistryBaseIT$RegistryApiErrorWatcher.logProblemDetails(ApicurioRegistryBaseIT.java:154)
	at io.apicurio.tests.ApicurioRegistryBaseIT$RegistryApiErrorWatcher.logProblemDetails(ApicurioRegistryBaseIT.java:154)
	at io.apicurio.tests.ApicurioRegistryBaseIT$RegistryApiErrorWatcher.logProblemDetails(ApicurioRegistryBaseIT.java:154)
	at io.apicurio.tests.ApicurioRegistryBaseIT$RegistryApiErrorWatcher.logProblemDetails(ApicurioRegistryBaseIT.java:154)
	at io.apicurio.tests.ApicurioRegistryBaseIT$RegistryApiErrorWatcher.logProblemDetails(ApicurioRegistryBaseIT.java:154)
	at io.apicurio.tests.ApicurioRegistryBaseIT$RegistryApiErrorWatcher.logProblemDetails(ApicurioRegistryBaseIT.java:154)
	at io.apicurio.tests.ApicurioRegistryBaseIT$RegistryApiErrorWatcher.logProblemDetails(ApicurioRegistryBaseIT.java:154)
	at io.apicurio.tests.ApicurioRegistryBaseIT$RegistryApiErrorWatcher.logProblemDetails(ApicurioRegistryBaseIT.java:154)
	at io.apicurio.tests.ApicurioRegistryBaseIT$RegistryApiErrorWatcher.logProblemDetails(ApicurioRegistryBaseIT.java:154)
	at io.apicurio.tests.ApicurioRegistryBaseIT$RegistryApiErrorWatcher.logProblemDetails(ApicurioRegistryBaseIT.java:154)
	at io.apicurio.tests.ApicurioRegistryBaseIT$RegistryApiErrorWatcher.logProblemDetails(ApicurioRegistryBaseIT.java:154)
	at io.apicurio.tests.ApicurioRegistryBaseIT$RegistryApiErrorWatcher.logProblemDetails(ApicurioRegistryBaseIT.java:154)
	at io.apicurio.tests.ApicurioRegistryBaseIT$RegistryApiErrorWatcher.logProblemDetails(ApicurioRegistryBaseIT.java:154)
	at io.apicurio.tests.ApicurioRegistryBaseIT$RegistryApiErrorWatcher.logProblemDetails(ApicurioRegistryBaseIT.java:154)
	at io.apicurio.tests.ApicurioRegistryBaseIT$RegistryApiErrorWatcher.logProblemDetails(ApicurioRegistryBaseIT.java:154)
	at io.apicurio.tests.ApicurioRegistryBaseIT$RegistryApiErrorWatcher.logProblemDetails(ApicurioRegistryBaseIT.java:154)
	at io.apicurio.tests.ApicurioRegistryBaseIT$RegistryApiErrorWatcher.logProblemDetails(ApicurioRegistryBaseIT.java:154)
	at io.apicurio.tests.ApicurioRegistryBaseIT$RegistryApiErrorWatcher.logProblemDetails(ApicurioRegistryBaseIT.java:154)
	at io.apicurio.tests.ApicurioRegistryBaseIT$RegistryApiErrorWatcher.logProblemDetails(ApicurioRegistryBaseIT.java:154)
	at io.apicurio.tests.ApicurioRegistryBaseIT$RegistryApiErrorWatcher.logProblemDetails(ApicurioRegistryBaseIT.java:154)
	at io.apicurio.tests.ApicurioRegistryBaseIT$RegistryApiErrorWatcher.logProblemDetails(ApicurioRegistryBaseIT.java:154)
	at io.apicurio.tests.ApicurioRegistryBaseIT$RegistryApiErrorWatcher.logProblemDetails(ApicurioRegistryBaseIT.java:154)
	at io.apicurio.tests.ApicurioRegistryBaseIT$RegistryApiErrorWatcher.logProblemDetails(ApicurioRegistryBaseIT.java:154)
	at io.apicurio.tests.ApicurioRegistryBaseIT$RegistryApiErrorWatcher.logProblemDetails(ApicurioRegistryBaseIT.java:154)
	at io.apicurio.tests.ApicurioRegistryBaseIT$RegistryApiErrorWatcher.logProblemDetails(ApicurioRegistryBaseIT.java:154)
	at io.apicurio.tests.ApicurioRegistryBaseIT$RegistryApiErrorWatcher.logProblemDetails(ApicurioRegistryBaseIT.java:154)
	at io.apicurio.tests.ApicurioRegistryBaseIT$RegistryApiErrorWatcher.logProblemDetails(ApicurioRegistryBaseIT.java:154)
	at io.apicurio.tests.ApicurioRegistryBaseIT$RegistryApiErrorWatcher.logProblemDetails(ApicurioRegistryBaseIT.java:154)
	at io.apicurio.tests.ApicurioRegistryBaseIT$RegistryApiErrorWatcher.logProblemDetails(ApicurioRegistryBaseIT.java:154)
	at io.apicurio.tests.ApicurioRegistryBaseIT$RegistryApiErrorWatcher.logProblemDetails(ApicurioRegistryBaseIT.java:154)
	at io.apicurio.tests.ApicurioRegistryBaseIT$RegistryApiErrorWatcher.logProblemDetails(ApicurioRegistryBaseIT.java:154)
	at io.apicurio.tests.ApicurioRegistryBaseIT$RegistryApiErrorWatcher.logProblemDetails(ApicurioRegistryBaseIT.java:154)
	at io.apicurio.tests.ApicurioRegistryBaseIT$RegistryApiErrorWatcher.logProblemDetails(ApicurioRegistryBaseIT.java:154)
	at io.apicurio.tests.ApicurioRegistryBaseIT$RegistryApiErrorWatcher.logProblemDetails(ApicurioRegistryBaseIT.java:154)
	at io.apicurio.tests.ApicurioRegistryBaseIT$RegistryApiErrorWatcher.logProblemDetails(ApicurioRegistryBaseIT.java:154)
	at io.apicurio.tests.ApicurioRegistryBaseIT$RegistryApiErrorWatcher.logProblemDetails(ApicurioRegistryBaseIT.java:154)
	at io.apicurio.tests.ApicurioRegistryBaseIT$RegistryApiErrorWatcher.logProblemDetails(ApicurioRegistryBaseIT.java:154)
	at io.apicurio.tests.ApicurioRegistryBaseIT$RegistryApiErrorWatcher.logProblemDetails(ApicurioRegistryBaseIT.java:154)
	at io.apicurio.tests.ApicurioRegistryBaseIT$RegistryApiErrorWatcher.logProblemDetails(ApicurioRegistryBaseIT.java:154)
	at io.apicurio.tests.ApicurioRegistryBaseIT$RegistryApiErrorWatcher.logProblemDetails(ApicurioRegistryBaseIT.java:154)
	at io.apicurio.tests.ApicurioRegistryBaseIT$RegistryApiErrorWatcher.logProblemDetails(ApicurioRegistryBaseIT.java:154)
	at io.apicurio.tests.ApicurioRegistryBaseIT$RegistryApiErrorWatcher.logProblemDetails(ApicurioRegistryBaseIT.java:154)
	at io.apicurio.tests.ApicurioRegistryBaseIT$RegistryApiErrorWatcher.logProblemDetails(ApicurioRegistryBaseIT.java:154)
	at io.apicurio.tests.ApicurioRegistryBaseIT$RegistryApiErrorWatcher.logProblemDetails(ApicurioRegistryBaseIT.java:154)
	at io.apicurio.tests.ApicurioRegistryBaseIT$RegistryApiErrorWatcher.logProblemDetails(ApicurioRegistryBaseIT.java:154)
	at io.apicurio.tests.ApicurioRegistryBaseIT$RegistryApiErrorWatcher.logProblemDetails(ApicurioRegistryBaseIT.java:154)
	at io.apicurio.tests.ApicurioRegistryBaseIT$RegistryApiErrorWatcher.logProblemDetails(ApicurioRegistryBaseIT.java:154)
	at io.apicurio.tests.ApicurioRegistryBaseIT$RegistryApiErrorWatcher.logProblemDetails(ApicurioRegistryBaseIT.java:154)
	at io.apicurio.tests.ApicurioRegistryBaseIT$RegistryApiErrorWatcher.logProblemDetails(ApicurioRegistryBaseIT.java:154)
	at io.apicurio.tests.ApicurioRegistryBaseIT$RegistryApiErrorWatcher.logProblemDetails(ApicurioRegistryBaseIT.java:154)
	at io.apicurio.tests.ApicurioRegistryBaseIT$RegistryApiErrorWatcher.logProblemDetails(ApicurioRegistryBaseIT.java:154)
	at io.apicurio.tests.ApicurioRegistryBaseIT$RegistryApiErrorWatcher.logProblemDetails(ApicurioRegistryBaseIT.java:154)
	at io.apicurio.tests.ApicurioRegistryBaseIT$RegistryApiErrorWatcher.logProblemDetails(ApicurioRegistryBaseIT.java:154)
	at io.apicurio.tests.ApicurioRegistryBaseIT$RegistryApiErrorWatcher.logProblemDetails(ApicurioRegistryBaseIT.java:154)
	at io.apicurio.tests.ApicurioRegistryBaseIT$RegistryApiErrorWatcher.logProblemDetails(ApicurioRegistryBaseIT.java:154)
	at io.apicurio.tests.ApicurioRegistryBaseIT$RegistryApiErrorWatcher.logProblemDetails(ApicurioRegistryBaseIT.java:154)
	at io.apicurio.tests.ApicurioRegistryBaseIT$RegistryApiErrorWatcher.logProblemDetails(ApicurioRegistryBaseIT.java:154)
	at io.apicurio.tests.ApicurioRegistryBaseIT$RegistryApiErrorWatcher.logProblemDetails(ApicurioRegistryBaseIT.java:154)
	at io.apicurio.tests.ApicurioRegistryBaseIT$RegistryApiErrorWatcher.logProblemDetails(ApicurioRegistryBaseIT.java:154)
	at io.apicurio.tests.ApicurioRegistryBaseIT$RegistryApiErrorWatcher.logProblemDetails(ApicurioRegistryBaseIT.java:154)
	at io.apicurio.tests.ApicurioRegistryBaseIT$RegistryApiErrorWatcher.logProblemDetails(ApicurioRegistryBaseIT.java:154)
	at io.apicurio.tests.ApicurioRegistryBaseIT$RegistryApiErrorWatcher.logProblemDetails(ApicurioRegistryBaseIT.java:154)
	at io.apicurio.tests.ApicurioRegistryBaseIT$RegistryApiErrorWatcher.logProblemDetails(ApicurioRegistryBaseIT.java:154)
	at io.apicurio.tests.ApicurioRegistryBaseIT$RegistryApiErrorWatcher.logProblemDetails(ApicurioRegistryBaseIT.java:154)
	at io.apicurio.tests.ApicurioRegistryBaseIT$RegistryApiErrorWatcher.logProblemDetails(ApicurioRegistryBaseIT.java:154)
	at io.apicurio.tests.ApicurioRegistryBaseIT$RegistryApiErrorWatcher.logProblemDetails(ApicurioRegistryBaseIT.java:154)
	at io.apicurio.tests.ApicurioRegistryBaseIT$RegistryApiErrorWatcher.logProblemDetails(ApicurioRegistryBaseIT.java:154)
	at io.apicurio.tests.ApicurioRegistryBaseIT$RegistryApiErrorWatcher.logProblemDetails(ApicurioRegistryBaseIT.java:154)
	at io.apicurio.tests.ApicurioRegistryBaseIT$RegistryApiErrorWatcher.logProblemDetails(ApicurioRegistryBaseIT.java:154)
	at io.apicurio.tests.ApicurioRegistryBaseIT$RegistryApiErrorWatcher.logProblemDetails(ApicurioRegistryBaseIT.java:154)
	at io.apicurio.tests.ApicurioRegistryBaseIT$RegistryApiErrorWatcher.logProblemDetails(ApicurioRegistryBaseIT.java:154)
	at io.apicurio.tests.ApicurioRegistryBaseIT$RegistryApiErrorWatcher.logProblemDetails(ApicurioRegistryBaseIT.java:154)
	at io.apicurio.tests.ApicurioRegistryBaseIT$RegistryApiErrorWatcher.logProblemDetails(ApicurioRegistryBaseIT.java:154)
	at io.apicurio.tests.ApicurioRegistryBaseIT$RegistryApiErrorWatcher.logProblemDetails(ApicurioRegistryBaseIT.java:154)
	at io.apicurio.tests.ApicurioRegistryBaseIT$RegistryApiErrorWatcher.logProblemDetails(ApicurioRegistryBaseIT.java:154)
	at io.apicurio.tests.ApicurioRegistryBaseIT$RegistryApiErrorWatcher.logProblemDetails(ApicurioRegistryBaseIT.java:154)
	at io.apicurio.tests.ApicurioRegistryBaseIT$RegistryApiErrorWatcher.logProblemDetails(ApicurioRegistryBaseIT.java:154)
	at io.apicurio.tests.ApicurioRegistryBaseIT$RegistryApiErrorWatcher.logProblemDetails(ApicurioRegistryBaseIT.java:154)
	at io.apicurio.tests.ApicurioRegistryBaseIT$RegistryApiErrorWatcher.logProblemDetails(ApicurioRegistryBaseIT.java:154)
	at io.apicurio.tests.ApicurioRegistryBaseIT$RegistryApiErrorWatcher.logProblemDetails(ApicurioRegistryBaseIT.java:154)
	at io.apicurio.tests.ApicurioRegistryBaseIT$RegistryApiErrorWatcher.logProblemDetails(ApicurioRegistryBaseIT.java:154)
	at io.apicurio.tests.ApicurioRegistryBaseIT$RegistryApiErrorWatcher.logProblemDetails(ApicurioRegistryBaseIT.java:154)
	at io.apicurio.tests.ApicurioRegistryBaseIT$RegistryApiErrorWatcher.logProblemDetails(ApicurioRegistryBaseIT.java:154)
	at io.apicurio.tests.ApicurioRegistryBaseIT$RegistryApiErrorWatcher.logProblemDetails(ApicurioRegistryBaseIT.java:154)
	at io.apicurio.tests.ApicurioRegistryBaseIT$RegistryApiErrorWatcher.logProblemDetails(ApicurioRegistryBaseIT.java:154)
	at io.apicurio.tests.ApicurioRegistryBaseIT$RegistryApiErrorWatcher.logProblemDetails(ApicurioRegistryBaseIT.java:154)
	at io.apicurio.tests.ApicurioRegistryBaseIT$RegistryApiErrorWatcher.logProblemDetails(ApicurioRegistryBaseIT.java:154)
	at io.apicurio.tests.ApicurioRegistryBaseIT$RegistryApiErrorWatcher.logProblemDetails(ApicurioRegistryBaseIT.java:154)
	at io.apicurio.tests.ApicurioRegistryBaseIT$RegistryApiErrorWatcher.logProblemDetails(ApicurioRegistryBaseIT.java:154)
	at io.apicurio.tests.ApicurioRegistryBaseIT$RegistryApiErrorWatcher.logProblemDetails(ApicurioRegistryBaseIT.java:154)
	at io.apicurio.tests.ApicurioRegistryBaseIT$RegistryApiErrorWatcher.logProblemDetails(ApicurioRegistryBaseIT.java:154)
	at io.apicurio.tests.ApicurioRegistryBaseIT$RegistryApiErrorWatcher.logProblemDetails(ApicurioRegistryBaseIT.java:154)
	at io.apicurio.tests.ApicurioRegistryBaseIT$RegistryApiErrorWatcher.logProblemDetails(ApicurioRegistryBaseIT.java:154)
	at io.apicurio.tests.ApicurioRegistryBaseIT$RegistryApiErrorWatcher.logProblemDetails(ApicurioRegistryBaseIT.java:154)
	at io.apicurio.tests.ApicurioRegistryBaseIT$RegistryApiErrorWatcher.logProblemDetails(ApicurioRegistryBaseIT.java:154)
	at io.apicurio.tests.ApicurioRegistryBaseIT$RegistryApiErrorWatcher.logProblemDetails(ApicurioRegistryBaseIT.java:154)
	at io.apicurio.tests.ApicurioRegistryBaseIT$RegistryApiErrorWatcher.logProblemDetails(ApicurioRegistryBaseIT.java:154)
	at io.apicurio.tests.ApicurioRegistryBaseIT$RegistryApiErrorWatcher.logProblemDetails(ApicurioRegistryBaseIT.java:154)
	at io.apicurio.tests.ApicurioRegistryBaseIT$RegistryApiErrorWatcher.logProblemDetails(ApicurioRegistryBaseIT.java:154)
	at io.apicurio.tests.ApicurioRegistryBaseIT$RegistryApiErrorWatcher.logProblemDetails(ApicurioRegistryBaseIT.java:154)
	at io.apicurio.tests.ApicurioRegistryBaseIT$RegistryApiErrorWatcher.logProblemDetails(ApicurioRegistryBaseIT.java:154)
	at io.apicurio.tests.ApicurioRegistryBaseIT$RegistryApiErrorWatcher.logProblemDetails(ApicurioRegistryBaseIT.java:154)
	at io.apicurio.tests.ApicurioRegistryBaseIT$RegistryApiErrorWatcher.logProblemDetails(ApicurioRegistryBaseIT.java:154)
	at io.apicurio.tests.ApicurioRegistryBaseIT$RegistryApiErrorWatcher.logProblemDetails(ApicurioRegistryBaseIT.java:154)
	at io.apicurio.tests.ApicurioRegistryBaseIT$RegistryApiErrorWatcher.logProblemDetails(ApicurioRegistryBaseIT.java:154)
	at io.apicurio.tests.ApicurioRegistryBaseIT$RegistryApiErrorWatcher.logProblemDetails(ApicurioRegistryBaseIT.java:154)
	at io.apicurio.tests.ApicurioRegistryBaseIT$RegistryApiErrorWatcher.logProblemDetails(ApicurioRegistryBaseIT.java:154)
	at io.apicurio.tests.ApicurioRegistryBaseIT$RegistryApiErrorWatcher.logProblemDetails(ApicurioRegistryBaseIT.java:154)
	at io.apicurio.tests.ApicurioRegistryBaseIT$RegistryApiErrorWatcher.logProblemDetails(ApicurioRegistryBaseIT.java:154)
	at io.apicurio.tests.ApicurioRegistryBaseIT$RegistryApiErrorWatcher.logProblemDetails(ApicurioRegistryBaseIT.java:154)
	at io.apicurio.tests.ApicurioRegistryBaseIT$RegistryApiErrorWatcher.logProblemDetails(ApicurioRegistryBaseIT.java:154)
	at io.apicurio.tests.ApicurioRegistryBaseIT$RegistryApiErrorWatcher.logProblemDetails(ApicurioRegistryBaseIT.java:154)
	at io.apicurio.tests.ApicurioRegistryBaseIT$RegistryApiErrorWatcher.logProblemDetails(ApicurioRegistryBaseIT.java:154)
	at io.apicurio.tests.ApicurioRegistryBaseIT$RegistryApiErrorWatcher.logProblemDetails(ApicurioRegistryBaseIT.java:154)
	at io.apicurio.tests.ApicurioRegistryBaseIT$RegistryApiErrorWatcher.logProblemDetails(ApicurioRegistryBaseIT.java:154)
	at io.apicurio.tests.ApicurioRegistryBaseIT$RegistryApiErrorWatcher.logProblemDetails(ApicurioRegistryBaseIT.java:154)
	at io.apicurio.tests.ApicurioRegistryBaseIT$RegistryApiErrorWatcher.logProblemDetails(ApicurioRegistryBaseIT.java:154)
	at io.apicurio.tests.ApicurioRegistryBaseIT$RegistryApiErrorWatcher.logProblemDetails(ApicurioRegistryBaseIT.java:154)
	at io.apicurio.tests.ApicurioRegistryBaseIT$RegistryApiErrorWatcher.logProblemDetails(ApicurioRegistryBaseIT.java:154)
	at io.apicurio.tests.ApicurioRegistryBaseIT$RegistryApiErrorWatcher.logProblemDetails(ApicurioRegistryBaseIT.java:154)
	at io.apicurio.tests.ApicurioRegistryBaseIT$RegistryApiErrorWatcher.logProblemDetails(ApicurioRegistryBaseIT.java:154)
	at io.apicurio.tests.ApicurioRegistryBaseIT$RegistryApiErrorWatcher.logProblemDetails(ApicurioRegistryBaseIT.java:154)
	at io.apicurio.tests.ApicurioRegistryBaseIT$RegistryApiErrorWatcher.logProblemDetails(ApicurioRegistryBaseIT.java:154)
	at io.apicurio.tests.ApicurioRegistryBaseIT$RegistryApiErrorWatcher.logProblemDetails(ApicurioRegistryBaseIT.java:154)
	at io.apicurio.tests.ApicurioRegistryBaseIT$RegistryApiErrorWatcher.logProblemDetails(ApicurioRegistryBaseIT.java:154)
	at io.apicurio.tests.ApicurioRegistryBaseIT$RegistryApiErrorWatcher.logProblemDetails(ApicurioRegistryBaseIT.java:154)
	at io.apicurio.tests.ApicurioRegistryBaseIT$RegistryApiErrorWatcher.logProblemDetails(ApicurioRegistryBaseIT.java:154)
	at io.apicurio.tests.ApicurioRegistryBaseIT$RegistryApiErrorWatcher.logProblemDetails(ApicurioRegistryBaseIT.java:154)
	at io.apicurio.tests.ApicurioRegistryBaseIT$RegistryApiErrorWatcher.logProblemDetails(ApicurioRegistryBaseIT.java:154)
	at io.apicurio.tests.ApicurioRegistryBaseIT$RegistryApiErrorWatcher.logProblemDetails(ApicurioRegistryBaseIT.java:154)
	at io.apicurio.tests.ApicurioRegistryBaseIT$RegistryApiErrorWatcher.logProblemDetails(ApicurioRegistryBaseIT.java:154)
	at io.apicurio.tests.ApicurioRegistryBaseIT$RegistryApiErrorWatcher.logProblemDetails(ApicurioRegistryBaseIT.java:154)
	at io.apicurio.tests.ApicurioRegistryBaseIT$RegistryApiErrorWatcher.logProblemDetails(ApicurioRegistryBaseIT.java:154)
	at io.apicurio.tests.ApicurioRegistryBaseIT$RegistryApiErrorWatcher.logProblemDetails(ApicurioRegistryBaseIT.java:154)
	at io.apicurio.tests.ApicurioRegistryBaseIT$RegistryApiErrorWatcher.logProblemDetails(ApicurioRegistryBaseIT.java:154)
	at io.apicurio.tests.ApicurioRegistryBaseIT$RegistryApiErrorWatcher.logProblemDetails(ApicurioRegistryBaseIT.java:154)
	at io.apicurio.tests.ApicurioRegistryBaseIT$RegistryApiErrorWatcher.logProblemDetails(ApicurioRegistryBaseIT.java:154)
	at io.apicurio.tests.ApicurioRegistryBaseIT$RegistryApiErrorWatcher.logProblemDetails(ApicurioRegistryBaseIT.java:154)
	at io.apicurio.tests.ApicurioRegistryBaseIT$RegistryApiErrorWatcher.logProblemDetails(ApicurioRegistryBaseIT.java:154)
	at io.apicurio.tests.ApicurioRegistryBaseIT$RegistryApiErrorWatcher.logProblemDetails(ApicurioRegistryBaseIT.java:154)
	at io.apicurio.tests.ApicurioRegistryBaseIT$RegistryApiErrorWatcher.logProblemDetails(ApicurioRegistryBaseIT.java:154)
	at io.apicurio.tests.ApicurioRegistryBaseIT$RegistryApiErrorWatcher.logProblemDetails(ApicurioRegistryBaseIT.java:154)
	at io.apicurio.tests.ApicurioRegistryBaseIT$RegistryApiErrorWatcher.logProblemDetails(ApicurioRegistryBaseIT.java:154)
	at io.apicurio.tests.ApicurioRegistryBaseIT$RegistryApiErrorWatcher.logProblemDetails(ApicurioRegistryBaseIT.java:154)
	at io.apicurio.tests.ApicurioRegistryBaseIT$RegistryApiErrorWatcher.logProblemDetails(ApicurioRegistryBaseIT.java:154)
	at io.apicurio.tests.ApicurioRegistryBaseIT$RegistryApiErrorWatcher.logProblemDetails(ApicurioRegistryBaseIT.java:154)
	at io.apicurio.tests.ApicurioRegistryBaseIT$RegistryApiErrorWatcher.logProblemDetails(ApicurioRegistryBaseIT.java:154)
	at io.apicurio.tests.ApicurioRegistryBaseIT$RegistryApiErrorWatcher.logProblemDetails(ApicurioRegistryBaseIT.java:154)
	at io.apicurio.tests.ApicurioRegistryBaseIT$RegistryApiErrorWatcher.logProblemDetails(ApicurioRegistryBaseIT.java:154)
	at io.apicurio.tests.ApicurioRegistryBaseIT$RegistryApiErrorWatcher.logProblemDetails(ApicurioRegistryBaseIT.java:154)
	at io.apicurio.tests.ApicurioRegistryBaseIT$RegistryApiErrorWatcher.logProblemDetails(ApicurioRegistryBaseIT.java:154)
	at io.apicurio.tests.ApicurioRegistryBaseIT$RegistryApiErrorWatcher.logProblemDetails(ApicurioRegistryBaseIT.java:154)
	at io.apicurio.tests.ApicurioRegistryBaseIT$RegistryApiErrorWatcher.logProblemDetails(ApicurioRegistryBaseIT.java:154)
	at io.apicurio.tests.ApicurioRegistryBaseIT$RegistryApiErrorWatcher.logProblemDetails(ApicurioRegistryBaseIT.java:154)
	at io.apicurio.tests.ApicurioRegistryBaseIT$RegistryApiErrorWatcher.logProblemDetails(ApicurioRegistryBaseIT.java:154)
	at io.apicurio.tests.ApicurioRegistryBaseIT$RegistryApiErrorWatcher.logProblemDetails(ApicurioRegistryBaseIT.java:154)
	at io.apicurio.tests.ApicurioRegistryBaseIT$RegistryApiErrorWatcher.logProblemDetails(ApicurioRegistryBaseIT.java:154)
	at io.apicurio.tests.ApicurioRegistryBaseIT$RegistryApiErrorWatcher.logProblemDetails(ApicurioRegistryBaseIT.java:154)
	at io.apicurio.tests.ApicurioRegistryBaseIT$RegistryApiErrorWatcher.logProblemDetails(ApicurioRegistryBaseIT.java:154)
	at io.apicurio.tests.ApicurioRegistryBaseIT$RegistryApiErrorWatcher.logProblemDetails(ApicurioRegistryBaseIT.java:154)
	at io.apicurio.tests.ApicurioRegistryBaseIT$RegistryApiErrorWatcher.logProblemDetails(ApicurioRegistryBaseIT.java:154)
	at io.apicurio.tests.ApicurioRegistryBaseIT$RegistryApiErrorWatcher.logProblemDetails(ApicurioRegistryBaseIT.java:154)
	at io.apicurio.tests.ApicurioRegistryBaseIT$RegistryApiErrorWatcher.logProblemDetails(ApicurioRegistryBaseIT.java:154)
	at io.apicurio.tests.ApicurioRegistryBaseIT$RegistryApiErrorWatcher.logProblemDetails(ApicurioRegistryBaseIT.java:154)
	at io.apicurio.tests.ApicurioRegistryBaseIT$RegistryApiErrorWatcher.logProblemDetails(ApicurioRegistryBaseIT.java:154)
	at io.apicurio.tests.ApicurioRegistryBaseIT$RegistryApiErrorWatcher.logProblemDetails(ApicurioRegistryBaseIT.java:154)
	at io.apicurio.tests.ApicurioRegistryBaseIT$RegistryApiErrorWatcher.logProblemDetails(ApicurioRegistryBaseIT.java:154)
	at io.apicurio.tests.ApicurioRegistryBaseIT$RegistryApiErrorWatcher.logProblemDetails(ApicurioRegistryBaseIT.java:154)
	at io.apicurio.tests.ApicurioRegistryBaseIT$RegistryApiErrorWatcher.logProblemDetails(ApicurioRegistryBaseIT.java:154)
	at io.apicurio.tests.ApicurioRegistryBaseIT$RegistryApiErrorWatcher.logProblemDetails(ApicurioRegistryBaseIT.java:154)
	at io.apicurio.tests.ApicurioRegistryBaseIT$RegistryApiErrorWatcher.logProblemDetails(ApicurioRegistryBaseIT.java:154)
	at io.apicurio.tests.ApicurioRegistryBaseIT$RegistryApiErrorWatcher.logProblemDetails(ApicurioRegistryBaseIT.java:154)
	at io.apicurio.tests.ApicurioRegistryBaseIT$RegistryApiErrorWatcher.logProblemDetails(ApicurioRegistryBaseIT.java:154)
	at io.apicurio.tests.ApicurioRegistryBaseIT$RegistryApiErrorWatcher.logProblemDetails(ApicurioRegistryBaseIT.java:154)
	at io.apicurio.tests.ApicurioRegistryBaseIT$RegistryApiErrorWatcher.logProblemDetails(ApicurioRegistryBaseIT.java:154)
	at io.apicurio.tests.ApicurioRegistryBaseIT$RegistryApiErrorWatcher.logProblemDetails(ApicurioRegistryBaseIT.java:154)
	at io.apicurio.tests.ApicurioRegistryBaseIT$RegistryApiErrorWatcher.logProblemDetails(ApicurioRegistryBaseIT.java:154)
	at io.apicurio.tests.ApicurioRegistryBaseIT$RegistryApiErrorWatcher.logProblemDetails(ApicurioRegistryBaseIT.java:154)
	at io.apicurio.tests.ApicurioRegistryBaseIT$RegistryApiErrorWatcher.logProblemDetails(ApicurioRegistryBaseIT.java:154)
	at io.apicurio.tests.ApicurioRegistryBaseIT$RegistryApiErrorWatcher.logProblemDetails(ApicurioRegistryBaseIT.java:154)
	at io.apicurio.tests.ApicurioRegistryBaseIT$RegistryApiErrorWatcher.logProblemDetails(ApicurioRegistryBaseIT.java:154)
	at io.apicurio.tests.ApicurioRegistryBaseIT$RegistryApiErrorWatcher.logProblemDetails(ApicurioRegistryBaseIT.java:154)
	at io.apicurio.tests.ApicurioRegistryBaseIT$RegistryApiErrorWatcher.logProblemDetails(ApicurioRegistryBaseIT.java:154)
	at io.apicurio.tests.ApicurioRegistryBaseIT$RegistryApiErrorWatcher.logProblemDetails(ApicurioRegistryBaseIT.java:154)
	at io.apicurio.tests.ApicurioRegistryBaseIT$RegistryApiErrorWatcher.logProblemDetails(ApicurioRegistryBaseIT.java:154)
	at io.apicurio.tests.ApicurioRegistryBaseIT$RegistryApiErrorWatcher.logProblemDetails(ApicurioRegistryBaseIT.java:154)
	at io.apicurio.tests.ApicurioRegistryBaseIT$RegistryApiErrorWatcher.logProblemDetails(ApicurioRegistryBaseIT.java:154)
	at io.apicurio.tests.ApicurioRegistryBaseIT$RegistryApiErrorWatcher.logProblemDetails(ApicurioRegistryBaseIT.java:154)
	at io.apicurio.tests.ApicurioRegistryBaseIT$RegistryApiErrorWatcher.logProblemDetails(ApicurioRegistryBaseIT.java:154)
	at io.apicurio.tests.ApicurioRegistryBaseIT$RegistryApiErrorWatcher.logProblemDetails(ApicurioRegistryBaseIT.java:154)
	at io.apicurio.tests.ApicurioRegistryBaseIT$RegistryApiErrorWatcher.logProblemDetails(ApicurioRegistryBaseIT.java:154)
	at io.apicurio.tests.ApicurioRegistryBaseIT$RegistryApiErrorWatcher.logProblemDetails(ApicurioRegistryBaseIT.java:154)
	at io.apicurio.tests.ApicurioRegistryBaseIT$RegistryApiErrorWatcher.logProblemDetails(ApicurioRegistryBaseIT.java:154)
	at io.apicurio.tests.ApicurioRegistryBaseIT$RegistryApiErrorWatcher.logProblemDetails(ApicurioRegistryBaseIT.java:154)
	at io.apicurio.tests.ApicurioRegistryBaseIT$RegistryApiErrorWatcher.logProblemDetails(ApicurioRegistryBaseIT.java:154)
	at io.apicurio.tests.ApicurioRegistryBaseIT$RegistryApiErrorWatcher.logProblemDetails(ApicurioRegistryBaseIT.java:154)
	at io.apicurio.tests.ApicurioRegistryBaseIT$RegistryApiErrorWatcher.logProblemDetails(ApicurioRegistryBaseIT.java:154)
	at io.apicurio.tests.ApicurioRegistryBaseIT$RegistryApiErrorWatcher.logProblemDetails(ApicurioRegistryBaseIT.java:154)
	at io.apicurio.tests.ApicurioRegistryBaseIT$RegistryApiErrorWatcher.logProblemDetails(ApicurioRegistryBaseIT.java:154)
	at io.apicurio.tests.ApicurioRegistryBaseIT$RegistryApiErrorWatcher.logProblemDetails(ApicurioRegistryBaseIT.java:154)
	at io.apicurio.tests.ApicurioRegistryBaseIT$RegistryApiErrorWatcher.logProblemDetails(ApicurioRegistryBaseIT.java:154)
	at io.apicurio.tests.ApicurioRegistryBaseIT$RegistryApiErrorWatcher.logProblemDetails(ApicurioRegistryBaseIT.java:154)
	at io.apicurio.tests.ApicurioRegistryBaseIT$RegistryApiErrorWatcher.logProblemDetails(ApicurioRegistryBaseIT.java:154)
	at io.apicurio.tests.ApicurioRegistryBaseIT$RegistryApiErrorWatcher.logProblemDetails(ApicurioRegistryBaseIT.java:154)
	at io.apicurio.tests.ApicurioRegistryBaseIT$RegistryApiErrorWatcher.logProblemDetails(ApicurioRegistryBaseIT.java:154)
	at io.apicurio.tests.ApicurioRegistryBaseIT$RegistryApiErrorWatcher.logProblemDetails(ApicurioRegistryBaseIT.java:154)
	at io.apicurio.tests.ApicurioRegistryBaseIT$RegistryApiErrorWatcher.logProblemDetails(ApicurioRegistryBaseIT.java:154)
	at io.apicurio.tests.ApicurioRegistryBaseIT$RegistryApiErrorWatcher.logProblemDetails(ApicurioRegistryBaseIT.java:154)
	at io.apicurio.tests.ApicurioRegistryBaseIT$RegistryApiErrorWatcher.logProblemDetails(ApicurioRegistryBaseIT.java:154)
	at io.apicurio.tests.ApicurioRegistryBaseIT$RegistryApiErrorWatcher.logProblemDetails(ApicurioRegistryBaseIT.java:154)
	at io.apicurio.tests.ApicurioRegistryBaseIT$RegistryApiErrorWatcher.logProblemDetails(ApicurioRegistryBaseIT.java:154)
	at io.apicurio.tests.ApicurioRegistryBaseIT$RegistryApiErrorWatcher.logProblemDetails(ApicurioRegistryBaseIT.java:154)
	at io.apicurio.tests.ApicurioRegistryBaseIT$RegistryApiErrorWatcher.logProblemDetails(ApicurioRegistryBaseIT.java:154)
	at io.apicurio.tests.ApicurioRegistryBaseIT$RegistryApiErrorWatcher.logProblemDetails(ApicurioRegistryBaseIT.java:154)
	at io.apicurio.tests.ApicurioRegistryBaseIT$RegistryApiErrorWatcher.logProblemDetails(ApicurioRegistryBaseIT.java:154)
	at io.apicurio.tests.ApicurioRegistryBaseIT$RegistryApiErrorWatcher.logProblemDetails(ApicurioRegistryBaseIT.java:154)
	at io.apicurio.tests.ApicurioRegistryBaseIT$RegistryApiErrorWatcher.logProblemDetails(ApicurioRegistryBaseIT.java:154)
	at io.apicurio.tests.ApicurioRegistryBaseIT$RegistryApiErrorWatcher.logProblemDetails(ApicurioRegistryBaseIT.java:154)
	at io.apicurio.tests.ApicurioRegistryBaseIT$RegistryApiErrorWatcher.logProblemDetails(ApicurioRegistryBaseIT.java:154)
	at io.apicurio.tests.ApicurioRegistryBaseIT$RegistryApiErrorWatcher.logProblemDetails(ApicurioRegistryBaseIT.java:154)
	at io.apicurio.tests.ApicurioRegistryBaseIT$RegistryApiErrorWatcher.logProblemDetails(ApicurioRegistryBaseIT.java:154)
	at io.apicurio.tests.ApicurioRegistryBaseIT$RegistryApiErrorWatcher.logProblemDetails(ApicurioRegistryBaseIT.java:154)
	at io.apicurio.tests.ApicurioRegistryBaseIT$RegistryApiErrorWatcher.logProblemDetails(ApicurioRegistryBaseIT.java:154)
	at io.apicurio.tests.ApicurioRegistryBaseIT$RegistryApiErrorWatcher.logProblemDetails(ApicurioRegistryBaseIT.java:154)
	at io.apicurio.tests.ApicurioRegistryBaseIT$RegistryApiErrorWatcher.logProblemDetails(ApicurioRegistryBaseIT.java:154)
	at io.apicurio.tests.ApicurioRegistryBaseIT$RegistryApiErrorWatcher.logProblemDetails(ApicurioRegistryBaseIT.java:154)
	at io.apicurio.tests.ApicurioRegistryBaseIT$RegistryApiErrorWatcher.logProblemDetails(ApicurioRegistryBaseIT.java:154)
	at io.apicurio.tests.ApicurioRegistryBaseIT$RegistryApiErrorWatcher.logProblemDetails(ApicurioRegistryBaseIT.java:154)
	at io.apicurio.tests.ApicurioRegistryBaseIT$RegistryApiErrorWatcher.logProblemDetails(ApicurioRegistryBaseIT.java:154)
	at io.apicurio.tests.ApicurioRegistryBaseIT$RegistryApiErrorWatcher.logProblemDetails(ApicurioRegistryBaseIT.java:154)
	at io.apicurio.tests.ApicurioRegistryBaseIT$RegistryApiErrorWatcher.logProblemDetails(ApicurioRegistryBaseIT.java:154)
	at io.apicurio.tests.ApicurioRegistryBaseIT$RegistryApiErrorWatcher.logProblemDetails(ApicurioRegistryBaseIT.java:154)
	at io.apicurio.tests.ApicurioRegistryBaseIT$RegistryApiErrorWatcher.logProblemDetails(ApicurioRegistryBaseIT.java:154)
	at io.apicurio.tests.ApicurioRegistryBaseIT$RegistryApiErrorWatcher.logProblemDetails(ApicurioRegistryBaseIT.java:154)
	at io.apicurio.tests.ApicurioRegistryBaseIT$RegistryApiErrorWatcher.logProblemDetails(ApicurioRegistryBaseIT.java:154)
	at io.apicurio.tests.ApicurioRegistryBaseIT$RegistryApiErrorWatcher.logProblemDetails(ApicurioRegistryBaseIT.java:154)
	at io.apicurio.tests.ApicurioRegistryBaseIT$RegistryApiErrorWatcher.logProblemDetails(ApicurioRegistryBaseIT.java:154)
	at io.apicurio.tests.ApicurioRegistryBaseIT$RegistryApiErrorWatcher.logProblemDetails(ApicurioRegistryBaseIT.java:154)
	at io.apicurio.tests.ApicurioRegistryBaseIT$RegistryApiErrorWatcher.logProblemDetails(ApicurioRegistryBaseIT.java:154)
	at io.apicurio.tests.ApicurioRegistryBaseIT$RegistryApiErrorWatcher.logProblemDetails(ApicurioRegistryBaseIT.java:154)
	at io.apicurio.tests.ApicurioRegistryBaseIT$RegistryApiErrorWatcher.logProblemDetails(ApicurioRegistryBaseIT.java:154)
	at io.apicurio.tests.ApicurioRegistryBaseIT$RegistryApiErrorWatcher.logProblemDetails(ApicurioRegistryBaseIT.java:154)
	at io.apicurio.tests.ApicurioRegistryBaseIT$RegistryApiErrorWatcher.logProblemDetails(ApicurioRegistryBaseIT.java:154)
	at io.apicurio.tests.ApicurioRegistryBaseIT$RegistryApiErrorWatcher.logProblemDetails(ApicurioRegistryBaseIT.java:154)
	at io.apicurio.tests.ApicurioRegistryBaseIT$RegistryApiErrorWatcher.logProblemDetails(ApicurioRegistryBaseIT.java:154)
	at io.apicurio.tests.ApicurioRegistryBaseIT$RegistryApiErrorWatcher.logProblemDetails(ApicurioRegistryBaseIT.java:154)
	at io.apicurio.tests.ApicurioRegistryBaseIT$RegistryApiErrorWatcher.logProblemDetails(ApicurioRegistryBaseIT.java:154)
	at io.apicurio.tests.ApicurioRegistryBaseIT$RegistryApiErrorWatcher.logProblemDetails(ApicurioRegistryBaseIT.java:154)
	at io.apicurio.tests.ApicurioRegistryBaseIT$RegistryApiErrorWatcher.logProblemDetails(ApicurioRegistryBaseIT.java:154)
	at io.apicurio.tests.ApicurioRegistryBaseIT$RegistryApiErrorWatcher.logProblemDetails(ApicurioRegistryBaseIT.java:154)
	at io.apicurio.tests.ApicurioRegistryBaseIT$RegistryApiErrorWatcher.logProblemDetails(ApicurioRegistryBaseIT.java:154)
	at io.apicurio.tests.ApicurioRegistryBaseIT$RegistryApiErrorWatcher.logProblemDetails(ApicurioRegistryBaseIT.java:154)
	at io.apicurio.tests.ApicurioRegistryBaseIT$RegistryApiErrorWatcher.logProblemDetails(ApicurioRegistryBaseIT.java:154)
	at io.apicurio.tests.ApicurioRegistryBaseIT$RegistryApiErrorWatcher.logProblemDetails(ApicurioRegistryBaseIT.java:154)
	at io.apicurio.tests.ApicurioRegistryBaseIT$RegistryApiErrorWatcher.logProblemDetails(ApicurioRegistryBaseIT.java:154)
	at io.apicurio.tests.ApicurioRegistryBaseIT$RegistryApiErrorWatcher.logProblemDetails(ApicurioRegistryBaseIT.java:154)
	at io.apicurio.tests.ApicurioRegistryBaseIT$RegistryApiErrorWatcher.logProblemDetails(ApicurioRegistryBaseIT.java:154)
	at io.apicurio.tests.ApicurioRegistryBaseIT$RegistryApiErrorWatcher.logProblemDetails(ApicurioRegistryBaseIT.java:154)
	at io.apicurio.tests.ApicurioRegistryBaseIT$RegistryApiErrorWatcher.logProblemDetails(ApicurioRegistryBaseIT.java:154)
	at io.apicurio.tests.ApicurioRegistryBaseIT$RegistryApiErrorWatcher.logProblemDetails(ApicurioRegistryBaseIT.java:154)
	at io.apicurio.tests.ApicurioRegistryBaseIT$RegistryApiErrorWatcher.logProblemDetails(ApicurioRegistryBaseIT.java:154)
	at io.apicurio.tests.ApicurioRegistryBaseIT$RegistryApiErrorWatcher.logProblemDetails(ApicurioRegistryBaseIT.java:154)
	at io.apicurio.tests.ApicurioRegistryBaseIT$RegistryApiErrorWatcher.logProblemDetails(ApicurioRegistryBaseIT.java:154)
	at io.apicurio.tests.ApicurioRegistryBaseIT$RegistryApiErrorWatcher.logProblemDetails(ApicurioRegistryBaseIT.java:154)
	at io.apicurio.tests.ApicurioRegistryBaseIT$RegistryApiErrorWatcher.logProblemDetails(ApicurioRegistryBaseIT.java:154)
	at io.apicurio.tests.ApicurioRegistryBaseIT$RegistryApiErrorWatcher.logProblemDetails(ApicurioRegistryBaseIT.java:154)
	at io.apicurio.tests.ApicurioRegistryBaseIT$RegistryApiErrorWatcher.logProblemDetails(ApicurioRegistryBaseIT.java:154)
	at io.apicurio.tests.ApicurioRegistryBaseIT$RegistryApiErrorWatcher.logProblemDetails(ApicurioRegistryBaseIT.java:154)
	at io.apicurio.tests.ApicurioRegistryBaseIT$RegistryApiErrorWatcher.logProblemDetails(ApicurioRegistryBaseIT.java:154)
	at io.apicurio.tests.ApicurioRegistryBaseIT$RegistryApiErrorWatcher.logProblemDetails(ApicurioRegistryBaseIT.java:154)
	at io.apicurio.tests.ApicurioRegistryBaseIT$RegistryApiErrorWatcher.logProblemDetails(ApicurioRegistryBaseIT.java:154)
	at io.apicurio.tests.ApicurioRegistryBaseIT$RegistryApiErrorWatcher.logProblemDetails(ApicurioRegistryBaseIT.java:154)
	at io.apicurio.tests.ApicurioRegistryBaseIT$RegistryApiErrorWatcher.logProblemDetails(ApicurioRegistryBaseIT.java:154)
	at io.apicurio.tests.ApicurioRegistryBaseIT$RegistryApiErrorWatcher.logProblemDetails(ApicurioRegistryBaseIT.java:154)
	at io.apicurio.tests.ApicurioRegistryBaseIT$RegistryApiErrorWatcher.logProblemDetails(ApicurioRegistryBaseIT.java:154)
	at io.apicurio.tests.ApicurioRegistryBaseIT$RegistryApiErrorWatcher.logProblemDetails(ApicurioRegistryBaseIT.java:154)
	at io.apicurio.tests.ApicurioRegistryBaseIT$RegistryApiErrorWatcher.logProblemDetails(ApicurioRegistryBaseIT.java:154)
	at io.apicurio.tests.ApicurioRegistryBaseIT$RegistryApiErrorWatcher.logProblemDetails(ApicurioRegistryBaseIT.java:154)
	at io.apicurio.tests.ApicurioRegistryBaseIT$RegistryApiErrorWatcher.logProblemDetails(ApicurioRegistryBaseIT.java:154)
	at io.apicurio.tests.ApicurioRegistryBaseIT$RegistryApiErrorWatcher.logProblemDetails(ApicurioRegistryBaseIT.java:154)
	at io.apicurio.tests.ApicurioRegistryBaseIT$RegistryApiErrorWatcher.logProblemDetails(ApicurioRegistryBaseIT.java:154)
	at io.apicurio.tests.ApicurioRegistryBaseIT$RegistryApiErrorWatcher.logProblemDetails(ApicurioRegistryBaseIT.java:154)
	at io.apicurio.tests.ApicurioRegistryBaseIT$RegistryApiErrorWatcher.logProblemDetails(ApicurioRegistryBaseIT.java:154)
	at io.apicurio.tests.ApicurioRegistryBaseIT$RegistryApiErrorWatcher.logProblemDetails(ApicurioRegistryBaseIT.java:154)
	at io.apicurio.tests.ApicurioRegistryBaseIT$RegistryApiErrorWatcher.logProblemDetails(ApicurioRegistryBaseIT.java:154)
	at io.apicurio.tests.ApicurioRegistryBaseIT$RegistryApiErrorWatcher.logProblemDetails(ApicurioRegistryBaseIT.java:154)
	at io.apicurio.tests.ApicurioRegistryBaseIT$RegistryApiErrorWatcher.logProblemDetails(ApicurioRegistryBaseIT.java:154)
	at io.apicurio.tests.ApicurioRegistryBaseIT$RegistryApiErrorWatcher.logProblemDetails(ApicurioRegistryBaseIT.java:154)
	at io.apicurio.tests.ApicurioRegistryBaseIT$RegistryApiErrorWatcher.logProblemDetails(ApicurioRegistryBaseIT.java:154)
	at io.apicurio.tests.ApicurioRegistryBaseIT$RegistryApiErrorWatcher.logProblemDetails(ApicurioRegistryBaseIT.java:154)
	at io.apicurio.tests.ApicurioRegistryBaseIT$RegistryApiErrorWatcher.logProblemDetails(ApicurioRegistryBaseIT.java:154)
	at io.apicurio.tests.ApicurioRegistryBaseIT$RegistryApiErrorWatcher.logProblemDetails(ApicurioRegistryBaseIT.java:154)
	at io.apicurio.tests.ApicurioRegistryBaseIT$RegistryApiErrorWatcher.logProblemDetails(ApicurioRegistryBaseIT.java:154)
	at io.apicurio.tests.ApicurioRegistryBaseIT$RegistryApiErrorWatcher.logProblemDetails(ApicurioRegistryBaseIT.java:154)
	at io.apicurio.tests.ApicurioRegistryBaseIT$RegistryApiErrorWatcher.logProblemDetails(ApicurioRegistryBaseIT.java:154)
	at io.apicurio.tests.ApicurioRegistryBaseIT$RegistryApiErrorWatcher.logProblemDetails(ApicurioRegistryBaseIT.java:154)
	at io.apicurio.tests.ApicurioRegistryBaseIT$RegistryApiErrorWatcher.logProblemDetails(ApicurioRegistryBaseIT.java:154)
	at io.apicurio.tests.ApicurioRegistryBaseIT$RegistryApiErrorWatcher.logProblemDetails(ApicurioRegistryBaseIT.java:154)
	at io.apicurio.tests.ApicurioRegistryBaseIT$RegistryApiErrorWatcher.logProblemDetails(ApicurioRegistryBaseIT.java:154)
	at io.apicurio.tests.ApicurioRegistryBaseIT$RegistryApiErrorWatcher.logProblemDetails(ApicurioRegistryBaseIT.java:154)
	at io.apicurio.tests.ApicurioRegistryBaseIT$RegistryApiErrorWatcher.logProblemDetails(ApicurioRegistryBaseIT.java:154)
	at io.apicurio.tests.ApicurioRegistryBaseIT$RegistryApiErrorWatcher.logProblemDetails(ApicurioRegistryBaseIT.java:154)
	at io.apicurio.tests.ApicurioRegistryBaseIT$RegistryApiErrorWatcher.logProblemDetails(ApicurioRegistryBaseIT.java:154)
	at io.apicurio.tests.ApicurioRegistryBaseIT$RegistryApiErrorWatcher.logProblemDetails(ApicurioRegistryBaseIT.java:154)
	at io.apicurio.tests.ApicurioRegistryBaseIT$RegistryApiErrorWatcher.logProblemDetails(ApicurioRegistryBaseIT.java:154)
	at io.apicurio.tests.ApicurioRegistryBaseIT$RegistryApiErrorWatcher.logProblemDetails(ApicurioRegistryBaseIT.java:154)
	at io.apicurio.tests.ApicurioRegistryBaseIT$RegistryApiErrorWatcher.logProblemDetails(ApicurioRegistryBaseIT.java:154)
	at io.apicurio.tests.ApicurioRegistryBaseIT$RegistryApiErrorWatcher.logProblemDetails(ApicurioRegistryBaseIT.java:154)
	at io.apicurio.tests.ApicurioRegistryBaseIT$RegistryApiErrorWatcher.logProblemDetails(ApicurioRegistryBaseIT.java:154)
	at io.apicurio.tests.ApicurioRegistryBaseIT$RegistryApiErrorWatcher.logProblemDetails(ApicurioRegistryBaseIT.java:154)
	at io.apicurio.tests.ApicurioRegistryBaseIT$RegistryApiErrorWatcher.logProblemDetails(ApicurioRegistryBaseIT.java:154)
	at io.apicurio.tests.ApicurioRegistryBaseIT$RegistryApiErrorWatcher.logProblemDetails(ApicurioRegistryBaseIT.java:154)
	at io.apicurio.tests.ApicurioRegistryBaseIT$RegistryApiErrorWatcher.logProblemDetails(ApicurioRegistryBaseIT.java:154)
	at io.apicurio.tests.ApicurioRegistryBaseIT$RegistryApiErrorWatcher.logProblemDetails(ApicurioRegistryBaseIT.java:154)
	at io.apicurio.tests.ApicurioRegistryBaseIT$RegistryApiErrorWatcher.logProblemDetails(ApicurioRegistryBaseIT.java:154)
	at io.apicurio.tests.ApicurioRegistryBaseIT$RegistryApiErrorWatcher.logProblemDetails(ApicurioRegistryBaseIT.java:154)
	at io.apicurio.tests.ApicurioRegistryBaseIT$RegistryApiErrorWatcher.logProblemDetails(ApicurioRegistryBaseIT.java:154)
	at io.apicurio.tests.ApicurioRegistryBaseIT$RegistryApiErrorWatcher.logProblemDetails(ApicurioRegistryBaseIT.java:154)
	at io.apicurio.tests.ApicurioRegistryBaseIT$RegistryApiErrorWatcher.logProblemDetails(ApicurioRegistryBaseIT.java:154)
	at io.apicurio.tests.ApicurioRegistryBaseIT$RegistryApiErrorWatcher.logProblemDetails(ApicurioRegistryBaseIT.java:154)
	at io.apicurio.tests.ApicurioRegistryBaseIT$RegistryApiErrorWatcher.logProblemDetails(ApicurioRegistryBaseIT.java:154)
	at io.apicurio.tests.ApicurioRegistryBaseIT$RegistryApiErrorWatcher.logProblemDetails(ApicurioRegistryBaseIT.java:154)
	at io.apicurio.tests.ApicurioRegistryBaseIT$RegistryApiErrorWatcher.logProblemDetails(ApicurioRegistryBaseIT.java:154)
	at io.apicurio.tests.ApicurioRegistryBaseIT$RegistryApiErrorWatcher.logProblemDetails(ApicurioRegistryBaseIT.java:154)
	at io.apicurio.tests.ApicurioRegistryBaseIT$RegistryApiErrorWatcher.logProblemDetails(ApicurioRegistryBaseIT.java:154)
	at io.apicurio.tests.ApicurioRegistryBaseIT$RegistryApiErrorWatcher.logProblemDetails(ApicurioRegistryBaseIT.java:154)
	at io.apicurio.tests.ApicurioRegistryBaseIT$RegistryApiErrorWatcher.logProblemDetails(ApicurioRegistryBaseIT.java:154)
	at io.apicurio.tests.ApicurioRegistryBaseIT$RegistryApiErrorWatcher.logProblemDetails(ApicurioRegistryBaseIT.java:154)
	at io.apicurio.tests.ApicurioRegistryBaseIT$RegistryApiErrorWatcher.logProblemDetails(ApicurioRegistryBaseIT.java:154)
	at io.apicurio.tests.ApicurioRegistryBaseIT$RegistryApiErrorWatcher.logProblemDetails(ApicurioRegistryBaseIT.java:154)
	at io.apicurio.tests.ApicurioRegistryBaseIT$RegistryApiErrorWatcher.logProblemDetails(ApicurioRegistryBaseIT.java:154)
	at io.apicurio.tests.ApicurioRegistryBaseIT$RegistryApiErrorWatcher.logProblemDetails(ApicurioRegistryBaseIT.java:154)
	at io.apicurio.tests.ApicurioRegistryBaseIT$RegistryApiErrorWatcher.logProblemDetails(ApicurioRegistryBaseIT.java:154)
	at io.apicurio.tests.ApicurioRegistryBaseIT$RegistryApiErrorWatcher.logProblemDetails(ApicurioRegistryBaseIT.java:154)
	at io.apicurio.tests.ApicurioRegistryBaseIT$RegistryApiErrorWatcher.logProblemDetails(ApicurioRegistryBaseIT.java:154)
	at io.apicurio.tests.ApicurioRegistryBaseIT$RegistryApiErrorWatcher.logProblemDetails(ApicurioRegistryBaseIT.java:154)
	at io.apicurio.tests.ApicurioRegistryBaseIT$RegistryApiErrorWatcher.logProblemDetails(ApicurioRegistryBaseIT.java:154)
	at io.apicurio.tests.ApicurioRegistryBaseIT$RegistryApiErrorWatcher.logProblemDetails(ApicurioRegistryBaseIT.java:154)
	at io.apicurio.tests.ApicurioRegistryBaseIT$RegistryApiErrorWatcher.logProblemDetails(ApicurioRegistryBaseIT.java:154)
	at io.apicurio.tests.ApicurioRegistryBaseIT$RegistryApiErrorWatcher.logProblemDetails(ApicurioRegistryBaseIT.java:154)
	at io.apicurio.tests.ApicurioRegistryBaseIT$RegistryApiErrorWatcher.logProblemDetails(ApicurioRegistryBaseIT.java:154)
	at io.apicurio.tests.ApicurioRegistryBaseIT$RegistryApiErrorWatcher.logProblemDetails(ApicurioRegistryBaseIT.java:154)
	at io.apicurio.tests.ApicurioRegistryBaseIT$RegistryApiErrorWatcher.logProblemDetails(ApicurioRegistryBaseIT.java:154)
	at io.apicurio.tests.ApicurioRegistryBaseIT$RegistryApiErrorWatcher.logProblemDetails(ApicurioRegistryBaseIT.java:154)
	at io.apicurio.tests.ApicurioRegistryBaseIT$RegistryApiErrorWatcher.logProblemDetails(ApicurioRegistryBaseIT.java:154)
	at io.apicurio.tests.ApicurioRegistryBaseIT$RegistryApiErrorWatcher.logProblemDetails(ApicurioRegistryBaseIT.java:154)
	at io.apicurio.tests.ApicurioRegistryBaseIT$RegistryApiErrorWatcher.logProblemDetails(ApicurioRegistryBaseIT.java:154)
	at io.apicurio.tests.ApicurioRegistryBaseIT$RegistryApiErrorWatcher.logProblemDetails(ApicurioRegistryBaseIT.java:154)
	at io.apicurio.tests.ApicurioRegistryBaseIT$RegistryApiErrorWatcher.logProblemDetails(ApicurioRegistryBaseIT.java:154)
	at io.apicurio.tests.ApicurioRegistryBaseIT$RegistryApiErrorWatcher.logProblemDetails(ApicurioRegistryBaseIT.java:154)
	at io.apicurio.tests.ApicurioRegistryBaseIT$RegistryApiErrorWatcher.logProblemDetails(ApicurioRegistryBaseIT.java:154)
	at io.apicurio.tests.ApicurioRegistryBaseIT$RegistryApiErrorWatcher.logProblemDetails(ApicurioRegistryBaseIT.java:154)
	at io.apicurio.tests.ApicurioRegistryBaseIT$RegistryApiErrorWatcher.logProblemDetails(ApicurioRegistryBaseIT.java:154)
	at io.apicurio.tests.ApicurioRegistryBaseIT$RegistryApiErrorWatcher.logProblemDetails(ApicurioRegistryBaseIT.java:154)
	at io.apicurio.tests.ApicurioRegistryBaseIT$RegistryApiErrorWatcher.logProblemDetails(ApicurioRegistryBaseIT.java:154)
	at io.apicurio.tests.ApicurioRegistryBaseIT$RegistryApiErrorWatcher.logProblemDetails(ApicurioRegistryBaseIT.java:154)
	at io.apicurio.tests.ApicurioRegistryBaseIT$RegistryApiErrorWatcher.logProblemDetails(ApicurioRegistryBaseIT.java:154)
	at io.apicurio.tests.ApicurioRegistryBaseIT$RegistryApiErrorWatcher.logProblemDetails(ApicurioRegistryBaseIT.java:154)
	at io.apicurio.tests.ApicurioRegistryBaseIT$RegistryApiErrorWatcher.logProblemDetails(ApicurioRegistryBaseIT.java:154)
	at io.apicurio.tests.ApicurioRegistryBaseIT$RegistryApiErrorWatcher.logProblemDetails(ApicurioRegistryBaseIT.java:154)
	at io.apicurio.tests.ApicurioRegistryBaseIT$RegistryApiErrorWatcher.logProblemDetails(ApicurioRegistryBaseIT.java:154)
	at io.apicurio.tests.ApicurioRegistryBaseIT$RegistryApiErrorWatcher.logProblemDetails(ApicurioRegistryBaseIT.java:154)
	at io.apicurio.tests.ApicurioRegistryBaseIT$RegistryApiErrorWatcher.logProblemDetails(ApicurioRegistryBaseIT.java:154)
	at io.apicurio.tests.ApicurioRegistryBaseIT$RegistryApiErrorWatcher.logProblemDetails(ApicurioRegistryBaseIT.java:154)
	at io.apicurio.tests.ApicurioRegistryBaseIT$RegistryApiErrorWatcher.logProblemDetails(ApicurioRegistryBaseIT.java:154)
	at io.apicurio.tests.ApicurioRegistryBaseIT$RegistryApiErrorWatcher.logProblemDetails(ApicurioRegistryBaseIT.java:154)
	at io.apicurio.tests.ApicurioRegistryBaseIT$RegistryApiErrorWatcher.logProblemDetails(ApicurioRegistryBaseIT.java:154)
	at io.apicurio.tests.ApicurioRegistryBaseIT$RegistryApiErrorWatcher.logProblemDetails(ApicurioRegistryBaseIT.java:154)
	at io.apicurio.tests.ApicurioRegistryBaseIT$RegistryApiErrorWatcher.logProblemDetails(ApicurioRegistryBaseIT.java:154)
	at io.apicurio.tests.ApicurioRegistryBaseIT$RegistryApiErrorWatcher.logProblemDetails(ApicurioRegistryBaseIT.java:154)
	at io.apicurio.tests.ApicurioRegistryBaseIT$RegistryApiErrorWatcher.logProblemDetails(ApicurioRegistryBaseIT.java:154)
	at io.apicurio.tests.ApicurioRegistryBaseIT$RegistryApiErrorWatcher.logProblemDetails(ApicurioRegistryBaseIT.java:154)
	at io.apicurio.tests.ApicurioRegistryBaseIT$RegistryApiErrorWatcher.logProblemDetails(ApicurioRegistryBaseIT.java:154)
	at io.apicurio.tests.ApicurioRegistryBaseIT$RegistryApiErrorWatcher.logProblemDetails(ApicurioRegistryBaseIT.java:154)
	at io.apicurio.tests.ApicurioRegistryBaseIT$RegistryApiErrorWatcher.logProblemDetails(ApicurioRegistryBaseIT.java:154)
	at io.apicurio.tests.ApicurioRegistryBaseIT$RegistryApiErrorWatcher.logProblemDetails(ApicurioRegistryBaseIT.java:154)
	at io.apicurio.tests.ApicurioRegistryBaseIT$RegistryApiErrorWatcher.logProblemDetails(ApicurioRegistryBaseIT.java:154)
	at io.apicurio.tests.ApicurioRegistryBaseIT$RegistryApiErrorWatcher.logProblemDetails(ApicurioRegistryBaseIT.java:154)
	at io.apicurio.tests.ApicurioRegistryBaseIT$RegistryApiErrorWatcher.logProblemDetails(ApicurioRegistryBaseIT.java:154)
	at io.apicurio.tests.ApicurioRegistryBaseIT$RegistryApiErrorWatcher.logProblemDetails(ApicurioRegistryBaseIT.java:154)
	at io.apicurio.tests.ApicurioRegistryBaseIT$RegistryApiErrorWatcher.logProblemDetails(ApicurioRegistryBaseIT.java:154)
	at io.apicurio.tests.ApicurioRegistryBaseIT$RegistryApiErrorWatcher.logProblemDetails(ApicurioRegistryBaseIT.java:154)
	at io.apicurio.tests.ApicurioRegistryBaseIT$RegistryApiErrorWatcher.logProblemDetails(ApicurioRegistryBaseIT.java:154)
	at io.apicurio.tests.ApicurioRegistryBaseIT$RegistryApiErrorWatcher.logProblemDetails(ApicurioRegistryBaseIT.java:154)
	at io.apicurio.tests.ApicurioRegistryBaseIT$RegistryApiErrorWatcher.logProblemDetails(ApicurioRegistryBaseIT.java:154)
	at io.apicurio.tests.ApicurioRegistryBaseIT$RegistryApiErrorWatcher.logProblemDetails(ApicurioRegistryBaseIT.java:154)
	at io.apicurio.tests.ApicurioRegistryBaseIT$RegistryApiErrorWatcher.logProblemDetails(ApicurioRegistryBaseIT.java:154)
	at io.apicurio.tests.ApicurioRegistryBaseIT$RegistryApiErrorWatcher.logProblemDetails(ApicurioRegistryBaseIT.java:154)
	at io.apicurio.tests.ApicurioRegistryBaseIT$RegistryApiErrorWatcher.logProblemDetails(ApicurioRegistryBaseIT.java:154)
	at io.apicurio.tests.ApicurioRegistryBaseIT$RegistryApiErrorWatcher.logProblemDetails(ApicurioRegistryBaseIT.java:154)
	at io.apicurio.tests.ApicurioRegistryBaseIT$RegistryApiErrorWatcher.logProblemDetails(ApicurioRegistryBaseIT.java:154)
	at io.apicurio.tests.ApicurioRegistryBaseIT$RegistryApiErrorWatcher.logProblemDetails(ApicurioRegistryBaseIT.java:154)
	at io.apicurio.tests.ApicurioRegistryBaseIT$RegistryApiErrorWatcher.logProblemDetails(ApicurioRegistryBaseIT.java:154)
	at io.apicurio.tests.ApicurioRegistryBaseIT$RegistryApiErrorWatcher.logProblemDetails(ApicurioRegistryBaseIT.java:154)
	at io.apicurio.tests.ApicurioRegistryBaseIT$RegistryApiErrorWatcher.logProblemDetails(ApicurioRegistryBaseIT.java:154)
	at io.apicurio.tests.ApicurioRegistryBaseIT$RegistryApiErrorWatcher.logProblemDetails(ApicurioRegistryBaseIT.java:154)
	at io.apicurio.tests.ApicurioRegistryBaseIT$RegistryApiErrorWatcher.logProblemDetails(ApicurioRegistryBaseIT.java:154)
	at io.apicurio.tests.ApicurioRegistryBaseIT$RegistryApiErrorWatcher.logProblemDetails(ApicurioRegistryBaseIT.java:154)
	at io.apicurio.tests.ApicurioRegistryBaseIT$RegistryApiErrorWatcher.logProblemDetails(ApicurioRegistryBaseIT.java:154)
	at io.apicurio.tests.ApicurioRegistryBaseIT$RegistryApiErrorWatcher.logProblemDetails(ApicurioRegistryBaseIT.java:154)
	at io.apicurio.tests.ApicurioRegistryBaseIT$RegistryApiErrorWatcher.logProblemDetails(ApicurioRegistryBaseIT.java:154)
	at io.apicurio.tests.ApicurioRegistryBaseIT$RegistryApiErrorWatcher.logProblemDetails(ApicurioRegistryBaseIT.java:154)
	at io.apicurio.tests.ApicurioRegistryBaseIT$RegistryApiErrorWatcher.logProblemDetails(ApicurioRegistryBaseIT.java:154)
	at io.apicurio.tests.ApicurioRegistryBaseIT$RegistryApiErrorWatcher.logProblemDetails(ApicurioRegistryBaseIT.java:154)
	at io.apicurio.tests.ApicurioRegistryBaseIT$RegistryApiErrorWatcher.logProblemDetails(ApicurioRegistryBaseIT.java:154)
	at io.apicurio.tests.ApicurioRegistryBaseIT$RegistryApiErrorWatcher.logProblemDetails(ApicurioRegistryBaseIT.java:154)
	at io.apicurio.tests.ApicurioRegistryBaseIT$RegistryApiErrorWatcher.logProblemDetails(ApicurioRegistryBaseIT.java:154)
	at io.apicurio.tests.ApicurioRegistryBaseIT$RegistryApiErrorWatcher.logProblemDetails(ApicurioRegistryBaseIT.java:154)
	at io.apicurio.tests.ApicurioRegistryBaseIT$RegistryApiErrorWatcher.logProblemDetails(ApicurioRegistryBaseIT.java:154)
	at io.apicurio.tests.ApicurioRegistryBaseIT$RegistryApiErrorWatcher.logProblemDetails(ApicurioRegistryBaseIT.java:154)
	at io.apicurio.tests.ApicurioRegistryBaseIT$RegistryApiErrorWatcher.logProblemDetails(ApicurioRegistryBaseIT.java:154)
	at io.apicurio.tests.ApicurioRegistryBaseIT$RegistryApiErrorWatcher.logProblemDetails(ApicurioRegistryBaseIT.java:154)
	at io.apicurio.tests.ApicurioRegistryBaseIT$RegistryApiErrorWatcher.logProblemDetails(ApicurioRegistryBaseIT.java:154)
	at io.apicurio.tests.ApicurioRegistryBaseIT$RegistryApiErrorWatcher.logProblemDetails(ApicurioRegistryBaseIT.java:154)
	at io.apicurio.tests.ApicurioRegistryBaseIT$RegistryApiErrorWatcher.logProblemDetails(ApicurioRegistryBaseIT.java:154)
	at io.apicurio.tests.ApicurioRegistryBaseIT$RegistryApiErrorWatcher.logProblemDetails(ApicurioRegistryBaseIT.java:154)
	at io.apicurio.tests.ApicurioRegistryBaseIT$RegistryApiErrorWatcher.logProblemDetails(ApicurioRegistryBaseIT.java:154)
	at io.apicurio.tests.ApicurioRegistryBaseIT$RegistryApiErrorWatcher.logProblemDetails(ApicurioRegistryBaseIT.java:154)
	at io.apicurio.tests.ApicurioRegistryBaseIT$RegistryApiErrorWatcher.logProblemDetails(ApicurioRegistryBaseIT.java:154)
	at io.apicurio.tests.ApicurioRegistryBaseIT$RegistryApiErrorWatcher.logProblemDetails(ApicurioRegistryBaseIT.java:154)
	at io.apicurio.tests.ApicurioRegistryBaseIT$RegistryApiErrorWatcher.logProblemDetails(ApicurioRegistryBaseIT.java:154)
	at io.apicurio.tests.ApicurioRegistryBaseIT$RegistryApiErrorWatcher.logProblemDetails(ApicurioRegistryBaseIT.java:154)
	at io.apicurio.tests.ApicurioRegistryBaseIT$RegistryApiErrorWatcher.logProblemDetails(ApicurioRegistryBaseIT.java:154)
	at io.apicurio.tests.ApicurioRegistryBaseIT$RegistryApiErrorWatcher.logProblemDetails(ApicurioRegistryBaseIT.java:154)
	at io.apicurio.tests.ApicurioRegistryBaseIT$RegistryApiErrorWatcher.logProblemDetails(ApicurioRegistryBaseIT.java:154)
	at io.apicurio.tests.ApicurioRegistryBaseIT$RegistryApiErrorWatcher.logProblemDetails(ApicurioRegistryBaseIT.java:154)
	at io.apicurio.tests.ApicurioRegistryBaseIT$RegistryApiErrorWatcher.logProblemDetails(ApicurioRegistryBaseIT.java:154)
	at io.apicurio.tests.ApicurioRegistryBaseIT$RegistryApiErrorWatcher.logProblemDetails(ApicurioRegistryBaseIT.java:154)
	at io.apicurio.tests.ApicurioRegistryBaseIT$RegistryApiErrorWatcher.logProblemDetails(ApicurioRegistryBaseIT.java:154)
	at io.apicurio.tests.ApicurioRegistryBaseIT$RegistryApiErrorWatcher.logProblemDetails(ApicurioRegistryBaseIT.java:154)
	at io.apicurio.tests.ApicurioRegistryBaseIT$RegistryApiErrorWatcher.logProblemDetails(ApicurioRegistryBaseIT.java:154)
	at io.apicurio.tests.ApicurioRegistryBaseIT$RegistryApiErrorWatcher.logProblemDetails(ApicurioRegistryBaseIT.java:154)
	at io.apicurio.tests.ApicurioRegistryBaseIT$RegistryApiErrorWatcher.logProblemDetails(ApicurioRegistryBaseIT.java:154)
	at io.apicurio.tests.ApicurioRegistryBaseIT$RegistryApiErrorWatcher.logProblemDetails(ApicurioRegistryBaseIT.java:154)
	at io.apicurio.tests.ApicurioRegistryBaseIT$RegistryApiErrorWatcher.logProblemDetails(ApicurioRegistryBaseIT.java:154)
	at io.apicurio.tests.ApicurioRegistryBaseIT$RegistryApiErrorWatcher.logProblemDetails(ApicurioRegistryBaseIT.java:154)
	at io.apicurio.tests.ApicurioRegistryBaseIT$RegistryApiErrorWatcher.logProblemDetails(ApicurioRegistryBaseIT.java:154)
	at io.apicurio.tests.ApicurioRegistryBaseIT$RegistryApiErrorWatcher.logProblemDetails(ApicurioRegistryBaseIT.java:154)
	at io.apicurio.tests.ApicurioRegistryBaseIT$RegistryApiErrorWatcher.logProblemDetails(ApicurioRegistryBaseIT.java:154)
	at io.apicurio.tests.ApicurioRegistryBaseIT$RegistryApiErrorWatcher.logProblemDetails(ApicurioRegistryBaseIT.java:154)
	at io.apicurio.tests.ApicurioRegistryBaseIT$RegistryApiErrorWatcher.logProblemDetails(ApicurioRegistryBaseIT.java:154)
	at io.apicurio.tests.ApicurioRegistryBaseIT$RegistryApiErrorWatcher.logProblemDetails(ApicurioRegistryBaseIT.java:154)
	at io.apicurio.tests.ApicurioRegistryBaseIT$RegistryApiErrorWatcher.logProblemDetails(ApicurioRegistryBaseIT.java:154)
	at io.apicurio.tests.ApicurioRegistryBaseIT$RegistryApiErrorWatcher.logProblemDetails(ApicurioRegistryBaseIT.java:154)
	at io.apicurio.tests.ApicurioRegistryBaseIT$RegistryApiErrorWatcher.logProblemDetails(ApicurioRegistryBaseIT.java:154)
	at io.apicurio.tests.ApicurioRegistryBaseIT$RegistryApiErrorWatcher.logProblemDetails(ApicurioRegistryBaseIT.java:154)
	at io.apicurio.tests.ApicurioRegistryBaseIT$RegistryApiErrorWatcher.logProblemDetails(ApicurioRegistryBaseIT.java:154)
	at io.apicurio.tests.ApicurioRegistryBaseIT$RegistryApiErrorWatcher.logProblemDetails(ApicurioRegistryBaseIT.java:154)
	at io.apicurio.tests.ApicurioRegistryBaseIT$RegistryApiErrorWatcher.logProblemDetails(ApicurioRegistryBaseIT.java:154)
	at io.apicurio.tests.ApicurioRegistryBaseIT$RegistryApiErrorWatcher.logProblemDetails(ApicurioRegistryBaseIT.java:154)
	at io.apicurio.tests.ApicurioRegistryBaseIT$RegistryApiErrorWatcher.logProblemDetails(ApicurioRegistryBaseIT.java:154)
	at io.apicurio.tests.ApicurioRegistryBaseIT$RegistryApiErrorWatcher.logProblemDetails(ApicurioRegistryBaseIT.java:154)
	at io.apicurio.tests.ApicurioRegistryBaseIT$RegistryApiErrorWatcher.logProblemDetails(ApicurioRegistryBaseIT.java:154)
	at io.apicurio.tests.ApicurioRegistryBaseIT$RegistryApiErrorWatcher.logProblemDetails(ApicurioRegistryBaseIT.java:154)
	at io.apicurio.tests.ApicurioRegistryBaseIT$RegistryApiErrorWatcher.logProblemDetails(ApicurioRegistryBaseIT.java:154)
	at io.apicurio.tests.ApicurioRegistryBaseIT$RegistryApiErrorWatcher.logProblemDetails(ApicurioRegistryBaseIT.java:154)
	at io.apicurio.tests.ApicurioRegistryBaseIT$RegistryApiErrorWatcher.logProblemDetails(ApicurioRegistryBaseIT.java:154)
	at io.apicurio.tests.ApicurioRegistryBaseIT$RegistryApiErrorWatcher.logProblemDetails(ApicurioRegistryBaseIT.java:154)
	at io.apicurio.tests.ApicurioRegistryBaseIT$RegistryApiErrorWatcher.logProblemDetails(ApicurioRegistryBaseIT.java:154)
	at io.apicurio.tests.ApicurioRegistryBaseIT$RegistryApiErrorWatcher.logProblemDetails(ApicurioRegistryBaseIT.java:154)
	at io.apicurio.tests.ApicurioRegistryBaseIT$RegistryApiErrorWatcher.logProblemDetails(ApicurioRegistryBaseIT.java:154)
	at io.apicurio.tests.ApicurioRegistryBaseIT$RegistryApiErrorWatcher.logProblemDetails(ApicurioRegistryBaseIT.java:154)
	at io.apicurio.tests.ApicurioRegistryBaseIT$RegistryApiErrorWatcher.logProblemDetails(ApicurioRegistryBaseIT.java:154)
	at io.apicurio.tests.ApicurioRegistryBaseIT$RegistryApiErrorWatcher.logProblemDetails(ApicurioRegistryBaseIT.java:154)
	at io.apicurio.tests.ApicurioRegistryBaseIT$RegistryApiErrorWatcher.logProblemDetails(ApicurioRegistryBaseIT.java:154)
	at io.apicurio.tests.ApicurioRegistryBaseIT$RegistryApiErrorWatcher.logProblemDetails(ApicurioRegistryBaseIT.java:154)
	at io.apicurio.tests.ApicurioRegistryBaseIT$RegistryApiErrorWatcher.logProblemDetails(ApicurioRegistryBaseIT.java:154)
	at io.apicurio.tests.ApicurioRegistryBaseIT$RegistryApiErrorWatcher.logProblemDetails(ApicurioRegistryBaseIT.java:154)
	at io.apicurio.tests.ApicurioRegistryBaseIT$RegistryApiErrorWatcher.logProblemDetails(ApicurioRegistryBaseIT.java:154)
	at io.apicurio.tests.ApicurioRegistryBaseIT$RegistryApiErrorWatcher.logProblemDetails(ApicurioRegistryBaseIT.java:154)
	at io.apicurio.tests.ApicurioRegistryBaseIT$RegistryApiErrorWatcher.logProblemDetails(ApicurioRegistryBaseIT.java:154)
	at io.apicurio.tests.ApicurioRegistryBaseIT$RegistryApiErrorWatcher.logProblemDetails(ApicurioRegistryBaseIT.java:154)
	at io.apicurio.tests.ApicurioRegistryBaseIT$RegistryApiErrorWatcher.logProblemDetails(ApicurioRegistryBaseIT.java:154)
	at io.apicurio.tests.ApicurioRegistryBaseIT$RegistryApiErrorWatcher.logProblemDetails(ApicurioRegistryBaseIT.java:154)
	at io.apicurio.tests.ApicurioRegistryBaseIT$RegistryApiErrorWatcher.logProblemDetails(ApicurioRegistryBaseIT.java:154)
	at io.apicurio.tests.ApicurioRegistryBaseIT$RegistryApiErrorWatcher.logProblemDetails(ApicurioRegistryBaseIT.java:154)
	at io.apicurio.tests.ApicurioRegistryBaseIT$RegistryApiErrorWatcher.logProblemDetails(ApicurioRegistryBaseIT.java:154)
	at io.apicurio.tests.ApicurioRegistryBaseIT$RegistryApiErrorWatcher.logProblemDetails(ApicurioRegistryBaseIT.java:154)
	at io.apicurio.tests.ApicurioRegistryBaseIT$RegistryApiErrorWatcher.logProblemDetails(ApicurioRegistryBaseIT.java:154)
	at io.apicurio.tests.ApicurioRegistryBaseIT$RegistryApiErrorWatcher.logProblemDetails(ApicurioRegistryBaseIT.java:154)
	at io.apicurio.tests.ApicurioRegistryBaseIT$RegistryApiErrorWatcher.logProblemDetails(ApicurioRegistryBaseIT.java:154)
	at io.apicurio.tests.ApicurioRegistryBaseIT$RegistryApiErrorWatcher.logProblemDetails(ApicurioRegistryBaseIT.java:154)
	at io.apicurio.tests.ApicurioRegistryBaseIT$RegistryApiErrorWatcher.logProblemDetails(ApicurioRegistryBaseIT.java:154)
	at io.apicurio.tests.ApicurioRegistryBaseIT$RegistryApiErrorWatcher.logProblemDetails(ApicurioRegistryBaseIT.java:154)
	at io.apicurio.tests.ApicurioRegistryBaseIT$RegistryApiErrorWatcher.logProblemDetails(ApicurioRegistryBaseIT.java:154)
	at io.apicurio.tests.ApicurioRegistryBaseIT$RegistryApiErrorWatcher.logProblemDetails(ApicurioRegistryBaseIT.java:154)
	at io.apicurio.tests.ApicurioRegistryBaseIT$RegistryApiErrorWatcher.logProblemDetails(ApicurioRegistryBaseIT.java:154)
	at io.apicurio.tests.ApicurioRegistryBaseIT$RegistryApiErrorWatcher.logProblemDetails(ApicurioRegistryBaseIT.java:154)
	at io.apicurio.tests.ApicurioRegistryBaseIT$RegistryApiErrorWatcher.logProblemDetails(ApicurioRegistryBaseIT.java:154)
	at io.apicurio.tests.ApicurioRegistryBaseIT$RegistryApiErrorWatcher.logProblemDetails(ApicurioRegistryBaseIT.java:154)
	at io.apicurio.tests.ApicurioRegistryBaseIT$RegistryApiErrorWatcher.logProblemDetails(ApicurioRegistryBaseIT.java:154)
	at io.apicurio.tests.ApicurioRegistryBaseIT$RegistryApiErrorWatcher.logProblemDetails(ApicurioRegistryBaseIT.java:154)
	at io.apicurio.tests.ApicurioRegistryBaseIT$RegistryApiErrorWatcher.logProblemDetails(ApicurioRegistryBaseIT.java:154)
	at io.apicurio.tests.ApicurioRegistryBaseIT$RegistryApiErrorWatcher.logProblemDetails(ApicurioRegistryBaseIT.java:154)
	at io.apicurio.tests.ApicurioRegistryBaseIT$RegistryApiErrorWatcher.logProblemDetails(ApicurioRegistryBaseIT.java:154)
	at io.apicurio.tests.ApicurioRegistryBaseIT$RegistryApiErrorWatcher.logProblemDetails(ApicurioRegistryBaseIT.java:154)
	at io.apicurio.tests.ApicurioRegistryBaseIT$RegistryApiErrorWatcher.logProblemDetails(ApicurioRegistryBaseIT.java:154)
	at io.apicurio.tests.ApicurioRegistryBaseIT$RegistryApiErrorWatcher.logProblemDetails(ApicurioRegistryBaseIT.java:154)
	at io.apicurio.tests.ApicurioRegistryBaseIT$RegistryApiErrorWatcher.logProblemDetails(ApicurioRegistryBaseIT.java:154)
	at io.apicurio.tests.ApicurioRegistryBaseIT$RegistryApiErrorWatcher.logProblemDetails(ApicurioRegistryBaseIT.java:154)
	at io.apicurio.tests.ApicurioRegistryBaseIT$RegistryApiErrorWatcher.logProblemDetails(ApicurioRegistryBaseIT.java:154)
	at io.apicurio.tests.ApicurioRegistryBaseIT$RegistryApiErrorWatcher.logProblemDetails(ApicurioRegistryBaseIT.java:154)
	at io.apicurio.tests.ApicurioRegistryBaseIT$RegistryApiErrorWatcher.logProblemDetails(ApicurioRegistryBaseIT.java:154)
	at io.apicurio.tests.ApicurioRegistryBaseIT$RegistryApiErrorWatcher.logProblemDetails(ApicurioRegistryBaseIT.java:154)
	at io.apicurio.tests.ApicurioRegistryBaseIT$RegistryApiErrorWatcher.logProblemDetails(ApicurioRegistryBaseIT.java:154)
	at io.apicurio.tests.ApicurioRegistryBaseIT$RegistryApiErrorWatcher.logProblemDetails(ApicurioRegistryBaseIT.java:154)
	at io.apicurio.tests.ApicurioRegistryBaseIT$RegistryApiErrorWatcher.logProblemDetails(ApicurioRegistryBaseIT.java:154)
	at io.apicurio.tests.ApicurioRegistryBaseIT$RegistryApiErrorWatcher.logProblemDetails(ApicurioRegistryBaseIT.java:154)
	at io.apicurio.tests.ApicurioRegistryBaseIT$RegistryApiErrorWatcher.logProblemDetails(ApicurioRegistryBaseIT.java:154)
	at io.apicurio.tests.ApicurioRegistryBaseIT$RegistryApiErrorWatcher.logProblemDetails(ApicurioRegistryBaseIT.java:154)
	at io.apicurio.tests.ApicurioRegistryBaseIT$RegistryApiErrorWatcher.logProblemDetails(ApicurioRegistryBaseIT.java:154)
	at io.apicurio.tests.ApicurioRegistryBaseIT$RegistryApiErrorWatcher.logProblemDetails(ApicurioRegistryBaseIT.java:154)
	at io.apicurio.tests.ApicurioRegistryBaseIT$RegistryApiErrorWatcher.logProblemDetails(ApicurioRegistryBaseIT.java:154)
	at io.apicurio.tests.ApicurioRegistryBaseIT$RegistryApiErrorWatcher.logProblemDetails(ApicurioRegistryBaseIT.java:154)
	at io.apicurio.tests.ApicurioRegistryBaseIT$RegistryApiErrorWatcher.logProblemDetails(ApicurioRegistryBaseIT.java:154)
	at io.apicurio.tests.ApicurioRegistryBaseIT$RegistryApiErrorWatcher.logProblemDetails(ApicurioRegistryBaseIT.java:154)
	at io.apicurio.tests.ApicurioRegistryBaseIT$RegistryApiErrorWatcher.logProblemDetails(ApicurioRegistryBaseIT.java:154)
	at io.apicurio.tests.ApicurioRegistryBaseIT$RegistryApiErrorWatcher.logProblemDetails(ApicurioRegistryBaseIT.java:154)
	at io.apicurio.tests.ApicurioRegistryBaseIT$RegistryApiErrorWatcher.logProblemDetails(ApicurioRegistryBaseIT.java:154)
	at io.apicurio.tests.ApicurioRegistryBaseIT$RegistryApiErrorWatcher.logProblemDetails(ApicurioRegistryBaseIT.java:154)
	at io.apicurio.tests.ApicurioRegistryBaseIT$RegistryApiErrorWatcher.logProblemDetails(ApicurioRegistryBaseIT.java:154)
	at io.apicurio.tests.ApicurioRegistryBaseIT$RegistryApiErrorWatcher.logProblemDetails(ApicurioRegistryBaseIT.java:154)
	at io.apicurio.tests.ApicurioRegistryBaseIT$RegistryApiErrorWatcher.logProblemDetails(ApicurioRegistryBaseIT.java:154)
	at io.apicurio.tests.ApicurioRegistryBaseIT$RegistryApiErrorWatcher.logProblemDetails(ApicurioRegistryBaseIT.java:154)
	at io.apicurio.tests.ApicurioRegistryBaseIT$RegistryApiErrorWatcher.logProblemDetails(ApicurioRegistryBaseIT.java:154)
	at io.apicurio.tests.ApicurioRegistryBaseIT$RegistryApiErrorWatcher.logProblemDetails(ApicurioRegistryBaseIT.java:154)
	at io.apicurio.tests.ApicurioRegistryBaseIT$RegistryApiErrorWatcher.logProblemDetails(ApicurioRegistryBaseIT.java:154)
	at io.apicurio.tests.ApicurioRegistryBaseIT$RegistryApiErrorWatcher.logProblemDetails(ApicurioRegistryBaseIT.java:154)
	at io.apicurio.tests.ApicurioRegistryBaseIT$RegistryApiErrorWatcher.logProblemDetails(ApicurioRegistryBaseIT.java:154)
	at io.apicurio.tests.ApicurioRegistryBaseIT$RegistryApiErrorWatcher.logProblemDetails(ApicurioRegistryBaseIT.java:154)
	at io.apicurio.tests.ApicurioRegistryBaseIT$RegistryApiErrorWatcher.logProblemDetails(ApicurioRegistryBaseIT.java:154)
	at io.apicurio.tests.ApicurioRegistryBaseIT$RegistryApiErrorWatcher.logProblemDetails(ApicurioRegistryBaseIT.java:154)
	at io.apicurio.tests.ApicurioRegistryBaseIT$RegistryApiErrorWatcher.logProblemDetails(ApicurioRegistryBaseIT.java:154)
	at io.apicurio.tests.ApicurioRegistryBaseIT$RegistryApiErrorWatcher.logProblemDetails(ApicurioRegistryBaseIT.java:154)
	at io.apicurio.tests.ApicurioRegistryBaseIT$RegistryApiErrorWatcher.logProblemDetails(ApicurioRegistryBaseIT.java:154)
	at io.apicurio.tests.ApicurioRegistryBaseIT$RegistryApiErrorWatcher.logProblemDetails(ApicurioRegistryBaseIT.java:154)
	at io.apicurio.tests.ApicurioRegistryBaseIT$RegistryApiErrorWatcher.logProblemDetails(ApicurioRegistryBaseIT.java:154)
	at io.apicurio.tests.ApicurioRegistryBaseIT$RegistryApiErrorWatcher.logProblemDetails(ApicurioRegistryBaseIT.java:154)
	at io.apicurio.tests.ApicurioRegistryBaseIT$RegistryApiErrorWatcher.logProblemDetails(ApicurioRegistryBaseIT.java:154)
	at io.apicurio.tests.ApicurioRegistryBaseIT$RegistryApiErrorWatcher.logProblemDetails(ApicurioRegistryBaseIT.java:154)
	at io.apicurio.tests.ApicurioRegistryBaseIT$RegistryApiErrorWatcher.logProblemDetails(ApicurioRegistryBaseIT.java:154)
	at io.apicurio.tests.ApicurioRegistryBaseIT$RegistryApiErrorWatcher.logProblemDetails(ApicurioRegistryBaseIT.java:154)
	at io.apicurio.tests.ApicurioRegistryBaseIT$RegistryApiErrorWatcher.logProblemDetails(ApicurioRegistryBaseIT.java:154)
	at io.apicurio.tests.ApicurioRegistryBaseIT$RegistryApiErrorWatcher.logProblemDetails(ApicurioRegistryBaseIT.java:154)
	at io.apicurio.tests.ApicurioRegistryBaseIT$RegistryApiErrorWatcher.logProblemDetails(ApicurioRegistryBaseIT.java:154)
	at io.apicurio.tests.ApicurioRegistryBaseIT$RegistryApiErrorWatcher.logProblemDetails(ApicurioRegistryBaseIT.java:154)
	at io.apicurio.tests.ApicurioRegistryBaseIT$RegistryApiErrorWatcher.logProblemDetails(ApicurioRegistryBaseIT.java:154)
	at io.apicurio.tests.ApicurioRegistryBaseIT$RegistryApiErrorWatcher.logProblemDetails(ApicurioRegistryBaseIT.java:154)
	at io.apicurio.tests.ApicurioRegistryBaseIT$RegistryApiErrorWatcher.logProblemDetails(ApicurioRegistryBaseIT.java:154)
	at io.apicurio.tests.ApicurioRegistryBaseIT$RegistryApiErrorWatcher.logProblemDetails(ApicurioRegistryBaseIT.java:154)
	at io.apicurio.tests.ApicurioRegistryBaseIT$RegistryApiErrorWatcher.logProblemDetails(ApicurioRegistryBaseIT.java:154)
	at io.apicurio.tests.ApicurioRegistryBaseIT$RegistryApiErrorWatcher.logProblemDetails(ApicurioRegistryBaseIT.java:154)
	at io.apicurio.tests.ApicurioRegistryBaseIT$RegistryApiErrorWatcher.logProblemDetails(ApicurioRegistryBaseIT.java:154)
	at io.apicurio.tests.ApicurioRegistryBaseIT$RegistryApiErrorWatcher.logProblemDetails(ApicurioRegistryBaseIT.java:154)
	at io.apicurio.tests.ApicurioRegistryBaseIT$RegistryApiErrorWatcher.logProblemDetails(ApicurioRegistryBaseIT.java:154)
	at io.apicurio.tests.ApicurioRegistryBaseIT$RegistryApiErrorWatcher.logProblemDetails(ApicurioRegistryBaseIT.java:154)
	at io.apicurio.tests.ApicurioRegistryBaseIT$RegistryApiErrorWatcher.logProblemDetails(ApicurioRegistryBaseIT.java:154)
	at io.apicurio.tests.ApicurioRegistryBaseIT$RegistryApiErrorWatcher.logProblemDetails(ApicurioRegistryBaseIT.java:154)
	at io.apicurio.tests.ApicurioRegistryBaseIT$RegistryApiErrorWatcher.logProblemDetails(ApicurioRegistryBaseIT.java:154)
	at io.apicurio.tests.ApicurioRegistryBaseIT$RegistryApiErrorWatcher.logProblemDetails(ApicurioRegistryBaseIT.java:154)
	at io.apicurio.tests.ApicurioRegistryBaseIT$RegistryApiErrorWatcher.logProblemDetails(ApicurioRegistryBaseIT.java:154)
	at io.apicurio.tests.ApicurioRegistryBaseIT$RegistryApiErrorWatcher.logProblemDetails(ApicurioRegistryBaseIT.java:154)
	at io.apicurio.tests.ApicurioRegistryBaseIT$RegistryApiErrorWatcher.logProblemDetails(ApicurioRegistryBaseIT.java:154)
	at io.apicurio.tests.ApicurioRegistryBaseIT$RegistryApiErrorWatcher.logProblemDetails(ApicurioRegistryBaseIT.java:154)
	at io.apicurio.tests.ApicurioRegistryBaseIT$RegistryApiErrorWatcher.logProblemDetails(ApicurioRegistryBaseIT.java:154)
	at io.apicurio.tests.ApicurioRegistryBaseIT$RegistryApiErrorWatcher.logProblemDetails(ApicurioRegistryBaseIT.java:154)
	at io.apicurio.tests.ApicurioRegistryBaseIT$RegistryApiErrorWatcher.logProblemDetails(ApicurioRegistryBaseIT.java:154)
	at io.apicurio.tests.ApicurioRegistryBaseIT$RegistryApiErrorWatcher.logProblemDetails(ApicurioRegistryBaseIT.java:154)
	at io.apicurio.tests.ApicurioRegistryBaseIT$RegistryApiErrorWatcher.logProblemDetails(ApicurioRegistryBaseIT.java:154)
	at io.apicurio.tests.ApicurioRegistryBaseIT$RegistryApiErrorWatcher.logProblemDetails(ApicurioRegistryBaseIT.java:154)
	at io.apicurio.tests.ApicurioRegistryBaseIT$RegistryApiErrorWatcher.logProblemDetails(ApicurioRegistryBaseIT.java:154)
	at io.apicurio.tests.ApicurioRegistryBaseIT$RegistryApiErrorWatcher.logProblemDetails(ApicurioRegistryBaseIT.java:154)
	at io.apicurio.tests.ApicurioRegistryBaseIT$RegistryApiErrorWatcher.logProblemDetails(ApicurioRegistryBaseIT.java:154)
	at io.apicurio.tests.ApicurioRegistryBaseIT$RegistryApiErrorWatcher.logProblemDetails(ApicurioRegistryBaseIT.java:154)
	at io.apicurio.tests.ApicurioRegistryBaseIT$RegistryApiErrorWatcher.logProblemDetails(ApicurioRegistryBaseIT.java:154)
	at io.apicurio.tests.ApicurioRegistryBaseIT$RegistryApiErrorWatcher.logProblemDetails(ApicurioRegistryBaseIT.java:154)
	at io.apicurio.tests.ApicurioRegistryBaseIT$RegistryApiErrorWatcher.logProblemDetails(ApicurioRegistryBaseIT.java:154)
	at io.apicurio.tests.ApicurioRegistryBaseIT$RegistryApiErrorWatcher.logProblemDetails(ApicurioRegistryBaseIT.java:154)
	at io.apicurio.tests.ApicurioRegistryBaseIT$RegistryApiErrorWatcher.logProblemDetails(ApicurioRegistryBaseIT.java:154)
	at io.apicurio.tests.ApicurioRegistryBaseIT$RegistryApiErrorWatcher.logProblemDetails(ApicurioRegistryBaseIT.java:154)
	at io.apicurio.tests.ApicurioRegistryBaseIT$RegistryApiErrorWatcher.logProblemDetails(ApicurioRegistryBaseIT.java:154)
	at io.apicurio.tests.ApicurioRegistryBaseIT$RegistryApiErrorWatcher.logProblemDetails(ApicurioRegistryBaseIT.java:154)
	at io.apicurio.tests.ApicurioRegistryBaseIT$RegistryApiErrorWatcher.logProblemDetails(ApicurioRegistryBaseIT.java:154)
	at io.apicurio.tests.ApicurioRegistryBaseIT$RegistryApiErrorWatcher.logProblemDetails(ApicurioRegistryBaseIT.java:154)
	at io.apicurio.tests.ApicurioRegistryBaseIT$RegistryApiErrorWatcher.logProblemDetails(ApicurioRegistryBaseIT.java:154)
	at io.apicurio.tests.ApicurioRegistryBaseIT$RegistryApiErrorWatcher.logProblemDetails(ApicurioRegistryBaseIT.java:154)
	at io.apicurio.tests.ApicurioRegistryBaseIT$RegistryApiErrorWatcher.logProblemDetails(ApicurioRegistryBaseIT.java:154)
	at io.apicurio.tests.ApicurioRegistryBaseIT$RegistryApiErrorWatcher.logProblemDetails(ApicurioRegistryBaseIT.java:154)
	at io.apicurio.tests.ApicurioRegistryBaseIT$RegistryApiErrorWatcher.logProblemDetails(ApicurioRegistryBaseIT.java:154)

]]></system-out>
  </testcase>
  <testcase name="testProducerUsesDefaultConsumerUsesGlobalId" classname="io.apicurio.tests.serdes.apicurio.AvroSerdeIT" time="0.0">
    <skipped message="void io.apicurio.tests.serdes.apicurio.AvroSerdeIT.testProducerUsesDefaultConsumerUsesGlobalId() throws java.lang.Exception is @Disabled"/>
  </testcase>
  <testcase name="testEvolveAvroApicurio" classname="io.apicurio.tests.serdes.apicurio.AvroSerdeIT" time="2.321">
    <error type="io.apicurio.registry.rest.client.models.RuleViolationProblemDetails"><![CDATA[io.apicurio.registry.rest.client.models.RuleViolationProblemDetails
	at io.apicurio.registry.rest.client.models.RuleViolationProblemDetails.createFromDiscriminatorValue(RuleViolationProblemDetails.java:62)
	at io.kiota.serialization.json.JsonParseNode.getObjectValue(JsonParseNode.java:247)
	at io.kiota.http.vertx.VertXRequestAdapter.lambda$throwIfFailedResponse$0(VertXRequestAdapter.java:400)
	at com.microsoft.kiota.ApiExceptionBuilder.<init>(ApiExceptionBuilder.java:26)
	at io.kiota.http.vertx.VertXRequestAdapter.throwIfFailedResponse(VertXRequestAdapter.java:399)
	at io.kiota.http.vertx.VertXRequestAdapter.send(VertXRequestAdapter.java:170)
	at io.apicurio.registry.rest.client.groups.item.artifacts.item.versions.VersionsRequestBuilder.post(VersionsRequestBuilder.java:117)
	at io.apicurio.registry.rest.client.groups.item.artifacts.item.versions.VersionsRequestBuilder.post(VersionsRequestBuilder.java:94)
	at io.apicurio.tests.ApicurioRegistryBaseIT.createArtifactVersion(ApicurioRegistryBaseIT.java:212)
	at io.apicurio.tests.serdes.apicurio.AvroSerdeIT.evolveSchemaTest(AvroSerdeIT.java:337)
	at io.apicurio.tests.serdes.apicurio.AvroSerdeIT.testEvolveAvroApicurio(AvroSerdeIT.java:275)
	at java.base/java.lang.reflect.Method.invoke(Method.java:569)
	at java.base/java.util.ArrayList.forEach(ArrayList.java:1511)
	at java.base/java.util.ArrayList.forEach(ArrayList.java:1511)
]]></error>
    <system-out><![CDATA[2025-07-31 17:04:26,407 INFO  [io.api.tes.uti.TestSeparator] (main) ############################################################################
2025-07-31 17:04:26,407 INFO  [io.api.tes.uti.TestSeparator] (main) io.apicurio.tests.serdes.apicurio.AvroSerdeIT.testEvolveAvroApicurio-STARTED
2025-07-31 17:04:26,408 INFO  [io.api.tes.ser.api.AvroSerdeIT] (main) Registering Avro Schema: {"type":"record","name":"s2de19405xa34dx4cbcx853dx48a9807b68f4","namespace":"ns_31a9b262_a757_4e9d_8328_540c206d20a5","fields":[{"name":"key11753981466408","type":"string"}]}
**** Registry Base URL: http://registry-app-mysql.apps.ci419.apicurio-testing.org:80
2025-07-31 17:04:27,635 INFO  [org.apa.kaf.cli.pro.ProducerConfig] (main) ProducerConfig values: 
	acks = -1
	auto.include.jmx.reporter = true
	batch.size = 16384
	bootstrap.servers = [PLAINTEXT://localhost:32770]
	buffer.memory = 33554432
	client.dns.lookup = use_all_dns_ips
	client.id = Producer-topic-6b8156c9_5e1e_4622_a98c_e3470848baf1
	compression.gzip.level = -1
	compression.lz4.level = 9
	compression.type = none
	compression.zstd.level = 3
	connections.max.idle.ms = 10000
	delivery.timeout.ms = 120000
	enable.idempotence = true
	enable.metrics.push = true
	interceptor.classes = []
	key.serializer = class org.apache.kafka.common.serialization.StringSerializer
	linger.ms = 0
	max.block.ms = 60000
	max.in.flight.requests.per.connection = 5
	max.request.size = 1048576
	metadata.max.age.ms = 300000
	metadata.max.idle.ms = 300000
	metadata.recovery.strategy = none
	metric.reporters = []
	metrics.num.samples = 2
	metrics.recording.level = INFO
	metrics.sample.window.ms = 30000
	partitioner.adaptive.partitioning.enable = true
	partitioner.availability.timeout.ms = 0
	partitioner.class = null
	partitioner.ignore.keys = false
	receive.buffer.bytes = 32768
	reconnect.backoff.max.ms = 1000
	reconnect.backoff.ms = 50
	request.timeout.ms = 5000
	retries = 2147483647
	retry.backoff.max.ms = 1000
	retry.backoff.ms = 100
	sasl.client.callback.handler.class = null
	sasl.jaas.config = null
	sasl.kerberos.kinit.cmd = /usr/bin/kinit
	sasl.kerberos.min.time.before.relogin = 60000
	sasl.kerberos.service.name = null
	sasl.kerberos.ticket.renew.jitter = 0.05
	sasl.kerberos.ticket.renew.window.factor = 0.8
	sasl.login.callback.handler.class = null
	sasl.login.class = null
	sasl.login.connect.timeout.ms = null
	sasl.login.read.timeout.ms = null
	sasl.login.refresh.buffer.seconds = 300
	sasl.login.refresh.min.period.seconds = 60
	sasl.login.refresh.window.factor = 0.8
	sasl.login.refresh.window.jitter = 0.05
	sasl.login.retry.backoff.max.ms = 10000
	sasl.login.retry.backoff.ms = 100
	sasl.mechanism = GSSAPI
	sasl.oauthbearer.clock.skew.seconds = 30
	sasl.oauthbearer.expected.audience = null
	sasl.oauthbearer.expected.issuer = null
	sasl.oauthbearer.header.urlencode = false
	sasl.oauthbearer.jwks.endpoint.refresh.ms = 3600000
	sasl.oauthbearer.jwks.endpoint.retry.backoff.max.ms = 10000
	sasl.oauthbearer.jwks.endpoint.retry.backoff.ms = 100
	sasl.oauthbearer.jwks.endpoint.url = null
	sasl.oauthbearer.scope.claim.name = scope
	sasl.oauthbearer.sub.claim.name = sub
	sasl.oauthbearer.token.endpoint.url = null
	security.protocol = PLAINTEXT
	security.providers = null
	send.buffer.bytes = 131072
	socket.connection.setup.timeout.max.ms = 30000
	socket.connection.setup.timeout.ms = 10000
	ssl.cipher.suites = null
	ssl.enabled.protocols = [TLSv1.2, TLSv1.3]
	ssl.endpoint.identification.algorithm = https
	ssl.engine.factory.class = null
	ssl.key.password = null
	ssl.keymanager.algorithm = SunX509
	ssl.keystore.certificate.chain = null
	ssl.keystore.key = null
	ssl.keystore.location = null
	ssl.keystore.password = null
	ssl.keystore.type = JKS
	ssl.protocol = TLSv1.3
	ssl.provider = null
	ssl.secure.random.implementation = null
	ssl.trustmanager.algorithm = PKIX
	ssl.truststore.certificates = null
	ssl.truststore.location = null
	ssl.truststore.password = null
	ssl.truststore.type = JKS
	transaction.timeout.ms = 60000
	transactional.id = null
	value.serializer = class io.apicurio.registry.serde.avro.AvroKafkaSerializer

2025-07-31 17:04:27,635 INFO  [org.apa.kaf.com.tel.int.KafkaMetricsCollector] (main) initializing Kafka metrics collector
2025-07-31 17:04:27,638 INFO  [org.apa.kaf.cli.pro.KafkaProducer] (main) [Producer clientId=Producer-topic-6b8156c9_5e1e_4622_a98c_e3470848baf1] Instantiated an idempotent producer.
2025-07-31 17:04:27,644 INFO  [org.apa.kaf.cli.pro.ProducerConfig] (main) These configurations '[apicurio.registry.url, apicurio.registry.artifact-resolver-strategy]' were supplied but are not used yet.
2025-07-31 17:04:27,644 INFO  [org.apa.kaf.com.uti.AppInfoParser] (main) Kafka version: 3.9.1
2025-07-31 17:04:27,644 INFO  [org.apa.kaf.com.uti.AppInfoParser] (main) Kafka commitId: f745dfdcee2b9851
2025-07-31 17:04:27,644 INFO  [org.apa.kaf.com.uti.AppInfoParser] (main) Kafka startTimeMs: 1753981467644
**** Registry Base URL: http://registry-app-mysql.apps.ci419.apicurio-testing.org:80
2025-07-31 17:04:27,644 INFO  [org.apa.kaf.cli.con.ConsumerConfig] (main) ConsumerConfig values: 
	allow.auto.create.topics = true
	auto.commit.interval.ms = 500
	auto.include.jmx.reporter = true
	auto.offset.reset = earliest
	bootstrap.servers = [PLAINTEXT://localhost:32770]
	check.crcs = true
	client.dns.lookup = use_all_dns_ips
	client.id = consumer-Consumer-topic-6b8156c9_5e1e_4622_a98c_e3470848baf1-9
	client.rack = 
	connections.max.idle.ms = 10000
	default.api.timeout.ms = 60000
	enable.auto.commit = true
	enable.metrics.push = true
	exclude.internal.topics = true
	fetch.max.bytes = 52428800
	fetch.max.wait.ms = 500
	fetch.min.bytes = 1
	group.id = Consumer-topic-6b8156c9_5e1e_4622_a98c_e3470848baf1
	group.instance.id = null
	group.protocol = classic
	group.remote.assignor = null
	heartbeat.interval.ms = 3000
	interceptor.classes = []
	internal.leave.group.on.close = true
	internal.throw.on.fetch.stable.offset.unsupported = false
	isolation.level = read_uncommitted
	key.deserializer = class org.apache.kafka.common.serialization.StringDeserializer
	max.partition.fetch.bytes = 1048576
	max.poll.interval.ms = 300000
	max.poll.records = 500
	metadata.max.age.ms = 300000
	metadata.recovery.strategy = none
	metric.reporters = []
	metrics.num.samples = 2
	metrics.recording.level = INFO
	metrics.sample.window.ms = 30000
	partition.assignment.strategy = [class org.apache.kafka.clients.consumer.RangeAssignor, class org.apache.kafka.clients.consumer.CooperativeStickyAssignor]
	receive.buffer.bytes = 65536
	reconnect.backoff.max.ms = 1000
	reconnect.backoff.ms = 50
	request.timeout.ms = 5000
	retry.backoff.max.ms = 1000
	retry.backoff.ms = 100
	sasl.client.callback.handler.class = null
	sasl.jaas.config = null
	sasl.kerberos.kinit.cmd = /usr/bin/kinit
	sasl.kerberos.min.time.before.relogin = 60000
	sasl.kerberos.service.name = null
	sasl.kerberos.ticket.renew.jitter = 0.05
	sasl.kerberos.ticket.renew.window.factor = 0.8
	sasl.login.callback.handler.class = null
	sasl.login.class = null
	sasl.login.connect.timeout.ms = null
	sasl.login.read.timeout.ms = null
	sasl.login.refresh.buffer.seconds = 300
	sasl.login.refresh.min.period.seconds = 60
	sasl.login.refresh.window.factor = 0.8
	sasl.login.refresh.window.jitter = 0.05
	sasl.login.retry.backoff.max.ms = 10000
	sasl.login.retry.backoff.ms = 100
	sasl.mechanism = GSSAPI
	sasl.oauthbearer.clock.skew.seconds = 30
	sasl.oauthbearer.expected.audience = null
	sasl.oauthbearer.expected.issuer = null
	sasl.oauthbearer.header.urlencode = false
	sasl.oauthbearer.jwks.endpoint.refresh.ms = 3600000
	sasl.oauthbearer.jwks.endpoint.retry.backoff.max.ms = 10000
	sasl.oauthbearer.jwks.endpoint.retry.backoff.ms = 100
	sasl.oauthbearer.jwks.endpoint.url = null
	sasl.oauthbearer.scope.claim.name = scope
	sasl.oauthbearer.sub.claim.name = sub
	sasl.oauthbearer.token.endpoint.url = null
	security.protocol = PLAINTEXT
	security.providers = null
	send.buffer.bytes = 131072
	session.timeout.ms = 45000
	socket.connection.setup.timeout.max.ms = 30000
	socket.connection.setup.timeout.ms = 10000
	ssl.cipher.suites = null
	ssl.enabled.protocols = [TLSv1.2, TLSv1.3]
	ssl.endpoint.identification.algorithm = https
	ssl.engine.factory.class = null
	ssl.key.password = null
	ssl.keymanager.algorithm = SunX509
	ssl.keystore.certificate.chain = null
	ssl.keystore.key = null
	ssl.keystore.location = null
	ssl.keystore.password = null
	ssl.keystore.type = JKS
	ssl.protocol = TLSv1.3
	ssl.provider = null
	ssl.secure.random.implementation = null
	ssl.trustmanager.algorithm = PKIX
	ssl.truststore.certificates = null
	ssl.truststore.location = null
	ssl.truststore.password = null
	ssl.truststore.type = JKS
	value.deserializer = class io.apicurio.registry.serde.avro.AvroKafkaDeserializer

2025-07-31 17:04:27,645 INFO  [org.apa.kaf.com.tel.int.KafkaMetricsCollector] (main) initializing Kafka metrics collector
2025-07-31 17:04:27,655 INFO  [org.apa.kaf.cli.con.ConsumerConfig] (main) These configurations '[apicurio.registry.url]' were supplied but are not used yet.
2025-07-31 17:04:27,655 INFO  [org.apa.kaf.com.uti.AppInfoParser] (main) Kafka version: 3.9.1
2025-07-31 17:04:27,655 INFO  [org.apa.kaf.com.uti.AppInfoParser] (main) Kafka commitId: f745dfdcee2b9851
2025-07-31 17:04:27,655 INFO  [org.apa.kaf.com.uti.AppInfoParser] (main) Kafka startTimeMs: 1753981467655
2025-07-31 17:04:27,656 INFO  [io.api.tes.ser.api.KafkaSerdesTester] (Thread-656) Sending message {"key11753981466408": "value-0"} to topic topic-6b8156c9_5e1e_4622_a98c_e3470848baf1
2025-07-31 17:04:27,659 INFO  [org.apa.kaf.cli.Metadata] (kafka-producer-network-thread | Producer-topic-6b8156c9_5e1e_4622_a98c_e3470848baf1) [Producer clientId=Producer-topic-6b8156c9_5e1e_4622_a98c_e3470848baf1] Cluster ID: hHUi-5-6SnyFRAH2goQrJA
2025-07-31 17:04:27,661 INFO  [org.apa.kaf.cli.pro.int.TransactionManager] (kafka-producer-network-thread | Producer-topic-6b8156c9_5e1e_4622_a98c_e3470848baf1) [Producer clientId=Producer-topic-6b8156c9_5e1e_4622_a98c_e3470848baf1] ProducerId set to 12 with epoch 0
2025-07-31 17:04:27,666 INFO  [DefaultSchemaResolver] (Thread-656) Retrieving schema content using string: {"type":"record","name":"s2de19405xa34dx4cbcx853dx48a9807b68f4","namespace":"ns_31a9b262_a757_4e9d_8328_540c206d20a5","fields":[{"name":"key11753981466408","type":"string"}]}
2025-07-31 17:04:27,832 INFO  [io.api.tes.ser.api.KafkaSerdesTester] (Thread-656) Sending message {"key11753981466408": "value-1"} to topic topic-6b8156c9_5e1e_4622_a98c_e3470848baf1
2025-07-31 17:04:27,834 INFO  [io.api.tes.ser.api.KafkaSerdesTester] (Thread-656) Sending message {"key11753981466408": "value-2"} to topic topic-6b8156c9_5e1e_4622_a98c_e3470848baf1
2025-07-31 17:04:27,836 INFO  [io.api.tes.ser.api.KafkaSerdesTester] (Thread-656) Sending message {"key11753981466408": "value-3"} to topic topic-6b8156c9_5e1e_4622_a98c_e3470848baf1
2025-07-31 17:04:27,839 INFO  [io.api.tes.ser.api.KafkaSerdesTester] (Thread-656) Sending message {"key11753981466408": "value-4"} to topic topic-6b8156c9_5e1e_4622_a98c_e3470848baf1
2025-07-31 17:04:27,841 INFO  [io.api.tes.ser.api.KafkaSerdesTester] (Thread-656) Sending message {"key11753981466408": "value-5"} to topic topic-6b8156c9_5e1e_4622_a98c_e3470848baf1
2025-07-31 17:04:27,843 INFO  [io.api.tes.ser.api.KafkaSerdesTester] (Thread-656) Sending message {"key11753981466408": "value-6"} to topic topic-6b8156c9_5e1e_4622_a98c_e3470848baf1
2025-07-31 17:04:27,845 INFO  [io.api.tes.ser.api.KafkaSerdesTester] (Thread-656) Sending message {"key11753981466408": "value-7"} to topic topic-6b8156c9_5e1e_4622_a98c_e3470848baf1
2025-07-31 17:04:27,847 INFO  [io.api.tes.ser.api.KafkaSerdesTester] (Thread-656) Sending message {"key11753981466408": "value-8"} to topic topic-6b8156c9_5e1e_4622_a98c_e3470848baf1
2025-07-31 17:04:27,848 INFO  [io.api.tes.ser.api.KafkaSerdesTester] (Thread-656) Sending message {"key11753981466408": "value-9"} to topic topic-6b8156c9_5e1e_4622_a98c_e3470848baf1
2025-07-31 17:04:27,850 INFO  [io.api.tes.ser.api.KafkaSerdesTester] (Thread-656) Produced 10 messages
2025-07-31 17:04:27,850 INFO  [org.apa.kaf.cli.pro.KafkaProducer] (Thread-656) [Producer clientId=Producer-topic-6b8156c9_5e1e_4622_a98c_e3470848baf1] Closing the Kafka producer with timeoutMillis = 9223372036854775807 ms.
2025-07-31 17:04:27,855 INFO  [org.apa.kaf.com.met.Metrics] (Thread-656) Metrics scheduler closed
2025-07-31 17:04:27,855 INFO  [org.apa.kaf.com.met.Metrics] (Thread-656) Closing reporter org.apache.kafka.common.metrics.JmxReporter
2025-07-31 17:04:27,855 INFO  [org.apa.kaf.com.met.Metrics] (Thread-656) Closing reporter org.apache.kafka.common.telemetry.internals.ClientTelemetryReporter
2025-07-31 17:04:27,855 INFO  [org.apa.kaf.com.met.Metrics] (Thread-656) Metrics reporters closed
2025-07-31 17:04:27,855 INFO  [org.apa.kaf.com.uti.AppInfoParser] (Thread-656) App info kafka.producer for Producer-topic-6b8156c9_5e1e_4622_a98c_e3470848baf1 unregistered
2025-07-31 17:04:27,856 INFO  [org.apa.kaf.cli.con.int.ClassicKafkaConsumer] (Thread-657) [Consumer clientId=consumer-Consumer-topic-6b8156c9_5e1e_4622_a98c_e3470848baf1-9, groupId=Consumer-topic-6b8156c9_5e1e_4622_a98c_e3470848baf1] Subscribed to topic(s): topic-6b8156c9_5e1e_4622_a98c_e3470848baf1
2025-07-31 17:04:27,862 INFO  [org.apa.kaf.cli.Metadata] (Thread-657) [Consumer clientId=consumer-Consumer-topic-6b8156c9_5e1e_4622_a98c_e3470848baf1-9, groupId=Consumer-topic-6b8156c9_5e1e_4622_a98c_e3470848baf1] Cluster ID: hHUi-5-6SnyFRAH2goQrJA
2025-07-31 17:04:27,864 INFO  [org.apa.kaf.cli.con.int.ConsumerCoordinator] (Thread-657) [Consumer clientId=consumer-Consumer-topic-6b8156c9_5e1e_4622_a98c_e3470848baf1-9, groupId=Consumer-topic-6b8156c9_5e1e_4622_a98c_e3470848baf1] Discovered group coordinator localhost:32770 (id: 2147483647 rack: null)
2025-07-31 17:04:27,866 INFO  [org.apa.kaf.cli.con.int.ConsumerCoordinator] (Thread-657) [Consumer clientId=consumer-Consumer-topic-6b8156c9_5e1e_4622_a98c_e3470848baf1-9, groupId=Consumer-topic-6b8156c9_5e1e_4622_a98c_e3470848baf1] (Re-)joining group
2025-07-31 17:04:27,869 INFO  [org.apa.kaf.cli.con.int.ConsumerCoordinator] (Thread-657) [Consumer clientId=consumer-Consumer-topic-6b8156c9_5e1e_4622_a98c_e3470848baf1-9, groupId=Consumer-topic-6b8156c9_5e1e_4622_a98c_e3470848baf1] Request joining group due to: need to re-join with the given member-id: consumer-Consumer-topic-6b8156c9_5e1e_4622_a98c_e3470848baf1-9-e4f7e902-5a9f-4862-bffc-935927b19cf9
2025-07-31 17:04:27,869 INFO  [org.apa.kaf.cli.con.int.ConsumerCoordinator] (Thread-657) [Consumer clientId=consumer-Consumer-topic-6b8156c9_5e1e_4622_a98c_e3470848baf1-9, groupId=Consumer-topic-6b8156c9_5e1e_4622_a98c_e3470848baf1] (Re-)joining group
2025-07-31 17:04:27,875 INFO  [org.apa.kaf.cli.con.int.ConsumerCoordinator] (Thread-657) [Consumer clientId=consumer-Consumer-topic-6b8156c9_5e1e_4622_a98c_e3470848baf1-9, groupId=Consumer-topic-6b8156c9_5e1e_4622_a98c_e3470848baf1] Successfully joined group with generation Generation{generationId=1, memberId='consumer-Consumer-topic-6b8156c9_5e1e_4622_a98c_e3470848baf1-9-e4f7e902-5a9f-4862-bffc-935927b19cf9', protocol='range'}
2025-07-31 17:04:27,875 INFO  [org.apa.kaf.cli.con.int.ConsumerCoordinator] (Thread-657) [Consumer clientId=consumer-Consumer-topic-6b8156c9_5e1e_4622_a98c_e3470848baf1-9, groupId=Consumer-topic-6b8156c9_5e1e_4622_a98c_e3470848baf1] Finished assignment for group at generation 1: {consumer-Consumer-topic-6b8156c9_5e1e_4622_a98c_e3470848baf1-9-e4f7e902-5a9f-4862-bffc-935927b19cf9=Assignment(partitions=[topic-6b8156c9_5e1e_4622_a98c_e3470848baf1-0])}
2025-07-31 17:04:27,878 INFO  [org.apa.kaf.cli.con.int.ConsumerCoordinator] (Thread-657) [Consumer clientId=consumer-Consumer-topic-6b8156c9_5e1e_4622_a98c_e3470848baf1-9, groupId=Consumer-topic-6b8156c9_5e1e_4622_a98c_e3470848baf1] Successfully synced group in generation Generation{generationId=1, memberId='consumer-Consumer-topic-6b8156c9_5e1e_4622_a98c_e3470848baf1-9-e4f7e902-5a9f-4862-bffc-935927b19cf9', protocol='range'}
2025-07-31 17:04:27,879 INFO  [org.apa.kaf.cli.con.int.ConsumerCoordinator] (Thread-657) [Consumer clientId=consumer-Consumer-topic-6b8156c9_5e1e_4622_a98c_e3470848baf1-9, groupId=Consumer-topic-6b8156c9_5e1e_4622_a98c_e3470848baf1] Notifying assignor about the new Assignment(partitions=[topic-6b8156c9_5e1e_4622_a98c_e3470848baf1-0])
2025-07-31 17:04:27,879 INFO  [org.apa.kaf.cli.con.int.ConsumerRebalanceListenerInvoker] (Thread-657) [Consumer clientId=consumer-Consumer-topic-6b8156c9_5e1e_4622_a98c_e3470848baf1-9, groupId=Consumer-topic-6b8156c9_5e1e_4622_a98c_e3470848baf1] Adding newly assigned partitions: topic-6b8156c9_5e1e_4622_a98c_e3470848baf1-0
2025-07-31 17:04:27,880 INFO  [org.apa.kaf.cli.con.int.ConsumerCoordinator] (Thread-657) [Consumer clientId=consumer-Consumer-topic-6b8156c9_5e1e_4622_a98c_e3470848baf1-9, groupId=Consumer-topic-6b8156c9_5e1e_4622_a98c_e3470848baf1] Found no committed offset for partition topic-6b8156c9_5e1e_4622_a98c_e3470848baf1-0
2025-07-31 17:04:27,881 INFO  [org.apa.kaf.cli.con.int.SubscriptionState] (Thread-657) [Consumer clientId=consumer-Consumer-topic-6b8156c9_5e1e_4622_a98c_e3470848baf1-9, groupId=Consumer-topic-6b8156c9_5e1e_4622_a98c_e3470848baf1] Resetting offset for partition topic-6b8156c9_5e1e_4622_a98c_e3470848baf1-0 to position FetchPosition{offset=0, offsetEpoch=Optional.empty, currentLeader=LeaderAndEpoch{leader=Optional[localhost:32770 (id: 0 rack: null)], epoch=0}}.
2025-07-31 17:04:28,110 INFO  [io.api.tes.ser.api.KafkaSerdesTester] (Thread-657) topic-6b8156c9_5e1e_4622_a98c_e3470848baf1 0 0 {"key11753981466408": "value-0"}
2025-07-31 17:04:28,111 INFO  [io.api.tes.ser.api.KafkaSerdesTester] (Thread-657) topic-6b8156c9_5e1e_4622_a98c_e3470848baf1 0 1 {"key11753981466408": "value-1"}
2025-07-31 17:04:28,111 INFO  [io.api.tes.ser.api.KafkaSerdesTester] (Thread-657) topic-6b8156c9_5e1e_4622_a98c_e3470848baf1 0 2 {"key11753981466408": "value-2"}
2025-07-31 17:04:28,111 INFO  [io.api.tes.ser.api.KafkaSerdesTester] (Thread-657) topic-6b8156c9_5e1e_4622_a98c_e3470848baf1 0 3 {"key11753981466408": "value-3"}
2025-07-31 17:04:28,111 INFO  [io.api.tes.ser.api.KafkaSerdesTester] (Thread-657) topic-6b8156c9_5e1e_4622_a98c_e3470848baf1 0 4 {"key11753981466408": "value-4"}
2025-07-31 17:04:28,111 INFO  [io.api.tes.ser.api.KafkaSerdesTester] (Thread-657) topic-6b8156c9_5e1e_4622_a98c_e3470848baf1 0 5 {"key11753981466408": "value-5"}
2025-07-31 17:04:28,111 INFO  [io.api.tes.ser.api.KafkaSerdesTester] (Thread-657) topic-6b8156c9_5e1e_4622_a98c_e3470848baf1 0 6 {"key11753981466408": "value-6"}
2025-07-31 17:04:28,111 INFO  [io.api.tes.ser.api.KafkaSerdesTester] (Thread-657) topic-6b8156c9_5e1e_4622_a98c_e3470848baf1 0 7 {"key11753981466408": "value-7"}
2025-07-31 17:04:28,111 INFO  [io.api.tes.ser.api.KafkaSerdesTester] (Thread-657) topic-6b8156c9_5e1e_4622_a98c_e3470848baf1 0 8 {"key11753981466408": "value-8"}
2025-07-31 17:04:28,111 INFO  [io.api.tes.ser.api.KafkaSerdesTester] (Thread-657) topic-6b8156c9_5e1e_4622_a98c_e3470848baf1 0 9 {"key11753981466408": "value-9"}
2025-07-31 17:04:28,111 INFO  [io.api.tes.ser.api.KafkaSerdesTester] (Thread-657) Consumed 10 messages
2025-07-31 17:04:28,114 INFO  [org.apa.kaf.cli.con.int.ConsumerRebalanceListenerInvoker] (Thread-657) [Consumer clientId=consumer-Consumer-topic-6b8156c9_5e1e_4622_a98c_e3470848baf1-9, groupId=Consumer-topic-6b8156c9_5e1e_4622_a98c_e3470848baf1] Revoke previously assigned partitions topic-6b8156c9_5e1e_4622_a98c_e3470848baf1-0
2025-07-31 17:04:28,114 INFO  [org.apa.kaf.cli.con.int.ConsumerCoordinator] (Thread-657) [Consumer clientId=consumer-Consumer-topic-6b8156c9_5e1e_4622_a98c_e3470848baf1-9, groupId=Consumer-topic-6b8156c9_5e1e_4622_a98c_e3470848baf1] Member consumer-Consumer-topic-6b8156c9_5e1e_4622_a98c_e3470848baf1-9-e4f7e902-5a9f-4862-bffc-935927b19cf9 sending LeaveGroup request to coordinator localhost:32770 (id: 2147483647 rack: null) due to the consumer is being closed
2025-07-31 17:04:28,114 INFO  [org.apa.kaf.cli.con.int.ConsumerCoordinator] (Thread-657) [Consumer clientId=consumer-Consumer-topic-6b8156c9_5e1e_4622_a98c_e3470848baf1-9, groupId=Consumer-topic-6b8156c9_5e1e_4622_a98c_e3470848baf1] Resetting generation and member id due to: consumer pro-actively leaving the group
2025-07-31 17:04:28,114 INFO  [org.apa.kaf.cli.con.int.ConsumerCoordinator] (Thread-657) [Consumer clientId=consumer-Consumer-topic-6b8156c9_5e1e_4622_a98c_e3470848baf1-9, groupId=Consumer-topic-6b8156c9_5e1e_4622_a98c_e3470848baf1] Request joining group due to: consumer pro-actively leaving the group
2025-07-31 17:04:28,615 INFO  [org.apa.kaf.com.met.Metrics] (Thread-657) Metrics scheduler closed
2025-07-31 17:04:28,615 INFO  [org.apa.kaf.com.met.Metrics] (Thread-657) Closing reporter org.apache.kafka.common.metrics.JmxReporter
2025-07-31 17:04:28,615 INFO  [org.apa.kaf.com.met.Metrics] (Thread-657) Closing reporter org.apache.kafka.common.telemetry.internals.ClientTelemetryReporter
2025-07-31 17:04:28,615 INFO  [org.apa.kaf.com.met.Metrics] (Thread-657) Metrics reporters closed
2025-07-31 17:04:28,617 INFO  [org.apa.kaf.com.uti.AppInfoParser] (Thread-657) App info kafka.consumer for consumer-Consumer-topic-6b8156c9_5e1e_4622_a98c_e3470848baf1-9 unregistered
2025-07-31 17:04:28,618 INFO  [io.api.tes.ser.api.AvroSerdeIT] (main) Registering Avro Schema 2: {"type":"record","name":"s2de19405xa34dx4cbcx853dx48a9807b68f4","namespace":"ns_31a9b262_a757_4e9d_8328_540c206d20a5","fields":[{"name":"key11753981466408","type":"string"},{"name":"key21753981468618","type":"string"}]}
2025-07-31 17:04:28,723 INFO  [io.api.tes.uti.TestSeparator] (main) io.apicurio.tests.serdes.apicurio.AvroSerdeIT.testEvolveAvroApicurio-FINISHED
2025-07-31 17:04:28,724 INFO  [io.api.tes.uti.TestSeparator] (main) ############################################################################
2025-07-31 17:04:28,724 ERROR [io.api.reg.uti.tes.TestUtils] (main) === TEST FAILED ===
2025-07-31 17:04:28,724 ERROR [io.api.reg.uti.tes.TestUtils] (main) Class: class io.apicurio.tests.serdes.apicurio.AvroSerdeIT
2025-07-31 17:04:28,724 ERROR [io.api.reg.uti.tes.TestUtils] (main) Test:  testEvolveAvroApicurio
2025-07-31 17:04:28,724 ERROR [io.api.reg.uti.tes.TestUtils] (main) ID:    [engine:junit-jupiter]/[class:io.apicurio.tests.serdes.apicurio.AvroSerdeIT]/[method:testEvolveAvroApicurio()]
2025-07-31 17:04:28,724 ERROR [io.api.reg.uti.tes.TestUtils] (main) Error: RuleViolationProblemDetails - null
2025-07-31 17:04:28,724 ERROR [io.api.reg.uti.tes.TestUtils] (main) Rule Violation Problem Details
2025-07-31 17:04:28,726 WARNING [org.jun.jup.eng.des.MethodBasedTestDescriptor] (main) Failed to invoke TestWatcher [io.apicurio.tests.ApicurioRegistryBaseIT$RegistryApiErrorWatcher] for method [io.apicurio.tests.serdes.apicurio.AvroSerdeIT#testEvolveAvroApicurio()] with display name [testEvolveAvroApicurio]: java.lang.StackOverflowError
	at io.apicurio.tests.ApicurioRegistryBaseIT$RegistryApiErrorWatcher.logProblemDetails(ApicurioRegistryBaseIT.java:154)
	at io.apicurio.tests.ApicurioRegistryBaseIT$RegistryApiErrorWatcher.logProblemDetails(ApicurioRegistryBaseIT.java:154)
	at io.apicurio.tests.ApicurioRegistryBaseIT$RegistryApiErrorWatcher.logProblemDetails(ApicurioRegistryBaseIT.java:154)
	at io.apicurio.tests.ApicurioRegistryBaseIT$RegistryApiErrorWatcher.logProblemDetails(ApicurioRegistryBaseIT.java:154)
	at io.apicurio.tests.ApicurioRegistryBaseIT$RegistryApiErrorWatcher.logProblemDetails(ApicurioRegistryBaseIT.java:154)
	at io.apicurio.tests.ApicurioRegistryBaseIT$RegistryApiErrorWatcher.logProblemDetails(ApicurioRegistryBaseIT.java:154)
	at io.apicurio.tests.ApicurioRegistryBaseIT$RegistryApiErrorWatcher.logProblemDetails(ApicurioRegistryBaseIT.java:154)
	at io.apicurio.tests.ApicurioRegistryBaseIT$RegistryApiErrorWatcher.logProblemDetails(ApicurioRegistryBaseIT.java:154)
	at io.apicurio.tests.ApicurioRegistryBaseIT$RegistryApiErrorWatcher.logProblemDetails(ApicurioRegistryBaseIT.java:154)
	at io.apicurio.tests.ApicurioRegistryBaseIT$RegistryApiErrorWatcher.logProblemDetails(ApicurioRegistryBaseIT.java:154)
	at io.apicurio.tests.ApicurioRegistryBaseIT$RegistryApiErrorWatcher.logProblemDetails(ApicurioRegistryBaseIT.java:154)
	at io.apicurio.tests.ApicurioRegistryBaseIT$RegistryApiErrorWatcher.logProblemDetails(ApicurioRegistryBaseIT.java:154)
	at io.apicurio.tests.ApicurioRegistryBaseIT$RegistryApiErrorWatcher.logProblemDetails(ApicurioRegistryBaseIT.java:154)
	at io.apicurio.tests.ApicurioRegistryBaseIT$RegistryApiErrorWatcher.logProblemDetails(ApicurioRegistryBaseIT.java:154)
	at io.apicurio.tests.ApicurioRegistryBaseIT$RegistryApiErrorWatcher.logProblemDetails(ApicurioRegistryBaseIT.java:154)
	at io.apicurio.tests.ApicurioRegistryBaseIT$RegistryApiErrorWatcher.logProblemDetails(ApicurioRegistryBaseIT.java:154)
	at io.apicurio.tests.ApicurioRegistryBaseIT$RegistryApiErrorWatcher.logProblemDetails(ApicurioRegistryBaseIT.java:154)
	at io.apicurio.tests.ApicurioRegistryBaseIT$RegistryApiErrorWatcher.logProblemDetails(ApicurioRegistryBaseIT.java:154)
	at io.apicurio.tests.ApicurioRegistryBaseIT$RegistryApiErrorWatcher.logProblemDetails(ApicurioRegistryBaseIT.java:154)
	at io.apicurio.tests.ApicurioRegistryBaseIT$RegistryApiErrorWatcher.logProblemDetails(ApicurioRegistryBaseIT.java:154)
	at io.apicurio.tests.ApicurioRegistryBaseIT$RegistryApiErrorWatcher.logProblemDetails(ApicurioRegistryBaseIT.java:154)
	at io.apicurio.tests.ApicurioRegistryBaseIT$RegistryApiErrorWatcher.logProblemDetails(ApicurioRegistryBaseIT.java:154)
	at io.apicurio.tests.ApicurioRegistryBaseIT$RegistryApiErrorWatcher.logProblemDetails(ApicurioRegistryBaseIT.java:154)
	at io.apicurio.tests.ApicurioRegistryBaseIT$RegistryApiErrorWatcher.logProblemDetails(ApicurioRegistryBaseIT.java:154)
	at io.apicurio.tests.ApicurioRegistryBaseIT$RegistryApiErrorWatcher.logProblemDetails(ApicurioRegistryBaseIT.java:154)
	at io.apicurio.tests.ApicurioRegistryBaseIT$RegistryApiErrorWatcher.logProblemDetails(ApicurioRegistryBaseIT.java:154)
	at io.apicurio.tests.ApicurioRegistryBaseIT$RegistryApiErrorWatcher.logProblemDetails(ApicurioRegistryBaseIT.java:154)
	at io.apicurio.tests.ApicurioRegistryBaseIT$RegistryApiErrorWatcher.logProblemDetails(ApicurioRegistryBaseIT.java:154)
	at io.apicurio.tests.ApicurioRegistryBaseIT$RegistryApiErrorWatcher.logProblemDetails(ApicurioRegistryBaseIT.java:154)
	at io.apicurio.tests.ApicurioRegistryBaseIT$RegistryApiErrorWatcher.logProblemDetails(ApicurioRegistryBaseIT.java:154)
	at io.apicurio.tests.ApicurioRegistryBaseIT$RegistryApiErrorWatcher.logProblemDetails(ApicurioRegistryBaseIT.java:154)
	at io.apicurio.tests.ApicurioRegistryBaseIT$RegistryApiErrorWatcher.logProblemDetails(ApicurioRegistryBaseIT.java:154)
	at io.apicurio.tests.ApicurioRegistryBaseIT$RegistryApiErrorWatcher.logProblemDetails(ApicurioRegistryBaseIT.java:154)
	at io.apicurio.tests.ApicurioRegistryBaseIT$RegistryApiErrorWatcher.logProblemDetails(ApicurioRegistryBaseIT.java:154)
	at io.apicurio.tests.ApicurioRegistryBaseIT$RegistryApiErrorWatcher.logProblemDetails(ApicurioRegistryBaseIT.java:154)
	at io.apicurio.tests.ApicurioRegistryBaseIT$RegistryApiErrorWatcher.logProblemDetails(ApicurioRegistryBaseIT.java:154)
	at io.apicurio.tests.ApicurioRegistryBaseIT$RegistryApiErrorWatcher.logProblemDetails(ApicurioRegistryBaseIT.java:154)
	at io.apicurio.tests.ApicurioRegistryBaseIT$RegistryApiErrorWatcher.logProblemDetails(ApicurioRegistryBaseIT.java:154)
	at io.apicurio.tests.ApicurioRegistryBaseIT$RegistryApiErrorWatcher.logProblemDetails(ApicurioRegistryBaseIT.java:154)
	at io.apicurio.tests.ApicurioRegistryBaseIT$RegistryApiErrorWatcher.logProblemDetails(ApicurioRegistryBaseIT.java:154)
	at io.apicurio.tests.ApicurioRegistryBaseIT$RegistryApiErrorWatcher.logProblemDetails(ApicurioRegistryBaseIT.java:154)
	at io.apicurio.tests.ApicurioRegistryBaseIT$RegistryApiErrorWatcher.logProblemDetails(ApicurioRegistryBaseIT.java:154)
	at io.apicurio.tests.ApicurioRegistryBaseIT$RegistryApiErrorWatcher.logProblemDetails(ApicurioRegistryBaseIT.java:154)
	at io.apicurio.tests.ApicurioRegistryBaseIT$RegistryApiErrorWatcher.logProblemDetails(ApicurioRegistryBaseIT.java:154)
	at io.apicurio.tests.ApicurioRegistryBaseIT$RegistryApiErrorWatcher.logProblemDetails(ApicurioRegistryBaseIT.java:154)
	at io.apicurio.tests.ApicurioRegistryBaseIT$RegistryApiErrorWatcher.logProblemDetails(ApicurioRegistryBaseIT.java:154)
	at io.apicurio.tests.ApicurioRegistryBaseIT$RegistryApiErrorWatcher.logProblemDetails(ApicurioRegistryBaseIT.java:154)
	at io.apicurio.tests.ApicurioRegistryBaseIT$RegistryApiErrorWatcher.logProblemDetails(ApicurioRegistryBaseIT.java:154)
	at io.apicurio.tests.ApicurioRegistryBaseIT$RegistryApiErrorWatcher.logProblemDetails(ApicurioRegistryBaseIT.java:154)
	at io.apicurio.tests.ApicurioRegistryBaseIT$RegistryApiErrorWatcher.logProblemDetails(ApicurioRegistryBaseIT.java:154)
	at io.apicurio.tests.ApicurioRegistryBaseIT$RegistryApiErrorWatcher.logProblemDetails(ApicurioRegistryBaseIT.java:154)
	at io.apicurio.tests.ApicurioRegistryBaseIT$RegistryApiErrorWatcher.logProblemDetails(ApicurioRegistryBaseIT.java:154)
	at io.apicurio.tests.ApicurioRegistryBaseIT$RegistryApiErrorWatcher.logProblemDetails(ApicurioRegistryBaseIT.java:154)
	at io.apicurio.tests.ApicurioRegistryBaseIT$RegistryApiErrorWatcher.logProblemDetails(ApicurioRegistryBaseIT.java:154)
	at io.apicurio.tests.ApicurioRegistryBaseIT$RegistryApiErrorWatcher.logProblemDetails(ApicurioRegistryBaseIT.java:154)
	at io.apicurio.tests.ApicurioRegistryBaseIT$RegistryApiErrorWatcher.logProblemDetails(ApicurioRegistryBaseIT.java:154)
	at io.apicurio.tests.ApicurioRegistryBaseIT$RegistryApiErrorWatcher.logProblemDetails(ApicurioRegistryBaseIT.java:154)
	at io.apicurio.tests.ApicurioRegistryBaseIT$RegistryApiErrorWatcher.logProblemDetails(ApicurioRegistryBaseIT.java:154)
	at io.apicurio.tests.ApicurioRegistryBaseIT$RegistryApiErrorWatcher.logProblemDetails(ApicurioRegistryBaseIT.java:154)
	at io.apicurio.tests.ApicurioRegistryBaseIT$RegistryApiErrorWatcher.logProblemDetails(ApicurioRegistryBaseIT.java:154)
	at io.apicurio.tests.ApicurioRegistryBaseIT$RegistryApiErrorWatcher.logProblemDetails(ApicurioRegistryBaseIT.java:154)
	at io.apicurio.tests.ApicurioRegistryBaseIT$RegistryApiErrorWatcher.logProblemDetails(ApicurioRegistryBaseIT.java:154)
	at io.apicurio.tests.ApicurioRegistryBaseIT$RegistryApiErrorWatcher.logProblemDetails(ApicurioRegistryBaseIT.java:154)
	at io.apicurio.tests.ApicurioRegistryBaseIT$RegistryApiErrorWatcher.logProblemDetails(ApicurioRegistryBaseIT.java:154)
	at io.apicurio.tests.ApicurioRegistryBaseIT$RegistryApiErrorWatcher.logProblemDetails(ApicurioRegistryBaseIT.java:154)
	at io.apicurio.tests.ApicurioRegistryBaseIT$RegistryApiErrorWatcher.logProblemDetails(ApicurioRegistryBaseIT.java:154)
	at io.apicurio.tests.ApicurioRegistryBaseIT$RegistryApiErrorWatcher.logProblemDetails(ApicurioRegistryBaseIT.java:154)
	at io.apicurio.tests.ApicurioRegistryBaseIT$RegistryApiErrorWatcher.logProblemDetails(ApicurioRegistryBaseIT.java:154)
	at io.apicurio.tests.ApicurioRegistryBaseIT$RegistryApiErrorWatcher.logProblemDetails(ApicurioRegistryBaseIT.java:154)
	at io.apicurio.tests.ApicurioRegistryBaseIT$RegistryApiErrorWatcher.logProblemDetails(ApicurioRegistryBaseIT.java:154)
	at io.apicurio.tests.ApicurioRegistryBaseIT$RegistryApiErrorWatcher.logProblemDetails(ApicurioRegistryBaseIT.java:154)
	at io.apicurio.tests.ApicurioRegistryBaseIT$RegistryApiErrorWatcher.logProblemDetails(ApicurioRegistryBaseIT.java:154)
	at io.apicurio.tests.ApicurioRegistryBaseIT$RegistryApiErrorWatcher.logProblemDetails(ApicurioRegistryBaseIT.java:154)
	at io.apicurio.tests.ApicurioRegistryBaseIT$RegistryApiErrorWatcher.logProblemDetails(ApicurioRegistryBaseIT.java:154)
	at io.apicurio.tests.ApicurioRegistryBaseIT$RegistryApiErrorWatcher.logProblemDetails(ApicurioRegistryBaseIT.java:154)
	at io.apicurio.tests.ApicurioRegistryBaseIT$RegistryApiErrorWatcher.logProblemDetails(ApicurioRegistryBaseIT.java:154)
	at io.apicurio.tests.ApicurioRegistryBaseIT$RegistryApiErrorWatcher.logProblemDetails(ApicurioRegistryBaseIT.java:154)
	at io.apicurio.tests.ApicurioRegistryBaseIT$RegistryApiErrorWatcher.logProblemDetails(ApicurioRegistryBaseIT.java:154)
	at io.apicurio.tests.ApicurioRegistryBaseIT$RegistryApiErrorWatcher.logProblemDetails(ApicurioRegistryBaseIT.java:154)
	at io.apicurio.tests.ApicurioRegistryBaseIT$RegistryApiErrorWatcher.logProblemDetails(ApicurioRegistryBaseIT.java:154)
	at io.apicurio.tests.ApicurioRegistryBaseIT$RegistryApiErrorWatcher.logProblemDetails(ApicurioRegistryBaseIT.java:154)
	at io.apicurio.tests.ApicurioRegistryBaseIT$RegistryApiErrorWatcher.logProblemDetails(ApicurioRegistryBaseIT.java:154)
	at io.apicurio.tests.ApicurioRegistryBaseIT$RegistryApiErrorWatcher.logProblemDetails(ApicurioRegistryBaseIT.java:154)
	at io.apicurio.tests.ApicurioRegistryBaseIT$RegistryApiErrorWatcher.logProblemDetails(ApicurioRegistryBaseIT.java:154)
	at io.apicurio.tests.ApicurioRegistryBaseIT$RegistryApiErrorWatcher.logProblemDetails(ApicurioRegistryBaseIT.java:154)
	at io.apicurio.tests.ApicurioRegistryBaseIT$RegistryApiErrorWatcher.logProblemDetails(ApicurioRegistryBaseIT.java:154)
	at io.apicurio.tests.ApicurioRegistryBaseIT$RegistryApiErrorWatcher.logProblemDetails(ApicurioRegistryBaseIT.java:154)
	at io.apicurio.tests.ApicurioRegistryBaseIT$RegistryApiErrorWatcher.logProblemDetails(ApicurioRegistryBaseIT.java:154)
	at io.apicurio.tests.ApicurioRegistryBaseIT$RegistryApiErrorWatcher.logProblemDetails(ApicurioRegistryBaseIT.java:154)
	at io.apicurio.tests.ApicurioRegistryBaseIT$RegistryApiErrorWatcher.logProblemDetails(ApicurioRegistryBaseIT.java:154)
	at io.apicurio.tests.ApicurioRegistryBaseIT$RegistryApiErrorWatcher.logProblemDetails(ApicurioRegistryBaseIT.java:154)
	at io.apicurio.tests.ApicurioRegistryBaseIT$RegistryApiErrorWatcher.logProblemDetails(ApicurioRegistryBaseIT.java:154)
	at io.apicurio.tests.ApicurioRegistryBaseIT$RegistryApiErrorWatcher.logProblemDetails(ApicurioRegistryBaseIT.java:154)
	at io.apicurio.tests.ApicurioRegistryBaseIT$RegistryApiErrorWatcher.logProblemDetails(ApicurioRegistryBaseIT.java:154)
	at io.apicurio.tests.ApicurioRegistryBaseIT$RegistryApiErrorWatcher.logProblemDetails(ApicurioRegistryBaseIT.java:154)
	at io.apicurio.tests.ApicurioRegistryBaseIT$RegistryApiErrorWatcher.logProblemDetails(ApicurioRegistryBaseIT.java:154)
	at io.apicurio.tests.ApicurioRegistryBaseIT$RegistryApiErrorWatcher.logProblemDetails(ApicurioRegistryBaseIT.java:154)
	at io.apicurio.tests.ApicurioRegistryBaseIT$RegistryApiErrorWatcher.logProblemDetails(ApicurioRegistryBaseIT.java:154)
	at io.apicurio.tests.ApicurioRegistryBaseIT$RegistryApiErrorWatcher.logProblemDetails(ApicurioRegistryBaseIT.java:154)
	at io.apicurio.tests.ApicurioRegistryBaseIT$RegistryApiErrorWatcher.logProblemDetails(ApicurioRegistryBaseIT.java:154)
	at io.apicurio.tests.ApicurioRegistryBaseIT$RegistryApiErrorWatcher.logProblemDetails(ApicurioRegistryBaseIT.java:154)
	at io.apicurio.tests.ApicurioRegistryBaseIT$RegistryApiErrorWatcher.logProblemDetails(ApicurioRegistryBaseIT.java:154)
	at io.apicurio.tests.ApicurioRegistryBaseIT$RegistryApiErrorWatcher.logProblemDetails(ApicurioRegistryBaseIT.java:154)
	at io.apicurio.tests.ApicurioRegistryBaseIT$RegistryApiErrorWatcher.logProblemDetails(ApicurioRegistryBaseIT.java:154)
	at io.apicurio.tests.ApicurioRegistryBaseIT$RegistryApiErrorWatcher.logProblemDetails(ApicurioRegistryBaseIT.java:154)
	at io.apicurio.tests.ApicurioRegistryBaseIT$RegistryApiErrorWatcher.logProblemDetails(ApicurioRegistryBaseIT.java:154)
	at io.apicurio.tests.ApicurioRegistryBaseIT$RegistryApiErrorWatcher.logProblemDetails(ApicurioRegistryBaseIT.java:154)
	at io.apicurio.tests.ApicurioRegistryBaseIT$RegistryApiErrorWatcher.logProblemDetails(ApicurioRegistryBaseIT.java:154)
	at io.apicurio.tests.ApicurioRegistryBaseIT$RegistryApiErrorWatcher.logProblemDetails(ApicurioRegistryBaseIT.java:154)
	at io.apicurio.tests.ApicurioRegistryBaseIT$RegistryApiErrorWatcher.logProblemDetails(ApicurioRegistryBaseIT.java:154)
	at io.apicurio.tests.ApicurioRegistryBaseIT$RegistryApiErrorWatcher.logProblemDetails(ApicurioRegistryBaseIT.java:154)
	at io.apicurio.tests.ApicurioRegistryBaseIT$RegistryApiErrorWatcher.logProblemDetails(ApicurioRegistryBaseIT.java:154)
	at io.apicurio.tests.ApicurioRegistryBaseIT$RegistryApiErrorWatcher.logProblemDetails(ApicurioRegistryBaseIT.java:154)
	at io.apicurio.tests.ApicurioRegistryBaseIT$RegistryApiErrorWatcher.logProblemDetails(ApicurioRegistryBaseIT.java:154)
	at io.apicurio.tests.ApicurioRegistryBaseIT$RegistryApiErrorWatcher.logProblemDetails(ApicurioRegistryBaseIT.java:154)
	at io.apicurio.tests.ApicurioRegistryBaseIT$RegistryApiErrorWatcher.logProblemDetails(ApicurioRegistryBaseIT.java:154)
	at io.apicurio.tests.ApicurioRegistryBaseIT$RegistryApiErrorWatcher.logProblemDetails(ApicurioRegistryBaseIT.java:154)
	at io.apicurio.tests.ApicurioRegistryBaseIT$RegistryApiErrorWatcher.logProblemDetails(ApicurioRegistryBaseIT.java:154)
	at io.apicurio.tests.ApicurioRegistryBaseIT$RegistryApiErrorWatcher.logProblemDetails(ApicurioRegistryBaseIT.java:154)
	at io.apicurio.tests.ApicurioRegistryBaseIT$RegistryApiErrorWatcher.logProblemDetails(ApicurioRegistryBaseIT.java:154)
	at io.apicurio.tests.ApicurioRegistryBaseIT$RegistryApiErrorWatcher.logProblemDetails(ApicurioRegistryBaseIT.java:154)
	at io.apicurio.tests.ApicurioRegistryBaseIT$RegistryApiErrorWatcher.logProblemDetails(ApicurioRegistryBaseIT.java:154)
	at io.apicurio.tests.ApicurioRegistryBaseIT$RegistryApiErrorWatcher.logProblemDetails(ApicurioRegistryBaseIT.java:154)
	at io.apicurio.tests.ApicurioRegistryBaseIT$RegistryApiErrorWatcher.logProblemDetails(ApicurioRegistryBaseIT.java:154)
	at io.apicurio.tests.ApicurioRegistryBaseIT$RegistryApiErrorWatcher.logProblemDetails(ApicurioRegistryBaseIT.java:154)
	at io.apicurio.tests.ApicurioRegistryBaseIT$RegistryApiErrorWatcher.logProblemDetails(ApicurioRegistryBaseIT.java:154)
	at io.apicurio.tests.ApicurioRegistryBaseIT$RegistryApiErrorWatcher.logProblemDetails(ApicurioRegistryBaseIT.java:154)
	at io.apicurio.tests.ApicurioRegistryBaseIT$RegistryApiErrorWatcher.logProblemDetails(ApicurioRegistryBaseIT.java:154)
	at io.apicurio.tests.ApicurioRegistryBaseIT$RegistryApiErrorWatcher.logProblemDetails(ApicurioRegistryBaseIT.java:154)
	at io.apicurio.tests.ApicurioRegistryBaseIT$RegistryApiErrorWatcher.logProblemDetails(ApicurioRegistryBaseIT.java:154)
	at io.apicurio.tests.ApicurioRegistryBaseIT$RegistryApiErrorWatcher.logProblemDetails(ApicurioRegistryBaseIT.java:154)
	at io.apicurio.tests.ApicurioRegistryBaseIT$RegistryApiErrorWatcher.logProblemDetails(ApicurioRegistryBaseIT.java:154)
	at io.apicurio.tests.ApicurioRegistryBaseIT$RegistryApiErrorWatcher.logProblemDetails(ApicurioRegistryBaseIT.java:154)
	at io.apicurio.tests.ApicurioRegistryBaseIT$RegistryApiErrorWatcher.logProblemDetails(ApicurioRegistryBaseIT.java:154)
	at io.apicurio.tests.ApicurioRegistryBaseIT$RegistryApiErrorWatcher.logProblemDetails(ApicurioRegistryBaseIT.java:154)
	at io.apicurio.tests.ApicurioRegistryBaseIT$RegistryApiErrorWatcher.logProblemDetails(ApicurioRegistryBaseIT.java:154)
	at io.apicurio.tests.ApicurioRegistryBaseIT$RegistryApiErrorWatcher.logProblemDetails(ApicurioRegistryBaseIT.java:154)
	at io.apicurio.tests.ApicurioRegistryBaseIT$RegistryApiErrorWatcher.logProblemDetails(ApicurioRegistryBaseIT.java:154)
	at io.apicurio.tests.ApicurioRegistryBaseIT$RegistryApiErrorWatcher.logProblemDetails(ApicurioRegistryBaseIT.java:154)
	at io.apicurio.tests.ApicurioRegistryBaseIT$RegistryApiErrorWatcher.logProblemDetails(ApicurioRegistryBaseIT.java:154)
	at io.apicurio.tests.ApicurioRegistryBaseIT$RegistryApiErrorWatcher.logProblemDetails(ApicurioRegistryBaseIT.java:154)
	at io.apicurio.tests.ApicurioRegistryBaseIT$RegistryApiErrorWatcher.logProblemDetails(ApicurioRegistryBaseIT.java:154)
	at io.apicurio.tests.ApicurioRegistryBaseIT$RegistryApiErrorWatcher.logProblemDetails(ApicurioRegistryBaseIT.java:154)
	at io.apicurio.tests.ApicurioRegistryBaseIT$RegistryApiErrorWatcher.logProblemDetails(ApicurioRegistryBaseIT.java:154)
	at io.apicurio.tests.ApicurioRegistryBaseIT$RegistryApiErrorWatcher.logProblemDetails(ApicurioRegistryBaseIT.java:154)
	at io.apicurio.tests.ApicurioRegistryBaseIT$RegistryApiErrorWatcher.logProblemDetails(ApicurioRegistryBaseIT.java:154)
	at io.apicurio.tests.ApicurioRegistryBaseIT$RegistryApiErrorWatcher.logProblemDetails(ApicurioRegistryBaseIT.java:154)
	at io.apicurio.tests.ApicurioRegistryBaseIT$RegistryApiErrorWatcher.logProblemDetails(ApicurioRegistryBaseIT.java:154)
	at io.apicurio.tests.ApicurioRegistryBaseIT$RegistryApiErrorWatcher.logProblemDetails(ApicurioRegistryBaseIT.java:154)
	at io.apicurio.tests.ApicurioRegistryBaseIT$RegistryApiErrorWatcher.logProblemDetails(ApicurioRegistryBaseIT.java:154)
	at io.apicurio.tests.ApicurioRegistryBaseIT$RegistryApiErrorWatcher.logProblemDetails(ApicurioRegistryBaseIT.java:154)
	at io.apicurio.tests.ApicurioRegistryBaseIT$RegistryApiErrorWatcher.logProblemDetails(ApicurioRegistryBaseIT.java:154)
	at io.apicurio.tests.ApicurioRegistryBaseIT$RegistryApiErrorWatcher.logProblemDetails(ApicurioRegistryBaseIT.java:154)
	at io.apicurio.tests.ApicurioRegistryBaseIT$RegistryApiErrorWatcher.logProblemDetails(ApicurioRegistryBaseIT.java:154)
	at io.apicurio.tests.ApicurioRegistryBaseIT$RegistryApiErrorWatcher.logProblemDetails(ApicurioRegistryBaseIT.java:154)
	at io.apicurio.tests.ApicurioRegistryBaseIT$RegistryApiErrorWatcher.logProblemDetails(ApicurioRegistryBaseIT.java:154)
	at io.apicurio.tests.ApicurioRegistryBaseIT$RegistryApiErrorWatcher.logProblemDetails(ApicurioRegistryBaseIT.java:154)
	at io.apicurio.tests.ApicurioRegistryBaseIT$RegistryApiErrorWatcher.logProblemDetails(ApicurioRegistryBaseIT.java:154)
	at io.apicurio.tests.ApicurioRegistryBaseIT$RegistryApiErrorWatcher.logProblemDetails(ApicurioRegistryBaseIT.java:154)
	at io.apicurio.tests.ApicurioRegistryBaseIT$RegistryApiErrorWatcher.logProblemDetails(ApicurioRegistryBaseIT.java:154)
	at io.apicurio.tests.ApicurioRegistryBaseIT$RegistryApiErrorWatcher.logProblemDetails(ApicurioRegistryBaseIT.java:154)
	at io.apicurio.tests.ApicurioRegistryBaseIT$RegistryApiErrorWatcher.logProblemDetails(ApicurioRegistryBaseIT.java:154)
	at io.apicurio.tests.ApicurioRegistryBaseIT$RegistryApiErrorWatcher.logProblemDetails(ApicurioRegistryBaseIT.java:154)
	at io.apicurio.tests.ApicurioRegistryBaseIT$RegistryApiErrorWatcher.logProblemDetails(ApicurioRegistryBaseIT.java:154)
	at io.apicurio.tests.ApicurioRegistryBaseIT$RegistryApiErrorWatcher.logProblemDetails(ApicurioRegistryBaseIT.java:154)
	at io.apicurio.tests.ApicurioRegistryBaseIT$RegistryApiErrorWatcher.logProblemDetails(ApicurioRegistryBaseIT.java:154)
	at io.apicurio.tests.ApicurioRegistryBaseIT$RegistryApiErrorWatcher.logProblemDetails(ApicurioRegistryBaseIT.java:154)
	at io.apicurio.tests.ApicurioRegistryBaseIT$RegistryApiErrorWatcher.logProblemDetails(ApicurioRegistryBaseIT.java:154)
	at io.apicurio.tests.ApicurioRegistryBaseIT$RegistryApiErrorWatcher.logProblemDetails(ApicurioRegistryBaseIT.java:154)
	at io.apicurio.tests.ApicurioRegistryBaseIT$RegistryApiErrorWatcher.logProblemDetails(ApicurioRegistryBaseIT.java:154)
	at io.apicurio.tests.ApicurioRegistryBaseIT$RegistryApiErrorWatcher.logProblemDetails(ApicurioRegistryBaseIT.java:154)
	at io.apicurio.tests.ApicurioRegistryBaseIT$RegistryApiErrorWatcher.logProblemDetails(ApicurioRegistryBaseIT.java:154)
	at io.apicurio.tests.ApicurioRegistryBaseIT$RegistryApiErrorWatcher.logProblemDetails(ApicurioRegistryBaseIT.java:154)
	at io.apicurio.tests.ApicurioRegistryBaseIT$RegistryApiErrorWatcher.logProblemDetails(ApicurioRegistryBaseIT.java:154)
	at io.apicurio.tests.ApicurioRegistryBaseIT$RegistryApiErrorWatcher.logProblemDetails(ApicurioRegistryBaseIT.java:154)
	at io.apicurio.tests.ApicurioRegistryBaseIT$RegistryApiErrorWatcher.logProblemDetails(ApicurioRegistryBaseIT.java:154)
	at io.apicurio.tests.ApicurioRegistryBaseIT$RegistryApiErrorWatcher.logProblemDetails(ApicurioRegistryBaseIT.java:154)
	at io.apicurio.tests.ApicurioRegistryBaseIT$RegistryApiErrorWatcher.logProblemDetails(ApicurioRegistryBaseIT.java:154)
	at io.apicurio.tests.ApicurioRegistryBaseIT$RegistryApiErrorWatcher.logProblemDetails(ApicurioRegistryBaseIT.java:154)
	at io.apicurio.tests.ApicurioRegistryBaseIT$RegistryApiErrorWatcher.logProblemDetails(ApicurioRegistryBaseIT.java:154)
	at io.apicurio.tests.ApicurioRegistryBaseIT$RegistryApiErrorWatcher.logProblemDetails(ApicurioRegistryBaseIT.java:154)
	at io.apicurio.tests.ApicurioRegistryBaseIT$RegistryApiErrorWatcher.logProblemDetails(ApicurioRegistryBaseIT.java:154)
	at io.apicurio.tests.ApicurioRegistryBaseIT$RegistryApiErrorWatcher.logProblemDetails(ApicurioRegistryBaseIT.java:154)
	at io.apicurio.tests.ApicurioRegistryBaseIT$RegistryApiErrorWatcher.logProblemDetails(ApicurioRegistryBaseIT.java:154)
	at io.apicurio.tests.ApicurioRegistryBaseIT$RegistryApiErrorWatcher.logProblemDetails(ApicurioRegistryBaseIT.java:154)
	at io.apicurio.tests.ApicurioRegistryBaseIT$RegistryApiErrorWatcher.logProblemDetails(ApicurioRegistryBaseIT.java:154)
	at io.apicurio.tests.ApicurioRegistryBaseIT$RegistryApiErrorWatcher.logProblemDetails(ApicurioRegistryBaseIT.java:154)
	at io.apicurio.tests.ApicurioRegistryBaseIT$RegistryApiErrorWatcher.logProblemDetails(ApicurioRegistryBaseIT.java:154)
	at io.apicurio.tests.ApicurioRegistryBaseIT$RegistryApiErrorWatcher.logProblemDetails(ApicurioRegistryBaseIT.java:154)
	at io.apicurio.tests.ApicurioRegistryBaseIT$RegistryApiErrorWatcher.logProblemDetails(ApicurioRegistryBaseIT.java:154)
	at io.apicurio.tests.ApicurioRegistryBaseIT$RegistryApiErrorWatcher.logProblemDetails(ApicurioRegistryBaseIT.java:154)
	at io.apicurio.tests.ApicurioRegistryBaseIT$RegistryApiErrorWatcher.logProblemDetails(ApicurioRegistryBaseIT.java:154)
	at io.apicurio.tests.ApicurioRegistryBaseIT$RegistryApiErrorWatcher.logProblemDetails(ApicurioRegistryBaseIT.java:154)
	at io.apicurio.tests.ApicurioRegistryBaseIT$RegistryApiErrorWatcher.logProblemDetails(ApicurioRegistryBaseIT.java:154)
	at io.apicurio.tests.ApicurioRegistryBaseIT$RegistryApiErrorWatcher.logProblemDetails(ApicurioRegistryBaseIT.java:154)
	at io.apicurio.tests.ApicurioRegistryBaseIT$RegistryApiErrorWatcher.logProblemDetails(ApicurioRegistryBaseIT.java:154)
	at io.apicurio.tests.ApicurioRegistryBaseIT$RegistryApiErrorWatcher.logProblemDetails(ApicurioRegistryBaseIT.java:154)
	at io.apicurio.tests.ApicurioRegistryBaseIT$RegistryApiErrorWatcher.logProblemDetails(ApicurioRegistryBaseIT.java:154)
	at io.apicurio.tests.ApicurioRegistryBaseIT$RegistryApiErrorWatcher.logProblemDetails(ApicurioRegistryBaseIT.java:154)
	at io.apicurio.tests.ApicurioRegistryBaseIT$RegistryApiErrorWatcher.logProblemDetails(ApicurioRegistryBaseIT.java:154)
	at io.apicurio.tests.ApicurioRegistryBaseIT$RegistryApiErrorWatcher.logProblemDetails(ApicurioRegistryBaseIT.java:154)
	at io.apicurio.tests.ApicurioRegistryBaseIT$RegistryApiErrorWatcher.logProblemDetails(ApicurioRegistryBaseIT.java:154)
	at io.apicurio.tests.ApicurioRegistryBaseIT$RegistryApiErrorWatcher.logProblemDetails(ApicurioRegistryBaseIT.java:154)
	at io.apicurio.tests.ApicurioRegistryBaseIT$RegistryApiErrorWatcher.logProblemDetails(ApicurioRegistryBaseIT.java:154)
	at io.apicurio.tests.ApicurioRegistryBaseIT$RegistryApiErrorWatcher.logProblemDetails(ApicurioRegistryBaseIT.java:154)
	at io.apicurio.tests.ApicurioRegistryBaseIT$RegistryApiErrorWatcher.logProblemDetails(ApicurioRegistryBaseIT.java:154)
	at io.apicurio.tests.ApicurioRegistryBaseIT$RegistryApiErrorWatcher.logProblemDetails(ApicurioRegistryBaseIT.java:154)
	at io.apicurio.tests.ApicurioRegistryBaseIT$RegistryApiErrorWatcher.logProblemDetails(ApicurioRegistryBaseIT.java:154)
	at io.apicurio.tests.ApicurioRegistryBaseIT$RegistryApiErrorWatcher.logProblemDetails(ApicurioRegistryBaseIT.java:154)
	at io.apicurio.tests.ApicurioRegistryBaseIT$RegistryApiErrorWatcher.logProblemDetails(ApicurioRegistryBaseIT.java:154)
	at io.apicurio.tests.ApicurioRegistryBaseIT$RegistryApiErrorWatcher.logProblemDetails(ApicurioRegistryBaseIT.java:154)
	at io.apicurio.tests.ApicurioRegistryBaseIT$RegistryApiErrorWatcher.logProblemDetails(ApicurioRegistryBaseIT.java:154)
	at io.apicurio.tests.ApicurioRegistryBaseIT$RegistryApiErrorWatcher.logProblemDetails(ApicurioRegistryBaseIT.java:154)
	at io.apicurio.tests.ApicurioRegistryBaseIT$RegistryApiErrorWatcher.logProblemDetails(ApicurioRegistryBaseIT.java:154)
	at io.apicurio.tests.ApicurioRegistryBaseIT$RegistryApiErrorWatcher.logProblemDetails(ApicurioRegistryBaseIT.java:154)
	at io.apicurio.tests.ApicurioRegistryBaseIT$RegistryApiErrorWatcher.logProblemDetails(ApicurioRegistryBaseIT.java:154)
	at io.apicurio.tests.ApicurioRegistryBaseIT$RegistryApiErrorWatcher.logProblemDetails(ApicurioRegistryBaseIT.java:154)
	at io.apicurio.tests.ApicurioRegistryBaseIT$RegistryApiErrorWatcher.logProblemDetails(ApicurioRegistryBaseIT.java:154)
	at io.apicurio.tests.ApicurioRegistryBaseIT$RegistryApiErrorWatcher.logProblemDetails(ApicurioRegistryBaseIT.java:154)
	at io.apicurio.tests.ApicurioRegistryBaseIT$RegistryApiErrorWatcher.logProblemDetails(ApicurioRegistryBaseIT.java:154)
	at io.apicurio.tests.ApicurioRegistryBaseIT$RegistryApiErrorWatcher.logProblemDetails(ApicurioRegistryBaseIT.java:154)
	at io.apicurio.tests.ApicurioRegistryBaseIT$RegistryApiErrorWatcher.logProblemDetails(ApicurioRegistryBaseIT.java:154)
	at io.apicurio.tests.ApicurioRegistryBaseIT$RegistryApiErrorWatcher.logProblemDetails(ApicurioRegistryBaseIT.java:154)
	at io.apicurio.tests.ApicurioRegistryBaseIT$RegistryApiErrorWatcher.logProblemDetails(ApicurioRegistryBaseIT.java:154)
	at io.apicurio.tests.ApicurioRegistryBaseIT$RegistryApiErrorWatcher.logProblemDetails(ApicurioRegistryBaseIT.java:154)
	at io.apicurio.tests.ApicurioRegistryBaseIT$RegistryApiErrorWatcher.logProblemDetails(ApicurioRegistryBaseIT.java:154)
	at io.apicurio.tests.ApicurioRegistryBaseIT$RegistryApiErrorWatcher.logProblemDetails(ApicurioRegistryBaseIT.java:154)
	at io.apicurio.tests.ApicurioRegistryBaseIT$RegistryApiErrorWatcher.logProblemDetails(ApicurioRegistryBaseIT.java:154)
	at io.apicurio.tests.ApicurioRegistryBaseIT$RegistryApiErrorWatcher.logProblemDetails(ApicurioRegistryBaseIT.java:154)
	at io.apicurio.tests.ApicurioRegistryBaseIT$RegistryApiErrorWatcher.logProblemDetails(ApicurioRegistryBaseIT.java:154)
	at io.apicurio.tests.ApicurioRegistryBaseIT$RegistryApiErrorWatcher.logProblemDetails(ApicurioRegistryBaseIT.java:154)
	at io.apicurio.tests.ApicurioRegistryBaseIT$RegistryApiErrorWatcher.logProblemDetails(ApicurioRegistryBaseIT.java:154)
	at io.apicurio.tests.ApicurioRegistryBaseIT$RegistryApiErrorWatcher.logProblemDetails(ApicurioRegistryBaseIT.java:154)
	at io.apicurio.tests.ApicurioRegistryBaseIT$RegistryApiErrorWatcher.logProblemDetails(ApicurioRegistryBaseIT.java:154)
	at io.apicurio.tests.ApicurioRegistryBaseIT$RegistryApiErrorWatcher.logProblemDetails(ApicurioRegistryBaseIT.java:154)
	at io.apicurio.tests.ApicurioRegistryBaseIT$RegistryApiErrorWatcher.logProblemDetails(ApicurioRegistryBaseIT.java:154)
	at io.apicurio.tests.ApicurioRegistryBaseIT$RegistryApiErrorWatcher.logProblemDetails(ApicurioRegistryBaseIT.java:154)
	at io.apicurio.tests.ApicurioRegistryBaseIT$RegistryApiErrorWatcher.logProblemDetails(ApicurioRegistryBaseIT.java:154)
	at io.apicurio.tests.ApicurioRegistryBaseIT$RegistryApiErrorWatcher.logProblemDetails(ApicurioRegistryBaseIT.java:154)
	at io.apicurio.tests.ApicurioRegistryBaseIT$RegistryApiErrorWatcher.logProblemDetails(ApicurioRegistryBaseIT.java:154)
	at io.apicurio.tests.ApicurioRegistryBaseIT$RegistryApiErrorWatcher.logProblemDetails(ApicurioRegistryBaseIT.java:154)
	at io.apicurio.tests.ApicurioRegistryBaseIT$RegistryApiErrorWatcher.logProblemDetails(ApicurioRegistryBaseIT.java:154)
	at io.apicurio.tests.ApicurioRegistryBaseIT$RegistryApiErrorWatcher.logProblemDetails(ApicurioRegistryBaseIT.java:154)
	at io.apicurio.tests.ApicurioRegistryBaseIT$RegistryApiErrorWatcher.logProblemDetails(ApicurioRegistryBaseIT.java:154)
	at io.apicurio.tests.ApicurioRegistryBaseIT$RegistryApiErrorWatcher.logProblemDetails(ApicurioRegistryBaseIT.java:154)
	at io.apicurio.tests.ApicurioRegistryBaseIT$RegistryApiErrorWatcher.logProblemDetails(ApicurioRegistryBaseIT.java:154)
	at io.apicurio.tests.ApicurioRegistryBaseIT$RegistryApiErrorWatcher.logProblemDetails(ApicurioRegistryBaseIT.java:154)
	at io.apicurio.tests.ApicurioRegistryBaseIT$RegistryApiErrorWatcher.logProblemDetails(ApicurioRegistryBaseIT.java:154)
	at io.apicurio.tests.ApicurioRegistryBaseIT$RegistryApiErrorWatcher.logProblemDetails(ApicurioRegistryBaseIT.java:154)
	at io.apicurio.tests.ApicurioRegistryBaseIT$RegistryApiErrorWatcher.logProblemDetails(ApicurioRegistryBaseIT.java:154)
	at io.apicurio.tests.ApicurioRegistryBaseIT$RegistryApiErrorWatcher.logProblemDetails(ApicurioRegistryBaseIT.java:154)
	at io.apicurio.tests.ApicurioRegistryBaseIT$RegistryApiErrorWatcher.logProblemDetails(ApicurioRegistryBaseIT.java:154)
	at io.apicurio.tests.ApicurioRegistryBaseIT$RegistryApiErrorWatcher.logProblemDetails(ApicurioRegistryBaseIT.java:154)
	at io.apicurio.tests.ApicurioRegistryBaseIT$RegistryApiErrorWatcher.logProblemDetails(ApicurioRegistryBaseIT.java:154)
	at io.apicurio.tests.ApicurioRegistryBaseIT$RegistryApiErrorWatcher.logProblemDetails(ApicurioRegistryBaseIT.java:154)
	at io.apicurio.tests.ApicurioRegistryBaseIT$RegistryApiErrorWatcher.logProblemDetails(ApicurioRegistryBaseIT.java:154)
	at io.apicurio.tests.ApicurioRegistryBaseIT$RegistryApiErrorWatcher.logProblemDetails(ApicurioRegistryBaseIT.java:154)
	at io.apicurio.tests.ApicurioRegistryBaseIT$RegistryApiErrorWatcher.logProblemDetails(ApicurioRegistryBaseIT.java:154)
	at io.apicurio.tests.ApicurioRegistryBaseIT$RegistryApiErrorWatcher.logProblemDetails(ApicurioRegistryBaseIT.java:154)
	at io.apicurio.tests.ApicurioRegistryBaseIT$RegistryApiErrorWatcher.logProblemDetails(ApicurioRegistryBaseIT.java:154)
	at io.apicurio.tests.ApicurioRegistryBaseIT$RegistryApiErrorWatcher.logProblemDetails(ApicurioRegistryBaseIT.java:154)
	at io.apicurio.tests.ApicurioRegistryBaseIT$RegistryApiErrorWatcher.logProblemDetails(ApicurioRegistryBaseIT.java:154)
	at io.apicurio.tests.ApicurioRegistryBaseIT$RegistryApiErrorWatcher.logProblemDetails(ApicurioRegistryBaseIT.java:154)
	at io.apicurio.tests.ApicurioRegistryBaseIT$RegistryApiErrorWatcher.logProblemDetails(ApicurioRegistryBaseIT.java:154)
	at io.apicurio.tests.ApicurioRegistryBaseIT$RegistryApiErrorWatcher.logProblemDetails(ApicurioRegistryBaseIT.java:154)
	at io.apicurio.tests.ApicurioRegistryBaseIT$RegistryApiErrorWatcher.logProblemDetails(ApicurioRegistryBaseIT.java:154)
	at io.apicurio.tests.ApicurioRegistryBaseIT$RegistryApiErrorWatcher.logProblemDetails(ApicurioRegistryBaseIT.java:154)
	at io.apicurio.tests.ApicurioRegistryBaseIT$RegistryApiErrorWatcher.logProblemDetails(ApicurioRegistryBaseIT.java:154)
	at io.apicurio.tests.ApicurioRegistryBaseIT$RegistryApiErrorWatcher.logProblemDetails(ApicurioRegistryBaseIT.java:154)
	at io.apicurio.tests.ApicurioRegistryBaseIT$RegistryApiErrorWatcher.logProblemDetails(ApicurioRegistryBaseIT.java:154)
	at io.apicurio.tests.ApicurioRegistryBaseIT$RegistryApiErrorWatcher.logProblemDetails(ApicurioRegistryBaseIT.java:154)
	at io.apicurio.tests.ApicurioRegistryBaseIT$RegistryApiErrorWatcher.logProblemDetails(ApicurioRegistryBaseIT.java:154)
	at io.apicurio.tests.ApicurioRegistryBaseIT$RegistryApiErrorWatcher.logProblemDetails(ApicurioRegistryBaseIT.java:154)
	at io.apicurio.tests.ApicurioRegistryBaseIT$RegistryApiErrorWatcher.logProblemDetails(ApicurioRegistryBaseIT.java:154)
	at io.apicurio.tests.ApicurioRegistryBaseIT$RegistryApiErrorWatcher.logProblemDetails(ApicurioRegistryBaseIT.java:154)
	at io.apicurio.tests.ApicurioRegistryBaseIT$RegistryApiErrorWatcher.logProblemDetails(ApicurioRegistryBaseIT.java:154)
	at io.apicurio.tests.ApicurioRegistryBaseIT$RegistryApiErrorWatcher.logProblemDetails(ApicurioRegistryBaseIT.java:154)
	at io.apicurio.tests.ApicurioRegistryBaseIT$RegistryApiErrorWatcher.logProblemDetails(ApicurioRegistryBaseIT.java:154)
	at io.apicurio.tests.ApicurioRegistryBaseIT$RegistryApiErrorWatcher.logProblemDetails(ApicurioRegistryBaseIT.java:154)
	at io.apicurio.tests.ApicurioRegistryBaseIT$RegistryApiErrorWatcher.logProblemDetails(ApicurioRegistryBaseIT.java:154)
	at io.apicurio.tests.ApicurioRegistryBaseIT$RegistryApiErrorWatcher.logProblemDetails(ApicurioRegistryBaseIT.java:154)
	at io.apicurio.tests.ApicurioRegistryBaseIT$RegistryApiErrorWatcher.logProblemDetails(ApicurioRegistryBaseIT.java:154)
	at io.apicurio.tests.ApicurioRegistryBaseIT$RegistryApiErrorWatcher.logProblemDetails(ApicurioRegistryBaseIT.java:154)
	at io.apicurio.tests.ApicurioRegistryBaseIT$RegistryApiErrorWatcher.logProblemDetails(ApicurioRegistryBaseIT.java:154)
	at io.apicurio.tests.ApicurioRegistryBaseIT$RegistryApiErrorWatcher.logProblemDetails(ApicurioRegistryBaseIT.java:154)
	at io.apicurio.tests.ApicurioRegistryBaseIT$RegistryApiErrorWatcher.logProblemDetails(ApicurioRegistryBaseIT.java:154)
	at io.apicurio.tests.ApicurioRegistryBaseIT$RegistryApiErrorWatcher.logProblemDetails(ApicurioRegistryBaseIT.java:154)
	at io.apicurio.tests.ApicurioRegistryBaseIT$RegistryApiErrorWatcher.logProblemDetails(ApicurioRegistryBaseIT.java:154)
	at io.apicurio.tests.ApicurioRegistryBaseIT$RegistryApiErrorWatcher.logProblemDetails(ApicurioRegistryBaseIT.java:154)
	at io.apicurio.tests.ApicurioRegistryBaseIT$RegistryApiErrorWatcher.logProblemDetails(ApicurioRegistryBaseIT.java:154)
	at io.apicurio.tests.ApicurioRegistryBaseIT$RegistryApiErrorWatcher.logProblemDetails(ApicurioRegistryBaseIT.java:154)
	at io.apicurio.tests.ApicurioRegistryBaseIT$RegistryApiErrorWatcher.logProblemDetails(ApicurioRegistryBaseIT.java:154)
	at io.apicurio.tests.ApicurioRegistryBaseIT$RegistryApiErrorWatcher.logProblemDetails(ApicurioRegistryBaseIT.java:154)
	at io.apicurio.tests.ApicurioRegistryBaseIT$RegistryApiErrorWatcher.logProblemDetails(ApicurioRegistryBaseIT.java:154)
	at io.apicurio.tests.ApicurioRegistryBaseIT$RegistryApiErrorWatcher.logProblemDetails(ApicurioRegistryBaseIT.java:154)
	at io.apicurio.tests.ApicurioRegistryBaseIT$RegistryApiErrorWatcher.logProblemDetails(ApicurioRegistryBaseIT.java:154)
	at io.apicurio.tests.ApicurioRegistryBaseIT$RegistryApiErrorWatcher.logProblemDetails(ApicurioRegistryBaseIT.java:154)
	at io.apicurio.tests.ApicurioRegistryBaseIT$RegistryApiErrorWatcher.logProblemDetails(ApicurioRegistryBaseIT.java:154)
	at io.apicurio.tests.ApicurioRegistryBaseIT$RegistryApiErrorWatcher.logProblemDetails(ApicurioRegistryBaseIT.java:154)
	at io.apicurio.tests.ApicurioRegistryBaseIT$RegistryApiErrorWatcher.logProblemDetails(ApicurioRegistryBaseIT.java:154)
	at io.apicurio.tests.ApicurioRegistryBaseIT$RegistryApiErrorWatcher.logProblemDetails(ApicurioRegistryBaseIT.java:154)
	at io.apicurio.tests.ApicurioRegistryBaseIT$RegistryApiErrorWatcher.logProblemDetails(ApicurioRegistryBaseIT.java:154)
	at io.apicurio.tests.ApicurioRegistryBaseIT$RegistryApiErrorWatcher.logProblemDetails(ApicurioRegistryBaseIT.java:154)
	at io.apicurio.tests.ApicurioRegistryBaseIT$RegistryApiErrorWatcher.logProblemDetails(ApicurioRegistryBaseIT.java:154)
	at io.apicurio.tests.ApicurioRegistryBaseIT$RegistryApiErrorWatcher.logProblemDetails(ApicurioRegistryBaseIT.java:154)
	at io.apicurio.tests.ApicurioRegistryBaseIT$RegistryApiErrorWatcher.logProblemDetails(ApicurioRegistryBaseIT.java:154)
	at io.apicurio.tests.ApicurioRegistryBaseIT$RegistryApiErrorWatcher.logProblemDetails(ApicurioRegistryBaseIT.java:154)
	at io.apicurio.tests.ApicurioRegistryBaseIT$RegistryApiErrorWatcher.logProblemDetails(ApicurioRegistryBaseIT.java:154)
	at io.apicurio.tests.ApicurioRegistryBaseIT$RegistryApiErrorWatcher.logProblemDetails(ApicurioRegistryBaseIT.java:154)
	at io.apicurio.tests.ApicurioRegistryBaseIT$RegistryApiErrorWatcher.logProblemDetails(ApicurioRegistryBaseIT.java:154)
	at io.apicurio.tests.ApicurioRegistryBaseIT$RegistryApiErrorWatcher.logProblemDetails(ApicurioRegistryBaseIT.java:154)
	at io.apicurio.tests.ApicurioRegistryBaseIT$RegistryApiErrorWatcher.logProblemDetails(ApicurioRegistryBaseIT.java:154)
	at io.apicurio.tests.ApicurioRegistryBaseIT$RegistryApiErrorWatcher.logProblemDetails(ApicurioRegistryBaseIT.java:154)
	at io.apicurio.tests.ApicurioRegistryBaseIT$RegistryApiErrorWatcher.logProblemDetails(ApicurioRegistryBaseIT.java:154)
	at io.apicurio.tests.ApicurioRegistryBaseIT$RegistryApiErrorWatcher.logProblemDetails(ApicurioRegistryBaseIT.java:154)
	at io.apicurio.tests.ApicurioRegistryBaseIT$RegistryApiErrorWatcher.logProblemDetails(ApicurioRegistryBaseIT.java:154)
	at io.apicurio.tests.ApicurioRegistryBaseIT$RegistryApiErrorWatcher.logProblemDetails(ApicurioRegistryBaseIT.java:154)
	at io.apicurio.tests.ApicurioRegistryBaseIT$RegistryApiErrorWatcher.logProblemDetails(ApicurioRegistryBaseIT.java:154)
	at io.apicurio.tests.ApicurioRegistryBaseIT$RegistryApiErrorWatcher.logProblemDetails(ApicurioRegistryBaseIT.java:154)
	at io.apicurio.tests.ApicurioRegistryBaseIT$RegistryApiErrorWatcher.logProblemDetails(ApicurioRegistryBaseIT.java:154)
	at io.apicurio.tests.ApicurioRegistryBaseIT$RegistryApiErrorWatcher.logProblemDetails(ApicurioRegistryBaseIT.java:154)
	at io.apicurio.tests.ApicurioRegistryBaseIT$RegistryApiErrorWatcher.logProblemDetails(ApicurioRegistryBaseIT.java:154)
	at io.apicurio.tests.ApicurioRegistryBaseIT$RegistryApiErrorWatcher.logProblemDetails(ApicurioRegistryBaseIT.java:154)
	at io.apicurio.tests.ApicurioRegistryBaseIT$RegistryApiErrorWatcher.logProblemDetails(ApicurioRegistryBaseIT.java:154)
	at io.apicurio.tests.ApicurioRegistryBaseIT$RegistryApiErrorWatcher.logProblemDetails(ApicurioRegistryBaseIT.java:154)
	at io.apicurio.tests.ApicurioRegistryBaseIT$RegistryApiErrorWatcher.logProblemDetails(ApicurioRegistryBaseIT.java:154)
	at io.apicurio.tests.ApicurioRegistryBaseIT$RegistryApiErrorWatcher.logProblemDetails(ApicurioRegistryBaseIT.java:154)
	at io.apicurio.tests.ApicurioRegistryBaseIT$RegistryApiErrorWatcher.logProblemDetails(ApicurioRegistryBaseIT.java:154)
	at io.apicurio.tests.ApicurioRegistryBaseIT$RegistryApiErrorWatcher.logProblemDetails(ApicurioRegistryBaseIT.java:154)
	at io.apicurio.tests.ApicurioRegistryBaseIT$RegistryApiErrorWatcher.logProblemDetails(ApicurioRegistryBaseIT.java:154)
	at io.apicurio.tests.ApicurioRegistryBaseIT$RegistryApiErrorWatcher.logProblemDetails(ApicurioRegistryBaseIT.java:154)
	at io.apicurio.tests.ApicurioRegistryBaseIT$RegistryApiErrorWatcher.logProblemDetails(ApicurioRegistryBaseIT.java:154)
	at io.apicurio.tests.ApicurioRegistryBaseIT$RegistryApiErrorWatcher.logProblemDetails(ApicurioRegistryBaseIT.java:154)
	at io.apicurio.tests.ApicurioRegistryBaseIT$RegistryApiErrorWatcher.logProblemDetails(ApicurioRegistryBaseIT.java:154)
	at io.apicurio.tests.ApicurioRegistryBaseIT$RegistryApiErrorWatcher.logProblemDetails(ApicurioRegistryBaseIT.java:154)
	at io.apicurio.tests.ApicurioRegistryBaseIT$RegistryApiErrorWatcher.logProblemDetails(ApicurioRegistryBaseIT.java:154)
	at io.apicurio.tests.ApicurioRegistryBaseIT$RegistryApiErrorWatcher.logProblemDetails(ApicurioRegistryBaseIT.java:154)
	at io.apicurio.tests.ApicurioRegistryBaseIT$RegistryApiErrorWatcher.logProblemDetails(ApicurioRegistryBaseIT.java:154)
	at io.apicurio.tests.ApicurioRegistryBaseIT$RegistryApiErrorWatcher.logProblemDetails(ApicurioRegistryBaseIT.java:154)
	at io.apicurio.tests.ApicurioRegistryBaseIT$RegistryApiErrorWatcher.logProblemDetails(ApicurioRegistryBaseIT.java:154)
	at io.apicurio.tests.ApicurioRegistryBaseIT$RegistryApiErrorWatcher.logProblemDetails(ApicurioRegistryBaseIT.java:154)
	at io.apicurio.tests.ApicurioRegistryBaseIT$RegistryApiErrorWatcher.logProblemDetails(ApicurioRegistryBaseIT.java:154)
	at io.apicurio.tests.ApicurioRegistryBaseIT$RegistryApiErrorWatcher.logProblemDetails(ApicurioRegistryBaseIT.java:154)
	at io.apicurio.tests.ApicurioRegistryBaseIT$RegistryApiErrorWatcher.logProblemDetails(ApicurioRegistryBaseIT.java:154)
	at io.apicurio.tests.ApicurioRegistryBaseIT$RegistryApiErrorWatcher.logProblemDetails(ApicurioRegistryBaseIT.java:154)
	at io.apicurio.tests.ApicurioRegistryBaseIT$RegistryApiErrorWatcher.logProblemDetails(ApicurioRegistryBaseIT.java:154)
	at io.apicurio.tests.ApicurioRegistryBaseIT$RegistryApiErrorWatcher.logProblemDetails(ApicurioRegistryBaseIT.java:154)
	at io.apicurio.tests.ApicurioRegistryBaseIT$RegistryApiErrorWatcher.logProblemDetails(ApicurioRegistryBaseIT.java:154)
	at io.apicurio.tests.ApicurioRegistryBaseIT$RegistryApiErrorWatcher.logProblemDetails(ApicurioRegistryBaseIT.java:154)
	at io.apicurio.tests.ApicurioRegistryBaseIT$RegistryApiErrorWatcher.logProblemDetails(ApicurioRegistryBaseIT.java:154)
	at io.apicurio.tests.ApicurioRegistryBaseIT$RegistryApiErrorWatcher.logProblemDetails(ApicurioRegistryBaseIT.java:154)
	at io.apicurio.tests.ApicurioRegistryBaseIT$RegistryApiErrorWatcher.logProblemDetails(ApicurioRegistryBaseIT.java:154)
	at io.apicurio.tests.ApicurioRegistryBaseIT$RegistryApiErrorWatcher.logProblemDetails(ApicurioRegistryBaseIT.java:154)
	at io.apicurio.tests.ApicurioRegistryBaseIT$RegistryApiErrorWatcher.logProblemDetails(ApicurioRegistryBaseIT.java:154)
	at io.apicurio.tests.ApicurioRegistryBaseIT$RegistryApiErrorWatcher.logProblemDetails(ApicurioRegistryBaseIT.java:154)
	at io.apicurio.tests.ApicurioRegistryBaseIT$RegistryApiErrorWatcher.logProblemDetails(ApicurioRegistryBaseIT.java:154)
	at io.apicurio.tests.ApicurioRegistryBaseIT$RegistryApiErrorWatcher.logProblemDetails(ApicurioRegistryBaseIT.java:154)
	at io.apicurio.tests.ApicurioRegistryBaseIT$RegistryApiErrorWatcher.logProblemDetails(ApicurioRegistryBaseIT.java:154)
	at io.apicurio.tests.ApicurioRegistryBaseIT$RegistryApiErrorWatcher.logProblemDetails(ApicurioRegistryBaseIT.java:154)
	at io.apicurio.tests.ApicurioRegistryBaseIT$RegistryApiErrorWatcher.logProblemDetails(ApicurioRegistryBaseIT.java:154)
	at io.apicurio.tests.ApicurioRegistryBaseIT$RegistryApiErrorWatcher.logProblemDetails(ApicurioRegistryBaseIT.java:154)
	at io.apicurio.tests.ApicurioRegistryBaseIT$RegistryApiErrorWatcher.logProblemDetails(ApicurioRegistryBaseIT.java:154)
	at io.apicurio.tests.ApicurioRegistryBaseIT$RegistryApiErrorWatcher.logProblemDetails(ApicurioRegistryBaseIT.java:154)
	at io.apicurio.tests.ApicurioRegistryBaseIT$RegistryApiErrorWatcher.logProblemDetails(ApicurioRegistryBaseIT.java:154)
	at io.apicurio.tests.ApicurioRegistryBaseIT$RegistryApiErrorWatcher.logProblemDetails(ApicurioRegistryBaseIT.java:154)
	at io.apicurio.tests.ApicurioRegistryBaseIT$RegistryApiErrorWatcher.logProblemDetails(ApicurioRegistryBaseIT.java:154)
	at io.apicurio.tests.ApicurioRegistryBaseIT$RegistryApiErrorWatcher.logProblemDetails(ApicurioRegistryBaseIT.java:154)
	at io.apicurio.tests.ApicurioRegistryBaseIT$RegistryApiErrorWatcher.logProblemDetails(ApicurioRegistryBaseIT.java:154)
	at io.apicurio.tests.ApicurioRegistryBaseIT$RegistryApiErrorWatcher.logProblemDetails(ApicurioRegistryBaseIT.java:154)
	at io.apicurio.tests.ApicurioRegistryBaseIT$RegistryApiErrorWatcher.logProblemDetails(ApicurioRegistryBaseIT.java:154)
	at io.apicurio.tests.ApicurioRegistryBaseIT$RegistryApiErrorWatcher.logProblemDetails(ApicurioRegistryBaseIT.java:154)
	at io.apicurio.tests.ApicurioRegistryBaseIT$RegistryApiErrorWatcher.logProblemDetails(ApicurioRegistryBaseIT.java:154)
	at io.apicurio.tests.ApicurioRegistryBaseIT$RegistryApiErrorWatcher.logProblemDetails(ApicurioRegistryBaseIT.java:154)
	at io.apicurio.tests.ApicurioRegistryBaseIT$RegistryApiErrorWatcher.logProblemDetails(ApicurioRegistryBaseIT.java:154)
	at io.apicurio.tests.ApicurioRegistryBaseIT$RegistryApiErrorWatcher.logProblemDetails(ApicurioRegistryBaseIT.java:154)
	at io.apicurio.tests.ApicurioRegistryBaseIT$RegistryApiErrorWatcher.logProblemDetails(ApicurioRegistryBaseIT.java:154)
	at io.apicurio.tests.ApicurioRegistryBaseIT$RegistryApiErrorWatcher.logProblemDetails(ApicurioRegistryBaseIT.java:154)
	at io.apicurio.tests.ApicurioRegistryBaseIT$RegistryApiErrorWatcher.logProblemDetails(ApicurioRegistryBaseIT.java:154)
	at io.apicurio.tests.ApicurioRegistryBaseIT$RegistryApiErrorWatcher.logProblemDetails(ApicurioRegistryBaseIT.java:154)
	at io.apicurio.tests.ApicurioRegistryBaseIT$RegistryApiErrorWatcher.logProblemDetails(ApicurioRegistryBaseIT.java:154)
	at io.apicurio.tests.ApicurioRegistryBaseIT$RegistryApiErrorWatcher.logProblemDetails(ApicurioRegistryBaseIT.java:154)
	at io.apicurio.tests.ApicurioRegistryBaseIT$RegistryApiErrorWatcher.logProblemDetails(ApicurioRegistryBaseIT.java:154)
	at io.apicurio.tests.ApicurioRegistryBaseIT$RegistryApiErrorWatcher.logProblemDetails(ApicurioRegistryBaseIT.java:154)
	at io.apicurio.tests.ApicurioRegistryBaseIT$RegistryApiErrorWatcher.logProblemDetails(ApicurioRegistryBaseIT.java:154)
	at io.apicurio.tests.ApicurioRegistryBaseIT$RegistryApiErrorWatcher.logProblemDetails(ApicurioRegistryBaseIT.java:154)
	at io.apicurio.tests.ApicurioRegistryBaseIT$RegistryApiErrorWatcher.logProblemDetails(ApicurioRegistryBaseIT.java:154)
	at io.apicurio.tests.ApicurioRegistryBaseIT$RegistryApiErrorWatcher.logProblemDetails(ApicurioRegistryBaseIT.java:154)
	at io.apicurio.tests.ApicurioRegistryBaseIT$RegistryApiErrorWatcher.logProblemDetails(ApicurioRegistryBaseIT.java:154)
	at io.apicurio.tests.ApicurioRegistryBaseIT$RegistryApiErrorWatcher.logProblemDetails(ApicurioRegistryBaseIT.java:154)
	at io.apicurio.tests.ApicurioRegistryBaseIT$RegistryApiErrorWatcher.logProblemDetails(ApicurioRegistryBaseIT.java:154)
	at io.apicurio.tests.ApicurioRegistryBaseIT$RegistryApiErrorWatcher.logProblemDetails(ApicurioRegistryBaseIT.java:154)
	at io.apicurio.tests.ApicurioRegistryBaseIT$RegistryApiErrorWatcher.logProblemDetails(ApicurioRegistryBaseIT.java:154)
	at io.apicurio.tests.ApicurioRegistryBaseIT$RegistryApiErrorWatcher.logProblemDetails(ApicurioRegistryBaseIT.java:154)
	at io.apicurio.tests.ApicurioRegistryBaseIT$RegistryApiErrorWatcher.logProblemDetails(ApicurioRegistryBaseIT.java:154)
	at io.apicurio.tests.ApicurioRegistryBaseIT$RegistryApiErrorWatcher.logProblemDetails(ApicurioRegistryBaseIT.java:154)
	at io.apicurio.tests.ApicurioRegistryBaseIT$RegistryApiErrorWatcher.logProblemDetails(ApicurioRegistryBaseIT.java:154)
	at io.apicurio.tests.ApicurioRegistryBaseIT$RegistryApiErrorWatcher.logProblemDetails(ApicurioRegistryBaseIT.java:154)
	at io.apicurio.tests.ApicurioRegistryBaseIT$RegistryApiErrorWatcher.logProblemDetails(ApicurioRegistryBaseIT.java:154)
	at io.apicurio.tests.ApicurioRegistryBaseIT$RegistryApiErrorWatcher.logProblemDetails(ApicurioRegistryBaseIT.java:154)
	at io.apicurio.tests.ApicurioRegistryBaseIT$RegistryApiErrorWatcher.logProblemDetails(ApicurioRegistryBaseIT.java:154)
	at io.apicurio.tests.ApicurioRegistryBaseIT$RegistryApiErrorWatcher.logProblemDetails(ApicurioRegistryBaseIT.java:154)
	at io.apicurio.tests.ApicurioRegistryBaseIT$RegistryApiErrorWatcher.logProblemDetails(ApicurioRegistryBaseIT.java:154)
	at io.apicurio.tests.ApicurioRegistryBaseIT$RegistryApiErrorWatcher.logProblemDetails(ApicurioRegistryBaseIT.java:154)
	at io.apicurio.tests.ApicurioRegistryBaseIT$RegistryApiErrorWatcher.logProblemDetails(ApicurioRegistryBaseIT.java:154)
	at io.apicurio.tests.ApicurioRegistryBaseIT$RegistryApiErrorWatcher.logProblemDetails(ApicurioRegistryBaseIT.java:154)
	at io.apicurio.tests.ApicurioRegistryBaseIT$RegistryApiErrorWatcher.logProblemDetails(ApicurioRegistryBaseIT.java:154)
	at io.apicurio.tests.ApicurioRegistryBaseIT$RegistryApiErrorWatcher.logProblemDetails(ApicurioRegistryBaseIT.java:154)
	at io.apicurio.tests.ApicurioRegistryBaseIT$RegistryApiErrorWatcher.logProblemDetails(ApicurioRegistryBaseIT.java:154)
	at io.apicurio.tests.ApicurioRegistryBaseIT$RegistryApiErrorWatcher.logProblemDetails(ApicurioRegistryBaseIT.java:154)
	at io.apicurio.tests.ApicurioRegistryBaseIT$RegistryApiErrorWatcher.logProblemDetails(ApicurioRegistryBaseIT.java:154)
	at io.apicurio.tests.ApicurioRegistryBaseIT$RegistryApiErrorWatcher.logProblemDetails(ApicurioRegistryBaseIT.java:154)
	at io.apicurio.tests.ApicurioRegistryBaseIT$RegistryApiErrorWatcher.logProblemDetails(ApicurioRegistryBaseIT.java:154)
	at io.apicurio.tests.ApicurioRegistryBaseIT$RegistryApiErrorWatcher.logProblemDetails(ApicurioRegistryBaseIT.java:154)
	at io.apicurio.tests.ApicurioRegistryBaseIT$RegistryApiErrorWatcher.logProblemDetails(ApicurioRegistryBaseIT.java:154)
	at io.apicurio.tests.ApicurioRegistryBaseIT$RegistryApiErrorWatcher.logProblemDetails(ApicurioRegistryBaseIT.java:154)
	at io.apicurio.tests.ApicurioRegistryBaseIT$RegistryApiErrorWatcher.logProblemDetails(ApicurioRegistryBaseIT.java:154)
	at io.apicurio.tests.ApicurioRegistryBaseIT$RegistryApiErrorWatcher.logProblemDetails(ApicurioRegistryBaseIT.java:154)
	at io.apicurio.tests.ApicurioRegistryBaseIT$RegistryApiErrorWatcher.logProblemDetails(ApicurioRegistryBaseIT.java:154)
	at io.apicurio.tests.ApicurioRegistryBaseIT$RegistryApiErrorWatcher.logProblemDetails(ApicurioRegistryBaseIT.java:154)
	at io.apicurio.tests.ApicurioRegistryBaseIT$RegistryApiErrorWatcher.logProblemDetails(ApicurioRegistryBaseIT.java:154)
	at io.apicurio.tests.ApicurioRegistryBaseIT$RegistryApiErrorWatcher.logProblemDetails(ApicurioRegistryBaseIT.java:154)
	at io.apicurio.tests.ApicurioRegistryBaseIT$RegistryApiErrorWatcher.logProblemDetails(ApicurioRegistryBaseIT.java:154)
	at io.apicurio.tests.ApicurioRegistryBaseIT$RegistryApiErrorWatcher.logProblemDetails(ApicurioRegistryBaseIT.java:154)
	at io.apicurio.tests.ApicurioRegistryBaseIT$RegistryApiErrorWatcher.logProblemDetails(ApicurioRegistryBaseIT.java:154)
	at io.apicurio.tests.ApicurioRegistryBaseIT$RegistryApiErrorWatcher.logProblemDetails(ApicurioRegistryBaseIT.java:154)
	at io.apicurio.tests.ApicurioRegistryBaseIT$RegistryApiErrorWatcher.logProblemDetails(ApicurioRegistryBaseIT.java:154)
	at io.apicurio.tests.ApicurioRegistryBaseIT$RegistryApiErrorWatcher.logProblemDetails(ApicurioRegistryBaseIT.java:154)
	at io.apicurio.tests.ApicurioRegistryBaseIT$RegistryApiErrorWatcher.logProblemDetails(ApicurioRegistryBaseIT.java:154)
	at io.apicurio.tests.ApicurioRegistryBaseIT$RegistryApiErrorWatcher.logProblemDetails(ApicurioRegistryBaseIT.java:154)
	at io.apicurio.tests.ApicurioRegistryBaseIT$RegistryApiErrorWatcher.logProblemDetails(ApicurioRegistryBaseIT.java:154)
	at io.apicurio.tests.ApicurioRegistryBaseIT$RegistryApiErrorWatcher.logProblemDetails(ApicurioRegistryBaseIT.java:154)
	at io.apicurio.tests.ApicurioRegistryBaseIT$RegistryApiErrorWatcher.logProblemDetails(ApicurioRegistryBaseIT.java:154)
	at io.apicurio.tests.ApicurioRegistryBaseIT$RegistryApiErrorWatcher.logProblemDetails(ApicurioRegistryBaseIT.java:154)
	at io.apicurio.tests.ApicurioRegistryBaseIT$RegistryApiErrorWatcher.logProblemDetails(ApicurioRegistryBaseIT.java:154)
	at io.apicurio.tests.ApicurioRegistryBaseIT$RegistryApiErrorWatcher.logProblemDetails(ApicurioRegistryBaseIT.java:154)
	at io.apicurio.tests.ApicurioRegistryBaseIT$RegistryApiErrorWatcher.logProblemDetails(ApicurioRegistryBaseIT.java:154)
	at io.apicurio.tests.ApicurioRegistryBaseIT$RegistryApiErrorWatcher.logProblemDetails(ApicurioRegistryBaseIT.java:154)
	at io.apicurio.tests.ApicurioRegistryBaseIT$RegistryApiErrorWatcher.logProblemDetails(ApicurioRegistryBaseIT.java:154)
	at io.apicurio.tests.ApicurioRegistryBaseIT$RegistryApiErrorWatcher.logProblemDetails(ApicurioRegistryBaseIT.java:154)
	at io.apicurio.tests.ApicurioRegistryBaseIT$RegistryApiErrorWatcher.logProblemDetails(ApicurioRegistryBaseIT.java:154)
	at io.apicurio.tests.ApicurioRegistryBaseIT$RegistryApiErrorWatcher.logProblemDetails(ApicurioRegistryBaseIT.java:154)
	at io.apicurio.tests.ApicurioRegistryBaseIT$RegistryApiErrorWatcher.logProblemDetails(ApicurioRegistryBaseIT.java:154)
	at io.apicurio.tests.ApicurioRegistryBaseIT$RegistryApiErrorWatcher.logProblemDetails(ApicurioRegistryBaseIT.java:154)
	at io.apicurio.tests.ApicurioRegistryBaseIT$RegistryApiErrorWatcher.logProblemDetails(ApicurioRegistryBaseIT.java:154)
	at io.apicurio.tests.ApicurioRegistryBaseIT$RegistryApiErrorWatcher.logProblemDetails(ApicurioRegistryBaseIT.java:154)
	at io.apicurio.tests.ApicurioRegistryBaseIT$RegistryApiErrorWatcher.logProblemDetails(ApicurioRegistryBaseIT.java:154)
	at io.apicurio.tests.ApicurioRegistryBaseIT$RegistryApiErrorWatcher.logProblemDetails(ApicurioRegistryBaseIT.java:154)
	at io.apicurio.tests.ApicurioRegistryBaseIT$RegistryApiErrorWatcher.logProblemDetails(ApicurioRegistryBaseIT.java:154)
	at io.apicurio.tests.ApicurioRegistryBaseIT$RegistryApiErrorWatcher.logProblemDetails(ApicurioRegistryBaseIT.java:154)
	at io.apicurio.tests.ApicurioRegistryBaseIT$RegistryApiErrorWatcher.logProblemDetails(ApicurioRegistryBaseIT.java:154)
	at io.apicurio.tests.ApicurioRegistryBaseIT$RegistryApiErrorWatcher.logProblemDetails(ApicurioRegistryBaseIT.java:154)
	at io.apicurio.tests.ApicurioRegistryBaseIT$RegistryApiErrorWatcher.logProblemDetails(ApicurioRegistryBaseIT.java:154)
	at io.apicurio.tests.ApicurioRegistryBaseIT$RegistryApiErrorWatcher.logProblemDetails(ApicurioRegistryBaseIT.java:154)
	at io.apicurio.tests.ApicurioRegistryBaseIT$RegistryApiErrorWatcher.logProblemDetails(ApicurioRegistryBaseIT.java:154)
	at io.apicurio.tests.ApicurioRegistryBaseIT$RegistryApiErrorWatcher.logProblemDetails(ApicurioRegistryBaseIT.java:154)
	at io.apicurio.tests.ApicurioRegistryBaseIT$RegistryApiErrorWatcher.logProblemDetails(ApicurioRegistryBaseIT.java:154)
	at io.apicurio.tests.ApicurioRegistryBaseIT$RegistryApiErrorWatcher.logProblemDetails(ApicurioRegistryBaseIT.java:154)
	at io.apicurio.tests.ApicurioRegistryBaseIT$RegistryApiErrorWatcher.logProblemDetails(ApicurioRegistryBaseIT.java:154)
	at io.apicurio.tests.ApicurioRegistryBaseIT$RegistryApiErrorWatcher.logProblemDetails(ApicurioRegistryBaseIT.java:154)
	at io.apicurio.tests.ApicurioRegistryBaseIT$RegistryApiErrorWatcher.logProblemDetails(ApicurioRegistryBaseIT.java:154)
	at io.apicurio.tests.ApicurioRegistryBaseIT$RegistryApiErrorWatcher.logProblemDetails(ApicurioRegistryBaseIT.java:154)
	at io.apicurio.tests.ApicurioRegistryBaseIT$RegistryApiErrorWatcher.logProblemDetails(ApicurioRegistryBaseIT.java:154)
	at io.apicurio.tests.ApicurioRegistryBaseIT$RegistryApiErrorWatcher.logProblemDetails(ApicurioRegistryBaseIT.java:154)
	at io.apicurio.tests.ApicurioRegistryBaseIT$RegistryApiErrorWatcher.logProblemDetails(ApicurioRegistryBaseIT.java:154)
	at io.apicurio.tests.ApicurioRegistryBaseIT$RegistryApiErrorWatcher.logProblemDetails(ApicurioRegistryBaseIT.java:154)
	at io.apicurio.tests.ApicurioRegistryBaseIT$RegistryApiErrorWatcher.logProblemDetails(ApicurioRegistryBaseIT.java:154)
	at io.apicurio.tests.ApicurioRegistryBaseIT$RegistryApiErrorWatcher.logProblemDetails(ApicurioRegistryBaseIT.java:154)
	at io.apicurio.tests.ApicurioRegistryBaseIT$RegistryApiErrorWatcher.logProblemDetails(ApicurioRegistryBaseIT.java:154)
	at io.apicurio.tests.ApicurioRegistryBaseIT$RegistryApiErrorWatcher.logProblemDetails(ApicurioRegistryBaseIT.java:154)
	at io.apicurio.tests.ApicurioRegistryBaseIT$RegistryApiErrorWatcher.logProblemDetails(ApicurioRegistryBaseIT.java:154)
	at io.apicurio.tests.ApicurioRegistryBaseIT$RegistryApiErrorWatcher.logProblemDetails(ApicurioRegistryBaseIT.java:154)
	at io.apicurio.tests.ApicurioRegistryBaseIT$RegistryApiErrorWatcher.logProblemDetails(ApicurioRegistryBaseIT.java:154)
	at io.apicurio.tests.ApicurioRegistryBaseIT$RegistryApiErrorWatcher.logProblemDetails(ApicurioRegistryBaseIT.java:154)
	at io.apicurio.tests.ApicurioRegistryBaseIT$RegistryApiErrorWatcher.logProblemDetails(ApicurioRegistryBaseIT.java:154)
	at io.apicurio.tests.ApicurioRegistryBaseIT$RegistryApiErrorWatcher.logProblemDetails(ApicurioRegistryBaseIT.java:154)
	at io.apicurio.tests.ApicurioRegistryBaseIT$RegistryApiErrorWatcher.logProblemDetails(ApicurioRegistryBaseIT.java:154)
	at io.apicurio.tests.ApicurioRegistryBaseIT$RegistryApiErrorWatcher.logProblemDetails(ApicurioRegistryBaseIT.java:154)
	at io.apicurio.tests.ApicurioRegistryBaseIT$RegistryApiErrorWatcher.logProblemDetails(ApicurioRegistryBaseIT.java:154)
	at io.apicurio.tests.ApicurioRegistryBaseIT$RegistryApiErrorWatcher.logProblemDetails(ApicurioRegistryBaseIT.java:154)
	at io.apicurio.tests.ApicurioRegistryBaseIT$RegistryApiErrorWatcher.logProblemDetails(ApicurioRegistryBaseIT.java:154)
	at io.apicurio.tests.ApicurioRegistryBaseIT$RegistryApiErrorWatcher.logProblemDetails(ApicurioRegistryBaseIT.java:154)
	at io.apicurio.tests.ApicurioRegistryBaseIT$RegistryApiErrorWatcher.logProblemDetails(ApicurioRegistryBaseIT.java:154)
	at io.apicurio.tests.ApicurioRegistryBaseIT$RegistryApiErrorWatcher.logProblemDetails(ApicurioRegistryBaseIT.java:154)
	at io.apicurio.tests.ApicurioRegistryBaseIT$RegistryApiErrorWatcher.logProblemDetails(ApicurioRegistryBaseIT.java:154)
	at io.apicurio.tests.ApicurioRegistryBaseIT$RegistryApiErrorWatcher.logProblemDetails(ApicurioRegistryBaseIT.java:154)
	at io.apicurio.tests.ApicurioRegistryBaseIT$RegistryApiErrorWatcher.logProblemDetails(ApicurioRegistryBaseIT.java:154)
	at io.apicurio.tests.ApicurioRegistryBaseIT$RegistryApiErrorWatcher.logProblemDetails(ApicurioRegistryBaseIT.java:154)
	at io.apicurio.tests.ApicurioRegistryBaseIT$RegistryApiErrorWatcher.logProblemDetails(ApicurioRegistryBaseIT.java:154)
	at io.apicurio.tests.ApicurioRegistryBaseIT$RegistryApiErrorWatcher.logProblemDetails(ApicurioRegistryBaseIT.java:154)
	at io.apicurio.tests.ApicurioRegistryBaseIT$RegistryApiErrorWatcher.logProblemDetails(ApicurioRegistryBaseIT.java:154)
	at io.apicurio.tests.ApicurioRegistryBaseIT$RegistryApiErrorWatcher.logProblemDetails(ApicurioRegistryBaseIT.java:154)
	at io.apicurio.tests.ApicurioRegistryBaseIT$RegistryApiErrorWatcher.logProblemDetails(ApicurioRegistryBaseIT.java:154)
	at io.apicurio.tests.ApicurioRegistryBaseIT$RegistryApiErrorWatcher.logProblemDetails(ApicurioRegistryBaseIT.java:154)
	at io.apicurio.tests.ApicurioRegistryBaseIT$RegistryApiErrorWatcher.logProblemDetails(ApicurioRegistryBaseIT.java:154)
	at io.apicurio.tests.ApicurioRegistryBaseIT$RegistryApiErrorWatcher.logProblemDetails(ApicurioRegistryBaseIT.java:154)
	at io.apicurio.tests.ApicurioRegistryBaseIT$RegistryApiErrorWatcher.logProblemDetails(ApicurioRegistryBaseIT.java:154)
	at io.apicurio.tests.ApicurioRegistryBaseIT$RegistryApiErrorWatcher.logProblemDetails(ApicurioRegistryBaseIT.java:154)
	at io.apicurio.tests.ApicurioRegistryBaseIT$RegistryApiErrorWatcher.logProblemDetails(ApicurioRegistryBaseIT.java:154)
	at io.apicurio.tests.ApicurioRegistryBaseIT$RegistryApiErrorWatcher.logProblemDetails(ApicurioRegistryBaseIT.java:154)
	at io.apicurio.tests.ApicurioRegistryBaseIT$RegistryApiErrorWatcher.logProblemDetails(ApicurioRegistryBaseIT.java:154)
	at io.apicurio.tests.ApicurioRegistryBaseIT$RegistryApiErrorWatcher.logProblemDetails(ApicurioRegistryBaseIT.java:154)
	at io.apicurio.tests.ApicurioRegistryBaseIT$RegistryApiErrorWatcher.logProblemDetails(ApicurioRegistryBaseIT.java:154)
	at io.apicurio.tests.ApicurioRegistryBaseIT$RegistryApiErrorWatcher.logProblemDetails(ApicurioRegistryBaseIT.java:154)
	at io.apicurio.tests.ApicurioRegistryBaseIT$RegistryApiErrorWatcher.logProblemDetails(ApicurioRegistryBaseIT.java:154)
	at io.apicurio.tests.ApicurioRegistryBaseIT$RegistryApiErrorWatcher.logProblemDetails(ApicurioRegistryBaseIT.java:154)
	at io.apicurio.tests.ApicurioRegistryBaseIT$RegistryApiErrorWatcher.logProblemDetails(ApicurioRegistryBaseIT.java:154)
	at io.apicurio.tests.ApicurioRegistryBaseIT$RegistryApiErrorWatcher.logProblemDetails(ApicurioRegistryBaseIT.java:154)
	at io.apicurio.tests.ApicurioRegistryBaseIT$RegistryApiErrorWatcher.logProblemDetails(ApicurioRegistryBaseIT.java:154)
	at io.apicurio.tests.ApicurioRegistryBaseIT$RegistryApiErrorWatcher.logProblemDetails(ApicurioRegistryBaseIT.java:154)
	at io.apicurio.tests.ApicurioRegistryBaseIT$RegistryApiErrorWatcher.logProblemDetails(ApicurioRegistryBaseIT.java:154)
	at io.apicurio.tests.ApicurioRegistryBaseIT$RegistryApiErrorWatcher.logProblemDetails(ApicurioRegistryBaseIT.java:154)
	at io.apicurio.tests.ApicurioRegistryBaseIT$RegistryApiErrorWatcher.logProblemDetails(ApicurioRegistryBaseIT.java:154)
	at io.apicurio.tests.ApicurioRegistryBaseIT$RegistryApiErrorWatcher.logProblemDetails(ApicurioRegistryBaseIT.java:154)
	at io.apicurio.tests.ApicurioRegistryBaseIT$RegistryApiErrorWatcher.logProblemDetails(ApicurioRegistryBaseIT.java:154)
	at io.apicurio.tests.ApicurioRegistryBaseIT$RegistryApiErrorWatcher.logProblemDetails(ApicurioRegistryBaseIT.java:154)
	at io.apicurio.tests.ApicurioRegistryBaseIT$RegistryApiErrorWatcher.logProblemDetails(ApicurioRegistryBaseIT.java:154)
	at io.apicurio.tests.ApicurioRegistryBaseIT$RegistryApiErrorWatcher.logProblemDetails(ApicurioRegistryBaseIT.java:154)
	at io.apicurio.tests.ApicurioRegistryBaseIT$RegistryApiErrorWatcher.logProblemDetails(ApicurioRegistryBaseIT.java:154)
	at io.apicurio.tests.ApicurioRegistryBaseIT$RegistryApiErrorWatcher.logProblemDetails(ApicurioRegistryBaseIT.java:154)
	at io.apicurio.tests.ApicurioRegistryBaseIT$RegistryApiErrorWatcher.logProblemDetails(ApicurioRegistryBaseIT.java:154)
	at io.apicurio.tests.ApicurioRegistryBaseIT$RegistryApiErrorWatcher.logProblemDetails(ApicurioRegistryBaseIT.java:154)
	at io.apicurio.tests.ApicurioRegistryBaseIT$RegistryApiErrorWatcher.logProblemDetails(ApicurioRegistryBaseIT.java:154)
	at io.apicurio.tests.ApicurioRegistryBaseIT$RegistryApiErrorWatcher.logProblemDetails(ApicurioRegistryBaseIT.java:154)
	at io.apicurio.tests.ApicurioRegistryBaseIT$RegistryApiErrorWatcher.logProblemDetails(ApicurioRegistryBaseIT.java:154)
	at io.apicurio.tests.ApicurioRegistryBaseIT$RegistryApiErrorWatcher.logProblemDetails(ApicurioRegistryBaseIT.java:154)
	at io.apicurio.tests.ApicurioRegistryBaseIT$RegistryApiErrorWatcher.logProblemDetails(ApicurioRegistryBaseIT.java:154)
	at io.apicurio.tests.ApicurioRegistryBaseIT$RegistryApiErrorWatcher.logProblemDetails(ApicurioRegistryBaseIT.java:154)
	at io.apicurio.tests.ApicurioRegistryBaseIT$RegistryApiErrorWatcher.logProblemDetails(ApicurioRegistryBaseIT.java:154)
	at io.apicurio.tests.ApicurioRegistryBaseIT$RegistryApiErrorWatcher.logProblemDetails(ApicurioRegistryBaseIT.java:154)
	at io.apicurio.tests.ApicurioRegistryBaseIT$RegistryApiErrorWatcher.logProblemDetails(ApicurioRegistryBaseIT.java:154)
	at io.apicurio.tests.ApicurioRegistryBaseIT$RegistryApiErrorWatcher.logProblemDetails(ApicurioRegistryBaseIT.java:154)
	at io.apicurio.tests.ApicurioRegistryBaseIT$RegistryApiErrorWatcher.logProblemDetails(ApicurioRegistryBaseIT.java:154)
	at io.apicurio.tests.ApicurioRegistryBaseIT$RegistryApiErrorWatcher.logProblemDetails(ApicurioRegistryBaseIT.java:154)
	at io.apicurio.tests.ApicurioRegistryBaseIT$RegistryApiErrorWatcher.logProblemDetails(ApicurioRegistryBaseIT.java:154)
	at io.apicurio.tests.ApicurioRegistryBaseIT$RegistryApiErrorWatcher.logProblemDetails(ApicurioRegistryBaseIT.java:154)
	at io.apicurio.tests.ApicurioRegistryBaseIT$RegistryApiErrorWatcher.logProblemDetails(ApicurioRegistryBaseIT.java:154)
	at io.apicurio.tests.ApicurioRegistryBaseIT$RegistryApiErrorWatcher.logProblemDetails(ApicurioRegistryBaseIT.java:154)
	at io.apicurio.tests.ApicurioRegistryBaseIT$RegistryApiErrorWatcher.logProblemDetails(ApicurioRegistryBaseIT.java:154)
	at io.apicurio.tests.ApicurioRegistryBaseIT$RegistryApiErrorWatcher.logProblemDetails(ApicurioRegistryBaseIT.java:154)
	at io.apicurio.tests.ApicurioRegistryBaseIT$RegistryApiErrorWatcher.logProblemDetails(ApicurioRegistryBaseIT.java:154)
	at io.apicurio.tests.ApicurioRegistryBaseIT$RegistryApiErrorWatcher.logProblemDetails(ApicurioRegistryBaseIT.java:154)
	at io.apicurio.tests.ApicurioRegistryBaseIT$RegistryApiErrorWatcher.logProblemDetails(ApicurioRegistryBaseIT.java:154)
	at io.apicurio.tests.ApicurioRegistryBaseIT$RegistryApiErrorWatcher.logProblemDetails(ApicurioRegistryBaseIT.java:154)
	at io.apicurio.tests.ApicurioRegistryBaseIT$RegistryApiErrorWatcher.logProblemDetails(ApicurioRegistryBaseIT.java:154)
	at io.apicurio.tests.ApicurioRegistryBaseIT$RegistryApiErrorWatcher.logProblemDetails(ApicurioRegistryBaseIT.java:154)
	at io.apicurio.tests.ApicurioRegistryBaseIT$RegistryApiErrorWatcher.logProblemDetails(ApicurioRegistryBaseIT.java:154)
	at io.apicurio.tests.ApicurioRegistryBaseIT$RegistryApiErrorWatcher.logProblemDetails(ApicurioRegistryBaseIT.java:154)
	at io.apicurio.tests.ApicurioRegistryBaseIT$RegistryApiErrorWatcher.logProblemDetails(ApicurioRegistryBaseIT.java:154)
	at io.apicurio.tests.ApicurioRegistryBaseIT$RegistryApiErrorWatcher.logProblemDetails(ApicurioRegistryBaseIT.java:154)
	at io.apicurio.tests.ApicurioRegistryBaseIT$RegistryApiErrorWatcher.logProblemDetails(ApicurioRegistryBaseIT.java:154)
	at io.apicurio.tests.ApicurioRegistryBaseIT$RegistryApiErrorWatcher.logProblemDetails(ApicurioRegistryBaseIT.java:154)
	at io.apicurio.tests.ApicurioRegistryBaseIT$RegistryApiErrorWatcher.logProblemDetails(ApicurioRegistryBaseIT.java:154)
	at io.apicurio.tests.ApicurioRegistryBaseIT$RegistryApiErrorWatcher.logProblemDetails(ApicurioRegistryBaseIT.java:154)
	at io.apicurio.tests.ApicurioRegistryBaseIT$RegistryApiErrorWatcher.logProblemDetails(ApicurioRegistryBaseIT.java:154)
	at io.apicurio.tests.ApicurioRegistryBaseIT$RegistryApiErrorWatcher.logProblemDetails(ApicurioRegistryBaseIT.java:154)
	at io.apicurio.tests.ApicurioRegistryBaseIT$RegistryApiErrorWatcher.logProblemDetails(ApicurioRegistryBaseIT.java:154)
	at io.apicurio.tests.ApicurioRegistryBaseIT$RegistryApiErrorWatcher.logProblemDetails(ApicurioRegistryBaseIT.java:154)
	at io.apicurio.tests.ApicurioRegistryBaseIT$RegistryApiErrorWatcher.logProblemDetails(ApicurioRegistryBaseIT.java:154)
	at io.apicurio.tests.ApicurioRegistryBaseIT$RegistryApiErrorWatcher.logProblemDetails(ApicurioRegistryBaseIT.java:154)
	at io.apicurio.tests.ApicurioRegistryBaseIT$RegistryApiErrorWatcher.logProblemDetails(ApicurioRegistryBaseIT.java:154)
	at io.apicurio.tests.ApicurioRegistryBaseIT$RegistryApiErrorWatcher.logProblemDetails(ApicurioRegistryBaseIT.java:154)
	at io.apicurio.tests.ApicurioRegistryBaseIT$RegistryApiErrorWatcher.logProblemDetails(ApicurioRegistryBaseIT.java:154)
	at io.apicurio.tests.ApicurioRegistryBaseIT$RegistryApiErrorWatcher.logProblemDetails(ApicurioRegistryBaseIT.java:154)
	at io.apicurio.tests.ApicurioRegistryBaseIT$RegistryApiErrorWatcher.logProblemDetails(ApicurioRegistryBaseIT.java:154)
	at io.apicurio.tests.ApicurioRegistryBaseIT$RegistryApiErrorWatcher.logProblemDetails(ApicurioRegistryBaseIT.java:154)
	at io.apicurio.tests.ApicurioRegistryBaseIT$RegistryApiErrorWatcher.logProblemDetails(ApicurioRegistryBaseIT.java:154)
	at io.apicurio.tests.ApicurioRegistryBaseIT$RegistryApiErrorWatcher.logProblemDetails(ApicurioRegistryBaseIT.java:154)
	at io.apicurio.tests.ApicurioRegistryBaseIT$RegistryApiErrorWatcher.logProblemDetails(ApicurioRegistryBaseIT.java:154)
	at io.apicurio.tests.ApicurioRegistryBaseIT$RegistryApiErrorWatcher.logProblemDetails(ApicurioRegistryBaseIT.java:154)
	at io.apicurio.tests.ApicurioRegistryBaseIT$RegistryApiErrorWatcher.logProblemDetails(ApicurioRegistryBaseIT.java:154)
	at io.apicurio.tests.ApicurioRegistryBaseIT$RegistryApiErrorWatcher.logProblemDetails(ApicurioRegistryBaseIT.java:154)
	at io.apicurio.tests.ApicurioRegistryBaseIT$RegistryApiErrorWatcher.logProblemDetails(ApicurioRegistryBaseIT.java:154)
	at io.apicurio.tests.ApicurioRegistryBaseIT$RegistryApiErrorWatcher.logProblemDetails(ApicurioRegistryBaseIT.java:154)
	at io.apicurio.tests.ApicurioRegistryBaseIT$RegistryApiErrorWatcher.logProblemDetails(ApicurioRegistryBaseIT.java:154)
	at io.apicurio.tests.ApicurioRegistryBaseIT$RegistryApiErrorWatcher.logProblemDetails(ApicurioRegistryBaseIT.java:154)
	at io.apicurio.tests.ApicurioRegistryBaseIT$RegistryApiErrorWatcher.logProblemDetails(ApicurioRegistryBaseIT.java:154)
	at io.apicurio.tests.ApicurioRegistryBaseIT$RegistryApiErrorWatcher.logProblemDetails(ApicurioRegistryBaseIT.java:154)
	at io.apicurio.tests.ApicurioRegistryBaseIT$RegistryApiErrorWatcher.logProblemDetails(ApicurioRegistryBaseIT.java:154)
	at io.apicurio.tests.ApicurioRegistryBaseIT$RegistryApiErrorWatcher.logProblemDetails(ApicurioRegistryBaseIT.java:154)
	at io.apicurio.tests.ApicurioRegistryBaseIT$RegistryApiErrorWatcher.logProblemDetails(ApicurioRegistryBaseIT.java:154)
	at io.apicurio.tests.ApicurioRegistryBaseIT$RegistryApiErrorWatcher.logProblemDetails(ApicurioRegistryBaseIT.java:154)
	at io.apicurio.tests.ApicurioRegistryBaseIT$RegistryApiErrorWatcher.logProblemDetails(ApicurioRegistryBaseIT.java:154)
	at io.apicurio.tests.ApicurioRegistryBaseIT$RegistryApiErrorWatcher.logProblemDetails(ApicurioRegistryBaseIT.java:154)
	at io.apicurio.tests.ApicurioRegistryBaseIT$RegistryApiErrorWatcher.logProblemDetails(ApicurioRegistryBaseIT.java:154)
	at io.apicurio.tests.ApicurioRegistryBaseIT$RegistryApiErrorWatcher.logProblemDetails(ApicurioRegistryBaseIT.java:154)
	at io.apicurio.tests.ApicurioRegistryBaseIT$RegistryApiErrorWatcher.logProblemDetails(ApicurioRegistryBaseIT.java:154)
	at io.apicurio.tests.ApicurioRegistryBaseIT$RegistryApiErrorWatcher.logProblemDetails(ApicurioRegistryBaseIT.java:154)
	at io.apicurio.tests.ApicurioRegistryBaseIT$RegistryApiErrorWatcher.logProblemDetails(ApicurioRegistryBaseIT.java:154)
	at io.apicurio.tests.ApicurioRegistryBaseIT$RegistryApiErrorWatcher.logProblemDetails(ApicurioRegistryBaseIT.java:154)
	at io.apicurio.tests.ApicurioRegistryBaseIT$RegistryApiErrorWatcher.logProblemDetails(ApicurioRegistryBaseIT.java:154)
	at io.apicurio.tests.ApicurioRegistryBaseIT$RegistryApiErrorWatcher.logProblemDetails(ApicurioRegistryBaseIT.java:154)
	at io.apicurio.tests.ApicurioRegistryBaseIT$RegistryApiErrorWatcher.logProblemDetails(ApicurioRegistryBaseIT.java:154)
	at io.apicurio.tests.ApicurioRegistryBaseIT$RegistryApiErrorWatcher.logProblemDetails(ApicurioRegistryBaseIT.java:154)
	at io.apicurio.tests.ApicurioRegistryBaseIT$RegistryApiErrorWatcher.logProblemDetails(ApicurioRegistryBaseIT.java:154)
	at io.apicurio.tests.ApicurioRegistryBaseIT$RegistryApiErrorWatcher.logProblemDetails(ApicurioRegistryBaseIT.java:154)
	at io.apicurio.tests.ApicurioRegistryBaseIT$RegistryApiErrorWatcher.logProblemDetails(ApicurioRegistryBaseIT.java:154)
	at io.apicurio.tests.ApicurioRegistryBaseIT$RegistryApiErrorWatcher.logProblemDetails(ApicurioRegistryBaseIT.java:154)
	at io.apicurio.tests.ApicurioRegistryBaseIT$RegistryApiErrorWatcher.logProblemDetails(ApicurioRegistryBaseIT.java:154)
	at io.apicurio.tests.ApicurioRegistryBaseIT$RegistryApiErrorWatcher.logProblemDetails(ApicurioRegistryBaseIT.java:154)
	at io.apicurio.tests.ApicurioRegistryBaseIT$RegistryApiErrorWatcher.logProblemDetails(ApicurioRegistryBaseIT.java:154)
	at io.apicurio.tests.ApicurioRegistryBaseIT$RegistryApiErrorWatcher.logProblemDetails(ApicurioRegistryBaseIT.java:154)
	at io.apicurio.tests.ApicurioRegistryBaseIT$RegistryApiErrorWatcher.logProblemDetails(ApicurioRegistryBaseIT.java:154)
	at io.apicurio.tests.ApicurioRegistryBaseIT$RegistryApiErrorWatcher.logProblemDetails(ApicurioRegistryBaseIT.java:154)
	at io.apicurio.tests.ApicurioRegistryBaseIT$RegistryApiErrorWatcher.logProblemDetails(ApicurioRegistryBaseIT.java:154)
	at io.apicurio.tests.ApicurioRegistryBaseIT$RegistryApiErrorWatcher.logProblemDetails(ApicurioRegistryBaseIT.java:154)
	at io.apicurio.tests.ApicurioRegistryBaseIT$RegistryApiErrorWatcher.logProblemDetails(ApicurioRegistryBaseIT.java:154)
	at io.apicurio.tests.ApicurioRegistryBaseIT$RegistryApiErrorWatcher.logProblemDetails(ApicurioRegistryBaseIT.java:154)
	at io.apicurio.tests.ApicurioRegistryBaseIT$RegistryApiErrorWatcher.logProblemDetails(ApicurioRegistryBaseIT.java:154)
	at io.apicurio.tests.ApicurioRegistryBaseIT$RegistryApiErrorWatcher.logProblemDetails(ApicurioRegistryBaseIT.java:154)
	at io.apicurio.tests.ApicurioRegistryBaseIT$RegistryApiErrorWatcher.logProblemDetails(ApicurioRegistryBaseIT.java:154)
	at io.apicurio.tests.ApicurioRegistryBaseIT$RegistryApiErrorWatcher.logProblemDetails(ApicurioRegistryBaseIT.java:154)
	at io.apicurio.tests.ApicurioRegistryBaseIT$RegistryApiErrorWatcher.logProblemDetails(ApicurioRegistryBaseIT.java:154)
	at io.apicurio.tests.ApicurioRegistryBaseIT$RegistryApiErrorWatcher.logProblemDetails(ApicurioRegistryBaseIT.java:154)
	at io.apicurio.tests.ApicurioRegistryBaseIT$RegistryApiErrorWatcher.logProblemDetails(ApicurioRegistryBaseIT.java:154)
	at io.apicurio.tests.ApicurioRegistryBaseIT$RegistryApiErrorWatcher.logProblemDetails(ApicurioRegistryBaseIT.java:154)
	at io.apicurio.tests.ApicurioRegistryBaseIT$RegistryApiErrorWatcher.logProblemDetails(ApicurioRegistryBaseIT.java:154)
	at io.apicurio.tests.ApicurioRegistryBaseIT$RegistryApiErrorWatcher.logProblemDetails(ApicurioRegistryBaseIT.java:154)
	at io.apicurio.tests.ApicurioRegistryBaseIT$RegistryApiErrorWatcher.logProblemDetails(ApicurioRegistryBaseIT.java:154)
	at io.apicurio.tests.ApicurioRegistryBaseIT$RegistryApiErrorWatcher.logProblemDetails(ApicurioRegistryBaseIT.java:154)
	at io.apicurio.tests.ApicurioRegistryBaseIT$RegistryApiErrorWatcher.logProblemDetails(ApicurioRegistryBaseIT.java:154)
	at io.apicurio.tests.ApicurioRegistryBaseIT$RegistryApiErrorWatcher.logProblemDetails(ApicurioRegistryBaseIT.java:154)
	at io.apicurio.tests.ApicurioRegistryBaseIT$RegistryApiErrorWatcher.logProblemDetails(ApicurioRegistryBaseIT.java:154)
	at io.apicurio.tests.ApicurioRegistryBaseIT$RegistryApiErrorWatcher.logProblemDetails(ApicurioRegistryBaseIT.java:154)
	at io.apicurio.tests.ApicurioRegistryBaseIT$RegistryApiErrorWatcher.logProblemDetails(ApicurioRegistryBaseIT.java:154)
	at io.apicurio.tests.ApicurioRegistryBaseIT$RegistryApiErrorWatcher.logProblemDetails(ApicurioRegistryBaseIT.java:154)
	at io.apicurio.tests.ApicurioRegistryBaseIT$RegistryApiErrorWatcher.logProblemDetails(ApicurioRegistryBaseIT.java:154)
	at io.apicurio.tests.ApicurioRegistryBaseIT$RegistryApiErrorWatcher.logProblemDetails(ApicurioRegistryBaseIT.java:154)
	at io.apicurio.tests.ApicurioRegistryBaseIT$RegistryApiErrorWatcher.logProblemDetails(ApicurioRegistryBaseIT.java:154)
	at io.apicurio.tests.ApicurioRegistryBaseIT$RegistryApiErrorWatcher.logProblemDetails(ApicurioRegistryBaseIT.java:154)
	at io.apicurio.tests.ApicurioRegistryBaseIT$RegistryApiErrorWatcher.logProblemDetails(ApicurioRegistryBaseIT.java:154)
	at io.apicurio.tests.ApicurioRegistryBaseIT$RegistryApiErrorWatcher.logProblemDetails(ApicurioRegistryBaseIT.java:154)
	at io.apicurio.tests.ApicurioRegistryBaseIT$RegistryApiErrorWatcher.logProblemDetails(ApicurioRegistryBaseIT.java:154)
	at io.apicurio.tests.ApicurioRegistryBaseIT$RegistryApiErrorWatcher.logProblemDetails(ApicurioRegistryBaseIT.java:154)
	at io.apicurio.tests.ApicurioRegistryBaseIT$RegistryApiErrorWatcher.logProblemDetails(ApicurioRegistryBaseIT.java:154)
	at io.apicurio.tests.ApicurioRegistryBaseIT$RegistryApiErrorWatcher.logProblemDetails(ApicurioRegistryBaseIT.java:154)
	at io.apicurio.tests.ApicurioRegistryBaseIT$RegistryApiErrorWatcher.logProblemDetails(ApicurioRegistryBaseIT.java:154)
	at io.apicurio.tests.ApicurioRegistryBaseIT$RegistryApiErrorWatcher.logProblemDetails(ApicurioRegistryBaseIT.java:154)
	at io.apicurio.tests.ApicurioRegistryBaseIT$RegistryApiErrorWatcher.logProblemDetails(ApicurioRegistryBaseIT.java:154)
	at io.apicurio.tests.ApicurioRegistryBaseIT$RegistryApiErrorWatcher.logProblemDetails(ApicurioRegistryBaseIT.java:154)
	at io.apicurio.tests.ApicurioRegistryBaseIT$RegistryApiErrorWatcher.logProblemDetails(ApicurioRegistryBaseIT.java:154)
	at io.apicurio.tests.ApicurioRegistryBaseIT$RegistryApiErrorWatcher.logProblemDetails(ApicurioRegistryBaseIT.java:154)
	at io.apicurio.tests.ApicurioRegistryBaseIT$RegistryApiErrorWatcher.logProblemDetails(ApicurioRegistryBaseIT.java:154)
	at io.apicurio.tests.ApicurioRegistryBaseIT$RegistryApiErrorWatcher.logProblemDetails(ApicurioRegistryBaseIT.java:154)
	at io.apicurio.tests.ApicurioRegistryBaseIT$RegistryApiErrorWatcher.logProblemDetails(ApicurioRegistryBaseIT.java:154)
	at io.apicurio.tests.ApicurioRegistryBaseIT$RegistryApiErrorWatcher.logProblemDetails(ApicurioRegistryBaseIT.java:154)
	at io.apicurio.tests.ApicurioRegistryBaseIT$RegistryApiErrorWatcher.logProblemDetails(ApicurioRegistryBaseIT.java:154)
	at io.apicurio.tests.ApicurioRegistryBaseIT$RegistryApiErrorWatcher.logProblemDetails(ApicurioRegistryBaseIT.java:154)
	at io.apicurio.tests.ApicurioRegistryBaseIT$RegistryApiErrorWatcher.logProblemDetails(ApicurioRegistryBaseIT.java:154)
	at io.apicurio.tests.ApicurioRegistryBaseIT$RegistryApiErrorWatcher.logProblemDetails(ApicurioRegistryBaseIT.java:154)
	at io.apicurio.tests.ApicurioRegistryBaseIT$RegistryApiErrorWatcher.logProblemDetails(ApicurioRegistryBaseIT.java:154)
	at io.apicurio.tests.ApicurioRegistryBaseIT$RegistryApiErrorWatcher.logProblemDetails(ApicurioRegistryBaseIT.java:154)
	at io.apicurio.tests.ApicurioRegistryBaseIT$RegistryApiErrorWatcher.logProblemDetails(ApicurioRegistryBaseIT.java:154)
	at io.apicurio.tests.ApicurioRegistryBaseIT$RegistryApiErrorWatcher.logProblemDetails(ApicurioRegistryBaseIT.java:154)
	at io.apicurio.tests.ApicurioRegistryBaseIT$RegistryApiErrorWatcher.logProblemDetails(ApicurioRegistryBaseIT.java:154)
	at io.apicurio.tests.ApicurioRegistryBaseIT$RegistryApiErrorWatcher.logProblemDetails(ApicurioRegistryBaseIT.java:154)
	at io.apicurio.tests.ApicurioRegistryBaseIT$RegistryApiErrorWatcher.logProblemDetails(ApicurioRegistryBaseIT.java:154)
	at io.apicurio.tests.ApicurioRegistryBaseIT$RegistryApiErrorWatcher.logProblemDetails(ApicurioRegistryBaseIT.java:154)
	at io.apicurio.tests.ApicurioRegistryBaseIT$RegistryApiErrorWatcher.logProblemDetails(ApicurioRegistryBaseIT.java:154)
	at io.apicurio.tests.ApicurioRegistryBaseIT$RegistryApiErrorWatcher.logProblemDetails(ApicurioRegistryBaseIT.java:154)
	at io.apicurio.tests.ApicurioRegistryBaseIT$RegistryApiErrorWatcher.logProblemDetails(ApicurioRegistryBaseIT.java:154)
	at io.apicurio.tests.ApicurioRegistryBaseIT$RegistryApiErrorWatcher.logProblemDetails(ApicurioRegistryBaseIT.java:154)
	at io.apicurio.tests.ApicurioRegistryBaseIT$RegistryApiErrorWatcher.logProblemDetails(ApicurioRegistryBaseIT.java:154)
	at io.apicurio.tests.ApicurioRegistryBaseIT$RegistryApiErrorWatcher.logProblemDetails(ApicurioRegistryBaseIT.java:154)
	at io.apicurio.tests.ApicurioRegistryBaseIT$RegistryApiErrorWatcher.logProblemDetails(ApicurioRegistryBaseIT.java:154)
	at io.apicurio.tests.ApicurioRegistryBaseIT$RegistryApiErrorWatcher.logProblemDetails(ApicurioRegistryBaseIT.java:154)
	at io.apicurio.tests.ApicurioRegistryBaseIT$RegistryApiErrorWatcher.logProblemDetails(ApicurioRegistryBaseIT.java:154)
	at io.apicurio.tests.ApicurioRegistryBaseIT$RegistryApiErrorWatcher.logProblemDetails(ApicurioRegistryBaseIT.java:154)
	at io.apicurio.tests.ApicurioRegistryBaseIT$RegistryApiErrorWatcher.logProblemDetails(ApicurioRegistryBaseIT.java:154)
	at io.apicurio.tests.ApicurioRegistryBaseIT$RegistryApiErrorWatcher.logProblemDetails(ApicurioRegistryBaseIT.java:154)
	at io.apicurio.tests.ApicurioRegistryBaseIT$RegistryApiErrorWatcher.logProblemDetails(ApicurioRegistryBaseIT.java:154)
	at io.apicurio.tests.ApicurioRegistryBaseIT$RegistryApiErrorWatcher.logProblemDetails(ApicurioRegistryBaseIT.java:154)
	at io.apicurio.tests.ApicurioRegistryBaseIT$RegistryApiErrorWatcher.logProblemDetails(ApicurioRegistryBaseIT.java:154)
	at io.apicurio.tests.ApicurioRegistryBaseIT$RegistryApiErrorWatcher.logProblemDetails(ApicurioRegistryBaseIT.java:154)
	at io.apicurio.tests.ApicurioRegistryBaseIT$RegistryApiErrorWatcher.logProblemDetails(ApicurioRegistryBaseIT.java:154)
	at io.apicurio.tests.ApicurioRegistryBaseIT$RegistryApiErrorWatcher.logProblemDetails(ApicurioRegistryBaseIT.java:154)
	at io.apicurio.tests.ApicurioRegistryBaseIT$RegistryApiErrorWatcher.logProblemDetails(ApicurioRegistryBaseIT.java:154)
	at io.apicurio.tests.ApicurioRegistryBaseIT$RegistryApiErrorWatcher.logProblemDetails(ApicurioRegistryBaseIT.java:154)
	at io.apicurio.tests.ApicurioRegistryBaseIT$RegistryApiErrorWatcher.logProblemDetails(ApicurioRegistryBaseIT.java:154)
	at io.apicurio.tests.ApicurioRegistryBaseIT$RegistryApiErrorWatcher.logProblemDetails(ApicurioRegistryBaseIT.java:154)
	at io.apicurio.tests.ApicurioRegistryBaseIT$RegistryApiErrorWatcher.logProblemDetails(ApicurioRegistryBaseIT.java:154)
	at io.apicurio.tests.ApicurioRegistryBaseIT$RegistryApiErrorWatcher.logProblemDetails(ApicurioRegistryBaseIT.java:154)
	at io.apicurio.tests.ApicurioRegistryBaseIT$RegistryApiErrorWatcher.logProblemDetails(ApicurioRegistryBaseIT.java:154)
	at io.apicurio.tests.ApicurioRegistryBaseIT$RegistryApiErrorWatcher.logProblemDetails(ApicurioRegistryBaseIT.java:154)
	at io.apicurio.tests.ApicurioRegistryBaseIT$RegistryApiErrorWatcher.logProblemDetails(ApicurioRegistryBaseIT.java:154)
	at io.apicurio.tests.ApicurioRegistryBaseIT$RegistryApiErrorWatcher.logProblemDetails(ApicurioRegistryBaseIT.java:154)
	at io.apicurio.tests.ApicurioRegistryBaseIT$RegistryApiErrorWatcher.logProblemDetails(ApicurioRegistryBaseIT.java:154)
	at io.apicurio.tests.ApicurioRegistryBaseIT$RegistryApiErrorWatcher.logProblemDetails(ApicurioRegistryBaseIT.java:154)
	at io.apicurio.tests.ApicurioRegistryBaseIT$RegistryApiErrorWatcher.logProblemDetails(ApicurioRegistryBaseIT.java:154)
	at io.apicurio.tests.ApicurioRegistryBaseIT$RegistryApiErrorWatcher.logProblemDetails(ApicurioRegistryBaseIT.java:154)
	at io.apicurio.tests.ApicurioRegistryBaseIT$RegistryApiErrorWatcher.logProblemDetails(ApicurioRegistryBaseIT.java:154)
	at io.apicurio.tests.ApicurioRegistryBaseIT$RegistryApiErrorWatcher.logProblemDetails(ApicurioRegistryBaseIT.java:154)
	at io.apicurio.tests.ApicurioRegistryBaseIT$RegistryApiErrorWatcher.logProblemDetails(ApicurioRegistryBaseIT.java:154)
	at io.apicurio.tests.ApicurioRegistryBaseIT$RegistryApiErrorWatcher.logProblemDetails(ApicurioRegistryBaseIT.java:154)
	at io.apicurio.tests.ApicurioRegistryBaseIT$RegistryApiErrorWatcher.logProblemDetails(ApicurioRegistryBaseIT.java:154)
	at io.apicurio.tests.ApicurioRegistryBaseIT$RegistryApiErrorWatcher.logProblemDetails(ApicurioRegistryBaseIT.java:154)
	at io.apicurio.tests.ApicurioRegistryBaseIT$RegistryApiErrorWatcher.logProblemDetails(ApicurioRegistryBaseIT.java:154)
	at io.apicurio.tests.ApicurioRegistryBaseIT$RegistryApiErrorWatcher.logProblemDetails(ApicurioRegistryBaseIT.java:154)
	at io.apicurio.tests.ApicurioRegistryBaseIT$RegistryApiErrorWatcher.logProblemDetails(ApicurioRegistryBaseIT.java:154)
	at io.apicurio.tests.ApicurioRegistryBaseIT$RegistryApiErrorWatcher.logProblemDetails(ApicurioRegistryBaseIT.java:154)
	at io.apicurio.tests.ApicurioRegistryBaseIT$RegistryApiErrorWatcher.logProblemDetails(ApicurioRegistryBaseIT.java:154)
	at io.apicurio.tests.ApicurioRegistryBaseIT$RegistryApiErrorWatcher.logProblemDetails(ApicurioRegistryBaseIT.java:154)
	at io.apicurio.tests.ApicurioRegistryBaseIT$RegistryApiErrorWatcher.logProblemDetails(ApicurioRegistryBaseIT.java:154)
	at io.apicurio.tests.ApicurioRegistryBaseIT$RegistryApiErrorWatcher.logProblemDetails(ApicurioRegistryBaseIT.java:154)
	at io.apicurio.tests.ApicurioRegistryBaseIT$RegistryApiErrorWatcher.logProblemDetails(ApicurioRegistryBaseIT.java:154)
	at io.apicurio.tests.ApicurioRegistryBaseIT$RegistryApiErrorWatcher.logProblemDetails(ApicurioRegistryBaseIT.java:154)
	at io.apicurio.tests.ApicurioRegistryBaseIT$RegistryApiErrorWatcher.logProblemDetails(ApicurioRegistryBaseIT.java:154)
	at io.apicurio.tests.ApicurioRegistryBaseIT$RegistryApiErrorWatcher.logProblemDetails(ApicurioRegistryBaseIT.java:154)
	at io.apicurio.tests.ApicurioRegistryBaseIT$RegistryApiErrorWatcher.logProblemDetails(ApicurioRegistryBaseIT.java:154)
	at io.apicurio.tests.ApicurioRegistryBaseIT$RegistryApiErrorWatcher.logProblemDetails(ApicurioRegistryBaseIT.java:154)
	at io.apicurio.tests.ApicurioRegistryBaseIT$RegistryApiErrorWatcher.logProblemDetails(ApicurioRegistryBaseIT.java:154)
	at io.apicurio.tests.ApicurioRegistryBaseIT$RegistryApiErrorWatcher.logProblemDetails(ApicurioRegistryBaseIT.java:154)
	at io.apicurio.tests.ApicurioRegistryBaseIT$RegistryApiErrorWatcher.logProblemDetails(ApicurioRegistryBaseIT.java:154)
	at io.apicurio.tests.ApicurioRegistryBaseIT$RegistryApiErrorWatcher.logProblemDetails(ApicurioRegistryBaseIT.java:154)
	at io.apicurio.tests.ApicurioRegistryBaseIT$RegistryApiErrorWatcher.logProblemDetails(ApicurioRegistryBaseIT.java:154)
	at io.apicurio.tests.ApicurioRegistryBaseIT$RegistryApiErrorWatcher.logProblemDetails(ApicurioRegistryBaseIT.java:154)
	at io.apicurio.tests.ApicurioRegistryBaseIT$RegistryApiErrorWatcher.logProblemDetails(ApicurioRegistryBaseIT.java:154)
	at io.apicurio.tests.ApicurioRegistryBaseIT$RegistryApiErrorWatcher.logProblemDetails(ApicurioRegistryBaseIT.java:154)
	at io.apicurio.tests.ApicurioRegistryBaseIT$RegistryApiErrorWatcher.logProblemDetails(ApicurioRegistryBaseIT.java:154)
	at io.apicurio.tests.ApicurioRegistryBaseIT$RegistryApiErrorWatcher.logProblemDetails(ApicurioRegistryBaseIT.java:154)
	at io.apicurio.tests.ApicurioRegistryBaseIT$RegistryApiErrorWatcher.logProblemDetails(ApicurioRegistryBaseIT.java:154)
	at io.apicurio.tests.ApicurioRegistryBaseIT$RegistryApiErrorWatcher.logProblemDetails(ApicurioRegistryBaseIT.java:154)
	at io.apicurio.tests.ApicurioRegistryBaseIT$RegistryApiErrorWatcher.logProblemDetails(ApicurioRegistryBaseIT.java:154)
	at io.apicurio.tests.ApicurioRegistryBaseIT$RegistryApiErrorWatcher.logProblemDetails(ApicurioRegistryBaseIT.java:154)
	at io.apicurio.tests.ApicurioRegistryBaseIT$RegistryApiErrorWatcher.logProblemDetails(ApicurioRegistryBaseIT.java:154)
	at io.apicurio.tests.ApicurioRegistryBaseIT$RegistryApiErrorWatcher.logProblemDetails(ApicurioRegistryBaseIT.java:154)
	at io.apicurio.tests.ApicurioRegistryBaseIT$RegistryApiErrorWatcher.logProblemDetails(ApicurioRegistryBaseIT.java:154)
	at io.apicurio.tests.ApicurioRegistryBaseIT$RegistryApiErrorWatcher.logProblemDetails(ApicurioRegistryBaseIT.java:154)
	at io.apicurio.tests.ApicurioRegistryBaseIT$RegistryApiErrorWatcher.logProblemDetails(ApicurioRegistryBaseIT.java:154)
	at io.apicurio.tests.ApicurioRegistryBaseIT$RegistryApiErrorWatcher.logProblemDetails(ApicurioRegistryBaseIT.java:154)
	at io.apicurio.tests.ApicurioRegistryBaseIT$RegistryApiErrorWatcher.logProblemDetails(ApicurioRegistryBaseIT.java:154)
	at io.apicurio.tests.ApicurioRegistryBaseIT$RegistryApiErrorWatcher.logProblemDetails(ApicurioRegistryBaseIT.java:154)
	at io.apicurio.tests.ApicurioRegistryBaseIT$RegistryApiErrorWatcher.logProblemDetails(ApicurioRegistryBaseIT.java:154)
	at io.apicurio.tests.ApicurioRegistryBaseIT$RegistryApiErrorWatcher.logProblemDetails(ApicurioRegistryBaseIT.java:154)
	at io.apicurio.tests.ApicurioRegistryBaseIT$RegistryApiErrorWatcher.logProblemDetails(ApicurioRegistryBaseIT.java:154)
	at io.apicurio.tests.ApicurioRegistryBaseIT$RegistryApiErrorWatcher.logProblemDetails(ApicurioRegistryBaseIT.java:154)
	at io.apicurio.tests.ApicurioRegistryBaseIT$RegistryApiErrorWatcher.logProblemDetails(ApicurioRegistryBaseIT.java:154)
	at io.apicurio.tests.ApicurioRegistryBaseIT$RegistryApiErrorWatcher.logProblemDetails(ApicurioRegistryBaseIT.java:154)
	at io.apicurio.tests.ApicurioRegistryBaseIT$RegistryApiErrorWatcher.logProblemDetails(ApicurioRegistryBaseIT.java:154)
	at io.apicurio.tests.ApicurioRegistryBaseIT$RegistryApiErrorWatcher.logProblemDetails(ApicurioRegistryBaseIT.java:154)
	at io.apicurio.tests.ApicurioRegistryBaseIT$RegistryApiErrorWatcher.logProblemDetails(ApicurioRegistryBaseIT.java:154)
	at io.apicurio.tests.ApicurioRegistryBaseIT$RegistryApiErrorWatcher.logProblemDetails(ApicurioRegistryBaseIT.java:154)
	at io.apicurio.tests.ApicurioRegistryBaseIT$RegistryApiErrorWatcher.logProblemDetails(ApicurioRegistryBaseIT.java:154)
	at io.apicurio.tests.ApicurioRegistryBaseIT$RegistryApiErrorWatcher.logProblemDetails(ApicurioRegistryBaseIT.java:154)
	at io.apicurio.tests.ApicurioRegistryBaseIT$RegistryApiErrorWatcher.logProblemDetails(ApicurioRegistryBaseIT.java:154)
	at io.apicurio.tests.ApicurioRegistryBaseIT$RegistryApiErrorWatcher.logProblemDetails(ApicurioRegistryBaseIT.java:154)
	at io.apicurio.tests.ApicurioRegistryBaseIT$RegistryApiErrorWatcher.logProblemDetails(ApicurioRegistryBaseIT.java:154)
	at io.apicurio.tests.ApicurioRegistryBaseIT$RegistryApiErrorWatcher.logProblemDetails(ApicurioRegistryBaseIT.java:154)
	at io.apicurio.tests.ApicurioRegistryBaseIT$RegistryApiErrorWatcher.logProblemDetails(ApicurioRegistryBaseIT.java:154)
	at io.apicurio.tests.ApicurioRegistryBaseIT$RegistryApiErrorWatcher.logProblemDetails(ApicurioRegistryBaseIT.java:154)
	at io.apicurio.tests.ApicurioRegistryBaseIT$RegistryApiErrorWatcher.logProblemDetails(ApicurioRegistryBaseIT.java:154)
	at io.apicurio.tests.ApicurioRegistryBaseIT$RegistryApiErrorWatcher.logProblemDetails(ApicurioRegistryBaseIT.java:154)
	at io.apicurio.tests.ApicurioRegistryBaseIT$RegistryApiErrorWatcher.logProblemDetails(ApicurioRegistryBaseIT.java:154)
	at io.apicurio.tests.ApicurioRegistryBaseIT$RegistryApiErrorWatcher.logProblemDetails(ApicurioRegistryBaseIT.java:154)
	at io.apicurio.tests.ApicurioRegistryBaseIT$RegistryApiErrorWatcher.logProblemDetails(ApicurioRegistryBaseIT.java:154)
	at io.apicurio.tests.ApicurioRegistryBaseIT$RegistryApiErrorWatcher.logProblemDetails(ApicurioRegistryBaseIT.java:154)
	at io.apicurio.tests.ApicurioRegistryBaseIT$RegistryApiErrorWatcher.logProblemDetails(ApicurioRegistryBaseIT.java:154)
	at io.apicurio.tests.ApicurioRegistryBaseIT$RegistryApiErrorWatcher.logProblemDetails(ApicurioRegistryBaseIT.java:154)
	at io.apicurio.tests.ApicurioRegistryBaseIT$RegistryApiErrorWatcher.logProblemDetails(ApicurioRegistryBaseIT.java:154)
	at io.apicurio.tests.ApicurioRegistryBaseIT$RegistryApiErrorWatcher.logProblemDetails(ApicurioRegistryBaseIT.java:154)
	at io.apicurio.tests.ApicurioRegistryBaseIT$RegistryApiErrorWatcher.logProblemDetails(ApicurioRegistryBaseIT.java:154)
	at io.apicurio.tests.ApicurioRegistryBaseIT$RegistryApiErrorWatcher.logProblemDetails(ApicurioRegistryBaseIT.java:154)
	at io.apicurio.tests.ApicurioRegistryBaseIT$RegistryApiErrorWatcher.logProblemDetails(ApicurioRegistryBaseIT.java:154)
	at io.apicurio.tests.ApicurioRegistryBaseIT$RegistryApiErrorWatcher.logProblemDetails(ApicurioRegistryBaseIT.java:154)
	at io.apicurio.tests.ApicurioRegistryBaseIT$RegistryApiErrorWatcher.logProblemDetails(ApicurioRegistryBaseIT.java:154)
	at io.apicurio.tests.ApicurioRegistryBaseIT$RegistryApiErrorWatcher.logProblemDetails(ApicurioRegistryBaseIT.java:154)
	at io.apicurio.tests.ApicurioRegistryBaseIT$RegistryApiErrorWatcher.logProblemDetails(ApicurioRegistryBaseIT.java:154)
	at io.apicurio.tests.ApicurioRegistryBaseIT$RegistryApiErrorWatcher.logProblemDetails(ApicurioRegistryBaseIT.java:154)
	at io.apicurio.tests.ApicurioRegistryBaseIT$RegistryApiErrorWatcher.logProblemDetails(ApicurioRegistryBaseIT.java:154)
	at io.apicurio.tests.ApicurioRegistryBaseIT$RegistryApiErrorWatcher.logProblemDetails(ApicurioRegistryBaseIT.java:154)
	at io.apicurio.tests.ApicurioRegistryBaseIT$RegistryApiErrorWatcher.logProblemDetails(ApicurioRegistryBaseIT.java:154)
	at io.apicurio.tests.ApicurioRegistryBaseIT$RegistryApiErrorWatcher.logProblemDetails(ApicurioRegistryBaseIT.java:154)
	at io.apicurio.tests.ApicurioRegistryBaseIT$RegistryApiErrorWatcher.logProblemDetails(ApicurioRegistryBaseIT.java:154)
	at io.apicurio.tests.ApicurioRegistryBaseIT$RegistryApiErrorWatcher.logProblemDetails(ApicurioRegistryBaseIT.java:154)
	at io.apicurio.tests.ApicurioRegistryBaseIT$RegistryApiErrorWatcher.logProblemDetails(ApicurioRegistryBaseIT.java:154)
	at io.apicurio.tests.ApicurioRegistryBaseIT$RegistryApiErrorWatcher.logProblemDetails(ApicurioRegistryBaseIT.java:154)
	at io.apicurio.tests.ApicurioRegistryBaseIT$RegistryApiErrorWatcher.logProblemDetails(ApicurioRegistryBaseIT.java:154)
	at io.apicurio.tests.ApicurioRegistryBaseIT$RegistryApiErrorWatcher.logProblemDetails(ApicurioRegistryBaseIT.java:154)
	at io.apicurio.tests.ApicurioRegistryBaseIT$RegistryApiErrorWatcher.logProblemDetails(ApicurioRegistryBaseIT.java:154)
	at io.apicurio.tests.ApicurioRegistryBaseIT$RegistryApiErrorWatcher.logProblemDetails(ApicurioRegistryBaseIT.java:154)
	at io.apicurio.tests.ApicurioRegistryBaseIT$RegistryApiErrorWatcher.logProblemDetails(ApicurioRegistryBaseIT.java:154)
	at io.apicurio.tests.ApicurioRegistryBaseIT$RegistryApiErrorWatcher.logProblemDetails(ApicurioRegistryBaseIT.java:154)
	at io.apicurio.tests.ApicurioRegistryBaseIT$RegistryApiErrorWatcher.logProblemDetails(ApicurioRegistryBaseIT.java:154)
	at io.apicurio.tests.ApicurioRegistryBaseIT$RegistryApiErrorWatcher.logProblemDetails(ApicurioRegistryBaseIT.java:154)
	at io.apicurio.tests.ApicurioRegistryBaseIT$RegistryApiErrorWatcher.logProblemDetails(ApicurioRegistryBaseIT.java:154)
	at io.apicurio.tests.ApicurioRegistryBaseIT$RegistryApiErrorWatcher.logProblemDetails(ApicurioRegistryBaseIT.java:154)
	at io.apicurio.tests.ApicurioRegistryBaseIT$RegistryApiErrorWatcher.logProblemDetails(ApicurioRegistryBaseIT.java:154)
	at io.apicurio.tests.ApicurioRegistryBaseIT$RegistryApiErrorWatcher.logProblemDetails(ApicurioRegistryBaseIT.java:154)
	at io.apicurio.tests.ApicurioRegistryBaseIT$RegistryApiErrorWatcher.logProblemDetails(ApicurioRegistryBaseIT.java:154)
	at io.apicurio.tests.ApicurioRegistryBaseIT$RegistryApiErrorWatcher.logProblemDetails(ApicurioRegistryBaseIT.java:154)
	at io.apicurio.tests.ApicurioRegistryBaseIT$RegistryApiErrorWatcher.logProblemDetails(ApicurioRegistryBaseIT.java:154)
	at io.apicurio.tests.ApicurioRegistryBaseIT$RegistryApiErrorWatcher.logProblemDetails(ApicurioRegistryBaseIT.java:154)
	at io.apicurio.tests.ApicurioRegistryBaseIT$RegistryApiErrorWatcher.logProblemDetails(ApicurioRegistryBaseIT.java:154)
	at io.apicurio.tests.ApicurioRegistryBaseIT$RegistryApiErrorWatcher.logProblemDetails(ApicurioRegistryBaseIT.java:154)
	at io.apicurio.tests.ApicurioRegistryBaseIT$RegistryApiErrorWatcher.logProblemDetails(ApicurioRegistryBaseIT.java:154)
	at io.apicurio.tests.ApicurioRegistryBaseIT$RegistryApiErrorWatcher.logProblemDetails(ApicurioRegistryBaseIT.java:154)
	at io.apicurio.tests.ApicurioRegistryBaseIT$RegistryApiErrorWatcher.logProblemDetails(ApicurioRegistryBaseIT.java:154)
	at io.apicurio.tests.ApicurioRegistryBaseIT$RegistryApiErrorWatcher.logProblemDetails(ApicurioRegistryBaseIT.java:154)
	at io.apicurio.tests.ApicurioRegistryBaseIT$RegistryApiErrorWatcher.logProblemDetails(ApicurioRegistryBaseIT.java:154)
	at io.apicurio.tests.ApicurioRegistryBaseIT$RegistryApiErrorWatcher.logProblemDetails(ApicurioRegistryBaseIT.java:154)
	at io.apicurio.tests.ApicurioRegistryBaseIT$RegistryApiErrorWatcher.logProblemDetails(ApicurioRegistryBaseIT.java:154)
	at io.apicurio.tests.ApicurioRegistryBaseIT$RegistryApiErrorWatcher.logProblemDetails(ApicurioRegistryBaseIT.java:154)
	at io.apicurio.tests.ApicurioRegistryBaseIT$RegistryApiErrorWatcher.logProblemDetails(ApicurioRegistryBaseIT.java:154)
	at io.apicurio.tests.ApicurioRegistryBaseIT$RegistryApiErrorWatcher.logProblemDetails(ApicurioRegistryBaseIT.java:154)
	at io.apicurio.tests.ApicurioRegistryBaseIT$RegistryApiErrorWatcher.logProblemDetails(ApicurioRegistryBaseIT.java:154)
	at io.apicurio.tests.ApicurioRegistryBaseIT$RegistryApiErrorWatcher.logProblemDetails(ApicurioRegistryBaseIT.java:154)
	at io.apicurio.tests.ApicurioRegistryBaseIT$RegistryApiErrorWatcher.logProblemDetails(ApicurioRegistryBaseIT.java:154)
	at io.apicurio.tests.ApicurioRegistryBaseIT$RegistryApiErrorWatcher.logProblemDetails(ApicurioRegistryBaseIT.java:154)
	at io.apicurio.tests.ApicurioRegistryBaseIT$RegistryApiErrorWatcher.logProblemDetails(ApicurioRegistryBaseIT.java:154)
	at io.apicurio.tests.ApicurioRegistryBaseIT$RegistryApiErrorWatcher.logProblemDetails(ApicurioRegistryBaseIT.java:154)
	at io.apicurio.tests.ApicurioRegistryBaseIT$RegistryApiErrorWatcher.logProblemDetails(ApicurioRegistryBaseIT.java:154)
	at io.apicurio.tests.ApicurioRegistryBaseIT$RegistryApiErrorWatcher.logProblemDetails(ApicurioRegistryBaseIT.java:154)
	at io.apicurio.tests.ApicurioRegistryBaseIT$RegistryApiErrorWatcher.logProblemDetails(ApicurioRegistryBaseIT.java:154)
	at io.apicurio.tests.ApicurioRegistryBaseIT$RegistryApiErrorWatcher.logProblemDetails(ApicurioRegistryBaseIT.java:154)
	at io.apicurio.tests.ApicurioRegistryBaseIT$RegistryApiErrorWatcher.logProblemDetails(ApicurioRegistryBaseIT.java:154)
	at io.apicurio.tests.ApicurioRegistryBaseIT$RegistryApiErrorWatcher.logProblemDetails(ApicurioRegistryBaseIT.java:154)
	at io.apicurio.tests.ApicurioRegistryBaseIT$RegistryApiErrorWatcher.logProblemDetails(ApicurioRegistryBaseIT.java:154)
	at io.apicurio.tests.ApicurioRegistryBaseIT$RegistryApiErrorWatcher.logProblemDetails(ApicurioRegistryBaseIT.java:154)
	at io.apicurio.tests.ApicurioRegistryBaseIT$RegistryApiErrorWatcher.logProblemDetails(ApicurioRegistryBaseIT.java:154)
	at io.apicurio.tests.ApicurioRegistryBaseIT$RegistryApiErrorWatcher.logProblemDetails(ApicurioRegistryBaseIT.java:154)
	at io.apicurio.tests.ApicurioRegistryBaseIT$RegistryApiErrorWatcher.logProblemDetails(ApicurioRegistryBaseIT.java:154)
	at io.apicurio.tests.ApicurioRegistryBaseIT$RegistryApiErrorWatcher.logProblemDetails(ApicurioRegistryBaseIT.java:154)
	at io.apicurio.tests.ApicurioRegistryBaseIT$RegistryApiErrorWatcher.logProblemDetails(ApicurioRegistryBaseIT.java:154)
	at io.apicurio.tests.ApicurioRegistryBaseIT$RegistryApiErrorWatcher.logProblemDetails(ApicurioRegistryBaseIT.java:154)
	at io.apicurio.tests.ApicurioRegistryBaseIT$RegistryApiErrorWatcher.logProblemDetails(ApicurioRegistryBaseIT.java:154)
	at io.apicurio.tests.ApicurioRegistryBaseIT$RegistryApiErrorWatcher.logProblemDetails(ApicurioRegistryBaseIT.java:154)
	at io.apicurio.tests.ApicurioRegistryBaseIT$RegistryApiErrorWatcher.logProblemDetails(ApicurioRegistryBaseIT.java:154)
	at io.apicurio.tests.ApicurioRegistryBaseIT$RegistryApiErrorWatcher.logProblemDetails(ApicurioRegistryBaseIT.java:154)
	at io.apicurio.tests.ApicurioRegistryBaseIT$RegistryApiErrorWatcher.logProblemDetails(ApicurioRegistryBaseIT.java:154)
	at io.apicurio.tests.ApicurioRegistryBaseIT$RegistryApiErrorWatcher.logProblemDetails(ApicurioRegistryBaseIT.java:154)
	at io.apicurio.tests.ApicurioRegistryBaseIT$RegistryApiErrorWatcher.logProblemDetails(ApicurioRegistryBaseIT.java:154)
	at io.apicurio.tests.ApicurioRegistryBaseIT$RegistryApiErrorWatcher.logProblemDetails(ApicurioRegistryBaseIT.java:154)
	at io.apicurio.tests.ApicurioRegistryBaseIT$RegistryApiErrorWatcher.logProblemDetails(ApicurioRegistryBaseIT.java:154)
	at io.apicurio.tests.ApicurioRegistryBaseIT$RegistryApiErrorWatcher.logProblemDetails(ApicurioRegistryBaseIT.java:154)
	at io.apicurio.tests.ApicurioRegistryBaseIT$RegistryApiErrorWatcher.logProblemDetails(ApicurioRegistryBaseIT.java:154)
	at io.apicurio.tests.ApicurioRegistryBaseIT$RegistryApiErrorWatcher.logProblemDetails(ApicurioRegistryBaseIT.java:154)
	at io.apicurio.tests.ApicurioRegistryBaseIT$RegistryApiErrorWatcher.logProblemDetails(ApicurioRegistryBaseIT.java:154)
	at io.apicurio.tests.ApicurioRegistryBaseIT$RegistryApiErrorWatcher.logProblemDetails(ApicurioRegistryBaseIT.java:154)
	at io.apicurio.tests.ApicurioRegistryBaseIT$RegistryApiErrorWatcher.logProblemDetails(ApicurioRegistryBaseIT.java:154)
	at io.apicurio.tests.ApicurioRegistryBaseIT$RegistryApiErrorWatcher.logProblemDetails(ApicurioRegistryBaseIT.java:154)
	at io.apicurio.tests.ApicurioRegistryBaseIT$RegistryApiErrorWatcher.logProblemDetails(ApicurioRegistryBaseIT.java:154)
	at io.apicurio.tests.ApicurioRegistryBaseIT$RegistryApiErrorWatcher.logProblemDetails(ApicurioRegistryBaseIT.java:154)
	at io.apicurio.tests.ApicurioRegistryBaseIT$RegistryApiErrorWatcher.logProblemDetails(ApicurioRegistryBaseIT.java:154)
	at io.apicurio.tests.ApicurioRegistryBaseIT$RegistryApiErrorWatcher.logProblemDetails(ApicurioRegistryBaseIT.java:154)
	at io.apicurio.tests.ApicurioRegistryBaseIT$RegistryApiErrorWatcher.logProblemDetails(ApicurioRegistryBaseIT.java:154)
	at io.apicurio.tests.ApicurioRegistryBaseIT$RegistryApiErrorWatcher.logProblemDetails(ApicurioRegistryBaseIT.java:154)
	at io.apicurio.tests.ApicurioRegistryBaseIT$RegistryApiErrorWatcher.logProblemDetails(ApicurioRegistryBaseIT.java:154)
	at io.apicurio.tests.ApicurioRegistryBaseIT$RegistryApiErrorWatcher.logProblemDetails(ApicurioRegistryBaseIT.java:154)
	at io.apicurio.tests.ApicurioRegistryBaseIT$RegistryApiErrorWatcher.logProblemDetails(ApicurioRegistryBaseIT.java:154)
	at io.apicurio.tests.ApicurioRegistryBaseIT$RegistryApiErrorWatcher.logProblemDetails(ApicurioRegistryBaseIT.java:154)
	at io.apicurio.tests.ApicurioRegistryBaseIT$RegistryApiErrorWatcher.logProblemDetails(ApicurioRegistryBaseIT.java:154)
	at io.apicurio.tests.ApicurioRegistryBaseIT$RegistryApiErrorWatcher.logProblemDetails(ApicurioRegistryBaseIT.java:154)
	at io.apicurio.tests.ApicurioRegistryBaseIT$RegistryApiErrorWatcher.logProblemDetails(ApicurioRegistryBaseIT.java:154)
	at io.apicurio.tests.ApicurioRegistryBaseIT$RegistryApiErrorWatcher.logProblemDetails(ApicurioRegistryBaseIT.java:154)
	at io.apicurio.tests.ApicurioRegistryBaseIT$RegistryApiErrorWatcher.logProblemDetails(ApicurioRegistryBaseIT.java:154)
	at io.apicurio.tests.ApicurioRegistryBaseIT$RegistryApiErrorWatcher.logProblemDetails(ApicurioRegistryBaseIT.java:154)
	at io.apicurio.tests.ApicurioRegistryBaseIT$RegistryApiErrorWatcher.logProblemDetails(ApicurioRegistryBaseIT.java:154)
	at io.apicurio.tests.ApicurioRegistryBaseIT$RegistryApiErrorWatcher.logProblemDetails(ApicurioRegistryBaseIT.java:154)
	at io.apicurio.tests.ApicurioRegistryBaseIT$RegistryApiErrorWatcher.logProblemDetails(ApicurioRegistryBaseIT.java:154)
	at io.apicurio.tests.ApicurioRegistryBaseIT$RegistryApiErrorWatcher.logProblemDetails(ApicurioRegistryBaseIT.java:154)
	at io.apicurio.tests.ApicurioRegistryBaseIT$RegistryApiErrorWatcher.logProblemDetails(ApicurioRegistryBaseIT.java:154)
	at io.apicurio.tests.ApicurioRegistryBaseIT$RegistryApiErrorWatcher.logProblemDetails(ApicurioRegistryBaseIT.java:154)
	at io.apicurio.tests.ApicurioRegistryBaseIT$RegistryApiErrorWatcher.logProblemDetails(ApicurioRegistryBaseIT.java:154)
	at io.apicurio.tests.ApicurioRegistryBaseIT$RegistryApiErrorWatcher.logProblemDetails(ApicurioRegistryBaseIT.java:154)
	at io.apicurio.tests.ApicurioRegistryBaseIT$RegistryApiErrorWatcher.logProblemDetails(ApicurioRegistryBaseIT.java:154)
	at io.apicurio.tests.ApicurioRegistryBaseIT$RegistryApiErrorWatcher.logProblemDetails(ApicurioRegistryBaseIT.java:154)
	at io.apicurio.tests.ApicurioRegistryBaseIT$RegistryApiErrorWatcher.logProblemDetails(ApicurioRegistryBaseIT.java:154)
	at io.apicurio.tests.ApicurioRegistryBaseIT$RegistryApiErrorWatcher.logProblemDetails(ApicurioRegistryBaseIT.java:154)
	at io.apicurio.tests.ApicurioRegistryBaseIT$RegistryApiErrorWatcher.logProblemDetails(ApicurioRegistryBaseIT.java:154)
	at io.apicurio.tests.ApicurioRegistryBaseIT$RegistryApiErrorWatcher.logProblemDetails(ApicurioRegistryBaseIT.java:154)
	at io.apicurio.tests.ApicurioRegistryBaseIT$RegistryApiErrorWatcher.logProblemDetails(ApicurioRegistryBaseIT.java:154)
	at io.apicurio.tests.ApicurioRegistryBaseIT$RegistryApiErrorWatcher.logProblemDetails(ApicurioRegistryBaseIT.java:154)
	at io.apicurio.tests.ApicurioRegistryBaseIT$RegistryApiErrorWatcher.logProblemDetails(ApicurioRegistryBaseIT.java:154)
	at io.apicurio.tests.ApicurioRegistryBaseIT$RegistryApiErrorWatcher.logProblemDetails(ApicurioRegistryBaseIT.java:154)
	at io.apicurio.tests.ApicurioRegistryBaseIT$RegistryApiErrorWatcher.logProblemDetails(ApicurioRegistryBaseIT.java:154)
	at io.apicurio.tests.ApicurioRegistryBaseIT$RegistryApiErrorWatcher.logProblemDetails(ApicurioRegistryBaseIT.java:154)
	at io.apicurio.tests.ApicurioRegistryBaseIT$RegistryApiErrorWatcher.logProblemDetails(ApicurioRegistryBaseIT.java:154)
	at io.apicurio.tests.ApicurioRegistryBaseIT$RegistryApiErrorWatcher.logProblemDetails(ApicurioRegistryBaseIT.java:154)
	at io.apicurio.tests.ApicurioRegistryBaseIT$RegistryApiErrorWatcher.logProblemDetails(ApicurioRegistryBaseIT.java:154)
	at io.apicurio.tests.ApicurioRegistryBaseIT$RegistryApiErrorWatcher.logProblemDetails(ApicurioRegistryBaseIT.java:154)
	at io.apicurio.tests.ApicurioRegistryBaseIT$RegistryApiErrorWatcher.logProblemDetails(ApicurioRegistryBaseIT.java:154)
	at io.apicurio.tests.ApicurioRegistryBaseIT$RegistryApiErrorWatcher.logProblemDetails(ApicurioRegistryBaseIT.java:154)
	at io.apicurio.tests.ApicurioRegistryBaseIT$RegistryApiErrorWatcher.logProblemDetails(ApicurioRegistryBaseIT.java:154)
	at io.apicurio.tests.ApicurioRegistryBaseIT$RegistryApiErrorWatcher.logProblemDetails(ApicurioRegistryBaseIT.java:154)
	at io.apicurio.tests.ApicurioRegistryBaseIT$RegistryApiErrorWatcher.logProblemDetails(ApicurioRegistryBaseIT.java:154)
	at io.apicurio.tests.ApicurioRegistryBaseIT$RegistryApiErrorWatcher.logProblemDetails(ApicurioRegistryBaseIT.java:154)
	at io.apicurio.tests.ApicurioRegistryBaseIT$RegistryApiErrorWatcher.logProblemDetails(ApicurioRegistryBaseIT.java:154)
	at io.apicurio.tests.ApicurioRegistryBaseIT$RegistryApiErrorWatcher.logProblemDetails(ApicurioRegistryBaseIT.java:154)
	at io.apicurio.tests.ApicurioRegistryBaseIT$RegistryApiErrorWatcher.logProblemDetails(ApicurioRegistryBaseIT.java:154)
	at io.apicurio.tests.ApicurioRegistryBaseIT$RegistryApiErrorWatcher.logProblemDetails(ApicurioRegistryBaseIT.java:154)
	at io.apicurio.tests.ApicurioRegistryBaseIT$RegistryApiErrorWatcher.logProblemDetails(ApicurioRegistryBaseIT.java:154)
	at io.apicurio.tests.ApicurioRegistryBaseIT$RegistryApiErrorWatcher.logProblemDetails(ApicurioRegistryBaseIT.java:154)
	at io.apicurio.tests.ApicurioRegistryBaseIT$RegistryApiErrorWatcher.logProblemDetails(ApicurioRegistryBaseIT.java:154)
	at io.apicurio.tests.ApicurioRegistryBaseIT$RegistryApiErrorWatcher.logProblemDetails(ApicurioRegistryBaseIT.java:154)
	at io.apicurio.tests.ApicurioRegistryBaseIT$RegistryApiErrorWatcher.logProblemDetails(ApicurioRegistryBaseIT.java:154)
	at io.apicurio.tests.ApicurioRegistryBaseIT$RegistryApiErrorWatcher.logProblemDetails(ApicurioRegistryBaseIT.java:154)
	at io.apicurio.tests.ApicurioRegistryBaseIT$RegistryApiErrorWatcher.logProblemDetails(ApicurioRegistryBaseIT.java:154)
	at io.apicurio.tests.ApicurioRegistryBaseIT$RegistryApiErrorWatcher.logProblemDetails(ApicurioRegistryBaseIT.java:154)
	at io.apicurio.tests.ApicurioRegistryBaseIT$RegistryApiErrorWatcher.logProblemDetails(ApicurioRegistryBaseIT.java:154)
	at io.apicurio.tests.ApicurioRegistryBaseIT$RegistryApiErrorWatcher.logProblemDetails(ApicurioRegistryBaseIT.java:154)
	at io.apicurio.tests.ApicurioRegistryBaseIT$RegistryApiErrorWatcher.logProblemDetails(ApicurioRegistryBaseIT.java:154)
	at io.apicurio.tests.ApicurioRegistryBaseIT$RegistryApiErrorWatcher.logProblemDetails(ApicurioRegistryBaseIT.java:154)
	at io.apicurio.tests.ApicurioRegistryBaseIT$RegistryApiErrorWatcher.logProblemDetails(ApicurioRegistryBaseIT.java:154)
	at io.apicurio.tests.ApicurioRegistryBaseIT$RegistryApiErrorWatcher.logProblemDetails(ApicurioRegistryBaseIT.java:154)
	at io.apicurio.tests.ApicurioRegistryBaseIT$RegistryApiErrorWatcher.logProblemDetails(ApicurioRegistryBaseIT.java:154)
	at io.apicurio.tests.ApicurioRegistryBaseIT$RegistryApiErrorWatcher.logProblemDetails(ApicurioRegistryBaseIT.java:154)
	at io.apicurio.tests.ApicurioRegistryBaseIT$RegistryApiErrorWatcher.logProblemDetails(ApicurioRegistryBaseIT.java:154)
	at io.apicurio.tests.ApicurioRegistryBaseIT$RegistryApiErrorWatcher.logProblemDetails(ApicurioRegistryBaseIT.java:154)
	at io.apicurio.tests.ApicurioRegistryBaseIT$RegistryApiErrorWatcher.logProblemDetails(ApicurioRegistryBaseIT.java:154)
	at io.apicurio.tests.ApicurioRegistryBaseIT$RegistryApiErrorWatcher.logProblemDetails(ApicurioRegistryBaseIT.java:154)
	at io.apicurio.tests.ApicurioRegistryBaseIT$RegistryApiErrorWatcher.logProblemDetails(ApicurioRegistryBaseIT.java:154)
	at io.apicurio.tests.ApicurioRegistryBaseIT$RegistryApiErrorWatcher.logProblemDetails(ApicurioRegistryBaseIT.java:154)
	at io.apicurio.tests.ApicurioRegistryBaseIT$RegistryApiErrorWatcher.logProblemDetails(ApicurioRegistryBaseIT.java:154)
	at io.apicurio.tests.ApicurioRegistryBaseIT$RegistryApiErrorWatcher.logProblemDetails(ApicurioRegistryBaseIT.java:154)
	at io.apicurio.tests.ApicurioRegistryBaseIT$RegistryApiErrorWatcher.logProblemDetails(ApicurioRegistryBaseIT.java:154)
	at io.apicurio.tests.ApicurioRegistryBaseIT$RegistryApiErrorWatcher.logProblemDetails(ApicurioRegistryBaseIT.java:154)
	at io.apicurio.tests.ApicurioRegistryBaseIT$RegistryApiErrorWatcher.logProblemDetails(ApicurioRegistryBaseIT.java:154)
	at io.apicurio.tests.ApicurioRegistryBaseIT$RegistryApiErrorWatcher.logProblemDetails(ApicurioRegistryBaseIT.java:154)
	at io.apicurio.tests.ApicurioRegistryBaseIT$RegistryApiErrorWatcher.logProblemDetails(ApicurioRegistryBaseIT.java:154)
	at io.apicurio.tests.ApicurioRegistryBaseIT$RegistryApiErrorWatcher.logProblemDetails(ApicurioRegistryBaseIT.java:154)
	at io.apicurio.tests.ApicurioRegistryBaseIT$RegistryApiErrorWatcher.logProblemDetails(ApicurioRegistryBaseIT.java:154)
	at io.apicurio.tests.ApicurioRegistryBaseIT$RegistryApiErrorWatcher.logProblemDetails(ApicurioRegistryBaseIT.java:154)
	at io.apicurio.tests.ApicurioRegistryBaseIT$RegistryApiErrorWatcher.logProblemDetails(ApicurioRegistryBaseIT.java:154)
	at io.apicurio.tests.ApicurioRegistryBaseIT$RegistryApiErrorWatcher.logProblemDetails(ApicurioRegistryBaseIT.java:154)
	at io.apicurio.tests.ApicurioRegistryBaseIT$RegistryApiErrorWatcher.logProblemDetails(ApicurioRegistryBaseIT.java:154)
	at io.apicurio.tests.ApicurioRegistryBaseIT$RegistryApiErrorWatcher.logProblemDetails(ApicurioRegistryBaseIT.java:154)
	at io.apicurio.tests.ApicurioRegistryBaseIT$RegistryApiErrorWatcher.logProblemDetails(ApicurioRegistryBaseIT.java:154)
	at io.apicurio.tests.ApicurioRegistryBaseIT$RegistryApiErrorWatcher.logProblemDetails(ApicurioRegistryBaseIT.java:154)
	at io.apicurio.tests.ApicurioRegistryBaseIT$RegistryApiErrorWatcher.logProblemDetails(ApicurioRegistryBaseIT.java:154)
	at io.apicurio.tests.ApicurioRegistryBaseIT$RegistryApiErrorWatcher.logProblemDetails(ApicurioRegistryBaseIT.java:154)
	at io.apicurio.tests.ApicurioRegistryBaseIT$RegistryApiErrorWatcher.logProblemDetails(ApicurioRegistryBaseIT.java:154)
	at io.apicurio.tests.ApicurioRegistryBaseIT$RegistryApiErrorWatcher.logProblemDetails(ApicurioRegistryBaseIT.java:154)
	at io.apicurio.tests.ApicurioRegistryBaseIT$RegistryApiErrorWatcher.logProblemDetails(ApicurioRegistryBaseIT.java:154)
	at io.apicurio.tests.ApicurioRegistryBaseIT$RegistryApiErrorWatcher.logProblemDetails(ApicurioRegistryBaseIT.java:154)
	at io.apicurio.tests.ApicurioRegistryBaseIT$RegistryApiErrorWatcher.logProblemDetails(ApicurioRegistryBaseIT.java:154)
	at io.apicurio.tests.ApicurioRegistryBaseIT$RegistryApiErrorWatcher.logProblemDetails(ApicurioRegistryBaseIT.java:154)
	at io.apicurio.tests.ApicurioRegistryBaseIT$RegistryApiErrorWatcher.logProblemDetails(ApicurioRegistryBaseIT.java:154)
	at io.apicurio.tests.ApicurioRegistryBaseIT$RegistryApiErrorWatcher.logProblemDetails(ApicurioRegistryBaseIT.java:154)
	at io.apicurio.tests.ApicurioRegistryBaseIT$RegistryApiErrorWatcher.logProblemDetails(ApicurioRegistryBaseIT.java:154)
	at io.apicurio.tests.ApicurioRegistryBaseIT$RegistryApiErrorWatcher.logProblemDetails(ApicurioRegistryBaseIT.java:154)
	at io.apicurio.tests.ApicurioRegistryBaseIT$RegistryApiErrorWatcher.logProblemDetails(ApicurioRegistryBaseIT.java:154)
	at io.apicurio.tests.ApicurioRegistryBaseIT$RegistryApiErrorWatcher.logProblemDetails(ApicurioRegistryBaseIT.java:154)
	at io.apicurio.tests.ApicurioRegistryBaseIT$RegistryApiErrorWatcher.logProblemDetails(ApicurioRegistryBaseIT.java:154)
	at io.apicurio.tests.ApicurioRegistryBaseIT$RegistryApiErrorWatcher.logProblemDetails(ApicurioRegistryBaseIT.java:154)
	at io.apicurio.tests.ApicurioRegistryBaseIT$RegistryApiErrorWatcher.logProblemDetails(ApicurioRegistryBaseIT.java:154)
	at io.apicurio.tests.ApicurioRegistryBaseIT$RegistryApiErrorWatcher.logProblemDetails(ApicurioRegistryBaseIT.java:154)
	at io.apicurio.tests.ApicurioRegistryBaseIT$RegistryApiErrorWatcher.logProblemDetails(ApicurioRegistryBaseIT.java:154)
	at io.apicurio.tests.ApicurioRegistryBaseIT$RegistryApiErrorWatcher.logProblemDetails(ApicurioRegistryBaseIT.java:154)
	at io.apicurio.tests.ApicurioRegistryBaseIT$RegistryApiErrorWatcher.logProblemDetails(ApicurioRegistryBaseIT.java:154)
	at io.apicurio.tests.ApicurioRegistryBaseIT$RegistryApiErrorWatcher.logProblemDetails(ApicurioRegistryBaseIT.java:154)
	at io.apicurio.tests.ApicurioRegistryBaseIT$RegistryApiErrorWatcher.logProblemDetails(ApicurioRegistryBaseIT.java:154)
	at io.apicurio.tests.ApicurioRegistryBaseIT$RegistryApiErrorWatcher.logProblemDetails(ApicurioRegistryBaseIT.java:154)
	at io.apicurio.tests.ApicurioRegistryBaseIT$RegistryApiErrorWatcher.logProblemDetails(ApicurioRegistryBaseIT.java:154)
	at io.apicurio.tests.ApicurioRegistryBaseIT$RegistryApiErrorWatcher.logProblemDetails(ApicurioRegistryBaseIT.java:154)
	at io.apicurio.tests.ApicurioRegistryBaseIT$RegistryApiErrorWatcher.logProblemDetails(ApicurioRegistryBaseIT.java:154)
	at io.apicurio.tests.ApicurioRegistryBaseIT$RegistryApiErrorWatcher.logProblemDetails(ApicurioRegistryBaseIT.java:154)
	at io.apicurio.tests.ApicurioRegistryBaseIT$RegistryApiErrorWatcher.logProblemDetails(ApicurioRegistryBaseIT.java:154)
	at io.apicurio.tests.ApicurioRegistryBaseIT$RegistryApiErrorWatcher.logProblemDetails(ApicurioRegistryBaseIT.java:154)
	at io.apicurio.tests.ApicurioRegistryBaseIT$RegistryApiErrorWatcher.logProblemDetails(ApicurioRegistryBaseIT.java:154)
	at io.apicurio.tests.ApicurioRegistryBaseIT$RegistryApiErrorWatcher.logProblemDetails(ApicurioRegistryBaseIT.java:154)
	at io.apicurio.tests.ApicurioRegistryBaseIT$RegistryApiErrorWatcher.logProblemDetails(ApicurioRegistryBaseIT.java:154)
	at io.apicurio.tests.ApicurioRegistryBaseIT$RegistryApiErrorWatcher.logProblemDetails(ApicurioRegistryBaseIT.java:154)
	at io.apicurio.tests.ApicurioRegistryBaseIT$RegistryApiErrorWatcher.logProblemDetails(ApicurioRegistryBaseIT.java:154)
	at io.apicurio.tests.ApicurioRegistryBaseIT$RegistryApiErrorWatcher.logProblemDetails(ApicurioRegistryBaseIT.java:154)
	at io.apicurio.tests.ApicurioRegistryBaseIT$RegistryApiErrorWatcher.logProblemDetails(ApicurioRegistryBaseIT.java:154)
	at io.apicurio.tests.ApicurioRegistryBaseIT$RegistryApiErrorWatcher.logProblemDetails(ApicurioRegistryBaseIT.java:154)
	at io.apicurio.tests.ApicurioRegistryBaseIT$RegistryApiErrorWatcher.logProblemDetails(ApicurioRegistryBaseIT.java:154)
	at io.apicurio.tests.ApicurioRegistryBaseIT$RegistryApiErrorWatcher.logProblemDetails(ApicurioRegistryBaseIT.java:154)
	at io.apicurio.tests.ApicurioRegistryBaseIT$RegistryApiErrorWatcher.logProblemDetails(ApicurioRegistryBaseIT.java:154)
	at io.apicurio.tests.ApicurioRegistryBaseIT$RegistryApiErrorWatcher.logProblemDetails(ApicurioRegistryBaseIT.java:154)
	at io.apicurio.tests.ApicurioRegistryBaseIT$RegistryApiErrorWatcher.logProblemDetails(ApicurioRegistryBaseIT.java:154)
	at io.apicurio.tests.ApicurioRegistryBaseIT$RegistryApiErrorWatcher.logProblemDetails(ApicurioRegistryBaseIT.java:154)
	at io.apicurio.tests.ApicurioRegistryBaseIT$RegistryApiErrorWatcher.logProblemDetails(ApicurioRegistryBaseIT.java:154)
	at io.apicurio.tests.ApicurioRegistryBaseIT$RegistryApiErrorWatcher.logProblemDetails(ApicurioRegistryBaseIT.java:154)
	at io.apicurio.tests.ApicurioRegistryBaseIT$RegistryApiErrorWatcher.logProblemDetails(ApicurioRegistryBaseIT.java:154)
	at io.apicurio.tests.ApicurioRegistryBaseIT$RegistryApiErrorWatcher.logProblemDetails(ApicurioRegistryBaseIT.java:154)
	at io.apicurio.tests.ApicurioRegistryBaseIT$RegistryApiErrorWatcher.logProblemDetails(ApicurioRegistryBaseIT.java:154)
	at io.apicurio.tests.ApicurioRegistryBaseIT$RegistryApiErrorWatcher.logProblemDetails(ApicurioRegistryBaseIT.java:154)
	at io.apicurio.tests.ApicurioRegistryBaseIT$RegistryApiErrorWatcher.logProblemDetails(ApicurioRegistryBaseIT.java:154)
	at io.apicurio.tests.ApicurioRegistryBaseIT$RegistryApiErrorWatcher.logProblemDetails(ApicurioRegistryBaseIT.java:154)
	at io.apicurio.tests.ApicurioRegistryBaseIT$RegistryApiErrorWatcher.logProblemDetails(ApicurioRegistryBaseIT.java:154)
	at io.apicurio.tests.ApicurioRegistryBaseIT$RegistryApiErrorWatcher.logProblemDetails(ApicurioRegistryBaseIT.java:154)
	at io.apicurio.tests.ApicurioRegistryBaseIT$RegistryApiErrorWatcher.logProblemDetails(ApicurioRegistryBaseIT.java:154)
	at io.apicurio.tests.ApicurioRegistryBaseIT$RegistryApiErrorWatcher.logProblemDetails(ApicurioRegistryBaseIT.java:154)
	at io.apicurio.tests.ApicurioRegistryBaseIT$RegistryApiErrorWatcher.logProblemDetails(ApicurioRegistryBaseIT.java:154)
	at io.apicurio.tests.ApicurioRegistryBaseIT$RegistryApiErrorWatcher.logProblemDetails(ApicurioRegistryBaseIT.java:154)
	at io.apicurio.tests.ApicurioRegistryBaseIT$RegistryApiErrorWatcher.logProblemDetails(ApicurioRegistryBaseIT.java:154)
	at io.apicurio.tests.ApicurioRegistryBaseIT$RegistryApiErrorWatcher.logProblemDetails(ApicurioRegistryBaseIT.java:154)
	at io.apicurio.tests.ApicurioRegistryBaseIT$RegistryApiErrorWatcher.logProblemDetails(ApicurioRegistryBaseIT.java:154)
	at io.apicurio.tests.ApicurioRegistryBaseIT$RegistryApiErrorWatcher.logProblemDetails(ApicurioRegistryBaseIT.java:154)
	at io.apicurio.tests.ApicurioRegistryBaseIT$RegistryApiErrorWatcher.logProblemDetails(ApicurioRegistryBaseIT.java:154)
	at io.apicurio.tests.ApicurioRegistryBaseIT$RegistryApiErrorWatcher.logProblemDetails(ApicurioRegistryBaseIT.java:154)
	at io.apicurio.tests.ApicurioRegistryBaseIT$RegistryApiErrorWatcher.logProblemDetails(ApicurioRegistryBaseIT.java:154)
	at io.apicurio.tests.ApicurioRegistryBaseIT$RegistryApiErrorWatcher.logProblemDetails(ApicurioRegistryBaseIT.java:154)
	at io.apicurio.tests.ApicurioRegistryBaseIT$RegistryApiErrorWatcher.logProblemDetails(ApicurioRegistryBaseIT.java:154)
	at io.apicurio.tests.ApicurioRegistryBaseIT$RegistryApiErrorWatcher.logProblemDetails(ApicurioRegistryBaseIT.java:154)
	at io.apicurio.tests.ApicurioRegistryBaseIT$RegistryApiErrorWatcher.logProblemDetails(ApicurioRegistryBaseIT.java:154)
	at io.apicurio.tests.ApicurioRegistryBaseIT$RegistryApiErrorWatcher.logProblemDetails(ApicurioRegistryBaseIT.java:154)
	at io.apicurio.tests.ApicurioRegistryBaseIT$RegistryApiErrorWatcher.logProblemDetails(ApicurioRegistryBaseIT.java:154)
	at io.apicurio.tests.ApicurioRegistryBaseIT$RegistryApiErrorWatcher.logProblemDetails(ApicurioRegistryBaseIT.java:154)
	at io.apicurio.tests.ApicurioRegistryBaseIT$RegistryApiErrorWatcher.logProblemDetails(ApicurioRegistryBaseIT.java:154)
	at io.apicurio.tests.ApicurioRegistryBaseIT$RegistryApiErrorWatcher.logProblemDetails(ApicurioRegistryBaseIT.java:154)
	at io.apicurio.tests.ApicurioRegistryBaseIT$RegistryApiErrorWatcher.logProblemDetails(ApicurioRegistryBaseIT.java:154)
	at io.apicurio.tests.ApicurioRegistryBaseIT$RegistryApiErrorWatcher.logProblemDetails(ApicurioRegistryBaseIT.java:154)
	at io.apicurio.tests.ApicurioRegistryBaseIT$RegistryApiErrorWatcher.logProblemDetails(ApicurioRegistryBaseIT.java:154)
	at io.apicurio.tests.ApicurioRegistryBaseIT$RegistryApiErrorWatcher.logProblemDetails(ApicurioRegistryBaseIT.java:154)
	at io.apicurio.tests.ApicurioRegistryBaseIT$RegistryApiErrorWatcher.logProblemDetails(ApicurioRegistryBaseIT.java:154)
	at io.apicurio.tests.ApicurioRegistryBaseIT$RegistryApiErrorWatcher.logProblemDetails(ApicurioRegistryBaseIT.java:154)
	at io.apicurio.tests.ApicurioRegistryBaseIT$RegistryApiErrorWatcher.logProblemDetails(ApicurioRegistryBaseIT.java:154)
	at io.apicurio.tests.ApicurioRegistryBaseIT$RegistryApiErrorWatcher.logProblemDetails(ApicurioRegistryBaseIT.java:154)
	at io.apicurio.tests.ApicurioRegistryBaseIT$RegistryApiErrorWatcher.logProblemDetails(ApicurioRegistryBaseIT.java:154)
	at io.apicurio.tests.ApicurioRegistryBaseIT$RegistryApiErrorWatcher.logProblemDetails(ApicurioRegistryBaseIT.java:154)
	at io.apicurio.tests.ApicurioRegistryBaseIT$RegistryApiErrorWatcher.logProblemDetails(ApicurioRegistryBaseIT.java:154)
	at io.apicurio.tests.ApicurioRegistryBaseIT$RegistryApiErrorWatcher.logProblemDetails(ApicurioRegistryBaseIT.java:154)
	at io.apicurio.tests.ApicurioRegistryBaseIT$RegistryApiErrorWatcher.logProblemDetails(ApicurioRegistryBaseIT.java:154)
	at io.apicurio.tests.ApicurioRegistryBaseIT$RegistryApiErrorWatcher.logProblemDetails(ApicurioRegistryBaseIT.java:154)
	at io.apicurio.tests.ApicurioRegistryBaseIT$RegistryApiErrorWatcher.logProblemDetails(ApicurioRegistryBaseIT.java:154)
	at io.apicurio.tests.ApicurioRegistryBaseIT$RegistryApiErrorWatcher.logProblemDetails(ApicurioRegistryBaseIT.java:154)
	at io.apicurio.tests.ApicurioRegistryBaseIT$RegistryApiErrorWatcher.logProblemDetails(ApicurioRegistryBaseIT.java:154)
	at io.apicurio.tests.ApicurioRegistryBaseIT$RegistryApiErrorWatcher.logProblemDetails(ApicurioRegistryBaseIT.java:154)
	at io.apicurio.tests.ApicurioRegistryBaseIT$RegistryApiErrorWatcher.logProblemDetails(ApicurioRegistryBaseIT.java:154)
	at io.apicurio.tests.ApicurioRegistryBaseIT$RegistryApiErrorWatcher.logProblemDetails(ApicurioRegistryBaseIT.java:154)
	at io.apicurio.tests.ApicurioRegistryBaseIT$RegistryApiErrorWatcher.logProblemDetails(ApicurioRegistryBaseIT.java:154)
	at io.apicurio.tests.ApicurioRegistryBaseIT$RegistryApiErrorWatcher.logProblemDetails(ApicurioRegistryBaseIT.java:154)
	at io.apicurio.tests.ApicurioRegistryBaseIT$RegistryApiErrorWatcher.logProblemDetails(ApicurioRegistryBaseIT.java:154)

]]></system-out>
  </testcase>
  <testcase name="testTopicRecordIdStrategydFindLatest" classname="io.apicurio.tests.serdes.apicurio.AvroSerdeIT" time="2.349">
    <system-out><![CDATA[2025-07-31 17:04:28,732 INFO  [io.api.tes.uti.TestSeparator] (main) ############################################################################
2025-07-31 17:04:28,732 INFO  [io.api.tes.uti.TestSeparator] (main) io.apicurio.tests.serdes.apicurio.AvroSerdeIT.testTopicRecordIdStrategydFindLatest-STARTED
2025-07-31 17:04:28,733 INFO  [io.api.tes.ser.api.AvroSerdeIT] (main) Registering Avro Schema: {"type":"record","name":"s66cdd21bx9bfax4160x9de4x1567f685987d","namespace":"sf91302d2xc99bx4f4fx960cx61747c2d72b3","fields":[{"name":"key11753981468732","type":"string"}]}
**** Registry Base URL: http://registry-app-mysql.apps.ci419.apicurio-testing.org:80
2025-07-31 17:04:29,940 INFO  [org.apa.kaf.cli.pro.ProducerConfig] (main) ProducerConfig values: 
	acks = -1
	auto.include.jmx.reporter = true
	batch.size = 16384
	bootstrap.servers = [PLAINTEXT://localhost:32770]
	buffer.memory = 33554432
	client.dns.lookup = use_all_dns_ips
	client.id = Producer-topic-196389e1_1c2f_4934_81ba_b7917f2be70a
	compression.gzip.level = -1
	compression.lz4.level = 9
	compression.type = none
	compression.zstd.level = 3
	connections.max.idle.ms = 10000
	delivery.timeout.ms = 120000
	enable.idempotence = true
	enable.metrics.push = true
	interceptor.classes = []
	key.serializer = class org.apache.kafka.common.serialization.StringSerializer
	linger.ms = 0
	max.block.ms = 60000
	max.in.flight.requests.per.connection = 5
	max.request.size = 1048576
	metadata.max.age.ms = 300000
	metadata.max.idle.ms = 300000
	metadata.recovery.strategy = none
	metric.reporters = []
	metrics.num.samples = 2
	metrics.recording.level = INFO
	metrics.sample.window.ms = 30000
	partitioner.adaptive.partitioning.enable = true
	partitioner.availability.timeout.ms = 0
	partitioner.class = null
	partitioner.ignore.keys = false
	receive.buffer.bytes = 32768
	reconnect.backoff.max.ms = 1000
	reconnect.backoff.ms = 50
	request.timeout.ms = 5000
	retries = 2147483647
	retry.backoff.max.ms = 1000
	retry.backoff.ms = 100
	sasl.client.callback.handler.class = null
	sasl.jaas.config = null
	sasl.kerberos.kinit.cmd = /usr/bin/kinit
	sasl.kerberos.min.time.before.relogin = 60000
	sasl.kerberos.service.name = null
	sasl.kerberos.ticket.renew.jitter = 0.05
	sasl.kerberos.ticket.renew.window.factor = 0.8
	sasl.login.callback.handler.class = null
	sasl.login.class = null
	sasl.login.connect.timeout.ms = null
	sasl.login.read.timeout.ms = null
	sasl.login.refresh.buffer.seconds = 300
	sasl.login.refresh.min.period.seconds = 60
	sasl.login.refresh.window.factor = 0.8
	sasl.login.refresh.window.jitter = 0.05
	sasl.login.retry.backoff.max.ms = 10000
	sasl.login.retry.backoff.ms = 100
	sasl.mechanism = GSSAPI
	sasl.oauthbearer.clock.skew.seconds = 30
	sasl.oauthbearer.expected.audience = null
	sasl.oauthbearer.expected.issuer = null
	sasl.oauthbearer.header.urlencode = false
	sasl.oauthbearer.jwks.endpoint.refresh.ms = 3600000
	sasl.oauthbearer.jwks.endpoint.retry.backoff.max.ms = 10000
	sasl.oauthbearer.jwks.endpoint.retry.backoff.ms = 100
	sasl.oauthbearer.jwks.endpoint.url = null
	sasl.oauthbearer.scope.claim.name = scope
	sasl.oauthbearer.sub.claim.name = sub
	sasl.oauthbearer.token.endpoint.url = null
	security.protocol = PLAINTEXT
	security.providers = null
	send.buffer.bytes = 131072
	socket.connection.setup.timeout.max.ms = 30000
	socket.connection.setup.timeout.ms = 10000
	ssl.cipher.suites = null
	ssl.enabled.protocols = [TLSv1.2, TLSv1.3]
	ssl.endpoint.identification.algorithm = https
	ssl.engine.factory.class = null
	ssl.key.password = null
	ssl.keymanager.algorithm = SunX509
	ssl.keystore.certificate.chain = null
	ssl.keystore.key = null
	ssl.keystore.location = null
	ssl.keystore.password = null
	ssl.keystore.type = JKS
	ssl.protocol = TLSv1.3
	ssl.provider = null
	ssl.secure.random.implementation = null
	ssl.trustmanager.algorithm = PKIX
	ssl.truststore.certificates = null
	ssl.truststore.location = null
	ssl.truststore.password = null
	ssl.truststore.type = JKS
	transaction.timeout.ms = 60000
	transactional.id = null
	value.serializer = class io.apicurio.registry.serde.avro.AvroKafkaSerializer

2025-07-31 17:04:29,940 INFO  [org.apa.kaf.com.tel.int.KafkaMetricsCollector] (main) initializing Kafka metrics collector
2025-07-31 17:04:29,943 INFO  [org.apa.kaf.cli.pro.KafkaProducer] (main) [Producer clientId=Producer-topic-196389e1_1c2f_4934_81ba_b7917f2be70a] Instantiated an idempotent producer.
2025-07-31 17:04:29,944 INFO  [org.apa.kaf.cli.pro.ProducerConfig] (main) These configurations '[apicurio.registry.find-latest, apicurio.registry.url, apicurio.registry.artifact-resolver-strategy]' were supplied but are not used yet.
2025-07-31 17:04:29,944 INFO  [org.apa.kaf.com.uti.AppInfoParser] (main) Kafka version: 3.9.1
2025-07-31 17:04:29,944 INFO  [org.apa.kaf.com.uti.AppInfoParser] (main) Kafka commitId: f745dfdcee2b9851
2025-07-31 17:04:29,944 INFO  [org.apa.kaf.com.uti.AppInfoParser] (main) Kafka startTimeMs: 1753981469944
2025-07-31 17:04:29,944 INFO  [io.api.tes.ser.api.SimpleSerdesTesterBuilder$SimpleSerdesTester] (main) Using producer configuration: {apicurio.registry.find-latest=true, apicurio.registry.url=http://registry-app-mysql.apps.ci419.apicurio-testing.org:80/apis/registry/v3, apicurio.registry.artifact-resolver-strategy=io.apicurio.registry.serde.avro.strategy.TopicRecordIdStrategy, value.serializer=io.apicurio.registry.serde.avro.AvroKafkaSerializer, request.timeout.ms=5000, acks=all, bootstrap.servers=PLAINTEXT://localhost:32770, connections.max.idle.ms=10000, key.serializer=org.apache.kafka.common.serialization.StringSerializer, client.id=Producer-topic-196389e1_1c2f_4934_81ba_b7917f2be70a}
2025-07-31 17:04:29,944 INFO  [io.api.tes.ser.api.SimpleSerdesTesterBuilder$SimpleSerdesTester] (main) Using consumer configuration: {}
2025-07-31 17:04:29,945 INFO  [io.api.tes.ser.api.KafkaSerdesTester] (Thread-660) Sending message {"key11753981468732": "value-0"} to topic topic-196389e1_1c2f_4934_81ba_b7917f2be70a
2025-07-31 17:04:29,948 INFO  [org.apa.kaf.cli.Metadata] (kafka-producer-network-thread | Producer-topic-196389e1_1c2f_4934_81ba_b7917f2be70a) [Producer clientId=Producer-topic-196389e1_1c2f_4934_81ba_b7917f2be70a] Cluster ID: hHUi-5-6SnyFRAH2goQrJA
2025-07-31 17:04:29,948 INFO  [org.apa.kaf.cli.pro.int.TransactionManager] (kafka-producer-network-thread | Producer-topic-196389e1_1c2f_4934_81ba_b7917f2be70a) [Producer clientId=Producer-topic-196389e1_1c2f_4934_81ba_b7917f2be70a] ProducerId set to 13 with epoch 0
2025-07-31 17:04:30,278 INFO  [io.api.tes.ser.api.KafkaSerdesTester] (Thread-660) Sending message {"key11753981468732": "value-1"} to topic topic-196389e1_1c2f_4934_81ba_b7917f2be70a
2025-07-31 17:04:30,279 INFO  [io.api.tes.ser.api.KafkaSerdesTester] (Thread-660) Sending message {"key11753981468732": "value-2"} to topic topic-196389e1_1c2f_4934_81ba_b7917f2be70a
2025-07-31 17:04:30,280 INFO  [io.api.tes.ser.api.KafkaSerdesTester] (Thread-660) Sending message {"key11753981468732": "value-3"} to topic topic-196389e1_1c2f_4934_81ba_b7917f2be70a
2025-07-31 17:04:30,282 INFO  [io.api.tes.ser.api.KafkaSerdesTester] (Thread-660) Sending message {"key11753981468732": "value-4"} to topic topic-196389e1_1c2f_4934_81ba_b7917f2be70a
2025-07-31 17:04:30,283 INFO  [io.api.tes.ser.api.KafkaSerdesTester] (Thread-660) Sending message {"key11753981468732": "value-5"} to topic topic-196389e1_1c2f_4934_81ba_b7917f2be70a
2025-07-31 17:04:30,284 INFO  [io.api.tes.ser.api.KafkaSerdesTester] (Thread-660) Sending message {"key11753981468732": "value-6"} to topic topic-196389e1_1c2f_4934_81ba_b7917f2be70a
2025-07-31 17:04:30,286 INFO  [io.api.tes.ser.api.KafkaSerdesTester] (Thread-660) Sending message {"key11753981468732": "value-7"} to topic topic-196389e1_1c2f_4934_81ba_b7917f2be70a
2025-07-31 17:04:30,288 INFO  [io.api.tes.ser.api.KafkaSerdesTester] (Thread-660) Sending message {"key11753981468732": "value-8"} to topic topic-196389e1_1c2f_4934_81ba_b7917f2be70a
2025-07-31 17:04:30,289 INFO  [io.api.tes.ser.api.KafkaSerdesTester] (Thread-660) Sending message {"key11753981468732": "value-9"} to topic topic-196389e1_1c2f_4934_81ba_b7917f2be70a
2025-07-31 17:04:30,290 INFO  [io.api.tes.ser.api.KafkaSerdesTester] (Thread-660) Produced 10 messages
2025-07-31 17:04:30,290 INFO  [org.apa.kaf.cli.pro.KafkaProducer] (Thread-660) [Producer clientId=Producer-topic-196389e1_1c2f_4934_81ba_b7917f2be70a] Closing the Kafka producer with timeoutMillis = 9223372036854775807 ms.
2025-07-31 17:04:30,292 INFO  [org.apa.kaf.com.met.Metrics] (Thread-660) Metrics scheduler closed
2025-07-31 17:04:30,292 INFO  [org.apa.kaf.com.met.Metrics] (Thread-660) Closing reporter org.apache.kafka.common.metrics.JmxReporter
2025-07-31 17:04:30,292 INFO  [org.apa.kaf.com.met.Metrics] (Thread-660) Closing reporter org.apache.kafka.common.telemetry.internals.ClientTelemetryReporter
2025-07-31 17:04:30,292 INFO  [org.apa.kaf.com.met.Metrics] (Thread-660) Metrics reporters closed
2025-07-31 17:04:30,293 INFO  [org.apa.kaf.com.uti.AppInfoParser] (Thread-660) App info kafka.producer for Producer-topic-196389e1_1c2f_4934_81ba_b7917f2be70a unregistered
**** Registry Base URL: http://registry-app-mysql.apps.ci419.apicurio-testing.org:80
2025-07-31 17:04:30,294 INFO  [org.apa.kaf.cli.con.ConsumerConfig] (main) ConsumerConfig values: 
	allow.auto.create.topics = true
	auto.commit.interval.ms = 500
	auto.include.jmx.reporter = true
	auto.offset.reset = earliest
	bootstrap.servers = [PLAINTEXT://localhost:32770]
	check.crcs = true
	client.dns.lookup = use_all_dns_ips
	client.id = consumer-Consumer-topic-196389e1_1c2f_4934_81ba_b7917f2be70a-10
	client.rack = 
	connections.max.idle.ms = 10000
	default.api.timeout.ms = 60000
	enable.auto.commit = true
	enable.metrics.push = true
	exclude.internal.topics = true
	fetch.max.bytes = 52428800
	fetch.max.wait.ms = 500
	fetch.min.bytes = 1
	group.id = Consumer-topic-196389e1_1c2f_4934_81ba_b7917f2be70a
	group.instance.id = null
	group.protocol = classic
	group.remote.assignor = null
	heartbeat.interval.ms = 3000
	interceptor.classes = []
	internal.leave.group.on.close = true
	internal.throw.on.fetch.stable.offset.unsupported = false
	isolation.level = read_uncommitted
	key.deserializer = class org.apache.kafka.common.serialization.StringDeserializer
	max.partition.fetch.bytes = 1048576
	max.poll.interval.ms = 300000
	max.poll.records = 500
	metadata.max.age.ms = 300000
	metadata.recovery.strategy = none
	metric.reporters = []
	metrics.num.samples = 2
	metrics.recording.level = INFO
	metrics.sample.window.ms = 30000
	partition.assignment.strategy = [class org.apache.kafka.clients.consumer.RangeAssignor, class org.apache.kafka.clients.consumer.CooperativeStickyAssignor]
	receive.buffer.bytes = 65536
	reconnect.backoff.max.ms = 1000
	reconnect.backoff.ms = 50
	request.timeout.ms = 5000
	retry.backoff.max.ms = 1000
	retry.backoff.ms = 100
	sasl.client.callback.handler.class = null
	sasl.jaas.config = null
	sasl.kerberos.kinit.cmd = /usr/bin/kinit
	sasl.kerberos.min.time.before.relogin = 60000
	sasl.kerberos.service.name = null
	sasl.kerberos.ticket.renew.jitter = 0.05
	sasl.kerberos.ticket.renew.window.factor = 0.8
	sasl.login.callback.handler.class = null
	sasl.login.class = null
	sasl.login.connect.timeout.ms = null
	sasl.login.read.timeout.ms = null
	sasl.login.refresh.buffer.seconds = 300
	sasl.login.refresh.min.period.seconds = 60
	sasl.login.refresh.window.factor = 0.8
	sasl.login.refresh.window.jitter = 0.05
	sasl.login.retry.backoff.max.ms = 10000
	sasl.login.retry.backoff.ms = 100
	sasl.mechanism = GSSAPI
	sasl.oauthbearer.clock.skew.seconds = 30
	sasl.oauthbearer.expected.audience = null
	sasl.oauthbearer.expected.issuer = null
	sasl.oauthbearer.header.urlencode = false
	sasl.oauthbearer.jwks.endpoint.refresh.ms = 3600000
	sasl.oauthbearer.jwks.endpoint.retry.backoff.max.ms = 10000
	sasl.oauthbearer.jwks.endpoint.retry.backoff.ms = 100
	sasl.oauthbearer.jwks.endpoint.url = null
	sasl.oauthbearer.scope.claim.name = scope
	sasl.oauthbearer.sub.claim.name = sub
	sasl.oauthbearer.token.endpoint.url = null
	security.protocol = PLAINTEXT
	security.providers = null
	send.buffer.bytes = 131072
	session.timeout.ms = 45000
	socket.connection.setup.timeout.max.ms = 30000
	socket.connection.setup.timeout.ms = 10000
	ssl.cipher.suites = null
	ssl.enabled.protocols = [TLSv1.2, TLSv1.3]
	ssl.endpoint.identification.algorithm = https
	ssl.engine.factory.class = null
	ssl.key.password = null
	ssl.keymanager.algorithm = SunX509
	ssl.keystore.certificate.chain = null
	ssl.keystore.key = null
	ssl.keystore.location = null
	ssl.keystore.password = null
	ssl.keystore.type = JKS
	ssl.protocol = TLSv1.3
	ssl.provider = null
	ssl.secure.random.implementation = null
	ssl.trustmanager.algorithm = PKIX
	ssl.truststore.certificates = null
	ssl.truststore.location = null
	ssl.truststore.password = null
	ssl.truststore.type = JKS
	value.deserializer = class io.apicurio.registry.serde.avro.AvroKafkaDeserializer

2025-07-31 17:04:30,295 INFO  [org.apa.kaf.com.tel.int.KafkaMetricsCollector] (main) initializing Kafka metrics collector
2025-07-31 17:04:30,303 INFO  [org.apa.kaf.cli.con.ConsumerConfig] (main) These configurations '[apicurio.registry.url]' were supplied but are not used yet.
2025-07-31 17:04:30,303 INFO  [org.apa.kaf.com.uti.AppInfoParser] (main) Kafka version: 3.9.1
2025-07-31 17:04:30,304 INFO  [org.apa.kaf.com.uti.AppInfoParser] (main) Kafka commitId: f745dfdcee2b9851
2025-07-31 17:04:30,304 INFO  [org.apa.kaf.com.uti.AppInfoParser] (main) Kafka startTimeMs: 1753981470303
2025-07-31 17:04:30,304 INFO  [org.apa.kaf.cli.con.int.ClassicKafkaConsumer] (Thread-663) [Consumer clientId=consumer-Consumer-topic-196389e1_1c2f_4934_81ba_b7917f2be70a-10, groupId=Consumer-topic-196389e1_1c2f_4934_81ba_b7917f2be70a] Subscribed to topic(s): topic-196389e1_1c2f_4934_81ba_b7917f2be70a
2025-07-31 17:04:30,311 INFO  [org.apa.kaf.cli.Metadata] (Thread-663) [Consumer clientId=consumer-Consumer-topic-196389e1_1c2f_4934_81ba_b7917f2be70a-10, groupId=Consumer-topic-196389e1_1c2f_4934_81ba_b7917f2be70a] Cluster ID: hHUi-5-6SnyFRAH2goQrJA
2025-07-31 17:04:30,312 INFO  [org.apa.kaf.cli.con.int.ConsumerCoordinator] (Thread-663) [Consumer clientId=consumer-Consumer-topic-196389e1_1c2f_4934_81ba_b7917f2be70a-10, groupId=Consumer-topic-196389e1_1c2f_4934_81ba_b7917f2be70a] Discovered group coordinator localhost:32770 (id: 2147483647 rack: null)
2025-07-31 17:04:30,315 INFO  [org.apa.kaf.cli.con.int.ConsumerCoordinator] (Thread-663) [Consumer clientId=consumer-Consumer-topic-196389e1_1c2f_4934_81ba_b7917f2be70a-10, groupId=Consumer-topic-196389e1_1c2f_4934_81ba_b7917f2be70a] (Re-)joining group
2025-07-31 17:04:30,321 INFO  [org.apa.kaf.cli.con.int.ConsumerCoordinator] (Thread-663) [Consumer clientId=consumer-Consumer-topic-196389e1_1c2f_4934_81ba_b7917f2be70a-10, groupId=Consumer-topic-196389e1_1c2f_4934_81ba_b7917f2be70a] Request joining group due to: need to re-join with the given member-id: consumer-Consumer-topic-196389e1_1c2f_4934_81ba_b7917f2be70a-10-ce1e4047-4024-430a-a934-806a44dad592
2025-07-31 17:04:30,321 INFO  [org.apa.kaf.cli.con.int.ConsumerCoordinator] (Thread-663) [Consumer clientId=consumer-Consumer-topic-196389e1_1c2f_4934_81ba_b7917f2be70a-10, groupId=Consumer-topic-196389e1_1c2f_4934_81ba_b7917f2be70a] (Re-)joining group
2025-07-31 17:04:30,324 INFO  [org.apa.kaf.cli.con.int.ConsumerCoordinator] (Thread-663) [Consumer clientId=consumer-Consumer-topic-196389e1_1c2f_4934_81ba_b7917f2be70a-10, groupId=Consumer-topic-196389e1_1c2f_4934_81ba_b7917f2be70a] Successfully joined group with generation Generation{generationId=1, memberId='consumer-Consumer-topic-196389e1_1c2f_4934_81ba_b7917f2be70a-10-ce1e4047-4024-430a-a934-806a44dad592', protocol='range'}
2025-07-31 17:04:30,325 INFO  [org.apa.kaf.cli.con.int.ConsumerCoordinator] (Thread-663) [Consumer clientId=consumer-Consumer-topic-196389e1_1c2f_4934_81ba_b7917f2be70a-10, groupId=Consumer-topic-196389e1_1c2f_4934_81ba_b7917f2be70a] Finished assignment for group at generation 1: {consumer-Consumer-topic-196389e1_1c2f_4934_81ba_b7917f2be70a-10-ce1e4047-4024-430a-a934-806a44dad592=Assignment(partitions=[topic-196389e1_1c2f_4934_81ba_b7917f2be70a-0])}
2025-07-31 17:04:30,328 INFO  [org.apa.kaf.cli.con.int.ConsumerCoordinator] (Thread-663) [Consumer clientId=consumer-Consumer-topic-196389e1_1c2f_4934_81ba_b7917f2be70a-10, groupId=Consumer-topic-196389e1_1c2f_4934_81ba_b7917f2be70a] Successfully synced group in generation Generation{generationId=1, memberId='consumer-Consumer-topic-196389e1_1c2f_4934_81ba_b7917f2be70a-10-ce1e4047-4024-430a-a934-806a44dad592', protocol='range'}
2025-07-31 17:04:30,328 INFO  [org.apa.kaf.cli.con.int.ConsumerCoordinator] (Thread-663) [Consumer clientId=consumer-Consumer-topic-196389e1_1c2f_4934_81ba_b7917f2be70a-10, groupId=Consumer-topic-196389e1_1c2f_4934_81ba_b7917f2be70a] Notifying assignor about the new Assignment(partitions=[topic-196389e1_1c2f_4934_81ba_b7917f2be70a-0])
2025-07-31 17:04:30,328 INFO  [org.apa.kaf.cli.con.int.ConsumerRebalanceListenerInvoker] (Thread-663) [Consumer clientId=consumer-Consumer-topic-196389e1_1c2f_4934_81ba_b7917f2be70a-10, groupId=Consumer-topic-196389e1_1c2f_4934_81ba_b7917f2be70a] Adding newly assigned partitions: topic-196389e1_1c2f_4934_81ba_b7917f2be70a-0
2025-07-31 17:04:30,329 INFO  [org.apa.kaf.cli.con.int.ConsumerCoordinator] (Thread-663) [Consumer clientId=consumer-Consumer-topic-196389e1_1c2f_4934_81ba_b7917f2be70a-10, groupId=Consumer-topic-196389e1_1c2f_4934_81ba_b7917f2be70a] Found no committed offset for partition topic-196389e1_1c2f_4934_81ba_b7917f2be70a-0
2025-07-31 17:04:30,337 INFO  [org.apa.kaf.cli.con.int.SubscriptionState] (Thread-663) [Consumer clientId=consumer-Consumer-topic-196389e1_1c2f_4934_81ba_b7917f2be70a-10, groupId=Consumer-topic-196389e1_1c2f_4934_81ba_b7917f2be70a] Resetting offset for partition topic-196389e1_1c2f_4934_81ba_b7917f2be70a-0 to position FetchPosition{offset=0, offsetEpoch=Optional.empty, currentLeader=LeaderAndEpoch{leader=Optional[localhost:32770 (id: 0 rack: null)], epoch=0}}.
2025-07-31 17:04:30,572 INFO  [io.api.tes.ser.api.KafkaSerdesTester] (Thread-663) topic-196389e1_1c2f_4934_81ba_b7917f2be70a 0 0 {"key11753981468732": "value-0"}
2025-07-31 17:04:30,572 INFO  [io.api.tes.ser.api.KafkaSerdesTester] (Thread-663) topic-196389e1_1c2f_4934_81ba_b7917f2be70a 0 1 {"key11753981468732": "value-1"}
2025-07-31 17:04:30,572 INFO  [io.api.tes.ser.api.KafkaSerdesTester] (Thread-663) topic-196389e1_1c2f_4934_81ba_b7917f2be70a 0 2 {"key11753981468732": "value-2"}
2025-07-31 17:04:30,572 INFO  [io.api.tes.ser.api.KafkaSerdesTester] (Thread-663) topic-196389e1_1c2f_4934_81ba_b7917f2be70a 0 3 {"key11753981468732": "value-3"}
2025-07-31 17:04:30,572 INFO  [io.api.tes.ser.api.KafkaSerdesTester] (Thread-663) topic-196389e1_1c2f_4934_81ba_b7917f2be70a 0 4 {"key11753981468732": "value-4"}
2025-07-31 17:04:30,572 INFO  [io.api.tes.ser.api.KafkaSerdesTester] (Thread-663) topic-196389e1_1c2f_4934_81ba_b7917f2be70a 0 5 {"key11753981468732": "value-5"}
2025-07-31 17:04:30,572 INFO  [io.api.tes.ser.api.KafkaSerdesTester] (Thread-663) topic-196389e1_1c2f_4934_81ba_b7917f2be70a 0 6 {"key11753981468732": "value-6"}
2025-07-31 17:04:30,572 INFO  [io.api.tes.ser.api.KafkaSerdesTester] (Thread-663) topic-196389e1_1c2f_4934_81ba_b7917f2be70a 0 7 {"key11753981468732": "value-7"}
2025-07-31 17:04:30,572 INFO  [io.api.tes.ser.api.KafkaSerdesTester] (Thread-663) topic-196389e1_1c2f_4934_81ba_b7917f2be70a 0 8 {"key11753981468732": "value-8"}
2025-07-31 17:04:30,572 INFO  [io.api.tes.ser.api.KafkaSerdesTester] (Thread-663) topic-196389e1_1c2f_4934_81ba_b7917f2be70a 0 9 {"key11753981468732": "value-9"}
2025-07-31 17:04:30,572 INFO  [io.api.tes.ser.api.KafkaSerdesTester] (Thread-663) Consumed 10 messages
2025-07-31 17:04:30,577 INFO  [org.apa.kaf.cli.con.int.ConsumerRebalanceListenerInvoker] (Thread-663) [Consumer clientId=consumer-Consumer-topic-196389e1_1c2f_4934_81ba_b7917f2be70a-10, groupId=Consumer-topic-196389e1_1c2f_4934_81ba_b7917f2be70a] Revoke previously assigned partitions topic-196389e1_1c2f_4934_81ba_b7917f2be70a-0
2025-07-31 17:04:30,577 INFO  [org.apa.kaf.cli.con.int.ConsumerCoordinator] (Thread-663) [Consumer clientId=consumer-Consumer-topic-196389e1_1c2f_4934_81ba_b7917f2be70a-10, groupId=Consumer-topic-196389e1_1c2f_4934_81ba_b7917f2be70a] Member consumer-Consumer-topic-196389e1_1c2f_4934_81ba_b7917f2be70a-10-ce1e4047-4024-430a-a934-806a44dad592 sending LeaveGroup request to coordinator localhost:32770 (id: 2147483647 rack: null) due to the consumer is being closed
2025-07-31 17:04:30,577 INFO  [org.apa.kaf.cli.con.int.ConsumerCoordinator] (Thread-663) [Consumer clientId=consumer-Consumer-topic-196389e1_1c2f_4934_81ba_b7917f2be70a-10, groupId=Consumer-topic-196389e1_1c2f_4934_81ba_b7917f2be70a] Resetting generation and member id due to: consumer pro-actively leaving the group
2025-07-31 17:04:30,577 INFO  [org.apa.kaf.cli.con.int.ConsumerCoordinator] (Thread-663) [Consumer clientId=consumer-Consumer-topic-196389e1_1c2f_4934_81ba_b7917f2be70a-10, groupId=Consumer-topic-196389e1_1c2f_4934_81ba_b7917f2be70a] Request joining group due to: consumer pro-actively leaving the group
2025-07-31 17:04:31,075 INFO  [org.apa.kaf.com.met.Metrics] (Thread-663) Metrics scheduler closed
2025-07-31 17:04:31,075 INFO  [org.apa.kaf.com.met.Metrics] (Thread-663) Closing reporter org.apache.kafka.common.metrics.JmxReporter
2025-07-31 17:04:31,075 INFO  [org.apa.kaf.com.met.Metrics] (Thread-663) Closing reporter org.apache.kafka.common.telemetry.internals.ClientTelemetryReporter
2025-07-31 17:04:31,075 INFO  [org.apa.kaf.com.met.Metrics] (Thread-663) Metrics reporters closed
2025-07-31 17:04:31,077 INFO  [org.apa.kaf.com.uti.AppInfoParser] (Thread-663) App info kafka.consumer for consumer-Consumer-topic-196389e1_1c2f_4934_81ba_b7917f2be70a-10 unregistered
2025-07-31 17:04:31,078 INFO  [io.api.tes.uti.TestSeparator] (main) io.apicurio.tests.serdes.apicurio.AvroSerdeIT.testTopicRecordIdStrategydFindLatest-FINISHED
2025-07-31 17:04:31,078 INFO  [io.api.tes.uti.TestSeparator] (main) ############################################################################
Test passed: testTopicRecordIdStrategydFindLatest
]]></system-out>
  </testcase>
  <testcase name="testAvroConfluentForMultipleTopics" classname="io.apicurio.tests.serdes.apicurio.AvroSerdeIT" time="4.141">
    <system-out><![CDATA[2025-07-31 17:04:31,079 INFO  [io.api.tes.uti.TestSeparator] (main) ############################################################################
2025-07-31 17:04:31,079 INFO  [io.api.tes.uti.TestSeparator] (main) io.apicurio.tests.serdes.apicurio.AvroSerdeIT.testAvroConfluentForMultipleTopics-STARTED
2025-07-31 17:04:31,080 INFO  [io.api.tes.ser.api.AvroSerdeIT] (main) Registering Avro Schema: {"type":"record","name":"myrecordconfluent","fields":[{"name":"key11753981471080","type":"string"}]}
**** Registry Base URL: http://registry-app-mysql.apps.ci419.apicurio-testing.org:80
2025-07-31 17:04:32,279 INFO  [org.apa.kaf.cli.pro.ProducerConfig] (main) ProducerConfig values: 
	acks = -1
	auto.include.jmx.reporter = true
	batch.size = 16384
	bootstrap.servers = [PLAINTEXT://localhost:32770]
	buffer.memory = 33554432
	client.dns.lookup = use_all_dns_ips
	client.id = Producer-topic-cf454a2d_acff_4b1b_bcff_cff34812a1cf
	compression.gzip.level = -1
	compression.lz4.level = 9
	compression.type = none
	compression.zstd.level = 3
	connections.max.idle.ms = 10000
	delivery.timeout.ms = 120000
	enable.idempotence = true
	enable.metrics.push = true
	interceptor.classes = []
	key.serializer = class org.apache.kafka.common.serialization.StringSerializer
	linger.ms = 0
	max.block.ms = 60000
	max.in.flight.requests.per.connection = 5
	max.request.size = 1048576
	metadata.max.age.ms = 300000
	metadata.max.idle.ms = 300000
	metadata.recovery.strategy = none
	metric.reporters = []
	metrics.num.samples = 2
	metrics.recording.level = INFO
	metrics.sample.window.ms = 30000
	partitioner.adaptive.partitioning.enable = true
	partitioner.availability.timeout.ms = 0
	partitioner.class = null
	partitioner.ignore.keys = false
	receive.buffer.bytes = 32768
	reconnect.backoff.max.ms = 1000
	reconnect.backoff.ms = 50
	request.timeout.ms = 5000
	retries = 2147483647
	retry.backoff.max.ms = 1000
	retry.backoff.ms = 100
	sasl.client.callback.handler.class = null
	sasl.jaas.config = null
	sasl.kerberos.kinit.cmd = /usr/bin/kinit
	sasl.kerberos.min.time.before.relogin = 60000
	sasl.kerberos.service.name = null
	sasl.kerberos.ticket.renew.jitter = 0.05
	sasl.kerberos.ticket.renew.window.factor = 0.8
	sasl.login.callback.handler.class = null
	sasl.login.class = null
	sasl.login.connect.timeout.ms = null
	sasl.login.read.timeout.ms = null
	sasl.login.refresh.buffer.seconds = 300
	sasl.login.refresh.min.period.seconds = 60
	sasl.login.refresh.window.factor = 0.8
	sasl.login.refresh.window.jitter = 0.05
	sasl.login.retry.backoff.max.ms = 10000
	sasl.login.retry.backoff.ms = 100
	sasl.mechanism = GSSAPI
	sasl.oauthbearer.clock.skew.seconds = 30
	sasl.oauthbearer.expected.audience = null
	sasl.oauthbearer.expected.issuer = null
	sasl.oauthbearer.header.urlencode = false
	sasl.oauthbearer.jwks.endpoint.refresh.ms = 3600000
	sasl.oauthbearer.jwks.endpoint.retry.backoff.max.ms = 10000
	sasl.oauthbearer.jwks.endpoint.retry.backoff.ms = 100
	sasl.oauthbearer.jwks.endpoint.url = null
	sasl.oauthbearer.scope.claim.name = scope
	sasl.oauthbearer.sub.claim.name = sub
	sasl.oauthbearer.token.endpoint.url = null
	security.protocol = PLAINTEXT
	security.providers = null
	send.buffer.bytes = 131072
	socket.connection.setup.timeout.max.ms = 30000
	socket.connection.setup.timeout.ms = 10000
	ssl.cipher.suites = null
	ssl.enabled.protocols = [TLSv1.2, TLSv1.3]
	ssl.endpoint.identification.algorithm = https
	ssl.engine.factory.class = null
	ssl.key.password = null
	ssl.keymanager.algorithm = SunX509
	ssl.keystore.certificate.chain = null
	ssl.keystore.key = null
	ssl.keystore.location = null
	ssl.keystore.password = null
	ssl.keystore.type = JKS
	ssl.protocol = TLSv1.3
	ssl.provider = null
	ssl.secure.random.implementation = null
	ssl.trustmanager.algorithm = PKIX
	ssl.truststore.certificates = null
	ssl.truststore.location = null
	ssl.truststore.password = null
	ssl.truststore.type = JKS
	transaction.timeout.ms = 60000
	transactional.id = null
	value.serializer = class io.apicurio.registry.serde.avro.AvroKafkaSerializer

2025-07-31 17:04:32,279 INFO  [org.apa.kaf.com.tel.int.KafkaMetricsCollector] (main) initializing Kafka metrics collector
2025-07-31 17:04:32,282 INFO  [org.apa.kaf.cli.pro.KafkaProducer] (main) [Producer clientId=Producer-topic-cf454a2d_acff_4b1b_bcff_cff34812a1cf] Instantiated an idempotent producer.
2025-07-31 17:04:32,287 INFO  [org.apa.kaf.cli.pro.ProducerConfig] (main) These configurations '[apicurio.registry.url, apicurio.registry.artifact-resolver-strategy]' were supplied but are not used yet.
2025-07-31 17:04:32,287 INFO  [org.apa.kaf.com.uti.AppInfoParser] (main) Kafka version: 3.9.1
2025-07-31 17:04:32,287 INFO  [org.apa.kaf.com.uti.AppInfoParser] (main) Kafka commitId: f745dfdcee2b9851
2025-07-31 17:04:32,287 INFO  [org.apa.kaf.com.uti.AppInfoParser] (main) Kafka startTimeMs: 1753981472287
**** Registry Base URL: http://registry-app-mysql.apps.ci419.apicurio-testing.org:80
2025-07-31 17:04:32,287 INFO  [org.apa.kaf.cli.pro.ProducerConfig] (main) ProducerConfig values: 
	acks = -1
	auto.include.jmx.reporter = true
	batch.size = 16384
	bootstrap.servers = [PLAINTEXT://localhost:32770]
	buffer.memory = 33554432
	client.dns.lookup = use_all_dns_ips
	client.id = Producer-topic-b1c49a6e_d9b4_490c_a876_c5f81969a164
	compression.gzip.level = -1
	compression.lz4.level = 9
	compression.type = none
	compression.zstd.level = 3
	connections.max.idle.ms = 10000
	delivery.timeout.ms = 120000
	enable.idempotence = true
	enable.metrics.push = true
	interceptor.classes = []
	key.serializer = class org.apache.kafka.common.serialization.StringSerializer
	linger.ms = 0
	max.block.ms = 60000
	max.in.flight.requests.per.connection = 5
	max.request.size = 1048576
	metadata.max.age.ms = 300000
	metadata.max.idle.ms = 300000
	metadata.recovery.strategy = none
	metric.reporters = []
	metrics.num.samples = 2
	metrics.recording.level = INFO
	metrics.sample.window.ms = 30000
	partitioner.adaptive.partitioning.enable = true
	partitioner.availability.timeout.ms = 0
	partitioner.class = null
	partitioner.ignore.keys = false
	receive.buffer.bytes = 32768
	reconnect.backoff.max.ms = 1000
	reconnect.backoff.ms = 50
	request.timeout.ms = 5000
	retries = 2147483647
	retry.backoff.max.ms = 1000
	retry.backoff.ms = 100
	sasl.client.callback.handler.class = null
	sasl.jaas.config = null
	sasl.kerberos.kinit.cmd = /usr/bin/kinit
	sasl.kerberos.min.time.before.relogin = 60000
	sasl.kerberos.service.name = null
	sasl.kerberos.ticket.renew.jitter = 0.05
	sasl.kerberos.ticket.renew.window.factor = 0.8
	sasl.login.callback.handler.class = null
	sasl.login.class = null
	sasl.login.connect.timeout.ms = null
	sasl.login.read.timeout.ms = null
	sasl.login.refresh.buffer.seconds = 300
	sasl.login.refresh.min.period.seconds = 60
	sasl.login.refresh.window.factor = 0.8
	sasl.login.refresh.window.jitter = 0.05
	sasl.login.retry.backoff.max.ms = 10000
	sasl.login.retry.backoff.ms = 100
	sasl.mechanism = GSSAPI
	sasl.oauthbearer.clock.skew.seconds = 30
	sasl.oauthbearer.expected.audience = null
	sasl.oauthbearer.expected.issuer = null
	sasl.oauthbearer.header.urlencode = false
	sasl.oauthbearer.jwks.endpoint.refresh.ms = 3600000
	sasl.oauthbearer.jwks.endpoint.retry.backoff.max.ms = 10000
	sasl.oauthbearer.jwks.endpoint.retry.backoff.ms = 100
	sasl.oauthbearer.jwks.endpoint.url = null
	sasl.oauthbearer.scope.claim.name = scope
	sasl.oauthbearer.sub.claim.name = sub
	sasl.oauthbearer.token.endpoint.url = null
	security.protocol = PLAINTEXT
	security.providers = null
	send.buffer.bytes = 131072
	socket.connection.setup.timeout.max.ms = 30000
	socket.connection.setup.timeout.ms = 10000
	ssl.cipher.suites = null
	ssl.enabled.protocols = [TLSv1.2, TLSv1.3]
	ssl.endpoint.identification.algorithm = https
	ssl.engine.factory.class = null
	ssl.key.password = null
	ssl.keymanager.algorithm = SunX509
	ssl.keystore.certificate.chain = null
	ssl.keystore.key = null
	ssl.keystore.location = null
	ssl.keystore.password = null
	ssl.keystore.type = JKS
	ssl.protocol = TLSv1.3
	ssl.provider = null
	ssl.secure.random.implementation = null
	ssl.trustmanager.algorithm = PKIX
	ssl.truststore.certificates = null
	ssl.truststore.location = null
	ssl.truststore.password = null
	ssl.truststore.type = JKS
	transaction.timeout.ms = 60000
	transactional.id = null
	value.serializer = class io.apicurio.registry.serde.avro.AvroKafkaSerializer

2025-07-31 17:04:32,288 INFO  [org.apa.kaf.com.tel.int.KafkaMetricsCollector] (main) initializing Kafka metrics collector
2025-07-31 17:04:32,290 INFO  [org.apa.kaf.cli.Metadata] (kafka-producer-network-thread | Producer-topic-cf454a2d_acff_4b1b_bcff_cff34812a1cf) [Producer clientId=Producer-topic-cf454a2d_acff_4b1b_bcff_cff34812a1cf] Cluster ID: hHUi-5-6SnyFRAH2goQrJA
2025-07-31 17:04:32,293 INFO  [org.apa.kaf.cli.pro.int.TransactionManager] (kafka-producer-network-thread | Producer-topic-cf454a2d_acff_4b1b_bcff_cff34812a1cf) [Producer clientId=Producer-topic-cf454a2d_acff_4b1b_bcff_cff34812a1cf] ProducerId set to 14 with epoch 0
2025-07-31 17:04:32,297 INFO  [org.apa.kaf.cli.pro.KafkaProducer] (main) [Producer clientId=Producer-topic-b1c49a6e_d9b4_490c_a876_c5f81969a164] Instantiated an idempotent producer.
2025-07-31 17:04:32,302 INFO  [org.apa.kaf.cli.pro.ProducerConfig] (main) These configurations '[apicurio.registry.url, apicurio.registry.artifact-resolver-strategy]' were supplied but are not used yet.
2025-07-31 17:04:32,302 INFO  [org.apa.kaf.com.uti.AppInfoParser] (main) Kafka version: 3.9.1
2025-07-31 17:04:32,302 INFO  [org.apa.kaf.com.uti.AppInfoParser] (main) Kafka commitId: f745dfdcee2b9851
2025-07-31 17:04:32,302 INFO  [org.apa.kaf.com.uti.AppInfoParser] (main) Kafka startTimeMs: 1753981472302
**** Registry Base URL: http://registry-app-mysql.apps.ci419.apicurio-testing.org:80
2025-07-31 17:04:32,302 INFO  [org.apa.kaf.cli.pro.ProducerConfig] (main) ProducerConfig values: 
	acks = -1
	auto.include.jmx.reporter = true
	batch.size = 16384
	bootstrap.servers = [PLAINTEXT://localhost:32770]
	buffer.memory = 33554432
	client.dns.lookup = use_all_dns_ips
	client.id = Producer-topic-de493d8e_76a9_4c97_a032_4d45d3fd6834
	compression.gzip.level = -1
	compression.lz4.level = 9
	compression.type = none
	compression.zstd.level = 3
	connections.max.idle.ms = 10000
	delivery.timeout.ms = 120000
	enable.idempotence = true
	enable.metrics.push = true
	interceptor.classes = []
	key.serializer = class org.apache.kafka.common.serialization.StringSerializer
	linger.ms = 0
	max.block.ms = 60000
	max.in.flight.requests.per.connection = 5
	max.request.size = 1048576
	metadata.max.age.ms = 300000
	metadata.max.idle.ms = 300000
	metadata.recovery.strategy = none
	metric.reporters = []
	metrics.num.samples = 2
	metrics.recording.level = INFO
	metrics.sample.window.ms = 30000
	partitioner.adaptive.partitioning.enable = true
	partitioner.availability.timeout.ms = 0
	partitioner.class = null
	partitioner.ignore.keys = false
	receive.buffer.bytes = 32768
	reconnect.backoff.max.ms = 1000
	reconnect.backoff.ms = 50
	request.timeout.ms = 5000
	retries = 2147483647
	retry.backoff.max.ms = 1000
	retry.backoff.ms = 100
	sasl.client.callback.handler.class = null
	sasl.jaas.config = null
	sasl.kerberos.kinit.cmd = /usr/bin/kinit
	sasl.kerberos.min.time.before.relogin = 60000
	sasl.kerberos.service.name = null
	sasl.kerberos.ticket.renew.jitter = 0.05
	sasl.kerberos.ticket.renew.window.factor = 0.8
	sasl.login.callback.handler.class = null
	sasl.login.class = null
	sasl.login.connect.timeout.ms = null
	sasl.login.read.timeout.ms = null
	sasl.login.refresh.buffer.seconds = 300
	sasl.login.refresh.min.period.seconds = 60
	sasl.login.refresh.window.factor = 0.8
	sasl.login.refresh.window.jitter = 0.05
	sasl.login.retry.backoff.max.ms = 10000
	sasl.login.retry.backoff.ms = 100
	sasl.mechanism = GSSAPI
	sasl.oauthbearer.clock.skew.seconds = 30
	sasl.oauthbearer.expected.audience = null
	sasl.oauthbearer.expected.issuer = null
	sasl.oauthbearer.header.urlencode = false
	sasl.oauthbearer.jwks.endpoint.refresh.ms = 3600000
	sasl.oauthbearer.jwks.endpoint.retry.backoff.max.ms = 10000
	sasl.oauthbearer.jwks.endpoint.retry.backoff.ms = 100
	sasl.oauthbearer.jwks.endpoint.url = null
	sasl.oauthbearer.scope.claim.name = scope
	sasl.oauthbearer.sub.claim.name = sub
	sasl.oauthbearer.token.endpoint.url = null
	security.protocol = PLAINTEXT
	security.providers = null
	send.buffer.bytes = 131072
	socket.connection.setup.timeout.max.ms = 30000
	socket.connection.setup.timeout.ms = 10000
	ssl.cipher.suites = null
	ssl.enabled.protocols = [TLSv1.2, TLSv1.3]
	ssl.endpoint.identification.algorithm = https
	ssl.engine.factory.class = null
	ssl.key.password = null
	ssl.keymanager.algorithm = SunX509
	ssl.keystore.certificate.chain = null
	ssl.keystore.key = null
	ssl.keystore.location = null
	ssl.keystore.password = null
	ssl.keystore.type = JKS
	ssl.protocol = TLSv1.3
	ssl.provider = null
	ssl.secure.random.implementation = null
	ssl.trustmanager.algorithm = PKIX
	ssl.truststore.certificates = null
	ssl.truststore.location = null
	ssl.truststore.password = null
	ssl.truststore.type = JKS
	transaction.timeout.ms = 60000
	transactional.id = null
	value.serializer = class io.apicurio.registry.serde.avro.AvroKafkaSerializer

2025-07-31 17:04:32,303 INFO  [org.apa.kaf.com.tel.int.KafkaMetricsCollector] (main) initializing Kafka metrics collector
2025-07-31 17:04:32,307 INFO  [org.apa.kaf.cli.Metadata] (kafka-producer-network-thread | Producer-topic-b1c49a6e_d9b4_490c_a876_c5f81969a164) [Producer clientId=Producer-topic-b1c49a6e_d9b4_490c_a876_c5f81969a164] Cluster ID: hHUi-5-6SnyFRAH2goQrJA
2025-07-31 17:04:32,308 INFO  [org.apa.kaf.cli.pro.int.TransactionManager] (kafka-producer-network-thread | Producer-topic-b1c49a6e_d9b4_490c_a876_c5f81969a164) [Producer clientId=Producer-topic-b1c49a6e_d9b4_490c_a876_c5f81969a164] ProducerId set to 15 with epoch 0
2025-07-31 17:04:32,310 INFO  [org.apa.kaf.cli.pro.KafkaProducer] (main) [Producer clientId=Producer-topic-de493d8e_76a9_4c97_a032_4d45d3fd6834] Instantiated an idempotent producer.
2025-07-31 17:04:32,312 INFO  [org.apa.kaf.cli.pro.ProducerConfig] (main) These configurations '[apicurio.registry.url, apicurio.registry.artifact-resolver-strategy]' were supplied but are not used yet.
2025-07-31 17:04:32,312 INFO  [org.apa.kaf.com.uti.AppInfoParser] (main) Kafka version: 3.9.1
2025-07-31 17:04:32,312 INFO  [org.apa.kaf.com.uti.AppInfoParser] (main) Kafka commitId: f745dfdcee2b9851
2025-07-31 17:04:32,312 INFO  [org.apa.kaf.com.uti.AppInfoParser] (main) Kafka startTimeMs: 1753981472312
**** Registry Base URL: http://registry-app-mysql.apps.ci419.apicurio-testing.org:80
2025-07-31 17:04:32,315 INFO  [org.apa.kaf.cli.con.ConsumerConfig] (main) ConsumerConfig values: 
	allow.auto.create.topics = true
	auto.commit.interval.ms = 500
	auto.include.jmx.reporter = true
	auto.offset.reset = earliest
	bootstrap.servers = [PLAINTEXT://localhost:32770]
	check.crcs = true
	client.dns.lookup = use_all_dns_ips
	client.id = consumer-Consumer-topic-cf454a2d_acff_4b1b_bcff_cff34812a1cf-11
	client.rack = 
	connections.max.idle.ms = 10000
	default.api.timeout.ms = 60000
	enable.auto.commit = true
	enable.metrics.push = true
	exclude.internal.topics = true
	fetch.max.bytes = 52428800
	fetch.max.wait.ms = 500
	fetch.min.bytes = 1
	group.id = Consumer-topic-cf454a2d_acff_4b1b_bcff_cff34812a1cf
	group.instance.id = null
	group.protocol = classic
	group.remote.assignor = null
	heartbeat.interval.ms = 3000
	interceptor.classes = []
	internal.leave.group.on.close = true
	internal.throw.on.fetch.stable.offset.unsupported = false
	isolation.level = read_uncommitted
	key.deserializer = class org.apache.kafka.common.serialization.StringDeserializer
	max.partition.fetch.bytes = 1048576
	max.poll.interval.ms = 300000
	max.poll.records = 500
	metadata.max.age.ms = 300000
	metadata.recovery.strategy = none
	metric.reporters = []
	metrics.num.samples = 2
	metrics.recording.level = INFO
	metrics.sample.window.ms = 30000
	partition.assignment.strategy = [class org.apache.kafka.clients.consumer.RangeAssignor, class org.apache.kafka.clients.consumer.CooperativeStickyAssignor]
	receive.buffer.bytes = 65536
	reconnect.backoff.max.ms = 1000
	reconnect.backoff.ms = 50
	request.timeout.ms = 5000
	retry.backoff.max.ms = 1000
	retry.backoff.ms = 100
	sasl.client.callback.handler.class = null
	sasl.jaas.config = null
	sasl.kerberos.kinit.cmd = /usr/bin/kinit
	sasl.kerberos.min.time.before.relogin = 60000
	sasl.kerberos.service.name = null
	sasl.kerberos.ticket.renew.jitter = 0.05
	sasl.kerberos.ticket.renew.window.factor = 0.8
	sasl.login.callback.handler.class = null
	sasl.login.class = null
	sasl.login.connect.timeout.ms = null
	sasl.login.read.timeout.ms = null
	sasl.login.refresh.buffer.seconds = 300
	sasl.login.refresh.min.period.seconds = 60
	sasl.login.refresh.window.factor = 0.8
	sasl.login.refresh.window.jitter = 0.05
	sasl.login.retry.backoff.max.ms = 10000
	sasl.login.retry.backoff.ms = 100
	sasl.mechanism = GSSAPI
	sasl.oauthbearer.clock.skew.seconds = 30
	sasl.oauthbearer.expected.audience = null
	sasl.oauthbearer.expected.issuer = null
	sasl.oauthbearer.header.urlencode = false
	sasl.oauthbearer.jwks.endpoint.refresh.ms = 3600000
	sasl.oauthbearer.jwks.endpoint.retry.backoff.max.ms = 10000
	sasl.oauthbearer.jwks.endpoint.retry.backoff.ms = 100
	sasl.oauthbearer.jwks.endpoint.url = null
	sasl.oauthbearer.scope.claim.name = scope
	sasl.oauthbearer.sub.claim.name = sub
	sasl.oauthbearer.token.endpoint.url = null
	security.protocol = PLAINTEXT
	security.providers = null
	send.buffer.bytes = 131072
	session.timeout.ms = 45000
	socket.connection.setup.timeout.max.ms = 30000
	socket.connection.setup.timeout.ms = 10000
	ssl.cipher.suites = null
	ssl.enabled.protocols = [TLSv1.2, TLSv1.3]
	ssl.endpoint.identification.algorithm = https
	ssl.engine.factory.class = null
	ssl.key.password = null
	ssl.keymanager.algorithm = SunX509
	ssl.keystore.certificate.chain = null
	ssl.keystore.key = null
	ssl.keystore.location = null
	ssl.keystore.password = null
	ssl.keystore.type = JKS
	ssl.protocol = TLSv1.3
	ssl.provider = null
	ssl.secure.random.implementation = null
	ssl.trustmanager.algorithm = PKIX
	ssl.truststore.certificates = null
	ssl.truststore.location = null
	ssl.truststore.password = null
	ssl.truststore.type = JKS
	value.deserializer = class io.apicurio.registry.serde.avro.AvroKafkaDeserializer

2025-07-31 17:04:32,315 INFO  [org.apa.kaf.com.tel.int.KafkaMetricsCollector] (main) initializing Kafka metrics collector
2025-07-31 17:04:32,318 INFO  [org.apa.kaf.cli.Metadata] (kafka-producer-network-thread | Producer-topic-de493d8e_76a9_4c97_a032_4d45d3fd6834) [Producer clientId=Producer-topic-de493d8e_76a9_4c97_a032_4d45d3fd6834] Cluster ID: hHUi-5-6SnyFRAH2goQrJA
2025-07-31 17:04:32,318 INFO  [org.apa.kaf.cli.pro.int.TransactionManager] (kafka-producer-network-thread | Producer-topic-de493d8e_76a9_4c97_a032_4d45d3fd6834) [Producer clientId=Producer-topic-de493d8e_76a9_4c97_a032_4d45d3fd6834] ProducerId set to 16 with epoch 0
2025-07-31 17:04:32,322 INFO  [org.apa.kaf.cli.con.ConsumerConfig] (main) These configurations '[apicurio.registry.url]' were supplied but are not used yet.
2025-07-31 17:04:32,322 INFO  [org.apa.kaf.com.uti.AppInfoParser] (main) Kafka version: 3.9.1
2025-07-31 17:04:32,323 INFO  [org.apa.kaf.com.uti.AppInfoParser] (main) Kafka commitId: f745dfdcee2b9851
2025-07-31 17:04:32,323 INFO  [org.apa.kaf.com.uti.AppInfoParser] (main) Kafka startTimeMs: 1753981472322
**** Registry Base URL: http://registry-app-mysql.apps.ci419.apicurio-testing.org:80
2025-07-31 17:04:32,323 INFO  [org.apa.kaf.cli.con.ConsumerConfig] (main) ConsumerConfig values: 
	allow.auto.create.topics = true
	auto.commit.interval.ms = 500
	auto.include.jmx.reporter = true
	auto.offset.reset = earliest
	bootstrap.servers = [PLAINTEXT://localhost:32770]
	check.crcs = true
	client.dns.lookup = use_all_dns_ips
	client.id = consumer-Consumer-topic-b1c49a6e_d9b4_490c_a876_c5f81969a164-12
	client.rack = 
	connections.max.idle.ms = 10000
	default.api.timeout.ms = 60000
	enable.auto.commit = true
	enable.metrics.push = true
	exclude.internal.topics = true
	fetch.max.bytes = 52428800
	fetch.max.wait.ms = 500
	fetch.min.bytes = 1
	group.id = Consumer-topic-b1c49a6e_d9b4_490c_a876_c5f81969a164
	group.instance.id = null
	group.protocol = classic
	group.remote.assignor = null
	heartbeat.interval.ms = 3000
	interceptor.classes = []
	internal.leave.group.on.close = true
	internal.throw.on.fetch.stable.offset.unsupported = false
	isolation.level = read_uncommitted
	key.deserializer = class org.apache.kafka.common.serialization.StringDeserializer
	max.partition.fetch.bytes = 1048576
	max.poll.interval.ms = 300000
	max.poll.records = 500
	metadata.max.age.ms = 300000
	metadata.recovery.strategy = none
	metric.reporters = []
	metrics.num.samples = 2
	metrics.recording.level = INFO
	metrics.sample.window.ms = 30000
	partition.assignment.strategy = [class org.apache.kafka.clients.consumer.RangeAssignor, class org.apache.kafka.clients.consumer.CooperativeStickyAssignor]
	receive.buffer.bytes = 65536
	reconnect.backoff.max.ms = 1000
	reconnect.backoff.ms = 50
	request.timeout.ms = 5000
	retry.backoff.max.ms = 1000
	retry.backoff.ms = 100
	sasl.client.callback.handler.class = null
	sasl.jaas.config = null
	sasl.kerberos.kinit.cmd = /usr/bin/kinit
	sasl.kerberos.min.time.before.relogin = 60000
	sasl.kerberos.service.name = null
	sasl.kerberos.ticket.renew.jitter = 0.05
	sasl.kerberos.ticket.renew.window.factor = 0.8
	sasl.login.callback.handler.class = null
	sasl.login.class = null
	sasl.login.connect.timeout.ms = null
	sasl.login.read.timeout.ms = null
	sasl.login.refresh.buffer.seconds = 300
	sasl.login.refresh.min.period.seconds = 60
	sasl.login.refresh.window.factor = 0.8
	sasl.login.refresh.window.jitter = 0.05
	sasl.login.retry.backoff.max.ms = 10000
	sasl.login.retry.backoff.ms = 100
	sasl.mechanism = GSSAPI
	sasl.oauthbearer.clock.skew.seconds = 30
	sasl.oauthbearer.expected.audience = null
	sasl.oauthbearer.expected.issuer = null
	sasl.oauthbearer.header.urlencode = false
	sasl.oauthbearer.jwks.endpoint.refresh.ms = 3600000
	sasl.oauthbearer.jwks.endpoint.retry.backoff.max.ms = 10000
	sasl.oauthbearer.jwks.endpoint.retry.backoff.ms = 100
	sasl.oauthbearer.jwks.endpoint.url = null
	sasl.oauthbearer.scope.claim.name = scope
	sasl.oauthbearer.sub.claim.name = sub
	sasl.oauthbearer.token.endpoint.url = null
	security.protocol = PLAINTEXT
	security.providers = null
	send.buffer.bytes = 131072
	session.timeout.ms = 45000
	socket.connection.setup.timeout.max.ms = 30000
	socket.connection.setup.timeout.ms = 10000
	ssl.cipher.suites = null
	ssl.enabled.protocols = [TLSv1.2, TLSv1.3]
	ssl.endpoint.identification.algorithm = https
	ssl.engine.factory.class = null
	ssl.key.password = null
	ssl.keymanager.algorithm = SunX509
	ssl.keystore.certificate.chain = null
	ssl.keystore.key = null
	ssl.keystore.location = null
	ssl.keystore.password = null
	ssl.keystore.type = JKS
	ssl.protocol = TLSv1.3
	ssl.provider = null
	ssl.secure.random.implementation = null
	ssl.trustmanager.algorithm = PKIX
	ssl.truststore.certificates = null
	ssl.truststore.location = null
	ssl.truststore.password = null
	ssl.truststore.type = JKS
	value.deserializer = class io.apicurio.registry.serde.avro.AvroKafkaDeserializer

2025-07-31 17:04:32,323 INFO  [org.apa.kaf.com.tel.int.KafkaMetricsCollector] (main) initializing Kafka metrics collector
2025-07-31 17:04:32,328 INFO  [org.apa.kaf.cli.con.ConsumerConfig] (main) These configurations '[apicurio.registry.url]' were supplied but are not used yet.
2025-07-31 17:04:32,328 INFO  [org.apa.kaf.com.uti.AppInfoParser] (main) Kafka version: 3.9.1
2025-07-31 17:04:32,328 INFO  [org.apa.kaf.com.uti.AppInfoParser] (main) Kafka commitId: f745dfdcee2b9851
2025-07-31 17:04:32,328 INFO  [org.apa.kaf.com.uti.AppInfoParser] (main) Kafka startTimeMs: 1753981472328
**** Registry Base URL: http://registry-app-mysql.apps.ci419.apicurio-testing.org:80
2025-07-31 17:04:32,328 INFO  [org.apa.kaf.cli.con.ConsumerConfig] (main) ConsumerConfig values: 
	allow.auto.create.topics = true
	auto.commit.interval.ms = 500
	auto.include.jmx.reporter = true
	auto.offset.reset = earliest
	bootstrap.servers = [PLAINTEXT://localhost:32770]
	check.crcs = true
	client.dns.lookup = use_all_dns_ips
	client.id = consumer-Consumer-topic-de493d8e_76a9_4c97_a032_4d45d3fd6834-13
	client.rack = 
	connections.max.idle.ms = 10000
	default.api.timeout.ms = 60000
	enable.auto.commit = true
	enable.metrics.push = true
	exclude.internal.topics = true
	fetch.max.bytes = 52428800
	fetch.max.wait.ms = 500
	fetch.min.bytes = 1
	group.id = Consumer-topic-de493d8e_76a9_4c97_a032_4d45d3fd6834
	group.instance.id = null
	group.protocol = classic
	group.remote.assignor = null
	heartbeat.interval.ms = 3000
	interceptor.classes = []
	internal.leave.group.on.close = true
	internal.throw.on.fetch.stable.offset.unsupported = false
	isolation.level = read_uncommitted
	key.deserializer = class org.apache.kafka.common.serialization.StringDeserializer
	max.partition.fetch.bytes = 1048576
	max.poll.interval.ms = 300000
	max.poll.records = 500
	metadata.max.age.ms = 300000
	metadata.recovery.strategy = none
	metric.reporters = []
	metrics.num.samples = 2
	metrics.recording.level = INFO
	metrics.sample.window.ms = 30000
	partition.assignment.strategy = [class org.apache.kafka.clients.consumer.RangeAssignor, class org.apache.kafka.clients.consumer.CooperativeStickyAssignor]
	receive.buffer.bytes = 65536
	reconnect.backoff.max.ms = 1000
	reconnect.backoff.ms = 50
	request.timeout.ms = 5000
	retry.backoff.max.ms = 1000
	retry.backoff.ms = 100
	sasl.client.callback.handler.class = null
	sasl.jaas.config = null
	sasl.kerberos.kinit.cmd = /usr/bin/kinit
	sasl.kerberos.min.time.before.relogin = 60000
	sasl.kerberos.service.name = null
	sasl.kerberos.ticket.renew.jitter = 0.05
	sasl.kerberos.ticket.renew.window.factor = 0.8
	sasl.login.callback.handler.class = null
	sasl.login.class = null
	sasl.login.connect.timeout.ms = null
	sasl.login.read.timeout.ms = null
	sasl.login.refresh.buffer.seconds = 300
	sasl.login.refresh.min.period.seconds = 60
	sasl.login.refresh.window.factor = 0.8
	sasl.login.refresh.window.jitter = 0.05
	sasl.login.retry.backoff.max.ms = 10000
	sasl.login.retry.backoff.ms = 100
	sasl.mechanism = GSSAPI
	sasl.oauthbearer.clock.skew.seconds = 30
	sasl.oauthbearer.expected.audience = null
	sasl.oauthbearer.expected.issuer = null
	sasl.oauthbearer.header.urlencode = false
	sasl.oauthbearer.jwks.endpoint.refresh.ms = 3600000
	sasl.oauthbearer.jwks.endpoint.retry.backoff.max.ms = 10000
	sasl.oauthbearer.jwks.endpoint.retry.backoff.ms = 100
	sasl.oauthbearer.jwks.endpoint.url = null
	sasl.oauthbearer.scope.claim.name = scope
	sasl.oauthbearer.sub.claim.name = sub
	sasl.oauthbearer.token.endpoint.url = null
	security.protocol = PLAINTEXT
	security.providers = null
	send.buffer.bytes = 131072
	session.timeout.ms = 45000
	socket.connection.setup.timeout.max.ms = 30000
	socket.connection.setup.timeout.ms = 10000
	ssl.cipher.suites = null
	ssl.enabled.protocols = [TLSv1.2, TLSv1.3]
	ssl.endpoint.identification.algorithm = https
	ssl.engine.factory.class = null
	ssl.key.password = null
	ssl.keymanager.algorithm = SunX509
	ssl.keystore.certificate.chain = null
	ssl.keystore.key = null
	ssl.keystore.location = null
	ssl.keystore.password = null
	ssl.keystore.type = JKS
	ssl.protocol = TLSv1.3
	ssl.provider = null
	ssl.secure.random.implementation = null
	ssl.trustmanager.algorithm = PKIX
	ssl.truststore.certificates = null
	ssl.truststore.location = null
	ssl.truststore.password = null
	ssl.truststore.type = JKS
	value.deserializer = class io.apicurio.registry.serde.avro.AvroKafkaDeserializer

2025-07-31 17:04:32,329 INFO  [org.apa.kaf.com.tel.int.KafkaMetricsCollector] (main) initializing Kafka metrics collector
2025-07-31 17:04:32,335 INFO  [org.apa.kaf.cli.con.ConsumerConfig] (main) These configurations '[apicurio.registry.url]' were supplied but are not used yet.
2025-07-31 17:04:32,335 INFO  [org.apa.kaf.com.uti.AppInfoParser] (main) Kafka version: 3.9.1
2025-07-31 17:04:32,335 INFO  [org.apa.kaf.com.uti.AppInfoParser] (main) Kafka commitId: f745dfdcee2b9851
2025-07-31 17:04:32,335 INFO  [org.apa.kaf.com.uti.AppInfoParser] (main) Kafka startTimeMs: 1753981472335
2025-07-31 17:04:32,336 INFO  [io.api.tes.ser.api.KafkaSerdesTester] (Thread-676) Sending message {"key11753981471080": "value-0"} to topic topic-cf454a2d_acff_4b1b_bcff_cff34812a1cf
2025-07-31 17:04:32,347 INFO  [DefaultSchemaResolver] (Thread-676) Retrieving schema content using string: {"type":"record","name":"myrecordconfluent","fields":[{"name":"key11753981471080","type":"string"}]}
2025-07-31 17:04:32,508 INFO  [io.api.tes.ser.api.KafkaSerdesTester] (Thread-676) Sending message {"key11753981471080": "value-1"} to topic topic-cf454a2d_acff_4b1b_bcff_cff34812a1cf
2025-07-31 17:04:32,509 INFO  [io.api.tes.ser.api.KafkaSerdesTester] (Thread-676) Sending message {"key11753981471080": "value-2"} to topic topic-cf454a2d_acff_4b1b_bcff_cff34812a1cf
2025-07-31 17:04:32,510 INFO  [io.api.tes.ser.api.KafkaSerdesTester] (Thread-676) Sending message {"key11753981471080": "value-3"} to topic topic-cf454a2d_acff_4b1b_bcff_cff34812a1cf
2025-07-31 17:04:32,511 INFO  [io.api.tes.ser.api.KafkaSerdesTester] (Thread-676) Sending message {"key11753981471080": "value-4"} to topic topic-cf454a2d_acff_4b1b_bcff_cff34812a1cf
2025-07-31 17:04:32,512 INFO  [io.api.tes.ser.api.KafkaSerdesTester] (Thread-676) Sending message {"key11753981471080": "value-5"} to topic topic-cf454a2d_acff_4b1b_bcff_cff34812a1cf
2025-07-31 17:04:32,514 INFO  [io.api.tes.ser.api.KafkaSerdesTester] (Thread-676) Sending message {"key11753981471080": "value-6"} to topic topic-cf454a2d_acff_4b1b_bcff_cff34812a1cf
2025-07-31 17:04:32,515 INFO  [io.api.tes.ser.api.KafkaSerdesTester] (Thread-676) Sending message {"key11753981471080": "value-7"} to topic topic-cf454a2d_acff_4b1b_bcff_cff34812a1cf
2025-07-31 17:04:32,517 INFO  [io.api.tes.ser.api.KafkaSerdesTester] (Thread-676) Sending message {"key11753981471080": "value-8"} to topic topic-cf454a2d_acff_4b1b_bcff_cff34812a1cf
2025-07-31 17:04:32,518 INFO  [io.api.tes.ser.api.KafkaSerdesTester] (Thread-676) Sending message {"key11753981471080": "value-9"} to topic topic-cf454a2d_acff_4b1b_bcff_cff34812a1cf
2025-07-31 17:04:32,520 INFO  [io.api.tes.ser.api.KafkaSerdesTester] (Thread-676) Produced 10 messages
2025-07-31 17:04:32,520 INFO  [org.apa.kaf.cli.pro.KafkaProducer] (Thread-676) [Producer clientId=Producer-topic-cf454a2d_acff_4b1b_bcff_cff34812a1cf] Closing the Kafka producer with timeoutMillis = 9223372036854775807 ms.
2025-07-31 17:04:32,522 INFO  [org.apa.kaf.com.met.Metrics] (Thread-676) Metrics scheduler closed
2025-07-31 17:04:32,522 INFO  [org.apa.kaf.com.met.Metrics] (Thread-676) Closing reporter org.apache.kafka.common.metrics.JmxReporter
2025-07-31 17:04:32,522 INFO  [org.apa.kaf.com.met.Metrics] (Thread-676) Closing reporter org.apache.kafka.common.telemetry.internals.ClientTelemetryReporter
2025-07-31 17:04:32,522 INFO  [org.apa.kaf.com.met.Metrics] (Thread-676) Metrics reporters closed
2025-07-31 17:04:32,522 INFO  [org.apa.kaf.com.uti.AppInfoParser] (Thread-676) App info kafka.producer for Producer-topic-cf454a2d_acff_4b1b_bcff_cff34812a1cf unregistered
2025-07-31 17:04:32,524 INFO  [io.api.tes.ser.api.KafkaSerdesTester] (Thread-677) Sending message {"key11753981471080": "value-0"} to topic topic-b1c49a6e_d9b4_490c_a876_c5f81969a164
2025-07-31 17:04:32,537 INFO  [DefaultSchemaResolver] (Thread-677) Retrieving schema content using string: {"type":"record","name":"myrecordconfluent","fields":[{"name":"key11753981471080","type":"string"}]}
2025-07-31 17:04:32,686 INFO  [io.api.tes.ser.api.KafkaSerdesTester] (Thread-677) Sending message {"key11753981471080": "value-1"} to topic topic-b1c49a6e_d9b4_490c_a876_c5f81969a164
2025-07-31 17:04:32,688 INFO  [io.api.tes.ser.api.KafkaSerdesTester] (Thread-677) Sending message {"key11753981471080": "value-2"} to topic topic-b1c49a6e_d9b4_490c_a876_c5f81969a164
2025-07-31 17:04:32,689 INFO  [io.api.tes.ser.api.KafkaSerdesTester] (Thread-677) Sending message {"key11753981471080": "value-3"} to topic topic-b1c49a6e_d9b4_490c_a876_c5f81969a164
2025-07-31 17:04:32,690 INFO  [io.api.tes.ser.api.KafkaSerdesTester] (Thread-677) Sending message {"key11753981471080": "value-4"} to topic topic-b1c49a6e_d9b4_490c_a876_c5f81969a164
2025-07-31 17:04:32,692 INFO  [io.api.tes.ser.api.KafkaSerdesTester] (Thread-677) Sending message {"key11753981471080": "value-5"} to topic topic-b1c49a6e_d9b4_490c_a876_c5f81969a164
2025-07-31 17:04:32,693 INFO  [io.api.tes.ser.api.KafkaSerdesTester] (Thread-677) Sending message {"key11753981471080": "value-6"} to topic topic-b1c49a6e_d9b4_490c_a876_c5f81969a164
2025-07-31 17:04:32,694 INFO  [io.api.tes.ser.api.KafkaSerdesTester] (Thread-677) Sending message {"key11753981471080": "value-7"} to topic topic-b1c49a6e_d9b4_490c_a876_c5f81969a164
2025-07-31 17:04:32,696 INFO  [io.api.tes.ser.api.KafkaSerdesTester] (Thread-677) Sending message {"key11753981471080": "value-8"} to topic topic-b1c49a6e_d9b4_490c_a876_c5f81969a164
2025-07-31 17:04:32,697 INFO  [io.api.tes.ser.api.KafkaSerdesTester] (Thread-677) Sending message {"key11753981471080": "value-9"} to topic topic-b1c49a6e_d9b4_490c_a876_c5f81969a164
2025-07-31 17:04:32,699 INFO  [io.api.tes.ser.api.KafkaSerdesTester] (Thread-677) Produced 10 messages
2025-07-31 17:04:32,699 INFO  [org.apa.kaf.cli.pro.KafkaProducer] (Thread-677) [Producer clientId=Producer-topic-b1c49a6e_d9b4_490c_a876_c5f81969a164] Closing the Kafka producer with timeoutMillis = 9223372036854775807 ms.
2025-07-31 17:04:32,702 INFO  [org.apa.kaf.com.met.Metrics] (Thread-677) Metrics scheduler closed
2025-07-31 17:04:32,702 INFO  [org.apa.kaf.com.met.Metrics] (Thread-677) Closing reporter org.apache.kafka.common.metrics.JmxReporter
2025-07-31 17:04:32,702 INFO  [org.apa.kaf.com.met.Metrics] (Thread-677) Closing reporter org.apache.kafka.common.telemetry.internals.ClientTelemetryReporter
2025-07-31 17:04:32,702 INFO  [org.apa.kaf.com.met.Metrics] (Thread-677) Metrics reporters closed
2025-07-31 17:04:32,702 INFO  [org.apa.kaf.com.uti.AppInfoParser] (Thread-677) App info kafka.producer for Producer-topic-b1c49a6e_d9b4_490c_a876_c5f81969a164 unregistered
2025-07-31 17:04:32,703 INFO  [io.api.tes.ser.api.KafkaSerdesTester] (Thread-678) Sending message {"key11753981471080": "value-0"} to topic topic-de493d8e_76a9_4c97_a032_4d45d3fd6834
2025-07-31 17:04:32,710 INFO  [DefaultSchemaResolver] (Thread-678) Retrieving schema content using string: {"type":"record","name":"myrecordconfluent","fields":[{"name":"key11753981471080","type":"string"}]}
2025-07-31 17:04:32,871 INFO  [io.api.tes.ser.api.KafkaSerdesTester] (Thread-678) Sending message {"key11753981471080": "value-1"} to topic topic-de493d8e_76a9_4c97_a032_4d45d3fd6834
2025-07-31 17:04:32,874 INFO  [io.api.tes.ser.api.KafkaSerdesTester] (Thread-678) Sending message {"key11753981471080": "value-2"} to topic topic-de493d8e_76a9_4c97_a032_4d45d3fd6834
2025-07-31 17:04:32,876 INFO  [io.api.tes.ser.api.KafkaSerdesTester] (Thread-678) Sending message {"key11753981471080": "value-3"} to topic topic-de493d8e_76a9_4c97_a032_4d45d3fd6834
2025-07-31 17:04:32,878 INFO  [io.api.tes.ser.api.KafkaSerdesTester] (Thread-678) Sending message {"key11753981471080": "value-4"} to topic topic-de493d8e_76a9_4c97_a032_4d45d3fd6834
2025-07-31 17:04:32,880 INFO  [io.api.tes.ser.api.KafkaSerdesTester] (Thread-678) Sending message {"key11753981471080": "value-5"} to topic topic-de493d8e_76a9_4c97_a032_4d45d3fd6834
2025-07-31 17:04:32,881 INFO  [io.api.tes.ser.api.KafkaSerdesTester] (Thread-678) Sending message {"key11753981471080": "value-6"} to topic topic-de493d8e_76a9_4c97_a032_4d45d3fd6834
2025-07-31 17:04:32,883 INFO  [io.api.tes.ser.api.KafkaSerdesTester] (Thread-678) Sending message {"key11753981471080": "value-7"} to topic topic-de493d8e_76a9_4c97_a032_4d45d3fd6834
2025-07-31 17:04:32,884 INFO  [io.api.tes.ser.api.KafkaSerdesTester] (Thread-678) Sending message {"key11753981471080": "value-8"} to topic topic-de493d8e_76a9_4c97_a032_4d45d3fd6834
2025-07-31 17:04:32,885 INFO  [io.api.tes.ser.api.KafkaSerdesTester] (Thread-678) Sending message {"key11753981471080": "value-9"} to topic topic-de493d8e_76a9_4c97_a032_4d45d3fd6834
2025-07-31 17:04:32,887 INFO  [io.api.tes.ser.api.KafkaSerdesTester] (Thread-678) Produced 10 messages
2025-07-31 17:04:32,887 INFO  [org.apa.kaf.cli.pro.KafkaProducer] (Thread-678) [Producer clientId=Producer-topic-de493d8e_76a9_4c97_a032_4d45d3fd6834] Closing the Kafka producer with timeoutMillis = 9223372036854775807 ms.
2025-07-31 17:04:32,888 INFO  [org.apa.kaf.com.met.Metrics] (Thread-678) Metrics scheduler closed
2025-07-31 17:04:32,888 INFO  [org.apa.kaf.com.met.Metrics] (Thread-678) Closing reporter org.apache.kafka.common.metrics.JmxReporter
2025-07-31 17:04:32,888 INFO  [org.apa.kaf.com.met.Metrics] (Thread-678) Closing reporter org.apache.kafka.common.telemetry.internals.ClientTelemetryReporter
2025-07-31 17:04:32,889 INFO  [org.apa.kaf.com.met.Metrics] (Thread-678) Metrics reporters closed
2025-07-31 17:04:32,889 INFO  [org.apa.kaf.com.uti.AppInfoParser] (Thread-678) App info kafka.producer for Producer-topic-de493d8e_76a9_4c97_a032_4d45d3fd6834 unregistered
2025-07-31 17:04:32,891 INFO  [org.apa.kaf.cli.con.int.ClassicKafkaConsumer] (Thread-679) [Consumer clientId=consumer-Consumer-topic-cf454a2d_acff_4b1b_bcff_cff34812a1cf-11, groupId=Consumer-topic-cf454a2d_acff_4b1b_bcff_cff34812a1cf] Subscribed to topic(s): topic-cf454a2d_acff_4b1b_bcff_cff34812a1cf
2025-07-31 17:04:32,902 INFO  [org.apa.kaf.cli.Metadata] (Thread-679) [Consumer clientId=consumer-Consumer-topic-cf454a2d_acff_4b1b_bcff_cff34812a1cf-11, groupId=Consumer-topic-cf454a2d_acff_4b1b_bcff_cff34812a1cf] Cluster ID: hHUi-5-6SnyFRAH2goQrJA
2025-07-31 17:04:32,902 INFO  [org.apa.kaf.cli.con.int.ConsumerCoordinator] (Thread-679) [Consumer clientId=consumer-Consumer-topic-cf454a2d_acff_4b1b_bcff_cff34812a1cf-11, groupId=Consumer-topic-cf454a2d_acff_4b1b_bcff_cff34812a1cf] Discovered group coordinator localhost:32770 (id: 2147483647 rack: null)
2025-07-31 17:04:32,905 INFO  [org.apa.kaf.cli.con.int.ConsumerCoordinator] (Thread-679) [Consumer clientId=consumer-Consumer-topic-cf454a2d_acff_4b1b_bcff_cff34812a1cf-11, groupId=Consumer-topic-cf454a2d_acff_4b1b_bcff_cff34812a1cf] (Re-)joining group
2025-07-31 17:04:32,912 INFO  [org.apa.kaf.cli.con.int.ConsumerCoordinator] (Thread-679) [Consumer clientId=consumer-Consumer-topic-cf454a2d_acff_4b1b_bcff_cff34812a1cf-11, groupId=Consumer-topic-cf454a2d_acff_4b1b_bcff_cff34812a1cf] Request joining group due to: need to re-join with the given member-id: consumer-Consumer-topic-cf454a2d_acff_4b1b_bcff_cff34812a1cf-11-1cddac61-3170-4889-89bf-12d4d55cb925
2025-07-31 17:04:32,912 INFO  [org.apa.kaf.cli.con.int.ConsumerCoordinator] (Thread-679) [Consumer clientId=consumer-Consumer-topic-cf454a2d_acff_4b1b_bcff_cff34812a1cf-11, groupId=Consumer-topic-cf454a2d_acff_4b1b_bcff_cff34812a1cf] (Re-)joining group
2025-07-31 17:04:32,915 INFO  [org.apa.kaf.cli.con.int.ConsumerCoordinator] (Thread-679) [Consumer clientId=consumer-Consumer-topic-cf454a2d_acff_4b1b_bcff_cff34812a1cf-11, groupId=Consumer-topic-cf454a2d_acff_4b1b_bcff_cff34812a1cf] Successfully joined group with generation Generation{generationId=1, memberId='consumer-Consumer-topic-cf454a2d_acff_4b1b_bcff_cff34812a1cf-11-1cddac61-3170-4889-89bf-12d4d55cb925', protocol='range'}
2025-07-31 17:04:32,915 INFO  [org.apa.kaf.cli.con.int.ConsumerCoordinator] (Thread-679) [Consumer clientId=consumer-Consumer-topic-cf454a2d_acff_4b1b_bcff_cff34812a1cf-11, groupId=Consumer-topic-cf454a2d_acff_4b1b_bcff_cff34812a1cf] Finished assignment for group at generation 1: {consumer-Consumer-topic-cf454a2d_acff_4b1b_bcff_cff34812a1cf-11-1cddac61-3170-4889-89bf-12d4d55cb925=Assignment(partitions=[topic-cf454a2d_acff_4b1b_bcff_cff34812a1cf-0])}
2025-07-31 17:04:32,917 INFO  [org.apa.kaf.cli.con.int.ConsumerCoordinator] (Thread-679) [Consumer clientId=consumer-Consumer-topic-cf454a2d_acff_4b1b_bcff_cff34812a1cf-11, groupId=Consumer-topic-cf454a2d_acff_4b1b_bcff_cff34812a1cf] Successfully synced group in generation Generation{generationId=1, memberId='consumer-Consumer-topic-cf454a2d_acff_4b1b_bcff_cff34812a1cf-11-1cddac61-3170-4889-89bf-12d4d55cb925', protocol='range'}
2025-07-31 17:04:32,918 INFO  [org.apa.kaf.cli.con.int.ConsumerCoordinator] (Thread-679) [Consumer clientId=consumer-Consumer-topic-cf454a2d_acff_4b1b_bcff_cff34812a1cf-11, groupId=Consumer-topic-cf454a2d_acff_4b1b_bcff_cff34812a1cf] Notifying assignor about the new Assignment(partitions=[topic-cf454a2d_acff_4b1b_bcff_cff34812a1cf-0])
2025-07-31 17:04:32,918 INFO  [org.apa.kaf.cli.con.int.ConsumerRebalanceListenerInvoker] (Thread-679) [Consumer clientId=consumer-Consumer-topic-cf454a2d_acff_4b1b_bcff_cff34812a1cf-11, groupId=Consumer-topic-cf454a2d_acff_4b1b_bcff_cff34812a1cf] Adding newly assigned partitions: topic-cf454a2d_acff_4b1b_bcff_cff34812a1cf-0
2025-07-31 17:04:32,919 INFO  [org.apa.kaf.cli.con.int.ConsumerCoordinator] (Thread-679) [Consumer clientId=consumer-Consumer-topic-cf454a2d_acff_4b1b_bcff_cff34812a1cf-11, groupId=Consumer-topic-cf454a2d_acff_4b1b_bcff_cff34812a1cf] Found no committed offset for partition topic-cf454a2d_acff_4b1b_bcff_cff34812a1cf-0
2025-07-31 17:04:32,923 INFO  [org.apa.kaf.cli.con.int.SubscriptionState] (Thread-679) [Consumer clientId=consumer-Consumer-topic-cf454a2d_acff_4b1b_bcff_cff34812a1cf-11, groupId=Consumer-topic-cf454a2d_acff_4b1b_bcff_cff34812a1cf] Resetting offset for partition topic-cf454a2d_acff_4b1b_bcff_cff34812a1cf-0 to position FetchPosition{offset=0, offsetEpoch=Optional.empty, currentLeader=LeaderAndEpoch{leader=Optional[localhost:32770 (id: 0 rack: null)], epoch=0}}.
2025-07-31 17:04:33,161 INFO  [io.api.tes.ser.api.KafkaSerdesTester] (Thread-679) topic-cf454a2d_acff_4b1b_bcff_cff34812a1cf 0 0 {"key11753981471080": "value-0"}
2025-07-31 17:04:33,162 INFO  [io.api.tes.ser.api.KafkaSerdesTester] (Thread-679) topic-cf454a2d_acff_4b1b_bcff_cff34812a1cf 0 1 {"key11753981471080": "value-1"}
2025-07-31 17:04:33,162 INFO  [io.api.tes.ser.api.KafkaSerdesTester] (Thread-679) topic-cf454a2d_acff_4b1b_bcff_cff34812a1cf 0 2 {"key11753981471080": "value-2"}
2025-07-31 17:04:33,162 INFO  [io.api.tes.ser.api.KafkaSerdesTester] (Thread-679) topic-cf454a2d_acff_4b1b_bcff_cff34812a1cf 0 3 {"key11753981471080": "value-3"}
2025-07-31 17:04:33,162 INFO  [io.api.tes.ser.api.KafkaSerdesTester] (Thread-679) topic-cf454a2d_acff_4b1b_bcff_cff34812a1cf 0 4 {"key11753981471080": "value-4"}
2025-07-31 17:04:33,162 INFO  [io.api.tes.ser.api.KafkaSerdesTester] (Thread-679) topic-cf454a2d_acff_4b1b_bcff_cff34812a1cf 0 5 {"key11753981471080": "value-5"}
2025-07-31 17:04:33,162 INFO  [io.api.tes.ser.api.KafkaSerdesTester] (Thread-679) topic-cf454a2d_acff_4b1b_bcff_cff34812a1cf 0 6 {"key11753981471080": "value-6"}
2025-07-31 17:04:33,162 INFO  [io.api.tes.ser.api.KafkaSerdesTester] (Thread-679) topic-cf454a2d_acff_4b1b_bcff_cff34812a1cf 0 7 {"key11753981471080": "value-7"}
2025-07-31 17:04:33,162 INFO  [io.api.tes.ser.api.KafkaSerdesTester] (Thread-679) topic-cf454a2d_acff_4b1b_bcff_cff34812a1cf 0 8 {"key11753981471080": "value-8"}
2025-07-31 17:04:33,162 INFO  [io.api.tes.ser.api.KafkaSerdesTester] (Thread-679) topic-cf454a2d_acff_4b1b_bcff_cff34812a1cf 0 9 {"key11753981471080": "value-9"}
2025-07-31 17:04:33,162 INFO  [io.api.tes.ser.api.KafkaSerdesTester] (Thread-679) Consumed 10 messages
2025-07-31 17:04:33,165 INFO  [org.apa.kaf.cli.con.int.ConsumerRebalanceListenerInvoker] (Thread-679) [Consumer clientId=consumer-Consumer-topic-cf454a2d_acff_4b1b_bcff_cff34812a1cf-11, groupId=Consumer-topic-cf454a2d_acff_4b1b_bcff_cff34812a1cf] Revoke previously assigned partitions topic-cf454a2d_acff_4b1b_bcff_cff34812a1cf-0
2025-07-31 17:04:33,165 INFO  [org.apa.kaf.cli.con.int.ConsumerCoordinator] (Thread-679) [Consumer clientId=consumer-Consumer-topic-cf454a2d_acff_4b1b_bcff_cff34812a1cf-11, groupId=Consumer-topic-cf454a2d_acff_4b1b_bcff_cff34812a1cf] Member consumer-Consumer-topic-cf454a2d_acff_4b1b_bcff_cff34812a1cf-11-1cddac61-3170-4889-89bf-12d4d55cb925 sending LeaveGroup request to coordinator localhost:32770 (id: 2147483647 rack: null) due to the consumer is being closed
2025-07-31 17:04:33,166 INFO  [org.apa.kaf.cli.con.int.ConsumerCoordinator] (Thread-679) [Consumer clientId=consumer-Consumer-topic-cf454a2d_acff_4b1b_bcff_cff34812a1cf-11, groupId=Consumer-topic-cf454a2d_acff_4b1b_bcff_cff34812a1cf] Resetting generation and member id due to: consumer pro-actively leaving the group
2025-07-31 17:04:33,166 INFO  [org.apa.kaf.cli.con.int.ConsumerCoordinator] (Thread-679) [Consumer clientId=consumer-Consumer-topic-cf454a2d_acff_4b1b_bcff_cff34812a1cf-11, groupId=Consumer-topic-cf454a2d_acff_4b1b_bcff_cff34812a1cf] Request joining group due to: consumer pro-actively leaving the group
2025-07-31 17:04:33,665 INFO  [org.apa.kaf.com.met.Metrics] (Thread-679) Metrics scheduler closed
2025-07-31 17:04:33,665 INFO  [org.apa.kaf.com.met.Metrics] (Thread-679) Closing reporter org.apache.kafka.common.metrics.JmxReporter
2025-07-31 17:04:33,665 INFO  [org.apa.kaf.com.met.Metrics] (Thread-679) Closing reporter org.apache.kafka.common.telemetry.internals.ClientTelemetryReporter
2025-07-31 17:04:33,665 INFO  [org.apa.kaf.com.met.Metrics] (Thread-679) Metrics reporters closed
2025-07-31 17:04:33,667 INFO  [org.apa.kaf.com.uti.AppInfoParser] (Thread-679) App info kafka.consumer for consumer-Consumer-topic-cf454a2d_acff_4b1b_bcff_cff34812a1cf-11 unregistered
2025-07-31 17:04:33,670 INFO  [org.apa.kaf.cli.con.int.ClassicKafkaConsumer] (Thread-680) [Consumer clientId=consumer-Consumer-topic-b1c49a6e_d9b4_490c_a876_c5f81969a164-12, groupId=Consumer-topic-b1c49a6e_d9b4_490c_a876_c5f81969a164] Subscribed to topic(s): topic-b1c49a6e_d9b4_490c_a876_c5f81969a164
2025-07-31 17:04:33,678 INFO  [org.apa.kaf.cli.Metadata] (Thread-680) [Consumer clientId=consumer-Consumer-topic-b1c49a6e_d9b4_490c_a876_c5f81969a164-12, groupId=Consumer-topic-b1c49a6e_d9b4_490c_a876_c5f81969a164] Cluster ID: hHUi-5-6SnyFRAH2goQrJA
2025-07-31 17:04:33,680 INFO  [org.apa.kaf.cli.con.int.ConsumerCoordinator] (Thread-680) [Consumer clientId=consumer-Consumer-topic-b1c49a6e_d9b4_490c_a876_c5f81969a164-12, groupId=Consumer-topic-b1c49a6e_d9b4_490c_a876_c5f81969a164] Discovered group coordinator localhost:32770 (id: 2147483647 rack: null)
2025-07-31 17:04:33,684 INFO  [org.apa.kaf.cli.con.int.ConsumerCoordinator] (Thread-680) [Consumer clientId=consumer-Consumer-topic-b1c49a6e_d9b4_490c_a876_c5f81969a164-12, groupId=Consumer-topic-b1c49a6e_d9b4_490c_a876_c5f81969a164] (Re-)joining group
2025-07-31 17:04:33,689 INFO  [org.apa.kaf.cli.con.int.ConsumerCoordinator] (Thread-680) [Consumer clientId=consumer-Consumer-topic-b1c49a6e_d9b4_490c_a876_c5f81969a164-12, groupId=Consumer-topic-b1c49a6e_d9b4_490c_a876_c5f81969a164] Request joining group due to: need to re-join with the given member-id: consumer-Consumer-topic-b1c49a6e_d9b4_490c_a876_c5f81969a164-12-37536bbe-f957-493a-b17c-e68da373bc7e
2025-07-31 17:04:33,689 INFO  [org.apa.kaf.cli.con.int.ConsumerCoordinator] (Thread-680) [Consumer clientId=consumer-Consumer-topic-b1c49a6e_d9b4_490c_a876_c5f81969a164-12, groupId=Consumer-topic-b1c49a6e_d9b4_490c_a876_c5f81969a164] (Re-)joining group
2025-07-31 17:04:33,696 INFO  [org.apa.kaf.cli.con.int.ConsumerCoordinator] (Thread-680) [Consumer clientId=consumer-Consumer-topic-b1c49a6e_d9b4_490c_a876_c5f81969a164-12, groupId=Consumer-topic-b1c49a6e_d9b4_490c_a876_c5f81969a164] Successfully joined group with generation Generation{generationId=1, memberId='consumer-Consumer-topic-b1c49a6e_d9b4_490c_a876_c5f81969a164-12-37536bbe-f957-493a-b17c-e68da373bc7e', protocol='range'}
2025-07-31 17:04:33,697 INFO  [org.apa.kaf.cli.con.int.ConsumerCoordinator] (Thread-680) [Consumer clientId=consumer-Consumer-topic-b1c49a6e_d9b4_490c_a876_c5f81969a164-12, groupId=Consumer-topic-b1c49a6e_d9b4_490c_a876_c5f81969a164] Finished assignment for group at generation 1: {consumer-Consumer-topic-b1c49a6e_d9b4_490c_a876_c5f81969a164-12-37536bbe-f957-493a-b17c-e68da373bc7e=Assignment(partitions=[topic-b1c49a6e_d9b4_490c_a876_c5f81969a164-0])}
2025-07-31 17:04:33,701 INFO  [org.apa.kaf.cli.con.int.ConsumerCoordinator] (Thread-680) [Consumer clientId=consumer-Consumer-topic-b1c49a6e_d9b4_490c_a876_c5f81969a164-12, groupId=Consumer-topic-b1c49a6e_d9b4_490c_a876_c5f81969a164] Successfully synced group in generation Generation{generationId=1, memberId='consumer-Consumer-topic-b1c49a6e_d9b4_490c_a876_c5f81969a164-12-37536bbe-f957-493a-b17c-e68da373bc7e', protocol='range'}
2025-07-31 17:04:33,701 INFO  [org.apa.kaf.cli.con.int.ConsumerCoordinator] (Thread-680) [Consumer clientId=consumer-Consumer-topic-b1c49a6e_d9b4_490c_a876_c5f81969a164-12, groupId=Consumer-topic-b1c49a6e_d9b4_490c_a876_c5f81969a164] Notifying assignor about the new Assignment(partitions=[topic-b1c49a6e_d9b4_490c_a876_c5f81969a164-0])
2025-07-31 17:04:33,701 INFO  [org.apa.kaf.cli.con.int.ConsumerRebalanceListenerInvoker] (Thread-680) [Consumer clientId=consumer-Consumer-topic-b1c49a6e_d9b4_490c_a876_c5f81969a164-12, groupId=Consumer-topic-b1c49a6e_d9b4_490c_a876_c5f81969a164] Adding newly assigned partitions: topic-b1c49a6e_d9b4_490c_a876_c5f81969a164-0
2025-07-31 17:04:33,704 INFO  [org.apa.kaf.cli.con.int.ConsumerCoordinator] (Thread-680) [Consumer clientId=consumer-Consumer-topic-b1c49a6e_d9b4_490c_a876_c5f81969a164-12, groupId=Consumer-topic-b1c49a6e_d9b4_490c_a876_c5f81969a164] Found no committed offset for partition topic-b1c49a6e_d9b4_490c_a876_c5f81969a164-0
2025-07-31 17:04:33,710 INFO  [org.apa.kaf.cli.con.int.SubscriptionState] (Thread-680) [Consumer clientId=consumer-Consumer-topic-b1c49a6e_d9b4_490c_a876_c5f81969a164-12, groupId=Consumer-topic-b1c49a6e_d9b4_490c_a876_c5f81969a164] Resetting offset for partition topic-b1c49a6e_d9b4_490c_a876_c5f81969a164-0 to position FetchPosition{offset=0, offsetEpoch=Optional.empty, currentLeader=LeaderAndEpoch{leader=Optional[localhost:32770 (id: 0 rack: null)], epoch=0}}.
2025-07-31 17:04:33,948 INFO  [io.api.tes.ser.api.KafkaSerdesTester] (Thread-680) topic-b1c49a6e_d9b4_490c_a876_c5f81969a164 0 0 {"key11753981471080": "value-0"}
2025-07-31 17:04:33,949 INFO  [io.api.tes.ser.api.KafkaSerdesTester] (Thread-680) topic-b1c49a6e_d9b4_490c_a876_c5f81969a164 0 1 {"key11753981471080": "value-1"}
2025-07-31 17:04:33,949 INFO  [io.api.tes.ser.api.KafkaSerdesTester] (Thread-680) topic-b1c49a6e_d9b4_490c_a876_c5f81969a164 0 2 {"key11753981471080": "value-2"}
2025-07-31 17:04:33,949 INFO  [io.api.tes.ser.api.KafkaSerdesTester] (Thread-680) topic-b1c49a6e_d9b4_490c_a876_c5f81969a164 0 3 {"key11753981471080": "value-3"}
2025-07-31 17:04:33,949 INFO  [io.api.tes.ser.api.KafkaSerdesTester] (Thread-680) topic-b1c49a6e_d9b4_490c_a876_c5f81969a164 0 4 {"key11753981471080": "value-4"}
2025-07-31 17:04:33,949 INFO  [io.api.tes.ser.api.KafkaSerdesTester] (Thread-680) topic-b1c49a6e_d9b4_490c_a876_c5f81969a164 0 5 {"key11753981471080": "value-5"}
2025-07-31 17:04:33,949 INFO  [io.api.tes.ser.api.KafkaSerdesTester] (Thread-680) topic-b1c49a6e_d9b4_490c_a876_c5f81969a164 0 6 {"key11753981471080": "value-6"}
2025-07-31 17:04:33,949 INFO  [io.api.tes.ser.api.KafkaSerdesTester] (Thread-680) topic-b1c49a6e_d9b4_490c_a876_c5f81969a164 0 7 {"key11753981471080": "value-7"}
2025-07-31 17:04:33,949 INFO  [io.api.tes.ser.api.KafkaSerdesTester] (Thread-680) topic-b1c49a6e_d9b4_490c_a876_c5f81969a164 0 8 {"key11753981471080": "value-8"}
2025-07-31 17:04:33,949 INFO  [io.api.tes.ser.api.KafkaSerdesTester] (Thread-680) topic-b1c49a6e_d9b4_490c_a876_c5f81969a164 0 9 {"key11753981471080": "value-9"}
2025-07-31 17:04:33,949 INFO  [io.api.tes.ser.api.KafkaSerdesTester] (Thread-680) Consumed 10 messages
2025-07-31 17:04:33,951 INFO  [org.apa.kaf.cli.con.int.ConsumerRebalanceListenerInvoker] (Thread-680) [Consumer clientId=consumer-Consumer-topic-b1c49a6e_d9b4_490c_a876_c5f81969a164-12, groupId=Consumer-topic-b1c49a6e_d9b4_490c_a876_c5f81969a164] Revoke previously assigned partitions topic-b1c49a6e_d9b4_490c_a876_c5f81969a164-0
2025-07-31 17:04:33,951 INFO  [org.apa.kaf.cli.con.int.ConsumerCoordinator] (Thread-680) [Consumer clientId=consumer-Consumer-topic-b1c49a6e_d9b4_490c_a876_c5f81969a164-12, groupId=Consumer-topic-b1c49a6e_d9b4_490c_a876_c5f81969a164] Member consumer-Consumer-topic-b1c49a6e_d9b4_490c_a876_c5f81969a164-12-37536bbe-f957-493a-b17c-e68da373bc7e sending LeaveGroup request to coordinator localhost:32770 (id: 2147483647 rack: null) due to the consumer is being closed
2025-07-31 17:04:33,951 INFO  [org.apa.kaf.cli.con.int.ConsumerCoordinator] (Thread-680) [Consumer clientId=consumer-Consumer-topic-b1c49a6e_d9b4_490c_a876_c5f81969a164-12, groupId=Consumer-topic-b1c49a6e_d9b4_490c_a876_c5f81969a164] Resetting generation and member id due to: consumer pro-actively leaving the group
2025-07-31 17:04:33,951 INFO  [org.apa.kaf.cli.con.int.ConsumerCoordinator] (Thread-680) [Consumer clientId=consumer-Consumer-topic-b1c49a6e_d9b4_490c_a876_c5f81969a164-12, groupId=Consumer-topic-b1c49a6e_d9b4_490c_a876_c5f81969a164] Request joining group due to: consumer pro-actively leaving the group
2025-07-31 17:04:34,451 INFO  [org.apa.kaf.com.met.Metrics] (Thread-680) Metrics scheduler closed
2025-07-31 17:04:34,451 INFO  [org.apa.kaf.com.met.Metrics] (Thread-680) Closing reporter org.apache.kafka.common.metrics.JmxReporter
2025-07-31 17:04:34,451 INFO  [org.apa.kaf.com.met.Metrics] (Thread-680) Closing reporter org.apache.kafka.common.telemetry.internals.ClientTelemetryReporter
2025-07-31 17:04:34,451 INFO  [org.apa.kaf.com.met.Metrics] (Thread-680) Metrics reporters closed
2025-07-31 17:04:34,454 INFO  [org.apa.kaf.com.uti.AppInfoParser] (Thread-680) App info kafka.consumer for consumer-Consumer-topic-b1c49a6e_d9b4_490c_a876_c5f81969a164-12 unregistered
2025-07-31 17:04:34,455 INFO  [org.apa.kaf.cli.con.int.ClassicKafkaConsumer] (Thread-681) [Consumer clientId=consumer-Consumer-topic-de493d8e_76a9_4c97_a032_4d45d3fd6834-13, groupId=Consumer-topic-de493d8e_76a9_4c97_a032_4d45d3fd6834] Subscribed to topic(s): topic-de493d8e_76a9_4c97_a032_4d45d3fd6834
2025-07-31 17:04:34,460 INFO  [org.apa.kaf.cli.Metadata] (Thread-681) [Consumer clientId=consumer-Consumer-topic-de493d8e_76a9_4c97_a032_4d45d3fd6834-13, groupId=Consumer-topic-de493d8e_76a9_4c97_a032_4d45d3fd6834] Cluster ID: hHUi-5-6SnyFRAH2goQrJA
2025-07-31 17:04:34,460 INFO  [org.apa.kaf.cli.con.int.ConsumerCoordinator] (Thread-681) [Consumer clientId=consumer-Consumer-topic-de493d8e_76a9_4c97_a032_4d45d3fd6834-13, groupId=Consumer-topic-de493d8e_76a9_4c97_a032_4d45d3fd6834] Discovered group coordinator localhost:32770 (id: 2147483647 rack: null)
2025-07-31 17:04:34,461 INFO  [org.apa.kaf.cli.con.int.ConsumerCoordinator] (Thread-681) [Consumer clientId=consumer-Consumer-topic-de493d8e_76a9_4c97_a032_4d45d3fd6834-13, groupId=Consumer-topic-de493d8e_76a9_4c97_a032_4d45d3fd6834] (Re-)joining group
2025-07-31 17:04:34,463 INFO  [org.apa.kaf.cli.con.int.ConsumerCoordinator] (Thread-681) [Consumer clientId=consumer-Consumer-topic-de493d8e_76a9_4c97_a032_4d45d3fd6834-13, groupId=Consumer-topic-de493d8e_76a9_4c97_a032_4d45d3fd6834] Request joining group due to: need to re-join with the given member-id: consumer-Consumer-topic-de493d8e_76a9_4c97_a032_4d45d3fd6834-13-1d7bb50b-d30b-48dc-a3cb-26ed7be8c52e
2025-07-31 17:04:34,463 INFO  [org.apa.kaf.cli.con.int.ConsumerCoordinator] (Thread-681) [Consumer clientId=consumer-Consumer-topic-de493d8e_76a9_4c97_a032_4d45d3fd6834-13, groupId=Consumer-topic-de493d8e_76a9_4c97_a032_4d45d3fd6834] (Re-)joining group
2025-07-31 17:04:34,465 INFO  [org.apa.kaf.cli.con.int.ConsumerCoordinator] (Thread-681) [Consumer clientId=consumer-Consumer-topic-de493d8e_76a9_4c97_a032_4d45d3fd6834-13, groupId=Consumer-topic-de493d8e_76a9_4c97_a032_4d45d3fd6834] Successfully joined group with generation Generation{generationId=1, memberId='consumer-Consumer-topic-de493d8e_76a9_4c97_a032_4d45d3fd6834-13-1d7bb50b-d30b-48dc-a3cb-26ed7be8c52e', protocol='range'}
2025-07-31 17:04:34,465 INFO  [org.apa.kaf.cli.con.int.ConsumerCoordinator] (Thread-681) [Consumer clientId=consumer-Consumer-topic-de493d8e_76a9_4c97_a032_4d45d3fd6834-13, groupId=Consumer-topic-de493d8e_76a9_4c97_a032_4d45d3fd6834] Finished assignment for group at generation 1: {consumer-Consumer-topic-de493d8e_76a9_4c97_a032_4d45d3fd6834-13-1d7bb50b-d30b-48dc-a3cb-26ed7be8c52e=Assignment(partitions=[topic-de493d8e_76a9_4c97_a032_4d45d3fd6834-0])}
2025-07-31 17:04:34,467 INFO  [org.apa.kaf.cli.con.int.ConsumerCoordinator] (Thread-681) [Consumer clientId=consumer-Consumer-topic-de493d8e_76a9_4c97_a032_4d45d3fd6834-13, groupId=Consumer-topic-de493d8e_76a9_4c97_a032_4d45d3fd6834] Successfully synced group in generation Generation{generationId=1, memberId='consumer-Consumer-topic-de493d8e_76a9_4c97_a032_4d45d3fd6834-13-1d7bb50b-d30b-48dc-a3cb-26ed7be8c52e', protocol='range'}
2025-07-31 17:04:34,467 INFO  [org.apa.kaf.cli.con.int.ConsumerCoordinator] (Thread-681) [Consumer clientId=consumer-Consumer-topic-de493d8e_76a9_4c97_a032_4d45d3fd6834-13, groupId=Consumer-topic-de493d8e_76a9_4c97_a032_4d45d3fd6834] Notifying assignor about the new Assignment(partitions=[topic-de493d8e_76a9_4c97_a032_4d45d3fd6834-0])
2025-07-31 17:04:34,467 INFO  [org.apa.kaf.cli.con.int.ConsumerRebalanceListenerInvoker] (Thread-681) [Consumer clientId=consumer-Consumer-topic-de493d8e_76a9_4c97_a032_4d45d3fd6834-13, groupId=Consumer-topic-de493d8e_76a9_4c97_a032_4d45d3fd6834] Adding newly assigned partitions: topic-de493d8e_76a9_4c97_a032_4d45d3fd6834-0
2025-07-31 17:04:34,469 INFO  [org.apa.kaf.cli.con.int.ConsumerCoordinator] (Thread-681) [Consumer clientId=consumer-Consumer-topic-de493d8e_76a9_4c97_a032_4d45d3fd6834-13, groupId=Consumer-topic-de493d8e_76a9_4c97_a032_4d45d3fd6834] Found no committed offset for partition topic-de493d8e_76a9_4c97_a032_4d45d3fd6834-0
2025-07-31 17:04:34,471 INFO  [org.apa.kaf.cli.con.int.SubscriptionState] (Thread-681) [Consumer clientId=consumer-Consumer-topic-de493d8e_76a9_4c97_a032_4d45d3fd6834-13, groupId=Consumer-topic-de493d8e_76a9_4c97_a032_4d45d3fd6834] Resetting offset for partition topic-de493d8e_76a9_4c97_a032_4d45d3fd6834-0 to position FetchPosition{offset=0, offsetEpoch=Optional.empty, currentLeader=LeaderAndEpoch{leader=Optional[localhost:32770 (id: 0 rack: null)], epoch=0}}.
2025-07-31 17:04:34,711 INFO  [io.api.tes.ser.api.KafkaSerdesTester] (Thread-681) topic-de493d8e_76a9_4c97_a032_4d45d3fd6834 0 0 {"key11753981471080": "value-0"}
2025-07-31 17:04:34,711 INFO  [io.api.tes.ser.api.KafkaSerdesTester] (Thread-681) topic-de493d8e_76a9_4c97_a032_4d45d3fd6834 0 1 {"key11753981471080": "value-1"}
2025-07-31 17:04:34,711 INFO  [io.api.tes.ser.api.KafkaSerdesTester] (Thread-681) topic-de493d8e_76a9_4c97_a032_4d45d3fd6834 0 2 {"key11753981471080": "value-2"}
2025-07-31 17:04:34,711 INFO  [io.api.tes.ser.api.KafkaSerdesTester] (Thread-681) topic-de493d8e_76a9_4c97_a032_4d45d3fd6834 0 3 {"key11753981471080": "value-3"}
2025-07-31 17:04:34,711 INFO  [io.api.tes.ser.api.KafkaSerdesTester] (Thread-681) topic-de493d8e_76a9_4c97_a032_4d45d3fd6834 0 4 {"key11753981471080": "value-4"}
2025-07-31 17:04:34,711 INFO  [io.api.tes.ser.api.KafkaSerdesTester] (Thread-681) topic-de493d8e_76a9_4c97_a032_4d45d3fd6834 0 5 {"key11753981471080": "value-5"}
2025-07-31 17:04:34,712 INFO  [io.api.tes.ser.api.KafkaSerdesTester] (Thread-681) topic-de493d8e_76a9_4c97_a032_4d45d3fd6834 0 6 {"key11753981471080": "value-6"}
2025-07-31 17:04:34,712 INFO  [io.api.tes.ser.api.KafkaSerdesTester] (Thread-681) topic-de493d8e_76a9_4c97_a032_4d45d3fd6834 0 7 {"key11753981471080": "value-7"}
2025-07-31 17:04:34,712 INFO  [io.api.tes.ser.api.KafkaSerdesTester] (Thread-681) topic-de493d8e_76a9_4c97_a032_4d45d3fd6834 0 8 {"key11753981471080": "value-8"}
2025-07-31 17:04:34,712 INFO  [io.api.tes.ser.api.KafkaSerdesTester] (Thread-681) topic-de493d8e_76a9_4c97_a032_4d45d3fd6834 0 9 {"key11753981471080": "value-9"}
2025-07-31 17:04:34,712 INFO  [io.api.tes.ser.api.KafkaSerdesTester] (Thread-681) Consumed 10 messages
2025-07-31 17:04:34,715 INFO  [org.apa.kaf.cli.con.int.ConsumerRebalanceListenerInvoker] (Thread-681) [Consumer clientId=consumer-Consumer-topic-de493d8e_76a9_4c97_a032_4d45d3fd6834-13, groupId=Consumer-topic-de493d8e_76a9_4c97_a032_4d45d3fd6834] Revoke previously assigned partitions topic-de493d8e_76a9_4c97_a032_4d45d3fd6834-0
2025-07-31 17:04:34,715 INFO  [org.apa.kaf.cli.con.int.ConsumerCoordinator] (Thread-681) [Consumer clientId=consumer-Consumer-topic-de493d8e_76a9_4c97_a032_4d45d3fd6834-13, groupId=Consumer-topic-de493d8e_76a9_4c97_a032_4d45d3fd6834] Member consumer-Consumer-topic-de493d8e_76a9_4c97_a032_4d45d3fd6834-13-1d7bb50b-d30b-48dc-a3cb-26ed7be8c52e sending LeaveGroup request to coordinator localhost:32770 (id: 2147483647 rack: null) due to the consumer is being closed
2025-07-31 17:04:34,716 INFO  [org.apa.kaf.cli.con.int.ConsumerCoordinator] (Thread-681) [Consumer clientId=consumer-Consumer-topic-de493d8e_76a9_4c97_a032_4d45d3fd6834-13, groupId=Consumer-topic-de493d8e_76a9_4c97_a032_4d45d3fd6834] Resetting generation and member id due to: consumer pro-actively leaving the group
2025-07-31 17:04:34,716 INFO  [org.apa.kaf.cli.con.int.ConsumerCoordinator] (Thread-681) [Consumer clientId=consumer-Consumer-topic-de493d8e_76a9_4c97_a032_4d45d3fd6834-13, groupId=Consumer-topic-de493d8e_76a9_4c97_a032_4d45d3fd6834] Request joining group due to: consumer pro-actively leaving the group
2025-07-31 17:04:35,216 INFO  [org.apa.kaf.com.met.Metrics] (Thread-681) Metrics scheduler closed
2025-07-31 17:04:35,216 INFO  [org.apa.kaf.com.met.Metrics] (Thread-681) Closing reporter org.apache.kafka.common.metrics.JmxReporter
2025-07-31 17:04:35,216 INFO  [org.apa.kaf.com.met.Metrics] (Thread-681) Closing reporter org.apache.kafka.common.telemetry.internals.ClientTelemetryReporter
2025-07-31 17:04:35,216 INFO  [org.apa.kaf.com.met.Metrics] (Thread-681) Metrics reporters closed
2025-07-31 17:04:35,218 INFO  [org.apa.kaf.com.uti.AppInfoParser] (Thread-681) App info kafka.consumer for consumer-Consumer-topic-de493d8e_76a9_4c97_a032_4d45d3fd6834-13 unregistered
2025-07-31 17:04:35,219 INFO  [io.api.tes.uti.TestSeparator] (main) io.apicurio.tests.serdes.apicurio.AvroSerdeIT.testAvroConfluentForMultipleTopics-FINISHED
2025-07-31 17:04:35,219 INFO  [io.api.tes.uti.TestSeparator] (main) ############################################################################
Test passed: testAvroConfluentForMultipleTopics
]]></system-out>
  </testcase>
  <testcase name="testFirstRequestFailsRateLimited" classname="io.apicurio.tests.serdes.apicurio.AvroSerdeIT" time="1.094">
    <system-out><![CDATA[2025-07-31 17:04:35,221 INFO  [io.api.tes.uti.TestSeparator] (main) ############################################################################
2025-07-31 17:04:35,221 INFO  [io.api.tes.uti.TestSeparator] (main) io.apicurio.tests.serdes.apicurio.AvroSerdeIT.testFirstRequestFailsRateLimited-STARTED
2025-07-31 17:04:35,822 WARN  [org.ecl.jet.ser.AbstractConnector] (main) Acceptors should be <= availableProcessors: NetworkTrafficServerConnector@3a848bb1{HTTP/1.1, (http/1.1, h2c)}{0.0.0.0:0} 
2025-07-31 17:04:35,935 INFO  [org.ecl.jet.ser.Server] (main) jetty-11.0.15; built: 2023-04-11T18:37:53.775Z; git: 5bc5e562c8d05c5862505aebe5cf83a61bdbcb96; jvm 17.0.16+8
2025-07-31 17:04:35,958 INFO  [org.ecl.jet.ser.han.ContextHandler] (main) Started o.e.j.s.ServletContextHandler@21ffedc7{/__admin,null,AVAILABLE}
2025-07-31 17:04:35,965 INFO  [org.ecl.jet.ser.han.Con.ROOT] (main) RequestHandlerClass from context returned com.github.tomakehurst.wiremock.http.StubRequestHandler. Normalized mapped under returned 'null'
2025-07-31 17:04:35,965 INFO  [org.ecl.jet.ser.han.ContextHandler] (main) Started o.e.j.s.ServletContextHandler@66041d36{/,null,AVAILABLE}
2025-07-31 17:04:35,972 INFO  [org.ecl.jet.ser.AbstractConnector] (main) Started NetworkTrafficServerConnector@3a848bb1{HTTP/1.1, (http/1.1, h2c)}{0.0.0.0:38743}
2025-07-31 17:04:35,974 INFO  [org.ecl.jet.ser.Server] (main) Started Server@6e48c5b2{STARTING}[11.0.15,sto=1000] @66033ms
**** Registry Base URL: http://registry-app-mysql.apps.ci419.apicurio-testing.org:80
2025-07-31 17:04:35,982 INFO  [org.apa.kaf.cli.pro.ProducerConfig] (main) ProducerConfig values: 
	acks = -1
	auto.include.jmx.reporter = true
	batch.size = 16384
	bootstrap.servers = [PLAINTEXT://localhost:32770]
	buffer.memory = 33554432
	client.dns.lookup = use_all_dns_ips
	client.id = Producer-topic-e53fa019_8091_433a_b908_7fff03da7cc1
	compression.gzip.level = -1
	compression.lz4.level = 9
	compression.type = none
	compression.zstd.level = 3
	connections.max.idle.ms = 10000
	delivery.timeout.ms = 120000
	enable.idempotence = true
	enable.metrics.push = true
	interceptor.classes = []
	key.serializer = class org.apache.kafka.common.serialization.StringSerializer
	linger.ms = 0
	max.block.ms = 60000
	max.in.flight.requests.per.connection = 5
	max.request.size = 1048576
	metadata.max.age.ms = 300000
	metadata.max.idle.ms = 300000
	metadata.recovery.strategy = none
	metric.reporters = []
	metrics.num.samples = 2
	metrics.recording.level = INFO
	metrics.sample.window.ms = 30000
	partitioner.adaptive.partitioning.enable = true
	partitioner.availability.timeout.ms = 0
	partitioner.class = null
	partitioner.ignore.keys = false
	receive.buffer.bytes = 32768
	reconnect.backoff.max.ms = 1000
	reconnect.backoff.ms = 50
	request.timeout.ms = 5000
	retries = 2147483647
	retry.backoff.max.ms = 1000
	retry.backoff.ms = 100
	sasl.client.callback.handler.class = null
	sasl.jaas.config = null
	sasl.kerberos.kinit.cmd = /usr/bin/kinit
	sasl.kerberos.min.time.before.relogin = 60000
	sasl.kerberos.service.name = null
	sasl.kerberos.ticket.renew.jitter = 0.05
	sasl.kerberos.ticket.renew.window.factor = 0.8
	sasl.login.callback.handler.class = null
	sasl.login.class = null
	sasl.login.connect.timeout.ms = null
	sasl.login.read.timeout.ms = null
	sasl.login.refresh.buffer.seconds = 300
	sasl.login.refresh.min.period.seconds = 60
	sasl.login.refresh.window.factor = 0.8
	sasl.login.refresh.window.jitter = 0.05
	sasl.login.retry.backoff.max.ms = 10000
	sasl.login.retry.backoff.ms = 100
	sasl.mechanism = GSSAPI
	sasl.oauthbearer.clock.skew.seconds = 30
	sasl.oauthbearer.expected.audience = null
	sasl.oauthbearer.expected.issuer = null
	sasl.oauthbearer.header.urlencode = false
	sasl.oauthbearer.jwks.endpoint.refresh.ms = 3600000
	sasl.oauthbearer.jwks.endpoint.retry.backoff.max.ms = 10000
	sasl.oauthbearer.jwks.endpoint.retry.backoff.ms = 100
	sasl.oauthbearer.jwks.endpoint.url = null
	sasl.oauthbearer.scope.claim.name = scope
	sasl.oauthbearer.sub.claim.name = sub
	sasl.oauthbearer.token.endpoint.url = null
	security.protocol = PLAINTEXT
	security.providers = null
	send.buffer.bytes = 131072
	socket.connection.setup.timeout.max.ms = 30000
	socket.connection.setup.timeout.ms = 10000
	ssl.cipher.suites = null
	ssl.enabled.protocols = [TLSv1.2, TLSv1.3]
	ssl.endpoint.identification.algorithm = https
	ssl.engine.factory.class = null
	ssl.key.password = null
	ssl.keymanager.algorithm = SunX509
	ssl.keystore.certificate.chain = null
	ssl.keystore.key = null
	ssl.keystore.location = null
	ssl.keystore.password = null
	ssl.keystore.type = JKS
	ssl.protocol = TLSv1.3
	ssl.provider = null
	ssl.secure.random.implementation = null
	ssl.trustmanager.algorithm = PKIX
	ssl.truststore.certificates = null
	ssl.truststore.location = null
	ssl.truststore.password = null
	ssl.truststore.type = JKS
	transaction.timeout.ms = 60000
	transactional.id = null
	value.serializer = class io.apicurio.registry.serde.avro.AvroKafkaSerializer

2025-07-31 17:04:35,983 INFO  [org.apa.kaf.com.tel.int.KafkaMetricsCollector] (main) initializing Kafka metrics collector
2025-07-31 17:04:35,999 INFO  [org.apa.kaf.cli.pro.KafkaProducer] (main) [Producer clientId=Producer-topic-e53fa019_8091_433a_b908_7fff03da7cc1] Instantiated an idempotent producer.
2025-07-31 17:04:36,004 INFO  [org.apa.kaf.cli.pro.ProducerConfig] (main) These configurations '[apicurio.registry.url, apicurio.registry.artifact-resolver-strategy]' were supplied but are not used yet.
2025-07-31 17:04:36,004 INFO  [org.apa.kaf.com.uti.AppInfoParser] (main) Kafka version: 3.9.1
2025-07-31 17:04:36,004 INFO  [org.apa.kaf.com.uti.AppInfoParser] (main) Kafka commitId: f745dfdcee2b9851
2025-07-31 17:04:36,004 INFO  [org.apa.kaf.com.uti.AppInfoParser] (main) Kafka startTimeMs: 1753981476004
2025-07-31 17:04:36,006 INFO  [io.api.tes.ser.api.KafkaSerdesTester] (Thread-692) Sending message {"keyB": "value-0"} to topic topic-e53fa019_8091_433a_b908_7fff03da7cc1
2025-07-31 17:04:36,016 WARN  [org.apa.kaf.cli.NetworkClient] (kafka-producer-network-thread | Producer-topic-e53fa019_8091_433a_b908_7fff03da7cc1) [Producer clientId=Producer-topic-e53fa019_8091_433a_b908_7fff03da7cc1] The metadata response from the cluster reported a recoverable issue with correlation id 2 : {topic-e53fa019_8091_433a_b908_7fff03da7cc1=LEADER_NOT_AVAILABLE}
2025-07-31 17:04:36,017 INFO  [org.apa.kaf.cli.Metadata] (kafka-producer-network-thread | Producer-topic-e53fa019_8091_433a_b908_7fff03da7cc1) [Producer clientId=Producer-topic-e53fa019_8091_433a_b908_7fff03da7cc1] Cluster ID: hHUi-5-6SnyFRAH2goQrJA
2025-07-31 17:04:36,020 INFO  [org.apa.kaf.cli.pro.int.TransactionManager] (kafka-producer-network-thread | Producer-topic-e53fa019_8091_433a_b908_7fff03da7cc1) [Producer clientId=Producer-topic-e53fa019_8091_433a_b908_7fff03da7cc1] ProducerId set to 17 with epoch 0
2025-07-31 17:04:36,141 INFO  [DefaultSchemaResolver] (Thread-692) Retrieving schema content using string: {"type":"record","name":"myrecord","namespace":"mygroup","fields":[{"name":"keyB","type":"string"}]}
2025-07-31 17:04:36,295 INFO  [org.apa.kaf.cli.pro.KafkaProducer] (Thread-692) [Producer clientId=Producer-topic-e53fa019_8091_433a_b908_7fff03da7cc1] Closing the Kafka producer with timeoutMillis = 9223372036854775807 ms.
2025-07-31 17:04:36,300 INFO  [org.apa.kaf.com.met.Metrics] (Thread-692) Metrics scheduler closed
2025-07-31 17:04:36,300 INFO  [org.apa.kaf.com.met.Metrics] (Thread-692) Closing reporter org.apache.kafka.common.metrics.JmxReporter
2025-07-31 17:04:36,300 INFO  [org.apa.kaf.com.met.Metrics] (Thread-692) Closing reporter org.apache.kafka.common.telemetry.internals.ClientTelemetryReporter
2025-07-31 17:04:36,300 INFO  [org.apa.kaf.com.met.Metrics] (Thread-692) Metrics reporters closed
2025-07-31 17:04:36,300 INFO  [org.apa.kaf.com.uti.AppInfoParser] (Thread-692) App info kafka.producer for Producer-topic-e53fa019_8091_433a_b908_7fff03da7cc1 unregistered
2025-07-31 17:04:36,306 INFO  [org.ecl.jet.ser.Server] (main) Stopped Server@6e48c5b2{STOPPING}[11.0.15,sto=1000]
2025-07-31 17:04:36,306 INFO  [org.ecl.jet.ser.Server] (main) Shutdown Server@6e48c5b2{STOPPING}[11.0.15,sto=1000]
2025-07-31 17:04:36,309 INFO  [org.ecl.jet.ser.AbstractConnector] (main) Stopped NetworkTrafficServerConnector@3a848bb1{HTTP/1.1, (http/1.1, h2c)}{0.0.0.0:0}
2025-07-31 17:04:36,310 INFO  [org.ecl.jet.ser.han.ContextHandler] (main) Stopped o.e.j.s.ServletContextHandler@66041d36{/,null,STOPPED}
2025-07-31 17:04:36,311 INFO  [org.ecl.jet.ser.han.ContextHandler] (main) Stopped o.e.j.s.ServletContextHandler@21ffedc7{/__admin,null,STOPPED}
2025-07-31 17:04:36,313 INFO  [io.api.tes.uti.TestSeparator] (main) io.apicurio.tests.serdes.apicurio.AvroSerdeIT.testFirstRequestFailsRateLimited-FINISHED
2025-07-31 17:04:36,313 INFO  [io.api.tes.uti.TestSeparator] (main) ############################################################################
Test passed: testFirstRequestFailsRateLimited
]]></system-out>
    <system-err><![CDATA[com.microsoft.kiota.ApiException: the server returned an unexpected status code and no error class is registered for this code 429
	at com.microsoft.kiota.ApiExceptionBuilder.withMessage(ApiExceptionBuilder.java:45)
	at io.kiota.http.vertx.VertXRequestAdapter.throwIfFailedResponse(VertXRequestAdapter.java:370)
	at io.kiota.http.vertx.VertXRequestAdapter.send(VertXRequestAdapter.java:170)
	at io.apicurio.registry.rest.client.search.versions.VersionsRequestBuilder.post(VersionsRequestBuilder.java:94)
	at io.apicurio.registry.resolver.client.RegistryClientFacadeImpl.searchVersionsByContent(RegistryClientFacadeImpl.java:104)
	at io.apicurio.registry.resolver.DefaultSchemaResolver.lambda$handleResolveSchemaByContent$3(DefaultSchemaResolver.java:258)
	at io.apicurio.registry.resolver.cache.ERCache.lambda$getValue$0(ERCache.java:174)
	at io.apicurio.registry.resolver.cache.ERCache.retry(ERCache.java:227)
	at io.apicurio.registry.resolver.cache.ERCache.getValue(ERCache.java:173)
	at io.apicurio.registry.resolver.cache.ERCache.getByContent(ERCache.java:147)
	at io.apicurio.registry.resolver.DefaultSchemaResolver.handleResolveSchemaByContent(DefaultSchemaResolver.java:253)
	at io.apicurio.registry.resolver.DefaultSchemaResolver.getSchemaFromRegistry(DefaultSchemaResolver.java:138)
	at io.apicurio.registry.resolver.DefaultSchemaResolver.lambda$resolveSchema$0(DefaultSchemaResolver.java:84)
	at java.base/java.util.Optional.orElseGet(Optional.java:364)
	at io.apicurio.registry.resolver.DefaultSchemaResolver.resolveSchema(DefaultSchemaResolver.java:84)
	at io.apicurio.registry.serde.AbstractSerializer.serializeData(AbstractSerializer.java:62)
	at io.apicurio.registry.serde.KafkaSerializer.serialize(KafkaSerializer.java:77)
	at org.apache.kafka.clients.producer.KafkaProducer.doSend(KafkaProducer.java:1046)
	at org.apache.kafka.clients.producer.KafkaProducer.send(KafkaProducer.java:993)
	at org.apache.kafka.clients.producer.KafkaProducer.send(KafkaProducer.java:875)
	at io.apicurio.tests.serdes.apicurio.KafkaSerdesTester.lambda$produceMessages$3(KafkaSerdesTester.java:138)
	at java.base/java.util.concurrent.CompletableFuture$AsyncSupply.run(CompletableFuture.java:1768)
	at java.base/java.lang.Thread.run(Thread.java:840)
]]></system-err>
  </testcase>
  <testcase name="testFirstEmptyFieldConfusedAsMagicByte" classname="io.apicurio.tests.serdes.apicurio.AvroSerdeIT" time="1.348">
    <system-out><![CDATA[2025-07-31 17:04:36,320 INFO  [io.api.tes.uti.TestSeparator] (main) ############################################################################
2025-07-31 17:04:36,320 INFO  [io.api.tes.uti.TestSeparator] (main) io.apicurio.tests.serdes.apicurio.AvroSerdeIT.testFirstEmptyFieldConfusedAsMagicByte-STARTED
**** Registry Base URL: http://registry-app-mysql.apps.ci419.apicurio-testing.org:80
2025-07-31 17:04:36,330 INFO  [org.apa.kaf.cli.pro.ProducerConfig] (main) ProducerConfig values: 
	acks = -1
	auto.include.jmx.reporter = true
	batch.size = 16384
	bootstrap.servers = [PLAINTEXT://localhost:32770]
	buffer.memory = 33554432
	client.dns.lookup = use_all_dns_ips
	client.id = Producer-topic-ee9bc6af_a26d_4007_8460_1043666022ca
	compression.gzip.level = -1
	compression.lz4.level = 9
	compression.type = none
	compression.zstd.level = 3
	connections.max.idle.ms = 10000
	delivery.timeout.ms = 120000
	enable.idempotence = true
	enable.metrics.push = true
	interceptor.classes = []
	key.serializer = class org.apache.kafka.common.serialization.StringSerializer
	linger.ms = 0
	max.block.ms = 60000
	max.in.flight.requests.per.connection = 5
	max.request.size = 1048576
	metadata.max.age.ms = 300000
	metadata.max.idle.ms = 300000
	metadata.recovery.strategy = none
	metric.reporters = []
	metrics.num.samples = 2
	metrics.recording.level = INFO
	metrics.sample.window.ms = 30000
	partitioner.adaptive.partitioning.enable = true
	partitioner.availability.timeout.ms = 0
	partitioner.class = null
	partitioner.ignore.keys = false
	receive.buffer.bytes = 32768
	reconnect.backoff.max.ms = 1000
	reconnect.backoff.ms = 50
	request.timeout.ms = 5000
	retries = 2147483647
	retry.backoff.max.ms = 1000
	retry.backoff.ms = 100
	sasl.client.callback.handler.class = null
	sasl.jaas.config = null
	sasl.kerberos.kinit.cmd = /usr/bin/kinit
	sasl.kerberos.min.time.before.relogin = 60000
	sasl.kerberos.service.name = null
	sasl.kerberos.ticket.renew.jitter = 0.05
	sasl.kerberos.ticket.renew.window.factor = 0.8
	sasl.login.callback.handler.class = null
	sasl.login.class = null
	sasl.login.connect.timeout.ms = null
	sasl.login.read.timeout.ms = null
	sasl.login.refresh.buffer.seconds = 300
	sasl.login.refresh.min.period.seconds = 60
	sasl.login.refresh.window.factor = 0.8
	sasl.login.refresh.window.jitter = 0.05
	sasl.login.retry.backoff.max.ms = 10000
	sasl.login.retry.backoff.ms = 100
	sasl.mechanism = GSSAPI
	sasl.oauthbearer.clock.skew.seconds = 30
	sasl.oauthbearer.expected.audience = null
	sasl.oauthbearer.expected.issuer = null
	sasl.oauthbearer.header.urlencode = false
	sasl.oauthbearer.jwks.endpoint.refresh.ms = 3600000
	sasl.oauthbearer.jwks.endpoint.retry.backoff.max.ms = 10000
	sasl.oauthbearer.jwks.endpoint.retry.backoff.ms = 100
	sasl.oauthbearer.jwks.endpoint.url = null
	sasl.oauthbearer.scope.claim.name = scope
	sasl.oauthbearer.sub.claim.name = sub
	sasl.oauthbearer.token.endpoint.url = null
	security.protocol = PLAINTEXT
	security.providers = null
	send.buffer.bytes = 131072
	socket.connection.setup.timeout.max.ms = 30000
	socket.connection.setup.timeout.ms = 10000
	ssl.cipher.suites = null
	ssl.enabled.protocols = [TLSv1.2, TLSv1.3]
	ssl.endpoint.identification.algorithm = https
	ssl.engine.factory.class = null
	ssl.key.password = null
	ssl.keymanager.algorithm = SunX509
	ssl.keystore.certificate.chain = null
	ssl.keystore.key = null
	ssl.keystore.location = null
	ssl.keystore.password = null
	ssl.keystore.type = JKS
	ssl.protocol = TLSv1.3
	ssl.provider = null
	ssl.secure.random.implementation = null
	ssl.trustmanager.algorithm = PKIX
	ssl.truststore.certificates = null
	ssl.truststore.location = null
	ssl.truststore.password = null
	ssl.truststore.type = JKS
	transaction.timeout.ms = 60000
	transactional.id = null
	value.serializer = class io.apicurio.registry.serde.avro.AvroKafkaSerializer

2025-07-31 17:04:36,330 INFO  [org.apa.kaf.com.tel.int.KafkaMetricsCollector] (main) initializing Kafka metrics collector
2025-07-31 17:04:36,351 INFO  [org.apa.kaf.cli.pro.KafkaProducer] (main) [Producer clientId=Producer-topic-ee9bc6af_a26d_4007_8460_1043666022ca] Instantiated an idempotent producer.
2025-07-31 17:04:36,355 INFO  [org.apa.kaf.cli.pro.ProducerConfig] (main) These configurations '[apicurio.registry.url, apicurio.registry.auto-register, apicurio.registry.artifact-resolver-strategy]' were supplied but are not used yet.
2025-07-31 17:04:36,355 INFO  [org.apa.kaf.com.uti.AppInfoParser] (main) Kafka version: 3.9.1
2025-07-31 17:04:36,355 INFO  [org.apa.kaf.com.uti.AppInfoParser] (main) Kafka commitId: f745dfdcee2b9851
2025-07-31 17:04:36,355 INFO  [org.apa.kaf.com.uti.AppInfoParser] (main) Kafka startTimeMs: 1753981476355
2025-07-31 17:04:36,355 INFO  [io.api.tes.ser.api.SimpleSerdesTesterBuilder$SimpleSerdesTester] (main) Using producer configuration: {apicurio.registry.url=http://registry-app-mysql.apps.ci419.apicurio-testing.org:80/apis/registry/v3, apicurio.registry.auto-register=true, apicurio.registry.artifact-resolver-strategy=io.apicurio.registry.serde.strategy.SimpleTopicIdStrategy, value.serializer=io.apicurio.registry.serde.avro.AvroKafkaSerializer, request.timeout.ms=5000, acks=all, bootstrap.servers=PLAINTEXT://localhost:32770, connections.max.idle.ms=10000, key.serializer=org.apache.kafka.common.serialization.StringSerializer, client.id=Producer-topic-ee9bc6af_a26d_4007_8460_1043666022ca}
2025-07-31 17:04:36,355 INFO  [io.api.tes.ser.api.SimpleSerdesTesterBuilder$SimpleSerdesTester] (main) Using consumer configuration: {}
2025-07-31 17:04:36,357 INFO  [io.api.tes.ser.api.KafkaSerdesTester] (Thread-695) Sending message {"username": null} to topic topic-ee9bc6af_a26d_4007_8460_1043666022ca
2025-07-31 17:04:36,373 WARN  [org.apa.kaf.cli.NetworkClient] (kafka-producer-network-thread | Producer-topic-ee9bc6af_a26d_4007_8460_1043666022ca) [Producer clientId=Producer-topic-ee9bc6af_a26d_4007_8460_1043666022ca] The metadata response from the cluster reported a recoverable issue with correlation id 2 : {topic-ee9bc6af_a26d_4007_8460_1043666022ca=LEADER_NOT_AVAILABLE}
2025-07-31 17:04:36,373 INFO  [org.apa.kaf.cli.Metadata] (kafka-producer-network-thread | Producer-topic-ee9bc6af_a26d_4007_8460_1043666022ca) [Producer clientId=Producer-topic-ee9bc6af_a26d_4007_8460_1043666022ca] Cluster ID: hHUi-5-6SnyFRAH2goQrJA
2025-07-31 17:04:36,373 INFO  [org.apa.kaf.cli.pro.int.TransactionManager] (kafka-producer-network-thread | Producer-topic-ee9bc6af_a26d_4007_8460_1043666022ca) [Producer clientId=Producer-topic-ee9bc6af_a26d_4007_8460_1043666022ca] ProducerId set to 18 with epoch 0
2025-07-31 17:04:36,691 INFO  [io.api.tes.ser.api.KafkaSerdesTester] (Thread-695) Sending message {"username": null} to topic topic-ee9bc6af_a26d_4007_8460_1043666022ca
2025-07-31 17:04:36,693 INFO  [io.api.tes.ser.api.KafkaSerdesTester] (Thread-695) Sending message {"username": "value-2"} to topic topic-ee9bc6af_a26d_4007_8460_1043666022ca
2025-07-31 17:04:36,695 INFO  [io.api.tes.ser.api.KafkaSerdesTester] (Thread-695) Sending message {"username": null} to topic topic-ee9bc6af_a26d_4007_8460_1043666022ca
2025-07-31 17:04:36,696 INFO  [io.api.tes.ser.api.KafkaSerdesTester] (Thread-695) Sending message {"username": "value-4"} to topic topic-ee9bc6af_a26d_4007_8460_1043666022ca
2025-07-31 17:04:36,698 INFO  [io.api.tes.ser.api.KafkaSerdesTester] (Thread-695) Sending message {"username": null} to topic topic-ee9bc6af_a26d_4007_8460_1043666022ca
2025-07-31 17:04:36,699 INFO  [io.api.tes.ser.api.KafkaSerdesTester] (Thread-695) Sending message {"username": "value-6"} to topic topic-ee9bc6af_a26d_4007_8460_1043666022ca
2025-07-31 17:04:36,700 INFO  [io.api.tes.ser.api.KafkaSerdesTester] (Thread-695) Sending message {"username": null} to topic topic-ee9bc6af_a26d_4007_8460_1043666022ca
2025-07-31 17:04:36,702 INFO  [io.api.tes.ser.api.KafkaSerdesTester] (Thread-695) Sending message {"username": "value-8"} to topic topic-ee9bc6af_a26d_4007_8460_1043666022ca
2025-07-31 17:04:36,703 INFO  [io.api.tes.ser.api.KafkaSerdesTester] (Thread-695) Sending message {"username": null} to topic topic-ee9bc6af_a26d_4007_8460_1043666022ca
2025-07-31 17:04:36,705 INFO  [io.api.tes.ser.api.KafkaSerdesTester] (Thread-695) Produced 10 messages
2025-07-31 17:04:36,705 INFO  [org.apa.kaf.cli.pro.KafkaProducer] (Thread-695) [Producer clientId=Producer-topic-ee9bc6af_a26d_4007_8460_1043666022ca] Closing the Kafka producer with timeoutMillis = 9223372036854775807 ms.
2025-07-31 17:04:36,707 INFO  [org.apa.kaf.com.met.Metrics] (Thread-695) Metrics scheduler closed
2025-07-31 17:04:36,707 INFO  [org.apa.kaf.com.met.Metrics] (Thread-695) Closing reporter org.apache.kafka.common.metrics.JmxReporter
2025-07-31 17:04:36,708 INFO  [org.apa.kaf.com.met.Metrics] (Thread-695) Closing reporter org.apache.kafka.common.telemetry.internals.ClientTelemetryReporter
2025-07-31 17:04:36,708 INFO  [org.apa.kaf.com.met.Metrics] (Thread-695) Metrics reporters closed
2025-07-31 17:04:36,708 INFO  [org.apa.kaf.com.uti.AppInfoParser] (Thread-695) App info kafka.producer for Producer-topic-ee9bc6af_a26d_4007_8460_1043666022ca unregistered
**** Registry Base URL: http://registry-app-mysql.apps.ci419.apicurio-testing.org:80
2025-07-31 17:04:36,879 INFO  [org.apa.kaf.cli.con.ConsumerConfig] (main) ConsumerConfig values: 
	allow.auto.create.topics = true
	auto.commit.interval.ms = 500
	auto.include.jmx.reporter = true
	auto.offset.reset = earliest
	bootstrap.servers = [PLAINTEXT://localhost:32770]
	check.crcs = true
	client.dns.lookup = use_all_dns_ips
	client.id = consumer-Consumer-topic-ee9bc6af_a26d_4007_8460_1043666022ca-14
	client.rack = 
	connections.max.idle.ms = 10000
	default.api.timeout.ms = 60000
	enable.auto.commit = true
	enable.metrics.push = true
	exclude.internal.topics = true
	fetch.max.bytes = 52428800
	fetch.max.wait.ms = 500
	fetch.min.bytes = 1
	group.id = Consumer-topic-ee9bc6af_a26d_4007_8460_1043666022ca
	group.instance.id = null
	group.protocol = classic
	group.remote.assignor = null
	heartbeat.interval.ms = 3000
	interceptor.classes = []
	internal.leave.group.on.close = true
	internal.throw.on.fetch.stable.offset.unsupported = false
	isolation.level = read_uncommitted
	key.deserializer = class org.apache.kafka.common.serialization.StringDeserializer
	max.partition.fetch.bytes = 1048576
	max.poll.interval.ms = 300000
	max.poll.records = 500
	metadata.max.age.ms = 300000
	metadata.recovery.strategy = none
	metric.reporters = []
	metrics.num.samples = 2
	metrics.recording.level = INFO
	metrics.sample.window.ms = 30000
	partition.assignment.strategy = [class org.apache.kafka.clients.consumer.RangeAssignor, class org.apache.kafka.clients.consumer.CooperativeStickyAssignor]
	receive.buffer.bytes = 65536
	reconnect.backoff.max.ms = 1000
	reconnect.backoff.ms = 50
	request.timeout.ms = 5000
	retry.backoff.max.ms = 1000
	retry.backoff.ms = 100
	sasl.client.callback.handler.class = null
	sasl.jaas.config = null
	sasl.kerberos.kinit.cmd = /usr/bin/kinit
	sasl.kerberos.min.time.before.relogin = 60000
	sasl.kerberos.service.name = null
	sasl.kerberos.ticket.renew.jitter = 0.05
	sasl.kerberos.ticket.renew.window.factor = 0.8
	sasl.login.callback.handler.class = null
	sasl.login.class = null
	sasl.login.connect.timeout.ms = null
	sasl.login.read.timeout.ms = null
	sasl.login.refresh.buffer.seconds = 300
	sasl.login.refresh.min.period.seconds = 60
	sasl.login.refresh.window.factor = 0.8
	sasl.login.refresh.window.jitter = 0.05
	sasl.login.retry.backoff.max.ms = 10000
	sasl.login.retry.backoff.ms = 100
	sasl.mechanism = GSSAPI
	sasl.oauthbearer.clock.skew.seconds = 30
	sasl.oauthbearer.expected.audience = null
	sasl.oauthbearer.expected.issuer = null
	sasl.oauthbearer.header.urlencode = false
	sasl.oauthbearer.jwks.endpoint.refresh.ms = 3600000
	sasl.oauthbearer.jwks.endpoint.retry.backoff.max.ms = 10000
	sasl.oauthbearer.jwks.endpoint.retry.backoff.ms = 100
	sasl.oauthbearer.jwks.endpoint.url = null
	sasl.oauthbearer.scope.claim.name = scope
	sasl.oauthbearer.sub.claim.name = sub
	sasl.oauthbearer.token.endpoint.url = null
	security.protocol = PLAINTEXT
	security.providers = null
	send.buffer.bytes = 131072
	session.timeout.ms = 45000
	socket.connection.setup.timeout.max.ms = 30000
	socket.connection.setup.timeout.ms = 10000
	ssl.cipher.suites = null
	ssl.enabled.protocols = [TLSv1.2, TLSv1.3]
	ssl.endpoint.identification.algorithm = https
	ssl.engine.factory.class = null
	ssl.key.password = null
	ssl.keymanager.algorithm = SunX509
	ssl.keystore.certificate.chain = null
	ssl.keystore.key = null
	ssl.keystore.location = null
	ssl.keystore.password = null
	ssl.keystore.type = JKS
	ssl.protocol = TLSv1.3
	ssl.provider = null
	ssl.secure.random.implementation = null
	ssl.trustmanager.algorithm = PKIX
	ssl.truststore.certificates = null
	ssl.truststore.location = null
	ssl.truststore.password = null
	ssl.truststore.type = JKS
	value.deserializer = class io.apicurio.registry.serde.avro.AvroKafkaDeserializer

2025-07-31 17:04:36,880 INFO  [org.apa.kaf.com.tel.int.KafkaMetricsCollector] (main) initializing Kafka metrics collector
2025-07-31 17:04:36,889 INFO  [org.apa.kaf.cli.con.ConsumerConfig] (main) These configurations '[apicurio.registry.url]' were supplied but are not used yet.
2025-07-31 17:04:36,889 INFO  [org.apa.kaf.com.uti.AppInfoParser] (main) Kafka version: 3.9.1
2025-07-31 17:04:36,889 INFO  [org.apa.kaf.com.uti.AppInfoParser] (main) Kafka commitId: f745dfdcee2b9851
2025-07-31 17:04:36,889 INFO  [org.apa.kaf.com.uti.AppInfoParser] (main) Kafka startTimeMs: 1753981476889
2025-07-31 17:04:36,889 INFO  [org.apa.kaf.cli.con.int.ClassicKafkaConsumer] (Thread-698) [Consumer clientId=consumer-Consumer-topic-ee9bc6af_a26d_4007_8460_1043666022ca-14, groupId=Consumer-topic-ee9bc6af_a26d_4007_8460_1043666022ca] Subscribed to topic(s): topic-ee9bc6af_a26d_4007_8460_1043666022ca
2025-07-31 17:04:36,896 INFO  [org.apa.kaf.cli.Metadata] (Thread-698) [Consumer clientId=consumer-Consumer-topic-ee9bc6af_a26d_4007_8460_1043666022ca-14, groupId=Consumer-topic-ee9bc6af_a26d_4007_8460_1043666022ca] Cluster ID: hHUi-5-6SnyFRAH2goQrJA
2025-07-31 17:04:36,896 INFO  [org.apa.kaf.cli.con.int.ConsumerCoordinator] (Thread-698) [Consumer clientId=consumer-Consumer-topic-ee9bc6af_a26d_4007_8460_1043666022ca-14, groupId=Consumer-topic-ee9bc6af_a26d_4007_8460_1043666022ca] Discovered group coordinator localhost:32770 (id: 2147483647 rack: null)
2025-07-31 17:04:36,901 INFO  [org.apa.kaf.cli.con.int.ConsumerCoordinator] (Thread-698) [Consumer clientId=consumer-Consumer-topic-ee9bc6af_a26d_4007_8460_1043666022ca-14, groupId=Consumer-topic-ee9bc6af_a26d_4007_8460_1043666022ca] (Re-)joining group
2025-07-31 17:04:36,906 INFO  [org.apa.kaf.cli.con.int.ConsumerCoordinator] (Thread-698) [Consumer clientId=consumer-Consumer-topic-ee9bc6af_a26d_4007_8460_1043666022ca-14, groupId=Consumer-topic-ee9bc6af_a26d_4007_8460_1043666022ca] Request joining group due to: need to re-join with the given member-id: consumer-Consumer-topic-ee9bc6af_a26d_4007_8460_1043666022ca-14-273fbb47-3593-41f9-bb92-1716f4f4eebc
2025-07-31 17:04:36,907 INFO  [org.apa.kaf.cli.con.int.ConsumerCoordinator] (Thread-698) [Consumer clientId=consumer-Consumer-topic-ee9bc6af_a26d_4007_8460_1043666022ca-14, groupId=Consumer-topic-ee9bc6af_a26d_4007_8460_1043666022ca] (Re-)joining group
2025-07-31 17:04:36,910 INFO  [org.apa.kaf.cli.con.int.ConsumerCoordinator] (Thread-698) [Consumer clientId=consumer-Consumer-topic-ee9bc6af_a26d_4007_8460_1043666022ca-14, groupId=Consumer-topic-ee9bc6af_a26d_4007_8460_1043666022ca] Successfully joined group with generation Generation{generationId=1, memberId='consumer-Consumer-topic-ee9bc6af_a26d_4007_8460_1043666022ca-14-273fbb47-3593-41f9-bb92-1716f4f4eebc', protocol='range'}
2025-07-31 17:04:36,910 INFO  [org.apa.kaf.cli.con.int.ConsumerCoordinator] (Thread-698) [Consumer clientId=consumer-Consumer-topic-ee9bc6af_a26d_4007_8460_1043666022ca-14, groupId=Consumer-topic-ee9bc6af_a26d_4007_8460_1043666022ca] Finished assignment for group at generation 1: {consumer-Consumer-topic-ee9bc6af_a26d_4007_8460_1043666022ca-14-273fbb47-3593-41f9-bb92-1716f4f4eebc=Assignment(partitions=[topic-ee9bc6af_a26d_4007_8460_1043666022ca-0])}
2025-07-31 17:04:36,915 INFO  [org.apa.kaf.cli.con.int.ConsumerCoordinator] (Thread-698) [Consumer clientId=consumer-Consumer-topic-ee9bc6af_a26d_4007_8460_1043666022ca-14, groupId=Consumer-topic-ee9bc6af_a26d_4007_8460_1043666022ca] Successfully synced group in generation Generation{generationId=1, memberId='consumer-Consumer-topic-ee9bc6af_a26d_4007_8460_1043666022ca-14-273fbb47-3593-41f9-bb92-1716f4f4eebc', protocol='range'}
2025-07-31 17:04:36,915 INFO  [org.apa.kaf.cli.con.int.ConsumerCoordinator] (Thread-698) [Consumer clientId=consumer-Consumer-topic-ee9bc6af_a26d_4007_8460_1043666022ca-14, groupId=Consumer-topic-ee9bc6af_a26d_4007_8460_1043666022ca] Notifying assignor about the new Assignment(partitions=[topic-ee9bc6af_a26d_4007_8460_1043666022ca-0])
2025-07-31 17:04:36,915 INFO  [org.apa.kaf.cli.con.int.ConsumerRebalanceListenerInvoker] (Thread-698) [Consumer clientId=consumer-Consumer-topic-ee9bc6af_a26d_4007_8460_1043666022ca-14, groupId=Consumer-topic-ee9bc6af_a26d_4007_8460_1043666022ca] Adding newly assigned partitions: topic-ee9bc6af_a26d_4007_8460_1043666022ca-0
2025-07-31 17:04:36,917 INFO  [org.apa.kaf.cli.con.int.ConsumerCoordinator] (Thread-698) [Consumer clientId=consumer-Consumer-topic-ee9bc6af_a26d_4007_8460_1043666022ca-14, groupId=Consumer-topic-ee9bc6af_a26d_4007_8460_1043666022ca] Found no committed offset for partition topic-ee9bc6af_a26d_4007_8460_1043666022ca-0
2025-07-31 17:04:36,927 INFO  [org.apa.kaf.cli.con.int.SubscriptionState] (Thread-698) [Consumer clientId=consumer-Consumer-topic-ee9bc6af_a26d_4007_8460_1043666022ca-14, groupId=Consumer-topic-ee9bc6af_a26d_4007_8460_1043666022ca] Resetting offset for partition topic-ee9bc6af_a26d_4007_8460_1043666022ca-0 to position FetchPosition{offset=0, offsetEpoch=Optional.empty, currentLeader=LeaderAndEpoch{leader=Optional[localhost:32770 (id: 0 rack: null)], epoch=0}}.
2025-07-31 17:04:37,159 INFO  [io.api.tes.ser.api.KafkaSerdesTester] (Thread-698) topic-ee9bc6af_a26d_4007_8460_1043666022ca 0 0 {"username": null}
2025-07-31 17:04:37,160 INFO  [io.api.tes.ser.api.KafkaSerdesTester] (Thread-698) topic-ee9bc6af_a26d_4007_8460_1043666022ca 0 1 {"username": null}
2025-07-31 17:04:37,160 INFO  [io.api.tes.ser.api.KafkaSerdesTester] (Thread-698) topic-ee9bc6af_a26d_4007_8460_1043666022ca 0 2 {"username": "value-2"}
2025-07-31 17:04:37,160 INFO  [io.api.tes.ser.api.KafkaSerdesTester] (Thread-698) topic-ee9bc6af_a26d_4007_8460_1043666022ca 0 3 {"username": null}
2025-07-31 17:04:37,160 INFO  [io.api.tes.ser.api.KafkaSerdesTester] (Thread-698) topic-ee9bc6af_a26d_4007_8460_1043666022ca 0 4 {"username": "value-4"}
2025-07-31 17:04:37,160 INFO  [io.api.tes.ser.api.KafkaSerdesTester] (Thread-698) topic-ee9bc6af_a26d_4007_8460_1043666022ca 0 5 {"username": null}
2025-07-31 17:04:37,160 INFO  [io.api.tes.ser.api.KafkaSerdesTester] (Thread-698) topic-ee9bc6af_a26d_4007_8460_1043666022ca 0 6 {"username": "value-6"}
2025-07-31 17:04:37,160 INFO  [io.api.tes.ser.api.KafkaSerdesTester] (Thread-698) topic-ee9bc6af_a26d_4007_8460_1043666022ca 0 7 {"username": null}
2025-07-31 17:04:37,160 INFO  [io.api.tes.ser.api.KafkaSerdesTester] (Thread-698) topic-ee9bc6af_a26d_4007_8460_1043666022ca 0 8 {"username": "value-8"}
2025-07-31 17:04:37,160 INFO  [io.api.tes.ser.api.KafkaSerdesTester] (Thread-698) topic-ee9bc6af_a26d_4007_8460_1043666022ca 0 9 {"username": null}
2025-07-31 17:04:37,160 INFO  [io.api.tes.ser.api.KafkaSerdesTester] (Thread-698) Consumed 10 messages
2025-07-31 17:04:37,163 INFO  [org.apa.kaf.cli.con.int.ConsumerRebalanceListenerInvoker] (Thread-698) [Consumer clientId=consumer-Consumer-topic-ee9bc6af_a26d_4007_8460_1043666022ca-14, groupId=Consumer-topic-ee9bc6af_a26d_4007_8460_1043666022ca] Revoke previously assigned partitions topic-ee9bc6af_a26d_4007_8460_1043666022ca-0
2025-07-31 17:04:37,163 INFO  [org.apa.kaf.cli.con.int.ConsumerCoordinator] (Thread-698) [Consumer clientId=consumer-Consumer-topic-ee9bc6af_a26d_4007_8460_1043666022ca-14, groupId=Consumer-topic-ee9bc6af_a26d_4007_8460_1043666022ca] Member consumer-Consumer-topic-ee9bc6af_a26d_4007_8460_1043666022ca-14-273fbb47-3593-41f9-bb92-1716f4f4eebc sending LeaveGroup request to coordinator localhost:32770 (id: 2147483647 rack: null) due to the consumer is being closed
2025-07-31 17:04:37,163 INFO  [org.apa.kaf.cli.con.int.ConsumerCoordinator] (Thread-698) [Consumer clientId=consumer-Consumer-topic-ee9bc6af_a26d_4007_8460_1043666022ca-14, groupId=Consumer-topic-ee9bc6af_a26d_4007_8460_1043666022ca] Resetting generation and member id due to: consumer pro-actively leaving the group
2025-07-31 17:04:37,163 INFO  [org.apa.kaf.cli.con.int.ConsumerCoordinator] (Thread-698) [Consumer clientId=consumer-Consumer-topic-ee9bc6af_a26d_4007_8460_1043666022ca-14, groupId=Consumer-topic-ee9bc6af_a26d_4007_8460_1043666022ca] Request joining group due to: consumer pro-actively leaving the group
2025-07-31 17:04:37,663 INFO  [org.apa.kaf.com.met.Metrics] (Thread-698) Metrics scheduler closed
2025-07-31 17:04:37,663 INFO  [org.apa.kaf.com.met.Metrics] (Thread-698) Closing reporter org.apache.kafka.common.metrics.JmxReporter
2025-07-31 17:04:37,663 INFO  [org.apa.kaf.com.met.Metrics] (Thread-698) Closing reporter org.apache.kafka.common.telemetry.internals.ClientTelemetryReporter
2025-07-31 17:04:37,663 INFO  [org.apa.kaf.com.met.Metrics] (Thread-698) Metrics reporters closed
2025-07-31 17:04:37,666 INFO  [org.apa.kaf.com.uti.AppInfoParser] (Thread-698) App info kafka.consumer for consumer-Consumer-topic-ee9bc6af_a26d_4007_8460_1043666022ca-14 unregistered
2025-07-31 17:04:37,666 INFO  [io.api.tes.uti.TestSeparator] (main) io.apicurio.tests.serdes.apicurio.AvroSerdeIT.testFirstEmptyFieldConfusedAsMagicByte-FINISHED
2025-07-31 17:04:37,666 INFO  [io.api.tes.uti.TestSeparator] (main) ############################################################################
Test passed: testFirstEmptyFieldConfusedAsMagicByte
]]></system-out>
  </testcase>
  <testcase name="testAvroSerDesFailDifferentSchemaByContent" classname="io.apicurio.tests.serdes.apicurio.AvroSerdeIT" time="1.462">
    <system-out><![CDATA[2025-07-31 17:04:37,668 INFO  [io.api.tes.uti.TestSeparator] (main) ############################################################################
2025-07-31 17:04:37,668 INFO  [io.api.tes.uti.TestSeparator] (main) io.apicurio.tests.serdes.apicurio.AvroSerdeIT.testAvroSerDesFailDifferentSchemaByContent-STARTED
**** Registry Base URL: http://registry-app-mysql.apps.ci419.apicurio-testing.org:80
2025-07-31 17:04:38,874 INFO  [org.apa.kaf.cli.pro.ProducerConfig] (main) ProducerConfig values: 
	acks = -1
	auto.include.jmx.reporter = true
	batch.size = 16384
	bootstrap.servers = [PLAINTEXT://localhost:32770]
	buffer.memory = 33554432
	client.dns.lookup = use_all_dns_ips
	client.id = Producer-topic-3cc3e7fa_e850_4d55_9205_250d04e1ed78
	compression.gzip.level = -1
	compression.lz4.level = 9
	compression.type = none
	compression.zstd.level = 3
	connections.max.idle.ms = 10000
	delivery.timeout.ms = 120000
	enable.idempotence = true
	enable.metrics.push = true
	interceptor.classes = []
	key.serializer = class org.apache.kafka.common.serialization.StringSerializer
	linger.ms = 0
	max.block.ms = 60000
	max.in.flight.requests.per.connection = 5
	max.request.size = 1048576
	metadata.max.age.ms = 300000
	metadata.max.idle.ms = 300000
	metadata.recovery.strategy = none
	metric.reporters = []
	metrics.num.samples = 2
	metrics.recording.level = INFO
	metrics.sample.window.ms = 30000
	partitioner.adaptive.partitioning.enable = true
	partitioner.availability.timeout.ms = 0
	partitioner.class = null
	partitioner.ignore.keys = false
	receive.buffer.bytes = 32768
	reconnect.backoff.max.ms = 1000
	reconnect.backoff.ms = 50
	request.timeout.ms = 5000
	retries = 2147483647
	retry.backoff.max.ms = 1000
	retry.backoff.ms = 100
	sasl.client.callback.handler.class = null
	sasl.jaas.config = null
	sasl.kerberos.kinit.cmd = /usr/bin/kinit
	sasl.kerberos.min.time.before.relogin = 60000
	sasl.kerberos.service.name = null
	sasl.kerberos.ticket.renew.jitter = 0.05
	sasl.kerberos.ticket.renew.window.factor = 0.8
	sasl.login.callback.handler.class = null
	sasl.login.class = null
	sasl.login.connect.timeout.ms = null
	sasl.login.read.timeout.ms = null
	sasl.login.refresh.buffer.seconds = 300
	sasl.login.refresh.min.period.seconds = 60
	sasl.login.refresh.window.factor = 0.8
	sasl.login.refresh.window.jitter = 0.05
	sasl.login.retry.backoff.max.ms = 10000
	sasl.login.retry.backoff.ms = 100
	sasl.mechanism = GSSAPI
	sasl.oauthbearer.clock.skew.seconds = 30
	sasl.oauthbearer.expected.audience = null
	sasl.oauthbearer.expected.issuer = null
	sasl.oauthbearer.header.urlencode = false
	sasl.oauthbearer.jwks.endpoint.refresh.ms = 3600000
	sasl.oauthbearer.jwks.endpoint.retry.backoff.max.ms = 10000
	sasl.oauthbearer.jwks.endpoint.retry.backoff.ms = 100
	sasl.oauthbearer.jwks.endpoint.url = null
	sasl.oauthbearer.scope.claim.name = scope
	sasl.oauthbearer.sub.claim.name = sub
	sasl.oauthbearer.token.endpoint.url = null
	security.protocol = PLAINTEXT
	security.providers = null
	send.buffer.bytes = 131072
	socket.connection.setup.timeout.max.ms = 30000
	socket.connection.setup.timeout.ms = 10000
	ssl.cipher.suites = null
	ssl.enabled.protocols = [TLSv1.2, TLSv1.3]
	ssl.endpoint.identification.algorithm = https
	ssl.engine.factory.class = null
	ssl.key.password = null
	ssl.keymanager.algorithm = SunX509
	ssl.keystore.certificate.chain = null
	ssl.keystore.key = null
	ssl.keystore.location = null
	ssl.keystore.password = null
	ssl.keystore.type = JKS
	ssl.protocol = TLSv1.3
	ssl.provider = null
	ssl.secure.random.implementation = null
	ssl.trustmanager.algorithm = PKIX
	ssl.truststore.certificates = null
	ssl.truststore.location = null
	ssl.truststore.password = null
	ssl.truststore.type = JKS
	transaction.timeout.ms = 60000
	transactional.id = null
	value.serializer = class io.apicurio.registry.serde.avro.AvroKafkaSerializer

2025-07-31 17:04:38,874 INFO  [org.apa.kaf.com.tel.int.KafkaMetricsCollector] (main) initializing Kafka metrics collector
2025-07-31 17:04:38,877 INFO  [org.apa.kaf.cli.pro.KafkaProducer] (main) [Producer clientId=Producer-topic-3cc3e7fa_e850_4d55_9205_250d04e1ed78] Instantiated an idempotent producer.
2025-07-31 17:04:38,879 INFO  [org.apa.kaf.cli.pro.ProducerConfig] (main) These configurations '[apicurio.registry.url, apicurio.registry.artifact-resolver-strategy]' were supplied but are not used yet.
2025-07-31 17:04:38,879 INFO  [org.apa.kaf.com.uti.AppInfoParser] (main) Kafka version: 3.9.1
2025-07-31 17:04:38,879 INFO  [org.apa.kaf.com.uti.AppInfoParser] (main) Kafka commitId: f745dfdcee2b9851
2025-07-31 17:04:38,879 INFO  [org.apa.kaf.com.uti.AppInfoParser] (main) Kafka startTimeMs: 1753981478879
2025-07-31 17:04:38,880 INFO  [io.api.tes.ser.api.KafkaSerdesTester] (Thread-701) Sending message {"keyB": "value-0"} to topic topic-3cc3e7fa_e850_4d55_9205_250d04e1ed78
2025-07-31 17:04:38,884 INFO  [org.apa.kaf.cli.Metadata] (kafka-producer-network-thread | Producer-topic-3cc3e7fa_e850_4d55_9205_250d04e1ed78) [Producer clientId=Producer-topic-3cc3e7fa_e850_4d55_9205_250d04e1ed78] Cluster ID: hHUi-5-6SnyFRAH2goQrJA
2025-07-31 17:04:38,884 INFO  [DefaultSchemaResolver] (Thread-701) Retrieving schema content using string: {"type":"record","name":"s274484b1x427ex4218xb8eax68d171508c76","namespace":"s255b4a9cxa33ax46fdxafedx68c018a1c3a8","fields":[{"name":"keyB","type":"string"}]}
2025-07-31 17:04:38,886 INFO  [org.apa.kaf.cli.pro.int.TransactionManager] (kafka-producer-network-thread | Producer-topic-3cc3e7fa_e850_4d55_9205_250d04e1ed78) [Producer clientId=Producer-topic-3cc3e7fa_e850_4d55_9205_250d04e1ed78] ProducerId set to 19 with epoch 0
2025-07-31 17:04:39,127 INFO  [org.apa.kaf.cli.pro.KafkaProducer] (Thread-701) [Producer clientId=Producer-topic-3cc3e7fa_e850_4d55_9205_250d04e1ed78] Closing the Kafka producer with timeoutMillis = 9223372036854775807 ms.
2025-07-31 17:04:39,128 INFO  [org.apa.kaf.com.met.Metrics] (Thread-701) Metrics scheduler closed
2025-07-31 17:04:39,129 INFO  [org.apa.kaf.com.met.Metrics] (Thread-701) Closing reporter org.apache.kafka.common.metrics.JmxReporter
2025-07-31 17:04:39,129 INFO  [org.apa.kaf.com.met.Metrics] (Thread-701) Closing reporter org.apache.kafka.common.telemetry.internals.ClientTelemetryReporter
2025-07-31 17:04:39,129 INFO  [org.apa.kaf.com.met.Metrics] (Thread-701) Metrics reporters closed
2025-07-31 17:04:39,129 INFO  [org.apa.kaf.com.uti.AppInfoParser] (Thread-701) App info kafka.producer for Producer-topic-3cc3e7fa_e850_4d55_9205_250d04e1ed78 unregistered
2025-07-31 17:04:39,129 INFO  [io.api.tes.uti.TestSeparator] (main) io.apicurio.tests.serdes.apicurio.AvroSerdeIT.testAvroSerDesFailDifferentSchemaByContent-FINISHED
2025-07-31 17:04:39,129 INFO  [io.api.tes.uti.TestSeparator] (main) ############################################################################
Test passed: testAvroSerDesFailDifferentSchemaByContent
]]></system-out>
    <system-err><![CDATA[java.lang.RuntimeException: Could not resolve artifact reference by content: {"type":"record","name":"s274484b1x427ex4218xb8eax68d171508c76","namespace":"s255b4a9cxa33ax46fdxafedx68c018a1c3a8","fields":[{"name":"keyB","type":"string"}]}&ArtifactReference [groupId=s255b4a9cxa33ax46fdxafedx68c018a1c3a8, artifactId=s274484b1x427ex4218xb8eax68d171508c76, version=null, globalId=null, contentId=null, contentHash=null]
	at io.apicurio.registry.resolver.DefaultSchemaResolver.lambda$handleResolveSchemaByContent$3(DefaultSchemaResolver.java:265)
	at io.apicurio.registry.resolver.cache.ERCache.lambda$getValue$0(ERCache.java:174)
	at io.apicurio.registry.resolver.cache.ERCache.retry(ERCache.java:227)
	at io.apicurio.registry.resolver.cache.ERCache.getValue(ERCache.java:173)
	at io.apicurio.registry.resolver.cache.ERCache.getByContent(ERCache.java:147)
	at io.apicurio.registry.resolver.DefaultSchemaResolver.handleResolveSchemaByContent(DefaultSchemaResolver.java:253)
	at io.apicurio.registry.resolver.DefaultSchemaResolver.getSchemaFromRegistry(DefaultSchemaResolver.java:138)
	at io.apicurio.registry.resolver.DefaultSchemaResolver.lambda$resolveSchema$0(DefaultSchemaResolver.java:84)
	at java.base/java.util.Optional.orElseGet(Optional.java:364)
	at io.apicurio.registry.resolver.DefaultSchemaResolver.resolveSchema(DefaultSchemaResolver.java:84)
	at io.apicurio.registry.serde.AbstractSerializer.serializeData(AbstractSerializer.java:62)
	at io.apicurio.registry.serde.KafkaSerializer.serialize(KafkaSerializer.java:77)
	at org.apache.kafka.clients.producer.KafkaProducer.doSend(KafkaProducer.java:1046)
	at org.apache.kafka.clients.producer.KafkaProducer.send(KafkaProducer.java:993)
	at org.apache.kafka.clients.producer.KafkaProducer.send(KafkaProducer.java:875)
	at io.apicurio.tests.serdes.apicurio.KafkaSerdesTester.lambda$produceMessages$3(KafkaSerdesTester.java:138)
	at java.base/java.util.concurrent.CompletableFuture$AsyncSupply.run(CompletableFuture.java:1768)
	at java.base/java.lang.Thread.run(Thread.java:840)
]]></system-err>
  </testcase>
  <testcase name="testGlobalIdInBody" classname="io.apicurio.tests.serdes.apicurio.AvroSerdeIT" time="1.402">
    <system-out><![CDATA[2025-07-31 17:04:39,132 INFO  [io.api.tes.uti.TestSeparator] (main) ############################################################################
2025-07-31 17:04:39,132 INFO  [io.api.tes.uti.TestSeparator] (main) io.apicurio.tests.serdes.apicurio.AvroSerdeIT.testGlobalIdInBody-STARTED
**** Registry Base URL: http://registry-app-mysql.apps.ci419.apicurio-testing.org:80
2025-07-31 17:04:39,134 INFO  [org.apa.kaf.cli.pro.ProducerConfig] (main) ProducerConfig values: 
	acks = -1
	auto.include.jmx.reporter = true
	batch.size = 16384
	bootstrap.servers = [PLAINTEXT://localhost:32770]
	buffer.memory = 33554432
	client.dns.lookup = use_all_dns_ips
	client.id = Producer-topic-b42b61d9_678c_404a_b9da_da0df014fdd3
	compression.gzip.level = -1
	compression.lz4.level = 9
	compression.type = none
	compression.zstd.level = 3
	connections.max.idle.ms = 10000
	delivery.timeout.ms = 120000
	enable.idempotence = true
	enable.metrics.push = true
	interceptor.classes = []
	key.serializer = class org.apache.kafka.common.serialization.StringSerializer
	linger.ms = 0
	max.block.ms = 60000
	max.in.flight.requests.per.connection = 5
	max.request.size = 1048576
	metadata.max.age.ms = 300000
	metadata.max.idle.ms = 300000
	metadata.recovery.strategy = none
	metric.reporters = []
	metrics.num.samples = 2
	metrics.recording.level = INFO
	metrics.sample.window.ms = 30000
	partitioner.adaptive.partitioning.enable = true
	partitioner.availability.timeout.ms = 0
	partitioner.class = null
	partitioner.ignore.keys = false
	receive.buffer.bytes = 32768
	reconnect.backoff.max.ms = 1000
	reconnect.backoff.ms = 50
	request.timeout.ms = 5000
	retries = 2147483647
	retry.backoff.max.ms = 1000
	retry.backoff.ms = 100
	sasl.client.callback.handler.class = null
	sasl.jaas.config = null
	sasl.kerberos.kinit.cmd = /usr/bin/kinit
	sasl.kerberos.min.time.before.relogin = 60000
	sasl.kerberos.service.name = null
	sasl.kerberos.ticket.renew.jitter = 0.05
	sasl.kerberos.ticket.renew.window.factor = 0.8
	sasl.login.callback.handler.class = null
	sasl.login.class = null
	sasl.login.connect.timeout.ms = null
	sasl.login.read.timeout.ms = null
	sasl.login.refresh.buffer.seconds = 300
	sasl.login.refresh.min.period.seconds = 60
	sasl.login.refresh.window.factor = 0.8
	sasl.login.refresh.window.jitter = 0.05
	sasl.login.retry.backoff.max.ms = 10000
	sasl.login.retry.backoff.ms = 100
	sasl.mechanism = GSSAPI
	sasl.oauthbearer.clock.skew.seconds = 30
	sasl.oauthbearer.expected.audience = null
	sasl.oauthbearer.expected.issuer = null
	sasl.oauthbearer.header.urlencode = false
	sasl.oauthbearer.jwks.endpoint.refresh.ms = 3600000
	sasl.oauthbearer.jwks.endpoint.retry.backoff.max.ms = 10000
	sasl.oauthbearer.jwks.endpoint.retry.backoff.ms = 100
	sasl.oauthbearer.jwks.endpoint.url = null
	sasl.oauthbearer.scope.claim.name = scope
	sasl.oauthbearer.sub.claim.name = sub
	sasl.oauthbearer.token.endpoint.url = null
	security.protocol = PLAINTEXT
	security.providers = null
	send.buffer.bytes = 131072
	socket.connection.setup.timeout.max.ms = 30000
	socket.connection.setup.timeout.ms = 10000
	ssl.cipher.suites = null
	ssl.enabled.protocols = [TLSv1.2, TLSv1.3]
	ssl.endpoint.identification.algorithm = https
	ssl.engine.factory.class = null
	ssl.key.password = null
	ssl.keymanager.algorithm = SunX509
	ssl.keystore.certificate.chain = null
	ssl.keystore.key = null
	ssl.keystore.location = null
	ssl.keystore.password = null
	ssl.keystore.type = JKS
	ssl.protocol = TLSv1.3
	ssl.provider = null
	ssl.secure.random.implementation = null
	ssl.trustmanager.algorithm = PKIX
	ssl.truststore.certificates = null
	ssl.truststore.location = null
	ssl.truststore.password = null
	ssl.truststore.type = JKS
	transaction.timeout.ms = 60000
	transactional.id = null
	value.serializer = class io.apicurio.registry.serde.avro.AvroKafkaSerializer

2025-07-31 17:04:39,136 INFO  [org.apa.kaf.com.tel.int.KafkaMetricsCollector] (main) initializing Kafka metrics collector
2025-07-31 17:04:39,141 INFO  [org.apa.kaf.cli.pro.KafkaProducer] (main) [Producer clientId=Producer-topic-b42b61d9_678c_404a_b9da_da0df014fdd3] Instantiated an idempotent producer.
2025-07-31 17:04:39,143 INFO  [org.apa.kaf.cli.pro.ProducerConfig] (main) These configurations '[apicurio.registry.url, apicurio.registry.auto-register, apicurio.registry.use-id, apicurio.registry.artifact-resolver-strategy]' were supplied but are not used yet.
2025-07-31 17:04:39,143 INFO  [org.apa.kaf.com.uti.AppInfoParser] (main) Kafka version: 3.9.1
2025-07-31 17:04:39,143 INFO  [org.apa.kaf.com.uti.AppInfoParser] (main) Kafka commitId: f745dfdcee2b9851
2025-07-31 17:04:39,143 INFO  [org.apa.kaf.com.uti.AppInfoParser] (main) Kafka startTimeMs: 1753981479143
2025-07-31 17:04:39,143 INFO  [io.api.tes.ser.api.SimpleSerdesTesterBuilder$SimpleSerdesTester] (main) Using producer configuration: {apicurio.registry.url=http://registry-app-mysql.apps.ci419.apicurio-testing.org:80/apis/registry/v3, apicurio.registry.auto-register=true, apicurio.registry.use-id=globalId, apicurio.registry.artifact-resolver-strategy=io.apicurio.registry.serde.strategy.TopicIdStrategy, value.serializer=io.apicurio.registry.serde.avro.AvroKafkaSerializer, request.timeout.ms=5000, acks=all, bootstrap.servers=PLAINTEXT://localhost:32770, connections.max.idle.ms=10000, key.serializer=org.apache.kafka.common.serialization.StringSerializer, client.id=Producer-topic-b42b61d9_678c_404a_b9da_da0df014fdd3}
2025-07-31 17:04:39,143 INFO  [io.api.tes.ser.api.SimpleSerdesTesterBuilder$SimpleSerdesTester] (main) Using consumer configuration: {apicurio.registry.use-id=globalId}
2025-07-31 17:04:39,146 INFO  [io.api.tes.ser.api.KafkaSerdesTester] (Thread-704) Sending message {"key11753981479132": "value-0"} to topic topic-b42b61d9_678c_404a_b9da_da0df014fdd3
2025-07-31 17:04:39,162 WARN  [org.apa.kaf.cli.NetworkClient] (kafka-producer-network-thread | Producer-topic-b42b61d9_678c_404a_b9da_da0df014fdd3) [Producer clientId=Producer-topic-b42b61d9_678c_404a_b9da_da0df014fdd3] The metadata response from the cluster reported a recoverable issue with correlation id 2 : {topic-b42b61d9_678c_404a_b9da_da0df014fdd3=LEADER_NOT_AVAILABLE}
2025-07-31 17:04:39,163 INFO  [org.apa.kaf.cli.Metadata] (kafka-producer-network-thread | Producer-topic-b42b61d9_678c_404a_b9da_da0df014fdd3) [Producer clientId=Producer-topic-b42b61d9_678c_404a_b9da_da0df014fdd3] Cluster ID: hHUi-5-6SnyFRAH2goQrJA
2025-07-31 17:04:39,163 INFO  [org.apa.kaf.cli.pro.int.TransactionManager] (kafka-producer-network-thread | Producer-topic-b42b61d9_678c_404a_b9da_da0df014fdd3) [Producer clientId=Producer-topic-b42b61d9_678c_404a_b9da_da0df014fdd3] ProducerId set to 20 with epoch 0
2025-07-31 17:04:39,459 INFO  [io.api.tes.ser.api.KafkaSerdesTester] (Thread-704) Sending message {"key11753981479132": "value-1"} to topic topic-b42b61d9_678c_404a_b9da_da0df014fdd3
2025-07-31 17:04:39,460 INFO  [io.api.tes.ser.api.KafkaSerdesTester] (Thread-704) Sending message {"key11753981479132": "value-2"} to topic topic-b42b61d9_678c_404a_b9da_da0df014fdd3
2025-07-31 17:04:39,462 INFO  [io.api.tes.ser.api.KafkaSerdesTester] (Thread-704) Sending message {"key11753981479132": "value-3"} to topic topic-b42b61d9_678c_404a_b9da_da0df014fdd3
2025-07-31 17:04:39,464 INFO  [io.api.tes.ser.api.KafkaSerdesTester] (Thread-704) Sending message {"key11753981479132": "value-4"} to topic topic-b42b61d9_678c_404a_b9da_da0df014fdd3
2025-07-31 17:04:39,465 INFO  [io.api.tes.ser.api.KafkaSerdesTester] (Thread-704) Sending message {"key11753981479132": "value-5"} to topic topic-b42b61d9_678c_404a_b9da_da0df014fdd3
2025-07-31 17:04:39,468 INFO  [io.api.tes.ser.api.KafkaSerdesTester] (Thread-704) Sending message {"key11753981479132": "value-6"} to topic topic-b42b61d9_678c_404a_b9da_da0df014fdd3
2025-07-31 17:04:39,470 INFO  [io.api.tes.ser.api.KafkaSerdesTester] (Thread-704) Sending message {"key11753981479132": "value-7"} to topic topic-b42b61d9_678c_404a_b9da_da0df014fdd3
2025-07-31 17:04:39,471 INFO  [io.api.tes.ser.api.KafkaSerdesTester] (Thread-704) Sending message {"key11753981479132": "value-8"} to topic topic-b42b61d9_678c_404a_b9da_da0df014fdd3
2025-07-31 17:04:39,473 INFO  [io.api.tes.ser.api.KafkaSerdesTester] (Thread-704) Sending message {"key11753981479132": "value-9"} to topic topic-b42b61d9_678c_404a_b9da_da0df014fdd3
2025-07-31 17:04:39,474 INFO  [io.api.tes.ser.api.KafkaSerdesTester] (Thread-704) Produced 10 messages
2025-07-31 17:04:39,474 INFO  [org.apa.kaf.cli.pro.KafkaProducer] (Thread-704) [Producer clientId=Producer-topic-b42b61d9_678c_404a_b9da_da0df014fdd3] Closing the Kafka producer with timeoutMillis = 9223372036854775807 ms.
2025-07-31 17:04:39,476 INFO  [org.apa.kaf.com.met.Metrics] (Thread-704) Metrics scheduler closed
2025-07-31 17:04:39,476 INFO  [org.apa.kaf.com.met.Metrics] (Thread-704) Closing reporter org.apache.kafka.common.metrics.JmxReporter
2025-07-31 17:04:39,476 INFO  [org.apa.kaf.com.met.Metrics] (Thread-704) Closing reporter org.apache.kafka.common.telemetry.internals.ClientTelemetryReporter
2025-07-31 17:04:39,476 INFO  [org.apa.kaf.com.met.Metrics] (Thread-704) Metrics reporters closed
2025-07-31 17:04:39,476 INFO  [org.apa.kaf.com.uti.AppInfoParser] (Thread-704) App info kafka.producer for Producer-topic-b42b61d9_678c_404a_b9da_da0df014fdd3 unregistered
**** Registry Base URL: http://registry-app-mysql.apps.ci419.apicurio-testing.org:80
2025-07-31 17:04:39,765 INFO  [org.apa.kaf.cli.con.ConsumerConfig] (main) ConsumerConfig values: 
	allow.auto.create.topics = true
	auto.commit.interval.ms = 500
	auto.include.jmx.reporter = true
	auto.offset.reset = earliest
	bootstrap.servers = [PLAINTEXT://localhost:32770]
	check.crcs = true
	client.dns.lookup = use_all_dns_ips
	client.id = consumer-Consumer-topic-b42b61d9_678c_404a_b9da_da0df014fdd3-15
	client.rack = 
	connections.max.idle.ms = 10000
	default.api.timeout.ms = 60000
	enable.auto.commit = true
	enable.metrics.push = true
	exclude.internal.topics = true
	fetch.max.bytes = 52428800
	fetch.max.wait.ms = 500
	fetch.min.bytes = 1
	group.id = Consumer-topic-b42b61d9_678c_404a_b9da_da0df014fdd3
	group.instance.id = null
	group.protocol = classic
	group.remote.assignor = null
	heartbeat.interval.ms = 3000
	interceptor.classes = []
	internal.leave.group.on.close = true
	internal.throw.on.fetch.stable.offset.unsupported = false
	isolation.level = read_uncommitted
	key.deserializer = class org.apache.kafka.common.serialization.StringDeserializer
	max.partition.fetch.bytes = 1048576
	max.poll.interval.ms = 300000
	max.poll.records = 500
	metadata.max.age.ms = 300000
	metadata.recovery.strategy = none
	metric.reporters = []
	metrics.num.samples = 2
	metrics.recording.level = INFO
	metrics.sample.window.ms = 30000
	partition.assignment.strategy = [class org.apache.kafka.clients.consumer.RangeAssignor, class org.apache.kafka.clients.consumer.CooperativeStickyAssignor]
	receive.buffer.bytes = 65536
	reconnect.backoff.max.ms = 1000
	reconnect.backoff.ms = 50
	request.timeout.ms = 5000
	retry.backoff.max.ms = 1000
	retry.backoff.ms = 100
	sasl.client.callback.handler.class = null
	sasl.jaas.config = null
	sasl.kerberos.kinit.cmd = /usr/bin/kinit
	sasl.kerberos.min.time.before.relogin = 60000
	sasl.kerberos.service.name = null
	sasl.kerberos.ticket.renew.jitter = 0.05
	sasl.kerberos.ticket.renew.window.factor = 0.8
	sasl.login.callback.handler.class = null
	sasl.login.class = null
	sasl.login.connect.timeout.ms = null
	sasl.login.read.timeout.ms = null
	sasl.login.refresh.buffer.seconds = 300
	sasl.login.refresh.min.period.seconds = 60
	sasl.login.refresh.window.factor = 0.8
	sasl.login.refresh.window.jitter = 0.05
	sasl.login.retry.backoff.max.ms = 10000
	sasl.login.retry.backoff.ms = 100
	sasl.mechanism = GSSAPI
	sasl.oauthbearer.clock.skew.seconds = 30
	sasl.oauthbearer.expected.audience = null
	sasl.oauthbearer.expected.issuer = null
	sasl.oauthbearer.header.urlencode = false
	sasl.oauthbearer.jwks.endpoint.refresh.ms = 3600000
	sasl.oauthbearer.jwks.endpoint.retry.backoff.max.ms = 10000
	sasl.oauthbearer.jwks.endpoint.retry.backoff.ms = 100
	sasl.oauthbearer.jwks.endpoint.url = null
	sasl.oauthbearer.scope.claim.name = scope
	sasl.oauthbearer.sub.claim.name = sub
	sasl.oauthbearer.token.endpoint.url = null
	security.protocol = PLAINTEXT
	security.providers = null
	send.buffer.bytes = 131072
	session.timeout.ms = 45000
	socket.connection.setup.timeout.max.ms = 30000
	socket.connection.setup.timeout.ms = 10000
	ssl.cipher.suites = null
	ssl.enabled.protocols = [TLSv1.2, TLSv1.3]
	ssl.endpoint.identification.algorithm = https
	ssl.engine.factory.class = null
	ssl.key.password = null
	ssl.keymanager.algorithm = SunX509
	ssl.keystore.certificate.chain = null
	ssl.keystore.key = null
	ssl.keystore.location = null
	ssl.keystore.password = null
	ssl.keystore.type = JKS
	ssl.protocol = TLSv1.3
	ssl.provider = null
	ssl.secure.random.implementation = null
	ssl.trustmanager.algorithm = PKIX
	ssl.truststore.certificates = null
	ssl.truststore.location = null
	ssl.truststore.password = null
	ssl.truststore.type = JKS
	value.deserializer = class io.apicurio.registry.serde.avro.AvroKafkaDeserializer

2025-07-31 17:04:39,766 INFO  [org.apa.kaf.com.tel.int.KafkaMetricsCollector] (main) initializing Kafka metrics collector
2025-07-31 17:04:39,770 INFO  [org.apa.kaf.cli.con.ConsumerConfig] (main) These configurations '[apicurio.registry.url, apicurio.registry.use-id]' were supplied but are not used yet.
2025-07-31 17:04:39,770 INFO  [org.apa.kaf.com.uti.AppInfoParser] (main) Kafka version: 3.9.1
2025-07-31 17:04:39,770 INFO  [org.apa.kaf.com.uti.AppInfoParser] (main) Kafka commitId: f745dfdcee2b9851
2025-07-31 17:04:39,770 INFO  [org.apa.kaf.com.uti.AppInfoParser] (main) Kafka startTimeMs: 1753981479770
2025-07-31 17:04:39,771 INFO  [org.apa.kaf.cli.con.int.ClassicKafkaConsumer] (Thread-707) [Consumer clientId=consumer-Consumer-topic-b42b61d9_678c_404a_b9da_da0df014fdd3-15, groupId=Consumer-topic-b42b61d9_678c_404a_b9da_da0df014fdd3] Subscribed to topic(s): topic-b42b61d9_678c_404a_b9da_da0df014fdd3
2025-07-31 17:04:39,774 INFO  [org.apa.kaf.cli.Metadata] (Thread-707) [Consumer clientId=consumer-Consumer-topic-b42b61d9_678c_404a_b9da_da0df014fdd3-15, groupId=Consumer-topic-b42b61d9_678c_404a_b9da_da0df014fdd3] Cluster ID: hHUi-5-6SnyFRAH2goQrJA
2025-07-31 17:04:39,774 INFO  [org.apa.kaf.cli.con.int.ConsumerCoordinator] (Thread-707) [Consumer clientId=consumer-Consumer-topic-b42b61d9_678c_404a_b9da_da0df014fdd3-15, groupId=Consumer-topic-b42b61d9_678c_404a_b9da_da0df014fdd3] Discovered group coordinator localhost:32770 (id: 2147483647 rack: null)
2025-07-31 17:04:39,775 INFO  [org.apa.kaf.cli.con.int.ConsumerCoordinator] (Thread-707) [Consumer clientId=consumer-Consumer-topic-b42b61d9_678c_404a_b9da_da0df014fdd3-15, groupId=Consumer-topic-b42b61d9_678c_404a_b9da_da0df014fdd3] (Re-)joining group
2025-07-31 17:04:39,777 INFO  [org.apa.kaf.cli.con.int.ConsumerCoordinator] (Thread-707) [Consumer clientId=consumer-Consumer-topic-b42b61d9_678c_404a_b9da_da0df014fdd3-15, groupId=Consumer-topic-b42b61d9_678c_404a_b9da_da0df014fdd3] Request joining group due to: need to re-join with the given member-id: consumer-Consumer-topic-b42b61d9_678c_404a_b9da_da0df014fdd3-15-764d3856-878d-4084-83ed-06e96d1e95ab
2025-07-31 17:04:39,777 INFO  [org.apa.kaf.cli.con.int.ConsumerCoordinator] (Thread-707) [Consumer clientId=consumer-Consumer-topic-b42b61d9_678c_404a_b9da_da0df014fdd3-15, groupId=Consumer-topic-b42b61d9_678c_404a_b9da_da0df014fdd3] (Re-)joining group
2025-07-31 17:04:39,779 INFO  [org.apa.kaf.cli.con.int.ConsumerCoordinator] (Thread-707) [Consumer clientId=consumer-Consumer-topic-b42b61d9_678c_404a_b9da_da0df014fdd3-15, groupId=Consumer-topic-b42b61d9_678c_404a_b9da_da0df014fdd3] Successfully joined group with generation Generation{generationId=1, memberId='consumer-Consumer-topic-b42b61d9_678c_404a_b9da_da0df014fdd3-15-764d3856-878d-4084-83ed-06e96d1e95ab', protocol='range'}
2025-07-31 17:04:39,779 INFO  [org.apa.kaf.cli.con.int.ConsumerCoordinator] (Thread-707) [Consumer clientId=consumer-Consumer-topic-b42b61d9_678c_404a_b9da_da0df014fdd3-15, groupId=Consumer-topic-b42b61d9_678c_404a_b9da_da0df014fdd3] Finished assignment for group at generation 1: {consumer-Consumer-topic-b42b61d9_678c_404a_b9da_da0df014fdd3-15-764d3856-878d-4084-83ed-06e96d1e95ab=Assignment(partitions=[topic-b42b61d9_678c_404a_b9da_da0df014fdd3-0])}
2025-07-31 17:04:39,781 INFO  [org.apa.kaf.cli.con.int.ConsumerCoordinator] (Thread-707) [Consumer clientId=consumer-Consumer-topic-b42b61d9_678c_404a_b9da_da0df014fdd3-15, groupId=Consumer-topic-b42b61d9_678c_404a_b9da_da0df014fdd3] Successfully synced group in generation Generation{generationId=1, memberId='consumer-Consumer-topic-b42b61d9_678c_404a_b9da_da0df014fdd3-15-764d3856-878d-4084-83ed-06e96d1e95ab', protocol='range'}
2025-07-31 17:04:39,781 INFO  [org.apa.kaf.cli.con.int.ConsumerCoordinator] (Thread-707) [Consumer clientId=consumer-Consumer-topic-b42b61d9_678c_404a_b9da_da0df014fdd3-15, groupId=Consumer-topic-b42b61d9_678c_404a_b9da_da0df014fdd3] Notifying assignor about the new Assignment(partitions=[topic-b42b61d9_678c_404a_b9da_da0df014fdd3-0])
2025-07-31 17:04:39,781 INFO  [org.apa.kaf.cli.con.int.ConsumerRebalanceListenerInvoker] (Thread-707) [Consumer clientId=consumer-Consumer-topic-b42b61d9_678c_404a_b9da_da0df014fdd3-15, groupId=Consumer-topic-b42b61d9_678c_404a_b9da_da0df014fdd3] Adding newly assigned partitions: topic-b42b61d9_678c_404a_b9da_da0df014fdd3-0
2025-07-31 17:04:39,783 INFO  [org.apa.kaf.cli.con.int.ConsumerCoordinator] (Thread-707) [Consumer clientId=consumer-Consumer-topic-b42b61d9_678c_404a_b9da_da0df014fdd3-15, groupId=Consumer-topic-b42b61d9_678c_404a_b9da_da0df014fdd3] Found no committed offset for partition topic-b42b61d9_678c_404a_b9da_da0df014fdd3-0
2025-07-31 17:04:39,789 INFO  [org.apa.kaf.cli.con.int.SubscriptionState] (Thread-707) [Consumer clientId=consumer-Consumer-topic-b42b61d9_678c_404a_b9da_da0df014fdd3-15, groupId=Consumer-topic-b42b61d9_678c_404a_b9da_da0df014fdd3] Resetting offset for partition topic-b42b61d9_678c_404a_b9da_da0df014fdd3-0 to position FetchPosition{offset=0, offsetEpoch=Optional.empty, currentLeader=LeaderAndEpoch{leader=Optional[localhost:32770 (id: 0 rack: null)], epoch=0}}.
2025-07-31 17:04:40,026 INFO  [io.api.tes.ser.api.KafkaSerdesTester] (Thread-707) topic-b42b61d9_678c_404a_b9da_da0df014fdd3 0 0 {"key11753981479132": "value-0"}
2025-07-31 17:04:40,026 INFO  [io.api.tes.ser.api.KafkaSerdesTester] (Thread-707) topic-b42b61d9_678c_404a_b9da_da0df014fdd3 0 1 {"key11753981479132": "value-1"}
2025-07-31 17:04:40,026 INFO  [io.api.tes.ser.api.KafkaSerdesTester] (Thread-707) topic-b42b61d9_678c_404a_b9da_da0df014fdd3 0 2 {"key11753981479132": "value-2"}
2025-07-31 17:04:40,026 INFO  [io.api.tes.ser.api.KafkaSerdesTester] (Thread-707) topic-b42b61d9_678c_404a_b9da_da0df014fdd3 0 3 {"key11753981479132": "value-3"}
2025-07-31 17:04:40,026 INFO  [io.api.tes.ser.api.KafkaSerdesTester] (Thread-707) topic-b42b61d9_678c_404a_b9da_da0df014fdd3 0 4 {"key11753981479132": "value-4"}
2025-07-31 17:04:40,026 INFO  [io.api.tes.ser.api.KafkaSerdesTester] (Thread-707) topic-b42b61d9_678c_404a_b9da_da0df014fdd3 0 5 {"key11753981479132": "value-5"}
2025-07-31 17:04:40,026 INFO  [io.api.tes.ser.api.KafkaSerdesTester] (Thread-707) topic-b42b61d9_678c_404a_b9da_da0df014fdd3 0 6 {"key11753981479132": "value-6"}
2025-07-31 17:04:40,026 INFO  [io.api.tes.ser.api.KafkaSerdesTester] (Thread-707) topic-b42b61d9_678c_404a_b9da_da0df014fdd3 0 7 {"key11753981479132": "value-7"}
2025-07-31 17:04:40,026 INFO  [io.api.tes.ser.api.KafkaSerdesTester] (Thread-707) topic-b42b61d9_678c_404a_b9da_da0df014fdd3 0 8 {"key11753981479132": "value-8"}
2025-07-31 17:04:40,026 INFO  [io.api.tes.ser.api.KafkaSerdesTester] (Thread-707) topic-b42b61d9_678c_404a_b9da_da0df014fdd3 0 9 {"key11753981479132": "value-9"}
2025-07-31 17:04:40,026 INFO  [io.api.tes.ser.api.KafkaSerdesTester] (Thread-707) Consumed 10 messages
2025-07-31 17:04:40,029 INFO  [org.apa.kaf.cli.con.int.ConsumerRebalanceListenerInvoker] (Thread-707) [Consumer clientId=consumer-Consumer-topic-b42b61d9_678c_404a_b9da_da0df014fdd3-15, groupId=Consumer-topic-b42b61d9_678c_404a_b9da_da0df014fdd3] Revoke previously assigned partitions topic-b42b61d9_678c_404a_b9da_da0df014fdd3-0
2025-07-31 17:04:40,029 INFO  [org.apa.kaf.cli.con.int.ConsumerCoordinator] (Thread-707) [Consumer clientId=consumer-Consumer-topic-b42b61d9_678c_404a_b9da_da0df014fdd3-15, groupId=Consumer-topic-b42b61d9_678c_404a_b9da_da0df014fdd3] Member consumer-Consumer-topic-b42b61d9_678c_404a_b9da_da0df014fdd3-15-764d3856-878d-4084-83ed-06e96d1e95ab sending LeaveGroup request to coordinator localhost:32770 (id: 2147483647 rack: null) due to the consumer is being closed
2025-07-31 17:04:40,029 INFO  [org.apa.kaf.cli.con.int.ConsumerCoordinator] (Thread-707) [Consumer clientId=consumer-Consumer-topic-b42b61d9_678c_404a_b9da_da0df014fdd3-15, groupId=Consumer-topic-b42b61d9_678c_404a_b9da_da0df014fdd3] Resetting generation and member id due to: consumer pro-actively leaving the group
2025-07-31 17:04:40,029 INFO  [org.apa.kaf.cli.con.int.ConsumerCoordinator] (Thread-707) [Consumer clientId=consumer-Consumer-topic-b42b61d9_678c_404a_b9da_da0df014fdd3-15, groupId=Consumer-topic-b42b61d9_678c_404a_b9da_da0df014fdd3] Request joining group due to: consumer pro-actively leaving the group
2025-07-31 17:04:40,529 INFO  [org.apa.kaf.com.met.Metrics] (Thread-707) Metrics scheduler closed
2025-07-31 17:04:40,529 INFO  [org.apa.kaf.com.met.Metrics] (Thread-707) Closing reporter org.apache.kafka.common.metrics.JmxReporter
2025-07-31 17:04:40,529 INFO  [org.apa.kaf.com.met.Metrics] (Thread-707) Closing reporter org.apache.kafka.common.telemetry.internals.ClientTelemetryReporter
2025-07-31 17:04:40,529 INFO  [org.apa.kaf.com.met.Metrics] (Thread-707) Metrics reporters closed
2025-07-31 17:04:40,531 INFO  [org.apa.kaf.com.uti.AppInfoParser] (Thread-707) App info kafka.consumer for consumer-Consumer-topic-b42b61d9_678c_404a_b9da_da0df014fdd3-15 unregistered
2025-07-31 17:04:40,532 INFO  [io.api.tes.uti.TestSeparator] (main) io.apicurio.tests.serdes.apicurio.AvroSerdeIT.testGlobalIdInBody-FINISHED
2025-07-31 17:04:40,532 INFO  [io.api.tes.uti.TestSeparator] (main) ############################################################################
Test passed: testGlobalIdInBody
]]></system-out>
  </testcase>
  <testcase name="testProducerUsesGlobalIdConsumerUsesDefault" classname="io.apicurio.tests.serdes.apicurio.AvroSerdeIT" time="0.0">
    <skipped message="void io.apicurio.tests.serdes.apicurio.AvroSerdeIT.testProducerUsesGlobalIdConsumerUsesDefault() throws java.lang.Exception is @Disabled"/>
  </testcase>
</testsuite>