<?xml version="1.0" encoding="UTF-8"?>
<testsuite xmlns:xsi="http://www.w3.org/2001/XMLSchema-instance" xsi:noNamespaceSchemaLocation="https://maven.apache.org/surefire/maven-failsafe-plugin/xsd/failsafe-test-report.xsd" version="3.0.2" name="io.apicurio.tests.serdes.confluent.BasicConfluentSerDesIT" time="14.341" tests="8" errors="1" skipped="0" failures="0">
  <properties>
    <property name="java.specification.version" value="17"/>
    <property name="sun.jnu.encoding" value="UTF-8"/>
    <property name="java.class.path" value="/home/runner/work/apicurio-testing/apicurio-testing/clusters/ci419/namespaces/mysql/tests/integration/apicurio-registry/integration-tests/target/test-classes:/home/runner/work/apicurio-testing/apicurio-testing/clusters/ci419/namespaces/mysql/tests/integration/apicurio-registry/integration-tests/target/apicurio-registry-integration-tests-3.0.11-SNAPSHOT.jar:/home/runner/.m2/repository/io/quarkus/quarkus-junit5/3.20.1/quarkus-junit5-3.20.1.jar:/home/runner/.m2/repository/io/quarkus/quarkus-bootstrap-core/3.20.1/quarkus-bootstrap-core-3.20.1.jar:/home/runner/.m2/repository/io/quarkus/quarkus-classloader-commons/3.20.1/quarkus-classloader-commons-3.20.1.jar:/home/runner/.m2/repository/io/quarkus/quarkus-bootstrap-app-model/3.20.1/quarkus-bootstrap-app-model-3.20.1.jar:/home/runner/.m2/repository/io/smallrye/common/smallrye-common-io/2.12.0/smallrye-common-io-2.12.0.jar:/home/runner/.m2/repository/org/eclipse/sisu/org.eclipse.sisu.inject/0.9.0.M3/org.eclipse.sisu.inject-0.9.0.M3.jar:/home/runner/.m2/repository/io/quarkus/quarkus-test-common/3.20.1/quarkus-test-common-3.20.1.jar:/home/runner/.m2/repository/io/quarkus/quarkus-core-deployment/3.20.1/quarkus-core-deployment-3.20.1.jar:/home/runner/.m2/repository/org/aesh/readline/2.6/readline-2.6.jar:/home/runner/.m2/repository/org/fusesource/jansi/jansi/2.4.0/jansi-2.4.0.jar:/home/runner/.m2/repository/org/aesh/aesh/2.8.2/aesh-2.8.2.jar:/home/runner/.m2/repository/io/quarkus/gizmo/gizmo/1.8.0/gizmo-1.8.0.jar:/home/runner/.m2/repository/org/ow2/asm/asm-util/9.7.1/asm-util-9.7.1.jar:/home/runner/.m2/repository/org/ow2/asm/asm-analysis/9.7.1/asm-analysis-9.7.1.jar:/home/runner/.m2/repository/org/ow2/asm/asm-commons/9.7.1/asm-commons-9.7.1.jar:/home/runner/.m2/repository/org/ow2/asm/asm-tree/9.7.1/asm-tree-9.7.1.jar:/home/runner/.m2/repository/io/quarkus/quarkus-hibernate-validator-spi/3.20.1/quarkus-hibernate-validator-spi-3.20.1.jar:/home/runner/.m2/repository/io/quarkus/quarkus-class-change-agent/3.20.1/quarkus-class-change-agent-3.20.1.jar:/home/runner/.m2/repository/io/quarkus/quarkus-devtools-utilities/3.20.1/quarkus-devtools-utilities-3.20.1.jar:/home/runner/.m2/repository/io/quarkus/quarkus-builder/3.20.1/quarkus-builder-3.20.1.jar:/home/runner/.m2/repository/org/graalvm/sdk/nativeimage/23.1.2/nativeimage-23.1.2.jar:/home/runner/.m2/repository/org/graalvm/sdk/word/23.1.2/word-23.1.2.jar:/home/runner/.m2/repository/io/quarkus/quarkus-bootstrap-maven-resolver/3.20.1/quarkus-bootstrap-maven-resolver-3.20.1.jar:/home/runner/.m2/repository/io/smallrye/beanbag/smallrye-beanbag-maven/1.5.2/smallrye-beanbag-maven-1.5.2.jar:/home/runner/.m2/repository/io/smallrye/beanbag/smallrye-beanbag-sisu/1.5.2/smallrye-beanbag-sisu-1.5.2.jar:/home/runner/.m2/repository/io/smallrye/beanbag/smallrye-beanbag/1.5.2/smallrye-beanbag-1.5.2.jar:/home/runner/.m2/repository/javax/inject/javax.inject/1/javax.inject-1.jar:/home/runner/.m2/repository/org/apache/maven/maven-artifact/3.9.9/maven-artifact-3.9.9.jar:/home/runner/.m2/repository/org/apache/maven/maven-builder-support/3.9.9/maven-builder-support-3.9.9.jar:/home/runner/.m2/repository/org/apache/maven/maven-model/3.9.9/maven-model-3.9.9.jar:/home/runner/.m2/repository/org/apache/maven/maven-model-builder/3.9.9/maven-model-builder-3.9.9.jar:/home/runner/.m2/repository/org/apache/maven/maven-repository-metadata/3.9.9/maven-repository-metadata-3.9.9.jar:/home/runner/.m2/repository/org/apache/maven/maven-settings/3.9.9/maven-settings-3.9.9.jar:/home/runner/.m2/repository/org/apache/maven/resolver/maven-resolver-api/1.9.22/maven-resolver-api-1.9.22.jar:/home/runner/.m2/repository/org/apache/maven/resolver/maven-resolver-impl/1.9.22/maven-resolver-impl-1.9.22.jar:/home/runner/.m2/repository/org/apache/maven/resolver/maven-resolver-named-locks/1.9.22/maven-resolver-named-locks-1.9.22.jar:/home/runner/.m2/repository/org/apache/maven/resolver/maven-resolver-spi/1.9.22/maven-resolver-spi-1.9.22.jar:/home/runner/.m2/repository/org/apache/maven/resolver/maven-resolver-util/1.9.22/maven-resolver-util-1.9.22.jar:/home/runner/.m2/repository/org/apache/maven/resolver/maven-resolver-transport-http/1.9.20/maven-resolver-transport-http-1.9.20.jar:/home/runner/.m2/repository/org/apache/maven/wagon/wagon-provider-api/3.5.3/wagon-provider-api-3.5.3.jar:/home/runner/.m2/repository/org/apache/maven/wagon/wagon-http-shared/3.5.3/wagon-http-shared-3.5.3.jar:/home/runner/.m2/repository/org/codehaus/plexus/plexus-interpolation/1.26/plexus-interpolation-1.26.jar:/home/runner/.m2/repository/org/codehaus/plexus/plexus-utils/3.5.1/plexus-utils-3.5.1.jar:/home/runner/.m2/repository/org/codehaus/plexus/plexus-xml/4.0.1/plexus-xml-4.0.1.jar:/home/runner/.m2/repository/org/apache/maven/maven-xml-impl/4.0.0-alpha-5/maven-xml-impl-4.0.0-alpha-5.jar:/home/runner/.m2/repository/org/apache/maven/maven-api-xml/4.0.0-alpha-5/maven-api-xml-4.0.0-alpha-5.jar:/home/runner/.m2/repository/org/apache/maven/maven-api-meta/4.0.0-alpha-5/maven-api-meta-4.0.0-alpha-5.jar:/home/runner/.m2/repository/org/codehaus/plexus/plexus-cipher/2.0/plexus-cipher-2.0.jar:/home/runner/.m2/repository/org/codehaus/plexus/plexus-sec-dispatcher/2.0/plexus-sec-dispatcher-2.0.jar:/home/runner/.m2/repository/org/apache/maven/maven-embedder/3.9.9/maven-embedder-3.9.9.jar:/home/runner/.m2/repository/org/apache/maven/maven-core/3.9.9/maven-core-3.9.9.jar:/home/runner/.m2/repository/org/codehaus/plexus/plexus-component-annotations/2.1.0/plexus-component-annotations-2.1.0.jar:/home/runner/.m2/repository/org/apache/maven/maven-plugin-api/3.9.9/maven-plugin-api-3.9.9.jar:/home/runner/.m2/repository/org/apache/maven/shared/maven-shared-utils/3.4.2/maven-shared-utils-3.4.2.jar:/home/runner/.m2/repository/com/google/inject/guice/5.1.0/guice-5.1.0.jar:/home/runner/.m2/repository/aopalliance/aopalliance/1.0/aopalliance-1.0.jar:/home/runner/.m2/repository/org/codehaus/plexus/plexus-classworlds/2.6.0/plexus-classworlds-2.6.0.jar:/home/runner/.m2/repository/commons-cli/commons-cli/1.8.0/commons-cli-1.8.0.jar:/home/runner/.m2/repository/org/eclipse/sisu/org.eclipse.sisu.plexus/0.9.0.M3/org.eclipse.sisu.plexus-0.9.0.M3.jar:/home/runner/.m2/repository/org/apache/maven/maven-settings-builder/3.9.9/maven-settings-builder-3.9.9.jar:/home/runner/.m2/repository/org/apache/maven/maven-resolver-provider/3.9.9/maven-resolver-provider-3.9.9.jar:/home/runner/.m2/repository/org/apache/maven/resolver/maven-resolver-connector-basic/1.9.22/maven-resolver-connector-basic-1.9.22.jar:/home/runner/.m2/repository/org/apache/maven/resolver/maven-resolver-transport-wagon/1.9.22/maven-resolver-transport-wagon-1.9.22.jar:/home/runner/.m2/repository/org/apache/maven/wagon/wagon-http/3.5.3/wagon-http-3.5.3.jar:/home/runner/.m2/repository/org/apache/maven/wagon/wagon-file/3.5.3/wagon-file-3.5.3.jar:/home/runner/.m2/repository/io/quarkus/quarkus-bootstrap-gradle-resolver/3.20.1/quarkus-bootstrap-gradle-resolver-3.20.1.jar:/home/runner/.m2/repository/io/smallrye/jandex/3.3.0/jandex-3.3.0.jar:/home/runner/.m2/repository/org/jboss/logging/commons-logging-jboss-logging/1.0.0.Final/commons-logging-jboss-logging-1.0.0.Final.jar:/home/runner/.m2/repository/io/quarkus/quarkus-junit5-config/3.20.1/quarkus-junit5-config-3.20.1.jar:/home/runner/.m2/repository/org/junit/jupiter/junit-jupiter-api/5.12.1/junit-jupiter-api-5.12.1.jar:/home/runner/.m2/repository/io/smallrye/config/smallrye-config/3.11.4/smallrye-config-3.11.4.jar:/home/runner/.m2/repository/io/smallrye/config/smallrye-config-core/3.11.4/smallrye-config-core-3.11.4.jar:/home/runner/.m2/repository/io/smallrye/common/smallrye-common-classloader/2.12.0/smallrye-common-classloader-2.12.0.jar:/home/runner/.m2/repository/io/smallrye/config/smallrye-config-common/3.11.4/smallrye-config-common-3.11.4.jar:/home/runner/.m2/repository/org/junit/jupiter/junit-jupiter/5.12.1/junit-jupiter-5.12.1.jar:/home/runner/.m2/repository/org/junit/jupiter/junit-jupiter-params/5.12.1/junit-jupiter-params-5.12.1.jar:/home/runner/.m2/repository/org/junit/jupiter/junit-jupiter-engine/5.12.1/junit-jupiter-engine-5.12.1.jar:/home/runner/.m2/repository/io/quarkus/quarkus-core/3.20.1/quarkus-core-3.20.1.jar:/home/runner/.m2/repository/jakarta/enterprise/jakarta.enterprise.cdi-api/4.1.0/jakarta.enterprise.cdi-api-4.1.0.jar:/home/runner/.m2/repository/jakarta/enterprise/jakarta.enterprise.lang-model/4.1.0/jakarta.enterprise.lang-model-4.1.0.jar:/home/runner/.m2/repository/jakarta/el/jakarta.el-api/5.0.1/jakarta.el-api-5.0.1.jar:/home/runner/.m2/repository/jakarta/interceptor/jakarta.interceptor-api/2.2.0/jakarta.interceptor-api-2.2.0.jar:/home/runner/.m2/repository/jakarta/inject/jakarta.inject-api/2.0.1/jakarta.inject-api-2.0.1.jar:/home/runner/.m2/repository/io/smallrye/common/smallrye-common-os/2.12.0/smallrye-common-os-2.12.0.jar:/home/runner/.m2/repository/io/quarkus/quarkus-ide-launcher/3.20.1/quarkus-ide-launcher-3.20.1.jar:/home/runner/.m2/repository/io/quarkus/quarkus-development-mode-spi/3.20.1/quarkus-development-mode-spi-3.20.1.jar:/home/runner/.m2/repository/org/jboss/logging/jboss-logging/3.6.1.Final/jboss-logging-3.6.1.Final.jar:/home/runner/.m2/repository/org/jboss/logmanager/jboss-logmanager/3.1.2.Final/jboss-logmanager-3.1.2.Final.jar:/home/runner/.m2/repository/io/smallrye/common/smallrye-common-constraint/2.12.0/smallrye-common-constraint-2.12.0.jar:/home/runner/.m2/repository/io/smallrye/common/smallrye-common-cpu/2.12.0/smallrye-common-cpu-2.12.0.jar:/home/runner/.m2/repository/io/smallrye/common/smallrye-common-expression/2.12.0/smallrye-common-expression-2.12.0.jar:/home/runner/.m2/repository/io/smallrye/common/smallrye-common-net/2.12.0/smallrye-common-net-2.12.0.jar:/home/runner/.m2/repository/io/smallrye/common/smallrye-common-ref/2.12.0/smallrye-common-ref-2.12.0.jar:/home/runner/.m2/repository/jakarta/json/jakarta.json-api/2.1.3/jakarta.json-api-2.1.3.jar:/home/runner/.m2/repository/org/eclipse/parsson/parsson/1.1.7/parsson-1.1.7.jar:/home/runner/.m2/repository/org/jboss/logging/jboss-logging-annotations/3.0.4.Final/jboss-logging-annotations-3.0.4.Final.jar:/home/runner/.m2/repository/org/jboss/threads/jboss-threads/3.8.0.Final/jboss-threads-3.8.0.Final.jar:/home/runner/.m2/repository/io/smallrye/common/smallrye-common-annotation/2.12.0/smallrye-common-annotation-2.12.0.jar:/home/runner/.m2/repository/io/smallrye/common/smallrye-common-function/2.12.0/smallrye-common-function-2.12.0.jar:/home/runner/.m2/repository/org/jboss/slf4j/slf4j-jboss-logmanager/2.0.0.Final/slf4j-jboss-logmanager-2.0.0.Final.jar:/home/runner/.m2/repository/org/wildfly/common/wildfly-common/2.0.1/wildfly-common-2.0.1.jar:/home/runner/.m2/repository/io/quarkus/quarkus-bootstrap-runner/3.20.1/quarkus-bootstrap-runner-3.20.1.jar:/home/runner/.m2/repository/io/github/crac/org-crac/0.1.3/org-crac-0.1.3.jar:/home/runner/.m2/repository/io/quarkus/quarkus-fs-util/0.0.10/quarkus-fs-util-0.0.10.jar:/home/runner/.m2/repository/org/jboss/marshalling/jboss-marshalling/2.2.2.Final/jboss-marshalling-2.2.2.Final.jar:/home/runner/.m2/repository/io/fabric8/kubernetes-client/7.1.0/kubernetes-client-7.1.0.jar:/home/runner/.m2/repository/io/fabric8/kubernetes-client-api/7.1.0/kubernetes-client-api-7.1.0.jar:/home/runner/.m2/repository/io/fabric8/kubernetes-model-core/7.1.0/kubernetes-model-core-7.1.0.jar:/home/runner/.m2/repository/io/fabric8/kubernetes-model-common/7.1.0/kubernetes-model-common-7.1.0.jar:/home/runner/.m2/repository/javax/annotation/javax.annotation-api/1.3.2/javax.annotation-api-1.3.2.jar:/home/runner/.m2/repository/io/fabric8/kubernetes-model-gatewayapi/7.1.0/kubernetes-model-gatewayapi-7.1.0.jar:/home/runner/.m2/repository/io/fabric8/kubernetes-model-resource/7.1.0/kubernetes-model-resource-7.1.0.jar:/home/runner/.m2/repository/io/fabric8/kubernetes-model-rbac/7.1.0/kubernetes-model-rbac-7.1.0.jar:/home/runner/.m2/repository/io/fabric8/kubernetes-model-admissionregistration/7.1.0/kubernetes-model-admissionregistration-7.1.0.jar:/home/runner/.m2/repository/io/fabric8/kubernetes-model-apps/7.1.0/kubernetes-model-apps-7.1.0.jar:/home/runner/.m2/repository/io/fabric8/kubernetes-model-autoscaling/7.1.0/kubernetes-model-autoscaling-7.1.0.jar:/home/runner/.m2/repository/io/fabric8/kubernetes-model-apiextensions/7.1.0/kubernetes-model-apiextensions-7.1.0.jar:/home/runner/.m2/repository/io/fabric8/kubernetes-model-batch/7.1.0/kubernetes-model-batch-7.1.0.jar:/home/runner/.m2/repository/io/fabric8/kubernetes-model-certificates/7.1.0/kubernetes-model-certificates-7.1.0.jar:/home/runner/.m2/repository/io/fabric8/kubernetes-model-coordination/7.1.0/kubernetes-model-coordination-7.1.0.jar:/home/runner/.m2/repository/io/fabric8/kubernetes-model-discovery/7.1.0/kubernetes-model-discovery-7.1.0.jar:/home/runner/.m2/repository/io/fabric8/kubernetes-model-events/7.1.0/kubernetes-model-events-7.1.0.jar:/home/runner/.m2/repository/io/fabric8/kubernetes-model-extensions/7.1.0/kubernetes-model-extensions-7.1.0.jar:/home/runner/.m2/repository/io/fabric8/kubernetes-model-flowcontrol/7.1.0/kubernetes-model-flowcontrol-7.1.0.jar:/home/runner/.m2/repository/io/fabric8/kubernetes-model-networking/7.1.0/kubernetes-model-networking-7.1.0.jar:/home/runner/.m2/repository/io/fabric8/kubernetes-model-metrics/7.1.0/kubernetes-model-metrics-7.1.0.jar:/home/runner/.m2/repository/io/fabric8/kubernetes-model-policy/7.1.0/kubernetes-model-policy-7.1.0.jar:/home/runner/.m2/repository/io/fabric8/kubernetes-model-scheduling/7.1.0/kubernetes-model-scheduling-7.1.0.jar:/home/runner/.m2/repository/io/fabric8/kubernetes-model-storageclass/7.1.0/kubernetes-model-storageclass-7.1.0.jar:/home/runner/.m2/repository/io/fabric8/kubernetes-model-node/7.1.0/kubernetes-model-node-7.1.0.jar:/home/runner/.m2/repository/org/snakeyaml/snakeyaml-engine/2.9/snakeyaml-engine-2.9.jar:/home/runner/.m2/repository/com/fasterxml/jackson/dataformat/jackson-dataformat-yaml/2.15.2/jackson-dataformat-yaml-2.15.2.jar:/home/runner/.m2/repository/com/fasterxml/jackson/datatype/jackson-datatype-jsr310/2.18.2/jackson-datatype-jsr310-2.18.2.jar:/home/runner/.m2/repository/io/fabric8/zjsonpatch/7.1.0/zjsonpatch-7.1.0.jar:/home/runner/.m2/repository/io/fabric8/kubernetes-httpclient-vertx/7.1.0/kubernetes-httpclient-vertx-7.1.0.jar:/home/runner/.m2/repository/io/vertx/vertx-web-client/4.5.14/vertx-web-client-4.5.14.jar:/home/runner/.m2/repository/io/vertx/vertx-web-common/4.5.14/vertx-web-common-4.5.14.jar:/home/runner/.m2/repository/io/vertx/vertx-auth-common/4.5.14/vertx-auth-common-4.5.14.jar:/home/runner/.m2/repository/io/vertx/vertx-uri-template/4.5.14/vertx-uri-template-4.5.14.jar:/home/runner/.m2/repository/io/fabric8/openshift-client/7.1.0/openshift-client-7.1.0.jar:/home/runner/.m2/repository/io/fabric8/openshift-client-api/7.1.0/openshift-client-api-7.1.0.jar:/home/runner/.m2/repository/io/fabric8/openshift-model/7.1.0/openshift-model-7.1.0.jar:/home/runner/.m2/repository/io/fabric8/openshift-model-autoscaling/7.1.0/openshift-model-autoscaling-7.1.0.jar:/home/runner/.m2/repository/io/fabric8/openshift-model-operator/7.1.0/openshift-model-operator-7.1.0.jar:/home/runner/.m2/repository/io/fabric8/openshift-model-operatorhub/7.1.0/openshift-model-operatorhub-7.1.0.jar:/home/runner/.m2/repository/io/fabric8/openshift-model-machine/7.1.0/openshift-model-machine-7.1.0.jar:/home/runner/.m2/repository/io/fabric8/openshift-model-whereabouts/7.1.0/openshift-model-whereabouts-7.1.0.jar:/home/runner/.m2/repository/io/fabric8/openshift-model-monitoring/7.1.0/openshift-model-monitoring-7.1.0.jar:/home/runner/.m2/repository/io/fabric8/openshift-model-storageversionmigrator/7.1.0/openshift-model-storageversionmigrator-7.1.0.jar:/home/runner/.m2/repository/io/fabric8/openshift-model-tuned/7.1.0/openshift-model-tuned-7.1.0.jar:/home/runner/.m2/repository/io/fabric8/openshift-model-console/7.1.0/openshift-model-console-7.1.0.jar:/home/runner/.m2/repository/io/fabric8/openshift-model-config/7.1.0/openshift-model-config-7.1.0.jar:/home/runner/.m2/repository/io/fabric8/openshift-model-machineconfiguration/7.1.0/openshift-model-machineconfiguration-7.1.0.jar:/home/runner/.m2/repository/io/fabric8/openshift-model-miscellaneous/7.1.0/openshift-model-miscellaneous-7.1.0.jar:/home/runner/.m2/repository/io/fabric8/openshift-model-hive/7.1.0/openshift-model-hive-7.1.0.jar:/home/runner/.m2/repository/io/fabric8/openshift-model-installer/7.1.0/openshift-model-installer-7.1.0.jar:/home/runner/.m2/repository/org/junit/platform/junit-platform-launcher/1.12.1/junit-platform-launcher-1.12.1.jar:/home/runner/.m2/repository/org/junit/platform/junit-platform-engine/1.12.1/junit-platform-engine-1.12.1.jar:/home/runner/.m2/repository/org/opentest4j/opentest4j/1.3.0/opentest4j-1.3.0.jar:/home/runner/.m2/repository/org/junit/platform/junit-platform-commons/1.12.1/junit-platform-commons-1.12.1.jar:/home/runner/.m2/repository/org/apiguardian/apiguardian-api/1.1.2/apiguardian-api-1.1.2.jar:/home/runner/.m2/repository/jakarta/ws/rs/jakarta.ws.rs-api/3.1.0/jakarta.ws.rs-api-3.1.0.jar:/home/runner/work/apicurio-testing/apicurio-testing/clusters/ci419/namespaces/mysql/tests/integration/apicurio-registry/java-sdk/target/apicurio-registry-java-sdk-3.0.11-SNAPSHOT.jar:/home/runner/.m2/repository/com/microsoft/kiota/microsoft-kiota-abstractions/1.8.8/microsoft-kiota-abstractions-1.8.8.jar:/home/runner/.m2/repository/io/github/std-uritemplate/std-uritemplate/2.0.0/std-uritemplate-2.0.0.jar:/home/runner/.m2/repository/io/kiota/kiota-http-jdk/0.0.21/kiota-http-jdk-0.0.21.jar:/home/runner/.m2/repository/io/kiota/kiota-http-vertx/0.0.21/kiota-http-vertx-0.0.21.jar:/home/runner/.m2/repository/io/kiota/kiota-serialization-jackson/0.0.21/kiota-serialization-jackson-0.0.21.jar:/home/runner/.m2/repository/com/microsoft/kiota/microsoft-kiota-serialization-text/1.8.8/microsoft-kiota-serialization-text-1.8.8.jar:/home/runner/.m2/repository/com/microsoft/kiota/microsoft-kiota-serialization-form/1.8.8/microsoft-kiota-serialization-form-1.8.8.jar:/home/runner/.m2/repository/com/microsoft/kiota/microsoft-kiota-serialization-multipart/1.8.8/microsoft-kiota-serialization-multipart-1.8.8.jar:/home/runner/.m2/repository/jakarta/annotation/jakarta.annotation-api/3.0.0/jakarta.annotation-api-3.0.0.jar:/home/runner/.m2/repository/io/vertx/vertx-auth-oauth2/4.5.14/vertx-auth-oauth2-4.5.14.jar:/home/runner/work/apicurio-testing/apicurio-testing/clusters/ci419/namespaces/mysql/tests/integration/apicurio-registry/java-sdk-v2/target/apicurio-registry-v2-java-sdk-3.0.11-SNAPSHOT.jar:/home/runner/work/apicurio-testing/apicurio-testing/clusters/ci419/namespaces/mysql/tests/integration/apicurio-registry/utils/kafka/target/apicurio-registry-utils-kafka-3.0.11-SNAPSHOT-tests.jar:/home/runner/.m2/repository/org/eclipse/microprofile/config/microprofile-config-api/3.1/microprofile-config-api-3.1.jar:/home/runner/.m2/repository/org/apache/kafka/kafka-clients/3.9.1/kafka-clients-3.9.1.jar:/home/runner/.m2/repository/com/github/luben/zstd-jni/1.5.6-4/zstd-jni-1.5.6-4.jar:/home/runner/.m2/repository/org/lz4/lz4-java/1.8.0/lz4-java-1.8.0.jar:/home/runner/.m2/repository/org/xerial/snappy/snappy-java/1.1.10.5/snappy-java-1.1.10.5.jar:/home/runner/.m2/repository/org/slf4j/slf4j-api/2.0.6/slf4j-api-2.0.6.jar:/home/runner/work/apicurio-testing/apicurio-testing/clusters/ci419/namespaces/mysql/tests/integration/apicurio-registry/utils/tests/target/apicurio-registry-utils-tests-3.0.11-SNAPSHOT.jar:/home/runner/work/apicurio-testing/apicurio-testing/clusters/ci419/namespaces/mysql/tests/integration/apicurio-registry/common/target/apicurio-registry-common-3.0.11-SNAPSHOT.jar:/home/runner/.m2/repository/jakarta/validation/jakarta.validation-api/3.0.2/jakarta.validation-api-3.0.2.jar:/home/runner/.m2/repository/com/github/dasniko/testcontainers-keycloak/3.6.0/testcontainers-keycloak-3.6.0.jar:/home/runner/.m2/repository/org/testcontainers/testcontainers/1.20.6/testcontainers-1.20.6.jar:/home/runner/.m2/repository/org/rnorth/duct-tape/duct-tape/1.0.8/duct-tape-1.0.8.jar:/home/runner/.m2/repository/org/jetbrains/annotations/26.0.2/annotations-26.0.2.jar:/home/runner/.m2/repository/com/github/docker-java/docker-java-transport-zerodep/3.4.1/docker-java-transport-zerodep-3.4.1.jar:/home/runner/.m2/repository/com/github/docker-java/docker-java-transport/3.4.1/docker-java-transport-3.4.1.jar:/home/runner/.m2/repository/net/java/dev/jna/jna/5.8.0/jna-5.8.0.jar:/home/runner/.m2/repository/io/quarkus/quarkus-junit4-mock/3.20.1/quarkus-junit4-mock-3.20.1.jar:/home/runner/.m2/repository/org/jboss/shrinkwrap/shrinkwrap-api/2.0.0-beta-2/shrinkwrap-api-2.0.0-beta-2.jar:/home/runner/.m2/repository/org/jboss/shrinkwrap/shrinkwrap-impl-base/2.0.0-beta-2/shrinkwrap-impl-base-2.0.0-beta-2.jar:/home/runner/.m2/repository/org/jboss/shrinkwrap/shrinkwrap-spi/2.0.0-beta-2/shrinkwrap-spi-2.0.0-beta-2.jar:/home/runner/.m2/repository/org/keycloak/keycloak-admin-client/26.0.4/keycloak-admin-client-26.0.4.jar:/home/runner/.m2/repository/org/keycloak/keycloak-client-common-synced/26.0.4/keycloak-client-common-synced-26.0.4.jar:/home/runner/.m2/repository/jakarta/activation/jakarta.activation-api/2.1.3/jakarta.activation-api-2.1.3.jar:/home/runner/.m2/repository/org/eclipse/microprofile/openapi/microprofile-openapi-api/4.0.2/microprofile-openapi-api-4.0.2.jar:/home/runner/.m2/repository/org/jboss/resteasy/resteasy-client/6.2.12.Final/resteasy-client-6.2.12.Final.jar:/home/runner/.m2/repository/org/jboss/resteasy/resteasy-client-api/6.2.12.Final/resteasy-client-api-6.2.12.Final.jar:/home/runner/.m2/repository/org/jboss/resteasy/resteasy-core-spi/6.2.12.Final/resteasy-core-spi-6.2.12.Final.jar:/home/runner/.m2/repository/org/jboss/resteasy/resteasy-core/6.2.12.Final/resteasy-core-6.2.12.Final.jar:/home/runner/.m2/repository/org/eclipse/angus/angus-activation/2.0.2/angus-activation-2.0.2.jar:/home/runner/.m2/repository/com/ibm/async/asyncutil/0.1.0/asyncutil-0.1.0.jar:/home/runner/.m2/repository/org/reactivestreams/reactive-streams/1.0.4/reactive-streams-1.0.4.jar:/home/runner/.m2/repository/org/jboss/resteasy/resteasy-multipart-provider/6.2.12.Final/resteasy-multipart-provider-6.2.12.Final.jar:/home/runner/.m2/repository/jakarta/mail/jakarta.mail-api/2.1.3/jakarta.mail-api-2.1.3.jar:/home/runner/.m2/repository/org/eclipse/angus/angus-mail/2.0.3/angus-mail-2.0.3.jar:/home/runner/.m2/repository/org/apache/james/apache-mime4j-dom/0.8.12/apache-mime4j-dom-0.8.12.jar:/home/runner/.m2/repository/org/apache/james/apache-mime4j-core/0.8.12/apache-mime4j-core-0.8.12.jar:/home/runner/.m2/repository/org/apache/james/apache-mime4j-storage/0.8.12/apache-mime4j-storage-0.8.12.jar:/home/runner/.m2/repository/org/jboss/resteasy/resteasy-jackson2-provider/6.2.12.Final/resteasy-jackson2-provider-6.2.12.Final.jar:/home/runner/.m2/repository/com/fasterxml/jackson/jakarta/rs/jackson-jakarta-rs-base/2.18.2/jackson-jakarta-rs-base-2.18.2.jar:/home/runner/.m2/repository/com/fasterxml/jackson/jakarta/rs/jackson-jakarta-rs-json-provider/2.18.2/jackson-jakarta-rs-json-provider-2.18.2.jar:/home/runner/.m2/repository/com/fasterxml/jackson/module/jackson-module-jakarta-xmlbind-annotations/2.18.2/jackson-module-jakarta-xmlbind-annotations-2.18.2.jar:/home/runner/.m2/repository/com/github/java-json-tools/json-patch/1.13/json-patch-1.13.jar:/home/runner/.m2/repository/com/github/java-json-tools/msg-simple/1.2/msg-simple-1.2.jar:/home/runner/.m2/repository/com/github/java-json-tools/btf/1.3/btf-1.3.jar:/home/runner/.m2/repository/com/github/java-json-tools/jackson-coreutils/2.0/jackson-coreutils-2.0.jar:/home/runner/.m2/repository/org/jboss/resteasy/resteasy-jaxb-provider/6.2.12.Final/resteasy-jaxb-provider-6.2.12.Final.jar:/home/runner/.m2/repository/org/glassfish/jaxb/codemodel/4.0.5/codemodel-4.0.5.jar:/home/runner/.m2/repository/org/glassfish/jaxb/jaxb-core/4.0.5/jaxb-core-4.0.5.jar:/home/runner/.m2/repository/org/glassfish/jaxb/jaxb-jxc/4.0.5/jaxb-jxc-4.0.5.jar:/home/runner/.m2/repository/org/glassfish/jaxb/jaxb-runtime/4.0.5/jaxb-runtime-4.0.5.jar:/home/runner/.m2/repository/org/glassfish/jaxb/txw2/4.0.5/txw2-4.0.5.jar:/home/runner/.m2/repository/org/glassfish/jaxb/jaxb-xjc/4.0.5/jaxb-xjc-4.0.5.jar:/home/runner/.m2/repository/org/glassfish/jaxb/xsom/4.0.5/xsom-4.0.5.jar:/home/runner/.m2/repository/com/sun/istack/istack-commons-runtime/4.1.2/istack-commons-runtime-4.1.2.jar:/home/runner/.m2/repository/com/sun/istack/istack-commons-tools/4.1.2/istack-commons-tools-4.1.2.jar:/home/runner/.m2/repository/com/sun/xml/bind/external/relaxng-datatype/4.0.5/relaxng-datatype-4.0.5.jar:/home/runner/.m2/repository/com/sun/xml/bind/external/rngom/4.0.5/rngom-4.0.5.jar:/home/runner/.m2/repository/org/testcontainers/mssqlserver/1.20.6/mssqlserver-1.20.6.jar:/home/runner/.m2/repository/org/testcontainers/jdbc/1.20.6/jdbc-1.20.6.jar:/home/runner/.m2/repository/org/testcontainers/database-commons/1.20.6/database-commons-1.20.6.jar:/home/runner/.m2/repository/org/testcontainers/mysql/1.20.6/mysql-1.20.6.jar:/home/runner/.m2/repository/io/strimzi/strimzi-test-container/0.107.0/strimzi-test-container-0.107.0.jar:/home/runner/.m2/repository/org/testcontainers/toxiproxy/1.20.6/toxiproxy-1.20.6.jar:/home/runner/.m2/repository/com/github/docker-java/docker-java-api/3.4.1/docker-java-api-3.4.1.jar:/home/runner/.m2/repository/eu/rekawek/toxiproxy/toxiproxy-java/2.1.7/toxiproxy-java-2.1.7.jar:/home/runner/.m2/repository/junit/junit/4.13.2/junit-4.13.2.jar:/home/runner/.m2/repository/org/hamcrest/hamcrest-core/1.3/hamcrest-core-1.3.jar:/home/runner/.m2/repository/org/testcontainers/pulsar/1.20.4/pulsar-1.20.4.jar:/home/runner/.m2/repository/io/debezium/debezium-testing-testcontainers/2.6.2.Final/debezium-testing-testcontainers-2.6.2.Final.jar:/home/runner/.m2/repository/org/testcontainers/kafka/1.20.6/kafka-1.20.6.jar:/home/runner/.m2/repository/com/squareup/okhttp3/okhttp/4.8.1/okhttp-4.8.1.jar:/home/runner/.m2/repository/com/squareup/okio/okio/3.10.2/okio-3.10.2.jar:/home/runner/.m2/repository/com/squareup/okio/okio-jvm/3.10.2/okio-jvm-3.10.2.jar:/home/runner/.m2/repository/org/jetbrains/kotlin/kotlin-stdlib/2.0.21/kotlin-stdlib-2.0.21.jar:/home/runner/.m2/repository/org/awaitility/awaitility/4.2.2/awaitility-4.2.2.jar:/home/runner/.m2/repository/org/testcontainers/mongodb/1.20.6/mongodb-1.20.6.jar:/home/runner/.m2/repository/org/testcontainers/oracle-xe/1.20.6/oracle-xe-1.20.6.jar:/home/runner/.m2/repository/org/testcontainers/postgresql/1.20.6/postgresql-1.20.6.jar:/home/runner/.m2/repository/org/wiremock/wiremock/3.0.1/wiremock-3.0.1.jar:/home/runner/.m2/repository/org/eclipse/jetty/jetty-server/11.0.15/jetty-server-11.0.15.jar:/home/runner/.m2/repository/org/eclipse/jetty/toolchain/jetty-jakarta-servlet-api/5.0.2/jetty-jakarta-servlet-api-5.0.2.jar:/home/runner/.m2/repository/org/eclipse/jetty/jetty-http/11.0.15/jetty-http-11.0.15.jar:/home/runner/.m2/repository/org/eclipse/jetty/jetty-io/11.0.15/jetty-io-11.0.15.jar:/home/runner/.m2/repository/org/eclipse/jetty/jetty-servlet/11.0.15/jetty-servlet-11.0.15.jar:/home/runner/.m2/repository/org/eclipse/jetty/jetty-security/11.0.15/jetty-security-11.0.15.jar:/home/runner/.m2/repository/org/eclipse/jetty/jetty-servlets/11.0.15/jetty-servlets-11.0.15.jar:/home/runner/.m2/repository/org/eclipse/jetty/jetty-util/11.0.15/jetty-util-11.0.15.jar:/home/runner/.m2/repository/org/eclipse/jetty/jetty-webapp/11.0.15/jetty-webapp-11.0.15.jar:/home/runner/.m2/repository/org/eclipse/jetty/jetty-xml/11.0.15/jetty-xml-11.0.15.jar:/home/runner/.m2/repository/org/eclipse/jetty/jetty-proxy/11.0.15/jetty-proxy-11.0.15.jar:/home/runner/.m2/repository/org/eclipse/jetty/jetty-client/11.0.15/jetty-client-11.0.15.jar:/home/runner/.m2/repository/org/eclipse/jetty/http2/http2-server/11.0.15/http2-server-11.0.15.jar:/home/runner/.m2/repository/org/eclipse/jetty/http2/http2-common/11.0.15/http2-common-11.0.15.jar:/home/runner/.m2/repository/org/eclipse/jetty/http2/http2-hpack/11.0.15/http2-hpack-11.0.15.jar:/home/runner/.m2/repository/org/eclipse/jetty/jetty-alpn-server/11.0.15/jetty-alpn-server-11.0.15.jar:/home/runner/.m2/repository/org/eclipse/jetty/jetty-alpn-java-server/11.0.15/jetty-alpn-java-server-11.0.15.jar:/home/runner/.m2/repository/org/eclipse/jetty/jetty-alpn-java-client/11.0.15/jetty-alpn-java-client-11.0.15.jar:/home/runner/.m2/repository/org/eclipse/jetty/jetty-alpn-client/11.0.15/jetty-alpn-client-11.0.15.jar:/home/runner/.m2/repository/org/apache/httpcomponents/client5/httpclient5/5.2.1/httpclient5-5.2.1.jar:/home/runner/.m2/repository/org/apache/httpcomponents/core5/httpcore5/5.2/httpcore5-5.2.jar:/home/runner/.m2/repository/org/apache/httpcomponents/core5/httpcore5-h2/5.2/httpcore5-h2-5.2.jar:/home/runner/.m2/repository/org/xmlunit/xmlunit-core/2.9.1/xmlunit-core-2.9.1.jar:/home/runner/.m2/repository/jakarta/xml/bind/jakarta.xml.bind-api/4.0.2/jakarta.xml.bind-api-4.0.2.jar:/home/runner/.m2/repository/org/xmlunit/xmlunit-legacy/2.9.1/xmlunit-legacy-2.9.1.jar:/home/runner/.m2/repository/org/xmlunit/xmlunit-placeholders/2.9.1/xmlunit-placeholders-2.9.1.jar:/home/runner/.m2/repository/net/javacrumbs/json-unit/json-unit-core/2.38.0/json-unit-core-2.38.0.jar:/home/runner/.m2/repository/com/jayway/jsonpath/json-path/2.8.0/json-path-2.8.0.jar:/home/runner/.m2/repository/net/minidev/json-smart/2.4.10/json-smart-2.4.10.jar:/home/runner/.m2/repository/net/minidev/accessors-smart/2.4.9/accessors-smart-2.4.9.jar:/home/runner/.m2/repository/org/ow2/asm/asm/9.7.1/asm-9.7.1.jar:/home/runner/.m2/repository/net/sf/jopt-simple/jopt-simple/5.0.4/jopt-simple-5.0.4.jar:/home/runner/.m2/repository/com/github/jknack/handlebars/4.3.1/handlebars-4.3.1.jar:/home/runner/.m2/repository/com/github/jknack/handlebars-helpers/4.3.1/handlebars-helpers-4.3.1.jar:/home/runner/.m2/repository/commons-fileupload/commons-fileupload/1.5/commons-fileupload-1.5.jar:/home/runner/.m2/repository/com/networknt/json-schema-validator/1.5.5/json-schema-validator-1.5.5.jar:/home/runner/.m2/repository/com/ethlo/time/itu/1.10.3/itu-1.10.3.jar:/home/runner/.m2/repository/io/quarkus/quarkus-smallrye-jwt-build/3.20.1/quarkus-smallrye-jwt-build-3.20.1.jar:/home/runner/.m2/repository/io/smallrye/smallrye-jwt-build/4.6.1/smallrye-jwt-build-4.6.1.jar:/home/runner/.m2/repository/org/eclipse/microprofile/jwt/microprofile-jwt-auth-api/2.1/microprofile-jwt-auth-api-2.1.jar:/home/runner/.m2/repository/org/bitbucket/b_c/jose4j/0.9.6/jose4j-0.9.6.jar:/home/runner/.m2/repository/io/smallrye/smallrye-jwt-common/4.6.1/smallrye-jwt-common-4.6.1.jar:/home/runner/.m2/repository/io/quarkus/quarkus-jsonp/3.20.1/quarkus-jsonp-3.20.1.jar:/home/runner/.m2/repository/io/quarkus/quarkus-arc/3.20.1/quarkus-arc-3.20.1.jar:/home/runner/.m2/repository/io/quarkus/arc/arc/3.20.1/arc-3.20.1.jar:/home/runner/.m2/repository/jakarta/transaction/jakarta.transaction-api/2.0.1/jakarta.transaction-api-2.0.1.jar:/home/runner/.m2/repository/io/smallrye/reactive/mutiny/2.8.0/mutiny-2.8.0.jar:/home/runner/.m2/repository/org/jctools/jctools-core/4.0.5/jctools-core-4.0.5.jar:/home/runner/.m2/repository/org/eclipse/microprofile/context-propagation/microprofile-context-propagation-api/1.3/microprofile-context-propagation-api-1.3.jar:/home/runner/.m2/repository/io/apicurio/apicurio-common-rest-client-common/0.1.18.Final/apicurio-common-rest-client-common-0.1.18.Final.jar:/home/runner/work/apicurio-testing/apicurio-testing/clusters/ci419/namespaces/mysql/tests/integration/apicurio-registry/utils/maven-plugin/target/apicurio-registry-maven-plugin-3.0.11-SNAPSHOT.jar:/home/runner/.m2/repository/com/fasterxml/jackson/core/jackson-databind/2.18.2/jackson-databind-2.18.2.jar:/home/runner/.m2/repository/org/apache/avro/avro/1.12.0/avro-1.12.0.jar:/home/runner/.m2/repository/com/google/protobuf/protobuf-java/4.31.1/protobuf-java-4.31.1.jar:/home/runner/.m2/repository/com/google/protobuf/protobuf-java-util/4.31.1/protobuf-java-util-4.31.1.jar:/home/runner/.m2/repository/com/google/code/findbugs/jsr305/3.0.2/jsr305-3.0.2.jar:/home/runner/.m2/repository/com/google/code/gson/gson/2.12.1/gson-2.12.1.jar:/home/runner/.m2/repository/com/google/errorprone/error_prone_annotations/2.36.0/error_prone_annotations-2.36.0.jar:/home/runner/.m2/repository/com/google/j2objc/j2objc-annotations/2.8/j2objc-annotations-2.8.jar:/home/runner/work/apicurio-testing/apicurio-testing/clusters/ci419/namespaces/mysql/tests/integration/apicurio-registry/schema-util/util-provider/target/apicurio-registry-schema-util-provider-3.0.11-SNAPSHOT.jar:/home/runner/work/apicurio-testing/apicurio-testing/clusters/ci419/namespaces/mysql/tests/integration/apicurio-registry/schema-util/common/target/apicurio-registry-schema-util-common-3.0.11-SNAPSHOT.jar:/home/runner/.m2/repository/com/fasterxml/jackson/module/jackson-module-parameter-names/2.18.2/jackson-module-parameter-names-2.18.2.jar:/home/runner/.m2/repository/com/fasterxml/jackson/datatype/jackson-datatype-json-org/2.18.2/jackson-datatype-json-org-2.18.2.jar:/home/runner/work/apicurio-testing/apicurio-testing/clusters/ci419/namespaces/mysql/tests/integration/apicurio-registry/schema-util/json/target/apicurio-registry-schema-util-json-3.0.11-SNAPSHOT.jar:/home/runner/.m2/repository/com/github/erosb/everit-json-schema/1.14.5/everit-json-schema-1.14.5.jar:/home/runner/.m2/repository/commons-validator/commons-validator/1.9.0/commons-validator-1.9.0.jar:/home/runner/.m2/repository/commons-digester/commons-digester/2.1/commons-digester-2.1.jar:/home/runner/.m2/repository/commons-collections/commons-collections/3.2.2/commons-collections-3.2.2.jar:/home/runner/.m2/repository/com/damnhandy/handy-uri-templates/2.1.8/handy-uri-templates-2.1.8.jar:/home/runner/.m2/repository/joda-time/joda-time/2.10.2/joda-time-2.10.2.jar:/home/runner/.m2/repository/com/github/erosb/json-sKema/0.20.0/json-sKema-0.20.0.jar:/home/runner/.m2/repository/io/vertx/vertx-json-schema/4.5.14/vertx-json-schema-4.5.14.jar:/home/runner/work/apicurio-testing/apicurio-testing/clusters/ci419/namespaces/mysql/tests/integration/apicurio-registry/schema-util/protobuf/target/apicurio-registry-schema-util-protobuf-3.0.11-SNAPSHOT.jar:/home/runner/work/apicurio-testing/apicurio-testing/clusters/ci419/namespaces/mysql/tests/integration/apicurio-registry/utils/protobuf-schema-utilities/target/apicurio-registry-protobuf-schema-utilities-3.0.11-SNAPSHOT.jar:/home/runner/.m2/repository/com/google/api/grpc/proto-google-common-protos/2.52.0/proto-google-common-protos-2.52.0.jar:/home/runner/.m2/repository/com/squareup/wire/wire-schema-jvm/5.3.3/wire-schema-jvm-5.3.3.jar:/home/runner/.m2/repository/com/palantir/javapoet/javapoet/0.6.0/javapoet-0.6.0.jar:/home/runner/.m2/repository/com/squareup/kotlinpoet-jvm/2.0.0/kotlinpoet-jvm-2.0.0.jar:/home/runner/.m2/repository/org/jetbrains/kotlin/kotlin-reflect/2.0.21/kotlin-reflect-2.0.21.jar:/home/runner/.m2/repository/com/squareup/wire/wire-runtime-jvm/5.3.3/wire-runtime-jvm-5.3.3.jar:/home/runner/.m2/repository/com/ibm/icu/icu4j/76.1/icu4j-76.1.jar:/home/runner/.m2/repository/com/squareup/okio/okio-fakefilesystem/3.10.2/okio-fakefilesystem-3.10.2.jar:/home/runner/.m2/repository/com/squareup/okio/okio-fakefilesystem-jvm/3.10.2/okio-fakefilesystem-jvm-3.10.2.jar:/home/runner/.m2/repository/org/jetbrains/kotlinx/kotlinx-datetime-jvm/0.6.1/kotlinx-datetime-jvm-0.6.1.jar:/home/runner/work/apicurio-testing/apicurio-testing/clusters/ci419/namespaces/mysql/tests/integration/apicurio-registry/schema-util/asyncapi/target/apicurio-registry-schema-util-asyncapi-3.0.11-SNAPSHOT.jar:/home/runner/work/apicurio-testing/apicurio-testing/clusters/ci419/namespaces/mysql/tests/integration/apicurio-registry/schema-util/avro/target/apicurio-registry-schema-util-avro-3.0.11-SNAPSHOT.jar:/home/runner/work/apicurio-testing/apicurio-testing/clusters/ci419/namespaces/mysql/tests/integration/apicurio-registry/schema-util/graphql/target/apicurio-registry-schema-util-graphql-3.0.11-SNAPSHOT.jar:/home/runner/.m2/repository/com/graphql-java/graphql-java/22.3/graphql-java-22.3.jar:/home/runner/.m2/repository/com/graphql-java/java-dataloader/3.3.0/java-dataloader-3.3.0.jar:/home/runner/work/apicurio-testing/apicurio-testing/clusters/ci419/namespaces/mysql/tests/integration/apicurio-registry/schema-util/kconnect/target/apicurio-registry-schema-util-kconnect-3.0.11-SNAPSHOT.jar:/home/runner/work/apicurio-testing/apicurio-testing/clusters/ci419/namespaces/mysql/tests/integration/apicurio-registry/schema-util/openapi/target/apicurio-registry-schema-util-openapi-3.0.11-SNAPSHOT.jar:/home/runner/.m2/repository/io/apicurio/apicurio-data-models/2.2.1/apicurio-data-models-2.2.1.jar:/home/runner/.m2/repository/org/openapitools/openapidiff/openapi-diff-core/2.1.2/openapi-diff-core-2.1.2.jar:/home/runner/.m2/repository/io/swagger/parser/v3/swagger-parser/2.1.28/swagger-parser-2.1.28.jar:/home/runner/.m2/repository/io/swagger/parser/v3/swagger-parser-v2-converter/2.1.28/swagger-parser-v2-converter-2.1.28.jar:/home/runner/.m2/repository/io/swagger/swagger-core/1.6.16/swagger-core-1.6.16.jar:/home/runner/.m2/repository/io/swagger/swagger-models/1.6.16/swagger-models-1.6.16.jar:/home/runner/.m2/repository/io/swagger/swagger-annotations/1.6.16/swagger-annotations-1.6.16.jar:/home/runner/.m2/repository/io/swagger/swagger-parser/1.0.75/swagger-parser-1.0.75.jar:/home/runner/.m2/repository/io/swagger/swagger-parser-safe-url-resolver/1.0.75/swagger-parser-safe-url-resolver-1.0.75.jar:/home/runner/.m2/repository/io/swagger/swagger-compat-spec-parser/1.0.75/swagger-compat-spec-parser-1.0.75.jar:/home/runner/.m2/repository/com/github/java-json-tools/json-schema-validator/2.2.14/json-schema-validator-2.2.14.jar:/home/runner/.m2/repository/com/github/java-json-tools/jackson-coreutils-equivalence/1.0/jackson-coreutils-equivalence-1.0.jar:/home/runner/.m2/repository/com/github/java-json-tools/json-schema-core/1.2.14/json-schema-core-1.2.14.jar:/home/runner/.m2/repository/com/github/java-json-tools/uri-template/0.10/uri-template-0.10.jar:/home/runner/.m2/repository/com/googlecode/libphonenumber/libphonenumber/8.11.1/libphonenumber-8.11.1.jar:/home/runner/.m2/repository/com/j2html/j2html/1.6.0/j2html-1.6.0.jar:/home/runner/.m2/repository/org/apache/commons/commons-collections4/4.5.0/commons-collections4-4.5.0.jar:/home/runner/.m2/repository/org/apache/commons/commons-configuration2/2.12.0/commons-configuration2-2.12.0.jar:/home/runner/.m2/repository/org/apache/commons/commons-text/1.13.0/commons-text-1.13.0.jar:/home/runner/.m2/repository/org/slf4j/jcl-over-slf4j/2.0.17/jcl-over-slf4j-2.0.17.jar:/home/runner/.m2/repository/io/swagger/parser/v3/swagger-parser-v3/2.1.30/swagger-parser-v3-2.1.30.jar:/home/runner/.m2/repository/io/swagger/core/v3/swagger-models/2.2.34/swagger-models-2.2.34.jar:/home/runner/.m2/repository/io/swagger/core/v3/swagger-core/2.2.34/swagger-core-2.2.34.jar:/home/runner/.m2/repository/io/swagger/parser/v3/swagger-parser-core/2.1.30/swagger-parser-core-2.1.30.jar:/home/runner/.m2/repository/io/swagger/parser/v3/swagger-parser-safe-url-resolver/2.1.30/swagger-parser-safe-url-resolver-2.1.30.jar:/home/runner/work/apicurio-testing/apicurio-testing/clusters/ci419/namespaces/mysql/tests/integration/apicurio-registry/schema-util/wsdl/target/apicurio-registry-schema-util-wsdl-3.0.11-SNAPSHOT.jar:/home/runner/.m2/repository/wsdl4j/wsdl4j/1.6.3/wsdl4j-1.6.3.jar:/home/runner/work/apicurio-testing/apicurio-testing/clusters/ci419/namespaces/mysql/tests/integration/apicurio-registry/schema-util/xml/target/apicurio-registry-schema-util-xml-3.0.11-SNAPSHOT.jar:/home/runner/.m2/repository/org/apache/santuario/xmlsec/4.0.3/xmlsec-4.0.3.jar:/home/runner/.m2/repository/com/fasterxml/woodstox/woodstox-core/7.1.0/woodstox-core-7.1.0.jar:/home/runner/.m2/repository/org/codehaus/woodstox/stax2-api/4.2.2/stax2-api-4.2.2.jar:/home/runner/work/apicurio-testing/apicurio-testing/clusters/ci419/namespaces/mysql/tests/integration/apicurio-registry/schema-util/xsd/target/apicurio-registry-schema-util-xsd-3.0.11-SNAPSHOT.jar:/home/runner/work/apicurio-testing/apicurio-testing/clusters/ci419/namespaces/mysql/tests/integration/apicurio-registry/serdes/kafka/jsonschema-serde/target/apicurio-registry-jsonschema-serde-kafka-3.0.11-SNAPSHOT.jar:/home/runner/work/apicurio-testing/apicurio-testing/clusters/ci419/namespaces/mysql/tests/integration/apicurio-registry/serdes/kafka/serde-kafka-common/target/apicurio-registry-serde-kafka-common-3.0.11-SNAPSHOT.jar:/home/runner/work/apicurio-testing/apicurio-testing/clusters/ci419/namespaces/mysql/tests/integration/apicurio-registry/serdes/generic/serde-common/target/apicurio-registry-serde-common-3.0.11-SNAPSHOT.jar:/home/runner/work/apicurio-testing/apicurio-testing/clusters/ci419/namespaces/mysql/tests/integration/apicurio-registry/serdes/generic/serde-common-jsonschema/target/apicurio-registry-serde-common-jsonschema-3.0.11-SNAPSHOT.jar:/home/runner/.m2/repository/org/json/json/20250107/json-20250107.jar:/home/runner/work/apicurio-testing/apicurio-testing/clusters/ci419/namespaces/mysql/tests/integration/apicurio-registry/serdes/kafka/avro-serde/target/apicurio-registry-avro-serde-kafka-3.0.11-SNAPSHOT.jar:/home/runner/work/apicurio-testing/apicurio-testing/clusters/ci419/namespaces/mysql/tests/integration/apicurio-registry/serdes/generic/serde-common-avro/target/apicurio-registry-serde-common-avro-3.0.11-SNAPSHOT.jar:/home/runner/work/apicurio-testing/apicurio-testing/clusters/ci419/namespaces/mysql/tests/integration/apicurio-registry/serdes/kafka/protobuf-serde/target/apicurio-registry-protobuf-serde-kafka-3.0.11-SNAPSHOT.jar:/home/runner/work/apicurio-testing/apicurio-testing/clusters/ci419/namespaces/mysql/tests/integration/apicurio-registry/serdes/generic/serde-common-protobuf/target/apicurio-registry-serde-common-protobuf-3.0.11-SNAPSHOT.jar:/home/runner/.m2/repository/com/squareup/wire/wire-schema/5.3.3/wire-schema-5.3.3.jar:/home/runner/.m2/repository/com/squareup/wire/wire-runtime/5.3.3/wire-runtime-5.3.3.jar:/home/runner/work/apicurio-testing/apicurio-testing/clusters/ci419/namespaces/mysql/tests/integration/apicurio-registry/serdes/pulsar/avro-serde/target/apicurio-registry-avro-serde-pulsar-3.0.11-SNAPSHOT.jar:/home/runner/.m2/repository/org/apache/pulsar/pulsar-functions-api/3.3.4/pulsar-functions-api-3.3.4.jar:/home/runner/work/apicurio-testing/apicurio-testing/clusters/ci419/namespaces/mysql/tests/integration/apicurio-registry/serdes/nats/avro-serde/target/apicurio-registry-avro-serde-nats-3.0.11-SNAPSHOT.jar:/home/runner/.m2/repository/io/nats/jnats/2.20.5/jnats-2.20.5.jar:/home/runner/.m2/repository/net/i2p/crypto/eddsa/0.3.0/eddsa-0.3.0.jar:/home/runner/work/apicurio-testing/apicurio-testing/clusters/ci419/namespaces/mysql/tests/integration/apicurio-registry/utils/converter/target/apicurio-registry-utils-converter-3.0.11-SNAPSHOT.jar:/home/runner/work/apicurio-testing/apicurio-testing/clusters/ci419/namespaces/mysql/tests/integration/apicurio-registry/schema-resolver/target/apicurio-registry-schema-resolver-3.0.11-SNAPSHOT.jar:/home/runner/.m2/repository/org/apache/kafka/connect-api/3.9.1/connect-api-3.9.1.jar:/home/runner/.m2/repository/javax/ws/rs/javax.ws.rs-api/2.1.1/javax.ws.rs-api-2.1.1.jar:/home/runner/.m2/repository/org/apache/kafka/connect-json/3.9.1/connect-json-3.9.1.jar:/home/runner/.m2/repository/com/fasterxml/jackson/datatype/jackson-datatype-jdk8/2.18.2/jackson-datatype-jdk8-2.18.2.jar:/home/runner/.m2/repository/com/fasterxml/jackson/module/jackson-module-afterburner/2.18.2/jackson-module-afterburner-2.18.2.jar:/home/runner/work/apicurio-testing/apicurio-testing/clusters/ci419/namespaces/mysql/tests/integration/apicurio-registry/utils/kafka/target/apicurio-registry-utils-kafka-3.0.11-SNAPSHOT.jar:/home/runner/.m2/repository/org/apache/pulsar/pulsar-client/3.3.4/pulsar-client-3.3.4.jar:/home/runner/.m2/repository/org/apache/pulsar/pulsar-client-api/3.3.4/pulsar-client-api-3.3.4.jar:/home/runner/.m2/repository/org/apache/pulsar/pulsar-client-admin-api/3.3.4/pulsar-client-admin-api-3.3.4.jar:/home/runner/.m2/repository/org/apache/pulsar/bouncy-castle-bc/3.3.4/bouncy-castle-bc-3.3.4-pkg.jar:/home/runner/.m2/repository/org/bouncycastle/bcpkix-jdk18on/1.80/bcpkix-jdk18on-1.80.jar:/home/runner/.m2/repository/org/bouncycastle/bcutil-jdk18on/1.80/bcutil-jdk18on-1.80.jar:/home/runner/.m2/repository/org/bouncycastle/bcprov-jdk18on/1.80/bcprov-jdk18on-1.80.jar:/home/runner/.m2/repository/io/opentelemetry/opentelemetry-api/1.44.1/opentelemetry-api-1.44.1.jar:/home/runner/.m2/repository/io/opentelemetry/opentelemetry-context/1.44.1/opentelemetry-context-1.44.1.jar:/home/runner/.m2/repository/io/opentelemetry/opentelemetry-api-incubator/1.44.1-alpha/opentelemetry-api-incubator-1.44.1-alpha.jar:/home/runner/.m2/repository/com/fasterxml/jackson/core/jackson-annotations/2.18.2/jackson-annotations-2.18.2.jar:/home/runner/.m2/repository/javax/validation/validation-api/1.1.0.Final/validation-api-1.1.0.Final.jar:/home/runner/.m2/repository/io/confluent/kafka-avro-serializer/8.0.0/kafka-avro-serializer-8.0.0.jar:/home/runner/.m2/repository/org/apache/commons/commons-compress/1.27.1/commons-compress-1.27.1.jar:/home/runner/.m2/repository/io/confluent/kafka-schema-serializer/8.0.0/kafka-schema-serializer-8.0.0.jar:/home/runner/.m2/repository/com/fasterxml/jackson/dataformat/jackson-dataformat-csv/2.18.2/jackson-dataformat-csv-2.18.2.jar:/home/runner/.m2/repository/io/confluent/kafka-schema-registry-client/8.0.0/kafka-schema-registry-client-8.0.0.jar:/home/runner/.m2/repository/org/yaml/snakeyaml/2.3/snakeyaml-2.3.jar:/home/runner/.m2/repository/io/swagger/core/v3/swagger-annotations/2.2.29/swagger-annotations-2.2.29.jar:/home/runner/.m2/repository/com/google/guava/guava/33.4.0-jre/guava-33.4.0-jre.jar:/home/runner/.m2/repository/com/google/guava/failureaccess/1.0.1/failureaccess-1.0.1.jar:/home/runner/.m2/repository/org/checkerframework/checker-qual/3.49.0/checker-qual-3.49.0.jar:/home/runner/.m2/repository/io/confluent/logredactor/1.0.13/logredactor-1.0.13.jar:/home/runner/.m2/repository/com/google/re2j/re2j/1.6/re2j-1.6.jar:/home/runner/.m2/repository/io/confluent/logredactor-metrics/1.0.13/logredactor-metrics-1.0.13.jar:/home/runner/.m2/repository/com/eclipsesource/minimal-json/minimal-json/0.9.5/minimal-json-0.9.5.jar:/home/runner/.m2/repository/io/confluent/common-utils/8.0.0/common-utils-8.0.0.jar:/home/runner/.m2/repository/io/confluent/kafka-connect-avro-converter/8.0.0/kafka-connect-avro-converter-8.0.0.jar:/home/runner/.m2/repository/io/confluent/kafka-connect-avro-data/8.0.0/kafka-connect-avro-data-8.0.0.jar:/home/runner/.m2/repository/io/confluent/kafka-schema-converter/8.0.0/kafka-schema-converter-8.0.0.jar:/home/runner/.m2/repository/io/rest-assured/rest-assured/5.5.1/rest-assured-5.5.1.jar:/home/runner/.m2/repository/org/apache/groovy/groovy/4.0.22/groovy-4.0.22.jar:/home/runner/.m2/repository/org/apache/groovy/groovy-xml/4.0.22/groovy-xml-4.0.22.jar:/home/runner/.m2/repository/org/apache/httpcomponents/httpclient/4.5.14/httpclient-4.5.14.jar:/home/runner/.m2/repository/org/apache/httpcomponents/httpcore/4.4.16/httpcore-4.4.16.jar:/home/runner/.m2/repository/org/apache/httpcomponents/httpmime/4.5.14/httpmime-4.5.14.jar:/home/runner/.m2/repository/org/hamcrest/hamcrest/2.2/hamcrest-2.2.jar:/home/runner/.m2/repository/org/ccil/cowan/tagsoup/tagsoup/1.2.1/tagsoup-1.2.1.jar:/home/runner/.m2/repository/io/rest-assured/json-path/5.5.1/json-path-5.5.1.jar:/home/runner/.m2/repository/org/apache/groovy/groovy-json/4.0.22/groovy-json-4.0.22.jar:/home/runner/.m2/repository/io/rest-assured/rest-assured-common/5.5.1/rest-assured-common-5.5.1.jar:/home/runner/.m2/repository/io/rest-assured/xml-path/5.5.1/xml-path-5.5.1.jar:/home/runner/.m2/repository/io/zonky/test/embedded-postgres/2.1.0/embedded-postgres-2.1.0.jar:/home/runner/.m2/repository/io/zonky/test/postgres/embedded-postgres-binaries-windows-amd64/14.15.0/embedded-postgres-binaries-windows-amd64-14.15.0.jar:/home/runner/.m2/repository/io/zonky/test/postgres/embedded-postgres-binaries-darwin-amd64/14.15.0/embedded-postgres-binaries-darwin-amd64-14.15.0.jar:/home/runner/.m2/repository/io/zonky/test/postgres/embedded-postgres-binaries-linux-amd64/14.15.0/embedded-postgres-binaries-linux-amd64-14.15.0.jar:/home/runner/.m2/repository/io/zonky/test/postgres/embedded-postgres-binaries-linux-amd64-alpine/14.15.0/embedded-postgres-binaries-linux-amd64-alpine-14.15.0.jar:/home/runner/.m2/repository/org/apache/commons/commons-lang3/3.17.0/commons-lang3-3.17.0.jar:/home/runner/.m2/repository/org/tukaani/xz/1.10/xz-1.10.jar:/home/runner/.m2/repository/commons-codec/commons-codec/1.18.0/commons-codec-1.18.0.jar:/home/runner/.m2/repository/org/postgresql/postgresql/42.7.5/postgresql-42.7.5.jar:/home/runner/.m2/repository/commons-io/commons-io/2.18.0/commons-io-2.18.0.jar:/home/runner/work/apicurio-testing/apicurio-testing/clusters/ci419/namespaces/mysql/tests/integration/apicurio-registry/utils/importexport/target/apicurio-registry-utils-import-export-3.0.11-SNAPSHOT.jar:/home/runner/.m2/repository/io/vertx/vertx-core/4.5.14/vertx-core-4.5.14.jar:/home/runner/.m2/repository/io/netty/netty-common/4.1.119.Final/netty-common-4.1.119.Final.jar:/home/runner/.m2/repository/io/netty/netty-buffer/4.1.119.Final/netty-buffer-4.1.119.Final.jar:/home/runner/.m2/repository/io/netty/netty-transport/4.1.119.Final/netty-transport-4.1.119.Final.jar:/home/runner/.m2/repository/io/netty/netty-handler/4.1.119.Final/netty-handler-4.1.119.Final.jar:/home/runner/.m2/repository/io/netty/netty-transport-native-unix-common/4.1.119.Final/netty-transport-native-unix-common-4.1.119.Final.jar:/home/runner/.m2/repository/io/netty/netty-codec/4.1.119.Final/netty-codec-4.1.119.Final.jar:/home/runner/.m2/repository/io/netty/netty-handler-proxy/4.1.119.Final/netty-handler-proxy-4.1.119.Final.jar:/home/runner/.m2/repository/io/netty/netty-codec-socks/4.1.119.Final/netty-codec-socks-4.1.119.Final.jar:/home/runner/.m2/repository/io/netty/netty-codec-http/4.1.119.Final/netty-codec-http-4.1.119.Final.jar:/home/runner/.m2/repository/io/netty/netty-codec-http2/4.1.119.Final/netty-codec-http2-4.1.119.Final.jar:/home/runner/.m2/repository/io/netty/netty-resolver/4.1.119.Final/netty-resolver-4.1.119.Final.jar:/home/runner/.m2/repository/io/netty/netty-resolver-dns/4.1.119.Final/netty-resolver-dns-4.1.119.Final.jar:/home/runner/.m2/repository/io/netty/netty-codec-dns/4.1.119.Final/netty-codec-dns-4.1.119.Final.jar:/home/runner/.m2/repository/com/fasterxml/jackson/core/jackson-core/2.18.2/jackson-core-2.18.2.jar:"/>
    <property name="java.vm.vendor" value="Eclipse Adoptium"/>
    <property name="maven.javadoc.skip" value="true"/>
    <property name="sun.arch.data.model" value="64"/>
    <property name="java.vendor.url" value="https://adoptium.net/"/>
    <property name="user.timezone" value="Etc/UTC"/>
    <property name="os.name" value="Linux"/>
    <property name="java.vm.specification.version" value="17"/>
    <property name="sun.java.launcher" value="SUN_STANDARD"/>
    <property name="quarkus.http.test-port" value="80"/>
    <property name="sun.boot.library.path" value="/usr/lib/jvm/temurin-17-jdk-amd64/lib"/>
    <property name="sun.java.command" value="/home/runner/work/apicurio-testing/apicurio-testing/clusters/ci419/namespaces/mysql/tests/integration/apicurio-registry/integration-tests/target/surefire/surefirebooter-20250731170329825_3.jar /home/runner/work/apicurio-testing/apicurio-testing/clusters/ci419/namespaces/mysql/tests/integration/apicurio-registry/integration-tests/target/surefire 2025-07-31T17-03-29_761-jvmRun1 surefire-20250731170329825_1tmp surefire_0-20250731170329825_2tmp"/>
    <property name="maven.home" value="/home/runner/.m2/wrapper/dists/apache-maven-3.9.8-bin/4fnp1ql35bgk2a0p7m31ovbgb0/apache-maven-3.9.8"/>
    <property name="jdk.debug" value="release"/>
    <property name="surefire.test.class.path" value="/home/runner/work/apicurio-testing/apicurio-testing/clusters/ci419/namespaces/mysql/tests/integration/apicurio-registry/integration-tests/target/test-classes:/home/runner/work/apicurio-testing/apicurio-testing/clusters/ci419/namespaces/mysql/tests/integration/apicurio-registry/integration-tests/target/apicurio-registry-integration-tests-3.0.11-SNAPSHOT.jar:/home/runner/.m2/repository/io/quarkus/quarkus-junit5/3.20.1/quarkus-junit5-3.20.1.jar:/home/runner/.m2/repository/io/quarkus/quarkus-bootstrap-core/3.20.1/quarkus-bootstrap-core-3.20.1.jar:/home/runner/.m2/repository/io/quarkus/quarkus-classloader-commons/3.20.1/quarkus-classloader-commons-3.20.1.jar:/home/runner/.m2/repository/io/quarkus/quarkus-bootstrap-app-model/3.20.1/quarkus-bootstrap-app-model-3.20.1.jar:/home/runner/.m2/repository/io/smallrye/common/smallrye-common-io/2.12.0/smallrye-common-io-2.12.0.jar:/home/runner/.m2/repository/org/eclipse/sisu/org.eclipse.sisu.inject/0.9.0.M3/org.eclipse.sisu.inject-0.9.0.M3.jar:/home/runner/.m2/repository/io/quarkus/quarkus-test-common/3.20.1/quarkus-test-common-3.20.1.jar:/home/runner/.m2/repository/io/quarkus/quarkus-core-deployment/3.20.1/quarkus-core-deployment-3.20.1.jar:/home/runner/.m2/repository/org/aesh/readline/2.6/readline-2.6.jar:/home/runner/.m2/repository/org/fusesource/jansi/jansi/2.4.0/jansi-2.4.0.jar:/home/runner/.m2/repository/org/aesh/aesh/2.8.2/aesh-2.8.2.jar:/home/runner/.m2/repository/io/quarkus/gizmo/gizmo/1.8.0/gizmo-1.8.0.jar:/home/runner/.m2/repository/org/ow2/asm/asm-util/9.7.1/asm-util-9.7.1.jar:/home/runner/.m2/repository/org/ow2/asm/asm-analysis/9.7.1/asm-analysis-9.7.1.jar:/home/runner/.m2/repository/org/ow2/asm/asm-commons/9.7.1/asm-commons-9.7.1.jar:/home/runner/.m2/repository/org/ow2/asm/asm-tree/9.7.1/asm-tree-9.7.1.jar:/home/runner/.m2/repository/io/quarkus/quarkus-hibernate-validator-spi/3.20.1/quarkus-hibernate-validator-spi-3.20.1.jar:/home/runner/.m2/repository/io/quarkus/quarkus-class-change-agent/3.20.1/quarkus-class-change-agent-3.20.1.jar:/home/runner/.m2/repository/io/quarkus/quarkus-devtools-utilities/3.20.1/quarkus-devtools-utilities-3.20.1.jar:/home/runner/.m2/repository/io/quarkus/quarkus-builder/3.20.1/quarkus-builder-3.20.1.jar:/home/runner/.m2/repository/org/graalvm/sdk/nativeimage/23.1.2/nativeimage-23.1.2.jar:/home/runner/.m2/repository/org/graalvm/sdk/word/23.1.2/word-23.1.2.jar:/home/runner/.m2/repository/io/quarkus/quarkus-bootstrap-maven-resolver/3.20.1/quarkus-bootstrap-maven-resolver-3.20.1.jar:/home/runner/.m2/repository/io/smallrye/beanbag/smallrye-beanbag-maven/1.5.2/smallrye-beanbag-maven-1.5.2.jar:/home/runner/.m2/repository/io/smallrye/beanbag/smallrye-beanbag-sisu/1.5.2/smallrye-beanbag-sisu-1.5.2.jar:/home/runner/.m2/repository/io/smallrye/beanbag/smallrye-beanbag/1.5.2/smallrye-beanbag-1.5.2.jar:/home/runner/.m2/repository/javax/inject/javax.inject/1/javax.inject-1.jar:/home/runner/.m2/repository/org/apache/maven/maven-artifact/3.9.9/maven-artifact-3.9.9.jar:/home/runner/.m2/repository/org/apache/maven/maven-builder-support/3.9.9/maven-builder-support-3.9.9.jar:/home/runner/.m2/repository/org/apache/maven/maven-model/3.9.9/maven-model-3.9.9.jar:/home/runner/.m2/repository/org/apache/maven/maven-model-builder/3.9.9/maven-model-builder-3.9.9.jar:/home/runner/.m2/repository/org/apache/maven/maven-repository-metadata/3.9.9/maven-repository-metadata-3.9.9.jar:/home/runner/.m2/repository/org/apache/maven/maven-settings/3.9.9/maven-settings-3.9.9.jar:/home/runner/.m2/repository/org/apache/maven/resolver/maven-resolver-api/1.9.22/maven-resolver-api-1.9.22.jar:/home/runner/.m2/repository/org/apache/maven/resolver/maven-resolver-impl/1.9.22/maven-resolver-impl-1.9.22.jar:/home/runner/.m2/repository/org/apache/maven/resolver/maven-resolver-named-locks/1.9.22/maven-resolver-named-locks-1.9.22.jar:/home/runner/.m2/repository/org/apache/maven/resolver/maven-resolver-spi/1.9.22/maven-resolver-spi-1.9.22.jar:/home/runner/.m2/repository/org/apache/maven/resolver/maven-resolver-util/1.9.22/maven-resolver-util-1.9.22.jar:/home/runner/.m2/repository/org/apache/maven/resolver/maven-resolver-transport-http/1.9.20/maven-resolver-transport-http-1.9.20.jar:/home/runner/.m2/repository/org/apache/maven/wagon/wagon-provider-api/3.5.3/wagon-provider-api-3.5.3.jar:/home/runner/.m2/repository/org/apache/maven/wagon/wagon-http-shared/3.5.3/wagon-http-shared-3.5.3.jar:/home/runner/.m2/repository/org/codehaus/plexus/plexus-interpolation/1.26/plexus-interpolation-1.26.jar:/home/runner/.m2/repository/org/codehaus/plexus/plexus-utils/3.5.1/plexus-utils-3.5.1.jar:/home/runner/.m2/repository/org/codehaus/plexus/plexus-xml/4.0.1/plexus-xml-4.0.1.jar:/home/runner/.m2/repository/org/apache/maven/maven-xml-impl/4.0.0-alpha-5/maven-xml-impl-4.0.0-alpha-5.jar:/home/runner/.m2/repository/org/apache/maven/maven-api-xml/4.0.0-alpha-5/maven-api-xml-4.0.0-alpha-5.jar:/home/runner/.m2/repository/org/apache/maven/maven-api-meta/4.0.0-alpha-5/maven-api-meta-4.0.0-alpha-5.jar:/home/runner/.m2/repository/org/codehaus/plexus/plexus-cipher/2.0/plexus-cipher-2.0.jar:/home/runner/.m2/repository/org/codehaus/plexus/plexus-sec-dispatcher/2.0/plexus-sec-dispatcher-2.0.jar:/home/runner/.m2/repository/org/apache/maven/maven-embedder/3.9.9/maven-embedder-3.9.9.jar:/home/runner/.m2/repository/org/apache/maven/maven-core/3.9.9/maven-core-3.9.9.jar:/home/runner/.m2/repository/org/codehaus/plexus/plexus-component-annotations/2.1.0/plexus-component-annotations-2.1.0.jar:/home/runner/.m2/repository/org/apache/maven/maven-plugin-api/3.9.9/maven-plugin-api-3.9.9.jar:/home/runner/.m2/repository/org/apache/maven/shared/maven-shared-utils/3.4.2/maven-shared-utils-3.4.2.jar:/home/runner/.m2/repository/com/google/inject/guice/5.1.0/guice-5.1.0.jar:/home/runner/.m2/repository/aopalliance/aopalliance/1.0/aopalliance-1.0.jar:/home/runner/.m2/repository/org/codehaus/plexus/plexus-classworlds/2.6.0/plexus-classworlds-2.6.0.jar:/home/runner/.m2/repository/commons-cli/commons-cli/1.8.0/commons-cli-1.8.0.jar:/home/runner/.m2/repository/org/eclipse/sisu/org.eclipse.sisu.plexus/0.9.0.M3/org.eclipse.sisu.plexus-0.9.0.M3.jar:/home/runner/.m2/repository/org/apache/maven/maven-settings-builder/3.9.9/maven-settings-builder-3.9.9.jar:/home/runner/.m2/repository/org/apache/maven/maven-resolver-provider/3.9.9/maven-resolver-provider-3.9.9.jar:/home/runner/.m2/repository/org/apache/maven/resolver/maven-resolver-connector-basic/1.9.22/maven-resolver-connector-basic-1.9.22.jar:/home/runner/.m2/repository/org/apache/maven/resolver/maven-resolver-transport-wagon/1.9.22/maven-resolver-transport-wagon-1.9.22.jar:/home/runner/.m2/repository/org/apache/maven/wagon/wagon-http/3.5.3/wagon-http-3.5.3.jar:/home/runner/.m2/repository/org/apache/maven/wagon/wagon-file/3.5.3/wagon-file-3.5.3.jar:/home/runner/.m2/repository/io/quarkus/quarkus-bootstrap-gradle-resolver/3.20.1/quarkus-bootstrap-gradle-resolver-3.20.1.jar:/home/runner/.m2/repository/io/smallrye/jandex/3.3.0/jandex-3.3.0.jar:/home/runner/.m2/repository/org/jboss/logging/commons-logging-jboss-logging/1.0.0.Final/commons-logging-jboss-logging-1.0.0.Final.jar:/home/runner/.m2/repository/io/quarkus/quarkus-junit5-config/3.20.1/quarkus-junit5-config-3.20.1.jar:/home/runner/.m2/repository/org/junit/jupiter/junit-jupiter-api/5.12.1/junit-jupiter-api-5.12.1.jar:/home/runner/.m2/repository/io/smallrye/config/smallrye-config/3.11.4/smallrye-config-3.11.4.jar:/home/runner/.m2/repository/io/smallrye/config/smallrye-config-core/3.11.4/smallrye-config-core-3.11.4.jar:/home/runner/.m2/repository/io/smallrye/common/smallrye-common-classloader/2.12.0/smallrye-common-classloader-2.12.0.jar:/home/runner/.m2/repository/io/smallrye/config/smallrye-config-common/3.11.4/smallrye-config-common-3.11.4.jar:/home/runner/.m2/repository/org/junit/jupiter/junit-jupiter/5.12.1/junit-jupiter-5.12.1.jar:/home/runner/.m2/repository/org/junit/jupiter/junit-jupiter-params/5.12.1/junit-jupiter-params-5.12.1.jar:/home/runner/.m2/repository/org/junit/jupiter/junit-jupiter-engine/5.12.1/junit-jupiter-engine-5.12.1.jar:/home/runner/.m2/repository/io/quarkus/quarkus-core/3.20.1/quarkus-core-3.20.1.jar:/home/runner/.m2/repository/jakarta/enterprise/jakarta.enterprise.cdi-api/4.1.0/jakarta.enterprise.cdi-api-4.1.0.jar:/home/runner/.m2/repository/jakarta/enterprise/jakarta.enterprise.lang-model/4.1.0/jakarta.enterprise.lang-model-4.1.0.jar:/home/runner/.m2/repository/jakarta/el/jakarta.el-api/5.0.1/jakarta.el-api-5.0.1.jar:/home/runner/.m2/repository/jakarta/interceptor/jakarta.interceptor-api/2.2.0/jakarta.interceptor-api-2.2.0.jar:/home/runner/.m2/repository/jakarta/inject/jakarta.inject-api/2.0.1/jakarta.inject-api-2.0.1.jar:/home/runner/.m2/repository/io/smallrye/common/smallrye-common-os/2.12.0/smallrye-common-os-2.12.0.jar:/home/runner/.m2/repository/io/quarkus/quarkus-ide-launcher/3.20.1/quarkus-ide-launcher-3.20.1.jar:/home/runner/.m2/repository/io/quarkus/quarkus-development-mode-spi/3.20.1/quarkus-development-mode-spi-3.20.1.jar:/home/runner/.m2/repository/org/jboss/logging/jboss-logging/3.6.1.Final/jboss-logging-3.6.1.Final.jar:/home/runner/.m2/repository/org/jboss/logmanager/jboss-logmanager/3.1.2.Final/jboss-logmanager-3.1.2.Final.jar:/home/runner/.m2/repository/io/smallrye/common/smallrye-common-constraint/2.12.0/smallrye-common-constraint-2.12.0.jar:/home/runner/.m2/repository/io/smallrye/common/smallrye-common-cpu/2.12.0/smallrye-common-cpu-2.12.0.jar:/home/runner/.m2/repository/io/smallrye/common/smallrye-common-expression/2.12.0/smallrye-common-expression-2.12.0.jar:/home/runner/.m2/repository/io/smallrye/common/smallrye-common-net/2.12.0/smallrye-common-net-2.12.0.jar:/home/runner/.m2/repository/io/smallrye/common/smallrye-common-ref/2.12.0/smallrye-common-ref-2.12.0.jar:/home/runner/.m2/repository/jakarta/json/jakarta.json-api/2.1.3/jakarta.json-api-2.1.3.jar:/home/runner/.m2/repository/org/eclipse/parsson/parsson/1.1.7/parsson-1.1.7.jar:/home/runner/.m2/repository/org/jboss/logging/jboss-logging-annotations/3.0.4.Final/jboss-logging-annotations-3.0.4.Final.jar:/home/runner/.m2/repository/org/jboss/threads/jboss-threads/3.8.0.Final/jboss-threads-3.8.0.Final.jar:/home/runner/.m2/repository/io/smallrye/common/smallrye-common-annotation/2.12.0/smallrye-common-annotation-2.12.0.jar:/home/runner/.m2/repository/io/smallrye/common/smallrye-common-function/2.12.0/smallrye-common-function-2.12.0.jar:/home/runner/.m2/repository/org/jboss/slf4j/slf4j-jboss-logmanager/2.0.0.Final/slf4j-jboss-logmanager-2.0.0.Final.jar:/home/runner/.m2/repository/org/wildfly/common/wildfly-common/2.0.1/wildfly-common-2.0.1.jar:/home/runner/.m2/repository/io/quarkus/quarkus-bootstrap-runner/3.20.1/quarkus-bootstrap-runner-3.20.1.jar:/home/runner/.m2/repository/io/github/crac/org-crac/0.1.3/org-crac-0.1.3.jar:/home/runner/.m2/repository/io/quarkus/quarkus-fs-util/0.0.10/quarkus-fs-util-0.0.10.jar:/home/runner/.m2/repository/org/jboss/marshalling/jboss-marshalling/2.2.2.Final/jboss-marshalling-2.2.2.Final.jar:/home/runner/.m2/repository/io/fabric8/kubernetes-client/7.1.0/kubernetes-client-7.1.0.jar:/home/runner/.m2/repository/io/fabric8/kubernetes-client-api/7.1.0/kubernetes-client-api-7.1.0.jar:/home/runner/.m2/repository/io/fabric8/kubernetes-model-core/7.1.0/kubernetes-model-core-7.1.0.jar:/home/runner/.m2/repository/io/fabric8/kubernetes-model-common/7.1.0/kubernetes-model-common-7.1.0.jar:/home/runner/.m2/repository/javax/annotation/javax.annotation-api/1.3.2/javax.annotation-api-1.3.2.jar:/home/runner/.m2/repository/io/fabric8/kubernetes-model-gatewayapi/7.1.0/kubernetes-model-gatewayapi-7.1.0.jar:/home/runner/.m2/repository/io/fabric8/kubernetes-model-resource/7.1.0/kubernetes-model-resource-7.1.0.jar:/home/runner/.m2/repository/io/fabric8/kubernetes-model-rbac/7.1.0/kubernetes-model-rbac-7.1.0.jar:/home/runner/.m2/repository/io/fabric8/kubernetes-model-admissionregistration/7.1.0/kubernetes-model-admissionregistration-7.1.0.jar:/home/runner/.m2/repository/io/fabric8/kubernetes-model-apps/7.1.0/kubernetes-model-apps-7.1.0.jar:/home/runner/.m2/repository/io/fabric8/kubernetes-model-autoscaling/7.1.0/kubernetes-model-autoscaling-7.1.0.jar:/home/runner/.m2/repository/io/fabric8/kubernetes-model-apiextensions/7.1.0/kubernetes-model-apiextensions-7.1.0.jar:/home/runner/.m2/repository/io/fabric8/kubernetes-model-batch/7.1.0/kubernetes-model-batch-7.1.0.jar:/home/runner/.m2/repository/io/fabric8/kubernetes-model-certificates/7.1.0/kubernetes-model-certificates-7.1.0.jar:/home/runner/.m2/repository/io/fabric8/kubernetes-model-coordination/7.1.0/kubernetes-model-coordination-7.1.0.jar:/home/runner/.m2/repository/io/fabric8/kubernetes-model-discovery/7.1.0/kubernetes-model-discovery-7.1.0.jar:/home/runner/.m2/repository/io/fabric8/kubernetes-model-events/7.1.0/kubernetes-model-events-7.1.0.jar:/home/runner/.m2/repository/io/fabric8/kubernetes-model-extensions/7.1.0/kubernetes-model-extensions-7.1.0.jar:/home/runner/.m2/repository/io/fabric8/kubernetes-model-flowcontrol/7.1.0/kubernetes-model-flowcontrol-7.1.0.jar:/home/runner/.m2/repository/io/fabric8/kubernetes-model-networking/7.1.0/kubernetes-model-networking-7.1.0.jar:/home/runner/.m2/repository/io/fabric8/kubernetes-model-metrics/7.1.0/kubernetes-model-metrics-7.1.0.jar:/home/runner/.m2/repository/io/fabric8/kubernetes-model-policy/7.1.0/kubernetes-model-policy-7.1.0.jar:/home/runner/.m2/repository/io/fabric8/kubernetes-model-scheduling/7.1.0/kubernetes-model-scheduling-7.1.0.jar:/home/runner/.m2/repository/io/fabric8/kubernetes-model-storageclass/7.1.0/kubernetes-model-storageclass-7.1.0.jar:/home/runner/.m2/repository/io/fabric8/kubernetes-model-node/7.1.0/kubernetes-model-node-7.1.0.jar:/home/runner/.m2/repository/org/snakeyaml/snakeyaml-engine/2.9/snakeyaml-engine-2.9.jar:/home/runner/.m2/repository/com/fasterxml/jackson/dataformat/jackson-dataformat-yaml/2.15.2/jackson-dataformat-yaml-2.15.2.jar:/home/runner/.m2/repository/com/fasterxml/jackson/datatype/jackson-datatype-jsr310/2.18.2/jackson-datatype-jsr310-2.18.2.jar:/home/runner/.m2/repository/io/fabric8/zjsonpatch/7.1.0/zjsonpatch-7.1.0.jar:/home/runner/.m2/repository/io/fabric8/kubernetes-httpclient-vertx/7.1.0/kubernetes-httpclient-vertx-7.1.0.jar:/home/runner/.m2/repository/io/vertx/vertx-web-client/4.5.14/vertx-web-client-4.5.14.jar:/home/runner/.m2/repository/io/vertx/vertx-web-common/4.5.14/vertx-web-common-4.5.14.jar:/home/runner/.m2/repository/io/vertx/vertx-auth-common/4.5.14/vertx-auth-common-4.5.14.jar:/home/runner/.m2/repository/io/vertx/vertx-uri-template/4.5.14/vertx-uri-template-4.5.14.jar:/home/runner/.m2/repository/io/fabric8/openshift-client/7.1.0/openshift-client-7.1.0.jar:/home/runner/.m2/repository/io/fabric8/openshift-client-api/7.1.0/openshift-client-api-7.1.0.jar:/home/runner/.m2/repository/io/fabric8/openshift-model/7.1.0/openshift-model-7.1.0.jar:/home/runner/.m2/repository/io/fabric8/openshift-model-autoscaling/7.1.0/openshift-model-autoscaling-7.1.0.jar:/home/runner/.m2/repository/io/fabric8/openshift-model-operator/7.1.0/openshift-model-operator-7.1.0.jar:/home/runner/.m2/repository/io/fabric8/openshift-model-operatorhub/7.1.0/openshift-model-operatorhub-7.1.0.jar:/home/runner/.m2/repository/io/fabric8/openshift-model-machine/7.1.0/openshift-model-machine-7.1.0.jar:/home/runner/.m2/repository/io/fabric8/openshift-model-whereabouts/7.1.0/openshift-model-whereabouts-7.1.0.jar:/home/runner/.m2/repository/io/fabric8/openshift-model-monitoring/7.1.0/openshift-model-monitoring-7.1.0.jar:/home/runner/.m2/repository/io/fabric8/openshift-model-storageversionmigrator/7.1.0/openshift-model-storageversionmigrator-7.1.0.jar:/home/runner/.m2/repository/io/fabric8/openshift-model-tuned/7.1.0/openshift-model-tuned-7.1.0.jar:/home/runner/.m2/repository/io/fabric8/openshift-model-console/7.1.0/openshift-model-console-7.1.0.jar:/home/runner/.m2/repository/io/fabric8/openshift-model-config/7.1.0/openshift-model-config-7.1.0.jar:/home/runner/.m2/repository/io/fabric8/openshift-model-machineconfiguration/7.1.0/openshift-model-machineconfiguration-7.1.0.jar:/home/runner/.m2/repository/io/fabric8/openshift-model-miscellaneous/7.1.0/openshift-model-miscellaneous-7.1.0.jar:/home/runner/.m2/repository/io/fabric8/openshift-model-hive/7.1.0/openshift-model-hive-7.1.0.jar:/home/runner/.m2/repository/io/fabric8/openshift-model-installer/7.1.0/openshift-model-installer-7.1.0.jar:/home/runner/.m2/repository/org/junit/platform/junit-platform-launcher/1.12.1/junit-platform-launcher-1.12.1.jar:/home/runner/.m2/repository/org/junit/platform/junit-platform-engine/1.12.1/junit-platform-engine-1.12.1.jar:/home/runner/.m2/repository/org/opentest4j/opentest4j/1.3.0/opentest4j-1.3.0.jar:/home/runner/.m2/repository/org/junit/platform/junit-platform-commons/1.12.1/junit-platform-commons-1.12.1.jar:/home/runner/.m2/repository/org/apiguardian/apiguardian-api/1.1.2/apiguardian-api-1.1.2.jar:/home/runner/.m2/repository/jakarta/ws/rs/jakarta.ws.rs-api/3.1.0/jakarta.ws.rs-api-3.1.0.jar:/home/runner/work/apicurio-testing/apicurio-testing/clusters/ci419/namespaces/mysql/tests/integration/apicurio-registry/java-sdk/target/apicurio-registry-java-sdk-3.0.11-SNAPSHOT.jar:/home/runner/.m2/repository/com/microsoft/kiota/microsoft-kiota-abstractions/1.8.8/microsoft-kiota-abstractions-1.8.8.jar:/home/runner/.m2/repository/io/github/std-uritemplate/std-uritemplate/2.0.0/std-uritemplate-2.0.0.jar:/home/runner/.m2/repository/io/kiota/kiota-http-jdk/0.0.21/kiota-http-jdk-0.0.21.jar:/home/runner/.m2/repository/io/kiota/kiota-http-vertx/0.0.21/kiota-http-vertx-0.0.21.jar:/home/runner/.m2/repository/io/kiota/kiota-serialization-jackson/0.0.21/kiota-serialization-jackson-0.0.21.jar:/home/runner/.m2/repository/com/microsoft/kiota/microsoft-kiota-serialization-text/1.8.8/microsoft-kiota-serialization-text-1.8.8.jar:/home/runner/.m2/repository/com/microsoft/kiota/microsoft-kiota-serialization-form/1.8.8/microsoft-kiota-serialization-form-1.8.8.jar:/home/runner/.m2/repository/com/microsoft/kiota/microsoft-kiota-serialization-multipart/1.8.8/microsoft-kiota-serialization-multipart-1.8.8.jar:/home/runner/.m2/repository/jakarta/annotation/jakarta.annotation-api/3.0.0/jakarta.annotation-api-3.0.0.jar:/home/runner/.m2/repository/io/vertx/vertx-auth-oauth2/4.5.14/vertx-auth-oauth2-4.5.14.jar:/home/runner/work/apicurio-testing/apicurio-testing/clusters/ci419/namespaces/mysql/tests/integration/apicurio-registry/java-sdk-v2/target/apicurio-registry-v2-java-sdk-3.0.11-SNAPSHOT.jar:/home/runner/work/apicurio-testing/apicurio-testing/clusters/ci419/namespaces/mysql/tests/integration/apicurio-registry/utils/kafka/target/apicurio-registry-utils-kafka-3.0.11-SNAPSHOT-tests.jar:/home/runner/.m2/repository/org/eclipse/microprofile/config/microprofile-config-api/3.1/microprofile-config-api-3.1.jar:/home/runner/.m2/repository/org/apache/kafka/kafka-clients/3.9.1/kafka-clients-3.9.1.jar:/home/runner/.m2/repository/com/github/luben/zstd-jni/1.5.6-4/zstd-jni-1.5.6-4.jar:/home/runner/.m2/repository/org/lz4/lz4-java/1.8.0/lz4-java-1.8.0.jar:/home/runner/.m2/repository/org/xerial/snappy/snappy-java/1.1.10.5/snappy-java-1.1.10.5.jar:/home/runner/.m2/repository/org/slf4j/slf4j-api/2.0.6/slf4j-api-2.0.6.jar:/home/runner/work/apicurio-testing/apicurio-testing/clusters/ci419/namespaces/mysql/tests/integration/apicurio-registry/utils/tests/target/apicurio-registry-utils-tests-3.0.11-SNAPSHOT.jar:/home/runner/work/apicurio-testing/apicurio-testing/clusters/ci419/namespaces/mysql/tests/integration/apicurio-registry/common/target/apicurio-registry-common-3.0.11-SNAPSHOT.jar:/home/runner/.m2/repository/jakarta/validation/jakarta.validation-api/3.0.2/jakarta.validation-api-3.0.2.jar:/home/runner/.m2/repository/com/github/dasniko/testcontainers-keycloak/3.6.0/testcontainers-keycloak-3.6.0.jar:/home/runner/.m2/repository/org/testcontainers/testcontainers/1.20.6/testcontainers-1.20.6.jar:/home/runner/.m2/repository/org/rnorth/duct-tape/duct-tape/1.0.8/duct-tape-1.0.8.jar:/home/runner/.m2/repository/org/jetbrains/annotations/26.0.2/annotations-26.0.2.jar:/home/runner/.m2/repository/com/github/docker-java/docker-java-transport-zerodep/3.4.1/docker-java-transport-zerodep-3.4.1.jar:/home/runner/.m2/repository/com/github/docker-java/docker-java-transport/3.4.1/docker-java-transport-3.4.1.jar:/home/runner/.m2/repository/net/java/dev/jna/jna/5.8.0/jna-5.8.0.jar:/home/runner/.m2/repository/io/quarkus/quarkus-junit4-mock/3.20.1/quarkus-junit4-mock-3.20.1.jar:/home/runner/.m2/repository/org/jboss/shrinkwrap/shrinkwrap-api/2.0.0-beta-2/shrinkwrap-api-2.0.0-beta-2.jar:/home/runner/.m2/repository/org/jboss/shrinkwrap/shrinkwrap-impl-base/2.0.0-beta-2/shrinkwrap-impl-base-2.0.0-beta-2.jar:/home/runner/.m2/repository/org/jboss/shrinkwrap/shrinkwrap-spi/2.0.0-beta-2/shrinkwrap-spi-2.0.0-beta-2.jar:/home/runner/.m2/repository/org/keycloak/keycloak-admin-client/26.0.4/keycloak-admin-client-26.0.4.jar:/home/runner/.m2/repository/org/keycloak/keycloak-client-common-synced/26.0.4/keycloak-client-common-synced-26.0.4.jar:/home/runner/.m2/repository/jakarta/activation/jakarta.activation-api/2.1.3/jakarta.activation-api-2.1.3.jar:/home/runner/.m2/repository/org/eclipse/microprofile/openapi/microprofile-openapi-api/4.0.2/microprofile-openapi-api-4.0.2.jar:/home/runner/.m2/repository/org/jboss/resteasy/resteasy-client/6.2.12.Final/resteasy-client-6.2.12.Final.jar:/home/runner/.m2/repository/org/jboss/resteasy/resteasy-client-api/6.2.12.Final/resteasy-client-api-6.2.12.Final.jar:/home/runner/.m2/repository/org/jboss/resteasy/resteasy-core-spi/6.2.12.Final/resteasy-core-spi-6.2.12.Final.jar:/home/runner/.m2/repository/org/jboss/resteasy/resteasy-core/6.2.12.Final/resteasy-core-6.2.12.Final.jar:/home/runner/.m2/repository/org/eclipse/angus/angus-activation/2.0.2/angus-activation-2.0.2.jar:/home/runner/.m2/repository/com/ibm/async/asyncutil/0.1.0/asyncutil-0.1.0.jar:/home/runner/.m2/repository/org/reactivestreams/reactive-streams/1.0.4/reactive-streams-1.0.4.jar:/home/runner/.m2/repository/org/jboss/resteasy/resteasy-multipart-provider/6.2.12.Final/resteasy-multipart-provider-6.2.12.Final.jar:/home/runner/.m2/repository/jakarta/mail/jakarta.mail-api/2.1.3/jakarta.mail-api-2.1.3.jar:/home/runner/.m2/repository/org/eclipse/angus/angus-mail/2.0.3/angus-mail-2.0.3.jar:/home/runner/.m2/repository/org/apache/james/apache-mime4j-dom/0.8.12/apache-mime4j-dom-0.8.12.jar:/home/runner/.m2/repository/org/apache/james/apache-mime4j-core/0.8.12/apache-mime4j-core-0.8.12.jar:/home/runner/.m2/repository/org/apache/james/apache-mime4j-storage/0.8.12/apache-mime4j-storage-0.8.12.jar:/home/runner/.m2/repository/org/jboss/resteasy/resteasy-jackson2-provider/6.2.12.Final/resteasy-jackson2-provider-6.2.12.Final.jar:/home/runner/.m2/repository/com/fasterxml/jackson/jakarta/rs/jackson-jakarta-rs-base/2.18.2/jackson-jakarta-rs-base-2.18.2.jar:/home/runner/.m2/repository/com/fasterxml/jackson/jakarta/rs/jackson-jakarta-rs-json-provider/2.18.2/jackson-jakarta-rs-json-provider-2.18.2.jar:/home/runner/.m2/repository/com/fasterxml/jackson/module/jackson-module-jakarta-xmlbind-annotations/2.18.2/jackson-module-jakarta-xmlbind-annotations-2.18.2.jar:/home/runner/.m2/repository/com/github/java-json-tools/json-patch/1.13/json-patch-1.13.jar:/home/runner/.m2/repository/com/github/java-json-tools/msg-simple/1.2/msg-simple-1.2.jar:/home/runner/.m2/repository/com/github/java-json-tools/btf/1.3/btf-1.3.jar:/home/runner/.m2/repository/com/github/java-json-tools/jackson-coreutils/2.0/jackson-coreutils-2.0.jar:/home/runner/.m2/repository/org/jboss/resteasy/resteasy-jaxb-provider/6.2.12.Final/resteasy-jaxb-provider-6.2.12.Final.jar:/home/runner/.m2/repository/org/glassfish/jaxb/codemodel/4.0.5/codemodel-4.0.5.jar:/home/runner/.m2/repository/org/glassfish/jaxb/jaxb-core/4.0.5/jaxb-core-4.0.5.jar:/home/runner/.m2/repository/org/glassfish/jaxb/jaxb-jxc/4.0.5/jaxb-jxc-4.0.5.jar:/home/runner/.m2/repository/org/glassfish/jaxb/jaxb-runtime/4.0.5/jaxb-runtime-4.0.5.jar:/home/runner/.m2/repository/org/glassfish/jaxb/txw2/4.0.5/txw2-4.0.5.jar:/home/runner/.m2/repository/org/glassfish/jaxb/jaxb-xjc/4.0.5/jaxb-xjc-4.0.5.jar:/home/runner/.m2/repository/org/glassfish/jaxb/xsom/4.0.5/xsom-4.0.5.jar:/home/runner/.m2/repository/com/sun/istack/istack-commons-runtime/4.1.2/istack-commons-runtime-4.1.2.jar:/home/runner/.m2/repository/com/sun/istack/istack-commons-tools/4.1.2/istack-commons-tools-4.1.2.jar:/home/runner/.m2/repository/com/sun/xml/bind/external/relaxng-datatype/4.0.5/relaxng-datatype-4.0.5.jar:/home/runner/.m2/repository/com/sun/xml/bind/external/rngom/4.0.5/rngom-4.0.5.jar:/home/runner/.m2/repository/org/testcontainers/mssqlserver/1.20.6/mssqlserver-1.20.6.jar:/home/runner/.m2/repository/org/testcontainers/jdbc/1.20.6/jdbc-1.20.6.jar:/home/runner/.m2/repository/org/testcontainers/database-commons/1.20.6/database-commons-1.20.6.jar:/home/runner/.m2/repository/org/testcontainers/mysql/1.20.6/mysql-1.20.6.jar:/home/runner/.m2/repository/io/strimzi/strimzi-test-container/0.107.0/strimzi-test-container-0.107.0.jar:/home/runner/.m2/repository/org/testcontainers/toxiproxy/1.20.6/toxiproxy-1.20.6.jar:/home/runner/.m2/repository/com/github/docker-java/docker-java-api/3.4.1/docker-java-api-3.4.1.jar:/home/runner/.m2/repository/eu/rekawek/toxiproxy/toxiproxy-java/2.1.7/toxiproxy-java-2.1.7.jar:/home/runner/.m2/repository/junit/junit/4.13.2/junit-4.13.2.jar:/home/runner/.m2/repository/org/hamcrest/hamcrest-core/1.3/hamcrest-core-1.3.jar:/home/runner/.m2/repository/org/testcontainers/pulsar/1.20.4/pulsar-1.20.4.jar:/home/runner/.m2/repository/io/debezium/debezium-testing-testcontainers/2.6.2.Final/debezium-testing-testcontainers-2.6.2.Final.jar:/home/runner/.m2/repository/org/testcontainers/kafka/1.20.6/kafka-1.20.6.jar:/home/runner/.m2/repository/com/squareup/okhttp3/okhttp/4.8.1/okhttp-4.8.1.jar:/home/runner/.m2/repository/com/squareup/okio/okio/3.10.2/okio-3.10.2.jar:/home/runner/.m2/repository/com/squareup/okio/okio-jvm/3.10.2/okio-jvm-3.10.2.jar:/home/runner/.m2/repository/org/jetbrains/kotlin/kotlin-stdlib/2.0.21/kotlin-stdlib-2.0.21.jar:/home/runner/.m2/repository/org/awaitility/awaitility/4.2.2/awaitility-4.2.2.jar:/home/runner/.m2/repository/org/testcontainers/mongodb/1.20.6/mongodb-1.20.6.jar:/home/runner/.m2/repository/org/testcontainers/oracle-xe/1.20.6/oracle-xe-1.20.6.jar:/home/runner/.m2/repository/org/testcontainers/postgresql/1.20.6/postgresql-1.20.6.jar:/home/runner/.m2/repository/org/wiremock/wiremock/3.0.1/wiremock-3.0.1.jar:/home/runner/.m2/repository/org/eclipse/jetty/jetty-server/11.0.15/jetty-server-11.0.15.jar:/home/runner/.m2/repository/org/eclipse/jetty/toolchain/jetty-jakarta-servlet-api/5.0.2/jetty-jakarta-servlet-api-5.0.2.jar:/home/runner/.m2/repository/org/eclipse/jetty/jetty-http/11.0.15/jetty-http-11.0.15.jar:/home/runner/.m2/repository/org/eclipse/jetty/jetty-io/11.0.15/jetty-io-11.0.15.jar:/home/runner/.m2/repository/org/eclipse/jetty/jetty-servlet/11.0.15/jetty-servlet-11.0.15.jar:/home/runner/.m2/repository/org/eclipse/jetty/jetty-security/11.0.15/jetty-security-11.0.15.jar:/home/runner/.m2/repository/org/eclipse/jetty/jetty-servlets/11.0.15/jetty-servlets-11.0.15.jar:/home/runner/.m2/repository/org/eclipse/jetty/jetty-util/11.0.15/jetty-util-11.0.15.jar:/home/runner/.m2/repository/org/eclipse/jetty/jetty-webapp/11.0.15/jetty-webapp-11.0.15.jar:/home/runner/.m2/repository/org/eclipse/jetty/jetty-xml/11.0.15/jetty-xml-11.0.15.jar:/home/runner/.m2/repository/org/eclipse/jetty/jetty-proxy/11.0.15/jetty-proxy-11.0.15.jar:/home/runner/.m2/repository/org/eclipse/jetty/jetty-client/11.0.15/jetty-client-11.0.15.jar:/home/runner/.m2/repository/org/eclipse/jetty/http2/http2-server/11.0.15/http2-server-11.0.15.jar:/home/runner/.m2/repository/org/eclipse/jetty/http2/http2-common/11.0.15/http2-common-11.0.15.jar:/home/runner/.m2/repository/org/eclipse/jetty/http2/http2-hpack/11.0.15/http2-hpack-11.0.15.jar:/home/runner/.m2/repository/org/eclipse/jetty/jetty-alpn-server/11.0.15/jetty-alpn-server-11.0.15.jar:/home/runner/.m2/repository/org/eclipse/jetty/jetty-alpn-java-server/11.0.15/jetty-alpn-java-server-11.0.15.jar:/home/runner/.m2/repository/org/eclipse/jetty/jetty-alpn-java-client/11.0.15/jetty-alpn-java-client-11.0.15.jar:/home/runner/.m2/repository/org/eclipse/jetty/jetty-alpn-client/11.0.15/jetty-alpn-client-11.0.15.jar:/home/runner/.m2/repository/org/apache/httpcomponents/client5/httpclient5/5.2.1/httpclient5-5.2.1.jar:/home/runner/.m2/repository/org/apache/httpcomponents/core5/httpcore5/5.2/httpcore5-5.2.jar:/home/runner/.m2/repository/org/apache/httpcomponents/core5/httpcore5-h2/5.2/httpcore5-h2-5.2.jar:/home/runner/.m2/repository/org/xmlunit/xmlunit-core/2.9.1/xmlunit-core-2.9.1.jar:/home/runner/.m2/repository/jakarta/xml/bind/jakarta.xml.bind-api/4.0.2/jakarta.xml.bind-api-4.0.2.jar:/home/runner/.m2/repository/org/xmlunit/xmlunit-legacy/2.9.1/xmlunit-legacy-2.9.1.jar:/home/runner/.m2/repository/org/xmlunit/xmlunit-placeholders/2.9.1/xmlunit-placeholders-2.9.1.jar:/home/runner/.m2/repository/net/javacrumbs/json-unit/json-unit-core/2.38.0/json-unit-core-2.38.0.jar:/home/runner/.m2/repository/com/jayway/jsonpath/json-path/2.8.0/json-path-2.8.0.jar:/home/runner/.m2/repository/net/minidev/json-smart/2.4.10/json-smart-2.4.10.jar:/home/runner/.m2/repository/net/minidev/accessors-smart/2.4.9/accessors-smart-2.4.9.jar:/home/runner/.m2/repository/org/ow2/asm/asm/9.7.1/asm-9.7.1.jar:/home/runner/.m2/repository/net/sf/jopt-simple/jopt-simple/5.0.4/jopt-simple-5.0.4.jar:/home/runner/.m2/repository/com/github/jknack/handlebars/4.3.1/handlebars-4.3.1.jar:/home/runner/.m2/repository/com/github/jknack/handlebars-helpers/4.3.1/handlebars-helpers-4.3.1.jar:/home/runner/.m2/repository/commons-fileupload/commons-fileupload/1.5/commons-fileupload-1.5.jar:/home/runner/.m2/repository/com/networknt/json-schema-validator/1.5.5/json-schema-validator-1.5.5.jar:/home/runner/.m2/repository/com/ethlo/time/itu/1.10.3/itu-1.10.3.jar:/home/runner/.m2/repository/io/quarkus/quarkus-smallrye-jwt-build/3.20.1/quarkus-smallrye-jwt-build-3.20.1.jar:/home/runner/.m2/repository/io/smallrye/smallrye-jwt-build/4.6.1/smallrye-jwt-build-4.6.1.jar:/home/runner/.m2/repository/org/eclipse/microprofile/jwt/microprofile-jwt-auth-api/2.1/microprofile-jwt-auth-api-2.1.jar:/home/runner/.m2/repository/org/bitbucket/b_c/jose4j/0.9.6/jose4j-0.9.6.jar:/home/runner/.m2/repository/io/smallrye/smallrye-jwt-common/4.6.1/smallrye-jwt-common-4.6.1.jar:/home/runner/.m2/repository/io/quarkus/quarkus-jsonp/3.20.1/quarkus-jsonp-3.20.1.jar:/home/runner/.m2/repository/io/quarkus/quarkus-arc/3.20.1/quarkus-arc-3.20.1.jar:/home/runner/.m2/repository/io/quarkus/arc/arc/3.20.1/arc-3.20.1.jar:/home/runner/.m2/repository/jakarta/transaction/jakarta.transaction-api/2.0.1/jakarta.transaction-api-2.0.1.jar:/home/runner/.m2/repository/io/smallrye/reactive/mutiny/2.8.0/mutiny-2.8.0.jar:/home/runner/.m2/repository/org/jctools/jctools-core/4.0.5/jctools-core-4.0.5.jar:/home/runner/.m2/repository/org/eclipse/microprofile/context-propagation/microprofile-context-propagation-api/1.3/microprofile-context-propagation-api-1.3.jar:/home/runner/.m2/repository/io/apicurio/apicurio-common-rest-client-common/0.1.18.Final/apicurio-common-rest-client-common-0.1.18.Final.jar:/home/runner/work/apicurio-testing/apicurio-testing/clusters/ci419/namespaces/mysql/tests/integration/apicurio-registry/utils/maven-plugin/target/apicurio-registry-maven-plugin-3.0.11-SNAPSHOT.jar:/home/runner/.m2/repository/com/fasterxml/jackson/core/jackson-databind/2.18.2/jackson-databind-2.18.2.jar:/home/runner/.m2/repository/org/apache/avro/avro/1.12.0/avro-1.12.0.jar:/home/runner/.m2/repository/com/google/protobuf/protobuf-java/4.31.1/protobuf-java-4.31.1.jar:/home/runner/.m2/repository/com/google/protobuf/protobuf-java-util/4.31.1/protobuf-java-util-4.31.1.jar:/home/runner/.m2/repository/com/google/code/findbugs/jsr305/3.0.2/jsr305-3.0.2.jar:/home/runner/.m2/repository/com/google/code/gson/gson/2.12.1/gson-2.12.1.jar:/home/runner/.m2/repository/com/google/errorprone/error_prone_annotations/2.36.0/error_prone_annotations-2.36.0.jar:/home/runner/.m2/repository/com/google/j2objc/j2objc-annotations/2.8/j2objc-annotations-2.8.jar:/home/runner/work/apicurio-testing/apicurio-testing/clusters/ci419/namespaces/mysql/tests/integration/apicurio-registry/schema-util/util-provider/target/apicurio-registry-schema-util-provider-3.0.11-SNAPSHOT.jar:/home/runner/work/apicurio-testing/apicurio-testing/clusters/ci419/namespaces/mysql/tests/integration/apicurio-registry/schema-util/common/target/apicurio-registry-schema-util-common-3.0.11-SNAPSHOT.jar:/home/runner/.m2/repository/com/fasterxml/jackson/module/jackson-module-parameter-names/2.18.2/jackson-module-parameter-names-2.18.2.jar:/home/runner/.m2/repository/com/fasterxml/jackson/datatype/jackson-datatype-json-org/2.18.2/jackson-datatype-json-org-2.18.2.jar:/home/runner/work/apicurio-testing/apicurio-testing/clusters/ci419/namespaces/mysql/tests/integration/apicurio-registry/schema-util/json/target/apicurio-registry-schema-util-json-3.0.11-SNAPSHOT.jar:/home/runner/.m2/repository/com/github/erosb/everit-json-schema/1.14.5/everit-json-schema-1.14.5.jar:/home/runner/.m2/repository/commons-validator/commons-validator/1.9.0/commons-validator-1.9.0.jar:/home/runner/.m2/repository/commons-digester/commons-digester/2.1/commons-digester-2.1.jar:/home/runner/.m2/repository/commons-collections/commons-collections/3.2.2/commons-collections-3.2.2.jar:/home/runner/.m2/repository/com/damnhandy/handy-uri-templates/2.1.8/handy-uri-templates-2.1.8.jar:/home/runner/.m2/repository/joda-time/joda-time/2.10.2/joda-time-2.10.2.jar:/home/runner/.m2/repository/com/github/erosb/json-sKema/0.20.0/json-sKema-0.20.0.jar:/home/runner/.m2/repository/io/vertx/vertx-json-schema/4.5.14/vertx-json-schema-4.5.14.jar:/home/runner/work/apicurio-testing/apicurio-testing/clusters/ci419/namespaces/mysql/tests/integration/apicurio-registry/schema-util/protobuf/target/apicurio-registry-schema-util-protobuf-3.0.11-SNAPSHOT.jar:/home/runner/work/apicurio-testing/apicurio-testing/clusters/ci419/namespaces/mysql/tests/integration/apicurio-registry/utils/protobuf-schema-utilities/target/apicurio-registry-protobuf-schema-utilities-3.0.11-SNAPSHOT.jar:/home/runner/.m2/repository/com/google/api/grpc/proto-google-common-protos/2.52.0/proto-google-common-protos-2.52.0.jar:/home/runner/.m2/repository/com/squareup/wire/wire-schema-jvm/5.3.3/wire-schema-jvm-5.3.3.jar:/home/runner/.m2/repository/com/palantir/javapoet/javapoet/0.6.0/javapoet-0.6.0.jar:/home/runner/.m2/repository/com/squareup/kotlinpoet-jvm/2.0.0/kotlinpoet-jvm-2.0.0.jar:/home/runner/.m2/repository/org/jetbrains/kotlin/kotlin-reflect/2.0.21/kotlin-reflect-2.0.21.jar:/home/runner/.m2/repository/com/squareup/wire/wire-runtime-jvm/5.3.3/wire-runtime-jvm-5.3.3.jar:/home/runner/.m2/repository/com/ibm/icu/icu4j/76.1/icu4j-76.1.jar:/home/runner/.m2/repository/com/squareup/okio/okio-fakefilesystem/3.10.2/okio-fakefilesystem-3.10.2.jar:/home/runner/.m2/repository/com/squareup/okio/okio-fakefilesystem-jvm/3.10.2/okio-fakefilesystem-jvm-3.10.2.jar:/home/runner/.m2/repository/org/jetbrains/kotlinx/kotlinx-datetime-jvm/0.6.1/kotlinx-datetime-jvm-0.6.1.jar:/home/runner/work/apicurio-testing/apicurio-testing/clusters/ci419/namespaces/mysql/tests/integration/apicurio-registry/schema-util/asyncapi/target/apicurio-registry-schema-util-asyncapi-3.0.11-SNAPSHOT.jar:/home/runner/work/apicurio-testing/apicurio-testing/clusters/ci419/namespaces/mysql/tests/integration/apicurio-registry/schema-util/avro/target/apicurio-registry-schema-util-avro-3.0.11-SNAPSHOT.jar:/home/runner/work/apicurio-testing/apicurio-testing/clusters/ci419/namespaces/mysql/tests/integration/apicurio-registry/schema-util/graphql/target/apicurio-registry-schema-util-graphql-3.0.11-SNAPSHOT.jar:/home/runner/.m2/repository/com/graphql-java/graphql-java/22.3/graphql-java-22.3.jar:/home/runner/.m2/repository/com/graphql-java/java-dataloader/3.3.0/java-dataloader-3.3.0.jar:/home/runner/work/apicurio-testing/apicurio-testing/clusters/ci419/namespaces/mysql/tests/integration/apicurio-registry/schema-util/kconnect/target/apicurio-registry-schema-util-kconnect-3.0.11-SNAPSHOT.jar:/home/runner/work/apicurio-testing/apicurio-testing/clusters/ci419/namespaces/mysql/tests/integration/apicurio-registry/schema-util/openapi/target/apicurio-registry-schema-util-openapi-3.0.11-SNAPSHOT.jar:/home/runner/.m2/repository/io/apicurio/apicurio-data-models/2.2.1/apicurio-data-models-2.2.1.jar:/home/runner/.m2/repository/org/openapitools/openapidiff/openapi-diff-core/2.1.2/openapi-diff-core-2.1.2.jar:/home/runner/.m2/repository/io/swagger/parser/v3/swagger-parser/2.1.28/swagger-parser-2.1.28.jar:/home/runner/.m2/repository/io/swagger/parser/v3/swagger-parser-v2-converter/2.1.28/swagger-parser-v2-converter-2.1.28.jar:/home/runner/.m2/repository/io/swagger/swagger-core/1.6.16/swagger-core-1.6.16.jar:/home/runner/.m2/repository/io/swagger/swagger-models/1.6.16/swagger-models-1.6.16.jar:/home/runner/.m2/repository/io/swagger/swagger-annotations/1.6.16/swagger-annotations-1.6.16.jar:/home/runner/.m2/repository/io/swagger/swagger-parser/1.0.75/swagger-parser-1.0.75.jar:/home/runner/.m2/repository/io/swagger/swagger-parser-safe-url-resolver/1.0.75/swagger-parser-safe-url-resolver-1.0.75.jar:/home/runner/.m2/repository/io/swagger/swagger-compat-spec-parser/1.0.75/swagger-compat-spec-parser-1.0.75.jar:/home/runner/.m2/repository/com/github/java-json-tools/json-schema-validator/2.2.14/json-schema-validator-2.2.14.jar:/home/runner/.m2/repository/com/github/java-json-tools/jackson-coreutils-equivalence/1.0/jackson-coreutils-equivalence-1.0.jar:/home/runner/.m2/repository/com/github/java-json-tools/json-schema-core/1.2.14/json-schema-core-1.2.14.jar:/home/runner/.m2/repository/com/github/java-json-tools/uri-template/0.10/uri-template-0.10.jar:/home/runner/.m2/repository/com/googlecode/libphonenumber/libphonenumber/8.11.1/libphonenumber-8.11.1.jar:/home/runner/.m2/repository/com/j2html/j2html/1.6.0/j2html-1.6.0.jar:/home/runner/.m2/repository/org/apache/commons/commons-collections4/4.5.0/commons-collections4-4.5.0.jar:/home/runner/.m2/repository/org/apache/commons/commons-configuration2/2.12.0/commons-configuration2-2.12.0.jar:/home/runner/.m2/repository/org/apache/commons/commons-text/1.13.0/commons-text-1.13.0.jar:/home/runner/.m2/repository/org/slf4j/jcl-over-slf4j/2.0.17/jcl-over-slf4j-2.0.17.jar:/home/runner/.m2/repository/io/swagger/parser/v3/swagger-parser-v3/2.1.30/swagger-parser-v3-2.1.30.jar:/home/runner/.m2/repository/io/swagger/core/v3/swagger-models/2.2.34/swagger-models-2.2.34.jar:/home/runner/.m2/repository/io/swagger/core/v3/swagger-core/2.2.34/swagger-core-2.2.34.jar:/home/runner/.m2/repository/io/swagger/parser/v3/swagger-parser-core/2.1.30/swagger-parser-core-2.1.30.jar:/home/runner/.m2/repository/io/swagger/parser/v3/swagger-parser-safe-url-resolver/2.1.30/swagger-parser-safe-url-resolver-2.1.30.jar:/home/runner/work/apicurio-testing/apicurio-testing/clusters/ci419/namespaces/mysql/tests/integration/apicurio-registry/schema-util/wsdl/target/apicurio-registry-schema-util-wsdl-3.0.11-SNAPSHOT.jar:/home/runner/.m2/repository/wsdl4j/wsdl4j/1.6.3/wsdl4j-1.6.3.jar:/home/runner/work/apicurio-testing/apicurio-testing/clusters/ci419/namespaces/mysql/tests/integration/apicurio-registry/schema-util/xml/target/apicurio-registry-schema-util-xml-3.0.11-SNAPSHOT.jar:/home/runner/.m2/repository/org/apache/santuario/xmlsec/4.0.3/xmlsec-4.0.3.jar:/home/runner/.m2/repository/com/fasterxml/woodstox/woodstox-core/7.1.0/woodstox-core-7.1.0.jar:/home/runner/.m2/repository/org/codehaus/woodstox/stax2-api/4.2.2/stax2-api-4.2.2.jar:/home/runner/work/apicurio-testing/apicurio-testing/clusters/ci419/namespaces/mysql/tests/integration/apicurio-registry/schema-util/xsd/target/apicurio-registry-schema-util-xsd-3.0.11-SNAPSHOT.jar:/home/runner/work/apicurio-testing/apicurio-testing/clusters/ci419/namespaces/mysql/tests/integration/apicurio-registry/serdes/kafka/jsonschema-serde/target/apicurio-registry-jsonschema-serde-kafka-3.0.11-SNAPSHOT.jar:/home/runner/work/apicurio-testing/apicurio-testing/clusters/ci419/namespaces/mysql/tests/integration/apicurio-registry/serdes/kafka/serde-kafka-common/target/apicurio-registry-serde-kafka-common-3.0.11-SNAPSHOT.jar:/home/runner/work/apicurio-testing/apicurio-testing/clusters/ci419/namespaces/mysql/tests/integration/apicurio-registry/serdes/generic/serde-common/target/apicurio-registry-serde-common-3.0.11-SNAPSHOT.jar:/home/runner/work/apicurio-testing/apicurio-testing/clusters/ci419/namespaces/mysql/tests/integration/apicurio-registry/serdes/generic/serde-common-jsonschema/target/apicurio-registry-serde-common-jsonschema-3.0.11-SNAPSHOT.jar:/home/runner/.m2/repository/org/json/json/20250107/json-20250107.jar:/home/runner/work/apicurio-testing/apicurio-testing/clusters/ci419/namespaces/mysql/tests/integration/apicurio-registry/serdes/kafka/avro-serde/target/apicurio-registry-avro-serde-kafka-3.0.11-SNAPSHOT.jar:/home/runner/work/apicurio-testing/apicurio-testing/clusters/ci419/namespaces/mysql/tests/integration/apicurio-registry/serdes/generic/serde-common-avro/target/apicurio-registry-serde-common-avro-3.0.11-SNAPSHOT.jar:/home/runner/work/apicurio-testing/apicurio-testing/clusters/ci419/namespaces/mysql/tests/integration/apicurio-registry/serdes/kafka/protobuf-serde/target/apicurio-registry-protobuf-serde-kafka-3.0.11-SNAPSHOT.jar:/home/runner/work/apicurio-testing/apicurio-testing/clusters/ci419/namespaces/mysql/tests/integration/apicurio-registry/serdes/generic/serde-common-protobuf/target/apicurio-registry-serde-common-protobuf-3.0.11-SNAPSHOT.jar:/home/runner/.m2/repository/com/squareup/wire/wire-schema/5.3.3/wire-schema-5.3.3.jar:/home/runner/.m2/repository/com/squareup/wire/wire-runtime/5.3.3/wire-runtime-5.3.3.jar:/home/runner/work/apicurio-testing/apicurio-testing/clusters/ci419/namespaces/mysql/tests/integration/apicurio-registry/serdes/pulsar/avro-serde/target/apicurio-registry-avro-serde-pulsar-3.0.11-SNAPSHOT.jar:/home/runner/.m2/repository/org/apache/pulsar/pulsar-functions-api/3.3.4/pulsar-functions-api-3.3.4.jar:/home/runner/work/apicurio-testing/apicurio-testing/clusters/ci419/namespaces/mysql/tests/integration/apicurio-registry/serdes/nats/avro-serde/target/apicurio-registry-avro-serde-nats-3.0.11-SNAPSHOT.jar:/home/runner/.m2/repository/io/nats/jnats/2.20.5/jnats-2.20.5.jar:/home/runner/.m2/repository/net/i2p/crypto/eddsa/0.3.0/eddsa-0.3.0.jar:/home/runner/work/apicurio-testing/apicurio-testing/clusters/ci419/namespaces/mysql/tests/integration/apicurio-registry/utils/converter/target/apicurio-registry-utils-converter-3.0.11-SNAPSHOT.jar:/home/runner/work/apicurio-testing/apicurio-testing/clusters/ci419/namespaces/mysql/tests/integration/apicurio-registry/schema-resolver/target/apicurio-registry-schema-resolver-3.0.11-SNAPSHOT.jar:/home/runner/.m2/repository/org/apache/kafka/connect-api/3.9.1/connect-api-3.9.1.jar:/home/runner/.m2/repository/javax/ws/rs/javax.ws.rs-api/2.1.1/javax.ws.rs-api-2.1.1.jar:/home/runner/.m2/repository/org/apache/kafka/connect-json/3.9.1/connect-json-3.9.1.jar:/home/runner/.m2/repository/com/fasterxml/jackson/datatype/jackson-datatype-jdk8/2.18.2/jackson-datatype-jdk8-2.18.2.jar:/home/runner/.m2/repository/com/fasterxml/jackson/module/jackson-module-afterburner/2.18.2/jackson-module-afterburner-2.18.2.jar:/home/runner/work/apicurio-testing/apicurio-testing/clusters/ci419/namespaces/mysql/tests/integration/apicurio-registry/utils/kafka/target/apicurio-registry-utils-kafka-3.0.11-SNAPSHOT.jar:/home/runner/.m2/repository/org/apache/pulsar/pulsar-client/3.3.4/pulsar-client-3.3.4.jar:/home/runner/.m2/repository/org/apache/pulsar/pulsar-client-api/3.3.4/pulsar-client-api-3.3.4.jar:/home/runner/.m2/repository/org/apache/pulsar/pulsar-client-admin-api/3.3.4/pulsar-client-admin-api-3.3.4.jar:/home/runner/.m2/repository/org/apache/pulsar/bouncy-castle-bc/3.3.4/bouncy-castle-bc-3.3.4-pkg.jar:/home/runner/.m2/repository/org/bouncycastle/bcpkix-jdk18on/1.80/bcpkix-jdk18on-1.80.jar:/home/runner/.m2/repository/org/bouncycastle/bcutil-jdk18on/1.80/bcutil-jdk18on-1.80.jar:/home/runner/.m2/repository/org/bouncycastle/bcprov-jdk18on/1.80/bcprov-jdk18on-1.80.jar:/home/runner/.m2/repository/io/opentelemetry/opentelemetry-api/1.44.1/opentelemetry-api-1.44.1.jar:/home/runner/.m2/repository/io/opentelemetry/opentelemetry-context/1.44.1/opentelemetry-context-1.44.1.jar:/home/runner/.m2/repository/io/opentelemetry/opentelemetry-api-incubator/1.44.1-alpha/opentelemetry-api-incubator-1.44.1-alpha.jar:/home/runner/.m2/repository/com/fasterxml/jackson/core/jackson-annotations/2.18.2/jackson-annotations-2.18.2.jar:/home/runner/.m2/repository/javax/validation/validation-api/1.1.0.Final/validation-api-1.1.0.Final.jar:/home/runner/.m2/repository/io/confluent/kafka-avro-serializer/8.0.0/kafka-avro-serializer-8.0.0.jar:/home/runner/.m2/repository/org/apache/commons/commons-compress/1.27.1/commons-compress-1.27.1.jar:/home/runner/.m2/repository/io/confluent/kafka-schema-serializer/8.0.0/kafka-schema-serializer-8.0.0.jar:/home/runner/.m2/repository/com/fasterxml/jackson/dataformat/jackson-dataformat-csv/2.18.2/jackson-dataformat-csv-2.18.2.jar:/home/runner/.m2/repository/io/confluent/kafka-schema-registry-client/8.0.0/kafka-schema-registry-client-8.0.0.jar:/home/runner/.m2/repository/org/yaml/snakeyaml/2.3/snakeyaml-2.3.jar:/home/runner/.m2/repository/io/swagger/core/v3/swagger-annotations/2.2.29/swagger-annotations-2.2.29.jar:/home/runner/.m2/repository/com/google/guava/guava/33.4.0-jre/guava-33.4.0-jre.jar:/home/runner/.m2/repository/com/google/guava/failureaccess/1.0.1/failureaccess-1.0.1.jar:/home/runner/.m2/repository/org/checkerframework/checker-qual/3.49.0/checker-qual-3.49.0.jar:/home/runner/.m2/repository/io/confluent/logredactor/1.0.13/logredactor-1.0.13.jar:/home/runner/.m2/repository/com/google/re2j/re2j/1.6/re2j-1.6.jar:/home/runner/.m2/repository/io/confluent/logredactor-metrics/1.0.13/logredactor-metrics-1.0.13.jar:/home/runner/.m2/repository/com/eclipsesource/minimal-json/minimal-json/0.9.5/minimal-json-0.9.5.jar:/home/runner/.m2/repository/io/confluent/common-utils/8.0.0/common-utils-8.0.0.jar:/home/runner/.m2/repository/io/confluent/kafka-connect-avro-converter/8.0.0/kafka-connect-avro-converter-8.0.0.jar:/home/runner/.m2/repository/io/confluent/kafka-connect-avro-data/8.0.0/kafka-connect-avro-data-8.0.0.jar:/home/runner/.m2/repository/io/confluent/kafka-schema-converter/8.0.0/kafka-schema-converter-8.0.0.jar:/home/runner/.m2/repository/io/rest-assured/rest-assured/5.5.1/rest-assured-5.5.1.jar:/home/runner/.m2/repository/org/apache/groovy/groovy/4.0.22/groovy-4.0.22.jar:/home/runner/.m2/repository/org/apache/groovy/groovy-xml/4.0.22/groovy-xml-4.0.22.jar:/home/runner/.m2/repository/org/apache/httpcomponents/httpclient/4.5.14/httpclient-4.5.14.jar:/home/runner/.m2/repository/org/apache/httpcomponents/httpcore/4.4.16/httpcore-4.4.16.jar:/home/runner/.m2/repository/org/apache/httpcomponents/httpmime/4.5.14/httpmime-4.5.14.jar:/home/runner/.m2/repository/org/hamcrest/hamcrest/2.2/hamcrest-2.2.jar:/home/runner/.m2/repository/org/ccil/cowan/tagsoup/tagsoup/1.2.1/tagsoup-1.2.1.jar:/home/runner/.m2/repository/io/rest-assured/json-path/5.5.1/json-path-5.5.1.jar:/home/runner/.m2/repository/org/apache/groovy/groovy-json/4.0.22/groovy-json-4.0.22.jar:/home/runner/.m2/repository/io/rest-assured/rest-assured-common/5.5.1/rest-assured-common-5.5.1.jar:/home/runner/.m2/repository/io/rest-assured/xml-path/5.5.1/xml-path-5.5.1.jar:/home/runner/.m2/repository/io/zonky/test/embedded-postgres/2.1.0/embedded-postgres-2.1.0.jar:/home/runner/.m2/repository/io/zonky/test/postgres/embedded-postgres-binaries-windows-amd64/14.15.0/embedded-postgres-binaries-windows-amd64-14.15.0.jar:/home/runner/.m2/repository/io/zonky/test/postgres/embedded-postgres-binaries-darwin-amd64/14.15.0/embedded-postgres-binaries-darwin-amd64-14.15.0.jar:/home/runner/.m2/repository/io/zonky/test/postgres/embedded-postgres-binaries-linux-amd64/14.15.0/embedded-postgres-binaries-linux-amd64-14.15.0.jar:/home/runner/.m2/repository/io/zonky/test/postgres/embedded-postgres-binaries-linux-amd64-alpine/14.15.0/embedded-postgres-binaries-linux-amd64-alpine-14.15.0.jar:/home/runner/.m2/repository/org/apache/commons/commons-lang3/3.17.0/commons-lang3-3.17.0.jar:/home/runner/.m2/repository/org/tukaani/xz/1.10/xz-1.10.jar:/home/runner/.m2/repository/commons-codec/commons-codec/1.18.0/commons-codec-1.18.0.jar:/home/runner/.m2/repository/org/postgresql/postgresql/42.7.5/postgresql-42.7.5.jar:/home/runner/.m2/repository/commons-io/commons-io/2.18.0/commons-io-2.18.0.jar:/home/runner/work/apicurio-testing/apicurio-testing/clusters/ci419/namespaces/mysql/tests/integration/apicurio-registry/utils/importexport/target/apicurio-registry-utils-import-export-3.0.11-SNAPSHOT.jar:/home/runner/.m2/repository/io/vertx/vertx-core/4.5.14/vertx-core-4.5.14.jar:/home/runner/.m2/repository/io/netty/netty-common/4.1.119.Final/netty-common-4.1.119.Final.jar:/home/runner/.m2/repository/io/netty/netty-buffer/4.1.119.Final/netty-buffer-4.1.119.Final.jar:/home/runner/.m2/repository/io/netty/netty-transport/4.1.119.Final/netty-transport-4.1.119.Final.jar:/home/runner/.m2/repository/io/netty/netty-handler/4.1.119.Final/netty-handler-4.1.119.Final.jar:/home/runner/.m2/repository/io/netty/netty-transport-native-unix-common/4.1.119.Final/netty-transport-native-unix-common-4.1.119.Final.jar:/home/runner/.m2/repository/io/netty/netty-codec/4.1.119.Final/netty-codec-4.1.119.Final.jar:/home/runner/.m2/repository/io/netty/netty-handler-proxy/4.1.119.Final/netty-handler-proxy-4.1.119.Final.jar:/home/runner/.m2/repository/io/netty/netty-codec-socks/4.1.119.Final/netty-codec-socks-4.1.119.Final.jar:/home/runner/.m2/repository/io/netty/netty-codec-http/4.1.119.Final/netty-codec-http-4.1.119.Final.jar:/home/runner/.m2/repository/io/netty/netty-codec-http2/4.1.119.Final/netty-codec-http2-4.1.119.Final.jar:/home/runner/.m2/repository/io/netty/netty-resolver/4.1.119.Final/netty-resolver-4.1.119.Final.jar:/home/runner/.m2/repository/io/netty/netty-resolver-dns/4.1.119.Final/netty-resolver-dns-4.1.119.Final.jar:/home/runner/.m2/repository/io/netty/netty-codec-dns/4.1.119.Final/netty-codec-dns-4.1.119.Final.jar:/home/runner/.m2/repository/com/fasterxml/jackson/core/jackson-core/2.18.2/jackson-core-2.18.2.jar:"/>
    <property name="sun.cpu.endian" value="little"/>
    <property name="user.home" value="/home/runner"/>
    <property name="user.language" value="en"/>
    <property name="jboss.log-version" value="false"/>
    <property name="java.specification.vendor" value="Oracle Corporation"/>
    <property name="java.version.date" value="2025-07-15"/>
    <property name="java.home" value="/usr/lib/jvm/temurin-17-jdk-amd64"/>
    <property name="file.separator" value="/"/>
    <property name="basedir" value="/home/runner/work/apicurio-testing/apicurio-testing/clusters/ci419/namespaces/mysql/tests/integration/apicurio-registry/integration-tests"/>
    <property name="java.vm.compressedOopsMode" value="32-bit"/>
    <property name="line.separator" value="&#10;"/>
    <property name="java.specification.name" value="Java Platform API Specification"/>
    <property name="java.vm.specification.vendor" value="Oracle Corporation"/>
    <property name="quarkus.http.test-host" value="registry-app-mysql.apps.ci419.apicurio-testing.org"/>
    <property name="surefire.real.class.path" value="/home/runner/work/apicurio-testing/apicurio-testing/clusters/ci419/namespaces/mysql/tests/integration/apicurio-registry/integration-tests/target/surefire/surefirebooter-20250731170329825_3.jar"/>
    <property name="sun.management.compiler" value="HotSpot 64-Bit Tiered Compilers"/>
    <property name="org.eclipse.jetty.http.HttpGenerator.STRICT" value="true"/>
    <property name="java.runtime.version" value="17.0.16+8"/>
    <property name="user.name" value="runner"/>
    <property name="path.separator" value=":"/>
    <property name="os.version" value="6.8.0-1031-azure"/>
    <property name="java.runtime.name" value="OpenJDK Runtime Environment"/>
    <property name="file.encoding" value="UTF-8"/>
    <property name="jnidispatch.path" value="/home/runner/.cache/JNA/temp/jna918622242963987575.tmp"/>
    <property name="java.vm.name" value="OpenJDK 64-Bit Server VM"/>
    <property name="jna.platform.library.path" value="/usr/lib/x86_64-linux-gnu:/lib/x86_64-linux-gnu:/usr/lib64:/lib64:/usr/lib:/lib:/lib32:/usr/local/lib:/usr/lib/x86_64-linux-gnu/libfakeroot"/>
    <property name="java.vendor.version" value="Temurin-17.0.16+8"/>
    <property name="quarkus.oidc.token-path" value="https://keycloak-mysql.apps.ci419.apicurio-testing.org/realms/registry/protocol/openid-connect/token"/>
    <property name="quarkus.http.host" value="registry-app-mysql.apps.ci419.apicurio-testing.org"/>
    <property name="localRepository" value="/home/runner/.m2/repository"/>
    <property name="javax.xml.xpath.XPathFactory:http://java.sun.com/jaxp/xpath/dom" value="com.sun.org.apache.xpath.internal.jaxp.XPathFactoryImpl"/>
    <property name="jna.loaded" value="true"/>
    <property name="java.vendor.url.bug" value="https://github.com/adoptium/adoptium-support/issues"/>
    <property name="jetty.git.hash" value="5bc5e562c8d05c5862505aebe5cf83a61bdbcb96"/>
    <property name="java.io.tmpdir" value="/tmp"/>
    <property name="quarkus.http.test-protocol" value="http"/>
    <property name="java.version" value="17.0.16"/>
    <property name="user.dir" value="/home/runner/work/apicurio-testing/apicurio-testing/clusters/ci419/namespaces/mysql/tests/integration/apicurio-registry/integration-tests"/>
    <property name="os.arch" value="amd64"/>
    <property name="groups" value="( smoke | serdes | acceptance | ui)"/>
    <property name="java.vm.specification.name" value="Java Virtual Machine Specification"/>
    <property name="native.encoding" value="UTF-8"/>
    <property name="java.util.logging.manager" value="org.jboss.logmanager.LogManager"/>
    <property name="java.library.path" value="/usr/java/packages/lib:/usr/lib64:/lib64:/lib:/usr/lib"/>
    <property name="jdk.console" value="java.base"/>
    <property name="java.vm.info" value="mixed mode, sharing"/>
    <property name="java.vendor" value="Eclipse Adoptium"/>
    <property name="java.vm.version" value="17.0.16+8"/>
    <property name="java.specification.maintenance.version" value="1"/>
    <property name="sun.io.unicode.encoding" value="UnicodeLittle"/>
    <property name="javax.xml.transform.TransformerFactory" value="com.sun.org.apache.xalan.internal.xsltc.trax.TransformerFactoryImpl"/>
    <property name="java.class.version" value="61.0"/>
  </properties>
  <testcase name="testEvolveAvroConfluent" classname="io.apicurio.tests.serdes.confluent.BasicConfluentSerDesIT" time="1.554">
    <error type="io.apicurio.registry.rest.client.models.RuleViolationProblemDetails"><![CDATA[io.apicurio.registry.rest.client.models.RuleViolationProblemDetails
	at io.apicurio.registry.rest.client.models.RuleViolationProblemDetails.createFromDiscriminatorValue(RuleViolationProblemDetails.java:62)
	at io.kiota.serialization.json.JsonParseNode.getObjectValue(JsonParseNode.java:247)
	at io.kiota.http.vertx.VertXRequestAdapter.lambda$throwIfFailedResponse$0(VertXRequestAdapter.java:400)
	at com.microsoft.kiota.ApiExceptionBuilder.<init>(ApiExceptionBuilder.java:26)
	at io.kiota.http.vertx.VertXRequestAdapter.throwIfFailedResponse(VertXRequestAdapter.java:399)
	at io.kiota.http.vertx.VertXRequestAdapter.send(VertXRequestAdapter.java:170)
	at io.apicurio.registry.rest.client.groups.item.artifacts.item.versions.VersionsRequestBuilder.post(VersionsRequestBuilder.java:117)
	at io.apicurio.registry.rest.client.groups.item.artifacts.item.versions.VersionsRequestBuilder.post(VersionsRequestBuilder.java:94)
	at io.apicurio.tests.ApicurioRegistryBaseIT.createArtifactVersion(ApicurioRegistryBaseIT.java:212)
	at io.apicurio.tests.serdes.confluent.BasicConfluentSerDesIT.testEvolveAvroConfluent(BasicConfluentSerDesIT.java:208)
	at java.base/java.lang.reflect.Method.invoke(Method.java:569)
	at java.base/java.util.ArrayList.forEach(ArrayList.java:1511)
	at java.base/java.util.ArrayList.forEach(ArrayList.java:1511)
]]></error>
    <system-out><![CDATA[**** Registry Base URL: http://registry-app-mysql.apps.ci419.apicurio-testing.org:80
**** Registry Base URL: http://registry-app-mysql.apps.ci419.apicurio-testing.org:80
2025-07-31 17:05:37,480 INFO  [io.api.tes.ser.con.BasicConfluentSerDesIT] (main) RestAssured configured with http://registry-app-mysql.apps.ci419.apicurio-testing.org:80/apis/registry/v3
**** Registry Base URL: http://registry-app-mysql.apps.ci419.apicurio-testing.org:80
2025-07-31 17:05:37,912 INFO  [io.api.tes.ser.con.BasicConfluentSerDesIT] (main) Deleting confluent schema subj_139ac907_15d1_4361_ac1d_6cac5d600385-value
2025-07-31 17:05:38,065 INFO  [io.api.tes.ser.con.BasicConfluentSerDesIT] (main) Deleting confluent schema subj_25d696fa_e0e5_4d8f_967a_8ca49d0a2b3f-value
2025-07-31 17:05:38,145 INFO  [io.api.tes.ser.con.BasicConfluentSerDesIT] (main) Deleting confluent schema CUSTOMERS-value
2025-07-31 17:05:38,226 INFO  [io.api.tes.ser.con.BasicConfluentSerDesIT] (main) Deleting confluent schema CUSTOMERS.Value
2025-07-31 17:05:38,308 INFO  [io.api.tes.ser.con.BasicConfluentSerDesIT] (main) Deleting confluent schema CUSTOMERS-key
2025-07-31 17:05:38,387 INFO  [io.api.tes.ser.con.BasicConfluentSerDesIT] (main) Deleting confluent schema subj_9b5d0e50_8638_4f67_8140_9c1fc58d5b06-value
2025-07-31 17:05:38,465 INFO  [io.api.tes.ser.con.BasicConfluentSerDesIT] (main) Deleting confluent schema topic-82916bd2_d952_461b_bd0b_a6d21507a06d-value
2025-07-31 17:05:38,545 INFO  [io.api.tes.ser.con.BasicConfluentSerDesIT] (main) Deleting confluent schema topic-10c5a1c8_9583_445c_9130_55ca5b6a4ec6-value
2025-07-31 17:05:38,625 INFO  [io.api.tes.ser.con.BasicConfluentSerDesIT] (main) Deleting confluent schema topic-9dfb20f5_ab32_49ad_83f5_151bb32b70ba-value
2025-07-31 17:05:38,705 INFO  [io.api.tes.ser.con.BasicConfluentSerDesIT] (main) Deleting confluent schema topic-362a9c21_e66a_49e7_bec7_3418797e3c1c-value
2025-07-31 17:05:38,785 INFO  [io.api.tes.ser.con.BasicConfluentSerDesIT] (main) Deleting confluent schema topic-2f3b7723_a863_4b36_b3c1_5d3e65732192-value
2025-07-31 17:05:38,865 INFO  [io.api.tes.ser.con.BasicConfluentSerDesIT] (main) Deleting confluent schema topic-13108c53_f3f8_434d_9ca0_b19bd8a18df7-value
2025-07-31 17:05:38,947 INFO  [io.api.tes.ser.con.BasicConfluentSerDesIT] (main) Deleting confluent schema myrecordconfluent
2025-07-31 17:05:39,028 INFO  [io.api.tes.ser.con.BasicConfluentSerDesIT] (main) Deleting confluent schema topic-ee9bc6af_a26d_4007_8460_1043666022ca
2025-07-31 17:05:39,110 INFO  [io.api.tes.ser.con.BasicConfluentSerDesIT] (main) Deleting confluent schema topic-b42b61d9_678c_404a_b9da_da0df014fdd3-value
2025-07-31 17:05:39,193 INFO  [io.api.tes.ser.con.BasicConfluentSerDesIT] (main) Deleting confluent schema topic-67349d95_8090_45d1_86fe_471d67e385cb
2025-07-31 17:05:39,274 INFO  [io.api.tes.ser.con.BasicConfluentSerDesIT] (main) Deleting confluent schema topic-0249406a_6ba6_4e90_869b_53b25c00df1b-value
2025-07-31 17:05:39,354 INFO  [io.api.tes.ser.con.BasicConfluentSerDesIT] (main) Deleting confluent schema topic-2c9fd899_7aca_4f4b_94d0_85ef096d27ad
2025-07-31 17:05:39,434 INFO  [io.api.tes.ser.con.BasicConfluentSerDesIT] (main) Deleting confluent schema google/protobuf/timestamp.proto
2025-07-31 17:05:39,514 INFO  [io.api.tes.ser.con.BasicConfluentSerDesIT] (main) Deleting confluent schema topic-babcaf7d_6d9e_4d94_bc9b_2d739878d6d3-value
2025-07-31 17:05:39,594 INFO  [io.api.tes.ser.con.BasicConfluentSerDesIT] (main) Deleting confluent schema topic-92b98f17_32cb_4b82_9653_7f36047f3b23-value
2025-07-31 17:05:39,675 INFO  [io.api.tes.ser.con.BasicConfluentSerDesIT] (main) Deleting confluent schema topic-8fb60b7c_d316_4d4c_9661_e0d53b134c72-value
2025-07-31 17:05:39,761 INFO  [io.api.tes.ser.con.BasicConfluentSerDesIT] (main) Deleting confluent schema topic-f17066fa_2526_495b_9c86_1f895f4c12e2-value
2025-07-31 17:05:39,845 INFO  [io.api.tes.uti.KafkaFacade] (main) Skipping deployment of kafka, because it's already deployed
2025-07-31 17:05:39,846 INFO  [io.api.tes.uti.TestSeparator] (main) ############################################################################
2025-07-31 17:05:39,846 INFO  [io.api.tes.uti.TestSeparator] (main) io.apicurio.tests.serdes.confluent.BasicConfluentSerDesIT.testEvolveAvroConfluent-STARTED
2025-07-31 17:05:39,847 INFO  [org.apa.kaf.cli.adm.AdminClientConfig] (main) AdminClientConfig values: 
	auto.include.jmx.reporter = true
	bootstrap.controllers = []
	bootstrap.servers = [PLAINTEXT://localhost:32770]
	client.dns.lookup = use_all_dns_ips
	client.id = 
	connections.max.idle.ms = 10000
	default.api.timeout.ms = 60000
	enable.metrics.push = true
	metadata.max.age.ms = 300000
	metadata.recovery.strategy = none
	metric.reporters = []
	metrics.num.samples = 2
	metrics.recording.level = INFO
	metrics.sample.window.ms = 30000
	receive.buffer.bytes = 65536
	reconnect.backoff.max.ms = 1000
	reconnect.backoff.ms = 50
	request.timeout.ms = 5000
	retries = 2147483647
	retry.backoff.max.ms = 1000
	retry.backoff.ms = 100
	sasl.client.callback.handler.class = null
	sasl.jaas.config = null
	sasl.kerberos.kinit.cmd = /usr/bin/kinit
	sasl.kerberos.min.time.before.relogin = 60000
	sasl.kerberos.service.name = null
	sasl.kerberos.ticket.renew.jitter = 0.05
	sasl.kerberos.ticket.renew.window.factor = 0.8
	sasl.login.callback.handler.class = null
	sasl.login.class = null
	sasl.login.connect.timeout.ms = null
	sasl.login.read.timeout.ms = null
	sasl.login.refresh.buffer.seconds = 300
	sasl.login.refresh.min.period.seconds = 60
	sasl.login.refresh.window.factor = 0.8
	sasl.login.refresh.window.jitter = 0.05
	sasl.login.retry.backoff.max.ms = 10000
	sasl.login.retry.backoff.ms = 100
	sasl.mechanism = GSSAPI
	sasl.oauthbearer.clock.skew.seconds = 30
	sasl.oauthbearer.expected.audience = null
	sasl.oauthbearer.expected.issuer = null
	sasl.oauthbearer.header.urlencode = false
	sasl.oauthbearer.jwks.endpoint.refresh.ms = 3600000
	sasl.oauthbearer.jwks.endpoint.retry.backoff.max.ms = 10000
	sasl.oauthbearer.jwks.endpoint.retry.backoff.ms = 100
	sasl.oauthbearer.jwks.endpoint.url = null
	sasl.oauthbearer.scope.claim.name = scope
	sasl.oauthbearer.sub.claim.name = sub
	sasl.oauthbearer.token.endpoint.url = null
	security.protocol = PLAINTEXT
	security.providers = null
	send.buffer.bytes = 131072
	socket.connection.setup.timeout.max.ms = 30000
	socket.connection.setup.timeout.ms = 10000
	ssl.cipher.suites = null
	ssl.enabled.protocols = [TLSv1.2, TLSv1.3]
	ssl.endpoint.identification.algorithm = https
	ssl.engine.factory.class = null
	ssl.key.password = null
	ssl.keymanager.algorithm = SunX509
	ssl.keystore.certificate.chain = null
	ssl.keystore.key = null
	ssl.keystore.location = null
	ssl.keystore.password = null
	ssl.keystore.type = JKS
	ssl.protocol = TLSv1.3
	ssl.provider = null
	ssl.secure.random.implementation = null
	ssl.trustmanager.algorithm = PKIX
	ssl.truststore.certificates = null
	ssl.truststore.location = null
	ssl.truststore.password = null
	ssl.truststore.type = JKS

2025-07-31 17:05:39,849 INFO  [org.apa.kaf.com.uti.AppInfoParser] (main) Kafka version: 3.9.1
2025-07-31 17:05:39,849 INFO  [org.apa.kaf.com.uti.AppInfoParser] (main) Kafka commitId: f745dfdcee2b9851
2025-07-31 17:05:39,849 INFO  [org.apa.kaf.com.uti.AppInfoParser] (main) Kafka startTimeMs: 1753981539849
2025-07-31 17:05:40,163 INFO  [io.api.tes.ser.con.BasicConfluentSerDesIT] (main) Checking that created schema is equal to the get schema
2025-07-31 17:05:40,259 INFO  [io.api.tes.ser.con.BasicConfluentSerDesIT] (main) Created schema with id:83 and name:s9f10131cx2c95x408ax9dc1x797eb6d81cc0
**** Registry Base URL: http://registry-app-mysql.apps.ci419.apicurio-testing.org:80
2025-07-31 17:05:40,265 INFO  [org.apa.kaf.cli.pro.ProducerConfig] (main) ProducerConfig values: 
	acks = -1
	auto.include.jmx.reporter = true
	batch.size = 16384
	bootstrap.servers = [PLAINTEXT://localhost:32770]
	buffer.memory = 33554432
	client.dns.lookup = use_all_dns_ips
	client.id = Producer-topic-9ac9a42e_356e_4e1f_a9ae_f354efe76320
	compression.gzip.level = -1
	compression.lz4.level = 9
	compression.type = none
	compression.zstd.level = 3
	connections.max.idle.ms = 10000
	delivery.timeout.ms = 120000
	enable.idempotence = true
	enable.metrics.push = true
	interceptor.classes = []
	key.serializer = class org.apache.kafka.common.serialization.StringSerializer
	linger.ms = 0
	max.block.ms = 60000
	max.in.flight.requests.per.connection = 5
	max.request.size = 1048576
	metadata.max.age.ms = 300000
	metadata.max.idle.ms = 300000
	metadata.recovery.strategy = none
	metric.reporters = []
	metrics.num.samples = 2
	metrics.recording.level = INFO
	metrics.sample.window.ms = 30000
	partitioner.adaptive.partitioning.enable = true
	partitioner.availability.timeout.ms = 0
	partitioner.class = null
	partitioner.ignore.keys = false
	receive.buffer.bytes = 32768
	reconnect.backoff.max.ms = 1000
	reconnect.backoff.ms = 50
	request.timeout.ms = 5000
	retries = 2147483647
	retry.backoff.max.ms = 1000
	retry.backoff.ms = 100
	sasl.client.callback.handler.class = null
	sasl.jaas.config = null
	sasl.kerberos.kinit.cmd = /usr/bin/kinit
	sasl.kerberos.min.time.before.relogin = 60000
	sasl.kerberos.service.name = null
	sasl.kerberos.ticket.renew.jitter = 0.05
	sasl.kerberos.ticket.renew.window.factor = 0.8
	sasl.login.callback.handler.class = null
	sasl.login.class = null
	sasl.login.connect.timeout.ms = null
	sasl.login.read.timeout.ms = null
	sasl.login.refresh.buffer.seconds = 300
	sasl.login.refresh.min.period.seconds = 60
	sasl.login.refresh.window.factor = 0.8
	sasl.login.refresh.window.jitter = 0.05
	sasl.login.retry.backoff.max.ms = 10000
	sasl.login.retry.backoff.ms = 100
	sasl.mechanism = GSSAPI
	sasl.oauthbearer.clock.skew.seconds = 30
	sasl.oauthbearer.expected.audience = null
	sasl.oauthbearer.expected.issuer = null
	sasl.oauthbearer.header.urlencode = false
	sasl.oauthbearer.jwks.endpoint.refresh.ms = 3600000
	sasl.oauthbearer.jwks.endpoint.retry.backoff.max.ms = 10000
	sasl.oauthbearer.jwks.endpoint.retry.backoff.ms = 100
	sasl.oauthbearer.jwks.endpoint.url = null
	sasl.oauthbearer.scope.claim.name = scope
	sasl.oauthbearer.sub.claim.name = sub
	sasl.oauthbearer.token.endpoint.url = null
	security.protocol = PLAINTEXT
	security.providers = null
	send.buffer.bytes = 131072
	socket.connection.setup.timeout.max.ms = 30000
	socket.connection.setup.timeout.ms = 10000
	ssl.cipher.suites = null
	ssl.enabled.protocols = [TLSv1.2, TLSv1.3]
	ssl.endpoint.identification.algorithm = https
	ssl.engine.factory.class = null
	ssl.key.password = null
	ssl.keymanager.algorithm = SunX509
	ssl.keystore.certificate.chain = null
	ssl.keystore.key = null
	ssl.keystore.location = null
	ssl.keystore.password = null
	ssl.keystore.type = JKS
	ssl.protocol = TLSv1.3
	ssl.provider = null
	ssl.secure.random.implementation = null
	ssl.trustmanager.algorithm = PKIX
	ssl.truststore.certificates = null
	ssl.truststore.location = null
	ssl.truststore.password = null
	ssl.truststore.type = JKS
	transaction.timeout.ms = 60000
	transactional.id = null
	value.serializer = class io.confluent.kafka.serializers.KafkaAvroSerializer

2025-07-31 17:05:40,265 INFO  [org.apa.kaf.com.tel.int.KafkaMetricsCollector] (main) initializing Kafka metrics collector
2025-07-31 17:05:40,268 INFO  [io.con.kaf.ser.KafkaAvroSerializerConfig] (main) KafkaAvroSerializerConfig values: 
	auto.register.schemas = false
	avro.reflection.allow.null = false
	avro.remove.java.properties = false
	avro.use.logical.type.converters = false
	basic.auth.credentials.source = URL
	basic.auth.user.info = [hidden]
	bearer.auth.cache.expiry.buffer.seconds = 300
	bearer.auth.client.id = null
	bearer.auth.client.secret = null
	bearer.auth.credentials.source = STATIC_TOKEN
	bearer.auth.custom.provider.class = null
	bearer.auth.identity.pool.id = null
	bearer.auth.issuer.endpoint.url = null
	bearer.auth.logical.cluster = null
	bearer.auth.scope = null
	bearer.auth.scope.claim.name = scope
	bearer.auth.sub.claim.name = sub
	bearer.auth.token = [hidden]
	context.name.strategy = class io.confluent.kafka.serializers.context.NullContextNameStrategy
	http.connect.timeout.ms = 60000
	http.read.timeout.ms = 60000
	id.compatibility.strict = true
	key.schema.id.deserializer = class io.confluent.kafka.serializers.schema.id.DualSchemaIdDeserializer
	key.schema.id.serializer = class io.confluent.kafka.serializers.schema.id.PrefixSchemaIdSerializer
	key.subject.name.strategy = class io.confluent.kafka.serializers.subject.TopicNameStrategy
	latest.cache.size = 1000
	latest.cache.ttl.sec = -1
	latest.compatibility.strict = true
	max.retries = 3
	max.schemas.per.subject = 1000
	normalize.schemas = false
	propagate.schema.tags = false
	proxy.host = 
	proxy.port = -1
	retries.max.wait.ms = 20000
	retries.wait.ms = 1000
	rule.actions = []
	rule.executors = []
	rule.service.loader.enable = true
	schema.format = null
	schema.reflection = false
	schema.registry.basic.auth.user.info = [hidden]
	schema.registry.ssl.cipher.suites = null
	schema.registry.ssl.enabled.protocols = [TLSv1.2, TLSv1.3]
	schema.registry.ssl.endpoint.identification.algorithm = https
	schema.registry.ssl.engine.factory.class = null
	schema.registry.ssl.key.password = null
	schema.registry.ssl.keymanager.algorithm = SunX509
	schema.registry.ssl.keystore.certificate.chain = null
	schema.registry.ssl.keystore.key = null
	schema.registry.ssl.keystore.location = null
	schema.registry.ssl.keystore.password = null
	schema.registry.ssl.keystore.type = JKS
	schema.registry.ssl.protocol = TLSv1.3
	schema.registry.ssl.provider = null
	schema.registry.ssl.secure.random.implementation = null
	schema.registry.ssl.trustmanager.algorithm = PKIX
	schema.registry.ssl.truststore.certificates = null
	schema.registry.ssl.truststore.location = null
	schema.registry.ssl.truststore.password = null
	schema.registry.ssl.truststore.type = JKS
	schema.registry.url = [http://registry-app-mysql.apps.ci419.apicurio-testing.org:80/apis/ccompat/v7]
	schema.registry.url.randomize = false
	use.latest.version = false
	use.latest.with.metadata = null
	use.schema.id = -1
	value.schema.id.deserializer = class io.confluent.kafka.serializers.schema.id.DualSchemaIdDeserializer
	value.schema.id.serializer = class io.confluent.kafka.serializers.schema.id.PrefixSchemaIdSerializer
	value.subject.name.strategy = class io.confluent.kafka.serializers.subject.TopicRecordNameStrategy

2025-07-31 17:05:40,283 INFO  [org.apa.kaf.cli.pro.KafkaProducer] (main) [Producer clientId=Producer-topic-9ac9a42e_356e_4e1f_a9ae_f354efe76320] Instantiated an idempotent producer.
2025-07-31 17:05:40,290 INFO  [org.apa.kaf.cli.pro.ProducerConfig] (main) These configurations '[schema.registry.url, auto.register.schemas, value.subject.name.strategy]' were supplied but are not used yet.
2025-07-31 17:05:40,290 INFO  [org.apa.kaf.com.uti.AppInfoParser] (main) Kafka version: 3.9.1
2025-07-31 17:05:40,290 INFO  [org.apa.kaf.com.uti.AppInfoParser] (main) Kafka commitId: f745dfdcee2b9851
2025-07-31 17:05:40,290 INFO  [org.apa.kaf.com.uti.AppInfoParser] (main) Kafka startTimeMs: 1753981540290
2025-07-31 17:05:40,295 INFO  [org.apa.kaf.cli.Metadata] (kafka-producer-network-thread | Producer-topic-9ac9a42e_356e_4e1f_a9ae_f354efe76320) [Producer clientId=Producer-topic-9ac9a42e_356e_4e1f_a9ae_f354efe76320] Cluster ID: hHUi-5-6SnyFRAH2goQrJA
2025-07-31 17:05:40,296 INFO  [org.apa.kaf.cli.pro.int.TransactionManager] (kafka-producer-network-thread | Producer-topic-9ac9a42e_356e_4e1f_a9ae_f354efe76320) [Producer clientId=Producer-topic-9ac9a42e_356e_4e1f_a9ae_f354efe76320] ProducerId set to 31 with epoch 0
**** Registry Base URL: http://registry-app-mysql.apps.ci419.apicurio-testing.org:80
2025-07-31 17:05:40,301 INFO  [org.apa.kaf.cli.con.ConsumerConfig] (main) ConsumerConfig values: 
	allow.auto.create.topics = true
	auto.commit.interval.ms = 500
	auto.include.jmx.reporter = true
	auto.offset.reset = earliest
	bootstrap.servers = [PLAINTEXT://localhost:32770]
	check.crcs = true
	client.dns.lookup = use_all_dns_ips
	client.id = consumer-Consumer-topic-9ac9a42e_356e_4e1f_a9ae_f354efe76320-24
	client.rack = 
	connections.max.idle.ms = 10000
	default.api.timeout.ms = 60000
	enable.auto.commit = true
	enable.metrics.push = true
	exclude.internal.topics = true
	fetch.max.bytes = 52428800
	fetch.max.wait.ms = 500
	fetch.min.bytes = 1
	group.id = Consumer-topic-9ac9a42e_356e_4e1f_a9ae_f354efe76320
	group.instance.id = null
	group.protocol = classic
	group.remote.assignor = null
	heartbeat.interval.ms = 3000
	interceptor.classes = []
	internal.leave.group.on.close = true
	internal.throw.on.fetch.stable.offset.unsupported = false
	isolation.level = read_uncommitted
	key.deserializer = class org.apache.kafka.common.serialization.StringDeserializer
	max.partition.fetch.bytes = 1048576
	max.poll.interval.ms = 300000
	max.poll.records = 500
	metadata.max.age.ms = 300000
	metadata.recovery.strategy = none
	metric.reporters = []
	metrics.num.samples = 2
	metrics.recording.level = INFO
	metrics.sample.window.ms = 30000
	partition.assignment.strategy = [class org.apache.kafka.clients.consumer.RangeAssignor, class org.apache.kafka.clients.consumer.CooperativeStickyAssignor]
	receive.buffer.bytes = 65536
	reconnect.backoff.max.ms = 1000
	reconnect.backoff.ms = 50
	request.timeout.ms = 5000
	retry.backoff.max.ms = 1000
	retry.backoff.ms = 100
	sasl.client.callback.handler.class = null
	sasl.jaas.config = null
	sasl.kerberos.kinit.cmd = /usr/bin/kinit
	sasl.kerberos.min.time.before.relogin = 60000
	sasl.kerberos.service.name = null
	sasl.kerberos.ticket.renew.jitter = 0.05
	sasl.kerberos.ticket.renew.window.factor = 0.8
	sasl.login.callback.handler.class = null
	sasl.login.class = null
	sasl.login.connect.timeout.ms = null
	sasl.login.read.timeout.ms = null
	sasl.login.refresh.buffer.seconds = 300
	sasl.login.refresh.min.period.seconds = 60
	sasl.login.refresh.window.factor = 0.8
	sasl.login.refresh.window.jitter = 0.05
	sasl.login.retry.backoff.max.ms = 10000
	sasl.login.retry.backoff.ms = 100
	sasl.mechanism = GSSAPI
	sasl.oauthbearer.clock.skew.seconds = 30
	sasl.oauthbearer.expected.audience = null
	sasl.oauthbearer.expected.issuer = null
	sasl.oauthbearer.header.urlencode = false
	sasl.oauthbearer.jwks.endpoint.refresh.ms = 3600000
	sasl.oauthbearer.jwks.endpoint.retry.backoff.max.ms = 10000
	sasl.oauthbearer.jwks.endpoint.retry.backoff.ms = 100
	sasl.oauthbearer.jwks.endpoint.url = null
	sasl.oauthbearer.scope.claim.name = scope
	sasl.oauthbearer.sub.claim.name = sub
	sasl.oauthbearer.token.endpoint.url = null
	security.protocol = PLAINTEXT
	security.providers = null
	send.buffer.bytes = 131072
	session.timeout.ms = 45000
	socket.connection.setup.timeout.max.ms = 30000
	socket.connection.setup.timeout.ms = 10000
	ssl.cipher.suites = null
	ssl.enabled.protocols = [TLSv1.2, TLSv1.3]
	ssl.endpoint.identification.algorithm = https
	ssl.engine.factory.class = null
	ssl.key.password = null
	ssl.keymanager.algorithm = SunX509
	ssl.keystore.certificate.chain = null
	ssl.keystore.key = null
	ssl.keystore.location = null
	ssl.keystore.password = null
	ssl.keystore.type = JKS
	ssl.protocol = TLSv1.3
	ssl.provider = null
	ssl.secure.random.implementation = null
	ssl.trustmanager.algorithm = PKIX
	ssl.truststore.certificates = null
	ssl.truststore.location = null
	ssl.truststore.password = null
	ssl.truststore.type = JKS
	value.deserializer = class io.confluent.kafka.serializers.KafkaAvroDeserializer

2025-07-31 17:05:40,301 INFO  [org.apa.kaf.com.tel.int.KafkaMetricsCollector] (main) initializing Kafka metrics collector
2025-07-31 17:05:40,302 INFO  [io.con.kaf.ser.KafkaAvroDeserializerConfig] (main) KafkaAvroDeserializerConfig values: 
	auto.register.schemas = true
	avro.reflection.allow.null = false
	avro.use.logical.type.converters = false
	basic.auth.credentials.source = URL
	basic.auth.user.info = [hidden]
	bearer.auth.cache.expiry.buffer.seconds = 300
	bearer.auth.client.id = null
	bearer.auth.client.secret = null
	bearer.auth.credentials.source = STATIC_TOKEN
	bearer.auth.custom.provider.class = null
	bearer.auth.identity.pool.id = null
	bearer.auth.issuer.endpoint.url = null
	bearer.auth.logical.cluster = null
	bearer.auth.scope = null
	bearer.auth.scope.claim.name = scope
	bearer.auth.sub.claim.name = sub
	bearer.auth.token = [hidden]
	context.name.strategy = class io.confluent.kafka.serializers.context.NullContextNameStrategy
	http.connect.timeout.ms = 60000
	http.read.timeout.ms = 60000
	id.compatibility.strict = true
	key.schema.id.deserializer = class io.confluent.kafka.serializers.schema.id.DualSchemaIdDeserializer
	key.schema.id.serializer = class io.confluent.kafka.serializers.schema.id.PrefixSchemaIdSerializer
	key.subject.name.strategy = class io.confluent.kafka.serializers.subject.TopicNameStrategy
	latest.cache.size = 1000
	latest.cache.ttl.sec = -1
	latest.compatibility.strict = true
	max.retries = 3
	max.schemas.per.subject = 1000
	normalize.schemas = false
	propagate.schema.tags = false
	proxy.host = 
	proxy.port = -1
	retries.max.wait.ms = 20000
	retries.wait.ms = 1000
	rule.actions = []
	rule.executors = []
	rule.service.loader.enable = true
	schema.format = null
	schema.reflection = false
	schema.registry.basic.auth.user.info = [hidden]
	schema.registry.ssl.cipher.suites = null
	schema.registry.ssl.enabled.protocols = [TLSv1.2, TLSv1.3]
	schema.registry.ssl.endpoint.identification.algorithm = https
	schema.registry.ssl.engine.factory.class = null
	schema.registry.ssl.key.password = null
	schema.registry.ssl.keymanager.algorithm = SunX509
	schema.registry.ssl.keystore.certificate.chain = null
	schema.registry.ssl.keystore.key = null
	schema.registry.ssl.keystore.location = null
	schema.registry.ssl.keystore.password = null
	schema.registry.ssl.keystore.type = JKS
	schema.registry.ssl.protocol = TLSv1.3
	schema.registry.ssl.provider = null
	schema.registry.ssl.secure.random.implementation = null
	schema.registry.ssl.trustmanager.algorithm = PKIX
	schema.registry.ssl.truststore.certificates = null
	schema.registry.ssl.truststore.location = null
	schema.registry.ssl.truststore.password = null
	schema.registry.ssl.truststore.type = JKS
	schema.registry.url = [http://registry-app-mysql.apps.ci419.apicurio-testing.org:80/apis/ccompat/v7]
	schema.registry.url.randomize = false
	specific.avro.key.type = null
	specific.avro.reader = false
	specific.avro.value.type = null
	use.latest.version = false
	use.latest.with.metadata = null
	use.schema.id = -1
	value.schema.id.deserializer = class io.confluent.kafka.serializers.schema.id.DualSchemaIdDeserializer
	value.schema.id.serializer = class io.confluent.kafka.serializers.schema.id.PrefixSchemaIdSerializer
	value.subject.name.strategy = class io.confluent.kafka.serializers.subject.TopicNameStrategy

2025-07-31 17:05:40,312 INFO  [org.apa.kaf.cli.con.ConsumerConfig] (main) These configurations '[schema.registry.url]' were supplied but are not used yet.
2025-07-31 17:05:40,312 INFO  [org.apa.kaf.com.uti.AppInfoParser] (main) Kafka version: 3.9.1
2025-07-31 17:05:40,312 INFO  [org.apa.kaf.com.uti.AppInfoParser] (main) Kafka commitId: f745dfdcee2b9851
2025-07-31 17:05:40,312 INFO  [org.apa.kaf.com.uti.AppInfoParser] (main) Kafka startTimeMs: 1753981540312
2025-07-31 17:05:40,316 INFO  [io.api.tes.ser.api.KafkaSerdesTester] (Thread-783) Sending message {"key1": "value-0"} to topic topic-9ac9a42e_356e_4e1f_a9ae_f354efe76320
2025-07-31 17:05:40,425 INFO  [io.api.tes.ser.api.KafkaSerdesTester] (Thread-783) Sending message {"key1": "value-1"} to topic topic-9ac9a42e_356e_4e1f_a9ae_f354efe76320
2025-07-31 17:05:40,427 INFO  [io.api.tes.ser.api.KafkaSerdesTester] (Thread-783) Sending message {"key1": "value-2"} to topic topic-9ac9a42e_356e_4e1f_a9ae_f354efe76320
2025-07-31 17:05:40,429 INFO  [io.api.tes.ser.api.KafkaSerdesTester] (Thread-783) Sending message {"key1": "value-3"} to topic topic-9ac9a42e_356e_4e1f_a9ae_f354efe76320
2025-07-31 17:05:40,430 INFO  [io.api.tes.ser.api.KafkaSerdesTester] (Thread-783) Sending message {"key1": "value-4"} to topic topic-9ac9a42e_356e_4e1f_a9ae_f354efe76320
2025-07-31 17:05:40,432 INFO  [io.api.tes.ser.api.KafkaSerdesTester] (Thread-783) Sending message {"key1": "value-5"} to topic topic-9ac9a42e_356e_4e1f_a9ae_f354efe76320
2025-07-31 17:05:40,433 INFO  [io.api.tes.ser.api.KafkaSerdesTester] (Thread-783) Sending message {"key1": "value-6"} to topic topic-9ac9a42e_356e_4e1f_a9ae_f354efe76320
2025-07-31 17:05:40,434 INFO  [io.api.tes.ser.api.KafkaSerdesTester] (Thread-783) Sending message {"key1": "value-7"} to topic topic-9ac9a42e_356e_4e1f_a9ae_f354efe76320
2025-07-31 17:05:40,435 INFO  [io.api.tes.ser.api.KafkaSerdesTester] (Thread-783) Sending message {"key1": "value-8"} to topic topic-9ac9a42e_356e_4e1f_a9ae_f354efe76320
2025-07-31 17:05:40,438 INFO  [io.api.tes.ser.api.KafkaSerdesTester] (Thread-783) Sending message {"key1": "value-9"} to topic topic-9ac9a42e_356e_4e1f_a9ae_f354efe76320
2025-07-31 17:05:40,439 INFO  [io.api.tes.ser.api.KafkaSerdesTester] (Thread-783) Produced 10 messages
2025-07-31 17:05:40,439 INFO  [org.apa.kaf.cli.pro.KafkaProducer] (Thread-783) [Producer clientId=Producer-topic-9ac9a42e_356e_4e1f_a9ae_f354efe76320] Closing the Kafka producer with timeoutMillis = 9223372036854775807 ms.
2025-07-31 17:05:40,441 INFO  [org.apa.kaf.com.met.Metrics] (Thread-783) Metrics scheduler closed
2025-07-31 17:05:40,441 INFO  [org.apa.kaf.com.met.Metrics] (Thread-783) Closing reporter org.apache.kafka.common.metrics.JmxReporter
2025-07-31 17:05:40,441 INFO  [org.apa.kaf.com.met.Metrics] (Thread-783) Closing reporter org.apache.kafka.common.telemetry.internals.ClientTelemetryReporter
2025-07-31 17:05:40,441 INFO  [org.apa.kaf.com.met.Metrics] (Thread-783) Metrics reporters closed
2025-07-31 17:05:40,441 INFO  [org.apa.kaf.com.uti.AppInfoParser] (Thread-783) App info kafka.producer for Producer-topic-9ac9a42e_356e_4e1f_a9ae_f354efe76320 unregistered
2025-07-31 17:05:40,442 INFO  [org.apa.kaf.cli.con.int.ClassicKafkaConsumer] (Thread-784) [Consumer clientId=consumer-Consumer-topic-9ac9a42e_356e_4e1f_a9ae_f354efe76320-24, groupId=Consumer-topic-9ac9a42e_356e_4e1f_a9ae_f354efe76320] Subscribed to topic(s): topic-9ac9a42e_356e_4e1f_a9ae_f354efe76320
2025-07-31 17:05:40,445 INFO  [org.apa.kaf.cli.Metadata] (Thread-784) [Consumer clientId=consumer-Consumer-topic-9ac9a42e_356e_4e1f_a9ae_f354efe76320-24, groupId=Consumer-topic-9ac9a42e_356e_4e1f_a9ae_f354efe76320] Cluster ID: hHUi-5-6SnyFRAH2goQrJA
2025-07-31 17:05:40,445 INFO  [org.apa.kaf.cli.con.int.ConsumerCoordinator] (Thread-784) [Consumer clientId=consumer-Consumer-topic-9ac9a42e_356e_4e1f_a9ae_f354efe76320-24, groupId=Consumer-topic-9ac9a42e_356e_4e1f_a9ae_f354efe76320] Discovered group coordinator localhost:32770 (id: 2147483647 rack: null)
2025-07-31 17:05:40,446 INFO  [org.apa.kaf.cli.con.int.ConsumerCoordinator] (Thread-784) [Consumer clientId=consumer-Consumer-topic-9ac9a42e_356e_4e1f_a9ae_f354efe76320-24, groupId=Consumer-topic-9ac9a42e_356e_4e1f_a9ae_f354efe76320] (Re-)joining group
2025-07-31 17:05:40,449 INFO  [org.apa.kaf.cli.con.int.ConsumerCoordinator] (Thread-784) [Consumer clientId=consumer-Consumer-topic-9ac9a42e_356e_4e1f_a9ae_f354efe76320-24, groupId=Consumer-topic-9ac9a42e_356e_4e1f_a9ae_f354efe76320] Request joining group due to: need to re-join with the given member-id: consumer-Consumer-topic-9ac9a42e_356e_4e1f_a9ae_f354efe76320-24-6188ab4b-dd53-4b51-aa55-6d5b380dffb8
2025-07-31 17:05:40,449 INFO  [org.apa.kaf.cli.con.int.ConsumerCoordinator] (Thread-784) [Consumer clientId=consumer-Consumer-topic-9ac9a42e_356e_4e1f_a9ae_f354efe76320-24, groupId=Consumer-topic-9ac9a42e_356e_4e1f_a9ae_f354efe76320] (Re-)joining group
2025-07-31 17:05:40,451 INFO  [org.apa.kaf.cli.con.int.ConsumerCoordinator] (Thread-784) [Consumer clientId=consumer-Consumer-topic-9ac9a42e_356e_4e1f_a9ae_f354efe76320-24, groupId=Consumer-topic-9ac9a42e_356e_4e1f_a9ae_f354efe76320] Successfully joined group with generation Generation{generationId=1, memberId='consumer-Consumer-topic-9ac9a42e_356e_4e1f_a9ae_f354efe76320-24-6188ab4b-dd53-4b51-aa55-6d5b380dffb8', protocol='range'}
2025-07-31 17:05:40,452 INFO  [org.apa.kaf.cli.con.int.ConsumerCoordinator] (Thread-784) [Consumer clientId=consumer-Consumer-topic-9ac9a42e_356e_4e1f_a9ae_f354efe76320-24, groupId=Consumer-topic-9ac9a42e_356e_4e1f_a9ae_f354efe76320] Finished assignment for group at generation 1: {consumer-Consumer-topic-9ac9a42e_356e_4e1f_a9ae_f354efe76320-24-6188ab4b-dd53-4b51-aa55-6d5b380dffb8=Assignment(partitions=[topic-9ac9a42e_356e_4e1f_a9ae_f354efe76320-0])}
2025-07-31 17:05:40,455 INFO  [org.apa.kaf.cli.con.int.ConsumerCoordinator] (Thread-784) [Consumer clientId=consumer-Consumer-topic-9ac9a42e_356e_4e1f_a9ae_f354efe76320-24, groupId=Consumer-topic-9ac9a42e_356e_4e1f_a9ae_f354efe76320] Successfully synced group in generation Generation{generationId=1, memberId='consumer-Consumer-topic-9ac9a42e_356e_4e1f_a9ae_f354efe76320-24-6188ab4b-dd53-4b51-aa55-6d5b380dffb8', protocol='range'}
2025-07-31 17:05:40,455 INFO  [org.apa.kaf.cli.con.int.ConsumerCoordinator] (Thread-784) [Consumer clientId=consumer-Consumer-topic-9ac9a42e_356e_4e1f_a9ae_f354efe76320-24, groupId=Consumer-topic-9ac9a42e_356e_4e1f_a9ae_f354efe76320] Notifying assignor about the new Assignment(partitions=[topic-9ac9a42e_356e_4e1f_a9ae_f354efe76320-0])
2025-07-31 17:05:40,455 INFO  [org.apa.kaf.cli.con.int.ConsumerRebalanceListenerInvoker] (Thread-784) [Consumer clientId=consumer-Consumer-topic-9ac9a42e_356e_4e1f_a9ae_f354efe76320-24, groupId=Consumer-topic-9ac9a42e_356e_4e1f_a9ae_f354efe76320] Adding newly assigned partitions: topic-9ac9a42e_356e_4e1f_a9ae_f354efe76320-0
2025-07-31 17:05:40,456 INFO  [org.apa.kaf.cli.con.int.ConsumerCoordinator] (Thread-784) [Consumer clientId=consumer-Consumer-topic-9ac9a42e_356e_4e1f_a9ae_f354efe76320-24, groupId=Consumer-topic-9ac9a42e_356e_4e1f_a9ae_f354efe76320] Found no committed offset for partition topic-9ac9a42e_356e_4e1f_a9ae_f354efe76320-0
2025-07-31 17:05:40,460 INFO  [org.apa.kaf.cli.con.int.SubscriptionState] (Thread-784) [Consumer clientId=consumer-Consumer-topic-9ac9a42e_356e_4e1f_a9ae_f354efe76320-24, groupId=Consumer-topic-9ac9a42e_356e_4e1f_a9ae_f354efe76320] Resetting offset for partition topic-9ac9a42e_356e_4e1f_a9ae_f354efe76320-0 to position FetchPosition{offset=0, offsetEpoch=Optional.empty, currentLeader=LeaderAndEpoch{leader=Optional[localhost:32770 (id: 0 rack: null)], epoch=0}}.
2025-07-31 17:05:40,551 INFO  [io.api.tes.ser.api.KafkaSerdesTester] (Thread-784) topic-9ac9a42e_356e_4e1f_a9ae_f354efe76320 0 0 {"key1": "value-0"}
2025-07-31 17:05:40,551 INFO  [io.api.tes.ser.api.KafkaSerdesTester] (Thread-784) topic-9ac9a42e_356e_4e1f_a9ae_f354efe76320 0 1 {"key1": "value-1"}
2025-07-31 17:05:40,551 INFO  [io.api.tes.ser.api.KafkaSerdesTester] (Thread-784) topic-9ac9a42e_356e_4e1f_a9ae_f354efe76320 0 2 {"key1": "value-2"}
2025-07-31 17:05:40,551 INFO  [io.api.tes.ser.api.KafkaSerdesTester] (Thread-784) topic-9ac9a42e_356e_4e1f_a9ae_f354efe76320 0 3 {"key1": "value-3"}
2025-07-31 17:05:40,553 INFO  [io.api.tes.ser.api.KafkaSerdesTester] (Thread-784) topic-9ac9a42e_356e_4e1f_a9ae_f354efe76320 0 4 {"key1": "value-4"}
2025-07-31 17:05:40,553 INFO  [io.api.tes.ser.api.KafkaSerdesTester] (Thread-784) topic-9ac9a42e_356e_4e1f_a9ae_f354efe76320 0 5 {"key1": "value-5"}
2025-07-31 17:05:40,553 INFO  [io.api.tes.ser.api.KafkaSerdesTester] (Thread-784) topic-9ac9a42e_356e_4e1f_a9ae_f354efe76320 0 6 {"key1": "value-6"}
2025-07-31 17:05:40,554 INFO  [io.api.tes.ser.api.KafkaSerdesTester] (Thread-784) topic-9ac9a42e_356e_4e1f_a9ae_f354efe76320 0 7 {"key1": "value-7"}
2025-07-31 17:05:40,554 INFO  [io.api.tes.ser.api.KafkaSerdesTester] (Thread-784) topic-9ac9a42e_356e_4e1f_a9ae_f354efe76320 0 8 {"key1": "value-8"}
2025-07-31 17:05:40,554 INFO  [io.api.tes.ser.api.KafkaSerdesTester] (Thread-784) topic-9ac9a42e_356e_4e1f_a9ae_f354efe76320 0 9 {"key1": "value-9"}
2025-07-31 17:05:40,554 INFO  [io.api.tes.ser.api.KafkaSerdesTester] (Thread-784) Consumed 10 messages
2025-07-31 17:05:40,555 INFO  [org.apa.kaf.cli.con.int.ConsumerRebalanceListenerInvoker] (Thread-784) [Consumer clientId=consumer-Consumer-topic-9ac9a42e_356e_4e1f_a9ae_f354efe76320-24, groupId=Consumer-topic-9ac9a42e_356e_4e1f_a9ae_f354efe76320] Revoke previously assigned partitions topic-9ac9a42e_356e_4e1f_a9ae_f354efe76320-0
2025-07-31 17:05:40,556 INFO  [org.apa.kaf.cli.con.int.ConsumerCoordinator] (Thread-784) [Consumer clientId=consumer-Consumer-topic-9ac9a42e_356e_4e1f_a9ae_f354efe76320-24, groupId=Consumer-topic-9ac9a42e_356e_4e1f_a9ae_f354efe76320] Member consumer-Consumer-topic-9ac9a42e_356e_4e1f_a9ae_f354efe76320-24-6188ab4b-dd53-4b51-aa55-6d5b380dffb8 sending LeaveGroup request to coordinator localhost:32770 (id: 2147483647 rack: null) due to the consumer is being closed
2025-07-31 17:05:40,557 INFO  [org.apa.kaf.cli.con.int.ConsumerCoordinator] (Thread-784) [Consumer clientId=consumer-Consumer-topic-9ac9a42e_356e_4e1f_a9ae_f354efe76320-24, groupId=Consumer-topic-9ac9a42e_356e_4e1f_a9ae_f354efe76320] Resetting generation and member id due to: consumer pro-actively leaving the group
2025-07-31 17:05:40,557 INFO  [org.apa.kaf.cli.con.int.ConsumerCoordinator] (Thread-784) [Consumer clientId=consumer-Consumer-topic-9ac9a42e_356e_4e1f_a9ae_f354efe76320-24, groupId=Consumer-topic-9ac9a42e_356e_4e1f_a9ae_f354efe76320] Request joining group due to: consumer pro-actively leaving the group
2025-07-31 17:05:41,054 INFO  [org.apa.kaf.com.met.Metrics] (Thread-784) Metrics scheduler closed
2025-07-31 17:05:41,054 INFO  [org.apa.kaf.com.met.Metrics] (Thread-784) Closing reporter org.apache.kafka.common.metrics.JmxReporter
2025-07-31 17:05:41,054 INFO  [org.apa.kaf.com.met.Metrics] (Thread-784) Closing reporter org.apache.kafka.common.telemetry.internals.ClientTelemetryReporter
2025-07-31 17:05:41,054 INFO  [org.apa.kaf.com.met.Metrics] (Thread-784) Metrics reporters closed
2025-07-31 17:05:41,056 INFO  [org.apa.kaf.com.uti.AppInfoParser] (Thread-784) App info kafka.consumer for consumer-Consumer-topic-9ac9a42e_356e_4e1f_a9ae_f354efe76320-24 unregistered
2025-07-31 17:05:41,311 INFO  [io.api.tes.ser.con.BasicConfluentSerDesIT] (main) Deleting confluent schema topic-9ac9a42e_356e_4e1f_a9ae_f354efe76320-s9f10131cx2c95x408ax9dc1x797eb6d81cc0
2025-07-31 17:05:41,391 INFO  [io.api.tes.uti.TestSeparator] (main) io.apicurio.tests.serdes.confluent.BasicConfluentSerDesIT.testEvolveAvroConfluent-FINISHED
2025-07-31 17:05:41,392 INFO  [io.api.tes.uti.TestSeparator] (main) ############################################################################
2025-07-31 17:05:41,392 ERROR [io.api.reg.uti.tes.TestUtils] (main) === TEST FAILED ===
2025-07-31 17:05:41,392 ERROR [io.api.reg.uti.tes.TestUtils] (main) Class: class io.apicurio.tests.serdes.confluent.BasicConfluentSerDesIT
2025-07-31 17:05:41,392 ERROR [io.api.reg.uti.tes.TestUtils] (main) Test:  testEvolveAvroConfluent
2025-07-31 17:05:41,392 ERROR [io.api.reg.uti.tes.TestUtils] (main) ID:    [engine:junit-jupiter]/[class:io.apicurio.tests.serdes.confluent.BasicConfluentSerDesIT]/[method:testEvolveAvroConfluent()]
2025-07-31 17:05:41,392 ERROR [io.api.reg.uti.tes.TestUtils] (main) Error: RuleViolationProblemDetails - null
2025-07-31 17:05:41,392 ERROR [io.api.reg.uti.tes.TestUtils] (main) Rule Violation Problem Details
2025-07-31 17:05:41,398 WARNING [org.jun.jup.eng.des.MethodBasedTestDescriptor] (main) Failed to invoke TestWatcher [io.apicurio.tests.ApicurioRegistryBaseIT$RegistryApiErrorWatcher] for method [io.apicurio.tests.serdes.confluent.BasicConfluentSerDesIT#testEvolveAvroConfluent()] with display name [testEvolveAvroConfluent]: java.lang.StackOverflowError
	at io.apicurio.tests.ApicurioRegistryBaseIT$RegistryApiErrorWatcher.logProblemDetails(ApicurioRegistryBaseIT.java:154)
	at io.apicurio.tests.ApicurioRegistryBaseIT$RegistryApiErrorWatcher.logProblemDetails(ApicurioRegistryBaseIT.java:154)
	at io.apicurio.tests.ApicurioRegistryBaseIT$RegistryApiErrorWatcher.logProblemDetails(ApicurioRegistryBaseIT.java:154)
	at io.apicurio.tests.ApicurioRegistryBaseIT$RegistryApiErrorWatcher.logProblemDetails(ApicurioRegistryBaseIT.java:154)
	at io.apicurio.tests.ApicurioRegistryBaseIT$RegistryApiErrorWatcher.logProblemDetails(ApicurioRegistryBaseIT.java:154)
	at io.apicurio.tests.ApicurioRegistryBaseIT$RegistryApiErrorWatcher.logProblemDetails(ApicurioRegistryBaseIT.java:154)
	at io.apicurio.tests.ApicurioRegistryBaseIT$RegistryApiErrorWatcher.logProblemDetails(ApicurioRegistryBaseIT.java:154)
	at io.apicurio.tests.ApicurioRegistryBaseIT$RegistryApiErrorWatcher.logProblemDetails(ApicurioRegistryBaseIT.java:154)
	at io.apicurio.tests.ApicurioRegistryBaseIT$RegistryApiErrorWatcher.logProblemDetails(ApicurioRegistryBaseIT.java:154)
	at io.apicurio.tests.ApicurioRegistryBaseIT$RegistryApiErrorWatcher.logProblemDetails(ApicurioRegistryBaseIT.java:154)
	at io.apicurio.tests.ApicurioRegistryBaseIT$RegistryApiErrorWatcher.logProblemDetails(ApicurioRegistryBaseIT.java:154)
	at io.apicurio.tests.ApicurioRegistryBaseIT$RegistryApiErrorWatcher.logProblemDetails(ApicurioRegistryBaseIT.java:154)
	at io.apicurio.tests.ApicurioRegistryBaseIT$RegistryApiErrorWatcher.logProblemDetails(ApicurioRegistryBaseIT.java:154)
	at io.apicurio.tests.ApicurioRegistryBaseIT$RegistryApiErrorWatcher.logProblemDetails(ApicurioRegistryBaseIT.java:154)
	at io.apicurio.tests.ApicurioRegistryBaseIT$RegistryApiErrorWatcher.logProblemDetails(ApicurioRegistryBaseIT.java:154)
	at io.apicurio.tests.ApicurioRegistryBaseIT$RegistryApiErrorWatcher.logProblemDetails(ApicurioRegistryBaseIT.java:154)
	at io.apicurio.tests.ApicurioRegistryBaseIT$RegistryApiErrorWatcher.logProblemDetails(ApicurioRegistryBaseIT.java:154)
	at io.apicurio.tests.ApicurioRegistryBaseIT$RegistryApiErrorWatcher.logProblemDetails(ApicurioRegistryBaseIT.java:154)
	at io.apicurio.tests.ApicurioRegistryBaseIT$RegistryApiErrorWatcher.logProblemDetails(ApicurioRegistryBaseIT.java:154)
	at io.apicurio.tests.ApicurioRegistryBaseIT$RegistryApiErrorWatcher.logProblemDetails(ApicurioRegistryBaseIT.java:154)
	at io.apicurio.tests.ApicurioRegistryBaseIT$RegistryApiErrorWatcher.logProblemDetails(ApicurioRegistryBaseIT.java:154)
	at io.apicurio.tests.ApicurioRegistryBaseIT$RegistryApiErrorWatcher.logProblemDetails(ApicurioRegistryBaseIT.java:154)
	at io.apicurio.tests.ApicurioRegistryBaseIT$RegistryApiErrorWatcher.logProblemDetails(ApicurioRegistryBaseIT.java:154)
	at io.apicurio.tests.ApicurioRegistryBaseIT$RegistryApiErrorWatcher.logProblemDetails(ApicurioRegistryBaseIT.java:154)
	at io.apicurio.tests.ApicurioRegistryBaseIT$RegistryApiErrorWatcher.logProblemDetails(ApicurioRegistryBaseIT.java:154)
	at io.apicurio.tests.ApicurioRegistryBaseIT$RegistryApiErrorWatcher.logProblemDetails(ApicurioRegistryBaseIT.java:154)
	at io.apicurio.tests.ApicurioRegistryBaseIT$RegistryApiErrorWatcher.logProblemDetails(ApicurioRegistryBaseIT.java:154)
	at io.apicurio.tests.ApicurioRegistryBaseIT$RegistryApiErrorWatcher.logProblemDetails(ApicurioRegistryBaseIT.java:154)
	at io.apicurio.tests.ApicurioRegistryBaseIT$RegistryApiErrorWatcher.logProblemDetails(ApicurioRegistryBaseIT.java:154)
	at io.apicurio.tests.ApicurioRegistryBaseIT$RegistryApiErrorWatcher.logProblemDetails(ApicurioRegistryBaseIT.java:154)
	at io.apicurio.tests.ApicurioRegistryBaseIT$RegistryApiErrorWatcher.logProblemDetails(ApicurioRegistryBaseIT.java:154)
	at io.apicurio.tests.ApicurioRegistryBaseIT$RegistryApiErrorWatcher.logProblemDetails(ApicurioRegistryBaseIT.java:154)
	at io.apicurio.tests.ApicurioRegistryBaseIT$RegistryApiErrorWatcher.logProblemDetails(ApicurioRegistryBaseIT.java:154)
	at io.apicurio.tests.ApicurioRegistryBaseIT$RegistryApiErrorWatcher.logProblemDetails(ApicurioRegistryBaseIT.java:154)
	at io.apicurio.tests.ApicurioRegistryBaseIT$RegistryApiErrorWatcher.logProblemDetails(ApicurioRegistryBaseIT.java:154)
	at io.apicurio.tests.ApicurioRegistryBaseIT$RegistryApiErrorWatcher.logProblemDetails(ApicurioRegistryBaseIT.java:154)
	at io.apicurio.tests.ApicurioRegistryBaseIT$RegistryApiErrorWatcher.logProblemDetails(ApicurioRegistryBaseIT.java:154)
	at io.apicurio.tests.ApicurioRegistryBaseIT$RegistryApiErrorWatcher.logProblemDetails(ApicurioRegistryBaseIT.java:154)
	at io.apicurio.tests.ApicurioRegistryBaseIT$RegistryApiErrorWatcher.logProblemDetails(ApicurioRegistryBaseIT.java:154)
	at io.apicurio.tests.ApicurioRegistryBaseIT$RegistryApiErrorWatcher.logProblemDetails(ApicurioRegistryBaseIT.java:154)
	at io.apicurio.tests.ApicurioRegistryBaseIT$RegistryApiErrorWatcher.logProblemDetails(ApicurioRegistryBaseIT.java:154)
	at io.apicurio.tests.ApicurioRegistryBaseIT$RegistryApiErrorWatcher.logProblemDetails(ApicurioRegistryBaseIT.java:154)
	at io.apicurio.tests.ApicurioRegistryBaseIT$RegistryApiErrorWatcher.logProblemDetails(ApicurioRegistryBaseIT.java:154)
	at io.apicurio.tests.ApicurioRegistryBaseIT$RegistryApiErrorWatcher.logProblemDetails(ApicurioRegistryBaseIT.java:154)
	at io.apicurio.tests.ApicurioRegistryBaseIT$RegistryApiErrorWatcher.logProblemDetails(ApicurioRegistryBaseIT.java:154)
	at io.apicurio.tests.ApicurioRegistryBaseIT$RegistryApiErrorWatcher.logProblemDetails(ApicurioRegistryBaseIT.java:154)
	at io.apicurio.tests.ApicurioRegistryBaseIT$RegistryApiErrorWatcher.logProblemDetails(ApicurioRegistryBaseIT.java:154)
	at io.apicurio.tests.ApicurioRegistryBaseIT$RegistryApiErrorWatcher.logProblemDetails(ApicurioRegistryBaseIT.java:154)
	at io.apicurio.tests.ApicurioRegistryBaseIT$RegistryApiErrorWatcher.logProblemDetails(ApicurioRegistryBaseIT.java:154)
	at io.apicurio.tests.ApicurioRegistryBaseIT$RegistryApiErrorWatcher.logProblemDetails(ApicurioRegistryBaseIT.java:154)
	at io.apicurio.tests.ApicurioRegistryBaseIT$RegistryApiErrorWatcher.logProblemDetails(ApicurioRegistryBaseIT.java:154)
	at io.apicurio.tests.ApicurioRegistryBaseIT$RegistryApiErrorWatcher.logProblemDetails(ApicurioRegistryBaseIT.java:154)
	at io.apicurio.tests.ApicurioRegistryBaseIT$RegistryApiErrorWatcher.logProblemDetails(ApicurioRegistryBaseIT.java:154)
	at io.apicurio.tests.ApicurioRegistryBaseIT$RegistryApiErrorWatcher.logProblemDetails(ApicurioRegistryBaseIT.java:154)
	at io.apicurio.tests.ApicurioRegistryBaseIT$RegistryApiErrorWatcher.logProblemDetails(ApicurioRegistryBaseIT.java:154)
	at io.apicurio.tests.ApicurioRegistryBaseIT$RegistryApiErrorWatcher.logProblemDetails(ApicurioRegistryBaseIT.java:154)
	at io.apicurio.tests.ApicurioRegistryBaseIT$RegistryApiErrorWatcher.logProblemDetails(ApicurioRegistryBaseIT.java:154)
	at io.apicurio.tests.ApicurioRegistryBaseIT$RegistryApiErrorWatcher.logProblemDetails(ApicurioRegistryBaseIT.java:154)
	at io.apicurio.tests.ApicurioRegistryBaseIT$RegistryApiErrorWatcher.logProblemDetails(ApicurioRegistryBaseIT.java:154)
	at io.apicurio.tests.ApicurioRegistryBaseIT$RegistryApiErrorWatcher.logProblemDetails(ApicurioRegistryBaseIT.java:154)
	at io.apicurio.tests.ApicurioRegistryBaseIT$RegistryApiErrorWatcher.logProblemDetails(ApicurioRegistryBaseIT.java:154)
	at io.apicurio.tests.ApicurioRegistryBaseIT$RegistryApiErrorWatcher.logProblemDetails(ApicurioRegistryBaseIT.java:154)
	at io.apicurio.tests.ApicurioRegistryBaseIT$RegistryApiErrorWatcher.logProblemDetails(ApicurioRegistryBaseIT.java:154)
	at io.apicurio.tests.ApicurioRegistryBaseIT$RegistryApiErrorWatcher.logProblemDetails(ApicurioRegistryBaseIT.java:154)
	at io.apicurio.tests.ApicurioRegistryBaseIT$RegistryApiErrorWatcher.logProblemDetails(ApicurioRegistryBaseIT.java:154)
	at io.apicurio.tests.ApicurioRegistryBaseIT$RegistryApiErrorWatcher.logProblemDetails(ApicurioRegistryBaseIT.java:154)
	at io.apicurio.tests.ApicurioRegistryBaseIT$RegistryApiErrorWatcher.logProblemDetails(ApicurioRegistryBaseIT.java:154)
	at io.apicurio.tests.ApicurioRegistryBaseIT$RegistryApiErrorWatcher.logProblemDetails(ApicurioRegistryBaseIT.java:154)
	at io.apicurio.tests.ApicurioRegistryBaseIT$RegistryApiErrorWatcher.logProblemDetails(ApicurioRegistryBaseIT.java:154)
	at io.apicurio.tests.ApicurioRegistryBaseIT$RegistryApiErrorWatcher.logProblemDetails(ApicurioRegistryBaseIT.java:154)
	at io.apicurio.tests.ApicurioRegistryBaseIT$RegistryApiErrorWatcher.logProblemDetails(ApicurioRegistryBaseIT.java:154)
	at io.apicurio.tests.ApicurioRegistryBaseIT$RegistryApiErrorWatcher.logProblemDetails(ApicurioRegistryBaseIT.java:154)
	at io.apicurio.tests.ApicurioRegistryBaseIT$RegistryApiErrorWatcher.logProblemDetails(ApicurioRegistryBaseIT.java:154)
	at io.apicurio.tests.ApicurioRegistryBaseIT$RegistryApiErrorWatcher.logProblemDetails(ApicurioRegistryBaseIT.java:154)
	at io.apicurio.tests.ApicurioRegistryBaseIT$RegistryApiErrorWatcher.logProblemDetails(ApicurioRegistryBaseIT.java:154)
	at io.apicurio.tests.ApicurioRegistryBaseIT$RegistryApiErrorWatcher.logProblemDetails(ApicurioRegistryBaseIT.java:154)
	at io.apicurio.tests.ApicurioRegistryBaseIT$RegistryApiErrorWatcher.logProblemDetails(ApicurioRegistryBaseIT.java:154)
	at io.apicurio.tests.ApicurioRegistryBaseIT$RegistryApiErrorWatcher.logProblemDetails(ApicurioRegistryBaseIT.java:154)
	at io.apicurio.tests.ApicurioRegistryBaseIT$RegistryApiErrorWatcher.logProblemDetails(ApicurioRegistryBaseIT.java:154)
	at io.apicurio.tests.ApicurioRegistryBaseIT$RegistryApiErrorWatcher.logProblemDetails(ApicurioRegistryBaseIT.java:154)
	at io.apicurio.tests.ApicurioRegistryBaseIT$RegistryApiErrorWatcher.logProblemDetails(ApicurioRegistryBaseIT.java:154)
	at io.apicurio.tests.ApicurioRegistryBaseIT$RegistryApiErrorWatcher.logProblemDetails(ApicurioRegistryBaseIT.java:154)
	at io.apicurio.tests.ApicurioRegistryBaseIT$RegistryApiErrorWatcher.logProblemDetails(ApicurioRegistryBaseIT.java:154)
	at io.apicurio.tests.ApicurioRegistryBaseIT$RegistryApiErrorWatcher.logProblemDetails(ApicurioRegistryBaseIT.java:154)
	at io.apicurio.tests.ApicurioRegistryBaseIT$RegistryApiErrorWatcher.logProblemDetails(ApicurioRegistryBaseIT.java:154)
	at io.apicurio.tests.ApicurioRegistryBaseIT$RegistryApiErrorWatcher.logProblemDetails(ApicurioRegistryBaseIT.java:154)
	at io.apicurio.tests.ApicurioRegistryBaseIT$RegistryApiErrorWatcher.logProblemDetails(ApicurioRegistryBaseIT.java:154)
	at io.apicurio.tests.ApicurioRegistryBaseIT$RegistryApiErrorWatcher.logProblemDetails(ApicurioRegistryBaseIT.java:154)
	at io.apicurio.tests.ApicurioRegistryBaseIT$RegistryApiErrorWatcher.logProblemDetails(ApicurioRegistryBaseIT.java:154)
	at io.apicurio.tests.ApicurioRegistryBaseIT$RegistryApiErrorWatcher.logProblemDetails(ApicurioRegistryBaseIT.java:154)
	at io.apicurio.tests.ApicurioRegistryBaseIT$RegistryApiErrorWatcher.logProblemDetails(ApicurioRegistryBaseIT.java:154)
	at io.apicurio.tests.ApicurioRegistryBaseIT$RegistryApiErrorWatcher.logProblemDetails(ApicurioRegistryBaseIT.java:154)
	at io.apicurio.tests.ApicurioRegistryBaseIT$RegistryApiErrorWatcher.logProblemDetails(ApicurioRegistryBaseIT.java:154)
	at io.apicurio.tests.ApicurioRegistryBaseIT$RegistryApiErrorWatcher.logProblemDetails(ApicurioRegistryBaseIT.java:154)
	at io.apicurio.tests.ApicurioRegistryBaseIT$RegistryApiErrorWatcher.logProblemDetails(ApicurioRegistryBaseIT.java:154)
	at io.apicurio.tests.ApicurioRegistryBaseIT$RegistryApiErrorWatcher.logProblemDetails(ApicurioRegistryBaseIT.java:154)
	at io.apicurio.tests.ApicurioRegistryBaseIT$RegistryApiErrorWatcher.logProblemDetails(ApicurioRegistryBaseIT.java:154)
	at io.apicurio.tests.ApicurioRegistryBaseIT$RegistryApiErrorWatcher.logProblemDetails(ApicurioRegistryBaseIT.java:154)
	at io.apicurio.tests.ApicurioRegistryBaseIT$RegistryApiErrorWatcher.logProblemDetails(ApicurioRegistryBaseIT.java:154)
	at io.apicurio.tests.ApicurioRegistryBaseIT$RegistryApiErrorWatcher.logProblemDetails(ApicurioRegistryBaseIT.java:154)
	at io.apicurio.tests.ApicurioRegistryBaseIT$RegistryApiErrorWatcher.logProblemDetails(ApicurioRegistryBaseIT.java:154)
	at io.apicurio.tests.ApicurioRegistryBaseIT$RegistryApiErrorWatcher.logProblemDetails(ApicurioRegistryBaseIT.java:154)
	at io.apicurio.tests.ApicurioRegistryBaseIT$RegistryApiErrorWatcher.logProblemDetails(ApicurioRegistryBaseIT.java:154)
	at io.apicurio.tests.ApicurioRegistryBaseIT$RegistryApiErrorWatcher.logProblemDetails(ApicurioRegistryBaseIT.java:154)
	at io.apicurio.tests.ApicurioRegistryBaseIT$RegistryApiErrorWatcher.logProblemDetails(ApicurioRegistryBaseIT.java:154)
	at io.apicurio.tests.ApicurioRegistryBaseIT$RegistryApiErrorWatcher.logProblemDetails(ApicurioRegistryBaseIT.java:154)
	at io.apicurio.tests.ApicurioRegistryBaseIT$RegistryApiErrorWatcher.logProblemDetails(ApicurioRegistryBaseIT.java:154)
	at io.apicurio.tests.ApicurioRegistryBaseIT$RegistryApiErrorWatcher.logProblemDetails(ApicurioRegistryBaseIT.java:154)
	at io.apicurio.tests.ApicurioRegistryBaseIT$RegistryApiErrorWatcher.logProblemDetails(ApicurioRegistryBaseIT.java:154)
	at io.apicurio.tests.ApicurioRegistryBaseIT$RegistryApiErrorWatcher.logProblemDetails(ApicurioRegistryBaseIT.java:154)
	at io.apicurio.tests.ApicurioRegistryBaseIT$RegistryApiErrorWatcher.logProblemDetails(ApicurioRegistryBaseIT.java:154)
	at io.apicurio.tests.ApicurioRegistryBaseIT$RegistryApiErrorWatcher.logProblemDetails(ApicurioRegistryBaseIT.java:154)
	at io.apicurio.tests.ApicurioRegistryBaseIT$RegistryApiErrorWatcher.logProblemDetails(ApicurioRegistryBaseIT.java:154)
	at io.apicurio.tests.ApicurioRegistryBaseIT$RegistryApiErrorWatcher.logProblemDetails(ApicurioRegistryBaseIT.java:154)
	at io.apicurio.tests.ApicurioRegistryBaseIT$RegistryApiErrorWatcher.logProblemDetails(ApicurioRegistryBaseIT.java:154)
	at io.apicurio.tests.ApicurioRegistryBaseIT$RegistryApiErrorWatcher.logProblemDetails(ApicurioRegistryBaseIT.java:154)
	at io.apicurio.tests.ApicurioRegistryBaseIT$RegistryApiErrorWatcher.logProblemDetails(ApicurioRegistryBaseIT.java:154)
	at io.apicurio.tests.ApicurioRegistryBaseIT$RegistryApiErrorWatcher.logProblemDetails(ApicurioRegistryBaseIT.java:154)
	at io.apicurio.tests.ApicurioRegistryBaseIT$RegistryApiErrorWatcher.logProblemDetails(ApicurioRegistryBaseIT.java:154)
	at io.apicurio.tests.ApicurioRegistryBaseIT$RegistryApiErrorWatcher.logProblemDetails(ApicurioRegistryBaseIT.java:154)
	at io.apicurio.tests.ApicurioRegistryBaseIT$RegistryApiErrorWatcher.logProblemDetails(ApicurioRegistryBaseIT.java:154)
	at io.apicurio.tests.ApicurioRegistryBaseIT$RegistryApiErrorWatcher.logProblemDetails(ApicurioRegistryBaseIT.java:154)
	at io.apicurio.tests.ApicurioRegistryBaseIT$RegistryApiErrorWatcher.logProblemDetails(ApicurioRegistryBaseIT.java:154)
	at io.apicurio.tests.ApicurioRegistryBaseIT$RegistryApiErrorWatcher.logProblemDetails(ApicurioRegistryBaseIT.java:154)
	at io.apicurio.tests.ApicurioRegistryBaseIT$RegistryApiErrorWatcher.logProblemDetails(ApicurioRegistryBaseIT.java:154)
	at io.apicurio.tests.ApicurioRegistryBaseIT$RegistryApiErrorWatcher.logProblemDetails(ApicurioRegistryBaseIT.java:154)
	at io.apicurio.tests.ApicurioRegistryBaseIT$RegistryApiErrorWatcher.logProblemDetails(ApicurioRegistryBaseIT.java:154)
	at io.apicurio.tests.ApicurioRegistryBaseIT$RegistryApiErrorWatcher.logProblemDetails(ApicurioRegistryBaseIT.java:154)
	at io.apicurio.tests.ApicurioRegistryBaseIT$RegistryApiErrorWatcher.logProblemDetails(ApicurioRegistryBaseIT.java:154)
	at io.apicurio.tests.ApicurioRegistryBaseIT$RegistryApiErrorWatcher.logProblemDetails(ApicurioRegistryBaseIT.java:154)
	at io.apicurio.tests.ApicurioRegistryBaseIT$RegistryApiErrorWatcher.logProblemDetails(ApicurioRegistryBaseIT.java:154)
	at io.apicurio.tests.ApicurioRegistryBaseIT$RegistryApiErrorWatcher.logProblemDetails(ApicurioRegistryBaseIT.java:154)
	at io.apicurio.tests.ApicurioRegistryBaseIT$RegistryApiErrorWatcher.logProblemDetails(ApicurioRegistryBaseIT.java:154)
	at io.apicurio.tests.ApicurioRegistryBaseIT$RegistryApiErrorWatcher.logProblemDetails(ApicurioRegistryBaseIT.java:154)
	at io.apicurio.tests.ApicurioRegistryBaseIT$RegistryApiErrorWatcher.logProblemDetails(ApicurioRegistryBaseIT.java:154)
	at io.apicurio.tests.ApicurioRegistryBaseIT$RegistryApiErrorWatcher.logProblemDetails(ApicurioRegistryBaseIT.java:154)
	at io.apicurio.tests.ApicurioRegistryBaseIT$RegistryApiErrorWatcher.logProblemDetails(ApicurioRegistryBaseIT.java:154)
	at io.apicurio.tests.ApicurioRegistryBaseIT$RegistryApiErrorWatcher.logProblemDetails(ApicurioRegistryBaseIT.java:154)
	at io.apicurio.tests.ApicurioRegistryBaseIT$RegistryApiErrorWatcher.logProblemDetails(ApicurioRegistryBaseIT.java:154)
	at io.apicurio.tests.ApicurioRegistryBaseIT$RegistryApiErrorWatcher.logProblemDetails(ApicurioRegistryBaseIT.java:154)
	at io.apicurio.tests.ApicurioRegistryBaseIT$RegistryApiErrorWatcher.logProblemDetails(ApicurioRegistryBaseIT.java:154)
	at io.apicurio.tests.ApicurioRegistryBaseIT$RegistryApiErrorWatcher.logProblemDetails(ApicurioRegistryBaseIT.java:154)
	at io.apicurio.tests.ApicurioRegistryBaseIT$RegistryApiErrorWatcher.logProblemDetails(ApicurioRegistryBaseIT.java:154)
	at io.apicurio.tests.ApicurioRegistryBaseIT$RegistryApiErrorWatcher.logProblemDetails(ApicurioRegistryBaseIT.java:154)
	at io.apicurio.tests.ApicurioRegistryBaseIT$RegistryApiErrorWatcher.logProblemDetails(ApicurioRegistryBaseIT.java:154)
	at io.apicurio.tests.ApicurioRegistryBaseIT$RegistryApiErrorWatcher.logProblemDetails(ApicurioRegistryBaseIT.java:154)
	at io.apicurio.tests.ApicurioRegistryBaseIT$RegistryApiErrorWatcher.logProblemDetails(ApicurioRegistryBaseIT.java:154)
	at io.apicurio.tests.ApicurioRegistryBaseIT$RegistryApiErrorWatcher.logProblemDetails(ApicurioRegistryBaseIT.java:154)
	at io.apicurio.tests.ApicurioRegistryBaseIT$RegistryApiErrorWatcher.logProblemDetails(ApicurioRegistryBaseIT.java:154)
	at io.apicurio.tests.ApicurioRegistryBaseIT$RegistryApiErrorWatcher.logProblemDetails(ApicurioRegistryBaseIT.java:154)
	at io.apicurio.tests.ApicurioRegistryBaseIT$RegistryApiErrorWatcher.logProblemDetails(ApicurioRegistryBaseIT.java:154)
	at io.apicurio.tests.ApicurioRegistryBaseIT$RegistryApiErrorWatcher.logProblemDetails(ApicurioRegistryBaseIT.java:154)
	at io.apicurio.tests.ApicurioRegistryBaseIT$RegistryApiErrorWatcher.logProblemDetails(ApicurioRegistryBaseIT.java:154)
	at io.apicurio.tests.ApicurioRegistryBaseIT$RegistryApiErrorWatcher.logProblemDetails(ApicurioRegistryBaseIT.java:154)
	at io.apicurio.tests.ApicurioRegistryBaseIT$RegistryApiErrorWatcher.logProblemDetails(ApicurioRegistryBaseIT.java:154)
	at io.apicurio.tests.ApicurioRegistryBaseIT$RegistryApiErrorWatcher.logProblemDetails(ApicurioRegistryBaseIT.java:154)
	at io.apicurio.tests.ApicurioRegistryBaseIT$RegistryApiErrorWatcher.logProblemDetails(ApicurioRegistryBaseIT.java:154)
	at io.apicurio.tests.ApicurioRegistryBaseIT$RegistryApiErrorWatcher.logProblemDetails(ApicurioRegistryBaseIT.java:154)
	at io.apicurio.tests.ApicurioRegistryBaseIT$RegistryApiErrorWatcher.logProblemDetails(ApicurioRegistryBaseIT.java:154)
	at io.apicurio.tests.ApicurioRegistryBaseIT$RegistryApiErrorWatcher.logProblemDetails(ApicurioRegistryBaseIT.java:154)
	at io.apicurio.tests.ApicurioRegistryBaseIT$RegistryApiErrorWatcher.logProblemDetails(ApicurioRegistryBaseIT.java:154)
	at io.apicurio.tests.ApicurioRegistryBaseIT$RegistryApiErrorWatcher.logProblemDetails(ApicurioRegistryBaseIT.java:154)
	at io.apicurio.tests.ApicurioRegistryBaseIT$RegistryApiErrorWatcher.logProblemDetails(ApicurioRegistryBaseIT.java:154)
	at io.apicurio.tests.ApicurioRegistryBaseIT$RegistryApiErrorWatcher.logProblemDetails(ApicurioRegistryBaseIT.java:154)
	at io.apicurio.tests.ApicurioRegistryBaseIT$RegistryApiErrorWatcher.logProblemDetails(ApicurioRegistryBaseIT.java:154)
	at io.apicurio.tests.ApicurioRegistryBaseIT$RegistryApiErrorWatcher.logProblemDetails(ApicurioRegistryBaseIT.java:154)
	at io.apicurio.tests.ApicurioRegistryBaseIT$RegistryApiErrorWatcher.logProblemDetails(ApicurioRegistryBaseIT.java:154)
	at io.apicurio.tests.ApicurioRegistryBaseIT$RegistryApiErrorWatcher.logProblemDetails(ApicurioRegistryBaseIT.java:154)
	at io.apicurio.tests.ApicurioRegistryBaseIT$RegistryApiErrorWatcher.logProblemDetails(ApicurioRegistryBaseIT.java:154)
	at io.apicurio.tests.ApicurioRegistryBaseIT$RegistryApiErrorWatcher.logProblemDetails(ApicurioRegistryBaseIT.java:154)
	at io.apicurio.tests.ApicurioRegistryBaseIT$RegistryApiErrorWatcher.logProblemDetails(ApicurioRegistryBaseIT.java:154)
	at io.apicurio.tests.ApicurioRegistryBaseIT$RegistryApiErrorWatcher.logProblemDetails(ApicurioRegistryBaseIT.java:154)
	at io.apicurio.tests.ApicurioRegistryBaseIT$RegistryApiErrorWatcher.logProblemDetails(ApicurioRegistryBaseIT.java:154)
	at io.apicurio.tests.ApicurioRegistryBaseIT$RegistryApiErrorWatcher.logProblemDetails(ApicurioRegistryBaseIT.java:154)
	at io.apicurio.tests.ApicurioRegistryBaseIT$RegistryApiErrorWatcher.logProblemDetails(ApicurioRegistryBaseIT.java:154)
	at io.apicurio.tests.ApicurioRegistryBaseIT$RegistryApiErrorWatcher.logProblemDetails(ApicurioRegistryBaseIT.java:154)
	at io.apicurio.tests.ApicurioRegistryBaseIT$RegistryApiErrorWatcher.logProblemDetails(ApicurioRegistryBaseIT.java:154)
	at io.apicurio.tests.ApicurioRegistryBaseIT$RegistryApiErrorWatcher.logProblemDetails(ApicurioRegistryBaseIT.java:154)
	at io.apicurio.tests.ApicurioRegistryBaseIT$RegistryApiErrorWatcher.logProblemDetails(ApicurioRegistryBaseIT.java:154)
	at io.apicurio.tests.ApicurioRegistryBaseIT$RegistryApiErrorWatcher.logProblemDetails(ApicurioRegistryBaseIT.java:154)
	at io.apicurio.tests.ApicurioRegistryBaseIT$RegistryApiErrorWatcher.logProblemDetails(ApicurioRegistryBaseIT.java:154)
	at io.apicurio.tests.ApicurioRegistryBaseIT$RegistryApiErrorWatcher.logProblemDetails(ApicurioRegistryBaseIT.java:154)
	at io.apicurio.tests.ApicurioRegistryBaseIT$RegistryApiErrorWatcher.logProblemDetails(ApicurioRegistryBaseIT.java:154)
	at io.apicurio.tests.ApicurioRegistryBaseIT$RegistryApiErrorWatcher.logProblemDetails(ApicurioRegistryBaseIT.java:154)
	at io.apicurio.tests.ApicurioRegistryBaseIT$RegistryApiErrorWatcher.logProblemDetails(ApicurioRegistryBaseIT.java:154)
	at io.apicurio.tests.ApicurioRegistryBaseIT$RegistryApiErrorWatcher.logProblemDetails(ApicurioRegistryBaseIT.java:154)
	at io.apicurio.tests.ApicurioRegistryBaseIT$RegistryApiErrorWatcher.logProblemDetails(ApicurioRegistryBaseIT.java:154)
	at io.apicurio.tests.ApicurioRegistryBaseIT$RegistryApiErrorWatcher.logProblemDetails(ApicurioRegistryBaseIT.java:154)
	at io.apicurio.tests.ApicurioRegistryBaseIT$RegistryApiErrorWatcher.logProblemDetails(ApicurioRegistryBaseIT.java:154)
	at io.apicurio.tests.ApicurioRegistryBaseIT$RegistryApiErrorWatcher.logProblemDetails(ApicurioRegistryBaseIT.java:154)
	at io.apicurio.tests.ApicurioRegistryBaseIT$RegistryApiErrorWatcher.logProblemDetails(ApicurioRegistryBaseIT.java:154)
	at io.apicurio.tests.ApicurioRegistryBaseIT$RegistryApiErrorWatcher.logProblemDetails(ApicurioRegistryBaseIT.java:154)
	at io.apicurio.tests.ApicurioRegistryBaseIT$RegistryApiErrorWatcher.logProblemDetails(ApicurioRegistryBaseIT.java:154)
	at io.apicurio.tests.ApicurioRegistryBaseIT$RegistryApiErrorWatcher.logProblemDetails(ApicurioRegistryBaseIT.java:154)
	at io.apicurio.tests.ApicurioRegistryBaseIT$RegistryApiErrorWatcher.logProblemDetails(ApicurioRegistryBaseIT.java:154)
	at io.apicurio.tests.ApicurioRegistryBaseIT$RegistryApiErrorWatcher.logProblemDetails(ApicurioRegistryBaseIT.java:154)
	at io.apicurio.tests.ApicurioRegistryBaseIT$RegistryApiErrorWatcher.logProblemDetails(ApicurioRegistryBaseIT.java:154)
	at io.apicurio.tests.ApicurioRegistryBaseIT$RegistryApiErrorWatcher.logProblemDetails(ApicurioRegistryBaseIT.java:154)
	at io.apicurio.tests.ApicurioRegistryBaseIT$RegistryApiErrorWatcher.logProblemDetails(ApicurioRegistryBaseIT.java:154)
	at io.apicurio.tests.ApicurioRegistryBaseIT$RegistryApiErrorWatcher.logProblemDetails(ApicurioRegistryBaseIT.java:154)
	at io.apicurio.tests.ApicurioRegistryBaseIT$RegistryApiErrorWatcher.logProblemDetails(ApicurioRegistryBaseIT.java:154)
	at io.apicurio.tests.ApicurioRegistryBaseIT$RegistryApiErrorWatcher.logProblemDetails(ApicurioRegistryBaseIT.java:154)
	at io.apicurio.tests.ApicurioRegistryBaseIT$RegistryApiErrorWatcher.logProblemDetails(ApicurioRegistryBaseIT.java:154)
	at io.apicurio.tests.ApicurioRegistryBaseIT$RegistryApiErrorWatcher.logProblemDetails(ApicurioRegistryBaseIT.java:154)
	at io.apicurio.tests.ApicurioRegistryBaseIT$RegistryApiErrorWatcher.logProblemDetails(ApicurioRegistryBaseIT.java:154)
	at io.apicurio.tests.ApicurioRegistryBaseIT$RegistryApiErrorWatcher.logProblemDetails(ApicurioRegistryBaseIT.java:154)
	at io.apicurio.tests.ApicurioRegistryBaseIT$RegistryApiErrorWatcher.logProblemDetails(ApicurioRegistryBaseIT.java:154)
	at io.apicurio.tests.ApicurioRegistryBaseIT$RegistryApiErrorWatcher.logProblemDetails(ApicurioRegistryBaseIT.java:154)
	at io.apicurio.tests.ApicurioRegistryBaseIT$RegistryApiErrorWatcher.logProblemDetails(ApicurioRegistryBaseIT.java:154)
	at io.apicurio.tests.ApicurioRegistryBaseIT$RegistryApiErrorWatcher.logProblemDetails(ApicurioRegistryBaseIT.java:154)
	at io.apicurio.tests.ApicurioRegistryBaseIT$RegistryApiErrorWatcher.logProblemDetails(ApicurioRegistryBaseIT.java:154)
	at io.apicurio.tests.ApicurioRegistryBaseIT$RegistryApiErrorWatcher.logProblemDetails(ApicurioRegistryBaseIT.java:154)
	at io.apicurio.tests.ApicurioRegistryBaseIT$RegistryApiErrorWatcher.logProblemDetails(ApicurioRegistryBaseIT.java:154)
	at io.apicurio.tests.ApicurioRegistryBaseIT$RegistryApiErrorWatcher.logProblemDetails(ApicurioRegistryBaseIT.java:154)
	at io.apicurio.tests.ApicurioRegistryBaseIT$RegistryApiErrorWatcher.logProblemDetails(ApicurioRegistryBaseIT.java:154)
	at io.apicurio.tests.ApicurioRegistryBaseIT$RegistryApiErrorWatcher.logProblemDetails(ApicurioRegistryBaseIT.java:154)
	at io.apicurio.tests.ApicurioRegistryBaseIT$RegistryApiErrorWatcher.logProblemDetails(ApicurioRegistryBaseIT.java:154)
	at io.apicurio.tests.ApicurioRegistryBaseIT$RegistryApiErrorWatcher.logProblemDetails(ApicurioRegistryBaseIT.java:154)
	at io.apicurio.tests.ApicurioRegistryBaseIT$RegistryApiErrorWatcher.logProblemDetails(ApicurioRegistryBaseIT.java:154)
	at io.apicurio.tests.ApicurioRegistryBaseIT$RegistryApiErrorWatcher.logProblemDetails(ApicurioRegistryBaseIT.java:154)
	at io.apicurio.tests.ApicurioRegistryBaseIT$RegistryApiErrorWatcher.logProblemDetails(ApicurioRegistryBaseIT.java:154)
	at io.apicurio.tests.ApicurioRegistryBaseIT$RegistryApiErrorWatcher.logProblemDetails(ApicurioRegistryBaseIT.java:154)
	at io.apicurio.tests.ApicurioRegistryBaseIT$RegistryApiErrorWatcher.logProblemDetails(ApicurioRegistryBaseIT.java:154)
	at io.apicurio.tests.ApicurioRegistryBaseIT$RegistryApiErrorWatcher.logProblemDetails(ApicurioRegistryBaseIT.java:154)
	at io.apicurio.tests.ApicurioRegistryBaseIT$RegistryApiErrorWatcher.logProblemDetails(ApicurioRegistryBaseIT.java:154)
	at io.apicurio.tests.ApicurioRegistryBaseIT$RegistryApiErrorWatcher.logProblemDetails(ApicurioRegistryBaseIT.java:154)
	at io.apicurio.tests.ApicurioRegistryBaseIT$RegistryApiErrorWatcher.logProblemDetails(ApicurioRegistryBaseIT.java:154)
	at io.apicurio.tests.ApicurioRegistryBaseIT$RegistryApiErrorWatcher.logProblemDetails(ApicurioRegistryBaseIT.java:154)
	at io.apicurio.tests.ApicurioRegistryBaseIT$RegistryApiErrorWatcher.logProblemDetails(ApicurioRegistryBaseIT.java:154)
	at io.apicurio.tests.ApicurioRegistryBaseIT$RegistryApiErrorWatcher.logProblemDetails(ApicurioRegistryBaseIT.java:154)
	at io.apicurio.tests.ApicurioRegistryBaseIT$RegistryApiErrorWatcher.logProblemDetails(ApicurioRegistryBaseIT.java:154)
	at io.apicurio.tests.ApicurioRegistryBaseIT$RegistryApiErrorWatcher.logProblemDetails(ApicurioRegistryBaseIT.java:154)
	at io.apicurio.tests.ApicurioRegistryBaseIT$RegistryApiErrorWatcher.logProblemDetails(ApicurioRegistryBaseIT.java:154)
	at io.apicurio.tests.ApicurioRegistryBaseIT$RegistryApiErrorWatcher.logProblemDetails(ApicurioRegistryBaseIT.java:154)
	at io.apicurio.tests.ApicurioRegistryBaseIT$RegistryApiErrorWatcher.logProblemDetails(ApicurioRegistryBaseIT.java:154)
	at io.apicurio.tests.ApicurioRegistryBaseIT$RegistryApiErrorWatcher.logProblemDetails(ApicurioRegistryBaseIT.java:154)
	at io.apicurio.tests.ApicurioRegistryBaseIT$RegistryApiErrorWatcher.logProblemDetails(ApicurioRegistryBaseIT.java:154)
	at io.apicurio.tests.ApicurioRegistryBaseIT$RegistryApiErrorWatcher.logProblemDetails(ApicurioRegistryBaseIT.java:154)
	at io.apicurio.tests.ApicurioRegistryBaseIT$RegistryApiErrorWatcher.logProblemDetails(ApicurioRegistryBaseIT.java:154)
	at io.apicurio.tests.ApicurioRegistryBaseIT$RegistryApiErrorWatcher.logProblemDetails(ApicurioRegistryBaseIT.java:154)
	at io.apicurio.tests.ApicurioRegistryBaseIT$RegistryApiErrorWatcher.logProblemDetails(ApicurioRegistryBaseIT.java:154)
	at io.apicurio.tests.ApicurioRegistryBaseIT$RegistryApiErrorWatcher.logProblemDetails(ApicurioRegistryBaseIT.java:154)
	at io.apicurio.tests.ApicurioRegistryBaseIT$RegistryApiErrorWatcher.logProblemDetails(ApicurioRegistryBaseIT.java:154)
	at io.apicurio.tests.ApicurioRegistryBaseIT$RegistryApiErrorWatcher.logProblemDetails(ApicurioRegistryBaseIT.java:154)
	at io.apicurio.tests.ApicurioRegistryBaseIT$RegistryApiErrorWatcher.logProblemDetails(ApicurioRegistryBaseIT.java:154)
	at io.apicurio.tests.ApicurioRegistryBaseIT$RegistryApiErrorWatcher.logProblemDetails(ApicurioRegistryBaseIT.java:154)
	at io.apicurio.tests.ApicurioRegistryBaseIT$RegistryApiErrorWatcher.logProblemDetails(ApicurioRegistryBaseIT.java:154)
	at io.apicurio.tests.ApicurioRegistryBaseIT$RegistryApiErrorWatcher.logProblemDetails(ApicurioRegistryBaseIT.java:154)
	at io.apicurio.tests.ApicurioRegistryBaseIT$RegistryApiErrorWatcher.logProblemDetails(ApicurioRegistryBaseIT.java:154)
	at io.apicurio.tests.ApicurioRegistryBaseIT$RegistryApiErrorWatcher.logProblemDetails(ApicurioRegistryBaseIT.java:154)
	at io.apicurio.tests.ApicurioRegistryBaseIT$RegistryApiErrorWatcher.logProblemDetails(ApicurioRegistryBaseIT.java:154)
	at io.apicurio.tests.ApicurioRegistryBaseIT$RegistryApiErrorWatcher.logProblemDetails(ApicurioRegistryBaseIT.java:154)
	at io.apicurio.tests.ApicurioRegistryBaseIT$RegistryApiErrorWatcher.logProblemDetails(ApicurioRegistryBaseIT.java:154)
	at io.apicurio.tests.ApicurioRegistryBaseIT$RegistryApiErrorWatcher.logProblemDetails(ApicurioRegistryBaseIT.java:154)
	at io.apicurio.tests.ApicurioRegistryBaseIT$RegistryApiErrorWatcher.logProblemDetails(ApicurioRegistryBaseIT.java:154)
	at io.apicurio.tests.ApicurioRegistryBaseIT$RegistryApiErrorWatcher.logProblemDetails(ApicurioRegistryBaseIT.java:154)
	at io.apicurio.tests.ApicurioRegistryBaseIT$RegistryApiErrorWatcher.logProblemDetails(ApicurioRegistryBaseIT.java:154)
	at io.apicurio.tests.ApicurioRegistryBaseIT$RegistryApiErrorWatcher.logProblemDetails(ApicurioRegistryBaseIT.java:154)
	at io.apicurio.tests.ApicurioRegistryBaseIT$RegistryApiErrorWatcher.logProblemDetails(ApicurioRegistryBaseIT.java:154)
	at io.apicurio.tests.ApicurioRegistryBaseIT$RegistryApiErrorWatcher.logProblemDetails(ApicurioRegistryBaseIT.java:154)
	at io.apicurio.tests.ApicurioRegistryBaseIT$RegistryApiErrorWatcher.logProblemDetails(ApicurioRegistryBaseIT.java:154)
	at io.apicurio.tests.ApicurioRegistryBaseIT$RegistryApiErrorWatcher.logProblemDetails(ApicurioRegistryBaseIT.java:154)
	at io.apicurio.tests.ApicurioRegistryBaseIT$RegistryApiErrorWatcher.logProblemDetails(ApicurioRegistryBaseIT.java:154)
	at io.apicurio.tests.ApicurioRegistryBaseIT$RegistryApiErrorWatcher.logProblemDetails(ApicurioRegistryBaseIT.java:154)
	at io.apicurio.tests.ApicurioRegistryBaseIT$RegistryApiErrorWatcher.logProblemDetails(ApicurioRegistryBaseIT.java:154)
	at io.apicurio.tests.ApicurioRegistryBaseIT$RegistryApiErrorWatcher.logProblemDetails(ApicurioRegistryBaseIT.java:154)
	at io.apicurio.tests.ApicurioRegistryBaseIT$RegistryApiErrorWatcher.logProblemDetails(ApicurioRegistryBaseIT.java:154)
	at io.apicurio.tests.ApicurioRegistryBaseIT$RegistryApiErrorWatcher.logProblemDetails(ApicurioRegistryBaseIT.java:154)
	at io.apicurio.tests.ApicurioRegistryBaseIT$RegistryApiErrorWatcher.logProblemDetails(ApicurioRegistryBaseIT.java:154)
	at io.apicurio.tests.ApicurioRegistryBaseIT$RegistryApiErrorWatcher.logProblemDetails(ApicurioRegistryBaseIT.java:154)
	at io.apicurio.tests.ApicurioRegistryBaseIT$RegistryApiErrorWatcher.logProblemDetails(ApicurioRegistryBaseIT.java:154)
	at io.apicurio.tests.ApicurioRegistryBaseIT$RegistryApiErrorWatcher.logProblemDetails(ApicurioRegistryBaseIT.java:154)
	at io.apicurio.tests.ApicurioRegistryBaseIT$RegistryApiErrorWatcher.logProblemDetails(ApicurioRegistryBaseIT.java:154)
	at io.apicurio.tests.ApicurioRegistryBaseIT$RegistryApiErrorWatcher.logProblemDetails(ApicurioRegistryBaseIT.java:154)
	at io.apicurio.tests.ApicurioRegistryBaseIT$RegistryApiErrorWatcher.logProblemDetails(ApicurioRegistryBaseIT.java:154)
	at io.apicurio.tests.ApicurioRegistryBaseIT$RegistryApiErrorWatcher.logProblemDetails(ApicurioRegistryBaseIT.java:154)
	at io.apicurio.tests.ApicurioRegistryBaseIT$RegistryApiErrorWatcher.logProblemDetails(ApicurioRegistryBaseIT.java:154)
	at io.apicurio.tests.ApicurioRegistryBaseIT$RegistryApiErrorWatcher.logProblemDetails(ApicurioRegistryBaseIT.java:154)
	at io.apicurio.tests.ApicurioRegistryBaseIT$RegistryApiErrorWatcher.logProblemDetails(ApicurioRegistryBaseIT.java:154)
	at io.apicurio.tests.ApicurioRegistryBaseIT$RegistryApiErrorWatcher.logProblemDetails(ApicurioRegistryBaseIT.java:154)
	at io.apicurio.tests.ApicurioRegistryBaseIT$RegistryApiErrorWatcher.logProblemDetails(ApicurioRegistryBaseIT.java:154)
	at io.apicurio.tests.ApicurioRegistryBaseIT$RegistryApiErrorWatcher.logProblemDetails(ApicurioRegistryBaseIT.java:154)
	at io.apicurio.tests.ApicurioRegistryBaseIT$RegistryApiErrorWatcher.logProblemDetails(ApicurioRegistryBaseIT.java:154)
	at io.apicurio.tests.ApicurioRegistryBaseIT$RegistryApiErrorWatcher.logProblemDetails(ApicurioRegistryBaseIT.java:154)
	at io.apicurio.tests.ApicurioRegistryBaseIT$RegistryApiErrorWatcher.logProblemDetails(ApicurioRegistryBaseIT.java:154)
	at io.apicurio.tests.ApicurioRegistryBaseIT$RegistryApiErrorWatcher.logProblemDetails(ApicurioRegistryBaseIT.java:154)
	at io.apicurio.tests.ApicurioRegistryBaseIT$RegistryApiErrorWatcher.logProblemDetails(ApicurioRegistryBaseIT.java:154)
	at io.apicurio.tests.ApicurioRegistryBaseIT$RegistryApiErrorWatcher.logProblemDetails(ApicurioRegistryBaseIT.java:154)
	at io.apicurio.tests.ApicurioRegistryBaseIT$RegistryApiErrorWatcher.logProblemDetails(ApicurioRegistryBaseIT.java:154)
	at io.apicurio.tests.ApicurioRegistryBaseIT$RegistryApiErrorWatcher.logProblemDetails(ApicurioRegistryBaseIT.java:154)
	at io.apicurio.tests.ApicurioRegistryBaseIT$RegistryApiErrorWatcher.logProblemDetails(ApicurioRegistryBaseIT.java:154)
	at io.apicurio.tests.ApicurioRegistryBaseIT$RegistryApiErrorWatcher.logProblemDetails(ApicurioRegistryBaseIT.java:154)
	at io.apicurio.tests.ApicurioRegistryBaseIT$RegistryApiErrorWatcher.logProblemDetails(ApicurioRegistryBaseIT.java:154)
	at io.apicurio.tests.ApicurioRegistryBaseIT$RegistryApiErrorWatcher.logProblemDetails(ApicurioRegistryBaseIT.java:154)
	at io.apicurio.tests.ApicurioRegistryBaseIT$RegistryApiErrorWatcher.logProblemDetails(ApicurioRegistryBaseIT.java:154)
	at io.apicurio.tests.ApicurioRegistryBaseIT$RegistryApiErrorWatcher.logProblemDetails(ApicurioRegistryBaseIT.java:154)
	at io.apicurio.tests.ApicurioRegistryBaseIT$RegistryApiErrorWatcher.logProblemDetails(ApicurioRegistryBaseIT.java:154)
	at io.apicurio.tests.ApicurioRegistryBaseIT$RegistryApiErrorWatcher.logProblemDetails(ApicurioRegistryBaseIT.java:154)
	at io.apicurio.tests.ApicurioRegistryBaseIT$RegistryApiErrorWatcher.logProblemDetails(ApicurioRegistryBaseIT.java:154)
	at io.apicurio.tests.ApicurioRegistryBaseIT$RegistryApiErrorWatcher.logProblemDetails(ApicurioRegistryBaseIT.java:154)
	at io.apicurio.tests.ApicurioRegistryBaseIT$RegistryApiErrorWatcher.logProblemDetails(ApicurioRegistryBaseIT.java:154)
	at io.apicurio.tests.ApicurioRegistryBaseIT$RegistryApiErrorWatcher.logProblemDetails(ApicurioRegistryBaseIT.java:154)
	at io.apicurio.tests.ApicurioRegistryBaseIT$RegistryApiErrorWatcher.logProblemDetails(ApicurioRegistryBaseIT.java:154)
	at io.apicurio.tests.ApicurioRegistryBaseIT$RegistryApiErrorWatcher.logProblemDetails(ApicurioRegistryBaseIT.java:154)
	at io.apicurio.tests.ApicurioRegistryBaseIT$RegistryApiErrorWatcher.logProblemDetails(ApicurioRegistryBaseIT.java:154)
	at io.apicurio.tests.ApicurioRegistryBaseIT$RegistryApiErrorWatcher.logProblemDetails(ApicurioRegistryBaseIT.java:154)
	at io.apicurio.tests.ApicurioRegistryBaseIT$RegistryApiErrorWatcher.logProblemDetails(ApicurioRegistryBaseIT.java:154)
	at io.apicurio.tests.ApicurioRegistryBaseIT$RegistryApiErrorWatcher.logProblemDetails(ApicurioRegistryBaseIT.java:154)
	at io.apicurio.tests.ApicurioRegistryBaseIT$RegistryApiErrorWatcher.logProblemDetails(ApicurioRegistryBaseIT.java:154)
	at io.apicurio.tests.ApicurioRegistryBaseIT$RegistryApiErrorWatcher.logProblemDetails(ApicurioRegistryBaseIT.java:154)
	at io.apicurio.tests.ApicurioRegistryBaseIT$RegistryApiErrorWatcher.logProblemDetails(ApicurioRegistryBaseIT.java:154)
	at io.apicurio.tests.ApicurioRegistryBaseIT$RegistryApiErrorWatcher.logProblemDetails(ApicurioRegistryBaseIT.java:154)
	at io.apicurio.tests.ApicurioRegistryBaseIT$RegistryApiErrorWatcher.logProblemDetails(ApicurioRegistryBaseIT.java:154)
	at io.apicurio.tests.ApicurioRegistryBaseIT$RegistryApiErrorWatcher.logProblemDetails(ApicurioRegistryBaseIT.java:154)
	at io.apicurio.tests.ApicurioRegistryBaseIT$RegistryApiErrorWatcher.logProblemDetails(ApicurioRegistryBaseIT.java:154)
	at io.apicurio.tests.ApicurioRegistryBaseIT$RegistryApiErrorWatcher.logProblemDetails(ApicurioRegistryBaseIT.java:154)
	at io.apicurio.tests.ApicurioRegistryBaseIT$RegistryApiErrorWatcher.logProblemDetails(ApicurioRegistryBaseIT.java:154)
	at io.apicurio.tests.ApicurioRegistryBaseIT$RegistryApiErrorWatcher.logProblemDetails(ApicurioRegistryBaseIT.java:154)
	at io.apicurio.tests.ApicurioRegistryBaseIT$RegistryApiErrorWatcher.logProblemDetails(ApicurioRegistryBaseIT.java:154)
	at io.apicurio.tests.ApicurioRegistryBaseIT$RegistryApiErrorWatcher.logProblemDetails(ApicurioRegistryBaseIT.java:154)
	at io.apicurio.tests.ApicurioRegistryBaseIT$RegistryApiErrorWatcher.logProblemDetails(ApicurioRegistryBaseIT.java:154)
	at io.apicurio.tests.ApicurioRegistryBaseIT$RegistryApiErrorWatcher.logProblemDetails(ApicurioRegistryBaseIT.java:154)
	at io.apicurio.tests.ApicurioRegistryBaseIT$RegistryApiErrorWatcher.logProblemDetails(ApicurioRegistryBaseIT.java:154)
	at io.apicurio.tests.ApicurioRegistryBaseIT$RegistryApiErrorWatcher.logProblemDetails(ApicurioRegistryBaseIT.java:154)
	at io.apicurio.tests.ApicurioRegistryBaseIT$RegistryApiErrorWatcher.logProblemDetails(ApicurioRegistryBaseIT.java:154)
	at io.apicurio.tests.ApicurioRegistryBaseIT$RegistryApiErrorWatcher.logProblemDetails(ApicurioRegistryBaseIT.java:154)
	at io.apicurio.tests.ApicurioRegistryBaseIT$RegistryApiErrorWatcher.logProblemDetails(ApicurioRegistryBaseIT.java:154)
	at io.apicurio.tests.ApicurioRegistryBaseIT$RegistryApiErrorWatcher.logProblemDetails(ApicurioRegistryBaseIT.java:154)
	at io.apicurio.tests.ApicurioRegistryBaseIT$RegistryApiErrorWatcher.logProblemDetails(ApicurioRegistryBaseIT.java:154)
	at io.apicurio.tests.ApicurioRegistryBaseIT$RegistryApiErrorWatcher.logProblemDetails(ApicurioRegistryBaseIT.java:154)
	at io.apicurio.tests.ApicurioRegistryBaseIT$RegistryApiErrorWatcher.logProblemDetails(ApicurioRegistryBaseIT.java:154)
	at io.apicurio.tests.ApicurioRegistryBaseIT$RegistryApiErrorWatcher.logProblemDetails(ApicurioRegistryBaseIT.java:154)
	at io.apicurio.tests.ApicurioRegistryBaseIT$RegistryApiErrorWatcher.logProblemDetails(ApicurioRegistryBaseIT.java:154)
	at io.apicurio.tests.ApicurioRegistryBaseIT$RegistryApiErrorWatcher.logProblemDetails(ApicurioRegistryBaseIT.java:154)
	at io.apicurio.tests.ApicurioRegistryBaseIT$RegistryApiErrorWatcher.logProblemDetails(ApicurioRegistryBaseIT.java:154)
	at io.apicurio.tests.ApicurioRegistryBaseIT$RegistryApiErrorWatcher.logProblemDetails(ApicurioRegistryBaseIT.java:154)
	at io.apicurio.tests.ApicurioRegistryBaseIT$RegistryApiErrorWatcher.logProblemDetails(ApicurioRegistryBaseIT.java:154)
	at io.apicurio.tests.ApicurioRegistryBaseIT$RegistryApiErrorWatcher.logProblemDetails(ApicurioRegistryBaseIT.java:154)
	at io.apicurio.tests.ApicurioRegistryBaseIT$RegistryApiErrorWatcher.logProblemDetails(ApicurioRegistryBaseIT.java:154)
	at io.apicurio.tests.ApicurioRegistryBaseIT$RegistryApiErrorWatcher.logProblemDetails(ApicurioRegistryBaseIT.java:154)
	at io.apicurio.tests.ApicurioRegistryBaseIT$RegistryApiErrorWatcher.logProblemDetails(ApicurioRegistryBaseIT.java:154)
	at io.apicurio.tests.ApicurioRegistryBaseIT$RegistryApiErrorWatcher.logProblemDetails(ApicurioRegistryBaseIT.java:154)
	at io.apicurio.tests.ApicurioRegistryBaseIT$RegistryApiErrorWatcher.logProblemDetails(ApicurioRegistryBaseIT.java:154)
	at io.apicurio.tests.ApicurioRegistryBaseIT$RegistryApiErrorWatcher.logProblemDetails(ApicurioRegistryBaseIT.java:154)
	at io.apicurio.tests.ApicurioRegistryBaseIT$RegistryApiErrorWatcher.logProblemDetails(ApicurioRegistryBaseIT.java:154)
	at io.apicurio.tests.ApicurioRegistryBaseIT$RegistryApiErrorWatcher.logProblemDetails(ApicurioRegistryBaseIT.java:154)
	at io.apicurio.tests.ApicurioRegistryBaseIT$RegistryApiErrorWatcher.logProblemDetails(ApicurioRegistryBaseIT.java:154)
	at io.apicurio.tests.ApicurioRegistryBaseIT$RegistryApiErrorWatcher.logProblemDetails(ApicurioRegistryBaseIT.java:154)
	at io.apicurio.tests.ApicurioRegistryBaseIT$RegistryApiErrorWatcher.logProblemDetails(ApicurioRegistryBaseIT.java:154)
	at io.apicurio.tests.ApicurioRegistryBaseIT$RegistryApiErrorWatcher.logProblemDetails(ApicurioRegistryBaseIT.java:154)
	at io.apicurio.tests.ApicurioRegistryBaseIT$RegistryApiErrorWatcher.logProblemDetails(ApicurioRegistryBaseIT.java:154)
	at io.apicurio.tests.ApicurioRegistryBaseIT$RegistryApiErrorWatcher.logProblemDetails(ApicurioRegistryBaseIT.java:154)
	at io.apicurio.tests.ApicurioRegistryBaseIT$RegistryApiErrorWatcher.logProblemDetails(ApicurioRegistryBaseIT.java:154)
	at io.apicurio.tests.ApicurioRegistryBaseIT$RegistryApiErrorWatcher.logProblemDetails(ApicurioRegistryBaseIT.java:154)
	at io.apicurio.tests.ApicurioRegistryBaseIT$RegistryApiErrorWatcher.logProblemDetails(ApicurioRegistryBaseIT.java:154)
	at io.apicurio.tests.ApicurioRegistryBaseIT$RegistryApiErrorWatcher.logProblemDetails(ApicurioRegistryBaseIT.java:154)
	at io.apicurio.tests.ApicurioRegistryBaseIT$RegistryApiErrorWatcher.logProblemDetails(ApicurioRegistryBaseIT.java:154)
	at io.apicurio.tests.ApicurioRegistryBaseIT$RegistryApiErrorWatcher.logProblemDetails(ApicurioRegistryBaseIT.java:154)
	at io.apicurio.tests.ApicurioRegistryBaseIT$RegistryApiErrorWatcher.logProblemDetails(ApicurioRegistryBaseIT.java:154)
	at io.apicurio.tests.ApicurioRegistryBaseIT$RegistryApiErrorWatcher.logProblemDetails(ApicurioRegistryBaseIT.java:154)
	at io.apicurio.tests.ApicurioRegistryBaseIT$RegistryApiErrorWatcher.logProblemDetails(ApicurioRegistryBaseIT.java:154)
	at io.apicurio.tests.ApicurioRegistryBaseIT$RegistryApiErrorWatcher.logProblemDetails(ApicurioRegistryBaseIT.java:154)
	at io.apicurio.tests.ApicurioRegistryBaseIT$RegistryApiErrorWatcher.logProblemDetails(ApicurioRegistryBaseIT.java:154)
	at io.apicurio.tests.ApicurioRegistryBaseIT$RegistryApiErrorWatcher.logProblemDetails(ApicurioRegistryBaseIT.java:154)
	at io.apicurio.tests.ApicurioRegistryBaseIT$RegistryApiErrorWatcher.logProblemDetails(ApicurioRegistryBaseIT.java:154)
	at io.apicurio.tests.ApicurioRegistryBaseIT$RegistryApiErrorWatcher.logProblemDetails(ApicurioRegistryBaseIT.java:154)
	at io.apicurio.tests.ApicurioRegistryBaseIT$RegistryApiErrorWatcher.logProblemDetails(ApicurioRegistryBaseIT.java:154)
	at io.apicurio.tests.ApicurioRegistryBaseIT$RegistryApiErrorWatcher.logProblemDetails(ApicurioRegistryBaseIT.java:154)
	at io.apicurio.tests.ApicurioRegistryBaseIT$RegistryApiErrorWatcher.logProblemDetails(ApicurioRegistryBaseIT.java:154)
	at io.apicurio.tests.ApicurioRegistryBaseIT$RegistryApiErrorWatcher.logProblemDetails(ApicurioRegistryBaseIT.java:154)
	at io.apicurio.tests.ApicurioRegistryBaseIT$RegistryApiErrorWatcher.logProblemDetails(ApicurioRegistryBaseIT.java:154)
	at io.apicurio.tests.ApicurioRegistryBaseIT$RegistryApiErrorWatcher.logProblemDetails(ApicurioRegistryBaseIT.java:154)
	at io.apicurio.tests.ApicurioRegistryBaseIT$RegistryApiErrorWatcher.logProblemDetails(ApicurioRegistryBaseIT.java:154)
	at io.apicurio.tests.ApicurioRegistryBaseIT$RegistryApiErrorWatcher.logProblemDetails(ApicurioRegistryBaseIT.java:154)
	at io.apicurio.tests.ApicurioRegistryBaseIT$RegistryApiErrorWatcher.logProblemDetails(ApicurioRegistryBaseIT.java:154)
	at io.apicurio.tests.ApicurioRegistryBaseIT$RegistryApiErrorWatcher.logProblemDetails(ApicurioRegistryBaseIT.java:154)
	at io.apicurio.tests.ApicurioRegistryBaseIT$RegistryApiErrorWatcher.logProblemDetails(ApicurioRegistryBaseIT.java:154)
	at io.apicurio.tests.ApicurioRegistryBaseIT$RegistryApiErrorWatcher.logProblemDetails(ApicurioRegistryBaseIT.java:154)
	at io.apicurio.tests.ApicurioRegistryBaseIT$RegistryApiErrorWatcher.logProblemDetails(ApicurioRegistryBaseIT.java:154)
	at io.apicurio.tests.ApicurioRegistryBaseIT$RegistryApiErrorWatcher.logProblemDetails(ApicurioRegistryBaseIT.java:154)
	at io.apicurio.tests.ApicurioRegistryBaseIT$RegistryApiErrorWatcher.logProblemDetails(ApicurioRegistryBaseIT.java:154)
	at io.apicurio.tests.ApicurioRegistryBaseIT$RegistryApiErrorWatcher.logProblemDetails(ApicurioRegistryBaseIT.java:154)
	at io.apicurio.tests.ApicurioRegistryBaseIT$RegistryApiErrorWatcher.logProblemDetails(ApicurioRegistryBaseIT.java:154)
	at io.apicurio.tests.ApicurioRegistryBaseIT$RegistryApiErrorWatcher.logProblemDetails(ApicurioRegistryBaseIT.java:154)
	at io.apicurio.tests.ApicurioRegistryBaseIT$RegistryApiErrorWatcher.logProblemDetails(ApicurioRegistryBaseIT.java:154)
	at io.apicurio.tests.ApicurioRegistryBaseIT$RegistryApiErrorWatcher.logProblemDetails(ApicurioRegistryBaseIT.java:154)
	at io.apicurio.tests.ApicurioRegistryBaseIT$RegistryApiErrorWatcher.logProblemDetails(ApicurioRegistryBaseIT.java:154)
	at io.apicurio.tests.ApicurioRegistryBaseIT$RegistryApiErrorWatcher.logProblemDetails(ApicurioRegistryBaseIT.java:154)
	at io.apicurio.tests.ApicurioRegistryBaseIT$RegistryApiErrorWatcher.logProblemDetails(ApicurioRegistryBaseIT.java:154)
	at io.apicurio.tests.ApicurioRegistryBaseIT$RegistryApiErrorWatcher.logProblemDetails(ApicurioRegistryBaseIT.java:154)
	at io.apicurio.tests.ApicurioRegistryBaseIT$RegistryApiErrorWatcher.logProblemDetails(ApicurioRegistryBaseIT.java:154)
	at io.apicurio.tests.ApicurioRegistryBaseIT$RegistryApiErrorWatcher.logProblemDetails(ApicurioRegistryBaseIT.java:154)
	at io.apicurio.tests.ApicurioRegistryBaseIT$RegistryApiErrorWatcher.logProblemDetails(ApicurioRegistryBaseIT.java:154)
	at io.apicurio.tests.ApicurioRegistryBaseIT$RegistryApiErrorWatcher.logProblemDetails(ApicurioRegistryBaseIT.java:154)
	at io.apicurio.tests.ApicurioRegistryBaseIT$RegistryApiErrorWatcher.logProblemDetails(ApicurioRegistryBaseIT.java:154)
	at io.apicurio.tests.ApicurioRegistryBaseIT$RegistryApiErrorWatcher.logProblemDetails(ApicurioRegistryBaseIT.java:154)
	at io.apicurio.tests.ApicurioRegistryBaseIT$RegistryApiErrorWatcher.logProblemDetails(ApicurioRegistryBaseIT.java:154)
	at io.apicurio.tests.ApicurioRegistryBaseIT$RegistryApiErrorWatcher.logProblemDetails(ApicurioRegistryBaseIT.java:154)
	at io.apicurio.tests.ApicurioRegistryBaseIT$RegistryApiErrorWatcher.logProblemDetails(ApicurioRegistryBaseIT.java:154)
	at io.apicurio.tests.ApicurioRegistryBaseIT$RegistryApiErrorWatcher.logProblemDetails(ApicurioRegistryBaseIT.java:154)
	at io.apicurio.tests.ApicurioRegistryBaseIT$RegistryApiErrorWatcher.logProblemDetails(ApicurioRegistryBaseIT.java:154)
	at io.apicurio.tests.ApicurioRegistryBaseIT$RegistryApiErrorWatcher.logProblemDetails(ApicurioRegistryBaseIT.java:154)
	at io.apicurio.tests.ApicurioRegistryBaseIT$RegistryApiErrorWatcher.logProblemDetails(ApicurioRegistryBaseIT.java:154)
	at io.apicurio.tests.ApicurioRegistryBaseIT$RegistryApiErrorWatcher.logProblemDetails(ApicurioRegistryBaseIT.java:154)
	at io.apicurio.tests.ApicurioRegistryBaseIT$RegistryApiErrorWatcher.logProblemDetails(ApicurioRegistryBaseIT.java:154)
	at io.apicurio.tests.ApicurioRegistryBaseIT$RegistryApiErrorWatcher.logProblemDetails(ApicurioRegistryBaseIT.java:154)
	at io.apicurio.tests.ApicurioRegistryBaseIT$RegistryApiErrorWatcher.logProblemDetails(ApicurioRegistryBaseIT.java:154)
	at io.apicurio.tests.ApicurioRegistryBaseIT$RegistryApiErrorWatcher.logProblemDetails(ApicurioRegistryBaseIT.java:154)
	at io.apicurio.tests.ApicurioRegistryBaseIT$RegistryApiErrorWatcher.logProblemDetails(ApicurioRegistryBaseIT.java:154)
	at io.apicurio.tests.ApicurioRegistryBaseIT$RegistryApiErrorWatcher.logProblemDetails(ApicurioRegistryBaseIT.java:154)
	at io.apicurio.tests.ApicurioRegistryBaseIT$RegistryApiErrorWatcher.logProblemDetails(ApicurioRegistryBaseIT.java:154)
	at io.apicurio.tests.ApicurioRegistryBaseIT$RegistryApiErrorWatcher.logProblemDetails(ApicurioRegistryBaseIT.java:154)
	at io.apicurio.tests.ApicurioRegistryBaseIT$RegistryApiErrorWatcher.logProblemDetails(ApicurioRegistryBaseIT.java:154)
	at io.apicurio.tests.ApicurioRegistryBaseIT$RegistryApiErrorWatcher.logProblemDetails(ApicurioRegistryBaseIT.java:154)
	at io.apicurio.tests.ApicurioRegistryBaseIT$RegistryApiErrorWatcher.logProblemDetails(ApicurioRegistryBaseIT.java:154)
	at io.apicurio.tests.ApicurioRegistryBaseIT$RegistryApiErrorWatcher.logProblemDetails(ApicurioRegistryBaseIT.java:154)
	at io.apicurio.tests.ApicurioRegistryBaseIT$RegistryApiErrorWatcher.logProblemDetails(ApicurioRegistryBaseIT.java:154)
	at io.apicurio.tests.ApicurioRegistryBaseIT$RegistryApiErrorWatcher.logProblemDetails(ApicurioRegistryBaseIT.java:154)
	at io.apicurio.tests.ApicurioRegistryBaseIT$RegistryApiErrorWatcher.logProblemDetails(ApicurioRegistryBaseIT.java:154)
	at io.apicurio.tests.ApicurioRegistryBaseIT$RegistryApiErrorWatcher.logProblemDetails(ApicurioRegistryBaseIT.java:154)
	at io.apicurio.tests.ApicurioRegistryBaseIT$RegistryApiErrorWatcher.logProblemDetails(ApicurioRegistryBaseIT.java:154)
	at io.apicurio.tests.ApicurioRegistryBaseIT$RegistryApiErrorWatcher.logProblemDetails(ApicurioRegistryBaseIT.java:154)
	at io.apicurio.tests.ApicurioRegistryBaseIT$RegistryApiErrorWatcher.logProblemDetails(ApicurioRegistryBaseIT.java:154)
	at io.apicurio.tests.ApicurioRegistryBaseIT$RegistryApiErrorWatcher.logProblemDetails(ApicurioRegistryBaseIT.java:154)
	at io.apicurio.tests.ApicurioRegistryBaseIT$RegistryApiErrorWatcher.logProblemDetails(ApicurioRegistryBaseIT.java:154)
	at io.apicurio.tests.ApicurioRegistryBaseIT$RegistryApiErrorWatcher.logProblemDetails(ApicurioRegistryBaseIT.java:154)
	at io.apicurio.tests.ApicurioRegistryBaseIT$RegistryApiErrorWatcher.logProblemDetails(ApicurioRegistryBaseIT.java:154)
	at io.apicurio.tests.ApicurioRegistryBaseIT$RegistryApiErrorWatcher.logProblemDetails(ApicurioRegistryBaseIT.java:154)
	at io.apicurio.tests.ApicurioRegistryBaseIT$RegistryApiErrorWatcher.logProblemDetails(ApicurioRegistryBaseIT.java:154)
	at io.apicurio.tests.ApicurioRegistryBaseIT$RegistryApiErrorWatcher.logProblemDetails(ApicurioRegistryBaseIT.java:154)
	at io.apicurio.tests.ApicurioRegistryBaseIT$RegistryApiErrorWatcher.logProblemDetails(ApicurioRegistryBaseIT.java:154)
	at io.apicurio.tests.ApicurioRegistryBaseIT$RegistryApiErrorWatcher.logProblemDetails(ApicurioRegistryBaseIT.java:154)
	at io.apicurio.tests.ApicurioRegistryBaseIT$RegistryApiErrorWatcher.logProblemDetails(ApicurioRegistryBaseIT.java:154)
	at io.apicurio.tests.ApicurioRegistryBaseIT$RegistryApiErrorWatcher.logProblemDetails(ApicurioRegistryBaseIT.java:154)
	at io.apicurio.tests.ApicurioRegistryBaseIT$RegistryApiErrorWatcher.logProblemDetails(ApicurioRegistryBaseIT.java:154)
	at io.apicurio.tests.ApicurioRegistryBaseIT$RegistryApiErrorWatcher.logProblemDetails(ApicurioRegistryBaseIT.java:154)
	at io.apicurio.tests.ApicurioRegistryBaseIT$RegistryApiErrorWatcher.logProblemDetails(ApicurioRegistryBaseIT.java:154)
	at io.apicurio.tests.ApicurioRegistryBaseIT$RegistryApiErrorWatcher.logProblemDetails(ApicurioRegistryBaseIT.java:154)
	at io.apicurio.tests.ApicurioRegistryBaseIT$RegistryApiErrorWatcher.logProblemDetails(ApicurioRegistryBaseIT.java:154)
	at io.apicurio.tests.ApicurioRegistryBaseIT$RegistryApiErrorWatcher.logProblemDetails(ApicurioRegistryBaseIT.java:154)
	at io.apicurio.tests.ApicurioRegistryBaseIT$RegistryApiErrorWatcher.logProblemDetails(ApicurioRegistryBaseIT.java:154)
	at io.apicurio.tests.ApicurioRegistryBaseIT$RegistryApiErrorWatcher.logProblemDetails(ApicurioRegistryBaseIT.java:154)
	at io.apicurio.tests.ApicurioRegistryBaseIT$RegistryApiErrorWatcher.logProblemDetails(ApicurioRegistryBaseIT.java:154)
	at io.apicurio.tests.ApicurioRegistryBaseIT$RegistryApiErrorWatcher.logProblemDetails(ApicurioRegistryBaseIT.java:154)
	at io.apicurio.tests.ApicurioRegistryBaseIT$RegistryApiErrorWatcher.logProblemDetails(ApicurioRegistryBaseIT.java:154)
	at io.apicurio.tests.ApicurioRegistryBaseIT$RegistryApiErrorWatcher.logProblemDetails(ApicurioRegistryBaseIT.java:154)
	at io.apicurio.tests.ApicurioRegistryBaseIT$RegistryApiErrorWatcher.logProblemDetails(ApicurioRegistryBaseIT.java:154)
	at io.apicurio.tests.ApicurioRegistryBaseIT$RegistryApiErrorWatcher.logProblemDetails(ApicurioRegistryBaseIT.java:154)
	at io.apicurio.tests.ApicurioRegistryBaseIT$RegistryApiErrorWatcher.logProblemDetails(ApicurioRegistryBaseIT.java:154)
	at io.apicurio.tests.ApicurioRegistryBaseIT$RegistryApiErrorWatcher.logProblemDetails(ApicurioRegistryBaseIT.java:154)
	at io.apicurio.tests.ApicurioRegistryBaseIT$RegistryApiErrorWatcher.logProblemDetails(ApicurioRegistryBaseIT.java:154)
	at io.apicurio.tests.ApicurioRegistryBaseIT$RegistryApiErrorWatcher.logProblemDetails(ApicurioRegistryBaseIT.java:154)
	at io.apicurio.tests.ApicurioRegistryBaseIT$RegistryApiErrorWatcher.logProblemDetails(ApicurioRegistryBaseIT.java:154)
	at io.apicurio.tests.ApicurioRegistryBaseIT$RegistryApiErrorWatcher.logProblemDetails(ApicurioRegistryBaseIT.java:154)
	at io.apicurio.tests.ApicurioRegistryBaseIT$RegistryApiErrorWatcher.logProblemDetails(ApicurioRegistryBaseIT.java:154)
	at io.apicurio.tests.ApicurioRegistryBaseIT$RegistryApiErrorWatcher.logProblemDetails(ApicurioRegistryBaseIT.java:154)
	at io.apicurio.tests.ApicurioRegistryBaseIT$RegistryApiErrorWatcher.logProblemDetails(ApicurioRegistryBaseIT.java:154)
	at io.apicurio.tests.ApicurioRegistryBaseIT$RegistryApiErrorWatcher.logProblemDetails(ApicurioRegistryBaseIT.java:154)
	at io.apicurio.tests.ApicurioRegistryBaseIT$RegistryApiErrorWatcher.logProblemDetails(ApicurioRegistryBaseIT.java:154)
	at io.apicurio.tests.ApicurioRegistryBaseIT$RegistryApiErrorWatcher.logProblemDetails(ApicurioRegistryBaseIT.java:154)
	at io.apicurio.tests.ApicurioRegistryBaseIT$RegistryApiErrorWatcher.logProblemDetails(ApicurioRegistryBaseIT.java:154)
	at io.apicurio.tests.ApicurioRegistryBaseIT$RegistryApiErrorWatcher.logProblemDetails(ApicurioRegistryBaseIT.java:154)
	at io.apicurio.tests.ApicurioRegistryBaseIT$RegistryApiErrorWatcher.logProblemDetails(ApicurioRegistryBaseIT.java:154)
	at io.apicurio.tests.ApicurioRegistryBaseIT$RegistryApiErrorWatcher.logProblemDetails(ApicurioRegistryBaseIT.java:154)
	at io.apicurio.tests.ApicurioRegistryBaseIT$RegistryApiErrorWatcher.logProblemDetails(ApicurioRegistryBaseIT.java:154)
	at io.apicurio.tests.ApicurioRegistryBaseIT$RegistryApiErrorWatcher.logProblemDetails(ApicurioRegistryBaseIT.java:154)
	at io.apicurio.tests.ApicurioRegistryBaseIT$RegistryApiErrorWatcher.logProblemDetails(ApicurioRegistryBaseIT.java:154)
	at io.apicurio.tests.ApicurioRegistryBaseIT$RegistryApiErrorWatcher.logProblemDetails(ApicurioRegistryBaseIT.java:154)
	at io.apicurio.tests.ApicurioRegistryBaseIT$RegistryApiErrorWatcher.logProblemDetails(ApicurioRegistryBaseIT.java:154)
	at io.apicurio.tests.ApicurioRegistryBaseIT$RegistryApiErrorWatcher.logProblemDetails(ApicurioRegistryBaseIT.java:154)
	at io.apicurio.tests.ApicurioRegistryBaseIT$RegistryApiErrorWatcher.logProblemDetails(ApicurioRegistryBaseIT.java:154)
	at io.apicurio.tests.ApicurioRegistryBaseIT$RegistryApiErrorWatcher.logProblemDetails(ApicurioRegistryBaseIT.java:154)
	at io.apicurio.tests.ApicurioRegistryBaseIT$RegistryApiErrorWatcher.logProblemDetails(ApicurioRegistryBaseIT.java:154)
	at io.apicurio.tests.ApicurioRegistryBaseIT$RegistryApiErrorWatcher.logProblemDetails(ApicurioRegistryBaseIT.java:154)
	at io.apicurio.tests.ApicurioRegistryBaseIT$RegistryApiErrorWatcher.logProblemDetails(ApicurioRegistryBaseIT.java:154)
	at io.apicurio.tests.ApicurioRegistryBaseIT$RegistryApiErrorWatcher.logProblemDetails(ApicurioRegistryBaseIT.java:154)
	at io.apicurio.tests.ApicurioRegistryBaseIT$RegistryApiErrorWatcher.logProblemDetails(ApicurioRegistryBaseIT.java:154)
	at io.apicurio.tests.ApicurioRegistryBaseIT$RegistryApiErrorWatcher.logProblemDetails(ApicurioRegistryBaseIT.java:154)
	at io.apicurio.tests.ApicurioRegistryBaseIT$RegistryApiErrorWatcher.logProblemDetails(ApicurioRegistryBaseIT.java:154)
	at io.apicurio.tests.ApicurioRegistryBaseIT$RegistryApiErrorWatcher.logProblemDetails(ApicurioRegistryBaseIT.java:154)
	at io.apicurio.tests.ApicurioRegistryBaseIT$RegistryApiErrorWatcher.logProblemDetails(ApicurioRegistryBaseIT.java:154)
	at io.apicurio.tests.ApicurioRegistryBaseIT$RegistryApiErrorWatcher.logProblemDetails(ApicurioRegistryBaseIT.java:154)
	at io.apicurio.tests.ApicurioRegistryBaseIT$RegistryApiErrorWatcher.logProblemDetails(ApicurioRegistryBaseIT.java:154)
	at io.apicurio.tests.ApicurioRegistryBaseIT$RegistryApiErrorWatcher.logProblemDetails(ApicurioRegistryBaseIT.java:154)
	at io.apicurio.tests.ApicurioRegistryBaseIT$RegistryApiErrorWatcher.logProblemDetails(ApicurioRegistryBaseIT.java:154)
	at io.apicurio.tests.ApicurioRegistryBaseIT$RegistryApiErrorWatcher.logProblemDetails(ApicurioRegistryBaseIT.java:154)
	at io.apicurio.tests.ApicurioRegistryBaseIT$RegistryApiErrorWatcher.logProblemDetails(ApicurioRegistryBaseIT.java:154)
	at io.apicurio.tests.ApicurioRegistryBaseIT$RegistryApiErrorWatcher.logProblemDetails(ApicurioRegistryBaseIT.java:154)
	at io.apicurio.tests.ApicurioRegistryBaseIT$RegistryApiErrorWatcher.logProblemDetails(ApicurioRegistryBaseIT.java:154)
	at io.apicurio.tests.ApicurioRegistryBaseIT$RegistryApiErrorWatcher.logProblemDetails(ApicurioRegistryBaseIT.java:154)
	at io.apicurio.tests.ApicurioRegistryBaseIT$RegistryApiErrorWatcher.logProblemDetails(ApicurioRegistryBaseIT.java:154)
	at io.apicurio.tests.ApicurioRegistryBaseIT$RegistryApiErrorWatcher.logProblemDetails(ApicurioRegistryBaseIT.java:154)
	at io.apicurio.tests.ApicurioRegistryBaseIT$RegistryApiErrorWatcher.logProblemDetails(ApicurioRegistryBaseIT.java:154)
	at io.apicurio.tests.ApicurioRegistryBaseIT$RegistryApiErrorWatcher.logProblemDetails(ApicurioRegistryBaseIT.java:154)
	at io.apicurio.tests.ApicurioRegistryBaseIT$RegistryApiErrorWatcher.logProblemDetails(ApicurioRegistryBaseIT.java:154)
	at io.apicurio.tests.ApicurioRegistryBaseIT$RegistryApiErrorWatcher.logProblemDetails(ApicurioRegistryBaseIT.java:154)
	at io.apicurio.tests.ApicurioRegistryBaseIT$RegistryApiErrorWatcher.logProblemDetails(ApicurioRegistryBaseIT.java:154)
	at io.apicurio.tests.ApicurioRegistryBaseIT$RegistryApiErrorWatcher.logProblemDetails(ApicurioRegistryBaseIT.java:154)
	at io.apicurio.tests.ApicurioRegistryBaseIT$RegistryApiErrorWatcher.logProblemDetails(ApicurioRegistryBaseIT.java:154)
	at io.apicurio.tests.ApicurioRegistryBaseIT$RegistryApiErrorWatcher.logProblemDetails(ApicurioRegistryBaseIT.java:154)
	at io.apicurio.tests.ApicurioRegistryBaseIT$RegistryApiErrorWatcher.logProblemDetails(ApicurioRegistryBaseIT.java:154)
	at io.apicurio.tests.ApicurioRegistryBaseIT$RegistryApiErrorWatcher.logProblemDetails(ApicurioRegistryBaseIT.java:154)
	at io.apicurio.tests.ApicurioRegistryBaseIT$RegistryApiErrorWatcher.logProblemDetails(ApicurioRegistryBaseIT.java:154)
	at io.apicurio.tests.ApicurioRegistryBaseIT$RegistryApiErrorWatcher.logProblemDetails(ApicurioRegistryBaseIT.java:154)
	at io.apicurio.tests.ApicurioRegistryBaseIT$RegistryApiErrorWatcher.logProblemDetails(ApicurioRegistryBaseIT.java:154)
	at io.apicurio.tests.ApicurioRegistryBaseIT$RegistryApiErrorWatcher.logProblemDetails(ApicurioRegistryBaseIT.java:154)
	at io.apicurio.tests.ApicurioRegistryBaseIT$RegistryApiErrorWatcher.logProblemDetails(ApicurioRegistryBaseIT.java:154)
	at io.apicurio.tests.ApicurioRegistryBaseIT$RegistryApiErrorWatcher.logProblemDetails(ApicurioRegistryBaseIT.java:154)
	at io.apicurio.tests.ApicurioRegistryBaseIT$RegistryApiErrorWatcher.logProblemDetails(ApicurioRegistryBaseIT.java:154)
	at io.apicurio.tests.ApicurioRegistryBaseIT$RegistryApiErrorWatcher.logProblemDetails(ApicurioRegistryBaseIT.java:154)
	at io.apicurio.tests.ApicurioRegistryBaseIT$RegistryApiErrorWatcher.logProblemDetails(ApicurioRegistryBaseIT.java:154)
	at io.apicurio.tests.ApicurioRegistryBaseIT$RegistryApiErrorWatcher.logProblemDetails(ApicurioRegistryBaseIT.java:154)
	at io.apicurio.tests.ApicurioRegistryBaseIT$RegistryApiErrorWatcher.logProblemDetails(ApicurioRegistryBaseIT.java:154)
	at io.apicurio.tests.ApicurioRegistryBaseIT$RegistryApiErrorWatcher.logProblemDetails(ApicurioRegistryBaseIT.java:154)
	at io.apicurio.tests.ApicurioRegistryBaseIT$RegistryApiErrorWatcher.logProblemDetails(ApicurioRegistryBaseIT.java:154)
	at io.apicurio.tests.ApicurioRegistryBaseIT$RegistryApiErrorWatcher.logProblemDetails(ApicurioRegistryBaseIT.java:154)
	at io.apicurio.tests.ApicurioRegistryBaseIT$RegistryApiErrorWatcher.logProblemDetails(ApicurioRegistryBaseIT.java:154)
	at io.apicurio.tests.ApicurioRegistryBaseIT$RegistryApiErrorWatcher.logProblemDetails(ApicurioRegistryBaseIT.java:154)
	at io.apicurio.tests.ApicurioRegistryBaseIT$RegistryApiErrorWatcher.logProblemDetails(ApicurioRegistryBaseIT.java:154)
	at io.apicurio.tests.ApicurioRegistryBaseIT$RegistryApiErrorWatcher.logProblemDetails(ApicurioRegistryBaseIT.java:154)
	at io.apicurio.tests.ApicurioRegistryBaseIT$RegistryApiErrorWatcher.logProblemDetails(ApicurioRegistryBaseIT.java:154)
	at io.apicurio.tests.ApicurioRegistryBaseIT$RegistryApiErrorWatcher.logProblemDetails(ApicurioRegistryBaseIT.java:154)
	at io.apicurio.tests.ApicurioRegistryBaseIT$RegistryApiErrorWatcher.logProblemDetails(ApicurioRegistryBaseIT.java:154)
	at io.apicurio.tests.ApicurioRegistryBaseIT$RegistryApiErrorWatcher.logProblemDetails(ApicurioRegistryBaseIT.java:154)
	at io.apicurio.tests.ApicurioRegistryBaseIT$RegistryApiErrorWatcher.logProblemDetails(ApicurioRegistryBaseIT.java:154)
	at io.apicurio.tests.ApicurioRegistryBaseIT$RegistryApiErrorWatcher.logProblemDetails(ApicurioRegistryBaseIT.java:154)
	at io.apicurio.tests.ApicurioRegistryBaseIT$RegistryApiErrorWatcher.logProblemDetails(ApicurioRegistryBaseIT.java:154)
	at io.apicurio.tests.ApicurioRegistryBaseIT$RegistryApiErrorWatcher.logProblemDetails(ApicurioRegistryBaseIT.java:154)
	at io.apicurio.tests.ApicurioRegistryBaseIT$RegistryApiErrorWatcher.logProblemDetails(ApicurioRegistryBaseIT.java:154)
	at io.apicurio.tests.ApicurioRegistryBaseIT$RegistryApiErrorWatcher.logProblemDetails(ApicurioRegistryBaseIT.java:154)
	at io.apicurio.tests.ApicurioRegistryBaseIT$RegistryApiErrorWatcher.logProblemDetails(ApicurioRegistryBaseIT.java:154)
	at io.apicurio.tests.ApicurioRegistryBaseIT$RegistryApiErrorWatcher.logProblemDetails(ApicurioRegistryBaseIT.java:154)
	at io.apicurio.tests.ApicurioRegistryBaseIT$RegistryApiErrorWatcher.logProblemDetails(ApicurioRegistryBaseIT.java:154)
	at io.apicurio.tests.ApicurioRegistryBaseIT$RegistryApiErrorWatcher.logProblemDetails(ApicurioRegistryBaseIT.java:154)
	at io.apicurio.tests.ApicurioRegistryBaseIT$RegistryApiErrorWatcher.logProblemDetails(ApicurioRegistryBaseIT.java:154)
	at io.apicurio.tests.ApicurioRegistryBaseIT$RegistryApiErrorWatcher.logProblemDetails(ApicurioRegistryBaseIT.java:154)
	at io.apicurio.tests.ApicurioRegistryBaseIT$RegistryApiErrorWatcher.logProblemDetails(ApicurioRegistryBaseIT.java:154)
	at io.apicurio.tests.ApicurioRegistryBaseIT$RegistryApiErrorWatcher.logProblemDetails(ApicurioRegistryBaseIT.java:154)
	at io.apicurio.tests.ApicurioRegistryBaseIT$RegistryApiErrorWatcher.logProblemDetails(ApicurioRegistryBaseIT.java:154)
	at io.apicurio.tests.ApicurioRegistryBaseIT$RegistryApiErrorWatcher.logProblemDetails(ApicurioRegistryBaseIT.java:154)
	at io.apicurio.tests.ApicurioRegistryBaseIT$RegistryApiErrorWatcher.logProblemDetails(ApicurioRegistryBaseIT.java:154)
	at io.apicurio.tests.ApicurioRegistryBaseIT$RegistryApiErrorWatcher.logProblemDetails(ApicurioRegistryBaseIT.java:154)
	at io.apicurio.tests.ApicurioRegistryBaseIT$RegistryApiErrorWatcher.logProblemDetails(ApicurioRegistryBaseIT.java:154)
	at io.apicurio.tests.ApicurioRegistryBaseIT$RegistryApiErrorWatcher.logProblemDetails(ApicurioRegistryBaseIT.java:154)
	at io.apicurio.tests.ApicurioRegistryBaseIT$RegistryApiErrorWatcher.logProblemDetails(ApicurioRegistryBaseIT.java:154)
	at io.apicurio.tests.ApicurioRegistryBaseIT$RegistryApiErrorWatcher.logProblemDetails(ApicurioRegistryBaseIT.java:154)
	at io.apicurio.tests.ApicurioRegistryBaseIT$RegistryApiErrorWatcher.logProblemDetails(ApicurioRegistryBaseIT.java:154)
	at io.apicurio.tests.ApicurioRegistryBaseIT$RegistryApiErrorWatcher.logProblemDetails(ApicurioRegistryBaseIT.java:154)
	at io.apicurio.tests.ApicurioRegistryBaseIT$RegistryApiErrorWatcher.logProblemDetails(ApicurioRegistryBaseIT.java:154)
	at io.apicurio.tests.ApicurioRegistryBaseIT$RegistryApiErrorWatcher.logProblemDetails(ApicurioRegistryBaseIT.java:154)
	at io.apicurio.tests.ApicurioRegistryBaseIT$RegistryApiErrorWatcher.logProblemDetails(ApicurioRegistryBaseIT.java:154)
	at io.apicurio.tests.ApicurioRegistryBaseIT$RegistryApiErrorWatcher.logProblemDetails(ApicurioRegistryBaseIT.java:154)
	at io.apicurio.tests.ApicurioRegistryBaseIT$RegistryApiErrorWatcher.logProblemDetails(ApicurioRegistryBaseIT.java:154)
	at io.apicurio.tests.ApicurioRegistryBaseIT$RegistryApiErrorWatcher.logProblemDetails(ApicurioRegistryBaseIT.java:154)
	at io.apicurio.tests.ApicurioRegistryBaseIT$RegistryApiErrorWatcher.logProblemDetails(ApicurioRegistryBaseIT.java:154)
	at io.apicurio.tests.ApicurioRegistryBaseIT$RegistryApiErrorWatcher.logProblemDetails(ApicurioRegistryBaseIT.java:154)
	at io.apicurio.tests.ApicurioRegistryBaseIT$RegistryApiErrorWatcher.logProblemDetails(ApicurioRegistryBaseIT.java:154)
	at io.apicurio.tests.ApicurioRegistryBaseIT$RegistryApiErrorWatcher.logProblemDetails(ApicurioRegistryBaseIT.java:154)
	at io.apicurio.tests.ApicurioRegistryBaseIT$RegistryApiErrorWatcher.logProblemDetails(ApicurioRegistryBaseIT.java:154)
	at io.apicurio.tests.ApicurioRegistryBaseIT$RegistryApiErrorWatcher.logProblemDetails(ApicurioRegistryBaseIT.java:154)
	at io.apicurio.tests.ApicurioRegistryBaseIT$RegistryApiErrorWatcher.logProblemDetails(ApicurioRegistryBaseIT.java:154)
	at io.apicurio.tests.ApicurioRegistryBaseIT$RegistryApiErrorWatcher.logProblemDetails(ApicurioRegistryBaseIT.java:154)
	at io.apicurio.tests.ApicurioRegistryBaseIT$RegistryApiErrorWatcher.logProblemDetails(ApicurioRegistryBaseIT.java:154)
	at io.apicurio.tests.ApicurioRegistryBaseIT$RegistryApiErrorWatcher.logProblemDetails(ApicurioRegistryBaseIT.java:154)
	at io.apicurio.tests.ApicurioRegistryBaseIT$RegistryApiErrorWatcher.logProblemDetails(ApicurioRegistryBaseIT.java:154)
	at io.apicurio.tests.ApicurioRegistryBaseIT$RegistryApiErrorWatcher.logProblemDetails(ApicurioRegistryBaseIT.java:154)
	at io.apicurio.tests.ApicurioRegistryBaseIT$RegistryApiErrorWatcher.logProblemDetails(ApicurioRegistryBaseIT.java:154)
	at io.apicurio.tests.ApicurioRegistryBaseIT$RegistryApiErrorWatcher.logProblemDetails(ApicurioRegistryBaseIT.java:154)
	at io.apicurio.tests.ApicurioRegistryBaseIT$RegistryApiErrorWatcher.logProblemDetails(ApicurioRegistryBaseIT.java:154)
	at io.apicurio.tests.ApicurioRegistryBaseIT$RegistryApiErrorWatcher.logProblemDetails(ApicurioRegistryBaseIT.java:154)
	at io.apicurio.tests.ApicurioRegistryBaseIT$RegistryApiErrorWatcher.logProblemDetails(ApicurioRegistryBaseIT.java:154)
	at io.apicurio.tests.ApicurioRegistryBaseIT$RegistryApiErrorWatcher.logProblemDetails(ApicurioRegistryBaseIT.java:154)
	at io.apicurio.tests.ApicurioRegistryBaseIT$RegistryApiErrorWatcher.logProblemDetails(ApicurioRegistryBaseIT.java:154)
	at io.apicurio.tests.ApicurioRegistryBaseIT$RegistryApiErrorWatcher.logProblemDetails(ApicurioRegistryBaseIT.java:154)
	at io.apicurio.tests.ApicurioRegistryBaseIT$RegistryApiErrorWatcher.logProblemDetails(ApicurioRegistryBaseIT.java:154)
	at io.apicurio.tests.ApicurioRegistryBaseIT$RegistryApiErrorWatcher.logProblemDetails(ApicurioRegistryBaseIT.java:154)
	at io.apicurio.tests.ApicurioRegistryBaseIT$RegistryApiErrorWatcher.logProblemDetails(ApicurioRegistryBaseIT.java:154)
	at io.apicurio.tests.ApicurioRegistryBaseIT$RegistryApiErrorWatcher.logProblemDetails(ApicurioRegistryBaseIT.java:154)
	at io.apicurio.tests.ApicurioRegistryBaseIT$RegistryApiErrorWatcher.logProblemDetails(ApicurioRegistryBaseIT.java:154)
	at io.apicurio.tests.ApicurioRegistryBaseIT$RegistryApiErrorWatcher.logProblemDetails(ApicurioRegistryBaseIT.java:154)
	at io.apicurio.tests.ApicurioRegistryBaseIT$RegistryApiErrorWatcher.logProblemDetails(ApicurioRegistryBaseIT.java:154)
	at io.apicurio.tests.ApicurioRegistryBaseIT$RegistryApiErrorWatcher.logProblemDetails(ApicurioRegistryBaseIT.java:154)
	at io.apicurio.tests.ApicurioRegistryBaseIT$RegistryApiErrorWatcher.logProblemDetails(ApicurioRegistryBaseIT.java:154)
	at io.apicurio.tests.ApicurioRegistryBaseIT$RegistryApiErrorWatcher.logProblemDetails(ApicurioRegistryBaseIT.java:154)
	at io.apicurio.tests.ApicurioRegistryBaseIT$RegistryApiErrorWatcher.logProblemDetails(ApicurioRegistryBaseIT.java:154)
	at io.apicurio.tests.ApicurioRegistryBaseIT$RegistryApiErrorWatcher.logProblemDetails(ApicurioRegistryBaseIT.java:154)
	at io.apicurio.tests.ApicurioRegistryBaseIT$RegistryApiErrorWatcher.logProblemDetails(ApicurioRegistryBaseIT.java:154)
	at io.apicurio.tests.ApicurioRegistryBaseIT$RegistryApiErrorWatcher.logProblemDetails(ApicurioRegistryBaseIT.java:154)
	at io.apicurio.tests.ApicurioRegistryBaseIT$RegistryApiErrorWatcher.logProblemDetails(ApicurioRegistryBaseIT.java:154)
	at io.apicurio.tests.ApicurioRegistryBaseIT$RegistryApiErrorWatcher.logProblemDetails(ApicurioRegistryBaseIT.java:154)
	at io.apicurio.tests.ApicurioRegistryBaseIT$RegistryApiErrorWatcher.logProblemDetails(ApicurioRegistryBaseIT.java:154)
	at io.apicurio.tests.ApicurioRegistryBaseIT$RegistryApiErrorWatcher.logProblemDetails(ApicurioRegistryBaseIT.java:154)
	at io.apicurio.tests.ApicurioRegistryBaseIT$RegistryApiErrorWatcher.logProblemDetails(ApicurioRegistryBaseIT.java:154)
	at io.apicurio.tests.ApicurioRegistryBaseIT$RegistryApiErrorWatcher.logProblemDetails(ApicurioRegistryBaseIT.java:154)
	at io.apicurio.tests.ApicurioRegistryBaseIT$RegistryApiErrorWatcher.logProblemDetails(ApicurioRegistryBaseIT.java:154)
	at io.apicurio.tests.ApicurioRegistryBaseIT$RegistryApiErrorWatcher.logProblemDetails(ApicurioRegistryBaseIT.java:154)
	at io.apicurio.tests.ApicurioRegistryBaseIT$RegistryApiErrorWatcher.logProblemDetails(ApicurioRegistryBaseIT.java:154)
	at io.apicurio.tests.ApicurioRegistryBaseIT$RegistryApiErrorWatcher.logProblemDetails(ApicurioRegistryBaseIT.java:154)
	at io.apicurio.tests.ApicurioRegistryBaseIT$RegistryApiErrorWatcher.logProblemDetails(ApicurioRegistryBaseIT.java:154)
	at io.apicurio.tests.ApicurioRegistryBaseIT$RegistryApiErrorWatcher.logProblemDetails(ApicurioRegistryBaseIT.java:154)
	at io.apicurio.tests.ApicurioRegistryBaseIT$RegistryApiErrorWatcher.logProblemDetails(ApicurioRegistryBaseIT.java:154)
	at io.apicurio.tests.ApicurioRegistryBaseIT$RegistryApiErrorWatcher.logProblemDetails(ApicurioRegistryBaseIT.java:154)
	at io.apicurio.tests.ApicurioRegistryBaseIT$RegistryApiErrorWatcher.logProblemDetails(ApicurioRegistryBaseIT.java:154)
	at io.apicurio.tests.ApicurioRegistryBaseIT$RegistryApiErrorWatcher.logProblemDetails(ApicurioRegistryBaseIT.java:154)
	at io.apicurio.tests.ApicurioRegistryBaseIT$RegistryApiErrorWatcher.logProblemDetails(ApicurioRegistryBaseIT.java:154)
	at io.apicurio.tests.ApicurioRegistryBaseIT$RegistryApiErrorWatcher.logProblemDetails(ApicurioRegistryBaseIT.java:154)
	at io.apicurio.tests.ApicurioRegistryBaseIT$RegistryApiErrorWatcher.logProblemDetails(ApicurioRegistryBaseIT.java:154)
	at io.apicurio.tests.ApicurioRegistryBaseIT$RegistryApiErrorWatcher.logProblemDetails(ApicurioRegistryBaseIT.java:154)
	at io.apicurio.tests.ApicurioRegistryBaseIT$RegistryApiErrorWatcher.logProblemDetails(ApicurioRegistryBaseIT.java:154)
	at io.apicurio.tests.ApicurioRegistryBaseIT$RegistryApiErrorWatcher.logProblemDetails(ApicurioRegistryBaseIT.java:154)
	at io.apicurio.tests.ApicurioRegistryBaseIT$RegistryApiErrorWatcher.logProblemDetails(ApicurioRegistryBaseIT.java:154)
	at io.apicurio.tests.ApicurioRegistryBaseIT$RegistryApiErrorWatcher.logProblemDetails(ApicurioRegistryBaseIT.java:154)
	at io.apicurio.tests.ApicurioRegistryBaseIT$RegistryApiErrorWatcher.logProblemDetails(ApicurioRegistryBaseIT.java:154)
	at io.apicurio.tests.ApicurioRegistryBaseIT$RegistryApiErrorWatcher.logProblemDetails(ApicurioRegistryBaseIT.java:154)
	at io.apicurio.tests.ApicurioRegistryBaseIT$RegistryApiErrorWatcher.logProblemDetails(ApicurioRegistryBaseIT.java:154)
	at io.apicurio.tests.ApicurioRegistryBaseIT$RegistryApiErrorWatcher.logProblemDetails(ApicurioRegistryBaseIT.java:154)
	at io.apicurio.tests.ApicurioRegistryBaseIT$RegistryApiErrorWatcher.logProblemDetails(ApicurioRegistryBaseIT.java:154)
	at io.apicurio.tests.ApicurioRegistryBaseIT$RegistryApiErrorWatcher.logProblemDetails(ApicurioRegistryBaseIT.java:154)
	at io.apicurio.tests.ApicurioRegistryBaseIT$RegistryApiErrorWatcher.logProblemDetails(ApicurioRegistryBaseIT.java:154)
	at io.apicurio.tests.ApicurioRegistryBaseIT$RegistryApiErrorWatcher.logProblemDetails(ApicurioRegistryBaseIT.java:154)
	at io.apicurio.tests.ApicurioRegistryBaseIT$RegistryApiErrorWatcher.logProblemDetails(ApicurioRegistryBaseIT.java:154)
	at io.apicurio.tests.ApicurioRegistryBaseIT$RegistryApiErrorWatcher.logProblemDetails(ApicurioRegistryBaseIT.java:154)
	at io.apicurio.tests.ApicurioRegistryBaseIT$RegistryApiErrorWatcher.logProblemDetails(ApicurioRegistryBaseIT.java:154)
	at io.apicurio.tests.ApicurioRegistryBaseIT$RegistryApiErrorWatcher.logProblemDetails(ApicurioRegistryBaseIT.java:154)
	at io.apicurio.tests.ApicurioRegistryBaseIT$RegistryApiErrorWatcher.logProblemDetails(ApicurioRegistryBaseIT.java:154)
	at io.apicurio.tests.ApicurioRegistryBaseIT$RegistryApiErrorWatcher.logProblemDetails(ApicurioRegistryBaseIT.java:154)
	at io.apicurio.tests.ApicurioRegistryBaseIT$RegistryApiErrorWatcher.logProblemDetails(ApicurioRegistryBaseIT.java:154)
	at io.apicurio.tests.ApicurioRegistryBaseIT$RegistryApiErrorWatcher.logProblemDetails(ApicurioRegistryBaseIT.java:154)
	at io.apicurio.tests.ApicurioRegistryBaseIT$RegistryApiErrorWatcher.logProblemDetails(ApicurioRegistryBaseIT.java:154)
	at io.apicurio.tests.ApicurioRegistryBaseIT$RegistryApiErrorWatcher.logProblemDetails(ApicurioRegistryBaseIT.java:154)
	at io.apicurio.tests.ApicurioRegistryBaseIT$RegistryApiErrorWatcher.logProblemDetails(ApicurioRegistryBaseIT.java:154)
	at io.apicurio.tests.ApicurioRegistryBaseIT$RegistryApiErrorWatcher.logProblemDetails(ApicurioRegistryBaseIT.java:154)
	at io.apicurio.tests.ApicurioRegistryBaseIT$RegistryApiErrorWatcher.logProblemDetails(ApicurioRegistryBaseIT.java:154)
	at io.apicurio.tests.ApicurioRegistryBaseIT$RegistryApiErrorWatcher.logProblemDetails(ApicurioRegistryBaseIT.java:154)
	at io.apicurio.tests.ApicurioRegistryBaseIT$RegistryApiErrorWatcher.logProblemDetails(ApicurioRegistryBaseIT.java:154)
	at io.apicurio.tests.ApicurioRegistryBaseIT$RegistryApiErrorWatcher.logProblemDetails(ApicurioRegistryBaseIT.java:154)
	at io.apicurio.tests.ApicurioRegistryBaseIT$RegistryApiErrorWatcher.logProblemDetails(ApicurioRegistryBaseIT.java:154)
	at io.apicurio.tests.ApicurioRegistryBaseIT$RegistryApiErrorWatcher.logProblemDetails(ApicurioRegistryBaseIT.java:154)
	at io.apicurio.tests.ApicurioRegistryBaseIT$RegistryApiErrorWatcher.logProblemDetails(ApicurioRegistryBaseIT.java:154)
	at io.apicurio.tests.ApicurioRegistryBaseIT$RegistryApiErrorWatcher.logProblemDetails(ApicurioRegistryBaseIT.java:154)
	at io.apicurio.tests.ApicurioRegistryBaseIT$RegistryApiErrorWatcher.logProblemDetails(ApicurioRegistryBaseIT.java:154)
	at io.apicurio.tests.ApicurioRegistryBaseIT$RegistryApiErrorWatcher.logProblemDetails(ApicurioRegistryBaseIT.java:154)
	at io.apicurio.tests.ApicurioRegistryBaseIT$RegistryApiErrorWatcher.logProblemDetails(ApicurioRegistryBaseIT.java:154)
	at io.apicurio.tests.ApicurioRegistryBaseIT$RegistryApiErrorWatcher.logProblemDetails(ApicurioRegistryBaseIT.java:154)
	at io.apicurio.tests.ApicurioRegistryBaseIT$RegistryApiErrorWatcher.logProblemDetails(ApicurioRegistryBaseIT.java:154)
	at io.apicurio.tests.ApicurioRegistryBaseIT$RegistryApiErrorWatcher.logProblemDetails(ApicurioRegistryBaseIT.java:154)
	at io.apicurio.tests.ApicurioRegistryBaseIT$RegistryApiErrorWatcher.logProblemDetails(ApicurioRegistryBaseIT.java:154)
	at io.apicurio.tests.ApicurioRegistryBaseIT$RegistryApiErrorWatcher.logProblemDetails(ApicurioRegistryBaseIT.java:154)
	at io.apicurio.tests.ApicurioRegistryBaseIT$RegistryApiErrorWatcher.logProblemDetails(ApicurioRegistryBaseIT.java:154)
	at io.apicurio.tests.ApicurioRegistryBaseIT$RegistryApiErrorWatcher.logProblemDetails(ApicurioRegistryBaseIT.java:154)
	at io.apicurio.tests.ApicurioRegistryBaseIT$RegistryApiErrorWatcher.logProblemDetails(ApicurioRegistryBaseIT.java:154)
	at io.apicurio.tests.ApicurioRegistryBaseIT$RegistryApiErrorWatcher.logProblemDetails(ApicurioRegistryBaseIT.java:154)
	at io.apicurio.tests.ApicurioRegistryBaseIT$RegistryApiErrorWatcher.logProblemDetails(ApicurioRegistryBaseIT.java:154)
	at io.apicurio.tests.ApicurioRegistryBaseIT$RegistryApiErrorWatcher.logProblemDetails(ApicurioRegistryBaseIT.java:154)
	at io.apicurio.tests.ApicurioRegistryBaseIT$RegistryApiErrorWatcher.logProblemDetails(ApicurioRegistryBaseIT.java:154)
	at io.apicurio.tests.ApicurioRegistryBaseIT$RegistryApiErrorWatcher.logProblemDetails(ApicurioRegistryBaseIT.java:154)
	at io.apicurio.tests.ApicurioRegistryBaseIT$RegistryApiErrorWatcher.logProblemDetails(ApicurioRegistryBaseIT.java:154)
	at io.apicurio.tests.ApicurioRegistryBaseIT$RegistryApiErrorWatcher.logProblemDetails(ApicurioRegistryBaseIT.java:154)
	at io.apicurio.tests.ApicurioRegistryBaseIT$RegistryApiErrorWatcher.logProblemDetails(ApicurioRegistryBaseIT.java:154)
	at io.apicurio.tests.ApicurioRegistryBaseIT$RegistryApiErrorWatcher.logProblemDetails(ApicurioRegistryBaseIT.java:154)
	at io.apicurio.tests.ApicurioRegistryBaseIT$RegistryApiErrorWatcher.logProblemDetails(ApicurioRegistryBaseIT.java:154)
	at io.apicurio.tests.ApicurioRegistryBaseIT$RegistryApiErrorWatcher.logProblemDetails(ApicurioRegistryBaseIT.java:154)
	at io.apicurio.tests.ApicurioRegistryBaseIT$RegistryApiErrorWatcher.logProblemDetails(ApicurioRegistryBaseIT.java:154)
	at io.apicurio.tests.ApicurioRegistryBaseIT$RegistryApiErrorWatcher.logProblemDetails(ApicurioRegistryBaseIT.java:154)
	at io.apicurio.tests.ApicurioRegistryBaseIT$RegistryApiErrorWatcher.logProblemDetails(ApicurioRegistryBaseIT.java:154)
	at io.apicurio.tests.ApicurioRegistryBaseIT$RegistryApiErrorWatcher.logProblemDetails(ApicurioRegistryBaseIT.java:154)
	at io.apicurio.tests.ApicurioRegistryBaseIT$RegistryApiErrorWatcher.logProblemDetails(ApicurioRegistryBaseIT.java:154)
	at io.apicurio.tests.ApicurioRegistryBaseIT$RegistryApiErrorWatcher.logProblemDetails(ApicurioRegistryBaseIT.java:154)
	at io.apicurio.tests.ApicurioRegistryBaseIT$RegistryApiErrorWatcher.logProblemDetails(ApicurioRegistryBaseIT.java:154)
	at io.apicurio.tests.ApicurioRegistryBaseIT$RegistryApiErrorWatcher.logProblemDetails(ApicurioRegistryBaseIT.java:154)
	at io.apicurio.tests.ApicurioRegistryBaseIT$RegistryApiErrorWatcher.logProblemDetails(ApicurioRegistryBaseIT.java:154)
	at io.apicurio.tests.ApicurioRegistryBaseIT$RegistryApiErrorWatcher.logProblemDetails(ApicurioRegistryBaseIT.java:154)
	at io.apicurio.tests.ApicurioRegistryBaseIT$RegistryApiErrorWatcher.logProblemDetails(ApicurioRegistryBaseIT.java:154)
	at io.apicurio.tests.ApicurioRegistryBaseIT$RegistryApiErrorWatcher.logProblemDetails(ApicurioRegistryBaseIT.java:154)
	at io.apicurio.tests.ApicurioRegistryBaseIT$RegistryApiErrorWatcher.logProblemDetails(ApicurioRegistryBaseIT.java:154)
	at io.apicurio.tests.ApicurioRegistryBaseIT$RegistryApiErrorWatcher.logProblemDetails(ApicurioRegistryBaseIT.java:154)
	at io.apicurio.tests.ApicurioRegistryBaseIT$RegistryApiErrorWatcher.logProblemDetails(ApicurioRegistryBaseIT.java:154)
	at io.apicurio.tests.ApicurioRegistryBaseIT$RegistryApiErrorWatcher.logProblemDetails(ApicurioRegistryBaseIT.java:154)
	at io.apicurio.tests.ApicurioRegistryBaseIT$RegistryApiErrorWatcher.logProblemDetails(ApicurioRegistryBaseIT.java:154)
	at io.apicurio.tests.ApicurioRegistryBaseIT$RegistryApiErrorWatcher.logProblemDetails(ApicurioRegistryBaseIT.java:154)
	at io.apicurio.tests.ApicurioRegistryBaseIT$RegistryApiErrorWatcher.logProblemDetails(ApicurioRegistryBaseIT.java:154)
	at io.apicurio.tests.ApicurioRegistryBaseIT$RegistryApiErrorWatcher.logProblemDetails(ApicurioRegistryBaseIT.java:154)
	at io.apicurio.tests.ApicurioRegistryBaseIT$RegistryApiErrorWatcher.logProblemDetails(ApicurioRegistryBaseIT.java:154)
	at io.apicurio.tests.ApicurioRegistryBaseIT$RegistryApiErrorWatcher.logProblemDetails(ApicurioRegistryBaseIT.java:154)
	at io.apicurio.tests.ApicurioRegistryBaseIT$RegistryApiErrorWatcher.logProblemDetails(ApicurioRegistryBaseIT.java:154)
	at io.apicurio.tests.ApicurioRegistryBaseIT$RegistryApiErrorWatcher.logProblemDetails(ApicurioRegistryBaseIT.java:154)
	at io.apicurio.tests.ApicurioRegistryBaseIT$RegistryApiErrorWatcher.logProblemDetails(ApicurioRegistryBaseIT.java:154)
	at io.apicurio.tests.ApicurioRegistryBaseIT$RegistryApiErrorWatcher.logProblemDetails(ApicurioRegistryBaseIT.java:154)
	at io.apicurio.tests.ApicurioRegistryBaseIT$RegistryApiErrorWatcher.logProblemDetails(ApicurioRegistryBaseIT.java:154)
	at io.apicurio.tests.ApicurioRegistryBaseIT$RegistryApiErrorWatcher.logProblemDetails(ApicurioRegistryBaseIT.java:154)
	at io.apicurio.tests.ApicurioRegistryBaseIT$RegistryApiErrorWatcher.logProblemDetails(ApicurioRegistryBaseIT.java:154)
	at io.apicurio.tests.ApicurioRegistryBaseIT$RegistryApiErrorWatcher.logProblemDetails(ApicurioRegistryBaseIT.java:154)
	at io.apicurio.tests.ApicurioRegistryBaseIT$RegistryApiErrorWatcher.logProblemDetails(ApicurioRegistryBaseIT.java:154)
	at io.apicurio.tests.ApicurioRegistryBaseIT$RegistryApiErrorWatcher.logProblemDetails(ApicurioRegistryBaseIT.java:154)
	at io.apicurio.tests.ApicurioRegistryBaseIT$RegistryApiErrorWatcher.logProblemDetails(ApicurioRegistryBaseIT.java:154)
	at io.apicurio.tests.ApicurioRegistryBaseIT$RegistryApiErrorWatcher.logProblemDetails(ApicurioRegistryBaseIT.java:154)
	at io.apicurio.tests.ApicurioRegistryBaseIT$RegistryApiErrorWatcher.logProblemDetails(ApicurioRegistryBaseIT.java:154)
	at io.apicurio.tests.ApicurioRegistryBaseIT$RegistryApiErrorWatcher.logProblemDetails(ApicurioRegistryBaseIT.java:154)
	at io.apicurio.tests.ApicurioRegistryBaseIT$RegistryApiErrorWatcher.logProblemDetails(ApicurioRegistryBaseIT.java:154)
	at io.apicurio.tests.ApicurioRegistryBaseIT$RegistryApiErrorWatcher.logProblemDetails(ApicurioRegistryBaseIT.java:154)
	at io.apicurio.tests.ApicurioRegistryBaseIT$RegistryApiErrorWatcher.logProblemDetails(ApicurioRegistryBaseIT.java:154)
	at io.apicurio.tests.ApicurioRegistryBaseIT$RegistryApiErrorWatcher.logProblemDetails(ApicurioRegistryBaseIT.java:154)
	at io.apicurio.tests.ApicurioRegistryBaseIT$RegistryApiErrorWatcher.logProblemDetails(ApicurioRegistryBaseIT.java:154)
	at io.apicurio.tests.ApicurioRegistryBaseIT$RegistryApiErrorWatcher.logProblemDetails(ApicurioRegistryBaseIT.java:154)
	at io.apicurio.tests.ApicurioRegistryBaseIT$RegistryApiErrorWatcher.logProblemDetails(ApicurioRegistryBaseIT.java:154)
	at io.apicurio.tests.ApicurioRegistryBaseIT$RegistryApiErrorWatcher.logProblemDetails(ApicurioRegistryBaseIT.java:154)
	at io.apicurio.tests.ApicurioRegistryBaseIT$RegistryApiErrorWatcher.logProblemDetails(ApicurioRegistryBaseIT.java:154)
	at io.apicurio.tests.ApicurioRegistryBaseIT$RegistryApiErrorWatcher.logProblemDetails(ApicurioRegistryBaseIT.java:154)
	at io.apicurio.tests.ApicurioRegistryBaseIT$RegistryApiErrorWatcher.logProblemDetails(ApicurioRegistryBaseIT.java:154)
	at io.apicurio.tests.ApicurioRegistryBaseIT$RegistryApiErrorWatcher.logProblemDetails(ApicurioRegistryBaseIT.java:154)
	at io.apicurio.tests.ApicurioRegistryBaseIT$RegistryApiErrorWatcher.logProblemDetails(ApicurioRegistryBaseIT.java:154)
	at io.apicurio.tests.ApicurioRegistryBaseIT$RegistryApiErrorWatcher.logProblemDetails(ApicurioRegistryBaseIT.java:154)
	at io.apicurio.tests.ApicurioRegistryBaseIT$RegistryApiErrorWatcher.logProblemDetails(ApicurioRegistryBaseIT.java:154)
	at io.apicurio.tests.ApicurioRegistryBaseIT$RegistryApiErrorWatcher.logProblemDetails(ApicurioRegistryBaseIT.java:154)
	at io.apicurio.tests.ApicurioRegistryBaseIT$RegistryApiErrorWatcher.logProblemDetails(ApicurioRegistryBaseIT.java:154)
	at io.apicurio.tests.ApicurioRegistryBaseIT$RegistryApiErrorWatcher.logProblemDetails(ApicurioRegistryBaseIT.java:154)
	at io.apicurio.tests.ApicurioRegistryBaseIT$RegistryApiErrorWatcher.logProblemDetails(ApicurioRegistryBaseIT.java:154)
	at io.apicurio.tests.ApicurioRegistryBaseIT$RegistryApiErrorWatcher.logProblemDetails(ApicurioRegistryBaseIT.java:154)
	at io.apicurio.tests.ApicurioRegistryBaseIT$RegistryApiErrorWatcher.logProblemDetails(ApicurioRegistryBaseIT.java:154)
	at io.apicurio.tests.ApicurioRegistryBaseIT$RegistryApiErrorWatcher.logProblemDetails(ApicurioRegistryBaseIT.java:154)
	at io.apicurio.tests.ApicurioRegistryBaseIT$RegistryApiErrorWatcher.logProblemDetails(ApicurioRegistryBaseIT.java:154)
	at io.apicurio.tests.ApicurioRegistryBaseIT$RegistryApiErrorWatcher.logProblemDetails(ApicurioRegistryBaseIT.java:154)
	at io.apicurio.tests.ApicurioRegistryBaseIT$RegistryApiErrorWatcher.logProblemDetails(ApicurioRegistryBaseIT.java:154)
	at io.apicurio.tests.ApicurioRegistryBaseIT$RegistryApiErrorWatcher.logProblemDetails(ApicurioRegistryBaseIT.java:154)
	at io.apicurio.tests.ApicurioRegistryBaseIT$RegistryApiErrorWatcher.logProblemDetails(ApicurioRegistryBaseIT.java:154)
	at io.apicurio.tests.ApicurioRegistryBaseIT$RegistryApiErrorWatcher.logProblemDetails(ApicurioRegistryBaseIT.java:154)
	at io.apicurio.tests.ApicurioRegistryBaseIT$RegistryApiErrorWatcher.logProblemDetails(ApicurioRegistryBaseIT.java:154)
	at io.apicurio.tests.ApicurioRegistryBaseIT$RegistryApiErrorWatcher.logProblemDetails(ApicurioRegistryBaseIT.java:154)
	at io.apicurio.tests.ApicurioRegistryBaseIT$RegistryApiErrorWatcher.logProblemDetails(ApicurioRegistryBaseIT.java:154)
	at io.apicurio.tests.ApicurioRegistryBaseIT$RegistryApiErrorWatcher.logProblemDetails(ApicurioRegistryBaseIT.java:154)
	at io.apicurio.tests.ApicurioRegistryBaseIT$RegistryApiErrorWatcher.logProblemDetails(ApicurioRegistryBaseIT.java:154)
	at io.apicurio.tests.ApicurioRegistryBaseIT$RegistryApiErrorWatcher.logProblemDetails(ApicurioRegistryBaseIT.java:154)
	at io.apicurio.tests.ApicurioRegistryBaseIT$RegistryApiErrorWatcher.logProblemDetails(ApicurioRegistryBaseIT.java:154)
	at io.apicurio.tests.ApicurioRegistryBaseIT$RegistryApiErrorWatcher.logProblemDetails(ApicurioRegistryBaseIT.java:154)
	at io.apicurio.tests.ApicurioRegistryBaseIT$RegistryApiErrorWatcher.logProblemDetails(ApicurioRegistryBaseIT.java:154)
	at io.apicurio.tests.ApicurioRegistryBaseIT$RegistryApiErrorWatcher.logProblemDetails(ApicurioRegistryBaseIT.java:154)
	at io.apicurio.tests.ApicurioRegistryBaseIT$RegistryApiErrorWatcher.logProblemDetails(ApicurioRegistryBaseIT.java:154)
	at io.apicurio.tests.ApicurioRegistryBaseIT$RegistryApiErrorWatcher.logProblemDetails(ApicurioRegistryBaseIT.java:154)
	at io.apicurio.tests.ApicurioRegistryBaseIT$RegistryApiErrorWatcher.logProblemDetails(ApicurioRegistryBaseIT.java:154)
	at io.apicurio.tests.ApicurioRegistryBaseIT$RegistryApiErrorWatcher.logProblemDetails(ApicurioRegistryBaseIT.java:154)
	at io.apicurio.tests.ApicurioRegistryBaseIT$RegistryApiErrorWatcher.logProblemDetails(ApicurioRegistryBaseIT.java:154)
	at io.apicurio.tests.ApicurioRegistryBaseIT$RegistryApiErrorWatcher.logProblemDetails(ApicurioRegistryBaseIT.java:154)
	at io.apicurio.tests.ApicurioRegistryBaseIT$RegistryApiErrorWatcher.logProblemDetails(ApicurioRegistryBaseIT.java:154)
	at io.apicurio.tests.ApicurioRegistryBaseIT$RegistryApiErrorWatcher.logProblemDetails(ApicurioRegistryBaseIT.java:154)
	at io.apicurio.tests.ApicurioRegistryBaseIT$RegistryApiErrorWatcher.logProblemDetails(ApicurioRegistryBaseIT.java:154)
	at io.apicurio.tests.ApicurioRegistryBaseIT$RegistryApiErrorWatcher.logProblemDetails(ApicurioRegistryBaseIT.java:154)
	at io.apicurio.tests.ApicurioRegistryBaseIT$RegistryApiErrorWatcher.logProblemDetails(ApicurioRegistryBaseIT.java:154)
	at io.apicurio.tests.ApicurioRegistryBaseIT$RegistryApiErrorWatcher.logProblemDetails(ApicurioRegistryBaseIT.java:154)
	at io.apicurio.tests.ApicurioRegistryBaseIT$RegistryApiErrorWatcher.logProblemDetails(ApicurioRegistryBaseIT.java:154)
	at io.apicurio.tests.ApicurioRegistryBaseIT$RegistryApiErrorWatcher.logProblemDetails(ApicurioRegistryBaseIT.java:154)
	at io.apicurio.tests.ApicurioRegistryBaseIT$RegistryApiErrorWatcher.logProblemDetails(ApicurioRegistryBaseIT.java:154)
	at io.apicurio.tests.ApicurioRegistryBaseIT$RegistryApiErrorWatcher.logProblemDetails(ApicurioRegistryBaseIT.java:154)
	at io.apicurio.tests.ApicurioRegistryBaseIT$RegistryApiErrorWatcher.logProblemDetails(ApicurioRegistryBaseIT.java:154)
	at io.apicurio.tests.ApicurioRegistryBaseIT$RegistryApiErrorWatcher.logProblemDetails(ApicurioRegistryBaseIT.java:154)
	at io.apicurio.tests.ApicurioRegistryBaseIT$RegistryApiErrorWatcher.logProblemDetails(ApicurioRegistryBaseIT.java:154)
	at io.apicurio.tests.ApicurioRegistryBaseIT$RegistryApiErrorWatcher.logProblemDetails(ApicurioRegistryBaseIT.java:154)
	at io.apicurio.tests.ApicurioRegistryBaseIT$RegistryApiErrorWatcher.logProblemDetails(ApicurioRegistryBaseIT.java:154)
	at io.apicurio.tests.ApicurioRegistryBaseIT$RegistryApiErrorWatcher.logProblemDetails(ApicurioRegistryBaseIT.java:154)
	at io.apicurio.tests.ApicurioRegistryBaseIT$RegistryApiErrorWatcher.logProblemDetails(ApicurioRegistryBaseIT.java:154)
	at io.apicurio.tests.ApicurioRegistryBaseIT$RegistryApiErrorWatcher.logProblemDetails(ApicurioRegistryBaseIT.java:154)
	at io.apicurio.tests.ApicurioRegistryBaseIT$RegistryApiErrorWatcher.logProblemDetails(ApicurioRegistryBaseIT.java:154)
	at io.apicurio.tests.ApicurioRegistryBaseIT$RegistryApiErrorWatcher.logProblemDetails(ApicurioRegistryBaseIT.java:154)
	at io.apicurio.tests.ApicurioRegistryBaseIT$RegistryApiErrorWatcher.logProblemDetails(ApicurioRegistryBaseIT.java:154)
	at io.apicurio.tests.ApicurioRegistryBaseIT$RegistryApiErrorWatcher.logProblemDetails(ApicurioRegistryBaseIT.java:154)
	at io.apicurio.tests.ApicurioRegistryBaseIT$RegistryApiErrorWatcher.logProblemDetails(ApicurioRegistryBaseIT.java:154)
	at io.apicurio.tests.ApicurioRegistryBaseIT$RegistryApiErrorWatcher.logProblemDetails(ApicurioRegistryBaseIT.java:154)
	at io.apicurio.tests.ApicurioRegistryBaseIT$RegistryApiErrorWatcher.logProblemDetails(ApicurioRegistryBaseIT.java:154)
	at io.apicurio.tests.ApicurioRegistryBaseIT$RegistryApiErrorWatcher.logProblemDetails(ApicurioRegistryBaseIT.java:154)
	at io.apicurio.tests.ApicurioRegistryBaseIT$RegistryApiErrorWatcher.logProblemDetails(ApicurioRegistryBaseIT.java:154)
	at io.apicurio.tests.ApicurioRegistryBaseIT$RegistryApiErrorWatcher.logProblemDetails(ApicurioRegistryBaseIT.java:154)
	at io.apicurio.tests.ApicurioRegistryBaseIT$RegistryApiErrorWatcher.logProblemDetails(ApicurioRegistryBaseIT.java:154)
	at io.apicurio.tests.ApicurioRegistryBaseIT$RegistryApiErrorWatcher.logProblemDetails(ApicurioRegistryBaseIT.java:154)
	at io.apicurio.tests.ApicurioRegistryBaseIT$RegistryApiErrorWatcher.logProblemDetails(ApicurioRegistryBaseIT.java:154)
	at io.apicurio.tests.ApicurioRegistryBaseIT$RegistryApiErrorWatcher.logProblemDetails(ApicurioRegistryBaseIT.java:154)
	at io.apicurio.tests.ApicurioRegistryBaseIT$RegistryApiErrorWatcher.logProblemDetails(ApicurioRegistryBaseIT.java:154)
	at io.apicurio.tests.ApicurioRegistryBaseIT$RegistryApiErrorWatcher.logProblemDetails(ApicurioRegistryBaseIT.java:154)
	at io.apicurio.tests.ApicurioRegistryBaseIT$RegistryApiErrorWatcher.logProblemDetails(ApicurioRegistryBaseIT.java:154)
	at io.apicurio.tests.ApicurioRegistryBaseIT$RegistryApiErrorWatcher.logProblemDetails(ApicurioRegistryBaseIT.java:154)
	at io.apicurio.tests.ApicurioRegistryBaseIT$RegistryApiErrorWatcher.logProblemDetails(ApicurioRegistryBaseIT.java:154)
	at io.apicurio.tests.ApicurioRegistryBaseIT$RegistryApiErrorWatcher.logProblemDetails(ApicurioRegistryBaseIT.java:154)
	at io.apicurio.tests.ApicurioRegistryBaseIT$RegistryApiErrorWatcher.logProblemDetails(ApicurioRegistryBaseIT.java:154)
	at io.apicurio.tests.ApicurioRegistryBaseIT$RegistryApiErrorWatcher.logProblemDetails(ApicurioRegistryBaseIT.java:154)
	at io.apicurio.tests.ApicurioRegistryBaseIT$RegistryApiErrorWatcher.logProblemDetails(ApicurioRegistryBaseIT.java:154)
	at io.apicurio.tests.ApicurioRegistryBaseIT$RegistryApiErrorWatcher.logProblemDetails(ApicurioRegistryBaseIT.java:154)
	at io.apicurio.tests.ApicurioRegistryBaseIT$RegistryApiErrorWatcher.logProblemDetails(ApicurioRegistryBaseIT.java:154)
	at io.apicurio.tests.ApicurioRegistryBaseIT$RegistryApiErrorWatcher.logProblemDetails(ApicurioRegistryBaseIT.java:154)
	at io.apicurio.tests.ApicurioRegistryBaseIT$RegistryApiErrorWatcher.logProblemDetails(ApicurioRegistryBaseIT.java:154)
	at io.apicurio.tests.ApicurioRegistryBaseIT$RegistryApiErrorWatcher.logProblemDetails(ApicurioRegistryBaseIT.java:154)
	at io.apicurio.tests.ApicurioRegistryBaseIT$RegistryApiErrorWatcher.logProblemDetails(ApicurioRegistryBaseIT.java:154)
	at io.apicurio.tests.ApicurioRegistryBaseIT$RegistryApiErrorWatcher.logProblemDetails(ApicurioRegistryBaseIT.java:154)
	at io.apicurio.tests.ApicurioRegistryBaseIT$RegistryApiErrorWatcher.logProblemDetails(ApicurioRegistryBaseIT.java:154)
	at io.apicurio.tests.ApicurioRegistryBaseIT$RegistryApiErrorWatcher.logProblemDetails(ApicurioRegistryBaseIT.java:154)
	at io.apicurio.tests.ApicurioRegistryBaseIT$RegistryApiErrorWatcher.logProblemDetails(ApicurioRegistryBaseIT.java:154)
	at io.apicurio.tests.ApicurioRegistryBaseIT$RegistryApiErrorWatcher.logProblemDetails(ApicurioRegistryBaseIT.java:154)
	at io.apicurio.tests.ApicurioRegistryBaseIT$RegistryApiErrorWatcher.logProblemDetails(ApicurioRegistryBaseIT.java:154)
	at io.apicurio.tests.ApicurioRegistryBaseIT$RegistryApiErrorWatcher.logProblemDetails(ApicurioRegistryBaseIT.java:154)
	at io.apicurio.tests.ApicurioRegistryBaseIT$RegistryApiErrorWatcher.logProblemDetails(ApicurioRegistryBaseIT.java:154)
	at io.apicurio.tests.ApicurioRegistryBaseIT$RegistryApiErrorWatcher.logProblemDetails(ApicurioRegistryBaseIT.java:154)
	at io.apicurio.tests.ApicurioRegistryBaseIT$RegistryApiErrorWatcher.logProblemDetails(ApicurioRegistryBaseIT.java:154)
	at io.apicurio.tests.ApicurioRegistryBaseIT$RegistryApiErrorWatcher.logProblemDetails(ApicurioRegistryBaseIT.java:154)
	at io.apicurio.tests.ApicurioRegistryBaseIT$RegistryApiErrorWatcher.logProblemDetails(ApicurioRegistryBaseIT.java:154)
	at io.apicurio.tests.ApicurioRegistryBaseIT$RegistryApiErrorWatcher.logProblemDetails(ApicurioRegistryBaseIT.java:154)
	at io.apicurio.tests.ApicurioRegistryBaseIT$RegistryApiErrorWatcher.logProblemDetails(ApicurioRegistryBaseIT.java:154)
	at io.apicurio.tests.ApicurioRegistryBaseIT$RegistryApiErrorWatcher.logProblemDetails(ApicurioRegistryBaseIT.java:154)
	at io.apicurio.tests.ApicurioRegistryBaseIT$RegistryApiErrorWatcher.logProblemDetails(ApicurioRegistryBaseIT.java:154)
	at io.apicurio.tests.ApicurioRegistryBaseIT$RegistryApiErrorWatcher.logProblemDetails(ApicurioRegistryBaseIT.java:154)
	at io.apicurio.tests.ApicurioRegistryBaseIT$RegistryApiErrorWatcher.logProblemDetails(ApicurioRegistryBaseIT.java:154)
	at io.apicurio.tests.ApicurioRegistryBaseIT$RegistryApiErrorWatcher.logProblemDetails(ApicurioRegistryBaseIT.java:154)
	at io.apicurio.tests.ApicurioRegistryBaseIT$RegistryApiErrorWatcher.logProblemDetails(ApicurioRegistryBaseIT.java:154)
	at io.apicurio.tests.ApicurioRegistryBaseIT$RegistryApiErrorWatcher.logProblemDetails(ApicurioRegistryBaseIT.java:154)
	at io.apicurio.tests.ApicurioRegistryBaseIT$RegistryApiErrorWatcher.logProblemDetails(ApicurioRegistryBaseIT.java:154)
	at io.apicurio.tests.ApicurioRegistryBaseIT$RegistryApiErrorWatcher.logProblemDetails(ApicurioRegistryBaseIT.java:154)
	at io.apicurio.tests.ApicurioRegistryBaseIT$RegistryApiErrorWatcher.logProblemDetails(ApicurioRegistryBaseIT.java:154)
	at io.apicurio.tests.ApicurioRegistryBaseIT$RegistryApiErrorWatcher.logProblemDetails(ApicurioRegistryBaseIT.java:154)
	at io.apicurio.tests.ApicurioRegistryBaseIT$RegistryApiErrorWatcher.logProblemDetails(ApicurioRegistryBaseIT.java:154)
	at io.apicurio.tests.ApicurioRegistryBaseIT$RegistryApiErrorWatcher.logProblemDetails(ApicurioRegistryBaseIT.java:154)
	at io.apicurio.tests.ApicurioRegistryBaseIT$RegistryApiErrorWatcher.logProblemDetails(ApicurioRegistryBaseIT.java:154)
	at io.apicurio.tests.ApicurioRegistryBaseIT$RegistryApiErrorWatcher.logProblemDetails(ApicurioRegistryBaseIT.java:154)
	at io.apicurio.tests.ApicurioRegistryBaseIT$RegistryApiErrorWatcher.logProblemDetails(ApicurioRegistryBaseIT.java:154)
	at io.apicurio.tests.ApicurioRegistryBaseIT$RegistryApiErrorWatcher.logProblemDetails(ApicurioRegistryBaseIT.java:154)
	at io.apicurio.tests.ApicurioRegistryBaseIT$RegistryApiErrorWatcher.logProblemDetails(ApicurioRegistryBaseIT.java:154)
	at io.apicurio.tests.ApicurioRegistryBaseIT$RegistryApiErrorWatcher.logProblemDetails(ApicurioRegistryBaseIT.java:154)
	at io.apicurio.tests.ApicurioRegistryBaseIT$RegistryApiErrorWatcher.logProblemDetails(ApicurioRegistryBaseIT.java:154)
	at io.apicurio.tests.ApicurioRegistryBaseIT$RegistryApiErrorWatcher.logProblemDetails(ApicurioRegistryBaseIT.java:154)
	at io.apicurio.tests.ApicurioRegistryBaseIT$RegistryApiErrorWatcher.logProblemDetails(ApicurioRegistryBaseIT.java:154)
	at io.apicurio.tests.ApicurioRegistryBaseIT$RegistryApiErrorWatcher.logProblemDetails(ApicurioRegistryBaseIT.java:154)
	at io.apicurio.tests.ApicurioRegistryBaseIT$RegistryApiErrorWatcher.logProblemDetails(ApicurioRegistryBaseIT.java:154)
	at io.apicurio.tests.ApicurioRegistryBaseIT$RegistryApiErrorWatcher.logProblemDetails(ApicurioRegistryBaseIT.java:154)
	at io.apicurio.tests.ApicurioRegistryBaseIT$RegistryApiErrorWatcher.logProblemDetails(ApicurioRegistryBaseIT.java:154)
	at io.apicurio.tests.ApicurioRegistryBaseIT$RegistryApiErrorWatcher.logProblemDetails(ApicurioRegistryBaseIT.java:154)
	at io.apicurio.tests.ApicurioRegistryBaseIT$RegistryApiErrorWatcher.logProblemDetails(ApicurioRegistryBaseIT.java:154)
	at io.apicurio.tests.ApicurioRegistryBaseIT$RegistryApiErrorWatcher.logProblemDetails(ApicurioRegistryBaseIT.java:154)
	at io.apicurio.tests.ApicurioRegistryBaseIT$RegistryApiErrorWatcher.logProblemDetails(ApicurioRegistryBaseIT.java:154)
	at io.apicurio.tests.ApicurioRegistryBaseIT$RegistryApiErrorWatcher.logProblemDetails(ApicurioRegistryBaseIT.java:154)
	at io.apicurio.tests.ApicurioRegistryBaseIT$RegistryApiErrorWatcher.logProblemDetails(ApicurioRegistryBaseIT.java:154)
	at io.apicurio.tests.ApicurioRegistryBaseIT$RegistryApiErrorWatcher.logProblemDetails(ApicurioRegistryBaseIT.java:154)
	at io.apicurio.tests.ApicurioRegistryBaseIT$RegistryApiErrorWatcher.logProblemDetails(ApicurioRegistryBaseIT.java:154)
	at io.apicurio.tests.ApicurioRegistryBaseIT$RegistryApiErrorWatcher.logProblemDetails(ApicurioRegistryBaseIT.java:154)
	at io.apicurio.tests.ApicurioRegistryBaseIT$RegistryApiErrorWatcher.logProblemDetails(ApicurioRegistryBaseIT.java:154)
	at io.apicurio.tests.ApicurioRegistryBaseIT$RegistryApiErrorWatcher.logProblemDetails(ApicurioRegistryBaseIT.java:154)
	at io.apicurio.tests.ApicurioRegistryBaseIT$RegistryApiErrorWatcher.logProblemDetails(ApicurioRegistryBaseIT.java:154)
	at io.apicurio.tests.ApicurioRegistryBaseIT$RegistryApiErrorWatcher.logProblemDetails(ApicurioRegistryBaseIT.java:154)
	at io.apicurio.tests.ApicurioRegistryBaseIT$RegistryApiErrorWatcher.logProblemDetails(ApicurioRegistryBaseIT.java:154)
	at io.apicurio.tests.ApicurioRegistryBaseIT$RegistryApiErrorWatcher.logProblemDetails(ApicurioRegistryBaseIT.java:154)
	at io.apicurio.tests.ApicurioRegistryBaseIT$RegistryApiErrorWatcher.logProblemDetails(ApicurioRegistryBaseIT.java:154)
	at io.apicurio.tests.ApicurioRegistryBaseIT$RegistryApiErrorWatcher.logProblemDetails(ApicurioRegistryBaseIT.java:154)
	at io.apicurio.tests.ApicurioRegistryBaseIT$RegistryApiErrorWatcher.logProblemDetails(ApicurioRegistryBaseIT.java:154)
	at io.apicurio.tests.ApicurioRegistryBaseIT$RegistryApiErrorWatcher.logProblemDetails(ApicurioRegistryBaseIT.java:154)
	at io.apicurio.tests.ApicurioRegistryBaseIT$RegistryApiErrorWatcher.logProblemDetails(ApicurioRegistryBaseIT.java:154)
	at io.apicurio.tests.ApicurioRegistryBaseIT$RegistryApiErrorWatcher.logProblemDetails(ApicurioRegistryBaseIT.java:154)
	at io.apicurio.tests.ApicurioRegistryBaseIT$RegistryApiErrorWatcher.logProblemDetails(ApicurioRegistryBaseIT.java:154)
	at io.apicurio.tests.ApicurioRegistryBaseIT$RegistryApiErrorWatcher.logProblemDetails(ApicurioRegistryBaseIT.java:154)
	at io.apicurio.tests.ApicurioRegistryBaseIT$RegistryApiErrorWatcher.logProblemDetails(ApicurioRegistryBaseIT.java:154)
	at io.apicurio.tests.ApicurioRegistryBaseIT$RegistryApiErrorWatcher.logProblemDetails(ApicurioRegistryBaseIT.java:154)
	at io.apicurio.tests.ApicurioRegistryBaseIT$RegistryApiErrorWatcher.logProblemDetails(ApicurioRegistryBaseIT.java:154)
	at io.apicurio.tests.ApicurioRegistryBaseIT$RegistryApiErrorWatcher.logProblemDetails(ApicurioRegistryBaseIT.java:154)
	at io.apicurio.tests.ApicurioRegistryBaseIT$RegistryApiErrorWatcher.logProblemDetails(ApicurioRegistryBaseIT.java:154)
	at io.apicurio.tests.ApicurioRegistryBaseIT$RegistryApiErrorWatcher.logProblemDetails(ApicurioRegistryBaseIT.java:154)
	at io.apicurio.tests.ApicurioRegistryBaseIT$RegistryApiErrorWatcher.logProblemDetails(ApicurioRegistryBaseIT.java:154)
	at io.apicurio.tests.ApicurioRegistryBaseIT$RegistryApiErrorWatcher.logProblemDetails(ApicurioRegistryBaseIT.java:154)
	at io.apicurio.tests.ApicurioRegistryBaseIT$RegistryApiErrorWatcher.logProblemDetails(ApicurioRegistryBaseIT.java:154)
	at io.apicurio.tests.ApicurioRegistryBaseIT$RegistryApiErrorWatcher.logProblemDetails(ApicurioRegistryBaseIT.java:154)
	at io.apicurio.tests.ApicurioRegistryBaseIT$RegistryApiErrorWatcher.logProblemDetails(ApicurioRegistryBaseIT.java:154)
	at io.apicurio.tests.ApicurioRegistryBaseIT$RegistryApiErrorWatcher.logProblemDetails(ApicurioRegistryBaseIT.java:154)
	at io.apicurio.tests.ApicurioRegistryBaseIT$RegistryApiErrorWatcher.logProblemDetails(ApicurioRegistryBaseIT.java:154)
	at io.apicurio.tests.ApicurioRegistryBaseIT$RegistryApiErrorWatcher.logProblemDetails(ApicurioRegistryBaseIT.java:154)
	at io.apicurio.tests.ApicurioRegistryBaseIT$RegistryApiErrorWatcher.logProblemDetails(ApicurioRegistryBaseIT.java:154)
	at io.apicurio.tests.ApicurioRegistryBaseIT$RegistryApiErrorWatcher.logProblemDetails(ApicurioRegistryBaseIT.java:154)
	at io.apicurio.tests.ApicurioRegistryBaseIT$RegistryApiErrorWatcher.logProblemDetails(ApicurioRegistryBaseIT.java:154)
	at io.apicurio.tests.ApicurioRegistryBaseIT$RegistryApiErrorWatcher.logProblemDetails(ApicurioRegistryBaseIT.java:154)
	at io.apicurio.tests.ApicurioRegistryBaseIT$RegistryApiErrorWatcher.logProblemDetails(ApicurioRegistryBaseIT.java:154)
	at io.apicurio.tests.ApicurioRegistryBaseIT$RegistryApiErrorWatcher.logProblemDetails(ApicurioRegistryBaseIT.java:154)
	at io.apicurio.tests.ApicurioRegistryBaseIT$RegistryApiErrorWatcher.logProblemDetails(ApicurioRegistryBaseIT.java:154)
	at io.apicurio.tests.ApicurioRegistryBaseIT$RegistryApiErrorWatcher.logProblemDetails(ApicurioRegistryBaseIT.java:154)
	at io.apicurio.tests.ApicurioRegistryBaseIT$RegistryApiErrorWatcher.logProblemDetails(ApicurioRegistryBaseIT.java:154)
	at io.apicurio.tests.ApicurioRegistryBaseIT$RegistryApiErrorWatcher.logProblemDetails(ApicurioRegistryBaseIT.java:154)
	at io.apicurio.tests.ApicurioRegistryBaseIT$RegistryApiErrorWatcher.logProblemDetails(ApicurioRegistryBaseIT.java:154)
	at io.apicurio.tests.ApicurioRegistryBaseIT$RegistryApiErrorWatcher.logProblemDetails(ApicurioRegistryBaseIT.java:154)
	at io.apicurio.tests.ApicurioRegistryBaseIT$RegistryApiErrorWatcher.logProblemDetails(ApicurioRegistryBaseIT.java:154)
	at io.apicurio.tests.ApicurioRegistryBaseIT$RegistryApiErrorWatcher.logProblemDetails(ApicurioRegistryBaseIT.java:154)
	at io.apicurio.tests.ApicurioRegistryBaseIT$RegistryApiErrorWatcher.logProblemDetails(ApicurioRegistryBaseIT.java:154)
	at io.apicurio.tests.ApicurioRegistryBaseIT$RegistryApiErrorWatcher.logProblemDetails(ApicurioRegistryBaseIT.java:154)
	at io.apicurio.tests.ApicurioRegistryBaseIT$RegistryApiErrorWatcher.logProblemDetails(ApicurioRegistryBaseIT.java:154)
	at io.apicurio.tests.ApicurioRegistryBaseIT$RegistryApiErrorWatcher.logProblemDetails(ApicurioRegistryBaseIT.java:154)
	at io.apicurio.tests.ApicurioRegistryBaseIT$RegistryApiErrorWatcher.logProblemDetails(ApicurioRegistryBaseIT.java:154)
	at io.apicurio.tests.ApicurioRegistryBaseIT$RegistryApiErrorWatcher.logProblemDetails(ApicurioRegistryBaseIT.java:154)
	at io.apicurio.tests.ApicurioRegistryBaseIT$RegistryApiErrorWatcher.logProblemDetails(ApicurioRegistryBaseIT.java:154)
	at io.apicurio.tests.ApicurioRegistryBaseIT$RegistryApiErrorWatcher.logProblemDetails(ApicurioRegistryBaseIT.java:154)
	at io.apicurio.tests.ApicurioRegistryBaseIT$RegistryApiErrorWatcher.logProblemDetails(ApicurioRegistryBaseIT.java:154)
	at io.apicurio.tests.ApicurioRegistryBaseIT$RegistryApiErrorWatcher.logProblemDetails(ApicurioRegistryBaseIT.java:154)
	at io.apicurio.tests.ApicurioRegistryBaseIT$RegistryApiErrorWatcher.logProblemDetails(ApicurioRegistryBaseIT.java:154)
	at io.apicurio.tests.ApicurioRegistryBaseIT$RegistryApiErrorWatcher.logProblemDetails(ApicurioRegistryBaseIT.java:154)
	at io.apicurio.tests.ApicurioRegistryBaseIT$RegistryApiErrorWatcher.logProblemDetails(ApicurioRegistryBaseIT.java:154)
	at io.apicurio.tests.ApicurioRegistryBaseIT$RegistryApiErrorWatcher.logProblemDetails(ApicurioRegistryBaseIT.java:154)
	at io.apicurio.tests.ApicurioRegistryBaseIT$RegistryApiErrorWatcher.logProblemDetails(ApicurioRegistryBaseIT.java:154)
	at io.apicurio.tests.ApicurioRegistryBaseIT$RegistryApiErrorWatcher.logProblemDetails(ApicurioRegistryBaseIT.java:154)
	at io.apicurio.tests.ApicurioRegistryBaseIT$RegistryApiErrorWatcher.logProblemDetails(ApicurioRegistryBaseIT.java:154)
	at io.apicurio.tests.ApicurioRegistryBaseIT$RegistryApiErrorWatcher.logProblemDetails(ApicurioRegistryBaseIT.java:154)
	at io.apicurio.tests.ApicurioRegistryBaseIT$RegistryApiErrorWatcher.logProblemDetails(ApicurioRegistryBaseIT.java:154)
	at io.apicurio.tests.ApicurioRegistryBaseIT$RegistryApiErrorWatcher.logProblemDetails(ApicurioRegistryBaseIT.java:154)
	at io.apicurio.tests.ApicurioRegistryBaseIT$RegistryApiErrorWatcher.logProblemDetails(ApicurioRegistryBaseIT.java:154)
	at io.apicurio.tests.ApicurioRegistryBaseIT$RegistryApiErrorWatcher.logProblemDetails(ApicurioRegistryBaseIT.java:154)
	at io.apicurio.tests.ApicurioRegistryBaseIT$RegistryApiErrorWatcher.logProblemDetails(ApicurioRegistryBaseIT.java:154)
	at io.apicurio.tests.ApicurioRegistryBaseIT$RegistryApiErrorWatcher.logProblemDetails(ApicurioRegistryBaseIT.java:154)
	at io.apicurio.tests.ApicurioRegistryBaseIT$RegistryApiErrorWatcher.logProblemDetails(ApicurioRegistryBaseIT.java:154)
	at io.apicurio.tests.ApicurioRegistryBaseIT$RegistryApiErrorWatcher.logProblemDetails(ApicurioRegistryBaseIT.java:154)
	at io.apicurio.tests.ApicurioRegistryBaseIT$RegistryApiErrorWatcher.logProblemDetails(ApicurioRegistryBaseIT.java:154)
	at io.apicurio.tests.ApicurioRegistryBaseIT$RegistryApiErrorWatcher.logProblemDetails(ApicurioRegistryBaseIT.java:154)
	at io.apicurio.tests.ApicurioRegistryBaseIT$RegistryApiErrorWatcher.logProblemDetails(ApicurioRegistryBaseIT.java:154)
	at io.apicurio.tests.ApicurioRegistryBaseIT$RegistryApiErrorWatcher.logProblemDetails(ApicurioRegistryBaseIT.java:154)
	at io.apicurio.tests.ApicurioRegistryBaseIT$RegistryApiErrorWatcher.logProblemDetails(ApicurioRegistryBaseIT.java:154)
	at io.apicurio.tests.ApicurioRegistryBaseIT$RegistryApiErrorWatcher.logProblemDetails(ApicurioRegistryBaseIT.java:154)
	at io.apicurio.tests.ApicurioRegistryBaseIT$RegistryApiErrorWatcher.logProblemDetails(ApicurioRegistryBaseIT.java:154)
	at io.apicurio.tests.ApicurioRegistryBaseIT$RegistryApiErrorWatcher.logProblemDetails(ApicurioRegistryBaseIT.java:154)
	at io.apicurio.tests.ApicurioRegistryBaseIT$RegistryApiErrorWatcher.logProblemDetails(ApicurioRegistryBaseIT.java:154)
	at io.apicurio.tests.ApicurioRegistryBaseIT$RegistryApiErrorWatcher.logProblemDetails(ApicurioRegistryBaseIT.java:154)
	at io.apicurio.tests.ApicurioRegistryBaseIT$RegistryApiErrorWatcher.logProblemDetails(ApicurioRegistryBaseIT.java:154)
	at io.apicurio.tests.ApicurioRegistryBaseIT$RegistryApiErrorWatcher.logProblemDetails(ApicurioRegistryBaseIT.java:154)
	at io.apicurio.tests.ApicurioRegistryBaseIT$RegistryApiErrorWatcher.logProblemDetails(ApicurioRegistryBaseIT.java:154)
	at io.apicurio.tests.ApicurioRegistryBaseIT$RegistryApiErrorWatcher.logProblemDetails(ApicurioRegistryBaseIT.java:154)
	at io.apicurio.tests.ApicurioRegistryBaseIT$RegistryApiErrorWatcher.logProblemDetails(ApicurioRegistryBaseIT.java:154)
	at io.apicurio.tests.ApicurioRegistryBaseIT$RegistryApiErrorWatcher.logProblemDetails(ApicurioRegistryBaseIT.java:154)
	at io.apicurio.tests.ApicurioRegistryBaseIT$RegistryApiErrorWatcher.logProblemDetails(ApicurioRegistryBaseIT.java:154)
	at io.apicurio.tests.ApicurioRegistryBaseIT$RegistryApiErrorWatcher.logProblemDetails(ApicurioRegistryBaseIT.java:154)
	at io.apicurio.tests.ApicurioRegistryBaseIT$RegistryApiErrorWatcher.logProblemDetails(ApicurioRegistryBaseIT.java:154)
	at io.apicurio.tests.ApicurioRegistryBaseIT$RegistryApiErrorWatcher.logProblemDetails(ApicurioRegistryBaseIT.java:154)
	at io.apicurio.tests.ApicurioRegistryBaseIT$RegistryApiErrorWatcher.logProblemDetails(ApicurioRegistryBaseIT.java:154)
	at io.apicurio.tests.ApicurioRegistryBaseIT$RegistryApiErrorWatcher.logProblemDetails(ApicurioRegistryBaseIT.java:154)
	at io.apicurio.tests.ApicurioRegistryBaseIT$RegistryApiErrorWatcher.logProblemDetails(ApicurioRegistryBaseIT.java:154)
	at io.apicurio.tests.ApicurioRegistryBaseIT$RegistryApiErrorWatcher.logProblemDetails(ApicurioRegistryBaseIT.java:154)
	at io.apicurio.tests.ApicurioRegistryBaseIT$RegistryApiErrorWatcher.logProblemDetails(ApicurioRegistryBaseIT.java:154)
	at io.apicurio.tests.ApicurioRegistryBaseIT$RegistryApiErrorWatcher.logProblemDetails(ApicurioRegistryBaseIT.java:154)
	at io.apicurio.tests.ApicurioRegistryBaseIT$RegistryApiErrorWatcher.logProblemDetails(ApicurioRegistryBaseIT.java:154)
	at io.apicurio.tests.ApicurioRegistryBaseIT$RegistryApiErrorWatcher.logProblemDetails(ApicurioRegistryBaseIT.java:154)
	at io.apicurio.tests.ApicurioRegistryBaseIT$RegistryApiErrorWatcher.logProblemDetails(ApicurioRegistryBaseIT.java:154)
	at io.apicurio.tests.ApicurioRegistryBaseIT$RegistryApiErrorWatcher.logProblemDetails(ApicurioRegistryBaseIT.java:154)
	at io.apicurio.tests.ApicurioRegistryBaseIT$RegistryApiErrorWatcher.logProblemDetails(ApicurioRegistryBaseIT.java:154)
	at io.apicurio.tests.ApicurioRegistryBaseIT$RegistryApiErrorWatcher.logProblemDetails(ApicurioRegistryBaseIT.java:154)
	at io.apicurio.tests.ApicurioRegistryBaseIT$RegistryApiErrorWatcher.logProblemDetails(ApicurioRegistryBaseIT.java:154)
	at io.apicurio.tests.ApicurioRegistryBaseIT$RegistryApiErrorWatcher.logProblemDetails(ApicurioRegistryBaseIT.java:154)
	at io.apicurio.tests.ApicurioRegistryBaseIT$RegistryApiErrorWatcher.logProblemDetails(ApicurioRegistryBaseIT.java:154)
	at io.apicurio.tests.ApicurioRegistryBaseIT$RegistryApiErrorWatcher.logProblemDetails(ApicurioRegistryBaseIT.java:154)
	at io.apicurio.tests.ApicurioRegistryBaseIT$RegistryApiErrorWatcher.logProblemDetails(ApicurioRegistryBaseIT.java:154)
	at io.apicurio.tests.ApicurioRegistryBaseIT$RegistryApiErrorWatcher.logProblemDetails(ApicurioRegistryBaseIT.java:154)
	at io.apicurio.tests.ApicurioRegistryBaseIT$RegistryApiErrorWatcher.logProblemDetails(ApicurioRegistryBaseIT.java:154)
	at io.apicurio.tests.ApicurioRegistryBaseIT$RegistryApiErrorWatcher.logProblemDetails(ApicurioRegistryBaseIT.java:154)
	at io.apicurio.tests.ApicurioRegistryBaseIT$RegistryApiErrorWatcher.logProblemDetails(ApicurioRegistryBaseIT.java:154)
	at io.apicurio.tests.ApicurioRegistryBaseIT$RegistryApiErrorWatcher.logProblemDetails(ApicurioRegistryBaseIT.java:154)
	at io.apicurio.tests.ApicurioRegistryBaseIT$RegistryApiErrorWatcher.logProblemDetails(ApicurioRegistryBaseIT.java:154)
	at io.apicurio.tests.ApicurioRegistryBaseIT$RegistryApiErrorWatcher.logProblemDetails(ApicurioRegistryBaseIT.java:154)
	at io.apicurio.tests.ApicurioRegistryBaseIT$RegistryApiErrorWatcher.logProblemDetails(ApicurioRegistryBaseIT.java:154)
	at io.apicurio.tests.ApicurioRegistryBaseIT$RegistryApiErrorWatcher.logProblemDetails(ApicurioRegistryBaseIT.java:154)
	at io.apicurio.tests.ApicurioRegistryBaseIT$RegistryApiErrorWatcher.logProblemDetails(ApicurioRegistryBaseIT.java:154)
	at io.apicurio.tests.ApicurioRegistryBaseIT$RegistryApiErrorWatcher.logProblemDetails(ApicurioRegistryBaseIT.java:154)
	at io.apicurio.tests.ApicurioRegistryBaseIT$RegistryApiErrorWatcher.logProblemDetails(ApicurioRegistryBaseIT.java:154)
	at io.apicurio.tests.ApicurioRegistryBaseIT$RegistryApiErrorWatcher.logProblemDetails(ApicurioRegistryBaseIT.java:154)
	at io.apicurio.tests.ApicurioRegistryBaseIT$RegistryApiErrorWatcher.logProblemDetails(ApicurioRegistryBaseIT.java:154)
	at io.apicurio.tests.ApicurioRegistryBaseIT$RegistryApiErrorWatcher.logProblemDetails(ApicurioRegistryBaseIT.java:154)
	at io.apicurio.tests.ApicurioRegistryBaseIT$RegistryApiErrorWatcher.logProblemDetails(ApicurioRegistryBaseIT.java:154)
	at io.apicurio.tests.ApicurioRegistryBaseIT$RegistryApiErrorWatcher.logProblemDetails(ApicurioRegistryBaseIT.java:154)
	at io.apicurio.tests.ApicurioRegistryBaseIT$RegistryApiErrorWatcher.logProblemDetails(ApicurioRegistryBaseIT.java:154)
	at io.apicurio.tests.ApicurioRegistryBaseIT$RegistryApiErrorWatcher.logProblemDetails(ApicurioRegistryBaseIT.java:154)
	at io.apicurio.tests.ApicurioRegistryBaseIT$RegistryApiErrorWatcher.logProblemDetails(ApicurioRegistryBaseIT.java:154)
	at io.apicurio.tests.ApicurioRegistryBaseIT$RegistryApiErrorWatcher.logProblemDetails(ApicurioRegistryBaseIT.java:154)
	at io.apicurio.tests.ApicurioRegistryBaseIT$RegistryApiErrorWatcher.logProblemDetails(ApicurioRegistryBaseIT.java:154)
	at io.apicurio.tests.ApicurioRegistryBaseIT$RegistryApiErrorWatcher.logProblemDetails(ApicurioRegistryBaseIT.java:154)
	at io.apicurio.tests.ApicurioRegistryBaseIT$RegistryApiErrorWatcher.logProblemDetails(ApicurioRegistryBaseIT.java:154)
	at io.apicurio.tests.ApicurioRegistryBaseIT$RegistryApiErrorWatcher.logProblemDetails(ApicurioRegistryBaseIT.java:154)
	at io.apicurio.tests.ApicurioRegistryBaseIT$RegistryApiErrorWatcher.logProblemDetails(ApicurioRegistryBaseIT.java:154)
	at io.apicurio.tests.ApicurioRegistryBaseIT$RegistryApiErrorWatcher.logProblemDetails(ApicurioRegistryBaseIT.java:154)
	at io.apicurio.tests.ApicurioRegistryBaseIT$RegistryApiErrorWatcher.logProblemDetails(ApicurioRegistryBaseIT.java:154)
	at io.apicurio.tests.ApicurioRegistryBaseIT$RegistryApiErrorWatcher.logProblemDetails(ApicurioRegistryBaseIT.java:154)
	at io.apicurio.tests.ApicurioRegistryBaseIT$RegistryApiErrorWatcher.logProblemDetails(ApicurioRegistryBaseIT.java:154)
	at io.apicurio.tests.ApicurioRegistryBaseIT$RegistryApiErrorWatcher.logProblemDetails(ApicurioRegistryBaseIT.java:154)
	at io.apicurio.tests.ApicurioRegistryBaseIT$RegistryApiErrorWatcher.logProblemDetails(ApicurioRegistryBaseIT.java:154)
	at io.apicurio.tests.ApicurioRegistryBaseIT$RegistryApiErrorWatcher.logProblemDetails(ApicurioRegistryBaseIT.java:154)
	at io.apicurio.tests.ApicurioRegistryBaseIT$RegistryApiErrorWatcher.logProblemDetails(ApicurioRegistryBaseIT.java:154)
	at io.apicurio.tests.ApicurioRegistryBaseIT$RegistryApiErrorWatcher.logProblemDetails(ApicurioRegistryBaseIT.java:154)
	at io.apicurio.tests.ApicurioRegistryBaseIT$RegistryApiErrorWatcher.logProblemDetails(ApicurioRegistryBaseIT.java:154)
	at io.apicurio.tests.ApicurioRegistryBaseIT$RegistryApiErrorWatcher.logProblemDetails(ApicurioRegistryBaseIT.java:154)
	at io.apicurio.tests.ApicurioRegistryBaseIT$RegistryApiErrorWatcher.logProblemDetails(ApicurioRegistryBaseIT.java:154)
	at io.apicurio.tests.ApicurioRegistryBaseIT$RegistryApiErrorWatcher.logProblemDetails(ApicurioRegistryBaseIT.java:154)
	at io.apicurio.tests.ApicurioRegistryBaseIT$RegistryApiErrorWatcher.logProblemDetails(ApicurioRegistryBaseIT.java:154)
	at io.apicurio.tests.ApicurioRegistryBaseIT$RegistryApiErrorWatcher.logProblemDetails(ApicurioRegistryBaseIT.java:154)
	at io.apicurio.tests.ApicurioRegistryBaseIT$RegistryApiErrorWatcher.logProblemDetails(ApicurioRegistryBaseIT.java:154)
	at io.apicurio.tests.ApicurioRegistryBaseIT$RegistryApiErrorWatcher.logProblemDetails(ApicurioRegistryBaseIT.java:154)
	at io.apicurio.tests.ApicurioRegistryBaseIT$RegistryApiErrorWatcher.logProblemDetails(ApicurioRegistryBaseIT.java:154)
	at io.apicurio.tests.ApicurioRegistryBaseIT$RegistryApiErrorWatcher.logProblemDetails(ApicurioRegistryBaseIT.java:154)
	at io.apicurio.tests.ApicurioRegistryBaseIT$RegistryApiErrorWatcher.logProblemDetails(ApicurioRegistryBaseIT.java:154)
	at io.apicurio.tests.ApicurioRegistryBaseIT$RegistryApiErrorWatcher.logProblemDetails(ApicurioRegistryBaseIT.java:154)
	at io.apicurio.tests.ApicurioRegistryBaseIT$RegistryApiErrorWatcher.logProblemDetails(ApicurioRegistryBaseIT.java:154)
	at io.apicurio.tests.ApicurioRegistryBaseIT$RegistryApiErrorWatcher.logProblemDetails(ApicurioRegistryBaseIT.java:154)
	at io.apicurio.tests.ApicurioRegistryBaseIT$RegistryApiErrorWatcher.logProblemDetails(ApicurioRegistryBaseIT.java:154)
	at io.apicurio.tests.ApicurioRegistryBaseIT$RegistryApiErrorWatcher.logProblemDetails(ApicurioRegistryBaseIT.java:154)
	at io.apicurio.tests.ApicurioRegistryBaseIT$RegistryApiErrorWatcher.logProblemDetails(ApicurioRegistryBaseIT.java:154)
	at io.apicurio.tests.ApicurioRegistryBaseIT$RegistryApiErrorWatcher.logProblemDetails(ApicurioRegistryBaseIT.java:154)
	at io.apicurio.tests.ApicurioRegistryBaseIT$RegistryApiErrorWatcher.logProblemDetails(ApicurioRegistryBaseIT.java:154)
	at io.apicurio.tests.ApicurioRegistryBaseIT$RegistryApiErrorWatcher.logProblemDetails(ApicurioRegistryBaseIT.java:154)
	at io.apicurio.tests.ApicurioRegistryBaseIT$RegistryApiErrorWatcher.logProblemDetails(ApicurioRegistryBaseIT.java:154)
	at io.apicurio.tests.ApicurioRegistryBaseIT$RegistryApiErrorWatcher.logProblemDetails(ApicurioRegistryBaseIT.java:154)
	at io.apicurio.tests.ApicurioRegistryBaseIT$RegistryApiErrorWatcher.logProblemDetails(ApicurioRegistryBaseIT.java:154)
	at io.apicurio.tests.ApicurioRegistryBaseIT$RegistryApiErrorWatcher.logProblemDetails(ApicurioRegistryBaseIT.java:154)
	at io.apicurio.tests.ApicurioRegistryBaseIT$RegistryApiErrorWatcher.logProblemDetails(ApicurioRegistryBaseIT.java:154)
	at io.apicurio.tests.ApicurioRegistryBaseIT$RegistryApiErrorWatcher.logProblemDetails(ApicurioRegistryBaseIT.java:154)
	at io.apicurio.tests.ApicurioRegistryBaseIT$RegistryApiErrorWatcher.logProblemDetails(ApicurioRegistryBaseIT.java:154)
	at io.apicurio.tests.ApicurioRegistryBaseIT$RegistryApiErrorWatcher.logProblemDetails(ApicurioRegistryBaseIT.java:154)
	at io.apicurio.tests.ApicurioRegistryBaseIT$RegistryApiErrorWatcher.logProblemDetails(ApicurioRegistryBaseIT.java:154)
	at io.apicurio.tests.ApicurioRegistryBaseIT$RegistryApiErrorWatcher.logProblemDetails(ApicurioRegistryBaseIT.java:154)
	at io.apicurio.tests.ApicurioRegistryBaseIT$RegistryApiErrorWatcher.logProblemDetails(ApicurioRegistryBaseIT.java:154)
	at io.apicurio.tests.ApicurioRegistryBaseIT$RegistryApiErrorWatcher.logProblemDetails(ApicurioRegistryBaseIT.java:154)
	at io.apicurio.tests.ApicurioRegistryBaseIT$RegistryApiErrorWatcher.logProblemDetails(ApicurioRegistryBaseIT.java:154)
	at io.apicurio.tests.ApicurioRegistryBaseIT$RegistryApiErrorWatcher.logProblemDetails(ApicurioRegistryBaseIT.java:154)
	at io.apicurio.tests.ApicurioRegistryBaseIT$RegistryApiErrorWatcher.logProblemDetails(ApicurioRegistryBaseIT.java:154)
	at io.apicurio.tests.ApicurioRegistryBaseIT$RegistryApiErrorWatcher.logProblemDetails(ApicurioRegistryBaseIT.java:154)
	at io.apicurio.tests.ApicurioRegistryBaseIT$RegistryApiErrorWatcher.logProblemDetails(ApicurioRegistryBaseIT.java:154)
	at io.apicurio.tests.ApicurioRegistryBaseIT$RegistryApiErrorWatcher.logProblemDetails(ApicurioRegistryBaseIT.java:154)
	at io.apicurio.tests.ApicurioRegistryBaseIT$RegistryApiErrorWatcher.logProblemDetails(ApicurioRegistryBaseIT.java:154)
	at io.apicurio.tests.ApicurioRegistryBaseIT$RegistryApiErrorWatcher.logProblemDetails(ApicurioRegistryBaseIT.java:154)
	at io.apicurio.tests.ApicurioRegistryBaseIT$RegistryApiErrorWatcher.logProblemDetails(ApicurioRegistryBaseIT.java:154)
	at io.apicurio.tests.ApicurioRegistryBaseIT$RegistryApiErrorWatcher.logProblemDetails(ApicurioRegistryBaseIT.java:154)
	at io.apicurio.tests.ApicurioRegistryBaseIT$RegistryApiErrorWatcher.logProblemDetails(ApicurioRegistryBaseIT.java:154)
	at io.apicurio.tests.ApicurioRegistryBaseIT$RegistryApiErrorWatcher.logProblemDetails(ApicurioRegistryBaseIT.java:154)
	at io.apicurio.tests.ApicurioRegistryBaseIT$RegistryApiErrorWatcher.logProblemDetails(ApicurioRegistryBaseIT.java:154)
	at io.apicurio.tests.ApicurioRegistryBaseIT$RegistryApiErrorWatcher.logProblemDetails(ApicurioRegistryBaseIT.java:154)

]]></system-out>
  </testcase>
  <testcase name="testAvroConfluentSerDes" classname="io.apicurio.tests.serdes.confluent.BasicConfluentSerDesIT" time="1.271">
    <system-out><![CDATA[2025-07-31 17:05:41,401 INFO  [io.api.tes.uti.TestSeparator] (main) ############################################################################
2025-07-31 17:05:41,401 INFO  [io.api.tes.uti.TestSeparator] (main) io.apicurio.tests.serdes.confluent.BasicConfluentSerDesIT.testAvroConfluentSerDes-STARTED
2025-07-31 17:05:41,603 INFO  [io.api.tes.ser.con.BasicConfluentSerDesIT] (main) Checking that created schema is equal to the get schema
2025-07-31 17:05:41,688 INFO  [io.api.tes.ser.con.BasicConfluentSerDesIT] (main) Created schema with id:84 and name:myrecordconfluent1
**** Registry Base URL: http://registry-app-mysql.apps.ci419.apicurio-testing.org:80
2025-07-31 17:05:41,689 INFO  [org.apa.kaf.cli.pro.ProducerConfig] (main) ProducerConfig values: 
	acks = -1
	auto.include.jmx.reporter = true
	batch.size = 16384
	bootstrap.servers = [PLAINTEXT://localhost:32770]
	buffer.memory = 33554432
	client.dns.lookup = use_all_dns_ips
	client.id = Producer-topic-a0c9c9ac_acac_4a90_9e18_d77334705fd2
	compression.gzip.level = -1
	compression.lz4.level = 9
	compression.type = none
	compression.zstd.level = 3
	connections.max.idle.ms = 10000
	delivery.timeout.ms = 120000
	enable.idempotence = true
	enable.metrics.push = true
	interceptor.classes = []
	key.serializer = class org.apache.kafka.common.serialization.StringSerializer
	linger.ms = 0
	max.block.ms = 60000
	max.in.flight.requests.per.connection = 5
	max.request.size = 1048576
	metadata.max.age.ms = 300000
	metadata.max.idle.ms = 300000
	metadata.recovery.strategy = none
	metric.reporters = []
	metrics.num.samples = 2
	metrics.recording.level = INFO
	metrics.sample.window.ms = 30000
	partitioner.adaptive.partitioning.enable = true
	partitioner.availability.timeout.ms = 0
	partitioner.class = null
	partitioner.ignore.keys = false
	receive.buffer.bytes = 32768
	reconnect.backoff.max.ms = 1000
	reconnect.backoff.ms = 50
	request.timeout.ms = 5000
	retries = 2147483647
	retry.backoff.max.ms = 1000
	retry.backoff.ms = 100
	sasl.client.callback.handler.class = null
	sasl.jaas.config = null
	sasl.kerberos.kinit.cmd = /usr/bin/kinit
	sasl.kerberos.min.time.before.relogin = 60000
	sasl.kerberos.service.name = null
	sasl.kerberos.ticket.renew.jitter = 0.05
	sasl.kerberos.ticket.renew.window.factor = 0.8
	sasl.login.callback.handler.class = null
	sasl.login.class = null
	sasl.login.connect.timeout.ms = null
	sasl.login.read.timeout.ms = null
	sasl.login.refresh.buffer.seconds = 300
	sasl.login.refresh.min.period.seconds = 60
	sasl.login.refresh.window.factor = 0.8
	sasl.login.refresh.window.jitter = 0.05
	sasl.login.retry.backoff.max.ms = 10000
	sasl.login.retry.backoff.ms = 100
	sasl.mechanism = GSSAPI
	sasl.oauthbearer.clock.skew.seconds = 30
	sasl.oauthbearer.expected.audience = null
	sasl.oauthbearer.expected.issuer = null
	sasl.oauthbearer.header.urlencode = false
	sasl.oauthbearer.jwks.endpoint.refresh.ms = 3600000
	sasl.oauthbearer.jwks.endpoint.retry.backoff.max.ms = 10000
	sasl.oauthbearer.jwks.endpoint.retry.backoff.ms = 100
	sasl.oauthbearer.jwks.endpoint.url = null
	sasl.oauthbearer.scope.claim.name = scope
	sasl.oauthbearer.sub.claim.name = sub
	sasl.oauthbearer.token.endpoint.url = null
	security.protocol = PLAINTEXT
	security.providers = null
	send.buffer.bytes = 131072
	socket.connection.setup.timeout.max.ms = 30000
	socket.connection.setup.timeout.ms = 10000
	ssl.cipher.suites = null
	ssl.enabled.protocols = [TLSv1.2, TLSv1.3]
	ssl.endpoint.identification.algorithm = https
	ssl.engine.factory.class = null
	ssl.key.password = null
	ssl.keymanager.algorithm = SunX509
	ssl.keystore.certificate.chain = null
	ssl.keystore.key = null
	ssl.keystore.location = null
	ssl.keystore.password = null
	ssl.keystore.type = JKS
	ssl.protocol = TLSv1.3
	ssl.provider = null
	ssl.secure.random.implementation = null
	ssl.trustmanager.algorithm = PKIX
	ssl.truststore.certificates = null
	ssl.truststore.location = null
	ssl.truststore.password = null
	ssl.truststore.type = JKS
	transaction.timeout.ms = 60000
	transactional.id = null
	value.serializer = class io.confluent.kafka.serializers.KafkaAvroSerializer

2025-07-31 17:05:41,689 INFO  [org.apa.kaf.com.tel.int.KafkaMetricsCollector] (main) initializing Kafka metrics collector
2025-07-31 17:05:41,689 INFO  [io.con.kaf.ser.KafkaAvroSerializerConfig] (main) KafkaAvroSerializerConfig values: 
	auto.register.schemas = false
	avro.reflection.allow.null = false
	avro.remove.java.properties = false
	avro.use.logical.type.converters = false
	basic.auth.credentials.source = URL
	basic.auth.user.info = [hidden]
	bearer.auth.cache.expiry.buffer.seconds = 300
	bearer.auth.client.id = null
	bearer.auth.client.secret = null
	bearer.auth.credentials.source = STATIC_TOKEN
	bearer.auth.custom.provider.class = null
	bearer.auth.identity.pool.id = null
	bearer.auth.issuer.endpoint.url = null
	bearer.auth.logical.cluster = null
	bearer.auth.scope = null
	bearer.auth.scope.claim.name = scope
	bearer.auth.sub.claim.name = sub
	bearer.auth.token = [hidden]
	context.name.strategy = class io.confluent.kafka.serializers.context.NullContextNameStrategy
	http.connect.timeout.ms = 60000
	http.read.timeout.ms = 60000
	id.compatibility.strict = true
	key.schema.id.deserializer = class io.confluent.kafka.serializers.schema.id.DualSchemaIdDeserializer
	key.schema.id.serializer = class io.confluent.kafka.serializers.schema.id.PrefixSchemaIdSerializer
	key.subject.name.strategy = class io.confluent.kafka.serializers.subject.TopicNameStrategy
	latest.cache.size = 1000
	latest.cache.ttl.sec = -1
	latest.compatibility.strict = true
	max.retries = 3
	max.schemas.per.subject = 1000
	normalize.schemas = false
	propagate.schema.tags = false
	proxy.host = 
	proxy.port = -1
	retries.max.wait.ms = 20000
	retries.wait.ms = 1000
	rule.actions = []
	rule.executors = []
	rule.service.loader.enable = true
	schema.format = null
	schema.reflection = false
	schema.registry.basic.auth.user.info = [hidden]
	schema.registry.ssl.cipher.suites = null
	schema.registry.ssl.enabled.protocols = [TLSv1.2, TLSv1.3]
	schema.registry.ssl.endpoint.identification.algorithm = https
	schema.registry.ssl.engine.factory.class = null
	schema.registry.ssl.key.password = null
	schema.registry.ssl.keymanager.algorithm = SunX509
	schema.registry.ssl.keystore.certificate.chain = null
	schema.registry.ssl.keystore.key = null
	schema.registry.ssl.keystore.location = null
	schema.registry.ssl.keystore.password = null
	schema.registry.ssl.keystore.type = JKS
	schema.registry.ssl.protocol = TLSv1.3
	schema.registry.ssl.provider = null
	schema.registry.ssl.secure.random.implementation = null
	schema.registry.ssl.trustmanager.algorithm = PKIX
	schema.registry.ssl.truststore.certificates = null
	schema.registry.ssl.truststore.location = null
	schema.registry.ssl.truststore.password = null
	schema.registry.ssl.truststore.type = JKS
	schema.registry.url = [http://registry-app-mysql.apps.ci419.apicurio-testing.org:80/apis/ccompat/v7]
	schema.registry.url.randomize = false
	use.latest.version = false
	use.latest.with.metadata = null
	use.schema.id = -1
	value.schema.id.deserializer = class io.confluent.kafka.serializers.schema.id.DualSchemaIdDeserializer
	value.schema.id.serializer = class io.confluent.kafka.serializers.schema.id.PrefixSchemaIdSerializer
	value.subject.name.strategy = class io.confluent.kafka.serializers.subject.TopicNameStrategy

2025-07-31 17:05:41,691 INFO  [org.apa.kaf.cli.pro.KafkaProducer] (main) [Producer clientId=Producer-topic-a0c9c9ac_acac_4a90_9e18_d77334705fd2] Instantiated an idempotent producer.
2025-07-31 17:05:41,692 INFO  [org.apa.kaf.cli.pro.ProducerConfig] (main) These configurations '[schema.registry.url, auto.register.schemas, value.subject.name.strategy]' were supplied but are not used yet.
2025-07-31 17:05:41,692 INFO  [org.apa.kaf.com.uti.AppInfoParser] (main) Kafka version: 3.9.1
2025-07-31 17:05:41,692 INFO  [org.apa.kaf.com.uti.AppInfoParser] (main) Kafka commitId: f745dfdcee2b9851
2025-07-31 17:05:41,692 INFO  [org.apa.kaf.com.uti.AppInfoParser] (main) Kafka startTimeMs: 1753981541692
2025-07-31 17:05:41,692 INFO  [io.api.tes.ser.api.SimpleSerdesTesterBuilder$SimpleSerdesTester] (main) Using producer configuration: {schema.registry.url=http://registry-app-mysql.apps.ci419.apicurio-testing.org:80/apis/ccompat/v7, value.serializer=io.confluent.kafka.serializers.KafkaAvroSerializer, request.timeout.ms=5000, auto.register.schemas=false, acks=all, bootstrap.servers=PLAINTEXT://localhost:32770, connections.max.idle.ms=10000, key.serializer=org.apache.kafka.common.serialization.StringSerializer, value.subject.name.strategy=io.confluent.kafka.serializers.subject.TopicNameStrategy, client.id=Producer-topic-a0c9c9ac_acac_4a90_9e18_d77334705fd2}
2025-07-31 17:05:41,692 INFO  [io.api.tes.ser.api.SimpleSerdesTesterBuilder$SimpleSerdesTester] (main) Using consumer configuration: {}
2025-07-31 17:05:41,693 INFO  [io.api.tes.ser.api.KafkaSerdesTester] (Thread-785) Sending message {"key1": "value-0"} to topic topic-a0c9c9ac_acac_4a90_9e18_d77334705fd2
2025-07-31 17:05:41,696 INFO  [org.apa.kaf.cli.Metadata] (kafka-producer-network-thread | Producer-topic-a0c9c9ac_acac_4a90_9e18_d77334705fd2) [Producer clientId=Producer-topic-a0c9c9ac_acac_4a90_9e18_d77334705fd2] Cluster ID: hHUi-5-6SnyFRAH2goQrJA
2025-07-31 17:05:41,696 INFO  [org.apa.kaf.cli.pro.int.TransactionManager] (kafka-producer-network-thread | Producer-topic-a0c9c9ac_acac_4a90_9e18_d77334705fd2) [Producer clientId=Producer-topic-a0c9c9ac_acac_4a90_9e18_d77334705fd2] ProducerId set to 32 with epoch 0
2025-07-31 17:05:41,786 INFO  [io.api.tes.ser.api.KafkaSerdesTester] (Thread-785) Sending message {"key1": "value-1"} to topic topic-a0c9c9ac_acac_4a90_9e18_d77334705fd2
2025-07-31 17:05:41,787 INFO  [io.api.tes.ser.api.KafkaSerdesTester] (Thread-785) Sending message {"key1": "value-2"} to topic topic-a0c9c9ac_acac_4a90_9e18_d77334705fd2
2025-07-31 17:05:41,788 INFO  [io.api.tes.ser.api.KafkaSerdesTester] (Thread-785) Sending message {"key1": "value-3"} to topic topic-a0c9c9ac_acac_4a90_9e18_d77334705fd2
2025-07-31 17:05:41,790 INFO  [io.api.tes.ser.api.KafkaSerdesTester] (Thread-785) Sending message {"key1": "value-4"} to topic topic-a0c9c9ac_acac_4a90_9e18_d77334705fd2
2025-07-31 17:05:41,791 INFO  [io.api.tes.ser.api.KafkaSerdesTester] (Thread-785) Sending message {"key1": "value-5"} to topic topic-a0c9c9ac_acac_4a90_9e18_d77334705fd2
2025-07-31 17:05:41,792 INFO  [io.api.tes.ser.api.KafkaSerdesTester] (Thread-785) Sending message {"key1": "value-6"} to topic topic-a0c9c9ac_acac_4a90_9e18_d77334705fd2
2025-07-31 17:05:41,796 INFO  [io.api.tes.ser.api.KafkaSerdesTester] (Thread-785) Sending message {"key1": "value-7"} to topic topic-a0c9c9ac_acac_4a90_9e18_d77334705fd2
2025-07-31 17:05:41,799 INFO  [io.api.tes.ser.api.KafkaSerdesTester] (Thread-785) Sending message {"key1": "value-8"} to topic topic-a0c9c9ac_acac_4a90_9e18_d77334705fd2
2025-07-31 17:05:41,803 INFO  [io.api.tes.ser.api.KafkaSerdesTester] (Thread-785) Sending message {"key1": "value-9"} to topic topic-a0c9c9ac_acac_4a90_9e18_d77334705fd2
2025-07-31 17:05:41,805 INFO  [io.api.tes.ser.api.KafkaSerdesTester] (Thread-785) Produced 10 messages
2025-07-31 17:05:41,805 INFO  [org.apa.kaf.cli.pro.KafkaProducer] (Thread-785) [Producer clientId=Producer-topic-a0c9c9ac_acac_4a90_9e18_d77334705fd2] Closing the Kafka producer with timeoutMillis = 9223372036854775807 ms.
2025-07-31 17:05:41,809 INFO  [org.apa.kaf.com.met.Metrics] (Thread-785) Metrics scheduler closed
2025-07-31 17:05:41,809 INFO  [org.apa.kaf.com.met.Metrics] (Thread-785) Closing reporter org.apache.kafka.common.metrics.JmxReporter
2025-07-31 17:05:41,809 INFO  [org.apa.kaf.com.met.Metrics] (Thread-785) Closing reporter org.apache.kafka.common.telemetry.internals.ClientTelemetryReporter
2025-07-31 17:05:41,809 INFO  [org.apa.kaf.com.met.Metrics] (Thread-785) Metrics reporters closed
2025-07-31 17:05:41,809 INFO  [org.apa.kaf.com.uti.AppInfoParser] (Thread-785) App info kafka.producer for Producer-topic-a0c9c9ac_acac_4a90_9e18_d77334705fd2 unregistered
**** Registry Base URL: http://registry-app-mysql.apps.ci419.apicurio-testing.org:80
2025-07-31 17:05:41,810 INFO  [org.apa.kaf.cli.con.ConsumerConfig] (main) ConsumerConfig values: 
	allow.auto.create.topics = true
	auto.commit.interval.ms = 500
	auto.include.jmx.reporter = true
	auto.offset.reset = earliest
	bootstrap.servers = [PLAINTEXT://localhost:32770]
	check.crcs = true
	client.dns.lookup = use_all_dns_ips
	client.id = consumer-Consumer-topic-a0c9c9ac_acac_4a90_9e18_d77334705fd2-25
	client.rack = 
	connections.max.idle.ms = 10000
	default.api.timeout.ms = 60000
	enable.auto.commit = true
	enable.metrics.push = true
	exclude.internal.topics = true
	fetch.max.bytes = 52428800
	fetch.max.wait.ms = 500
	fetch.min.bytes = 1
	group.id = Consumer-topic-a0c9c9ac_acac_4a90_9e18_d77334705fd2
	group.instance.id = null
	group.protocol = classic
	group.remote.assignor = null
	heartbeat.interval.ms = 3000
	interceptor.classes = []
	internal.leave.group.on.close = true
	internal.throw.on.fetch.stable.offset.unsupported = false
	isolation.level = read_uncommitted
	key.deserializer = class org.apache.kafka.common.serialization.StringDeserializer
	max.partition.fetch.bytes = 1048576
	max.poll.interval.ms = 300000
	max.poll.records = 500
	metadata.max.age.ms = 300000
	metadata.recovery.strategy = none
	metric.reporters = []
	metrics.num.samples = 2
	metrics.recording.level = INFO
	metrics.sample.window.ms = 30000
	partition.assignment.strategy = [class org.apache.kafka.clients.consumer.RangeAssignor, class org.apache.kafka.clients.consumer.CooperativeStickyAssignor]
	receive.buffer.bytes = 65536
	reconnect.backoff.max.ms = 1000
	reconnect.backoff.ms = 50
	request.timeout.ms = 5000
	retry.backoff.max.ms = 1000
	retry.backoff.ms = 100
	sasl.client.callback.handler.class = null
	sasl.jaas.config = null
	sasl.kerberos.kinit.cmd = /usr/bin/kinit
	sasl.kerberos.min.time.before.relogin = 60000
	sasl.kerberos.service.name = null
	sasl.kerberos.ticket.renew.jitter = 0.05
	sasl.kerberos.ticket.renew.window.factor = 0.8
	sasl.login.callback.handler.class = null
	sasl.login.class = null
	sasl.login.connect.timeout.ms = null
	sasl.login.read.timeout.ms = null
	sasl.login.refresh.buffer.seconds = 300
	sasl.login.refresh.min.period.seconds = 60
	sasl.login.refresh.window.factor = 0.8
	sasl.login.refresh.window.jitter = 0.05
	sasl.login.retry.backoff.max.ms = 10000
	sasl.login.retry.backoff.ms = 100
	sasl.mechanism = GSSAPI
	sasl.oauthbearer.clock.skew.seconds = 30
	sasl.oauthbearer.expected.audience = null
	sasl.oauthbearer.expected.issuer = null
	sasl.oauthbearer.header.urlencode = false
	sasl.oauthbearer.jwks.endpoint.refresh.ms = 3600000
	sasl.oauthbearer.jwks.endpoint.retry.backoff.max.ms = 10000
	sasl.oauthbearer.jwks.endpoint.retry.backoff.ms = 100
	sasl.oauthbearer.jwks.endpoint.url = null
	sasl.oauthbearer.scope.claim.name = scope
	sasl.oauthbearer.sub.claim.name = sub
	sasl.oauthbearer.token.endpoint.url = null
	security.protocol = PLAINTEXT
	security.providers = null
	send.buffer.bytes = 131072
	session.timeout.ms = 45000
	socket.connection.setup.timeout.max.ms = 30000
	socket.connection.setup.timeout.ms = 10000
	ssl.cipher.suites = null
	ssl.enabled.protocols = [TLSv1.2, TLSv1.3]
	ssl.endpoint.identification.algorithm = https
	ssl.engine.factory.class = null
	ssl.key.password = null
	ssl.keymanager.algorithm = SunX509
	ssl.keystore.certificate.chain = null
	ssl.keystore.key = null
	ssl.keystore.location = null
	ssl.keystore.password = null
	ssl.keystore.type = JKS
	ssl.protocol = TLSv1.3
	ssl.provider = null
	ssl.secure.random.implementation = null
	ssl.trustmanager.algorithm = PKIX
	ssl.truststore.certificates = null
	ssl.truststore.location = null
	ssl.truststore.password = null
	ssl.truststore.type = JKS
	value.deserializer = class io.confluent.kafka.serializers.KafkaAvroDeserializer

2025-07-31 17:05:41,810 INFO  [org.apa.kaf.com.tel.int.KafkaMetricsCollector] (main) initializing Kafka metrics collector
2025-07-31 17:05:41,810 INFO  [io.con.kaf.ser.KafkaAvroDeserializerConfig] (main) KafkaAvroDeserializerConfig values: 
	auto.register.schemas = true
	avro.reflection.allow.null = false
	avro.use.logical.type.converters = false
	basic.auth.credentials.source = URL
	basic.auth.user.info = [hidden]
	bearer.auth.cache.expiry.buffer.seconds = 300
	bearer.auth.client.id = null
	bearer.auth.client.secret = null
	bearer.auth.credentials.source = STATIC_TOKEN
	bearer.auth.custom.provider.class = null
	bearer.auth.identity.pool.id = null
	bearer.auth.issuer.endpoint.url = null
	bearer.auth.logical.cluster = null
	bearer.auth.scope = null
	bearer.auth.scope.claim.name = scope
	bearer.auth.sub.claim.name = sub
	bearer.auth.token = [hidden]
	context.name.strategy = class io.confluent.kafka.serializers.context.NullContextNameStrategy
	http.connect.timeout.ms = 60000
	http.read.timeout.ms = 60000
	id.compatibility.strict = true
	key.schema.id.deserializer = class io.confluent.kafka.serializers.schema.id.DualSchemaIdDeserializer
	key.schema.id.serializer = class io.confluent.kafka.serializers.schema.id.PrefixSchemaIdSerializer
	key.subject.name.strategy = class io.confluent.kafka.serializers.subject.TopicNameStrategy
	latest.cache.size = 1000
	latest.cache.ttl.sec = -1
	latest.compatibility.strict = true
	max.retries = 3
	max.schemas.per.subject = 1000
	normalize.schemas = false
	propagate.schema.tags = false
	proxy.host = 
	proxy.port = -1
	retries.max.wait.ms = 20000
	retries.wait.ms = 1000
	rule.actions = []
	rule.executors = []
	rule.service.loader.enable = true
	schema.format = null
	schema.reflection = false
	schema.registry.basic.auth.user.info = [hidden]
	schema.registry.ssl.cipher.suites = null
	schema.registry.ssl.enabled.protocols = [TLSv1.2, TLSv1.3]
	schema.registry.ssl.endpoint.identification.algorithm = https
	schema.registry.ssl.engine.factory.class = null
	schema.registry.ssl.key.password = null
	schema.registry.ssl.keymanager.algorithm = SunX509
	schema.registry.ssl.keystore.certificate.chain = null
	schema.registry.ssl.keystore.key = null
	schema.registry.ssl.keystore.location = null
	schema.registry.ssl.keystore.password = null
	schema.registry.ssl.keystore.type = JKS
	schema.registry.ssl.protocol = TLSv1.3
	schema.registry.ssl.provider = null
	schema.registry.ssl.secure.random.implementation = null
	schema.registry.ssl.trustmanager.algorithm = PKIX
	schema.registry.ssl.truststore.certificates = null
	schema.registry.ssl.truststore.location = null
	schema.registry.ssl.truststore.password = null
	schema.registry.ssl.truststore.type = JKS
	schema.registry.url = [http://registry-app-mysql.apps.ci419.apicurio-testing.org:80/apis/ccompat/v7]
	schema.registry.url.randomize = false
	specific.avro.key.type = null
	specific.avro.reader = false
	specific.avro.value.type = null
	use.latest.version = false
	use.latest.with.metadata = null
	use.schema.id = -1
	value.schema.id.deserializer = class io.confluent.kafka.serializers.schema.id.DualSchemaIdDeserializer
	value.schema.id.serializer = class io.confluent.kafka.serializers.schema.id.PrefixSchemaIdSerializer
	value.subject.name.strategy = class io.confluent.kafka.serializers.subject.TopicNameStrategy

2025-07-31 17:05:41,813 INFO  [org.apa.kaf.cli.con.ConsumerConfig] (main) These configurations '[schema.registry.url]' were supplied but are not used yet.
2025-07-31 17:05:41,813 INFO  [org.apa.kaf.com.uti.AppInfoParser] (main) Kafka version: 3.9.1
2025-07-31 17:05:41,813 INFO  [org.apa.kaf.com.uti.AppInfoParser] (main) Kafka commitId: f745dfdcee2b9851
2025-07-31 17:05:41,813 INFO  [org.apa.kaf.com.uti.AppInfoParser] (main) Kafka startTimeMs: 1753981541813
2025-07-31 17:05:41,814 INFO  [org.apa.kaf.cli.con.int.ClassicKafkaConsumer] (Thread-786) [Consumer clientId=consumer-Consumer-topic-a0c9c9ac_acac_4a90_9e18_d77334705fd2-25, groupId=Consumer-topic-a0c9c9ac_acac_4a90_9e18_d77334705fd2] Subscribed to topic(s): topic-a0c9c9ac_acac_4a90_9e18_d77334705fd2
2025-07-31 17:05:41,816 INFO  [org.apa.kaf.cli.Metadata] (Thread-786) [Consumer clientId=consumer-Consumer-topic-a0c9c9ac_acac_4a90_9e18_d77334705fd2-25, groupId=Consumer-topic-a0c9c9ac_acac_4a90_9e18_d77334705fd2] Cluster ID: hHUi-5-6SnyFRAH2goQrJA
2025-07-31 17:05:41,817 INFO  [org.apa.kaf.cli.con.int.ConsumerCoordinator] (Thread-786) [Consumer clientId=consumer-Consumer-topic-a0c9c9ac_acac_4a90_9e18_d77334705fd2-25, groupId=Consumer-topic-a0c9c9ac_acac_4a90_9e18_d77334705fd2] Discovered group coordinator localhost:32770 (id: 2147483647 rack: null)
2025-07-31 17:05:41,818 INFO  [org.apa.kaf.cli.con.int.ConsumerCoordinator] (Thread-786) [Consumer clientId=consumer-Consumer-topic-a0c9c9ac_acac_4a90_9e18_d77334705fd2-25, groupId=Consumer-topic-a0c9c9ac_acac_4a90_9e18_d77334705fd2] (Re-)joining group
2025-07-31 17:05:41,819 INFO  [org.apa.kaf.cli.con.int.ConsumerCoordinator] (Thread-786) [Consumer clientId=consumer-Consumer-topic-a0c9c9ac_acac_4a90_9e18_d77334705fd2-25, groupId=Consumer-topic-a0c9c9ac_acac_4a90_9e18_d77334705fd2] Request joining group due to: need to re-join with the given member-id: consumer-Consumer-topic-a0c9c9ac_acac_4a90_9e18_d77334705fd2-25-11f67796-0a46-4ca8-9bd5-cd77e57cbea0
2025-07-31 17:05:41,819 INFO  [org.apa.kaf.cli.con.int.ConsumerCoordinator] (Thread-786) [Consumer clientId=consumer-Consumer-topic-a0c9c9ac_acac_4a90_9e18_d77334705fd2-25, groupId=Consumer-topic-a0c9c9ac_acac_4a90_9e18_d77334705fd2] (Re-)joining group
2025-07-31 17:05:41,821 INFO  [org.apa.kaf.cli.con.int.ConsumerCoordinator] (Thread-786) [Consumer clientId=consumer-Consumer-topic-a0c9c9ac_acac_4a90_9e18_d77334705fd2-25, groupId=Consumer-topic-a0c9c9ac_acac_4a90_9e18_d77334705fd2] Successfully joined group with generation Generation{generationId=1, memberId='consumer-Consumer-topic-a0c9c9ac_acac_4a90_9e18_d77334705fd2-25-11f67796-0a46-4ca8-9bd5-cd77e57cbea0', protocol='range'}
2025-07-31 17:05:41,822 INFO  [org.apa.kaf.cli.con.int.ConsumerCoordinator] (Thread-786) [Consumer clientId=consumer-Consumer-topic-a0c9c9ac_acac_4a90_9e18_d77334705fd2-25, groupId=Consumer-topic-a0c9c9ac_acac_4a90_9e18_d77334705fd2] Finished assignment for group at generation 1: {consumer-Consumer-topic-a0c9c9ac_acac_4a90_9e18_d77334705fd2-25-11f67796-0a46-4ca8-9bd5-cd77e57cbea0=Assignment(partitions=[topic-a0c9c9ac_acac_4a90_9e18_d77334705fd2-0])}
2025-07-31 17:05:41,823 INFO  [org.apa.kaf.cli.con.int.ConsumerCoordinator] (Thread-786) [Consumer clientId=consumer-Consumer-topic-a0c9c9ac_acac_4a90_9e18_d77334705fd2-25, groupId=Consumer-topic-a0c9c9ac_acac_4a90_9e18_d77334705fd2] Successfully synced group in generation Generation{generationId=1, memberId='consumer-Consumer-topic-a0c9c9ac_acac_4a90_9e18_d77334705fd2-25-11f67796-0a46-4ca8-9bd5-cd77e57cbea0', protocol='range'}
2025-07-31 17:05:41,823 INFO  [org.apa.kaf.cli.con.int.ConsumerCoordinator] (Thread-786) [Consumer clientId=consumer-Consumer-topic-a0c9c9ac_acac_4a90_9e18_d77334705fd2-25, groupId=Consumer-topic-a0c9c9ac_acac_4a90_9e18_d77334705fd2] Notifying assignor about the new Assignment(partitions=[topic-a0c9c9ac_acac_4a90_9e18_d77334705fd2-0])
2025-07-31 17:05:41,823 INFO  [org.apa.kaf.cli.con.int.ConsumerRebalanceListenerInvoker] (Thread-786) [Consumer clientId=consumer-Consumer-topic-a0c9c9ac_acac_4a90_9e18_d77334705fd2-25, groupId=Consumer-topic-a0c9c9ac_acac_4a90_9e18_d77334705fd2] Adding newly assigned partitions: topic-a0c9c9ac_acac_4a90_9e18_d77334705fd2-0
2025-07-31 17:05:41,824 INFO  [org.apa.kaf.cli.con.int.ConsumerCoordinator] (Thread-786) [Consumer clientId=consumer-Consumer-topic-a0c9c9ac_acac_4a90_9e18_d77334705fd2-25, groupId=Consumer-topic-a0c9c9ac_acac_4a90_9e18_d77334705fd2] Found no committed offset for partition topic-a0c9c9ac_acac_4a90_9e18_d77334705fd2-0
2025-07-31 17:05:41,828 INFO  [org.apa.kaf.cli.con.int.SubscriptionState] (Thread-786) [Consumer clientId=consumer-Consumer-topic-a0c9c9ac_acac_4a90_9e18_d77334705fd2-25, groupId=Consumer-topic-a0c9c9ac_acac_4a90_9e18_d77334705fd2] Resetting offset for partition topic-a0c9c9ac_acac_4a90_9e18_d77334705fd2-0 to position FetchPosition{offset=0, offsetEpoch=Optional.empty, currentLeader=LeaderAndEpoch{leader=Optional[localhost:32770 (id: 0 rack: null)], epoch=0}}.
2025-07-31 17:05:41,911 INFO  [io.api.tes.ser.api.KafkaSerdesTester] (Thread-786) topic-a0c9c9ac_acac_4a90_9e18_d77334705fd2 0 0 {"key1": "value-0"}
2025-07-31 17:05:41,912 INFO  [io.api.tes.ser.api.KafkaSerdesTester] (Thread-786) topic-a0c9c9ac_acac_4a90_9e18_d77334705fd2 0 1 {"key1": "value-1"}
2025-07-31 17:05:41,913 INFO  [io.api.tes.ser.api.KafkaSerdesTester] (Thread-786) topic-a0c9c9ac_acac_4a90_9e18_d77334705fd2 0 2 {"key1": "value-2"}
2025-07-31 17:05:41,913 INFO  [io.api.tes.ser.api.KafkaSerdesTester] (Thread-786) topic-a0c9c9ac_acac_4a90_9e18_d77334705fd2 0 3 {"key1": "value-3"}
2025-07-31 17:05:41,913 INFO  [io.api.tes.ser.api.KafkaSerdesTester] (Thread-786) topic-a0c9c9ac_acac_4a90_9e18_d77334705fd2 0 4 {"key1": "value-4"}
2025-07-31 17:05:41,913 INFO  [io.api.tes.ser.api.KafkaSerdesTester] (Thread-786) topic-a0c9c9ac_acac_4a90_9e18_d77334705fd2 0 5 {"key1": "value-5"}
2025-07-31 17:05:41,913 INFO  [io.api.tes.ser.api.KafkaSerdesTester] (Thread-786) topic-a0c9c9ac_acac_4a90_9e18_d77334705fd2 0 6 {"key1": "value-6"}
2025-07-31 17:05:41,913 INFO  [io.api.tes.ser.api.KafkaSerdesTester] (Thread-786) topic-a0c9c9ac_acac_4a90_9e18_d77334705fd2 0 7 {"key1": "value-7"}
2025-07-31 17:05:41,913 INFO  [io.api.tes.ser.api.KafkaSerdesTester] (Thread-786) topic-a0c9c9ac_acac_4a90_9e18_d77334705fd2 0 8 {"key1": "value-8"}
2025-07-31 17:05:41,913 INFO  [io.api.tes.ser.api.KafkaSerdesTester] (Thread-786) topic-a0c9c9ac_acac_4a90_9e18_d77334705fd2 0 9 {"key1": "value-9"}
2025-07-31 17:05:41,913 INFO  [io.api.tes.ser.api.KafkaSerdesTester] (Thread-786) Consumed 10 messages
2025-07-31 17:05:41,914 INFO  [org.apa.kaf.cli.con.int.ConsumerRebalanceListenerInvoker] (Thread-786) [Consumer clientId=consumer-Consumer-topic-a0c9c9ac_acac_4a90_9e18_d77334705fd2-25, groupId=Consumer-topic-a0c9c9ac_acac_4a90_9e18_d77334705fd2] Revoke previously assigned partitions topic-a0c9c9ac_acac_4a90_9e18_d77334705fd2-0
2025-07-31 17:05:41,915 INFO  [org.apa.kaf.cli.con.int.ConsumerCoordinator] (Thread-786) [Consumer clientId=consumer-Consumer-topic-a0c9c9ac_acac_4a90_9e18_d77334705fd2-25, groupId=Consumer-topic-a0c9c9ac_acac_4a90_9e18_d77334705fd2] Member consumer-Consumer-topic-a0c9c9ac_acac_4a90_9e18_d77334705fd2-25-11f67796-0a46-4ca8-9bd5-cd77e57cbea0 sending LeaveGroup request to coordinator localhost:32770 (id: 2147483647 rack: null) due to the consumer is being closed
2025-07-31 17:05:41,915 INFO  [org.apa.kaf.cli.con.int.ConsumerCoordinator] (Thread-786) [Consumer clientId=consumer-Consumer-topic-a0c9c9ac_acac_4a90_9e18_d77334705fd2-25, groupId=Consumer-topic-a0c9c9ac_acac_4a90_9e18_d77334705fd2] Resetting generation and member id due to: consumer pro-actively leaving the group
2025-07-31 17:05:41,915 INFO  [org.apa.kaf.cli.con.int.ConsumerCoordinator] (Thread-786) [Consumer clientId=consumer-Consumer-topic-a0c9c9ac_acac_4a90_9e18_d77334705fd2-25, groupId=Consumer-topic-a0c9c9ac_acac_4a90_9e18_d77334705fd2] Request joining group due to: consumer pro-actively leaving the group
2025-07-31 17:05:42,413 INFO  [org.apa.kaf.com.met.Metrics] (Thread-786) Metrics scheduler closed
2025-07-31 17:05:42,414 INFO  [org.apa.kaf.com.met.Metrics] (Thread-786) Closing reporter org.apache.kafka.common.metrics.JmxReporter
2025-07-31 17:05:42,414 INFO  [org.apa.kaf.com.met.Metrics] (Thread-786) Closing reporter org.apache.kafka.common.telemetry.internals.ClientTelemetryReporter
2025-07-31 17:05:42,414 INFO  [org.apa.kaf.com.met.Metrics] (Thread-786) Metrics reporters closed
2025-07-31 17:05:42,415 INFO  [org.apa.kaf.com.uti.AppInfoParser] (Thread-786) App info kafka.consumer for consumer-Consumer-topic-a0c9c9ac_acac_4a90_9e18_d77334705fd2-25 unregistered
2025-07-31 17:05:42,587 INFO  [io.api.tes.ser.con.BasicConfluentSerDesIT] (main) Deleting confluent schema topic-a0c9c9ac_acac_4a90_9e18_d77334705fd2-value
2025-07-31 17:05:42,671 INFO  [io.api.tes.uti.TestSeparator] (main) io.apicurio.tests.serdes.confluent.BasicConfluentSerDesIT.testAvroConfluentSerDes-FINISHED
2025-07-31 17:05:42,671 INFO  [io.api.tes.uti.TestSeparator] (main) ############################################################################
Test passed: testAvroConfluentSerDes
]]></system-out>
  </testcase>
  <testcase name="testAvroConfluentForMultipleTopics" classname="io.apicurio.tests.serdes.confluent.BasicConfluentSerDesIT" time="3.604">
    <system-out><![CDATA[2025-07-31 17:05:42,675 INFO  [io.api.tes.uti.TestSeparator] (main) ############################################################################
2025-07-31 17:05:42,675 INFO  [io.api.tes.uti.TestSeparator] (main) io.apicurio.tests.serdes.confluent.BasicConfluentSerDesIT.testAvroConfluentForMultipleTopics-STARTED
2025-07-31 17:05:42,886 INFO  [io.api.tes.ser.con.BasicConfluentSerDesIT] (main) Checking that created schema is equal to the get schema
2025-07-31 17:05:42,970 INFO  [io.api.tes.ser.con.BasicConfluentSerDesIT] (main) Created schema with id:85 and name:myrecordconfluent6
**** Registry Base URL: http://registry-app-mysql.apps.ci419.apicurio-testing.org:80
2025-07-31 17:05:42,971 INFO  [org.apa.kaf.cli.pro.ProducerConfig] (main) ProducerConfig values: 
	acks = -1
	auto.include.jmx.reporter = true
	batch.size = 16384
	bootstrap.servers = [PLAINTEXT://localhost:32770]
	buffer.memory = 33554432
	client.dns.lookup = use_all_dns_ips
	client.id = Producer-topic-7a9e2454_9827_48d6_a8e2_c09cf18c3f5d
	compression.gzip.level = -1
	compression.lz4.level = 9
	compression.type = none
	compression.zstd.level = 3
	connections.max.idle.ms = 10000
	delivery.timeout.ms = 120000
	enable.idempotence = true
	enable.metrics.push = true
	interceptor.classes = []
	key.serializer = class org.apache.kafka.common.serialization.StringSerializer
	linger.ms = 0
	max.block.ms = 60000
	max.in.flight.requests.per.connection = 5
	max.request.size = 1048576
	metadata.max.age.ms = 300000
	metadata.max.idle.ms = 300000
	metadata.recovery.strategy = none
	metric.reporters = []
	metrics.num.samples = 2
	metrics.recording.level = INFO
	metrics.sample.window.ms = 30000
	partitioner.adaptive.partitioning.enable = true
	partitioner.availability.timeout.ms = 0
	partitioner.class = null
	partitioner.ignore.keys = false
	receive.buffer.bytes = 32768
	reconnect.backoff.max.ms = 1000
	reconnect.backoff.ms = 50
	request.timeout.ms = 5000
	retries = 2147483647
	retry.backoff.max.ms = 1000
	retry.backoff.ms = 100
	sasl.client.callback.handler.class = null
	sasl.jaas.config = null
	sasl.kerberos.kinit.cmd = /usr/bin/kinit
	sasl.kerberos.min.time.before.relogin = 60000
	sasl.kerberos.service.name = null
	sasl.kerberos.ticket.renew.jitter = 0.05
	sasl.kerberos.ticket.renew.window.factor = 0.8
	sasl.login.callback.handler.class = null
	sasl.login.class = null
	sasl.login.connect.timeout.ms = null
	sasl.login.read.timeout.ms = null
	sasl.login.refresh.buffer.seconds = 300
	sasl.login.refresh.min.period.seconds = 60
	sasl.login.refresh.window.factor = 0.8
	sasl.login.refresh.window.jitter = 0.05
	sasl.login.retry.backoff.max.ms = 10000
	sasl.login.retry.backoff.ms = 100
	sasl.mechanism = GSSAPI
	sasl.oauthbearer.clock.skew.seconds = 30
	sasl.oauthbearer.expected.audience = null
	sasl.oauthbearer.expected.issuer = null
	sasl.oauthbearer.header.urlencode = false
	sasl.oauthbearer.jwks.endpoint.refresh.ms = 3600000
	sasl.oauthbearer.jwks.endpoint.retry.backoff.max.ms = 10000
	sasl.oauthbearer.jwks.endpoint.retry.backoff.ms = 100
	sasl.oauthbearer.jwks.endpoint.url = null
	sasl.oauthbearer.scope.claim.name = scope
	sasl.oauthbearer.sub.claim.name = sub
	sasl.oauthbearer.token.endpoint.url = null
	security.protocol = PLAINTEXT
	security.providers = null
	send.buffer.bytes = 131072
	socket.connection.setup.timeout.max.ms = 30000
	socket.connection.setup.timeout.ms = 10000
	ssl.cipher.suites = null
	ssl.enabled.protocols = [TLSv1.2, TLSv1.3]
	ssl.endpoint.identification.algorithm = https
	ssl.engine.factory.class = null
	ssl.key.password = null
	ssl.keymanager.algorithm = SunX509
	ssl.keystore.certificate.chain = null
	ssl.keystore.key = null
	ssl.keystore.location = null
	ssl.keystore.password = null
	ssl.keystore.type = JKS
	ssl.protocol = TLSv1.3
	ssl.provider = null
	ssl.secure.random.implementation = null
	ssl.trustmanager.algorithm = PKIX
	ssl.truststore.certificates = null
	ssl.truststore.location = null
	ssl.truststore.password = null
	ssl.truststore.type = JKS
	transaction.timeout.ms = 60000
	transactional.id = null
	value.serializer = class io.apicurio.registry.serde.avro.AvroKafkaSerializer

2025-07-31 17:05:42,971 INFO  [org.apa.kaf.com.tel.int.KafkaMetricsCollector] (main) initializing Kafka metrics collector
2025-07-31 17:05:42,973 INFO  [org.apa.kaf.cli.pro.KafkaProducer] (main) [Producer clientId=Producer-topic-7a9e2454_9827_48d6_a8e2_c09cf18c3f5d] Instantiated an idempotent producer.
2025-07-31 17:05:42,975 INFO  [org.apa.kaf.cli.pro.ProducerConfig] (main) These configurations '[apicurio.registry.url, apicurio.registry.artifact-resolver-strategy]' were supplied but are not used yet.
2025-07-31 17:05:42,975 INFO  [org.apa.kaf.com.uti.AppInfoParser] (main) Kafka version: 3.9.1
2025-07-31 17:05:42,975 INFO  [org.apa.kaf.com.uti.AppInfoParser] (main) Kafka commitId: f745dfdcee2b9851
2025-07-31 17:05:42,975 INFO  [org.apa.kaf.com.uti.AppInfoParser] (main) Kafka startTimeMs: 1753981542975
**** Registry Base URL: http://registry-app-mysql.apps.ci419.apicurio-testing.org:80
2025-07-31 17:05:42,975 INFO  [org.apa.kaf.cli.pro.ProducerConfig] (main) ProducerConfig values: 
	acks = -1
	auto.include.jmx.reporter = true
	batch.size = 16384
	bootstrap.servers = [PLAINTEXT://localhost:32770]
	buffer.memory = 33554432
	client.dns.lookup = use_all_dns_ips
	client.id = Producer-topic-db5b21a2_5cfb_408e_b6cb_35f6b2015e6b
	compression.gzip.level = -1
	compression.lz4.level = 9
	compression.type = none
	compression.zstd.level = 3
	connections.max.idle.ms = 10000
	delivery.timeout.ms = 120000
	enable.idempotence = true
	enable.metrics.push = true
	interceptor.classes = []
	key.serializer = class org.apache.kafka.common.serialization.StringSerializer
	linger.ms = 0
	max.block.ms = 60000
	max.in.flight.requests.per.connection = 5
	max.request.size = 1048576
	metadata.max.age.ms = 300000
	metadata.max.idle.ms = 300000
	metadata.recovery.strategy = none
	metric.reporters = []
	metrics.num.samples = 2
	metrics.recording.level = INFO
	metrics.sample.window.ms = 30000
	partitioner.adaptive.partitioning.enable = true
	partitioner.availability.timeout.ms = 0
	partitioner.class = null
	partitioner.ignore.keys = false
	receive.buffer.bytes = 32768
	reconnect.backoff.max.ms = 1000
	reconnect.backoff.ms = 50
	request.timeout.ms = 5000
	retries = 2147483647
	retry.backoff.max.ms = 1000
	retry.backoff.ms = 100
	sasl.client.callback.handler.class = null
	sasl.jaas.config = null
	sasl.kerberos.kinit.cmd = /usr/bin/kinit
	sasl.kerberos.min.time.before.relogin = 60000
	sasl.kerberos.service.name = null
	sasl.kerberos.ticket.renew.jitter = 0.05
	sasl.kerberos.ticket.renew.window.factor = 0.8
	sasl.login.callback.handler.class = null
	sasl.login.class = null
	sasl.login.connect.timeout.ms = null
	sasl.login.read.timeout.ms = null
	sasl.login.refresh.buffer.seconds = 300
	sasl.login.refresh.min.period.seconds = 60
	sasl.login.refresh.window.factor = 0.8
	sasl.login.refresh.window.jitter = 0.05
	sasl.login.retry.backoff.max.ms = 10000
	sasl.login.retry.backoff.ms = 100
	sasl.mechanism = GSSAPI
	sasl.oauthbearer.clock.skew.seconds = 30
	sasl.oauthbearer.expected.audience = null
	sasl.oauthbearer.expected.issuer = null
	sasl.oauthbearer.header.urlencode = false
	sasl.oauthbearer.jwks.endpoint.refresh.ms = 3600000
	sasl.oauthbearer.jwks.endpoint.retry.backoff.max.ms = 10000
	sasl.oauthbearer.jwks.endpoint.retry.backoff.ms = 100
	sasl.oauthbearer.jwks.endpoint.url = null
	sasl.oauthbearer.scope.claim.name = scope
	sasl.oauthbearer.sub.claim.name = sub
	sasl.oauthbearer.token.endpoint.url = null
	security.protocol = PLAINTEXT
	security.providers = null
	send.buffer.bytes = 131072
	socket.connection.setup.timeout.max.ms = 30000
	socket.connection.setup.timeout.ms = 10000
	ssl.cipher.suites = null
	ssl.enabled.protocols = [TLSv1.2, TLSv1.3]
	ssl.endpoint.identification.algorithm = https
	ssl.engine.factory.class = null
	ssl.key.password = null
	ssl.keymanager.algorithm = SunX509
	ssl.keystore.certificate.chain = null
	ssl.keystore.key = null
	ssl.keystore.location = null
	ssl.keystore.password = null
	ssl.keystore.type = JKS
	ssl.protocol = TLSv1.3
	ssl.provider = null
	ssl.secure.random.implementation = null
	ssl.trustmanager.algorithm = PKIX
	ssl.truststore.certificates = null
	ssl.truststore.location = null
	ssl.truststore.password = null
	ssl.truststore.type = JKS
	transaction.timeout.ms = 60000
	transactional.id = null
	value.serializer = class io.apicurio.registry.serde.avro.AvroKafkaSerializer

2025-07-31 17:05:42,975 INFO  [org.apa.kaf.com.tel.int.KafkaMetricsCollector] (main) initializing Kafka metrics collector
2025-07-31 17:05:42,980 INFO  [org.apa.kaf.cli.Metadata] (kafka-producer-network-thread | Producer-topic-7a9e2454_9827_48d6_a8e2_c09cf18c3f5d) [Producer clientId=Producer-topic-7a9e2454_9827_48d6_a8e2_c09cf18c3f5d] Cluster ID: hHUi-5-6SnyFRAH2goQrJA
2025-07-31 17:05:42,980 INFO  [org.apa.kaf.cli.pro.int.TransactionManager] (kafka-producer-network-thread | Producer-topic-7a9e2454_9827_48d6_a8e2_c09cf18c3f5d) [Producer clientId=Producer-topic-7a9e2454_9827_48d6_a8e2_c09cf18c3f5d] ProducerId set to 33 with epoch 0
2025-07-31 17:05:42,981 INFO  [org.apa.kaf.cli.pro.KafkaProducer] (main) [Producer clientId=Producer-topic-db5b21a2_5cfb_408e_b6cb_35f6b2015e6b] Instantiated an idempotent producer.
2025-07-31 17:05:42,986 INFO  [org.apa.kaf.cli.pro.ProducerConfig] (main) These configurations '[apicurio.registry.url, apicurio.registry.artifact-resolver-strategy]' were supplied but are not used yet.
2025-07-31 17:05:42,986 INFO  [org.apa.kaf.com.uti.AppInfoParser] (main) Kafka version: 3.9.1
2025-07-31 17:05:42,986 INFO  [org.apa.kaf.com.uti.AppInfoParser] (main) Kafka commitId: f745dfdcee2b9851
2025-07-31 17:05:42,990 INFO  [org.apa.kaf.com.uti.AppInfoParser] (main) Kafka startTimeMs: 1753981542986
**** Registry Base URL: http://registry-app-mysql.apps.ci419.apicurio-testing.org:80
2025-07-31 17:05:42,991 INFO  [org.apa.kaf.cli.pro.ProducerConfig] (main) ProducerConfig values: 
	acks = -1
	auto.include.jmx.reporter = true
	batch.size = 16384
	bootstrap.servers = [PLAINTEXT://localhost:32770]
	buffer.memory = 33554432
	client.dns.lookup = use_all_dns_ips
	client.id = Producer-topic-7c247647_7424_4c0a_af8e_8d79c70fe76d
	compression.gzip.level = -1
	compression.lz4.level = 9
	compression.type = none
	compression.zstd.level = 3
	connections.max.idle.ms = 10000
	delivery.timeout.ms = 120000
	enable.idempotence = true
	enable.metrics.push = true
	interceptor.classes = []
	key.serializer = class org.apache.kafka.common.serialization.StringSerializer
	linger.ms = 0
	max.block.ms = 60000
	max.in.flight.requests.per.connection = 5
	max.request.size = 1048576
	metadata.max.age.ms = 300000
	metadata.max.idle.ms = 300000
	metadata.recovery.strategy = none
	metric.reporters = []
	metrics.num.samples = 2
	metrics.recording.level = INFO
	metrics.sample.window.ms = 30000
	partitioner.adaptive.partitioning.enable = true
	partitioner.availability.timeout.ms = 0
	partitioner.class = null
	partitioner.ignore.keys = false
	receive.buffer.bytes = 32768
	reconnect.backoff.max.ms = 1000
	reconnect.backoff.ms = 50
	request.timeout.ms = 5000
	retries = 2147483647
	retry.backoff.max.ms = 1000
	retry.backoff.ms = 100
	sasl.client.callback.handler.class = null
	sasl.jaas.config = null
	sasl.kerberos.kinit.cmd = /usr/bin/kinit
	sasl.kerberos.min.time.before.relogin = 60000
	sasl.kerberos.service.name = null
	sasl.kerberos.ticket.renew.jitter = 0.05
	sasl.kerberos.ticket.renew.window.factor = 0.8
	sasl.login.callback.handler.class = null
	sasl.login.class = null
	sasl.login.connect.timeout.ms = null
	sasl.login.read.timeout.ms = null
	sasl.login.refresh.buffer.seconds = 300
	sasl.login.refresh.min.period.seconds = 60
	sasl.login.refresh.window.factor = 0.8
	sasl.login.refresh.window.jitter = 0.05
	sasl.login.retry.backoff.max.ms = 10000
	sasl.login.retry.backoff.ms = 100
	sasl.mechanism = GSSAPI
	sasl.oauthbearer.clock.skew.seconds = 30
	sasl.oauthbearer.expected.audience = null
	sasl.oauthbearer.expected.issuer = null
	sasl.oauthbearer.header.urlencode = false
	sasl.oauthbearer.jwks.endpoint.refresh.ms = 3600000
	sasl.oauthbearer.jwks.endpoint.retry.backoff.max.ms = 10000
	sasl.oauthbearer.jwks.endpoint.retry.backoff.ms = 100
	sasl.oauthbearer.jwks.endpoint.url = null
	sasl.oauthbearer.scope.claim.name = scope
	sasl.oauthbearer.sub.claim.name = sub
	sasl.oauthbearer.token.endpoint.url = null
	security.protocol = PLAINTEXT
	security.providers = null
	send.buffer.bytes = 131072
	socket.connection.setup.timeout.max.ms = 30000
	socket.connection.setup.timeout.ms = 10000
	ssl.cipher.suites = null
	ssl.enabled.protocols = [TLSv1.2, TLSv1.3]
	ssl.endpoint.identification.algorithm = https
	ssl.engine.factory.class = null
	ssl.key.password = null
	ssl.keymanager.algorithm = SunX509
	ssl.keystore.certificate.chain = null
	ssl.keystore.key = null
	ssl.keystore.location = null
	ssl.keystore.password = null
	ssl.keystore.type = JKS
	ssl.protocol = TLSv1.3
	ssl.provider = null
	ssl.secure.random.implementation = null
	ssl.trustmanager.algorithm = PKIX
	ssl.truststore.certificates = null
	ssl.truststore.location = null
	ssl.truststore.password = null
	ssl.truststore.type = JKS
	transaction.timeout.ms = 60000
	transactional.id = null
	value.serializer = class io.apicurio.registry.serde.avro.AvroKafkaSerializer

2025-07-31 17:05:42,991 INFO  [org.apa.kaf.com.tel.int.KafkaMetricsCollector] (main) initializing Kafka metrics collector
2025-07-31 17:05:43,002 INFO  [org.apa.kaf.cli.Metadata] (kafka-producer-network-thread | Producer-topic-db5b21a2_5cfb_408e_b6cb_35f6b2015e6b) [Producer clientId=Producer-topic-db5b21a2_5cfb_408e_b6cb_35f6b2015e6b] Cluster ID: hHUi-5-6SnyFRAH2goQrJA
2025-07-31 17:05:43,004 INFO  [org.apa.kaf.cli.pro.int.TransactionManager] (kafka-producer-network-thread | Producer-topic-db5b21a2_5cfb_408e_b6cb_35f6b2015e6b) [Producer clientId=Producer-topic-db5b21a2_5cfb_408e_b6cb_35f6b2015e6b] ProducerId set to 34 with epoch 0
2025-07-31 17:05:43,005 INFO  [org.apa.kaf.cli.pro.KafkaProducer] (main) [Producer clientId=Producer-topic-7c247647_7424_4c0a_af8e_8d79c70fe76d] Instantiated an idempotent producer.
2025-07-31 17:05:43,014 INFO  [org.apa.kaf.cli.pro.ProducerConfig] (main) These configurations '[apicurio.registry.url, apicurio.registry.artifact-resolver-strategy]' were supplied but are not used yet.
2025-07-31 17:05:43,015 INFO  [org.apa.kaf.com.uti.AppInfoParser] (main) Kafka version: 3.9.1
2025-07-31 17:05:43,015 INFO  [org.apa.kaf.com.uti.AppInfoParser] (main) Kafka commitId: f745dfdcee2b9851
2025-07-31 17:05:43,015 INFO  [org.apa.kaf.com.uti.AppInfoParser] (main) Kafka startTimeMs: 1753981543014
**** Registry Base URL: http://registry-app-mysql.apps.ci419.apicurio-testing.org:80
2025-07-31 17:05:43,016 INFO  [org.apa.kaf.cli.con.ConsumerConfig] (main) ConsumerConfig values: 
	allow.auto.create.topics = true
	auto.commit.interval.ms = 500
	auto.include.jmx.reporter = true
	auto.offset.reset = earliest
	bootstrap.servers = [PLAINTEXT://localhost:32770]
	check.crcs = true
	client.dns.lookup = use_all_dns_ips
	client.id = consumer-Consumer-topic-7a9e2454_9827_48d6_a8e2_c09cf18c3f5d-26
	client.rack = 
	connections.max.idle.ms = 10000
	default.api.timeout.ms = 60000
	enable.auto.commit = true
	enable.metrics.push = true
	exclude.internal.topics = true
	fetch.max.bytes = 52428800
	fetch.max.wait.ms = 500
	fetch.min.bytes = 1
	group.id = Consumer-topic-7a9e2454_9827_48d6_a8e2_c09cf18c3f5d
	group.instance.id = null
	group.protocol = classic
	group.remote.assignor = null
	heartbeat.interval.ms = 3000
	interceptor.classes = []
	internal.leave.group.on.close = true
	internal.throw.on.fetch.stable.offset.unsupported = false
	isolation.level = read_uncommitted
	key.deserializer = class org.apache.kafka.common.serialization.StringDeserializer
	max.partition.fetch.bytes = 1048576
	max.poll.interval.ms = 300000
	max.poll.records = 500
	metadata.max.age.ms = 300000
	metadata.recovery.strategy = none
	metric.reporters = []
	metrics.num.samples = 2
	metrics.recording.level = INFO
	metrics.sample.window.ms = 30000
	partition.assignment.strategy = [class org.apache.kafka.clients.consumer.RangeAssignor, class org.apache.kafka.clients.consumer.CooperativeStickyAssignor]
	receive.buffer.bytes = 65536
	reconnect.backoff.max.ms = 1000
	reconnect.backoff.ms = 50
	request.timeout.ms = 5000
	retry.backoff.max.ms = 1000
	retry.backoff.ms = 100
	sasl.client.callback.handler.class = null
	sasl.jaas.config = null
	sasl.kerberos.kinit.cmd = /usr/bin/kinit
	sasl.kerberos.min.time.before.relogin = 60000
	sasl.kerberos.service.name = null
	sasl.kerberos.ticket.renew.jitter = 0.05
	sasl.kerberos.ticket.renew.window.factor = 0.8
	sasl.login.callback.handler.class = null
	sasl.login.class = null
	sasl.login.connect.timeout.ms = null
	sasl.login.read.timeout.ms = null
	sasl.login.refresh.buffer.seconds = 300
	sasl.login.refresh.min.period.seconds = 60
	sasl.login.refresh.window.factor = 0.8
	sasl.login.refresh.window.jitter = 0.05
	sasl.login.retry.backoff.max.ms = 10000
	sasl.login.retry.backoff.ms = 100
	sasl.mechanism = GSSAPI
	sasl.oauthbearer.clock.skew.seconds = 30
	sasl.oauthbearer.expected.audience = null
	sasl.oauthbearer.expected.issuer = null
	sasl.oauthbearer.header.urlencode = false
	sasl.oauthbearer.jwks.endpoint.refresh.ms = 3600000
	sasl.oauthbearer.jwks.endpoint.retry.backoff.max.ms = 10000
	sasl.oauthbearer.jwks.endpoint.retry.backoff.ms = 100
	sasl.oauthbearer.jwks.endpoint.url = null
	sasl.oauthbearer.scope.claim.name = scope
	sasl.oauthbearer.sub.claim.name = sub
	sasl.oauthbearer.token.endpoint.url = null
	security.protocol = PLAINTEXT
	security.providers = null
	send.buffer.bytes = 131072
	session.timeout.ms = 45000
	socket.connection.setup.timeout.max.ms = 30000
	socket.connection.setup.timeout.ms = 10000
	ssl.cipher.suites = null
	ssl.enabled.protocols = [TLSv1.2, TLSv1.3]
	ssl.endpoint.identification.algorithm = https
	ssl.engine.factory.class = null
	ssl.key.password = null
	ssl.keymanager.algorithm = SunX509
	ssl.keystore.certificate.chain = null
	ssl.keystore.key = null
	ssl.keystore.location = null
	ssl.keystore.password = null
	ssl.keystore.type = JKS
	ssl.protocol = TLSv1.3
	ssl.provider = null
	ssl.secure.random.implementation = null
	ssl.trustmanager.algorithm = PKIX
	ssl.truststore.certificates = null
	ssl.truststore.location = null
	ssl.truststore.password = null
	ssl.truststore.type = JKS
	value.deserializer = class io.apicurio.registry.serde.avro.AvroKafkaDeserializer

2025-07-31 17:05:43,016 INFO  [org.apa.kaf.com.tel.int.KafkaMetricsCollector] (main) initializing Kafka metrics collector
2025-07-31 17:05:43,021 INFO  [org.apa.kaf.cli.Metadata] (kafka-producer-network-thread | Producer-topic-7c247647_7424_4c0a_af8e_8d79c70fe76d) [Producer clientId=Producer-topic-7c247647_7424_4c0a_af8e_8d79c70fe76d] Cluster ID: hHUi-5-6SnyFRAH2goQrJA
2025-07-31 17:05:43,022 INFO  [org.apa.kaf.cli.pro.int.TransactionManager] (kafka-producer-network-thread | Producer-topic-7c247647_7424_4c0a_af8e_8d79c70fe76d) [Producer clientId=Producer-topic-7c247647_7424_4c0a_af8e_8d79c70fe76d] ProducerId set to 35 with epoch 0
2025-07-31 17:05:43,043 INFO  [org.apa.kaf.cli.con.ConsumerConfig] (main) These configurations '[apicurio.registry.url]' were supplied but are not used yet.
2025-07-31 17:05:43,043 INFO  [org.apa.kaf.com.uti.AppInfoParser] (main) Kafka version: 3.9.1
2025-07-31 17:05:43,043 INFO  [org.apa.kaf.com.uti.AppInfoParser] (main) Kafka commitId: f745dfdcee2b9851
2025-07-31 17:05:43,043 INFO  [org.apa.kaf.com.uti.AppInfoParser] (main) Kafka startTimeMs: 1753981543043
**** Registry Base URL: http://registry-app-mysql.apps.ci419.apicurio-testing.org:80
2025-07-31 17:05:43,044 INFO  [org.apa.kaf.cli.con.ConsumerConfig] (main) ConsumerConfig values: 
	allow.auto.create.topics = true
	auto.commit.interval.ms = 500
	auto.include.jmx.reporter = true
	auto.offset.reset = earliest
	bootstrap.servers = [PLAINTEXT://localhost:32770]
	check.crcs = true
	client.dns.lookup = use_all_dns_ips
	client.id = consumer-Consumer-topic-db5b21a2_5cfb_408e_b6cb_35f6b2015e6b-27
	client.rack = 
	connections.max.idle.ms = 10000
	default.api.timeout.ms = 60000
	enable.auto.commit = true
	enable.metrics.push = true
	exclude.internal.topics = true
	fetch.max.bytes = 52428800
	fetch.max.wait.ms = 500
	fetch.min.bytes = 1
	group.id = Consumer-topic-db5b21a2_5cfb_408e_b6cb_35f6b2015e6b
	group.instance.id = null
	group.protocol = classic
	group.remote.assignor = null
	heartbeat.interval.ms = 3000
	interceptor.classes = []
	internal.leave.group.on.close = true
	internal.throw.on.fetch.stable.offset.unsupported = false
	isolation.level = read_uncommitted
	key.deserializer = class org.apache.kafka.common.serialization.StringDeserializer
	max.partition.fetch.bytes = 1048576
	max.poll.interval.ms = 300000
	max.poll.records = 500
	metadata.max.age.ms = 300000
	metadata.recovery.strategy = none
	metric.reporters = []
	metrics.num.samples = 2
	metrics.recording.level = INFO
	metrics.sample.window.ms = 30000
	partition.assignment.strategy = [class org.apache.kafka.clients.consumer.RangeAssignor, class org.apache.kafka.clients.consumer.CooperativeStickyAssignor]
	receive.buffer.bytes = 65536
	reconnect.backoff.max.ms = 1000
	reconnect.backoff.ms = 50
	request.timeout.ms = 5000
	retry.backoff.max.ms = 1000
	retry.backoff.ms = 100
	sasl.client.callback.handler.class = null
	sasl.jaas.config = null
	sasl.kerberos.kinit.cmd = /usr/bin/kinit
	sasl.kerberos.min.time.before.relogin = 60000
	sasl.kerberos.service.name = null
	sasl.kerberos.ticket.renew.jitter = 0.05
	sasl.kerberos.ticket.renew.window.factor = 0.8
	sasl.login.callback.handler.class = null
	sasl.login.class = null
	sasl.login.connect.timeout.ms = null
	sasl.login.read.timeout.ms = null
	sasl.login.refresh.buffer.seconds = 300
	sasl.login.refresh.min.period.seconds = 60
	sasl.login.refresh.window.factor = 0.8
	sasl.login.refresh.window.jitter = 0.05
	sasl.login.retry.backoff.max.ms = 10000
	sasl.login.retry.backoff.ms = 100
	sasl.mechanism = GSSAPI
	sasl.oauthbearer.clock.skew.seconds = 30
	sasl.oauthbearer.expected.audience = null
	sasl.oauthbearer.expected.issuer = null
	sasl.oauthbearer.header.urlencode = false
	sasl.oauthbearer.jwks.endpoint.refresh.ms = 3600000
	sasl.oauthbearer.jwks.endpoint.retry.backoff.max.ms = 10000
	sasl.oauthbearer.jwks.endpoint.retry.backoff.ms = 100
	sasl.oauthbearer.jwks.endpoint.url = null
	sasl.oauthbearer.scope.claim.name = scope
	sasl.oauthbearer.sub.claim.name = sub
	sasl.oauthbearer.token.endpoint.url = null
	security.protocol = PLAINTEXT
	security.providers = null
	send.buffer.bytes = 131072
	session.timeout.ms = 45000
	socket.connection.setup.timeout.max.ms = 30000
	socket.connection.setup.timeout.ms = 10000
	ssl.cipher.suites = null
	ssl.enabled.protocols = [TLSv1.2, TLSv1.3]
	ssl.endpoint.identification.algorithm = https
	ssl.engine.factory.class = null
	ssl.key.password = null
	ssl.keymanager.algorithm = SunX509
	ssl.keystore.certificate.chain = null
	ssl.keystore.key = null
	ssl.keystore.location = null
	ssl.keystore.password = null
	ssl.keystore.type = JKS
	ssl.protocol = TLSv1.3
	ssl.provider = null
	ssl.secure.random.implementation = null
	ssl.trustmanager.algorithm = PKIX
	ssl.truststore.certificates = null
	ssl.truststore.location = null
	ssl.truststore.password = null
	ssl.truststore.type = JKS
	value.deserializer = class io.apicurio.registry.serde.avro.AvroKafkaDeserializer

2025-07-31 17:05:43,044 INFO  [org.apa.kaf.com.tel.int.KafkaMetricsCollector] (main) initializing Kafka metrics collector
2025-07-31 17:05:43,063 INFO  [org.apa.kaf.cli.con.ConsumerConfig] (main) These configurations '[apicurio.registry.url]' were supplied but are not used yet.
2025-07-31 17:05:43,064 INFO  [org.apa.kaf.com.uti.AppInfoParser] (main) Kafka version: 3.9.1
2025-07-31 17:05:43,064 INFO  [org.apa.kaf.com.uti.AppInfoParser] (main) Kafka commitId: f745dfdcee2b9851
2025-07-31 17:05:43,064 INFO  [org.apa.kaf.com.uti.AppInfoParser] (main) Kafka startTimeMs: 1753981543063
**** Registry Base URL: http://registry-app-mysql.apps.ci419.apicurio-testing.org:80
2025-07-31 17:05:43,064 INFO  [org.apa.kaf.cli.con.ConsumerConfig] (main) ConsumerConfig values: 
	allow.auto.create.topics = true
	auto.commit.interval.ms = 500
	auto.include.jmx.reporter = true
	auto.offset.reset = earliest
	bootstrap.servers = [PLAINTEXT://localhost:32770]
	check.crcs = true
	client.dns.lookup = use_all_dns_ips
	client.id = consumer-Consumer-topic-7c247647_7424_4c0a_af8e_8d79c70fe76d-28
	client.rack = 
	connections.max.idle.ms = 10000
	default.api.timeout.ms = 60000
	enable.auto.commit = true
	enable.metrics.push = true
	exclude.internal.topics = true
	fetch.max.bytes = 52428800
	fetch.max.wait.ms = 500
	fetch.min.bytes = 1
	group.id = Consumer-topic-7c247647_7424_4c0a_af8e_8d79c70fe76d
	group.instance.id = null
	group.protocol = classic
	group.remote.assignor = null
	heartbeat.interval.ms = 3000
	interceptor.classes = []
	internal.leave.group.on.close = true
	internal.throw.on.fetch.stable.offset.unsupported = false
	isolation.level = read_uncommitted
	key.deserializer = class org.apache.kafka.common.serialization.StringDeserializer
	max.partition.fetch.bytes = 1048576
	max.poll.interval.ms = 300000
	max.poll.records = 500
	metadata.max.age.ms = 300000
	metadata.recovery.strategy = none
	metric.reporters = []
	metrics.num.samples = 2
	metrics.recording.level = INFO
	metrics.sample.window.ms = 30000
	partition.assignment.strategy = [class org.apache.kafka.clients.consumer.RangeAssignor, class org.apache.kafka.clients.consumer.CooperativeStickyAssignor]
	receive.buffer.bytes = 65536
	reconnect.backoff.max.ms = 1000
	reconnect.backoff.ms = 50
	request.timeout.ms = 5000
	retry.backoff.max.ms = 1000
	retry.backoff.ms = 100
	sasl.client.callback.handler.class = null
	sasl.jaas.config = null
	sasl.kerberos.kinit.cmd = /usr/bin/kinit
	sasl.kerberos.min.time.before.relogin = 60000
	sasl.kerberos.service.name = null
	sasl.kerberos.ticket.renew.jitter = 0.05
	sasl.kerberos.ticket.renew.window.factor = 0.8
	sasl.login.callback.handler.class = null
	sasl.login.class = null
	sasl.login.connect.timeout.ms = null
	sasl.login.read.timeout.ms = null
	sasl.login.refresh.buffer.seconds = 300
	sasl.login.refresh.min.period.seconds = 60
	sasl.login.refresh.window.factor = 0.8
	sasl.login.refresh.window.jitter = 0.05
	sasl.login.retry.backoff.max.ms = 10000
	sasl.login.retry.backoff.ms = 100
	sasl.mechanism = GSSAPI
	sasl.oauthbearer.clock.skew.seconds = 30
	sasl.oauthbearer.expected.audience = null
	sasl.oauthbearer.expected.issuer = null
	sasl.oauthbearer.header.urlencode = false
	sasl.oauthbearer.jwks.endpoint.refresh.ms = 3600000
	sasl.oauthbearer.jwks.endpoint.retry.backoff.max.ms = 10000
	sasl.oauthbearer.jwks.endpoint.retry.backoff.ms = 100
	sasl.oauthbearer.jwks.endpoint.url = null
	sasl.oauthbearer.scope.claim.name = scope
	sasl.oauthbearer.sub.claim.name = sub
	sasl.oauthbearer.token.endpoint.url = null
	security.protocol = PLAINTEXT
	security.providers = null
	send.buffer.bytes = 131072
	session.timeout.ms = 45000
	socket.connection.setup.timeout.max.ms = 30000
	socket.connection.setup.timeout.ms = 10000
	ssl.cipher.suites = null
	ssl.enabled.protocols = [TLSv1.2, TLSv1.3]
	ssl.endpoint.identification.algorithm = https
	ssl.engine.factory.class = null
	ssl.key.password = null
	ssl.keymanager.algorithm = SunX509
	ssl.keystore.certificate.chain = null
	ssl.keystore.key = null
	ssl.keystore.location = null
	ssl.keystore.password = null
	ssl.keystore.type = JKS
	ssl.protocol = TLSv1.3
	ssl.provider = null
	ssl.secure.random.implementation = null
	ssl.trustmanager.algorithm = PKIX
	ssl.truststore.certificates = null
	ssl.truststore.location = null
	ssl.truststore.password = null
	ssl.truststore.type = JKS
	value.deserializer = class io.apicurio.registry.serde.avro.AvroKafkaDeserializer

2025-07-31 17:05:43,064 INFO  [org.apa.kaf.com.tel.int.KafkaMetricsCollector] (main) initializing Kafka metrics collector
2025-07-31 17:05:43,079 INFO  [org.apa.kaf.cli.con.ConsumerConfig] (main) These configurations '[apicurio.registry.url]' were supplied but are not used yet.
2025-07-31 17:05:43,079 INFO  [org.apa.kaf.com.uti.AppInfoParser] (main) Kafka version: 3.9.1
2025-07-31 17:05:43,079 INFO  [org.apa.kaf.com.uti.AppInfoParser] (main) Kafka commitId: f745dfdcee2b9851
2025-07-31 17:05:43,079 INFO  [org.apa.kaf.com.uti.AppInfoParser] (main) Kafka startTimeMs: 1753981543079
2025-07-31 17:05:43,082 INFO  [io.api.tes.ser.api.KafkaSerdesTester] (Thread-799) Sending message {"key1": "value-0"} to topic topic-7a9e2454_9827_48d6_a8e2_c09cf18c3f5d
2025-07-31 17:05:43,089 INFO  [DefaultSchemaResolver] (Thread-799) Retrieving schema content using string: {"type":"record","name":"myrecordconfluent6","fields":[{"name":"key1","type":"string"}]}
2025-07-31 17:05:43,371 INFO  [io.api.tes.ser.api.KafkaSerdesTester] (Thread-799) Sending message {"key1": "value-1"} to topic topic-7a9e2454_9827_48d6_a8e2_c09cf18c3f5d
2025-07-31 17:05:43,374 INFO  [io.api.tes.ser.api.KafkaSerdesTester] (Thread-799) Sending message {"key1": "value-2"} to topic topic-7a9e2454_9827_48d6_a8e2_c09cf18c3f5d
2025-07-31 17:05:43,377 INFO  [io.api.tes.ser.api.KafkaSerdesTester] (Thread-799) Sending message {"key1": "value-3"} to topic topic-7a9e2454_9827_48d6_a8e2_c09cf18c3f5d
2025-07-31 17:05:43,381 INFO  [io.api.tes.ser.api.KafkaSerdesTester] (Thread-799) Sending message {"key1": "value-4"} to topic topic-7a9e2454_9827_48d6_a8e2_c09cf18c3f5d
2025-07-31 17:05:43,386 INFO  [io.api.tes.ser.api.KafkaSerdesTester] (Thread-799) Sending message {"key1": "value-5"} to topic topic-7a9e2454_9827_48d6_a8e2_c09cf18c3f5d
2025-07-31 17:05:43,389 INFO  [io.api.tes.ser.api.KafkaSerdesTester] (Thread-799) Sending message {"key1": "value-6"} to topic topic-7a9e2454_9827_48d6_a8e2_c09cf18c3f5d
2025-07-31 17:05:43,390 INFO  [io.api.tes.ser.api.KafkaSerdesTester] (Thread-799) Sending message {"key1": "value-7"} to topic topic-7a9e2454_9827_48d6_a8e2_c09cf18c3f5d
2025-07-31 17:05:43,391 INFO  [io.api.tes.ser.api.KafkaSerdesTester] (Thread-799) Sending message {"key1": "value-8"} to topic topic-7a9e2454_9827_48d6_a8e2_c09cf18c3f5d
2025-07-31 17:05:43,393 INFO  [io.api.tes.ser.api.KafkaSerdesTester] (Thread-799) Sending message {"key1": "value-9"} to topic topic-7a9e2454_9827_48d6_a8e2_c09cf18c3f5d
2025-07-31 17:05:43,395 INFO  [io.api.tes.ser.api.KafkaSerdesTester] (Thread-799) Produced 10 messages
2025-07-31 17:05:43,395 INFO  [org.apa.kaf.cli.pro.KafkaProducer] (Thread-799) [Producer clientId=Producer-topic-7a9e2454_9827_48d6_a8e2_c09cf18c3f5d] Closing the Kafka producer with timeoutMillis = 9223372036854775807 ms.
2025-07-31 17:05:43,397 INFO  [org.apa.kaf.com.met.Metrics] (Thread-799) Metrics scheduler closed
2025-07-31 17:05:43,397 INFO  [org.apa.kaf.com.met.Metrics] (Thread-799) Closing reporter org.apache.kafka.common.metrics.JmxReporter
2025-07-31 17:05:43,397 INFO  [org.apa.kaf.com.met.Metrics] (Thread-799) Closing reporter org.apache.kafka.common.telemetry.internals.ClientTelemetryReporter
2025-07-31 17:05:43,397 INFO  [org.apa.kaf.com.met.Metrics] (Thread-799) Metrics reporters closed
2025-07-31 17:05:43,398 INFO  [org.apa.kaf.com.uti.AppInfoParser] (Thread-799) App info kafka.producer for Producer-topic-7a9e2454_9827_48d6_a8e2_c09cf18c3f5d unregistered
2025-07-31 17:05:43,399 INFO  [io.api.tes.ser.api.KafkaSerdesTester] (Thread-800) Sending message {"key1": "value-0"} to topic topic-db5b21a2_5cfb_408e_b6cb_35f6b2015e6b
2025-07-31 17:05:43,403 INFO  [DefaultSchemaResolver] (Thread-800) Retrieving schema content using string: {"type":"record","name":"myrecordconfluent6","fields":[{"name":"key1","type":"string"}]}
2025-07-31 17:05:43,570 INFO  [io.api.tes.ser.api.KafkaSerdesTester] (Thread-800) Sending message {"key1": "value-1"} to topic topic-db5b21a2_5cfb_408e_b6cb_35f6b2015e6b
2025-07-31 17:05:43,572 INFO  [io.api.tes.ser.api.KafkaSerdesTester] (Thread-800) Sending message {"key1": "value-2"} to topic topic-db5b21a2_5cfb_408e_b6cb_35f6b2015e6b
2025-07-31 17:05:43,574 INFO  [io.api.tes.ser.api.KafkaSerdesTester] (Thread-800) Sending message {"key1": "value-3"} to topic topic-db5b21a2_5cfb_408e_b6cb_35f6b2015e6b
2025-07-31 17:05:43,575 INFO  [io.api.tes.ser.api.KafkaSerdesTester] (Thread-800) Sending message {"key1": "value-4"} to topic topic-db5b21a2_5cfb_408e_b6cb_35f6b2015e6b
2025-07-31 17:05:43,577 INFO  [io.api.tes.ser.api.KafkaSerdesTester] (Thread-800) Sending message {"key1": "value-5"} to topic topic-db5b21a2_5cfb_408e_b6cb_35f6b2015e6b
2025-07-31 17:05:43,578 INFO  [io.api.tes.ser.api.KafkaSerdesTester] (Thread-800) Sending message {"key1": "value-6"} to topic topic-db5b21a2_5cfb_408e_b6cb_35f6b2015e6b
2025-07-31 17:05:43,579 INFO  [io.api.tes.ser.api.KafkaSerdesTester] (Thread-800) Sending message {"key1": "value-7"} to topic topic-db5b21a2_5cfb_408e_b6cb_35f6b2015e6b
2025-07-31 17:05:43,580 INFO  [io.api.tes.ser.api.KafkaSerdesTester] (Thread-800) Sending message {"key1": "value-8"} to topic topic-db5b21a2_5cfb_408e_b6cb_35f6b2015e6b
2025-07-31 17:05:43,581 INFO  [io.api.tes.ser.api.KafkaSerdesTester] (Thread-800) Sending message {"key1": "value-9"} to topic topic-db5b21a2_5cfb_408e_b6cb_35f6b2015e6b
2025-07-31 17:05:43,583 INFO  [io.api.tes.ser.api.KafkaSerdesTester] (Thread-800) Produced 10 messages
2025-07-31 17:05:43,583 INFO  [org.apa.kaf.cli.pro.KafkaProducer] (Thread-800) [Producer clientId=Producer-topic-db5b21a2_5cfb_408e_b6cb_35f6b2015e6b] Closing the Kafka producer with timeoutMillis = 9223372036854775807 ms.
2025-07-31 17:05:43,586 INFO  [org.apa.kaf.com.met.Metrics] (Thread-800) Metrics scheduler closed
2025-07-31 17:05:43,586 INFO  [org.apa.kaf.com.met.Metrics] (Thread-800) Closing reporter org.apache.kafka.common.metrics.JmxReporter
2025-07-31 17:05:43,586 INFO  [org.apa.kaf.com.met.Metrics] (Thread-800) Closing reporter org.apache.kafka.common.telemetry.internals.ClientTelemetryReporter
2025-07-31 17:05:43,586 INFO  [org.apa.kaf.com.met.Metrics] (Thread-800) Metrics reporters closed
2025-07-31 17:05:43,586 INFO  [org.apa.kaf.com.uti.AppInfoParser] (Thread-800) App info kafka.producer for Producer-topic-db5b21a2_5cfb_408e_b6cb_35f6b2015e6b unregistered
2025-07-31 17:05:43,588 INFO  [io.api.tes.ser.api.KafkaSerdesTester] (Thread-801) Sending message {"key1": "value-0"} to topic topic-7c247647_7424_4c0a_af8e_8d79c70fe76d
2025-07-31 17:05:43,594 INFO  [DefaultSchemaResolver] (Thread-801) Retrieving schema content using string: {"type":"record","name":"myrecordconfluent6","fields":[{"name":"key1","type":"string"}]}
2025-07-31 17:05:43,752 INFO  [io.api.tes.ser.api.KafkaSerdesTester] (Thread-801) Sending message {"key1": "value-1"} to topic topic-7c247647_7424_4c0a_af8e_8d79c70fe76d
2025-07-31 17:05:43,753 INFO  [io.api.tes.ser.api.KafkaSerdesTester] (Thread-801) Sending message {"key1": "value-2"} to topic topic-7c247647_7424_4c0a_af8e_8d79c70fe76d
2025-07-31 17:05:43,755 INFO  [io.api.tes.ser.api.KafkaSerdesTester] (Thread-801) Sending message {"key1": "value-3"} to topic topic-7c247647_7424_4c0a_af8e_8d79c70fe76d
2025-07-31 17:05:43,757 INFO  [io.api.tes.ser.api.KafkaSerdesTester] (Thread-801) Sending message {"key1": "value-4"} to topic topic-7c247647_7424_4c0a_af8e_8d79c70fe76d
2025-07-31 17:05:43,758 INFO  [io.api.tes.ser.api.KafkaSerdesTester] (Thread-801) Sending message {"key1": "value-5"} to topic topic-7c247647_7424_4c0a_af8e_8d79c70fe76d
2025-07-31 17:05:43,759 INFO  [io.api.tes.ser.api.KafkaSerdesTester] (Thread-801) Sending message {"key1": "value-6"} to topic topic-7c247647_7424_4c0a_af8e_8d79c70fe76d
2025-07-31 17:05:43,760 INFO  [io.api.tes.ser.api.KafkaSerdesTester] (Thread-801) Sending message {"key1": "value-7"} to topic topic-7c247647_7424_4c0a_af8e_8d79c70fe76d
2025-07-31 17:05:43,761 INFO  [io.api.tes.ser.api.KafkaSerdesTester] (Thread-801) Sending message {"key1": "value-8"} to topic topic-7c247647_7424_4c0a_af8e_8d79c70fe76d
2025-07-31 17:05:43,763 INFO  [io.api.tes.ser.api.KafkaSerdesTester] (Thread-801) Sending message {"key1": "value-9"} to topic topic-7c247647_7424_4c0a_af8e_8d79c70fe76d
2025-07-31 17:05:43,765 INFO  [io.api.tes.ser.api.KafkaSerdesTester] (Thread-801) Produced 10 messages
2025-07-31 17:05:43,765 INFO  [org.apa.kaf.cli.pro.KafkaProducer] (Thread-801) [Producer clientId=Producer-topic-7c247647_7424_4c0a_af8e_8d79c70fe76d] Closing the Kafka producer with timeoutMillis = 9223372036854775807 ms.
2025-07-31 17:05:43,767 INFO  [org.apa.kaf.com.met.Metrics] (Thread-801) Metrics scheduler closed
2025-07-31 17:05:43,767 INFO  [org.apa.kaf.com.met.Metrics] (Thread-801) Closing reporter org.apache.kafka.common.metrics.JmxReporter
2025-07-31 17:05:43,767 INFO  [org.apa.kaf.com.met.Metrics] (Thread-801) Closing reporter org.apache.kafka.common.telemetry.internals.ClientTelemetryReporter
2025-07-31 17:05:43,767 INFO  [org.apa.kaf.com.met.Metrics] (Thread-801) Metrics reporters closed
2025-07-31 17:05:43,767 INFO  [org.apa.kaf.com.uti.AppInfoParser] (Thread-801) App info kafka.producer for Producer-topic-7c247647_7424_4c0a_af8e_8d79c70fe76d unregistered
2025-07-31 17:05:43,769 INFO  [org.apa.kaf.cli.con.int.ClassicKafkaConsumer] (Thread-802) [Consumer clientId=consumer-Consumer-topic-7a9e2454_9827_48d6_a8e2_c09cf18c3f5d-26, groupId=Consumer-topic-7a9e2454_9827_48d6_a8e2_c09cf18c3f5d] Subscribed to topic(s): topic-7a9e2454_9827_48d6_a8e2_c09cf18c3f5d
2025-07-31 17:05:43,773 INFO  [org.apa.kaf.cli.Metadata] (Thread-802) [Consumer clientId=consumer-Consumer-topic-7a9e2454_9827_48d6_a8e2_c09cf18c3f5d-26, groupId=Consumer-topic-7a9e2454_9827_48d6_a8e2_c09cf18c3f5d] Cluster ID: hHUi-5-6SnyFRAH2goQrJA
2025-07-31 17:05:43,773 INFO  [org.apa.kaf.cli.con.int.ConsumerCoordinator] (Thread-802) [Consumer clientId=consumer-Consumer-topic-7a9e2454_9827_48d6_a8e2_c09cf18c3f5d-26, groupId=Consumer-topic-7a9e2454_9827_48d6_a8e2_c09cf18c3f5d] Discovered group coordinator localhost:32770 (id: 2147483647 rack: null)
2025-07-31 17:05:43,775 INFO  [org.apa.kaf.cli.con.int.ConsumerCoordinator] (Thread-802) [Consumer clientId=consumer-Consumer-topic-7a9e2454_9827_48d6_a8e2_c09cf18c3f5d-26, groupId=Consumer-topic-7a9e2454_9827_48d6_a8e2_c09cf18c3f5d] (Re-)joining group
2025-07-31 17:05:43,779 INFO  [org.apa.kaf.cli.con.int.ConsumerCoordinator] (Thread-802) [Consumer clientId=consumer-Consumer-topic-7a9e2454_9827_48d6_a8e2_c09cf18c3f5d-26, groupId=Consumer-topic-7a9e2454_9827_48d6_a8e2_c09cf18c3f5d] Request joining group due to: need to re-join with the given member-id: consumer-Consumer-topic-7a9e2454_9827_48d6_a8e2_c09cf18c3f5d-26-544411c6-441b-4060-b7a4-070023aa6310
2025-07-31 17:05:43,779 INFO  [org.apa.kaf.cli.con.int.ConsumerCoordinator] (Thread-802) [Consumer clientId=consumer-Consumer-topic-7a9e2454_9827_48d6_a8e2_c09cf18c3f5d-26, groupId=Consumer-topic-7a9e2454_9827_48d6_a8e2_c09cf18c3f5d] (Re-)joining group
2025-07-31 17:05:43,783 INFO  [org.apa.kaf.cli.con.int.ConsumerCoordinator] (Thread-802) [Consumer clientId=consumer-Consumer-topic-7a9e2454_9827_48d6_a8e2_c09cf18c3f5d-26, groupId=Consumer-topic-7a9e2454_9827_48d6_a8e2_c09cf18c3f5d] Successfully joined group with generation Generation{generationId=1, memberId='consumer-Consumer-topic-7a9e2454_9827_48d6_a8e2_c09cf18c3f5d-26-544411c6-441b-4060-b7a4-070023aa6310', protocol='range'}
2025-07-31 17:05:43,783 INFO  [org.apa.kaf.cli.con.int.ConsumerCoordinator] (Thread-802) [Consumer clientId=consumer-Consumer-topic-7a9e2454_9827_48d6_a8e2_c09cf18c3f5d-26, groupId=Consumer-topic-7a9e2454_9827_48d6_a8e2_c09cf18c3f5d] Finished assignment for group at generation 1: {consumer-Consumer-topic-7a9e2454_9827_48d6_a8e2_c09cf18c3f5d-26-544411c6-441b-4060-b7a4-070023aa6310=Assignment(partitions=[topic-7a9e2454_9827_48d6_a8e2_c09cf18c3f5d-0])}
2025-07-31 17:05:43,785 INFO  [org.apa.kaf.cli.con.int.ConsumerCoordinator] (Thread-802) [Consumer clientId=consumer-Consumer-topic-7a9e2454_9827_48d6_a8e2_c09cf18c3f5d-26, groupId=Consumer-topic-7a9e2454_9827_48d6_a8e2_c09cf18c3f5d] Successfully synced group in generation Generation{generationId=1, memberId='consumer-Consumer-topic-7a9e2454_9827_48d6_a8e2_c09cf18c3f5d-26-544411c6-441b-4060-b7a4-070023aa6310', protocol='range'}
2025-07-31 17:05:43,785 INFO  [org.apa.kaf.cli.con.int.ConsumerCoordinator] (Thread-802) [Consumer clientId=consumer-Consumer-topic-7a9e2454_9827_48d6_a8e2_c09cf18c3f5d-26, groupId=Consumer-topic-7a9e2454_9827_48d6_a8e2_c09cf18c3f5d] Notifying assignor about the new Assignment(partitions=[topic-7a9e2454_9827_48d6_a8e2_c09cf18c3f5d-0])
2025-07-31 17:05:43,785 INFO  [org.apa.kaf.cli.con.int.ConsumerRebalanceListenerInvoker] (Thread-802) [Consumer clientId=consumer-Consumer-topic-7a9e2454_9827_48d6_a8e2_c09cf18c3f5d-26, groupId=Consumer-topic-7a9e2454_9827_48d6_a8e2_c09cf18c3f5d] Adding newly assigned partitions: topic-7a9e2454_9827_48d6_a8e2_c09cf18c3f5d-0
2025-07-31 17:05:43,786 INFO  [org.apa.kaf.cli.con.int.ConsumerCoordinator] (Thread-802) [Consumer clientId=consumer-Consumer-topic-7a9e2454_9827_48d6_a8e2_c09cf18c3f5d-26, groupId=Consumer-topic-7a9e2454_9827_48d6_a8e2_c09cf18c3f5d] Found no committed offset for partition topic-7a9e2454_9827_48d6_a8e2_c09cf18c3f5d-0
2025-07-31 17:05:43,790 INFO  [org.apa.kaf.cli.con.int.SubscriptionState] (Thread-802) [Consumer clientId=consumer-Consumer-topic-7a9e2454_9827_48d6_a8e2_c09cf18c3f5d-26, groupId=Consumer-topic-7a9e2454_9827_48d6_a8e2_c09cf18c3f5d] Resetting offset for partition topic-7a9e2454_9827_48d6_a8e2_c09cf18c3f5d-0 to position FetchPosition{offset=0, offsetEpoch=Optional.empty, currentLeader=LeaderAndEpoch{leader=Optional[localhost:32770 (id: 0 rack: null)], epoch=0}}.
2025-07-31 17:05:44,019 INFO  [io.api.tes.ser.api.KafkaSerdesTester] (Thread-802) topic-7a9e2454_9827_48d6_a8e2_c09cf18c3f5d 0 0 {"key1": "value-0"}
2025-07-31 17:05:44,019 INFO  [io.api.tes.ser.api.KafkaSerdesTester] (Thread-802) topic-7a9e2454_9827_48d6_a8e2_c09cf18c3f5d 0 1 {"key1": "value-1"}
2025-07-31 17:05:44,019 INFO  [io.api.tes.ser.api.KafkaSerdesTester] (Thread-802) topic-7a9e2454_9827_48d6_a8e2_c09cf18c3f5d 0 2 {"key1": "value-2"}
2025-07-31 17:05:44,019 INFO  [io.api.tes.ser.api.KafkaSerdesTester] (Thread-802) topic-7a9e2454_9827_48d6_a8e2_c09cf18c3f5d 0 3 {"key1": "value-3"}
2025-07-31 17:05:44,019 INFO  [io.api.tes.ser.api.KafkaSerdesTester] (Thread-802) topic-7a9e2454_9827_48d6_a8e2_c09cf18c3f5d 0 4 {"key1": "value-4"}
2025-07-31 17:05:44,019 INFO  [io.api.tes.ser.api.KafkaSerdesTester] (Thread-802) topic-7a9e2454_9827_48d6_a8e2_c09cf18c3f5d 0 5 {"key1": "value-5"}
2025-07-31 17:05:44,019 INFO  [io.api.tes.ser.api.KafkaSerdesTester] (Thread-802) topic-7a9e2454_9827_48d6_a8e2_c09cf18c3f5d 0 6 {"key1": "value-6"}
2025-07-31 17:05:44,019 INFO  [io.api.tes.ser.api.KafkaSerdesTester] (Thread-802) topic-7a9e2454_9827_48d6_a8e2_c09cf18c3f5d 0 7 {"key1": "value-7"}
2025-07-31 17:05:44,019 INFO  [io.api.tes.ser.api.KafkaSerdesTester] (Thread-802) topic-7a9e2454_9827_48d6_a8e2_c09cf18c3f5d 0 8 {"key1": "value-8"}
2025-07-31 17:05:44,019 INFO  [io.api.tes.ser.api.KafkaSerdesTester] (Thread-802) topic-7a9e2454_9827_48d6_a8e2_c09cf18c3f5d 0 9 {"key1": "value-9"}
2025-07-31 17:05:44,020 INFO  [io.api.tes.ser.api.KafkaSerdesTester] (Thread-802) Consumed 10 messages
2025-07-31 17:05:44,023 INFO  [org.apa.kaf.cli.con.int.ConsumerRebalanceListenerInvoker] (Thread-802) [Consumer clientId=consumer-Consumer-topic-7a9e2454_9827_48d6_a8e2_c09cf18c3f5d-26, groupId=Consumer-topic-7a9e2454_9827_48d6_a8e2_c09cf18c3f5d] Revoke previously assigned partitions topic-7a9e2454_9827_48d6_a8e2_c09cf18c3f5d-0
2025-07-31 17:05:44,023 INFO  [org.apa.kaf.cli.con.int.ConsumerCoordinator] (Thread-802) [Consumer clientId=consumer-Consumer-topic-7a9e2454_9827_48d6_a8e2_c09cf18c3f5d-26, groupId=Consumer-topic-7a9e2454_9827_48d6_a8e2_c09cf18c3f5d] Member consumer-Consumer-topic-7a9e2454_9827_48d6_a8e2_c09cf18c3f5d-26-544411c6-441b-4060-b7a4-070023aa6310 sending LeaveGroup request to coordinator localhost:32770 (id: 2147483647 rack: null) due to the consumer is being closed
2025-07-31 17:05:44,023 INFO  [org.apa.kaf.cli.con.int.ConsumerCoordinator] (Thread-802) [Consumer clientId=consumer-Consumer-topic-7a9e2454_9827_48d6_a8e2_c09cf18c3f5d-26, groupId=Consumer-topic-7a9e2454_9827_48d6_a8e2_c09cf18c3f5d] Resetting generation and member id due to: consumer pro-actively leaving the group
2025-07-31 17:05:44,023 INFO  [org.apa.kaf.cli.con.int.ConsumerCoordinator] (Thread-802) [Consumer clientId=consumer-Consumer-topic-7a9e2454_9827_48d6_a8e2_c09cf18c3f5d-26, groupId=Consumer-topic-7a9e2454_9827_48d6_a8e2_c09cf18c3f5d] Request joining group due to: consumer pro-actively leaving the group
2025-07-31 17:05:44,524 INFO  [org.apa.kaf.com.met.Metrics] (Thread-802) Metrics scheduler closed
2025-07-31 17:05:44,524 INFO  [org.apa.kaf.com.met.Metrics] (Thread-802) Closing reporter org.apache.kafka.common.metrics.JmxReporter
2025-07-31 17:05:44,524 INFO  [org.apa.kaf.com.met.Metrics] (Thread-802) Closing reporter org.apache.kafka.common.telemetry.internals.ClientTelemetryReporter
2025-07-31 17:05:44,524 INFO  [org.apa.kaf.com.met.Metrics] (Thread-802) Metrics reporters closed
2025-07-31 17:05:44,526 INFO  [org.apa.kaf.com.uti.AppInfoParser] (Thread-802) App info kafka.consumer for consumer-Consumer-topic-7a9e2454_9827_48d6_a8e2_c09cf18c3f5d-26 unregistered
2025-07-31 17:05:44,527 INFO  [org.apa.kaf.cli.con.int.ClassicKafkaConsumer] (Thread-803) [Consumer clientId=consumer-Consumer-topic-db5b21a2_5cfb_408e_b6cb_35f6b2015e6b-27, groupId=Consumer-topic-db5b21a2_5cfb_408e_b6cb_35f6b2015e6b] Subscribed to topic(s): topic-db5b21a2_5cfb_408e_b6cb_35f6b2015e6b
2025-07-31 17:05:44,533 INFO  [org.apa.kaf.cli.Metadata] (Thread-803) [Consumer clientId=consumer-Consumer-topic-db5b21a2_5cfb_408e_b6cb_35f6b2015e6b-27, groupId=Consumer-topic-db5b21a2_5cfb_408e_b6cb_35f6b2015e6b] Cluster ID: hHUi-5-6SnyFRAH2goQrJA
2025-07-31 17:05:44,534 INFO  [org.apa.kaf.cli.con.int.ConsumerCoordinator] (Thread-803) [Consumer clientId=consumer-Consumer-topic-db5b21a2_5cfb_408e_b6cb_35f6b2015e6b-27, groupId=Consumer-topic-db5b21a2_5cfb_408e_b6cb_35f6b2015e6b] Discovered group coordinator localhost:32770 (id: 2147483647 rack: null)
2025-07-31 17:05:44,536 INFO  [org.apa.kaf.cli.con.int.ConsumerCoordinator] (Thread-803) [Consumer clientId=consumer-Consumer-topic-db5b21a2_5cfb_408e_b6cb_35f6b2015e6b-27, groupId=Consumer-topic-db5b21a2_5cfb_408e_b6cb_35f6b2015e6b] (Re-)joining group
2025-07-31 17:05:44,538 INFO  [org.apa.kaf.cli.con.int.ConsumerCoordinator] (Thread-803) [Consumer clientId=consumer-Consumer-topic-db5b21a2_5cfb_408e_b6cb_35f6b2015e6b-27, groupId=Consumer-topic-db5b21a2_5cfb_408e_b6cb_35f6b2015e6b] Request joining group due to: need to re-join with the given member-id: consumer-Consumer-topic-db5b21a2_5cfb_408e_b6cb_35f6b2015e6b-27-655c5474-8ebd-462b-8597-9f53502f56d6
2025-07-31 17:05:44,538 INFO  [org.apa.kaf.cli.con.int.ConsumerCoordinator] (Thread-803) [Consumer clientId=consumer-Consumer-topic-db5b21a2_5cfb_408e_b6cb_35f6b2015e6b-27, groupId=Consumer-topic-db5b21a2_5cfb_408e_b6cb_35f6b2015e6b] (Re-)joining group
2025-07-31 17:05:44,542 INFO  [org.apa.kaf.cli.con.int.ConsumerCoordinator] (Thread-803) [Consumer clientId=consumer-Consumer-topic-db5b21a2_5cfb_408e_b6cb_35f6b2015e6b-27, groupId=Consumer-topic-db5b21a2_5cfb_408e_b6cb_35f6b2015e6b] Successfully joined group with generation Generation{generationId=1, memberId='consumer-Consumer-topic-db5b21a2_5cfb_408e_b6cb_35f6b2015e6b-27-655c5474-8ebd-462b-8597-9f53502f56d6', protocol='range'}
2025-07-31 17:05:44,542 INFO  [org.apa.kaf.cli.con.int.ConsumerCoordinator] (Thread-803) [Consumer clientId=consumer-Consumer-topic-db5b21a2_5cfb_408e_b6cb_35f6b2015e6b-27, groupId=Consumer-topic-db5b21a2_5cfb_408e_b6cb_35f6b2015e6b] Finished assignment for group at generation 1: {consumer-Consumer-topic-db5b21a2_5cfb_408e_b6cb_35f6b2015e6b-27-655c5474-8ebd-462b-8597-9f53502f56d6=Assignment(partitions=[topic-db5b21a2_5cfb_408e_b6cb_35f6b2015e6b-0])}
2025-07-31 17:05:44,546 INFO  [org.apa.kaf.cli.con.int.ConsumerCoordinator] (Thread-803) [Consumer clientId=consumer-Consumer-topic-db5b21a2_5cfb_408e_b6cb_35f6b2015e6b-27, groupId=Consumer-topic-db5b21a2_5cfb_408e_b6cb_35f6b2015e6b] Successfully synced group in generation Generation{generationId=1, memberId='consumer-Consumer-topic-db5b21a2_5cfb_408e_b6cb_35f6b2015e6b-27-655c5474-8ebd-462b-8597-9f53502f56d6', protocol='range'}
2025-07-31 17:05:44,546 INFO  [org.apa.kaf.cli.con.int.ConsumerCoordinator] (Thread-803) [Consumer clientId=consumer-Consumer-topic-db5b21a2_5cfb_408e_b6cb_35f6b2015e6b-27, groupId=Consumer-topic-db5b21a2_5cfb_408e_b6cb_35f6b2015e6b] Notifying assignor about the new Assignment(partitions=[topic-db5b21a2_5cfb_408e_b6cb_35f6b2015e6b-0])
2025-07-31 17:05:44,546 INFO  [org.apa.kaf.cli.con.int.ConsumerRebalanceListenerInvoker] (Thread-803) [Consumer clientId=consumer-Consumer-topic-db5b21a2_5cfb_408e_b6cb_35f6b2015e6b-27, groupId=Consumer-topic-db5b21a2_5cfb_408e_b6cb_35f6b2015e6b] Adding newly assigned partitions: topic-db5b21a2_5cfb_408e_b6cb_35f6b2015e6b-0
2025-07-31 17:05:44,547 INFO  [org.apa.kaf.cli.con.int.ConsumerCoordinator] (Thread-803) [Consumer clientId=consumer-Consumer-topic-db5b21a2_5cfb_408e_b6cb_35f6b2015e6b-27, groupId=Consumer-topic-db5b21a2_5cfb_408e_b6cb_35f6b2015e6b] Found no committed offset for partition topic-db5b21a2_5cfb_408e_b6cb_35f6b2015e6b-0
2025-07-31 17:05:44,551 INFO  [org.apa.kaf.cli.con.int.SubscriptionState] (Thread-803) [Consumer clientId=consumer-Consumer-topic-db5b21a2_5cfb_408e_b6cb_35f6b2015e6b-27, groupId=Consumer-topic-db5b21a2_5cfb_408e_b6cb_35f6b2015e6b] Resetting offset for partition topic-db5b21a2_5cfb_408e_b6cb_35f6b2015e6b-0 to position FetchPosition{offset=0, offsetEpoch=Optional.empty, currentLeader=LeaderAndEpoch{leader=Optional[localhost:32770 (id: 0 rack: null)], epoch=0}}.
2025-07-31 17:05:44,780 INFO  [io.api.tes.ser.api.KafkaSerdesTester] (Thread-803) topic-db5b21a2_5cfb_408e_b6cb_35f6b2015e6b 0 0 {"key1": "value-0"}
2025-07-31 17:05:44,780 INFO  [io.api.tes.ser.api.KafkaSerdesTester] (Thread-803) topic-db5b21a2_5cfb_408e_b6cb_35f6b2015e6b 0 1 {"key1": "value-1"}
2025-07-31 17:05:44,780 INFO  [io.api.tes.ser.api.KafkaSerdesTester] (Thread-803) topic-db5b21a2_5cfb_408e_b6cb_35f6b2015e6b 0 2 {"key1": "value-2"}
2025-07-31 17:05:44,780 INFO  [io.api.tes.ser.api.KafkaSerdesTester] (Thread-803) topic-db5b21a2_5cfb_408e_b6cb_35f6b2015e6b 0 3 {"key1": "value-3"}
2025-07-31 17:05:44,780 INFO  [io.api.tes.ser.api.KafkaSerdesTester] (Thread-803) topic-db5b21a2_5cfb_408e_b6cb_35f6b2015e6b 0 4 {"key1": "value-4"}
2025-07-31 17:05:44,780 INFO  [io.api.tes.ser.api.KafkaSerdesTester] (Thread-803) topic-db5b21a2_5cfb_408e_b6cb_35f6b2015e6b 0 5 {"key1": "value-5"}
2025-07-31 17:05:44,780 INFO  [io.api.tes.ser.api.KafkaSerdesTester] (Thread-803) topic-db5b21a2_5cfb_408e_b6cb_35f6b2015e6b 0 6 {"key1": "value-6"}
2025-07-31 17:05:44,780 INFO  [io.api.tes.ser.api.KafkaSerdesTester] (Thread-803) topic-db5b21a2_5cfb_408e_b6cb_35f6b2015e6b 0 7 {"key1": "value-7"}
2025-07-31 17:05:44,780 INFO  [io.api.tes.ser.api.KafkaSerdesTester] (Thread-803) topic-db5b21a2_5cfb_408e_b6cb_35f6b2015e6b 0 8 {"key1": "value-8"}
2025-07-31 17:05:44,781 INFO  [io.api.tes.ser.api.KafkaSerdesTester] (Thread-803) topic-db5b21a2_5cfb_408e_b6cb_35f6b2015e6b 0 9 {"key1": "value-9"}
2025-07-31 17:05:44,781 INFO  [io.api.tes.ser.api.KafkaSerdesTester] (Thread-803) Consumed 10 messages
2025-07-31 17:05:44,783 INFO  [org.apa.kaf.cli.con.int.ConsumerRebalanceListenerInvoker] (Thread-803) [Consumer clientId=consumer-Consumer-topic-db5b21a2_5cfb_408e_b6cb_35f6b2015e6b-27, groupId=Consumer-topic-db5b21a2_5cfb_408e_b6cb_35f6b2015e6b] Revoke previously assigned partitions topic-db5b21a2_5cfb_408e_b6cb_35f6b2015e6b-0
2025-07-31 17:05:44,783 INFO  [org.apa.kaf.cli.con.int.ConsumerCoordinator] (Thread-803) [Consumer clientId=consumer-Consumer-topic-db5b21a2_5cfb_408e_b6cb_35f6b2015e6b-27, groupId=Consumer-topic-db5b21a2_5cfb_408e_b6cb_35f6b2015e6b] Member consumer-Consumer-topic-db5b21a2_5cfb_408e_b6cb_35f6b2015e6b-27-655c5474-8ebd-462b-8597-9f53502f56d6 sending LeaveGroup request to coordinator localhost:32770 (id: 2147483647 rack: null) due to the consumer is being closed
2025-07-31 17:05:44,783 INFO  [org.apa.kaf.cli.con.int.ConsumerCoordinator] (Thread-803) [Consumer clientId=consumer-Consumer-topic-db5b21a2_5cfb_408e_b6cb_35f6b2015e6b-27, groupId=Consumer-topic-db5b21a2_5cfb_408e_b6cb_35f6b2015e6b] Resetting generation and member id due to: consumer pro-actively leaving the group
2025-07-31 17:05:44,783 INFO  [org.apa.kaf.cli.con.int.ConsumerCoordinator] (Thread-803) [Consumer clientId=consumer-Consumer-topic-db5b21a2_5cfb_408e_b6cb_35f6b2015e6b-27, groupId=Consumer-topic-db5b21a2_5cfb_408e_b6cb_35f6b2015e6b] Request joining group due to: consumer pro-actively leaving the group
2025-07-31 17:05:45,283 INFO  [org.apa.kaf.com.met.Metrics] (Thread-803) Metrics scheduler closed
2025-07-31 17:05:45,283 INFO  [org.apa.kaf.com.met.Metrics] (Thread-803) Closing reporter org.apache.kafka.common.metrics.JmxReporter
2025-07-31 17:05:45,283 INFO  [org.apa.kaf.com.met.Metrics] (Thread-803) Closing reporter org.apache.kafka.common.telemetry.internals.ClientTelemetryReporter
2025-07-31 17:05:45,283 INFO  [org.apa.kaf.com.met.Metrics] (Thread-803) Metrics reporters closed
2025-07-31 17:05:45,285 INFO  [org.apa.kaf.com.uti.AppInfoParser] (Thread-803) App info kafka.consumer for consumer-Consumer-topic-db5b21a2_5cfb_408e_b6cb_35f6b2015e6b-27 unregistered
2025-07-31 17:05:45,286 INFO  [org.apa.kaf.cli.con.int.ClassicKafkaConsumer] (Thread-804) [Consumer clientId=consumer-Consumer-topic-7c247647_7424_4c0a_af8e_8d79c70fe76d-28, groupId=Consumer-topic-7c247647_7424_4c0a_af8e_8d79c70fe76d] Subscribed to topic(s): topic-7c247647_7424_4c0a_af8e_8d79c70fe76d
2025-07-31 17:05:45,290 INFO  [org.apa.kaf.cli.Metadata] (Thread-804) [Consumer clientId=consumer-Consumer-topic-7c247647_7424_4c0a_af8e_8d79c70fe76d-28, groupId=Consumer-topic-7c247647_7424_4c0a_af8e_8d79c70fe76d] Cluster ID: hHUi-5-6SnyFRAH2goQrJA
2025-07-31 17:05:45,290 INFO  [org.apa.kaf.cli.con.int.ConsumerCoordinator] (Thread-804) [Consumer clientId=consumer-Consumer-topic-7c247647_7424_4c0a_af8e_8d79c70fe76d-28, groupId=Consumer-topic-7c247647_7424_4c0a_af8e_8d79c70fe76d] Discovered group coordinator localhost:32770 (id: 2147483647 rack: null)
2025-07-31 17:05:45,291 INFO  [org.apa.kaf.cli.con.int.ConsumerCoordinator] (Thread-804) [Consumer clientId=consumer-Consumer-topic-7c247647_7424_4c0a_af8e_8d79c70fe76d-28, groupId=Consumer-topic-7c247647_7424_4c0a_af8e_8d79c70fe76d] (Re-)joining group
2025-07-31 17:05:45,293 INFO  [org.apa.kaf.cli.con.int.ConsumerCoordinator] (Thread-804) [Consumer clientId=consumer-Consumer-topic-7c247647_7424_4c0a_af8e_8d79c70fe76d-28, groupId=Consumer-topic-7c247647_7424_4c0a_af8e_8d79c70fe76d] Request joining group due to: need to re-join with the given member-id: consumer-Consumer-topic-7c247647_7424_4c0a_af8e_8d79c70fe76d-28-8c91255b-ed68-47e9-a4fc-a3f2ae36e729
2025-07-31 17:05:45,293 INFO  [org.apa.kaf.cli.con.int.ConsumerCoordinator] (Thread-804) [Consumer clientId=consumer-Consumer-topic-7c247647_7424_4c0a_af8e_8d79c70fe76d-28, groupId=Consumer-topic-7c247647_7424_4c0a_af8e_8d79c70fe76d] (Re-)joining group
2025-07-31 17:05:45,294 INFO  [org.apa.kaf.cli.con.int.ConsumerCoordinator] (Thread-804) [Consumer clientId=consumer-Consumer-topic-7c247647_7424_4c0a_af8e_8d79c70fe76d-28, groupId=Consumer-topic-7c247647_7424_4c0a_af8e_8d79c70fe76d] Successfully joined group with generation Generation{generationId=1, memberId='consumer-Consumer-topic-7c247647_7424_4c0a_af8e_8d79c70fe76d-28-8c91255b-ed68-47e9-a4fc-a3f2ae36e729', protocol='range'}
2025-07-31 17:05:45,295 INFO  [org.apa.kaf.cli.con.int.ConsumerCoordinator] (Thread-804) [Consumer clientId=consumer-Consumer-topic-7c247647_7424_4c0a_af8e_8d79c70fe76d-28, groupId=Consumer-topic-7c247647_7424_4c0a_af8e_8d79c70fe76d] Finished assignment for group at generation 1: {consumer-Consumer-topic-7c247647_7424_4c0a_af8e_8d79c70fe76d-28-8c91255b-ed68-47e9-a4fc-a3f2ae36e729=Assignment(partitions=[topic-7c247647_7424_4c0a_af8e_8d79c70fe76d-0])}
2025-07-31 17:05:45,296 INFO  [org.apa.kaf.cli.con.int.ConsumerCoordinator] (Thread-804) [Consumer clientId=consumer-Consumer-topic-7c247647_7424_4c0a_af8e_8d79c70fe76d-28, groupId=Consumer-topic-7c247647_7424_4c0a_af8e_8d79c70fe76d] Successfully synced group in generation Generation{generationId=1, memberId='consumer-Consumer-topic-7c247647_7424_4c0a_af8e_8d79c70fe76d-28-8c91255b-ed68-47e9-a4fc-a3f2ae36e729', protocol='range'}
2025-07-31 17:05:45,296 INFO  [org.apa.kaf.cli.con.int.ConsumerCoordinator] (Thread-804) [Consumer clientId=consumer-Consumer-topic-7c247647_7424_4c0a_af8e_8d79c70fe76d-28, groupId=Consumer-topic-7c247647_7424_4c0a_af8e_8d79c70fe76d] Notifying assignor about the new Assignment(partitions=[topic-7c247647_7424_4c0a_af8e_8d79c70fe76d-0])
2025-07-31 17:05:45,296 INFO  [org.apa.kaf.cli.con.int.ConsumerRebalanceListenerInvoker] (Thread-804) [Consumer clientId=consumer-Consumer-topic-7c247647_7424_4c0a_af8e_8d79c70fe76d-28, groupId=Consumer-topic-7c247647_7424_4c0a_af8e_8d79c70fe76d] Adding newly assigned partitions: topic-7c247647_7424_4c0a_af8e_8d79c70fe76d-0
2025-07-31 17:05:45,297 INFO  [org.apa.kaf.cli.con.int.ConsumerCoordinator] (Thread-804) [Consumer clientId=consumer-Consumer-topic-7c247647_7424_4c0a_af8e_8d79c70fe76d-28, groupId=Consumer-topic-7c247647_7424_4c0a_af8e_8d79c70fe76d] Found no committed offset for partition topic-7c247647_7424_4c0a_af8e_8d79c70fe76d-0
2025-07-31 17:05:45,300 INFO  [org.apa.kaf.cli.con.int.SubscriptionState] (Thread-804) [Consumer clientId=consumer-Consumer-topic-7c247647_7424_4c0a_af8e_8d79c70fe76d-28, groupId=Consumer-topic-7c247647_7424_4c0a_af8e_8d79c70fe76d] Resetting offset for partition topic-7c247647_7424_4c0a_af8e_8d79c70fe76d-0 to position FetchPosition{offset=0, offsetEpoch=Optional.empty, currentLeader=LeaderAndEpoch{leader=Optional[localhost:32770 (id: 0 rack: null)], epoch=0}}.
2025-07-31 17:05:45,534 INFO  [io.api.tes.ser.api.KafkaSerdesTester] (Thread-804) topic-7c247647_7424_4c0a_af8e_8d79c70fe76d 0 0 {"key1": "value-0"}
2025-07-31 17:05:45,534 INFO  [io.api.tes.ser.api.KafkaSerdesTester] (Thread-804) topic-7c247647_7424_4c0a_af8e_8d79c70fe76d 0 1 {"key1": "value-1"}
2025-07-31 17:05:45,534 INFO  [io.api.tes.ser.api.KafkaSerdesTester] (Thread-804) topic-7c247647_7424_4c0a_af8e_8d79c70fe76d 0 2 {"key1": "value-2"}
2025-07-31 17:05:45,534 INFO  [io.api.tes.ser.api.KafkaSerdesTester] (Thread-804) topic-7c247647_7424_4c0a_af8e_8d79c70fe76d 0 3 {"key1": "value-3"}
2025-07-31 17:05:45,534 INFO  [io.api.tes.ser.api.KafkaSerdesTester] (Thread-804) topic-7c247647_7424_4c0a_af8e_8d79c70fe76d 0 4 {"key1": "value-4"}
2025-07-31 17:05:45,534 INFO  [io.api.tes.ser.api.KafkaSerdesTester] (Thread-804) topic-7c247647_7424_4c0a_af8e_8d79c70fe76d 0 5 {"key1": "value-5"}
2025-07-31 17:05:45,534 INFO  [io.api.tes.ser.api.KafkaSerdesTester] (Thread-804) topic-7c247647_7424_4c0a_af8e_8d79c70fe76d 0 6 {"key1": "value-6"}
2025-07-31 17:05:45,534 INFO  [io.api.tes.ser.api.KafkaSerdesTester] (Thread-804) topic-7c247647_7424_4c0a_af8e_8d79c70fe76d 0 7 {"key1": "value-7"}
2025-07-31 17:05:45,534 INFO  [io.api.tes.ser.api.KafkaSerdesTester] (Thread-804) topic-7c247647_7424_4c0a_af8e_8d79c70fe76d 0 8 {"key1": "value-8"}
2025-07-31 17:05:45,534 INFO  [io.api.tes.ser.api.KafkaSerdesTester] (Thread-804) topic-7c247647_7424_4c0a_af8e_8d79c70fe76d 0 9 {"key1": "value-9"}
2025-07-31 17:05:45,534 INFO  [io.api.tes.ser.api.KafkaSerdesTester] (Thread-804) Consumed 10 messages
2025-07-31 17:05:45,536 INFO  [org.apa.kaf.cli.con.int.ConsumerRebalanceListenerInvoker] (Thread-804) [Consumer clientId=consumer-Consumer-topic-7c247647_7424_4c0a_af8e_8d79c70fe76d-28, groupId=Consumer-topic-7c247647_7424_4c0a_af8e_8d79c70fe76d] Revoke previously assigned partitions topic-7c247647_7424_4c0a_af8e_8d79c70fe76d-0
2025-07-31 17:05:45,536 INFO  [org.apa.kaf.cli.con.int.ConsumerCoordinator] (Thread-804) [Consumer clientId=consumer-Consumer-topic-7c247647_7424_4c0a_af8e_8d79c70fe76d-28, groupId=Consumer-topic-7c247647_7424_4c0a_af8e_8d79c70fe76d] Member consumer-Consumer-topic-7c247647_7424_4c0a_af8e_8d79c70fe76d-28-8c91255b-ed68-47e9-a4fc-a3f2ae36e729 sending LeaveGroup request to coordinator localhost:32770 (id: 2147483647 rack: null) due to the consumer is being closed
2025-07-31 17:05:45,536 INFO  [org.apa.kaf.cli.con.int.ConsumerCoordinator] (Thread-804) [Consumer clientId=consumer-Consumer-topic-7c247647_7424_4c0a_af8e_8d79c70fe76d-28, groupId=Consumer-topic-7c247647_7424_4c0a_af8e_8d79c70fe76d] Resetting generation and member id due to: consumer pro-actively leaving the group
2025-07-31 17:05:45,536 INFO  [org.apa.kaf.cli.con.int.ConsumerCoordinator] (Thread-804) [Consumer clientId=consumer-Consumer-topic-7c247647_7424_4c0a_af8e_8d79c70fe76d-28, groupId=Consumer-topic-7c247647_7424_4c0a_af8e_8d79c70fe76d] Request joining group due to: consumer pro-actively leaving the group
2025-07-31 17:05:46,037 INFO  [org.apa.kaf.com.met.Metrics] (Thread-804) Metrics scheduler closed
2025-07-31 17:05:46,037 INFO  [org.apa.kaf.com.met.Metrics] (Thread-804) Closing reporter org.apache.kafka.common.metrics.JmxReporter
2025-07-31 17:05:46,037 INFO  [org.apa.kaf.com.met.Metrics] (Thread-804) Closing reporter org.apache.kafka.common.telemetry.internals.ClientTelemetryReporter
2025-07-31 17:05:46,037 INFO  [org.apa.kaf.com.met.Metrics] (Thread-804) Metrics reporters closed
2025-07-31 17:05:46,038 INFO  [org.apa.kaf.com.uti.AppInfoParser] (Thread-804) App info kafka.consumer for consumer-Consumer-topic-7c247647_7424_4c0a_af8e_8d79c70fe76d-28 unregistered
2025-07-31 17:05:46,197 INFO  [io.api.tes.ser.con.BasicConfluentSerDesIT] (main) Deleting confluent schema myrecordconfluent6
2025-07-31 17:05:46,276 INFO  [io.api.tes.uti.TestSeparator] (main) io.apicurio.tests.serdes.confluent.BasicConfluentSerDesIT.testAvroConfluentForMultipleTopics-FINISHED
2025-07-31 17:05:46,276 INFO  [io.api.tes.uti.TestSeparator] (main) ############################################################################
Test passed: testAvroConfluentForMultipleTopics
]]></system-out>
  </testcase>
  <testcase name="testAvroConfluentApicurio" classname="io.apicurio.tests.serdes.confluent.BasicConfluentSerDesIT" time="1.395">
    <system-out><![CDATA[2025-07-31 17:05:46,277 INFO  [io.api.tes.uti.TestSeparator] (main) ############################################################################
2025-07-31 17:05:46,277 INFO  [io.api.tes.uti.TestSeparator] (main) io.apicurio.tests.serdes.confluent.BasicConfluentSerDesIT.testAvroConfluentApicurio-STARTED
2025-07-31 17:05:46,472 INFO  [io.api.tes.ser.con.BasicConfluentSerDesIT] (main) Checking that created schema is equal to the get schema
2025-07-31 17:05:46,558 INFO  [io.api.tes.ser.con.BasicConfluentSerDesIT] (main) Created schema with id:86 and name:myrecordconfluent1
**** Registry Base URL: http://registry-app-mysql.apps.ci419.apicurio-testing.org:80
2025-07-31 17:05:46,559 INFO  [org.apa.kaf.cli.pro.ProducerConfig] (main) ProducerConfig values: 
	acks = -1
	auto.include.jmx.reporter = true
	batch.size = 16384
	bootstrap.servers = [PLAINTEXT://localhost:32770]
	buffer.memory = 33554432
	client.dns.lookup = use_all_dns_ips
	client.id = Producer-topic-9180fc43_8f7a_40e7_a10d_bf985c95a496
	compression.gzip.level = -1
	compression.lz4.level = 9
	compression.type = none
	compression.zstd.level = 3
	connections.max.idle.ms = 10000
	delivery.timeout.ms = 120000
	enable.idempotence = true
	enable.metrics.push = true
	interceptor.classes = []
	key.serializer = class org.apache.kafka.common.serialization.StringSerializer
	linger.ms = 0
	max.block.ms = 60000
	max.in.flight.requests.per.connection = 5
	max.request.size = 1048576
	metadata.max.age.ms = 300000
	metadata.max.idle.ms = 300000
	metadata.recovery.strategy = none
	metric.reporters = []
	metrics.num.samples = 2
	metrics.recording.level = INFO
	metrics.sample.window.ms = 30000
	partitioner.adaptive.partitioning.enable = true
	partitioner.availability.timeout.ms = 0
	partitioner.class = null
	partitioner.ignore.keys = false
	receive.buffer.bytes = 32768
	reconnect.backoff.max.ms = 1000
	reconnect.backoff.ms = 50
	request.timeout.ms = 5000
	retries = 2147483647
	retry.backoff.max.ms = 1000
	retry.backoff.ms = 100
	sasl.client.callback.handler.class = null
	sasl.jaas.config = null
	sasl.kerberos.kinit.cmd = /usr/bin/kinit
	sasl.kerberos.min.time.before.relogin = 60000
	sasl.kerberos.service.name = null
	sasl.kerberos.ticket.renew.jitter = 0.05
	sasl.kerberos.ticket.renew.window.factor = 0.8
	sasl.login.callback.handler.class = null
	sasl.login.class = null
	sasl.login.connect.timeout.ms = null
	sasl.login.read.timeout.ms = null
	sasl.login.refresh.buffer.seconds = 300
	sasl.login.refresh.min.period.seconds = 60
	sasl.login.refresh.window.factor = 0.8
	sasl.login.refresh.window.jitter = 0.05
	sasl.login.retry.backoff.max.ms = 10000
	sasl.login.retry.backoff.ms = 100
	sasl.mechanism = GSSAPI
	sasl.oauthbearer.clock.skew.seconds = 30
	sasl.oauthbearer.expected.audience = null
	sasl.oauthbearer.expected.issuer = null
	sasl.oauthbearer.header.urlencode = false
	sasl.oauthbearer.jwks.endpoint.refresh.ms = 3600000
	sasl.oauthbearer.jwks.endpoint.retry.backoff.max.ms = 10000
	sasl.oauthbearer.jwks.endpoint.retry.backoff.ms = 100
	sasl.oauthbearer.jwks.endpoint.url = null
	sasl.oauthbearer.scope.claim.name = scope
	sasl.oauthbearer.sub.claim.name = sub
	sasl.oauthbearer.token.endpoint.url = null
	security.protocol = PLAINTEXT
	security.providers = null
	send.buffer.bytes = 131072
	socket.connection.setup.timeout.max.ms = 30000
	socket.connection.setup.timeout.ms = 10000
	ssl.cipher.suites = null
	ssl.enabled.protocols = [TLSv1.2, TLSv1.3]
	ssl.endpoint.identification.algorithm = https
	ssl.engine.factory.class = null
	ssl.key.password = null
	ssl.keymanager.algorithm = SunX509
	ssl.keystore.certificate.chain = null
	ssl.keystore.key = null
	ssl.keystore.location = null
	ssl.keystore.password = null
	ssl.keystore.type = JKS
	ssl.protocol = TLSv1.3
	ssl.provider = null
	ssl.secure.random.implementation = null
	ssl.trustmanager.algorithm = PKIX
	ssl.truststore.certificates = null
	ssl.truststore.location = null
	ssl.truststore.password = null
	ssl.truststore.type = JKS
	transaction.timeout.ms = 60000
	transactional.id = null
	value.serializer = class io.confluent.kafka.serializers.KafkaAvroSerializer

2025-07-31 17:05:46,559 INFO  [org.apa.kaf.com.tel.int.KafkaMetricsCollector] (main) initializing Kafka metrics collector
2025-07-31 17:05:46,559 INFO  [io.con.kaf.ser.KafkaAvroSerializerConfig] (main) KafkaAvroSerializerConfig values: 
	auto.register.schemas = false
	avro.reflection.allow.null = false
	avro.remove.java.properties = false
	avro.use.logical.type.converters = false
	basic.auth.credentials.source = URL
	basic.auth.user.info = [hidden]
	bearer.auth.cache.expiry.buffer.seconds = 300
	bearer.auth.client.id = null
	bearer.auth.client.secret = null
	bearer.auth.credentials.source = STATIC_TOKEN
	bearer.auth.custom.provider.class = null
	bearer.auth.identity.pool.id = null
	bearer.auth.issuer.endpoint.url = null
	bearer.auth.logical.cluster = null
	bearer.auth.scope = null
	bearer.auth.scope.claim.name = scope
	bearer.auth.sub.claim.name = sub
	bearer.auth.token = [hidden]
	context.name.strategy = class io.confluent.kafka.serializers.context.NullContextNameStrategy
	http.connect.timeout.ms = 60000
	http.read.timeout.ms = 60000
	id.compatibility.strict = true
	key.schema.id.deserializer = class io.confluent.kafka.serializers.schema.id.DualSchemaIdDeserializer
	key.schema.id.serializer = class io.confluent.kafka.serializers.schema.id.PrefixSchemaIdSerializer
	key.subject.name.strategy = class io.confluent.kafka.serializers.subject.TopicNameStrategy
	latest.cache.size = 1000
	latest.cache.ttl.sec = -1
	latest.compatibility.strict = true
	max.retries = 3
	max.schemas.per.subject = 1000
	normalize.schemas = false
	propagate.schema.tags = false
	proxy.host = 
	proxy.port = -1
	retries.max.wait.ms = 20000
	retries.wait.ms = 1000
	rule.actions = []
	rule.executors = []
	rule.service.loader.enable = true
	schema.format = null
	schema.reflection = false
	schema.registry.basic.auth.user.info = [hidden]
	schema.registry.ssl.cipher.suites = null
	schema.registry.ssl.enabled.protocols = [TLSv1.2, TLSv1.3]
	schema.registry.ssl.endpoint.identification.algorithm = https
	schema.registry.ssl.engine.factory.class = null
	schema.registry.ssl.key.password = null
	schema.registry.ssl.keymanager.algorithm = SunX509
	schema.registry.ssl.keystore.certificate.chain = null
	schema.registry.ssl.keystore.key = null
	schema.registry.ssl.keystore.location = null
	schema.registry.ssl.keystore.password = null
	schema.registry.ssl.keystore.type = JKS
	schema.registry.ssl.protocol = TLSv1.3
	schema.registry.ssl.provider = null
	schema.registry.ssl.secure.random.implementation = null
	schema.registry.ssl.trustmanager.algorithm = PKIX
	schema.registry.ssl.truststore.certificates = null
	schema.registry.ssl.truststore.location = null
	schema.registry.ssl.truststore.password = null
	schema.registry.ssl.truststore.type = JKS
	schema.registry.url = [http://registry-app-mysql.apps.ci419.apicurio-testing.org:80/apis/ccompat/v7]
	schema.registry.url.randomize = false
	use.latest.version = false
	use.latest.with.metadata = null
	use.schema.id = -1
	value.schema.id.deserializer = class io.confluent.kafka.serializers.schema.id.DualSchemaIdDeserializer
	value.schema.id.serializer = class io.confluent.kafka.serializers.schema.id.PrefixSchemaIdSerializer
	value.subject.name.strategy = class io.confluent.kafka.serializers.subject.TopicNameStrategy

2025-07-31 17:05:46,561 INFO  [org.apa.kaf.cli.pro.KafkaProducer] (main) [Producer clientId=Producer-topic-9180fc43_8f7a_40e7_a10d_bf985c95a496] Instantiated an idempotent producer.
2025-07-31 17:05:46,562 INFO  [org.apa.kaf.cli.pro.ProducerConfig] (main) These configurations '[schema.registry.url, auto.register.schemas, value.subject.name.strategy]' were supplied but are not used yet.
2025-07-31 17:05:46,562 INFO  [org.apa.kaf.com.uti.AppInfoParser] (main) Kafka version: 3.9.1
2025-07-31 17:05:46,563 INFO  [org.apa.kaf.com.uti.AppInfoParser] (main) Kafka commitId: f745dfdcee2b9851
2025-07-31 17:05:46,563 INFO  [org.apa.kaf.com.uti.AppInfoParser] (main) Kafka startTimeMs: 1753981546562
2025-07-31 17:05:46,563 INFO  [io.api.tes.ser.api.SimpleSerdesTesterBuilder$SimpleSerdesTester] (main) Using producer configuration: {schema.registry.url=http://registry-app-mysql.apps.ci419.apicurio-testing.org:80/apis/ccompat/v7, value.serializer=io.confluent.kafka.serializers.KafkaAvroSerializer, request.timeout.ms=5000, auto.register.schemas=false, acks=all, bootstrap.servers=PLAINTEXT://localhost:32770, connections.max.idle.ms=10000, key.serializer=org.apache.kafka.common.serialization.StringSerializer, value.subject.name.strategy=io.confluent.kafka.serializers.subject.TopicNameStrategy, client.id=Producer-topic-9180fc43_8f7a_40e7_a10d_bf985c95a496}
2025-07-31 17:05:46,563 INFO  [io.api.tes.ser.api.SimpleSerdesTesterBuilder$SimpleSerdesTester] (main) Using consumer configuration: {}
2025-07-31 17:05:46,563 INFO  [io.api.tes.ser.api.KafkaSerdesTester] (Thread-805) Sending message {"key1": "value-0"} to topic topic-9180fc43_8f7a_40e7_a10d_bf985c95a496
2025-07-31 17:05:46,568 INFO  [org.apa.kaf.cli.Metadata] (kafka-producer-network-thread | Producer-topic-9180fc43_8f7a_40e7_a10d_bf985c95a496) [Producer clientId=Producer-topic-9180fc43_8f7a_40e7_a10d_bf985c95a496] Cluster ID: hHUi-5-6SnyFRAH2goQrJA
2025-07-31 17:05:46,568 INFO  [org.apa.kaf.cli.pro.int.TransactionManager] (kafka-producer-network-thread | Producer-topic-9180fc43_8f7a_40e7_a10d_bf985c95a496) [Producer clientId=Producer-topic-9180fc43_8f7a_40e7_a10d_bf985c95a496] ProducerId set to 36 with epoch 0
2025-07-31 17:05:46,656 INFO  [io.api.tes.ser.api.KafkaSerdesTester] (Thread-805) Sending message {"key1": "value-1"} to topic topic-9180fc43_8f7a_40e7_a10d_bf985c95a496
2025-07-31 17:05:46,658 INFO  [io.api.tes.ser.api.KafkaSerdesTester] (Thread-805) Sending message {"key1": "value-2"} to topic topic-9180fc43_8f7a_40e7_a10d_bf985c95a496
2025-07-31 17:05:46,658 INFO  [io.api.tes.ser.api.KafkaSerdesTester] (Thread-805) Sending message {"key1": "value-3"} to topic topic-9180fc43_8f7a_40e7_a10d_bf985c95a496
2025-07-31 17:05:46,660 INFO  [io.api.tes.ser.api.KafkaSerdesTester] (Thread-805) Sending message {"key1": "value-4"} to topic topic-9180fc43_8f7a_40e7_a10d_bf985c95a496
2025-07-31 17:05:46,661 INFO  [io.api.tes.ser.api.KafkaSerdesTester] (Thread-805) Sending message {"key1": "value-5"} to topic topic-9180fc43_8f7a_40e7_a10d_bf985c95a496
2025-07-31 17:05:46,662 INFO  [io.api.tes.ser.api.KafkaSerdesTester] (Thread-805) Sending message {"key1": "value-6"} to topic topic-9180fc43_8f7a_40e7_a10d_bf985c95a496
2025-07-31 17:05:46,663 INFO  [io.api.tes.ser.api.KafkaSerdesTester] (Thread-805) Sending message {"key1": "value-7"} to topic topic-9180fc43_8f7a_40e7_a10d_bf985c95a496
2025-07-31 17:05:46,664 INFO  [io.api.tes.ser.api.KafkaSerdesTester] (Thread-805) Sending message {"key1": "value-8"} to topic topic-9180fc43_8f7a_40e7_a10d_bf985c95a496
2025-07-31 17:05:46,665 INFO  [io.api.tes.ser.api.KafkaSerdesTester] (Thread-805) Sending message {"key1": "value-9"} to topic topic-9180fc43_8f7a_40e7_a10d_bf985c95a496
2025-07-31 17:05:46,666 INFO  [io.api.tes.ser.api.KafkaSerdesTester] (Thread-805) Produced 10 messages
2025-07-31 17:05:46,666 INFO  [org.apa.kaf.cli.pro.KafkaProducer] (Thread-805) [Producer clientId=Producer-topic-9180fc43_8f7a_40e7_a10d_bf985c95a496] Closing the Kafka producer with timeoutMillis = 9223372036854775807 ms.
2025-07-31 17:05:46,667 INFO  [org.apa.kaf.com.met.Metrics] (Thread-805) Metrics scheduler closed
2025-07-31 17:05:46,667 INFO  [org.apa.kaf.com.met.Metrics] (Thread-805) Closing reporter org.apache.kafka.common.metrics.JmxReporter
2025-07-31 17:05:46,667 INFO  [org.apa.kaf.com.met.Metrics] (Thread-805) Closing reporter org.apache.kafka.common.telemetry.internals.ClientTelemetryReporter
2025-07-31 17:05:46,667 INFO  [org.apa.kaf.com.met.Metrics] (Thread-805) Metrics reporters closed
2025-07-31 17:05:46,667 INFO  [org.apa.kaf.com.uti.AppInfoParser] (Thread-805) App info kafka.producer for Producer-topic-9180fc43_8f7a_40e7_a10d_bf985c95a496 unregistered
**** Registry Base URL: http://registry-app-mysql.apps.ci419.apicurio-testing.org:80
2025-07-31 17:05:46,668 INFO  [org.apa.kaf.cli.con.ConsumerConfig] (main) ConsumerConfig values: 
	allow.auto.create.topics = true
	auto.commit.interval.ms = 500
	auto.include.jmx.reporter = true
	auto.offset.reset = earliest
	bootstrap.servers = [PLAINTEXT://localhost:32770]
	check.crcs = true
	client.dns.lookup = use_all_dns_ips
	client.id = consumer-Consumer-topic-9180fc43_8f7a_40e7_a10d_bf985c95a496-29
	client.rack = 
	connections.max.idle.ms = 10000
	default.api.timeout.ms = 60000
	enable.auto.commit = true
	enable.metrics.push = true
	exclude.internal.topics = true
	fetch.max.bytes = 52428800
	fetch.max.wait.ms = 500
	fetch.min.bytes = 1
	group.id = Consumer-topic-9180fc43_8f7a_40e7_a10d_bf985c95a496
	group.instance.id = null
	group.protocol = classic
	group.remote.assignor = null
	heartbeat.interval.ms = 3000
	interceptor.classes = []
	internal.leave.group.on.close = true
	internal.throw.on.fetch.stable.offset.unsupported = false
	isolation.level = read_uncommitted
	key.deserializer = class org.apache.kafka.common.serialization.StringDeserializer
	max.partition.fetch.bytes = 1048576
	max.poll.interval.ms = 300000
	max.poll.records = 500
	metadata.max.age.ms = 300000
	metadata.recovery.strategy = none
	metric.reporters = []
	metrics.num.samples = 2
	metrics.recording.level = INFO
	metrics.sample.window.ms = 30000
	partition.assignment.strategy = [class org.apache.kafka.clients.consumer.RangeAssignor, class org.apache.kafka.clients.consumer.CooperativeStickyAssignor]
	receive.buffer.bytes = 65536
	reconnect.backoff.max.ms = 1000
	reconnect.backoff.ms = 50
	request.timeout.ms = 5000
	retry.backoff.max.ms = 1000
	retry.backoff.ms = 100
	sasl.client.callback.handler.class = null
	sasl.jaas.config = null
	sasl.kerberos.kinit.cmd = /usr/bin/kinit
	sasl.kerberos.min.time.before.relogin = 60000
	sasl.kerberos.service.name = null
	sasl.kerberos.ticket.renew.jitter = 0.05
	sasl.kerberos.ticket.renew.window.factor = 0.8
	sasl.login.callback.handler.class = null
	sasl.login.class = null
	sasl.login.connect.timeout.ms = null
	sasl.login.read.timeout.ms = null
	sasl.login.refresh.buffer.seconds = 300
	sasl.login.refresh.min.period.seconds = 60
	sasl.login.refresh.window.factor = 0.8
	sasl.login.refresh.window.jitter = 0.05
	sasl.login.retry.backoff.max.ms = 10000
	sasl.login.retry.backoff.ms = 100
	sasl.mechanism = GSSAPI
	sasl.oauthbearer.clock.skew.seconds = 30
	sasl.oauthbearer.expected.audience = null
	sasl.oauthbearer.expected.issuer = null
	sasl.oauthbearer.header.urlencode = false
	sasl.oauthbearer.jwks.endpoint.refresh.ms = 3600000
	sasl.oauthbearer.jwks.endpoint.retry.backoff.max.ms = 10000
	sasl.oauthbearer.jwks.endpoint.retry.backoff.ms = 100
	sasl.oauthbearer.jwks.endpoint.url = null
	sasl.oauthbearer.scope.claim.name = scope
	sasl.oauthbearer.sub.claim.name = sub
	sasl.oauthbearer.token.endpoint.url = null
	security.protocol = PLAINTEXT
	security.providers = null
	send.buffer.bytes = 131072
	session.timeout.ms = 45000
	socket.connection.setup.timeout.max.ms = 30000
	socket.connection.setup.timeout.ms = 10000
	ssl.cipher.suites = null
	ssl.enabled.protocols = [TLSv1.2, TLSv1.3]
	ssl.endpoint.identification.algorithm = https
	ssl.engine.factory.class = null
	ssl.key.password = null
	ssl.keymanager.algorithm = SunX509
	ssl.keystore.certificate.chain = null
	ssl.keystore.key = null
	ssl.keystore.location = null
	ssl.keystore.password = null
	ssl.keystore.type = JKS
	ssl.protocol = TLSv1.3
	ssl.provider = null
	ssl.secure.random.implementation = null
	ssl.trustmanager.algorithm = PKIX
	ssl.truststore.certificates = null
	ssl.truststore.location = null
	ssl.truststore.password = null
	ssl.truststore.type = JKS
	value.deserializer = class io.apicurio.registry.serde.avro.AvroKafkaDeserializer

2025-07-31 17:05:46,668 INFO  [org.apa.kaf.com.tel.int.KafkaMetricsCollector] (main) initializing Kafka metrics collector
2025-07-31 17:05:46,671 INFO  [org.apa.kaf.cli.con.ConsumerConfig] (main) These configurations '[apicurio.registry.url]' were supplied but are not used yet.
2025-07-31 17:05:46,671 INFO  [org.apa.kaf.com.uti.AppInfoParser] (main) Kafka version: 3.9.1
2025-07-31 17:05:46,671 INFO  [org.apa.kaf.com.uti.AppInfoParser] (main) Kafka commitId: f745dfdcee2b9851
2025-07-31 17:05:46,671 INFO  [org.apa.kaf.com.uti.AppInfoParser] (main) Kafka startTimeMs: 1753981546671
2025-07-31 17:05:46,672 INFO  [org.apa.kaf.cli.con.int.ClassicKafkaConsumer] (Thread-808) [Consumer clientId=consumer-Consumer-topic-9180fc43_8f7a_40e7_a10d_bf985c95a496-29, groupId=Consumer-topic-9180fc43_8f7a_40e7_a10d_bf985c95a496] Subscribed to topic(s): topic-9180fc43_8f7a_40e7_a10d_bf985c95a496
2025-07-31 17:05:46,674 INFO  [org.apa.kaf.cli.Metadata] (Thread-808) [Consumer clientId=consumer-Consumer-topic-9180fc43_8f7a_40e7_a10d_bf985c95a496-29, groupId=Consumer-topic-9180fc43_8f7a_40e7_a10d_bf985c95a496] Cluster ID: hHUi-5-6SnyFRAH2goQrJA
2025-07-31 17:05:46,674 INFO  [org.apa.kaf.cli.con.int.ConsumerCoordinator] (Thread-808) [Consumer clientId=consumer-Consumer-topic-9180fc43_8f7a_40e7_a10d_bf985c95a496-29, groupId=Consumer-topic-9180fc43_8f7a_40e7_a10d_bf985c95a496] Discovered group coordinator localhost:32770 (id: 2147483647 rack: null)
2025-07-31 17:05:46,675 INFO  [org.apa.kaf.cli.con.int.ConsumerCoordinator] (Thread-808) [Consumer clientId=consumer-Consumer-topic-9180fc43_8f7a_40e7_a10d_bf985c95a496-29, groupId=Consumer-topic-9180fc43_8f7a_40e7_a10d_bf985c95a496] (Re-)joining group
2025-07-31 17:05:46,677 INFO  [org.apa.kaf.cli.con.int.ConsumerCoordinator] (Thread-808) [Consumer clientId=consumer-Consumer-topic-9180fc43_8f7a_40e7_a10d_bf985c95a496-29, groupId=Consumer-topic-9180fc43_8f7a_40e7_a10d_bf985c95a496] Request joining group due to: need to re-join with the given member-id: consumer-Consumer-topic-9180fc43_8f7a_40e7_a10d_bf985c95a496-29-35a732ea-1c30-44d9-ac4d-532130f8b151
2025-07-31 17:05:46,677 INFO  [org.apa.kaf.cli.con.int.ConsumerCoordinator] (Thread-808) [Consumer clientId=consumer-Consumer-topic-9180fc43_8f7a_40e7_a10d_bf985c95a496-29, groupId=Consumer-topic-9180fc43_8f7a_40e7_a10d_bf985c95a496] (Re-)joining group
2025-07-31 17:05:46,679 INFO  [org.apa.kaf.cli.con.int.ConsumerCoordinator] (Thread-808) [Consumer clientId=consumer-Consumer-topic-9180fc43_8f7a_40e7_a10d_bf985c95a496-29, groupId=Consumer-topic-9180fc43_8f7a_40e7_a10d_bf985c95a496] Successfully joined group with generation Generation{generationId=1, memberId='consumer-Consumer-topic-9180fc43_8f7a_40e7_a10d_bf985c95a496-29-35a732ea-1c30-44d9-ac4d-532130f8b151', protocol='range'}
2025-07-31 17:05:46,679 INFO  [org.apa.kaf.cli.con.int.ConsumerCoordinator] (Thread-808) [Consumer clientId=consumer-Consumer-topic-9180fc43_8f7a_40e7_a10d_bf985c95a496-29, groupId=Consumer-topic-9180fc43_8f7a_40e7_a10d_bf985c95a496] Finished assignment for group at generation 1: {consumer-Consumer-topic-9180fc43_8f7a_40e7_a10d_bf985c95a496-29-35a732ea-1c30-44d9-ac4d-532130f8b151=Assignment(partitions=[topic-9180fc43_8f7a_40e7_a10d_bf985c95a496-0])}
2025-07-31 17:05:46,680 INFO  [org.apa.kaf.cli.con.int.ConsumerCoordinator] (Thread-808) [Consumer clientId=consumer-Consumer-topic-9180fc43_8f7a_40e7_a10d_bf985c95a496-29, groupId=Consumer-topic-9180fc43_8f7a_40e7_a10d_bf985c95a496] Successfully synced group in generation Generation{generationId=1, memberId='consumer-Consumer-topic-9180fc43_8f7a_40e7_a10d_bf985c95a496-29-35a732ea-1c30-44d9-ac4d-532130f8b151', protocol='range'}
2025-07-31 17:05:46,681 INFO  [org.apa.kaf.cli.con.int.ConsumerCoordinator] (Thread-808) [Consumer clientId=consumer-Consumer-topic-9180fc43_8f7a_40e7_a10d_bf985c95a496-29, groupId=Consumer-topic-9180fc43_8f7a_40e7_a10d_bf985c95a496] Notifying assignor about the new Assignment(partitions=[topic-9180fc43_8f7a_40e7_a10d_bf985c95a496-0])
2025-07-31 17:05:46,681 INFO  [org.apa.kaf.cli.con.int.ConsumerRebalanceListenerInvoker] (Thread-808) [Consumer clientId=consumer-Consumer-topic-9180fc43_8f7a_40e7_a10d_bf985c95a496-29, groupId=Consumer-topic-9180fc43_8f7a_40e7_a10d_bf985c95a496] Adding newly assigned partitions: topic-9180fc43_8f7a_40e7_a10d_bf985c95a496-0
2025-07-31 17:05:46,682 INFO  [org.apa.kaf.cli.con.int.ConsumerCoordinator] (Thread-808) [Consumer clientId=consumer-Consumer-topic-9180fc43_8f7a_40e7_a10d_bf985c95a496-29, groupId=Consumer-topic-9180fc43_8f7a_40e7_a10d_bf985c95a496] Found no committed offset for partition topic-9180fc43_8f7a_40e7_a10d_bf985c95a496-0
2025-07-31 17:05:46,688 INFO  [org.apa.kaf.cli.con.int.SubscriptionState] (Thread-808) [Consumer clientId=consumer-Consumer-topic-9180fc43_8f7a_40e7_a10d_bf985c95a496-29, groupId=Consumer-topic-9180fc43_8f7a_40e7_a10d_bf985c95a496] Resetting offset for partition topic-9180fc43_8f7a_40e7_a10d_bf985c95a496-0 to position FetchPosition{offset=0, offsetEpoch=Optional.empty, currentLeader=LeaderAndEpoch{leader=Optional[localhost:32770 (id: 0 rack: null)], epoch=0}}.
2025-07-31 17:05:46,925 INFO  [io.api.tes.ser.api.KafkaSerdesTester] (Thread-808) topic-9180fc43_8f7a_40e7_a10d_bf985c95a496 0 0 {"key1": "value-0"}
2025-07-31 17:05:46,925 INFO  [io.api.tes.ser.api.KafkaSerdesTester] (Thread-808) topic-9180fc43_8f7a_40e7_a10d_bf985c95a496 0 1 {"key1": "value-1"}
2025-07-31 17:05:46,925 INFO  [io.api.tes.ser.api.KafkaSerdesTester] (Thread-808) topic-9180fc43_8f7a_40e7_a10d_bf985c95a496 0 2 {"key1": "value-2"}
2025-07-31 17:05:46,926 INFO  [io.api.tes.ser.api.KafkaSerdesTester] (Thread-808) topic-9180fc43_8f7a_40e7_a10d_bf985c95a496 0 3 {"key1": "value-3"}
2025-07-31 17:05:46,926 INFO  [io.api.tes.ser.api.KafkaSerdesTester] (Thread-808) topic-9180fc43_8f7a_40e7_a10d_bf985c95a496 0 4 {"key1": "value-4"}
2025-07-31 17:05:46,926 INFO  [io.api.tes.ser.api.KafkaSerdesTester] (Thread-808) topic-9180fc43_8f7a_40e7_a10d_bf985c95a496 0 5 {"key1": "value-5"}
2025-07-31 17:05:46,926 INFO  [io.api.tes.ser.api.KafkaSerdesTester] (Thread-808) topic-9180fc43_8f7a_40e7_a10d_bf985c95a496 0 6 {"key1": "value-6"}
2025-07-31 17:05:46,926 INFO  [io.api.tes.ser.api.KafkaSerdesTester] (Thread-808) topic-9180fc43_8f7a_40e7_a10d_bf985c95a496 0 7 {"key1": "value-7"}
2025-07-31 17:05:46,926 INFO  [io.api.tes.ser.api.KafkaSerdesTester] (Thread-808) topic-9180fc43_8f7a_40e7_a10d_bf985c95a496 0 8 {"key1": "value-8"}
2025-07-31 17:05:46,926 INFO  [io.api.tes.ser.api.KafkaSerdesTester] (Thread-808) topic-9180fc43_8f7a_40e7_a10d_bf985c95a496 0 9 {"key1": "value-9"}
2025-07-31 17:05:46,926 INFO  [io.api.tes.ser.api.KafkaSerdesTester] (Thread-808) Consumed 10 messages
2025-07-31 17:05:46,928 INFO  [org.apa.kaf.cli.con.int.ConsumerRebalanceListenerInvoker] (Thread-808) [Consumer clientId=consumer-Consumer-topic-9180fc43_8f7a_40e7_a10d_bf985c95a496-29, groupId=Consumer-topic-9180fc43_8f7a_40e7_a10d_bf985c95a496] Revoke previously assigned partitions topic-9180fc43_8f7a_40e7_a10d_bf985c95a496-0
2025-07-31 17:05:46,928 INFO  [org.apa.kaf.cli.con.int.ConsumerCoordinator] (Thread-808) [Consumer clientId=consumer-Consumer-topic-9180fc43_8f7a_40e7_a10d_bf985c95a496-29, groupId=Consumer-topic-9180fc43_8f7a_40e7_a10d_bf985c95a496] Member consumer-Consumer-topic-9180fc43_8f7a_40e7_a10d_bf985c95a496-29-35a732ea-1c30-44d9-ac4d-532130f8b151 sending LeaveGroup request to coordinator localhost:32770 (id: 2147483647 rack: null) due to the consumer is being closed
2025-07-31 17:05:46,928 INFO  [org.apa.kaf.cli.con.int.ConsumerCoordinator] (Thread-808) [Consumer clientId=consumer-Consumer-topic-9180fc43_8f7a_40e7_a10d_bf985c95a496-29, groupId=Consumer-topic-9180fc43_8f7a_40e7_a10d_bf985c95a496] Resetting generation and member id due to: consumer pro-actively leaving the group
2025-07-31 17:05:46,928 INFO  [org.apa.kaf.cli.con.int.ConsumerCoordinator] (Thread-808) [Consumer clientId=consumer-Consumer-topic-9180fc43_8f7a_40e7_a10d_bf985c95a496-29, groupId=Consumer-topic-9180fc43_8f7a_40e7_a10d_bf985c95a496] Request joining group due to: consumer pro-actively leaving the group
2025-07-31 17:05:47,427 INFO  [org.apa.kaf.com.met.Metrics] (Thread-808) Metrics scheduler closed
2025-07-31 17:05:47,427 INFO  [org.apa.kaf.com.met.Metrics] (Thread-808) Closing reporter org.apache.kafka.common.metrics.JmxReporter
2025-07-31 17:05:47,428 INFO  [org.apa.kaf.com.met.Metrics] (Thread-808) Closing reporter org.apache.kafka.common.telemetry.internals.ClientTelemetryReporter
2025-07-31 17:05:47,428 INFO  [org.apa.kaf.com.met.Metrics] (Thread-808) Metrics reporters closed
2025-07-31 17:05:47,430 INFO  [org.apa.kaf.com.uti.AppInfoParser] (Thread-808) App info kafka.consumer for consumer-Consumer-topic-9180fc43_8f7a_40e7_a10d_bf985c95a496-29 unregistered
2025-07-31 17:05:47,590 INFO  [io.api.tes.ser.con.BasicConfluentSerDesIT] (main) Deleting confluent schema topic-9180fc43_8f7a_40e7_a10d_bf985c95a496-value
2025-07-31 17:05:47,672 INFO  [io.api.tes.uti.TestSeparator] (main) io.apicurio.tests.serdes.confluent.BasicConfluentSerDesIT.testAvroConfluentApicurio-FINISHED
2025-07-31 17:05:47,672 INFO  [io.api.tes.uti.TestSeparator] (main) ############################################################################
Test passed: testAvroConfluentApicurio
]]></system-out>
  </testcase>
  <testcase name="testAvroConfluentSerDesWrongStrategyTopic" classname="io.apicurio.tests.serdes.confluent.BasicConfluentSerDesIT" time="0.631">
    <system-out><![CDATA[2025-07-31 17:05:47,673 INFO  [io.api.tes.uti.TestSeparator] (main) ############################################################################
2025-07-31 17:05:47,673 INFO  [io.api.tes.uti.TestSeparator] (main) io.apicurio.tests.serdes.confluent.BasicConfluentSerDesIT.testAvroConfluentSerDesWrongStrategyTopic-STARTED
2025-07-31 17:05:47,879 INFO  [io.api.tes.ser.con.BasicConfluentSerDesIT] (main) Checking that created schema is equal to the get schema
2025-07-31 17:05:47,963 INFO  [io.api.tes.ser.con.BasicConfluentSerDesIT] (main) Created schema with id:87 and name:myrecordconfluent3
**** Registry Base URL: http://registry-app-mysql.apps.ci419.apicurio-testing.org:80
2025-07-31 17:05:47,964 INFO  [org.apa.kaf.cli.pro.ProducerConfig] (main) ProducerConfig values: 
	acks = -1
	auto.include.jmx.reporter = true
	batch.size = 16384
	bootstrap.servers = [PLAINTEXT://localhost:32770]
	buffer.memory = 33554432
	client.dns.lookup = use_all_dns_ips
	client.id = Producer-topic-d26d1c9b_2fba_403b_aa2a_9ec10c134962
	compression.gzip.level = -1
	compression.lz4.level = 9
	compression.type = none
	compression.zstd.level = 3
	connections.max.idle.ms = 10000
	delivery.timeout.ms = 120000
	enable.idempotence = true
	enable.metrics.push = true
	interceptor.classes = []
	key.serializer = class org.apache.kafka.common.serialization.StringSerializer
	linger.ms = 0
	max.block.ms = 60000
	max.in.flight.requests.per.connection = 5
	max.request.size = 1048576
	metadata.max.age.ms = 300000
	metadata.max.idle.ms = 300000
	metadata.recovery.strategy = none
	metric.reporters = []
	metrics.num.samples = 2
	metrics.recording.level = INFO
	metrics.sample.window.ms = 30000
	partitioner.adaptive.partitioning.enable = true
	partitioner.availability.timeout.ms = 0
	partitioner.class = null
	partitioner.ignore.keys = false
	receive.buffer.bytes = 32768
	reconnect.backoff.max.ms = 1000
	reconnect.backoff.ms = 50
	request.timeout.ms = 5000
	retries = 2147483647
	retry.backoff.max.ms = 1000
	retry.backoff.ms = 100
	sasl.client.callback.handler.class = null
	sasl.jaas.config = null
	sasl.kerberos.kinit.cmd = /usr/bin/kinit
	sasl.kerberos.min.time.before.relogin = 60000
	sasl.kerberos.service.name = null
	sasl.kerberos.ticket.renew.jitter = 0.05
	sasl.kerberos.ticket.renew.window.factor = 0.8
	sasl.login.callback.handler.class = null
	sasl.login.class = null
	sasl.login.connect.timeout.ms = null
	sasl.login.read.timeout.ms = null
	sasl.login.refresh.buffer.seconds = 300
	sasl.login.refresh.min.period.seconds = 60
	sasl.login.refresh.window.factor = 0.8
	sasl.login.refresh.window.jitter = 0.05
	sasl.login.retry.backoff.max.ms = 10000
	sasl.login.retry.backoff.ms = 100
	sasl.mechanism = GSSAPI
	sasl.oauthbearer.clock.skew.seconds = 30
	sasl.oauthbearer.expected.audience = null
	sasl.oauthbearer.expected.issuer = null
	sasl.oauthbearer.header.urlencode = false
	sasl.oauthbearer.jwks.endpoint.refresh.ms = 3600000
	sasl.oauthbearer.jwks.endpoint.retry.backoff.max.ms = 10000
	sasl.oauthbearer.jwks.endpoint.retry.backoff.ms = 100
	sasl.oauthbearer.jwks.endpoint.url = null
	sasl.oauthbearer.scope.claim.name = scope
	sasl.oauthbearer.sub.claim.name = sub
	sasl.oauthbearer.token.endpoint.url = null
	security.protocol = PLAINTEXT
	security.providers = null
	send.buffer.bytes = 131072
	socket.connection.setup.timeout.max.ms = 30000
	socket.connection.setup.timeout.ms = 10000
	ssl.cipher.suites = null
	ssl.enabled.protocols = [TLSv1.2, TLSv1.3]
	ssl.endpoint.identification.algorithm = https
	ssl.engine.factory.class = null
	ssl.key.password = null
	ssl.keymanager.algorithm = SunX509
	ssl.keystore.certificate.chain = null
	ssl.keystore.key = null
	ssl.keystore.location = null
	ssl.keystore.password = null
	ssl.keystore.type = JKS
	ssl.protocol = TLSv1.3
	ssl.provider = null
	ssl.secure.random.implementation = null
	ssl.trustmanager.algorithm = PKIX
	ssl.truststore.certificates = null
	ssl.truststore.location = null
	ssl.truststore.password = null
	ssl.truststore.type = JKS
	transaction.timeout.ms = 60000
	transactional.id = null
	value.serializer = class io.confluent.kafka.serializers.KafkaAvroSerializer

2025-07-31 17:05:47,964 INFO  [org.apa.kaf.com.tel.int.KafkaMetricsCollector] (main) initializing Kafka metrics collector
2025-07-31 17:05:47,964 INFO  [io.con.kaf.ser.KafkaAvroSerializerConfig] (main) KafkaAvroSerializerConfig values: 
	auto.register.schemas = false
	avro.reflection.allow.null = false
	avro.remove.java.properties = false
	avro.use.logical.type.converters = false
	basic.auth.credentials.source = URL
	basic.auth.user.info = [hidden]
	bearer.auth.cache.expiry.buffer.seconds = 300
	bearer.auth.client.id = null
	bearer.auth.client.secret = null
	bearer.auth.credentials.source = STATIC_TOKEN
	bearer.auth.custom.provider.class = null
	bearer.auth.identity.pool.id = null
	bearer.auth.issuer.endpoint.url = null
	bearer.auth.logical.cluster = null
	bearer.auth.scope = null
	bearer.auth.scope.claim.name = scope
	bearer.auth.sub.claim.name = sub
	bearer.auth.token = [hidden]
	context.name.strategy = class io.confluent.kafka.serializers.context.NullContextNameStrategy
	http.connect.timeout.ms = 60000
	http.read.timeout.ms = 60000
	id.compatibility.strict = true
	key.schema.id.deserializer = class io.confluent.kafka.serializers.schema.id.DualSchemaIdDeserializer
	key.schema.id.serializer = class io.confluent.kafka.serializers.schema.id.PrefixSchemaIdSerializer
	key.subject.name.strategy = class io.confluent.kafka.serializers.subject.TopicNameStrategy
	latest.cache.size = 1000
	latest.cache.ttl.sec = -1
	latest.compatibility.strict = true
	max.retries = 3
	max.schemas.per.subject = 1000
	normalize.schemas = false
	propagate.schema.tags = false
	proxy.host = 
	proxy.port = -1
	retries.max.wait.ms = 20000
	retries.wait.ms = 1000
	rule.actions = []
	rule.executors = []
	rule.service.loader.enable = true
	schema.format = null
	schema.reflection = false
	schema.registry.basic.auth.user.info = [hidden]
	schema.registry.ssl.cipher.suites = null
	schema.registry.ssl.enabled.protocols = [TLSv1.2, TLSv1.3]
	schema.registry.ssl.endpoint.identification.algorithm = https
	schema.registry.ssl.engine.factory.class = null
	schema.registry.ssl.key.password = null
	schema.registry.ssl.keymanager.algorithm = SunX509
	schema.registry.ssl.keystore.certificate.chain = null
	schema.registry.ssl.keystore.key = null
	schema.registry.ssl.keystore.location = null
	schema.registry.ssl.keystore.password = null
	schema.registry.ssl.keystore.type = JKS
	schema.registry.ssl.protocol = TLSv1.3
	schema.registry.ssl.provider = null
	schema.registry.ssl.secure.random.implementation = null
	schema.registry.ssl.trustmanager.algorithm = PKIX
	schema.registry.ssl.truststore.certificates = null
	schema.registry.ssl.truststore.location = null
	schema.registry.ssl.truststore.password = null
	schema.registry.ssl.truststore.type = JKS
	schema.registry.url = [http://registry-app-mysql.apps.ci419.apicurio-testing.org:80/apis/ccompat/v7]
	schema.registry.url.randomize = false
	use.latest.version = false
	use.latest.with.metadata = null
	use.schema.id = -1
	value.schema.id.deserializer = class io.confluent.kafka.serializers.schema.id.DualSchemaIdDeserializer
	value.schema.id.serializer = class io.confluent.kafka.serializers.schema.id.PrefixSchemaIdSerializer
	value.subject.name.strategy = class io.confluent.kafka.serializers.subject.TopicNameStrategy

2025-07-31 17:05:47,966 INFO  [org.apa.kaf.cli.pro.KafkaProducer] (main) [Producer clientId=Producer-topic-d26d1c9b_2fba_403b_aa2a_9ec10c134962] Instantiated an idempotent producer.
2025-07-31 17:05:47,968 INFO  [org.apa.kaf.cli.pro.ProducerConfig] (main) These configurations '[schema.registry.url, auto.register.schemas, value.subject.name.strategy]' were supplied but are not used yet.
2025-07-31 17:05:47,968 INFO  [org.apa.kaf.com.uti.AppInfoParser] (main) Kafka version: 3.9.1
2025-07-31 17:05:47,968 INFO  [org.apa.kaf.com.uti.AppInfoParser] (main) Kafka commitId: f745dfdcee2b9851
2025-07-31 17:05:47,968 INFO  [org.apa.kaf.com.uti.AppInfoParser] (main) Kafka startTimeMs: 1753981547968
2025-07-31 17:05:47,969 INFO  [io.api.tes.ser.api.KafkaSerdesTester] (Thread-809) Sending message {"key1": "value-0"} to topic topic-d26d1c9b_2fba_403b_aa2a_9ec10c134962
2025-07-31 17:05:47,976 INFO  [org.apa.kaf.cli.Metadata] (kafka-producer-network-thread | Producer-topic-d26d1c9b_2fba_403b_aa2a_9ec10c134962) [Producer clientId=Producer-topic-d26d1c9b_2fba_403b_aa2a_9ec10c134962] Cluster ID: hHUi-5-6SnyFRAH2goQrJA
2025-07-31 17:05:47,976 INFO  [org.apa.kaf.cli.pro.int.TransactionManager] (kafka-producer-network-thread | Producer-topic-d26d1c9b_2fba_403b_aa2a_9ec10c134962) [Producer clientId=Producer-topic-d26d1c9b_2fba_403b_aa2a_9ec10c134962] ProducerId set to 37 with epoch 0
2025-07-31 17:05:48,062 INFO  [org.apa.kaf.cli.pro.KafkaProducer] (Thread-809) [Producer clientId=Producer-topic-d26d1c9b_2fba_403b_aa2a_9ec10c134962] Closing the Kafka producer with timeoutMillis = 9223372036854775807 ms.
2025-07-31 17:05:48,064 INFO  [org.apa.kaf.com.met.Metrics] (Thread-809) Metrics scheduler closed
2025-07-31 17:05:48,064 INFO  [org.apa.kaf.com.met.Metrics] (Thread-809) Closing reporter org.apache.kafka.common.metrics.JmxReporter
2025-07-31 17:05:48,064 INFO  [org.apa.kaf.com.met.Metrics] (Thread-809) Closing reporter org.apache.kafka.common.telemetry.internals.ClientTelemetryReporter
2025-07-31 17:05:48,064 INFO  [org.apa.kaf.com.met.Metrics] (Thread-809) Metrics reporters closed
2025-07-31 17:05:48,064 INFO  [org.apa.kaf.com.uti.AppInfoParser] (Thread-809) App info kafka.producer for Producer-topic-d26d1c9b_2fba_403b_aa2a_9ec10c134962 unregistered
2025-07-31 17:05:48,223 INFO  [io.api.tes.ser.con.BasicConfluentSerDesIT] (main) Deleting confluent schema myrecordconfluent3
2025-07-31 17:05:48,304 INFO  [io.api.tes.uti.TestSeparator] (main) io.apicurio.tests.serdes.confluent.BasicConfluentSerDesIT.testAvroConfluentSerDesWrongStrategyTopic-FINISHED
2025-07-31 17:05:48,304 INFO  [io.api.tes.uti.TestSeparator] (main) ############################################################################
Test passed: testAvroConfluentSerDesWrongStrategyTopic
]]></system-out>
  </testcase>
  <testcase name="testAvroApicurioConfluent" classname="io.apicurio.tests.serdes.confluent.BasicConfluentSerDesIT" time="2.23">
    <system-out><![CDATA[2025-07-31 17:05:48,305 INFO  [io.api.tes.uti.TestSeparator] (main) ############################################################################
2025-07-31 17:05:48,305 INFO  [io.api.tes.uti.TestSeparator] (main) io.apicurio.tests.serdes.confluent.BasicConfluentSerDesIT.testAvroApicurioConfluent-STARTED
**** Registry Base URL: http://registry-app-mysql.apps.ci419.apicurio-testing.org:80
2025-07-31 17:05:49,496 INFO  [org.apa.kaf.cli.pro.ProducerConfig] (main) ProducerConfig values: 
	acks = -1
	auto.include.jmx.reporter = true
	batch.size = 16384
	bootstrap.servers = [PLAINTEXT://localhost:32770]
	buffer.memory = 33554432
	client.dns.lookup = use_all_dns_ips
	client.id = Producer-topic-582ecbf9_3eb7_4688_b747_141657771cdf
	compression.gzip.level = -1
	compression.lz4.level = 9
	compression.type = none
	compression.zstd.level = 3
	connections.max.idle.ms = 10000
	delivery.timeout.ms = 120000
	enable.idempotence = true
	enable.metrics.push = true
	interceptor.classes = []
	key.serializer = class org.apache.kafka.common.serialization.StringSerializer
	linger.ms = 0
	max.block.ms = 60000
	max.in.flight.requests.per.connection = 5
	max.request.size = 1048576
	metadata.max.age.ms = 300000
	metadata.max.idle.ms = 300000
	metadata.recovery.strategy = none
	metric.reporters = []
	metrics.num.samples = 2
	metrics.recording.level = INFO
	metrics.sample.window.ms = 30000
	partitioner.adaptive.partitioning.enable = true
	partitioner.availability.timeout.ms = 0
	partitioner.class = null
	partitioner.ignore.keys = false
	receive.buffer.bytes = 32768
	reconnect.backoff.max.ms = 1000
	reconnect.backoff.ms = 50
	request.timeout.ms = 5000
	retries = 2147483647
	retry.backoff.max.ms = 1000
	retry.backoff.ms = 100
	sasl.client.callback.handler.class = null
	sasl.jaas.config = null
	sasl.kerberos.kinit.cmd = /usr/bin/kinit
	sasl.kerberos.min.time.before.relogin = 60000
	sasl.kerberos.service.name = null
	sasl.kerberos.ticket.renew.jitter = 0.05
	sasl.kerberos.ticket.renew.window.factor = 0.8
	sasl.login.callback.handler.class = null
	sasl.login.class = null
	sasl.login.connect.timeout.ms = null
	sasl.login.read.timeout.ms = null
	sasl.login.refresh.buffer.seconds = 300
	sasl.login.refresh.min.period.seconds = 60
	sasl.login.refresh.window.factor = 0.8
	sasl.login.refresh.window.jitter = 0.05
	sasl.login.retry.backoff.max.ms = 10000
	sasl.login.retry.backoff.ms = 100
	sasl.mechanism = GSSAPI
	sasl.oauthbearer.clock.skew.seconds = 30
	sasl.oauthbearer.expected.audience = null
	sasl.oauthbearer.expected.issuer = null
	sasl.oauthbearer.header.urlencode = false
	sasl.oauthbearer.jwks.endpoint.refresh.ms = 3600000
	sasl.oauthbearer.jwks.endpoint.retry.backoff.max.ms = 10000
	sasl.oauthbearer.jwks.endpoint.retry.backoff.ms = 100
	sasl.oauthbearer.jwks.endpoint.url = null
	sasl.oauthbearer.scope.claim.name = scope
	sasl.oauthbearer.sub.claim.name = sub
	sasl.oauthbearer.token.endpoint.url = null
	security.protocol = PLAINTEXT
	security.providers = null
	send.buffer.bytes = 131072
	socket.connection.setup.timeout.max.ms = 30000
	socket.connection.setup.timeout.ms = 10000
	ssl.cipher.suites = null
	ssl.enabled.protocols = [TLSv1.2, TLSv1.3]
	ssl.endpoint.identification.algorithm = https
	ssl.engine.factory.class = null
	ssl.key.password = null
	ssl.keymanager.algorithm = SunX509
	ssl.keystore.certificate.chain = null
	ssl.keystore.key = null
	ssl.keystore.location = null
	ssl.keystore.password = null
	ssl.keystore.type = JKS
	ssl.protocol = TLSv1.3
	ssl.provider = null
	ssl.secure.random.implementation = null
	ssl.trustmanager.algorithm = PKIX
	ssl.truststore.certificates = null
	ssl.truststore.location = null
	ssl.truststore.password = null
	ssl.truststore.type = JKS
	transaction.timeout.ms = 60000
	transactional.id = null
	value.serializer = class io.apicurio.registry.serde.avro.AvroKafkaSerializer

2025-07-31 17:05:49,496 INFO  [org.apa.kaf.com.tel.int.KafkaMetricsCollector] (main) initializing Kafka metrics collector
2025-07-31 17:05:49,499 INFO  [org.apa.kaf.cli.pro.KafkaProducer] (main) [Producer clientId=Producer-topic-582ecbf9_3eb7_4688_b747_141657771cdf] Instantiated an idempotent producer.
2025-07-31 17:05:49,500 INFO  [org.apa.kaf.cli.pro.ProducerConfig] (main) These configurations '[apicurio.registry.url, apicurio.registry.artifact-resolver-strategy]' were supplied but are not used yet.
2025-07-31 17:05:49,500 INFO  [org.apa.kaf.com.uti.AppInfoParser] (main) Kafka version: 3.9.1
2025-07-31 17:05:49,500 INFO  [org.apa.kaf.com.uti.AppInfoParser] (main) Kafka commitId: f745dfdcee2b9851
2025-07-31 17:05:49,500 INFO  [org.apa.kaf.com.uti.AppInfoParser] (main) Kafka startTimeMs: 1753981549500
2025-07-31 17:05:49,500 INFO  [io.api.tes.ser.api.SimpleSerdesTesterBuilder$SimpleSerdesTester] (main) Using producer configuration: {apicurio.registry.url=http://registry-app-mysql.apps.ci419.apicurio-testing.org:80/apis/registry/v3, apicurio.registry.artifact-resolver-strategy=io.apicurio.registry.serde.strategy.TopicIdStrategy, value.serializer=io.apicurio.registry.serde.avro.AvroKafkaSerializer, request.timeout.ms=5000, acks=all, bootstrap.servers=PLAINTEXT://localhost:32770, connections.max.idle.ms=10000, key.serializer=org.apache.kafka.common.serialization.StringSerializer, client.id=Producer-topic-582ecbf9_3eb7_4688_b747_141657771cdf}
2025-07-31 17:05:49,500 INFO  [io.api.tes.ser.api.SimpleSerdesTesterBuilder$SimpleSerdesTester] (main) Using consumer configuration: {}
2025-07-31 17:05:49,500 INFO  [io.api.tes.ser.api.KafkaSerdesTester] (Thread-812) Sending message {"key1": "value-0"} to topic topic-582ecbf9_3eb7_4688_b747_141657771cdf
2025-07-31 17:05:49,503 INFO  [org.apa.kaf.cli.Metadata] (kafka-producer-network-thread | Producer-topic-582ecbf9_3eb7_4688_b747_141657771cdf) [Producer clientId=Producer-topic-582ecbf9_3eb7_4688_b747_141657771cdf] Cluster ID: hHUi-5-6SnyFRAH2goQrJA
2025-07-31 17:05:49,504 INFO  [DefaultSchemaResolver] (Thread-812) Retrieving schema content using string: {"type":"record","name":"myrecordconfluent1","fields":[{"name":"key1","type":"string"}]}
2025-07-31 17:05:49,504 INFO  [org.apa.kaf.cli.pro.int.TransactionManager] (kafka-producer-network-thread | Producer-topic-582ecbf9_3eb7_4688_b747_141657771cdf) [Producer clientId=Producer-topic-582ecbf9_3eb7_4688_b747_141657771cdf] ProducerId set to 38 with epoch 0
2025-07-31 17:05:49,668 INFO  [io.api.tes.ser.api.KafkaSerdesTester] (Thread-812) Sending message {"key1": "value-1"} to topic topic-582ecbf9_3eb7_4688_b747_141657771cdf
2025-07-31 17:05:49,669 INFO  [io.api.tes.ser.api.KafkaSerdesTester] (Thread-812) Sending message {"key1": "value-2"} to topic topic-582ecbf9_3eb7_4688_b747_141657771cdf
2025-07-31 17:05:49,670 INFO  [io.api.tes.ser.api.KafkaSerdesTester] (Thread-812) Sending message {"key1": "value-3"} to topic topic-582ecbf9_3eb7_4688_b747_141657771cdf
2025-07-31 17:05:49,672 INFO  [io.api.tes.ser.api.KafkaSerdesTester] (Thread-812) Sending message {"key1": "value-4"} to topic topic-582ecbf9_3eb7_4688_b747_141657771cdf
2025-07-31 17:05:49,673 INFO  [io.api.tes.ser.api.KafkaSerdesTester] (Thread-812) Sending message {"key1": "value-5"} to topic topic-582ecbf9_3eb7_4688_b747_141657771cdf
2025-07-31 17:05:49,674 INFO  [io.api.tes.ser.api.KafkaSerdesTester] (Thread-812) Sending message {"key1": "value-6"} to topic topic-582ecbf9_3eb7_4688_b747_141657771cdf
2025-07-31 17:05:49,675 INFO  [io.api.tes.ser.api.KafkaSerdesTester] (Thread-812) Sending message {"key1": "value-7"} to topic topic-582ecbf9_3eb7_4688_b747_141657771cdf
2025-07-31 17:05:49,676 INFO  [io.api.tes.ser.api.KafkaSerdesTester] (Thread-812) Sending message {"key1": "value-8"} to topic topic-582ecbf9_3eb7_4688_b747_141657771cdf
2025-07-31 17:05:49,677 INFO  [io.api.tes.ser.api.KafkaSerdesTester] (Thread-812) Sending message {"key1": "value-9"} to topic topic-582ecbf9_3eb7_4688_b747_141657771cdf
2025-07-31 17:05:49,681 INFO  [io.api.tes.ser.api.KafkaSerdesTester] (Thread-812) Produced 10 messages
2025-07-31 17:05:49,681 INFO  [org.apa.kaf.cli.pro.KafkaProducer] (Thread-812) [Producer clientId=Producer-topic-582ecbf9_3eb7_4688_b747_141657771cdf] Closing the Kafka producer with timeoutMillis = 9223372036854775807 ms.
2025-07-31 17:05:49,682 INFO  [org.apa.kaf.com.met.Metrics] (Thread-812) Metrics scheduler closed
2025-07-31 17:05:49,683 INFO  [org.apa.kaf.com.met.Metrics] (Thread-812) Closing reporter org.apache.kafka.common.metrics.JmxReporter
2025-07-31 17:05:49,683 INFO  [org.apa.kaf.com.met.Metrics] (Thread-812) Closing reporter org.apache.kafka.common.telemetry.internals.ClientTelemetryReporter
2025-07-31 17:05:49,683 INFO  [org.apa.kaf.com.met.Metrics] (Thread-812) Metrics reporters closed
2025-07-31 17:05:49,683 INFO  [org.apa.kaf.com.uti.AppInfoParser] (Thread-812) App info kafka.producer for Producer-topic-582ecbf9_3eb7_4688_b747_141657771cdf unregistered
**** Registry Base URL: http://registry-app-mysql.apps.ci419.apicurio-testing.org:80
2025-07-31 17:05:49,685 INFO  [org.apa.kaf.cli.con.ConsumerConfig] (main) ConsumerConfig values: 
	allow.auto.create.topics = true
	auto.commit.interval.ms = 500
	auto.include.jmx.reporter = true
	auto.offset.reset = earliest
	bootstrap.servers = [PLAINTEXT://localhost:32770]
	check.crcs = true
	client.dns.lookup = use_all_dns_ips
	client.id = consumer-Consumer-topic-582ecbf9_3eb7_4688_b747_141657771cdf-30
	client.rack = 
	connections.max.idle.ms = 10000
	default.api.timeout.ms = 60000
	enable.auto.commit = true
	enable.metrics.push = true
	exclude.internal.topics = true
	fetch.max.bytes = 52428800
	fetch.max.wait.ms = 500
	fetch.min.bytes = 1
	group.id = Consumer-topic-582ecbf9_3eb7_4688_b747_141657771cdf
	group.instance.id = null
	group.protocol = classic
	group.remote.assignor = null
	heartbeat.interval.ms = 3000
	interceptor.classes = []
	internal.leave.group.on.close = true
	internal.throw.on.fetch.stable.offset.unsupported = false
	isolation.level = read_uncommitted
	key.deserializer = class org.apache.kafka.common.serialization.StringDeserializer
	max.partition.fetch.bytes = 1048576
	max.poll.interval.ms = 300000
	max.poll.records = 500
	metadata.max.age.ms = 300000
	metadata.recovery.strategy = none
	metric.reporters = []
	metrics.num.samples = 2
	metrics.recording.level = INFO
	metrics.sample.window.ms = 30000
	partition.assignment.strategy = [class org.apache.kafka.clients.consumer.RangeAssignor, class org.apache.kafka.clients.consumer.CooperativeStickyAssignor]
	receive.buffer.bytes = 65536
	reconnect.backoff.max.ms = 1000
	reconnect.backoff.ms = 50
	request.timeout.ms = 5000
	retry.backoff.max.ms = 1000
	retry.backoff.ms = 100
	sasl.client.callback.handler.class = null
	sasl.jaas.config = null
	sasl.kerberos.kinit.cmd = /usr/bin/kinit
	sasl.kerberos.min.time.before.relogin = 60000
	sasl.kerberos.service.name = null
	sasl.kerberos.ticket.renew.jitter = 0.05
	sasl.kerberos.ticket.renew.window.factor = 0.8
	sasl.login.callback.handler.class = null
	sasl.login.class = null
	sasl.login.connect.timeout.ms = null
	sasl.login.read.timeout.ms = null
	sasl.login.refresh.buffer.seconds = 300
	sasl.login.refresh.min.period.seconds = 60
	sasl.login.refresh.window.factor = 0.8
	sasl.login.refresh.window.jitter = 0.05
	sasl.login.retry.backoff.max.ms = 10000
	sasl.login.retry.backoff.ms = 100
	sasl.mechanism = GSSAPI
	sasl.oauthbearer.clock.skew.seconds = 30
	sasl.oauthbearer.expected.audience = null
	sasl.oauthbearer.expected.issuer = null
	sasl.oauthbearer.header.urlencode = false
	sasl.oauthbearer.jwks.endpoint.refresh.ms = 3600000
	sasl.oauthbearer.jwks.endpoint.retry.backoff.max.ms = 10000
	sasl.oauthbearer.jwks.endpoint.retry.backoff.ms = 100
	sasl.oauthbearer.jwks.endpoint.url = null
	sasl.oauthbearer.scope.claim.name = scope
	sasl.oauthbearer.sub.claim.name = sub
	sasl.oauthbearer.token.endpoint.url = null
	security.protocol = PLAINTEXT
	security.providers = null
	send.buffer.bytes = 131072
	session.timeout.ms = 45000
	socket.connection.setup.timeout.max.ms = 30000
	socket.connection.setup.timeout.ms = 10000
	ssl.cipher.suites = null
	ssl.enabled.protocols = [TLSv1.2, TLSv1.3]
	ssl.endpoint.identification.algorithm = https
	ssl.engine.factory.class = null
	ssl.key.password = null
	ssl.keymanager.algorithm = SunX509
	ssl.keystore.certificate.chain = null
	ssl.keystore.key = null
	ssl.keystore.location = null
	ssl.keystore.password = null
	ssl.keystore.type = JKS
	ssl.protocol = TLSv1.3
	ssl.provider = null
	ssl.secure.random.implementation = null
	ssl.trustmanager.algorithm = PKIX
	ssl.truststore.certificates = null
	ssl.truststore.location = null
	ssl.truststore.password = null
	ssl.truststore.type = JKS
	value.deserializer = class io.confluent.kafka.serializers.KafkaAvroDeserializer

2025-07-31 17:05:49,685 INFO  [org.apa.kaf.com.tel.int.KafkaMetricsCollector] (main) initializing Kafka metrics collector
2025-07-31 17:05:49,685 INFO  [io.con.kaf.ser.KafkaAvroDeserializerConfig] (main) KafkaAvroDeserializerConfig values: 
	auto.register.schemas = true
	avro.reflection.allow.null = false
	avro.use.logical.type.converters = false
	basic.auth.credentials.source = URL
	basic.auth.user.info = [hidden]
	bearer.auth.cache.expiry.buffer.seconds = 300
	bearer.auth.client.id = null
	bearer.auth.client.secret = null
	bearer.auth.credentials.source = STATIC_TOKEN
	bearer.auth.custom.provider.class = null
	bearer.auth.identity.pool.id = null
	bearer.auth.issuer.endpoint.url = null
	bearer.auth.logical.cluster = null
	bearer.auth.scope = null
	bearer.auth.scope.claim.name = scope
	bearer.auth.sub.claim.name = sub
	bearer.auth.token = [hidden]
	context.name.strategy = class io.confluent.kafka.serializers.context.NullContextNameStrategy
	http.connect.timeout.ms = 60000
	http.read.timeout.ms = 60000
	id.compatibility.strict = true
	key.schema.id.deserializer = class io.confluent.kafka.serializers.schema.id.DualSchemaIdDeserializer
	key.schema.id.serializer = class io.confluent.kafka.serializers.schema.id.PrefixSchemaIdSerializer
	key.subject.name.strategy = class io.confluent.kafka.serializers.subject.TopicNameStrategy
	latest.cache.size = 1000
	latest.cache.ttl.sec = -1
	latest.compatibility.strict = true
	max.retries = 3
	max.schemas.per.subject = 1000
	normalize.schemas = false
	propagate.schema.tags = false
	proxy.host = 
	proxy.port = -1
	retries.max.wait.ms = 20000
	retries.wait.ms = 1000
	rule.actions = []
	rule.executors = []
	rule.service.loader.enable = true
	schema.format = null
	schema.reflection = false
	schema.registry.basic.auth.user.info = [hidden]
	schema.registry.ssl.cipher.suites = null
	schema.registry.ssl.enabled.protocols = [TLSv1.2, TLSv1.3]
	schema.registry.ssl.endpoint.identification.algorithm = https
	schema.registry.ssl.engine.factory.class = null
	schema.registry.ssl.key.password = null
	schema.registry.ssl.keymanager.algorithm = SunX509
	schema.registry.ssl.keystore.certificate.chain = null
	schema.registry.ssl.keystore.key = null
	schema.registry.ssl.keystore.location = null
	schema.registry.ssl.keystore.password = null
	schema.registry.ssl.keystore.type = JKS
	schema.registry.ssl.protocol = TLSv1.3
	schema.registry.ssl.provider = null
	schema.registry.ssl.secure.random.implementation = null
	schema.registry.ssl.trustmanager.algorithm = PKIX
	schema.registry.ssl.truststore.certificates = null
	schema.registry.ssl.truststore.location = null
	schema.registry.ssl.truststore.password = null
	schema.registry.ssl.truststore.type = JKS
	schema.registry.url = [http://registry-app-mysql.apps.ci419.apicurio-testing.org:80/apis/ccompat/v7]
	schema.registry.url.randomize = false
	specific.avro.key.type = null
	specific.avro.reader = false
	specific.avro.value.type = null
	use.latest.version = false
	use.latest.with.metadata = null
	use.schema.id = -1
	value.schema.id.deserializer = class io.confluent.kafka.serializers.schema.id.DualSchemaIdDeserializer
	value.schema.id.serializer = class io.confluent.kafka.serializers.schema.id.PrefixSchemaIdSerializer
	value.subject.name.strategy = class io.confluent.kafka.serializers.subject.TopicNameStrategy

2025-07-31 17:05:49,689 INFO  [org.apa.kaf.cli.con.ConsumerConfig] (main) These configurations '[schema.registry.url]' were supplied but are not used yet.
2025-07-31 17:05:49,689 INFO  [org.apa.kaf.com.uti.AppInfoParser] (main) Kafka version: 3.9.1
2025-07-31 17:05:49,689 INFO  [org.apa.kaf.com.uti.AppInfoParser] (main) Kafka commitId: f745dfdcee2b9851
2025-07-31 17:05:49,689 INFO  [org.apa.kaf.com.uti.AppInfoParser] (main) Kafka startTimeMs: 1753981549689
2025-07-31 17:05:49,690 INFO  [org.apa.kaf.cli.con.int.ClassicKafkaConsumer] (Thread-813) [Consumer clientId=consumer-Consumer-topic-582ecbf9_3eb7_4688_b747_141657771cdf-30, groupId=Consumer-topic-582ecbf9_3eb7_4688_b747_141657771cdf] Subscribed to topic(s): topic-582ecbf9_3eb7_4688_b747_141657771cdf
2025-07-31 17:05:49,692 INFO  [org.apa.kaf.cli.Metadata] (Thread-813) [Consumer clientId=consumer-Consumer-topic-582ecbf9_3eb7_4688_b747_141657771cdf-30, groupId=Consumer-topic-582ecbf9_3eb7_4688_b747_141657771cdf] Cluster ID: hHUi-5-6SnyFRAH2goQrJA
2025-07-31 17:05:49,692 INFO  [org.apa.kaf.cli.con.int.ConsumerCoordinator] (Thread-813) [Consumer clientId=consumer-Consumer-topic-582ecbf9_3eb7_4688_b747_141657771cdf-30, groupId=Consumer-topic-582ecbf9_3eb7_4688_b747_141657771cdf] Discovered group coordinator localhost:32770 (id: 2147483647 rack: null)
2025-07-31 17:05:49,693 INFO  [org.apa.kaf.cli.con.int.ConsumerCoordinator] (Thread-813) [Consumer clientId=consumer-Consumer-topic-582ecbf9_3eb7_4688_b747_141657771cdf-30, groupId=Consumer-topic-582ecbf9_3eb7_4688_b747_141657771cdf] (Re-)joining group
2025-07-31 17:05:49,695 INFO  [org.apa.kaf.cli.con.int.ConsumerCoordinator] (Thread-813) [Consumer clientId=consumer-Consumer-topic-582ecbf9_3eb7_4688_b747_141657771cdf-30, groupId=Consumer-topic-582ecbf9_3eb7_4688_b747_141657771cdf] Request joining group due to: need to re-join with the given member-id: consumer-Consumer-topic-582ecbf9_3eb7_4688_b747_141657771cdf-30-79b8f504-a3bc-4f1c-8c72-17072a49f3dc
2025-07-31 17:05:49,695 INFO  [org.apa.kaf.cli.con.int.ConsumerCoordinator] (Thread-813) [Consumer clientId=consumer-Consumer-topic-582ecbf9_3eb7_4688_b747_141657771cdf-30, groupId=Consumer-topic-582ecbf9_3eb7_4688_b747_141657771cdf] (Re-)joining group
2025-07-31 17:05:49,696 INFO  [org.apa.kaf.cli.con.int.ConsumerCoordinator] (Thread-813) [Consumer clientId=consumer-Consumer-topic-582ecbf9_3eb7_4688_b747_141657771cdf-30, groupId=Consumer-topic-582ecbf9_3eb7_4688_b747_141657771cdf] Successfully joined group with generation Generation{generationId=1, memberId='consumer-Consumer-topic-582ecbf9_3eb7_4688_b747_141657771cdf-30-79b8f504-a3bc-4f1c-8c72-17072a49f3dc', protocol='range'}
2025-07-31 17:05:49,696 INFO  [org.apa.kaf.cli.con.int.ConsumerCoordinator] (Thread-813) [Consumer clientId=consumer-Consumer-topic-582ecbf9_3eb7_4688_b747_141657771cdf-30, groupId=Consumer-topic-582ecbf9_3eb7_4688_b747_141657771cdf] Finished assignment for group at generation 1: {consumer-Consumer-topic-582ecbf9_3eb7_4688_b747_141657771cdf-30-79b8f504-a3bc-4f1c-8c72-17072a49f3dc=Assignment(partitions=[topic-582ecbf9_3eb7_4688_b747_141657771cdf-0])}
2025-07-31 17:05:49,698 INFO  [org.apa.kaf.cli.con.int.ConsumerCoordinator] (Thread-813) [Consumer clientId=consumer-Consumer-topic-582ecbf9_3eb7_4688_b747_141657771cdf-30, groupId=Consumer-topic-582ecbf9_3eb7_4688_b747_141657771cdf] Successfully synced group in generation Generation{generationId=1, memberId='consumer-Consumer-topic-582ecbf9_3eb7_4688_b747_141657771cdf-30-79b8f504-a3bc-4f1c-8c72-17072a49f3dc', protocol='range'}
2025-07-31 17:05:49,698 INFO  [org.apa.kaf.cli.con.int.ConsumerCoordinator] (Thread-813) [Consumer clientId=consumer-Consumer-topic-582ecbf9_3eb7_4688_b747_141657771cdf-30, groupId=Consumer-topic-582ecbf9_3eb7_4688_b747_141657771cdf] Notifying assignor about the new Assignment(partitions=[topic-582ecbf9_3eb7_4688_b747_141657771cdf-0])
2025-07-31 17:05:49,698 INFO  [org.apa.kaf.cli.con.int.ConsumerRebalanceListenerInvoker] (Thread-813) [Consumer clientId=consumer-Consumer-topic-582ecbf9_3eb7_4688_b747_141657771cdf-30, groupId=Consumer-topic-582ecbf9_3eb7_4688_b747_141657771cdf] Adding newly assigned partitions: topic-582ecbf9_3eb7_4688_b747_141657771cdf-0
2025-07-31 17:05:49,699 INFO  [org.apa.kaf.cli.con.int.ConsumerCoordinator] (Thread-813) [Consumer clientId=consumer-Consumer-topic-582ecbf9_3eb7_4688_b747_141657771cdf-30, groupId=Consumer-topic-582ecbf9_3eb7_4688_b747_141657771cdf] Found no committed offset for partition topic-582ecbf9_3eb7_4688_b747_141657771cdf-0
2025-07-31 17:05:49,702 INFO  [org.apa.kaf.cli.con.int.SubscriptionState] (Thread-813) [Consumer clientId=consumer-Consumer-topic-582ecbf9_3eb7_4688_b747_141657771cdf-30, groupId=Consumer-topic-582ecbf9_3eb7_4688_b747_141657771cdf] Resetting offset for partition topic-582ecbf9_3eb7_4688_b747_141657771cdf-0 to position FetchPosition{offset=0, offsetEpoch=Optional.empty, currentLeader=LeaderAndEpoch{leader=Optional[localhost:32770 (id: 0 rack: null)], epoch=0}}.
2025-07-31 17:05:49,789 INFO  [io.api.tes.ser.api.KafkaSerdesTester] (Thread-813) topic-582ecbf9_3eb7_4688_b747_141657771cdf 0 0 {"key1": "value-0"}
2025-07-31 17:05:49,790 INFO  [io.api.tes.ser.api.KafkaSerdesTester] (Thread-813) topic-582ecbf9_3eb7_4688_b747_141657771cdf 0 1 {"key1": "value-1"}
2025-07-31 17:05:49,790 INFO  [io.api.tes.ser.api.KafkaSerdesTester] (Thread-813) topic-582ecbf9_3eb7_4688_b747_141657771cdf 0 2 {"key1": "value-2"}
2025-07-31 17:05:49,790 INFO  [io.api.tes.ser.api.KafkaSerdesTester] (Thread-813) topic-582ecbf9_3eb7_4688_b747_141657771cdf 0 3 {"key1": "value-3"}
2025-07-31 17:05:49,790 INFO  [io.api.tes.ser.api.KafkaSerdesTester] (Thread-813) topic-582ecbf9_3eb7_4688_b747_141657771cdf 0 4 {"key1": "value-4"}
2025-07-31 17:05:49,790 INFO  [io.api.tes.ser.api.KafkaSerdesTester] (Thread-813) topic-582ecbf9_3eb7_4688_b747_141657771cdf 0 5 {"key1": "value-5"}
2025-07-31 17:05:49,790 INFO  [io.api.tes.ser.api.KafkaSerdesTester] (Thread-813) topic-582ecbf9_3eb7_4688_b747_141657771cdf 0 6 {"key1": "value-6"}
2025-07-31 17:05:49,790 INFO  [io.api.tes.ser.api.KafkaSerdesTester] (Thread-813) topic-582ecbf9_3eb7_4688_b747_141657771cdf 0 7 {"key1": "value-7"}
2025-07-31 17:05:49,790 INFO  [io.api.tes.ser.api.KafkaSerdesTester] (Thread-813) topic-582ecbf9_3eb7_4688_b747_141657771cdf 0 8 {"key1": "value-8"}
2025-07-31 17:05:49,790 INFO  [io.api.tes.ser.api.KafkaSerdesTester] (Thread-813) topic-582ecbf9_3eb7_4688_b747_141657771cdf 0 9 {"key1": "value-9"}
2025-07-31 17:05:49,790 INFO  [io.api.tes.ser.api.KafkaSerdesTester] (Thread-813) Consumed 10 messages
2025-07-31 17:05:49,794 INFO  [org.apa.kaf.cli.con.int.ConsumerRebalanceListenerInvoker] (Thread-813) [Consumer clientId=consumer-Consumer-topic-582ecbf9_3eb7_4688_b747_141657771cdf-30, groupId=Consumer-topic-582ecbf9_3eb7_4688_b747_141657771cdf] Revoke previously assigned partitions topic-582ecbf9_3eb7_4688_b747_141657771cdf-0
2025-07-31 17:05:49,794 INFO  [org.apa.kaf.cli.con.int.ConsumerCoordinator] (Thread-813) [Consumer clientId=consumer-Consumer-topic-582ecbf9_3eb7_4688_b747_141657771cdf-30, groupId=Consumer-topic-582ecbf9_3eb7_4688_b747_141657771cdf] Member consumer-Consumer-topic-582ecbf9_3eb7_4688_b747_141657771cdf-30-79b8f504-a3bc-4f1c-8c72-17072a49f3dc sending LeaveGroup request to coordinator localhost:32770 (id: 2147483647 rack: null) due to the consumer is being closed
2025-07-31 17:05:49,794 INFO  [org.apa.kaf.cli.con.int.ConsumerCoordinator] (Thread-813) [Consumer clientId=consumer-Consumer-topic-582ecbf9_3eb7_4688_b747_141657771cdf-30, groupId=Consumer-topic-582ecbf9_3eb7_4688_b747_141657771cdf] Resetting generation and member id due to: consumer pro-actively leaving the group
2025-07-31 17:05:49,794 INFO  [org.apa.kaf.cli.con.int.ConsumerCoordinator] (Thread-813) [Consumer clientId=consumer-Consumer-topic-582ecbf9_3eb7_4688_b747_141657771cdf-30, groupId=Consumer-topic-582ecbf9_3eb7_4688_b747_141657771cdf] Request joining group due to: consumer pro-actively leaving the group
2025-07-31 17:05:50,291 INFO  [org.apa.kaf.com.met.Metrics] (Thread-813) Metrics scheduler closed
2025-07-31 17:05:50,291 INFO  [org.apa.kaf.com.met.Metrics] (Thread-813) Closing reporter org.apache.kafka.common.metrics.JmxReporter
2025-07-31 17:05:50,291 INFO  [org.apa.kaf.com.met.Metrics] (Thread-813) Closing reporter org.apache.kafka.common.telemetry.internals.ClientTelemetryReporter
2025-07-31 17:05:50,292 INFO  [org.apa.kaf.com.met.Metrics] (Thread-813) Metrics reporters closed
2025-07-31 17:05:50,294 INFO  [org.apa.kaf.com.uti.AppInfoParser] (Thread-813) App info kafka.consumer for consumer-Consumer-topic-582ecbf9_3eb7_4688_b747_141657771cdf-30 unregistered
2025-07-31 17:05:50,453 INFO  [io.api.tes.ser.con.BasicConfluentSerDesIT] (main) Deleting confluent schema topic-582ecbf9_3eb7_4688_b747_141657771cdf-value
2025-07-31 17:05:50,535 INFO  [io.api.tes.uti.TestSeparator] (main) io.apicurio.tests.serdes.confluent.BasicConfluentSerDesIT.testAvroApicurioConfluent-FINISHED
2025-07-31 17:05:50,535 INFO  [io.api.tes.uti.TestSeparator] (main) ############################################################################
Test passed: testAvroApicurioConfluent
]]></system-out>
  </testcase>
  <testcase name="testAvroConfluentSerDesFail" classname="io.apicurio.tests.serdes.confluent.BasicConfluentSerDesIT" time="0.628">
    <system-out><![CDATA[2025-07-31 17:05:50,536 INFO  [io.api.tes.uti.TestSeparator] (main) ############################################################################
2025-07-31 17:05:50,536 INFO  [io.api.tes.uti.TestSeparator] (main) io.apicurio.tests.serdes.confluent.BasicConfluentSerDesIT.testAvroConfluentSerDesFail-STARTED
2025-07-31 17:05:50,738 INFO  [io.api.tes.ser.con.BasicConfluentSerDesIT] (main) Checking that created schema is equal to the get schema
2025-07-31 17:05:50,825 INFO  [io.api.tes.ser.con.BasicConfluentSerDesIT] (main) Created schema with id:89 and name:myrecordconfluent2
**** Registry Base URL: http://registry-app-mysql.apps.ci419.apicurio-testing.org:80
2025-07-31 17:05:50,826 INFO  [org.apa.kaf.cli.pro.ProducerConfig] (main) ProducerConfig values: 
	acks = -1
	auto.include.jmx.reporter = true
	batch.size = 16384
	bootstrap.servers = [PLAINTEXT://localhost:32770]
	buffer.memory = 33554432
	client.dns.lookup = use_all_dns_ips
	client.id = Producer-topic-d2621c8f_17a3_4027_9a8b_60494e7162ac
	compression.gzip.level = -1
	compression.lz4.level = 9
	compression.type = none
	compression.zstd.level = 3
	connections.max.idle.ms = 10000
	delivery.timeout.ms = 120000
	enable.idempotence = true
	enable.metrics.push = true
	interceptor.classes = []
	key.serializer = class org.apache.kafka.common.serialization.StringSerializer
	linger.ms = 0
	max.block.ms = 60000
	max.in.flight.requests.per.connection = 5
	max.request.size = 1048576
	metadata.max.age.ms = 300000
	metadata.max.idle.ms = 300000
	metadata.recovery.strategy = none
	metric.reporters = []
	metrics.num.samples = 2
	metrics.recording.level = INFO
	metrics.sample.window.ms = 30000
	partitioner.adaptive.partitioning.enable = true
	partitioner.availability.timeout.ms = 0
	partitioner.class = null
	partitioner.ignore.keys = false
	receive.buffer.bytes = 32768
	reconnect.backoff.max.ms = 1000
	reconnect.backoff.ms = 50
	request.timeout.ms = 5000
	retries = 2147483647
	retry.backoff.max.ms = 1000
	retry.backoff.ms = 100
	sasl.client.callback.handler.class = null
	sasl.jaas.config = null
	sasl.kerberos.kinit.cmd = /usr/bin/kinit
	sasl.kerberos.min.time.before.relogin = 60000
	sasl.kerberos.service.name = null
	sasl.kerberos.ticket.renew.jitter = 0.05
	sasl.kerberos.ticket.renew.window.factor = 0.8
	sasl.login.callback.handler.class = null
	sasl.login.class = null
	sasl.login.connect.timeout.ms = null
	sasl.login.read.timeout.ms = null
	sasl.login.refresh.buffer.seconds = 300
	sasl.login.refresh.min.period.seconds = 60
	sasl.login.refresh.window.factor = 0.8
	sasl.login.refresh.window.jitter = 0.05
	sasl.login.retry.backoff.max.ms = 10000
	sasl.login.retry.backoff.ms = 100
	sasl.mechanism = GSSAPI
	sasl.oauthbearer.clock.skew.seconds = 30
	sasl.oauthbearer.expected.audience = null
	sasl.oauthbearer.expected.issuer = null
	sasl.oauthbearer.header.urlencode = false
	sasl.oauthbearer.jwks.endpoint.refresh.ms = 3600000
	sasl.oauthbearer.jwks.endpoint.retry.backoff.max.ms = 10000
	sasl.oauthbearer.jwks.endpoint.retry.backoff.ms = 100
	sasl.oauthbearer.jwks.endpoint.url = null
	sasl.oauthbearer.scope.claim.name = scope
	sasl.oauthbearer.sub.claim.name = sub
	sasl.oauthbearer.token.endpoint.url = null
	security.protocol = PLAINTEXT
	security.providers = null
	send.buffer.bytes = 131072
	socket.connection.setup.timeout.max.ms = 30000
	socket.connection.setup.timeout.ms = 10000
	ssl.cipher.suites = null
	ssl.enabled.protocols = [TLSv1.2, TLSv1.3]
	ssl.endpoint.identification.algorithm = https
	ssl.engine.factory.class = null
	ssl.key.password = null
	ssl.keymanager.algorithm = SunX509
	ssl.keystore.certificate.chain = null
	ssl.keystore.key = null
	ssl.keystore.location = null
	ssl.keystore.password = null
	ssl.keystore.type = JKS
	ssl.protocol = TLSv1.3
	ssl.provider = null
	ssl.secure.random.implementation = null
	ssl.trustmanager.algorithm = PKIX
	ssl.truststore.certificates = null
	ssl.truststore.location = null
	ssl.truststore.password = null
	ssl.truststore.type = JKS
	transaction.timeout.ms = 60000
	transactional.id = null
	value.serializer = class io.confluent.kafka.serializers.KafkaAvroSerializer

2025-07-31 17:05:50,826 INFO  [org.apa.kaf.com.tel.int.KafkaMetricsCollector] (main) initializing Kafka metrics collector
2025-07-31 17:05:50,826 INFO  [io.con.kaf.ser.KafkaAvroSerializerConfig] (main) KafkaAvroSerializerConfig values: 
	auto.register.schemas = false
	avro.reflection.allow.null = false
	avro.remove.java.properties = false
	avro.use.logical.type.converters = false
	basic.auth.credentials.source = URL
	basic.auth.user.info = [hidden]
	bearer.auth.cache.expiry.buffer.seconds = 300
	bearer.auth.client.id = null
	bearer.auth.client.secret = null
	bearer.auth.credentials.source = STATIC_TOKEN
	bearer.auth.custom.provider.class = null
	bearer.auth.identity.pool.id = null
	bearer.auth.issuer.endpoint.url = null
	bearer.auth.logical.cluster = null
	bearer.auth.scope = null
	bearer.auth.scope.claim.name = scope
	bearer.auth.sub.claim.name = sub
	bearer.auth.token = [hidden]
	context.name.strategy = class io.confluent.kafka.serializers.context.NullContextNameStrategy
	http.connect.timeout.ms = 60000
	http.read.timeout.ms = 60000
	id.compatibility.strict = true
	key.schema.id.deserializer = class io.confluent.kafka.serializers.schema.id.DualSchemaIdDeserializer
	key.schema.id.serializer = class io.confluent.kafka.serializers.schema.id.PrefixSchemaIdSerializer
	key.subject.name.strategy = class io.confluent.kafka.serializers.subject.TopicNameStrategy
	latest.cache.size = 1000
	latest.cache.ttl.sec = -1
	latest.compatibility.strict = true
	max.retries = 3
	max.schemas.per.subject = 1000
	normalize.schemas = false
	propagate.schema.tags = false
	proxy.host = 
	proxy.port = -1
	retries.max.wait.ms = 20000
	retries.wait.ms = 1000
	rule.actions = []
	rule.executors = []
	rule.service.loader.enable = true
	schema.format = null
	schema.reflection = false
	schema.registry.basic.auth.user.info = [hidden]
	schema.registry.ssl.cipher.suites = null
	schema.registry.ssl.enabled.protocols = [TLSv1.2, TLSv1.3]
	schema.registry.ssl.endpoint.identification.algorithm = https
	schema.registry.ssl.engine.factory.class = null
	schema.registry.ssl.key.password = null
	schema.registry.ssl.keymanager.algorithm = SunX509
	schema.registry.ssl.keystore.certificate.chain = null
	schema.registry.ssl.keystore.key = null
	schema.registry.ssl.keystore.location = null
	schema.registry.ssl.keystore.password = null
	schema.registry.ssl.keystore.type = JKS
	schema.registry.ssl.protocol = TLSv1.3
	schema.registry.ssl.provider = null
	schema.registry.ssl.secure.random.implementation = null
	schema.registry.ssl.trustmanager.algorithm = PKIX
	schema.registry.ssl.truststore.certificates = null
	schema.registry.ssl.truststore.location = null
	schema.registry.ssl.truststore.password = null
	schema.registry.ssl.truststore.type = JKS
	schema.registry.url = [http://registry-app-mysql.apps.ci419.apicurio-testing.org:80/apis/ccompat/v7]
	schema.registry.url.randomize = false
	use.latest.version = false
	use.latest.with.metadata = null
	use.schema.id = -1
	value.schema.id.deserializer = class io.confluent.kafka.serializers.schema.id.DualSchemaIdDeserializer
	value.schema.id.serializer = class io.confluent.kafka.serializers.schema.id.PrefixSchemaIdSerializer
	value.subject.name.strategy = class io.confluent.kafka.serializers.subject.RecordNameStrategy

2025-07-31 17:05:50,828 INFO  [org.apa.kaf.cli.pro.KafkaProducer] (main) [Producer clientId=Producer-topic-d2621c8f_17a3_4027_9a8b_60494e7162ac] Instantiated an idempotent producer.
2025-07-31 17:05:50,830 INFO  [org.apa.kaf.cli.pro.ProducerConfig] (main) These configurations '[schema.registry.url, auto.register.schemas, value.subject.name.strategy]' were supplied but are not used yet.
2025-07-31 17:05:50,830 INFO  [org.apa.kaf.com.uti.AppInfoParser] (main) Kafka version: 3.9.1
2025-07-31 17:05:50,830 INFO  [org.apa.kaf.com.uti.AppInfoParser] (main) Kafka commitId: f745dfdcee2b9851
2025-07-31 17:05:50,830 INFO  [org.apa.kaf.com.uti.AppInfoParser] (main) Kafka startTimeMs: 1753981550830
2025-07-31 17:05:50,831 INFO  [io.api.tes.ser.api.KafkaSerdesTester] (Thread-814) Sending message {"wrongkey": "value-0"} to topic topic-d2621c8f_17a3_4027_9a8b_60494e7162ac
2025-07-31 17:05:50,835 INFO  [org.apa.kaf.cli.Metadata] (kafka-producer-network-thread | Producer-topic-d2621c8f_17a3_4027_9a8b_60494e7162ac) [Producer clientId=Producer-topic-d2621c8f_17a3_4027_9a8b_60494e7162ac] Cluster ID: hHUi-5-6SnyFRAH2goQrJA
2025-07-31 17:05:50,837 INFO  [org.apa.kaf.cli.pro.int.TransactionManager] (kafka-producer-network-thread | Producer-topic-d2621c8f_17a3_4027_9a8b_60494e7162ac) [Producer clientId=Producer-topic-d2621c8f_17a3_4027_9a8b_60494e7162ac] ProducerId set to 39 with epoch 0
2025-07-31 17:05:50,920 INFO  [org.apa.kaf.cli.pro.KafkaProducer] (Thread-814) [Producer clientId=Producer-topic-d2621c8f_17a3_4027_9a8b_60494e7162ac] Closing the Kafka producer with timeoutMillis = 9223372036854775807 ms.
2025-07-31 17:05:50,923 INFO  [org.apa.kaf.com.met.Metrics] (Thread-814) Metrics scheduler closed
2025-07-31 17:05:50,923 INFO  [org.apa.kaf.com.met.Metrics] (Thread-814) Closing reporter org.apache.kafka.common.metrics.JmxReporter
2025-07-31 17:05:50,923 INFO  [org.apa.kaf.com.met.Metrics] (Thread-814) Closing reporter org.apache.kafka.common.telemetry.internals.ClientTelemetryReporter
2025-07-31 17:05:50,923 INFO  [org.apa.kaf.com.met.Metrics] (Thread-814) Metrics reporters closed
2025-07-31 17:05:50,923 INFO  [org.apa.kaf.com.uti.AppInfoParser] (Thread-814) App info kafka.producer for Producer-topic-d2621c8f_17a3_4027_9a8b_60494e7162ac unregistered
2025-07-31 17:05:51,081 INFO  [io.api.tes.ser.con.BasicConfluentSerDesIT] (main) Deleting confluent schema myrecordconfluent2
2025-07-31 17:05:51,164 INFO  [io.api.tes.uti.TestSeparator] (main) io.apicurio.tests.serdes.confluent.BasicConfluentSerDesIT.testAvroConfluentSerDesFail-FINISHED
2025-07-31 17:05:51,164 INFO  [io.api.tes.uti.TestSeparator] (main) ############################################################################
Test passed: testAvroConfluentSerDesFail
]]></system-out>
  </testcase>
  <testcase name="testAvroConfluentSerDesWrongStrategyRecord" classname="io.apicurio.tests.serdes.confluent.BasicConfluentSerDesIT" time="0.622">
    <system-out><![CDATA[2025-07-31 17:05:51,165 INFO  [io.api.tes.uti.TestSeparator] (main) ############################################################################
2025-07-31 17:05:51,165 INFO  [io.api.tes.uti.TestSeparator] (main) io.apicurio.tests.serdes.confluent.BasicConfluentSerDesIT.testAvroConfluentSerDesWrongStrategyRecord-STARTED
2025-07-31 17:05:51,370 INFO  [io.api.tes.ser.con.BasicConfluentSerDesIT] (main) Checking that created schema is equal to the get schema
2025-07-31 17:05:51,458 INFO  [io.api.tes.ser.con.BasicConfluentSerDesIT] (main) Created schema with id:90 and name:myrecordconfluent4
**** Registry Base URL: http://registry-app-mysql.apps.ci419.apicurio-testing.org:80
2025-07-31 17:05:51,459 INFO  [org.apa.kaf.cli.pro.ProducerConfig] (main) ProducerConfig values: 
	acks = -1
	auto.include.jmx.reporter = true
	batch.size = 16384
	bootstrap.servers = [PLAINTEXT://localhost:32770]
	buffer.memory = 33554432
	client.dns.lookup = use_all_dns_ips
	client.id = Producer-topic-ecfb30f7_5851_4af3_9126_3e5f2ef42a36
	compression.gzip.level = -1
	compression.lz4.level = 9
	compression.type = none
	compression.zstd.level = 3
	connections.max.idle.ms = 10000
	delivery.timeout.ms = 120000
	enable.idempotence = true
	enable.metrics.push = true
	interceptor.classes = []
	key.serializer = class org.apache.kafka.common.serialization.StringSerializer
	linger.ms = 0
	max.block.ms = 60000
	max.in.flight.requests.per.connection = 5
	max.request.size = 1048576
	metadata.max.age.ms = 300000
	metadata.max.idle.ms = 300000
	metadata.recovery.strategy = none
	metric.reporters = []
	metrics.num.samples = 2
	metrics.recording.level = INFO
	metrics.sample.window.ms = 30000
	partitioner.adaptive.partitioning.enable = true
	partitioner.availability.timeout.ms = 0
	partitioner.class = null
	partitioner.ignore.keys = false
	receive.buffer.bytes = 32768
	reconnect.backoff.max.ms = 1000
	reconnect.backoff.ms = 50
	request.timeout.ms = 5000
	retries = 2147483647
	retry.backoff.max.ms = 1000
	retry.backoff.ms = 100
	sasl.client.callback.handler.class = null
	sasl.jaas.config = null
	sasl.kerberos.kinit.cmd = /usr/bin/kinit
	sasl.kerberos.min.time.before.relogin = 60000
	sasl.kerberos.service.name = null
	sasl.kerberos.ticket.renew.jitter = 0.05
	sasl.kerberos.ticket.renew.window.factor = 0.8
	sasl.login.callback.handler.class = null
	sasl.login.class = null
	sasl.login.connect.timeout.ms = null
	sasl.login.read.timeout.ms = null
	sasl.login.refresh.buffer.seconds = 300
	sasl.login.refresh.min.period.seconds = 60
	sasl.login.refresh.window.factor = 0.8
	sasl.login.refresh.window.jitter = 0.05
	sasl.login.retry.backoff.max.ms = 10000
	sasl.login.retry.backoff.ms = 100
	sasl.mechanism = GSSAPI
	sasl.oauthbearer.clock.skew.seconds = 30
	sasl.oauthbearer.expected.audience = null
	sasl.oauthbearer.expected.issuer = null
	sasl.oauthbearer.header.urlencode = false
	sasl.oauthbearer.jwks.endpoint.refresh.ms = 3600000
	sasl.oauthbearer.jwks.endpoint.retry.backoff.max.ms = 10000
	sasl.oauthbearer.jwks.endpoint.retry.backoff.ms = 100
	sasl.oauthbearer.jwks.endpoint.url = null
	sasl.oauthbearer.scope.claim.name = scope
	sasl.oauthbearer.sub.claim.name = sub
	sasl.oauthbearer.token.endpoint.url = null
	security.protocol = PLAINTEXT
	security.providers = null
	send.buffer.bytes = 131072
	socket.connection.setup.timeout.max.ms = 30000
	socket.connection.setup.timeout.ms = 10000
	ssl.cipher.suites = null
	ssl.enabled.protocols = [TLSv1.2, TLSv1.3]
	ssl.endpoint.identification.algorithm = https
	ssl.engine.factory.class = null
	ssl.key.password = null
	ssl.keymanager.algorithm = SunX509
	ssl.keystore.certificate.chain = null
	ssl.keystore.key = null
	ssl.keystore.location = null
	ssl.keystore.password = null
	ssl.keystore.type = JKS
	ssl.protocol = TLSv1.3
	ssl.provider = null
	ssl.secure.random.implementation = null
	ssl.trustmanager.algorithm = PKIX
	ssl.truststore.certificates = null
	ssl.truststore.location = null
	ssl.truststore.password = null
	ssl.truststore.type = JKS
	transaction.timeout.ms = 60000
	transactional.id = null
	value.serializer = class io.confluent.kafka.serializers.KafkaAvroSerializer

2025-07-31 17:05:51,459 INFO  [org.apa.kaf.com.tel.int.KafkaMetricsCollector] (main) initializing Kafka metrics collector
2025-07-31 17:05:51,459 INFO  [io.con.kaf.ser.KafkaAvroSerializerConfig] (main) KafkaAvroSerializerConfig values: 
	auto.register.schemas = false
	avro.reflection.allow.null = false
	avro.remove.java.properties = false
	avro.use.logical.type.converters = false
	basic.auth.credentials.source = URL
	basic.auth.user.info = [hidden]
	bearer.auth.cache.expiry.buffer.seconds = 300
	bearer.auth.client.id = null
	bearer.auth.client.secret = null
	bearer.auth.credentials.source = STATIC_TOKEN
	bearer.auth.custom.provider.class = null
	bearer.auth.identity.pool.id = null
	bearer.auth.issuer.endpoint.url = null
	bearer.auth.logical.cluster = null
	bearer.auth.scope = null
	bearer.auth.scope.claim.name = scope
	bearer.auth.sub.claim.name = sub
	bearer.auth.token = [hidden]
	context.name.strategy = class io.confluent.kafka.serializers.context.NullContextNameStrategy
	http.connect.timeout.ms = 60000
	http.read.timeout.ms = 60000
	id.compatibility.strict = true
	key.schema.id.deserializer = class io.confluent.kafka.serializers.schema.id.DualSchemaIdDeserializer
	key.schema.id.serializer = class io.confluent.kafka.serializers.schema.id.PrefixSchemaIdSerializer
	key.subject.name.strategy = class io.confluent.kafka.serializers.subject.TopicNameStrategy
	latest.cache.size = 1000
	latest.cache.ttl.sec = -1
	latest.compatibility.strict = true
	max.retries = 3
	max.schemas.per.subject = 1000
	normalize.schemas = false
	propagate.schema.tags = false
	proxy.host = 
	proxy.port = -1
	retries.max.wait.ms = 20000
	retries.wait.ms = 1000
	rule.actions = []
	rule.executors = []
	rule.service.loader.enable = true
	schema.format = null
	schema.reflection = false
	schema.registry.basic.auth.user.info = [hidden]
	schema.registry.ssl.cipher.suites = null
	schema.registry.ssl.enabled.protocols = [TLSv1.2, TLSv1.3]
	schema.registry.ssl.endpoint.identification.algorithm = https
	schema.registry.ssl.engine.factory.class = null
	schema.registry.ssl.key.password = null
	schema.registry.ssl.keymanager.algorithm = SunX509
	schema.registry.ssl.keystore.certificate.chain = null
	schema.registry.ssl.keystore.key = null
	schema.registry.ssl.keystore.location = null
	schema.registry.ssl.keystore.password = null
	schema.registry.ssl.keystore.type = JKS
	schema.registry.ssl.protocol = TLSv1.3
	schema.registry.ssl.provider = null
	schema.registry.ssl.secure.random.implementation = null
	schema.registry.ssl.trustmanager.algorithm = PKIX
	schema.registry.ssl.truststore.certificates = null
	schema.registry.ssl.truststore.location = null
	schema.registry.ssl.truststore.password = null
	schema.registry.ssl.truststore.type = JKS
	schema.registry.url = [http://registry-app-mysql.apps.ci419.apicurio-testing.org:80/apis/ccompat/v7]
	schema.registry.url.randomize = false
	use.latest.version = false
	use.latest.with.metadata = null
	use.schema.id = -1
	value.schema.id.deserializer = class io.confluent.kafka.serializers.schema.id.DualSchemaIdDeserializer
	value.schema.id.serializer = class io.confluent.kafka.serializers.schema.id.PrefixSchemaIdSerializer
	value.subject.name.strategy = class io.confluent.kafka.serializers.subject.RecordNameStrategy

2025-07-31 17:05:51,461 INFO  [org.apa.kaf.cli.pro.KafkaProducer] (main) [Producer clientId=Producer-topic-ecfb30f7_5851_4af3_9126_3e5f2ef42a36] Instantiated an idempotent producer.
2025-07-31 17:05:51,463 INFO  [org.apa.kaf.cli.pro.ProducerConfig] (main) These configurations '[schema.registry.url, auto.register.schemas, value.subject.name.strategy]' were supplied but are not used yet.
2025-07-31 17:05:51,463 INFO  [org.apa.kaf.com.uti.AppInfoParser] (main) Kafka version: 3.9.1
2025-07-31 17:05:51,463 INFO  [org.apa.kaf.com.uti.AppInfoParser] (main) Kafka commitId: f745dfdcee2b9851
2025-07-31 17:05:51,463 INFO  [org.apa.kaf.com.uti.AppInfoParser] (main) Kafka startTimeMs: 1753981551463
2025-07-31 17:05:51,464 INFO  [io.api.tes.ser.api.KafkaSerdesTester] (Thread-815) Sending message {"wrongkey": "value-0"} to topic topic-ecfb30f7_5851_4af3_9126_3e5f2ef42a36
2025-07-31 17:05:51,467 INFO  [org.apa.kaf.cli.Metadata] (kafka-producer-network-thread | Producer-topic-ecfb30f7_5851_4af3_9126_3e5f2ef42a36) [Producer clientId=Producer-topic-ecfb30f7_5851_4af3_9126_3e5f2ef42a36] Cluster ID: hHUi-5-6SnyFRAH2goQrJA
2025-07-31 17:05:51,468 INFO  [org.apa.kaf.cli.pro.int.TransactionManager] (kafka-producer-network-thread | Producer-topic-ecfb30f7_5851_4af3_9126_3e5f2ef42a36) [Producer clientId=Producer-topic-ecfb30f7_5851_4af3_9126_3e5f2ef42a36] ProducerId set to 40 with epoch 0
2025-07-31 17:05:51,545 INFO  [org.apa.kaf.cli.pro.KafkaProducer] (Thread-815) [Producer clientId=Producer-topic-ecfb30f7_5851_4af3_9126_3e5f2ef42a36] Closing the Kafka producer with timeoutMillis = 9223372036854775807 ms.
2025-07-31 17:05:51,550 INFO  [org.apa.kaf.com.met.Metrics] (Thread-815) Metrics scheduler closed
2025-07-31 17:05:51,550 INFO  [org.apa.kaf.com.met.Metrics] (Thread-815) Closing reporter org.apache.kafka.common.metrics.JmxReporter
2025-07-31 17:05:51,550 INFO  [org.apa.kaf.com.met.Metrics] (Thread-815) Closing reporter org.apache.kafka.common.telemetry.internals.ClientTelemetryReporter
2025-07-31 17:05:51,550 INFO  [org.apa.kaf.com.met.Metrics] (Thread-815) Metrics reporters closed
2025-07-31 17:05:51,550 INFO  [org.apa.kaf.com.uti.AppInfoParser] (Thread-815) App info kafka.producer for Producer-topic-ecfb30f7_5851_4af3_9126_3e5f2ef42a36 unregistered
2025-07-31 17:05:51,707 INFO  [io.api.tes.ser.con.BasicConfluentSerDesIT] (main) Deleting confluent schema topic-ecfb30f7_5851_4af3_9126_3e5f2ef42a36-value
2025-07-31 17:05:51,787 INFO  [io.api.tes.uti.TestSeparator] (main) io.apicurio.tests.serdes.confluent.BasicConfluentSerDesIT.testAvroConfluentSerDesWrongStrategyRecord-FINISHED
2025-07-31 17:05:51,787 INFO  [io.api.tes.uti.TestSeparator] (main) ############################################################################
Test passed: testAvroConfluentSerDesWrongStrategyRecord
]]></system-out>
  </testcase>
</testsuite>