<?xml version="1.0" encoding="UTF-8"?>
<testsuite xmlns:xsi="http://www.w3.org/2001/XMLSchema-instance" xsi:noNamespaceSchemaLocation="https://maven.apache.org/surefire/maven-failsafe-plugin/xsd/failsafe-test-report.xsd" version="3.0.2" name="io.apicurio.tests.serdes.apicurio.AvroSerdeIT" time="41.761" tests="21" errors="3" skipped="2" failures="0">
  <properties>
    <property name="java.specification.version" value="17"/>
    <property name="sun.jnu.encoding" value="UTF-8"/>
    <property name="java.class.path" value="/home/runner/work/apicurio-testing/apicurio-testing/clusters/ci419/namespaces/postgresql/tests/integration/apicurio-registry/integration-tests/target/test-classes:/home/runner/work/apicurio-testing/apicurio-testing/clusters/ci419/namespaces/postgresql/tests/integration/apicurio-registry/integration-tests/target/apicurio-registry-integration-tests-3.0.9.jar:/home/runner/.m2/repository/io/quarkus/quarkus-junit5/3.15.4/quarkus-junit5-3.15.4.jar:/home/runner/.m2/repository/io/quarkus/quarkus-bootstrap-core/3.15.4/quarkus-bootstrap-core-3.15.4.jar:/home/runner/.m2/repository/io/quarkus/quarkus-classloader-commons/3.15.4/quarkus-classloader-commons-3.15.4.jar:/home/runner/.m2/repository/io/quarkus/quarkus-bootstrap-app-model/3.15.4/quarkus-bootstrap-app-model-3.15.4.jar:/home/runner/.m2/repository/io/smallrye/common/smallrye-common-io/2.6.1/smallrye-common-io-2.6.1.jar:/home/runner/.m2/repository/org/eclipse/sisu/org.eclipse.sisu.inject/0.9.0.M3/org.eclipse.sisu.inject-0.9.0.M3.jar:/home/runner/.m2/repository/io/quarkus/quarkus-test-common/3.15.4/quarkus-test-common-3.15.4.jar:/home/runner/.m2/repository/io/quarkus/quarkus-core-deployment/3.15.4/quarkus-core-deployment-3.15.4.jar:/home/runner/.m2/repository/org/aesh/readline/2.6/readline-2.6.jar:/home/runner/.m2/repository/org/fusesource/jansi/jansi/2.4.0/jansi-2.4.0.jar:/home/runner/.m2/repository/org/aesh/aesh/2.8.2/aesh-2.8.2.jar:/home/runner/.m2/repository/io/quarkus/gizmo/gizmo/1.8.0/gizmo-1.8.0.jar:/home/runner/.m2/repository/org/ow2/asm/asm-util/9.7/asm-util-9.7.jar:/home/runner/.m2/repository/org/ow2/asm/asm-analysis/9.7/asm-analysis-9.7.jar:/home/runner/.m2/repository/org/ow2/asm/asm-commons/9.7/asm-commons-9.7.jar:/home/runner/.m2/repository/org/ow2/asm/asm-tree/9.7/asm-tree-9.7.jar:/home/runner/.m2/repository/io/quarkus/quarkus-hibernate-validator-spi/3.15.4/quarkus-hibernate-validator-spi-3.15.4.jar:/home/runner/.m2/repository/io/quarkus/quarkus-class-change-agent/3.15.4/quarkus-class-change-agent-3.15.4.jar:/home/runner/.m2/repository/io/quarkus/quarkus-devtools-utilities/3.15.4/quarkus-devtools-utilities-3.15.4.jar:/home/runner/.m2/repository/io/quarkus/quarkus-builder/3.15.4/quarkus-builder-3.15.4.jar:/home/runner/.m2/repository/org/graalvm/sdk/nativeimage/23.1.2/nativeimage-23.1.2.jar:/home/runner/.m2/repository/org/graalvm/sdk/word/23.1.2/word-23.1.2.jar:/home/runner/.m2/repository/io/quarkus/quarkus-bootstrap-maven-resolver/3.15.4/quarkus-bootstrap-maven-resolver-3.15.4.jar:/home/runner/.m2/repository/io/smallrye/beanbag/smallrye-beanbag-maven/1.5.2/smallrye-beanbag-maven-1.5.2.jar:/home/runner/.m2/repository/io/smallrye/beanbag/smallrye-beanbag-sisu/1.5.2/smallrye-beanbag-sisu-1.5.2.jar:/home/runner/.m2/repository/io/smallrye/beanbag/smallrye-beanbag/1.5.2/smallrye-beanbag-1.5.2.jar:/home/runner/.m2/repository/javax/inject/javax.inject/1/javax.inject-1.jar:/home/runner/.m2/repository/org/apache/maven/maven-artifact/3.9.8/maven-artifact-3.9.8.jar:/home/runner/.m2/repository/org/apache/maven/maven-builder-support/3.9.8/maven-builder-support-3.9.8.jar:/home/runner/.m2/repository/org/apache/maven/maven-model/3.9.8/maven-model-3.9.8.jar:/home/runner/.m2/repository/org/apache/maven/maven-model-builder/3.9.8/maven-model-builder-3.9.8.jar:/home/runner/.m2/repository/org/apache/maven/maven-repository-metadata/3.9.8/maven-repository-metadata-3.9.8.jar:/home/runner/.m2/repository/org/apache/maven/maven-settings/3.9.8/maven-settings-3.9.8.jar:/home/runner/.m2/repository/org/apache/maven/resolver/maven-resolver-api/1.9.22/maven-resolver-api-1.9.22.jar:/home/runner/.m2/repository/org/apache/maven/resolver/maven-resolver-impl/1.9.22/maven-resolver-impl-1.9.22.jar:/home/runner/.m2/repository/org/apache/maven/resolver/maven-resolver-named-locks/1.9.22/maven-resolver-named-locks-1.9.22.jar:/home/runner/.m2/repository/org/apache/maven/resolver/maven-resolver-spi/1.9.22/maven-resolver-spi-1.9.22.jar:/home/runner/.m2/repository/org/apache/maven/resolver/maven-resolver-util/1.9.22/maven-resolver-util-1.9.22.jar:/home/runner/.m2/repository/org/apache/maven/resolver/maven-resolver-transport-http/1.9.20/maven-resolver-transport-http-1.9.20.jar:/home/runner/.m2/repository/org/apache/maven/wagon/wagon-provider-api/3.5.3/wagon-provider-api-3.5.3.jar:/home/runner/.m2/repository/org/apache/maven/wagon/wagon-http-shared/3.5.3/wagon-http-shared-3.5.3.jar:/home/runner/.m2/repository/org/codehaus/plexus/plexus-interpolation/1.26/plexus-interpolation-1.26.jar:/home/runner/.m2/repository/org/codehaus/plexus/plexus-utils/3.5.1/plexus-utils-3.5.1.jar:/home/runner/.m2/repository/org/codehaus/plexus/plexus-xml/4.0.1/plexus-xml-4.0.1.jar:/home/runner/.m2/repository/org/apache/maven/maven-xml-impl/4.0.0-alpha-5/maven-xml-impl-4.0.0-alpha-5.jar:/home/runner/.m2/repository/org/apache/maven/maven-api-xml/4.0.0-alpha-5/maven-api-xml-4.0.0-alpha-5.jar:/home/runner/.m2/repository/org/apache/maven/maven-api-meta/4.0.0-alpha-5/maven-api-meta-4.0.0-alpha-5.jar:/home/runner/.m2/repository/org/codehaus/plexus/plexus-cipher/2.0/plexus-cipher-2.0.jar:/home/runner/.m2/repository/org/codehaus/plexus/plexus-sec-dispatcher/2.0/plexus-sec-dispatcher-2.0.jar:/home/runner/.m2/repository/org/apache/maven/maven-embedder/3.9.8/maven-embedder-3.9.8.jar:/home/runner/.m2/repository/org/apache/maven/maven-core/3.9.8/maven-core-3.9.8.jar:/home/runner/.m2/repository/org/codehaus/plexus/plexus-component-annotations/2.1.0/plexus-component-annotations-2.1.0.jar:/home/runner/.m2/repository/org/apache/maven/maven-plugin-api/3.9.8/maven-plugin-api-3.9.8.jar:/home/runner/.m2/repository/org/apache/maven/shared/maven-shared-utils/3.4.2/maven-shared-utils-3.4.2.jar:/home/runner/.m2/repository/com/google/inject/guice/5.1.0/guice-5.1.0.jar:/home/runner/.m2/repository/aopalliance/aopalliance/1.0/aopalliance-1.0.jar:/home/runner/.m2/repository/javax/annotation/javax.annotation-api/1.3.2/javax.annotation-api-1.3.2.jar:/home/runner/.m2/repository/org/codehaus/plexus/plexus-classworlds/2.6.0/plexus-classworlds-2.6.0.jar:/home/runner/.m2/repository/commons-cli/commons-cli/1.8.0/commons-cli-1.8.0.jar:/home/runner/.m2/repository/org/eclipse/sisu/org.eclipse.sisu.plexus/0.9.0.M3/org.eclipse.sisu.plexus-0.9.0.M3.jar:/home/runner/.m2/repository/org/apache/maven/maven-settings-builder/3.9.8/maven-settings-builder-3.9.8.jar:/home/runner/.m2/repository/org/apache/maven/maven-resolver-provider/3.9.8/maven-resolver-provider-3.9.8.jar:/home/runner/.m2/repository/org/apache/maven/resolver/maven-resolver-connector-basic/1.9.22/maven-resolver-connector-basic-1.9.22.jar:/home/runner/.m2/repository/org/apache/maven/resolver/maven-resolver-transport-wagon/1.9.22/maven-resolver-transport-wagon-1.9.22.jar:/home/runner/.m2/repository/org/apache/maven/wagon/wagon-http/3.5.3/wagon-http-3.5.3.jar:/home/runner/.m2/repository/org/apache/maven/wagon/wagon-file/3.5.3/wagon-file-3.5.3.jar:/home/runner/.m2/repository/io/quarkus/quarkus-bootstrap-gradle-resolver/3.15.4/quarkus-bootstrap-gradle-resolver-3.15.4.jar:/home/runner/.m2/repository/io/smallrye/jandex/3.2.3/jandex-3.2.3.jar:/home/runner/.m2/repository/org/jboss/logging/commons-logging-jboss-logging/1.0.0.Final/commons-logging-jboss-logging-1.0.0.Final.jar:/home/runner/.m2/repository/io/quarkus/quarkus-junit5-properties/3.15.4/quarkus-junit5-properties-3.15.4.jar:/home/runner/.m2/repository/org/junit/jupiter/junit-jupiter/5.10.3/junit-jupiter-5.10.3.jar:/home/runner/.m2/repository/org/junit/jupiter/junit-jupiter-api/5.10.3/junit-jupiter-api-5.10.3.jar:/home/runner/.m2/repository/org/junit/jupiter/junit-jupiter-params/5.10.3/junit-jupiter-params-5.10.3.jar:/home/runner/.m2/repository/org/junit/jupiter/junit-jupiter-engine/5.10.3/junit-jupiter-engine-5.10.3.jar:/home/runner/.m2/repository/io/quarkus/quarkus-core/3.15.4/quarkus-core-3.15.4.jar:/home/runner/.m2/repository/jakarta/enterprise/jakarta.enterprise.cdi-api/4.1.0/jakarta.enterprise.cdi-api-4.1.0.jar:/home/runner/.m2/repository/jakarta/enterprise/jakarta.enterprise.lang-model/4.1.0/jakarta.enterprise.lang-model-4.1.0.jar:/home/runner/.m2/repository/jakarta/el/jakarta.el-api/5.0.1/jakarta.el-api-5.0.1.jar:/home/runner/.m2/repository/jakarta/interceptor/jakarta.interceptor-api/2.2.0/jakarta.interceptor-api-2.2.0.jar:/home/runner/.m2/repository/jakarta/inject/jakarta.inject-api/2.0.1/jakarta.inject-api-2.0.1.jar:/home/runner/.m2/repository/io/smallrye/common/smallrye-common-os/2.6.1/smallrye-common-os-2.6.1.jar:/home/runner/.m2/repository/io/quarkus/quarkus-ide-launcher/3.15.4/quarkus-ide-launcher-3.15.4.jar:/home/runner/.m2/repository/io/quarkus/quarkus-development-mode-spi/3.15.4/quarkus-development-mode-spi-3.15.4.jar:/home/runner/.m2/repository/io/smallrye/config/smallrye-config/3.9.1/smallrye-config-3.9.1.jar:/home/runner/.m2/repository/io/smallrye/config/smallrye-config-core/3.9.1/smallrye-config-core-3.9.1.jar:/home/runner/.m2/repository/io/smallrye/common/smallrye-common-annotation/2.6.1/smallrye-common-annotation-2.6.1.jar:/home/runner/.m2/repository/io/smallrye/common/smallrye-common-classloader/2.6.1/smallrye-common-classloader-2.6.1.jar:/home/runner/.m2/repository/io/smallrye/config/smallrye-config-common/3.9.1/smallrye-config-common-3.9.1.jar:/home/runner/.m2/repository/org/jboss/logging/jboss-logging/3.6.0.Final/jboss-logging-3.6.0.Final.jar:/home/runner/.m2/repository/org/jboss/logmanager/jboss-logmanager/3.1.1.Final/jboss-logmanager-3.1.1.Final.jar:/home/runner/.m2/repository/io/smallrye/common/smallrye-common-constraint/2.6.1/smallrye-common-constraint-2.6.1.jar:/home/runner/.m2/repository/io/smallrye/common/smallrye-common-cpu/2.6.1/smallrye-common-cpu-2.6.1.jar:/home/runner/.m2/repository/io/smallrye/common/smallrye-common-expression/2.6.1/smallrye-common-expression-2.6.1.jar:/home/runner/.m2/repository/io/smallrye/common/smallrye-common-function/2.6.1/smallrye-common-function-2.6.1.jar:/home/runner/.m2/repository/io/smallrye/common/smallrye-common-net/2.6.1/smallrye-common-net-2.6.1.jar:/home/runner/.m2/repository/io/smallrye/common/smallrye-common-ref/2.6.1/smallrye-common-ref-2.6.1.jar:/home/runner/.m2/repository/jakarta/json/jakarta.json-api/2.1.3/jakarta.json-api-2.1.3.jar:/home/runner/.m2/repository/org/eclipse/parsson/parsson/1.1.7/parsson-1.1.7.jar:/home/runner/.m2/repository/org/jboss/logging/jboss-logging-annotations/3.0.1.Final/jboss-logging-annotations-3.0.1.Final.jar:/home/runner/.m2/repository/org/jboss/threads/jboss-threads/3.6.1.Final/jboss-threads-3.6.1.Final.jar:/home/runner/.m2/repository/org/jboss/slf4j/slf4j-jboss-logmanager/2.0.0.Final/slf4j-jboss-logmanager-2.0.0.Final.jar:/home/runner/.m2/repository/org/wildfly/common/wildfly-common/1.7.0.Final/wildfly-common-1.7.0.Final.jar:/home/runner/.m2/repository/io/quarkus/quarkus-bootstrap-runner/3.15.4/quarkus-bootstrap-runner-3.15.4.jar:/home/runner/.m2/repository/io/github/crac/org-crac/0.1.3/org-crac-0.1.3.jar:/home/runner/.m2/repository/io/quarkus/quarkus-fs-util/0.0.10/quarkus-fs-util-0.0.10.jar:/home/runner/.m2/repository/org/jboss/marshalling/jboss-marshalling/2.2.1.Final/jboss-marshalling-2.2.1.Final.jar:/home/runner/.m2/repository/io/fabric8/kubernetes-client/6.13.5/kubernetes-client-6.13.5.jar:/home/runner/.m2/repository/io/fabric8/kubernetes-client-api/6.13.5/kubernetes-client-api-6.13.5.jar:/home/runner/.m2/repository/io/fabric8/kubernetes-model-core/6.13.5/kubernetes-model-core-6.13.5.jar:/home/runner/.m2/repository/io/fabric8/kubernetes-model-common/6.13.5/kubernetes-model-common-6.13.5.jar:/home/runner/.m2/repository/io/fabric8/kubernetes-model-gatewayapi/6.13.5/kubernetes-model-gatewayapi-6.13.5.jar:/home/runner/.m2/repository/io/fabric8/kubernetes-model-resource/6.13.5/kubernetes-model-resource-6.13.5.jar:/home/runner/.m2/repository/io/fabric8/kubernetes-model-rbac/6.13.5/kubernetes-model-rbac-6.13.5.jar:/home/runner/.m2/repository/io/fabric8/kubernetes-model-admissionregistration/6.13.5/kubernetes-model-admissionregistration-6.13.5.jar:/home/runner/.m2/repository/io/fabric8/kubernetes-model-apps/6.13.5/kubernetes-model-apps-6.13.5.jar:/home/runner/.m2/repository/io/fabric8/kubernetes-model-autoscaling/6.13.5/kubernetes-model-autoscaling-6.13.5.jar:/home/runner/.m2/repository/io/fabric8/kubernetes-model-apiextensions/6.13.5/kubernetes-model-apiextensions-6.13.5.jar:/home/runner/.m2/repository/io/fabric8/kubernetes-model-batch/6.13.5/kubernetes-model-batch-6.13.5.jar:/home/runner/.m2/repository/io/fabric8/kubernetes-model-certificates/6.13.5/kubernetes-model-certificates-6.13.5.jar:/home/runner/.m2/repository/io/fabric8/kubernetes-model-coordination/6.13.5/kubernetes-model-coordination-6.13.5.jar:/home/runner/.m2/repository/io/fabric8/kubernetes-model-discovery/6.13.5/kubernetes-model-discovery-6.13.5.jar:/home/runner/.m2/repository/io/fabric8/kubernetes-model-events/6.13.5/kubernetes-model-events-6.13.5.jar:/home/runner/.m2/repository/io/fabric8/kubernetes-model-extensions/6.13.5/kubernetes-model-extensions-6.13.5.jar:/home/runner/.m2/repository/io/fabric8/kubernetes-model-flowcontrol/6.13.5/kubernetes-model-flowcontrol-6.13.5.jar:/home/runner/.m2/repository/io/fabric8/kubernetes-model-networking/6.13.5/kubernetes-model-networking-6.13.5.jar:/home/runner/.m2/repository/io/fabric8/kubernetes-model-metrics/6.13.5/kubernetes-model-metrics-6.13.5.jar:/home/runner/.m2/repository/io/fabric8/kubernetes-model-policy/6.13.5/kubernetes-model-policy-6.13.5.jar:/home/runner/.m2/repository/io/fabric8/kubernetes-model-scheduling/6.13.5/kubernetes-model-scheduling-6.13.5.jar:/home/runner/.m2/repository/io/fabric8/kubernetes-model-storageclass/6.13.5/kubernetes-model-storageclass-6.13.5.jar:/home/runner/.m2/repository/io/fabric8/kubernetes-model-node/6.13.5/kubernetes-model-node-6.13.5.jar:/home/runner/.m2/repository/org/snakeyaml/snakeyaml-engine/2.7/snakeyaml-engine-2.7.jar:/home/runner/.m2/repository/com/fasterxml/jackson/dataformat/jackson-dataformat-yaml/2.15.2/jackson-dataformat-yaml-2.15.2.jar:/home/runner/.m2/repository/com/fasterxml/jackson/datatype/jackson-datatype-jsr310/2.17.2/jackson-datatype-jsr310-2.17.2.jar:/home/runner/.m2/repository/io/fabric8/zjsonpatch/0.3.0/zjsonpatch-0.3.0.jar:/home/runner/.m2/repository/io/fabric8/kubernetes-httpclient-vertx/6.13.5/kubernetes-httpclient-vertx-6.13.5.jar:/home/runner/.m2/repository/io/vertx/vertx-web-client/4.5.13/vertx-web-client-4.5.13.jar:/home/runner/.m2/repository/io/vertx/vertx-web-common/4.5.13/vertx-web-common-4.5.13.jar:/home/runner/.m2/repository/io/vertx/vertx-auth-common/4.5.13/vertx-auth-common-4.5.13.jar:/home/runner/.m2/repository/io/vertx/vertx-uri-template/4.5.13/vertx-uri-template-4.5.13.jar:/home/runner/.m2/repository/io/fabric8/openshift-client/6.13.5/openshift-client-6.13.5.jar:/home/runner/.m2/repository/io/fabric8/openshift-client-api/6.13.5/openshift-client-api-6.13.5.jar:/home/runner/.m2/repository/io/fabric8/openshift-model/6.13.5/openshift-model-6.13.5.jar:/home/runner/.m2/repository/io/fabric8/openshift-model-clusterautoscaling/6.13.5/openshift-model-clusterautoscaling-6.13.5.jar:/home/runner/.m2/repository/io/fabric8/openshift-model-operator/6.13.5/openshift-model-operator-6.13.5.jar:/home/runner/.m2/repository/io/fabric8/openshift-model-operatorhub/6.13.5/openshift-model-operatorhub-6.13.5.jar:/home/runner/.m2/repository/io/fabric8/openshift-model-machine/6.13.5/openshift-model-machine-6.13.5.jar:/home/runner/.m2/repository/io/fabric8/openshift-model-whereabouts/6.13.5/openshift-model-whereabouts-6.13.5.jar:/home/runner/.m2/repository/io/fabric8/openshift-model-monitoring/6.13.5/openshift-model-monitoring-6.13.5.jar:/home/runner/.m2/repository/io/fabric8/openshift-model-storageversionmigrator/6.13.5/openshift-model-storageversionmigrator-6.13.5.jar:/home/runner/.m2/repository/io/fabric8/openshift-model-tuned/6.13.5/openshift-model-tuned-6.13.5.jar:/home/runner/.m2/repository/io/fabric8/openshift-model-console/6.13.5/openshift-model-console-6.13.5.jar:/home/runner/.m2/repository/io/fabric8/openshift-model-config/6.13.5/openshift-model-config-6.13.5.jar:/home/runner/.m2/repository/io/fabric8/openshift-model-machineconfig/6.13.5/openshift-model-machineconfig-6.13.5.jar:/home/runner/.m2/repository/io/fabric8/openshift-model-miscellaneous/6.13.5/openshift-model-miscellaneous-6.13.5.jar:/home/runner/.m2/repository/io/fabric8/openshift-model-hive/6.13.5/openshift-model-hive-6.13.5.jar:/home/runner/.m2/repository/io/fabric8/openshift-model-installer/6.13.5/openshift-model-installer-6.13.5.jar:/home/runner/.m2/repository/com/github/mifmif/generex/1.0.2/generex-1.0.2.jar:/home/runner/.m2/repository/dk/brics/automaton/automaton/1.11-8/automaton-1.11-8.jar:/home/runner/.m2/repository/org/junit/platform/junit-platform-launcher/1.10.3/junit-platform-launcher-1.10.3.jar:/home/runner/.m2/repository/org/junit/platform/junit-platform-engine/1.10.3/junit-platform-engine-1.10.3.jar:/home/runner/.m2/repository/org/opentest4j/opentest4j/1.3.0/opentest4j-1.3.0.jar:/home/runner/.m2/repository/org/junit/platform/junit-platform-commons/1.10.3/junit-platform-commons-1.10.3.jar:/home/runner/.m2/repository/org/apiguardian/apiguardian-api/1.1.2/apiguardian-api-1.1.2.jar:/home/runner/.m2/repository/jakarta/ws/rs/jakarta.ws.rs-api/3.1.0/jakarta.ws.rs-api-3.1.0.jar:/home/runner/work/apicurio-testing/apicurio-testing/clusters/ci419/namespaces/postgresql/tests/integration/apicurio-registry/java-sdk/target/apicurio-registry-java-sdk-3.0.9.jar:/home/runner/.m2/repository/com/microsoft/kiota/microsoft-kiota-abstractions/1.8.4/microsoft-kiota-abstractions-1.8.4.jar:/home/runner/.m2/repository/io/github/std-uritemplate/std-uritemplate/2.0.0/std-uritemplate-2.0.0.jar:/home/runner/.m2/repository/io/kiota/kiota-http-jdk/0.0.21/kiota-http-jdk-0.0.21.jar:/home/runner/.m2/repository/io/kiota/kiota-http-vertx/0.0.21/kiota-http-vertx-0.0.21.jar:/home/runner/.m2/repository/io/kiota/kiota-serialization-jackson/0.0.21/kiota-serialization-jackson-0.0.21.jar:/home/runner/.m2/repository/com/microsoft/kiota/microsoft-kiota-serialization-text/1.8.4/microsoft-kiota-serialization-text-1.8.4.jar:/home/runner/.m2/repository/com/microsoft/kiota/microsoft-kiota-serialization-form/1.8.4/microsoft-kiota-serialization-form-1.8.4.jar:/home/runner/.m2/repository/com/microsoft/kiota/microsoft-kiota-serialization-multipart/1.8.4/microsoft-kiota-serialization-multipart-1.8.4.jar:/home/runner/.m2/repository/jakarta/annotation/jakarta.annotation-api/3.0.0/jakarta.annotation-api-3.0.0.jar:/home/runner/.m2/repository/io/vertx/vertx-auth-oauth2/4.5.13/vertx-auth-oauth2-4.5.13.jar:/home/runner/work/apicurio-testing/apicurio-testing/clusters/ci419/namespaces/postgresql/tests/integration/apicurio-registry/java-sdk-v2/target/apicurio-registry-v2-java-sdk-3.0.9.jar:/home/runner/work/apicurio-testing/apicurio-testing/clusters/ci419/namespaces/postgresql/tests/integration/apicurio-registry/utils/kafka/target/apicurio-registry-utils-kafka-3.0.9-tests.jar:/home/runner/.m2/repository/org/eclipse/microprofile/config/microprofile-config-api/3.1/microprofile-config-api-3.1.jar:/home/runner/.m2/repository/org/apache/kafka/kafka-clients/3.9.0/kafka-clients-3.9.0.jar:/home/runner/.m2/repository/com/github/luben/zstd-jni/1.5.6-4/zstd-jni-1.5.6-4.jar:/home/runner/.m2/repository/org/lz4/lz4-java/1.8.0/lz4-java-1.8.0.jar:/home/runner/.m2/repository/org/xerial/snappy/snappy-java/1.1.10.5/snappy-java-1.1.10.5.jar:/home/runner/.m2/repository/org/slf4j/slf4j-api/2.0.6/slf4j-api-2.0.6.jar:/home/runner/work/apicurio-testing/apicurio-testing/clusters/ci419/namespaces/postgresql/tests/integration/apicurio-registry/utils/tests/target/apicurio-registry-utils-tests-3.0.9.jar:/home/runner/work/apicurio-testing/apicurio-testing/clusters/ci419/namespaces/postgresql/tests/integration/apicurio-registry/common/target/apicurio-registry-common-3.0.9.jar:/home/runner/.m2/repository/jakarta/validation/jakarta.validation-api/3.0.2/jakarta.validation-api-3.0.2.jar:/home/runner/.m2/repository/com/github/dasniko/testcontainers-keycloak/3.6.0/testcontainers-keycloak-3.6.0.jar:/home/runner/.m2/repository/org/testcontainers/testcontainers/1.20.1/testcontainers-1.20.1.jar:/home/runner/.m2/repository/org/rnorth/duct-tape/duct-tape/1.0.8/duct-tape-1.0.8.jar:/home/runner/.m2/repository/org/jetbrains/annotations/24.1.0/annotations-24.1.0.jar:/home/runner/.m2/repository/com/github/docker-java/docker-java-transport-zerodep/3.4.0/docker-java-transport-zerodep-3.4.0.jar:/home/runner/.m2/repository/com/github/docker-java/docker-java-transport/3.4.0/docker-java-transport-3.4.0.jar:/home/runner/.m2/repository/net/java/dev/jna/jna/5.8.0/jna-5.8.0.jar:/home/runner/.m2/repository/io/quarkus/quarkus-junit4-mock/3.15.4/quarkus-junit4-mock-3.15.4.jar:/home/runner/.m2/repository/org/jboss/shrinkwrap/shrinkwrap-api/2.0.0-beta-2/shrinkwrap-api-2.0.0-beta-2.jar:/home/runner/.m2/repository/org/jboss/shrinkwrap/shrinkwrap-impl-base/2.0.0-beta-2/shrinkwrap-impl-base-2.0.0-beta-2.jar:/home/runner/.m2/repository/org/jboss/shrinkwrap/shrinkwrap-spi/2.0.0-beta-2/shrinkwrap-spi-2.0.0-beta-2.jar:/home/runner/.m2/repository/org/keycloak/keycloak-admin-client/25.0.6/keycloak-admin-client-25.0.6.jar:/home/runner/.m2/repository/org/keycloak/keycloak-core/25.0.6/keycloak-core-25.0.6.jar:/home/runner/.m2/repository/org/keycloak/keycloak-common/25.0.6/keycloak-common-25.0.6.jar:/home/runner/.m2/repository/org/jboss/resteasy/resteasy-client/6.2.9.Final/resteasy-client-6.2.9.Final.jar:/home/runner/.m2/repository/org/jboss/resteasy/resteasy-client-api/6.2.9.Final/resteasy-client-api-6.2.9.Final.jar:/home/runner/.m2/repository/org/jboss/resteasy/resteasy-core-spi/6.2.9.Final/resteasy-core-spi-6.2.9.Final.jar:/home/runner/.m2/repository/org/jboss/resteasy/resteasy-core/6.2.9.Final/resteasy-core-6.2.9.Final.jar:/home/runner/.m2/repository/org/eclipse/angus/angus-activation/2.0.2/angus-activation-2.0.2.jar:/home/runner/.m2/repository/com/ibm/async/asyncutil/0.1.0/asyncutil-0.1.0.jar:/home/runner/.m2/repository/org/reactivestreams/reactive-streams/1.0.4/reactive-streams-1.0.4.jar:/home/runner/.m2/repository/org/jboss/resteasy/resteasy-multipart-provider/6.2.9.Final/resteasy-multipart-provider-6.2.9.Final.jar:/home/runner/.m2/repository/jakarta/mail/jakarta.mail-api/2.1.2/jakarta.mail-api-2.1.2.jar:/home/runner/.m2/repository/org/eclipse/angus/angus-mail/2.0.3/angus-mail-2.0.3.jar:/home/runner/.m2/repository/org/apache/james/apache-mime4j-dom/0.8.11/apache-mime4j-dom-0.8.11.jar:/home/runner/.m2/repository/org/apache/james/apache-mime4j-core/0.8.11/apache-mime4j-core-0.8.11.jar:/home/runner/.m2/repository/org/apache/james/apache-mime4j-storage/0.8.11/apache-mime4j-storage-0.8.11.jar:/home/runner/.m2/repository/org/jboss/resteasy/resteasy-jackson2-provider/6.2.9.Final/resteasy-jackson2-provider-6.2.9.Final.jar:/home/runner/.m2/repository/com/fasterxml/jackson/jakarta/rs/jackson-jakarta-rs-base/2.17.2/jackson-jakarta-rs-base-2.17.2.jar:/home/runner/.m2/repository/com/fasterxml/jackson/jakarta/rs/jackson-jakarta-rs-json-provider/2.17.2/jackson-jakarta-rs-json-provider-2.17.2.jar:/home/runner/.m2/repository/com/fasterxml/jackson/module/jackson-module-jakarta-xmlbind-annotations/2.17.2/jackson-module-jakarta-xmlbind-annotations-2.17.2.jar:/home/runner/.m2/repository/com/github/java-json-tools/json-patch/1.13/json-patch-1.13.jar:/home/runner/.m2/repository/com/github/java-json-tools/msg-simple/1.2/msg-simple-1.2.jar:/home/runner/.m2/repository/com/github/java-json-tools/btf/1.3/btf-1.3.jar:/home/runner/.m2/repository/com/github/java-json-tools/jackson-coreutils/2.0/jackson-coreutils-2.0.jar:/home/runner/.m2/repository/org/jboss/resteasy/resteasy-jaxb-provider/6.2.9.Final/resteasy-jaxb-provider-6.2.9.Final.jar:/home/runner/.m2/repository/org/glassfish/jaxb/codemodel/4.0.3/codemodel-4.0.3.jar:/home/runner/.m2/repository/org/glassfish/jaxb/jaxb-core/4.0.5/jaxb-core-4.0.5.jar:/home/runner/.m2/repository/org/glassfish/jaxb/jaxb-jxc/4.0.3/jaxb-jxc-4.0.3.jar:/home/runner/.m2/repository/org/glassfish/jaxb/jaxb-runtime/4.0.5/jaxb-runtime-4.0.5.jar:/home/runner/.m2/repository/org/glassfish/jaxb/txw2/4.0.5/txw2-4.0.5.jar:/home/runner/.m2/repository/org/glassfish/jaxb/jaxb-xjc/4.0.3/jaxb-xjc-4.0.3.jar:/home/runner/.m2/repository/org/glassfish/jaxb/xsom/4.0.3/xsom-4.0.3.jar:/home/runner/.m2/repository/com/sun/istack/istack-commons-runtime/4.1.2/istack-commons-runtime-4.1.2.jar:/home/runner/.m2/repository/com/sun/istack/istack-commons-tools/4.1.2/istack-commons-tools-4.1.2.jar:/home/runner/.m2/repository/com/sun/xml/bind/external/relaxng-datatype/4.0.3/relaxng-datatype-4.0.3.jar:/home/runner/.m2/repository/com/sun/xml/bind/external/rngom/4.0.3/rngom-4.0.3.jar:/home/runner/.m2/repository/org/testcontainers/mssqlserver/1.20.1/mssqlserver-1.20.1.jar:/home/runner/.m2/repository/org/testcontainers/jdbc/1.20.1/jdbc-1.20.1.jar:/home/runner/.m2/repository/org/testcontainers/database-commons/1.20.1/database-commons-1.20.1.jar:/home/runner/.m2/repository/org/testcontainers/mysql/1.20.1/mysql-1.20.1.jar:/home/runner/.m2/repository/io/strimzi/strimzi-test-container/0.107.0/strimzi-test-container-0.107.0.jar:/home/runner/.m2/repository/org/testcontainers/toxiproxy/1.20.1/toxiproxy-1.20.1.jar:/home/runner/.m2/repository/com/github/docker-java/docker-java-api/3.4.0/docker-java-api-3.4.0.jar:/home/runner/.m2/repository/eu/rekawek/toxiproxy/toxiproxy-java/2.1.7/toxiproxy-java-2.1.7.jar:/home/runner/.m2/repository/junit/junit/4.13.2/junit-4.13.2.jar:/home/runner/.m2/repository/org/hamcrest/hamcrest-core/1.3/hamcrest-core-1.3.jar:/home/runner/.m2/repository/org/testcontainers/pulsar/1.20.4/pulsar-1.20.4.jar:/home/runner/.m2/repository/io/debezium/debezium-testing-testcontainers/2.6.2.Final/debezium-testing-testcontainers-2.6.2.Final.jar:/home/runner/.m2/repository/org/testcontainers/kafka/1.20.1/kafka-1.20.1.jar:/home/runner/.m2/repository/com/squareup/okhttp3/okhttp/4.8.1/okhttp-4.8.1.jar:/home/runner/.m2/repository/com/squareup/okio/okio/3.10.2/okio-3.10.2.jar:/home/runner/.m2/repository/com/squareup/okio/okio-jvm/3.10.2/okio-jvm-3.10.2.jar:/home/runner/.m2/repository/org/jetbrains/kotlin/kotlin-stdlib/2.0.10/kotlin-stdlib-2.0.10.jar:/home/runner/.m2/repository/org/awaitility/awaitility/4.2.2/awaitility-4.2.2.jar:/home/runner/.m2/repository/org/testcontainers/mongodb/1.20.1/mongodb-1.20.1.jar:/home/runner/.m2/repository/org/testcontainers/oracle-xe/1.20.1/oracle-xe-1.20.1.jar:/home/runner/.m2/repository/org/testcontainers/postgresql/1.20.1/postgresql-1.20.1.jar:/home/runner/.m2/repository/org/wiremock/wiremock/3.0.1/wiremock-3.0.1.jar:/home/runner/.m2/repository/org/eclipse/jetty/jetty-server/11.0.15/jetty-server-11.0.15.jar:/home/runner/.m2/repository/org/eclipse/jetty/toolchain/jetty-jakarta-servlet-api/5.0.2/jetty-jakarta-servlet-api-5.0.2.jar:/home/runner/.m2/repository/org/eclipse/jetty/jetty-http/11.0.15/jetty-http-11.0.15.jar:/home/runner/.m2/repository/org/eclipse/jetty/jetty-io/11.0.15/jetty-io-11.0.15.jar:/home/runner/.m2/repository/org/eclipse/jetty/jetty-servlet/11.0.15/jetty-servlet-11.0.15.jar:/home/runner/.m2/repository/org/eclipse/jetty/jetty-security/11.0.15/jetty-security-11.0.15.jar:/home/runner/.m2/repository/org/eclipse/jetty/jetty-servlets/11.0.15/jetty-servlets-11.0.15.jar:/home/runner/.m2/repository/org/eclipse/jetty/jetty-util/11.0.15/jetty-util-11.0.15.jar:/home/runner/.m2/repository/org/eclipse/jetty/jetty-webapp/11.0.15/jetty-webapp-11.0.15.jar:/home/runner/.m2/repository/org/eclipse/jetty/jetty-xml/11.0.15/jetty-xml-11.0.15.jar:/home/runner/.m2/repository/org/eclipse/jetty/jetty-proxy/11.0.15/jetty-proxy-11.0.15.jar:/home/runner/.m2/repository/org/eclipse/jetty/jetty-client/11.0.15/jetty-client-11.0.15.jar:/home/runner/.m2/repository/org/eclipse/jetty/http2/http2-server/11.0.15/http2-server-11.0.15.jar:/home/runner/.m2/repository/org/eclipse/jetty/http2/http2-common/11.0.15/http2-common-11.0.15.jar:/home/runner/.m2/repository/org/eclipse/jetty/http2/http2-hpack/11.0.15/http2-hpack-11.0.15.jar:/home/runner/.m2/repository/org/eclipse/jetty/jetty-alpn-server/11.0.15/jetty-alpn-server-11.0.15.jar:/home/runner/.m2/repository/org/eclipse/jetty/jetty-alpn-java-server/11.0.15/jetty-alpn-java-server-11.0.15.jar:/home/runner/.m2/repository/org/eclipse/jetty/jetty-alpn-java-client/11.0.15/jetty-alpn-java-client-11.0.15.jar:/home/runner/.m2/repository/org/eclipse/jetty/jetty-alpn-client/11.0.15/jetty-alpn-client-11.0.15.jar:/home/runner/.m2/repository/org/apache/httpcomponents/client5/httpclient5/5.2.1/httpclient5-5.2.1.jar:/home/runner/.m2/repository/org/apache/httpcomponents/core5/httpcore5/5.2/httpcore5-5.2.jar:/home/runner/.m2/repository/org/apache/httpcomponents/core5/httpcore5-h2/5.2/httpcore5-h2-5.2.jar:/home/runner/.m2/repository/org/xmlunit/xmlunit-core/2.9.1/xmlunit-core-2.9.1.jar:/home/runner/.m2/repository/jakarta/xml/bind/jakarta.xml.bind-api/4.0.2/jakarta.xml.bind-api-4.0.2.jar:/home/runner/.m2/repository/jakarta/activation/jakarta.activation-api/2.1.3/jakarta.activation-api-2.1.3.jar:/home/runner/.m2/repository/org/xmlunit/xmlunit-legacy/2.9.1/xmlunit-legacy-2.9.1.jar:/home/runner/.m2/repository/org/xmlunit/xmlunit-placeholders/2.9.1/xmlunit-placeholders-2.9.1.jar:/home/runner/.m2/repository/net/javacrumbs/json-unit/json-unit-core/2.38.0/json-unit-core-2.38.0.jar:/home/runner/.m2/repository/com/jayway/jsonpath/json-path/2.8.0/json-path-2.8.0.jar:/home/runner/.m2/repository/net/minidev/json-smart/2.4.10/json-smart-2.4.10.jar:/home/runner/.m2/repository/net/minidev/accessors-smart/2.4.9/accessors-smart-2.4.9.jar:/home/runner/.m2/repository/org/ow2/asm/asm/9.7/asm-9.7.jar:/home/runner/.m2/repository/net/sf/jopt-simple/jopt-simple/5.0.4/jopt-simple-5.0.4.jar:/home/runner/.m2/repository/com/github/jknack/handlebars/4.3.1/handlebars-4.3.1.jar:/home/runner/.m2/repository/com/github/jknack/handlebars-helpers/4.3.1/handlebars-helpers-4.3.1.jar:/home/runner/.m2/repository/commons-fileupload/commons-fileupload/1.5/commons-fileupload-1.5.jar:/home/runner/.m2/repository/com/networknt/json-schema-validator/1.5.5/json-schema-validator-1.5.5.jar:/home/runner/.m2/repository/com/ethlo/time/itu/1.10.3/itu-1.10.3.jar:/home/runner/.m2/repository/io/quarkus/quarkus-smallrye-jwt-build/3.15.4/quarkus-smallrye-jwt-build-3.15.4.jar:/home/runner/.m2/repository/io/smallrye/smallrye-jwt-build/4.5.3/smallrye-jwt-build-4.5.3.jar:/home/runner/.m2/repository/org/eclipse/microprofile/jwt/microprofile-jwt-auth-api/2.1/microprofile-jwt-auth-api-2.1.jar:/home/runner/.m2/repository/org/bitbucket/b_c/jose4j/0.9.6/jose4j-0.9.6.jar:/home/runner/.m2/repository/io/smallrye/smallrye-jwt-common/4.5.3/smallrye-jwt-common-4.5.3.jar:/home/runner/.m2/repository/io/quarkus/quarkus-jsonp/3.15.4/quarkus-jsonp-3.15.4.jar:/home/runner/.m2/repository/io/quarkus/quarkus-arc/3.15.4/quarkus-arc-3.15.4.jar:/home/runner/.m2/repository/io/quarkus/arc/arc/3.15.4/arc-3.15.4.jar:/home/runner/.m2/repository/jakarta/transaction/jakarta.transaction-api/2.0.1/jakarta.transaction-api-2.0.1.jar:/home/runner/.m2/repository/io/smallrye/reactive/mutiny/2.6.2/mutiny-2.6.2.jar:/home/runner/.m2/repository/org/jctools/jctools-core/4.0.5/jctools-core-4.0.5.jar:/home/runner/.m2/repository/org/eclipse/microprofile/context-propagation/microprofile-context-propagation-api/1.3/microprofile-context-propagation-api-1.3.jar:/home/runner/.m2/repository/io/apicurio/apicurio-common-rest-client-common/0.1.18.Final/apicurio-common-rest-client-common-0.1.18.Final.jar:/home/runner/work/apicurio-testing/apicurio-testing/clusters/ci419/namespaces/postgresql/tests/integration/apicurio-registry/utils/maven-plugin/target/apicurio-registry-maven-plugin-3.0.9.jar:/home/runner/.m2/repository/com/fasterxml/jackson/core/jackson-databind/2.17.2/jackson-databind-2.17.2.jar:/home/runner/.m2/repository/org/apache/avro/avro/1.12.0/avro-1.12.0.jar:/home/runner/.m2/repository/com/google/protobuf/protobuf-java/3.25.8/protobuf-java-3.25.8.jar:/home/runner/.m2/repository/com/google/protobuf/protobuf-java-util/3.25.8/protobuf-java-util-3.25.8.jar:/home/runner/.m2/repository/com/google/code/findbugs/jsr305/3.0.2/jsr305-3.0.2.jar:/home/runner/.m2/repository/com/google/code/gson/gson/2.11.0/gson-2.11.0.jar:/home/runner/.m2/repository/com/google/errorprone/error_prone_annotations/2.30.0/error_prone_annotations-2.30.0.jar:/home/runner/.m2/repository/com/google/j2objc/j2objc-annotations/2.8/j2objc-annotations-2.8.jar:/home/runner/work/apicurio-testing/apicurio-testing/clusters/ci419/namespaces/postgresql/tests/integration/apicurio-registry/schema-util/util-provider/target/apicurio-registry-schema-util-provider-3.0.9.jar:/home/runner/work/apicurio-testing/apicurio-testing/clusters/ci419/namespaces/postgresql/tests/integration/apicurio-registry/schema-util/common/target/apicurio-registry-schema-util-common-3.0.9.jar:/home/runner/.m2/repository/com/fasterxml/jackson/module/jackson-module-parameter-names/2.17.2/jackson-module-parameter-names-2.17.2.jar:/home/runner/.m2/repository/com/fasterxml/jackson/datatype/jackson-datatype-json-org/2.18.2/jackson-datatype-json-org-2.18.2.jar:/home/runner/work/apicurio-testing/apicurio-testing/clusters/ci419/namespaces/postgresql/tests/integration/apicurio-registry/schema-util/json/target/apicurio-registry-schema-util-json-3.0.9.jar:/home/runner/.m2/repository/com/github/erosb/everit-json-schema/1.14.5/everit-json-schema-1.14.5.jar:/home/runner/.m2/repository/commons-validator/commons-validator/1.9.0/commons-validator-1.9.0.jar:/home/runner/.m2/repository/commons-digester/commons-digester/2.1/commons-digester-2.1.jar:/home/runner/.m2/repository/commons-collections/commons-collections/3.2.2/commons-collections-3.2.2.jar:/home/runner/.m2/repository/com/damnhandy/handy-uri-templates/2.1.8/handy-uri-templates-2.1.8.jar:/home/runner/.m2/repository/joda-time/joda-time/2.10.2/joda-time-2.10.2.jar:/home/runner/.m2/repository/com/github/erosb/json-sKema/0.20.0/json-sKema-0.20.0.jar:/home/runner/.m2/repository/io/vertx/vertx-json-schema/4.5.13/vertx-json-schema-4.5.13.jar:/home/runner/work/apicurio-testing/apicurio-testing/clusters/ci419/namespaces/postgresql/tests/integration/apicurio-registry/schema-util/protobuf/target/apicurio-registry-schema-util-protobuf-3.0.9.jar:/home/runner/work/apicurio-testing/apicurio-testing/clusters/ci419/namespaces/postgresql/tests/integration/apicurio-registry/utils/protobuf-schema-utilities/target/apicurio-registry-protobuf-schema-utilities-3.0.9.jar:/home/runner/.m2/repository/com/google/api/grpc/proto-google-common-protos/2.52.0/proto-google-common-protos-2.52.0.jar:/home/runner/.m2/repository/com/squareup/wire/wire-schema-jvm/5.1.0/wire-schema-jvm-5.1.0.jar:/home/runner/.m2/repository/com/squareup/javapoet/1.13.0/javapoet-1.13.0.jar:/home/runner/.m2/repository/com/squareup/kotlinpoet-jvm/1.18.1/kotlinpoet-jvm-1.18.1.jar:/home/runner/.m2/repository/org/jetbrains/kotlin/kotlin-reflect/2.0.10/kotlin-reflect-2.0.10.jar:/home/runner/.m2/repository/com/squareup/wire/wire-runtime-jvm/5.1.0/wire-runtime-jvm-5.1.0.jar:/home/runner/.m2/repository/com/ibm/icu/icu4j/76.1/icu4j-76.1.jar:/home/runner/.m2/repository/com/squareup/okio/okio-fakefilesystem/3.10.2/okio-fakefilesystem-3.10.2.jar:/home/runner/.m2/repository/com/squareup/okio/okio-fakefilesystem-jvm/3.10.2/okio-fakefilesystem-jvm-3.10.2.jar:/home/runner/.m2/repository/org/jetbrains/kotlinx/kotlinx-datetime-jvm/0.6.1/kotlinx-datetime-jvm-0.6.1.jar:/home/runner/work/apicurio-testing/apicurio-testing/clusters/ci419/namespaces/postgresql/tests/integration/apicurio-registry/schema-util/asyncapi/target/apicurio-registry-schema-util-asyncapi-3.0.9.jar:/home/runner/work/apicurio-testing/apicurio-testing/clusters/ci419/namespaces/postgresql/tests/integration/apicurio-registry/schema-util/avro/target/apicurio-registry-schema-util-avro-3.0.9.jar:/home/runner/work/apicurio-testing/apicurio-testing/clusters/ci419/namespaces/postgresql/tests/integration/apicurio-registry/schema-util/graphql/target/apicurio-registry-schema-util-graphql-3.0.9.jar:/home/runner/.m2/repository/com/graphql-java/graphql-java/22.3/graphql-java-22.3.jar:/home/runner/.m2/repository/com/graphql-java/java-dataloader/3.3.0/java-dataloader-3.3.0.jar:/home/runner/work/apicurio-testing/apicurio-testing/clusters/ci419/namespaces/postgresql/tests/integration/apicurio-registry/schema-util/kconnect/target/apicurio-registry-schema-util-kconnect-3.0.9.jar:/home/runner/work/apicurio-testing/apicurio-testing/clusters/ci419/namespaces/postgresql/tests/integration/apicurio-registry/schema-util/openapi/target/apicurio-registry-schema-util-openapi-3.0.9.jar:/home/runner/.m2/repository/io/apicurio/apicurio-data-models/2.2.1/apicurio-data-models-2.2.1.jar:/home/runner/.m2/repository/org/openapitools/openapidiff/openapi-diff-core/2.0.1/openapi-diff-core-2.0.1.jar:/home/runner/.m2/repository/io/swagger/parser/v3/swagger-parser/2.0.28/swagger-parser-2.0.28.jar:/home/runner/.m2/repository/io/swagger/parser/v3/swagger-parser-v2-converter/2.0.28/swagger-parser-v2-converter-2.0.28.jar:/home/runner/.m2/repository/io/swagger/swagger-core/1.6.3/swagger-core-1.6.3.jar:/home/runner/.m2/repository/io/swagger/swagger-models/1.6.3/swagger-models-1.6.3.jar:/home/runner/.m2/repository/io/swagger/swagger-annotations/1.6.3/swagger-annotations-1.6.3.jar:/home/runner/.m2/repository/io/swagger/swagger-parser/1.0.56/swagger-parser-1.0.56.jar:/home/runner/.m2/repository/io/swagger/swagger-compat-spec-parser/1.0.56/swagger-compat-spec-parser-1.0.56.jar:/home/runner/.m2/repository/com/github/java-json-tools/json-schema-validator/2.2.14/json-schema-validator-2.2.14.jar:/home/runner/.m2/repository/com/github/java-json-tools/jackson-coreutils-equivalence/1.0/jackson-coreutils-equivalence-1.0.jar:/home/runner/.m2/repository/com/github/java-json-tools/json-schema-core/1.2.14/json-schema-core-1.2.14.jar:/home/runner/.m2/repository/com/github/java-json-tools/uri-template/0.10/uri-template-0.10.jar:/home/runner/.m2/repository/com/sun/mail/mailapi/1.6.2/mailapi-1.6.2.jar:/home/runner/.m2/repository/com/googlecode/libphonenumber/libphonenumber/8.11.1/libphonenumber-8.11.1.jar:/home/runner/.m2/repository/com/j2html/j2html/1.5.0/j2html-1.5.0.jar:/home/runner/.m2/repository/org/apache/commons/commons-collections4/4.4/commons-collections4-4.4.jar:/home/runner/.m2/repository/commons-httpclient/commons-httpclient/3.1/commons-httpclient-3.1.jar:/home/runner/.m2/repository/io/swagger/parser/v3/swagger-parser-v3/2.1.25/swagger-parser-v3-2.1.25.jar:/home/runner/.m2/repository/io/swagger/core/v3/swagger-models/2.2.28/swagger-models-2.2.28.jar:/home/runner/.m2/repository/io/swagger/core/v3/swagger-core/2.2.28/swagger-core-2.2.28.jar:/home/runner/.m2/repository/io/swagger/parser/v3/swagger-parser-core/2.1.25/swagger-parser-core-2.1.25.jar:/home/runner/.m2/repository/io/swagger/parser/v3/swagger-parser-safe-url-resolver/2.1.25/swagger-parser-safe-url-resolver-2.1.25.jar:/home/runner/work/apicurio-testing/apicurio-testing/clusters/ci419/namespaces/postgresql/tests/integration/apicurio-registry/schema-util/wsdl/target/apicurio-registry-schema-util-wsdl-3.0.9.jar:/home/runner/.m2/repository/wsdl4j/wsdl4j/1.6.3/wsdl4j-1.6.3.jar:/home/runner/work/apicurio-testing/apicurio-testing/clusters/ci419/namespaces/postgresql/tests/integration/apicurio-registry/schema-util/xml/target/apicurio-registry-schema-util-xml-3.0.9.jar:/home/runner/.m2/repository/org/apache/santuario/xmlsec/4.0.3/xmlsec-4.0.3.jar:/home/runner/.m2/repository/com/fasterxml/woodstox/woodstox-core/7.1.0/woodstox-core-7.1.0.jar:/home/runner/.m2/repository/org/codehaus/woodstox/stax2-api/4.2.2/stax2-api-4.2.2.jar:/home/runner/work/apicurio-testing/apicurio-testing/clusters/ci419/namespaces/postgresql/tests/integration/apicurio-registry/schema-util/xsd/target/apicurio-registry-schema-util-xsd-3.0.9.jar:/home/runner/work/apicurio-testing/apicurio-testing/clusters/ci419/namespaces/postgresql/tests/integration/apicurio-registry/serdes/kafka/jsonschema-serde/target/apicurio-registry-jsonschema-serde-kafka-3.0.9.jar:/home/runner/work/apicurio-testing/apicurio-testing/clusters/ci419/namespaces/postgresql/tests/integration/apicurio-registry/serdes/kafka/serde-kafka-common/target/apicurio-registry-serde-kafka-common-3.0.9.jar:/home/runner/work/apicurio-testing/apicurio-testing/clusters/ci419/namespaces/postgresql/tests/integration/apicurio-registry/serdes/generic/serde-common/target/apicurio-registry-serde-common-3.0.9.jar:/home/runner/work/apicurio-testing/apicurio-testing/clusters/ci419/namespaces/postgresql/tests/integration/apicurio-registry/schema-resolver/target/apicurio-registry-schema-resolver-3.0.9.jar:/home/runner/work/apicurio-testing/apicurio-testing/clusters/ci419/namespaces/postgresql/tests/integration/apicurio-registry/serdes/generic/serde-common-jsonschema/target/apicurio-registry-serde-common-jsonschema-3.0.9.jar:/home/runner/.m2/repository/org/json/json/20250107/json-20250107.jar:/home/runner/work/apicurio-testing/apicurio-testing/clusters/ci419/namespaces/postgresql/tests/integration/apicurio-registry/serdes/kafka/avro-serde/target/apicurio-registry-avro-serde-kafka-3.0.9.jar:/home/runner/work/apicurio-testing/apicurio-testing/clusters/ci419/namespaces/postgresql/tests/integration/apicurio-registry/serdes/generic/serde-common-avro/target/apicurio-registry-serde-common-avro-3.0.9.jar:/home/runner/work/apicurio-testing/apicurio-testing/clusters/ci419/namespaces/postgresql/tests/integration/apicurio-registry/serdes/kafka/protobuf-serde/target/apicurio-registry-protobuf-serde-kafka-3.0.9.jar:/home/runner/work/apicurio-testing/apicurio-testing/clusters/ci419/namespaces/postgresql/tests/integration/apicurio-registry/serdes/generic/serde-common-protobuf/target/apicurio-registry-serde-common-protobuf-3.0.9.jar:/home/runner/.m2/repository/com/squareup/wire/wire-schema/5.1.0/wire-schema-5.1.0.jar:/home/runner/.m2/repository/com/squareup/wire/wire-runtime/5.1.0/wire-runtime-5.1.0.jar:/home/runner/work/apicurio-testing/apicurio-testing/clusters/ci419/namespaces/postgresql/tests/integration/apicurio-registry/serdes/pulsar/avro-serde/target/apicurio-registry-avro-serde-pulsar-3.0.9.jar:/home/runner/.m2/repository/org/apache/pulsar/pulsar-functions-api/3.3.4/pulsar-functions-api-3.3.4.jar:/home/runner/work/apicurio-testing/apicurio-testing/clusters/ci419/namespaces/postgresql/tests/integration/apicurio-registry/serdes/nats/avro-serde/target/apicurio-registry-avro-serde-nats-3.0.9.jar:/home/runner/.m2/repository/io/nats/jnats/2.20.5/jnats-2.20.5.jar:/home/runner/.m2/repository/net/i2p/crypto/eddsa/0.3.0/eddsa-0.3.0.jar:/home/runner/work/apicurio-testing/apicurio-testing/clusters/ci419/namespaces/postgresql/tests/integration/apicurio-registry/utils/converter/target/apicurio-registry-utils-converter-3.0.9.jar:/home/runner/.m2/repository/org/apache/kafka/connect-api/3.9.1/connect-api-3.9.1.jar:/home/runner/.m2/repository/javax/ws/rs/javax.ws.rs-api/2.1.1/javax.ws.rs-api-2.1.1.jar:/home/runner/.m2/repository/org/apache/kafka/connect-json/3.9.1/connect-json-3.9.1.jar:/home/runner/.m2/repository/com/fasterxml/jackson/datatype/jackson-datatype-jdk8/2.17.2/jackson-datatype-jdk8-2.17.2.jar:/home/runner/.m2/repository/com/fasterxml/jackson/module/jackson-module-afterburner/2.17.2/jackson-module-afterburner-2.17.2.jar:/home/runner/work/apicurio-testing/apicurio-testing/clusters/ci419/namespaces/postgresql/tests/integration/apicurio-registry/utils/kafka/target/apicurio-registry-utils-kafka-3.0.9.jar:/home/runner/.m2/repository/org/apache/pulsar/pulsar-client/3.3.4/pulsar-client-3.3.4.jar:/home/runner/.m2/repository/org/apache/pulsar/pulsar-client-api/3.3.4/pulsar-client-api-3.3.4.jar:/home/runner/.m2/repository/org/apache/pulsar/pulsar-client-admin-api/3.3.4/pulsar-client-admin-api-3.3.4.jar:/home/runner/.m2/repository/org/apache/pulsar/bouncy-castle-bc/3.3.4/bouncy-castle-bc-3.3.4-pkg.jar:/home/runner/.m2/repository/org/bouncycastle/bcpkix-jdk18on/1.78.1/bcpkix-jdk18on-1.78.1.jar:/home/runner/.m2/repository/org/bouncycastle/bcutil-jdk18on/1.78.1/bcutil-jdk18on-1.78.1.jar:/home/runner/.m2/repository/org/bouncycastle/bcprov-jdk18on/1.78.1/bcprov-jdk18on-1.78.1.jar:/home/runner/.m2/repository/io/opentelemetry/opentelemetry-api/1.39.0/opentelemetry-api-1.39.0.jar:/home/runner/.m2/repository/io/opentelemetry/opentelemetry-context/1.39.0/opentelemetry-context-1.39.0.jar:/home/runner/.m2/repository/io/opentelemetry/opentelemetry-api-incubator/1.39.0-alpha/opentelemetry-api-incubator-1.39.0-alpha.jar:/home/runner/.m2/repository/com/fasterxml/jackson/core/jackson-annotations/2.17.2/jackson-annotations-2.17.2.jar:/home/runner/.m2/repository/javax/validation/validation-api/1.1.0.Final/validation-api-1.1.0.Final.jar:/home/runner/.m2/repository/io/confluent/kafka-avro-serializer/7.9.0/kafka-avro-serializer-7.9.0.jar:/home/runner/.m2/repository/org/apache/commons/commons-compress/1.27.0/commons-compress-1.27.0.jar:/home/runner/.m2/repository/io/confluent/kafka-schema-serializer/7.9.0/kafka-schema-serializer-7.9.0.jar:/home/runner/.m2/repository/com/fasterxml/jackson/dataformat/jackson-dataformat-csv/2.17.2/jackson-dataformat-csv-2.17.2.jar:/home/runner/.m2/repository/io/confluent/kafka-schema-registry-client/7.9.0/kafka-schema-registry-client-7.9.0.jar:/home/runner/.m2/repository/org/yaml/snakeyaml/2.2/snakeyaml-2.2.jar:/home/runner/.m2/repository/io/swagger/core/v3/swagger-annotations/2.1.10/swagger-annotations-2.1.10.jar:/home/runner/.m2/repository/com/google/guava/guava/33.2.1-jre/guava-33.2.1-jre.jar:/home/runner/.m2/repository/com/google/guava/failureaccess/1.0.1/failureaccess-1.0.1.jar:/home/runner/.m2/repository/org/checkerframework/checker-qual/3.46.0/checker-qual-3.46.0.jar:/home/runner/.m2/repository/io/confluent/logredactor/1.0.12/logredactor-1.0.12.jar:/home/runner/.m2/repository/com/google/re2j/re2j/1.6/re2j-1.6.jar:/home/runner/.m2/repository/io/confluent/logredactor-metrics/1.0.12/logredactor-metrics-1.0.12.jar:/home/runner/.m2/repository/com/eclipsesource/minimal-json/minimal-json/0.9.5/minimal-json-0.9.5.jar:/home/runner/.m2/repository/io/confluent/common-utils/7.9.0/common-utils-7.9.0.jar:/home/runner/.m2/repository/io/confluent/kafka-connect-avro-converter/7.9.0/kafka-connect-avro-converter-7.9.0.jar:/home/runner/.m2/repository/io/confluent/kafka-connect-avro-data/7.9.0/kafka-connect-avro-data-7.9.0.jar:/home/runner/.m2/repository/io/confluent/kafka-schema-converter/7.9.0/kafka-schema-converter-7.9.0.jar:/home/runner/.m2/repository/io/rest-assured/rest-assured/5.5.0/rest-assured-5.5.0.jar:/home/runner/.m2/repository/org/apache/groovy/groovy/4.0.22/groovy-4.0.22.jar:/home/runner/.m2/repository/org/apache/groovy/groovy-xml/4.0.22/groovy-xml-4.0.22.jar:/home/runner/.m2/repository/org/apache/httpcomponents/httpclient/4.5.14/httpclient-4.5.14.jar:/home/runner/.m2/repository/org/apache/httpcomponents/httpcore/4.4.16/httpcore-4.4.16.jar:/home/runner/.m2/repository/org/apache/httpcomponents/httpmime/4.5.14/httpmime-4.5.14.jar:/home/runner/.m2/repository/org/hamcrest/hamcrest/2.2/hamcrest-2.2.jar:/home/runner/.m2/repository/org/ccil/cowan/tagsoup/tagsoup/1.2.1/tagsoup-1.2.1.jar:/home/runner/.m2/repository/io/rest-assured/json-path/5.5.0/json-path-5.5.0.jar:/home/runner/.m2/repository/org/apache/groovy/groovy-json/4.0.22/groovy-json-4.0.22.jar:/home/runner/.m2/repository/io/rest-assured/rest-assured-common/5.5.0/rest-assured-common-5.5.0.jar:/home/runner/.m2/repository/io/rest-assured/xml-path/5.5.0/xml-path-5.5.0.jar:/home/runner/.m2/repository/io/zonky/test/embedded-postgres/2.1.0/embedded-postgres-2.1.0.jar:/home/runner/.m2/repository/io/zonky/test/postgres/embedded-postgres-binaries-windows-amd64/14.15.0/embedded-postgres-binaries-windows-amd64-14.15.0.jar:/home/runner/.m2/repository/io/zonky/test/postgres/embedded-postgres-binaries-darwin-amd64/14.15.0/embedded-postgres-binaries-darwin-amd64-14.15.0.jar:/home/runner/.m2/repository/io/zonky/test/postgres/embedded-postgres-binaries-linux-amd64/14.15.0/embedded-postgres-binaries-linux-amd64-14.15.0.jar:/home/runner/.m2/repository/io/zonky/test/postgres/embedded-postgres-binaries-linux-amd64-alpine/14.15.0/embedded-postgres-binaries-linux-amd64-alpine-14.15.0.jar:/home/runner/.m2/repository/org/apache/commons/commons-lang3/3.14.0/commons-lang3-3.14.0.jar:/home/runner/.m2/repository/org/tukaani/xz/1.10/xz-1.10.jar:/home/runner/.m2/repository/commons-codec/commons-codec/1.18.0/commons-codec-1.18.0.jar:/home/runner/.m2/repository/org/postgresql/postgresql/42.7.4/postgresql-42.7.4.jar:/home/runner/.m2/repository/commons-io/commons-io/2.16.1/commons-io-2.16.1.jar:/home/runner/work/apicurio-testing/apicurio-testing/clusters/ci419/namespaces/postgresql/tests/integration/apicurio-registry/utils/importexport/target/apicurio-registry-utils-import-export-3.0.9.jar:/home/runner/.m2/repository/io/vertx/vertx-core/4.5.13/vertx-core-4.5.13.jar:/home/runner/.m2/repository/io/netty/netty-common/4.1.118.Final/netty-common-4.1.118.Final.jar:/home/runner/.m2/repository/io/netty/netty-buffer/4.1.118.Final/netty-buffer-4.1.118.Final.jar:/home/runner/.m2/repository/io/netty/netty-transport/4.1.118.Final/netty-transport-4.1.118.Final.jar:/home/runner/.m2/repository/io/netty/netty-handler/4.1.118.Final/netty-handler-4.1.118.Final.jar:/home/runner/.m2/repository/io/netty/netty-transport-native-unix-common/4.1.118.Final/netty-transport-native-unix-common-4.1.118.Final.jar:/home/runner/.m2/repository/io/netty/netty-codec/4.1.118.Final/netty-codec-4.1.118.Final.jar:/home/runner/.m2/repository/io/netty/netty-handler-proxy/4.1.118.Final/netty-handler-proxy-4.1.118.Final.jar:/home/runner/.m2/repository/io/netty/netty-codec-socks/4.1.118.Final/netty-codec-socks-4.1.118.Final.jar:/home/runner/.m2/repository/io/netty/netty-codec-http/4.1.118.Final/netty-codec-http-4.1.118.Final.jar:/home/runner/.m2/repository/io/netty/netty-codec-http2/4.1.118.Final/netty-codec-http2-4.1.118.Final.jar:/home/runner/.m2/repository/io/netty/netty-resolver/4.1.118.Final/netty-resolver-4.1.118.Final.jar:/home/runner/.m2/repository/io/netty/netty-resolver-dns/4.1.118.Final/netty-resolver-dns-4.1.118.Final.jar:/home/runner/.m2/repository/io/netty/netty-codec-dns/4.1.118.Final/netty-codec-dns-4.1.118.Final.jar:/home/runner/.m2/repository/com/fasterxml/jackson/core/jackson-core/2.17.2/jackson-core-2.17.2.jar:"/>
    <property name="java.vm.vendor" value="Eclipse Adoptium"/>
    <property name="maven.javadoc.skip" value="true"/>
    <property name="sun.arch.data.model" value="64"/>
    <property name="java.vendor.url" value="https://adoptium.net/"/>
    <property name="user.timezone" value="Etc/UTC"/>
    <property name="os.name" value="Linux"/>
    <property name="java.vm.specification.version" value="17"/>
    <property name="sun.java.launcher" value="SUN_STANDARD"/>
    <property name="quarkus.http.test-port" value="80"/>
    <property name="sun.boot.library.path" value="/usr/lib/jvm/temurin-17-jdk-amd64/lib"/>
    <property name="sun.java.command" value="/home/runner/work/apicurio-testing/apicurio-testing/clusters/ci419/namespaces/postgresql/tests/integration/apicurio-registry/integration-tests/target/surefire/surefirebooter-20250731022118642_3.jar /home/runner/work/apicurio-testing/apicurio-testing/clusters/ci419/namespaces/postgresql/tests/integration/apicurio-registry/integration-tests/target/surefire 2025-07-31T02-21-18_234-jvmRun1 surefire-20250731022118642_1tmp surefire_0-20250731022118642_2tmp"/>
    <property name="maven.home" value="/home/runner/.m2/wrapper/dists/apache-maven-3.9.8-bin/4fnp1ql35bgk2a0p7m31ovbgb0/apache-maven-3.9.8"/>
    <property name="jdk.debug" value="release"/>
    <property name="surefire.test.class.path" value="/home/runner/work/apicurio-testing/apicurio-testing/clusters/ci419/namespaces/postgresql/tests/integration/apicurio-registry/integration-tests/target/test-classes:/home/runner/work/apicurio-testing/apicurio-testing/clusters/ci419/namespaces/postgresql/tests/integration/apicurio-registry/integration-tests/target/apicurio-registry-integration-tests-3.0.9.jar:/home/runner/.m2/repository/io/quarkus/quarkus-junit5/3.15.4/quarkus-junit5-3.15.4.jar:/home/runner/.m2/repository/io/quarkus/quarkus-bootstrap-core/3.15.4/quarkus-bootstrap-core-3.15.4.jar:/home/runner/.m2/repository/io/quarkus/quarkus-classloader-commons/3.15.4/quarkus-classloader-commons-3.15.4.jar:/home/runner/.m2/repository/io/quarkus/quarkus-bootstrap-app-model/3.15.4/quarkus-bootstrap-app-model-3.15.4.jar:/home/runner/.m2/repository/io/smallrye/common/smallrye-common-io/2.6.1/smallrye-common-io-2.6.1.jar:/home/runner/.m2/repository/org/eclipse/sisu/org.eclipse.sisu.inject/0.9.0.M3/org.eclipse.sisu.inject-0.9.0.M3.jar:/home/runner/.m2/repository/io/quarkus/quarkus-test-common/3.15.4/quarkus-test-common-3.15.4.jar:/home/runner/.m2/repository/io/quarkus/quarkus-core-deployment/3.15.4/quarkus-core-deployment-3.15.4.jar:/home/runner/.m2/repository/org/aesh/readline/2.6/readline-2.6.jar:/home/runner/.m2/repository/org/fusesource/jansi/jansi/2.4.0/jansi-2.4.0.jar:/home/runner/.m2/repository/org/aesh/aesh/2.8.2/aesh-2.8.2.jar:/home/runner/.m2/repository/io/quarkus/gizmo/gizmo/1.8.0/gizmo-1.8.0.jar:/home/runner/.m2/repository/org/ow2/asm/asm-util/9.7/asm-util-9.7.jar:/home/runner/.m2/repository/org/ow2/asm/asm-analysis/9.7/asm-analysis-9.7.jar:/home/runner/.m2/repository/org/ow2/asm/asm-commons/9.7/asm-commons-9.7.jar:/home/runner/.m2/repository/org/ow2/asm/asm-tree/9.7/asm-tree-9.7.jar:/home/runner/.m2/repository/io/quarkus/quarkus-hibernate-validator-spi/3.15.4/quarkus-hibernate-validator-spi-3.15.4.jar:/home/runner/.m2/repository/io/quarkus/quarkus-class-change-agent/3.15.4/quarkus-class-change-agent-3.15.4.jar:/home/runner/.m2/repository/io/quarkus/quarkus-devtools-utilities/3.15.4/quarkus-devtools-utilities-3.15.4.jar:/home/runner/.m2/repository/io/quarkus/quarkus-builder/3.15.4/quarkus-builder-3.15.4.jar:/home/runner/.m2/repository/org/graalvm/sdk/nativeimage/23.1.2/nativeimage-23.1.2.jar:/home/runner/.m2/repository/org/graalvm/sdk/word/23.1.2/word-23.1.2.jar:/home/runner/.m2/repository/io/quarkus/quarkus-bootstrap-maven-resolver/3.15.4/quarkus-bootstrap-maven-resolver-3.15.4.jar:/home/runner/.m2/repository/io/smallrye/beanbag/smallrye-beanbag-maven/1.5.2/smallrye-beanbag-maven-1.5.2.jar:/home/runner/.m2/repository/io/smallrye/beanbag/smallrye-beanbag-sisu/1.5.2/smallrye-beanbag-sisu-1.5.2.jar:/home/runner/.m2/repository/io/smallrye/beanbag/smallrye-beanbag/1.5.2/smallrye-beanbag-1.5.2.jar:/home/runner/.m2/repository/javax/inject/javax.inject/1/javax.inject-1.jar:/home/runner/.m2/repository/org/apache/maven/maven-artifact/3.9.8/maven-artifact-3.9.8.jar:/home/runner/.m2/repository/org/apache/maven/maven-builder-support/3.9.8/maven-builder-support-3.9.8.jar:/home/runner/.m2/repository/org/apache/maven/maven-model/3.9.8/maven-model-3.9.8.jar:/home/runner/.m2/repository/org/apache/maven/maven-model-builder/3.9.8/maven-model-builder-3.9.8.jar:/home/runner/.m2/repository/org/apache/maven/maven-repository-metadata/3.9.8/maven-repository-metadata-3.9.8.jar:/home/runner/.m2/repository/org/apache/maven/maven-settings/3.9.8/maven-settings-3.9.8.jar:/home/runner/.m2/repository/org/apache/maven/resolver/maven-resolver-api/1.9.22/maven-resolver-api-1.9.22.jar:/home/runner/.m2/repository/org/apache/maven/resolver/maven-resolver-impl/1.9.22/maven-resolver-impl-1.9.22.jar:/home/runner/.m2/repository/org/apache/maven/resolver/maven-resolver-named-locks/1.9.22/maven-resolver-named-locks-1.9.22.jar:/home/runner/.m2/repository/org/apache/maven/resolver/maven-resolver-spi/1.9.22/maven-resolver-spi-1.9.22.jar:/home/runner/.m2/repository/org/apache/maven/resolver/maven-resolver-util/1.9.22/maven-resolver-util-1.9.22.jar:/home/runner/.m2/repository/org/apache/maven/resolver/maven-resolver-transport-http/1.9.20/maven-resolver-transport-http-1.9.20.jar:/home/runner/.m2/repository/org/apache/maven/wagon/wagon-provider-api/3.5.3/wagon-provider-api-3.5.3.jar:/home/runner/.m2/repository/org/apache/maven/wagon/wagon-http-shared/3.5.3/wagon-http-shared-3.5.3.jar:/home/runner/.m2/repository/org/codehaus/plexus/plexus-interpolation/1.26/plexus-interpolation-1.26.jar:/home/runner/.m2/repository/org/codehaus/plexus/plexus-utils/3.5.1/plexus-utils-3.5.1.jar:/home/runner/.m2/repository/org/codehaus/plexus/plexus-xml/4.0.1/plexus-xml-4.0.1.jar:/home/runner/.m2/repository/org/apache/maven/maven-xml-impl/4.0.0-alpha-5/maven-xml-impl-4.0.0-alpha-5.jar:/home/runner/.m2/repository/org/apache/maven/maven-api-xml/4.0.0-alpha-5/maven-api-xml-4.0.0-alpha-5.jar:/home/runner/.m2/repository/org/apache/maven/maven-api-meta/4.0.0-alpha-5/maven-api-meta-4.0.0-alpha-5.jar:/home/runner/.m2/repository/org/codehaus/plexus/plexus-cipher/2.0/plexus-cipher-2.0.jar:/home/runner/.m2/repository/org/codehaus/plexus/plexus-sec-dispatcher/2.0/plexus-sec-dispatcher-2.0.jar:/home/runner/.m2/repository/org/apache/maven/maven-embedder/3.9.8/maven-embedder-3.9.8.jar:/home/runner/.m2/repository/org/apache/maven/maven-core/3.9.8/maven-core-3.9.8.jar:/home/runner/.m2/repository/org/codehaus/plexus/plexus-component-annotations/2.1.0/plexus-component-annotations-2.1.0.jar:/home/runner/.m2/repository/org/apache/maven/maven-plugin-api/3.9.8/maven-plugin-api-3.9.8.jar:/home/runner/.m2/repository/org/apache/maven/shared/maven-shared-utils/3.4.2/maven-shared-utils-3.4.2.jar:/home/runner/.m2/repository/com/google/inject/guice/5.1.0/guice-5.1.0.jar:/home/runner/.m2/repository/aopalliance/aopalliance/1.0/aopalliance-1.0.jar:/home/runner/.m2/repository/javax/annotation/javax.annotation-api/1.3.2/javax.annotation-api-1.3.2.jar:/home/runner/.m2/repository/org/codehaus/plexus/plexus-classworlds/2.6.0/plexus-classworlds-2.6.0.jar:/home/runner/.m2/repository/commons-cli/commons-cli/1.8.0/commons-cli-1.8.0.jar:/home/runner/.m2/repository/org/eclipse/sisu/org.eclipse.sisu.plexus/0.9.0.M3/org.eclipse.sisu.plexus-0.9.0.M3.jar:/home/runner/.m2/repository/org/apache/maven/maven-settings-builder/3.9.8/maven-settings-builder-3.9.8.jar:/home/runner/.m2/repository/org/apache/maven/maven-resolver-provider/3.9.8/maven-resolver-provider-3.9.8.jar:/home/runner/.m2/repository/org/apache/maven/resolver/maven-resolver-connector-basic/1.9.22/maven-resolver-connector-basic-1.9.22.jar:/home/runner/.m2/repository/org/apache/maven/resolver/maven-resolver-transport-wagon/1.9.22/maven-resolver-transport-wagon-1.9.22.jar:/home/runner/.m2/repository/org/apache/maven/wagon/wagon-http/3.5.3/wagon-http-3.5.3.jar:/home/runner/.m2/repository/org/apache/maven/wagon/wagon-file/3.5.3/wagon-file-3.5.3.jar:/home/runner/.m2/repository/io/quarkus/quarkus-bootstrap-gradle-resolver/3.15.4/quarkus-bootstrap-gradle-resolver-3.15.4.jar:/home/runner/.m2/repository/io/smallrye/jandex/3.2.3/jandex-3.2.3.jar:/home/runner/.m2/repository/org/jboss/logging/commons-logging-jboss-logging/1.0.0.Final/commons-logging-jboss-logging-1.0.0.Final.jar:/home/runner/.m2/repository/io/quarkus/quarkus-junit5-properties/3.15.4/quarkus-junit5-properties-3.15.4.jar:/home/runner/.m2/repository/org/junit/jupiter/junit-jupiter/5.10.3/junit-jupiter-5.10.3.jar:/home/runner/.m2/repository/org/junit/jupiter/junit-jupiter-api/5.10.3/junit-jupiter-api-5.10.3.jar:/home/runner/.m2/repository/org/junit/jupiter/junit-jupiter-params/5.10.3/junit-jupiter-params-5.10.3.jar:/home/runner/.m2/repository/org/junit/jupiter/junit-jupiter-engine/5.10.3/junit-jupiter-engine-5.10.3.jar:/home/runner/.m2/repository/io/quarkus/quarkus-core/3.15.4/quarkus-core-3.15.4.jar:/home/runner/.m2/repository/jakarta/enterprise/jakarta.enterprise.cdi-api/4.1.0/jakarta.enterprise.cdi-api-4.1.0.jar:/home/runner/.m2/repository/jakarta/enterprise/jakarta.enterprise.lang-model/4.1.0/jakarta.enterprise.lang-model-4.1.0.jar:/home/runner/.m2/repository/jakarta/el/jakarta.el-api/5.0.1/jakarta.el-api-5.0.1.jar:/home/runner/.m2/repository/jakarta/interceptor/jakarta.interceptor-api/2.2.0/jakarta.interceptor-api-2.2.0.jar:/home/runner/.m2/repository/jakarta/inject/jakarta.inject-api/2.0.1/jakarta.inject-api-2.0.1.jar:/home/runner/.m2/repository/io/smallrye/common/smallrye-common-os/2.6.1/smallrye-common-os-2.6.1.jar:/home/runner/.m2/repository/io/quarkus/quarkus-ide-launcher/3.15.4/quarkus-ide-launcher-3.15.4.jar:/home/runner/.m2/repository/io/quarkus/quarkus-development-mode-spi/3.15.4/quarkus-development-mode-spi-3.15.4.jar:/home/runner/.m2/repository/io/smallrye/config/smallrye-config/3.9.1/smallrye-config-3.9.1.jar:/home/runner/.m2/repository/io/smallrye/config/smallrye-config-core/3.9.1/smallrye-config-core-3.9.1.jar:/home/runner/.m2/repository/io/smallrye/common/smallrye-common-annotation/2.6.1/smallrye-common-annotation-2.6.1.jar:/home/runner/.m2/repository/io/smallrye/common/smallrye-common-classloader/2.6.1/smallrye-common-classloader-2.6.1.jar:/home/runner/.m2/repository/io/smallrye/config/smallrye-config-common/3.9.1/smallrye-config-common-3.9.1.jar:/home/runner/.m2/repository/org/jboss/logging/jboss-logging/3.6.0.Final/jboss-logging-3.6.0.Final.jar:/home/runner/.m2/repository/org/jboss/logmanager/jboss-logmanager/3.1.1.Final/jboss-logmanager-3.1.1.Final.jar:/home/runner/.m2/repository/io/smallrye/common/smallrye-common-constraint/2.6.1/smallrye-common-constraint-2.6.1.jar:/home/runner/.m2/repository/io/smallrye/common/smallrye-common-cpu/2.6.1/smallrye-common-cpu-2.6.1.jar:/home/runner/.m2/repository/io/smallrye/common/smallrye-common-expression/2.6.1/smallrye-common-expression-2.6.1.jar:/home/runner/.m2/repository/io/smallrye/common/smallrye-common-function/2.6.1/smallrye-common-function-2.6.1.jar:/home/runner/.m2/repository/io/smallrye/common/smallrye-common-net/2.6.1/smallrye-common-net-2.6.1.jar:/home/runner/.m2/repository/io/smallrye/common/smallrye-common-ref/2.6.1/smallrye-common-ref-2.6.1.jar:/home/runner/.m2/repository/jakarta/json/jakarta.json-api/2.1.3/jakarta.json-api-2.1.3.jar:/home/runner/.m2/repository/org/eclipse/parsson/parsson/1.1.7/parsson-1.1.7.jar:/home/runner/.m2/repository/org/jboss/logging/jboss-logging-annotations/3.0.1.Final/jboss-logging-annotations-3.0.1.Final.jar:/home/runner/.m2/repository/org/jboss/threads/jboss-threads/3.6.1.Final/jboss-threads-3.6.1.Final.jar:/home/runner/.m2/repository/org/jboss/slf4j/slf4j-jboss-logmanager/2.0.0.Final/slf4j-jboss-logmanager-2.0.0.Final.jar:/home/runner/.m2/repository/org/wildfly/common/wildfly-common/1.7.0.Final/wildfly-common-1.7.0.Final.jar:/home/runner/.m2/repository/io/quarkus/quarkus-bootstrap-runner/3.15.4/quarkus-bootstrap-runner-3.15.4.jar:/home/runner/.m2/repository/io/github/crac/org-crac/0.1.3/org-crac-0.1.3.jar:/home/runner/.m2/repository/io/quarkus/quarkus-fs-util/0.0.10/quarkus-fs-util-0.0.10.jar:/home/runner/.m2/repository/org/jboss/marshalling/jboss-marshalling/2.2.1.Final/jboss-marshalling-2.2.1.Final.jar:/home/runner/.m2/repository/io/fabric8/kubernetes-client/6.13.5/kubernetes-client-6.13.5.jar:/home/runner/.m2/repository/io/fabric8/kubernetes-client-api/6.13.5/kubernetes-client-api-6.13.5.jar:/home/runner/.m2/repository/io/fabric8/kubernetes-model-core/6.13.5/kubernetes-model-core-6.13.5.jar:/home/runner/.m2/repository/io/fabric8/kubernetes-model-common/6.13.5/kubernetes-model-common-6.13.5.jar:/home/runner/.m2/repository/io/fabric8/kubernetes-model-gatewayapi/6.13.5/kubernetes-model-gatewayapi-6.13.5.jar:/home/runner/.m2/repository/io/fabric8/kubernetes-model-resource/6.13.5/kubernetes-model-resource-6.13.5.jar:/home/runner/.m2/repository/io/fabric8/kubernetes-model-rbac/6.13.5/kubernetes-model-rbac-6.13.5.jar:/home/runner/.m2/repository/io/fabric8/kubernetes-model-admissionregistration/6.13.5/kubernetes-model-admissionregistration-6.13.5.jar:/home/runner/.m2/repository/io/fabric8/kubernetes-model-apps/6.13.5/kubernetes-model-apps-6.13.5.jar:/home/runner/.m2/repository/io/fabric8/kubernetes-model-autoscaling/6.13.5/kubernetes-model-autoscaling-6.13.5.jar:/home/runner/.m2/repository/io/fabric8/kubernetes-model-apiextensions/6.13.5/kubernetes-model-apiextensions-6.13.5.jar:/home/runner/.m2/repository/io/fabric8/kubernetes-model-batch/6.13.5/kubernetes-model-batch-6.13.5.jar:/home/runner/.m2/repository/io/fabric8/kubernetes-model-certificates/6.13.5/kubernetes-model-certificates-6.13.5.jar:/home/runner/.m2/repository/io/fabric8/kubernetes-model-coordination/6.13.5/kubernetes-model-coordination-6.13.5.jar:/home/runner/.m2/repository/io/fabric8/kubernetes-model-discovery/6.13.5/kubernetes-model-discovery-6.13.5.jar:/home/runner/.m2/repository/io/fabric8/kubernetes-model-events/6.13.5/kubernetes-model-events-6.13.5.jar:/home/runner/.m2/repository/io/fabric8/kubernetes-model-extensions/6.13.5/kubernetes-model-extensions-6.13.5.jar:/home/runner/.m2/repository/io/fabric8/kubernetes-model-flowcontrol/6.13.5/kubernetes-model-flowcontrol-6.13.5.jar:/home/runner/.m2/repository/io/fabric8/kubernetes-model-networking/6.13.5/kubernetes-model-networking-6.13.5.jar:/home/runner/.m2/repository/io/fabric8/kubernetes-model-metrics/6.13.5/kubernetes-model-metrics-6.13.5.jar:/home/runner/.m2/repository/io/fabric8/kubernetes-model-policy/6.13.5/kubernetes-model-policy-6.13.5.jar:/home/runner/.m2/repository/io/fabric8/kubernetes-model-scheduling/6.13.5/kubernetes-model-scheduling-6.13.5.jar:/home/runner/.m2/repository/io/fabric8/kubernetes-model-storageclass/6.13.5/kubernetes-model-storageclass-6.13.5.jar:/home/runner/.m2/repository/io/fabric8/kubernetes-model-node/6.13.5/kubernetes-model-node-6.13.5.jar:/home/runner/.m2/repository/org/snakeyaml/snakeyaml-engine/2.7/snakeyaml-engine-2.7.jar:/home/runner/.m2/repository/com/fasterxml/jackson/dataformat/jackson-dataformat-yaml/2.15.2/jackson-dataformat-yaml-2.15.2.jar:/home/runner/.m2/repository/com/fasterxml/jackson/datatype/jackson-datatype-jsr310/2.17.2/jackson-datatype-jsr310-2.17.2.jar:/home/runner/.m2/repository/io/fabric8/zjsonpatch/0.3.0/zjsonpatch-0.3.0.jar:/home/runner/.m2/repository/io/fabric8/kubernetes-httpclient-vertx/6.13.5/kubernetes-httpclient-vertx-6.13.5.jar:/home/runner/.m2/repository/io/vertx/vertx-web-client/4.5.13/vertx-web-client-4.5.13.jar:/home/runner/.m2/repository/io/vertx/vertx-web-common/4.5.13/vertx-web-common-4.5.13.jar:/home/runner/.m2/repository/io/vertx/vertx-auth-common/4.5.13/vertx-auth-common-4.5.13.jar:/home/runner/.m2/repository/io/vertx/vertx-uri-template/4.5.13/vertx-uri-template-4.5.13.jar:/home/runner/.m2/repository/io/fabric8/openshift-client/6.13.5/openshift-client-6.13.5.jar:/home/runner/.m2/repository/io/fabric8/openshift-client-api/6.13.5/openshift-client-api-6.13.5.jar:/home/runner/.m2/repository/io/fabric8/openshift-model/6.13.5/openshift-model-6.13.5.jar:/home/runner/.m2/repository/io/fabric8/openshift-model-clusterautoscaling/6.13.5/openshift-model-clusterautoscaling-6.13.5.jar:/home/runner/.m2/repository/io/fabric8/openshift-model-operator/6.13.5/openshift-model-operator-6.13.5.jar:/home/runner/.m2/repository/io/fabric8/openshift-model-operatorhub/6.13.5/openshift-model-operatorhub-6.13.5.jar:/home/runner/.m2/repository/io/fabric8/openshift-model-machine/6.13.5/openshift-model-machine-6.13.5.jar:/home/runner/.m2/repository/io/fabric8/openshift-model-whereabouts/6.13.5/openshift-model-whereabouts-6.13.5.jar:/home/runner/.m2/repository/io/fabric8/openshift-model-monitoring/6.13.5/openshift-model-monitoring-6.13.5.jar:/home/runner/.m2/repository/io/fabric8/openshift-model-storageversionmigrator/6.13.5/openshift-model-storageversionmigrator-6.13.5.jar:/home/runner/.m2/repository/io/fabric8/openshift-model-tuned/6.13.5/openshift-model-tuned-6.13.5.jar:/home/runner/.m2/repository/io/fabric8/openshift-model-console/6.13.5/openshift-model-console-6.13.5.jar:/home/runner/.m2/repository/io/fabric8/openshift-model-config/6.13.5/openshift-model-config-6.13.5.jar:/home/runner/.m2/repository/io/fabric8/openshift-model-machineconfig/6.13.5/openshift-model-machineconfig-6.13.5.jar:/home/runner/.m2/repository/io/fabric8/openshift-model-miscellaneous/6.13.5/openshift-model-miscellaneous-6.13.5.jar:/home/runner/.m2/repository/io/fabric8/openshift-model-hive/6.13.5/openshift-model-hive-6.13.5.jar:/home/runner/.m2/repository/io/fabric8/openshift-model-installer/6.13.5/openshift-model-installer-6.13.5.jar:/home/runner/.m2/repository/com/github/mifmif/generex/1.0.2/generex-1.0.2.jar:/home/runner/.m2/repository/dk/brics/automaton/automaton/1.11-8/automaton-1.11-8.jar:/home/runner/.m2/repository/org/junit/platform/junit-platform-launcher/1.10.3/junit-platform-launcher-1.10.3.jar:/home/runner/.m2/repository/org/junit/platform/junit-platform-engine/1.10.3/junit-platform-engine-1.10.3.jar:/home/runner/.m2/repository/org/opentest4j/opentest4j/1.3.0/opentest4j-1.3.0.jar:/home/runner/.m2/repository/org/junit/platform/junit-platform-commons/1.10.3/junit-platform-commons-1.10.3.jar:/home/runner/.m2/repository/org/apiguardian/apiguardian-api/1.1.2/apiguardian-api-1.1.2.jar:/home/runner/.m2/repository/jakarta/ws/rs/jakarta.ws.rs-api/3.1.0/jakarta.ws.rs-api-3.1.0.jar:/home/runner/work/apicurio-testing/apicurio-testing/clusters/ci419/namespaces/postgresql/tests/integration/apicurio-registry/java-sdk/target/apicurio-registry-java-sdk-3.0.9.jar:/home/runner/.m2/repository/com/microsoft/kiota/microsoft-kiota-abstractions/1.8.4/microsoft-kiota-abstractions-1.8.4.jar:/home/runner/.m2/repository/io/github/std-uritemplate/std-uritemplate/2.0.0/std-uritemplate-2.0.0.jar:/home/runner/.m2/repository/io/kiota/kiota-http-jdk/0.0.21/kiota-http-jdk-0.0.21.jar:/home/runner/.m2/repository/io/kiota/kiota-http-vertx/0.0.21/kiota-http-vertx-0.0.21.jar:/home/runner/.m2/repository/io/kiota/kiota-serialization-jackson/0.0.21/kiota-serialization-jackson-0.0.21.jar:/home/runner/.m2/repository/com/microsoft/kiota/microsoft-kiota-serialization-text/1.8.4/microsoft-kiota-serialization-text-1.8.4.jar:/home/runner/.m2/repository/com/microsoft/kiota/microsoft-kiota-serialization-form/1.8.4/microsoft-kiota-serialization-form-1.8.4.jar:/home/runner/.m2/repository/com/microsoft/kiota/microsoft-kiota-serialization-multipart/1.8.4/microsoft-kiota-serialization-multipart-1.8.4.jar:/home/runner/.m2/repository/jakarta/annotation/jakarta.annotation-api/3.0.0/jakarta.annotation-api-3.0.0.jar:/home/runner/.m2/repository/io/vertx/vertx-auth-oauth2/4.5.13/vertx-auth-oauth2-4.5.13.jar:/home/runner/work/apicurio-testing/apicurio-testing/clusters/ci419/namespaces/postgresql/tests/integration/apicurio-registry/java-sdk-v2/target/apicurio-registry-v2-java-sdk-3.0.9.jar:/home/runner/work/apicurio-testing/apicurio-testing/clusters/ci419/namespaces/postgresql/tests/integration/apicurio-registry/utils/kafka/target/apicurio-registry-utils-kafka-3.0.9-tests.jar:/home/runner/.m2/repository/org/eclipse/microprofile/config/microprofile-config-api/3.1/microprofile-config-api-3.1.jar:/home/runner/.m2/repository/org/apache/kafka/kafka-clients/3.9.0/kafka-clients-3.9.0.jar:/home/runner/.m2/repository/com/github/luben/zstd-jni/1.5.6-4/zstd-jni-1.5.6-4.jar:/home/runner/.m2/repository/org/lz4/lz4-java/1.8.0/lz4-java-1.8.0.jar:/home/runner/.m2/repository/org/xerial/snappy/snappy-java/1.1.10.5/snappy-java-1.1.10.5.jar:/home/runner/.m2/repository/org/slf4j/slf4j-api/2.0.6/slf4j-api-2.0.6.jar:/home/runner/work/apicurio-testing/apicurio-testing/clusters/ci419/namespaces/postgresql/tests/integration/apicurio-registry/utils/tests/target/apicurio-registry-utils-tests-3.0.9.jar:/home/runner/work/apicurio-testing/apicurio-testing/clusters/ci419/namespaces/postgresql/tests/integration/apicurio-registry/common/target/apicurio-registry-common-3.0.9.jar:/home/runner/.m2/repository/jakarta/validation/jakarta.validation-api/3.0.2/jakarta.validation-api-3.0.2.jar:/home/runner/.m2/repository/com/github/dasniko/testcontainers-keycloak/3.6.0/testcontainers-keycloak-3.6.0.jar:/home/runner/.m2/repository/org/testcontainers/testcontainers/1.20.1/testcontainers-1.20.1.jar:/home/runner/.m2/repository/org/rnorth/duct-tape/duct-tape/1.0.8/duct-tape-1.0.8.jar:/home/runner/.m2/repository/org/jetbrains/annotations/24.1.0/annotations-24.1.0.jar:/home/runner/.m2/repository/com/github/docker-java/docker-java-transport-zerodep/3.4.0/docker-java-transport-zerodep-3.4.0.jar:/home/runner/.m2/repository/com/github/docker-java/docker-java-transport/3.4.0/docker-java-transport-3.4.0.jar:/home/runner/.m2/repository/net/java/dev/jna/jna/5.8.0/jna-5.8.0.jar:/home/runner/.m2/repository/io/quarkus/quarkus-junit4-mock/3.15.4/quarkus-junit4-mock-3.15.4.jar:/home/runner/.m2/repository/org/jboss/shrinkwrap/shrinkwrap-api/2.0.0-beta-2/shrinkwrap-api-2.0.0-beta-2.jar:/home/runner/.m2/repository/org/jboss/shrinkwrap/shrinkwrap-impl-base/2.0.0-beta-2/shrinkwrap-impl-base-2.0.0-beta-2.jar:/home/runner/.m2/repository/org/jboss/shrinkwrap/shrinkwrap-spi/2.0.0-beta-2/shrinkwrap-spi-2.0.0-beta-2.jar:/home/runner/.m2/repository/org/keycloak/keycloak-admin-client/25.0.6/keycloak-admin-client-25.0.6.jar:/home/runner/.m2/repository/org/keycloak/keycloak-core/25.0.6/keycloak-core-25.0.6.jar:/home/runner/.m2/repository/org/keycloak/keycloak-common/25.0.6/keycloak-common-25.0.6.jar:/home/runner/.m2/repository/org/jboss/resteasy/resteasy-client/6.2.9.Final/resteasy-client-6.2.9.Final.jar:/home/runner/.m2/repository/org/jboss/resteasy/resteasy-client-api/6.2.9.Final/resteasy-client-api-6.2.9.Final.jar:/home/runner/.m2/repository/org/jboss/resteasy/resteasy-core-spi/6.2.9.Final/resteasy-core-spi-6.2.9.Final.jar:/home/runner/.m2/repository/org/jboss/resteasy/resteasy-core/6.2.9.Final/resteasy-core-6.2.9.Final.jar:/home/runner/.m2/repository/org/eclipse/angus/angus-activation/2.0.2/angus-activation-2.0.2.jar:/home/runner/.m2/repository/com/ibm/async/asyncutil/0.1.0/asyncutil-0.1.0.jar:/home/runner/.m2/repository/org/reactivestreams/reactive-streams/1.0.4/reactive-streams-1.0.4.jar:/home/runner/.m2/repository/org/jboss/resteasy/resteasy-multipart-provider/6.2.9.Final/resteasy-multipart-provider-6.2.9.Final.jar:/home/runner/.m2/repository/jakarta/mail/jakarta.mail-api/2.1.2/jakarta.mail-api-2.1.2.jar:/home/runner/.m2/repository/org/eclipse/angus/angus-mail/2.0.3/angus-mail-2.0.3.jar:/home/runner/.m2/repository/org/apache/james/apache-mime4j-dom/0.8.11/apache-mime4j-dom-0.8.11.jar:/home/runner/.m2/repository/org/apache/james/apache-mime4j-core/0.8.11/apache-mime4j-core-0.8.11.jar:/home/runner/.m2/repository/org/apache/james/apache-mime4j-storage/0.8.11/apache-mime4j-storage-0.8.11.jar:/home/runner/.m2/repository/org/jboss/resteasy/resteasy-jackson2-provider/6.2.9.Final/resteasy-jackson2-provider-6.2.9.Final.jar:/home/runner/.m2/repository/com/fasterxml/jackson/jakarta/rs/jackson-jakarta-rs-base/2.17.2/jackson-jakarta-rs-base-2.17.2.jar:/home/runner/.m2/repository/com/fasterxml/jackson/jakarta/rs/jackson-jakarta-rs-json-provider/2.17.2/jackson-jakarta-rs-json-provider-2.17.2.jar:/home/runner/.m2/repository/com/fasterxml/jackson/module/jackson-module-jakarta-xmlbind-annotations/2.17.2/jackson-module-jakarta-xmlbind-annotations-2.17.2.jar:/home/runner/.m2/repository/com/github/java-json-tools/json-patch/1.13/json-patch-1.13.jar:/home/runner/.m2/repository/com/github/java-json-tools/msg-simple/1.2/msg-simple-1.2.jar:/home/runner/.m2/repository/com/github/java-json-tools/btf/1.3/btf-1.3.jar:/home/runner/.m2/repository/com/github/java-json-tools/jackson-coreutils/2.0/jackson-coreutils-2.0.jar:/home/runner/.m2/repository/org/jboss/resteasy/resteasy-jaxb-provider/6.2.9.Final/resteasy-jaxb-provider-6.2.9.Final.jar:/home/runner/.m2/repository/org/glassfish/jaxb/codemodel/4.0.3/codemodel-4.0.3.jar:/home/runner/.m2/repository/org/glassfish/jaxb/jaxb-core/4.0.5/jaxb-core-4.0.5.jar:/home/runner/.m2/repository/org/glassfish/jaxb/jaxb-jxc/4.0.3/jaxb-jxc-4.0.3.jar:/home/runner/.m2/repository/org/glassfish/jaxb/jaxb-runtime/4.0.5/jaxb-runtime-4.0.5.jar:/home/runner/.m2/repository/org/glassfish/jaxb/txw2/4.0.5/txw2-4.0.5.jar:/home/runner/.m2/repository/org/glassfish/jaxb/jaxb-xjc/4.0.3/jaxb-xjc-4.0.3.jar:/home/runner/.m2/repository/org/glassfish/jaxb/xsom/4.0.3/xsom-4.0.3.jar:/home/runner/.m2/repository/com/sun/istack/istack-commons-runtime/4.1.2/istack-commons-runtime-4.1.2.jar:/home/runner/.m2/repository/com/sun/istack/istack-commons-tools/4.1.2/istack-commons-tools-4.1.2.jar:/home/runner/.m2/repository/com/sun/xml/bind/external/relaxng-datatype/4.0.3/relaxng-datatype-4.0.3.jar:/home/runner/.m2/repository/com/sun/xml/bind/external/rngom/4.0.3/rngom-4.0.3.jar:/home/runner/.m2/repository/org/testcontainers/mssqlserver/1.20.1/mssqlserver-1.20.1.jar:/home/runner/.m2/repository/org/testcontainers/jdbc/1.20.1/jdbc-1.20.1.jar:/home/runner/.m2/repository/org/testcontainers/database-commons/1.20.1/database-commons-1.20.1.jar:/home/runner/.m2/repository/org/testcontainers/mysql/1.20.1/mysql-1.20.1.jar:/home/runner/.m2/repository/io/strimzi/strimzi-test-container/0.107.0/strimzi-test-container-0.107.0.jar:/home/runner/.m2/repository/org/testcontainers/toxiproxy/1.20.1/toxiproxy-1.20.1.jar:/home/runner/.m2/repository/com/github/docker-java/docker-java-api/3.4.0/docker-java-api-3.4.0.jar:/home/runner/.m2/repository/eu/rekawek/toxiproxy/toxiproxy-java/2.1.7/toxiproxy-java-2.1.7.jar:/home/runner/.m2/repository/junit/junit/4.13.2/junit-4.13.2.jar:/home/runner/.m2/repository/org/hamcrest/hamcrest-core/1.3/hamcrest-core-1.3.jar:/home/runner/.m2/repository/org/testcontainers/pulsar/1.20.4/pulsar-1.20.4.jar:/home/runner/.m2/repository/io/debezium/debezium-testing-testcontainers/2.6.2.Final/debezium-testing-testcontainers-2.6.2.Final.jar:/home/runner/.m2/repository/org/testcontainers/kafka/1.20.1/kafka-1.20.1.jar:/home/runner/.m2/repository/com/squareup/okhttp3/okhttp/4.8.1/okhttp-4.8.1.jar:/home/runner/.m2/repository/com/squareup/okio/okio/3.10.2/okio-3.10.2.jar:/home/runner/.m2/repository/com/squareup/okio/okio-jvm/3.10.2/okio-jvm-3.10.2.jar:/home/runner/.m2/repository/org/jetbrains/kotlin/kotlin-stdlib/2.0.10/kotlin-stdlib-2.0.10.jar:/home/runner/.m2/repository/org/awaitility/awaitility/4.2.2/awaitility-4.2.2.jar:/home/runner/.m2/repository/org/testcontainers/mongodb/1.20.1/mongodb-1.20.1.jar:/home/runner/.m2/repository/org/testcontainers/oracle-xe/1.20.1/oracle-xe-1.20.1.jar:/home/runner/.m2/repository/org/testcontainers/postgresql/1.20.1/postgresql-1.20.1.jar:/home/runner/.m2/repository/org/wiremock/wiremock/3.0.1/wiremock-3.0.1.jar:/home/runner/.m2/repository/org/eclipse/jetty/jetty-server/11.0.15/jetty-server-11.0.15.jar:/home/runner/.m2/repository/org/eclipse/jetty/toolchain/jetty-jakarta-servlet-api/5.0.2/jetty-jakarta-servlet-api-5.0.2.jar:/home/runner/.m2/repository/org/eclipse/jetty/jetty-http/11.0.15/jetty-http-11.0.15.jar:/home/runner/.m2/repository/org/eclipse/jetty/jetty-io/11.0.15/jetty-io-11.0.15.jar:/home/runner/.m2/repository/org/eclipse/jetty/jetty-servlet/11.0.15/jetty-servlet-11.0.15.jar:/home/runner/.m2/repository/org/eclipse/jetty/jetty-security/11.0.15/jetty-security-11.0.15.jar:/home/runner/.m2/repository/org/eclipse/jetty/jetty-servlets/11.0.15/jetty-servlets-11.0.15.jar:/home/runner/.m2/repository/org/eclipse/jetty/jetty-util/11.0.15/jetty-util-11.0.15.jar:/home/runner/.m2/repository/org/eclipse/jetty/jetty-webapp/11.0.15/jetty-webapp-11.0.15.jar:/home/runner/.m2/repository/org/eclipse/jetty/jetty-xml/11.0.15/jetty-xml-11.0.15.jar:/home/runner/.m2/repository/org/eclipse/jetty/jetty-proxy/11.0.15/jetty-proxy-11.0.15.jar:/home/runner/.m2/repository/org/eclipse/jetty/jetty-client/11.0.15/jetty-client-11.0.15.jar:/home/runner/.m2/repository/org/eclipse/jetty/http2/http2-server/11.0.15/http2-server-11.0.15.jar:/home/runner/.m2/repository/org/eclipse/jetty/http2/http2-common/11.0.15/http2-common-11.0.15.jar:/home/runner/.m2/repository/org/eclipse/jetty/http2/http2-hpack/11.0.15/http2-hpack-11.0.15.jar:/home/runner/.m2/repository/org/eclipse/jetty/jetty-alpn-server/11.0.15/jetty-alpn-server-11.0.15.jar:/home/runner/.m2/repository/org/eclipse/jetty/jetty-alpn-java-server/11.0.15/jetty-alpn-java-server-11.0.15.jar:/home/runner/.m2/repository/org/eclipse/jetty/jetty-alpn-java-client/11.0.15/jetty-alpn-java-client-11.0.15.jar:/home/runner/.m2/repository/org/eclipse/jetty/jetty-alpn-client/11.0.15/jetty-alpn-client-11.0.15.jar:/home/runner/.m2/repository/org/apache/httpcomponents/client5/httpclient5/5.2.1/httpclient5-5.2.1.jar:/home/runner/.m2/repository/org/apache/httpcomponents/core5/httpcore5/5.2/httpcore5-5.2.jar:/home/runner/.m2/repository/org/apache/httpcomponents/core5/httpcore5-h2/5.2/httpcore5-h2-5.2.jar:/home/runner/.m2/repository/org/xmlunit/xmlunit-core/2.9.1/xmlunit-core-2.9.1.jar:/home/runner/.m2/repository/jakarta/xml/bind/jakarta.xml.bind-api/4.0.2/jakarta.xml.bind-api-4.0.2.jar:/home/runner/.m2/repository/jakarta/activation/jakarta.activation-api/2.1.3/jakarta.activation-api-2.1.3.jar:/home/runner/.m2/repository/org/xmlunit/xmlunit-legacy/2.9.1/xmlunit-legacy-2.9.1.jar:/home/runner/.m2/repository/org/xmlunit/xmlunit-placeholders/2.9.1/xmlunit-placeholders-2.9.1.jar:/home/runner/.m2/repository/net/javacrumbs/json-unit/json-unit-core/2.38.0/json-unit-core-2.38.0.jar:/home/runner/.m2/repository/com/jayway/jsonpath/json-path/2.8.0/json-path-2.8.0.jar:/home/runner/.m2/repository/net/minidev/json-smart/2.4.10/json-smart-2.4.10.jar:/home/runner/.m2/repository/net/minidev/accessors-smart/2.4.9/accessors-smart-2.4.9.jar:/home/runner/.m2/repository/org/ow2/asm/asm/9.7/asm-9.7.jar:/home/runner/.m2/repository/net/sf/jopt-simple/jopt-simple/5.0.4/jopt-simple-5.0.4.jar:/home/runner/.m2/repository/com/github/jknack/handlebars/4.3.1/handlebars-4.3.1.jar:/home/runner/.m2/repository/com/github/jknack/handlebars-helpers/4.3.1/handlebars-helpers-4.3.1.jar:/home/runner/.m2/repository/commons-fileupload/commons-fileupload/1.5/commons-fileupload-1.5.jar:/home/runner/.m2/repository/com/networknt/json-schema-validator/1.5.5/json-schema-validator-1.5.5.jar:/home/runner/.m2/repository/com/ethlo/time/itu/1.10.3/itu-1.10.3.jar:/home/runner/.m2/repository/io/quarkus/quarkus-smallrye-jwt-build/3.15.4/quarkus-smallrye-jwt-build-3.15.4.jar:/home/runner/.m2/repository/io/smallrye/smallrye-jwt-build/4.5.3/smallrye-jwt-build-4.5.3.jar:/home/runner/.m2/repository/org/eclipse/microprofile/jwt/microprofile-jwt-auth-api/2.1/microprofile-jwt-auth-api-2.1.jar:/home/runner/.m2/repository/org/bitbucket/b_c/jose4j/0.9.6/jose4j-0.9.6.jar:/home/runner/.m2/repository/io/smallrye/smallrye-jwt-common/4.5.3/smallrye-jwt-common-4.5.3.jar:/home/runner/.m2/repository/io/quarkus/quarkus-jsonp/3.15.4/quarkus-jsonp-3.15.4.jar:/home/runner/.m2/repository/io/quarkus/quarkus-arc/3.15.4/quarkus-arc-3.15.4.jar:/home/runner/.m2/repository/io/quarkus/arc/arc/3.15.4/arc-3.15.4.jar:/home/runner/.m2/repository/jakarta/transaction/jakarta.transaction-api/2.0.1/jakarta.transaction-api-2.0.1.jar:/home/runner/.m2/repository/io/smallrye/reactive/mutiny/2.6.2/mutiny-2.6.2.jar:/home/runner/.m2/repository/org/jctools/jctools-core/4.0.5/jctools-core-4.0.5.jar:/home/runner/.m2/repository/org/eclipse/microprofile/context-propagation/microprofile-context-propagation-api/1.3/microprofile-context-propagation-api-1.3.jar:/home/runner/.m2/repository/io/apicurio/apicurio-common-rest-client-common/0.1.18.Final/apicurio-common-rest-client-common-0.1.18.Final.jar:/home/runner/work/apicurio-testing/apicurio-testing/clusters/ci419/namespaces/postgresql/tests/integration/apicurio-registry/utils/maven-plugin/target/apicurio-registry-maven-plugin-3.0.9.jar:/home/runner/.m2/repository/com/fasterxml/jackson/core/jackson-databind/2.17.2/jackson-databind-2.17.2.jar:/home/runner/.m2/repository/org/apache/avro/avro/1.12.0/avro-1.12.0.jar:/home/runner/.m2/repository/com/google/protobuf/protobuf-java/3.25.8/protobuf-java-3.25.8.jar:/home/runner/.m2/repository/com/google/protobuf/protobuf-java-util/3.25.8/protobuf-java-util-3.25.8.jar:/home/runner/.m2/repository/com/google/code/findbugs/jsr305/3.0.2/jsr305-3.0.2.jar:/home/runner/.m2/repository/com/google/code/gson/gson/2.11.0/gson-2.11.0.jar:/home/runner/.m2/repository/com/google/errorprone/error_prone_annotations/2.30.0/error_prone_annotations-2.30.0.jar:/home/runner/.m2/repository/com/google/j2objc/j2objc-annotations/2.8/j2objc-annotations-2.8.jar:/home/runner/work/apicurio-testing/apicurio-testing/clusters/ci419/namespaces/postgresql/tests/integration/apicurio-registry/schema-util/util-provider/target/apicurio-registry-schema-util-provider-3.0.9.jar:/home/runner/work/apicurio-testing/apicurio-testing/clusters/ci419/namespaces/postgresql/tests/integration/apicurio-registry/schema-util/common/target/apicurio-registry-schema-util-common-3.0.9.jar:/home/runner/.m2/repository/com/fasterxml/jackson/module/jackson-module-parameter-names/2.17.2/jackson-module-parameter-names-2.17.2.jar:/home/runner/.m2/repository/com/fasterxml/jackson/datatype/jackson-datatype-json-org/2.18.2/jackson-datatype-json-org-2.18.2.jar:/home/runner/work/apicurio-testing/apicurio-testing/clusters/ci419/namespaces/postgresql/tests/integration/apicurio-registry/schema-util/json/target/apicurio-registry-schema-util-json-3.0.9.jar:/home/runner/.m2/repository/com/github/erosb/everit-json-schema/1.14.5/everit-json-schema-1.14.5.jar:/home/runner/.m2/repository/commons-validator/commons-validator/1.9.0/commons-validator-1.9.0.jar:/home/runner/.m2/repository/commons-digester/commons-digester/2.1/commons-digester-2.1.jar:/home/runner/.m2/repository/commons-collections/commons-collections/3.2.2/commons-collections-3.2.2.jar:/home/runner/.m2/repository/com/damnhandy/handy-uri-templates/2.1.8/handy-uri-templates-2.1.8.jar:/home/runner/.m2/repository/joda-time/joda-time/2.10.2/joda-time-2.10.2.jar:/home/runner/.m2/repository/com/github/erosb/json-sKema/0.20.0/json-sKema-0.20.0.jar:/home/runner/.m2/repository/io/vertx/vertx-json-schema/4.5.13/vertx-json-schema-4.5.13.jar:/home/runner/work/apicurio-testing/apicurio-testing/clusters/ci419/namespaces/postgresql/tests/integration/apicurio-registry/schema-util/protobuf/target/apicurio-registry-schema-util-protobuf-3.0.9.jar:/home/runner/work/apicurio-testing/apicurio-testing/clusters/ci419/namespaces/postgresql/tests/integration/apicurio-registry/utils/protobuf-schema-utilities/target/apicurio-registry-protobuf-schema-utilities-3.0.9.jar:/home/runner/.m2/repository/com/google/api/grpc/proto-google-common-protos/2.52.0/proto-google-common-protos-2.52.0.jar:/home/runner/.m2/repository/com/squareup/wire/wire-schema-jvm/5.1.0/wire-schema-jvm-5.1.0.jar:/home/runner/.m2/repository/com/squareup/javapoet/1.13.0/javapoet-1.13.0.jar:/home/runner/.m2/repository/com/squareup/kotlinpoet-jvm/1.18.1/kotlinpoet-jvm-1.18.1.jar:/home/runner/.m2/repository/org/jetbrains/kotlin/kotlin-reflect/2.0.10/kotlin-reflect-2.0.10.jar:/home/runner/.m2/repository/com/squareup/wire/wire-runtime-jvm/5.1.0/wire-runtime-jvm-5.1.0.jar:/home/runner/.m2/repository/com/ibm/icu/icu4j/76.1/icu4j-76.1.jar:/home/runner/.m2/repository/com/squareup/okio/okio-fakefilesystem/3.10.2/okio-fakefilesystem-3.10.2.jar:/home/runner/.m2/repository/com/squareup/okio/okio-fakefilesystem-jvm/3.10.2/okio-fakefilesystem-jvm-3.10.2.jar:/home/runner/.m2/repository/org/jetbrains/kotlinx/kotlinx-datetime-jvm/0.6.1/kotlinx-datetime-jvm-0.6.1.jar:/home/runner/work/apicurio-testing/apicurio-testing/clusters/ci419/namespaces/postgresql/tests/integration/apicurio-registry/schema-util/asyncapi/target/apicurio-registry-schema-util-asyncapi-3.0.9.jar:/home/runner/work/apicurio-testing/apicurio-testing/clusters/ci419/namespaces/postgresql/tests/integration/apicurio-registry/schema-util/avro/target/apicurio-registry-schema-util-avro-3.0.9.jar:/home/runner/work/apicurio-testing/apicurio-testing/clusters/ci419/namespaces/postgresql/tests/integration/apicurio-registry/schema-util/graphql/target/apicurio-registry-schema-util-graphql-3.0.9.jar:/home/runner/.m2/repository/com/graphql-java/graphql-java/22.3/graphql-java-22.3.jar:/home/runner/.m2/repository/com/graphql-java/java-dataloader/3.3.0/java-dataloader-3.3.0.jar:/home/runner/work/apicurio-testing/apicurio-testing/clusters/ci419/namespaces/postgresql/tests/integration/apicurio-registry/schema-util/kconnect/target/apicurio-registry-schema-util-kconnect-3.0.9.jar:/home/runner/work/apicurio-testing/apicurio-testing/clusters/ci419/namespaces/postgresql/tests/integration/apicurio-registry/schema-util/openapi/target/apicurio-registry-schema-util-openapi-3.0.9.jar:/home/runner/.m2/repository/io/apicurio/apicurio-data-models/2.2.1/apicurio-data-models-2.2.1.jar:/home/runner/.m2/repository/org/openapitools/openapidiff/openapi-diff-core/2.0.1/openapi-diff-core-2.0.1.jar:/home/runner/.m2/repository/io/swagger/parser/v3/swagger-parser/2.0.28/swagger-parser-2.0.28.jar:/home/runner/.m2/repository/io/swagger/parser/v3/swagger-parser-v2-converter/2.0.28/swagger-parser-v2-converter-2.0.28.jar:/home/runner/.m2/repository/io/swagger/swagger-core/1.6.3/swagger-core-1.6.3.jar:/home/runner/.m2/repository/io/swagger/swagger-models/1.6.3/swagger-models-1.6.3.jar:/home/runner/.m2/repository/io/swagger/swagger-annotations/1.6.3/swagger-annotations-1.6.3.jar:/home/runner/.m2/repository/io/swagger/swagger-parser/1.0.56/swagger-parser-1.0.56.jar:/home/runner/.m2/repository/io/swagger/swagger-compat-spec-parser/1.0.56/swagger-compat-spec-parser-1.0.56.jar:/home/runner/.m2/repository/com/github/java-json-tools/json-schema-validator/2.2.14/json-schema-validator-2.2.14.jar:/home/runner/.m2/repository/com/github/java-json-tools/jackson-coreutils-equivalence/1.0/jackson-coreutils-equivalence-1.0.jar:/home/runner/.m2/repository/com/github/java-json-tools/json-schema-core/1.2.14/json-schema-core-1.2.14.jar:/home/runner/.m2/repository/com/github/java-json-tools/uri-template/0.10/uri-template-0.10.jar:/home/runner/.m2/repository/com/sun/mail/mailapi/1.6.2/mailapi-1.6.2.jar:/home/runner/.m2/repository/com/googlecode/libphonenumber/libphonenumber/8.11.1/libphonenumber-8.11.1.jar:/home/runner/.m2/repository/com/j2html/j2html/1.5.0/j2html-1.5.0.jar:/home/runner/.m2/repository/org/apache/commons/commons-collections4/4.4/commons-collections4-4.4.jar:/home/runner/.m2/repository/commons-httpclient/commons-httpclient/3.1/commons-httpclient-3.1.jar:/home/runner/.m2/repository/io/swagger/parser/v3/swagger-parser-v3/2.1.25/swagger-parser-v3-2.1.25.jar:/home/runner/.m2/repository/io/swagger/core/v3/swagger-models/2.2.28/swagger-models-2.2.28.jar:/home/runner/.m2/repository/io/swagger/core/v3/swagger-core/2.2.28/swagger-core-2.2.28.jar:/home/runner/.m2/repository/io/swagger/parser/v3/swagger-parser-core/2.1.25/swagger-parser-core-2.1.25.jar:/home/runner/.m2/repository/io/swagger/parser/v3/swagger-parser-safe-url-resolver/2.1.25/swagger-parser-safe-url-resolver-2.1.25.jar:/home/runner/work/apicurio-testing/apicurio-testing/clusters/ci419/namespaces/postgresql/tests/integration/apicurio-registry/schema-util/wsdl/target/apicurio-registry-schema-util-wsdl-3.0.9.jar:/home/runner/.m2/repository/wsdl4j/wsdl4j/1.6.3/wsdl4j-1.6.3.jar:/home/runner/work/apicurio-testing/apicurio-testing/clusters/ci419/namespaces/postgresql/tests/integration/apicurio-registry/schema-util/xml/target/apicurio-registry-schema-util-xml-3.0.9.jar:/home/runner/.m2/repository/org/apache/santuario/xmlsec/4.0.3/xmlsec-4.0.3.jar:/home/runner/.m2/repository/com/fasterxml/woodstox/woodstox-core/7.1.0/woodstox-core-7.1.0.jar:/home/runner/.m2/repository/org/codehaus/woodstox/stax2-api/4.2.2/stax2-api-4.2.2.jar:/home/runner/work/apicurio-testing/apicurio-testing/clusters/ci419/namespaces/postgresql/tests/integration/apicurio-registry/schema-util/xsd/target/apicurio-registry-schema-util-xsd-3.0.9.jar:/home/runner/work/apicurio-testing/apicurio-testing/clusters/ci419/namespaces/postgresql/tests/integration/apicurio-registry/serdes/kafka/jsonschema-serde/target/apicurio-registry-jsonschema-serde-kafka-3.0.9.jar:/home/runner/work/apicurio-testing/apicurio-testing/clusters/ci419/namespaces/postgresql/tests/integration/apicurio-registry/serdes/kafka/serde-kafka-common/target/apicurio-registry-serde-kafka-common-3.0.9.jar:/home/runner/work/apicurio-testing/apicurio-testing/clusters/ci419/namespaces/postgresql/tests/integration/apicurio-registry/serdes/generic/serde-common/target/apicurio-registry-serde-common-3.0.9.jar:/home/runner/work/apicurio-testing/apicurio-testing/clusters/ci419/namespaces/postgresql/tests/integration/apicurio-registry/schema-resolver/target/apicurio-registry-schema-resolver-3.0.9.jar:/home/runner/work/apicurio-testing/apicurio-testing/clusters/ci419/namespaces/postgresql/tests/integration/apicurio-registry/serdes/generic/serde-common-jsonschema/target/apicurio-registry-serde-common-jsonschema-3.0.9.jar:/home/runner/.m2/repository/org/json/json/20250107/json-20250107.jar:/home/runner/work/apicurio-testing/apicurio-testing/clusters/ci419/namespaces/postgresql/tests/integration/apicurio-registry/serdes/kafka/avro-serde/target/apicurio-registry-avro-serde-kafka-3.0.9.jar:/home/runner/work/apicurio-testing/apicurio-testing/clusters/ci419/namespaces/postgresql/tests/integration/apicurio-registry/serdes/generic/serde-common-avro/target/apicurio-registry-serde-common-avro-3.0.9.jar:/home/runner/work/apicurio-testing/apicurio-testing/clusters/ci419/namespaces/postgresql/tests/integration/apicurio-registry/serdes/kafka/protobuf-serde/target/apicurio-registry-protobuf-serde-kafka-3.0.9.jar:/home/runner/work/apicurio-testing/apicurio-testing/clusters/ci419/namespaces/postgresql/tests/integration/apicurio-registry/serdes/generic/serde-common-protobuf/target/apicurio-registry-serde-common-protobuf-3.0.9.jar:/home/runner/.m2/repository/com/squareup/wire/wire-schema/5.1.0/wire-schema-5.1.0.jar:/home/runner/.m2/repository/com/squareup/wire/wire-runtime/5.1.0/wire-runtime-5.1.0.jar:/home/runner/work/apicurio-testing/apicurio-testing/clusters/ci419/namespaces/postgresql/tests/integration/apicurio-registry/serdes/pulsar/avro-serde/target/apicurio-registry-avro-serde-pulsar-3.0.9.jar:/home/runner/.m2/repository/org/apache/pulsar/pulsar-functions-api/3.3.4/pulsar-functions-api-3.3.4.jar:/home/runner/work/apicurio-testing/apicurio-testing/clusters/ci419/namespaces/postgresql/tests/integration/apicurio-registry/serdes/nats/avro-serde/target/apicurio-registry-avro-serde-nats-3.0.9.jar:/home/runner/.m2/repository/io/nats/jnats/2.20.5/jnats-2.20.5.jar:/home/runner/.m2/repository/net/i2p/crypto/eddsa/0.3.0/eddsa-0.3.0.jar:/home/runner/work/apicurio-testing/apicurio-testing/clusters/ci419/namespaces/postgresql/tests/integration/apicurio-registry/utils/converter/target/apicurio-registry-utils-converter-3.0.9.jar:/home/runner/.m2/repository/org/apache/kafka/connect-api/3.9.1/connect-api-3.9.1.jar:/home/runner/.m2/repository/javax/ws/rs/javax.ws.rs-api/2.1.1/javax.ws.rs-api-2.1.1.jar:/home/runner/.m2/repository/org/apache/kafka/connect-json/3.9.1/connect-json-3.9.1.jar:/home/runner/.m2/repository/com/fasterxml/jackson/datatype/jackson-datatype-jdk8/2.17.2/jackson-datatype-jdk8-2.17.2.jar:/home/runner/.m2/repository/com/fasterxml/jackson/module/jackson-module-afterburner/2.17.2/jackson-module-afterburner-2.17.2.jar:/home/runner/work/apicurio-testing/apicurio-testing/clusters/ci419/namespaces/postgresql/tests/integration/apicurio-registry/utils/kafka/target/apicurio-registry-utils-kafka-3.0.9.jar:/home/runner/.m2/repository/org/apache/pulsar/pulsar-client/3.3.4/pulsar-client-3.3.4.jar:/home/runner/.m2/repository/org/apache/pulsar/pulsar-client-api/3.3.4/pulsar-client-api-3.3.4.jar:/home/runner/.m2/repository/org/apache/pulsar/pulsar-client-admin-api/3.3.4/pulsar-client-admin-api-3.3.4.jar:/home/runner/.m2/repository/org/apache/pulsar/bouncy-castle-bc/3.3.4/bouncy-castle-bc-3.3.4-pkg.jar:/home/runner/.m2/repository/org/bouncycastle/bcpkix-jdk18on/1.78.1/bcpkix-jdk18on-1.78.1.jar:/home/runner/.m2/repository/org/bouncycastle/bcutil-jdk18on/1.78.1/bcutil-jdk18on-1.78.1.jar:/home/runner/.m2/repository/org/bouncycastle/bcprov-jdk18on/1.78.1/bcprov-jdk18on-1.78.1.jar:/home/runner/.m2/repository/io/opentelemetry/opentelemetry-api/1.39.0/opentelemetry-api-1.39.0.jar:/home/runner/.m2/repository/io/opentelemetry/opentelemetry-context/1.39.0/opentelemetry-context-1.39.0.jar:/home/runner/.m2/repository/io/opentelemetry/opentelemetry-api-incubator/1.39.0-alpha/opentelemetry-api-incubator-1.39.0-alpha.jar:/home/runner/.m2/repository/com/fasterxml/jackson/core/jackson-annotations/2.17.2/jackson-annotations-2.17.2.jar:/home/runner/.m2/repository/javax/validation/validation-api/1.1.0.Final/validation-api-1.1.0.Final.jar:/home/runner/.m2/repository/io/confluent/kafka-avro-serializer/7.9.0/kafka-avro-serializer-7.9.0.jar:/home/runner/.m2/repository/org/apache/commons/commons-compress/1.27.0/commons-compress-1.27.0.jar:/home/runner/.m2/repository/io/confluent/kafka-schema-serializer/7.9.0/kafka-schema-serializer-7.9.0.jar:/home/runner/.m2/repository/com/fasterxml/jackson/dataformat/jackson-dataformat-csv/2.17.2/jackson-dataformat-csv-2.17.2.jar:/home/runner/.m2/repository/io/confluent/kafka-schema-registry-client/7.9.0/kafka-schema-registry-client-7.9.0.jar:/home/runner/.m2/repository/org/yaml/snakeyaml/2.2/snakeyaml-2.2.jar:/home/runner/.m2/repository/io/swagger/core/v3/swagger-annotations/2.1.10/swagger-annotations-2.1.10.jar:/home/runner/.m2/repository/com/google/guava/guava/33.2.1-jre/guava-33.2.1-jre.jar:/home/runner/.m2/repository/com/google/guava/failureaccess/1.0.1/failureaccess-1.0.1.jar:/home/runner/.m2/repository/org/checkerframework/checker-qual/3.46.0/checker-qual-3.46.0.jar:/home/runner/.m2/repository/io/confluent/logredactor/1.0.12/logredactor-1.0.12.jar:/home/runner/.m2/repository/com/google/re2j/re2j/1.6/re2j-1.6.jar:/home/runner/.m2/repository/io/confluent/logredactor-metrics/1.0.12/logredactor-metrics-1.0.12.jar:/home/runner/.m2/repository/com/eclipsesource/minimal-json/minimal-json/0.9.5/minimal-json-0.9.5.jar:/home/runner/.m2/repository/io/confluent/common-utils/7.9.0/common-utils-7.9.0.jar:/home/runner/.m2/repository/io/confluent/kafka-connect-avro-converter/7.9.0/kafka-connect-avro-converter-7.9.0.jar:/home/runner/.m2/repository/io/confluent/kafka-connect-avro-data/7.9.0/kafka-connect-avro-data-7.9.0.jar:/home/runner/.m2/repository/io/confluent/kafka-schema-converter/7.9.0/kafka-schema-converter-7.9.0.jar:/home/runner/.m2/repository/io/rest-assured/rest-assured/5.5.0/rest-assured-5.5.0.jar:/home/runner/.m2/repository/org/apache/groovy/groovy/4.0.22/groovy-4.0.22.jar:/home/runner/.m2/repository/org/apache/groovy/groovy-xml/4.0.22/groovy-xml-4.0.22.jar:/home/runner/.m2/repository/org/apache/httpcomponents/httpclient/4.5.14/httpclient-4.5.14.jar:/home/runner/.m2/repository/org/apache/httpcomponents/httpcore/4.4.16/httpcore-4.4.16.jar:/home/runner/.m2/repository/org/apache/httpcomponents/httpmime/4.5.14/httpmime-4.5.14.jar:/home/runner/.m2/repository/org/hamcrest/hamcrest/2.2/hamcrest-2.2.jar:/home/runner/.m2/repository/org/ccil/cowan/tagsoup/tagsoup/1.2.1/tagsoup-1.2.1.jar:/home/runner/.m2/repository/io/rest-assured/json-path/5.5.0/json-path-5.5.0.jar:/home/runner/.m2/repository/org/apache/groovy/groovy-json/4.0.22/groovy-json-4.0.22.jar:/home/runner/.m2/repository/io/rest-assured/rest-assured-common/5.5.0/rest-assured-common-5.5.0.jar:/home/runner/.m2/repository/io/rest-assured/xml-path/5.5.0/xml-path-5.5.0.jar:/home/runner/.m2/repository/io/zonky/test/embedded-postgres/2.1.0/embedded-postgres-2.1.0.jar:/home/runner/.m2/repository/io/zonky/test/postgres/embedded-postgres-binaries-windows-amd64/14.15.0/embedded-postgres-binaries-windows-amd64-14.15.0.jar:/home/runner/.m2/repository/io/zonky/test/postgres/embedded-postgres-binaries-darwin-amd64/14.15.0/embedded-postgres-binaries-darwin-amd64-14.15.0.jar:/home/runner/.m2/repository/io/zonky/test/postgres/embedded-postgres-binaries-linux-amd64/14.15.0/embedded-postgres-binaries-linux-amd64-14.15.0.jar:/home/runner/.m2/repository/io/zonky/test/postgres/embedded-postgres-binaries-linux-amd64-alpine/14.15.0/embedded-postgres-binaries-linux-amd64-alpine-14.15.0.jar:/home/runner/.m2/repository/org/apache/commons/commons-lang3/3.14.0/commons-lang3-3.14.0.jar:/home/runner/.m2/repository/org/tukaani/xz/1.10/xz-1.10.jar:/home/runner/.m2/repository/commons-codec/commons-codec/1.18.0/commons-codec-1.18.0.jar:/home/runner/.m2/repository/org/postgresql/postgresql/42.7.4/postgresql-42.7.4.jar:/home/runner/.m2/repository/commons-io/commons-io/2.16.1/commons-io-2.16.1.jar:/home/runner/work/apicurio-testing/apicurio-testing/clusters/ci419/namespaces/postgresql/tests/integration/apicurio-registry/utils/importexport/target/apicurio-registry-utils-import-export-3.0.9.jar:/home/runner/.m2/repository/io/vertx/vertx-core/4.5.13/vertx-core-4.5.13.jar:/home/runner/.m2/repository/io/netty/netty-common/4.1.118.Final/netty-common-4.1.118.Final.jar:/home/runner/.m2/repository/io/netty/netty-buffer/4.1.118.Final/netty-buffer-4.1.118.Final.jar:/home/runner/.m2/repository/io/netty/netty-transport/4.1.118.Final/netty-transport-4.1.118.Final.jar:/home/runner/.m2/repository/io/netty/netty-handler/4.1.118.Final/netty-handler-4.1.118.Final.jar:/home/runner/.m2/repository/io/netty/netty-transport-native-unix-common/4.1.118.Final/netty-transport-native-unix-common-4.1.118.Final.jar:/home/runner/.m2/repository/io/netty/netty-codec/4.1.118.Final/netty-codec-4.1.118.Final.jar:/home/runner/.m2/repository/io/netty/netty-handler-proxy/4.1.118.Final/netty-handler-proxy-4.1.118.Final.jar:/home/runner/.m2/repository/io/netty/netty-codec-socks/4.1.118.Final/netty-codec-socks-4.1.118.Final.jar:/home/runner/.m2/repository/io/netty/netty-codec-http/4.1.118.Final/netty-codec-http-4.1.118.Final.jar:/home/runner/.m2/repository/io/netty/netty-codec-http2/4.1.118.Final/netty-codec-http2-4.1.118.Final.jar:/home/runner/.m2/repository/io/netty/netty-resolver/4.1.118.Final/netty-resolver-4.1.118.Final.jar:/home/runner/.m2/repository/io/netty/netty-resolver-dns/4.1.118.Final/netty-resolver-dns-4.1.118.Final.jar:/home/runner/.m2/repository/io/netty/netty-codec-dns/4.1.118.Final/netty-codec-dns-4.1.118.Final.jar:/home/runner/.m2/repository/com/fasterxml/jackson/core/jackson-core/2.17.2/jackson-core-2.17.2.jar:"/>
    <property name="sun.cpu.endian" value="little"/>
    <property name="user.home" value="/home/runner"/>
    <property name="user.language" value="en"/>
    <property name="jboss.log-version" value="false"/>
    <property name="java.specification.vendor" value="Oracle Corporation"/>
    <property name="java.version.date" value="2025-07-15"/>
    <property name="java.home" value="/usr/lib/jvm/temurin-17-jdk-amd64"/>
    <property name="file.separator" value="/"/>
    <property name="basedir" value="/home/runner/work/apicurio-testing/apicurio-testing/clusters/ci419/namespaces/postgresql/tests/integration/apicurio-registry/integration-tests"/>
    <property name="java.vm.compressedOopsMode" value="32-bit"/>
    <property name="line.separator" value="&#10;"/>
    <property name="java.specification.name" value="Java Platform API Specification"/>
    <property name="java.vm.specification.vendor" value="Oracle Corporation"/>
    <property name="quarkus.http.test-host" value="registry-app-postgresql.apps.ci419.apicurio-testing.org"/>
    <property name="surefire.real.class.path" value="/home/runner/work/apicurio-testing/apicurio-testing/clusters/ci419/namespaces/postgresql/tests/integration/apicurio-registry/integration-tests/target/surefire/surefirebooter-20250731022118642_3.jar"/>
    <property name="sun.management.compiler" value="HotSpot 64-Bit Tiered Compilers"/>
    <property name="org.eclipse.jetty.http.HttpGenerator.STRICT" value="true"/>
    <property name="java.runtime.version" value="17.0.16+8"/>
    <property name="user.name" value="runner"/>
    <property name="path.separator" value=":"/>
    <property name="os.version" value="6.8.0-1031-azure"/>
    <property name="java.runtime.name" value="OpenJDK Runtime Environment"/>
    <property name="file.encoding" value="UTF-8"/>
    <property name="jnidispatch.path" value="/home/runner/.cache/JNA/temp/jna793403245320359375.tmp"/>
    <property name="java.vm.name" value="OpenJDK 64-Bit Server VM"/>
    <property name="jna.platform.library.path" value="/usr/lib/x86_64-linux-gnu:/lib/x86_64-linux-gnu:/usr/lib64:/lib64:/usr/lib:/lib:/lib32:/usr/local/lib:/usr/lib/x86_64-linux-gnu/libfakeroot"/>
    <property name="java.vendor.version" value="Temurin-17.0.16+8"/>
    <property name="quarkus.oidc.token-path" value="https://keycloak-postgresql.apps.ci419.apicurio-testing.org/realms/registry/protocol/openid-connect/token"/>
    <property name="quarkus.http.host" value="registry-app-postgresql.apps.ci419.apicurio-testing.org"/>
    <property name="localRepository" value="/home/runner/.m2/repository"/>
    <property name="javax.xml.xpath.XPathFactory:http://java.sun.com/jaxp/xpath/dom" value="com.sun.org.apache.xpath.internal.jaxp.XPathFactoryImpl"/>
    <property name="jna.loaded" value="true"/>
    <property name="java.vendor.url.bug" value="https://github.com/adoptium/adoptium-support/issues"/>
    <property name="jetty.git.hash" value="5bc5e562c8d05c5862505aebe5cf83a61bdbcb96"/>
    <property name="java.io.tmpdir" value="/tmp"/>
    <property name="quarkus.http.test-protocol" value="http"/>
    <property name="java.version" value="17.0.16"/>
    <property name="user.dir" value="/home/runner/work/apicurio-testing/apicurio-testing/clusters/ci419/namespaces/postgresql/tests/integration/apicurio-registry/integration-tests"/>
    <property name="os.arch" value="amd64"/>
    <property name="groups" value="( smoke | serdes | acceptance | ui)"/>
    <property name="java.vm.specification.name" value="Java Virtual Machine Specification"/>
    <property name="native.encoding" value="UTF-8"/>
    <property name="java.util.logging.manager" value="org.jboss.logmanager.LogManager"/>
    <property name="java.library.path" value="/usr/java/packages/lib:/usr/lib64:/lib64:/lib:/usr/lib"/>
    <property name="jdk.console" value="java.base"/>
    <property name="java.vm.info" value="mixed mode, sharing"/>
    <property name="java.vendor" value="Eclipse Adoptium"/>
    <property name="java.vm.version" value="17.0.16+8"/>
    <property name="java.specification.maintenance.version" value="1"/>
    <property name="sun.io.unicode.encoding" value="UnicodeLittle"/>
    <property name="javax.xml.transform.TransformerFactory" value="com.sun.org.apache.xalan.internal.xsltc.trax.TransformerFactoryImpl"/>
    <property name="java.class.version" value="61.0"/>
  </properties>
  <testcase name="testGlobalIdInHeaders" classname="io.apicurio.tests.serdes.apicurio.AvroSerdeIT" time="3.941">
    <system-out><![CDATA[2025-07-31 02:21:29,670 INFO  [io.api.tes.ser.api.AvroSerdeIT] (main) RestAssured configured with http://registry-app-postgresql.apps.ci419.apicurio-testing.org:80/apis/registry/v3
2025-07-31 02:21:29,671 INFO  [io.api.tes.uti.KafkaFacade] (main) Starting kafka container
2025-07-31 02:21:29,763 INFO  [org.tes.ima.PullPolicy] (main) Image pull policy will be performed by: DefaultPullPolicy()
2025-07-31 02:21:29,766 INFO  [org.tes.uti.ImageNameSubstitutor] (main) Image name substitution will be performed by: DefaultImageNameSubstitutor (composite of 'ConfigurationFileImageNameSubstitutor' and 'PrefixingImageNameSubstitutor')
2025-07-31 02:21:29,789 INFO  [org.tes.DockerClientFactory] (main) Testcontainers version: 1.20.1
2025-07-31 02:21:30,297 INFO  [org.tes.doc.DockerClientProviderStrategy] (main) Found Docker environment with local Unix socket (unix:///var/run/docker.sock)
2025-07-31 02:21:30,305 INFO  [org.tes.DockerClientFactory] (main) Docker host IP address is localhost
2025-07-31 02:21:30,326 INFO  [org.tes.DockerClientFactory] (main) Connected to docker: 
  Server Version: 28.0.4
  API Version: 1.48
  Operating System: Ubuntu 22.04.5 LTS
  Total Memory: 7944 MB
2025-07-31 02:21:30,361 INFO  [tc.tes.8.1] (main) Pulling docker image: testcontainers/ryuk:0.8.1. Please be patient; this may take some time but only needs to be done once.
2025-07-31 02:21:30,587 INFO  [tc.tes.8.1] (docker-java-stream-1689030468) Starting to pull image
2025-07-31 02:21:30,605 INFO  [tc.tes.8.1] (docker-java-stream-1689030468) Pulling image layers:  0 pending,  0 downloaded,  0 extracted, (0 bytes/0 bytes)
2025-07-31 02:21:30,722 INFO  [tc.tes.8.1] (docker-java-stream-1689030468) Pulling image layers:  2 pending,  1 downloaded,  0 extracted, (65 KB/? MB)
2025-07-31 02:21:30,738 INFO  [tc.tes.8.1] (docker-java-stream-1689030468) Pulling image layers:  1 pending,  2 downloaded,  0 extracted, (351 KB/? MB)
2025-07-31 02:21:30,751 INFO  [tc.tes.8.1] (docker-java-stream-1689030468) Pulling image layers:  0 pending,  3 downloaded,  0 extracted, (351 KB/6 MB)
2025-07-31 02:21:30,866 INFO  [tc.tes.8.1] (docker-java-stream-1689030468) Pulling image layers:  0 pending,  3 downloaded,  1 extracted, (3 MB/6 MB)
2025-07-31 02:21:31,885 INFO  [tc.tes.8.1] (docker-java-stream-1689030468) Pulling image layers:  0 pending,  3 downloaded,  2 extracted, (3 MB/6 MB)
2025-07-31 02:21:31,951 INFO  [tc.tes.8.1] (docker-java-stream-1689030468) Pulling image layers:  0 pending,  3 downloaded,  3 extracted, (6 MB/6 MB)
2025-07-31 02:21:31,959 INFO  [tc.tes.8.1] (docker-java-stream-1689030468) Pull complete. 3 layers, pulled in 1s (downloaded 6 MB at 6 MB/s)
2025-07-31 02:21:31,960 INFO  [tc.tes.8.1] (main) Image testcontainers/ryuk:0.8.1 pull took PT1.59870983S
2025-07-31 02:21:31,989 INFO  [tc.tes.8.1] (main) Creating container for image: testcontainers/ryuk:0.8.1
2025-07-31 02:21:32,068 INFO  [tc.tes.8.1] (main) Container testcontainers/ryuk:0.8.1 is starting: 6855417edd4f5926fc28fcd18e001eb2f95245f16748e6177f1cdf2e8bf641b4
2025-07-31 02:21:32,433 INFO  [tc.tes.8.1] (main) Container testcontainers/ryuk:0.8.1 started in PT0.444041238S
2025-07-31 02:21:32,437 INFO  [org.tes.uti.RyukResourceReaper] (main) Ryuk started - will monitor and terminate Testcontainers containers on JVM exit
2025-07-31 02:21:32,437 INFO  [org.tes.DockerClientFactory] (main) Checking the system...
2025-07-31 02:21:32,438 INFO  [org.tes.DockerClientFactory] (main) ✔︎ Docker server version should be at least 1.6.0
2025-07-31 02:21:32,441 INFO  [io.str.tes.con.KafkaVersionService] (main) Latest release of Kafka is:LogicalKafkaVersionEntity{version='3.7.1', image='quay.io/strimzi-test-container/test-container:0.107.0-kafka-3.7.1'}
2025-07-31 02:21:32,441 INFO  [io.str.tes.con.KafkaVersionService] (main) Latest release of Kafka is:LogicalKafkaVersionEntity{version='3.7.1', image='quay.io/strimzi-test-container/test-container:0.107.0-kafka-3.7.1'}
2025-07-31 02:21:32,441 INFO  [io.str.tes.con.KafkaVersionService] (main) No Kafka version specified. Using latest release: quay.io/strimzi-test-container/test-container:0.107.0-kafka-3.7.1
2025-07-31 02:21:32,444 INFO  [tc.qua.io/.107.0-k.7.1] (main) Pulling docker image: quay.io/strimzi-test-container/test-container:0.107.0-kafka-3.7.1. Please be patient; this may take some time but only needs to be done once.
2025-07-31 02:21:32,755 INFO  [tc.qua.io/.107.0-k.7.1] (docker-java-stream--720530420) Starting to pull image
2025-07-31 02:21:32,756 INFO  [tc.qua.io/.107.0-k.7.1] (docker-java-stream--720530420) Pulling image layers:  0 pending,  0 downloaded,  0 extracted, (0 bytes/0 bytes)
2025-07-31 02:21:33,151 INFO  [tc.qua.io/.107.0-k.7.1] (docker-java-stream--720530420) Pulling image layers:  4 pending,  1 downloaded,  0 extracted, (4 MB/? MB)
2025-07-31 02:21:33,893 INFO  [tc.qua.io/.107.0-k.7.1] (docker-java-stream--720530420) Pulling image layers:  3 pending,  2 downloaded,  0 extracted, (88 MB/? MB)
2025-07-31 02:21:33,987 INFO  [tc.qua.io/.107.0-k.7.1] (docker-java-stream--720530420) Pulling image layers:  2 pending,  3 downloaded,  0 extracted, (100 MB/? MB)
2025-07-31 02:21:34,869 INFO  [tc.qua.io/.107.0-k.7.1] (docker-java-stream--720530420) Pulling image layers:  2 pending,  3 downloaded,  1 extracted, (151 MB/? MB)
2025-07-31 02:21:35,976 INFO  [tc.qua.io/.107.0-k.7.1] (docker-java-stream--720530420) Pulling image layers:  1 pending,  4 downloaded,  1 extracted, (221 MB/? MB)
2025-07-31 02:21:36,085 INFO  [tc.qua.io/.107.0-k.7.1] (docker-java-stream--720530420) Pulling image layers:  0 pending,  5 downloaded,  1 extracted, (224 MB/231 MB)
2025-07-31 02:21:39,738 INFO  [tc.qua.io/.107.0-k.7.1] (docker-java-stream--720530420) Pulling image layers:  0 pending,  5 downloaded,  2 extracted, (225 MB/231 MB)
2025-07-31 02:21:39,756 INFO  [tc.qua.io/.107.0-k.7.1] (docker-java-stream--720530420) Pulling image layers:  0 pending,  5 downloaded,  3 extracted, (225 MB/231 MB)
2025-07-31 02:21:40,455 INFO  [tc.qua.io/.107.0-k.7.1] (docker-java-stream--720530420) Pulling image layers:  0 pending,  5 downloaded,  4 extracted, (231 MB/231 MB)
2025-07-31 02:21:40,792 INFO  [tc.qua.io/.107.0-k.7.1] (docker-java-stream--720530420) Pulling image layers:  0 pending,  5 downloaded,  5 extracted, (231 MB/231 MB)
2025-07-31 02:21:40,799 INFO  [tc.qua.io/.107.0-k.7.1] (docker-java-stream--720530420) Pull complete. 5 layers, pulled in 8s (downloaded 231 MB at 28 MB/s)
2025-07-31 02:21:40,799 INFO  [tc.qua.io/.107.0-k.7.1] (main) Image quay.io/strimzi-test-container/test-container:0.107.0-kafka-3.7.1 pull took PT8.35481656S
2025-07-31 02:21:40,802 INFO  [tc.qua.io/.107.0-k.7.1] (main) Creating container for image: quay.io/strimzi-test-container/test-container:0.107.0-kafka-3.7.1
2025-07-31 02:21:40,884 INFO  [tc.qua.io/.107.0-k.7.1] (main) Container quay.io/strimzi-test-container/test-container:0.107.0-kafka-3.7.1 is starting: cbad549e4cf2b436e07490d37bc71db427144ddfb7f2fdb043aa4f94f2d08624
2025-07-31 02:21:41,082 INFO  [io.str.tes.con.StrimziKafkaContainer] (main) Mapped port: 32770
2025-07-31 02:21:41,082 INFO  [io.str.tes.con.StrimziKafkaContainer] (main) This is all advertised listeners for Kafka PLAINTEXT://localhost:32770,BROKER1://172.18.0.2:9093
2025-07-31 02:21:41,083 INFO  [io.str.tes.con.StrimziKafkaContainer] (main) Using internal ZooKeeper 'zookeeper.connect=localhost:2181.'
2025-07-31 02:21:41,083 INFO  [io.str.tes.con.StrimziKafkaContainer] (main) Copying command to 'STARTER_SCRIPT' script.
2025-07-31 02:21:45,090 INFO  [tc.qua.io/.107.0-k.7.1] (main) Container quay.io/strimzi-test-container/test-container:0.107.0-kafka-3.7.1 started in PT4.288385157S
2025-07-31 02:21:45,094 INFO  [io.api.tes.uti.TestSeparator] (main) ############################################################################
2025-07-31 02:21:45,094 INFO  [io.api.tes.uti.TestSeparator] (main) io.apicurio.tests.serdes.apicurio.AvroSerdeIT.testGlobalIdInHeaders-STARTED
2025-07-31 02:21:45,111 INFO  [org.apa.kaf.cli.adm.AdminClientConfig] (main) AdminClientConfig values: 
	auto.include.jmx.reporter = true
	bootstrap.controllers = []
	bootstrap.servers = [PLAINTEXT://localhost:32770]
	client.dns.lookup = use_all_dns_ips
	client.id = 
	connections.max.idle.ms = 10000
	default.api.timeout.ms = 60000
	enable.metrics.push = true
	metadata.max.age.ms = 300000
	metadata.recovery.strategy = none
	metric.reporters = []
	metrics.num.samples = 2
	metrics.recording.level = INFO
	metrics.sample.window.ms = 30000
	receive.buffer.bytes = 65536
	reconnect.backoff.max.ms = 1000
	reconnect.backoff.ms = 50
	request.timeout.ms = 5000
	retries = 2147483647
	retry.backoff.max.ms = 1000
	retry.backoff.ms = 100
	sasl.client.callback.handler.class = null
	sasl.jaas.config = null
	sasl.kerberos.kinit.cmd = /usr/bin/kinit
	sasl.kerberos.min.time.before.relogin = 60000
	sasl.kerberos.service.name = null
	sasl.kerberos.ticket.renew.jitter = 0.05
	sasl.kerberos.ticket.renew.window.factor = 0.8
	sasl.login.callback.handler.class = null
	sasl.login.class = null
	sasl.login.connect.timeout.ms = null
	sasl.login.read.timeout.ms = null
	sasl.login.refresh.buffer.seconds = 300
	sasl.login.refresh.min.period.seconds = 60
	sasl.login.refresh.window.factor = 0.8
	sasl.login.refresh.window.jitter = 0.05
	sasl.login.retry.backoff.max.ms = 10000
	sasl.login.retry.backoff.ms = 100
	sasl.mechanism = GSSAPI
	sasl.oauthbearer.clock.skew.seconds = 30
	sasl.oauthbearer.expected.audience = null
	sasl.oauthbearer.expected.issuer = null
	sasl.oauthbearer.header.urlencode = false
	sasl.oauthbearer.jwks.endpoint.refresh.ms = 3600000
	sasl.oauthbearer.jwks.endpoint.retry.backoff.max.ms = 10000
	sasl.oauthbearer.jwks.endpoint.retry.backoff.ms = 100
	sasl.oauthbearer.jwks.endpoint.url = null
	sasl.oauthbearer.scope.claim.name = scope
	sasl.oauthbearer.sub.claim.name = sub
	sasl.oauthbearer.token.endpoint.url = null
	security.protocol = PLAINTEXT
	security.providers = null
	send.buffer.bytes = 131072
	socket.connection.setup.timeout.max.ms = 30000
	socket.connection.setup.timeout.ms = 10000
	ssl.cipher.suites = null
	ssl.enabled.protocols = [TLSv1.2, TLSv1.3]
	ssl.endpoint.identification.algorithm = https
	ssl.engine.factory.class = null
	ssl.key.password = null
	ssl.keymanager.algorithm = SunX509
	ssl.keystore.certificate.chain = null
	ssl.keystore.key = null
	ssl.keystore.location = null
	ssl.keystore.password = null
	ssl.keystore.type = JKS
	ssl.protocol = TLSv1.3
	ssl.provider = null
	ssl.secure.random.implementation = null
	ssl.trustmanager.algorithm = PKIX
	ssl.truststore.certificates = null
	ssl.truststore.location = null
	ssl.truststore.password = null
	ssl.truststore.type = JKS

2025-07-31 02:21:45,684 INFO  [org.apa.kaf.com.uti.AppInfoParser] (main) Kafka version: 3.9.0
2025-07-31 02:21:45,686 INFO  [org.apa.kaf.com.uti.AppInfoParser] (main) Kafka commitId: 84caaa6e9da06435
2025-07-31 02:21:45,686 INFO  [org.apa.kaf.com.uti.AppInfoParser] (main) Kafka startTimeMs: 1753928505682
2025-07-31 02:21:45,754 INFO  [org.apa.kaf.cli.pro.ProducerConfig] (main) ProducerConfig values: 
	acks = -1
	auto.include.jmx.reporter = true
	batch.size = 16384
	bootstrap.servers = [PLAINTEXT://localhost:32770]
	buffer.memory = 33554432
	client.dns.lookup = use_all_dns_ips
	client.id = Producer-topic-de6e1d7d_fe4d_4208_86a3_52249c536bf3
	compression.gzip.level = -1
	compression.lz4.level = 9
	compression.type = none
	compression.zstd.level = 3
	connections.max.idle.ms = 10000
	delivery.timeout.ms = 120000
	enable.idempotence = true
	enable.metrics.push = true
	interceptor.classes = []
	key.serializer = class org.apache.kafka.common.serialization.StringSerializer
	linger.ms = 0
	max.block.ms = 60000
	max.in.flight.requests.per.connection = 5
	max.request.size = 1048576
	metadata.max.age.ms = 300000
	metadata.max.idle.ms = 300000
	metadata.recovery.strategy = none
	metric.reporters = []
	metrics.num.samples = 2
	metrics.recording.level = INFO
	metrics.sample.window.ms = 30000
	partitioner.adaptive.partitioning.enable = true
	partitioner.availability.timeout.ms = 0
	partitioner.class = null
	partitioner.ignore.keys = false
	receive.buffer.bytes = 32768
	reconnect.backoff.max.ms = 1000
	reconnect.backoff.ms = 50
	request.timeout.ms = 5000
	retries = 2147483647
	retry.backoff.max.ms = 1000
	retry.backoff.ms = 100
	sasl.client.callback.handler.class = null
	sasl.jaas.config = null
	sasl.kerberos.kinit.cmd = /usr/bin/kinit
	sasl.kerberos.min.time.before.relogin = 60000
	sasl.kerberos.service.name = null
	sasl.kerberos.ticket.renew.jitter = 0.05
	sasl.kerberos.ticket.renew.window.factor = 0.8
	sasl.login.callback.handler.class = null
	sasl.login.class = null
	sasl.login.connect.timeout.ms = null
	sasl.login.read.timeout.ms = null
	sasl.login.refresh.buffer.seconds = 300
	sasl.login.refresh.min.period.seconds = 60
	sasl.login.refresh.window.factor = 0.8
	sasl.login.refresh.window.jitter = 0.05
	sasl.login.retry.backoff.max.ms = 10000
	sasl.login.retry.backoff.ms = 100
	sasl.mechanism = GSSAPI
	sasl.oauthbearer.clock.skew.seconds = 30
	sasl.oauthbearer.expected.audience = null
	sasl.oauthbearer.expected.issuer = null
	sasl.oauthbearer.header.urlencode = false
	sasl.oauthbearer.jwks.endpoint.refresh.ms = 3600000
	sasl.oauthbearer.jwks.endpoint.retry.backoff.max.ms = 10000
	sasl.oauthbearer.jwks.endpoint.retry.backoff.ms = 100
	sasl.oauthbearer.jwks.endpoint.url = null
	sasl.oauthbearer.scope.claim.name = scope
	sasl.oauthbearer.sub.claim.name = sub
	sasl.oauthbearer.token.endpoint.url = null
	security.protocol = PLAINTEXT
	security.providers = null
	send.buffer.bytes = 131072
	socket.connection.setup.timeout.max.ms = 30000
	socket.connection.setup.timeout.ms = 10000
	ssl.cipher.suites = null
	ssl.enabled.protocols = [TLSv1.2, TLSv1.3]
	ssl.endpoint.identification.algorithm = https
	ssl.engine.factory.class = null
	ssl.key.password = null
	ssl.keymanager.algorithm = SunX509
	ssl.keystore.certificate.chain = null
	ssl.keystore.key = null
	ssl.keystore.location = null
	ssl.keystore.password = null
	ssl.keystore.type = JKS
	ssl.protocol = TLSv1.3
	ssl.provider = null
	ssl.secure.random.implementation = null
	ssl.trustmanager.algorithm = PKIX
	ssl.truststore.certificates = null
	ssl.truststore.location = null
	ssl.truststore.password = null
	ssl.truststore.type = JKS
	transaction.timeout.ms = 60000
	transactional.id = null
	value.serializer = class io.apicurio.registry.serde.avro.AvroKafkaSerializer

2025-07-31 02:21:45,835 INFO  [org.apa.kaf.com.tel.int.KafkaMetricsCollector] (main) initializing Kafka metrics collector
2025-07-31 02:21:45,874 INFO  [org.apa.kaf.cli.pro.KafkaProducer] (main) [Producer clientId=Producer-topic-de6e1d7d_fe4d_4208_86a3_52249c536bf3] Instantiated an idempotent producer.
2025-07-31 02:21:45,923 INFO  [org.apa.kaf.cli.pro.ProducerConfig] (main) These configurations '[apicurio.registry.url, apicurio.registry.auto-register, apicurio.registry.use-id, apicurio.registry.artifact-resolver-strategy]' were supplied but are not used yet.
2025-07-31 02:21:45,924 INFO  [org.apa.kaf.com.uti.AppInfoParser] (main) Kafka version: 3.9.0
2025-07-31 02:21:45,924 INFO  [org.apa.kaf.com.uti.AppInfoParser] (main) Kafka commitId: 84caaa6e9da06435
2025-07-31 02:21:45,924 INFO  [org.apa.kaf.com.uti.AppInfoParser] (main) Kafka startTimeMs: 1753928505924
2025-07-31 02:21:45,924 INFO  [io.api.tes.ser.api.SimpleSerdesTesterBuilder$SimpleSerdesTester] (main) Using producer configuration: {apicurio.registry.url=http://registry-app-postgresql.apps.ci419.apicurio-testing.org:80/apis/registry/v3, apicurio.registry.auto-register=true, apicurio.registry.use-id=globalId, apicurio.registry.artifact-resolver-strategy=io.apicurio.registry.serde.strategy.TopicIdStrategy, value.serializer=io.apicurio.registry.serde.avro.AvroKafkaSerializer, request.timeout.ms=5000, acks=all, bootstrap.servers=PLAINTEXT://localhost:32770, connections.max.idle.ms=10000, key.serializer=org.apache.kafka.common.serialization.StringSerializer, client.id=Producer-topic-de6e1d7d_fe4d_4208_86a3_52249c536bf3}
2025-07-31 02:21:45,924 INFO  [io.api.tes.ser.api.SimpleSerdesTesterBuilder$SimpleSerdesTester] (main) Using consumer configuration: {apicurio.registry.use-id=globalId}
2025-07-31 02:21:45,933 INFO  [io.api.tes.ser.api.KafkaSerdesTester] (Thread-120) Sending message {"key11753928505725": "value-0"} to topic topic-de6e1d7d_fe4d_4208_86a3_52249c536bf3
2025-07-31 02:21:46,349 WARN  [org.apa.kaf.cli.NetworkClient] (kafka-producer-network-thread | Producer-topic-de6e1d7d_fe4d_4208_86a3_52249c536bf3) [Producer clientId=Producer-topic-de6e1d7d_fe4d_4208_86a3_52249c536bf3] The metadata response from the cluster reported a recoverable issue with correlation id 2 : {topic-de6e1d7d_fe4d_4208_86a3_52249c536bf3=LEADER_NOT_AVAILABLE}
2025-07-31 02:21:46,350 INFO  [org.apa.kaf.cli.Metadata] (kafka-producer-network-thread | Producer-topic-de6e1d7d_fe4d_4208_86a3_52249c536bf3) [Producer clientId=Producer-topic-de6e1d7d_fe4d_4208_86a3_52249c536bf3] Cluster ID: d3IyjYRDQrmXThhQeh46ug
2025-07-31 02:21:46,501 INFO  [org.apa.kaf.cli.pro.int.TransactionManager] (kafka-producer-network-thread | Producer-topic-de6e1d7d_fe4d_4208_86a3_52249c536bf3) [Producer clientId=Producer-topic-de6e1d7d_fe4d_4208_86a3_52249c536bf3] ProducerId set to 0 with epoch 0
2025-07-31 02:21:46,518 WARN  [org.apa.kaf.cli.NetworkClient] (kafka-producer-network-thread | Producer-topic-de6e1d7d_fe4d_4208_86a3_52249c536bf3) [Producer clientId=Producer-topic-de6e1d7d_fe4d_4208_86a3_52249c536bf3] The metadata response from the cluster reported a recoverable issue with correlation id 8 : {topic-de6e1d7d_fe4d_4208_86a3_52249c536bf3=LEADER_NOT_AVAILABLE}
2025-07-31 02:21:46,882 INFO  [io.api.tes.ser.api.KafkaSerdesTester] (Thread-120) Sending message {"key11753928505725": "value-1"} to topic topic-de6e1d7d_fe4d_4208_86a3_52249c536bf3
2025-07-31 02:21:46,891 INFO  [io.api.tes.ser.api.KafkaSerdesTester] (Thread-120) Sending message {"key11753928505725": "value-2"} to topic topic-de6e1d7d_fe4d_4208_86a3_52249c536bf3
2025-07-31 02:21:46,898 INFO  [io.api.tes.ser.api.KafkaSerdesTester] (Thread-120) Sending message {"key11753928505725": "value-3"} to topic topic-de6e1d7d_fe4d_4208_86a3_52249c536bf3
2025-07-31 02:21:46,906 INFO  [io.api.tes.ser.api.KafkaSerdesTester] (Thread-120) Sending message {"key11753928505725": "value-4"} to topic topic-de6e1d7d_fe4d_4208_86a3_52249c536bf3
2025-07-31 02:21:46,912 INFO  [io.api.tes.ser.api.KafkaSerdesTester] (Thread-120) Sending message {"key11753928505725": "value-5"} to topic topic-de6e1d7d_fe4d_4208_86a3_52249c536bf3
2025-07-31 02:21:46,918 INFO  [io.api.tes.ser.api.KafkaSerdesTester] (Thread-120) Sending message {"key11753928505725": "value-6"} to topic topic-de6e1d7d_fe4d_4208_86a3_52249c536bf3
2025-07-31 02:21:46,922 INFO  [io.api.tes.ser.api.KafkaSerdesTester] (Thread-120) Sending message {"key11753928505725": "value-7"} to topic topic-de6e1d7d_fe4d_4208_86a3_52249c536bf3
2025-07-31 02:21:46,926 INFO  [io.api.tes.ser.api.KafkaSerdesTester] (Thread-120) Sending message {"key11753928505725": "value-8"} to topic topic-de6e1d7d_fe4d_4208_86a3_52249c536bf3
2025-07-31 02:21:46,932 INFO  [io.api.tes.ser.api.KafkaSerdesTester] (Thread-120) Sending message {"key11753928505725": "value-9"} to topic topic-de6e1d7d_fe4d_4208_86a3_52249c536bf3
2025-07-31 02:21:46,940 INFO  [io.api.tes.ser.api.KafkaSerdesTester] (Thread-120) Produced 10 messages
2025-07-31 02:21:46,942 INFO  [org.apa.kaf.cli.pro.KafkaProducer] (Thread-120) [Producer clientId=Producer-topic-de6e1d7d_fe4d_4208_86a3_52249c536bf3] Closing the Kafka producer with timeoutMillis = 9223372036854775807 ms.
2025-07-31 02:21:46,966 INFO  [org.apa.kaf.com.met.Metrics] (Thread-120) Metrics scheduler closed
2025-07-31 02:21:46,966 INFO  [org.apa.kaf.com.met.Metrics] (Thread-120) Closing reporter org.apache.kafka.common.metrics.JmxReporter
2025-07-31 02:21:46,966 INFO  [org.apa.kaf.com.met.Metrics] (Thread-120) Closing reporter org.apache.kafka.common.telemetry.internals.ClientTelemetryReporter
2025-07-31 02:21:46,966 INFO  [org.apa.kaf.com.met.Metrics] (Thread-120) Metrics reporters closed
2025-07-31 02:21:46,968 INFO  [org.apa.kaf.com.uti.AppInfoParser] (Thread-120) App info kafka.producer for Producer-topic-de6e1d7d_fe4d_4208_86a3_52249c536bf3 unregistered
2025-07-31 02:21:47,011 INFO  [org.apa.kaf.cli.con.ConsumerConfig] (main) ConsumerConfig values: 
	allow.auto.create.topics = true
	auto.commit.interval.ms = 500
	auto.include.jmx.reporter = true
	auto.offset.reset = earliest
	bootstrap.servers = [PLAINTEXT://localhost:32770]
	check.crcs = true
	client.dns.lookup = use_all_dns_ips
	client.id = consumer-Consumer-topic-de6e1d7d_fe4d_4208_86a3_52249c536bf3-1
	client.rack = 
	connections.max.idle.ms = 10000
	default.api.timeout.ms = 60000
	enable.auto.commit = true
	enable.metrics.push = true
	exclude.internal.topics = true
	fetch.max.bytes = 52428800
	fetch.max.wait.ms = 500
	fetch.min.bytes = 1
	group.id = Consumer-topic-de6e1d7d_fe4d_4208_86a3_52249c536bf3
	group.instance.id = null
	group.protocol = classic
	group.remote.assignor = null
	heartbeat.interval.ms = 3000
	interceptor.classes = []
	internal.leave.group.on.close = true
	internal.throw.on.fetch.stable.offset.unsupported = false
	isolation.level = read_uncommitted
	key.deserializer = class org.apache.kafka.common.serialization.StringDeserializer
	max.partition.fetch.bytes = 1048576
	max.poll.interval.ms = 300000
	max.poll.records = 500
	metadata.max.age.ms = 300000
	metadata.recovery.strategy = none
	metric.reporters = []
	metrics.num.samples = 2
	metrics.recording.level = INFO
	metrics.sample.window.ms = 30000
	partition.assignment.strategy = [class org.apache.kafka.clients.consumer.RangeAssignor, class org.apache.kafka.clients.consumer.CooperativeStickyAssignor]
	receive.buffer.bytes = 65536
	reconnect.backoff.max.ms = 1000
	reconnect.backoff.ms = 50
	request.timeout.ms = 5000
	retry.backoff.max.ms = 1000
	retry.backoff.ms = 100
	sasl.client.callback.handler.class = null
	sasl.jaas.config = null
	sasl.kerberos.kinit.cmd = /usr/bin/kinit
	sasl.kerberos.min.time.before.relogin = 60000
	sasl.kerberos.service.name = null
	sasl.kerberos.ticket.renew.jitter = 0.05
	sasl.kerberos.ticket.renew.window.factor = 0.8
	sasl.login.callback.handler.class = null
	sasl.login.class = null
	sasl.login.connect.timeout.ms = null
	sasl.login.read.timeout.ms = null
	sasl.login.refresh.buffer.seconds = 300
	sasl.login.refresh.min.period.seconds = 60
	sasl.login.refresh.window.factor = 0.8
	sasl.login.refresh.window.jitter = 0.05
	sasl.login.retry.backoff.max.ms = 10000
	sasl.login.retry.backoff.ms = 100
	sasl.mechanism = GSSAPI
	sasl.oauthbearer.clock.skew.seconds = 30
	sasl.oauthbearer.expected.audience = null
	sasl.oauthbearer.expected.issuer = null
	sasl.oauthbearer.header.urlencode = false
	sasl.oauthbearer.jwks.endpoint.refresh.ms = 3600000
	sasl.oauthbearer.jwks.endpoint.retry.backoff.max.ms = 10000
	sasl.oauthbearer.jwks.endpoint.retry.backoff.ms = 100
	sasl.oauthbearer.jwks.endpoint.url = null
	sasl.oauthbearer.scope.claim.name = scope
	sasl.oauthbearer.sub.claim.name = sub
	sasl.oauthbearer.token.endpoint.url = null
	security.protocol = PLAINTEXT
	security.providers = null
	send.buffer.bytes = 131072
	session.timeout.ms = 45000
	socket.connection.setup.timeout.max.ms = 30000
	socket.connection.setup.timeout.ms = 10000
	ssl.cipher.suites = null
	ssl.enabled.protocols = [TLSv1.2, TLSv1.3]
	ssl.endpoint.identification.algorithm = https
	ssl.engine.factory.class = null
	ssl.key.password = null
	ssl.keymanager.algorithm = SunX509
	ssl.keystore.certificate.chain = null
	ssl.keystore.key = null
	ssl.keystore.location = null
	ssl.keystore.password = null
	ssl.keystore.type = JKS
	ssl.protocol = TLSv1.3
	ssl.provider = null
	ssl.secure.random.implementation = null
	ssl.trustmanager.algorithm = PKIX
	ssl.truststore.certificates = null
	ssl.truststore.location = null
	ssl.truststore.password = null
	ssl.truststore.type = JKS
	value.deserializer = class io.apicurio.registry.serde.avro.AvroKafkaDeserializer

2025-07-31 02:21:47,021 INFO  [org.apa.kaf.com.tel.int.KafkaMetricsCollector] (main) initializing Kafka metrics collector
2025-07-31 02:21:47,072 INFO  [org.apa.kaf.cli.con.ConsumerConfig] (main) These configurations '[apicurio.registry.url, apicurio.registry.use-id]' were supplied but are not used yet.
2025-07-31 02:21:47,073 INFO  [org.apa.kaf.com.uti.AppInfoParser] (main) Kafka version: 3.9.0
2025-07-31 02:21:47,073 INFO  [org.apa.kaf.com.uti.AppInfoParser] (main) Kafka commitId: 84caaa6e9da06435
2025-07-31 02:21:47,073 INFO  [org.apa.kaf.com.uti.AppInfoParser] (main) Kafka startTimeMs: 1753928507073
2025-07-31 02:21:47,075 INFO  [org.apa.kaf.cli.con.int.ClassicKafkaConsumer] (Thread-123) [Consumer clientId=consumer-Consumer-topic-de6e1d7d_fe4d_4208_86a3_52249c536bf3-1, groupId=Consumer-topic-de6e1d7d_fe4d_4208_86a3_52249c536bf3] Subscribed to topic(s): topic-de6e1d7d_fe4d_4208_86a3_52249c536bf3
2025-07-31 02:21:47,092 INFO  [org.apa.kaf.cli.Metadata] (Thread-123) [Consumer clientId=consumer-Consumer-topic-de6e1d7d_fe4d_4208_86a3_52249c536bf3-1, groupId=Consumer-topic-de6e1d7d_fe4d_4208_86a3_52249c536bf3] Cluster ID: d3IyjYRDQrmXThhQeh46ug
2025-07-31 02:21:48,079 INFO  [io.api.tes.ser.api.KafkaSerdesTester] (Thread-123) None found
2025-07-31 02:21:48,083 INFO  [org.apa.kaf.cli.con.int.ConsumerCoordinator] (Thread-123) [Consumer clientId=consumer-Consumer-topic-de6e1d7d_fe4d_4208_86a3_52249c536bf3-1, groupId=Consumer-topic-de6e1d7d_fe4d_4208_86a3_52249c536bf3] Discovered group coordinator localhost:32770 (id: 2147483647 rack: null)
2025-07-31 02:21:48,092 INFO  [org.apa.kaf.cli.con.int.ConsumerCoordinator] (Thread-123) [Consumer clientId=consumer-Consumer-topic-de6e1d7d_fe4d_4208_86a3_52249c536bf3-1, groupId=Consumer-topic-de6e1d7d_fe4d_4208_86a3_52249c536bf3] (Re-)joining group
2025-07-31 02:21:48,119 INFO  [org.apa.kaf.cli.con.int.ConsumerCoordinator] (Thread-123) [Consumer clientId=consumer-Consumer-topic-de6e1d7d_fe4d_4208_86a3_52249c536bf3-1, groupId=Consumer-topic-de6e1d7d_fe4d_4208_86a3_52249c536bf3] Request joining group due to: need to re-join with the given member-id: consumer-Consumer-topic-de6e1d7d_fe4d_4208_86a3_52249c536bf3-1-158b5785-7d3b-4c2c-9653-00a38518a29f
2025-07-31 02:21:48,120 INFO  [org.apa.kaf.cli.con.int.ConsumerCoordinator] (Thread-123) [Consumer clientId=consumer-Consumer-topic-de6e1d7d_fe4d_4208_86a3_52249c536bf3-1, groupId=Consumer-topic-de6e1d7d_fe4d_4208_86a3_52249c536bf3] (Re-)joining group
2025-07-31 02:21:48,148 INFO  [org.apa.kaf.cli.con.int.ConsumerCoordinator] (Thread-123) [Consumer clientId=consumer-Consumer-topic-de6e1d7d_fe4d_4208_86a3_52249c536bf3-1, groupId=Consumer-topic-de6e1d7d_fe4d_4208_86a3_52249c536bf3] Successfully joined group with generation Generation{generationId=1, memberId='consumer-Consumer-topic-de6e1d7d_fe4d_4208_86a3_52249c536bf3-1-158b5785-7d3b-4c2c-9653-00a38518a29f', protocol='range'}
2025-07-31 02:21:48,234 INFO  [org.apa.kaf.cli.con.int.ConsumerCoordinator] (Thread-123) [Consumer clientId=consumer-Consumer-topic-de6e1d7d_fe4d_4208_86a3_52249c536bf3-1, groupId=Consumer-topic-de6e1d7d_fe4d_4208_86a3_52249c536bf3] Finished assignment for group at generation 1: {consumer-Consumer-topic-de6e1d7d_fe4d_4208_86a3_52249c536bf3-1-158b5785-7d3b-4c2c-9653-00a38518a29f=Assignment(partitions=[topic-de6e1d7d_fe4d_4208_86a3_52249c536bf3-0])}
2025-07-31 02:21:48,264 INFO  [org.apa.kaf.cli.con.int.ConsumerCoordinator] (Thread-123) [Consumer clientId=consumer-Consumer-topic-de6e1d7d_fe4d_4208_86a3_52249c536bf3-1, groupId=Consumer-topic-de6e1d7d_fe4d_4208_86a3_52249c536bf3] Successfully synced group in generation Generation{generationId=1, memberId='consumer-Consumer-topic-de6e1d7d_fe4d_4208_86a3_52249c536bf3-1-158b5785-7d3b-4c2c-9653-00a38518a29f', protocol='range'}
2025-07-31 02:21:48,265 INFO  [org.apa.kaf.cli.con.int.ConsumerCoordinator] (Thread-123) [Consumer clientId=consumer-Consumer-topic-de6e1d7d_fe4d_4208_86a3_52249c536bf3-1, groupId=Consumer-topic-de6e1d7d_fe4d_4208_86a3_52249c536bf3] Notifying assignor about the new Assignment(partitions=[topic-de6e1d7d_fe4d_4208_86a3_52249c536bf3-0])
2025-07-31 02:21:48,268 INFO  [org.apa.kaf.cli.con.int.ConsumerRebalanceListenerInvoker] (Thread-123) [Consumer clientId=consumer-Consumer-topic-de6e1d7d_fe4d_4208_86a3_52249c536bf3-1, groupId=Consumer-topic-de6e1d7d_fe4d_4208_86a3_52249c536bf3] Adding newly assigned partitions: topic-de6e1d7d_fe4d_4208_86a3_52249c536bf3-0
2025-07-31 02:21:48,296 INFO  [org.apa.kaf.cli.con.int.ConsumerCoordinator] (Thread-123) [Consumer clientId=consumer-Consumer-topic-de6e1d7d_fe4d_4208_86a3_52249c536bf3-1, groupId=Consumer-topic-de6e1d7d_fe4d_4208_86a3_52249c536bf3] Found no committed offset for partition topic-de6e1d7d_fe4d_4208_86a3_52249c536bf3-0
2025-07-31 02:21:48,346 INFO  [org.apa.kaf.cli.con.int.SubscriptionState] (Thread-123) [Consumer clientId=consumer-Consumer-topic-de6e1d7d_fe4d_4208_86a3_52249c536bf3-1, groupId=Consumer-topic-de6e1d7d_fe4d_4208_86a3_52249c536bf3] Resetting offset for partition topic-de6e1d7d_fe4d_4208_86a3_52249c536bf3-0 to position FetchPosition{offset=0, offsetEpoch=Optional.empty, currentLeader=LeaderAndEpoch{leader=Optional[localhost:32770 (id: 0 rack: null)], epoch=0}}.
2025-07-31 02:21:48,486 INFO  [io.api.tes.ser.api.KafkaSerdesTester] (Thread-123) topic-de6e1d7d_fe4d_4208_86a3_52249c536bf3 0 0 {"key11753928505725": "value-0"}
2025-07-31 02:21:48,486 INFO  [io.api.tes.ser.api.KafkaSerdesTester] (Thread-123) topic-de6e1d7d_fe4d_4208_86a3_52249c536bf3 0 1 {"key11753928505725": "value-1"}
2025-07-31 02:21:48,486 INFO  [io.api.tes.ser.api.KafkaSerdesTester] (Thread-123) topic-de6e1d7d_fe4d_4208_86a3_52249c536bf3 0 2 {"key11753928505725": "value-2"}
2025-07-31 02:21:48,487 INFO  [io.api.tes.ser.api.KafkaSerdesTester] (Thread-123) topic-de6e1d7d_fe4d_4208_86a3_52249c536bf3 0 3 {"key11753928505725": "value-3"}
2025-07-31 02:21:48,488 INFO  [io.api.tes.ser.api.KafkaSerdesTester] (Thread-123) topic-de6e1d7d_fe4d_4208_86a3_52249c536bf3 0 4 {"key11753928505725": "value-4"}
2025-07-31 02:21:48,488 INFO  [io.api.tes.ser.api.KafkaSerdesTester] (Thread-123) topic-de6e1d7d_fe4d_4208_86a3_52249c536bf3 0 5 {"key11753928505725": "value-5"}
2025-07-31 02:21:48,488 INFO  [io.api.tes.ser.api.KafkaSerdesTester] (Thread-123) topic-de6e1d7d_fe4d_4208_86a3_52249c536bf3 0 6 {"key11753928505725": "value-6"}
2025-07-31 02:21:48,488 INFO  [io.api.tes.ser.api.KafkaSerdesTester] (Thread-123) topic-de6e1d7d_fe4d_4208_86a3_52249c536bf3 0 7 {"key11753928505725": "value-7"}
2025-07-31 02:21:48,489 INFO  [io.api.tes.ser.api.KafkaSerdesTester] (Thread-123) topic-de6e1d7d_fe4d_4208_86a3_52249c536bf3 0 8 {"key11753928505725": "value-8"}
2025-07-31 02:21:48,489 INFO  [io.api.tes.ser.api.KafkaSerdesTester] (Thread-123) topic-de6e1d7d_fe4d_4208_86a3_52249c536bf3 0 9 {"key11753928505725": "value-9"}
2025-07-31 02:21:48,489 INFO  [io.api.tes.ser.api.KafkaSerdesTester] (Thread-123) Consumed 10 messages
2025-07-31 02:21:48,547 INFO  [org.apa.kaf.cli.con.int.ConsumerRebalanceListenerInvoker] (Thread-123) [Consumer clientId=consumer-Consumer-topic-de6e1d7d_fe4d_4208_86a3_52249c536bf3-1, groupId=Consumer-topic-de6e1d7d_fe4d_4208_86a3_52249c536bf3] Revoke previously assigned partitions topic-de6e1d7d_fe4d_4208_86a3_52249c536bf3-0
2025-07-31 02:21:48,549 INFO  [org.apa.kaf.cli.con.int.ConsumerCoordinator] (Thread-123) [Consumer clientId=consumer-Consumer-topic-de6e1d7d_fe4d_4208_86a3_52249c536bf3-1, groupId=Consumer-topic-de6e1d7d_fe4d_4208_86a3_52249c536bf3] Member consumer-Consumer-topic-de6e1d7d_fe4d_4208_86a3_52249c536bf3-1-158b5785-7d3b-4c2c-9653-00a38518a29f sending LeaveGroup request to coordinator localhost:32770 (id: 2147483647 rack: null) due to the consumer is being closed
2025-07-31 02:21:48,550 INFO  [org.apa.kaf.cli.con.int.ConsumerCoordinator] (Thread-123) [Consumer clientId=consumer-Consumer-topic-de6e1d7d_fe4d_4208_86a3_52249c536bf3-1, groupId=Consumer-topic-de6e1d7d_fe4d_4208_86a3_52249c536bf3] Resetting generation and member id due to: consumer pro-actively leaving the group
2025-07-31 02:21:48,551 INFO  [org.apa.kaf.cli.con.int.ConsumerCoordinator] (Thread-123) [Consumer clientId=consumer-Consumer-topic-de6e1d7d_fe4d_4208_86a3_52249c536bf3-1, groupId=Consumer-topic-de6e1d7d_fe4d_4208_86a3_52249c536bf3] Request joining group due to: consumer pro-actively leaving the group
2025-07-31 02:21:49,014 INFO  [org.apa.kaf.com.met.Metrics] (Thread-123) Metrics scheduler closed
2025-07-31 02:21:49,016 INFO  [org.apa.kaf.com.met.Metrics] (Thread-123) Closing reporter org.apache.kafka.common.metrics.JmxReporter
2025-07-31 02:21:49,017 INFO  [org.apa.kaf.com.met.Metrics] (Thread-123) Closing reporter org.apache.kafka.common.telemetry.internals.ClientTelemetryReporter
2025-07-31 02:21:49,017 INFO  [org.apa.kaf.com.met.Metrics] (Thread-123) Metrics reporters closed
2025-07-31 02:21:49,031 INFO  [org.apa.kaf.com.uti.AppInfoParser] (Thread-123) App info kafka.consumer for consumer-Consumer-topic-de6e1d7d_fe4d_4208_86a3_52249c536bf3-1 unregistered
2025-07-31 02:21:49,031 INFO  [io.api.tes.uti.TestSeparator] (main) io.apicurio.tests.serdes.apicurio.AvroSerdeIT.testGlobalIdInHeaders-FINISHED
2025-07-31 02:21:49,032 INFO  [io.api.tes.uti.TestSeparator] (main) ############################################################################
]]></system-out>
  </testcase>
  <testcase name="testSimpleTopicIdStrategyFindLatest" classname="io.apicurio.tests.serdes.apicurio.AvroSerdeIT" time="1.801">
    <system-out><![CDATA[2025-07-31 02:21:49,040 INFO  [io.api.tes.uti.TestSeparator] (main) ############################################################################
2025-07-31 02:21:49,040 INFO  [io.api.tes.uti.TestSeparator] (main) io.apicurio.tests.serdes.apicurio.AvroSerdeIT.testSimpleTopicIdStrategyFindLatest-STARTED
2025-07-31 02:21:49,042 INFO  [io.api.tes.ser.api.AvroSerdeIT] (main) Registering Avro Schema: {"type":"record","name":"myrecordapicurio1","fields":[{"name":"key11753928509042","type":"string"}]}
2025-07-31 02:21:50,095 INFO  [org.apa.kaf.cli.pro.ProducerConfig] (main) ProducerConfig values: 
	acks = -1
	auto.include.jmx.reporter = true
	batch.size = 16384
	bootstrap.servers = [PLAINTEXT://localhost:32770]
	buffer.memory = 33554432
	client.dns.lookup = use_all_dns_ips
	client.id = Producer-topic-03668d7d_ae98_4b35_88c3_26deb8a3792d
	compression.gzip.level = -1
	compression.lz4.level = 9
	compression.type = none
	compression.zstd.level = 3
	connections.max.idle.ms = 10000
	delivery.timeout.ms = 120000
	enable.idempotence = true
	enable.metrics.push = true
	interceptor.classes = []
	key.serializer = class org.apache.kafka.common.serialization.StringSerializer
	linger.ms = 0
	max.block.ms = 60000
	max.in.flight.requests.per.connection = 5
	max.request.size = 1048576
	metadata.max.age.ms = 300000
	metadata.max.idle.ms = 300000
	metadata.recovery.strategy = none
	metric.reporters = []
	metrics.num.samples = 2
	metrics.recording.level = INFO
	metrics.sample.window.ms = 30000
	partitioner.adaptive.partitioning.enable = true
	partitioner.availability.timeout.ms = 0
	partitioner.class = null
	partitioner.ignore.keys = false
	receive.buffer.bytes = 32768
	reconnect.backoff.max.ms = 1000
	reconnect.backoff.ms = 50
	request.timeout.ms = 5000
	retries = 2147483647
	retry.backoff.max.ms = 1000
	retry.backoff.ms = 100
	sasl.client.callback.handler.class = null
	sasl.jaas.config = null
	sasl.kerberos.kinit.cmd = /usr/bin/kinit
	sasl.kerberos.min.time.before.relogin = 60000
	sasl.kerberos.service.name = null
	sasl.kerberos.ticket.renew.jitter = 0.05
	sasl.kerberos.ticket.renew.window.factor = 0.8
	sasl.login.callback.handler.class = null
	sasl.login.class = null
	sasl.login.connect.timeout.ms = null
	sasl.login.read.timeout.ms = null
	sasl.login.refresh.buffer.seconds = 300
	sasl.login.refresh.min.period.seconds = 60
	sasl.login.refresh.window.factor = 0.8
	sasl.login.refresh.window.jitter = 0.05
	sasl.login.retry.backoff.max.ms = 10000
	sasl.login.retry.backoff.ms = 100
	sasl.mechanism = GSSAPI
	sasl.oauthbearer.clock.skew.seconds = 30
	sasl.oauthbearer.expected.audience = null
	sasl.oauthbearer.expected.issuer = null
	sasl.oauthbearer.header.urlencode = false
	sasl.oauthbearer.jwks.endpoint.refresh.ms = 3600000
	sasl.oauthbearer.jwks.endpoint.retry.backoff.max.ms = 10000
	sasl.oauthbearer.jwks.endpoint.retry.backoff.ms = 100
	sasl.oauthbearer.jwks.endpoint.url = null
	sasl.oauthbearer.scope.claim.name = scope
	sasl.oauthbearer.sub.claim.name = sub
	sasl.oauthbearer.token.endpoint.url = null
	security.protocol = PLAINTEXT
	security.providers = null
	send.buffer.bytes = 131072
	socket.connection.setup.timeout.max.ms = 30000
	socket.connection.setup.timeout.ms = 10000
	ssl.cipher.suites = null
	ssl.enabled.protocols = [TLSv1.2, TLSv1.3]
	ssl.endpoint.identification.algorithm = https
	ssl.engine.factory.class = null
	ssl.key.password = null
	ssl.keymanager.algorithm = SunX509
	ssl.keystore.certificate.chain = null
	ssl.keystore.key = null
	ssl.keystore.location = null
	ssl.keystore.password = null
	ssl.keystore.type = JKS
	ssl.protocol = TLSv1.3
	ssl.provider = null
	ssl.secure.random.implementation = null
	ssl.trustmanager.algorithm = PKIX
	ssl.truststore.certificates = null
	ssl.truststore.location = null
	ssl.truststore.password = null
	ssl.truststore.type = JKS
	transaction.timeout.ms = 60000
	transactional.id = null
	value.serializer = class io.apicurio.registry.serde.avro.AvroKafkaSerializer

2025-07-31 02:21:50,096 INFO  [org.apa.kaf.com.tel.int.KafkaMetricsCollector] (main) initializing Kafka metrics collector
2025-07-31 02:21:50,101 INFO  [org.apa.kaf.cli.pro.KafkaProducer] (main) [Producer clientId=Producer-topic-03668d7d_ae98_4b35_88c3_26deb8a3792d] Instantiated an idempotent producer.
2025-07-31 02:21:50,105 INFO  [org.apa.kaf.cli.pro.ProducerConfig] (main) These configurations '[apicurio.registry.find-latest, apicurio.registry.artifact.group-id, apicurio.registry.url, apicurio.registry.artifact-resolver-strategy]' were supplied but are not used yet.
2025-07-31 02:21:50,106 INFO  [org.apa.kaf.com.uti.AppInfoParser] (main) Kafka version: 3.9.0
2025-07-31 02:21:50,106 INFO  [org.apa.kaf.com.uti.AppInfoParser] (main) Kafka commitId: 84caaa6e9da06435
2025-07-31 02:21:50,106 INFO  [org.apa.kaf.com.uti.AppInfoParser] (main) Kafka startTimeMs: 1753928510106
2025-07-31 02:21:50,106 INFO  [io.api.tes.ser.api.SimpleSerdesTesterBuilder$SimpleSerdesTester] (main) Using producer configuration: {apicurio.registry.find-latest=true, apicurio.registry.artifact.group-id=topic-03668d7d_ae98_4b35_88c3_26deb8a3792d, apicurio.registry.url=http://registry-app-postgresql.apps.ci419.apicurio-testing.org:80/apis/registry/v3, apicurio.registry.artifact-resolver-strategy=io.apicurio.registry.serde.strategy.SimpleTopicIdStrategy, value.serializer=io.apicurio.registry.serde.avro.AvroKafkaSerializer, request.timeout.ms=5000, acks=all, bootstrap.servers=PLAINTEXT://localhost:32770, connections.max.idle.ms=10000, key.serializer=org.apache.kafka.common.serialization.StringSerializer, client.id=Producer-topic-03668d7d_ae98_4b35_88c3_26deb8a3792d}
2025-07-31 02:21:50,106 INFO  [io.api.tes.ser.api.SimpleSerdesTesterBuilder$SimpleSerdesTester] (main) Using consumer configuration: {}
2025-07-31 02:21:50,109 INFO  [io.api.tes.ser.api.KafkaSerdesTester] (Thread-126) Sending message {"key11753928509042": "value-0"} to topic topic-03668d7d_ae98_4b35_88c3_26deb8a3792d
2025-07-31 02:21:50,117 INFO  [org.apa.kaf.cli.Metadata] (kafka-producer-network-thread | Producer-topic-03668d7d_ae98_4b35_88c3_26deb8a3792d) [Producer clientId=Producer-topic-03668d7d_ae98_4b35_88c3_26deb8a3792d] Cluster ID: d3IyjYRDQrmXThhQeh46ug
2025-07-31 02:21:50,119 INFO  [org.apa.kaf.cli.pro.int.TransactionManager] (kafka-producer-network-thread | Producer-topic-03668d7d_ae98_4b35_88c3_26deb8a3792d) [Producer clientId=Producer-topic-03668d7d_ae98_4b35_88c3_26deb8a3792d] ProducerId set to 1 with epoch 0
2025-07-31 02:21:50,174 INFO  [io.api.tes.ser.api.KafkaSerdesTester] (Thread-126) Sending message {"key11753928509042": "value-1"} to topic topic-03668d7d_ae98_4b35_88c3_26deb8a3792d
2025-07-31 02:21:50,178 INFO  [io.api.tes.ser.api.KafkaSerdesTester] (Thread-126) Sending message {"key11753928509042": "value-2"} to topic topic-03668d7d_ae98_4b35_88c3_26deb8a3792d
2025-07-31 02:21:50,183 INFO  [io.api.tes.ser.api.KafkaSerdesTester] (Thread-126) Sending message {"key11753928509042": "value-3"} to topic topic-03668d7d_ae98_4b35_88c3_26deb8a3792d
2025-07-31 02:21:50,188 INFO  [io.api.tes.ser.api.KafkaSerdesTester] (Thread-126) Sending message {"key11753928509042": "value-4"} to topic topic-03668d7d_ae98_4b35_88c3_26deb8a3792d
2025-07-31 02:21:50,190 INFO  [io.api.tes.ser.api.KafkaSerdesTester] (Thread-126) Sending message {"key11753928509042": "value-5"} to topic topic-03668d7d_ae98_4b35_88c3_26deb8a3792d
2025-07-31 02:21:50,193 INFO  [io.api.tes.ser.api.KafkaSerdesTester] (Thread-126) Sending message {"key11753928509042": "value-6"} to topic topic-03668d7d_ae98_4b35_88c3_26deb8a3792d
2025-07-31 02:21:50,196 INFO  [io.api.tes.ser.api.KafkaSerdesTester] (Thread-126) Sending message {"key11753928509042": "value-7"} to topic topic-03668d7d_ae98_4b35_88c3_26deb8a3792d
2025-07-31 02:21:50,199 INFO  [io.api.tes.ser.api.KafkaSerdesTester] (Thread-126) Sending message {"key11753928509042": "value-8"} to topic topic-03668d7d_ae98_4b35_88c3_26deb8a3792d
2025-07-31 02:21:50,201 INFO  [io.api.tes.ser.api.KafkaSerdesTester] (Thread-126) Sending message {"key11753928509042": "value-9"} to topic topic-03668d7d_ae98_4b35_88c3_26deb8a3792d
2025-07-31 02:21:50,203 INFO  [io.api.tes.ser.api.KafkaSerdesTester] (Thread-126) Produced 10 messages
2025-07-31 02:21:50,203 INFO  [org.apa.kaf.cli.pro.KafkaProducer] (Thread-126) [Producer clientId=Producer-topic-03668d7d_ae98_4b35_88c3_26deb8a3792d] Closing the Kafka producer with timeoutMillis = 9223372036854775807 ms.
2025-07-31 02:21:50,210 INFO  [org.apa.kaf.com.met.Metrics] (Thread-126) Metrics scheduler closed
2025-07-31 02:21:50,210 INFO  [org.apa.kaf.com.met.Metrics] (Thread-126) Closing reporter org.apache.kafka.common.metrics.JmxReporter
2025-07-31 02:21:50,211 INFO  [org.apa.kaf.com.met.Metrics] (Thread-126) Closing reporter org.apache.kafka.common.telemetry.internals.ClientTelemetryReporter
2025-07-31 02:21:50,211 INFO  [org.apa.kaf.com.met.Metrics] (Thread-126) Metrics reporters closed
2025-07-31 02:21:50,211 INFO  [org.apa.kaf.com.uti.AppInfoParser] (Thread-126) App info kafka.producer for Producer-topic-03668d7d_ae98_4b35_88c3_26deb8a3792d unregistered
2025-07-31 02:21:50,212 INFO  [org.apa.kaf.cli.con.ConsumerConfig] (main) ConsumerConfig values: 
	allow.auto.create.topics = true
	auto.commit.interval.ms = 500
	auto.include.jmx.reporter = true
	auto.offset.reset = earliest
	bootstrap.servers = [PLAINTEXT://localhost:32770]
	check.crcs = true
	client.dns.lookup = use_all_dns_ips
	client.id = consumer-Consumer-topic-03668d7d_ae98_4b35_88c3_26deb8a3792d-2
	client.rack = 
	connections.max.idle.ms = 10000
	default.api.timeout.ms = 60000
	enable.auto.commit = true
	enable.metrics.push = true
	exclude.internal.topics = true
	fetch.max.bytes = 52428800
	fetch.max.wait.ms = 500
	fetch.min.bytes = 1
	group.id = Consumer-topic-03668d7d_ae98_4b35_88c3_26deb8a3792d
	group.instance.id = null
	group.protocol = classic
	group.remote.assignor = null
	heartbeat.interval.ms = 3000
	interceptor.classes = []
	internal.leave.group.on.close = true
	internal.throw.on.fetch.stable.offset.unsupported = false
	isolation.level = read_uncommitted
	key.deserializer = class org.apache.kafka.common.serialization.StringDeserializer
	max.partition.fetch.bytes = 1048576
	max.poll.interval.ms = 300000
	max.poll.records = 500
	metadata.max.age.ms = 300000
	metadata.recovery.strategy = none
	metric.reporters = []
	metrics.num.samples = 2
	metrics.recording.level = INFO
	metrics.sample.window.ms = 30000
	partition.assignment.strategy = [class org.apache.kafka.clients.consumer.RangeAssignor, class org.apache.kafka.clients.consumer.CooperativeStickyAssignor]
	receive.buffer.bytes = 65536
	reconnect.backoff.max.ms = 1000
	reconnect.backoff.ms = 50
	request.timeout.ms = 5000
	retry.backoff.max.ms = 1000
	retry.backoff.ms = 100
	sasl.client.callback.handler.class = null
	sasl.jaas.config = null
	sasl.kerberos.kinit.cmd = /usr/bin/kinit
	sasl.kerberos.min.time.before.relogin = 60000
	sasl.kerberos.service.name = null
	sasl.kerberos.ticket.renew.jitter = 0.05
	sasl.kerberos.ticket.renew.window.factor = 0.8
	sasl.login.callback.handler.class = null
	sasl.login.class = null
	sasl.login.connect.timeout.ms = null
	sasl.login.read.timeout.ms = null
	sasl.login.refresh.buffer.seconds = 300
	sasl.login.refresh.min.period.seconds = 60
	sasl.login.refresh.window.factor = 0.8
	sasl.login.refresh.window.jitter = 0.05
	sasl.login.retry.backoff.max.ms = 10000
	sasl.login.retry.backoff.ms = 100
	sasl.mechanism = GSSAPI
	sasl.oauthbearer.clock.skew.seconds = 30
	sasl.oauthbearer.expected.audience = null
	sasl.oauthbearer.expected.issuer = null
	sasl.oauthbearer.header.urlencode = false
	sasl.oauthbearer.jwks.endpoint.refresh.ms = 3600000
	sasl.oauthbearer.jwks.endpoint.retry.backoff.max.ms = 10000
	sasl.oauthbearer.jwks.endpoint.retry.backoff.ms = 100
	sasl.oauthbearer.jwks.endpoint.url = null
	sasl.oauthbearer.scope.claim.name = scope
	sasl.oauthbearer.sub.claim.name = sub
	sasl.oauthbearer.token.endpoint.url = null
	security.protocol = PLAINTEXT
	security.providers = null
	send.buffer.bytes = 131072
	session.timeout.ms = 45000
	socket.connection.setup.timeout.max.ms = 30000
	socket.connection.setup.timeout.ms = 10000
	ssl.cipher.suites = null
	ssl.enabled.protocols = [TLSv1.2, TLSv1.3]
	ssl.endpoint.identification.algorithm = https
	ssl.engine.factory.class = null
	ssl.key.password = null
	ssl.keymanager.algorithm = SunX509
	ssl.keystore.certificate.chain = null
	ssl.keystore.key = null
	ssl.keystore.location = null
	ssl.keystore.password = null
	ssl.keystore.type = JKS
	ssl.protocol = TLSv1.3
	ssl.provider = null
	ssl.secure.random.implementation = null
	ssl.trustmanager.algorithm = PKIX
	ssl.truststore.certificates = null
	ssl.truststore.location = null
	ssl.truststore.password = null
	ssl.truststore.type = JKS
	value.deserializer = class io.apicurio.registry.serde.avro.AvroKafkaDeserializer

2025-07-31 02:21:50,212 INFO  [org.apa.kaf.com.tel.int.KafkaMetricsCollector] (main) initializing Kafka metrics collector
2025-07-31 02:21:50,226 INFO  [org.apa.kaf.cli.con.ConsumerConfig] (main) These configurations '[apicurio.registry.url]' were supplied but are not used yet.
2025-07-31 02:21:50,226 INFO  [org.apa.kaf.com.uti.AppInfoParser] (main) Kafka version: 3.9.0
2025-07-31 02:21:50,226 INFO  [org.apa.kaf.com.uti.AppInfoParser] (main) Kafka commitId: 84caaa6e9da06435
2025-07-31 02:21:50,226 INFO  [org.apa.kaf.com.uti.AppInfoParser] (main) Kafka startTimeMs: 1753928510226
2025-07-31 02:21:50,227 INFO  [org.apa.kaf.cli.con.int.ClassicKafkaConsumer] (Thread-129) [Consumer clientId=consumer-Consumer-topic-03668d7d_ae98_4b35_88c3_26deb8a3792d-2, groupId=Consumer-topic-03668d7d_ae98_4b35_88c3_26deb8a3792d] Subscribed to topic(s): topic-03668d7d_ae98_4b35_88c3_26deb8a3792d
2025-07-31 02:21:50,243 INFO  [org.apa.kaf.cli.Metadata] (Thread-129) [Consumer clientId=consumer-Consumer-topic-03668d7d_ae98_4b35_88c3_26deb8a3792d-2, groupId=Consumer-topic-03668d7d_ae98_4b35_88c3_26deb8a3792d] Cluster ID: d3IyjYRDQrmXThhQeh46ug
2025-07-31 02:21:50,245 INFO  [org.apa.kaf.cli.con.int.ConsumerCoordinator] (Thread-129) [Consumer clientId=consumer-Consumer-topic-03668d7d_ae98_4b35_88c3_26deb8a3792d-2, groupId=Consumer-topic-03668d7d_ae98_4b35_88c3_26deb8a3792d] Discovered group coordinator localhost:32770 (id: 2147483647 rack: null)
2025-07-31 02:21:50,249 INFO  [org.apa.kaf.cli.con.int.ConsumerCoordinator] (Thread-129) [Consumer clientId=consumer-Consumer-topic-03668d7d_ae98_4b35_88c3_26deb8a3792d-2, groupId=Consumer-topic-03668d7d_ae98_4b35_88c3_26deb8a3792d] (Re-)joining group
2025-07-31 02:21:50,256 INFO  [org.apa.kaf.cli.con.int.ConsumerCoordinator] (Thread-129) [Consumer clientId=consumer-Consumer-topic-03668d7d_ae98_4b35_88c3_26deb8a3792d-2, groupId=Consumer-topic-03668d7d_ae98_4b35_88c3_26deb8a3792d] Request joining group due to: need to re-join with the given member-id: consumer-Consumer-topic-03668d7d_ae98_4b35_88c3_26deb8a3792d-2-4b637765-4820-406c-87a7-cb568906e438
2025-07-31 02:21:50,256 INFO  [org.apa.kaf.cli.con.int.ConsumerCoordinator] (Thread-129) [Consumer clientId=consumer-Consumer-topic-03668d7d_ae98_4b35_88c3_26deb8a3792d-2, groupId=Consumer-topic-03668d7d_ae98_4b35_88c3_26deb8a3792d] (Re-)joining group
2025-07-31 02:21:50,261 INFO  [org.apa.kaf.cli.con.int.ConsumerCoordinator] (Thread-129) [Consumer clientId=consumer-Consumer-topic-03668d7d_ae98_4b35_88c3_26deb8a3792d-2, groupId=Consumer-topic-03668d7d_ae98_4b35_88c3_26deb8a3792d] Successfully joined group with generation Generation{generationId=1, memberId='consumer-Consumer-topic-03668d7d_ae98_4b35_88c3_26deb8a3792d-2-4b637765-4820-406c-87a7-cb568906e438', protocol='range'}
2025-07-31 02:21:50,262 INFO  [org.apa.kaf.cli.con.int.ConsumerCoordinator] (Thread-129) [Consumer clientId=consumer-Consumer-topic-03668d7d_ae98_4b35_88c3_26deb8a3792d-2, groupId=Consumer-topic-03668d7d_ae98_4b35_88c3_26deb8a3792d] Finished assignment for group at generation 1: {consumer-Consumer-topic-03668d7d_ae98_4b35_88c3_26deb8a3792d-2-4b637765-4820-406c-87a7-cb568906e438=Assignment(partitions=[topic-03668d7d_ae98_4b35_88c3_26deb8a3792d-0])}
2025-07-31 02:21:50,270 INFO  [org.apa.kaf.cli.con.int.ConsumerCoordinator] (Thread-129) [Consumer clientId=consumer-Consumer-topic-03668d7d_ae98_4b35_88c3_26deb8a3792d-2, groupId=Consumer-topic-03668d7d_ae98_4b35_88c3_26deb8a3792d] Successfully synced group in generation Generation{generationId=1, memberId='consumer-Consumer-topic-03668d7d_ae98_4b35_88c3_26deb8a3792d-2-4b637765-4820-406c-87a7-cb568906e438', protocol='range'}
2025-07-31 02:21:50,270 INFO  [org.apa.kaf.cli.con.int.ConsumerCoordinator] (Thread-129) [Consumer clientId=consumer-Consumer-topic-03668d7d_ae98_4b35_88c3_26deb8a3792d-2, groupId=Consumer-topic-03668d7d_ae98_4b35_88c3_26deb8a3792d] Notifying assignor about the new Assignment(partitions=[topic-03668d7d_ae98_4b35_88c3_26deb8a3792d-0])
2025-07-31 02:21:50,270 INFO  [org.apa.kaf.cli.con.int.ConsumerRebalanceListenerInvoker] (Thread-129) [Consumer clientId=consumer-Consumer-topic-03668d7d_ae98_4b35_88c3_26deb8a3792d-2, groupId=Consumer-topic-03668d7d_ae98_4b35_88c3_26deb8a3792d] Adding newly assigned partitions: topic-03668d7d_ae98_4b35_88c3_26deb8a3792d-0
2025-07-31 02:21:50,272 INFO  [org.apa.kaf.cli.con.int.ConsumerCoordinator] (Thread-129) [Consumer clientId=consumer-Consumer-topic-03668d7d_ae98_4b35_88c3_26deb8a3792d-2, groupId=Consumer-topic-03668d7d_ae98_4b35_88c3_26deb8a3792d] Found no committed offset for partition topic-03668d7d_ae98_4b35_88c3_26deb8a3792d-0
2025-07-31 02:21:50,280 INFO  [org.apa.kaf.cli.con.int.SubscriptionState] (Thread-129) [Consumer clientId=consumer-Consumer-topic-03668d7d_ae98_4b35_88c3_26deb8a3792d-2, groupId=Consumer-topic-03668d7d_ae98_4b35_88c3_26deb8a3792d] Resetting offset for partition topic-03668d7d_ae98_4b35_88c3_26deb8a3792d-0 to position FetchPosition{offset=0, offsetEpoch=Optional.empty, currentLeader=LeaderAndEpoch{leader=Optional[localhost:32770 (id: 0 rack: null)], epoch=0}}.
2025-07-31 02:21:50,322 INFO  [io.api.tes.ser.api.KafkaSerdesTester] (Thread-129) topic-03668d7d_ae98_4b35_88c3_26deb8a3792d 0 0 {"key11753928509042": "value-0"}
2025-07-31 02:21:50,322 INFO  [io.api.tes.ser.api.KafkaSerdesTester] (Thread-129) topic-03668d7d_ae98_4b35_88c3_26deb8a3792d 0 1 {"key11753928509042": "value-1"}
2025-07-31 02:21:50,322 INFO  [io.api.tes.ser.api.KafkaSerdesTester] (Thread-129) topic-03668d7d_ae98_4b35_88c3_26deb8a3792d 0 2 {"key11753928509042": "value-2"}
2025-07-31 02:21:50,322 INFO  [io.api.tes.ser.api.KafkaSerdesTester] (Thread-129) topic-03668d7d_ae98_4b35_88c3_26deb8a3792d 0 3 {"key11753928509042": "value-3"}
2025-07-31 02:21:50,323 INFO  [io.api.tes.ser.api.KafkaSerdesTester] (Thread-129) topic-03668d7d_ae98_4b35_88c3_26deb8a3792d 0 4 {"key11753928509042": "value-4"}
2025-07-31 02:21:50,323 INFO  [io.api.tes.ser.api.KafkaSerdesTester] (Thread-129) topic-03668d7d_ae98_4b35_88c3_26deb8a3792d 0 5 {"key11753928509042": "value-5"}
2025-07-31 02:21:50,323 INFO  [io.api.tes.ser.api.KafkaSerdesTester] (Thread-129) topic-03668d7d_ae98_4b35_88c3_26deb8a3792d 0 6 {"key11753928509042": "value-6"}
2025-07-31 02:21:50,323 INFO  [io.api.tes.ser.api.KafkaSerdesTester] (Thread-129) topic-03668d7d_ae98_4b35_88c3_26deb8a3792d 0 7 {"key11753928509042": "value-7"}
2025-07-31 02:21:50,323 INFO  [io.api.tes.ser.api.KafkaSerdesTester] (Thread-129) topic-03668d7d_ae98_4b35_88c3_26deb8a3792d 0 8 {"key11753928509042": "value-8"}
2025-07-31 02:21:50,323 INFO  [io.api.tes.ser.api.KafkaSerdesTester] (Thread-129) topic-03668d7d_ae98_4b35_88c3_26deb8a3792d 0 9 {"key11753928509042": "value-9"}
2025-07-31 02:21:50,323 INFO  [io.api.tes.ser.api.KafkaSerdesTester] (Thread-129) Consumed 10 messages
2025-07-31 02:21:50,334 INFO  [org.apa.kaf.cli.con.int.ConsumerRebalanceListenerInvoker] (Thread-129) [Consumer clientId=consumer-Consumer-topic-03668d7d_ae98_4b35_88c3_26deb8a3792d-2, groupId=Consumer-topic-03668d7d_ae98_4b35_88c3_26deb8a3792d] Revoke previously assigned partitions topic-03668d7d_ae98_4b35_88c3_26deb8a3792d-0
2025-07-31 02:21:50,335 INFO  [org.apa.kaf.cli.con.int.ConsumerCoordinator] (Thread-129) [Consumer clientId=consumer-Consumer-topic-03668d7d_ae98_4b35_88c3_26deb8a3792d-2, groupId=Consumer-topic-03668d7d_ae98_4b35_88c3_26deb8a3792d] Member consumer-Consumer-topic-03668d7d_ae98_4b35_88c3_26deb8a3792d-2-4b637765-4820-406c-87a7-cb568906e438 sending LeaveGroup request to coordinator localhost:32770 (id: 2147483647 rack: null) due to the consumer is being closed
2025-07-31 02:21:50,339 INFO  [org.apa.kaf.cli.con.int.ConsumerCoordinator] (Thread-129) [Consumer clientId=consumer-Consumer-topic-03668d7d_ae98_4b35_88c3_26deb8a3792d-2, groupId=Consumer-topic-03668d7d_ae98_4b35_88c3_26deb8a3792d] Resetting generation and member id due to: consumer pro-actively leaving the group
2025-07-31 02:21:50,339 INFO  [org.apa.kaf.cli.con.int.ConsumerCoordinator] (Thread-129) [Consumer clientId=consumer-Consumer-topic-03668d7d_ae98_4b35_88c3_26deb8a3792d-2, groupId=Consumer-topic-03668d7d_ae98_4b35_88c3_26deb8a3792d] Request joining group due to: consumer pro-actively leaving the group
2025-07-31 02:21:50,828 INFO  [org.apa.kaf.com.met.Metrics] (Thread-129) Metrics scheduler closed
2025-07-31 02:21:50,828 INFO  [org.apa.kaf.com.met.Metrics] (Thread-129) Closing reporter org.apache.kafka.common.metrics.JmxReporter
2025-07-31 02:21:50,829 INFO  [org.apa.kaf.com.met.Metrics] (Thread-129) Closing reporter org.apache.kafka.common.telemetry.internals.ClientTelemetryReporter
2025-07-31 02:21:50,829 INFO  [org.apa.kaf.com.met.Metrics] (Thread-129) Metrics reporters closed
2025-07-31 02:21:50,832 INFO  [org.apa.kaf.com.uti.AppInfoParser] (Thread-129) App info kafka.consumer for consumer-Consumer-topic-03668d7d_ae98_4b35_88c3_26deb8a3792d-2 unregistered
2025-07-31 02:21:50,833 INFO  [io.api.tes.uti.TestSeparator] (main) io.apicurio.tests.serdes.apicurio.AvroSerdeIT.testSimpleTopicIdStrategyFindLatest-FINISHED
2025-07-31 02:21:50,833 INFO  [io.api.tes.uti.TestSeparator] (main) ############################################################################
]]></system-out>
  </testcase>
  <testcase name="testWrongSchema" classname="io.apicurio.tests.serdes.apicurio.AvroSerdeIT" time="1.121">
    <system-out><![CDATA[2025-07-31 02:21:50,838 INFO  [io.api.tes.uti.TestSeparator] (main) ############################################################################
2025-07-31 02:21:50,838 INFO  [io.api.tes.uti.TestSeparator] (main) io.apicurio.tests.serdes.apicurio.AvroSerdeIT.testWrongSchema-STARTED
2025-07-31 02:21:51,898 INFO  [org.apa.kaf.cli.pro.ProducerConfig] (main) ProducerConfig values: 
	acks = -1
	auto.include.jmx.reporter = true
	batch.size = 16384
	bootstrap.servers = [PLAINTEXT://localhost:32770]
	buffer.memory = 33554432
	client.dns.lookup = use_all_dns_ips
	client.id = Producer-sfc346ed6xdeebx445axb41axb1d6ab88b86c
	compression.gzip.level = -1
	compression.lz4.level = 9
	compression.type = none
	compression.zstd.level = 3
	connections.max.idle.ms = 10000
	delivery.timeout.ms = 120000
	enable.idempotence = true
	enable.metrics.push = true
	interceptor.classes = []
	key.serializer = class org.apache.kafka.common.serialization.StringSerializer
	linger.ms = 0
	max.block.ms = 60000
	max.in.flight.requests.per.connection = 5
	max.request.size = 1048576
	metadata.max.age.ms = 300000
	metadata.max.idle.ms = 300000
	metadata.recovery.strategy = none
	metric.reporters = []
	metrics.num.samples = 2
	metrics.recording.level = INFO
	metrics.sample.window.ms = 30000
	partitioner.adaptive.partitioning.enable = true
	partitioner.availability.timeout.ms = 0
	partitioner.class = null
	partitioner.ignore.keys = false
	receive.buffer.bytes = 32768
	reconnect.backoff.max.ms = 1000
	reconnect.backoff.ms = 50
	request.timeout.ms = 5000
	retries = 2147483647
	retry.backoff.max.ms = 1000
	retry.backoff.ms = 100
	sasl.client.callback.handler.class = null
	sasl.jaas.config = null
	sasl.kerberos.kinit.cmd = /usr/bin/kinit
	sasl.kerberos.min.time.before.relogin = 60000
	sasl.kerberos.service.name = null
	sasl.kerberos.ticket.renew.jitter = 0.05
	sasl.kerberos.ticket.renew.window.factor = 0.8
	sasl.login.callback.handler.class = null
	sasl.login.class = null
	sasl.login.connect.timeout.ms = null
	sasl.login.read.timeout.ms = null
	sasl.login.refresh.buffer.seconds = 300
	sasl.login.refresh.min.period.seconds = 60
	sasl.login.refresh.window.factor = 0.8
	sasl.login.refresh.window.jitter = 0.05
	sasl.login.retry.backoff.max.ms = 10000
	sasl.login.retry.backoff.ms = 100
	sasl.mechanism = GSSAPI
	sasl.oauthbearer.clock.skew.seconds = 30
	sasl.oauthbearer.expected.audience = null
	sasl.oauthbearer.expected.issuer = null
	sasl.oauthbearer.header.urlencode = false
	sasl.oauthbearer.jwks.endpoint.refresh.ms = 3600000
	sasl.oauthbearer.jwks.endpoint.retry.backoff.max.ms = 10000
	sasl.oauthbearer.jwks.endpoint.retry.backoff.ms = 100
	sasl.oauthbearer.jwks.endpoint.url = null
	sasl.oauthbearer.scope.claim.name = scope
	sasl.oauthbearer.sub.claim.name = sub
	sasl.oauthbearer.token.endpoint.url = null
	security.protocol = PLAINTEXT
	security.providers = null
	send.buffer.bytes = 131072
	socket.connection.setup.timeout.max.ms = 30000
	socket.connection.setup.timeout.ms = 10000
	ssl.cipher.suites = null
	ssl.enabled.protocols = [TLSv1.2, TLSv1.3]
	ssl.endpoint.identification.algorithm = https
	ssl.engine.factory.class = null
	ssl.key.password = null
	ssl.keymanager.algorithm = SunX509
	ssl.keystore.certificate.chain = null
	ssl.keystore.key = null
	ssl.keystore.location = null
	ssl.keystore.password = null
	ssl.keystore.type = JKS
	ssl.protocol = TLSv1.3
	ssl.provider = null
	ssl.secure.random.implementation = null
	ssl.trustmanager.algorithm = PKIX
	ssl.truststore.certificates = null
	ssl.truststore.location = null
	ssl.truststore.password = null
	ssl.truststore.type = JKS
	transaction.timeout.ms = 60000
	transactional.id = null
	value.serializer = class io.apicurio.registry.serde.avro.AvroKafkaSerializer

2025-07-31 02:21:51,899 INFO  [org.apa.kaf.com.tel.int.KafkaMetricsCollector] (main) initializing Kafka metrics collector
2025-07-31 02:21:51,902 INFO  [org.apa.kaf.cli.pro.KafkaProducer] (main) [Producer clientId=Producer-sfc346ed6xdeebx445axb41axb1d6ab88b86c] Instantiated an idempotent producer.
2025-07-31 02:21:51,906 INFO  [org.apa.kaf.cli.pro.ProducerConfig] (main) These configurations '[apicurio.registry.find-latest, apicurio.registry.url, apicurio.registry.artifact-resolver-strategy]' were supplied but are not used yet.
2025-07-31 02:21:51,906 INFO  [org.apa.kaf.com.uti.AppInfoParser] (main) Kafka version: 3.9.0
2025-07-31 02:21:51,906 INFO  [org.apa.kaf.com.uti.AppInfoParser] (main) Kafka commitId: 84caaa6e9da06435
2025-07-31 02:21:51,906 INFO  [org.apa.kaf.com.uti.AppInfoParser] (main) Kafka startTimeMs: 1753928511906
2025-07-31 02:21:51,910 INFO  [io.api.tes.ser.api.KafkaSerdesTester] (Thread-132) Sending message {"keyB": "value-0"} to topic sfc346ed6xdeebx445axb41axb1d6ab88b86c
2025-07-31 02:21:51,915 INFO  [org.apa.kaf.cli.Metadata] (kafka-producer-network-thread | Producer-sfc346ed6xdeebx445axb41axb1d6ab88b86c) [Producer clientId=Producer-sfc346ed6xdeebx445axb41axb1d6ab88b86c] Cluster ID: d3IyjYRDQrmXThhQeh46ug
2025-07-31 02:21:51,916 INFO  [org.apa.kaf.cli.pro.int.TransactionManager] (kafka-producer-network-thread | Producer-sfc346ed6xdeebx445axb41axb1d6ab88b86c) [Producer clientId=Producer-sfc346ed6xdeebx445axb41axb1d6ab88b86c] ProducerId set to 2 with epoch 0
2025-07-31 02:21:51,950 INFO  [org.apa.kaf.cli.pro.KafkaProducer] (Thread-132) [Producer clientId=Producer-sfc346ed6xdeebx445axb41axb1d6ab88b86c] Closing the Kafka producer with timeoutMillis = 9223372036854775807 ms.
2025-07-31 02:21:51,954 INFO  [org.apa.kaf.com.met.Metrics] (Thread-132) Metrics scheduler closed
2025-07-31 02:21:51,954 INFO  [org.apa.kaf.com.met.Metrics] (Thread-132) Closing reporter org.apache.kafka.common.metrics.JmxReporter
2025-07-31 02:21:51,954 INFO  [org.apa.kaf.com.met.Metrics] (Thread-132) Closing reporter org.apache.kafka.common.telemetry.internals.ClientTelemetryReporter
2025-07-31 02:21:51,954 INFO  [org.apa.kaf.com.met.Metrics] (Thread-132) Metrics reporters closed
2025-07-31 02:21:51,954 INFO  [org.apa.kaf.com.uti.AppInfoParser] (Thread-132) App info kafka.producer for Producer-sfc346ed6xdeebx445axb41axb1d6ab88b86c unregistered
2025-07-31 02:21:51,955 INFO  [io.api.tes.uti.TestSeparator] (main) io.apicurio.tests.serdes.apicurio.AvroSerdeIT.testWrongSchema-FINISHED
2025-07-31 02:21:51,955 INFO  [io.api.tes.uti.TestSeparator] (main) ############################################################################
]]></system-out>
    <system-err><![CDATA[io.apicurio.registry.rest.client.models.ProblemDetails
	at io.apicurio.registry.rest.client.models.ProblemDetails.createFromDiscriminatorValue(ProblemDetails.java:58)
	at io.kiota.serialization.json.JsonParseNode.getObjectValue(JsonParseNode.java:247)
	at io.kiota.http.vertx.VertXRequestAdapter.lambda$throwIfFailedResponse$0(VertXRequestAdapter.java:400)
	at com.microsoft.kiota.ApiExceptionBuilder.<init>(ApiExceptionBuilder.java:26)
	at io.kiota.http.vertx.VertXRequestAdapter.throwIfFailedResponse(VertXRequestAdapter.java:399)
	at io.kiota.http.vertx.VertXRequestAdapter.send(VertXRequestAdapter.java:170)
	at io.apicurio.registry.rest.client.groups.item.artifacts.item.versions.item.WithVersionExpressionItemRequestBuilder.get(WithVersionExpressionItemRequestBuilder.java:128)
	at io.apicurio.registry.rest.client.groups.item.artifacts.item.versions.item.WithVersionExpressionItemRequestBuilder.get(WithVersionExpressionItemRequestBuilder.java:111)
	at io.apicurio.registry.resolver.DefaultSchemaResolver.resolveByCoordinates(DefaultSchemaResolver.java:469)
	at io.apicurio.registry.resolver.DefaultSchemaResolver.lambda$resolveSchemaByArtifactReferenceCached$12(DefaultSchemaResolver.java:451)
	at io.apicurio.registry.resolver.ERCache.lambda$getValue$0(ERCache.java:181)
	at io.apicurio.registry.resolver.ERCache.retry(ERCache.java:234)
	at io.apicurio.registry.resolver.ERCache.getValue(ERCache.java:180)
	at io.apicurio.registry.resolver.ERCache.getByArtifactCoordinates(ERCache.java:165)
	at io.apicurio.registry.resolver.DefaultSchemaResolver.resolveSchemaByArtifactReferenceCached(DefaultSchemaResolver.java:449)
	at io.apicurio.registry.resolver.DefaultSchemaResolver.resolveSchemaByCoordinates(DefaultSchemaResolver.java:201)
	at io.apicurio.registry.resolver.DefaultSchemaResolver.getSchemaFromRegistry(DefaultSchemaResolver.java:134)
	at io.apicurio.registry.resolver.DefaultSchemaResolver.lambda$resolveSchema$0(DefaultSchemaResolver.java:86)
	at java.base/java.util.Optional.orElseGet(Optional.java:364)
	at io.apicurio.registry.resolver.DefaultSchemaResolver.resolveSchema(DefaultSchemaResolver.java:86)
	at io.apicurio.registry.serde.AbstractSerializer.serializeData(AbstractSerializer.java:62)
	at io.apicurio.registry.serde.KafkaSerializer.serialize(KafkaSerializer.java:77)
	at org.apache.kafka.clients.producer.KafkaProducer.doSend(KafkaProducer.java:1046)
	at org.apache.kafka.clients.producer.KafkaProducer.send(KafkaProducer.java:993)
	at org.apache.kafka.clients.producer.KafkaProducer.send(KafkaProducer.java:875)
	at io.apicurio.tests.serdes.apicurio.KafkaSerdesTester.lambda$produceMessages$3(KafkaSerdesTester.java:138)
	at java.base/java.util.concurrent.CompletableFuture$AsyncSupply.run(CompletableFuture.java:1768)
	at java.base/java.lang.Thread.run(Thread.java:840)
]]></system-err>
  </testcase>
  <testcase name="testAvroJSON" classname="io.apicurio.tests.serdes.apicurio.AvroSerdeIT" time="0.898">
    <system-out><![CDATA[2025-07-31 02:21:51,958 INFO  [io.api.tes.uti.TestSeparator] (main) ############################################################################
2025-07-31 02:21:51,958 INFO  [io.api.tes.uti.TestSeparator] (main) io.apicurio.tests.serdes.apicurio.AvroSerdeIT.testAvroJSON-STARTED
2025-07-31 02:21:51,961 INFO  [org.apa.kaf.cli.pro.ProducerConfig] (main) ProducerConfig values: 
	acks = -1
	auto.include.jmx.reporter = true
	batch.size = 16384
	bootstrap.servers = [PLAINTEXT://localhost:32770]
	buffer.memory = 33554432
	client.dns.lookup = use_all_dns_ips
	client.id = Producer-topic-d74a6acc_b656_4458_907b_1235f3a2ee0b
	compression.gzip.level = -1
	compression.lz4.level = 9
	compression.type = none
	compression.zstd.level = 3
	connections.max.idle.ms = 10000
	delivery.timeout.ms = 120000
	enable.idempotence = true
	enable.metrics.push = true
	interceptor.classes = []
	key.serializer = class org.apache.kafka.common.serialization.StringSerializer
	linger.ms = 0
	max.block.ms = 60000
	max.in.flight.requests.per.connection = 5
	max.request.size = 1048576
	metadata.max.age.ms = 300000
	metadata.max.idle.ms = 300000
	metadata.recovery.strategy = none
	metric.reporters = []
	metrics.num.samples = 2
	metrics.recording.level = INFO
	metrics.sample.window.ms = 30000
	partitioner.adaptive.partitioning.enable = true
	partitioner.availability.timeout.ms = 0
	partitioner.class = null
	partitioner.ignore.keys = false
	receive.buffer.bytes = 32768
	reconnect.backoff.max.ms = 1000
	reconnect.backoff.ms = 50
	request.timeout.ms = 5000
	retries = 2147483647
	retry.backoff.max.ms = 1000
	retry.backoff.ms = 100
	sasl.client.callback.handler.class = null
	sasl.jaas.config = null
	sasl.kerberos.kinit.cmd = /usr/bin/kinit
	sasl.kerberos.min.time.before.relogin = 60000
	sasl.kerberos.service.name = null
	sasl.kerberos.ticket.renew.jitter = 0.05
	sasl.kerberos.ticket.renew.window.factor = 0.8
	sasl.login.callback.handler.class = null
	sasl.login.class = null
	sasl.login.connect.timeout.ms = null
	sasl.login.read.timeout.ms = null
	sasl.login.refresh.buffer.seconds = 300
	sasl.login.refresh.min.period.seconds = 60
	sasl.login.refresh.window.factor = 0.8
	sasl.login.refresh.window.jitter = 0.05
	sasl.login.retry.backoff.max.ms = 10000
	sasl.login.retry.backoff.ms = 100
	sasl.mechanism = GSSAPI
	sasl.oauthbearer.clock.skew.seconds = 30
	sasl.oauthbearer.expected.audience = null
	sasl.oauthbearer.expected.issuer = null
	sasl.oauthbearer.header.urlencode = false
	sasl.oauthbearer.jwks.endpoint.refresh.ms = 3600000
	sasl.oauthbearer.jwks.endpoint.retry.backoff.max.ms = 10000
	sasl.oauthbearer.jwks.endpoint.retry.backoff.ms = 100
	sasl.oauthbearer.jwks.endpoint.url = null
	sasl.oauthbearer.scope.claim.name = scope
	sasl.oauthbearer.sub.claim.name = sub
	sasl.oauthbearer.token.endpoint.url = null
	security.protocol = PLAINTEXT
	security.providers = null
	send.buffer.bytes = 131072
	socket.connection.setup.timeout.max.ms = 30000
	socket.connection.setup.timeout.ms = 10000
	ssl.cipher.suites = null
	ssl.enabled.protocols = [TLSv1.2, TLSv1.3]
	ssl.endpoint.identification.algorithm = https
	ssl.engine.factory.class = null
	ssl.key.password = null
	ssl.keymanager.algorithm = SunX509
	ssl.keystore.certificate.chain = null
	ssl.keystore.key = null
	ssl.keystore.location = null
	ssl.keystore.password = null
	ssl.keystore.type = JKS
	ssl.protocol = TLSv1.3
	ssl.provider = null
	ssl.secure.random.implementation = null
	ssl.trustmanager.algorithm = PKIX
	ssl.truststore.certificates = null
	ssl.truststore.location = null
	ssl.truststore.password = null
	ssl.truststore.type = JKS
	transaction.timeout.ms = 60000
	transactional.id = null
	value.serializer = class io.apicurio.registry.serde.avro.AvroKafkaSerializer

2025-07-31 02:21:51,962 INFO  [org.apa.kaf.com.tel.int.KafkaMetricsCollector] (main) initializing Kafka metrics collector
2025-07-31 02:21:51,978 INFO  [org.apa.kaf.cli.pro.KafkaProducer] (main) [Producer clientId=Producer-topic-d74a6acc_b656_4458_907b_1235f3a2ee0b] Instantiated an idempotent producer.
2025-07-31 02:21:52,003 INFO  [org.apa.kaf.cli.pro.ProducerConfig] (main) These configurations '[apicurio.registry.avro.encoding, apicurio.registry.url, apicurio.registry.auto-register, apicurio.registry.artifact-resolver-strategy]' were supplied but are not used yet.
2025-07-31 02:21:52,004 INFO  [org.apa.kaf.com.uti.AppInfoParser] (main) Kafka version: 3.9.0
2025-07-31 02:21:52,004 INFO  [org.apa.kaf.com.uti.AppInfoParser] (main) Kafka commitId: 84caaa6e9da06435
2025-07-31 02:21:52,004 INFO  [org.apa.kaf.com.uti.AppInfoParser] (main) Kafka startTimeMs: 1753928512004
2025-07-31 02:21:52,004 INFO  [io.api.tes.ser.api.SimpleSerdesTesterBuilder$SimpleSerdesTester] (main) Using producer configuration: {apicurio.registry.avro.encoding=JSON, apicurio.registry.url=http://registry-app-postgresql.apps.ci419.apicurio-testing.org:80/apis/registry/v3, apicurio.registry.auto-register=true, apicurio.registry.artifact-resolver-strategy=io.apicurio.registry.serde.strategy.TopicIdStrategy, value.serializer=io.apicurio.registry.serde.avro.AvroKafkaSerializer, request.timeout.ms=5000, acks=all, bootstrap.servers=PLAINTEXT://localhost:32770, connections.max.idle.ms=10000, key.serializer=org.apache.kafka.common.serialization.StringSerializer, client.id=Producer-topic-d74a6acc_b656_4458_907b_1235f3a2ee0b}
2025-07-31 02:21:52,004 INFO  [io.api.tes.ser.api.SimpleSerdesTesterBuilder$SimpleSerdesTester] (main) Using consumer configuration: {apicurio.registry.avro.encoding=JSON}
2025-07-31 02:21:52,005 INFO  [io.api.tes.ser.api.KafkaSerdesTester] (Thread-135) Sending message {"bar": "value-0"} to topic topic-d74a6acc_b656_4458_907b_1235f3a2ee0b
2025-07-31 02:21:52,034 WARN  [org.apa.kaf.cli.NetworkClient] (kafka-producer-network-thread | Producer-topic-d74a6acc_b656_4458_907b_1235f3a2ee0b) [Producer clientId=Producer-topic-d74a6acc_b656_4458_907b_1235f3a2ee0b] The metadata response from the cluster reported a recoverable issue with correlation id 2 : {topic-d74a6acc_b656_4458_907b_1235f3a2ee0b=LEADER_NOT_AVAILABLE}
2025-07-31 02:21:52,035 INFO  [org.apa.kaf.cli.Metadata] (kafka-producer-network-thread | Producer-topic-d74a6acc_b656_4458_907b_1235f3a2ee0b) [Producer clientId=Producer-topic-d74a6acc_b656_4458_907b_1235f3a2ee0b] Cluster ID: d3IyjYRDQrmXThhQeh46ug
2025-07-31 02:21:52,036 INFO  [org.apa.kaf.cli.pro.int.TransactionManager] (kafka-producer-network-thread | Producer-topic-d74a6acc_b656_4458_907b_1235f3a2ee0b) [Producer clientId=Producer-topic-d74a6acc_b656_4458_907b_1235f3a2ee0b] ProducerId set to 3 with epoch 0
2025-07-31 02:21:52,197 INFO  [io.api.tes.ser.api.KafkaSerdesTester] (Thread-135) Sending message {"bar": "value-1"} to topic topic-d74a6acc_b656_4458_907b_1235f3a2ee0b
2025-07-31 02:21:52,202 INFO  [io.api.tes.ser.api.KafkaSerdesTester] (Thread-135) Sending message {"bar": "value-2"} to topic topic-d74a6acc_b656_4458_907b_1235f3a2ee0b
2025-07-31 02:21:52,206 INFO  [io.api.tes.ser.api.KafkaSerdesTester] (Thread-135) Sending message {"bar": "value-3"} to topic topic-d74a6acc_b656_4458_907b_1235f3a2ee0b
2025-07-31 02:21:52,210 INFO  [io.api.tes.ser.api.KafkaSerdesTester] (Thread-135) Sending message {"bar": "value-4"} to topic topic-d74a6acc_b656_4458_907b_1235f3a2ee0b
2025-07-31 02:21:52,212 INFO  [io.api.tes.ser.api.KafkaSerdesTester] (Thread-135) Sending message {"bar": "value-5"} to topic topic-d74a6acc_b656_4458_907b_1235f3a2ee0b
2025-07-31 02:21:52,216 INFO  [io.api.tes.ser.api.KafkaSerdesTester] (Thread-135) Sending message {"bar": "value-6"} to topic topic-d74a6acc_b656_4458_907b_1235f3a2ee0b
2025-07-31 02:21:52,218 INFO  [io.api.tes.ser.api.KafkaSerdesTester] (Thread-135) Sending message {"bar": "value-7"} to topic topic-d74a6acc_b656_4458_907b_1235f3a2ee0b
2025-07-31 02:21:52,221 INFO  [io.api.tes.ser.api.KafkaSerdesTester] (Thread-135) Sending message {"bar": "value-8"} to topic topic-d74a6acc_b656_4458_907b_1235f3a2ee0b
2025-07-31 02:21:52,223 INFO  [io.api.tes.ser.api.KafkaSerdesTester] (Thread-135) Sending message {"bar": "value-9"} to topic topic-d74a6acc_b656_4458_907b_1235f3a2ee0b
2025-07-31 02:21:52,227 INFO  [io.api.tes.ser.api.KafkaSerdesTester] (Thread-135) Produced 10 messages
2025-07-31 02:21:52,227 INFO  [org.apa.kaf.cli.pro.KafkaProducer] (Thread-135) [Producer clientId=Producer-topic-d74a6acc_b656_4458_907b_1235f3a2ee0b] Closing the Kafka producer with timeoutMillis = 9223372036854775807 ms.
2025-07-31 02:21:52,233 INFO  [org.apa.kaf.com.met.Metrics] (Thread-135) Metrics scheduler closed
2025-07-31 02:21:52,234 INFO  [org.apa.kaf.com.met.Metrics] (Thread-135) Closing reporter org.apache.kafka.common.metrics.JmxReporter
2025-07-31 02:21:52,234 INFO  [org.apa.kaf.com.met.Metrics] (Thread-135) Closing reporter org.apache.kafka.common.telemetry.internals.ClientTelemetryReporter
2025-07-31 02:21:52,234 INFO  [org.apa.kaf.com.met.Metrics] (Thread-135) Metrics reporters closed
2025-07-31 02:21:52,234 INFO  [org.apa.kaf.com.uti.AppInfoParser] (Thread-135) App info kafka.producer for Producer-topic-d74a6acc_b656_4458_907b_1235f3a2ee0b unregistered
2025-07-31 02:21:52,260 INFO  [org.apa.kaf.cli.con.ConsumerConfig] (main) ConsumerConfig values: 
	allow.auto.create.topics = true
	auto.commit.interval.ms = 500
	auto.include.jmx.reporter = true
	auto.offset.reset = earliest
	bootstrap.servers = [PLAINTEXT://localhost:32770]
	check.crcs = true
	client.dns.lookup = use_all_dns_ips
	client.id = consumer-Consumer-topic-d74a6acc_b656_4458_907b_1235f3a2ee0b-3
	client.rack = 
	connections.max.idle.ms = 10000
	default.api.timeout.ms = 60000
	enable.auto.commit = true
	enable.metrics.push = true
	exclude.internal.topics = true
	fetch.max.bytes = 52428800
	fetch.max.wait.ms = 500
	fetch.min.bytes = 1
	group.id = Consumer-topic-d74a6acc_b656_4458_907b_1235f3a2ee0b
	group.instance.id = null
	group.protocol = classic
	group.remote.assignor = null
	heartbeat.interval.ms = 3000
	interceptor.classes = []
	internal.leave.group.on.close = true
	internal.throw.on.fetch.stable.offset.unsupported = false
	isolation.level = read_uncommitted
	key.deserializer = class org.apache.kafka.common.serialization.StringDeserializer
	max.partition.fetch.bytes = 1048576
	max.poll.interval.ms = 300000
	max.poll.records = 500
	metadata.max.age.ms = 300000
	metadata.recovery.strategy = none
	metric.reporters = []
	metrics.num.samples = 2
	metrics.recording.level = INFO
	metrics.sample.window.ms = 30000
	partition.assignment.strategy = [class org.apache.kafka.clients.consumer.RangeAssignor, class org.apache.kafka.clients.consumer.CooperativeStickyAssignor]
	receive.buffer.bytes = 65536
	reconnect.backoff.max.ms = 1000
	reconnect.backoff.ms = 50
	request.timeout.ms = 5000
	retry.backoff.max.ms = 1000
	retry.backoff.ms = 100
	sasl.client.callback.handler.class = null
	sasl.jaas.config = null
	sasl.kerberos.kinit.cmd = /usr/bin/kinit
	sasl.kerberos.min.time.before.relogin = 60000
	sasl.kerberos.service.name = null
	sasl.kerberos.ticket.renew.jitter = 0.05
	sasl.kerberos.ticket.renew.window.factor = 0.8
	sasl.login.callback.handler.class = null
	sasl.login.class = null
	sasl.login.connect.timeout.ms = null
	sasl.login.read.timeout.ms = null
	sasl.login.refresh.buffer.seconds = 300
	sasl.login.refresh.min.period.seconds = 60
	sasl.login.refresh.window.factor = 0.8
	sasl.login.refresh.window.jitter = 0.05
	sasl.login.retry.backoff.max.ms = 10000
	sasl.login.retry.backoff.ms = 100
	sasl.mechanism = GSSAPI
	sasl.oauthbearer.clock.skew.seconds = 30
	sasl.oauthbearer.expected.audience = null
	sasl.oauthbearer.expected.issuer = null
	sasl.oauthbearer.header.urlencode = false
	sasl.oauthbearer.jwks.endpoint.refresh.ms = 3600000
	sasl.oauthbearer.jwks.endpoint.retry.backoff.max.ms = 10000
	sasl.oauthbearer.jwks.endpoint.retry.backoff.ms = 100
	sasl.oauthbearer.jwks.endpoint.url = null
	sasl.oauthbearer.scope.claim.name = scope
	sasl.oauthbearer.sub.claim.name = sub
	sasl.oauthbearer.token.endpoint.url = null
	security.protocol = PLAINTEXT
	security.providers = null
	send.buffer.bytes = 131072
	session.timeout.ms = 45000
	socket.connection.setup.timeout.max.ms = 30000
	socket.connection.setup.timeout.ms = 10000
	ssl.cipher.suites = null
	ssl.enabled.protocols = [TLSv1.2, TLSv1.3]
	ssl.endpoint.identification.algorithm = https
	ssl.engine.factory.class = null
	ssl.key.password = null
	ssl.keymanager.algorithm = SunX509
	ssl.keystore.certificate.chain = null
	ssl.keystore.key = null
	ssl.keystore.location = null
	ssl.keystore.password = null
	ssl.keystore.type = JKS
	ssl.protocol = TLSv1.3
	ssl.provider = null
	ssl.secure.random.implementation = null
	ssl.trustmanager.algorithm = PKIX
	ssl.truststore.certificates = null
	ssl.truststore.location = null
	ssl.truststore.password = null
	ssl.truststore.type = JKS
	value.deserializer = class io.apicurio.registry.serde.avro.AvroKafkaDeserializer

2025-07-31 02:21:52,260 INFO  [org.apa.kaf.com.tel.int.KafkaMetricsCollector] (main) initializing Kafka metrics collector
2025-07-31 02:21:52,267 INFO  [org.apa.kaf.cli.con.ConsumerConfig] (main) These configurations '[apicurio.registry.avro.encoding, apicurio.registry.url]' were supplied but are not used yet.
2025-07-31 02:21:52,267 INFO  [org.apa.kaf.com.uti.AppInfoParser] (main) Kafka version: 3.9.0
2025-07-31 02:21:52,267 INFO  [org.apa.kaf.com.uti.AppInfoParser] (main) Kafka commitId: 84caaa6e9da06435
2025-07-31 02:21:52,267 INFO  [org.apa.kaf.com.uti.AppInfoParser] (main) Kafka startTimeMs: 1753928512267
2025-07-31 02:21:52,268 INFO  [org.apa.kaf.cli.con.int.ClassicKafkaConsumer] (Thread-138) [Consumer clientId=consumer-Consumer-topic-d74a6acc_b656_4458_907b_1235f3a2ee0b-3, groupId=Consumer-topic-d74a6acc_b656_4458_907b_1235f3a2ee0b] Subscribed to topic(s): topic-d74a6acc_b656_4458_907b_1235f3a2ee0b
2025-07-31 02:21:52,281 INFO  [org.apa.kaf.cli.Metadata] (Thread-138) [Consumer clientId=consumer-Consumer-topic-d74a6acc_b656_4458_907b_1235f3a2ee0b-3, groupId=Consumer-topic-d74a6acc_b656_4458_907b_1235f3a2ee0b] Cluster ID: d3IyjYRDQrmXThhQeh46ug
2025-07-31 02:21:52,286 INFO  [org.apa.kaf.cli.con.int.ConsumerCoordinator] (Thread-138) [Consumer clientId=consumer-Consumer-topic-d74a6acc_b656_4458_907b_1235f3a2ee0b-3, groupId=Consumer-topic-d74a6acc_b656_4458_907b_1235f3a2ee0b] Discovered group coordinator localhost:32770 (id: 2147483647 rack: null)
2025-07-31 02:21:52,289 INFO  [org.apa.kaf.cli.con.int.ConsumerCoordinator] (Thread-138) [Consumer clientId=consumer-Consumer-topic-d74a6acc_b656_4458_907b_1235f3a2ee0b-3, groupId=Consumer-topic-d74a6acc_b656_4458_907b_1235f3a2ee0b] (Re-)joining group
2025-07-31 02:21:52,295 INFO  [org.apa.kaf.cli.con.int.ConsumerCoordinator] (Thread-138) [Consumer clientId=consumer-Consumer-topic-d74a6acc_b656_4458_907b_1235f3a2ee0b-3, groupId=Consumer-topic-d74a6acc_b656_4458_907b_1235f3a2ee0b] Request joining group due to: need to re-join with the given member-id: consumer-Consumer-topic-d74a6acc_b656_4458_907b_1235f3a2ee0b-3-af6e878a-16c0-4243-8b50-336585e98796
2025-07-31 02:21:52,295 INFO  [org.apa.kaf.cli.con.int.ConsumerCoordinator] (Thread-138) [Consumer clientId=consumer-Consumer-topic-d74a6acc_b656_4458_907b_1235f3a2ee0b-3, groupId=Consumer-topic-d74a6acc_b656_4458_907b_1235f3a2ee0b] (Re-)joining group
2025-07-31 02:21:52,300 INFO  [org.apa.kaf.cli.con.int.ConsumerCoordinator] (Thread-138) [Consumer clientId=consumer-Consumer-topic-d74a6acc_b656_4458_907b_1235f3a2ee0b-3, groupId=Consumer-topic-d74a6acc_b656_4458_907b_1235f3a2ee0b] Successfully joined group with generation Generation{generationId=1, memberId='consumer-Consumer-topic-d74a6acc_b656_4458_907b_1235f3a2ee0b-3-af6e878a-16c0-4243-8b50-336585e98796', protocol='range'}
2025-07-31 02:21:52,300 INFO  [org.apa.kaf.cli.con.int.ConsumerCoordinator] (Thread-138) [Consumer clientId=consumer-Consumer-topic-d74a6acc_b656_4458_907b_1235f3a2ee0b-3, groupId=Consumer-topic-d74a6acc_b656_4458_907b_1235f3a2ee0b] Finished assignment for group at generation 1: {consumer-Consumer-topic-d74a6acc_b656_4458_907b_1235f3a2ee0b-3-af6e878a-16c0-4243-8b50-336585e98796=Assignment(partitions=[topic-d74a6acc_b656_4458_907b_1235f3a2ee0b-0])}
2025-07-31 02:21:52,305 INFO  [org.apa.kaf.cli.con.int.ConsumerCoordinator] (Thread-138) [Consumer clientId=consumer-Consumer-topic-d74a6acc_b656_4458_907b_1235f3a2ee0b-3, groupId=Consumer-topic-d74a6acc_b656_4458_907b_1235f3a2ee0b] Successfully synced group in generation Generation{generationId=1, memberId='consumer-Consumer-topic-d74a6acc_b656_4458_907b_1235f3a2ee0b-3-af6e878a-16c0-4243-8b50-336585e98796', protocol='range'}
2025-07-31 02:21:52,305 INFO  [org.apa.kaf.cli.con.int.ConsumerCoordinator] (Thread-138) [Consumer clientId=consumer-Consumer-topic-d74a6acc_b656_4458_907b_1235f3a2ee0b-3, groupId=Consumer-topic-d74a6acc_b656_4458_907b_1235f3a2ee0b] Notifying assignor about the new Assignment(partitions=[topic-d74a6acc_b656_4458_907b_1235f3a2ee0b-0])
2025-07-31 02:21:52,306 INFO  [org.apa.kaf.cli.con.int.ConsumerRebalanceListenerInvoker] (Thread-138) [Consumer clientId=consumer-Consumer-topic-d74a6acc_b656_4458_907b_1235f3a2ee0b-3, groupId=Consumer-topic-d74a6acc_b656_4458_907b_1235f3a2ee0b] Adding newly assigned partitions: topic-d74a6acc_b656_4458_907b_1235f3a2ee0b-0
2025-07-31 02:21:52,308 INFO  [org.apa.kaf.cli.con.int.ConsumerCoordinator] (Thread-138) [Consumer clientId=consumer-Consumer-topic-d74a6acc_b656_4458_907b_1235f3a2ee0b-3, groupId=Consumer-topic-d74a6acc_b656_4458_907b_1235f3a2ee0b] Found no committed offset for partition topic-d74a6acc_b656_4458_907b_1235f3a2ee0b-0
2025-07-31 02:21:52,311 INFO  [org.apa.kaf.cli.con.int.SubscriptionState] (Thread-138) [Consumer clientId=consumer-Consumer-topic-d74a6acc_b656_4458_907b_1235f3a2ee0b-3, groupId=Consumer-topic-d74a6acc_b656_4458_907b_1235f3a2ee0b] Resetting offset for partition topic-d74a6acc_b656_4458_907b_1235f3a2ee0b-0 to position FetchPosition{offset=0, offsetEpoch=Optional.empty, currentLeader=LeaderAndEpoch{leader=Optional[localhost:32770 (id: 0 rack: null)], epoch=0}}.
2025-07-31 02:21:52,342 INFO  [io.api.tes.ser.api.KafkaSerdesTester] (Thread-138) topic-d74a6acc_b656_4458_907b_1235f3a2ee0b 0 0 {"bar": "value-0"}
2025-07-31 02:21:52,343 INFO  [io.api.tes.ser.api.KafkaSerdesTester] (Thread-138) topic-d74a6acc_b656_4458_907b_1235f3a2ee0b 0 1 {"bar": "value-1"}
2025-07-31 02:21:52,343 INFO  [io.api.tes.ser.api.KafkaSerdesTester] (Thread-138) topic-d74a6acc_b656_4458_907b_1235f3a2ee0b 0 2 {"bar": "value-2"}
2025-07-31 02:21:52,343 INFO  [io.api.tes.ser.api.KafkaSerdesTester] (Thread-138) topic-d74a6acc_b656_4458_907b_1235f3a2ee0b 0 3 {"bar": "value-3"}
2025-07-31 02:21:52,343 INFO  [io.api.tes.ser.api.KafkaSerdesTester] (Thread-138) topic-d74a6acc_b656_4458_907b_1235f3a2ee0b 0 4 {"bar": "value-4"}
2025-07-31 02:21:52,343 INFO  [io.api.tes.ser.api.KafkaSerdesTester] (Thread-138) topic-d74a6acc_b656_4458_907b_1235f3a2ee0b 0 5 {"bar": "value-5"}
2025-07-31 02:21:52,343 INFO  [io.api.tes.ser.api.KafkaSerdesTester] (Thread-138) topic-d74a6acc_b656_4458_907b_1235f3a2ee0b 0 6 {"bar": "value-6"}
2025-07-31 02:21:52,343 INFO  [io.api.tes.ser.api.KafkaSerdesTester] (Thread-138) topic-d74a6acc_b656_4458_907b_1235f3a2ee0b 0 7 {"bar": "value-7"}
2025-07-31 02:21:52,343 INFO  [io.api.tes.ser.api.KafkaSerdesTester] (Thread-138) topic-d74a6acc_b656_4458_907b_1235f3a2ee0b 0 8 {"bar": "value-8"}
2025-07-31 02:21:52,344 INFO  [io.api.tes.ser.api.KafkaSerdesTester] (Thread-138) topic-d74a6acc_b656_4458_907b_1235f3a2ee0b 0 9 {"bar": "value-9"}
2025-07-31 02:21:52,344 INFO  [io.api.tes.ser.api.KafkaSerdesTester] (Thread-138) Consumed 10 messages
2025-07-31 02:21:52,348 INFO  [org.apa.kaf.cli.con.int.ConsumerRebalanceListenerInvoker] (Thread-138) [Consumer clientId=consumer-Consumer-topic-d74a6acc_b656_4458_907b_1235f3a2ee0b-3, groupId=Consumer-topic-d74a6acc_b656_4458_907b_1235f3a2ee0b] Revoke previously assigned partitions topic-d74a6acc_b656_4458_907b_1235f3a2ee0b-0
2025-07-31 02:21:52,348 INFO  [org.apa.kaf.cli.con.int.ConsumerCoordinator] (Thread-138) [Consumer clientId=consumer-Consumer-topic-d74a6acc_b656_4458_907b_1235f3a2ee0b-3, groupId=Consumer-topic-d74a6acc_b656_4458_907b_1235f3a2ee0b] Member consumer-Consumer-topic-d74a6acc_b656_4458_907b_1235f3a2ee0b-3-af6e878a-16c0-4243-8b50-336585e98796 sending LeaveGroup request to coordinator localhost:32770 (id: 2147483647 rack: null) due to the consumer is being closed
2025-07-31 02:21:52,348 INFO  [org.apa.kaf.cli.con.int.ConsumerCoordinator] (Thread-138) [Consumer clientId=consumer-Consumer-topic-d74a6acc_b656_4458_907b_1235f3a2ee0b-3, groupId=Consumer-topic-d74a6acc_b656_4458_907b_1235f3a2ee0b] Resetting generation and member id due to: consumer pro-actively leaving the group
2025-07-31 02:21:52,348 INFO  [org.apa.kaf.cli.con.int.ConsumerCoordinator] (Thread-138) [Consumer clientId=consumer-Consumer-topic-d74a6acc_b656_4458_907b_1235f3a2ee0b-3, groupId=Consumer-topic-d74a6acc_b656_4458_907b_1235f3a2ee0b] Request joining group due to: consumer pro-actively leaving the group
2025-07-31 02:21:52,847 INFO  [org.apa.kaf.com.met.Metrics] (Thread-138) Metrics scheduler closed
2025-07-31 02:21:52,847 INFO  [org.apa.kaf.com.met.Metrics] (Thread-138) Closing reporter org.apache.kafka.common.metrics.JmxReporter
2025-07-31 02:21:52,848 INFO  [org.apa.kaf.com.met.Metrics] (Thread-138) Closing reporter org.apache.kafka.common.telemetry.internals.ClientTelemetryReporter
2025-07-31 02:21:52,848 INFO  [org.apa.kaf.com.met.Metrics] (Thread-138) Metrics reporters closed
2025-07-31 02:21:52,852 INFO  [org.apa.kaf.com.uti.AppInfoParser] (Thread-138) App info kafka.consumer for consumer-Consumer-topic-d74a6acc_b656_4458_907b_1235f3a2ee0b-3 unregistered
2025-07-31 02:21:52,854 INFO  [io.api.tes.uti.TestSeparator] (main) io.apicurio.tests.serdes.apicurio.AvroSerdeIT.testAvroJSON-FINISHED
2025-07-31 02:21:52,854 INFO  [io.api.tes.uti.TestSeparator] (main) ############################################################################
]]></system-out>
  </testcase>
  <testcase name="testTopicIdStrategyAutoRegister" classname="io.apicurio.tests.serdes.apicurio.AvroSerdeIT" time="0.885">
    <system-out><![CDATA[2025-07-31 02:21:52,856 INFO  [io.api.tes.uti.TestSeparator] (main) ############################################################################
2025-07-31 02:21:52,856 INFO  [io.api.tes.uti.TestSeparator] (main) io.apicurio.tests.serdes.apicurio.AvroSerdeIT.testTopicIdStrategyAutoRegister-STARTED
2025-07-31 02:21:52,865 INFO  [org.apa.kaf.cli.pro.ProducerConfig] (main) ProducerConfig values: 
	acks = -1
	auto.include.jmx.reporter = true
	batch.size = 16384
	bootstrap.servers = [PLAINTEXT://localhost:32770]
	buffer.memory = 33554432
	client.dns.lookup = use_all_dns_ips
	client.id = Producer-topic-4eeec50b_ce0b_4ce8_84e5_fb4bcf9272b4
	compression.gzip.level = -1
	compression.lz4.level = 9
	compression.type = none
	compression.zstd.level = 3
	connections.max.idle.ms = 10000
	delivery.timeout.ms = 120000
	enable.idempotence = true
	enable.metrics.push = true
	interceptor.classes = []
	key.serializer = class org.apache.kafka.common.serialization.StringSerializer
	linger.ms = 0
	max.block.ms = 60000
	max.in.flight.requests.per.connection = 5
	max.request.size = 1048576
	metadata.max.age.ms = 300000
	metadata.max.idle.ms = 300000
	metadata.recovery.strategy = none
	metric.reporters = []
	metrics.num.samples = 2
	metrics.recording.level = INFO
	metrics.sample.window.ms = 30000
	partitioner.adaptive.partitioning.enable = true
	partitioner.availability.timeout.ms = 0
	partitioner.class = null
	partitioner.ignore.keys = false
	receive.buffer.bytes = 32768
	reconnect.backoff.max.ms = 1000
	reconnect.backoff.ms = 50
	request.timeout.ms = 5000
	retries = 2147483647
	retry.backoff.max.ms = 1000
	retry.backoff.ms = 100
	sasl.client.callback.handler.class = null
	sasl.jaas.config = null
	sasl.kerberos.kinit.cmd = /usr/bin/kinit
	sasl.kerberos.min.time.before.relogin = 60000
	sasl.kerberos.service.name = null
	sasl.kerberos.ticket.renew.jitter = 0.05
	sasl.kerberos.ticket.renew.window.factor = 0.8
	sasl.login.callback.handler.class = null
	sasl.login.class = null
	sasl.login.connect.timeout.ms = null
	sasl.login.read.timeout.ms = null
	sasl.login.refresh.buffer.seconds = 300
	sasl.login.refresh.min.period.seconds = 60
	sasl.login.refresh.window.factor = 0.8
	sasl.login.refresh.window.jitter = 0.05
	sasl.login.retry.backoff.max.ms = 10000
	sasl.login.retry.backoff.ms = 100
	sasl.mechanism = GSSAPI
	sasl.oauthbearer.clock.skew.seconds = 30
	sasl.oauthbearer.expected.audience = null
	sasl.oauthbearer.expected.issuer = null
	sasl.oauthbearer.header.urlencode = false
	sasl.oauthbearer.jwks.endpoint.refresh.ms = 3600000
	sasl.oauthbearer.jwks.endpoint.retry.backoff.max.ms = 10000
	sasl.oauthbearer.jwks.endpoint.retry.backoff.ms = 100
	sasl.oauthbearer.jwks.endpoint.url = null
	sasl.oauthbearer.scope.claim.name = scope
	sasl.oauthbearer.sub.claim.name = sub
	sasl.oauthbearer.token.endpoint.url = null
	security.protocol = PLAINTEXT
	security.providers = null
	send.buffer.bytes = 131072
	socket.connection.setup.timeout.max.ms = 30000
	socket.connection.setup.timeout.ms = 10000
	ssl.cipher.suites = null
	ssl.enabled.protocols = [TLSv1.2, TLSv1.3]
	ssl.endpoint.identification.algorithm = https
	ssl.engine.factory.class = null
	ssl.key.password = null
	ssl.keymanager.algorithm = SunX509
	ssl.keystore.certificate.chain = null
	ssl.keystore.key = null
	ssl.keystore.location = null
	ssl.keystore.password = null
	ssl.keystore.type = JKS
	ssl.protocol = TLSv1.3
	ssl.provider = null
	ssl.secure.random.implementation = null
	ssl.trustmanager.algorithm = PKIX
	ssl.truststore.certificates = null
	ssl.truststore.location = null
	ssl.truststore.password = null
	ssl.truststore.type = JKS
	transaction.timeout.ms = 60000
	transactional.id = null
	value.serializer = class io.apicurio.registry.serde.avro.AvroKafkaSerializer

2025-07-31 02:21:52,866 INFO  [org.apa.kaf.com.tel.int.KafkaMetricsCollector] (main) initializing Kafka metrics collector
2025-07-31 02:21:52,875 INFO  [org.apa.kaf.cli.pro.KafkaProducer] (main) [Producer clientId=Producer-topic-4eeec50b_ce0b_4ce8_84e5_fb4bcf9272b4] Instantiated an idempotent producer.
2025-07-31 02:21:52,880 INFO  [org.apa.kaf.cli.pro.ProducerConfig] (main) These configurations '[apicurio.registry.url, apicurio.registry.auto-register, apicurio.registry.artifact-resolver-strategy]' were supplied but are not used yet.
2025-07-31 02:21:52,880 INFO  [org.apa.kaf.com.uti.AppInfoParser] (main) Kafka version: 3.9.0
2025-07-31 02:21:52,881 INFO  [org.apa.kaf.com.uti.AppInfoParser] (main) Kafka commitId: 84caaa6e9da06435
2025-07-31 02:21:52,881 INFO  [org.apa.kaf.com.uti.AppInfoParser] (main) Kafka startTimeMs: 1753928512880
2025-07-31 02:21:52,881 INFO  [io.api.tes.ser.api.SimpleSerdesTesterBuilder$SimpleSerdesTester] (main) Using producer configuration: {apicurio.registry.url=http://registry-app-postgresql.apps.ci419.apicurio-testing.org:80/apis/registry/v3, apicurio.registry.auto-register=true, apicurio.registry.artifact-resolver-strategy=io.apicurio.registry.serde.strategy.TopicIdStrategy, value.serializer=io.apicurio.registry.serde.avro.AvroKafkaSerializer, request.timeout.ms=5000, acks=all, bootstrap.servers=PLAINTEXT://localhost:32770, connections.max.idle.ms=10000, key.serializer=org.apache.kafka.common.serialization.StringSerializer, client.id=Producer-topic-4eeec50b_ce0b_4ce8_84e5_fb4bcf9272b4}
2025-07-31 02:21:52,881 INFO  [io.api.tes.ser.api.SimpleSerdesTesterBuilder$SimpleSerdesTester] (main) Using consumer configuration: {}
2025-07-31 02:21:52,888 INFO  [io.api.tes.ser.api.KafkaSerdesTester] (Thread-141) Sending message {"key11753928512856": "value-0"} to topic topic-4eeec50b_ce0b_4ce8_84e5_fb4bcf9272b4
2025-07-31 02:21:52,897 WARN  [org.apa.kaf.cli.NetworkClient] (kafka-producer-network-thread | Producer-topic-4eeec50b_ce0b_4ce8_84e5_fb4bcf9272b4) [Producer clientId=Producer-topic-4eeec50b_ce0b_4ce8_84e5_fb4bcf9272b4] The metadata response from the cluster reported a recoverable issue with correlation id 2 : {topic-4eeec50b_ce0b_4ce8_84e5_fb4bcf9272b4=LEADER_NOT_AVAILABLE}
2025-07-31 02:21:52,898 INFO  [org.apa.kaf.cli.Metadata] (kafka-producer-network-thread | Producer-topic-4eeec50b_ce0b_4ce8_84e5_fb4bcf9272b4) [Producer clientId=Producer-topic-4eeec50b_ce0b_4ce8_84e5_fb4bcf9272b4] Cluster ID: d3IyjYRDQrmXThhQeh46ug
2025-07-31 02:21:52,901 INFO  [org.apa.kaf.cli.pro.int.TransactionManager] (kafka-producer-network-thread | Producer-topic-4eeec50b_ce0b_4ce8_84e5_fb4bcf9272b4) [Producer clientId=Producer-topic-4eeec50b_ce0b_4ce8_84e5_fb4bcf9272b4] ProducerId set to 4 with epoch 0
2025-07-31 02:21:53,066 INFO  [io.api.tes.ser.api.KafkaSerdesTester] (Thread-141) Sending message {"key11753928512856": "value-1"} to topic topic-4eeec50b_ce0b_4ce8_84e5_fb4bcf9272b4
2025-07-31 02:21:53,069 INFO  [io.api.tes.ser.api.KafkaSerdesTester] (Thread-141) Sending message {"key11753928512856": "value-2"} to topic topic-4eeec50b_ce0b_4ce8_84e5_fb4bcf9272b4
2025-07-31 02:21:53,072 INFO  [io.api.tes.ser.api.KafkaSerdesTester] (Thread-141) Sending message {"key11753928512856": "value-3"} to topic topic-4eeec50b_ce0b_4ce8_84e5_fb4bcf9272b4
2025-07-31 02:21:53,076 INFO  [io.api.tes.ser.api.KafkaSerdesTester] (Thread-141) Sending message {"key11753928512856": "value-4"} to topic topic-4eeec50b_ce0b_4ce8_84e5_fb4bcf9272b4
2025-07-31 02:21:53,078 INFO  [io.api.tes.ser.api.KafkaSerdesTester] (Thread-141) Sending message {"key11753928512856": "value-5"} to topic topic-4eeec50b_ce0b_4ce8_84e5_fb4bcf9272b4
2025-07-31 02:21:53,080 INFO  [io.api.tes.ser.api.KafkaSerdesTester] (Thread-141) Sending message {"key11753928512856": "value-6"} to topic topic-4eeec50b_ce0b_4ce8_84e5_fb4bcf9272b4
2025-07-31 02:21:53,082 INFO  [io.api.tes.ser.api.KafkaSerdesTester] (Thread-141) Sending message {"key11753928512856": "value-7"} to topic topic-4eeec50b_ce0b_4ce8_84e5_fb4bcf9272b4
2025-07-31 02:21:53,084 INFO  [io.api.tes.ser.api.KafkaSerdesTester] (Thread-141) Sending message {"key11753928512856": "value-8"} to topic topic-4eeec50b_ce0b_4ce8_84e5_fb4bcf9272b4
2025-07-31 02:21:53,087 INFO  [io.api.tes.ser.api.KafkaSerdesTester] (Thread-141) Sending message {"key11753928512856": "value-9"} to topic topic-4eeec50b_ce0b_4ce8_84e5_fb4bcf9272b4
2025-07-31 02:21:53,090 INFO  [io.api.tes.ser.api.KafkaSerdesTester] (Thread-141) Produced 10 messages
2025-07-31 02:21:53,090 INFO  [org.apa.kaf.cli.pro.KafkaProducer] (Thread-141) [Producer clientId=Producer-topic-4eeec50b_ce0b_4ce8_84e5_fb4bcf9272b4] Closing the Kafka producer with timeoutMillis = 9223372036854775807 ms.
2025-07-31 02:21:53,093 INFO  [org.apa.kaf.com.met.Metrics] (Thread-141) Metrics scheduler closed
2025-07-31 02:21:53,093 INFO  [org.apa.kaf.com.met.Metrics] (Thread-141) Closing reporter org.apache.kafka.common.metrics.JmxReporter
2025-07-31 02:21:53,093 INFO  [org.apa.kaf.com.met.Metrics] (Thread-141) Closing reporter org.apache.kafka.common.telemetry.internals.ClientTelemetryReporter
2025-07-31 02:21:53,093 INFO  [org.apa.kaf.com.met.Metrics] (Thread-141) Metrics reporters closed
2025-07-31 02:21:53,093 INFO  [org.apa.kaf.com.uti.AppInfoParser] (Thread-141) App info kafka.producer for Producer-topic-4eeec50b_ce0b_4ce8_84e5_fb4bcf9272b4 unregistered
2025-07-31 02:21:53,121 INFO  [org.apa.kaf.cli.con.ConsumerConfig] (main) ConsumerConfig values: 
	allow.auto.create.topics = true
	auto.commit.interval.ms = 500
	auto.include.jmx.reporter = true
	auto.offset.reset = earliest
	bootstrap.servers = [PLAINTEXT://localhost:32770]
	check.crcs = true
	client.dns.lookup = use_all_dns_ips
	client.id = consumer-Consumer-topic-4eeec50b_ce0b_4ce8_84e5_fb4bcf9272b4-4
	client.rack = 
	connections.max.idle.ms = 10000
	default.api.timeout.ms = 60000
	enable.auto.commit = true
	enable.metrics.push = true
	exclude.internal.topics = true
	fetch.max.bytes = 52428800
	fetch.max.wait.ms = 500
	fetch.min.bytes = 1
	group.id = Consumer-topic-4eeec50b_ce0b_4ce8_84e5_fb4bcf9272b4
	group.instance.id = null
	group.protocol = classic
	group.remote.assignor = null
	heartbeat.interval.ms = 3000
	interceptor.classes = []
	internal.leave.group.on.close = true
	internal.throw.on.fetch.stable.offset.unsupported = false
	isolation.level = read_uncommitted
	key.deserializer = class org.apache.kafka.common.serialization.StringDeserializer
	max.partition.fetch.bytes = 1048576
	max.poll.interval.ms = 300000
	max.poll.records = 500
	metadata.max.age.ms = 300000
	metadata.recovery.strategy = none
	metric.reporters = []
	metrics.num.samples = 2
	metrics.recording.level = INFO
	metrics.sample.window.ms = 30000
	partition.assignment.strategy = [class org.apache.kafka.clients.consumer.RangeAssignor, class org.apache.kafka.clients.consumer.CooperativeStickyAssignor]
	receive.buffer.bytes = 65536
	reconnect.backoff.max.ms = 1000
	reconnect.backoff.ms = 50
	request.timeout.ms = 5000
	retry.backoff.max.ms = 1000
	retry.backoff.ms = 100
	sasl.client.callback.handler.class = null
	sasl.jaas.config = null
	sasl.kerberos.kinit.cmd = /usr/bin/kinit
	sasl.kerberos.min.time.before.relogin = 60000
	sasl.kerberos.service.name = null
	sasl.kerberos.ticket.renew.jitter = 0.05
	sasl.kerberos.ticket.renew.window.factor = 0.8
	sasl.login.callback.handler.class = null
	sasl.login.class = null
	sasl.login.connect.timeout.ms = null
	sasl.login.read.timeout.ms = null
	sasl.login.refresh.buffer.seconds = 300
	sasl.login.refresh.min.period.seconds = 60
	sasl.login.refresh.window.factor = 0.8
	sasl.login.refresh.window.jitter = 0.05
	sasl.login.retry.backoff.max.ms = 10000
	sasl.login.retry.backoff.ms = 100
	sasl.mechanism = GSSAPI
	sasl.oauthbearer.clock.skew.seconds = 30
	sasl.oauthbearer.expected.audience = null
	sasl.oauthbearer.expected.issuer = null
	sasl.oauthbearer.header.urlencode = false
	sasl.oauthbearer.jwks.endpoint.refresh.ms = 3600000
	sasl.oauthbearer.jwks.endpoint.retry.backoff.max.ms = 10000
	sasl.oauthbearer.jwks.endpoint.retry.backoff.ms = 100
	sasl.oauthbearer.jwks.endpoint.url = null
	sasl.oauthbearer.scope.claim.name = scope
	sasl.oauthbearer.sub.claim.name = sub
	sasl.oauthbearer.token.endpoint.url = null
	security.protocol = PLAINTEXT
	security.providers = null
	send.buffer.bytes = 131072
	session.timeout.ms = 45000
	socket.connection.setup.timeout.max.ms = 30000
	socket.connection.setup.timeout.ms = 10000
	ssl.cipher.suites = null
	ssl.enabled.protocols = [TLSv1.2, TLSv1.3]
	ssl.endpoint.identification.algorithm = https
	ssl.engine.factory.class = null
	ssl.key.password = null
	ssl.keymanager.algorithm = SunX509
	ssl.keystore.certificate.chain = null
	ssl.keystore.key = null
	ssl.keystore.location = null
	ssl.keystore.password = null
	ssl.keystore.type = JKS
	ssl.protocol = TLSv1.3
	ssl.provider = null
	ssl.secure.random.implementation = null
	ssl.trustmanager.algorithm = PKIX
	ssl.truststore.certificates = null
	ssl.truststore.location = null
	ssl.truststore.password = null
	ssl.truststore.type = JKS
	value.deserializer = class io.apicurio.registry.serde.avro.AvroKafkaDeserializer

2025-07-31 02:21:53,121 INFO  [org.apa.kaf.com.tel.int.KafkaMetricsCollector] (main) initializing Kafka metrics collector
2025-07-31 02:21:53,129 INFO  [org.apa.kaf.cli.con.ConsumerConfig] (main) These configurations '[apicurio.registry.url]' were supplied but are not used yet.
2025-07-31 02:21:53,129 INFO  [org.apa.kaf.com.uti.AppInfoParser] (main) Kafka version: 3.9.0
2025-07-31 02:21:53,129 INFO  [org.apa.kaf.com.uti.AppInfoParser] (main) Kafka commitId: 84caaa6e9da06435
2025-07-31 02:21:53,129 INFO  [org.apa.kaf.com.uti.AppInfoParser] (main) Kafka startTimeMs: 1753928513129
2025-07-31 02:21:53,129 INFO  [org.apa.kaf.cli.con.int.ClassicKafkaConsumer] (Thread-144) [Consumer clientId=consumer-Consumer-topic-4eeec50b_ce0b_4ce8_84e5_fb4bcf9272b4-4, groupId=Consumer-topic-4eeec50b_ce0b_4ce8_84e5_fb4bcf9272b4] Subscribed to topic(s): topic-4eeec50b_ce0b_4ce8_84e5_fb4bcf9272b4
2025-07-31 02:21:53,137 INFO  [org.apa.kaf.cli.Metadata] (Thread-144) [Consumer clientId=consumer-Consumer-topic-4eeec50b_ce0b_4ce8_84e5_fb4bcf9272b4-4, groupId=Consumer-topic-4eeec50b_ce0b_4ce8_84e5_fb4bcf9272b4] Cluster ID: d3IyjYRDQrmXThhQeh46ug
2025-07-31 02:21:53,142 INFO  [org.apa.kaf.cli.con.int.ConsumerCoordinator] (Thread-144) [Consumer clientId=consumer-Consumer-topic-4eeec50b_ce0b_4ce8_84e5_fb4bcf9272b4-4, groupId=Consumer-topic-4eeec50b_ce0b_4ce8_84e5_fb4bcf9272b4] Discovered group coordinator localhost:32770 (id: 2147483647 rack: null)
2025-07-31 02:21:53,148 INFO  [org.apa.kaf.cli.con.int.ConsumerCoordinator] (Thread-144) [Consumer clientId=consumer-Consumer-topic-4eeec50b_ce0b_4ce8_84e5_fb4bcf9272b4-4, groupId=Consumer-topic-4eeec50b_ce0b_4ce8_84e5_fb4bcf9272b4] (Re-)joining group
2025-07-31 02:21:53,154 INFO  [org.apa.kaf.cli.con.int.ConsumerCoordinator] (Thread-144) [Consumer clientId=consumer-Consumer-topic-4eeec50b_ce0b_4ce8_84e5_fb4bcf9272b4-4, groupId=Consumer-topic-4eeec50b_ce0b_4ce8_84e5_fb4bcf9272b4] Request joining group due to: need to re-join with the given member-id: consumer-Consumer-topic-4eeec50b_ce0b_4ce8_84e5_fb4bcf9272b4-4-7a4823eb-b6c5-478d-9cff-1c8fb44e39c4
2025-07-31 02:21:53,166 INFO  [org.apa.kaf.cli.con.int.ConsumerCoordinator] (Thread-144) [Consumer clientId=consumer-Consumer-topic-4eeec50b_ce0b_4ce8_84e5_fb4bcf9272b4-4, groupId=Consumer-topic-4eeec50b_ce0b_4ce8_84e5_fb4bcf9272b4] (Re-)joining group
2025-07-31 02:21:53,172 INFO  [org.apa.kaf.cli.con.int.ConsumerCoordinator] (Thread-144) [Consumer clientId=consumer-Consumer-topic-4eeec50b_ce0b_4ce8_84e5_fb4bcf9272b4-4, groupId=Consumer-topic-4eeec50b_ce0b_4ce8_84e5_fb4bcf9272b4] Successfully joined group with generation Generation{generationId=1, memberId='consumer-Consumer-topic-4eeec50b_ce0b_4ce8_84e5_fb4bcf9272b4-4-7a4823eb-b6c5-478d-9cff-1c8fb44e39c4', protocol='range'}
2025-07-31 02:21:53,172 INFO  [org.apa.kaf.cli.con.int.ConsumerCoordinator] (Thread-144) [Consumer clientId=consumer-Consumer-topic-4eeec50b_ce0b_4ce8_84e5_fb4bcf9272b4-4, groupId=Consumer-topic-4eeec50b_ce0b_4ce8_84e5_fb4bcf9272b4] Finished assignment for group at generation 1: {consumer-Consumer-topic-4eeec50b_ce0b_4ce8_84e5_fb4bcf9272b4-4-7a4823eb-b6c5-478d-9cff-1c8fb44e39c4=Assignment(partitions=[topic-4eeec50b_ce0b_4ce8_84e5_fb4bcf9272b4-0])}
2025-07-31 02:21:53,177 INFO  [org.apa.kaf.cli.con.int.ConsumerCoordinator] (Thread-144) [Consumer clientId=consumer-Consumer-topic-4eeec50b_ce0b_4ce8_84e5_fb4bcf9272b4-4, groupId=Consumer-topic-4eeec50b_ce0b_4ce8_84e5_fb4bcf9272b4] Successfully synced group in generation Generation{generationId=1, memberId='consumer-Consumer-topic-4eeec50b_ce0b_4ce8_84e5_fb4bcf9272b4-4-7a4823eb-b6c5-478d-9cff-1c8fb44e39c4', protocol='range'}
2025-07-31 02:21:53,177 INFO  [org.apa.kaf.cli.con.int.ConsumerCoordinator] (Thread-144) [Consumer clientId=consumer-Consumer-topic-4eeec50b_ce0b_4ce8_84e5_fb4bcf9272b4-4, groupId=Consumer-topic-4eeec50b_ce0b_4ce8_84e5_fb4bcf9272b4] Notifying assignor about the new Assignment(partitions=[topic-4eeec50b_ce0b_4ce8_84e5_fb4bcf9272b4-0])
2025-07-31 02:21:53,177 INFO  [org.apa.kaf.cli.con.int.ConsumerRebalanceListenerInvoker] (Thread-144) [Consumer clientId=consumer-Consumer-topic-4eeec50b_ce0b_4ce8_84e5_fb4bcf9272b4-4, groupId=Consumer-topic-4eeec50b_ce0b_4ce8_84e5_fb4bcf9272b4] Adding newly assigned partitions: topic-4eeec50b_ce0b_4ce8_84e5_fb4bcf9272b4-0
2025-07-31 02:21:53,179 INFO  [org.apa.kaf.cli.con.int.ConsumerCoordinator] (Thread-144) [Consumer clientId=consumer-Consumer-topic-4eeec50b_ce0b_4ce8_84e5_fb4bcf9272b4-4, groupId=Consumer-topic-4eeec50b_ce0b_4ce8_84e5_fb4bcf9272b4] Found no committed offset for partition topic-4eeec50b_ce0b_4ce8_84e5_fb4bcf9272b4-0
2025-07-31 02:21:53,180 INFO  [org.apa.kaf.cli.con.int.SubscriptionState] (Thread-144) [Consumer clientId=consumer-Consumer-topic-4eeec50b_ce0b_4ce8_84e5_fb4bcf9272b4-4, groupId=Consumer-topic-4eeec50b_ce0b_4ce8_84e5_fb4bcf9272b4] Resetting offset for partition topic-4eeec50b_ce0b_4ce8_84e5_fb4bcf9272b4-0 to position FetchPosition{offset=0, offsetEpoch=Optional.empty, currentLeader=LeaderAndEpoch{leader=Optional[localhost:32770 (id: 0 rack: null)], epoch=0}}.
2025-07-31 02:21:53,207 INFO  [io.api.tes.ser.api.KafkaSerdesTester] (Thread-144) topic-4eeec50b_ce0b_4ce8_84e5_fb4bcf9272b4 0 0 {"key11753928512856": "value-0"}
2025-07-31 02:21:53,207 INFO  [io.api.tes.ser.api.KafkaSerdesTester] (Thread-144) topic-4eeec50b_ce0b_4ce8_84e5_fb4bcf9272b4 0 1 {"key11753928512856": "value-1"}
2025-07-31 02:21:53,207 INFO  [io.api.tes.ser.api.KafkaSerdesTester] (Thread-144) topic-4eeec50b_ce0b_4ce8_84e5_fb4bcf9272b4 0 2 {"key11753928512856": "value-2"}
2025-07-31 02:21:53,207 INFO  [io.api.tes.ser.api.KafkaSerdesTester] (Thread-144) topic-4eeec50b_ce0b_4ce8_84e5_fb4bcf9272b4 0 3 {"key11753928512856": "value-3"}
2025-07-31 02:21:53,207 INFO  [io.api.tes.ser.api.KafkaSerdesTester] (Thread-144) topic-4eeec50b_ce0b_4ce8_84e5_fb4bcf9272b4 0 4 {"key11753928512856": "value-4"}
2025-07-31 02:21:53,207 INFO  [io.api.tes.ser.api.KafkaSerdesTester] (Thread-144) topic-4eeec50b_ce0b_4ce8_84e5_fb4bcf9272b4 0 5 {"key11753928512856": "value-5"}
2025-07-31 02:21:53,208 INFO  [io.api.tes.ser.api.KafkaSerdesTester] (Thread-144) topic-4eeec50b_ce0b_4ce8_84e5_fb4bcf9272b4 0 6 {"key11753928512856": "value-6"}
2025-07-31 02:21:53,208 INFO  [io.api.tes.ser.api.KafkaSerdesTester] (Thread-144) topic-4eeec50b_ce0b_4ce8_84e5_fb4bcf9272b4 0 7 {"key11753928512856": "value-7"}
2025-07-31 02:21:53,208 INFO  [io.api.tes.ser.api.KafkaSerdesTester] (Thread-144) topic-4eeec50b_ce0b_4ce8_84e5_fb4bcf9272b4 0 8 {"key11753928512856": "value-8"}
2025-07-31 02:21:53,208 INFO  [io.api.tes.ser.api.KafkaSerdesTester] (Thread-144) topic-4eeec50b_ce0b_4ce8_84e5_fb4bcf9272b4 0 9 {"key11753928512856": "value-9"}
2025-07-31 02:21:53,209 INFO  [io.api.tes.ser.api.KafkaSerdesTester] (Thread-144) Consumed 10 messages
2025-07-31 02:21:53,211 INFO  [org.apa.kaf.cli.con.int.ConsumerRebalanceListenerInvoker] (Thread-144) [Consumer clientId=consumer-Consumer-topic-4eeec50b_ce0b_4ce8_84e5_fb4bcf9272b4-4, groupId=Consumer-topic-4eeec50b_ce0b_4ce8_84e5_fb4bcf9272b4] Revoke previously assigned partitions topic-4eeec50b_ce0b_4ce8_84e5_fb4bcf9272b4-0
2025-07-31 02:21:53,211 INFO  [org.apa.kaf.cli.con.int.ConsumerCoordinator] (Thread-144) [Consumer clientId=consumer-Consumer-topic-4eeec50b_ce0b_4ce8_84e5_fb4bcf9272b4-4, groupId=Consumer-topic-4eeec50b_ce0b_4ce8_84e5_fb4bcf9272b4] Member consumer-Consumer-topic-4eeec50b_ce0b_4ce8_84e5_fb4bcf9272b4-4-7a4823eb-b6c5-478d-9cff-1c8fb44e39c4 sending LeaveGroup request to coordinator localhost:32770 (id: 2147483647 rack: null) due to the consumer is being closed
2025-07-31 02:21:53,212 INFO  [org.apa.kaf.cli.con.int.ConsumerCoordinator] (Thread-144) [Consumer clientId=consumer-Consumer-topic-4eeec50b_ce0b_4ce8_84e5_fb4bcf9272b4-4, groupId=Consumer-topic-4eeec50b_ce0b_4ce8_84e5_fb4bcf9272b4] Resetting generation and member id due to: consumer pro-actively leaving the group
2025-07-31 02:21:53,212 INFO  [org.apa.kaf.cli.con.int.ConsumerCoordinator] (Thread-144) [Consumer clientId=consumer-Consumer-topic-4eeec50b_ce0b_4ce8_84e5_fb4bcf9272b4-4, groupId=Consumer-topic-4eeec50b_ce0b_4ce8_84e5_fb4bcf9272b4] Request joining group due to: consumer pro-actively leaving the group
2025-07-31 02:21:53,710 INFO  [org.apa.kaf.com.met.Metrics] (Thread-144) Metrics scheduler closed
2025-07-31 02:21:53,711 INFO  [org.apa.kaf.com.met.Metrics] (Thread-144) Closing reporter org.apache.kafka.common.metrics.JmxReporter
2025-07-31 02:21:53,711 INFO  [org.apa.kaf.com.met.Metrics] (Thread-144) Closing reporter org.apache.kafka.common.telemetry.internals.ClientTelemetryReporter
2025-07-31 02:21:53,711 INFO  [org.apa.kaf.com.met.Metrics] (Thread-144) Metrics reporters closed
2025-07-31 02:21:53,715 INFO  [org.apa.kaf.com.uti.AppInfoParser] (Thread-144) App info kafka.consumer for consumer-Consumer-topic-4eeec50b_ce0b_4ce8_84e5_fb4bcf9272b4-4 unregistered
2025-07-31 02:21:53,740 INFO  [io.api.tes.uti.TestSeparator] (main) io.apicurio.tests.serdes.apicurio.AvroSerdeIT.testTopicIdStrategyAutoRegister-FINISHED
2025-07-31 02:21:53,740 INFO  [io.api.tes.uti.TestSeparator] (main) ############################################################################
]]></system-out>
  </testcase>
  <testcase name="testRecordIdStrategydFindLatest" classname="io.apicurio.tests.serdes.apicurio.AvroSerdeIT" time="1.749">
    <system-out><![CDATA[2025-07-31 02:21:53,743 INFO  [io.api.tes.uti.TestSeparator] (main) ############################################################################
2025-07-31 02:21:53,743 INFO  [io.api.tes.uti.TestSeparator] (main) io.apicurio.tests.serdes.apicurio.AvroSerdeIT.testRecordIdStrategydFindLatest-STARTED
2025-07-31 02:21:53,744 INFO  [io.api.tes.ser.api.AvroSerdeIT] (main) Registering Avro Schema: {"type":"record","name":"s3e240858x8c89x4cc7x827dx1b679a63b5e0","namespace":"s4840ef74x9005x4623xb4c2x4dc24a5bde2b","fields":[{"name":"key11753928513743","type":"string"}]}
2025-07-31 02:21:54,794 INFO  [org.apa.kaf.cli.pro.ProducerConfig] (main) ProducerConfig values: 
	acks = -1
	auto.include.jmx.reporter = true
	batch.size = 16384
	bootstrap.servers = [PLAINTEXT://localhost:32770]
	buffer.memory = 33554432
	client.dns.lookup = use_all_dns_ips
	client.id = Producer-topic-9aa409e7_a926_4a17_9a2c_1ef189061033
	compression.gzip.level = -1
	compression.lz4.level = 9
	compression.type = none
	compression.zstd.level = 3
	connections.max.idle.ms = 10000
	delivery.timeout.ms = 120000
	enable.idempotence = true
	enable.metrics.push = true
	interceptor.classes = []
	key.serializer = class org.apache.kafka.common.serialization.StringSerializer
	linger.ms = 0
	max.block.ms = 60000
	max.in.flight.requests.per.connection = 5
	max.request.size = 1048576
	metadata.max.age.ms = 300000
	metadata.max.idle.ms = 300000
	metadata.recovery.strategy = none
	metric.reporters = []
	metrics.num.samples = 2
	metrics.recording.level = INFO
	metrics.sample.window.ms = 30000
	partitioner.adaptive.partitioning.enable = true
	partitioner.availability.timeout.ms = 0
	partitioner.class = null
	partitioner.ignore.keys = false
	receive.buffer.bytes = 32768
	reconnect.backoff.max.ms = 1000
	reconnect.backoff.ms = 50
	request.timeout.ms = 5000
	retries = 2147483647
	retry.backoff.max.ms = 1000
	retry.backoff.ms = 100
	sasl.client.callback.handler.class = null
	sasl.jaas.config = null
	sasl.kerberos.kinit.cmd = /usr/bin/kinit
	sasl.kerberos.min.time.before.relogin = 60000
	sasl.kerberos.service.name = null
	sasl.kerberos.ticket.renew.jitter = 0.05
	sasl.kerberos.ticket.renew.window.factor = 0.8
	sasl.login.callback.handler.class = null
	sasl.login.class = null
	sasl.login.connect.timeout.ms = null
	sasl.login.read.timeout.ms = null
	sasl.login.refresh.buffer.seconds = 300
	sasl.login.refresh.min.period.seconds = 60
	sasl.login.refresh.window.factor = 0.8
	sasl.login.refresh.window.jitter = 0.05
	sasl.login.retry.backoff.max.ms = 10000
	sasl.login.retry.backoff.ms = 100
	sasl.mechanism = GSSAPI
	sasl.oauthbearer.clock.skew.seconds = 30
	sasl.oauthbearer.expected.audience = null
	sasl.oauthbearer.expected.issuer = null
	sasl.oauthbearer.header.urlencode = false
	sasl.oauthbearer.jwks.endpoint.refresh.ms = 3600000
	sasl.oauthbearer.jwks.endpoint.retry.backoff.max.ms = 10000
	sasl.oauthbearer.jwks.endpoint.retry.backoff.ms = 100
	sasl.oauthbearer.jwks.endpoint.url = null
	sasl.oauthbearer.scope.claim.name = scope
	sasl.oauthbearer.sub.claim.name = sub
	sasl.oauthbearer.token.endpoint.url = null
	security.protocol = PLAINTEXT
	security.providers = null
	send.buffer.bytes = 131072
	socket.connection.setup.timeout.max.ms = 30000
	socket.connection.setup.timeout.ms = 10000
	ssl.cipher.suites = null
	ssl.enabled.protocols = [TLSv1.2, TLSv1.3]
	ssl.endpoint.identification.algorithm = https
	ssl.engine.factory.class = null
	ssl.key.password = null
	ssl.keymanager.algorithm = SunX509
	ssl.keystore.certificate.chain = null
	ssl.keystore.key = null
	ssl.keystore.location = null
	ssl.keystore.password = null
	ssl.keystore.type = JKS
	ssl.protocol = TLSv1.3
	ssl.provider = null
	ssl.secure.random.implementation = null
	ssl.trustmanager.algorithm = PKIX
	ssl.truststore.certificates = null
	ssl.truststore.location = null
	ssl.truststore.password = null
	ssl.truststore.type = JKS
	transaction.timeout.ms = 60000
	transactional.id = null
	value.serializer = class io.apicurio.registry.serde.avro.AvroKafkaSerializer

2025-07-31 02:21:54,794 INFO  [org.apa.kaf.com.tel.int.KafkaMetricsCollector] (main) initializing Kafka metrics collector
2025-07-31 02:21:54,797 INFO  [org.apa.kaf.cli.pro.KafkaProducer] (main) [Producer clientId=Producer-topic-9aa409e7_a926_4a17_9a2c_1ef189061033] Instantiated an idempotent producer.
2025-07-31 02:21:54,800 INFO  [org.apa.kaf.cli.pro.ProducerConfig] (main) These configurations '[apicurio.registry.find-latest, apicurio.registry.url, apicurio.registry.artifact-resolver-strategy]' were supplied but are not used yet.
2025-07-31 02:21:54,800 INFO  [org.apa.kaf.com.uti.AppInfoParser] (main) Kafka version: 3.9.0
2025-07-31 02:21:54,800 INFO  [org.apa.kaf.com.uti.AppInfoParser] (main) Kafka commitId: 84caaa6e9da06435
2025-07-31 02:21:54,801 INFO  [org.apa.kaf.com.uti.AppInfoParser] (main) Kafka startTimeMs: 1753928514800
2025-07-31 02:21:54,801 INFO  [io.api.tes.ser.api.SimpleSerdesTesterBuilder$SimpleSerdesTester] (main) Using producer configuration: {apicurio.registry.find-latest=true, apicurio.registry.url=http://registry-app-postgresql.apps.ci419.apicurio-testing.org:80/apis/registry/v3, apicurio.registry.artifact-resolver-strategy=io.apicurio.registry.serde.avro.strategy.RecordIdStrategy, value.serializer=io.apicurio.registry.serde.avro.AvroKafkaSerializer, request.timeout.ms=5000, acks=all, bootstrap.servers=PLAINTEXT://localhost:32770, connections.max.idle.ms=10000, key.serializer=org.apache.kafka.common.serialization.StringSerializer, client.id=Producer-topic-9aa409e7_a926_4a17_9a2c_1ef189061033}
2025-07-31 02:21:54,801 INFO  [io.api.tes.ser.api.SimpleSerdesTesterBuilder$SimpleSerdesTester] (main) Using consumer configuration: {}
2025-07-31 02:21:54,803 INFO  [io.api.tes.ser.api.KafkaSerdesTester] (Thread-147) Sending message {"key11753928513743": "value-0"} to topic topic-9aa409e7_a926_4a17_9a2c_1ef189061033
2025-07-31 02:21:54,808 INFO  [org.apa.kaf.cli.Metadata] (kafka-producer-network-thread | Producer-topic-9aa409e7_a926_4a17_9a2c_1ef189061033) [Producer clientId=Producer-topic-9aa409e7_a926_4a17_9a2c_1ef189061033] Cluster ID: d3IyjYRDQrmXThhQeh46ug
2025-07-31 02:21:54,810 INFO  [org.apa.kaf.cli.pro.int.TransactionManager] (kafka-producer-network-thread | Producer-topic-9aa409e7_a926_4a17_9a2c_1ef189061033) [Producer clientId=Producer-topic-9aa409e7_a926_4a17_9a2c_1ef189061033] ProducerId set to 5 with epoch 0
2025-07-31 02:21:54,863 INFO  [io.api.tes.ser.api.KafkaSerdesTester] (Thread-147) Sending message {"key11753928513743": "value-1"} to topic topic-9aa409e7_a926_4a17_9a2c_1ef189061033
2025-07-31 02:21:54,865 INFO  [io.api.tes.ser.api.KafkaSerdesTester] (Thread-147) Sending message {"key11753928513743": "value-2"} to topic topic-9aa409e7_a926_4a17_9a2c_1ef189061033
2025-07-31 02:21:54,869 INFO  [io.api.tes.ser.api.KafkaSerdesTester] (Thread-147) Sending message {"key11753928513743": "value-3"} to topic topic-9aa409e7_a926_4a17_9a2c_1ef189061033
2025-07-31 02:21:54,870 INFO  [io.api.tes.ser.api.KafkaSerdesTester] (Thread-147) Sending message {"key11753928513743": "value-4"} to topic topic-9aa409e7_a926_4a17_9a2c_1ef189061033
2025-07-31 02:21:54,874 INFO  [io.api.tes.ser.api.KafkaSerdesTester] (Thread-147) Sending message {"key11753928513743": "value-5"} to topic topic-9aa409e7_a926_4a17_9a2c_1ef189061033
2025-07-31 02:21:54,877 INFO  [io.api.tes.ser.api.KafkaSerdesTester] (Thread-147) Sending message {"key11753928513743": "value-6"} to topic topic-9aa409e7_a926_4a17_9a2c_1ef189061033
2025-07-31 02:21:54,878 INFO  [io.api.tes.ser.api.KafkaSerdesTester] (Thread-147) Sending message {"key11753928513743": "value-7"} to topic topic-9aa409e7_a926_4a17_9a2c_1ef189061033
2025-07-31 02:21:54,881 INFO  [io.api.tes.ser.api.KafkaSerdesTester] (Thread-147) Sending message {"key11753928513743": "value-8"} to topic topic-9aa409e7_a926_4a17_9a2c_1ef189061033
2025-07-31 02:21:54,883 INFO  [io.api.tes.ser.api.KafkaSerdesTester] (Thread-147) Sending message {"key11753928513743": "value-9"} to topic topic-9aa409e7_a926_4a17_9a2c_1ef189061033
2025-07-31 02:21:54,884 INFO  [io.api.tes.ser.api.KafkaSerdesTester] (Thread-147) Produced 10 messages
2025-07-31 02:21:54,885 INFO  [org.apa.kaf.cli.pro.KafkaProducer] (Thread-147) [Producer clientId=Producer-topic-9aa409e7_a926_4a17_9a2c_1ef189061033] Closing the Kafka producer with timeoutMillis = 9223372036854775807 ms.
2025-07-31 02:21:54,887 INFO  [org.apa.kaf.com.met.Metrics] (Thread-147) Metrics scheduler closed
2025-07-31 02:21:54,887 INFO  [org.apa.kaf.com.met.Metrics] (Thread-147) Closing reporter org.apache.kafka.common.metrics.JmxReporter
2025-07-31 02:21:54,887 INFO  [org.apa.kaf.com.met.Metrics] (Thread-147) Closing reporter org.apache.kafka.common.telemetry.internals.ClientTelemetryReporter
2025-07-31 02:21:54,887 INFO  [org.apa.kaf.com.met.Metrics] (Thread-147) Metrics reporters closed
2025-07-31 02:21:54,888 INFO  [org.apa.kaf.com.uti.AppInfoParser] (Thread-147) App info kafka.producer for Producer-topic-9aa409e7_a926_4a17_9a2c_1ef189061033 unregistered
2025-07-31 02:21:54,889 INFO  [org.apa.kaf.cli.con.ConsumerConfig] (main) ConsumerConfig values: 
	allow.auto.create.topics = true
	auto.commit.interval.ms = 500
	auto.include.jmx.reporter = true
	auto.offset.reset = earliest
	bootstrap.servers = [PLAINTEXT://localhost:32770]
	check.crcs = true
	client.dns.lookup = use_all_dns_ips
	client.id = consumer-Consumer-topic-9aa409e7_a926_4a17_9a2c_1ef189061033-5
	client.rack = 
	connections.max.idle.ms = 10000
	default.api.timeout.ms = 60000
	enable.auto.commit = true
	enable.metrics.push = true
	exclude.internal.topics = true
	fetch.max.bytes = 52428800
	fetch.max.wait.ms = 500
	fetch.min.bytes = 1
	group.id = Consumer-topic-9aa409e7_a926_4a17_9a2c_1ef189061033
	group.instance.id = null
	group.protocol = classic
	group.remote.assignor = null
	heartbeat.interval.ms = 3000
	interceptor.classes = []
	internal.leave.group.on.close = true
	internal.throw.on.fetch.stable.offset.unsupported = false
	isolation.level = read_uncommitted
	key.deserializer = class org.apache.kafka.common.serialization.StringDeserializer
	max.partition.fetch.bytes = 1048576
	max.poll.interval.ms = 300000
	max.poll.records = 500
	metadata.max.age.ms = 300000
	metadata.recovery.strategy = none
	metric.reporters = []
	metrics.num.samples = 2
	metrics.recording.level = INFO
	metrics.sample.window.ms = 30000
	partition.assignment.strategy = [class org.apache.kafka.clients.consumer.RangeAssignor, class org.apache.kafka.clients.consumer.CooperativeStickyAssignor]
	receive.buffer.bytes = 65536
	reconnect.backoff.max.ms = 1000
	reconnect.backoff.ms = 50
	request.timeout.ms = 5000
	retry.backoff.max.ms = 1000
	retry.backoff.ms = 100
	sasl.client.callback.handler.class = null
	sasl.jaas.config = null
	sasl.kerberos.kinit.cmd = /usr/bin/kinit
	sasl.kerberos.min.time.before.relogin = 60000
	sasl.kerberos.service.name = null
	sasl.kerberos.ticket.renew.jitter = 0.05
	sasl.kerberos.ticket.renew.window.factor = 0.8
	sasl.login.callback.handler.class = null
	sasl.login.class = null
	sasl.login.connect.timeout.ms = null
	sasl.login.read.timeout.ms = null
	sasl.login.refresh.buffer.seconds = 300
	sasl.login.refresh.min.period.seconds = 60
	sasl.login.refresh.window.factor = 0.8
	sasl.login.refresh.window.jitter = 0.05
	sasl.login.retry.backoff.max.ms = 10000
	sasl.login.retry.backoff.ms = 100
	sasl.mechanism = GSSAPI
	sasl.oauthbearer.clock.skew.seconds = 30
	sasl.oauthbearer.expected.audience = null
	sasl.oauthbearer.expected.issuer = null
	sasl.oauthbearer.header.urlencode = false
	sasl.oauthbearer.jwks.endpoint.refresh.ms = 3600000
	sasl.oauthbearer.jwks.endpoint.retry.backoff.max.ms = 10000
	sasl.oauthbearer.jwks.endpoint.retry.backoff.ms = 100
	sasl.oauthbearer.jwks.endpoint.url = null
	sasl.oauthbearer.scope.claim.name = scope
	sasl.oauthbearer.sub.claim.name = sub
	sasl.oauthbearer.token.endpoint.url = null
	security.protocol = PLAINTEXT
	security.providers = null
	send.buffer.bytes = 131072
	session.timeout.ms = 45000
	socket.connection.setup.timeout.max.ms = 30000
	socket.connection.setup.timeout.ms = 10000
	ssl.cipher.suites = null
	ssl.enabled.protocols = [TLSv1.2, TLSv1.3]
	ssl.endpoint.identification.algorithm = https
	ssl.engine.factory.class = null
	ssl.key.password = null
	ssl.keymanager.algorithm = SunX509
	ssl.keystore.certificate.chain = null
	ssl.keystore.key = null
	ssl.keystore.location = null
	ssl.keystore.password = null
	ssl.keystore.type = JKS
	ssl.protocol = TLSv1.3
	ssl.provider = null
	ssl.secure.random.implementation = null
	ssl.trustmanager.algorithm = PKIX
	ssl.truststore.certificates = null
	ssl.truststore.location = null
	ssl.truststore.password = null
	ssl.truststore.type = JKS
	value.deserializer = class io.apicurio.registry.serde.avro.AvroKafkaDeserializer

2025-07-31 02:21:54,892 INFO  [org.apa.kaf.com.tel.int.KafkaMetricsCollector] (main) initializing Kafka metrics collector
2025-07-31 02:21:54,901 INFO  [org.apa.kaf.cli.con.ConsumerConfig] (main) These configurations '[apicurio.registry.url]' were supplied but are not used yet.
2025-07-31 02:21:54,901 INFO  [org.apa.kaf.com.uti.AppInfoParser] (main) Kafka version: 3.9.0
2025-07-31 02:21:54,901 INFO  [org.apa.kaf.com.uti.AppInfoParser] (main) Kafka commitId: 84caaa6e9da06435
2025-07-31 02:21:54,901 INFO  [org.apa.kaf.com.uti.AppInfoParser] (main) Kafka startTimeMs: 1753928514901
2025-07-31 02:21:54,901 INFO  [org.apa.kaf.cli.con.int.ClassicKafkaConsumer] (Thread-150) [Consumer clientId=consumer-Consumer-topic-9aa409e7_a926_4a17_9a2c_1ef189061033-5, groupId=Consumer-topic-9aa409e7_a926_4a17_9a2c_1ef189061033] Subscribed to topic(s): topic-9aa409e7_a926_4a17_9a2c_1ef189061033
2025-07-31 02:21:54,909 INFO  [org.apa.kaf.cli.Metadata] (Thread-150) [Consumer clientId=consumer-Consumer-topic-9aa409e7_a926_4a17_9a2c_1ef189061033-5, groupId=Consumer-topic-9aa409e7_a926_4a17_9a2c_1ef189061033] Cluster ID: d3IyjYRDQrmXThhQeh46ug
2025-07-31 02:21:54,910 INFO  [org.apa.kaf.cli.con.int.ConsumerCoordinator] (Thread-150) [Consumer clientId=consumer-Consumer-topic-9aa409e7_a926_4a17_9a2c_1ef189061033-5, groupId=Consumer-topic-9aa409e7_a926_4a17_9a2c_1ef189061033] Discovered group coordinator localhost:32770 (id: 2147483647 rack: null)
2025-07-31 02:21:54,913 INFO  [org.apa.kaf.cli.con.int.ConsumerCoordinator] (Thread-150) [Consumer clientId=consumer-Consumer-topic-9aa409e7_a926_4a17_9a2c_1ef189061033-5, groupId=Consumer-topic-9aa409e7_a926_4a17_9a2c_1ef189061033] (Re-)joining group
2025-07-31 02:21:54,920 INFO  [org.apa.kaf.cli.con.int.ConsumerCoordinator] (Thread-150) [Consumer clientId=consumer-Consumer-topic-9aa409e7_a926_4a17_9a2c_1ef189061033-5, groupId=Consumer-topic-9aa409e7_a926_4a17_9a2c_1ef189061033] Request joining group due to: need to re-join with the given member-id: consumer-Consumer-topic-9aa409e7_a926_4a17_9a2c_1ef189061033-5-a153caff-c967-4f90-971a-0021c25723e7
2025-07-31 02:21:54,920 INFO  [org.apa.kaf.cli.con.int.ConsumerCoordinator] (Thread-150) [Consumer clientId=consumer-Consumer-topic-9aa409e7_a926_4a17_9a2c_1ef189061033-5, groupId=Consumer-topic-9aa409e7_a926_4a17_9a2c_1ef189061033] (Re-)joining group
2025-07-31 02:21:54,925 INFO  [org.apa.kaf.cli.con.int.ConsumerCoordinator] (Thread-150) [Consumer clientId=consumer-Consumer-topic-9aa409e7_a926_4a17_9a2c_1ef189061033-5, groupId=Consumer-topic-9aa409e7_a926_4a17_9a2c_1ef189061033] Successfully joined group with generation Generation{generationId=1, memberId='consumer-Consumer-topic-9aa409e7_a926_4a17_9a2c_1ef189061033-5-a153caff-c967-4f90-971a-0021c25723e7', protocol='range'}
2025-07-31 02:21:54,926 INFO  [org.apa.kaf.cli.con.int.ConsumerCoordinator] (Thread-150) [Consumer clientId=consumer-Consumer-topic-9aa409e7_a926_4a17_9a2c_1ef189061033-5, groupId=Consumer-topic-9aa409e7_a926_4a17_9a2c_1ef189061033] Finished assignment for group at generation 1: {consumer-Consumer-topic-9aa409e7_a926_4a17_9a2c_1ef189061033-5-a153caff-c967-4f90-971a-0021c25723e7=Assignment(partitions=[topic-9aa409e7_a926_4a17_9a2c_1ef189061033-0])}
2025-07-31 02:21:54,933 INFO  [org.apa.kaf.cli.con.int.ConsumerCoordinator] (Thread-150) [Consumer clientId=consumer-Consumer-topic-9aa409e7_a926_4a17_9a2c_1ef189061033-5, groupId=Consumer-topic-9aa409e7_a926_4a17_9a2c_1ef189061033] Successfully synced group in generation Generation{generationId=1, memberId='consumer-Consumer-topic-9aa409e7_a926_4a17_9a2c_1ef189061033-5-a153caff-c967-4f90-971a-0021c25723e7', protocol='range'}
2025-07-31 02:21:54,933 INFO  [org.apa.kaf.cli.con.int.ConsumerCoordinator] (Thread-150) [Consumer clientId=consumer-Consumer-topic-9aa409e7_a926_4a17_9a2c_1ef189061033-5, groupId=Consumer-topic-9aa409e7_a926_4a17_9a2c_1ef189061033] Notifying assignor about the new Assignment(partitions=[topic-9aa409e7_a926_4a17_9a2c_1ef189061033-0])
2025-07-31 02:21:54,933 INFO  [org.apa.kaf.cli.con.int.ConsumerRebalanceListenerInvoker] (Thread-150) [Consumer clientId=consumer-Consumer-topic-9aa409e7_a926_4a17_9a2c_1ef189061033-5, groupId=Consumer-topic-9aa409e7_a926_4a17_9a2c_1ef189061033] Adding newly assigned partitions: topic-9aa409e7_a926_4a17_9a2c_1ef189061033-0
2025-07-31 02:21:54,937 INFO  [org.apa.kaf.cli.con.int.ConsumerCoordinator] (Thread-150) [Consumer clientId=consumer-Consumer-topic-9aa409e7_a926_4a17_9a2c_1ef189061033-5, groupId=Consumer-topic-9aa409e7_a926_4a17_9a2c_1ef189061033] Found no committed offset for partition topic-9aa409e7_a926_4a17_9a2c_1ef189061033-0
2025-07-31 02:21:54,952 INFO  [org.apa.kaf.cli.con.int.SubscriptionState] (Thread-150) [Consumer clientId=consumer-Consumer-topic-9aa409e7_a926_4a17_9a2c_1ef189061033-5, groupId=Consumer-topic-9aa409e7_a926_4a17_9a2c_1ef189061033] Resetting offset for partition topic-9aa409e7_a926_4a17_9a2c_1ef189061033-0 to position FetchPosition{offset=0, offsetEpoch=Optional.empty, currentLeader=LeaderAndEpoch{leader=Optional[localhost:32770 (id: 0 rack: null)], epoch=0}}.
2025-07-31 02:21:54,980 INFO  [io.api.tes.ser.api.KafkaSerdesTester] (Thread-150) topic-9aa409e7_a926_4a17_9a2c_1ef189061033 0 0 {"key11753928513743": "value-0"}
2025-07-31 02:21:54,980 INFO  [io.api.tes.ser.api.KafkaSerdesTester] (Thread-150) topic-9aa409e7_a926_4a17_9a2c_1ef189061033 0 1 {"key11753928513743": "value-1"}
2025-07-31 02:21:54,981 INFO  [io.api.tes.ser.api.KafkaSerdesTester] (Thread-150) topic-9aa409e7_a926_4a17_9a2c_1ef189061033 0 2 {"key11753928513743": "value-2"}
2025-07-31 02:21:54,981 INFO  [io.api.tes.ser.api.KafkaSerdesTester] (Thread-150) topic-9aa409e7_a926_4a17_9a2c_1ef189061033 0 3 {"key11753928513743": "value-3"}
2025-07-31 02:21:54,981 INFO  [io.api.tes.ser.api.KafkaSerdesTester] (Thread-150) topic-9aa409e7_a926_4a17_9a2c_1ef189061033 0 4 {"key11753928513743": "value-4"}
2025-07-31 02:21:54,981 INFO  [io.api.tes.ser.api.KafkaSerdesTester] (Thread-150) topic-9aa409e7_a926_4a17_9a2c_1ef189061033 0 5 {"key11753928513743": "value-5"}
2025-07-31 02:21:54,981 INFO  [io.api.tes.ser.api.KafkaSerdesTester] (Thread-150) topic-9aa409e7_a926_4a17_9a2c_1ef189061033 0 6 {"key11753928513743": "value-6"}
2025-07-31 02:21:54,981 INFO  [io.api.tes.ser.api.KafkaSerdesTester] (Thread-150) topic-9aa409e7_a926_4a17_9a2c_1ef189061033 0 7 {"key11753928513743": "value-7"}
2025-07-31 02:21:54,981 INFO  [io.api.tes.ser.api.KafkaSerdesTester] (Thread-150) topic-9aa409e7_a926_4a17_9a2c_1ef189061033 0 8 {"key11753928513743": "value-8"}
2025-07-31 02:21:54,981 INFO  [io.api.tes.ser.api.KafkaSerdesTester] (Thread-150) topic-9aa409e7_a926_4a17_9a2c_1ef189061033 0 9 {"key11753928513743": "value-9"}
2025-07-31 02:21:54,981 INFO  [io.api.tes.ser.api.KafkaSerdesTester] (Thread-150) Consumed 10 messages
2025-07-31 02:21:54,984 INFO  [org.apa.kaf.cli.con.int.ConsumerRebalanceListenerInvoker] (Thread-150) [Consumer clientId=consumer-Consumer-topic-9aa409e7_a926_4a17_9a2c_1ef189061033-5, groupId=Consumer-topic-9aa409e7_a926_4a17_9a2c_1ef189061033] Revoke previously assigned partitions topic-9aa409e7_a926_4a17_9a2c_1ef189061033-0
2025-07-31 02:21:54,984 INFO  [org.apa.kaf.cli.con.int.ConsumerCoordinator] (Thread-150) [Consumer clientId=consumer-Consumer-topic-9aa409e7_a926_4a17_9a2c_1ef189061033-5, groupId=Consumer-topic-9aa409e7_a926_4a17_9a2c_1ef189061033] Member consumer-Consumer-topic-9aa409e7_a926_4a17_9a2c_1ef189061033-5-a153caff-c967-4f90-971a-0021c25723e7 sending LeaveGroup request to coordinator localhost:32770 (id: 2147483647 rack: null) due to the consumer is being closed
2025-07-31 02:21:54,985 INFO  [org.apa.kaf.cli.con.int.ConsumerCoordinator] (Thread-150) [Consumer clientId=consumer-Consumer-topic-9aa409e7_a926_4a17_9a2c_1ef189061033-5, groupId=Consumer-topic-9aa409e7_a926_4a17_9a2c_1ef189061033] Resetting generation and member id due to: consumer pro-actively leaving the group
2025-07-31 02:21:54,985 INFO  [org.apa.kaf.cli.con.int.ConsumerCoordinator] (Thread-150) [Consumer clientId=consumer-Consumer-topic-9aa409e7_a926_4a17_9a2c_1ef189061033-5, groupId=Consumer-topic-9aa409e7_a926_4a17_9a2c_1ef189061033] Request joining group due to: consumer pro-actively leaving the group
2025-07-31 02:21:55,484 INFO  [org.apa.kaf.com.met.Metrics] (Thread-150) Metrics scheduler closed
2025-07-31 02:21:55,484 INFO  [org.apa.kaf.com.met.Metrics] (Thread-150) Closing reporter org.apache.kafka.common.metrics.JmxReporter
2025-07-31 02:21:55,484 INFO  [org.apa.kaf.com.met.Metrics] (Thread-150) Closing reporter org.apache.kafka.common.telemetry.internals.ClientTelemetryReporter
2025-07-31 02:21:55,484 INFO  [org.apa.kaf.com.met.Metrics] (Thread-150) Metrics reporters closed
2025-07-31 02:21:55,487 INFO  [org.apa.kaf.com.uti.AppInfoParser] (Thread-150) App info kafka.consumer for consumer-Consumer-topic-9aa409e7_a926_4a17_9a2c_1ef189061033-5 unregistered
2025-07-31 02:21:55,487 INFO  [io.api.tes.uti.TestSeparator] (main) io.apicurio.tests.serdes.apicurio.AvroSerdeIT.testRecordIdStrategydFindLatest-FINISHED
2025-07-31 02:21:55,487 INFO  [io.api.tes.uti.TestSeparator] (main) ############################################################################
]]></system-out>
  </testcase>
  <testcase name="testReflectAutoRegister" classname="io.apicurio.tests.serdes.apicurio.AvroSerdeIT" time="0.887">
    <system-out><![CDATA[2025-07-31 02:21:55,492 INFO  [io.api.tes.uti.TestSeparator] (main) ############################################################################
2025-07-31 02:21:55,492 INFO  [io.api.tes.uti.TestSeparator] (main) io.apicurio.tests.serdes.apicurio.AvroSerdeIT.testReflectAutoRegister-STARTED
2025-07-31 02:21:55,495 INFO  [org.apa.kaf.cli.pro.ProducerConfig] (main) ProducerConfig values: 
	acks = -1
	auto.include.jmx.reporter = true
	batch.size = 16384
	bootstrap.servers = [PLAINTEXT://localhost:32770]
	buffer.memory = 33554432
	client.dns.lookup = use_all_dns_ips
	client.id = Producer-topic-7e3932bb_0463_4259_a73f_f27aa0097a08
	compression.gzip.level = -1
	compression.lz4.level = 9
	compression.type = none
	compression.zstd.level = 3
	connections.max.idle.ms = 10000
	delivery.timeout.ms = 120000
	enable.idempotence = true
	enable.metrics.push = true
	interceptor.classes = []
	key.serializer = class org.apache.kafka.common.serialization.StringSerializer
	linger.ms = 0
	max.block.ms = 60000
	max.in.flight.requests.per.connection = 5
	max.request.size = 1048576
	metadata.max.age.ms = 300000
	metadata.max.idle.ms = 300000
	metadata.recovery.strategy = none
	metric.reporters = []
	metrics.num.samples = 2
	metrics.recording.level = INFO
	metrics.sample.window.ms = 30000
	partitioner.adaptive.partitioning.enable = true
	partitioner.availability.timeout.ms = 0
	partitioner.class = null
	partitioner.ignore.keys = false
	receive.buffer.bytes = 32768
	reconnect.backoff.max.ms = 1000
	reconnect.backoff.ms = 50
	request.timeout.ms = 5000
	retries = 2147483647
	retry.backoff.max.ms = 1000
	retry.backoff.ms = 100
	sasl.client.callback.handler.class = null
	sasl.jaas.config = null
	sasl.kerberos.kinit.cmd = /usr/bin/kinit
	sasl.kerberos.min.time.before.relogin = 60000
	sasl.kerberos.service.name = null
	sasl.kerberos.ticket.renew.jitter = 0.05
	sasl.kerberos.ticket.renew.window.factor = 0.8
	sasl.login.callback.handler.class = null
	sasl.login.class = null
	sasl.login.connect.timeout.ms = null
	sasl.login.read.timeout.ms = null
	sasl.login.refresh.buffer.seconds = 300
	sasl.login.refresh.min.period.seconds = 60
	sasl.login.refresh.window.factor = 0.8
	sasl.login.refresh.window.jitter = 0.05
	sasl.login.retry.backoff.max.ms = 10000
	sasl.login.retry.backoff.ms = 100
	sasl.mechanism = GSSAPI
	sasl.oauthbearer.clock.skew.seconds = 30
	sasl.oauthbearer.expected.audience = null
	sasl.oauthbearer.expected.issuer = null
	sasl.oauthbearer.header.urlencode = false
	sasl.oauthbearer.jwks.endpoint.refresh.ms = 3600000
	sasl.oauthbearer.jwks.endpoint.retry.backoff.max.ms = 10000
	sasl.oauthbearer.jwks.endpoint.retry.backoff.ms = 100
	sasl.oauthbearer.jwks.endpoint.url = null
	sasl.oauthbearer.scope.claim.name = scope
	sasl.oauthbearer.sub.claim.name = sub
	sasl.oauthbearer.token.endpoint.url = null
	security.protocol = PLAINTEXT
	security.providers = null
	send.buffer.bytes = 131072
	socket.connection.setup.timeout.max.ms = 30000
	socket.connection.setup.timeout.ms = 10000
	ssl.cipher.suites = null
	ssl.enabled.protocols = [TLSv1.2, TLSv1.3]
	ssl.endpoint.identification.algorithm = https
	ssl.engine.factory.class = null
	ssl.key.password = null
	ssl.keymanager.algorithm = SunX509
	ssl.keystore.certificate.chain = null
	ssl.keystore.key = null
	ssl.keystore.location = null
	ssl.keystore.password = null
	ssl.keystore.type = JKS
	ssl.protocol = TLSv1.3
	ssl.provider = null
	ssl.secure.random.implementation = null
	ssl.trustmanager.algorithm = PKIX
	ssl.truststore.certificates = null
	ssl.truststore.location = null
	ssl.truststore.password = null
	ssl.truststore.type = JKS
	transaction.timeout.ms = 60000
	transactional.id = null
	value.serializer = class io.apicurio.registry.serde.avro.AvroKafkaSerializer

2025-07-31 02:21:55,498 INFO  [org.apa.kaf.com.tel.int.KafkaMetricsCollector] (main) initializing Kafka metrics collector
2025-07-31 02:21:55,520 INFO  [org.apa.kaf.cli.pro.KafkaProducer] (main) [Producer clientId=Producer-topic-7e3932bb_0463_4259_a73f_f27aa0097a08] Instantiated an idempotent producer.
2025-07-31 02:21:55,522 INFO  [org.apa.kaf.cli.pro.ProducerConfig] (main) These configurations '[apicurio.registry.url, apicurio.registry.auto-register, apicurio.registry.artifact-resolver-strategy, apicurio.registry.avro-datum-provider]' were supplied but are not used yet.
2025-07-31 02:21:55,522 INFO  [org.apa.kaf.com.uti.AppInfoParser] (main) Kafka version: 3.9.0
2025-07-31 02:21:55,522 INFO  [org.apa.kaf.com.uti.AppInfoParser] (main) Kafka commitId: 84caaa6e9da06435
2025-07-31 02:21:55,522 INFO  [org.apa.kaf.com.uti.AppInfoParser] (main) Kafka startTimeMs: 1753928515522
2025-07-31 02:21:55,523 INFO  [io.api.tes.ser.api.SimpleSerdesTesterBuilder$SimpleSerdesTester] (main) Using producer configuration: {apicurio.registry.url=http://registry-app-postgresql.apps.ci419.apicurio-testing.org:80/apis/registry/v3, apicurio.registry.auto-register=true, apicurio.registry.artifact-resolver-strategy=io.apicurio.registry.serde.strategy.TopicIdStrategy, value.serializer=io.apicurio.registry.serde.avro.AvroKafkaSerializer, request.timeout.ms=5000, acks=all, bootstrap.servers=PLAINTEXT://localhost:32770, connections.max.idle.ms=10000, key.serializer=org.apache.kafka.common.serialization.StringSerializer, apicurio.registry.avro-datum-provider=io.apicurio.registry.serde.avro.ReflectAvroDatumProvider, client.id=Producer-topic-7e3932bb_0463_4259_a73f_f27aa0097a08}
2025-07-31 02:21:55,523 INFO  [io.api.tes.ser.api.SimpleSerdesTesterBuilder$SimpleSerdesTester] (main) Using consumer configuration: {apicurio.registry.avro-datum-provider=io.apicurio.registry.serde.avro.ReflectAvroDatumProvider}
2025-07-31 02:21:55,530 INFO  [io.api.tes.ser.api.KafkaSerdesTester] (Thread-153) Sending message io.apicurio.tests.common.serdes.TestObject@3dbd29cb to topic topic-7e3932bb_0463_4259_a73f_f27aa0097a08
2025-07-31 02:21:55,554 WARN  [org.apa.kaf.cli.NetworkClient] (kafka-producer-network-thread | Producer-topic-7e3932bb_0463_4259_a73f_f27aa0097a08) [Producer clientId=Producer-topic-7e3932bb_0463_4259_a73f_f27aa0097a08] The metadata response from the cluster reported a recoverable issue with correlation id 2 : {topic-7e3932bb_0463_4259_a73f_f27aa0097a08=LEADER_NOT_AVAILABLE}
2025-07-31 02:21:55,558 INFO  [org.apa.kaf.cli.Metadata] (kafka-producer-network-thread | Producer-topic-7e3932bb_0463_4259_a73f_f27aa0097a08) [Producer clientId=Producer-topic-7e3932bb_0463_4259_a73f_f27aa0097a08] Cluster ID: d3IyjYRDQrmXThhQeh46ug
2025-07-31 02:21:55,561 INFO  [org.apa.kaf.cli.pro.int.TransactionManager] (kafka-producer-network-thread | Producer-topic-7e3932bb_0463_4259_a73f_f27aa0097a08) [Producer clientId=Producer-topic-7e3932bb_0463_4259_a73f_f27aa0097a08] ProducerId set to 6 with epoch 0
2025-07-31 02:21:55,729 INFO  [io.api.tes.ser.api.KafkaSerdesTester] (Thread-153) Sending message io.apicurio.tests.common.serdes.TestObject@3dbd29cb to topic topic-7e3932bb_0463_4259_a73f_f27aa0097a08
2025-07-31 02:21:55,732 INFO  [io.api.tes.ser.api.KafkaSerdesTester] (Thread-153) Sending message io.apicurio.tests.common.serdes.TestObject@3dbd29cb to topic topic-7e3932bb_0463_4259_a73f_f27aa0097a08
2025-07-31 02:21:55,734 INFO  [io.api.tes.ser.api.KafkaSerdesTester] (Thread-153) Sending message io.apicurio.tests.common.serdes.TestObject@3dbd29cb to topic topic-7e3932bb_0463_4259_a73f_f27aa0097a08
2025-07-31 02:21:55,737 INFO  [io.api.tes.ser.api.KafkaSerdesTester] (Thread-153) Sending message io.apicurio.tests.common.serdes.TestObject@3dbd29cb to topic topic-7e3932bb_0463_4259_a73f_f27aa0097a08
2025-07-31 02:21:55,739 INFO  [io.api.tes.ser.api.KafkaSerdesTester] (Thread-153) Sending message io.apicurio.tests.common.serdes.TestObject@3dbd29cb to topic topic-7e3932bb_0463_4259_a73f_f27aa0097a08
2025-07-31 02:21:55,741 INFO  [io.api.tes.ser.api.KafkaSerdesTester] (Thread-153) Sending message io.apicurio.tests.common.serdes.TestObject@3dbd29cb to topic topic-7e3932bb_0463_4259_a73f_f27aa0097a08
2025-07-31 02:21:55,742 INFO  [io.api.tes.ser.api.KafkaSerdesTester] (Thread-153) Sending message io.apicurio.tests.common.serdes.TestObject@3dbd29cb to topic topic-7e3932bb_0463_4259_a73f_f27aa0097a08
2025-07-31 02:21:55,745 INFO  [io.api.tes.ser.api.KafkaSerdesTester] (Thread-153) Sending message io.apicurio.tests.common.serdes.TestObject@3dbd29cb to topic topic-7e3932bb_0463_4259_a73f_f27aa0097a08
2025-07-31 02:21:55,747 INFO  [io.api.tes.ser.api.KafkaSerdesTester] (Thread-153) Sending message io.apicurio.tests.common.serdes.TestObject@3dbd29cb to topic topic-7e3932bb_0463_4259_a73f_f27aa0097a08
2025-07-31 02:21:55,749 INFO  [io.api.tes.ser.api.KafkaSerdesTester] (Thread-153) Produced 10 messages
2025-07-31 02:21:55,749 INFO  [org.apa.kaf.cli.pro.KafkaProducer] (Thread-153) [Producer clientId=Producer-topic-7e3932bb_0463_4259_a73f_f27aa0097a08] Closing the Kafka producer with timeoutMillis = 9223372036854775807 ms.
2025-07-31 02:21:55,754 INFO  [org.apa.kaf.com.met.Metrics] (Thread-153) Metrics scheduler closed
2025-07-31 02:21:55,754 INFO  [org.apa.kaf.com.met.Metrics] (Thread-153) Closing reporter org.apache.kafka.common.metrics.JmxReporter
2025-07-31 02:21:55,754 INFO  [org.apa.kaf.com.met.Metrics] (Thread-153) Closing reporter org.apache.kafka.common.telemetry.internals.ClientTelemetryReporter
2025-07-31 02:21:55,755 INFO  [org.apa.kaf.com.met.Metrics] (Thread-153) Metrics reporters closed
2025-07-31 02:21:55,756 INFO  [org.apa.kaf.com.uti.AppInfoParser] (Thread-153) App info kafka.producer for Producer-topic-7e3932bb_0463_4259_a73f_f27aa0097a08 unregistered
2025-07-31 02:21:55,779 INFO  [org.apa.kaf.cli.con.ConsumerConfig] (main) ConsumerConfig values: 
	allow.auto.create.topics = true
	auto.commit.interval.ms = 500
	auto.include.jmx.reporter = true
	auto.offset.reset = earliest
	bootstrap.servers = [PLAINTEXT://localhost:32770]
	check.crcs = true
	client.dns.lookup = use_all_dns_ips
	client.id = consumer-Consumer-topic-7e3932bb_0463_4259_a73f_f27aa0097a08-6
	client.rack = 
	connections.max.idle.ms = 10000
	default.api.timeout.ms = 60000
	enable.auto.commit = true
	enable.metrics.push = true
	exclude.internal.topics = true
	fetch.max.bytes = 52428800
	fetch.max.wait.ms = 500
	fetch.min.bytes = 1
	group.id = Consumer-topic-7e3932bb_0463_4259_a73f_f27aa0097a08
	group.instance.id = null
	group.protocol = classic
	group.remote.assignor = null
	heartbeat.interval.ms = 3000
	interceptor.classes = []
	internal.leave.group.on.close = true
	internal.throw.on.fetch.stable.offset.unsupported = false
	isolation.level = read_uncommitted
	key.deserializer = class org.apache.kafka.common.serialization.StringDeserializer
	max.partition.fetch.bytes = 1048576
	max.poll.interval.ms = 300000
	max.poll.records = 500
	metadata.max.age.ms = 300000
	metadata.recovery.strategy = none
	metric.reporters = []
	metrics.num.samples = 2
	metrics.recording.level = INFO
	metrics.sample.window.ms = 30000
	partition.assignment.strategy = [class org.apache.kafka.clients.consumer.RangeAssignor, class org.apache.kafka.clients.consumer.CooperativeStickyAssignor]
	receive.buffer.bytes = 65536
	reconnect.backoff.max.ms = 1000
	reconnect.backoff.ms = 50
	request.timeout.ms = 5000
	retry.backoff.max.ms = 1000
	retry.backoff.ms = 100
	sasl.client.callback.handler.class = null
	sasl.jaas.config = null
	sasl.kerberos.kinit.cmd = /usr/bin/kinit
	sasl.kerberos.min.time.before.relogin = 60000
	sasl.kerberos.service.name = null
	sasl.kerberos.ticket.renew.jitter = 0.05
	sasl.kerberos.ticket.renew.window.factor = 0.8
	sasl.login.callback.handler.class = null
	sasl.login.class = null
	sasl.login.connect.timeout.ms = null
	sasl.login.read.timeout.ms = null
	sasl.login.refresh.buffer.seconds = 300
	sasl.login.refresh.min.period.seconds = 60
	sasl.login.refresh.window.factor = 0.8
	sasl.login.refresh.window.jitter = 0.05
	sasl.login.retry.backoff.max.ms = 10000
	sasl.login.retry.backoff.ms = 100
	sasl.mechanism = GSSAPI
	sasl.oauthbearer.clock.skew.seconds = 30
	sasl.oauthbearer.expected.audience = null
	sasl.oauthbearer.expected.issuer = null
	sasl.oauthbearer.header.urlencode = false
	sasl.oauthbearer.jwks.endpoint.refresh.ms = 3600000
	sasl.oauthbearer.jwks.endpoint.retry.backoff.max.ms = 10000
	sasl.oauthbearer.jwks.endpoint.retry.backoff.ms = 100
	sasl.oauthbearer.jwks.endpoint.url = null
	sasl.oauthbearer.scope.claim.name = scope
	sasl.oauthbearer.sub.claim.name = sub
	sasl.oauthbearer.token.endpoint.url = null
	security.protocol = PLAINTEXT
	security.providers = null
	send.buffer.bytes = 131072
	session.timeout.ms = 45000
	socket.connection.setup.timeout.max.ms = 30000
	socket.connection.setup.timeout.ms = 10000
	ssl.cipher.suites = null
	ssl.enabled.protocols = [TLSv1.2, TLSv1.3]
	ssl.endpoint.identification.algorithm = https
	ssl.engine.factory.class = null
	ssl.key.password = null
	ssl.keymanager.algorithm = SunX509
	ssl.keystore.certificate.chain = null
	ssl.keystore.key = null
	ssl.keystore.location = null
	ssl.keystore.password = null
	ssl.keystore.type = JKS
	ssl.protocol = TLSv1.3
	ssl.provider = null
	ssl.secure.random.implementation = null
	ssl.trustmanager.algorithm = PKIX
	ssl.truststore.certificates = null
	ssl.truststore.location = null
	ssl.truststore.password = null
	ssl.truststore.type = JKS
	value.deserializer = class io.apicurio.registry.serde.avro.AvroKafkaDeserializer

2025-07-31 02:21:55,780 INFO  [org.apa.kaf.com.tel.int.KafkaMetricsCollector] (main) initializing Kafka metrics collector
2025-07-31 02:21:55,788 INFO  [org.apa.kaf.cli.con.ConsumerConfig] (main) These configurations '[apicurio.registry.url, apicurio.registry.avro-datum-provider]' were supplied but are not used yet.
2025-07-31 02:21:55,788 INFO  [org.apa.kaf.com.uti.AppInfoParser] (main) Kafka version: 3.9.0
2025-07-31 02:21:55,788 INFO  [org.apa.kaf.com.uti.AppInfoParser] (main) Kafka commitId: 84caaa6e9da06435
2025-07-31 02:21:55,788 INFO  [org.apa.kaf.com.uti.AppInfoParser] (main) Kafka startTimeMs: 1753928515788
2025-07-31 02:21:55,789 INFO  [org.apa.kaf.cli.con.int.ClassicKafkaConsumer] (Thread-156) [Consumer clientId=consumer-Consumer-topic-7e3932bb_0463_4259_a73f_f27aa0097a08-6, groupId=Consumer-topic-7e3932bb_0463_4259_a73f_f27aa0097a08] Subscribed to topic(s): topic-7e3932bb_0463_4259_a73f_f27aa0097a08
2025-07-31 02:21:55,797 INFO  [org.apa.kaf.cli.Metadata] (Thread-156) [Consumer clientId=consumer-Consumer-topic-7e3932bb_0463_4259_a73f_f27aa0097a08-6, groupId=Consumer-topic-7e3932bb_0463_4259_a73f_f27aa0097a08] Cluster ID: d3IyjYRDQrmXThhQeh46ug
2025-07-31 02:21:55,798 INFO  [org.apa.kaf.cli.con.int.ConsumerCoordinator] (Thread-156) [Consumer clientId=consumer-Consumer-topic-7e3932bb_0463_4259_a73f_f27aa0097a08-6, groupId=Consumer-topic-7e3932bb_0463_4259_a73f_f27aa0097a08] Discovered group coordinator localhost:32770 (id: 2147483647 rack: null)
2025-07-31 02:21:55,801 INFO  [org.apa.kaf.cli.con.int.ConsumerCoordinator] (Thread-156) [Consumer clientId=consumer-Consumer-topic-7e3932bb_0463_4259_a73f_f27aa0097a08-6, groupId=Consumer-topic-7e3932bb_0463_4259_a73f_f27aa0097a08] (Re-)joining group
2025-07-31 02:21:55,806 INFO  [org.apa.kaf.cli.con.int.ConsumerCoordinator] (Thread-156) [Consumer clientId=consumer-Consumer-topic-7e3932bb_0463_4259_a73f_f27aa0097a08-6, groupId=Consumer-topic-7e3932bb_0463_4259_a73f_f27aa0097a08] Request joining group due to: need to re-join with the given member-id: consumer-Consumer-topic-7e3932bb_0463_4259_a73f_f27aa0097a08-6-bcd495c4-d3c8-4dbc-bc32-9e51323ebb89
2025-07-31 02:21:55,806 INFO  [org.apa.kaf.cli.con.int.ConsumerCoordinator] (Thread-156) [Consumer clientId=consumer-Consumer-topic-7e3932bb_0463_4259_a73f_f27aa0097a08-6, groupId=Consumer-topic-7e3932bb_0463_4259_a73f_f27aa0097a08] (Re-)joining group
2025-07-31 02:21:55,810 INFO  [org.apa.kaf.cli.con.int.ConsumerCoordinator] (Thread-156) [Consumer clientId=consumer-Consumer-topic-7e3932bb_0463_4259_a73f_f27aa0097a08-6, groupId=Consumer-topic-7e3932bb_0463_4259_a73f_f27aa0097a08] Successfully joined group with generation Generation{generationId=1, memberId='consumer-Consumer-topic-7e3932bb_0463_4259_a73f_f27aa0097a08-6-bcd495c4-d3c8-4dbc-bc32-9e51323ebb89', protocol='range'}
2025-07-31 02:21:55,811 INFO  [org.apa.kaf.cli.con.int.ConsumerCoordinator] (Thread-156) [Consumer clientId=consumer-Consumer-topic-7e3932bb_0463_4259_a73f_f27aa0097a08-6, groupId=Consumer-topic-7e3932bb_0463_4259_a73f_f27aa0097a08] Finished assignment for group at generation 1: {consumer-Consumer-topic-7e3932bb_0463_4259_a73f_f27aa0097a08-6-bcd495c4-d3c8-4dbc-bc32-9e51323ebb89=Assignment(partitions=[topic-7e3932bb_0463_4259_a73f_f27aa0097a08-0])}
2025-07-31 02:21:55,815 INFO  [org.apa.kaf.cli.con.int.ConsumerCoordinator] (kafka-coordinator-heartbeat-thread | Consumer-topic-7e3932bb_0463_4259_a73f_f27aa0097a08) [Consumer clientId=consumer-Consumer-topic-7e3932bb_0463_4259_a73f_f27aa0097a08-6, groupId=Consumer-topic-7e3932bb_0463_4259_a73f_f27aa0097a08] Successfully synced group in generation Generation{generationId=1, memberId='consumer-Consumer-topic-7e3932bb_0463_4259_a73f_f27aa0097a08-6-bcd495c4-d3c8-4dbc-bc32-9e51323ebb89', protocol='range'}
2025-07-31 02:21:55,816 INFO  [org.apa.kaf.cli.con.int.ConsumerCoordinator] (Thread-156) [Consumer clientId=consumer-Consumer-topic-7e3932bb_0463_4259_a73f_f27aa0097a08-6, groupId=Consumer-topic-7e3932bb_0463_4259_a73f_f27aa0097a08] Notifying assignor about the new Assignment(partitions=[topic-7e3932bb_0463_4259_a73f_f27aa0097a08-0])
2025-07-31 02:21:55,816 INFO  [org.apa.kaf.cli.con.int.ConsumerRebalanceListenerInvoker] (Thread-156) [Consumer clientId=consumer-Consumer-topic-7e3932bb_0463_4259_a73f_f27aa0097a08-6, groupId=Consumer-topic-7e3932bb_0463_4259_a73f_f27aa0097a08] Adding newly assigned partitions: topic-7e3932bb_0463_4259_a73f_f27aa0097a08-0
2025-07-31 02:21:55,819 INFO  [org.apa.kaf.cli.con.int.ConsumerCoordinator] (Thread-156) [Consumer clientId=consumer-Consumer-topic-7e3932bb_0463_4259_a73f_f27aa0097a08-6, groupId=Consumer-topic-7e3932bb_0463_4259_a73f_f27aa0097a08] Found no committed offset for partition topic-7e3932bb_0463_4259_a73f_f27aa0097a08-0
2025-07-31 02:21:55,829 INFO  [org.apa.kaf.cli.con.int.SubscriptionState] (Thread-156) [Consumer clientId=consumer-Consumer-topic-7e3932bb_0463_4259_a73f_f27aa0097a08-6, groupId=Consumer-topic-7e3932bb_0463_4259_a73f_f27aa0097a08] Resetting offset for partition topic-7e3932bb_0463_4259_a73f_f27aa0097a08-0 to position FetchPosition{offset=0, offsetEpoch=Optional.empty, currentLeader=LeaderAndEpoch{leader=Optional[localhost:32770 (id: 0 rack: null)], epoch=0}}.
2025-07-31 02:21:55,867 INFO  [io.api.tes.ser.api.KafkaSerdesTester] (Thread-156) topic-7e3932bb_0463_4259_a73f_f27aa0097a08 0 0 io.apicurio.tests.common.serdes.TestObject@3dbd29cb
2025-07-31 02:21:55,869 INFO  [io.api.tes.ser.api.KafkaSerdesTester] (Thread-156) topic-7e3932bb_0463_4259_a73f_f27aa0097a08 0 1 io.apicurio.tests.common.serdes.TestObject@3dbd29cb
2025-07-31 02:21:55,869 INFO  [io.api.tes.ser.api.KafkaSerdesTester] (Thread-156) topic-7e3932bb_0463_4259_a73f_f27aa0097a08 0 2 io.apicurio.tests.common.serdes.TestObject@3dbd29cb
2025-07-31 02:21:55,869 INFO  [io.api.tes.ser.api.KafkaSerdesTester] (Thread-156) topic-7e3932bb_0463_4259_a73f_f27aa0097a08 0 3 io.apicurio.tests.common.serdes.TestObject@3dbd29cb
2025-07-31 02:21:55,869 INFO  [io.api.tes.ser.api.KafkaSerdesTester] (Thread-156) topic-7e3932bb_0463_4259_a73f_f27aa0097a08 0 4 io.apicurio.tests.common.serdes.TestObject@3dbd29cb
2025-07-31 02:21:55,869 INFO  [io.api.tes.ser.api.KafkaSerdesTester] (Thread-156) topic-7e3932bb_0463_4259_a73f_f27aa0097a08 0 5 io.apicurio.tests.common.serdes.TestObject@3dbd29cb
2025-07-31 02:21:55,869 INFO  [io.api.tes.ser.api.KafkaSerdesTester] (Thread-156) topic-7e3932bb_0463_4259_a73f_f27aa0097a08 0 6 io.apicurio.tests.common.serdes.TestObject@3dbd29cb
2025-07-31 02:21:55,869 INFO  [io.api.tes.ser.api.KafkaSerdesTester] (Thread-156) topic-7e3932bb_0463_4259_a73f_f27aa0097a08 0 7 io.apicurio.tests.common.serdes.TestObject@3dbd29cb
2025-07-31 02:21:55,869 INFO  [io.api.tes.ser.api.KafkaSerdesTester] (Thread-156) topic-7e3932bb_0463_4259_a73f_f27aa0097a08 0 8 io.apicurio.tests.common.serdes.TestObject@3dbd29cb
2025-07-31 02:21:55,869 INFO  [io.api.tes.ser.api.KafkaSerdesTester] (Thread-156) topic-7e3932bb_0463_4259_a73f_f27aa0097a08 0 9 io.apicurio.tests.common.serdes.TestObject@3dbd29cb
2025-07-31 02:21:55,869 INFO  [io.api.tes.ser.api.KafkaSerdesTester] (Thread-156) Consumed 10 messages
2025-07-31 02:21:55,872 INFO  [org.apa.kaf.cli.con.int.ConsumerRebalanceListenerInvoker] (Thread-156) [Consumer clientId=consumer-Consumer-topic-7e3932bb_0463_4259_a73f_f27aa0097a08-6, groupId=Consumer-topic-7e3932bb_0463_4259_a73f_f27aa0097a08] Revoke previously assigned partitions topic-7e3932bb_0463_4259_a73f_f27aa0097a08-0
2025-07-31 02:21:55,872 INFO  [org.apa.kaf.cli.con.int.ConsumerCoordinator] (Thread-156) [Consumer clientId=consumer-Consumer-topic-7e3932bb_0463_4259_a73f_f27aa0097a08-6, groupId=Consumer-topic-7e3932bb_0463_4259_a73f_f27aa0097a08] Member consumer-Consumer-topic-7e3932bb_0463_4259_a73f_f27aa0097a08-6-bcd495c4-d3c8-4dbc-bc32-9e51323ebb89 sending LeaveGroup request to coordinator localhost:32770 (id: 2147483647 rack: null) due to the consumer is being closed
2025-07-31 02:21:55,872 INFO  [org.apa.kaf.cli.con.int.ConsumerCoordinator] (Thread-156) [Consumer clientId=consumer-Consumer-topic-7e3932bb_0463_4259_a73f_f27aa0097a08-6, groupId=Consumer-topic-7e3932bb_0463_4259_a73f_f27aa0097a08] Resetting generation and member id due to: consumer pro-actively leaving the group
2025-07-31 02:21:55,872 INFO  [org.apa.kaf.cli.con.int.ConsumerCoordinator] (Thread-156) [Consumer clientId=consumer-Consumer-topic-7e3932bb_0463_4259_a73f_f27aa0097a08-6, groupId=Consumer-topic-7e3932bb_0463_4259_a73f_f27aa0097a08] Request joining group due to: consumer pro-actively leaving the group
2025-07-31 02:21:56,371 INFO  [org.apa.kaf.com.met.Metrics] (Thread-156) Metrics scheduler closed
2025-07-31 02:21:56,371 INFO  [org.apa.kaf.com.met.Metrics] (Thread-156) Closing reporter org.apache.kafka.common.metrics.JmxReporter
2025-07-31 02:21:56,371 INFO  [org.apa.kaf.com.met.Metrics] (Thread-156) Closing reporter org.apache.kafka.common.telemetry.internals.ClientTelemetryReporter
2025-07-31 02:21:56,371 INFO  [org.apa.kaf.com.met.Metrics] (Thread-156) Metrics reporters closed
2025-07-31 02:21:56,375 INFO  [org.apa.kaf.com.uti.AppInfoParser] (Thread-156) App info kafka.consumer for consumer-Consumer-topic-7e3932bb_0463_4259_a73f_f27aa0097a08-6 unregistered
2025-07-31 02:21:56,377 INFO  [io.api.tes.uti.TestSeparator] (main) io.apicurio.tests.serdes.apicurio.AvroSerdeIT.testReflectAutoRegister-FINISHED
2025-07-31 02:21:56,378 INFO  [io.api.tes.uti.TestSeparator] (main) ############################################################################
]]></system-out>
  </testcase>
  <testcase name="testArtifactNotFound" classname="io.apicurio.tests.serdes.apicurio.AvroSerdeIT" time="0.207">
    <system-out><![CDATA[2025-07-31 02:21:56,383 INFO  [io.api.tes.uti.TestSeparator] (main) ############################################################################
2025-07-31 02:21:56,383 INFO  [io.api.tes.uti.TestSeparator] (main) io.apicurio.tests.serdes.apicurio.AvroSerdeIT.testArtifactNotFound-STARTED
2025-07-31 02:21:56,387 INFO  [org.apa.kaf.cli.pro.ProducerConfig] (main) ProducerConfig values: 
	acks = -1
	auto.include.jmx.reporter = true
	batch.size = 16384
	bootstrap.servers = [PLAINTEXT://localhost:32770]
	buffer.memory = 33554432
	client.dns.lookup = use_all_dns_ips
	client.id = Producer-s036e9ce1x5be0x4f55x8b2cx3892b097d716
	compression.gzip.level = -1
	compression.lz4.level = 9
	compression.type = none
	compression.zstd.level = 3
	connections.max.idle.ms = 10000
	delivery.timeout.ms = 120000
	enable.idempotence = true
	enable.metrics.push = true
	interceptor.classes = []
	key.serializer = class org.apache.kafka.common.serialization.StringSerializer
	linger.ms = 0
	max.block.ms = 60000
	max.in.flight.requests.per.connection = 5
	max.request.size = 1048576
	metadata.max.age.ms = 300000
	metadata.max.idle.ms = 300000
	metadata.recovery.strategy = none
	metric.reporters = []
	metrics.num.samples = 2
	metrics.recording.level = INFO
	metrics.sample.window.ms = 30000
	partitioner.adaptive.partitioning.enable = true
	partitioner.availability.timeout.ms = 0
	partitioner.class = null
	partitioner.ignore.keys = false
	receive.buffer.bytes = 32768
	reconnect.backoff.max.ms = 1000
	reconnect.backoff.ms = 50
	request.timeout.ms = 5000
	retries = 2147483647
	retry.backoff.max.ms = 1000
	retry.backoff.ms = 100
	sasl.client.callback.handler.class = null
	sasl.jaas.config = null
	sasl.kerberos.kinit.cmd = /usr/bin/kinit
	sasl.kerberos.min.time.before.relogin = 60000
	sasl.kerberos.service.name = null
	sasl.kerberos.ticket.renew.jitter = 0.05
	sasl.kerberos.ticket.renew.window.factor = 0.8
	sasl.login.callback.handler.class = null
	sasl.login.class = null
	sasl.login.connect.timeout.ms = null
	sasl.login.read.timeout.ms = null
	sasl.login.refresh.buffer.seconds = 300
	sasl.login.refresh.min.period.seconds = 60
	sasl.login.refresh.window.factor = 0.8
	sasl.login.refresh.window.jitter = 0.05
	sasl.login.retry.backoff.max.ms = 10000
	sasl.login.retry.backoff.ms = 100
	sasl.mechanism = GSSAPI
	sasl.oauthbearer.clock.skew.seconds = 30
	sasl.oauthbearer.expected.audience = null
	sasl.oauthbearer.expected.issuer = null
	sasl.oauthbearer.header.urlencode = false
	sasl.oauthbearer.jwks.endpoint.refresh.ms = 3600000
	sasl.oauthbearer.jwks.endpoint.retry.backoff.max.ms = 10000
	sasl.oauthbearer.jwks.endpoint.retry.backoff.ms = 100
	sasl.oauthbearer.jwks.endpoint.url = null
	sasl.oauthbearer.scope.claim.name = scope
	sasl.oauthbearer.sub.claim.name = sub
	sasl.oauthbearer.token.endpoint.url = null
	security.protocol = PLAINTEXT
	security.providers = null
	send.buffer.bytes = 131072
	socket.connection.setup.timeout.max.ms = 30000
	socket.connection.setup.timeout.ms = 10000
	ssl.cipher.suites = null
	ssl.enabled.protocols = [TLSv1.2, TLSv1.3]
	ssl.endpoint.identification.algorithm = https
	ssl.engine.factory.class = null
	ssl.key.password = null
	ssl.keymanager.algorithm = SunX509
	ssl.keystore.certificate.chain = null
	ssl.keystore.key = null
	ssl.keystore.location = null
	ssl.keystore.password = null
	ssl.keystore.type = JKS
	ssl.protocol = TLSv1.3
	ssl.provider = null
	ssl.secure.random.implementation = null
	ssl.trustmanager.algorithm = PKIX
	ssl.truststore.certificates = null
	ssl.truststore.location = null
	ssl.truststore.password = null
	ssl.truststore.type = JKS
	transaction.timeout.ms = 60000
	transactional.id = null
	value.serializer = class io.apicurio.registry.serde.avro.AvroKafkaSerializer

2025-07-31 02:21:56,387 INFO  [org.apa.kaf.com.tel.int.KafkaMetricsCollector] (main) initializing Kafka metrics collector
2025-07-31 02:21:56,390 INFO  [org.apa.kaf.cli.pro.KafkaProducer] (main) [Producer clientId=Producer-s036e9ce1x5be0x4f55x8b2cx3892b097d716] Instantiated an idempotent producer.
2025-07-31 02:21:56,393 INFO  [org.apa.kaf.cli.pro.ProducerConfig] (main) These configurations '[apicurio.registry.url, apicurio.registry.artifact-resolver-strategy]' were supplied but are not used yet.
2025-07-31 02:21:56,393 INFO  [org.apa.kaf.com.uti.AppInfoParser] (main) Kafka version: 3.9.0
2025-07-31 02:21:56,393 INFO  [org.apa.kaf.com.uti.AppInfoParser] (main) Kafka commitId: 84caaa6e9da06435
2025-07-31 02:21:56,393 INFO  [org.apa.kaf.com.uti.AppInfoParser] (main) Kafka startTimeMs: 1753928516393
2025-07-31 02:21:56,397 INFO  [io.api.tes.ser.api.KafkaSerdesTester] (Thread-159) Sending message {"keyB": "value-0"} to topic s036e9ce1x5be0x4f55x8b2cx3892b097d716
2025-07-31 02:21:56,418 WARN  [org.apa.kaf.cli.NetworkClient] (kafka-producer-network-thread | Producer-s036e9ce1x5be0x4f55x8b2cx3892b097d716) [Producer clientId=Producer-s036e9ce1x5be0x4f55x8b2cx3892b097d716] The metadata response from the cluster reported a recoverable issue with correlation id 2 : {s036e9ce1x5be0x4f55x8b2cx3892b097d716=LEADER_NOT_AVAILABLE}
2025-07-31 02:21:56,418 INFO  [org.apa.kaf.cli.Metadata] (kafka-producer-network-thread | Producer-s036e9ce1x5be0x4f55x8b2cx3892b097d716) [Producer clientId=Producer-s036e9ce1x5be0x4f55x8b2cx3892b097d716] Cluster ID: d3IyjYRDQrmXThhQeh46ug
2025-07-31 02:21:56,420 INFO  [org.apa.kaf.cli.pro.int.TransactionManager] (kafka-producer-network-thread | Producer-s036e9ce1x5be0x4f55x8b2cx3892b097d716) [Producer clientId=Producer-s036e9ce1x5be0x4f55x8b2cx3892b097d716] ProducerId set to 7 with epoch 0
2025-07-31 02:21:56,551 INFO  [DefaultSchemaResolver] (Thread-159) Retrieving schema content using string: {"type":"record","name":"myrecord","namespace":"mygroup","fields":[{"name":"keyB","type":"string"}]}
2025-07-31 02:21:56,582 INFO  [org.apa.kaf.cli.pro.KafkaProducer] (Thread-159) [Producer clientId=Producer-s036e9ce1x5be0x4f55x8b2cx3892b097d716] Closing the Kafka producer with timeoutMillis = 9223372036854775807 ms.
2025-07-31 02:21:56,584 INFO  [org.apa.kaf.com.met.Metrics] (Thread-159) Metrics scheduler closed
2025-07-31 02:21:56,584 INFO  [org.apa.kaf.com.met.Metrics] (Thread-159) Closing reporter org.apache.kafka.common.metrics.JmxReporter
2025-07-31 02:21:56,584 INFO  [org.apa.kaf.com.met.Metrics] (Thread-159) Closing reporter org.apache.kafka.common.telemetry.internals.ClientTelemetryReporter
2025-07-31 02:21:56,584 INFO  [org.apa.kaf.com.met.Metrics] (Thread-159) Metrics reporters closed
2025-07-31 02:21:56,585 INFO  [org.apa.kaf.com.uti.AppInfoParser] (Thread-159) App info kafka.producer for Producer-s036e9ce1x5be0x4f55x8b2cx3892b097d716 unregistered
2025-07-31 02:21:56,586 INFO  [io.api.tes.uti.TestSeparator] (main) io.apicurio.tests.serdes.apicurio.AvroSerdeIT.testArtifactNotFound-FINISHED
2025-07-31 02:21:56,586 INFO  [io.api.tes.uti.TestSeparator] (main) ############################################################################
]]></system-out>
    <system-err><![CDATA[java.lang.RuntimeException: Could not resolve artifact reference by content: {"type":"record","name":"myrecord","namespace":"mygroup","fields":[{"name":"keyB","type":"string"}]}&ArtifactReference [groupId=default, artifactId=s036e9ce1x5be0x4f55x8b2cx3892b097d716-value, version=null, globalId=null, contentId=null, contentHash=null]
	at io.apicurio.registry.resolver.DefaultSchemaResolver.lambda$handleResolveSchemaByContent$5(DefaultSchemaResolver.java:300)
	at io.apicurio.registry.resolver.ERCache.lambda$getValue$0(ERCache.java:181)
	at io.apicurio.registry.resolver.ERCache.retry(ERCache.java:234)
	at io.apicurio.registry.resolver.ERCache.getValue(ERCache.java:180)
	at io.apicurio.registry.resolver.ERCache.getByContent(ERCache.java:154)
	at io.apicurio.registry.resolver.DefaultSchemaResolver.handleResolveSchemaByContent(DefaultSchemaResolver.java:269)
	at io.apicurio.registry.resolver.DefaultSchemaResolver.getSchemaFromRegistry(DefaultSchemaResolver.java:142)
	at io.apicurio.registry.resolver.DefaultSchemaResolver.lambda$resolveSchema$0(DefaultSchemaResolver.java:86)
	at java.base/java.util.Optional.orElseGet(Optional.java:364)
	at io.apicurio.registry.resolver.DefaultSchemaResolver.resolveSchema(DefaultSchemaResolver.java:86)
	at io.apicurio.registry.serde.AbstractSerializer.serializeData(AbstractSerializer.java:62)
	at io.apicurio.registry.serde.KafkaSerializer.serialize(KafkaSerializer.java:77)
	at org.apache.kafka.clients.producer.KafkaProducer.doSend(KafkaProducer.java:1046)
	at org.apache.kafka.clients.producer.KafkaProducer.send(KafkaProducer.java:993)
	at org.apache.kafka.clients.producer.KafkaProducer.send(KafkaProducer.java:875)
	at io.apicurio.tests.serdes.apicurio.KafkaSerdesTester.lambda$produceMessages$3(KafkaSerdesTester.java:138)
	at java.base/java.util.concurrent.CompletableFuture$AsyncSupply.run(CompletableFuture.java:1768)
	at java.base/java.lang.Thread.run(Thread.java:840)
]]></system-err>
  </testcase>
  <testcase name="testAvroSerDesFailDifferentSchemaByRecordName" classname="io.apicurio.tests.serdes.apicurio.AvroSerdeIT" time="1.09">
    <system-out><![CDATA[2025-07-31 02:21:56,588 INFO  [io.api.tes.uti.TestSeparator] (main) ############################################################################
2025-07-31 02:21:56,590 INFO  [io.api.tes.uti.TestSeparator] (main) io.apicurio.tests.serdes.apicurio.AvroSerdeIT.testAvroSerDesFailDifferentSchemaByRecordName-STARTED
2025-07-31 02:21:57,639 INFO  [org.apa.kaf.cli.pro.ProducerConfig] (main) ProducerConfig values: 
	acks = -1
	auto.include.jmx.reporter = true
	batch.size = 16384
	bootstrap.servers = [PLAINTEXT://localhost:32770]
	buffer.memory = 33554432
	client.dns.lookup = use_all_dns_ips
	client.id = Producer-topic-6d962e7b_1886_4529_822d_b424ccc21ac3
	compression.gzip.level = -1
	compression.lz4.level = 9
	compression.type = none
	compression.zstd.level = 3
	connections.max.idle.ms = 10000
	delivery.timeout.ms = 120000
	enable.idempotence = true
	enable.metrics.push = true
	interceptor.classes = []
	key.serializer = class org.apache.kafka.common.serialization.StringSerializer
	linger.ms = 0
	max.block.ms = 60000
	max.in.flight.requests.per.connection = 5
	max.request.size = 1048576
	metadata.max.age.ms = 300000
	metadata.max.idle.ms = 300000
	metadata.recovery.strategy = none
	metric.reporters = []
	metrics.num.samples = 2
	metrics.recording.level = INFO
	metrics.sample.window.ms = 30000
	partitioner.adaptive.partitioning.enable = true
	partitioner.availability.timeout.ms = 0
	partitioner.class = null
	partitioner.ignore.keys = false
	receive.buffer.bytes = 32768
	reconnect.backoff.max.ms = 1000
	reconnect.backoff.ms = 50
	request.timeout.ms = 5000
	retries = 2147483647
	retry.backoff.max.ms = 1000
	retry.backoff.ms = 100
	sasl.client.callback.handler.class = null
	sasl.jaas.config = null
	sasl.kerberos.kinit.cmd = /usr/bin/kinit
	sasl.kerberos.min.time.before.relogin = 60000
	sasl.kerberos.service.name = null
	sasl.kerberos.ticket.renew.jitter = 0.05
	sasl.kerberos.ticket.renew.window.factor = 0.8
	sasl.login.callback.handler.class = null
	sasl.login.class = null
	sasl.login.connect.timeout.ms = null
	sasl.login.read.timeout.ms = null
	sasl.login.refresh.buffer.seconds = 300
	sasl.login.refresh.min.period.seconds = 60
	sasl.login.refresh.window.factor = 0.8
	sasl.login.refresh.window.jitter = 0.05
	sasl.login.retry.backoff.max.ms = 10000
	sasl.login.retry.backoff.ms = 100
	sasl.mechanism = GSSAPI
	sasl.oauthbearer.clock.skew.seconds = 30
	sasl.oauthbearer.expected.audience = null
	sasl.oauthbearer.expected.issuer = null
	sasl.oauthbearer.header.urlencode = false
	sasl.oauthbearer.jwks.endpoint.refresh.ms = 3600000
	sasl.oauthbearer.jwks.endpoint.retry.backoff.max.ms = 10000
	sasl.oauthbearer.jwks.endpoint.retry.backoff.ms = 100
	sasl.oauthbearer.jwks.endpoint.url = null
	sasl.oauthbearer.scope.claim.name = scope
	sasl.oauthbearer.sub.claim.name = sub
	sasl.oauthbearer.token.endpoint.url = null
	security.protocol = PLAINTEXT
	security.providers = null
	send.buffer.bytes = 131072
	socket.connection.setup.timeout.max.ms = 30000
	socket.connection.setup.timeout.ms = 10000
	ssl.cipher.suites = null
	ssl.enabled.protocols = [TLSv1.2, TLSv1.3]
	ssl.endpoint.identification.algorithm = https
	ssl.engine.factory.class = null
	ssl.key.password = null
	ssl.keymanager.algorithm = SunX509
	ssl.keystore.certificate.chain = null
	ssl.keystore.key = null
	ssl.keystore.location = null
	ssl.keystore.password = null
	ssl.keystore.type = JKS
	ssl.protocol = TLSv1.3
	ssl.provider = null
	ssl.secure.random.implementation = null
	ssl.trustmanager.algorithm = PKIX
	ssl.truststore.certificates = null
	ssl.truststore.location = null
	ssl.truststore.password = null
	ssl.truststore.type = JKS
	transaction.timeout.ms = 60000
	transactional.id = null
	value.serializer = class io.apicurio.registry.serde.avro.AvroKafkaSerializer

2025-07-31 02:21:57,639 INFO  [org.apa.kaf.com.tel.int.KafkaMetricsCollector] (main) initializing Kafka metrics collector
2025-07-31 02:21:57,642 INFO  [org.apa.kaf.cli.pro.KafkaProducer] (main) [Producer clientId=Producer-topic-6d962e7b_1886_4529_822d_b424ccc21ac3] Instantiated an idempotent producer.
2025-07-31 02:21:57,644 INFO  [org.apa.kaf.cli.pro.ProducerConfig] (main) These configurations '[apicurio.registry.find-latest, apicurio.registry.url, apicurio.registry.artifact-resolver-strategy]' were supplied but are not used yet.
2025-07-31 02:21:57,644 INFO  [org.apa.kaf.com.uti.AppInfoParser] (main) Kafka version: 3.9.0
2025-07-31 02:21:57,644 INFO  [org.apa.kaf.com.uti.AppInfoParser] (main) Kafka commitId: 84caaa6e9da06435
2025-07-31 02:21:57,644 INFO  [org.apa.kaf.com.uti.AppInfoParser] (main) Kafka startTimeMs: 1753928517644
2025-07-31 02:21:57,646 INFO  [io.api.tes.ser.api.KafkaSerdesTester] (Thread-162) Sending message {"keyB": "value-0"} to topic topic-6d962e7b_1886_4529_822d_b424ccc21ac3
2025-07-31 02:21:57,653 INFO  [org.apa.kaf.cli.Metadata] (kafka-producer-network-thread | Producer-topic-6d962e7b_1886_4529_822d_b424ccc21ac3) [Producer clientId=Producer-topic-6d962e7b_1886_4529_822d_b424ccc21ac3] Cluster ID: d3IyjYRDQrmXThhQeh46ug
2025-07-31 02:21:57,655 INFO  [org.apa.kaf.cli.pro.int.TransactionManager] (kafka-producer-network-thread | Producer-topic-6d962e7b_1886_4529_822d_b424ccc21ac3) [Producer clientId=Producer-topic-6d962e7b_1886_4529_822d_b424ccc21ac3] ProducerId set to 8 with epoch 0
2025-07-31 02:21:57,675 INFO  [org.apa.kaf.cli.pro.KafkaProducer] (Thread-162) [Producer clientId=Producer-topic-6d962e7b_1886_4529_822d_b424ccc21ac3] Closing the Kafka producer with timeoutMillis = 9223372036854775807 ms.
2025-07-31 02:21:57,676 INFO  [org.apa.kaf.com.met.Metrics] (Thread-162) Metrics scheduler closed
2025-07-31 02:21:57,676 INFO  [org.apa.kaf.com.met.Metrics] (Thread-162) Closing reporter org.apache.kafka.common.metrics.JmxReporter
2025-07-31 02:21:57,676 INFO  [org.apa.kaf.com.met.Metrics] (Thread-162) Closing reporter org.apache.kafka.common.telemetry.internals.ClientTelemetryReporter
2025-07-31 02:21:57,676 INFO  [org.apa.kaf.com.met.Metrics] (Thread-162) Metrics reporters closed
2025-07-31 02:21:57,677 INFO  [org.apa.kaf.com.uti.AppInfoParser] (Thread-162) App info kafka.producer for Producer-topic-6d962e7b_1886_4529_822d_b424ccc21ac3 unregistered
2025-07-31 02:21:57,677 INFO  [io.api.tes.uti.TestSeparator] (main) io.apicurio.tests.serdes.apicurio.AvroSerdeIT.testAvroSerDesFailDifferentSchemaByRecordName-FINISHED
2025-07-31 02:21:57,677 INFO  [io.api.tes.uti.TestSeparator] (main) ############################################################################
]]></system-out>
    <system-err><![CDATA[io.apicurio.registry.rest.client.models.ProblemDetails
	at io.apicurio.registry.rest.client.models.ProblemDetails.createFromDiscriminatorValue(ProblemDetails.java:58)
	at io.kiota.serialization.json.JsonParseNode.getObjectValue(JsonParseNode.java:247)
	at io.kiota.http.vertx.VertXRequestAdapter.lambda$throwIfFailedResponse$0(VertXRequestAdapter.java:400)
	at com.microsoft.kiota.ApiExceptionBuilder.<init>(ApiExceptionBuilder.java:26)
	at io.kiota.http.vertx.VertXRequestAdapter.throwIfFailedResponse(VertXRequestAdapter.java:399)
	at io.kiota.http.vertx.VertXRequestAdapter.send(VertXRequestAdapter.java:170)
	at io.apicurio.registry.rest.client.groups.item.artifacts.item.versions.item.WithVersionExpressionItemRequestBuilder.get(WithVersionExpressionItemRequestBuilder.java:128)
	at io.apicurio.registry.rest.client.groups.item.artifacts.item.versions.item.WithVersionExpressionItemRequestBuilder.get(WithVersionExpressionItemRequestBuilder.java:111)
	at io.apicurio.registry.resolver.DefaultSchemaResolver.resolveByCoordinates(DefaultSchemaResolver.java:469)
	at io.apicurio.registry.resolver.DefaultSchemaResolver.lambda$resolveSchemaByArtifactReferenceCached$12(DefaultSchemaResolver.java:451)
	at io.apicurio.registry.resolver.ERCache.lambda$getValue$0(ERCache.java:181)
	at io.apicurio.registry.resolver.ERCache.retry(ERCache.java:234)
	at io.apicurio.registry.resolver.ERCache.getValue(ERCache.java:180)
	at io.apicurio.registry.resolver.ERCache.getByArtifactCoordinates(ERCache.java:165)
	at io.apicurio.registry.resolver.DefaultSchemaResolver.resolveSchemaByArtifactReferenceCached(DefaultSchemaResolver.java:449)
	at io.apicurio.registry.resolver.DefaultSchemaResolver.resolveSchemaByCoordinates(DefaultSchemaResolver.java:201)
	at io.apicurio.registry.resolver.DefaultSchemaResolver.getSchemaFromRegistry(DefaultSchemaResolver.java:134)
	at io.apicurio.registry.resolver.DefaultSchemaResolver.lambda$resolveSchema$0(DefaultSchemaResolver.java:86)
	at java.base/java.util.Optional.orElseGet(Optional.java:364)
	at io.apicurio.registry.resolver.DefaultSchemaResolver.resolveSchema(DefaultSchemaResolver.java:86)
	at io.apicurio.registry.serde.AbstractSerializer.serializeData(AbstractSerializer.java:62)
	at io.apicurio.registry.serde.KafkaSerializer.serialize(KafkaSerializer.java:77)
	at org.apache.kafka.clients.producer.KafkaProducer.doSend(KafkaProducer.java:1046)
	at org.apache.kafka.clients.producer.KafkaProducer.send(KafkaProducer.java:993)
	at org.apache.kafka.clients.producer.KafkaProducer.send(KafkaProducer.java:875)
	at io.apicurio.tests.serdes.apicurio.KafkaSerdesTester.lambda$produceMessages$3(KafkaSerdesTester.java:138)
	at java.base/java.util.concurrent.CompletableFuture$AsyncSupply.run(CompletableFuture.java:1768)
	at java.base/java.lang.Thread.run(Thread.java:840)
]]></system-err>
  </testcase>
  <testcase name="testTopicIdStrategyFindLatest" classname="io.apicurio.tests.serdes.apicurio.AvroSerdeIT" time="1.754">
    <system-out><![CDATA[2025-07-31 02:21:57,683 INFO  [io.api.tes.uti.TestSeparator] (main) ############################################################################
2025-07-31 02:21:57,683 INFO  [io.api.tes.uti.TestSeparator] (main) io.apicurio.tests.serdes.apicurio.AvroSerdeIT.testTopicIdStrategyFindLatest-STARTED
2025-07-31 02:21:57,684 INFO  [io.api.tes.ser.api.AvroSerdeIT] (main) Registering Avro Schema: {"type":"record","name":"myrecordapicurio1","fields":[{"name":"key11753928517684","type":"string"}]}
2025-07-31 02:21:58,739 INFO  [org.apa.kaf.cli.pro.ProducerConfig] (main) ProducerConfig values: 
	acks = -1
	auto.include.jmx.reporter = true
	batch.size = 16384
	bootstrap.servers = [PLAINTEXT://localhost:32770]
	buffer.memory = 33554432
	client.dns.lookup = use_all_dns_ips
	client.id = Producer-topic-33d36cbe_2963_4c1f_bd3a_fcb22499d27a
	compression.gzip.level = -1
	compression.lz4.level = 9
	compression.type = none
	compression.zstd.level = 3
	connections.max.idle.ms = 10000
	delivery.timeout.ms = 120000
	enable.idempotence = true
	enable.metrics.push = true
	interceptor.classes = []
	key.serializer = class org.apache.kafka.common.serialization.StringSerializer
	linger.ms = 0
	max.block.ms = 60000
	max.in.flight.requests.per.connection = 5
	max.request.size = 1048576
	metadata.max.age.ms = 300000
	metadata.max.idle.ms = 300000
	metadata.recovery.strategy = none
	metric.reporters = []
	metrics.num.samples = 2
	metrics.recording.level = INFO
	metrics.sample.window.ms = 30000
	partitioner.adaptive.partitioning.enable = true
	partitioner.availability.timeout.ms = 0
	partitioner.class = null
	partitioner.ignore.keys = false
	receive.buffer.bytes = 32768
	reconnect.backoff.max.ms = 1000
	reconnect.backoff.ms = 50
	request.timeout.ms = 5000
	retries = 2147483647
	retry.backoff.max.ms = 1000
	retry.backoff.ms = 100
	sasl.client.callback.handler.class = null
	sasl.jaas.config = null
	sasl.kerberos.kinit.cmd = /usr/bin/kinit
	sasl.kerberos.min.time.before.relogin = 60000
	sasl.kerberos.service.name = null
	sasl.kerberos.ticket.renew.jitter = 0.05
	sasl.kerberos.ticket.renew.window.factor = 0.8
	sasl.login.callback.handler.class = null
	sasl.login.class = null
	sasl.login.connect.timeout.ms = null
	sasl.login.read.timeout.ms = null
	sasl.login.refresh.buffer.seconds = 300
	sasl.login.refresh.min.period.seconds = 60
	sasl.login.refresh.window.factor = 0.8
	sasl.login.refresh.window.jitter = 0.05
	sasl.login.retry.backoff.max.ms = 10000
	sasl.login.retry.backoff.ms = 100
	sasl.mechanism = GSSAPI
	sasl.oauthbearer.clock.skew.seconds = 30
	sasl.oauthbearer.expected.audience = null
	sasl.oauthbearer.expected.issuer = null
	sasl.oauthbearer.header.urlencode = false
	sasl.oauthbearer.jwks.endpoint.refresh.ms = 3600000
	sasl.oauthbearer.jwks.endpoint.retry.backoff.max.ms = 10000
	sasl.oauthbearer.jwks.endpoint.retry.backoff.ms = 100
	sasl.oauthbearer.jwks.endpoint.url = null
	sasl.oauthbearer.scope.claim.name = scope
	sasl.oauthbearer.sub.claim.name = sub
	sasl.oauthbearer.token.endpoint.url = null
	security.protocol = PLAINTEXT
	security.providers = null
	send.buffer.bytes = 131072
	socket.connection.setup.timeout.max.ms = 30000
	socket.connection.setup.timeout.ms = 10000
	ssl.cipher.suites = null
	ssl.enabled.protocols = [TLSv1.2, TLSv1.3]
	ssl.endpoint.identification.algorithm = https
	ssl.engine.factory.class = null
	ssl.key.password = null
	ssl.keymanager.algorithm = SunX509
	ssl.keystore.certificate.chain = null
	ssl.keystore.key = null
	ssl.keystore.location = null
	ssl.keystore.password = null
	ssl.keystore.type = JKS
	ssl.protocol = TLSv1.3
	ssl.provider = null
	ssl.secure.random.implementation = null
	ssl.trustmanager.algorithm = PKIX
	ssl.truststore.certificates = null
	ssl.truststore.location = null
	ssl.truststore.password = null
	ssl.truststore.type = JKS
	transaction.timeout.ms = 60000
	transactional.id = null
	value.serializer = class io.apicurio.registry.serde.avro.AvroKafkaSerializer

2025-07-31 02:21:58,740 INFO  [org.apa.kaf.com.tel.int.KafkaMetricsCollector] (main) initializing Kafka metrics collector
2025-07-31 02:21:58,743 INFO  [org.apa.kaf.cli.pro.KafkaProducer] (main) [Producer clientId=Producer-topic-33d36cbe_2963_4c1f_bd3a_fcb22499d27a] Instantiated an idempotent producer.
2025-07-31 02:21:58,745 INFO  [org.apa.kaf.cli.pro.ProducerConfig] (main) These configurations '[apicurio.registry.find-latest, apicurio.registry.url, apicurio.registry.artifact-resolver-strategy]' were supplied but are not used yet.
2025-07-31 02:21:58,745 INFO  [org.apa.kaf.com.uti.AppInfoParser] (main) Kafka version: 3.9.0
2025-07-31 02:21:58,746 INFO  [org.apa.kaf.com.uti.AppInfoParser] (main) Kafka commitId: 84caaa6e9da06435
2025-07-31 02:21:58,746 INFO  [org.apa.kaf.com.uti.AppInfoParser] (main) Kafka startTimeMs: 1753928518745
2025-07-31 02:21:58,746 INFO  [io.api.tes.ser.api.SimpleSerdesTesterBuilder$SimpleSerdesTester] (main) Using producer configuration: {apicurio.registry.find-latest=true, apicurio.registry.url=http://registry-app-postgresql.apps.ci419.apicurio-testing.org:80/apis/registry/v3, apicurio.registry.artifact-resolver-strategy=io.apicurio.registry.serde.strategy.TopicIdStrategy, value.serializer=io.apicurio.registry.serde.avro.AvroKafkaSerializer, request.timeout.ms=5000, acks=all, bootstrap.servers=PLAINTEXT://localhost:32770, connections.max.idle.ms=10000, key.serializer=org.apache.kafka.common.serialization.StringSerializer, client.id=Producer-topic-33d36cbe_2963_4c1f_bd3a_fcb22499d27a}
2025-07-31 02:21:58,746 INFO  [io.api.tes.ser.api.SimpleSerdesTesterBuilder$SimpleSerdesTester] (main) Using consumer configuration: {}
2025-07-31 02:21:58,747 INFO  [io.api.tes.ser.api.KafkaSerdesTester] (Thread-165) Sending message {"key11753928517684": "value-0"} to topic topic-33d36cbe_2963_4c1f_bd3a_fcb22499d27a
2025-07-31 02:21:58,751 INFO  [org.apa.kaf.cli.Metadata] (kafka-producer-network-thread | Producer-topic-33d36cbe_2963_4c1f_bd3a_fcb22499d27a) [Producer clientId=Producer-topic-33d36cbe_2963_4c1f_bd3a_fcb22499d27a] Cluster ID: d3IyjYRDQrmXThhQeh46ug
2025-07-31 02:21:58,754 INFO  [org.apa.kaf.cli.pro.int.TransactionManager] (kafka-producer-network-thread | Producer-topic-33d36cbe_2963_4c1f_bd3a_fcb22499d27a) [Producer clientId=Producer-topic-33d36cbe_2963_4c1f_bd3a_fcb22499d27a] ProducerId set to 9 with epoch 0
2025-07-31 02:21:58,803 INFO  [io.api.tes.ser.api.KafkaSerdesTester] (Thread-165) Sending message {"key11753928517684": "value-1"} to topic topic-33d36cbe_2963_4c1f_bd3a_fcb22499d27a
2025-07-31 02:21:58,806 INFO  [io.api.tes.ser.api.KafkaSerdesTester] (Thread-165) Sending message {"key11753928517684": "value-2"} to topic topic-33d36cbe_2963_4c1f_bd3a_fcb22499d27a
2025-07-31 02:21:58,807 INFO  [io.api.tes.ser.api.KafkaSerdesTester] (Thread-165) Sending message {"key11753928517684": "value-3"} to topic topic-33d36cbe_2963_4c1f_bd3a_fcb22499d27a
2025-07-31 02:21:58,811 INFO  [io.api.tes.ser.api.KafkaSerdesTester] (Thread-165) Sending message {"key11753928517684": "value-4"} to topic topic-33d36cbe_2963_4c1f_bd3a_fcb22499d27a
2025-07-31 02:21:58,813 INFO  [io.api.tes.ser.api.KafkaSerdesTester] (Thread-165) Sending message {"key11753928517684": "value-5"} to topic topic-33d36cbe_2963_4c1f_bd3a_fcb22499d27a
2025-07-31 02:21:58,815 INFO  [io.api.tes.ser.api.KafkaSerdesTester] (Thread-165) Sending message {"key11753928517684": "value-6"} to topic topic-33d36cbe_2963_4c1f_bd3a_fcb22499d27a
2025-07-31 02:21:58,820 INFO  [io.api.tes.ser.api.KafkaSerdesTester] (Thread-165) Sending message {"key11753928517684": "value-7"} to topic topic-33d36cbe_2963_4c1f_bd3a_fcb22499d27a
2025-07-31 02:21:58,823 INFO  [io.api.tes.ser.api.KafkaSerdesTester] (Thread-165) Sending message {"key11753928517684": "value-8"} to topic topic-33d36cbe_2963_4c1f_bd3a_fcb22499d27a
2025-07-31 02:21:58,825 INFO  [io.api.tes.ser.api.KafkaSerdesTester] (Thread-165) Sending message {"key11753928517684": "value-9"} to topic topic-33d36cbe_2963_4c1f_bd3a_fcb22499d27a
2025-07-31 02:21:58,827 INFO  [io.api.tes.ser.api.KafkaSerdesTester] (Thread-165) Produced 10 messages
2025-07-31 02:21:58,827 INFO  [org.apa.kaf.cli.pro.KafkaProducer] (Thread-165) [Producer clientId=Producer-topic-33d36cbe_2963_4c1f_bd3a_fcb22499d27a] Closing the Kafka producer with timeoutMillis = 9223372036854775807 ms.
2025-07-31 02:21:58,830 INFO  [org.apa.kaf.com.met.Metrics] (Thread-165) Metrics scheduler closed
2025-07-31 02:21:58,830 INFO  [org.apa.kaf.com.met.Metrics] (Thread-165) Closing reporter org.apache.kafka.common.metrics.JmxReporter
2025-07-31 02:21:58,830 INFO  [org.apa.kaf.com.met.Metrics] (Thread-165) Closing reporter org.apache.kafka.common.telemetry.internals.ClientTelemetryReporter
2025-07-31 02:21:58,830 INFO  [org.apa.kaf.com.met.Metrics] (Thread-165) Metrics reporters closed
2025-07-31 02:21:58,831 INFO  [org.apa.kaf.com.uti.AppInfoParser] (Thread-165) App info kafka.producer for Producer-topic-33d36cbe_2963_4c1f_bd3a_fcb22499d27a unregistered
2025-07-31 02:21:58,831 INFO  [org.apa.kaf.cli.con.ConsumerConfig] (main) ConsumerConfig values: 
	allow.auto.create.topics = true
	auto.commit.interval.ms = 500
	auto.include.jmx.reporter = true
	auto.offset.reset = earliest
	bootstrap.servers = [PLAINTEXT://localhost:32770]
	check.crcs = true
	client.dns.lookup = use_all_dns_ips
	client.id = consumer-Consumer-topic-33d36cbe_2963_4c1f_bd3a_fcb22499d27a-7
	client.rack = 
	connections.max.idle.ms = 10000
	default.api.timeout.ms = 60000
	enable.auto.commit = true
	enable.metrics.push = true
	exclude.internal.topics = true
	fetch.max.bytes = 52428800
	fetch.max.wait.ms = 500
	fetch.min.bytes = 1
	group.id = Consumer-topic-33d36cbe_2963_4c1f_bd3a_fcb22499d27a
	group.instance.id = null
	group.protocol = classic
	group.remote.assignor = null
	heartbeat.interval.ms = 3000
	interceptor.classes = []
	internal.leave.group.on.close = true
	internal.throw.on.fetch.stable.offset.unsupported = false
	isolation.level = read_uncommitted
	key.deserializer = class org.apache.kafka.common.serialization.StringDeserializer
	max.partition.fetch.bytes = 1048576
	max.poll.interval.ms = 300000
	max.poll.records = 500
	metadata.max.age.ms = 300000
	metadata.recovery.strategy = none
	metric.reporters = []
	metrics.num.samples = 2
	metrics.recording.level = INFO
	metrics.sample.window.ms = 30000
	partition.assignment.strategy = [class org.apache.kafka.clients.consumer.RangeAssignor, class org.apache.kafka.clients.consumer.CooperativeStickyAssignor]
	receive.buffer.bytes = 65536
	reconnect.backoff.max.ms = 1000
	reconnect.backoff.ms = 50
	request.timeout.ms = 5000
	retry.backoff.max.ms = 1000
	retry.backoff.ms = 100
	sasl.client.callback.handler.class = null
	sasl.jaas.config = null
	sasl.kerberos.kinit.cmd = /usr/bin/kinit
	sasl.kerberos.min.time.before.relogin = 60000
	sasl.kerberos.service.name = null
	sasl.kerberos.ticket.renew.jitter = 0.05
	sasl.kerberos.ticket.renew.window.factor = 0.8
	sasl.login.callback.handler.class = null
	sasl.login.class = null
	sasl.login.connect.timeout.ms = null
	sasl.login.read.timeout.ms = null
	sasl.login.refresh.buffer.seconds = 300
	sasl.login.refresh.min.period.seconds = 60
	sasl.login.refresh.window.factor = 0.8
	sasl.login.refresh.window.jitter = 0.05
	sasl.login.retry.backoff.max.ms = 10000
	sasl.login.retry.backoff.ms = 100
	sasl.mechanism = GSSAPI
	sasl.oauthbearer.clock.skew.seconds = 30
	sasl.oauthbearer.expected.audience = null
	sasl.oauthbearer.expected.issuer = null
	sasl.oauthbearer.header.urlencode = false
	sasl.oauthbearer.jwks.endpoint.refresh.ms = 3600000
	sasl.oauthbearer.jwks.endpoint.retry.backoff.max.ms = 10000
	sasl.oauthbearer.jwks.endpoint.retry.backoff.ms = 100
	sasl.oauthbearer.jwks.endpoint.url = null
	sasl.oauthbearer.scope.claim.name = scope
	sasl.oauthbearer.sub.claim.name = sub
	sasl.oauthbearer.token.endpoint.url = null
	security.protocol = PLAINTEXT
	security.providers = null
	send.buffer.bytes = 131072
	session.timeout.ms = 45000
	socket.connection.setup.timeout.max.ms = 30000
	socket.connection.setup.timeout.ms = 10000
	ssl.cipher.suites = null
	ssl.enabled.protocols = [TLSv1.2, TLSv1.3]
	ssl.endpoint.identification.algorithm = https
	ssl.engine.factory.class = null
	ssl.key.password = null
	ssl.keymanager.algorithm = SunX509
	ssl.keystore.certificate.chain = null
	ssl.keystore.key = null
	ssl.keystore.location = null
	ssl.keystore.password = null
	ssl.keystore.type = JKS
	ssl.protocol = TLSv1.3
	ssl.provider = null
	ssl.secure.random.implementation = null
	ssl.trustmanager.algorithm = PKIX
	ssl.truststore.certificates = null
	ssl.truststore.location = null
	ssl.truststore.password = null
	ssl.truststore.type = JKS
	value.deserializer = class io.apicurio.registry.serde.avro.AvroKafkaDeserializer

2025-07-31 02:21:58,832 INFO  [org.apa.kaf.com.tel.int.KafkaMetricsCollector] (main) initializing Kafka metrics collector
2025-07-31 02:21:58,845 INFO  [org.apa.kaf.cli.con.ConsumerConfig] (main) These configurations '[apicurio.registry.url]' were supplied but are not used yet.
2025-07-31 02:21:58,845 INFO  [org.apa.kaf.com.uti.AppInfoParser] (main) Kafka version: 3.9.0
2025-07-31 02:21:58,845 INFO  [org.apa.kaf.com.uti.AppInfoParser] (main) Kafka commitId: 84caaa6e9da06435
2025-07-31 02:21:58,845 INFO  [org.apa.kaf.com.uti.AppInfoParser] (main) Kafka startTimeMs: 1753928518845
2025-07-31 02:21:58,849 INFO  [org.apa.kaf.cli.con.int.ClassicKafkaConsumer] (Thread-168) [Consumer clientId=consumer-Consumer-topic-33d36cbe_2963_4c1f_bd3a_fcb22499d27a-7, groupId=Consumer-topic-33d36cbe_2963_4c1f_bd3a_fcb22499d27a] Subscribed to topic(s): topic-33d36cbe_2963_4c1f_bd3a_fcb22499d27a
2025-07-31 02:21:58,864 INFO  [org.apa.kaf.cli.Metadata] (Thread-168) [Consumer clientId=consumer-Consumer-topic-33d36cbe_2963_4c1f_bd3a_fcb22499d27a-7, groupId=Consumer-topic-33d36cbe_2963_4c1f_bd3a_fcb22499d27a] Cluster ID: d3IyjYRDQrmXThhQeh46ug
2025-07-31 02:21:58,864 INFO  [org.apa.kaf.cli.con.int.ConsumerCoordinator] (Thread-168) [Consumer clientId=consumer-Consumer-topic-33d36cbe_2963_4c1f_bd3a_fcb22499d27a-7, groupId=Consumer-topic-33d36cbe_2963_4c1f_bd3a_fcb22499d27a] Discovered group coordinator localhost:32770 (id: 2147483647 rack: null)
2025-07-31 02:21:58,868 INFO  [org.apa.kaf.cli.con.int.ConsumerCoordinator] (Thread-168) [Consumer clientId=consumer-Consumer-topic-33d36cbe_2963_4c1f_bd3a_fcb22499d27a-7, groupId=Consumer-topic-33d36cbe_2963_4c1f_bd3a_fcb22499d27a] (Re-)joining group
2025-07-31 02:21:58,873 INFO  [org.apa.kaf.cli.con.int.ConsumerCoordinator] (Thread-168) [Consumer clientId=consumer-Consumer-topic-33d36cbe_2963_4c1f_bd3a_fcb22499d27a-7, groupId=Consumer-topic-33d36cbe_2963_4c1f_bd3a_fcb22499d27a] Request joining group due to: need to re-join with the given member-id: consumer-Consumer-topic-33d36cbe_2963_4c1f_bd3a_fcb22499d27a-7-405090f4-9f8e-4ec3-bd5a-7b667dbdb3c5
2025-07-31 02:21:58,873 INFO  [org.apa.kaf.cli.con.int.ConsumerCoordinator] (Thread-168) [Consumer clientId=consumer-Consumer-topic-33d36cbe_2963_4c1f_bd3a_fcb22499d27a-7, groupId=Consumer-topic-33d36cbe_2963_4c1f_bd3a_fcb22499d27a] (Re-)joining group
2025-07-31 02:21:58,879 INFO  [org.apa.kaf.cli.con.int.ConsumerCoordinator] (Thread-168) [Consumer clientId=consumer-Consumer-topic-33d36cbe_2963_4c1f_bd3a_fcb22499d27a-7, groupId=Consumer-topic-33d36cbe_2963_4c1f_bd3a_fcb22499d27a] Successfully joined group with generation Generation{generationId=1, memberId='consumer-Consumer-topic-33d36cbe_2963_4c1f_bd3a_fcb22499d27a-7-405090f4-9f8e-4ec3-bd5a-7b667dbdb3c5', protocol='range'}
2025-07-31 02:21:58,880 INFO  [org.apa.kaf.cli.con.int.ConsumerCoordinator] (Thread-168) [Consumer clientId=consumer-Consumer-topic-33d36cbe_2963_4c1f_bd3a_fcb22499d27a-7, groupId=Consumer-topic-33d36cbe_2963_4c1f_bd3a_fcb22499d27a] Finished assignment for group at generation 1: {consumer-Consumer-topic-33d36cbe_2963_4c1f_bd3a_fcb22499d27a-7-405090f4-9f8e-4ec3-bd5a-7b667dbdb3c5=Assignment(partitions=[topic-33d36cbe_2963_4c1f_bd3a_fcb22499d27a-0])}
2025-07-31 02:21:58,884 INFO  [org.apa.kaf.cli.con.int.ConsumerCoordinator] (Thread-168) [Consumer clientId=consumer-Consumer-topic-33d36cbe_2963_4c1f_bd3a_fcb22499d27a-7, groupId=Consumer-topic-33d36cbe_2963_4c1f_bd3a_fcb22499d27a] Successfully synced group in generation Generation{generationId=1, memberId='consumer-Consumer-topic-33d36cbe_2963_4c1f_bd3a_fcb22499d27a-7-405090f4-9f8e-4ec3-bd5a-7b667dbdb3c5', protocol='range'}
2025-07-31 02:21:58,885 INFO  [org.apa.kaf.cli.con.int.ConsumerCoordinator] (Thread-168) [Consumer clientId=consumer-Consumer-topic-33d36cbe_2963_4c1f_bd3a_fcb22499d27a-7, groupId=Consumer-topic-33d36cbe_2963_4c1f_bd3a_fcb22499d27a] Notifying assignor about the new Assignment(partitions=[topic-33d36cbe_2963_4c1f_bd3a_fcb22499d27a-0])
2025-07-31 02:21:58,885 INFO  [org.apa.kaf.cli.con.int.ConsumerRebalanceListenerInvoker] (Thread-168) [Consumer clientId=consumer-Consumer-topic-33d36cbe_2963_4c1f_bd3a_fcb22499d27a-7, groupId=Consumer-topic-33d36cbe_2963_4c1f_bd3a_fcb22499d27a] Adding newly assigned partitions: topic-33d36cbe_2963_4c1f_bd3a_fcb22499d27a-0
2025-07-31 02:21:58,886 INFO  [org.apa.kaf.cli.con.int.ConsumerCoordinator] (Thread-168) [Consumer clientId=consumer-Consumer-topic-33d36cbe_2963_4c1f_bd3a_fcb22499d27a-7, groupId=Consumer-topic-33d36cbe_2963_4c1f_bd3a_fcb22499d27a] Found no committed offset for partition topic-33d36cbe_2963_4c1f_bd3a_fcb22499d27a-0
2025-07-31 02:21:58,896 INFO  [org.apa.kaf.cli.con.int.SubscriptionState] (Thread-168) [Consumer clientId=consumer-Consumer-topic-33d36cbe_2963_4c1f_bd3a_fcb22499d27a-7, groupId=Consumer-topic-33d36cbe_2963_4c1f_bd3a_fcb22499d27a] Resetting offset for partition topic-33d36cbe_2963_4c1f_bd3a_fcb22499d27a-0 to position FetchPosition{offset=0, offsetEpoch=Optional.empty, currentLeader=LeaderAndEpoch{leader=Optional[localhost:32770 (id: 0 rack: null)], epoch=0}}.
2025-07-31 02:21:58,926 INFO  [io.api.tes.ser.api.KafkaSerdesTester] (Thread-168) topic-33d36cbe_2963_4c1f_bd3a_fcb22499d27a 0 0 {"key11753928517684": "value-0"}
2025-07-31 02:21:58,926 INFO  [io.api.tes.ser.api.KafkaSerdesTester] (Thread-168) topic-33d36cbe_2963_4c1f_bd3a_fcb22499d27a 0 1 {"key11753928517684": "value-1"}
2025-07-31 02:21:58,926 INFO  [io.api.tes.ser.api.KafkaSerdesTester] (Thread-168) topic-33d36cbe_2963_4c1f_bd3a_fcb22499d27a 0 2 {"key11753928517684": "value-2"}
2025-07-31 02:21:58,926 INFO  [io.api.tes.ser.api.KafkaSerdesTester] (Thread-168) topic-33d36cbe_2963_4c1f_bd3a_fcb22499d27a 0 3 {"key11753928517684": "value-3"}
2025-07-31 02:21:58,926 INFO  [io.api.tes.ser.api.KafkaSerdesTester] (Thread-168) topic-33d36cbe_2963_4c1f_bd3a_fcb22499d27a 0 4 {"key11753928517684": "value-4"}
2025-07-31 02:21:58,926 INFO  [io.api.tes.ser.api.KafkaSerdesTester] (Thread-168) topic-33d36cbe_2963_4c1f_bd3a_fcb22499d27a 0 5 {"key11753928517684": "value-5"}
2025-07-31 02:21:58,926 INFO  [io.api.tes.ser.api.KafkaSerdesTester] (Thread-168) topic-33d36cbe_2963_4c1f_bd3a_fcb22499d27a 0 6 {"key11753928517684": "value-6"}
2025-07-31 02:21:58,927 INFO  [io.api.tes.ser.api.KafkaSerdesTester] (Thread-168) topic-33d36cbe_2963_4c1f_bd3a_fcb22499d27a 0 7 {"key11753928517684": "value-7"}
2025-07-31 02:21:58,927 INFO  [io.api.tes.ser.api.KafkaSerdesTester] (Thread-168) topic-33d36cbe_2963_4c1f_bd3a_fcb22499d27a 0 8 {"key11753928517684": "value-8"}
2025-07-31 02:21:58,927 INFO  [io.api.tes.ser.api.KafkaSerdesTester] (Thread-168) topic-33d36cbe_2963_4c1f_bd3a_fcb22499d27a 0 9 {"key11753928517684": "value-9"}
2025-07-31 02:21:58,927 INFO  [io.api.tes.ser.api.KafkaSerdesTester] (Thread-168) Consumed 10 messages
2025-07-31 02:21:58,929 INFO  [org.apa.kaf.cli.con.int.ConsumerRebalanceListenerInvoker] (Thread-168) [Consumer clientId=consumer-Consumer-topic-33d36cbe_2963_4c1f_bd3a_fcb22499d27a-7, groupId=Consumer-topic-33d36cbe_2963_4c1f_bd3a_fcb22499d27a] Revoke previously assigned partitions topic-33d36cbe_2963_4c1f_bd3a_fcb22499d27a-0
2025-07-31 02:21:58,929 INFO  [org.apa.kaf.cli.con.int.ConsumerCoordinator] (Thread-168) [Consumer clientId=consumer-Consumer-topic-33d36cbe_2963_4c1f_bd3a_fcb22499d27a-7, groupId=Consumer-topic-33d36cbe_2963_4c1f_bd3a_fcb22499d27a] Member consumer-Consumer-topic-33d36cbe_2963_4c1f_bd3a_fcb22499d27a-7-405090f4-9f8e-4ec3-bd5a-7b667dbdb3c5 sending LeaveGroup request to coordinator localhost:32770 (id: 2147483647 rack: null) due to the consumer is being closed
2025-07-31 02:21:58,929 INFO  [org.apa.kaf.cli.con.int.ConsumerCoordinator] (Thread-168) [Consumer clientId=consumer-Consumer-topic-33d36cbe_2963_4c1f_bd3a_fcb22499d27a-7, groupId=Consumer-topic-33d36cbe_2963_4c1f_bd3a_fcb22499d27a] Resetting generation and member id due to: consumer pro-actively leaving the group
2025-07-31 02:21:58,929 INFO  [org.apa.kaf.cli.con.int.ConsumerCoordinator] (Thread-168) [Consumer clientId=consumer-Consumer-topic-33d36cbe_2963_4c1f_bd3a_fcb22499d27a-7, groupId=Consumer-topic-33d36cbe_2963_4c1f_bd3a_fcb22499d27a] Request joining group due to: consumer pro-actively leaving the group
2025-07-31 02:21:59,428 INFO  [org.apa.kaf.com.met.Metrics] (Thread-168) Metrics scheduler closed
2025-07-31 02:21:59,428 INFO  [org.apa.kaf.com.met.Metrics] (Thread-168) Closing reporter org.apache.kafka.common.metrics.JmxReporter
2025-07-31 02:21:59,428 INFO  [org.apa.kaf.com.met.Metrics] (Thread-168) Closing reporter org.apache.kafka.common.telemetry.internals.ClientTelemetryReporter
2025-07-31 02:21:59,428 INFO  [org.apa.kaf.com.met.Metrics] (Thread-168) Metrics reporters closed
2025-07-31 02:21:59,432 INFO  [org.apa.kaf.com.uti.AppInfoParser] (Thread-168) App info kafka.consumer for consumer-Consumer-topic-33d36cbe_2963_4c1f_bd3a_fcb22499d27a-7 unregistered
2025-07-31 02:21:59,432 INFO  [io.api.tes.uti.TestSeparator] (main) io.apicurio.tests.serdes.apicurio.AvroSerdeIT.testTopicIdStrategyFindLatest-FINISHED
2025-07-31 02:21:59,432 INFO  [io.api.tes.uti.TestSeparator] (main) ############################################################################
]]></system-out>
  </testcase>
  <testcase name="testAvroUnionWithSpecificReader" classname="io.apicurio.tests.serdes.apicurio.AvroSerdeIT" time="0.302">
    <error message="java.lang.RuntimeException: io.apicurio.registry.rest.client.models.RuleViolationProblemDetails" type="java.util.concurrent.ExecutionException"><![CDATA[java.util.concurrent.ExecutionException: java.lang.RuntimeException: io.apicurio.registry.rest.client.models.RuleViolationProblemDetails
	at java.base/java.util.concurrent.CompletableFuture.reportGet(CompletableFuture.java:396)
	at java.base/java.util.concurrent.CompletableFuture.get(CompletableFuture.java:2096)
	at io.apicurio.tests.serdes.apicurio.KafkaSerdesTester.produceMessages(KafkaSerdesTester.java:160)
	at io.apicurio.tests.serdes.apicurio.KafkaSerdesTester.produceMessages(KafkaSerdesTester.java:123)
	at io.apicurio.tests.serdes.apicurio.SimpleSerdesTesterBuilder$SimpleSerdesTester.test(SimpleSerdesTesterBuilder.java:139)
	at io.apicurio.tests.serdes.apicurio.AvroSerdeIT.testAvroUnionWithSpecificReader(AvroSerdeIT.java:838)
	at java.base/java.lang.reflect.Method.invoke(Method.java:569)
	at java.base/java.util.ArrayList.forEach(ArrayList.java:1511)
	at java.base/java.util.ArrayList.forEach(ArrayList.java:1511)
Caused by: java.lang.RuntimeException: io.apicurio.registry.rest.client.models.RuleViolationProblemDetails
	at io.apicurio.registry.resolver.ERCache.retry(ERCache.java:249)
	at io.apicurio.registry.resolver.ERCache.getValue(ERCache.java:180)
	at io.apicurio.registry.resolver.ERCache.getByContent(ERCache.java:154)
	at io.apicurio.registry.resolver.DefaultSchemaResolver.handleAutoCreateArtifact(DefaultSchemaResolver.java:319)
	at io.apicurio.registry.resolver.DefaultSchemaResolver.getSchemaFromRegistry(DefaultSchemaResolver.java:124)
	at io.apicurio.registry.resolver.DefaultSchemaResolver.lambda$resolveSchema$0(DefaultSchemaResolver.java:86)
	at java.base/java.util.Optional.orElseGet(Optional.java:364)
	at io.apicurio.registry.resolver.DefaultSchemaResolver.resolveSchema(DefaultSchemaResolver.java:86)
	at io.apicurio.registry.serde.AbstractSerializer.serializeData(AbstractSerializer.java:62)
	at io.apicurio.registry.serde.KafkaSerializer.serialize(KafkaSerializer.java:77)
	at org.apache.kafka.clients.producer.KafkaProducer.doSend(KafkaProducer.java:1046)
	at org.apache.kafka.clients.producer.KafkaProducer.send(KafkaProducer.java:993)
	at org.apache.kafka.clients.producer.KafkaProducer.send(KafkaProducer.java:875)
	at io.apicurio.tests.serdes.apicurio.KafkaSerdesTester.lambda$produceMessages$3(KafkaSerdesTester.java:138)
	at java.base/java.util.concurrent.CompletableFuture$AsyncSupply.run(CompletableFuture.java:1768)
	at java.base/java.lang.Thread.run(Thread.java:840)
Caused by: io.apicurio.registry.rest.client.models.RuleViolationProblemDetails
	at io.apicurio.registry.rest.client.models.RuleViolationProblemDetails.createFromDiscriminatorValue(RuleViolationProblemDetails.java:62)
	at io.kiota.serialization.json.JsonParseNode.getObjectValue(JsonParseNode.java:247)
	at io.kiota.http.vertx.VertXRequestAdapter.lambda$throwIfFailedResponse$0(VertXRequestAdapter.java:400)
	at com.microsoft.kiota.ApiExceptionBuilder.<init>(ApiExceptionBuilder.java:26)
	at io.kiota.http.vertx.VertXRequestAdapter.throwIfFailedResponse(VertXRequestAdapter.java:399)
	at io.kiota.http.vertx.VertXRequestAdapter.send(VertXRequestAdapter.java:170)
	at io.apicurio.registry.rest.client.groups.item.artifacts.ArtifactsRequestBuilder.post(ArtifactsRequestBuilder.java:130)
	at io.apicurio.registry.resolver.DefaultSchemaResolver.lambda$handleAutoCreateArtifact$7(DefaultSchemaResolver.java:335)
	at io.apicurio.registry.resolver.ERCache.lambda$getValue$0(ERCache.java:181)
	at io.apicurio.registry.resolver.ERCache.retry(ERCache.java:234)
	... 15 more
]]></error>
    <system-out><![CDATA[2025-07-31 02:21:59,435 INFO  [io.api.tes.uti.TestSeparator] (main) ############################################################################
2025-07-31 02:21:59,435 INFO  [io.api.tes.uti.TestSeparator] (main) io.apicurio.tests.serdes.apicurio.AvroSerdeIT.testAvroUnionWithSpecificReader-STARTED
2025-07-31 02:21:59,444 INFO  [org.apa.kaf.cli.pro.ProducerConfig] (main) ProducerConfig values: 
	acks = -1
	auto.include.jmx.reporter = true
	batch.size = 16384
	bootstrap.servers = [PLAINTEXT://localhost:32770]
	buffer.memory = 33554432
	client.dns.lookup = use_all_dns_ips
	client.id = Producer-topic-97819040_5b68_473f_9e90_c53b105cd8e7
	compression.gzip.level = -1
	compression.lz4.level = 9
	compression.type = none
	compression.zstd.level = 3
	connections.max.idle.ms = 10000
	delivery.timeout.ms = 120000
	enable.idempotence = true
	enable.metrics.push = true
	interceptor.classes = []
	key.serializer = class org.apache.kafka.common.serialization.StringSerializer
	linger.ms = 0
	max.block.ms = 60000
	max.in.flight.requests.per.connection = 5
	max.request.size = 1048576
	metadata.max.age.ms = 300000
	metadata.max.idle.ms = 300000
	metadata.recovery.strategy = none
	metric.reporters = []
	metrics.num.samples = 2
	metrics.recording.level = INFO
	metrics.sample.window.ms = 30000
	partitioner.adaptive.partitioning.enable = true
	partitioner.availability.timeout.ms = 0
	partitioner.class = null
	partitioner.ignore.keys = false
	receive.buffer.bytes = 32768
	reconnect.backoff.max.ms = 1000
	reconnect.backoff.ms = 50
	request.timeout.ms = 5000
	retries = 2147483647
	retry.backoff.max.ms = 1000
	retry.backoff.ms = 100
	sasl.client.callback.handler.class = null
	sasl.jaas.config = null
	sasl.kerberos.kinit.cmd = /usr/bin/kinit
	sasl.kerberos.min.time.before.relogin = 60000
	sasl.kerberos.service.name = null
	sasl.kerberos.ticket.renew.jitter = 0.05
	sasl.kerberos.ticket.renew.window.factor = 0.8
	sasl.login.callback.handler.class = null
	sasl.login.class = null
	sasl.login.connect.timeout.ms = null
	sasl.login.read.timeout.ms = null
	sasl.login.refresh.buffer.seconds = 300
	sasl.login.refresh.min.period.seconds = 60
	sasl.login.refresh.window.factor = 0.8
	sasl.login.refresh.window.jitter = 0.05
	sasl.login.retry.backoff.max.ms = 10000
	sasl.login.retry.backoff.ms = 100
	sasl.mechanism = GSSAPI
	sasl.oauthbearer.clock.skew.seconds = 30
	sasl.oauthbearer.expected.audience = null
	sasl.oauthbearer.expected.issuer = null
	sasl.oauthbearer.header.urlencode = false
	sasl.oauthbearer.jwks.endpoint.refresh.ms = 3600000
	sasl.oauthbearer.jwks.endpoint.retry.backoff.max.ms = 10000
	sasl.oauthbearer.jwks.endpoint.retry.backoff.ms = 100
	sasl.oauthbearer.jwks.endpoint.url = null
	sasl.oauthbearer.scope.claim.name = scope
	sasl.oauthbearer.sub.claim.name = sub
	sasl.oauthbearer.token.endpoint.url = null
	security.protocol = PLAINTEXT
	security.providers = null
	send.buffer.bytes = 131072
	socket.connection.setup.timeout.max.ms = 30000
	socket.connection.setup.timeout.ms = 10000
	ssl.cipher.suites = null
	ssl.enabled.protocols = [TLSv1.2, TLSv1.3]
	ssl.endpoint.identification.algorithm = https
	ssl.engine.factory.class = null
	ssl.key.password = null
	ssl.keymanager.algorithm = SunX509
	ssl.keystore.certificate.chain = null
	ssl.keystore.key = null
	ssl.keystore.location = null
	ssl.keystore.password = null
	ssl.keystore.type = JKS
	ssl.protocol = TLSv1.3
	ssl.provider = null
	ssl.secure.random.implementation = null
	ssl.trustmanager.algorithm = PKIX
	ssl.truststore.certificates = null
	ssl.truststore.location = null
	ssl.truststore.password = null
	ssl.truststore.type = JKS
	transaction.timeout.ms = 60000
	transactional.id = null
	value.serializer = class io.apicurio.registry.serde.avro.AvroKafkaSerializer

2025-07-31 02:21:59,449 INFO  [org.apa.kaf.com.tel.int.KafkaMetricsCollector] (main) initializing Kafka metrics collector
2025-07-31 02:21:59,466 INFO  [org.apa.kaf.cli.pro.KafkaProducer] (main) [Producer clientId=Producer-topic-97819040_5b68_473f_9e90_c53b105cd8e7] Instantiated an idempotent producer.
2025-07-31 02:21:59,481 INFO  [org.apa.kaf.cli.pro.ProducerConfig] (main) These configurations '[apicurio.registry.url, apicurio.registry.auto-register, apicurio.registry.artifact-resolver-strategy]' were supplied but are not used yet.
2025-07-31 02:21:59,481 INFO  [org.apa.kaf.com.uti.AppInfoParser] (main) Kafka version: 3.9.0
2025-07-31 02:21:59,481 INFO  [org.apa.kaf.com.uti.AppInfoParser] (main) Kafka commitId: 84caaa6e9da06435
2025-07-31 02:21:59,481 INFO  [org.apa.kaf.com.uti.AppInfoParser] (main) Kafka startTimeMs: 1753928519481
2025-07-31 02:21:59,481 INFO  [io.api.tes.ser.api.SimpleSerdesTesterBuilder$SimpleSerdesTester] (main) Using producer configuration: {apicurio.registry.url=http://registry-app-postgresql.apps.ci419.apicurio-testing.org:80/apis/registry/v3, apicurio.registry.auto-register=true, apicurio.registry.artifact-resolver-strategy=io.apicurio.registry.serde.strategy.TopicIdStrategy, value.serializer=io.apicurio.registry.serde.avro.AvroKafkaSerializer, request.timeout.ms=5000, acks=all, bootstrap.servers=PLAINTEXT://localhost:32770, connections.max.idle.ms=10000, key.serializer=org.apache.kafka.common.serialization.StringSerializer, client.id=Producer-topic-97819040_5b68_473f_9e90_c53b105cd8e7}
2025-07-31 02:21:59,482 INFO  [io.api.tes.ser.api.SimpleSerdesTesterBuilder$SimpleSerdesTester] (main) Using consumer configuration: {}
2025-07-31 02:21:59,484 INFO  [io.api.tes.ser.api.KafkaSerdesTester] (Thread-171) Sending message {"id": "record-0"} to topic topic-97819040_5b68_473f_9e90_c53b105cd8e7
2025-07-31 02:21:59,494 WARN  [org.apa.kaf.cli.NetworkClient] (kafka-producer-network-thread | Producer-topic-97819040_5b68_473f_9e90_c53b105cd8e7) [Producer clientId=Producer-topic-97819040_5b68_473f_9e90_c53b105cd8e7] The metadata response from the cluster reported a recoverable issue with correlation id 2 : {topic-97819040_5b68_473f_9e90_c53b105cd8e7=LEADER_NOT_AVAILABLE}
2025-07-31 02:21:59,494 INFO  [org.apa.kaf.cli.Metadata] (kafka-producer-network-thread | Producer-topic-97819040_5b68_473f_9e90_c53b105cd8e7) [Producer clientId=Producer-topic-97819040_5b68_473f_9e90_c53b105cd8e7] Cluster ID: d3IyjYRDQrmXThhQeh46ug
2025-07-31 02:21:59,495 INFO  [org.apa.kaf.cli.pro.int.TransactionManager] (kafka-producer-network-thread | Producer-topic-97819040_5b68_473f_9e90_c53b105cd8e7) [Producer clientId=Producer-topic-97819040_5b68_473f_9e90_c53b105cd8e7] ProducerId set to 10 with epoch 0
2025-07-31 02:21:59,669 INFO  [io.api.tes.ser.api.KafkaSerdesTester] (Thread-171) Sending message {"value": 1} to topic topic-97819040_5b68_473f_9e90_c53b105cd8e7
2025-07-31 02:21:59,726 INFO  [org.apa.kaf.cli.pro.KafkaProducer] (Thread-171) [Producer clientId=Producer-topic-97819040_5b68_473f_9e90_c53b105cd8e7] Closing the Kafka producer with timeoutMillis = 9223372036854775807 ms.
2025-07-31 02:21:59,729 INFO  [org.apa.kaf.com.met.Metrics] (Thread-171) Metrics scheduler closed
2025-07-31 02:21:59,729 INFO  [org.apa.kaf.com.met.Metrics] (Thread-171) Closing reporter org.apache.kafka.common.metrics.JmxReporter
2025-07-31 02:21:59,729 INFO  [org.apa.kaf.com.met.Metrics] (Thread-171) Closing reporter org.apache.kafka.common.telemetry.internals.ClientTelemetryReporter
2025-07-31 02:21:59,729 INFO  [org.apa.kaf.com.met.Metrics] (Thread-171) Metrics reporters closed
2025-07-31 02:21:59,729 INFO  [org.apa.kaf.com.uti.AppInfoParser] (Thread-171) App info kafka.producer for Producer-topic-97819040_5b68_473f_9e90_c53b105cd8e7 unregistered
2025-07-31 02:21:59,733 INFO  [io.api.tes.uti.TestSeparator] (main) io.apicurio.tests.serdes.apicurio.AvroSerdeIT.testAvroUnionWithSpecificReader-FINISHED
2025-07-31 02:21:59,733 INFO  [io.api.tes.uti.TestSeparator] (main) ############################################################################
]]></system-out>
    <system-err><![CDATA[io.apicurio.registry.rest.client.models.RuleViolationProblemDetails
	at io.apicurio.registry.rest.client.models.RuleViolationProblemDetails.createFromDiscriminatorValue(RuleViolationProblemDetails.java:62)
	at io.kiota.serialization.json.JsonParseNode.getObjectValue(JsonParseNode.java:247)
	at io.kiota.http.vertx.VertXRequestAdapter.lambda$throwIfFailedResponse$0(VertXRequestAdapter.java:400)
	at com.microsoft.kiota.ApiExceptionBuilder.<init>(ApiExceptionBuilder.java:26)
	at io.kiota.http.vertx.VertXRequestAdapter.throwIfFailedResponse(VertXRequestAdapter.java:399)
	at io.kiota.http.vertx.VertXRequestAdapter.send(VertXRequestAdapter.java:170)
	at io.apicurio.registry.rest.client.groups.item.artifacts.ArtifactsRequestBuilder.post(ArtifactsRequestBuilder.java:130)
	at io.apicurio.registry.resolver.DefaultSchemaResolver.lambda$handleAutoCreateArtifact$7(DefaultSchemaResolver.java:335)
	at io.apicurio.registry.resolver.ERCache.lambda$getValue$0(ERCache.java:181)
	at io.apicurio.registry.resolver.ERCache.retry(ERCache.java:234)
	at io.apicurio.registry.resolver.ERCache.getValue(ERCache.java:180)
	at io.apicurio.registry.resolver.ERCache.getByContent(ERCache.java:154)
	at io.apicurio.registry.resolver.DefaultSchemaResolver.handleAutoCreateArtifact(DefaultSchemaResolver.java:319)
	at io.apicurio.registry.resolver.DefaultSchemaResolver.getSchemaFromRegistry(DefaultSchemaResolver.java:124)
	at io.apicurio.registry.resolver.DefaultSchemaResolver.lambda$resolveSchema$0(DefaultSchemaResolver.java:86)
	at java.base/java.util.Optional.orElseGet(Optional.java:364)
	at io.apicurio.registry.resolver.DefaultSchemaResolver.resolveSchema(DefaultSchemaResolver.java:86)
	at io.apicurio.registry.serde.AbstractSerializer.serializeData(AbstractSerializer.java:62)
	at io.apicurio.registry.serde.KafkaSerializer.serialize(KafkaSerializer.java:77)
	at org.apache.kafka.clients.producer.KafkaProducer.doSend(KafkaProducer.java:1046)
	at org.apache.kafka.clients.producer.KafkaProducer.send(KafkaProducer.java:993)
	at org.apache.kafka.clients.producer.KafkaProducer.send(KafkaProducer.java:875)
	at io.apicurio.tests.serdes.apicurio.KafkaSerdesTester.lambda$produceMessages$3(KafkaSerdesTester.java:138)
	at java.base/java.util.concurrent.CompletableFuture$AsyncSupply.run(CompletableFuture.java:1768)
	at java.base/java.lang.Thread.run(Thread.java:840)
]]></system-err>
  </testcase>
  <testcase name="testEvolveAvroApicurioReusingClient" classname="io.apicurio.tests.serdes.apicurio.AvroSerdeIT" time="1.244">
    <error type="io.apicurio.registry.rest.client.models.RuleViolationProblemDetails"><![CDATA[io.apicurio.registry.rest.client.models.RuleViolationProblemDetails
	at io.apicurio.registry.rest.client.models.RuleViolationProblemDetails.createFromDiscriminatorValue(RuleViolationProblemDetails.java:62)
	at io.kiota.serialization.json.JsonParseNode.getObjectValue(JsonParseNode.java:247)
	at io.kiota.http.vertx.VertXRequestAdapter.lambda$throwIfFailedResponse$0(VertXRequestAdapter.java:400)
	at com.microsoft.kiota.ApiExceptionBuilder.<init>(ApiExceptionBuilder.java:26)
	at io.kiota.http.vertx.VertXRequestAdapter.throwIfFailedResponse(VertXRequestAdapter.java:399)
	at io.kiota.http.vertx.VertXRequestAdapter.send(VertXRequestAdapter.java:170)
	at io.apicurio.registry.rest.client.groups.item.artifacts.item.versions.VersionsRequestBuilder.post(VersionsRequestBuilder.java:117)
	at io.apicurio.registry.rest.client.groups.item.artifacts.item.versions.VersionsRequestBuilder.post(VersionsRequestBuilder.java:94)
	at io.apicurio.tests.ApicurioRegistryBaseIT.createArtifactVersion(ApicurioRegistryBaseIT.java:153)
	at io.apicurio.tests.serdes.apicurio.AvroSerdeIT.evolveSchemaTest(AvroSerdeIT.java:337)
	at io.apicurio.tests.serdes.apicurio.AvroSerdeIT.testEvolveAvroApicurioReusingClient(AvroSerdeIT.java:281)
	at java.base/java.lang.reflect.Method.invoke(Method.java:569)
	at java.base/java.util.ArrayList.forEach(ArrayList.java:1511)
	at java.base/java.util.ArrayList.forEach(ArrayList.java:1511)
]]></error>
    <system-out><![CDATA[2025-07-31 02:21:59,738 INFO  [io.api.tes.uti.TestSeparator] (main) ############################################################################
2025-07-31 02:21:59,738 INFO  [io.api.tes.uti.TestSeparator] (main) io.apicurio.tests.serdes.apicurio.AvroSerdeIT.testEvolveAvroApicurioReusingClient-STARTED
2025-07-31 02:21:59,739 INFO  [io.api.tes.ser.api.AvroSerdeIT] (main) Registering Avro Schema: {"type":"record","name":"s2e9e9caax9c68x4372xa145xe6dd2b99ac9a","namespace":"ns_aacd1c7d_eb5a_4a11_8aa1_27af1bf5f17d","fields":[{"name":"key11753928519739","type":"string"}]}
2025-07-31 02:22:00,793 INFO  [org.apa.kaf.cli.pro.ProducerConfig] (main) ProducerConfig values: 
	acks = -1
	auto.include.jmx.reporter = true
	batch.size = 16384
	bootstrap.servers = [PLAINTEXT://localhost:32770]
	buffer.memory = 33554432
	client.dns.lookup = use_all_dns_ips
	client.id = Producer-topic-28d2c1d0_b487_4738_b6fc_614e80d45ca4
	compression.gzip.level = -1
	compression.lz4.level = 9
	compression.type = none
	compression.zstd.level = 3
	connections.max.idle.ms = 10000
	delivery.timeout.ms = 120000
	enable.idempotence = true
	enable.metrics.push = true
	interceptor.classes = []
	key.serializer = class org.apache.kafka.common.serialization.StringSerializer
	linger.ms = 0
	max.block.ms = 60000
	max.in.flight.requests.per.connection = 5
	max.request.size = 1048576
	metadata.max.age.ms = 300000
	metadata.max.idle.ms = 300000
	metadata.recovery.strategy = none
	metric.reporters = []
	metrics.num.samples = 2
	metrics.recording.level = INFO
	metrics.sample.window.ms = 30000
	partitioner.adaptive.partitioning.enable = true
	partitioner.availability.timeout.ms = 0
	partitioner.class = null
	partitioner.ignore.keys = false
	receive.buffer.bytes = 32768
	reconnect.backoff.max.ms = 1000
	reconnect.backoff.ms = 50
	request.timeout.ms = 5000
	retries = 2147483647
	retry.backoff.max.ms = 1000
	retry.backoff.ms = 100
	sasl.client.callback.handler.class = null
	sasl.jaas.config = null
	sasl.kerberos.kinit.cmd = /usr/bin/kinit
	sasl.kerberos.min.time.before.relogin = 60000
	sasl.kerberos.service.name = null
	sasl.kerberos.ticket.renew.jitter = 0.05
	sasl.kerberos.ticket.renew.window.factor = 0.8
	sasl.login.callback.handler.class = null
	sasl.login.class = null
	sasl.login.connect.timeout.ms = null
	sasl.login.read.timeout.ms = null
	sasl.login.refresh.buffer.seconds = 300
	sasl.login.refresh.min.period.seconds = 60
	sasl.login.refresh.window.factor = 0.8
	sasl.login.refresh.window.jitter = 0.05
	sasl.login.retry.backoff.max.ms = 10000
	sasl.login.retry.backoff.ms = 100
	sasl.mechanism = GSSAPI
	sasl.oauthbearer.clock.skew.seconds = 30
	sasl.oauthbearer.expected.audience = null
	sasl.oauthbearer.expected.issuer = null
	sasl.oauthbearer.header.urlencode = false
	sasl.oauthbearer.jwks.endpoint.refresh.ms = 3600000
	sasl.oauthbearer.jwks.endpoint.retry.backoff.max.ms = 10000
	sasl.oauthbearer.jwks.endpoint.retry.backoff.ms = 100
	sasl.oauthbearer.jwks.endpoint.url = null
	sasl.oauthbearer.scope.claim.name = scope
	sasl.oauthbearer.sub.claim.name = sub
	sasl.oauthbearer.token.endpoint.url = null
	security.protocol = PLAINTEXT
	security.providers = null
	send.buffer.bytes = 131072
	socket.connection.setup.timeout.max.ms = 30000
	socket.connection.setup.timeout.ms = 10000
	ssl.cipher.suites = null
	ssl.enabled.protocols = [TLSv1.2, TLSv1.3]
	ssl.endpoint.identification.algorithm = https
	ssl.engine.factory.class = null
	ssl.key.password = null
	ssl.keymanager.algorithm = SunX509
	ssl.keystore.certificate.chain = null
	ssl.keystore.key = null
	ssl.keystore.location = null
	ssl.keystore.password = null
	ssl.keystore.type = JKS
	ssl.protocol = TLSv1.3
	ssl.provider = null
	ssl.secure.random.implementation = null
	ssl.trustmanager.algorithm = PKIX
	ssl.truststore.certificates = null
	ssl.truststore.location = null
	ssl.truststore.password = null
	ssl.truststore.type = JKS
	transaction.timeout.ms = 60000
	transactional.id = null
	value.serializer = class io.apicurio.registry.serde.avro.AvroKafkaSerializer

2025-07-31 02:22:00,793 INFO  [org.apa.kaf.com.tel.int.KafkaMetricsCollector] (main) initializing Kafka metrics collector
2025-07-31 02:22:00,796 INFO  [org.apa.kaf.cli.pro.KafkaProducer] (main) [Producer clientId=Producer-topic-28d2c1d0_b487_4738_b6fc_614e80d45ca4] Instantiated an idempotent producer.
2025-07-31 02:22:00,798 INFO  [org.apa.kaf.cli.pro.ProducerConfig] (main) These configurations '[apicurio.registry.url, apicurio.registry.artifact-resolver-strategy]' were supplied but are not used yet.
2025-07-31 02:22:00,798 INFO  [org.apa.kaf.com.uti.AppInfoParser] (main) Kafka version: 3.9.0
2025-07-31 02:22:00,798 INFO  [org.apa.kaf.com.uti.AppInfoParser] (main) Kafka commitId: 84caaa6e9da06435
2025-07-31 02:22:00,798 INFO  [org.apa.kaf.com.uti.AppInfoParser] (main) Kafka startTimeMs: 1753928520798
2025-07-31 02:22:00,799 INFO  [org.apa.kaf.cli.con.ConsumerConfig] (main) ConsumerConfig values: 
	allow.auto.create.topics = true
	auto.commit.interval.ms = 500
	auto.include.jmx.reporter = true
	auto.offset.reset = earliest
	bootstrap.servers = [PLAINTEXT://localhost:32770]
	check.crcs = true
	client.dns.lookup = use_all_dns_ips
	client.id = consumer-Consumer-topic-28d2c1d0_b487_4738_b6fc_614e80d45ca4-8
	client.rack = 
	connections.max.idle.ms = 10000
	default.api.timeout.ms = 60000
	enable.auto.commit = true
	enable.metrics.push = true
	exclude.internal.topics = true
	fetch.max.bytes = 52428800
	fetch.max.wait.ms = 500
	fetch.min.bytes = 1
	group.id = Consumer-topic-28d2c1d0_b487_4738_b6fc_614e80d45ca4
	group.instance.id = null
	group.protocol = classic
	group.remote.assignor = null
	heartbeat.interval.ms = 3000
	interceptor.classes = []
	internal.leave.group.on.close = true
	internal.throw.on.fetch.stable.offset.unsupported = false
	isolation.level = read_uncommitted
	key.deserializer = class org.apache.kafka.common.serialization.StringDeserializer
	max.partition.fetch.bytes = 1048576
	max.poll.interval.ms = 300000
	max.poll.records = 500
	metadata.max.age.ms = 300000
	metadata.recovery.strategy = none
	metric.reporters = []
	metrics.num.samples = 2
	metrics.recording.level = INFO
	metrics.sample.window.ms = 30000
	partition.assignment.strategy = [class org.apache.kafka.clients.consumer.RangeAssignor, class org.apache.kafka.clients.consumer.CooperativeStickyAssignor]
	receive.buffer.bytes = 65536
	reconnect.backoff.max.ms = 1000
	reconnect.backoff.ms = 50
	request.timeout.ms = 5000
	retry.backoff.max.ms = 1000
	retry.backoff.ms = 100
	sasl.client.callback.handler.class = null
	sasl.jaas.config = null
	sasl.kerberos.kinit.cmd = /usr/bin/kinit
	sasl.kerberos.min.time.before.relogin = 60000
	sasl.kerberos.service.name = null
	sasl.kerberos.ticket.renew.jitter = 0.05
	sasl.kerberos.ticket.renew.window.factor = 0.8
	sasl.login.callback.handler.class = null
	sasl.login.class = null
	sasl.login.connect.timeout.ms = null
	sasl.login.read.timeout.ms = null
	sasl.login.refresh.buffer.seconds = 300
	sasl.login.refresh.min.period.seconds = 60
	sasl.login.refresh.window.factor = 0.8
	sasl.login.refresh.window.jitter = 0.05
	sasl.login.retry.backoff.max.ms = 10000
	sasl.login.retry.backoff.ms = 100
	sasl.mechanism = GSSAPI
	sasl.oauthbearer.clock.skew.seconds = 30
	sasl.oauthbearer.expected.audience = null
	sasl.oauthbearer.expected.issuer = null
	sasl.oauthbearer.header.urlencode = false
	sasl.oauthbearer.jwks.endpoint.refresh.ms = 3600000
	sasl.oauthbearer.jwks.endpoint.retry.backoff.max.ms = 10000
	sasl.oauthbearer.jwks.endpoint.retry.backoff.ms = 100
	sasl.oauthbearer.jwks.endpoint.url = null
	sasl.oauthbearer.scope.claim.name = scope
	sasl.oauthbearer.sub.claim.name = sub
	sasl.oauthbearer.token.endpoint.url = null
	security.protocol = PLAINTEXT
	security.providers = null
	send.buffer.bytes = 131072
	session.timeout.ms = 45000
	socket.connection.setup.timeout.max.ms = 30000
	socket.connection.setup.timeout.ms = 10000
	ssl.cipher.suites = null
	ssl.enabled.protocols = [TLSv1.2, TLSv1.3]
	ssl.endpoint.identification.algorithm = https
	ssl.engine.factory.class = null
	ssl.key.password = null
	ssl.keymanager.algorithm = SunX509
	ssl.keystore.certificate.chain = null
	ssl.keystore.key = null
	ssl.keystore.location = null
	ssl.keystore.password = null
	ssl.keystore.type = JKS
	ssl.protocol = TLSv1.3
	ssl.provider = null
	ssl.secure.random.implementation = null
	ssl.trustmanager.algorithm = PKIX
	ssl.truststore.certificates = null
	ssl.truststore.location = null
	ssl.truststore.password = null
	ssl.truststore.type = JKS
	value.deserializer = class io.apicurio.registry.serde.avro.AvroKafkaDeserializer

2025-07-31 02:22:00,799 INFO  [org.apa.kaf.com.tel.int.KafkaMetricsCollector] (main) initializing Kafka metrics collector
2025-07-31 02:22:00,807 INFO  [org.apa.kaf.cli.Metadata] (kafka-producer-network-thread | Producer-topic-28d2c1d0_b487_4738_b6fc_614e80d45ca4) [Producer clientId=Producer-topic-28d2c1d0_b487_4738_b6fc_614e80d45ca4] Cluster ID: d3IyjYRDQrmXThhQeh46ug
2025-07-31 02:22:00,809 INFO  [org.apa.kaf.cli.pro.int.TransactionManager] (kafka-producer-network-thread | Producer-topic-28d2c1d0_b487_4738_b6fc_614e80d45ca4) [Producer clientId=Producer-topic-28d2c1d0_b487_4738_b6fc_614e80d45ca4] ProducerId set to 11 with epoch 0
2025-07-31 02:22:00,811 INFO  [org.apa.kaf.cli.con.ConsumerConfig] (main) These configurations '[apicurio.registry.url]' were supplied but are not used yet.
2025-07-31 02:22:00,811 INFO  [org.apa.kaf.com.uti.AppInfoParser] (main) Kafka version: 3.9.0
2025-07-31 02:22:00,811 INFO  [org.apa.kaf.com.uti.AppInfoParser] (main) Kafka commitId: 84caaa6e9da06435
2025-07-31 02:22:00,811 INFO  [org.apa.kaf.com.uti.AppInfoParser] (main) Kafka startTimeMs: 1753928520811
2025-07-31 02:22:00,814 INFO  [io.api.tes.ser.api.KafkaSerdesTester] (Thread-176) Sending message {"key11753928519739": "value-0"} to topic topic-28d2c1d0_b487_4738_b6fc_614e80d45ca4
2025-07-31 02:22:00,819 INFO  [DefaultSchemaResolver] (Thread-176) Retrieving schema content using string: {"type":"record","name":"s2e9e9caax9c68x4372xa145xe6dd2b99ac9a","namespace":"ns_aacd1c7d_eb5a_4a11_8aa1_27af1bf5f17d","fields":[{"name":"key11753928519739","type":"string"}]}
2025-07-31 02:22:00,842 INFO  [io.api.tes.ser.api.KafkaSerdesTester] (Thread-176) Sending message {"key11753928519739": "value-1"} to topic topic-28d2c1d0_b487_4738_b6fc_614e80d45ca4
2025-07-31 02:22:00,844 INFO  [io.api.tes.ser.api.KafkaSerdesTester] (Thread-176) Sending message {"key11753928519739": "value-2"} to topic topic-28d2c1d0_b487_4738_b6fc_614e80d45ca4
2025-07-31 02:22:00,846 INFO  [io.api.tes.ser.api.KafkaSerdesTester] (Thread-176) Sending message {"key11753928519739": "value-3"} to topic topic-28d2c1d0_b487_4738_b6fc_614e80d45ca4
2025-07-31 02:22:00,851 INFO  [io.api.tes.ser.api.KafkaSerdesTester] (Thread-176) Sending message {"key11753928519739": "value-4"} to topic topic-28d2c1d0_b487_4738_b6fc_614e80d45ca4
2025-07-31 02:22:00,854 INFO  [io.api.tes.ser.api.KafkaSerdesTester] (Thread-176) Sending message {"key11753928519739": "value-5"} to topic topic-28d2c1d0_b487_4738_b6fc_614e80d45ca4
2025-07-31 02:22:00,857 INFO  [io.api.tes.ser.api.KafkaSerdesTester] (Thread-176) Sending message {"key11753928519739": "value-6"} to topic topic-28d2c1d0_b487_4738_b6fc_614e80d45ca4
2025-07-31 02:22:00,858 INFO  [io.api.tes.ser.api.KafkaSerdesTester] (Thread-176) Sending message {"key11753928519739": "value-7"} to topic topic-28d2c1d0_b487_4738_b6fc_614e80d45ca4
2025-07-31 02:22:00,862 INFO  [io.api.tes.ser.api.KafkaSerdesTester] (Thread-176) Sending message {"key11753928519739": "value-8"} to topic topic-28d2c1d0_b487_4738_b6fc_614e80d45ca4
2025-07-31 02:22:00,863 INFO  [io.api.tes.ser.api.KafkaSerdesTester] (Thread-176) Sending message {"key11753928519739": "value-9"} to topic topic-28d2c1d0_b487_4738_b6fc_614e80d45ca4
2025-07-31 02:22:00,865 INFO  [io.api.tes.ser.api.KafkaSerdesTester] (Thread-176) Produced 10 messages
2025-07-31 02:22:00,865 INFO  [org.apa.kaf.cli.con.int.ClassicKafkaConsumer] (Thread-177) [Consumer clientId=consumer-Consumer-topic-28d2c1d0_b487_4738_b6fc_614e80d45ca4-8, groupId=Consumer-topic-28d2c1d0_b487_4738_b6fc_614e80d45ca4] Subscribed to topic(s): topic-28d2c1d0_b487_4738_b6fc_614e80d45ca4
2025-07-31 02:22:00,871 INFO  [org.apa.kaf.cli.Metadata] (Thread-177) [Consumer clientId=consumer-Consumer-topic-28d2c1d0_b487_4738_b6fc_614e80d45ca4-8, groupId=Consumer-topic-28d2c1d0_b487_4738_b6fc_614e80d45ca4] Cluster ID: d3IyjYRDQrmXThhQeh46ug
2025-07-31 02:22:00,872 INFO  [org.apa.kaf.cli.con.int.ConsumerCoordinator] (Thread-177) [Consumer clientId=consumer-Consumer-topic-28d2c1d0_b487_4738_b6fc_614e80d45ca4-8, groupId=Consumer-topic-28d2c1d0_b487_4738_b6fc_614e80d45ca4] Discovered group coordinator localhost:32770 (id: 2147483647 rack: null)
2025-07-31 02:22:00,874 INFO  [org.apa.kaf.cli.con.int.ConsumerCoordinator] (Thread-177) [Consumer clientId=consumer-Consumer-topic-28d2c1d0_b487_4738_b6fc_614e80d45ca4-8, groupId=Consumer-topic-28d2c1d0_b487_4738_b6fc_614e80d45ca4] (Re-)joining group
2025-07-31 02:22:00,878 INFO  [org.apa.kaf.cli.con.int.ConsumerCoordinator] (Thread-177) [Consumer clientId=consumer-Consumer-topic-28d2c1d0_b487_4738_b6fc_614e80d45ca4-8, groupId=Consumer-topic-28d2c1d0_b487_4738_b6fc_614e80d45ca4] Request joining group due to: need to re-join with the given member-id: consumer-Consumer-topic-28d2c1d0_b487_4738_b6fc_614e80d45ca4-8-503fffc0-6c24-4530-8b8e-2cebda445250
2025-07-31 02:22:00,878 INFO  [org.apa.kaf.cli.con.int.ConsumerCoordinator] (Thread-177) [Consumer clientId=consumer-Consumer-topic-28d2c1d0_b487_4738_b6fc_614e80d45ca4-8, groupId=Consumer-topic-28d2c1d0_b487_4738_b6fc_614e80d45ca4] (Re-)joining group
2025-07-31 02:22:00,883 INFO  [org.apa.kaf.cli.con.int.ConsumerCoordinator] (Thread-177) [Consumer clientId=consumer-Consumer-topic-28d2c1d0_b487_4738_b6fc_614e80d45ca4-8, groupId=Consumer-topic-28d2c1d0_b487_4738_b6fc_614e80d45ca4] Successfully joined group with generation Generation{generationId=1, memberId='consumer-Consumer-topic-28d2c1d0_b487_4738_b6fc_614e80d45ca4-8-503fffc0-6c24-4530-8b8e-2cebda445250', protocol='range'}
2025-07-31 02:22:00,883 INFO  [org.apa.kaf.cli.con.int.ConsumerCoordinator] (Thread-177) [Consumer clientId=consumer-Consumer-topic-28d2c1d0_b487_4738_b6fc_614e80d45ca4-8, groupId=Consumer-topic-28d2c1d0_b487_4738_b6fc_614e80d45ca4] Finished assignment for group at generation 1: {consumer-Consumer-topic-28d2c1d0_b487_4738_b6fc_614e80d45ca4-8-503fffc0-6c24-4530-8b8e-2cebda445250=Assignment(partitions=[topic-28d2c1d0_b487_4738_b6fc_614e80d45ca4-0])}
2025-07-31 02:22:00,888 INFO  [org.apa.kaf.cli.con.int.ConsumerCoordinator] (Thread-177) [Consumer clientId=consumer-Consumer-topic-28d2c1d0_b487_4738_b6fc_614e80d45ca4-8, groupId=Consumer-topic-28d2c1d0_b487_4738_b6fc_614e80d45ca4] Successfully synced group in generation Generation{generationId=1, memberId='consumer-Consumer-topic-28d2c1d0_b487_4738_b6fc_614e80d45ca4-8-503fffc0-6c24-4530-8b8e-2cebda445250', protocol='range'}
2025-07-31 02:22:00,888 INFO  [org.apa.kaf.cli.con.int.ConsumerCoordinator] (Thread-177) [Consumer clientId=consumer-Consumer-topic-28d2c1d0_b487_4738_b6fc_614e80d45ca4-8, groupId=Consumer-topic-28d2c1d0_b487_4738_b6fc_614e80d45ca4] Notifying assignor about the new Assignment(partitions=[topic-28d2c1d0_b487_4738_b6fc_614e80d45ca4-0])
2025-07-31 02:22:00,889 INFO  [org.apa.kaf.cli.con.int.ConsumerRebalanceListenerInvoker] (Thread-177) [Consumer clientId=consumer-Consumer-topic-28d2c1d0_b487_4738_b6fc_614e80d45ca4-8, groupId=Consumer-topic-28d2c1d0_b487_4738_b6fc_614e80d45ca4] Adding newly assigned partitions: topic-28d2c1d0_b487_4738_b6fc_614e80d45ca4-0
2025-07-31 02:22:00,890 INFO  [org.apa.kaf.cli.con.int.ConsumerCoordinator] (Thread-177) [Consumer clientId=consumer-Consumer-topic-28d2c1d0_b487_4738_b6fc_614e80d45ca4-8, groupId=Consumer-topic-28d2c1d0_b487_4738_b6fc_614e80d45ca4] Found no committed offset for partition topic-28d2c1d0_b487_4738_b6fc_614e80d45ca4-0
2025-07-31 02:22:00,898 INFO  [org.apa.kaf.cli.con.int.SubscriptionState] (Thread-177) [Consumer clientId=consumer-Consumer-topic-28d2c1d0_b487_4738_b6fc_614e80d45ca4-8, groupId=Consumer-topic-28d2c1d0_b487_4738_b6fc_614e80d45ca4] Resetting offset for partition topic-28d2c1d0_b487_4738_b6fc_614e80d45ca4-0 to position FetchPosition{offset=0, offsetEpoch=Optional.empty, currentLeader=LeaderAndEpoch{leader=Optional[localhost:32770 (id: 0 rack: null)], epoch=0}}.
2025-07-31 02:22:00,935 INFO  [io.api.tes.ser.api.KafkaSerdesTester] (Thread-177) topic-28d2c1d0_b487_4738_b6fc_614e80d45ca4 0 0 {"key11753928519739": "value-0"}
2025-07-31 02:22:00,935 INFO  [io.api.tes.ser.api.KafkaSerdesTester] (Thread-177) topic-28d2c1d0_b487_4738_b6fc_614e80d45ca4 0 1 {"key11753928519739": "value-1"}
2025-07-31 02:22:00,935 INFO  [io.api.tes.ser.api.KafkaSerdesTester] (Thread-177) topic-28d2c1d0_b487_4738_b6fc_614e80d45ca4 0 2 {"key11753928519739": "value-2"}
2025-07-31 02:22:00,935 INFO  [io.api.tes.ser.api.KafkaSerdesTester] (Thread-177) topic-28d2c1d0_b487_4738_b6fc_614e80d45ca4 0 3 {"key11753928519739": "value-3"}
2025-07-31 02:22:00,935 INFO  [io.api.tes.ser.api.KafkaSerdesTester] (Thread-177) topic-28d2c1d0_b487_4738_b6fc_614e80d45ca4 0 4 {"key11753928519739": "value-4"}
2025-07-31 02:22:00,935 INFO  [io.api.tes.ser.api.KafkaSerdesTester] (Thread-177) topic-28d2c1d0_b487_4738_b6fc_614e80d45ca4 0 5 {"key11753928519739": "value-5"}
2025-07-31 02:22:00,935 INFO  [io.api.tes.ser.api.KafkaSerdesTester] (Thread-177) topic-28d2c1d0_b487_4738_b6fc_614e80d45ca4 0 6 {"key11753928519739": "value-6"}
2025-07-31 02:22:00,935 INFO  [io.api.tes.ser.api.KafkaSerdesTester] (Thread-177) topic-28d2c1d0_b487_4738_b6fc_614e80d45ca4 0 7 {"key11753928519739": "value-7"}
2025-07-31 02:22:00,936 INFO  [io.api.tes.ser.api.KafkaSerdesTester] (Thread-177) topic-28d2c1d0_b487_4738_b6fc_614e80d45ca4 0 8 {"key11753928519739": "value-8"}
2025-07-31 02:22:00,936 INFO  [io.api.tes.ser.api.KafkaSerdesTester] (Thread-177) topic-28d2c1d0_b487_4738_b6fc_614e80d45ca4 0 9 {"key11753928519739": "value-9"}
2025-07-31 02:22:00,936 INFO  [io.api.tes.ser.api.KafkaSerdesTester] (Thread-177) Consumed 10 messages
2025-07-31 02:22:00,937 INFO  [io.api.tes.ser.api.AvroSerdeIT] (main) Registering Avro Schema 2: {"type":"record","name":"s2e9e9caax9c68x4372xa145xe6dd2b99ac9a","namespace":"ns_aacd1c7d_eb5a_4a11_8aa1_27af1bf5f17d","fields":[{"name":"key11753928519739","type":"string"},{"name":"key21753928520936","type":"string"}]}
2025-07-31 02:22:00,980 INFO  [io.api.tes.uti.TestSeparator] (main) io.apicurio.tests.serdes.apicurio.AvroSerdeIT.testEvolveAvroApicurioReusingClient-FINISHED
2025-07-31 02:22:00,980 INFO  [io.api.tes.uti.TestSeparator] (main) ############################################################################
]]></system-out>
  </testcase>
  <testcase name="testProducerUsesDefaultConsumerUsesGlobalId" classname="io.apicurio.tests.serdes.apicurio.AvroSerdeIT" time="0.0">
    <skipped message="void io.apicurio.tests.serdes.apicurio.AvroSerdeIT.testProducerUsesDefaultConsumerUsesGlobalId() throws java.lang.Exception is @Disabled"/>
  </testcase>
  <testcase name="testEvolveAvroApicurio" classname="io.apicurio.tests.serdes.apicurio.AvroSerdeIT" time="1.758">
    <error type="io.apicurio.registry.rest.client.models.RuleViolationProblemDetails"><![CDATA[io.apicurio.registry.rest.client.models.RuleViolationProblemDetails
	at io.apicurio.registry.rest.client.models.RuleViolationProblemDetails.createFromDiscriminatorValue(RuleViolationProblemDetails.java:62)
	at io.kiota.serialization.json.JsonParseNode.getObjectValue(JsonParseNode.java:247)
	at io.kiota.http.vertx.VertXRequestAdapter.lambda$throwIfFailedResponse$0(VertXRequestAdapter.java:400)
	at com.microsoft.kiota.ApiExceptionBuilder.<init>(ApiExceptionBuilder.java:26)
	at io.kiota.http.vertx.VertXRequestAdapter.throwIfFailedResponse(VertXRequestAdapter.java:399)
	at io.kiota.http.vertx.VertXRequestAdapter.send(VertXRequestAdapter.java:170)
	at io.apicurio.registry.rest.client.groups.item.artifacts.item.versions.VersionsRequestBuilder.post(VersionsRequestBuilder.java:117)
	at io.apicurio.registry.rest.client.groups.item.artifacts.item.versions.VersionsRequestBuilder.post(VersionsRequestBuilder.java:94)
	at io.apicurio.tests.ApicurioRegistryBaseIT.createArtifactVersion(ApicurioRegistryBaseIT.java:153)
	at io.apicurio.tests.serdes.apicurio.AvroSerdeIT.evolveSchemaTest(AvroSerdeIT.java:337)
	at io.apicurio.tests.serdes.apicurio.AvroSerdeIT.testEvolveAvroApicurio(AvroSerdeIT.java:275)
	at java.base/java.lang.reflect.Method.invoke(Method.java:569)
	at java.base/java.util.ArrayList.forEach(ArrayList.java:1511)
	at java.base/java.util.ArrayList.forEach(ArrayList.java:1511)
]]></error>
    <system-out><![CDATA[2025-07-31 02:22:00,994 INFO  [io.api.tes.uti.TestSeparator] (main) ############################################################################
2025-07-31 02:22:00,994 INFO  [io.api.tes.uti.TestSeparator] (main) io.apicurio.tests.serdes.apicurio.AvroSerdeIT.testEvolveAvroApicurio-STARTED
2025-07-31 02:22:00,995 INFO  [io.api.tes.ser.api.AvroSerdeIT] (main) Registering Avro Schema: {"type":"record","name":"s280458fax4f6fx4e2bx8911x805ca8b67942","namespace":"ns_880dd38b_08e9_49de_941f_308ef411231c","fields":[{"name":"key11753928520994","type":"string"}]}
2025-07-31 02:22:02,062 INFO  [org.apa.kaf.cli.pro.ProducerConfig] (main) ProducerConfig values: 
	acks = -1
	auto.include.jmx.reporter = true
	batch.size = 16384
	bootstrap.servers = [PLAINTEXT://localhost:32770]
	buffer.memory = 33554432
	client.dns.lookup = use_all_dns_ips
	client.id = Producer-topic-f0cf3869_6385_4292_beac_12409543e672
	compression.gzip.level = -1
	compression.lz4.level = 9
	compression.type = none
	compression.zstd.level = 3
	connections.max.idle.ms = 10000
	delivery.timeout.ms = 120000
	enable.idempotence = true
	enable.metrics.push = true
	interceptor.classes = []
	key.serializer = class org.apache.kafka.common.serialization.StringSerializer
	linger.ms = 0
	max.block.ms = 60000
	max.in.flight.requests.per.connection = 5
	max.request.size = 1048576
	metadata.max.age.ms = 300000
	metadata.max.idle.ms = 300000
	metadata.recovery.strategy = none
	metric.reporters = []
	metrics.num.samples = 2
	metrics.recording.level = INFO
	metrics.sample.window.ms = 30000
	partitioner.adaptive.partitioning.enable = true
	partitioner.availability.timeout.ms = 0
	partitioner.class = null
	partitioner.ignore.keys = false
	receive.buffer.bytes = 32768
	reconnect.backoff.max.ms = 1000
	reconnect.backoff.ms = 50
	request.timeout.ms = 5000
	retries = 2147483647
	retry.backoff.max.ms = 1000
	retry.backoff.ms = 100
	sasl.client.callback.handler.class = null
	sasl.jaas.config = null
	sasl.kerberos.kinit.cmd = /usr/bin/kinit
	sasl.kerberos.min.time.before.relogin = 60000
	sasl.kerberos.service.name = null
	sasl.kerberos.ticket.renew.jitter = 0.05
	sasl.kerberos.ticket.renew.window.factor = 0.8
	sasl.login.callback.handler.class = null
	sasl.login.class = null
	sasl.login.connect.timeout.ms = null
	sasl.login.read.timeout.ms = null
	sasl.login.refresh.buffer.seconds = 300
	sasl.login.refresh.min.period.seconds = 60
	sasl.login.refresh.window.factor = 0.8
	sasl.login.refresh.window.jitter = 0.05
	sasl.login.retry.backoff.max.ms = 10000
	sasl.login.retry.backoff.ms = 100
	sasl.mechanism = GSSAPI
	sasl.oauthbearer.clock.skew.seconds = 30
	sasl.oauthbearer.expected.audience = null
	sasl.oauthbearer.expected.issuer = null
	sasl.oauthbearer.header.urlencode = false
	sasl.oauthbearer.jwks.endpoint.refresh.ms = 3600000
	sasl.oauthbearer.jwks.endpoint.retry.backoff.max.ms = 10000
	sasl.oauthbearer.jwks.endpoint.retry.backoff.ms = 100
	sasl.oauthbearer.jwks.endpoint.url = null
	sasl.oauthbearer.scope.claim.name = scope
	sasl.oauthbearer.sub.claim.name = sub
	sasl.oauthbearer.token.endpoint.url = null
	security.protocol = PLAINTEXT
	security.providers = null
	send.buffer.bytes = 131072
	socket.connection.setup.timeout.max.ms = 30000
	socket.connection.setup.timeout.ms = 10000
	ssl.cipher.suites = null
	ssl.enabled.protocols = [TLSv1.2, TLSv1.3]
	ssl.endpoint.identification.algorithm = https
	ssl.engine.factory.class = null
	ssl.key.password = null
	ssl.keymanager.algorithm = SunX509
	ssl.keystore.certificate.chain = null
	ssl.keystore.key = null
	ssl.keystore.location = null
	ssl.keystore.password = null
	ssl.keystore.type = JKS
	ssl.protocol = TLSv1.3
	ssl.provider = null
	ssl.secure.random.implementation = null
	ssl.trustmanager.algorithm = PKIX
	ssl.truststore.certificates = null
	ssl.truststore.location = null
	ssl.truststore.password = null
	ssl.truststore.type = JKS
	transaction.timeout.ms = 60000
	transactional.id = null
	value.serializer = class io.apicurio.registry.serde.avro.AvroKafkaSerializer

2025-07-31 02:22:02,063 INFO  [org.apa.kaf.com.tel.int.KafkaMetricsCollector] (main) initializing Kafka metrics collector
2025-07-31 02:22:02,070 INFO  [org.apa.kaf.cli.pro.KafkaProducer] (main) [Producer clientId=Producer-topic-f0cf3869_6385_4292_beac_12409543e672] Instantiated an idempotent producer.
2025-07-31 02:22:02,071 INFO  [org.apa.kaf.cli.pro.ProducerConfig] (main) These configurations '[apicurio.registry.url, apicurio.registry.artifact-resolver-strategy]' were supplied but are not used yet.
2025-07-31 02:22:02,071 INFO  [org.apa.kaf.com.uti.AppInfoParser] (main) Kafka version: 3.9.0
2025-07-31 02:22:02,071 INFO  [org.apa.kaf.com.uti.AppInfoParser] (main) Kafka commitId: 84caaa6e9da06435
2025-07-31 02:22:02,071 INFO  [org.apa.kaf.com.uti.AppInfoParser] (main) Kafka startTimeMs: 1753928522071
2025-07-31 02:22:02,072 INFO  [org.apa.kaf.cli.con.ConsumerConfig] (main) ConsumerConfig values: 
	allow.auto.create.topics = true
	auto.commit.interval.ms = 500
	auto.include.jmx.reporter = true
	auto.offset.reset = earliest
	bootstrap.servers = [PLAINTEXT://localhost:32770]
	check.crcs = true
	client.dns.lookup = use_all_dns_ips
	client.id = consumer-Consumer-topic-f0cf3869_6385_4292_beac_12409543e672-9
	client.rack = 
	connections.max.idle.ms = 10000
	default.api.timeout.ms = 60000
	enable.auto.commit = true
	enable.metrics.push = true
	exclude.internal.topics = true
	fetch.max.bytes = 52428800
	fetch.max.wait.ms = 500
	fetch.min.bytes = 1
	group.id = Consumer-topic-f0cf3869_6385_4292_beac_12409543e672
	group.instance.id = null
	group.protocol = classic
	group.remote.assignor = null
	heartbeat.interval.ms = 3000
	interceptor.classes = []
	internal.leave.group.on.close = true
	internal.throw.on.fetch.stable.offset.unsupported = false
	isolation.level = read_uncommitted
	key.deserializer = class org.apache.kafka.common.serialization.StringDeserializer
	max.partition.fetch.bytes = 1048576
	max.poll.interval.ms = 300000
	max.poll.records = 500
	metadata.max.age.ms = 300000
	metadata.recovery.strategy = none
	metric.reporters = []
	metrics.num.samples = 2
	metrics.recording.level = INFO
	metrics.sample.window.ms = 30000
	partition.assignment.strategy = [class org.apache.kafka.clients.consumer.RangeAssignor, class org.apache.kafka.clients.consumer.CooperativeStickyAssignor]
	receive.buffer.bytes = 65536
	reconnect.backoff.max.ms = 1000
	reconnect.backoff.ms = 50
	request.timeout.ms = 5000
	retry.backoff.max.ms = 1000
	retry.backoff.ms = 100
	sasl.client.callback.handler.class = null
	sasl.jaas.config = null
	sasl.kerberos.kinit.cmd = /usr/bin/kinit
	sasl.kerberos.min.time.before.relogin = 60000
	sasl.kerberos.service.name = null
	sasl.kerberos.ticket.renew.jitter = 0.05
	sasl.kerberos.ticket.renew.window.factor = 0.8
	sasl.login.callback.handler.class = null
	sasl.login.class = null
	sasl.login.connect.timeout.ms = null
	sasl.login.read.timeout.ms = null
	sasl.login.refresh.buffer.seconds = 300
	sasl.login.refresh.min.period.seconds = 60
	sasl.login.refresh.window.factor = 0.8
	sasl.login.refresh.window.jitter = 0.05
	sasl.login.retry.backoff.max.ms = 10000
	sasl.login.retry.backoff.ms = 100
	sasl.mechanism = GSSAPI
	sasl.oauthbearer.clock.skew.seconds = 30
	sasl.oauthbearer.expected.audience = null
	sasl.oauthbearer.expected.issuer = null
	sasl.oauthbearer.header.urlencode = false
	sasl.oauthbearer.jwks.endpoint.refresh.ms = 3600000
	sasl.oauthbearer.jwks.endpoint.retry.backoff.max.ms = 10000
	sasl.oauthbearer.jwks.endpoint.retry.backoff.ms = 100
	sasl.oauthbearer.jwks.endpoint.url = null
	sasl.oauthbearer.scope.claim.name = scope
	sasl.oauthbearer.sub.claim.name = sub
	sasl.oauthbearer.token.endpoint.url = null
	security.protocol = PLAINTEXT
	security.providers = null
	send.buffer.bytes = 131072
	session.timeout.ms = 45000
	socket.connection.setup.timeout.max.ms = 30000
	socket.connection.setup.timeout.ms = 10000
	ssl.cipher.suites = null
	ssl.enabled.protocols = [TLSv1.2, TLSv1.3]
	ssl.endpoint.identification.algorithm = https
	ssl.engine.factory.class = null
	ssl.key.password = null
	ssl.keymanager.algorithm = SunX509
	ssl.keystore.certificate.chain = null
	ssl.keystore.key = null
	ssl.keystore.location = null
	ssl.keystore.password = null
	ssl.keystore.type = JKS
	ssl.protocol = TLSv1.3
	ssl.provider = null
	ssl.secure.random.implementation = null
	ssl.trustmanager.algorithm = PKIX
	ssl.truststore.certificates = null
	ssl.truststore.location = null
	ssl.truststore.password = null
	ssl.truststore.type = JKS
	value.deserializer = class io.apicurio.registry.serde.avro.AvroKafkaDeserializer

2025-07-31 02:22:02,072 INFO  [org.apa.kaf.com.tel.int.KafkaMetricsCollector] (main) initializing Kafka metrics collector
2025-07-31 02:22:02,078 INFO  [org.apa.kaf.cli.con.ConsumerConfig] (main) These configurations '[apicurio.registry.url]' were supplied but are not used yet.
2025-07-31 02:22:02,079 INFO  [org.apa.kaf.com.uti.AppInfoParser] (main) Kafka version: 3.9.0
2025-07-31 02:22:02,079 INFO  [org.apa.kaf.com.uti.AppInfoParser] (main) Kafka commitId: 84caaa6e9da06435
2025-07-31 02:22:02,079 INFO  [org.apa.kaf.com.uti.AppInfoParser] (main) Kafka startTimeMs: 1753928522079
2025-07-31 02:22:02,079 INFO  [org.apa.kaf.cli.Metadata] (kafka-producer-network-thread | Producer-topic-f0cf3869_6385_4292_beac_12409543e672) [Producer clientId=Producer-topic-f0cf3869_6385_4292_beac_12409543e672] Cluster ID: d3IyjYRDQrmXThhQeh46ug
2025-07-31 02:22:02,080 INFO  [io.api.tes.ser.api.KafkaSerdesTester] (Thread-182) Sending message {"key11753928520994": "value-0"} to topic topic-f0cf3869_6385_4292_beac_12409543e672
2025-07-31 02:22:02,080 INFO  [org.apa.kaf.cli.pro.int.TransactionManager] (kafka-producer-network-thread | Producer-topic-f0cf3869_6385_4292_beac_12409543e672) [Producer clientId=Producer-topic-f0cf3869_6385_4292_beac_12409543e672] ProducerId set to 12 with epoch 0
2025-07-31 02:22:02,087 INFO  [DefaultSchemaResolver] (Thread-182) Retrieving schema content using string: {"type":"record","name":"s280458fax4f6fx4e2bx8911x805ca8b67942","namespace":"ns_880dd38b_08e9_49de_941f_308ef411231c","fields":[{"name":"key11753928520994","type":"string"}]}
2025-07-31 02:22:02,115 INFO  [io.api.tes.ser.api.KafkaSerdesTester] (Thread-182) Sending message {"key11753928520994": "value-1"} to topic topic-f0cf3869_6385_4292_beac_12409543e672
2025-07-31 02:22:02,118 INFO  [io.api.tes.ser.api.KafkaSerdesTester] (Thread-182) Sending message {"key11753928520994": "value-2"} to topic topic-f0cf3869_6385_4292_beac_12409543e672
2025-07-31 02:22:02,123 INFO  [io.api.tes.ser.api.KafkaSerdesTester] (Thread-182) Sending message {"key11753928520994": "value-3"} to topic topic-f0cf3869_6385_4292_beac_12409543e672
2025-07-31 02:22:02,125 INFO  [io.api.tes.ser.api.KafkaSerdesTester] (Thread-182) Sending message {"key11753928520994": "value-4"} to topic topic-f0cf3869_6385_4292_beac_12409543e672
2025-07-31 02:22:02,127 INFO  [io.api.tes.ser.api.KafkaSerdesTester] (Thread-182) Sending message {"key11753928520994": "value-5"} to topic topic-f0cf3869_6385_4292_beac_12409543e672
2025-07-31 02:22:02,130 INFO  [io.api.tes.ser.api.KafkaSerdesTester] (Thread-182) Sending message {"key11753928520994": "value-6"} to topic topic-f0cf3869_6385_4292_beac_12409543e672
2025-07-31 02:22:02,133 INFO  [io.api.tes.ser.api.KafkaSerdesTester] (Thread-182) Sending message {"key11753928520994": "value-7"} to topic topic-f0cf3869_6385_4292_beac_12409543e672
2025-07-31 02:22:02,134 INFO  [io.api.tes.ser.api.KafkaSerdesTester] (Thread-182) Sending message {"key11753928520994": "value-8"} to topic topic-f0cf3869_6385_4292_beac_12409543e672
2025-07-31 02:22:02,136 INFO  [io.api.tes.ser.api.KafkaSerdesTester] (Thread-182) Sending message {"key11753928520994": "value-9"} to topic topic-f0cf3869_6385_4292_beac_12409543e672
2025-07-31 02:22:02,139 INFO  [io.api.tes.ser.api.KafkaSerdesTester] (Thread-182) Produced 10 messages
2025-07-31 02:22:02,140 INFO  [org.apa.kaf.cli.pro.KafkaProducer] (Thread-182) [Producer clientId=Producer-topic-f0cf3869_6385_4292_beac_12409543e672] Closing the Kafka producer with timeoutMillis = 9223372036854775807 ms.
2025-07-31 02:22:02,143 INFO  [org.apa.kaf.com.met.Metrics] (Thread-182) Metrics scheduler closed
2025-07-31 02:22:02,143 INFO  [org.apa.kaf.com.met.Metrics] (Thread-182) Closing reporter org.apache.kafka.common.metrics.JmxReporter
2025-07-31 02:22:02,143 INFO  [org.apa.kaf.com.met.Metrics] (Thread-182) Closing reporter org.apache.kafka.common.telemetry.internals.ClientTelemetryReporter
2025-07-31 02:22:02,143 INFO  [org.apa.kaf.com.met.Metrics] (Thread-182) Metrics reporters closed
2025-07-31 02:22:02,143 INFO  [org.apa.kaf.com.uti.AppInfoParser] (Thread-182) App info kafka.producer for Producer-topic-f0cf3869_6385_4292_beac_12409543e672 unregistered
2025-07-31 02:22:02,144 INFO  [org.apa.kaf.cli.con.int.ClassicKafkaConsumer] (Thread-183) [Consumer clientId=consumer-Consumer-topic-f0cf3869_6385_4292_beac_12409543e672-9, groupId=Consumer-topic-f0cf3869_6385_4292_beac_12409543e672] Subscribed to topic(s): topic-f0cf3869_6385_4292_beac_12409543e672
2025-07-31 02:22:02,152 INFO  [org.apa.kaf.cli.Metadata] (Thread-183) [Consumer clientId=consumer-Consumer-topic-f0cf3869_6385_4292_beac_12409543e672-9, groupId=Consumer-topic-f0cf3869_6385_4292_beac_12409543e672] Cluster ID: d3IyjYRDQrmXThhQeh46ug
2025-07-31 02:22:02,153 INFO  [org.apa.kaf.cli.con.int.ConsumerCoordinator] (Thread-183) [Consumer clientId=consumer-Consumer-topic-f0cf3869_6385_4292_beac_12409543e672-9, groupId=Consumer-topic-f0cf3869_6385_4292_beac_12409543e672] Discovered group coordinator localhost:32770 (id: 2147483647 rack: null)
2025-07-31 02:22:02,158 INFO  [org.apa.kaf.cli.con.int.ConsumerCoordinator] (Thread-183) [Consumer clientId=consumer-Consumer-topic-f0cf3869_6385_4292_beac_12409543e672-9, groupId=Consumer-topic-f0cf3869_6385_4292_beac_12409543e672] (Re-)joining group
2025-07-31 02:22:02,164 INFO  [org.apa.kaf.cli.con.int.ConsumerCoordinator] (Thread-183) [Consumer clientId=consumer-Consumer-topic-f0cf3869_6385_4292_beac_12409543e672-9, groupId=Consumer-topic-f0cf3869_6385_4292_beac_12409543e672] Request joining group due to: need to re-join with the given member-id: consumer-Consumer-topic-f0cf3869_6385_4292_beac_12409543e672-9-be1caa55-1841-416d-8b3d-318c916600fe
2025-07-31 02:22:02,164 INFO  [org.apa.kaf.cli.con.int.ConsumerCoordinator] (Thread-183) [Consumer clientId=consumer-Consumer-topic-f0cf3869_6385_4292_beac_12409543e672-9, groupId=Consumer-topic-f0cf3869_6385_4292_beac_12409543e672] (Re-)joining group
2025-07-31 02:22:02,171 INFO  [org.apa.kaf.cli.con.int.ConsumerCoordinator] (Thread-183) [Consumer clientId=consumer-Consumer-topic-f0cf3869_6385_4292_beac_12409543e672-9, groupId=Consumer-topic-f0cf3869_6385_4292_beac_12409543e672] Successfully joined group with generation Generation{generationId=1, memberId='consumer-Consumer-topic-f0cf3869_6385_4292_beac_12409543e672-9-be1caa55-1841-416d-8b3d-318c916600fe', protocol='range'}
2025-07-31 02:22:02,171 INFO  [org.apa.kaf.cli.con.int.ConsumerCoordinator] (Thread-183) [Consumer clientId=consumer-Consumer-topic-f0cf3869_6385_4292_beac_12409543e672-9, groupId=Consumer-topic-f0cf3869_6385_4292_beac_12409543e672] Finished assignment for group at generation 1: {consumer-Consumer-topic-f0cf3869_6385_4292_beac_12409543e672-9-be1caa55-1841-416d-8b3d-318c916600fe=Assignment(partitions=[topic-f0cf3869_6385_4292_beac_12409543e672-0])}
2025-07-31 02:22:02,181 INFO  [org.apa.kaf.cli.con.int.ConsumerCoordinator] (Thread-183) [Consumer clientId=consumer-Consumer-topic-f0cf3869_6385_4292_beac_12409543e672-9, groupId=Consumer-topic-f0cf3869_6385_4292_beac_12409543e672] Successfully synced group in generation Generation{generationId=1, memberId='consumer-Consumer-topic-f0cf3869_6385_4292_beac_12409543e672-9-be1caa55-1841-416d-8b3d-318c916600fe', protocol='range'}
2025-07-31 02:22:02,181 INFO  [org.apa.kaf.cli.con.int.ConsumerCoordinator] (Thread-183) [Consumer clientId=consumer-Consumer-topic-f0cf3869_6385_4292_beac_12409543e672-9, groupId=Consumer-topic-f0cf3869_6385_4292_beac_12409543e672] Notifying assignor about the new Assignment(partitions=[topic-f0cf3869_6385_4292_beac_12409543e672-0])
2025-07-31 02:22:02,181 INFO  [org.apa.kaf.cli.con.int.ConsumerRebalanceListenerInvoker] (Thread-183) [Consumer clientId=consumer-Consumer-topic-f0cf3869_6385_4292_beac_12409543e672-9, groupId=Consumer-topic-f0cf3869_6385_4292_beac_12409543e672] Adding newly assigned partitions: topic-f0cf3869_6385_4292_beac_12409543e672-0
2025-07-31 02:22:02,184 INFO  [org.apa.kaf.cli.con.int.ConsumerCoordinator] (Thread-183) [Consumer clientId=consumer-Consumer-topic-f0cf3869_6385_4292_beac_12409543e672-9, groupId=Consumer-topic-f0cf3869_6385_4292_beac_12409543e672] Found no committed offset for partition topic-f0cf3869_6385_4292_beac_12409543e672-0
2025-07-31 02:22:02,187 INFO  [org.apa.kaf.cli.con.int.SubscriptionState] (Thread-183) [Consumer clientId=consumer-Consumer-topic-f0cf3869_6385_4292_beac_12409543e672-9, groupId=Consumer-topic-f0cf3869_6385_4292_beac_12409543e672] Resetting offset for partition topic-f0cf3869_6385_4292_beac_12409543e672-0 to position FetchPosition{offset=0, offsetEpoch=Optional.empty, currentLeader=LeaderAndEpoch{leader=Optional[localhost:32770 (id: 0 rack: null)], epoch=0}}.
2025-07-31 02:22:02,216 INFO  [io.api.tes.ser.api.KafkaSerdesTester] (Thread-183) topic-f0cf3869_6385_4292_beac_12409543e672 0 0 {"key11753928520994": "value-0"}
2025-07-31 02:22:02,216 INFO  [io.api.tes.ser.api.KafkaSerdesTester] (Thread-183) topic-f0cf3869_6385_4292_beac_12409543e672 0 1 {"key11753928520994": "value-1"}
2025-07-31 02:22:02,216 INFO  [io.api.tes.ser.api.KafkaSerdesTester] (Thread-183) topic-f0cf3869_6385_4292_beac_12409543e672 0 2 {"key11753928520994": "value-2"}
2025-07-31 02:22:02,216 INFO  [io.api.tes.ser.api.KafkaSerdesTester] (Thread-183) topic-f0cf3869_6385_4292_beac_12409543e672 0 3 {"key11753928520994": "value-3"}
2025-07-31 02:22:02,216 INFO  [io.api.tes.ser.api.KafkaSerdesTester] (Thread-183) topic-f0cf3869_6385_4292_beac_12409543e672 0 4 {"key11753928520994": "value-4"}
2025-07-31 02:22:02,216 INFO  [io.api.tes.ser.api.KafkaSerdesTester] (Thread-183) topic-f0cf3869_6385_4292_beac_12409543e672 0 5 {"key11753928520994": "value-5"}
2025-07-31 02:22:02,216 INFO  [io.api.tes.ser.api.KafkaSerdesTester] (Thread-183) topic-f0cf3869_6385_4292_beac_12409543e672 0 6 {"key11753928520994": "value-6"}
2025-07-31 02:22:02,217 INFO  [io.api.tes.ser.api.KafkaSerdesTester] (Thread-183) topic-f0cf3869_6385_4292_beac_12409543e672 0 7 {"key11753928520994": "value-7"}
2025-07-31 02:22:02,217 INFO  [io.api.tes.ser.api.KafkaSerdesTester] (Thread-183) topic-f0cf3869_6385_4292_beac_12409543e672 0 8 {"key11753928520994": "value-8"}
2025-07-31 02:22:02,217 INFO  [io.api.tes.ser.api.KafkaSerdesTester] (Thread-183) topic-f0cf3869_6385_4292_beac_12409543e672 0 9 {"key11753928520994": "value-9"}
2025-07-31 02:22:02,217 INFO  [io.api.tes.ser.api.KafkaSerdesTester] (Thread-183) Consumed 10 messages
2025-07-31 02:22:02,221 INFO  [org.apa.kaf.cli.con.int.ConsumerRebalanceListenerInvoker] (Thread-183) [Consumer clientId=consumer-Consumer-topic-f0cf3869_6385_4292_beac_12409543e672-9, groupId=Consumer-topic-f0cf3869_6385_4292_beac_12409543e672] Revoke previously assigned partitions topic-f0cf3869_6385_4292_beac_12409543e672-0
2025-07-31 02:22:02,221 INFO  [org.apa.kaf.cli.con.int.ConsumerCoordinator] (Thread-183) [Consumer clientId=consumer-Consumer-topic-f0cf3869_6385_4292_beac_12409543e672-9, groupId=Consumer-topic-f0cf3869_6385_4292_beac_12409543e672] Member consumer-Consumer-topic-f0cf3869_6385_4292_beac_12409543e672-9-be1caa55-1841-416d-8b3d-318c916600fe sending LeaveGroup request to coordinator localhost:32770 (id: 2147483647 rack: null) due to the consumer is being closed
2025-07-31 02:22:02,221 INFO  [org.apa.kaf.cli.con.int.ConsumerCoordinator] (Thread-183) [Consumer clientId=consumer-Consumer-topic-f0cf3869_6385_4292_beac_12409543e672-9, groupId=Consumer-topic-f0cf3869_6385_4292_beac_12409543e672] Resetting generation and member id due to: consumer pro-actively leaving the group
2025-07-31 02:22:02,221 INFO  [org.apa.kaf.cli.con.int.ConsumerCoordinator] (Thread-183) [Consumer clientId=consumer-Consumer-topic-f0cf3869_6385_4292_beac_12409543e672-9, groupId=Consumer-topic-f0cf3869_6385_4292_beac_12409543e672] Request joining group due to: consumer pro-actively leaving the group
2025-07-31 02:22:02,719 INFO  [org.apa.kaf.com.met.Metrics] (Thread-183) Metrics scheduler closed
2025-07-31 02:22:02,719 INFO  [org.apa.kaf.com.met.Metrics] (Thread-183) Closing reporter org.apache.kafka.common.metrics.JmxReporter
2025-07-31 02:22:02,719 INFO  [org.apa.kaf.com.met.Metrics] (Thread-183) Closing reporter org.apache.kafka.common.telemetry.internals.ClientTelemetryReporter
2025-07-31 02:22:02,719 INFO  [org.apa.kaf.com.met.Metrics] (Thread-183) Metrics reporters closed
2025-07-31 02:22:02,722 INFO  [org.apa.kaf.com.uti.AppInfoParser] (Thread-183) App info kafka.consumer for consumer-Consumer-topic-f0cf3869_6385_4292_beac_12409543e672-9 unregistered
2025-07-31 02:22:02,722 INFO  [io.api.tes.ser.api.AvroSerdeIT] (main) Registering Avro Schema 2: {"type":"record","name":"s280458fax4f6fx4e2bx8911x805ca8b67942","namespace":"ns_880dd38b_08e9_49de_941f_308ef411231c","fields":[{"name":"key11753928520994","type":"string"},{"name":"key21753928522722","type":"string"}]}
2025-07-31 02:22:02,750 INFO  [io.api.tes.uti.TestSeparator] (main) io.apicurio.tests.serdes.apicurio.AvroSerdeIT.testEvolveAvroApicurio-FINISHED
2025-07-31 02:22:02,751 INFO  [io.api.tes.uti.TestSeparator] (main) ############################################################################
]]></system-out>
  </testcase>
  <testcase name="testTopicRecordIdStrategydFindLatest" classname="io.apicurio.tests.serdes.apicurio.AvroSerdeIT" time="1.714">
    <system-out><![CDATA[2025-07-31 02:22:02,753 INFO  [io.api.tes.uti.TestSeparator] (main) ############################################################################
2025-07-31 02:22:02,753 INFO  [io.api.tes.uti.TestSeparator] (main) io.apicurio.tests.serdes.apicurio.AvroSerdeIT.testTopicRecordIdStrategydFindLatest-STARTED
2025-07-31 02:22:02,757 INFO  [io.api.tes.ser.api.AvroSerdeIT] (main) Registering Avro Schema: {"type":"record","name":"sc31fc61fxa3bfx4df3xbecax04fc7711be91","namespace":"s1b6112d4x03e4x4a5ax8510x9e805aff60ab","fields":[{"name":"key11753928522753","type":"string"}]}
2025-07-31 02:22:03,816 INFO  [org.apa.kaf.cli.pro.ProducerConfig] (main) ProducerConfig values: 
	acks = -1
	auto.include.jmx.reporter = true
	batch.size = 16384
	bootstrap.servers = [PLAINTEXT://localhost:32770]
	buffer.memory = 33554432
	client.dns.lookup = use_all_dns_ips
	client.id = Producer-topic-c2c564cf_dcd0_4b43_b170_03a46cd2287d
	compression.gzip.level = -1
	compression.lz4.level = 9
	compression.type = none
	compression.zstd.level = 3
	connections.max.idle.ms = 10000
	delivery.timeout.ms = 120000
	enable.idempotence = true
	enable.metrics.push = true
	interceptor.classes = []
	key.serializer = class org.apache.kafka.common.serialization.StringSerializer
	linger.ms = 0
	max.block.ms = 60000
	max.in.flight.requests.per.connection = 5
	max.request.size = 1048576
	metadata.max.age.ms = 300000
	metadata.max.idle.ms = 300000
	metadata.recovery.strategy = none
	metric.reporters = []
	metrics.num.samples = 2
	metrics.recording.level = INFO
	metrics.sample.window.ms = 30000
	partitioner.adaptive.partitioning.enable = true
	partitioner.availability.timeout.ms = 0
	partitioner.class = null
	partitioner.ignore.keys = false
	receive.buffer.bytes = 32768
	reconnect.backoff.max.ms = 1000
	reconnect.backoff.ms = 50
	request.timeout.ms = 5000
	retries = 2147483647
	retry.backoff.max.ms = 1000
	retry.backoff.ms = 100
	sasl.client.callback.handler.class = null
	sasl.jaas.config = null
	sasl.kerberos.kinit.cmd = /usr/bin/kinit
	sasl.kerberos.min.time.before.relogin = 60000
	sasl.kerberos.service.name = null
	sasl.kerberos.ticket.renew.jitter = 0.05
	sasl.kerberos.ticket.renew.window.factor = 0.8
	sasl.login.callback.handler.class = null
	sasl.login.class = null
	sasl.login.connect.timeout.ms = null
	sasl.login.read.timeout.ms = null
	sasl.login.refresh.buffer.seconds = 300
	sasl.login.refresh.min.period.seconds = 60
	sasl.login.refresh.window.factor = 0.8
	sasl.login.refresh.window.jitter = 0.05
	sasl.login.retry.backoff.max.ms = 10000
	sasl.login.retry.backoff.ms = 100
	sasl.mechanism = GSSAPI
	sasl.oauthbearer.clock.skew.seconds = 30
	sasl.oauthbearer.expected.audience = null
	sasl.oauthbearer.expected.issuer = null
	sasl.oauthbearer.header.urlencode = false
	sasl.oauthbearer.jwks.endpoint.refresh.ms = 3600000
	sasl.oauthbearer.jwks.endpoint.retry.backoff.max.ms = 10000
	sasl.oauthbearer.jwks.endpoint.retry.backoff.ms = 100
	sasl.oauthbearer.jwks.endpoint.url = null
	sasl.oauthbearer.scope.claim.name = scope
	sasl.oauthbearer.sub.claim.name = sub
	sasl.oauthbearer.token.endpoint.url = null
	security.protocol = PLAINTEXT
	security.providers = null
	send.buffer.bytes = 131072
	socket.connection.setup.timeout.max.ms = 30000
	socket.connection.setup.timeout.ms = 10000
	ssl.cipher.suites = null
	ssl.enabled.protocols = [TLSv1.2, TLSv1.3]
	ssl.endpoint.identification.algorithm = https
	ssl.engine.factory.class = null
	ssl.key.password = null
	ssl.keymanager.algorithm = SunX509
	ssl.keystore.certificate.chain = null
	ssl.keystore.key = null
	ssl.keystore.location = null
	ssl.keystore.password = null
	ssl.keystore.type = JKS
	ssl.protocol = TLSv1.3
	ssl.provider = null
	ssl.secure.random.implementation = null
	ssl.trustmanager.algorithm = PKIX
	ssl.truststore.certificates = null
	ssl.truststore.location = null
	ssl.truststore.password = null
	ssl.truststore.type = JKS
	transaction.timeout.ms = 60000
	transactional.id = null
	value.serializer = class io.apicurio.registry.serde.avro.AvroKafkaSerializer

2025-07-31 02:22:03,816 INFO  [org.apa.kaf.com.tel.int.KafkaMetricsCollector] (main) initializing Kafka metrics collector
2025-07-31 02:22:03,819 INFO  [org.apa.kaf.cli.pro.KafkaProducer] (main) [Producer clientId=Producer-topic-c2c564cf_dcd0_4b43_b170_03a46cd2287d] Instantiated an idempotent producer.
2025-07-31 02:22:03,821 INFO  [org.apa.kaf.cli.pro.ProducerConfig] (main) These configurations '[apicurio.registry.find-latest, apicurio.registry.url, apicurio.registry.artifact-resolver-strategy]' were supplied but are not used yet.
2025-07-31 02:22:03,821 INFO  [org.apa.kaf.com.uti.AppInfoParser] (main) Kafka version: 3.9.0
2025-07-31 02:22:03,821 INFO  [org.apa.kaf.com.uti.AppInfoParser] (main) Kafka commitId: 84caaa6e9da06435
2025-07-31 02:22:03,821 INFO  [org.apa.kaf.com.uti.AppInfoParser] (main) Kafka startTimeMs: 1753928523821
2025-07-31 02:22:03,821 INFO  [io.api.tes.ser.api.SimpleSerdesTesterBuilder$SimpleSerdesTester] (main) Using producer configuration: {apicurio.registry.find-latest=true, apicurio.registry.url=http://registry-app-postgresql.apps.ci419.apicurio-testing.org:80/apis/registry/v3, apicurio.registry.artifact-resolver-strategy=io.apicurio.registry.serde.avro.strategy.TopicRecordIdStrategy, value.serializer=io.apicurio.registry.serde.avro.AvroKafkaSerializer, request.timeout.ms=5000, acks=all, bootstrap.servers=PLAINTEXT://localhost:32770, connections.max.idle.ms=10000, key.serializer=org.apache.kafka.common.serialization.StringSerializer, client.id=Producer-topic-c2c564cf_dcd0_4b43_b170_03a46cd2287d}
2025-07-31 02:22:03,821 INFO  [io.api.tes.ser.api.SimpleSerdesTesterBuilder$SimpleSerdesTester] (main) Using consumer configuration: {}
2025-07-31 02:22:03,821 INFO  [io.api.tes.ser.api.KafkaSerdesTester] (Thread-186) Sending message {"key11753928522753": "value-0"} to topic topic-c2c564cf_dcd0_4b43_b170_03a46cd2287d
2025-07-31 02:22:03,825 INFO  [org.apa.kaf.cli.Metadata] (kafka-producer-network-thread | Producer-topic-c2c564cf_dcd0_4b43_b170_03a46cd2287d) [Producer clientId=Producer-topic-c2c564cf_dcd0_4b43_b170_03a46cd2287d] Cluster ID: d3IyjYRDQrmXThhQeh46ug
2025-07-31 02:22:03,825 INFO  [org.apa.kaf.cli.pro.int.TransactionManager] (kafka-producer-network-thread | Producer-topic-c2c564cf_dcd0_4b43_b170_03a46cd2287d) [Producer clientId=Producer-topic-c2c564cf_dcd0_4b43_b170_03a46cd2287d] ProducerId set to 13 with epoch 0
2025-07-31 02:22:03,870 INFO  [io.api.tes.ser.api.KafkaSerdesTester] (Thread-186) Sending message {"key11753928522753": "value-1"} to topic topic-c2c564cf_dcd0_4b43_b170_03a46cd2287d
2025-07-31 02:22:03,871 INFO  [io.api.tes.ser.api.KafkaSerdesTester] (Thread-186) Sending message {"key11753928522753": "value-2"} to topic topic-c2c564cf_dcd0_4b43_b170_03a46cd2287d
2025-07-31 02:22:03,873 INFO  [io.api.tes.ser.api.KafkaSerdesTester] (Thread-186) Sending message {"key11753928522753": "value-3"} to topic topic-c2c564cf_dcd0_4b43_b170_03a46cd2287d
2025-07-31 02:22:03,874 INFO  [io.api.tes.ser.api.KafkaSerdesTester] (Thread-186) Sending message {"key11753928522753": "value-4"} to topic topic-c2c564cf_dcd0_4b43_b170_03a46cd2287d
2025-07-31 02:22:03,877 INFO  [io.api.tes.ser.api.KafkaSerdesTester] (Thread-186) Sending message {"key11753928522753": "value-5"} to topic topic-c2c564cf_dcd0_4b43_b170_03a46cd2287d
2025-07-31 02:22:03,879 INFO  [io.api.tes.ser.api.KafkaSerdesTester] (Thread-186) Sending message {"key11753928522753": "value-6"} to topic topic-c2c564cf_dcd0_4b43_b170_03a46cd2287d
2025-07-31 02:22:03,880 INFO  [io.api.tes.ser.api.KafkaSerdesTester] (Thread-186) Sending message {"key11753928522753": "value-7"} to topic topic-c2c564cf_dcd0_4b43_b170_03a46cd2287d
2025-07-31 02:22:03,881 INFO  [io.api.tes.ser.api.KafkaSerdesTester] (Thread-186) Sending message {"key11753928522753": "value-8"} to topic topic-c2c564cf_dcd0_4b43_b170_03a46cd2287d
2025-07-31 02:22:03,883 INFO  [io.api.tes.ser.api.KafkaSerdesTester] (Thread-186) Sending message {"key11753928522753": "value-9"} to topic topic-c2c564cf_dcd0_4b43_b170_03a46cd2287d
2025-07-31 02:22:03,887 INFO  [io.api.tes.ser.api.KafkaSerdesTester] (Thread-186) Produced 10 messages
2025-07-31 02:22:03,887 INFO  [org.apa.kaf.cli.pro.KafkaProducer] (Thread-186) [Producer clientId=Producer-topic-c2c564cf_dcd0_4b43_b170_03a46cd2287d] Closing the Kafka producer with timeoutMillis = 9223372036854775807 ms.
2025-07-31 02:22:03,889 INFO  [org.apa.kaf.com.met.Metrics] (Thread-186) Metrics scheduler closed
2025-07-31 02:22:03,889 INFO  [org.apa.kaf.com.met.Metrics] (Thread-186) Closing reporter org.apache.kafka.common.metrics.JmxReporter
2025-07-31 02:22:03,889 INFO  [org.apa.kaf.com.met.Metrics] (Thread-186) Closing reporter org.apache.kafka.common.telemetry.internals.ClientTelemetryReporter
2025-07-31 02:22:03,889 INFO  [org.apa.kaf.com.met.Metrics] (Thread-186) Metrics reporters closed
2025-07-31 02:22:03,890 INFO  [org.apa.kaf.com.uti.AppInfoParser] (Thread-186) App info kafka.producer for Producer-topic-c2c564cf_dcd0_4b43_b170_03a46cd2287d unregistered
2025-07-31 02:22:03,891 INFO  [org.apa.kaf.cli.con.ConsumerConfig] (main) ConsumerConfig values: 
	allow.auto.create.topics = true
	auto.commit.interval.ms = 500
	auto.include.jmx.reporter = true
	auto.offset.reset = earliest
	bootstrap.servers = [PLAINTEXT://localhost:32770]
	check.crcs = true
	client.dns.lookup = use_all_dns_ips
	client.id = consumer-Consumer-topic-c2c564cf_dcd0_4b43_b170_03a46cd2287d-10
	client.rack = 
	connections.max.idle.ms = 10000
	default.api.timeout.ms = 60000
	enable.auto.commit = true
	enable.metrics.push = true
	exclude.internal.topics = true
	fetch.max.bytes = 52428800
	fetch.max.wait.ms = 500
	fetch.min.bytes = 1
	group.id = Consumer-topic-c2c564cf_dcd0_4b43_b170_03a46cd2287d
	group.instance.id = null
	group.protocol = classic
	group.remote.assignor = null
	heartbeat.interval.ms = 3000
	interceptor.classes = []
	internal.leave.group.on.close = true
	internal.throw.on.fetch.stable.offset.unsupported = false
	isolation.level = read_uncommitted
	key.deserializer = class org.apache.kafka.common.serialization.StringDeserializer
	max.partition.fetch.bytes = 1048576
	max.poll.interval.ms = 300000
	max.poll.records = 500
	metadata.max.age.ms = 300000
	metadata.recovery.strategy = none
	metric.reporters = []
	metrics.num.samples = 2
	metrics.recording.level = INFO
	metrics.sample.window.ms = 30000
	partition.assignment.strategy = [class org.apache.kafka.clients.consumer.RangeAssignor, class org.apache.kafka.clients.consumer.CooperativeStickyAssignor]
	receive.buffer.bytes = 65536
	reconnect.backoff.max.ms = 1000
	reconnect.backoff.ms = 50
	request.timeout.ms = 5000
	retry.backoff.max.ms = 1000
	retry.backoff.ms = 100
	sasl.client.callback.handler.class = null
	sasl.jaas.config = null
	sasl.kerberos.kinit.cmd = /usr/bin/kinit
	sasl.kerberos.min.time.before.relogin = 60000
	sasl.kerberos.service.name = null
	sasl.kerberos.ticket.renew.jitter = 0.05
	sasl.kerberos.ticket.renew.window.factor = 0.8
	sasl.login.callback.handler.class = null
	sasl.login.class = null
	sasl.login.connect.timeout.ms = null
	sasl.login.read.timeout.ms = null
	sasl.login.refresh.buffer.seconds = 300
	sasl.login.refresh.min.period.seconds = 60
	sasl.login.refresh.window.factor = 0.8
	sasl.login.refresh.window.jitter = 0.05
	sasl.login.retry.backoff.max.ms = 10000
	sasl.login.retry.backoff.ms = 100
	sasl.mechanism = GSSAPI
	sasl.oauthbearer.clock.skew.seconds = 30
	sasl.oauthbearer.expected.audience = null
	sasl.oauthbearer.expected.issuer = null
	sasl.oauthbearer.header.urlencode = false
	sasl.oauthbearer.jwks.endpoint.refresh.ms = 3600000
	sasl.oauthbearer.jwks.endpoint.retry.backoff.max.ms = 10000
	sasl.oauthbearer.jwks.endpoint.retry.backoff.ms = 100
	sasl.oauthbearer.jwks.endpoint.url = null
	sasl.oauthbearer.scope.claim.name = scope
	sasl.oauthbearer.sub.claim.name = sub
	sasl.oauthbearer.token.endpoint.url = null
	security.protocol = PLAINTEXT
	security.providers = null
	send.buffer.bytes = 131072
	session.timeout.ms = 45000
	socket.connection.setup.timeout.max.ms = 30000
	socket.connection.setup.timeout.ms = 10000
	ssl.cipher.suites = null
	ssl.enabled.protocols = [TLSv1.2, TLSv1.3]
	ssl.endpoint.identification.algorithm = https
	ssl.engine.factory.class = null
	ssl.key.password = null
	ssl.keymanager.algorithm = SunX509
	ssl.keystore.certificate.chain = null
	ssl.keystore.key = null
	ssl.keystore.location = null
	ssl.keystore.password = null
	ssl.keystore.type = JKS
	ssl.protocol = TLSv1.3
	ssl.provider = null
	ssl.secure.random.implementation = null
	ssl.trustmanager.algorithm = PKIX
	ssl.truststore.certificates = null
	ssl.truststore.location = null
	ssl.truststore.password = null
	ssl.truststore.type = JKS
	value.deserializer = class io.apicurio.registry.serde.avro.AvroKafkaDeserializer

2025-07-31 02:22:03,891 INFO  [org.apa.kaf.com.tel.int.KafkaMetricsCollector] (main) initializing Kafka metrics collector
2025-07-31 02:22:03,901 INFO  [org.apa.kaf.cli.con.ConsumerConfig] (main) These configurations '[apicurio.registry.url]' were supplied but are not used yet.
2025-07-31 02:22:03,901 INFO  [org.apa.kaf.com.uti.AppInfoParser] (main) Kafka version: 3.9.0
2025-07-31 02:22:03,901 INFO  [org.apa.kaf.com.uti.AppInfoParser] (main) Kafka commitId: 84caaa6e9da06435
2025-07-31 02:22:03,901 INFO  [org.apa.kaf.com.uti.AppInfoParser] (main) Kafka startTimeMs: 1753928523901
2025-07-31 02:22:03,901 INFO  [org.apa.kaf.cli.con.int.ClassicKafkaConsumer] (Thread-189) [Consumer clientId=consumer-Consumer-topic-c2c564cf_dcd0_4b43_b170_03a46cd2287d-10, groupId=Consumer-topic-c2c564cf_dcd0_4b43_b170_03a46cd2287d] Subscribed to topic(s): topic-c2c564cf_dcd0_4b43_b170_03a46cd2287d
2025-07-31 02:22:03,907 INFO  [org.apa.kaf.cli.Metadata] (Thread-189) [Consumer clientId=consumer-Consumer-topic-c2c564cf_dcd0_4b43_b170_03a46cd2287d-10, groupId=Consumer-topic-c2c564cf_dcd0_4b43_b170_03a46cd2287d] Cluster ID: d3IyjYRDQrmXThhQeh46ug
2025-07-31 02:22:03,908 INFO  [org.apa.kaf.cli.con.int.ConsumerCoordinator] (Thread-189) [Consumer clientId=consumer-Consumer-topic-c2c564cf_dcd0_4b43_b170_03a46cd2287d-10, groupId=Consumer-topic-c2c564cf_dcd0_4b43_b170_03a46cd2287d] Discovered group coordinator localhost:32770 (id: 2147483647 rack: null)
2025-07-31 02:22:03,910 INFO  [org.apa.kaf.cli.con.int.ConsumerCoordinator] (Thread-189) [Consumer clientId=consumer-Consumer-topic-c2c564cf_dcd0_4b43_b170_03a46cd2287d-10, groupId=Consumer-topic-c2c564cf_dcd0_4b43_b170_03a46cd2287d] (Re-)joining group
2025-07-31 02:22:03,917 INFO  [org.apa.kaf.cli.con.int.ConsumerCoordinator] (Thread-189) [Consumer clientId=consumer-Consumer-topic-c2c564cf_dcd0_4b43_b170_03a46cd2287d-10, groupId=Consumer-topic-c2c564cf_dcd0_4b43_b170_03a46cd2287d] Request joining group due to: need to re-join with the given member-id: consumer-Consumer-topic-c2c564cf_dcd0_4b43_b170_03a46cd2287d-10-23070765-6a52-4cb6-a3a5-ec5c7b10310b
2025-07-31 02:22:03,917 INFO  [org.apa.kaf.cli.con.int.ConsumerCoordinator] (Thread-189) [Consumer clientId=consumer-Consumer-topic-c2c564cf_dcd0_4b43_b170_03a46cd2287d-10, groupId=Consumer-topic-c2c564cf_dcd0_4b43_b170_03a46cd2287d] (Re-)joining group
2025-07-31 02:22:03,920 INFO  [org.apa.kaf.cli.con.int.ConsumerCoordinator] (Thread-189) [Consumer clientId=consumer-Consumer-topic-c2c564cf_dcd0_4b43_b170_03a46cd2287d-10, groupId=Consumer-topic-c2c564cf_dcd0_4b43_b170_03a46cd2287d] Successfully joined group with generation Generation{generationId=1, memberId='consumer-Consumer-topic-c2c564cf_dcd0_4b43_b170_03a46cd2287d-10-23070765-6a52-4cb6-a3a5-ec5c7b10310b', protocol='range'}
2025-07-31 02:22:03,921 INFO  [org.apa.kaf.cli.con.int.ConsumerCoordinator] (Thread-189) [Consumer clientId=consumer-Consumer-topic-c2c564cf_dcd0_4b43_b170_03a46cd2287d-10, groupId=Consumer-topic-c2c564cf_dcd0_4b43_b170_03a46cd2287d] Finished assignment for group at generation 1: {consumer-Consumer-topic-c2c564cf_dcd0_4b43_b170_03a46cd2287d-10-23070765-6a52-4cb6-a3a5-ec5c7b10310b=Assignment(partitions=[topic-c2c564cf_dcd0_4b43_b170_03a46cd2287d-0])}
2025-07-31 02:22:03,923 INFO  [org.apa.kaf.cli.con.int.ConsumerCoordinator] (Thread-189) [Consumer clientId=consumer-Consumer-topic-c2c564cf_dcd0_4b43_b170_03a46cd2287d-10, groupId=Consumer-topic-c2c564cf_dcd0_4b43_b170_03a46cd2287d] Successfully synced group in generation Generation{generationId=1, memberId='consumer-Consumer-topic-c2c564cf_dcd0_4b43_b170_03a46cd2287d-10-23070765-6a52-4cb6-a3a5-ec5c7b10310b', protocol='range'}
2025-07-31 02:22:03,923 INFO  [org.apa.kaf.cli.con.int.ConsumerCoordinator] (Thread-189) [Consumer clientId=consumer-Consumer-topic-c2c564cf_dcd0_4b43_b170_03a46cd2287d-10, groupId=Consumer-topic-c2c564cf_dcd0_4b43_b170_03a46cd2287d] Notifying assignor about the new Assignment(partitions=[topic-c2c564cf_dcd0_4b43_b170_03a46cd2287d-0])
2025-07-31 02:22:03,923 INFO  [org.apa.kaf.cli.con.int.ConsumerRebalanceListenerInvoker] (Thread-189) [Consumer clientId=consumer-Consumer-topic-c2c564cf_dcd0_4b43_b170_03a46cd2287d-10, groupId=Consumer-topic-c2c564cf_dcd0_4b43_b170_03a46cd2287d] Adding newly assigned partitions: topic-c2c564cf_dcd0_4b43_b170_03a46cd2287d-0
2025-07-31 02:22:03,925 INFO  [org.apa.kaf.cli.con.int.ConsumerCoordinator] (Thread-189) [Consumer clientId=consumer-Consumer-topic-c2c564cf_dcd0_4b43_b170_03a46cd2287d-10, groupId=Consumer-topic-c2c564cf_dcd0_4b43_b170_03a46cd2287d] Found no committed offset for partition topic-c2c564cf_dcd0_4b43_b170_03a46cd2287d-0
2025-07-31 02:22:03,929 INFO  [org.apa.kaf.cli.con.int.SubscriptionState] (Thread-189) [Consumer clientId=consumer-Consumer-topic-c2c564cf_dcd0_4b43_b170_03a46cd2287d-10, groupId=Consumer-topic-c2c564cf_dcd0_4b43_b170_03a46cd2287d] Resetting offset for partition topic-c2c564cf_dcd0_4b43_b170_03a46cd2287d-0 to position FetchPosition{offset=0, offsetEpoch=Optional.empty, currentLeader=LeaderAndEpoch{leader=Optional[localhost:32770 (id: 0 rack: null)], epoch=0}}.
2025-07-31 02:22:03,959 INFO  [io.api.tes.ser.api.KafkaSerdesTester] (Thread-189) topic-c2c564cf_dcd0_4b43_b170_03a46cd2287d 0 0 {"key11753928522753": "value-0"}
2025-07-31 02:22:03,960 INFO  [io.api.tes.ser.api.KafkaSerdesTester] (Thread-189) topic-c2c564cf_dcd0_4b43_b170_03a46cd2287d 0 1 {"key11753928522753": "value-1"}
2025-07-31 02:22:03,960 INFO  [io.api.tes.ser.api.KafkaSerdesTester] (Thread-189) topic-c2c564cf_dcd0_4b43_b170_03a46cd2287d 0 2 {"key11753928522753": "value-2"}
2025-07-31 02:22:03,960 INFO  [io.api.tes.ser.api.KafkaSerdesTester] (Thread-189) topic-c2c564cf_dcd0_4b43_b170_03a46cd2287d 0 3 {"key11753928522753": "value-3"}
2025-07-31 02:22:03,960 INFO  [io.api.tes.ser.api.KafkaSerdesTester] (Thread-189) topic-c2c564cf_dcd0_4b43_b170_03a46cd2287d 0 4 {"key11753928522753": "value-4"}
2025-07-31 02:22:03,960 INFO  [io.api.tes.ser.api.KafkaSerdesTester] (Thread-189) topic-c2c564cf_dcd0_4b43_b170_03a46cd2287d 0 5 {"key11753928522753": "value-5"}
2025-07-31 02:22:03,960 INFO  [io.api.tes.ser.api.KafkaSerdesTester] (Thread-189) topic-c2c564cf_dcd0_4b43_b170_03a46cd2287d 0 6 {"key11753928522753": "value-6"}
2025-07-31 02:22:03,960 INFO  [io.api.tes.ser.api.KafkaSerdesTester] (Thread-189) topic-c2c564cf_dcd0_4b43_b170_03a46cd2287d 0 7 {"key11753928522753": "value-7"}
2025-07-31 02:22:03,960 INFO  [io.api.tes.ser.api.KafkaSerdesTester] (Thread-189) topic-c2c564cf_dcd0_4b43_b170_03a46cd2287d 0 8 {"key11753928522753": "value-8"}
2025-07-31 02:22:03,960 INFO  [io.api.tes.ser.api.KafkaSerdesTester] (Thread-189) topic-c2c564cf_dcd0_4b43_b170_03a46cd2287d 0 9 {"key11753928522753": "value-9"}
2025-07-31 02:22:03,960 INFO  [io.api.tes.ser.api.KafkaSerdesTester] (Thread-189) Consumed 10 messages
2025-07-31 02:22:03,962 INFO  [org.apa.kaf.cli.con.int.ConsumerRebalanceListenerInvoker] (Thread-189) [Consumer clientId=consumer-Consumer-topic-c2c564cf_dcd0_4b43_b170_03a46cd2287d-10, groupId=Consumer-topic-c2c564cf_dcd0_4b43_b170_03a46cd2287d] Revoke previously assigned partitions topic-c2c564cf_dcd0_4b43_b170_03a46cd2287d-0
2025-07-31 02:22:03,963 INFO  [org.apa.kaf.cli.con.int.ConsumerCoordinator] (Thread-189) [Consumer clientId=consumer-Consumer-topic-c2c564cf_dcd0_4b43_b170_03a46cd2287d-10, groupId=Consumer-topic-c2c564cf_dcd0_4b43_b170_03a46cd2287d] Member consumer-Consumer-topic-c2c564cf_dcd0_4b43_b170_03a46cd2287d-10-23070765-6a52-4cb6-a3a5-ec5c7b10310b sending LeaveGroup request to coordinator localhost:32770 (id: 2147483647 rack: null) due to the consumer is being closed
2025-07-31 02:22:03,964 INFO  [org.apa.kaf.cli.con.int.ConsumerCoordinator] (Thread-189) [Consumer clientId=consumer-Consumer-topic-c2c564cf_dcd0_4b43_b170_03a46cd2287d-10, groupId=Consumer-topic-c2c564cf_dcd0_4b43_b170_03a46cd2287d] Resetting generation and member id due to: consumer pro-actively leaving the group
2025-07-31 02:22:03,964 INFO  [org.apa.kaf.cli.con.int.ConsumerCoordinator] (Thread-189) [Consumer clientId=consumer-Consumer-topic-c2c564cf_dcd0_4b43_b170_03a46cd2287d-10, groupId=Consumer-topic-c2c564cf_dcd0_4b43_b170_03a46cd2287d] Request joining group due to: consumer pro-actively leaving the group
2025-07-31 02:22:04,463 INFO  [org.apa.kaf.com.met.Metrics] (Thread-189) Metrics scheduler closed
2025-07-31 02:22:04,463 INFO  [org.apa.kaf.com.met.Metrics] (Thread-189) Closing reporter org.apache.kafka.common.metrics.JmxReporter
2025-07-31 02:22:04,463 INFO  [org.apa.kaf.com.met.Metrics] (Thread-189) Closing reporter org.apache.kafka.common.telemetry.internals.ClientTelemetryReporter
2025-07-31 02:22:04,463 INFO  [org.apa.kaf.com.met.Metrics] (Thread-189) Metrics reporters closed
2025-07-31 02:22:04,465 INFO  [org.apa.kaf.com.uti.AppInfoParser] (Thread-189) App info kafka.consumer for consumer-Consumer-topic-c2c564cf_dcd0_4b43_b170_03a46cd2287d-10 unregistered
2025-07-31 02:22:04,466 INFO  [io.api.tes.uti.TestSeparator] (main) io.apicurio.tests.serdes.apicurio.AvroSerdeIT.testTopicRecordIdStrategydFindLatest-FINISHED
2025-07-31 02:22:04,466 INFO  [io.api.tes.uti.TestSeparator] (main) ############################################################################
]]></system-out>
  </testcase>
  <testcase name="testAvroConfluentForMultipleTopics" classname="io.apicurio.tests.serdes.apicurio.AvroSerdeIT" time="3.015">
    <system-out><![CDATA[2025-07-31 02:22:04,469 INFO  [io.api.tes.uti.TestSeparator] (main) ############################################################################
2025-07-31 02:22:04,469 INFO  [io.api.tes.uti.TestSeparator] (main) io.apicurio.tests.serdes.apicurio.AvroSerdeIT.testAvroConfluentForMultipleTopics-STARTED
2025-07-31 02:22:04,470 INFO  [io.api.tes.ser.api.AvroSerdeIT] (main) Registering Avro Schema: {"type":"record","name":"myrecordconfluent","fields":[{"name":"key11753928524469","type":"string"}]}
2025-07-31 02:22:05,531 INFO  [org.apa.kaf.cli.pro.ProducerConfig] (main) ProducerConfig values: 
	acks = -1
	auto.include.jmx.reporter = true
	batch.size = 16384
	bootstrap.servers = [PLAINTEXT://localhost:32770]
	buffer.memory = 33554432
	client.dns.lookup = use_all_dns_ips
	client.id = Producer-topic-4efd61ea_7c2c_48e9_8926_8e6f7681be45
	compression.gzip.level = -1
	compression.lz4.level = 9
	compression.type = none
	compression.zstd.level = 3
	connections.max.idle.ms = 10000
	delivery.timeout.ms = 120000
	enable.idempotence = true
	enable.metrics.push = true
	interceptor.classes = []
	key.serializer = class org.apache.kafka.common.serialization.StringSerializer
	linger.ms = 0
	max.block.ms = 60000
	max.in.flight.requests.per.connection = 5
	max.request.size = 1048576
	metadata.max.age.ms = 300000
	metadata.max.idle.ms = 300000
	metadata.recovery.strategy = none
	metric.reporters = []
	metrics.num.samples = 2
	metrics.recording.level = INFO
	metrics.sample.window.ms = 30000
	partitioner.adaptive.partitioning.enable = true
	partitioner.availability.timeout.ms = 0
	partitioner.class = null
	partitioner.ignore.keys = false
	receive.buffer.bytes = 32768
	reconnect.backoff.max.ms = 1000
	reconnect.backoff.ms = 50
	request.timeout.ms = 5000
	retries = 2147483647
	retry.backoff.max.ms = 1000
	retry.backoff.ms = 100
	sasl.client.callback.handler.class = null
	sasl.jaas.config = null
	sasl.kerberos.kinit.cmd = /usr/bin/kinit
	sasl.kerberos.min.time.before.relogin = 60000
	sasl.kerberos.service.name = null
	sasl.kerberos.ticket.renew.jitter = 0.05
	sasl.kerberos.ticket.renew.window.factor = 0.8
	sasl.login.callback.handler.class = null
	sasl.login.class = null
	sasl.login.connect.timeout.ms = null
	sasl.login.read.timeout.ms = null
	sasl.login.refresh.buffer.seconds = 300
	sasl.login.refresh.min.period.seconds = 60
	sasl.login.refresh.window.factor = 0.8
	sasl.login.refresh.window.jitter = 0.05
	sasl.login.retry.backoff.max.ms = 10000
	sasl.login.retry.backoff.ms = 100
	sasl.mechanism = GSSAPI
	sasl.oauthbearer.clock.skew.seconds = 30
	sasl.oauthbearer.expected.audience = null
	sasl.oauthbearer.expected.issuer = null
	sasl.oauthbearer.header.urlencode = false
	sasl.oauthbearer.jwks.endpoint.refresh.ms = 3600000
	sasl.oauthbearer.jwks.endpoint.retry.backoff.max.ms = 10000
	sasl.oauthbearer.jwks.endpoint.retry.backoff.ms = 100
	sasl.oauthbearer.jwks.endpoint.url = null
	sasl.oauthbearer.scope.claim.name = scope
	sasl.oauthbearer.sub.claim.name = sub
	sasl.oauthbearer.token.endpoint.url = null
	security.protocol = PLAINTEXT
	security.providers = null
	send.buffer.bytes = 131072
	socket.connection.setup.timeout.max.ms = 30000
	socket.connection.setup.timeout.ms = 10000
	ssl.cipher.suites = null
	ssl.enabled.protocols = [TLSv1.2, TLSv1.3]
	ssl.endpoint.identification.algorithm = https
	ssl.engine.factory.class = null
	ssl.key.password = null
	ssl.keymanager.algorithm = SunX509
	ssl.keystore.certificate.chain = null
	ssl.keystore.key = null
	ssl.keystore.location = null
	ssl.keystore.password = null
	ssl.keystore.type = JKS
	ssl.protocol = TLSv1.3
	ssl.provider = null
	ssl.secure.random.implementation = null
	ssl.trustmanager.algorithm = PKIX
	ssl.truststore.certificates = null
	ssl.truststore.location = null
	ssl.truststore.password = null
	ssl.truststore.type = JKS
	transaction.timeout.ms = 60000
	transactional.id = null
	value.serializer = class io.apicurio.registry.serde.avro.AvroKafkaSerializer

2025-07-31 02:22:05,531 INFO  [org.apa.kaf.com.tel.int.KafkaMetricsCollector] (main) initializing Kafka metrics collector
2025-07-31 02:22:05,534 INFO  [org.apa.kaf.cli.pro.KafkaProducer] (main) [Producer clientId=Producer-topic-4efd61ea_7c2c_48e9_8926_8e6f7681be45] Instantiated an idempotent producer.
2025-07-31 02:22:05,536 INFO  [org.apa.kaf.cli.pro.ProducerConfig] (main) These configurations '[apicurio.registry.url, apicurio.registry.artifact-resolver-strategy]' were supplied but are not used yet.
2025-07-31 02:22:05,536 INFO  [org.apa.kaf.com.uti.AppInfoParser] (main) Kafka version: 3.9.0
2025-07-31 02:22:05,536 INFO  [org.apa.kaf.com.uti.AppInfoParser] (main) Kafka commitId: 84caaa6e9da06435
2025-07-31 02:22:05,536 INFO  [org.apa.kaf.com.uti.AppInfoParser] (main) Kafka startTimeMs: 1753928525536
2025-07-31 02:22:05,536 INFO  [org.apa.kaf.cli.pro.ProducerConfig] (main) ProducerConfig values: 
	acks = -1
	auto.include.jmx.reporter = true
	batch.size = 16384
	bootstrap.servers = [PLAINTEXT://localhost:32770]
	buffer.memory = 33554432
	client.dns.lookup = use_all_dns_ips
	client.id = Producer-topic-01fc45e3_7a45_4749_8da6_c16ed4c65a64
	compression.gzip.level = -1
	compression.lz4.level = 9
	compression.type = none
	compression.zstd.level = 3
	connections.max.idle.ms = 10000
	delivery.timeout.ms = 120000
	enable.idempotence = true
	enable.metrics.push = true
	interceptor.classes = []
	key.serializer = class org.apache.kafka.common.serialization.StringSerializer
	linger.ms = 0
	max.block.ms = 60000
	max.in.flight.requests.per.connection = 5
	max.request.size = 1048576
	metadata.max.age.ms = 300000
	metadata.max.idle.ms = 300000
	metadata.recovery.strategy = none
	metric.reporters = []
	metrics.num.samples = 2
	metrics.recording.level = INFO
	metrics.sample.window.ms = 30000
	partitioner.adaptive.partitioning.enable = true
	partitioner.availability.timeout.ms = 0
	partitioner.class = null
	partitioner.ignore.keys = false
	receive.buffer.bytes = 32768
	reconnect.backoff.max.ms = 1000
	reconnect.backoff.ms = 50
	request.timeout.ms = 5000
	retries = 2147483647
	retry.backoff.max.ms = 1000
	retry.backoff.ms = 100
	sasl.client.callback.handler.class = null
	sasl.jaas.config = null
	sasl.kerberos.kinit.cmd = /usr/bin/kinit
	sasl.kerberos.min.time.before.relogin = 60000
	sasl.kerberos.service.name = null
	sasl.kerberos.ticket.renew.jitter = 0.05
	sasl.kerberos.ticket.renew.window.factor = 0.8
	sasl.login.callback.handler.class = null
	sasl.login.class = null
	sasl.login.connect.timeout.ms = null
	sasl.login.read.timeout.ms = null
	sasl.login.refresh.buffer.seconds = 300
	sasl.login.refresh.min.period.seconds = 60
	sasl.login.refresh.window.factor = 0.8
	sasl.login.refresh.window.jitter = 0.05
	sasl.login.retry.backoff.max.ms = 10000
	sasl.login.retry.backoff.ms = 100
	sasl.mechanism = GSSAPI
	sasl.oauthbearer.clock.skew.seconds = 30
	sasl.oauthbearer.expected.audience = null
	sasl.oauthbearer.expected.issuer = null
	sasl.oauthbearer.header.urlencode = false
	sasl.oauthbearer.jwks.endpoint.refresh.ms = 3600000
	sasl.oauthbearer.jwks.endpoint.retry.backoff.max.ms = 10000
	sasl.oauthbearer.jwks.endpoint.retry.backoff.ms = 100
	sasl.oauthbearer.jwks.endpoint.url = null
	sasl.oauthbearer.scope.claim.name = scope
	sasl.oauthbearer.sub.claim.name = sub
	sasl.oauthbearer.token.endpoint.url = null
	security.protocol = PLAINTEXT
	security.providers = null
	send.buffer.bytes = 131072
	socket.connection.setup.timeout.max.ms = 30000
	socket.connection.setup.timeout.ms = 10000
	ssl.cipher.suites = null
	ssl.enabled.protocols = [TLSv1.2, TLSv1.3]
	ssl.endpoint.identification.algorithm = https
	ssl.engine.factory.class = null
	ssl.key.password = null
	ssl.keymanager.algorithm = SunX509
	ssl.keystore.certificate.chain = null
	ssl.keystore.key = null
	ssl.keystore.location = null
	ssl.keystore.password = null
	ssl.keystore.type = JKS
	ssl.protocol = TLSv1.3
	ssl.provider = null
	ssl.secure.random.implementation = null
	ssl.trustmanager.algorithm = PKIX
	ssl.truststore.certificates = null
	ssl.truststore.location = null
	ssl.truststore.password = null
	ssl.truststore.type = JKS
	transaction.timeout.ms = 60000
	transactional.id = null
	value.serializer = class io.apicurio.registry.serde.avro.AvroKafkaSerializer

2025-07-31 02:22:05,537 INFO  [org.apa.kaf.com.tel.int.KafkaMetricsCollector] (main) initializing Kafka metrics collector
2025-07-31 02:22:05,541 INFO  [org.apa.kaf.cli.pro.KafkaProducer] (main) [Producer clientId=Producer-topic-01fc45e3_7a45_4749_8da6_c16ed4c65a64] Instantiated an idempotent producer.
2025-07-31 02:22:05,544 INFO  [org.apa.kaf.cli.Metadata] (kafka-producer-network-thread | Producer-topic-4efd61ea_7c2c_48e9_8926_8e6f7681be45) [Producer clientId=Producer-topic-4efd61ea_7c2c_48e9_8926_8e6f7681be45] Cluster ID: d3IyjYRDQrmXThhQeh46ug
2025-07-31 02:22:05,546 INFO  [org.apa.kaf.cli.pro.ProducerConfig] (main) These configurations '[apicurio.registry.url, apicurio.registry.artifact-resolver-strategy]' were supplied but are not used yet.
2025-07-31 02:22:05,547 INFO  [org.apa.kaf.com.uti.AppInfoParser] (main) Kafka version: 3.9.0
2025-07-31 02:22:05,547 INFO  [org.apa.kaf.com.uti.AppInfoParser] (main) Kafka commitId: 84caaa6e9da06435
2025-07-31 02:22:05,547 INFO  [org.apa.kaf.com.uti.AppInfoParser] (main) Kafka startTimeMs: 1753928525547
2025-07-31 02:22:05,548 INFO  [org.apa.kaf.cli.pro.ProducerConfig] (main) ProducerConfig values: 
	acks = -1
	auto.include.jmx.reporter = true
	batch.size = 16384
	bootstrap.servers = [PLAINTEXT://localhost:32770]
	buffer.memory = 33554432
	client.dns.lookup = use_all_dns_ips
	client.id = Producer-topic-3142967c_e64d_4dbc_93d4_d21affacbd1f
	compression.gzip.level = -1
	compression.lz4.level = 9
	compression.type = none
	compression.zstd.level = 3
	connections.max.idle.ms = 10000
	delivery.timeout.ms = 120000
	enable.idempotence = true
	enable.metrics.push = true
	interceptor.classes = []
	key.serializer = class org.apache.kafka.common.serialization.StringSerializer
	linger.ms = 0
	max.block.ms = 60000
	max.in.flight.requests.per.connection = 5
	max.request.size = 1048576
	metadata.max.age.ms = 300000
	metadata.max.idle.ms = 300000
	metadata.recovery.strategy = none
	metric.reporters = []
	metrics.num.samples = 2
	metrics.recording.level = INFO
	metrics.sample.window.ms = 30000
	partitioner.adaptive.partitioning.enable = true
	partitioner.availability.timeout.ms = 0
	partitioner.class = null
	partitioner.ignore.keys = false
	receive.buffer.bytes = 32768
	reconnect.backoff.max.ms = 1000
	reconnect.backoff.ms = 50
	request.timeout.ms = 5000
	retries = 2147483647
	retry.backoff.max.ms = 1000
	retry.backoff.ms = 100
	sasl.client.callback.handler.class = null
	sasl.jaas.config = null
	sasl.kerberos.kinit.cmd = /usr/bin/kinit
	sasl.kerberos.min.time.before.relogin = 60000
	sasl.kerberos.service.name = null
	sasl.kerberos.ticket.renew.jitter = 0.05
	sasl.kerberos.ticket.renew.window.factor = 0.8
	sasl.login.callback.handler.class = null
	sasl.login.class = null
	sasl.login.connect.timeout.ms = null
	sasl.login.read.timeout.ms = null
	sasl.login.refresh.buffer.seconds = 300
	sasl.login.refresh.min.period.seconds = 60
	sasl.login.refresh.window.factor = 0.8
	sasl.login.refresh.window.jitter = 0.05
	sasl.login.retry.backoff.max.ms = 10000
	sasl.login.retry.backoff.ms = 100
	sasl.mechanism = GSSAPI
	sasl.oauthbearer.clock.skew.seconds = 30
	sasl.oauthbearer.expected.audience = null
	sasl.oauthbearer.expected.issuer = null
	sasl.oauthbearer.header.urlencode = false
	sasl.oauthbearer.jwks.endpoint.refresh.ms = 3600000
	sasl.oauthbearer.jwks.endpoint.retry.backoff.max.ms = 10000
	sasl.oauthbearer.jwks.endpoint.retry.backoff.ms = 100
	sasl.oauthbearer.jwks.endpoint.url = null
	sasl.oauthbearer.scope.claim.name = scope
	sasl.oauthbearer.sub.claim.name = sub
	sasl.oauthbearer.token.endpoint.url = null
	security.protocol = PLAINTEXT
	security.providers = null
	send.buffer.bytes = 131072
	socket.connection.setup.timeout.max.ms = 30000
	socket.connection.setup.timeout.ms = 10000
	ssl.cipher.suites = null
	ssl.enabled.protocols = [TLSv1.2, TLSv1.3]
	ssl.endpoint.identification.algorithm = https
	ssl.engine.factory.class = null
	ssl.key.password = null
	ssl.keymanager.algorithm = SunX509
	ssl.keystore.certificate.chain = null
	ssl.keystore.key = null
	ssl.keystore.location = null
	ssl.keystore.password = null
	ssl.keystore.type = JKS
	ssl.protocol = TLSv1.3
	ssl.provider = null
	ssl.secure.random.implementation = null
	ssl.trustmanager.algorithm = PKIX
	ssl.truststore.certificates = null
	ssl.truststore.location = null
	ssl.truststore.password = null
	ssl.truststore.type = JKS
	transaction.timeout.ms = 60000
	transactional.id = null
	value.serializer = class io.apicurio.registry.serde.avro.AvroKafkaSerializer

2025-07-31 02:22:05,548 INFO  [org.apa.kaf.com.tel.int.KafkaMetricsCollector] (main) initializing Kafka metrics collector
2025-07-31 02:22:05,549 INFO  [org.apa.kaf.cli.pro.int.TransactionManager] (kafka-producer-network-thread | Producer-topic-4efd61ea_7c2c_48e9_8926_8e6f7681be45) [Producer clientId=Producer-topic-4efd61ea_7c2c_48e9_8926_8e6f7681be45] ProducerId set to 14 with epoch 0
2025-07-31 02:22:05,554 INFO  [org.apa.kaf.cli.Metadata] (kafka-producer-network-thread | Producer-topic-01fc45e3_7a45_4749_8da6_c16ed4c65a64) [Producer clientId=Producer-topic-01fc45e3_7a45_4749_8da6_c16ed4c65a64] Cluster ID: d3IyjYRDQrmXThhQeh46ug
2025-07-31 02:22:05,554 INFO  [org.apa.kaf.cli.pro.int.TransactionManager] (kafka-producer-network-thread | Producer-topic-01fc45e3_7a45_4749_8da6_c16ed4c65a64) [Producer clientId=Producer-topic-01fc45e3_7a45_4749_8da6_c16ed4c65a64] ProducerId set to 15 with epoch 0
2025-07-31 02:22:05,556 INFO  [org.apa.kaf.cli.pro.KafkaProducer] (main) [Producer clientId=Producer-topic-3142967c_e64d_4dbc_93d4_d21affacbd1f] Instantiated an idempotent producer.
2025-07-31 02:22:05,562 INFO  [org.apa.kaf.cli.pro.ProducerConfig] (main) These configurations '[apicurio.registry.url, apicurio.registry.artifact-resolver-strategy]' were supplied but are not used yet.
2025-07-31 02:22:05,562 INFO  [org.apa.kaf.com.uti.AppInfoParser] (main) Kafka version: 3.9.0
2025-07-31 02:22:05,562 INFO  [org.apa.kaf.com.uti.AppInfoParser] (main) Kafka commitId: 84caaa6e9da06435
2025-07-31 02:22:05,562 INFO  [org.apa.kaf.com.uti.AppInfoParser] (main) Kafka startTimeMs: 1753928525562
2025-07-31 02:22:05,563 INFO  [org.apa.kaf.cli.con.ConsumerConfig] (main) ConsumerConfig values: 
	allow.auto.create.topics = true
	auto.commit.interval.ms = 500
	auto.include.jmx.reporter = true
	auto.offset.reset = earliest
	bootstrap.servers = [PLAINTEXT://localhost:32770]
	check.crcs = true
	client.dns.lookup = use_all_dns_ips
	client.id = consumer-Consumer-topic-4efd61ea_7c2c_48e9_8926_8e6f7681be45-11
	client.rack = 
	connections.max.idle.ms = 10000
	default.api.timeout.ms = 60000
	enable.auto.commit = true
	enable.metrics.push = true
	exclude.internal.topics = true
	fetch.max.bytes = 52428800
	fetch.max.wait.ms = 500
	fetch.min.bytes = 1
	group.id = Consumer-topic-4efd61ea_7c2c_48e9_8926_8e6f7681be45
	group.instance.id = null
	group.protocol = classic
	group.remote.assignor = null
	heartbeat.interval.ms = 3000
	interceptor.classes = []
	internal.leave.group.on.close = true
	internal.throw.on.fetch.stable.offset.unsupported = false
	isolation.level = read_uncommitted
	key.deserializer = class org.apache.kafka.common.serialization.StringDeserializer
	max.partition.fetch.bytes = 1048576
	max.poll.interval.ms = 300000
	max.poll.records = 500
	metadata.max.age.ms = 300000
	metadata.recovery.strategy = none
	metric.reporters = []
	metrics.num.samples = 2
	metrics.recording.level = INFO
	metrics.sample.window.ms = 30000
	partition.assignment.strategy = [class org.apache.kafka.clients.consumer.RangeAssignor, class org.apache.kafka.clients.consumer.CooperativeStickyAssignor]
	receive.buffer.bytes = 65536
	reconnect.backoff.max.ms = 1000
	reconnect.backoff.ms = 50
	request.timeout.ms = 5000
	retry.backoff.max.ms = 1000
	retry.backoff.ms = 100
	sasl.client.callback.handler.class = null
	sasl.jaas.config = null
	sasl.kerberos.kinit.cmd = /usr/bin/kinit
	sasl.kerberos.min.time.before.relogin = 60000
	sasl.kerberos.service.name = null
	sasl.kerberos.ticket.renew.jitter = 0.05
	sasl.kerberos.ticket.renew.window.factor = 0.8
	sasl.login.callback.handler.class = null
	sasl.login.class = null
	sasl.login.connect.timeout.ms = null
	sasl.login.read.timeout.ms = null
	sasl.login.refresh.buffer.seconds = 300
	sasl.login.refresh.min.period.seconds = 60
	sasl.login.refresh.window.factor = 0.8
	sasl.login.refresh.window.jitter = 0.05
	sasl.login.retry.backoff.max.ms = 10000
	sasl.login.retry.backoff.ms = 100
	sasl.mechanism = GSSAPI
	sasl.oauthbearer.clock.skew.seconds = 30
	sasl.oauthbearer.expected.audience = null
	sasl.oauthbearer.expected.issuer = null
	sasl.oauthbearer.header.urlencode = false
	sasl.oauthbearer.jwks.endpoint.refresh.ms = 3600000
	sasl.oauthbearer.jwks.endpoint.retry.backoff.max.ms = 10000
	sasl.oauthbearer.jwks.endpoint.retry.backoff.ms = 100
	sasl.oauthbearer.jwks.endpoint.url = null
	sasl.oauthbearer.scope.claim.name = scope
	sasl.oauthbearer.sub.claim.name = sub
	sasl.oauthbearer.token.endpoint.url = null
	security.protocol = PLAINTEXT
	security.providers = null
	send.buffer.bytes = 131072
	session.timeout.ms = 45000
	socket.connection.setup.timeout.max.ms = 30000
	socket.connection.setup.timeout.ms = 10000
	ssl.cipher.suites = null
	ssl.enabled.protocols = [TLSv1.2, TLSv1.3]
	ssl.endpoint.identification.algorithm = https
	ssl.engine.factory.class = null
	ssl.key.password = null
	ssl.keymanager.algorithm = SunX509
	ssl.keystore.certificate.chain = null
	ssl.keystore.key = null
	ssl.keystore.location = null
	ssl.keystore.password = null
	ssl.keystore.type = JKS
	ssl.protocol = TLSv1.3
	ssl.provider = null
	ssl.secure.random.implementation = null
	ssl.trustmanager.algorithm = PKIX
	ssl.truststore.certificates = null
	ssl.truststore.location = null
	ssl.truststore.password = null
	ssl.truststore.type = JKS
	value.deserializer = class io.apicurio.registry.serde.avro.AvroKafkaDeserializer

2025-07-31 02:22:05,563 INFO  [org.apa.kaf.com.tel.int.KafkaMetricsCollector] (main) initializing Kafka metrics collector
2025-07-31 02:22:05,570 INFO  [org.apa.kaf.cli.Metadata] (kafka-producer-network-thread | Producer-topic-3142967c_e64d_4dbc_93d4_d21affacbd1f) [Producer clientId=Producer-topic-3142967c_e64d_4dbc_93d4_d21affacbd1f] Cluster ID: d3IyjYRDQrmXThhQeh46ug
2025-07-31 02:22:05,571 INFO  [org.apa.kaf.cli.pro.int.TransactionManager] (kafka-producer-network-thread | Producer-topic-3142967c_e64d_4dbc_93d4_d21affacbd1f) [Producer clientId=Producer-topic-3142967c_e64d_4dbc_93d4_d21affacbd1f] ProducerId set to 16 with epoch 0
2025-07-31 02:22:05,583 INFO  [org.apa.kaf.cli.con.ConsumerConfig] (main) These configurations '[apicurio.registry.url]' were supplied but are not used yet.
2025-07-31 02:22:05,583 INFO  [org.apa.kaf.com.uti.AppInfoParser] (main) Kafka version: 3.9.0
2025-07-31 02:22:05,583 INFO  [org.apa.kaf.com.uti.AppInfoParser] (main) Kafka commitId: 84caaa6e9da06435
2025-07-31 02:22:05,583 INFO  [org.apa.kaf.com.uti.AppInfoParser] (main) Kafka startTimeMs: 1753928525583
2025-07-31 02:22:05,584 INFO  [org.apa.kaf.cli.con.ConsumerConfig] (main) ConsumerConfig values: 
	allow.auto.create.topics = true
	auto.commit.interval.ms = 500
	auto.include.jmx.reporter = true
	auto.offset.reset = earliest
	bootstrap.servers = [PLAINTEXT://localhost:32770]
	check.crcs = true
	client.dns.lookup = use_all_dns_ips
	client.id = consumer-Consumer-topic-01fc45e3_7a45_4749_8da6_c16ed4c65a64-12
	client.rack = 
	connections.max.idle.ms = 10000
	default.api.timeout.ms = 60000
	enable.auto.commit = true
	enable.metrics.push = true
	exclude.internal.topics = true
	fetch.max.bytes = 52428800
	fetch.max.wait.ms = 500
	fetch.min.bytes = 1
	group.id = Consumer-topic-01fc45e3_7a45_4749_8da6_c16ed4c65a64
	group.instance.id = null
	group.protocol = classic
	group.remote.assignor = null
	heartbeat.interval.ms = 3000
	interceptor.classes = []
	internal.leave.group.on.close = true
	internal.throw.on.fetch.stable.offset.unsupported = false
	isolation.level = read_uncommitted
	key.deserializer = class org.apache.kafka.common.serialization.StringDeserializer
	max.partition.fetch.bytes = 1048576
	max.poll.interval.ms = 300000
	max.poll.records = 500
	metadata.max.age.ms = 300000
	metadata.recovery.strategy = none
	metric.reporters = []
	metrics.num.samples = 2
	metrics.recording.level = INFO
	metrics.sample.window.ms = 30000
	partition.assignment.strategy = [class org.apache.kafka.clients.consumer.RangeAssignor, class org.apache.kafka.clients.consumer.CooperativeStickyAssignor]
	receive.buffer.bytes = 65536
	reconnect.backoff.max.ms = 1000
	reconnect.backoff.ms = 50
	request.timeout.ms = 5000
	retry.backoff.max.ms = 1000
	retry.backoff.ms = 100
	sasl.client.callback.handler.class = null
	sasl.jaas.config = null
	sasl.kerberos.kinit.cmd = /usr/bin/kinit
	sasl.kerberos.min.time.before.relogin = 60000
	sasl.kerberos.service.name = null
	sasl.kerberos.ticket.renew.jitter = 0.05
	sasl.kerberos.ticket.renew.window.factor = 0.8
	sasl.login.callback.handler.class = null
	sasl.login.class = null
	sasl.login.connect.timeout.ms = null
	sasl.login.read.timeout.ms = null
	sasl.login.refresh.buffer.seconds = 300
	sasl.login.refresh.min.period.seconds = 60
	sasl.login.refresh.window.factor = 0.8
	sasl.login.refresh.window.jitter = 0.05
	sasl.login.retry.backoff.max.ms = 10000
	sasl.login.retry.backoff.ms = 100
	sasl.mechanism = GSSAPI
	sasl.oauthbearer.clock.skew.seconds = 30
	sasl.oauthbearer.expected.audience = null
	sasl.oauthbearer.expected.issuer = null
	sasl.oauthbearer.header.urlencode = false
	sasl.oauthbearer.jwks.endpoint.refresh.ms = 3600000
	sasl.oauthbearer.jwks.endpoint.retry.backoff.max.ms = 10000
	sasl.oauthbearer.jwks.endpoint.retry.backoff.ms = 100
	sasl.oauthbearer.jwks.endpoint.url = null
	sasl.oauthbearer.scope.claim.name = scope
	sasl.oauthbearer.sub.claim.name = sub
	sasl.oauthbearer.token.endpoint.url = null
	security.protocol = PLAINTEXT
	security.providers = null
	send.buffer.bytes = 131072
	session.timeout.ms = 45000
	socket.connection.setup.timeout.max.ms = 30000
	socket.connection.setup.timeout.ms = 10000
	ssl.cipher.suites = null
	ssl.enabled.protocols = [TLSv1.2, TLSv1.3]
	ssl.endpoint.identification.algorithm = https
	ssl.engine.factory.class = null
	ssl.key.password = null
	ssl.keymanager.algorithm = SunX509
	ssl.keystore.certificate.chain = null
	ssl.keystore.key = null
	ssl.keystore.location = null
	ssl.keystore.password = null
	ssl.keystore.type = JKS
	ssl.protocol = TLSv1.3
	ssl.provider = null
	ssl.secure.random.implementation = null
	ssl.trustmanager.algorithm = PKIX
	ssl.truststore.certificates = null
	ssl.truststore.location = null
	ssl.truststore.password = null
	ssl.truststore.type = JKS
	value.deserializer = class io.apicurio.registry.serde.avro.AvroKafkaDeserializer

2025-07-31 02:22:05,584 INFO  [org.apa.kaf.com.tel.int.KafkaMetricsCollector] (main) initializing Kafka metrics collector
2025-07-31 02:22:05,591 INFO  [org.apa.kaf.cli.con.ConsumerConfig] (main) These configurations '[apicurio.registry.url]' were supplied but are not used yet.
2025-07-31 02:22:05,591 INFO  [org.apa.kaf.com.uti.AppInfoParser] (main) Kafka version: 3.9.0
2025-07-31 02:22:05,591 INFO  [org.apa.kaf.com.uti.AppInfoParser] (main) Kafka commitId: 84caaa6e9da06435
2025-07-31 02:22:05,591 INFO  [org.apa.kaf.com.uti.AppInfoParser] (main) Kafka startTimeMs: 1753928525591
2025-07-31 02:22:05,592 INFO  [org.apa.kaf.cli.con.ConsumerConfig] (main) ConsumerConfig values: 
	allow.auto.create.topics = true
	auto.commit.interval.ms = 500
	auto.include.jmx.reporter = true
	auto.offset.reset = earliest
	bootstrap.servers = [PLAINTEXT://localhost:32770]
	check.crcs = true
	client.dns.lookup = use_all_dns_ips
	client.id = consumer-Consumer-topic-3142967c_e64d_4dbc_93d4_d21affacbd1f-13
	client.rack = 
	connections.max.idle.ms = 10000
	default.api.timeout.ms = 60000
	enable.auto.commit = true
	enable.metrics.push = true
	exclude.internal.topics = true
	fetch.max.bytes = 52428800
	fetch.max.wait.ms = 500
	fetch.min.bytes = 1
	group.id = Consumer-topic-3142967c_e64d_4dbc_93d4_d21affacbd1f
	group.instance.id = null
	group.protocol = classic
	group.remote.assignor = null
	heartbeat.interval.ms = 3000
	interceptor.classes = []
	internal.leave.group.on.close = true
	internal.throw.on.fetch.stable.offset.unsupported = false
	isolation.level = read_uncommitted
	key.deserializer = class org.apache.kafka.common.serialization.StringDeserializer
	max.partition.fetch.bytes = 1048576
	max.poll.interval.ms = 300000
	max.poll.records = 500
	metadata.max.age.ms = 300000
	metadata.recovery.strategy = none
	metric.reporters = []
	metrics.num.samples = 2
	metrics.recording.level = INFO
	metrics.sample.window.ms = 30000
	partition.assignment.strategy = [class org.apache.kafka.clients.consumer.RangeAssignor, class org.apache.kafka.clients.consumer.CooperativeStickyAssignor]
	receive.buffer.bytes = 65536
	reconnect.backoff.max.ms = 1000
	reconnect.backoff.ms = 50
	request.timeout.ms = 5000
	retry.backoff.max.ms = 1000
	retry.backoff.ms = 100
	sasl.client.callback.handler.class = null
	sasl.jaas.config = null
	sasl.kerberos.kinit.cmd = /usr/bin/kinit
	sasl.kerberos.min.time.before.relogin = 60000
	sasl.kerberos.service.name = null
	sasl.kerberos.ticket.renew.jitter = 0.05
	sasl.kerberos.ticket.renew.window.factor = 0.8
	sasl.login.callback.handler.class = null
	sasl.login.class = null
	sasl.login.connect.timeout.ms = null
	sasl.login.read.timeout.ms = null
	sasl.login.refresh.buffer.seconds = 300
	sasl.login.refresh.min.period.seconds = 60
	sasl.login.refresh.window.factor = 0.8
	sasl.login.refresh.window.jitter = 0.05
	sasl.login.retry.backoff.max.ms = 10000
	sasl.login.retry.backoff.ms = 100
	sasl.mechanism = GSSAPI
	sasl.oauthbearer.clock.skew.seconds = 30
	sasl.oauthbearer.expected.audience = null
	sasl.oauthbearer.expected.issuer = null
	sasl.oauthbearer.header.urlencode = false
	sasl.oauthbearer.jwks.endpoint.refresh.ms = 3600000
	sasl.oauthbearer.jwks.endpoint.retry.backoff.max.ms = 10000
	sasl.oauthbearer.jwks.endpoint.retry.backoff.ms = 100
	sasl.oauthbearer.jwks.endpoint.url = null
	sasl.oauthbearer.scope.claim.name = scope
	sasl.oauthbearer.sub.claim.name = sub
	sasl.oauthbearer.token.endpoint.url = null
	security.protocol = PLAINTEXT
	security.providers = null
	send.buffer.bytes = 131072
	session.timeout.ms = 45000
	socket.connection.setup.timeout.max.ms = 30000
	socket.connection.setup.timeout.ms = 10000
	ssl.cipher.suites = null
	ssl.enabled.protocols = [TLSv1.2, TLSv1.3]
	ssl.endpoint.identification.algorithm = https
	ssl.engine.factory.class = null
	ssl.key.password = null
	ssl.keymanager.algorithm = SunX509
	ssl.keystore.certificate.chain = null
	ssl.keystore.key = null
	ssl.keystore.location = null
	ssl.keystore.password = null
	ssl.keystore.type = JKS
	ssl.protocol = TLSv1.3
	ssl.provider = null
	ssl.secure.random.implementation = null
	ssl.trustmanager.algorithm = PKIX
	ssl.truststore.certificates = null
	ssl.truststore.location = null
	ssl.truststore.password = null
	ssl.truststore.type = JKS
	value.deserializer = class io.apicurio.registry.serde.avro.AvroKafkaDeserializer

2025-07-31 02:22:05,592 INFO  [org.apa.kaf.com.tel.int.KafkaMetricsCollector] (main) initializing Kafka metrics collector
2025-07-31 02:22:05,598 INFO  [org.apa.kaf.cli.con.ConsumerConfig] (main) These configurations '[apicurio.registry.url]' were supplied but are not used yet.
2025-07-31 02:22:05,598 INFO  [org.apa.kaf.com.uti.AppInfoParser] (main) Kafka version: 3.9.0
2025-07-31 02:22:05,598 INFO  [org.apa.kaf.com.uti.AppInfoParser] (main) Kafka commitId: 84caaa6e9da06435
2025-07-31 02:22:05,598 INFO  [org.apa.kaf.com.uti.AppInfoParser] (main) Kafka startTimeMs: 1753928525598
2025-07-31 02:22:05,599 INFO  [io.api.tes.ser.api.KafkaSerdesTester] (Thread-202) Sending message {"key11753928524469": "value-0"} to topic topic-4efd61ea_7c2c_48e9_8926_8e6f7681be45
2025-07-31 02:22:05,606 INFO  [DefaultSchemaResolver] (Thread-202) Retrieving schema content using string: {"type":"record","name":"myrecordconfluent","fields":[{"name":"key11753928524469","type":"string"}]}
2025-07-31 02:22:05,629 INFO  [io.api.tes.ser.api.KafkaSerdesTester] (Thread-202) Sending message {"key11753928524469": "value-1"} to topic topic-4efd61ea_7c2c_48e9_8926_8e6f7681be45
2025-07-31 02:22:05,632 INFO  [io.api.tes.ser.api.KafkaSerdesTester] (Thread-202) Sending message {"key11753928524469": "value-2"} to topic topic-4efd61ea_7c2c_48e9_8926_8e6f7681be45
2025-07-31 02:22:05,633 INFO  [io.api.tes.ser.api.KafkaSerdesTester] (Thread-202) Sending message {"key11753928524469": "value-3"} to topic topic-4efd61ea_7c2c_48e9_8926_8e6f7681be45
2025-07-31 02:22:05,635 INFO  [io.api.tes.ser.api.KafkaSerdesTester] (Thread-202) Sending message {"key11753928524469": "value-4"} to topic topic-4efd61ea_7c2c_48e9_8926_8e6f7681be45
2025-07-31 02:22:05,637 INFO  [io.api.tes.ser.api.KafkaSerdesTester] (Thread-202) Sending message {"key11753928524469": "value-5"} to topic topic-4efd61ea_7c2c_48e9_8926_8e6f7681be45
2025-07-31 02:22:05,638 INFO  [io.api.tes.ser.api.KafkaSerdesTester] (Thread-202) Sending message {"key11753928524469": "value-6"} to topic topic-4efd61ea_7c2c_48e9_8926_8e6f7681be45
2025-07-31 02:22:05,640 INFO  [io.api.tes.ser.api.KafkaSerdesTester] (Thread-202) Sending message {"key11753928524469": "value-7"} to topic topic-4efd61ea_7c2c_48e9_8926_8e6f7681be45
2025-07-31 02:22:05,643 INFO  [io.api.tes.ser.api.KafkaSerdesTester] (Thread-202) Sending message {"key11753928524469": "value-8"} to topic topic-4efd61ea_7c2c_48e9_8926_8e6f7681be45
2025-07-31 02:22:05,645 INFO  [io.api.tes.ser.api.KafkaSerdesTester] (Thread-202) Sending message {"key11753928524469": "value-9"} to topic topic-4efd61ea_7c2c_48e9_8926_8e6f7681be45
2025-07-31 02:22:05,651 INFO  [io.api.tes.ser.api.KafkaSerdesTester] (Thread-202) Produced 10 messages
2025-07-31 02:22:05,651 INFO  [org.apa.kaf.cli.pro.KafkaProducer] (Thread-202) [Producer clientId=Producer-topic-4efd61ea_7c2c_48e9_8926_8e6f7681be45] Closing the Kafka producer with timeoutMillis = 9223372036854775807 ms.
2025-07-31 02:22:05,656 INFO  [org.apa.kaf.com.met.Metrics] (Thread-202) Metrics scheduler closed
2025-07-31 02:22:05,656 INFO  [org.apa.kaf.com.met.Metrics] (Thread-202) Closing reporter org.apache.kafka.common.metrics.JmxReporter
2025-07-31 02:22:05,656 INFO  [org.apa.kaf.com.met.Metrics] (Thread-202) Closing reporter org.apache.kafka.common.telemetry.internals.ClientTelemetryReporter
2025-07-31 02:22:05,656 INFO  [org.apa.kaf.com.met.Metrics] (Thread-202) Metrics reporters closed
2025-07-31 02:22:05,656 INFO  [org.apa.kaf.com.uti.AppInfoParser] (Thread-202) App info kafka.producer for Producer-topic-4efd61ea_7c2c_48e9_8926_8e6f7681be45 unregistered
2025-07-31 02:22:05,662 INFO  [io.api.tes.ser.api.KafkaSerdesTester] (Thread-203) Sending message {"key11753928524469": "value-0"} to topic topic-01fc45e3_7a45_4749_8da6_c16ed4c65a64
2025-07-31 02:22:05,671 INFO  [DefaultSchemaResolver] (Thread-203) Retrieving schema content using string: {"type":"record","name":"myrecordconfluent","fields":[{"name":"key11753928524469","type":"string"}]}
2025-07-31 02:22:05,699 INFO  [io.api.tes.ser.api.KafkaSerdesTester] (Thread-203) Sending message {"key11753928524469": "value-1"} to topic topic-01fc45e3_7a45_4749_8da6_c16ed4c65a64
2025-07-31 02:22:05,702 INFO  [io.api.tes.ser.api.KafkaSerdesTester] (Thread-203) Sending message {"key11753928524469": "value-2"} to topic topic-01fc45e3_7a45_4749_8da6_c16ed4c65a64
2025-07-31 02:22:05,705 INFO  [io.api.tes.ser.api.KafkaSerdesTester] (Thread-203) Sending message {"key11753928524469": "value-3"} to topic topic-01fc45e3_7a45_4749_8da6_c16ed4c65a64
2025-07-31 02:22:05,706 INFO  [io.api.tes.ser.api.KafkaSerdesTester] (Thread-203) Sending message {"key11753928524469": "value-4"} to topic topic-01fc45e3_7a45_4749_8da6_c16ed4c65a64
2025-07-31 02:22:05,708 INFO  [io.api.tes.ser.api.KafkaSerdesTester] (Thread-203) Sending message {"key11753928524469": "value-5"} to topic topic-01fc45e3_7a45_4749_8da6_c16ed4c65a64
2025-07-31 02:22:05,710 INFO  [io.api.tes.ser.api.KafkaSerdesTester] (Thread-203) Sending message {"key11753928524469": "value-6"} to topic topic-01fc45e3_7a45_4749_8da6_c16ed4c65a64
2025-07-31 02:22:05,712 INFO  [io.api.tes.ser.api.KafkaSerdesTester] (Thread-203) Sending message {"key11753928524469": "value-7"} to topic topic-01fc45e3_7a45_4749_8da6_c16ed4c65a64
2025-07-31 02:22:05,714 INFO  [io.api.tes.ser.api.KafkaSerdesTester] (Thread-203) Sending message {"key11753928524469": "value-8"} to topic topic-01fc45e3_7a45_4749_8da6_c16ed4c65a64
2025-07-31 02:22:05,717 INFO  [io.api.tes.ser.api.KafkaSerdesTester] (Thread-203) Sending message {"key11753928524469": "value-9"} to topic topic-01fc45e3_7a45_4749_8da6_c16ed4c65a64
2025-07-31 02:22:05,719 INFO  [io.api.tes.ser.api.KafkaSerdesTester] (Thread-203) Produced 10 messages
2025-07-31 02:22:05,719 INFO  [org.apa.kaf.cli.pro.KafkaProducer] (Thread-203) [Producer clientId=Producer-topic-01fc45e3_7a45_4749_8da6_c16ed4c65a64] Closing the Kafka producer with timeoutMillis = 9223372036854775807 ms.
2025-07-31 02:22:05,721 INFO  [org.apa.kaf.com.met.Metrics] (Thread-203) Metrics scheduler closed
2025-07-31 02:22:05,721 INFO  [org.apa.kaf.com.met.Metrics] (Thread-203) Closing reporter org.apache.kafka.common.metrics.JmxReporter
2025-07-31 02:22:05,721 INFO  [org.apa.kaf.com.met.Metrics] (Thread-203) Closing reporter org.apache.kafka.common.telemetry.internals.ClientTelemetryReporter
2025-07-31 02:22:05,721 INFO  [org.apa.kaf.com.met.Metrics] (Thread-203) Metrics reporters closed
2025-07-31 02:22:05,721 INFO  [org.apa.kaf.com.uti.AppInfoParser] (Thread-203) App info kafka.producer for Producer-topic-01fc45e3_7a45_4749_8da6_c16ed4c65a64 unregistered
2025-07-31 02:22:05,722 INFO  [io.api.tes.ser.api.KafkaSerdesTester] (Thread-204) Sending message {"key11753928524469": "value-0"} to topic topic-3142967c_e64d_4dbc_93d4_d21affacbd1f
2025-07-31 02:22:05,724 INFO  [DefaultSchemaResolver] (Thread-204) Retrieving schema content using string: {"type":"record","name":"myrecordconfluent","fields":[{"name":"key11753928524469","type":"string"}]}
2025-07-31 02:22:05,745 INFO  [io.api.tes.ser.api.KafkaSerdesTester] (Thread-204) Sending message {"key11753928524469": "value-1"} to topic topic-3142967c_e64d_4dbc_93d4_d21affacbd1f
2025-07-31 02:22:05,749 INFO  [io.api.tes.ser.api.KafkaSerdesTester] (Thread-204) Sending message {"key11753928524469": "value-2"} to topic topic-3142967c_e64d_4dbc_93d4_d21affacbd1f
2025-07-31 02:22:05,752 INFO  [io.api.tes.ser.api.KafkaSerdesTester] (Thread-204) Sending message {"key11753928524469": "value-3"} to topic topic-3142967c_e64d_4dbc_93d4_d21affacbd1f
2025-07-31 02:22:05,754 INFO  [io.api.tes.ser.api.KafkaSerdesTester] (Thread-204) Sending message {"key11753928524469": "value-4"} to topic topic-3142967c_e64d_4dbc_93d4_d21affacbd1f
2025-07-31 02:22:05,757 INFO  [io.api.tes.ser.api.KafkaSerdesTester] (Thread-204) Sending message {"key11753928524469": "value-5"} to topic topic-3142967c_e64d_4dbc_93d4_d21affacbd1f
2025-07-31 02:22:05,760 INFO  [io.api.tes.ser.api.KafkaSerdesTester] (Thread-204) Sending message {"key11753928524469": "value-6"} to topic topic-3142967c_e64d_4dbc_93d4_d21affacbd1f
2025-07-31 02:22:05,765 INFO  [io.api.tes.ser.api.KafkaSerdesTester] (Thread-204) Sending message {"key11753928524469": "value-7"} to topic topic-3142967c_e64d_4dbc_93d4_d21affacbd1f
2025-07-31 02:22:05,768 INFO  [io.api.tes.ser.api.KafkaSerdesTester] (Thread-204) Sending message {"key11753928524469": "value-8"} to topic topic-3142967c_e64d_4dbc_93d4_d21affacbd1f
2025-07-31 02:22:05,771 INFO  [io.api.tes.ser.api.KafkaSerdesTester] (Thread-204) Sending message {"key11753928524469": "value-9"} to topic topic-3142967c_e64d_4dbc_93d4_d21affacbd1f
2025-07-31 02:22:05,773 INFO  [io.api.tes.ser.api.KafkaSerdesTester] (Thread-204) Produced 10 messages
2025-07-31 02:22:05,773 INFO  [org.apa.kaf.cli.pro.KafkaProducer] (Thread-204) [Producer clientId=Producer-topic-3142967c_e64d_4dbc_93d4_d21affacbd1f] Closing the Kafka producer with timeoutMillis = 9223372036854775807 ms.
2025-07-31 02:22:05,775 INFO  [org.apa.kaf.com.met.Metrics] (Thread-204) Metrics scheduler closed
2025-07-31 02:22:05,775 INFO  [org.apa.kaf.com.met.Metrics] (Thread-204) Closing reporter org.apache.kafka.common.metrics.JmxReporter
2025-07-31 02:22:05,775 INFO  [org.apa.kaf.com.met.Metrics] (Thread-204) Closing reporter org.apache.kafka.common.telemetry.internals.ClientTelemetryReporter
2025-07-31 02:22:05,775 INFO  [org.apa.kaf.com.met.Metrics] (Thread-204) Metrics reporters closed
2025-07-31 02:22:05,776 INFO  [org.apa.kaf.com.uti.AppInfoParser] (Thread-204) App info kafka.producer for Producer-topic-3142967c_e64d_4dbc_93d4_d21affacbd1f unregistered
2025-07-31 02:22:05,777 INFO  [org.apa.kaf.cli.con.int.ClassicKafkaConsumer] (Thread-205) [Consumer clientId=consumer-Consumer-topic-4efd61ea_7c2c_48e9_8926_8e6f7681be45-11, groupId=Consumer-topic-4efd61ea_7c2c_48e9_8926_8e6f7681be45] Subscribed to topic(s): topic-4efd61ea_7c2c_48e9_8926_8e6f7681be45
2025-07-31 02:22:05,785 INFO  [org.apa.kaf.cli.Metadata] (Thread-205) [Consumer clientId=consumer-Consumer-topic-4efd61ea_7c2c_48e9_8926_8e6f7681be45-11, groupId=Consumer-topic-4efd61ea_7c2c_48e9_8926_8e6f7681be45] Cluster ID: d3IyjYRDQrmXThhQeh46ug
2025-07-31 02:22:05,785 INFO  [org.apa.kaf.cli.con.int.ConsumerCoordinator] (Thread-205) [Consumer clientId=consumer-Consumer-topic-4efd61ea_7c2c_48e9_8926_8e6f7681be45-11, groupId=Consumer-topic-4efd61ea_7c2c_48e9_8926_8e6f7681be45] Discovered group coordinator localhost:32770 (id: 2147483647 rack: null)
2025-07-31 02:22:05,786 INFO  [org.apa.kaf.cli.con.int.ConsumerCoordinator] (Thread-205) [Consumer clientId=consumer-Consumer-topic-4efd61ea_7c2c_48e9_8926_8e6f7681be45-11, groupId=Consumer-topic-4efd61ea_7c2c_48e9_8926_8e6f7681be45] (Re-)joining group
2025-07-31 02:22:05,793 INFO  [org.apa.kaf.cli.con.int.ConsumerCoordinator] (Thread-205) [Consumer clientId=consumer-Consumer-topic-4efd61ea_7c2c_48e9_8926_8e6f7681be45-11, groupId=Consumer-topic-4efd61ea_7c2c_48e9_8926_8e6f7681be45] Request joining group due to: need to re-join with the given member-id: consumer-Consumer-topic-4efd61ea_7c2c_48e9_8926_8e6f7681be45-11-0598e192-a7a5-4e8a-9110-066dfd3a5c77
2025-07-31 02:22:05,793 INFO  [org.apa.kaf.cli.con.int.ConsumerCoordinator] (Thread-205) [Consumer clientId=consumer-Consumer-topic-4efd61ea_7c2c_48e9_8926_8e6f7681be45-11, groupId=Consumer-topic-4efd61ea_7c2c_48e9_8926_8e6f7681be45] (Re-)joining group
2025-07-31 02:22:05,797 INFO  [org.apa.kaf.cli.con.int.ConsumerCoordinator] (Thread-205) [Consumer clientId=consumer-Consumer-topic-4efd61ea_7c2c_48e9_8926_8e6f7681be45-11, groupId=Consumer-topic-4efd61ea_7c2c_48e9_8926_8e6f7681be45] Successfully joined group with generation Generation{generationId=1, memberId='consumer-Consumer-topic-4efd61ea_7c2c_48e9_8926_8e6f7681be45-11-0598e192-a7a5-4e8a-9110-066dfd3a5c77', protocol='range'}
2025-07-31 02:22:05,798 INFO  [org.apa.kaf.cli.con.int.ConsumerCoordinator] (Thread-205) [Consumer clientId=consumer-Consumer-topic-4efd61ea_7c2c_48e9_8926_8e6f7681be45-11, groupId=Consumer-topic-4efd61ea_7c2c_48e9_8926_8e6f7681be45] Finished assignment for group at generation 1: {consumer-Consumer-topic-4efd61ea_7c2c_48e9_8926_8e6f7681be45-11-0598e192-a7a5-4e8a-9110-066dfd3a5c77=Assignment(partitions=[topic-4efd61ea_7c2c_48e9_8926_8e6f7681be45-0])}
2025-07-31 02:22:05,800 INFO  [org.apa.kaf.cli.con.int.ConsumerCoordinator] (Thread-205) [Consumer clientId=consumer-Consumer-topic-4efd61ea_7c2c_48e9_8926_8e6f7681be45-11, groupId=Consumer-topic-4efd61ea_7c2c_48e9_8926_8e6f7681be45] Successfully synced group in generation Generation{generationId=1, memberId='consumer-Consumer-topic-4efd61ea_7c2c_48e9_8926_8e6f7681be45-11-0598e192-a7a5-4e8a-9110-066dfd3a5c77', protocol='range'}
2025-07-31 02:22:05,800 INFO  [org.apa.kaf.cli.con.int.ConsumerCoordinator] (Thread-205) [Consumer clientId=consumer-Consumer-topic-4efd61ea_7c2c_48e9_8926_8e6f7681be45-11, groupId=Consumer-topic-4efd61ea_7c2c_48e9_8926_8e6f7681be45] Notifying assignor about the new Assignment(partitions=[topic-4efd61ea_7c2c_48e9_8926_8e6f7681be45-0])
2025-07-31 02:22:05,800 INFO  [org.apa.kaf.cli.con.int.ConsumerRebalanceListenerInvoker] (Thread-205) [Consumer clientId=consumer-Consumer-topic-4efd61ea_7c2c_48e9_8926_8e6f7681be45-11, groupId=Consumer-topic-4efd61ea_7c2c_48e9_8926_8e6f7681be45] Adding newly assigned partitions: topic-4efd61ea_7c2c_48e9_8926_8e6f7681be45-0
2025-07-31 02:22:05,803 INFO  [org.apa.kaf.cli.con.int.ConsumerCoordinator] (Thread-205) [Consumer clientId=consumer-Consumer-topic-4efd61ea_7c2c_48e9_8926_8e6f7681be45-11, groupId=Consumer-topic-4efd61ea_7c2c_48e9_8926_8e6f7681be45] Found no committed offset for partition topic-4efd61ea_7c2c_48e9_8926_8e6f7681be45-0
2025-07-31 02:22:05,811 INFO  [org.apa.kaf.cli.con.int.SubscriptionState] (Thread-205) [Consumer clientId=consumer-Consumer-topic-4efd61ea_7c2c_48e9_8926_8e6f7681be45-11, groupId=Consumer-topic-4efd61ea_7c2c_48e9_8926_8e6f7681be45] Resetting offset for partition topic-4efd61ea_7c2c_48e9_8926_8e6f7681be45-0 to position FetchPosition{offset=0, offsetEpoch=Optional.empty, currentLeader=LeaderAndEpoch{leader=Optional[localhost:32770 (id: 0 rack: null)], epoch=0}}.
2025-07-31 02:22:05,840 INFO  [io.api.tes.ser.api.KafkaSerdesTester] (Thread-205) topic-4efd61ea_7c2c_48e9_8926_8e6f7681be45 0 0 {"key11753928524469": "value-0"}
2025-07-31 02:22:05,840 INFO  [io.api.tes.ser.api.KafkaSerdesTester] (Thread-205) topic-4efd61ea_7c2c_48e9_8926_8e6f7681be45 0 1 {"key11753928524469": "value-1"}
2025-07-31 02:22:05,841 INFO  [io.api.tes.ser.api.KafkaSerdesTester] (Thread-205) topic-4efd61ea_7c2c_48e9_8926_8e6f7681be45 0 2 {"key11753928524469": "value-2"}
2025-07-31 02:22:05,841 INFO  [io.api.tes.ser.api.KafkaSerdesTester] (Thread-205) topic-4efd61ea_7c2c_48e9_8926_8e6f7681be45 0 3 {"key11753928524469": "value-3"}
2025-07-31 02:22:05,841 INFO  [io.api.tes.ser.api.KafkaSerdesTester] (Thread-205) topic-4efd61ea_7c2c_48e9_8926_8e6f7681be45 0 4 {"key11753928524469": "value-4"}
2025-07-31 02:22:05,841 INFO  [io.api.tes.ser.api.KafkaSerdesTester] (Thread-205) topic-4efd61ea_7c2c_48e9_8926_8e6f7681be45 0 5 {"key11753928524469": "value-5"}
2025-07-31 02:22:05,841 INFO  [io.api.tes.ser.api.KafkaSerdesTester] (Thread-205) topic-4efd61ea_7c2c_48e9_8926_8e6f7681be45 0 6 {"key11753928524469": "value-6"}
2025-07-31 02:22:05,841 INFO  [io.api.tes.ser.api.KafkaSerdesTester] (Thread-205) topic-4efd61ea_7c2c_48e9_8926_8e6f7681be45 0 7 {"key11753928524469": "value-7"}
2025-07-31 02:22:05,841 INFO  [io.api.tes.ser.api.KafkaSerdesTester] (Thread-205) topic-4efd61ea_7c2c_48e9_8926_8e6f7681be45 0 8 {"key11753928524469": "value-8"}
2025-07-31 02:22:05,841 INFO  [io.api.tes.ser.api.KafkaSerdesTester] (Thread-205) topic-4efd61ea_7c2c_48e9_8926_8e6f7681be45 0 9 {"key11753928524469": "value-9"}
2025-07-31 02:22:05,841 INFO  [io.api.tes.ser.api.KafkaSerdesTester] (Thread-205) Consumed 10 messages
2025-07-31 02:22:05,845 INFO  [org.apa.kaf.cli.con.int.ConsumerRebalanceListenerInvoker] (Thread-205) [Consumer clientId=consumer-Consumer-topic-4efd61ea_7c2c_48e9_8926_8e6f7681be45-11, groupId=Consumer-topic-4efd61ea_7c2c_48e9_8926_8e6f7681be45] Revoke previously assigned partitions topic-4efd61ea_7c2c_48e9_8926_8e6f7681be45-0
2025-07-31 02:22:05,845 INFO  [org.apa.kaf.cli.con.int.ConsumerCoordinator] (Thread-205) [Consumer clientId=consumer-Consumer-topic-4efd61ea_7c2c_48e9_8926_8e6f7681be45-11, groupId=Consumer-topic-4efd61ea_7c2c_48e9_8926_8e6f7681be45] Member consumer-Consumer-topic-4efd61ea_7c2c_48e9_8926_8e6f7681be45-11-0598e192-a7a5-4e8a-9110-066dfd3a5c77 sending LeaveGroup request to coordinator localhost:32770 (id: 2147483647 rack: null) due to the consumer is being closed
2025-07-31 02:22:05,845 INFO  [org.apa.kaf.cli.con.int.ConsumerCoordinator] (Thread-205) [Consumer clientId=consumer-Consumer-topic-4efd61ea_7c2c_48e9_8926_8e6f7681be45-11, groupId=Consumer-topic-4efd61ea_7c2c_48e9_8926_8e6f7681be45] Resetting generation and member id due to: consumer pro-actively leaving the group
2025-07-31 02:22:05,845 INFO  [org.apa.kaf.cli.con.int.ConsumerCoordinator] (Thread-205) [Consumer clientId=consumer-Consumer-topic-4efd61ea_7c2c_48e9_8926_8e6f7681be45-11, groupId=Consumer-topic-4efd61ea_7c2c_48e9_8926_8e6f7681be45] Request joining group due to: consumer pro-actively leaving the group
2025-07-31 02:22:06,343 INFO  [org.apa.kaf.com.met.Metrics] (Thread-205) Metrics scheduler closed
2025-07-31 02:22:06,343 INFO  [org.apa.kaf.com.met.Metrics] (Thread-205) Closing reporter org.apache.kafka.common.metrics.JmxReporter
2025-07-31 02:22:06,343 INFO  [org.apa.kaf.com.met.Metrics] (Thread-205) Closing reporter org.apache.kafka.common.telemetry.internals.ClientTelemetryReporter
2025-07-31 02:22:06,343 INFO  [org.apa.kaf.com.met.Metrics] (Thread-205) Metrics reporters closed
2025-07-31 02:22:06,346 INFO  [org.apa.kaf.com.uti.AppInfoParser] (Thread-205) App info kafka.consumer for consumer-Consumer-topic-4efd61ea_7c2c_48e9_8926_8e6f7681be45-11 unregistered
2025-07-31 02:22:06,348 INFO  [org.apa.kaf.cli.con.int.ClassicKafkaConsumer] (Thread-206) [Consumer clientId=consumer-Consumer-topic-01fc45e3_7a45_4749_8da6_c16ed4c65a64-12, groupId=Consumer-topic-01fc45e3_7a45_4749_8da6_c16ed4c65a64] Subscribed to topic(s): topic-01fc45e3_7a45_4749_8da6_c16ed4c65a64
2025-07-31 02:22:06,354 INFO  [org.apa.kaf.cli.Metadata] (Thread-206) [Consumer clientId=consumer-Consumer-topic-01fc45e3_7a45_4749_8da6_c16ed4c65a64-12, groupId=Consumer-topic-01fc45e3_7a45_4749_8da6_c16ed4c65a64] Cluster ID: d3IyjYRDQrmXThhQeh46ug
2025-07-31 02:22:06,356 INFO  [org.apa.kaf.cli.con.int.ConsumerCoordinator] (Thread-206) [Consumer clientId=consumer-Consumer-topic-01fc45e3_7a45_4749_8da6_c16ed4c65a64-12, groupId=Consumer-topic-01fc45e3_7a45_4749_8da6_c16ed4c65a64] Discovered group coordinator localhost:32770 (id: 2147483647 rack: null)
2025-07-31 02:22:06,357 INFO  [org.apa.kaf.cli.con.int.ConsumerCoordinator] (Thread-206) [Consumer clientId=consumer-Consumer-topic-01fc45e3_7a45_4749_8da6_c16ed4c65a64-12, groupId=Consumer-topic-01fc45e3_7a45_4749_8da6_c16ed4c65a64] (Re-)joining group
2025-07-31 02:22:06,364 INFO  [org.apa.kaf.cli.con.int.ConsumerCoordinator] (Thread-206) [Consumer clientId=consumer-Consumer-topic-01fc45e3_7a45_4749_8da6_c16ed4c65a64-12, groupId=Consumer-topic-01fc45e3_7a45_4749_8da6_c16ed4c65a64] Request joining group due to: need to re-join with the given member-id: consumer-Consumer-topic-01fc45e3_7a45_4749_8da6_c16ed4c65a64-12-8e6a1d10-3945-40b3-b73e-3e808888fb3c
2025-07-31 02:22:06,365 INFO  [org.apa.kaf.cli.con.int.ConsumerCoordinator] (Thread-206) [Consumer clientId=consumer-Consumer-topic-01fc45e3_7a45_4749_8da6_c16ed4c65a64-12, groupId=Consumer-topic-01fc45e3_7a45_4749_8da6_c16ed4c65a64] (Re-)joining group
2025-07-31 02:22:06,367 INFO  [org.apa.kaf.cli.con.int.ConsumerCoordinator] (Thread-206) [Consumer clientId=consumer-Consumer-topic-01fc45e3_7a45_4749_8da6_c16ed4c65a64-12, groupId=Consumer-topic-01fc45e3_7a45_4749_8da6_c16ed4c65a64] Successfully joined group with generation Generation{generationId=1, memberId='consumer-Consumer-topic-01fc45e3_7a45_4749_8da6_c16ed4c65a64-12-8e6a1d10-3945-40b3-b73e-3e808888fb3c', protocol='range'}
2025-07-31 02:22:06,367 INFO  [org.apa.kaf.cli.con.int.ConsumerCoordinator] (Thread-206) [Consumer clientId=consumer-Consumer-topic-01fc45e3_7a45_4749_8da6_c16ed4c65a64-12, groupId=Consumer-topic-01fc45e3_7a45_4749_8da6_c16ed4c65a64] Finished assignment for group at generation 1: {consumer-Consumer-topic-01fc45e3_7a45_4749_8da6_c16ed4c65a64-12-8e6a1d10-3945-40b3-b73e-3e808888fb3c=Assignment(partitions=[topic-01fc45e3_7a45_4749_8da6_c16ed4c65a64-0])}
2025-07-31 02:22:06,370 INFO  [org.apa.kaf.cli.con.int.ConsumerCoordinator] (Thread-206) [Consumer clientId=consumer-Consumer-topic-01fc45e3_7a45_4749_8da6_c16ed4c65a64-12, groupId=Consumer-topic-01fc45e3_7a45_4749_8da6_c16ed4c65a64] Successfully synced group in generation Generation{generationId=1, memberId='consumer-Consumer-topic-01fc45e3_7a45_4749_8da6_c16ed4c65a64-12-8e6a1d10-3945-40b3-b73e-3e808888fb3c', protocol='range'}
2025-07-31 02:22:06,371 INFO  [org.apa.kaf.cli.con.int.ConsumerCoordinator] (Thread-206) [Consumer clientId=consumer-Consumer-topic-01fc45e3_7a45_4749_8da6_c16ed4c65a64-12, groupId=Consumer-topic-01fc45e3_7a45_4749_8da6_c16ed4c65a64] Notifying assignor about the new Assignment(partitions=[topic-01fc45e3_7a45_4749_8da6_c16ed4c65a64-0])
2025-07-31 02:22:06,371 INFO  [org.apa.kaf.cli.con.int.ConsumerRebalanceListenerInvoker] (Thread-206) [Consumer clientId=consumer-Consumer-topic-01fc45e3_7a45_4749_8da6_c16ed4c65a64-12, groupId=Consumer-topic-01fc45e3_7a45_4749_8da6_c16ed4c65a64] Adding newly assigned partitions: topic-01fc45e3_7a45_4749_8da6_c16ed4c65a64-0
2025-07-31 02:22:06,376 INFO  [org.apa.kaf.cli.con.int.ConsumerCoordinator] (Thread-206) [Consumer clientId=consumer-Consumer-topic-01fc45e3_7a45_4749_8da6_c16ed4c65a64-12, groupId=Consumer-topic-01fc45e3_7a45_4749_8da6_c16ed4c65a64] Found no committed offset for partition topic-01fc45e3_7a45_4749_8da6_c16ed4c65a64-0
2025-07-31 02:22:06,385 INFO  [org.apa.kaf.cli.con.int.SubscriptionState] (Thread-206) [Consumer clientId=consumer-Consumer-topic-01fc45e3_7a45_4749_8da6_c16ed4c65a64-12, groupId=Consumer-topic-01fc45e3_7a45_4749_8da6_c16ed4c65a64] Resetting offset for partition topic-01fc45e3_7a45_4749_8da6_c16ed4c65a64-0 to position FetchPosition{offset=0, offsetEpoch=Optional.empty, currentLeader=LeaderAndEpoch{leader=Optional[localhost:32770 (id: 0 rack: null)], epoch=0}}.
2025-07-31 02:22:06,413 INFO  [io.api.tes.ser.api.KafkaSerdesTester] (Thread-206) topic-01fc45e3_7a45_4749_8da6_c16ed4c65a64 0 0 {"key11753928524469": "value-0"}
2025-07-31 02:22:06,413 INFO  [io.api.tes.ser.api.KafkaSerdesTester] (Thread-206) topic-01fc45e3_7a45_4749_8da6_c16ed4c65a64 0 1 {"key11753928524469": "value-1"}
2025-07-31 02:22:06,413 INFO  [io.api.tes.ser.api.KafkaSerdesTester] (Thread-206) topic-01fc45e3_7a45_4749_8da6_c16ed4c65a64 0 2 {"key11753928524469": "value-2"}
2025-07-31 02:22:06,413 INFO  [io.api.tes.ser.api.KafkaSerdesTester] (Thread-206) topic-01fc45e3_7a45_4749_8da6_c16ed4c65a64 0 3 {"key11753928524469": "value-3"}
2025-07-31 02:22:06,413 INFO  [io.api.tes.ser.api.KafkaSerdesTester] (Thread-206) topic-01fc45e3_7a45_4749_8da6_c16ed4c65a64 0 4 {"key11753928524469": "value-4"}
2025-07-31 02:22:06,413 INFO  [io.api.tes.ser.api.KafkaSerdesTester] (Thread-206) topic-01fc45e3_7a45_4749_8da6_c16ed4c65a64 0 5 {"key11753928524469": "value-5"}
2025-07-31 02:22:06,413 INFO  [io.api.tes.ser.api.KafkaSerdesTester] (Thread-206) topic-01fc45e3_7a45_4749_8da6_c16ed4c65a64 0 6 {"key11753928524469": "value-6"}
2025-07-31 02:22:06,413 INFO  [io.api.tes.ser.api.KafkaSerdesTester] (Thread-206) topic-01fc45e3_7a45_4749_8da6_c16ed4c65a64 0 7 {"key11753928524469": "value-7"}
2025-07-31 02:22:06,413 INFO  [io.api.tes.ser.api.KafkaSerdesTester] (Thread-206) topic-01fc45e3_7a45_4749_8da6_c16ed4c65a64 0 8 {"key11753928524469": "value-8"}
2025-07-31 02:22:06,413 INFO  [io.api.tes.ser.api.KafkaSerdesTester] (Thread-206) topic-01fc45e3_7a45_4749_8da6_c16ed4c65a64 0 9 {"key11753928524469": "value-9"}
2025-07-31 02:22:06,413 INFO  [io.api.tes.ser.api.KafkaSerdesTester] (Thread-206) Consumed 10 messages
2025-07-31 02:22:06,416 INFO  [org.apa.kaf.cli.con.int.ConsumerRebalanceListenerInvoker] (Thread-206) [Consumer clientId=consumer-Consumer-topic-01fc45e3_7a45_4749_8da6_c16ed4c65a64-12, groupId=Consumer-topic-01fc45e3_7a45_4749_8da6_c16ed4c65a64] Revoke previously assigned partitions topic-01fc45e3_7a45_4749_8da6_c16ed4c65a64-0
2025-07-31 02:22:06,416 INFO  [org.apa.kaf.cli.con.int.ConsumerCoordinator] (Thread-206) [Consumer clientId=consumer-Consumer-topic-01fc45e3_7a45_4749_8da6_c16ed4c65a64-12, groupId=Consumer-topic-01fc45e3_7a45_4749_8da6_c16ed4c65a64] Member consumer-Consumer-topic-01fc45e3_7a45_4749_8da6_c16ed4c65a64-12-8e6a1d10-3945-40b3-b73e-3e808888fb3c sending LeaveGroup request to coordinator localhost:32770 (id: 2147483647 rack: null) due to the consumer is being closed
2025-07-31 02:22:06,417 INFO  [org.apa.kaf.cli.con.int.ConsumerCoordinator] (Thread-206) [Consumer clientId=consumer-Consumer-topic-01fc45e3_7a45_4749_8da6_c16ed4c65a64-12, groupId=Consumer-topic-01fc45e3_7a45_4749_8da6_c16ed4c65a64] Resetting generation and member id due to: consumer pro-actively leaving the group
2025-07-31 02:22:06,418 INFO  [org.apa.kaf.cli.con.int.ConsumerCoordinator] (Thread-206) [Consumer clientId=consumer-Consumer-topic-01fc45e3_7a45_4749_8da6_c16ed4c65a64-12, groupId=Consumer-topic-01fc45e3_7a45_4749_8da6_c16ed4c65a64] Request joining group due to: consumer pro-actively leaving the group
2025-07-31 02:22:06,915 INFO  [org.apa.kaf.com.met.Metrics] (Thread-206) Metrics scheduler closed
2025-07-31 02:22:06,915 INFO  [org.apa.kaf.com.met.Metrics] (Thread-206) Closing reporter org.apache.kafka.common.metrics.JmxReporter
2025-07-31 02:22:06,915 INFO  [org.apa.kaf.com.met.Metrics] (Thread-206) Closing reporter org.apache.kafka.common.telemetry.internals.ClientTelemetryReporter
2025-07-31 02:22:06,916 INFO  [org.apa.kaf.com.met.Metrics] (Thread-206) Metrics reporters closed
2025-07-31 02:22:06,917 INFO  [org.apa.kaf.com.uti.AppInfoParser] (Thread-206) App info kafka.consumer for consumer-Consumer-topic-01fc45e3_7a45_4749_8da6_c16ed4c65a64-12 unregistered
2025-07-31 02:22:06,920 INFO  [org.apa.kaf.cli.con.int.ClassicKafkaConsumer] (Thread-207) [Consumer clientId=consumer-Consumer-topic-3142967c_e64d_4dbc_93d4_d21affacbd1f-13, groupId=Consumer-topic-3142967c_e64d_4dbc_93d4_d21affacbd1f] Subscribed to topic(s): topic-3142967c_e64d_4dbc_93d4_d21affacbd1f
2025-07-31 02:22:06,924 INFO  [org.apa.kaf.cli.Metadata] (Thread-207) [Consumer clientId=consumer-Consumer-topic-3142967c_e64d_4dbc_93d4_d21affacbd1f-13, groupId=Consumer-topic-3142967c_e64d_4dbc_93d4_d21affacbd1f] Cluster ID: d3IyjYRDQrmXThhQeh46ug
2025-07-31 02:22:06,925 INFO  [org.apa.kaf.cli.con.int.ConsumerCoordinator] (Thread-207) [Consumer clientId=consumer-Consumer-topic-3142967c_e64d_4dbc_93d4_d21affacbd1f-13, groupId=Consumer-topic-3142967c_e64d_4dbc_93d4_d21affacbd1f] Discovered group coordinator localhost:32770 (id: 2147483647 rack: null)
2025-07-31 02:22:06,926 INFO  [org.apa.kaf.cli.con.int.ConsumerCoordinator] (Thread-207) [Consumer clientId=consumer-Consumer-topic-3142967c_e64d_4dbc_93d4_d21affacbd1f-13, groupId=Consumer-topic-3142967c_e64d_4dbc_93d4_d21affacbd1f] (Re-)joining group
2025-07-31 02:22:06,929 INFO  [org.apa.kaf.cli.con.int.ConsumerCoordinator] (Thread-207) [Consumer clientId=consumer-Consumer-topic-3142967c_e64d_4dbc_93d4_d21affacbd1f-13, groupId=Consumer-topic-3142967c_e64d_4dbc_93d4_d21affacbd1f] Request joining group due to: need to re-join with the given member-id: consumer-Consumer-topic-3142967c_e64d_4dbc_93d4_d21affacbd1f-13-519d3405-ac62-4403-93fb-632d96f6ca44
2025-07-31 02:22:06,929 INFO  [org.apa.kaf.cli.con.int.ConsumerCoordinator] (Thread-207) [Consumer clientId=consumer-Consumer-topic-3142967c_e64d_4dbc_93d4_d21affacbd1f-13, groupId=Consumer-topic-3142967c_e64d_4dbc_93d4_d21affacbd1f] (Re-)joining group
2025-07-31 02:22:06,935 INFO  [org.apa.kaf.cli.con.int.ConsumerCoordinator] (Thread-207) [Consumer clientId=consumer-Consumer-topic-3142967c_e64d_4dbc_93d4_d21affacbd1f-13, groupId=Consumer-topic-3142967c_e64d_4dbc_93d4_d21affacbd1f] Successfully joined group with generation Generation{generationId=1, memberId='consumer-Consumer-topic-3142967c_e64d_4dbc_93d4_d21affacbd1f-13-519d3405-ac62-4403-93fb-632d96f6ca44', protocol='range'}
2025-07-31 02:22:06,935 INFO  [org.apa.kaf.cli.con.int.ConsumerCoordinator] (Thread-207) [Consumer clientId=consumer-Consumer-topic-3142967c_e64d_4dbc_93d4_d21affacbd1f-13, groupId=Consumer-topic-3142967c_e64d_4dbc_93d4_d21affacbd1f] Finished assignment for group at generation 1: {consumer-Consumer-topic-3142967c_e64d_4dbc_93d4_d21affacbd1f-13-519d3405-ac62-4403-93fb-632d96f6ca44=Assignment(partitions=[topic-3142967c_e64d_4dbc_93d4_d21affacbd1f-0])}
2025-07-31 02:22:06,938 INFO  [org.apa.kaf.cli.con.int.ConsumerCoordinator] (Thread-207) [Consumer clientId=consumer-Consumer-topic-3142967c_e64d_4dbc_93d4_d21affacbd1f-13, groupId=Consumer-topic-3142967c_e64d_4dbc_93d4_d21affacbd1f] Successfully synced group in generation Generation{generationId=1, memberId='consumer-Consumer-topic-3142967c_e64d_4dbc_93d4_d21affacbd1f-13-519d3405-ac62-4403-93fb-632d96f6ca44', protocol='range'}
2025-07-31 02:22:06,938 INFO  [org.apa.kaf.cli.con.int.ConsumerCoordinator] (Thread-207) [Consumer clientId=consumer-Consumer-topic-3142967c_e64d_4dbc_93d4_d21affacbd1f-13, groupId=Consumer-topic-3142967c_e64d_4dbc_93d4_d21affacbd1f] Notifying assignor about the new Assignment(partitions=[topic-3142967c_e64d_4dbc_93d4_d21affacbd1f-0])
2025-07-31 02:22:06,940 INFO  [org.apa.kaf.cli.con.int.ConsumerRebalanceListenerInvoker] (Thread-207) [Consumer clientId=consumer-Consumer-topic-3142967c_e64d_4dbc_93d4_d21affacbd1f-13, groupId=Consumer-topic-3142967c_e64d_4dbc_93d4_d21affacbd1f] Adding newly assigned partitions: topic-3142967c_e64d_4dbc_93d4_d21affacbd1f-0
2025-07-31 02:22:06,941 INFO  [org.apa.kaf.cli.con.int.ConsumerCoordinator] (Thread-207) [Consumer clientId=consumer-Consumer-topic-3142967c_e64d_4dbc_93d4_d21affacbd1f-13, groupId=Consumer-topic-3142967c_e64d_4dbc_93d4_d21affacbd1f] Found no committed offset for partition topic-3142967c_e64d_4dbc_93d4_d21affacbd1f-0
2025-07-31 02:22:06,946 INFO  [org.apa.kaf.cli.con.int.SubscriptionState] (Thread-207) [Consumer clientId=consumer-Consumer-topic-3142967c_e64d_4dbc_93d4_d21affacbd1f-13, groupId=Consumer-topic-3142967c_e64d_4dbc_93d4_d21affacbd1f] Resetting offset for partition topic-3142967c_e64d_4dbc_93d4_d21affacbd1f-0 to position FetchPosition{offset=0, offsetEpoch=Optional.empty, currentLeader=LeaderAndEpoch{leader=Optional[localhost:32770 (id: 0 rack: null)], epoch=0}}.
2025-07-31 02:22:06,976 INFO  [io.api.tes.ser.api.KafkaSerdesTester] (Thread-207) topic-3142967c_e64d_4dbc_93d4_d21affacbd1f 0 0 {"key11753928524469": "value-0"}
2025-07-31 02:22:06,976 INFO  [io.api.tes.ser.api.KafkaSerdesTester] (Thread-207) topic-3142967c_e64d_4dbc_93d4_d21affacbd1f 0 1 {"key11753928524469": "value-1"}
2025-07-31 02:22:06,976 INFO  [io.api.tes.ser.api.KafkaSerdesTester] (Thread-207) topic-3142967c_e64d_4dbc_93d4_d21affacbd1f 0 2 {"key11753928524469": "value-2"}
2025-07-31 02:22:06,976 INFO  [io.api.tes.ser.api.KafkaSerdesTester] (Thread-207) topic-3142967c_e64d_4dbc_93d4_d21affacbd1f 0 3 {"key11753928524469": "value-3"}
2025-07-31 02:22:06,976 INFO  [io.api.tes.ser.api.KafkaSerdesTester] (Thread-207) topic-3142967c_e64d_4dbc_93d4_d21affacbd1f 0 4 {"key11753928524469": "value-4"}
2025-07-31 02:22:06,976 INFO  [io.api.tes.ser.api.KafkaSerdesTester] (Thread-207) topic-3142967c_e64d_4dbc_93d4_d21affacbd1f 0 5 {"key11753928524469": "value-5"}
2025-07-31 02:22:06,976 INFO  [io.api.tes.ser.api.KafkaSerdesTester] (Thread-207) topic-3142967c_e64d_4dbc_93d4_d21affacbd1f 0 6 {"key11753928524469": "value-6"}
2025-07-31 02:22:06,977 INFO  [io.api.tes.ser.api.KafkaSerdesTester] (Thread-207) topic-3142967c_e64d_4dbc_93d4_d21affacbd1f 0 7 {"key11753928524469": "value-7"}
2025-07-31 02:22:06,977 INFO  [io.api.tes.ser.api.KafkaSerdesTester] (Thread-207) topic-3142967c_e64d_4dbc_93d4_d21affacbd1f 0 8 {"key11753928524469": "value-8"}
2025-07-31 02:22:06,977 INFO  [io.api.tes.ser.api.KafkaSerdesTester] (Thread-207) topic-3142967c_e64d_4dbc_93d4_d21affacbd1f 0 9 {"key11753928524469": "value-9"}
2025-07-31 02:22:06,977 INFO  [io.api.tes.ser.api.KafkaSerdesTester] (Thread-207) Consumed 10 messages
2025-07-31 02:22:06,980 INFO  [org.apa.kaf.cli.con.int.ConsumerRebalanceListenerInvoker] (Thread-207) [Consumer clientId=consumer-Consumer-topic-3142967c_e64d_4dbc_93d4_d21affacbd1f-13, groupId=Consumer-topic-3142967c_e64d_4dbc_93d4_d21affacbd1f] Revoke previously assigned partitions topic-3142967c_e64d_4dbc_93d4_d21affacbd1f-0
2025-07-31 02:22:06,980 INFO  [org.apa.kaf.cli.con.int.ConsumerCoordinator] (Thread-207) [Consumer clientId=consumer-Consumer-topic-3142967c_e64d_4dbc_93d4_d21affacbd1f-13, groupId=Consumer-topic-3142967c_e64d_4dbc_93d4_d21affacbd1f] Member consumer-Consumer-topic-3142967c_e64d_4dbc_93d4_d21affacbd1f-13-519d3405-ac62-4403-93fb-632d96f6ca44 sending LeaveGroup request to coordinator localhost:32770 (id: 2147483647 rack: null) due to the consumer is being closed
2025-07-31 02:22:06,980 INFO  [org.apa.kaf.cli.con.int.ConsumerCoordinator] (Thread-207) [Consumer clientId=consumer-Consumer-topic-3142967c_e64d_4dbc_93d4_d21affacbd1f-13, groupId=Consumer-topic-3142967c_e64d_4dbc_93d4_d21affacbd1f] Resetting generation and member id due to: consumer pro-actively leaving the group
2025-07-31 02:22:06,980 INFO  [org.apa.kaf.cli.con.int.ConsumerCoordinator] (Thread-207) [Consumer clientId=consumer-Consumer-topic-3142967c_e64d_4dbc_93d4_d21affacbd1f-13, groupId=Consumer-topic-3142967c_e64d_4dbc_93d4_d21affacbd1f] Request joining group due to: consumer pro-actively leaving the group
2025-07-31 02:22:07,478 INFO  [org.apa.kaf.com.met.Metrics] (Thread-207) Metrics scheduler closed
2025-07-31 02:22:07,478 INFO  [org.apa.kaf.com.met.Metrics] (Thread-207) Closing reporter org.apache.kafka.common.metrics.JmxReporter
2025-07-31 02:22:07,478 INFO  [org.apa.kaf.com.met.Metrics] (Thread-207) Closing reporter org.apache.kafka.common.telemetry.internals.ClientTelemetryReporter
2025-07-31 02:22:07,478 INFO  [org.apa.kaf.com.met.Metrics] (Thread-207) Metrics reporters closed
2025-07-31 02:22:07,481 INFO  [org.apa.kaf.com.uti.AppInfoParser] (Thread-207) App info kafka.consumer for consumer-Consumer-topic-3142967c_e64d_4dbc_93d4_d21affacbd1f-13 unregistered
2025-07-31 02:22:07,481 INFO  [io.api.tes.uti.TestSeparator] (main) io.apicurio.tests.serdes.apicurio.AvroSerdeIT.testAvroConfluentForMultipleTopics-FINISHED
2025-07-31 02:22:07,481 INFO  [io.api.tes.uti.TestSeparator] (main) ############################################################################
]]></system-out>
  </testcase>
  <testcase name="testFirstRequestFailsRateLimited" classname="io.apicurio.tests.serdes.apicurio.AvroSerdeIT" time="1.139">
    <system-out><![CDATA[2025-07-31 02:22:07,483 INFO  [io.api.tes.uti.TestSeparator] (main) ############################################################################
2025-07-31 02:22:07,483 INFO  [io.api.tes.uti.TestSeparator] (main) io.apicurio.tests.serdes.apicurio.AvroSerdeIT.testFirstRequestFailsRateLimited-STARTED
2025-07-31 02:22:08,142 WARN  [org.ecl.jet.ser.AbstractConnector] (main) Acceptors should be <= availableProcessors: NetworkTrafficServerConnector@7668b4ff{HTTP/1.1, (http/1.1, h2c)}{0.0.0.0:0} 
2025-07-31 02:22:08,254 INFO  [org.ecl.jet.ser.Server] (main) jetty-11.0.15; built: 2023-04-11T18:37:53.775Z; git: 5bc5e562c8d05c5862505aebe5cf83a61bdbcb96; jvm 17.0.16+8
2025-07-31 02:22:08,276 INFO  [org.ecl.jet.ser.han.ContextHandler] (main) Started o.e.j.s.ServletContextHandler@34eb24e2{/__admin,null,AVAILABLE}
2025-07-31 02:22:08,285 INFO  [org.ecl.jet.ser.han.Con.ROOT] (main) RequestHandlerClass from context returned com.github.tomakehurst.wiremock.http.StubRequestHandler. Normalized mapped under returned 'null'
2025-07-31 02:22:08,285 INFO  [org.ecl.jet.ser.han.ContextHandler] (main) Started o.e.j.s.ServletContextHandler@5da1d91{/,null,AVAILABLE}
2025-07-31 02:22:08,293 INFO  [org.ecl.jet.ser.AbstractConnector] (main) Started NetworkTrafficServerConnector@7668b4ff{HTTP/1.1, (http/1.1, h2c)}{0.0.0.0:42293}
2025-07-31 02:22:08,294 INFO  [org.ecl.jet.ser.Server] (main) Started Server@3a0773{STARTING}[11.0.15,sto=1000] @49591ms
2025-07-31 02:22:08,303 INFO  [org.apa.kaf.cli.pro.ProducerConfig] (main) ProducerConfig values: 
	acks = -1
	auto.include.jmx.reporter = true
	batch.size = 16384
	bootstrap.servers = [PLAINTEXT://localhost:32770]
	buffer.memory = 33554432
	client.dns.lookup = use_all_dns_ips
	client.id = Producer-topic-591495d0_3083_4b49_b7f6_4f8bc2adb68b
	compression.gzip.level = -1
	compression.lz4.level = 9
	compression.type = none
	compression.zstd.level = 3
	connections.max.idle.ms = 10000
	delivery.timeout.ms = 120000
	enable.idempotence = true
	enable.metrics.push = true
	interceptor.classes = []
	key.serializer = class org.apache.kafka.common.serialization.StringSerializer
	linger.ms = 0
	max.block.ms = 60000
	max.in.flight.requests.per.connection = 5
	max.request.size = 1048576
	metadata.max.age.ms = 300000
	metadata.max.idle.ms = 300000
	metadata.recovery.strategy = none
	metric.reporters = []
	metrics.num.samples = 2
	metrics.recording.level = INFO
	metrics.sample.window.ms = 30000
	partitioner.adaptive.partitioning.enable = true
	partitioner.availability.timeout.ms = 0
	partitioner.class = null
	partitioner.ignore.keys = false
	receive.buffer.bytes = 32768
	reconnect.backoff.max.ms = 1000
	reconnect.backoff.ms = 50
	request.timeout.ms = 5000
	retries = 2147483647
	retry.backoff.max.ms = 1000
	retry.backoff.ms = 100
	sasl.client.callback.handler.class = null
	sasl.jaas.config = null
	sasl.kerberos.kinit.cmd = /usr/bin/kinit
	sasl.kerberos.min.time.before.relogin = 60000
	sasl.kerberos.service.name = null
	sasl.kerberos.ticket.renew.jitter = 0.05
	sasl.kerberos.ticket.renew.window.factor = 0.8
	sasl.login.callback.handler.class = null
	sasl.login.class = null
	sasl.login.connect.timeout.ms = null
	sasl.login.read.timeout.ms = null
	sasl.login.refresh.buffer.seconds = 300
	sasl.login.refresh.min.period.seconds = 60
	sasl.login.refresh.window.factor = 0.8
	sasl.login.refresh.window.jitter = 0.05
	sasl.login.retry.backoff.max.ms = 10000
	sasl.login.retry.backoff.ms = 100
	sasl.mechanism = GSSAPI
	sasl.oauthbearer.clock.skew.seconds = 30
	sasl.oauthbearer.expected.audience = null
	sasl.oauthbearer.expected.issuer = null
	sasl.oauthbearer.header.urlencode = false
	sasl.oauthbearer.jwks.endpoint.refresh.ms = 3600000
	sasl.oauthbearer.jwks.endpoint.retry.backoff.max.ms = 10000
	sasl.oauthbearer.jwks.endpoint.retry.backoff.ms = 100
	sasl.oauthbearer.jwks.endpoint.url = null
	sasl.oauthbearer.scope.claim.name = scope
	sasl.oauthbearer.sub.claim.name = sub
	sasl.oauthbearer.token.endpoint.url = null
	security.protocol = PLAINTEXT
	security.providers = null
	send.buffer.bytes = 131072
	socket.connection.setup.timeout.max.ms = 30000
	socket.connection.setup.timeout.ms = 10000
	ssl.cipher.suites = null
	ssl.enabled.protocols = [TLSv1.2, TLSv1.3]
	ssl.endpoint.identification.algorithm = https
	ssl.engine.factory.class = null
	ssl.key.password = null
	ssl.keymanager.algorithm = SunX509
	ssl.keystore.certificate.chain = null
	ssl.keystore.key = null
	ssl.keystore.location = null
	ssl.keystore.password = null
	ssl.keystore.type = JKS
	ssl.protocol = TLSv1.3
	ssl.provider = null
	ssl.secure.random.implementation = null
	ssl.trustmanager.algorithm = PKIX
	ssl.truststore.certificates = null
	ssl.truststore.location = null
	ssl.truststore.password = null
	ssl.truststore.type = JKS
	transaction.timeout.ms = 60000
	transactional.id = null
	value.serializer = class io.apicurio.registry.serde.avro.AvroKafkaSerializer

2025-07-31 02:22:08,303 INFO  [org.apa.kaf.com.tel.int.KafkaMetricsCollector] (main) initializing Kafka metrics collector
2025-07-31 02:22:08,306 INFO  [org.apa.kaf.cli.pro.KafkaProducer] (main) [Producer clientId=Producer-topic-591495d0_3083_4b49_b7f6_4f8bc2adb68b] Instantiated an idempotent producer.
2025-07-31 02:22:08,308 INFO  [org.apa.kaf.cli.pro.ProducerConfig] (main) These configurations '[apicurio.registry.url, apicurio.registry.artifact-resolver-strategy]' were supplied but are not used yet.
2025-07-31 02:22:08,308 INFO  [org.apa.kaf.com.uti.AppInfoParser] (main) Kafka version: 3.9.0
2025-07-31 02:22:08,308 INFO  [org.apa.kaf.com.uti.AppInfoParser] (main) Kafka commitId: 84caaa6e9da06435
2025-07-31 02:22:08,312 INFO  [org.apa.kaf.com.uti.AppInfoParser] (main) Kafka startTimeMs: 1753928528308
2025-07-31 02:22:08,314 INFO  [io.api.tes.ser.api.KafkaSerdesTester] (Thread-218) Sending message {"keyB": "value-0"} to topic topic-591495d0_3083_4b49_b7f6_4f8bc2adb68b
2025-07-31 02:22:08,333 WARN  [org.apa.kaf.cli.NetworkClient] (kafka-producer-network-thread | Producer-topic-591495d0_3083_4b49_b7f6_4f8bc2adb68b) [Producer clientId=Producer-topic-591495d0_3083_4b49_b7f6_4f8bc2adb68b] The metadata response from the cluster reported a recoverable issue with correlation id 2 : {topic-591495d0_3083_4b49_b7f6_4f8bc2adb68b=LEADER_NOT_AVAILABLE}
2025-07-31 02:22:08,333 INFO  [org.apa.kaf.cli.Metadata] (kafka-producer-network-thread | Producer-topic-591495d0_3083_4b49_b7f6_4f8bc2adb68b) [Producer clientId=Producer-topic-591495d0_3083_4b49_b7f6_4f8bc2adb68b] Cluster ID: d3IyjYRDQrmXThhQeh46ug
2025-07-31 02:22:08,335 INFO  [org.apa.kaf.cli.pro.int.TransactionManager] (kafka-producer-network-thread | Producer-topic-591495d0_3083_4b49_b7f6_4f8bc2adb68b) [Producer clientId=Producer-topic-591495d0_3083_4b49_b7f6_4f8bc2adb68b] ProducerId set to 17 with epoch 0
2025-07-31 02:22:08,451 INFO  [DefaultSchemaResolver] (Thread-218) Retrieving schema content using string: {"type":"record","name":"myrecord","namespace":"mygroup","fields":[{"name":"keyB","type":"string"}]}
2025-07-31 02:22:08,600 INFO  [org.apa.kaf.cli.pro.KafkaProducer] (Thread-218) [Producer clientId=Producer-topic-591495d0_3083_4b49_b7f6_4f8bc2adb68b] Closing the Kafka producer with timeoutMillis = 9223372036854775807 ms.
2025-07-31 02:22:08,605 INFO  [org.apa.kaf.com.met.Metrics] (Thread-218) Metrics scheduler closed
2025-07-31 02:22:08,605 INFO  [org.apa.kaf.com.met.Metrics] (Thread-218) Closing reporter org.apache.kafka.common.metrics.JmxReporter
2025-07-31 02:22:08,605 INFO  [org.apa.kaf.com.met.Metrics] (Thread-218) Closing reporter org.apache.kafka.common.telemetry.internals.ClientTelemetryReporter
2025-07-31 02:22:08,605 INFO  [org.apa.kaf.com.met.Metrics] (Thread-218) Metrics reporters closed
2025-07-31 02:22:08,606 INFO  [org.apa.kaf.com.uti.AppInfoParser] (Thread-218) App info kafka.producer for Producer-topic-591495d0_3083_4b49_b7f6_4f8bc2adb68b unregistered
2025-07-31 02:22:08,607 INFO  [org.ecl.jet.ser.Server] (main) Stopped Server@3a0773{STOPPING}[11.0.15,sto=1000]
2025-07-31 02:22:08,607 INFO  [org.ecl.jet.ser.Server] (main) Shutdown Server@3a0773{STOPPING}[11.0.15,sto=1000]
2025-07-31 02:22:08,614 INFO  [org.ecl.jet.ser.AbstractConnector] (main) Stopped NetworkTrafficServerConnector@7668b4ff{HTTP/1.1, (http/1.1, h2c)}{0.0.0.0:0}
2025-07-31 02:22:08,615 INFO  [org.ecl.jet.ser.han.ContextHandler] (main) Stopped o.e.j.s.ServletContextHandler@5da1d91{/,null,STOPPED}
2025-07-31 02:22:08,616 INFO  [org.ecl.jet.ser.han.ContextHandler] (main) Stopped o.e.j.s.ServletContextHandler@34eb24e2{/__admin,null,STOPPED}
2025-07-31 02:22:08,621 INFO  [io.api.tes.uti.TestSeparator] (main) io.apicurio.tests.serdes.apicurio.AvroSerdeIT.testFirstRequestFailsRateLimited-FINISHED
2025-07-31 02:22:08,621 INFO  [io.api.tes.uti.TestSeparator] (main) ############################################################################
]]></system-out>
    <system-err><![CDATA[com.microsoft.kiota.ApiException: the server returned an unexpected status code and no error class is registered for this code 429
	at com.microsoft.kiota.ApiExceptionBuilder.withMessage(ApiExceptionBuilder.java:45)
	at io.kiota.http.vertx.VertXRequestAdapter.throwIfFailedResponse(VertXRequestAdapter.java:370)
	at io.kiota.http.vertx.VertXRequestAdapter.send(VertXRequestAdapter.java:170)
	at io.apicurio.registry.rest.client.search.versions.VersionsRequestBuilder.post(VersionsRequestBuilder.java:94)
	at io.apicurio.registry.resolver.DefaultSchemaResolver.lambda$handleResolveSchemaByContent$5(DefaultSchemaResolver.java:276)
	at io.apicurio.registry.resolver.ERCache.lambda$getValue$0(ERCache.java:181)
	at io.apicurio.registry.resolver.ERCache.retry(ERCache.java:234)
	at io.apicurio.registry.resolver.ERCache.getValue(ERCache.java:180)
	at io.apicurio.registry.resolver.ERCache.getByContent(ERCache.java:154)
	at io.apicurio.registry.resolver.DefaultSchemaResolver.handleResolveSchemaByContent(DefaultSchemaResolver.java:269)
	at io.apicurio.registry.resolver.DefaultSchemaResolver.getSchemaFromRegistry(DefaultSchemaResolver.java:142)
	at io.apicurio.registry.resolver.DefaultSchemaResolver.lambda$resolveSchema$0(DefaultSchemaResolver.java:86)
	at java.base/java.util.Optional.orElseGet(Optional.java:364)
	at io.apicurio.registry.resolver.DefaultSchemaResolver.resolveSchema(DefaultSchemaResolver.java:86)
	at io.apicurio.registry.serde.AbstractSerializer.serializeData(AbstractSerializer.java:62)
	at io.apicurio.registry.serde.KafkaSerializer.serialize(KafkaSerializer.java:77)
	at org.apache.kafka.clients.producer.KafkaProducer.doSend(KafkaProducer.java:1046)
	at org.apache.kafka.clients.producer.KafkaProducer.send(KafkaProducer.java:993)
	at org.apache.kafka.clients.producer.KafkaProducer.send(KafkaProducer.java:875)
	at io.apicurio.tests.serdes.apicurio.KafkaSerdesTester.lambda$produceMessages$3(KafkaSerdesTester.java:138)
	at java.base/java.util.concurrent.CompletableFuture$AsyncSupply.run(CompletableFuture.java:1768)
	at java.base/java.lang.Thread.run(Thread.java:840)
]]></system-err>
  </testcase>
  <testcase name="testFirstEmptyFieldConfusedAsMagicByte" classname="io.apicurio.tests.serdes.apicurio.AvroSerdeIT" time="0.868">
    <system-out><![CDATA[2025-07-31 02:22:08,622 INFO  [io.api.tes.uti.TestSeparator] (main) ############################################################################
2025-07-31 02:22:08,622 INFO  [io.api.tes.uti.TestSeparator] (main) io.apicurio.tests.serdes.apicurio.AvroSerdeIT.testFirstEmptyFieldConfusedAsMagicByte-STARTED
2025-07-31 02:22:08,643 INFO  [org.apa.kaf.cli.pro.ProducerConfig] (main) ProducerConfig values: 
	acks = -1
	auto.include.jmx.reporter = true
	batch.size = 16384
	bootstrap.servers = [PLAINTEXT://localhost:32770]
	buffer.memory = 33554432
	client.dns.lookup = use_all_dns_ips
	client.id = Producer-topic-ff2ca94e_837e_4ce6_9628_0d4c5942114a
	compression.gzip.level = -1
	compression.lz4.level = 9
	compression.type = none
	compression.zstd.level = 3
	connections.max.idle.ms = 10000
	delivery.timeout.ms = 120000
	enable.idempotence = true
	enable.metrics.push = true
	interceptor.classes = []
	key.serializer = class org.apache.kafka.common.serialization.StringSerializer
	linger.ms = 0
	max.block.ms = 60000
	max.in.flight.requests.per.connection = 5
	max.request.size = 1048576
	metadata.max.age.ms = 300000
	metadata.max.idle.ms = 300000
	metadata.recovery.strategy = none
	metric.reporters = []
	metrics.num.samples = 2
	metrics.recording.level = INFO
	metrics.sample.window.ms = 30000
	partitioner.adaptive.partitioning.enable = true
	partitioner.availability.timeout.ms = 0
	partitioner.class = null
	partitioner.ignore.keys = false
	receive.buffer.bytes = 32768
	reconnect.backoff.max.ms = 1000
	reconnect.backoff.ms = 50
	request.timeout.ms = 5000
	retries = 2147483647
	retry.backoff.max.ms = 1000
	retry.backoff.ms = 100
	sasl.client.callback.handler.class = null
	sasl.jaas.config = null
	sasl.kerberos.kinit.cmd = /usr/bin/kinit
	sasl.kerberos.min.time.before.relogin = 60000
	sasl.kerberos.service.name = null
	sasl.kerberos.ticket.renew.jitter = 0.05
	sasl.kerberos.ticket.renew.window.factor = 0.8
	sasl.login.callback.handler.class = null
	sasl.login.class = null
	sasl.login.connect.timeout.ms = null
	sasl.login.read.timeout.ms = null
	sasl.login.refresh.buffer.seconds = 300
	sasl.login.refresh.min.period.seconds = 60
	sasl.login.refresh.window.factor = 0.8
	sasl.login.refresh.window.jitter = 0.05
	sasl.login.retry.backoff.max.ms = 10000
	sasl.login.retry.backoff.ms = 100
	sasl.mechanism = GSSAPI
	sasl.oauthbearer.clock.skew.seconds = 30
	sasl.oauthbearer.expected.audience = null
	sasl.oauthbearer.expected.issuer = null
	sasl.oauthbearer.header.urlencode = false
	sasl.oauthbearer.jwks.endpoint.refresh.ms = 3600000
	sasl.oauthbearer.jwks.endpoint.retry.backoff.max.ms = 10000
	sasl.oauthbearer.jwks.endpoint.retry.backoff.ms = 100
	sasl.oauthbearer.jwks.endpoint.url = null
	sasl.oauthbearer.scope.claim.name = scope
	sasl.oauthbearer.sub.claim.name = sub
	sasl.oauthbearer.token.endpoint.url = null
	security.protocol = PLAINTEXT
	security.providers = null
	send.buffer.bytes = 131072
	socket.connection.setup.timeout.max.ms = 30000
	socket.connection.setup.timeout.ms = 10000
	ssl.cipher.suites = null
	ssl.enabled.protocols = [TLSv1.2, TLSv1.3]
	ssl.endpoint.identification.algorithm = https
	ssl.engine.factory.class = null
	ssl.key.password = null
	ssl.keymanager.algorithm = SunX509
	ssl.keystore.certificate.chain = null
	ssl.keystore.key = null
	ssl.keystore.location = null
	ssl.keystore.password = null
	ssl.keystore.type = JKS
	ssl.protocol = TLSv1.3
	ssl.provider = null
	ssl.secure.random.implementation = null
	ssl.trustmanager.algorithm = PKIX
	ssl.truststore.certificates = null
	ssl.truststore.location = null
	ssl.truststore.password = null
	ssl.truststore.type = JKS
	transaction.timeout.ms = 60000
	transactional.id = null
	value.serializer = class io.apicurio.registry.serde.avro.AvroKafkaSerializer

2025-07-31 02:22:08,644 INFO  [org.apa.kaf.com.tel.int.KafkaMetricsCollector] (main) initializing Kafka metrics collector
2025-07-31 02:22:08,662 INFO  [org.apa.kaf.cli.pro.KafkaProducer] (main) [Producer clientId=Producer-topic-ff2ca94e_837e_4ce6_9628_0d4c5942114a] Instantiated an idempotent producer.
2025-07-31 02:22:08,668 INFO  [org.apa.kaf.cli.pro.ProducerConfig] (main) These configurations '[apicurio.registry.url, apicurio.registry.auto-register, apicurio.registry.artifact-resolver-strategy]' were supplied but are not used yet.
2025-07-31 02:22:08,668 INFO  [org.apa.kaf.com.uti.AppInfoParser] (main) Kafka version: 3.9.0
2025-07-31 02:22:08,668 INFO  [org.apa.kaf.com.uti.AppInfoParser] (main) Kafka commitId: 84caaa6e9da06435
2025-07-31 02:22:08,668 INFO  [org.apa.kaf.com.uti.AppInfoParser] (main) Kafka startTimeMs: 1753928528668
2025-07-31 02:22:08,669 INFO  [io.api.tes.ser.api.SimpleSerdesTesterBuilder$SimpleSerdesTester] (main) Using producer configuration: {apicurio.registry.url=http://registry-app-postgresql.apps.ci419.apicurio-testing.org:80/apis/registry/v3, apicurio.registry.auto-register=true, apicurio.registry.artifact-resolver-strategy=io.apicurio.registry.serde.strategy.SimpleTopicIdStrategy, value.serializer=io.apicurio.registry.serde.avro.AvroKafkaSerializer, request.timeout.ms=5000, acks=all, bootstrap.servers=PLAINTEXT://localhost:32770, connections.max.idle.ms=10000, key.serializer=org.apache.kafka.common.serialization.StringSerializer, client.id=Producer-topic-ff2ca94e_837e_4ce6_9628_0d4c5942114a}
2025-07-31 02:22:08,669 INFO  [io.api.tes.ser.api.SimpleSerdesTesterBuilder$SimpleSerdesTester] (main) Using consumer configuration: {}
2025-07-31 02:22:08,673 INFO  [io.api.tes.ser.api.KafkaSerdesTester] (Thread-221) Sending message {"username": null} to topic topic-ff2ca94e_837e_4ce6_9628_0d4c5942114a
2025-07-31 02:22:08,693 WARN  [org.apa.kaf.cli.NetworkClient] (kafka-producer-network-thread | Producer-topic-ff2ca94e_837e_4ce6_9628_0d4c5942114a) [Producer clientId=Producer-topic-ff2ca94e_837e_4ce6_9628_0d4c5942114a] The metadata response from the cluster reported a recoverable issue with correlation id 2 : {topic-ff2ca94e_837e_4ce6_9628_0d4c5942114a=LEADER_NOT_AVAILABLE}
2025-07-31 02:22:08,693 INFO  [org.apa.kaf.cli.Metadata] (kafka-producer-network-thread | Producer-topic-ff2ca94e_837e_4ce6_9628_0d4c5942114a) [Producer clientId=Producer-topic-ff2ca94e_837e_4ce6_9628_0d4c5942114a] Cluster ID: d3IyjYRDQrmXThhQeh46ug
2025-07-31 02:22:08,694 INFO  [org.apa.kaf.cli.pro.int.TransactionManager] (kafka-producer-network-thread | Producer-topic-ff2ca94e_837e_4ce6_9628_0d4c5942114a) [Producer clientId=Producer-topic-ff2ca94e_837e_4ce6_9628_0d4c5942114a] ProducerId set to 18 with epoch 0
2025-07-31 02:22:08,852 INFO  [io.api.tes.ser.api.KafkaSerdesTester] (Thread-221) Sending message {"username": null} to topic topic-ff2ca94e_837e_4ce6_9628_0d4c5942114a
2025-07-31 02:22:08,854 INFO  [io.api.tes.ser.api.KafkaSerdesTester] (Thread-221) Sending message {"username": "value-2"} to topic topic-ff2ca94e_837e_4ce6_9628_0d4c5942114a
2025-07-31 02:22:08,856 INFO  [io.api.tes.ser.api.KafkaSerdesTester] (Thread-221) Sending message {"username": null} to topic topic-ff2ca94e_837e_4ce6_9628_0d4c5942114a
2025-07-31 02:22:08,858 INFO  [io.api.tes.ser.api.KafkaSerdesTester] (Thread-221) Sending message {"username": "value-4"} to topic topic-ff2ca94e_837e_4ce6_9628_0d4c5942114a
2025-07-31 02:22:08,866 INFO  [io.api.tes.ser.api.KafkaSerdesTester] (Thread-221) Sending message {"username": null} to topic topic-ff2ca94e_837e_4ce6_9628_0d4c5942114a
2025-07-31 02:22:08,867 INFO  [io.api.tes.ser.api.KafkaSerdesTester] (Thread-221) Sending message {"username": "value-6"} to topic topic-ff2ca94e_837e_4ce6_9628_0d4c5942114a
2025-07-31 02:22:08,869 INFO  [io.api.tes.ser.api.KafkaSerdesTester] (Thread-221) Sending message {"username": null} to topic topic-ff2ca94e_837e_4ce6_9628_0d4c5942114a
2025-07-31 02:22:08,871 INFO  [io.api.tes.ser.api.KafkaSerdesTester] (Thread-221) Sending message {"username": "value-8"} to topic topic-ff2ca94e_837e_4ce6_9628_0d4c5942114a
2025-07-31 02:22:08,872 INFO  [io.api.tes.ser.api.KafkaSerdesTester] (Thread-221) Sending message {"username": null} to topic topic-ff2ca94e_837e_4ce6_9628_0d4c5942114a
2025-07-31 02:22:08,875 INFO  [io.api.tes.ser.api.KafkaSerdesTester] (Thread-221) Produced 10 messages
2025-07-31 02:22:08,875 INFO  [org.apa.kaf.cli.pro.KafkaProducer] (Thread-221) [Producer clientId=Producer-topic-ff2ca94e_837e_4ce6_9628_0d4c5942114a] Closing the Kafka producer with timeoutMillis = 9223372036854775807 ms.
2025-07-31 02:22:08,878 INFO  [org.apa.kaf.com.met.Metrics] (Thread-221) Metrics scheduler closed
2025-07-31 02:22:08,878 INFO  [org.apa.kaf.com.met.Metrics] (Thread-221) Closing reporter org.apache.kafka.common.metrics.JmxReporter
2025-07-31 02:22:08,878 INFO  [org.apa.kaf.com.met.Metrics] (Thread-221) Closing reporter org.apache.kafka.common.telemetry.internals.ClientTelemetryReporter
2025-07-31 02:22:08,878 INFO  [org.apa.kaf.com.met.Metrics] (Thread-221) Metrics reporters closed
2025-07-31 02:22:08,878 INFO  [org.apa.kaf.com.uti.AppInfoParser] (Thread-221) App info kafka.producer for Producer-topic-ff2ca94e_837e_4ce6_9628_0d4c5942114a unregistered
2025-07-31 02:22:08,905 INFO  [org.apa.kaf.cli.con.ConsumerConfig] (main) ConsumerConfig values: 
	allow.auto.create.topics = true
	auto.commit.interval.ms = 500
	auto.include.jmx.reporter = true
	auto.offset.reset = earliest
	bootstrap.servers = [PLAINTEXT://localhost:32770]
	check.crcs = true
	client.dns.lookup = use_all_dns_ips
	client.id = consumer-Consumer-topic-ff2ca94e_837e_4ce6_9628_0d4c5942114a-14
	client.rack = 
	connections.max.idle.ms = 10000
	default.api.timeout.ms = 60000
	enable.auto.commit = true
	enable.metrics.push = true
	exclude.internal.topics = true
	fetch.max.bytes = 52428800
	fetch.max.wait.ms = 500
	fetch.min.bytes = 1
	group.id = Consumer-topic-ff2ca94e_837e_4ce6_9628_0d4c5942114a
	group.instance.id = null
	group.protocol = classic
	group.remote.assignor = null
	heartbeat.interval.ms = 3000
	interceptor.classes = []
	internal.leave.group.on.close = true
	internal.throw.on.fetch.stable.offset.unsupported = false
	isolation.level = read_uncommitted
	key.deserializer = class org.apache.kafka.common.serialization.StringDeserializer
	max.partition.fetch.bytes = 1048576
	max.poll.interval.ms = 300000
	max.poll.records = 500
	metadata.max.age.ms = 300000
	metadata.recovery.strategy = none
	metric.reporters = []
	metrics.num.samples = 2
	metrics.recording.level = INFO
	metrics.sample.window.ms = 30000
	partition.assignment.strategy = [class org.apache.kafka.clients.consumer.RangeAssignor, class org.apache.kafka.clients.consumer.CooperativeStickyAssignor]
	receive.buffer.bytes = 65536
	reconnect.backoff.max.ms = 1000
	reconnect.backoff.ms = 50
	request.timeout.ms = 5000
	retry.backoff.max.ms = 1000
	retry.backoff.ms = 100
	sasl.client.callback.handler.class = null
	sasl.jaas.config = null
	sasl.kerberos.kinit.cmd = /usr/bin/kinit
	sasl.kerberos.min.time.before.relogin = 60000
	sasl.kerberos.service.name = null
	sasl.kerberos.ticket.renew.jitter = 0.05
	sasl.kerberos.ticket.renew.window.factor = 0.8
	sasl.login.callback.handler.class = null
	sasl.login.class = null
	sasl.login.connect.timeout.ms = null
	sasl.login.read.timeout.ms = null
	sasl.login.refresh.buffer.seconds = 300
	sasl.login.refresh.min.period.seconds = 60
	sasl.login.refresh.window.factor = 0.8
	sasl.login.refresh.window.jitter = 0.05
	sasl.login.retry.backoff.max.ms = 10000
	sasl.login.retry.backoff.ms = 100
	sasl.mechanism = GSSAPI
	sasl.oauthbearer.clock.skew.seconds = 30
	sasl.oauthbearer.expected.audience = null
	sasl.oauthbearer.expected.issuer = null
	sasl.oauthbearer.header.urlencode = false
	sasl.oauthbearer.jwks.endpoint.refresh.ms = 3600000
	sasl.oauthbearer.jwks.endpoint.retry.backoff.max.ms = 10000
	sasl.oauthbearer.jwks.endpoint.retry.backoff.ms = 100
	sasl.oauthbearer.jwks.endpoint.url = null
	sasl.oauthbearer.scope.claim.name = scope
	sasl.oauthbearer.sub.claim.name = sub
	sasl.oauthbearer.token.endpoint.url = null
	security.protocol = PLAINTEXT
	security.providers = null
	send.buffer.bytes = 131072
	session.timeout.ms = 45000
	socket.connection.setup.timeout.max.ms = 30000
	socket.connection.setup.timeout.ms = 10000
	ssl.cipher.suites = null
	ssl.enabled.protocols = [TLSv1.2, TLSv1.3]
	ssl.endpoint.identification.algorithm = https
	ssl.engine.factory.class = null
	ssl.key.password = null
	ssl.keymanager.algorithm = SunX509
	ssl.keystore.certificate.chain = null
	ssl.keystore.key = null
	ssl.keystore.location = null
	ssl.keystore.password = null
	ssl.keystore.type = JKS
	ssl.protocol = TLSv1.3
	ssl.provider = null
	ssl.secure.random.implementation = null
	ssl.trustmanager.algorithm = PKIX
	ssl.truststore.certificates = null
	ssl.truststore.location = null
	ssl.truststore.password = null
	ssl.truststore.type = JKS
	value.deserializer = class io.apicurio.registry.serde.avro.AvroKafkaDeserializer

2025-07-31 02:22:08,905 INFO  [org.apa.kaf.com.tel.int.KafkaMetricsCollector] (main) initializing Kafka metrics collector
2025-07-31 02:22:08,911 INFO  [org.apa.kaf.cli.con.ConsumerConfig] (main) These configurations '[apicurio.registry.url]' were supplied but are not used yet.
2025-07-31 02:22:08,911 INFO  [org.apa.kaf.com.uti.AppInfoParser] (main) Kafka version: 3.9.0
2025-07-31 02:22:08,911 INFO  [org.apa.kaf.com.uti.AppInfoParser] (main) Kafka commitId: 84caaa6e9da06435
2025-07-31 02:22:08,911 INFO  [org.apa.kaf.com.uti.AppInfoParser] (main) Kafka startTimeMs: 1753928528911
2025-07-31 02:22:08,912 INFO  [org.apa.kaf.cli.con.int.ClassicKafkaConsumer] (Thread-224) [Consumer clientId=consumer-Consumer-topic-ff2ca94e_837e_4ce6_9628_0d4c5942114a-14, groupId=Consumer-topic-ff2ca94e_837e_4ce6_9628_0d4c5942114a] Subscribed to topic(s): topic-ff2ca94e_837e_4ce6_9628_0d4c5942114a
2025-07-31 02:22:08,916 INFO  [org.apa.kaf.cli.Metadata] (Thread-224) [Consumer clientId=consumer-Consumer-topic-ff2ca94e_837e_4ce6_9628_0d4c5942114a-14, groupId=Consumer-topic-ff2ca94e_837e_4ce6_9628_0d4c5942114a] Cluster ID: d3IyjYRDQrmXThhQeh46ug
2025-07-31 02:22:08,917 INFO  [org.apa.kaf.cli.con.int.ConsumerCoordinator] (Thread-224) [Consumer clientId=consumer-Consumer-topic-ff2ca94e_837e_4ce6_9628_0d4c5942114a-14, groupId=Consumer-topic-ff2ca94e_837e_4ce6_9628_0d4c5942114a] Discovered group coordinator localhost:32770 (id: 2147483647 rack: null)
2025-07-31 02:22:08,918 INFO  [org.apa.kaf.cli.con.int.ConsumerCoordinator] (Thread-224) [Consumer clientId=consumer-Consumer-topic-ff2ca94e_837e_4ce6_9628_0d4c5942114a-14, groupId=Consumer-topic-ff2ca94e_837e_4ce6_9628_0d4c5942114a] (Re-)joining group
2025-07-31 02:22:08,924 INFO  [org.apa.kaf.cli.con.int.ConsumerCoordinator] (Thread-224) [Consumer clientId=consumer-Consumer-topic-ff2ca94e_837e_4ce6_9628_0d4c5942114a-14, groupId=Consumer-topic-ff2ca94e_837e_4ce6_9628_0d4c5942114a] Request joining group due to: need to re-join with the given member-id: consumer-Consumer-topic-ff2ca94e_837e_4ce6_9628_0d4c5942114a-14-e8fc66b4-2619-45c4-bbea-cc4a19ded601
2025-07-31 02:22:08,924 INFO  [org.apa.kaf.cli.con.int.ConsumerCoordinator] (Thread-224) [Consumer clientId=consumer-Consumer-topic-ff2ca94e_837e_4ce6_9628_0d4c5942114a-14, groupId=Consumer-topic-ff2ca94e_837e_4ce6_9628_0d4c5942114a] (Re-)joining group
2025-07-31 02:22:08,929 INFO  [org.apa.kaf.cli.con.int.ConsumerCoordinator] (Thread-224) [Consumer clientId=consumer-Consumer-topic-ff2ca94e_837e_4ce6_9628_0d4c5942114a-14, groupId=Consumer-topic-ff2ca94e_837e_4ce6_9628_0d4c5942114a] Successfully joined group with generation Generation{generationId=1, memberId='consumer-Consumer-topic-ff2ca94e_837e_4ce6_9628_0d4c5942114a-14-e8fc66b4-2619-45c4-bbea-cc4a19ded601', protocol='range'}
2025-07-31 02:22:08,930 INFO  [org.apa.kaf.cli.con.int.ConsumerCoordinator] (Thread-224) [Consumer clientId=consumer-Consumer-topic-ff2ca94e_837e_4ce6_9628_0d4c5942114a-14, groupId=Consumer-topic-ff2ca94e_837e_4ce6_9628_0d4c5942114a] Finished assignment for group at generation 1: {consumer-Consumer-topic-ff2ca94e_837e_4ce6_9628_0d4c5942114a-14-e8fc66b4-2619-45c4-bbea-cc4a19ded601=Assignment(partitions=[topic-ff2ca94e_837e_4ce6_9628_0d4c5942114a-0])}
2025-07-31 02:22:08,935 INFO  [org.apa.kaf.cli.con.int.ConsumerCoordinator] (Thread-224) [Consumer clientId=consumer-Consumer-topic-ff2ca94e_837e_4ce6_9628_0d4c5942114a-14, groupId=Consumer-topic-ff2ca94e_837e_4ce6_9628_0d4c5942114a] Successfully synced group in generation Generation{generationId=1, memberId='consumer-Consumer-topic-ff2ca94e_837e_4ce6_9628_0d4c5942114a-14-e8fc66b4-2619-45c4-bbea-cc4a19ded601', protocol='range'}
2025-07-31 02:22:08,936 INFO  [org.apa.kaf.cli.con.int.ConsumerCoordinator] (Thread-224) [Consumer clientId=consumer-Consumer-topic-ff2ca94e_837e_4ce6_9628_0d4c5942114a-14, groupId=Consumer-topic-ff2ca94e_837e_4ce6_9628_0d4c5942114a] Notifying assignor about the new Assignment(partitions=[topic-ff2ca94e_837e_4ce6_9628_0d4c5942114a-0])
2025-07-31 02:22:08,936 INFO  [org.apa.kaf.cli.con.int.ConsumerRebalanceListenerInvoker] (Thread-224) [Consumer clientId=consumer-Consumer-topic-ff2ca94e_837e_4ce6_9628_0d4c5942114a-14, groupId=Consumer-topic-ff2ca94e_837e_4ce6_9628_0d4c5942114a] Adding newly assigned partitions: topic-ff2ca94e_837e_4ce6_9628_0d4c5942114a-0
2025-07-31 02:22:08,939 INFO  [org.apa.kaf.cli.con.int.ConsumerCoordinator] (Thread-224) [Consumer clientId=consumer-Consumer-topic-ff2ca94e_837e_4ce6_9628_0d4c5942114a-14, groupId=Consumer-topic-ff2ca94e_837e_4ce6_9628_0d4c5942114a] Found no committed offset for partition topic-ff2ca94e_837e_4ce6_9628_0d4c5942114a-0
2025-07-31 02:22:08,947 INFO  [org.apa.kaf.cli.con.int.SubscriptionState] (Thread-224) [Consumer clientId=consumer-Consumer-topic-ff2ca94e_837e_4ce6_9628_0d4c5942114a-14, groupId=Consumer-topic-ff2ca94e_837e_4ce6_9628_0d4c5942114a] Resetting offset for partition topic-ff2ca94e_837e_4ce6_9628_0d4c5942114a-0 to position FetchPosition{offset=0, offsetEpoch=Optional.empty, currentLeader=LeaderAndEpoch{leader=Optional[localhost:32770 (id: 0 rack: null)], epoch=0}}.
2025-07-31 02:22:08,984 INFO  [io.api.tes.ser.api.KafkaSerdesTester] (Thread-224) topic-ff2ca94e_837e_4ce6_9628_0d4c5942114a 0 0 {"username": null}
2025-07-31 02:22:08,985 INFO  [io.api.tes.ser.api.KafkaSerdesTester] (Thread-224) topic-ff2ca94e_837e_4ce6_9628_0d4c5942114a 0 1 {"username": null}
2025-07-31 02:22:08,985 INFO  [io.api.tes.ser.api.KafkaSerdesTester] (Thread-224) topic-ff2ca94e_837e_4ce6_9628_0d4c5942114a 0 2 {"username": "value-2"}
2025-07-31 02:22:08,985 INFO  [io.api.tes.ser.api.KafkaSerdesTester] (Thread-224) topic-ff2ca94e_837e_4ce6_9628_0d4c5942114a 0 3 {"username": null}
2025-07-31 02:22:08,985 INFO  [io.api.tes.ser.api.KafkaSerdesTester] (Thread-224) topic-ff2ca94e_837e_4ce6_9628_0d4c5942114a 0 4 {"username": "value-4"}
2025-07-31 02:22:08,985 INFO  [io.api.tes.ser.api.KafkaSerdesTester] (Thread-224) topic-ff2ca94e_837e_4ce6_9628_0d4c5942114a 0 5 {"username": null}
2025-07-31 02:22:08,985 INFO  [io.api.tes.ser.api.KafkaSerdesTester] (Thread-224) topic-ff2ca94e_837e_4ce6_9628_0d4c5942114a 0 6 {"username": "value-6"}
2025-07-31 02:22:08,985 INFO  [io.api.tes.ser.api.KafkaSerdesTester] (Thread-224) topic-ff2ca94e_837e_4ce6_9628_0d4c5942114a 0 7 {"username": null}
2025-07-31 02:22:08,985 INFO  [io.api.tes.ser.api.KafkaSerdesTester] (Thread-224) topic-ff2ca94e_837e_4ce6_9628_0d4c5942114a 0 8 {"username": "value-8"}
2025-07-31 02:22:08,985 INFO  [io.api.tes.ser.api.KafkaSerdesTester] (Thread-224) topic-ff2ca94e_837e_4ce6_9628_0d4c5942114a 0 9 {"username": null}
2025-07-31 02:22:08,985 INFO  [io.api.tes.ser.api.KafkaSerdesTester] (Thread-224) Consumed 10 messages
2025-07-31 02:22:08,988 INFO  [org.apa.kaf.cli.con.int.ConsumerRebalanceListenerInvoker] (Thread-224) [Consumer clientId=consumer-Consumer-topic-ff2ca94e_837e_4ce6_9628_0d4c5942114a-14, groupId=Consumer-topic-ff2ca94e_837e_4ce6_9628_0d4c5942114a] Revoke previously assigned partitions topic-ff2ca94e_837e_4ce6_9628_0d4c5942114a-0
2025-07-31 02:22:08,989 INFO  [org.apa.kaf.cli.con.int.ConsumerCoordinator] (Thread-224) [Consumer clientId=consumer-Consumer-topic-ff2ca94e_837e_4ce6_9628_0d4c5942114a-14, groupId=Consumer-topic-ff2ca94e_837e_4ce6_9628_0d4c5942114a] Member consumer-Consumer-topic-ff2ca94e_837e_4ce6_9628_0d4c5942114a-14-e8fc66b4-2619-45c4-bbea-cc4a19ded601 sending LeaveGroup request to coordinator localhost:32770 (id: 2147483647 rack: null) due to the consumer is being closed
2025-07-31 02:22:08,990 INFO  [org.apa.kaf.cli.con.int.ConsumerCoordinator] (Thread-224) [Consumer clientId=consumer-Consumer-topic-ff2ca94e_837e_4ce6_9628_0d4c5942114a-14, groupId=Consumer-topic-ff2ca94e_837e_4ce6_9628_0d4c5942114a] Resetting generation and member id due to: consumer pro-actively leaving the group
2025-07-31 02:22:08,990 INFO  [org.apa.kaf.cli.con.int.ConsumerCoordinator] (Thread-224) [Consumer clientId=consumer-Consumer-topic-ff2ca94e_837e_4ce6_9628_0d4c5942114a-14, groupId=Consumer-topic-ff2ca94e_837e_4ce6_9628_0d4c5942114a] Request joining group due to: consumer pro-actively leaving the group
2025-07-31 02:22:09,485 INFO  [org.apa.kaf.com.met.Metrics] (Thread-224) Metrics scheduler closed
2025-07-31 02:22:09,485 INFO  [org.apa.kaf.com.met.Metrics] (Thread-224) Closing reporter org.apache.kafka.common.metrics.JmxReporter
2025-07-31 02:22:09,485 INFO  [org.apa.kaf.com.met.Metrics] (Thread-224) Closing reporter org.apache.kafka.common.telemetry.internals.ClientTelemetryReporter
2025-07-31 02:22:09,485 INFO  [org.apa.kaf.com.met.Metrics] (Thread-224) Metrics reporters closed
2025-07-31 02:22:09,487 INFO  [org.apa.kaf.com.uti.AppInfoParser] (Thread-224) App info kafka.consumer for consumer-Consumer-topic-ff2ca94e_837e_4ce6_9628_0d4c5942114a-14 unregistered
2025-07-31 02:22:09,488 INFO  [io.api.tes.uti.TestSeparator] (main) io.apicurio.tests.serdes.apicurio.AvroSerdeIT.testFirstEmptyFieldConfusedAsMagicByte-FINISHED
2025-07-31 02:22:09,488 INFO  [io.api.tes.uti.TestSeparator] (main) ############################################################################
]]></system-out>
  </testcase>
  <testcase name="testAvroSerDesFailDifferentSchemaByContent" classname="io.apicurio.tests.serdes.apicurio.AvroSerdeIT" time="1.103">
    <system-out><![CDATA[2025-07-31 02:22:09,491 INFO  [io.api.tes.uti.TestSeparator] (main) ############################################################################
2025-07-31 02:22:09,491 INFO  [io.api.tes.uti.TestSeparator] (main) io.apicurio.tests.serdes.apicurio.AvroSerdeIT.testAvroSerDesFailDifferentSchemaByContent-STARTED
2025-07-31 02:22:10,543 INFO  [org.apa.kaf.cli.pro.ProducerConfig] (main) ProducerConfig values: 
	acks = -1
	auto.include.jmx.reporter = true
	batch.size = 16384
	bootstrap.servers = [PLAINTEXT://localhost:32770]
	buffer.memory = 33554432
	client.dns.lookup = use_all_dns_ips
	client.id = Producer-topic-4eeb25e3_a89c_41e4_ad84_7c530de15df4
	compression.gzip.level = -1
	compression.lz4.level = 9
	compression.type = none
	compression.zstd.level = 3
	connections.max.idle.ms = 10000
	delivery.timeout.ms = 120000
	enable.idempotence = true
	enable.metrics.push = true
	interceptor.classes = []
	key.serializer = class org.apache.kafka.common.serialization.StringSerializer
	linger.ms = 0
	max.block.ms = 60000
	max.in.flight.requests.per.connection = 5
	max.request.size = 1048576
	metadata.max.age.ms = 300000
	metadata.max.idle.ms = 300000
	metadata.recovery.strategy = none
	metric.reporters = []
	metrics.num.samples = 2
	metrics.recording.level = INFO
	metrics.sample.window.ms = 30000
	partitioner.adaptive.partitioning.enable = true
	partitioner.availability.timeout.ms = 0
	partitioner.class = null
	partitioner.ignore.keys = false
	receive.buffer.bytes = 32768
	reconnect.backoff.max.ms = 1000
	reconnect.backoff.ms = 50
	request.timeout.ms = 5000
	retries = 2147483647
	retry.backoff.max.ms = 1000
	retry.backoff.ms = 100
	sasl.client.callback.handler.class = null
	sasl.jaas.config = null
	sasl.kerberos.kinit.cmd = /usr/bin/kinit
	sasl.kerberos.min.time.before.relogin = 60000
	sasl.kerberos.service.name = null
	sasl.kerberos.ticket.renew.jitter = 0.05
	sasl.kerberos.ticket.renew.window.factor = 0.8
	sasl.login.callback.handler.class = null
	sasl.login.class = null
	sasl.login.connect.timeout.ms = null
	sasl.login.read.timeout.ms = null
	sasl.login.refresh.buffer.seconds = 300
	sasl.login.refresh.min.period.seconds = 60
	sasl.login.refresh.window.factor = 0.8
	sasl.login.refresh.window.jitter = 0.05
	sasl.login.retry.backoff.max.ms = 10000
	sasl.login.retry.backoff.ms = 100
	sasl.mechanism = GSSAPI
	sasl.oauthbearer.clock.skew.seconds = 30
	sasl.oauthbearer.expected.audience = null
	sasl.oauthbearer.expected.issuer = null
	sasl.oauthbearer.header.urlencode = false
	sasl.oauthbearer.jwks.endpoint.refresh.ms = 3600000
	sasl.oauthbearer.jwks.endpoint.retry.backoff.max.ms = 10000
	sasl.oauthbearer.jwks.endpoint.retry.backoff.ms = 100
	sasl.oauthbearer.jwks.endpoint.url = null
	sasl.oauthbearer.scope.claim.name = scope
	sasl.oauthbearer.sub.claim.name = sub
	sasl.oauthbearer.token.endpoint.url = null
	security.protocol = PLAINTEXT
	security.providers = null
	send.buffer.bytes = 131072
	socket.connection.setup.timeout.max.ms = 30000
	socket.connection.setup.timeout.ms = 10000
	ssl.cipher.suites = null
	ssl.enabled.protocols = [TLSv1.2, TLSv1.3]
	ssl.endpoint.identification.algorithm = https
	ssl.engine.factory.class = null
	ssl.key.password = null
	ssl.keymanager.algorithm = SunX509
	ssl.keystore.certificate.chain = null
	ssl.keystore.key = null
	ssl.keystore.location = null
	ssl.keystore.password = null
	ssl.keystore.type = JKS
	ssl.protocol = TLSv1.3
	ssl.provider = null
	ssl.secure.random.implementation = null
	ssl.trustmanager.algorithm = PKIX
	ssl.truststore.certificates = null
	ssl.truststore.location = null
	ssl.truststore.password = null
	ssl.truststore.type = JKS
	transaction.timeout.ms = 60000
	transactional.id = null
	value.serializer = class io.apicurio.registry.serde.avro.AvroKafkaSerializer

2025-07-31 02:22:10,543 INFO  [org.apa.kaf.com.tel.int.KafkaMetricsCollector] (main) initializing Kafka metrics collector
2025-07-31 02:22:10,546 INFO  [org.apa.kaf.cli.pro.KafkaProducer] (main) [Producer clientId=Producer-topic-4eeb25e3_a89c_41e4_ad84_7c530de15df4] Instantiated an idempotent producer.
2025-07-31 02:22:10,547 INFO  [org.apa.kaf.cli.pro.ProducerConfig] (main) These configurations '[apicurio.registry.url, apicurio.registry.artifact-resolver-strategy]' were supplied but are not used yet.
2025-07-31 02:22:10,548 INFO  [org.apa.kaf.com.uti.AppInfoParser] (main) Kafka version: 3.9.0
2025-07-31 02:22:10,548 INFO  [org.apa.kaf.com.uti.AppInfoParser] (main) Kafka commitId: 84caaa6e9da06435
2025-07-31 02:22:10,548 INFO  [org.apa.kaf.com.uti.AppInfoParser] (main) Kafka startTimeMs: 1753928530548
2025-07-31 02:22:10,548 INFO  [io.api.tes.ser.api.KafkaSerdesTester] (Thread-227) Sending message {"keyB": "value-0"} to topic topic-4eeb25e3_a89c_41e4_ad84_7c530de15df4
2025-07-31 02:22:10,556 INFO  [org.apa.kaf.cli.Metadata] (kafka-producer-network-thread | Producer-topic-4eeb25e3_a89c_41e4_ad84_7c530de15df4) [Producer clientId=Producer-topic-4eeb25e3_a89c_41e4_ad84_7c530de15df4] Cluster ID: d3IyjYRDQrmXThhQeh46ug
2025-07-31 02:22:10,557 INFO  [DefaultSchemaResolver] (Thread-227) Retrieving schema content using string: {"type":"record","name":"s60302e7exee50x4946x9b8dx658c8316c283","namespace":"s80c05f75x2cd3x4776x90edx46f5cc5863f5","fields":[{"name":"keyB","type":"string"}]}
2025-07-31 02:22:10,558 INFO  [org.apa.kaf.cli.pro.int.TransactionManager] (kafka-producer-network-thread | Producer-topic-4eeb25e3_a89c_41e4_ad84_7c530de15df4) [Producer clientId=Producer-topic-4eeb25e3_a89c_41e4_ad84_7c530de15df4] ProducerId set to 19 with epoch 0
2025-07-31 02:22:10,587 INFO  [org.apa.kaf.cli.pro.KafkaProducer] (Thread-227) [Producer clientId=Producer-topic-4eeb25e3_a89c_41e4_ad84_7c530de15df4] Closing the Kafka producer with timeoutMillis = 9223372036854775807 ms.
2025-07-31 02:22:10,589 INFO  [org.apa.kaf.com.met.Metrics] (Thread-227) Metrics scheduler closed
2025-07-31 02:22:10,589 INFO  [org.apa.kaf.com.met.Metrics] (Thread-227) Closing reporter org.apache.kafka.common.metrics.JmxReporter
2025-07-31 02:22:10,589 INFO  [org.apa.kaf.com.met.Metrics] (Thread-227) Closing reporter org.apache.kafka.common.telemetry.internals.ClientTelemetryReporter
2025-07-31 02:22:10,589 INFO  [org.apa.kaf.com.met.Metrics] (Thread-227) Metrics reporters closed
2025-07-31 02:22:10,590 INFO  [org.apa.kaf.com.uti.AppInfoParser] (Thread-227) App info kafka.producer for Producer-topic-4eeb25e3_a89c_41e4_ad84_7c530de15df4 unregistered
2025-07-31 02:22:10,591 INFO  [io.api.tes.uti.TestSeparator] (main) io.apicurio.tests.serdes.apicurio.AvroSerdeIT.testAvroSerDesFailDifferentSchemaByContent-FINISHED
2025-07-31 02:22:10,591 INFO  [io.api.tes.uti.TestSeparator] (main) ############################################################################
]]></system-out>
    <system-err><![CDATA[java.lang.RuntimeException: Could not resolve artifact reference by content: {"type":"record","name":"s60302e7exee50x4946x9b8dx658c8316c283","namespace":"s80c05f75x2cd3x4776x90edx46f5cc5863f5","fields":[{"name":"keyB","type":"string"}]}&ArtifactReference [groupId=s80c05f75x2cd3x4776x90edx46f5cc5863f5, artifactId=s60302e7exee50x4946x9b8dx658c8316c283, version=null, globalId=null, contentId=null, contentHash=null]
	at io.apicurio.registry.resolver.DefaultSchemaResolver.lambda$handleResolveSchemaByContent$5(DefaultSchemaResolver.java:300)
	at io.apicurio.registry.resolver.ERCache.lambda$getValue$0(ERCache.java:181)
	at io.apicurio.registry.resolver.ERCache.retry(ERCache.java:234)
	at io.apicurio.registry.resolver.ERCache.getValue(ERCache.java:180)
	at io.apicurio.registry.resolver.ERCache.getByContent(ERCache.java:154)
	at io.apicurio.registry.resolver.DefaultSchemaResolver.handleResolveSchemaByContent(DefaultSchemaResolver.java:269)
	at io.apicurio.registry.resolver.DefaultSchemaResolver.getSchemaFromRegistry(DefaultSchemaResolver.java:142)
	at io.apicurio.registry.resolver.DefaultSchemaResolver.lambda$resolveSchema$0(DefaultSchemaResolver.java:86)
	at java.base/java.util.Optional.orElseGet(Optional.java:364)
	at io.apicurio.registry.resolver.DefaultSchemaResolver.resolveSchema(DefaultSchemaResolver.java:86)
	at io.apicurio.registry.serde.AbstractSerializer.serializeData(AbstractSerializer.java:62)
	at io.apicurio.registry.serde.KafkaSerializer.serialize(KafkaSerializer.java:77)
	at org.apache.kafka.clients.producer.KafkaProducer.doSend(KafkaProducer.java:1046)
	at org.apache.kafka.clients.producer.KafkaProducer.send(KafkaProducer.java:993)
	at org.apache.kafka.clients.producer.KafkaProducer.send(KafkaProducer.java:875)
	at io.apicurio.tests.serdes.apicurio.KafkaSerdesTester.lambda$produceMessages$3(KafkaSerdesTester.java:138)
	at java.base/java.util.concurrent.CompletableFuture$AsyncSupply.run(CompletableFuture.java:1768)
	at java.base/java.lang.Thread.run(Thread.java:840)
]]></system-err>
  </testcase>
  <testcase name="testGlobalIdInBody" classname="io.apicurio.tests.serdes.apicurio.AvroSerdeIT" time="0.809">
    <system-out><![CDATA[2025-07-31 02:22:10,593 INFO  [io.api.tes.uti.TestSeparator] (main) ############################################################################
2025-07-31 02:22:10,593 INFO  [io.api.tes.uti.TestSeparator] (main) io.apicurio.tests.serdes.apicurio.AvroSerdeIT.testGlobalIdInBody-STARTED
2025-07-31 02:22:10,597 INFO  [org.apa.kaf.cli.pro.ProducerConfig] (main) ProducerConfig values: 
	acks = -1
	auto.include.jmx.reporter = true
	batch.size = 16384
	bootstrap.servers = [PLAINTEXT://localhost:32770]
	buffer.memory = 33554432
	client.dns.lookup = use_all_dns_ips
	client.id = Producer-topic-c330a21f_144a_4f97_a4c5_7faa8c28381d
	compression.gzip.level = -1
	compression.lz4.level = 9
	compression.type = none
	compression.zstd.level = 3
	connections.max.idle.ms = 10000
	delivery.timeout.ms = 120000
	enable.idempotence = true
	enable.metrics.push = true
	interceptor.classes = []
	key.serializer = class org.apache.kafka.common.serialization.StringSerializer
	linger.ms = 0
	max.block.ms = 60000
	max.in.flight.requests.per.connection = 5
	max.request.size = 1048576
	metadata.max.age.ms = 300000
	metadata.max.idle.ms = 300000
	metadata.recovery.strategy = none
	metric.reporters = []
	metrics.num.samples = 2
	metrics.recording.level = INFO
	metrics.sample.window.ms = 30000
	partitioner.adaptive.partitioning.enable = true
	partitioner.availability.timeout.ms = 0
	partitioner.class = null
	partitioner.ignore.keys = false
	receive.buffer.bytes = 32768
	reconnect.backoff.max.ms = 1000
	reconnect.backoff.ms = 50
	request.timeout.ms = 5000
	retries = 2147483647
	retry.backoff.max.ms = 1000
	retry.backoff.ms = 100
	sasl.client.callback.handler.class = null
	sasl.jaas.config = null
	sasl.kerberos.kinit.cmd = /usr/bin/kinit
	sasl.kerberos.min.time.before.relogin = 60000
	sasl.kerberos.service.name = null
	sasl.kerberos.ticket.renew.jitter = 0.05
	sasl.kerberos.ticket.renew.window.factor = 0.8
	sasl.login.callback.handler.class = null
	sasl.login.class = null
	sasl.login.connect.timeout.ms = null
	sasl.login.read.timeout.ms = null
	sasl.login.refresh.buffer.seconds = 300
	sasl.login.refresh.min.period.seconds = 60
	sasl.login.refresh.window.factor = 0.8
	sasl.login.refresh.window.jitter = 0.05
	sasl.login.retry.backoff.max.ms = 10000
	sasl.login.retry.backoff.ms = 100
	sasl.mechanism = GSSAPI
	sasl.oauthbearer.clock.skew.seconds = 30
	sasl.oauthbearer.expected.audience = null
	sasl.oauthbearer.expected.issuer = null
	sasl.oauthbearer.header.urlencode = false
	sasl.oauthbearer.jwks.endpoint.refresh.ms = 3600000
	sasl.oauthbearer.jwks.endpoint.retry.backoff.max.ms = 10000
	sasl.oauthbearer.jwks.endpoint.retry.backoff.ms = 100
	sasl.oauthbearer.jwks.endpoint.url = null
	sasl.oauthbearer.scope.claim.name = scope
	sasl.oauthbearer.sub.claim.name = sub
	sasl.oauthbearer.token.endpoint.url = null
	security.protocol = PLAINTEXT
	security.providers = null
	send.buffer.bytes = 131072
	socket.connection.setup.timeout.max.ms = 30000
	socket.connection.setup.timeout.ms = 10000
	ssl.cipher.suites = null
	ssl.enabled.protocols = [TLSv1.2, TLSv1.3]
	ssl.endpoint.identification.algorithm = https
	ssl.engine.factory.class = null
	ssl.key.password = null
	ssl.keymanager.algorithm = SunX509
	ssl.keystore.certificate.chain = null
	ssl.keystore.key = null
	ssl.keystore.location = null
	ssl.keystore.password = null
	ssl.keystore.type = JKS
	ssl.protocol = TLSv1.3
	ssl.provider = null
	ssl.secure.random.implementation = null
	ssl.trustmanager.algorithm = PKIX
	ssl.truststore.certificates = null
	ssl.truststore.location = null
	ssl.truststore.password = null
	ssl.truststore.type = JKS
	transaction.timeout.ms = 60000
	transactional.id = null
	value.serializer = class io.apicurio.registry.serde.avro.AvroKafkaSerializer

2025-07-31 02:22:10,598 INFO  [org.apa.kaf.com.tel.int.KafkaMetricsCollector] (main) initializing Kafka metrics collector
2025-07-31 02:22:10,614 INFO  [org.apa.kaf.cli.pro.KafkaProducer] (main) [Producer clientId=Producer-topic-c330a21f_144a_4f97_a4c5_7faa8c28381d] Instantiated an idempotent producer.
2025-07-31 02:22:10,621 INFO  [org.apa.kaf.cli.pro.ProducerConfig] (main) These configurations '[apicurio.registry.url, apicurio.registry.auto-register, apicurio.registry.use-id, apicurio.registry.artifact-resolver-strategy]' were supplied but are not used yet.
2025-07-31 02:22:10,622 INFO  [org.apa.kaf.com.uti.AppInfoParser] (main) Kafka version: 3.9.0
2025-07-31 02:22:10,622 INFO  [org.apa.kaf.com.uti.AppInfoParser] (main) Kafka commitId: 84caaa6e9da06435
2025-07-31 02:22:10,622 INFO  [org.apa.kaf.com.uti.AppInfoParser] (main) Kafka startTimeMs: 1753928530622
2025-07-31 02:22:10,622 INFO  [io.api.tes.ser.api.SimpleSerdesTesterBuilder$SimpleSerdesTester] (main) Using producer configuration: {apicurio.registry.url=http://registry-app-postgresql.apps.ci419.apicurio-testing.org:80/apis/registry/v3, apicurio.registry.auto-register=true, apicurio.registry.use-id=globalId, apicurio.registry.artifact-resolver-strategy=io.apicurio.registry.serde.strategy.TopicIdStrategy, value.serializer=io.apicurio.registry.serde.avro.AvroKafkaSerializer, request.timeout.ms=5000, acks=all, bootstrap.servers=PLAINTEXT://localhost:32770, connections.max.idle.ms=10000, key.serializer=org.apache.kafka.common.serialization.StringSerializer, client.id=Producer-topic-c330a21f_144a_4f97_a4c5_7faa8c28381d}
2025-07-31 02:22:10,622 INFO  [io.api.tes.ser.api.SimpleSerdesTesterBuilder$SimpleSerdesTester] (main) Using consumer configuration: {apicurio.registry.use-id=globalId}
2025-07-31 02:22:10,625 INFO  [io.api.tes.ser.api.KafkaSerdesTester] (Thread-230) Sending message {"key11753928530593": "value-0"} to topic topic-c330a21f_144a_4f97_a4c5_7faa8c28381d
2025-07-31 02:22:10,637 WARN  [org.apa.kaf.cli.NetworkClient] (kafka-producer-network-thread | Producer-topic-c330a21f_144a_4f97_a4c5_7faa8c28381d) [Producer clientId=Producer-topic-c330a21f_144a_4f97_a4c5_7faa8c28381d] The metadata response from the cluster reported a recoverable issue with correlation id 2 : {topic-c330a21f_144a_4f97_a4c5_7faa8c28381d=LEADER_NOT_AVAILABLE}
2025-07-31 02:22:10,637 INFO  [org.apa.kaf.cli.Metadata] (kafka-producer-network-thread | Producer-topic-c330a21f_144a_4f97_a4c5_7faa8c28381d) [Producer clientId=Producer-topic-c330a21f_144a_4f97_a4c5_7faa8c28381d] Cluster ID: d3IyjYRDQrmXThhQeh46ug
2025-07-31 02:22:10,637 INFO  [org.apa.kaf.cli.pro.int.TransactionManager] (kafka-producer-network-thread | Producer-topic-c330a21f_144a_4f97_a4c5_7faa8c28381d) [Producer clientId=Producer-topic-c330a21f_144a_4f97_a4c5_7faa8c28381d] ProducerId set to 20 with epoch 0
2025-07-31 02:22:10,798 INFO  [io.api.tes.ser.api.KafkaSerdesTester] (Thread-230) Sending message {"key11753928530593": "value-1"} to topic topic-c330a21f_144a_4f97_a4c5_7faa8c28381d
2025-07-31 02:22:10,800 INFO  [io.api.tes.ser.api.KafkaSerdesTester] (Thread-230) Sending message {"key11753928530593": "value-2"} to topic topic-c330a21f_144a_4f97_a4c5_7faa8c28381d
2025-07-31 02:22:10,802 INFO  [io.api.tes.ser.api.KafkaSerdesTester] (Thread-230) Sending message {"key11753928530593": "value-3"} to topic topic-c330a21f_144a_4f97_a4c5_7faa8c28381d
2025-07-31 02:22:10,803 INFO  [io.api.tes.ser.api.KafkaSerdesTester] (Thread-230) Sending message {"key11753928530593": "value-4"} to topic topic-c330a21f_144a_4f97_a4c5_7faa8c28381d
2025-07-31 02:22:10,805 INFO  [io.api.tes.ser.api.KafkaSerdesTester] (Thread-230) Sending message {"key11753928530593": "value-5"} to topic topic-c330a21f_144a_4f97_a4c5_7faa8c28381d
2025-07-31 02:22:10,806 INFO  [io.api.tes.ser.api.KafkaSerdesTester] (Thread-230) Sending message {"key11753928530593": "value-6"} to topic topic-c330a21f_144a_4f97_a4c5_7faa8c28381d
2025-07-31 02:22:10,809 INFO  [io.api.tes.ser.api.KafkaSerdesTester] (Thread-230) Sending message {"key11753928530593": "value-7"} to topic topic-c330a21f_144a_4f97_a4c5_7faa8c28381d
2025-07-31 02:22:10,812 INFO  [io.api.tes.ser.api.KafkaSerdesTester] (Thread-230) Sending message {"key11753928530593": "value-8"} to topic topic-c330a21f_144a_4f97_a4c5_7faa8c28381d
2025-07-31 02:22:10,813 INFO  [io.api.tes.ser.api.KafkaSerdesTester] (Thread-230) Sending message {"key11753928530593": "value-9"} to topic topic-c330a21f_144a_4f97_a4c5_7faa8c28381d
2025-07-31 02:22:10,815 INFO  [io.api.tes.ser.api.KafkaSerdesTester] (Thread-230) Produced 10 messages
2025-07-31 02:22:10,815 INFO  [org.apa.kaf.cli.pro.KafkaProducer] (Thread-230) [Producer clientId=Producer-topic-c330a21f_144a_4f97_a4c5_7faa8c28381d] Closing the Kafka producer with timeoutMillis = 9223372036854775807 ms.
2025-07-31 02:22:10,816 INFO  [org.apa.kaf.com.met.Metrics] (Thread-230) Metrics scheduler closed
2025-07-31 02:22:10,816 INFO  [org.apa.kaf.com.met.Metrics] (Thread-230) Closing reporter org.apache.kafka.common.metrics.JmxReporter
2025-07-31 02:22:10,816 INFO  [org.apa.kaf.com.met.Metrics] (Thread-230) Closing reporter org.apache.kafka.common.telemetry.internals.ClientTelemetryReporter
2025-07-31 02:22:10,816 INFO  [org.apa.kaf.com.met.Metrics] (Thread-230) Metrics reporters closed
2025-07-31 02:22:10,817 INFO  [org.apa.kaf.com.uti.AppInfoParser] (Thread-230) App info kafka.producer for Producer-topic-c330a21f_144a_4f97_a4c5_7faa8c28381d unregistered
2025-07-31 02:22:10,836 INFO  [org.apa.kaf.cli.con.ConsumerConfig] (main) ConsumerConfig values: 
	allow.auto.create.topics = true
	auto.commit.interval.ms = 500
	auto.include.jmx.reporter = true
	auto.offset.reset = earliest
	bootstrap.servers = [PLAINTEXT://localhost:32770]
	check.crcs = true
	client.dns.lookup = use_all_dns_ips
	client.id = consumer-Consumer-topic-c330a21f_144a_4f97_a4c5_7faa8c28381d-15
	client.rack = 
	connections.max.idle.ms = 10000
	default.api.timeout.ms = 60000
	enable.auto.commit = true
	enable.metrics.push = true
	exclude.internal.topics = true
	fetch.max.bytes = 52428800
	fetch.max.wait.ms = 500
	fetch.min.bytes = 1
	group.id = Consumer-topic-c330a21f_144a_4f97_a4c5_7faa8c28381d
	group.instance.id = null
	group.protocol = classic
	group.remote.assignor = null
	heartbeat.interval.ms = 3000
	interceptor.classes = []
	internal.leave.group.on.close = true
	internal.throw.on.fetch.stable.offset.unsupported = false
	isolation.level = read_uncommitted
	key.deserializer = class org.apache.kafka.common.serialization.StringDeserializer
	max.partition.fetch.bytes = 1048576
	max.poll.interval.ms = 300000
	max.poll.records = 500
	metadata.max.age.ms = 300000
	metadata.recovery.strategy = none
	metric.reporters = []
	metrics.num.samples = 2
	metrics.recording.level = INFO
	metrics.sample.window.ms = 30000
	partition.assignment.strategy = [class org.apache.kafka.clients.consumer.RangeAssignor, class org.apache.kafka.clients.consumer.CooperativeStickyAssignor]
	receive.buffer.bytes = 65536
	reconnect.backoff.max.ms = 1000
	reconnect.backoff.ms = 50
	request.timeout.ms = 5000
	retry.backoff.max.ms = 1000
	retry.backoff.ms = 100
	sasl.client.callback.handler.class = null
	sasl.jaas.config = null
	sasl.kerberos.kinit.cmd = /usr/bin/kinit
	sasl.kerberos.min.time.before.relogin = 60000
	sasl.kerberos.service.name = null
	sasl.kerberos.ticket.renew.jitter = 0.05
	sasl.kerberos.ticket.renew.window.factor = 0.8
	sasl.login.callback.handler.class = null
	sasl.login.class = null
	sasl.login.connect.timeout.ms = null
	sasl.login.read.timeout.ms = null
	sasl.login.refresh.buffer.seconds = 300
	sasl.login.refresh.min.period.seconds = 60
	sasl.login.refresh.window.factor = 0.8
	sasl.login.refresh.window.jitter = 0.05
	sasl.login.retry.backoff.max.ms = 10000
	sasl.login.retry.backoff.ms = 100
	sasl.mechanism = GSSAPI
	sasl.oauthbearer.clock.skew.seconds = 30
	sasl.oauthbearer.expected.audience = null
	sasl.oauthbearer.expected.issuer = null
	sasl.oauthbearer.header.urlencode = false
	sasl.oauthbearer.jwks.endpoint.refresh.ms = 3600000
	sasl.oauthbearer.jwks.endpoint.retry.backoff.max.ms = 10000
	sasl.oauthbearer.jwks.endpoint.retry.backoff.ms = 100
	sasl.oauthbearer.jwks.endpoint.url = null
	sasl.oauthbearer.scope.claim.name = scope
	sasl.oauthbearer.sub.claim.name = sub
	sasl.oauthbearer.token.endpoint.url = null
	security.protocol = PLAINTEXT
	security.providers = null
	send.buffer.bytes = 131072
	session.timeout.ms = 45000
	socket.connection.setup.timeout.max.ms = 30000
	socket.connection.setup.timeout.ms = 10000
	ssl.cipher.suites = null
	ssl.enabled.protocols = [TLSv1.2, TLSv1.3]
	ssl.endpoint.identification.algorithm = https
	ssl.engine.factory.class = null
	ssl.key.password = null
	ssl.keymanager.algorithm = SunX509
	ssl.keystore.certificate.chain = null
	ssl.keystore.key = null
	ssl.keystore.location = null
	ssl.keystore.password = null
	ssl.keystore.type = JKS
	ssl.protocol = TLSv1.3
	ssl.provider = null
	ssl.secure.random.implementation = null
	ssl.trustmanager.algorithm = PKIX
	ssl.truststore.certificates = null
	ssl.truststore.location = null
	ssl.truststore.password = null
	ssl.truststore.type = JKS
	value.deserializer = class io.apicurio.registry.serde.avro.AvroKafkaDeserializer

2025-07-31 02:22:10,836 INFO  [org.apa.kaf.com.tel.int.KafkaMetricsCollector] (main) initializing Kafka metrics collector
2025-07-31 02:22:10,841 INFO  [org.apa.kaf.cli.con.ConsumerConfig] (main) These configurations '[apicurio.registry.url, apicurio.registry.use-id]' were supplied but are not used yet.
2025-07-31 02:22:10,841 INFO  [org.apa.kaf.com.uti.AppInfoParser] (main) Kafka version: 3.9.0
2025-07-31 02:22:10,841 INFO  [org.apa.kaf.com.uti.AppInfoParser] (main) Kafka commitId: 84caaa6e9da06435
2025-07-31 02:22:10,841 INFO  [org.apa.kaf.com.uti.AppInfoParser] (main) Kafka startTimeMs: 1753928530841
2025-07-31 02:22:10,841 INFO  [org.apa.kaf.cli.con.int.ClassicKafkaConsumer] (Thread-233) [Consumer clientId=consumer-Consumer-topic-c330a21f_144a_4f97_a4c5_7faa8c28381d-15, groupId=Consumer-topic-c330a21f_144a_4f97_a4c5_7faa8c28381d] Subscribed to topic(s): topic-c330a21f_144a_4f97_a4c5_7faa8c28381d
2025-07-31 02:22:10,845 INFO  [org.apa.kaf.cli.Metadata] (Thread-233) [Consumer clientId=consumer-Consumer-topic-c330a21f_144a_4f97_a4c5_7faa8c28381d-15, groupId=Consumer-topic-c330a21f_144a_4f97_a4c5_7faa8c28381d] Cluster ID: d3IyjYRDQrmXThhQeh46ug
2025-07-31 02:22:10,846 INFO  [org.apa.kaf.cli.con.int.ConsumerCoordinator] (Thread-233) [Consumer clientId=consumer-Consumer-topic-c330a21f_144a_4f97_a4c5_7faa8c28381d-15, groupId=Consumer-topic-c330a21f_144a_4f97_a4c5_7faa8c28381d] Discovered group coordinator localhost:32770 (id: 2147483647 rack: null)
2025-07-31 02:22:10,848 INFO  [org.apa.kaf.cli.con.int.ConsumerCoordinator] (Thread-233) [Consumer clientId=consumer-Consumer-topic-c330a21f_144a_4f97_a4c5_7faa8c28381d-15, groupId=Consumer-topic-c330a21f_144a_4f97_a4c5_7faa8c28381d] (Re-)joining group
2025-07-31 02:22:10,851 INFO  [org.apa.kaf.cli.con.int.ConsumerCoordinator] (Thread-233) [Consumer clientId=consumer-Consumer-topic-c330a21f_144a_4f97_a4c5_7faa8c28381d-15, groupId=Consumer-topic-c330a21f_144a_4f97_a4c5_7faa8c28381d] Request joining group due to: need to re-join with the given member-id: consumer-Consumer-topic-c330a21f_144a_4f97_a4c5_7faa8c28381d-15-d2d0ceb0-850d-4995-b17a-f6d9e6dbf145
2025-07-31 02:22:10,852 INFO  [org.apa.kaf.cli.con.int.ConsumerCoordinator] (Thread-233) [Consumer clientId=consumer-Consumer-topic-c330a21f_144a_4f97_a4c5_7faa8c28381d-15, groupId=Consumer-topic-c330a21f_144a_4f97_a4c5_7faa8c28381d] (Re-)joining group
2025-07-31 02:22:10,854 INFO  [org.apa.kaf.cli.con.int.ConsumerCoordinator] (Thread-233) [Consumer clientId=consumer-Consumer-topic-c330a21f_144a_4f97_a4c5_7faa8c28381d-15, groupId=Consumer-topic-c330a21f_144a_4f97_a4c5_7faa8c28381d] Successfully joined group with generation Generation{generationId=1, memberId='consumer-Consumer-topic-c330a21f_144a_4f97_a4c5_7faa8c28381d-15-d2d0ceb0-850d-4995-b17a-f6d9e6dbf145', protocol='range'}
2025-07-31 02:22:10,854 INFO  [org.apa.kaf.cli.con.int.ConsumerCoordinator] (Thread-233) [Consumer clientId=consumer-Consumer-topic-c330a21f_144a_4f97_a4c5_7faa8c28381d-15, groupId=Consumer-topic-c330a21f_144a_4f97_a4c5_7faa8c28381d] Finished assignment for group at generation 1: {consumer-Consumer-topic-c330a21f_144a_4f97_a4c5_7faa8c28381d-15-d2d0ceb0-850d-4995-b17a-f6d9e6dbf145=Assignment(partitions=[topic-c330a21f_144a_4f97_a4c5_7faa8c28381d-0])}
2025-07-31 02:22:10,856 INFO  [org.apa.kaf.cli.con.int.ConsumerCoordinator] (Thread-233) [Consumer clientId=consumer-Consumer-topic-c330a21f_144a_4f97_a4c5_7faa8c28381d-15, groupId=Consumer-topic-c330a21f_144a_4f97_a4c5_7faa8c28381d] Successfully synced group in generation Generation{generationId=1, memberId='consumer-Consumer-topic-c330a21f_144a_4f97_a4c5_7faa8c28381d-15-d2d0ceb0-850d-4995-b17a-f6d9e6dbf145', protocol='range'}
2025-07-31 02:22:10,856 INFO  [org.apa.kaf.cli.con.int.ConsumerCoordinator] (Thread-233) [Consumer clientId=consumer-Consumer-topic-c330a21f_144a_4f97_a4c5_7faa8c28381d-15, groupId=Consumer-topic-c330a21f_144a_4f97_a4c5_7faa8c28381d] Notifying assignor about the new Assignment(partitions=[topic-c330a21f_144a_4f97_a4c5_7faa8c28381d-0])
2025-07-31 02:22:10,856 INFO  [org.apa.kaf.cli.con.int.ConsumerRebalanceListenerInvoker] (Thread-233) [Consumer clientId=consumer-Consumer-topic-c330a21f_144a_4f97_a4c5_7faa8c28381d-15, groupId=Consumer-topic-c330a21f_144a_4f97_a4c5_7faa8c28381d] Adding newly assigned partitions: topic-c330a21f_144a_4f97_a4c5_7faa8c28381d-0
2025-07-31 02:22:10,857 INFO  [org.apa.kaf.cli.con.int.ConsumerCoordinator] (Thread-233) [Consumer clientId=consumer-Consumer-topic-c330a21f_144a_4f97_a4c5_7faa8c28381d-15, groupId=Consumer-topic-c330a21f_144a_4f97_a4c5_7faa8c28381d] Found no committed offset for partition topic-c330a21f_144a_4f97_a4c5_7faa8c28381d-0
2025-07-31 02:22:10,862 INFO  [org.apa.kaf.cli.con.int.SubscriptionState] (Thread-233) [Consumer clientId=consumer-Consumer-topic-c330a21f_144a_4f97_a4c5_7faa8c28381d-15, groupId=Consumer-topic-c330a21f_144a_4f97_a4c5_7faa8c28381d] Resetting offset for partition topic-c330a21f_144a_4f97_a4c5_7faa8c28381d-0 to position FetchPosition{offset=0, offsetEpoch=Optional.empty, currentLeader=LeaderAndEpoch{leader=Optional[localhost:32770 (id: 0 rack: null)], epoch=0}}.
2025-07-31 02:22:10,895 INFO  [io.api.tes.ser.api.KafkaSerdesTester] (Thread-233) topic-c330a21f_144a_4f97_a4c5_7faa8c28381d 0 0 {"key11753928530593": "value-0"}
2025-07-31 02:22:10,896 INFO  [io.api.tes.ser.api.KafkaSerdesTester] (Thread-233) topic-c330a21f_144a_4f97_a4c5_7faa8c28381d 0 1 {"key11753928530593": "value-1"}
2025-07-31 02:22:10,896 INFO  [io.api.tes.ser.api.KafkaSerdesTester] (Thread-233) topic-c330a21f_144a_4f97_a4c5_7faa8c28381d 0 2 {"key11753928530593": "value-2"}
2025-07-31 02:22:10,896 INFO  [io.api.tes.ser.api.KafkaSerdesTester] (Thread-233) topic-c330a21f_144a_4f97_a4c5_7faa8c28381d 0 3 {"key11753928530593": "value-3"}
2025-07-31 02:22:10,896 INFO  [io.api.tes.ser.api.KafkaSerdesTester] (Thread-233) topic-c330a21f_144a_4f97_a4c5_7faa8c28381d 0 4 {"key11753928530593": "value-4"}
2025-07-31 02:22:10,896 INFO  [io.api.tes.ser.api.KafkaSerdesTester] (Thread-233) topic-c330a21f_144a_4f97_a4c5_7faa8c28381d 0 5 {"key11753928530593": "value-5"}
2025-07-31 02:22:10,896 INFO  [io.api.tes.ser.api.KafkaSerdesTester] (Thread-233) topic-c330a21f_144a_4f97_a4c5_7faa8c28381d 0 6 {"key11753928530593": "value-6"}
2025-07-31 02:22:10,896 INFO  [io.api.tes.ser.api.KafkaSerdesTester] (Thread-233) topic-c330a21f_144a_4f97_a4c5_7faa8c28381d 0 7 {"key11753928530593": "value-7"}
2025-07-31 02:22:10,896 INFO  [io.api.tes.ser.api.KafkaSerdesTester] (Thread-233) topic-c330a21f_144a_4f97_a4c5_7faa8c28381d 0 8 {"key11753928530593": "value-8"}
2025-07-31 02:22:10,896 INFO  [io.api.tes.ser.api.KafkaSerdesTester] (Thread-233) topic-c330a21f_144a_4f97_a4c5_7faa8c28381d 0 9 {"key11753928530593": "value-9"}
2025-07-31 02:22:10,896 INFO  [io.api.tes.ser.api.KafkaSerdesTester] (Thread-233) Consumed 10 messages
2025-07-31 02:22:10,899 INFO  [org.apa.kaf.cli.con.int.ConsumerRebalanceListenerInvoker] (Thread-233) [Consumer clientId=consumer-Consumer-topic-c330a21f_144a_4f97_a4c5_7faa8c28381d-15, groupId=Consumer-topic-c330a21f_144a_4f97_a4c5_7faa8c28381d] Revoke previously assigned partitions topic-c330a21f_144a_4f97_a4c5_7faa8c28381d-0
2025-07-31 02:22:10,899 INFO  [org.apa.kaf.cli.con.int.ConsumerCoordinator] (Thread-233) [Consumer clientId=consumer-Consumer-topic-c330a21f_144a_4f97_a4c5_7faa8c28381d-15, groupId=Consumer-topic-c330a21f_144a_4f97_a4c5_7faa8c28381d] Member consumer-Consumer-topic-c330a21f_144a_4f97_a4c5_7faa8c28381d-15-d2d0ceb0-850d-4995-b17a-f6d9e6dbf145 sending LeaveGroup request to coordinator localhost:32770 (id: 2147483647 rack: null) due to the consumer is being closed
2025-07-31 02:22:10,899 INFO  [org.apa.kaf.cli.con.int.ConsumerCoordinator] (Thread-233) [Consumer clientId=consumer-Consumer-topic-c330a21f_144a_4f97_a4c5_7faa8c28381d-15, groupId=Consumer-topic-c330a21f_144a_4f97_a4c5_7faa8c28381d] Resetting generation and member id due to: consumer pro-actively leaving the group
2025-07-31 02:22:10,899 INFO  [org.apa.kaf.cli.con.int.ConsumerCoordinator] (Thread-233) [Consumer clientId=consumer-Consumer-topic-c330a21f_144a_4f97_a4c5_7faa8c28381d-15, groupId=Consumer-topic-c330a21f_144a_4f97_a4c5_7faa8c28381d] Request joining group due to: consumer pro-actively leaving the group
2025-07-31 02:22:11,399 INFO  [org.apa.kaf.com.met.Metrics] (Thread-233) Metrics scheduler closed
2025-07-31 02:22:11,399 INFO  [org.apa.kaf.com.met.Metrics] (Thread-233) Closing reporter org.apache.kafka.common.metrics.JmxReporter
2025-07-31 02:22:11,399 INFO  [org.apa.kaf.com.met.Metrics] (Thread-233) Closing reporter org.apache.kafka.common.telemetry.internals.ClientTelemetryReporter
2025-07-31 02:22:11,399 INFO  [org.apa.kaf.com.met.Metrics] (Thread-233) Metrics reporters closed
2025-07-31 02:22:11,401 INFO  [org.apa.kaf.com.uti.AppInfoParser] (Thread-233) App info kafka.consumer for consumer-Consumer-topic-c330a21f_144a_4f97_a4c5_7faa8c28381d-15 unregistered
2025-07-31 02:22:11,401 INFO  [io.api.tes.uti.TestSeparator] (main) io.apicurio.tests.serdes.apicurio.AvroSerdeIT.testGlobalIdInBody-FINISHED
2025-07-31 02:22:11,401 INFO  [io.api.tes.uti.TestSeparator] (main) ############################################################################
]]></system-out>
  </testcase>
  <testcase name="testProducerUsesGlobalIdConsumerUsesDefault" classname="io.apicurio.tests.serdes.apicurio.AvroSerdeIT" time="0.0">
    <skipped message="void io.apicurio.tests.serdes.apicurio.AvroSerdeIT.testProducerUsesGlobalIdConsumerUsesDefault() throws java.lang.Exception is @Disabled"/>
  </testcase>
</testsuite>