<?xml version="1.0" encoding="UTF-8"?>
<testsuite xmlns:xsi="http://www.w3.org/2001/XMLSchema-instance" xsi:noNamespaceSchemaLocation="https://maven.apache.org/surefire/maven-failsafe-plugin/xsd/failsafe-test-report.xsd" version="3.0.2" name="io.apicurio.tests.serdes.apicurio.JsonSchemaSerdeIT" time="8.273" tests="6" errors="0" skipped="0" failures="0">
  <properties>
    <property name="java.specification.version" value="17"/>
    <property name="sun.jnu.encoding" value="UTF-8"/>
    <property name="java.class.path" value="/home/runner/work/apicurio-testing/apicurio-testing/clusters/ci419/namespaces/postgresql/tests/integration/apicurio-registry/integration-tests/target/test-classes:/home/runner/work/apicurio-testing/apicurio-testing/clusters/ci419/namespaces/postgresql/tests/integration/apicurio-registry/integration-tests/target/apicurio-registry-integration-tests-3.0.9.jar:/home/runner/.m2/repository/io/quarkus/quarkus-junit5/3.15.4/quarkus-junit5-3.15.4.jar:/home/runner/.m2/repository/io/quarkus/quarkus-bootstrap-core/3.15.4/quarkus-bootstrap-core-3.15.4.jar:/home/runner/.m2/repository/io/quarkus/quarkus-classloader-commons/3.15.4/quarkus-classloader-commons-3.15.4.jar:/home/runner/.m2/repository/io/quarkus/quarkus-bootstrap-app-model/3.15.4/quarkus-bootstrap-app-model-3.15.4.jar:/home/runner/.m2/repository/io/smallrye/common/smallrye-common-io/2.6.1/smallrye-common-io-2.6.1.jar:/home/runner/.m2/repository/org/eclipse/sisu/org.eclipse.sisu.inject/0.9.0.M3/org.eclipse.sisu.inject-0.9.0.M3.jar:/home/runner/.m2/repository/io/quarkus/quarkus-test-common/3.15.4/quarkus-test-common-3.15.4.jar:/home/runner/.m2/repository/io/quarkus/quarkus-core-deployment/3.15.4/quarkus-core-deployment-3.15.4.jar:/home/runner/.m2/repository/org/aesh/readline/2.6/readline-2.6.jar:/home/runner/.m2/repository/org/fusesource/jansi/jansi/2.4.0/jansi-2.4.0.jar:/home/runner/.m2/repository/org/aesh/aesh/2.8.2/aesh-2.8.2.jar:/home/runner/.m2/repository/io/quarkus/gizmo/gizmo/1.8.0/gizmo-1.8.0.jar:/home/runner/.m2/repository/org/ow2/asm/asm-util/9.7/asm-util-9.7.jar:/home/runner/.m2/repository/org/ow2/asm/asm-analysis/9.7/asm-analysis-9.7.jar:/home/runner/.m2/repository/org/ow2/asm/asm-commons/9.7/asm-commons-9.7.jar:/home/runner/.m2/repository/org/ow2/asm/asm-tree/9.7/asm-tree-9.7.jar:/home/runner/.m2/repository/io/quarkus/quarkus-hibernate-validator-spi/3.15.4/quarkus-hibernate-validator-spi-3.15.4.jar:/home/runner/.m2/repository/io/quarkus/quarkus-class-change-agent/3.15.4/quarkus-class-change-agent-3.15.4.jar:/home/runner/.m2/repository/io/quarkus/quarkus-devtools-utilities/3.15.4/quarkus-devtools-utilities-3.15.4.jar:/home/runner/.m2/repository/io/quarkus/quarkus-builder/3.15.4/quarkus-builder-3.15.4.jar:/home/runner/.m2/repository/org/graalvm/sdk/nativeimage/23.1.2/nativeimage-23.1.2.jar:/home/runner/.m2/repository/org/graalvm/sdk/word/23.1.2/word-23.1.2.jar:/home/runner/.m2/repository/io/quarkus/quarkus-bootstrap-maven-resolver/3.15.4/quarkus-bootstrap-maven-resolver-3.15.4.jar:/home/runner/.m2/repository/io/smallrye/beanbag/smallrye-beanbag-maven/1.5.2/smallrye-beanbag-maven-1.5.2.jar:/home/runner/.m2/repository/io/smallrye/beanbag/smallrye-beanbag-sisu/1.5.2/smallrye-beanbag-sisu-1.5.2.jar:/home/runner/.m2/repository/io/smallrye/beanbag/smallrye-beanbag/1.5.2/smallrye-beanbag-1.5.2.jar:/home/runner/.m2/repository/javax/inject/javax.inject/1/javax.inject-1.jar:/home/runner/.m2/repository/org/apache/maven/maven-artifact/3.9.8/maven-artifact-3.9.8.jar:/home/runner/.m2/repository/org/apache/maven/maven-builder-support/3.9.8/maven-builder-support-3.9.8.jar:/home/runner/.m2/repository/org/apache/maven/maven-model/3.9.8/maven-model-3.9.8.jar:/home/runner/.m2/repository/org/apache/maven/maven-model-builder/3.9.8/maven-model-builder-3.9.8.jar:/home/runner/.m2/repository/org/apache/maven/maven-repository-metadata/3.9.8/maven-repository-metadata-3.9.8.jar:/home/runner/.m2/repository/org/apache/maven/maven-settings/3.9.8/maven-settings-3.9.8.jar:/home/runner/.m2/repository/org/apache/maven/resolver/maven-resolver-api/1.9.22/maven-resolver-api-1.9.22.jar:/home/runner/.m2/repository/org/apache/maven/resolver/maven-resolver-impl/1.9.22/maven-resolver-impl-1.9.22.jar:/home/runner/.m2/repository/org/apache/maven/resolver/maven-resolver-named-locks/1.9.22/maven-resolver-named-locks-1.9.22.jar:/home/runner/.m2/repository/org/apache/maven/resolver/maven-resolver-spi/1.9.22/maven-resolver-spi-1.9.22.jar:/home/runner/.m2/repository/org/apache/maven/resolver/maven-resolver-util/1.9.22/maven-resolver-util-1.9.22.jar:/home/runner/.m2/repository/org/apache/maven/resolver/maven-resolver-transport-http/1.9.20/maven-resolver-transport-http-1.9.20.jar:/home/runner/.m2/repository/org/apache/maven/wagon/wagon-provider-api/3.5.3/wagon-provider-api-3.5.3.jar:/home/runner/.m2/repository/org/apache/maven/wagon/wagon-http-shared/3.5.3/wagon-http-shared-3.5.3.jar:/home/runner/.m2/repository/org/codehaus/plexus/plexus-interpolation/1.26/plexus-interpolation-1.26.jar:/home/runner/.m2/repository/org/codehaus/plexus/plexus-utils/3.5.1/plexus-utils-3.5.1.jar:/home/runner/.m2/repository/org/codehaus/plexus/plexus-xml/4.0.1/plexus-xml-4.0.1.jar:/home/runner/.m2/repository/org/apache/maven/maven-xml-impl/4.0.0-alpha-5/maven-xml-impl-4.0.0-alpha-5.jar:/home/runner/.m2/repository/org/apache/maven/maven-api-xml/4.0.0-alpha-5/maven-api-xml-4.0.0-alpha-5.jar:/home/runner/.m2/repository/org/apache/maven/maven-api-meta/4.0.0-alpha-5/maven-api-meta-4.0.0-alpha-5.jar:/home/runner/.m2/repository/org/codehaus/plexus/plexus-cipher/2.0/plexus-cipher-2.0.jar:/home/runner/.m2/repository/org/codehaus/plexus/plexus-sec-dispatcher/2.0/plexus-sec-dispatcher-2.0.jar:/home/runner/.m2/repository/org/apache/maven/maven-embedder/3.9.8/maven-embedder-3.9.8.jar:/home/runner/.m2/repository/org/apache/maven/maven-core/3.9.8/maven-core-3.9.8.jar:/home/runner/.m2/repository/org/codehaus/plexus/plexus-component-annotations/2.1.0/plexus-component-annotations-2.1.0.jar:/home/runner/.m2/repository/org/apache/maven/maven-plugin-api/3.9.8/maven-plugin-api-3.9.8.jar:/home/runner/.m2/repository/org/apache/maven/shared/maven-shared-utils/3.4.2/maven-shared-utils-3.4.2.jar:/home/runner/.m2/repository/com/google/inject/guice/5.1.0/guice-5.1.0.jar:/home/runner/.m2/repository/aopalliance/aopalliance/1.0/aopalliance-1.0.jar:/home/runner/.m2/repository/javax/annotation/javax.annotation-api/1.3.2/javax.annotation-api-1.3.2.jar:/home/runner/.m2/repository/org/codehaus/plexus/plexus-classworlds/2.6.0/plexus-classworlds-2.6.0.jar:/home/runner/.m2/repository/commons-cli/commons-cli/1.8.0/commons-cli-1.8.0.jar:/home/runner/.m2/repository/org/eclipse/sisu/org.eclipse.sisu.plexus/0.9.0.M3/org.eclipse.sisu.plexus-0.9.0.M3.jar:/home/runner/.m2/repository/org/apache/maven/maven-settings-builder/3.9.8/maven-settings-builder-3.9.8.jar:/home/runner/.m2/repository/org/apache/maven/maven-resolver-provider/3.9.8/maven-resolver-provider-3.9.8.jar:/home/runner/.m2/repository/org/apache/maven/resolver/maven-resolver-connector-basic/1.9.22/maven-resolver-connector-basic-1.9.22.jar:/home/runner/.m2/repository/org/apache/maven/resolver/maven-resolver-transport-wagon/1.9.22/maven-resolver-transport-wagon-1.9.22.jar:/home/runner/.m2/repository/org/apache/maven/wagon/wagon-http/3.5.3/wagon-http-3.5.3.jar:/home/runner/.m2/repository/org/apache/maven/wagon/wagon-file/3.5.3/wagon-file-3.5.3.jar:/home/runner/.m2/repository/io/quarkus/quarkus-bootstrap-gradle-resolver/3.15.4/quarkus-bootstrap-gradle-resolver-3.15.4.jar:/home/runner/.m2/repository/io/smallrye/jandex/3.2.3/jandex-3.2.3.jar:/home/runner/.m2/repository/org/jboss/logging/commons-logging-jboss-logging/1.0.0.Final/commons-logging-jboss-logging-1.0.0.Final.jar:/home/runner/.m2/repository/io/quarkus/quarkus-junit5-properties/3.15.4/quarkus-junit5-properties-3.15.4.jar:/home/runner/.m2/repository/org/junit/jupiter/junit-jupiter/5.10.3/junit-jupiter-5.10.3.jar:/home/runner/.m2/repository/org/junit/jupiter/junit-jupiter-api/5.10.3/junit-jupiter-api-5.10.3.jar:/home/runner/.m2/repository/org/junit/jupiter/junit-jupiter-params/5.10.3/junit-jupiter-params-5.10.3.jar:/home/runner/.m2/repository/org/junit/jupiter/junit-jupiter-engine/5.10.3/junit-jupiter-engine-5.10.3.jar:/home/runner/.m2/repository/io/quarkus/quarkus-core/3.15.4/quarkus-core-3.15.4.jar:/home/runner/.m2/repository/jakarta/enterprise/jakarta.enterprise.cdi-api/4.1.0/jakarta.enterprise.cdi-api-4.1.0.jar:/home/runner/.m2/repository/jakarta/enterprise/jakarta.enterprise.lang-model/4.1.0/jakarta.enterprise.lang-model-4.1.0.jar:/home/runner/.m2/repository/jakarta/el/jakarta.el-api/5.0.1/jakarta.el-api-5.0.1.jar:/home/runner/.m2/repository/jakarta/interceptor/jakarta.interceptor-api/2.2.0/jakarta.interceptor-api-2.2.0.jar:/home/runner/.m2/repository/jakarta/inject/jakarta.inject-api/2.0.1/jakarta.inject-api-2.0.1.jar:/home/runner/.m2/repository/io/smallrye/common/smallrye-common-os/2.6.1/smallrye-common-os-2.6.1.jar:/home/runner/.m2/repository/io/quarkus/quarkus-ide-launcher/3.15.4/quarkus-ide-launcher-3.15.4.jar:/home/runner/.m2/repository/io/quarkus/quarkus-development-mode-spi/3.15.4/quarkus-development-mode-spi-3.15.4.jar:/home/runner/.m2/repository/io/smallrye/config/smallrye-config/3.9.1/smallrye-config-3.9.1.jar:/home/runner/.m2/repository/io/smallrye/config/smallrye-config-core/3.9.1/smallrye-config-core-3.9.1.jar:/home/runner/.m2/repository/io/smallrye/common/smallrye-common-annotation/2.6.1/smallrye-common-annotation-2.6.1.jar:/home/runner/.m2/repository/io/smallrye/common/smallrye-common-classloader/2.6.1/smallrye-common-classloader-2.6.1.jar:/home/runner/.m2/repository/io/smallrye/config/smallrye-config-common/3.9.1/smallrye-config-common-3.9.1.jar:/home/runner/.m2/repository/org/jboss/logging/jboss-logging/3.6.0.Final/jboss-logging-3.6.0.Final.jar:/home/runner/.m2/repository/org/jboss/logmanager/jboss-logmanager/3.1.1.Final/jboss-logmanager-3.1.1.Final.jar:/home/runner/.m2/repository/io/smallrye/common/smallrye-common-constraint/2.6.1/smallrye-common-constraint-2.6.1.jar:/home/runner/.m2/repository/io/smallrye/common/smallrye-common-cpu/2.6.1/smallrye-common-cpu-2.6.1.jar:/home/runner/.m2/repository/io/smallrye/common/smallrye-common-expression/2.6.1/smallrye-common-expression-2.6.1.jar:/home/runner/.m2/repository/io/smallrye/common/smallrye-common-function/2.6.1/smallrye-common-function-2.6.1.jar:/home/runner/.m2/repository/io/smallrye/common/smallrye-common-net/2.6.1/smallrye-common-net-2.6.1.jar:/home/runner/.m2/repository/io/smallrye/common/smallrye-common-ref/2.6.1/smallrye-common-ref-2.6.1.jar:/home/runner/.m2/repository/jakarta/json/jakarta.json-api/2.1.3/jakarta.json-api-2.1.3.jar:/home/runner/.m2/repository/org/eclipse/parsson/parsson/1.1.7/parsson-1.1.7.jar:/home/runner/.m2/repository/org/jboss/logging/jboss-logging-annotations/3.0.1.Final/jboss-logging-annotations-3.0.1.Final.jar:/home/runner/.m2/repository/org/jboss/threads/jboss-threads/3.6.1.Final/jboss-threads-3.6.1.Final.jar:/home/runner/.m2/repository/org/jboss/slf4j/slf4j-jboss-logmanager/2.0.0.Final/slf4j-jboss-logmanager-2.0.0.Final.jar:/home/runner/.m2/repository/org/wildfly/common/wildfly-common/1.7.0.Final/wildfly-common-1.7.0.Final.jar:/home/runner/.m2/repository/io/quarkus/quarkus-bootstrap-runner/3.15.4/quarkus-bootstrap-runner-3.15.4.jar:/home/runner/.m2/repository/io/github/crac/org-crac/0.1.3/org-crac-0.1.3.jar:/home/runner/.m2/repository/io/quarkus/quarkus-fs-util/0.0.10/quarkus-fs-util-0.0.10.jar:/home/runner/.m2/repository/org/jboss/marshalling/jboss-marshalling/2.2.1.Final/jboss-marshalling-2.2.1.Final.jar:/home/runner/.m2/repository/io/fabric8/kubernetes-client/6.13.5/kubernetes-client-6.13.5.jar:/home/runner/.m2/repository/io/fabric8/kubernetes-client-api/6.13.5/kubernetes-client-api-6.13.5.jar:/home/runner/.m2/repository/io/fabric8/kubernetes-model-core/6.13.5/kubernetes-model-core-6.13.5.jar:/home/runner/.m2/repository/io/fabric8/kubernetes-model-common/6.13.5/kubernetes-model-common-6.13.5.jar:/home/runner/.m2/repository/io/fabric8/kubernetes-model-gatewayapi/6.13.5/kubernetes-model-gatewayapi-6.13.5.jar:/home/runner/.m2/repository/io/fabric8/kubernetes-model-resource/6.13.5/kubernetes-model-resource-6.13.5.jar:/home/runner/.m2/repository/io/fabric8/kubernetes-model-rbac/6.13.5/kubernetes-model-rbac-6.13.5.jar:/home/runner/.m2/repository/io/fabric8/kubernetes-model-admissionregistration/6.13.5/kubernetes-model-admissionregistration-6.13.5.jar:/home/runner/.m2/repository/io/fabric8/kubernetes-model-apps/6.13.5/kubernetes-model-apps-6.13.5.jar:/home/runner/.m2/repository/io/fabric8/kubernetes-model-autoscaling/6.13.5/kubernetes-model-autoscaling-6.13.5.jar:/home/runner/.m2/repository/io/fabric8/kubernetes-model-apiextensions/6.13.5/kubernetes-model-apiextensions-6.13.5.jar:/home/runner/.m2/repository/io/fabric8/kubernetes-model-batch/6.13.5/kubernetes-model-batch-6.13.5.jar:/home/runner/.m2/repository/io/fabric8/kubernetes-model-certificates/6.13.5/kubernetes-model-certificates-6.13.5.jar:/home/runner/.m2/repository/io/fabric8/kubernetes-model-coordination/6.13.5/kubernetes-model-coordination-6.13.5.jar:/home/runner/.m2/repository/io/fabric8/kubernetes-model-discovery/6.13.5/kubernetes-model-discovery-6.13.5.jar:/home/runner/.m2/repository/io/fabric8/kubernetes-model-events/6.13.5/kubernetes-model-events-6.13.5.jar:/home/runner/.m2/repository/io/fabric8/kubernetes-model-extensions/6.13.5/kubernetes-model-extensions-6.13.5.jar:/home/runner/.m2/repository/io/fabric8/kubernetes-model-flowcontrol/6.13.5/kubernetes-model-flowcontrol-6.13.5.jar:/home/runner/.m2/repository/io/fabric8/kubernetes-model-networking/6.13.5/kubernetes-model-networking-6.13.5.jar:/home/runner/.m2/repository/io/fabric8/kubernetes-model-metrics/6.13.5/kubernetes-model-metrics-6.13.5.jar:/home/runner/.m2/repository/io/fabric8/kubernetes-model-policy/6.13.5/kubernetes-model-policy-6.13.5.jar:/home/runner/.m2/repository/io/fabric8/kubernetes-model-scheduling/6.13.5/kubernetes-model-scheduling-6.13.5.jar:/home/runner/.m2/repository/io/fabric8/kubernetes-model-storageclass/6.13.5/kubernetes-model-storageclass-6.13.5.jar:/home/runner/.m2/repository/io/fabric8/kubernetes-model-node/6.13.5/kubernetes-model-node-6.13.5.jar:/home/runner/.m2/repository/org/snakeyaml/snakeyaml-engine/2.7/snakeyaml-engine-2.7.jar:/home/runner/.m2/repository/com/fasterxml/jackson/dataformat/jackson-dataformat-yaml/2.15.2/jackson-dataformat-yaml-2.15.2.jar:/home/runner/.m2/repository/com/fasterxml/jackson/datatype/jackson-datatype-jsr310/2.17.2/jackson-datatype-jsr310-2.17.2.jar:/home/runner/.m2/repository/io/fabric8/zjsonpatch/0.3.0/zjsonpatch-0.3.0.jar:/home/runner/.m2/repository/io/fabric8/kubernetes-httpclient-vertx/6.13.5/kubernetes-httpclient-vertx-6.13.5.jar:/home/runner/.m2/repository/io/vertx/vertx-web-client/4.5.13/vertx-web-client-4.5.13.jar:/home/runner/.m2/repository/io/vertx/vertx-web-common/4.5.13/vertx-web-common-4.5.13.jar:/home/runner/.m2/repository/io/vertx/vertx-auth-common/4.5.13/vertx-auth-common-4.5.13.jar:/home/runner/.m2/repository/io/vertx/vertx-uri-template/4.5.13/vertx-uri-template-4.5.13.jar:/home/runner/.m2/repository/io/fabric8/openshift-client/6.13.5/openshift-client-6.13.5.jar:/home/runner/.m2/repository/io/fabric8/openshift-client-api/6.13.5/openshift-client-api-6.13.5.jar:/home/runner/.m2/repository/io/fabric8/openshift-model/6.13.5/openshift-model-6.13.5.jar:/home/runner/.m2/repository/io/fabric8/openshift-model-clusterautoscaling/6.13.5/openshift-model-clusterautoscaling-6.13.5.jar:/home/runner/.m2/repository/io/fabric8/openshift-model-operator/6.13.5/openshift-model-operator-6.13.5.jar:/home/runner/.m2/repository/io/fabric8/openshift-model-operatorhub/6.13.5/openshift-model-operatorhub-6.13.5.jar:/home/runner/.m2/repository/io/fabric8/openshift-model-machine/6.13.5/openshift-model-machine-6.13.5.jar:/home/runner/.m2/repository/io/fabric8/openshift-model-whereabouts/6.13.5/openshift-model-whereabouts-6.13.5.jar:/home/runner/.m2/repository/io/fabric8/openshift-model-monitoring/6.13.5/openshift-model-monitoring-6.13.5.jar:/home/runner/.m2/repository/io/fabric8/openshift-model-storageversionmigrator/6.13.5/openshift-model-storageversionmigrator-6.13.5.jar:/home/runner/.m2/repository/io/fabric8/openshift-model-tuned/6.13.5/openshift-model-tuned-6.13.5.jar:/home/runner/.m2/repository/io/fabric8/openshift-model-console/6.13.5/openshift-model-console-6.13.5.jar:/home/runner/.m2/repository/io/fabric8/openshift-model-config/6.13.5/openshift-model-config-6.13.5.jar:/home/runner/.m2/repository/io/fabric8/openshift-model-machineconfig/6.13.5/openshift-model-machineconfig-6.13.5.jar:/home/runner/.m2/repository/io/fabric8/openshift-model-miscellaneous/6.13.5/openshift-model-miscellaneous-6.13.5.jar:/home/runner/.m2/repository/io/fabric8/openshift-model-hive/6.13.5/openshift-model-hive-6.13.5.jar:/home/runner/.m2/repository/io/fabric8/openshift-model-installer/6.13.5/openshift-model-installer-6.13.5.jar:/home/runner/.m2/repository/com/github/mifmif/generex/1.0.2/generex-1.0.2.jar:/home/runner/.m2/repository/dk/brics/automaton/automaton/1.11-8/automaton-1.11-8.jar:/home/runner/.m2/repository/org/junit/platform/junit-platform-launcher/1.10.3/junit-platform-launcher-1.10.3.jar:/home/runner/.m2/repository/org/junit/platform/junit-platform-engine/1.10.3/junit-platform-engine-1.10.3.jar:/home/runner/.m2/repository/org/opentest4j/opentest4j/1.3.0/opentest4j-1.3.0.jar:/home/runner/.m2/repository/org/junit/platform/junit-platform-commons/1.10.3/junit-platform-commons-1.10.3.jar:/home/runner/.m2/repository/org/apiguardian/apiguardian-api/1.1.2/apiguardian-api-1.1.2.jar:/home/runner/.m2/repository/jakarta/ws/rs/jakarta.ws.rs-api/3.1.0/jakarta.ws.rs-api-3.1.0.jar:/home/runner/work/apicurio-testing/apicurio-testing/clusters/ci419/namespaces/postgresql/tests/integration/apicurio-registry/java-sdk/target/apicurio-registry-java-sdk-3.0.9.jar:/home/runner/.m2/repository/com/microsoft/kiota/microsoft-kiota-abstractions/1.8.4/microsoft-kiota-abstractions-1.8.4.jar:/home/runner/.m2/repository/io/github/std-uritemplate/std-uritemplate/2.0.0/std-uritemplate-2.0.0.jar:/home/runner/.m2/repository/io/kiota/kiota-http-jdk/0.0.21/kiota-http-jdk-0.0.21.jar:/home/runner/.m2/repository/io/kiota/kiota-http-vertx/0.0.21/kiota-http-vertx-0.0.21.jar:/home/runner/.m2/repository/io/kiota/kiota-serialization-jackson/0.0.21/kiota-serialization-jackson-0.0.21.jar:/home/runner/.m2/repository/com/microsoft/kiota/microsoft-kiota-serialization-text/1.8.4/microsoft-kiota-serialization-text-1.8.4.jar:/home/runner/.m2/repository/com/microsoft/kiota/microsoft-kiota-serialization-form/1.8.4/microsoft-kiota-serialization-form-1.8.4.jar:/home/runner/.m2/repository/com/microsoft/kiota/microsoft-kiota-serialization-multipart/1.8.4/microsoft-kiota-serialization-multipart-1.8.4.jar:/home/runner/.m2/repository/jakarta/annotation/jakarta.annotation-api/3.0.0/jakarta.annotation-api-3.0.0.jar:/home/runner/.m2/repository/io/vertx/vertx-auth-oauth2/4.5.13/vertx-auth-oauth2-4.5.13.jar:/home/runner/work/apicurio-testing/apicurio-testing/clusters/ci419/namespaces/postgresql/tests/integration/apicurio-registry/java-sdk-v2/target/apicurio-registry-v2-java-sdk-3.0.9.jar:/home/runner/work/apicurio-testing/apicurio-testing/clusters/ci419/namespaces/postgresql/tests/integration/apicurio-registry/utils/kafka/target/apicurio-registry-utils-kafka-3.0.9-tests.jar:/home/runner/.m2/repository/org/eclipse/microprofile/config/microprofile-config-api/3.1/microprofile-config-api-3.1.jar:/home/runner/.m2/repository/org/apache/kafka/kafka-clients/3.9.0/kafka-clients-3.9.0.jar:/home/runner/.m2/repository/com/github/luben/zstd-jni/1.5.6-4/zstd-jni-1.5.6-4.jar:/home/runner/.m2/repository/org/lz4/lz4-java/1.8.0/lz4-java-1.8.0.jar:/home/runner/.m2/repository/org/xerial/snappy/snappy-java/1.1.10.5/snappy-java-1.1.10.5.jar:/home/runner/.m2/repository/org/slf4j/slf4j-api/2.0.6/slf4j-api-2.0.6.jar:/home/runner/work/apicurio-testing/apicurio-testing/clusters/ci419/namespaces/postgresql/tests/integration/apicurio-registry/utils/tests/target/apicurio-registry-utils-tests-3.0.9.jar:/home/runner/work/apicurio-testing/apicurio-testing/clusters/ci419/namespaces/postgresql/tests/integration/apicurio-registry/common/target/apicurio-registry-common-3.0.9.jar:/home/runner/.m2/repository/jakarta/validation/jakarta.validation-api/3.0.2/jakarta.validation-api-3.0.2.jar:/home/runner/.m2/repository/com/github/dasniko/testcontainers-keycloak/3.6.0/testcontainers-keycloak-3.6.0.jar:/home/runner/.m2/repository/org/testcontainers/testcontainers/1.20.1/testcontainers-1.20.1.jar:/home/runner/.m2/repository/org/rnorth/duct-tape/duct-tape/1.0.8/duct-tape-1.0.8.jar:/home/runner/.m2/repository/org/jetbrains/annotations/24.1.0/annotations-24.1.0.jar:/home/runner/.m2/repository/com/github/docker-java/docker-java-transport-zerodep/3.4.0/docker-java-transport-zerodep-3.4.0.jar:/home/runner/.m2/repository/com/github/docker-java/docker-java-transport/3.4.0/docker-java-transport-3.4.0.jar:/home/runner/.m2/repository/net/java/dev/jna/jna/5.8.0/jna-5.8.0.jar:/home/runner/.m2/repository/io/quarkus/quarkus-junit4-mock/3.15.4/quarkus-junit4-mock-3.15.4.jar:/home/runner/.m2/repository/org/jboss/shrinkwrap/shrinkwrap-api/2.0.0-beta-2/shrinkwrap-api-2.0.0-beta-2.jar:/home/runner/.m2/repository/org/jboss/shrinkwrap/shrinkwrap-impl-base/2.0.0-beta-2/shrinkwrap-impl-base-2.0.0-beta-2.jar:/home/runner/.m2/repository/org/jboss/shrinkwrap/shrinkwrap-spi/2.0.0-beta-2/shrinkwrap-spi-2.0.0-beta-2.jar:/home/runner/.m2/repository/org/keycloak/keycloak-admin-client/25.0.6/keycloak-admin-client-25.0.6.jar:/home/runner/.m2/repository/org/keycloak/keycloak-core/25.0.6/keycloak-core-25.0.6.jar:/home/runner/.m2/repository/org/keycloak/keycloak-common/25.0.6/keycloak-common-25.0.6.jar:/home/runner/.m2/repository/org/jboss/resteasy/resteasy-client/6.2.9.Final/resteasy-client-6.2.9.Final.jar:/home/runner/.m2/repository/org/jboss/resteasy/resteasy-client-api/6.2.9.Final/resteasy-client-api-6.2.9.Final.jar:/home/runner/.m2/repository/org/jboss/resteasy/resteasy-core-spi/6.2.9.Final/resteasy-core-spi-6.2.9.Final.jar:/home/runner/.m2/repository/org/jboss/resteasy/resteasy-core/6.2.9.Final/resteasy-core-6.2.9.Final.jar:/home/runner/.m2/repository/org/eclipse/angus/angus-activation/2.0.2/angus-activation-2.0.2.jar:/home/runner/.m2/repository/com/ibm/async/asyncutil/0.1.0/asyncutil-0.1.0.jar:/home/runner/.m2/repository/org/reactivestreams/reactive-streams/1.0.4/reactive-streams-1.0.4.jar:/home/runner/.m2/repository/org/jboss/resteasy/resteasy-multipart-provider/6.2.9.Final/resteasy-multipart-provider-6.2.9.Final.jar:/home/runner/.m2/repository/jakarta/mail/jakarta.mail-api/2.1.2/jakarta.mail-api-2.1.2.jar:/home/runner/.m2/repository/org/eclipse/angus/angus-mail/2.0.3/angus-mail-2.0.3.jar:/home/runner/.m2/repository/org/apache/james/apache-mime4j-dom/0.8.11/apache-mime4j-dom-0.8.11.jar:/home/runner/.m2/repository/org/apache/james/apache-mime4j-core/0.8.11/apache-mime4j-core-0.8.11.jar:/home/runner/.m2/repository/org/apache/james/apache-mime4j-storage/0.8.11/apache-mime4j-storage-0.8.11.jar:/home/runner/.m2/repository/org/jboss/resteasy/resteasy-jackson2-provider/6.2.9.Final/resteasy-jackson2-provider-6.2.9.Final.jar:/home/runner/.m2/repository/com/fasterxml/jackson/jakarta/rs/jackson-jakarta-rs-base/2.17.2/jackson-jakarta-rs-base-2.17.2.jar:/home/runner/.m2/repository/com/fasterxml/jackson/jakarta/rs/jackson-jakarta-rs-json-provider/2.17.2/jackson-jakarta-rs-json-provider-2.17.2.jar:/home/runner/.m2/repository/com/fasterxml/jackson/module/jackson-module-jakarta-xmlbind-annotations/2.17.2/jackson-module-jakarta-xmlbind-annotations-2.17.2.jar:/home/runner/.m2/repository/com/github/java-json-tools/json-patch/1.13/json-patch-1.13.jar:/home/runner/.m2/repository/com/github/java-json-tools/msg-simple/1.2/msg-simple-1.2.jar:/home/runner/.m2/repository/com/github/java-json-tools/btf/1.3/btf-1.3.jar:/home/runner/.m2/repository/com/github/java-json-tools/jackson-coreutils/2.0/jackson-coreutils-2.0.jar:/home/runner/.m2/repository/org/jboss/resteasy/resteasy-jaxb-provider/6.2.9.Final/resteasy-jaxb-provider-6.2.9.Final.jar:/home/runner/.m2/repository/org/glassfish/jaxb/codemodel/4.0.3/codemodel-4.0.3.jar:/home/runner/.m2/repository/org/glassfish/jaxb/jaxb-core/4.0.5/jaxb-core-4.0.5.jar:/home/runner/.m2/repository/org/glassfish/jaxb/jaxb-jxc/4.0.3/jaxb-jxc-4.0.3.jar:/home/runner/.m2/repository/org/glassfish/jaxb/jaxb-runtime/4.0.5/jaxb-runtime-4.0.5.jar:/home/runner/.m2/repository/org/glassfish/jaxb/txw2/4.0.5/txw2-4.0.5.jar:/home/runner/.m2/repository/org/glassfish/jaxb/jaxb-xjc/4.0.3/jaxb-xjc-4.0.3.jar:/home/runner/.m2/repository/org/glassfish/jaxb/xsom/4.0.3/xsom-4.0.3.jar:/home/runner/.m2/repository/com/sun/istack/istack-commons-runtime/4.1.2/istack-commons-runtime-4.1.2.jar:/home/runner/.m2/repository/com/sun/istack/istack-commons-tools/4.1.2/istack-commons-tools-4.1.2.jar:/home/runner/.m2/repository/com/sun/xml/bind/external/relaxng-datatype/4.0.3/relaxng-datatype-4.0.3.jar:/home/runner/.m2/repository/com/sun/xml/bind/external/rngom/4.0.3/rngom-4.0.3.jar:/home/runner/.m2/repository/org/testcontainers/mssqlserver/1.20.1/mssqlserver-1.20.1.jar:/home/runner/.m2/repository/org/testcontainers/jdbc/1.20.1/jdbc-1.20.1.jar:/home/runner/.m2/repository/org/testcontainers/database-commons/1.20.1/database-commons-1.20.1.jar:/home/runner/.m2/repository/org/testcontainers/mysql/1.20.1/mysql-1.20.1.jar:/home/runner/.m2/repository/io/strimzi/strimzi-test-container/0.107.0/strimzi-test-container-0.107.0.jar:/home/runner/.m2/repository/org/testcontainers/toxiproxy/1.20.1/toxiproxy-1.20.1.jar:/home/runner/.m2/repository/com/github/docker-java/docker-java-api/3.4.0/docker-java-api-3.4.0.jar:/home/runner/.m2/repository/eu/rekawek/toxiproxy/toxiproxy-java/2.1.7/toxiproxy-java-2.1.7.jar:/home/runner/.m2/repository/junit/junit/4.13.2/junit-4.13.2.jar:/home/runner/.m2/repository/org/hamcrest/hamcrest-core/1.3/hamcrest-core-1.3.jar:/home/runner/.m2/repository/org/testcontainers/pulsar/1.20.4/pulsar-1.20.4.jar:/home/runner/.m2/repository/io/debezium/debezium-testing-testcontainers/2.6.2.Final/debezium-testing-testcontainers-2.6.2.Final.jar:/home/runner/.m2/repository/org/testcontainers/kafka/1.20.1/kafka-1.20.1.jar:/home/runner/.m2/repository/com/squareup/okhttp3/okhttp/4.8.1/okhttp-4.8.1.jar:/home/runner/.m2/repository/com/squareup/okio/okio/3.10.2/okio-3.10.2.jar:/home/runner/.m2/repository/com/squareup/okio/okio-jvm/3.10.2/okio-jvm-3.10.2.jar:/home/runner/.m2/repository/org/jetbrains/kotlin/kotlin-stdlib/2.0.10/kotlin-stdlib-2.0.10.jar:/home/runner/.m2/repository/org/awaitility/awaitility/4.2.2/awaitility-4.2.2.jar:/home/runner/.m2/repository/org/testcontainers/mongodb/1.20.1/mongodb-1.20.1.jar:/home/runner/.m2/repository/org/testcontainers/oracle-xe/1.20.1/oracle-xe-1.20.1.jar:/home/runner/.m2/repository/org/testcontainers/postgresql/1.20.1/postgresql-1.20.1.jar:/home/runner/.m2/repository/org/wiremock/wiremock/3.0.1/wiremock-3.0.1.jar:/home/runner/.m2/repository/org/eclipse/jetty/jetty-server/11.0.15/jetty-server-11.0.15.jar:/home/runner/.m2/repository/org/eclipse/jetty/toolchain/jetty-jakarta-servlet-api/5.0.2/jetty-jakarta-servlet-api-5.0.2.jar:/home/runner/.m2/repository/org/eclipse/jetty/jetty-http/11.0.15/jetty-http-11.0.15.jar:/home/runner/.m2/repository/org/eclipse/jetty/jetty-io/11.0.15/jetty-io-11.0.15.jar:/home/runner/.m2/repository/org/eclipse/jetty/jetty-servlet/11.0.15/jetty-servlet-11.0.15.jar:/home/runner/.m2/repository/org/eclipse/jetty/jetty-security/11.0.15/jetty-security-11.0.15.jar:/home/runner/.m2/repository/org/eclipse/jetty/jetty-servlets/11.0.15/jetty-servlets-11.0.15.jar:/home/runner/.m2/repository/org/eclipse/jetty/jetty-util/11.0.15/jetty-util-11.0.15.jar:/home/runner/.m2/repository/org/eclipse/jetty/jetty-webapp/11.0.15/jetty-webapp-11.0.15.jar:/home/runner/.m2/repository/org/eclipse/jetty/jetty-xml/11.0.15/jetty-xml-11.0.15.jar:/home/runner/.m2/repository/org/eclipse/jetty/jetty-proxy/11.0.15/jetty-proxy-11.0.15.jar:/home/runner/.m2/repository/org/eclipse/jetty/jetty-client/11.0.15/jetty-client-11.0.15.jar:/home/runner/.m2/repository/org/eclipse/jetty/http2/http2-server/11.0.15/http2-server-11.0.15.jar:/home/runner/.m2/repository/org/eclipse/jetty/http2/http2-common/11.0.15/http2-common-11.0.15.jar:/home/runner/.m2/repository/org/eclipse/jetty/http2/http2-hpack/11.0.15/http2-hpack-11.0.15.jar:/home/runner/.m2/repository/org/eclipse/jetty/jetty-alpn-server/11.0.15/jetty-alpn-server-11.0.15.jar:/home/runner/.m2/repository/org/eclipse/jetty/jetty-alpn-java-server/11.0.15/jetty-alpn-java-server-11.0.15.jar:/home/runner/.m2/repository/org/eclipse/jetty/jetty-alpn-java-client/11.0.15/jetty-alpn-java-client-11.0.15.jar:/home/runner/.m2/repository/org/eclipse/jetty/jetty-alpn-client/11.0.15/jetty-alpn-client-11.0.15.jar:/home/runner/.m2/repository/org/apache/httpcomponents/client5/httpclient5/5.2.1/httpclient5-5.2.1.jar:/home/runner/.m2/repository/org/apache/httpcomponents/core5/httpcore5/5.2/httpcore5-5.2.jar:/home/runner/.m2/repository/org/apache/httpcomponents/core5/httpcore5-h2/5.2/httpcore5-h2-5.2.jar:/home/runner/.m2/repository/org/xmlunit/xmlunit-core/2.9.1/xmlunit-core-2.9.1.jar:/home/runner/.m2/repository/jakarta/xml/bind/jakarta.xml.bind-api/4.0.2/jakarta.xml.bind-api-4.0.2.jar:/home/runner/.m2/repository/jakarta/activation/jakarta.activation-api/2.1.3/jakarta.activation-api-2.1.3.jar:/home/runner/.m2/repository/org/xmlunit/xmlunit-legacy/2.9.1/xmlunit-legacy-2.9.1.jar:/home/runner/.m2/repository/org/xmlunit/xmlunit-placeholders/2.9.1/xmlunit-placeholders-2.9.1.jar:/home/runner/.m2/repository/net/javacrumbs/json-unit/json-unit-core/2.38.0/json-unit-core-2.38.0.jar:/home/runner/.m2/repository/com/jayway/jsonpath/json-path/2.8.0/json-path-2.8.0.jar:/home/runner/.m2/repository/net/minidev/json-smart/2.4.10/json-smart-2.4.10.jar:/home/runner/.m2/repository/net/minidev/accessors-smart/2.4.9/accessors-smart-2.4.9.jar:/home/runner/.m2/repository/org/ow2/asm/asm/9.7/asm-9.7.jar:/home/runner/.m2/repository/net/sf/jopt-simple/jopt-simple/5.0.4/jopt-simple-5.0.4.jar:/home/runner/.m2/repository/com/github/jknack/handlebars/4.3.1/handlebars-4.3.1.jar:/home/runner/.m2/repository/com/github/jknack/handlebars-helpers/4.3.1/handlebars-helpers-4.3.1.jar:/home/runner/.m2/repository/commons-fileupload/commons-fileupload/1.5/commons-fileupload-1.5.jar:/home/runner/.m2/repository/com/networknt/json-schema-validator/1.5.5/json-schema-validator-1.5.5.jar:/home/runner/.m2/repository/com/ethlo/time/itu/1.10.3/itu-1.10.3.jar:/home/runner/.m2/repository/io/quarkus/quarkus-smallrye-jwt-build/3.15.4/quarkus-smallrye-jwt-build-3.15.4.jar:/home/runner/.m2/repository/io/smallrye/smallrye-jwt-build/4.5.3/smallrye-jwt-build-4.5.3.jar:/home/runner/.m2/repository/org/eclipse/microprofile/jwt/microprofile-jwt-auth-api/2.1/microprofile-jwt-auth-api-2.1.jar:/home/runner/.m2/repository/org/bitbucket/b_c/jose4j/0.9.6/jose4j-0.9.6.jar:/home/runner/.m2/repository/io/smallrye/smallrye-jwt-common/4.5.3/smallrye-jwt-common-4.5.3.jar:/home/runner/.m2/repository/io/quarkus/quarkus-jsonp/3.15.4/quarkus-jsonp-3.15.4.jar:/home/runner/.m2/repository/io/quarkus/quarkus-arc/3.15.4/quarkus-arc-3.15.4.jar:/home/runner/.m2/repository/io/quarkus/arc/arc/3.15.4/arc-3.15.4.jar:/home/runner/.m2/repository/jakarta/transaction/jakarta.transaction-api/2.0.1/jakarta.transaction-api-2.0.1.jar:/home/runner/.m2/repository/io/smallrye/reactive/mutiny/2.6.2/mutiny-2.6.2.jar:/home/runner/.m2/repository/org/jctools/jctools-core/4.0.5/jctools-core-4.0.5.jar:/home/runner/.m2/repository/org/eclipse/microprofile/context-propagation/microprofile-context-propagation-api/1.3/microprofile-context-propagation-api-1.3.jar:/home/runner/.m2/repository/io/apicurio/apicurio-common-rest-client-common/0.1.18.Final/apicurio-common-rest-client-common-0.1.18.Final.jar:/home/runner/work/apicurio-testing/apicurio-testing/clusters/ci419/namespaces/postgresql/tests/integration/apicurio-registry/utils/maven-plugin/target/apicurio-registry-maven-plugin-3.0.9.jar:/home/runner/.m2/repository/com/fasterxml/jackson/core/jackson-databind/2.17.2/jackson-databind-2.17.2.jar:/home/runner/.m2/repository/org/apache/avro/avro/1.12.0/avro-1.12.0.jar:/home/runner/.m2/repository/com/google/protobuf/protobuf-java/3.25.8/protobuf-java-3.25.8.jar:/home/runner/.m2/repository/com/google/protobuf/protobuf-java-util/3.25.8/protobuf-java-util-3.25.8.jar:/home/runner/.m2/repository/com/google/code/findbugs/jsr305/3.0.2/jsr305-3.0.2.jar:/home/runner/.m2/repository/com/google/code/gson/gson/2.11.0/gson-2.11.0.jar:/home/runner/.m2/repository/com/google/errorprone/error_prone_annotations/2.30.0/error_prone_annotations-2.30.0.jar:/home/runner/.m2/repository/com/google/j2objc/j2objc-annotations/2.8/j2objc-annotations-2.8.jar:/home/runner/work/apicurio-testing/apicurio-testing/clusters/ci419/namespaces/postgresql/tests/integration/apicurio-registry/schema-util/util-provider/target/apicurio-registry-schema-util-provider-3.0.9.jar:/home/runner/work/apicurio-testing/apicurio-testing/clusters/ci419/namespaces/postgresql/tests/integration/apicurio-registry/schema-util/common/target/apicurio-registry-schema-util-common-3.0.9.jar:/home/runner/.m2/repository/com/fasterxml/jackson/module/jackson-module-parameter-names/2.17.2/jackson-module-parameter-names-2.17.2.jar:/home/runner/.m2/repository/com/fasterxml/jackson/datatype/jackson-datatype-json-org/2.18.2/jackson-datatype-json-org-2.18.2.jar:/home/runner/work/apicurio-testing/apicurio-testing/clusters/ci419/namespaces/postgresql/tests/integration/apicurio-registry/schema-util/json/target/apicurio-registry-schema-util-json-3.0.9.jar:/home/runner/.m2/repository/com/github/erosb/everit-json-schema/1.14.5/everit-json-schema-1.14.5.jar:/home/runner/.m2/repository/commons-validator/commons-validator/1.9.0/commons-validator-1.9.0.jar:/home/runner/.m2/repository/commons-digester/commons-digester/2.1/commons-digester-2.1.jar:/home/runner/.m2/repository/commons-collections/commons-collections/3.2.2/commons-collections-3.2.2.jar:/home/runner/.m2/repository/com/damnhandy/handy-uri-templates/2.1.8/handy-uri-templates-2.1.8.jar:/home/runner/.m2/repository/joda-time/joda-time/2.10.2/joda-time-2.10.2.jar:/home/runner/.m2/repository/com/github/erosb/json-sKema/0.20.0/json-sKema-0.20.0.jar:/home/runner/.m2/repository/io/vertx/vertx-json-schema/4.5.13/vertx-json-schema-4.5.13.jar:/home/runner/work/apicurio-testing/apicurio-testing/clusters/ci419/namespaces/postgresql/tests/integration/apicurio-registry/schema-util/protobuf/target/apicurio-registry-schema-util-protobuf-3.0.9.jar:/home/runner/work/apicurio-testing/apicurio-testing/clusters/ci419/namespaces/postgresql/tests/integration/apicurio-registry/utils/protobuf-schema-utilities/target/apicurio-registry-protobuf-schema-utilities-3.0.9.jar:/home/runner/.m2/repository/com/google/api/grpc/proto-google-common-protos/2.52.0/proto-google-common-protos-2.52.0.jar:/home/runner/.m2/repository/com/squareup/wire/wire-schema-jvm/5.1.0/wire-schema-jvm-5.1.0.jar:/home/runner/.m2/repository/com/squareup/javapoet/1.13.0/javapoet-1.13.0.jar:/home/runner/.m2/repository/com/squareup/kotlinpoet-jvm/1.18.1/kotlinpoet-jvm-1.18.1.jar:/home/runner/.m2/repository/org/jetbrains/kotlin/kotlin-reflect/2.0.10/kotlin-reflect-2.0.10.jar:/home/runner/.m2/repository/com/squareup/wire/wire-runtime-jvm/5.1.0/wire-runtime-jvm-5.1.0.jar:/home/runner/.m2/repository/com/ibm/icu/icu4j/76.1/icu4j-76.1.jar:/home/runner/.m2/repository/com/squareup/okio/okio-fakefilesystem/3.10.2/okio-fakefilesystem-3.10.2.jar:/home/runner/.m2/repository/com/squareup/okio/okio-fakefilesystem-jvm/3.10.2/okio-fakefilesystem-jvm-3.10.2.jar:/home/runner/.m2/repository/org/jetbrains/kotlinx/kotlinx-datetime-jvm/0.6.1/kotlinx-datetime-jvm-0.6.1.jar:/home/runner/work/apicurio-testing/apicurio-testing/clusters/ci419/namespaces/postgresql/tests/integration/apicurio-registry/schema-util/asyncapi/target/apicurio-registry-schema-util-asyncapi-3.0.9.jar:/home/runner/work/apicurio-testing/apicurio-testing/clusters/ci419/namespaces/postgresql/tests/integration/apicurio-registry/schema-util/avro/target/apicurio-registry-schema-util-avro-3.0.9.jar:/home/runner/work/apicurio-testing/apicurio-testing/clusters/ci419/namespaces/postgresql/tests/integration/apicurio-registry/schema-util/graphql/target/apicurio-registry-schema-util-graphql-3.0.9.jar:/home/runner/.m2/repository/com/graphql-java/graphql-java/22.3/graphql-java-22.3.jar:/home/runner/.m2/repository/com/graphql-java/java-dataloader/3.3.0/java-dataloader-3.3.0.jar:/home/runner/work/apicurio-testing/apicurio-testing/clusters/ci419/namespaces/postgresql/tests/integration/apicurio-registry/schema-util/kconnect/target/apicurio-registry-schema-util-kconnect-3.0.9.jar:/home/runner/work/apicurio-testing/apicurio-testing/clusters/ci419/namespaces/postgresql/tests/integration/apicurio-registry/schema-util/openapi/target/apicurio-registry-schema-util-openapi-3.0.9.jar:/home/runner/.m2/repository/io/apicurio/apicurio-data-models/2.2.1/apicurio-data-models-2.2.1.jar:/home/runner/.m2/repository/org/openapitools/openapidiff/openapi-diff-core/2.0.1/openapi-diff-core-2.0.1.jar:/home/runner/.m2/repository/io/swagger/parser/v3/swagger-parser/2.0.28/swagger-parser-2.0.28.jar:/home/runner/.m2/repository/io/swagger/parser/v3/swagger-parser-v2-converter/2.0.28/swagger-parser-v2-converter-2.0.28.jar:/home/runner/.m2/repository/io/swagger/swagger-core/1.6.3/swagger-core-1.6.3.jar:/home/runner/.m2/repository/io/swagger/swagger-models/1.6.3/swagger-models-1.6.3.jar:/home/runner/.m2/repository/io/swagger/swagger-annotations/1.6.3/swagger-annotations-1.6.3.jar:/home/runner/.m2/repository/io/swagger/swagger-parser/1.0.56/swagger-parser-1.0.56.jar:/home/runner/.m2/repository/io/swagger/swagger-compat-spec-parser/1.0.56/swagger-compat-spec-parser-1.0.56.jar:/home/runner/.m2/repository/com/github/java-json-tools/json-schema-validator/2.2.14/json-schema-validator-2.2.14.jar:/home/runner/.m2/repository/com/github/java-json-tools/jackson-coreutils-equivalence/1.0/jackson-coreutils-equivalence-1.0.jar:/home/runner/.m2/repository/com/github/java-json-tools/json-schema-core/1.2.14/json-schema-core-1.2.14.jar:/home/runner/.m2/repository/com/github/java-json-tools/uri-template/0.10/uri-template-0.10.jar:/home/runner/.m2/repository/com/sun/mail/mailapi/1.6.2/mailapi-1.6.2.jar:/home/runner/.m2/repository/com/googlecode/libphonenumber/libphonenumber/8.11.1/libphonenumber-8.11.1.jar:/home/runner/.m2/repository/com/j2html/j2html/1.5.0/j2html-1.5.0.jar:/home/runner/.m2/repository/org/apache/commons/commons-collections4/4.4/commons-collections4-4.4.jar:/home/runner/.m2/repository/commons-httpclient/commons-httpclient/3.1/commons-httpclient-3.1.jar:/home/runner/.m2/repository/io/swagger/parser/v3/swagger-parser-v3/2.1.25/swagger-parser-v3-2.1.25.jar:/home/runner/.m2/repository/io/swagger/core/v3/swagger-models/2.2.28/swagger-models-2.2.28.jar:/home/runner/.m2/repository/io/swagger/core/v3/swagger-core/2.2.28/swagger-core-2.2.28.jar:/home/runner/.m2/repository/io/swagger/parser/v3/swagger-parser-core/2.1.25/swagger-parser-core-2.1.25.jar:/home/runner/.m2/repository/io/swagger/parser/v3/swagger-parser-safe-url-resolver/2.1.25/swagger-parser-safe-url-resolver-2.1.25.jar:/home/runner/work/apicurio-testing/apicurio-testing/clusters/ci419/namespaces/postgresql/tests/integration/apicurio-registry/schema-util/wsdl/target/apicurio-registry-schema-util-wsdl-3.0.9.jar:/home/runner/.m2/repository/wsdl4j/wsdl4j/1.6.3/wsdl4j-1.6.3.jar:/home/runner/work/apicurio-testing/apicurio-testing/clusters/ci419/namespaces/postgresql/tests/integration/apicurio-registry/schema-util/xml/target/apicurio-registry-schema-util-xml-3.0.9.jar:/home/runner/.m2/repository/org/apache/santuario/xmlsec/4.0.3/xmlsec-4.0.3.jar:/home/runner/.m2/repository/com/fasterxml/woodstox/woodstox-core/7.1.0/woodstox-core-7.1.0.jar:/home/runner/.m2/repository/org/codehaus/woodstox/stax2-api/4.2.2/stax2-api-4.2.2.jar:/home/runner/work/apicurio-testing/apicurio-testing/clusters/ci419/namespaces/postgresql/tests/integration/apicurio-registry/schema-util/xsd/target/apicurio-registry-schema-util-xsd-3.0.9.jar:/home/runner/work/apicurio-testing/apicurio-testing/clusters/ci419/namespaces/postgresql/tests/integration/apicurio-registry/serdes/kafka/jsonschema-serde/target/apicurio-registry-jsonschema-serde-kafka-3.0.9.jar:/home/runner/work/apicurio-testing/apicurio-testing/clusters/ci419/namespaces/postgresql/tests/integration/apicurio-registry/serdes/kafka/serde-kafka-common/target/apicurio-registry-serde-kafka-common-3.0.9.jar:/home/runner/work/apicurio-testing/apicurio-testing/clusters/ci419/namespaces/postgresql/tests/integration/apicurio-registry/serdes/generic/serde-common/target/apicurio-registry-serde-common-3.0.9.jar:/home/runner/work/apicurio-testing/apicurio-testing/clusters/ci419/namespaces/postgresql/tests/integration/apicurio-registry/schema-resolver/target/apicurio-registry-schema-resolver-3.0.9.jar:/home/runner/work/apicurio-testing/apicurio-testing/clusters/ci419/namespaces/postgresql/tests/integration/apicurio-registry/serdes/generic/serde-common-jsonschema/target/apicurio-registry-serde-common-jsonschema-3.0.9.jar:/home/runner/.m2/repository/org/json/json/20250107/json-20250107.jar:/home/runner/work/apicurio-testing/apicurio-testing/clusters/ci419/namespaces/postgresql/tests/integration/apicurio-registry/serdes/kafka/avro-serde/target/apicurio-registry-avro-serde-kafka-3.0.9.jar:/home/runner/work/apicurio-testing/apicurio-testing/clusters/ci419/namespaces/postgresql/tests/integration/apicurio-registry/serdes/generic/serde-common-avro/target/apicurio-registry-serde-common-avro-3.0.9.jar:/home/runner/work/apicurio-testing/apicurio-testing/clusters/ci419/namespaces/postgresql/tests/integration/apicurio-registry/serdes/kafka/protobuf-serde/target/apicurio-registry-protobuf-serde-kafka-3.0.9.jar:/home/runner/work/apicurio-testing/apicurio-testing/clusters/ci419/namespaces/postgresql/tests/integration/apicurio-registry/serdes/generic/serde-common-protobuf/target/apicurio-registry-serde-common-protobuf-3.0.9.jar:/home/runner/.m2/repository/com/squareup/wire/wire-schema/5.1.0/wire-schema-5.1.0.jar:/home/runner/.m2/repository/com/squareup/wire/wire-runtime/5.1.0/wire-runtime-5.1.0.jar:/home/runner/work/apicurio-testing/apicurio-testing/clusters/ci419/namespaces/postgresql/tests/integration/apicurio-registry/serdes/pulsar/avro-serde/target/apicurio-registry-avro-serde-pulsar-3.0.9.jar:/home/runner/.m2/repository/org/apache/pulsar/pulsar-functions-api/3.3.4/pulsar-functions-api-3.3.4.jar:/home/runner/work/apicurio-testing/apicurio-testing/clusters/ci419/namespaces/postgresql/tests/integration/apicurio-registry/serdes/nats/avro-serde/target/apicurio-registry-avro-serde-nats-3.0.9.jar:/home/runner/.m2/repository/io/nats/jnats/2.20.5/jnats-2.20.5.jar:/home/runner/.m2/repository/net/i2p/crypto/eddsa/0.3.0/eddsa-0.3.0.jar:/home/runner/work/apicurio-testing/apicurio-testing/clusters/ci419/namespaces/postgresql/tests/integration/apicurio-registry/utils/converter/target/apicurio-registry-utils-converter-3.0.9.jar:/home/runner/.m2/repository/org/apache/kafka/connect-api/3.9.1/connect-api-3.9.1.jar:/home/runner/.m2/repository/javax/ws/rs/javax.ws.rs-api/2.1.1/javax.ws.rs-api-2.1.1.jar:/home/runner/.m2/repository/org/apache/kafka/connect-json/3.9.1/connect-json-3.9.1.jar:/home/runner/.m2/repository/com/fasterxml/jackson/datatype/jackson-datatype-jdk8/2.17.2/jackson-datatype-jdk8-2.17.2.jar:/home/runner/.m2/repository/com/fasterxml/jackson/module/jackson-module-afterburner/2.17.2/jackson-module-afterburner-2.17.2.jar:/home/runner/work/apicurio-testing/apicurio-testing/clusters/ci419/namespaces/postgresql/tests/integration/apicurio-registry/utils/kafka/target/apicurio-registry-utils-kafka-3.0.9.jar:/home/runner/.m2/repository/org/apache/pulsar/pulsar-client/3.3.4/pulsar-client-3.3.4.jar:/home/runner/.m2/repository/org/apache/pulsar/pulsar-client-api/3.3.4/pulsar-client-api-3.3.4.jar:/home/runner/.m2/repository/org/apache/pulsar/pulsar-client-admin-api/3.3.4/pulsar-client-admin-api-3.3.4.jar:/home/runner/.m2/repository/org/apache/pulsar/bouncy-castle-bc/3.3.4/bouncy-castle-bc-3.3.4-pkg.jar:/home/runner/.m2/repository/org/bouncycastle/bcpkix-jdk18on/1.78.1/bcpkix-jdk18on-1.78.1.jar:/home/runner/.m2/repository/org/bouncycastle/bcutil-jdk18on/1.78.1/bcutil-jdk18on-1.78.1.jar:/home/runner/.m2/repository/org/bouncycastle/bcprov-jdk18on/1.78.1/bcprov-jdk18on-1.78.1.jar:/home/runner/.m2/repository/io/opentelemetry/opentelemetry-api/1.39.0/opentelemetry-api-1.39.0.jar:/home/runner/.m2/repository/io/opentelemetry/opentelemetry-context/1.39.0/opentelemetry-context-1.39.0.jar:/home/runner/.m2/repository/io/opentelemetry/opentelemetry-api-incubator/1.39.0-alpha/opentelemetry-api-incubator-1.39.0-alpha.jar:/home/runner/.m2/repository/com/fasterxml/jackson/core/jackson-annotations/2.17.2/jackson-annotations-2.17.2.jar:/home/runner/.m2/repository/javax/validation/validation-api/1.1.0.Final/validation-api-1.1.0.Final.jar:/home/runner/.m2/repository/io/confluent/kafka-avro-serializer/7.9.0/kafka-avro-serializer-7.9.0.jar:/home/runner/.m2/repository/org/apache/commons/commons-compress/1.27.0/commons-compress-1.27.0.jar:/home/runner/.m2/repository/io/confluent/kafka-schema-serializer/7.9.0/kafka-schema-serializer-7.9.0.jar:/home/runner/.m2/repository/com/fasterxml/jackson/dataformat/jackson-dataformat-csv/2.17.2/jackson-dataformat-csv-2.17.2.jar:/home/runner/.m2/repository/io/confluent/kafka-schema-registry-client/7.9.0/kafka-schema-registry-client-7.9.0.jar:/home/runner/.m2/repository/org/yaml/snakeyaml/2.2/snakeyaml-2.2.jar:/home/runner/.m2/repository/io/swagger/core/v3/swagger-annotations/2.1.10/swagger-annotations-2.1.10.jar:/home/runner/.m2/repository/com/google/guava/guava/33.2.1-jre/guava-33.2.1-jre.jar:/home/runner/.m2/repository/com/google/guava/failureaccess/1.0.1/failureaccess-1.0.1.jar:/home/runner/.m2/repository/org/checkerframework/checker-qual/3.46.0/checker-qual-3.46.0.jar:/home/runner/.m2/repository/io/confluent/logredactor/1.0.12/logredactor-1.0.12.jar:/home/runner/.m2/repository/com/google/re2j/re2j/1.6/re2j-1.6.jar:/home/runner/.m2/repository/io/confluent/logredactor-metrics/1.0.12/logredactor-metrics-1.0.12.jar:/home/runner/.m2/repository/com/eclipsesource/minimal-json/minimal-json/0.9.5/minimal-json-0.9.5.jar:/home/runner/.m2/repository/io/confluent/common-utils/7.9.0/common-utils-7.9.0.jar:/home/runner/.m2/repository/io/confluent/kafka-connect-avro-converter/7.9.0/kafka-connect-avro-converter-7.9.0.jar:/home/runner/.m2/repository/io/confluent/kafka-connect-avro-data/7.9.0/kafka-connect-avro-data-7.9.0.jar:/home/runner/.m2/repository/io/confluent/kafka-schema-converter/7.9.0/kafka-schema-converter-7.9.0.jar:/home/runner/.m2/repository/io/rest-assured/rest-assured/5.5.0/rest-assured-5.5.0.jar:/home/runner/.m2/repository/org/apache/groovy/groovy/4.0.22/groovy-4.0.22.jar:/home/runner/.m2/repository/org/apache/groovy/groovy-xml/4.0.22/groovy-xml-4.0.22.jar:/home/runner/.m2/repository/org/apache/httpcomponents/httpclient/4.5.14/httpclient-4.5.14.jar:/home/runner/.m2/repository/org/apache/httpcomponents/httpcore/4.4.16/httpcore-4.4.16.jar:/home/runner/.m2/repository/org/apache/httpcomponents/httpmime/4.5.14/httpmime-4.5.14.jar:/home/runner/.m2/repository/org/hamcrest/hamcrest/2.2/hamcrest-2.2.jar:/home/runner/.m2/repository/org/ccil/cowan/tagsoup/tagsoup/1.2.1/tagsoup-1.2.1.jar:/home/runner/.m2/repository/io/rest-assured/json-path/5.5.0/json-path-5.5.0.jar:/home/runner/.m2/repository/org/apache/groovy/groovy-json/4.0.22/groovy-json-4.0.22.jar:/home/runner/.m2/repository/io/rest-assured/rest-assured-common/5.5.0/rest-assured-common-5.5.0.jar:/home/runner/.m2/repository/io/rest-assured/xml-path/5.5.0/xml-path-5.5.0.jar:/home/runner/.m2/repository/io/zonky/test/embedded-postgres/2.1.0/embedded-postgres-2.1.0.jar:/home/runner/.m2/repository/io/zonky/test/postgres/embedded-postgres-binaries-windows-amd64/14.15.0/embedded-postgres-binaries-windows-amd64-14.15.0.jar:/home/runner/.m2/repository/io/zonky/test/postgres/embedded-postgres-binaries-darwin-amd64/14.15.0/embedded-postgres-binaries-darwin-amd64-14.15.0.jar:/home/runner/.m2/repository/io/zonky/test/postgres/embedded-postgres-binaries-linux-amd64/14.15.0/embedded-postgres-binaries-linux-amd64-14.15.0.jar:/home/runner/.m2/repository/io/zonky/test/postgres/embedded-postgres-binaries-linux-amd64-alpine/14.15.0/embedded-postgres-binaries-linux-amd64-alpine-14.15.0.jar:/home/runner/.m2/repository/org/apache/commons/commons-lang3/3.14.0/commons-lang3-3.14.0.jar:/home/runner/.m2/repository/org/tukaani/xz/1.10/xz-1.10.jar:/home/runner/.m2/repository/commons-codec/commons-codec/1.18.0/commons-codec-1.18.0.jar:/home/runner/.m2/repository/org/postgresql/postgresql/42.7.4/postgresql-42.7.4.jar:/home/runner/.m2/repository/commons-io/commons-io/2.16.1/commons-io-2.16.1.jar:/home/runner/work/apicurio-testing/apicurio-testing/clusters/ci419/namespaces/postgresql/tests/integration/apicurio-registry/utils/importexport/target/apicurio-registry-utils-import-export-3.0.9.jar:/home/runner/.m2/repository/io/vertx/vertx-core/4.5.13/vertx-core-4.5.13.jar:/home/runner/.m2/repository/io/netty/netty-common/4.1.118.Final/netty-common-4.1.118.Final.jar:/home/runner/.m2/repository/io/netty/netty-buffer/4.1.118.Final/netty-buffer-4.1.118.Final.jar:/home/runner/.m2/repository/io/netty/netty-transport/4.1.118.Final/netty-transport-4.1.118.Final.jar:/home/runner/.m2/repository/io/netty/netty-handler/4.1.118.Final/netty-handler-4.1.118.Final.jar:/home/runner/.m2/repository/io/netty/netty-transport-native-unix-common/4.1.118.Final/netty-transport-native-unix-common-4.1.118.Final.jar:/home/runner/.m2/repository/io/netty/netty-codec/4.1.118.Final/netty-codec-4.1.118.Final.jar:/home/runner/.m2/repository/io/netty/netty-handler-proxy/4.1.118.Final/netty-handler-proxy-4.1.118.Final.jar:/home/runner/.m2/repository/io/netty/netty-codec-socks/4.1.118.Final/netty-codec-socks-4.1.118.Final.jar:/home/runner/.m2/repository/io/netty/netty-codec-http/4.1.118.Final/netty-codec-http-4.1.118.Final.jar:/home/runner/.m2/repository/io/netty/netty-codec-http2/4.1.118.Final/netty-codec-http2-4.1.118.Final.jar:/home/runner/.m2/repository/io/netty/netty-resolver/4.1.118.Final/netty-resolver-4.1.118.Final.jar:/home/runner/.m2/repository/io/netty/netty-resolver-dns/4.1.118.Final/netty-resolver-dns-4.1.118.Final.jar:/home/runner/.m2/repository/io/netty/netty-codec-dns/4.1.118.Final/netty-codec-dns-4.1.118.Final.jar:/home/runner/.m2/repository/com/fasterxml/jackson/core/jackson-core/2.17.2/jackson-core-2.17.2.jar:"/>
    <property name="java.vm.vendor" value="Eclipse Adoptium"/>
    <property name="maven.javadoc.skip" value="true"/>
    <property name="sun.arch.data.model" value="64"/>
    <property name="java.vendor.url" value="https://adoptium.net/"/>
    <property name="user.timezone" value="Etc/UTC"/>
    <property name="os.name" value="Linux"/>
    <property name="java.vm.specification.version" value="17"/>
    <property name="sun.java.launcher" value="SUN_STANDARD"/>
    <property name="quarkus.http.test-port" value="80"/>
    <property name="sun.boot.library.path" value="/usr/lib/jvm/temurin-17-jdk-amd64/lib"/>
    <property name="sun.java.command" value="/home/runner/work/apicurio-testing/apicurio-testing/clusters/ci419/namespaces/postgresql/tests/integration/apicurio-registry/integration-tests/target/surefire/surefirebooter-20250731022118642_3.jar /home/runner/work/apicurio-testing/apicurio-testing/clusters/ci419/namespaces/postgresql/tests/integration/apicurio-registry/integration-tests/target/surefire 2025-07-31T02-21-18_234-jvmRun1 surefire-20250731022118642_1tmp surefire_0-20250731022118642_2tmp"/>
    <property name="maven.home" value="/home/runner/.m2/wrapper/dists/apache-maven-3.9.8-bin/4fnp1ql35bgk2a0p7m31ovbgb0/apache-maven-3.9.8"/>
    <property name="jdk.debug" value="release"/>
    <property name="surefire.test.class.path" value="/home/runner/work/apicurio-testing/apicurio-testing/clusters/ci419/namespaces/postgresql/tests/integration/apicurio-registry/integration-tests/target/test-classes:/home/runner/work/apicurio-testing/apicurio-testing/clusters/ci419/namespaces/postgresql/tests/integration/apicurio-registry/integration-tests/target/apicurio-registry-integration-tests-3.0.9.jar:/home/runner/.m2/repository/io/quarkus/quarkus-junit5/3.15.4/quarkus-junit5-3.15.4.jar:/home/runner/.m2/repository/io/quarkus/quarkus-bootstrap-core/3.15.4/quarkus-bootstrap-core-3.15.4.jar:/home/runner/.m2/repository/io/quarkus/quarkus-classloader-commons/3.15.4/quarkus-classloader-commons-3.15.4.jar:/home/runner/.m2/repository/io/quarkus/quarkus-bootstrap-app-model/3.15.4/quarkus-bootstrap-app-model-3.15.4.jar:/home/runner/.m2/repository/io/smallrye/common/smallrye-common-io/2.6.1/smallrye-common-io-2.6.1.jar:/home/runner/.m2/repository/org/eclipse/sisu/org.eclipse.sisu.inject/0.9.0.M3/org.eclipse.sisu.inject-0.9.0.M3.jar:/home/runner/.m2/repository/io/quarkus/quarkus-test-common/3.15.4/quarkus-test-common-3.15.4.jar:/home/runner/.m2/repository/io/quarkus/quarkus-core-deployment/3.15.4/quarkus-core-deployment-3.15.4.jar:/home/runner/.m2/repository/org/aesh/readline/2.6/readline-2.6.jar:/home/runner/.m2/repository/org/fusesource/jansi/jansi/2.4.0/jansi-2.4.0.jar:/home/runner/.m2/repository/org/aesh/aesh/2.8.2/aesh-2.8.2.jar:/home/runner/.m2/repository/io/quarkus/gizmo/gizmo/1.8.0/gizmo-1.8.0.jar:/home/runner/.m2/repository/org/ow2/asm/asm-util/9.7/asm-util-9.7.jar:/home/runner/.m2/repository/org/ow2/asm/asm-analysis/9.7/asm-analysis-9.7.jar:/home/runner/.m2/repository/org/ow2/asm/asm-commons/9.7/asm-commons-9.7.jar:/home/runner/.m2/repository/org/ow2/asm/asm-tree/9.7/asm-tree-9.7.jar:/home/runner/.m2/repository/io/quarkus/quarkus-hibernate-validator-spi/3.15.4/quarkus-hibernate-validator-spi-3.15.4.jar:/home/runner/.m2/repository/io/quarkus/quarkus-class-change-agent/3.15.4/quarkus-class-change-agent-3.15.4.jar:/home/runner/.m2/repository/io/quarkus/quarkus-devtools-utilities/3.15.4/quarkus-devtools-utilities-3.15.4.jar:/home/runner/.m2/repository/io/quarkus/quarkus-builder/3.15.4/quarkus-builder-3.15.4.jar:/home/runner/.m2/repository/org/graalvm/sdk/nativeimage/23.1.2/nativeimage-23.1.2.jar:/home/runner/.m2/repository/org/graalvm/sdk/word/23.1.2/word-23.1.2.jar:/home/runner/.m2/repository/io/quarkus/quarkus-bootstrap-maven-resolver/3.15.4/quarkus-bootstrap-maven-resolver-3.15.4.jar:/home/runner/.m2/repository/io/smallrye/beanbag/smallrye-beanbag-maven/1.5.2/smallrye-beanbag-maven-1.5.2.jar:/home/runner/.m2/repository/io/smallrye/beanbag/smallrye-beanbag-sisu/1.5.2/smallrye-beanbag-sisu-1.5.2.jar:/home/runner/.m2/repository/io/smallrye/beanbag/smallrye-beanbag/1.5.2/smallrye-beanbag-1.5.2.jar:/home/runner/.m2/repository/javax/inject/javax.inject/1/javax.inject-1.jar:/home/runner/.m2/repository/org/apache/maven/maven-artifact/3.9.8/maven-artifact-3.9.8.jar:/home/runner/.m2/repository/org/apache/maven/maven-builder-support/3.9.8/maven-builder-support-3.9.8.jar:/home/runner/.m2/repository/org/apache/maven/maven-model/3.9.8/maven-model-3.9.8.jar:/home/runner/.m2/repository/org/apache/maven/maven-model-builder/3.9.8/maven-model-builder-3.9.8.jar:/home/runner/.m2/repository/org/apache/maven/maven-repository-metadata/3.9.8/maven-repository-metadata-3.9.8.jar:/home/runner/.m2/repository/org/apache/maven/maven-settings/3.9.8/maven-settings-3.9.8.jar:/home/runner/.m2/repository/org/apache/maven/resolver/maven-resolver-api/1.9.22/maven-resolver-api-1.9.22.jar:/home/runner/.m2/repository/org/apache/maven/resolver/maven-resolver-impl/1.9.22/maven-resolver-impl-1.9.22.jar:/home/runner/.m2/repository/org/apache/maven/resolver/maven-resolver-named-locks/1.9.22/maven-resolver-named-locks-1.9.22.jar:/home/runner/.m2/repository/org/apache/maven/resolver/maven-resolver-spi/1.9.22/maven-resolver-spi-1.9.22.jar:/home/runner/.m2/repository/org/apache/maven/resolver/maven-resolver-util/1.9.22/maven-resolver-util-1.9.22.jar:/home/runner/.m2/repository/org/apache/maven/resolver/maven-resolver-transport-http/1.9.20/maven-resolver-transport-http-1.9.20.jar:/home/runner/.m2/repository/org/apache/maven/wagon/wagon-provider-api/3.5.3/wagon-provider-api-3.5.3.jar:/home/runner/.m2/repository/org/apache/maven/wagon/wagon-http-shared/3.5.3/wagon-http-shared-3.5.3.jar:/home/runner/.m2/repository/org/codehaus/plexus/plexus-interpolation/1.26/plexus-interpolation-1.26.jar:/home/runner/.m2/repository/org/codehaus/plexus/plexus-utils/3.5.1/plexus-utils-3.5.1.jar:/home/runner/.m2/repository/org/codehaus/plexus/plexus-xml/4.0.1/plexus-xml-4.0.1.jar:/home/runner/.m2/repository/org/apache/maven/maven-xml-impl/4.0.0-alpha-5/maven-xml-impl-4.0.0-alpha-5.jar:/home/runner/.m2/repository/org/apache/maven/maven-api-xml/4.0.0-alpha-5/maven-api-xml-4.0.0-alpha-5.jar:/home/runner/.m2/repository/org/apache/maven/maven-api-meta/4.0.0-alpha-5/maven-api-meta-4.0.0-alpha-5.jar:/home/runner/.m2/repository/org/codehaus/plexus/plexus-cipher/2.0/plexus-cipher-2.0.jar:/home/runner/.m2/repository/org/codehaus/plexus/plexus-sec-dispatcher/2.0/plexus-sec-dispatcher-2.0.jar:/home/runner/.m2/repository/org/apache/maven/maven-embedder/3.9.8/maven-embedder-3.9.8.jar:/home/runner/.m2/repository/org/apache/maven/maven-core/3.9.8/maven-core-3.9.8.jar:/home/runner/.m2/repository/org/codehaus/plexus/plexus-component-annotations/2.1.0/plexus-component-annotations-2.1.0.jar:/home/runner/.m2/repository/org/apache/maven/maven-plugin-api/3.9.8/maven-plugin-api-3.9.8.jar:/home/runner/.m2/repository/org/apache/maven/shared/maven-shared-utils/3.4.2/maven-shared-utils-3.4.2.jar:/home/runner/.m2/repository/com/google/inject/guice/5.1.0/guice-5.1.0.jar:/home/runner/.m2/repository/aopalliance/aopalliance/1.0/aopalliance-1.0.jar:/home/runner/.m2/repository/javax/annotation/javax.annotation-api/1.3.2/javax.annotation-api-1.3.2.jar:/home/runner/.m2/repository/org/codehaus/plexus/plexus-classworlds/2.6.0/plexus-classworlds-2.6.0.jar:/home/runner/.m2/repository/commons-cli/commons-cli/1.8.0/commons-cli-1.8.0.jar:/home/runner/.m2/repository/org/eclipse/sisu/org.eclipse.sisu.plexus/0.9.0.M3/org.eclipse.sisu.plexus-0.9.0.M3.jar:/home/runner/.m2/repository/org/apache/maven/maven-settings-builder/3.9.8/maven-settings-builder-3.9.8.jar:/home/runner/.m2/repository/org/apache/maven/maven-resolver-provider/3.9.8/maven-resolver-provider-3.9.8.jar:/home/runner/.m2/repository/org/apache/maven/resolver/maven-resolver-connector-basic/1.9.22/maven-resolver-connector-basic-1.9.22.jar:/home/runner/.m2/repository/org/apache/maven/resolver/maven-resolver-transport-wagon/1.9.22/maven-resolver-transport-wagon-1.9.22.jar:/home/runner/.m2/repository/org/apache/maven/wagon/wagon-http/3.5.3/wagon-http-3.5.3.jar:/home/runner/.m2/repository/org/apache/maven/wagon/wagon-file/3.5.3/wagon-file-3.5.3.jar:/home/runner/.m2/repository/io/quarkus/quarkus-bootstrap-gradle-resolver/3.15.4/quarkus-bootstrap-gradle-resolver-3.15.4.jar:/home/runner/.m2/repository/io/smallrye/jandex/3.2.3/jandex-3.2.3.jar:/home/runner/.m2/repository/org/jboss/logging/commons-logging-jboss-logging/1.0.0.Final/commons-logging-jboss-logging-1.0.0.Final.jar:/home/runner/.m2/repository/io/quarkus/quarkus-junit5-properties/3.15.4/quarkus-junit5-properties-3.15.4.jar:/home/runner/.m2/repository/org/junit/jupiter/junit-jupiter/5.10.3/junit-jupiter-5.10.3.jar:/home/runner/.m2/repository/org/junit/jupiter/junit-jupiter-api/5.10.3/junit-jupiter-api-5.10.3.jar:/home/runner/.m2/repository/org/junit/jupiter/junit-jupiter-params/5.10.3/junit-jupiter-params-5.10.3.jar:/home/runner/.m2/repository/org/junit/jupiter/junit-jupiter-engine/5.10.3/junit-jupiter-engine-5.10.3.jar:/home/runner/.m2/repository/io/quarkus/quarkus-core/3.15.4/quarkus-core-3.15.4.jar:/home/runner/.m2/repository/jakarta/enterprise/jakarta.enterprise.cdi-api/4.1.0/jakarta.enterprise.cdi-api-4.1.0.jar:/home/runner/.m2/repository/jakarta/enterprise/jakarta.enterprise.lang-model/4.1.0/jakarta.enterprise.lang-model-4.1.0.jar:/home/runner/.m2/repository/jakarta/el/jakarta.el-api/5.0.1/jakarta.el-api-5.0.1.jar:/home/runner/.m2/repository/jakarta/interceptor/jakarta.interceptor-api/2.2.0/jakarta.interceptor-api-2.2.0.jar:/home/runner/.m2/repository/jakarta/inject/jakarta.inject-api/2.0.1/jakarta.inject-api-2.0.1.jar:/home/runner/.m2/repository/io/smallrye/common/smallrye-common-os/2.6.1/smallrye-common-os-2.6.1.jar:/home/runner/.m2/repository/io/quarkus/quarkus-ide-launcher/3.15.4/quarkus-ide-launcher-3.15.4.jar:/home/runner/.m2/repository/io/quarkus/quarkus-development-mode-spi/3.15.4/quarkus-development-mode-spi-3.15.4.jar:/home/runner/.m2/repository/io/smallrye/config/smallrye-config/3.9.1/smallrye-config-3.9.1.jar:/home/runner/.m2/repository/io/smallrye/config/smallrye-config-core/3.9.1/smallrye-config-core-3.9.1.jar:/home/runner/.m2/repository/io/smallrye/common/smallrye-common-annotation/2.6.1/smallrye-common-annotation-2.6.1.jar:/home/runner/.m2/repository/io/smallrye/common/smallrye-common-classloader/2.6.1/smallrye-common-classloader-2.6.1.jar:/home/runner/.m2/repository/io/smallrye/config/smallrye-config-common/3.9.1/smallrye-config-common-3.9.1.jar:/home/runner/.m2/repository/org/jboss/logging/jboss-logging/3.6.0.Final/jboss-logging-3.6.0.Final.jar:/home/runner/.m2/repository/org/jboss/logmanager/jboss-logmanager/3.1.1.Final/jboss-logmanager-3.1.1.Final.jar:/home/runner/.m2/repository/io/smallrye/common/smallrye-common-constraint/2.6.1/smallrye-common-constraint-2.6.1.jar:/home/runner/.m2/repository/io/smallrye/common/smallrye-common-cpu/2.6.1/smallrye-common-cpu-2.6.1.jar:/home/runner/.m2/repository/io/smallrye/common/smallrye-common-expression/2.6.1/smallrye-common-expression-2.6.1.jar:/home/runner/.m2/repository/io/smallrye/common/smallrye-common-function/2.6.1/smallrye-common-function-2.6.1.jar:/home/runner/.m2/repository/io/smallrye/common/smallrye-common-net/2.6.1/smallrye-common-net-2.6.1.jar:/home/runner/.m2/repository/io/smallrye/common/smallrye-common-ref/2.6.1/smallrye-common-ref-2.6.1.jar:/home/runner/.m2/repository/jakarta/json/jakarta.json-api/2.1.3/jakarta.json-api-2.1.3.jar:/home/runner/.m2/repository/org/eclipse/parsson/parsson/1.1.7/parsson-1.1.7.jar:/home/runner/.m2/repository/org/jboss/logging/jboss-logging-annotations/3.0.1.Final/jboss-logging-annotations-3.0.1.Final.jar:/home/runner/.m2/repository/org/jboss/threads/jboss-threads/3.6.1.Final/jboss-threads-3.6.1.Final.jar:/home/runner/.m2/repository/org/jboss/slf4j/slf4j-jboss-logmanager/2.0.0.Final/slf4j-jboss-logmanager-2.0.0.Final.jar:/home/runner/.m2/repository/org/wildfly/common/wildfly-common/1.7.0.Final/wildfly-common-1.7.0.Final.jar:/home/runner/.m2/repository/io/quarkus/quarkus-bootstrap-runner/3.15.4/quarkus-bootstrap-runner-3.15.4.jar:/home/runner/.m2/repository/io/github/crac/org-crac/0.1.3/org-crac-0.1.3.jar:/home/runner/.m2/repository/io/quarkus/quarkus-fs-util/0.0.10/quarkus-fs-util-0.0.10.jar:/home/runner/.m2/repository/org/jboss/marshalling/jboss-marshalling/2.2.1.Final/jboss-marshalling-2.2.1.Final.jar:/home/runner/.m2/repository/io/fabric8/kubernetes-client/6.13.5/kubernetes-client-6.13.5.jar:/home/runner/.m2/repository/io/fabric8/kubernetes-client-api/6.13.5/kubernetes-client-api-6.13.5.jar:/home/runner/.m2/repository/io/fabric8/kubernetes-model-core/6.13.5/kubernetes-model-core-6.13.5.jar:/home/runner/.m2/repository/io/fabric8/kubernetes-model-common/6.13.5/kubernetes-model-common-6.13.5.jar:/home/runner/.m2/repository/io/fabric8/kubernetes-model-gatewayapi/6.13.5/kubernetes-model-gatewayapi-6.13.5.jar:/home/runner/.m2/repository/io/fabric8/kubernetes-model-resource/6.13.5/kubernetes-model-resource-6.13.5.jar:/home/runner/.m2/repository/io/fabric8/kubernetes-model-rbac/6.13.5/kubernetes-model-rbac-6.13.5.jar:/home/runner/.m2/repository/io/fabric8/kubernetes-model-admissionregistration/6.13.5/kubernetes-model-admissionregistration-6.13.5.jar:/home/runner/.m2/repository/io/fabric8/kubernetes-model-apps/6.13.5/kubernetes-model-apps-6.13.5.jar:/home/runner/.m2/repository/io/fabric8/kubernetes-model-autoscaling/6.13.5/kubernetes-model-autoscaling-6.13.5.jar:/home/runner/.m2/repository/io/fabric8/kubernetes-model-apiextensions/6.13.5/kubernetes-model-apiextensions-6.13.5.jar:/home/runner/.m2/repository/io/fabric8/kubernetes-model-batch/6.13.5/kubernetes-model-batch-6.13.5.jar:/home/runner/.m2/repository/io/fabric8/kubernetes-model-certificates/6.13.5/kubernetes-model-certificates-6.13.5.jar:/home/runner/.m2/repository/io/fabric8/kubernetes-model-coordination/6.13.5/kubernetes-model-coordination-6.13.5.jar:/home/runner/.m2/repository/io/fabric8/kubernetes-model-discovery/6.13.5/kubernetes-model-discovery-6.13.5.jar:/home/runner/.m2/repository/io/fabric8/kubernetes-model-events/6.13.5/kubernetes-model-events-6.13.5.jar:/home/runner/.m2/repository/io/fabric8/kubernetes-model-extensions/6.13.5/kubernetes-model-extensions-6.13.5.jar:/home/runner/.m2/repository/io/fabric8/kubernetes-model-flowcontrol/6.13.5/kubernetes-model-flowcontrol-6.13.5.jar:/home/runner/.m2/repository/io/fabric8/kubernetes-model-networking/6.13.5/kubernetes-model-networking-6.13.5.jar:/home/runner/.m2/repository/io/fabric8/kubernetes-model-metrics/6.13.5/kubernetes-model-metrics-6.13.5.jar:/home/runner/.m2/repository/io/fabric8/kubernetes-model-policy/6.13.5/kubernetes-model-policy-6.13.5.jar:/home/runner/.m2/repository/io/fabric8/kubernetes-model-scheduling/6.13.5/kubernetes-model-scheduling-6.13.5.jar:/home/runner/.m2/repository/io/fabric8/kubernetes-model-storageclass/6.13.5/kubernetes-model-storageclass-6.13.5.jar:/home/runner/.m2/repository/io/fabric8/kubernetes-model-node/6.13.5/kubernetes-model-node-6.13.5.jar:/home/runner/.m2/repository/org/snakeyaml/snakeyaml-engine/2.7/snakeyaml-engine-2.7.jar:/home/runner/.m2/repository/com/fasterxml/jackson/dataformat/jackson-dataformat-yaml/2.15.2/jackson-dataformat-yaml-2.15.2.jar:/home/runner/.m2/repository/com/fasterxml/jackson/datatype/jackson-datatype-jsr310/2.17.2/jackson-datatype-jsr310-2.17.2.jar:/home/runner/.m2/repository/io/fabric8/zjsonpatch/0.3.0/zjsonpatch-0.3.0.jar:/home/runner/.m2/repository/io/fabric8/kubernetes-httpclient-vertx/6.13.5/kubernetes-httpclient-vertx-6.13.5.jar:/home/runner/.m2/repository/io/vertx/vertx-web-client/4.5.13/vertx-web-client-4.5.13.jar:/home/runner/.m2/repository/io/vertx/vertx-web-common/4.5.13/vertx-web-common-4.5.13.jar:/home/runner/.m2/repository/io/vertx/vertx-auth-common/4.5.13/vertx-auth-common-4.5.13.jar:/home/runner/.m2/repository/io/vertx/vertx-uri-template/4.5.13/vertx-uri-template-4.5.13.jar:/home/runner/.m2/repository/io/fabric8/openshift-client/6.13.5/openshift-client-6.13.5.jar:/home/runner/.m2/repository/io/fabric8/openshift-client-api/6.13.5/openshift-client-api-6.13.5.jar:/home/runner/.m2/repository/io/fabric8/openshift-model/6.13.5/openshift-model-6.13.5.jar:/home/runner/.m2/repository/io/fabric8/openshift-model-clusterautoscaling/6.13.5/openshift-model-clusterautoscaling-6.13.5.jar:/home/runner/.m2/repository/io/fabric8/openshift-model-operator/6.13.5/openshift-model-operator-6.13.5.jar:/home/runner/.m2/repository/io/fabric8/openshift-model-operatorhub/6.13.5/openshift-model-operatorhub-6.13.5.jar:/home/runner/.m2/repository/io/fabric8/openshift-model-machine/6.13.5/openshift-model-machine-6.13.5.jar:/home/runner/.m2/repository/io/fabric8/openshift-model-whereabouts/6.13.5/openshift-model-whereabouts-6.13.5.jar:/home/runner/.m2/repository/io/fabric8/openshift-model-monitoring/6.13.5/openshift-model-monitoring-6.13.5.jar:/home/runner/.m2/repository/io/fabric8/openshift-model-storageversionmigrator/6.13.5/openshift-model-storageversionmigrator-6.13.5.jar:/home/runner/.m2/repository/io/fabric8/openshift-model-tuned/6.13.5/openshift-model-tuned-6.13.5.jar:/home/runner/.m2/repository/io/fabric8/openshift-model-console/6.13.5/openshift-model-console-6.13.5.jar:/home/runner/.m2/repository/io/fabric8/openshift-model-config/6.13.5/openshift-model-config-6.13.5.jar:/home/runner/.m2/repository/io/fabric8/openshift-model-machineconfig/6.13.5/openshift-model-machineconfig-6.13.5.jar:/home/runner/.m2/repository/io/fabric8/openshift-model-miscellaneous/6.13.5/openshift-model-miscellaneous-6.13.5.jar:/home/runner/.m2/repository/io/fabric8/openshift-model-hive/6.13.5/openshift-model-hive-6.13.5.jar:/home/runner/.m2/repository/io/fabric8/openshift-model-installer/6.13.5/openshift-model-installer-6.13.5.jar:/home/runner/.m2/repository/com/github/mifmif/generex/1.0.2/generex-1.0.2.jar:/home/runner/.m2/repository/dk/brics/automaton/automaton/1.11-8/automaton-1.11-8.jar:/home/runner/.m2/repository/org/junit/platform/junit-platform-launcher/1.10.3/junit-platform-launcher-1.10.3.jar:/home/runner/.m2/repository/org/junit/platform/junit-platform-engine/1.10.3/junit-platform-engine-1.10.3.jar:/home/runner/.m2/repository/org/opentest4j/opentest4j/1.3.0/opentest4j-1.3.0.jar:/home/runner/.m2/repository/org/junit/platform/junit-platform-commons/1.10.3/junit-platform-commons-1.10.3.jar:/home/runner/.m2/repository/org/apiguardian/apiguardian-api/1.1.2/apiguardian-api-1.1.2.jar:/home/runner/.m2/repository/jakarta/ws/rs/jakarta.ws.rs-api/3.1.0/jakarta.ws.rs-api-3.1.0.jar:/home/runner/work/apicurio-testing/apicurio-testing/clusters/ci419/namespaces/postgresql/tests/integration/apicurio-registry/java-sdk/target/apicurio-registry-java-sdk-3.0.9.jar:/home/runner/.m2/repository/com/microsoft/kiota/microsoft-kiota-abstractions/1.8.4/microsoft-kiota-abstractions-1.8.4.jar:/home/runner/.m2/repository/io/github/std-uritemplate/std-uritemplate/2.0.0/std-uritemplate-2.0.0.jar:/home/runner/.m2/repository/io/kiota/kiota-http-jdk/0.0.21/kiota-http-jdk-0.0.21.jar:/home/runner/.m2/repository/io/kiota/kiota-http-vertx/0.0.21/kiota-http-vertx-0.0.21.jar:/home/runner/.m2/repository/io/kiota/kiota-serialization-jackson/0.0.21/kiota-serialization-jackson-0.0.21.jar:/home/runner/.m2/repository/com/microsoft/kiota/microsoft-kiota-serialization-text/1.8.4/microsoft-kiota-serialization-text-1.8.4.jar:/home/runner/.m2/repository/com/microsoft/kiota/microsoft-kiota-serialization-form/1.8.4/microsoft-kiota-serialization-form-1.8.4.jar:/home/runner/.m2/repository/com/microsoft/kiota/microsoft-kiota-serialization-multipart/1.8.4/microsoft-kiota-serialization-multipart-1.8.4.jar:/home/runner/.m2/repository/jakarta/annotation/jakarta.annotation-api/3.0.0/jakarta.annotation-api-3.0.0.jar:/home/runner/.m2/repository/io/vertx/vertx-auth-oauth2/4.5.13/vertx-auth-oauth2-4.5.13.jar:/home/runner/work/apicurio-testing/apicurio-testing/clusters/ci419/namespaces/postgresql/tests/integration/apicurio-registry/java-sdk-v2/target/apicurio-registry-v2-java-sdk-3.0.9.jar:/home/runner/work/apicurio-testing/apicurio-testing/clusters/ci419/namespaces/postgresql/tests/integration/apicurio-registry/utils/kafka/target/apicurio-registry-utils-kafka-3.0.9-tests.jar:/home/runner/.m2/repository/org/eclipse/microprofile/config/microprofile-config-api/3.1/microprofile-config-api-3.1.jar:/home/runner/.m2/repository/org/apache/kafka/kafka-clients/3.9.0/kafka-clients-3.9.0.jar:/home/runner/.m2/repository/com/github/luben/zstd-jni/1.5.6-4/zstd-jni-1.5.6-4.jar:/home/runner/.m2/repository/org/lz4/lz4-java/1.8.0/lz4-java-1.8.0.jar:/home/runner/.m2/repository/org/xerial/snappy/snappy-java/1.1.10.5/snappy-java-1.1.10.5.jar:/home/runner/.m2/repository/org/slf4j/slf4j-api/2.0.6/slf4j-api-2.0.6.jar:/home/runner/work/apicurio-testing/apicurio-testing/clusters/ci419/namespaces/postgresql/tests/integration/apicurio-registry/utils/tests/target/apicurio-registry-utils-tests-3.0.9.jar:/home/runner/work/apicurio-testing/apicurio-testing/clusters/ci419/namespaces/postgresql/tests/integration/apicurio-registry/common/target/apicurio-registry-common-3.0.9.jar:/home/runner/.m2/repository/jakarta/validation/jakarta.validation-api/3.0.2/jakarta.validation-api-3.0.2.jar:/home/runner/.m2/repository/com/github/dasniko/testcontainers-keycloak/3.6.0/testcontainers-keycloak-3.6.0.jar:/home/runner/.m2/repository/org/testcontainers/testcontainers/1.20.1/testcontainers-1.20.1.jar:/home/runner/.m2/repository/org/rnorth/duct-tape/duct-tape/1.0.8/duct-tape-1.0.8.jar:/home/runner/.m2/repository/org/jetbrains/annotations/24.1.0/annotations-24.1.0.jar:/home/runner/.m2/repository/com/github/docker-java/docker-java-transport-zerodep/3.4.0/docker-java-transport-zerodep-3.4.0.jar:/home/runner/.m2/repository/com/github/docker-java/docker-java-transport/3.4.0/docker-java-transport-3.4.0.jar:/home/runner/.m2/repository/net/java/dev/jna/jna/5.8.0/jna-5.8.0.jar:/home/runner/.m2/repository/io/quarkus/quarkus-junit4-mock/3.15.4/quarkus-junit4-mock-3.15.4.jar:/home/runner/.m2/repository/org/jboss/shrinkwrap/shrinkwrap-api/2.0.0-beta-2/shrinkwrap-api-2.0.0-beta-2.jar:/home/runner/.m2/repository/org/jboss/shrinkwrap/shrinkwrap-impl-base/2.0.0-beta-2/shrinkwrap-impl-base-2.0.0-beta-2.jar:/home/runner/.m2/repository/org/jboss/shrinkwrap/shrinkwrap-spi/2.0.0-beta-2/shrinkwrap-spi-2.0.0-beta-2.jar:/home/runner/.m2/repository/org/keycloak/keycloak-admin-client/25.0.6/keycloak-admin-client-25.0.6.jar:/home/runner/.m2/repository/org/keycloak/keycloak-core/25.0.6/keycloak-core-25.0.6.jar:/home/runner/.m2/repository/org/keycloak/keycloak-common/25.0.6/keycloak-common-25.0.6.jar:/home/runner/.m2/repository/org/jboss/resteasy/resteasy-client/6.2.9.Final/resteasy-client-6.2.9.Final.jar:/home/runner/.m2/repository/org/jboss/resteasy/resteasy-client-api/6.2.9.Final/resteasy-client-api-6.2.9.Final.jar:/home/runner/.m2/repository/org/jboss/resteasy/resteasy-core-spi/6.2.9.Final/resteasy-core-spi-6.2.9.Final.jar:/home/runner/.m2/repository/org/jboss/resteasy/resteasy-core/6.2.9.Final/resteasy-core-6.2.9.Final.jar:/home/runner/.m2/repository/org/eclipse/angus/angus-activation/2.0.2/angus-activation-2.0.2.jar:/home/runner/.m2/repository/com/ibm/async/asyncutil/0.1.0/asyncutil-0.1.0.jar:/home/runner/.m2/repository/org/reactivestreams/reactive-streams/1.0.4/reactive-streams-1.0.4.jar:/home/runner/.m2/repository/org/jboss/resteasy/resteasy-multipart-provider/6.2.9.Final/resteasy-multipart-provider-6.2.9.Final.jar:/home/runner/.m2/repository/jakarta/mail/jakarta.mail-api/2.1.2/jakarta.mail-api-2.1.2.jar:/home/runner/.m2/repository/org/eclipse/angus/angus-mail/2.0.3/angus-mail-2.0.3.jar:/home/runner/.m2/repository/org/apache/james/apache-mime4j-dom/0.8.11/apache-mime4j-dom-0.8.11.jar:/home/runner/.m2/repository/org/apache/james/apache-mime4j-core/0.8.11/apache-mime4j-core-0.8.11.jar:/home/runner/.m2/repository/org/apache/james/apache-mime4j-storage/0.8.11/apache-mime4j-storage-0.8.11.jar:/home/runner/.m2/repository/org/jboss/resteasy/resteasy-jackson2-provider/6.2.9.Final/resteasy-jackson2-provider-6.2.9.Final.jar:/home/runner/.m2/repository/com/fasterxml/jackson/jakarta/rs/jackson-jakarta-rs-base/2.17.2/jackson-jakarta-rs-base-2.17.2.jar:/home/runner/.m2/repository/com/fasterxml/jackson/jakarta/rs/jackson-jakarta-rs-json-provider/2.17.2/jackson-jakarta-rs-json-provider-2.17.2.jar:/home/runner/.m2/repository/com/fasterxml/jackson/module/jackson-module-jakarta-xmlbind-annotations/2.17.2/jackson-module-jakarta-xmlbind-annotations-2.17.2.jar:/home/runner/.m2/repository/com/github/java-json-tools/json-patch/1.13/json-patch-1.13.jar:/home/runner/.m2/repository/com/github/java-json-tools/msg-simple/1.2/msg-simple-1.2.jar:/home/runner/.m2/repository/com/github/java-json-tools/btf/1.3/btf-1.3.jar:/home/runner/.m2/repository/com/github/java-json-tools/jackson-coreutils/2.0/jackson-coreutils-2.0.jar:/home/runner/.m2/repository/org/jboss/resteasy/resteasy-jaxb-provider/6.2.9.Final/resteasy-jaxb-provider-6.2.9.Final.jar:/home/runner/.m2/repository/org/glassfish/jaxb/codemodel/4.0.3/codemodel-4.0.3.jar:/home/runner/.m2/repository/org/glassfish/jaxb/jaxb-core/4.0.5/jaxb-core-4.0.5.jar:/home/runner/.m2/repository/org/glassfish/jaxb/jaxb-jxc/4.0.3/jaxb-jxc-4.0.3.jar:/home/runner/.m2/repository/org/glassfish/jaxb/jaxb-runtime/4.0.5/jaxb-runtime-4.0.5.jar:/home/runner/.m2/repository/org/glassfish/jaxb/txw2/4.0.5/txw2-4.0.5.jar:/home/runner/.m2/repository/org/glassfish/jaxb/jaxb-xjc/4.0.3/jaxb-xjc-4.0.3.jar:/home/runner/.m2/repository/org/glassfish/jaxb/xsom/4.0.3/xsom-4.0.3.jar:/home/runner/.m2/repository/com/sun/istack/istack-commons-runtime/4.1.2/istack-commons-runtime-4.1.2.jar:/home/runner/.m2/repository/com/sun/istack/istack-commons-tools/4.1.2/istack-commons-tools-4.1.2.jar:/home/runner/.m2/repository/com/sun/xml/bind/external/relaxng-datatype/4.0.3/relaxng-datatype-4.0.3.jar:/home/runner/.m2/repository/com/sun/xml/bind/external/rngom/4.0.3/rngom-4.0.3.jar:/home/runner/.m2/repository/org/testcontainers/mssqlserver/1.20.1/mssqlserver-1.20.1.jar:/home/runner/.m2/repository/org/testcontainers/jdbc/1.20.1/jdbc-1.20.1.jar:/home/runner/.m2/repository/org/testcontainers/database-commons/1.20.1/database-commons-1.20.1.jar:/home/runner/.m2/repository/org/testcontainers/mysql/1.20.1/mysql-1.20.1.jar:/home/runner/.m2/repository/io/strimzi/strimzi-test-container/0.107.0/strimzi-test-container-0.107.0.jar:/home/runner/.m2/repository/org/testcontainers/toxiproxy/1.20.1/toxiproxy-1.20.1.jar:/home/runner/.m2/repository/com/github/docker-java/docker-java-api/3.4.0/docker-java-api-3.4.0.jar:/home/runner/.m2/repository/eu/rekawek/toxiproxy/toxiproxy-java/2.1.7/toxiproxy-java-2.1.7.jar:/home/runner/.m2/repository/junit/junit/4.13.2/junit-4.13.2.jar:/home/runner/.m2/repository/org/hamcrest/hamcrest-core/1.3/hamcrest-core-1.3.jar:/home/runner/.m2/repository/org/testcontainers/pulsar/1.20.4/pulsar-1.20.4.jar:/home/runner/.m2/repository/io/debezium/debezium-testing-testcontainers/2.6.2.Final/debezium-testing-testcontainers-2.6.2.Final.jar:/home/runner/.m2/repository/org/testcontainers/kafka/1.20.1/kafka-1.20.1.jar:/home/runner/.m2/repository/com/squareup/okhttp3/okhttp/4.8.1/okhttp-4.8.1.jar:/home/runner/.m2/repository/com/squareup/okio/okio/3.10.2/okio-3.10.2.jar:/home/runner/.m2/repository/com/squareup/okio/okio-jvm/3.10.2/okio-jvm-3.10.2.jar:/home/runner/.m2/repository/org/jetbrains/kotlin/kotlin-stdlib/2.0.10/kotlin-stdlib-2.0.10.jar:/home/runner/.m2/repository/org/awaitility/awaitility/4.2.2/awaitility-4.2.2.jar:/home/runner/.m2/repository/org/testcontainers/mongodb/1.20.1/mongodb-1.20.1.jar:/home/runner/.m2/repository/org/testcontainers/oracle-xe/1.20.1/oracle-xe-1.20.1.jar:/home/runner/.m2/repository/org/testcontainers/postgresql/1.20.1/postgresql-1.20.1.jar:/home/runner/.m2/repository/org/wiremock/wiremock/3.0.1/wiremock-3.0.1.jar:/home/runner/.m2/repository/org/eclipse/jetty/jetty-server/11.0.15/jetty-server-11.0.15.jar:/home/runner/.m2/repository/org/eclipse/jetty/toolchain/jetty-jakarta-servlet-api/5.0.2/jetty-jakarta-servlet-api-5.0.2.jar:/home/runner/.m2/repository/org/eclipse/jetty/jetty-http/11.0.15/jetty-http-11.0.15.jar:/home/runner/.m2/repository/org/eclipse/jetty/jetty-io/11.0.15/jetty-io-11.0.15.jar:/home/runner/.m2/repository/org/eclipse/jetty/jetty-servlet/11.0.15/jetty-servlet-11.0.15.jar:/home/runner/.m2/repository/org/eclipse/jetty/jetty-security/11.0.15/jetty-security-11.0.15.jar:/home/runner/.m2/repository/org/eclipse/jetty/jetty-servlets/11.0.15/jetty-servlets-11.0.15.jar:/home/runner/.m2/repository/org/eclipse/jetty/jetty-util/11.0.15/jetty-util-11.0.15.jar:/home/runner/.m2/repository/org/eclipse/jetty/jetty-webapp/11.0.15/jetty-webapp-11.0.15.jar:/home/runner/.m2/repository/org/eclipse/jetty/jetty-xml/11.0.15/jetty-xml-11.0.15.jar:/home/runner/.m2/repository/org/eclipse/jetty/jetty-proxy/11.0.15/jetty-proxy-11.0.15.jar:/home/runner/.m2/repository/org/eclipse/jetty/jetty-client/11.0.15/jetty-client-11.0.15.jar:/home/runner/.m2/repository/org/eclipse/jetty/http2/http2-server/11.0.15/http2-server-11.0.15.jar:/home/runner/.m2/repository/org/eclipse/jetty/http2/http2-common/11.0.15/http2-common-11.0.15.jar:/home/runner/.m2/repository/org/eclipse/jetty/http2/http2-hpack/11.0.15/http2-hpack-11.0.15.jar:/home/runner/.m2/repository/org/eclipse/jetty/jetty-alpn-server/11.0.15/jetty-alpn-server-11.0.15.jar:/home/runner/.m2/repository/org/eclipse/jetty/jetty-alpn-java-server/11.0.15/jetty-alpn-java-server-11.0.15.jar:/home/runner/.m2/repository/org/eclipse/jetty/jetty-alpn-java-client/11.0.15/jetty-alpn-java-client-11.0.15.jar:/home/runner/.m2/repository/org/eclipse/jetty/jetty-alpn-client/11.0.15/jetty-alpn-client-11.0.15.jar:/home/runner/.m2/repository/org/apache/httpcomponents/client5/httpclient5/5.2.1/httpclient5-5.2.1.jar:/home/runner/.m2/repository/org/apache/httpcomponents/core5/httpcore5/5.2/httpcore5-5.2.jar:/home/runner/.m2/repository/org/apache/httpcomponents/core5/httpcore5-h2/5.2/httpcore5-h2-5.2.jar:/home/runner/.m2/repository/org/xmlunit/xmlunit-core/2.9.1/xmlunit-core-2.9.1.jar:/home/runner/.m2/repository/jakarta/xml/bind/jakarta.xml.bind-api/4.0.2/jakarta.xml.bind-api-4.0.2.jar:/home/runner/.m2/repository/jakarta/activation/jakarta.activation-api/2.1.3/jakarta.activation-api-2.1.3.jar:/home/runner/.m2/repository/org/xmlunit/xmlunit-legacy/2.9.1/xmlunit-legacy-2.9.1.jar:/home/runner/.m2/repository/org/xmlunit/xmlunit-placeholders/2.9.1/xmlunit-placeholders-2.9.1.jar:/home/runner/.m2/repository/net/javacrumbs/json-unit/json-unit-core/2.38.0/json-unit-core-2.38.0.jar:/home/runner/.m2/repository/com/jayway/jsonpath/json-path/2.8.0/json-path-2.8.0.jar:/home/runner/.m2/repository/net/minidev/json-smart/2.4.10/json-smart-2.4.10.jar:/home/runner/.m2/repository/net/minidev/accessors-smart/2.4.9/accessors-smart-2.4.9.jar:/home/runner/.m2/repository/org/ow2/asm/asm/9.7/asm-9.7.jar:/home/runner/.m2/repository/net/sf/jopt-simple/jopt-simple/5.0.4/jopt-simple-5.0.4.jar:/home/runner/.m2/repository/com/github/jknack/handlebars/4.3.1/handlebars-4.3.1.jar:/home/runner/.m2/repository/com/github/jknack/handlebars-helpers/4.3.1/handlebars-helpers-4.3.1.jar:/home/runner/.m2/repository/commons-fileupload/commons-fileupload/1.5/commons-fileupload-1.5.jar:/home/runner/.m2/repository/com/networknt/json-schema-validator/1.5.5/json-schema-validator-1.5.5.jar:/home/runner/.m2/repository/com/ethlo/time/itu/1.10.3/itu-1.10.3.jar:/home/runner/.m2/repository/io/quarkus/quarkus-smallrye-jwt-build/3.15.4/quarkus-smallrye-jwt-build-3.15.4.jar:/home/runner/.m2/repository/io/smallrye/smallrye-jwt-build/4.5.3/smallrye-jwt-build-4.5.3.jar:/home/runner/.m2/repository/org/eclipse/microprofile/jwt/microprofile-jwt-auth-api/2.1/microprofile-jwt-auth-api-2.1.jar:/home/runner/.m2/repository/org/bitbucket/b_c/jose4j/0.9.6/jose4j-0.9.6.jar:/home/runner/.m2/repository/io/smallrye/smallrye-jwt-common/4.5.3/smallrye-jwt-common-4.5.3.jar:/home/runner/.m2/repository/io/quarkus/quarkus-jsonp/3.15.4/quarkus-jsonp-3.15.4.jar:/home/runner/.m2/repository/io/quarkus/quarkus-arc/3.15.4/quarkus-arc-3.15.4.jar:/home/runner/.m2/repository/io/quarkus/arc/arc/3.15.4/arc-3.15.4.jar:/home/runner/.m2/repository/jakarta/transaction/jakarta.transaction-api/2.0.1/jakarta.transaction-api-2.0.1.jar:/home/runner/.m2/repository/io/smallrye/reactive/mutiny/2.6.2/mutiny-2.6.2.jar:/home/runner/.m2/repository/org/jctools/jctools-core/4.0.5/jctools-core-4.0.5.jar:/home/runner/.m2/repository/org/eclipse/microprofile/context-propagation/microprofile-context-propagation-api/1.3/microprofile-context-propagation-api-1.3.jar:/home/runner/.m2/repository/io/apicurio/apicurio-common-rest-client-common/0.1.18.Final/apicurio-common-rest-client-common-0.1.18.Final.jar:/home/runner/work/apicurio-testing/apicurio-testing/clusters/ci419/namespaces/postgresql/tests/integration/apicurio-registry/utils/maven-plugin/target/apicurio-registry-maven-plugin-3.0.9.jar:/home/runner/.m2/repository/com/fasterxml/jackson/core/jackson-databind/2.17.2/jackson-databind-2.17.2.jar:/home/runner/.m2/repository/org/apache/avro/avro/1.12.0/avro-1.12.0.jar:/home/runner/.m2/repository/com/google/protobuf/protobuf-java/3.25.8/protobuf-java-3.25.8.jar:/home/runner/.m2/repository/com/google/protobuf/protobuf-java-util/3.25.8/protobuf-java-util-3.25.8.jar:/home/runner/.m2/repository/com/google/code/findbugs/jsr305/3.0.2/jsr305-3.0.2.jar:/home/runner/.m2/repository/com/google/code/gson/gson/2.11.0/gson-2.11.0.jar:/home/runner/.m2/repository/com/google/errorprone/error_prone_annotations/2.30.0/error_prone_annotations-2.30.0.jar:/home/runner/.m2/repository/com/google/j2objc/j2objc-annotations/2.8/j2objc-annotations-2.8.jar:/home/runner/work/apicurio-testing/apicurio-testing/clusters/ci419/namespaces/postgresql/tests/integration/apicurio-registry/schema-util/util-provider/target/apicurio-registry-schema-util-provider-3.0.9.jar:/home/runner/work/apicurio-testing/apicurio-testing/clusters/ci419/namespaces/postgresql/tests/integration/apicurio-registry/schema-util/common/target/apicurio-registry-schema-util-common-3.0.9.jar:/home/runner/.m2/repository/com/fasterxml/jackson/module/jackson-module-parameter-names/2.17.2/jackson-module-parameter-names-2.17.2.jar:/home/runner/.m2/repository/com/fasterxml/jackson/datatype/jackson-datatype-json-org/2.18.2/jackson-datatype-json-org-2.18.2.jar:/home/runner/work/apicurio-testing/apicurio-testing/clusters/ci419/namespaces/postgresql/tests/integration/apicurio-registry/schema-util/json/target/apicurio-registry-schema-util-json-3.0.9.jar:/home/runner/.m2/repository/com/github/erosb/everit-json-schema/1.14.5/everit-json-schema-1.14.5.jar:/home/runner/.m2/repository/commons-validator/commons-validator/1.9.0/commons-validator-1.9.0.jar:/home/runner/.m2/repository/commons-digester/commons-digester/2.1/commons-digester-2.1.jar:/home/runner/.m2/repository/commons-collections/commons-collections/3.2.2/commons-collections-3.2.2.jar:/home/runner/.m2/repository/com/damnhandy/handy-uri-templates/2.1.8/handy-uri-templates-2.1.8.jar:/home/runner/.m2/repository/joda-time/joda-time/2.10.2/joda-time-2.10.2.jar:/home/runner/.m2/repository/com/github/erosb/json-sKema/0.20.0/json-sKema-0.20.0.jar:/home/runner/.m2/repository/io/vertx/vertx-json-schema/4.5.13/vertx-json-schema-4.5.13.jar:/home/runner/work/apicurio-testing/apicurio-testing/clusters/ci419/namespaces/postgresql/tests/integration/apicurio-registry/schema-util/protobuf/target/apicurio-registry-schema-util-protobuf-3.0.9.jar:/home/runner/work/apicurio-testing/apicurio-testing/clusters/ci419/namespaces/postgresql/tests/integration/apicurio-registry/utils/protobuf-schema-utilities/target/apicurio-registry-protobuf-schema-utilities-3.0.9.jar:/home/runner/.m2/repository/com/google/api/grpc/proto-google-common-protos/2.52.0/proto-google-common-protos-2.52.0.jar:/home/runner/.m2/repository/com/squareup/wire/wire-schema-jvm/5.1.0/wire-schema-jvm-5.1.0.jar:/home/runner/.m2/repository/com/squareup/javapoet/1.13.0/javapoet-1.13.0.jar:/home/runner/.m2/repository/com/squareup/kotlinpoet-jvm/1.18.1/kotlinpoet-jvm-1.18.1.jar:/home/runner/.m2/repository/org/jetbrains/kotlin/kotlin-reflect/2.0.10/kotlin-reflect-2.0.10.jar:/home/runner/.m2/repository/com/squareup/wire/wire-runtime-jvm/5.1.0/wire-runtime-jvm-5.1.0.jar:/home/runner/.m2/repository/com/ibm/icu/icu4j/76.1/icu4j-76.1.jar:/home/runner/.m2/repository/com/squareup/okio/okio-fakefilesystem/3.10.2/okio-fakefilesystem-3.10.2.jar:/home/runner/.m2/repository/com/squareup/okio/okio-fakefilesystem-jvm/3.10.2/okio-fakefilesystem-jvm-3.10.2.jar:/home/runner/.m2/repository/org/jetbrains/kotlinx/kotlinx-datetime-jvm/0.6.1/kotlinx-datetime-jvm-0.6.1.jar:/home/runner/work/apicurio-testing/apicurio-testing/clusters/ci419/namespaces/postgresql/tests/integration/apicurio-registry/schema-util/asyncapi/target/apicurio-registry-schema-util-asyncapi-3.0.9.jar:/home/runner/work/apicurio-testing/apicurio-testing/clusters/ci419/namespaces/postgresql/tests/integration/apicurio-registry/schema-util/avro/target/apicurio-registry-schema-util-avro-3.0.9.jar:/home/runner/work/apicurio-testing/apicurio-testing/clusters/ci419/namespaces/postgresql/tests/integration/apicurio-registry/schema-util/graphql/target/apicurio-registry-schema-util-graphql-3.0.9.jar:/home/runner/.m2/repository/com/graphql-java/graphql-java/22.3/graphql-java-22.3.jar:/home/runner/.m2/repository/com/graphql-java/java-dataloader/3.3.0/java-dataloader-3.3.0.jar:/home/runner/work/apicurio-testing/apicurio-testing/clusters/ci419/namespaces/postgresql/tests/integration/apicurio-registry/schema-util/kconnect/target/apicurio-registry-schema-util-kconnect-3.0.9.jar:/home/runner/work/apicurio-testing/apicurio-testing/clusters/ci419/namespaces/postgresql/tests/integration/apicurio-registry/schema-util/openapi/target/apicurio-registry-schema-util-openapi-3.0.9.jar:/home/runner/.m2/repository/io/apicurio/apicurio-data-models/2.2.1/apicurio-data-models-2.2.1.jar:/home/runner/.m2/repository/org/openapitools/openapidiff/openapi-diff-core/2.0.1/openapi-diff-core-2.0.1.jar:/home/runner/.m2/repository/io/swagger/parser/v3/swagger-parser/2.0.28/swagger-parser-2.0.28.jar:/home/runner/.m2/repository/io/swagger/parser/v3/swagger-parser-v2-converter/2.0.28/swagger-parser-v2-converter-2.0.28.jar:/home/runner/.m2/repository/io/swagger/swagger-core/1.6.3/swagger-core-1.6.3.jar:/home/runner/.m2/repository/io/swagger/swagger-models/1.6.3/swagger-models-1.6.3.jar:/home/runner/.m2/repository/io/swagger/swagger-annotations/1.6.3/swagger-annotations-1.6.3.jar:/home/runner/.m2/repository/io/swagger/swagger-parser/1.0.56/swagger-parser-1.0.56.jar:/home/runner/.m2/repository/io/swagger/swagger-compat-spec-parser/1.0.56/swagger-compat-spec-parser-1.0.56.jar:/home/runner/.m2/repository/com/github/java-json-tools/json-schema-validator/2.2.14/json-schema-validator-2.2.14.jar:/home/runner/.m2/repository/com/github/java-json-tools/jackson-coreutils-equivalence/1.0/jackson-coreutils-equivalence-1.0.jar:/home/runner/.m2/repository/com/github/java-json-tools/json-schema-core/1.2.14/json-schema-core-1.2.14.jar:/home/runner/.m2/repository/com/github/java-json-tools/uri-template/0.10/uri-template-0.10.jar:/home/runner/.m2/repository/com/sun/mail/mailapi/1.6.2/mailapi-1.6.2.jar:/home/runner/.m2/repository/com/googlecode/libphonenumber/libphonenumber/8.11.1/libphonenumber-8.11.1.jar:/home/runner/.m2/repository/com/j2html/j2html/1.5.0/j2html-1.5.0.jar:/home/runner/.m2/repository/org/apache/commons/commons-collections4/4.4/commons-collections4-4.4.jar:/home/runner/.m2/repository/commons-httpclient/commons-httpclient/3.1/commons-httpclient-3.1.jar:/home/runner/.m2/repository/io/swagger/parser/v3/swagger-parser-v3/2.1.25/swagger-parser-v3-2.1.25.jar:/home/runner/.m2/repository/io/swagger/core/v3/swagger-models/2.2.28/swagger-models-2.2.28.jar:/home/runner/.m2/repository/io/swagger/core/v3/swagger-core/2.2.28/swagger-core-2.2.28.jar:/home/runner/.m2/repository/io/swagger/parser/v3/swagger-parser-core/2.1.25/swagger-parser-core-2.1.25.jar:/home/runner/.m2/repository/io/swagger/parser/v3/swagger-parser-safe-url-resolver/2.1.25/swagger-parser-safe-url-resolver-2.1.25.jar:/home/runner/work/apicurio-testing/apicurio-testing/clusters/ci419/namespaces/postgresql/tests/integration/apicurio-registry/schema-util/wsdl/target/apicurio-registry-schema-util-wsdl-3.0.9.jar:/home/runner/.m2/repository/wsdl4j/wsdl4j/1.6.3/wsdl4j-1.6.3.jar:/home/runner/work/apicurio-testing/apicurio-testing/clusters/ci419/namespaces/postgresql/tests/integration/apicurio-registry/schema-util/xml/target/apicurio-registry-schema-util-xml-3.0.9.jar:/home/runner/.m2/repository/org/apache/santuario/xmlsec/4.0.3/xmlsec-4.0.3.jar:/home/runner/.m2/repository/com/fasterxml/woodstox/woodstox-core/7.1.0/woodstox-core-7.1.0.jar:/home/runner/.m2/repository/org/codehaus/woodstox/stax2-api/4.2.2/stax2-api-4.2.2.jar:/home/runner/work/apicurio-testing/apicurio-testing/clusters/ci419/namespaces/postgresql/tests/integration/apicurio-registry/schema-util/xsd/target/apicurio-registry-schema-util-xsd-3.0.9.jar:/home/runner/work/apicurio-testing/apicurio-testing/clusters/ci419/namespaces/postgresql/tests/integration/apicurio-registry/serdes/kafka/jsonschema-serde/target/apicurio-registry-jsonschema-serde-kafka-3.0.9.jar:/home/runner/work/apicurio-testing/apicurio-testing/clusters/ci419/namespaces/postgresql/tests/integration/apicurio-registry/serdes/kafka/serde-kafka-common/target/apicurio-registry-serde-kafka-common-3.0.9.jar:/home/runner/work/apicurio-testing/apicurio-testing/clusters/ci419/namespaces/postgresql/tests/integration/apicurio-registry/serdes/generic/serde-common/target/apicurio-registry-serde-common-3.0.9.jar:/home/runner/work/apicurio-testing/apicurio-testing/clusters/ci419/namespaces/postgresql/tests/integration/apicurio-registry/schema-resolver/target/apicurio-registry-schema-resolver-3.0.9.jar:/home/runner/work/apicurio-testing/apicurio-testing/clusters/ci419/namespaces/postgresql/tests/integration/apicurio-registry/serdes/generic/serde-common-jsonschema/target/apicurio-registry-serde-common-jsonschema-3.0.9.jar:/home/runner/.m2/repository/org/json/json/20250107/json-20250107.jar:/home/runner/work/apicurio-testing/apicurio-testing/clusters/ci419/namespaces/postgresql/tests/integration/apicurio-registry/serdes/kafka/avro-serde/target/apicurio-registry-avro-serde-kafka-3.0.9.jar:/home/runner/work/apicurio-testing/apicurio-testing/clusters/ci419/namespaces/postgresql/tests/integration/apicurio-registry/serdes/generic/serde-common-avro/target/apicurio-registry-serde-common-avro-3.0.9.jar:/home/runner/work/apicurio-testing/apicurio-testing/clusters/ci419/namespaces/postgresql/tests/integration/apicurio-registry/serdes/kafka/protobuf-serde/target/apicurio-registry-protobuf-serde-kafka-3.0.9.jar:/home/runner/work/apicurio-testing/apicurio-testing/clusters/ci419/namespaces/postgresql/tests/integration/apicurio-registry/serdes/generic/serde-common-protobuf/target/apicurio-registry-serde-common-protobuf-3.0.9.jar:/home/runner/.m2/repository/com/squareup/wire/wire-schema/5.1.0/wire-schema-5.1.0.jar:/home/runner/.m2/repository/com/squareup/wire/wire-runtime/5.1.0/wire-runtime-5.1.0.jar:/home/runner/work/apicurio-testing/apicurio-testing/clusters/ci419/namespaces/postgresql/tests/integration/apicurio-registry/serdes/pulsar/avro-serde/target/apicurio-registry-avro-serde-pulsar-3.0.9.jar:/home/runner/.m2/repository/org/apache/pulsar/pulsar-functions-api/3.3.4/pulsar-functions-api-3.3.4.jar:/home/runner/work/apicurio-testing/apicurio-testing/clusters/ci419/namespaces/postgresql/tests/integration/apicurio-registry/serdes/nats/avro-serde/target/apicurio-registry-avro-serde-nats-3.0.9.jar:/home/runner/.m2/repository/io/nats/jnats/2.20.5/jnats-2.20.5.jar:/home/runner/.m2/repository/net/i2p/crypto/eddsa/0.3.0/eddsa-0.3.0.jar:/home/runner/work/apicurio-testing/apicurio-testing/clusters/ci419/namespaces/postgresql/tests/integration/apicurio-registry/utils/converter/target/apicurio-registry-utils-converter-3.0.9.jar:/home/runner/.m2/repository/org/apache/kafka/connect-api/3.9.1/connect-api-3.9.1.jar:/home/runner/.m2/repository/javax/ws/rs/javax.ws.rs-api/2.1.1/javax.ws.rs-api-2.1.1.jar:/home/runner/.m2/repository/org/apache/kafka/connect-json/3.9.1/connect-json-3.9.1.jar:/home/runner/.m2/repository/com/fasterxml/jackson/datatype/jackson-datatype-jdk8/2.17.2/jackson-datatype-jdk8-2.17.2.jar:/home/runner/.m2/repository/com/fasterxml/jackson/module/jackson-module-afterburner/2.17.2/jackson-module-afterburner-2.17.2.jar:/home/runner/work/apicurio-testing/apicurio-testing/clusters/ci419/namespaces/postgresql/tests/integration/apicurio-registry/utils/kafka/target/apicurio-registry-utils-kafka-3.0.9.jar:/home/runner/.m2/repository/org/apache/pulsar/pulsar-client/3.3.4/pulsar-client-3.3.4.jar:/home/runner/.m2/repository/org/apache/pulsar/pulsar-client-api/3.3.4/pulsar-client-api-3.3.4.jar:/home/runner/.m2/repository/org/apache/pulsar/pulsar-client-admin-api/3.3.4/pulsar-client-admin-api-3.3.4.jar:/home/runner/.m2/repository/org/apache/pulsar/bouncy-castle-bc/3.3.4/bouncy-castle-bc-3.3.4-pkg.jar:/home/runner/.m2/repository/org/bouncycastle/bcpkix-jdk18on/1.78.1/bcpkix-jdk18on-1.78.1.jar:/home/runner/.m2/repository/org/bouncycastle/bcutil-jdk18on/1.78.1/bcutil-jdk18on-1.78.1.jar:/home/runner/.m2/repository/org/bouncycastle/bcprov-jdk18on/1.78.1/bcprov-jdk18on-1.78.1.jar:/home/runner/.m2/repository/io/opentelemetry/opentelemetry-api/1.39.0/opentelemetry-api-1.39.0.jar:/home/runner/.m2/repository/io/opentelemetry/opentelemetry-context/1.39.0/opentelemetry-context-1.39.0.jar:/home/runner/.m2/repository/io/opentelemetry/opentelemetry-api-incubator/1.39.0-alpha/opentelemetry-api-incubator-1.39.0-alpha.jar:/home/runner/.m2/repository/com/fasterxml/jackson/core/jackson-annotations/2.17.2/jackson-annotations-2.17.2.jar:/home/runner/.m2/repository/javax/validation/validation-api/1.1.0.Final/validation-api-1.1.0.Final.jar:/home/runner/.m2/repository/io/confluent/kafka-avro-serializer/7.9.0/kafka-avro-serializer-7.9.0.jar:/home/runner/.m2/repository/org/apache/commons/commons-compress/1.27.0/commons-compress-1.27.0.jar:/home/runner/.m2/repository/io/confluent/kafka-schema-serializer/7.9.0/kafka-schema-serializer-7.9.0.jar:/home/runner/.m2/repository/com/fasterxml/jackson/dataformat/jackson-dataformat-csv/2.17.2/jackson-dataformat-csv-2.17.2.jar:/home/runner/.m2/repository/io/confluent/kafka-schema-registry-client/7.9.0/kafka-schema-registry-client-7.9.0.jar:/home/runner/.m2/repository/org/yaml/snakeyaml/2.2/snakeyaml-2.2.jar:/home/runner/.m2/repository/io/swagger/core/v3/swagger-annotations/2.1.10/swagger-annotations-2.1.10.jar:/home/runner/.m2/repository/com/google/guava/guava/33.2.1-jre/guava-33.2.1-jre.jar:/home/runner/.m2/repository/com/google/guava/failureaccess/1.0.1/failureaccess-1.0.1.jar:/home/runner/.m2/repository/org/checkerframework/checker-qual/3.46.0/checker-qual-3.46.0.jar:/home/runner/.m2/repository/io/confluent/logredactor/1.0.12/logredactor-1.0.12.jar:/home/runner/.m2/repository/com/google/re2j/re2j/1.6/re2j-1.6.jar:/home/runner/.m2/repository/io/confluent/logredactor-metrics/1.0.12/logredactor-metrics-1.0.12.jar:/home/runner/.m2/repository/com/eclipsesource/minimal-json/minimal-json/0.9.5/minimal-json-0.9.5.jar:/home/runner/.m2/repository/io/confluent/common-utils/7.9.0/common-utils-7.9.0.jar:/home/runner/.m2/repository/io/confluent/kafka-connect-avro-converter/7.9.0/kafka-connect-avro-converter-7.9.0.jar:/home/runner/.m2/repository/io/confluent/kafka-connect-avro-data/7.9.0/kafka-connect-avro-data-7.9.0.jar:/home/runner/.m2/repository/io/confluent/kafka-schema-converter/7.9.0/kafka-schema-converter-7.9.0.jar:/home/runner/.m2/repository/io/rest-assured/rest-assured/5.5.0/rest-assured-5.5.0.jar:/home/runner/.m2/repository/org/apache/groovy/groovy/4.0.22/groovy-4.0.22.jar:/home/runner/.m2/repository/org/apache/groovy/groovy-xml/4.0.22/groovy-xml-4.0.22.jar:/home/runner/.m2/repository/org/apache/httpcomponents/httpclient/4.5.14/httpclient-4.5.14.jar:/home/runner/.m2/repository/org/apache/httpcomponents/httpcore/4.4.16/httpcore-4.4.16.jar:/home/runner/.m2/repository/org/apache/httpcomponents/httpmime/4.5.14/httpmime-4.5.14.jar:/home/runner/.m2/repository/org/hamcrest/hamcrest/2.2/hamcrest-2.2.jar:/home/runner/.m2/repository/org/ccil/cowan/tagsoup/tagsoup/1.2.1/tagsoup-1.2.1.jar:/home/runner/.m2/repository/io/rest-assured/json-path/5.5.0/json-path-5.5.0.jar:/home/runner/.m2/repository/org/apache/groovy/groovy-json/4.0.22/groovy-json-4.0.22.jar:/home/runner/.m2/repository/io/rest-assured/rest-assured-common/5.5.0/rest-assured-common-5.5.0.jar:/home/runner/.m2/repository/io/rest-assured/xml-path/5.5.0/xml-path-5.5.0.jar:/home/runner/.m2/repository/io/zonky/test/embedded-postgres/2.1.0/embedded-postgres-2.1.0.jar:/home/runner/.m2/repository/io/zonky/test/postgres/embedded-postgres-binaries-windows-amd64/14.15.0/embedded-postgres-binaries-windows-amd64-14.15.0.jar:/home/runner/.m2/repository/io/zonky/test/postgres/embedded-postgres-binaries-darwin-amd64/14.15.0/embedded-postgres-binaries-darwin-amd64-14.15.0.jar:/home/runner/.m2/repository/io/zonky/test/postgres/embedded-postgres-binaries-linux-amd64/14.15.0/embedded-postgres-binaries-linux-amd64-14.15.0.jar:/home/runner/.m2/repository/io/zonky/test/postgres/embedded-postgres-binaries-linux-amd64-alpine/14.15.0/embedded-postgres-binaries-linux-amd64-alpine-14.15.0.jar:/home/runner/.m2/repository/org/apache/commons/commons-lang3/3.14.0/commons-lang3-3.14.0.jar:/home/runner/.m2/repository/org/tukaani/xz/1.10/xz-1.10.jar:/home/runner/.m2/repository/commons-codec/commons-codec/1.18.0/commons-codec-1.18.0.jar:/home/runner/.m2/repository/org/postgresql/postgresql/42.7.4/postgresql-42.7.4.jar:/home/runner/.m2/repository/commons-io/commons-io/2.16.1/commons-io-2.16.1.jar:/home/runner/work/apicurio-testing/apicurio-testing/clusters/ci419/namespaces/postgresql/tests/integration/apicurio-registry/utils/importexport/target/apicurio-registry-utils-import-export-3.0.9.jar:/home/runner/.m2/repository/io/vertx/vertx-core/4.5.13/vertx-core-4.5.13.jar:/home/runner/.m2/repository/io/netty/netty-common/4.1.118.Final/netty-common-4.1.118.Final.jar:/home/runner/.m2/repository/io/netty/netty-buffer/4.1.118.Final/netty-buffer-4.1.118.Final.jar:/home/runner/.m2/repository/io/netty/netty-transport/4.1.118.Final/netty-transport-4.1.118.Final.jar:/home/runner/.m2/repository/io/netty/netty-handler/4.1.118.Final/netty-handler-4.1.118.Final.jar:/home/runner/.m2/repository/io/netty/netty-transport-native-unix-common/4.1.118.Final/netty-transport-native-unix-common-4.1.118.Final.jar:/home/runner/.m2/repository/io/netty/netty-codec/4.1.118.Final/netty-codec-4.1.118.Final.jar:/home/runner/.m2/repository/io/netty/netty-handler-proxy/4.1.118.Final/netty-handler-proxy-4.1.118.Final.jar:/home/runner/.m2/repository/io/netty/netty-codec-socks/4.1.118.Final/netty-codec-socks-4.1.118.Final.jar:/home/runner/.m2/repository/io/netty/netty-codec-http/4.1.118.Final/netty-codec-http-4.1.118.Final.jar:/home/runner/.m2/repository/io/netty/netty-codec-http2/4.1.118.Final/netty-codec-http2-4.1.118.Final.jar:/home/runner/.m2/repository/io/netty/netty-resolver/4.1.118.Final/netty-resolver-4.1.118.Final.jar:/home/runner/.m2/repository/io/netty/netty-resolver-dns/4.1.118.Final/netty-resolver-dns-4.1.118.Final.jar:/home/runner/.m2/repository/io/netty/netty-codec-dns/4.1.118.Final/netty-codec-dns-4.1.118.Final.jar:/home/runner/.m2/repository/com/fasterxml/jackson/core/jackson-core/2.17.2/jackson-core-2.17.2.jar:"/>
    <property name="sun.cpu.endian" value="little"/>
    <property name="user.home" value="/home/runner"/>
    <property name="user.language" value="en"/>
    <property name="jboss.log-version" value="false"/>
    <property name="java.specification.vendor" value="Oracle Corporation"/>
    <property name="java.version.date" value="2025-07-15"/>
    <property name="java.home" value="/usr/lib/jvm/temurin-17-jdk-amd64"/>
    <property name="file.separator" value="/"/>
    <property name="basedir" value="/home/runner/work/apicurio-testing/apicurio-testing/clusters/ci419/namespaces/postgresql/tests/integration/apicurio-registry/integration-tests"/>
    <property name="java.vm.compressedOopsMode" value="32-bit"/>
    <property name="line.separator" value="&#10;"/>
    <property name="java.specification.name" value="Java Platform API Specification"/>
    <property name="java.vm.specification.vendor" value="Oracle Corporation"/>
    <property name="quarkus.http.test-host" value="registry-app-postgresql.apps.ci419.apicurio-testing.org"/>
    <property name="surefire.real.class.path" value="/home/runner/work/apicurio-testing/apicurio-testing/clusters/ci419/namespaces/postgresql/tests/integration/apicurio-registry/integration-tests/target/surefire/surefirebooter-20250731022118642_3.jar"/>
    <property name="sun.management.compiler" value="HotSpot 64-Bit Tiered Compilers"/>
    <property name="org.eclipse.jetty.http.HttpGenerator.STRICT" value="true"/>
    <property name="java.runtime.version" value="17.0.16+8"/>
    <property name="user.name" value="runner"/>
    <property name="path.separator" value=":"/>
    <property name="os.version" value="6.8.0-1031-azure"/>
    <property name="java.runtime.name" value="OpenJDK Runtime Environment"/>
    <property name="file.encoding" value="UTF-8"/>
    <property name="jnidispatch.path" value="/home/runner/.cache/JNA/temp/jna793403245320359375.tmp"/>
    <property name="java.vm.name" value="OpenJDK 64-Bit Server VM"/>
    <property name="jna.platform.library.path" value="/usr/lib/x86_64-linux-gnu:/lib/x86_64-linux-gnu:/usr/lib64:/lib64:/usr/lib:/lib:/lib32:/usr/local/lib:/usr/lib/x86_64-linux-gnu/libfakeroot"/>
    <property name="java.vendor.version" value="Temurin-17.0.16+8"/>
    <property name="quarkus.oidc.token-path" value="https://keycloak-postgresql.apps.ci419.apicurio-testing.org/realms/registry/protocol/openid-connect/token"/>
    <property name="quarkus.http.host" value="registry-app-postgresql.apps.ci419.apicurio-testing.org"/>
    <property name="localRepository" value="/home/runner/.m2/repository"/>
    <property name="javax.xml.xpath.XPathFactory:http://java.sun.com/jaxp/xpath/dom" value="com.sun.org.apache.xpath.internal.jaxp.XPathFactoryImpl"/>
    <property name="jna.loaded" value="true"/>
    <property name="java.vendor.url.bug" value="https://github.com/adoptium/adoptium-support/issues"/>
    <property name="jetty.git.hash" value="5bc5e562c8d05c5862505aebe5cf83a61bdbcb96"/>
    <property name="java.io.tmpdir" value="/tmp"/>
    <property name="quarkus.http.test-protocol" value="http"/>
    <property name="java.version" value="17.0.16"/>
    <property name="user.dir" value="/home/runner/work/apicurio-testing/apicurio-testing/clusters/ci419/namespaces/postgresql/tests/integration/apicurio-registry/integration-tests"/>
    <property name="os.arch" value="amd64"/>
    <property name="groups" value="( smoke | serdes | acceptance | ui)"/>
    <property name="java.vm.specification.name" value="Java Virtual Machine Specification"/>
    <property name="native.encoding" value="UTF-8"/>
    <property name="java.util.logging.manager" value="org.jboss.logmanager.LogManager"/>
    <property name="java.library.path" value="/usr/java/packages/lib:/usr/lib64:/lib64:/lib:/usr/lib"/>
    <property name="jdk.console" value="java.base"/>
    <property name="java.vm.info" value="mixed mode, sharing"/>
    <property name="java.vendor" value="Eclipse Adoptium"/>
    <property name="java.vm.version" value="17.0.16+8"/>
    <property name="java.specification.maintenance.version" value="1"/>
    <property name="sun.io.unicode.encoding" value="UnicodeLittle"/>
    <property name="javax.xml.transform.TransformerFactory" value="com.sun.org.apache.xalan.internal.xsltc.trax.TransformerFactoryImpl"/>
    <property name="java.class.version" value="61.0"/>
  </properties>
  <testcase name="testSimpleTopicIdStrategyFindLatest" classname="io.apicurio.tests.serdes.apicurio.JsonSchemaSerdeIT" time="1.895">
    <system-out><![CDATA[2025-07-31 02:22:11,446 INFO  [io.api.tes.ser.api.JsonSchemaSerdeIT] (main) RestAssured configured with http://registry-app-postgresql.apps.ci419.apicurio-testing.org:80/apis/registry/v3
2025-07-31 02:22:11,454 INFO  [io.api.tes.uti.KafkaFacade] (main) Skipping deployment of kafka, because it's already deployed
2025-07-31 02:22:11,455 INFO  [io.api.tes.uti.TestSeparator] (main) ############################################################################
2025-07-31 02:22:11,455 INFO  [io.api.tes.uti.TestSeparator] (main) io.apicurio.tests.serdes.apicurio.JsonSchemaSerdeIT.testSimpleTopicIdStrategyFindLatest-STARTED
2025-07-31 02:22:11,456 INFO  [org.apa.kaf.cli.adm.AdminClientConfig] (main) AdminClientConfig values: 
	auto.include.jmx.reporter = true
	bootstrap.controllers = []
	bootstrap.servers = [PLAINTEXT://localhost:32770]
	client.dns.lookup = use_all_dns_ips
	client.id = 
	connections.max.idle.ms = 10000
	default.api.timeout.ms = 60000
	enable.metrics.push = true
	metadata.max.age.ms = 300000
	metadata.recovery.strategy = none
	metric.reporters = []
	metrics.num.samples = 2
	metrics.recording.level = INFO
	metrics.sample.window.ms = 30000
	receive.buffer.bytes = 65536
	reconnect.backoff.max.ms = 1000
	reconnect.backoff.ms = 50
	request.timeout.ms = 5000
	retries = 2147483647
	retry.backoff.max.ms = 1000
	retry.backoff.ms = 100
	sasl.client.callback.handler.class = null
	sasl.jaas.config = null
	sasl.kerberos.kinit.cmd = /usr/bin/kinit
	sasl.kerberos.min.time.before.relogin = 60000
	sasl.kerberos.service.name = null
	sasl.kerberos.ticket.renew.jitter = 0.05
	sasl.kerberos.ticket.renew.window.factor = 0.8
	sasl.login.callback.handler.class = null
	sasl.login.class = null
	sasl.login.connect.timeout.ms = null
	sasl.login.read.timeout.ms = null
	sasl.login.refresh.buffer.seconds = 300
	sasl.login.refresh.min.period.seconds = 60
	sasl.login.refresh.window.factor = 0.8
	sasl.login.refresh.window.jitter = 0.05
	sasl.login.retry.backoff.max.ms = 10000
	sasl.login.retry.backoff.ms = 100
	sasl.mechanism = GSSAPI
	sasl.oauthbearer.clock.skew.seconds = 30
	sasl.oauthbearer.expected.audience = null
	sasl.oauthbearer.expected.issuer = null
	sasl.oauthbearer.header.urlencode = false
	sasl.oauthbearer.jwks.endpoint.refresh.ms = 3600000
	sasl.oauthbearer.jwks.endpoint.retry.backoff.max.ms = 10000
	sasl.oauthbearer.jwks.endpoint.retry.backoff.ms = 100
	sasl.oauthbearer.jwks.endpoint.url = null
	sasl.oauthbearer.scope.claim.name = scope
	sasl.oauthbearer.sub.claim.name = sub
	sasl.oauthbearer.token.endpoint.url = null
	security.protocol = PLAINTEXT
	security.providers = null
	send.buffer.bytes = 131072
	socket.connection.setup.timeout.max.ms = 30000
	socket.connection.setup.timeout.ms = 10000
	ssl.cipher.suites = null
	ssl.enabled.protocols = [TLSv1.2, TLSv1.3]
	ssl.endpoint.identification.algorithm = https
	ssl.engine.factory.class = null
	ssl.key.password = null
	ssl.keymanager.algorithm = SunX509
	ssl.keystore.certificate.chain = null
	ssl.keystore.key = null
	ssl.keystore.location = null
	ssl.keystore.password = null
	ssl.keystore.type = JKS
	ssl.protocol = TLSv1.3
	ssl.provider = null
	ssl.secure.random.implementation = null
	ssl.trustmanager.algorithm = PKIX
	ssl.truststore.certificates = null
	ssl.truststore.location = null
	ssl.truststore.password = null
	ssl.truststore.type = JKS

2025-07-31 02:22:11,461 INFO  [org.apa.kaf.com.uti.AppInfoParser] (main) Kafka version: 3.9.0
2025-07-31 02:22:11,461 INFO  [org.apa.kaf.com.uti.AppInfoParser] (main) Kafka commitId: 84caaa6e9da06435
2025-07-31 02:22:11,461 INFO  [org.apa.kaf.com.uti.AppInfoParser] (main) Kafka startTimeMs: 1753928531461
2025-07-31 02:22:12,579 INFO  [org.apa.kaf.cli.pro.ProducerConfig] (main) ProducerConfig values: 
	acks = -1
	auto.include.jmx.reporter = true
	batch.size = 16384
	bootstrap.servers = [PLAINTEXT://localhost:32770]
	buffer.memory = 33554432
	client.dns.lookup = use_all_dns_ips
	client.id = Producer-topic-7419408f_3239_42ec_a4a8_e88377cb27e9
	compression.gzip.level = -1
	compression.lz4.level = 9
	compression.type = none
	compression.zstd.level = 3
	connections.max.idle.ms = 10000
	delivery.timeout.ms = 120000
	enable.idempotence = true
	enable.metrics.push = true
	interceptor.classes = []
	key.serializer = class org.apache.kafka.common.serialization.StringSerializer
	linger.ms = 0
	max.block.ms = 60000
	max.in.flight.requests.per.connection = 5
	max.request.size = 1048576
	metadata.max.age.ms = 300000
	metadata.max.idle.ms = 300000
	metadata.recovery.strategy = none
	metric.reporters = []
	metrics.num.samples = 2
	metrics.recording.level = INFO
	metrics.sample.window.ms = 30000
	partitioner.adaptive.partitioning.enable = true
	partitioner.availability.timeout.ms = 0
	partitioner.class = null
	partitioner.ignore.keys = false
	receive.buffer.bytes = 32768
	reconnect.backoff.max.ms = 1000
	reconnect.backoff.ms = 50
	request.timeout.ms = 5000
	retries = 2147483647
	retry.backoff.max.ms = 1000
	retry.backoff.ms = 100
	sasl.client.callback.handler.class = null
	sasl.jaas.config = null
	sasl.kerberos.kinit.cmd = /usr/bin/kinit
	sasl.kerberos.min.time.before.relogin = 60000
	sasl.kerberos.service.name = null
	sasl.kerberos.ticket.renew.jitter = 0.05
	sasl.kerberos.ticket.renew.window.factor = 0.8
	sasl.login.callback.handler.class = null
	sasl.login.class = null
	sasl.login.connect.timeout.ms = null
	sasl.login.read.timeout.ms = null
	sasl.login.refresh.buffer.seconds = 300
	sasl.login.refresh.min.period.seconds = 60
	sasl.login.refresh.window.factor = 0.8
	sasl.login.refresh.window.jitter = 0.05
	sasl.login.retry.backoff.max.ms = 10000
	sasl.login.retry.backoff.ms = 100
	sasl.mechanism = GSSAPI
	sasl.oauthbearer.clock.skew.seconds = 30
	sasl.oauthbearer.expected.audience = null
	sasl.oauthbearer.expected.issuer = null
	sasl.oauthbearer.header.urlencode = false
	sasl.oauthbearer.jwks.endpoint.refresh.ms = 3600000
	sasl.oauthbearer.jwks.endpoint.retry.backoff.max.ms = 10000
	sasl.oauthbearer.jwks.endpoint.retry.backoff.ms = 100
	sasl.oauthbearer.jwks.endpoint.url = null
	sasl.oauthbearer.scope.claim.name = scope
	sasl.oauthbearer.sub.claim.name = sub
	sasl.oauthbearer.token.endpoint.url = null
	security.protocol = PLAINTEXT
	security.providers = null
	send.buffer.bytes = 131072
	socket.connection.setup.timeout.max.ms = 30000
	socket.connection.setup.timeout.ms = 10000
	ssl.cipher.suites = null
	ssl.enabled.protocols = [TLSv1.2, TLSv1.3]
	ssl.endpoint.identification.algorithm = https
	ssl.engine.factory.class = null
	ssl.key.password = null
	ssl.keymanager.algorithm = SunX509
	ssl.keystore.certificate.chain = null
	ssl.keystore.key = null
	ssl.keystore.location = null
	ssl.keystore.password = null
	ssl.keystore.type = JKS
	ssl.protocol = TLSv1.3
	ssl.provider = null
	ssl.secure.random.implementation = null
	ssl.trustmanager.algorithm = PKIX
	ssl.truststore.certificates = null
	ssl.truststore.location = null
	ssl.truststore.password = null
	ssl.truststore.type = JKS
	transaction.timeout.ms = 60000
	transactional.id = null
	value.serializer = class io.apicurio.registry.serde.jsonschema.JsonSchemaKafkaSerializer

2025-07-31 02:22:12,579 INFO  [org.apa.kaf.com.tel.int.KafkaMetricsCollector] (main) initializing Kafka metrics collector
2025-07-31 02:22:12,584 INFO  [org.apa.kaf.cli.pro.KafkaProducer] (main) [Producer clientId=Producer-topic-7419408f_3239_42ec_a4a8_e88377cb27e9] Instantiated an idempotent producer.
2025-07-31 02:22:12,585 INFO  [org.apa.kaf.cli.pro.ProducerConfig] (main) These configurations '[apicurio.registry.url, apicurio.registry.headers.enabled, apicurio.registry.artifact-resolver-strategy]' were supplied but are not used yet.
2025-07-31 02:22:12,585 INFO  [org.apa.kaf.com.uti.AppInfoParser] (main) Kafka version: 3.9.0
2025-07-31 02:22:12,585 INFO  [org.apa.kaf.com.uti.AppInfoParser] (main) Kafka commitId: 84caaa6e9da06435
2025-07-31 02:22:12,585 INFO  [org.apa.kaf.com.uti.AppInfoParser] (main) Kafka startTimeMs: 1753928532585
2025-07-31 02:22:12,585 INFO  [io.api.tes.ser.api.SimpleSerdesTesterBuilder$SimpleSerdesTester] (main) Using producer configuration: {apicurio.registry.url=http://registry-app-postgresql.apps.ci419.apicurio-testing.org:80/apis/registry/v3, apicurio.registry.headers.enabled=true, apicurio.registry.artifact-resolver-strategy=io.apicurio.registry.serde.strategy.SimpleTopicIdStrategy, value.serializer=io.apicurio.registry.serde.jsonschema.JsonSchemaKafkaSerializer, request.timeout.ms=5000, acks=all, bootstrap.servers=PLAINTEXT://localhost:32770, connections.max.idle.ms=10000, key.serializer=org.apache.kafka.common.serialization.StringSerializer, client.id=Producer-topic-7419408f_3239_42ec_a4a8_e88377cb27e9}
2025-07-31 02:22:12,585 INFO  [io.api.tes.ser.api.SimpleSerdesTesterBuilder$SimpleSerdesTester] (main) Using consumer configuration: {apicurio.registry.headers.enabled=true}
2025-07-31 02:22:12,586 INFO  [io.api.tes.ser.api.KafkaSerdesTester] (Thread-238) Sending message io.apicurio.tests.common.serdes.json.ValidMessage@7cc417e9 to topic topic-7419408f_3239_42ec_a4a8_e88377cb27e9
2025-07-31 02:22:12,592 INFO  [org.apa.kaf.cli.Metadata] (kafka-producer-network-thread | Producer-topic-7419408f_3239_42ec_a4a8_e88377cb27e9) [Producer clientId=Producer-topic-7419408f_3239_42ec_a4a8_e88377cb27e9] Cluster ID: d3IyjYRDQrmXThhQeh46ug
2025-07-31 02:22:12,593 INFO  [org.apa.kaf.cli.pro.int.TransactionManager] (kafka-producer-network-thread | Producer-topic-7419408f_3239_42ec_a4a8_e88377cb27e9) [Producer clientId=Producer-topic-7419408f_3239_42ec_a4a8_e88377cb27e9] ProducerId set to 21 with epoch 0
2025-07-31 02:22:12,723 INFO  [io.api.tes.ser.api.KafkaSerdesTester] (Thread-238) Sending message io.apicurio.tests.common.serdes.json.ValidMessage@6e29ed2d to topic topic-7419408f_3239_42ec_a4a8_e88377cb27e9
2025-07-31 02:22:12,728 INFO  [io.api.tes.ser.api.KafkaSerdesTester] (Thread-238) Sending message io.apicurio.tests.common.serdes.json.ValidMessage@30e24804 to topic topic-7419408f_3239_42ec_a4a8_e88377cb27e9
2025-07-31 02:22:12,730 INFO  [io.api.tes.ser.api.KafkaSerdesTester] (Thread-238) Sending message io.apicurio.tests.common.serdes.json.ValidMessage@47fc5e5a to topic topic-7419408f_3239_42ec_a4a8_e88377cb27e9
2025-07-31 02:22:12,732 INFO  [io.api.tes.ser.api.KafkaSerdesTester] (Thread-238) Sending message io.apicurio.tests.common.serdes.json.ValidMessage@4b5fd7ca to topic topic-7419408f_3239_42ec_a4a8_e88377cb27e9
2025-07-31 02:22:12,735 INFO  [io.api.tes.ser.api.KafkaSerdesTester] (Thread-238) Sending message io.apicurio.tests.common.serdes.json.ValidMessage@64da7d65 to topic topic-7419408f_3239_42ec_a4a8_e88377cb27e9
2025-07-31 02:22:12,738 INFO  [io.api.tes.ser.api.KafkaSerdesTester] (Thread-238) Sending message io.apicurio.tests.common.serdes.json.ValidMessage@40c42ae4 to topic topic-7419408f_3239_42ec_a4a8_e88377cb27e9
2025-07-31 02:22:12,740 INFO  [io.api.tes.ser.api.KafkaSerdesTester] (Thread-238) Sending message io.apicurio.tests.common.serdes.json.ValidMessage@39d18784 to topic topic-7419408f_3239_42ec_a4a8_e88377cb27e9
2025-07-31 02:22:12,742 INFO  [io.api.tes.ser.api.KafkaSerdesTester] (Thread-238) Sending message io.apicurio.tests.common.serdes.json.ValidMessage@2f549a15 to topic topic-7419408f_3239_42ec_a4a8_e88377cb27e9
2025-07-31 02:22:12,744 INFO  [io.api.tes.ser.api.KafkaSerdesTester] (Thread-238) Sending message io.apicurio.tests.common.serdes.json.ValidMessage@2bf910f4 to topic topic-7419408f_3239_42ec_a4a8_e88377cb27e9
2025-07-31 02:22:12,749 INFO  [io.api.tes.ser.api.KafkaSerdesTester] (Thread-238) Produced 10 messages
2025-07-31 02:22:12,749 INFO  [org.apa.kaf.cli.pro.KafkaProducer] (Thread-238) [Producer clientId=Producer-topic-7419408f_3239_42ec_a4a8_e88377cb27e9] Closing the Kafka producer with timeoutMillis = 9223372036854775807 ms.
2025-07-31 02:22:12,752 INFO  [org.apa.kaf.com.met.Metrics] (Thread-238) Metrics scheduler closed
2025-07-31 02:22:12,752 INFO  [org.apa.kaf.com.met.Metrics] (Thread-238) Closing reporter org.apache.kafka.common.metrics.JmxReporter
2025-07-31 02:22:12,752 INFO  [org.apa.kaf.com.met.Metrics] (Thread-238) Closing reporter org.apache.kafka.common.telemetry.internals.ClientTelemetryReporter
2025-07-31 02:22:12,752 INFO  [org.apa.kaf.com.met.Metrics] (Thread-238) Metrics reporters closed
2025-07-31 02:22:12,752 INFO  [org.apa.kaf.com.uti.AppInfoParser] (Thread-238) App info kafka.producer for Producer-topic-7419408f_3239_42ec_a4a8_e88377cb27e9 unregistered
2025-07-31 02:22:12,755 INFO  [org.apa.kaf.cli.con.ConsumerConfig] (main) ConsumerConfig values: 
	allow.auto.create.topics = true
	auto.commit.interval.ms = 500
	auto.include.jmx.reporter = true
	auto.offset.reset = earliest
	bootstrap.servers = [PLAINTEXT://localhost:32770]
	check.crcs = true
	client.dns.lookup = use_all_dns_ips
	client.id = consumer-Consumer-topic-7419408f_3239_42ec_a4a8_e88377cb27e9-16
	client.rack = 
	connections.max.idle.ms = 10000
	default.api.timeout.ms = 60000
	enable.auto.commit = true
	enable.metrics.push = true
	exclude.internal.topics = true
	fetch.max.bytes = 52428800
	fetch.max.wait.ms = 500
	fetch.min.bytes = 1
	group.id = Consumer-topic-7419408f_3239_42ec_a4a8_e88377cb27e9
	group.instance.id = null
	group.protocol = classic
	group.remote.assignor = null
	heartbeat.interval.ms = 3000
	interceptor.classes = []
	internal.leave.group.on.close = true
	internal.throw.on.fetch.stable.offset.unsupported = false
	isolation.level = read_uncommitted
	key.deserializer = class org.apache.kafka.common.serialization.StringDeserializer
	max.partition.fetch.bytes = 1048576
	max.poll.interval.ms = 300000
	max.poll.records = 500
	metadata.max.age.ms = 300000
	metadata.recovery.strategy = none
	metric.reporters = []
	metrics.num.samples = 2
	metrics.recording.level = INFO
	metrics.sample.window.ms = 30000
	partition.assignment.strategy = [class org.apache.kafka.clients.consumer.RangeAssignor, class org.apache.kafka.clients.consumer.CooperativeStickyAssignor]
	receive.buffer.bytes = 65536
	reconnect.backoff.max.ms = 1000
	reconnect.backoff.ms = 50
	request.timeout.ms = 5000
	retry.backoff.max.ms = 1000
	retry.backoff.ms = 100
	sasl.client.callback.handler.class = null
	sasl.jaas.config = null
	sasl.kerberos.kinit.cmd = /usr/bin/kinit
	sasl.kerberos.min.time.before.relogin = 60000
	sasl.kerberos.service.name = null
	sasl.kerberos.ticket.renew.jitter = 0.05
	sasl.kerberos.ticket.renew.window.factor = 0.8
	sasl.login.callback.handler.class = null
	sasl.login.class = null
	sasl.login.connect.timeout.ms = null
	sasl.login.read.timeout.ms = null
	sasl.login.refresh.buffer.seconds = 300
	sasl.login.refresh.min.period.seconds = 60
	sasl.login.refresh.window.factor = 0.8
	sasl.login.refresh.window.jitter = 0.05
	sasl.login.retry.backoff.max.ms = 10000
	sasl.login.retry.backoff.ms = 100
	sasl.mechanism = GSSAPI
	sasl.oauthbearer.clock.skew.seconds = 30
	sasl.oauthbearer.expected.audience = null
	sasl.oauthbearer.expected.issuer = null
	sasl.oauthbearer.header.urlencode = false
	sasl.oauthbearer.jwks.endpoint.refresh.ms = 3600000
	sasl.oauthbearer.jwks.endpoint.retry.backoff.max.ms = 10000
	sasl.oauthbearer.jwks.endpoint.retry.backoff.ms = 100
	sasl.oauthbearer.jwks.endpoint.url = null
	sasl.oauthbearer.scope.claim.name = scope
	sasl.oauthbearer.sub.claim.name = sub
	sasl.oauthbearer.token.endpoint.url = null
	security.protocol = PLAINTEXT
	security.providers = null
	send.buffer.bytes = 131072
	session.timeout.ms = 45000
	socket.connection.setup.timeout.max.ms = 30000
	socket.connection.setup.timeout.ms = 10000
	ssl.cipher.suites = null
	ssl.enabled.protocols = [TLSv1.2, TLSv1.3]
	ssl.endpoint.identification.algorithm = https
	ssl.engine.factory.class = null
	ssl.key.password = null
	ssl.keymanager.algorithm = SunX509
	ssl.keystore.certificate.chain = null
	ssl.keystore.key = null
	ssl.keystore.location = null
	ssl.keystore.password = null
	ssl.keystore.type = JKS
	ssl.protocol = TLSv1.3
	ssl.provider = null
	ssl.secure.random.implementation = null
	ssl.trustmanager.algorithm = PKIX
	ssl.truststore.certificates = null
	ssl.truststore.location = null
	ssl.truststore.password = null
	ssl.truststore.type = JKS
	value.deserializer = class io.apicurio.registry.serde.jsonschema.JsonSchemaKafkaDeserializer

2025-07-31 02:22:12,755 INFO  [org.apa.kaf.com.tel.int.KafkaMetricsCollector] (main) initializing Kafka metrics collector
2025-07-31 02:22:12,764 INFO  [org.apa.kaf.cli.con.ConsumerConfig] (main) These configurations '[apicurio.registry.url, apicurio.registry.headers.enabled]' were supplied but are not used yet.
2025-07-31 02:22:12,765 INFO  [org.apa.kaf.com.uti.AppInfoParser] (main) Kafka version: 3.9.0
2025-07-31 02:22:12,765 INFO  [org.apa.kaf.com.uti.AppInfoParser] (main) Kafka commitId: 84caaa6e9da06435
2025-07-31 02:22:12,765 INFO  [org.apa.kaf.com.uti.AppInfoParser] (main) Kafka startTimeMs: 1753928532764
2025-07-31 02:22:12,765 INFO  [org.apa.kaf.cli.con.int.ClassicKafkaConsumer] (Thread-241) [Consumer clientId=consumer-Consumer-topic-7419408f_3239_42ec_a4a8_e88377cb27e9-16, groupId=Consumer-topic-7419408f_3239_42ec_a4a8_e88377cb27e9] Subscribed to topic(s): topic-7419408f_3239_42ec_a4a8_e88377cb27e9
2025-07-31 02:22:12,770 INFO  [org.apa.kaf.cli.Metadata] (Thread-241) [Consumer clientId=consumer-Consumer-topic-7419408f_3239_42ec_a4a8_e88377cb27e9-16, groupId=Consumer-topic-7419408f_3239_42ec_a4a8_e88377cb27e9] Cluster ID: d3IyjYRDQrmXThhQeh46ug
2025-07-31 02:22:12,770 INFO  [org.apa.kaf.cli.con.int.ConsumerCoordinator] (Thread-241) [Consumer clientId=consumer-Consumer-topic-7419408f_3239_42ec_a4a8_e88377cb27e9-16, groupId=Consumer-topic-7419408f_3239_42ec_a4a8_e88377cb27e9] Discovered group coordinator localhost:32770 (id: 2147483647 rack: null)
2025-07-31 02:22:12,772 INFO  [org.apa.kaf.cli.con.int.ConsumerCoordinator] (Thread-241) [Consumer clientId=consumer-Consumer-topic-7419408f_3239_42ec_a4a8_e88377cb27e9-16, groupId=Consumer-topic-7419408f_3239_42ec_a4a8_e88377cb27e9] (Re-)joining group
2025-07-31 02:22:12,775 INFO  [org.apa.kaf.cli.con.int.ConsumerCoordinator] (Thread-241) [Consumer clientId=consumer-Consumer-topic-7419408f_3239_42ec_a4a8_e88377cb27e9-16, groupId=Consumer-topic-7419408f_3239_42ec_a4a8_e88377cb27e9] Request joining group due to: need to re-join with the given member-id: consumer-Consumer-topic-7419408f_3239_42ec_a4a8_e88377cb27e9-16-58c37fdf-3da2-4998-b332-f6182d8d0e26
2025-07-31 02:22:12,775 INFO  [org.apa.kaf.cli.con.int.ConsumerCoordinator] (Thread-241) [Consumer clientId=consumer-Consumer-topic-7419408f_3239_42ec_a4a8_e88377cb27e9-16, groupId=Consumer-topic-7419408f_3239_42ec_a4a8_e88377cb27e9] (Re-)joining group
2025-07-31 02:22:12,778 INFO  [org.apa.kaf.cli.con.int.ConsumerCoordinator] (Thread-241) [Consumer clientId=consumer-Consumer-topic-7419408f_3239_42ec_a4a8_e88377cb27e9-16, groupId=Consumer-topic-7419408f_3239_42ec_a4a8_e88377cb27e9] Successfully joined group with generation Generation{generationId=1, memberId='consumer-Consumer-topic-7419408f_3239_42ec_a4a8_e88377cb27e9-16-58c37fdf-3da2-4998-b332-f6182d8d0e26', protocol='range'}
2025-07-31 02:22:12,779 INFO  [org.apa.kaf.cli.con.int.ConsumerCoordinator] (Thread-241) [Consumer clientId=consumer-Consumer-topic-7419408f_3239_42ec_a4a8_e88377cb27e9-16, groupId=Consumer-topic-7419408f_3239_42ec_a4a8_e88377cb27e9] Finished assignment for group at generation 1: {consumer-Consumer-topic-7419408f_3239_42ec_a4a8_e88377cb27e9-16-58c37fdf-3da2-4998-b332-f6182d8d0e26=Assignment(partitions=[topic-7419408f_3239_42ec_a4a8_e88377cb27e9-0])}
2025-07-31 02:22:12,782 INFO  [org.apa.kaf.cli.con.int.ConsumerCoordinator] (Thread-241) [Consumer clientId=consumer-Consumer-topic-7419408f_3239_42ec_a4a8_e88377cb27e9-16, groupId=Consumer-topic-7419408f_3239_42ec_a4a8_e88377cb27e9] Successfully synced group in generation Generation{generationId=1, memberId='consumer-Consumer-topic-7419408f_3239_42ec_a4a8_e88377cb27e9-16-58c37fdf-3da2-4998-b332-f6182d8d0e26', protocol='range'}
2025-07-31 02:22:12,782 INFO  [org.apa.kaf.cli.con.int.ConsumerCoordinator] (Thread-241) [Consumer clientId=consumer-Consumer-topic-7419408f_3239_42ec_a4a8_e88377cb27e9-16, groupId=Consumer-topic-7419408f_3239_42ec_a4a8_e88377cb27e9] Notifying assignor about the new Assignment(partitions=[topic-7419408f_3239_42ec_a4a8_e88377cb27e9-0])
2025-07-31 02:22:12,783 INFO  [org.apa.kaf.cli.con.int.ConsumerRebalanceListenerInvoker] (Thread-241) [Consumer clientId=consumer-Consumer-topic-7419408f_3239_42ec_a4a8_e88377cb27e9-16, groupId=Consumer-topic-7419408f_3239_42ec_a4a8_e88377cb27e9] Adding newly assigned partitions: topic-7419408f_3239_42ec_a4a8_e88377cb27e9-0
2025-07-31 02:22:12,786 INFO  [org.apa.kaf.cli.con.int.ConsumerCoordinator] (Thread-241) [Consumer clientId=consumer-Consumer-topic-7419408f_3239_42ec_a4a8_e88377cb27e9-16, groupId=Consumer-topic-7419408f_3239_42ec_a4a8_e88377cb27e9] Found no committed offset for partition topic-7419408f_3239_42ec_a4a8_e88377cb27e9-0
2025-07-31 02:22:12,792 INFO  [org.apa.kaf.cli.con.int.SubscriptionState] (Thread-241) [Consumer clientId=consumer-Consumer-topic-7419408f_3239_42ec_a4a8_e88377cb27e9-16, groupId=Consumer-topic-7419408f_3239_42ec_a4a8_e88377cb27e9] Resetting offset for partition topic-7419408f_3239_42ec_a4a8_e88377cb27e9-0 to position FetchPosition{offset=0, offsetEpoch=Optional.empty, currentLeader=LeaderAndEpoch{leader=Optional[localhost:32770 (id: 0 rack: null)], epoch=0}}.
2025-07-31 02:22:12,842 INFO  [io.api.tes.ser.api.KafkaSerdesTester] (Thread-241) topic-7419408f_3239_42ec_a4a8_e88377cb27e9 0 0 io.apicurio.tests.common.serdes.json.ValidMessage@16dbdaa4
2025-07-31 02:22:12,842 INFO  [io.api.tes.ser.api.KafkaSerdesTester] (Thread-241) topic-7419408f_3239_42ec_a4a8_e88377cb27e9 0 1 io.apicurio.tests.common.serdes.json.ValidMessage@14325311
2025-07-31 02:22:12,842 INFO  [io.api.tes.ser.api.KafkaSerdesTester] (Thread-241) topic-7419408f_3239_42ec_a4a8_e88377cb27e9 0 2 io.apicurio.tests.common.serdes.json.ValidMessage@39eeb81f
2025-07-31 02:22:12,842 INFO  [io.api.tes.ser.api.KafkaSerdesTester] (Thread-241) topic-7419408f_3239_42ec_a4a8_e88377cb27e9 0 3 io.apicurio.tests.common.serdes.json.ValidMessage@63dda09c
2025-07-31 02:22:12,842 INFO  [io.api.tes.ser.api.KafkaSerdesTester] (Thread-241) topic-7419408f_3239_42ec_a4a8_e88377cb27e9 0 4 io.apicurio.tests.common.serdes.json.ValidMessage@2b1b58b9
2025-07-31 02:22:12,842 INFO  [io.api.tes.ser.api.KafkaSerdesTester] (Thread-241) topic-7419408f_3239_42ec_a4a8_e88377cb27e9 0 5 io.apicurio.tests.common.serdes.json.ValidMessage@2d373c10
2025-07-31 02:22:12,842 INFO  [io.api.tes.ser.api.KafkaSerdesTester] (Thread-241) topic-7419408f_3239_42ec_a4a8_e88377cb27e9 0 6 io.apicurio.tests.common.serdes.json.ValidMessage@61d557e9
2025-07-31 02:22:12,842 INFO  [io.api.tes.ser.api.KafkaSerdesTester] (Thread-241) topic-7419408f_3239_42ec_a4a8_e88377cb27e9 0 7 io.apicurio.tests.common.serdes.json.ValidMessage@6f82d20f
2025-07-31 02:22:12,843 INFO  [io.api.tes.ser.api.KafkaSerdesTester] (Thread-241) topic-7419408f_3239_42ec_a4a8_e88377cb27e9 0 8 io.apicurio.tests.common.serdes.json.ValidMessage@1e2d91d6
2025-07-31 02:22:12,843 INFO  [io.api.tes.ser.api.KafkaSerdesTester] (Thread-241) topic-7419408f_3239_42ec_a4a8_e88377cb27e9 0 9 io.apicurio.tests.common.serdes.json.ValidMessage@a6ef9bf
2025-07-31 02:22:12,843 INFO  [io.api.tes.ser.api.KafkaSerdesTester] (Thread-241) Consumed 10 messages
2025-07-31 02:22:12,845 INFO  [org.apa.kaf.cli.con.int.ConsumerRebalanceListenerInvoker] (Thread-241) [Consumer clientId=consumer-Consumer-topic-7419408f_3239_42ec_a4a8_e88377cb27e9-16, groupId=Consumer-topic-7419408f_3239_42ec_a4a8_e88377cb27e9] Revoke previously assigned partitions topic-7419408f_3239_42ec_a4a8_e88377cb27e9-0
2025-07-31 02:22:12,845 INFO  [org.apa.kaf.cli.con.int.ConsumerCoordinator] (Thread-241) [Consumer clientId=consumer-Consumer-topic-7419408f_3239_42ec_a4a8_e88377cb27e9-16, groupId=Consumer-topic-7419408f_3239_42ec_a4a8_e88377cb27e9] Member consumer-Consumer-topic-7419408f_3239_42ec_a4a8_e88377cb27e9-16-58c37fdf-3da2-4998-b332-f6182d8d0e26 sending LeaveGroup request to coordinator localhost:32770 (id: 2147483647 rack: null) due to the consumer is being closed
2025-07-31 02:22:12,845 INFO  [org.apa.kaf.cli.con.int.ConsumerCoordinator] (Thread-241) [Consumer clientId=consumer-Consumer-topic-7419408f_3239_42ec_a4a8_e88377cb27e9-16, groupId=Consumer-topic-7419408f_3239_42ec_a4a8_e88377cb27e9] Resetting generation and member id due to: consumer pro-actively leaving the group
2025-07-31 02:22:12,845 INFO  [org.apa.kaf.cli.con.int.ConsumerCoordinator] (Thread-241) [Consumer clientId=consumer-Consumer-topic-7419408f_3239_42ec_a4a8_e88377cb27e9-16, groupId=Consumer-topic-7419408f_3239_42ec_a4a8_e88377cb27e9] Request joining group due to: consumer pro-actively leaving the group
2025-07-31 02:22:13,345 INFO  [org.apa.kaf.com.met.Metrics] (Thread-241) Metrics scheduler closed
2025-07-31 02:22:13,346 INFO  [org.apa.kaf.com.met.Metrics] (Thread-241) Closing reporter org.apache.kafka.common.metrics.JmxReporter
2025-07-31 02:22:13,346 INFO  [org.apa.kaf.com.met.Metrics] (Thread-241) Closing reporter org.apache.kafka.common.telemetry.internals.ClientTelemetryReporter
2025-07-31 02:22:13,346 INFO  [org.apa.kaf.com.met.Metrics] (Thread-241) Metrics reporters closed
2025-07-31 02:22:13,347 INFO  [org.apa.kaf.com.uti.AppInfoParser] (Thread-241) App info kafka.consumer for consumer-Consumer-topic-7419408f_3239_42ec_a4a8_e88377cb27e9-16 unregistered
2025-07-31 02:22:13,349 INFO  [io.api.tes.uti.TestSeparator] (main) io.apicurio.tests.serdes.apicurio.JsonSchemaSerdeIT.testSimpleTopicIdStrategyFindLatest-FINISHED
2025-07-31 02:22:13,349 INFO  [io.api.tes.uti.TestSeparator] (main) ############################################################################
]]></system-out>
  </testcase>
  <testcase name="testDefaultFallback" classname="io.apicurio.tests.serdes.apicurio.JsonSchemaSerdeIT" time="1.665">
    <system-out><![CDATA[2025-07-31 02:22:13,352 INFO  [io.api.tes.uti.TestSeparator] (main) ############################################################################
2025-07-31 02:22:13,352 INFO  [io.api.tes.uti.TestSeparator] (main) io.apicurio.tests.serdes.apicurio.JsonSchemaSerdeIT.testDefaultFallback-STARTED
2025-07-31 02:22:14,398 INFO  [org.apa.kaf.cli.pro.ProducerConfig] (main) ProducerConfig values: 
	acks = -1
	auto.include.jmx.reporter = true
	batch.size = 16384
	bootstrap.servers = [PLAINTEXT://localhost:32770]
	buffer.memory = 33554432
	client.dns.lookup = use_all_dns_ips
	client.id = Producer-topic-534ca1fe_965e_499d_b014_3f4f4701f51d
	compression.gzip.level = -1
	compression.lz4.level = 9
	compression.type = none
	compression.zstd.level = 3
	connections.max.idle.ms = 10000
	delivery.timeout.ms = 120000
	enable.idempotence = true
	enable.metrics.push = true
	interceptor.classes = []
	key.serializer = class org.apache.kafka.common.serialization.StringSerializer
	linger.ms = 0
	max.block.ms = 60000
	max.in.flight.requests.per.connection = 5
	max.request.size = 1048576
	metadata.max.age.ms = 300000
	metadata.max.idle.ms = 300000
	metadata.recovery.strategy = none
	metric.reporters = []
	metrics.num.samples = 2
	metrics.recording.level = INFO
	metrics.sample.window.ms = 30000
	partitioner.adaptive.partitioning.enable = true
	partitioner.availability.timeout.ms = 0
	partitioner.class = null
	partitioner.ignore.keys = false
	receive.buffer.bytes = 32768
	reconnect.backoff.max.ms = 1000
	reconnect.backoff.ms = 50
	request.timeout.ms = 5000
	retries = 2147483647
	retry.backoff.max.ms = 1000
	retry.backoff.ms = 100
	sasl.client.callback.handler.class = null
	sasl.jaas.config = null
	sasl.kerberos.kinit.cmd = /usr/bin/kinit
	sasl.kerberos.min.time.before.relogin = 60000
	sasl.kerberos.service.name = null
	sasl.kerberos.ticket.renew.jitter = 0.05
	sasl.kerberos.ticket.renew.window.factor = 0.8
	sasl.login.callback.handler.class = null
	sasl.login.class = null
	sasl.login.connect.timeout.ms = null
	sasl.login.read.timeout.ms = null
	sasl.login.refresh.buffer.seconds = 300
	sasl.login.refresh.min.period.seconds = 60
	sasl.login.refresh.window.factor = 0.8
	sasl.login.refresh.window.jitter = 0.05
	sasl.login.retry.backoff.max.ms = 10000
	sasl.login.retry.backoff.ms = 100
	sasl.mechanism = GSSAPI
	sasl.oauthbearer.clock.skew.seconds = 30
	sasl.oauthbearer.expected.audience = null
	sasl.oauthbearer.expected.issuer = null
	sasl.oauthbearer.header.urlencode = false
	sasl.oauthbearer.jwks.endpoint.refresh.ms = 3600000
	sasl.oauthbearer.jwks.endpoint.retry.backoff.max.ms = 10000
	sasl.oauthbearer.jwks.endpoint.retry.backoff.ms = 100
	sasl.oauthbearer.jwks.endpoint.url = null
	sasl.oauthbearer.scope.claim.name = scope
	sasl.oauthbearer.sub.claim.name = sub
	sasl.oauthbearer.token.endpoint.url = null
	security.protocol = PLAINTEXT
	security.providers = null
	send.buffer.bytes = 131072
	socket.connection.setup.timeout.max.ms = 30000
	socket.connection.setup.timeout.ms = 10000
	ssl.cipher.suites = null
	ssl.enabled.protocols = [TLSv1.2, TLSv1.3]
	ssl.endpoint.identification.algorithm = https
	ssl.engine.factory.class = null
	ssl.key.password = null
	ssl.keymanager.algorithm = SunX509
	ssl.keystore.certificate.chain = null
	ssl.keystore.key = null
	ssl.keystore.location = null
	ssl.keystore.password = null
	ssl.keystore.type = JKS
	ssl.protocol = TLSv1.3
	ssl.provider = null
	ssl.secure.random.implementation = null
	ssl.trustmanager.algorithm = PKIX
	ssl.truststore.certificates = null
	ssl.truststore.location = null
	ssl.truststore.password = null
	ssl.truststore.type = JKS
	transaction.timeout.ms = 60000
	transactional.id = null
	value.serializer = class org.apache.kafka.connect.json.JsonSerializer

2025-07-31 02:22:14,398 INFO  [org.apa.kaf.com.tel.int.KafkaMetricsCollector] (main) initializing Kafka metrics collector
2025-07-31 02:22:14,399 INFO  [org.apa.kaf.cli.pro.KafkaProducer] (main) [Producer clientId=Producer-topic-534ca1fe_965e_499d_b014_3f4f4701f51d] Instantiated an idempotent producer.
2025-07-31 02:22:14,400 INFO  [org.apa.kaf.cli.pro.ProducerConfig] (main) These configurations '[apicurio.registry.url, apicurio.registry.artifact-resolver-strategy]' were supplied but are not used yet.
2025-07-31 02:22:14,400 INFO  [org.apa.kaf.com.uti.AppInfoParser] (main) Kafka version: 3.9.0
2025-07-31 02:22:14,400 INFO  [org.apa.kaf.com.uti.AppInfoParser] (main) Kafka commitId: 84caaa6e9da06435
2025-07-31 02:22:14,400 INFO  [org.apa.kaf.com.uti.AppInfoParser] (main) Kafka startTimeMs: 1753928534400
2025-07-31 02:22:14,400 INFO  [io.api.tes.ser.api.SimpleSerdesTesterBuilder$SimpleSerdesTester] (main) Using producer configuration: {apicurio.registry.url=http://registry-app-postgresql.apps.ci419.apicurio-testing.org:80/apis/registry/v3, apicurio.registry.artifact-resolver-strategy=io.apicurio.registry.serde.strategy.SimpleTopicIdStrategy, value.serializer=org.apache.kafka.connect.json.JsonSerializer, request.timeout.ms=5000, acks=all, bootstrap.servers=PLAINTEXT://localhost:32770, connections.max.idle.ms=10000, key.serializer=org.apache.kafka.common.serialization.StringSerializer, client.id=Producer-topic-534ca1fe_965e_499d_b014_3f4f4701f51d}
2025-07-31 02:22:14,400 INFO  [io.api.tes.ser.api.SimpleSerdesTesterBuilder$SimpleSerdesTester] (main) Using consumer configuration: {apicurio.registry.deserializer.value.return-class=io.apicurio.tests.common.serdes.json.ValidMessage, apicurio.registry.fallback.group-id=s879cb0ffx978ex448ex9082x52c78853d1d6, apicurio.registry.fallback.artifact-id=s68b1d7b4x4c98x4addx8fc4x8c2ae2d9d04c}
2025-07-31 02:22:14,402 INFO  [io.api.tes.ser.api.KafkaSerdesTester] (Thread-242) Sending message {"message":"Hello 0","time":1753928534401} to topic topic-534ca1fe_965e_499d_b014_3f4f4701f51d
2025-07-31 02:22:14,405 INFO  [org.apa.kaf.cli.Metadata] (kafka-producer-network-thread | Producer-topic-534ca1fe_965e_499d_b014_3f4f4701f51d) [Producer clientId=Producer-topic-534ca1fe_965e_499d_b014_3f4f4701f51d] Cluster ID: d3IyjYRDQrmXThhQeh46ug
2025-07-31 02:22:14,405 INFO  [org.apa.kaf.cli.pro.int.TransactionManager] (kafka-producer-network-thread | Producer-topic-534ca1fe_965e_499d_b014_3f4f4701f51d) [Producer clientId=Producer-topic-534ca1fe_965e_499d_b014_3f4f4701f51d] ProducerId set to 22 with epoch 0
2025-07-31 02:22:14,411 INFO  [io.api.tes.ser.api.KafkaSerdesTester] (Thread-242) Sending message {"message":"Hello 1","time":1753928534410} to topic topic-534ca1fe_965e_499d_b014_3f4f4701f51d
2025-07-31 02:22:14,413 INFO  [io.api.tes.ser.api.KafkaSerdesTester] (Thread-242) Sending message {"message":"Hello 2","time":1753928534412} to topic topic-534ca1fe_965e_499d_b014_3f4f4701f51d
2025-07-31 02:22:14,416 INFO  [io.api.tes.ser.api.KafkaSerdesTester] (Thread-242) Sending message {"message":"Hello 3","time":1753928534416} to topic topic-534ca1fe_965e_499d_b014_3f4f4701f51d
2025-07-31 02:22:14,419 INFO  [io.api.tes.ser.api.KafkaSerdesTester] (Thread-242) Sending message {"message":"Hello 4","time":1753928534418} to topic topic-534ca1fe_965e_499d_b014_3f4f4701f51d
2025-07-31 02:22:14,422 INFO  [io.api.tes.ser.api.KafkaSerdesTester] (Thread-242) Sending message {"message":"Hello 5","time":1753928534421} to topic topic-534ca1fe_965e_499d_b014_3f4f4701f51d
2025-07-31 02:22:14,426 INFO  [io.api.tes.ser.api.KafkaSerdesTester] (Thread-242) Sending message {"message":"Hello 6","time":1753928534424} to topic topic-534ca1fe_965e_499d_b014_3f4f4701f51d
2025-07-31 02:22:14,428 INFO  [io.api.tes.ser.api.KafkaSerdesTester] (Thread-242) Sending message {"message":"Hello 7","time":1753928534428} to topic topic-534ca1fe_965e_499d_b014_3f4f4701f51d
2025-07-31 02:22:14,433 INFO  [io.api.tes.ser.api.KafkaSerdesTester] (Thread-242) Sending message {"message":"Hello 8","time":1753928534432} to topic topic-534ca1fe_965e_499d_b014_3f4f4701f51d
2025-07-31 02:22:14,435 INFO  [io.api.tes.ser.api.KafkaSerdesTester] (Thread-242) Sending message {"message":"Hello 9","time":1753928534435} to topic topic-534ca1fe_965e_499d_b014_3f4f4701f51d
2025-07-31 02:22:14,438 INFO  [io.api.tes.ser.api.KafkaSerdesTester] (Thread-242) Produced 10 messages
2025-07-31 02:22:14,438 INFO  [org.apa.kaf.cli.pro.KafkaProducer] (Thread-242) [Producer clientId=Producer-topic-534ca1fe_965e_499d_b014_3f4f4701f51d] Closing the Kafka producer with timeoutMillis = 9223372036854775807 ms.
2025-07-31 02:22:14,440 INFO  [org.apa.kaf.com.met.Metrics] (Thread-242) Metrics scheduler closed
2025-07-31 02:22:14,440 INFO  [org.apa.kaf.com.met.Metrics] (Thread-242) Closing reporter org.apache.kafka.common.metrics.JmxReporter
2025-07-31 02:22:14,440 INFO  [org.apa.kaf.com.met.Metrics] (Thread-242) Closing reporter org.apache.kafka.common.telemetry.internals.ClientTelemetryReporter
2025-07-31 02:22:14,441 INFO  [org.apa.kaf.com.met.Metrics] (Thread-242) Metrics reporters closed
2025-07-31 02:22:14,441 INFO  [org.apa.kaf.com.uti.AppInfoParser] (Thread-242) App info kafka.producer for Producer-topic-534ca1fe_965e_499d_b014_3f4f4701f51d unregistered
2025-07-31 02:22:14,441 INFO  [org.apa.kaf.cli.con.ConsumerConfig] (main) ConsumerConfig values: 
	allow.auto.create.topics = true
	auto.commit.interval.ms = 500
	auto.include.jmx.reporter = true
	auto.offset.reset = earliest
	bootstrap.servers = [PLAINTEXT://localhost:32770]
	check.crcs = true
	client.dns.lookup = use_all_dns_ips
	client.id = consumer-Consumer-topic-534ca1fe_965e_499d_b014_3f4f4701f51d-17
	client.rack = 
	connections.max.idle.ms = 10000
	default.api.timeout.ms = 60000
	enable.auto.commit = true
	enable.metrics.push = true
	exclude.internal.topics = true
	fetch.max.bytes = 52428800
	fetch.max.wait.ms = 500
	fetch.min.bytes = 1
	group.id = Consumer-topic-534ca1fe_965e_499d_b014_3f4f4701f51d
	group.instance.id = null
	group.protocol = classic
	group.remote.assignor = null
	heartbeat.interval.ms = 3000
	interceptor.classes = []
	internal.leave.group.on.close = true
	internal.throw.on.fetch.stable.offset.unsupported = false
	isolation.level = read_uncommitted
	key.deserializer = class org.apache.kafka.common.serialization.StringDeserializer
	max.partition.fetch.bytes = 1048576
	max.poll.interval.ms = 300000
	max.poll.records = 500
	metadata.max.age.ms = 300000
	metadata.recovery.strategy = none
	metric.reporters = []
	metrics.num.samples = 2
	metrics.recording.level = INFO
	metrics.sample.window.ms = 30000
	partition.assignment.strategy = [class org.apache.kafka.clients.consumer.RangeAssignor, class org.apache.kafka.clients.consumer.CooperativeStickyAssignor]
	receive.buffer.bytes = 65536
	reconnect.backoff.max.ms = 1000
	reconnect.backoff.ms = 50
	request.timeout.ms = 5000
	retry.backoff.max.ms = 1000
	retry.backoff.ms = 100
	sasl.client.callback.handler.class = null
	sasl.jaas.config = null
	sasl.kerberos.kinit.cmd = /usr/bin/kinit
	sasl.kerberos.min.time.before.relogin = 60000
	sasl.kerberos.service.name = null
	sasl.kerberos.ticket.renew.jitter = 0.05
	sasl.kerberos.ticket.renew.window.factor = 0.8
	sasl.login.callback.handler.class = null
	sasl.login.class = null
	sasl.login.connect.timeout.ms = null
	sasl.login.read.timeout.ms = null
	sasl.login.refresh.buffer.seconds = 300
	sasl.login.refresh.min.period.seconds = 60
	sasl.login.refresh.window.factor = 0.8
	sasl.login.refresh.window.jitter = 0.05
	sasl.login.retry.backoff.max.ms = 10000
	sasl.login.retry.backoff.ms = 100
	sasl.mechanism = GSSAPI
	sasl.oauthbearer.clock.skew.seconds = 30
	sasl.oauthbearer.expected.audience = null
	sasl.oauthbearer.expected.issuer = null
	sasl.oauthbearer.header.urlencode = false
	sasl.oauthbearer.jwks.endpoint.refresh.ms = 3600000
	sasl.oauthbearer.jwks.endpoint.retry.backoff.max.ms = 10000
	sasl.oauthbearer.jwks.endpoint.retry.backoff.ms = 100
	sasl.oauthbearer.jwks.endpoint.url = null
	sasl.oauthbearer.scope.claim.name = scope
	sasl.oauthbearer.sub.claim.name = sub
	sasl.oauthbearer.token.endpoint.url = null
	security.protocol = PLAINTEXT
	security.providers = null
	send.buffer.bytes = 131072
	session.timeout.ms = 45000
	socket.connection.setup.timeout.max.ms = 30000
	socket.connection.setup.timeout.ms = 10000
	ssl.cipher.suites = null
	ssl.enabled.protocols = [TLSv1.2, TLSv1.3]
	ssl.endpoint.identification.algorithm = https
	ssl.engine.factory.class = null
	ssl.key.password = null
	ssl.keymanager.algorithm = SunX509
	ssl.keystore.certificate.chain = null
	ssl.keystore.key = null
	ssl.keystore.location = null
	ssl.keystore.password = null
	ssl.keystore.type = JKS
	ssl.protocol = TLSv1.3
	ssl.provider = null
	ssl.secure.random.implementation = null
	ssl.trustmanager.algorithm = PKIX
	ssl.truststore.certificates = null
	ssl.truststore.location = null
	ssl.truststore.password = null
	ssl.truststore.type = JKS
	value.deserializer = class io.apicurio.registry.serde.jsonschema.JsonSchemaKafkaDeserializer

2025-07-31 02:22:14,441 INFO  [org.apa.kaf.com.tel.int.KafkaMetricsCollector] (main) initializing Kafka metrics collector
2025-07-31 02:22:14,447 INFO  [org.apa.kaf.cli.con.ConsumerConfig] (main) These configurations '[apicurio.registry.deserializer.value.return-class, apicurio.registry.fallback.artifact-id, apicurio.registry.url, apicurio.registry.fallback.group-id]' were supplied but are not used yet.
2025-07-31 02:22:14,447 INFO  [org.apa.kaf.com.uti.AppInfoParser] (main) Kafka version: 3.9.0
2025-07-31 02:22:14,447 INFO  [org.apa.kaf.com.uti.AppInfoParser] (main) Kafka commitId: 84caaa6e9da06435
2025-07-31 02:22:14,447 INFO  [org.apa.kaf.com.uti.AppInfoParser] (main) Kafka startTimeMs: 1753928534447
2025-07-31 02:22:14,447 INFO  [org.apa.kaf.cli.con.int.ClassicKafkaConsumer] (Thread-245) [Consumer clientId=consumer-Consumer-topic-534ca1fe_965e_499d_b014_3f4f4701f51d-17, groupId=Consumer-topic-534ca1fe_965e_499d_b014_3f4f4701f51d] Subscribed to topic(s): topic-534ca1fe_965e_499d_b014_3f4f4701f51d
2025-07-31 02:22:14,453 INFO  [org.apa.kaf.cli.Metadata] (Thread-245) [Consumer clientId=consumer-Consumer-topic-534ca1fe_965e_499d_b014_3f4f4701f51d-17, groupId=Consumer-topic-534ca1fe_965e_499d_b014_3f4f4701f51d] Cluster ID: d3IyjYRDQrmXThhQeh46ug
2025-07-31 02:22:14,454 INFO  [org.apa.kaf.cli.con.int.ConsumerCoordinator] (Thread-245) [Consumer clientId=consumer-Consumer-topic-534ca1fe_965e_499d_b014_3f4f4701f51d-17, groupId=Consumer-topic-534ca1fe_965e_499d_b014_3f4f4701f51d] Discovered group coordinator localhost:32770 (id: 2147483647 rack: null)
2025-07-31 02:22:14,456 INFO  [org.apa.kaf.cli.con.int.ConsumerCoordinator] (Thread-245) [Consumer clientId=consumer-Consumer-topic-534ca1fe_965e_499d_b014_3f4f4701f51d-17, groupId=Consumer-topic-534ca1fe_965e_499d_b014_3f4f4701f51d] (Re-)joining group
2025-07-31 02:22:14,458 INFO  [org.apa.kaf.cli.con.int.ConsumerCoordinator] (Thread-245) [Consumer clientId=consumer-Consumer-topic-534ca1fe_965e_499d_b014_3f4f4701f51d-17, groupId=Consumer-topic-534ca1fe_965e_499d_b014_3f4f4701f51d] Request joining group due to: need to re-join with the given member-id: consumer-Consumer-topic-534ca1fe_965e_499d_b014_3f4f4701f51d-17-73ef9902-fe19-482a-a5b5-aee87c89b8e5
2025-07-31 02:22:14,458 INFO  [org.apa.kaf.cli.con.int.ConsumerCoordinator] (Thread-245) [Consumer clientId=consumer-Consumer-topic-534ca1fe_965e_499d_b014_3f4f4701f51d-17, groupId=Consumer-topic-534ca1fe_965e_499d_b014_3f4f4701f51d] (Re-)joining group
2025-07-31 02:22:14,460 INFO  [org.apa.kaf.cli.con.int.ConsumerCoordinator] (Thread-245) [Consumer clientId=consumer-Consumer-topic-534ca1fe_965e_499d_b014_3f4f4701f51d-17, groupId=Consumer-topic-534ca1fe_965e_499d_b014_3f4f4701f51d] Successfully joined group with generation Generation{generationId=1, memberId='consumer-Consumer-topic-534ca1fe_965e_499d_b014_3f4f4701f51d-17-73ef9902-fe19-482a-a5b5-aee87c89b8e5', protocol='range'}
2025-07-31 02:22:14,461 INFO  [org.apa.kaf.cli.con.int.ConsumerCoordinator] (Thread-245) [Consumer clientId=consumer-Consumer-topic-534ca1fe_965e_499d_b014_3f4f4701f51d-17, groupId=Consumer-topic-534ca1fe_965e_499d_b014_3f4f4701f51d] Finished assignment for group at generation 1: {consumer-Consumer-topic-534ca1fe_965e_499d_b014_3f4f4701f51d-17-73ef9902-fe19-482a-a5b5-aee87c89b8e5=Assignment(partitions=[topic-534ca1fe_965e_499d_b014_3f4f4701f51d-0])}
2025-07-31 02:22:14,463 INFO  [org.apa.kaf.cli.con.int.ConsumerCoordinator] (kafka-coordinator-heartbeat-thread | Consumer-topic-534ca1fe_965e_499d_b014_3f4f4701f51d) [Consumer clientId=consumer-Consumer-topic-534ca1fe_965e_499d_b014_3f4f4701f51d-17, groupId=Consumer-topic-534ca1fe_965e_499d_b014_3f4f4701f51d] Successfully synced group in generation Generation{generationId=1, memberId='consumer-Consumer-topic-534ca1fe_965e_499d_b014_3f4f4701f51d-17-73ef9902-fe19-482a-a5b5-aee87c89b8e5', protocol='range'}
2025-07-31 02:22:14,463 INFO  [org.apa.kaf.cli.con.int.ConsumerCoordinator] (Thread-245) [Consumer clientId=consumer-Consumer-topic-534ca1fe_965e_499d_b014_3f4f4701f51d-17, groupId=Consumer-topic-534ca1fe_965e_499d_b014_3f4f4701f51d] Notifying assignor about the new Assignment(partitions=[topic-534ca1fe_965e_499d_b014_3f4f4701f51d-0])
2025-07-31 02:22:14,463 INFO  [org.apa.kaf.cli.con.int.ConsumerRebalanceListenerInvoker] (Thread-245) [Consumer clientId=consumer-Consumer-topic-534ca1fe_965e_499d_b014_3f4f4701f51d-17, groupId=Consumer-topic-534ca1fe_965e_499d_b014_3f4f4701f51d] Adding newly assigned partitions: topic-534ca1fe_965e_499d_b014_3f4f4701f51d-0
2025-07-31 02:22:14,465 INFO  [org.apa.kaf.cli.con.int.ConsumerCoordinator] (Thread-245) [Consumer clientId=consumer-Consumer-topic-534ca1fe_965e_499d_b014_3f4f4701f51d-17, groupId=Consumer-topic-534ca1fe_965e_499d_b014_3f4f4701f51d] Found no committed offset for partition topic-534ca1fe_965e_499d_b014_3f4f4701f51d-0
2025-07-31 02:22:14,469 INFO  [org.apa.kaf.cli.con.int.SubscriptionState] (Thread-245) [Consumer clientId=consumer-Consumer-topic-534ca1fe_965e_499d_b014_3f4f4701f51d-17, groupId=Consumer-topic-534ca1fe_965e_499d_b014_3f4f4701f51d] Resetting offset for partition topic-534ca1fe_965e_499d_b014_3f4f4701f51d-0 to position FetchPosition{offset=0, offsetEpoch=Optional.empty, currentLeader=LeaderAndEpoch{leader=Optional[localhost:32770 (id: 0 rack: null)], epoch=0}}.
2025-07-31 02:22:14,508 INFO  [io.api.tes.ser.api.KafkaSerdesTester] (Thread-245) topic-534ca1fe_965e_499d_b014_3f4f4701f51d 0 0 io.apicurio.tests.common.serdes.json.ValidMessage@1b2236b0
2025-07-31 02:22:14,508 INFO  [io.api.tes.ser.api.KafkaSerdesTester] (Thread-245) topic-534ca1fe_965e_499d_b014_3f4f4701f51d 0 1 io.apicurio.tests.common.serdes.json.ValidMessage@5bf89685
2025-07-31 02:22:14,508 INFO  [io.api.tes.ser.api.KafkaSerdesTester] (Thread-245) topic-534ca1fe_965e_499d_b014_3f4f4701f51d 0 2 io.apicurio.tests.common.serdes.json.ValidMessage@33dfad6
2025-07-31 02:22:14,508 INFO  [io.api.tes.ser.api.KafkaSerdesTester] (Thread-245) topic-534ca1fe_965e_499d_b014_3f4f4701f51d 0 3 io.apicurio.tests.common.serdes.json.ValidMessage@5b9fed53
2025-07-31 02:22:14,508 INFO  [io.api.tes.ser.api.KafkaSerdesTester] (Thread-245) topic-534ca1fe_965e_499d_b014_3f4f4701f51d 0 4 io.apicurio.tests.common.serdes.json.ValidMessage@5182c726
2025-07-31 02:22:14,508 INFO  [io.api.tes.ser.api.KafkaSerdesTester] (Thread-245) topic-534ca1fe_965e_499d_b014_3f4f4701f51d 0 5 io.apicurio.tests.common.serdes.json.ValidMessage@4e512f2d
2025-07-31 02:22:14,508 INFO  [io.api.tes.ser.api.KafkaSerdesTester] (Thread-245) topic-534ca1fe_965e_499d_b014_3f4f4701f51d 0 6 io.apicurio.tests.common.serdes.json.ValidMessage@2256877b
2025-07-31 02:22:14,508 INFO  [io.api.tes.ser.api.KafkaSerdesTester] (Thread-245) topic-534ca1fe_965e_499d_b014_3f4f4701f51d 0 7 io.apicurio.tests.common.serdes.json.ValidMessage@6071317
2025-07-31 02:22:14,508 INFO  [io.api.tes.ser.api.KafkaSerdesTester] (Thread-245) topic-534ca1fe_965e_499d_b014_3f4f4701f51d 0 8 io.apicurio.tests.common.serdes.json.ValidMessage@417b5f06
2025-07-31 02:22:14,508 INFO  [io.api.tes.ser.api.KafkaSerdesTester] (Thread-245) topic-534ca1fe_965e_499d_b014_3f4f4701f51d 0 9 io.apicurio.tests.common.serdes.json.ValidMessage@6942843
2025-07-31 02:22:14,508 INFO  [io.api.tes.ser.api.KafkaSerdesTester] (Thread-245) Consumed 10 messages
2025-07-31 02:22:14,513 INFO  [org.apa.kaf.cli.con.int.ConsumerRebalanceListenerInvoker] (Thread-245) [Consumer clientId=consumer-Consumer-topic-534ca1fe_965e_499d_b014_3f4f4701f51d-17, groupId=Consumer-topic-534ca1fe_965e_499d_b014_3f4f4701f51d] Revoke previously assigned partitions topic-534ca1fe_965e_499d_b014_3f4f4701f51d-0
2025-07-31 02:22:14,513 INFO  [org.apa.kaf.cli.con.int.ConsumerCoordinator] (Thread-245) [Consumer clientId=consumer-Consumer-topic-534ca1fe_965e_499d_b014_3f4f4701f51d-17, groupId=Consumer-topic-534ca1fe_965e_499d_b014_3f4f4701f51d] Member consumer-Consumer-topic-534ca1fe_965e_499d_b014_3f4f4701f51d-17-73ef9902-fe19-482a-a5b5-aee87c89b8e5 sending LeaveGroup request to coordinator localhost:32770 (id: 2147483647 rack: null) due to the consumer is being closed
2025-07-31 02:22:14,514 INFO  [org.apa.kaf.cli.con.int.ConsumerCoordinator] (Thread-245) [Consumer clientId=consumer-Consumer-topic-534ca1fe_965e_499d_b014_3f4f4701f51d-17, groupId=Consumer-topic-534ca1fe_965e_499d_b014_3f4f4701f51d] Resetting generation and member id due to: consumer pro-actively leaving the group
2025-07-31 02:22:14,514 INFO  [org.apa.kaf.cli.con.int.ConsumerCoordinator] (Thread-245) [Consumer clientId=consumer-Consumer-topic-534ca1fe_965e_499d_b014_3f4f4701f51d-17, groupId=Consumer-topic-534ca1fe_965e_499d_b014_3f4f4701f51d] Request joining group due to: consumer pro-actively leaving the group
2025-07-31 02:22:15,012 INFO  [org.apa.kaf.com.met.Metrics] (Thread-245) Metrics scheduler closed
2025-07-31 02:22:15,012 INFO  [org.apa.kaf.com.met.Metrics] (Thread-245) Closing reporter org.apache.kafka.common.metrics.JmxReporter
2025-07-31 02:22:15,012 INFO  [org.apa.kaf.com.met.Metrics] (Thread-245) Closing reporter org.apache.kafka.common.telemetry.internals.ClientTelemetryReporter
2025-07-31 02:22:15,012 INFO  [org.apa.kaf.com.met.Metrics] (Thread-245) Metrics reporters closed
2025-07-31 02:22:15,014 INFO  [org.apa.kaf.com.uti.AppInfoParser] (Thread-245) App info kafka.consumer for consumer-Consumer-topic-534ca1fe_965e_499d_b014_3f4f4701f51d-17 unregistered
2025-07-31 02:22:15,015 INFO  [io.api.tes.uti.TestSeparator] (main) io.apicurio.tests.serdes.apicurio.JsonSchemaSerdeIT.testDefaultFallback-FINISHED
2025-07-31 02:22:15,015 INFO  [io.api.tes.uti.TestSeparator] (main) ############################################################################
]]></system-out>
  </testcase>
  <testcase name="testWrongSchema" classname="io.apicurio.tests.serdes.apicurio.JsonSchemaSerdeIT" time="1.102">
    <system-out><![CDATA[2025-07-31 02:22:15,016 INFO  [io.api.tes.uti.TestSeparator] (main) ############################################################################
2025-07-31 02:22:15,016 INFO  [io.api.tes.uti.TestSeparator] (main) io.apicurio.tests.serdes.apicurio.JsonSchemaSerdeIT.testWrongSchema-STARTED
2025-07-31 02:22:16,074 INFO  [org.apa.kaf.cli.pro.ProducerConfig] (main) ProducerConfig values: 
	acks = -1
	auto.include.jmx.reporter = true
	batch.size = 16384
	bootstrap.servers = [PLAINTEXT://localhost:32770]
	buffer.memory = 33554432
	client.dns.lookup = use_all_dns_ips
	client.id = Producer-sbc420ffexea3cx42edx879dx779a2c95f9e5
	compression.gzip.level = -1
	compression.lz4.level = 9
	compression.type = none
	compression.zstd.level = 3
	connections.max.idle.ms = 10000
	delivery.timeout.ms = 120000
	enable.idempotence = true
	enable.metrics.push = true
	interceptor.classes = []
	key.serializer = class org.apache.kafka.common.serialization.StringSerializer
	linger.ms = 0
	max.block.ms = 60000
	max.in.flight.requests.per.connection = 5
	max.request.size = 1048576
	metadata.max.age.ms = 300000
	metadata.max.idle.ms = 300000
	metadata.recovery.strategy = none
	metric.reporters = []
	metrics.num.samples = 2
	metrics.recording.level = INFO
	metrics.sample.window.ms = 30000
	partitioner.adaptive.partitioning.enable = true
	partitioner.availability.timeout.ms = 0
	partitioner.class = null
	partitioner.ignore.keys = false
	receive.buffer.bytes = 32768
	reconnect.backoff.max.ms = 1000
	reconnect.backoff.ms = 50
	request.timeout.ms = 5000
	retries = 2147483647
	retry.backoff.max.ms = 1000
	retry.backoff.ms = 100
	sasl.client.callback.handler.class = null
	sasl.jaas.config = null
	sasl.kerberos.kinit.cmd = /usr/bin/kinit
	sasl.kerberos.min.time.before.relogin = 60000
	sasl.kerberos.service.name = null
	sasl.kerberos.ticket.renew.jitter = 0.05
	sasl.kerberos.ticket.renew.window.factor = 0.8
	sasl.login.callback.handler.class = null
	sasl.login.class = null
	sasl.login.connect.timeout.ms = null
	sasl.login.read.timeout.ms = null
	sasl.login.refresh.buffer.seconds = 300
	sasl.login.refresh.min.period.seconds = 60
	sasl.login.refresh.window.factor = 0.8
	sasl.login.refresh.window.jitter = 0.05
	sasl.login.retry.backoff.max.ms = 10000
	sasl.login.retry.backoff.ms = 100
	sasl.mechanism = GSSAPI
	sasl.oauthbearer.clock.skew.seconds = 30
	sasl.oauthbearer.expected.audience = null
	sasl.oauthbearer.expected.issuer = null
	sasl.oauthbearer.header.urlencode = false
	sasl.oauthbearer.jwks.endpoint.refresh.ms = 3600000
	sasl.oauthbearer.jwks.endpoint.retry.backoff.max.ms = 10000
	sasl.oauthbearer.jwks.endpoint.retry.backoff.ms = 100
	sasl.oauthbearer.jwks.endpoint.url = null
	sasl.oauthbearer.scope.claim.name = scope
	sasl.oauthbearer.sub.claim.name = sub
	sasl.oauthbearer.token.endpoint.url = null
	security.protocol = PLAINTEXT
	security.providers = null
	send.buffer.bytes = 131072
	socket.connection.setup.timeout.max.ms = 30000
	socket.connection.setup.timeout.ms = 10000
	ssl.cipher.suites = null
	ssl.enabled.protocols = [TLSv1.2, TLSv1.3]
	ssl.endpoint.identification.algorithm = https
	ssl.engine.factory.class = null
	ssl.key.password = null
	ssl.keymanager.algorithm = SunX509
	ssl.keystore.certificate.chain = null
	ssl.keystore.key = null
	ssl.keystore.location = null
	ssl.keystore.password = null
	ssl.keystore.type = JKS
	ssl.protocol = TLSv1.3
	ssl.provider = null
	ssl.secure.random.implementation = null
	ssl.trustmanager.algorithm = PKIX
	ssl.truststore.certificates = null
	ssl.truststore.location = null
	ssl.truststore.password = null
	ssl.truststore.type = JKS
	transaction.timeout.ms = 60000
	transactional.id = null
	value.serializer = class io.apicurio.registry.serde.jsonschema.JsonSchemaKafkaSerializer

2025-07-31 02:22:16,074 INFO  [org.apa.kaf.com.tel.int.KafkaMetricsCollector] (main) initializing Kafka metrics collector
2025-07-31 02:22:16,077 INFO  [org.apa.kaf.cli.pro.KafkaProducer] (main) [Producer clientId=Producer-sbc420ffexea3cx42edx879dx779a2c95f9e5] Instantiated an idempotent producer.
2025-07-31 02:22:16,079 INFO  [org.apa.kaf.cli.pro.ProducerConfig] (main) These configurations '[apicurio.registry.url, apicurio.registry.artifact-resolver-strategy]' were supplied but are not used yet.
2025-07-31 02:22:16,079 INFO  [org.apa.kaf.com.uti.AppInfoParser] (main) Kafka version: 3.9.0
2025-07-31 02:22:16,079 INFO  [org.apa.kaf.com.uti.AppInfoParser] (main) Kafka commitId: 84caaa6e9da06435
2025-07-31 02:22:16,079 INFO  [org.apa.kaf.com.uti.AppInfoParser] (main) Kafka startTimeMs: 1753928536079
2025-07-31 02:22:16,089 INFO  [io.api.tes.ser.api.KafkaSerdesTester] (Thread-248) Sending message io.apicurio.tests.common.serdes.json.InvalidMessage@54c159a4 to topic sbc420ffexea3cx42edx879dx779a2c95f9e5
2025-07-31 02:22:16,094 INFO  [org.apa.kaf.cli.Metadata] (kafka-producer-network-thread | Producer-sbc420ffexea3cx42edx879dx779a2c95f9e5) [Producer clientId=Producer-sbc420ffexea3cx42edx879dx779a2c95f9e5] Cluster ID: d3IyjYRDQrmXThhQeh46ug
2025-07-31 02:22:16,097 INFO  [org.apa.kaf.cli.pro.int.TransactionManager] (kafka-producer-network-thread | Producer-sbc420ffexea3cx42edx879dx779a2c95f9e5) [Producer clientId=Producer-sbc420ffexea3cx42edx879dx779a2c95f9e5] ProducerId set to 23 with epoch 0
2025-07-31 02:22:16,114 INFO  [org.apa.kaf.cli.pro.KafkaProducer] (Thread-248) [Producer clientId=Producer-sbc420ffexea3cx42edx879dx779a2c95f9e5] Closing the Kafka producer with timeoutMillis = 9223372036854775807 ms.
2025-07-31 02:22:16,115 INFO  [org.apa.kaf.com.met.Metrics] (Thread-248) Metrics scheduler closed
2025-07-31 02:22:16,116 INFO  [org.apa.kaf.com.met.Metrics] (Thread-248) Closing reporter org.apache.kafka.common.metrics.JmxReporter
2025-07-31 02:22:16,116 INFO  [org.apa.kaf.com.met.Metrics] (Thread-248) Closing reporter org.apache.kafka.common.telemetry.internals.ClientTelemetryReporter
2025-07-31 02:22:16,116 INFO  [org.apa.kaf.com.met.Metrics] (Thread-248) Metrics reporters closed
2025-07-31 02:22:16,116 INFO  [org.apa.kaf.com.uti.AppInfoParser] (Thread-248) App info kafka.producer for Producer-sbc420ffexea3cx42edx879dx779a2c95f9e5 unregistered
2025-07-31 02:22:16,116 INFO  [io.api.tes.uti.TestSeparator] (main) io.apicurio.tests.serdes.apicurio.JsonSchemaSerdeIT.testWrongSchema-FINISHED
2025-07-31 02:22:16,116 INFO  [io.api.tes.uti.TestSeparator] (main) ############################################################################
]]></system-out>
    <system-err><![CDATA[io.apicurio.registry.rest.client.models.ProblemDetails
	at io.apicurio.registry.rest.client.models.ProblemDetails.createFromDiscriminatorValue(ProblemDetails.java:58)
	at io.kiota.serialization.json.JsonParseNode.getObjectValue(JsonParseNode.java:247)
	at io.kiota.http.vertx.VertXRequestAdapter.lambda$throwIfFailedResponse$0(VertXRequestAdapter.java:400)
	at com.microsoft.kiota.ApiExceptionBuilder.<init>(ApiExceptionBuilder.java:26)
	at io.kiota.http.vertx.VertXRequestAdapter.throwIfFailedResponse(VertXRequestAdapter.java:399)
	at io.kiota.http.vertx.VertXRequestAdapter.send(VertXRequestAdapter.java:170)
	at io.apicurio.registry.rest.client.groups.item.artifacts.item.versions.item.WithVersionExpressionItemRequestBuilder.get(WithVersionExpressionItemRequestBuilder.java:128)
	at io.apicurio.registry.rest.client.groups.item.artifacts.item.versions.item.WithVersionExpressionItemRequestBuilder.get(WithVersionExpressionItemRequestBuilder.java:111)
	at io.apicurio.registry.resolver.DefaultSchemaResolver.resolveByCoordinates(DefaultSchemaResolver.java:469)
	at io.apicurio.registry.resolver.DefaultSchemaResolver.lambda$resolveSchemaByArtifactReferenceCached$12(DefaultSchemaResolver.java:451)
	at io.apicurio.registry.resolver.ERCache.lambda$getValue$0(ERCache.java:181)
	at io.apicurio.registry.resolver.ERCache.retry(ERCache.java:234)
	at io.apicurio.registry.resolver.ERCache.getValue(ERCache.java:180)
	at io.apicurio.registry.resolver.ERCache.getByArtifactCoordinates(ERCache.java:165)
	at io.apicurio.registry.resolver.DefaultSchemaResolver.resolveSchemaByArtifactReferenceCached(DefaultSchemaResolver.java:449)
	at io.apicurio.registry.resolver.DefaultSchemaResolver.resolveSchemaByCoordinates(DefaultSchemaResolver.java:201)
	at io.apicurio.registry.resolver.DefaultSchemaResolver.getSchemaFromRegistry(DefaultSchemaResolver.java:145)
	at io.apicurio.registry.resolver.DefaultSchemaResolver.lambda$resolveSchema$0(DefaultSchemaResolver.java:86)
	at java.base/java.util.Optional.orElseGet(Optional.java:364)
	at io.apicurio.registry.resolver.DefaultSchemaResolver.resolveSchema(DefaultSchemaResolver.java:86)
	at io.apicurio.registry.serde.AbstractSerializer.serializeData(AbstractSerializer.java:62)
	at io.apicurio.registry.serde.KafkaSerializer.serialize(KafkaSerializer.java:77)
	at org.apache.kafka.clients.producer.KafkaProducer.doSend(KafkaProducer.java:1046)
	at org.apache.kafka.clients.producer.KafkaProducer.send(KafkaProducer.java:993)
	at org.apache.kafka.clients.producer.KafkaProducer.send(KafkaProducer.java:875)
	at io.apicurio.tests.serdes.apicurio.KafkaSerdesTester.lambda$produceMessages$3(KafkaSerdesTester.java:138)
	at java.base/java.util.concurrent.CompletableFuture$AsyncSupply.run(CompletableFuture.java:1768)
	at java.base/java.lang.Thread.run(Thread.java:840)
]]></system-err>
  </testcase>
  <testcase name="testArtifactNotFound" classname="io.apicurio.tests.serdes.apicurio.JsonSchemaSerdeIT" time="0.19">
    <system-out><![CDATA[2025-07-31 02:22:16,119 INFO  [io.api.tes.uti.TestSeparator] (main) ############################################################################
2025-07-31 02:22:16,119 INFO  [io.api.tes.uti.TestSeparator] (main) io.apicurio.tests.serdes.apicurio.JsonSchemaSerdeIT.testArtifactNotFound-STARTED
2025-07-31 02:22:16,120 INFO  [org.apa.kaf.cli.pro.ProducerConfig] (main) ProducerConfig values: 
	acks = -1
	auto.include.jmx.reporter = true
	batch.size = 16384
	bootstrap.servers = [PLAINTEXT://localhost:32770]
	buffer.memory = 33554432
	client.dns.lookup = use_all_dns_ips
	client.id = Producer-se58b7874x226cx4638x9042x0c50febfd510
	compression.gzip.level = -1
	compression.lz4.level = 9
	compression.type = none
	compression.zstd.level = 3
	connections.max.idle.ms = 10000
	delivery.timeout.ms = 120000
	enable.idempotence = true
	enable.metrics.push = true
	interceptor.classes = []
	key.serializer = class org.apache.kafka.common.serialization.StringSerializer
	linger.ms = 0
	max.block.ms = 60000
	max.in.flight.requests.per.connection = 5
	max.request.size = 1048576
	metadata.max.age.ms = 300000
	metadata.max.idle.ms = 300000
	metadata.recovery.strategy = none
	metric.reporters = []
	metrics.num.samples = 2
	metrics.recording.level = INFO
	metrics.sample.window.ms = 30000
	partitioner.adaptive.partitioning.enable = true
	partitioner.availability.timeout.ms = 0
	partitioner.class = null
	partitioner.ignore.keys = false
	receive.buffer.bytes = 32768
	reconnect.backoff.max.ms = 1000
	reconnect.backoff.ms = 50
	request.timeout.ms = 5000
	retries = 2147483647
	retry.backoff.max.ms = 1000
	retry.backoff.ms = 100
	sasl.client.callback.handler.class = null
	sasl.jaas.config = null
	sasl.kerberos.kinit.cmd = /usr/bin/kinit
	sasl.kerberos.min.time.before.relogin = 60000
	sasl.kerberos.service.name = null
	sasl.kerberos.ticket.renew.jitter = 0.05
	sasl.kerberos.ticket.renew.window.factor = 0.8
	sasl.login.callback.handler.class = null
	sasl.login.class = null
	sasl.login.connect.timeout.ms = null
	sasl.login.read.timeout.ms = null
	sasl.login.refresh.buffer.seconds = 300
	sasl.login.refresh.min.period.seconds = 60
	sasl.login.refresh.window.factor = 0.8
	sasl.login.refresh.window.jitter = 0.05
	sasl.login.retry.backoff.max.ms = 10000
	sasl.login.retry.backoff.ms = 100
	sasl.mechanism = GSSAPI
	sasl.oauthbearer.clock.skew.seconds = 30
	sasl.oauthbearer.expected.audience = null
	sasl.oauthbearer.expected.issuer = null
	sasl.oauthbearer.header.urlencode = false
	sasl.oauthbearer.jwks.endpoint.refresh.ms = 3600000
	sasl.oauthbearer.jwks.endpoint.retry.backoff.max.ms = 10000
	sasl.oauthbearer.jwks.endpoint.retry.backoff.ms = 100
	sasl.oauthbearer.jwks.endpoint.url = null
	sasl.oauthbearer.scope.claim.name = scope
	sasl.oauthbearer.sub.claim.name = sub
	sasl.oauthbearer.token.endpoint.url = null
	security.protocol = PLAINTEXT
	security.providers = null
	send.buffer.bytes = 131072
	socket.connection.setup.timeout.max.ms = 30000
	socket.connection.setup.timeout.ms = 10000
	ssl.cipher.suites = null
	ssl.enabled.protocols = [TLSv1.2, TLSv1.3]
	ssl.endpoint.identification.algorithm = https
	ssl.engine.factory.class = null
	ssl.key.password = null
	ssl.keymanager.algorithm = SunX509
	ssl.keystore.certificate.chain = null
	ssl.keystore.key = null
	ssl.keystore.location = null
	ssl.keystore.password = null
	ssl.keystore.type = JKS
	ssl.protocol = TLSv1.3
	ssl.provider = null
	ssl.secure.random.implementation = null
	ssl.trustmanager.algorithm = PKIX
	ssl.truststore.certificates = null
	ssl.truststore.location = null
	ssl.truststore.password = null
	ssl.truststore.type = JKS
	transaction.timeout.ms = 60000
	transactional.id = null
	value.serializer = class io.apicurio.registry.serde.jsonschema.JsonSchemaKafkaSerializer

2025-07-31 02:22:16,120 INFO  [org.apa.kaf.com.tel.int.KafkaMetricsCollector] (main) initializing Kafka metrics collector
2025-07-31 02:22:16,129 INFO  [org.apa.kaf.cli.pro.KafkaProducer] (main) [Producer clientId=Producer-se58b7874x226cx4638x9042x0c50febfd510] Instantiated an idempotent producer.
2025-07-31 02:22:16,143 INFO  [org.apa.kaf.cli.pro.ProducerConfig] (main) These configurations '[apicurio.registry.url, apicurio.registry.artifact-resolver-strategy]' were supplied but are not used yet.
2025-07-31 02:22:16,144 INFO  [org.apa.kaf.com.uti.AppInfoParser] (main) Kafka version: 3.9.0
2025-07-31 02:22:16,144 INFO  [org.apa.kaf.com.uti.AppInfoParser] (main) Kafka commitId: 84caaa6e9da06435
2025-07-31 02:22:16,144 INFO  [org.apa.kaf.com.uti.AppInfoParser] (main) Kafka startTimeMs: 1753928536144
2025-07-31 02:22:16,147 INFO  [io.api.tes.ser.api.KafkaSerdesTester] (Thread-251) Sending message io.apicurio.tests.common.serdes.json.ValidMessage@2d934d88 to topic se58b7874x226cx4638x9042x0c50febfd510
2025-07-31 02:22:16,171 WARN  [org.apa.kaf.cli.NetworkClient] (kafka-producer-network-thread | Producer-se58b7874x226cx4638x9042x0c50febfd510) [Producer clientId=Producer-se58b7874x226cx4638x9042x0c50febfd510] The metadata response from the cluster reported a recoverable issue with correlation id 2 : {se58b7874x226cx4638x9042x0c50febfd510=LEADER_NOT_AVAILABLE}
2025-07-31 02:22:16,172 INFO  [org.apa.kaf.cli.Metadata] (kafka-producer-network-thread | Producer-se58b7874x226cx4638x9042x0c50febfd510) [Producer clientId=Producer-se58b7874x226cx4638x9042x0c50febfd510] Cluster ID: d3IyjYRDQrmXThhQeh46ug
2025-07-31 02:22:16,172 INFO  [org.apa.kaf.cli.pro.int.TransactionManager] (kafka-producer-network-thread | Producer-se58b7874x226cx4638x9042x0c50febfd510) [Producer clientId=Producer-se58b7874x226cx4638x9042x0c50febfd510] ProducerId set to 24 with epoch 0
2025-07-31 02:22:16,303 INFO  [org.apa.kaf.cli.pro.KafkaProducer] (Thread-251) [Producer clientId=Producer-se58b7874x226cx4638x9042x0c50febfd510] Closing the Kafka producer with timeoutMillis = 9223372036854775807 ms.
2025-07-31 02:22:16,305 INFO  [org.apa.kaf.com.met.Metrics] (Thread-251) Metrics scheduler closed
2025-07-31 02:22:16,305 INFO  [org.apa.kaf.com.met.Metrics] (Thread-251) Closing reporter org.apache.kafka.common.metrics.JmxReporter
2025-07-31 02:22:16,305 INFO  [org.apa.kaf.com.met.Metrics] (Thread-251) Closing reporter org.apache.kafka.common.telemetry.internals.ClientTelemetryReporter
2025-07-31 02:22:16,305 INFO  [org.apa.kaf.com.met.Metrics] (Thread-251) Metrics reporters closed
2025-07-31 02:22:16,306 INFO  [org.apa.kaf.com.uti.AppInfoParser] (Thread-251) App info kafka.producer for Producer-se58b7874x226cx4638x9042x0c50febfd510 unregistered
2025-07-31 02:22:16,307 INFO  [io.api.tes.uti.TestSeparator] (main) io.apicurio.tests.serdes.apicurio.JsonSchemaSerdeIT.testArtifactNotFound-FINISHED
2025-07-31 02:22:16,307 INFO  [io.api.tes.uti.TestSeparator] (main) ############################################################################
]]></system-out>
    <system-err><![CDATA[io.apicurio.registry.rest.client.models.ProblemDetails
	at io.apicurio.registry.rest.client.models.ProblemDetails.createFromDiscriminatorValue(ProblemDetails.java:58)
	at io.kiota.serialization.json.JsonParseNode.getObjectValue(JsonParseNode.java:247)
	at io.kiota.http.vertx.VertXRequestAdapter.lambda$throwIfFailedResponse$0(VertXRequestAdapter.java:400)
	at com.microsoft.kiota.ApiExceptionBuilder.<init>(ApiExceptionBuilder.java:26)
	at io.kiota.http.vertx.VertXRequestAdapter.throwIfFailedResponse(VertXRequestAdapter.java:399)
	at io.kiota.http.vertx.VertXRequestAdapter.send(VertXRequestAdapter.java:170)
	at io.apicurio.registry.rest.client.groups.item.artifacts.item.versions.item.WithVersionExpressionItemRequestBuilder.get(WithVersionExpressionItemRequestBuilder.java:128)
	at io.apicurio.registry.rest.client.groups.item.artifacts.item.versions.item.WithVersionExpressionItemRequestBuilder.get(WithVersionExpressionItemRequestBuilder.java:111)
	at io.apicurio.registry.resolver.DefaultSchemaResolver.resolveByCoordinates(DefaultSchemaResolver.java:469)
	at io.apicurio.registry.resolver.DefaultSchemaResolver.lambda$resolveSchemaByArtifactReferenceCached$12(DefaultSchemaResolver.java:451)
	at io.apicurio.registry.resolver.ERCache.lambda$getValue$0(ERCache.java:181)
	at io.apicurio.registry.resolver.ERCache.retry(ERCache.java:234)
	at io.apicurio.registry.resolver.ERCache.getValue(ERCache.java:180)
	at io.apicurio.registry.resolver.ERCache.getByArtifactCoordinates(ERCache.java:165)
	at io.apicurio.registry.resolver.DefaultSchemaResolver.resolveSchemaByArtifactReferenceCached(DefaultSchemaResolver.java:449)
	at io.apicurio.registry.resolver.DefaultSchemaResolver.resolveSchemaByCoordinates(DefaultSchemaResolver.java:201)
	at io.apicurio.registry.resolver.DefaultSchemaResolver.getSchemaFromRegistry(DefaultSchemaResolver.java:145)
	at io.apicurio.registry.resolver.DefaultSchemaResolver.lambda$resolveSchema$0(DefaultSchemaResolver.java:86)
	at java.base/java.util.Optional.orElseGet(Optional.java:364)
	at io.apicurio.registry.resolver.DefaultSchemaResolver.resolveSchema(DefaultSchemaResolver.java:86)
	at io.apicurio.registry.serde.AbstractSerializer.serializeData(AbstractSerializer.java:62)
	at io.apicurio.registry.serde.KafkaSerializer.serialize(KafkaSerializer.java:77)
	at org.apache.kafka.clients.producer.KafkaProducer.doSend(KafkaProducer.java:1046)
	at org.apache.kafka.clients.producer.KafkaProducer.send(KafkaProducer.java:993)
	at org.apache.kafka.clients.producer.KafkaProducer.send(KafkaProducer.java:875)
	at io.apicurio.tests.serdes.apicurio.KafkaSerdesTester.lambda$produceMessages$3(KafkaSerdesTester.java:138)
	at java.base/java.util.concurrent.CompletableFuture$AsyncSupply.run(CompletableFuture.java:1768)
	at java.base/java.lang.Thread.run(Thread.java:840)
]]></system-err>
  </testcase>
  <testcase name="testTopicIdStrategyFindLatest" classname="io.apicurio.tests.serdes.apicurio.JsonSchemaSerdeIT" time="1.698">
    <system-out><![CDATA[2025-07-31 02:22:16,308 INFO  [io.api.tes.uti.TestSeparator] (main) ############################################################################
2025-07-31 02:22:16,308 INFO  [io.api.tes.uti.TestSeparator] (main) io.apicurio.tests.serdes.apicurio.JsonSchemaSerdeIT.testTopicIdStrategyFindLatest-STARTED
2025-07-31 02:22:17,351 INFO  [org.apa.kaf.cli.pro.ProducerConfig] (main) ProducerConfig values: 
	acks = -1
	auto.include.jmx.reporter = true
	batch.size = 16384
	bootstrap.servers = [PLAINTEXT://localhost:32770]
	buffer.memory = 33554432
	client.dns.lookup = use_all_dns_ips
	client.id = Producer-topic-5941594a_a098_40ad_b1cc_94a17fd53931
	compression.gzip.level = -1
	compression.lz4.level = 9
	compression.type = none
	compression.zstd.level = 3
	connections.max.idle.ms = 10000
	delivery.timeout.ms = 120000
	enable.idempotence = true
	enable.metrics.push = true
	interceptor.classes = []
	key.serializer = class org.apache.kafka.common.serialization.StringSerializer
	linger.ms = 0
	max.block.ms = 60000
	max.in.flight.requests.per.connection = 5
	max.request.size = 1048576
	metadata.max.age.ms = 300000
	metadata.max.idle.ms = 300000
	metadata.recovery.strategy = none
	metric.reporters = []
	metrics.num.samples = 2
	metrics.recording.level = INFO
	metrics.sample.window.ms = 30000
	partitioner.adaptive.partitioning.enable = true
	partitioner.availability.timeout.ms = 0
	partitioner.class = null
	partitioner.ignore.keys = false
	receive.buffer.bytes = 32768
	reconnect.backoff.max.ms = 1000
	reconnect.backoff.ms = 50
	request.timeout.ms = 5000
	retries = 2147483647
	retry.backoff.max.ms = 1000
	retry.backoff.ms = 100
	sasl.client.callback.handler.class = null
	sasl.jaas.config = null
	sasl.kerberos.kinit.cmd = /usr/bin/kinit
	sasl.kerberos.min.time.before.relogin = 60000
	sasl.kerberos.service.name = null
	sasl.kerberos.ticket.renew.jitter = 0.05
	sasl.kerberos.ticket.renew.window.factor = 0.8
	sasl.login.callback.handler.class = null
	sasl.login.class = null
	sasl.login.connect.timeout.ms = null
	sasl.login.read.timeout.ms = null
	sasl.login.refresh.buffer.seconds = 300
	sasl.login.refresh.min.period.seconds = 60
	sasl.login.refresh.window.factor = 0.8
	sasl.login.refresh.window.jitter = 0.05
	sasl.login.retry.backoff.max.ms = 10000
	sasl.login.retry.backoff.ms = 100
	sasl.mechanism = GSSAPI
	sasl.oauthbearer.clock.skew.seconds = 30
	sasl.oauthbearer.expected.audience = null
	sasl.oauthbearer.expected.issuer = null
	sasl.oauthbearer.header.urlencode = false
	sasl.oauthbearer.jwks.endpoint.refresh.ms = 3600000
	sasl.oauthbearer.jwks.endpoint.retry.backoff.max.ms = 10000
	sasl.oauthbearer.jwks.endpoint.retry.backoff.ms = 100
	sasl.oauthbearer.jwks.endpoint.url = null
	sasl.oauthbearer.scope.claim.name = scope
	sasl.oauthbearer.sub.claim.name = sub
	sasl.oauthbearer.token.endpoint.url = null
	security.protocol = PLAINTEXT
	security.providers = null
	send.buffer.bytes = 131072
	socket.connection.setup.timeout.max.ms = 30000
	socket.connection.setup.timeout.ms = 10000
	ssl.cipher.suites = null
	ssl.enabled.protocols = [TLSv1.2, TLSv1.3]
	ssl.endpoint.identification.algorithm = https
	ssl.engine.factory.class = null
	ssl.key.password = null
	ssl.keymanager.algorithm = SunX509
	ssl.keystore.certificate.chain = null
	ssl.keystore.key = null
	ssl.keystore.location = null
	ssl.keystore.password = null
	ssl.keystore.type = JKS
	ssl.protocol = TLSv1.3
	ssl.provider = null
	ssl.secure.random.implementation = null
	ssl.trustmanager.algorithm = PKIX
	ssl.truststore.certificates = null
	ssl.truststore.location = null
	ssl.truststore.password = null
	ssl.truststore.type = JKS
	transaction.timeout.ms = 60000
	transactional.id = null
	value.serializer = class io.apicurio.registry.serde.jsonschema.JsonSchemaKafkaSerializer

2025-07-31 02:22:17,351 INFO  [org.apa.kaf.com.tel.int.KafkaMetricsCollector] (main) initializing Kafka metrics collector
2025-07-31 02:22:17,354 INFO  [org.apa.kaf.cli.pro.KafkaProducer] (main) [Producer clientId=Producer-topic-5941594a_a098_40ad_b1cc_94a17fd53931] Instantiated an idempotent producer.
2025-07-31 02:22:17,367 INFO  [org.apa.kaf.cli.pro.ProducerConfig] (main) These configurations '[apicurio.registry.url, apicurio.registry.headers.enabled, apicurio.registry.artifact-resolver-strategy]' were supplied but are not used yet.
2025-07-31 02:22:17,367 INFO  [org.apa.kaf.com.uti.AppInfoParser] (main) Kafka version: 3.9.0
2025-07-31 02:22:17,367 INFO  [org.apa.kaf.com.uti.AppInfoParser] (main) Kafka commitId: 84caaa6e9da06435
2025-07-31 02:22:17,367 INFO  [org.apa.kaf.com.uti.AppInfoParser] (main) Kafka startTimeMs: 1753928537367
2025-07-31 02:22:17,367 INFO  [io.api.tes.ser.api.SimpleSerdesTesterBuilder$SimpleSerdesTester] (main) Using producer configuration: {apicurio.registry.url=http://registry-app-postgresql.apps.ci419.apicurio-testing.org:80/apis/registry/v3, apicurio.registry.headers.enabled=true, apicurio.registry.artifact-resolver-strategy=io.apicurio.registry.serde.strategy.TopicIdStrategy, value.serializer=io.apicurio.registry.serde.jsonschema.JsonSchemaKafkaSerializer, request.timeout.ms=5000, acks=all, bootstrap.servers=PLAINTEXT://localhost:32770, connections.max.idle.ms=10000, key.serializer=org.apache.kafka.common.serialization.StringSerializer, client.id=Producer-topic-5941594a_a098_40ad_b1cc_94a17fd53931}
2025-07-31 02:22:17,368 INFO  [io.api.tes.ser.api.SimpleSerdesTesterBuilder$SimpleSerdesTester] (main) Using consumer configuration: {apicurio.registry.headers.enabled=true}
2025-07-31 02:22:17,368 INFO  [io.api.tes.ser.api.KafkaSerdesTester] (Thread-254) Sending message io.apicurio.tests.common.serdes.json.ValidMessage@297a5895 to topic topic-5941594a_a098_40ad_b1cc_94a17fd53931
2025-07-31 02:22:17,371 INFO  [org.apa.kaf.cli.Metadata] (kafka-producer-network-thread | Producer-topic-5941594a_a098_40ad_b1cc_94a17fd53931) [Producer clientId=Producer-topic-5941594a_a098_40ad_b1cc_94a17fd53931] Cluster ID: d3IyjYRDQrmXThhQeh46ug
2025-07-31 02:22:17,372 INFO  [org.apa.kaf.cli.pro.int.TransactionManager] (kafka-producer-network-thread | Producer-topic-5941594a_a098_40ad_b1cc_94a17fd53931) [Producer clientId=Producer-topic-5941594a_a098_40ad_b1cc_94a17fd53931] ProducerId set to 25 with epoch 0
2025-07-31 02:22:17,412 INFO  [io.api.tes.ser.api.KafkaSerdesTester] (Thread-254) Sending message io.apicurio.tests.common.serdes.json.ValidMessage@6af46be to topic topic-5941594a_a098_40ad_b1cc_94a17fd53931
2025-07-31 02:22:17,414 INFO  [io.api.tes.ser.api.KafkaSerdesTester] (Thread-254) Sending message io.apicurio.tests.common.serdes.json.ValidMessage@2de7ea1 to topic topic-5941594a_a098_40ad_b1cc_94a17fd53931
2025-07-31 02:22:17,415 INFO  [io.api.tes.ser.api.KafkaSerdesTester] (Thread-254) Sending message io.apicurio.tests.common.serdes.json.ValidMessage@2e1bcb8 to topic topic-5941594a_a098_40ad_b1cc_94a17fd53931
2025-07-31 02:22:17,417 INFO  [io.api.tes.ser.api.KafkaSerdesTester] (Thread-254) Sending message io.apicurio.tests.common.serdes.json.ValidMessage@570ad2af to topic topic-5941594a_a098_40ad_b1cc_94a17fd53931
2025-07-31 02:22:17,419 INFO  [io.api.tes.ser.api.KafkaSerdesTester] (Thread-254) Sending message io.apicurio.tests.common.serdes.json.ValidMessage@1a3fc1c3 to topic topic-5941594a_a098_40ad_b1cc_94a17fd53931
2025-07-31 02:22:17,420 INFO  [io.api.tes.ser.api.KafkaSerdesTester] (Thread-254) Sending message io.apicurio.tests.common.serdes.json.ValidMessage@398e76aa to topic topic-5941594a_a098_40ad_b1cc_94a17fd53931
2025-07-31 02:22:17,422 INFO  [io.api.tes.ser.api.KafkaSerdesTester] (Thread-254) Sending message io.apicurio.tests.common.serdes.json.ValidMessage@6d8252b9 to topic topic-5941594a_a098_40ad_b1cc_94a17fd53931
2025-07-31 02:22:17,424 INFO  [io.api.tes.ser.api.KafkaSerdesTester] (Thread-254) Sending message io.apicurio.tests.common.serdes.json.ValidMessage@1dfcc1f5 to topic topic-5941594a_a098_40ad_b1cc_94a17fd53931
2025-07-31 02:22:17,426 INFO  [io.api.tes.ser.api.KafkaSerdesTester] (Thread-254) Sending message io.apicurio.tests.common.serdes.json.ValidMessage@56aba2bb to topic topic-5941594a_a098_40ad_b1cc_94a17fd53931
2025-07-31 02:22:17,427 INFO  [io.api.tes.ser.api.KafkaSerdesTester] (Thread-254) Produced 10 messages
2025-07-31 02:22:17,427 INFO  [org.apa.kaf.cli.pro.KafkaProducer] (Thread-254) [Producer clientId=Producer-topic-5941594a_a098_40ad_b1cc_94a17fd53931] Closing the Kafka producer with timeoutMillis = 9223372036854775807 ms.
2025-07-31 02:22:17,429 INFO  [org.apa.kaf.com.met.Metrics] (Thread-254) Metrics scheduler closed
2025-07-31 02:22:17,429 INFO  [org.apa.kaf.com.met.Metrics] (Thread-254) Closing reporter org.apache.kafka.common.metrics.JmxReporter
2025-07-31 02:22:17,429 INFO  [org.apa.kaf.com.met.Metrics] (Thread-254) Closing reporter org.apache.kafka.common.telemetry.internals.ClientTelemetryReporter
2025-07-31 02:22:17,429 INFO  [org.apa.kaf.com.met.Metrics] (Thread-254) Metrics reporters closed
2025-07-31 02:22:17,430 INFO  [org.apa.kaf.com.uti.AppInfoParser] (Thread-254) App info kafka.producer for Producer-topic-5941594a_a098_40ad_b1cc_94a17fd53931 unregistered
2025-07-31 02:22:17,430 INFO  [org.apa.kaf.cli.con.ConsumerConfig] (main) ConsumerConfig values: 
	allow.auto.create.topics = true
	auto.commit.interval.ms = 500
	auto.include.jmx.reporter = true
	auto.offset.reset = earliest
	bootstrap.servers = [PLAINTEXT://localhost:32770]
	check.crcs = true
	client.dns.lookup = use_all_dns_ips
	client.id = consumer-Consumer-topic-5941594a_a098_40ad_b1cc_94a17fd53931-18
	client.rack = 
	connections.max.idle.ms = 10000
	default.api.timeout.ms = 60000
	enable.auto.commit = true
	enable.metrics.push = true
	exclude.internal.topics = true
	fetch.max.bytes = 52428800
	fetch.max.wait.ms = 500
	fetch.min.bytes = 1
	group.id = Consumer-topic-5941594a_a098_40ad_b1cc_94a17fd53931
	group.instance.id = null
	group.protocol = classic
	group.remote.assignor = null
	heartbeat.interval.ms = 3000
	interceptor.classes = []
	internal.leave.group.on.close = true
	internal.throw.on.fetch.stable.offset.unsupported = false
	isolation.level = read_uncommitted
	key.deserializer = class org.apache.kafka.common.serialization.StringDeserializer
	max.partition.fetch.bytes = 1048576
	max.poll.interval.ms = 300000
	max.poll.records = 500
	metadata.max.age.ms = 300000
	metadata.recovery.strategy = none
	metric.reporters = []
	metrics.num.samples = 2
	metrics.recording.level = INFO
	metrics.sample.window.ms = 30000
	partition.assignment.strategy = [class org.apache.kafka.clients.consumer.RangeAssignor, class org.apache.kafka.clients.consumer.CooperativeStickyAssignor]
	receive.buffer.bytes = 65536
	reconnect.backoff.max.ms = 1000
	reconnect.backoff.ms = 50
	request.timeout.ms = 5000
	retry.backoff.max.ms = 1000
	retry.backoff.ms = 100
	sasl.client.callback.handler.class = null
	sasl.jaas.config = null
	sasl.kerberos.kinit.cmd = /usr/bin/kinit
	sasl.kerberos.min.time.before.relogin = 60000
	sasl.kerberos.service.name = null
	sasl.kerberos.ticket.renew.jitter = 0.05
	sasl.kerberos.ticket.renew.window.factor = 0.8
	sasl.login.callback.handler.class = null
	sasl.login.class = null
	sasl.login.connect.timeout.ms = null
	sasl.login.read.timeout.ms = null
	sasl.login.refresh.buffer.seconds = 300
	sasl.login.refresh.min.period.seconds = 60
	sasl.login.refresh.window.factor = 0.8
	sasl.login.refresh.window.jitter = 0.05
	sasl.login.retry.backoff.max.ms = 10000
	sasl.login.retry.backoff.ms = 100
	sasl.mechanism = GSSAPI
	sasl.oauthbearer.clock.skew.seconds = 30
	sasl.oauthbearer.expected.audience = null
	sasl.oauthbearer.expected.issuer = null
	sasl.oauthbearer.header.urlencode = false
	sasl.oauthbearer.jwks.endpoint.refresh.ms = 3600000
	sasl.oauthbearer.jwks.endpoint.retry.backoff.max.ms = 10000
	sasl.oauthbearer.jwks.endpoint.retry.backoff.ms = 100
	sasl.oauthbearer.jwks.endpoint.url = null
	sasl.oauthbearer.scope.claim.name = scope
	sasl.oauthbearer.sub.claim.name = sub
	sasl.oauthbearer.token.endpoint.url = null
	security.protocol = PLAINTEXT
	security.providers = null
	send.buffer.bytes = 131072
	session.timeout.ms = 45000
	socket.connection.setup.timeout.max.ms = 30000
	socket.connection.setup.timeout.ms = 10000
	ssl.cipher.suites = null
	ssl.enabled.protocols = [TLSv1.2, TLSv1.3]
	ssl.endpoint.identification.algorithm = https
	ssl.engine.factory.class = null
	ssl.key.password = null
	ssl.keymanager.algorithm = SunX509
	ssl.keystore.certificate.chain = null
	ssl.keystore.key = null
	ssl.keystore.location = null
	ssl.keystore.password = null
	ssl.keystore.type = JKS
	ssl.protocol = TLSv1.3
	ssl.provider = null
	ssl.secure.random.implementation = null
	ssl.trustmanager.algorithm = PKIX
	ssl.truststore.certificates = null
	ssl.truststore.location = null
	ssl.truststore.password = null
	ssl.truststore.type = JKS
	value.deserializer = class io.apicurio.registry.serde.jsonschema.JsonSchemaKafkaDeserializer

2025-07-31 02:22:17,431 INFO  [org.apa.kaf.com.tel.int.KafkaMetricsCollector] (main) initializing Kafka metrics collector
2025-07-31 02:22:17,439 INFO  [org.apa.kaf.cli.con.ConsumerConfig] (main) These configurations '[apicurio.registry.url, apicurio.registry.headers.enabled]' were supplied but are not used yet.
2025-07-31 02:22:17,439 INFO  [org.apa.kaf.com.uti.AppInfoParser] (main) Kafka version: 3.9.0
2025-07-31 02:22:17,439 INFO  [org.apa.kaf.com.uti.AppInfoParser] (main) Kafka commitId: 84caaa6e9da06435
2025-07-31 02:22:17,439 INFO  [org.apa.kaf.com.uti.AppInfoParser] (main) Kafka startTimeMs: 1753928537439
2025-07-31 02:22:17,440 INFO  [org.apa.kaf.cli.con.int.ClassicKafkaConsumer] (Thread-257) [Consumer clientId=consumer-Consumer-topic-5941594a_a098_40ad_b1cc_94a17fd53931-18, groupId=Consumer-topic-5941594a_a098_40ad_b1cc_94a17fd53931] Subscribed to topic(s): topic-5941594a_a098_40ad_b1cc_94a17fd53931
2025-07-31 02:22:17,446 INFO  [org.apa.kaf.cli.Metadata] (Thread-257) [Consumer clientId=consumer-Consumer-topic-5941594a_a098_40ad_b1cc_94a17fd53931-18, groupId=Consumer-topic-5941594a_a098_40ad_b1cc_94a17fd53931] Cluster ID: d3IyjYRDQrmXThhQeh46ug
2025-07-31 02:22:17,448 INFO  [org.apa.kaf.cli.con.int.ConsumerCoordinator] (Thread-257) [Consumer clientId=consumer-Consumer-topic-5941594a_a098_40ad_b1cc_94a17fd53931-18, groupId=Consumer-topic-5941594a_a098_40ad_b1cc_94a17fd53931] Discovered group coordinator localhost:32770 (id: 2147483647 rack: null)
2025-07-31 02:22:17,449 INFO  [org.apa.kaf.cli.con.int.ConsumerCoordinator] (Thread-257) [Consumer clientId=consumer-Consumer-topic-5941594a_a098_40ad_b1cc_94a17fd53931-18, groupId=Consumer-topic-5941594a_a098_40ad_b1cc_94a17fd53931] (Re-)joining group
2025-07-31 02:22:17,455 INFO  [org.apa.kaf.cli.con.int.ConsumerCoordinator] (Thread-257) [Consumer clientId=consumer-Consumer-topic-5941594a_a098_40ad_b1cc_94a17fd53931-18, groupId=Consumer-topic-5941594a_a098_40ad_b1cc_94a17fd53931] Request joining group due to: need to re-join with the given member-id: consumer-Consumer-topic-5941594a_a098_40ad_b1cc_94a17fd53931-18-456315a2-35f9-42f8-b4a7-d0a23f3c71d4
2025-07-31 02:22:17,456 INFO  [org.apa.kaf.cli.con.int.ConsumerCoordinator] (Thread-257) [Consumer clientId=consumer-Consumer-topic-5941594a_a098_40ad_b1cc_94a17fd53931-18, groupId=Consumer-topic-5941594a_a098_40ad_b1cc_94a17fd53931] (Re-)joining group
2025-07-31 02:22:17,457 INFO  [org.apa.kaf.cli.con.int.ConsumerCoordinator] (Thread-257) [Consumer clientId=consumer-Consumer-topic-5941594a_a098_40ad_b1cc_94a17fd53931-18, groupId=Consumer-topic-5941594a_a098_40ad_b1cc_94a17fd53931] Successfully joined group with generation Generation{generationId=1, memberId='consumer-Consumer-topic-5941594a_a098_40ad_b1cc_94a17fd53931-18-456315a2-35f9-42f8-b4a7-d0a23f3c71d4', protocol='range'}
2025-07-31 02:22:17,457 INFO  [org.apa.kaf.cli.con.int.ConsumerCoordinator] (Thread-257) [Consumer clientId=consumer-Consumer-topic-5941594a_a098_40ad_b1cc_94a17fd53931-18, groupId=Consumer-topic-5941594a_a098_40ad_b1cc_94a17fd53931] Finished assignment for group at generation 1: {consumer-Consumer-topic-5941594a_a098_40ad_b1cc_94a17fd53931-18-456315a2-35f9-42f8-b4a7-d0a23f3c71d4=Assignment(partitions=[topic-5941594a_a098_40ad_b1cc_94a17fd53931-0])}
2025-07-31 02:22:17,459 INFO  [org.apa.kaf.cli.con.int.ConsumerCoordinator] (Thread-257) [Consumer clientId=consumer-Consumer-topic-5941594a_a098_40ad_b1cc_94a17fd53931-18, groupId=Consumer-topic-5941594a_a098_40ad_b1cc_94a17fd53931] Successfully synced group in generation Generation{generationId=1, memberId='consumer-Consumer-topic-5941594a_a098_40ad_b1cc_94a17fd53931-18-456315a2-35f9-42f8-b4a7-d0a23f3c71d4', protocol='range'}
2025-07-31 02:22:17,459 INFO  [org.apa.kaf.cli.con.int.ConsumerCoordinator] (Thread-257) [Consumer clientId=consumer-Consumer-topic-5941594a_a098_40ad_b1cc_94a17fd53931-18, groupId=Consumer-topic-5941594a_a098_40ad_b1cc_94a17fd53931] Notifying assignor about the new Assignment(partitions=[topic-5941594a_a098_40ad_b1cc_94a17fd53931-0])
2025-07-31 02:22:17,460 INFO  [org.apa.kaf.cli.con.int.ConsumerRebalanceListenerInvoker] (Thread-257) [Consumer clientId=consumer-Consumer-topic-5941594a_a098_40ad_b1cc_94a17fd53931-18, groupId=Consumer-topic-5941594a_a098_40ad_b1cc_94a17fd53931] Adding newly assigned partitions: topic-5941594a_a098_40ad_b1cc_94a17fd53931-0
2025-07-31 02:22:17,460 INFO  [org.apa.kaf.cli.con.int.ConsumerCoordinator] (Thread-257) [Consumer clientId=consumer-Consumer-topic-5941594a_a098_40ad_b1cc_94a17fd53931-18, groupId=Consumer-topic-5941594a_a098_40ad_b1cc_94a17fd53931] Found no committed offset for partition topic-5941594a_a098_40ad_b1cc_94a17fd53931-0
2025-07-31 02:22:17,462 INFO  [org.apa.kaf.cli.con.int.SubscriptionState] (Thread-257) [Consumer clientId=consumer-Consumer-topic-5941594a_a098_40ad_b1cc_94a17fd53931-18, groupId=Consumer-topic-5941594a_a098_40ad_b1cc_94a17fd53931] Resetting offset for partition topic-5941594a_a098_40ad_b1cc_94a17fd53931-0 to position FetchPosition{offset=0, offsetEpoch=Optional.empty, currentLeader=LeaderAndEpoch{leader=Optional[localhost:32770 (id: 0 rack: null)], epoch=0}}.
2025-07-31 02:22:17,499 INFO  [io.api.tes.ser.api.KafkaSerdesTester] (Thread-257) topic-5941594a_a098_40ad_b1cc_94a17fd53931 0 0 io.apicurio.tests.common.serdes.json.ValidMessage@175c1d46
2025-07-31 02:22:17,500 INFO  [io.api.tes.ser.api.KafkaSerdesTester] (Thread-257) topic-5941594a_a098_40ad_b1cc_94a17fd53931 0 1 io.apicurio.tests.common.serdes.json.ValidMessage@f702236
2025-07-31 02:22:17,500 INFO  [io.api.tes.ser.api.KafkaSerdesTester] (Thread-257) topic-5941594a_a098_40ad_b1cc_94a17fd53931 0 2 io.apicurio.tests.common.serdes.json.ValidMessage@96f1a81
2025-07-31 02:22:17,500 INFO  [io.api.tes.ser.api.KafkaSerdesTester] (Thread-257) topic-5941594a_a098_40ad_b1cc_94a17fd53931 0 3 io.apicurio.tests.common.serdes.json.ValidMessage@7e1013cc
2025-07-31 02:22:17,500 INFO  [io.api.tes.ser.api.KafkaSerdesTester] (Thread-257) topic-5941594a_a098_40ad_b1cc_94a17fd53931 0 4 io.apicurio.tests.common.serdes.json.ValidMessage@9d19765
2025-07-31 02:22:17,500 INFO  [io.api.tes.ser.api.KafkaSerdesTester] (Thread-257) topic-5941594a_a098_40ad_b1cc_94a17fd53931 0 5 io.apicurio.tests.common.serdes.json.ValidMessage@73e75fb
2025-07-31 02:22:17,500 INFO  [io.api.tes.ser.api.KafkaSerdesTester] (Thread-257) topic-5941594a_a098_40ad_b1cc_94a17fd53931 0 6 io.apicurio.tests.common.serdes.json.ValidMessage@7674dc8f
2025-07-31 02:22:17,500 INFO  [io.api.tes.ser.api.KafkaSerdesTester] (Thread-257) topic-5941594a_a098_40ad_b1cc_94a17fd53931 0 7 io.apicurio.tests.common.serdes.json.ValidMessage@8843ffe
2025-07-31 02:22:17,500 INFO  [io.api.tes.ser.api.KafkaSerdesTester] (Thread-257) topic-5941594a_a098_40ad_b1cc_94a17fd53931 0 8 io.apicurio.tests.common.serdes.json.ValidMessage@debfb34
2025-07-31 02:22:17,500 INFO  [io.api.tes.ser.api.KafkaSerdesTester] (Thread-257) topic-5941594a_a098_40ad_b1cc_94a17fd53931 0 9 io.apicurio.tests.common.serdes.json.ValidMessage@798ed6df
2025-07-31 02:22:17,500 INFO  [io.api.tes.ser.api.KafkaSerdesTester] (Thread-257) Consumed 10 messages
2025-07-31 02:22:17,508 INFO  [org.apa.kaf.cli.con.int.ConsumerRebalanceListenerInvoker] (Thread-257) [Consumer clientId=consumer-Consumer-topic-5941594a_a098_40ad_b1cc_94a17fd53931-18, groupId=Consumer-topic-5941594a_a098_40ad_b1cc_94a17fd53931] Revoke previously assigned partitions topic-5941594a_a098_40ad_b1cc_94a17fd53931-0
2025-07-31 02:22:17,509 INFO  [org.apa.kaf.cli.con.int.ConsumerCoordinator] (Thread-257) [Consumer clientId=consumer-Consumer-topic-5941594a_a098_40ad_b1cc_94a17fd53931-18, groupId=Consumer-topic-5941594a_a098_40ad_b1cc_94a17fd53931] Member consumer-Consumer-topic-5941594a_a098_40ad_b1cc_94a17fd53931-18-456315a2-35f9-42f8-b4a7-d0a23f3c71d4 sending LeaveGroup request to coordinator localhost:32770 (id: 2147483647 rack: null) due to the consumer is being closed
2025-07-31 02:22:17,509 INFO  [org.apa.kaf.cli.con.int.ConsumerCoordinator] (Thread-257) [Consumer clientId=consumer-Consumer-topic-5941594a_a098_40ad_b1cc_94a17fd53931-18, groupId=Consumer-topic-5941594a_a098_40ad_b1cc_94a17fd53931] Resetting generation and member id due to: consumer pro-actively leaving the group
2025-07-31 02:22:17,509 INFO  [org.apa.kaf.cli.con.int.ConsumerCoordinator] (Thread-257) [Consumer clientId=consumer-Consumer-topic-5941594a_a098_40ad_b1cc_94a17fd53931-18, groupId=Consumer-topic-5941594a_a098_40ad_b1cc_94a17fd53931] Request joining group due to: consumer pro-actively leaving the group
2025-07-31 02:22:18,002 INFO  [org.apa.kaf.com.met.Metrics] (Thread-257) Metrics scheduler closed
2025-07-31 02:22:18,002 INFO  [org.apa.kaf.com.met.Metrics] (Thread-257) Closing reporter org.apache.kafka.common.metrics.JmxReporter
2025-07-31 02:22:18,002 INFO  [org.apa.kaf.com.met.Metrics] (Thread-257) Closing reporter org.apache.kafka.common.telemetry.internals.ClientTelemetryReporter
2025-07-31 02:22:18,002 INFO  [org.apa.kaf.com.met.Metrics] (Thread-257) Metrics reporters closed
2025-07-31 02:22:18,004 INFO  [org.apa.kaf.com.uti.AppInfoParser] (Thread-257) App info kafka.consumer for consumer-Consumer-topic-5941594a_a098_40ad_b1cc_94a17fd53931-18 unregistered
2025-07-31 02:22:18,004 INFO  [io.api.tes.uti.TestSeparator] (main) io.apicurio.tests.serdes.apicurio.JsonSchemaSerdeIT.testTopicIdStrategyFindLatest-FINISHED
2025-07-31 02:22:18,004 INFO  [io.api.tes.uti.TestSeparator] (main) ############################################################################
]]></system-out>
  </testcase>
  <testcase name="testConsumeReturnSpecificClass" classname="io.apicurio.tests.serdes.apicurio.JsonSchemaSerdeIT" time="1.677">
    <system-out><![CDATA[2025-07-31 02:22:18,006 INFO  [io.api.tes.uti.TestSeparator] (main) ############################################################################
2025-07-31 02:22:18,007 INFO  [io.api.tes.uti.TestSeparator] (main) io.apicurio.tests.serdes.apicurio.JsonSchemaSerdeIT.testConsumeReturnSpecificClass-STARTED
2025-07-31 02:22:19,054 INFO  [org.apa.kaf.cli.pro.ProducerConfig] (main) ProducerConfig values: 
	acks = -1
	auto.include.jmx.reporter = true
	batch.size = 16384
	bootstrap.servers = [PLAINTEXT://localhost:32770]
	buffer.memory = 33554432
	client.dns.lookup = use_all_dns_ips
	client.id = Producer-topic-11dd3b30_2fa7_4982_a847_cf860f13e576
	compression.gzip.level = -1
	compression.lz4.level = 9
	compression.type = none
	compression.zstd.level = 3
	connections.max.idle.ms = 10000
	delivery.timeout.ms = 120000
	enable.idempotence = true
	enable.metrics.push = true
	interceptor.classes = []
	key.serializer = class org.apache.kafka.common.serialization.StringSerializer
	linger.ms = 0
	max.block.ms = 60000
	max.in.flight.requests.per.connection = 5
	max.request.size = 1048576
	metadata.max.age.ms = 300000
	metadata.max.idle.ms = 300000
	metadata.recovery.strategy = none
	metric.reporters = []
	metrics.num.samples = 2
	metrics.recording.level = INFO
	metrics.sample.window.ms = 30000
	partitioner.adaptive.partitioning.enable = true
	partitioner.availability.timeout.ms = 0
	partitioner.class = null
	partitioner.ignore.keys = false
	receive.buffer.bytes = 32768
	reconnect.backoff.max.ms = 1000
	reconnect.backoff.ms = 50
	request.timeout.ms = 5000
	retries = 2147483647
	retry.backoff.max.ms = 1000
	retry.backoff.ms = 100
	sasl.client.callback.handler.class = null
	sasl.jaas.config = null
	sasl.kerberos.kinit.cmd = /usr/bin/kinit
	sasl.kerberos.min.time.before.relogin = 60000
	sasl.kerberos.service.name = null
	sasl.kerberos.ticket.renew.jitter = 0.05
	sasl.kerberos.ticket.renew.window.factor = 0.8
	sasl.login.callback.handler.class = null
	sasl.login.class = null
	sasl.login.connect.timeout.ms = null
	sasl.login.read.timeout.ms = null
	sasl.login.refresh.buffer.seconds = 300
	sasl.login.refresh.min.period.seconds = 60
	sasl.login.refresh.window.factor = 0.8
	sasl.login.refresh.window.jitter = 0.05
	sasl.login.retry.backoff.max.ms = 10000
	sasl.login.retry.backoff.ms = 100
	sasl.mechanism = GSSAPI
	sasl.oauthbearer.clock.skew.seconds = 30
	sasl.oauthbearer.expected.audience = null
	sasl.oauthbearer.expected.issuer = null
	sasl.oauthbearer.header.urlencode = false
	sasl.oauthbearer.jwks.endpoint.refresh.ms = 3600000
	sasl.oauthbearer.jwks.endpoint.retry.backoff.max.ms = 10000
	sasl.oauthbearer.jwks.endpoint.retry.backoff.ms = 100
	sasl.oauthbearer.jwks.endpoint.url = null
	sasl.oauthbearer.scope.claim.name = scope
	sasl.oauthbearer.sub.claim.name = sub
	sasl.oauthbearer.token.endpoint.url = null
	security.protocol = PLAINTEXT
	security.providers = null
	send.buffer.bytes = 131072
	socket.connection.setup.timeout.max.ms = 30000
	socket.connection.setup.timeout.ms = 10000
	ssl.cipher.suites = null
	ssl.enabled.protocols = [TLSv1.2, TLSv1.3]
	ssl.endpoint.identification.algorithm = https
	ssl.engine.factory.class = null
	ssl.key.password = null
	ssl.keymanager.algorithm = SunX509
	ssl.keystore.certificate.chain = null
	ssl.keystore.key = null
	ssl.keystore.location = null
	ssl.keystore.password = null
	ssl.keystore.type = JKS
	ssl.protocol = TLSv1.3
	ssl.provider = null
	ssl.secure.random.implementation = null
	ssl.trustmanager.algorithm = PKIX
	ssl.truststore.certificates = null
	ssl.truststore.location = null
	ssl.truststore.password = null
	ssl.truststore.type = JKS
	transaction.timeout.ms = 60000
	transactional.id = null
	value.serializer = class io.apicurio.registry.serde.jsonschema.JsonSchemaKafkaSerializer

2025-07-31 02:22:19,054 INFO  [org.apa.kaf.com.tel.int.KafkaMetricsCollector] (main) initializing Kafka metrics collector
2025-07-31 02:22:19,057 INFO  [org.apa.kaf.cli.pro.KafkaProducer] (main) [Producer clientId=Producer-topic-11dd3b30_2fa7_4982_a847_cf860f13e576] Instantiated an idempotent producer.
2025-07-31 02:22:19,059 INFO  [org.apa.kaf.cli.pro.ProducerConfig] (main) These configurations '[apicurio.registry.url, apicurio.registry.artifact-resolver-strategy]' were supplied but are not used yet.
2025-07-31 02:22:19,059 INFO  [org.apa.kaf.com.uti.AppInfoParser] (main) Kafka version: 3.9.0
2025-07-31 02:22:19,059 INFO  [org.apa.kaf.com.uti.AppInfoParser] (main) Kafka commitId: 84caaa6e9da06435
2025-07-31 02:22:19,059 INFO  [org.apa.kaf.com.uti.AppInfoParser] (main) Kafka startTimeMs: 1753928539059
2025-07-31 02:22:19,059 INFO  [io.api.tes.ser.api.SimpleSerdesTesterBuilder$SimpleSerdesTester] (main) Using producer configuration: {apicurio.registry.url=http://registry-app-postgresql.apps.ci419.apicurio-testing.org:80/apis/registry/v3, apicurio.registry.artifact-resolver-strategy=io.apicurio.registry.serde.strategy.SimpleTopicIdStrategy, value.serializer=io.apicurio.registry.serde.jsonschema.JsonSchemaKafkaSerializer, request.timeout.ms=5000, acks=all, bootstrap.servers=PLAINTEXT://localhost:32770, connections.max.idle.ms=10000, key.serializer=org.apache.kafka.common.serialization.StringSerializer, client.id=Producer-topic-11dd3b30_2fa7_4982_a847_cf860f13e576}
2025-07-31 02:22:19,059 INFO  [io.api.tes.ser.api.SimpleSerdesTesterBuilder$SimpleSerdesTester] (main) Using consumer configuration: {apicurio.registry.deserializer.value.return-class=java.util.Map}
2025-07-31 02:22:19,059 INFO  [io.api.tes.ser.api.KafkaSerdesTester] (Thread-260) Sending message io.apicurio.tests.common.serdes.json.ValidMessage@3dcd6f9 to topic topic-11dd3b30_2fa7_4982_a847_cf860f13e576
2025-07-31 02:22:19,062 INFO  [org.apa.kaf.cli.Metadata] (kafka-producer-network-thread | Producer-topic-11dd3b30_2fa7_4982_a847_cf860f13e576) [Producer clientId=Producer-topic-11dd3b30_2fa7_4982_a847_cf860f13e576] Cluster ID: d3IyjYRDQrmXThhQeh46ug
2025-07-31 02:22:19,062 INFO  [org.apa.kaf.cli.pro.int.TransactionManager] (kafka-producer-network-thread | Producer-topic-11dd3b30_2fa7_4982_a847_cf860f13e576) [Producer clientId=Producer-topic-11dd3b30_2fa7_4982_a847_cf860f13e576] ProducerId set to 26 with epoch 0
2025-07-31 02:22:19,100 INFO  [io.api.tes.ser.api.KafkaSerdesTester] (Thread-260) Sending message io.apicurio.tests.common.serdes.json.ValidMessage@2c09dd86 to topic topic-11dd3b30_2fa7_4982_a847_cf860f13e576
2025-07-31 02:22:19,103 INFO  [io.api.tes.ser.api.KafkaSerdesTester] (Thread-260) Sending message io.apicurio.tests.common.serdes.json.ValidMessage@3f19ca96 to topic topic-11dd3b30_2fa7_4982_a847_cf860f13e576
2025-07-31 02:22:19,104 INFO  [io.api.tes.ser.api.KafkaSerdesTester] (Thread-260) Sending message io.apicurio.tests.common.serdes.json.ValidMessage@2847852e to topic topic-11dd3b30_2fa7_4982_a847_cf860f13e576
2025-07-31 02:22:19,109 INFO  [io.api.tes.ser.api.KafkaSerdesTester] (Thread-260) Sending message io.apicurio.tests.common.serdes.json.ValidMessage@66264409 to topic topic-11dd3b30_2fa7_4982_a847_cf860f13e576
2025-07-31 02:22:19,111 INFO  [io.api.tes.ser.api.KafkaSerdesTester] (Thread-260) Sending message io.apicurio.tests.common.serdes.json.ValidMessage@3c72da66 to topic topic-11dd3b30_2fa7_4982_a847_cf860f13e576
2025-07-31 02:22:19,112 INFO  [io.api.tes.ser.api.KafkaSerdesTester] (Thread-260) Sending message io.apicurio.tests.common.serdes.json.ValidMessage@2c761b2e to topic topic-11dd3b30_2fa7_4982_a847_cf860f13e576
2025-07-31 02:22:19,114 INFO  [io.api.tes.ser.api.KafkaSerdesTester] (Thread-260) Sending message io.apicurio.tests.common.serdes.json.ValidMessage@6c3ad472 to topic topic-11dd3b30_2fa7_4982_a847_cf860f13e576
2025-07-31 02:22:19,115 INFO  [io.api.tes.ser.api.KafkaSerdesTester] (Thread-260) Sending message io.apicurio.tests.common.serdes.json.ValidMessage@2884a8ef to topic topic-11dd3b30_2fa7_4982_a847_cf860f13e576
2025-07-31 02:22:19,118 INFO  [io.api.tes.ser.api.KafkaSerdesTester] (Thread-260) Sending message io.apicurio.tests.common.serdes.json.ValidMessage@58e5336e to topic topic-11dd3b30_2fa7_4982_a847_cf860f13e576
2025-07-31 02:22:19,119 INFO  [io.api.tes.ser.api.KafkaSerdesTester] (Thread-260) Produced 10 messages
2025-07-31 02:22:19,119 INFO  [org.apa.kaf.cli.pro.KafkaProducer] (Thread-260) [Producer clientId=Producer-topic-11dd3b30_2fa7_4982_a847_cf860f13e576] Closing the Kafka producer with timeoutMillis = 9223372036854775807 ms.
2025-07-31 02:22:19,121 INFO  [org.apa.kaf.com.met.Metrics] (Thread-260) Metrics scheduler closed
2025-07-31 02:22:19,121 INFO  [org.apa.kaf.com.met.Metrics] (Thread-260) Closing reporter org.apache.kafka.common.metrics.JmxReporter
2025-07-31 02:22:19,121 INFO  [org.apa.kaf.com.met.Metrics] (Thread-260) Closing reporter org.apache.kafka.common.telemetry.internals.ClientTelemetryReporter
2025-07-31 02:22:19,121 INFO  [org.apa.kaf.com.met.Metrics] (Thread-260) Metrics reporters closed
2025-07-31 02:22:19,122 INFO  [org.apa.kaf.com.uti.AppInfoParser] (Thread-260) App info kafka.producer for Producer-topic-11dd3b30_2fa7_4982_a847_cf860f13e576 unregistered
2025-07-31 02:22:19,123 INFO  [org.apa.kaf.cli.con.ConsumerConfig] (main) ConsumerConfig values: 
	allow.auto.create.topics = true
	auto.commit.interval.ms = 500
	auto.include.jmx.reporter = true
	auto.offset.reset = earliest
	bootstrap.servers = [PLAINTEXT://localhost:32770]
	check.crcs = true
	client.dns.lookup = use_all_dns_ips
	client.id = consumer-Consumer-topic-11dd3b30_2fa7_4982_a847_cf860f13e576-19
	client.rack = 
	connections.max.idle.ms = 10000
	default.api.timeout.ms = 60000
	enable.auto.commit = true
	enable.metrics.push = true
	exclude.internal.topics = true
	fetch.max.bytes = 52428800
	fetch.max.wait.ms = 500
	fetch.min.bytes = 1
	group.id = Consumer-topic-11dd3b30_2fa7_4982_a847_cf860f13e576
	group.instance.id = null
	group.protocol = classic
	group.remote.assignor = null
	heartbeat.interval.ms = 3000
	interceptor.classes = []
	internal.leave.group.on.close = true
	internal.throw.on.fetch.stable.offset.unsupported = false
	isolation.level = read_uncommitted
	key.deserializer = class org.apache.kafka.common.serialization.StringDeserializer
	max.partition.fetch.bytes = 1048576
	max.poll.interval.ms = 300000
	max.poll.records = 500
	metadata.max.age.ms = 300000
	metadata.recovery.strategy = none
	metric.reporters = []
	metrics.num.samples = 2
	metrics.recording.level = INFO
	metrics.sample.window.ms = 30000
	partition.assignment.strategy = [class org.apache.kafka.clients.consumer.RangeAssignor, class org.apache.kafka.clients.consumer.CooperativeStickyAssignor]
	receive.buffer.bytes = 65536
	reconnect.backoff.max.ms = 1000
	reconnect.backoff.ms = 50
	request.timeout.ms = 5000
	retry.backoff.max.ms = 1000
	retry.backoff.ms = 100
	sasl.client.callback.handler.class = null
	sasl.jaas.config = null
	sasl.kerberos.kinit.cmd = /usr/bin/kinit
	sasl.kerberos.min.time.before.relogin = 60000
	sasl.kerberos.service.name = null
	sasl.kerberos.ticket.renew.jitter = 0.05
	sasl.kerberos.ticket.renew.window.factor = 0.8
	sasl.login.callback.handler.class = null
	sasl.login.class = null
	sasl.login.connect.timeout.ms = null
	sasl.login.read.timeout.ms = null
	sasl.login.refresh.buffer.seconds = 300
	sasl.login.refresh.min.period.seconds = 60
	sasl.login.refresh.window.factor = 0.8
	sasl.login.refresh.window.jitter = 0.05
	sasl.login.retry.backoff.max.ms = 10000
	sasl.login.retry.backoff.ms = 100
	sasl.mechanism = GSSAPI
	sasl.oauthbearer.clock.skew.seconds = 30
	sasl.oauthbearer.expected.audience = null
	sasl.oauthbearer.expected.issuer = null
	sasl.oauthbearer.header.urlencode = false
	sasl.oauthbearer.jwks.endpoint.refresh.ms = 3600000
	sasl.oauthbearer.jwks.endpoint.retry.backoff.max.ms = 10000
	sasl.oauthbearer.jwks.endpoint.retry.backoff.ms = 100
	sasl.oauthbearer.jwks.endpoint.url = null
	sasl.oauthbearer.scope.claim.name = scope
	sasl.oauthbearer.sub.claim.name = sub
	sasl.oauthbearer.token.endpoint.url = null
	security.protocol = PLAINTEXT
	security.providers = null
	send.buffer.bytes = 131072
	session.timeout.ms = 45000
	socket.connection.setup.timeout.max.ms = 30000
	socket.connection.setup.timeout.ms = 10000
	ssl.cipher.suites = null
	ssl.enabled.protocols = [TLSv1.2, TLSv1.3]
	ssl.endpoint.identification.algorithm = https
	ssl.engine.factory.class = null
	ssl.key.password = null
	ssl.keymanager.algorithm = SunX509
	ssl.keystore.certificate.chain = null
	ssl.keystore.key = null
	ssl.keystore.location = null
	ssl.keystore.password = null
	ssl.keystore.type = JKS
	ssl.protocol = TLSv1.3
	ssl.provider = null
	ssl.secure.random.implementation = null
	ssl.trustmanager.algorithm = PKIX
	ssl.truststore.certificates = null
	ssl.truststore.location = null
	ssl.truststore.password = null
	ssl.truststore.type = JKS
	value.deserializer = class io.apicurio.registry.serde.jsonschema.JsonSchemaKafkaDeserializer

2025-07-31 02:22:19,123 INFO  [org.apa.kaf.com.tel.int.KafkaMetricsCollector] (main) initializing Kafka metrics collector
2025-07-31 02:22:19,130 INFO  [org.apa.kaf.cli.con.ConsumerConfig] (main) These configurations '[apicurio.registry.deserializer.value.return-class, apicurio.registry.url]' were supplied but are not used yet.
2025-07-31 02:22:19,130 INFO  [org.apa.kaf.com.uti.AppInfoParser] (main) Kafka version: 3.9.0
2025-07-31 02:22:19,130 INFO  [org.apa.kaf.com.uti.AppInfoParser] (main) Kafka commitId: 84caaa6e9da06435
2025-07-31 02:22:19,130 INFO  [org.apa.kaf.com.uti.AppInfoParser] (main) Kafka startTimeMs: 1753928539130
2025-07-31 02:22:19,130 INFO  [org.apa.kaf.cli.con.int.ClassicKafkaConsumer] (Thread-263) [Consumer clientId=consumer-Consumer-topic-11dd3b30_2fa7_4982_a847_cf860f13e576-19, groupId=Consumer-topic-11dd3b30_2fa7_4982_a847_cf860f13e576] Subscribed to topic(s): topic-11dd3b30_2fa7_4982_a847_cf860f13e576
2025-07-31 02:22:19,135 INFO  [org.apa.kaf.cli.Metadata] (Thread-263) [Consumer clientId=consumer-Consumer-topic-11dd3b30_2fa7_4982_a847_cf860f13e576-19, groupId=Consumer-topic-11dd3b30_2fa7_4982_a847_cf860f13e576] Cluster ID: d3IyjYRDQrmXThhQeh46ug
2025-07-31 02:22:19,135 INFO  [org.apa.kaf.cli.con.int.ConsumerCoordinator] (Thread-263) [Consumer clientId=consumer-Consumer-topic-11dd3b30_2fa7_4982_a847_cf860f13e576-19, groupId=Consumer-topic-11dd3b30_2fa7_4982_a847_cf860f13e576] Discovered group coordinator localhost:32770 (id: 2147483647 rack: null)
2025-07-31 02:22:19,137 INFO  [org.apa.kaf.cli.con.int.ConsumerCoordinator] (Thread-263) [Consumer clientId=consumer-Consumer-topic-11dd3b30_2fa7_4982_a847_cf860f13e576-19, groupId=Consumer-topic-11dd3b30_2fa7_4982_a847_cf860f13e576] (Re-)joining group
2025-07-31 02:22:19,139 INFO  [org.apa.kaf.cli.con.int.ConsumerCoordinator] (Thread-263) [Consumer clientId=consumer-Consumer-topic-11dd3b30_2fa7_4982_a847_cf860f13e576-19, groupId=Consumer-topic-11dd3b30_2fa7_4982_a847_cf860f13e576] Request joining group due to: need to re-join with the given member-id: consumer-Consumer-topic-11dd3b30_2fa7_4982_a847_cf860f13e576-19-17fd97a4-3d69-4e44-9233-b57c645c411f
2025-07-31 02:22:19,140 INFO  [org.apa.kaf.cli.con.int.ConsumerCoordinator] (Thread-263) [Consumer clientId=consumer-Consumer-topic-11dd3b30_2fa7_4982_a847_cf860f13e576-19, groupId=Consumer-topic-11dd3b30_2fa7_4982_a847_cf860f13e576] (Re-)joining group
2025-07-31 02:22:19,141 INFO  [org.apa.kaf.cli.con.int.ConsumerCoordinator] (Thread-263) [Consumer clientId=consumer-Consumer-topic-11dd3b30_2fa7_4982_a847_cf860f13e576-19, groupId=Consumer-topic-11dd3b30_2fa7_4982_a847_cf860f13e576] Successfully joined group with generation Generation{generationId=1, memberId='consumer-Consumer-topic-11dd3b30_2fa7_4982_a847_cf860f13e576-19-17fd97a4-3d69-4e44-9233-b57c645c411f', protocol='range'}
2025-07-31 02:22:19,142 INFO  [org.apa.kaf.cli.con.int.ConsumerCoordinator] (Thread-263) [Consumer clientId=consumer-Consumer-topic-11dd3b30_2fa7_4982_a847_cf860f13e576-19, groupId=Consumer-topic-11dd3b30_2fa7_4982_a847_cf860f13e576] Finished assignment for group at generation 1: {consumer-Consumer-topic-11dd3b30_2fa7_4982_a847_cf860f13e576-19-17fd97a4-3d69-4e44-9233-b57c645c411f=Assignment(partitions=[topic-11dd3b30_2fa7_4982_a847_cf860f13e576-0])}
2025-07-31 02:22:19,143 INFO  [org.apa.kaf.cli.con.int.ConsumerCoordinator] (Thread-263) [Consumer clientId=consumer-Consumer-topic-11dd3b30_2fa7_4982_a847_cf860f13e576-19, groupId=Consumer-topic-11dd3b30_2fa7_4982_a847_cf860f13e576] Successfully synced group in generation Generation{generationId=1, memberId='consumer-Consumer-topic-11dd3b30_2fa7_4982_a847_cf860f13e576-19-17fd97a4-3d69-4e44-9233-b57c645c411f', protocol='range'}
2025-07-31 02:22:19,143 INFO  [org.apa.kaf.cli.con.int.ConsumerCoordinator] (Thread-263) [Consumer clientId=consumer-Consumer-topic-11dd3b30_2fa7_4982_a847_cf860f13e576-19, groupId=Consumer-topic-11dd3b30_2fa7_4982_a847_cf860f13e576] Notifying assignor about the new Assignment(partitions=[topic-11dd3b30_2fa7_4982_a847_cf860f13e576-0])
2025-07-31 02:22:19,143 INFO  [org.apa.kaf.cli.con.int.ConsumerRebalanceListenerInvoker] (Thread-263) [Consumer clientId=consumer-Consumer-topic-11dd3b30_2fa7_4982_a847_cf860f13e576-19, groupId=Consumer-topic-11dd3b30_2fa7_4982_a847_cf860f13e576] Adding newly assigned partitions: topic-11dd3b30_2fa7_4982_a847_cf860f13e576-0
2025-07-31 02:22:19,144 INFO  [org.apa.kaf.cli.con.int.ConsumerCoordinator] (Thread-263) [Consumer clientId=consumer-Consumer-topic-11dd3b30_2fa7_4982_a847_cf860f13e576-19, groupId=Consumer-topic-11dd3b30_2fa7_4982_a847_cf860f13e576] Found no committed offset for partition topic-11dd3b30_2fa7_4982_a847_cf860f13e576-0
2025-07-31 02:22:19,147 INFO  [org.apa.kaf.cli.con.int.SubscriptionState] (Thread-263) [Consumer clientId=consumer-Consumer-topic-11dd3b30_2fa7_4982_a847_cf860f13e576-19, groupId=Consumer-topic-11dd3b30_2fa7_4982_a847_cf860f13e576] Resetting offset for partition topic-11dd3b30_2fa7_4982_a847_cf860f13e576-0 to position FetchPosition{offset=0, offsetEpoch=Optional.empty, currentLeader=LeaderAndEpoch{leader=Optional[localhost:32770 (id: 0 rack: null)], epoch=0}}.
2025-07-31 02:22:19,174 INFO  [io.api.tes.ser.api.KafkaSerdesTester] (Thread-263) topic-11dd3b30_2fa7_4982_a847_cf860f13e576 0 0 {message=Hello 0, time=1753928539059}
2025-07-31 02:22:19,174 INFO  [io.api.tes.ser.api.KafkaSerdesTester] (Thread-263) topic-11dd3b30_2fa7_4982_a847_cf860f13e576 0 1 {message=Hello 1, time=1753928539100}
2025-07-31 02:22:19,174 INFO  [io.api.tes.ser.api.KafkaSerdesTester] (Thread-263) topic-11dd3b30_2fa7_4982_a847_cf860f13e576 0 2 {message=Hello 2, time=1753928539103}
2025-07-31 02:22:19,174 INFO  [io.api.tes.ser.api.KafkaSerdesTester] (Thread-263) topic-11dd3b30_2fa7_4982_a847_cf860f13e576 0 3 {message=Hello 3, time=1753928539104}
2025-07-31 02:22:19,174 INFO  [io.api.tes.ser.api.KafkaSerdesTester] (Thread-263) topic-11dd3b30_2fa7_4982_a847_cf860f13e576 0 4 {message=Hello 4, time=1753928539109}
2025-07-31 02:22:19,174 INFO  [io.api.tes.ser.api.KafkaSerdesTester] (Thread-263) topic-11dd3b30_2fa7_4982_a847_cf860f13e576 0 5 {message=Hello 5, time=1753928539111}
2025-07-31 02:22:19,174 INFO  [io.api.tes.ser.api.KafkaSerdesTester] (Thread-263) topic-11dd3b30_2fa7_4982_a847_cf860f13e576 0 6 {message=Hello 6, time=1753928539112}
2025-07-31 02:22:19,174 INFO  [io.api.tes.ser.api.KafkaSerdesTester] (Thread-263) topic-11dd3b30_2fa7_4982_a847_cf860f13e576 0 7 {message=Hello 7, time=1753928539114}
2025-07-31 02:22:19,174 INFO  [io.api.tes.ser.api.KafkaSerdesTester] (Thread-263) topic-11dd3b30_2fa7_4982_a847_cf860f13e576 0 8 {message=Hello 8, time=1753928539115}
2025-07-31 02:22:19,174 INFO  [io.api.tes.ser.api.KafkaSerdesTester] (Thread-263) topic-11dd3b30_2fa7_4982_a847_cf860f13e576 0 9 {message=Hello 9, time=1753928539118}
2025-07-31 02:22:19,174 INFO  [io.api.tes.ser.api.KafkaSerdesTester] (Thread-263) Consumed 10 messages
2025-07-31 02:22:19,176 INFO  [org.apa.kaf.cli.con.int.ConsumerRebalanceListenerInvoker] (Thread-263) [Consumer clientId=consumer-Consumer-topic-11dd3b30_2fa7_4982_a847_cf860f13e576-19, groupId=Consumer-topic-11dd3b30_2fa7_4982_a847_cf860f13e576] Revoke previously assigned partitions topic-11dd3b30_2fa7_4982_a847_cf860f13e576-0
2025-07-31 02:22:19,176 INFO  [org.apa.kaf.cli.con.int.ConsumerCoordinator] (Thread-263) [Consumer clientId=consumer-Consumer-topic-11dd3b30_2fa7_4982_a847_cf860f13e576-19, groupId=Consumer-topic-11dd3b30_2fa7_4982_a847_cf860f13e576] Member consumer-Consumer-topic-11dd3b30_2fa7_4982_a847_cf860f13e576-19-17fd97a4-3d69-4e44-9233-b57c645c411f sending LeaveGroup request to coordinator localhost:32770 (id: 2147483647 rack: null) due to the consumer is being closed
2025-07-31 02:22:19,176 INFO  [org.apa.kaf.cli.con.int.ConsumerCoordinator] (Thread-263) [Consumer clientId=consumer-Consumer-topic-11dd3b30_2fa7_4982_a847_cf860f13e576-19, groupId=Consumer-topic-11dd3b30_2fa7_4982_a847_cf860f13e576] Resetting generation and member id due to: consumer pro-actively leaving the group
2025-07-31 02:22:19,177 INFO  [org.apa.kaf.cli.con.int.ConsumerCoordinator] (Thread-263) [Consumer clientId=consumer-Consumer-topic-11dd3b30_2fa7_4982_a847_cf860f13e576-19, groupId=Consumer-topic-11dd3b30_2fa7_4982_a847_cf860f13e576] Request joining group due to: consumer pro-actively leaving the group
2025-07-31 02:22:19,678 INFO  [org.apa.kaf.com.met.Metrics] (Thread-263) Metrics scheduler closed
2025-07-31 02:22:19,678 INFO  [org.apa.kaf.com.met.Metrics] (Thread-263) Closing reporter org.apache.kafka.common.metrics.JmxReporter
2025-07-31 02:22:19,678 INFO  [org.apa.kaf.com.met.Metrics] (Thread-263) Closing reporter org.apache.kafka.common.telemetry.internals.ClientTelemetryReporter
2025-07-31 02:22:19,678 INFO  [org.apa.kaf.com.met.Metrics] (Thread-263) Metrics reporters closed
2025-07-31 02:22:19,680 INFO  [org.apa.kaf.com.uti.AppInfoParser] (Thread-263) App info kafka.consumer for consumer-Consumer-topic-11dd3b30_2fa7_4982_a847_cf860f13e576-19 unregistered
2025-07-31 02:22:19,681 INFO  [io.api.tes.uti.TestSeparator] (main) io.apicurio.tests.serdes.apicurio.JsonSchemaSerdeIT.testConsumeReturnSpecificClass-FINISHED
2025-07-31 02:22:19,682 INFO  [io.api.tes.uti.TestSeparator] (main) ############################################################################
]]></system-out>
  </testcase>
</testsuite>