<?xml version="1.0" encoding="UTF-8"?>
<testsuite xmlns:xsi="http://www.w3.org/2001/XMLSchema-instance" xsi:noNamespaceSchemaLocation="https://maven.apache.org/surefire/maven-failsafe-plugin/xsd/failsafe-test-report.xsd" version="3.0.2" name="io.apicurio.tests.serdes.confluent.BasicConfluentSerDesIT" time="6.648" tests="8" errors="1" skipped="0" failures="0">
  <properties>
    <property name="java.specification.version" value="17"/>
    <property name="sun.jnu.encoding" value="UTF-8"/>
    <property name="java.class.path" value="/home/runner/work/apicurio-testing/apicurio-testing/clusters/ci419/namespaces/postgresql/tests/integration/apicurio-registry/integration-tests/target/test-classes:/home/runner/work/apicurio-testing/apicurio-testing/clusters/ci419/namespaces/postgresql/tests/integration/apicurio-registry/integration-tests/target/apicurio-registry-integration-tests-3.0.9.jar:/home/runner/.m2/repository/io/quarkus/quarkus-junit5/3.15.4/quarkus-junit5-3.15.4.jar:/home/runner/.m2/repository/io/quarkus/quarkus-bootstrap-core/3.15.4/quarkus-bootstrap-core-3.15.4.jar:/home/runner/.m2/repository/io/quarkus/quarkus-classloader-commons/3.15.4/quarkus-classloader-commons-3.15.4.jar:/home/runner/.m2/repository/io/quarkus/quarkus-bootstrap-app-model/3.15.4/quarkus-bootstrap-app-model-3.15.4.jar:/home/runner/.m2/repository/io/smallrye/common/smallrye-common-io/2.6.1/smallrye-common-io-2.6.1.jar:/home/runner/.m2/repository/org/eclipse/sisu/org.eclipse.sisu.inject/0.9.0.M3/org.eclipse.sisu.inject-0.9.0.M3.jar:/home/runner/.m2/repository/io/quarkus/quarkus-test-common/3.15.4/quarkus-test-common-3.15.4.jar:/home/runner/.m2/repository/io/quarkus/quarkus-core-deployment/3.15.4/quarkus-core-deployment-3.15.4.jar:/home/runner/.m2/repository/org/aesh/readline/2.6/readline-2.6.jar:/home/runner/.m2/repository/org/fusesource/jansi/jansi/2.4.0/jansi-2.4.0.jar:/home/runner/.m2/repository/org/aesh/aesh/2.8.2/aesh-2.8.2.jar:/home/runner/.m2/repository/io/quarkus/gizmo/gizmo/1.8.0/gizmo-1.8.0.jar:/home/runner/.m2/repository/org/ow2/asm/asm-util/9.7/asm-util-9.7.jar:/home/runner/.m2/repository/org/ow2/asm/asm-analysis/9.7/asm-analysis-9.7.jar:/home/runner/.m2/repository/org/ow2/asm/asm-commons/9.7/asm-commons-9.7.jar:/home/runner/.m2/repository/org/ow2/asm/asm-tree/9.7/asm-tree-9.7.jar:/home/runner/.m2/repository/io/quarkus/quarkus-hibernate-validator-spi/3.15.4/quarkus-hibernate-validator-spi-3.15.4.jar:/home/runner/.m2/repository/io/quarkus/quarkus-class-change-agent/3.15.4/quarkus-class-change-agent-3.15.4.jar:/home/runner/.m2/repository/io/quarkus/quarkus-devtools-utilities/3.15.4/quarkus-devtools-utilities-3.15.4.jar:/home/runner/.m2/repository/io/quarkus/quarkus-builder/3.15.4/quarkus-builder-3.15.4.jar:/home/runner/.m2/repository/org/graalvm/sdk/nativeimage/23.1.2/nativeimage-23.1.2.jar:/home/runner/.m2/repository/org/graalvm/sdk/word/23.1.2/word-23.1.2.jar:/home/runner/.m2/repository/io/quarkus/quarkus-bootstrap-maven-resolver/3.15.4/quarkus-bootstrap-maven-resolver-3.15.4.jar:/home/runner/.m2/repository/io/smallrye/beanbag/smallrye-beanbag-maven/1.5.2/smallrye-beanbag-maven-1.5.2.jar:/home/runner/.m2/repository/io/smallrye/beanbag/smallrye-beanbag-sisu/1.5.2/smallrye-beanbag-sisu-1.5.2.jar:/home/runner/.m2/repository/io/smallrye/beanbag/smallrye-beanbag/1.5.2/smallrye-beanbag-1.5.2.jar:/home/runner/.m2/repository/javax/inject/javax.inject/1/javax.inject-1.jar:/home/runner/.m2/repository/org/apache/maven/maven-artifact/3.9.8/maven-artifact-3.9.8.jar:/home/runner/.m2/repository/org/apache/maven/maven-builder-support/3.9.8/maven-builder-support-3.9.8.jar:/home/runner/.m2/repository/org/apache/maven/maven-model/3.9.8/maven-model-3.9.8.jar:/home/runner/.m2/repository/org/apache/maven/maven-model-builder/3.9.8/maven-model-builder-3.9.8.jar:/home/runner/.m2/repository/org/apache/maven/maven-repository-metadata/3.9.8/maven-repository-metadata-3.9.8.jar:/home/runner/.m2/repository/org/apache/maven/maven-settings/3.9.8/maven-settings-3.9.8.jar:/home/runner/.m2/repository/org/apache/maven/resolver/maven-resolver-api/1.9.22/maven-resolver-api-1.9.22.jar:/home/runner/.m2/repository/org/apache/maven/resolver/maven-resolver-impl/1.9.22/maven-resolver-impl-1.9.22.jar:/home/runner/.m2/repository/org/apache/maven/resolver/maven-resolver-named-locks/1.9.22/maven-resolver-named-locks-1.9.22.jar:/home/runner/.m2/repository/org/apache/maven/resolver/maven-resolver-spi/1.9.22/maven-resolver-spi-1.9.22.jar:/home/runner/.m2/repository/org/apache/maven/resolver/maven-resolver-util/1.9.22/maven-resolver-util-1.9.22.jar:/home/runner/.m2/repository/org/apache/maven/resolver/maven-resolver-transport-http/1.9.20/maven-resolver-transport-http-1.9.20.jar:/home/runner/.m2/repository/org/apache/maven/wagon/wagon-provider-api/3.5.3/wagon-provider-api-3.5.3.jar:/home/runner/.m2/repository/org/apache/maven/wagon/wagon-http-shared/3.5.3/wagon-http-shared-3.5.3.jar:/home/runner/.m2/repository/org/codehaus/plexus/plexus-interpolation/1.26/plexus-interpolation-1.26.jar:/home/runner/.m2/repository/org/codehaus/plexus/plexus-utils/3.5.1/plexus-utils-3.5.1.jar:/home/runner/.m2/repository/org/codehaus/plexus/plexus-xml/4.0.1/plexus-xml-4.0.1.jar:/home/runner/.m2/repository/org/apache/maven/maven-xml-impl/4.0.0-alpha-5/maven-xml-impl-4.0.0-alpha-5.jar:/home/runner/.m2/repository/org/apache/maven/maven-api-xml/4.0.0-alpha-5/maven-api-xml-4.0.0-alpha-5.jar:/home/runner/.m2/repository/org/apache/maven/maven-api-meta/4.0.0-alpha-5/maven-api-meta-4.0.0-alpha-5.jar:/home/runner/.m2/repository/org/codehaus/plexus/plexus-cipher/2.0/plexus-cipher-2.0.jar:/home/runner/.m2/repository/org/codehaus/plexus/plexus-sec-dispatcher/2.0/plexus-sec-dispatcher-2.0.jar:/home/runner/.m2/repository/org/apache/maven/maven-embedder/3.9.8/maven-embedder-3.9.8.jar:/home/runner/.m2/repository/org/apache/maven/maven-core/3.9.8/maven-core-3.9.8.jar:/home/runner/.m2/repository/org/codehaus/plexus/plexus-component-annotations/2.1.0/plexus-component-annotations-2.1.0.jar:/home/runner/.m2/repository/org/apache/maven/maven-plugin-api/3.9.8/maven-plugin-api-3.9.8.jar:/home/runner/.m2/repository/org/apache/maven/shared/maven-shared-utils/3.4.2/maven-shared-utils-3.4.2.jar:/home/runner/.m2/repository/com/google/inject/guice/5.1.0/guice-5.1.0.jar:/home/runner/.m2/repository/aopalliance/aopalliance/1.0/aopalliance-1.0.jar:/home/runner/.m2/repository/javax/annotation/javax.annotation-api/1.3.2/javax.annotation-api-1.3.2.jar:/home/runner/.m2/repository/org/codehaus/plexus/plexus-classworlds/2.6.0/plexus-classworlds-2.6.0.jar:/home/runner/.m2/repository/commons-cli/commons-cli/1.8.0/commons-cli-1.8.0.jar:/home/runner/.m2/repository/org/eclipse/sisu/org.eclipse.sisu.plexus/0.9.0.M3/org.eclipse.sisu.plexus-0.9.0.M3.jar:/home/runner/.m2/repository/org/apache/maven/maven-settings-builder/3.9.8/maven-settings-builder-3.9.8.jar:/home/runner/.m2/repository/org/apache/maven/maven-resolver-provider/3.9.8/maven-resolver-provider-3.9.8.jar:/home/runner/.m2/repository/org/apache/maven/resolver/maven-resolver-connector-basic/1.9.22/maven-resolver-connector-basic-1.9.22.jar:/home/runner/.m2/repository/org/apache/maven/resolver/maven-resolver-transport-wagon/1.9.22/maven-resolver-transport-wagon-1.9.22.jar:/home/runner/.m2/repository/org/apache/maven/wagon/wagon-http/3.5.3/wagon-http-3.5.3.jar:/home/runner/.m2/repository/org/apache/maven/wagon/wagon-file/3.5.3/wagon-file-3.5.3.jar:/home/runner/.m2/repository/io/quarkus/quarkus-bootstrap-gradle-resolver/3.15.4/quarkus-bootstrap-gradle-resolver-3.15.4.jar:/home/runner/.m2/repository/io/smallrye/jandex/3.2.3/jandex-3.2.3.jar:/home/runner/.m2/repository/org/jboss/logging/commons-logging-jboss-logging/1.0.0.Final/commons-logging-jboss-logging-1.0.0.Final.jar:/home/runner/.m2/repository/io/quarkus/quarkus-junit5-properties/3.15.4/quarkus-junit5-properties-3.15.4.jar:/home/runner/.m2/repository/org/junit/jupiter/junit-jupiter/5.10.3/junit-jupiter-5.10.3.jar:/home/runner/.m2/repository/org/junit/jupiter/junit-jupiter-api/5.10.3/junit-jupiter-api-5.10.3.jar:/home/runner/.m2/repository/org/junit/jupiter/junit-jupiter-params/5.10.3/junit-jupiter-params-5.10.3.jar:/home/runner/.m2/repository/org/junit/jupiter/junit-jupiter-engine/5.10.3/junit-jupiter-engine-5.10.3.jar:/home/runner/.m2/repository/io/quarkus/quarkus-core/3.15.4/quarkus-core-3.15.4.jar:/home/runner/.m2/repository/jakarta/enterprise/jakarta.enterprise.cdi-api/4.1.0/jakarta.enterprise.cdi-api-4.1.0.jar:/home/runner/.m2/repository/jakarta/enterprise/jakarta.enterprise.lang-model/4.1.0/jakarta.enterprise.lang-model-4.1.0.jar:/home/runner/.m2/repository/jakarta/el/jakarta.el-api/5.0.1/jakarta.el-api-5.0.1.jar:/home/runner/.m2/repository/jakarta/interceptor/jakarta.interceptor-api/2.2.0/jakarta.interceptor-api-2.2.0.jar:/home/runner/.m2/repository/jakarta/inject/jakarta.inject-api/2.0.1/jakarta.inject-api-2.0.1.jar:/home/runner/.m2/repository/io/smallrye/common/smallrye-common-os/2.6.1/smallrye-common-os-2.6.1.jar:/home/runner/.m2/repository/io/quarkus/quarkus-ide-launcher/3.15.4/quarkus-ide-launcher-3.15.4.jar:/home/runner/.m2/repository/io/quarkus/quarkus-development-mode-spi/3.15.4/quarkus-development-mode-spi-3.15.4.jar:/home/runner/.m2/repository/io/smallrye/config/smallrye-config/3.9.1/smallrye-config-3.9.1.jar:/home/runner/.m2/repository/io/smallrye/config/smallrye-config-core/3.9.1/smallrye-config-core-3.9.1.jar:/home/runner/.m2/repository/io/smallrye/common/smallrye-common-annotation/2.6.1/smallrye-common-annotation-2.6.1.jar:/home/runner/.m2/repository/io/smallrye/common/smallrye-common-classloader/2.6.1/smallrye-common-classloader-2.6.1.jar:/home/runner/.m2/repository/io/smallrye/config/smallrye-config-common/3.9.1/smallrye-config-common-3.9.1.jar:/home/runner/.m2/repository/org/jboss/logging/jboss-logging/3.6.0.Final/jboss-logging-3.6.0.Final.jar:/home/runner/.m2/repository/org/jboss/logmanager/jboss-logmanager/3.1.1.Final/jboss-logmanager-3.1.1.Final.jar:/home/runner/.m2/repository/io/smallrye/common/smallrye-common-constraint/2.6.1/smallrye-common-constraint-2.6.1.jar:/home/runner/.m2/repository/io/smallrye/common/smallrye-common-cpu/2.6.1/smallrye-common-cpu-2.6.1.jar:/home/runner/.m2/repository/io/smallrye/common/smallrye-common-expression/2.6.1/smallrye-common-expression-2.6.1.jar:/home/runner/.m2/repository/io/smallrye/common/smallrye-common-function/2.6.1/smallrye-common-function-2.6.1.jar:/home/runner/.m2/repository/io/smallrye/common/smallrye-common-net/2.6.1/smallrye-common-net-2.6.1.jar:/home/runner/.m2/repository/io/smallrye/common/smallrye-common-ref/2.6.1/smallrye-common-ref-2.6.1.jar:/home/runner/.m2/repository/jakarta/json/jakarta.json-api/2.1.3/jakarta.json-api-2.1.3.jar:/home/runner/.m2/repository/org/eclipse/parsson/parsson/1.1.7/parsson-1.1.7.jar:/home/runner/.m2/repository/org/jboss/logging/jboss-logging-annotations/3.0.1.Final/jboss-logging-annotations-3.0.1.Final.jar:/home/runner/.m2/repository/org/jboss/threads/jboss-threads/3.6.1.Final/jboss-threads-3.6.1.Final.jar:/home/runner/.m2/repository/org/jboss/slf4j/slf4j-jboss-logmanager/2.0.0.Final/slf4j-jboss-logmanager-2.0.0.Final.jar:/home/runner/.m2/repository/org/wildfly/common/wildfly-common/1.7.0.Final/wildfly-common-1.7.0.Final.jar:/home/runner/.m2/repository/io/quarkus/quarkus-bootstrap-runner/3.15.4/quarkus-bootstrap-runner-3.15.4.jar:/home/runner/.m2/repository/io/github/crac/org-crac/0.1.3/org-crac-0.1.3.jar:/home/runner/.m2/repository/io/quarkus/quarkus-fs-util/0.0.10/quarkus-fs-util-0.0.10.jar:/home/runner/.m2/repository/org/jboss/marshalling/jboss-marshalling/2.2.1.Final/jboss-marshalling-2.2.1.Final.jar:/home/runner/.m2/repository/io/fabric8/kubernetes-client/6.13.5/kubernetes-client-6.13.5.jar:/home/runner/.m2/repository/io/fabric8/kubernetes-client-api/6.13.5/kubernetes-client-api-6.13.5.jar:/home/runner/.m2/repository/io/fabric8/kubernetes-model-core/6.13.5/kubernetes-model-core-6.13.5.jar:/home/runner/.m2/repository/io/fabric8/kubernetes-model-common/6.13.5/kubernetes-model-common-6.13.5.jar:/home/runner/.m2/repository/io/fabric8/kubernetes-model-gatewayapi/6.13.5/kubernetes-model-gatewayapi-6.13.5.jar:/home/runner/.m2/repository/io/fabric8/kubernetes-model-resource/6.13.5/kubernetes-model-resource-6.13.5.jar:/home/runner/.m2/repository/io/fabric8/kubernetes-model-rbac/6.13.5/kubernetes-model-rbac-6.13.5.jar:/home/runner/.m2/repository/io/fabric8/kubernetes-model-admissionregistration/6.13.5/kubernetes-model-admissionregistration-6.13.5.jar:/home/runner/.m2/repository/io/fabric8/kubernetes-model-apps/6.13.5/kubernetes-model-apps-6.13.5.jar:/home/runner/.m2/repository/io/fabric8/kubernetes-model-autoscaling/6.13.5/kubernetes-model-autoscaling-6.13.5.jar:/home/runner/.m2/repository/io/fabric8/kubernetes-model-apiextensions/6.13.5/kubernetes-model-apiextensions-6.13.5.jar:/home/runner/.m2/repository/io/fabric8/kubernetes-model-batch/6.13.5/kubernetes-model-batch-6.13.5.jar:/home/runner/.m2/repository/io/fabric8/kubernetes-model-certificates/6.13.5/kubernetes-model-certificates-6.13.5.jar:/home/runner/.m2/repository/io/fabric8/kubernetes-model-coordination/6.13.5/kubernetes-model-coordination-6.13.5.jar:/home/runner/.m2/repository/io/fabric8/kubernetes-model-discovery/6.13.5/kubernetes-model-discovery-6.13.5.jar:/home/runner/.m2/repository/io/fabric8/kubernetes-model-events/6.13.5/kubernetes-model-events-6.13.5.jar:/home/runner/.m2/repository/io/fabric8/kubernetes-model-extensions/6.13.5/kubernetes-model-extensions-6.13.5.jar:/home/runner/.m2/repository/io/fabric8/kubernetes-model-flowcontrol/6.13.5/kubernetes-model-flowcontrol-6.13.5.jar:/home/runner/.m2/repository/io/fabric8/kubernetes-model-networking/6.13.5/kubernetes-model-networking-6.13.5.jar:/home/runner/.m2/repository/io/fabric8/kubernetes-model-metrics/6.13.5/kubernetes-model-metrics-6.13.5.jar:/home/runner/.m2/repository/io/fabric8/kubernetes-model-policy/6.13.5/kubernetes-model-policy-6.13.5.jar:/home/runner/.m2/repository/io/fabric8/kubernetes-model-scheduling/6.13.5/kubernetes-model-scheduling-6.13.5.jar:/home/runner/.m2/repository/io/fabric8/kubernetes-model-storageclass/6.13.5/kubernetes-model-storageclass-6.13.5.jar:/home/runner/.m2/repository/io/fabric8/kubernetes-model-node/6.13.5/kubernetes-model-node-6.13.5.jar:/home/runner/.m2/repository/org/snakeyaml/snakeyaml-engine/2.7/snakeyaml-engine-2.7.jar:/home/runner/.m2/repository/com/fasterxml/jackson/dataformat/jackson-dataformat-yaml/2.15.2/jackson-dataformat-yaml-2.15.2.jar:/home/runner/.m2/repository/com/fasterxml/jackson/datatype/jackson-datatype-jsr310/2.17.2/jackson-datatype-jsr310-2.17.2.jar:/home/runner/.m2/repository/io/fabric8/zjsonpatch/0.3.0/zjsonpatch-0.3.0.jar:/home/runner/.m2/repository/io/fabric8/kubernetes-httpclient-vertx/6.13.5/kubernetes-httpclient-vertx-6.13.5.jar:/home/runner/.m2/repository/io/vertx/vertx-web-client/4.5.13/vertx-web-client-4.5.13.jar:/home/runner/.m2/repository/io/vertx/vertx-web-common/4.5.13/vertx-web-common-4.5.13.jar:/home/runner/.m2/repository/io/vertx/vertx-auth-common/4.5.13/vertx-auth-common-4.5.13.jar:/home/runner/.m2/repository/io/vertx/vertx-uri-template/4.5.13/vertx-uri-template-4.5.13.jar:/home/runner/.m2/repository/io/fabric8/openshift-client/6.13.5/openshift-client-6.13.5.jar:/home/runner/.m2/repository/io/fabric8/openshift-client-api/6.13.5/openshift-client-api-6.13.5.jar:/home/runner/.m2/repository/io/fabric8/openshift-model/6.13.5/openshift-model-6.13.5.jar:/home/runner/.m2/repository/io/fabric8/openshift-model-clusterautoscaling/6.13.5/openshift-model-clusterautoscaling-6.13.5.jar:/home/runner/.m2/repository/io/fabric8/openshift-model-operator/6.13.5/openshift-model-operator-6.13.5.jar:/home/runner/.m2/repository/io/fabric8/openshift-model-operatorhub/6.13.5/openshift-model-operatorhub-6.13.5.jar:/home/runner/.m2/repository/io/fabric8/openshift-model-machine/6.13.5/openshift-model-machine-6.13.5.jar:/home/runner/.m2/repository/io/fabric8/openshift-model-whereabouts/6.13.5/openshift-model-whereabouts-6.13.5.jar:/home/runner/.m2/repository/io/fabric8/openshift-model-monitoring/6.13.5/openshift-model-monitoring-6.13.5.jar:/home/runner/.m2/repository/io/fabric8/openshift-model-storageversionmigrator/6.13.5/openshift-model-storageversionmigrator-6.13.5.jar:/home/runner/.m2/repository/io/fabric8/openshift-model-tuned/6.13.5/openshift-model-tuned-6.13.5.jar:/home/runner/.m2/repository/io/fabric8/openshift-model-console/6.13.5/openshift-model-console-6.13.5.jar:/home/runner/.m2/repository/io/fabric8/openshift-model-config/6.13.5/openshift-model-config-6.13.5.jar:/home/runner/.m2/repository/io/fabric8/openshift-model-machineconfig/6.13.5/openshift-model-machineconfig-6.13.5.jar:/home/runner/.m2/repository/io/fabric8/openshift-model-miscellaneous/6.13.5/openshift-model-miscellaneous-6.13.5.jar:/home/runner/.m2/repository/io/fabric8/openshift-model-hive/6.13.5/openshift-model-hive-6.13.5.jar:/home/runner/.m2/repository/io/fabric8/openshift-model-installer/6.13.5/openshift-model-installer-6.13.5.jar:/home/runner/.m2/repository/com/github/mifmif/generex/1.0.2/generex-1.0.2.jar:/home/runner/.m2/repository/dk/brics/automaton/automaton/1.11-8/automaton-1.11-8.jar:/home/runner/.m2/repository/org/junit/platform/junit-platform-launcher/1.10.3/junit-platform-launcher-1.10.3.jar:/home/runner/.m2/repository/org/junit/platform/junit-platform-engine/1.10.3/junit-platform-engine-1.10.3.jar:/home/runner/.m2/repository/org/opentest4j/opentest4j/1.3.0/opentest4j-1.3.0.jar:/home/runner/.m2/repository/org/junit/platform/junit-platform-commons/1.10.3/junit-platform-commons-1.10.3.jar:/home/runner/.m2/repository/org/apiguardian/apiguardian-api/1.1.2/apiguardian-api-1.1.2.jar:/home/runner/.m2/repository/jakarta/ws/rs/jakarta.ws.rs-api/3.1.0/jakarta.ws.rs-api-3.1.0.jar:/home/runner/work/apicurio-testing/apicurio-testing/clusters/ci419/namespaces/postgresql/tests/integration/apicurio-registry/java-sdk/target/apicurio-registry-java-sdk-3.0.9.jar:/home/runner/.m2/repository/com/microsoft/kiota/microsoft-kiota-abstractions/1.8.4/microsoft-kiota-abstractions-1.8.4.jar:/home/runner/.m2/repository/io/github/std-uritemplate/std-uritemplate/2.0.0/std-uritemplate-2.0.0.jar:/home/runner/.m2/repository/io/kiota/kiota-http-jdk/0.0.21/kiota-http-jdk-0.0.21.jar:/home/runner/.m2/repository/io/kiota/kiota-http-vertx/0.0.21/kiota-http-vertx-0.0.21.jar:/home/runner/.m2/repository/io/kiota/kiota-serialization-jackson/0.0.21/kiota-serialization-jackson-0.0.21.jar:/home/runner/.m2/repository/com/microsoft/kiota/microsoft-kiota-serialization-text/1.8.4/microsoft-kiota-serialization-text-1.8.4.jar:/home/runner/.m2/repository/com/microsoft/kiota/microsoft-kiota-serialization-form/1.8.4/microsoft-kiota-serialization-form-1.8.4.jar:/home/runner/.m2/repository/com/microsoft/kiota/microsoft-kiota-serialization-multipart/1.8.4/microsoft-kiota-serialization-multipart-1.8.4.jar:/home/runner/.m2/repository/jakarta/annotation/jakarta.annotation-api/3.0.0/jakarta.annotation-api-3.0.0.jar:/home/runner/.m2/repository/io/vertx/vertx-auth-oauth2/4.5.13/vertx-auth-oauth2-4.5.13.jar:/home/runner/work/apicurio-testing/apicurio-testing/clusters/ci419/namespaces/postgresql/tests/integration/apicurio-registry/java-sdk-v2/target/apicurio-registry-v2-java-sdk-3.0.9.jar:/home/runner/work/apicurio-testing/apicurio-testing/clusters/ci419/namespaces/postgresql/tests/integration/apicurio-registry/utils/kafka/target/apicurio-registry-utils-kafka-3.0.9-tests.jar:/home/runner/.m2/repository/org/eclipse/microprofile/config/microprofile-config-api/3.1/microprofile-config-api-3.1.jar:/home/runner/.m2/repository/org/apache/kafka/kafka-clients/3.9.0/kafka-clients-3.9.0.jar:/home/runner/.m2/repository/com/github/luben/zstd-jni/1.5.6-4/zstd-jni-1.5.6-4.jar:/home/runner/.m2/repository/org/lz4/lz4-java/1.8.0/lz4-java-1.8.0.jar:/home/runner/.m2/repository/org/xerial/snappy/snappy-java/1.1.10.5/snappy-java-1.1.10.5.jar:/home/runner/.m2/repository/org/slf4j/slf4j-api/2.0.6/slf4j-api-2.0.6.jar:/home/runner/work/apicurio-testing/apicurio-testing/clusters/ci419/namespaces/postgresql/tests/integration/apicurio-registry/utils/tests/target/apicurio-registry-utils-tests-3.0.9.jar:/home/runner/work/apicurio-testing/apicurio-testing/clusters/ci419/namespaces/postgresql/tests/integration/apicurio-registry/common/target/apicurio-registry-common-3.0.9.jar:/home/runner/.m2/repository/jakarta/validation/jakarta.validation-api/3.0.2/jakarta.validation-api-3.0.2.jar:/home/runner/.m2/repository/com/github/dasniko/testcontainers-keycloak/3.6.0/testcontainers-keycloak-3.6.0.jar:/home/runner/.m2/repository/org/testcontainers/testcontainers/1.20.1/testcontainers-1.20.1.jar:/home/runner/.m2/repository/org/rnorth/duct-tape/duct-tape/1.0.8/duct-tape-1.0.8.jar:/home/runner/.m2/repository/org/jetbrains/annotations/24.1.0/annotations-24.1.0.jar:/home/runner/.m2/repository/com/github/docker-java/docker-java-transport-zerodep/3.4.0/docker-java-transport-zerodep-3.4.0.jar:/home/runner/.m2/repository/com/github/docker-java/docker-java-transport/3.4.0/docker-java-transport-3.4.0.jar:/home/runner/.m2/repository/net/java/dev/jna/jna/5.8.0/jna-5.8.0.jar:/home/runner/.m2/repository/io/quarkus/quarkus-junit4-mock/3.15.4/quarkus-junit4-mock-3.15.4.jar:/home/runner/.m2/repository/org/jboss/shrinkwrap/shrinkwrap-api/2.0.0-beta-2/shrinkwrap-api-2.0.0-beta-2.jar:/home/runner/.m2/repository/org/jboss/shrinkwrap/shrinkwrap-impl-base/2.0.0-beta-2/shrinkwrap-impl-base-2.0.0-beta-2.jar:/home/runner/.m2/repository/org/jboss/shrinkwrap/shrinkwrap-spi/2.0.0-beta-2/shrinkwrap-spi-2.0.0-beta-2.jar:/home/runner/.m2/repository/org/keycloak/keycloak-admin-client/25.0.6/keycloak-admin-client-25.0.6.jar:/home/runner/.m2/repository/org/keycloak/keycloak-core/25.0.6/keycloak-core-25.0.6.jar:/home/runner/.m2/repository/org/keycloak/keycloak-common/25.0.6/keycloak-common-25.0.6.jar:/home/runner/.m2/repository/org/jboss/resteasy/resteasy-client/6.2.9.Final/resteasy-client-6.2.9.Final.jar:/home/runner/.m2/repository/org/jboss/resteasy/resteasy-client-api/6.2.9.Final/resteasy-client-api-6.2.9.Final.jar:/home/runner/.m2/repository/org/jboss/resteasy/resteasy-core-spi/6.2.9.Final/resteasy-core-spi-6.2.9.Final.jar:/home/runner/.m2/repository/org/jboss/resteasy/resteasy-core/6.2.9.Final/resteasy-core-6.2.9.Final.jar:/home/runner/.m2/repository/org/eclipse/angus/angus-activation/2.0.2/angus-activation-2.0.2.jar:/home/runner/.m2/repository/com/ibm/async/asyncutil/0.1.0/asyncutil-0.1.0.jar:/home/runner/.m2/repository/org/reactivestreams/reactive-streams/1.0.4/reactive-streams-1.0.4.jar:/home/runner/.m2/repository/org/jboss/resteasy/resteasy-multipart-provider/6.2.9.Final/resteasy-multipart-provider-6.2.9.Final.jar:/home/runner/.m2/repository/jakarta/mail/jakarta.mail-api/2.1.2/jakarta.mail-api-2.1.2.jar:/home/runner/.m2/repository/org/eclipse/angus/angus-mail/2.0.3/angus-mail-2.0.3.jar:/home/runner/.m2/repository/org/apache/james/apache-mime4j-dom/0.8.11/apache-mime4j-dom-0.8.11.jar:/home/runner/.m2/repository/org/apache/james/apache-mime4j-core/0.8.11/apache-mime4j-core-0.8.11.jar:/home/runner/.m2/repository/org/apache/james/apache-mime4j-storage/0.8.11/apache-mime4j-storage-0.8.11.jar:/home/runner/.m2/repository/org/jboss/resteasy/resteasy-jackson2-provider/6.2.9.Final/resteasy-jackson2-provider-6.2.9.Final.jar:/home/runner/.m2/repository/com/fasterxml/jackson/jakarta/rs/jackson-jakarta-rs-base/2.17.2/jackson-jakarta-rs-base-2.17.2.jar:/home/runner/.m2/repository/com/fasterxml/jackson/jakarta/rs/jackson-jakarta-rs-json-provider/2.17.2/jackson-jakarta-rs-json-provider-2.17.2.jar:/home/runner/.m2/repository/com/fasterxml/jackson/module/jackson-module-jakarta-xmlbind-annotations/2.17.2/jackson-module-jakarta-xmlbind-annotations-2.17.2.jar:/home/runner/.m2/repository/com/github/java-json-tools/json-patch/1.13/json-patch-1.13.jar:/home/runner/.m2/repository/com/github/java-json-tools/msg-simple/1.2/msg-simple-1.2.jar:/home/runner/.m2/repository/com/github/java-json-tools/btf/1.3/btf-1.3.jar:/home/runner/.m2/repository/com/github/java-json-tools/jackson-coreutils/2.0/jackson-coreutils-2.0.jar:/home/runner/.m2/repository/org/jboss/resteasy/resteasy-jaxb-provider/6.2.9.Final/resteasy-jaxb-provider-6.2.9.Final.jar:/home/runner/.m2/repository/org/glassfish/jaxb/codemodel/4.0.3/codemodel-4.0.3.jar:/home/runner/.m2/repository/org/glassfish/jaxb/jaxb-core/4.0.5/jaxb-core-4.0.5.jar:/home/runner/.m2/repository/org/glassfish/jaxb/jaxb-jxc/4.0.3/jaxb-jxc-4.0.3.jar:/home/runner/.m2/repository/org/glassfish/jaxb/jaxb-runtime/4.0.5/jaxb-runtime-4.0.5.jar:/home/runner/.m2/repository/org/glassfish/jaxb/txw2/4.0.5/txw2-4.0.5.jar:/home/runner/.m2/repository/org/glassfish/jaxb/jaxb-xjc/4.0.3/jaxb-xjc-4.0.3.jar:/home/runner/.m2/repository/org/glassfish/jaxb/xsom/4.0.3/xsom-4.0.3.jar:/home/runner/.m2/repository/com/sun/istack/istack-commons-runtime/4.1.2/istack-commons-runtime-4.1.2.jar:/home/runner/.m2/repository/com/sun/istack/istack-commons-tools/4.1.2/istack-commons-tools-4.1.2.jar:/home/runner/.m2/repository/com/sun/xml/bind/external/relaxng-datatype/4.0.3/relaxng-datatype-4.0.3.jar:/home/runner/.m2/repository/com/sun/xml/bind/external/rngom/4.0.3/rngom-4.0.3.jar:/home/runner/.m2/repository/org/testcontainers/mssqlserver/1.20.1/mssqlserver-1.20.1.jar:/home/runner/.m2/repository/org/testcontainers/jdbc/1.20.1/jdbc-1.20.1.jar:/home/runner/.m2/repository/org/testcontainers/database-commons/1.20.1/database-commons-1.20.1.jar:/home/runner/.m2/repository/org/testcontainers/mysql/1.20.1/mysql-1.20.1.jar:/home/runner/.m2/repository/io/strimzi/strimzi-test-container/0.107.0/strimzi-test-container-0.107.0.jar:/home/runner/.m2/repository/org/testcontainers/toxiproxy/1.20.1/toxiproxy-1.20.1.jar:/home/runner/.m2/repository/com/github/docker-java/docker-java-api/3.4.0/docker-java-api-3.4.0.jar:/home/runner/.m2/repository/eu/rekawek/toxiproxy/toxiproxy-java/2.1.7/toxiproxy-java-2.1.7.jar:/home/runner/.m2/repository/junit/junit/4.13.2/junit-4.13.2.jar:/home/runner/.m2/repository/org/hamcrest/hamcrest-core/1.3/hamcrest-core-1.3.jar:/home/runner/.m2/repository/org/testcontainers/pulsar/1.20.4/pulsar-1.20.4.jar:/home/runner/.m2/repository/io/debezium/debezium-testing-testcontainers/2.6.2.Final/debezium-testing-testcontainers-2.6.2.Final.jar:/home/runner/.m2/repository/org/testcontainers/kafka/1.20.1/kafka-1.20.1.jar:/home/runner/.m2/repository/com/squareup/okhttp3/okhttp/4.8.1/okhttp-4.8.1.jar:/home/runner/.m2/repository/com/squareup/okio/okio/3.10.2/okio-3.10.2.jar:/home/runner/.m2/repository/com/squareup/okio/okio-jvm/3.10.2/okio-jvm-3.10.2.jar:/home/runner/.m2/repository/org/jetbrains/kotlin/kotlin-stdlib/2.0.10/kotlin-stdlib-2.0.10.jar:/home/runner/.m2/repository/org/awaitility/awaitility/4.2.2/awaitility-4.2.2.jar:/home/runner/.m2/repository/org/testcontainers/mongodb/1.20.1/mongodb-1.20.1.jar:/home/runner/.m2/repository/org/testcontainers/oracle-xe/1.20.1/oracle-xe-1.20.1.jar:/home/runner/.m2/repository/org/testcontainers/postgresql/1.20.1/postgresql-1.20.1.jar:/home/runner/.m2/repository/org/wiremock/wiremock/3.0.1/wiremock-3.0.1.jar:/home/runner/.m2/repository/org/eclipse/jetty/jetty-server/11.0.15/jetty-server-11.0.15.jar:/home/runner/.m2/repository/org/eclipse/jetty/toolchain/jetty-jakarta-servlet-api/5.0.2/jetty-jakarta-servlet-api-5.0.2.jar:/home/runner/.m2/repository/org/eclipse/jetty/jetty-http/11.0.15/jetty-http-11.0.15.jar:/home/runner/.m2/repository/org/eclipse/jetty/jetty-io/11.0.15/jetty-io-11.0.15.jar:/home/runner/.m2/repository/org/eclipse/jetty/jetty-servlet/11.0.15/jetty-servlet-11.0.15.jar:/home/runner/.m2/repository/org/eclipse/jetty/jetty-security/11.0.15/jetty-security-11.0.15.jar:/home/runner/.m2/repository/org/eclipse/jetty/jetty-servlets/11.0.15/jetty-servlets-11.0.15.jar:/home/runner/.m2/repository/org/eclipse/jetty/jetty-util/11.0.15/jetty-util-11.0.15.jar:/home/runner/.m2/repository/org/eclipse/jetty/jetty-webapp/11.0.15/jetty-webapp-11.0.15.jar:/home/runner/.m2/repository/org/eclipse/jetty/jetty-xml/11.0.15/jetty-xml-11.0.15.jar:/home/runner/.m2/repository/org/eclipse/jetty/jetty-proxy/11.0.15/jetty-proxy-11.0.15.jar:/home/runner/.m2/repository/org/eclipse/jetty/jetty-client/11.0.15/jetty-client-11.0.15.jar:/home/runner/.m2/repository/org/eclipse/jetty/http2/http2-server/11.0.15/http2-server-11.0.15.jar:/home/runner/.m2/repository/org/eclipse/jetty/http2/http2-common/11.0.15/http2-common-11.0.15.jar:/home/runner/.m2/repository/org/eclipse/jetty/http2/http2-hpack/11.0.15/http2-hpack-11.0.15.jar:/home/runner/.m2/repository/org/eclipse/jetty/jetty-alpn-server/11.0.15/jetty-alpn-server-11.0.15.jar:/home/runner/.m2/repository/org/eclipse/jetty/jetty-alpn-java-server/11.0.15/jetty-alpn-java-server-11.0.15.jar:/home/runner/.m2/repository/org/eclipse/jetty/jetty-alpn-java-client/11.0.15/jetty-alpn-java-client-11.0.15.jar:/home/runner/.m2/repository/org/eclipse/jetty/jetty-alpn-client/11.0.15/jetty-alpn-client-11.0.15.jar:/home/runner/.m2/repository/org/apache/httpcomponents/client5/httpclient5/5.2.1/httpclient5-5.2.1.jar:/home/runner/.m2/repository/org/apache/httpcomponents/core5/httpcore5/5.2/httpcore5-5.2.jar:/home/runner/.m2/repository/org/apache/httpcomponents/core5/httpcore5-h2/5.2/httpcore5-h2-5.2.jar:/home/runner/.m2/repository/org/xmlunit/xmlunit-core/2.9.1/xmlunit-core-2.9.1.jar:/home/runner/.m2/repository/jakarta/xml/bind/jakarta.xml.bind-api/4.0.2/jakarta.xml.bind-api-4.0.2.jar:/home/runner/.m2/repository/jakarta/activation/jakarta.activation-api/2.1.3/jakarta.activation-api-2.1.3.jar:/home/runner/.m2/repository/org/xmlunit/xmlunit-legacy/2.9.1/xmlunit-legacy-2.9.1.jar:/home/runner/.m2/repository/org/xmlunit/xmlunit-placeholders/2.9.1/xmlunit-placeholders-2.9.1.jar:/home/runner/.m2/repository/net/javacrumbs/json-unit/json-unit-core/2.38.0/json-unit-core-2.38.0.jar:/home/runner/.m2/repository/com/jayway/jsonpath/json-path/2.8.0/json-path-2.8.0.jar:/home/runner/.m2/repository/net/minidev/json-smart/2.4.10/json-smart-2.4.10.jar:/home/runner/.m2/repository/net/minidev/accessors-smart/2.4.9/accessors-smart-2.4.9.jar:/home/runner/.m2/repository/org/ow2/asm/asm/9.7/asm-9.7.jar:/home/runner/.m2/repository/net/sf/jopt-simple/jopt-simple/5.0.4/jopt-simple-5.0.4.jar:/home/runner/.m2/repository/com/github/jknack/handlebars/4.3.1/handlebars-4.3.1.jar:/home/runner/.m2/repository/com/github/jknack/handlebars-helpers/4.3.1/handlebars-helpers-4.3.1.jar:/home/runner/.m2/repository/commons-fileupload/commons-fileupload/1.5/commons-fileupload-1.5.jar:/home/runner/.m2/repository/com/networknt/json-schema-validator/1.5.5/json-schema-validator-1.5.5.jar:/home/runner/.m2/repository/com/ethlo/time/itu/1.10.3/itu-1.10.3.jar:/home/runner/.m2/repository/io/quarkus/quarkus-smallrye-jwt-build/3.15.4/quarkus-smallrye-jwt-build-3.15.4.jar:/home/runner/.m2/repository/io/smallrye/smallrye-jwt-build/4.5.3/smallrye-jwt-build-4.5.3.jar:/home/runner/.m2/repository/org/eclipse/microprofile/jwt/microprofile-jwt-auth-api/2.1/microprofile-jwt-auth-api-2.1.jar:/home/runner/.m2/repository/org/bitbucket/b_c/jose4j/0.9.6/jose4j-0.9.6.jar:/home/runner/.m2/repository/io/smallrye/smallrye-jwt-common/4.5.3/smallrye-jwt-common-4.5.3.jar:/home/runner/.m2/repository/io/quarkus/quarkus-jsonp/3.15.4/quarkus-jsonp-3.15.4.jar:/home/runner/.m2/repository/io/quarkus/quarkus-arc/3.15.4/quarkus-arc-3.15.4.jar:/home/runner/.m2/repository/io/quarkus/arc/arc/3.15.4/arc-3.15.4.jar:/home/runner/.m2/repository/jakarta/transaction/jakarta.transaction-api/2.0.1/jakarta.transaction-api-2.0.1.jar:/home/runner/.m2/repository/io/smallrye/reactive/mutiny/2.6.2/mutiny-2.6.2.jar:/home/runner/.m2/repository/org/jctools/jctools-core/4.0.5/jctools-core-4.0.5.jar:/home/runner/.m2/repository/org/eclipse/microprofile/context-propagation/microprofile-context-propagation-api/1.3/microprofile-context-propagation-api-1.3.jar:/home/runner/.m2/repository/io/apicurio/apicurio-common-rest-client-common/0.1.18.Final/apicurio-common-rest-client-common-0.1.18.Final.jar:/home/runner/work/apicurio-testing/apicurio-testing/clusters/ci419/namespaces/postgresql/tests/integration/apicurio-registry/utils/maven-plugin/target/apicurio-registry-maven-plugin-3.0.9.jar:/home/runner/.m2/repository/com/fasterxml/jackson/core/jackson-databind/2.17.2/jackson-databind-2.17.2.jar:/home/runner/.m2/repository/org/apache/avro/avro/1.12.0/avro-1.12.0.jar:/home/runner/.m2/repository/com/google/protobuf/protobuf-java/3.25.8/protobuf-java-3.25.8.jar:/home/runner/.m2/repository/com/google/protobuf/protobuf-java-util/3.25.8/protobuf-java-util-3.25.8.jar:/home/runner/.m2/repository/com/google/code/findbugs/jsr305/3.0.2/jsr305-3.0.2.jar:/home/runner/.m2/repository/com/google/code/gson/gson/2.11.0/gson-2.11.0.jar:/home/runner/.m2/repository/com/google/errorprone/error_prone_annotations/2.30.0/error_prone_annotations-2.30.0.jar:/home/runner/.m2/repository/com/google/j2objc/j2objc-annotations/2.8/j2objc-annotations-2.8.jar:/home/runner/work/apicurio-testing/apicurio-testing/clusters/ci419/namespaces/postgresql/tests/integration/apicurio-registry/schema-util/util-provider/target/apicurio-registry-schema-util-provider-3.0.9.jar:/home/runner/work/apicurio-testing/apicurio-testing/clusters/ci419/namespaces/postgresql/tests/integration/apicurio-registry/schema-util/common/target/apicurio-registry-schema-util-common-3.0.9.jar:/home/runner/.m2/repository/com/fasterxml/jackson/module/jackson-module-parameter-names/2.17.2/jackson-module-parameter-names-2.17.2.jar:/home/runner/.m2/repository/com/fasterxml/jackson/datatype/jackson-datatype-json-org/2.18.2/jackson-datatype-json-org-2.18.2.jar:/home/runner/work/apicurio-testing/apicurio-testing/clusters/ci419/namespaces/postgresql/tests/integration/apicurio-registry/schema-util/json/target/apicurio-registry-schema-util-json-3.0.9.jar:/home/runner/.m2/repository/com/github/erosb/everit-json-schema/1.14.5/everit-json-schema-1.14.5.jar:/home/runner/.m2/repository/commons-validator/commons-validator/1.9.0/commons-validator-1.9.0.jar:/home/runner/.m2/repository/commons-digester/commons-digester/2.1/commons-digester-2.1.jar:/home/runner/.m2/repository/commons-collections/commons-collections/3.2.2/commons-collections-3.2.2.jar:/home/runner/.m2/repository/com/damnhandy/handy-uri-templates/2.1.8/handy-uri-templates-2.1.8.jar:/home/runner/.m2/repository/joda-time/joda-time/2.10.2/joda-time-2.10.2.jar:/home/runner/.m2/repository/com/github/erosb/json-sKema/0.20.0/json-sKema-0.20.0.jar:/home/runner/.m2/repository/io/vertx/vertx-json-schema/4.5.13/vertx-json-schema-4.5.13.jar:/home/runner/work/apicurio-testing/apicurio-testing/clusters/ci419/namespaces/postgresql/tests/integration/apicurio-registry/schema-util/protobuf/target/apicurio-registry-schema-util-protobuf-3.0.9.jar:/home/runner/work/apicurio-testing/apicurio-testing/clusters/ci419/namespaces/postgresql/tests/integration/apicurio-registry/utils/protobuf-schema-utilities/target/apicurio-registry-protobuf-schema-utilities-3.0.9.jar:/home/runner/.m2/repository/com/google/api/grpc/proto-google-common-protos/2.52.0/proto-google-common-protos-2.52.0.jar:/home/runner/.m2/repository/com/squareup/wire/wire-schema-jvm/5.1.0/wire-schema-jvm-5.1.0.jar:/home/runner/.m2/repository/com/squareup/javapoet/1.13.0/javapoet-1.13.0.jar:/home/runner/.m2/repository/com/squareup/kotlinpoet-jvm/1.18.1/kotlinpoet-jvm-1.18.1.jar:/home/runner/.m2/repository/org/jetbrains/kotlin/kotlin-reflect/2.0.10/kotlin-reflect-2.0.10.jar:/home/runner/.m2/repository/com/squareup/wire/wire-runtime-jvm/5.1.0/wire-runtime-jvm-5.1.0.jar:/home/runner/.m2/repository/com/ibm/icu/icu4j/76.1/icu4j-76.1.jar:/home/runner/.m2/repository/com/squareup/okio/okio-fakefilesystem/3.10.2/okio-fakefilesystem-3.10.2.jar:/home/runner/.m2/repository/com/squareup/okio/okio-fakefilesystem-jvm/3.10.2/okio-fakefilesystem-jvm-3.10.2.jar:/home/runner/.m2/repository/org/jetbrains/kotlinx/kotlinx-datetime-jvm/0.6.1/kotlinx-datetime-jvm-0.6.1.jar:/home/runner/work/apicurio-testing/apicurio-testing/clusters/ci419/namespaces/postgresql/tests/integration/apicurio-registry/schema-util/asyncapi/target/apicurio-registry-schema-util-asyncapi-3.0.9.jar:/home/runner/work/apicurio-testing/apicurio-testing/clusters/ci419/namespaces/postgresql/tests/integration/apicurio-registry/schema-util/avro/target/apicurio-registry-schema-util-avro-3.0.9.jar:/home/runner/work/apicurio-testing/apicurio-testing/clusters/ci419/namespaces/postgresql/tests/integration/apicurio-registry/schema-util/graphql/target/apicurio-registry-schema-util-graphql-3.0.9.jar:/home/runner/.m2/repository/com/graphql-java/graphql-java/22.3/graphql-java-22.3.jar:/home/runner/.m2/repository/com/graphql-java/java-dataloader/3.3.0/java-dataloader-3.3.0.jar:/home/runner/work/apicurio-testing/apicurio-testing/clusters/ci419/namespaces/postgresql/tests/integration/apicurio-registry/schema-util/kconnect/target/apicurio-registry-schema-util-kconnect-3.0.9.jar:/home/runner/work/apicurio-testing/apicurio-testing/clusters/ci419/namespaces/postgresql/tests/integration/apicurio-registry/schema-util/openapi/target/apicurio-registry-schema-util-openapi-3.0.9.jar:/home/runner/.m2/repository/io/apicurio/apicurio-data-models/2.2.1/apicurio-data-models-2.2.1.jar:/home/runner/.m2/repository/org/openapitools/openapidiff/openapi-diff-core/2.0.1/openapi-diff-core-2.0.1.jar:/home/runner/.m2/repository/io/swagger/parser/v3/swagger-parser/2.0.28/swagger-parser-2.0.28.jar:/home/runner/.m2/repository/io/swagger/parser/v3/swagger-parser-v2-converter/2.0.28/swagger-parser-v2-converter-2.0.28.jar:/home/runner/.m2/repository/io/swagger/swagger-core/1.6.3/swagger-core-1.6.3.jar:/home/runner/.m2/repository/io/swagger/swagger-models/1.6.3/swagger-models-1.6.3.jar:/home/runner/.m2/repository/io/swagger/swagger-annotations/1.6.3/swagger-annotations-1.6.3.jar:/home/runner/.m2/repository/io/swagger/swagger-parser/1.0.56/swagger-parser-1.0.56.jar:/home/runner/.m2/repository/io/swagger/swagger-compat-spec-parser/1.0.56/swagger-compat-spec-parser-1.0.56.jar:/home/runner/.m2/repository/com/github/java-json-tools/json-schema-validator/2.2.14/json-schema-validator-2.2.14.jar:/home/runner/.m2/repository/com/github/java-json-tools/jackson-coreutils-equivalence/1.0/jackson-coreutils-equivalence-1.0.jar:/home/runner/.m2/repository/com/github/java-json-tools/json-schema-core/1.2.14/json-schema-core-1.2.14.jar:/home/runner/.m2/repository/com/github/java-json-tools/uri-template/0.10/uri-template-0.10.jar:/home/runner/.m2/repository/com/sun/mail/mailapi/1.6.2/mailapi-1.6.2.jar:/home/runner/.m2/repository/com/googlecode/libphonenumber/libphonenumber/8.11.1/libphonenumber-8.11.1.jar:/home/runner/.m2/repository/com/j2html/j2html/1.5.0/j2html-1.5.0.jar:/home/runner/.m2/repository/org/apache/commons/commons-collections4/4.4/commons-collections4-4.4.jar:/home/runner/.m2/repository/commons-httpclient/commons-httpclient/3.1/commons-httpclient-3.1.jar:/home/runner/.m2/repository/io/swagger/parser/v3/swagger-parser-v3/2.1.25/swagger-parser-v3-2.1.25.jar:/home/runner/.m2/repository/io/swagger/core/v3/swagger-models/2.2.28/swagger-models-2.2.28.jar:/home/runner/.m2/repository/io/swagger/core/v3/swagger-core/2.2.28/swagger-core-2.2.28.jar:/home/runner/.m2/repository/io/swagger/parser/v3/swagger-parser-core/2.1.25/swagger-parser-core-2.1.25.jar:/home/runner/.m2/repository/io/swagger/parser/v3/swagger-parser-safe-url-resolver/2.1.25/swagger-parser-safe-url-resolver-2.1.25.jar:/home/runner/work/apicurio-testing/apicurio-testing/clusters/ci419/namespaces/postgresql/tests/integration/apicurio-registry/schema-util/wsdl/target/apicurio-registry-schema-util-wsdl-3.0.9.jar:/home/runner/.m2/repository/wsdl4j/wsdl4j/1.6.3/wsdl4j-1.6.3.jar:/home/runner/work/apicurio-testing/apicurio-testing/clusters/ci419/namespaces/postgresql/tests/integration/apicurio-registry/schema-util/xml/target/apicurio-registry-schema-util-xml-3.0.9.jar:/home/runner/.m2/repository/org/apache/santuario/xmlsec/4.0.3/xmlsec-4.0.3.jar:/home/runner/.m2/repository/com/fasterxml/woodstox/woodstox-core/7.1.0/woodstox-core-7.1.0.jar:/home/runner/.m2/repository/org/codehaus/woodstox/stax2-api/4.2.2/stax2-api-4.2.2.jar:/home/runner/work/apicurio-testing/apicurio-testing/clusters/ci419/namespaces/postgresql/tests/integration/apicurio-registry/schema-util/xsd/target/apicurio-registry-schema-util-xsd-3.0.9.jar:/home/runner/work/apicurio-testing/apicurio-testing/clusters/ci419/namespaces/postgresql/tests/integration/apicurio-registry/serdes/kafka/jsonschema-serde/target/apicurio-registry-jsonschema-serde-kafka-3.0.9.jar:/home/runner/work/apicurio-testing/apicurio-testing/clusters/ci419/namespaces/postgresql/tests/integration/apicurio-registry/serdes/kafka/serde-kafka-common/target/apicurio-registry-serde-kafka-common-3.0.9.jar:/home/runner/work/apicurio-testing/apicurio-testing/clusters/ci419/namespaces/postgresql/tests/integration/apicurio-registry/serdes/generic/serde-common/target/apicurio-registry-serde-common-3.0.9.jar:/home/runner/work/apicurio-testing/apicurio-testing/clusters/ci419/namespaces/postgresql/tests/integration/apicurio-registry/schema-resolver/target/apicurio-registry-schema-resolver-3.0.9.jar:/home/runner/work/apicurio-testing/apicurio-testing/clusters/ci419/namespaces/postgresql/tests/integration/apicurio-registry/serdes/generic/serde-common-jsonschema/target/apicurio-registry-serde-common-jsonschema-3.0.9.jar:/home/runner/.m2/repository/org/json/json/20250107/json-20250107.jar:/home/runner/work/apicurio-testing/apicurio-testing/clusters/ci419/namespaces/postgresql/tests/integration/apicurio-registry/serdes/kafka/avro-serde/target/apicurio-registry-avro-serde-kafka-3.0.9.jar:/home/runner/work/apicurio-testing/apicurio-testing/clusters/ci419/namespaces/postgresql/tests/integration/apicurio-registry/serdes/generic/serde-common-avro/target/apicurio-registry-serde-common-avro-3.0.9.jar:/home/runner/work/apicurio-testing/apicurio-testing/clusters/ci419/namespaces/postgresql/tests/integration/apicurio-registry/serdes/kafka/protobuf-serde/target/apicurio-registry-protobuf-serde-kafka-3.0.9.jar:/home/runner/work/apicurio-testing/apicurio-testing/clusters/ci419/namespaces/postgresql/tests/integration/apicurio-registry/serdes/generic/serde-common-protobuf/target/apicurio-registry-serde-common-protobuf-3.0.9.jar:/home/runner/.m2/repository/com/squareup/wire/wire-schema/5.1.0/wire-schema-5.1.0.jar:/home/runner/.m2/repository/com/squareup/wire/wire-runtime/5.1.0/wire-runtime-5.1.0.jar:/home/runner/work/apicurio-testing/apicurio-testing/clusters/ci419/namespaces/postgresql/tests/integration/apicurio-registry/serdes/pulsar/avro-serde/target/apicurio-registry-avro-serde-pulsar-3.0.9.jar:/home/runner/.m2/repository/org/apache/pulsar/pulsar-functions-api/3.3.4/pulsar-functions-api-3.3.4.jar:/home/runner/work/apicurio-testing/apicurio-testing/clusters/ci419/namespaces/postgresql/tests/integration/apicurio-registry/serdes/nats/avro-serde/target/apicurio-registry-avro-serde-nats-3.0.9.jar:/home/runner/.m2/repository/io/nats/jnats/2.20.5/jnats-2.20.5.jar:/home/runner/.m2/repository/net/i2p/crypto/eddsa/0.3.0/eddsa-0.3.0.jar:/home/runner/work/apicurio-testing/apicurio-testing/clusters/ci419/namespaces/postgresql/tests/integration/apicurio-registry/utils/converter/target/apicurio-registry-utils-converter-3.0.9.jar:/home/runner/.m2/repository/org/apache/kafka/connect-api/3.9.1/connect-api-3.9.1.jar:/home/runner/.m2/repository/javax/ws/rs/javax.ws.rs-api/2.1.1/javax.ws.rs-api-2.1.1.jar:/home/runner/.m2/repository/org/apache/kafka/connect-json/3.9.1/connect-json-3.9.1.jar:/home/runner/.m2/repository/com/fasterxml/jackson/datatype/jackson-datatype-jdk8/2.17.2/jackson-datatype-jdk8-2.17.2.jar:/home/runner/.m2/repository/com/fasterxml/jackson/module/jackson-module-afterburner/2.17.2/jackson-module-afterburner-2.17.2.jar:/home/runner/work/apicurio-testing/apicurio-testing/clusters/ci419/namespaces/postgresql/tests/integration/apicurio-registry/utils/kafka/target/apicurio-registry-utils-kafka-3.0.9.jar:/home/runner/.m2/repository/org/apache/pulsar/pulsar-client/3.3.4/pulsar-client-3.3.4.jar:/home/runner/.m2/repository/org/apache/pulsar/pulsar-client-api/3.3.4/pulsar-client-api-3.3.4.jar:/home/runner/.m2/repository/org/apache/pulsar/pulsar-client-admin-api/3.3.4/pulsar-client-admin-api-3.3.4.jar:/home/runner/.m2/repository/org/apache/pulsar/bouncy-castle-bc/3.3.4/bouncy-castle-bc-3.3.4-pkg.jar:/home/runner/.m2/repository/org/bouncycastle/bcpkix-jdk18on/1.78.1/bcpkix-jdk18on-1.78.1.jar:/home/runner/.m2/repository/org/bouncycastle/bcutil-jdk18on/1.78.1/bcutil-jdk18on-1.78.1.jar:/home/runner/.m2/repository/org/bouncycastle/bcprov-jdk18on/1.78.1/bcprov-jdk18on-1.78.1.jar:/home/runner/.m2/repository/io/opentelemetry/opentelemetry-api/1.39.0/opentelemetry-api-1.39.0.jar:/home/runner/.m2/repository/io/opentelemetry/opentelemetry-context/1.39.0/opentelemetry-context-1.39.0.jar:/home/runner/.m2/repository/io/opentelemetry/opentelemetry-api-incubator/1.39.0-alpha/opentelemetry-api-incubator-1.39.0-alpha.jar:/home/runner/.m2/repository/com/fasterxml/jackson/core/jackson-annotations/2.17.2/jackson-annotations-2.17.2.jar:/home/runner/.m2/repository/javax/validation/validation-api/1.1.0.Final/validation-api-1.1.0.Final.jar:/home/runner/.m2/repository/io/confluent/kafka-avro-serializer/7.9.0/kafka-avro-serializer-7.9.0.jar:/home/runner/.m2/repository/org/apache/commons/commons-compress/1.27.0/commons-compress-1.27.0.jar:/home/runner/.m2/repository/io/confluent/kafka-schema-serializer/7.9.0/kafka-schema-serializer-7.9.0.jar:/home/runner/.m2/repository/com/fasterxml/jackson/dataformat/jackson-dataformat-csv/2.17.2/jackson-dataformat-csv-2.17.2.jar:/home/runner/.m2/repository/io/confluent/kafka-schema-registry-client/7.9.0/kafka-schema-registry-client-7.9.0.jar:/home/runner/.m2/repository/org/yaml/snakeyaml/2.2/snakeyaml-2.2.jar:/home/runner/.m2/repository/io/swagger/core/v3/swagger-annotations/2.1.10/swagger-annotations-2.1.10.jar:/home/runner/.m2/repository/com/google/guava/guava/33.2.1-jre/guava-33.2.1-jre.jar:/home/runner/.m2/repository/com/google/guava/failureaccess/1.0.1/failureaccess-1.0.1.jar:/home/runner/.m2/repository/org/checkerframework/checker-qual/3.46.0/checker-qual-3.46.0.jar:/home/runner/.m2/repository/io/confluent/logredactor/1.0.12/logredactor-1.0.12.jar:/home/runner/.m2/repository/com/google/re2j/re2j/1.6/re2j-1.6.jar:/home/runner/.m2/repository/io/confluent/logredactor-metrics/1.0.12/logredactor-metrics-1.0.12.jar:/home/runner/.m2/repository/com/eclipsesource/minimal-json/minimal-json/0.9.5/minimal-json-0.9.5.jar:/home/runner/.m2/repository/io/confluent/common-utils/7.9.0/common-utils-7.9.0.jar:/home/runner/.m2/repository/io/confluent/kafka-connect-avro-converter/7.9.0/kafka-connect-avro-converter-7.9.0.jar:/home/runner/.m2/repository/io/confluent/kafka-connect-avro-data/7.9.0/kafka-connect-avro-data-7.9.0.jar:/home/runner/.m2/repository/io/confluent/kafka-schema-converter/7.9.0/kafka-schema-converter-7.9.0.jar:/home/runner/.m2/repository/io/rest-assured/rest-assured/5.5.0/rest-assured-5.5.0.jar:/home/runner/.m2/repository/org/apache/groovy/groovy/4.0.22/groovy-4.0.22.jar:/home/runner/.m2/repository/org/apache/groovy/groovy-xml/4.0.22/groovy-xml-4.0.22.jar:/home/runner/.m2/repository/org/apache/httpcomponents/httpclient/4.5.14/httpclient-4.5.14.jar:/home/runner/.m2/repository/org/apache/httpcomponents/httpcore/4.4.16/httpcore-4.4.16.jar:/home/runner/.m2/repository/org/apache/httpcomponents/httpmime/4.5.14/httpmime-4.5.14.jar:/home/runner/.m2/repository/org/hamcrest/hamcrest/2.2/hamcrest-2.2.jar:/home/runner/.m2/repository/org/ccil/cowan/tagsoup/tagsoup/1.2.1/tagsoup-1.2.1.jar:/home/runner/.m2/repository/io/rest-assured/json-path/5.5.0/json-path-5.5.0.jar:/home/runner/.m2/repository/org/apache/groovy/groovy-json/4.0.22/groovy-json-4.0.22.jar:/home/runner/.m2/repository/io/rest-assured/rest-assured-common/5.5.0/rest-assured-common-5.5.0.jar:/home/runner/.m2/repository/io/rest-assured/xml-path/5.5.0/xml-path-5.5.0.jar:/home/runner/.m2/repository/io/zonky/test/embedded-postgres/2.1.0/embedded-postgres-2.1.0.jar:/home/runner/.m2/repository/io/zonky/test/postgres/embedded-postgres-binaries-windows-amd64/14.15.0/embedded-postgres-binaries-windows-amd64-14.15.0.jar:/home/runner/.m2/repository/io/zonky/test/postgres/embedded-postgres-binaries-darwin-amd64/14.15.0/embedded-postgres-binaries-darwin-amd64-14.15.0.jar:/home/runner/.m2/repository/io/zonky/test/postgres/embedded-postgres-binaries-linux-amd64/14.15.0/embedded-postgres-binaries-linux-amd64-14.15.0.jar:/home/runner/.m2/repository/io/zonky/test/postgres/embedded-postgres-binaries-linux-amd64-alpine/14.15.0/embedded-postgres-binaries-linux-amd64-alpine-14.15.0.jar:/home/runner/.m2/repository/org/apache/commons/commons-lang3/3.14.0/commons-lang3-3.14.0.jar:/home/runner/.m2/repository/org/tukaani/xz/1.10/xz-1.10.jar:/home/runner/.m2/repository/commons-codec/commons-codec/1.18.0/commons-codec-1.18.0.jar:/home/runner/.m2/repository/org/postgresql/postgresql/42.7.4/postgresql-42.7.4.jar:/home/runner/.m2/repository/commons-io/commons-io/2.16.1/commons-io-2.16.1.jar:/home/runner/work/apicurio-testing/apicurio-testing/clusters/ci419/namespaces/postgresql/tests/integration/apicurio-registry/utils/importexport/target/apicurio-registry-utils-import-export-3.0.9.jar:/home/runner/.m2/repository/io/vertx/vertx-core/4.5.13/vertx-core-4.5.13.jar:/home/runner/.m2/repository/io/netty/netty-common/4.1.118.Final/netty-common-4.1.118.Final.jar:/home/runner/.m2/repository/io/netty/netty-buffer/4.1.118.Final/netty-buffer-4.1.118.Final.jar:/home/runner/.m2/repository/io/netty/netty-transport/4.1.118.Final/netty-transport-4.1.118.Final.jar:/home/runner/.m2/repository/io/netty/netty-handler/4.1.118.Final/netty-handler-4.1.118.Final.jar:/home/runner/.m2/repository/io/netty/netty-transport-native-unix-common/4.1.118.Final/netty-transport-native-unix-common-4.1.118.Final.jar:/home/runner/.m2/repository/io/netty/netty-codec/4.1.118.Final/netty-codec-4.1.118.Final.jar:/home/runner/.m2/repository/io/netty/netty-handler-proxy/4.1.118.Final/netty-handler-proxy-4.1.118.Final.jar:/home/runner/.m2/repository/io/netty/netty-codec-socks/4.1.118.Final/netty-codec-socks-4.1.118.Final.jar:/home/runner/.m2/repository/io/netty/netty-codec-http/4.1.118.Final/netty-codec-http-4.1.118.Final.jar:/home/runner/.m2/repository/io/netty/netty-codec-http2/4.1.118.Final/netty-codec-http2-4.1.118.Final.jar:/home/runner/.m2/repository/io/netty/netty-resolver/4.1.118.Final/netty-resolver-4.1.118.Final.jar:/home/runner/.m2/repository/io/netty/netty-resolver-dns/4.1.118.Final/netty-resolver-dns-4.1.118.Final.jar:/home/runner/.m2/repository/io/netty/netty-codec-dns/4.1.118.Final/netty-codec-dns-4.1.118.Final.jar:/home/runner/.m2/repository/com/fasterxml/jackson/core/jackson-core/2.17.2/jackson-core-2.17.2.jar:"/>
    <property name="java.vm.vendor" value="Eclipse Adoptium"/>
    <property name="maven.javadoc.skip" value="true"/>
    <property name="sun.arch.data.model" value="64"/>
    <property name="java.vendor.url" value="https://adoptium.net/"/>
    <property name="user.timezone" value="Etc/UTC"/>
    <property name="os.name" value="Linux"/>
    <property name="java.vm.specification.version" value="17"/>
    <property name="sun.java.launcher" value="SUN_STANDARD"/>
    <property name="quarkus.http.test-port" value="80"/>
    <property name="sun.boot.library.path" value="/usr/lib/jvm/temurin-17-jdk-amd64/lib"/>
    <property name="sun.java.command" value="/home/runner/work/apicurio-testing/apicurio-testing/clusters/ci419/namespaces/postgresql/tests/integration/apicurio-registry/integration-tests/target/surefire/surefirebooter-20250731022118642_3.jar /home/runner/work/apicurio-testing/apicurio-testing/clusters/ci419/namespaces/postgresql/tests/integration/apicurio-registry/integration-tests/target/surefire 2025-07-31T02-21-18_234-jvmRun1 surefire-20250731022118642_1tmp surefire_0-20250731022118642_2tmp"/>
    <property name="maven.home" value="/home/runner/.m2/wrapper/dists/apache-maven-3.9.8-bin/4fnp1ql35bgk2a0p7m31ovbgb0/apache-maven-3.9.8"/>
    <property name="jdk.debug" value="release"/>
    <property name="surefire.test.class.path" value="/home/runner/work/apicurio-testing/apicurio-testing/clusters/ci419/namespaces/postgresql/tests/integration/apicurio-registry/integration-tests/target/test-classes:/home/runner/work/apicurio-testing/apicurio-testing/clusters/ci419/namespaces/postgresql/tests/integration/apicurio-registry/integration-tests/target/apicurio-registry-integration-tests-3.0.9.jar:/home/runner/.m2/repository/io/quarkus/quarkus-junit5/3.15.4/quarkus-junit5-3.15.4.jar:/home/runner/.m2/repository/io/quarkus/quarkus-bootstrap-core/3.15.4/quarkus-bootstrap-core-3.15.4.jar:/home/runner/.m2/repository/io/quarkus/quarkus-classloader-commons/3.15.4/quarkus-classloader-commons-3.15.4.jar:/home/runner/.m2/repository/io/quarkus/quarkus-bootstrap-app-model/3.15.4/quarkus-bootstrap-app-model-3.15.4.jar:/home/runner/.m2/repository/io/smallrye/common/smallrye-common-io/2.6.1/smallrye-common-io-2.6.1.jar:/home/runner/.m2/repository/org/eclipse/sisu/org.eclipse.sisu.inject/0.9.0.M3/org.eclipse.sisu.inject-0.9.0.M3.jar:/home/runner/.m2/repository/io/quarkus/quarkus-test-common/3.15.4/quarkus-test-common-3.15.4.jar:/home/runner/.m2/repository/io/quarkus/quarkus-core-deployment/3.15.4/quarkus-core-deployment-3.15.4.jar:/home/runner/.m2/repository/org/aesh/readline/2.6/readline-2.6.jar:/home/runner/.m2/repository/org/fusesource/jansi/jansi/2.4.0/jansi-2.4.0.jar:/home/runner/.m2/repository/org/aesh/aesh/2.8.2/aesh-2.8.2.jar:/home/runner/.m2/repository/io/quarkus/gizmo/gizmo/1.8.0/gizmo-1.8.0.jar:/home/runner/.m2/repository/org/ow2/asm/asm-util/9.7/asm-util-9.7.jar:/home/runner/.m2/repository/org/ow2/asm/asm-analysis/9.7/asm-analysis-9.7.jar:/home/runner/.m2/repository/org/ow2/asm/asm-commons/9.7/asm-commons-9.7.jar:/home/runner/.m2/repository/org/ow2/asm/asm-tree/9.7/asm-tree-9.7.jar:/home/runner/.m2/repository/io/quarkus/quarkus-hibernate-validator-spi/3.15.4/quarkus-hibernate-validator-spi-3.15.4.jar:/home/runner/.m2/repository/io/quarkus/quarkus-class-change-agent/3.15.4/quarkus-class-change-agent-3.15.4.jar:/home/runner/.m2/repository/io/quarkus/quarkus-devtools-utilities/3.15.4/quarkus-devtools-utilities-3.15.4.jar:/home/runner/.m2/repository/io/quarkus/quarkus-builder/3.15.4/quarkus-builder-3.15.4.jar:/home/runner/.m2/repository/org/graalvm/sdk/nativeimage/23.1.2/nativeimage-23.1.2.jar:/home/runner/.m2/repository/org/graalvm/sdk/word/23.1.2/word-23.1.2.jar:/home/runner/.m2/repository/io/quarkus/quarkus-bootstrap-maven-resolver/3.15.4/quarkus-bootstrap-maven-resolver-3.15.4.jar:/home/runner/.m2/repository/io/smallrye/beanbag/smallrye-beanbag-maven/1.5.2/smallrye-beanbag-maven-1.5.2.jar:/home/runner/.m2/repository/io/smallrye/beanbag/smallrye-beanbag-sisu/1.5.2/smallrye-beanbag-sisu-1.5.2.jar:/home/runner/.m2/repository/io/smallrye/beanbag/smallrye-beanbag/1.5.2/smallrye-beanbag-1.5.2.jar:/home/runner/.m2/repository/javax/inject/javax.inject/1/javax.inject-1.jar:/home/runner/.m2/repository/org/apache/maven/maven-artifact/3.9.8/maven-artifact-3.9.8.jar:/home/runner/.m2/repository/org/apache/maven/maven-builder-support/3.9.8/maven-builder-support-3.9.8.jar:/home/runner/.m2/repository/org/apache/maven/maven-model/3.9.8/maven-model-3.9.8.jar:/home/runner/.m2/repository/org/apache/maven/maven-model-builder/3.9.8/maven-model-builder-3.9.8.jar:/home/runner/.m2/repository/org/apache/maven/maven-repository-metadata/3.9.8/maven-repository-metadata-3.9.8.jar:/home/runner/.m2/repository/org/apache/maven/maven-settings/3.9.8/maven-settings-3.9.8.jar:/home/runner/.m2/repository/org/apache/maven/resolver/maven-resolver-api/1.9.22/maven-resolver-api-1.9.22.jar:/home/runner/.m2/repository/org/apache/maven/resolver/maven-resolver-impl/1.9.22/maven-resolver-impl-1.9.22.jar:/home/runner/.m2/repository/org/apache/maven/resolver/maven-resolver-named-locks/1.9.22/maven-resolver-named-locks-1.9.22.jar:/home/runner/.m2/repository/org/apache/maven/resolver/maven-resolver-spi/1.9.22/maven-resolver-spi-1.9.22.jar:/home/runner/.m2/repository/org/apache/maven/resolver/maven-resolver-util/1.9.22/maven-resolver-util-1.9.22.jar:/home/runner/.m2/repository/org/apache/maven/resolver/maven-resolver-transport-http/1.9.20/maven-resolver-transport-http-1.9.20.jar:/home/runner/.m2/repository/org/apache/maven/wagon/wagon-provider-api/3.5.3/wagon-provider-api-3.5.3.jar:/home/runner/.m2/repository/org/apache/maven/wagon/wagon-http-shared/3.5.3/wagon-http-shared-3.5.3.jar:/home/runner/.m2/repository/org/codehaus/plexus/plexus-interpolation/1.26/plexus-interpolation-1.26.jar:/home/runner/.m2/repository/org/codehaus/plexus/plexus-utils/3.5.1/plexus-utils-3.5.1.jar:/home/runner/.m2/repository/org/codehaus/plexus/plexus-xml/4.0.1/plexus-xml-4.0.1.jar:/home/runner/.m2/repository/org/apache/maven/maven-xml-impl/4.0.0-alpha-5/maven-xml-impl-4.0.0-alpha-5.jar:/home/runner/.m2/repository/org/apache/maven/maven-api-xml/4.0.0-alpha-5/maven-api-xml-4.0.0-alpha-5.jar:/home/runner/.m2/repository/org/apache/maven/maven-api-meta/4.0.0-alpha-5/maven-api-meta-4.0.0-alpha-5.jar:/home/runner/.m2/repository/org/codehaus/plexus/plexus-cipher/2.0/plexus-cipher-2.0.jar:/home/runner/.m2/repository/org/codehaus/plexus/plexus-sec-dispatcher/2.0/plexus-sec-dispatcher-2.0.jar:/home/runner/.m2/repository/org/apache/maven/maven-embedder/3.9.8/maven-embedder-3.9.8.jar:/home/runner/.m2/repository/org/apache/maven/maven-core/3.9.8/maven-core-3.9.8.jar:/home/runner/.m2/repository/org/codehaus/plexus/plexus-component-annotations/2.1.0/plexus-component-annotations-2.1.0.jar:/home/runner/.m2/repository/org/apache/maven/maven-plugin-api/3.9.8/maven-plugin-api-3.9.8.jar:/home/runner/.m2/repository/org/apache/maven/shared/maven-shared-utils/3.4.2/maven-shared-utils-3.4.2.jar:/home/runner/.m2/repository/com/google/inject/guice/5.1.0/guice-5.1.0.jar:/home/runner/.m2/repository/aopalliance/aopalliance/1.0/aopalliance-1.0.jar:/home/runner/.m2/repository/javax/annotation/javax.annotation-api/1.3.2/javax.annotation-api-1.3.2.jar:/home/runner/.m2/repository/org/codehaus/plexus/plexus-classworlds/2.6.0/plexus-classworlds-2.6.0.jar:/home/runner/.m2/repository/commons-cli/commons-cli/1.8.0/commons-cli-1.8.0.jar:/home/runner/.m2/repository/org/eclipse/sisu/org.eclipse.sisu.plexus/0.9.0.M3/org.eclipse.sisu.plexus-0.9.0.M3.jar:/home/runner/.m2/repository/org/apache/maven/maven-settings-builder/3.9.8/maven-settings-builder-3.9.8.jar:/home/runner/.m2/repository/org/apache/maven/maven-resolver-provider/3.9.8/maven-resolver-provider-3.9.8.jar:/home/runner/.m2/repository/org/apache/maven/resolver/maven-resolver-connector-basic/1.9.22/maven-resolver-connector-basic-1.9.22.jar:/home/runner/.m2/repository/org/apache/maven/resolver/maven-resolver-transport-wagon/1.9.22/maven-resolver-transport-wagon-1.9.22.jar:/home/runner/.m2/repository/org/apache/maven/wagon/wagon-http/3.5.3/wagon-http-3.5.3.jar:/home/runner/.m2/repository/org/apache/maven/wagon/wagon-file/3.5.3/wagon-file-3.5.3.jar:/home/runner/.m2/repository/io/quarkus/quarkus-bootstrap-gradle-resolver/3.15.4/quarkus-bootstrap-gradle-resolver-3.15.4.jar:/home/runner/.m2/repository/io/smallrye/jandex/3.2.3/jandex-3.2.3.jar:/home/runner/.m2/repository/org/jboss/logging/commons-logging-jboss-logging/1.0.0.Final/commons-logging-jboss-logging-1.0.0.Final.jar:/home/runner/.m2/repository/io/quarkus/quarkus-junit5-properties/3.15.4/quarkus-junit5-properties-3.15.4.jar:/home/runner/.m2/repository/org/junit/jupiter/junit-jupiter/5.10.3/junit-jupiter-5.10.3.jar:/home/runner/.m2/repository/org/junit/jupiter/junit-jupiter-api/5.10.3/junit-jupiter-api-5.10.3.jar:/home/runner/.m2/repository/org/junit/jupiter/junit-jupiter-params/5.10.3/junit-jupiter-params-5.10.3.jar:/home/runner/.m2/repository/org/junit/jupiter/junit-jupiter-engine/5.10.3/junit-jupiter-engine-5.10.3.jar:/home/runner/.m2/repository/io/quarkus/quarkus-core/3.15.4/quarkus-core-3.15.4.jar:/home/runner/.m2/repository/jakarta/enterprise/jakarta.enterprise.cdi-api/4.1.0/jakarta.enterprise.cdi-api-4.1.0.jar:/home/runner/.m2/repository/jakarta/enterprise/jakarta.enterprise.lang-model/4.1.0/jakarta.enterprise.lang-model-4.1.0.jar:/home/runner/.m2/repository/jakarta/el/jakarta.el-api/5.0.1/jakarta.el-api-5.0.1.jar:/home/runner/.m2/repository/jakarta/interceptor/jakarta.interceptor-api/2.2.0/jakarta.interceptor-api-2.2.0.jar:/home/runner/.m2/repository/jakarta/inject/jakarta.inject-api/2.0.1/jakarta.inject-api-2.0.1.jar:/home/runner/.m2/repository/io/smallrye/common/smallrye-common-os/2.6.1/smallrye-common-os-2.6.1.jar:/home/runner/.m2/repository/io/quarkus/quarkus-ide-launcher/3.15.4/quarkus-ide-launcher-3.15.4.jar:/home/runner/.m2/repository/io/quarkus/quarkus-development-mode-spi/3.15.4/quarkus-development-mode-spi-3.15.4.jar:/home/runner/.m2/repository/io/smallrye/config/smallrye-config/3.9.1/smallrye-config-3.9.1.jar:/home/runner/.m2/repository/io/smallrye/config/smallrye-config-core/3.9.1/smallrye-config-core-3.9.1.jar:/home/runner/.m2/repository/io/smallrye/common/smallrye-common-annotation/2.6.1/smallrye-common-annotation-2.6.1.jar:/home/runner/.m2/repository/io/smallrye/common/smallrye-common-classloader/2.6.1/smallrye-common-classloader-2.6.1.jar:/home/runner/.m2/repository/io/smallrye/config/smallrye-config-common/3.9.1/smallrye-config-common-3.9.1.jar:/home/runner/.m2/repository/org/jboss/logging/jboss-logging/3.6.0.Final/jboss-logging-3.6.0.Final.jar:/home/runner/.m2/repository/org/jboss/logmanager/jboss-logmanager/3.1.1.Final/jboss-logmanager-3.1.1.Final.jar:/home/runner/.m2/repository/io/smallrye/common/smallrye-common-constraint/2.6.1/smallrye-common-constraint-2.6.1.jar:/home/runner/.m2/repository/io/smallrye/common/smallrye-common-cpu/2.6.1/smallrye-common-cpu-2.6.1.jar:/home/runner/.m2/repository/io/smallrye/common/smallrye-common-expression/2.6.1/smallrye-common-expression-2.6.1.jar:/home/runner/.m2/repository/io/smallrye/common/smallrye-common-function/2.6.1/smallrye-common-function-2.6.1.jar:/home/runner/.m2/repository/io/smallrye/common/smallrye-common-net/2.6.1/smallrye-common-net-2.6.1.jar:/home/runner/.m2/repository/io/smallrye/common/smallrye-common-ref/2.6.1/smallrye-common-ref-2.6.1.jar:/home/runner/.m2/repository/jakarta/json/jakarta.json-api/2.1.3/jakarta.json-api-2.1.3.jar:/home/runner/.m2/repository/org/eclipse/parsson/parsson/1.1.7/parsson-1.1.7.jar:/home/runner/.m2/repository/org/jboss/logging/jboss-logging-annotations/3.0.1.Final/jboss-logging-annotations-3.0.1.Final.jar:/home/runner/.m2/repository/org/jboss/threads/jboss-threads/3.6.1.Final/jboss-threads-3.6.1.Final.jar:/home/runner/.m2/repository/org/jboss/slf4j/slf4j-jboss-logmanager/2.0.0.Final/slf4j-jboss-logmanager-2.0.0.Final.jar:/home/runner/.m2/repository/org/wildfly/common/wildfly-common/1.7.0.Final/wildfly-common-1.7.0.Final.jar:/home/runner/.m2/repository/io/quarkus/quarkus-bootstrap-runner/3.15.4/quarkus-bootstrap-runner-3.15.4.jar:/home/runner/.m2/repository/io/github/crac/org-crac/0.1.3/org-crac-0.1.3.jar:/home/runner/.m2/repository/io/quarkus/quarkus-fs-util/0.0.10/quarkus-fs-util-0.0.10.jar:/home/runner/.m2/repository/org/jboss/marshalling/jboss-marshalling/2.2.1.Final/jboss-marshalling-2.2.1.Final.jar:/home/runner/.m2/repository/io/fabric8/kubernetes-client/6.13.5/kubernetes-client-6.13.5.jar:/home/runner/.m2/repository/io/fabric8/kubernetes-client-api/6.13.5/kubernetes-client-api-6.13.5.jar:/home/runner/.m2/repository/io/fabric8/kubernetes-model-core/6.13.5/kubernetes-model-core-6.13.5.jar:/home/runner/.m2/repository/io/fabric8/kubernetes-model-common/6.13.5/kubernetes-model-common-6.13.5.jar:/home/runner/.m2/repository/io/fabric8/kubernetes-model-gatewayapi/6.13.5/kubernetes-model-gatewayapi-6.13.5.jar:/home/runner/.m2/repository/io/fabric8/kubernetes-model-resource/6.13.5/kubernetes-model-resource-6.13.5.jar:/home/runner/.m2/repository/io/fabric8/kubernetes-model-rbac/6.13.5/kubernetes-model-rbac-6.13.5.jar:/home/runner/.m2/repository/io/fabric8/kubernetes-model-admissionregistration/6.13.5/kubernetes-model-admissionregistration-6.13.5.jar:/home/runner/.m2/repository/io/fabric8/kubernetes-model-apps/6.13.5/kubernetes-model-apps-6.13.5.jar:/home/runner/.m2/repository/io/fabric8/kubernetes-model-autoscaling/6.13.5/kubernetes-model-autoscaling-6.13.5.jar:/home/runner/.m2/repository/io/fabric8/kubernetes-model-apiextensions/6.13.5/kubernetes-model-apiextensions-6.13.5.jar:/home/runner/.m2/repository/io/fabric8/kubernetes-model-batch/6.13.5/kubernetes-model-batch-6.13.5.jar:/home/runner/.m2/repository/io/fabric8/kubernetes-model-certificates/6.13.5/kubernetes-model-certificates-6.13.5.jar:/home/runner/.m2/repository/io/fabric8/kubernetes-model-coordination/6.13.5/kubernetes-model-coordination-6.13.5.jar:/home/runner/.m2/repository/io/fabric8/kubernetes-model-discovery/6.13.5/kubernetes-model-discovery-6.13.5.jar:/home/runner/.m2/repository/io/fabric8/kubernetes-model-events/6.13.5/kubernetes-model-events-6.13.5.jar:/home/runner/.m2/repository/io/fabric8/kubernetes-model-extensions/6.13.5/kubernetes-model-extensions-6.13.5.jar:/home/runner/.m2/repository/io/fabric8/kubernetes-model-flowcontrol/6.13.5/kubernetes-model-flowcontrol-6.13.5.jar:/home/runner/.m2/repository/io/fabric8/kubernetes-model-networking/6.13.5/kubernetes-model-networking-6.13.5.jar:/home/runner/.m2/repository/io/fabric8/kubernetes-model-metrics/6.13.5/kubernetes-model-metrics-6.13.5.jar:/home/runner/.m2/repository/io/fabric8/kubernetes-model-policy/6.13.5/kubernetes-model-policy-6.13.5.jar:/home/runner/.m2/repository/io/fabric8/kubernetes-model-scheduling/6.13.5/kubernetes-model-scheduling-6.13.5.jar:/home/runner/.m2/repository/io/fabric8/kubernetes-model-storageclass/6.13.5/kubernetes-model-storageclass-6.13.5.jar:/home/runner/.m2/repository/io/fabric8/kubernetes-model-node/6.13.5/kubernetes-model-node-6.13.5.jar:/home/runner/.m2/repository/org/snakeyaml/snakeyaml-engine/2.7/snakeyaml-engine-2.7.jar:/home/runner/.m2/repository/com/fasterxml/jackson/dataformat/jackson-dataformat-yaml/2.15.2/jackson-dataformat-yaml-2.15.2.jar:/home/runner/.m2/repository/com/fasterxml/jackson/datatype/jackson-datatype-jsr310/2.17.2/jackson-datatype-jsr310-2.17.2.jar:/home/runner/.m2/repository/io/fabric8/zjsonpatch/0.3.0/zjsonpatch-0.3.0.jar:/home/runner/.m2/repository/io/fabric8/kubernetes-httpclient-vertx/6.13.5/kubernetes-httpclient-vertx-6.13.5.jar:/home/runner/.m2/repository/io/vertx/vertx-web-client/4.5.13/vertx-web-client-4.5.13.jar:/home/runner/.m2/repository/io/vertx/vertx-web-common/4.5.13/vertx-web-common-4.5.13.jar:/home/runner/.m2/repository/io/vertx/vertx-auth-common/4.5.13/vertx-auth-common-4.5.13.jar:/home/runner/.m2/repository/io/vertx/vertx-uri-template/4.5.13/vertx-uri-template-4.5.13.jar:/home/runner/.m2/repository/io/fabric8/openshift-client/6.13.5/openshift-client-6.13.5.jar:/home/runner/.m2/repository/io/fabric8/openshift-client-api/6.13.5/openshift-client-api-6.13.5.jar:/home/runner/.m2/repository/io/fabric8/openshift-model/6.13.5/openshift-model-6.13.5.jar:/home/runner/.m2/repository/io/fabric8/openshift-model-clusterautoscaling/6.13.5/openshift-model-clusterautoscaling-6.13.5.jar:/home/runner/.m2/repository/io/fabric8/openshift-model-operator/6.13.5/openshift-model-operator-6.13.5.jar:/home/runner/.m2/repository/io/fabric8/openshift-model-operatorhub/6.13.5/openshift-model-operatorhub-6.13.5.jar:/home/runner/.m2/repository/io/fabric8/openshift-model-machine/6.13.5/openshift-model-machine-6.13.5.jar:/home/runner/.m2/repository/io/fabric8/openshift-model-whereabouts/6.13.5/openshift-model-whereabouts-6.13.5.jar:/home/runner/.m2/repository/io/fabric8/openshift-model-monitoring/6.13.5/openshift-model-monitoring-6.13.5.jar:/home/runner/.m2/repository/io/fabric8/openshift-model-storageversionmigrator/6.13.5/openshift-model-storageversionmigrator-6.13.5.jar:/home/runner/.m2/repository/io/fabric8/openshift-model-tuned/6.13.5/openshift-model-tuned-6.13.5.jar:/home/runner/.m2/repository/io/fabric8/openshift-model-console/6.13.5/openshift-model-console-6.13.5.jar:/home/runner/.m2/repository/io/fabric8/openshift-model-config/6.13.5/openshift-model-config-6.13.5.jar:/home/runner/.m2/repository/io/fabric8/openshift-model-machineconfig/6.13.5/openshift-model-machineconfig-6.13.5.jar:/home/runner/.m2/repository/io/fabric8/openshift-model-miscellaneous/6.13.5/openshift-model-miscellaneous-6.13.5.jar:/home/runner/.m2/repository/io/fabric8/openshift-model-hive/6.13.5/openshift-model-hive-6.13.5.jar:/home/runner/.m2/repository/io/fabric8/openshift-model-installer/6.13.5/openshift-model-installer-6.13.5.jar:/home/runner/.m2/repository/com/github/mifmif/generex/1.0.2/generex-1.0.2.jar:/home/runner/.m2/repository/dk/brics/automaton/automaton/1.11-8/automaton-1.11-8.jar:/home/runner/.m2/repository/org/junit/platform/junit-platform-launcher/1.10.3/junit-platform-launcher-1.10.3.jar:/home/runner/.m2/repository/org/junit/platform/junit-platform-engine/1.10.3/junit-platform-engine-1.10.3.jar:/home/runner/.m2/repository/org/opentest4j/opentest4j/1.3.0/opentest4j-1.3.0.jar:/home/runner/.m2/repository/org/junit/platform/junit-platform-commons/1.10.3/junit-platform-commons-1.10.3.jar:/home/runner/.m2/repository/org/apiguardian/apiguardian-api/1.1.2/apiguardian-api-1.1.2.jar:/home/runner/.m2/repository/jakarta/ws/rs/jakarta.ws.rs-api/3.1.0/jakarta.ws.rs-api-3.1.0.jar:/home/runner/work/apicurio-testing/apicurio-testing/clusters/ci419/namespaces/postgresql/tests/integration/apicurio-registry/java-sdk/target/apicurio-registry-java-sdk-3.0.9.jar:/home/runner/.m2/repository/com/microsoft/kiota/microsoft-kiota-abstractions/1.8.4/microsoft-kiota-abstractions-1.8.4.jar:/home/runner/.m2/repository/io/github/std-uritemplate/std-uritemplate/2.0.0/std-uritemplate-2.0.0.jar:/home/runner/.m2/repository/io/kiota/kiota-http-jdk/0.0.21/kiota-http-jdk-0.0.21.jar:/home/runner/.m2/repository/io/kiota/kiota-http-vertx/0.0.21/kiota-http-vertx-0.0.21.jar:/home/runner/.m2/repository/io/kiota/kiota-serialization-jackson/0.0.21/kiota-serialization-jackson-0.0.21.jar:/home/runner/.m2/repository/com/microsoft/kiota/microsoft-kiota-serialization-text/1.8.4/microsoft-kiota-serialization-text-1.8.4.jar:/home/runner/.m2/repository/com/microsoft/kiota/microsoft-kiota-serialization-form/1.8.4/microsoft-kiota-serialization-form-1.8.4.jar:/home/runner/.m2/repository/com/microsoft/kiota/microsoft-kiota-serialization-multipart/1.8.4/microsoft-kiota-serialization-multipart-1.8.4.jar:/home/runner/.m2/repository/jakarta/annotation/jakarta.annotation-api/3.0.0/jakarta.annotation-api-3.0.0.jar:/home/runner/.m2/repository/io/vertx/vertx-auth-oauth2/4.5.13/vertx-auth-oauth2-4.5.13.jar:/home/runner/work/apicurio-testing/apicurio-testing/clusters/ci419/namespaces/postgresql/tests/integration/apicurio-registry/java-sdk-v2/target/apicurio-registry-v2-java-sdk-3.0.9.jar:/home/runner/work/apicurio-testing/apicurio-testing/clusters/ci419/namespaces/postgresql/tests/integration/apicurio-registry/utils/kafka/target/apicurio-registry-utils-kafka-3.0.9-tests.jar:/home/runner/.m2/repository/org/eclipse/microprofile/config/microprofile-config-api/3.1/microprofile-config-api-3.1.jar:/home/runner/.m2/repository/org/apache/kafka/kafka-clients/3.9.0/kafka-clients-3.9.0.jar:/home/runner/.m2/repository/com/github/luben/zstd-jni/1.5.6-4/zstd-jni-1.5.6-4.jar:/home/runner/.m2/repository/org/lz4/lz4-java/1.8.0/lz4-java-1.8.0.jar:/home/runner/.m2/repository/org/xerial/snappy/snappy-java/1.1.10.5/snappy-java-1.1.10.5.jar:/home/runner/.m2/repository/org/slf4j/slf4j-api/2.0.6/slf4j-api-2.0.6.jar:/home/runner/work/apicurio-testing/apicurio-testing/clusters/ci419/namespaces/postgresql/tests/integration/apicurio-registry/utils/tests/target/apicurio-registry-utils-tests-3.0.9.jar:/home/runner/work/apicurio-testing/apicurio-testing/clusters/ci419/namespaces/postgresql/tests/integration/apicurio-registry/common/target/apicurio-registry-common-3.0.9.jar:/home/runner/.m2/repository/jakarta/validation/jakarta.validation-api/3.0.2/jakarta.validation-api-3.0.2.jar:/home/runner/.m2/repository/com/github/dasniko/testcontainers-keycloak/3.6.0/testcontainers-keycloak-3.6.0.jar:/home/runner/.m2/repository/org/testcontainers/testcontainers/1.20.1/testcontainers-1.20.1.jar:/home/runner/.m2/repository/org/rnorth/duct-tape/duct-tape/1.0.8/duct-tape-1.0.8.jar:/home/runner/.m2/repository/org/jetbrains/annotations/24.1.0/annotations-24.1.0.jar:/home/runner/.m2/repository/com/github/docker-java/docker-java-transport-zerodep/3.4.0/docker-java-transport-zerodep-3.4.0.jar:/home/runner/.m2/repository/com/github/docker-java/docker-java-transport/3.4.0/docker-java-transport-3.4.0.jar:/home/runner/.m2/repository/net/java/dev/jna/jna/5.8.0/jna-5.8.0.jar:/home/runner/.m2/repository/io/quarkus/quarkus-junit4-mock/3.15.4/quarkus-junit4-mock-3.15.4.jar:/home/runner/.m2/repository/org/jboss/shrinkwrap/shrinkwrap-api/2.0.0-beta-2/shrinkwrap-api-2.0.0-beta-2.jar:/home/runner/.m2/repository/org/jboss/shrinkwrap/shrinkwrap-impl-base/2.0.0-beta-2/shrinkwrap-impl-base-2.0.0-beta-2.jar:/home/runner/.m2/repository/org/jboss/shrinkwrap/shrinkwrap-spi/2.0.0-beta-2/shrinkwrap-spi-2.0.0-beta-2.jar:/home/runner/.m2/repository/org/keycloak/keycloak-admin-client/25.0.6/keycloak-admin-client-25.0.6.jar:/home/runner/.m2/repository/org/keycloak/keycloak-core/25.0.6/keycloak-core-25.0.6.jar:/home/runner/.m2/repository/org/keycloak/keycloak-common/25.0.6/keycloak-common-25.0.6.jar:/home/runner/.m2/repository/org/jboss/resteasy/resteasy-client/6.2.9.Final/resteasy-client-6.2.9.Final.jar:/home/runner/.m2/repository/org/jboss/resteasy/resteasy-client-api/6.2.9.Final/resteasy-client-api-6.2.9.Final.jar:/home/runner/.m2/repository/org/jboss/resteasy/resteasy-core-spi/6.2.9.Final/resteasy-core-spi-6.2.9.Final.jar:/home/runner/.m2/repository/org/jboss/resteasy/resteasy-core/6.2.9.Final/resteasy-core-6.2.9.Final.jar:/home/runner/.m2/repository/org/eclipse/angus/angus-activation/2.0.2/angus-activation-2.0.2.jar:/home/runner/.m2/repository/com/ibm/async/asyncutil/0.1.0/asyncutil-0.1.0.jar:/home/runner/.m2/repository/org/reactivestreams/reactive-streams/1.0.4/reactive-streams-1.0.4.jar:/home/runner/.m2/repository/org/jboss/resteasy/resteasy-multipart-provider/6.2.9.Final/resteasy-multipart-provider-6.2.9.Final.jar:/home/runner/.m2/repository/jakarta/mail/jakarta.mail-api/2.1.2/jakarta.mail-api-2.1.2.jar:/home/runner/.m2/repository/org/eclipse/angus/angus-mail/2.0.3/angus-mail-2.0.3.jar:/home/runner/.m2/repository/org/apache/james/apache-mime4j-dom/0.8.11/apache-mime4j-dom-0.8.11.jar:/home/runner/.m2/repository/org/apache/james/apache-mime4j-core/0.8.11/apache-mime4j-core-0.8.11.jar:/home/runner/.m2/repository/org/apache/james/apache-mime4j-storage/0.8.11/apache-mime4j-storage-0.8.11.jar:/home/runner/.m2/repository/org/jboss/resteasy/resteasy-jackson2-provider/6.2.9.Final/resteasy-jackson2-provider-6.2.9.Final.jar:/home/runner/.m2/repository/com/fasterxml/jackson/jakarta/rs/jackson-jakarta-rs-base/2.17.2/jackson-jakarta-rs-base-2.17.2.jar:/home/runner/.m2/repository/com/fasterxml/jackson/jakarta/rs/jackson-jakarta-rs-json-provider/2.17.2/jackson-jakarta-rs-json-provider-2.17.2.jar:/home/runner/.m2/repository/com/fasterxml/jackson/module/jackson-module-jakarta-xmlbind-annotations/2.17.2/jackson-module-jakarta-xmlbind-annotations-2.17.2.jar:/home/runner/.m2/repository/com/github/java-json-tools/json-patch/1.13/json-patch-1.13.jar:/home/runner/.m2/repository/com/github/java-json-tools/msg-simple/1.2/msg-simple-1.2.jar:/home/runner/.m2/repository/com/github/java-json-tools/btf/1.3/btf-1.3.jar:/home/runner/.m2/repository/com/github/java-json-tools/jackson-coreutils/2.0/jackson-coreutils-2.0.jar:/home/runner/.m2/repository/org/jboss/resteasy/resteasy-jaxb-provider/6.2.9.Final/resteasy-jaxb-provider-6.2.9.Final.jar:/home/runner/.m2/repository/org/glassfish/jaxb/codemodel/4.0.3/codemodel-4.0.3.jar:/home/runner/.m2/repository/org/glassfish/jaxb/jaxb-core/4.0.5/jaxb-core-4.0.5.jar:/home/runner/.m2/repository/org/glassfish/jaxb/jaxb-jxc/4.0.3/jaxb-jxc-4.0.3.jar:/home/runner/.m2/repository/org/glassfish/jaxb/jaxb-runtime/4.0.5/jaxb-runtime-4.0.5.jar:/home/runner/.m2/repository/org/glassfish/jaxb/txw2/4.0.5/txw2-4.0.5.jar:/home/runner/.m2/repository/org/glassfish/jaxb/jaxb-xjc/4.0.3/jaxb-xjc-4.0.3.jar:/home/runner/.m2/repository/org/glassfish/jaxb/xsom/4.0.3/xsom-4.0.3.jar:/home/runner/.m2/repository/com/sun/istack/istack-commons-runtime/4.1.2/istack-commons-runtime-4.1.2.jar:/home/runner/.m2/repository/com/sun/istack/istack-commons-tools/4.1.2/istack-commons-tools-4.1.2.jar:/home/runner/.m2/repository/com/sun/xml/bind/external/relaxng-datatype/4.0.3/relaxng-datatype-4.0.3.jar:/home/runner/.m2/repository/com/sun/xml/bind/external/rngom/4.0.3/rngom-4.0.3.jar:/home/runner/.m2/repository/org/testcontainers/mssqlserver/1.20.1/mssqlserver-1.20.1.jar:/home/runner/.m2/repository/org/testcontainers/jdbc/1.20.1/jdbc-1.20.1.jar:/home/runner/.m2/repository/org/testcontainers/database-commons/1.20.1/database-commons-1.20.1.jar:/home/runner/.m2/repository/org/testcontainers/mysql/1.20.1/mysql-1.20.1.jar:/home/runner/.m2/repository/io/strimzi/strimzi-test-container/0.107.0/strimzi-test-container-0.107.0.jar:/home/runner/.m2/repository/org/testcontainers/toxiproxy/1.20.1/toxiproxy-1.20.1.jar:/home/runner/.m2/repository/com/github/docker-java/docker-java-api/3.4.0/docker-java-api-3.4.0.jar:/home/runner/.m2/repository/eu/rekawek/toxiproxy/toxiproxy-java/2.1.7/toxiproxy-java-2.1.7.jar:/home/runner/.m2/repository/junit/junit/4.13.2/junit-4.13.2.jar:/home/runner/.m2/repository/org/hamcrest/hamcrest-core/1.3/hamcrest-core-1.3.jar:/home/runner/.m2/repository/org/testcontainers/pulsar/1.20.4/pulsar-1.20.4.jar:/home/runner/.m2/repository/io/debezium/debezium-testing-testcontainers/2.6.2.Final/debezium-testing-testcontainers-2.6.2.Final.jar:/home/runner/.m2/repository/org/testcontainers/kafka/1.20.1/kafka-1.20.1.jar:/home/runner/.m2/repository/com/squareup/okhttp3/okhttp/4.8.1/okhttp-4.8.1.jar:/home/runner/.m2/repository/com/squareup/okio/okio/3.10.2/okio-3.10.2.jar:/home/runner/.m2/repository/com/squareup/okio/okio-jvm/3.10.2/okio-jvm-3.10.2.jar:/home/runner/.m2/repository/org/jetbrains/kotlin/kotlin-stdlib/2.0.10/kotlin-stdlib-2.0.10.jar:/home/runner/.m2/repository/org/awaitility/awaitility/4.2.2/awaitility-4.2.2.jar:/home/runner/.m2/repository/org/testcontainers/mongodb/1.20.1/mongodb-1.20.1.jar:/home/runner/.m2/repository/org/testcontainers/oracle-xe/1.20.1/oracle-xe-1.20.1.jar:/home/runner/.m2/repository/org/testcontainers/postgresql/1.20.1/postgresql-1.20.1.jar:/home/runner/.m2/repository/org/wiremock/wiremock/3.0.1/wiremock-3.0.1.jar:/home/runner/.m2/repository/org/eclipse/jetty/jetty-server/11.0.15/jetty-server-11.0.15.jar:/home/runner/.m2/repository/org/eclipse/jetty/toolchain/jetty-jakarta-servlet-api/5.0.2/jetty-jakarta-servlet-api-5.0.2.jar:/home/runner/.m2/repository/org/eclipse/jetty/jetty-http/11.0.15/jetty-http-11.0.15.jar:/home/runner/.m2/repository/org/eclipse/jetty/jetty-io/11.0.15/jetty-io-11.0.15.jar:/home/runner/.m2/repository/org/eclipse/jetty/jetty-servlet/11.0.15/jetty-servlet-11.0.15.jar:/home/runner/.m2/repository/org/eclipse/jetty/jetty-security/11.0.15/jetty-security-11.0.15.jar:/home/runner/.m2/repository/org/eclipse/jetty/jetty-servlets/11.0.15/jetty-servlets-11.0.15.jar:/home/runner/.m2/repository/org/eclipse/jetty/jetty-util/11.0.15/jetty-util-11.0.15.jar:/home/runner/.m2/repository/org/eclipse/jetty/jetty-webapp/11.0.15/jetty-webapp-11.0.15.jar:/home/runner/.m2/repository/org/eclipse/jetty/jetty-xml/11.0.15/jetty-xml-11.0.15.jar:/home/runner/.m2/repository/org/eclipse/jetty/jetty-proxy/11.0.15/jetty-proxy-11.0.15.jar:/home/runner/.m2/repository/org/eclipse/jetty/jetty-client/11.0.15/jetty-client-11.0.15.jar:/home/runner/.m2/repository/org/eclipse/jetty/http2/http2-server/11.0.15/http2-server-11.0.15.jar:/home/runner/.m2/repository/org/eclipse/jetty/http2/http2-common/11.0.15/http2-common-11.0.15.jar:/home/runner/.m2/repository/org/eclipse/jetty/http2/http2-hpack/11.0.15/http2-hpack-11.0.15.jar:/home/runner/.m2/repository/org/eclipse/jetty/jetty-alpn-server/11.0.15/jetty-alpn-server-11.0.15.jar:/home/runner/.m2/repository/org/eclipse/jetty/jetty-alpn-java-server/11.0.15/jetty-alpn-java-server-11.0.15.jar:/home/runner/.m2/repository/org/eclipse/jetty/jetty-alpn-java-client/11.0.15/jetty-alpn-java-client-11.0.15.jar:/home/runner/.m2/repository/org/eclipse/jetty/jetty-alpn-client/11.0.15/jetty-alpn-client-11.0.15.jar:/home/runner/.m2/repository/org/apache/httpcomponents/client5/httpclient5/5.2.1/httpclient5-5.2.1.jar:/home/runner/.m2/repository/org/apache/httpcomponents/core5/httpcore5/5.2/httpcore5-5.2.jar:/home/runner/.m2/repository/org/apache/httpcomponents/core5/httpcore5-h2/5.2/httpcore5-h2-5.2.jar:/home/runner/.m2/repository/org/xmlunit/xmlunit-core/2.9.1/xmlunit-core-2.9.1.jar:/home/runner/.m2/repository/jakarta/xml/bind/jakarta.xml.bind-api/4.0.2/jakarta.xml.bind-api-4.0.2.jar:/home/runner/.m2/repository/jakarta/activation/jakarta.activation-api/2.1.3/jakarta.activation-api-2.1.3.jar:/home/runner/.m2/repository/org/xmlunit/xmlunit-legacy/2.9.1/xmlunit-legacy-2.9.1.jar:/home/runner/.m2/repository/org/xmlunit/xmlunit-placeholders/2.9.1/xmlunit-placeholders-2.9.1.jar:/home/runner/.m2/repository/net/javacrumbs/json-unit/json-unit-core/2.38.0/json-unit-core-2.38.0.jar:/home/runner/.m2/repository/com/jayway/jsonpath/json-path/2.8.0/json-path-2.8.0.jar:/home/runner/.m2/repository/net/minidev/json-smart/2.4.10/json-smart-2.4.10.jar:/home/runner/.m2/repository/net/minidev/accessors-smart/2.4.9/accessors-smart-2.4.9.jar:/home/runner/.m2/repository/org/ow2/asm/asm/9.7/asm-9.7.jar:/home/runner/.m2/repository/net/sf/jopt-simple/jopt-simple/5.0.4/jopt-simple-5.0.4.jar:/home/runner/.m2/repository/com/github/jknack/handlebars/4.3.1/handlebars-4.3.1.jar:/home/runner/.m2/repository/com/github/jknack/handlebars-helpers/4.3.1/handlebars-helpers-4.3.1.jar:/home/runner/.m2/repository/commons-fileupload/commons-fileupload/1.5/commons-fileupload-1.5.jar:/home/runner/.m2/repository/com/networknt/json-schema-validator/1.5.5/json-schema-validator-1.5.5.jar:/home/runner/.m2/repository/com/ethlo/time/itu/1.10.3/itu-1.10.3.jar:/home/runner/.m2/repository/io/quarkus/quarkus-smallrye-jwt-build/3.15.4/quarkus-smallrye-jwt-build-3.15.4.jar:/home/runner/.m2/repository/io/smallrye/smallrye-jwt-build/4.5.3/smallrye-jwt-build-4.5.3.jar:/home/runner/.m2/repository/org/eclipse/microprofile/jwt/microprofile-jwt-auth-api/2.1/microprofile-jwt-auth-api-2.1.jar:/home/runner/.m2/repository/org/bitbucket/b_c/jose4j/0.9.6/jose4j-0.9.6.jar:/home/runner/.m2/repository/io/smallrye/smallrye-jwt-common/4.5.3/smallrye-jwt-common-4.5.3.jar:/home/runner/.m2/repository/io/quarkus/quarkus-jsonp/3.15.4/quarkus-jsonp-3.15.4.jar:/home/runner/.m2/repository/io/quarkus/quarkus-arc/3.15.4/quarkus-arc-3.15.4.jar:/home/runner/.m2/repository/io/quarkus/arc/arc/3.15.4/arc-3.15.4.jar:/home/runner/.m2/repository/jakarta/transaction/jakarta.transaction-api/2.0.1/jakarta.transaction-api-2.0.1.jar:/home/runner/.m2/repository/io/smallrye/reactive/mutiny/2.6.2/mutiny-2.6.2.jar:/home/runner/.m2/repository/org/jctools/jctools-core/4.0.5/jctools-core-4.0.5.jar:/home/runner/.m2/repository/org/eclipse/microprofile/context-propagation/microprofile-context-propagation-api/1.3/microprofile-context-propagation-api-1.3.jar:/home/runner/.m2/repository/io/apicurio/apicurio-common-rest-client-common/0.1.18.Final/apicurio-common-rest-client-common-0.1.18.Final.jar:/home/runner/work/apicurio-testing/apicurio-testing/clusters/ci419/namespaces/postgresql/tests/integration/apicurio-registry/utils/maven-plugin/target/apicurio-registry-maven-plugin-3.0.9.jar:/home/runner/.m2/repository/com/fasterxml/jackson/core/jackson-databind/2.17.2/jackson-databind-2.17.2.jar:/home/runner/.m2/repository/org/apache/avro/avro/1.12.0/avro-1.12.0.jar:/home/runner/.m2/repository/com/google/protobuf/protobuf-java/3.25.8/protobuf-java-3.25.8.jar:/home/runner/.m2/repository/com/google/protobuf/protobuf-java-util/3.25.8/protobuf-java-util-3.25.8.jar:/home/runner/.m2/repository/com/google/code/findbugs/jsr305/3.0.2/jsr305-3.0.2.jar:/home/runner/.m2/repository/com/google/code/gson/gson/2.11.0/gson-2.11.0.jar:/home/runner/.m2/repository/com/google/errorprone/error_prone_annotations/2.30.0/error_prone_annotations-2.30.0.jar:/home/runner/.m2/repository/com/google/j2objc/j2objc-annotations/2.8/j2objc-annotations-2.8.jar:/home/runner/work/apicurio-testing/apicurio-testing/clusters/ci419/namespaces/postgresql/tests/integration/apicurio-registry/schema-util/util-provider/target/apicurio-registry-schema-util-provider-3.0.9.jar:/home/runner/work/apicurio-testing/apicurio-testing/clusters/ci419/namespaces/postgresql/tests/integration/apicurio-registry/schema-util/common/target/apicurio-registry-schema-util-common-3.0.9.jar:/home/runner/.m2/repository/com/fasterxml/jackson/module/jackson-module-parameter-names/2.17.2/jackson-module-parameter-names-2.17.2.jar:/home/runner/.m2/repository/com/fasterxml/jackson/datatype/jackson-datatype-json-org/2.18.2/jackson-datatype-json-org-2.18.2.jar:/home/runner/work/apicurio-testing/apicurio-testing/clusters/ci419/namespaces/postgresql/tests/integration/apicurio-registry/schema-util/json/target/apicurio-registry-schema-util-json-3.0.9.jar:/home/runner/.m2/repository/com/github/erosb/everit-json-schema/1.14.5/everit-json-schema-1.14.5.jar:/home/runner/.m2/repository/commons-validator/commons-validator/1.9.0/commons-validator-1.9.0.jar:/home/runner/.m2/repository/commons-digester/commons-digester/2.1/commons-digester-2.1.jar:/home/runner/.m2/repository/commons-collections/commons-collections/3.2.2/commons-collections-3.2.2.jar:/home/runner/.m2/repository/com/damnhandy/handy-uri-templates/2.1.8/handy-uri-templates-2.1.8.jar:/home/runner/.m2/repository/joda-time/joda-time/2.10.2/joda-time-2.10.2.jar:/home/runner/.m2/repository/com/github/erosb/json-sKema/0.20.0/json-sKema-0.20.0.jar:/home/runner/.m2/repository/io/vertx/vertx-json-schema/4.5.13/vertx-json-schema-4.5.13.jar:/home/runner/work/apicurio-testing/apicurio-testing/clusters/ci419/namespaces/postgresql/tests/integration/apicurio-registry/schema-util/protobuf/target/apicurio-registry-schema-util-protobuf-3.0.9.jar:/home/runner/work/apicurio-testing/apicurio-testing/clusters/ci419/namespaces/postgresql/tests/integration/apicurio-registry/utils/protobuf-schema-utilities/target/apicurio-registry-protobuf-schema-utilities-3.0.9.jar:/home/runner/.m2/repository/com/google/api/grpc/proto-google-common-protos/2.52.0/proto-google-common-protos-2.52.0.jar:/home/runner/.m2/repository/com/squareup/wire/wire-schema-jvm/5.1.0/wire-schema-jvm-5.1.0.jar:/home/runner/.m2/repository/com/squareup/javapoet/1.13.0/javapoet-1.13.0.jar:/home/runner/.m2/repository/com/squareup/kotlinpoet-jvm/1.18.1/kotlinpoet-jvm-1.18.1.jar:/home/runner/.m2/repository/org/jetbrains/kotlin/kotlin-reflect/2.0.10/kotlin-reflect-2.0.10.jar:/home/runner/.m2/repository/com/squareup/wire/wire-runtime-jvm/5.1.0/wire-runtime-jvm-5.1.0.jar:/home/runner/.m2/repository/com/ibm/icu/icu4j/76.1/icu4j-76.1.jar:/home/runner/.m2/repository/com/squareup/okio/okio-fakefilesystem/3.10.2/okio-fakefilesystem-3.10.2.jar:/home/runner/.m2/repository/com/squareup/okio/okio-fakefilesystem-jvm/3.10.2/okio-fakefilesystem-jvm-3.10.2.jar:/home/runner/.m2/repository/org/jetbrains/kotlinx/kotlinx-datetime-jvm/0.6.1/kotlinx-datetime-jvm-0.6.1.jar:/home/runner/work/apicurio-testing/apicurio-testing/clusters/ci419/namespaces/postgresql/tests/integration/apicurio-registry/schema-util/asyncapi/target/apicurio-registry-schema-util-asyncapi-3.0.9.jar:/home/runner/work/apicurio-testing/apicurio-testing/clusters/ci419/namespaces/postgresql/tests/integration/apicurio-registry/schema-util/avro/target/apicurio-registry-schema-util-avro-3.0.9.jar:/home/runner/work/apicurio-testing/apicurio-testing/clusters/ci419/namespaces/postgresql/tests/integration/apicurio-registry/schema-util/graphql/target/apicurio-registry-schema-util-graphql-3.0.9.jar:/home/runner/.m2/repository/com/graphql-java/graphql-java/22.3/graphql-java-22.3.jar:/home/runner/.m2/repository/com/graphql-java/java-dataloader/3.3.0/java-dataloader-3.3.0.jar:/home/runner/work/apicurio-testing/apicurio-testing/clusters/ci419/namespaces/postgresql/tests/integration/apicurio-registry/schema-util/kconnect/target/apicurio-registry-schema-util-kconnect-3.0.9.jar:/home/runner/work/apicurio-testing/apicurio-testing/clusters/ci419/namespaces/postgresql/tests/integration/apicurio-registry/schema-util/openapi/target/apicurio-registry-schema-util-openapi-3.0.9.jar:/home/runner/.m2/repository/io/apicurio/apicurio-data-models/2.2.1/apicurio-data-models-2.2.1.jar:/home/runner/.m2/repository/org/openapitools/openapidiff/openapi-diff-core/2.0.1/openapi-diff-core-2.0.1.jar:/home/runner/.m2/repository/io/swagger/parser/v3/swagger-parser/2.0.28/swagger-parser-2.0.28.jar:/home/runner/.m2/repository/io/swagger/parser/v3/swagger-parser-v2-converter/2.0.28/swagger-parser-v2-converter-2.0.28.jar:/home/runner/.m2/repository/io/swagger/swagger-core/1.6.3/swagger-core-1.6.3.jar:/home/runner/.m2/repository/io/swagger/swagger-models/1.6.3/swagger-models-1.6.3.jar:/home/runner/.m2/repository/io/swagger/swagger-annotations/1.6.3/swagger-annotations-1.6.3.jar:/home/runner/.m2/repository/io/swagger/swagger-parser/1.0.56/swagger-parser-1.0.56.jar:/home/runner/.m2/repository/io/swagger/swagger-compat-spec-parser/1.0.56/swagger-compat-spec-parser-1.0.56.jar:/home/runner/.m2/repository/com/github/java-json-tools/json-schema-validator/2.2.14/json-schema-validator-2.2.14.jar:/home/runner/.m2/repository/com/github/java-json-tools/jackson-coreutils-equivalence/1.0/jackson-coreutils-equivalence-1.0.jar:/home/runner/.m2/repository/com/github/java-json-tools/json-schema-core/1.2.14/json-schema-core-1.2.14.jar:/home/runner/.m2/repository/com/github/java-json-tools/uri-template/0.10/uri-template-0.10.jar:/home/runner/.m2/repository/com/sun/mail/mailapi/1.6.2/mailapi-1.6.2.jar:/home/runner/.m2/repository/com/googlecode/libphonenumber/libphonenumber/8.11.1/libphonenumber-8.11.1.jar:/home/runner/.m2/repository/com/j2html/j2html/1.5.0/j2html-1.5.0.jar:/home/runner/.m2/repository/org/apache/commons/commons-collections4/4.4/commons-collections4-4.4.jar:/home/runner/.m2/repository/commons-httpclient/commons-httpclient/3.1/commons-httpclient-3.1.jar:/home/runner/.m2/repository/io/swagger/parser/v3/swagger-parser-v3/2.1.25/swagger-parser-v3-2.1.25.jar:/home/runner/.m2/repository/io/swagger/core/v3/swagger-models/2.2.28/swagger-models-2.2.28.jar:/home/runner/.m2/repository/io/swagger/core/v3/swagger-core/2.2.28/swagger-core-2.2.28.jar:/home/runner/.m2/repository/io/swagger/parser/v3/swagger-parser-core/2.1.25/swagger-parser-core-2.1.25.jar:/home/runner/.m2/repository/io/swagger/parser/v3/swagger-parser-safe-url-resolver/2.1.25/swagger-parser-safe-url-resolver-2.1.25.jar:/home/runner/work/apicurio-testing/apicurio-testing/clusters/ci419/namespaces/postgresql/tests/integration/apicurio-registry/schema-util/wsdl/target/apicurio-registry-schema-util-wsdl-3.0.9.jar:/home/runner/.m2/repository/wsdl4j/wsdl4j/1.6.3/wsdl4j-1.6.3.jar:/home/runner/work/apicurio-testing/apicurio-testing/clusters/ci419/namespaces/postgresql/tests/integration/apicurio-registry/schema-util/xml/target/apicurio-registry-schema-util-xml-3.0.9.jar:/home/runner/.m2/repository/org/apache/santuario/xmlsec/4.0.3/xmlsec-4.0.3.jar:/home/runner/.m2/repository/com/fasterxml/woodstox/woodstox-core/7.1.0/woodstox-core-7.1.0.jar:/home/runner/.m2/repository/org/codehaus/woodstox/stax2-api/4.2.2/stax2-api-4.2.2.jar:/home/runner/work/apicurio-testing/apicurio-testing/clusters/ci419/namespaces/postgresql/tests/integration/apicurio-registry/schema-util/xsd/target/apicurio-registry-schema-util-xsd-3.0.9.jar:/home/runner/work/apicurio-testing/apicurio-testing/clusters/ci419/namespaces/postgresql/tests/integration/apicurio-registry/serdes/kafka/jsonschema-serde/target/apicurio-registry-jsonschema-serde-kafka-3.0.9.jar:/home/runner/work/apicurio-testing/apicurio-testing/clusters/ci419/namespaces/postgresql/tests/integration/apicurio-registry/serdes/kafka/serde-kafka-common/target/apicurio-registry-serde-kafka-common-3.0.9.jar:/home/runner/work/apicurio-testing/apicurio-testing/clusters/ci419/namespaces/postgresql/tests/integration/apicurio-registry/serdes/generic/serde-common/target/apicurio-registry-serde-common-3.0.9.jar:/home/runner/work/apicurio-testing/apicurio-testing/clusters/ci419/namespaces/postgresql/tests/integration/apicurio-registry/schema-resolver/target/apicurio-registry-schema-resolver-3.0.9.jar:/home/runner/work/apicurio-testing/apicurio-testing/clusters/ci419/namespaces/postgresql/tests/integration/apicurio-registry/serdes/generic/serde-common-jsonschema/target/apicurio-registry-serde-common-jsonschema-3.0.9.jar:/home/runner/.m2/repository/org/json/json/20250107/json-20250107.jar:/home/runner/work/apicurio-testing/apicurio-testing/clusters/ci419/namespaces/postgresql/tests/integration/apicurio-registry/serdes/kafka/avro-serde/target/apicurio-registry-avro-serde-kafka-3.0.9.jar:/home/runner/work/apicurio-testing/apicurio-testing/clusters/ci419/namespaces/postgresql/tests/integration/apicurio-registry/serdes/generic/serde-common-avro/target/apicurio-registry-serde-common-avro-3.0.9.jar:/home/runner/work/apicurio-testing/apicurio-testing/clusters/ci419/namespaces/postgresql/tests/integration/apicurio-registry/serdes/kafka/protobuf-serde/target/apicurio-registry-protobuf-serde-kafka-3.0.9.jar:/home/runner/work/apicurio-testing/apicurio-testing/clusters/ci419/namespaces/postgresql/tests/integration/apicurio-registry/serdes/generic/serde-common-protobuf/target/apicurio-registry-serde-common-protobuf-3.0.9.jar:/home/runner/.m2/repository/com/squareup/wire/wire-schema/5.1.0/wire-schema-5.1.0.jar:/home/runner/.m2/repository/com/squareup/wire/wire-runtime/5.1.0/wire-runtime-5.1.0.jar:/home/runner/work/apicurio-testing/apicurio-testing/clusters/ci419/namespaces/postgresql/tests/integration/apicurio-registry/serdes/pulsar/avro-serde/target/apicurio-registry-avro-serde-pulsar-3.0.9.jar:/home/runner/.m2/repository/org/apache/pulsar/pulsar-functions-api/3.3.4/pulsar-functions-api-3.3.4.jar:/home/runner/work/apicurio-testing/apicurio-testing/clusters/ci419/namespaces/postgresql/tests/integration/apicurio-registry/serdes/nats/avro-serde/target/apicurio-registry-avro-serde-nats-3.0.9.jar:/home/runner/.m2/repository/io/nats/jnats/2.20.5/jnats-2.20.5.jar:/home/runner/.m2/repository/net/i2p/crypto/eddsa/0.3.0/eddsa-0.3.0.jar:/home/runner/work/apicurio-testing/apicurio-testing/clusters/ci419/namespaces/postgresql/tests/integration/apicurio-registry/utils/converter/target/apicurio-registry-utils-converter-3.0.9.jar:/home/runner/.m2/repository/org/apache/kafka/connect-api/3.9.1/connect-api-3.9.1.jar:/home/runner/.m2/repository/javax/ws/rs/javax.ws.rs-api/2.1.1/javax.ws.rs-api-2.1.1.jar:/home/runner/.m2/repository/org/apache/kafka/connect-json/3.9.1/connect-json-3.9.1.jar:/home/runner/.m2/repository/com/fasterxml/jackson/datatype/jackson-datatype-jdk8/2.17.2/jackson-datatype-jdk8-2.17.2.jar:/home/runner/.m2/repository/com/fasterxml/jackson/module/jackson-module-afterburner/2.17.2/jackson-module-afterburner-2.17.2.jar:/home/runner/work/apicurio-testing/apicurio-testing/clusters/ci419/namespaces/postgresql/tests/integration/apicurio-registry/utils/kafka/target/apicurio-registry-utils-kafka-3.0.9.jar:/home/runner/.m2/repository/org/apache/pulsar/pulsar-client/3.3.4/pulsar-client-3.3.4.jar:/home/runner/.m2/repository/org/apache/pulsar/pulsar-client-api/3.3.4/pulsar-client-api-3.3.4.jar:/home/runner/.m2/repository/org/apache/pulsar/pulsar-client-admin-api/3.3.4/pulsar-client-admin-api-3.3.4.jar:/home/runner/.m2/repository/org/apache/pulsar/bouncy-castle-bc/3.3.4/bouncy-castle-bc-3.3.4-pkg.jar:/home/runner/.m2/repository/org/bouncycastle/bcpkix-jdk18on/1.78.1/bcpkix-jdk18on-1.78.1.jar:/home/runner/.m2/repository/org/bouncycastle/bcutil-jdk18on/1.78.1/bcutil-jdk18on-1.78.1.jar:/home/runner/.m2/repository/org/bouncycastle/bcprov-jdk18on/1.78.1/bcprov-jdk18on-1.78.1.jar:/home/runner/.m2/repository/io/opentelemetry/opentelemetry-api/1.39.0/opentelemetry-api-1.39.0.jar:/home/runner/.m2/repository/io/opentelemetry/opentelemetry-context/1.39.0/opentelemetry-context-1.39.0.jar:/home/runner/.m2/repository/io/opentelemetry/opentelemetry-api-incubator/1.39.0-alpha/opentelemetry-api-incubator-1.39.0-alpha.jar:/home/runner/.m2/repository/com/fasterxml/jackson/core/jackson-annotations/2.17.2/jackson-annotations-2.17.2.jar:/home/runner/.m2/repository/javax/validation/validation-api/1.1.0.Final/validation-api-1.1.0.Final.jar:/home/runner/.m2/repository/io/confluent/kafka-avro-serializer/7.9.0/kafka-avro-serializer-7.9.0.jar:/home/runner/.m2/repository/org/apache/commons/commons-compress/1.27.0/commons-compress-1.27.0.jar:/home/runner/.m2/repository/io/confluent/kafka-schema-serializer/7.9.0/kafka-schema-serializer-7.9.0.jar:/home/runner/.m2/repository/com/fasterxml/jackson/dataformat/jackson-dataformat-csv/2.17.2/jackson-dataformat-csv-2.17.2.jar:/home/runner/.m2/repository/io/confluent/kafka-schema-registry-client/7.9.0/kafka-schema-registry-client-7.9.0.jar:/home/runner/.m2/repository/org/yaml/snakeyaml/2.2/snakeyaml-2.2.jar:/home/runner/.m2/repository/io/swagger/core/v3/swagger-annotations/2.1.10/swagger-annotations-2.1.10.jar:/home/runner/.m2/repository/com/google/guava/guava/33.2.1-jre/guava-33.2.1-jre.jar:/home/runner/.m2/repository/com/google/guava/failureaccess/1.0.1/failureaccess-1.0.1.jar:/home/runner/.m2/repository/org/checkerframework/checker-qual/3.46.0/checker-qual-3.46.0.jar:/home/runner/.m2/repository/io/confluent/logredactor/1.0.12/logredactor-1.0.12.jar:/home/runner/.m2/repository/com/google/re2j/re2j/1.6/re2j-1.6.jar:/home/runner/.m2/repository/io/confluent/logredactor-metrics/1.0.12/logredactor-metrics-1.0.12.jar:/home/runner/.m2/repository/com/eclipsesource/minimal-json/minimal-json/0.9.5/minimal-json-0.9.5.jar:/home/runner/.m2/repository/io/confluent/common-utils/7.9.0/common-utils-7.9.0.jar:/home/runner/.m2/repository/io/confluent/kafka-connect-avro-converter/7.9.0/kafka-connect-avro-converter-7.9.0.jar:/home/runner/.m2/repository/io/confluent/kafka-connect-avro-data/7.9.0/kafka-connect-avro-data-7.9.0.jar:/home/runner/.m2/repository/io/confluent/kafka-schema-converter/7.9.0/kafka-schema-converter-7.9.0.jar:/home/runner/.m2/repository/io/rest-assured/rest-assured/5.5.0/rest-assured-5.5.0.jar:/home/runner/.m2/repository/org/apache/groovy/groovy/4.0.22/groovy-4.0.22.jar:/home/runner/.m2/repository/org/apache/groovy/groovy-xml/4.0.22/groovy-xml-4.0.22.jar:/home/runner/.m2/repository/org/apache/httpcomponents/httpclient/4.5.14/httpclient-4.5.14.jar:/home/runner/.m2/repository/org/apache/httpcomponents/httpcore/4.4.16/httpcore-4.4.16.jar:/home/runner/.m2/repository/org/apache/httpcomponents/httpmime/4.5.14/httpmime-4.5.14.jar:/home/runner/.m2/repository/org/hamcrest/hamcrest/2.2/hamcrest-2.2.jar:/home/runner/.m2/repository/org/ccil/cowan/tagsoup/tagsoup/1.2.1/tagsoup-1.2.1.jar:/home/runner/.m2/repository/io/rest-assured/json-path/5.5.0/json-path-5.5.0.jar:/home/runner/.m2/repository/org/apache/groovy/groovy-json/4.0.22/groovy-json-4.0.22.jar:/home/runner/.m2/repository/io/rest-assured/rest-assured-common/5.5.0/rest-assured-common-5.5.0.jar:/home/runner/.m2/repository/io/rest-assured/xml-path/5.5.0/xml-path-5.5.0.jar:/home/runner/.m2/repository/io/zonky/test/embedded-postgres/2.1.0/embedded-postgres-2.1.0.jar:/home/runner/.m2/repository/io/zonky/test/postgres/embedded-postgres-binaries-windows-amd64/14.15.0/embedded-postgres-binaries-windows-amd64-14.15.0.jar:/home/runner/.m2/repository/io/zonky/test/postgres/embedded-postgres-binaries-darwin-amd64/14.15.0/embedded-postgres-binaries-darwin-amd64-14.15.0.jar:/home/runner/.m2/repository/io/zonky/test/postgres/embedded-postgres-binaries-linux-amd64/14.15.0/embedded-postgres-binaries-linux-amd64-14.15.0.jar:/home/runner/.m2/repository/io/zonky/test/postgres/embedded-postgres-binaries-linux-amd64-alpine/14.15.0/embedded-postgres-binaries-linux-amd64-alpine-14.15.0.jar:/home/runner/.m2/repository/org/apache/commons/commons-lang3/3.14.0/commons-lang3-3.14.0.jar:/home/runner/.m2/repository/org/tukaani/xz/1.10/xz-1.10.jar:/home/runner/.m2/repository/commons-codec/commons-codec/1.18.0/commons-codec-1.18.0.jar:/home/runner/.m2/repository/org/postgresql/postgresql/42.7.4/postgresql-42.7.4.jar:/home/runner/.m2/repository/commons-io/commons-io/2.16.1/commons-io-2.16.1.jar:/home/runner/work/apicurio-testing/apicurio-testing/clusters/ci419/namespaces/postgresql/tests/integration/apicurio-registry/utils/importexport/target/apicurio-registry-utils-import-export-3.0.9.jar:/home/runner/.m2/repository/io/vertx/vertx-core/4.5.13/vertx-core-4.5.13.jar:/home/runner/.m2/repository/io/netty/netty-common/4.1.118.Final/netty-common-4.1.118.Final.jar:/home/runner/.m2/repository/io/netty/netty-buffer/4.1.118.Final/netty-buffer-4.1.118.Final.jar:/home/runner/.m2/repository/io/netty/netty-transport/4.1.118.Final/netty-transport-4.1.118.Final.jar:/home/runner/.m2/repository/io/netty/netty-handler/4.1.118.Final/netty-handler-4.1.118.Final.jar:/home/runner/.m2/repository/io/netty/netty-transport-native-unix-common/4.1.118.Final/netty-transport-native-unix-common-4.1.118.Final.jar:/home/runner/.m2/repository/io/netty/netty-codec/4.1.118.Final/netty-codec-4.1.118.Final.jar:/home/runner/.m2/repository/io/netty/netty-handler-proxy/4.1.118.Final/netty-handler-proxy-4.1.118.Final.jar:/home/runner/.m2/repository/io/netty/netty-codec-socks/4.1.118.Final/netty-codec-socks-4.1.118.Final.jar:/home/runner/.m2/repository/io/netty/netty-codec-http/4.1.118.Final/netty-codec-http-4.1.118.Final.jar:/home/runner/.m2/repository/io/netty/netty-codec-http2/4.1.118.Final/netty-codec-http2-4.1.118.Final.jar:/home/runner/.m2/repository/io/netty/netty-resolver/4.1.118.Final/netty-resolver-4.1.118.Final.jar:/home/runner/.m2/repository/io/netty/netty-resolver-dns/4.1.118.Final/netty-resolver-dns-4.1.118.Final.jar:/home/runner/.m2/repository/io/netty/netty-codec-dns/4.1.118.Final/netty-codec-dns-4.1.118.Final.jar:/home/runner/.m2/repository/com/fasterxml/jackson/core/jackson-core/2.17.2/jackson-core-2.17.2.jar:"/>
    <property name="sun.cpu.endian" value="little"/>
    <property name="user.home" value="/home/runner"/>
    <property name="user.language" value="en"/>
    <property name="jboss.log-version" value="false"/>
    <property name="java.specification.vendor" value="Oracle Corporation"/>
    <property name="java.version.date" value="2025-07-15"/>
    <property name="java.home" value="/usr/lib/jvm/temurin-17-jdk-amd64"/>
    <property name="file.separator" value="/"/>
    <property name="basedir" value="/home/runner/work/apicurio-testing/apicurio-testing/clusters/ci419/namespaces/postgresql/tests/integration/apicurio-registry/integration-tests"/>
    <property name="java.vm.compressedOopsMode" value="32-bit"/>
    <property name="line.separator" value="&#10;"/>
    <property name="java.specification.name" value="Java Platform API Specification"/>
    <property name="java.vm.specification.vendor" value="Oracle Corporation"/>
    <property name="quarkus.http.test-host" value="registry-app-postgresql.apps.ci419.apicurio-testing.org"/>
    <property name="surefire.real.class.path" value="/home/runner/work/apicurio-testing/apicurio-testing/clusters/ci419/namespaces/postgresql/tests/integration/apicurio-registry/integration-tests/target/surefire/surefirebooter-20250731022118642_3.jar"/>
    <property name="sun.management.compiler" value="HotSpot 64-Bit Tiered Compilers"/>
    <property name="org.eclipse.jetty.http.HttpGenerator.STRICT" value="true"/>
    <property name="java.runtime.version" value="17.0.16+8"/>
    <property name="user.name" value="runner"/>
    <property name="path.separator" value=":"/>
    <property name="os.version" value="6.8.0-1031-azure"/>
    <property name="java.runtime.name" value="OpenJDK Runtime Environment"/>
    <property name="file.encoding" value="UTF-8"/>
    <property name="jnidispatch.path" value="/home/runner/.cache/JNA/temp/jna793403245320359375.tmp"/>
    <property name="java.vm.name" value="OpenJDK 64-Bit Server VM"/>
    <property name="jna.platform.library.path" value="/usr/lib/x86_64-linux-gnu:/lib/x86_64-linux-gnu:/usr/lib64:/lib64:/usr/lib:/lib:/lib32:/usr/local/lib:/usr/lib/x86_64-linux-gnu/libfakeroot"/>
    <property name="java.vendor.version" value="Temurin-17.0.16+8"/>
    <property name="quarkus.oidc.token-path" value="https://keycloak-postgresql.apps.ci419.apicurio-testing.org/realms/registry/protocol/openid-connect/token"/>
    <property name="quarkus.http.host" value="registry-app-postgresql.apps.ci419.apicurio-testing.org"/>
    <property name="localRepository" value="/home/runner/.m2/repository"/>
    <property name="javax.xml.xpath.XPathFactory:http://java.sun.com/jaxp/xpath/dom" value="com.sun.org.apache.xpath.internal.jaxp.XPathFactoryImpl"/>
    <property name="jna.loaded" value="true"/>
    <property name="java.vendor.url.bug" value="https://github.com/adoptium/adoptium-support/issues"/>
    <property name="jetty.git.hash" value="5bc5e562c8d05c5862505aebe5cf83a61bdbcb96"/>
    <property name="java.io.tmpdir" value="/tmp"/>
    <property name="quarkus.http.test-protocol" value="http"/>
    <property name="java.version" value="17.0.16"/>
    <property name="user.dir" value="/home/runner/work/apicurio-testing/apicurio-testing/clusters/ci419/namespaces/postgresql/tests/integration/apicurio-registry/integration-tests"/>
    <property name="os.arch" value="amd64"/>
    <property name="groups" value="( smoke | serdes | acceptance | ui)"/>
    <property name="java.vm.specification.name" value="Java Virtual Machine Specification"/>
    <property name="native.encoding" value="UTF-8"/>
    <property name="java.util.logging.manager" value="org.jboss.logmanager.LogManager"/>
    <property name="java.library.path" value="/usr/java/packages/lib:/usr/lib64:/lib64:/lib:/usr/lib"/>
    <property name="jdk.console" value="java.base"/>
    <property name="java.vm.info" value="mixed mode, sharing"/>
    <property name="java.vendor" value="Eclipse Adoptium"/>
    <property name="java.vm.version" value="17.0.16+8"/>
    <property name="java.specification.maintenance.version" value="1"/>
    <property name="sun.io.unicode.encoding" value="UnicodeLittle"/>
    <property name="javax.xml.transform.TransformerFactory" value="com.sun.org.apache.xalan.internal.xsltc.trax.TransformerFactoryImpl"/>
    <property name="java.class.version" value="61.0"/>
  </properties>
  <testcase name="testEvolveAvroConfluent" classname="io.apicurio.tests.serdes.confluent.BasicConfluentSerDesIT" time="0.862">
    <error type="io.apicurio.registry.rest.client.models.RuleViolationProblemDetails"><![CDATA[io.apicurio.registry.rest.client.models.RuleViolationProblemDetails
	at io.apicurio.registry.rest.client.models.RuleViolationProblemDetails.createFromDiscriminatorValue(RuleViolationProblemDetails.java:62)
	at io.kiota.serialization.json.JsonParseNode.getObjectValue(JsonParseNode.java:247)
	at io.kiota.http.vertx.VertXRequestAdapter.lambda$throwIfFailedResponse$0(VertXRequestAdapter.java:400)
	at com.microsoft.kiota.ApiExceptionBuilder.<init>(ApiExceptionBuilder.java:26)
	at io.kiota.http.vertx.VertXRequestAdapter.throwIfFailedResponse(VertXRequestAdapter.java:399)
	at io.kiota.http.vertx.VertXRequestAdapter.send(VertXRequestAdapter.java:170)
	at io.apicurio.registry.rest.client.groups.item.artifacts.item.versions.VersionsRequestBuilder.post(VersionsRequestBuilder.java:117)
	at io.apicurio.registry.rest.client.groups.item.artifacts.item.versions.VersionsRequestBuilder.post(VersionsRequestBuilder.java:94)
	at io.apicurio.tests.ApicurioRegistryBaseIT.createArtifactVersion(ApicurioRegistryBaseIT.java:153)
	at io.apicurio.tests.serdes.confluent.BasicConfluentSerDesIT.testEvolveAvroConfluent(BasicConfluentSerDesIT.java:208)
	at java.base/java.lang.reflect.Method.invoke(Method.java:569)
	at java.base/java.util.ArrayList.forEach(ArrayList.java:1511)
	at java.base/java.util.ArrayList.forEach(ArrayList.java:1511)
]]></error>
    <system-out><![CDATA[2025-07-31 02:22:51,703 INFO  [io.api.tes.ser.con.BasicConfluentSerDesIT] (main) RestAssured configured with http://registry-app-postgresql.apps.ci419.apicurio-testing.org:80/apis/registry/v3
2025-07-31 02:22:51,838 INFO  [io.api.tes.ser.con.BasicConfluentSerDesIT] (main) Deleting confluent schema subj_01b19cfd_dec8_458b_be2f_e7eaf591df54-value
2025-07-31 02:22:51,859 INFO  [io.api.tes.ser.con.BasicConfluentSerDesIT] (main) Deleting confluent schema subj_87bc2e35_92a5_4cf3_ab1b_8698b187abaf-value
2025-07-31 02:22:51,872 INFO  [io.api.tes.ser.con.BasicConfluentSerDesIT] (main) Deleting confluent schema subj_fdbbbc2b_176d_4d96_b15b_55d524789769-value
2025-07-31 02:22:51,885 INFO  [io.api.tes.ser.con.BasicConfluentSerDesIT] (main) Deleting confluent schema topic-de6e1d7d_fe4d_4208_86a3_52249c536bf3-value
2025-07-31 02:22:51,896 INFO  [io.api.tes.ser.con.BasicConfluentSerDesIT] (main) Deleting confluent schema topic-d74a6acc_b656_4458_907b_1235f3a2ee0b-value
2025-07-31 02:22:51,908 INFO  [io.api.tes.ser.con.BasicConfluentSerDesIT] (main) Deleting confluent schema topic-4eeec50b_ce0b_4ce8_84e5_fb4bcf9272b4-value
2025-07-31 02:22:51,920 INFO  [io.api.tes.ser.con.BasicConfluentSerDesIT] (main) Deleting confluent schema topic-7e3932bb_0463_4259_a73f_f27aa0097a08-value
2025-07-31 02:22:51,931 INFO  [io.api.tes.ser.con.BasicConfluentSerDesIT] (main) Deleting confluent schema topic-33d36cbe_2963_4c1f_bd3a_fcb22499d27a-value
2025-07-31 02:22:51,942 INFO  [io.api.tes.ser.con.BasicConfluentSerDesIT] (main) Deleting confluent schema topic-97819040_5b68_473f_9e90_c53b105cd8e7-value
2025-07-31 02:22:51,953 INFO  [io.api.tes.ser.con.BasicConfluentSerDesIT] (main) Deleting confluent schema myrecordconfluent
2025-07-31 02:22:51,965 INFO  [io.api.tes.ser.con.BasicConfluentSerDesIT] (main) Deleting confluent schema topic-ff2ca94e_837e_4ce6_9628_0d4c5942114a
2025-07-31 02:22:51,976 INFO  [io.api.tes.ser.con.BasicConfluentSerDesIT] (main) Deleting confluent schema topic-c330a21f_144a_4f97_a4c5_7faa8c28381d-value
2025-07-31 02:22:51,988 INFO  [io.api.tes.ser.con.BasicConfluentSerDesIT] (main) Deleting confluent schema topic-7419408f_3239_42ec_a4a8_e88377cb27e9
2025-07-31 02:22:51,998 INFO  [io.api.tes.ser.con.BasicConfluentSerDesIT] (main) Deleting confluent schema topic-5941594a_a098_40ad_b1cc_94a17fd53931-value
2025-07-31 02:22:52,009 INFO  [io.api.tes.ser.con.BasicConfluentSerDesIT] (main) Deleting confluent schema topic-11dd3b30_2fa7_4982_a847_cf860f13e576
2025-07-31 02:22:52,020 INFO  [io.api.tes.ser.con.BasicConfluentSerDesIT] (main) Deleting confluent schema google/protobuf/timestamp.proto
2025-07-31 02:22:52,031 INFO  [io.api.tes.ser.con.BasicConfluentSerDesIT] (main) Deleting confluent schema topic-cce06465_7341_460f_a13c_be7b4b66babe-value
2025-07-31 02:22:52,042 INFO  [io.api.tes.ser.con.BasicConfluentSerDesIT] (main) Deleting confluent schema topic-9cfb425b_7173_4121_af10_d868e03ae365-value
2025-07-31 02:22:52,052 INFO  [io.api.tes.ser.con.BasicConfluentSerDesIT] (main) Deleting confluent schema topic-d177e8a3_1bf3_43f2_950c_3ea8c95ccad0-value
2025-07-31 02:22:52,063 INFO  [io.api.tes.ser.con.BasicConfluentSerDesIT] (main) Deleting confluent schema topic-bc7d0287_6b57_4fe4_8d8d_f04240292e1b-value
2025-07-31 02:22:52,079 INFO  [io.api.tes.uti.KafkaFacade] (main) Skipping deployment of kafka, because it's already deployed
2025-07-31 02:22:52,080 INFO  [io.api.tes.uti.TestSeparator] (main) ############################################################################
2025-07-31 02:22:52,080 INFO  [io.api.tes.uti.TestSeparator] (main) io.apicurio.tests.serdes.confluent.BasicConfluentSerDesIT.testEvolveAvroConfluent-STARTED
2025-07-31 02:22:52,082 INFO  [org.apa.kaf.cli.adm.AdminClientConfig] (main) AdminClientConfig values: 
	auto.include.jmx.reporter = true
	bootstrap.controllers = []
	bootstrap.servers = [PLAINTEXT://localhost:32770]
	client.dns.lookup = use_all_dns_ips
	client.id = 
	connections.max.idle.ms = 10000
	default.api.timeout.ms = 60000
	enable.metrics.push = true
	metadata.max.age.ms = 300000
	metadata.recovery.strategy = none
	metric.reporters = []
	metrics.num.samples = 2
	metrics.recording.level = INFO
	metrics.sample.window.ms = 30000
	receive.buffer.bytes = 65536
	reconnect.backoff.max.ms = 1000
	reconnect.backoff.ms = 50
	request.timeout.ms = 5000
	retries = 2147483647
	retry.backoff.max.ms = 1000
	retry.backoff.ms = 100
	sasl.client.callback.handler.class = null
	sasl.jaas.config = null
	sasl.kerberos.kinit.cmd = /usr/bin/kinit
	sasl.kerberos.min.time.before.relogin = 60000
	sasl.kerberos.service.name = null
	sasl.kerberos.ticket.renew.jitter = 0.05
	sasl.kerberos.ticket.renew.window.factor = 0.8
	sasl.login.callback.handler.class = null
	sasl.login.class = null
	sasl.login.connect.timeout.ms = null
	sasl.login.read.timeout.ms = null
	sasl.login.refresh.buffer.seconds = 300
	sasl.login.refresh.min.period.seconds = 60
	sasl.login.refresh.window.factor = 0.8
	sasl.login.refresh.window.jitter = 0.05
	sasl.login.retry.backoff.max.ms = 10000
	sasl.login.retry.backoff.ms = 100
	sasl.mechanism = GSSAPI
	sasl.oauthbearer.clock.skew.seconds = 30
	sasl.oauthbearer.expected.audience = null
	sasl.oauthbearer.expected.issuer = null
	sasl.oauthbearer.header.urlencode = false
	sasl.oauthbearer.jwks.endpoint.refresh.ms = 3600000
	sasl.oauthbearer.jwks.endpoint.retry.backoff.max.ms = 10000
	sasl.oauthbearer.jwks.endpoint.retry.backoff.ms = 100
	sasl.oauthbearer.jwks.endpoint.url = null
	sasl.oauthbearer.scope.claim.name = scope
	sasl.oauthbearer.sub.claim.name = sub
	sasl.oauthbearer.token.endpoint.url = null
	security.protocol = PLAINTEXT
	security.providers = null
	send.buffer.bytes = 131072
	socket.connection.setup.timeout.max.ms = 30000
	socket.connection.setup.timeout.ms = 10000
	ssl.cipher.suites = null
	ssl.enabled.protocols = [TLSv1.2, TLSv1.3]
	ssl.endpoint.identification.algorithm = https
	ssl.engine.factory.class = null
	ssl.key.password = null
	ssl.keymanager.algorithm = SunX509
	ssl.keystore.certificate.chain = null
	ssl.keystore.key = null
	ssl.keystore.location = null
	ssl.keystore.password = null
	ssl.keystore.type = JKS
	ssl.protocol = TLSv1.3
	ssl.provider = null
	ssl.secure.random.implementation = null
	ssl.trustmanager.algorithm = PKIX
	ssl.truststore.certificates = null
	ssl.truststore.location = null
	ssl.truststore.password = null
	ssl.truststore.type = JKS

2025-07-31 02:22:52,083 INFO  [org.apa.kaf.com.uti.AppInfoParser] (main) Kafka version: 3.9.0
2025-07-31 02:22:52,084 INFO  [org.apa.kaf.com.uti.AppInfoParser] (main) Kafka commitId: 84caaa6e9da06435
2025-07-31 02:22:52,084 INFO  [org.apa.kaf.com.uti.AppInfoParser] (main) Kafka startTimeMs: 1753928572083
2025-07-31 02:22:52,226 INFO  [io.api.tes.ser.con.BasicConfluentSerDesIT] (main) Checking that created schema is equal to the get schema
2025-07-31 02:22:52,246 INFO  [io.api.tes.ser.con.BasicConfluentSerDesIT] (main) Created schema with id:32 and name:sd4f363a8x939dx4b3ex9af6x655f282b88d7
2025-07-31 02:22:52,251 INFO  [org.apa.kaf.cli.pro.ProducerConfig] (main) ProducerConfig values: 
	acks = -1
	auto.include.jmx.reporter = true
	batch.size = 16384
	bootstrap.servers = [PLAINTEXT://localhost:32770]
	buffer.memory = 33554432
	client.dns.lookup = use_all_dns_ips
	client.id = Producer-topic-8fb6718b_61b4_406f_a902_b0387a672a73
	compression.gzip.level = -1
	compression.lz4.level = 9
	compression.type = none
	compression.zstd.level = 3
	connections.max.idle.ms = 10000
	delivery.timeout.ms = 120000
	enable.idempotence = true
	enable.metrics.push = true
	interceptor.classes = []
	key.serializer = class org.apache.kafka.common.serialization.StringSerializer
	linger.ms = 0
	max.block.ms = 60000
	max.in.flight.requests.per.connection = 5
	max.request.size = 1048576
	metadata.max.age.ms = 300000
	metadata.max.idle.ms = 300000
	metadata.recovery.strategy = none
	metric.reporters = []
	metrics.num.samples = 2
	metrics.recording.level = INFO
	metrics.sample.window.ms = 30000
	partitioner.adaptive.partitioning.enable = true
	partitioner.availability.timeout.ms = 0
	partitioner.class = null
	partitioner.ignore.keys = false
	receive.buffer.bytes = 32768
	reconnect.backoff.max.ms = 1000
	reconnect.backoff.ms = 50
	request.timeout.ms = 5000
	retries = 2147483647
	retry.backoff.max.ms = 1000
	retry.backoff.ms = 100
	sasl.client.callback.handler.class = null
	sasl.jaas.config = null
	sasl.kerberos.kinit.cmd = /usr/bin/kinit
	sasl.kerberos.min.time.before.relogin = 60000
	sasl.kerberos.service.name = null
	sasl.kerberos.ticket.renew.jitter = 0.05
	sasl.kerberos.ticket.renew.window.factor = 0.8
	sasl.login.callback.handler.class = null
	sasl.login.class = null
	sasl.login.connect.timeout.ms = null
	sasl.login.read.timeout.ms = null
	sasl.login.refresh.buffer.seconds = 300
	sasl.login.refresh.min.period.seconds = 60
	sasl.login.refresh.window.factor = 0.8
	sasl.login.refresh.window.jitter = 0.05
	sasl.login.retry.backoff.max.ms = 10000
	sasl.login.retry.backoff.ms = 100
	sasl.mechanism = GSSAPI
	sasl.oauthbearer.clock.skew.seconds = 30
	sasl.oauthbearer.expected.audience = null
	sasl.oauthbearer.expected.issuer = null
	sasl.oauthbearer.header.urlencode = false
	sasl.oauthbearer.jwks.endpoint.refresh.ms = 3600000
	sasl.oauthbearer.jwks.endpoint.retry.backoff.max.ms = 10000
	sasl.oauthbearer.jwks.endpoint.retry.backoff.ms = 100
	sasl.oauthbearer.jwks.endpoint.url = null
	sasl.oauthbearer.scope.claim.name = scope
	sasl.oauthbearer.sub.claim.name = sub
	sasl.oauthbearer.token.endpoint.url = null
	security.protocol = PLAINTEXT
	security.providers = null
	send.buffer.bytes = 131072
	socket.connection.setup.timeout.max.ms = 30000
	socket.connection.setup.timeout.ms = 10000
	ssl.cipher.suites = null
	ssl.enabled.protocols = [TLSv1.2, TLSv1.3]
	ssl.endpoint.identification.algorithm = https
	ssl.engine.factory.class = null
	ssl.key.password = null
	ssl.keymanager.algorithm = SunX509
	ssl.keystore.certificate.chain = null
	ssl.keystore.key = null
	ssl.keystore.location = null
	ssl.keystore.password = null
	ssl.keystore.type = JKS
	ssl.protocol = TLSv1.3
	ssl.provider = null
	ssl.secure.random.implementation = null
	ssl.trustmanager.algorithm = PKIX
	ssl.truststore.certificates = null
	ssl.truststore.location = null
	ssl.truststore.password = null
	ssl.truststore.type = JKS
	transaction.timeout.ms = 60000
	transactional.id = null
	value.serializer = class io.confluent.kafka.serializers.KafkaAvroSerializer

2025-07-31 02:22:52,251 INFO  [org.apa.kaf.com.tel.int.KafkaMetricsCollector] (main) initializing Kafka metrics collector
2025-07-31 02:22:52,253 INFO  [io.con.kaf.ser.KafkaAvroSerializerConfig] (main) KafkaAvroSerializerConfig values: 
	auto.register.schemas = false
	avro.reflection.allow.null = false
	avro.remove.java.properties = false
	avro.use.logical.type.converters = false
	basic.auth.credentials.source = URL
	basic.auth.user.info = [hidden]
	bearer.auth.cache.expiry.buffer.seconds = 300
	bearer.auth.client.id = null
	bearer.auth.client.secret = null
	bearer.auth.credentials.source = STATIC_TOKEN
	bearer.auth.custom.provider.class = null
	bearer.auth.identity.pool.id = null
	bearer.auth.issuer.endpoint.url = null
	bearer.auth.logical.cluster = null
	bearer.auth.scope = null
	bearer.auth.scope.claim.name = scope
	bearer.auth.sub.claim.name = sub
	bearer.auth.token = [hidden]
	context.name.strategy = class io.confluent.kafka.serializers.context.NullContextNameStrategy
	http.connect.timeout.ms = 60000
	http.read.timeout.ms = 60000
	id.compatibility.strict = true
	key.subject.name.strategy = class io.confluent.kafka.serializers.subject.TopicNameStrategy
	latest.cache.size = 1000
	latest.cache.ttl.sec = -1
	latest.compatibility.strict = true
	max.retries = 3
	max.schemas.per.subject = 1000
	normalize.schemas = false
	propagate.schema.tags = false
	proxy.host = 
	proxy.port = -1
	retries.max.wait.ms = 20000
	retries.wait.ms = 1000
	rule.actions = []
	rule.executors = []
	rule.service.loader.enable = true
	schema.format = null
	schema.reflection = false
	schema.registry.basic.auth.user.info = [hidden]
	schema.registry.ssl.cipher.suites = null
	schema.registry.ssl.enabled.protocols = [TLSv1.2, TLSv1.3]
	schema.registry.ssl.endpoint.identification.algorithm = https
	schema.registry.ssl.engine.factory.class = null
	schema.registry.ssl.key.password = null
	schema.registry.ssl.keymanager.algorithm = SunX509
	schema.registry.ssl.keystore.certificate.chain = null
	schema.registry.ssl.keystore.key = null
	schema.registry.ssl.keystore.location = null
	schema.registry.ssl.keystore.password = null
	schema.registry.ssl.keystore.type = JKS
	schema.registry.ssl.protocol = TLSv1.3
	schema.registry.ssl.provider = null
	schema.registry.ssl.secure.random.implementation = null
	schema.registry.ssl.trustmanager.algorithm = PKIX
	schema.registry.ssl.truststore.certificates = null
	schema.registry.ssl.truststore.location = null
	schema.registry.ssl.truststore.password = null
	schema.registry.ssl.truststore.type = JKS
	schema.registry.url = [http://registry-app-postgresql.apps.ci419.apicurio-testing.org:80/apis/ccompat/v7]
	use.latest.version = false
	use.latest.with.metadata = null
	use.schema.id = -1
	value.subject.name.strategy = class io.confluent.kafka.serializers.subject.TopicRecordNameStrategy

2025-07-31 02:22:52,264 INFO  [org.apa.kaf.cli.pro.KafkaProducer] (main) [Producer clientId=Producer-topic-8fb6718b_61b4_406f_a902_b0387a672a73] Instantiated an idempotent producer.
2025-07-31 02:22:52,265 INFO  [org.apa.kaf.cli.pro.ProducerConfig] (main) These configurations '[schema.registry.url, auto.register.schemas, value.subject.name.strategy]' were supplied but are not used yet.
2025-07-31 02:22:52,265 INFO  [org.apa.kaf.com.uti.AppInfoParser] (main) Kafka version: 3.9.0
2025-07-31 02:22:52,265 INFO  [org.apa.kaf.com.uti.AppInfoParser] (main) Kafka commitId: 84caaa6e9da06435
2025-07-31 02:22:52,265 INFO  [org.apa.kaf.com.uti.AppInfoParser] (main) Kafka startTimeMs: 1753928572265
2025-07-31 02:22:52,268 INFO  [org.apa.kaf.cli.con.ConsumerConfig] (main) ConsumerConfig values: 
	allow.auto.create.topics = true
	auto.commit.interval.ms = 500
	auto.include.jmx.reporter = true
	auto.offset.reset = earliest
	bootstrap.servers = [PLAINTEXT://localhost:32770]
	check.crcs = true
	client.dns.lookup = use_all_dns_ips
	client.id = consumer-Consumer-topic-8fb6718b_61b4_406f_a902_b0387a672a73-24
	client.rack = 
	connections.max.idle.ms = 10000
	default.api.timeout.ms = 60000
	enable.auto.commit = true
	enable.metrics.push = true
	exclude.internal.topics = true
	fetch.max.bytes = 52428800
	fetch.max.wait.ms = 500
	fetch.min.bytes = 1
	group.id = Consumer-topic-8fb6718b_61b4_406f_a902_b0387a672a73
	group.instance.id = null
	group.protocol = classic
	group.remote.assignor = null
	heartbeat.interval.ms = 3000
	interceptor.classes = []
	internal.leave.group.on.close = true
	internal.throw.on.fetch.stable.offset.unsupported = false
	isolation.level = read_uncommitted
	key.deserializer = class org.apache.kafka.common.serialization.StringDeserializer
	max.partition.fetch.bytes = 1048576
	max.poll.interval.ms = 300000
	max.poll.records = 500
	metadata.max.age.ms = 300000
	metadata.recovery.strategy = none
	metric.reporters = []
	metrics.num.samples = 2
	metrics.recording.level = INFO
	metrics.sample.window.ms = 30000
	partition.assignment.strategy = [class org.apache.kafka.clients.consumer.RangeAssignor, class org.apache.kafka.clients.consumer.CooperativeStickyAssignor]
	receive.buffer.bytes = 65536
	reconnect.backoff.max.ms = 1000
	reconnect.backoff.ms = 50
	request.timeout.ms = 5000
	retry.backoff.max.ms = 1000
	retry.backoff.ms = 100
	sasl.client.callback.handler.class = null
	sasl.jaas.config = null
	sasl.kerberos.kinit.cmd = /usr/bin/kinit
	sasl.kerberos.min.time.before.relogin = 60000
	sasl.kerberos.service.name = null
	sasl.kerberos.ticket.renew.jitter = 0.05
	sasl.kerberos.ticket.renew.window.factor = 0.8
	sasl.login.callback.handler.class = null
	sasl.login.class = null
	sasl.login.connect.timeout.ms = null
	sasl.login.read.timeout.ms = null
	sasl.login.refresh.buffer.seconds = 300
	sasl.login.refresh.min.period.seconds = 60
	sasl.login.refresh.window.factor = 0.8
	sasl.login.refresh.window.jitter = 0.05
	sasl.login.retry.backoff.max.ms = 10000
	sasl.login.retry.backoff.ms = 100
	sasl.mechanism = GSSAPI
	sasl.oauthbearer.clock.skew.seconds = 30
	sasl.oauthbearer.expected.audience = null
	sasl.oauthbearer.expected.issuer = null
	sasl.oauthbearer.header.urlencode = false
	sasl.oauthbearer.jwks.endpoint.refresh.ms = 3600000
	sasl.oauthbearer.jwks.endpoint.retry.backoff.max.ms = 10000
	sasl.oauthbearer.jwks.endpoint.retry.backoff.ms = 100
	sasl.oauthbearer.jwks.endpoint.url = null
	sasl.oauthbearer.scope.claim.name = scope
	sasl.oauthbearer.sub.claim.name = sub
	sasl.oauthbearer.token.endpoint.url = null
	security.protocol = PLAINTEXT
	security.providers = null
	send.buffer.bytes = 131072
	session.timeout.ms = 45000
	socket.connection.setup.timeout.max.ms = 30000
	socket.connection.setup.timeout.ms = 10000
	ssl.cipher.suites = null
	ssl.enabled.protocols = [TLSv1.2, TLSv1.3]
	ssl.endpoint.identification.algorithm = https
	ssl.engine.factory.class = null
	ssl.key.password = null
	ssl.keymanager.algorithm = SunX509
	ssl.keystore.certificate.chain = null
	ssl.keystore.key = null
	ssl.keystore.location = null
	ssl.keystore.password = null
	ssl.keystore.type = JKS
	ssl.protocol = TLSv1.3
	ssl.provider = null
	ssl.secure.random.implementation = null
	ssl.trustmanager.algorithm = PKIX
	ssl.truststore.certificates = null
	ssl.truststore.location = null
	ssl.truststore.password = null
	ssl.truststore.type = JKS
	value.deserializer = class io.confluent.kafka.serializers.KafkaAvroDeserializer

2025-07-31 02:22:52,268 INFO  [org.apa.kaf.com.tel.int.KafkaMetricsCollector] (main) initializing Kafka metrics collector
2025-07-31 02:22:52,282 INFO  [io.con.kaf.ser.KafkaAvroDeserializerConfig] (main) KafkaAvroDeserializerConfig values: 
	auto.register.schemas = true
	avro.reflection.allow.null = false
	avro.use.logical.type.converters = false
	basic.auth.credentials.source = URL
	basic.auth.user.info = [hidden]
	bearer.auth.cache.expiry.buffer.seconds = 300
	bearer.auth.client.id = null
	bearer.auth.client.secret = null
	bearer.auth.credentials.source = STATIC_TOKEN
	bearer.auth.custom.provider.class = null
	bearer.auth.identity.pool.id = null
	bearer.auth.issuer.endpoint.url = null
	bearer.auth.logical.cluster = null
	bearer.auth.scope = null
	bearer.auth.scope.claim.name = scope
	bearer.auth.sub.claim.name = sub
	bearer.auth.token = [hidden]
	context.name.strategy = class io.confluent.kafka.serializers.context.NullContextNameStrategy
	http.connect.timeout.ms = 60000
	http.read.timeout.ms = 60000
	id.compatibility.strict = true
	key.subject.name.strategy = class io.confluent.kafka.serializers.subject.TopicNameStrategy
	latest.cache.size = 1000
	latest.cache.ttl.sec = -1
	latest.compatibility.strict = true
	max.retries = 3
	max.schemas.per.subject = 1000
	normalize.schemas = false
	propagate.schema.tags = false
	proxy.host = 
	proxy.port = -1
	retries.max.wait.ms = 20000
	retries.wait.ms = 1000
	rule.actions = []
	rule.executors = []
	rule.service.loader.enable = true
	schema.format = null
	schema.reflection = false
	schema.registry.basic.auth.user.info = [hidden]
	schema.registry.ssl.cipher.suites = null
	schema.registry.ssl.enabled.protocols = [TLSv1.2, TLSv1.3]
	schema.registry.ssl.endpoint.identification.algorithm = https
	schema.registry.ssl.engine.factory.class = null
	schema.registry.ssl.key.password = null
	schema.registry.ssl.keymanager.algorithm = SunX509
	schema.registry.ssl.keystore.certificate.chain = null
	schema.registry.ssl.keystore.key = null
	schema.registry.ssl.keystore.location = null
	schema.registry.ssl.keystore.password = null
	schema.registry.ssl.keystore.type = JKS
	schema.registry.ssl.protocol = TLSv1.3
	schema.registry.ssl.provider = null
	schema.registry.ssl.secure.random.implementation = null
	schema.registry.ssl.trustmanager.algorithm = PKIX
	schema.registry.ssl.truststore.certificates = null
	schema.registry.ssl.truststore.location = null
	schema.registry.ssl.truststore.password = null
	schema.registry.ssl.truststore.type = JKS
	schema.registry.url = [http://registry-app-postgresql.apps.ci419.apicurio-testing.org:80/apis/ccompat/v7]
	specific.avro.key.type = null
	specific.avro.reader = false
	specific.avro.value.type = null
	use.latest.version = false
	use.latest.with.metadata = null
	use.schema.id = -1
	value.subject.name.strategy = class io.confluent.kafka.serializers.subject.TopicNameStrategy

2025-07-31 02:22:52,283 INFO  [org.apa.kaf.cli.Metadata] (kafka-producer-network-thread | Producer-topic-8fb6718b_61b4_406f_a902_b0387a672a73) [Producer clientId=Producer-topic-8fb6718b_61b4_406f_a902_b0387a672a73] Cluster ID: d3IyjYRDQrmXThhQeh46ug
2025-07-31 02:22:52,285 INFO  [org.apa.kaf.cli.pro.int.TransactionManager] (kafka-producer-network-thread | Producer-topic-8fb6718b_61b4_406f_a902_b0387a672a73) [Producer clientId=Producer-topic-8fb6718b_61b4_406f_a902_b0387a672a73] ProducerId set to 31 with epoch 0
2025-07-31 02:22:52,285 INFO  [io.con.kaf.ser.KafkaAvroDeserializerConfig] (main) KafkaAvroDeserializerConfig values: 
	auto.register.schemas = true
	avro.reflection.allow.null = false
	avro.use.logical.type.converters = false
	basic.auth.credentials.source = URL
	basic.auth.user.info = [hidden]
	bearer.auth.cache.expiry.buffer.seconds = 300
	bearer.auth.client.id = null
	bearer.auth.client.secret = null
	bearer.auth.credentials.source = STATIC_TOKEN
	bearer.auth.custom.provider.class = null
	bearer.auth.identity.pool.id = null
	bearer.auth.issuer.endpoint.url = null
	bearer.auth.logical.cluster = null
	bearer.auth.scope = null
	bearer.auth.scope.claim.name = scope
	bearer.auth.sub.claim.name = sub
	bearer.auth.token = [hidden]
	context.name.strategy = class io.confluent.kafka.serializers.context.NullContextNameStrategy
	http.connect.timeout.ms = 60000
	http.read.timeout.ms = 60000
	id.compatibility.strict = true
	key.subject.name.strategy = class io.confluent.kafka.serializers.subject.TopicNameStrategy
	latest.cache.size = 1000
	latest.cache.ttl.sec = -1
	latest.compatibility.strict = true
	max.retries = 3
	max.schemas.per.subject = 1000
	normalize.schemas = false
	propagate.schema.tags = false
	proxy.host = 
	proxy.port = -1
	retries.max.wait.ms = 20000
	retries.wait.ms = 1000
	rule.actions = []
	rule.executors = []
	rule.service.loader.enable = true
	schema.format = null
	schema.reflection = false
	schema.registry.basic.auth.user.info = [hidden]
	schema.registry.ssl.cipher.suites = null
	schema.registry.ssl.enabled.protocols = [TLSv1.2, TLSv1.3]
	schema.registry.ssl.endpoint.identification.algorithm = https
	schema.registry.ssl.engine.factory.class = null
	schema.registry.ssl.key.password = null
	schema.registry.ssl.keymanager.algorithm = SunX509
	schema.registry.ssl.keystore.certificate.chain = null
	schema.registry.ssl.keystore.key = null
	schema.registry.ssl.keystore.location = null
	schema.registry.ssl.keystore.password = null
	schema.registry.ssl.keystore.type = JKS
	schema.registry.ssl.protocol = TLSv1.3
	schema.registry.ssl.provider = null
	schema.registry.ssl.secure.random.implementation = null
	schema.registry.ssl.trustmanager.algorithm = PKIX
	schema.registry.ssl.truststore.certificates = null
	schema.registry.ssl.truststore.location = null
	schema.registry.ssl.truststore.password = null
	schema.registry.ssl.truststore.type = JKS
	schema.registry.url = [http://registry-app-postgresql.apps.ci419.apicurio-testing.org:80/apis/ccompat/v7]
	specific.avro.key.type = null
	specific.avro.reader = false
	specific.avro.value.type = null
	use.latest.version = false
	use.latest.with.metadata = null
	use.schema.id = -1
	value.subject.name.strategy = class io.confluent.kafka.serializers.subject.TopicNameStrategy

2025-07-31 02:22:52,290 INFO  [org.apa.kaf.cli.con.ConsumerConfig] (main) These configurations '[schema.registry.url]' were supplied but are not used yet.
2025-07-31 02:22:52,290 INFO  [org.apa.kaf.com.uti.AppInfoParser] (main) Kafka version: 3.9.0
2025-07-31 02:22:52,290 INFO  [org.apa.kaf.com.uti.AppInfoParser] (main) Kafka commitId: 84caaa6e9da06435
2025-07-31 02:22:52,290 INFO  [org.apa.kaf.com.uti.AppInfoParser] (main) Kafka startTimeMs: 1753928572290
2025-07-31 02:22:52,291 INFO  [io.api.tes.ser.api.KafkaSerdesTester] (Thread-309) Sending message {"key1": "value-0"} to topic topic-8fb6718b_61b4_406f_a902_b0387a672a73
2025-07-31 02:22:52,332 INFO  [io.api.tes.ser.api.KafkaSerdesTester] (Thread-309) Sending message {"key1": "value-1"} to topic topic-8fb6718b_61b4_406f_a902_b0387a672a73
2025-07-31 02:22:52,334 INFO  [io.api.tes.ser.api.KafkaSerdesTester] (Thread-309) Sending message {"key1": "value-2"} to topic topic-8fb6718b_61b4_406f_a902_b0387a672a73
2025-07-31 02:22:52,336 INFO  [io.api.tes.ser.api.KafkaSerdesTester] (Thread-309) Sending message {"key1": "value-3"} to topic topic-8fb6718b_61b4_406f_a902_b0387a672a73
2025-07-31 02:22:52,337 INFO  [io.api.tes.ser.api.KafkaSerdesTester] (Thread-309) Sending message {"key1": "value-4"} to topic topic-8fb6718b_61b4_406f_a902_b0387a672a73
2025-07-31 02:22:52,338 INFO  [io.api.tes.ser.api.KafkaSerdesTester] (Thread-309) Sending message {"key1": "value-5"} to topic topic-8fb6718b_61b4_406f_a902_b0387a672a73
2025-07-31 02:22:52,339 INFO  [io.api.tes.ser.api.KafkaSerdesTester] (Thread-309) Sending message {"key1": "value-6"} to topic topic-8fb6718b_61b4_406f_a902_b0387a672a73
2025-07-31 02:22:52,340 INFO  [io.api.tes.ser.api.KafkaSerdesTester] (Thread-309) Sending message {"key1": "value-7"} to topic topic-8fb6718b_61b4_406f_a902_b0387a672a73
2025-07-31 02:22:52,341 INFO  [io.api.tes.ser.api.KafkaSerdesTester] (Thread-309) Sending message {"key1": "value-8"} to topic topic-8fb6718b_61b4_406f_a902_b0387a672a73
2025-07-31 02:22:52,342 INFO  [io.api.tes.ser.api.KafkaSerdesTester] (Thread-309) Sending message {"key1": "value-9"} to topic topic-8fb6718b_61b4_406f_a902_b0387a672a73
2025-07-31 02:22:52,343 INFO  [io.api.tes.ser.api.KafkaSerdesTester] (Thread-309) Produced 10 messages
2025-07-31 02:22:52,343 INFO  [org.apa.kaf.cli.pro.KafkaProducer] (Thread-309) [Producer clientId=Producer-topic-8fb6718b_61b4_406f_a902_b0387a672a73] Closing the Kafka producer with timeoutMillis = 9223372036854775807 ms.
2025-07-31 02:22:52,345 INFO  [org.apa.kaf.com.met.Metrics] (Thread-309) Metrics scheduler closed
2025-07-31 02:22:52,345 INFO  [org.apa.kaf.com.met.Metrics] (Thread-309) Closing reporter org.apache.kafka.common.metrics.JmxReporter
2025-07-31 02:22:52,345 INFO  [org.apa.kaf.com.met.Metrics] (Thread-309) Closing reporter org.apache.kafka.common.telemetry.internals.ClientTelemetryReporter
2025-07-31 02:22:52,345 INFO  [org.apa.kaf.com.met.Metrics] (Thread-309) Metrics reporters closed
2025-07-31 02:22:52,345 INFO  [org.apa.kaf.com.uti.AppInfoParser] (Thread-309) App info kafka.producer for Producer-topic-8fb6718b_61b4_406f_a902_b0387a672a73 unregistered
2025-07-31 02:22:52,346 INFO  [org.apa.kaf.cli.con.int.ClassicKafkaConsumer] (Thread-310) [Consumer clientId=consumer-Consumer-topic-8fb6718b_61b4_406f_a902_b0387a672a73-24, groupId=Consumer-topic-8fb6718b_61b4_406f_a902_b0387a672a73] Subscribed to topic(s): topic-8fb6718b_61b4_406f_a902_b0387a672a73
2025-07-31 02:22:52,348 INFO  [org.apa.kaf.cli.Metadata] (Thread-310) [Consumer clientId=consumer-Consumer-topic-8fb6718b_61b4_406f_a902_b0387a672a73-24, groupId=Consumer-topic-8fb6718b_61b4_406f_a902_b0387a672a73] Cluster ID: d3IyjYRDQrmXThhQeh46ug
2025-07-31 02:22:52,348 INFO  [org.apa.kaf.cli.con.int.ConsumerCoordinator] (Thread-310) [Consumer clientId=consumer-Consumer-topic-8fb6718b_61b4_406f_a902_b0387a672a73-24, groupId=Consumer-topic-8fb6718b_61b4_406f_a902_b0387a672a73] Discovered group coordinator localhost:32770 (id: 2147483647 rack: null)
2025-07-31 02:22:52,349 INFO  [org.apa.kaf.cli.con.int.ConsumerCoordinator] (Thread-310) [Consumer clientId=consumer-Consumer-topic-8fb6718b_61b4_406f_a902_b0387a672a73-24, groupId=Consumer-topic-8fb6718b_61b4_406f_a902_b0387a672a73] (Re-)joining group
2025-07-31 02:22:52,351 INFO  [org.apa.kaf.cli.con.int.ConsumerCoordinator] (Thread-310) [Consumer clientId=consumer-Consumer-topic-8fb6718b_61b4_406f_a902_b0387a672a73-24, groupId=Consumer-topic-8fb6718b_61b4_406f_a902_b0387a672a73] Request joining group due to: need to re-join with the given member-id: consumer-Consumer-topic-8fb6718b_61b4_406f_a902_b0387a672a73-24-a385ac37-24d8-4ef6-8f14-5eed98a514ac
2025-07-31 02:22:52,351 INFO  [org.apa.kaf.cli.con.int.ConsumerCoordinator] (Thread-310) [Consumer clientId=consumer-Consumer-topic-8fb6718b_61b4_406f_a902_b0387a672a73-24, groupId=Consumer-topic-8fb6718b_61b4_406f_a902_b0387a672a73] (Re-)joining group
2025-07-31 02:22:52,353 INFO  [org.apa.kaf.cli.con.int.ConsumerCoordinator] (Thread-310) [Consumer clientId=consumer-Consumer-topic-8fb6718b_61b4_406f_a902_b0387a672a73-24, groupId=Consumer-topic-8fb6718b_61b4_406f_a902_b0387a672a73] Successfully joined group with generation Generation{generationId=1, memberId='consumer-Consumer-topic-8fb6718b_61b4_406f_a902_b0387a672a73-24-a385ac37-24d8-4ef6-8f14-5eed98a514ac', protocol='range'}
2025-07-31 02:22:52,353 INFO  [org.apa.kaf.cli.con.int.ConsumerCoordinator] (Thread-310) [Consumer clientId=consumer-Consumer-topic-8fb6718b_61b4_406f_a902_b0387a672a73-24, groupId=Consumer-topic-8fb6718b_61b4_406f_a902_b0387a672a73] Finished assignment for group at generation 1: {consumer-Consumer-topic-8fb6718b_61b4_406f_a902_b0387a672a73-24-a385ac37-24d8-4ef6-8f14-5eed98a514ac=Assignment(partitions=[topic-8fb6718b_61b4_406f_a902_b0387a672a73-0])}
2025-07-31 02:22:52,358 INFO  [org.apa.kaf.cli.con.int.ConsumerCoordinator] (Thread-310) [Consumer clientId=consumer-Consumer-topic-8fb6718b_61b4_406f_a902_b0387a672a73-24, groupId=Consumer-topic-8fb6718b_61b4_406f_a902_b0387a672a73] Successfully synced group in generation Generation{generationId=1, memberId='consumer-Consumer-topic-8fb6718b_61b4_406f_a902_b0387a672a73-24-a385ac37-24d8-4ef6-8f14-5eed98a514ac', protocol='range'}
2025-07-31 02:22:52,358 INFO  [org.apa.kaf.cli.con.int.ConsumerCoordinator] (Thread-310) [Consumer clientId=consumer-Consumer-topic-8fb6718b_61b4_406f_a902_b0387a672a73-24, groupId=Consumer-topic-8fb6718b_61b4_406f_a902_b0387a672a73] Notifying assignor about the new Assignment(partitions=[topic-8fb6718b_61b4_406f_a902_b0387a672a73-0])
2025-07-31 02:22:52,359 INFO  [org.apa.kaf.cli.con.int.ConsumerRebalanceListenerInvoker] (Thread-310) [Consumer clientId=consumer-Consumer-topic-8fb6718b_61b4_406f_a902_b0387a672a73-24, groupId=Consumer-topic-8fb6718b_61b4_406f_a902_b0387a672a73] Adding newly assigned partitions: topic-8fb6718b_61b4_406f_a902_b0387a672a73-0
2025-07-31 02:22:52,361 INFO  [org.apa.kaf.cli.con.int.ConsumerCoordinator] (Thread-310) [Consumer clientId=consumer-Consumer-topic-8fb6718b_61b4_406f_a902_b0387a672a73-24, groupId=Consumer-topic-8fb6718b_61b4_406f_a902_b0387a672a73] Found no committed offset for partition topic-8fb6718b_61b4_406f_a902_b0387a672a73-0
2025-07-31 02:22:52,367 INFO  [org.apa.kaf.cli.con.int.SubscriptionState] (Thread-310) [Consumer clientId=consumer-Consumer-topic-8fb6718b_61b4_406f_a902_b0387a672a73-24, groupId=Consumer-topic-8fb6718b_61b4_406f_a902_b0387a672a73] Resetting offset for partition topic-8fb6718b_61b4_406f_a902_b0387a672a73-0 to position FetchPosition{offset=0, offsetEpoch=Optional.empty, currentLeader=LeaderAndEpoch{leader=Optional[localhost:32770 (id: 0 rack: null)], epoch=0}}.
2025-07-31 02:22:52,385 INFO  [io.api.tes.ser.api.KafkaSerdesTester] (Thread-310) topic-8fb6718b_61b4_406f_a902_b0387a672a73 0 0 {"key1": "value-0"}
2025-07-31 02:22:52,385 INFO  [io.api.tes.ser.api.KafkaSerdesTester] (Thread-310) topic-8fb6718b_61b4_406f_a902_b0387a672a73 0 1 {"key1": "value-1"}
2025-07-31 02:22:52,385 INFO  [io.api.tes.ser.api.KafkaSerdesTester] (Thread-310) topic-8fb6718b_61b4_406f_a902_b0387a672a73 0 2 {"key1": "value-2"}
2025-07-31 02:22:52,385 INFO  [io.api.tes.ser.api.KafkaSerdesTester] (Thread-310) topic-8fb6718b_61b4_406f_a902_b0387a672a73 0 3 {"key1": "value-3"}
2025-07-31 02:22:52,385 INFO  [io.api.tes.ser.api.KafkaSerdesTester] (Thread-310) topic-8fb6718b_61b4_406f_a902_b0387a672a73 0 4 {"key1": "value-4"}
2025-07-31 02:22:52,385 INFO  [io.api.tes.ser.api.KafkaSerdesTester] (Thread-310) topic-8fb6718b_61b4_406f_a902_b0387a672a73 0 5 {"key1": "value-5"}
2025-07-31 02:22:52,385 INFO  [io.api.tes.ser.api.KafkaSerdesTester] (Thread-310) topic-8fb6718b_61b4_406f_a902_b0387a672a73 0 6 {"key1": "value-6"}
2025-07-31 02:22:52,386 INFO  [io.api.tes.ser.api.KafkaSerdesTester] (Thread-310) topic-8fb6718b_61b4_406f_a902_b0387a672a73 0 7 {"key1": "value-7"}
2025-07-31 02:22:52,386 INFO  [io.api.tes.ser.api.KafkaSerdesTester] (Thread-310) topic-8fb6718b_61b4_406f_a902_b0387a672a73 0 8 {"key1": "value-8"}
2025-07-31 02:22:52,386 INFO  [io.api.tes.ser.api.KafkaSerdesTester] (Thread-310) topic-8fb6718b_61b4_406f_a902_b0387a672a73 0 9 {"key1": "value-9"}
2025-07-31 02:22:52,386 INFO  [io.api.tes.ser.api.KafkaSerdesTester] (Thread-310) Consumed 10 messages
2025-07-31 02:22:52,388 INFO  [org.apa.kaf.cli.con.int.ConsumerRebalanceListenerInvoker] (Thread-310) [Consumer clientId=consumer-Consumer-topic-8fb6718b_61b4_406f_a902_b0387a672a73-24, groupId=Consumer-topic-8fb6718b_61b4_406f_a902_b0387a672a73] Revoke previously assigned partitions topic-8fb6718b_61b4_406f_a902_b0387a672a73-0
2025-07-31 02:22:52,388 INFO  [org.apa.kaf.cli.con.int.ConsumerCoordinator] (Thread-310) [Consumer clientId=consumer-Consumer-topic-8fb6718b_61b4_406f_a902_b0387a672a73-24, groupId=Consumer-topic-8fb6718b_61b4_406f_a902_b0387a672a73] Member consumer-Consumer-topic-8fb6718b_61b4_406f_a902_b0387a672a73-24-a385ac37-24d8-4ef6-8f14-5eed98a514ac sending LeaveGroup request to coordinator localhost:32770 (id: 2147483647 rack: null) due to the consumer is being closed
2025-07-31 02:22:52,389 INFO  [org.apa.kaf.cli.con.int.ConsumerCoordinator] (Thread-310) [Consumer clientId=consumer-Consumer-topic-8fb6718b_61b4_406f_a902_b0387a672a73-24, groupId=Consumer-topic-8fb6718b_61b4_406f_a902_b0387a672a73] Resetting generation and member id due to: consumer pro-actively leaving the group
2025-07-31 02:22:52,389 INFO  [org.apa.kaf.cli.con.int.ConsumerCoordinator] (Thread-310) [Consumer clientId=consumer-Consumer-topic-8fb6718b_61b4_406f_a902_b0387a672a73-24, groupId=Consumer-topic-8fb6718b_61b4_406f_a902_b0387a672a73] Request joining group due to: consumer pro-actively leaving the group
2025-07-31 02:22:52,887 INFO  [org.apa.kaf.com.met.Metrics] (Thread-310) Metrics scheduler closed
2025-07-31 02:22:52,888 INFO  [org.apa.kaf.com.met.Metrics] (Thread-310) Closing reporter org.apache.kafka.common.metrics.JmxReporter
2025-07-31 02:22:52,888 INFO  [org.apa.kaf.com.met.Metrics] (Thread-310) Closing reporter org.apache.kafka.common.telemetry.internals.ClientTelemetryReporter
2025-07-31 02:22:52,888 INFO  [org.apa.kaf.com.met.Metrics] (Thread-310) Metrics reporters closed
2025-07-31 02:22:52,889 INFO  [org.apa.kaf.com.uti.AppInfoParser] (Thread-310) App info kafka.consumer for consumer-Consumer-topic-8fb6718b_61b4_406f_a902_b0387a672a73-24 unregistered
2025-07-31 02:22:52,928 INFO  [io.api.tes.ser.con.BasicConfluentSerDesIT] (main) Deleting confluent schema topic-8fb6718b_61b4_406f_a902_b0387a672a73-sd4f363a8x939dx4b3ex9af6x655f282b88d7
2025-07-31 02:22:52,942 INFO  [io.api.tes.uti.TestSeparator] (main) io.apicurio.tests.serdes.confluent.BasicConfluentSerDesIT.testEvolveAvroConfluent-FINISHED
2025-07-31 02:22:52,942 INFO  [io.api.tes.uti.TestSeparator] (main) ############################################################################
]]></system-out>
  </testcase>
  <testcase name="testAvroConfluentSerDes" classname="io.apicurio.tests.serdes.confluent.BasicConfluentSerDesIT" time="0.67">
    <system-out><![CDATA[2025-07-31 02:22:52,943 INFO  [io.api.tes.uti.TestSeparator] (main) ############################################################################
2025-07-31 02:22:52,943 INFO  [io.api.tes.uti.TestSeparator] (main) io.apicurio.tests.serdes.confluent.BasicConfluentSerDesIT.testAvroConfluentSerDes-STARTED
2025-07-31 02:22:52,985 INFO  [io.api.tes.ser.con.BasicConfluentSerDesIT] (main) Checking that created schema is equal to the get schema
2025-07-31 02:22:52,995 INFO  [io.api.tes.ser.con.BasicConfluentSerDesIT] (main) Created schema with id:33 and name:myrecordconfluent1
2025-07-31 02:22:52,996 INFO  [org.apa.kaf.cli.pro.ProducerConfig] (main) ProducerConfig values: 
	acks = -1
	auto.include.jmx.reporter = true
	batch.size = 16384
	bootstrap.servers = [PLAINTEXT://localhost:32770]
	buffer.memory = 33554432
	client.dns.lookup = use_all_dns_ips
	client.id = Producer-topic-79f850f2_8c5d_4bee_8520_07ca51631aca
	compression.gzip.level = -1
	compression.lz4.level = 9
	compression.type = none
	compression.zstd.level = 3
	connections.max.idle.ms = 10000
	delivery.timeout.ms = 120000
	enable.idempotence = true
	enable.metrics.push = true
	interceptor.classes = []
	key.serializer = class org.apache.kafka.common.serialization.StringSerializer
	linger.ms = 0
	max.block.ms = 60000
	max.in.flight.requests.per.connection = 5
	max.request.size = 1048576
	metadata.max.age.ms = 300000
	metadata.max.idle.ms = 300000
	metadata.recovery.strategy = none
	metric.reporters = []
	metrics.num.samples = 2
	metrics.recording.level = INFO
	metrics.sample.window.ms = 30000
	partitioner.adaptive.partitioning.enable = true
	partitioner.availability.timeout.ms = 0
	partitioner.class = null
	partitioner.ignore.keys = false
	receive.buffer.bytes = 32768
	reconnect.backoff.max.ms = 1000
	reconnect.backoff.ms = 50
	request.timeout.ms = 5000
	retries = 2147483647
	retry.backoff.max.ms = 1000
	retry.backoff.ms = 100
	sasl.client.callback.handler.class = null
	sasl.jaas.config = null
	sasl.kerberos.kinit.cmd = /usr/bin/kinit
	sasl.kerberos.min.time.before.relogin = 60000
	sasl.kerberos.service.name = null
	sasl.kerberos.ticket.renew.jitter = 0.05
	sasl.kerberos.ticket.renew.window.factor = 0.8
	sasl.login.callback.handler.class = null
	sasl.login.class = null
	sasl.login.connect.timeout.ms = null
	sasl.login.read.timeout.ms = null
	sasl.login.refresh.buffer.seconds = 300
	sasl.login.refresh.min.period.seconds = 60
	sasl.login.refresh.window.factor = 0.8
	sasl.login.refresh.window.jitter = 0.05
	sasl.login.retry.backoff.max.ms = 10000
	sasl.login.retry.backoff.ms = 100
	sasl.mechanism = GSSAPI
	sasl.oauthbearer.clock.skew.seconds = 30
	sasl.oauthbearer.expected.audience = null
	sasl.oauthbearer.expected.issuer = null
	sasl.oauthbearer.header.urlencode = false
	sasl.oauthbearer.jwks.endpoint.refresh.ms = 3600000
	sasl.oauthbearer.jwks.endpoint.retry.backoff.max.ms = 10000
	sasl.oauthbearer.jwks.endpoint.retry.backoff.ms = 100
	sasl.oauthbearer.jwks.endpoint.url = null
	sasl.oauthbearer.scope.claim.name = scope
	sasl.oauthbearer.sub.claim.name = sub
	sasl.oauthbearer.token.endpoint.url = null
	security.protocol = PLAINTEXT
	security.providers = null
	send.buffer.bytes = 131072
	socket.connection.setup.timeout.max.ms = 30000
	socket.connection.setup.timeout.ms = 10000
	ssl.cipher.suites = null
	ssl.enabled.protocols = [TLSv1.2, TLSv1.3]
	ssl.endpoint.identification.algorithm = https
	ssl.engine.factory.class = null
	ssl.key.password = null
	ssl.keymanager.algorithm = SunX509
	ssl.keystore.certificate.chain = null
	ssl.keystore.key = null
	ssl.keystore.location = null
	ssl.keystore.password = null
	ssl.keystore.type = JKS
	ssl.protocol = TLSv1.3
	ssl.provider = null
	ssl.secure.random.implementation = null
	ssl.trustmanager.algorithm = PKIX
	ssl.truststore.certificates = null
	ssl.truststore.location = null
	ssl.truststore.password = null
	ssl.truststore.type = JKS
	transaction.timeout.ms = 60000
	transactional.id = null
	value.serializer = class io.confluent.kafka.serializers.KafkaAvroSerializer

2025-07-31 02:22:52,996 INFO  [org.apa.kaf.com.tel.int.KafkaMetricsCollector] (main) initializing Kafka metrics collector
2025-07-31 02:22:52,997 INFO  [io.con.kaf.ser.KafkaAvroSerializerConfig] (main) KafkaAvroSerializerConfig values: 
	auto.register.schemas = false
	avro.reflection.allow.null = false
	avro.remove.java.properties = false
	avro.use.logical.type.converters = false
	basic.auth.credentials.source = URL
	basic.auth.user.info = [hidden]
	bearer.auth.cache.expiry.buffer.seconds = 300
	bearer.auth.client.id = null
	bearer.auth.client.secret = null
	bearer.auth.credentials.source = STATIC_TOKEN
	bearer.auth.custom.provider.class = null
	bearer.auth.identity.pool.id = null
	bearer.auth.issuer.endpoint.url = null
	bearer.auth.logical.cluster = null
	bearer.auth.scope = null
	bearer.auth.scope.claim.name = scope
	bearer.auth.sub.claim.name = sub
	bearer.auth.token = [hidden]
	context.name.strategy = class io.confluent.kafka.serializers.context.NullContextNameStrategy
	http.connect.timeout.ms = 60000
	http.read.timeout.ms = 60000
	id.compatibility.strict = true
	key.subject.name.strategy = class io.confluent.kafka.serializers.subject.TopicNameStrategy
	latest.cache.size = 1000
	latest.cache.ttl.sec = -1
	latest.compatibility.strict = true
	max.retries = 3
	max.schemas.per.subject = 1000
	normalize.schemas = false
	propagate.schema.tags = false
	proxy.host = 
	proxy.port = -1
	retries.max.wait.ms = 20000
	retries.wait.ms = 1000
	rule.actions = []
	rule.executors = []
	rule.service.loader.enable = true
	schema.format = null
	schema.reflection = false
	schema.registry.basic.auth.user.info = [hidden]
	schema.registry.ssl.cipher.suites = null
	schema.registry.ssl.enabled.protocols = [TLSv1.2, TLSv1.3]
	schema.registry.ssl.endpoint.identification.algorithm = https
	schema.registry.ssl.engine.factory.class = null
	schema.registry.ssl.key.password = null
	schema.registry.ssl.keymanager.algorithm = SunX509
	schema.registry.ssl.keystore.certificate.chain = null
	schema.registry.ssl.keystore.key = null
	schema.registry.ssl.keystore.location = null
	schema.registry.ssl.keystore.password = null
	schema.registry.ssl.keystore.type = JKS
	schema.registry.ssl.protocol = TLSv1.3
	schema.registry.ssl.provider = null
	schema.registry.ssl.secure.random.implementation = null
	schema.registry.ssl.trustmanager.algorithm = PKIX
	schema.registry.ssl.truststore.certificates = null
	schema.registry.ssl.truststore.location = null
	schema.registry.ssl.truststore.password = null
	schema.registry.ssl.truststore.type = JKS
	schema.registry.url = [http://registry-app-postgresql.apps.ci419.apicurio-testing.org:80/apis/ccompat/v7]
	use.latest.version = false
	use.latest.with.metadata = null
	use.schema.id = -1
	value.subject.name.strategy = class io.confluent.kafka.serializers.subject.TopicNameStrategy

2025-07-31 02:22:53,000 INFO  [org.apa.kaf.cli.pro.KafkaProducer] (main) [Producer clientId=Producer-topic-79f850f2_8c5d_4bee_8520_07ca51631aca] Instantiated an idempotent producer.
2025-07-31 02:22:53,002 INFO  [org.apa.kaf.cli.pro.ProducerConfig] (main) These configurations '[schema.registry.url, auto.register.schemas, value.subject.name.strategy]' were supplied but are not used yet.
2025-07-31 02:22:53,002 INFO  [org.apa.kaf.com.uti.AppInfoParser] (main) Kafka version: 3.9.0
2025-07-31 02:22:53,002 INFO  [org.apa.kaf.com.uti.AppInfoParser] (main) Kafka commitId: 84caaa6e9da06435
2025-07-31 02:22:53,002 INFO  [org.apa.kaf.com.uti.AppInfoParser] (main) Kafka startTimeMs: 1753928573002
2025-07-31 02:22:53,003 INFO  [io.api.tes.ser.api.SimpleSerdesTesterBuilder$SimpleSerdesTester] (main) Using producer configuration: {schema.registry.url=http://registry-app-postgresql.apps.ci419.apicurio-testing.org:80/apis/ccompat/v7, value.serializer=io.confluent.kafka.serializers.KafkaAvroSerializer, request.timeout.ms=5000, auto.register.schemas=false, acks=all, bootstrap.servers=PLAINTEXT://localhost:32770, connections.max.idle.ms=10000, key.serializer=org.apache.kafka.common.serialization.StringSerializer, value.subject.name.strategy=io.confluent.kafka.serializers.subject.TopicNameStrategy, client.id=Producer-topic-79f850f2_8c5d_4bee_8520_07ca51631aca}
2025-07-31 02:22:53,003 INFO  [io.api.tes.ser.api.SimpleSerdesTesterBuilder$SimpleSerdesTester] (main) Using consumer configuration: {}
2025-07-31 02:22:53,005 INFO  [io.api.tes.ser.api.KafkaSerdesTester] (Thread-311) Sending message {"key1": "value-0"} to topic topic-79f850f2_8c5d_4bee_8520_07ca51631aca
2025-07-31 02:22:53,007 INFO  [org.apa.kaf.cli.Metadata] (kafka-producer-network-thread | Producer-topic-79f850f2_8c5d_4bee_8520_07ca51631aca) [Producer clientId=Producer-topic-79f850f2_8c5d_4bee_8520_07ca51631aca] Cluster ID: d3IyjYRDQrmXThhQeh46ug
2025-07-31 02:22:53,007 INFO  [org.apa.kaf.cli.pro.int.TransactionManager] (kafka-producer-network-thread | Producer-topic-79f850f2_8c5d_4bee_8520_07ca51631aca) [Producer clientId=Producer-topic-79f850f2_8c5d_4bee_8520_07ca51631aca] ProducerId set to 32 with epoch 0
2025-07-31 02:22:53,021 INFO  [io.api.tes.ser.api.KafkaSerdesTester] (Thread-311) Sending message {"key1": "value-1"} to topic topic-79f850f2_8c5d_4bee_8520_07ca51631aca
2025-07-31 02:22:53,022 INFO  [io.api.tes.ser.api.KafkaSerdesTester] (Thread-311) Sending message {"key1": "value-2"} to topic topic-79f850f2_8c5d_4bee_8520_07ca51631aca
2025-07-31 02:22:53,024 INFO  [io.api.tes.ser.api.KafkaSerdesTester] (Thread-311) Sending message {"key1": "value-3"} to topic topic-79f850f2_8c5d_4bee_8520_07ca51631aca
2025-07-31 02:22:53,025 INFO  [io.api.tes.ser.api.KafkaSerdesTester] (Thread-311) Sending message {"key1": "value-4"} to topic topic-79f850f2_8c5d_4bee_8520_07ca51631aca
2025-07-31 02:22:53,026 INFO  [io.api.tes.ser.api.KafkaSerdesTester] (Thread-311) Sending message {"key1": "value-5"} to topic topic-79f850f2_8c5d_4bee_8520_07ca51631aca
2025-07-31 02:22:53,027 INFO  [io.api.tes.ser.api.KafkaSerdesTester] (Thread-311) Sending message {"key1": "value-6"} to topic topic-79f850f2_8c5d_4bee_8520_07ca51631aca
2025-07-31 02:22:53,028 INFO  [io.api.tes.ser.api.KafkaSerdesTester] (Thread-311) Sending message {"key1": "value-7"} to topic topic-79f850f2_8c5d_4bee_8520_07ca51631aca
2025-07-31 02:22:53,029 INFO  [io.api.tes.ser.api.KafkaSerdesTester] (Thread-311) Sending message {"key1": "value-8"} to topic topic-79f850f2_8c5d_4bee_8520_07ca51631aca
2025-07-31 02:22:53,030 INFO  [io.api.tes.ser.api.KafkaSerdesTester] (Thread-311) Sending message {"key1": "value-9"} to topic topic-79f850f2_8c5d_4bee_8520_07ca51631aca
2025-07-31 02:22:53,032 INFO  [io.api.tes.ser.api.KafkaSerdesTester] (Thread-311) Produced 10 messages
2025-07-31 02:22:53,032 INFO  [org.apa.kaf.cli.pro.KafkaProducer] (Thread-311) [Producer clientId=Producer-topic-79f850f2_8c5d_4bee_8520_07ca51631aca] Closing the Kafka producer with timeoutMillis = 9223372036854775807 ms.
2025-07-31 02:22:53,034 INFO  [org.apa.kaf.com.met.Metrics] (Thread-311) Metrics scheduler closed
2025-07-31 02:22:53,034 INFO  [org.apa.kaf.com.met.Metrics] (Thread-311) Closing reporter org.apache.kafka.common.metrics.JmxReporter
2025-07-31 02:22:53,034 INFO  [org.apa.kaf.com.met.Metrics] (Thread-311) Closing reporter org.apache.kafka.common.telemetry.internals.ClientTelemetryReporter
2025-07-31 02:22:53,034 INFO  [org.apa.kaf.com.met.Metrics] (Thread-311) Metrics reporters closed
2025-07-31 02:22:53,034 INFO  [org.apa.kaf.com.uti.AppInfoParser] (Thread-311) App info kafka.producer for Producer-topic-79f850f2_8c5d_4bee_8520_07ca51631aca unregistered
2025-07-31 02:22:53,035 INFO  [org.apa.kaf.cli.con.ConsumerConfig] (main) ConsumerConfig values: 
	allow.auto.create.topics = true
	auto.commit.interval.ms = 500
	auto.include.jmx.reporter = true
	auto.offset.reset = earliest
	bootstrap.servers = [PLAINTEXT://localhost:32770]
	check.crcs = true
	client.dns.lookup = use_all_dns_ips
	client.id = consumer-Consumer-topic-79f850f2_8c5d_4bee_8520_07ca51631aca-25
	client.rack = 
	connections.max.idle.ms = 10000
	default.api.timeout.ms = 60000
	enable.auto.commit = true
	enable.metrics.push = true
	exclude.internal.topics = true
	fetch.max.bytes = 52428800
	fetch.max.wait.ms = 500
	fetch.min.bytes = 1
	group.id = Consumer-topic-79f850f2_8c5d_4bee_8520_07ca51631aca
	group.instance.id = null
	group.protocol = classic
	group.remote.assignor = null
	heartbeat.interval.ms = 3000
	interceptor.classes = []
	internal.leave.group.on.close = true
	internal.throw.on.fetch.stable.offset.unsupported = false
	isolation.level = read_uncommitted
	key.deserializer = class org.apache.kafka.common.serialization.StringDeserializer
	max.partition.fetch.bytes = 1048576
	max.poll.interval.ms = 300000
	max.poll.records = 500
	metadata.max.age.ms = 300000
	metadata.recovery.strategy = none
	metric.reporters = []
	metrics.num.samples = 2
	metrics.recording.level = INFO
	metrics.sample.window.ms = 30000
	partition.assignment.strategy = [class org.apache.kafka.clients.consumer.RangeAssignor, class org.apache.kafka.clients.consumer.CooperativeStickyAssignor]
	receive.buffer.bytes = 65536
	reconnect.backoff.max.ms = 1000
	reconnect.backoff.ms = 50
	request.timeout.ms = 5000
	retry.backoff.max.ms = 1000
	retry.backoff.ms = 100
	sasl.client.callback.handler.class = null
	sasl.jaas.config = null
	sasl.kerberos.kinit.cmd = /usr/bin/kinit
	sasl.kerberos.min.time.before.relogin = 60000
	sasl.kerberos.service.name = null
	sasl.kerberos.ticket.renew.jitter = 0.05
	sasl.kerberos.ticket.renew.window.factor = 0.8
	sasl.login.callback.handler.class = null
	sasl.login.class = null
	sasl.login.connect.timeout.ms = null
	sasl.login.read.timeout.ms = null
	sasl.login.refresh.buffer.seconds = 300
	sasl.login.refresh.min.period.seconds = 60
	sasl.login.refresh.window.factor = 0.8
	sasl.login.refresh.window.jitter = 0.05
	sasl.login.retry.backoff.max.ms = 10000
	sasl.login.retry.backoff.ms = 100
	sasl.mechanism = GSSAPI
	sasl.oauthbearer.clock.skew.seconds = 30
	sasl.oauthbearer.expected.audience = null
	sasl.oauthbearer.expected.issuer = null
	sasl.oauthbearer.header.urlencode = false
	sasl.oauthbearer.jwks.endpoint.refresh.ms = 3600000
	sasl.oauthbearer.jwks.endpoint.retry.backoff.max.ms = 10000
	sasl.oauthbearer.jwks.endpoint.retry.backoff.ms = 100
	sasl.oauthbearer.jwks.endpoint.url = null
	sasl.oauthbearer.scope.claim.name = scope
	sasl.oauthbearer.sub.claim.name = sub
	sasl.oauthbearer.token.endpoint.url = null
	security.protocol = PLAINTEXT
	security.providers = null
	send.buffer.bytes = 131072
	session.timeout.ms = 45000
	socket.connection.setup.timeout.max.ms = 30000
	socket.connection.setup.timeout.ms = 10000
	ssl.cipher.suites = null
	ssl.enabled.protocols = [TLSv1.2, TLSv1.3]
	ssl.endpoint.identification.algorithm = https
	ssl.engine.factory.class = null
	ssl.key.password = null
	ssl.keymanager.algorithm = SunX509
	ssl.keystore.certificate.chain = null
	ssl.keystore.key = null
	ssl.keystore.location = null
	ssl.keystore.password = null
	ssl.keystore.type = JKS
	ssl.protocol = TLSv1.3
	ssl.provider = null
	ssl.secure.random.implementation = null
	ssl.trustmanager.algorithm = PKIX
	ssl.truststore.certificates = null
	ssl.truststore.location = null
	ssl.truststore.password = null
	ssl.truststore.type = JKS
	value.deserializer = class io.confluent.kafka.serializers.KafkaAvroDeserializer

2025-07-31 02:22:53,035 INFO  [org.apa.kaf.com.tel.int.KafkaMetricsCollector] (main) initializing Kafka metrics collector
2025-07-31 02:22:53,035 INFO  [io.con.kaf.ser.KafkaAvroDeserializerConfig] (main) KafkaAvroDeserializerConfig values: 
	auto.register.schemas = true
	avro.reflection.allow.null = false
	avro.use.logical.type.converters = false
	basic.auth.credentials.source = URL
	basic.auth.user.info = [hidden]
	bearer.auth.cache.expiry.buffer.seconds = 300
	bearer.auth.client.id = null
	bearer.auth.client.secret = null
	bearer.auth.credentials.source = STATIC_TOKEN
	bearer.auth.custom.provider.class = null
	bearer.auth.identity.pool.id = null
	bearer.auth.issuer.endpoint.url = null
	bearer.auth.logical.cluster = null
	bearer.auth.scope = null
	bearer.auth.scope.claim.name = scope
	bearer.auth.sub.claim.name = sub
	bearer.auth.token = [hidden]
	context.name.strategy = class io.confluent.kafka.serializers.context.NullContextNameStrategy
	http.connect.timeout.ms = 60000
	http.read.timeout.ms = 60000
	id.compatibility.strict = true
	key.subject.name.strategy = class io.confluent.kafka.serializers.subject.TopicNameStrategy
	latest.cache.size = 1000
	latest.cache.ttl.sec = -1
	latest.compatibility.strict = true
	max.retries = 3
	max.schemas.per.subject = 1000
	normalize.schemas = false
	propagate.schema.tags = false
	proxy.host = 
	proxy.port = -1
	retries.max.wait.ms = 20000
	retries.wait.ms = 1000
	rule.actions = []
	rule.executors = []
	rule.service.loader.enable = true
	schema.format = null
	schema.reflection = false
	schema.registry.basic.auth.user.info = [hidden]
	schema.registry.ssl.cipher.suites = null
	schema.registry.ssl.enabled.protocols = [TLSv1.2, TLSv1.3]
	schema.registry.ssl.endpoint.identification.algorithm = https
	schema.registry.ssl.engine.factory.class = null
	schema.registry.ssl.key.password = null
	schema.registry.ssl.keymanager.algorithm = SunX509
	schema.registry.ssl.keystore.certificate.chain = null
	schema.registry.ssl.keystore.key = null
	schema.registry.ssl.keystore.location = null
	schema.registry.ssl.keystore.password = null
	schema.registry.ssl.keystore.type = JKS
	schema.registry.ssl.protocol = TLSv1.3
	schema.registry.ssl.provider = null
	schema.registry.ssl.secure.random.implementation = null
	schema.registry.ssl.trustmanager.algorithm = PKIX
	schema.registry.ssl.truststore.certificates = null
	schema.registry.ssl.truststore.location = null
	schema.registry.ssl.truststore.password = null
	schema.registry.ssl.truststore.type = JKS
	schema.registry.url = [http://registry-app-postgresql.apps.ci419.apicurio-testing.org:80/apis/ccompat/v7]
	specific.avro.key.type = null
	specific.avro.reader = false
	specific.avro.value.type = null
	use.latest.version = false
	use.latest.with.metadata = null
	use.schema.id = -1
	value.subject.name.strategy = class io.confluent.kafka.serializers.subject.TopicNameStrategy

2025-07-31 02:22:53,036 INFO  [io.con.kaf.ser.KafkaAvroDeserializerConfig] (main) KafkaAvroDeserializerConfig values: 
	auto.register.schemas = true
	avro.reflection.allow.null = false
	avro.use.logical.type.converters = false
	basic.auth.credentials.source = URL
	basic.auth.user.info = [hidden]
	bearer.auth.cache.expiry.buffer.seconds = 300
	bearer.auth.client.id = null
	bearer.auth.client.secret = null
	bearer.auth.credentials.source = STATIC_TOKEN
	bearer.auth.custom.provider.class = null
	bearer.auth.identity.pool.id = null
	bearer.auth.issuer.endpoint.url = null
	bearer.auth.logical.cluster = null
	bearer.auth.scope = null
	bearer.auth.scope.claim.name = scope
	bearer.auth.sub.claim.name = sub
	bearer.auth.token = [hidden]
	context.name.strategy = class io.confluent.kafka.serializers.context.NullContextNameStrategy
	http.connect.timeout.ms = 60000
	http.read.timeout.ms = 60000
	id.compatibility.strict = true
	key.subject.name.strategy = class io.confluent.kafka.serializers.subject.TopicNameStrategy
	latest.cache.size = 1000
	latest.cache.ttl.sec = -1
	latest.compatibility.strict = true
	max.retries = 3
	max.schemas.per.subject = 1000
	normalize.schemas = false
	propagate.schema.tags = false
	proxy.host = 
	proxy.port = -1
	retries.max.wait.ms = 20000
	retries.wait.ms = 1000
	rule.actions = []
	rule.executors = []
	rule.service.loader.enable = true
	schema.format = null
	schema.reflection = false
	schema.registry.basic.auth.user.info = [hidden]
	schema.registry.ssl.cipher.suites = null
	schema.registry.ssl.enabled.protocols = [TLSv1.2, TLSv1.3]
	schema.registry.ssl.endpoint.identification.algorithm = https
	schema.registry.ssl.engine.factory.class = null
	schema.registry.ssl.key.password = null
	schema.registry.ssl.keymanager.algorithm = SunX509
	schema.registry.ssl.keystore.certificate.chain = null
	schema.registry.ssl.keystore.key = null
	schema.registry.ssl.keystore.location = null
	schema.registry.ssl.keystore.password = null
	schema.registry.ssl.keystore.type = JKS
	schema.registry.ssl.protocol = TLSv1.3
	schema.registry.ssl.provider = null
	schema.registry.ssl.secure.random.implementation = null
	schema.registry.ssl.trustmanager.algorithm = PKIX
	schema.registry.ssl.truststore.certificates = null
	schema.registry.ssl.truststore.location = null
	schema.registry.ssl.truststore.password = null
	schema.registry.ssl.truststore.type = JKS
	schema.registry.url = [http://registry-app-postgresql.apps.ci419.apicurio-testing.org:80/apis/ccompat/v7]
	specific.avro.key.type = null
	specific.avro.reader = false
	specific.avro.value.type = null
	use.latest.version = false
	use.latest.with.metadata = null
	use.schema.id = -1
	value.subject.name.strategy = class io.confluent.kafka.serializers.subject.TopicNameStrategy

2025-07-31 02:22:53,040 INFO  [org.apa.kaf.cli.con.ConsumerConfig] (main) These configurations '[schema.registry.url]' were supplied but are not used yet.
2025-07-31 02:22:53,040 INFO  [org.apa.kaf.com.uti.AppInfoParser] (main) Kafka version: 3.9.0
2025-07-31 02:22:53,040 INFO  [org.apa.kaf.com.uti.AppInfoParser] (main) Kafka commitId: 84caaa6e9da06435
2025-07-31 02:22:53,040 INFO  [org.apa.kaf.com.uti.AppInfoParser] (main) Kafka startTimeMs: 1753928573040
2025-07-31 02:22:53,041 INFO  [org.apa.kaf.cli.con.int.ClassicKafkaConsumer] (Thread-312) [Consumer clientId=consumer-Consumer-topic-79f850f2_8c5d_4bee_8520_07ca51631aca-25, groupId=Consumer-topic-79f850f2_8c5d_4bee_8520_07ca51631aca] Subscribed to topic(s): topic-79f850f2_8c5d_4bee_8520_07ca51631aca
2025-07-31 02:22:53,045 INFO  [org.apa.kaf.cli.Metadata] (Thread-312) [Consumer clientId=consumer-Consumer-topic-79f850f2_8c5d_4bee_8520_07ca51631aca-25, groupId=Consumer-topic-79f850f2_8c5d_4bee_8520_07ca51631aca] Cluster ID: d3IyjYRDQrmXThhQeh46ug
2025-07-31 02:22:53,045 INFO  [org.apa.kaf.cli.con.int.ConsumerCoordinator] (Thread-312) [Consumer clientId=consumer-Consumer-topic-79f850f2_8c5d_4bee_8520_07ca51631aca-25, groupId=Consumer-topic-79f850f2_8c5d_4bee_8520_07ca51631aca] Discovered group coordinator localhost:32770 (id: 2147483647 rack: null)
2025-07-31 02:22:53,046 INFO  [org.apa.kaf.cli.con.int.ConsumerCoordinator] (Thread-312) [Consumer clientId=consumer-Consumer-topic-79f850f2_8c5d_4bee_8520_07ca51631aca-25, groupId=Consumer-topic-79f850f2_8c5d_4bee_8520_07ca51631aca] (Re-)joining group
2025-07-31 02:22:53,050 INFO  [org.apa.kaf.cli.con.int.ConsumerCoordinator] (Thread-312) [Consumer clientId=consumer-Consumer-topic-79f850f2_8c5d_4bee_8520_07ca51631aca-25, groupId=Consumer-topic-79f850f2_8c5d_4bee_8520_07ca51631aca] Request joining group due to: need to re-join with the given member-id: consumer-Consumer-topic-79f850f2_8c5d_4bee_8520_07ca51631aca-25-73c724be-4d28-43d6-a6cd-062226c68e8d
2025-07-31 02:22:53,050 INFO  [org.apa.kaf.cli.con.int.ConsumerCoordinator] (Thread-312) [Consumer clientId=consumer-Consumer-topic-79f850f2_8c5d_4bee_8520_07ca51631aca-25, groupId=Consumer-topic-79f850f2_8c5d_4bee_8520_07ca51631aca] (Re-)joining group
2025-07-31 02:22:53,053 INFO  [org.apa.kaf.cli.con.int.ConsumerCoordinator] (Thread-312) [Consumer clientId=consumer-Consumer-topic-79f850f2_8c5d_4bee_8520_07ca51631aca-25, groupId=Consumer-topic-79f850f2_8c5d_4bee_8520_07ca51631aca] Successfully joined group with generation Generation{generationId=1, memberId='consumer-Consumer-topic-79f850f2_8c5d_4bee_8520_07ca51631aca-25-73c724be-4d28-43d6-a6cd-062226c68e8d', protocol='range'}
2025-07-31 02:22:53,053 INFO  [org.apa.kaf.cli.con.int.ConsumerCoordinator] (Thread-312) [Consumer clientId=consumer-Consumer-topic-79f850f2_8c5d_4bee_8520_07ca51631aca-25, groupId=Consumer-topic-79f850f2_8c5d_4bee_8520_07ca51631aca] Finished assignment for group at generation 1: {consumer-Consumer-topic-79f850f2_8c5d_4bee_8520_07ca51631aca-25-73c724be-4d28-43d6-a6cd-062226c68e8d=Assignment(partitions=[topic-79f850f2_8c5d_4bee_8520_07ca51631aca-0])}
2025-07-31 02:22:53,055 INFO  [org.apa.kaf.cli.con.int.ConsumerCoordinator] (Thread-312) [Consumer clientId=consumer-Consumer-topic-79f850f2_8c5d_4bee_8520_07ca51631aca-25, groupId=Consumer-topic-79f850f2_8c5d_4bee_8520_07ca51631aca] Successfully synced group in generation Generation{generationId=1, memberId='consumer-Consumer-topic-79f850f2_8c5d_4bee_8520_07ca51631aca-25-73c724be-4d28-43d6-a6cd-062226c68e8d', protocol='range'}
2025-07-31 02:22:53,055 INFO  [org.apa.kaf.cli.con.int.ConsumerCoordinator] (Thread-312) [Consumer clientId=consumer-Consumer-topic-79f850f2_8c5d_4bee_8520_07ca51631aca-25, groupId=Consumer-topic-79f850f2_8c5d_4bee_8520_07ca51631aca] Notifying assignor about the new Assignment(partitions=[topic-79f850f2_8c5d_4bee_8520_07ca51631aca-0])
2025-07-31 02:22:53,055 INFO  [org.apa.kaf.cli.con.int.ConsumerRebalanceListenerInvoker] (Thread-312) [Consumer clientId=consumer-Consumer-topic-79f850f2_8c5d_4bee_8520_07ca51631aca-25, groupId=Consumer-topic-79f850f2_8c5d_4bee_8520_07ca51631aca] Adding newly assigned partitions: topic-79f850f2_8c5d_4bee_8520_07ca51631aca-0
2025-07-31 02:22:53,056 INFO  [org.apa.kaf.cli.con.int.ConsumerCoordinator] (Thread-312) [Consumer clientId=consumer-Consumer-topic-79f850f2_8c5d_4bee_8520_07ca51631aca-25, groupId=Consumer-topic-79f850f2_8c5d_4bee_8520_07ca51631aca] Found no committed offset for partition topic-79f850f2_8c5d_4bee_8520_07ca51631aca-0
2025-07-31 02:22:53,062 INFO  [org.apa.kaf.cli.con.int.SubscriptionState] (Thread-312) [Consumer clientId=consumer-Consumer-topic-79f850f2_8c5d_4bee_8520_07ca51631aca-25, groupId=Consumer-topic-79f850f2_8c5d_4bee_8520_07ca51631aca] Resetting offset for partition topic-79f850f2_8c5d_4bee_8520_07ca51631aca-0 to position FetchPosition{offset=0, offsetEpoch=Optional.empty, currentLeader=LeaderAndEpoch{leader=Optional[localhost:32770 (id: 0 rack: null)], epoch=0}}.
2025-07-31 02:22:53,078 INFO  [io.api.tes.ser.api.KafkaSerdesTester] (Thread-312) topic-79f850f2_8c5d_4bee_8520_07ca51631aca 0 0 {"key1": "value-0"}
2025-07-31 02:22:53,080 INFO  [io.api.tes.ser.api.KafkaSerdesTester] (Thread-312) topic-79f850f2_8c5d_4bee_8520_07ca51631aca 0 1 {"key1": "value-1"}
2025-07-31 02:22:53,080 INFO  [io.api.tes.ser.api.KafkaSerdesTester] (Thread-312) topic-79f850f2_8c5d_4bee_8520_07ca51631aca 0 2 {"key1": "value-2"}
2025-07-31 02:22:53,080 INFO  [io.api.tes.ser.api.KafkaSerdesTester] (Thread-312) topic-79f850f2_8c5d_4bee_8520_07ca51631aca 0 3 {"key1": "value-3"}
2025-07-31 02:22:53,080 INFO  [io.api.tes.ser.api.KafkaSerdesTester] (Thread-312) topic-79f850f2_8c5d_4bee_8520_07ca51631aca 0 4 {"key1": "value-4"}
2025-07-31 02:22:53,080 INFO  [io.api.tes.ser.api.KafkaSerdesTester] (Thread-312) topic-79f850f2_8c5d_4bee_8520_07ca51631aca 0 5 {"key1": "value-5"}
2025-07-31 02:22:53,080 INFO  [io.api.tes.ser.api.KafkaSerdesTester] (Thread-312) topic-79f850f2_8c5d_4bee_8520_07ca51631aca 0 6 {"key1": "value-6"}
2025-07-31 02:22:53,080 INFO  [io.api.tes.ser.api.KafkaSerdesTester] (Thread-312) topic-79f850f2_8c5d_4bee_8520_07ca51631aca 0 7 {"key1": "value-7"}
2025-07-31 02:22:53,080 INFO  [io.api.tes.ser.api.KafkaSerdesTester] (Thread-312) topic-79f850f2_8c5d_4bee_8520_07ca51631aca 0 8 {"key1": "value-8"}
2025-07-31 02:22:53,080 INFO  [io.api.tes.ser.api.KafkaSerdesTester] (Thread-312) topic-79f850f2_8c5d_4bee_8520_07ca51631aca 0 9 {"key1": "value-9"}
2025-07-31 02:22:53,080 INFO  [io.api.tes.ser.api.KafkaSerdesTester] (Thread-312) Consumed 10 messages
2025-07-31 02:22:53,082 INFO  [org.apa.kaf.cli.con.int.ConsumerRebalanceListenerInvoker] (Thread-312) [Consumer clientId=consumer-Consumer-topic-79f850f2_8c5d_4bee_8520_07ca51631aca-25, groupId=Consumer-topic-79f850f2_8c5d_4bee_8520_07ca51631aca] Revoke previously assigned partitions topic-79f850f2_8c5d_4bee_8520_07ca51631aca-0
2025-07-31 02:22:53,082 INFO  [org.apa.kaf.cli.con.int.ConsumerCoordinator] (Thread-312) [Consumer clientId=consumer-Consumer-topic-79f850f2_8c5d_4bee_8520_07ca51631aca-25, groupId=Consumer-topic-79f850f2_8c5d_4bee_8520_07ca51631aca] Member consumer-Consumer-topic-79f850f2_8c5d_4bee_8520_07ca51631aca-25-73c724be-4d28-43d6-a6cd-062226c68e8d sending LeaveGroup request to coordinator localhost:32770 (id: 2147483647 rack: null) due to the consumer is being closed
2025-07-31 02:22:53,082 INFO  [org.apa.kaf.cli.con.int.ConsumerCoordinator] (Thread-312) [Consumer clientId=consumer-Consumer-topic-79f850f2_8c5d_4bee_8520_07ca51631aca-25, groupId=Consumer-topic-79f850f2_8c5d_4bee_8520_07ca51631aca] Resetting generation and member id due to: consumer pro-actively leaving the group
2025-07-31 02:22:53,082 INFO  [org.apa.kaf.cli.con.int.ConsumerCoordinator] (Thread-312) [Consumer clientId=consumer-Consumer-topic-79f850f2_8c5d_4bee_8520_07ca51631aca-25, groupId=Consumer-topic-79f850f2_8c5d_4bee_8520_07ca51631aca] Request joining group due to: consumer pro-actively leaving the group
2025-07-31 02:22:53,581 INFO  [org.apa.kaf.com.met.Metrics] (Thread-312) Metrics scheduler closed
2025-07-31 02:22:53,581 INFO  [org.apa.kaf.com.met.Metrics] (Thread-312) Closing reporter org.apache.kafka.common.metrics.JmxReporter
2025-07-31 02:22:53,581 INFO  [org.apa.kaf.com.met.Metrics] (Thread-312) Closing reporter org.apache.kafka.common.telemetry.internals.ClientTelemetryReporter
2025-07-31 02:22:53,581 INFO  [org.apa.kaf.com.met.Metrics] (Thread-312) Metrics reporters closed
2025-07-31 02:22:53,583 INFO  [org.apa.kaf.com.uti.AppInfoParser] (Thread-312) App info kafka.consumer for consumer-Consumer-topic-79f850f2_8c5d_4bee_8520_07ca51631aca-25 unregistered
2025-07-31 02:22:53,601 INFO  [io.api.tes.ser.con.BasicConfluentSerDesIT] (main) Deleting confluent schema topic-79f850f2_8c5d_4bee_8520_07ca51631aca-value
2025-07-31 02:22:53,613 INFO  [io.api.tes.uti.TestSeparator] (main) io.apicurio.tests.serdes.confluent.BasicConfluentSerDesIT.testAvroConfluentSerDes-FINISHED
2025-07-31 02:22:53,613 INFO  [io.api.tes.uti.TestSeparator] (main) ############################################################################
]]></system-out>
  </testcase>
  <testcase name="testAvroConfluentForMultipleTopics" classname="io.apicurio.tests.serdes.confluent.BasicConfluentSerDesIT" time="1.99">
    <system-out><![CDATA[2025-07-31 02:22:53,614 INFO  [io.api.tes.uti.TestSeparator] (main) ############################################################################
2025-07-31 02:22:53,614 INFO  [io.api.tes.uti.TestSeparator] (main) io.apicurio.tests.serdes.confluent.BasicConfluentSerDesIT.testAvroConfluentForMultipleTopics-STARTED
2025-07-31 02:22:53,662 INFO  [io.api.tes.ser.con.BasicConfluentSerDesIT] (main) Checking that created schema is equal to the get schema
2025-07-31 02:22:53,672 INFO  [io.api.tes.ser.con.BasicConfluentSerDesIT] (main) Created schema with id:34 and name:myrecordconfluent6
2025-07-31 02:22:53,672 INFO  [org.apa.kaf.cli.pro.ProducerConfig] (main) ProducerConfig values: 
	acks = -1
	auto.include.jmx.reporter = true
	batch.size = 16384
	bootstrap.servers = [PLAINTEXT://localhost:32770]
	buffer.memory = 33554432
	client.dns.lookup = use_all_dns_ips
	client.id = Producer-topic-218f454d_699e_4776_88a7_f3787e2c096e
	compression.gzip.level = -1
	compression.lz4.level = 9
	compression.type = none
	compression.zstd.level = 3
	connections.max.idle.ms = 10000
	delivery.timeout.ms = 120000
	enable.idempotence = true
	enable.metrics.push = true
	interceptor.classes = []
	key.serializer = class org.apache.kafka.common.serialization.StringSerializer
	linger.ms = 0
	max.block.ms = 60000
	max.in.flight.requests.per.connection = 5
	max.request.size = 1048576
	metadata.max.age.ms = 300000
	metadata.max.idle.ms = 300000
	metadata.recovery.strategy = none
	metric.reporters = []
	metrics.num.samples = 2
	metrics.recording.level = INFO
	metrics.sample.window.ms = 30000
	partitioner.adaptive.partitioning.enable = true
	partitioner.availability.timeout.ms = 0
	partitioner.class = null
	partitioner.ignore.keys = false
	receive.buffer.bytes = 32768
	reconnect.backoff.max.ms = 1000
	reconnect.backoff.ms = 50
	request.timeout.ms = 5000
	retries = 2147483647
	retry.backoff.max.ms = 1000
	retry.backoff.ms = 100
	sasl.client.callback.handler.class = null
	sasl.jaas.config = null
	sasl.kerberos.kinit.cmd = /usr/bin/kinit
	sasl.kerberos.min.time.before.relogin = 60000
	sasl.kerberos.service.name = null
	sasl.kerberos.ticket.renew.jitter = 0.05
	sasl.kerberos.ticket.renew.window.factor = 0.8
	sasl.login.callback.handler.class = null
	sasl.login.class = null
	sasl.login.connect.timeout.ms = null
	sasl.login.read.timeout.ms = null
	sasl.login.refresh.buffer.seconds = 300
	sasl.login.refresh.min.period.seconds = 60
	sasl.login.refresh.window.factor = 0.8
	sasl.login.refresh.window.jitter = 0.05
	sasl.login.retry.backoff.max.ms = 10000
	sasl.login.retry.backoff.ms = 100
	sasl.mechanism = GSSAPI
	sasl.oauthbearer.clock.skew.seconds = 30
	sasl.oauthbearer.expected.audience = null
	sasl.oauthbearer.expected.issuer = null
	sasl.oauthbearer.header.urlencode = false
	sasl.oauthbearer.jwks.endpoint.refresh.ms = 3600000
	sasl.oauthbearer.jwks.endpoint.retry.backoff.max.ms = 10000
	sasl.oauthbearer.jwks.endpoint.retry.backoff.ms = 100
	sasl.oauthbearer.jwks.endpoint.url = null
	sasl.oauthbearer.scope.claim.name = scope
	sasl.oauthbearer.sub.claim.name = sub
	sasl.oauthbearer.token.endpoint.url = null
	security.protocol = PLAINTEXT
	security.providers = null
	send.buffer.bytes = 131072
	socket.connection.setup.timeout.max.ms = 30000
	socket.connection.setup.timeout.ms = 10000
	ssl.cipher.suites = null
	ssl.enabled.protocols = [TLSv1.2, TLSv1.3]
	ssl.endpoint.identification.algorithm = https
	ssl.engine.factory.class = null
	ssl.key.password = null
	ssl.keymanager.algorithm = SunX509
	ssl.keystore.certificate.chain = null
	ssl.keystore.key = null
	ssl.keystore.location = null
	ssl.keystore.password = null
	ssl.keystore.type = JKS
	ssl.protocol = TLSv1.3
	ssl.provider = null
	ssl.secure.random.implementation = null
	ssl.trustmanager.algorithm = PKIX
	ssl.truststore.certificates = null
	ssl.truststore.location = null
	ssl.truststore.password = null
	ssl.truststore.type = JKS
	transaction.timeout.ms = 60000
	transactional.id = null
	value.serializer = class io.apicurio.registry.serde.avro.AvroKafkaSerializer

2025-07-31 02:22:53,672 INFO  [org.apa.kaf.com.tel.int.KafkaMetricsCollector] (main) initializing Kafka metrics collector
2025-07-31 02:22:53,679 INFO  [org.apa.kaf.cli.pro.KafkaProducer] (main) [Producer clientId=Producer-topic-218f454d_699e_4776_88a7_f3787e2c096e] Instantiated an idempotent producer.
2025-07-31 02:22:53,684 INFO  [org.apa.kaf.cli.pro.ProducerConfig] (main) These configurations '[apicurio.registry.url, apicurio.registry.artifact-resolver-strategy]' were supplied but are not used yet.
2025-07-31 02:22:53,684 INFO  [org.apa.kaf.com.uti.AppInfoParser] (main) Kafka version: 3.9.0
2025-07-31 02:22:53,684 INFO  [org.apa.kaf.com.uti.AppInfoParser] (main) Kafka commitId: 84caaa6e9da06435
2025-07-31 02:22:53,684 INFO  [org.apa.kaf.com.uti.AppInfoParser] (main) Kafka startTimeMs: 1753928573684
2025-07-31 02:22:53,686 INFO  [org.apa.kaf.cli.pro.ProducerConfig] (main) ProducerConfig values: 
	acks = -1
	auto.include.jmx.reporter = true
	batch.size = 16384
	bootstrap.servers = [PLAINTEXT://localhost:32770]
	buffer.memory = 33554432
	client.dns.lookup = use_all_dns_ips
	client.id = Producer-topic-37840bb4_3664_46d6_8b2b_81dcd8e1f038
	compression.gzip.level = -1
	compression.lz4.level = 9
	compression.type = none
	compression.zstd.level = 3
	connections.max.idle.ms = 10000
	delivery.timeout.ms = 120000
	enable.idempotence = true
	enable.metrics.push = true
	interceptor.classes = []
	key.serializer = class org.apache.kafka.common.serialization.StringSerializer
	linger.ms = 0
	max.block.ms = 60000
	max.in.flight.requests.per.connection = 5
	max.request.size = 1048576
	metadata.max.age.ms = 300000
	metadata.max.idle.ms = 300000
	metadata.recovery.strategy = none
	metric.reporters = []
	metrics.num.samples = 2
	metrics.recording.level = INFO
	metrics.sample.window.ms = 30000
	partitioner.adaptive.partitioning.enable = true
	partitioner.availability.timeout.ms = 0
	partitioner.class = null
	partitioner.ignore.keys = false
	receive.buffer.bytes = 32768
	reconnect.backoff.max.ms = 1000
	reconnect.backoff.ms = 50
	request.timeout.ms = 5000
	retries = 2147483647
	retry.backoff.max.ms = 1000
	retry.backoff.ms = 100
	sasl.client.callback.handler.class = null
	sasl.jaas.config = null
	sasl.kerberos.kinit.cmd = /usr/bin/kinit
	sasl.kerberos.min.time.before.relogin = 60000
	sasl.kerberos.service.name = null
	sasl.kerberos.ticket.renew.jitter = 0.05
	sasl.kerberos.ticket.renew.window.factor = 0.8
	sasl.login.callback.handler.class = null
	sasl.login.class = null
	sasl.login.connect.timeout.ms = null
	sasl.login.read.timeout.ms = null
	sasl.login.refresh.buffer.seconds = 300
	sasl.login.refresh.min.period.seconds = 60
	sasl.login.refresh.window.factor = 0.8
	sasl.login.refresh.window.jitter = 0.05
	sasl.login.retry.backoff.max.ms = 10000
	sasl.login.retry.backoff.ms = 100
	sasl.mechanism = GSSAPI
	sasl.oauthbearer.clock.skew.seconds = 30
	sasl.oauthbearer.expected.audience = null
	sasl.oauthbearer.expected.issuer = null
	sasl.oauthbearer.header.urlencode = false
	sasl.oauthbearer.jwks.endpoint.refresh.ms = 3600000
	sasl.oauthbearer.jwks.endpoint.retry.backoff.max.ms = 10000
	sasl.oauthbearer.jwks.endpoint.retry.backoff.ms = 100
	sasl.oauthbearer.jwks.endpoint.url = null
	sasl.oauthbearer.scope.claim.name = scope
	sasl.oauthbearer.sub.claim.name = sub
	sasl.oauthbearer.token.endpoint.url = null
	security.protocol = PLAINTEXT
	security.providers = null
	send.buffer.bytes = 131072
	socket.connection.setup.timeout.max.ms = 30000
	socket.connection.setup.timeout.ms = 10000
	ssl.cipher.suites = null
	ssl.enabled.protocols = [TLSv1.2, TLSv1.3]
	ssl.endpoint.identification.algorithm = https
	ssl.engine.factory.class = null
	ssl.key.password = null
	ssl.keymanager.algorithm = SunX509
	ssl.keystore.certificate.chain = null
	ssl.keystore.key = null
	ssl.keystore.location = null
	ssl.keystore.password = null
	ssl.keystore.type = JKS
	ssl.protocol = TLSv1.3
	ssl.provider = null
	ssl.secure.random.implementation = null
	ssl.trustmanager.algorithm = PKIX
	ssl.truststore.certificates = null
	ssl.truststore.location = null
	ssl.truststore.password = null
	ssl.truststore.type = JKS
	transaction.timeout.ms = 60000
	transactional.id = null
	value.serializer = class io.apicurio.registry.serde.avro.AvroKafkaSerializer

2025-07-31 02:22:53,687 INFO  [org.apa.kaf.com.tel.int.KafkaMetricsCollector] (main) initializing Kafka metrics collector
2025-07-31 02:22:53,692 INFO  [org.apa.kaf.cli.Metadata] (kafka-producer-network-thread | Producer-topic-218f454d_699e_4776_88a7_f3787e2c096e) [Producer clientId=Producer-topic-218f454d_699e_4776_88a7_f3787e2c096e] Cluster ID: d3IyjYRDQrmXThhQeh46ug
2025-07-31 02:22:53,694 INFO  [org.apa.kaf.cli.pro.int.TransactionManager] (kafka-producer-network-thread | Producer-topic-218f454d_699e_4776_88a7_f3787e2c096e) [Producer clientId=Producer-topic-218f454d_699e_4776_88a7_f3787e2c096e] ProducerId set to 33 with epoch 0
2025-07-31 02:22:53,699 INFO  [org.apa.kaf.cli.pro.KafkaProducer] (main) [Producer clientId=Producer-topic-37840bb4_3664_46d6_8b2b_81dcd8e1f038] Instantiated an idempotent producer.
2025-07-31 02:22:53,703 INFO  [org.apa.kaf.cli.pro.ProducerConfig] (main) These configurations '[apicurio.registry.url, apicurio.registry.artifact-resolver-strategy]' were supplied but are not used yet.
2025-07-31 02:22:53,703 INFO  [org.apa.kaf.com.uti.AppInfoParser] (main) Kafka version: 3.9.0
2025-07-31 02:22:53,703 INFO  [org.apa.kaf.com.uti.AppInfoParser] (main) Kafka commitId: 84caaa6e9da06435
2025-07-31 02:22:53,703 INFO  [org.apa.kaf.com.uti.AppInfoParser] (main) Kafka startTimeMs: 1753928573703
2025-07-31 02:22:53,704 INFO  [org.apa.kaf.cli.pro.ProducerConfig] (main) ProducerConfig values: 
	acks = -1
	auto.include.jmx.reporter = true
	batch.size = 16384
	bootstrap.servers = [PLAINTEXT://localhost:32770]
	buffer.memory = 33554432
	client.dns.lookup = use_all_dns_ips
	client.id = Producer-topic-ab9a0082_a637_4d5c_9bb8_db051ad469f9
	compression.gzip.level = -1
	compression.lz4.level = 9
	compression.type = none
	compression.zstd.level = 3
	connections.max.idle.ms = 10000
	delivery.timeout.ms = 120000
	enable.idempotence = true
	enable.metrics.push = true
	interceptor.classes = []
	key.serializer = class org.apache.kafka.common.serialization.StringSerializer
	linger.ms = 0
	max.block.ms = 60000
	max.in.flight.requests.per.connection = 5
	max.request.size = 1048576
	metadata.max.age.ms = 300000
	metadata.max.idle.ms = 300000
	metadata.recovery.strategy = none
	metric.reporters = []
	metrics.num.samples = 2
	metrics.recording.level = INFO
	metrics.sample.window.ms = 30000
	partitioner.adaptive.partitioning.enable = true
	partitioner.availability.timeout.ms = 0
	partitioner.class = null
	partitioner.ignore.keys = false
	receive.buffer.bytes = 32768
	reconnect.backoff.max.ms = 1000
	reconnect.backoff.ms = 50
	request.timeout.ms = 5000
	retries = 2147483647
	retry.backoff.max.ms = 1000
	retry.backoff.ms = 100
	sasl.client.callback.handler.class = null
	sasl.jaas.config = null
	sasl.kerberos.kinit.cmd = /usr/bin/kinit
	sasl.kerberos.min.time.before.relogin = 60000
	sasl.kerberos.service.name = null
	sasl.kerberos.ticket.renew.jitter = 0.05
	sasl.kerberos.ticket.renew.window.factor = 0.8
	sasl.login.callback.handler.class = null
	sasl.login.class = null
	sasl.login.connect.timeout.ms = null
	sasl.login.read.timeout.ms = null
	sasl.login.refresh.buffer.seconds = 300
	sasl.login.refresh.min.period.seconds = 60
	sasl.login.refresh.window.factor = 0.8
	sasl.login.refresh.window.jitter = 0.05
	sasl.login.retry.backoff.max.ms = 10000
	sasl.login.retry.backoff.ms = 100
	sasl.mechanism = GSSAPI
	sasl.oauthbearer.clock.skew.seconds = 30
	sasl.oauthbearer.expected.audience = null
	sasl.oauthbearer.expected.issuer = null
	sasl.oauthbearer.header.urlencode = false
	sasl.oauthbearer.jwks.endpoint.refresh.ms = 3600000
	sasl.oauthbearer.jwks.endpoint.retry.backoff.max.ms = 10000
	sasl.oauthbearer.jwks.endpoint.retry.backoff.ms = 100
	sasl.oauthbearer.jwks.endpoint.url = null
	sasl.oauthbearer.scope.claim.name = scope
	sasl.oauthbearer.sub.claim.name = sub
	sasl.oauthbearer.token.endpoint.url = null
	security.protocol = PLAINTEXT
	security.providers = null
	send.buffer.bytes = 131072
	socket.connection.setup.timeout.max.ms = 30000
	socket.connection.setup.timeout.ms = 10000
	ssl.cipher.suites = null
	ssl.enabled.protocols = [TLSv1.2, TLSv1.3]
	ssl.endpoint.identification.algorithm = https
	ssl.engine.factory.class = null
	ssl.key.password = null
	ssl.keymanager.algorithm = SunX509
	ssl.keystore.certificate.chain = null
	ssl.keystore.key = null
	ssl.keystore.location = null
	ssl.keystore.password = null
	ssl.keystore.type = JKS
	ssl.protocol = TLSv1.3
	ssl.provider = null
	ssl.secure.random.implementation = null
	ssl.trustmanager.algorithm = PKIX
	ssl.truststore.certificates = null
	ssl.truststore.location = null
	ssl.truststore.password = null
	ssl.truststore.type = JKS
	transaction.timeout.ms = 60000
	transactional.id = null
	value.serializer = class io.apicurio.registry.serde.avro.AvroKafkaSerializer

2025-07-31 02:22:53,704 INFO  [org.apa.kaf.com.tel.int.KafkaMetricsCollector] (main) initializing Kafka metrics collector
2025-07-31 02:22:53,714 INFO  [org.apa.kaf.cli.Metadata] (kafka-producer-network-thread | Producer-topic-37840bb4_3664_46d6_8b2b_81dcd8e1f038) [Producer clientId=Producer-topic-37840bb4_3664_46d6_8b2b_81dcd8e1f038] Cluster ID: d3IyjYRDQrmXThhQeh46ug
2025-07-31 02:22:53,716 INFO  [org.apa.kaf.cli.pro.KafkaProducer] (main) [Producer clientId=Producer-topic-ab9a0082_a637_4d5c_9bb8_db051ad469f9] Instantiated an idempotent producer.
2025-07-31 02:22:53,720 INFO  [org.apa.kaf.cli.pro.int.TransactionManager] (kafka-producer-network-thread | Producer-topic-37840bb4_3664_46d6_8b2b_81dcd8e1f038) [Producer clientId=Producer-topic-37840bb4_3664_46d6_8b2b_81dcd8e1f038] ProducerId set to 34 with epoch 0
2025-07-31 02:22:53,721 INFO  [org.apa.kaf.cli.pro.ProducerConfig] (main) These configurations '[apicurio.registry.url, apicurio.registry.artifact-resolver-strategy]' were supplied but are not used yet.
2025-07-31 02:22:53,721 INFO  [org.apa.kaf.com.uti.AppInfoParser] (main) Kafka version: 3.9.0
2025-07-31 02:22:53,721 INFO  [org.apa.kaf.com.uti.AppInfoParser] (main) Kafka commitId: 84caaa6e9da06435
2025-07-31 02:22:53,721 INFO  [org.apa.kaf.com.uti.AppInfoParser] (main) Kafka startTimeMs: 1753928573721
2025-07-31 02:22:53,721 INFO  [org.apa.kaf.cli.con.ConsumerConfig] (main) ConsumerConfig values: 
	allow.auto.create.topics = true
	auto.commit.interval.ms = 500
	auto.include.jmx.reporter = true
	auto.offset.reset = earliest
	bootstrap.servers = [PLAINTEXT://localhost:32770]
	check.crcs = true
	client.dns.lookup = use_all_dns_ips
	client.id = consumer-Consumer-topic-218f454d_699e_4776_88a7_f3787e2c096e-26
	client.rack = 
	connections.max.idle.ms = 10000
	default.api.timeout.ms = 60000
	enable.auto.commit = true
	enable.metrics.push = true
	exclude.internal.topics = true
	fetch.max.bytes = 52428800
	fetch.max.wait.ms = 500
	fetch.min.bytes = 1
	group.id = Consumer-topic-218f454d_699e_4776_88a7_f3787e2c096e
	group.instance.id = null
	group.protocol = classic
	group.remote.assignor = null
	heartbeat.interval.ms = 3000
	interceptor.classes = []
	internal.leave.group.on.close = true
	internal.throw.on.fetch.stable.offset.unsupported = false
	isolation.level = read_uncommitted
	key.deserializer = class org.apache.kafka.common.serialization.StringDeserializer
	max.partition.fetch.bytes = 1048576
	max.poll.interval.ms = 300000
	max.poll.records = 500
	metadata.max.age.ms = 300000
	metadata.recovery.strategy = none
	metric.reporters = []
	metrics.num.samples = 2
	metrics.recording.level = INFO
	metrics.sample.window.ms = 30000
	partition.assignment.strategy = [class org.apache.kafka.clients.consumer.RangeAssignor, class org.apache.kafka.clients.consumer.CooperativeStickyAssignor]
	receive.buffer.bytes = 65536
	reconnect.backoff.max.ms = 1000
	reconnect.backoff.ms = 50
	request.timeout.ms = 5000
	retry.backoff.max.ms = 1000
	retry.backoff.ms = 100
	sasl.client.callback.handler.class = null
	sasl.jaas.config = null
	sasl.kerberos.kinit.cmd = /usr/bin/kinit
	sasl.kerberos.min.time.before.relogin = 60000
	sasl.kerberos.service.name = null
	sasl.kerberos.ticket.renew.jitter = 0.05
	sasl.kerberos.ticket.renew.window.factor = 0.8
	sasl.login.callback.handler.class = null
	sasl.login.class = null
	sasl.login.connect.timeout.ms = null
	sasl.login.read.timeout.ms = null
	sasl.login.refresh.buffer.seconds = 300
	sasl.login.refresh.min.period.seconds = 60
	sasl.login.refresh.window.factor = 0.8
	sasl.login.refresh.window.jitter = 0.05
	sasl.login.retry.backoff.max.ms = 10000
	sasl.login.retry.backoff.ms = 100
	sasl.mechanism = GSSAPI
	sasl.oauthbearer.clock.skew.seconds = 30
	sasl.oauthbearer.expected.audience = null
	sasl.oauthbearer.expected.issuer = null
	sasl.oauthbearer.header.urlencode = false
	sasl.oauthbearer.jwks.endpoint.refresh.ms = 3600000
	sasl.oauthbearer.jwks.endpoint.retry.backoff.max.ms = 10000
	sasl.oauthbearer.jwks.endpoint.retry.backoff.ms = 100
	sasl.oauthbearer.jwks.endpoint.url = null
	sasl.oauthbearer.scope.claim.name = scope
	sasl.oauthbearer.sub.claim.name = sub
	sasl.oauthbearer.token.endpoint.url = null
	security.protocol = PLAINTEXT
	security.providers = null
	send.buffer.bytes = 131072
	session.timeout.ms = 45000
	socket.connection.setup.timeout.max.ms = 30000
	socket.connection.setup.timeout.ms = 10000
	ssl.cipher.suites = null
	ssl.enabled.protocols = [TLSv1.2, TLSv1.3]
	ssl.endpoint.identification.algorithm = https
	ssl.engine.factory.class = null
	ssl.key.password = null
	ssl.keymanager.algorithm = SunX509
	ssl.keystore.certificate.chain = null
	ssl.keystore.key = null
	ssl.keystore.location = null
	ssl.keystore.password = null
	ssl.keystore.type = JKS
	ssl.protocol = TLSv1.3
	ssl.provider = null
	ssl.secure.random.implementation = null
	ssl.trustmanager.algorithm = PKIX
	ssl.truststore.certificates = null
	ssl.truststore.location = null
	ssl.truststore.password = null
	ssl.truststore.type = JKS
	value.deserializer = class io.apicurio.registry.serde.avro.AvroKafkaDeserializer

2025-07-31 02:22:53,722 INFO  [org.apa.kaf.com.tel.int.KafkaMetricsCollector] (main) initializing Kafka metrics collector
2025-07-31 02:22:53,729 INFO  [org.apa.kaf.cli.Metadata] (kafka-producer-network-thread | Producer-topic-ab9a0082_a637_4d5c_9bb8_db051ad469f9) [Producer clientId=Producer-topic-ab9a0082_a637_4d5c_9bb8_db051ad469f9] Cluster ID: d3IyjYRDQrmXThhQeh46ug
2025-07-31 02:22:53,731 INFO  [org.apa.kaf.cli.pro.int.TransactionManager] (kafka-producer-network-thread | Producer-topic-ab9a0082_a637_4d5c_9bb8_db051ad469f9) [Producer clientId=Producer-topic-ab9a0082_a637_4d5c_9bb8_db051ad469f9] ProducerId set to 35 with epoch 0
2025-07-31 02:22:53,737 INFO  [org.apa.kaf.cli.con.ConsumerConfig] (main) These configurations '[apicurio.registry.url]' were supplied but are not used yet.
2025-07-31 02:22:53,737 INFO  [org.apa.kaf.com.uti.AppInfoParser] (main) Kafka version: 3.9.0
2025-07-31 02:22:53,737 INFO  [org.apa.kaf.com.uti.AppInfoParser] (main) Kafka commitId: 84caaa6e9da06435
2025-07-31 02:22:53,737 INFO  [org.apa.kaf.com.uti.AppInfoParser] (main) Kafka startTimeMs: 1753928573737
2025-07-31 02:22:53,738 INFO  [org.apa.kaf.cli.con.ConsumerConfig] (main) ConsumerConfig values: 
	allow.auto.create.topics = true
	auto.commit.interval.ms = 500
	auto.include.jmx.reporter = true
	auto.offset.reset = earliest
	bootstrap.servers = [PLAINTEXT://localhost:32770]
	check.crcs = true
	client.dns.lookup = use_all_dns_ips
	client.id = consumer-Consumer-topic-37840bb4_3664_46d6_8b2b_81dcd8e1f038-27
	client.rack = 
	connections.max.idle.ms = 10000
	default.api.timeout.ms = 60000
	enable.auto.commit = true
	enable.metrics.push = true
	exclude.internal.topics = true
	fetch.max.bytes = 52428800
	fetch.max.wait.ms = 500
	fetch.min.bytes = 1
	group.id = Consumer-topic-37840bb4_3664_46d6_8b2b_81dcd8e1f038
	group.instance.id = null
	group.protocol = classic
	group.remote.assignor = null
	heartbeat.interval.ms = 3000
	interceptor.classes = []
	internal.leave.group.on.close = true
	internal.throw.on.fetch.stable.offset.unsupported = false
	isolation.level = read_uncommitted
	key.deserializer = class org.apache.kafka.common.serialization.StringDeserializer
	max.partition.fetch.bytes = 1048576
	max.poll.interval.ms = 300000
	max.poll.records = 500
	metadata.max.age.ms = 300000
	metadata.recovery.strategy = none
	metric.reporters = []
	metrics.num.samples = 2
	metrics.recording.level = INFO
	metrics.sample.window.ms = 30000
	partition.assignment.strategy = [class org.apache.kafka.clients.consumer.RangeAssignor, class org.apache.kafka.clients.consumer.CooperativeStickyAssignor]
	receive.buffer.bytes = 65536
	reconnect.backoff.max.ms = 1000
	reconnect.backoff.ms = 50
	request.timeout.ms = 5000
	retry.backoff.max.ms = 1000
	retry.backoff.ms = 100
	sasl.client.callback.handler.class = null
	sasl.jaas.config = null
	sasl.kerberos.kinit.cmd = /usr/bin/kinit
	sasl.kerberos.min.time.before.relogin = 60000
	sasl.kerberos.service.name = null
	sasl.kerberos.ticket.renew.jitter = 0.05
	sasl.kerberos.ticket.renew.window.factor = 0.8
	sasl.login.callback.handler.class = null
	sasl.login.class = null
	sasl.login.connect.timeout.ms = null
	sasl.login.read.timeout.ms = null
	sasl.login.refresh.buffer.seconds = 300
	sasl.login.refresh.min.period.seconds = 60
	sasl.login.refresh.window.factor = 0.8
	sasl.login.refresh.window.jitter = 0.05
	sasl.login.retry.backoff.max.ms = 10000
	sasl.login.retry.backoff.ms = 100
	sasl.mechanism = GSSAPI
	sasl.oauthbearer.clock.skew.seconds = 30
	sasl.oauthbearer.expected.audience = null
	sasl.oauthbearer.expected.issuer = null
	sasl.oauthbearer.header.urlencode = false
	sasl.oauthbearer.jwks.endpoint.refresh.ms = 3600000
	sasl.oauthbearer.jwks.endpoint.retry.backoff.max.ms = 10000
	sasl.oauthbearer.jwks.endpoint.retry.backoff.ms = 100
	sasl.oauthbearer.jwks.endpoint.url = null
	sasl.oauthbearer.scope.claim.name = scope
	sasl.oauthbearer.sub.claim.name = sub
	sasl.oauthbearer.token.endpoint.url = null
	security.protocol = PLAINTEXT
	security.providers = null
	send.buffer.bytes = 131072
	session.timeout.ms = 45000
	socket.connection.setup.timeout.max.ms = 30000
	socket.connection.setup.timeout.ms = 10000
	ssl.cipher.suites = null
	ssl.enabled.protocols = [TLSv1.2, TLSv1.3]
	ssl.endpoint.identification.algorithm = https
	ssl.engine.factory.class = null
	ssl.key.password = null
	ssl.keymanager.algorithm = SunX509
	ssl.keystore.certificate.chain = null
	ssl.keystore.key = null
	ssl.keystore.location = null
	ssl.keystore.password = null
	ssl.keystore.type = JKS
	ssl.protocol = TLSv1.3
	ssl.provider = null
	ssl.secure.random.implementation = null
	ssl.trustmanager.algorithm = PKIX
	ssl.truststore.certificates = null
	ssl.truststore.location = null
	ssl.truststore.password = null
	ssl.truststore.type = JKS
	value.deserializer = class io.apicurio.registry.serde.avro.AvroKafkaDeserializer

2025-07-31 02:22:53,738 INFO  [org.apa.kaf.com.tel.int.KafkaMetricsCollector] (main) initializing Kafka metrics collector
2025-07-31 02:22:53,744 INFO  [org.apa.kaf.cli.con.ConsumerConfig] (main) These configurations '[apicurio.registry.url]' were supplied but are not used yet.
2025-07-31 02:22:53,745 INFO  [org.apa.kaf.com.uti.AppInfoParser] (main) Kafka version: 3.9.0
2025-07-31 02:22:53,745 INFO  [org.apa.kaf.com.uti.AppInfoParser] (main) Kafka commitId: 84caaa6e9da06435
2025-07-31 02:22:53,745 INFO  [org.apa.kaf.com.uti.AppInfoParser] (main) Kafka startTimeMs: 1753928573744
2025-07-31 02:22:53,745 INFO  [org.apa.kaf.cli.con.ConsumerConfig] (main) ConsumerConfig values: 
	allow.auto.create.topics = true
	auto.commit.interval.ms = 500
	auto.include.jmx.reporter = true
	auto.offset.reset = earliest
	bootstrap.servers = [PLAINTEXT://localhost:32770]
	check.crcs = true
	client.dns.lookup = use_all_dns_ips
	client.id = consumer-Consumer-topic-ab9a0082_a637_4d5c_9bb8_db051ad469f9-28
	client.rack = 
	connections.max.idle.ms = 10000
	default.api.timeout.ms = 60000
	enable.auto.commit = true
	enable.metrics.push = true
	exclude.internal.topics = true
	fetch.max.bytes = 52428800
	fetch.max.wait.ms = 500
	fetch.min.bytes = 1
	group.id = Consumer-topic-ab9a0082_a637_4d5c_9bb8_db051ad469f9
	group.instance.id = null
	group.protocol = classic
	group.remote.assignor = null
	heartbeat.interval.ms = 3000
	interceptor.classes = []
	internal.leave.group.on.close = true
	internal.throw.on.fetch.stable.offset.unsupported = false
	isolation.level = read_uncommitted
	key.deserializer = class org.apache.kafka.common.serialization.StringDeserializer
	max.partition.fetch.bytes = 1048576
	max.poll.interval.ms = 300000
	max.poll.records = 500
	metadata.max.age.ms = 300000
	metadata.recovery.strategy = none
	metric.reporters = []
	metrics.num.samples = 2
	metrics.recording.level = INFO
	metrics.sample.window.ms = 30000
	partition.assignment.strategy = [class org.apache.kafka.clients.consumer.RangeAssignor, class org.apache.kafka.clients.consumer.CooperativeStickyAssignor]
	receive.buffer.bytes = 65536
	reconnect.backoff.max.ms = 1000
	reconnect.backoff.ms = 50
	request.timeout.ms = 5000
	retry.backoff.max.ms = 1000
	retry.backoff.ms = 100
	sasl.client.callback.handler.class = null
	sasl.jaas.config = null
	sasl.kerberos.kinit.cmd = /usr/bin/kinit
	sasl.kerberos.min.time.before.relogin = 60000
	sasl.kerberos.service.name = null
	sasl.kerberos.ticket.renew.jitter = 0.05
	sasl.kerberos.ticket.renew.window.factor = 0.8
	sasl.login.callback.handler.class = null
	sasl.login.class = null
	sasl.login.connect.timeout.ms = null
	sasl.login.read.timeout.ms = null
	sasl.login.refresh.buffer.seconds = 300
	sasl.login.refresh.min.period.seconds = 60
	sasl.login.refresh.window.factor = 0.8
	sasl.login.refresh.window.jitter = 0.05
	sasl.login.retry.backoff.max.ms = 10000
	sasl.login.retry.backoff.ms = 100
	sasl.mechanism = GSSAPI
	sasl.oauthbearer.clock.skew.seconds = 30
	sasl.oauthbearer.expected.audience = null
	sasl.oauthbearer.expected.issuer = null
	sasl.oauthbearer.header.urlencode = false
	sasl.oauthbearer.jwks.endpoint.refresh.ms = 3600000
	sasl.oauthbearer.jwks.endpoint.retry.backoff.max.ms = 10000
	sasl.oauthbearer.jwks.endpoint.retry.backoff.ms = 100
	sasl.oauthbearer.jwks.endpoint.url = null
	sasl.oauthbearer.scope.claim.name = scope
	sasl.oauthbearer.sub.claim.name = sub
	sasl.oauthbearer.token.endpoint.url = null
	security.protocol = PLAINTEXT
	security.providers = null
	send.buffer.bytes = 131072
	session.timeout.ms = 45000
	socket.connection.setup.timeout.max.ms = 30000
	socket.connection.setup.timeout.ms = 10000
	ssl.cipher.suites = null
	ssl.enabled.protocols = [TLSv1.2, TLSv1.3]
	ssl.endpoint.identification.algorithm = https
	ssl.engine.factory.class = null
	ssl.key.password = null
	ssl.keymanager.algorithm = SunX509
	ssl.keystore.certificate.chain = null
	ssl.keystore.key = null
	ssl.keystore.location = null
	ssl.keystore.password = null
	ssl.keystore.type = JKS
	ssl.protocol = TLSv1.3
	ssl.provider = null
	ssl.secure.random.implementation = null
	ssl.trustmanager.algorithm = PKIX
	ssl.truststore.certificates = null
	ssl.truststore.location = null
	ssl.truststore.password = null
	ssl.truststore.type = JKS
	value.deserializer = class io.apicurio.registry.serde.avro.AvroKafkaDeserializer

2025-07-31 02:22:53,745 INFO  [org.apa.kaf.com.tel.int.KafkaMetricsCollector] (main) initializing Kafka metrics collector
2025-07-31 02:22:53,749 INFO  [org.apa.kaf.cli.con.ConsumerConfig] (main) These configurations '[apicurio.registry.url]' were supplied but are not used yet.
2025-07-31 02:22:53,749 INFO  [org.apa.kaf.com.uti.AppInfoParser] (main) Kafka version: 3.9.0
2025-07-31 02:22:53,749 INFO  [org.apa.kaf.com.uti.AppInfoParser] (main) Kafka commitId: 84caaa6e9da06435
2025-07-31 02:22:53,749 INFO  [org.apa.kaf.com.uti.AppInfoParser] (main) Kafka startTimeMs: 1753928573749
2025-07-31 02:22:53,750 INFO  [io.api.tes.ser.api.KafkaSerdesTester] (Thread-325) Sending message {"key1": "value-0"} to topic topic-218f454d_699e_4776_88a7_f3787e2c096e
2025-07-31 02:22:53,752 INFO  [DefaultSchemaResolver] (Thread-325) Retrieving schema content using string: {"type":"record","name":"myrecordconfluent6","fields":[{"name":"key1","type":"string"}]}
2025-07-31 02:22:53,771 INFO  [io.api.tes.ser.api.KafkaSerdesTester] (Thread-325) Sending message {"key1": "value-1"} to topic topic-218f454d_699e_4776_88a7_f3787e2c096e
2025-07-31 02:22:53,773 INFO  [io.api.tes.ser.api.KafkaSerdesTester] (Thread-325) Sending message {"key1": "value-2"} to topic topic-218f454d_699e_4776_88a7_f3787e2c096e
2025-07-31 02:22:53,774 INFO  [io.api.tes.ser.api.KafkaSerdesTester] (Thread-325) Sending message {"key1": "value-3"} to topic topic-218f454d_699e_4776_88a7_f3787e2c096e
2025-07-31 02:22:53,776 INFO  [io.api.tes.ser.api.KafkaSerdesTester] (Thread-325) Sending message {"key1": "value-4"} to topic topic-218f454d_699e_4776_88a7_f3787e2c096e
2025-07-31 02:22:53,781 INFO  [io.api.tes.ser.api.KafkaSerdesTester] (Thread-325) Sending message {"key1": "value-5"} to topic topic-218f454d_699e_4776_88a7_f3787e2c096e
2025-07-31 02:22:53,784 INFO  [io.api.tes.ser.api.KafkaSerdesTester] (Thread-325) Sending message {"key1": "value-6"} to topic topic-218f454d_699e_4776_88a7_f3787e2c096e
2025-07-31 02:22:53,787 INFO  [io.api.tes.ser.api.KafkaSerdesTester] (Thread-325) Sending message {"key1": "value-7"} to topic topic-218f454d_699e_4776_88a7_f3787e2c096e
2025-07-31 02:22:53,789 INFO  [io.api.tes.ser.api.KafkaSerdesTester] (Thread-325) Sending message {"key1": "value-8"} to topic topic-218f454d_699e_4776_88a7_f3787e2c096e
2025-07-31 02:22:53,790 INFO  [io.api.tes.ser.api.KafkaSerdesTester] (Thread-325) Sending message {"key1": "value-9"} to topic topic-218f454d_699e_4776_88a7_f3787e2c096e
2025-07-31 02:22:53,791 INFO  [io.api.tes.ser.api.KafkaSerdesTester] (Thread-325) Produced 10 messages
2025-07-31 02:22:53,792 INFO  [org.apa.kaf.cli.pro.KafkaProducer] (Thread-325) [Producer clientId=Producer-topic-218f454d_699e_4776_88a7_f3787e2c096e] Closing the Kafka producer with timeoutMillis = 9223372036854775807 ms.
2025-07-31 02:22:53,795 INFO  [org.apa.kaf.com.met.Metrics] (Thread-325) Metrics scheduler closed
2025-07-31 02:22:53,795 INFO  [org.apa.kaf.com.met.Metrics] (Thread-325) Closing reporter org.apache.kafka.common.metrics.JmxReporter
2025-07-31 02:22:53,795 INFO  [org.apa.kaf.com.met.Metrics] (Thread-325) Closing reporter org.apache.kafka.common.telemetry.internals.ClientTelemetryReporter
2025-07-31 02:22:53,795 INFO  [org.apa.kaf.com.met.Metrics] (Thread-325) Metrics reporters closed
2025-07-31 02:22:53,795 INFO  [org.apa.kaf.com.uti.AppInfoParser] (Thread-325) App info kafka.producer for Producer-topic-218f454d_699e_4776_88a7_f3787e2c096e unregistered
2025-07-31 02:22:53,799 INFO  [io.api.tes.ser.api.KafkaSerdesTester] (Thread-326) Sending message {"key1": "value-0"} to topic topic-37840bb4_3664_46d6_8b2b_81dcd8e1f038
2025-07-31 02:22:53,806 INFO  [DefaultSchemaResolver] (Thread-326) Retrieving schema content using string: {"type":"record","name":"myrecordconfluent6","fields":[{"name":"key1","type":"string"}]}
2025-07-31 02:22:53,828 INFO  [io.api.tes.ser.api.KafkaSerdesTester] (Thread-326) Sending message {"key1": "value-1"} to topic topic-37840bb4_3664_46d6_8b2b_81dcd8e1f038
2025-07-31 02:22:53,830 INFO  [io.api.tes.ser.api.KafkaSerdesTester] (Thread-326) Sending message {"key1": "value-2"} to topic topic-37840bb4_3664_46d6_8b2b_81dcd8e1f038
2025-07-31 02:22:53,832 INFO  [io.api.tes.ser.api.KafkaSerdesTester] (Thread-326) Sending message {"key1": "value-3"} to topic topic-37840bb4_3664_46d6_8b2b_81dcd8e1f038
2025-07-31 02:22:53,834 INFO  [io.api.tes.ser.api.KafkaSerdesTester] (Thread-326) Sending message {"key1": "value-4"} to topic topic-37840bb4_3664_46d6_8b2b_81dcd8e1f038
2025-07-31 02:22:53,835 INFO  [io.api.tes.ser.api.KafkaSerdesTester] (Thread-326) Sending message {"key1": "value-5"} to topic topic-37840bb4_3664_46d6_8b2b_81dcd8e1f038
2025-07-31 02:22:53,837 INFO  [io.api.tes.ser.api.KafkaSerdesTester] (Thread-326) Sending message {"key1": "value-6"} to topic topic-37840bb4_3664_46d6_8b2b_81dcd8e1f038
2025-07-31 02:22:53,838 INFO  [io.api.tes.ser.api.KafkaSerdesTester] (Thread-326) Sending message {"key1": "value-7"} to topic topic-37840bb4_3664_46d6_8b2b_81dcd8e1f038
2025-07-31 02:22:53,841 INFO  [io.api.tes.ser.api.KafkaSerdesTester] (Thread-326) Sending message {"key1": "value-8"} to topic topic-37840bb4_3664_46d6_8b2b_81dcd8e1f038
2025-07-31 02:22:53,842 INFO  [io.api.tes.ser.api.KafkaSerdesTester] (Thread-326) Sending message {"key1": "value-9"} to topic topic-37840bb4_3664_46d6_8b2b_81dcd8e1f038
2025-07-31 02:22:53,843 INFO  [io.api.tes.ser.api.KafkaSerdesTester] (Thread-326) Produced 10 messages
2025-07-31 02:22:53,844 INFO  [org.apa.kaf.cli.pro.KafkaProducer] (Thread-326) [Producer clientId=Producer-topic-37840bb4_3664_46d6_8b2b_81dcd8e1f038] Closing the Kafka producer with timeoutMillis = 9223372036854775807 ms.
2025-07-31 02:22:53,846 INFO  [org.apa.kaf.com.met.Metrics] (Thread-326) Metrics scheduler closed
2025-07-31 02:22:53,846 INFO  [org.apa.kaf.com.met.Metrics] (Thread-326) Closing reporter org.apache.kafka.common.metrics.JmxReporter
2025-07-31 02:22:53,846 INFO  [org.apa.kaf.com.met.Metrics] (Thread-326) Closing reporter org.apache.kafka.common.telemetry.internals.ClientTelemetryReporter
2025-07-31 02:22:53,846 INFO  [org.apa.kaf.com.met.Metrics] (Thread-326) Metrics reporters closed
2025-07-31 02:22:53,847 INFO  [org.apa.kaf.com.uti.AppInfoParser] (Thread-326) App info kafka.producer for Producer-topic-37840bb4_3664_46d6_8b2b_81dcd8e1f038 unregistered
2025-07-31 02:22:53,849 INFO  [io.api.tes.ser.api.KafkaSerdesTester] (Thread-327) Sending message {"key1": "value-0"} to topic topic-ab9a0082_a637_4d5c_9bb8_db051ad469f9
2025-07-31 02:22:53,854 INFO  [DefaultSchemaResolver] (Thread-327) Retrieving schema content using string: {"type":"record","name":"myrecordconfluent6","fields":[{"name":"key1","type":"string"}]}
2025-07-31 02:22:53,872 INFO  [io.api.tes.ser.api.KafkaSerdesTester] (Thread-327) Sending message {"key1": "value-1"} to topic topic-ab9a0082_a637_4d5c_9bb8_db051ad469f9
2025-07-31 02:22:53,873 INFO  [io.api.tes.ser.api.KafkaSerdesTester] (Thread-327) Sending message {"key1": "value-2"} to topic topic-ab9a0082_a637_4d5c_9bb8_db051ad469f9
2025-07-31 02:22:53,874 INFO  [io.api.tes.ser.api.KafkaSerdesTester] (Thread-327) Sending message {"key1": "value-3"} to topic topic-ab9a0082_a637_4d5c_9bb8_db051ad469f9
2025-07-31 02:22:53,876 INFO  [io.api.tes.ser.api.KafkaSerdesTester] (Thread-327) Sending message {"key1": "value-4"} to topic topic-ab9a0082_a637_4d5c_9bb8_db051ad469f9
2025-07-31 02:22:53,878 INFO  [io.api.tes.ser.api.KafkaSerdesTester] (Thread-327) Sending message {"key1": "value-5"} to topic topic-ab9a0082_a637_4d5c_9bb8_db051ad469f9
2025-07-31 02:22:53,879 INFO  [io.api.tes.ser.api.KafkaSerdesTester] (Thread-327) Sending message {"key1": "value-6"} to topic topic-ab9a0082_a637_4d5c_9bb8_db051ad469f9
2025-07-31 02:22:53,881 INFO  [io.api.tes.ser.api.KafkaSerdesTester] (Thread-327) Sending message {"key1": "value-7"} to topic topic-ab9a0082_a637_4d5c_9bb8_db051ad469f9
2025-07-31 02:22:53,892 INFO  [io.api.tes.ser.api.KafkaSerdesTester] (Thread-327) Sending message {"key1": "value-8"} to topic topic-ab9a0082_a637_4d5c_9bb8_db051ad469f9
2025-07-31 02:22:53,894 INFO  [io.api.tes.ser.api.KafkaSerdesTester] (Thread-327) Sending message {"key1": "value-9"} to topic topic-ab9a0082_a637_4d5c_9bb8_db051ad469f9
2025-07-31 02:22:53,896 INFO  [io.api.tes.ser.api.KafkaSerdesTester] (Thread-327) Produced 10 messages
2025-07-31 02:22:53,897 INFO  [org.apa.kaf.cli.pro.KafkaProducer] (Thread-327) [Producer clientId=Producer-topic-ab9a0082_a637_4d5c_9bb8_db051ad469f9] Closing the Kafka producer with timeoutMillis = 9223372036854775807 ms.
2025-07-31 02:22:53,901 INFO  [org.apa.kaf.com.met.Metrics] (Thread-327) Metrics scheduler closed
2025-07-31 02:22:53,901 INFO  [org.apa.kaf.com.met.Metrics] (Thread-327) Closing reporter org.apache.kafka.common.metrics.JmxReporter
2025-07-31 02:22:53,901 INFO  [org.apa.kaf.com.met.Metrics] (Thread-327) Closing reporter org.apache.kafka.common.telemetry.internals.ClientTelemetryReporter
2025-07-31 02:22:53,901 INFO  [org.apa.kaf.com.met.Metrics] (Thread-327) Metrics reporters closed
2025-07-31 02:22:53,901 INFO  [org.apa.kaf.com.uti.AppInfoParser] (Thread-327) App info kafka.producer for Producer-topic-ab9a0082_a637_4d5c_9bb8_db051ad469f9 unregistered
2025-07-31 02:22:53,905 INFO  [org.apa.kaf.cli.con.int.ClassicKafkaConsumer] (Thread-328) [Consumer clientId=consumer-Consumer-topic-218f454d_699e_4776_88a7_f3787e2c096e-26, groupId=Consumer-topic-218f454d_699e_4776_88a7_f3787e2c096e] Subscribed to topic(s): topic-218f454d_699e_4776_88a7_f3787e2c096e
2025-07-31 02:22:53,914 INFO  [org.apa.kaf.cli.Metadata] (Thread-328) [Consumer clientId=consumer-Consumer-topic-218f454d_699e_4776_88a7_f3787e2c096e-26, groupId=Consumer-topic-218f454d_699e_4776_88a7_f3787e2c096e] Cluster ID: d3IyjYRDQrmXThhQeh46ug
2025-07-31 02:22:53,920 INFO  [org.apa.kaf.cli.con.int.ConsumerCoordinator] (Thread-328) [Consumer clientId=consumer-Consumer-topic-218f454d_699e_4776_88a7_f3787e2c096e-26, groupId=Consumer-topic-218f454d_699e_4776_88a7_f3787e2c096e] Discovered group coordinator localhost:32770 (id: 2147483647 rack: null)
2025-07-31 02:22:53,922 INFO  [org.apa.kaf.cli.con.int.ConsumerCoordinator] (Thread-328) [Consumer clientId=consumer-Consumer-topic-218f454d_699e_4776_88a7_f3787e2c096e-26, groupId=Consumer-topic-218f454d_699e_4776_88a7_f3787e2c096e] (Re-)joining group
2025-07-31 02:22:53,928 INFO  [org.apa.kaf.cli.con.int.ConsumerCoordinator] (Thread-328) [Consumer clientId=consumer-Consumer-topic-218f454d_699e_4776_88a7_f3787e2c096e-26, groupId=Consumer-topic-218f454d_699e_4776_88a7_f3787e2c096e] Request joining group due to: need to re-join with the given member-id: consumer-Consumer-topic-218f454d_699e_4776_88a7_f3787e2c096e-26-4cc8e278-bd89-4ce1-9a5b-e2577c36028d
2025-07-31 02:22:53,928 INFO  [org.apa.kaf.cli.con.int.ConsumerCoordinator] (Thread-328) [Consumer clientId=consumer-Consumer-topic-218f454d_699e_4776_88a7_f3787e2c096e-26, groupId=Consumer-topic-218f454d_699e_4776_88a7_f3787e2c096e] (Re-)joining group
2025-07-31 02:22:53,933 INFO  [org.apa.kaf.cli.con.int.ConsumerCoordinator] (Thread-328) [Consumer clientId=consumer-Consumer-topic-218f454d_699e_4776_88a7_f3787e2c096e-26, groupId=Consumer-topic-218f454d_699e_4776_88a7_f3787e2c096e] Successfully joined group with generation Generation{generationId=1, memberId='consumer-Consumer-topic-218f454d_699e_4776_88a7_f3787e2c096e-26-4cc8e278-bd89-4ce1-9a5b-e2577c36028d', protocol='range'}
2025-07-31 02:22:53,934 INFO  [org.apa.kaf.cli.con.int.ConsumerCoordinator] (Thread-328) [Consumer clientId=consumer-Consumer-topic-218f454d_699e_4776_88a7_f3787e2c096e-26, groupId=Consumer-topic-218f454d_699e_4776_88a7_f3787e2c096e] Finished assignment for group at generation 1: {consumer-Consumer-topic-218f454d_699e_4776_88a7_f3787e2c096e-26-4cc8e278-bd89-4ce1-9a5b-e2577c36028d=Assignment(partitions=[topic-218f454d_699e_4776_88a7_f3787e2c096e-0])}
2025-07-31 02:22:53,936 INFO  [org.apa.kaf.cli.con.int.ConsumerCoordinator] (Thread-328) [Consumer clientId=consumer-Consumer-topic-218f454d_699e_4776_88a7_f3787e2c096e-26, groupId=Consumer-topic-218f454d_699e_4776_88a7_f3787e2c096e] Successfully synced group in generation Generation{generationId=1, memberId='consumer-Consumer-topic-218f454d_699e_4776_88a7_f3787e2c096e-26-4cc8e278-bd89-4ce1-9a5b-e2577c36028d', protocol='range'}
2025-07-31 02:22:53,937 INFO  [org.apa.kaf.cli.con.int.ConsumerCoordinator] (Thread-328) [Consumer clientId=consumer-Consumer-topic-218f454d_699e_4776_88a7_f3787e2c096e-26, groupId=Consumer-topic-218f454d_699e_4776_88a7_f3787e2c096e] Notifying assignor about the new Assignment(partitions=[topic-218f454d_699e_4776_88a7_f3787e2c096e-0])
2025-07-31 02:22:53,937 INFO  [org.apa.kaf.cli.con.int.ConsumerRebalanceListenerInvoker] (Thread-328) [Consumer clientId=consumer-Consumer-topic-218f454d_699e_4776_88a7_f3787e2c096e-26, groupId=Consumer-topic-218f454d_699e_4776_88a7_f3787e2c096e] Adding newly assigned partitions: topic-218f454d_699e_4776_88a7_f3787e2c096e-0
2025-07-31 02:22:53,938 INFO  [org.apa.kaf.cli.con.int.ConsumerCoordinator] (Thread-328) [Consumer clientId=consumer-Consumer-topic-218f454d_699e_4776_88a7_f3787e2c096e-26, groupId=Consumer-topic-218f454d_699e_4776_88a7_f3787e2c096e] Found no committed offset for partition topic-218f454d_699e_4776_88a7_f3787e2c096e-0
2025-07-31 02:22:53,940 INFO  [org.apa.kaf.cli.con.int.SubscriptionState] (Thread-328) [Consumer clientId=consumer-Consumer-topic-218f454d_699e_4776_88a7_f3787e2c096e-26, groupId=Consumer-topic-218f454d_699e_4776_88a7_f3787e2c096e] Resetting offset for partition topic-218f454d_699e_4776_88a7_f3787e2c096e-0 to position FetchPosition{offset=0, offsetEpoch=Optional.empty, currentLeader=LeaderAndEpoch{leader=Optional[localhost:32770 (id: 0 rack: null)], epoch=0}}.
2025-07-31 02:22:53,981 INFO  [io.api.tes.ser.api.KafkaSerdesTester] (Thread-328) topic-218f454d_699e_4776_88a7_f3787e2c096e 0 0 {"key1": "value-0"}
2025-07-31 02:22:53,981 INFO  [io.api.tes.ser.api.KafkaSerdesTester] (Thread-328) topic-218f454d_699e_4776_88a7_f3787e2c096e 0 1 {"key1": "value-1"}
2025-07-31 02:22:53,981 INFO  [io.api.tes.ser.api.KafkaSerdesTester] (Thread-328) topic-218f454d_699e_4776_88a7_f3787e2c096e 0 2 {"key1": "value-2"}
2025-07-31 02:22:53,981 INFO  [io.api.tes.ser.api.KafkaSerdesTester] (Thread-328) topic-218f454d_699e_4776_88a7_f3787e2c096e 0 3 {"key1": "value-3"}
2025-07-31 02:22:53,982 INFO  [io.api.tes.ser.api.KafkaSerdesTester] (Thread-328) topic-218f454d_699e_4776_88a7_f3787e2c096e 0 4 {"key1": "value-4"}
2025-07-31 02:22:53,982 INFO  [io.api.tes.ser.api.KafkaSerdesTester] (Thread-328) topic-218f454d_699e_4776_88a7_f3787e2c096e 0 5 {"key1": "value-5"}
2025-07-31 02:22:53,982 INFO  [io.api.tes.ser.api.KafkaSerdesTester] (Thread-328) topic-218f454d_699e_4776_88a7_f3787e2c096e 0 6 {"key1": "value-6"}
2025-07-31 02:22:53,982 INFO  [io.api.tes.ser.api.KafkaSerdesTester] (Thread-328) topic-218f454d_699e_4776_88a7_f3787e2c096e 0 7 {"key1": "value-7"}
2025-07-31 02:22:53,982 INFO  [io.api.tes.ser.api.KafkaSerdesTester] (Thread-328) topic-218f454d_699e_4776_88a7_f3787e2c096e 0 8 {"key1": "value-8"}
2025-07-31 02:22:53,982 INFO  [io.api.tes.ser.api.KafkaSerdesTester] (Thread-328) topic-218f454d_699e_4776_88a7_f3787e2c096e 0 9 {"key1": "value-9"}
2025-07-31 02:22:53,982 INFO  [io.api.tes.ser.api.KafkaSerdesTester] (Thread-328) Consumed 10 messages
2025-07-31 02:22:53,989 INFO  [org.apa.kaf.cli.con.int.ConsumerRebalanceListenerInvoker] (Thread-328) [Consumer clientId=consumer-Consumer-topic-218f454d_699e_4776_88a7_f3787e2c096e-26, groupId=Consumer-topic-218f454d_699e_4776_88a7_f3787e2c096e] Revoke previously assigned partitions topic-218f454d_699e_4776_88a7_f3787e2c096e-0
2025-07-31 02:22:53,989 INFO  [org.apa.kaf.cli.con.int.ConsumerCoordinator] (Thread-328) [Consumer clientId=consumer-Consumer-topic-218f454d_699e_4776_88a7_f3787e2c096e-26, groupId=Consumer-topic-218f454d_699e_4776_88a7_f3787e2c096e] Member consumer-Consumer-topic-218f454d_699e_4776_88a7_f3787e2c096e-26-4cc8e278-bd89-4ce1-9a5b-e2577c36028d sending LeaveGroup request to coordinator localhost:32770 (id: 2147483647 rack: null) due to the consumer is being closed
2025-07-31 02:22:53,990 INFO  [org.apa.kaf.cli.con.int.ConsumerCoordinator] (Thread-328) [Consumer clientId=consumer-Consumer-topic-218f454d_699e_4776_88a7_f3787e2c096e-26, groupId=Consumer-topic-218f454d_699e_4776_88a7_f3787e2c096e] Resetting generation and member id due to: consumer pro-actively leaving the group
2025-07-31 02:22:53,990 INFO  [org.apa.kaf.cli.con.int.ConsumerCoordinator] (Thread-328) [Consumer clientId=consumer-Consumer-topic-218f454d_699e_4776_88a7_f3787e2c096e-26, groupId=Consumer-topic-218f454d_699e_4776_88a7_f3787e2c096e] Request joining group due to: consumer pro-actively leaving the group
2025-07-31 02:22:54,477 INFO  [org.apa.kaf.com.met.Metrics] (Thread-328) Metrics scheduler closed
2025-07-31 02:22:54,477 INFO  [org.apa.kaf.com.met.Metrics] (Thread-328) Closing reporter org.apache.kafka.common.metrics.JmxReporter
2025-07-31 02:22:54,477 INFO  [org.apa.kaf.com.met.Metrics] (Thread-328) Closing reporter org.apache.kafka.common.telemetry.internals.ClientTelemetryReporter
2025-07-31 02:22:54,477 INFO  [org.apa.kaf.com.met.Metrics] (Thread-328) Metrics reporters closed
2025-07-31 02:22:54,480 INFO  [org.apa.kaf.com.uti.AppInfoParser] (Thread-328) App info kafka.consumer for consumer-Consumer-topic-218f454d_699e_4776_88a7_f3787e2c096e-26 unregistered
2025-07-31 02:22:54,481 INFO  [org.apa.kaf.cli.con.int.ClassicKafkaConsumer] (Thread-329) [Consumer clientId=consumer-Consumer-topic-37840bb4_3664_46d6_8b2b_81dcd8e1f038-27, groupId=Consumer-topic-37840bb4_3664_46d6_8b2b_81dcd8e1f038] Subscribed to topic(s): topic-37840bb4_3664_46d6_8b2b_81dcd8e1f038
2025-07-31 02:22:54,487 INFO  [org.apa.kaf.cli.Metadata] (Thread-329) [Consumer clientId=consumer-Consumer-topic-37840bb4_3664_46d6_8b2b_81dcd8e1f038-27, groupId=Consumer-topic-37840bb4_3664_46d6_8b2b_81dcd8e1f038] Cluster ID: d3IyjYRDQrmXThhQeh46ug
2025-07-31 02:22:54,487 INFO  [org.apa.kaf.cli.con.int.ConsumerCoordinator] (Thread-329) [Consumer clientId=consumer-Consumer-topic-37840bb4_3664_46d6_8b2b_81dcd8e1f038-27, groupId=Consumer-topic-37840bb4_3664_46d6_8b2b_81dcd8e1f038] Discovered group coordinator localhost:32770 (id: 2147483647 rack: null)
2025-07-31 02:22:54,488 INFO  [org.apa.kaf.cli.con.int.ConsumerCoordinator] (Thread-329) [Consumer clientId=consumer-Consumer-topic-37840bb4_3664_46d6_8b2b_81dcd8e1f038-27, groupId=Consumer-topic-37840bb4_3664_46d6_8b2b_81dcd8e1f038] (Re-)joining group
2025-07-31 02:22:54,491 INFO  [org.apa.kaf.cli.con.int.ConsumerCoordinator] (Thread-329) [Consumer clientId=consumer-Consumer-topic-37840bb4_3664_46d6_8b2b_81dcd8e1f038-27, groupId=Consumer-topic-37840bb4_3664_46d6_8b2b_81dcd8e1f038] Request joining group due to: need to re-join with the given member-id: consumer-Consumer-topic-37840bb4_3664_46d6_8b2b_81dcd8e1f038-27-70344f80-78fd-4426-926d-ea9db047d7ef
2025-07-31 02:22:54,491 INFO  [org.apa.kaf.cli.con.int.ConsumerCoordinator] (Thread-329) [Consumer clientId=consumer-Consumer-topic-37840bb4_3664_46d6_8b2b_81dcd8e1f038-27, groupId=Consumer-topic-37840bb4_3664_46d6_8b2b_81dcd8e1f038] (Re-)joining group
2025-07-31 02:22:54,492 INFO  [org.apa.kaf.cli.con.int.ConsumerCoordinator] (Thread-329) [Consumer clientId=consumer-Consumer-topic-37840bb4_3664_46d6_8b2b_81dcd8e1f038-27, groupId=Consumer-topic-37840bb4_3664_46d6_8b2b_81dcd8e1f038] Successfully joined group with generation Generation{generationId=1, memberId='consumer-Consumer-topic-37840bb4_3664_46d6_8b2b_81dcd8e1f038-27-70344f80-78fd-4426-926d-ea9db047d7ef', protocol='range'}
2025-07-31 02:22:54,493 INFO  [org.apa.kaf.cli.con.int.ConsumerCoordinator] (Thread-329) [Consumer clientId=consumer-Consumer-topic-37840bb4_3664_46d6_8b2b_81dcd8e1f038-27, groupId=Consumer-topic-37840bb4_3664_46d6_8b2b_81dcd8e1f038] Finished assignment for group at generation 1: {consumer-Consumer-topic-37840bb4_3664_46d6_8b2b_81dcd8e1f038-27-70344f80-78fd-4426-926d-ea9db047d7ef=Assignment(partitions=[topic-37840bb4_3664_46d6_8b2b_81dcd8e1f038-0])}
2025-07-31 02:22:54,496 INFO  [org.apa.kaf.cli.con.int.ConsumerCoordinator] (Thread-329) [Consumer clientId=consumer-Consumer-topic-37840bb4_3664_46d6_8b2b_81dcd8e1f038-27, groupId=Consumer-topic-37840bb4_3664_46d6_8b2b_81dcd8e1f038] Successfully synced group in generation Generation{generationId=1, memberId='consumer-Consumer-topic-37840bb4_3664_46d6_8b2b_81dcd8e1f038-27-70344f80-78fd-4426-926d-ea9db047d7ef', protocol='range'}
2025-07-31 02:22:54,496 INFO  [org.apa.kaf.cli.con.int.ConsumerCoordinator] (Thread-329) [Consumer clientId=consumer-Consumer-topic-37840bb4_3664_46d6_8b2b_81dcd8e1f038-27, groupId=Consumer-topic-37840bb4_3664_46d6_8b2b_81dcd8e1f038] Notifying assignor about the new Assignment(partitions=[topic-37840bb4_3664_46d6_8b2b_81dcd8e1f038-0])
2025-07-31 02:22:54,496 INFO  [org.apa.kaf.cli.con.int.ConsumerRebalanceListenerInvoker] (Thread-329) [Consumer clientId=consumer-Consumer-topic-37840bb4_3664_46d6_8b2b_81dcd8e1f038-27, groupId=Consumer-topic-37840bb4_3664_46d6_8b2b_81dcd8e1f038] Adding newly assigned partitions: topic-37840bb4_3664_46d6_8b2b_81dcd8e1f038-0
2025-07-31 02:22:54,497 INFO  [org.apa.kaf.cli.con.int.ConsumerCoordinator] (Thread-329) [Consumer clientId=consumer-Consumer-topic-37840bb4_3664_46d6_8b2b_81dcd8e1f038-27, groupId=Consumer-topic-37840bb4_3664_46d6_8b2b_81dcd8e1f038] Found no committed offset for partition topic-37840bb4_3664_46d6_8b2b_81dcd8e1f038-0
2025-07-31 02:22:54,501 INFO  [org.apa.kaf.cli.con.int.SubscriptionState] (Thread-329) [Consumer clientId=consumer-Consumer-topic-37840bb4_3664_46d6_8b2b_81dcd8e1f038-27, groupId=Consumer-topic-37840bb4_3664_46d6_8b2b_81dcd8e1f038] Resetting offset for partition topic-37840bb4_3664_46d6_8b2b_81dcd8e1f038-0 to position FetchPosition{offset=0, offsetEpoch=Optional.empty, currentLeader=LeaderAndEpoch{leader=Optional[localhost:32770 (id: 0 rack: null)], epoch=0}}.
2025-07-31 02:22:54,524 INFO  [io.api.tes.ser.api.KafkaSerdesTester] (Thread-329) topic-37840bb4_3664_46d6_8b2b_81dcd8e1f038 0 0 {"key1": "value-0"}
2025-07-31 02:22:54,524 INFO  [io.api.tes.ser.api.KafkaSerdesTester] (Thread-329) topic-37840bb4_3664_46d6_8b2b_81dcd8e1f038 0 1 {"key1": "value-1"}
2025-07-31 02:22:54,524 INFO  [io.api.tes.ser.api.KafkaSerdesTester] (Thread-329) topic-37840bb4_3664_46d6_8b2b_81dcd8e1f038 0 2 {"key1": "value-2"}
2025-07-31 02:22:54,524 INFO  [io.api.tes.ser.api.KafkaSerdesTester] (Thread-329) topic-37840bb4_3664_46d6_8b2b_81dcd8e1f038 0 3 {"key1": "value-3"}
2025-07-31 02:22:54,524 INFO  [io.api.tes.ser.api.KafkaSerdesTester] (Thread-329) topic-37840bb4_3664_46d6_8b2b_81dcd8e1f038 0 4 {"key1": "value-4"}
2025-07-31 02:22:54,524 INFO  [io.api.tes.ser.api.KafkaSerdesTester] (Thread-329) topic-37840bb4_3664_46d6_8b2b_81dcd8e1f038 0 5 {"key1": "value-5"}
2025-07-31 02:22:54,524 INFO  [io.api.tes.ser.api.KafkaSerdesTester] (Thread-329) topic-37840bb4_3664_46d6_8b2b_81dcd8e1f038 0 6 {"key1": "value-6"}
2025-07-31 02:22:54,524 INFO  [io.api.tes.ser.api.KafkaSerdesTester] (Thread-329) topic-37840bb4_3664_46d6_8b2b_81dcd8e1f038 0 7 {"key1": "value-7"}
2025-07-31 02:22:54,524 INFO  [io.api.tes.ser.api.KafkaSerdesTester] (Thread-329) topic-37840bb4_3664_46d6_8b2b_81dcd8e1f038 0 8 {"key1": "value-8"}
2025-07-31 02:22:54,524 INFO  [io.api.tes.ser.api.KafkaSerdesTester] (Thread-329) topic-37840bb4_3664_46d6_8b2b_81dcd8e1f038 0 9 {"key1": "value-9"}
2025-07-31 02:22:54,524 INFO  [io.api.tes.ser.api.KafkaSerdesTester] (Thread-329) Consumed 10 messages
2025-07-31 02:22:54,527 INFO  [org.apa.kaf.cli.con.int.ConsumerRebalanceListenerInvoker] (Thread-329) [Consumer clientId=consumer-Consumer-topic-37840bb4_3664_46d6_8b2b_81dcd8e1f038-27, groupId=Consumer-topic-37840bb4_3664_46d6_8b2b_81dcd8e1f038] Revoke previously assigned partitions topic-37840bb4_3664_46d6_8b2b_81dcd8e1f038-0
2025-07-31 02:22:54,527 INFO  [org.apa.kaf.cli.con.int.ConsumerCoordinator] (Thread-329) [Consumer clientId=consumer-Consumer-topic-37840bb4_3664_46d6_8b2b_81dcd8e1f038-27, groupId=Consumer-topic-37840bb4_3664_46d6_8b2b_81dcd8e1f038] Member consumer-Consumer-topic-37840bb4_3664_46d6_8b2b_81dcd8e1f038-27-70344f80-78fd-4426-926d-ea9db047d7ef sending LeaveGroup request to coordinator localhost:32770 (id: 2147483647 rack: null) due to the consumer is being closed
2025-07-31 02:22:54,529 INFO  [org.apa.kaf.cli.con.int.ConsumerCoordinator] (Thread-329) [Consumer clientId=consumer-Consumer-topic-37840bb4_3664_46d6_8b2b_81dcd8e1f038-27, groupId=Consumer-topic-37840bb4_3664_46d6_8b2b_81dcd8e1f038] Resetting generation and member id due to: consumer pro-actively leaving the group
2025-07-31 02:22:54,529 INFO  [org.apa.kaf.cli.con.int.ConsumerCoordinator] (Thread-329) [Consumer clientId=consumer-Consumer-topic-37840bb4_3664_46d6_8b2b_81dcd8e1f038-27, groupId=Consumer-topic-37840bb4_3664_46d6_8b2b_81dcd8e1f038] Request joining group due to: consumer pro-actively leaving the group
2025-07-31 02:22:55,024 INFO  [org.apa.kaf.com.met.Metrics] (Thread-329) Metrics scheduler closed
2025-07-31 02:22:55,024 INFO  [org.apa.kaf.com.met.Metrics] (Thread-329) Closing reporter org.apache.kafka.common.metrics.JmxReporter
2025-07-31 02:22:55,025 INFO  [org.apa.kaf.com.met.Metrics] (Thread-329) Closing reporter org.apache.kafka.common.telemetry.internals.ClientTelemetryReporter
2025-07-31 02:22:55,025 INFO  [org.apa.kaf.com.met.Metrics] (Thread-329) Metrics reporters closed
2025-07-31 02:22:55,028 INFO  [org.apa.kaf.com.uti.AppInfoParser] (Thread-329) App info kafka.consumer for consumer-Consumer-topic-37840bb4_3664_46d6_8b2b_81dcd8e1f038-27 unregistered
2025-07-31 02:22:55,030 INFO  [org.apa.kaf.cli.con.int.ClassicKafkaConsumer] (Thread-330) [Consumer clientId=consumer-Consumer-topic-ab9a0082_a637_4d5c_9bb8_db051ad469f9-28, groupId=Consumer-topic-ab9a0082_a637_4d5c_9bb8_db051ad469f9] Subscribed to topic(s): topic-ab9a0082_a637_4d5c_9bb8_db051ad469f9
2025-07-31 02:22:55,034 INFO  [org.apa.kaf.cli.Metadata] (Thread-330) [Consumer clientId=consumer-Consumer-topic-ab9a0082_a637_4d5c_9bb8_db051ad469f9-28, groupId=Consumer-topic-ab9a0082_a637_4d5c_9bb8_db051ad469f9] Cluster ID: d3IyjYRDQrmXThhQeh46ug
2025-07-31 02:22:55,034 INFO  [org.apa.kaf.cli.con.int.ConsumerCoordinator] (Thread-330) [Consumer clientId=consumer-Consumer-topic-ab9a0082_a637_4d5c_9bb8_db051ad469f9-28, groupId=Consumer-topic-ab9a0082_a637_4d5c_9bb8_db051ad469f9] Discovered group coordinator localhost:32770 (id: 2147483647 rack: null)
2025-07-31 02:22:55,035 INFO  [org.apa.kaf.cli.con.int.ConsumerCoordinator] (Thread-330) [Consumer clientId=consumer-Consumer-topic-ab9a0082_a637_4d5c_9bb8_db051ad469f9-28, groupId=Consumer-topic-ab9a0082_a637_4d5c_9bb8_db051ad469f9] (Re-)joining group
2025-07-31 02:22:55,037 INFO  [org.apa.kaf.cli.con.int.ConsumerCoordinator] (Thread-330) [Consumer clientId=consumer-Consumer-topic-ab9a0082_a637_4d5c_9bb8_db051ad469f9-28, groupId=Consumer-topic-ab9a0082_a637_4d5c_9bb8_db051ad469f9] Request joining group due to: need to re-join with the given member-id: consumer-Consumer-topic-ab9a0082_a637_4d5c_9bb8_db051ad469f9-28-eac73d12-85c8-4009-b87e-9818f7e093a0
2025-07-31 02:22:55,037 INFO  [org.apa.kaf.cli.con.int.ConsumerCoordinator] (Thread-330) [Consumer clientId=consumer-Consumer-topic-ab9a0082_a637_4d5c_9bb8_db051ad469f9-28, groupId=Consumer-topic-ab9a0082_a637_4d5c_9bb8_db051ad469f9] (Re-)joining group
2025-07-31 02:22:55,038 INFO  [org.apa.kaf.cli.con.int.ConsumerCoordinator] (Thread-330) [Consumer clientId=consumer-Consumer-topic-ab9a0082_a637_4d5c_9bb8_db051ad469f9-28, groupId=Consumer-topic-ab9a0082_a637_4d5c_9bb8_db051ad469f9] Successfully joined group with generation Generation{generationId=1, memberId='consumer-Consumer-topic-ab9a0082_a637_4d5c_9bb8_db051ad469f9-28-eac73d12-85c8-4009-b87e-9818f7e093a0', protocol='range'}
2025-07-31 02:22:55,038 INFO  [org.apa.kaf.cli.con.int.ConsumerCoordinator] (Thread-330) [Consumer clientId=consumer-Consumer-topic-ab9a0082_a637_4d5c_9bb8_db051ad469f9-28, groupId=Consumer-topic-ab9a0082_a637_4d5c_9bb8_db051ad469f9] Finished assignment for group at generation 1: {consumer-Consumer-topic-ab9a0082_a637_4d5c_9bb8_db051ad469f9-28-eac73d12-85c8-4009-b87e-9818f7e093a0=Assignment(partitions=[topic-ab9a0082_a637_4d5c_9bb8_db051ad469f9-0])}
2025-07-31 02:22:55,040 INFO  [org.apa.kaf.cli.con.int.ConsumerCoordinator] (Thread-330) [Consumer clientId=consumer-Consumer-topic-ab9a0082_a637_4d5c_9bb8_db051ad469f9-28, groupId=Consumer-topic-ab9a0082_a637_4d5c_9bb8_db051ad469f9] Successfully synced group in generation Generation{generationId=1, memberId='consumer-Consumer-topic-ab9a0082_a637_4d5c_9bb8_db051ad469f9-28-eac73d12-85c8-4009-b87e-9818f7e093a0', protocol='range'}
2025-07-31 02:22:55,040 INFO  [org.apa.kaf.cli.con.int.ConsumerCoordinator] (Thread-330) [Consumer clientId=consumer-Consumer-topic-ab9a0082_a637_4d5c_9bb8_db051ad469f9-28, groupId=Consumer-topic-ab9a0082_a637_4d5c_9bb8_db051ad469f9] Notifying assignor about the new Assignment(partitions=[topic-ab9a0082_a637_4d5c_9bb8_db051ad469f9-0])
2025-07-31 02:22:55,040 INFO  [org.apa.kaf.cli.con.int.ConsumerRebalanceListenerInvoker] (Thread-330) [Consumer clientId=consumer-Consumer-topic-ab9a0082_a637_4d5c_9bb8_db051ad469f9-28, groupId=Consumer-topic-ab9a0082_a637_4d5c_9bb8_db051ad469f9] Adding newly assigned partitions: topic-ab9a0082_a637_4d5c_9bb8_db051ad469f9-0
2025-07-31 02:22:55,041 INFO  [org.apa.kaf.cli.con.int.ConsumerCoordinator] (Thread-330) [Consumer clientId=consumer-Consumer-topic-ab9a0082_a637_4d5c_9bb8_db051ad469f9-28, groupId=Consumer-topic-ab9a0082_a637_4d5c_9bb8_db051ad469f9] Found no committed offset for partition topic-ab9a0082_a637_4d5c_9bb8_db051ad469f9-0
2025-07-31 02:22:55,046 INFO  [org.apa.kaf.cli.con.int.SubscriptionState] (Thread-330) [Consumer clientId=consumer-Consumer-topic-ab9a0082_a637_4d5c_9bb8_db051ad469f9-28, groupId=Consumer-topic-ab9a0082_a637_4d5c_9bb8_db051ad469f9] Resetting offset for partition topic-ab9a0082_a637_4d5c_9bb8_db051ad469f9-0 to position FetchPosition{offset=0, offsetEpoch=Optional.empty, currentLeader=LeaderAndEpoch{leader=Optional[localhost:32770 (id: 0 rack: null)], epoch=0}}.
2025-07-31 02:22:55,070 INFO  [io.api.tes.ser.api.KafkaSerdesTester] (Thread-330) topic-ab9a0082_a637_4d5c_9bb8_db051ad469f9 0 0 {"key1": "value-0"}
2025-07-31 02:22:55,070 INFO  [io.api.tes.ser.api.KafkaSerdesTester] (Thread-330) topic-ab9a0082_a637_4d5c_9bb8_db051ad469f9 0 1 {"key1": "value-1"}
2025-07-31 02:22:55,070 INFO  [io.api.tes.ser.api.KafkaSerdesTester] (Thread-330) topic-ab9a0082_a637_4d5c_9bb8_db051ad469f9 0 2 {"key1": "value-2"}
2025-07-31 02:22:55,070 INFO  [io.api.tes.ser.api.KafkaSerdesTester] (Thread-330) topic-ab9a0082_a637_4d5c_9bb8_db051ad469f9 0 3 {"key1": "value-3"}
2025-07-31 02:22:55,070 INFO  [io.api.tes.ser.api.KafkaSerdesTester] (Thread-330) topic-ab9a0082_a637_4d5c_9bb8_db051ad469f9 0 4 {"key1": "value-4"}
2025-07-31 02:22:55,070 INFO  [io.api.tes.ser.api.KafkaSerdesTester] (Thread-330) topic-ab9a0082_a637_4d5c_9bb8_db051ad469f9 0 5 {"key1": "value-5"}
2025-07-31 02:22:55,070 INFO  [io.api.tes.ser.api.KafkaSerdesTester] (Thread-330) topic-ab9a0082_a637_4d5c_9bb8_db051ad469f9 0 6 {"key1": "value-6"}
2025-07-31 02:22:55,070 INFO  [io.api.tes.ser.api.KafkaSerdesTester] (Thread-330) topic-ab9a0082_a637_4d5c_9bb8_db051ad469f9 0 7 {"key1": "value-7"}
2025-07-31 02:22:55,070 INFO  [io.api.tes.ser.api.KafkaSerdesTester] (Thread-330) topic-ab9a0082_a637_4d5c_9bb8_db051ad469f9 0 8 {"key1": "value-8"}
2025-07-31 02:22:55,070 INFO  [io.api.tes.ser.api.KafkaSerdesTester] (Thread-330) topic-ab9a0082_a637_4d5c_9bb8_db051ad469f9 0 9 {"key1": "value-9"}
2025-07-31 02:22:55,070 INFO  [io.api.tes.ser.api.KafkaSerdesTester] (Thread-330) Consumed 10 messages
2025-07-31 02:22:55,073 INFO  [org.apa.kaf.cli.con.int.ConsumerRebalanceListenerInvoker] (Thread-330) [Consumer clientId=consumer-Consumer-topic-ab9a0082_a637_4d5c_9bb8_db051ad469f9-28, groupId=Consumer-topic-ab9a0082_a637_4d5c_9bb8_db051ad469f9] Revoke previously assigned partitions topic-ab9a0082_a637_4d5c_9bb8_db051ad469f9-0
2025-07-31 02:22:55,073 INFO  [org.apa.kaf.cli.con.int.ConsumerCoordinator] (Thread-330) [Consumer clientId=consumer-Consumer-topic-ab9a0082_a637_4d5c_9bb8_db051ad469f9-28, groupId=Consumer-topic-ab9a0082_a637_4d5c_9bb8_db051ad469f9] Member consumer-Consumer-topic-ab9a0082_a637_4d5c_9bb8_db051ad469f9-28-eac73d12-85c8-4009-b87e-9818f7e093a0 sending LeaveGroup request to coordinator localhost:32770 (id: 2147483647 rack: null) due to the consumer is being closed
2025-07-31 02:22:55,073 INFO  [org.apa.kaf.cli.con.int.ConsumerCoordinator] (Thread-330) [Consumer clientId=consumer-Consumer-topic-ab9a0082_a637_4d5c_9bb8_db051ad469f9-28, groupId=Consumer-topic-ab9a0082_a637_4d5c_9bb8_db051ad469f9] Resetting generation and member id due to: consumer pro-actively leaving the group
2025-07-31 02:22:55,073 INFO  [org.apa.kaf.cli.con.int.ConsumerCoordinator] (Thread-330) [Consumer clientId=consumer-Consumer-topic-ab9a0082_a637_4d5c_9bb8_db051ad469f9-28, groupId=Consumer-topic-ab9a0082_a637_4d5c_9bb8_db051ad469f9] Request joining group due to: consumer pro-actively leaving the group
2025-07-31 02:22:55,574 INFO  [org.apa.kaf.com.met.Metrics] (Thread-330) Metrics scheduler closed
2025-07-31 02:22:55,574 INFO  [org.apa.kaf.com.met.Metrics] (Thread-330) Closing reporter org.apache.kafka.common.metrics.JmxReporter
2025-07-31 02:22:55,574 INFO  [org.apa.kaf.com.met.Metrics] (Thread-330) Closing reporter org.apache.kafka.common.telemetry.internals.ClientTelemetryReporter
2025-07-31 02:22:55,574 INFO  [org.apa.kaf.com.met.Metrics] (Thread-330) Metrics reporters closed
2025-07-31 02:22:55,576 INFO  [org.apa.kaf.com.uti.AppInfoParser] (Thread-330) App info kafka.consumer for consumer-Consumer-topic-ab9a0082_a637_4d5c_9bb8_db051ad469f9-28 unregistered
2025-07-31 02:22:55,592 INFO  [io.api.tes.ser.con.BasicConfluentSerDesIT] (main) Deleting confluent schema myrecordconfluent6
2025-07-31 02:22:55,604 INFO  [io.api.tes.uti.TestSeparator] (main) io.apicurio.tests.serdes.confluent.BasicConfluentSerDesIT.testAvroConfluentForMultipleTopics-FINISHED
2025-07-31 02:22:55,604 INFO  [io.api.tes.uti.TestSeparator] (main) ############################################################################
]]></system-out>
  </testcase>
  <testcase name="testAvroConfluentApicurio" classname="io.apicurio.tests.serdes.confluent.BasicConfluentSerDesIT" time="0.69">
    <system-out><![CDATA[2025-07-31 02:22:55,605 INFO  [io.api.tes.uti.TestSeparator] (main) ############################################################################
2025-07-31 02:22:55,605 INFO  [io.api.tes.uti.TestSeparator] (main) io.apicurio.tests.serdes.confluent.BasicConfluentSerDesIT.testAvroConfluentApicurio-STARTED
2025-07-31 02:22:55,649 INFO  [io.api.tes.ser.con.BasicConfluentSerDesIT] (main) Checking that created schema is equal to the get schema
2025-07-31 02:22:55,661 INFO  [io.api.tes.ser.con.BasicConfluentSerDesIT] (main) Created schema with id:35 and name:myrecordconfluent1
2025-07-31 02:22:55,663 INFO  [org.apa.kaf.cli.pro.ProducerConfig] (main) ProducerConfig values: 
	acks = -1
	auto.include.jmx.reporter = true
	batch.size = 16384
	bootstrap.servers = [PLAINTEXT://localhost:32770]
	buffer.memory = 33554432
	client.dns.lookup = use_all_dns_ips
	client.id = Producer-topic-a82b5e2d_04cb_4279_a72c_0b1e21f9e842
	compression.gzip.level = -1
	compression.lz4.level = 9
	compression.type = none
	compression.zstd.level = 3
	connections.max.idle.ms = 10000
	delivery.timeout.ms = 120000
	enable.idempotence = true
	enable.metrics.push = true
	interceptor.classes = []
	key.serializer = class org.apache.kafka.common.serialization.StringSerializer
	linger.ms = 0
	max.block.ms = 60000
	max.in.flight.requests.per.connection = 5
	max.request.size = 1048576
	metadata.max.age.ms = 300000
	metadata.max.idle.ms = 300000
	metadata.recovery.strategy = none
	metric.reporters = []
	metrics.num.samples = 2
	metrics.recording.level = INFO
	metrics.sample.window.ms = 30000
	partitioner.adaptive.partitioning.enable = true
	partitioner.availability.timeout.ms = 0
	partitioner.class = null
	partitioner.ignore.keys = false
	receive.buffer.bytes = 32768
	reconnect.backoff.max.ms = 1000
	reconnect.backoff.ms = 50
	request.timeout.ms = 5000
	retries = 2147483647
	retry.backoff.max.ms = 1000
	retry.backoff.ms = 100
	sasl.client.callback.handler.class = null
	sasl.jaas.config = null
	sasl.kerberos.kinit.cmd = /usr/bin/kinit
	sasl.kerberos.min.time.before.relogin = 60000
	sasl.kerberos.service.name = null
	sasl.kerberos.ticket.renew.jitter = 0.05
	sasl.kerberos.ticket.renew.window.factor = 0.8
	sasl.login.callback.handler.class = null
	sasl.login.class = null
	sasl.login.connect.timeout.ms = null
	sasl.login.read.timeout.ms = null
	sasl.login.refresh.buffer.seconds = 300
	sasl.login.refresh.min.period.seconds = 60
	sasl.login.refresh.window.factor = 0.8
	sasl.login.refresh.window.jitter = 0.05
	sasl.login.retry.backoff.max.ms = 10000
	sasl.login.retry.backoff.ms = 100
	sasl.mechanism = GSSAPI
	sasl.oauthbearer.clock.skew.seconds = 30
	sasl.oauthbearer.expected.audience = null
	sasl.oauthbearer.expected.issuer = null
	sasl.oauthbearer.header.urlencode = false
	sasl.oauthbearer.jwks.endpoint.refresh.ms = 3600000
	sasl.oauthbearer.jwks.endpoint.retry.backoff.max.ms = 10000
	sasl.oauthbearer.jwks.endpoint.retry.backoff.ms = 100
	sasl.oauthbearer.jwks.endpoint.url = null
	sasl.oauthbearer.scope.claim.name = scope
	sasl.oauthbearer.sub.claim.name = sub
	sasl.oauthbearer.token.endpoint.url = null
	security.protocol = PLAINTEXT
	security.providers = null
	send.buffer.bytes = 131072
	socket.connection.setup.timeout.max.ms = 30000
	socket.connection.setup.timeout.ms = 10000
	ssl.cipher.suites = null
	ssl.enabled.protocols = [TLSv1.2, TLSv1.3]
	ssl.endpoint.identification.algorithm = https
	ssl.engine.factory.class = null
	ssl.key.password = null
	ssl.keymanager.algorithm = SunX509
	ssl.keystore.certificate.chain = null
	ssl.keystore.key = null
	ssl.keystore.location = null
	ssl.keystore.password = null
	ssl.keystore.type = JKS
	ssl.protocol = TLSv1.3
	ssl.provider = null
	ssl.secure.random.implementation = null
	ssl.trustmanager.algorithm = PKIX
	ssl.truststore.certificates = null
	ssl.truststore.location = null
	ssl.truststore.password = null
	ssl.truststore.type = JKS
	transaction.timeout.ms = 60000
	transactional.id = null
	value.serializer = class io.confluent.kafka.serializers.KafkaAvroSerializer

2025-07-31 02:22:55,663 INFO  [org.apa.kaf.com.tel.int.KafkaMetricsCollector] (main) initializing Kafka metrics collector
2025-07-31 02:22:55,665 INFO  [io.con.kaf.ser.KafkaAvroSerializerConfig] (main) KafkaAvroSerializerConfig values: 
	auto.register.schemas = false
	avro.reflection.allow.null = false
	avro.remove.java.properties = false
	avro.use.logical.type.converters = false
	basic.auth.credentials.source = URL
	basic.auth.user.info = [hidden]
	bearer.auth.cache.expiry.buffer.seconds = 300
	bearer.auth.client.id = null
	bearer.auth.client.secret = null
	bearer.auth.credentials.source = STATIC_TOKEN
	bearer.auth.custom.provider.class = null
	bearer.auth.identity.pool.id = null
	bearer.auth.issuer.endpoint.url = null
	bearer.auth.logical.cluster = null
	bearer.auth.scope = null
	bearer.auth.scope.claim.name = scope
	bearer.auth.sub.claim.name = sub
	bearer.auth.token = [hidden]
	context.name.strategy = class io.confluent.kafka.serializers.context.NullContextNameStrategy
	http.connect.timeout.ms = 60000
	http.read.timeout.ms = 60000
	id.compatibility.strict = true
	key.subject.name.strategy = class io.confluent.kafka.serializers.subject.TopicNameStrategy
	latest.cache.size = 1000
	latest.cache.ttl.sec = -1
	latest.compatibility.strict = true
	max.retries = 3
	max.schemas.per.subject = 1000
	normalize.schemas = false
	propagate.schema.tags = false
	proxy.host = 
	proxy.port = -1
	retries.max.wait.ms = 20000
	retries.wait.ms = 1000
	rule.actions = []
	rule.executors = []
	rule.service.loader.enable = true
	schema.format = null
	schema.reflection = false
	schema.registry.basic.auth.user.info = [hidden]
	schema.registry.ssl.cipher.suites = null
	schema.registry.ssl.enabled.protocols = [TLSv1.2, TLSv1.3]
	schema.registry.ssl.endpoint.identification.algorithm = https
	schema.registry.ssl.engine.factory.class = null
	schema.registry.ssl.key.password = null
	schema.registry.ssl.keymanager.algorithm = SunX509
	schema.registry.ssl.keystore.certificate.chain = null
	schema.registry.ssl.keystore.key = null
	schema.registry.ssl.keystore.location = null
	schema.registry.ssl.keystore.password = null
	schema.registry.ssl.keystore.type = JKS
	schema.registry.ssl.protocol = TLSv1.3
	schema.registry.ssl.provider = null
	schema.registry.ssl.secure.random.implementation = null
	schema.registry.ssl.trustmanager.algorithm = PKIX
	schema.registry.ssl.truststore.certificates = null
	schema.registry.ssl.truststore.location = null
	schema.registry.ssl.truststore.password = null
	schema.registry.ssl.truststore.type = JKS
	schema.registry.url = [http://registry-app-postgresql.apps.ci419.apicurio-testing.org:80/apis/ccompat/v7]
	use.latest.version = false
	use.latest.with.metadata = null
	use.schema.id = -1
	value.subject.name.strategy = class io.confluent.kafka.serializers.subject.TopicNameStrategy

2025-07-31 02:22:55,666 INFO  [org.apa.kaf.cli.pro.KafkaProducer] (main) [Producer clientId=Producer-topic-a82b5e2d_04cb_4279_a72c_0b1e21f9e842] Instantiated an idempotent producer.
2025-07-31 02:22:55,673 INFO  [org.apa.kaf.cli.pro.ProducerConfig] (main) These configurations '[schema.registry.url, auto.register.schemas, value.subject.name.strategy]' were supplied but are not used yet.
2025-07-31 02:22:55,673 INFO  [org.apa.kaf.com.uti.AppInfoParser] (main) Kafka version: 3.9.0
2025-07-31 02:22:55,673 INFO  [org.apa.kaf.com.uti.AppInfoParser] (main) Kafka commitId: 84caaa6e9da06435
2025-07-31 02:22:55,673 INFO  [org.apa.kaf.com.uti.AppInfoParser] (main) Kafka startTimeMs: 1753928575673
2025-07-31 02:22:55,674 INFO  [io.api.tes.ser.api.SimpleSerdesTesterBuilder$SimpleSerdesTester] (main) Using producer configuration: {schema.registry.url=http://registry-app-postgresql.apps.ci419.apicurio-testing.org:80/apis/ccompat/v7, value.serializer=io.confluent.kafka.serializers.KafkaAvroSerializer, request.timeout.ms=5000, auto.register.schemas=false, acks=all, bootstrap.servers=PLAINTEXT://localhost:32770, connections.max.idle.ms=10000, key.serializer=org.apache.kafka.common.serialization.StringSerializer, value.subject.name.strategy=io.confluent.kafka.serializers.subject.TopicNameStrategy, client.id=Producer-topic-a82b5e2d_04cb_4279_a72c_0b1e21f9e842}
2025-07-31 02:22:55,674 INFO  [io.api.tes.ser.api.SimpleSerdesTesterBuilder$SimpleSerdesTester] (main) Using consumer configuration: {}
2025-07-31 02:22:55,678 INFO  [io.api.tes.ser.api.KafkaSerdesTester] (Thread-331) Sending message {"key1": "value-0"} to topic topic-a82b5e2d_04cb_4279_a72c_0b1e21f9e842
2025-07-31 02:22:55,680 INFO  [org.apa.kaf.cli.Metadata] (kafka-producer-network-thread | Producer-topic-a82b5e2d_04cb_4279_a72c_0b1e21f9e842) [Producer clientId=Producer-topic-a82b5e2d_04cb_4279_a72c_0b1e21f9e842] Cluster ID: d3IyjYRDQrmXThhQeh46ug
2025-07-31 02:22:55,681 INFO  [org.apa.kaf.cli.pro.int.TransactionManager] (kafka-producer-network-thread | Producer-topic-a82b5e2d_04cb_4279_a72c_0b1e21f9e842) [Producer clientId=Producer-topic-a82b5e2d_04cb_4279_a72c_0b1e21f9e842] ProducerId set to 36 with epoch 0
2025-07-31 02:22:55,695 INFO  [io.api.tes.ser.api.KafkaSerdesTester] (Thread-331) Sending message {"key1": "value-1"} to topic topic-a82b5e2d_04cb_4279_a72c_0b1e21f9e842
2025-07-31 02:22:55,699 INFO  [io.api.tes.ser.api.KafkaSerdesTester] (Thread-331) Sending message {"key1": "value-2"} to topic topic-a82b5e2d_04cb_4279_a72c_0b1e21f9e842
2025-07-31 02:22:55,701 INFO  [io.api.tes.ser.api.KafkaSerdesTester] (Thread-331) Sending message {"key1": "value-3"} to topic topic-a82b5e2d_04cb_4279_a72c_0b1e21f9e842
2025-07-31 02:22:55,708 INFO  [io.api.tes.ser.api.KafkaSerdesTester] (Thread-331) Sending message {"key1": "value-4"} to topic topic-a82b5e2d_04cb_4279_a72c_0b1e21f9e842
2025-07-31 02:22:55,710 INFO  [io.api.tes.ser.api.KafkaSerdesTester] (Thread-331) Sending message {"key1": "value-5"} to topic topic-a82b5e2d_04cb_4279_a72c_0b1e21f9e842
2025-07-31 02:22:55,711 INFO  [io.api.tes.ser.api.KafkaSerdesTester] (Thread-331) Sending message {"key1": "value-6"} to topic topic-a82b5e2d_04cb_4279_a72c_0b1e21f9e842
2025-07-31 02:22:55,712 INFO  [io.api.tes.ser.api.KafkaSerdesTester] (Thread-331) Sending message {"key1": "value-7"} to topic topic-a82b5e2d_04cb_4279_a72c_0b1e21f9e842
2025-07-31 02:22:55,713 INFO  [io.api.tes.ser.api.KafkaSerdesTester] (Thread-331) Sending message {"key1": "value-8"} to topic topic-a82b5e2d_04cb_4279_a72c_0b1e21f9e842
2025-07-31 02:22:55,714 INFO  [io.api.tes.ser.api.KafkaSerdesTester] (Thread-331) Sending message {"key1": "value-9"} to topic topic-a82b5e2d_04cb_4279_a72c_0b1e21f9e842
2025-07-31 02:22:55,715 INFO  [io.api.tes.ser.api.KafkaSerdesTester] (Thread-331) Produced 10 messages
2025-07-31 02:22:55,715 INFO  [org.apa.kaf.cli.pro.KafkaProducer] (Thread-331) [Producer clientId=Producer-topic-a82b5e2d_04cb_4279_a72c_0b1e21f9e842] Closing the Kafka producer with timeoutMillis = 9223372036854775807 ms.
2025-07-31 02:22:55,717 INFO  [org.apa.kaf.com.met.Metrics] (Thread-331) Metrics scheduler closed
2025-07-31 02:22:55,717 INFO  [org.apa.kaf.com.met.Metrics] (Thread-331) Closing reporter org.apache.kafka.common.metrics.JmxReporter
2025-07-31 02:22:55,717 INFO  [org.apa.kaf.com.met.Metrics] (Thread-331) Closing reporter org.apache.kafka.common.telemetry.internals.ClientTelemetryReporter
2025-07-31 02:22:55,717 INFO  [org.apa.kaf.com.met.Metrics] (Thread-331) Metrics reporters closed
2025-07-31 02:22:55,717 INFO  [org.apa.kaf.com.uti.AppInfoParser] (Thread-331) App info kafka.producer for Producer-topic-a82b5e2d_04cb_4279_a72c_0b1e21f9e842 unregistered
2025-07-31 02:22:55,717 INFO  [org.apa.kaf.cli.con.ConsumerConfig] (main) ConsumerConfig values: 
	allow.auto.create.topics = true
	auto.commit.interval.ms = 500
	auto.include.jmx.reporter = true
	auto.offset.reset = earliest
	bootstrap.servers = [PLAINTEXT://localhost:32770]
	check.crcs = true
	client.dns.lookup = use_all_dns_ips
	client.id = consumer-Consumer-topic-a82b5e2d_04cb_4279_a72c_0b1e21f9e842-29
	client.rack = 
	connections.max.idle.ms = 10000
	default.api.timeout.ms = 60000
	enable.auto.commit = true
	enable.metrics.push = true
	exclude.internal.topics = true
	fetch.max.bytes = 52428800
	fetch.max.wait.ms = 500
	fetch.min.bytes = 1
	group.id = Consumer-topic-a82b5e2d_04cb_4279_a72c_0b1e21f9e842
	group.instance.id = null
	group.protocol = classic
	group.remote.assignor = null
	heartbeat.interval.ms = 3000
	interceptor.classes = []
	internal.leave.group.on.close = true
	internal.throw.on.fetch.stable.offset.unsupported = false
	isolation.level = read_uncommitted
	key.deserializer = class org.apache.kafka.common.serialization.StringDeserializer
	max.partition.fetch.bytes = 1048576
	max.poll.interval.ms = 300000
	max.poll.records = 500
	metadata.max.age.ms = 300000
	metadata.recovery.strategy = none
	metric.reporters = []
	metrics.num.samples = 2
	metrics.recording.level = INFO
	metrics.sample.window.ms = 30000
	partition.assignment.strategy = [class org.apache.kafka.clients.consumer.RangeAssignor, class org.apache.kafka.clients.consumer.CooperativeStickyAssignor]
	receive.buffer.bytes = 65536
	reconnect.backoff.max.ms = 1000
	reconnect.backoff.ms = 50
	request.timeout.ms = 5000
	retry.backoff.max.ms = 1000
	retry.backoff.ms = 100
	sasl.client.callback.handler.class = null
	sasl.jaas.config = null
	sasl.kerberos.kinit.cmd = /usr/bin/kinit
	sasl.kerberos.min.time.before.relogin = 60000
	sasl.kerberos.service.name = null
	sasl.kerberos.ticket.renew.jitter = 0.05
	sasl.kerberos.ticket.renew.window.factor = 0.8
	sasl.login.callback.handler.class = null
	sasl.login.class = null
	sasl.login.connect.timeout.ms = null
	sasl.login.read.timeout.ms = null
	sasl.login.refresh.buffer.seconds = 300
	sasl.login.refresh.min.period.seconds = 60
	sasl.login.refresh.window.factor = 0.8
	sasl.login.refresh.window.jitter = 0.05
	sasl.login.retry.backoff.max.ms = 10000
	sasl.login.retry.backoff.ms = 100
	sasl.mechanism = GSSAPI
	sasl.oauthbearer.clock.skew.seconds = 30
	sasl.oauthbearer.expected.audience = null
	sasl.oauthbearer.expected.issuer = null
	sasl.oauthbearer.header.urlencode = false
	sasl.oauthbearer.jwks.endpoint.refresh.ms = 3600000
	sasl.oauthbearer.jwks.endpoint.retry.backoff.max.ms = 10000
	sasl.oauthbearer.jwks.endpoint.retry.backoff.ms = 100
	sasl.oauthbearer.jwks.endpoint.url = null
	sasl.oauthbearer.scope.claim.name = scope
	sasl.oauthbearer.sub.claim.name = sub
	sasl.oauthbearer.token.endpoint.url = null
	security.protocol = PLAINTEXT
	security.providers = null
	send.buffer.bytes = 131072
	session.timeout.ms = 45000
	socket.connection.setup.timeout.max.ms = 30000
	socket.connection.setup.timeout.ms = 10000
	ssl.cipher.suites = null
	ssl.enabled.protocols = [TLSv1.2, TLSv1.3]
	ssl.endpoint.identification.algorithm = https
	ssl.engine.factory.class = null
	ssl.key.password = null
	ssl.keymanager.algorithm = SunX509
	ssl.keystore.certificate.chain = null
	ssl.keystore.key = null
	ssl.keystore.location = null
	ssl.keystore.password = null
	ssl.keystore.type = JKS
	ssl.protocol = TLSv1.3
	ssl.provider = null
	ssl.secure.random.implementation = null
	ssl.trustmanager.algorithm = PKIX
	ssl.truststore.certificates = null
	ssl.truststore.location = null
	ssl.truststore.password = null
	ssl.truststore.type = JKS
	value.deserializer = class io.apicurio.registry.serde.avro.AvroKafkaDeserializer

2025-07-31 02:22:55,718 INFO  [org.apa.kaf.com.tel.int.KafkaMetricsCollector] (main) initializing Kafka metrics collector
2025-07-31 02:22:55,721 INFO  [org.apa.kaf.cli.con.ConsumerConfig] (main) These configurations '[apicurio.registry.url]' were supplied but are not used yet.
2025-07-31 02:22:55,721 INFO  [org.apa.kaf.com.uti.AppInfoParser] (main) Kafka version: 3.9.0
2025-07-31 02:22:55,721 INFO  [org.apa.kaf.com.uti.AppInfoParser] (main) Kafka commitId: 84caaa6e9da06435
2025-07-31 02:22:55,721 INFO  [org.apa.kaf.com.uti.AppInfoParser] (main) Kafka startTimeMs: 1753928575721
2025-07-31 02:22:55,721 INFO  [org.apa.kaf.cli.con.int.ClassicKafkaConsumer] (Thread-334) [Consumer clientId=consumer-Consumer-topic-a82b5e2d_04cb_4279_a72c_0b1e21f9e842-29, groupId=Consumer-topic-a82b5e2d_04cb_4279_a72c_0b1e21f9e842] Subscribed to topic(s): topic-a82b5e2d_04cb_4279_a72c_0b1e21f9e842
2025-07-31 02:22:55,725 INFO  [org.apa.kaf.cli.Metadata] (Thread-334) [Consumer clientId=consumer-Consumer-topic-a82b5e2d_04cb_4279_a72c_0b1e21f9e842-29, groupId=Consumer-topic-a82b5e2d_04cb_4279_a72c_0b1e21f9e842] Cluster ID: d3IyjYRDQrmXThhQeh46ug
2025-07-31 02:22:55,726 INFO  [org.apa.kaf.cli.con.int.ConsumerCoordinator] (Thread-334) [Consumer clientId=consumer-Consumer-topic-a82b5e2d_04cb_4279_a72c_0b1e21f9e842-29, groupId=Consumer-topic-a82b5e2d_04cb_4279_a72c_0b1e21f9e842] Discovered group coordinator localhost:32770 (id: 2147483647 rack: null)
2025-07-31 02:22:55,728 INFO  [org.apa.kaf.cli.con.int.ConsumerCoordinator] (Thread-334) [Consumer clientId=consumer-Consumer-topic-a82b5e2d_04cb_4279_a72c_0b1e21f9e842-29, groupId=Consumer-topic-a82b5e2d_04cb_4279_a72c_0b1e21f9e842] (Re-)joining group
2025-07-31 02:22:55,730 INFO  [org.apa.kaf.cli.con.int.ConsumerCoordinator] (Thread-334) [Consumer clientId=consumer-Consumer-topic-a82b5e2d_04cb_4279_a72c_0b1e21f9e842-29, groupId=Consumer-topic-a82b5e2d_04cb_4279_a72c_0b1e21f9e842] Request joining group due to: need to re-join with the given member-id: consumer-Consumer-topic-a82b5e2d_04cb_4279_a72c_0b1e21f9e842-29-36b71eed-af69-4f4d-b43b-741f7cb67644
2025-07-31 02:22:55,730 INFO  [org.apa.kaf.cli.con.int.ConsumerCoordinator] (Thread-334) [Consumer clientId=consumer-Consumer-topic-a82b5e2d_04cb_4279_a72c_0b1e21f9e842-29, groupId=Consumer-topic-a82b5e2d_04cb_4279_a72c_0b1e21f9e842] (Re-)joining group
2025-07-31 02:22:55,732 INFO  [org.apa.kaf.cli.con.int.ConsumerCoordinator] (Thread-334) [Consumer clientId=consumer-Consumer-topic-a82b5e2d_04cb_4279_a72c_0b1e21f9e842-29, groupId=Consumer-topic-a82b5e2d_04cb_4279_a72c_0b1e21f9e842] Successfully joined group with generation Generation{generationId=1, memberId='consumer-Consumer-topic-a82b5e2d_04cb_4279_a72c_0b1e21f9e842-29-36b71eed-af69-4f4d-b43b-741f7cb67644', protocol='range'}
2025-07-31 02:22:55,732 INFO  [org.apa.kaf.cli.con.int.ConsumerCoordinator] (Thread-334) [Consumer clientId=consumer-Consumer-topic-a82b5e2d_04cb_4279_a72c_0b1e21f9e842-29, groupId=Consumer-topic-a82b5e2d_04cb_4279_a72c_0b1e21f9e842] Finished assignment for group at generation 1: {consumer-Consumer-topic-a82b5e2d_04cb_4279_a72c_0b1e21f9e842-29-36b71eed-af69-4f4d-b43b-741f7cb67644=Assignment(partitions=[topic-a82b5e2d_04cb_4279_a72c_0b1e21f9e842-0])}
2025-07-31 02:22:55,733 INFO  [org.apa.kaf.cli.con.int.ConsumerCoordinator] (Thread-334) [Consumer clientId=consumer-Consumer-topic-a82b5e2d_04cb_4279_a72c_0b1e21f9e842-29, groupId=Consumer-topic-a82b5e2d_04cb_4279_a72c_0b1e21f9e842] Successfully synced group in generation Generation{generationId=1, memberId='consumer-Consumer-topic-a82b5e2d_04cb_4279_a72c_0b1e21f9e842-29-36b71eed-af69-4f4d-b43b-741f7cb67644', protocol='range'}
2025-07-31 02:22:55,733 INFO  [org.apa.kaf.cli.con.int.ConsumerCoordinator] (Thread-334) [Consumer clientId=consumer-Consumer-topic-a82b5e2d_04cb_4279_a72c_0b1e21f9e842-29, groupId=Consumer-topic-a82b5e2d_04cb_4279_a72c_0b1e21f9e842] Notifying assignor about the new Assignment(partitions=[topic-a82b5e2d_04cb_4279_a72c_0b1e21f9e842-0])
2025-07-31 02:22:55,734 INFO  [org.apa.kaf.cli.con.int.ConsumerRebalanceListenerInvoker] (Thread-334) [Consumer clientId=consumer-Consumer-topic-a82b5e2d_04cb_4279_a72c_0b1e21f9e842-29, groupId=Consumer-topic-a82b5e2d_04cb_4279_a72c_0b1e21f9e842] Adding newly assigned partitions: topic-a82b5e2d_04cb_4279_a72c_0b1e21f9e842-0
2025-07-31 02:22:55,734 INFO  [org.apa.kaf.cli.con.int.ConsumerCoordinator] (Thread-334) [Consumer clientId=consumer-Consumer-topic-a82b5e2d_04cb_4279_a72c_0b1e21f9e842-29, groupId=Consumer-topic-a82b5e2d_04cb_4279_a72c_0b1e21f9e842] Found no committed offset for partition topic-a82b5e2d_04cb_4279_a72c_0b1e21f9e842-0
2025-07-31 02:22:55,737 INFO  [org.apa.kaf.cli.con.int.SubscriptionState] (Thread-334) [Consumer clientId=consumer-Consumer-topic-a82b5e2d_04cb_4279_a72c_0b1e21f9e842-29, groupId=Consumer-topic-a82b5e2d_04cb_4279_a72c_0b1e21f9e842] Resetting offset for partition topic-a82b5e2d_04cb_4279_a72c_0b1e21f9e842-0 to position FetchPosition{offset=0, offsetEpoch=Optional.empty, currentLeader=LeaderAndEpoch{leader=Optional[localhost:32770 (id: 0 rack: null)], epoch=0}}.
2025-07-31 02:22:55,760 INFO  [io.api.tes.ser.api.KafkaSerdesTester] (Thread-334) topic-a82b5e2d_04cb_4279_a72c_0b1e21f9e842 0 0 {"key1": "value-0"}
2025-07-31 02:22:55,760 INFO  [io.api.tes.ser.api.KafkaSerdesTester] (Thread-334) topic-a82b5e2d_04cb_4279_a72c_0b1e21f9e842 0 1 {"key1": "value-1"}
2025-07-31 02:22:55,760 INFO  [io.api.tes.ser.api.KafkaSerdesTester] (Thread-334) topic-a82b5e2d_04cb_4279_a72c_0b1e21f9e842 0 2 {"key1": "value-2"}
2025-07-31 02:22:55,760 INFO  [io.api.tes.ser.api.KafkaSerdesTester] (Thread-334) topic-a82b5e2d_04cb_4279_a72c_0b1e21f9e842 0 3 {"key1": "value-3"}
2025-07-31 02:22:55,760 INFO  [io.api.tes.ser.api.KafkaSerdesTester] (Thread-334) topic-a82b5e2d_04cb_4279_a72c_0b1e21f9e842 0 4 {"key1": "value-4"}
2025-07-31 02:22:55,760 INFO  [io.api.tes.ser.api.KafkaSerdesTester] (Thread-334) topic-a82b5e2d_04cb_4279_a72c_0b1e21f9e842 0 5 {"key1": "value-5"}
2025-07-31 02:22:55,760 INFO  [io.api.tes.ser.api.KafkaSerdesTester] (Thread-334) topic-a82b5e2d_04cb_4279_a72c_0b1e21f9e842 0 6 {"key1": "value-6"}
2025-07-31 02:22:55,760 INFO  [io.api.tes.ser.api.KafkaSerdesTester] (Thread-334) topic-a82b5e2d_04cb_4279_a72c_0b1e21f9e842 0 7 {"key1": "value-7"}
2025-07-31 02:22:55,760 INFO  [io.api.tes.ser.api.KafkaSerdesTester] (Thread-334) topic-a82b5e2d_04cb_4279_a72c_0b1e21f9e842 0 8 {"key1": "value-8"}
2025-07-31 02:22:55,760 INFO  [io.api.tes.ser.api.KafkaSerdesTester] (Thread-334) topic-a82b5e2d_04cb_4279_a72c_0b1e21f9e842 0 9 {"key1": "value-9"}
2025-07-31 02:22:55,760 INFO  [io.api.tes.ser.api.KafkaSerdesTester] (Thread-334) Consumed 10 messages
2025-07-31 02:22:55,762 INFO  [org.apa.kaf.cli.con.int.ConsumerRebalanceListenerInvoker] (Thread-334) [Consumer clientId=consumer-Consumer-topic-a82b5e2d_04cb_4279_a72c_0b1e21f9e842-29, groupId=Consumer-topic-a82b5e2d_04cb_4279_a72c_0b1e21f9e842] Revoke previously assigned partitions topic-a82b5e2d_04cb_4279_a72c_0b1e21f9e842-0
2025-07-31 02:22:55,762 INFO  [org.apa.kaf.cli.con.int.ConsumerCoordinator] (Thread-334) [Consumer clientId=consumer-Consumer-topic-a82b5e2d_04cb_4279_a72c_0b1e21f9e842-29, groupId=Consumer-topic-a82b5e2d_04cb_4279_a72c_0b1e21f9e842] Member consumer-Consumer-topic-a82b5e2d_04cb_4279_a72c_0b1e21f9e842-29-36b71eed-af69-4f4d-b43b-741f7cb67644 sending LeaveGroup request to coordinator localhost:32770 (id: 2147483647 rack: null) due to the consumer is being closed
2025-07-31 02:22:55,762 INFO  [org.apa.kaf.cli.con.int.ConsumerCoordinator] (Thread-334) [Consumer clientId=consumer-Consumer-topic-a82b5e2d_04cb_4279_a72c_0b1e21f9e842-29, groupId=Consumer-topic-a82b5e2d_04cb_4279_a72c_0b1e21f9e842] Resetting generation and member id due to: consumer pro-actively leaving the group
2025-07-31 02:22:55,763 INFO  [org.apa.kaf.cli.con.int.ConsumerCoordinator] (Thread-334) [Consumer clientId=consumer-Consumer-topic-a82b5e2d_04cb_4279_a72c_0b1e21f9e842-29, groupId=Consumer-topic-a82b5e2d_04cb_4279_a72c_0b1e21f9e842] Request joining group due to: consumer pro-actively leaving the group
2025-07-31 02:22:56,262 INFO  [org.apa.kaf.com.met.Metrics] (Thread-334) Metrics scheduler closed
2025-07-31 02:22:56,262 INFO  [org.apa.kaf.com.met.Metrics] (Thread-334) Closing reporter org.apache.kafka.common.metrics.JmxReporter
2025-07-31 02:22:56,263 INFO  [org.apa.kaf.com.met.Metrics] (Thread-334) Closing reporter org.apache.kafka.common.telemetry.internals.ClientTelemetryReporter
2025-07-31 02:22:56,263 INFO  [org.apa.kaf.com.met.Metrics] (Thread-334) Metrics reporters closed
2025-07-31 02:22:56,266 INFO  [org.apa.kaf.com.uti.AppInfoParser] (Thread-334) App info kafka.consumer for consumer-Consumer-topic-a82b5e2d_04cb_4279_a72c_0b1e21f9e842-29 unregistered
2025-07-31 02:22:56,282 INFO  [io.api.tes.ser.con.BasicConfluentSerDesIT] (main) Deleting confluent schema topic-a82b5e2d_04cb_4279_a72c_0b1e21f9e842-value
2025-07-31 02:22:56,294 INFO  [io.api.tes.uti.TestSeparator] (main) io.apicurio.tests.serdes.confluent.BasicConfluentSerDesIT.testAvroConfluentApicurio-FINISHED
2025-07-31 02:22:56,295 INFO  [io.api.tes.uti.TestSeparator] (main) ############################################################################
]]></system-out>
  </testcase>
  <testcase name="testAvroConfluentSerDesWrongStrategyTopic" classname="io.apicurio.tests.serdes.confluent.BasicConfluentSerDesIT" time="0.108">
    <system-out><![CDATA[2025-07-31 02:22:56,296 INFO  [io.api.tes.uti.TestSeparator] (main) ############################################################################
2025-07-31 02:22:56,296 INFO  [io.api.tes.uti.TestSeparator] (main) io.apicurio.tests.serdes.confluent.BasicConfluentSerDesIT.testAvroConfluentSerDesWrongStrategyTopic-STARTED
2025-07-31 02:22:56,337 INFO  [io.api.tes.ser.con.BasicConfluentSerDesIT] (main) Checking that created schema is equal to the get schema
2025-07-31 02:22:56,347 INFO  [io.api.tes.ser.con.BasicConfluentSerDesIT] (main) Created schema with id:36 and name:myrecordconfluent3
2025-07-31 02:22:56,348 INFO  [org.apa.kaf.cli.pro.ProducerConfig] (main) ProducerConfig values: 
	acks = -1
	auto.include.jmx.reporter = true
	batch.size = 16384
	bootstrap.servers = [PLAINTEXT://localhost:32770]
	buffer.memory = 33554432
	client.dns.lookup = use_all_dns_ips
	client.id = Producer-topic-fd8e3869_4d1a_4784_8e83_21161b77f616
	compression.gzip.level = -1
	compression.lz4.level = 9
	compression.type = none
	compression.zstd.level = 3
	connections.max.idle.ms = 10000
	delivery.timeout.ms = 120000
	enable.idempotence = true
	enable.metrics.push = true
	interceptor.classes = []
	key.serializer = class org.apache.kafka.common.serialization.StringSerializer
	linger.ms = 0
	max.block.ms = 60000
	max.in.flight.requests.per.connection = 5
	max.request.size = 1048576
	metadata.max.age.ms = 300000
	metadata.max.idle.ms = 300000
	metadata.recovery.strategy = none
	metric.reporters = []
	metrics.num.samples = 2
	metrics.recording.level = INFO
	metrics.sample.window.ms = 30000
	partitioner.adaptive.partitioning.enable = true
	partitioner.availability.timeout.ms = 0
	partitioner.class = null
	partitioner.ignore.keys = false
	receive.buffer.bytes = 32768
	reconnect.backoff.max.ms = 1000
	reconnect.backoff.ms = 50
	request.timeout.ms = 5000
	retries = 2147483647
	retry.backoff.max.ms = 1000
	retry.backoff.ms = 100
	sasl.client.callback.handler.class = null
	sasl.jaas.config = null
	sasl.kerberos.kinit.cmd = /usr/bin/kinit
	sasl.kerberos.min.time.before.relogin = 60000
	sasl.kerberos.service.name = null
	sasl.kerberos.ticket.renew.jitter = 0.05
	sasl.kerberos.ticket.renew.window.factor = 0.8
	sasl.login.callback.handler.class = null
	sasl.login.class = null
	sasl.login.connect.timeout.ms = null
	sasl.login.read.timeout.ms = null
	sasl.login.refresh.buffer.seconds = 300
	sasl.login.refresh.min.period.seconds = 60
	sasl.login.refresh.window.factor = 0.8
	sasl.login.refresh.window.jitter = 0.05
	sasl.login.retry.backoff.max.ms = 10000
	sasl.login.retry.backoff.ms = 100
	sasl.mechanism = GSSAPI
	sasl.oauthbearer.clock.skew.seconds = 30
	sasl.oauthbearer.expected.audience = null
	sasl.oauthbearer.expected.issuer = null
	sasl.oauthbearer.header.urlencode = false
	sasl.oauthbearer.jwks.endpoint.refresh.ms = 3600000
	sasl.oauthbearer.jwks.endpoint.retry.backoff.max.ms = 10000
	sasl.oauthbearer.jwks.endpoint.retry.backoff.ms = 100
	sasl.oauthbearer.jwks.endpoint.url = null
	sasl.oauthbearer.scope.claim.name = scope
	sasl.oauthbearer.sub.claim.name = sub
	sasl.oauthbearer.token.endpoint.url = null
	security.protocol = PLAINTEXT
	security.providers = null
	send.buffer.bytes = 131072
	socket.connection.setup.timeout.max.ms = 30000
	socket.connection.setup.timeout.ms = 10000
	ssl.cipher.suites = null
	ssl.enabled.protocols = [TLSv1.2, TLSv1.3]
	ssl.endpoint.identification.algorithm = https
	ssl.engine.factory.class = null
	ssl.key.password = null
	ssl.keymanager.algorithm = SunX509
	ssl.keystore.certificate.chain = null
	ssl.keystore.key = null
	ssl.keystore.location = null
	ssl.keystore.password = null
	ssl.keystore.type = JKS
	ssl.protocol = TLSv1.3
	ssl.provider = null
	ssl.secure.random.implementation = null
	ssl.trustmanager.algorithm = PKIX
	ssl.truststore.certificates = null
	ssl.truststore.location = null
	ssl.truststore.password = null
	ssl.truststore.type = JKS
	transaction.timeout.ms = 60000
	transactional.id = null
	value.serializer = class io.confluent.kafka.serializers.KafkaAvroSerializer

2025-07-31 02:22:56,348 INFO  [org.apa.kaf.com.tel.int.KafkaMetricsCollector] (main) initializing Kafka metrics collector
2025-07-31 02:22:56,348 INFO  [io.con.kaf.ser.KafkaAvroSerializerConfig] (main) KafkaAvroSerializerConfig values: 
	auto.register.schemas = false
	avro.reflection.allow.null = false
	avro.remove.java.properties = false
	avro.use.logical.type.converters = false
	basic.auth.credentials.source = URL
	basic.auth.user.info = [hidden]
	bearer.auth.cache.expiry.buffer.seconds = 300
	bearer.auth.client.id = null
	bearer.auth.client.secret = null
	bearer.auth.credentials.source = STATIC_TOKEN
	bearer.auth.custom.provider.class = null
	bearer.auth.identity.pool.id = null
	bearer.auth.issuer.endpoint.url = null
	bearer.auth.logical.cluster = null
	bearer.auth.scope = null
	bearer.auth.scope.claim.name = scope
	bearer.auth.sub.claim.name = sub
	bearer.auth.token = [hidden]
	context.name.strategy = class io.confluent.kafka.serializers.context.NullContextNameStrategy
	http.connect.timeout.ms = 60000
	http.read.timeout.ms = 60000
	id.compatibility.strict = true
	key.subject.name.strategy = class io.confluent.kafka.serializers.subject.TopicNameStrategy
	latest.cache.size = 1000
	latest.cache.ttl.sec = -1
	latest.compatibility.strict = true
	max.retries = 3
	max.schemas.per.subject = 1000
	normalize.schemas = false
	propagate.schema.tags = false
	proxy.host = 
	proxy.port = -1
	retries.max.wait.ms = 20000
	retries.wait.ms = 1000
	rule.actions = []
	rule.executors = []
	rule.service.loader.enable = true
	schema.format = null
	schema.reflection = false
	schema.registry.basic.auth.user.info = [hidden]
	schema.registry.ssl.cipher.suites = null
	schema.registry.ssl.enabled.protocols = [TLSv1.2, TLSv1.3]
	schema.registry.ssl.endpoint.identification.algorithm = https
	schema.registry.ssl.engine.factory.class = null
	schema.registry.ssl.key.password = null
	schema.registry.ssl.keymanager.algorithm = SunX509
	schema.registry.ssl.keystore.certificate.chain = null
	schema.registry.ssl.keystore.key = null
	schema.registry.ssl.keystore.location = null
	schema.registry.ssl.keystore.password = null
	schema.registry.ssl.keystore.type = JKS
	schema.registry.ssl.protocol = TLSv1.3
	schema.registry.ssl.provider = null
	schema.registry.ssl.secure.random.implementation = null
	schema.registry.ssl.trustmanager.algorithm = PKIX
	schema.registry.ssl.truststore.certificates = null
	schema.registry.ssl.truststore.location = null
	schema.registry.ssl.truststore.password = null
	schema.registry.ssl.truststore.type = JKS
	schema.registry.url = [http://registry-app-postgresql.apps.ci419.apicurio-testing.org:80/apis/ccompat/v7]
	use.latest.version = false
	use.latest.with.metadata = null
	use.schema.id = -1
	value.subject.name.strategy = class io.confluent.kafka.serializers.subject.TopicNameStrategy

2025-07-31 02:22:56,350 INFO  [org.apa.kaf.cli.pro.KafkaProducer] (main) [Producer clientId=Producer-topic-fd8e3869_4d1a_4784_8e83_21161b77f616] Instantiated an idempotent producer.
2025-07-31 02:22:56,352 INFO  [org.apa.kaf.cli.pro.ProducerConfig] (main) These configurations '[schema.registry.url, auto.register.schemas, value.subject.name.strategy]' were supplied but are not used yet.
2025-07-31 02:22:56,352 INFO  [org.apa.kaf.com.uti.AppInfoParser] (main) Kafka version: 3.9.0
2025-07-31 02:22:56,352 INFO  [org.apa.kaf.com.uti.AppInfoParser] (main) Kafka commitId: 84caaa6e9da06435
2025-07-31 02:22:56,352 INFO  [org.apa.kaf.com.uti.AppInfoParser] (main) Kafka startTimeMs: 1753928576352
2025-07-31 02:22:56,353 INFO  [io.api.tes.ser.api.KafkaSerdesTester] (Thread-335) Sending message {"key1": "value-0"} to topic topic-fd8e3869_4d1a_4784_8e83_21161b77f616
2025-07-31 02:22:56,356 INFO  [org.apa.kaf.cli.Metadata] (kafka-producer-network-thread | Producer-topic-fd8e3869_4d1a_4784_8e83_21161b77f616) [Producer clientId=Producer-topic-fd8e3869_4d1a_4784_8e83_21161b77f616] Cluster ID: d3IyjYRDQrmXThhQeh46ug
2025-07-31 02:22:56,356 INFO  [org.apa.kaf.cli.pro.int.TransactionManager] (kafka-producer-network-thread | Producer-topic-fd8e3869_4d1a_4784_8e83_21161b77f616) [Producer clientId=Producer-topic-fd8e3869_4d1a_4784_8e83_21161b77f616] ProducerId set to 37 with epoch 0
2025-07-31 02:22:56,372 INFO  [org.apa.kaf.cli.pro.KafkaProducer] (Thread-335) [Producer clientId=Producer-topic-fd8e3869_4d1a_4784_8e83_21161b77f616] Closing the Kafka producer with timeoutMillis = 9223372036854775807 ms.
2025-07-31 02:22:56,373 INFO  [org.apa.kaf.com.met.Metrics] (Thread-335) Metrics scheduler closed
2025-07-31 02:22:56,373 INFO  [org.apa.kaf.com.met.Metrics] (Thread-335) Closing reporter org.apache.kafka.common.metrics.JmxReporter
2025-07-31 02:22:56,373 INFO  [org.apa.kaf.com.met.Metrics] (Thread-335) Closing reporter org.apache.kafka.common.telemetry.internals.ClientTelemetryReporter
2025-07-31 02:22:56,373 INFO  [org.apa.kaf.com.met.Metrics] (Thread-335) Metrics reporters closed
2025-07-31 02:22:56,373 INFO  [org.apa.kaf.com.uti.AppInfoParser] (Thread-335) App info kafka.producer for Producer-topic-fd8e3869_4d1a_4784_8e83_21161b77f616 unregistered
2025-07-31 02:22:56,388 INFO  [io.api.tes.ser.con.BasicConfluentSerDesIT] (main) Deleting confluent schema myrecordconfluent3
2025-07-31 02:22:56,403 INFO  [io.api.tes.uti.TestSeparator] (main) io.apicurio.tests.serdes.confluent.BasicConfluentSerDesIT.testAvroConfluentSerDesWrongStrategyTopic-FINISHED
2025-07-31 02:22:56,403 INFO  [io.api.tes.uti.TestSeparator] (main) ############################################################################
]]></system-out>
  </testcase>
  <testcase name="testAvroApicurioConfluent" classname="io.apicurio.tests.serdes.confluent.BasicConfluentSerDesIT" time="1.712">
    <system-out><![CDATA[2025-07-31 02:22:56,406 INFO  [io.api.tes.uti.TestSeparator] (main) ############################################################################
2025-07-31 02:22:56,406 INFO  [io.api.tes.uti.TestSeparator] (main) io.apicurio.tests.serdes.confluent.BasicConfluentSerDesIT.testAvroApicurioConfluent-STARTED
2025-07-31 02:22:57,447 INFO  [org.apa.kaf.cli.pro.ProducerConfig] (main) ProducerConfig values: 
	acks = -1
	auto.include.jmx.reporter = true
	batch.size = 16384
	bootstrap.servers = [PLAINTEXT://localhost:32770]
	buffer.memory = 33554432
	client.dns.lookup = use_all_dns_ips
	client.id = Producer-topic-ebec4278_48fb_4cda_bffb_647d5e46ceff
	compression.gzip.level = -1
	compression.lz4.level = 9
	compression.type = none
	compression.zstd.level = 3
	connections.max.idle.ms = 10000
	delivery.timeout.ms = 120000
	enable.idempotence = true
	enable.metrics.push = true
	interceptor.classes = []
	key.serializer = class org.apache.kafka.common.serialization.StringSerializer
	linger.ms = 0
	max.block.ms = 60000
	max.in.flight.requests.per.connection = 5
	max.request.size = 1048576
	metadata.max.age.ms = 300000
	metadata.max.idle.ms = 300000
	metadata.recovery.strategy = none
	metric.reporters = []
	metrics.num.samples = 2
	metrics.recording.level = INFO
	metrics.sample.window.ms = 30000
	partitioner.adaptive.partitioning.enable = true
	partitioner.availability.timeout.ms = 0
	partitioner.class = null
	partitioner.ignore.keys = false
	receive.buffer.bytes = 32768
	reconnect.backoff.max.ms = 1000
	reconnect.backoff.ms = 50
	request.timeout.ms = 5000
	retries = 2147483647
	retry.backoff.max.ms = 1000
	retry.backoff.ms = 100
	sasl.client.callback.handler.class = null
	sasl.jaas.config = null
	sasl.kerberos.kinit.cmd = /usr/bin/kinit
	sasl.kerberos.min.time.before.relogin = 60000
	sasl.kerberos.service.name = null
	sasl.kerberos.ticket.renew.jitter = 0.05
	sasl.kerberos.ticket.renew.window.factor = 0.8
	sasl.login.callback.handler.class = null
	sasl.login.class = null
	sasl.login.connect.timeout.ms = null
	sasl.login.read.timeout.ms = null
	sasl.login.refresh.buffer.seconds = 300
	sasl.login.refresh.min.period.seconds = 60
	sasl.login.refresh.window.factor = 0.8
	sasl.login.refresh.window.jitter = 0.05
	sasl.login.retry.backoff.max.ms = 10000
	sasl.login.retry.backoff.ms = 100
	sasl.mechanism = GSSAPI
	sasl.oauthbearer.clock.skew.seconds = 30
	sasl.oauthbearer.expected.audience = null
	sasl.oauthbearer.expected.issuer = null
	sasl.oauthbearer.header.urlencode = false
	sasl.oauthbearer.jwks.endpoint.refresh.ms = 3600000
	sasl.oauthbearer.jwks.endpoint.retry.backoff.max.ms = 10000
	sasl.oauthbearer.jwks.endpoint.retry.backoff.ms = 100
	sasl.oauthbearer.jwks.endpoint.url = null
	sasl.oauthbearer.scope.claim.name = scope
	sasl.oauthbearer.sub.claim.name = sub
	sasl.oauthbearer.token.endpoint.url = null
	security.protocol = PLAINTEXT
	security.providers = null
	send.buffer.bytes = 131072
	socket.connection.setup.timeout.max.ms = 30000
	socket.connection.setup.timeout.ms = 10000
	ssl.cipher.suites = null
	ssl.enabled.protocols = [TLSv1.2, TLSv1.3]
	ssl.endpoint.identification.algorithm = https
	ssl.engine.factory.class = null
	ssl.key.password = null
	ssl.keymanager.algorithm = SunX509
	ssl.keystore.certificate.chain = null
	ssl.keystore.key = null
	ssl.keystore.location = null
	ssl.keystore.password = null
	ssl.keystore.type = JKS
	ssl.protocol = TLSv1.3
	ssl.provider = null
	ssl.secure.random.implementation = null
	ssl.trustmanager.algorithm = PKIX
	ssl.truststore.certificates = null
	ssl.truststore.location = null
	ssl.truststore.password = null
	ssl.truststore.type = JKS
	transaction.timeout.ms = 60000
	transactional.id = null
	value.serializer = class io.apicurio.registry.serde.avro.AvroKafkaSerializer

2025-07-31 02:22:57,448 INFO  [org.apa.kaf.com.tel.int.KafkaMetricsCollector] (main) initializing Kafka metrics collector
2025-07-31 02:22:57,450 INFO  [org.apa.kaf.cli.pro.KafkaProducer] (main) [Producer clientId=Producer-topic-ebec4278_48fb_4cda_bffb_647d5e46ceff] Instantiated an idempotent producer.
2025-07-31 02:22:57,451 INFO  [org.apa.kaf.cli.pro.ProducerConfig] (main) These configurations '[apicurio.registry.url, apicurio.registry.artifact-resolver-strategy]' were supplied but are not used yet.
2025-07-31 02:22:57,451 INFO  [org.apa.kaf.com.uti.AppInfoParser] (main) Kafka version: 3.9.0
2025-07-31 02:22:57,451 INFO  [org.apa.kaf.com.uti.AppInfoParser] (main) Kafka commitId: 84caaa6e9da06435
2025-07-31 02:22:57,451 INFO  [org.apa.kaf.com.uti.AppInfoParser] (main) Kafka startTimeMs: 1753928577451
2025-07-31 02:22:57,451 INFO  [io.api.tes.ser.api.SimpleSerdesTesterBuilder$SimpleSerdesTester] (main) Using producer configuration: {apicurio.registry.url=http://registry-app-postgresql.apps.ci419.apicurio-testing.org:80/apis/registry/v3, apicurio.registry.artifact-resolver-strategy=io.apicurio.registry.serde.strategy.TopicIdStrategy, value.serializer=io.apicurio.registry.serde.avro.AvroKafkaSerializer, request.timeout.ms=5000, acks=all, bootstrap.servers=PLAINTEXT://localhost:32770, connections.max.idle.ms=10000, key.serializer=org.apache.kafka.common.serialization.StringSerializer, client.id=Producer-topic-ebec4278_48fb_4cda_bffb_647d5e46ceff}
2025-07-31 02:22:57,452 INFO  [io.api.tes.ser.api.SimpleSerdesTesterBuilder$SimpleSerdesTester] (main) Using consumer configuration: {}
2025-07-31 02:22:57,452 INFO  [io.api.tes.ser.api.KafkaSerdesTester] (Thread-338) Sending message {"key1": "value-0"} to topic topic-ebec4278_48fb_4cda_bffb_647d5e46ceff
2025-07-31 02:22:57,455 INFO  [org.apa.kaf.cli.Metadata] (kafka-producer-network-thread | Producer-topic-ebec4278_48fb_4cda_bffb_647d5e46ceff) [Producer clientId=Producer-topic-ebec4278_48fb_4cda_bffb_647d5e46ceff] Cluster ID: d3IyjYRDQrmXThhQeh46ug
2025-07-31 02:22:57,455 INFO  [org.apa.kaf.cli.pro.int.TransactionManager] (kafka-producer-network-thread | Producer-topic-ebec4278_48fb_4cda_bffb_647d5e46ceff) [Producer clientId=Producer-topic-ebec4278_48fb_4cda_bffb_647d5e46ceff] ProducerId set to 38 with epoch 0
2025-07-31 02:22:57,456 INFO  [DefaultSchemaResolver] (Thread-338) Retrieving schema content using string: {"type":"record","name":"myrecordconfluent1","fields":[{"name":"key1","type":"string"}]}
2025-07-31 02:22:57,476 INFO  [io.api.tes.ser.api.KafkaSerdesTester] (Thread-338) Sending message {"key1": "value-1"} to topic topic-ebec4278_48fb_4cda_bffb_647d5e46ceff
2025-07-31 02:22:57,478 INFO  [io.api.tes.ser.api.KafkaSerdesTester] (Thread-338) Sending message {"key1": "value-2"} to topic topic-ebec4278_48fb_4cda_bffb_647d5e46ceff
2025-07-31 02:22:57,479 INFO  [io.api.tes.ser.api.KafkaSerdesTester] (Thread-338) Sending message {"key1": "value-3"} to topic topic-ebec4278_48fb_4cda_bffb_647d5e46ceff
2025-07-31 02:22:57,480 INFO  [io.api.tes.ser.api.KafkaSerdesTester] (Thread-338) Sending message {"key1": "value-4"} to topic topic-ebec4278_48fb_4cda_bffb_647d5e46ceff
2025-07-31 02:22:57,481 INFO  [io.api.tes.ser.api.KafkaSerdesTester] (Thread-338) Sending message {"key1": "value-5"} to topic topic-ebec4278_48fb_4cda_bffb_647d5e46ceff
2025-07-31 02:22:57,483 INFO  [io.api.tes.ser.api.KafkaSerdesTester] (Thread-338) Sending message {"key1": "value-6"} to topic topic-ebec4278_48fb_4cda_bffb_647d5e46ceff
2025-07-31 02:22:57,484 INFO  [io.api.tes.ser.api.KafkaSerdesTester] (Thread-338) Sending message {"key1": "value-7"} to topic topic-ebec4278_48fb_4cda_bffb_647d5e46ceff
2025-07-31 02:22:57,488 INFO  [io.api.tes.ser.api.KafkaSerdesTester] (Thread-338) Sending message {"key1": "value-8"} to topic topic-ebec4278_48fb_4cda_bffb_647d5e46ceff
2025-07-31 02:22:57,489 INFO  [io.api.tes.ser.api.KafkaSerdesTester] (Thread-338) Sending message {"key1": "value-9"} to topic topic-ebec4278_48fb_4cda_bffb_647d5e46ceff
2025-07-31 02:22:57,491 INFO  [io.api.tes.ser.api.KafkaSerdesTester] (Thread-338) Produced 10 messages
2025-07-31 02:22:57,492 INFO  [org.apa.kaf.cli.pro.KafkaProducer] (Thread-338) [Producer clientId=Producer-topic-ebec4278_48fb_4cda_bffb_647d5e46ceff] Closing the Kafka producer with timeoutMillis = 9223372036854775807 ms.
2025-07-31 02:22:57,495 INFO  [org.apa.kaf.com.met.Metrics] (Thread-338) Metrics scheduler closed
2025-07-31 02:22:57,495 INFO  [org.apa.kaf.com.met.Metrics] (Thread-338) Closing reporter org.apache.kafka.common.metrics.JmxReporter
2025-07-31 02:22:57,495 INFO  [org.apa.kaf.com.met.Metrics] (Thread-338) Closing reporter org.apache.kafka.common.telemetry.internals.ClientTelemetryReporter
2025-07-31 02:22:57,495 INFO  [org.apa.kaf.com.met.Metrics] (Thread-338) Metrics reporters closed
2025-07-31 02:22:57,495 INFO  [org.apa.kaf.com.uti.AppInfoParser] (Thread-338) App info kafka.producer for Producer-topic-ebec4278_48fb_4cda_bffb_647d5e46ceff unregistered
2025-07-31 02:22:57,497 INFO  [org.apa.kaf.cli.con.ConsumerConfig] (main) ConsumerConfig values: 
	allow.auto.create.topics = true
	auto.commit.interval.ms = 500
	auto.include.jmx.reporter = true
	auto.offset.reset = earliest
	bootstrap.servers = [PLAINTEXT://localhost:32770]
	check.crcs = true
	client.dns.lookup = use_all_dns_ips
	client.id = consumer-Consumer-topic-ebec4278_48fb_4cda_bffb_647d5e46ceff-30
	client.rack = 
	connections.max.idle.ms = 10000
	default.api.timeout.ms = 60000
	enable.auto.commit = true
	enable.metrics.push = true
	exclude.internal.topics = true
	fetch.max.bytes = 52428800
	fetch.max.wait.ms = 500
	fetch.min.bytes = 1
	group.id = Consumer-topic-ebec4278_48fb_4cda_bffb_647d5e46ceff
	group.instance.id = null
	group.protocol = classic
	group.remote.assignor = null
	heartbeat.interval.ms = 3000
	interceptor.classes = []
	internal.leave.group.on.close = true
	internal.throw.on.fetch.stable.offset.unsupported = false
	isolation.level = read_uncommitted
	key.deserializer = class org.apache.kafka.common.serialization.StringDeserializer
	max.partition.fetch.bytes = 1048576
	max.poll.interval.ms = 300000
	max.poll.records = 500
	metadata.max.age.ms = 300000
	metadata.recovery.strategy = none
	metric.reporters = []
	metrics.num.samples = 2
	metrics.recording.level = INFO
	metrics.sample.window.ms = 30000
	partition.assignment.strategy = [class org.apache.kafka.clients.consumer.RangeAssignor, class org.apache.kafka.clients.consumer.CooperativeStickyAssignor]
	receive.buffer.bytes = 65536
	reconnect.backoff.max.ms = 1000
	reconnect.backoff.ms = 50
	request.timeout.ms = 5000
	retry.backoff.max.ms = 1000
	retry.backoff.ms = 100
	sasl.client.callback.handler.class = null
	sasl.jaas.config = null
	sasl.kerberos.kinit.cmd = /usr/bin/kinit
	sasl.kerberos.min.time.before.relogin = 60000
	sasl.kerberos.service.name = null
	sasl.kerberos.ticket.renew.jitter = 0.05
	sasl.kerberos.ticket.renew.window.factor = 0.8
	sasl.login.callback.handler.class = null
	sasl.login.class = null
	sasl.login.connect.timeout.ms = null
	sasl.login.read.timeout.ms = null
	sasl.login.refresh.buffer.seconds = 300
	sasl.login.refresh.min.period.seconds = 60
	sasl.login.refresh.window.factor = 0.8
	sasl.login.refresh.window.jitter = 0.05
	sasl.login.retry.backoff.max.ms = 10000
	sasl.login.retry.backoff.ms = 100
	sasl.mechanism = GSSAPI
	sasl.oauthbearer.clock.skew.seconds = 30
	sasl.oauthbearer.expected.audience = null
	sasl.oauthbearer.expected.issuer = null
	sasl.oauthbearer.header.urlencode = false
	sasl.oauthbearer.jwks.endpoint.refresh.ms = 3600000
	sasl.oauthbearer.jwks.endpoint.retry.backoff.max.ms = 10000
	sasl.oauthbearer.jwks.endpoint.retry.backoff.ms = 100
	sasl.oauthbearer.jwks.endpoint.url = null
	sasl.oauthbearer.scope.claim.name = scope
	sasl.oauthbearer.sub.claim.name = sub
	sasl.oauthbearer.token.endpoint.url = null
	security.protocol = PLAINTEXT
	security.providers = null
	send.buffer.bytes = 131072
	session.timeout.ms = 45000
	socket.connection.setup.timeout.max.ms = 30000
	socket.connection.setup.timeout.ms = 10000
	ssl.cipher.suites = null
	ssl.enabled.protocols = [TLSv1.2, TLSv1.3]
	ssl.endpoint.identification.algorithm = https
	ssl.engine.factory.class = null
	ssl.key.password = null
	ssl.keymanager.algorithm = SunX509
	ssl.keystore.certificate.chain = null
	ssl.keystore.key = null
	ssl.keystore.location = null
	ssl.keystore.password = null
	ssl.keystore.type = JKS
	ssl.protocol = TLSv1.3
	ssl.provider = null
	ssl.secure.random.implementation = null
	ssl.trustmanager.algorithm = PKIX
	ssl.truststore.certificates = null
	ssl.truststore.location = null
	ssl.truststore.password = null
	ssl.truststore.type = JKS
	value.deserializer = class io.confluent.kafka.serializers.KafkaAvroDeserializer

2025-07-31 02:22:57,497 INFO  [org.apa.kaf.com.tel.int.KafkaMetricsCollector] (main) initializing Kafka metrics collector
2025-07-31 02:22:57,498 INFO  [io.con.kaf.ser.KafkaAvroDeserializerConfig] (main) KafkaAvroDeserializerConfig values: 
	auto.register.schemas = true
	avro.reflection.allow.null = false
	avro.use.logical.type.converters = false
	basic.auth.credentials.source = URL
	basic.auth.user.info = [hidden]
	bearer.auth.cache.expiry.buffer.seconds = 300
	bearer.auth.client.id = null
	bearer.auth.client.secret = null
	bearer.auth.credentials.source = STATIC_TOKEN
	bearer.auth.custom.provider.class = null
	bearer.auth.identity.pool.id = null
	bearer.auth.issuer.endpoint.url = null
	bearer.auth.logical.cluster = null
	bearer.auth.scope = null
	bearer.auth.scope.claim.name = scope
	bearer.auth.sub.claim.name = sub
	bearer.auth.token = [hidden]
	context.name.strategy = class io.confluent.kafka.serializers.context.NullContextNameStrategy
	http.connect.timeout.ms = 60000
	http.read.timeout.ms = 60000
	id.compatibility.strict = true
	key.subject.name.strategy = class io.confluent.kafka.serializers.subject.TopicNameStrategy
	latest.cache.size = 1000
	latest.cache.ttl.sec = -1
	latest.compatibility.strict = true
	max.retries = 3
	max.schemas.per.subject = 1000
	normalize.schemas = false
	propagate.schema.tags = false
	proxy.host = 
	proxy.port = -1
	retries.max.wait.ms = 20000
	retries.wait.ms = 1000
	rule.actions = []
	rule.executors = []
	rule.service.loader.enable = true
	schema.format = null
	schema.reflection = false
	schema.registry.basic.auth.user.info = [hidden]
	schema.registry.ssl.cipher.suites = null
	schema.registry.ssl.enabled.protocols = [TLSv1.2, TLSv1.3]
	schema.registry.ssl.endpoint.identification.algorithm = https
	schema.registry.ssl.engine.factory.class = null
	schema.registry.ssl.key.password = null
	schema.registry.ssl.keymanager.algorithm = SunX509
	schema.registry.ssl.keystore.certificate.chain = null
	schema.registry.ssl.keystore.key = null
	schema.registry.ssl.keystore.location = null
	schema.registry.ssl.keystore.password = null
	schema.registry.ssl.keystore.type = JKS
	schema.registry.ssl.protocol = TLSv1.3
	schema.registry.ssl.provider = null
	schema.registry.ssl.secure.random.implementation = null
	schema.registry.ssl.trustmanager.algorithm = PKIX
	schema.registry.ssl.truststore.certificates = null
	schema.registry.ssl.truststore.location = null
	schema.registry.ssl.truststore.password = null
	schema.registry.ssl.truststore.type = JKS
	schema.registry.url = [http://registry-app-postgresql.apps.ci419.apicurio-testing.org:80/apis/ccompat/v7]
	specific.avro.key.type = null
	specific.avro.reader = false
	specific.avro.value.type = null
	use.latest.version = false
	use.latest.with.metadata = null
	use.schema.id = -1
	value.subject.name.strategy = class io.confluent.kafka.serializers.subject.TopicNameStrategy

2025-07-31 02:22:57,498 INFO  [io.con.kaf.ser.KafkaAvroDeserializerConfig] (main) KafkaAvroDeserializerConfig values: 
	auto.register.schemas = true
	avro.reflection.allow.null = false
	avro.use.logical.type.converters = false
	basic.auth.credentials.source = URL
	basic.auth.user.info = [hidden]
	bearer.auth.cache.expiry.buffer.seconds = 300
	bearer.auth.client.id = null
	bearer.auth.client.secret = null
	bearer.auth.credentials.source = STATIC_TOKEN
	bearer.auth.custom.provider.class = null
	bearer.auth.identity.pool.id = null
	bearer.auth.issuer.endpoint.url = null
	bearer.auth.logical.cluster = null
	bearer.auth.scope = null
	bearer.auth.scope.claim.name = scope
	bearer.auth.sub.claim.name = sub
	bearer.auth.token = [hidden]
	context.name.strategy = class io.confluent.kafka.serializers.context.NullContextNameStrategy
	http.connect.timeout.ms = 60000
	http.read.timeout.ms = 60000
	id.compatibility.strict = true
	key.subject.name.strategy = class io.confluent.kafka.serializers.subject.TopicNameStrategy
	latest.cache.size = 1000
	latest.cache.ttl.sec = -1
	latest.compatibility.strict = true
	max.retries = 3
	max.schemas.per.subject = 1000
	normalize.schemas = false
	propagate.schema.tags = false
	proxy.host = 
	proxy.port = -1
	retries.max.wait.ms = 20000
	retries.wait.ms = 1000
	rule.actions = []
	rule.executors = []
	rule.service.loader.enable = true
	schema.format = null
	schema.reflection = false
	schema.registry.basic.auth.user.info = [hidden]
	schema.registry.ssl.cipher.suites = null
	schema.registry.ssl.enabled.protocols = [TLSv1.2, TLSv1.3]
	schema.registry.ssl.endpoint.identification.algorithm = https
	schema.registry.ssl.engine.factory.class = null
	schema.registry.ssl.key.password = null
	schema.registry.ssl.keymanager.algorithm = SunX509
	schema.registry.ssl.keystore.certificate.chain = null
	schema.registry.ssl.keystore.key = null
	schema.registry.ssl.keystore.location = null
	schema.registry.ssl.keystore.password = null
	schema.registry.ssl.keystore.type = JKS
	schema.registry.ssl.protocol = TLSv1.3
	schema.registry.ssl.provider = null
	schema.registry.ssl.secure.random.implementation = null
	schema.registry.ssl.trustmanager.algorithm = PKIX
	schema.registry.ssl.truststore.certificates = null
	schema.registry.ssl.truststore.location = null
	schema.registry.ssl.truststore.password = null
	schema.registry.ssl.truststore.type = JKS
	schema.registry.url = [http://registry-app-postgresql.apps.ci419.apicurio-testing.org:80/apis/ccompat/v7]
	specific.avro.key.type = null
	specific.avro.reader = false
	specific.avro.value.type = null
	use.latest.version = false
	use.latest.with.metadata = null
	use.schema.id = -1
	value.subject.name.strategy = class io.confluent.kafka.serializers.subject.TopicNameStrategy

2025-07-31 02:22:57,524 INFO  [org.apa.kaf.cli.con.ConsumerConfig] (main) These configurations '[schema.registry.url]' were supplied but are not used yet.
2025-07-31 02:22:57,525 INFO  [org.apa.kaf.com.uti.AppInfoParser] (main) Kafka version: 3.9.0
2025-07-31 02:22:57,525 INFO  [org.apa.kaf.com.uti.AppInfoParser] (main) Kafka commitId: 84caaa6e9da06435
2025-07-31 02:22:57,525 INFO  [org.apa.kaf.com.uti.AppInfoParser] (main) Kafka startTimeMs: 1753928577525
2025-07-31 02:22:57,528 INFO  [org.apa.kaf.cli.con.int.ClassicKafkaConsumer] (Thread-339) [Consumer clientId=consumer-Consumer-topic-ebec4278_48fb_4cda_bffb_647d5e46ceff-30, groupId=Consumer-topic-ebec4278_48fb_4cda_bffb_647d5e46ceff] Subscribed to topic(s): topic-ebec4278_48fb_4cda_bffb_647d5e46ceff
2025-07-31 02:22:57,537 INFO  [org.apa.kaf.cli.Metadata] (Thread-339) [Consumer clientId=consumer-Consumer-topic-ebec4278_48fb_4cda_bffb_647d5e46ceff-30, groupId=Consumer-topic-ebec4278_48fb_4cda_bffb_647d5e46ceff] Cluster ID: d3IyjYRDQrmXThhQeh46ug
2025-07-31 02:22:57,538 INFO  [org.apa.kaf.cli.con.int.ConsumerCoordinator] (Thread-339) [Consumer clientId=consumer-Consumer-topic-ebec4278_48fb_4cda_bffb_647d5e46ceff-30, groupId=Consumer-topic-ebec4278_48fb_4cda_bffb_647d5e46ceff] Discovered group coordinator localhost:32770 (id: 2147483647 rack: null)
2025-07-31 02:22:57,540 INFO  [org.apa.kaf.cli.con.int.ConsumerCoordinator] (Thread-339) [Consumer clientId=consumer-Consumer-topic-ebec4278_48fb_4cda_bffb_647d5e46ceff-30, groupId=Consumer-topic-ebec4278_48fb_4cda_bffb_647d5e46ceff] (Re-)joining group
2025-07-31 02:22:57,542 INFO  [org.apa.kaf.cli.con.int.ConsumerCoordinator] (Thread-339) [Consumer clientId=consumer-Consumer-topic-ebec4278_48fb_4cda_bffb_647d5e46ceff-30, groupId=Consumer-topic-ebec4278_48fb_4cda_bffb_647d5e46ceff] Request joining group due to: need to re-join with the given member-id: consumer-Consumer-topic-ebec4278_48fb_4cda_bffb_647d5e46ceff-30-754509a9-1d59-4f5e-b96f-07eb02e9674d
2025-07-31 02:22:57,542 INFO  [org.apa.kaf.cli.con.int.ConsumerCoordinator] (Thread-339) [Consumer clientId=consumer-Consumer-topic-ebec4278_48fb_4cda_bffb_647d5e46ceff-30, groupId=Consumer-topic-ebec4278_48fb_4cda_bffb_647d5e46ceff] (Re-)joining group
2025-07-31 02:22:57,545 INFO  [org.apa.kaf.cli.con.int.ConsumerCoordinator] (Thread-339) [Consumer clientId=consumer-Consumer-topic-ebec4278_48fb_4cda_bffb_647d5e46ceff-30, groupId=Consumer-topic-ebec4278_48fb_4cda_bffb_647d5e46ceff] Successfully joined group with generation Generation{generationId=1, memberId='consumer-Consumer-topic-ebec4278_48fb_4cda_bffb_647d5e46ceff-30-754509a9-1d59-4f5e-b96f-07eb02e9674d', protocol='range'}
2025-07-31 02:22:57,545 INFO  [org.apa.kaf.cli.con.int.ConsumerCoordinator] (Thread-339) [Consumer clientId=consumer-Consumer-topic-ebec4278_48fb_4cda_bffb_647d5e46ceff-30, groupId=Consumer-topic-ebec4278_48fb_4cda_bffb_647d5e46ceff] Finished assignment for group at generation 1: {consumer-Consumer-topic-ebec4278_48fb_4cda_bffb_647d5e46ceff-30-754509a9-1d59-4f5e-b96f-07eb02e9674d=Assignment(partitions=[topic-ebec4278_48fb_4cda_bffb_647d5e46ceff-0])}
2025-07-31 02:22:57,550 INFO  [org.apa.kaf.cli.con.int.ConsumerCoordinator] (Thread-339) [Consumer clientId=consumer-Consumer-topic-ebec4278_48fb_4cda_bffb_647d5e46ceff-30, groupId=Consumer-topic-ebec4278_48fb_4cda_bffb_647d5e46ceff] Successfully synced group in generation Generation{generationId=1, memberId='consumer-Consumer-topic-ebec4278_48fb_4cda_bffb_647d5e46ceff-30-754509a9-1d59-4f5e-b96f-07eb02e9674d', protocol='range'}
2025-07-31 02:22:57,550 INFO  [org.apa.kaf.cli.con.int.ConsumerCoordinator] (Thread-339) [Consumer clientId=consumer-Consumer-topic-ebec4278_48fb_4cda_bffb_647d5e46ceff-30, groupId=Consumer-topic-ebec4278_48fb_4cda_bffb_647d5e46ceff] Notifying assignor about the new Assignment(partitions=[topic-ebec4278_48fb_4cda_bffb_647d5e46ceff-0])
2025-07-31 02:22:57,550 INFO  [org.apa.kaf.cli.con.int.ConsumerRebalanceListenerInvoker] (Thread-339) [Consumer clientId=consumer-Consumer-topic-ebec4278_48fb_4cda_bffb_647d5e46ceff-30, groupId=Consumer-topic-ebec4278_48fb_4cda_bffb_647d5e46ceff] Adding newly assigned partitions: topic-ebec4278_48fb_4cda_bffb_647d5e46ceff-0
2025-07-31 02:22:57,553 INFO  [org.apa.kaf.cli.con.int.ConsumerCoordinator] (Thread-339) [Consumer clientId=consumer-Consumer-topic-ebec4278_48fb_4cda_bffb_647d5e46ceff-30, groupId=Consumer-topic-ebec4278_48fb_4cda_bffb_647d5e46ceff] Found no committed offset for partition topic-ebec4278_48fb_4cda_bffb_647d5e46ceff-0
2025-07-31 02:22:57,563 INFO  [org.apa.kaf.cli.con.int.SubscriptionState] (Thread-339) [Consumer clientId=consumer-Consumer-topic-ebec4278_48fb_4cda_bffb_647d5e46ceff-30, groupId=Consumer-topic-ebec4278_48fb_4cda_bffb_647d5e46ceff] Resetting offset for partition topic-ebec4278_48fb_4cda_bffb_647d5e46ceff-0 to position FetchPosition{offset=0, offsetEpoch=Optional.empty, currentLeader=LeaderAndEpoch{leader=Optional[localhost:32770 (id: 0 rack: null)], epoch=0}}.
2025-07-31 02:22:57,582 INFO  [io.api.tes.ser.api.KafkaSerdesTester] (Thread-339) topic-ebec4278_48fb_4cda_bffb_647d5e46ceff 0 0 {"key1": "value-0"}
2025-07-31 02:22:57,582 INFO  [io.api.tes.ser.api.KafkaSerdesTester] (Thread-339) topic-ebec4278_48fb_4cda_bffb_647d5e46ceff 0 1 {"key1": "value-1"}
2025-07-31 02:22:57,582 INFO  [io.api.tes.ser.api.KafkaSerdesTester] (Thread-339) topic-ebec4278_48fb_4cda_bffb_647d5e46ceff 0 2 {"key1": "value-2"}
2025-07-31 02:22:57,582 INFO  [io.api.tes.ser.api.KafkaSerdesTester] (Thread-339) topic-ebec4278_48fb_4cda_bffb_647d5e46ceff 0 3 {"key1": "value-3"}
2025-07-31 02:22:57,582 INFO  [io.api.tes.ser.api.KafkaSerdesTester] (Thread-339) topic-ebec4278_48fb_4cda_bffb_647d5e46ceff 0 4 {"key1": "value-4"}
2025-07-31 02:22:57,582 INFO  [io.api.tes.ser.api.KafkaSerdesTester] (Thread-339) topic-ebec4278_48fb_4cda_bffb_647d5e46ceff 0 5 {"key1": "value-5"}
2025-07-31 02:22:57,582 INFO  [io.api.tes.ser.api.KafkaSerdesTester] (Thread-339) topic-ebec4278_48fb_4cda_bffb_647d5e46ceff 0 6 {"key1": "value-6"}
2025-07-31 02:22:57,582 INFO  [io.api.tes.ser.api.KafkaSerdesTester] (Thread-339) topic-ebec4278_48fb_4cda_bffb_647d5e46ceff 0 7 {"key1": "value-7"}
2025-07-31 02:22:57,582 INFO  [io.api.tes.ser.api.KafkaSerdesTester] (Thread-339) topic-ebec4278_48fb_4cda_bffb_647d5e46ceff 0 8 {"key1": "value-8"}
2025-07-31 02:22:57,582 INFO  [io.api.tes.ser.api.KafkaSerdesTester] (Thread-339) topic-ebec4278_48fb_4cda_bffb_647d5e46ceff 0 9 {"key1": "value-9"}
2025-07-31 02:22:57,582 INFO  [io.api.tes.ser.api.KafkaSerdesTester] (Thread-339) Consumed 10 messages
2025-07-31 02:22:57,588 INFO  [org.apa.kaf.cli.con.int.ConsumerRebalanceListenerInvoker] (Thread-339) [Consumer clientId=consumer-Consumer-topic-ebec4278_48fb_4cda_bffb_647d5e46ceff-30, groupId=Consumer-topic-ebec4278_48fb_4cda_bffb_647d5e46ceff] Revoke previously assigned partitions topic-ebec4278_48fb_4cda_bffb_647d5e46ceff-0
2025-07-31 02:22:57,588 INFO  [org.apa.kaf.cli.con.int.ConsumerCoordinator] (Thread-339) [Consumer clientId=consumer-Consumer-topic-ebec4278_48fb_4cda_bffb_647d5e46ceff-30, groupId=Consumer-topic-ebec4278_48fb_4cda_bffb_647d5e46ceff] Member consumer-Consumer-topic-ebec4278_48fb_4cda_bffb_647d5e46ceff-30-754509a9-1d59-4f5e-b96f-07eb02e9674d sending LeaveGroup request to coordinator localhost:32770 (id: 2147483647 rack: null) due to the consumer is being closed
2025-07-31 02:22:57,589 INFO  [org.apa.kaf.cli.con.int.ConsumerCoordinator] (Thread-339) [Consumer clientId=consumer-Consumer-topic-ebec4278_48fb_4cda_bffb_647d5e46ceff-30, groupId=Consumer-topic-ebec4278_48fb_4cda_bffb_647d5e46ceff] Resetting generation and member id due to: consumer pro-actively leaving the group
2025-07-31 02:22:57,589 INFO  [org.apa.kaf.cli.con.int.ConsumerCoordinator] (Thread-339) [Consumer clientId=consumer-Consumer-topic-ebec4278_48fb_4cda_bffb_647d5e46ceff-30, groupId=Consumer-topic-ebec4278_48fb_4cda_bffb_647d5e46ceff] Request joining group due to: consumer pro-actively leaving the group
2025-07-31 02:22:58,086 INFO  [org.apa.kaf.com.met.Metrics] (Thread-339) Metrics scheduler closed
2025-07-31 02:22:58,086 INFO  [org.apa.kaf.com.met.Metrics] (Thread-339) Closing reporter org.apache.kafka.common.metrics.JmxReporter
2025-07-31 02:22:58,086 INFO  [org.apa.kaf.com.met.Metrics] (Thread-339) Closing reporter org.apache.kafka.common.telemetry.internals.ClientTelemetryReporter
2025-07-31 02:22:58,086 INFO  [org.apa.kaf.com.met.Metrics] (Thread-339) Metrics reporters closed
2025-07-31 02:22:58,088 INFO  [org.apa.kaf.com.uti.AppInfoParser] (Thread-339) App info kafka.consumer for consumer-Consumer-topic-ebec4278_48fb_4cda_bffb_647d5e46ceff-30 unregistered
2025-07-31 02:22:58,104 INFO  [io.api.tes.ser.con.BasicConfluentSerDesIT] (main) Deleting confluent schema topic-ebec4278_48fb_4cda_bffb_647d5e46ceff-value
2025-07-31 02:22:58,116 INFO  [io.api.tes.uti.TestSeparator] (main) io.apicurio.tests.serdes.confluent.BasicConfluentSerDesIT.testAvroApicurioConfluent-FINISHED
2025-07-31 02:22:58,116 INFO  [io.api.tes.uti.TestSeparator] (main) ############################################################################
]]></system-out>
  </testcase>
  <testcase name="testAvroConfluentSerDesFail" classname="io.apicurio.tests.serdes.confluent.BasicConfluentSerDesIT" time="0.098">
    <system-out><![CDATA[2025-07-31 02:22:58,117 INFO  [io.api.tes.uti.TestSeparator] (main) ############################################################################
2025-07-31 02:22:58,117 INFO  [io.api.tes.uti.TestSeparator] (main) io.apicurio.tests.serdes.confluent.BasicConfluentSerDesIT.testAvroConfluentSerDesFail-STARTED
2025-07-31 02:22:58,157 INFO  [io.api.tes.ser.con.BasicConfluentSerDesIT] (main) Checking that created schema is equal to the get schema
2025-07-31 02:22:58,169 INFO  [io.api.tes.ser.con.BasicConfluentSerDesIT] (main) Created schema with id:38 and name:myrecordconfluent2
2025-07-31 02:22:58,170 INFO  [org.apa.kaf.cli.pro.ProducerConfig] (main) ProducerConfig values: 
	acks = -1
	auto.include.jmx.reporter = true
	batch.size = 16384
	bootstrap.servers = [PLAINTEXT://localhost:32770]
	buffer.memory = 33554432
	client.dns.lookup = use_all_dns_ips
	client.id = Producer-topic-9cf1b477_00b6_4c73_983c_b789e35ee087
	compression.gzip.level = -1
	compression.lz4.level = 9
	compression.type = none
	compression.zstd.level = 3
	connections.max.idle.ms = 10000
	delivery.timeout.ms = 120000
	enable.idempotence = true
	enable.metrics.push = true
	interceptor.classes = []
	key.serializer = class org.apache.kafka.common.serialization.StringSerializer
	linger.ms = 0
	max.block.ms = 60000
	max.in.flight.requests.per.connection = 5
	max.request.size = 1048576
	metadata.max.age.ms = 300000
	metadata.max.idle.ms = 300000
	metadata.recovery.strategy = none
	metric.reporters = []
	metrics.num.samples = 2
	metrics.recording.level = INFO
	metrics.sample.window.ms = 30000
	partitioner.adaptive.partitioning.enable = true
	partitioner.availability.timeout.ms = 0
	partitioner.class = null
	partitioner.ignore.keys = false
	receive.buffer.bytes = 32768
	reconnect.backoff.max.ms = 1000
	reconnect.backoff.ms = 50
	request.timeout.ms = 5000
	retries = 2147483647
	retry.backoff.max.ms = 1000
	retry.backoff.ms = 100
	sasl.client.callback.handler.class = null
	sasl.jaas.config = null
	sasl.kerberos.kinit.cmd = /usr/bin/kinit
	sasl.kerberos.min.time.before.relogin = 60000
	sasl.kerberos.service.name = null
	sasl.kerberos.ticket.renew.jitter = 0.05
	sasl.kerberos.ticket.renew.window.factor = 0.8
	sasl.login.callback.handler.class = null
	sasl.login.class = null
	sasl.login.connect.timeout.ms = null
	sasl.login.read.timeout.ms = null
	sasl.login.refresh.buffer.seconds = 300
	sasl.login.refresh.min.period.seconds = 60
	sasl.login.refresh.window.factor = 0.8
	sasl.login.refresh.window.jitter = 0.05
	sasl.login.retry.backoff.max.ms = 10000
	sasl.login.retry.backoff.ms = 100
	sasl.mechanism = GSSAPI
	sasl.oauthbearer.clock.skew.seconds = 30
	sasl.oauthbearer.expected.audience = null
	sasl.oauthbearer.expected.issuer = null
	sasl.oauthbearer.header.urlencode = false
	sasl.oauthbearer.jwks.endpoint.refresh.ms = 3600000
	sasl.oauthbearer.jwks.endpoint.retry.backoff.max.ms = 10000
	sasl.oauthbearer.jwks.endpoint.retry.backoff.ms = 100
	sasl.oauthbearer.jwks.endpoint.url = null
	sasl.oauthbearer.scope.claim.name = scope
	sasl.oauthbearer.sub.claim.name = sub
	sasl.oauthbearer.token.endpoint.url = null
	security.protocol = PLAINTEXT
	security.providers = null
	send.buffer.bytes = 131072
	socket.connection.setup.timeout.max.ms = 30000
	socket.connection.setup.timeout.ms = 10000
	ssl.cipher.suites = null
	ssl.enabled.protocols = [TLSv1.2, TLSv1.3]
	ssl.endpoint.identification.algorithm = https
	ssl.engine.factory.class = null
	ssl.key.password = null
	ssl.keymanager.algorithm = SunX509
	ssl.keystore.certificate.chain = null
	ssl.keystore.key = null
	ssl.keystore.location = null
	ssl.keystore.password = null
	ssl.keystore.type = JKS
	ssl.protocol = TLSv1.3
	ssl.provider = null
	ssl.secure.random.implementation = null
	ssl.trustmanager.algorithm = PKIX
	ssl.truststore.certificates = null
	ssl.truststore.location = null
	ssl.truststore.password = null
	ssl.truststore.type = JKS
	transaction.timeout.ms = 60000
	transactional.id = null
	value.serializer = class io.confluent.kafka.serializers.KafkaAvroSerializer

2025-07-31 02:22:58,170 INFO  [org.apa.kaf.com.tel.int.KafkaMetricsCollector] (main) initializing Kafka metrics collector
2025-07-31 02:22:58,171 INFO  [io.con.kaf.ser.KafkaAvroSerializerConfig] (main) KafkaAvroSerializerConfig values: 
	auto.register.schemas = false
	avro.reflection.allow.null = false
	avro.remove.java.properties = false
	avro.use.logical.type.converters = false
	basic.auth.credentials.source = URL
	basic.auth.user.info = [hidden]
	bearer.auth.cache.expiry.buffer.seconds = 300
	bearer.auth.client.id = null
	bearer.auth.client.secret = null
	bearer.auth.credentials.source = STATIC_TOKEN
	bearer.auth.custom.provider.class = null
	bearer.auth.identity.pool.id = null
	bearer.auth.issuer.endpoint.url = null
	bearer.auth.logical.cluster = null
	bearer.auth.scope = null
	bearer.auth.scope.claim.name = scope
	bearer.auth.sub.claim.name = sub
	bearer.auth.token = [hidden]
	context.name.strategy = class io.confluent.kafka.serializers.context.NullContextNameStrategy
	http.connect.timeout.ms = 60000
	http.read.timeout.ms = 60000
	id.compatibility.strict = true
	key.subject.name.strategy = class io.confluent.kafka.serializers.subject.TopicNameStrategy
	latest.cache.size = 1000
	latest.cache.ttl.sec = -1
	latest.compatibility.strict = true
	max.retries = 3
	max.schemas.per.subject = 1000
	normalize.schemas = false
	propagate.schema.tags = false
	proxy.host = 
	proxy.port = -1
	retries.max.wait.ms = 20000
	retries.wait.ms = 1000
	rule.actions = []
	rule.executors = []
	rule.service.loader.enable = true
	schema.format = null
	schema.reflection = false
	schema.registry.basic.auth.user.info = [hidden]
	schema.registry.ssl.cipher.suites = null
	schema.registry.ssl.enabled.protocols = [TLSv1.2, TLSv1.3]
	schema.registry.ssl.endpoint.identification.algorithm = https
	schema.registry.ssl.engine.factory.class = null
	schema.registry.ssl.key.password = null
	schema.registry.ssl.keymanager.algorithm = SunX509
	schema.registry.ssl.keystore.certificate.chain = null
	schema.registry.ssl.keystore.key = null
	schema.registry.ssl.keystore.location = null
	schema.registry.ssl.keystore.password = null
	schema.registry.ssl.keystore.type = JKS
	schema.registry.ssl.protocol = TLSv1.3
	schema.registry.ssl.provider = null
	schema.registry.ssl.secure.random.implementation = null
	schema.registry.ssl.trustmanager.algorithm = PKIX
	schema.registry.ssl.truststore.certificates = null
	schema.registry.ssl.truststore.location = null
	schema.registry.ssl.truststore.password = null
	schema.registry.ssl.truststore.type = JKS
	schema.registry.url = [http://registry-app-postgresql.apps.ci419.apicurio-testing.org:80/apis/ccompat/v7]
	use.latest.version = false
	use.latest.with.metadata = null
	use.schema.id = -1
	value.subject.name.strategy = class io.confluent.kafka.serializers.subject.RecordNameStrategy

2025-07-31 02:22:58,172 INFO  [org.apa.kaf.cli.pro.KafkaProducer] (main) [Producer clientId=Producer-topic-9cf1b477_00b6_4c73_983c_b789e35ee087] Instantiated an idempotent producer.
2025-07-31 02:22:58,173 INFO  [org.apa.kaf.cli.pro.ProducerConfig] (main) These configurations '[schema.registry.url, auto.register.schemas, value.subject.name.strategy]' were supplied but are not used yet.
2025-07-31 02:22:58,173 INFO  [org.apa.kaf.com.uti.AppInfoParser] (main) Kafka version: 3.9.0
2025-07-31 02:22:58,173 INFO  [org.apa.kaf.com.uti.AppInfoParser] (main) Kafka commitId: 84caaa6e9da06435
2025-07-31 02:22:58,173 INFO  [org.apa.kaf.com.uti.AppInfoParser] (main) Kafka startTimeMs: 1753928578173
2025-07-31 02:22:58,174 INFO  [io.api.tes.ser.api.KafkaSerdesTester] (Thread-340) Sending message {"wrongkey": "value-0"} to topic topic-9cf1b477_00b6_4c73_983c_b789e35ee087
2025-07-31 02:22:58,177 INFO  [org.apa.kaf.cli.Metadata] (kafka-producer-network-thread | Producer-topic-9cf1b477_00b6_4c73_983c_b789e35ee087) [Producer clientId=Producer-topic-9cf1b477_00b6_4c73_983c_b789e35ee087] Cluster ID: d3IyjYRDQrmXThhQeh46ug
2025-07-31 02:22:58,177 INFO  [org.apa.kaf.cli.pro.int.TransactionManager] (kafka-producer-network-thread | Producer-topic-9cf1b477_00b6_4c73_983c_b789e35ee087) [Producer clientId=Producer-topic-9cf1b477_00b6_4c73_983c_b789e35ee087] ProducerId set to 39 with epoch 0
2025-07-31 02:22:58,187 INFO  [org.apa.kaf.cli.pro.KafkaProducer] (Thread-340) [Producer clientId=Producer-topic-9cf1b477_00b6_4c73_983c_b789e35ee087] Closing the Kafka producer with timeoutMillis = 9223372036854775807 ms.
2025-07-31 02:22:58,189 INFO  [org.apa.kaf.com.met.Metrics] (Thread-340) Metrics scheduler closed
2025-07-31 02:22:58,189 INFO  [org.apa.kaf.com.met.Metrics] (Thread-340) Closing reporter org.apache.kafka.common.metrics.JmxReporter
2025-07-31 02:22:58,189 INFO  [org.apa.kaf.com.met.Metrics] (Thread-340) Closing reporter org.apache.kafka.common.telemetry.internals.ClientTelemetryReporter
2025-07-31 02:22:58,189 INFO  [org.apa.kaf.com.met.Metrics] (Thread-340) Metrics reporters closed
2025-07-31 02:22:58,189 INFO  [org.apa.kaf.com.uti.AppInfoParser] (Thread-340) App info kafka.producer for Producer-topic-9cf1b477_00b6_4c73_983c_b789e35ee087 unregistered
2025-07-31 02:22:58,203 INFO  [io.api.tes.ser.con.BasicConfluentSerDesIT] (main) Deleting confluent schema myrecordconfluent2
2025-07-31 02:22:58,215 INFO  [io.api.tes.uti.TestSeparator] (main) io.apicurio.tests.serdes.confluent.BasicConfluentSerDesIT.testAvroConfluentSerDesFail-FINISHED
2025-07-31 02:22:58,215 INFO  [io.api.tes.uti.TestSeparator] (main) ############################################################################
]]></system-out>
  </testcase>
  <testcase name="testAvroConfluentSerDesWrongStrategyRecord" classname="io.apicurio.tests.serdes.confluent.BasicConfluentSerDesIT" time="0.108">
    <system-out><![CDATA[2025-07-31 02:22:58,216 INFO  [io.api.tes.uti.TestSeparator] (main) ############################################################################
2025-07-31 02:22:58,216 INFO  [io.api.tes.uti.TestSeparator] (main) io.apicurio.tests.serdes.confluent.BasicConfluentSerDesIT.testAvroConfluentSerDesWrongStrategyRecord-STARTED
2025-07-31 02:22:58,256 INFO  [io.api.tes.ser.con.BasicConfluentSerDesIT] (main) Checking that created schema is equal to the get schema
2025-07-31 02:22:58,266 INFO  [io.api.tes.ser.con.BasicConfluentSerDesIT] (main) Created schema with id:39 and name:myrecordconfluent4
2025-07-31 02:22:58,267 INFO  [org.apa.kaf.cli.pro.ProducerConfig] (main) ProducerConfig values: 
	acks = -1
	auto.include.jmx.reporter = true
	batch.size = 16384
	bootstrap.servers = [PLAINTEXT://localhost:32770]
	buffer.memory = 33554432
	client.dns.lookup = use_all_dns_ips
	client.id = Producer-topic-98561fb1_261d_4868_8300_e609d41bf49e
	compression.gzip.level = -1
	compression.lz4.level = 9
	compression.type = none
	compression.zstd.level = 3
	connections.max.idle.ms = 10000
	delivery.timeout.ms = 120000
	enable.idempotence = true
	enable.metrics.push = true
	interceptor.classes = []
	key.serializer = class org.apache.kafka.common.serialization.StringSerializer
	linger.ms = 0
	max.block.ms = 60000
	max.in.flight.requests.per.connection = 5
	max.request.size = 1048576
	metadata.max.age.ms = 300000
	metadata.max.idle.ms = 300000
	metadata.recovery.strategy = none
	metric.reporters = []
	metrics.num.samples = 2
	metrics.recording.level = INFO
	metrics.sample.window.ms = 30000
	partitioner.adaptive.partitioning.enable = true
	partitioner.availability.timeout.ms = 0
	partitioner.class = null
	partitioner.ignore.keys = false
	receive.buffer.bytes = 32768
	reconnect.backoff.max.ms = 1000
	reconnect.backoff.ms = 50
	request.timeout.ms = 5000
	retries = 2147483647
	retry.backoff.max.ms = 1000
	retry.backoff.ms = 100
	sasl.client.callback.handler.class = null
	sasl.jaas.config = null
	sasl.kerberos.kinit.cmd = /usr/bin/kinit
	sasl.kerberos.min.time.before.relogin = 60000
	sasl.kerberos.service.name = null
	sasl.kerberos.ticket.renew.jitter = 0.05
	sasl.kerberos.ticket.renew.window.factor = 0.8
	sasl.login.callback.handler.class = null
	sasl.login.class = null
	sasl.login.connect.timeout.ms = null
	sasl.login.read.timeout.ms = null
	sasl.login.refresh.buffer.seconds = 300
	sasl.login.refresh.min.period.seconds = 60
	sasl.login.refresh.window.factor = 0.8
	sasl.login.refresh.window.jitter = 0.05
	sasl.login.retry.backoff.max.ms = 10000
	sasl.login.retry.backoff.ms = 100
	sasl.mechanism = GSSAPI
	sasl.oauthbearer.clock.skew.seconds = 30
	sasl.oauthbearer.expected.audience = null
	sasl.oauthbearer.expected.issuer = null
	sasl.oauthbearer.header.urlencode = false
	sasl.oauthbearer.jwks.endpoint.refresh.ms = 3600000
	sasl.oauthbearer.jwks.endpoint.retry.backoff.max.ms = 10000
	sasl.oauthbearer.jwks.endpoint.retry.backoff.ms = 100
	sasl.oauthbearer.jwks.endpoint.url = null
	sasl.oauthbearer.scope.claim.name = scope
	sasl.oauthbearer.sub.claim.name = sub
	sasl.oauthbearer.token.endpoint.url = null
	security.protocol = PLAINTEXT
	security.providers = null
	send.buffer.bytes = 131072
	socket.connection.setup.timeout.max.ms = 30000
	socket.connection.setup.timeout.ms = 10000
	ssl.cipher.suites = null
	ssl.enabled.protocols = [TLSv1.2, TLSv1.3]
	ssl.endpoint.identification.algorithm = https
	ssl.engine.factory.class = null
	ssl.key.password = null
	ssl.keymanager.algorithm = SunX509
	ssl.keystore.certificate.chain = null
	ssl.keystore.key = null
	ssl.keystore.location = null
	ssl.keystore.password = null
	ssl.keystore.type = JKS
	ssl.protocol = TLSv1.3
	ssl.provider = null
	ssl.secure.random.implementation = null
	ssl.trustmanager.algorithm = PKIX
	ssl.truststore.certificates = null
	ssl.truststore.location = null
	ssl.truststore.password = null
	ssl.truststore.type = JKS
	transaction.timeout.ms = 60000
	transactional.id = null
	value.serializer = class io.confluent.kafka.serializers.KafkaAvroSerializer

2025-07-31 02:22:58,267 INFO  [org.apa.kaf.com.tel.int.KafkaMetricsCollector] (main) initializing Kafka metrics collector
2025-07-31 02:22:58,271 INFO  [io.con.kaf.ser.KafkaAvroSerializerConfig] (main) KafkaAvroSerializerConfig values: 
	auto.register.schemas = false
	avro.reflection.allow.null = false
	avro.remove.java.properties = false
	avro.use.logical.type.converters = false
	basic.auth.credentials.source = URL
	basic.auth.user.info = [hidden]
	bearer.auth.cache.expiry.buffer.seconds = 300
	bearer.auth.client.id = null
	bearer.auth.client.secret = null
	bearer.auth.credentials.source = STATIC_TOKEN
	bearer.auth.custom.provider.class = null
	bearer.auth.identity.pool.id = null
	bearer.auth.issuer.endpoint.url = null
	bearer.auth.logical.cluster = null
	bearer.auth.scope = null
	bearer.auth.scope.claim.name = scope
	bearer.auth.sub.claim.name = sub
	bearer.auth.token = [hidden]
	context.name.strategy = class io.confluent.kafka.serializers.context.NullContextNameStrategy
	http.connect.timeout.ms = 60000
	http.read.timeout.ms = 60000
	id.compatibility.strict = true
	key.subject.name.strategy = class io.confluent.kafka.serializers.subject.TopicNameStrategy
	latest.cache.size = 1000
	latest.cache.ttl.sec = -1
	latest.compatibility.strict = true
	max.retries = 3
	max.schemas.per.subject = 1000
	normalize.schemas = false
	propagate.schema.tags = false
	proxy.host = 
	proxy.port = -1
	retries.max.wait.ms = 20000
	retries.wait.ms = 1000
	rule.actions = []
	rule.executors = []
	rule.service.loader.enable = true
	schema.format = null
	schema.reflection = false
	schema.registry.basic.auth.user.info = [hidden]
	schema.registry.ssl.cipher.suites = null
	schema.registry.ssl.enabled.protocols = [TLSv1.2, TLSv1.3]
	schema.registry.ssl.endpoint.identification.algorithm = https
	schema.registry.ssl.engine.factory.class = null
	schema.registry.ssl.key.password = null
	schema.registry.ssl.keymanager.algorithm = SunX509
	schema.registry.ssl.keystore.certificate.chain = null
	schema.registry.ssl.keystore.key = null
	schema.registry.ssl.keystore.location = null
	schema.registry.ssl.keystore.password = null
	schema.registry.ssl.keystore.type = JKS
	schema.registry.ssl.protocol = TLSv1.3
	schema.registry.ssl.provider = null
	schema.registry.ssl.secure.random.implementation = null
	schema.registry.ssl.trustmanager.algorithm = PKIX
	schema.registry.ssl.truststore.certificates = null
	schema.registry.ssl.truststore.location = null
	schema.registry.ssl.truststore.password = null
	schema.registry.ssl.truststore.type = JKS
	schema.registry.url = [http://registry-app-postgresql.apps.ci419.apicurio-testing.org:80/apis/ccompat/v7]
	use.latest.version = false
	use.latest.with.metadata = null
	use.schema.id = -1
	value.subject.name.strategy = class io.confluent.kafka.serializers.subject.RecordNameStrategy

2025-07-31 02:22:58,273 INFO  [org.apa.kaf.cli.pro.KafkaProducer] (main) [Producer clientId=Producer-topic-98561fb1_261d_4868_8300_e609d41bf49e] Instantiated an idempotent producer.
2025-07-31 02:22:58,278 INFO  [org.apa.kaf.cli.pro.ProducerConfig] (main) These configurations '[schema.registry.url, auto.register.schemas, value.subject.name.strategy]' were supplied but are not used yet.
2025-07-31 02:22:58,278 INFO  [org.apa.kaf.com.uti.AppInfoParser] (main) Kafka version: 3.9.0
2025-07-31 02:22:58,278 INFO  [org.apa.kaf.com.uti.AppInfoParser] (main) Kafka commitId: 84caaa6e9da06435
2025-07-31 02:22:58,278 INFO  [org.apa.kaf.com.uti.AppInfoParser] (main) Kafka startTimeMs: 1753928578278
2025-07-31 02:22:58,279 INFO  [io.api.tes.ser.api.KafkaSerdesTester] (Thread-341) Sending message {"wrongkey": "value-0"} to topic topic-98561fb1_261d_4868_8300_e609d41bf49e
2025-07-31 02:22:58,284 INFO  [org.apa.kaf.cli.Metadata] (kafka-producer-network-thread | Producer-topic-98561fb1_261d_4868_8300_e609d41bf49e) [Producer clientId=Producer-topic-98561fb1_261d_4868_8300_e609d41bf49e] Cluster ID: d3IyjYRDQrmXThhQeh46ug
2025-07-31 02:22:58,285 INFO  [org.apa.kaf.cli.pro.int.TransactionManager] (kafka-producer-network-thread | Producer-topic-98561fb1_261d_4868_8300_e609d41bf49e) [Producer clientId=Producer-topic-98561fb1_261d_4868_8300_e609d41bf49e] ProducerId set to 40 with epoch 0
2025-07-31 02:22:58,292 INFO  [org.apa.kaf.cli.pro.KafkaProducer] (Thread-341) [Producer clientId=Producer-topic-98561fb1_261d_4868_8300_e609d41bf49e] Closing the Kafka producer with timeoutMillis = 9223372036854775807 ms.
2025-07-31 02:22:58,294 INFO  [org.apa.kaf.com.met.Metrics] (Thread-341) Metrics scheduler closed
2025-07-31 02:22:58,294 INFO  [org.apa.kaf.com.met.Metrics] (Thread-341) Closing reporter org.apache.kafka.common.metrics.JmxReporter
2025-07-31 02:22:58,294 INFO  [org.apa.kaf.com.met.Metrics] (Thread-341) Closing reporter org.apache.kafka.common.telemetry.internals.ClientTelemetryReporter
2025-07-31 02:22:58,294 INFO  [org.apa.kaf.com.met.Metrics] (Thread-341) Metrics reporters closed
2025-07-31 02:22:58,294 INFO  [org.apa.kaf.com.uti.AppInfoParser] (Thread-341) App info kafka.producer for Producer-topic-98561fb1_261d_4868_8300_e609d41bf49e unregistered
2025-07-31 02:22:58,309 INFO  [io.api.tes.ser.con.BasicConfluentSerDesIT] (main) Deleting confluent schema topic-98561fb1_261d_4868_8300_e609d41bf49e-value
2025-07-31 02:22:58,324 INFO  [io.api.tes.uti.TestSeparator] (main) io.apicurio.tests.serdes.confluent.BasicConfluentSerDesIT.testAvroConfluentSerDesWrongStrategyRecord-FINISHED
2025-07-31 02:22:58,324 INFO  [io.api.tes.uti.TestSeparator] (main) ############################################################################
]]></system-out>
  </testcase>
</testsuite>