<?xml version="1.0" encoding="UTF-8"?>
<testsuite xmlns:xsi="http://www.w3.org/2001/XMLSchema-instance" xsi:noNamespaceSchemaLocation="https://maven.apache.org/surefire/maven-failsafe-plugin/xsd/failsafe-test-report.xsd" version="3.0.2" name="io.apicurio.tests.serdes.apicurio.ProtobufSerdeIT" time="29.722" tests="17" errors="0" skipped="0" failures="0">
  <properties>
    <property name="java.specification.version" value="17"/>
    <property name="sun.jnu.encoding" value="UTF-8"/>
    <property name="java.class.path" value="/home/runner/work/apicurio-testing/apicurio-testing/clusters/ci419/namespaces/kafkasql/tests/integration/apicurio-registry/integration-tests/target/test-classes:/home/runner/work/apicurio-testing/apicurio-testing/clusters/ci419/namespaces/kafkasql/tests/integration/apicurio-registry/integration-tests/target/apicurio-registry-integration-tests-3.0.9.jar:/home/runner/.m2/repository/io/quarkus/quarkus-junit5/3.15.4/quarkus-junit5-3.15.4.jar:/home/runner/.m2/repository/io/quarkus/quarkus-bootstrap-core/3.15.4/quarkus-bootstrap-core-3.15.4.jar:/home/runner/.m2/repository/io/quarkus/quarkus-classloader-commons/3.15.4/quarkus-classloader-commons-3.15.4.jar:/home/runner/.m2/repository/io/quarkus/quarkus-bootstrap-app-model/3.15.4/quarkus-bootstrap-app-model-3.15.4.jar:/home/runner/.m2/repository/io/smallrye/common/smallrye-common-io/2.6.1/smallrye-common-io-2.6.1.jar:/home/runner/.m2/repository/org/eclipse/sisu/org.eclipse.sisu.inject/0.9.0.M3/org.eclipse.sisu.inject-0.9.0.M3.jar:/home/runner/.m2/repository/io/quarkus/quarkus-test-common/3.15.4/quarkus-test-common-3.15.4.jar:/home/runner/.m2/repository/io/quarkus/quarkus-core-deployment/3.15.4/quarkus-core-deployment-3.15.4.jar:/home/runner/.m2/repository/org/aesh/readline/2.6/readline-2.6.jar:/home/runner/.m2/repository/org/fusesource/jansi/jansi/2.4.0/jansi-2.4.0.jar:/home/runner/.m2/repository/org/aesh/aesh/2.8.2/aesh-2.8.2.jar:/home/runner/.m2/repository/io/quarkus/gizmo/gizmo/1.8.0/gizmo-1.8.0.jar:/home/runner/.m2/repository/org/ow2/asm/asm-util/9.7/asm-util-9.7.jar:/home/runner/.m2/repository/org/ow2/asm/asm-analysis/9.7/asm-analysis-9.7.jar:/home/runner/.m2/repository/org/ow2/asm/asm-commons/9.7/asm-commons-9.7.jar:/home/runner/.m2/repository/org/ow2/asm/asm-tree/9.7/asm-tree-9.7.jar:/home/runner/.m2/repository/io/quarkus/quarkus-hibernate-validator-spi/3.15.4/quarkus-hibernate-validator-spi-3.15.4.jar:/home/runner/.m2/repository/io/quarkus/quarkus-class-change-agent/3.15.4/quarkus-class-change-agent-3.15.4.jar:/home/runner/.m2/repository/io/quarkus/quarkus-devtools-utilities/3.15.4/quarkus-devtools-utilities-3.15.4.jar:/home/runner/.m2/repository/io/quarkus/quarkus-builder/3.15.4/quarkus-builder-3.15.4.jar:/home/runner/.m2/repository/org/graalvm/sdk/nativeimage/23.1.2/nativeimage-23.1.2.jar:/home/runner/.m2/repository/org/graalvm/sdk/word/23.1.2/word-23.1.2.jar:/home/runner/.m2/repository/io/quarkus/quarkus-bootstrap-maven-resolver/3.15.4/quarkus-bootstrap-maven-resolver-3.15.4.jar:/home/runner/.m2/repository/io/smallrye/beanbag/smallrye-beanbag-maven/1.5.2/smallrye-beanbag-maven-1.5.2.jar:/home/runner/.m2/repository/io/smallrye/beanbag/smallrye-beanbag-sisu/1.5.2/smallrye-beanbag-sisu-1.5.2.jar:/home/runner/.m2/repository/io/smallrye/beanbag/smallrye-beanbag/1.5.2/smallrye-beanbag-1.5.2.jar:/home/runner/.m2/repository/javax/inject/javax.inject/1/javax.inject-1.jar:/home/runner/.m2/repository/org/apache/maven/maven-artifact/3.9.8/maven-artifact-3.9.8.jar:/home/runner/.m2/repository/org/apache/maven/maven-builder-support/3.9.8/maven-builder-support-3.9.8.jar:/home/runner/.m2/repository/org/apache/maven/maven-model/3.9.8/maven-model-3.9.8.jar:/home/runner/.m2/repository/org/apache/maven/maven-model-builder/3.9.8/maven-model-builder-3.9.8.jar:/home/runner/.m2/repository/org/apache/maven/maven-repository-metadata/3.9.8/maven-repository-metadata-3.9.8.jar:/home/runner/.m2/repository/org/apache/maven/maven-settings/3.9.8/maven-settings-3.9.8.jar:/home/runner/.m2/repository/org/apache/maven/resolver/maven-resolver-api/1.9.22/maven-resolver-api-1.9.22.jar:/home/runner/.m2/repository/org/apache/maven/resolver/maven-resolver-impl/1.9.22/maven-resolver-impl-1.9.22.jar:/home/runner/.m2/repository/org/apache/maven/resolver/maven-resolver-named-locks/1.9.22/maven-resolver-named-locks-1.9.22.jar:/home/runner/.m2/repository/org/apache/maven/resolver/maven-resolver-spi/1.9.22/maven-resolver-spi-1.9.22.jar:/home/runner/.m2/repository/org/apache/maven/resolver/maven-resolver-util/1.9.22/maven-resolver-util-1.9.22.jar:/home/runner/.m2/repository/org/apache/maven/resolver/maven-resolver-transport-http/1.9.20/maven-resolver-transport-http-1.9.20.jar:/home/runner/.m2/repository/org/apache/maven/wagon/wagon-provider-api/3.5.3/wagon-provider-api-3.5.3.jar:/home/runner/.m2/repository/org/apache/maven/wagon/wagon-http-shared/3.5.3/wagon-http-shared-3.5.3.jar:/home/runner/.m2/repository/org/codehaus/plexus/plexus-interpolation/1.26/plexus-interpolation-1.26.jar:/home/runner/.m2/repository/org/codehaus/plexus/plexus-utils/3.5.1/plexus-utils-3.5.1.jar:/home/runner/.m2/repository/org/codehaus/plexus/plexus-xml/4.0.1/plexus-xml-4.0.1.jar:/home/runner/.m2/repository/org/apache/maven/maven-xml-impl/4.0.0-alpha-5/maven-xml-impl-4.0.0-alpha-5.jar:/home/runner/.m2/repository/org/apache/maven/maven-api-xml/4.0.0-alpha-5/maven-api-xml-4.0.0-alpha-5.jar:/home/runner/.m2/repository/org/apache/maven/maven-api-meta/4.0.0-alpha-5/maven-api-meta-4.0.0-alpha-5.jar:/home/runner/.m2/repository/org/codehaus/plexus/plexus-cipher/2.0/plexus-cipher-2.0.jar:/home/runner/.m2/repository/org/codehaus/plexus/plexus-sec-dispatcher/2.0/plexus-sec-dispatcher-2.0.jar:/home/runner/.m2/repository/org/apache/maven/maven-embedder/3.9.8/maven-embedder-3.9.8.jar:/home/runner/.m2/repository/org/apache/maven/maven-core/3.9.8/maven-core-3.9.8.jar:/home/runner/.m2/repository/org/codehaus/plexus/plexus-component-annotations/2.1.0/plexus-component-annotations-2.1.0.jar:/home/runner/.m2/repository/org/apache/maven/maven-plugin-api/3.9.8/maven-plugin-api-3.9.8.jar:/home/runner/.m2/repository/org/apache/maven/shared/maven-shared-utils/3.4.2/maven-shared-utils-3.4.2.jar:/home/runner/.m2/repository/com/google/inject/guice/5.1.0/guice-5.1.0.jar:/home/runner/.m2/repository/aopalliance/aopalliance/1.0/aopalliance-1.0.jar:/home/runner/.m2/repository/javax/annotation/javax.annotation-api/1.3.2/javax.annotation-api-1.3.2.jar:/home/runner/.m2/repository/org/codehaus/plexus/plexus-classworlds/2.6.0/plexus-classworlds-2.6.0.jar:/home/runner/.m2/repository/commons-cli/commons-cli/1.8.0/commons-cli-1.8.0.jar:/home/runner/.m2/repository/org/eclipse/sisu/org.eclipse.sisu.plexus/0.9.0.M3/org.eclipse.sisu.plexus-0.9.0.M3.jar:/home/runner/.m2/repository/org/apache/maven/maven-settings-builder/3.9.8/maven-settings-builder-3.9.8.jar:/home/runner/.m2/repository/org/apache/maven/maven-resolver-provider/3.9.8/maven-resolver-provider-3.9.8.jar:/home/runner/.m2/repository/org/apache/maven/resolver/maven-resolver-connector-basic/1.9.22/maven-resolver-connector-basic-1.9.22.jar:/home/runner/.m2/repository/org/apache/maven/resolver/maven-resolver-transport-wagon/1.9.22/maven-resolver-transport-wagon-1.9.22.jar:/home/runner/.m2/repository/org/apache/maven/wagon/wagon-http/3.5.3/wagon-http-3.5.3.jar:/home/runner/.m2/repository/org/apache/maven/wagon/wagon-file/3.5.3/wagon-file-3.5.3.jar:/home/runner/.m2/repository/io/quarkus/quarkus-bootstrap-gradle-resolver/3.15.4/quarkus-bootstrap-gradle-resolver-3.15.4.jar:/home/runner/.m2/repository/io/smallrye/jandex/3.2.3/jandex-3.2.3.jar:/home/runner/.m2/repository/org/jboss/logging/commons-logging-jboss-logging/1.0.0.Final/commons-logging-jboss-logging-1.0.0.Final.jar:/home/runner/.m2/repository/io/quarkus/quarkus-junit5-properties/3.15.4/quarkus-junit5-properties-3.15.4.jar:/home/runner/.m2/repository/org/junit/jupiter/junit-jupiter/5.10.3/junit-jupiter-5.10.3.jar:/home/runner/.m2/repository/org/junit/jupiter/junit-jupiter-api/5.10.3/junit-jupiter-api-5.10.3.jar:/home/runner/.m2/repository/org/junit/jupiter/junit-jupiter-params/5.10.3/junit-jupiter-params-5.10.3.jar:/home/runner/.m2/repository/org/junit/jupiter/junit-jupiter-engine/5.10.3/junit-jupiter-engine-5.10.3.jar:/home/runner/.m2/repository/io/quarkus/quarkus-core/3.15.4/quarkus-core-3.15.4.jar:/home/runner/.m2/repository/jakarta/enterprise/jakarta.enterprise.cdi-api/4.1.0/jakarta.enterprise.cdi-api-4.1.0.jar:/home/runner/.m2/repository/jakarta/enterprise/jakarta.enterprise.lang-model/4.1.0/jakarta.enterprise.lang-model-4.1.0.jar:/home/runner/.m2/repository/jakarta/el/jakarta.el-api/5.0.1/jakarta.el-api-5.0.1.jar:/home/runner/.m2/repository/jakarta/interceptor/jakarta.interceptor-api/2.2.0/jakarta.interceptor-api-2.2.0.jar:/home/runner/.m2/repository/jakarta/inject/jakarta.inject-api/2.0.1/jakarta.inject-api-2.0.1.jar:/home/runner/.m2/repository/io/smallrye/common/smallrye-common-os/2.6.1/smallrye-common-os-2.6.1.jar:/home/runner/.m2/repository/io/quarkus/quarkus-ide-launcher/3.15.4/quarkus-ide-launcher-3.15.4.jar:/home/runner/.m2/repository/io/quarkus/quarkus-development-mode-spi/3.15.4/quarkus-development-mode-spi-3.15.4.jar:/home/runner/.m2/repository/io/smallrye/config/smallrye-config/3.9.1/smallrye-config-3.9.1.jar:/home/runner/.m2/repository/io/smallrye/config/smallrye-config-core/3.9.1/smallrye-config-core-3.9.1.jar:/home/runner/.m2/repository/io/smallrye/common/smallrye-common-annotation/2.6.1/smallrye-common-annotation-2.6.1.jar:/home/runner/.m2/repository/io/smallrye/common/smallrye-common-classloader/2.6.1/smallrye-common-classloader-2.6.1.jar:/home/runner/.m2/repository/io/smallrye/config/smallrye-config-common/3.9.1/smallrye-config-common-3.9.1.jar:/home/runner/.m2/repository/org/jboss/logging/jboss-logging/3.6.0.Final/jboss-logging-3.6.0.Final.jar:/home/runner/.m2/repository/org/jboss/logmanager/jboss-logmanager/3.1.1.Final/jboss-logmanager-3.1.1.Final.jar:/home/runner/.m2/repository/io/smallrye/common/smallrye-common-constraint/2.6.1/smallrye-common-constraint-2.6.1.jar:/home/runner/.m2/repository/io/smallrye/common/smallrye-common-cpu/2.6.1/smallrye-common-cpu-2.6.1.jar:/home/runner/.m2/repository/io/smallrye/common/smallrye-common-expression/2.6.1/smallrye-common-expression-2.6.1.jar:/home/runner/.m2/repository/io/smallrye/common/smallrye-common-function/2.6.1/smallrye-common-function-2.6.1.jar:/home/runner/.m2/repository/io/smallrye/common/smallrye-common-net/2.6.1/smallrye-common-net-2.6.1.jar:/home/runner/.m2/repository/io/smallrye/common/smallrye-common-ref/2.6.1/smallrye-common-ref-2.6.1.jar:/home/runner/.m2/repository/jakarta/json/jakarta.json-api/2.1.3/jakarta.json-api-2.1.3.jar:/home/runner/.m2/repository/org/eclipse/parsson/parsson/1.1.7/parsson-1.1.7.jar:/home/runner/.m2/repository/org/jboss/logging/jboss-logging-annotations/3.0.1.Final/jboss-logging-annotations-3.0.1.Final.jar:/home/runner/.m2/repository/org/jboss/threads/jboss-threads/3.6.1.Final/jboss-threads-3.6.1.Final.jar:/home/runner/.m2/repository/org/jboss/slf4j/slf4j-jboss-logmanager/2.0.0.Final/slf4j-jboss-logmanager-2.0.0.Final.jar:/home/runner/.m2/repository/org/wildfly/common/wildfly-common/1.7.0.Final/wildfly-common-1.7.0.Final.jar:/home/runner/.m2/repository/io/quarkus/quarkus-bootstrap-runner/3.15.4/quarkus-bootstrap-runner-3.15.4.jar:/home/runner/.m2/repository/io/github/crac/org-crac/0.1.3/org-crac-0.1.3.jar:/home/runner/.m2/repository/io/quarkus/quarkus-fs-util/0.0.10/quarkus-fs-util-0.0.10.jar:/home/runner/.m2/repository/org/jboss/marshalling/jboss-marshalling/2.2.1.Final/jboss-marshalling-2.2.1.Final.jar:/home/runner/.m2/repository/io/fabric8/kubernetes-client/6.13.5/kubernetes-client-6.13.5.jar:/home/runner/.m2/repository/io/fabric8/kubernetes-client-api/6.13.5/kubernetes-client-api-6.13.5.jar:/home/runner/.m2/repository/io/fabric8/kubernetes-model-core/6.13.5/kubernetes-model-core-6.13.5.jar:/home/runner/.m2/repository/io/fabric8/kubernetes-model-common/6.13.5/kubernetes-model-common-6.13.5.jar:/home/runner/.m2/repository/io/fabric8/kubernetes-model-gatewayapi/6.13.5/kubernetes-model-gatewayapi-6.13.5.jar:/home/runner/.m2/repository/io/fabric8/kubernetes-model-resource/6.13.5/kubernetes-model-resource-6.13.5.jar:/home/runner/.m2/repository/io/fabric8/kubernetes-model-rbac/6.13.5/kubernetes-model-rbac-6.13.5.jar:/home/runner/.m2/repository/io/fabric8/kubernetes-model-admissionregistration/6.13.5/kubernetes-model-admissionregistration-6.13.5.jar:/home/runner/.m2/repository/io/fabric8/kubernetes-model-apps/6.13.5/kubernetes-model-apps-6.13.5.jar:/home/runner/.m2/repository/io/fabric8/kubernetes-model-autoscaling/6.13.5/kubernetes-model-autoscaling-6.13.5.jar:/home/runner/.m2/repository/io/fabric8/kubernetes-model-apiextensions/6.13.5/kubernetes-model-apiextensions-6.13.5.jar:/home/runner/.m2/repository/io/fabric8/kubernetes-model-batch/6.13.5/kubernetes-model-batch-6.13.5.jar:/home/runner/.m2/repository/io/fabric8/kubernetes-model-certificates/6.13.5/kubernetes-model-certificates-6.13.5.jar:/home/runner/.m2/repository/io/fabric8/kubernetes-model-coordination/6.13.5/kubernetes-model-coordination-6.13.5.jar:/home/runner/.m2/repository/io/fabric8/kubernetes-model-discovery/6.13.5/kubernetes-model-discovery-6.13.5.jar:/home/runner/.m2/repository/io/fabric8/kubernetes-model-events/6.13.5/kubernetes-model-events-6.13.5.jar:/home/runner/.m2/repository/io/fabric8/kubernetes-model-extensions/6.13.5/kubernetes-model-extensions-6.13.5.jar:/home/runner/.m2/repository/io/fabric8/kubernetes-model-flowcontrol/6.13.5/kubernetes-model-flowcontrol-6.13.5.jar:/home/runner/.m2/repository/io/fabric8/kubernetes-model-networking/6.13.5/kubernetes-model-networking-6.13.5.jar:/home/runner/.m2/repository/io/fabric8/kubernetes-model-metrics/6.13.5/kubernetes-model-metrics-6.13.5.jar:/home/runner/.m2/repository/io/fabric8/kubernetes-model-policy/6.13.5/kubernetes-model-policy-6.13.5.jar:/home/runner/.m2/repository/io/fabric8/kubernetes-model-scheduling/6.13.5/kubernetes-model-scheduling-6.13.5.jar:/home/runner/.m2/repository/io/fabric8/kubernetes-model-storageclass/6.13.5/kubernetes-model-storageclass-6.13.5.jar:/home/runner/.m2/repository/io/fabric8/kubernetes-model-node/6.13.5/kubernetes-model-node-6.13.5.jar:/home/runner/.m2/repository/org/snakeyaml/snakeyaml-engine/2.7/snakeyaml-engine-2.7.jar:/home/runner/.m2/repository/com/fasterxml/jackson/dataformat/jackson-dataformat-yaml/2.15.2/jackson-dataformat-yaml-2.15.2.jar:/home/runner/.m2/repository/com/fasterxml/jackson/datatype/jackson-datatype-jsr310/2.17.2/jackson-datatype-jsr310-2.17.2.jar:/home/runner/.m2/repository/io/fabric8/zjsonpatch/0.3.0/zjsonpatch-0.3.0.jar:/home/runner/.m2/repository/io/fabric8/kubernetes-httpclient-vertx/6.13.5/kubernetes-httpclient-vertx-6.13.5.jar:/home/runner/.m2/repository/io/vertx/vertx-web-client/4.5.13/vertx-web-client-4.5.13.jar:/home/runner/.m2/repository/io/vertx/vertx-web-common/4.5.13/vertx-web-common-4.5.13.jar:/home/runner/.m2/repository/io/vertx/vertx-auth-common/4.5.13/vertx-auth-common-4.5.13.jar:/home/runner/.m2/repository/io/vertx/vertx-uri-template/4.5.13/vertx-uri-template-4.5.13.jar:/home/runner/.m2/repository/io/fabric8/openshift-client/6.13.5/openshift-client-6.13.5.jar:/home/runner/.m2/repository/io/fabric8/openshift-client-api/6.13.5/openshift-client-api-6.13.5.jar:/home/runner/.m2/repository/io/fabric8/openshift-model/6.13.5/openshift-model-6.13.5.jar:/home/runner/.m2/repository/io/fabric8/openshift-model-clusterautoscaling/6.13.5/openshift-model-clusterautoscaling-6.13.5.jar:/home/runner/.m2/repository/io/fabric8/openshift-model-operator/6.13.5/openshift-model-operator-6.13.5.jar:/home/runner/.m2/repository/io/fabric8/openshift-model-operatorhub/6.13.5/openshift-model-operatorhub-6.13.5.jar:/home/runner/.m2/repository/io/fabric8/openshift-model-machine/6.13.5/openshift-model-machine-6.13.5.jar:/home/runner/.m2/repository/io/fabric8/openshift-model-whereabouts/6.13.5/openshift-model-whereabouts-6.13.5.jar:/home/runner/.m2/repository/io/fabric8/openshift-model-monitoring/6.13.5/openshift-model-monitoring-6.13.5.jar:/home/runner/.m2/repository/io/fabric8/openshift-model-storageversionmigrator/6.13.5/openshift-model-storageversionmigrator-6.13.5.jar:/home/runner/.m2/repository/io/fabric8/openshift-model-tuned/6.13.5/openshift-model-tuned-6.13.5.jar:/home/runner/.m2/repository/io/fabric8/openshift-model-console/6.13.5/openshift-model-console-6.13.5.jar:/home/runner/.m2/repository/io/fabric8/openshift-model-config/6.13.5/openshift-model-config-6.13.5.jar:/home/runner/.m2/repository/io/fabric8/openshift-model-machineconfig/6.13.5/openshift-model-machineconfig-6.13.5.jar:/home/runner/.m2/repository/io/fabric8/openshift-model-miscellaneous/6.13.5/openshift-model-miscellaneous-6.13.5.jar:/home/runner/.m2/repository/io/fabric8/openshift-model-hive/6.13.5/openshift-model-hive-6.13.5.jar:/home/runner/.m2/repository/io/fabric8/openshift-model-installer/6.13.5/openshift-model-installer-6.13.5.jar:/home/runner/.m2/repository/com/github/mifmif/generex/1.0.2/generex-1.0.2.jar:/home/runner/.m2/repository/dk/brics/automaton/automaton/1.11-8/automaton-1.11-8.jar:/home/runner/.m2/repository/org/junit/platform/junit-platform-launcher/1.10.3/junit-platform-launcher-1.10.3.jar:/home/runner/.m2/repository/org/junit/platform/junit-platform-engine/1.10.3/junit-platform-engine-1.10.3.jar:/home/runner/.m2/repository/org/opentest4j/opentest4j/1.3.0/opentest4j-1.3.0.jar:/home/runner/.m2/repository/org/junit/platform/junit-platform-commons/1.10.3/junit-platform-commons-1.10.3.jar:/home/runner/.m2/repository/org/apiguardian/apiguardian-api/1.1.2/apiguardian-api-1.1.2.jar:/home/runner/.m2/repository/jakarta/ws/rs/jakarta.ws.rs-api/3.1.0/jakarta.ws.rs-api-3.1.0.jar:/home/runner/work/apicurio-testing/apicurio-testing/clusters/ci419/namespaces/kafkasql/tests/integration/apicurio-registry/java-sdk/target/apicurio-registry-java-sdk-3.0.9.jar:/home/runner/.m2/repository/com/microsoft/kiota/microsoft-kiota-abstractions/1.8.4/microsoft-kiota-abstractions-1.8.4.jar:/home/runner/.m2/repository/io/github/std-uritemplate/std-uritemplate/2.0.0/std-uritemplate-2.0.0.jar:/home/runner/.m2/repository/io/kiota/kiota-http-jdk/0.0.21/kiota-http-jdk-0.0.21.jar:/home/runner/.m2/repository/io/kiota/kiota-http-vertx/0.0.21/kiota-http-vertx-0.0.21.jar:/home/runner/.m2/repository/io/kiota/kiota-serialization-jackson/0.0.21/kiota-serialization-jackson-0.0.21.jar:/home/runner/.m2/repository/com/microsoft/kiota/microsoft-kiota-serialization-text/1.8.4/microsoft-kiota-serialization-text-1.8.4.jar:/home/runner/.m2/repository/com/microsoft/kiota/microsoft-kiota-serialization-form/1.8.4/microsoft-kiota-serialization-form-1.8.4.jar:/home/runner/.m2/repository/com/microsoft/kiota/microsoft-kiota-serialization-multipart/1.8.4/microsoft-kiota-serialization-multipart-1.8.4.jar:/home/runner/.m2/repository/jakarta/annotation/jakarta.annotation-api/3.0.0/jakarta.annotation-api-3.0.0.jar:/home/runner/.m2/repository/io/vertx/vertx-auth-oauth2/4.5.13/vertx-auth-oauth2-4.5.13.jar:/home/runner/work/apicurio-testing/apicurio-testing/clusters/ci419/namespaces/kafkasql/tests/integration/apicurio-registry/java-sdk-v2/target/apicurio-registry-v2-java-sdk-3.0.9.jar:/home/runner/work/apicurio-testing/apicurio-testing/clusters/ci419/namespaces/kafkasql/tests/integration/apicurio-registry/utils/kafka/target/apicurio-registry-utils-kafka-3.0.9-tests.jar:/home/runner/.m2/repository/org/eclipse/microprofile/config/microprofile-config-api/3.1/microprofile-config-api-3.1.jar:/home/runner/.m2/repository/org/apache/kafka/kafka-clients/3.9.0/kafka-clients-3.9.0.jar:/home/runner/.m2/repository/com/github/luben/zstd-jni/1.5.6-4/zstd-jni-1.5.6-4.jar:/home/runner/.m2/repository/org/lz4/lz4-java/1.8.0/lz4-java-1.8.0.jar:/home/runner/.m2/repository/org/xerial/snappy/snappy-java/1.1.10.5/snappy-java-1.1.10.5.jar:/home/runner/.m2/repository/org/slf4j/slf4j-api/2.0.6/slf4j-api-2.0.6.jar:/home/runner/work/apicurio-testing/apicurio-testing/clusters/ci419/namespaces/kafkasql/tests/integration/apicurio-registry/utils/tests/target/apicurio-registry-utils-tests-3.0.9.jar:/home/runner/work/apicurio-testing/apicurio-testing/clusters/ci419/namespaces/kafkasql/tests/integration/apicurio-registry/common/target/apicurio-registry-common-3.0.9.jar:/home/runner/.m2/repository/jakarta/validation/jakarta.validation-api/3.0.2/jakarta.validation-api-3.0.2.jar:/home/runner/.m2/repository/com/github/dasniko/testcontainers-keycloak/3.6.0/testcontainers-keycloak-3.6.0.jar:/home/runner/.m2/repository/org/testcontainers/testcontainers/1.20.1/testcontainers-1.20.1.jar:/home/runner/.m2/repository/org/rnorth/duct-tape/duct-tape/1.0.8/duct-tape-1.0.8.jar:/home/runner/.m2/repository/org/jetbrains/annotations/24.1.0/annotations-24.1.0.jar:/home/runner/.m2/repository/com/github/docker-java/docker-java-transport-zerodep/3.4.0/docker-java-transport-zerodep-3.4.0.jar:/home/runner/.m2/repository/com/github/docker-java/docker-java-transport/3.4.0/docker-java-transport-3.4.0.jar:/home/runner/.m2/repository/net/java/dev/jna/jna/5.8.0/jna-5.8.0.jar:/home/runner/.m2/repository/io/quarkus/quarkus-junit4-mock/3.15.4/quarkus-junit4-mock-3.15.4.jar:/home/runner/.m2/repository/org/jboss/shrinkwrap/shrinkwrap-api/2.0.0-beta-2/shrinkwrap-api-2.0.0-beta-2.jar:/home/runner/.m2/repository/org/jboss/shrinkwrap/shrinkwrap-impl-base/2.0.0-beta-2/shrinkwrap-impl-base-2.0.0-beta-2.jar:/home/runner/.m2/repository/org/jboss/shrinkwrap/shrinkwrap-spi/2.0.0-beta-2/shrinkwrap-spi-2.0.0-beta-2.jar:/home/runner/.m2/repository/org/keycloak/keycloak-admin-client/25.0.6/keycloak-admin-client-25.0.6.jar:/home/runner/.m2/repository/org/keycloak/keycloak-core/25.0.6/keycloak-core-25.0.6.jar:/home/runner/.m2/repository/org/keycloak/keycloak-common/25.0.6/keycloak-common-25.0.6.jar:/home/runner/.m2/repository/org/jboss/resteasy/resteasy-client/6.2.9.Final/resteasy-client-6.2.9.Final.jar:/home/runner/.m2/repository/org/jboss/resteasy/resteasy-client-api/6.2.9.Final/resteasy-client-api-6.2.9.Final.jar:/home/runner/.m2/repository/org/jboss/resteasy/resteasy-core-spi/6.2.9.Final/resteasy-core-spi-6.2.9.Final.jar:/home/runner/.m2/repository/org/jboss/resteasy/resteasy-core/6.2.9.Final/resteasy-core-6.2.9.Final.jar:/home/runner/.m2/repository/org/eclipse/angus/angus-activation/2.0.2/angus-activation-2.0.2.jar:/home/runner/.m2/repository/com/ibm/async/asyncutil/0.1.0/asyncutil-0.1.0.jar:/home/runner/.m2/repository/org/reactivestreams/reactive-streams/1.0.4/reactive-streams-1.0.4.jar:/home/runner/.m2/repository/org/jboss/resteasy/resteasy-multipart-provider/6.2.9.Final/resteasy-multipart-provider-6.2.9.Final.jar:/home/runner/.m2/repository/jakarta/mail/jakarta.mail-api/2.1.2/jakarta.mail-api-2.1.2.jar:/home/runner/.m2/repository/org/eclipse/angus/angus-mail/2.0.3/angus-mail-2.0.3.jar:/home/runner/.m2/repository/org/apache/james/apache-mime4j-dom/0.8.11/apache-mime4j-dom-0.8.11.jar:/home/runner/.m2/repository/org/apache/james/apache-mime4j-core/0.8.11/apache-mime4j-core-0.8.11.jar:/home/runner/.m2/repository/org/apache/james/apache-mime4j-storage/0.8.11/apache-mime4j-storage-0.8.11.jar:/home/runner/.m2/repository/org/jboss/resteasy/resteasy-jackson2-provider/6.2.9.Final/resteasy-jackson2-provider-6.2.9.Final.jar:/home/runner/.m2/repository/com/fasterxml/jackson/jakarta/rs/jackson-jakarta-rs-base/2.17.2/jackson-jakarta-rs-base-2.17.2.jar:/home/runner/.m2/repository/com/fasterxml/jackson/jakarta/rs/jackson-jakarta-rs-json-provider/2.17.2/jackson-jakarta-rs-json-provider-2.17.2.jar:/home/runner/.m2/repository/com/fasterxml/jackson/module/jackson-module-jakarta-xmlbind-annotations/2.17.2/jackson-module-jakarta-xmlbind-annotations-2.17.2.jar:/home/runner/.m2/repository/com/github/java-json-tools/json-patch/1.13/json-patch-1.13.jar:/home/runner/.m2/repository/com/github/java-json-tools/msg-simple/1.2/msg-simple-1.2.jar:/home/runner/.m2/repository/com/github/java-json-tools/btf/1.3/btf-1.3.jar:/home/runner/.m2/repository/com/github/java-json-tools/jackson-coreutils/2.0/jackson-coreutils-2.0.jar:/home/runner/.m2/repository/org/jboss/resteasy/resteasy-jaxb-provider/6.2.9.Final/resteasy-jaxb-provider-6.2.9.Final.jar:/home/runner/.m2/repository/org/glassfish/jaxb/codemodel/4.0.3/codemodel-4.0.3.jar:/home/runner/.m2/repository/org/glassfish/jaxb/jaxb-core/4.0.5/jaxb-core-4.0.5.jar:/home/runner/.m2/repository/org/glassfish/jaxb/jaxb-jxc/4.0.3/jaxb-jxc-4.0.3.jar:/home/runner/.m2/repository/org/glassfish/jaxb/jaxb-runtime/4.0.5/jaxb-runtime-4.0.5.jar:/home/runner/.m2/repository/org/glassfish/jaxb/txw2/4.0.5/txw2-4.0.5.jar:/home/runner/.m2/repository/org/glassfish/jaxb/jaxb-xjc/4.0.3/jaxb-xjc-4.0.3.jar:/home/runner/.m2/repository/org/glassfish/jaxb/xsom/4.0.3/xsom-4.0.3.jar:/home/runner/.m2/repository/com/sun/istack/istack-commons-runtime/4.1.2/istack-commons-runtime-4.1.2.jar:/home/runner/.m2/repository/com/sun/istack/istack-commons-tools/4.1.2/istack-commons-tools-4.1.2.jar:/home/runner/.m2/repository/com/sun/xml/bind/external/relaxng-datatype/4.0.3/relaxng-datatype-4.0.3.jar:/home/runner/.m2/repository/com/sun/xml/bind/external/rngom/4.0.3/rngom-4.0.3.jar:/home/runner/.m2/repository/org/testcontainers/mssqlserver/1.20.1/mssqlserver-1.20.1.jar:/home/runner/.m2/repository/org/testcontainers/jdbc/1.20.1/jdbc-1.20.1.jar:/home/runner/.m2/repository/org/testcontainers/database-commons/1.20.1/database-commons-1.20.1.jar:/home/runner/.m2/repository/org/testcontainers/mysql/1.20.1/mysql-1.20.1.jar:/home/runner/.m2/repository/io/strimzi/strimzi-test-container/0.107.0/strimzi-test-container-0.107.0.jar:/home/runner/.m2/repository/org/testcontainers/toxiproxy/1.20.1/toxiproxy-1.20.1.jar:/home/runner/.m2/repository/com/github/docker-java/docker-java-api/3.4.0/docker-java-api-3.4.0.jar:/home/runner/.m2/repository/eu/rekawek/toxiproxy/toxiproxy-java/2.1.7/toxiproxy-java-2.1.7.jar:/home/runner/.m2/repository/junit/junit/4.13.2/junit-4.13.2.jar:/home/runner/.m2/repository/org/hamcrest/hamcrest-core/1.3/hamcrest-core-1.3.jar:/home/runner/.m2/repository/org/testcontainers/pulsar/1.20.4/pulsar-1.20.4.jar:/home/runner/.m2/repository/io/debezium/debezium-testing-testcontainers/2.6.2.Final/debezium-testing-testcontainers-2.6.2.Final.jar:/home/runner/.m2/repository/org/testcontainers/kafka/1.20.1/kafka-1.20.1.jar:/home/runner/.m2/repository/com/squareup/okhttp3/okhttp/4.8.1/okhttp-4.8.1.jar:/home/runner/.m2/repository/com/squareup/okio/okio/3.10.2/okio-3.10.2.jar:/home/runner/.m2/repository/com/squareup/okio/okio-jvm/3.10.2/okio-jvm-3.10.2.jar:/home/runner/.m2/repository/org/jetbrains/kotlin/kotlin-stdlib/2.0.10/kotlin-stdlib-2.0.10.jar:/home/runner/.m2/repository/org/awaitility/awaitility/4.2.2/awaitility-4.2.2.jar:/home/runner/.m2/repository/org/testcontainers/mongodb/1.20.1/mongodb-1.20.1.jar:/home/runner/.m2/repository/org/testcontainers/oracle-xe/1.20.1/oracle-xe-1.20.1.jar:/home/runner/.m2/repository/org/testcontainers/postgresql/1.20.1/postgresql-1.20.1.jar:/home/runner/.m2/repository/org/wiremock/wiremock/3.0.1/wiremock-3.0.1.jar:/home/runner/.m2/repository/org/eclipse/jetty/jetty-server/11.0.15/jetty-server-11.0.15.jar:/home/runner/.m2/repository/org/eclipse/jetty/toolchain/jetty-jakarta-servlet-api/5.0.2/jetty-jakarta-servlet-api-5.0.2.jar:/home/runner/.m2/repository/org/eclipse/jetty/jetty-http/11.0.15/jetty-http-11.0.15.jar:/home/runner/.m2/repository/org/eclipse/jetty/jetty-io/11.0.15/jetty-io-11.0.15.jar:/home/runner/.m2/repository/org/eclipse/jetty/jetty-servlet/11.0.15/jetty-servlet-11.0.15.jar:/home/runner/.m2/repository/org/eclipse/jetty/jetty-security/11.0.15/jetty-security-11.0.15.jar:/home/runner/.m2/repository/org/eclipse/jetty/jetty-servlets/11.0.15/jetty-servlets-11.0.15.jar:/home/runner/.m2/repository/org/eclipse/jetty/jetty-util/11.0.15/jetty-util-11.0.15.jar:/home/runner/.m2/repository/org/eclipse/jetty/jetty-webapp/11.0.15/jetty-webapp-11.0.15.jar:/home/runner/.m2/repository/org/eclipse/jetty/jetty-xml/11.0.15/jetty-xml-11.0.15.jar:/home/runner/.m2/repository/org/eclipse/jetty/jetty-proxy/11.0.15/jetty-proxy-11.0.15.jar:/home/runner/.m2/repository/org/eclipse/jetty/jetty-client/11.0.15/jetty-client-11.0.15.jar:/home/runner/.m2/repository/org/eclipse/jetty/http2/http2-server/11.0.15/http2-server-11.0.15.jar:/home/runner/.m2/repository/org/eclipse/jetty/http2/http2-common/11.0.15/http2-common-11.0.15.jar:/home/runner/.m2/repository/org/eclipse/jetty/http2/http2-hpack/11.0.15/http2-hpack-11.0.15.jar:/home/runner/.m2/repository/org/eclipse/jetty/jetty-alpn-server/11.0.15/jetty-alpn-server-11.0.15.jar:/home/runner/.m2/repository/org/eclipse/jetty/jetty-alpn-java-server/11.0.15/jetty-alpn-java-server-11.0.15.jar:/home/runner/.m2/repository/org/eclipse/jetty/jetty-alpn-java-client/11.0.15/jetty-alpn-java-client-11.0.15.jar:/home/runner/.m2/repository/org/eclipse/jetty/jetty-alpn-client/11.0.15/jetty-alpn-client-11.0.15.jar:/home/runner/.m2/repository/org/apache/httpcomponents/client5/httpclient5/5.2.1/httpclient5-5.2.1.jar:/home/runner/.m2/repository/org/apache/httpcomponents/core5/httpcore5/5.2/httpcore5-5.2.jar:/home/runner/.m2/repository/org/apache/httpcomponents/core5/httpcore5-h2/5.2/httpcore5-h2-5.2.jar:/home/runner/.m2/repository/org/xmlunit/xmlunit-core/2.9.1/xmlunit-core-2.9.1.jar:/home/runner/.m2/repository/jakarta/xml/bind/jakarta.xml.bind-api/4.0.2/jakarta.xml.bind-api-4.0.2.jar:/home/runner/.m2/repository/jakarta/activation/jakarta.activation-api/2.1.3/jakarta.activation-api-2.1.3.jar:/home/runner/.m2/repository/org/xmlunit/xmlunit-legacy/2.9.1/xmlunit-legacy-2.9.1.jar:/home/runner/.m2/repository/org/xmlunit/xmlunit-placeholders/2.9.1/xmlunit-placeholders-2.9.1.jar:/home/runner/.m2/repository/net/javacrumbs/json-unit/json-unit-core/2.38.0/json-unit-core-2.38.0.jar:/home/runner/.m2/repository/com/jayway/jsonpath/json-path/2.8.0/json-path-2.8.0.jar:/home/runner/.m2/repository/net/minidev/json-smart/2.4.10/json-smart-2.4.10.jar:/home/runner/.m2/repository/net/minidev/accessors-smart/2.4.9/accessors-smart-2.4.9.jar:/home/runner/.m2/repository/org/ow2/asm/asm/9.7/asm-9.7.jar:/home/runner/.m2/repository/net/sf/jopt-simple/jopt-simple/5.0.4/jopt-simple-5.0.4.jar:/home/runner/.m2/repository/com/github/jknack/handlebars/4.3.1/handlebars-4.3.1.jar:/home/runner/.m2/repository/com/github/jknack/handlebars-helpers/4.3.1/handlebars-helpers-4.3.1.jar:/home/runner/.m2/repository/commons-fileupload/commons-fileupload/1.5/commons-fileupload-1.5.jar:/home/runner/.m2/repository/com/networknt/json-schema-validator/1.5.5/json-schema-validator-1.5.5.jar:/home/runner/.m2/repository/com/ethlo/time/itu/1.10.3/itu-1.10.3.jar:/home/runner/.m2/repository/io/quarkus/quarkus-smallrye-jwt-build/3.15.4/quarkus-smallrye-jwt-build-3.15.4.jar:/home/runner/.m2/repository/io/smallrye/smallrye-jwt-build/4.5.3/smallrye-jwt-build-4.5.3.jar:/home/runner/.m2/repository/org/eclipse/microprofile/jwt/microprofile-jwt-auth-api/2.1/microprofile-jwt-auth-api-2.1.jar:/home/runner/.m2/repository/org/bitbucket/b_c/jose4j/0.9.6/jose4j-0.9.6.jar:/home/runner/.m2/repository/io/smallrye/smallrye-jwt-common/4.5.3/smallrye-jwt-common-4.5.3.jar:/home/runner/.m2/repository/io/quarkus/quarkus-jsonp/3.15.4/quarkus-jsonp-3.15.4.jar:/home/runner/.m2/repository/io/quarkus/quarkus-arc/3.15.4/quarkus-arc-3.15.4.jar:/home/runner/.m2/repository/io/quarkus/arc/arc/3.15.4/arc-3.15.4.jar:/home/runner/.m2/repository/jakarta/transaction/jakarta.transaction-api/2.0.1/jakarta.transaction-api-2.0.1.jar:/home/runner/.m2/repository/io/smallrye/reactive/mutiny/2.6.2/mutiny-2.6.2.jar:/home/runner/.m2/repository/org/jctools/jctools-core/4.0.5/jctools-core-4.0.5.jar:/home/runner/.m2/repository/org/eclipse/microprofile/context-propagation/microprofile-context-propagation-api/1.3/microprofile-context-propagation-api-1.3.jar:/home/runner/.m2/repository/io/apicurio/apicurio-common-rest-client-common/0.1.18.Final/apicurio-common-rest-client-common-0.1.18.Final.jar:/home/runner/work/apicurio-testing/apicurio-testing/clusters/ci419/namespaces/kafkasql/tests/integration/apicurio-registry/utils/maven-plugin/target/apicurio-registry-maven-plugin-3.0.9.jar:/home/runner/.m2/repository/com/fasterxml/jackson/core/jackson-databind/2.17.2/jackson-databind-2.17.2.jar:/home/runner/.m2/repository/org/apache/avro/avro/1.12.0/avro-1.12.0.jar:/home/runner/.m2/repository/com/google/protobuf/protobuf-java/3.25.8/protobuf-java-3.25.8.jar:/home/runner/.m2/repository/com/google/protobuf/protobuf-java-util/3.25.8/protobuf-java-util-3.25.8.jar:/home/runner/.m2/repository/com/google/code/findbugs/jsr305/3.0.2/jsr305-3.0.2.jar:/home/runner/.m2/repository/com/google/code/gson/gson/2.11.0/gson-2.11.0.jar:/home/runner/.m2/repository/com/google/errorprone/error_prone_annotations/2.30.0/error_prone_annotations-2.30.0.jar:/home/runner/.m2/repository/com/google/j2objc/j2objc-annotations/2.8/j2objc-annotations-2.8.jar:/home/runner/work/apicurio-testing/apicurio-testing/clusters/ci419/namespaces/kafkasql/tests/integration/apicurio-registry/schema-util/util-provider/target/apicurio-registry-schema-util-provider-3.0.9.jar:/home/runner/work/apicurio-testing/apicurio-testing/clusters/ci419/namespaces/kafkasql/tests/integration/apicurio-registry/schema-util/common/target/apicurio-registry-schema-util-common-3.0.9.jar:/home/runner/.m2/repository/com/fasterxml/jackson/module/jackson-module-parameter-names/2.17.2/jackson-module-parameter-names-2.17.2.jar:/home/runner/.m2/repository/com/fasterxml/jackson/datatype/jackson-datatype-json-org/2.18.2/jackson-datatype-json-org-2.18.2.jar:/home/runner/work/apicurio-testing/apicurio-testing/clusters/ci419/namespaces/kafkasql/tests/integration/apicurio-registry/schema-util/json/target/apicurio-registry-schema-util-json-3.0.9.jar:/home/runner/.m2/repository/com/github/erosb/everit-json-schema/1.14.5/everit-json-schema-1.14.5.jar:/home/runner/.m2/repository/commons-validator/commons-validator/1.9.0/commons-validator-1.9.0.jar:/home/runner/.m2/repository/commons-digester/commons-digester/2.1/commons-digester-2.1.jar:/home/runner/.m2/repository/commons-collections/commons-collections/3.2.2/commons-collections-3.2.2.jar:/home/runner/.m2/repository/com/damnhandy/handy-uri-templates/2.1.8/handy-uri-templates-2.1.8.jar:/home/runner/.m2/repository/joda-time/joda-time/2.10.2/joda-time-2.10.2.jar:/home/runner/.m2/repository/com/github/erosb/json-sKema/0.20.0/json-sKema-0.20.0.jar:/home/runner/.m2/repository/io/vertx/vertx-json-schema/4.5.13/vertx-json-schema-4.5.13.jar:/home/runner/work/apicurio-testing/apicurio-testing/clusters/ci419/namespaces/kafkasql/tests/integration/apicurio-registry/schema-util/protobuf/target/apicurio-registry-schema-util-protobuf-3.0.9.jar:/home/runner/work/apicurio-testing/apicurio-testing/clusters/ci419/namespaces/kafkasql/tests/integration/apicurio-registry/utils/protobuf-schema-utilities/target/apicurio-registry-protobuf-schema-utilities-3.0.9.jar:/home/runner/.m2/repository/com/google/api/grpc/proto-google-common-protos/2.52.0/proto-google-common-protos-2.52.0.jar:/home/runner/.m2/repository/com/squareup/wire/wire-schema-jvm/5.1.0/wire-schema-jvm-5.1.0.jar:/home/runner/.m2/repository/com/squareup/javapoet/1.13.0/javapoet-1.13.0.jar:/home/runner/.m2/repository/com/squareup/kotlinpoet-jvm/1.18.1/kotlinpoet-jvm-1.18.1.jar:/home/runner/.m2/repository/org/jetbrains/kotlin/kotlin-reflect/2.0.10/kotlin-reflect-2.0.10.jar:/home/runner/.m2/repository/com/squareup/wire/wire-runtime-jvm/5.1.0/wire-runtime-jvm-5.1.0.jar:/home/runner/.m2/repository/com/ibm/icu/icu4j/76.1/icu4j-76.1.jar:/home/runner/.m2/repository/com/squareup/okio/okio-fakefilesystem/3.10.2/okio-fakefilesystem-3.10.2.jar:/home/runner/.m2/repository/com/squareup/okio/okio-fakefilesystem-jvm/3.10.2/okio-fakefilesystem-jvm-3.10.2.jar:/home/runner/.m2/repository/org/jetbrains/kotlinx/kotlinx-datetime-jvm/0.6.1/kotlinx-datetime-jvm-0.6.1.jar:/home/runner/work/apicurio-testing/apicurio-testing/clusters/ci419/namespaces/kafkasql/tests/integration/apicurio-registry/schema-util/asyncapi/target/apicurio-registry-schema-util-asyncapi-3.0.9.jar:/home/runner/work/apicurio-testing/apicurio-testing/clusters/ci419/namespaces/kafkasql/tests/integration/apicurio-registry/schema-util/avro/target/apicurio-registry-schema-util-avro-3.0.9.jar:/home/runner/work/apicurio-testing/apicurio-testing/clusters/ci419/namespaces/kafkasql/tests/integration/apicurio-registry/schema-util/graphql/target/apicurio-registry-schema-util-graphql-3.0.9.jar:/home/runner/.m2/repository/com/graphql-java/graphql-java/22.3/graphql-java-22.3.jar:/home/runner/.m2/repository/com/graphql-java/java-dataloader/3.3.0/java-dataloader-3.3.0.jar:/home/runner/work/apicurio-testing/apicurio-testing/clusters/ci419/namespaces/kafkasql/tests/integration/apicurio-registry/schema-util/kconnect/target/apicurio-registry-schema-util-kconnect-3.0.9.jar:/home/runner/work/apicurio-testing/apicurio-testing/clusters/ci419/namespaces/kafkasql/tests/integration/apicurio-registry/schema-util/openapi/target/apicurio-registry-schema-util-openapi-3.0.9.jar:/home/runner/.m2/repository/io/apicurio/apicurio-data-models/2.2.1/apicurio-data-models-2.2.1.jar:/home/runner/.m2/repository/org/openapitools/openapidiff/openapi-diff-core/2.0.1/openapi-diff-core-2.0.1.jar:/home/runner/.m2/repository/io/swagger/parser/v3/swagger-parser/2.0.28/swagger-parser-2.0.28.jar:/home/runner/.m2/repository/io/swagger/parser/v3/swagger-parser-v2-converter/2.0.28/swagger-parser-v2-converter-2.0.28.jar:/home/runner/.m2/repository/io/swagger/swagger-core/1.6.3/swagger-core-1.6.3.jar:/home/runner/.m2/repository/io/swagger/swagger-models/1.6.3/swagger-models-1.6.3.jar:/home/runner/.m2/repository/io/swagger/swagger-annotations/1.6.3/swagger-annotations-1.6.3.jar:/home/runner/.m2/repository/io/swagger/swagger-parser/1.0.56/swagger-parser-1.0.56.jar:/home/runner/.m2/repository/io/swagger/swagger-compat-spec-parser/1.0.56/swagger-compat-spec-parser-1.0.56.jar:/home/runner/.m2/repository/com/github/java-json-tools/json-schema-validator/2.2.14/json-schema-validator-2.2.14.jar:/home/runner/.m2/repository/com/github/java-json-tools/jackson-coreutils-equivalence/1.0/jackson-coreutils-equivalence-1.0.jar:/home/runner/.m2/repository/com/github/java-json-tools/json-schema-core/1.2.14/json-schema-core-1.2.14.jar:/home/runner/.m2/repository/com/github/java-json-tools/uri-template/0.10/uri-template-0.10.jar:/home/runner/.m2/repository/com/sun/mail/mailapi/1.6.2/mailapi-1.6.2.jar:/home/runner/.m2/repository/com/googlecode/libphonenumber/libphonenumber/8.11.1/libphonenumber-8.11.1.jar:/home/runner/.m2/repository/com/j2html/j2html/1.5.0/j2html-1.5.0.jar:/home/runner/.m2/repository/org/apache/commons/commons-collections4/4.4/commons-collections4-4.4.jar:/home/runner/.m2/repository/commons-httpclient/commons-httpclient/3.1/commons-httpclient-3.1.jar:/home/runner/.m2/repository/io/swagger/parser/v3/swagger-parser-v3/2.1.25/swagger-parser-v3-2.1.25.jar:/home/runner/.m2/repository/io/swagger/core/v3/swagger-models/2.2.28/swagger-models-2.2.28.jar:/home/runner/.m2/repository/io/swagger/core/v3/swagger-core/2.2.28/swagger-core-2.2.28.jar:/home/runner/.m2/repository/io/swagger/parser/v3/swagger-parser-core/2.1.25/swagger-parser-core-2.1.25.jar:/home/runner/.m2/repository/io/swagger/parser/v3/swagger-parser-safe-url-resolver/2.1.25/swagger-parser-safe-url-resolver-2.1.25.jar:/home/runner/work/apicurio-testing/apicurio-testing/clusters/ci419/namespaces/kafkasql/tests/integration/apicurio-registry/schema-util/wsdl/target/apicurio-registry-schema-util-wsdl-3.0.9.jar:/home/runner/.m2/repository/wsdl4j/wsdl4j/1.6.3/wsdl4j-1.6.3.jar:/home/runner/work/apicurio-testing/apicurio-testing/clusters/ci419/namespaces/kafkasql/tests/integration/apicurio-registry/schema-util/xml/target/apicurio-registry-schema-util-xml-3.0.9.jar:/home/runner/.m2/repository/org/apache/santuario/xmlsec/4.0.3/xmlsec-4.0.3.jar:/home/runner/.m2/repository/com/fasterxml/woodstox/woodstox-core/7.1.0/woodstox-core-7.1.0.jar:/home/runner/.m2/repository/org/codehaus/woodstox/stax2-api/4.2.2/stax2-api-4.2.2.jar:/home/runner/work/apicurio-testing/apicurio-testing/clusters/ci419/namespaces/kafkasql/tests/integration/apicurio-registry/schema-util/xsd/target/apicurio-registry-schema-util-xsd-3.0.9.jar:/home/runner/work/apicurio-testing/apicurio-testing/clusters/ci419/namespaces/kafkasql/tests/integration/apicurio-registry/serdes/kafka/jsonschema-serde/target/apicurio-registry-jsonschema-serde-kafka-3.0.9.jar:/home/runner/work/apicurio-testing/apicurio-testing/clusters/ci419/namespaces/kafkasql/tests/integration/apicurio-registry/serdes/kafka/serde-kafka-common/target/apicurio-registry-serde-kafka-common-3.0.9.jar:/home/runner/work/apicurio-testing/apicurio-testing/clusters/ci419/namespaces/kafkasql/tests/integration/apicurio-registry/serdes/generic/serde-common/target/apicurio-registry-serde-common-3.0.9.jar:/home/runner/work/apicurio-testing/apicurio-testing/clusters/ci419/namespaces/kafkasql/tests/integration/apicurio-registry/schema-resolver/target/apicurio-registry-schema-resolver-3.0.9.jar:/home/runner/work/apicurio-testing/apicurio-testing/clusters/ci419/namespaces/kafkasql/tests/integration/apicurio-registry/serdes/generic/serde-common-jsonschema/target/apicurio-registry-serde-common-jsonschema-3.0.9.jar:/home/runner/.m2/repository/org/json/json/20250107/json-20250107.jar:/home/runner/work/apicurio-testing/apicurio-testing/clusters/ci419/namespaces/kafkasql/tests/integration/apicurio-registry/serdes/kafka/avro-serde/target/apicurio-registry-avro-serde-kafka-3.0.9.jar:/home/runner/work/apicurio-testing/apicurio-testing/clusters/ci419/namespaces/kafkasql/tests/integration/apicurio-registry/serdes/generic/serde-common-avro/target/apicurio-registry-serde-common-avro-3.0.9.jar:/home/runner/work/apicurio-testing/apicurio-testing/clusters/ci419/namespaces/kafkasql/tests/integration/apicurio-registry/serdes/kafka/protobuf-serde/target/apicurio-registry-protobuf-serde-kafka-3.0.9.jar:/home/runner/work/apicurio-testing/apicurio-testing/clusters/ci419/namespaces/kafkasql/tests/integration/apicurio-registry/serdes/generic/serde-common-protobuf/target/apicurio-registry-serde-common-protobuf-3.0.9.jar:/home/runner/.m2/repository/com/squareup/wire/wire-schema/5.1.0/wire-schema-5.1.0.jar:/home/runner/.m2/repository/com/squareup/wire/wire-runtime/5.1.0/wire-runtime-5.1.0.jar:/home/runner/work/apicurio-testing/apicurio-testing/clusters/ci419/namespaces/kafkasql/tests/integration/apicurio-registry/serdes/pulsar/avro-serde/target/apicurio-registry-avro-serde-pulsar-3.0.9.jar:/home/runner/.m2/repository/org/apache/pulsar/pulsar-functions-api/3.3.4/pulsar-functions-api-3.3.4.jar:/home/runner/work/apicurio-testing/apicurio-testing/clusters/ci419/namespaces/kafkasql/tests/integration/apicurio-registry/serdes/nats/avro-serde/target/apicurio-registry-avro-serde-nats-3.0.9.jar:/home/runner/.m2/repository/io/nats/jnats/2.20.5/jnats-2.20.5.jar:/home/runner/.m2/repository/net/i2p/crypto/eddsa/0.3.0/eddsa-0.3.0.jar:/home/runner/work/apicurio-testing/apicurio-testing/clusters/ci419/namespaces/kafkasql/tests/integration/apicurio-registry/utils/converter/target/apicurio-registry-utils-converter-3.0.9.jar:/home/runner/.m2/repository/org/apache/kafka/connect-api/3.9.1/connect-api-3.9.1.jar:/home/runner/.m2/repository/javax/ws/rs/javax.ws.rs-api/2.1.1/javax.ws.rs-api-2.1.1.jar:/home/runner/.m2/repository/org/apache/kafka/connect-json/3.9.1/connect-json-3.9.1.jar:/home/runner/.m2/repository/com/fasterxml/jackson/datatype/jackson-datatype-jdk8/2.17.2/jackson-datatype-jdk8-2.17.2.jar:/home/runner/.m2/repository/com/fasterxml/jackson/module/jackson-module-afterburner/2.17.2/jackson-module-afterburner-2.17.2.jar:/home/runner/work/apicurio-testing/apicurio-testing/clusters/ci419/namespaces/kafkasql/tests/integration/apicurio-registry/utils/kafka/target/apicurio-registry-utils-kafka-3.0.9.jar:/home/runner/.m2/repository/org/apache/pulsar/pulsar-client/3.3.4/pulsar-client-3.3.4.jar:/home/runner/.m2/repository/org/apache/pulsar/pulsar-client-api/3.3.4/pulsar-client-api-3.3.4.jar:/home/runner/.m2/repository/org/apache/pulsar/pulsar-client-admin-api/3.3.4/pulsar-client-admin-api-3.3.4.jar:/home/runner/.m2/repository/org/apache/pulsar/bouncy-castle-bc/3.3.4/bouncy-castle-bc-3.3.4-pkg.jar:/home/runner/.m2/repository/org/bouncycastle/bcpkix-jdk18on/1.78.1/bcpkix-jdk18on-1.78.1.jar:/home/runner/.m2/repository/org/bouncycastle/bcutil-jdk18on/1.78.1/bcutil-jdk18on-1.78.1.jar:/home/runner/.m2/repository/org/bouncycastle/bcprov-jdk18on/1.78.1/bcprov-jdk18on-1.78.1.jar:/home/runner/.m2/repository/io/opentelemetry/opentelemetry-api/1.39.0/opentelemetry-api-1.39.0.jar:/home/runner/.m2/repository/io/opentelemetry/opentelemetry-context/1.39.0/opentelemetry-context-1.39.0.jar:/home/runner/.m2/repository/io/opentelemetry/opentelemetry-api-incubator/1.39.0-alpha/opentelemetry-api-incubator-1.39.0-alpha.jar:/home/runner/.m2/repository/com/fasterxml/jackson/core/jackson-annotations/2.17.2/jackson-annotations-2.17.2.jar:/home/runner/.m2/repository/javax/validation/validation-api/1.1.0.Final/validation-api-1.1.0.Final.jar:/home/runner/.m2/repository/io/confluent/kafka-avro-serializer/7.9.0/kafka-avro-serializer-7.9.0.jar:/home/runner/.m2/repository/org/apache/commons/commons-compress/1.27.0/commons-compress-1.27.0.jar:/home/runner/.m2/repository/io/confluent/kafka-schema-serializer/7.9.0/kafka-schema-serializer-7.9.0.jar:/home/runner/.m2/repository/com/fasterxml/jackson/dataformat/jackson-dataformat-csv/2.17.2/jackson-dataformat-csv-2.17.2.jar:/home/runner/.m2/repository/io/confluent/kafka-schema-registry-client/7.9.0/kafka-schema-registry-client-7.9.0.jar:/home/runner/.m2/repository/org/yaml/snakeyaml/2.2/snakeyaml-2.2.jar:/home/runner/.m2/repository/io/swagger/core/v3/swagger-annotations/2.1.10/swagger-annotations-2.1.10.jar:/home/runner/.m2/repository/com/google/guava/guava/33.2.1-jre/guava-33.2.1-jre.jar:/home/runner/.m2/repository/com/google/guava/failureaccess/1.0.1/failureaccess-1.0.1.jar:/home/runner/.m2/repository/org/checkerframework/checker-qual/3.46.0/checker-qual-3.46.0.jar:/home/runner/.m2/repository/io/confluent/logredactor/1.0.12/logredactor-1.0.12.jar:/home/runner/.m2/repository/com/google/re2j/re2j/1.6/re2j-1.6.jar:/home/runner/.m2/repository/io/confluent/logredactor-metrics/1.0.12/logredactor-metrics-1.0.12.jar:/home/runner/.m2/repository/com/eclipsesource/minimal-json/minimal-json/0.9.5/minimal-json-0.9.5.jar:/home/runner/.m2/repository/io/confluent/common-utils/7.9.0/common-utils-7.9.0.jar:/home/runner/.m2/repository/io/confluent/kafka-connect-avro-converter/7.9.0/kafka-connect-avro-converter-7.9.0.jar:/home/runner/.m2/repository/io/confluent/kafka-connect-avro-data/7.9.0/kafka-connect-avro-data-7.9.0.jar:/home/runner/.m2/repository/io/confluent/kafka-schema-converter/7.9.0/kafka-schema-converter-7.9.0.jar:/home/runner/.m2/repository/io/rest-assured/rest-assured/5.5.0/rest-assured-5.5.0.jar:/home/runner/.m2/repository/org/apache/groovy/groovy/4.0.22/groovy-4.0.22.jar:/home/runner/.m2/repository/org/apache/groovy/groovy-xml/4.0.22/groovy-xml-4.0.22.jar:/home/runner/.m2/repository/org/apache/httpcomponents/httpclient/4.5.14/httpclient-4.5.14.jar:/home/runner/.m2/repository/org/apache/httpcomponents/httpcore/4.4.16/httpcore-4.4.16.jar:/home/runner/.m2/repository/org/apache/httpcomponents/httpmime/4.5.14/httpmime-4.5.14.jar:/home/runner/.m2/repository/org/hamcrest/hamcrest/2.2/hamcrest-2.2.jar:/home/runner/.m2/repository/org/ccil/cowan/tagsoup/tagsoup/1.2.1/tagsoup-1.2.1.jar:/home/runner/.m2/repository/io/rest-assured/json-path/5.5.0/json-path-5.5.0.jar:/home/runner/.m2/repository/org/apache/groovy/groovy-json/4.0.22/groovy-json-4.0.22.jar:/home/runner/.m2/repository/io/rest-assured/rest-assured-common/5.5.0/rest-assured-common-5.5.0.jar:/home/runner/.m2/repository/io/rest-assured/xml-path/5.5.0/xml-path-5.5.0.jar:/home/runner/.m2/repository/io/zonky/test/embedded-postgres/2.1.0/embedded-postgres-2.1.0.jar:/home/runner/.m2/repository/io/zonky/test/postgres/embedded-postgres-binaries-windows-amd64/14.15.0/embedded-postgres-binaries-windows-amd64-14.15.0.jar:/home/runner/.m2/repository/io/zonky/test/postgres/embedded-postgres-binaries-darwin-amd64/14.15.0/embedded-postgres-binaries-darwin-amd64-14.15.0.jar:/home/runner/.m2/repository/io/zonky/test/postgres/embedded-postgres-binaries-linux-amd64/14.15.0/embedded-postgres-binaries-linux-amd64-14.15.0.jar:/home/runner/.m2/repository/io/zonky/test/postgres/embedded-postgres-binaries-linux-amd64-alpine/14.15.0/embedded-postgres-binaries-linux-amd64-alpine-14.15.0.jar:/home/runner/.m2/repository/org/apache/commons/commons-lang3/3.14.0/commons-lang3-3.14.0.jar:/home/runner/.m2/repository/org/tukaani/xz/1.10/xz-1.10.jar:/home/runner/.m2/repository/commons-codec/commons-codec/1.18.0/commons-codec-1.18.0.jar:/home/runner/.m2/repository/org/postgresql/postgresql/42.7.4/postgresql-42.7.4.jar:/home/runner/.m2/repository/commons-io/commons-io/2.16.1/commons-io-2.16.1.jar:/home/runner/work/apicurio-testing/apicurio-testing/clusters/ci419/namespaces/kafkasql/tests/integration/apicurio-registry/utils/importexport/target/apicurio-registry-utils-import-export-3.0.9.jar:/home/runner/.m2/repository/io/vertx/vertx-core/4.5.13/vertx-core-4.5.13.jar:/home/runner/.m2/repository/io/netty/netty-common/4.1.118.Final/netty-common-4.1.118.Final.jar:/home/runner/.m2/repository/io/netty/netty-buffer/4.1.118.Final/netty-buffer-4.1.118.Final.jar:/home/runner/.m2/repository/io/netty/netty-transport/4.1.118.Final/netty-transport-4.1.118.Final.jar:/home/runner/.m2/repository/io/netty/netty-handler/4.1.118.Final/netty-handler-4.1.118.Final.jar:/home/runner/.m2/repository/io/netty/netty-transport-native-unix-common/4.1.118.Final/netty-transport-native-unix-common-4.1.118.Final.jar:/home/runner/.m2/repository/io/netty/netty-codec/4.1.118.Final/netty-codec-4.1.118.Final.jar:/home/runner/.m2/repository/io/netty/netty-handler-proxy/4.1.118.Final/netty-handler-proxy-4.1.118.Final.jar:/home/runner/.m2/repository/io/netty/netty-codec-socks/4.1.118.Final/netty-codec-socks-4.1.118.Final.jar:/home/runner/.m2/repository/io/netty/netty-codec-http/4.1.118.Final/netty-codec-http-4.1.118.Final.jar:/home/runner/.m2/repository/io/netty/netty-codec-http2/4.1.118.Final/netty-codec-http2-4.1.118.Final.jar:/home/runner/.m2/repository/io/netty/netty-resolver/4.1.118.Final/netty-resolver-4.1.118.Final.jar:/home/runner/.m2/repository/io/netty/netty-resolver-dns/4.1.118.Final/netty-resolver-dns-4.1.118.Final.jar:/home/runner/.m2/repository/io/netty/netty-codec-dns/4.1.118.Final/netty-codec-dns-4.1.118.Final.jar:/home/runner/.m2/repository/com/fasterxml/jackson/core/jackson-core/2.17.2/jackson-core-2.17.2.jar:"/>
    <property name="java.vm.vendor" value="Eclipse Adoptium"/>
    <property name="maven.javadoc.skip" value="true"/>
    <property name="sun.arch.data.model" value="64"/>
    <property name="java.vendor.url" value="https://adoptium.net/"/>
    <property name="user.timezone" value="Etc/UTC"/>
    <property name="os.name" value="Linux"/>
    <property name="java.vm.specification.version" value="17"/>
    <property name="sun.java.launcher" value="SUN_STANDARD"/>
    <property name="quarkus.http.test-port" value="80"/>
    <property name="sun.boot.library.path" value="/usr/lib/jvm/temurin-17-jdk-amd64/lib"/>
    <property name="sun.java.command" value="/home/runner/work/apicurio-testing/apicurio-testing/clusters/ci419/namespaces/kafkasql/tests/integration/apicurio-registry/integration-tests/target/surefire/surefirebooter-20250731155212032_3.jar /home/runner/work/apicurio-testing/apicurio-testing/clusters/ci419/namespaces/kafkasql/tests/integration/apicurio-registry/integration-tests/target/surefire 2025-07-31T15-52-11_968-jvmRun1 surefire-20250731155212032_1tmp surefire_0-20250731155212032_2tmp"/>
    <property name="maven.home" value="/home/runner/.m2/wrapper/dists/apache-maven-3.9.8-bin/4fnp1ql35bgk2a0p7m31ovbgb0/apache-maven-3.9.8"/>
    <property name="jdk.debug" value="release"/>
    <property name="surefire.test.class.path" value="/home/runner/work/apicurio-testing/apicurio-testing/clusters/ci419/namespaces/kafkasql/tests/integration/apicurio-registry/integration-tests/target/test-classes:/home/runner/work/apicurio-testing/apicurio-testing/clusters/ci419/namespaces/kafkasql/tests/integration/apicurio-registry/integration-tests/target/apicurio-registry-integration-tests-3.0.9.jar:/home/runner/.m2/repository/io/quarkus/quarkus-junit5/3.15.4/quarkus-junit5-3.15.4.jar:/home/runner/.m2/repository/io/quarkus/quarkus-bootstrap-core/3.15.4/quarkus-bootstrap-core-3.15.4.jar:/home/runner/.m2/repository/io/quarkus/quarkus-classloader-commons/3.15.4/quarkus-classloader-commons-3.15.4.jar:/home/runner/.m2/repository/io/quarkus/quarkus-bootstrap-app-model/3.15.4/quarkus-bootstrap-app-model-3.15.4.jar:/home/runner/.m2/repository/io/smallrye/common/smallrye-common-io/2.6.1/smallrye-common-io-2.6.1.jar:/home/runner/.m2/repository/org/eclipse/sisu/org.eclipse.sisu.inject/0.9.0.M3/org.eclipse.sisu.inject-0.9.0.M3.jar:/home/runner/.m2/repository/io/quarkus/quarkus-test-common/3.15.4/quarkus-test-common-3.15.4.jar:/home/runner/.m2/repository/io/quarkus/quarkus-core-deployment/3.15.4/quarkus-core-deployment-3.15.4.jar:/home/runner/.m2/repository/org/aesh/readline/2.6/readline-2.6.jar:/home/runner/.m2/repository/org/fusesource/jansi/jansi/2.4.0/jansi-2.4.0.jar:/home/runner/.m2/repository/org/aesh/aesh/2.8.2/aesh-2.8.2.jar:/home/runner/.m2/repository/io/quarkus/gizmo/gizmo/1.8.0/gizmo-1.8.0.jar:/home/runner/.m2/repository/org/ow2/asm/asm-util/9.7/asm-util-9.7.jar:/home/runner/.m2/repository/org/ow2/asm/asm-analysis/9.7/asm-analysis-9.7.jar:/home/runner/.m2/repository/org/ow2/asm/asm-commons/9.7/asm-commons-9.7.jar:/home/runner/.m2/repository/org/ow2/asm/asm-tree/9.7/asm-tree-9.7.jar:/home/runner/.m2/repository/io/quarkus/quarkus-hibernate-validator-spi/3.15.4/quarkus-hibernate-validator-spi-3.15.4.jar:/home/runner/.m2/repository/io/quarkus/quarkus-class-change-agent/3.15.4/quarkus-class-change-agent-3.15.4.jar:/home/runner/.m2/repository/io/quarkus/quarkus-devtools-utilities/3.15.4/quarkus-devtools-utilities-3.15.4.jar:/home/runner/.m2/repository/io/quarkus/quarkus-builder/3.15.4/quarkus-builder-3.15.4.jar:/home/runner/.m2/repository/org/graalvm/sdk/nativeimage/23.1.2/nativeimage-23.1.2.jar:/home/runner/.m2/repository/org/graalvm/sdk/word/23.1.2/word-23.1.2.jar:/home/runner/.m2/repository/io/quarkus/quarkus-bootstrap-maven-resolver/3.15.4/quarkus-bootstrap-maven-resolver-3.15.4.jar:/home/runner/.m2/repository/io/smallrye/beanbag/smallrye-beanbag-maven/1.5.2/smallrye-beanbag-maven-1.5.2.jar:/home/runner/.m2/repository/io/smallrye/beanbag/smallrye-beanbag-sisu/1.5.2/smallrye-beanbag-sisu-1.5.2.jar:/home/runner/.m2/repository/io/smallrye/beanbag/smallrye-beanbag/1.5.2/smallrye-beanbag-1.5.2.jar:/home/runner/.m2/repository/javax/inject/javax.inject/1/javax.inject-1.jar:/home/runner/.m2/repository/org/apache/maven/maven-artifact/3.9.8/maven-artifact-3.9.8.jar:/home/runner/.m2/repository/org/apache/maven/maven-builder-support/3.9.8/maven-builder-support-3.9.8.jar:/home/runner/.m2/repository/org/apache/maven/maven-model/3.9.8/maven-model-3.9.8.jar:/home/runner/.m2/repository/org/apache/maven/maven-model-builder/3.9.8/maven-model-builder-3.9.8.jar:/home/runner/.m2/repository/org/apache/maven/maven-repository-metadata/3.9.8/maven-repository-metadata-3.9.8.jar:/home/runner/.m2/repository/org/apache/maven/maven-settings/3.9.8/maven-settings-3.9.8.jar:/home/runner/.m2/repository/org/apache/maven/resolver/maven-resolver-api/1.9.22/maven-resolver-api-1.9.22.jar:/home/runner/.m2/repository/org/apache/maven/resolver/maven-resolver-impl/1.9.22/maven-resolver-impl-1.9.22.jar:/home/runner/.m2/repository/org/apache/maven/resolver/maven-resolver-named-locks/1.9.22/maven-resolver-named-locks-1.9.22.jar:/home/runner/.m2/repository/org/apache/maven/resolver/maven-resolver-spi/1.9.22/maven-resolver-spi-1.9.22.jar:/home/runner/.m2/repository/org/apache/maven/resolver/maven-resolver-util/1.9.22/maven-resolver-util-1.9.22.jar:/home/runner/.m2/repository/org/apache/maven/resolver/maven-resolver-transport-http/1.9.20/maven-resolver-transport-http-1.9.20.jar:/home/runner/.m2/repository/org/apache/maven/wagon/wagon-provider-api/3.5.3/wagon-provider-api-3.5.3.jar:/home/runner/.m2/repository/org/apache/maven/wagon/wagon-http-shared/3.5.3/wagon-http-shared-3.5.3.jar:/home/runner/.m2/repository/org/codehaus/plexus/plexus-interpolation/1.26/plexus-interpolation-1.26.jar:/home/runner/.m2/repository/org/codehaus/plexus/plexus-utils/3.5.1/plexus-utils-3.5.1.jar:/home/runner/.m2/repository/org/codehaus/plexus/plexus-xml/4.0.1/plexus-xml-4.0.1.jar:/home/runner/.m2/repository/org/apache/maven/maven-xml-impl/4.0.0-alpha-5/maven-xml-impl-4.0.0-alpha-5.jar:/home/runner/.m2/repository/org/apache/maven/maven-api-xml/4.0.0-alpha-5/maven-api-xml-4.0.0-alpha-5.jar:/home/runner/.m2/repository/org/apache/maven/maven-api-meta/4.0.0-alpha-5/maven-api-meta-4.0.0-alpha-5.jar:/home/runner/.m2/repository/org/codehaus/plexus/plexus-cipher/2.0/plexus-cipher-2.0.jar:/home/runner/.m2/repository/org/codehaus/plexus/plexus-sec-dispatcher/2.0/plexus-sec-dispatcher-2.0.jar:/home/runner/.m2/repository/org/apache/maven/maven-embedder/3.9.8/maven-embedder-3.9.8.jar:/home/runner/.m2/repository/org/apache/maven/maven-core/3.9.8/maven-core-3.9.8.jar:/home/runner/.m2/repository/org/codehaus/plexus/plexus-component-annotations/2.1.0/plexus-component-annotations-2.1.0.jar:/home/runner/.m2/repository/org/apache/maven/maven-plugin-api/3.9.8/maven-plugin-api-3.9.8.jar:/home/runner/.m2/repository/org/apache/maven/shared/maven-shared-utils/3.4.2/maven-shared-utils-3.4.2.jar:/home/runner/.m2/repository/com/google/inject/guice/5.1.0/guice-5.1.0.jar:/home/runner/.m2/repository/aopalliance/aopalliance/1.0/aopalliance-1.0.jar:/home/runner/.m2/repository/javax/annotation/javax.annotation-api/1.3.2/javax.annotation-api-1.3.2.jar:/home/runner/.m2/repository/org/codehaus/plexus/plexus-classworlds/2.6.0/plexus-classworlds-2.6.0.jar:/home/runner/.m2/repository/commons-cli/commons-cli/1.8.0/commons-cli-1.8.0.jar:/home/runner/.m2/repository/org/eclipse/sisu/org.eclipse.sisu.plexus/0.9.0.M3/org.eclipse.sisu.plexus-0.9.0.M3.jar:/home/runner/.m2/repository/org/apache/maven/maven-settings-builder/3.9.8/maven-settings-builder-3.9.8.jar:/home/runner/.m2/repository/org/apache/maven/maven-resolver-provider/3.9.8/maven-resolver-provider-3.9.8.jar:/home/runner/.m2/repository/org/apache/maven/resolver/maven-resolver-connector-basic/1.9.22/maven-resolver-connector-basic-1.9.22.jar:/home/runner/.m2/repository/org/apache/maven/resolver/maven-resolver-transport-wagon/1.9.22/maven-resolver-transport-wagon-1.9.22.jar:/home/runner/.m2/repository/org/apache/maven/wagon/wagon-http/3.5.3/wagon-http-3.5.3.jar:/home/runner/.m2/repository/org/apache/maven/wagon/wagon-file/3.5.3/wagon-file-3.5.3.jar:/home/runner/.m2/repository/io/quarkus/quarkus-bootstrap-gradle-resolver/3.15.4/quarkus-bootstrap-gradle-resolver-3.15.4.jar:/home/runner/.m2/repository/io/smallrye/jandex/3.2.3/jandex-3.2.3.jar:/home/runner/.m2/repository/org/jboss/logging/commons-logging-jboss-logging/1.0.0.Final/commons-logging-jboss-logging-1.0.0.Final.jar:/home/runner/.m2/repository/io/quarkus/quarkus-junit5-properties/3.15.4/quarkus-junit5-properties-3.15.4.jar:/home/runner/.m2/repository/org/junit/jupiter/junit-jupiter/5.10.3/junit-jupiter-5.10.3.jar:/home/runner/.m2/repository/org/junit/jupiter/junit-jupiter-api/5.10.3/junit-jupiter-api-5.10.3.jar:/home/runner/.m2/repository/org/junit/jupiter/junit-jupiter-params/5.10.3/junit-jupiter-params-5.10.3.jar:/home/runner/.m2/repository/org/junit/jupiter/junit-jupiter-engine/5.10.3/junit-jupiter-engine-5.10.3.jar:/home/runner/.m2/repository/io/quarkus/quarkus-core/3.15.4/quarkus-core-3.15.4.jar:/home/runner/.m2/repository/jakarta/enterprise/jakarta.enterprise.cdi-api/4.1.0/jakarta.enterprise.cdi-api-4.1.0.jar:/home/runner/.m2/repository/jakarta/enterprise/jakarta.enterprise.lang-model/4.1.0/jakarta.enterprise.lang-model-4.1.0.jar:/home/runner/.m2/repository/jakarta/el/jakarta.el-api/5.0.1/jakarta.el-api-5.0.1.jar:/home/runner/.m2/repository/jakarta/interceptor/jakarta.interceptor-api/2.2.0/jakarta.interceptor-api-2.2.0.jar:/home/runner/.m2/repository/jakarta/inject/jakarta.inject-api/2.0.1/jakarta.inject-api-2.0.1.jar:/home/runner/.m2/repository/io/smallrye/common/smallrye-common-os/2.6.1/smallrye-common-os-2.6.1.jar:/home/runner/.m2/repository/io/quarkus/quarkus-ide-launcher/3.15.4/quarkus-ide-launcher-3.15.4.jar:/home/runner/.m2/repository/io/quarkus/quarkus-development-mode-spi/3.15.4/quarkus-development-mode-spi-3.15.4.jar:/home/runner/.m2/repository/io/smallrye/config/smallrye-config/3.9.1/smallrye-config-3.9.1.jar:/home/runner/.m2/repository/io/smallrye/config/smallrye-config-core/3.9.1/smallrye-config-core-3.9.1.jar:/home/runner/.m2/repository/io/smallrye/common/smallrye-common-annotation/2.6.1/smallrye-common-annotation-2.6.1.jar:/home/runner/.m2/repository/io/smallrye/common/smallrye-common-classloader/2.6.1/smallrye-common-classloader-2.6.1.jar:/home/runner/.m2/repository/io/smallrye/config/smallrye-config-common/3.9.1/smallrye-config-common-3.9.1.jar:/home/runner/.m2/repository/org/jboss/logging/jboss-logging/3.6.0.Final/jboss-logging-3.6.0.Final.jar:/home/runner/.m2/repository/org/jboss/logmanager/jboss-logmanager/3.1.1.Final/jboss-logmanager-3.1.1.Final.jar:/home/runner/.m2/repository/io/smallrye/common/smallrye-common-constraint/2.6.1/smallrye-common-constraint-2.6.1.jar:/home/runner/.m2/repository/io/smallrye/common/smallrye-common-cpu/2.6.1/smallrye-common-cpu-2.6.1.jar:/home/runner/.m2/repository/io/smallrye/common/smallrye-common-expression/2.6.1/smallrye-common-expression-2.6.1.jar:/home/runner/.m2/repository/io/smallrye/common/smallrye-common-function/2.6.1/smallrye-common-function-2.6.1.jar:/home/runner/.m2/repository/io/smallrye/common/smallrye-common-net/2.6.1/smallrye-common-net-2.6.1.jar:/home/runner/.m2/repository/io/smallrye/common/smallrye-common-ref/2.6.1/smallrye-common-ref-2.6.1.jar:/home/runner/.m2/repository/jakarta/json/jakarta.json-api/2.1.3/jakarta.json-api-2.1.3.jar:/home/runner/.m2/repository/org/eclipse/parsson/parsson/1.1.7/parsson-1.1.7.jar:/home/runner/.m2/repository/org/jboss/logging/jboss-logging-annotations/3.0.1.Final/jboss-logging-annotations-3.0.1.Final.jar:/home/runner/.m2/repository/org/jboss/threads/jboss-threads/3.6.1.Final/jboss-threads-3.6.1.Final.jar:/home/runner/.m2/repository/org/jboss/slf4j/slf4j-jboss-logmanager/2.0.0.Final/slf4j-jboss-logmanager-2.0.0.Final.jar:/home/runner/.m2/repository/org/wildfly/common/wildfly-common/1.7.0.Final/wildfly-common-1.7.0.Final.jar:/home/runner/.m2/repository/io/quarkus/quarkus-bootstrap-runner/3.15.4/quarkus-bootstrap-runner-3.15.4.jar:/home/runner/.m2/repository/io/github/crac/org-crac/0.1.3/org-crac-0.1.3.jar:/home/runner/.m2/repository/io/quarkus/quarkus-fs-util/0.0.10/quarkus-fs-util-0.0.10.jar:/home/runner/.m2/repository/org/jboss/marshalling/jboss-marshalling/2.2.1.Final/jboss-marshalling-2.2.1.Final.jar:/home/runner/.m2/repository/io/fabric8/kubernetes-client/6.13.5/kubernetes-client-6.13.5.jar:/home/runner/.m2/repository/io/fabric8/kubernetes-client-api/6.13.5/kubernetes-client-api-6.13.5.jar:/home/runner/.m2/repository/io/fabric8/kubernetes-model-core/6.13.5/kubernetes-model-core-6.13.5.jar:/home/runner/.m2/repository/io/fabric8/kubernetes-model-common/6.13.5/kubernetes-model-common-6.13.5.jar:/home/runner/.m2/repository/io/fabric8/kubernetes-model-gatewayapi/6.13.5/kubernetes-model-gatewayapi-6.13.5.jar:/home/runner/.m2/repository/io/fabric8/kubernetes-model-resource/6.13.5/kubernetes-model-resource-6.13.5.jar:/home/runner/.m2/repository/io/fabric8/kubernetes-model-rbac/6.13.5/kubernetes-model-rbac-6.13.5.jar:/home/runner/.m2/repository/io/fabric8/kubernetes-model-admissionregistration/6.13.5/kubernetes-model-admissionregistration-6.13.5.jar:/home/runner/.m2/repository/io/fabric8/kubernetes-model-apps/6.13.5/kubernetes-model-apps-6.13.5.jar:/home/runner/.m2/repository/io/fabric8/kubernetes-model-autoscaling/6.13.5/kubernetes-model-autoscaling-6.13.5.jar:/home/runner/.m2/repository/io/fabric8/kubernetes-model-apiextensions/6.13.5/kubernetes-model-apiextensions-6.13.5.jar:/home/runner/.m2/repository/io/fabric8/kubernetes-model-batch/6.13.5/kubernetes-model-batch-6.13.5.jar:/home/runner/.m2/repository/io/fabric8/kubernetes-model-certificates/6.13.5/kubernetes-model-certificates-6.13.5.jar:/home/runner/.m2/repository/io/fabric8/kubernetes-model-coordination/6.13.5/kubernetes-model-coordination-6.13.5.jar:/home/runner/.m2/repository/io/fabric8/kubernetes-model-discovery/6.13.5/kubernetes-model-discovery-6.13.5.jar:/home/runner/.m2/repository/io/fabric8/kubernetes-model-events/6.13.5/kubernetes-model-events-6.13.5.jar:/home/runner/.m2/repository/io/fabric8/kubernetes-model-extensions/6.13.5/kubernetes-model-extensions-6.13.5.jar:/home/runner/.m2/repository/io/fabric8/kubernetes-model-flowcontrol/6.13.5/kubernetes-model-flowcontrol-6.13.5.jar:/home/runner/.m2/repository/io/fabric8/kubernetes-model-networking/6.13.5/kubernetes-model-networking-6.13.5.jar:/home/runner/.m2/repository/io/fabric8/kubernetes-model-metrics/6.13.5/kubernetes-model-metrics-6.13.5.jar:/home/runner/.m2/repository/io/fabric8/kubernetes-model-policy/6.13.5/kubernetes-model-policy-6.13.5.jar:/home/runner/.m2/repository/io/fabric8/kubernetes-model-scheduling/6.13.5/kubernetes-model-scheduling-6.13.5.jar:/home/runner/.m2/repository/io/fabric8/kubernetes-model-storageclass/6.13.5/kubernetes-model-storageclass-6.13.5.jar:/home/runner/.m2/repository/io/fabric8/kubernetes-model-node/6.13.5/kubernetes-model-node-6.13.5.jar:/home/runner/.m2/repository/org/snakeyaml/snakeyaml-engine/2.7/snakeyaml-engine-2.7.jar:/home/runner/.m2/repository/com/fasterxml/jackson/dataformat/jackson-dataformat-yaml/2.15.2/jackson-dataformat-yaml-2.15.2.jar:/home/runner/.m2/repository/com/fasterxml/jackson/datatype/jackson-datatype-jsr310/2.17.2/jackson-datatype-jsr310-2.17.2.jar:/home/runner/.m2/repository/io/fabric8/zjsonpatch/0.3.0/zjsonpatch-0.3.0.jar:/home/runner/.m2/repository/io/fabric8/kubernetes-httpclient-vertx/6.13.5/kubernetes-httpclient-vertx-6.13.5.jar:/home/runner/.m2/repository/io/vertx/vertx-web-client/4.5.13/vertx-web-client-4.5.13.jar:/home/runner/.m2/repository/io/vertx/vertx-web-common/4.5.13/vertx-web-common-4.5.13.jar:/home/runner/.m2/repository/io/vertx/vertx-auth-common/4.5.13/vertx-auth-common-4.5.13.jar:/home/runner/.m2/repository/io/vertx/vertx-uri-template/4.5.13/vertx-uri-template-4.5.13.jar:/home/runner/.m2/repository/io/fabric8/openshift-client/6.13.5/openshift-client-6.13.5.jar:/home/runner/.m2/repository/io/fabric8/openshift-client-api/6.13.5/openshift-client-api-6.13.5.jar:/home/runner/.m2/repository/io/fabric8/openshift-model/6.13.5/openshift-model-6.13.5.jar:/home/runner/.m2/repository/io/fabric8/openshift-model-clusterautoscaling/6.13.5/openshift-model-clusterautoscaling-6.13.5.jar:/home/runner/.m2/repository/io/fabric8/openshift-model-operator/6.13.5/openshift-model-operator-6.13.5.jar:/home/runner/.m2/repository/io/fabric8/openshift-model-operatorhub/6.13.5/openshift-model-operatorhub-6.13.5.jar:/home/runner/.m2/repository/io/fabric8/openshift-model-machine/6.13.5/openshift-model-machine-6.13.5.jar:/home/runner/.m2/repository/io/fabric8/openshift-model-whereabouts/6.13.5/openshift-model-whereabouts-6.13.5.jar:/home/runner/.m2/repository/io/fabric8/openshift-model-monitoring/6.13.5/openshift-model-monitoring-6.13.5.jar:/home/runner/.m2/repository/io/fabric8/openshift-model-storageversionmigrator/6.13.5/openshift-model-storageversionmigrator-6.13.5.jar:/home/runner/.m2/repository/io/fabric8/openshift-model-tuned/6.13.5/openshift-model-tuned-6.13.5.jar:/home/runner/.m2/repository/io/fabric8/openshift-model-console/6.13.5/openshift-model-console-6.13.5.jar:/home/runner/.m2/repository/io/fabric8/openshift-model-config/6.13.5/openshift-model-config-6.13.5.jar:/home/runner/.m2/repository/io/fabric8/openshift-model-machineconfig/6.13.5/openshift-model-machineconfig-6.13.5.jar:/home/runner/.m2/repository/io/fabric8/openshift-model-miscellaneous/6.13.5/openshift-model-miscellaneous-6.13.5.jar:/home/runner/.m2/repository/io/fabric8/openshift-model-hive/6.13.5/openshift-model-hive-6.13.5.jar:/home/runner/.m2/repository/io/fabric8/openshift-model-installer/6.13.5/openshift-model-installer-6.13.5.jar:/home/runner/.m2/repository/com/github/mifmif/generex/1.0.2/generex-1.0.2.jar:/home/runner/.m2/repository/dk/brics/automaton/automaton/1.11-8/automaton-1.11-8.jar:/home/runner/.m2/repository/org/junit/platform/junit-platform-launcher/1.10.3/junit-platform-launcher-1.10.3.jar:/home/runner/.m2/repository/org/junit/platform/junit-platform-engine/1.10.3/junit-platform-engine-1.10.3.jar:/home/runner/.m2/repository/org/opentest4j/opentest4j/1.3.0/opentest4j-1.3.0.jar:/home/runner/.m2/repository/org/junit/platform/junit-platform-commons/1.10.3/junit-platform-commons-1.10.3.jar:/home/runner/.m2/repository/org/apiguardian/apiguardian-api/1.1.2/apiguardian-api-1.1.2.jar:/home/runner/.m2/repository/jakarta/ws/rs/jakarta.ws.rs-api/3.1.0/jakarta.ws.rs-api-3.1.0.jar:/home/runner/work/apicurio-testing/apicurio-testing/clusters/ci419/namespaces/kafkasql/tests/integration/apicurio-registry/java-sdk/target/apicurio-registry-java-sdk-3.0.9.jar:/home/runner/.m2/repository/com/microsoft/kiota/microsoft-kiota-abstractions/1.8.4/microsoft-kiota-abstractions-1.8.4.jar:/home/runner/.m2/repository/io/github/std-uritemplate/std-uritemplate/2.0.0/std-uritemplate-2.0.0.jar:/home/runner/.m2/repository/io/kiota/kiota-http-jdk/0.0.21/kiota-http-jdk-0.0.21.jar:/home/runner/.m2/repository/io/kiota/kiota-http-vertx/0.0.21/kiota-http-vertx-0.0.21.jar:/home/runner/.m2/repository/io/kiota/kiota-serialization-jackson/0.0.21/kiota-serialization-jackson-0.0.21.jar:/home/runner/.m2/repository/com/microsoft/kiota/microsoft-kiota-serialization-text/1.8.4/microsoft-kiota-serialization-text-1.8.4.jar:/home/runner/.m2/repository/com/microsoft/kiota/microsoft-kiota-serialization-form/1.8.4/microsoft-kiota-serialization-form-1.8.4.jar:/home/runner/.m2/repository/com/microsoft/kiota/microsoft-kiota-serialization-multipart/1.8.4/microsoft-kiota-serialization-multipart-1.8.4.jar:/home/runner/.m2/repository/jakarta/annotation/jakarta.annotation-api/3.0.0/jakarta.annotation-api-3.0.0.jar:/home/runner/.m2/repository/io/vertx/vertx-auth-oauth2/4.5.13/vertx-auth-oauth2-4.5.13.jar:/home/runner/work/apicurio-testing/apicurio-testing/clusters/ci419/namespaces/kafkasql/tests/integration/apicurio-registry/java-sdk-v2/target/apicurio-registry-v2-java-sdk-3.0.9.jar:/home/runner/work/apicurio-testing/apicurio-testing/clusters/ci419/namespaces/kafkasql/tests/integration/apicurio-registry/utils/kafka/target/apicurio-registry-utils-kafka-3.0.9-tests.jar:/home/runner/.m2/repository/org/eclipse/microprofile/config/microprofile-config-api/3.1/microprofile-config-api-3.1.jar:/home/runner/.m2/repository/org/apache/kafka/kafka-clients/3.9.0/kafka-clients-3.9.0.jar:/home/runner/.m2/repository/com/github/luben/zstd-jni/1.5.6-4/zstd-jni-1.5.6-4.jar:/home/runner/.m2/repository/org/lz4/lz4-java/1.8.0/lz4-java-1.8.0.jar:/home/runner/.m2/repository/org/xerial/snappy/snappy-java/1.1.10.5/snappy-java-1.1.10.5.jar:/home/runner/.m2/repository/org/slf4j/slf4j-api/2.0.6/slf4j-api-2.0.6.jar:/home/runner/work/apicurio-testing/apicurio-testing/clusters/ci419/namespaces/kafkasql/tests/integration/apicurio-registry/utils/tests/target/apicurio-registry-utils-tests-3.0.9.jar:/home/runner/work/apicurio-testing/apicurio-testing/clusters/ci419/namespaces/kafkasql/tests/integration/apicurio-registry/common/target/apicurio-registry-common-3.0.9.jar:/home/runner/.m2/repository/jakarta/validation/jakarta.validation-api/3.0.2/jakarta.validation-api-3.0.2.jar:/home/runner/.m2/repository/com/github/dasniko/testcontainers-keycloak/3.6.0/testcontainers-keycloak-3.6.0.jar:/home/runner/.m2/repository/org/testcontainers/testcontainers/1.20.1/testcontainers-1.20.1.jar:/home/runner/.m2/repository/org/rnorth/duct-tape/duct-tape/1.0.8/duct-tape-1.0.8.jar:/home/runner/.m2/repository/org/jetbrains/annotations/24.1.0/annotations-24.1.0.jar:/home/runner/.m2/repository/com/github/docker-java/docker-java-transport-zerodep/3.4.0/docker-java-transport-zerodep-3.4.0.jar:/home/runner/.m2/repository/com/github/docker-java/docker-java-transport/3.4.0/docker-java-transport-3.4.0.jar:/home/runner/.m2/repository/net/java/dev/jna/jna/5.8.0/jna-5.8.0.jar:/home/runner/.m2/repository/io/quarkus/quarkus-junit4-mock/3.15.4/quarkus-junit4-mock-3.15.4.jar:/home/runner/.m2/repository/org/jboss/shrinkwrap/shrinkwrap-api/2.0.0-beta-2/shrinkwrap-api-2.0.0-beta-2.jar:/home/runner/.m2/repository/org/jboss/shrinkwrap/shrinkwrap-impl-base/2.0.0-beta-2/shrinkwrap-impl-base-2.0.0-beta-2.jar:/home/runner/.m2/repository/org/jboss/shrinkwrap/shrinkwrap-spi/2.0.0-beta-2/shrinkwrap-spi-2.0.0-beta-2.jar:/home/runner/.m2/repository/org/keycloak/keycloak-admin-client/25.0.6/keycloak-admin-client-25.0.6.jar:/home/runner/.m2/repository/org/keycloak/keycloak-core/25.0.6/keycloak-core-25.0.6.jar:/home/runner/.m2/repository/org/keycloak/keycloak-common/25.0.6/keycloak-common-25.0.6.jar:/home/runner/.m2/repository/org/jboss/resteasy/resteasy-client/6.2.9.Final/resteasy-client-6.2.9.Final.jar:/home/runner/.m2/repository/org/jboss/resteasy/resteasy-client-api/6.2.9.Final/resteasy-client-api-6.2.9.Final.jar:/home/runner/.m2/repository/org/jboss/resteasy/resteasy-core-spi/6.2.9.Final/resteasy-core-spi-6.2.9.Final.jar:/home/runner/.m2/repository/org/jboss/resteasy/resteasy-core/6.2.9.Final/resteasy-core-6.2.9.Final.jar:/home/runner/.m2/repository/org/eclipse/angus/angus-activation/2.0.2/angus-activation-2.0.2.jar:/home/runner/.m2/repository/com/ibm/async/asyncutil/0.1.0/asyncutil-0.1.0.jar:/home/runner/.m2/repository/org/reactivestreams/reactive-streams/1.0.4/reactive-streams-1.0.4.jar:/home/runner/.m2/repository/org/jboss/resteasy/resteasy-multipart-provider/6.2.9.Final/resteasy-multipart-provider-6.2.9.Final.jar:/home/runner/.m2/repository/jakarta/mail/jakarta.mail-api/2.1.2/jakarta.mail-api-2.1.2.jar:/home/runner/.m2/repository/org/eclipse/angus/angus-mail/2.0.3/angus-mail-2.0.3.jar:/home/runner/.m2/repository/org/apache/james/apache-mime4j-dom/0.8.11/apache-mime4j-dom-0.8.11.jar:/home/runner/.m2/repository/org/apache/james/apache-mime4j-core/0.8.11/apache-mime4j-core-0.8.11.jar:/home/runner/.m2/repository/org/apache/james/apache-mime4j-storage/0.8.11/apache-mime4j-storage-0.8.11.jar:/home/runner/.m2/repository/org/jboss/resteasy/resteasy-jackson2-provider/6.2.9.Final/resteasy-jackson2-provider-6.2.9.Final.jar:/home/runner/.m2/repository/com/fasterxml/jackson/jakarta/rs/jackson-jakarta-rs-base/2.17.2/jackson-jakarta-rs-base-2.17.2.jar:/home/runner/.m2/repository/com/fasterxml/jackson/jakarta/rs/jackson-jakarta-rs-json-provider/2.17.2/jackson-jakarta-rs-json-provider-2.17.2.jar:/home/runner/.m2/repository/com/fasterxml/jackson/module/jackson-module-jakarta-xmlbind-annotations/2.17.2/jackson-module-jakarta-xmlbind-annotations-2.17.2.jar:/home/runner/.m2/repository/com/github/java-json-tools/json-patch/1.13/json-patch-1.13.jar:/home/runner/.m2/repository/com/github/java-json-tools/msg-simple/1.2/msg-simple-1.2.jar:/home/runner/.m2/repository/com/github/java-json-tools/btf/1.3/btf-1.3.jar:/home/runner/.m2/repository/com/github/java-json-tools/jackson-coreutils/2.0/jackson-coreutils-2.0.jar:/home/runner/.m2/repository/org/jboss/resteasy/resteasy-jaxb-provider/6.2.9.Final/resteasy-jaxb-provider-6.2.9.Final.jar:/home/runner/.m2/repository/org/glassfish/jaxb/codemodel/4.0.3/codemodel-4.0.3.jar:/home/runner/.m2/repository/org/glassfish/jaxb/jaxb-core/4.0.5/jaxb-core-4.0.5.jar:/home/runner/.m2/repository/org/glassfish/jaxb/jaxb-jxc/4.0.3/jaxb-jxc-4.0.3.jar:/home/runner/.m2/repository/org/glassfish/jaxb/jaxb-runtime/4.0.5/jaxb-runtime-4.0.5.jar:/home/runner/.m2/repository/org/glassfish/jaxb/txw2/4.0.5/txw2-4.0.5.jar:/home/runner/.m2/repository/org/glassfish/jaxb/jaxb-xjc/4.0.3/jaxb-xjc-4.0.3.jar:/home/runner/.m2/repository/org/glassfish/jaxb/xsom/4.0.3/xsom-4.0.3.jar:/home/runner/.m2/repository/com/sun/istack/istack-commons-runtime/4.1.2/istack-commons-runtime-4.1.2.jar:/home/runner/.m2/repository/com/sun/istack/istack-commons-tools/4.1.2/istack-commons-tools-4.1.2.jar:/home/runner/.m2/repository/com/sun/xml/bind/external/relaxng-datatype/4.0.3/relaxng-datatype-4.0.3.jar:/home/runner/.m2/repository/com/sun/xml/bind/external/rngom/4.0.3/rngom-4.0.3.jar:/home/runner/.m2/repository/org/testcontainers/mssqlserver/1.20.1/mssqlserver-1.20.1.jar:/home/runner/.m2/repository/org/testcontainers/jdbc/1.20.1/jdbc-1.20.1.jar:/home/runner/.m2/repository/org/testcontainers/database-commons/1.20.1/database-commons-1.20.1.jar:/home/runner/.m2/repository/org/testcontainers/mysql/1.20.1/mysql-1.20.1.jar:/home/runner/.m2/repository/io/strimzi/strimzi-test-container/0.107.0/strimzi-test-container-0.107.0.jar:/home/runner/.m2/repository/org/testcontainers/toxiproxy/1.20.1/toxiproxy-1.20.1.jar:/home/runner/.m2/repository/com/github/docker-java/docker-java-api/3.4.0/docker-java-api-3.4.0.jar:/home/runner/.m2/repository/eu/rekawek/toxiproxy/toxiproxy-java/2.1.7/toxiproxy-java-2.1.7.jar:/home/runner/.m2/repository/junit/junit/4.13.2/junit-4.13.2.jar:/home/runner/.m2/repository/org/hamcrest/hamcrest-core/1.3/hamcrest-core-1.3.jar:/home/runner/.m2/repository/org/testcontainers/pulsar/1.20.4/pulsar-1.20.4.jar:/home/runner/.m2/repository/io/debezium/debezium-testing-testcontainers/2.6.2.Final/debezium-testing-testcontainers-2.6.2.Final.jar:/home/runner/.m2/repository/org/testcontainers/kafka/1.20.1/kafka-1.20.1.jar:/home/runner/.m2/repository/com/squareup/okhttp3/okhttp/4.8.1/okhttp-4.8.1.jar:/home/runner/.m2/repository/com/squareup/okio/okio/3.10.2/okio-3.10.2.jar:/home/runner/.m2/repository/com/squareup/okio/okio-jvm/3.10.2/okio-jvm-3.10.2.jar:/home/runner/.m2/repository/org/jetbrains/kotlin/kotlin-stdlib/2.0.10/kotlin-stdlib-2.0.10.jar:/home/runner/.m2/repository/org/awaitility/awaitility/4.2.2/awaitility-4.2.2.jar:/home/runner/.m2/repository/org/testcontainers/mongodb/1.20.1/mongodb-1.20.1.jar:/home/runner/.m2/repository/org/testcontainers/oracle-xe/1.20.1/oracle-xe-1.20.1.jar:/home/runner/.m2/repository/org/testcontainers/postgresql/1.20.1/postgresql-1.20.1.jar:/home/runner/.m2/repository/org/wiremock/wiremock/3.0.1/wiremock-3.0.1.jar:/home/runner/.m2/repository/org/eclipse/jetty/jetty-server/11.0.15/jetty-server-11.0.15.jar:/home/runner/.m2/repository/org/eclipse/jetty/toolchain/jetty-jakarta-servlet-api/5.0.2/jetty-jakarta-servlet-api-5.0.2.jar:/home/runner/.m2/repository/org/eclipse/jetty/jetty-http/11.0.15/jetty-http-11.0.15.jar:/home/runner/.m2/repository/org/eclipse/jetty/jetty-io/11.0.15/jetty-io-11.0.15.jar:/home/runner/.m2/repository/org/eclipse/jetty/jetty-servlet/11.0.15/jetty-servlet-11.0.15.jar:/home/runner/.m2/repository/org/eclipse/jetty/jetty-security/11.0.15/jetty-security-11.0.15.jar:/home/runner/.m2/repository/org/eclipse/jetty/jetty-servlets/11.0.15/jetty-servlets-11.0.15.jar:/home/runner/.m2/repository/org/eclipse/jetty/jetty-util/11.0.15/jetty-util-11.0.15.jar:/home/runner/.m2/repository/org/eclipse/jetty/jetty-webapp/11.0.15/jetty-webapp-11.0.15.jar:/home/runner/.m2/repository/org/eclipse/jetty/jetty-xml/11.0.15/jetty-xml-11.0.15.jar:/home/runner/.m2/repository/org/eclipse/jetty/jetty-proxy/11.0.15/jetty-proxy-11.0.15.jar:/home/runner/.m2/repository/org/eclipse/jetty/jetty-client/11.0.15/jetty-client-11.0.15.jar:/home/runner/.m2/repository/org/eclipse/jetty/http2/http2-server/11.0.15/http2-server-11.0.15.jar:/home/runner/.m2/repository/org/eclipse/jetty/http2/http2-common/11.0.15/http2-common-11.0.15.jar:/home/runner/.m2/repository/org/eclipse/jetty/http2/http2-hpack/11.0.15/http2-hpack-11.0.15.jar:/home/runner/.m2/repository/org/eclipse/jetty/jetty-alpn-server/11.0.15/jetty-alpn-server-11.0.15.jar:/home/runner/.m2/repository/org/eclipse/jetty/jetty-alpn-java-server/11.0.15/jetty-alpn-java-server-11.0.15.jar:/home/runner/.m2/repository/org/eclipse/jetty/jetty-alpn-java-client/11.0.15/jetty-alpn-java-client-11.0.15.jar:/home/runner/.m2/repository/org/eclipse/jetty/jetty-alpn-client/11.0.15/jetty-alpn-client-11.0.15.jar:/home/runner/.m2/repository/org/apache/httpcomponents/client5/httpclient5/5.2.1/httpclient5-5.2.1.jar:/home/runner/.m2/repository/org/apache/httpcomponents/core5/httpcore5/5.2/httpcore5-5.2.jar:/home/runner/.m2/repository/org/apache/httpcomponents/core5/httpcore5-h2/5.2/httpcore5-h2-5.2.jar:/home/runner/.m2/repository/org/xmlunit/xmlunit-core/2.9.1/xmlunit-core-2.9.1.jar:/home/runner/.m2/repository/jakarta/xml/bind/jakarta.xml.bind-api/4.0.2/jakarta.xml.bind-api-4.0.2.jar:/home/runner/.m2/repository/jakarta/activation/jakarta.activation-api/2.1.3/jakarta.activation-api-2.1.3.jar:/home/runner/.m2/repository/org/xmlunit/xmlunit-legacy/2.9.1/xmlunit-legacy-2.9.1.jar:/home/runner/.m2/repository/org/xmlunit/xmlunit-placeholders/2.9.1/xmlunit-placeholders-2.9.1.jar:/home/runner/.m2/repository/net/javacrumbs/json-unit/json-unit-core/2.38.0/json-unit-core-2.38.0.jar:/home/runner/.m2/repository/com/jayway/jsonpath/json-path/2.8.0/json-path-2.8.0.jar:/home/runner/.m2/repository/net/minidev/json-smart/2.4.10/json-smart-2.4.10.jar:/home/runner/.m2/repository/net/minidev/accessors-smart/2.4.9/accessors-smart-2.4.9.jar:/home/runner/.m2/repository/org/ow2/asm/asm/9.7/asm-9.7.jar:/home/runner/.m2/repository/net/sf/jopt-simple/jopt-simple/5.0.4/jopt-simple-5.0.4.jar:/home/runner/.m2/repository/com/github/jknack/handlebars/4.3.1/handlebars-4.3.1.jar:/home/runner/.m2/repository/com/github/jknack/handlebars-helpers/4.3.1/handlebars-helpers-4.3.1.jar:/home/runner/.m2/repository/commons-fileupload/commons-fileupload/1.5/commons-fileupload-1.5.jar:/home/runner/.m2/repository/com/networknt/json-schema-validator/1.5.5/json-schema-validator-1.5.5.jar:/home/runner/.m2/repository/com/ethlo/time/itu/1.10.3/itu-1.10.3.jar:/home/runner/.m2/repository/io/quarkus/quarkus-smallrye-jwt-build/3.15.4/quarkus-smallrye-jwt-build-3.15.4.jar:/home/runner/.m2/repository/io/smallrye/smallrye-jwt-build/4.5.3/smallrye-jwt-build-4.5.3.jar:/home/runner/.m2/repository/org/eclipse/microprofile/jwt/microprofile-jwt-auth-api/2.1/microprofile-jwt-auth-api-2.1.jar:/home/runner/.m2/repository/org/bitbucket/b_c/jose4j/0.9.6/jose4j-0.9.6.jar:/home/runner/.m2/repository/io/smallrye/smallrye-jwt-common/4.5.3/smallrye-jwt-common-4.5.3.jar:/home/runner/.m2/repository/io/quarkus/quarkus-jsonp/3.15.4/quarkus-jsonp-3.15.4.jar:/home/runner/.m2/repository/io/quarkus/quarkus-arc/3.15.4/quarkus-arc-3.15.4.jar:/home/runner/.m2/repository/io/quarkus/arc/arc/3.15.4/arc-3.15.4.jar:/home/runner/.m2/repository/jakarta/transaction/jakarta.transaction-api/2.0.1/jakarta.transaction-api-2.0.1.jar:/home/runner/.m2/repository/io/smallrye/reactive/mutiny/2.6.2/mutiny-2.6.2.jar:/home/runner/.m2/repository/org/jctools/jctools-core/4.0.5/jctools-core-4.0.5.jar:/home/runner/.m2/repository/org/eclipse/microprofile/context-propagation/microprofile-context-propagation-api/1.3/microprofile-context-propagation-api-1.3.jar:/home/runner/.m2/repository/io/apicurio/apicurio-common-rest-client-common/0.1.18.Final/apicurio-common-rest-client-common-0.1.18.Final.jar:/home/runner/work/apicurio-testing/apicurio-testing/clusters/ci419/namespaces/kafkasql/tests/integration/apicurio-registry/utils/maven-plugin/target/apicurio-registry-maven-plugin-3.0.9.jar:/home/runner/.m2/repository/com/fasterxml/jackson/core/jackson-databind/2.17.2/jackson-databind-2.17.2.jar:/home/runner/.m2/repository/org/apache/avro/avro/1.12.0/avro-1.12.0.jar:/home/runner/.m2/repository/com/google/protobuf/protobuf-java/3.25.8/protobuf-java-3.25.8.jar:/home/runner/.m2/repository/com/google/protobuf/protobuf-java-util/3.25.8/protobuf-java-util-3.25.8.jar:/home/runner/.m2/repository/com/google/code/findbugs/jsr305/3.0.2/jsr305-3.0.2.jar:/home/runner/.m2/repository/com/google/code/gson/gson/2.11.0/gson-2.11.0.jar:/home/runner/.m2/repository/com/google/errorprone/error_prone_annotations/2.30.0/error_prone_annotations-2.30.0.jar:/home/runner/.m2/repository/com/google/j2objc/j2objc-annotations/2.8/j2objc-annotations-2.8.jar:/home/runner/work/apicurio-testing/apicurio-testing/clusters/ci419/namespaces/kafkasql/tests/integration/apicurio-registry/schema-util/util-provider/target/apicurio-registry-schema-util-provider-3.0.9.jar:/home/runner/work/apicurio-testing/apicurio-testing/clusters/ci419/namespaces/kafkasql/tests/integration/apicurio-registry/schema-util/common/target/apicurio-registry-schema-util-common-3.0.9.jar:/home/runner/.m2/repository/com/fasterxml/jackson/module/jackson-module-parameter-names/2.17.2/jackson-module-parameter-names-2.17.2.jar:/home/runner/.m2/repository/com/fasterxml/jackson/datatype/jackson-datatype-json-org/2.18.2/jackson-datatype-json-org-2.18.2.jar:/home/runner/work/apicurio-testing/apicurio-testing/clusters/ci419/namespaces/kafkasql/tests/integration/apicurio-registry/schema-util/json/target/apicurio-registry-schema-util-json-3.0.9.jar:/home/runner/.m2/repository/com/github/erosb/everit-json-schema/1.14.5/everit-json-schema-1.14.5.jar:/home/runner/.m2/repository/commons-validator/commons-validator/1.9.0/commons-validator-1.9.0.jar:/home/runner/.m2/repository/commons-digester/commons-digester/2.1/commons-digester-2.1.jar:/home/runner/.m2/repository/commons-collections/commons-collections/3.2.2/commons-collections-3.2.2.jar:/home/runner/.m2/repository/com/damnhandy/handy-uri-templates/2.1.8/handy-uri-templates-2.1.8.jar:/home/runner/.m2/repository/joda-time/joda-time/2.10.2/joda-time-2.10.2.jar:/home/runner/.m2/repository/com/github/erosb/json-sKema/0.20.0/json-sKema-0.20.0.jar:/home/runner/.m2/repository/io/vertx/vertx-json-schema/4.5.13/vertx-json-schema-4.5.13.jar:/home/runner/work/apicurio-testing/apicurio-testing/clusters/ci419/namespaces/kafkasql/tests/integration/apicurio-registry/schema-util/protobuf/target/apicurio-registry-schema-util-protobuf-3.0.9.jar:/home/runner/work/apicurio-testing/apicurio-testing/clusters/ci419/namespaces/kafkasql/tests/integration/apicurio-registry/utils/protobuf-schema-utilities/target/apicurio-registry-protobuf-schema-utilities-3.0.9.jar:/home/runner/.m2/repository/com/google/api/grpc/proto-google-common-protos/2.52.0/proto-google-common-protos-2.52.0.jar:/home/runner/.m2/repository/com/squareup/wire/wire-schema-jvm/5.1.0/wire-schema-jvm-5.1.0.jar:/home/runner/.m2/repository/com/squareup/javapoet/1.13.0/javapoet-1.13.0.jar:/home/runner/.m2/repository/com/squareup/kotlinpoet-jvm/1.18.1/kotlinpoet-jvm-1.18.1.jar:/home/runner/.m2/repository/org/jetbrains/kotlin/kotlin-reflect/2.0.10/kotlin-reflect-2.0.10.jar:/home/runner/.m2/repository/com/squareup/wire/wire-runtime-jvm/5.1.0/wire-runtime-jvm-5.1.0.jar:/home/runner/.m2/repository/com/ibm/icu/icu4j/76.1/icu4j-76.1.jar:/home/runner/.m2/repository/com/squareup/okio/okio-fakefilesystem/3.10.2/okio-fakefilesystem-3.10.2.jar:/home/runner/.m2/repository/com/squareup/okio/okio-fakefilesystem-jvm/3.10.2/okio-fakefilesystem-jvm-3.10.2.jar:/home/runner/.m2/repository/org/jetbrains/kotlinx/kotlinx-datetime-jvm/0.6.1/kotlinx-datetime-jvm-0.6.1.jar:/home/runner/work/apicurio-testing/apicurio-testing/clusters/ci419/namespaces/kafkasql/tests/integration/apicurio-registry/schema-util/asyncapi/target/apicurio-registry-schema-util-asyncapi-3.0.9.jar:/home/runner/work/apicurio-testing/apicurio-testing/clusters/ci419/namespaces/kafkasql/tests/integration/apicurio-registry/schema-util/avro/target/apicurio-registry-schema-util-avro-3.0.9.jar:/home/runner/work/apicurio-testing/apicurio-testing/clusters/ci419/namespaces/kafkasql/tests/integration/apicurio-registry/schema-util/graphql/target/apicurio-registry-schema-util-graphql-3.0.9.jar:/home/runner/.m2/repository/com/graphql-java/graphql-java/22.3/graphql-java-22.3.jar:/home/runner/.m2/repository/com/graphql-java/java-dataloader/3.3.0/java-dataloader-3.3.0.jar:/home/runner/work/apicurio-testing/apicurio-testing/clusters/ci419/namespaces/kafkasql/tests/integration/apicurio-registry/schema-util/kconnect/target/apicurio-registry-schema-util-kconnect-3.0.9.jar:/home/runner/work/apicurio-testing/apicurio-testing/clusters/ci419/namespaces/kafkasql/tests/integration/apicurio-registry/schema-util/openapi/target/apicurio-registry-schema-util-openapi-3.0.9.jar:/home/runner/.m2/repository/io/apicurio/apicurio-data-models/2.2.1/apicurio-data-models-2.2.1.jar:/home/runner/.m2/repository/org/openapitools/openapidiff/openapi-diff-core/2.0.1/openapi-diff-core-2.0.1.jar:/home/runner/.m2/repository/io/swagger/parser/v3/swagger-parser/2.0.28/swagger-parser-2.0.28.jar:/home/runner/.m2/repository/io/swagger/parser/v3/swagger-parser-v2-converter/2.0.28/swagger-parser-v2-converter-2.0.28.jar:/home/runner/.m2/repository/io/swagger/swagger-core/1.6.3/swagger-core-1.6.3.jar:/home/runner/.m2/repository/io/swagger/swagger-models/1.6.3/swagger-models-1.6.3.jar:/home/runner/.m2/repository/io/swagger/swagger-annotations/1.6.3/swagger-annotations-1.6.3.jar:/home/runner/.m2/repository/io/swagger/swagger-parser/1.0.56/swagger-parser-1.0.56.jar:/home/runner/.m2/repository/io/swagger/swagger-compat-spec-parser/1.0.56/swagger-compat-spec-parser-1.0.56.jar:/home/runner/.m2/repository/com/github/java-json-tools/json-schema-validator/2.2.14/json-schema-validator-2.2.14.jar:/home/runner/.m2/repository/com/github/java-json-tools/jackson-coreutils-equivalence/1.0/jackson-coreutils-equivalence-1.0.jar:/home/runner/.m2/repository/com/github/java-json-tools/json-schema-core/1.2.14/json-schema-core-1.2.14.jar:/home/runner/.m2/repository/com/github/java-json-tools/uri-template/0.10/uri-template-0.10.jar:/home/runner/.m2/repository/com/sun/mail/mailapi/1.6.2/mailapi-1.6.2.jar:/home/runner/.m2/repository/com/googlecode/libphonenumber/libphonenumber/8.11.1/libphonenumber-8.11.1.jar:/home/runner/.m2/repository/com/j2html/j2html/1.5.0/j2html-1.5.0.jar:/home/runner/.m2/repository/org/apache/commons/commons-collections4/4.4/commons-collections4-4.4.jar:/home/runner/.m2/repository/commons-httpclient/commons-httpclient/3.1/commons-httpclient-3.1.jar:/home/runner/.m2/repository/io/swagger/parser/v3/swagger-parser-v3/2.1.25/swagger-parser-v3-2.1.25.jar:/home/runner/.m2/repository/io/swagger/core/v3/swagger-models/2.2.28/swagger-models-2.2.28.jar:/home/runner/.m2/repository/io/swagger/core/v3/swagger-core/2.2.28/swagger-core-2.2.28.jar:/home/runner/.m2/repository/io/swagger/parser/v3/swagger-parser-core/2.1.25/swagger-parser-core-2.1.25.jar:/home/runner/.m2/repository/io/swagger/parser/v3/swagger-parser-safe-url-resolver/2.1.25/swagger-parser-safe-url-resolver-2.1.25.jar:/home/runner/work/apicurio-testing/apicurio-testing/clusters/ci419/namespaces/kafkasql/tests/integration/apicurio-registry/schema-util/wsdl/target/apicurio-registry-schema-util-wsdl-3.0.9.jar:/home/runner/.m2/repository/wsdl4j/wsdl4j/1.6.3/wsdl4j-1.6.3.jar:/home/runner/work/apicurio-testing/apicurio-testing/clusters/ci419/namespaces/kafkasql/tests/integration/apicurio-registry/schema-util/xml/target/apicurio-registry-schema-util-xml-3.0.9.jar:/home/runner/.m2/repository/org/apache/santuario/xmlsec/4.0.3/xmlsec-4.0.3.jar:/home/runner/.m2/repository/com/fasterxml/woodstox/woodstox-core/7.1.0/woodstox-core-7.1.0.jar:/home/runner/.m2/repository/org/codehaus/woodstox/stax2-api/4.2.2/stax2-api-4.2.2.jar:/home/runner/work/apicurio-testing/apicurio-testing/clusters/ci419/namespaces/kafkasql/tests/integration/apicurio-registry/schema-util/xsd/target/apicurio-registry-schema-util-xsd-3.0.9.jar:/home/runner/work/apicurio-testing/apicurio-testing/clusters/ci419/namespaces/kafkasql/tests/integration/apicurio-registry/serdes/kafka/jsonschema-serde/target/apicurio-registry-jsonschema-serde-kafka-3.0.9.jar:/home/runner/work/apicurio-testing/apicurio-testing/clusters/ci419/namespaces/kafkasql/tests/integration/apicurio-registry/serdes/kafka/serde-kafka-common/target/apicurio-registry-serde-kafka-common-3.0.9.jar:/home/runner/work/apicurio-testing/apicurio-testing/clusters/ci419/namespaces/kafkasql/tests/integration/apicurio-registry/serdes/generic/serde-common/target/apicurio-registry-serde-common-3.0.9.jar:/home/runner/work/apicurio-testing/apicurio-testing/clusters/ci419/namespaces/kafkasql/tests/integration/apicurio-registry/schema-resolver/target/apicurio-registry-schema-resolver-3.0.9.jar:/home/runner/work/apicurio-testing/apicurio-testing/clusters/ci419/namespaces/kafkasql/tests/integration/apicurio-registry/serdes/generic/serde-common-jsonschema/target/apicurio-registry-serde-common-jsonschema-3.0.9.jar:/home/runner/.m2/repository/org/json/json/20250107/json-20250107.jar:/home/runner/work/apicurio-testing/apicurio-testing/clusters/ci419/namespaces/kafkasql/tests/integration/apicurio-registry/serdes/kafka/avro-serde/target/apicurio-registry-avro-serde-kafka-3.0.9.jar:/home/runner/work/apicurio-testing/apicurio-testing/clusters/ci419/namespaces/kafkasql/tests/integration/apicurio-registry/serdes/generic/serde-common-avro/target/apicurio-registry-serde-common-avro-3.0.9.jar:/home/runner/work/apicurio-testing/apicurio-testing/clusters/ci419/namespaces/kafkasql/tests/integration/apicurio-registry/serdes/kafka/protobuf-serde/target/apicurio-registry-protobuf-serde-kafka-3.0.9.jar:/home/runner/work/apicurio-testing/apicurio-testing/clusters/ci419/namespaces/kafkasql/tests/integration/apicurio-registry/serdes/generic/serde-common-protobuf/target/apicurio-registry-serde-common-protobuf-3.0.9.jar:/home/runner/.m2/repository/com/squareup/wire/wire-schema/5.1.0/wire-schema-5.1.0.jar:/home/runner/.m2/repository/com/squareup/wire/wire-runtime/5.1.0/wire-runtime-5.1.0.jar:/home/runner/work/apicurio-testing/apicurio-testing/clusters/ci419/namespaces/kafkasql/tests/integration/apicurio-registry/serdes/pulsar/avro-serde/target/apicurio-registry-avro-serde-pulsar-3.0.9.jar:/home/runner/.m2/repository/org/apache/pulsar/pulsar-functions-api/3.3.4/pulsar-functions-api-3.3.4.jar:/home/runner/work/apicurio-testing/apicurio-testing/clusters/ci419/namespaces/kafkasql/tests/integration/apicurio-registry/serdes/nats/avro-serde/target/apicurio-registry-avro-serde-nats-3.0.9.jar:/home/runner/.m2/repository/io/nats/jnats/2.20.5/jnats-2.20.5.jar:/home/runner/.m2/repository/net/i2p/crypto/eddsa/0.3.0/eddsa-0.3.0.jar:/home/runner/work/apicurio-testing/apicurio-testing/clusters/ci419/namespaces/kafkasql/tests/integration/apicurio-registry/utils/converter/target/apicurio-registry-utils-converter-3.0.9.jar:/home/runner/.m2/repository/org/apache/kafka/connect-api/3.9.1/connect-api-3.9.1.jar:/home/runner/.m2/repository/javax/ws/rs/javax.ws.rs-api/2.1.1/javax.ws.rs-api-2.1.1.jar:/home/runner/.m2/repository/org/apache/kafka/connect-json/3.9.1/connect-json-3.9.1.jar:/home/runner/.m2/repository/com/fasterxml/jackson/datatype/jackson-datatype-jdk8/2.17.2/jackson-datatype-jdk8-2.17.2.jar:/home/runner/.m2/repository/com/fasterxml/jackson/module/jackson-module-afterburner/2.17.2/jackson-module-afterburner-2.17.2.jar:/home/runner/work/apicurio-testing/apicurio-testing/clusters/ci419/namespaces/kafkasql/tests/integration/apicurio-registry/utils/kafka/target/apicurio-registry-utils-kafka-3.0.9.jar:/home/runner/.m2/repository/org/apache/pulsar/pulsar-client/3.3.4/pulsar-client-3.3.4.jar:/home/runner/.m2/repository/org/apache/pulsar/pulsar-client-api/3.3.4/pulsar-client-api-3.3.4.jar:/home/runner/.m2/repository/org/apache/pulsar/pulsar-client-admin-api/3.3.4/pulsar-client-admin-api-3.3.4.jar:/home/runner/.m2/repository/org/apache/pulsar/bouncy-castle-bc/3.3.4/bouncy-castle-bc-3.3.4-pkg.jar:/home/runner/.m2/repository/org/bouncycastle/bcpkix-jdk18on/1.78.1/bcpkix-jdk18on-1.78.1.jar:/home/runner/.m2/repository/org/bouncycastle/bcutil-jdk18on/1.78.1/bcutil-jdk18on-1.78.1.jar:/home/runner/.m2/repository/org/bouncycastle/bcprov-jdk18on/1.78.1/bcprov-jdk18on-1.78.1.jar:/home/runner/.m2/repository/io/opentelemetry/opentelemetry-api/1.39.0/opentelemetry-api-1.39.0.jar:/home/runner/.m2/repository/io/opentelemetry/opentelemetry-context/1.39.0/opentelemetry-context-1.39.0.jar:/home/runner/.m2/repository/io/opentelemetry/opentelemetry-api-incubator/1.39.0-alpha/opentelemetry-api-incubator-1.39.0-alpha.jar:/home/runner/.m2/repository/com/fasterxml/jackson/core/jackson-annotations/2.17.2/jackson-annotations-2.17.2.jar:/home/runner/.m2/repository/javax/validation/validation-api/1.1.0.Final/validation-api-1.1.0.Final.jar:/home/runner/.m2/repository/io/confluent/kafka-avro-serializer/7.9.0/kafka-avro-serializer-7.9.0.jar:/home/runner/.m2/repository/org/apache/commons/commons-compress/1.27.0/commons-compress-1.27.0.jar:/home/runner/.m2/repository/io/confluent/kafka-schema-serializer/7.9.0/kafka-schema-serializer-7.9.0.jar:/home/runner/.m2/repository/com/fasterxml/jackson/dataformat/jackson-dataformat-csv/2.17.2/jackson-dataformat-csv-2.17.2.jar:/home/runner/.m2/repository/io/confluent/kafka-schema-registry-client/7.9.0/kafka-schema-registry-client-7.9.0.jar:/home/runner/.m2/repository/org/yaml/snakeyaml/2.2/snakeyaml-2.2.jar:/home/runner/.m2/repository/io/swagger/core/v3/swagger-annotations/2.1.10/swagger-annotations-2.1.10.jar:/home/runner/.m2/repository/com/google/guava/guava/33.2.1-jre/guava-33.2.1-jre.jar:/home/runner/.m2/repository/com/google/guava/failureaccess/1.0.1/failureaccess-1.0.1.jar:/home/runner/.m2/repository/org/checkerframework/checker-qual/3.46.0/checker-qual-3.46.0.jar:/home/runner/.m2/repository/io/confluent/logredactor/1.0.12/logredactor-1.0.12.jar:/home/runner/.m2/repository/com/google/re2j/re2j/1.6/re2j-1.6.jar:/home/runner/.m2/repository/io/confluent/logredactor-metrics/1.0.12/logredactor-metrics-1.0.12.jar:/home/runner/.m2/repository/com/eclipsesource/minimal-json/minimal-json/0.9.5/minimal-json-0.9.5.jar:/home/runner/.m2/repository/io/confluent/common-utils/7.9.0/common-utils-7.9.0.jar:/home/runner/.m2/repository/io/confluent/kafka-connect-avro-converter/7.9.0/kafka-connect-avro-converter-7.9.0.jar:/home/runner/.m2/repository/io/confluent/kafka-connect-avro-data/7.9.0/kafka-connect-avro-data-7.9.0.jar:/home/runner/.m2/repository/io/confluent/kafka-schema-converter/7.9.0/kafka-schema-converter-7.9.0.jar:/home/runner/.m2/repository/io/rest-assured/rest-assured/5.5.0/rest-assured-5.5.0.jar:/home/runner/.m2/repository/org/apache/groovy/groovy/4.0.22/groovy-4.0.22.jar:/home/runner/.m2/repository/org/apache/groovy/groovy-xml/4.0.22/groovy-xml-4.0.22.jar:/home/runner/.m2/repository/org/apache/httpcomponents/httpclient/4.5.14/httpclient-4.5.14.jar:/home/runner/.m2/repository/org/apache/httpcomponents/httpcore/4.4.16/httpcore-4.4.16.jar:/home/runner/.m2/repository/org/apache/httpcomponents/httpmime/4.5.14/httpmime-4.5.14.jar:/home/runner/.m2/repository/org/hamcrest/hamcrest/2.2/hamcrest-2.2.jar:/home/runner/.m2/repository/org/ccil/cowan/tagsoup/tagsoup/1.2.1/tagsoup-1.2.1.jar:/home/runner/.m2/repository/io/rest-assured/json-path/5.5.0/json-path-5.5.0.jar:/home/runner/.m2/repository/org/apache/groovy/groovy-json/4.0.22/groovy-json-4.0.22.jar:/home/runner/.m2/repository/io/rest-assured/rest-assured-common/5.5.0/rest-assured-common-5.5.0.jar:/home/runner/.m2/repository/io/rest-assured/xml-path/5.5.0/xml-path-5.5.0.jar:/home/runner/.m2/repository/io/zonky/test/embedded-postgres/2.1.0/embedded-postgres-2.1.0.jar:/home/runner/.m2/repository/io/zonky/test/postgres/embedded-postgres-binaries-windows-amd64/14.15.0/embedded-postgres-binaries-windows-amd64-14.15.0.jar:/home/runner/.m2/repository/io/zonky/test/postgres/embedded-postgres-binaries-darwin-amd64/14.15.0/embedded-postgres-binaries-darwin-amd64-14.15.0.jar:/home/runner/.m2/repository/io/zonky/test/postgres/embedded-postgres-binaries-linux-amd64/14.15.0/embedded-postgres-binaries-linux-amd64-14.15.0.jar:/home/runner/.m2/repository/io/zonky/test/postgres/embedded-postgres-binaries-linux-amd64-alpine/14.15.0/embedded-postgres-binaries-linux-amd64-alpine-14.15.0.jar:/home/runner/.m2/repository/org/apache/commons/commons-lang3/3.14.0/commons-lang3-3.14.0.jar:/home/runner/.m2/repository/org/tukaani/xz/1.10/xz-1.10.jar:/home/runner/.m2/repository/commons-codec/commons-codec/1.18.0/commons-codec-1.18.0.jar:/home/runner/.m2/repository/org/postgresql/postgresql/42.7.4/postgresql-42.7.4.jar:/home/runner/.m2/repository/commons-io/commons-io/2.16.1/commons-io-2.16.1.jar:/home/runner/work/apicurio-testing/apicurio-testing/clusters/ci419/namespaces/kafkasql/tests/integration/apicurio-registry/utils/importexport/target/apicurio-registry-utils-import-export-3.0.9.jar:/home/runner/.m2/repository/io/vertx/vertx-core/4.5.13/vertx-core-4.5.13.jar:/home/runner/.m2/repository/io/netty/netty-common/4.1.118.Final/netty-common-4.1.118.Final.jar:/home/runner/.m2/repository/io/netty/netty-buffer/4.1.118.Final/netty-buffer-4.1.118.Final.jar:/home/runner/.m2/repository/io/netty/netty-transport/4.1.118.Final/netty-transport-4.1.118.Final.jar:/home/runner/.m2/repository/io/netty/netty-handler/4.1.118.Final/netty-handler-4.1.118.Final.jar:/home/runner/.m2/repository/io/netty/netty-transport-native-unix-common/4.1.118.Final/netty-transport-native-unix-common-4.1.118.Final.jar:/home/runner/.m2/repository/io/netty/netty-codec/4.1.118.Final/netty-codec-4.1.118.Final.jar:/home/runner/.m2/repository/io/netty/netty-handler-proxy/4.1.118.Final/netty-handler-proxy-4.1.118.Final.jar:/home/runner/.m2/repository/io/netty/netty-codec-socks/4.1.118.Final/netty-codec-socks-4.1.118.Final.jar:/home/runner/.m2/repository/io/netty/netty-codec-http/4.1.118.Final/netty-codec-http-4.1.118.Final.jar:/home/runner/.m2/repository/io/netty/netty-codec-http2/4.1.118.Final/netty-codec-http2-4.1.118.Final.jar:/home/runner/.m2/repository/io/netty/netty-resolver/4.1.118.Final/netty-resolver-4.1.118.Final.jar:/home/runner/.m2/repository/io/netty/netty-resolver-dns/4.1.118.Final/netty-resolver-dns-4.1.118.Final.jar:/home/runner/.m2/repository/io/netty/netty-codec-dns/4.1.118.Final/netty-codec-dns-4.1.118.Final.jar:/home/runner/.m2/repository/com/fasterxml/jackson/core/jackson-core/2.17.2/jackson-core-2.17.2.jar:"/>
    <property name="sun.cpu.endian" value="little"/>
    <property name="user.home" value="/home/runner"/>
    <property name="user.language" value="en"/>
    <property name="jboss.log-version" value="false"/>
    <property name="java.specification.vendor" value="Oracle Corporation"/>
    <property name="java.version.date" value="2025-07-15"/>
    <property name="java.home" value="/usr/lib/jvm/temurin-17-jdk-amd64"/>
    <property name="file.separator" value="/"/>
    <property name="basedir" value="/home/runner/work/apicurio-testing/apicurio-testing/clusters/ci419/namespaces/kafkasql/tests/integration/apicurio-registry/integration-tests"/>
    <property name="java.vm.compressedOopsMode" value="32-bit"/>
    <property name="line.separator" value="&#10;"/>
    <property name="java.specification.name" value="Java Platform API Specification"/>
    <property name="java.vm.specification.vendor" value="Oracle Corporation"/>
    <property name="quarkus.http.test-host" value="registry-app-kafkasql.apps.ci419.apicurio-testing.org"/>
    <property name="surefire.real.class.path" value="/home/runner/work/apicurio-testing/apicurio-testing/clusters/ci419/namespaces/kafkasql/tests/integration/apicurio-registry/integration-tests/target/surefire/surefirebooter-20250731155212032_3.jar"/>
    <property name="sun.management.compiler" value="HotSpot 64-Bit Tiered Compilers"/>
    <property name="org.eclipse.jetty.http.HttpGenerator.STRICT" value="true"/>
    <property name="java.runtime.version" value="17.0.16+8"/>
    <property name="user.name" value="runner"/>
    <property name="path.separator" value=":"/>
    <property name="os.version" value="6.8.0-1031-azure"/>
    <property name="java.runtime.name" value="OpenJDK Runtime Environment"/>
    <property name="file.encoding" value="UTF-8"/>
    <property name="jnidispatch.path" value="/home/runner/.cache/JNA/temp/jna11036274471916526921.tmp"/>
    <property name="java.vm.name" value="OpenJDK 64-Bit Server VM"/>
    <property name="jna.platform.library.path" value="/usr/lib/x86_64-linux-gnu:/lib/x86_64-linux-gnu:/usr/lib64:/lib64:/usr/lib:/lib:/lib32:/usr/local/lib:/usr/lib/x86_64-linux-gnu/libfakeroot"/>
    <property name="java.vendor.version" value="Temurin-17.0.16+8"/>
    <property name="quarkus.oidc.token-path" value="https://keycloak-kafkasql.apps.ci419.apicurio-testing.org/realms/registry/protocol/openid-connect/token"/>
    <property name="quarkus.http.host" value="registry-app-kafkasql.apps.ci419.apicurio-testing.org"/>
    <property name="localRepository" value="/home/runner/.m2/repository"/>
    <property name="javax.xml.xpath.XPathFactory:http://java.sun.com/jaxp/xpath/dom" value="com.sun.org.apache.xpath.internal.jaxp.XPathFactoryImpl"/>
    <property name="jna.loaded" value="true"/>
    <property name="java.vendor.url.bug" value="https://github.com/adoptium/adoptium-support/issues"/>
    <property name="jetty.git.hash" value="5bc5e562c8d05c5862505aebe5cf83a61bdbcb96"/>
    <property name="java.io.tmpdir" value="/tmp"/>
    <property name="quarkus.http.test-protocol" value="http"/>
    <property name="java.version" value="17.0.16"/>
    <property name="user.dir" value="/home/runner/work/apicurio-testing/apicurio-testing/clusters/ci419/namespaces/kafkasql/tests/integration/apicurio-registry/integration-tests"/>
    <property name="os.arch" value="amd64"/>
    <property name="groups" value="( smoke | serdes | acceptance | ui)"/>
    <property name="java.vm.specification.name" value="Java Virtual Machine Specification"/>
    <property name="native.encoding" value="UTF-8"/>
    <property name="java.util.logging.manager" value="org.jboss.logmanager.LogManager"/>
    <property name="java.library.path" value="/usr/java/packages/lib:/usr/lib64:/lib64:/lib:/usr/lib"/>
    <property name="jdk.console" value="java.base"/>
    <property name="java.vm.info" value="mixed mode, sharing"/>
    <property name="java.vendor" value="Eclipse Adoptium"/>
    <property name="java.vm.version" value="17.0.16+8"/>
    <property name="java.specification.maintenance.version" value="1"/>
    <property name="sun.io.unicode.encoding" value="UnicodeLittle"/>
    <property name="javax.xml.transform.TransformerFactory" value="com.sun.org.apache.xalan.internal.xsltc.trax.TransformerFactoryImpl"/>
    <property name="java.class.version" value="61.0"/>
  </properties>
  <testcase name="testSimpleTopicIdStrategyFindLatest" classname="io.apicurio.tests.serdes.apicurio.ProtobufSerdeIT" time="1.5">
    <system-out><![CDATA[2025-07-31 15:53:35,569 INFO  [io.api.tes.ser.api.ProtobufSerdeIT] (main) RestAssured configured with http://registry-app-kafkasql.apps.ci419.apicurio-testing.org:80/apis/registry/v3
2025-07-31 15:53:35,575 INFO  [io.api.tes.uti.KafkaFacade] (main) Skipping deployment of kafka, because it's already deployed
2025-07-31 15:53:35,581 INFO  [io.api.tes.uti.TestSeparator] (main) ############################################################################
2025-07-31 15:53:35,581 INFO  [io.api.tes.uti.TestSeparator] (main) io.apicurio.tests.serdes.apicurio.ProtobufSerdeIT.testSimpleTopicIdStrategyFindLatest-STARTED
2025-07-31 15:53:35,581 INFO  [org.apa.kaf.cli.adm.AdminClientConfig] (main) AdminClientConfig values: 
	auto.include.jmx.reporter = true
	bootstrap.controllers = []
	bootstrap.servers = [PLAINTEXT://localhost:32770]
	client.dns.lookup = use_all_dns_ips
	client.id = 
	connections.max.idle.ms = 10000
	default.api.timeout.ms = 60000
	enable.metrics.push = true
	metadata.max.age.ms = 300000
	metadata.recovery.strategy = none
	metric.reporters = []
	metrics.num.samples = 2
	metrics.recording.level = INFO
	metrics.sample.window.ms = 30000
	receive.buffer.bytes = 65536
	reconnect.backoff.max.ms = 1000
	reconnect.backoff.ms = 50
	request.timeout.ms = 5000
	retries = 2147483647
	retry.backoff.max.ms = 1000
	retry.backoff.ms = 100
	sasl.client.callback.handler.class = null
	sasl.jaas.config = null
	sasl.kerberos.kinit.cmd = /usr/bin/kinit
	sasl.kerberos.min.time.before.relogin = 60000
	sasl.kerberos.service.name = null
	sasl.kerberos.ticket.renew.jitter = 0.05
	sasl.kerberos.ticket.renew.window.factor = 0.8
	sasl.login.callback.handler.class = null
	sasl.login.class = null
	sasl.login.connect.timeout.ms = null
	sasl.login.read.timeout.ms = null
	sasl.login.refresh.buffer.seconds = 300
	sasl.login.refresh.min.period.seconds = 60
	sasl.login.refresh.window.factor = 0.8
	sasl.login.refresh.window.jitter = 0.05
	sasl.login.retry.backoff.max.ms = 10000
	sasl.login.retry.backoff.ms = 100
	sasl.mechanism = GSSAPI
	sasl.oauthbearer.clock.skew.seconds = 30
	sasl.oauthbearer.expected.audience = null
	sasl.oauthbearer.expected.issuer = null
	sasl.oauthbearer.header.urlencode = false
	sasl.oauthbearer.jwks.endpoint.refresh.ms = 3600000
	sasl.oauthbearer.jwks.endpoint.retry.backoff.max.ms = 10000
	sasl.oauthbearer.jwks.endpoint.retry.backoff.ms = 100
	sasl.oauthbearer.jwks.endpoint.url = null
	sasl.oauthbearer.scope.claim.name = scope
	sasl.oauthbearer.sub.claim.name = sub
	sasl.oauthbearer.token.endpoint.url = null
	security.protocol = PLAINTEXT
	security.providers = null
	send.buffer.bytes = 131072
	socket.connection.setup.timeout.max.ms = 30000
	socket.connection.setup.timeout.ms = 10000
	ssl.cipher.suites = null
	ssl.enabled.protocols = [TLSv1.2, TLSv1.3]
	ssl.endpoint.identification.algorithm = https
	ssl.engine.factory.class = null
	ssl.key.password = null
	ssl.keymanager.algorithm = SunX509
	ssl.keystore.certificate.chain = null
	ssl.keystore.key = null
	ssl.keystore.location = null
	ssl.keystore.password = null
	ssl.keystore.type = JKS
	ssl.protocol = TLSv1.3
	ssl.provider = null
	ssl.secure.random.implementation = null
	ssl.trustmanager.algorithm = PKIX
	ssl.truststore.certificates = null
	ssl.truststore.location = null
	ssl.truststore.password = null
	ssl.truststore.type = JKS

2025-07-31 15:53:35,582 INFO  [org.apa.kaf.com.uti.AppInfoParser] (main) Kafka version: 3.9.0
2025-07-31 15:53:35,582 INFO  [org.apa.kaf.com.uti.AppInfoParser] (main) Kafka commitId: 84caaa6e9da06435
2025-07-31 15:53:35,582 INFO  [org.apa.kaf.com.uti.AppInfoParser] (main) Kafka startTimeMs: 1753977215582
2025-07-31 15:53:37,075 INFO  [io.api.tes.uti.TestSeparator] (main) io.apicurio.tests.serdes.apicurio.ProtobufSerdeIT.testSimpleTopicIdStrategyFindLatest-FINISHED
2025-07-31 15:53:37,075 INFO  [io.api.tes.uti.TestSeparator] (main) ############################################################################
]]></system-out>
  </testcase>
  <testcase name="testFindLatestDeriveClassProtobufTypeTopicIdStrategy" classname="io.apicurio.tests.serdes.apicurio.ProtobufSerdeIT" time="1.165">
    <system-out><![CDATA[2025-07-31 15:53:37,076 INFO  [io.api.tes.uti.TestSeparator] (main) ############################################################################
2025-07-31 15:53:37,076 INFO  [io.api.tes.uti.TestSeparator] (main) io.apicurio.tests.serdes.apicurio.ProtobufSerdeIT.testFindLatestDeriveClassProtobufTypeTopicIdStrategy-STARTED
2025-07-31 15:53:38,239 INFO  [io.api.tes.uti.TestSeparator] (main) io.apicurio.tests.serdes.apicurio.ProtobufSerdeIT.testFindLatestDeriveClassProtobufTypeTopicIdStrategy-FINISHED
2025-07-31 15:53:38,239 INFO  [io.api.tes.uti.TestSeparator] (main) ############################################################################
]]></system-out>
  </testcase>
  <testcase name="testWrongSchema" classname="io.apicurio.tests.serdes.apicurio.ProtobufSerdeIT" time="1.164">
    <system-out><![CDATA[2025-07-31 15:53:38,241 INFO  [io.api.tes.uti.TestSeparator] (main) ############################################################################
2025-07-31 15:53:38,241 INFO  [io.api.tes.uti.TestSeparator] (main) io.apicurio.tests.serdes.apicurio.ProtobufSerdeIT.testWrongSchema-STARTED
2025-07-31 15:53:39,404 INFO  [io.api.tes.uti.TestSeparator] (main) io.apicurio.tests.serdes.apicurio.ProtobufSerdeIT.testWrongSchema-FINISHED
2025-07-31 15:53:39,404 INFO  [io.api.tes.uti.TestSeparator] (main) ############################################################################
]]></system-out>
  </testcase>
  <testcase name="testTopicIdStrategyAutoRegister" classname="io.apicurio.tests.serdes.apicurio.ProtobufSerdeIT" time="1.677">
    <system-out><![CDATA[2025-07-31 15:53:39,406 INFO  [io.api.tes.uti.TestSeparator] (main) ############################################################################
2025-07-31 15:53:39,406 INFO  [io.api.tes.uti.TestSeparator] (main) io.apicurio.tests.serdes.apicurio.ProtobufSerdeIT.testTopicIdStrategyAutoRegister-STARTED
2025-07-31 15:53:39,409 INFO  [org.apa.kaf.cli.pro.ProducerConfig] (main) ProducerConfig values: 
	acks = -1
	auto.include.jmx.reporter = true
	batch.size = 16384
	bootstrap.servers = [PLAINTEXT://localhost:32770]
	buffer.memory = 33554432
	client.dns.lookup = use_all_dns_ips
	client.id = Producer-topic-b5742d59_81c6_49dd_87c0_e34e5e239dbc
	compression.gzip.level = -1
	compression.lz4.level = 9
	compression.type = none
	compression.zstd.level = 3
	connections.max.idle.ms = 10000
	delivery.timeout.ms = 120000
	enable.idempotence = true
	enable.metrics.push = true
	interceptor.classes = []
	key.serializer = class org.apache.kafka.common.serialization.StringSerializer
	linger.ms = 0
	max.block.ms = 60000
	max.in.flight.requests.per.connection = 5
	max.request.size = 1048576
	metadata.max.age.ms = 300000
	metadata.max.idle.ms = 300000
	metadata.recovery.strategy = none
	metric.reporters = []
	metrics.num.samples = 2
	metrics.recording.level = INFO
	metrics.sample.window.ms = 30000
	partitioner.adaptive.partitioning.enable = true
	partitioner.availability.timeout.ms = 0
	partitioner.class = null
	partitioner.ignore.keys = false
	receive.buffer.bytes = 32768
	reconnect.backoff.max.ms = 1000
	reconnect.backoff.ms = 50
	request.timeout.ms = 5000
	retries = 2147483647
	retry.backoff.max.ms = 1000
	retry.backoff.ms = 100
	sasl.client.callback.handler.class = null
	sasl.jaas.config = null
	sasl.kerberos.kinit.cmd = /usr/bin/kinit
	sasl.kerberos.min.time.before.relogin = 60000
	sasl.kerberos.service.name = null
	sasl.kerberos.ticket.renew.jitter = 0.05
	sasl.kerberos.ticket.renew.window.factor = 0.8
	sasl.login.callback.handler.class = null
	sasl.login.class = null
	sasl.login.connect.timeout.ms = null
	sasl.login.read.timeout.ms = null
	sasl.login.refresh.buffer.seconds = 300
	sasl.login.refresh.min.period.seconds = 60
	sasl.login.refresh.window.factor = 0.8
	sasl.login.refresh.window.jitter = 0.05
	sasl.login.retry.backoff.max.ms = 10000
	sasl.login.retry.backoff.ms = 100
	sasl.mechanism = GSSAPI
	sasl.oauthbearer.clock.skew.seconds = 30
	sasl.oauthbearer.expected.audience = null
	sasl.oauthbearer.expected.issuer = null
	sasl.oauthbearer.header.urlencode = false
	sasl.oauthbearer.jwks.endpoint.refresh.ms = 3600000
	sasl.oauthbearer.jwks.endpoint.retry.backoff.max.ms = 10000
	sasl.oauthbearer.jwks.endpoint.retry.backoff.ms = 100
	sasl.oauthbearer.jwks.endpoint.url = null
	sasl.oauthbearer.scope.claim.name = scope
	sasl.oauthbearer.sub.claim.name = sub
	sasl.oauthbearer.token.endpoint.url = null
	security.protocol = PLAINTEXT
	security.providers = null
	send.buffer.bytes = 131072
	socket.connection.setup.timeout.max.ms = 30000
	socket.connection.setup.timeout.ms = 10000
	ssl.cipher.suites = null
	ssl.enabled.protocols = [TLSv1.2, TLSv1.3]
	ssl.endpoint.identification.algorithm = https
	ssl.engine.factory.class = null
	ssl.key.password = null
	ssl.keymanager.algorithm = SunX509
	ssl.keystore.certificate.chain = null
	ssl.keystore.key = null
	ssl.keystore.location = null
	ssl.keystore.password = null
	ssl.keystore.type = JKS
	ssl.protocol = TLSv1.3
	ssl.provider = null
	ssl.secure.random.implementation = null
	ssl.trustmanager.algorithm = PKIX
	ssl.truststore.certificates = null
	ssl.truststore.location = null
	ssl.truststore.password = null
	ssl.truststore.type = JKS
	transaction.timeout.ms = 60000
	transactional.id = null
	value.serializer = class io.apicurio.registry.serde.protobuf.ProtobufKafkaSerializer

2025-07-31 15:53:39,409 INFO  [org.apa.kaf.com.tel.int.KafkaMetricsCollector] (main) initializing Kafka metrics collector
2025-07-31 15:53:39,420 INFO  [org.apa.kaf.cli.pro.KafkaProducer] (main) [Producer clientId=Producer-topic-b5742d59_81c6_49dd_87c0_e34e5e239dbc] Instantiated an idempotent producer.
2025-07-31 15:53:39,429 INFO  [org.apa.kaf.cli.pro.ProducerConfig] (main) These configurations '[apicurio.registry.url, apicurio.registry.headers.enabled, apicurio.registry.auto-register, apicurio.registry.artifact-resolver-strategy]' were supplied but are not used yet.
2025-07-31 15:53:39,429 INFO  [org.apa.kaf.com.uti.AppInfoParser] (main) Kafka version: 3.9.0
2025-07-31 15:53:39,429 INFO  [org.apa.kaf.com.uti.AppInfoParser] (main) Kafka commitId: 84caaa6e9da06435
2025-07-31 15:53:39,429 INFO  [org.apa.kaf.com.uti.AppInfoParser] (main) Kafka startTimeMs: 1753977219429
2025-07-31 15:53:39,429 INFO  [io.api.tes.ser.api.SimpleSerdesTesterBuilder$SimpleSerdesTester] (main) Using producer configuration: {apicurio.registry.url=http://registry-app-kafkasql.apps.ci419.apicurio-testing.org:80/apis/registry/v3, apicurio.registry.headers.enabled=true, apicurio.registry.auto-register=true, apicurio.registry.artifact-resolver-strategy=io.apicurio.registry.serde.strategy.TopicIdStrategy, value.serializer=io.apicurio.registry.serde.protobuf.ProtobufKafkaSerializer, request.timeout.ms=5000, acks=all, bootstrap.servers=PLAINTEXT://localhost:32770, connections.max.idle.ms=10000, key.serializer=org.apache.kafka.common.serialization.StringSerializer, client.id=Producer-topic-b5742d59_81c6_49dd_87c0_e34e5e239dbc}
2025-07-31 15:53:39,429 INFO  [io.api.tes.ser.api.SimpleSerdesTesterBuilder$SimpleSerdesTester] (main) Using consumer configuration: {apicurio.registry.headers.enabled=true}
2025-07-31 15:53:39,436 INFO  [org.apa.kaf.cli.Metadata] (kafka-producer-network-thread | Producer-topic-b5742d59_81c6_49dd_87c0_e34e5e239dbc) [Producer clientId=Producer-topic-b5742d59_81c6_49dd_87c0_e34e5e239dbc] Cluster ID: k5QcScx1TGu5ZEx470RFLw
2025-07-31 15:53:39,438 INFO  [org.apa.kaf.cli.pro.int.TransactionManager] (kafka-producer-network-thread | Producer-topic-b5742d59_81c6_49dd_87c0_e34e5e239dbc) [Producer clientId=Producer-topic-b5742d59_81c6_49dd_87c0_e34e5e239dbc] ProducerId set to 32 with epoch 0
2025-07-31 15:53:39,550 INFO  [io.api.tes.ser.api.KafkaSerdesTester] (Thread-299) Sending message header {
  time {
  }
}
d1: 1.75397721943E12
s1: "a"
i1: 123
bi1: 1
point {
  longitude: 22.0
  latitude: 22.0
  altitude: 1.0
}
 to topic topic-b5742d59_81c6_49dd_87c0_e34e5e239dbc
2025-07-31 15:53:39,959 INFO  [io.api.tes.ser.api.KafkaSerdesTester] (Thread-299) Sending message header {
  time {
  }
}
d1: 1.753977219959E12
s1: "a"
i1: 123
bi1: 1
point {
  longitude: 22.0
  latitude: 22.0
  altitude: 1.0
}
 to topic topic-b5742d59_81c6_49dd_87c0_e34e5e239dbc
2025-07-31 15:53:39,962 INFO  [io.api.tes.ser.api.KafkaSerdesTester] (Thread-299) Sending message header {
  time {
  }
}
d1: 1.753977219962E12
s1: "a"
i1: 123
bi1: 1
point {
  longitude: 22.0
  latitude: 22.0
  altitude: 1.0
}
 to topic topic-b5742d59_81c6_49dd_87c0_e34e5e239dbc
2025-07-31 15:53:39,966 INFO  [io.api.tes.ser.api.KafkaSerdesTester] (Thread-299) Sending message header {
  time {
  }
}
d1: 1.753977219966E12
s1: "a"
i1: 123
bi1: 1
point {
  longitude: 22.0
  latitude: 22.0
  altitude: 1.0
}
 to topic topic-b5742d59_81c6_49dd_87c0_e34e5e239dbc
2025-07-31 15:53:39,969 INFO  [io.api.tes.ser.api.KafkaSerdesTester] (Thread-299) Sending message header {
  time {
  }
}
d1: 1.753977219969E12
s1: "a"
i1: 123
bi1: 1
point {
  longitude: 22.0
  latitude: 22.0
  altitude: 1.0
}
 to topic topic-b5742d59_81c6_49dd_87c0_e34e5e239dbc
2025-07-31 15:53:39,972 INFO  [io.api.tes.ser.api.KafkaSerdesTester] (Thread-299) Sending message header {
  time {
  }
}
d1: 1.753977219972E12
s1: "a"
i1: 123
bi1: 1
point {
  longitude: 22.0
  latitude: 22.0
  altitude: 1.0
}
 to topic topic-b5742d59_81c6_49dd_87c0_e34e5e239dbc
2025-07-31 15:53:39,975 INFO  [io.api.tes.ser.api.KafkaSerdesTester] (Thread-299) Sending message header {
  time {
  }
}
d1: 1.753977219974E12
s1: "a"
i1: 123
bi1: 1
point {
  longitude: 22.0
  latitude: 22.0
  altitude: 1.0
}
 to topic topic-b5742d59_81c6_49dd_87c0_e34e5e239dbc
2025-07-31 15:53:39,978 INFO  [io.api.tes.ser.api.KafkaSerdesTester] (Thread-299) Sending message header {
  time {
  }
}
d1: 1.753977219977E12
s1: "a"
i1: 123
bi1: 1
point {
  longitude: 22.0
  latitude: 22.0
  altitude: 1.0
}
 to topic topic-b5742d59_81c6_49dd_87c0_e34e5e239dbc
2025-07-31 15:53:39,982 INFO  [io.api.tes.ser.api.KafkaSerdesTester] (Thread-299) Sending message header {
  time {
  }
}
d1: 1.753977219981E12
s1: "a"
i1: 123
bi1: 1
point {
  longitude: 22.0
  latitude: 22.0
  altitude: 1.0
}
 to topic topic-b5742d59_81c6_49dd_87c0_e34e5e239dbc
2025-07-31 15:53:39,993 INFO  [io.api.tes.ser.api.KafkaSerdesTester] (Thread-299) Sending message header {
  time {
  }
}
d1: 1.753977219993E12
s1: "a"
i1: 123
bi1: 1
point {
  longitude: 22.0
  latitude: 22.0
  altitude: 1.0
}
 to topic topic-b5742d59_81c6_49dd_87c0_e34e5e239dbc
2025-07-31 15:53:39,996 INFO  [io.api.tes.ser.api.KafkaSerdesTester] (Thread-299) Produced 10 messages
2025-07-31 15:53:39,996 INFO  [org.apa.kaf.cli.pro.KafkaProducer] (Thread-299) [Producer clientId=Producer-topic-b5742d59_81c6_49dd_87c0_e34e5e239dbc] Closing the Kafka producer with timeoutMillis = 9223372036854775807 ms.
2025-07-31 15:53:39,999 INFO  [org.apa.kaf.com.met.Metrics] (Thread-299) Metrics scheduler closed
2025-07-31 15:53:39,999 INFO  [org.apa.kaf.com.met.Metrics] (Thread-299) Closing reporter org.apache.kafka.common.metrics.JmxReporter
2025-07-31 15:53:39,999 INFO  [org.apa.kaf.com.met.Metrics] (Thread-299) Closing reporter org.apache.kafka.common.telemetry.internals.ClientTelemetryReporter
2025-07-31 15:53:39,999 INFO  [org.apa.kaf.com.met.Metrics] (Thread-299) Metrics reporters closed
2025-07-31 15:53:40,003 INFO  [org.apa.kaf.com.uti.AppInfoParser] (Thread-299) App info kafka.producer for Producer-topic-b5742d59_81c6_49dd_87c0_e34e5e239dbc unregistered
2025-07-31 15:53:40,130 INFO  [org.apa.kaf.cli.con.ConsumerConfig] (main) ConsumerConfig values: 
	allow.auto.create.topics = true
	auto.commit.interval.ms = 500
	auto.include.jmx.reporter = true
	auto.offset.reset = earliest
	bootstrap.servers = [PLAINTEXT://localhost:32770]
	check.crcs = true
	client.dns.lookup = use_all_dns_ips
	client.id = consumer-Consumer-topic-b5742d59_81c6_49dd_87c0_e34e5e239dbc-23
	client.rack = 
	connections.max.idle.ms = 10000
	default.api.timeout.ms = 60000
	enable.auto.commit = true
	enable.metrics.push = true
	exclude.internal.topics = true
	fetch.max.bytes = 52428800
	fetch.max.wait.ms = 500
	fetch.min.bytes = 1
	group.id = Consumer-topic-b5742d59_81c6_49dd_87c0_e34e5e239dbc
	group.instance.id = null
	group.protocol = classic
	group.remote.assignor = null
	heartbeat.interval.ms = 3000
	interceptor.classes = []
	internal.leave.group.on.close = true
	internal.throw.on.fetch.stable.offset.unsupported = false
	isolation.level = read_uncommitted
	key.deserializer = class org.apache.kafka.common.serialization.StringDeserializer
	max.partition.fetch.bytes = 1048576
	max.poll.interval.ms = 300000
	max.poll.records = 500
	metadata.max.age.ms = 300000
	metadata.recovery.strategy = none
	metric.reporters = []
	metrics.num.samples = 2
	metrics.recording.level = INFO
	metrics.sample.window.ms = 30000
	partition.assignment.strategy = [class org.apache.kafka.clients.consumer.RangeAssignor, class org.apache.kafka.clients.consumer.CooperativeStickyAssignor]
	receive.buffer.bytes = 65536
	reconnect.backoff.max.ms = 1000
	reconnect.backoff.ms = 50
	request.timeout.ms = 5000
	retry.backoff.max.ms = 1000
	retry.backoff.ms = 100
	sasl.client.callback.handler.class = null
	sasl.jaas.config = null
	sasl.kerberos.kinit.cmd = /usr/bin/kinit
	sasl.kerberos.min.time.before.relogin = 60000
	sasl.kerberos.service.name = null
	sasl.kerberos.ticket.renew.jitter = 0.05
	sasl.kerberos.ticket.renew.window.factor = 0.8
	sasl.login.callback.handler.class = null
	sasl.login.class = null
	sasl.login.connect.timeout.ms = null
	sasl.login.read.timeout.ms = null
	sasl.login.refresh.buffer.seconds = 300
	sasl.login.refresh.min.period.seconds = 60
	sasl.login.refresh.window.factor = 0.8
	sasl.login.refresh.window.jitter = 0.05
	sasl.login.retry.backoff.max.ms = 10000
	sasl.login.retry.backoff.ms = 100
	sasl.mechanism = GSSAPI
	sasl.oauthbearer.clock.skew.seconds = 30
	sasl.oauthbearer.expected.audience = null
	sasl.oauthbearer.expected.issuer = null
	sasl.oauthbearer.header.urlencode = false
	sasl.oauthbearer.jwks.endpoint.refresh.ms = 3600000
	sasl.oauthbearer.jwks.endpoint.retry.backoff.max.ms = 10000
	sasl.oauthbearer.jwks.endpoint.retry.backoff.ms = 100
	sasl.oauthbearer.jwks.endpoint.url = null
	sasl.oauthbearer.scope.claim.name = scope
	sasl.oauthbearer.sub.claim.name = sub
	sasl.oauthbearer.token.endpoint.url = null
	security.protocol = PLAINTEXT
	security.providers = null
	send.buffer.bytes = 131072
	session.timeout.ms = 45000
	socket.connection.setup.timeout.max.ms = 30000
	socket.connection.setup.timeout.ms = 10000
	ssl.cipher.suites = null
	ssl.enabled.protocols = [TLSv1.2, TLSv1.3]
	ssl.endpoint.identification.algorithm = https
	ssl.engine.factory.class = null
	ssl.key.password = null
	ssl.keymanager.algorithm = SunX509
	ssl.keystore.certificate.chain = null
	ssl.keystore.key = null
	ssl.keystore.location = null
	ssl.keystore.password = null
	ssl.keystore.type = JKS
	ssl.protocol = TLSv1.3
	ssl.provider = null
	ssl.secure.random.implementation = null
	ssl.trustmanager.algorithm = PKIX
	ssl.truststore.certificates = null
	ssl.truststore.location = null
	ssl.truststore.password = null
	ssl.truststore.type = JKS
	value.deserializer = class io.apicurio.registry.serde.protobuf.ProtobufKafkaDeserializer

2025-07-31 15:53:40,131 INFO  [org.apa.kaf.com.tel.int.KafkaMetricsCollector] (main) initializing Kafka metrics collector
2025-07-31 15:53:40,136 INFO  [org.apa.kaf.cli.con.ConsumerConfig] (main) These configurations '[apicurio.registry.url, apicurio.registry.headers.enabled]' were supplied but are not used yet.
2025-07-31 15:53:40,136 INFO  [org.apa.kaf.com.uti.AppInfoParser] (main) Kafka version: 3.9.0
2025-07-31 15:53:40,136 INFO  [org.apa.kaf.com.uti.AppInfoParser] (main) Kafka commitId: 84caaa6e9da06435
2025-07-31 15:53:40,136 INFO  [org.apa.kaf.com.uti.AppInfoParser] (main) Kafka startTimeMs: 1753977220136
2025-07-31 15:53:40,136 INFO  [org.apa.kaf.cli.con.int.ClassicKafkaConsumer] (Thread-302) [Consumer clientId=consumer-Consumer-topic-b5742d59_81c6_49dd_87c0_e34e5e239dbc-23, groupId=Consumer-topic-b5742d59_81c6_49dd_87c0_e34e5e239dbc] Subscribed to topic(s): topic-b5742d59_81c6_49dd_87c0_e34e5e239dbc
2025-07-31 15:53:40,139 INFO  [org.apa.kaf.cli.Metadata] (Thread-302) [Consumer clientId=consumer-Consumer-topic-b5742d59_81c6_49dd_87c0_e34e5e239dbc-23, groupId=Consumer-topic-b5742d59_81c6_49dd_87c0_e34e5e239dbc] Cluster ID: k5QcScx1TGu5ZEx470RFLw
2025-07-31 15:53:40,140 INFO  [org.apa.kaf.cli.con.int.ConsumerCoordinator] (Thread-302) [Consumer clientId=consumer-Consumer-topic-b5742d59_81c6_49dd_87c0_e34e5e239dbc-23, groupId=Consumer-topic-b5742d59_81c6_49dd_87c0_e34e5e239dbc] Discovered group coordinator localhost:32770 (id: 2147483647 rack: null)
2025-07-31 15:53:40,141 INFO  [org.apa.kaf.cli.con.int.ConsumerCoordinator] (Thread-302) [Consumer clientId=consumer-Consumer-topic-b5742d59_81c6_49dd_87c0_e34e5e239dbc-23, groupId=Consumer-topic-b5742d59_81c6_49dd_87c0_e34e5e239dbc] (Re-)joining group
2025-07-31 15:53:40,142 INFO  [org.apa.kaf.cli.con.int.ConsumerCoordinator] (Thread-302) [Consumer clientId=consumer-Consumer-topic-b5742d59_81c6_49dd_87c0_e34e5e239dbc-23, groupId=Consumer-topic-b5742d59_81c6_49dd_87c0_e34e5e239dbc] Request joining group due to: need to re-join with the given member-id: consumer-Consumer-topic-b5742d59_81c6_49dd_87c0_e34e5e239dbc-23-6acf0b16-f084-4829-b537-86bf4193b3aa
2025-07-31 15:53:40,142 INFO  [org.apa.kaf.cli.con.int.ConsumerCoordinator] (Thread-302) [Consumer clientId=consumer-Consumer-topic-b5742d59_81c6_49dd_87c0_e34e5e239dbc-23, groupId=Consumer-topic-b5742d59_81c6_49dd_87c0_e34e5e239dbc] (Re-)joining group
2025-07-31 15:53:40,144 INFO  [org.apa.kaf.cli.con.int.ConsumerCoordinator] (Thread-302) [Consumer clientId=consumer-Consumer-topic-b5742d59_81c6_49dd_87c0_e34e5e239dbc-23, groupId=Consumer-topic-b5742d59_81c6_49dd_87c0_e34e5e239dbc] Successfully joined group with generation Generation{generationId=1, memberId='consumer-Consumer-topic-b5742d59_81c6_49dd_87c0_e34e5e239dbc-23-6acf0b16-f084-4829-b537-86bf4193b3aa', protocol='range'}
2025-07-31 15:53:40,144 INFO  [org.apa.kaf.cli.con.int.ConsumerCoordinator] (Thread-302) [Consumer clientId=consumer-Consumer-topic-b5742d59_81c6_49dd_87c0_e34e5e239dbc-23, groupId=Consumer-topic-b5742d59_81c6_49dd_87c0_e34e5e239dbc] Finished assignment for group at generation 1: {consumer-Consumer-topic-b5742d59_81c6_49dd_87c0_e34e5e239dbc-23-6acf0b16-f084-4829-b537-86bf4193b3aa=Assignment(partitions=[topic-b5742d59_81c6_49dd_87c0_e34e5e239dbc-0])}
2025-07-31 15:53:40,146 INFO  [org.apa.kaf.cli.con.int.ConsumerCoordinator] (Thread-302) [Consumer clientId=consumer-Consumer-topic-b5742d59_81c6_49dd_87c0_e34e5e239dbc-23, groupId=Consumer-topic-b5742d59_81c6_49dd_87c0_e34e5e239dbc] Successfully synced group in generation Generation{generationId=1, memberId='consumer-Consumer-topic-b5742d59_81c6_49dd_87c0_e34e5e239dbc-23-6acf0b16-f084-4829-b537-86bf4193b3aa', protocol='range'}
2025-07-31 15:53:40,146 INFO  [org.apa.kaf.cli.con.int.ConsumerCoordinator] (Thread-302) [Consumer clientId=consumer-Consumer-topic-b5742d59_81c6_49dd_87c0_e34e5e239dbc-23, groupId=Consumer-topic-b5742d59_81c6_49dd_87c0_e34e5e239dbc] Notifying assignor about the new Assignment(partitions=[topic-b5742d59_81c6_49dd_87c0_e34e5e239dbc-0])
2025-07-31 15:53:40,146 INFO  [org.apa.kaf.cli.con.int.ConsumerRebalanceListenerInvoker] (Thread-302) [Consumer clientId=consumer-Consumer-topic-b5742d59_81c6_49dd_87c0_e34e5e239dbc-23, groupId=Consumer-topic-b5742d59_81c6_49dd_87c0_e34e5e239dbc] Adding newly assigned partitions: topic-b5742d59_81c6_49dd_87c0_e34e5e239dbc-0
2025-07-31 15:53:40,147 INFO  [org.apa.kaf.cli.con.int.ConsumerCoordinator] (Thread-302) [Consumer clientId=consumer-Consumer-topic-b5742d59_81c6_49dd_87c0_e34e5e239dbc-23, groupId=Consumer-topic-b5742d59_81c6_49dd_87c0_e34e5e239dbc] Found no committed offset for partition topic-b5742d59_81c6_49dd_87c0_e34e5e239dbc-0
2025-07-31 15:53:40,151 INFO  [org.apa.kaf.cli.con.int.SubscriptionState] (Thread-302) [Consumer clientId=consumer-Consumer-topic-b5742d59_81c6_49dd_87c0_e34e5e239dbc-23, groupId=Consumer-topic-b5742d59_81c6_49dd_87c0_e34e5e239dbc] Resetting offset for partition topic-b5742d59_81c6_49dd_87c0_e34e5e239dbc-0 to position FetchPosition{offset=0, offsetEpoch=Optional.empty, currentLeader=LeaderAndEpoch{leader=Optional[localhost:32770 (id: 0 rack: null)], epoch=0}}.
2025-07-31 15:53:40,505 WARNING [com.goo.pro.GeneratedMessage] (Thread-302) Vulnerable protobuf generated type in use: io.apicurio.tests.protobuf.Header
As of 2022/09/29 (release 21.7) makeExtensionsImmutable should not be called from protobuf gencode. If you are seeing this message, your gencode is vulnerable to a denial of service attack. You should regenerate your code using protobuf 25.6 or later. Use the latest version that meets your needs. However, if you understand the risks and wish to continue with vulnerable gencode, you can set the system property `-Dcom.google.protobuf.use_unsafe_pre22_gencode` on the command line to silence this warning. You also can set `-Dcom.google.protobuf.error_on_unsafe_pre22_gencode` to throw an error instead. See security vulnerability: https://github.com/protocolbuffers/protobuf/security/advisories/GHSA-h4h5-3hr4-j3g2
2025-07-31 15:53:40,506 WARNING [com.goo.pro.GeneratedMessage] (Thread-302) Vulnerable protobuf generated type in use: io.apicurio.tests.protobuf.Point
As of 2022/09/29 (release 21.7) makeExtensionsImmutable should not be called from protobuf gencode. If you are seeing this message, your gencode is vulnerable to a denial of service attack. You should regenerate your code using protobuf 25.6 or later. Use the latest version that meets your needs. However, if you understand the risks and wish to continue with vulnerable gencode, you can set the system property `-Dcom.google.protobuf.use_unsafe_pre22_gencode` on the command line to silence this warning. You also can set `-Dcom.google.protobuf.error_on_unsafe_pre22_gencode` to throw an error instead. See security vulnerability: https://github.com/protocolbuffers/protobuf/security/advisories/GHSA-h4h5-3hr4-j3g2
2025-07-31 15:53:40,506 WARNING [com.goo.pro.GeneratedMessage] (Thread-302) Vulnerable protobuf generated type in use: io.apicurio.tests.protobuf.ProtobufTestMessage
As of 2022/09/29 (release 21.7) makeExtensionsImmutable should not be called from protobuf gencode. If you are seeing this message, your gencode is vulnerable to a denial of service attack. You should regenerate your code using protobuf 25.6 or later. Use the latest version that meets your needs. However, if you understand the risks and wish to continue with vulnerable gencode, you can set the system property `-Dcom.google.protobuf.use_unsafe_pre22_gencode` on the command line to silence this warning. You also can set `-Dcom.google.protobuf.error_on_unsafe_pre22_gencode` to throw an error instead. See security vulnerability: https://github.com/protocolbuffers/protobuf/security/advisories/GHSA-h4h5-3hr4-j3g2
2025-07-31 15:53:40,508 INFO  [io.api.tes.ser.api.KafkaSerdesTester] (Thread-302) topic-b5742d59_81c6_49dd_87c0_e34e5e239dbc 0 0 header {
  time {
  }
}
d1: 1.75397721943E12
s1: "a"
i1: 123
bi1: 1
point {
  longitude: 22.0
  latitude: 22.0
  altitude: 1.0
}

2025-07-31 15:53:40,508 INFO  [io.api.tes.ser.api.KafkaSerdesTester] (Thread-302) topic-b5742d59_81c6_49dd_87c0_e34e5e239dbc 0 1 header {
  time {
  }
}
d1: 1.753977219959E12
s1: "a"
i1: 123
bi1: 1
point {
  longitude: 22.0
  latitude: 22.0
  altitude: 1.0
}

2025-07-31 15:53:40,508 INFO  [io.api.tes.ser.api.KafkaSerdesTester] (Thread-302) topic-b5742d59_81c6_49dd_87c0_e34e5e239dbc 0 2 header {
  time {
  }
}
d1: 1.753977219962E12
s1: "a"
i1: 123
bi1: 1
point {
  longitude: 22.0
  latitude: 22.0
  altitude: 1.0
}

2025-07-31 15:53:40,509 INFO  [io.api.tes.ser.api.KafkaSerdesTester] (Thread-302) topic-b5742d59_81c6_49dd_87c0_e34e5e239dbc 0 3 header {
  time {
  }
}
d1: 1.753977219966E12
s1: "a"
i1: 123
bi1: 1
point {
  longitude: 22.0
  latitude: 22.0
  altitude: 1.0
}

2025-07-31 15:53:40,509 INFO  [io.api.tes.ser.api.KafkaSerdesTester] (Thread-302) topic-b5742d59_81c6_49dd_87c0_e34e5e239dbc 0 4 header {
  time {
  }
}
d1: 1.753977219969E12
s1: "a"
i1: 123
bi1: 1
point {
  longitude: 22.0
  latitude: 22.0
  altitude: 1.0
}

2025-07-31 15:53:40,512 INFO  [io.api.tes.ser.api.KafkaSerdesTester] (Thread-302) topic-b5742d59_81c6_49dd_87c0_e34e5e239dbc 0 5 header {
  time {
  }
}
d1: 1.753977219972E12
s1: "a"
i1: 123
bi1: 1
point {
  longitude: 22.0
  latitude: 22.0
  altitude: 1.0
}

2025-07-31 15:53:40,512 INFO  [io.api.tes.ser.api.KafkaSerdesTester] (Thread-302) topic-b5742d59_81c6_49dd_87c0_e34e5e239dbc 0 6 header {
  time {
  }
}
d1: 1.753977219974E12
s1: "a"
i1: 123
bi1: 1
point {
  longitude: 22.0
  latitude: 22.0
  altitude: 1.0
}

2025-07-31 15:53:40,513 INFO  [io.api.tes.ser.api.KafkaSerdesTester] (Thread-302) topic-b5742d59_81c6_49dd_87c0_e34e5e239dbc 0 7 header {
  time {
  }
}
d1: 1.753977219977E12
s1: "a"
i1: 123
bi1: 1
point {
  longitude: 22.0
  latitude: 22.0
  altitude: 1.0
}

2025-07-31 15:53:40,513 INFO  [io.api.tes.ser.api.KafkaSerdesTester] (Thread-302) topic-b5742d59_81c6_49dd_87c0_e34e5e239dbc 0 8 header {
  time {
  }
}
d1: 1.753977219981E12
s1: "a"
i1: 123
bi1: 1
point {
  longitude: 22.0
  latitude: 22.0
  altitude: 1.0
}

2025-07-31 15:53:40,513 INFO  [io.api.tes.ser.api.KafkaSerdesTester] (Thread-302) topic-b5742d59_81c6_49dd_87c0_e34e5e239dbc 0 9 header {
  time {
  }
}
d1: 1.753977219993E12
s1: "a"
i1: 123
bi1: 1
point {
  longitude: 22.0
  latitude: 22.0
  altitude: 1.0
}

2025-07-31 15:53:40,513 INFO  [io.api.tes.ser.api.KafkaSerdesTester] (Thread-302) Consumed 10 messages
2025-07-31 15:53:40,515 INFO  [org.apa.kaf.cli.con.int.ConsumerRebalanceListenerInvoker] (Thread-302) [Consumer clientId=consumer-Consumer-topic-b5742d59_81c6_49dd_87c0_e34e5e239dbc-23, groupId=Consumer-topic-b5742d59_81c6_49dd_87c0_e34e5e239dbc] Revoke previously assigned partitions topic-b5742d59_81c6_49dd_87c0_e34e5e239dbc-0
2025-07-31 15:53:40,515 INFO  [org.apa.kaf.cli.con.int.ConsumerCoordinator] (Thread-302) [Consumer clientId=consumer-Consumer-topic-b5742d59_81c6_49dd_87c0_e34e5e239dbc-23, groupId=Consumer-topic-b5742d59_81c6_49dd_87c0_e34e5e239dbc] Member consumer-Consumer-topic-b5742d59_81c6_49dd_87c0_e34e5e239dbc-23-6acf0b16-f084-4829-b537-86bf4193b3aa sending LeaveGroup request to coordinator localhost:32770 (id: 2147483647 rack: null) due to the consumer is being closed
2025-07-31 15:53:40,515 INFO  [org.apa.kaf.cli.con.int.ConsumerCoordinator] (Thread-302) [Consumer clientId=consumer-Consumer-topic-b5742d59_81c6_49dd_87c0_e34e5e239dbc-23, groupId=Consumer-topic-b5742d59_81c6_49dd_87c0_e34e5e239dbc] Resetting generation and member id due to: consumer pro-actively leaving the group
2025-07-31 15:53:40,516 INFO  [org.apa.kaf.cli.con.int.ConsumerCoordinator] (Thread-302) [Consumer clientId=consumer-Consumer-topic-b5742d59_81c6_49dd_87c0_e34e5e239dbc-23, groupId=Consumer-topic-b5742d59_81c6_49dd_87c0_e34e5e239dbc] Request joining group due to: consumer pro-actively leaving the group
2025-07-31 15:53:41,012 INFO  [org.apa.kaf.com.met.Metrics] (Thread-302) Metrics scheduler closed
2025-07-31 15:53:41,012 INFO  [org.apa.kaf.com.met.Metrics] (Thread-302) Closing reporter org.apache.kafka.common.metrics.JmxReporter
2025-07-31 15:53:41,012 INFO  [org.apa.kaf.com.met.Metrics] (Thread-302) Closing reporter org.apache.kafka.common.telemetry.internals.ClientTelemetryReporter
2025-07-31 15:53:41,012 INFO  [org.apa.kaf.com.met.Metrics] (Thread-302) Metrics reporters closed
2025-07-31 15:53:41,013 INFO  [org.apa.kaf.com.uti.AppInfoParser] (Thread-302) App info kafka.consumer for consumer-Consumer-topic-b5742d59_81c6_49dd_87c0_e34e5e239dbc-23 unregistered
2025-07-31 15:53:41,082 INFO  [io.api.tes.uti.TestSeparator] (main) io.apicurio.tests.serdes.apicurio.ProtobufSerdeIT.testTopicIdStrategyAutoRegister-FINISHED
2025-07-31 15:53:41,082 INFO  [io.api.tes.uti.TestSeparator] (main) ############################################################################
]]></system-out>
  </testcase>
  <testcase name="testAutoRegisterAndUseBody" classname="io.apicurio.tests.serdes.apicurio.ProtobufSerdeIT" time="1.363">
    <system-out><![CDATA[2025-07-31 15:53:41,084 INFO  [io.api.tes.uti.TestSeparator] (main) ############################################################################
2025-07-31 15:53:41,084 INFO  [io.api.tes.uti.TestSeparator] (main) io.apicurio.tests.serdes.apicurio.ProtobufSerdeIT.testAutoRegisterAndUseBody-STARTED
2025-07-31 15:53:41,085 INFO  [org.apa.kaf.cli.pro.ProducerConfig] (main) ProducerConfig values: 
	acks = -1
	auto.include.jmx.reporter = true
	batch.size = 16384
	bootstrap.servers = [PLAINTEXT://localhost:32770]
	buffer.memory = 33554432
	client.dns.lookup = use_all_dns_ips
	client.id = Producer-topic-bf2c2246_222b_4e0e_bc7e_998f97d793f1
	compression.gzip.level = -1
	compression.lz4.level = 9
	compression.type = none
	compression.zstd.level = 3
	connections.max.idle.ms = 10000
	delivery.timeout.ms = 120000
	enable.idempotence = true
	enable.metrics.push = true
	interceptor.classes = []
	key.serializer = class org.apache.kafka.common.serialization.StringSerializer
	linger.ms = 0
	max.block.ms = 60000
	max.in.flight.requests.per.connection = 5
	max.request.size = 1048576
	metadata.max.age.ms = 300000
	metadata.max.idle.ms = 300000
	metadata.recovery.strategy = none
	metric.reporters = []
	metrics.num.samples = 2
	metrics.recording.level = INFO
	metrics.sample.window.ms = 30000
	partitioner.adaptive.partitioning.enable = true
	partitioner.availability.timeout.ms = 0
	partitioner.class = null
	partitioner.ignore.keys = false
	receive.buffer.bytes = 32768
	reconnect.backoff.max.ms = 1000
	reconnect.backoff.ms = 50
	request.timeout.ms = 5000
	retries = 2147483647
	retry.backoff.max.ms = 1000
	retry.backoff.ms = 100
	sasl.client.callback.handler.class = null
	sasl.jaas.config = null
	sasl.kerberos.kinit.cmd = /usr/bin/kinit
	sasl.kerberos.min.time.before.relogin = 60000
	sasl.kerberos.service.name = null
	sasl.kerberos.ticket.renew.jitter = 0.05
	sasl.kerberos.ticket.renew.window.factor = 0.8
	sasl.login.callback.handler.class = null
	sasl.login.class = null
	sasl.login.connect.timeout.ms = null
	sasl.login.read.timeout.ms = null
	sasl.login.refresh.buffer.seconds = 300
	sasl.login.refresh.min.period.seconds = 60
	sasl.login.refresh.window.factor = 0.8
	sasl.login.refresh.window.jitter = 0.05
	sasl.login.retry.backoff.max.ms = 10000
	sasl.login.retry.backoff.ms = 100
	sasl.mechanism = GSSAPI
	sasl.oauthbearer.clock.skew.seconds = 30
	sasl.oauthbearer.expected.audience = null
	sasl.oauthbearer.expected.issuer = null
	sasl.oauthbearer.header.urlencode = false
	sasl.oauthbearer.jwks.endpoint.refresh.ms = 3600000
	sasl.oauthbearer.jwks.endpoint.retry.backoff.max.ms = 10000
	sasl.oauthbearer.jwks.endpoint.retry.backoff.ms = 100
	sasl.oauthbearer.jwks.endpoint.url = null
	sasl.oauthbearer.scope.claim.name = scope
	sasl.oauthbearer.sub.claim.name = sub
	sasl.oauthbearer.token.endpoint.url = null
	security.protocol = PLAINTEXT
	security.providers = null
	send.buffer.bytes = 131072
	socket.connection.setup.timeout.max.ms = 30000
	socket.connection.setup.timeout.ms = 10000
	ssl.cipher.suites = null
	ssl.enabled.protocols = [TLSv1.2, TLSv1.3]
	ssl.endpoint.identification.algorithm = https
	ssl.engine.factory.class = null
	ssl.key.password = null
	ssl.keymanager.algorithm = SunX509
	ssl.keystore.certificate.chain = null
	ssl.keystore.key = null
	ssl.keystore.location = null
	ssl.keystore.password = null
	ssl.keystore.type = JKS
	ssl.protocol = TLSv1.3
	ssl.provider = null
	ssl.secure.random.implementation = null
	ssl.trustmanager.algorithm = PKIX
	ssl.truststore.certificates = null
	ssl.truststore.location = null
	ssl.truststore.password = null
	ssl.truststore.type = JKS
	transaction.timeout.ms = 60000
	transactional.id = null
	value.serializer = class io.apicurio.registry.serde.protobuf.ProtobufKafkaSerializer

2025-07-31 15:53:41,086 INFO  [org.apa.kaf.com.tel.int.KafkaMetricsCollector] (main) initializing Kafka metrics collector
2025-07-31 15:53:41,089 INFO  [org.apa.kaf.cli.pro.KafkaProducer] (main) [Producer clientId=Producer-topic-bf2c2246_222b_4e0e_bc7e_998f97d793f1] Instantiated an idempotent producer.
2025-07-31 15:53:41,090 INFO  [org.apa.kaf.cli.pro.ProducerConfig] (main) These configurations '[apicurio.registry.url, apicurio.registry.auto-register, apicurio.registry.artifact-resolver-strategy]' were supplied but are not used yet.
2025-07-31 15:53:41,090 INFO  [org.apa.kaf.com.uti.AppInfoParser] (main) Kafka version: 3.9.0
2025-07-31 15:53:41,090 INFO  [org.apa.kaf.com.uti.AppInfoParser] (main) Kafka commitId: 84caaa6e9da06435
2025-07-31 15:53:41,090 INFO  [org.apa.kaf.com.uti.AppInfoParser] (main) Kafka startTimeMs: 1753977221090
2025-07-31 15:53:41,091 INFO  [io.api.tes.ser.api.SimpleSerdesTesterBuilder$SimpleSerdesTester] (main) Using producer configuration: {apicurio.registry.url=http://registry-app-kafkasql.apps.ci419.apicurio-testing.org:80/apis/registry/v3, apicurio.registry.auto-register=true, apicurio.registry.artifact-resolver-strategy=io.apicurio.registry.serde.strategy.TopicIdStrategy, value.serializer=io.apicurio.registry.serde.protobuf.ProtobufKafkaSerializer, request.timeout.ms=5000, acks=all, bootstrap.servers=PLAINTEXT://localhost:32770, connections.max.idle.ms=10000, key.serializer=org.apache.kafka.common.serialization.StringSerializer, client.id=Producer-topic-bf2c2246_222b_4e0e_bc7e_998f97d793f1}
2025-07-31 15:53:41,091 INFO  [io.api.tes.ser.api.SimpleSerdesTesterBuilder$SimpleSerdesTester] (main) Using consumer configuration: {apicurio.protobuf.derive.class=true}
2025-07-31 15:53:41,094 INFO  [io.api.tes.ser.api.KafkaSerdesTester] (Thread-305) Sending message header {
  time {
  }
}
d1: 1.753977221094E12
s1: "a"
i1: 123
bi1: 1
point {
  longitude: 22.0
  latitude: 22.0
  altitude: 1.0
}
 to topic topic-bf2c2246_222b_4e0e_bc7e_998f97d793f1
2025-07-31 15:53:41,106 WARN  [org.apa.kaf.cli.NetworkClient] (kafka-producer-network-thread | Producer-topic-bf2c2246_222b_4e0e_bc7e_998f97d793f1) [Producer clientId=Producer-topic-bf2c2246_222b_4e0e_bc7e_998f97d793f1] The metadata response from the cluster reported a recoverable issue with correlation id 2 : {topic-bf2c2246_222b_4e0e_bc7e_998f97d793f1=LEADER_NOT_AVAILABLE}
2025-07-31 15:53:41,106 INFO  [org.apa.kaf.cli.Metadata] (kafka-producer-network-thread | Producer-topic-bf2c2246_222b_4e0e_bc7e_998f97d793f1) [Producer clientId=Producer-topic-bf2c2246_222b_4e0e_bc7e_998f97d793f1] Cluster ID: k5QcScx1TGu5ZEx470RFLw
2025-07-31 15:53:41,106 INFO  [org.apa.kaf.cli.pro.int.TransactionManager] (kafka-producer-network-thread | Producer-topic-bf2c2246_222b_4e0e_bc7e_998f97d793f1) [Producer clientId=Producer-topic-bf2c2246_222b_4e0e_bc7e_998f97d793f1] ProducerId set to 33 with epoch 0
2025-07-31 15:53:41,465 INFO  [io.api.tes.ser.api.KafkaSerdesTester] (Thread-305) Sending message header {
  time {
  }
}
d1: 1.753977221465E12
s1: "a"
i1: 123
bi1: 1
point {
  longitude: 22.0
  latitude: 22.0
  altitude: 1.0
}
 to topic topic-bf2c2246_222b_4e0e_bc7e_998f97d793f1
2025-07-31 15:53:41,468 INFO  [io.api.tes.ser.api.KafkaSerdesTester] (Thread-305) Sending message header {
  time {
  }
}
d1: 1.753977221468E12
s1: "a"
i1: 123
bi1: 1
point {
  longitude: 22.0
  latitude: 22.0
  altitude: 1.0
}
 to topic topic-bf2c2246_222b_4e0e_bc7e_998f97d793f1
2025-07-31 15:53:41,472 INFO  [io.api.tes.ser.api.KafkaSerdesTester] (Thread-305) Sending message header {
  time {
  }
}
d1: 1.753977221472E12
s1: "a"
i1: 123
bi1: 1
point {
  longitude: 22.0
  latitude: 22.0
  altitude: 1.0
}
 to topic topic-bf2c2246_222b_4e0e_bc7e_998f97d793f1
2025-07-31 15:53:41,475 INFO  [io.api.tes.ser.api.KafkaSerdesTester] (Thread-305) Sending message header {
  time {
  }
}
d1: 1.753977221475E12
s1: "a"
i1: 123
bi1: 1
point {
  longitude: 22.0
  latitude: 22.0
  altitude: 1.0
}
 to topic topic-bf2c2246_222b_4e0e_bc7e_998f97d793f1
2025-07-31 15:53:41,477 INFO  [io.api.tes.ser.api.KafkaSerdesTester] (Thread-305) Sending message header {
  time {
  }
}
d1: 1.753977221477E12
s1: "a"
i1: 123
bi1: 1
point {
  longitude: 22.0
  latitude: 22.0
  altitude: 1.0
}
 to topic topic-bf2c2246_222b_4e0e_bc7e_998f97d793f1
2025-07-31 15:53:41,482 INFO  [io.api.tes.ser.api.KafkaSerdesTester] (Thread-305) Sending message header {
  time {
  }
}
d1: 1.753977221482E12
s1: "a"
i1: 123
bi1: 1
point {
  longitude: 22.0
  latitude: 22.0
  altitude: 1.0
}
 to topic topic-bf2c2246_222b_4e0e_bc7e_998f97d793f1
2025-07-31 15:53:41,485 INFO  [io.api.tes.ser.api.KafkaSerdesTester] (Thread-305) Sending message header {
  time {
  }
}
d1: 1.753977221485E12
s1: "a"
i1: 123
bi1: 1
point {
  longitude: 22.0
  latitude: 22.0
  altitude: 1.0
}
 to topic topic-bf2c2246_222b_4e0e_bc7e_998f97d793f1
2025-07-31 15:53:41,488 INFO  [io.api.tes.ser.api.KafkaSerdesTester] (Thread-305) Sending message header {
  time {
  }
}
d1: 1.753977221488E12
s1: "a"
i1: 123
bi1: 1
point {
  longitude: 22.0
  latitude: 22.0
  altitude: 1.0
}
 to topic topic-bf2c2246_222b_4e0e_bc7e_998f97d793f1
2025-07-31 15:53:41,492 INFO  [io.api.tes.ser.api.KafkaSerdesTester] (Thread-305) Sending message header {
  time {
  }
}
d1: 1.753977221491E12
s1: "a"
i1: 123
bi1: 1
point {
  longitude: 22.0
  latitude: 22.0
  altitude: 1.0
}
 to topic topic-bf2c2246_222b_4e0e_bc7e_998f97d793f1
2025-07-31 15:53:41,495 INFO  [io.api.tes.ser.api.KafkaSerdesTester] (Thread-305) Produced 10 messages
2025-07-31 15:53:41,495 INFO  [org.apa.kaf.cli.pro.KafkaProducer] (Thread-305) [Producer clientId=Producer-topic-bf2c2246_222b_4e0e_bc7e_998f97d793f1] Closing the Kafka producer with timeoutMillis = 9223372036854775807 ms.
2025-07-31 15:53:41,498 INFO  [org.apa.kaf.com.met.Metrics] (Thread-305) Metrics scheduler closed
2025-07-31 15:53:41,498 INFO  [org.apa.kaf.com.met.Metrics] (Thread-305) Closing reporter org.apache.kafka.common.metrics.JmxReporter
2025-07-31 15:53:41,498 INFO  [org.apa.kaf.com.met.Metrics] (Thread-305) Closing reporter org.apache.kafka.common.telemetry.internals.ClientTelemetryReporter
2025-07-31 15:53:41,498 INFO  [org.apa.kaf.com.met.Metrics] (Thread-305) Metrics reporters closed
2025-07-31 15:53:41,498 INFO  [org.apa.kaf.com.uti.AppInfoParser] (Thread-305) App info kafka.producer for Producer-topic-bf2c2246_222b_4e0e_bc7e_998f97d793f1 unregistered
2025-07-31 15:53:41,621 INFO  [org.apa.kaf.cli.con.ConsumerConfig] (main) ConsumerConfig values: 
	allow.auto.create.topics = true
	auto.commit.interval.ms = 500
	auto.include.jmx.reporter = true
	auto.offset.reset = earliest
	bootstrap.servers = [PLAINTEXT://localhost:32770]
	check.crcs = true
	client.dns.lookup = use_all_dns_ips
	client.id = consumer-Consumer-topic-bf2c2246_222b_4e0e_bc7e_998f97d793f1-24
	client.rack = 
	connections.max.idle.ms = 10000
	default.api.timeout.ms = 60000
	enable.auto.commit = true
	enable.metrics.push = true
	exclude.internal.topics = true
	fetch.max.bytes = 52428800
	fetch.max.wait.ms = 500
	fetch.min.bytes = 1
	group.id = Consumer-topic-bf2c2246_222b_4e0e_bc7e_998f97d793f1
	group.instance.id = null
	group.protocol = classic
	group.remote.assignor = null
	heartbeat.interval.ms = 3000
	interceptor.classes = []
	internal.leave.group.on.close = true
	internal.throw.on.fetch.stable.offset.unsupported = false
	isolation.level = read_uncommitted
	key.deserializer = class org.apache.kafka.common.serialization.StringDeserializer
	max.partition.fetch.bytes = 1048576
	max.poll.interval.ms = 300000
	max.poll.records = 500
	metadata.max.age.ms = 300000
	metadata.recovery.strategy = none
	metric.reporters = []
	metrics.num.samples = 2
	metrics.recording.level = INFO
	metrics.sample.window.ms = 30000
	partition.assignment.strategy = [class org.apache.kafka.clients.consumer.RangeAssignor, class org.apache.kafka.clients.consumer.CooperativeStickyAssignor]
	receive.buffer.bytes = 65536
	reconnect.backoff.max.ms = 1000
	reconnect.backoff.ms = 50
	request.timeout.ms = 5000
	retry.backoff.max.ms = 1000
	retry.backoff.ms = 100
	sasl.client.callback.handler.class = null
	sasl.jaas.config = null
	sasl.kerberos.kinit.cmd = /usr/bin/kinit
	sasl.kerberos.min.time.before.relogin = 60000
	sasl.kerberos.service.name = null
	sasl.kerberos.ticket.renew.jitter = 0.05
	sasl.kerberos.ticket.renew.window.factor = 0.8
	sasl.login.callback.handler.class = null
	sasl.login.class = null
	sasl.login.connect.timeout.ms = null
	sasl.login.read.timeout.ms = null
	sasl.login.refresh.buffer.seconds = 300
	sasl.login.refresh.min.period.seconds = 60
	sasl.login.refresh.window.factor = 0.8
	sasl.login.refresh.window.jitter = 0.05
	sasl.login.retry.backoff.max.ms = 10000
	sasl.login.retry.backoff.ms = 100
	sasl.mechanism = GSSAPI
	sasl.oauthbearer.clock.skew.seconds = 30
	sasl.oauthbearer.expected.audience = null
	sasl.oauthbearer.expected.issuer = null
	sasl.oauthbearer.header.urlencode = false
	sasl.oauthbearer.jwks.endpoint.refresh.ms = 3600000
	sasl.oauthbearer.jwks.endpoint.retry.backoff.max.ms = 10000
	sasl.oauthbearer.jwks.endpoint.retry.backoff.ms = 100
	sasl.oauthbearer.jwks.endpoint.url = null
	sasl.oauthbearer.scope.claim.name = scope
	sasl.oauthbearer.sub.claim.name = sub
	sasl.oauthbearer.token.endpoint.url = null
	security.protocol = PLAINTEXT
	security.providers = null
	send.buffer.bytes = 131072
	session.timeout.ms = 45000
	socket.connection.setup.timeout.max.ms = 30000
	socket.connection.setup.timeout.ms = 10000
	ssl.cipher.suites = null
	ssl.enabled.protocols = [TLSv1.2, TLSv1.3]
	ssl.endpoint.identification.algorithm = https
	ssl.engine.factory.class = null
	ssl.key.password = null
	ssl.keymanager.algorithm = SunX509
	ssl.keystore.certificate.chain = null
	ssl.keystore.key = null
	ssl.keystore.location = null
	ssl.keystore.password = null
	ssl.keystore.type = JKS
	ssl.protocol = TLSv1.3
	ssl.provider = null
	ssl.secure.random.implementation = null
	ssl.trustmanager.algorithm = PKIX
	ssl.truststore.certificates = null
	ssl.truststore.location = null
	ssl.truststore.password = null
	ssl.truststore.type = JKS
	value.deserializer = class io.apicurio.registry.serde.protobuf.ProtobufKafkaDeserializer

2025-07-31 15:53:41,621 INFO  [org.apa.kaf.com.tel.int.KafkaMetricsCollector] (main) initializing Kafka metrics collector
2025-07-31 15:53:41,625 INFO  [org.apa.kaf.cli.con.ConsumerConfig] (main) These configurations '[apicurio.registry.url, apicurio.protobuf.derive.class]' were supplied but are not used yet.
2025-07-31 15:53:41,625 INFO  [org.apa.kaf.com.uti.AppInfoParser] (main) Kafka version: 3.9.0
2025-07-31 15:53:41,625 INFO  [org.apa.kaf.com.uti.AppInfoParser] (main) Kafka commitId: 84caaa6e9da06435
2025-07-31 15:53:41,625 INFO  [org.apa.kaf.com.uti.AppInfoParser] (main) Kafka startTimeMs: 1753977221625
2025-07-31 15:53:41,625 INFO  [org.apa.kaf.cli.con.int.ClassicKafkaConsumer] (Thread-308) [Consumer clientId=consumer-Consumer-topic-bf2c2246_222b_4e0e_bc7e_998f97d793f1-24, groupId=Consumer-topic-bf2c2246_222b_4e0e_bc7e_998f97d793f1] Subscribed to topic(s): topic-bf2c2246_222b_4e0e_bc7e_998f97d793f1
2025-07-31 15:53:41,629 INFO  [org.apa.kaf.cli.Metadata] (Thread-308) [Consumer clientId=consumer-Consumer-topic-bf2c2246_222b_4e0e_bc7e_998f97d793f1-24, groupId=Consumer-topic-bf2c2246_222b_4e0e_bc7e_998f97d793f1] Cluster ID: k5QcScx1TGu5ZEx470RFLw
2025-07-31 15:53:41,629 INFO  [org.apa.kaf.cli.con.int.ConsumerCoordinator] (Thread-308) [Consumer clientId=consumer-Consumer-topic-bf2c2246_222b_4e0e_bc7e_998f97d793f1-24, groupId=Consumer-topic-bf2c2246_222b_4e0e_bc7e_998f97d793f1] Discovered group coordinator localhost:32770 (id: 2147483647 rack: null)
2025-07-31 15:53:41,630 INFO  [org.apa.kaf.cli.con.int.ConsumerCoordinator] (Thread-308) [Consumer clientId=consumer-Consumer-topic-bf2c2246_222b_4e0e_bc7e_998f97d793f1-24, groupId=Consumer-topic-bf2c2246_222b_4e0e_bc7e_998f97d793f1] (Re-)joining group
2025-07-31 15:53:41,633 INFO  [org.apa.kaf.cli.con.int.ConsumerCoordinator] (Thread-308) [Consumer clientId=consumer-Consumer-topic-bf2c2246_222b_4e0e_bc7e_998f97d793f1-24, groupId=Consumer-topic-bf2c2246_222b_4e0e_bc7e_998f97d793f1] Request joining group due to: need to re-join with the given member-id: consumer-Consumer-topic-bf2c2246_222b_4e0e_bc7e_998f97d793f1-24-98c138fd-c970-495f-b2c8-448f0b1eb49e
2025-07-31 15:53:41,633 INFO  [org.apa.kaf.cli.con.int.ConsumerCoordinator] (Thread-308) [Consumer clientId=consumer-Consumer-topic-bf2c2246_222b_4e0e_bc7e_998f97d793f1-24, groupId=Consumer-topic-bf2c2246_222b_4e0e_bc7e_998f97d793f1] (Re-)joining group
2025-07-31 15:53:41,635 INFO  [org.apa.kaf.cli.con.int.ConsumerCoordinator] (Thread-308) [Consumer clientId=consumer-Consumer-topic-bf2c2246_222b_4e0e_bc7e_998f97d793f1-24, groupId=Consumer-topic-bf2c2246_222b_4e0e_bc7e_998f97d793f1] Successfully joined group with generation Generation{generationId=1, memberId='consumer-Consumer-topic-bf2c2246_222b_4e0e_bc7e_998f97d793f1-24-98c138fd-c970-495f-b2c8-448f0b1eb49e', protocol='range'}
2025-07-31 15:53:41,636 INFO  [org.apa.kaf.cli.con.int.ConsumerCoordinator] (Thread-308) [Consumer clientId=consumer-Consumer-topic-bf2c2246_222b_4e0e_bc7e_998f97d793f1-24, groupId=Consumer-topic-bf2c2246_222b_4e0e_bc7e_998f97d793f1] Finished assignment for group at generation 1: {consumer-Consumer-topic-bf2c2246_222b_4e0e_bc7e_998f97d793f1-24-98c138fd-c970-495f-b2c8-448f0b1eb49e=Assignment(partitions=[topic-bf2c2246_222b_4e0e_bc7e_998f97d793f1-0])}
2025-07-31 15:53:41,637 INFO  [org.apa.kaf.cli.con.int.ConsumerCoordinator] (Thread-308) [Consumer clientId=consumer-Consumer-topic-bf2c2246_222b_4e0e_bc7e_998f97d793f1-24, groupId=Consumer-topic-bf2c2246_222b_4e0e_bc7e_998f97d793f1] Successfully synced group in generation Generation{generationId=1, memberId='consumer-Consumer-topic-bf2c2246_222b_4e0e_bc7e_998f97d793f1-24-98c138fd-c970-495f-b2c8-448f0b1eb49e', protocol='range'}
2025-07-31 15:53:41,637 INFO  [org.apa.kaf.cli.con.int.ConsumerCoordinator] (Thread-308) [Consumer clientId=consumer-Consumer-topic-bf2c2246_222b_4e0e_bc7e_998f97d793f1-24, groupId=Consumer-topic-bf2c2246_222b_4e0e_bc7e_998f97d793f1] Notifying assignor about the new Assignment(partitions=[topic-bf2c2246_222b_4e0e_bc7e_998f97d793f1-0])
2025-07-31 15:53:41,637 INFO  [org.apa.kaf.cli.con.int.ConsumerRebalanceListenerInvoker] (Thread-308) [Consumer clientId=consumer-Consumer-topic-bf2c2246_222b_4e0e_bc7e_998f97d793f1-24, groupId=Consumer-topic-bf2c2246_222b_4e0e_bc7e_998f97d793f1] Adding newly assigned partitions: topic-bf2c2246_222b_4e0e_bc7e_998f97d793f1-0
2025-07-31 15:53:41,638 INFO  [org.apa.kaf.cli.con.int.ConsumerCoordinator] (Thread-308) [Consumer clientId=consumer-Consumer-topic-bf2c2246_222b_4e0e_bc7e_998f97d793f1-24, groupId=Consumer-topic-bf2c2246_222b_4e0e_bc7e_998f97d793f1] Found no committed offset for partition topic-bf2c2246_222b_4e0e_bc7e_998f97d793f1-0
2025-07-31 15:53:41,641 INFO  [org.apa.kaf.cli.con.int.SubscriptionState] (Thread-308) [Consumer clientId=consumer-Consumer-topic-bf2c2246_222b_4e0e_bc7e_998f97d793f1-24, groupId=Consumer-topic-bf2c2246_222b_4e0e_bc7e_998f97d793f1] Resetting offset for partition topic-bf2c2246_222b_4e0e_bc7e_998f97d793f1-0 to position FetchPosition{offset=0, offsetEpoch=Optional.empty, currentLeader=LeaderAndEpoch{leader=Optional[localhost:32770 (id: 0 rack: null)], epoch=0}}.
2025-07-31 15:53:41,941 INFO  [io.api.tes.ser.api.KafkaSerdesTester] (Thread-308) topic-bf2c2246_222b_4e0e_bc7e_998f97d793f1 0 0 header {
  time {
  }
}
d1: 1.753977221094E12
s1: "a"
i1: 123
bi1: 1
point {
  longitude: 22.0
  latitude: 22.0
  altitude: 1.0
}

2025-07-31 15:53:41,942 INFO  [io.api.tes.ser.api.KafkaSerdesTester] (Thread-308) topic-bf2c2246_222b_4e0e_bc7e_998f97d793f1 0 1 header {
  time {
  }
}
d1: 1.753977221465E12
s1: "a"
i1: 123
bi1: 1
point {
  longitude: 22.0
  latitude: 22.0
  altitude: 1.0
}

2025-07-31 15:53:41,942 INFO  [io.api.tes.ser.api.KafkaSerdesTester] (Thread-308) topic-bf2c2246_222b_4e0e_bc7e_998f97d793f1 0 2 header {
  time {
  }
}
d1: 1.753977221468E12
s1: "a"
i1: 123
bi1: 1
point {
  longitude: 22.0
  latitude: 22.0
  altitude: 1.0
}

2025-07-31 15:53:41,942 INFO  [io.api.tes.ser.api.KafkaSerdesTester] (Thread-308) topic-bf2c2246_222b_4e0e_bc7e_998f97d793f1 0 3 header {
  time {
  }
}
d1: 1.753977221472E12
s1: "a"
i1: 123
bi1: 1
point {
  longitude: 22.0
  latitude: 22.0
  altitude: 1.0
}

2025-07-31 15:53:41,942 INFO  [io.api.tes.ser.api.KafkaSerdesTester] (Thread-308) topic-bf2c2246_222b_4e0e_bc7e_998f97d793f1 0 4 header {
  time {
  }
}
d1: 1.753977221475E12
s1: "a"
i1: 123
bi1: 1
point {
  longitude: 22.0
  latitude: 22.0
  altitude: 1.0
}

2025-07-31 15:53:41,942 INFO  [io.api.tes.ser.api.KafkaSerdesTester] (Thread-308) topic-bf2c2246_222b_4e0e_bc7e_998f97d793f1 0 5 header {
  time {
  }
}
d1: 1.753977221477E12
s1: "a"
i1: 123
bi1: 1
point {
  longitude: 22.0
  latitude: 22.0
  altitude: 1.0
}

2025-07-31 15:53:41,942 INFO  [io.api.tes.ser.api.KafkaSerdesTester] (Thread-308) topic-bf2c2246_222b_4e0e_bc7e_998f97d793f1 0 6 header {
  time {
  }
}
d1: 1.753977221482E12
s1: "a"
i1: 123
bi1: 1
point {
  longitude: 22.0
  latitude: 22.0
  altitude: 1.0
}

2025-07-31 15:53:41,942 INFO  [io.api.tes.ser.api.KafkaSerdesTester] (Thread-308) topic-bf2c2246_222b_4e0e_bc7e_998f97d793f1 0 7 header {
  time {
  }
}
d1: 1.753977221485E12
s1: "a"
i1: 123
bi1: 1
point {
  longitude: 22.0
  latitude: 22.0
  altitude: 1.0
}

2025-07-31 15:53:41,943 INFO  [io.api.tes.ser.api.KafkaSerdesTester] (Thread-308) topic-bf2c2246_222b_4e0e_bc7e_998f97d793f1 0 8 header {
  time {
  }
}
d1: 1.753977221488E12
s1: "a"
i1: 123
bi1: 1
point {
  longitude: 22.0
  latitude: 22.0
  altitude: 1.0
}

2025-07-31 15:53:41,943 INFO  [io.api.tes.ser.api.KafkaSerdesTester] (Thread-308) topic-bf2c2246_222b_4e0e_bc7e_998f97d793f1 0 9 header {
  time {
  }
}
d1: 1.753977221491E12
s1: "a"
i1: 123
bi1: 1
point {
  longitude: 22.0
  latitude: 22.0
  altitude: 1.0
}

2025-07-31 15:53:41,943 INFO  [io.api.tes.ser.api.KafkaSerdesTester] (Thread-308) Consumed 10 messages
2025-07-31 15:53:41,946 INFO  [org.apa.kaf.cli.con.int.ConsumerRebalanceListenerInvoker] (Thread-308) [Consumer clientId=consumer-Consumer-topic-bf2c2246_222b_4e0e_bc7e_998f97d793f1-24, groupId=Consumer-topic-bf2c2246_222b_4e0e_bc7e_998f97d793f1] Revoke previously assigned partitions topic-bf2c2246_222b_4e0e_bc7e_998f97d793f1-0
2025-07-31 15:53:41,946 INFO  [org.apa.kaf.cli.con.int.ConsumerCoordinator] (Thread-308) [Consumer clientId=consumer-Consumer-topic-bf2c2246_222b_4e0e_bc7e_998f97d793f1-24, groupId=Consumer-topic-bf2c2246_222b_4e0e_bc7e_998f97d793f1] Member consumer-Consumer-topic-bf2c2246_222b_4e0e_bc7e_998f97d793f1-24-98c138fd-c970-495f-b2c8-448f0b1eb49e sending LeaveGroup request to coordinator localhost:32770 (id: 2147483647 rack: null) due to the consumer is being closed
2025-07-31 15:53:41,946 INFO  [org.apa.kaf.cli.con.int.ConsumerCoordinator] (Thread-308) [Consumer clientId=consumer-Consumer-topic-bf2c2246_222b_4e0e_bc7e_998f97d793f1-24, groupId=Consumer-topic-bf2c2246_222b_4e0e_bc7e_998f97d793f1] Resetting generation and member id due to: consumer pro-actively leaving the group
2025-07-31 15:53:41,946 INFO  [org.apa.kaf.cli.con.int.ConsumerCoordinator] (Thread-308) [Consumer clientId=consumer-Consumer-topic-bf2c2246_222b_4e0e_bc7e_998f97d793f1-24, groupId=Consumer-topic-bf2c2246_222b_4e0e_bc7e_998f97d793f1] Request joining group due to: consumer pro-actively leaving the group
2025-07-31 15:53:42,444 INFO  [org.apa.kaf.com.met.Metrics] (Thread-308) Metrics scheduler closed
2025-07-31 15:53:42,444 INFO  [org.apa.kaf.com.met.Metrics] (Thread-308) Closing reporter org.apache.kafka.common.metrics.JmxReporter
2025-07-31 15:53:42,444 INFO  [org.apa.kaf.com.met.Metrics] (Thread-308) Closing reporter org.apache.kafka.common.telemetry.internals.ClientTelemetryReporter
2025-07-31 15:53:42,444 INFO  [org.apa.kaf.com.met.Metrics] (Thread-308) Metrics reporters closed
2025-07-31 15:53:42,446 INFO  [org.apa.kaf.com.uti.AppInfoParser] (Thread-308) App info kafka.consumer for consumer-Consumer-topic-bf2c2246_222b_4e0e_bc7e_998f97d793f1-24 unregistered
2025-07-31 15:53:42,446 INFO  [io.api.tes.uti.TestSeparator] (main) io.apicurio.tests.serdes.apicurio.ProtobufSerdeIT.testAutoRegisterAndUseBody-FINISHED
2025-07-31 15:53:42,446 INFO  [io.api.tes.uti.TestSeparator] (main) ############################################################################
]]></system-out>
  </testcase>
  <testcase name="testValidation" classname="io.apicurio.tests.serdes.apicurio.ProtobufSerdeIT" time="8.52">
    <system-out><![CDATA[2025-07-31 15:53:42,447 INFO  [io.api.tes.uti.TestSeparator] (main) ############################################################################
2025-07-31 15:53:42,447 INFO  [io.api.tes.uti.TestSeparator] (main) io.apicurio.tests.serdes.apicurio.ProtobufSerdeIT.testValidation-STARTED
2025-07-31 15:53:44,774 INFO  [org.apa.kaf.cli.pro.ProducerConfig] (main) ProducerConfig values: 
	acks = -1
	auto.include.jmx.reporter = true
	batch.size = 16384
	bootstrap.servers = [PLAINTEXT://localhost:32770]
	buffer.memory = 33554432
	client.dns.lookup = use_all_dns_ips
	client.id = Producer-s9cd85071xa5eex4970x9091x284636e71943
	compression.gzip.level = -1
	compression.lz4.level = 9
	compression.type = none
	compression.zstd.level = 3
	connections.max.idle.ms = 10000
	delivery.timeout.ms = 120000
	enable.idempotence = true
	enable.metrics.push = true
	interceptor.classes = []
	key.serializer = class org.apache.kafka.common.serialization.StringSerializer
	linger.ms = 0
	max.block.ms = 60000
	max.in.flight.requests.per.connection = 5
	max.request.size = 1048576
	metadata.max.age.ms = 300000
	metadata.max.idle.ms = 300000
	metadata.recovery.strategy = none
	metric.reporters = []
	metrics.num.samples = 2
	metrics.recording.level = INFO
	metrics.sample.window.ms = 30000
	partitioner.adaptive.partitioning.enable = true
	partitioner.availability.timeout.ms = 0
	partitioner.class = null
	partitioner.ignore.keys = false
	receive.buffer.bytes = 32768
	reconnect.backoff.max.ms = 1000
	reconnect.backoff.ms = 50
	request.timeout.ms = 5000
	retries = 2147483647
	retry.backoff.max.ms = 1000
	retry.backoff.ms = 100
	sasl.client.callback.handler.class = null
	sasl.jaas.config = null
	sasl.kerberos.kinit.cmd = /usr/bin/kinit
	sasl.kerberos.min.time.before.relogin = 60000
	sasl.kerberos.service.name = null
	sasl.kerberos.ticket.renew.jitter = 0.05
	sasl.kerberos.ticket.renew.window.factor = 0.8
	sasl.login.callback.handler.class = null
	sasl.login.class = null
	sasl.login.connect.timeout.ms = null
	sasl.login.read.timeout.ms = null
	sasl.login.refresh.buffer.seconds = 300
	sasl.login.refresh.min.period.seconds = 60
	sasl.login.refresh.window.factor = 0.8
	sasl.login.refresh.window.jitter = 0.05
	sasl.login.retry.backoff.max.ms = 10000
	sasl.login.retry.backoff.ms = 100
	sasl.mechanism = GSSAPI
	sasl.oauthbearer.clock.skew.seconds = 30
	sasl.oauthbearer.expected.audience = null
	sasl.oauthbearer.expected.issuer = null
	sasl.oauthbearer.header.urlencode = false
	sasl.oauthbearer.jwks.endpoint.refresh.ms = 3600000
	sasl.oauthbearer.jwks.endpoint.retry.backoff.max.ms = 10000
	sasl.oauthbearer.jwks.endpoint.retry.backoff.ms = 100
	sasl.oauthbearer.jwks.endpoint.url = null
	sasl.oauthbearer.scope.claim.name = scope
	sasl.oauthbearer.sub.claim.name = sub
	sasl.oauthbearer.token.endpoint.url = null
	security.protocol = PLAINTEXT
	security.providers = null
	send.buffer.bytes = 131072
	socket.connection.setup.timeout.max.ms = 30000
	socket.connection.setup.timeout.ms = 10000
	ssl.cipher.suites = null
	ssl.enabled.protocols = [TLSv1.2, TLSv1.3]
	ssl.endpoint.identification.algorithm = https
	ssl.engine.factory.class = null
	ssl.key.password = null
	ssl.keymanager.algorithm = SunX509
	ssl.keystore.certificate.chain = null
	ssl.keystore.key = null
	ssl.keystore.location = null
	ssl.keystore.password = null
	ssl.keystore.type = JKS
	ssl.protocol = TLSv1.3
	ssl.provider = null
	ssl.secure.random.implementation = null
	ssl.trustmanager.algorithm = PKIX
	ssl.truststore.certificates = null
	ssl.truststore.location = null
	ssl.truststore.password = null
	ssl.truststore.type = JKS
	transaction.timeout.ms = 60000
	transactional.id = null
	value.serializer = class io.apicurio.registry.serde.protobuf.ProtobufKafkaSerializer

2025-07-31 15:53:44,774 INFO  [org.apa.kaf.com.tel.int.KafkaMetricsCollector] (main) initializing Kafka metrics collector
2025-07-31 15:53:44,777 INFO  [org.apa.kaf.cli.pro.KafkaProducer] (main) [Producer clientId=Producer-s9cd85071xa5eex4970x9091x284636e71943] Instantiated an idempotent producer.
2025-07-31 15:53:44,778 INFO  [org.apa.kaf.cli.pro.ProducerConfig] (main) These configurations '[apicurio.registry.headers.enabled, apicurio.registry.find-latest, apicurio.registry.url, apicurio.registry.artifact-resolver-strategy, apicurio.registry.artifact.version]' were supplied but are not used yet.
2025-07-31 15:53:44,778 INFO  [org.apa.kaf.com.uti.AppInfoParser] (main) Kafka version: 3.9.0
2025-07-31 15:53:44,778 INFO  [org.apa.kaf.com.uti.AppInfoParser] (main) Kafka commitId: 84caaa6e9da06435
2025-07-31 15:53:44,778 INFO  [org.apa.kaf.com.uti.AppInfoParser] (main) Kafka startTimeMs: 1753977224778
2025-07-31 15:53:44,778 INFO  [io.api.tes.ser.api.SimpleSerdesTesterBuilder$SimpleSerdesTester] (main) Using producer configuration: {apicurio.registry.headers.enabled=true, request.timeout.ms=5000, acks=all, bootstrap.servers=PLAINTEXT://localhost:32770, key.serializer=org.apache.kafka.common.serialization.StringSerializer, apicurio.registry.find-latest=false, apicurio.registry.url=http://registry-app-kafkasql.apps.ci419.apicurio-testing.org:80/apis/registry/v3, apicurio.registry.artifact-resolver-strategy=io.apicurio.registry.serde.strategy.TopicIdStrategy, value.serializer=io.apicurio.registry.serde.protobuf.ProtobufKafkaSerializer, connections.max.idle.ms=10000, apicurio.registry.artifact.version=1, client.id=Producer-s9cd85071xa5eex4970x9091x284636e71943}
2025-07-31 15:53:44,778 INFO  [io.api.tes.ser.api.SimpleSerdesTesterBuilder$SimpleSerdesTester] (main) Using consumer configuration: {apicurio.registry.headers.enabled=true}
2025-07-31 15:53:44,779 INFO  [io.api.tes.ser.api.KafkaSerdesTester] (Thread-311) Sending message header {
  time {
  }
}
d1: 1.753977224779E12
s1: "a"
i1: 123
bi1: 1
point {
  longitude: 22.0
  latitude: 22.0
  altitude: 1.0
}
 to topic s9cd85071xa5eex4970x9091x284636e71943
2025-07-31 15:53:44,781 INFO  [org.apa.kaf.cli.Metadata] (kafka-producer-network-thread | Producer-s9cd85071xa5eex4970x9091x284636e71943) [Producer clientId=Producer-s9cd85071xa5eex4970x9091x284636e71943] Cluster ID: k5QcScx1TGu5ZEx470RFLw
2025-07-31 15:53:44,782 INFO  [org.apa.kaf.cli.pro.int.TransactionManager] (kafka-producer-network-thread | Producer-s9cd85071xa5eex4970x9091x284636e71943) [Producer clientId=Producer-s9cd85071xa5eex4970x9091x284636e71943] ProducerId set to 34 with epoch 0
2025-07-31 15:53:46,071 INFO  [io.api.tes.ser.api.KafkaSerdesTester] (Thread-311) Sending message header {
  time {
  }
}
d1: 1.753977226071E12
s1: "a"
i1: 123
bi1: 1
point {
  longitude: 22.0
  latitude: 22.0
  altitude: 1.0
}
 to topic s9cd85071xa5eex4970x9091x284636e71943
2025-07-31 15:53:46,074 INFO  [io.api.tes.ser.api.KafkaSerdesTester] (Thread-311) Sending message header {
  time {
  }
}
d1: 1.753977226074E12
s1: "a"
i1: 123
bi1: 1
point {
  longitude: 22.0
  latitude: 22.0
  altitude: 1.0
}
 to topic s9cd85071xa5eex4970x9091x284636e71943
2025-07-31 15:53:46,076 INFO  [io.api.tes.ser.api.KafkaSerdesTester] (Thread-311) Sending message header {
  time {
  }
}
d1: 1.753977226076E12
s1: "a"
i1: 123
bi1: 1
point {
  longitude: 22.0
  latitude: 22.0
  altitude: 1.0
}
 to topic s9cd85071xa5eex4970x9091x284636e71943
2025-07-31 15:53:46,077 INFO  [io.api.tes.ser.api.KafkaSerdesTester] (Thread-311) Sending message header {
  time {
  }
}
d1: 1.753977226077E12
s1: "a"
i1: 123
bi1: 1
point {
  longitude: 22.0
  latitude: 22.0
  altitude: 1.0
}
 to topic s9cd85071xa5eex4970x9091x284636e71943
2025-07-31 15:53:46,079 INFO  [io.api.tes.ser.api.KafkaSerdesTester] (Thread-311) Sending message header {
  time {
  }
}
d1: 1.753977226079E12
s1: "a"
i1: 123
bi1: 1
point {
  longitude: 22.0
  latitude: 22.0
  altitude: 1.0
}
 to topic s9cd85071xa5eex4970x9091x284636e71943
2025-07-31 15:53:46,084 INFO  [io.api.tes.ser.api.KafkaSerdesTester] (Thread-311) Sending message header {
  time {
  }
}
d1: 1.753977226084E12
s1: "a"
i1: 123
bi1: 1
point {
  longitude: 22.0
  latitude: 22.0
  altitude: 1.0
}
 to topic s9cd85071xa5eex4970x9091x284636e71943
2025-07-31 15:53:46,086 INFO  [io.api.tes.ser.api.KafkaSerdesTester] (Thread-311) Sending message header {
  time {
  }
}
d1: 1.753977226086E12
s1: "a"
i1: 123
bi1: 1
point {
  longitude: 22.0
  latitude: 22.0
  altitude: 1.0
}
 to topic s9cd85071xa5eex4970x9091x284636e71943
2025-07-31 15:53:46,090 INFO  [io.api.tes.ser.api.KafkaSerdesTester] (Thread-311) Sending message header {
  time {
  }
}
d1: 1.753977226089E12
s1: "a"
i1: 123
bi1: 1
point {
  longitude: 22.0
  latitude: 22.0
  altitude: 1.0
}
 to topic s9cd85071xa5eex4970x9091x284636e71943
2025-07-31 15:53:46,091 INFO  [io.api.tes.ser.api.KafkaSerdesTester] (Thread-311) Sending message header {
  time {
  }
}
d1: 1.753977226091E12
s1: "a"
i1: 123
bi1: 1
point {
  longitude: 22.0
  latitude: 22.0
  altitude: 1.0
}
 to topic s9cd85071xa5eex4970x9091x284636e71943
2025-07-31 15:53:46,094 INFO  [io.api.tes.ser.api.KafkaSerdesTester] (Thread-311) Produced 10 messages
2025-07-31 15:53:46,094 INFO  [org.apa.kaf.cli.pro.KafkaProducer] (Thread-311) [Producer clientId=Producer-s9cd85071xa5eex4970x9091x284636e71943] Closing the Kafka producer with timeoutMillis = 9223372036854775807 ms.
2025-07-31 15:53:46,096 INFO  [org.apa.kaf.com.met.Metrics] (Thread-311) Metrics scheduler closed
2025-07-31 15:53:46,096 INFO  [org.apa.kaf.com.met.Metrics] (Thread-311) Closing reporter org.apache.kafka.common.metrics.JmxReporter
2025-07-31 15:53:46,096 INFO  [org.apa.kaf.com.met.Metrics] (Thread-311) Closing reporter org.apache.kafka.common.telemetry.internals.ClientTelemetryReporter
2025-07-31 15:53:46,096 INFO  [org.apa.kaf.com.met.Metrics] (Thread-311) Metrics reporters closed
2025-07-31 15:53:46,096 INFO  [org.apa.kaf.com.uti.AppInfoParser] (Thread-311) App info kafka.producer for Producer-s9cd85071xa5eex4970x9091x284636e71943 unregistered
2025-07-31 15:53:46,097 INFO  [org.apa.kaf.cli.con.ConsumerConfig] (main) ConsumerConfig values: 
	allow.auto.create.topics = true
	auto.commit.interval.ms = 500
	auto.include.jmx.reporter = true
	auto.offset.reset = earliest
	bootstrap.servers = [PLAINTEXT://localhost:32770]
	check.crcs = true
	client.dns.lookup = use_all_dns_ips
	client.id = consumer-Consumer-s9cd85071xa5eex4970x9091x284636e71943-25
	client.rack = 
	connections.max.idle.ms = 10000
	default.api.timeout.ms = 60000
	enable.auto.commit = true
	enable.metrics.push = true
	exclude.internal.topics = true
	fetch.max.bytes = 52428800
	fetch.max.wait.ms = 500
	fetch.min.bytes = 1
	group.id = Consumer-s9cd85071xa5eex4970x9091x284636e71943
	group.instance.id = null
	group.protocol = classic
	group.remote.assignor = null
	heartbeat.interval.ms = 3000
	interceptor.classes = []
	internal.leave.group.on.close = true
	internal.throw.on.fetch.stable.offset.unsupported = false
	isolation.level = read_uncommitted
	key.deserializer = class org.apache.kafka.common.serialization.StringDeserializer
	max.partition.fetch.bytes = 1048576
	max.poll.interval.ms = 300000
	max.poll.records = 500
	metadata.max.age.ms = 300000
	metadata.recovery.strategy = none
	metric.reporters = []
	metrics.num.samples = 2
	metrics.recording.level = INFO
	metrics.sample.window.ms = 30000
	partition.assignment.strategy = [class org.apache.kafka.clients.consumer.RangeAssignor, class org.apache.kafka.clients.consumer.CooperativeStickyAssignor]
	receive.buffer.bytes = 65536
	reconnect.backoff.max.ms = 1000
	reconnect.backoff.ms = 50
	request.timeout.ms = 5000
	retry.backoff.max.ms = 1000
	retry.backoff.ms = 100
	sasl.client.callback.handler.class = null
	sasl.jaas.config = null
	sasl.kerberos.kinit.cmd = /usr/bin/kinit
	sasl.kerberos.min.time.before.relogin = 60000
	sasl.kerberos.service.name = null
	sasl.kerberos.ticket.renew.jitter = 0.05
	sasl.kerberos.ticket.renew.window.factor = 0.8
	sasl.login.callback.handler.class = null
	sasl.login.class = null
	sasl.login.connect.timeout.ms = null
	sasl.login.read.timeout.ms = null
	sasl.login.refresh.buffer.seconds = 300
	sasl.login.refresh.min.period.seconds = 60
	sasl.login.refresh.window.factor = 0.8
	sasl.login.refresh.window.jitter = 0.05
	sasl.login.retry.backoff.max.ms = 10000
	sasl.login.retry.backoff.ms = 100
	sasl.mechanism = GSSAPI
	sasl.oauthbearer.clock.skew.seconds = 30
	sasl.oauthbearer.expected.audience = null
	sasl.oauthbearer.expected.issuer = null
	sasl.oauthbearer.header.urlencode = false
	sasl.oauthbearer.jwks.endpoint.refresh.ms = 3600000
	sasl.oauthbearer.jwks.endpoint.retry.backoff.max.ms = 10000
	sasl.oauthbearer.jwks.endpoint.retry.backoff.ms = 100
	sasl.oauthbearer.jwks.endpoint.url = null
	sasl.oauthbearer.scope.claim.name = scope
	sasl.oauthbearer.sub.claim.name = sub
	sasl.oauthbearer.token.endpoint.url = null
	security.protocol = PLAINTEXT
	security.providers = null
	send.buffer.bytes = 131072
	session.timeout.ms = 45000
	socket.connection.setup.timeout.max.ms = 30000
	socket.connection.setup.timeout.ms = 10000
	ssl.cipher.suites = null
	ssl.enabled.protocols = [TLSv1.2, TLSv1.3]
	ssl.endpoint.identification.algorithm = https
	ssl.engine.factory.class = null
	ssl.key.password = null
	ssl.keymanager.algorithm = SunX509
	ssl.keystore.certificate.chain = null
	ssl.keystore.key = null
	ssl.keystore.location = null
	ssl.keystore.password = null
	ssl.keystore.type = JKS
	ssl.protocol = TLSv1.3
	ssl.provider = null
	ssl.secure.random.implementation = null
	ssl.trustmanager.algorithm = PKIX
	ssl.truststore.certificates = null
	ssl.truststore.location = null
	ssl.truststore.password = null
	ssl.truststore.type = JKS
	value.deserializer = class io.apicurio.registry.serde.protobuf.ProtobufKafkaDeserializer

2025-07-31 15:53:46,097 INFO  [org.apa.kaf.com.tel.int.KafkaMetricsCollector] (main) initializing Kafka metrics collector
2025-07-31 15:53:46,105 INFO  [org.apa.kaf.cli.con.ConsumerConfig] (main) These configurations '[apicurio.registry.url, apicurio.registry.headers.enabled]' were supplied but are not used yet.
2025-07-31 15:53:46,105 INFO  [org.apa.kaf.com.uti.AppInfoParser] (main) Kafka version: 3.9.0
2025-07-31 15:53:46,105 INFO  [org.apa.kaf.com.uti.AppInfoParser] (main) Kafka commitId: 84caaa6e9da06435
2025-07-31 15:53:46,105 INFO  [org.apa.kaf.com.uti.AppInfoParser] (main) Kafka startTimeMs: 1753977226105
2025-07-31 15:53:46,105 INFO  [org.apa.kaf.cli.con.int.ClassicKafkaConsumer] (Thread-314) [Consumer clientId=consumer-Consumer-s9cd85071xa5eex4970x9091x284636e71943-25, groupId=Consumer-s9cd85071xa5eex4970x9091x284636e71943] Subscribed to topic(s): s9cd85071xa5eex4970x9091x284636e71943
2025-07-31 15:53:46,109 INFO  [org.apa.kaf.cli.Metadata] (Thread-314) [Consumer clientId=consumer-Consumer-s9cd85071xa5eex4970x9091x284636e71943-25, groupId=Consumer-s9cd85071xa5eex4970x9091x284636e71943] Cluster ID: k5QcScx1TGu5ZEx470RFLw
2025-07-31 15:53:46,110 INFO  [org.apa.kaf.cli.con.int.ConsumerCoordinator] (Thread-314) [Consumer clientId=consumer-Consumer-s9cd85071xa5eex4970x9091x284636e71943-25, groupId=Consumer-s9cd85071xa5eex4970x9091x284636e71943] Discovered group coordinator localhost:32770 (id: 2147483647 rack: null)
2025-07-31 15:53:46,112 INFO  [org.apa.kaf.cli.con.int.ConsumerCoordinator] (Thread-314) [Consumer clientId=consumer-Consumer-s9cd85071xa5eex4970x9091x284636e71943-25, groupId=Consumer-s9cd85071xa5eex4970x9091x284636e71943] (Re-)joining group
2025-07-31 15:53:46,115 INFO  [org.apa.kaf.cli.con.int.ConsumerCoordinator] (Thread-314) [Consumer clientId=consumer-Consumer-s9cd85071xa5eex4970x9091x284636e71943-25, groupId=Consumer-s9cd85071xa5eex4970x9091x284636e71943] Request joining group due to: need to re-join with the given member-id: consumer-Consumer-s9cd85071xa5eex4970x9091x284636e71943-25-fb7af5b0-e32a-4601-b6bd-30fe666d25be
2025-07-31 15:53:46,116 INFO  [org.apa.kaf.cli.con.int.ConsumerCoordinator] (Thread-314) [Consumer clientId=consumer-Consumer-s9cd85071xa5eex4970x9091x284636e71943-25, groupId=Consumer-s9cd85071xa5eex4970x9091x284636e71943] (Re-)joining group
2025-07-31 15:53:46,117 INFO  [org.apa.kaf.cli.con.int.ConsumerCoordinator] (Thread-314) [Consumer clientId=consumer-Consumer-s9cd85071xa5eex4970x9091x284636e71943-25, groupId=Consumer-s9cd85071xa5eex4970x9091x284636e71943] Successfully joined group with generation Generation{generationId=1, memberId='consumer-Consumer-s9cd85071xa5eex4970x9091x284636e71943-25-fb7af5b0-e32a-4601-b6bd-30fe666d25be', protocol='range'}
2025-07-31 15:53:46,118 INFO  [org.apa.kaf.cli.con.int.ConsumerCoordinator] (Thread-314) [Consumer clientId=consumer-Consumer-s9cd85071xa5eex4970x9091x284636e71943-25, groupId=Consumer-s9cd85071xa5eex4970x9091x284636e71943] Finished assignment for group at generation 1: {consumer-Consumer-s9cd85071xa5eex4970x9091x284636e71943-25-fb7af5b0-e32a-4601-b6bd-30fe666d25be=Assignment(partitions=[s9cd85071xa5eex4970x9091x284636e71943-0])}
2025-07-31 15:53:46,123 INFO  [org.apa.kaf.cli.con.int.ConsumerCoordinator] (Thread-314) [Consumer clientId=consumer-Consumer-s9cd85071xa5eex4970x9091x284636e71943-25, groupId=Consumer-s9cd85071xa5eex4970x9091x284636e71943] Successfully synced group in generation Generation{generationId=1, memberId='consumer-Consumer-s9cd85071xa5eex4970x9091x284636e71943-25-fb7af5b0-e32a-4601-b6bd-30fe666d25be', protocol='range'}
2025-07-31 15:53:46,123 INFO  [org.apa.kaf.cli.con.int.ConsumerCoordinator] (Thread-314) [Consumer clientId=consumer-Consumer-s9cd85071xa5eex4970x9091x284636e71943-25, groupId=Consumer-s9cd85071xa5eex4970x9091x284636e71943] Notifying assignor about the new Assignment(partitions=[s9cd85071xa5eex4970x9091x284636e71943-0])
2025-07-31 15:53:46,123 INFO  [org.apa.kaf.cli.con.int.ConsumerRebalanceListenerInvoker] (Thread-314) [Consumer clientId=consumer-Consumer-s9cd85071xa5eex4970x9091x284636e71943-25, groupId=Consumer-s9cd85071xa5eex4970x9091x284636e71943] Adding newly assigned partitions: s9cd85071xa5eex4970x9091x284636e71943-0
2025-07-31 15:53:46,124 INFO  [org.apa.kaf.cli.con.int.ConsumerCoordinator] (Thread-314) [Consumer clientId=consumer-Consumer-s9cd85071xa5eex4970x9091x284636e71943-25, groupId=Consumer-s9cd85071xa5eex4970x9091x284636e71943] Found no committed offset for partition s9cd85071xa5eex4970x9091x284636e71943-0
2025-07-31 15:53:46,130 INFO  [org.apa.kaf.cli.con.int.SubscriptionState] (Thread-314) [Consumer clientId=consumer-Consumer-s9cd85071xa5eex4970x9091x284636e71943-25, groupId=Consumer-s9cd85071xa5eex4970x9091x284636e71943] Resetting offset for partition s9cd85071xa5eex4970x9091x284636e71943-0 to position FetchPosition{offset=0, offsetEpoch=Optional.empty, currentLeader=LeaderAndEpoch{leader=Optional[localhost:32770 (id: 0 rack: null)], epoch=0}}.
2025-07-31 15:53:46,374 INFO  [io.api.tes.ser.api.KafkaSerdesTester] (Thread-314) s9cd85071xa5eex4970x9091x284636e71943 0 0 header {
  time {
  }
}
d1: 1.753977224779E12
s1: "a"
i1: 123
bi1: 1
point {
  longitude: 22.0
  latitude: 22.0
  altitude: 1.0
}

2025-07-31 15:53:46,374 INFO  [io.api.tes.ser.api.KafkaSerdesTester] (Thread-314) s9cd85071xa5eex4970x9091x284636e71943 0 1 header {
  time {
  }
}
d1: 1.753977226071E12
s1: "a"
i1: 123
bi1: 1
point {
  longitude: 22.0
  latitude: 22.0
  altitude: 1.0
}

2025-07-31 15:53:46,374 INFO  [io.api.tes.ser.api.KafkaSerdesTester] (Thread-314) s9cd85071xa5eex4970x9091x284636e71943 0 2 header {
  time {
  }
}
d1: 1.753977226074E12
s1: "a"
i1: 123
bi1: 1
point {
  longitude: 22.0
  latitude: 22.0
  altitude: 1.0
}

2025-07-31 15:53:46,374 INFO  [io.api.tes.ser.api.KafkaSerdesTester] (Thread-314) s9cd85071xa5eex4970x9091x284636e71943 0 3 header {
  time {
  }
}
d1: 1.753977226076E12
s1: "a"
i1: 123
bi1: 1
point {
  longitude: 22.0
  latitude: 22.0
  altitude: 1.0
}

2025-07-31 15:53:46,375 INFO  [io.api.tes.ser.api.KafkaSerdesTester] (Thread-314) s9cd85071xa5eex4970x9091x284636e71943 0 4 header {
  time {
  }
}
d1: 1.753977226077E12
s1: "a"
i1: 123
bi1: 1
point {
  longitude: 22.0
  latitude: 22.0
  altitude: 1.0
}

2025-07-31 15:53:46,375 INFO  [io.api.tes.ser.api.KafkaSerdesTester] (Thread-314) s9cd85071xa5eex4970x9091x284636e71943 0 5 header {
  time {
  }
}
d1: 1.753977226079E12
s1: "a"
i1: 123
bi1: 1
point {
  longitude: 22.0
  latitude: 22.0
  altitude: 1.0
}

2025-07-31 15:53:46,375 INFO  [io.api.tes.ser.api.KafkaSerdesTester] (Thread-314) s9cd85071xa5eex4970x9091x284636e71943 0 6 header {
  time {
  }
}
d1: 1.753977226084E12
s1: "a"
i1: 123
bi1: 1
point {
  longitude: 22.0
  latitude: 22.0
  altitude: 1.0
}

2025-07-31 15:53:46,375 INFO  [io.api.tes.ser.api.KafkaSerdesTester] (Thread-314) s9cd85071xa5eex4970x9091x284636e71943 0 7 header {
  time {
  }
}
d1: 1.753977226086E12
s1: "a"
i1: 123
bi1: 1
point {
  longitude: 22.0
  latitude: 22.0
  altitude: 1.0
}

2025-07-31 15:53:46,375 INFO  [io.api.tes.ser.api.KafkaSerdesTester] (Thread-314) s9cd85071xa5eex4970x9091x284636e71943 0 8 header {
  time {
  }
}
d1: 1.753977226089E12
s1: "a"
i1: 123
bi1: 1
point {
  longitude: 22.0
  latitude: 22.0
  altitude: 1.0
}

2025-07-31 15:53:46,375 INFO  [io.api.tes.ser.api.KafkaSerdesTester] (Thread-314) s9cd85071xa5eex4970x9091x284636e71943 0 9 header {
  time {
  }
}
d1: 1.753977226091E12
s1: "a"
i1: 123
bi1: 1
point {
  longitude: 22.0
  latitude: 22.0
  altitude: 1.0
}

2025-07-31 15:53:46,375 INFO  [io.api.tes.ser.api.KafkaSerdesTester] (Thread-314) Consumed 10 messages
2025-07-31 15:53:46,377 INFO  [org.apa.kaf.cli.con.int.ConsumerRebalanceListenerInvoker] (Thread-314) [Consumer clientId=consumer-Consumer-s9cd85071xa5eex4970x9091x284636e71943-25, groupId=Consumer-s9cd85071xa5eex4970x9091x284636e71943] Revoke previously assigned partitions s9cd85071xa5eex4970x9091x284636e71943-0
2025-07-31 15:53:46,378 INFO  [org.apa.kaf.cli.con.int.ConsumerCoordinator] (Thread-314) [Consumer clientId=consumer-Consumer-s9cd85071xa5eex4970x9091x284636e71943-25, groupId=Consumer-s9cd85071xa5eex4970x9091x284636e71943] Member consumer-Consumer-s9cd85071xa5eex4970x9091x284636e71943-25-fb7af5b0-e32a-4601-b6bd-30fe666d25be sending LeaveGroup request to coordinator localhost:32770 (id: 2147483647 rack: null) due to the consumer is being closed
2025-07-31 15:53:46,379 INFO  [org.apa.kaf.cli.con.int.ConsumerCoordinator] (Thread-314) [Consumer clientId=consumer-Consumer-s9cd85071xa5eex4970x9091x284636e71943-25, groupId=Consumer-s9cd85071xa5eex4970x9091x284636e71943] Resetting generation and member id due to: consumer pro-actively leaving the group
2025-07-31 15:53:46,379 INFO  [org.apa.kaf.cli.con.int.ConsumerCoordinator] (Thread-314) [Consumer clientId=consumer-Consumer-s9cd85071xa5eex4970x9091x284636e71943-25, groupId=Consumer-s9cd85071xa5eex4970x9091x284636e71943] Request joining group due to: consumer pro-actively leaving the group
2025-07-31 15:53:46,874 INFO  [org.apa.kaf.com.met.Metrics] (Thread-314) Metrics scheduler closed
2025-07-31 15:53:46,874 INFO  [org.apa.kaf.com.met.Metrics] (Thread-314) Closing reporter org.apache.kafka.common.metrics.JmxReporter
2025-07-31 15:53:46,874 INFO  [org.apa.kaf.com.met.Metrics] (Thread-314) Closing reporter org.apache.kafka.common.telemetry.internals.ClientTelemetryReporter
2025-07-31 15:53:46,874 INFO  [org.apa.kaf.com.met.Metrics] (Thread-314) Metrics reporters closed
2025-07-31 15:53:46,876 INFO  [org.apa.kaf.com.uti.AppInfoParser] (Thread-314) App info kafka.consumer for consumer-Consumer-s9cd85071xa5eex4970x9091x284636e71943-25 unregistered
2025-07-31 15:53:46,877 INFO  [org.apa.kaf.cli.pro.ProducerConfig] (main) ProducerConfig values: 
	acks = -1
	auto.include.jmx.reporter = true
	batch.size = 16384
	bootstrap.servers = [PLAINTEXT://localhost:32770]
	buffer.memory = 33554432
	client.dns.lookup = use_all_dns_ips
	client.id = Producer-s9cd85071xa5eex4970x9091x284636e71943
	compression.gzip.level = -1
	compression.lz4.level = 9
	compression.type = none
	compression.zstd.level = 3
	connections.max.idle.ms = 10000
	delivery.timeout.ms = 120000
	enable.idempotence = true
	enable.metrics.push = true
	interceptor.classes = []
	key.serializer = class org.apache.kafka.common.serialization.StringSerializer
	linger.ms = 0
	max.block.ms = 60000
	max.in.flight.requests.per.connection = 5
	max.request.size = 1048576
	metadata.max.age.ms = 300000
	metadata.max.idle.ms = 300000
	metadata.recovery.strategy = none
	metric.reporters = []
	metrics.num.samples = 2
	metrics.recording.level = INFO
	metrics.sample.window.ms = 30000
	partitioner.adaptive.partitioning.enable = true
	partitioner.availability.timeout.ms = 0
	partitioner.class = null
	partitioner.ignore.keys = false
	receive.buffer.bytes = 32768
	reconnect.backoff.max.ms = 1000
	reconnect.backoff.ms = 50
	request.timeout.ms = 5000
	retries = 2147483647
	retry.backoff.max.ms = 1000
	retry.backoff.ms = 100
	sasl.client.callback.handler.class = null
	sasl.jaas.config = null
	sasl.kerberos.kinit.cmd = /usr/bin/kinit
	sasl.kerberos.min.time.before.relogin = 60000
	sasl.kerberos.service.name = null
	sasl.kerberos.ticket.renew.jitter = 0.05
	sasl.kerberos.ticket.renew.window.factor = 0.8
	sasl.login.callback.handler.class = null
	sasl.login.class = null
	sasl.login.connect.timeout.ms = null
	sasl.login.read.timeout.ms = null
	sasl.login.refresh.buffer.seconds = 300
	sasl.login.refresh.min.period.seconds = 60
	sasl.login.refresh.window.factor = 0.8
	sasl.login.refresh.window.jitter = 0.05
	sasl.login.retry.backoff.max.ms = 10000
	sasl.login.retry.backoff.ms = 100
	sasl.mechanism = GSSAPI
	sasl.oauthbearer.clock.skew.seconds = 30
	sasl.oauthbearer.expected.audience = null
	sasl.oauthbearer.expected.issuer = null
	sasl.oauthbearer.header.urlencode = false
	sasl.oauthbearer.jwks.endpoint.refresh.ms = 3600000
	sasl.oauthbearer.jwks.endpoint.retry.backoff.max.ms = 10000
	sasl.oauthbearer.jwks.endpoint.retry.backoff.ms = 100
	sasl.oauthbearer.jwks.endpoint.url = null
	sasl.oauthbearer.scope.claim.name = scope
	sasl.oauthbearer.sub.claim.name = sub
	sasl.oauthbearer.token.endpoint.url = null
	security.protocol = PLAINTEXT
	security.providers = null
	send.buffer.bytes = 131072
	socket.connection.setup.timeout.max.ms = 30000
	socket.connection.setup.timeout.ms = 10000
	ssl.cipher.suites = null
	ssl.enabled.protocols = [TLSv1.2, TLSv1.3]
	ssl.endpoint.identification.algorithm = https
	ssl.engine.factory.class = null
	ssl.key.password = null
	ssl.keymanager.algorithm = SunX509
	ssl.keystore.certificate.chain = null
	ssl.keystore.key = null
	ssl.keystore.location = null
	ssl.keystore.password = null
	ssl.keystore.type = JKS
	ssl.protocol = TLSv1.3
	ssl.provider = null
	ssl.secure.random.implementation = null
	ssl.trustmanager.algorithm = PKIX
	ssl.truststore.certificates = null
	ssl.truststore.location = null
	ssl.truststore.password = null
	ssl.truststore.type = JKS
	transaction.timeout.ms = 60000
	transactional.id = null
	value.serializer = class io.apicurio.registry.serde.protobuf.ProtobufKafkaSerializer

2025-07-31 15:53:46,877 INFO  [org.apa.kaf.com.tel.int.KafkaMetricsCollector] (main) initializing Kafka metrics collector
2025-07-31 15:53:46,880 INFO  [org.apa.kaf.cli.pro.KafkaProducer] (main) [Producer clientId=Producer-s9cd85071xa5eex4970x9091x284636e71943] Instantiated an idempotent producer.
2025-07-31 15:53:46,882 INFO  [org.apa.kaf.cli.pro.ProducerConfig] (main) These configurations '[apicurio.registry.find-latest, apicurio.registry.url, apicurio.registry.headers.enabled, apicurio.registry.artifact-resolver-strategy]' were supplied but are not used yet.
2025-07-31 15:53:46,882 INFO  [org.apa.kaf.com.uti.AppInfoParser] (main) Kafka version: 3.9.0
2025-07-31 15:53:46,882 INFO  [org.apa.kaf.com.uti.AppInfoParser] (main) Kafka commitId: 84caaa6e9da06435
2025-07-31 15:53:46,882 INFO  [org.apa.kaf.com.uti.AppInfoParser] (main) Kafka startTimeMs: 1753977226882
2025-07-31 15:53:46,882 INFO  [io.api.tes.ser.api.SimpleSerdesTesterBuilder$SimpleSerdesTester] (main) Using producer configuration: {apicurio.registry.find-latest=false, apicurio.registry.url=http://registry-app-kafkasql.apps.ci419.apicurio-testing.org:80/apis/registry/v3, apicurio.registry.headers.enabled=true, apicurio.registry.artifact-resolver-strategy=io.apicurio.registry.serde.strategy.TopicIdStrategy, value.serializer=io.apicurio.registry.serde.protobuf.ProtobufKafkaSerializer, request.timeout.ms=5000, acks=all, bootstrap.servers=PLAINTEXT://localhost:32770, connections.max.idle.ms=10000, key.serializer=org.apache.kafka.common.serialization.StringSerializer, client.id=Producer-s9cd85071xa5eex4970x9091x284636e71943}
2025-07-31 15:53:46,882 INFO  [io.api.tes.ser.api.SimpleSerdesTesterBuilder$SimpleSerdesTester] (main) Using consumer configuration: {apicurio.registry.headers.enabled=true}
2025-07-31 15:53:46,884 INFO  [io.api.tes.ser.api.KafkaSerdesTester] (Thread-317) Sending message header {
  time {
  }
}
d1: 1.753977226884E12
s1: "a"
i1: 123
bi1: 1
point {
  longitude: 22.0
  latitude: 22.0
  altitude: 1.0
}
 to topic s9cd85071xa5eex4970x9091x284636e71943
2025-07-31 15:53:46,886 INFO  [org.apa.kaf.cli.Metadata] (kafka-producer-network-thread | Producer-s9cd85071xa5eex4970x9091x284636e71943) [Producer clientId=Producer-s9cd85071xa5eex4970x9091x284636e71943] Cluster ID: k5QcScx1TGu5ZEx470RFLw
2025-07-31 15:53:46,887 INFO  [DefaultSchemaResolver] (Thread-317) Retrieving schema content using string: // Proto schema formatted by Wire, do not edit.
// Source: 

syntax = "proto3";

package io.apicurio.tests.protobuf;

import "google/protobuf/timestamp.proto";

option java_multiple_files = true;

message ProtobufTestMessage {
  .io.apicurio.tests.protobuf.Header header = 1;

  double d1 = 2;

  string s1 = 4;

  int32 i1 = 7;

  int64 bi1 = 12;

  .google.protobuf.Timestamp state_time = 22;

  .io.apicurio.tests.protobuf.Point point = 30;
}

message Header {
  .google.protobuf.Timestamp time = 1;

  string source = 2;

  string destination = 3;

  string uuid = 4;

  repeated string source_uuids = 5;

  string message_type_id = 6;

  string raw_message = 7;
}

message Point {
  oneof longitude_oneof {
    double longitude = 1;
  }

  oneof latitude_oneof {
    double latitude = 2;
  }

  oneof altitude_oneof {
    double altitude = 3;
  }
}

2025-07-31 15:53:46,888 INFO  [org.apa.kaf.cli.pro.int.TransactionManager] (kafka-producer-network-thread | Producer-s9cd85071xa5eex4970x9091x284636e71943) [Producer clientId=Producer-s9cd85071xa5eex4970x9091x284636e71943] ProducerId set to 35 with epoch 0
2025-07-31 15:53:47,012 INFO  [io.api.tes.ser.api.KafkaSerdesTester] (Thread-317) Sending message header {
  time {
  }
}
d1: 1.753977227012E12
s1: "a"
i1: 123
bi1: 1
point {
  longitude: 22.0
  latitude: 22.0
  altitude: 1.0
}
 to topic s9cd85071xa5eex4970x9091x284636e71943
2025-07-31 15:53:47,014 INFO  [io.api.tes.ser.api.KafkaSerdesTester] (Thread-317) Sending message header {
  time {
  }
}
d1: 1.753977227014E12
s1: "a"
i1: 123
bi1: 1
point {
  longitude: 22.0
  latitude: 22.0
  altitude: 1.0
}
 to topic s9cd85071xa5eex4970x9091x284636e71943
2025-07-31 15:53:47,015 INFO  [io.api.tes.ser.api.KafkaSerdesTester] (Thread-317) Sending message header {
  time {
  }
}
d1: 1.753977227015E12
s1: "a"
i1: 123
bi1: 1
point {
  longitude: 22.0
  latitude: 22.0
  altitude: 1.0
}
 to topic s9cd85071xa5eex4970x9091x284636e71943
2025-07-31 15:53:47,017 INFO  [io.api.tes.ser.api.KafkaSerdesTester] (Thread-317) Sending message header {
  time {
  }
}
d1: 1.753977227017E12
s1: "a"
i1: 123
bi1: 1
point {
  longitude: 22.0
  latitude: 22.0
  altitude: 1.0
}
 to topic s9cd85071xa5eex4970x9091x284636e71943
2025-07-31 15:53:47,019 INFO  [io.api.tes.ser.api.KafkaSerdesTester] (Thread-317) Sending message header {
  time {
  }
}
d1: 1.753977227019E12
s1: "a"
i1: 123
bi1: 1
point {
  longitude: 22.0
  latitude: 22.0
  altitude: 1.0
}
 to topic s9cd85071xa5eex4970x9091x284636e71943
2025-07-31 15:53:47,021 INFO  [io.api.tes.ser.api.KafkaSerdesTester] (Thread-317) Sending message header {
  time {
  }
}
d1: 1.753977227021E12
s1: "a"
i1: 123
bi1: 1
point {
  longitude: 22.0
  latitude: 22.0
  altitude: 1.0
}
 to topic s9cd85071xa5eex4970x9091x284636e71943
2025-07-31 15:53:47,023 INFO  [io.api.tes.ser.api.KafkaSerdesTester] (Thread-317) Sending message header {
  time {
  }
}
d1: 1.753977227023E12
s1: "a"
i1: 123
bi1: 1
point {
  longitude: 22.0
  latitude: 22.0
  altitude: 1.0
}
 to topic s9cd85071xa5eex4970x9091x284636e71943
2025-07-31 15:53:47,025 INFO  [io.api.tes.ser.api.KafkaSerdesTester] (Thread-317) Sending message header {
  time {
  }
}
d1: 1.753977227025E12
s1: "a"
i1: 123
bi1: 1
point {
  longitude: 22.0
  latitude: 22.0
  altitude: 1.0
}
 to topic s9cd85071xa5eex4970x9091x284636e71943
2025-07-31 15:53:47,027 INFO  [io.api.tes.ser.api.KafkaSerdesTester] (Thread-317) Sending message header {
  time {
  }
}
d1: 1.753977227027E12
s1: "a"
i1: 123
bi1: 1
point {
  longitude: 22.0
  latitude: 22.0
  altitude: 1.0
}
 to topic s9cd85071xa5eex4970x9091x284636e71943
2025-07-31 15:53:47,029 INFO  [io.api.tes.ser.api.KafkaSerdesTester] (Thread-317) Produced 10 messages
2025-07-31 15:53:47,029 INFO  [org.apa.kaf.cli.pro.KafkaProducer] (Thread-317) [Producer clientId=Producer-s9cd85071xa5eex4970x9091x284636e71943] Closing the Kafka producer with timeoutMillis = 9223372036854775807 ms.
2025-07-31 15:53:47,031 INFO  [org.apa.kaf.com.met.Metrics] (Thread-317) Metrics scheduler closed
2025-07-31 15:53:47,031 INFO  [org.apa.kaf.com.met.Metrics] (Thread-317) Closing reporter org.apache.kafka.common.metrics.JmxReporter
2025-07-31 15:53:47,031 INFO  [org.apa.kaf.com.met.Metrics] (Thread-317) Closing reporter org.apache.kafka.common.telemetry.internals.ClientTelemetryReporter
2025-07-31 15:53:47,031 INFO  [org.apa.kaf.com.met.Metrics] (Thread-317) Metrics reporters closed
2025-07-31 15:53:47,031 INFO  [org.apa.kaf.com.uti.AppInfoParser] (Thread-317) App info kafka.producer for Producer-s9cd85071xa5eex4970x9091x284636e71943 unregistered
2025-07-31 15:53:47,032 INFO  [org.apa.kaf.cli.con.ConsumerConfig] (main) ConsumerConfig values: 
	allow.auto.create.topics = true
	auto.commit.interval.ms = 500
	auto.include.jmx.reporter = true
	auto.offset.reset = earliest
	bootstrap.servers = [PLAINTEXT://localhost:32770]
	check.crcs = true
	client.dns.lookup = use_all_dns_ips
	client.id = consumer-Consumer-s9cd85071xa5eex4970x9091x284636e71943-26
	client.rack = 
	connections.max.idle.ms = 10000
	default.api.timeout.ms = 60000
	enable.auto.commit = true
	enable.metrics.push = true
	exclude.internal.topics = true
	fetch.max.bytes = 52428800
	fetch.max.wait.ms = 500
	fetch.min.bytes = 1
	group.id = Consumer-s9cd85071xa5eex4970x9091x284636e71943
	group.instance.id = null
	group.protocol = classic
	group.remote.assignor = null
	heartbeat.interval.ms = 3000
	interceptor.classes = []
	internal.leave.group.on.close = true
	internal.throw.on.fetch.stable.offset.unsupported = false
	isolation.level = read_uncommitted
	key.deserializer = class org.apache.kafka.common.serialization.StringDeserializer
	max.partition.fetch.bytes = 1048576
	max.poll.interval.ms = 300000
	max.poll.records = 500
	metadata.max.age.ms = 300000
	metadata.recovery.strategy = none
	metric.reporters = []
	metrics.num.samples = 2
	metrics.recording.level = INFO
	metrics.sample.window.ms = 30000
	partition.assignment.strategy = [class org.apache.kafka.clients.consumer.RangeAssignor, class org.apache.kafka.clients.consumer.CooperativeStickyAssignor]
	receive.buffer.bytes = 65536
	reconnect.backoff.max.ms = 1000
	reconnect.backoff.ms = 50
	request.timeout.ms = 5000
	retry.backoff.max.ms = 1000
	retry.backoff.ms = 100
	sasl.client.callback.handler.class = null
	sasl.jaas.config = null
	sasl.kerberos.kinit.cmd = /usr/bin/kinit
	sasl.kerberos.min.time.before.relogin = 60000
	sasl.kerberos.service.name = null
	sasl.kerberos.ticket.renew.jitter = 0.05
	sasl.kerberos.ticket.renew.window.factor = 0.8
	sasl.login.callback.handler.class = null
	sasl.login.class = null
	sasl.login.connect.timeout.ms = null
	sasl.login.read.timeout.ms = null
	sasl.login.refresh.buffer.seconds = 300
	sasl.login.refresh.min.period.seconds = 60
	sasl.login.refresh.window.factor = 0.8
	sasl.login.refresh.window.jitter = 0.05
	sasl.login.retry.backoff.max.ms = 10000
	sasl.login.retry.backoff.ms = 100
	sasl.mechanism = GSSAPI
	sasl.oauthbearer.clock.skew.seconds = 30
	sasl.oauthbearer.expected.audience = null
	sasl.oauthbearer.expected.issuer = null
	sasl.oauthbearer.header.urlencode = false
	sasl.oauthbearer.jwks.endpoint.refresh.ms = 3600000
	sasl.oauthbearer.jwks.endpoint.retry.backoff.max.ms = 10000
	sasl.oauthbearer.jwks.endpoint.retry.backoff.ms = 100
	sasl.oauthbearer.jwks.endpoint.url = null
	sasl.oauthbearer.scope.claim.name = scope
	sasl.oauthbearer.sub.claim.name = sub
	sasl.oauthbearer.token.endpoint.url = null
	security.protocol = PLAINTEXT
	security.providers = null
	send.buffer.bytes = 131072
	session.timeout.ms = 45000
	socket.connection.setup.timeout.max.ms = 30000
	socket.connection.setup.timeout.ms = 10000
	ssl.cipher.suites = null
	ssl.enabled.protocols = [TLSv1.2, TLSv1.3]
	ssl.endpoint.identification.algorithm = https
	ssl.engine.factory.class = null
	ssl.key.password = null
	ssl.keymanager.algorithm = SunX509
	ssl.keystore.certificate.chain = null
	ssl.keystore.key = null
	ssl.keystore.location = null
	ssl.keystore.password = null
	ssl.keystore.type = JKS
	ssl.protocol = TLSv1.3
	ssl.provider = null
	ssl.secure.random.implementation = null
	ssl.trustmanager.algorithm = PKIX
	ssl.truststore.certificates = null
	ssl.truststore.location = null
	ssl.truststore.password = null
	ssl.truststore.type = JKS
	value.deserializer = class io.apicurio.registry.serde.protobuf.ProtobufKafkaDeserializer

2025-07-31 15:53:47,032 INFO  [org.apa.kaf.com.tel.int.KafkaMetricsCollector] (main) initializing Kafka metrics collector
2025-07-31 15:53:47,037 INFO  [org.apa.kaf.cli.con.ConsumerConfig] (main) These configurations '[apicurio.registry.url, apicurio.registry.headers.enabled]' were supplied but are not used yet.
2025-07-31 15:53:47,037 INFO  [org.apa.kaf.com.uti.AppInfoParser] (main) Kafka version: 3.9.0
2025-07-31 15:53:47,037 INFO  [org.apa.kaf.com.uti.AppInfoParser] (main) Kafka commitId: 84caaa6e9da06435
2025-07-31 15:53:47,037 INFO  [org.apa.kaf.com.uti.AppInfoParser] (main) Kafka startTimeMs: 1753977227037
2025-07-31 15:53:47,037 INFO  [org.apa.kaf.cli.con.int.ClassicKafkaConsumer] (Thread-320) [Consumer clientId=consumer-Consumer-s9cd85071xa5eex4970x9091x284636e71943-26, groupId=Consumer-s9cd85071xa5eex4970x9091x284636e71943] Subscribed to topic(s): s9cd85071xa5eex4970x9091x284636e71943
2025-07-31 15:53:47,040 INFO  [org.apa.kaf.cli.Metadata] (Thread-320) [Consumer clientId=consumer-Consumer-s9cd85071xa5eex4970x9091x284636e71943-26, groupId=Consumer-s9cd85071xa5eex4970x9091x284636e71943] Cluster ID: k5QcScx1TGu5ZEx470RFLw
2025-07-31 15:53:47,040 INFO  [org.apa.kaf.cli.con.int.ConsumerCoordinator] (Thread-320) [Consumer clientId=consumer-Consumer-s9cd85071xa5eex4970x9091x284636e71943-26, groupId=Consumer-s9cd85071xa5eex4970x9091x284636e71943] Discovered group coordinator localhost:32770 (id: 2147483647 rack: null)
2025-07-31 15:53:47,041 INFO  [org.apa.kaf.cli.con.int.ConsumerCoordinator] (Thread-320) [Consumer clientId=consumer-Consumer-s9cd85071xa5eex4970x9091x284636e71943-26, groupId=Consumer-s9cd85071xa5eex4970x9091x284636e71943] (Re-)joining group
2025-07-31 15:53:47,043 INFO  [org.apa.kaf.cli.con.int.ConsumerCoordinator] (Thread-320) [Consumer clientId=consumer-Consumer-s9cd85071xa5eex4970x9091x284636e71943-26, groupId=Consumer-s9cd85071xa5eex4970x9091x284636e71943] Request joining group due to: need to re-join with the given member-id: consumer-Consumer-s9cd85071xa5eex4970x9091x284636e71943-26-d87764ec-d5f4-438b-8cd2-b32d7f1805dc
2025-07-31 15:53:47,043 INFO  [org.apa.kaf.cli.con.int.ConsumerCoordinator] (Thread-320) [Consumer clientId=consumer-Consumer-s9cd85071xa5eex4970x9091x284636e71943-26, groupId=Consumer-s9cd85071xa5eex4970x9091x284636e71943] (Re-)joining group
2025-07-31 15:53:47,045 INFO  [org.apa.kaf.cli.con.int.ConsumerCoordinator] (Thread-320) [Consumer clientId=consumer-Consumer-s9cd85071xa5eex4970x9091x284636e71943-26, groupId=Consumer-s9cd85071xa5eex4970x9091x284636e71943] Successfully joined group with generation Generation{generationId=3, memberId='consumer-Consumer-s9cd85071xa5eex4970x9091x284636e71943-26-d87764ec-d5f4-438b-8cd2-b32d7f1805dc', protocol='range'}
2025-07-31 15:53:47,045 INFO  [org.apa.kaf.cli.con.int.ConsumerCoordinator] (Thread-320) [Consumer clientId=consumer-Consumer-s9cd85071xa5eex4970x9091x284636e71943-26, groupId=Consumer-s9cd85071xa5eex4970x9091x284636e71943] Finished assignment for group at generation 3: {consumer-Consumer-s9cd85071xa5eex4970x9091x284636e71943-26-d87764ec-d5f4-438b-8cd2-b32d7f1805dc=Assignment(partitions=[s9cd85071xa5eex4970x9091x284636e71943-0])}
2025-07-31 15:53:47,047 INFO  [org.apa.kaf.cli.con.int.ConsumerCoordinator] (Thread-320) [Consumer clientId=consumer-Consumer-s9cd85071xa5eex4970x9091x284636e71943-26, groupId=Consumer-s9cd85071xa5eex4970x9091x284636e71943] Successfully synced group in generation Generation{generationId=3, memberId='consumer-Consumer-s9cd85071xa5eex4970x9091x284636e71943-26-d87764ec-d5f4-438b-8cd2-b32d7f1805dc', protocol='range'}
2025-07-31 15:53:47,047 INFO  [org.apa.kaf.cli.con.int.ConsumerCoordinator] (Thread-320) [Consumer clientId=consumer-Consumer-s9cd85071xa5eex4970x9091x284636e71943-26, groupId=Consumer-s9cd85071xa5eex4970x9091x284636e71943] Notifying assignor about the new Assignment(partitions=[s9cd85071xa5eex4970x9091x284636e71943-0])
2025-07-31 15:53:47,047 INFO  [org.apa.kaf.cli.con.int.ConsumerRebalanceListenerInvoker] (Thread-320) [Consumer clientId=consumer-Consumer-s9cd85071xa5eex4970x9091x284636e71943-26, groupId=Consumer-s9cd85071xa5eex4970x9091x284636e71943] Adding newly assigned partitions: s9cd85071xa5eex4970x9091x284636e71943-0
2025-07-31 15:53:47,048 INFO  [org.apa.kaf.cli.con.int.ConsumerUtils] (Thread-320) Setting offset for partition s9cd85071xa5eex4970x9091x284636e71943-0 to the committed offset FetchPosition{offset=10, offsetEpoch=Optional[0], currentLeader=LeaderAndEpoch{leader=Optional[localhost:32770 (id: 0 rack: null)], epoch=0}}
2025-07-31 15:53:47,287 INFO  [io.api.tes.ser.api.KafkaSerdesTester] (Thread-320) s9cd85071xa5eex4970x9091x284636e71943 0 10 header {
  time {
  }
}
d1: 1.753977226884E12
s1: "a"
i1: 123
bi1: 1
point {
  longitude: 22.0
  latitude: 22.0
  altitude: 1.0
}

2025-07-31 15:53:47,287 INFO  [io.api.tes.ser.api.KafkaSerdesTester] (Thread-320) s9cd85071xa5eex4970x9091x284636e71943 0 11 header {
  time {
  }
}
d1: 1.753977227012E12
s1: "a"
i1: 123
bi1: 1
point {
  longitude: 22.0
  latitude: 22.0
  altitude: 1.0
}

2025-07-31 15:53:47,287 INFO  [io.api.tes.ser.api.KafkaSerdesTester] (Thread-320) s9cd85071xa5eex4970x9091x284636e71943 0 12 header {
  time {
  }
}
d1: 1.753977227014E12
s1: "a"
i1: 123
bi1: 1
point {
  longitude: 22.0
  latitude: 22.0
  altitude: 1.0
}

2025-07-31 15:53:47,287 INFO  [io.api.tes.ser.api.KafkaSerdesTester] (Thread-320) s9cd85071xa5eex4970x9091x284636e71943 0 13 header {
  time {
  }
}
d1: 1.753977227015E12
s1: "a"
i1: 123
bi1: 1
point {
  longitude: 22.0
  latitude: 22.0
  altitude: 1.0
}

2025-07-31 15:53:47,287 INFO  [io.api.tes.ser.api.KafkaSerdesTester] (Thread-320) s9cd85071xa5eex4970x9091x284636e71943 0 14 header {
  time {
  }
}
d1: 1.753977227017E12
s1: "a"
i1: 123
bi1: 1
point {
  longitude: 22.0
  latitude: 22.0
  altitude: 1.0
}

2025-07-31 15:53:47,287 INFO  [io.api.tes.ser.api.KafkaSerdesTester] (Thread-320) s9cd85071xa5eex4970x9091x284636e71943 0 15 header {
  time {
  }
}
d1: 1.753977227019E12
s1: "a"
i1: 123
bi1: 1
point {
  longitude: 22.0
  latitude: 22.0
  altitude: 1.0
}

2025-07-31 15:53:47,287 INFO  [io.api.tes.ser.api.KafkaSerdesTester] (Thread-320) s9cd85071xa5eex4970x9091x284636e71943 0 16 header {
  time {
  }
}
d1: 1.753977227021E12
s1: "a"
i1: 123
bi1: 1
point {
  longitude: 22.0
  latitude: 22.0
  altitude: 1.0
}

2025-07-31 15:53:47,287 INFO  [io.api.tes.ser.api.KafkaSerdesTester] (Thread-320) s9cd85071xa5eex4970x9091x284636e71943 0 17 header {
  time {
  }
}
d1: 1.753977227023E12
s1: "a"
i1: 123
bi1: 1
point {
  longitude: 22.0
  latitude: 22.0
  altitude: 1.0
}

2025-07-31 15:53:47,288 INFO  [io.api.tes.ser.api.KafkaSerdesTester] (Thread-320) s9cd85071xa5eex4970x9091x284636e71943 0 18 header {
  time {
  }
}
d1: 1.753977227025E12
s1: "a"
i1: 123
bi1: 1
point {
  longitude: 22.0
  latitude: 22.0
  altitude: 1.0
}

2025-07-31 15:53:47,288 INFO  [io.api.tes.ser.api.KafkaSerdesTester] (Thread-320) s9cd85071xa5eex4970x9091x284636e71943 0 19 header {
  time {
  }
}
d1: 1.753977227027E12
s1: "a"
i1: 123
bi1: 1
point {
  longitude: 22.0
  latitude: 22.0
  altitude: 1.0
}

2025-07-31 15:53:47,288 INFO  [io.api.tes.ser.api.KafkaSerdesTester] (Thread-320) Consumed 10 messages
2025-07-31 15:53:47,291 INFO  [org.apa.kaf.cli.con.int.ConsumerRebalanceListenerInvoker] (Thread-320) [Consumer clientId=consumer-Consumer-s9cd85071xa5eex4970x9091x284636e71943-26, groupId=Consumer-s9cd85071xa5eex4970x9091x284636e71943] Revoke previously assigned partitions s9cd85071xa5eex4970x9091x284636e71943-0
2025-07-31 15:53:47,291 INFO  [org.apa.kaf.cli.con.int.ConsumerCoordinator] (Thread-320) [Consumer clientId=consumer-Consumer-s9cd85071xa5eex4970x9091x284636e71943-26, groupId=Consumer-s9cd85071xa5eex4970x9091x284636e71943] Member consumer-Consumer-s9cd85071xa5eex4970x9091x284636e71943-26-d87764ec-d5f4-438b-8cd2-b32d7f1805dc sending LeaveGroup request to coordinator localhost:32770 (id: 2147483647 rack: null) due to the consumer is being closed
2025-07-31 15:53:47,291 INFO  [org.apa.kaf.cli.con.int.ConsumerCoordinator] (Thread-320) [Consumer clientId=consumer-Consumer-s9cd85071xa5eex4970x9091x284636e71943-26, groupId=Consumer-s9cd85071xa5eex4970x9091x284636e71943] Resetting generation and member id due to: consumer pro-actively leaving the group
2025-07-31 15:53:47,291 INFO  [org.apa.kaf.cli.con.int.ConsumerCoordinator] (Thread-320) [Consumer clientId=consumer-Consumer-s9cd85071xa5eex4970x9091x284636e71943-26, groupId=Consumer-s9cd85071xa5eex4970x9091x284636e71943] Request joining group due to: consumer pro-actively leaving the group
2025-07-31 15:53:47,788 INFO  [org.apa.kaf.com.met.Metrics] (Thread-320) Metrics scheduler closed
2025-07-31 15:53:47,788 INFO  [org.apa.kaf.com.met.Metrics] (Thread-320) Closing reporter org.apache.kafka.common.metrics.JmxReporter
2025-07-31 15:53:47,788 INFO  [org.apa.kaf.com.met.Metrics] (Thread-320) Closing reporter org.apache.kafka.common.telemetry.internals.ClientTelemetryReporter
2025-07-31 15:53:47,788 INFO  [org.apa.kaf.com.met.Metrics] (Thread-320) Metrics reporters closed
2025-07-31 15:53:47,789 INFO  [org.apa.kaf.com.uti.AppInfoParser] (Thread-320) App info kafka.consumer for consumer-Consumer-s9cd85071xa5eex4970x9091x284636e71943-26 unregistered
2025-07-31 15:53:47,790 INFO  [org.apa.kaf.cli.pro.ProducerConfig] (main) ProducerConfig values: 
	acks = -1
	auto.include.jmx.reporter = true
	batch.size = 16384
	bootstrap.servers = [PLAINTEXT://localhost:32770]
	buffer.memory = 33554432
	client.dns.lookup = use_all_dns_ips
	client.id = Producer-s9cd85071xa5eex4970x9091x284636e71943
	compression.gzip.level = -1
	compression.lz4.level = 9
	compression.type = none
	compression.zstd.level = 3
	connections.max.idle.ms = 10000
	delivery.timeout.ms = 120000
	enable.idempotence = true
	enable.metrics.push = true
	interceptor.classes = []
	key.serializer = class org.apache.kafka.common.serialization.StringSerializer
	linger.ms = 0
	max.block.ms = 60000
	max.in.flight.requests.per.connection = 5
	max.request.size = 1048576
	metadata.max.age.ms = 300000
	metadata.max.idle.ms = 300000
	metadata.recovery.strategy = none
	metric.reporters = []
	metrics.num.samples = 2
	metrics.recording.level = INFO
	metrics.sample.window.ms = 30000
	partitioner.adaptive.partitioning.enable = true
	partitioner.availability.timeout.ms = 0
	partitioner.class = null
	partitioner.ignore.keys = false
	receive.buffer.bytes = 32768
	reconnect.backoff.max.ms = 1000
	reconnect.backoff.ms = 50
	request.timeout.ms = 5000
	retries = 2147483647
	retry.backoff.max.ms = 1000
	retry.backoff.ms = 100
	sasl.client.callback.handler.class = null
	sasl.jaas.config = null
	sasl.kerberos.kinit.cmd = /usr/bin/kinit
	sasl.kerberos.min.time.before.relogin = 60000
	sasl.kerberos.service.name = null
	sasl.kerberos.ticket.renew.jitter = 0.05
	sasl.kerberos.ticket.renew.window.factor = 0.8
	sasl.login.callback.handler.class = null
	sasl.login.class = null
	sasl.login.connect.timeout.ms = null
	sasl.login.read.timeout.ms = null
	sasl.login.refresh.buffer.seconds = 300
	sasl.login.refresh.min.period.seconds = 60
	sasl.login.refresh.window.factor = 0.8
	sasl.login.refresh.window.jitter = 0.05
	sasl.login.retry.backoff.max.ms = 10000
	sasl.login.retry.backoff.ms = 100
	sasl.mechanism = GSSAPI
	sasl.oauthbearer.clock.skew.seconds = 30
	sasl.oauthbearer.expected.audience = null
	sasl.oauthbearer.expected.issuer = null
	sasl.oauthbearer.header.urlencode = false
	sasl.oauthbearer.jwks.endpoint.refresh.ms = 3600000
	sasl.oauthbearer.jwks.endpoint.retry.backoff.max.ms = 10000
	sasl.oauthbearer.jwks.endpoint.retry.backoff.ms = 100
	sasl.oauthbearer.jwks.endpoint.url = null
	sasl.oauthbearer.scope.claim.name = scope
	sasl.oauthbearer.sub.claim.name = sub
	sasl.oauthbearer.token.endpoint.url = null
	security.protocol = PLAINTEXT
	security.providers = null
	send.buffer.bytes = 131072
	socket.connection.setup.timeout.max.ms = 30000
	socket.connection.setup.timeout.ms = 10000
	ssl.cipher.suites = null
	ssl.enabled.protocols = [TLSv1.2, TLSv1.3]
	ssl.endpoint.identification.algorithm = https
	ssl.engine.factory.class = null
	ssl.key.password = null
	ssl.keymanager.algorithm = SunX509
	ssl.keystore.certificate.chain = null
	ssl.keystore.key = null
	ssl.keystore.location = null
	ssl.keystore.password = null
	ssl.keystore.type = JKS
	ssl.protocol = TLSv1.3
	ssl.provider = null
	ssl.secure.random.implementation = null
	ssl.trustmanager.algorithm = PKIX
	ssl.truststore.certificates = null
	ssl.truststore.location = null
	ssl.truststore.password = null
	ssl.truststore.type = JKS
	transaction.timeout.ms = 60000
	transactional.id = null
	value.serializer = class io.apicurio.registry.serde.protobuf.ProtobufKafkaSerializer

2025-07-31 15:53:47,791 INFO  [org.apa.kaf.com.tel.int.KafkaMetricsCollector] (main) initializing Kafka metrics collector
2025-07-31 15:53:47,794 INFO  [org.apa.kaf.cli.pro.KafkaProducer] (main) [Producer clientId=Producer-s9cd85071xa5eex4970x9091x284636e71943] Instantiated an idempotent producer.
2025-07-31 15:53:47,796 INFO  [org.apa.kaf.cli.pro.ProducerConfig] (main) These configurations '[apicurio.registry.url, apicurio.registry.headers.enabled, apicurio.registry.artifact-resolver-strategy]' were supplied but are not used yet.
2025-07-31 15:53:47,796 INFO  [org.apa.kaf.com.uti.AppInfoParser] (main) Kafka version: 3.9.0
2025-07-31 15:53:47,796 INFO  [org.apa.kaf.com.uti.AppInfoParser] (main) Kafka commitId: 84caaa6e9da06435
2025-07-31 15:53:47,796 INFO  [org.apa.kaf.com.uti.AppInfoParser] (main) Kafka startTimeMs: 1753977227796
2025-07-31 15:53:47,796 INFO  [io.api.tes.ser.api.SimpleSerdesTesterBuilder$SimpleSerdesTester] (main) Using producer configuration: {apicurio.registry.url=http://registry-app-kafkasql.apps.ci419.apicurio-testing.org:80/apis/registry/v3, apicurio.registry.headers.enabled=true, apicurio.registry.artifact-resolver-strategy=io.apicurio.registry.serde.strategy.TopicIdStrategy, value.serializer=io.apicurio.registry.serde.protobuf.ProtobufKafkaSerializer, request.timeout.ms=5000, acks=all, bootstrap.servers=PLAINTEXT://localhost:32770, connections.max.idle.ms=10000, key.serializer=org.apache.kafka.common.serialization.StringSerializer, client.id=Producer-s9cd85071xa5eex4970x9091x284636e71943}
2025-07-31 15:53:47,796 INFO  [io.api.tes.ser.api.SimpleSerdesTesterBuilder$SimpleSerdesTester] (main) Using consumer configuration: {apicurio.registry.headers.enabled=true}
2025-07-31 15:53:47,796 INFO  [io.api.tes.ser.api.KafkaSerdesTester] (Thread-323) Sending message msb: 1753977227796
lsb: 321
 to topic s9cd85071xa5eex4970x9091x284636e71943
2025-07-31 15:53:47,799 INFO  [org.apa.kaf.cli.Metadata] (kafka-producer-network-thread | Producer-s9cd85071xa5eex4970x9091x284636e71943) [Producer clientId=Producer-s9cd85071xa5eex4970x9091x284636e71943] Cluster ID: k5QcScx1TGu5ZEx470RFLw
2025-07-31 15:53:47,799 INFO  [org.apa.kaf.cli.pro.int.TransactionManager] (kafka-producer-network-thread | Producer-s9cd85071xa5eex4970x9091x284636e71943) [Producer clientId=Producer-s9cd85071xa5eex4970x9091x284636e71943] ProducerId set to 36 with epoch 0
2025-07-31 15:53:47,799 INFO  [DefaultSchemaResolver] (Thread-323) Retrieving schema content using string: // Proto schema formatted by Wire, do not edit.
// Source: 

syntax = "proto3";

package io.apicurio.registry.common.proto;

option java_package = "io.apicurio.registry.common.proto";
option java_outer_classname = "Cmmn";

message UUID {
  fixed64 msb = 1;

  fixed64 lsb = 2;
}

2025-07-31 15:53:47,931 INFO  [io.api.tes.ser.api.KafkaSerdesTester] (Thread-323) Sending message msb: 1753977227931
lsb: 321
 to topic s9cd85071xa5eex4970x9091x284636e71943
2025-07-31 15:53:47,933 INFO  [io.api.tes.ser.api.KafkaSerdesTester] (Thread-323) Sending message msb: 1753977227933
lsb: 321
 to topic s9cd85071xa5eex4970x9091x284636e71943
2025-07-31 15:53:47,934 INFO  [io.api.tes.ser.api.KafkaSerdesTester] (Thread-323) Sending message msb: 1753977227934
lsb: 321
 to topic s9cd85071xa5eex4970x9091x284636e71943
2025-07-31 15:53:47,935 INFO  [io.api.tes.ser.api.KafkaSerdesTester] (Thread-323) Sending message msb: 1753977227935
lsb: 321
 to topic s9cd85071xa5eex4970x9091x284636e71943
2025-07-31 15:53:47,937 INFO  [io.api.tes.ser.api.KafkaSerdesTester] (Thread-323) Sending message msb: 1753977227937
lsb: 321
 to topic s9cd85071xa5eex4970x9091x284636e71943
2025-07-31 15:53:47,938 INFO  [io.api.tes.ser.api.KafkaSerdesTester] (Thread-323) Sending message msb: 1753977227938
lsb: 321
 to topic s9cd85071xa5eex4970x9091x284636e71943
2025-07-31 15:53:47,940 INFO  [io.api.tes.ser.api.KafkaSerdesTester] (Thread-323) Sending message msb: 1753977227940
lsb: 321
 to topic s9cd85071xa5eex4970x9091x284636e71943
2025-07-31 15:53:47,942 INFO  [io.api.tes.ser.api.KafkaSerdesTester] (Thread-323) Sending message msb: 1753977227942
lsb: 321
 to topic s9cd85071xa5eex4970x9091x284636e71943
2025-07-31 15:53:47,945 INFO  [io.api.tes.ser.api.KafkaSerdesTester] (Thread-323) Sending message msb: 1753977227945
lsb: 321
 to topic s9cd85071xa5eex4970x9091x284636e71943
2025-07-31 15:53:47,947 INFO  [io.api.tes.ser.api.KafkaSerdesTester] (Thread-323) Produced 10 messages
2025-07-31 15:53:47,947 INFO  [org.apa.kaf.cli.pro.KafkaProducer] (Thread-323) [Producer clientId=Producer-s9cd85071xa5eex4970x9091x284636e71943] Closing the Kafka producer with timeoutMillis = 9223372036854775807 ms.
2025-07-31 15:53:47,948 INFO  [org.apa.kaf.com.met.Metrics] (Thread-323) Metrics scheduler closed
2025-07-31 15:53:47,948 INFO  [org.apa.kaf.com.met.Metrics] (Thread-323) Closing reporter org.apache.kafka.common.metrics.JmxReporter
2025-07-31 15:53:47,948 INFO  [org.apa.kaf.com.met.Metrics] (Thread-323) Closing reporter org.apache.kafka.common.telemetry.internals.ClientTelemetryReporter
2025-07-31 15:53:47,948 INFO  [org.apa.kaf.com.met.Metrics] (Thread-323) Metrics reporters closed
2025-07-31 15:53:47,948 INFO  [org.apa.kaf.com.uti.AppInfoParser] (Thread-323) App info kafka.producer for Producer-s9cd85071xa5eex4970x9091x284636e71943 unregistered
2025-07-31 15:53:47,949 INFO  [org.apa.kaf.cli.con.ConsumerConfig] (main) ConsumerConfig values: 
	allow.auto.create.topics = true
	auto.commit.interval.ms = 500
	auto.include.jmx.reporter = true
	auto.offset.reset = earliest
	bootstrap.servers = [PLAINTEXT://localhost:32770]
	check.crcs = true
	client.dns.lookup = use_all_dns_ips
	client.id = consumer-Consumer-s9cd85071xa5eex4970x9091x284636e71943-27
	client.rack = 
	connections.max.idle.ms = 10000
	default.api.timeout.ms = 60000
	enable.auto.commit = true
	enable.metrics.push = true
	exclude.internal.topics = true
	fetch.max.bytes = 52428800
	fetch.max.wait.ms = 500
	fetch.min.bytes = 1
	group.id = Consumer-s9cd85071xa5eex4970x9091x284636e71943
	group.instance.id = null
	group.protocol = classic
	group.remote.assignor = null
	heartbeat.interval.ms = 3000
	interceptor.classes = []
	internal.leave.group.on.close = true
	internal.throw.on.fetch.stable.offset.unsupported = false
	isolation.level = read_uncommitted
	key.deserializer = class org.apache.kafka.common.serialization.StringDeserializer
	max.partition.fetch.bytes = 1048576
	max.poll.interval.ms = 300000
	max.poll.records = 500
	metadata.max.age.ms = 300000
	metadata.recovery.strategy = none
	metric.reporters = []
	metrics.num.samples = 2
	metrics.recording.level = INFO
	metrics.sample.window.ms = 30000
	partition.assignment.strategy = [class org.apache.kafka.clients.consumer.RangeAssignor, class org.apache.kafka.clients.consumer.CooperativeStickyAssignor]
	receive.buffer.bytes = 65536
	reconnect.backoff.max.ms = 1000
	reconnect.backoff.ms = 50
	request.timeout.ms = 5000
	retry.backoff.max.ms = 1000
	retry.backoff.ms = 100
	sasl.client.callback.handler.class = null
	sasl.jaas.config = null
	sasl.kerberos.kinit.cmd = /usr/bin/kinit
	sasl.kerberos.min.time.before.relogin = 60000
	sasl.kerberos.service.name = null
	sasl.kerberos.ticket.renew.jitter = 0.05
	sasl.kerberos.ticket.renew.window.factor = 0.8
	sasl.login.callback.handler.class = null
	sasl.login.class = null
	sasl.login.connect.timeout.ms = null
	sasl.login.read.timeout.ms = null
	sasl.login.refresh.buffer.seconds = 300
	sasl.login.refresh.min.period.seconds = 60
	sasl.login.refresh.window.factor = 0.8
	sasl.login.refresh.window.jitter = 0.05
	sasl.login.retry.backoff.max.ms = 10000
	sasl.login.retry.backoff.ms = 100
	sasl.mechanism = GSSAPI
	sasl.oauthbearer.clock.skew.seconds = 30
	sasl.oauthbearer.expected.audience = null
	sasl.oauthbearer.expected.issuer = null
	sasl.oauthbearer.header.urlencode = false
	sasl.oauthbearer.jwks.endpoint.refresh.ms = 3600000
	sasl.oauthbearer.jwks.endpoint.retry.backoff.max.ms = 10000
	sasl.oauthbearer.jwks.endpoint.retry.backoff.ms = 100
	sasl.oauthbearer.jwks.endpoint.url = null
	sasl.oauthbearer.scope.claim.name = scope
	sasl.oauthbearer.sub.claim.name = sub
	sasl.oauthbearer.token.endpoint.url = null
	security.protocol = PLAINTEXT
	security.providers = null
	send.buffer.bytes = 131072
	session.timeout.ms = 45000
	socket.connection.setup.timeout.max.ms = 30000
	socket.connection.setup.timeout.ms = 10000
	ssl.cipher.suites = null
	ssl.enabled.protocols = [TLSv1.2, TLSv1.3]
	ssl.endpoint.identification.algorithm = https
	ssl.engine.factory.class = null
	ssl.key.password = null
	ssl.keymanager.algorithm = SunX509
	ssl.keystore.certificate.chain = null
	ssl.keystore.key = null
	ssl.keystore.location = null
	ssl.keystore.password = null
	ssl.keystore.type = JKS
	ssl.protocol = TLSv1.3
	ssl.provider = null
	ssl.secure.random.implementation = null
	ssl.trustmanager.algorithm = PKIX
	ssl.truststore.certificates = null
	ssl.truststore.location = null
	ssl.truststore.password = null
	ssl.truststore.type = JKS
	value.deserializer = class io.apicurio.registry.serde.protobuf.ProtobufKafkaDeserializer

2025-07-31 15:53:47,949 INFO  [org.apa.kaf.com.tel.int.KafkaMetricsCollector] (main) initializing Kafka metrics collector
2025-07-31 15:53:47,955 INFO  [org.apa.kaf.cli.con.ConsumerConfig] (main) These configurations '[apicurio.registry.url, apicurio.registry.headers.enabled]' were supplied but are not used yet.
2025-07-31 15:53:47,955 INFO  [org.apa.kaf.com.uti.AppInfoParser] (main) Kafka version: 3.9.0
2025-07-31 15:53:47,955 INFO  [org.apa.kaf.com.uti.AppInfoParser] (main) Kafka commitId: 84caaa6e9da06435
2025-07-31 15:53:47,955 INFO  [org.apa.kaf.com.uti.AppInfoParser] (main) Kafka startTimeMs: 1753977227955
2025-07-31 15:53:47,956 INFO  [org.apa.kaf.cli.con.int.ClassicKafkaConsumer] (Thread-326) [Consumer clientId=consumer-Consumer-s9cd85071xa5eex4970x9091x284636e71943-27, groupId=Consumer-s9cd85071xa5eex4970x9091x284636e71943] Subscribed to topic(s): s9cd85071xa5eex4970x9091x284636e71943
2025-07-31 15:53:47,965 INFO  [org.apa.kaf.cli.Metadata] (Thread-326) [Consumer clientId=consumer-Consumer-s9cd85071xa5eex4970x9091x284636e71943-27, groupId=Consumer-s9cd85071xa5eex4970x9091x284636e71943] Cluster ID: k5QcScx1TGu5ZEx470RFLw
2025-07-31 15:53:47,965 INFO  [org.apa.kaf.cli.con.int.ConsumerCoordinator] (Thread-326) [Consumer clientId=consumer-Consumer-s9cd85071xa5eex4970x9091x284636e71943-27, groupId=Consumer-s9cd85071xa5eex4970x9091x284636e71943] Discovered group coordinator localhost:32770 (id: 2147483647 rack: null)
2025-07-31 15:53:47,966 INFO  [org.apa.kaf.cli.con.int.ConsumerCoordinator] (Thread-326) [Consumer clientId=consumer-Consumer-s9cd85071xa5eex4970x9091x284636e71943-27, groupId=Consumer-s9cd85071xa5eex4970x9091x284636e71943] (Re-)joining group
2025-07-31 15:53:47,969 INFO  [org.apa.kaf.cli.con.int.ConsumerCoordinator] (Thread-326) [Consumer clientId=consumer-Consumer-s9cd85071xa5eex4970x9091x284636e71943-27, groupId=Consumer-s9cd85071xa5eex4970x9091x284636e71943] Request joining group due to: need to re-join with the given member-id: consumer-Consumer-s9cd85071xa5eex4970x9091x284636e71943-27-06ee9c84-6666-422b-a561-6c39cf3d5629
2025-07-31 15:53:47,969 INFO  [org.apa.kaf.cli.con.int.ConsumerCoordinator] (Thread-326) [Consumer clientId=consumer-Consumer-s9cd85071xa5eex4970x9091x284636e71943-27, groupId=Consumer-s9cd85071xa5eex4970x9091x284636e71943] (Re-)joining group
2025-07-31 15:53:47,977 INFO  [org.apa.kaf.cli.con.int.ConsumerCoordinator] (Thread-326) [Consumer clientId=consumer-Consumer-s9cd85071xa5eex4970x9091x284636e71943-27, groupId=Consumer-s9cd85071xa5eex4970x9091x284636e71943] Successfully joined group with generation Generation{generationId=5, memberId='consumer-Consumer-s9cd85071xa5eex4970x9091x284636e71943-27-06ee9c84-6666-422b-a561-6c39cf3d5629', protocol='range'}
2025-07-31 15:53:47,977 INFO  [org.apa.kaf.cli.con.int.ConsumerCoordinator] (Thread-326) [Consumer clientId=consumer-Consumer-s9cd85071xa5eex4970x9091x284636e71943-27, groupId=Consumer-s9cd85071xa5eex4970x9091x284636e71943] Finished assignment for group at generation 5: {consumer-Consumer-s9cd85071xa5eex4970x9091x284636e71943-27-06ee9c84-6666-422b-a561-6c39cf3d5629=Assignment(partitions=[s9cd85071xa5eex4970x9091x284636e71943-0])}
2025-07-31 15:53:47,980 INFO  [org.apa.kaf.cli.con.int.ConsumerCoordinator] (kafka-coordinator-heartbeat-thread | Consumer-s9cd85071xa5eex4970x9091x284636e71943) [Consumer clientId=consumer-Consumer-s9cd85071xa5eex4970x9091x284636e71943-27, groupId=Consumer-s9cd85071xa5eex4970x9091x284636e71943] Successfully synced group in generation Generation{generationId=5, memberId='consumer-Consumer-s9cd85071xa5eex4970x9091x284636e71943-27-06ee9c84-6666-422b-a561-6c39cf3d5629', protocol='range'}
2025-07-31 15:53:47,981 INFO  [org.apa.kaf.cli.con.int.ConsumerCoordinator] (Thread-326) [Consumer clientId=consumer-Consumer-s9cd85071xa5eex4970x9091x284636e71943-27, groupId=Consumer-s9cd85071xa5eex4970x9091x284636e71943] Notifying assignor about the new Assignment(partitions=[s9cd85071xa5eex4970x9091x284636e71943-0])
2025-07-31 15:53:47,981 INFO  [org.apa.kaf.cli.con.int.ConsumerRebalanceListenerInvoker] (Thread-326) [Consumer clientId=consumer-Consumer-s9cd85071xa5eex4970x9091x284636e71943-27, groupId=Consumer-s9cd85071xa5eex4970x9091x284636e71943] Adding newly assigned partitions: s9cd85071xa5eex4970x9091x284636e71943-0
2025-07-31 15:53:47,982 INFO  [org.apa.kaf.cli.con.int.ConsumerUtils] (Thread-326) Setting offset for partition s9cd85071xa5eex4970x9091x284636e71943-0 to the committed offset FetchPosition{offset=20, offsetEpoch=Optional[0], currentLeader=LeaderAndEpoch{leader=Optional[localhost:32770 (id: 0 rack: null)], epoch=0}}
2025-07-31 15:53:48,181 WARNING [com.goo.pro.GeneratedMessage] (Thread-326) Vulnerable protobuf generated type in use: io.apicurio.tests.common.serdes.proto.TestCmmn$UUID
As of 2022/09/29 (release 21.7) makeExtensionsImmutable should not be called from protobuf gencode. If you are seeing this message, your gencode is vulnerable to a denial of service attack. You should regenerate your code using protobuf 25.6 or later. Use the latest version that meets your needs. However, if you understand the risks and wish to continue with vulnerable gencode, you can set the system property `-Dcom.google.protobuf.use_unsafe_pre22_gencode` on the command line to silence this warning. You also can set `-Dcom.google.protobuf.error_on_unsafe_pre22_gencode` to throw an error instead. See security vulnerability: https://github.com/protocolbuffers/protobuf/security/advisories/GHSA-h4h5-3hr4-j3g2
2025-07-31 15:53:48,184 INFO  [io.api.tes.ser.api.KafkaSerdesTester] (Thread-326) s9cd85071xa5eex4970x9091x284636e71943 0 20 msb: 1753977227796
lsb: 321

2025-07-31 15:53:48,185 INFO  [io.api.tes.ser.api.KafkaSerdesTester] (Thread-326) s9cd85071xa5eex4970x9091x284636e71943 0 21 msb: 1753977227931
lsb: 321

2025-07-31 15:53:48,185 INFO  [io.api.tes.ser.api.KafkaSerdesTester] (Thread-326) s9cd85071xa5eex4970x9091x284636e71943 0 22 msb: 1753977227933
lsb: 321

2025-07-31 15:53:48,185 INFO  [io.api.tes.ser.api.KafkaSerdesTester] (Thread-326) s9cd85071xa5eex4970x9091x284636e71943 0 23 msb: 1753977227934
lsb: 321

2025-07-31 15:53:48,185 INFO  [io.api.tes.ser.api.KafkaSerdesTester] (Thread-326) s9cd85071xa5eex4970x9091x284636e71943 0 24 msb: 1753977227935
lsb: 321

2025-07-31 15:53:48,185 INFO  [io.api.tes.ser.api.KafkaSerdesTester] (Thread-326) s9cd85071xa5eex4970x9091x284636e71943 0 25 msb: 1753977227937
lsb: 321

2025-07-31 15:53:48,185 INFO  [io.api.tes.ser.api.KafkaSerdesTester] (Thread-326) s9cd85071xa5eex4970x9091x284636e71943 0 26 msb: 1753977227938
lsb: 321

2025-07-31 15:53:48,185 INFO  [io.api.tes.ser.api.KafkaSerdesTester] (Thread-326) s9cd85071xa5eex4970x9091x284636e71943 0 27 msb: 1753977227940
lsb: 321

2025-07-31 15:53:48,185 INFO  [io.api.tes.ser.api.KafkaSerdesTester] (Thread-326) s9cd85071xa5eex4970x9091x284636e71943 0 28 msb: 1753977227942
lsb: 321

2025-07-31 15:53:48,185 INFO  [io.api.tes.ser.api.KafkaSerdesTester] (Thread-326) s9cd85071xa5eex4970x9091x284636e71943 0 29 msb: 1753977227945
lsb: 321

2025-07-31 15:53:48,185 INFO  [io.api.tes.ser.api.KafkaSerdesTester] (Thread-326) Consumed 10 messages
2025-07-31 15:53:48,188 INFO  [org.apa.kaf.cli.con.int.ConsumerRebalanceListenerInvoker] (Thread-326) [Consumer clientId=consumer-Consumer-s9cd85071xa5eex4970x9091x284636e71943-27, groupId=Consumer-s9cd85071xa5eex4970x9091x284636e71943] Revoke previously assigned partitions s9cd85071xa5eex4970x9091x284636e71943-0
2025-07-31 15:53:48,188 INFO  [org.apa.kaf.cli.con.int.ConsumerCoordinator] (Thread-326) [Consumer clientId=consumer-Consumer-s9cd85071xa5eex4970x9091x284636e71943-27, groupId=Consumer-s9cd85071xa5eex4970x9091x284636e71943] Member consumer-Consumer-s9cd85071xa5eex4970x9091x284636e71943-27-06ee9c84-6666-422b-a561-6c39cf3d5629 sending LeaveGroup request to coordinator localhost:32770 (id: 2147483647 rack: null) due to the consumer is being closed
2025-07-31 15:53:48,189 INFO  [org.apa.kaf.cli.con.int.ConsumerCoordinator] (Thread-326) [Consumer clientId=consumer-Consumer-s9cd85071xa5eex4970x9091x284636e71943-27, groupId=Consumer-s9cd85071xa5eex4970x9091x284636e71943] Resetting generation and member id due to: consumer pro-actively leaving the group
2025-07-31 15:53:48,189 INFO  [org.apa.kaf.cli.con.int.ConsumerCoordinator] (Thread-326) [Consumer clientId=consumer-Consumer-s9cd85071xa5eex4970x9091x284636e71943-27, groupId=Consumer-s9cd85071xa5eex4970x9091x284636e71943] Request joining group due to: consumer pro-actively leaving the group
2025-07-31 15:53:48,690 INFO  [org.apa.kaf.com.met.Metrics] (Thread-326) Metrics scheduler closed
2025-07-31 15:53:48,690 INFO  [org.apa.kaf.com.met.Metrics] (Thread-326) Closing reporter org.apache.kafka.common.metrics.JmxReporter
2025-07-31 15:53:48,690 INFO  [org.apa.kaf.com.met.Metrics] (Thread-326) Closing reporter org.apache.kafka.common.telemetry.internals.ClientTelemetryReporter
2025-07-31 15:53:48,690 INFO  [org.apa.kaf.com.met.Metrics] (Thread-326) Metrics reporters closed
2025-07-31 15:53:48,692 INFO  [org.apa.kaf.com.uti.AppInfoParser] (Thread-326) App info kafka.consumer for consumer-Consumer-s9cd85071xa5eex4970x9091x284636e71943-27 unregistered
2025-07-31 15:53:48,693 INFO  [org.apa.kaf.cli.pro.ProducerConfig] (main) ProducerConfig values: 
	acks = -1
	auto.include.jmx.reporter = true
	batch.size = 16384
	bootstrap.servers = [PLAINTEXT://localhost:32770]
	buffer.memory = 33554432
	client.dns.lookup = use_all_dns_ips
	client.id = Producer-s9cd85071xa5eex4970x9091x284636e71943
	compression.gzip.level = -1
	compression.lz4.level = 9
	compression.type = none
	compression.zstd.level = 3
	connections.max.idle.ms = 10000
	delivery.timeout.ms = 120000
	enable.idempotence = true
	enable.metrics.push = true
	interceptor.classes = []
	key.serializer = class org.apache.kafka.common.serialization.StringSerializer
	linger.ms = 0
	max.block.ms = 60000
	max.in.flight.requests.per.connection = 5
	max.request.size = 1048576
	metadata.max.age.ms = 300000
	metadata.max.idle.ms = 300000
	metadata.recovery.strategy = none
	metric.reporters = []
	metrics.num.samples = 2
	metrics.recording.level = INFO
	metrics.sample.window.ms = 30000
	partitioner.adaptive.partitioning.enable = true
	partitioner.availability.timeout.ms = 0
	partitioner.class = null
	partitioner.ignore.keys = false
	receive.buffer.bytes = 32768
	reconnect.backoff.max.ms = 1000
	reconnect.backoff.ms = 50
	request.timeout.ms = 5000
	retries = 2147483647
	retry.backoff.max.ms = 1000
	retry.backoff.ms = 100
	sasl.client.callback.handler.class = null
	sasl.jaas.config = null
	sasl.kerberos.kinit.cmd = /usr/bin/kinit
	sasl.kerberos.min.time.before.relogin = 60000
	sasl.kerberos.service.name = null
	sasl.kerberos.ticket.renew.jitter = 0.05
	sasl.kerberos.ticket.renew.window.factor = 0.8
	sasl.login.callback.handler.class = null
	sasl.login.class = null
	sasl.login.connect.timeout.ms = null
	sasl.login.read.timeout.ms = null
	sasl.login.refresh.buffer.seconds = 300
	sasl.login.refresh.min.period.seconds = 60
	sasl.login.refresh.window.factor = 0.8
	sasl.login.refresh.window.jitter = 0.05
	sasl.login.retry.backoff.max.ms = 10000
	sasl.login.retry.backoff.ms = 100
	sasl.mechanism = GSSAPI
	sasl.oauthbearer.clock.skew.seconds = 30
	sasl.oauthbearer.expected.audience = null
	sasl.oauthbearer.expected.issuer = null
	sasl.oauthbearer.header.urlencode = false
	sasl.oauthbearer.jwks.endpoint.refresh.ms = 3600000
	sasl.oauthbearer.jwks.endpoint.retry.backoff.max.ms = 10000
	sasl.oauthbearer.jwks.endpoint.retry.backoff.ms = 100
	sasl.oauthbearer.jwks.endpoint.url = null
	sasl.oauthbearer.scope.claim.name = scope
	sasl.oauthbearer.sub.claim.name = sub
	sasl.oauthbearer.token.endpoint.url = null
	security.protocol = PLAINTEXT
	security.providers = null
	send.buffer.bytes = 131072
	socket.connection.setup.timeout.max.ms = 30000
	socket.connection.setup.timeout.ms = 10000
	ssl.cipher.suites = null
	ssl.enabled.protocols = [TLSv1.2, TLSv1.3]
	ssl.endpoint.identification.algorithm = https
	ssl.engine.factory.class = null
	ssl.key.password = null
	ssl.keymanager.algorithm = SunX509
	ssl.keystore.certificate.chain = null
	ssl.keystore.key = null
	ssl.keystore.location = null
	ssl.keystore.password = null
	ssl.keystore.type = JKS
	ssl.protocol = TLSv1.3
	ssl.provider = null
	ssl.secure.random.implementation = null
	ssl.trustmanager.algorithm = PKIX
	ssl.truststore.certificates = null
	ssl.truststore.location = null
	ssl.truststore.password = null
	ssl.truststore.type = JKS
	transaction.timeout.ms = 60000
	transactional.id = null
	value.serializer = class io.apicurio.registry.serde.protobuf.ProtobufKafkaSerializer

2025-07-31 15:53:48,694 INFO  [org.apa.kaf.com.tel.int.KafkaMetricsCollector] (main) initializing Kafka metrics collector
2025-07-31 15:53:48,701 INFO  [org.apa.kaf.cli.pro.KafkaProducer] (main) [Producer clientId=Producer-s9cd85071xa5eex4970x9091x284636e71943] Instantiated an idempotent producer.
2025-07-31 15:53:48,703 INFO  [org.apa.kaf.cli.pro.ProducerConfig] (main) These configurations '[apicurio.registry.find-latest, apicurio.registry.url, apicurio.registry.artifact-resolver-strategy]' were supplied but are not used yet.
2025-07-31 15:53:48,703 INFO  [org.apa.kaf.com.uti.AppInfoParser] (main) Kafka version: 3.9.0
2025-07-31 15:53:48,703 INFO  [org.apa.kaf.com.uti.AppInfoParser] (main) Kafka commitId: 84caaa6e9da06435
2025-07-31 15:53:48,703 INFO  [org.apa.kaf.com.uti.AppInfoParser] (main) Kafka startTimeMs: 1753977228703
2025-07-31 15:53:48,704 INFO  [io.api.tes.ser.api.KafkaSerdesTester] (Thread-329) Sending message header {
  time {
  }
}
d1: 1.753977228704E12
s1: "a"
i1: 123
bi1: 1
point {
  longitude: 22.0
  latitude: 22.0
  altitude: 1.0
}
 to topic s9cd85071xa5eex4970x9091x284636e71943
2025-07-31 15:53:48,707 INFO  [org.apa.kaf.cli.Metadata] (kafka-producer-network-thread | Producer-s9cd85071xa5eex4970x9091x284636e71943) [Producer clientId=Producer-s9cd85071xa5eex4970x9091x284636e71943] Cluster ID: k5QcScx1TGu5ZEx470RFLw
2025-07-31 15:53:48,708 INFO  [org.apa.kaf.cli.pro.int.TransactionManager] (kafka-producer-network-thread | Producer-s9cd85071xa5eex4970x9091x284636e71943) [Producer clientId=Producer-s9cd85071xa5eex4970x9091x284636e71943] ProducerId set to 37 with epoch 0
2025-07-31 15:53:48,942 INFO  [org.apa.kaf.cli.pro.KafkaProducer] (Thread-329) [Producer clientId=Producer-s9cd85071xa5eex4970x9091x284636e71943] Closing the Kafka producer with timeoutMillis = 9223372036854775807 ms.
2025-07-31 15:53:48,944 INFO  [org.apa.kaf.com.met.Metrics] (Thread-329) Metrics scheduler closed
2025-07-31 15:53:48,945 INFO  [org.apa.kaf.com.met.Metrics] (Thread-329) Closing reporter org.apache.kafka.common.metrics.JmxReporter
2025-07-31 15:53:48,945 INFO  [org.apa.kaf.com.met.Metrics] (Thread-329) Closing reporter org.apache.kafka.common.telemetry.internals.ClientTelemetryReporter
2025-07-31 15:53:48,945 INFO  [org.apa.kaf.com.met.Metrics] (Thread-329) Metrics reporters closed
2025-07-31 15:53:48,945 INFO  [org.apa.kaf.com.uti.AppInfoParser] (Thread-329) App info kafka.producer for Producer-s9cd85071xa5eex4970x9091x284636e71943 unregistered
2025-07-31 15:53:48,946 INFO  [org.apa.kaf.cli.pro.ProducerConfig] (main) ProducerConfig values: 
	acks = -1
	auto.include.jmx.reporter = true
	batch.size = 16384
	bootstrap.servers = [PLAINTEXT://localhost:32770]
	buffer.memory = 33554432
	client.dns.lookup = use_all_dns_ips
	client.id = Producer-s9cd85071xa5eex4970x9091x284636e71943
	compression.gzip.level = -1
	compression.lz4.level = 9
	compression.type = none
	compression.zstd.level = 3
	connections.max.idle.ms = 10000
	delivery.timeout.ms = 120000
	enable.idempotence = true
	enable.metrics.push = true
	interceptor.classes = []
	key.serializer = class org.apache.kafka.common.serialization.StringSerializer
	linger.ms = 0
	max.block.ms = 60000
	max.in.flight.requests.per.connection = 5
	max.request.size = 1048576
	metadata.max.age.ms = 300000
	metadata.max.idle.ms = 300000
	metadata.recovery.strategy = none
	metric.reporters = []
	metrics.num.samples = 2
	metrics.recording.level = INFO
	metrics.sample.window.ms = 30000
	partitioner.adaptive.partitioning.enable = true
	partitioner.availability.timeout.ms = 0
	partitioner.class = null
	partitioner.ignore.keys = false
	receive.buffer.bytes = 32768
	reconnect.backoff.max.ms = 1000
	reconnect.backoff.ms = 50
	request.timeout.ms = 5000
	retries = 2147483647
	retry.backoff.max.ms = 1000
	retry.backoff.ms = 100
	sasl.client.callback.handler.class = null
	sasl.jaas.config = null
	sasl.kerberos.kinit.cmd = /usr/bin/kinit
	sasl.kerberos.min.time.before.relogin = 60000
	sasl.kerberos.service.name = null
	sasl.kerberos.ticket.renew.jitter = 0.05
	sasl.kerberos.ticket.renew.window.factor = 0.8
	sasl.login.callback.handler.class = null
	sasl.login.class = null
	sasl.login.connect.timeout.ms = null
	sasl.login.read.timeout.ms = null
	sasl.login.refresh.buffer.seconds = 300
	sasl.login.refresh.min.period.seconds = 60
	sasl.login.refresh.window.factor = 0.8
	sasl.login.refresh.window.jitter = 0.05
	sasl.login.retry.backoff.max.ms = 10000
	sasl.login.retry.backoff.ms = 100
	sasl.mechanism = GSSAPI
	sasl.oauthbearer.clock.skew.seconds = 30
	sasl.oauthbearer.expected.audience = null
	sasl.oauthbearer.expected.issuer = null
	sasl.oauthbearer.header.urlencode = false
	sasl.oauthbearer.jwks.endpoint.refresh.ms = 3600000
	sasl.oauthbearer.jwks.endpoint.retry.backoff.max.ms = 10000
	sasl.oauthbearer.jwks.endpoint.retry.backoff.ms = 100
	sasl.oauthbearer.jwks.endpoint.url = null
	sasl.oauthbearer.scope.claim.name = scope
	sasl.oauthbearer.sub.claim.name = sub
	sasl.oauthbearer.token.endpoint.url = null
	security.protocol = PLAINTEXT
	security.providers = null
	send.buffer.bytes = 131072
	socket.connection.setup.timeout.max.ms = 30000
	socket.connection.setup.timeout.ms = 10000
	ssl.cipher.suites = null
	ssl.enabled.protocols = [TLSv1.2, TLSv1.3]
	ssl.endpoint.identification.algorithm = https
	ssl.engine.factory.class = null
	ssl.key.password = null
	ssl.keymanager.algorithm = SunX509
	ssl.keystore.certificate.chain = null
	ssl.keystore.key = null
	ssl.keystore.location = null
	ssl.keystore.password = null
	ssl.keystore.type = JKS
	ssl.protocol = TLSv1.3
	ssl.provider = null
	ssl.secure.random.implementation = null
	ssl.trustmanager.algorithm = PKIX
	ssl.truststore.certificates = null
	ssl.truststore.location = null
	ssl.truststore.password = null
	ssl.truststore.type = JKS
	transaction.timeout.ms = 60000
	transactional.id = null
	value.serializer = class io.apicurio.registry.serde.protobuf.ProtobufKafkaSerializer

2025-07-31 15:53:48,946 INFO  [org.apa.kaf.com.tel.int.KafkaMetricsCollector] (main) initializing Kafka metrics collector
2025-07-31 15:53:48,953 INFO  [org.apa.kaf.cli.pro.KafkaProducer] (main) [Producer clientId=Producer-s9cd85071xa5eex4970x9091x284636e71943] Instantiated an idempotent producer.
2025-07-31 15:53:48,956 INFO  [org.apa.kaf.cli.pro.ProducerConfig] (main) These configurations '[apicurio.registry.find-latest, apicurio.registry.url, apicurio.registry.headers.enabled, apicurio.registry.artifact-resolver-strategy]' were supplied but are not used yet.
2025-07-31 15:53:48,956 INFO  [org.apa.kaf.com.uti.AppInfoParser] (main) Kafka version: 3.9.0
2025-07-31 15:53:48,956 INFO  [org.apa.kaf.com.uti.AppInfoParser] (main) Kafka commitId: 84caaa6e9da06435
2025-07-31 15:53:48,956 INFO  [org.apa.kaf.com.uti.AppInfoParser] (main) Kafka startTimeMs: 1753977228956
2025-07-31 15:53:48,956 INFO  [io.api.tes.ser.api.SimpleSerdesTesterBuilder$SimpleSerdesTester] (main) Using producer configuration: {apicurio.registry.find-latest=true, apicurio.registry.url=http://registry-app-kafkasql.apps.ci419.apicurio-testing.org:80/apis/registry/v3, apicurio.registry.headers.enabled=true, apicurio.registry.artifact-resolver-strategy=io.apicurio.registry.serde.strategy.TopicIdStrategy, value.serializer=io.apicurio.registry.serde.protobuf.ProtobufKafkaSerializer, request.timeout.ms=5000, acks=all, bootstrap.servers=PLAINTEXT://localhost:32770, connections.max.idle.ms=10000, key.serializer=org.apache.kafka.common.serialization.StringSerializer, client.id=Producer-s9cd85071xa5eex4970x9091x284636e71943}
2025-07-31 15:53:48,956 INFO  [io.api.tes.ser.api.SimpleSerdesTesterBuilder$SimpleSerdesTester] (main) Using consumer configuration: {apicurio.registry.headers.enabled=true}
2025-07-31 15:53:48,957 INFO  [io.api.tes.ser.api.KafkaSerdesTester] (Thread-332) Sending message msb: 1753977228957
lsb: 321
 to topic s9cd85071xa5eex4970x9091x284636e71943
2025-07-31 15:53:48,961 INFO  [org.apa.kaf.cli.Metadata] (kafka-producer-network-thread | Producer-s9cd85071xa5eex4970x9091x284636e71943) [Producer clientId=Producer-s9cd85071xa5eex4970x9091x284636e71943] Cluster ID: k5QcScx1TGu5ZEx470RFLw
2025-07-31 15:53:48,961 INFO  [org.apa.kaf.cli.pro.int.TransactionManager] (kafka-producer-network-thread | Producer-s9cd85071xa5eex4970x9091x284636e71943) [Producer clientId=Producer-s9cd85071xa5eex4970x9091x284636e71943] ProducerId set to 38 with epoch 0
2025-07-31 15:53:49,202 INFO  [io.api.tes.ser.api.KafkaSerdesTester] (Thread-332) Sending message msb: 1753977229202
lsb: 321
 to topic s9cd85071xa5eex4970x9091x284636e71943
2025-07-31 15:53:49,203 INFO  [io.api.tes.ser.api.KafkaSerdesTester] (Thread-332) Sending message msb: 1753977229203
lsb: 321
 to topic s9cd85071xa5eex4970x9091x284636e71943
2025-07-31 15:53:49,204 INFO  [io.api.tes.ser.api.KafkaSerdesTester] (Thread-332) Sending message msb: 1753977229204
lsb: 321
 to topic s9cd85071xa5eex4970x9091x284636e71943
2025-07-31 15:53:49,206 INFO  [io.api.tes.ser.api.KafkaSerdesTester] (Thread-332) Sending message msb: 1753977229206
lsb: 321
 to topic s9cd85071xa5eex4970x9091x284636e71943
2025-07-31 15:53:49,207 INFO  [io.api.tes.ser.api.KafkaSerdesTester] (Thread-332) Sending message msb: 1753977229207
lsb: 321
 to topic s9cd85071xa5eex4970x9091x284636e71943
2025-07-31 15:53:49,209 INFO  [io.api.tes.ser.api.KafkaSerdesTester] (Thread-332) Sending message msb: 1753977229209
lsb: 321
 to topic s9cd85071xa5eex4970x9091x284636e71943
2025-07-31 15:53:49,210 INFO  [io.api.tes.ser.api.KafkaSerdesTester] (Thread-332) Sending message msb: 1753977229210
lsb: 321
 to topic s9cd85071xa5eex4970x9091x284636e71943
2025-07-31 15:53:49,212 INFO  [io.api.tes.ser.api.KafkaSerdesTester] (Thread-332) Sending message msb: 1753977229212
lsb: 321
 to topic s9cd85071xa5eex4970x9091x284636e71943
2025-07-31 15:53:49,213 INFO  [io.api.tes.ser.api.KafkaSerdesTester] (Thread-332) Sending message msb: 1753977229213
lsb: 321
 to topic s9cd85071xa5eex4970x9091x284636e71943
2025-07-31 15:53:49,215 INFO  [io.api.tes.ser.api.KafkaSerdesTester] (Thread-332) Produced 10 messages
2025-07-31 15:53:49,215 INFO  [org.apa.kaf.cli.pro.KafkaProducer] (Thread-332) [Producer clientId=Producer-s9cd85071xa5eex4970x9091x284636e71943] Closing the Kafka producer with timeoutMillis = 9223372036854775807 ms.
2025-07-31 15:53:49,217 INFO  [org.apa.kaf.com.met.Metrics] (Thread-332) Metrics scheduler closed
2025-07-31 15:53:49,217 INFO  [org.apa.kaf.com.met.Metrics] (Thread-332) Closing reporter org.apache.kafka.common.metrics.JmxReporter
2025-07-31 15:53:49,217 INFO  [org.apa.kaf.com.met.Metrics] (Thread-332) Closing reporter org.apache.kafka.common.telemetry.internals.ClientTelemetryReporter
2025-07-31 15:53:49,217 INFO  [org.apa.kaf.com.met.Metrics] (Thread-332) Metrics reporters closed
2025-07-31 15:53:49,218 INFO  [org.apa.kaf.com.uti.AppInfoParser] (Thread-332) App info kafka.producer for Producer-s9cd85071xa5eex4970x9091x284636e71943 unregistered
2025-07-31 15:53:49,218 INFO  [org.apa.kaf.cli.con.ConsumerConfig] (main) ConsumerConfig values: 
	allow.auto.create.topics = true
	auto.commit.interval.ms = 500
	auto.include.jmx.reporter = true
	auto.offset.reset = earliest
	bootstrap.servers = [PLAINTEXT://localhost:32770]
	check.crcs = true
	client.dns.lookup = use_all_dns_ips
	client.id = consumer-Consumer-s9cd85071xa5eex4970x9091x284636e71943-28
	client.rack = 
	connections.max.idle.ms = 10000
	default.api.timeout.ms = 60000
	enable.auto.commit = true
	enable.metrics.push = true
	exclude.internal.topics = true
	fetch.max.bytes = 52428800
	fetch.max.wait.ms = 500
	fetch.min.bytes = 1
	group.id = Consumer-s9cd85071xa5eex4970x9091x284636e71943
	group.instance.id = null
	group.protocol = classic
	group.remote.assignor = null
	heartbeat.interval.ms = 3000
	interceptor.classes = []
	internal.leave.group.on.close = true
	internal.throw.on.fetch.stable.offset.unsupported = false
	isolation.level = read_uncommitted
	key.deserializer = class org.apache.kafka.common.serialization.StringDeserializer
	max.partition.fetch.bytes = 1048576
	max.poll.interval.ms = 300000
	max.poll.records = 500
	metadata.max.age.ms = 300000
	metadata.recovery.strategy = none
	metric.reporters = []
	metrics.num.samples = 2
	metrics.recording.level = INFO
	metrics.sample.window.ms = 30000
	partition.assignment.strategy = [class org.apache.kafka.clients.consumer.RangeAssignor, class org.apache.kafka.clients.consumer.CooperativeStickyAssignor]
	receive.buffer.bytes = 65536
	reconnect.backoff.max.ms = 1000
	reconnect.backoff.ms = 50
	request.timeout.ms = 5000
	retry.backoff.max.ms = 1000
	retry.backoff.ms = 100
	sasl.client.callback.handler.class = null
	sasl.jaas.config = null
	sasl.kerberos.kinit.cmd = /usr/bin/kinit
	sasl.kerberos.min.time.before.relogin = 60000
	sasl.kerberos.service.name = null
	sasl.kerberos.ticket.renew.jitter = 0.05
	sasl.kerberos.ticket.renew.window.factor = 0.8
	sasl.login.callback.handler.class = null
	sasl.login.class = null
	sasl.login.connect.timeout.ms = null
	sasl.login.read.timeout.ms = null
	sasl.login.refresh.buffer.seconds = 300
	sasl.login.refresh.min.period.seconds = 60
	sasl.login.refresh.window.factor = 0.8
	sasl.login.refresh.window.jitter = 0.05
	sasl.login.retry.backoff.max.ms = 10000
	sasl.login.retry.backoff.ms = 100
	sasl.mechanism = GSSAPI
	sasl.oauthbearer.clock.skew.seconds = 30
	sasl.oauthbearer.expected.audience = null
	sasl.oauthbearer.expected.issuer = null
	sasl.oauthbearer.header.urlencode = false
	sasl.oauthbearer.jwks.endpoint.refresh.ms = 3600000
	sasl.oauthbearer.jwks.endpoint.retry.backoff.max.ms = 10000
	sasl.oauthbearer.jwks.endpoint.retry.backoff.ms = 100
	sasl.oauthbearer.jwks.endpoint.url = null
	sasl.oauthbearer.scope.claim.name = scope
	sasl.oauthbearer.sub.claim.name = sub
	sasl.oauthbearer.token.endpoint.url = null
	security.protocol = PLAINTEXT
	security.providers = null
	send.buffer.bytes = 131072
	session.timeout.ms = 45000
	socket.connection.setup.timeout.max.ms = 30000
	socket.connection.setup.timeout.ms = 10000
	ssl.cipher.suites = null
	ssl.enabled.protocols = [TLSv1.2, TLSv1.3]
	ssl.endpoint.identification.algorithm = https
	ssl.engine.factory.class = null
	ssl.key.password = null
	ssl.keymanager.algorithm = SunX509
	ssl.keystore.certificate.chain = null
	ssl.keystore.key = null
	ssl.keystore.location = null
	ssl.keystore.password = null
	ssl.keystore.type = JKS
	ssl.protocol = TLSv1.3
	ssl.provider = null
	ssl.secure.random.implementation = null
	ssl.trustmanager.algorithm = PKIX
	ssl.truststore.certificates = null
	ssl.truststore.location = null
	ssl.truststore.password = null
	ssl.truststore.type = JKS
	value.deserializer = class io.apicurio.registry.serde.protobuf.ProtobufKafkaDeserializer

2025-07-31 15:53:49,218 INFO  [org.apa.kaf.com.tel.int.KafkaMetricsCollector] (main) initializing Kafka metrics collector
2025-07-31 15:53:49,230 INFO  [org.apa.kaf.cli.con.ConsumerConfig] (main) These configurations '[apicurio.registry.url, apicurio.registry.headers.enabled]' were supplied but are not used yet.
2025-07-31 15:53:49,230 INFO  [org.apa.kaf.com.uti.AppInfoParser] (main) Kafka version: 3.9.0
2025-07-31 15:53:49,230 INFO  [org.apa.kaf.com.uti.AppInfoParser] (main) Kafka commitId: 84caaa6e9da06435
2025-07-31 15:53:49,230 INFO  [org.apa.kaf.com.uti.AppInfoParser] (main) Kafka startTimeMs: 1753977229230
2025-07-31 15:53:49,230 INFO  [org.apa.kaf.cli.con.int.ClassicKafkaConsumer] (Thread-335) [Consumer clientId=consumer-Consumer-s9cd85071xa5eex4970x9091x284636e71943-28, groupId=Consumer-s9cd85071xa5eex4970x9091x284636e71943] Subscribed to topic(s): s9cd85071xa5eex4970x9091x284636e71943
2025-07-31 15:53:49,235 INFO  [org.apa.kaf.cli.Metadata] (Thread-335) [Consumer clientId=consumer-Consumer-s9cd85071xa5eex4970x9091x284636e71943-28, groupId=Consumer-s9cd85071xa5eex4970x9091x284636e71943] Cluster ID: k5QcScx1TGu5ZEx470RFLw
2025-07-31 15:53:49,235 INFO  [org.apa.kaf.cli.con.int.ConsumerCoordinator] (Thread-335) [Consumer clientId=consumer-Consumer-s9cd85071xa5eex4970x9091x284636e71943-28, groupId=Consumer-s9cd85071xa5eex4970x9091x284636e71943] Discovered group coordinator localhost:32770 (id: 2147483647 rack: null)
2025-07-31 15:53:49,237 INFO  [org.apa.kaf.cli.con.int.ConsumerCoordinator] (Thread-335) [Consumer clientId=consumer-Consumer-s9cd85071xa5eex4970x9091x284636e71943-28, groupId=Consumer-s9cd85071xa5eex4970x9091x284636e71943] (Re-)joining group
2025-07-31 15:53:49,241 INFO  [org.apa.kaf.cli.con.int.ConsumerCoordinator] (Thread-335) [Consumer clientId=consumer-Consumer-s9cd85071xa5eex4970x9091x284636e71943-28, groupId=Consumer-s9cd85071xa5eex4970x9091x284636e71943] Request joining group due to: need to re-join with the given member-id: consumer-Consumer-s9cd85071xa5eex4970x9091x284636e71943-28-1de11a43-5b9b-4ccb-bcf4-fd426847790f
2025-07-31 15:53:49,241 INFO  [org.apa.kaf.cli.con.int.ConsumerCoordinator] (Thread-335) [Consumer clientId=consumer-Consumer-s9cd85071xa5eex4970x9091x284636e71943-28, groupId=Consumer-s9cd85071xa5eex4970x9091x284636e71943] (Re-)joining group
2025-07-31 15:53:49,244 INFO  [org.apa.kaf.cli.con.int.ConsumerCoordinator] (Thread-335) [Consumer clientId=consumer-Consumer-s9cd85071xa5eex4970x9091x284636e71943-28, groupId=Consumer-s9cd85071xa5eex4970x9091x284636e71943] Successfully joined group with generation Generation{generationId=7, memberId='consumer-Consumer-s9cd85071xa5eex4970x9091x284636e71943-28-1de11a43-5b9b-4ccb-bcf4-fd426847790f', protocol='range'}
2025-07-31 15:53:49,244 INFO  [org.apa.kaf.cli.con.int.ConsumerCoordinator] (Thread-335) [Consumer clientId=consumer-Consumer-s9cd85071xa5eex4970x9091x284636e71943-28, groupId=Consumer-s9cd85071xa5eex4970x9091x284636e71943] Finished assignment for group at generation 7: {consumer-Consumer-s9cd85071xa5eex4970x9091x284636e71943-28-1de11a43-5b9b-4ccb-bcf4-fd426847790f=Assignment(partitions=[s9cd85071xa5eex4970x9091x284636e71943-0])}
2025-07-31 15:53:49,246 INFO  [org.apa.kaf.cli.con.int.ConsumerCoordinator] (Thread-335) [Consumer clientId=consumer-Consumer-s9cd85071xa5eex4970x9091x284636e71943-28, groupId=Consumer-s9cd85071xa5eex4970x9091x284636e71943] Successfully synced group in generation Generation{generationId=7, memberId='consumer-Consumer-s9cd85071xa5eex4970x9091x284636e71943-28-1de11a43-5b9b-4ccb-bcf4-fd426847790f', protocol='range'}
2025-07-31 15:53:49,247 INFO  [org.apa.kaf.cli.con.int.ConsumerCoordinator] (Thread-335) [Consumer clientId=consumer-Consumer-s9cd85071xa5eex4970x9091x284636e71943-28, groupId=Consumer-s9cd85071xa5eex4970x9091x284636e71943] Notifying assignor about the new Assignment(partitions=[s9cd85071xa5eex4970x9091x284636e71943-0])
2025-07-31 15:53:49,247 INFO  [org.apa.kaf.cli.con.int.ConsumerRebalanceListenerInvoker] (Thread-335) [Consumer clientId=consumer-Consumer-s9cd85071xa5eex4970x9091x284636e71943-28, groupId=Consumer-s9cd85071xa5eex4970x9091x284636e71943] Adding newly assigned partitions: s9cd85071xa5eex4970x9091x284636e71943-0
2025-07-31 15:53:49,248 INFO  [org.apa.kaf.cli.con.int.ConsumerUtils] (Thread-335) Setting offset for partition s9cd85071xa5eex4970x9091x284636e71943-0 to the committed offset FetchPosition{offset=30, offsetEpoch=Optional[0], currentLeader=LeaderAndEpoch{leader=Optional[localhost:32770 (id: 0 rack: null)], epoch=0}}
2025-07-31 15:53:49,446 INFO  [io.api.tes.ser.api.KafkaSerdesTester] (Thread-335) s9cd85071xa5eex4970x9091x284636e71943 0 30 msb: 1753977228957
lsb: 321

2025-07-31 15:53:49,446 INFO  [io.api.tes.ser.api.KafkaSerdesTester] (Thread-335) s9cd85071xa5eex4970x9091x284636e71943 0 31 msb: 1753977229202
lsb: 321

2025-07-31 15:53:49,446 INFO  [io.api.tes.ser.api.KafkaSerdesTester] (Thread-335) s9cd85071xa5eex4970x9091x284636e71943 0 32 msb: 1753977229203
lsb: 321

2025-07-31 15:53:49,446 INFO  [io.api.tes.ser.api.KafkaSerdesTester] (Thread-335) s9cd85071xa5eex4970x9091x284636e71943 0 33 msb: 1753977229204
lsb: 321

2025-07-31 15:53:49,446 INFO  [io.api.tes.ser.api.KafkaSerdesTester] (Thread-335) s9cd85071xa5eex4970x9091x284636e71943 0 34 msb: 1753977229206
lsb: 321

2025-07-31 15:53:49,446 INFO  [io.api.tes.ser.api.KafkaSerdesTester] (Thread-335) s9cd85071xa5eex4970x9091x284636e71943 0 35 msb: 1753977229207
lsb: 321

2025-07-31 15:53:49,446 INFO  [io.api.tes.ser.api.KafkaSerdesTester] (Thread-335) s9cd85071xa5eex4970x9091x284636e71943 0 36 msb: 1753977229209
lsb: 321

2025-07-31 15:53:49,447 INFO  [io.api.tes.ser.api.KafkaSerdesTester] (Thread-335) s9cd85071xa5eex4970x9091x284636e71943 0 37 msb: 1753977229210
lsb: 321

2025-07-31 15:53:49,447 INFO  [io.api.tes.ser.api.KafkaSerdesTester] (Thread-335) s9cd85071xa5eex4970x9091x284636e71943 0 38 msb: 1753977229212
lsb: 321

2025-07-31 15:53:49,447 INFO  [io.api.tes.ser.api.KafkaSerdesTester] (Thread-335) s9cd85071xa5eex4970x9091x284636e71943 0 39 msb: 1753977229213
lsb: 321

2025-07-31 15:53:49,447 INFO  [io.api.tes.ser.api.KafkaSerdesTester] (Thread-335) Consumed 10 messages
2025-07-31 15:53:49,450 INFO  [org.apa.kaf.cli.con.int.ConsumerRebalanceListenerInvoker] (Thread-335) [Consumer clientId=consumer-Consumer-s9cd85071xa5eex4970x9091x284636e71943-28, groupId=Consumer-s9cd85071xa5eex4970x9091x284636e71943] Revoke previously assigned partitions s9cd85071xa5eex4970x9091x284636e71943-0
2025-07-31 15:53:49,450 INFO  [org.apa.kaf.cli.con.int.ConsumerCoordinator] (Thread-335) [Consumer clientId=consumer-Consumer-s9cd85071xa5eex4970x9091x284636e71943-28, groupId=Consumer-s9cd85071xa5eex4970x9091x284636e71943] Member consumer-Consumer-s9cd85071xa5eex4970x9091x284636e71943-28-1de11a43-5b9b-4ccb-bcf4-fd426847790f sending LeaveGroup request to coordinator localhost:32770 (id: 2147483647 rack: null) due to the consumer is being closed
2025-07-31 15:53:49,450 INFO  [org.apa.kaf.cli.con.int.ConsumerCoordinator] (Thread-335) [Consumer clientId=consumer-Consumer-s9cd85071xa5eex4970x9091x284636e71943-28, groupId=Consumer-s9cd85071xa5eex4970x9091x284636e71943] Resetting generation and member id due to: consumer pro-actively leaving the group
2025-07-31 15:53:49,450 INFO  [org.apa.kaf.cli.con.int.ConsumerCoordinator] (Thread-335) [Consumer clientId=consumer-Consumer-s9cd85071xa5eex4970x9091x284636e71943-28, groupId=Consumer-s9cd85071xa5eex4970x9091x284636e71943] Request joining group due to: consumer pro-actively leaving the group
2025-07-31 15:53:49,948 INFO  [org.apa.kaf.com.met.Metrics] (Thread-335) Metrics scheduler closed
2025-07-31 15:53:49,949 INFO  [org.apa.kaf.com.met.Metrics] (Thread-335) Closing reporter org.apache.kafka.common.metrics.JmxReporter
2025-07-31 15:53:49,949 INFO  [org.apa.kaf.com.met.Metrics] (Thread-335) Closing reporter org.apache.kafka.common.telemetry.internals.ClientTelemetryReporter
2025-07-31 15:53:49,949 INFO  [org.apa.kaf.com.met.Metrics] (Thread-335) Metrics reporters closed
2025-07-31 15:53:49,950 INFO  [org.apa.kaf.com.uti.AppInfoParser] (Thread-335) App info kafka.consumer for consumer-Consumer-s9cd85071xa5eex4970x9091x284636e71943-28 unregistered
2025-07-31 15:53:49,952 INFO  [org.apa.kaf.cli.pro.ProducerConfig] (main) ProducerConfig values: 
	acks = -1
	auto.include.jmx.reporter = true
	batch.size = 16384
	bootstrap.servers = [PLAINTEXT://localhost:32770]
	buffer.memory = 33554432
	client.dns.lookup = use_all_dns_ips
	client.id = Producer-s9cd85071xa5eex4970x9091x284636e71943
	compression.gzip.level = -1
	compression.lz4.level = 9
	compression.type = none
	compression.zstd.level = 3
	connections.max.idle.ms = 10000
	delivery.timeout.ms = 120000
	enable.idempotence = true
	enable.metrics.push = true
	interceptor.classes = []
	key.serializer = class org.apache.kafka.common.serialization.StringSerializer
	linger.ms = 0
	max.block.ms = 60000
	max.in.flight.requests.per.connection = 5
	max.request.size = 1048576
	metadata.max.age.ms = 300000
	metadata.max.idle.ms = 300000
	metadata.recovery.strategy = none
	metric.reporters = []
	metrics.num.samples = 2
	metrics.recording.level = INFO
	metrics.sample.window.ms = 30000
	partitioner.adaptive.partitioning.enable = true
	partitioner.availability.timeout.ms = 0
	partitioner.class = null
	partitioner.ignore.keys = false
	receive.buffer.bytes = 32768
	reconnect.backoff.max.ms = 1000
	reconnect.backoff.ms = 50
	request.timeout.ms = 5000
	retries = 2147483647
	retry.backoff.max.ms = 1000
	retry.backoff.ms = 100
	sasl.client.callback.handler.class = null
	sasl.jaas.config = null
	sasl.kerberos.kinit.cmd = /usr/bin/kinit
	sasl.kerberos.min.time.before.relogin = 60000
	sasl.kerberos.service.name = null
	sasl.kerberos.ticket.renew.jitter = 0.05
	sasl.kerberos.ticket.renew.window.factor = 0.8
	sasl.login.callback.handler.class = null
	sasl.login.class = null
	sasl.login.connect.timeout.ms = null
	sasl.login.read.timeout.ms = null
	sasl.login.refresh.buffer.seconds = 300
	sasl.login.refresh.min.period.seconds = 60
	sasl.login.refresh.window.factor = 0.8
	sasl.login.refresh.window.jitter = 0.05
	sasl.login.retry.backoff.max.ms = 10000
	sasl.login.retry.backoff.ms = 100
	sasl.mechanism = GSSAPI
	sasl.oauthbearer.clock.skew.seconds = 30
	sasl.oauthbearer.expected.audience = null
	sasl.oauthbearer.expected.issuer = null
	sasl.oauthbearer.header.urlencode = false
	sasl.oauthbearer.jwks.endpoint.refresh.ms = 3600000
	sasl.oauthbearer.jwks.endpoint.retry.backoff.max.ms = 10000
	sasl.oauthbearer.jwks.endpoint.retry.backoff.ms = 100
	sasl.oauthbearer.jwks.endpoint.url = null
	sasl.oauthbearer.scope.claim.name = scope
	sasl.oauthbearer.sub.claim.name = sub
	sasl.oauthbearer.token.endpoint.url = null
	security.protocol = PLAINTEXT
	security.providers = null
	send.buffer.bytes = 131072
	socket.connection.setup.timeout.max.ms = 30000
	socket.connection.setup.timeout.ms = 10000
	ssl.cipher.suites = null
	ssl.enabled.protocols = [TLSv1.2, TLSv1.3]
	ssl.endpoint.identification.algorithm = https
	ssl.engine.factory.class = null
	ssl.key.password = null
	ssl.keymanager.algorithm = SunX509
	ssl.keystore.certificate.chain = null
	ssl.keystore.key = null
	ssl.keystore.location = null
	ssl.keystore.password = null
	ssl.keystore.type = JKS
	ssl.protocol = TLSv1.3
	ssl.provider = null
	ssl.secure.random.implementation = null
	ssl.trustmanager.algorithm = PKIX
	ssl.truststore.certificates = null
	ssl.truststore.location = null
	ssl.truststore.password = null
	ssl.truststore.type = JKS
	transaction.timeout.ms = 60000
	transactional.id = null
	value.serializer = class io.apicurio.registry.serde.protobuf.ProtobufKafkaSerializer

2025-07-31 15:53:49,952 INFO  [org.apa.kaf.com.tel.int.KafkaMetricsCollector] (main) initializing Kafka metrics collector
2025-07-31 15:53:49,958 INFO  [org.apa.kaf.cli.pro.KafkaProducer] (main) [Producer clientId=Producer-s9cd85071xa5eex4970x9091x284636e71943] Instantiated an idempotent producer.
2025-07-31 15:53:49,960 INFO  [org.apa.kaf.cli.pro.ProducerConfig] (main) These configurations '[apicurio.registry.url, apicurio.registry.headers.enabled, apicurio.registry.artifact-resolver-strategy, apicurio.registry.artifact.version]' were supplied but are not used yet.
2025-07-31 15:53:49,960 INFO  [org.apa.kaf.com.uti.AppInfoParser] (main) Kafka version: 3.9.0
2025-07-31 15:53:49,960 INFO  [org.apa.kaf.com.uti.AppInfoParser] (main) Kafka commitId: 84caaa6e9da06435
2025-07-31 15:53:49,960 INFO  [org.apa.kaf.com.uti.AppInfoParser] (main) Kafka startTimeMs: 1753977229960
2025-07-31 15:53:49,960 INFO  [io.api.tes.ser.api.SimpleSerdesTesterBuilder$SimpleSerdesTester] (main) Using producer configuration: {apicurio.registry.url=http://registry-app-kafkasql.apps.ci419.apicurio-testing.org:80/apis/registry/v3, apicurio.registry.headers.enabled=true, apicurio.registry.artifact-resolver-strategy=io.apicurio.registry.serde.strategy.TopicIdStrategy, value.serializer=io.apicurio.registry.serde.protobuf.ProtobufKafkaSerializer, request.timeout.ms=5000, acks=all, bootstrap.servers=PLAINTEXT://localhost:32770, connections.max.idle.ms=10000, apicurio.registry.artifact.version=2, key.serializer=org.apache.kafka.common.serialization.StringSerializer, client.id=Producer-s9cd85071xa5eex4970x9091x284636e71943}
2025-07-31 15:53:49,960 INFO  [io.api.tes.ser.api.SimpleSerdesTesterBuilder$SimpleSerdesTester] (main) Using consumer configuration: {apicurio.registry.headers.enabled=true}
2025-07-31 15:53:49,962 INFO  [io.api.tes.ser.api.KafkaSerdesTester] (Thread-338) Sending message msb: 1753977229961
lsb: 321
 to topic s9cd85071xa5eex4970x9091x284636e71943
2025-07-31 15:53:49,964 INFO  [org.apa.kaf.cli.Metadata] (kafka-producer-network-thread | Producer-s9cd85071xa5eex4970x9091x284636e71943) [Producer clientId=Producer-s9cd85071xa5eex4970x9091x284636e71943] Cluster ID: k5QcScx1TGu5ZEx470RFLw
2025-07-31 15:53:49,967 INFO  [org.apa.kaf.cli.pro.int.TransactionManager] (kafka-producer-network-thread | Producer-s9cd85071xa5eex4970x9091x284636e71943) [Producer clientId=Producer-s9cd85071xa5eex4970x9091x284636e71943] ProducerId set to 39 with epoch 0
2025-07-31 15:53:50,228 INFO  [io.api.tes.ser.api.KafkaSerdesTester] (Thread-338) Sending message msb: 1753977230228
lsb: 321
 to topic s9cd85071xa5eex4970x9091x284636e71943
2025-07-31 15:53:50,230 INFO  [io.api.tes.ser.api.KafkaSerdesTester] (Thread-338) Sending message msb: 1753977230229
lsb: 321
 to topic s9cd85071xa5eex4970x9091x284636e71943
2025-07-31 15:53:50,233 INFO  [io.api.tes.ser.api.KafkaSerdesTester] (Thread-338) Sending message msb: 1753977230233
lsb: 321
 to topic s9cd85071xa5eex4970x9091x284636e71943
2025-07-31 15:53:50,235 INFO  [io.api.tes.ser.api.KafkaSerdesTester] (Thread-338) Sending message msb: 1753977230235
lsb: 321
 to topic s9cd85071xa5eex4970x9091x284636e71943
2025-07-31 15:53:50,236 INFO  [io.api.tes.ser.api.KafkaSerdesTester] (Thread-338) Sending message msb: 1753977230236
lsb: 321
 to topic s9cd85071xa5eex4970x9091x284636e71943
2025-07-31 15:53:50,239 INFO  [io.api.tes.ser.api.KafkaSerdesTester] (Thread-338) Sending message msb: 1753977230239
lsb: 321
 to topic s9cd85071xa5eex4970x9091x284636e71943
2025-07-31 15:53:50,240 INFO  [io.api.tes.ser.api.KafkaSerdesTester] (Thread-338) Sending message msb: 1753977230240
lsb: 321
 to topic s9cd85071xa5eex4970x9091x284636e71943
2025-07-31 15:53:50,241 INFO  [io.api.tes.ser.api.KafkaSerdesTester] (Thread-338) Sending message msb: 1753977230241
lsb: 321
 to topic s9cd85071xa5eex4970x9091x284636e71943
2025-07-31 15:53:50,243 INFO  [io.api.tes.ser.api.KafkaSerdesTester] (Thread-338) Sending message msb: 1753977230243
lsb: 321
 to topic s9cd85071xa5eex4970x9091x284636e71943
2025-07-31 15:53:50,244 INFO  [io.api.tes.ser.api.KafkaSerdesTester] (Thread-338) Produced 10 messages
2025-07-31 15:53:50,244 INFO  [org.apa.kaf.cli.pro.KafkaProducer] (Thread-338) [Producer clientId=Producer-s9cd85071xa5eex4970x9091x284636e71943] Closing the Kafka producer with timeoutMillis = 9223372036854775807 ms.
2025-07-31 15:53:50,246 INFO  [org.apa.kaf.com.met.Metrics] (Thread-338) Metrics scheduler closed
2025-07-31 15:53:50,246 INFO  [org.apa.kaf.com.met.Metrics] (Thread-338) Closing reporter org.apache.kafka.common.metrics.JmxReporter
2025-07-31 15:53:50,246 INFO  [org.apa.kaf.com.met.Metrics] (Thread-338) Closing reporter org.apache.kafka.common.telemetry.internals.ClientTelemetryReporter
2025-07-31 15:53:50,246 INFO  [org.apa.kaf.com.met.Metrics] (Thread-338) Metrics reporters closed
2025-07-31 15:53:50,246 INFO  [org.apa.kaf.com.uti.AppInfoParser] (Thread-338) App info kafka.producer for Producer-s9cd85071xa5eex4970x9091x284636e71943 unregistered
2025-07-31 15:53:50,247 INFO  [org.apa.kaf.cli.con.ConsumerConfig] (main) ConsumerConfig values: 
	allow.auto.create.topics = true
	auto.commit.interval.ms = 500
	auto.include.jmx.reporter = true
	auto.offset.reset = earliest
	bootstrap.servers = [PLAINTEXT://localhost:32770]
	check.crcs = true
	client.dns.lookup = use_all_dns_ips
	client.id = consumer-Consumer-s9cd85071xa5eex4970x9091x284636e71943-29
	client.rack = 
	connections.max.idle.ms = 10000
	default.api.timeout.ms = 60000
	enable.auto.commit = true
	enable.metrics.push = true
	exclude.internal.topics = true
	fetch.max.bytes = 52428800
	fetch.max.wait.ms = 500
	fetch.min.bytes = 1
	group.id = Consumer-s9cd85071xa5eex4970x9091x284636e71943
	group.instance.id = null
	group.protocol = classic
	group.remote.assignor = null
	heartbeat.interval.ms = 3000
	interceptor.classes = []
	internal.leave.group.on.close = true
	internal.throw.on.fetch.stable.offset.unsupported = false
	isolation.level = read_uncommitted
	key.deserializer = class org.apache.kafka.common.serialization.StringDeserializer
	max.partition.fetch.bytes = 1048576
	max.poll.interval.ms = 300000
	max.poll.records = 500
	metadata.max.age.ms = 300000
	metadata.recovery.strategy = none
	metric.reporters = []
	metrics.num.samples = 2
	metrics.recording.level = INFO
	metrics.sample.window.ms = 30000
	partition.assignment.strategy = [class org.apache.kafka.clients.consumer.RangeAssignor, class org.apache.kafka.clients.consumer.CooperativeStickyAssignor]
	receive.buffer.bytes = 65536
	reconnect.backoff.max.ms = 1000
	reconnect.backoff.ms = 50
	request.timeout.ms = 5000
	retry.backoff.max.ms = 1000
	retry.backoff.ms = 100
	sasl.client.callback.handler.class = null
	sasl.jaas.config = null
	sasl.kerberos.kinit.cmd = /usr/bin/kinit
	sasl.kerberos.min.time.before.relogin = 60000
	sasl.kerberos.service.name = null
	sasl.kerberos.ticket.renew.jitter = 0.05
	sasl.kerberos.ticket.renew.window.factor = 0.8
	sasl.login.callback.handler.class = null
	sasl.login.class = null
	sasl.login.connect.timeout.ms = null
	sasl.login.read.timeout.ms = null
	sasl.login.refresh.buffer.seconds = 300
	sasl.login.refresh.min.period.seconds = 60
	sasl.login.refresh.window.factor = 0.8
	sasl.login.refresh.window.jitter = 0.05
	sasl.login.retry.backoff.max.ms = 10000
	sasl.login.retry.backoff.ms = 100
	sasl.mechanism = GSSAPI
	sasl.oauthbearer.clock.skew.seconds = 30
	sasl.oauthbearer.expected.audience = null
	sasl.oauthbearer.expected.issuer = null
	sasl.oauthbearer.header.urlencode = false
	sasl.oauthbearer.jwks.endpoint.refresh.ms = 3600000
	sasl.oauthbearer.jwks.endpoint.retry.backoff.max.ms = 10000
	sasl.oauthbearer.jwks.endpoint.retry.backoff.ms = 100
	sasl.oauthbearer.jwks.endpoint.url = null
	sasl.oauthbearer.scope.claim.name = scope
	sasl.oauthbearer.sub.claim.name = sub
	sasl.oauthbearer.token.endpoint.url = null
	security.protocol = PLAINTEXT
	security.providers = null
	send.buffer.bytes = 131072
	session.timeout.ms = 45000
	socket.connection.setup.timeout.max.ms = 30000
	socket.connection.setup.timeout.ms = 10000
	ssl.cipher.suites = null
	ssl.enabled.protocols = [TLSv1.2, TLSv1.3]
	ssl.endpoint.identification.algorithm = https
	ssl.engine.factory.class = null
	ssl.key.password = null
	ssl.keymanager.algorithm = SunX509
	ssl.keystore.certificate.chain = null
	ssl.keystore.key = null
	ssl.keystore.location = null
	ssl.keystore.password = null
	ssl.keystore.type = JKS
	ssl.protocol = TLSv1.3
	ssl.provider = null
	ssl.secure.random.implementation = null
	ssl.trustmanager.algorithm = PKIX
	ssl.truststore.certificates = null
	ssl.truststore.location = null
	ssl.truststore.password = null
	ssl.truststore.type = JKS
	value.deserializer = class io.apicurio.registry.serde.protobuf.ProtobufKafkaDeserializer

2025-07-31 15:53:50,247 INFO  [org.apa.kaf.com.tel.int.KafkaMetricsCollector] (main) initializing Kafka metrics collector
2025-07-31 15:53:50,251 INFO  [org.apa.kaf.cli.con.ConsumerConfig] (main) These configurations '[apicurio.registry.url, apicurio.registry.headers.enabled]' were supplied but are not used yet.
2025-07-31 15:53:50,251 INFO  [org.apa.kaf.com.uti.AppInfoParser] (main) Kafka version: 3.9.0
2025-07-31 15:53:50,251 INFO  [org.apa.kaf.com.uti.AppInfoParser] (main) Kafka commitId: 84caaa6e9da06435
2025-07-31 15:53:50,251 INFO  [org.apa.kaf.com.uti.AppInfoParser] (main) Kafka startTimeMs: 1753977230251
2025-07-31 15:53:50,252 INFO  [org.apa.kaf.cli.con.int.ClassicKafkaConsumer] (Thread-341) [Consumer clientId=consumer-Consumer-s9cd85071xa5eex4970x9091x284636e71943-29, groupId=Consumer-s9cd85071xa5eex4970x9091x284636e71943] Subscribed to topic(s): s9cd85071xa5eex4970x9091x284636e71943
2025-07-31 15:53:50,255 INFO  [org.apa.kaf.cli.Metadata] (Thread-341) [Consumer clientId=consumer-Consumer-s9cd85071xa5eex4970x9091x284636e71943-29, groupId=Consumer-s9cd85071xa5eex4970x9091x284636e71943] Cluster ID: k5QcScx1TGu5ZEx470RFLw
2025-07-31 15:53:50,255 INFO  [org.apa.kaf.cli.con.int.ConsumerCoordinator] (Thread-341) [Consumer clientId=consumer-Consumer-s9cd85071xa5eex4970x9091x284636e71943-29, groupId=Consumer-s9cd85071xa5eex4970x9091x284636e71943] Discovered group coordinator localhost:32770 (id: 2147483647 rack: null)
2025-07-31 15:53:50,256 INFO  [org.apa.kaf.cli.con.int.ConsumerCoordinator] (Thread-341) [Consumer clientId=consumer-Consumer-s9cd85071xa5eex4970x9091x284636e71943-29, groupId=Consumer-s9cd85071xa5eex4970x9091x284636e71943] (Re-)joining group
2025-07-31 15:53:50,258 INFO  [org.apa.kaf.cli.con.int.ConsumerCoordinator] (Thread-341) [Consumer clientId=consumer-Consumer-s9cd85071xa5eex4970x9091x284636e71943-29, groupId=Consumer-s9cd85071xa5eex4970x9091x284636e71943] Request joining group due to: need to re-join with the given member-id: consumer-Consumer-s9cd85071xa5eex4970x9091x284636e71943-29-0d48a50b-963a-40cd-869d-808f509c085b
2025-07-31 15:53:50,258 INFO  [org.apa.kaf.cli.con.int.ConsumerCoordinator] (Thread-341) [Consumer clientId=consumer-Consumer-s9cd85071xa5eex4970x9091x284636e71943-29, groupId=Consumer-s9cd85071xa5eex4970x9091x284636e71943] (Re-)joining group
2025-07-31 15:53:50,259 INFO  [org.apa.kaf.cli.con.int.ConsumerCoordinator] (Thread-341) [Consumer clientId=consumer-Consumer-s9cd85071xa5eex4970x9091x284636e71943-29, groupId=Consumer-s9cd85071xa5eex4970x9091x284636e71943] Successfully joined group with generation Generation{generationId=9, memberId='consumer-Consumer-s9cd85071xa5eex4970x9091x284636e71943-29-0d48a50b-963a-40cd-869d-808f509c085b', protocol='range'}
2025-07-31 15:53:50,260 INFO  [org.apa.kaf.cli.con.int.ConsumerCoordinator] (Thread-341) [Consumer clientId=consumer-Consumer-s9cd85071xa5eex4970x9091x284636e71943-29, groupId=Consumer-s9cd85071xa5eex4970x9091x284636e71943] Finished assignment for group at generation 9: {consumer-Consumer-s9cd85071xa5eex4970x9091x284636e71943-29-0d48a50b-963a-40cd-869d-808f509c085b=Assignment(partitions=[s9cd85071xa5eex4970x9091x284636e71943-0])}
2025-07-31 15:53:50,261 INFO  [org.apa.kaf.cli.con.int.ConsumerCoordinator] (Thread-341) [Consumer clientId=consumer-Consumer-s9cd85071xa5eex4970x9091x284636e71943-29, groupId=Consumer-s9cd85071xa5eex4970x9091x284636e71943] Successfully synced group in generation Generation{generationId=9, memberId='consumer-Consumer-s9cd85071xa5eex4970x9091x284636e71943-29-0d48a50b-963a-40cd-869d-808f509c085b', protocol='range'}
2025-07-31 15:53:50,261 INFO  [org.apa.kaf.cli.con.int.ConsumerCoordinator] (Thread-341) [Consumer clientId=consumer-Consumer-s9cd85071xa5eex4970x9091x284636e71943-29, groupId=Consumer-s9cd85071xa5eex4970x9091x284636e71943] Notifying assignor about the new Assignment(partitions=[s9cd85071xa5eex4970x9091x284636e71943-0])
2025-07-31 15:53:50,261 INFO  [org.apa.kaf.cli.con.int.ConsumerRebalanceListenerInvoker] (Thread-341) [Consumer clientId=consumer-Consumer-s9cd85071xa5eex4970x9091x284636e71943-29, groupId=Consumer-s9cd85071xa5eex4970x9091x284636e71943] Adding newly assigned partitions: s9cd85071xa5eex4970x9091x284636e71943-0
2025-07-31 15:53:50,262 INFO  [org.apa.kaf.cli.con.int.ConsumerUtils] (Thread-341) Setting offset for partition s9cd85071xa5eex4970x9091x284636e71943-0 to the committed offset FetchPosition{offset=40, offsetEpoch=Optional[0], currentLeader=LeaderAndEpoch{leader=Optional[localhost:32770 (id: 0 rack: null)], epoch=0}}
2025-07-31 15:53:50,461 INFO  [io.api.tes.ser.api.KafkaSerdesTester] (Thread-341) s9cd85071xa5eex4970x9091x284636e71943 0 40 msb: 1753977229961
lsb: 321

2025-07-31 15:53:50,461 INFO  [io.api.tes.ser.api.KafkaSerdesTester] (Thread-341) s9cd85071xa5eex4970x9091x284636e71943 0 41 msb: 1753977230228
lsb: 321

2025-07-31 15:53:50,461 INFO  [io.api.tes.ser.api.KafkaSerdesTester] (Thread-341) s9cd85071xa5eex4970x9091x284636e71943 0 42 msb: 1753977230229
lsb: 321

2025-07-31 15:53:50,461 INFO  [io.api.tes.ser.api.KafkaSerdesTester] (Thread-341) s9cd85071xa5eex4970x9091x284636e71943 0 43 msb: 1753977230233
lsb: 321

2025-07-31 15:53:50,461 INFO  [io.api.tes.ser.api.KafkaSerdesTester] (Thread-341) s9cd85071xa5eex4970x9091x284636e71943 0 44 msb: 1753977230235
lsb: 321

2025-07-31 15:53:50,461 INFO  [io.api.tes.ser.api.KafkaSerdesTester] (Thread-341) s9cd85071xa5eex4970x9091x284636e71943 0 45 msb: 1753977230236
lsb: 321

2025-07-31 15:53:50,461 INFO  [io.api.tes.ser.api.KafkaSerdesTester] (Thread-341) s9cd85071xa5eex4970x9091x284636e71943 0 46 msb: 1753977230239
lsb: 321

2025-07-31 15:53:50,461 INFO  [io.api.tes.ser.api.KafkaSerdesTester] (Thread-341) s9cd85071xa5eex4970x9091x284636e71943 0 47 msb: 1753977230240
lsb: 321

2025-07-31 15:53:50,461 INFO  [io.api.tes.ser.api.KafkaSerdesTester] (Thread-341) s9cd85071xa5eex4970x9091x284636e71943 0 48 msb: 1753977230241
lsb: 321

2025-07-31 15:53:50,461 INFO  [io.api.tes.ser.api.KafkaSerdesTester] (Thread-341) s9cd85071xa5eex4970x9091x284636e71943 0 49 msb: 1753977230243
lsb: 321

2025-07-31 15:53:50,461 INFO  [io.api.tes.ser.api.KafkaSerdesTester] (Thread-341) Consumed 10 messages
2025-07-31 15:53:50,466 INFO  [org.apa.kaf.cli.con.int.ConsumerRebalanceListenerInvoker] (Thread-341) [Consumer clientId=consumer-Consumer-s9cd85071xa5eex4970x9091x284636e71943-29, groupId=Consumer-s9cd85071xa5eex4970x9091x284636e71943] Revoke previously assigned partitions s9cd85071xa5eex4970x9091x284636e71943-0
2025-07-31 15:53:50,466 INFO  [org.apa.kaf.cli.con.int.ConsumerCoordinator] (Thread-341) [Consumer clientId=consumer-Consumer-s9cd85071xa5eex4970x9091x284636e71943-29, groupId=Consumer-s9cd85071xa5eex4970x9091x284636e71943] Member consumer-Consumer-s9cd85071xa5eex4970x9091x284636e71943-29-0d48a50b-963a-40cd-869d-808f509c085b sending LeaveGroup request to coordinator localhost:32770 (id: 2147483647 rack: null) due to the consumer is being closed
2025-07-31 15:53:50,467 INFO  [org.apa.kaf.cli.con.int.ConsumerCoordinator] (Thread-341) [Consumer clientId=consumer-Consumer-s9cd85071xa5eex4970x9091x284636e71943-29, groupId=Consumer-s9cd85071xa5eex4970x9091x284636e71943] Resetting generation and member id due to: consumer pro-actively leaving the group
2025-07-31 15:53:50,467 INFO  [org.apa.kaf.cli.con.int.ConsumerCoordinator] (Thread-341) [Consumer clientId=consumer-Consumer-s9cd85071xa5eex4970x9091x284636e71943-29, groupId=Consumer-s9cd85071xa5eex4970x9091x284636e71943] Request joining group due to: consumer pro-actively leaving the group
2025-07-31 15:53:50,965 INFO  [org.apa.kaf.com.met.Metrics] (Thread-341) Metrics scheduler closed
2025-07-31 15:53:50,965 INFO  [org.apa.kaf.com.met.Metrics] (Thread-341) Closing reporter org.apache.kafka.common.metrics.JmxReporter
2025-07-31 15:53:50,965 INFO  [org.apa.kaf.com.met.Metrics] (Thread-341) Closing reporter org.apache.kafka.common.telemetry.internals.ClientTelemetryReporter
2025-07-31 15:53:50,965 INFO  [org.apa.kaf.com.met.Metrics] (Thread-341) Metrics reporters closed
2025-07-31 15:53:50,967 INFO  [org.apa.kaf.com.uti.AppInfoParser] (Thread-341) App info kafka.consumer for consumer-Consumer-s9cd85071xa5eex4970x9091x284636e71943-29 unregistered
2025-07-31 15:53:50,967 INFO  [io.api.tes.uti.TestSeparator] (main) io.apicurio.tests.serdes.apicurio.ProtobufSerdeIT.testValidation-FINISHED
2025-07-31 15:53:50,967 INFO  [io.api.tes.uti.TestSeparator] (main) ############################################################################
]]></system-out>
  </testcase>
  <testcase name="testArtifactNotFound" classname="io.apicurio.tests.serdes.apicurio.ProtobufSerdeIT" time="0.004">
    <system-out><![CDATA[2025-07-31 15:53:50,969 INFO  [io.api.tes.uti.TestSeparator] (main) ############################################################################
2025-07-31 15:53:50,969 INFO  [io.api.tes.uti.TestSeparator] (main) io.apicurio.tests.serdes.apicurio.ProtobufSerdeIT.testArtifactNotFound-STARTED
2025-07-31 15:53:50,971 INFO  [io.api.tes.uti.TestSeparator] (main) io.apicurio.tests.serdes.apicurio.ProtobufSerdeIT.testArtifactNotFound-FINISHED
2025-07-31 15:53:50,971 INFO  [io.api.tes.uti.TestSeparator] (main) ############################################################################
]]></system-out>
  </testcase>
  <testcase name="testTopicIdStrategyFindLatest" classname="io.apicurio.tests.serdes.apicurio.ProtobufSerdeIT" time="1.171">
    <system-out><![CDATA[2025-07-31 15:53:50,973 INFO  [io.api.tes.uti.TestSeparator] (main) ############################################################################
2025-07-31 15:53:50,974 INFO  [io.api.tes.uti.TestSeparator] (main) io.apicurio.tests.serdes.apicurio.ProtobufSerdeIT.testTopicIdStrategyFindLatest-STARTED
2025-07-31 15:53:52,142 INFO  [io.api.tes.uti.TestSeparator] (main) io.apicurio.tests.serdes.apicurio.ProtobufSerdeIT.testTopicIdStrategyFindLatest-FINISHED
2025-07-31 15:53:52,142 INFO  [io.api.tes.uti.TestSeparator] (main) ############################################################################
]]></system-out>
  </testcase>
  <testcase name="testWrongSchemaFindLatest" classname="io.apicurio.tests.serdes.apicurio.ProtobufSerdeIT" time="1.164">
    <system-out><![CDATA[2025-07-31 15:53:52,144 INFO  [io.api.tes.uti.TestSeparator] (main) ############################################################################
2025-07-31 15:53:52,144 INFO  [io.api.tes.uti.TestSeparator] (main) io.apicurio.tests.serdes.apicurio.ProtobufSerdeIT.testWrongSchemaFindLatest-STARTED
2025-07-31 15:53:53,307 INFO  [io.api.tes.uti.TestSeparator] (main) io.apicurio.tests.serdes.apicurio.ProtobufSerdeIT.testWrongSchemaFindLatest-FINISHED
2025-07-31 15:53:53,307 INFO  [io.api.tes.uti.TestSeparator] (main) ############################################################################
]]></system-out>
  </testcase>
  <testcase name="testAutoRegisterDeriveClassProtobufType" classname="io.apicurio.tests.serdes.apicurio.ProtobufSerdeIT" time="1.413">
    <system-out><![CDATA[2025-07-31 15:53:53,308 INFO  [io.api.tes.uti.TestSeparator] (main) ############################################################################
2025-07-31 15:53:53,308 INFO  [io.api.tes.uti.TestSeparator] (main) io.apicurio.tests.serdes.apicurio.ProtobufSerdeIT.testAutoRegisterDeriveClassProtobufType-STARTED
2025-07-31 15:53:53,309 INFO  [org.apa.kaf.cli.pro.ProducerConfig] (main) ProducerConfig values: 
	acks = -1
	auto.include.jmx.reporter = true
	batch.size = 16384
	bootstrap.servers = [PLAINTEXT://localhost:32770]
	buffer.memory = 33554432
	client.dns.lookup = use_all_dns_ips
	client.id = Producer-topic-5ec6f8c0_e2ba_4a24_8279_c9fa54871bd5
	compression.gzip.level = -1
	compression.lz4.level = 9
	compression.type = none
	compression.zstd.level = 3
	connections.max.idle.ms = 10000
	delivery.timeout.ms = 120000
	enable.idempotence = true
	enable.metrics.push = true
	interceptor.classes = []
	key.serializer = class org.apache.kafka.common.serialization.StringSerializer
	linger.ms = 0
	max.block.ms = 60000
	max.in.flight.requests.per.connection = 5
	max.request.size = 1048576
	metadata.max.age.ms = 300000
	metadata.max.idle.ms = 300000
	metadata.recovery.strategy = none
	metric.reporters = []
	metrics.num.samples = 2
	metrics.recording.level = INFO
	metrics.sample.window.ms = 30000
	partitioner.adaptive.partitioning.enable = true
	partitioner.availability.timeout.ms = 0
	partitioner.class = null
	partitioner.ignore.keys = false
	receive.buffer.bytes = 32768
	reconnect.backoff.max.ms = 1000
	reconnect.backoff.ms = 50
	request.timeout.ms = 5000
	retries = 2147483647
	retry.backoff.max.ms = 1000
	retry.backoff.ms = 100
	sasl.client.callback.handler.class = null
	sasl.jaas.config = null
	sasl.kerberos.kinit.cmd = /usr/bin/kinit
	sasl.kerberos.min.time.before.relogin = 60000
	sasl.kerberos.service.name = null
	sasl.kerberos.ticket.renew.jitter = 0.05
	sasl.kerberos.ticket.renew.window.factor = 0.8
	sasl.login.callback.handler.class = null
	sasl.login.class = null
	sasl.login.connect.timeout.ms = null
	sasl.login.read.timeout.ms = null
	sasl.login.refresh.buffer.seconds = 300
	sasl.login.refresh.min.period.seconds = 60
	sasl.login.refresh.window.factor = 0.8
	sasl.login.refresh.window.jitter = 0.05
	sasl.login.retry.backoff.max.ms = 10000
	sasl.login.retry.backoff.ms = 100
	sasl.mechanism = GSSAPI
	sasl.oauthbearer.clock.skew.seconds = 30
	sasl.oauthbearer.expected.audience = null
	sasl.oauthbearer.expected.issuer = null
	sasl.oauthbearer.header.urlencode = false
	sasl.oauthbearer.jwks.endpoint.refresh.ms = 3600000
	sasl.oauthbearer.jwks.endpoint.retry.backoff.max.ms = 10000
	sasl.oauthbearer.jwks.endpoint.retry.backoff.ms = 100
	sasl.oauthbearer.jwks.endpoint.url = null
	sasl.oauthbearer.scope.claim.name = scope
	sasl.oauthbearer.sub.claim.name = sub
	sasl.oauthbearer.token.endpoint.url = null
	security.protocol = PLAINTEXT
	security.providers = null
	send.buffer.bytes = 131072
	socket.connection.setup.timeout.max.ms = 30000
	socket.connection.setup.timeout.ms = 10000
	ssl.cipher.suites = null
	ssl.enabled.protocols = [TLSv1.2, TLSv1.3]
	ssl.endpoint.identification.algorithm = https
	ssl.engine.factory.class = null
	ssl.key.password = null
	ssl.keymanager.algorithm = SunX509
	ssl.keystore.certificate.chain = null
	ssl.keystore.key = null
	ssl.keystore.location = null
	ssl.keystore.password = null
	ssl.keystore.type = JKS
	ssl.protocol = TLSv1.3
	ssl.provider = null
	ssl.secure.random.implementation = null
	ssl.trustmanager.algorithm = PKIX
	ssl.truststore.certificates = null
	ssl.truststore.location = null
	ssl.truststore.password = null
	ssl.truststore.type = JKS
	transaction.timeout.ms = 60000
	transactional.id = null
	value.serializer = class io.apicurio.registry.serde.protobuf.ProtobufKafkaSerializer

2025-07-31 15:53:53,310 INFO  [org.apa.kaf.com.tel.int.KafkaMetricsCollector] (main) initializing Kafka metrics collector
2025-07-31 15:53:53,314 INFO  [org.apa.kaf.cli.pro.KafkaProducer] (main) [Producer clientId=Producer-topic-5ec6f8c0_e2ba_4a24_8279_c9fa54871bd5] Instantiated an idempotent producer.
2025-07-31 15:53:53,316 INFO  [org.apa.kaf.cli.pro.ProducerConfig] (main) These configurations '[apicurio.registry.url, apicurio.registry.auto-register, apicurio.registry.artifact-resolver-strategy]' were supplied but are not used yet.
2025-07-31 15:53:53,316 INFO  [org.apa.kaf.com.uti.AppInfoParser] (main) Kafka version: 3.9.0
2025-07-31 15:53:53,316 INFO  [org.apa.kaf.com.uti.AppInfoParser] (main) Kafka commitId: 84caaa6e9da06435
2025-07-31 15:53:53,316 INFO  [org.apa.kaf.com.uti.AppInfoParser] (main) Kafka startTimeMs: 1753977233316
2025-07-31 15:53:53,317 INFO  [io.api.tes.ser.api.SimpleSerdesTesterBuilder$SimpleSerdesTester] (main) Using producer configuration: {apicurio.registry.url=http://registry-app-kafkasql.apps.ci419.apicurio-testing.org:80/apis/registry/v3, apicurio.registry.auto-register=true, apicurio.registry.artifact-resolver-strategy=io.apicurio.registry.serde.strategy.TopicIdStrategy, value.serializer=io.apicurio.registry.serde.protobuf.ProtobufKafkaSerializer, request.timeout.ms=5000, acks=all, bootstrap.servers=PLAINTEXT://localhost:32770, connections.max.idle.ms=10000, key.serializer=org.apache.kafka.common.serialization.StringSerializer, client.id=Producer-topic-5ec6f8c0_e2ba_4a24_8279_c9fa54871bd5}
2025-07-31 15:53:53,317 INFO  [io.api.tes.ser.api.SimpleSerdesTesterBuilder$SimpleSerdesTester] (main) Using consumer configuration: {apicurio.protobuf.derive.class=true}
2025-07-31 15:53:53,318 INFO  [io.api.tes.ser.api.KafkaSerdesTester] (Thread-344) Sending message header {
  time {
  }
}
d1: 1.753977233317E12
s1: "a"
i1: 123
bi1: 1
point {
  longitude: 22.0
  latitude: 22.0
  altitude: 1.0
}
 to topic topic-5ec6f8c0_e2ba_4a24_8279_c9fa54871bd5
2025-07-31 15:53:53,324 WARN  [org.apa.kaf.cli.NetworkClient] (kafka-producer-network-thread | Producer-topic-5ec6f8c0_e2ba_4a24_8279_c9fa54871bd5) [Producer clientId=Producer-topic-5ec6f8c0_e2ba_4a24_8279_c9fa54871bd5] The metadata response from the cluster reported a recoverable issue with correlation id 2 : {topic-5ec6f8c0_e2ba_4a24_8279_c9fa54871bd5=LEADER_NOT_AVAILABLE}
2025-07-31 15:53:53,324 INFO  [org.apa.kaf.cli.Metadata] (kafka-producer-network-thread | Producer-topic-5ec6f8c0_e2ba_4a24_8279_c9fa54871bd5) [Producer clientId=Producer-topic-5ec6f8c0_e2ba_4a24_8279_c9fa54871bd5] Cluster ID: k5QcScx1TGu5ZEx470RFLw
2025-07-31 15:53:53,329 INFO  [org.apa.kaf.cli.pro.int.TransactionManager] (kafka-producer-network-thread | Producer-topic-5ec6f8c0_e2ba_4a24_8279_c9fa54871bd5) [Producer clientId=Producer-topic-5ec6f8c0_e2ba_4a24_8279_c9fa54871bd5] ProducerId set to 40 with epoch 0
2025-07-31 15:53:53,684 INFO  [io.api.tes.ser.api.KafkaSerdesTester] (Thread-344) Sending message header {
  time {
  }
}
d1: 1.753977233684E12
s1: "a"
i1: 123
bi1: 1
point {
  longitude: 22.0
  latitude: 22.0
  altitude: 1.0
}
 to topic topic-5ec6f8c0_e2ba_4a24_8279_c9fa54871bd5
2025-07-31 15:53:53,686 INFO  [io.api.tes.ser.api.KafkaSerdesTester] (Thread-344) Sending message header {
  time {
  }
}
d1: 1.753977233686E12
s1: "a"
i1: 123
bi1: 1
point {
  longitude: 22.0
  latitude: 22.0
  altitude: 1.0
}
 to topic topic-5ec6f8c0_e2ba_4a24_8279_c9fa54871bd5
2025-07-31 15:53:53,688 INFO  [io.api.tes.ser.api.KafkaSerdesTester] (Thread-344) Sending message header {
  time {
  }
}
d1: 1.753977233688E12
s1: "a"
i1: 123
bi1: 1
point {
  longitude: 22.0
  latitude: 22.0
  altitude: 1.0
}
 to topic topic-5ec6f8c0_e2ba_4a24_8279_c9fa54871bd5
2025-07-31 15:53:53,690 INFO  [io.api.tes.ser.api.KafkaSerdesTester] (Thread-344) Sending message header {
  time {
  }
}
d1: 1.75397723369E12
s1: "a"
i1: 123
bi1: 1
point {
  longitude: 22.0
  latitude: 22.0
  altitude: 1.0
}
 to topic topic-5ec6f8c0_e2ba_4a24_8279_c9fa54871bd5
2025-07-31 15:53:53,691 INFO  [io.api.tes.ser.api.KafkaSerdesTester] (Thread-344) Sending message header {
  time {
  }
}
d1: 1.753977233691E12
s1: "a"
i1: 123
bi1: 1
point {
  longitude: 22.0
  latitude: 22.0
  altitude: 1.0
}
 to topic topic-5ec6f8c0_e2ba_4a24_8279_c9fa54871bd5
2025-07-31 15:53:53,694 INFO  [io.api.tes.ser.api.KafkaSerdesTester] (Thread-344) Sending message header {
  time {
  }
}
d1: 1.753977233694E12
s1: "a"
i1: 123
bi1: 1
point {
  longitude: 22.0
  latitude: 22.0
  altitude: 1.0
}
 to topic topic-5ec6f8c0_e2ba_4a24_8279_c9fa54871bd5
2025-07-31 15:53:53,697 INFO  [io.api.tes.ser.api.KafkaSerdesTester] (Thread-344) Sending message header {
  time {
  }
}
d1: 1.753977233696E12
s1: "a"
i1: 123
bi1: 1
point {
  longitude: 22.0
  latitude: 22.0
  altitude: 1.0
}
 to topic topic-5ec6f8c0_e2ba_4a24_8279_c9fa54871bd5
2025-07-31 15:53:53,699 INFO  [io.api.tes.ser.api.KafkaSerdesTester] (Thread-344) Sending message header {
  time {
  }
}
d1: 1.753977233699E12
s1: "a"
i1: 123
bi1: 1
point {
  longitude: 22.0
  latitude: 22.0
  altitude: 1.0
}
 to topic topic-5ec6f8c0_e2ba_4a24_8279_c9fa54871bd5
2025-07-31 15:53:53,701 INFO  [io.api.tes.ser.api.KafkaSerdesTester] (Thread-344) Sending message header {
  time {
  }
}
d1: 1.7539772337E12
s1: "a"
i1: 123
bi1: 1
point {
  longitude: 22.0
  latitude: 22.0
  altitude: 1.0
}
 to topic topic-5ec6f8c0_e2ba_4a24_8279_c9fa54871bd5
2025-07-31 15:53:53,703 INFO  [io.api.tes.ser.api.KafkaSerdesTester] (Thread-344) Produced 10 messages
2025-07-31 15:53:53,703 INFO  [org.apa.kaf.cli.pro.KafkaProducer] (Thread-344) [Producer clientId=Producer-topic-5ec6f8c0_e2ba_4a24_8279_c9fa54871bd5] Closing the Kafka producer with timeoutMillis = 9223372036854775807 ms.
2025-07-31 15:53:53,706 INFO  [org.apa.kaf.com.met.Metrics] (Thread-344) Metrics scheduler closed
2025-07-31 15:53:53,706 INFO  [org.apa.kaf.com.met.Metrics] (Thread-344) Closing reporter org.apache.kafka.common.metrics.JmxReporter
2025-07-31 15:53:53,706 INFO  [org.apa.kaf.com.met.Metrics] (Thread-344) Closing reporter org.apache.kafka.common.telemetry.internals.ClientTelemetryReporter
2025-07-31 15:53:53,706 INFO  [org.apa.kaf.com.met.Metrics] (Thread-344) Metrics reporters closed
2025-07-31 15:53:53,707 INFO  [org.apa.kaf.com.uti.AppInfoParser] (Thread-344) App info kafka.producer for Producer-topic-5ec6f8c0_e2ba_4a24_8279_c9fa54871bd5 unregistered
2025-07-31 15:53:53,830 INFO  [org.apa.kaf.cli.con.ConsumerConfig] (main) ConsumerConfig values: 
	allow.auto.create.topics = true
	auto.commit.interval.ms = 500
	auto.include.jmx.reporter = true
	auto.offset.reset = earliest
	bootstrap.servers = [PLAINTEXT://localhost:32770]
	check.crcs = true
	client.dns.lookup = use_all_dns_ips
	client.id = consumer-Consumer-topic-5ec6f8c0_e2ba_4a24_8279_c9fa54871bd5-30
	client.rack = 
	connections.max.idle.ms = 10000
	default.api.timeout.ms = 60000
	enable.auto.commit = true
	enable.metrics.push = true
	exclude.internal.topics = true
	fetch.max.bytes = 52428800
	fetch.max.wait.ms = 500
	fetch.min.bytes = 1
	group.id = Consumer-topic-5ec6f8c0_e2ba_4a24_8279_c9fa54871bd5
	group.instance.id = null
	group.protocol = classic
	group.remote.assignor = null
	heartbeat.interval.ms = 3000
	interceptor.classes = []
	internal.leave.group.on.close = true
	internal.throw.on.fetch.stable.offset.unsupported = false
	isolation.level = read_uncommitted
	key.deserializer = class org.apache.kafka.common.serialization.StringDeserializer
	max.partition.fetch.bytes = 1048576
	max.poll.interval.ms = 300000
	max.poll.records = 500
	metadata.max.age.ms = 300000
	metadata.recovery.strategy = none
	metric.reporters = []
	metrics.num.samples = 2
	metrics.recording.level = INFO
	metrics.sample.window.ms = 30000
	partition.assignment.strategy = [class org.apache.kafka.clients.consumer.RangeAssignor, class org.apache.kafka.clients.consumer.CooperativeStickyAssignor]
	receive.buffer.bytes = 65536
	reconnect.backoff.max.ms = 1000
	reconnect.backoff.ms = 50
	request.timeout.ms = 5000
	retry.backoff.max.ms = 1000
	retry.backoff.ms = 100
	sasl.client.callback.handler.class = null
	sasl.jaas.config = null
	sasl.kerberos.kinit.cmd = /usr/bin/kinit
	sasl.kerberos.min.time.before.relogin = 60000
	sasl.kerberos.service.name = null
	sasl.kerberos.ticket.renew.jitter = 0.05
	sasl.kerberos.ticket.renew.window.factor = 0.8
	sasl.login.callback.handler.class = null
	sasl.login.class = null
	sasl.login.connect.timeout.ms = null
	sasl.login.read.timeout.ms = null
	sasl.login.refresh.buffer.seconds = 300
	sasl.login.refresh.min.period.seconds = 60
	sasl.login.refresh.window.factor = 0.8
	sasl.login.refresh.window.jitter = 0.05
	sasl.login.retry.backoff.max.ms = 10000
	sasl.login.retry.backoff.ms = 100
	sasl.mechanism = GSSAPI
	sasl.oauthbearer.clock.skew.seconds = 30
	sasl.oauthbearer.expected.audience = null
	sasl.oauthbearer.expected.issuer = null
	sasl.oauthbearer.header.urlencode = false
	sasl.oauthbearer.jwks.endpoint.refresh.ms = 3600000
	sasl.oauthbearer.jwks.endpoint.retry.backoff.max.ms = 10000
	sasl.oauthbearer.jwks.endpoint.retry.backoff.ms = 100
	sasl.oauthbearer.jwks.endpoint.url = null
	sasl.oauthbearer.scope.claim.name = scope
	sasl.oauthbearer.sub.claim.name = sub
	sasl.oauthbearer.token.endpoint.url = null
	security.protocol = PLAINTEXT
	security.providers = null
	send.buffer.bytes = 131072
	session.timeout.ms = 45000
	socket.connection.setup.timeout.max.ms = 30000
	socket.connection.setup.timeout.ms = 10000
	ssl.cipher.suites = null
	ssl.enabled.protocols = [TLSv1.2, TLSv1.3]
	ssl.endpoint.identification.algorithm = https
	ssl.engine.factory.class = null
	ssl.key.password = null
	ssl.keymanager.algorithm = SunX509
	ssl.keystore.certificate.chain = null
	ssl.keystore.key = null
	ssl.keystore.location = null
	ssl.keystore.password = null
	ssl.keystore.type = JKS
	ssl.protocol = TLSv1.3
	ssl.provider = null
	ssl.secure.random.implementation = null
	ssl.trustmanager.algorithm = PKIX
	ssl.truststore.certificates = null
	ssl.truststore.location = null
	ssl.truststore.password = null
	ssl.truststore.type = JKS
	value.deserializer = class io.apicurio.registry.serde.protobuf.ProtobufKafkaDeserializer

2025-07-31 15:53:53,830 INFO  [org.apa.kaf.com.tel.int.KafkaMetricsCollector] (main) initializing Kafka metrics collector
2025-07-31 15:53:53,835 INFO  [org.apa.kaf.cli.con.ConsumerConfig] (main) These configurations '[apicurio.registry.url, apicurio.protobuf.derive.class]' were supplied but are not used yet.
2025-07-31 15:53:53,835 INFO  [org.apa.kaf.com.uti.AppInfoParser] (main) Kafka version: 3.9.0
2025-07-31 15:53:53,835 INFO  [org.apa.kaf.com.uti.AppInfoParser] (main) Kafka commitId: 84caaa6e9da06435
2025-07-31 15:53:53,835 INFO  [org.apa.kaf.com.uti.AppInfoParser] (main) Kafka startTimeMs: 1753977233835
2025-07-31 15:53:53,835 INFO  [org.apa.kaf.cli.con.int.ClassicKafkaConsumer] (Thread-347) [Consumer clientId=consumer-Consumer-topic-5ec6f8c0_e2ba_4a24_8279_c9fa54871bd5-30, groupId=Consumer-topic-5ec6f8c0_e2ba_4a24_8279_c9fa54871bd5] Subscribed to topic(s): topic-5ec6f8c0_e2ba_4a24_8279_c9fa54871bd5
2025-07-31 15:53:53,842 INFO  [org.apa.kaf.cli.Metadata] (Thread-347) [Consumer clientId=consumer-Consumer-topic-5ec6f8c0_e2ba_4a24_8279_c9fa54871bd5-30, groupId=Consumer-topic-5ec6f8c0_e2ba_4a24_8279_c9fa54871bd5] Cluster ID: k5QcScx1TGu5ZEx470RFLw
2025-07-31 15:53:53,842 INFO  [org.apa.kaf.cli.con.int.ConsumerCoordinator] (Thread-347) [Consumer clientId=consumer-Consumer-topic-5ec6f8c0_e2ba_4a24_8279_c9fa54871bd5-30, groupId=Consumer-topic-5ec6f8c0_e2ba_4a24_8279_c9fa54871bd5] Discovered group coordinator localhost:32770 (id: 2147483647 rack: null)
2025-07-31 15:53:53,844 INFO  [org.apa.kaf.cli.con.int.ConsumerCoordinator] (Thread-347) [Consumer clientId=consumer-Consumer-topic-5ec6f8c0_e2ba_4a24_8279_c9fa54871bd5-30, groupId=Consumer-topic-5ec6f8c0_e2ba_4a24_8279_c9fa54871bd5] (Re-)joining group
2025-07-31 15:53:53,847 INFO  [org.apa.kaf.cli.con.int.ConsumerCoordinator] (Thread-347) [Consumer clientId=consumer-Consumer-topic-5ec6f8c0_e2ba_4a24_8279_c9fa54871bd5-30, groupId=Consumer-topic-5ec6f8c0_e2ba_4a24_8279_c9fa54871bd5] Request joining group due to: need to re-join with the given member-id: consumer-Consumer-topic-5ec6f8c0_e2ba_4a24_8279_c9fa54871bd5-30-accdba69-993b-4a2b-a3a0-b952ac91bad8
2025-07-31 15:53:53,847 INFO  [org.apa.kaf.cli.con.int.ConsumerCoordinator] (Thread-347) [Consumer clientId=consumer-Consumer-topic-5ec6f8c0_e2ba_4a24_8279_c9fa54871bd5-30, groupId=Consumer-topic-5ec6f8c0_e2ba_4a24_8279_c9fa54871bd5] (Re-)joining group
2025-07-31 15:53:53,850 INFO  [org.apa.kaf.cli.con.int.ConsumerCoordinator] (Thread-347) [Consumer clientId=consumer-Consumer-topic-5ec6f8c0_e2ba_4a24_8279_c9fa54871bd5-30, groupId=Consumer-topic-5ec6f8c0_e2ba_4a24_8279_c9fa54871bd5] Successfully joined group with generation Generation{generationId=1, memberId='consumer-Consumer-topic-5ec6f8c0_e2ba_4a24_8279_c9fa54871bd5-30-accdba69-993b-4a2b-a3a0-b952ac91bad8', protocol='range'}
2025-07-31 15:53:53,851 INFO  [org.apa.kaf.cli.con.int.ConsumerCoordinator] (Thread-347) [Consumer clientId=consumer-Consumer-topic-5ec6f8c0_e2ba_4a24_8279_c9fa54871bd5-30, groupId=Consumer-topic-5ec6f8c0_e2ba_4a24_8279_c9fa54871bd5] Finished assignment for group at generation 1: {consumer-Consumer-topic-5ec6f8c0_e2ba_4a24_8279_c9fa54871bd5-30-accdba69-993b-4a2b-a3a0-b952ac91bad8=Assignment(partitions=[topic-5ec6f8c0_e2ba_4a24_8279_c9fa54871bd5-0])}
2025-07-31 15:53:53,852 INFO  [org.apa.kaf.cli.con.int.ConsumerCoordinator] (Thread-347) [Consumer clientId=consumer-Consumer-topic-5ec6f8c0_e2ba_4a24_8279_c9fa54871bd5-30, groupId=Consumer-topic-5ec6f8c0_e2ba_4a24_8279_c9fa54871bd5] Successfully synced group in generation Generation{generationId=1, memberId='consumer-Consumer-topic-5ec6f8c0_e2ba_4a24_8279_c9fa54871bd5-30-accdba69-993b-4a2b-a3a0-b952ac91bad8', protocol='range'}
2025-07-31 15:53:53,852 INFO  [org.apa.kaf.cli.con.int.ConsumerCoordinator] (Thread-347) [Consumer clientId=consumer-Consumer-topic-5ec6f8c0_e2ba_4a24_8279_c9fa54871bd5-30, groupId=Consumer-topic-5ec6f8c0_e2ba_4a24_8279_c9fa54871bd5] Notifying assignor about the new Assignment(partitions=[topic-5ec6f8c0_e2ba_4a24_8279_c9fa54871bd5-0])
2025-07-31 15:53:53,852 INFO  [org.apa.kaf.cli.con.int.ConsumerRebalanceListenerInvoker] (Thread-347) [Consumer clientId=consumer-Consumer-topic-5ec6f8c0_e2ba_4a24_8279_c9fa54871bd5-30, groupId=Consumer-topic-5ec6f8c0_e2ba_4a24_8279_c9fa54871bd5] Adding newly assigned partitions: topic-5ec6f8c0_e2ba_4a24_8279_c9fa54871bd5-0
2025-07-31 15:53:53,853 INFO  [org.apa.kaf.cli.con.int.ConsumerCoordinator] (Thread-347) [Consumer clientId=consumer-Consumer-topic-5ec6f8c0_e2ba_4a24_8279_c9fa54871bd5-30, groupId=Consumer-topic-5ec6f8c0_e2ba_4a24_8279_c9fa54871bd5] Found no committed offset for partition topic-5ec6f8c0_e2ba_4a24_8279_c9fa54871bd5-0
2025-07-31 15:53:53,856 INFO  [org.apa.kaf.cli.con.int.SubscriptionState] (Thread-347) [Consumer clientId=consumer-Consumer-topic-5ec6f8c0_e2ba_4a24_8279_c9fa54871bd5-30, groupId=Consumer-topic-5ec6f8c0_e2ba_4a24_8279_c9fa54871bd5] Resetting offset for partition topic-5ec6f8c0_e2ba_4a24_8279_c9fa54871bd5-0 to position FetchPosition{offset=0, offsetEpoch=Optional.empty, currentLeader=LeaderAndEpoch{leader=Optional[localhost:32770 (id: 0 rack: null)], epoch=0}}.
2025-07-31 15:53:54,154 INFO  [io.api.tes.ser.api.KafkaSerdesTester] (Thread-347) topic-5ec6f8c0_e2ba_4a24_8279_c9fa54871bd5 0 0 header {
  time {
  }
}
d1: 1.753977233317E12
s1: "a"
i1: 123
bi1: 1
point {
  longitude: 22.0
  latitude: 22.0
  altitude: 1.0
}

2025-07-31 15:53:54,154 INFO  [io.api.tes.ser.api.KafkaSerdesTester] (Thread-347) topic-5ec6f8c0_e2ba_4a24_8279_c9fa54871bd5 0 1 header {
  time {
  }
}
d1: 1.753977233684E12
s1: "a"
i1: 123
bi1: 1
point {
  longitude: 22.0
  latitude: 22.0
  altitude: 1.0
}

2025-07-31 15:53:54,155 INFO  [io.api.tes.ser.api.KafkaSerdesTester] (Thread-347) topic-5ec6f8c0_e2ba_4a24_8279_c9fa54871bd5 0 2 header {
  time {
  }
}
d1: 1.753977233686E12
s1: "a"
i1: 123
bi1: 1
point {
  longitude: 22.0
  latitude: 22.0
  altitude: 1.0
}

2025-07-31 15:53:54,155 INFO  [io.api.tes.ser.api.KafkaSerdesTester] (Thread-347) topic-5ec6f8c0_e2ba_4a24_8279_c9fa54871bd5 0 3 header {
  time {
  }
}
d1: 1.753977233688E12
s1: "a"
i1: 123
bi1: 1
point {
  longitude: 22.0
  latitude: 22.0
  altitude: 1.0
}

2025-07-31 15:53:54,155 INFO  [io.api.tes.ser.api.KafkaSerdesTester] (Thread-347) topic-5ec6f8c0_e2ba_4a24_8279_c9fa54871bd5 0 4 header {
  time {
  }
}
d1: 1.75397723369E12
s1: "a"
i1: 123
bi1: 1
point {
  longitude: 22.0
  latitude: 22.0
  altitude: 1.0
}

2025-07-31 15:53:54,155 INFO  [io.api.tes.ser.api.KafkaSerdesTester] (Thread-347) topic-5ec6f8c0_e2ba_4a24_8279_c9fa54871bd5 0 5 header {
  time {
  }
}
d1: 1.753977233691E12
s1: "a"
i1: 123
bi1: 1
point {
  longitude: 22.0
  latitude: 22.0
  altitude: 1.0
}

2025-07-31 15:53:54,155 INFO  [io.api.tes.ser.api.KafkaSerdesTester] (Thread-347) topic-5ec6f8c0_e2ba_4a24_8279_c9fa54871bd5 0 6 header {
  time {
  }
}
d1: 1.753977233694E12
s1: "a"
i1: 123
bi1: 1
point {
  longitude: 22.0
  latitude: 22.0
  altitude: 1.0
}

2025-07-31 15:53:54,155 INFO  [io.api.tes.ser.api.KafkaSerdesTester] (Thread-347) topic-5ec6f8c0_e2ba_4a24_8279_c9fa54871bd5 0 7 header {
  time {
  }
}
d1: 1.753977233696E12
s1: "a"
i1: 123
bi1: 1
point {
  longitude: 22.0
  latitude: 22.0
  altitude: 1.0
}

2025-07-31 15:53:54,155 INFO  [io.api.tes.ser.api.KafkaSerdesTester] (Thread-347) topic-5ec6f8c0_e2ba_4a24_8279_c9fa54871bd5 0 8 header {
  time {
  }
}
d1: 1.753977233699E12
s1: "a"
i1: 123
bi1: 1
point {
  longitude: 22.0
  latitude: 22.0
  altitude: 1.0
}

2025-07-31 15:53:54,155 INFO  [io.api.tes.ser.api.KafkaSerdesTester] (Thread-347) topic-5ec6f8c0_e2ba_4a24_8279_c9fa54871bd5 0 9 header {
  time {
  }
}
d1: 1.7539772337E12
s1: "a"
i1: 123
bi1: 1
point {
  longitude: 22.0
  latitude: 22.0
  altitude: 1.0
}

2025-07-31 15:53:54,155 INFO  [io.api.tes.ser.api.KafkaSerdesTester] (Thread-347) Consumed 10 messages
2025-07-31 15:53:54,157 INFO  [org.apa.kaf.cli.con.int.ConsumerRebalanceListenerInvoker] (Thread-347) [Consumer clientId=consumer-Consumer-topic-5ec6f8c0_e2ba_4a24_8279_c9fa54871bd5-30, groupId=Consumer-topic-5ec6f8c0_e2ba_4a24_8279_c9fa54871bd5] Revoke previously assigned partitions topic-5ec6f8c0_e2ba_4a24_8279_c9fa54871bd5-0
2025-07-31 15:53:54,157 INFO  [org.apa.kaf.cli.con.int.ConsumerCoordinator] (Thread-347) [Consumer clientId=consumer-Consumer-topic-5ec6f8c0_e2ba_4a24_8279_c9fa54871bd5-30, groupId=Consumer-topic-5ec6f8c0_e2ba_4a24_8279_c9fa54871bd5] Member consumer-Consumer-topic-5ec6f8c0_e2ba_4a24_8279_c9fa54871bd5-30-accdba69-993b-4a2b-a3a0-b952ac91bad8 sending LeaveGroup request to coordinator localhost:32770 (id: 2147483647 rack: null) due to the consumer is being closed
2025-07-31 15:53:54,157 INFO  [org.apa.kaf.cli.con.int.ConsumerCoordinator] (Thread-347) [Consumer clientId=consumer-Consumer-topic-5ec6f8c0_e2ba_4a24_8279_c9fa54871bd5-30, groupId=Consumer-topic-5ec6f8c0_e2ba_4a24_8279_c9fa54871bd5] Resetting generation and member id due to: consumer pro-actively leaving the group
2025-07-31 15:53:54,158 INFO  [org.apa.kaf.cli.con.int.ConsumerCoordinator] (Thread-347) [Consumer clientId=consumer-Consumer-topic-5ec6f8c0_e2ba_4a24_8279_c9fa54871bd5-30, groupId=Consumer-topic-5ec6f8c0_e2ba_4a24_8279_c9fa54871bd5] Request joining group due to: consumer pro-actively leaving the group
2025-07-31 15:53:54,657 INFO  [org.apa.kaf.com.met.Metrics] (Thread-347) Metrics scheduler closed
2025-07-31 15:53:54,657 INFO  [org.apa.kaf.com.met.Metrics] (Thread-347) Closing reporter org.apache.kafka.common.metrics.JmxReporter
2025-07-31 15:53:54,657 INFO  [org.apa.kaf.com.met.Metrics] (Thread-347) Closing reporter org.apache.kafka.common.telemetry.internals.ClientTelemetryReporter
2025-07-31 15:53:54,657 INFO  [org.apa.kaf.com.met.Metrics] (Thread-347) Metrics reporters closed
2025-07-31 15:53:54,659 INFO  [org.apa.kaf.com.uti.AppInfoParser] (Thread-347) App info kafka.consumer for consumer-Consumer-topic-5ec6f8c0_e2ba_4a24_8279_c9fa54871bd5-30 unregistered
2025-07-31 15:53:54,721 INFO  [io.api.tes.uti.TestSeparator] (main) io.apicurio.tests.serdes.apicurio.ProtobufSerdeIT.testAutoRegisterDeriveClassProtobufType-FINISHED
2025-07-31 15:53:54,721 INFO  [io.api.tes.uti.TestSeparator] (main) ############################################################################
]]></system-out>
  </testcase>
  <testcase name="testConsumeReturnSpecificClass" classname="io.apicurio.tests.serdes.apicurio.ProtobufSerdeIT" time="1.161">
    <system-out><![CDATA[2025-07-31 15:53:54,722 INFO  [io.api.tes.uti.TestSeparator] (main) ############################################################################
2025-07-31 15:53:54,722 INFO  [io.api.tes.uti.TestSeparator] (main) io.apicurio.tests.serdes.apicurio.ProtobufSerdeIT.testConsumeReturnSpecificClass-STARTED
2025-07-31 15:53:55,882 INFO  [io.api.tes.uti.TestSeparator] (main) io.apicurio.tests.serdes.apicurio.ProtobufSerdeIT.testConsumeReturnSpecificClass-FINISHED
2025-07-31 15:53:55,882 INFO  [io.api.tes.uti.TestSeparator] (main) ############################################################################
]]></system-out>
  </testcase>
  <testcase name="testFindLatestSpecificProtobufType" classname="io.apicurio.tests.serdes.apicurio.ProtobufSerdeIT" time="1.168">
    <system-out><![CDATA[2025-07-31 15:53:55,883 INFO  [io.api.tes.uti.TestSeparator] (main) ############################################################################
2025-07-31 15:53:55,883 INFO  [io.api.tes.uti.TestSeparator] (main) io.apicurio.tests.serdes.apicurio.ProtobufSerdeIT.testFindLatestSpecificProtobufType-STARTED
2025-07-31 15:53:57,051 INFO  [io.api.tes.uti.TestSeparator] (main) io.apicurio.tests.serdes.apicurio.ProtobufSerdeIT.testFindLatestSpecificProtobufType-FINISHED
2025-07-31 15:53:57,051 INFO  [io.api.tes.uti.TestSeparator] (main) ############################################################################
]]></system-out>
  </testcase>
  <testcase name="testFindLatestDynamicMessageProtobufType" classname="io.apicurio.tests.serdes.apicurio.ProtobufSerdeIT" time="2.23">
    <system-out><![CDATA[2025-07-31 15:53:57,052 INFO  [io.api.tes.uti.TestSeparator] (main) ############################################################################
2025-07-31 15:53:57,052 INFO  [io.api.tes.uti.TestSeparator] (main) io.apicurio.tests.serdes.apicurio.ProtobufSerdeIT.testFindLatestDynamicMessageProtobufType-STARTED
2025-07-31 15:53:58,212 INFO  [org.apa.kaf.cli.pro.ProducerConfig] (main) ProducerConfig values: 
	acks = -1
	auto.include.jmx.reporter = true
	batch.size = 16384
	bootstrap.servers = [PLAINTEXT://localhost:32770]
	buffer.memory = 33554432
	client.dns.lookup = use_all_dns_ips
	client.id = Producer-topic-54dc142b_8692_417c_9db9_54fcb2701ba7
	compression.gzip.level = -1
	compression.lz4.level = 9
	compression.type = none
	compression.zstd.level = 3
	connections.max.idle.ms = 10000
	delivery.timeout.ms = 120000
	enable.idempotence = true
	enable.metrics.push = true
	interceptor.classes = []
	key.serializer = class org.apache.kafka.common.serialization.StringSerializer
	linger.ms = 0
	max.block.ms = 60000
	max.in.flight.requests.per.connection = 5
	max.request.size = 1048576
	metadata.max.age.ms = 300000
	metadata.max.idle.ms = 300000
	metadata.recovery.strategy = none
	metric.reporters = []
	metrics.num.samples = 2
	metrics.recording.level = INFO
	metrics.sample.window.ms = 30000
	partitioner.adaptive.partitioning.enable = true
	partitioner.availability.timeout.ms = 0
	partitioner.class = null
	partitioner.ignore.keys = false
	receive.buffer.bytes = 32768
	reconnect.backoff.max.ms = 1000
	reconnect.backoff.ms = 50
	request.timeout.ms = 5000
	retries = 2147483647
	retry.backoff.max.ms = 1000
	retry.backoff.ms = 100
	sasl.client.callback.handler.class = null
	sasl.jaas.config = null
	sasl.kerberos.kinit.cmd = /usr/bin/kinit
	sasl.kerberos.min.time.before.relogin = 60000
	sasl.kerberos.service.name = null
	sasl.kerberos.ticket.renew.jitter = 0.05
	sasl.kerberos.ticket.renew.window.factor = 0.8
	sasl.login.callback.handler.class = null
	sasl.login.class = null
	sasl.login.connect.timeout.ms = null
	sasl.login.read.timeout.ms = null
	sasl.login.refresh.buffer.seconds = 300
	sasl.login.refresh.min.period.seconds = 60
	sasl.login.refresh.window.factor = 0.8
	sasl.login.refresh.window.jitter = 0.05
	sasl.login.retry.backoff.max.ms = 10000
	sasl.login.retry.backoff.ms = 100
	sasl.mechanism = GSSAPI
	sasl.oauthbearer.clock.skew.seconds = 30
	sasl.oauthbearer.expected.audience = null
	sasl.oauthbearer.expected.issuer = null
	sasl.oauthbearer.header.urlencode = false
	sasl.oauthbearer.jwks.endpoint.refresh.ms = 3600000
	sasl.oauthbearer.jwks.endpoint.retry.backoff.max.ms = 10000
	sasl.oauthbearer.jwks.endpoint.retry.backoff.ms = 100
	sasl.oauthbearer.jwks.endpoint.url = null
	sasl.oauthbearer.scope.claim.name = scope
	sasl.oauthbearer.sub.claim.name = sub
	sasl.oauthbearer.token.endpoint.url = null
	security.protocol = PLAINTEXT
	security.providers = null
	send.buffer.bytes = 131072
	socket.connection.setup.timeout.max.ms = 30000
	socket.connection.setup.timeout.ms = 10000
	ssl.cipher.suites = null
	ssl.enabled.protocols = [TLSv1.2, TLSv1.3]
	ssl.endpoint.identification.algorithm = https
	ssl.engine.factory.class = null
	ssl.key.password = null
	ssl.keymanager.algorithm = SunX509
	ssl.keystore.certificate.chain = null
	ssl.keystore.key = null
	ssl.keystore.location = null
	ssl.keystore.password = null
	ssl.keystore.type = JKS
	ssl.protocol = TLSv1.3
	ssl.provider = null
	ssl.secure.random.implementation = null
	ssl.trustmanager.algorithm = PKIX
	ssl.truststore.certificates = null
	ssl.truststore.location = null
	ssl.truststore.password = null
	ssl.truststore.type = JKS
	transaction.timeout.ms = 60000
	transactional.id = null
	value.serializer = class io.apicurio.registry.serde.protobuf.ProtobufKafkaSerializer

2025-07-31 15:53:58,212 INFO  [org.apa.kaf.com.tel.int.KafkaMetricsCollector] (main) initializing Kafka metrics collector
2025-07-31 15:53:58,215 INFO  [org.apa.kaf.cli.pro.KafkaProducer] (main) [Producer clientId=Producer-topic-54dc142b_8692_417c_9db9_54fcb2701ba7] Instantiated an idempotent producer.
2025-07-31 15:53:58,216 INFO  [org.apa.kaf.cli.pro.ProducerConfig] (main) These configurations '[apicurio.registry.find-latest, apicurio.registry.url, apicurio.registry.artifact-resolver-strategy]' were supplied but are not used yet.
2025-07-31 15:53:58,216 INFO  [org.apa.kaf.com.uti.AppInfoParser] (main) Kafka version: 3.9.0
2025-07-31 15:53:58,216 INFO  [org.apa.kaf.com.uti.AppInfoParser] (main) Kafka commitId: 84caaa6e9da06435
2025-07-31 15:53:58,216 INFO  [org.apa.kaf.com.uti.AppInfoParser] (main) Kafka startTimeMs: 1753977238216
2025-07-31 15:53:58,216 INFO  [io.api.tes.ser.api.SimpleSerdesTesterBuilder$SimpleSerdesTester] (main) Using producer configuration: {apicurio.registry.find-latest=true, apicurio.registry.url=http://registry-app-kafkasql.apps.ci419.apicurio-testing.org:80/apis/registry/v3, apicurio.registry.artifact-resolver-strategy=io.apicurio.registry.serde.strategy.SimpleTopicIdStrategy, value.serializer=io.apicurio.registry.serde.protobuf.ProtobufKafkaSerializer, request.timeout.ms=5000, acks=all, bootstrap.servers=PLAINTEXT://localhost:32770, connections.max.idle.ms=10000, key.serializer=org.apache.kafka.common.serialization.StringSerializer, client.id=Producer-topic-54dc142b_8692_417c_9db9_54fcb2701ba7}
2025-07-31 15:53:58,216 INFO  [io.api.tes.ser.api.SimpleSerdesTesterBuilder$SimpleSerdesTester] (main) Using consumer configuration: {apicurio.registry.deserializer.value.return-class=com.google.protobuf.DynamicMessage}
2025-07-31 15:53:58,217 INFO  [io.api.tes.ser.api.KafkaSerdesTester] (Thread-350) Sending message header {
  time {
  }
}
d1: 1.753977238217E12
s1: "a"
i1: 123
bi1: 1
point {
  longitude: 22.0
  latitude: 22.0
  altitude: 1.0
}
 to topic topic-54dc142b_8692_417c_9db9_54fcb2701ba7
2025-07-31 15:53:58,221 INFO  [org.apa.kaf.cli.Metadata] (kafka-producer-network-thread | Producer-topic-54dc142b_8692_417c_9db9_54fcb2701ba7) [Producer clientId=Producer-topic-54dc142b_8692_417c_9db9_54fcb2701ba7] Cluster ID: k5QcScx1TGu5ZEx470RFLw
2025-07-31 15:53:58,222 INFO  [org.apa.kaf.cli.pro.int.TransactionManager] (kafka-producer-network-thread | Producer-topic-54dc142b_8692_417c_9db9_54fcb2701ba7) [Producer clientId=Producer-topic-54dc142b_8692_417c_9db9_54fcb2701ba7] ProducerId set to 41 with epoch 0
2025-07-31 15:53:58,501 INFO  [io.api.tes.ser.api.KafkaSerdesTester] (Thread-350) Sending message header {
  time {
  }
}
d1: 1.753977238501E12
s1: "a"
i1: 123
bi1: 1
point {
  longitude: 22.0
  latitude: 22.0
  altitude: 1.0
}
 to topic topic-54dc142b_8692_417c_9db9_54fcb2701ba7
2025-07-31 15:53:58,505 INFO  [io.api.tes.ser.api.KafkaSerdesTester] (Thread-350) Sending message header {
  time {
  }
}
d1: 1.753977238504E12
s1: "a"
i1: 123
bi1: 1
point {
  longitude: 22.0
  latitude: 22.0
  altitude: 1.0
}
 to topic topic-54dc142b_8692_417c_9db9_54fcb2701ba7
2025-07-31 15:53:58,507 INFO  [io.api.tes.ser.api.KafkaSerdesTester] (Thread-350) Sending message header {
  time {
  }
}
d1: 1.753977238506E12
s1: "a"
i1: 123
bi1: 1
point {
  longitude: 22.0
  latitude: 22.0
  altitude: 1.0
}
 to topic topic-54dc142b_8692_417c_9db9_54fcb2701ba7
2025-07-31 15:53:58,516 INFO  [io.api.tes.ser.api.KafkaSerdesTester] (Thread-350) Sending message header {
  time {
  }
}
d1: 1.753977238516E12
s1: "a"
i1: 123
bi1: 1
point {
  longitude: 22.0
  latitude: 22.0
  altitude: 1.0
}
 to topic topic-54dc142b_8692_417c_9db9_54fcb2701ba7
2025-07-31 15:53:58,519 INFO  [io.api.tes.ser.api.KafkaSerdesTester] (Thread-350) Sending message header {
  time {
  }
}
d1: 1.753977238519E12
s1: "a"
i1: 123
bi1: 1
point {
  longitude: 22.0
  latitude: 22.0
  altitude: 1.0
}
 to topic topic-54dc142b_8692_417c_9db9_54fcb2701ba7
2025-07-31 15:53:58,524 INFO  [io.api.tes.ser.api.KafkaSerdesTester] (Thread-350) Sending message header {
  time {
  }
}
d1: 1.753977238524E12
s1: "a"
i1: 123
bi1: 1
point {
  longitude: 22.0
  latitude: 22.0
  altitude: 1.0
}
 to topic topic-54dc142b_8692_417c_9db9_54fcb2701ba7
2025-07-31 15:53:58,526 INFO  [io.api.tes.ser.api.KafkaSerdesTester] (Thread-350) Sending message header {
  time {
  }
}
d1: 1.753977238526E12
s1: "a"
i1: 123
bi1: 1
point {
  longitude: 22.0
  latitude: 22.0
  altitude: 1.0
}
 to topic topic-54dc142b_8692_417c_9db9_54fcb2701ba7
2025-07-31 15:53:58,528 INFO  [io.api.tes.ser.api.KafkaSerdesTester] (Thread-350) Sending message header {
  time {
  }
}
d1: 1.753977238528E12
s1: "a"
i1: 123
bi1: 1
point {
  longitude: 22.0
  latitude: 22.0
  altitude: 1.0
}
 to topic topic-54dc142b_8692_417c_9db9_54fcb2701ba7
2025-07-31 15:53:58,529 INFO  [io.api.tes.ser.api.KafkaSerdesTester] (Thread-350) Sending message header {
  time {
  }
}
d1: 1.753977238529E12
s1: "a"
i1: 123
bi1: 1
point {
  longitude: 22.0
  latitude: 22.0
  altitude: 1.0
}
 to topic topic-54dc142b_8692_417c_9db9_54fcb2701ba7
2025-07-31 15:53:58,530 INFO  [io.api.tes.ser.api.KafkaSerdesTester] (Thread-350) Produced 10 messages
2025-07-31 15:53:58,533 INFO  [org.apa.kaf.cli.pro.KafkaProducer] (Thread-350) [Producer clientId=Producer-topic-54dc142b_8692_417c_9db9_54fcb2701ba7] Closing the Kafka producer with timeoutMillis = 9223372036854775807 ms.
2025-07-31 15:53:58,535 INFO  [org.apa.kaf.com.met.Metrics] (Thread-350) Metrics scheduler closed
2025-07-31 15:53:58,535 INFO  [org.apa.kaf.com.met.Metrics] (Thread-350) Closing reporter org.apache.kafka.common.metrics.JmxReporter
2025-07-31 15:53:58,535 INFO  [org.apa.kaf.com.met.Metrics] (Thread-350) Closing reporter org.apache.kafka.common.telemetry.internals.ClientTelemetryReporter
2025-07-31 15:53:58,535 INFO  [org.apa.kaf.com.met.Metrics] (Thread-350) Metrics reporters closed
2025-07-31 15:53:58,535 INFO  [org.apa.kaf.com.uti.AppInfoParser] (Thread-350) App info kafka.producer for Producer-topic-54dc142b_8692_417c_9db9_54fcb2701ba7 unregistered
2025-07-31 15:53:58,536 INFO  [org.apa.kaf.cli.con.ConsumerConfig] (main) ConsumerConfig values: 
	allow.auto.create.topics = true
	auto.commit.interval.ms = 500
	auto.include.jmx.reporter = true
	auto.offset.reset = earliest
	bootstrap.servers = [PLAINTEXT://localhost:32770]
	check.crcs = true
	client.dns.lookup = use_all_dns_ips
	client.id = consumer-Consumer-topic-54dc142b_8692_417c_9db9_54fcb2701ba7-31
	client.rack = 
	connections.max.idle.ms = 10000
	default.api.timeout.ms = 60000
	enable.auto.commit = true
	enable.metrics.push = true
	exclude.internal.topics = true
	fetch.max.bytes = 52428800
	fetch.max.wait.ms = 500
	fetch.min.bytes = 1
	group.id = Consumer-topic-54dc142b_8692_417c_9db9_54fcb2701ba7
	group.instance.id = null
	group.protocol = classic
	group.remote.assignor = null
	heartbeat.interval.ms = 3000
	interceptor.classes = []
	internal.leave.group.on.close = true
	internal.throw.on.fetch.stable.offset.unsupported = false
	isolation.level = read_uncommitted
	key.deserializer = class org.apache.kafka.common.serialization.StringDeserializer
	max.partition.fetch.bytes = 1048576
	max.poll.interval.ms = 300000
	max.poll.records = 500
	metadata.max.age.ms = 300000
	metadata.recovery.strategy = none
	metric.reporters = []
	metrics.num.samples = 2
	metrics.recording.level = INFO
	metrics.sample.window.ms = 30000
	partition.assignment.strategy = [class org.apache.kafka.clients.consumer.RangeAssignor, class org.apache.kafka.clients.consumer.CooperativeStickyAssignor]
	receive.buffer.bytes = 65536
	reconnect.backoff.max.ms = 1000
	reconnect.backoff.ms = 50
	request.timeout.ms = 5000
	retry.backoff.max.ms = 1000
	retry.backoff.ms = 100
	sasl.client.callback.handler.class = null
	sasl.jaas.config = null
	sasl.kerberos.kinit.cmd = /usr/bin/kinit
	sasl.kerberos.min.time.before.relogin = 60000
	sasl.kerberos.service.name = null
	sasl.kerberos.ticket.renew.jitter = 0.05
	sasl.kerberos.ticket.renew.window.factor = 0.8
	sasl.login.callback.handler.class = null
	sasl.login.class = null
	sasl.login.connect.timeout.ms = null
	sasl.login.read.timeout.ms = null
	sasl.login.refresh.buffer.seconds = 300
	sasl.login.refresh.min.period.seconds = 60
	sasl.login.refresh.window.factor = 0.8
	sasl.login.refresh.window.jitter = 0.05
	sasl.login.retry.backoff.max.ms = 10000
	sasl.login.retry.backoff.ms = 100
	sasl.mechanism = GSSAPI
	sasl.oauthbearer.clock.skew.seconds = 30
	sasl.oauthbearer.expected.audience = null
	sasl.oauthbearer.expected.issuer = null
	sasl.oauthbearer.header.urlencode = false
	sasl.oauthbearer.jwks.endpoint.refresh.ms = 3600000
	sasl.oauthbearer.jwks.endpoint.retry.backoff.max.ms = 10000
	sasl.oauthbearer.jwks.endpoint.retry.backoff.ms = 100
	sasl.oauthbearer.jwks.endpoint.url = null
	sasl.oauthbearer.scope.claim.name = scope
	sasl.oauthbearer.sub.claim.name = sub
	sasl.oauthbearer.token.endpoint.url = null
	security.protocol = PLAINTEXT
	security.providers = null
	send.buffer.bytes = 131072
	session.timeout.ms = 45000
	socket.connection.setup.timeout.max.ms = 30000
	socket.connection.setup.timeout.ms = 10000
	ssl.cipher.suites = null
	ssl.enabled.protocols = [TLSv1.2, TLSv1.3]
	ssl.endpoint.identification.algorithm = https
	ssl.engine.factory.class = null
	ssl.key.password = null
	ssl.keymanager.algorithm = SunX509
	ssl.keystore.certificate.chain = null
	ssl.keystore.key = null
	ssl.keystore.location = null
	ssl.keystore.password = null
	ssl.keystore.type = JKS
	ssl.protocol = TLSv1.3
	ssl.provider = null
	ssl.secure.random.implementation = null
	ssl.trustmanager.algorithm = PKIX
	ssl.truststore.certificates = null
	ssl.truststore.location = null
	ssl.truststore.password = null
	ssl.truststore.type = JKS
	value.deserializer = class io.apicurio.registry.serde.protobuf.ProtobufKafkaDeserializer

2025-07-31 15:53:58,539 INFO  [org.apa.kaf.com.tel.int.KafkaMetricsCollector] (main) initializing Kafka metrics collector
2025-07-31 15:53:58,546 INFO  [org.apa.kaf.cli.con.ConsumerConfig] (main) These configurations '[apicurio.registry.deserializer.value.return-class, apicurio.registry.url]' were supplied but are not used yet.
2025-07-31 15:53:58,546 INFO  [org.apa.kaf.com.uti.AppInfoParser] (main) Kafka version: 3.9.0
2025-07-31 15:53:58,546 INFO  [org.apa.kaf.com.uti.AppInfoParser] (main) Kafka commitId: 84caaa6e9da06435
2025-07-31 15:53:58,546 INFO  [org.apa.kaf.com.uti.AppInfoParser] (main) Kafka startTimeMs: 1753977238546
2025-07-31 15:53:58,547 INFO  [org.apa.kaf.cli.con.int.ClassicKafkaConsumer] (Thread-353) [Consumer clientId=consumer-Consumer-topic-54dc142b_8692_417c_9db9_54fcb2701ba7-31, groupId=Consumer-topic-54dc142b_8692_417c_9db9_54fcb2701ba7] Subscribed to topic(s): topic-54dc142b_8692_417c_9db9_54fcb2701ba7
2025-07-31 15:53:58,550 INFO  [org.apa.kaf.cli.Metadata] (Thread-353) [Consumer clientId=consumer-Consumer-topic-54dc142b_8692_417c_9db9_54fcb2701ba7-31, groupId=Consumer-topic-54dc142b_8692_417c_9db9_54fcb2701ba7] Cluster ID: k5QcScx1TGu5ZEx470RFLw
2025-07-31 15:53:58,550 INFO  [org.apa.kaf.cli.con.int.ConsumerCoordinator] (Thread-353) [Consumer clientId=consumer-Consumer-topic-54dc142b_8692_417c_9db9_54fcb2701ba7-31, groupId=Consumer-topic-54dc142b_8692_417c_9db9_54fcb2701ba7] Discovered group coordinator localhost:32770 (id: 2147483647 rack: null)
2025-07-31 15:53:58,551 INFO  [org.apa.kaf.cli.con.int.ConsumerCoordinator] (Thread-353) [Consumer clientId=consumer-Consumer-topic-54dc142b_8692_417c_9db9_54fcb2701ba7-31, groupId=Consumer-topic-54dc142b_8692_417c_9db9_54fcb2701ba7] (Re-)joining group
2025-07-31 15:53:58,554 INFO  [org.apa.kaf.cli.con.int.ConsumerCoordinator] (Thread-353) [Consumer clientId=consumer-Consumer-topic-54dc142b_8692_417c_9db9_54fcb2701ba7-31, groupId=Consumer-topic-54dc142b_8692_417c_9db9_54fcb2701ba7] Request joining group due to: need to re-join with the given member-id: consumer-Consumer-topic-54dc142b_8692_417c_9db9_54fcb2701ba7-31-efc95ace-7043-4413-90a8-9982fe8db1c9
2025-07-31 15:53:58,554 INFO  [org.apa.kaf.cli.con.int.ConsumerCoordinator] (Thread-353) [Consumer clientId=consumer-Consumer-topic-54dc142b_8692_417c_9db9_54fcb2701ba7-31, groupId=Consumer-topic-54dc142b_8692_417c_9db9_54fcb2701ba7] (Re-)joining group
2025-07-31 15:53:58,555 INFO  [org.apa.kaf.cli.con.int.ConsumerCoordinator] (Thread-353) [Consumer clientId=consumer-Consumer-topic-54dc142b_8692_417c_9db9_54fcb2701ba7-31, groupId=Consumer-topic-54dc142b_8692_417c_9db9_54fcb2701ba7] Successfully joined group with generation Generation{generationId=1, memberId='consumer-Consumer-topic-54dc142b_8692_417c_9db9_54fcb2701ba7-31-efc95ace-7043-4413-90a8-9982fe8db1c9', protocol='range'}
2025-07-31 15:53:58,556 INFO  [org.apa.kaf.cli.con.int.ConsumerCoordinator] (Thread-353) [Consumer clientId=consumer-Consumer-topic-54dc142b_8692_417c_9db9_54fcb2701ba7-31, groupId=Consumer-topic-54dc142b_8692_417c_9db9_54fcb2701ba7] Finished assignment for group at generation 1: {consumer-Consumer-topic-54dc142b_8692_417c_9db9_54fcb2701ba7-31-efc95ace-7043-4413-90a8-9982fe8db1c9=Assignment(partitions=[topic-54dc142b_8692_417c_9db9_54fcb2701ba7-0])}
2025-07-31 15:53:58,558 INFO  [org.apa.kaf.cli.con.int.ConsumerCoordinator] (Thread-353) [Consumer clientId=consumer-Consumer-topic-54dc142b_8692_417c_9db9_54fcb2701ba7-31, groupId=Consumer-topic-54dc142b_8692_417c_9db9_54fcb2701ba7] Successfully synced group in generation Generation{generationId=1, memberId='consumer-Consumer-topic-54dc142b_8692_417c_9db9_54fcb2701ba7-31-efc95ace-7043-4413-90a8-9982fe8db1c9', protocol='range'}
2025-07-31 15:53:58,558 INFO  [org.apa.kaf.cli.con.int.ConsumerCoordinator] (Thread-353) [Consumer clientId=consumer-Consumer-topic-54dc142b_8692_417c_9db9_54fcb2701ba7-31, groupId=Consumer-topic-54dc142b_8692_417c_9db9_54fcb2701ba7] Notifying assignor about the new Assignment(partitions=[topic-54dc142b_8692_417c_9db9_54fcb2701ba7-0])
2025-07-31 15:53:58,558 INFO  [org.apa.kaf.cli.con.int.ConsumerRebalanceListenerInvoker] (Thread-353) [Consumer clientId=consumer-Consumer-topic-54dc142b_8692_417c_9db9_54fcb2701ba7-31, groupId=Consumer-topic-54dc142b_8692_417c_9db9_54fcb2701ba7] Adding newly assigned partitions: topic-54dc142b_8692_417c_9db9_54fcb2701ba7-0
2025-07-31 15:53:58,559 INFO  [org.apa.kaf.cli.con.int.ConsumerCoordinator] (Thread-353) [Consumer clientId=consumer-Consumer-topic-54dc142b_8692_417c_9db9_54fcb2701ba7-31, groupId=Consumer-topic-54dc142b_8692_417c_9db9_54fcb2701ba7] Found no committed offset for partition topic-54dc142b_8692_417c_9db9_54fcb2701ba7-0
2025-07-31 15:53:58,562 INFO  [org.apa.kaf.cli.con.int.SubscriptionState] (Thread-353) [Consumer clientId=consumer-Consumer-topic-54dc142b_8692_417c_9db9_54fcb2701ba7-31, groupId=Consumer-topic-54dc142b_8692_417c_9db9_54fcb2701ba7] Resetting offset for partition topic-54dc142b_8692_417c_9db9_54fcb2701ba7-0 to position FetchPosition{offset=0, offsetEpoch=Optional.empty, currentLeader=LeaderAndEpoch{leader=Optional[localhost:32770 (id: 0 rack: null)], epoch=0}}.
2025-07-31 15:53:58,779 INFO  [io.api.tes.ser.api.KafkaSerdesTester] (Thread-353) topic-54dc142b_8692_417c_9db9_54fcb2701ba7 0 0 header {
  time {
  }
}
d1: 1.753977238217E12
s1: "a"
i1: 123
bi1: 1
point {
  longitude: 22.0
  latitude: 22.0
  altitude: 1.0
}

2025-07-31 15:53:58,779 INFO  [io.api.tes.ser.api.KafkaSerdesTester] (Thread-353) topic-54dc142b_8692_417c_9db9_54fcb2701ba7 0 1 header {
  time {
  }
}
d1: 1.753977238501E12
s1: "a"
i1: 123
bi1: 1
point {
  longitude: 22.0
  latitude: 22.0
  altitude: 1.0
}

2025-07-31 15:53:58,780 INFO  [io.api.tes.ser.api.KafkaSerdesTester] (Thread-353) topic-54dc142b_8692_417c_9db9_54fcb2701ba7 0 2 header {
  time {
  }
}
d1: 1.753977238504E12
s1: "a"
i1: 123
bi1: 1
point {
  longitude: 22.0
  latitude: 22.0
  altitude: 1.0
}

2025-07-31 15:53:58,780 INFO  [io.api.tes.ser.api.KafkaSerdesTester] (Thread-353) topic-54dc142b_8692_417c_9db9_54fcb2701ba7 0 3 header {
  time {
  }
}
d1: 1.753977238506E12
s1: "a"
i1: 123
bi1: 1
point {
  longitude: 22.0
  latitude: 22.0
  altitude: 1.0
}

2025-07-31 15:53:58,780 INFO  [io.api.tes.ser.api.KafkaSerdesTester] (Thread-353) topic-54dc142b_8692_417c_9db9_54fcb2701ba7 0 4 header {
  time {
  }
}
d1: 1.753977238516E12
s1: "a"
i1: 123
bi1: 1
point {
  longitude: 22.0
  latitude: 22.0
  altitude: 1.0
}

2025-07-31 15:53:58,780 INFO  [io.api.tes.ser.api.KafkaSerdesTester] (Thread-353) topic-54dc142b_8692_417c_9db9_54fcb2701ba7 0 5 header {
  time {
  }
}
d1: 1.753977238519E12
s1: "a"
i1: 123
bi1: 1
point {
  longitude: 22.0
  latitude: 22.0
  altitude: 1.0
}

2025-07-31 15:53:58,780 INFO  [io.api.tes.ser.api.KafkaSerdesTester] (Thread-353) topic-54dc142b_8692_417c_9db9_54fcb2701ba7 0 6 header {
  time {
  }
}
d1: 1.753977238524E12
s1: "a"
i1: 123
bi1: 1
point {
  longitude: 22.0
  latitude: 22.0
  altitude: 1.0
}

2025-07-31 15:53:58,780 INFO  [io.api.tes.ser.api.KafkaSerdesTester] (Thread-353) topic-54dc142b_8692_417c_9db9_54fcb2701ba7 0 7 header {
  time {
  }
}
d1: 1.753977238526E12
s1: "a"
i1: 123
bi1: 1
point {
  longitude: 22.0
  latitude: 22.0
  altitude: 1.0
}

2025-07-31 15:53:58,780 INFO  [io.api.tes.ser.api.KafkaSerdesTester] (Thread-353) topic-54dc142b_8692_417c_9db9_54fcb2701ba7 0 8 header {
  time {
  }
}
d1: 1.753977238528E12
s1: "a"
i1: 123
bi1: 1
point {
  longitude: 22.0
  latitude: 22.0
  altitude: 1.0
}

2025-07-31 15:53:58,780 INFO  [io.api.tes.ser.api.KafkaSerdesTester] (Thread-353) topic-54dc142b_8692_417c_9db9_54fcb2701ba7 0 9 header {
  time {
  }
}
d1: 1.753977238529E12
s1: "a"
i1: 123
bi1: 1
point {
  longitude: 22.0
  latitude: 22.0
  altitude: 1.0
}

2025-07-31 15:53:58,780 INFO  [io.api.tes.ser.api.KafkaSerdesTester] (Thread-353) Consumed 10 messages
2025-07-31 15:53:58,783 INFO  [org.apa.kaf.cli.con.int.ConsumerRebalanceListenerInvoker] (Thread-353) [Consumer clientId=consumer-Consumer-topic-54dc142b_8692_417c_9db9_54fcb2701ba7-31, groupId=Consumer-topic-54dc142b_8692_417c_9db9_54fcb2701ba7] Revoke previously assigned partitions topic-54dc142b_8692_417c_9db9_54fcb2701ba7-0
2025-07-31 15:53:58,783 INFO  [org.apa.kaf.cli.con.int.ConsumerCoordinator] (Thread-353) [Consumer clientId=consumer-Consumer-topic-54dc142b_8692_417c_9db9_54fcb2701ba7-31, groupId=Consumer-topic-54dc142b_8692_417c_9db9_54fcb2701ba7] Member consumer-Consumer-topic-54dc142b_8692_417c_9db9_54fcb2701ba7-31-efc95ace-7043-4413-90a8-9982fe8db1c9 sending LeaveGroup request to coordinator localhost:32770 (id: 2147483647 rack: null) due to the consumer is being closed
2025-07-31 15:53:58,784 INFO  [org.apa.kaf.cli.con.int.ConsumerCoordinator] (Thread-353) [Consumer clientId=consumer-Consumer-topic-54dc142b_8692_417c_9db9_54fcb2701ba7-31, groupId=Consumer-topic-54dc142b_8692_417c_9db9_54fcb2701ba7] Resetting generation and member id due to: consumer pro-actively leaving the group
2025-07-31 15:53:58,784 INFO  [org.apa.kaf.cli.con.int.ConsumerCoordinator] (Thread-353) [Consumer clientId=consumer-Consumer-topic-54dc142b_8692_417c_9db9_54fcb2701ba7-31, groupId=Consumer-topic-54dc142b_8692_417c_9db9_54fcb2701ba7] Request joining group due to: consumer pro-actively leaving the group
2025-07-31 15:53:59,280 INFO  [org.apa.kaf.com.met.Metrics] (Thread-353) Metrics scheduler closed
2025-07-31 15:53:59,280 INFO  [org.apa.kaf.com.met.Metrics] (Thread-353) Closing reporter org.apache.kafka.common.metrics.JmxReporter
2025-07-31 15:53:59,280 INFO  [org.apa.kaf.com.met.Metrics] (Thread-353) Closing reporter org.apache.kafka.common.telemetry.internals.ClientTelemetryReporter
2025-07-31 15:53:59,280 INFO  [org.apa.kaf.com.met.Metrics] (Thread-353) Metrics reporters closed
2025-07-31 15:53:59,281 INFO  [org.apa.kaf.com.uti.AppInfoParser] (Thread-353) App info kafka.consumer for consumer-Consumer-topic-54dc142b_8692_417c_9db9_54fcb2701ba7-31 unregistered
2025-07-31 15:53:59,281 INFO  [io.api.tes.uti.TestSeparator] (main) io.apicurio.tests.serdes.apicurio.ProtobufSerdeIT.testFindLatestDynamicMessageProtobufType-FINISHED
2025-07-31 15:53:59,281 INFO  [io.api.tes.uti.TestSeparator] (main) ############################################################################
]]></system-out>
  </testcase>
  <testcase name="testFindLatestDeriveClassProtobufTypeSimpleTopicIdStrategy" classname="io.apicurio.tests.serdes.apicurio.ProtobufSerdeIT" time="1.163">
    <system-out><![CDATA[2025-07-31 15:53:59,283 INFO  [io.api.tes.uti.TestSeparator] (main) ############################################################################
2025-07-31 15:53:59,283 INFO  [io.api.tes.uti.TestSeparator] (main) io.apicurio.tests.serdes.apicurio.ProtobufSerdeIT.testFindLatestDeriveClassProtobufTypeSimpleTopicIdStrategy-STARTED
2025-07-31 15:54:00,444 INFO  [io.api.tes.uti.TestSeparator] (main) io.apicurio.tests.serdes.apicurio.ProtobufSerdeIT.testFindLatestDeriveClassProtobufTypeSimpleTopicIdStrategy-FINISHED
2025-07-31 15:54:00,444 INFO  [io.api.tes.uti.TestSeparator] (main) ############################################################################
]]></system-out>
  </testcase>
  <testcase name="testFindLatestAndUseBody" classname="io.apicurio.tests.serdes.apicurio.ProtobufSerdeIT" time="2.233">
    <system-out><![CDATA[2025-07-31 15:54:00,446 INFO  [io.api.tes.uti.TestSeparator] (main) ############################################################################
2025-07-31 15:54:00,446 INFO  [io.api.tes.uti.TestSeparator] (main) io.apicurio.tests.serdes.apicurio.ProtobufSerdeIT.testFindLatestAndUseBody-STARTED
2025-07-31 15:54:01,608 INFO  [org.apa.kaf.cli.pro.ProducerConfig] (main) ProducerConfig values: 
	acks = -1
	auto.include.jmx.reporter = true
	batch.size = 16384
	bootstrap.servers = [PLAINTEXT://localhost:32770]
	buffer.memory = 33554432
	client.dns.lookup = use_all_dns_ips
	client.id = Producer-topic-045a9d1b_39af_4954_adba_d52610753d98
	compression.gzip.level = -1
	compression.lz4.level = 9
	compression.type = none
	compression.zstd.level = 3
	connections.max.idle.ms = 10000
	delivery.timeout.ms = 120000
	enable.idempotence = true
	enable.metrics.push = true
	interceptor.classes = []
	key.serializer = class org.apache.kafka.common.serialization.StringSerializer
	linger.ms = 0
	max.block.ms = 60000
	max.in.flight.requests.per.connection = 5
	max.request.size = 1048576
	metadata.max.age.ms = 300000
	metadata.max.idle.ms = 300000
	metadata.recovery.strategy = none
	metric.reporters = []
	metrics.num.samples = 2
	metrics.recording.level = INFO
	metrics.sample.window.ms = 30000
	partitioner.adaptive.partitioning.enable = true
	partitioner.availability.timeout.ms = 0
	partitioner.class = null
	partitioner.ignore.keys = false
	receive.buffer.bytes = 32768
	reconnect.backoff.max.ms = 1000
	reconnect.backoff.ms = 50
	request.timeout.ms = 5000
	retries = 2147483647
	retry.backoff.max.ms = 1000
	retry.backoff.ms = 100
	sasl.client.callback.handler.class = null
	sasl.jaas.config = null
	sasl.kerberos.kinit.cmd = /usr/bin/kinit
	sasl.kerberos.min.time.before.relogin = 60000
	sasl.kerberos.service.name = null
	sasl.kerberos.ticket.renew.jitter = 0.05
	sasl.kerberos.ticket.renew.window.factor = 0.8
	sasl.login.callback.handler.class = null
	sasl.login.class = null
	sasl.login.connect.timeout.ms = null
	sasl.login.read.timeout.ms = null
	sasl.login.refresh.buffer.seconds = 300
	sasl.login.refresh.min.period.seconds = 60
	sasl.login.refresh.window.factor = 0.8
	sasl.login.refresh.window.jitter = 0.05
	sasl.login.retry.backoff.max.ms = 10000
	sasl.login.retry.backoff.ms = 100
	sasl.mechanism = GSSAPI
	sasl.oauthbearer.clock.skew.seconds = 30
	sasl.oauthbearer.expected.audience = null
	sasl.oauthbearer.expected.issuer = null
	sasl.oauthbearer.header.urlencode = false
	sasl.oauthbearer.jwks.endpoint.refresh.ms = 3600000
	sasl.oauthbearer.jwks.endpoint.retry.backoff.max.ms = 10000
	sasl.oauthbearer.jwks.endpoint.retry.backoff.ms = 100
	sasl.oauthbearer.jwks.endpoint.url = null
	sasl.oauthbearer.scope.claim.name = scope
	sasl.oauthbearer.sub.claim.name = sub
	sasl.oauthbearer.token.endpoint.url = null
	security.protocol = PLAINTEXT
	security.providers = null
	send.buffer.bytes = 131072
	socket.connection.setup.timeout.max.ms = 30000
	socket.connection.setup.timeout.ms = 10000
	ssl.cipher.suites = null
	ssl.enabled.protocols = [TLSv1.2, TLSv1.3]
	ssl.endpoint.identification.algorithm = https
	ssl.engine.factory.class = null
	ssl.key.password = null
	ssl.keymanager.algorithm = SunX509
	ssl.keystore.certificate.chain = null
	ssl.keystore.key = null
	ssl.keystore.location = null
	ssl.keystore.password = null
	ssl.keystore.type = JKS
	ssl.protocol = TLSv1.3
	ssl.provider = null
	ssl.secure.random.implementation = null
	ssl.trustmanager.algorithm = PKIX
	ssl.truststore.certificates = null
	ssl.truststore.location = null
	ssl.truststore.password = null
	ssl.truststore.type = JKS
	transaction.timeout.ms = 60000
	transactional.id = null
	value.serializer = class io.apicurio.registry.serde.protobuf.ProtobufKafkaSerializer

2025-07-31 15:54:01,608 INFO  [org.apa.kaf.com.tel.int.KafkaMetricsCollector] (main) initializing Kafka metrics collector
2025-07-31 15:54:01,611 INFO  [org.apa.kaf.cli.pro.KafkaProducer] (main) [Producer clientId=Producer-topic-045a9d1b_39af_4954_adba_d52610753d98] Instantiated an idempotent producer.
2025-07-31 15:54:01,614 INFO  [org.apa.kaf.cli.pro.ProducerConfig] (main) These configurations '[apicurio.registry.find-latest, apicurio.registry.url, apicurio.registry.artifact-resolver-strategy]' were supplied but are not used yet.
2025-07-31 15:54:01,614 INFO  [org.apa.kaf.com.uti.AppInfoParser] (main) Kafka version: 3.9.0
2025-07-31 15:54:01,614 INFO  [org.apa.kaf.com.uti.AppInfoParser] (main) Kafka commitId: 84caaa6e9da06435
2025-07-31 15:54:01,614 INFO  [org.apa.kaf.com.uti.AppInfoParser] (main) Kafka startTimeMs: 1753977241614
2025-07-31 15:54:01,614 INFO  [io.api.tes.ser.api.SimpleSerdesTesterBuilder$SimpleSerdesTester] (main) Using producer configuration: {apicurio.registry.find-latest=true, apicurio.registry.url=http://registry-app-kafkasql.apps.ci419.apicurio-testing.org:80/apis/registry/v3, apicurio.registry.artifact-resolver-strategy=io.apicurio.registry.serde.strategy.TopicIdStrategy, value.serializer=io.apicurio.registry.serde.protobuf.ProtobufKafkaSerializer, request.timeout.ms=5000, acks=all, bootstrap.servers=PLAINTEXT://localhost:32770, connections.max.idle.ms=10000, key.serializer=org.apache.kafka.common.serialization.StringSerializer, client.id=Producer-topic-045a9d1b_39af_4954_adba_d52610753d98}
2025-07-31 15:54:01,614 INFO  [io.api.tes.ser.api.SimpleSerdesTesterBuilder$SimpleSerdesTester] (main) Using consumer configuration: {}
2025-07-31 15:54:01,614 INFO  [io.api.tes.ser.api.KafkaSerdesTester] (Thread-356) Sending message header {
  time {
  }
}
d1: 1.753977241614E12
s1: "a"
i1: 123
bi1: 1
point {
  longitude: 22.0
  latitude: 22.0
  altitude: 1.0
}
 to topic topic-045a9d1b_39af_4954_adba_d52610753d98
2025-07-31 15:54:01,618 INFO  [org.apa.kaf.cli.Metadata] (kafka-producer-network-thread | Producer-topic-045a9d1b_39af_4954_adba_d52610753d98) [Producer clientId=Producer-topic-045a9d1b_39af_4954_adba_d52610753d98] Cluster ID: k5QcScx1TGu5ZEx470RFLw
2025-07-31 15:54:01,619 INFO  [org.apa.kaf.cli.pro.int.TransactionManager] (kafka-producer-network-thread | Producer-topic-045a9d1b_39af_4954_adba_d52610753d98) [Producer clientId=Producer-topic-045a9d1b_39af_4954_adba_d52610753d98] ProducerId set to 42 with epoch 0
2025-07-31 15:54:01,890 INFO  [io.api.tes.ser.api.KafkaSerdesTester] (Thread-356) Sending message header {
  time {
  }
}
d1: 1.75397724189E12
s1: "a"
i1: 123
bi1: 1
point {
  longitude: 22.0
  latitude: 22.0
  altitude: 1.0
}
 to topic topic-045a9d1b_39af_4954_adba_d52610753d98
2025-07-31 15:54:01,897 INFO  [io.api.tes.ser.api.KafkaSerdesTester] (Thread-356) Sending message header {
  time {
  }
}
d1: 1.753977241897E12
s1: "a"
i1: 123
bi1: 1
point {
  longitude: 22.0
  latitude: 22.0
  altitude: 1.0
}
 to topic topic-045a9d1b_39af_4954_adba_d52610753d98
2025-07-31 15:54:01,898 INFO  [io.api.tes.ser.api.KafkaSerdesTester] (Thread-356) Sending message header {
  time {
  }
}
d1: 1.753977241898E12
s1: "a"
i1: 123
bi1: 1
point {
  longitude: 22.0
  latitude: 22.0
  altitude: 1.0
}
 to topic topic-045a9d1b_39af_4954_adba_d52610753d98
2025-07-31 15:54:01,900 INFO  [io.api.tes.ser.api.KafkaSerdesTester] (Thread-356) Sending message header {
  time {
  }
}
d1: 1.7539772419E12
s1: "a"
i1: 123
bi1: 1
point {
  longitude: 22.0
  latitude: 22.0
  altitude: 1.0
}
 to topic topic-045a9d1b_39af_4954_adba_d52610753d98
2025-07-31 15:54:01,902 INFO  [io.api.tes.ser.api.KafkaSerdesTester] (Thread-356) Sending message header {
  time {
  }
}
d1: 1.753977241901E12
s1: "a"
i1: 123
bi1: 1
point {
  longitude: 22.0
  latitude: 22.0
  altitude: 1.0
}
 to topic topic-045a9d1b_39af_4954_adba_d52610753d98
2025-07-31 15:54:01,903 INFO  [io.api.tes.ser.api.KafkaSerdesTester] (Thread-356) Sending message header {
  time {
  }
}
d1: 1.753977241903E12
s1: "a"
i1: 123
bi1: 1
point {
  longitude: 22.0
  latitude: 22.0
  altitude: 1.0
}
 to topic topic-045a9d1b_39af_4954_adba_d52610753d98
2025-07-31 15:54:01,913 INFO  [io.api.tes.ser.api.KafkaSerdesTester] (Thread-356) Sending message header {
  time {
  }
}
d1: 1.753977241913E12
s1: "a"
i1: 123
bi1: 1
point {
  longitude: 22.0
  latitude: 22.0
  altitude: 1.0
}
 to topic topic-045a9d1b_39af_4954_adba_d52610753d98
2025-07-31 15:54:01,916 INFO  [io.api.tes.ser.api.KafkaSerdesTester] (Thread-356) Sending message header {
  time {
  }
}
d1: 1.753977241915E12
s1: "a"
i1: 123
bi1: 1
point {
  longitude: 22.0
  latitude: 22.0
  altitude: 1.0
}
 to topic topic-045a9d1b_39af_4954_adba_d52610753d98
2025-07-31 15:54:01,917 INFO  [io.api.tes.ser.api.KafkaSerdesTester] (Thread-356) Sending message header {
  time {
  }
}
d1: 1.753977241917E12
s1: "a"
i1: 123
bi1: 1
point {
  longitude: 22.0
  latitude: 22.0
  altitude: 1.0
}
 to topic topic-045a9d1b_39af_4954_adba_d52610753d98
2025-07-31 15:54:01,919 INFO  [io.api.tes.ser.api.KafkaSerdesTester] (Thread-356) Produced 10 messages
2025-07-31 15:54:01,919 INFO  [org.apa.kaf.cli.pro.KafkaProducer] (Thread-356) [Producer clientId=Producer-topic-045a9d1b_39af_4954_adba_d52610753d98] Closing the Kafka producer with timeoutMillis = 9223372036854775807 ms.
2025-07-31 15:54:01,921 INFO  [org.apa.kaf.com.met.Metrics] (Thread-356) Metrics scheduler closed
2025-07-31 15:54:01,921 INFO  [org.apa.kaf.com.met.Metrics] (Thread-356) Closing reporter org.apache.kafka.common.metrics.JmxReporter
2025-07-31 15:54:01,921 INFO  [org.apa.kaf.com.met.Metrics] (Thread-356) Closing reporter org.apache.kafka.common.telemetry.internals.ClientTelemetryReporter
2025-07-31 15:54:01,921 INFO  [org.apa.kaf.com.met.Metrics] (Thread-356) Metrics reporters closed
2025-07-31 15:54:01,921 INFO  [org.apa.kaf.com.uti.AppInfoParser] (Thread-356) App info kafka.producer for Producer-topic-045a9d1b_39af_4954_adba_d52610753d98 unregistered
2025-07-31 15:54:01,922 INFO  [org.apa.kaf.cli.con.ConsumerConfig] (main) ConsumerConfig values: 
	allow.auto.create.topics = true
	auto.commit.interval.ms = 500
	auto.include.jmx.reporter = true
	auto.offset.reset = earliest
	bootstrap.servers = [PLAINTEXT://localhost:32770]
	check.crcs = true
	client.dns.lookup = use_all_dns_ips
	client.id = consumer-Consumer-topic-045a9d1b_39af_4954_adba_d52610753d98-32
	client.rack = 
	connections.max.idle.ms = 10000
	default.api.timeout.ms = 60000
	enable.auto.commit = true
	enable.metrics.push = true
	exclude.internal.topics = true
	fetch.max.bytes = 52428800
	fetch.max.wait.ms = 500
	fetch.min.bytes = 1
	group.id = Consumer-topic-045a9d1b_39af_4954_adba_d52610753d98
	group.instance.id = null
	group.protocol = classic
	group.remote.assignor = null
	heartbeat.interval.ms = 3000
	interceptor.classes = []
	internal.leave.group.on.close = true
	internal.throw.on.fetch.stable.offset.unsupported = false
	isolation.level = read_uncommitted
	key.deserializer = class org.apache.kafka.common.serialization.StringDeserializer
	max.partition.fetch.bytes = 1048576
	max.poll.interval.ms = 300000
	max.poll.records = 500
	metadata.max.age.ms = 300000
	metadata.recovery.strategy = none
	metric.reporters = []
	metrics.num.samples = 2
	metrics.recording.level = INFO
	metrics.sample.window.ms = 30000
	partition.assignment.strategy = [class org.apache.kafka.clients.consumer.RangeAssignor, class org.apache.kafka.clients.consumer.CooperativeStickyAssignor]
	receive.buffer.bytes = 65536
	reconnect.backoff.max.ms = 1000
	reconnect.backoff.ms = 50
	request.timeout.ms = 5000
	retry.backoff.max.ms = 1000
	retry.backoff.ms = 100
	sasl.client.callback.handler.class = null
	sasl.jaas.config = null
	sasl.kerberos.kinit.cmd = /usr/bin/kinit
	sasl.kerberos.min.time.before.relogin = 60000
	sasl.kerberos.service.name = null
	sasl.kerberos.ticket.renew.jitter = 0.05
	sasl.kerberos.ticket.renew.window.factor = 0.8
	sasl.login.callback.handler.class = null
	sasl.login.class = null
	sasl.login.connect.timeout.ms = null
	sasl.login.read.timeout.ms = null
	sasl.login.refresh.buffer.seconds = 300
	sasl.login.refresh.min.period.seconds = 60
	sasl.login.refresh.window.factor = 0.8
	sasl.login.refresh.window.jitter = 0.05
	sasl.login.retry.backoff.max.ms = 10000
	sasl.login.retry.backoff.ms = 100
	sasl.mechanism = GSSAPI
	sasl.oauthbearer.clock.skew.seconds = 30
	sasl.oauthbearer.expected.audience = null
	sasl.oauthbearer.expected.issuer = null
	sasl.oauthbearer.header.urlencode = false
	sasl.oauthbearer.jwks.endpoint.refresh.ms = 3600000
	sasl.oauthbearer.jwks.endpoint.retry.backoff.max.ms = 10000
	sasl.oauthbearer.jwks.endpoint.retry.backoff.ms = 100
	sasl.oauthbearer.jwks.endpoint.url = null
	sasl.oauthbearer.scope.claim.name = scope
	sasl.oauthbearer.sub.claim.name = sub
	sasl.oauthbearer.token.endpoint.url = null
	security.protocol = PLAINTEXT
	security.providers = null
	send.buffer.bytes = 131072
	session.timeout.ms = 45000
	socket.connection.setup.timeout.max.ms = 30000
	socket.connection.setup.timeout.ms = 10000
	ssl.cipher.suites = null
	ssl.enabled.protocols = [TLSv1.2, TLSv1.3]
	ssl.endpoint.identification.algorithm = https
	ssl.engine.factory.class = null
	ssl.key.password = null
	ssl.keymanager.algorithm = SunX509
	ssl.keystore.certificate.chain = null
	ssl.keystore.key = null
	ssl.keystore.location = null
	ssl.keystore.password = null
	ssl.keystore.type = JKS
	ssl.protocol = TLSv1.3
	ssl.provider = null
	ssl.secure.random.implementation = null
	ssl.trustmanager.algorithm = PKIX
	ssl.truststore.certificates = null
	ssl.truststore.location = null
	ssl.truststore.password = null
	ssl.truststore.type = JKS
	value.deserializer = class io.apicurio.registry.serde.protobuf.ProtobufKafkaDeserializer

2025-07-31 15:54:01,923 INFO  [org.apa.kaf.com.tel.int.KafkaMetricsCollector] (main) initializing Kafka metrics collector
2025-07-31 15:54:01,929 INFO  [org.apa.kaf.cli.con.ConsumerConfig] (main) These configurations '[apicurio.registry.url]' were supplied but are not used yet.
2025-07-31 15:54:01,929 INFO  [org.apa.kaf.com.uti.AppInfoParser] (main) Kafka version: 3.9.0
2025-07-31 15:54:01,930 INFO  [org.apa.kaf.com.uti.AppInfoParser] (main) Kafka commitId: 84caaa6e9da06435
2025-07-31 15:54:01,930 INFO  [org.apa.kaf.com.uti.AppInfoParser] (main) Kafka startTimeMs: 1753977241929
2025-07-31 15:54:01,930 INFO  [org.apa.kaf.cli.con.int.ClassicKafkaConsumer] (Thread-359) [Consumer clientId=consumer-Consumer-topic-045a9d1b_39af_4954_adba_d52610753d98-32, groupId=Consumer-topic-045a9d1b_39af_4954_adba_d52610753d98] Subscribed to topic(s): topic-045a9d1b_39af_4954_adba_d52610753d98
2025-07-31 15:54:01,934 INFO  [org.apa.kaf.cli.Metadata] (Thread-359) [Consumer clientId=consumer-Consumer-topic-045a9d1b_39af_4954_adba_d52610753d98-32, groupId=Consumer-topic-045a9d1b_39af_4954_adba_d52610753d98] Cluster ID: k5QcScx1TGu5ZEx470RFLw
2025-07-31 15:54:01,935 INFO  [org.apa.kaf.cli.con.int.ConsumerCoordinator] (Thread-359) [Consumer clientId=consumer-Consumer-topic-045a9d1b_39af_4954_adba_d52610753d98-32, groupId=Consumer-topic-045a9d1b_39af_4954_adba_d52610753d98] Discovered group coordinator localhost:32770 (id: 2147483647 rack: null)
2025-07-31 15:54:01,937 INFO  [org.apa.kaf.cli.con.int.ConsumerCoordinator] (Thread-359) [Consumer clientId=consumer-Consumer-topic-045a9d1b_39af_4954_adba_d52610753d98-32, groupId=Consumer-topic-045a9d1b_39af_4954_adba_d52610753d98] (Re-)joining group
2025-07-31 15:54:01,943 INFO  [org.apa.kaf.cli.con.int.ConsumerCoordinator] (Thread-359) [Consumer clientId=consumer-Consumer-topic-045a9d1b_39af_4954_adba_d52610753d98-32, groupId=Consumer-topic-045a9d1b_39af_4954_adba_d52610753d98] Request joining group due to: need to re-join with the given member-id: consumer-Consumer-topic-045a9d1b_39af_4954_adba_d52610753d98-32-c0e91958-9b57-4f07-9218-129d8979061e
2025-07-31 15:54:01,943 INFO  [org.apa.kaf.cli.con.int.ConsumerCoordinator] (Thread-359) [Consumer clientId=consumer-Consumer-topic-045a9d1b_39af_4954_adba_d52610753d98-32, groupId=Consumer-topic-045a9d1b_39af_4954_adba_d52610753d98] (Re-)joining group
2025-07-31 15:54:01,946 INFO  [org.apa.kaf.cli.con.int.ConsumerCoordinator] (Thread-359) [Consumer clientId=consumer-Consumer-topic-045a9d1b_39af_4954_adba_d52610753d98-32, groupId=Consumer-topic-045a9d1b_39af_4954_adba_d52610753d98] Successfully joined group with generation Generation{generationId=1, memberId='consumer-Consumer-topic-045a9d1b_39af_4954_adba_d52610753d98-32-c0e91958-9b57-4f07-9218-129d8979061e', protocol='range'}
2025-07-31 15:54:01,947 INFO  [org.apa.kaf.cli.con.int.ConsumerCoordinator] (Thread-359) [Consumer clientId=consumer-Consumer-topic-045a9d1b_39af_4954_adba_d52610753d98-32, groupId=Consumer-topic-045a9d1b_39af_4954_adba_d52610753d98] Finished assignment for group at generation 1: {consumer-Consumer-topic-045a9d1b_39af_4954_adba_d52610753d98-32-c0e91958-9b57-4f07-9218-129d8979061e=Assignment(partitions=[topic-045a9d1b_39af_4954_adba_d52610753d98-0])}
2025-07-31 15:54:01,950 INFO  [org.apa.kaf.cli.con.int.ConsumerCoordinator] (Thread-359) [Consumer clientId=consumer-Consumer-topic-045a9d1b_39af_4954_adba_d52610753d98-32, groupId=Consumer-topic-045a9d1b_39af_4954_adba_d52610753d98] Successfully synced group in generation Generation{generationId=1, memberId='consumer-Consumer-topic-045a9d1b_39af_4954_adba_d52610753d98-32-c0e91958-9b57-4f07-9218-129d8979061e', protocol='range'}
2025-07-31 15:54:01,950 INFO  [org.apa.kaf.cli.con.int.ConsumerCoordinator] (Thread-359) [Consumer clientId=consumer-Consumer-topic-045a9d1b_39af_4954_adba_d52610753d98-32, groupId=Consumer-topic-045a9d1b_39af_4954_adba_d52610753d98] Notifying assignor about the new Assignment(partitions=[topic-045a9d1b_39af_4954_adba_d52610753d98-0])
2025-07-31 15:54:01,950 INFO  [org.apa.kaf.cli.con.int.ConsumerRebalanceListenerInvoker] (Thread-359) [Consumer clientId=consumer-Consumer-topic-045a9d1b_39af_4954_adba_d52610753d98-32, groupId=Consumer-topic-045a9d1b_39af_4954_adba_d52610753d98] Adding newly assigned partitions: topic-045a9d1b_39af_4954_adba_d52610753d98-0
2025-07-31 15:54:01,951 INFO  [org.apa.kaf.cli.con.int.ConsumerCoordinator] (Thread-359) [Consumer clientId=consumer-Consumer-topic-045a9d1b_39af_4954_adba_d52610753d98-32, groupId=Consumer-topic-045a9d1b_39af_4954_adba_d52610753d98] Found no committed offset for partition topic-045a9d1b_39af_4954_adba_d52610753d98-0
2025-07-31 15:54:01,954 INFO  [org.apa.kaf.cli.con.int.SubscriptionState] (Thread-359) [Consumer clientId=consumer-Consumer-topic-045a9d1b_39af_4954_adba_d52610753d98-32, groupId=Consumer-topic-045a9d1b_39af_4954_adba_d52610753d98] Resetting offset for partition topic-045a9d1b_39af_4954_adba_d52610753d98-0 to position FetchPosition{offset=0, offsetEpoch=Optional.empty, currentLeader=LeaderAndEpoch{leader=Optional[localhost:32770 (id: 0 rack: null)], epoch=0}}.
2025-07-31 15:54:02,169 INFO  [io.api.tes.ser.api.KafkaSerdesTester] (Thread-359) topic-045a9d1b_39af_4954_adba_d52610753d98 0 0 header {
  time {
  }
}
d1: 1.753977241614E12
s1: "a"
i1: 123
bi1: 1
point {
  longitude: 22.0
  latitude: 22.0
  altitude: 1.0
}

2025-07-31 15:54:02,169 INFO  [io.api.tes.ser.api.KafkaSerdesTester] (Thread-359) topic-045a9d1b_39af_4954_adba_d52610753d98 0 1 header {
  time {
  }
}
d1: 1.75397724189E12
s1: "a"
i1: 123
bi1: 1
point {
  longitude: 22.0
  latitude: 22.0
  altitude: 1.0
}

2025-07-31 15:54:02,169 INFO  [io.api.tes.ser.api.KafkaSerdesTester] (Thread-359) topic-045a9d1b_39af_4954_adba_d52610753d98 0 2 header {
  time {
  }
}
d1: 1.753977241897E12
s1: "a"
i1: 123
bi1: 1
point {
  longitude: 22.0
  latitude: 22.0
  altitude: 1.0
}

2025-07-31 15:54:02,169 INFO  [io.api.tes.ser.api.KafkaSerdesTester] (Thread-359) topic-045a9d1b_39af_4954_adba_d52610753d98 0 3 header {
  time {
  }
}
d1: 1.753977241898E12
s1: "a"
i1: 123
bi1: 1
point {
  longitude: 22.0
  latitude: 22.0
  altitude: 1.0
}

2025-07-31 15:54:02,169 INFO  [io.api.tes.ser.api.KafkaSerdesTester] (Thread-359) topic-045a9d1b_39af_4954_adba_d52610753d98 0 4 header {
  time {
  }
}
d1: 1.7539772419E12
s1: "a"
i1: 123
bi1: 1
point {
  longitude: 22.0
  latitude: 22.0
  altitude: 1.0
}

2025-07-31 15:54:02,169 INFO  [io.api.tes.ser.api.KafkaSerdesTester] (Thread-359) topic-045a9d1b_39af_4954_adba_d52610753d98 0 5 header {
  time {
  }
}
d1: 1.753977241901E12
s1: "a"
i1: 123
bi1: 1
point {
  longitude: 22.0
  latitude: 22.0
  altitude: 1.0
}

2025-07-31 15:54:02,169 INFO  [io.api.tes.ser.api.KafkaSerdesTester] (Thread-359) topic-045a9d1b_39af_4954_adba_d52610753d98 0 6 header {
  time {
  }
}
d1: 1.753977241903E12
s1: "a"
i1: 123
bi1: 1
point {
  longitude: 22.0
  latitude: 22.0
  altitude: 1.0
}

2025-07-31 15:54:02,169 INFO  [io.api.tes.ser.api.KafkaSerdesTester] (Thread-359) topic-045a9d1b_39af_4954_adba_d52610753d98 0 7 header {
  time {
  }
}
d1: 1.753977241913E12
s1: "a"
i1: 123
bi1: 1
point {
  longitude: 22.0
  latitude: 22.0
  altitude: 1.0
}

2025-07-31 15:54:02,169 INFO  [io.api.tes.ser.api.KafkaSerdesTester] (Thread-359) topic-045a9d1b_39af_4954_adba_d52610753d98 0 8 header {
  time {
  }
}
d1: 1.753977241915E12
s1: "a"
i1: 123
bi1: 1
point {
  longitude: 22.0
  latitude: 22.0
  altitude: 1.0
}

2025-07-31 15:54:02,169 INFO  [io.api.tes.ser.api.KafkaSerdesTester] (Thread-359) topic-045a9d1b_39af_4954_adba_d52610753d98 0 9 header {
  time {
  }
}
d1: 1.753977241917E12
s1: "a"
i1: 123
bi1: 1
point {
  longitude: 22.0
  latitude: 22.0
  altitude: 1.0
}

2025-07-31 15:54:02,170 INFO  [io.api.tes.ser.api.KafkaSerdesTester] (Thread-359) Consumed 10 messages
2025-07-31 15:54:02,176 INFO  [org.apa.kaf.cli.con.int.ConsumerRebalanceListenerInvoker] (Thread-359) [Consumer clientId=consumer-Consumer-topic-045a9d1b_39af_4954_adba_d52610753d98-32, groupId=Consumer-topic-045a9d1b_39af_4954_adba_d52610753d98] Revoke previously assigned partitions topic-045a9d1b_39af_4954_adba_d52610753d98-0
2025-07-31 15:54:02,176 INFO  [org.apa.kaf.cli.con.int.ConsumerCoordinator] (Thread-359) [Consumer clientId=consumer-Consumer-topic-045a9d1b_39af_4954_adba_d52610753d98-32, groupId=Consumer-topic-045a9d1b_39af_4954_adba_d52610753d98] Member consumer-Consumer-topic-045a9d1b_39af_4954_adba_d52610753d98-32-c0e91958-9b57-4f07-9218-129d8979061e sending LeaveGroup request to coordinator localhost:32770 (id: 2147483647 rack: null) due to the consumer is being closed
2025-07-31 15:54:02,177 INFO  [org.apa.kaf.cli.con.int.ConsumerCoordinator] (Thread-359) [Consumer clientId=consumer-Consumer-topic-045a9d1b_39af_4954_adba_d52610753d98-32, groupId=Consumer-topic-045a9d1b_39af_4954_adba_d52610753d98] Resetting generation and member id due to: consumer pro-actively leaving the group
2025-07-31 15:54:02,177 INFO  [org.apa.kaf.cli.con.int.ConsumerCoordinator] (Thread-359) [Consumer clientId=consumer-Consumer-topic-045a9d1b_39af_4954_adba_d52610753d98-32, groupId=Consumer-topic-045a9d1b_39af_4954_adba_d52610753d98] Request joining group due to: consumer pro-actively leaving the group
2025-07-31 15:54:02,676 INFO  [org.apa.kaf.com.met.Metrics] (Thread-359) Metrics scheduler closed
2025-07-31 15:54:02,676 INFO  [org.apa.kaf.com.met.Metrics] (Thread-359) Closing reporter org.apache.kafka.common.metrics.JmxReporter
2025-07-31 15:54:02,676 INFO  [org.apa.kaf.com.met.Metrics] (Thread-359) Closing reporter org.apache.kafka.common.telemetry.internals.ClientTelemetryReporter
2025-07-31 15:54:02,676 INFO  [org.apa.kaf.com.met.Metrics] (Thread-359) Metrics reporters closed
2025-07-31 15:54:02,678 INFO  [org.apa.kaf.com.uti.AppInfoParser] (Thread-359) App info kafka.consumer for consumer-Consumer-topic-045a9d1b_39af_4954_adba_d52610753d98-32 unregistered
2025-07-31 15:54:02,678 INFO  [io.api.tes.uti.TestSeparator] (main) io.apicurio.tests.serdes.apicurio.ProtobufSerdeIT.testFindLatestAndUseBody-FINISHED
2025-07-31 15:54:02,678 INFO  [io.api.tes.uti.TestSeparator] (main) ############################################################################
]]></system-out>
  </testcase>
  <testcase name="testConsumeDynamicMessage" classname="io.apicurio.tests.serdes.apicurio.ProtobufSerdeIT" time="1.161">
    <system-out><![CDATA[2025-07-31 15:54:02,679 INFO  [io.api.tes.uti.TestSeparator] (main) ############################################################################
2025-07-31 15:54:02,679 INFO  [io.api.tes.uti.TestSeparator] (main) io.apicurio.tests.serdes.apicurio.ProtobufSerdeIT.testConsumeDynamicMessage-STARTED
2025-07-31 15:54:03,840 INFO  [io.api.tes.uti.TestSeparator] (main) io.apicurio.tests.serdes.apicurio.ProtobufSerdeIT.testConsumeDynamicMessage-FINISHED
2025-07-31 15:54:03,840 INFO  [io.api.tes.uti.TestSeparator] (main) ############################################################################
]]></system-out>
  </testcase>
  <testcase name="testAutoRegisterDynamicMessageProtobufType" classname="io.apicurio.tests.serdes.apicurio.ProtobufSerdeIT" time="1.417">
    <system-out><![CDATA[2025-07-31 15:54:03,841 INFO  [io.api.tes.uti.TestSeparator] (main) ############################################################################
2025-07-31 15:54:03,841 INFO  [io.api.tes.uti.TestSeparator] (main) io.apicurio.tests.serdes.apicurio.ProtobufSerdeIT.testAutoRegisterDynamicMessageProtobufType-STARTED
2025-07-31 15:54:03,843 INFO  [org.apa.kaf.cli.pro.ProducerConfig] (main) ProducerConfig values: 
	acks = -1
	auto.include.jmx.reporter = true
	batch.size = 16384
	bootstrap.servers = [PLAINTEXT://localhost:32770]
	buffer.memory = 33554432
	client.dns.lookup = use_all_dns_ips
	client.id = Producer-topic-f60757a9_81ea_47df_afdb_f18b1bc5fe0b
	compression.gzip.level = -1
	compression.lz4.level = 9
	compression.type = none
	compression.zstd.level = 3
	connections.max.idle.ms = 10000
	delivery.timeout.ms = 120000
	enable.idempotence = true
	enable.metrics.push = true
	interceptor.classes = []
	key.serializer = class org.apache.kafka.common.serialization.StringSerializer
	linger.ms = 0
	max.block.ms = 60000
	max.in.flight.requests.per.connection = 5
	max.request.size = 1048576
	metadata.max.age.ms = 300000
	metadata.max.idle.ms = 300000
	metadata.recovery.strategy = none
	metric.reporters = []
	metrics.num.samples = 2
	metrics.recording.level = INFO
	metrics.sample.window.ms = 30000
	partitioner.adaptive.partitioning.enable = true
	partitioner.availability.timeout.ms = 0
	partitioner.class = null
	partitioner.ignore.keys = false
	receive.buffer.bytes = 32768
	reconnect.backoff.max.ms = 1000
	reconnect.backoff.ms = 50
	request.timeout.ms = 5000
	retries = 2147483647
	retry.backoff.max.ms = 1000
	retry.backoff.ms = 100
	sasl.client.callback.handler.class = null
	sasl.jaas.config = null
	sasl.kerberos.kinit.cmd = /usr/bin/kinit
	sasl.kerberos.min.time.before.relogin = 60000
	sasl.kerberos.service.name = null
	sasl.kerberos.ticket.renew.jitter = 0.05
	sasl.kerberos.ticket.renew.window.factor = 0.8
	sasl.login.callback.handler.class = null
	sasl.login.class = null
	sasl.login.connect.timeout.ms = null
	sasl.login.read.timeout.ms = null
	sasl.login.refresh.buffer.seconds = 300
	sasl.login.refresh.min.period.seconds = 60
	sasl.login.refresh.window.factor = 0.8
	sasl.login.refresh.window.jitter = 0.05
	sasl.login.retry.backoff.max.ms = 10000
	sasl.login.retry.backoff.ms = 100
	sasl.mechanism = GSSAPI
	sasl.oauthbearer.clock.skew.seconds = 30
	sasl.oauthbearer.expected.audience = null
	sasl.oauthbearer.expected.issuer = null
	sasl.oauthbearer.header.urlencode = false
	sasl.oauthbearer.jwks.endpoint.refresh.ms = 3600000
	sasl.oauthbearer.jwks.endpoint.retry.backoff.max.ms = 10000
	sasl.oauthbearer.jwks.endpoint.retry.backoff.ms = 100
	sasl.oauthbearer.jwks.endpoint.url = null
	sasl.oauthbearer.scope.claim.name = scope
	sasl.oauthbearer.sub.claim.name = sub
	sasl.oauthbearer.token.endpoint.url = null
	security.protocol = PLAINTEXT
	security.providers = null
	send.buffer.bytes = 131072
	socket.connection.setup.timeout.max.ms = 30000
	socket.connection.setup.timeout.ms = 10000
	ssl.cipher.suites = null
	ssl.enabled.protocols = [TLSv1.2, TLSv1.3]
	ssl.endpoint.identification.algorithm = https
	ssl.engine.factory.class = null
	ssl.key.password = null
	ssl.keymanager.algorithm = SunX509
	ssl.keystore.certificate.chain = null
	ssl.keystore.key = null
	ssl.keystore.location = null
	ssl.keystore.password = null
	ssl.keystore.type = JKS
	ssl.protocol = TLSv1.3
	ssl.provider = null
	ssl.secure.random.implementation = null
	ssl.trustmanager.algorithm = PKIX
	ssl.truststore.certificates = null
	ssl.truststore.location = null
	ssl.truststore.password = null
	ssl.truststore.type = JKS
	transaction.timeout.ms = 60000
	transactional.id = null
	value.serializer = class io.apicurio.registry.serde.protobuf.ProtobufKafkaSerializer

2025-07-31 15:54:03,843 INFO  [org.apa.kaf.com.tel.int.KafkaMetricsCollector] (main) initializing Kafka metrics collector
2025-07-31 15:54:03,848 INFO  [org.apa.kaf.cli.pro.KafkaProducer] (main) [Producer clientId=Producer-topic-f60757a9_81ea_47df_afdb_f18b1bc5fe0b] Instantiated an idempotent producer.
2025-07-31 15:54:03,852 INFO  [org.apa.kaf.cli.pro.ProducerConfig] (main) These configurations '[apicurio.registry.url, apicurio.registry.auto-register, apicurio.registry.artifact-resolver-strategy]' were supplied but are not used yet.
2025-07-31 15:54:03,852 INFO  [org.apa.kaf.com.uti.AppInfoParser] (main) Kafka version: 3.9.0
2025-07-31 15:54:03,852 INFO  [org.apa.kaf.com.uti.AppInfoParser] (main) Kafka commitId: 84caaa6e9da06435
2025-07-31 15:54:03,852 INFO  [org.apa.kaf.com.uti.AppInfoParser] (main) Kafka startTimeMs: 1753977243852
2025-07-31 15:54:03,852 INFO  [io.api.tes.ser.api.SimpleSerdesTesterBuilder$SimpleSerdesTester] (main) Using producer configuration: {apicurio.registry.url=http://registry-app-kafkasql.apps.ci419.apicurio-testing.org:80/apis/registry/v3, apicurio.registry.auto-register=true, apicurio.registry.artifact-resolver-strategy=io.apicurio.registry.serde.strategy.TopicIdStrategy, value.serializer=io.apicurio.registry.serde.protobuf.ProtobufKafkaSerializer, request.timeout.ms=5000, acks=all, bootstrap.servers=PLAINTEXT://localhost:32770, connections.max.idle.ms=10000, key.serializer=org.apache.kafka.common.serialization.StringSerializer, client.id=Producer-topic-f60757a9_81ea_47df_afdb_f18b1bc5fe0b}
2025-07-31 15:54:03,852 INFO  [io.api.tes.ser.api.SimpleSerdesTesterBuilder$SimpleSerdesTester] (main) Using consumer configuration: {apicurio.registry.deserializer.value.return-class=com.google.protobuf.DynamicMessage}
2025-07-31 15:54:03,856 INFO  [org.apa.kaf.cli.Metadata] (kafka-producer-network-thread | Producer-topic-f60757a9_81ea_47df_afdb_f18b1bc5fe0b) [Producer clientId=Producer-topic-f60757a9_81ea_47df_afdb_f18b1bc5fe0b] Cluster ID: k5QcScx1TGu5ZEx470RFLw
2025-07-31 15:54:03,858 INFO  [io.api.tes.ser.api.KafkaSerdesTester] (Thread-362) Sending message header {
  time {
  }
}
d1: 1.753977243856E12
s1: "a"
i1: 123
bi1: 1
point {
  longitude: 22.0
  latitude: 22.0
  altitude: 1.0
}
 to topic topic-f60757a9_81ea_47df_afdb_f18b1bc5fe0b
2025-07-31 15:54:03,859 INFO  [org.apa.kaf.cli.pro.int.TransactionManager] (kafka-producer-network-thread | Producer-topic-f60757a9_81ea_47df_afdb_f18b1bc5fe0b) [Producer clientId=Producer-topic-f60757a9_81ea_47df_afdb_f18b1bc5fe0b] ProducerId set to 43 with epoch 0
2025-07-31 15:54:03,866 WARN  [org.apa.kaf.cli.NetworkClient] (kafka-producer-network-thread | Producer-topic-f60757a9_81ea_47df_afdb_f18b1bc5fe0b) [Producer clientId=Producer-topic-f60757a9_81ea_47df_afdb_f18b1bc5fe0b] The metadata response from the cluster reported a recoverable issue with correlation id 7 : {topic-f60757a9_81ea_47df_afdb_f18b1bc5fe0b=LEADER_NOT_AVAILABLE}
2025-07-31 15:54:04,224 INFO  [io.api.tes.ser.api.KafkaSerdesTester] (Thread-362) Sending message header {
  time {
  }
}
d1: 1.753977244224E12
s1: "a"
i1: 123
bi1: 1
point {
  longitude: 22.0
  latitude: 22.0
  altitude: 1.0
}
 to topic topic-f60757a9_81ea_47df_afdb_f18b1bc5fe0b
2025-07-31 15:54:04,226 INFO  [io.api.tes.ser.api.KafkaSerdesTester] (Thread-362) Sending message header {
  time {
  }
}
d1: 1.753977244226E12
s1: "a"
i1: 123
bi1: 1
point {
  longitude: 22.0
  latitude: 22.0
  altitude: 1.0
}
 to topic topic-f60757a9_81ea_47df_afdb_f18b1bc5fe0b
2025-07-31 15:54:04,227 INFO  [io.api.tes.ser.api.KafkaSerdesTester] (Thread-362) Sending message header {
  time {
  }
}
d1: 1.753977244227E12
s1: "a"
i1: 123
bi1: 1
point {
  longitude: 22.0
  latitude: 22.0
  altitude: 1.0
}
 to topic topic-f60757a9_81ea_47df_afdb_f18b1bc5fe0b
2025-07-31 15:54:04,229 INFO  [io.api.tes.ser.api.KafkaSerdesTester] (Thread-362) Sending message header {
  time {
  }
}
d1: 1.753977244229E12
s1: "a"
i1: 123
bi1: 1
point {
  longitude: 22.0
  latitude: 22.0
  altitude: 1.0
}
 to topic topic-f60757a9_81ea_47df_afdb_f18b1bc5fe0b
2025-07-31 15:54:04,231 INFO  [io.api.tes.ser.api.KafkaSerdesTester] (Thread-362) Sending message header {
  time {
  }
}
d1: 1.753977244231E12
s1: "a"
i1: 123
bi1: 1
point {
  longitude: 22.0
  latitude: 22.0
  altitude: 1.0
}
 to topic topic-f60757a9_81ea_47df_afdb_f18b1bc5fe0b
2025-07-31 15:54:04,232 INFO  [io.api.tes.ser.api.KafkaSerdesTester] (Thread-362) Sending message header {
  time {
  }
}
d1: 1.753977244232E12
s1: "a"
i1: 123
bi1: 1
point {
  longitude: 22.0
  latitude: 22.0
  altitude: 1.0
}
 to topic topic-f60757a9_81ea_47df_afdb_f18b1bc5fe0b
2025-07-31 15:54:04,233 INFO  [io.api.tes.ser.api.KafkaSerdesTester] (Thread-362) Sending message header {
  time {
  }
}
d1: 1.753977244233E12
s1: "a"
i1: 123
bi1: 1
point {
  longitude: 22.0
  latitude: 22.0
  altitude: 1.0
}
 to topic topic-f60757a9_81ea_47df_afdb_f18b1bc5fe0b
2025-07-31 15:54:04,235 INFO  [io.api.tes.ser.api.KafkaSerdesTester] (Thread-362) Sending message header {
  time {
  }
}
d1: 1.753977244235E12
s1: "a"
i1: 123
bi1: 1
point {
  longitude: 22.0
  latitude: 22.0
  altitude: 1.0
}
 to topic topic-f60757a9_81ea_47df_afdb_f18b1bc5fe0b
2025-07-31 15:54:04,237 INFO  [io.api.tes.ser.api.KafkaSerdesTester] (Thread-362) Sending message header {
  time {
  }
}
d1: 1.753977244237E12
s1: "a"
i1: 123
bi1: 1
point {
  longitude: 22.0
  latitude: 22.0
  altitude: 1.0
}
 to topic topic-f60757a9_81ea_47df_afdb_f18b1bc5fe0b
2025-07-31 15:54:04,242 INFO  [io.api.tes.ser.api.KafkaSerdesTester] (Thread-362) Produced 10 messages
2025-07-31 15:54:04,242 INFO  [org.apa.kaf.cli.pro.KafkaProducer] (Thread-362) [Producer clientId=Producer-topic-f60757a9_81ea_47df_afdb_f18b1bc5fe0b] Closing the Kafka producer with timeoutMillis = 9223372036854775807 ms.
2025-07-31 15:54:04,244 INFO  [org.apa.kaf.com.met.Metrics] (Thread-362) Metrics scheduler closed
2025-07-31 15:54:04,244 INFO  [org.apa.kaf.com.met.Metrics] (Thread-362) Closing reporter org.apache.kafka.common.metrics.JmxReporter
2025-07-31 15:54:04,244 INFO  [org.apa.kaf.com.met.Metrics] (Thread-362) Closing reporter org.apache.kafka.common.telemetry.internals.ClientTelemetryReporter
2025-07-31 15:54:04,244 INFO  [org.apa.kaf.com.met.Metrics] (Thread-362) Metrics reporters closed
2025-07-31 15:54:04,245 INFO  [org.apa.kaf.com.uti.AppInfoParser] (Thread-362) App info kafka.producer for Producer-topic-f60757a9_81ea_47df_afdb_f18b1bc5fe0b unregistered
2025-07-31 15:54:04,366 INFO  [org.apa.kaf.cli.con.ConsumerConfig] (main) ConsumerConfig values: 
	allow.auto.create.topics = true
	auto.commit.interval.ms = 500
	auto.include.jmx.reporter = true
	auto.offset.reset = earliest
	bootstrap.servers = [PLAINTEXT://localhost:32770]
	check.crcs = true
	client.dns.lookup = use_all_dns_ips
	client.id = consumer-Consumer-topic-f60757a9_81ea_47df_afdb_f18b1bc5fe0b-33
	client.rack = 
	connections.max.idle.ms = 10000
	default.api.timeout.ms = 60000
	enable.auto.commit = true
	enable.metrics.push = true
	exclude.internal.topics = true
	fetch.max.bytes = 52428800
	fetch.max.wait.ms = 500
	fetch.min.bytes = 1
	group.id = Consumer-topic-f60757a9_81ea_47df_afdb_f18b1bc5fe0b
	group.instance.id = null
	group.protocol = classic
	group.remote.assignor = null
	heartbeat.interval.ms = 3000
	interceptor.classes = []
	internal.leave.group.on.close = true
	internal.throw.on.fetch.stable.offset.unsupported = false
	isolation.level = read_uncommitted
	key.deserializer = class org.apache.kafka.common.serialization.StringDeserializer
	max.partition.fetch.bytes = 1048576
	max.poll.interval.ms = 300000
	max.poll.records = 500
	metadata.max.age.ms = 300000
	metadata.recovery.strategy = none
	metric.reporters = []
	metrics.num.samples = 2
	metrics.recording.level = INFO
	metrics.sample.window.ms = 30000
	partition.assignment.strategy = [class org.apache.kafka.clients.consumer.RangeAssignor, class org.apache.kafka.clients.consumer.CooperativeStickyAssignor]
	receive.buffer.bytes = 65536
	reconnect.backoff.max.ms = 1000
	reconnect.backoff.ms = 50
	request.timeout.ms = 5000
	retry.backoff.max.ms = 1000
	retry.backoff.ms = 100
	sasl.client.callback.handler.class = null
	sasl.jaas.config = null
	sasl.kerberos.kinit.cmd = /usr/bin/kinit
	sasl.kerberos.min.time.before.relogin = 60000
	sasl.kerberos.service.name = null
	sasl.kerberos.ticket.renew.jitter = 0.05
	sasl.kerberos.ticket.renew.window.factor = 0.8
	sasl.login.callback.handler.class = null
	sasl.login.class = null
	sasl.login.connect.timeout.ms = null
	sasl.login.read.timeout.ms = null
	sasl.login.refresh.buffer.seconds = 300
	sasl.login.refresh.min.period.seconds = 60
	sasl.login.refresh.window.factor = 0.8
	sasl.login.refresh.window.jitter = 0.05
	sasl.login.retry.backoff.max.ms = 10000
	sasl.login.retry.backoff.ms = 100
	sasl.mechanism = GSSAPI
	sasl.oauthbearer.clock.skew.seconds = 30
	sasl.oauthbearer.expected.audience = null
	sasl.oauthbearer.expected.issuer = null
	sasl.oauthbearer.header.urlencode = false
	sasl.oauthbearer.jwks.endpoint.refresh.ms = 3600000
	sasl.oauthbearer.jwks.endpoint.retry.backoff.max.ms = 10000
	sasl.oauthbearer.jwks.endpoint.retry.backoff.ms = 100
	sasl.oauthbearer.jwks.endpoint.url = null
	sasl.oauthbearer.scope.claim.name = scope
	sasl.oauthbearer.sub.claim.name = sub
	sasl.oauthbearer.token.endpoint.url = null
	security.protocol = PLAINTEXT
	security.providers = null
	send.buffer.bytes = 131072
	session.timeout.ms = 45000
	socket.connection.setup.timeout.max.ms = 30000
	socket.connection.setup.timeout.ms = 10000
	ssl.cipher.suites = null
	ssl.enabled.protocols = [TLSv1.2, TLSv1.3]
	ssl.endpoint.identification.algorithm = https
	ssl.engine.factory.class = null
	ssl.key.password = null
	ssl.keymanager.algorithm = SunX509
	ssl.keystore.certificate.chain = null
	ssl.keystore.key = null
	ssl.keystore.location = null
	ssl.keystore.password = null
	ssl.keystore.type = JKS
	ssl.protocol = TLSv1.3
	ssl.provider = null
	ssl.secure.random.implementation = null
	ssl.trustmanager.algorithm = PKIX
	ssl.truststore.certificates = null
	ssl.truststore.location = null
	ssl.truststore.password = null
	ssl.truststore.type = JKS
	value.deserializer = class io.apicurio.registry.serde.protobuf.ProtobufKafkaDeserializer

2025-07-31 15:54:04,366 INFO  [org.apa.kaf.com.tel.int.KafkaMetricsCollector] (main) initializing Kafka metrics collector
2025-07-31 15:54:04,370 INFO  [org.apa.kaf.cli.con.ConsumerConfig] (main) These configurations '[apicurio.registry.deserializer.value.return-class, apicurio.registry.url]' were supplied but are not used yet.
2025-07-31 15:54:04,370 INFO  [org.apa.kaf.com.uti.AppInfoParser] (main) Kafka version: 3.9.0
2025-07-31 15:54:04,370 INFO  [org.apa.kaf.com.uti.AppInfoParser] (main) Kafka commitId: 84caaa6e9da06435
2025-07-31 15:54:04,370 INFO  [org.apa.kaf.com.uti.AppInfoParser] (main) Kafka startTimeMs: 1753977244370
2025-07-31 15:54:04,371 INFO  [org.apa.kaf.cli.con.int.ClassicKafkaConsumer] (Thread-365) [Consumer clientId=consumer-Consumer-topic-f60757a9_81ea_47df_afdb_f18b1bc5fe0b-33, groupId=Consumer-topic-f60757a9_81ea_47df_afdb_f18b1bc5fe0b] Subscribed to topic(s): topic-f60757a9_81ea_47df_afdb_f18b1bc5fe0b
2025-07-31 15:54:04,375 INFO  [org.apa.kaf.cli.Metadata] (Thread-365) [Consumer clientId=consumer-Consumer-topic-f60757a9_81ea_47df_afdb_f18b1bc5fe0b-33, groupId=Consumer-topic-f60757a9_81ea_47df_afdb_f18b1bc5fe0b] Cluster ID: k5QcScx1TGu5ZEx470RFLw
2025-07-31 15:54:04,376 INFO  [org.apa.kaf.cli.con.int.ConsumerCoordinator] (Thread-365) [Consumer clientId=consumer-Consumer-topic-f60757a9_81ea_47df_afdb_f18b1bc5fe0b-33, groupId=Consumer-topic-f60757a9_81ea_47df_afdb_f18b1bc5fe0b] Discovered group coordinator localhost:32770 (id: 2147483647 rack: null)
2025-07-31 15:54:04,377 INFO  [org.apa.kaf.cli.con.int.ConsumerCoordinator] (Thread-365) [Consumer clientId=consumer-Consumer-topic-f60757a9_81ea_47df_afdb_f18b1bc5fe0b-33, groupId=Consumer-topic-f60757a9_81ea_47df_afdb_f18b1bc5fe0b] (Re-)joining group
2025-07-31 15:54:04,379 INFO  [org.apa.kaf.cli.con.int.ConsumerCoordinator] (Thread-365) [Consumer clientId=consumer-Consumer-topic-f60757a9_81ea_47df_afdb_f18b1bc5fe0b-33, groupId=Consumer-topic-f60757a9_81ea_47df_afdb_f18b1bc5fe0b] Request joining group due to: need to re-join with the given member-id: consumer-Consumer-topic-f60757a9_81ea_47df_afdb_f18b1bc5fe0b-33-c4b512a6-9c4e-43fe-8be7-df9353a773ff
2025-07-31 15:54:04,379 INFO  [org.apa.kaf.cli.con.int.ConsumerCoordinator] (Thread-365) [Consumer clientId=consumer-Consumer-topic-f60757a9_81ea_47df_afdb_f18b1bc5fe0b-33, groupId=Consumer-topic-f60757a9_81ea_47df_afdb_f18b1bc5fe0b] (Re-)joining group
2025-07-31 15:54:04,381 INFO  [org.apa.kaf.cli.con.int.ConsumerCoordinator] (Thread-365) [Consumer clientId=consumer-Consumer-topic-f60757a9_81ea_47df_afdb_f18b1bc5fe0b-33, groupId=Consumer-topic-f60757a9_81ea_47df_afdb_f18b1bc5fe0b] Successfully joined group with generation Generation{generationId=1, memberId='consumer-Consumer-topic-f60757a9_81ea_47df_afdb_f18b1bc5fe0b-33-c4b512a6-9c4e-43fe-8be7-df9353a773ff', protocol='range'}
2025-07-31 15:54:04,381 INFO  [org.apa.kaf.cli.con.int.ConsumerCoordinator] (Thread-365) [Consumer clientId=consumer-Consumer-topic-f60757a9_81ea_47df_afdb_f18b1bc5fe0b-33, groupId=Consumer-topic-f60757a9_81ea_47df_afdb_f18b1bc5fe0b] Finished assignment for group at generation 1: {consumer-Consumer-topic-f60757a9_81ea_47df_afdb_f18b1bc5fe0b-33-c4b512a6-9c4e-43fe-8be7-df9353a773ff=Assignment(partitions=[topic-f60757a9_81ea_47df_afdb_f18b1bc5fe0b-0])}
2025-07-31 15:54:04,384 INFO  [org.apa.kaf.cli.con.int.ConsumerCoordinator] (Thread-365) [Consumer clientId=consumer-Consumer-topic-f60757a9_81ea_47df_afdb_f18b1bc5fe0b-33, groupId=Consumer-topic-f60757a9_81ea_47df_afdb_f18b1bc5fe0b] Successfully synced group in generation Generation{generationId=1, memberId='consumer-Consumer-topic-f60757a9_81ea_47df_afdb_f18b1bc5fe0b-33-c4b512a6-9c4e-43fe-8be7-df9353a773ff', protocol='range'}
2025-07-31 15:54:04,384 INFO  [org.apa.kaf.cli.con.int.ConsumerCoordinator] (Thread-365) [Consumer clientId=consumer-Consumer-topic-f60757a9_81ea_47df_afdb_f18b1bc5fe0b-33, groupId=Consumer-topic-f60757a9_81ea_47df_afdb_f18b1bc5fe0b] Notifying assignor about the new Assignment(partitions=[topic-f60757a9_81ea_47df_afdb_f18b1bc5fe0b-0])
2025-07-31 15:54:04,384 INFO  [org.apa.kaf.cli.con.int.ConsumerRebalanceListenerInvoker] (Thread-365) [Consumer clientId=consumer-Consumer-topic-f60757a9_81ea_47df_afdb_f18b1bc5fe0b-33, groupId=Consumer-topic-f60757a9_81ea_47df_afdb_f18b1bc5fe0b] Adding newly assigned partitions: topic-f60757a9_81ea_47df_afdb_f18b1bc5fe0b-0
2025-07-31 15:54:04,385 INFO  [org.apa.kaf.cli.con.int.ConsumerCoordinator] (Thread-365) [Consumer clientId=consumer-Consumer-topic-f60757a9_81ea_47df_afdb_f18b1bc5fe0b-33, groupId=Consumer-topic-f60757a9_81ea_47df_afdb_f18b1bc5fe0b] Found no committed offset for partition topic-f60757a9_81ea_47df_afdb_f18b1bc5fe0b-0
2025-07-31 15:54:04,389 INFO  [org.apa.kaf.cli.con.int.SubscriptionState] (Thread-365) [Consumer clientId=consumer-Consumer-topic-f60757a9_81ea_47df_afdb_f18b1bc5fe0b-33, groupId=Consumer-topic-f60757a9_81ea_47df_afdb_f18b1bc5fe0b] Resetting offset for partition topic-f60757a9_81ea_47df_afdb_f18b1bc5fe0b-0 to position FetchPosition{offset=0, offsetEpoch=Optional.empty, currentLeader=LeaderAndEpoch{leader=Optional[localhost:32770 (id: 0 rack: null)], epoch=0}}.
2025-07-31 15:54:04,690 INFO  [io.api.tes.ser.api.KafkaSerdesTester] (Thread-365) topic-f60757a9_81ea_47df_afdb_f18b1bc5fe0b 0 0 header {
  time {
  }
}
d1: 1.753977243856E12
s1: "a"
i1: 123
bi1: 1
point {
  longitude: 22.0
  latitude: 22.0
  altitude: 1.0
}

2025-07-31 15:54:04,690 INFO  [io.api.tes.ser.api.KafkaSerdesTester] (Thread-365) topic-f60757a9_81ea_47df_afdb_f18b1bc5fe0b 0 1 header {
  time {
  }
}
d1: 1.753977244224E12
s1: "a"
i1: 123
bi1: 1
point {
  longitude: 22.0
  latitude: 22.0
  altitude: 1.0
}

2025-07-31 15:54:04,690 INFO  [io.api.tes.ser.api.KafkaSerdesTester] (Thread-365) topic-f60757a9_81ea_47df_afdb_f18b1bc5fe0b 0 2 header {
  time {
  }
}
d1: 1.753977244226E12
s1: "a"
i1: 123
bi1: 1
point {
  longitude: 22.0
  latitude: 22.0
  altitude: 1.0
}

2025-07-31 15:54:04,690 INFO  [io.api.tes.ser.api.KafkaSerdesTester] (Thread-365) topic-f60757a9_81ea_47df_afdb_f18b1bc5fe0b 0 3 header {
  time {
  }
}
d1: 1.753977244227E12
s1: "a"
i1: 123
bi1: 1
point {
  longitude: 22.0
  latitude: 22.0
  altitude: 1.0
}

2025-07-31 15:54:04,690 INFO  [io.api.tes.ser.api.KafkaSerdesTester] (Thread-365) topic-f60757a9_81ea_47df_afdb_f18b1bc5fe0b 0 4 header {
  time {
  }
}
d1: 1.753977244229E12
s1: "a"
i1: 123
bi1: 1
point {
  longitude: 22.0
  latitude: 22.0
  altitude: 1.0
}

2025-07-31 15:54:04,690 INFO  [io.api.tes.ser.api.KafkaSerdesTester] (Thread-365) topic-f60757a9_81ea_47df_afdb_f18b1bc5fe0b 0 5 header {
  time {
  }
}
d1: 1.753977244231E12
s1: "a"
i1: 123
bi1: 1
point {
  longitude: 22.0
  latitude: 22.0
  altitude: 1.0
}

2025-07-31 15:54:04,690 INFO  [io.api.tes.ser.api.KafkaSerdesTester] (Thread-365) topic-f60757a9_81ea_47df_afdb_f18b1bc5fe0b 0 6 header {
  time {
  }
}
d1: 1.753977244232E12
s1: "a"
i1: 123
bi1: 1
point {
  longitude: 22.0
  latitude: 22.0
  altitude: 1.0
}

2025-07-31 15:54:04,690 INFO  [io.api.tes.ser.api.KafkaSerdesTester] (Thread-365) topic-f60757a9_81ea_47df_afdb_f18b1bc5fe0b 0 7 header {
  time {
  }
}
d1: 1.753977244233E12
s1: "a"
i1: 123
bi1: 1
point {
  longitude: 22.0
  latitude: 22.0
  altitude: 1.0
}

2025-07-31 15:54:04,690 INFO  [io.api.tes.ser.api.KafkaSerdesTester] (Thread-365) topic-f60757a9_81ea_47df_afdb_f18b1bc5fe0b 0 8 header {
  time {
  }
}
d1: 1.753977244235E12
s1: "a"
i1: 123
bi1: 1
point {
  longitude: 22.0
  latitude: 22.0
  altitude: 1.0
}

2025-07-31 15:54:04,691 INFO  [io.api.tes.ser.api.KafkaSerdesTester] (Thread-365) topic-f60757a9_81ea_47df_afdb_f18b1bc5fe0b 0 9 header {
  time {
  }
}
d1: 1.753977244237E12
s1: "a"
i1: 123
bi1: 1
point {
  longitude: 22.0
  latitude: 22.0
  altitude: 1.0
}

2025-07-31 15:54:04,691 INFO  [io.api.tes.ser.api.KafkaSerdesTester] (Thread-365) Consumed 10 messages
2025-07-31 15:54:04,693 INFO  [org.apa.kaf.cli.con.int.ConsumerRebalanceListenerInvoker] (Thread-365) [Consumer clientId=consumer-Consumer-topic-f60757a9_81ea_47df_afdb_f18b1bc5fe0b-33, groupId=Consumer-topic-f60757a9_81ea_47df_afdb_f18b1bc5fe0b] Revoke previously assigned partitions topic-f60757a9_81ea_47df_afdb_f18b1bc5fe0b-0
2025-07-31 15:54:04,694 INFO  [org.apa.kaf.cli.con.int.ConsumerCoordinator] (Thread-365) [Consumer clientId=consumer-Consumer-topic-f60757a9_81ea_47df_afdb_f18b1bc5fe0b-33, groupId=Consumer-topic-f60757a9_81ea_47df_afdb_f18b1bc5fe0b] Member consumer-Consumer-topic-f60757a9_81ea_47df_afdb_f18b1bc5fe0b-33-c4b512a6-9c4e-43fe-8be7-df9353a773ff sending LeaveGroup request to coordinator localhost:32770 (id: 2147483647 rack: null) due to the consumer is being closed
2025-07-31 15:54:04,695 INFO  [org.apa.kaf.cli.con.int.ConsumerCoordinator] (Thread-365) [Consumer clientId=consumer-Consumer-topic-f60757a9_81ea_47df_afdb_f18b1bc5fe0b-33, groupId=Consumer-topic-f60757a9_81ea_47df_afdb_f18b1bc5fe0b] Resetting generation and member id due to: consumer pro-actively leaving the group
2025-07-31 15:54:04,695 INFO  [org.apa.kaf.cli.con.int.ConsumerCoordinator] (Thread-365) [Consumer clientId=consumer-Consumer-topic-f60757a9_81ea_47df_afdb_f18b1bc5fe0b-33, groupId=Consumer-topic-f60757a9_81ea_47df_afdb_f18b1bc5fe0b] Request joining group due to: consumer pro-actively leaving the group
2025-07-31 15:54:05,192 INFO  [org.apa.kaf.com.met.Metrics] (Thread-365) Metrics scheduler closed
2025-07-31 15:54:05,192 INFO  [org.apa.kaf.com.met.Metrics] (Thread-365) Closing reporter org.apache.kafka.common.metrics.JmxReporter
2025-07-31 15:54:05,192 INFO  [org.apa.kaf.com.met.Metrics] (Thread-365) Closing reporter org.apache.kafka.common.telemetry.internals.ClientTelemetryReporter
2025-07-31 15:54:05,192 INFO  [org.apa.kaf.com.met.Metrics] (Thread-365) Metrics reporters closed
2025-07-31 15:54:05,193 INFO  [org.apa.kaf.com.uti.AppInfoParser] (Thread-365) App info kafka.consumer for consumer-Consumer-topic-f60757a9_81ea_47df_afdb_f18b1bc5fe0b-33 unregistered
2025-07-31 15:54:05,258 INFO  [io.api.tes.uti.TestSeparator] (main) io.apicurio.tests.serdes.apicurio.ProtobufSerdeIT.testAutoRegisterDynamicMessageProtobufType-FINISHED
2025-07-31 15:54:05,258 INFO  [io.api.tes.uti.TestSeparator] (main) ############################################################################
]]></system-out>
  </testcase>
</testsuite>