<?xml version="1.0" encoding="UTF-8"?>
<testsuite xmlns:xsi="http://www.w3.org/2001/XMLSchema-instance" xsi:noNamespaceSchemaLocation="https://maven.apache.org/surefire/maven-failsafe-plugin/xsd/failsafe-test-report.xsd" version="3.0.2" name="io.apicurio.tests.serdes.apicurio.AvroSerdeIT" time="60.343" tests="21" errors="0" skipped="2" failures="0">
  <properties>
    <property name="java.specification.version" value="17"/>
    <property name="sun.jnu.encoding" value="UTF-8"/>
    <property name="java.class.path" value="/home/runner/work/apicurio-testing/apicurio-testing/clusters/ci419/namespaces/kafkasql/tests/integration/apicurio-registry/integration-tests/target/test-classes:/home/runner/work/apicurio-testing/apicurio-testing/clusters/ci419/namespaces/kafkasql/tests/integration/apicurio-registry/integration-tests/target/apicurio-registry-integration-tests-3.0.9.jar:/home/runner/.m2/repository/io/quarkus/quarkus-junit5/3.15.4/quarkus-junit5-3.15.4.jar:/home/runner/.m2/repository/io/quarkus/quarkus-bootstrap-core/3.15.4/quarkus-bootstrap-core-3.15.4.jar:/home/runner/.m2/repository/io/quarkus/quarkus-classloader-commons/3.15.4/quarkus-classloader-commons-3.15.4.jar:/home/runner/.m2/repository/io/quarkus/quarkus-bootstrap-app-model/3.15.4/quarkus-bootstrap-app-model-3.15.4.jar:/home/runner/.m2/repository/io/smallrye/common/smallrye-common-io/2.6.1/smallrye-common-io-2.6.1.jar:/home/runner/.m2/repository/org/eclipse/sisu/org.eclipse.sisu.inject/0.9.0.M3/org.eclipse.sisu.inject-0.9.0.M3.jar:/home/runner/.m2/repository/io/quarkus/quarkus-test-common/3.15.4/quarkus-test-common-3.15.4.jar:/home/runner/.m2/repository/io/quarkus/quarkus-core-deployment/3.15.4/quarkus-core-deployment-3.15.4.jar:/home/runner/.m2/repository/org/aesh/readline/2.6/readline-2.6.jar:/home/runner/.m2/repository/org/fusesource/jansi/jansi/2.4.0/jansi-2.4.0.jar:/home/runner/.m2/repository/org/aesh/aesh/2.8.2/aesh-2.8.2.jar:/home/runner/.m2/repository/io/quarkus/gizmo/gizmo/1.8.0/gizmo-1.8.0.jar:/home/runner/.m2/repository/org/ow2/asm/asm-util/9.7/asm-util-9.7.jar:/home/runner/.m2/repository/org/ow2/asm/asm-analysis/9.7/asm-analysis-9.7.jar:/home/runner/.m2/repository/org/ow2/asm/asm-commons/9.7/asm-commons-9.7.jar:/home/runner/.m2/repository/org/ow2/asm/asm-tree/9.7/asm-tree-9.7.jar:/home/runner/.m2/repository/io/quarkus/quarkus-hibernate-validator-spi/3.15.4/quarkus-hibernate-validator-spi-3.15.4.jar:/home/runner/.m2/repository/io/quarkus/quarkus-class-change-agent/3.15.4/quarkus-class-change-agent-3.15.4.jar:/home/runner/.m2/repository/io/quarkus/quarkus-devtools-utilities/3.15.4/quarkus-devtools-utilities-3.15.4.jar:/home/runner/.m2/repository/io/quarkus/quarkus-builder/3.15.4/quarkus-builder-3.15.4.jar:/home/runner/.m2/repository/org/graalvm/sdk/nativeimage/23.1.2/nativeimage-23.1.2.jar:/home/runner/.m2/repository/org/graalvm/sdk/word/23.1.2/word-23.1.2.jar:/home/runner/.m2/repository/io/quarkus/quarkus-bootstrap-maven-resolver/3.15.4/quarkus-bootstrap-maven-resolver-3.15.4.jar:/home/runner/.m2/repository/io/smallrye/beanbag/smallrye-beanbag-maven/1.5.2/smallrye-beanbag-maven-1.5.2.jar:/home/runner/.m2/repository/io/smallrye/beanbag/smallrye-beanbag-sisu/1.5.2/smallrye-beanbag-sisu-1.5.2.jar:/home/runner/.m2/repository/io/smallrye/beanbag/smallrye-beanbag/1.5.2/smallrye-beanbag-1.5.2.jar:/home/runner/.m2/repository/javax/inject/javax.inject/1/javax.inject-1.jar:/home/runner/.m2/repository/org/apache/maven/maven-artifact/3.9.8/maven-artifact-3.9.8.jar:/home/runner/.m2/repository/org/apache/maven/maven-builder-support/3.9.8/maven-builder-support-3.9.8.jar:/home/runner/.m2/repository/org/apache/maven/maven-model/3.9.8/maven-model-3.9.8.jar:/home/runner/.m2/repository/org/apache/maven/maven-model-builder/3.9.8/maven-model-builder-3.9.8.jar:/home/runner/.m2/repository/org/apache/maven/maven-repository-metadata/3.9.8/maven-repository-metadata-3.9.8.jar:/home/runner/.m2/repository/org/apache/maven/maven-settings/3.9.8/maven-settings-3.9.8.jar:/home/runner/.m2/repository/org/apache/maven/resolver/maven-resolver-api/1.9.22/maven-resolver-api-1.9.22.jar:/home/runner/.m2/repository/org/apache/maven/resolver/maven-resolver-impl/1.9.22/maven-resolver-impl-1.9.22.jar:/home/runner/.m2/repository/org/apache/maven/resolver/maven-resolver-named-locks/1.9.22/maven-resolver-named-locks-1.9.22.jar:/home/runner/.m2/repository/org/apache/maven/resolver/maven-resolver-spi/1.9.22/maven-resolver-spi-1.9.22.jar:/home/runner/.m2/repository/org/apache/maven/resolver/maven-resolver-util/1.9.22/maven-resolver-util-1.9.22.jar:/home/runner/.m2/repository/org/apache/maven/resolver/maven-resolver-transport-http/1.9.20/maven-resolver-transport-http-1.9.20.jar:/home/runner/.m2/repository/org/apache/maven/wagon/wagon-provider-api/3.5.3/wagon-provider-api-3.5.3.jar:/home/runner/.m2/repository/org/apache/maven/wagon/wagon-http-shared/3.5.3/wagon-http-shared-3.5.3.jar:/home/runner/.m2/repository/org/codehaus/plexus/plexus-interpolation/1.26/plexus-interpolation-1.26.jar:/home/runner/.m2/repository/org/codehaus/plexus/plexus-utils/3.5.1/plexus-utils-3.5.1.jar:/home/runner/.m2/repository/org/codehaus/plexus/plexus-xml/4.0.1/plexus-xml-4.0.1.jar:/home/runner/.m2/repository/org/apache/maven/maven-xml-impl/4.0.0-alpha-5/maven-xml-impl-4.0.0-alpha-5.jar:/home/runner/.m2/repository/org/apache/maven/maven-api-xml/4.0.0-alpha-5/maven-api-xml-4.0.0-alpha-5.jar:/home/runner/.m2/repository/org/apache/maven/maven-api-meta/4.0.0-alpha-5/maven-api-meta-4.0.0-alpha-5.jar:/home/runner/.m2/repository/org/codehaus/plexus/plexus-cipher/2.0/plexus-cipher-2.0.jar:/home/runner/.m2/repository/org/codehaus/plexus/plexus-sec-dispatcher/2.0/plexus-sec-dispatcher-2.0.jar:/home/runner/.m2/repository/org/apache/maven/maven-embedder/3.9.8/maven-embedder-3.9.8.jar:/home/runner/.m2/repository/org/apache/maven/maven-core/3.9.8/maven-core-3.9.8.jar:/home/runner/.m2/repository/org/codehaus/plexus/plexus-component-annotations/2.1.0/plexus-component-annotations-2.1.0.jar:/home/runner/.m2/repository/org/apache/maven/maven-plugin-api/3.9.8/maven-plugin-api-3.9.8.jar:/home/runner/.m2/repository/org/apache/maven/shared/maven-shared-utils/3.4.2/maven-shared-utils-3.4.2.jar:/home/runner/.m2/repository/com/google/inject/guice/5.1.0/guice-5.1.0.jar:/home/runner/.m2/repository/aopalliance/aopalliance/1.0/aopalliance-1.0.jar:/home/runner/.m2/repository/javax/annotation/javax.annotation-api/1.3.2/javax.annotation-api-1.3.2.jar:/home/runner/.m2/repository/org/codehaus/plexus/plexus-classworlds/2.6.0/plexus-classworlds-2.6.0.jar:/home/runner/.m2/repository/commons-cli/commons-cli/1.8.0/commons-cli-1.8.0.jar:/home/runner/.m2/repository/org/eclipse/sisu/org.eclipse.sisu.plexus/0.9.0.M3/org.eclipse.sisu.plexus-0.9.0.M3.jar:/home/runner/.m2/repository/org/apache/maven/maven-settings-builder/3.9.8/maven-settings-builder-3.9.8.jar:/home/runner/.m2/repository/org/apache/maven/maven-resolver-provider/3.9.8/maven-resolver-provider-3.9.8.jar:/home/runner/.m2/repository/org/apache/maven/resolver/maven-resolver-connector-basic/1.9.22/maven-resolver-connector-basic-1.9.22.jar:/home/runner/.m2/repository/org/apache/maven/resolver/maven-resolver-transport-wagon/1.9.22/maven-resolver-transport-wagon-1.9.22.jar:/home/runner/.m2/repository/org/apache/maven/wagon/wagon-http/3.5.3/wagon-http-3.5.3.jar:/home/runner/.m2/repository/org/apache/maven/wagon/wagon-file/3.5.3/wagon-file-3.5.3.jar:/home/runner/.m2/repository/io/quarkus/quarkus-bootstrap-gradle-resolver/3.15.4/quarkus-bootstrap-gradle-resolver-3.15.4.jar:/home/runner/.m2/repository/io/smallrye/jandex/3.2.3/jandex-3.2.3.jar:/home/runner/.m2/repository/org/jboss/logging/commons-logging-jboss-logging/1.0.0.Final/commons-logging-jboss-logging-1.0.0.Final.jar:/home/runner/.m2/repository/io/quarkus/quarkus-junit5-properties/3.15.4/quarkus-junit5-properties-3.15.4.jar:/home/runner/.m2/repository/org/junit/jupiter/junit-jupiter/5.10.3/junit-jupiter-5.10.3.jar:/home/runner/.m2/repository/org/junit/jupiter/junit-jupiter-api/5.10.3/junit-jupiter-api-5.10.3.jar:/home/runner/.m2/repository/org/junit/jupiter/junit-jupiter-params/5.10.3/junit-jupiter-params-5.10.3.jar:/home/runner/.m2/repository/org/junit/jupiter/junit-jupiter-engine/5.10.3/junit-jupiter-engine-5.10.3.jar:/home/runner/.m2/repository/io/quarkus/quarkus-core/3.15.4/quarkus-core-3.15.4.jar:/home/runner/.m2/repository/jakarta/enterprise/jakarta.enterprise.cdi-api/4.1.0/jakarta.enterprise.cdi-api-4.1.0.jar:/home/runner/.m2/repository/jakarta/enterprise/jakarta.enterprise.lang-model/4.1.0/jakarta.enterprise.lang-model-4.1.0.jar:/home/runner/.m2/repository/jakarta/el/jakarta.el-api/5.0.1/jakarta.el-api-5.0.1.jar:/home/runner/.m2/repository/jakarta/interceptor/jakarta.interceptor-api/2.2.0/jakarta.interceptor-api-2.2.0.jar:/home/runner/.m2/repository/jakarta/inject/jakarta.inject-api/2.0.1/jakarta.inject-api-2.0.1.jar:/home/runner/.m2/repository/io/smallrye/common/smallrye-common-os/2.6.1/smallrye-common-os-2.6.1.jar:/home/runner/.m2/repository/io/quarkus/quarkus-ide-launcher/3.15.4/quarkus-ide-launcher-3.15.4.jar:/home/runner/.m2/repository/io/quarkus/quarkus-development-mode-spi/3.15.4/quarkus-development-mode-spi-3.15.4.jar:/home/runner/.m2/repository/io/smallrye/config/smallrye-config/3.9.1/smallrye-config-3.9.1.jar:/home/runner/.m2/repository/io/smallrye/config/smallrye-config-core/3.9.1/smallrye-config-core-3.9.1.jar:/home/runner/.m2/repository/io/smallrye/common/smallrye-common-annotation/2.6.1/smallrye-common-annotation-2.6.1.jar:/home/runner/.m2/repository/io/smallrye/common/smallrye-common-classloader/2.6.1/smallrye-common-classloader-2.6.1.jar:/home/runner/.m2/repository/io/smallrye/config/smallrye-config-common/3.9.1/smallrye-config-common-3.9.1.jar:/home/runner/.m2/repository/org/jboss/logging/jboss-logging/3.6.0.Final/jboss-logging-3.6.0.Final.jar:/home/runner/.m2/repository/org/jboss/logmanager/jboss-logmanager/3.1.1.Final/jboss-logmanager-3.1.1.Final.jar:/home/runner/.m2/repository/io/smallrye/common/smallrye-common-constraint/2.6.1/smallrye-common-constraint-2.6.1.jar:/home/runner/.m2/repository/io/smallrye/common/smallrye-common-cpu/2.6.1/smallrye-common-cpu-2.6.1.jar:/home/runner/.m2/repository/io/smallrye/common/smallrye-common-expression/2.6.1/smallrye-common-expression-2.6.1.jar:/home/runner/.m2/repository/io/smallrye/common/smallrye-common-function/2.6.1/smallrye-common-function-2.6.1.jar:/home/runner/.m2/repository/io/smallrye/common/smallrye-common-net/2.6.1/smallrye-common-net-2.6.1.jar:/home/runner/.m2/repository/io/smallrye/common/smallrye-common-ref/2.6.1/smallrye-common-ref-2.6.1.jar:/home/runner/.m2/repository/jakarta/json/jakarta.json-api/2.1.3/jakarta.json-api-2.1.3.jar:/home/runner/.m2/repository/org/eclipse/parsson/parsson/1.1.7/parsson-1.1.7.jar:/home/runner/.m2/repository/org/jboss/logging/jboss-logging-annotations/3.0.1.Final/jboss-logging-annotations-3.0.1.Final.jar:/home/runner/.m2/repository/org/jboss/threads/jboss-threads/3.6.1.Final/jboss-threads-3.6.1.Final.jar:/home/runner/.m2/repository/org/jboss/slf4j/slf4j-jboss-logmanager/2.0.0.Final/slf4j-jboss-logmanager-2.0.0.Final.jar:/home/runner/.m2/repository/org/wildfly/common/wildfly-common/1.7.0.Final/wildfly-common-1.7.0.Final.jar:/home/runner/.m2/repository/io/quarkus/quarkus-bootstrap-runner/3.15.4/quarkus-bootstrap-runner-3.15.4.jar:/home/runner/.m2/repository/io/github/crac/org-crac/0.1.3/org-crac-0.1.3.jar:/home/runner/.m2/repository/io/quarkus/quarkus-fs-util/0.0.10/quarkus-fs-util-0.0.10.jar:/home/runner/.m2/repository/org/jboss/marshalling/jboss-marshalling/2.2.1.Final/jboss-marshalling-2.2.1.Final.jar:/home/runner/.m2/repository/io/fabric8/kubernetes-client/6.13.5/kubernetes-client-6.13.5.jar:/home/runner/.m2/repository/io/fabric8/kubernetes-client-api/6.13.5/kubernetes-client-api-6.13.5.jar:/home/runner/.m2/repository/io/fabric8/kubernetes-model-core/6.13.5/kubernetes-model-core-6.13.5.jar:/home/runner/.m2/repository/io/fabric8/kubernetes-model-common/6.13.5/kubernetes-model-common-6.13.5.jar:/home/runner/.m2/repository/io/fabric8/kubernetes-model-gatewayapi/6.13.5/kubernetes-model-gatewayapi-6.13.5.jar:/home/runner/.m2/repository/io/fabric8/kubernetes-model-resource/6.13.5/kubernetes-model-resource-6.13.5.jar:/home/runner/.m2/repository/io/fabric8/kubernetes-model-rbac/6.13.5/kubernetes-model-rbac-6.13.5.jar:/home/runner/.m2/repository/io/fabric8/kubernetes-model-admissionregistration/6.13.5/kubernetes-model-admissionregistration-6.13.5.jar:/home/runner/.m2/repository/io/fabric8/kubernetes-model-apps/6.13.5/kubernetes-model-apps-6.13.5.jar:/home/runner/.m2/repository/io/fabric8/kubernetes-model-autoscaling/6.13.5/kubernetes-model-autoscaling-6.13.5.jar:/home/runner/.m2/repository/io/fabric8/kubernetes-model-apiextensions/6.13.5/kubernetes-model-apiextensions-6.13.5.jar:/home/runner/.m2/repository/io/fabric8/kubernetes-model-batch/6.13.5/kubernetes-model-batch-6.13.5.jar:/home/runner/.m2/repository/io/fabric8/kubernetes-model-certificates/6.13.5/kubernetes-model-certificates-6.13.5.jar:/home/runner/.m2/repository/io/fabric8/kubernetes-model-coordination/6.13.5/kubernetes-model-coordination-6.13.5.jar:/home/runner/.m2/repository/io/fabric8/kubernetes-model-discovery/6.13.5/kubernetes-model-discovery-6.13.5.jar:/home/runner/.m2/repository/io/fabric8/kubernetes-model-events/6.13.5/kubernetes-model-events-6.13.5.jar:/home/runner/.m2/repository/io/fabric8/kubernetes-model-extensions/6.13.5/kubernetes-model-extensions-6.13.5.jar:/home/runner/.m2/repository/io/fabric8/kubernetes-model-flowcontrol/6.13.5/kubernetes-model-flowcontrol-6.13.5.jar:/home/runner/.m2/repository/io/fabric8/kubernetes-model-networking/6.13.5/kubernetes-model-networking-6.13.5.jar:/home/runner/.m2/repository/io/fabric8/kubernetes-model-metrics/6.13.5/kubernetes-model-metrics-6.13.5.jar:/home/runner/.m2/repository/io/fabric8/kubernetes-model-policy/6.13.5/kubernetes-model-policy-6.13.5.jar:/home/runner/.m2/repository/io/fabric8/kubernetes-model-scheduling/6.13.5/kubernetes-model-scheduling-6.13.5.jar:/home/runner/.m2/repository/io/fabric8/kubernetes-model-storageclass/6.13.5/kubernetes-model-storageclass-6.13.5.jar:/home/runner/.m2/repository/io/fabric8/kubernetes-model-node/6.13.5/kubernetes-model-node-6.13.5.jar:/home/runner/.m2/repository/org/snakeyaml/snakeyaml-engine/2.7/snakeyaml-engine-2.7.jar:/home/runner/.m2/repository/com/fasterxml/jackson/dataformat/jackson-dataformat-yaml/2.15.2/jackson-dataformat-yaml-2.15.2.jar:/home/runner/.m2/repository/com/fasterxml/jackson/datatype/jackson-datatype-jsr310/2.17.2/jackson-datatype-jsr310-2.17.2.jar:/home/runner/.m2/repository/io/fabric8/zjsonpatch/0.3.0/zjsonpatch-0.3.0.jar:/home/runner/.m2/repository/io/fabric8/kubernetes-httpclient-vertx/6.13.5/kubernetes-httpclient-vertx-6.13.5.jar:/home/runner/.m2/repository/io/vertx/vertx-web-client/4.5.13/vertx-web-client-4.5.13.jar:/home/runner/.m2/repository/io/vertx/vertx-web-common/4.5.13/vertx-web-common-4.5.13.jar:/home/runner/.m2/repository/io/vertx/vertx-auth-common/4.5.13/vertx-auth-common-4.5.13.jar:/home/runner/.m2/repository/io/vertx/vertx-uri-template/4.5.13/vertx-uri-template-4.5.13.jar:/home/runner/.m2/repository/io/fabric8/openshift-client/6.13.5/openshift-client-6.13.5.jar:/home/runner/.m2/repository/io/fabric8/openshift-client-api/6.13.5/openshift-client-api-6.13.5.jar:/home/runner/.m2/repository/io/fabric8/openshift-model/6.13.5/openshift-model-6.13.5.jar:/home/runner/.m2/repository/io/fabric8/openshift-model-clusterautoscaling/6.13.5/openshift-model-clusterautoscaling-6.13.5.jar:/home/runner/.m2/repository/io/fabric8/openshift-model-operator/6.13.5/openshift-model-operator-6.13.5.jar:/home/runner/.m2/repository/io/fabric8/openshift-model-operatorhub/6.13.5/openshift-model-operatorhub-6.13.5.jar:/home/runner/.m2/repository/io/fabric8/openshift-model-machine/6.13.5/openshift-model-machine-6.13.5.jar:/home/runner/.m2/repository/io/fabric8/openshift-model-whereabouts/6.13.5/openshift-model-whereabouts-6.13.5.jar:/home/runner/.m2/repository/io/fabric8/openshift-model-monitoring/6.13.5/openshift-model-monitoring-6.13.5.jar:/home/runner/.m2/repository/io/fabric8/openshift-model-storageversionmigrator/6.13.5/openshift-model-storageversionmigrator-6.13.5.jar:/home/runner/.m2/repository/io/fabric8/openshift-model-tuned/6.13.5/openshift-model-tuned-6.13.5.jar:/home/runner/.m2/repository/io/fabric8/openshift-model-console/6.13.5/openshift-model-console-6.13.5.jar:/home/runner/.m2/repository/io/fabric8/openshift-model-config/6.13.5/openshift-model-config-6.13.5.jar:/home/runner/.m2/repository/io/fabric8/openshift-model-machineconfig/6.13.5/openshift-model-machineconfig-6.13.5.jar:/home/runner/.m2/repository/io/fabric8/openshift-model-miscellaneous/6.13.5/openshift-model-miscellaneous-6.13.5.jar:/home/runner/.m2/repository/io/fabric8/openshift-model-hive/6.13.5/openshift-model-hive-6.13.5.jar:/home/runner/.m2/repository/io/fabric8/openshift-model-installer/6.13.5/openshift-model-installer-6.13.5.jar:/home/runner/.m2/repository/com/github/mifmif/generex/1.0.2/generex-1.0.2.jar:/home/runner/.m2/repository/dk/brics/automaton/automaton/1.11-8/automaton-1.11-8.jar:/home/runner/.m2/repository/org/junit/platform/junit-platform-launcher/1.10.3/junit-platform-launcher-1.10.3.jar:/home/runner/.m2/repository/org/junit/platform/junit-platform-engine/1.10.3/junit-platform-engine-1.10.3.jar:/home/runner/.m2/repository/org/opentest4j/opentest4j/1.3.0/opentest4j-1.3.0.jar:/home/runner/.m2/repository/org/junit/platform/junit-platform-commons/1.10.3/junit-platform-commons-1.10.3.jar:/home/runner/.m2/repository/org/apiguardian/apiguardian-api/1.1.2/apiguardian-api-1.1.2.jar:/home/runner/.m2/repository/jakarta/ws/rs/jakarta.ws.rs-api/3.1.0/jakarta.ws.rs-api-3.1.0.jar:/home/runner/work/apicurio-testing/apicurio-testing/clusters/ci419/namespaces/kafkasql/tests/integration/apicurio-registry/java-sdk/target/apicurio-registry-java-sdk-3.0.9.jar:/home/runner/.m2/repository/com/microsoft/kiota/microsoft-kiota-abstractions/1.8.4/microsoft-kiota-abstractions-1.8.4.jar:/home/runner/.m2/repository/io/github/std-uritemplate/std-uritemplate/2.0.0/std-uritemplate-2.0.0.jar:/home/runner/.m2/repository/io/kiota/kiota-http-jdk/0.0.21/kiota-http-jdk-0.0.21.jar:/home/runner/.m2/repository/io/kiota/kiota-http-vertx/0.0.21/kiota-http-vertx-0.0.21.jar:/home/runner/.m2/repository/io/kiota/kiota-serialization-jackson/0.0.21/kiota-serialization-jackson-0.0.21.jar:/home/runner/.m2/repository/com/microsoft/kiota/microsoft-kiota-serialization-text/1.8.4/microsoft-kiota-serialization-text-1.8.4.jar:/home/runner/.m2/repository/com/microsoft/kiota/microsoft-kiota-serialization-form/1.8.4/microsoft-kiota-serialization-form-1.8.4.jar:/home/runner/.m2/repository/com/microsoft/kiota/microsoft-kiota-serialization-multipart/1.8.4/microsoft-kiota-serialization-multipart-1.8.4.jar:/home/runner/.m2/repository/jakarta/annotation/jakarta.annotation-api/3.0.0/jakarta.annotation-api-3.0.0.jar:/home/runner/.m2/repository/io/vertx/vertx-auth-oauth2/4.5.13/vertx-auth-oauth2-4.5.13.jar:/home/runner/work/apicurio-testing/apicurio-testing/clusters/ci419/namespaces/kafkasql/tests/integration/apicurio-registry/java-sdk-v2/target/apicurio-registry-v2-java-sdk-3.0.9.jar:/home/runner/work/apicurio-testing/apicurio-testing/clusters/ci419/namespaces/kafkasql/tests/integration/apicurio-registry/utils/kafka/target/apicurio-registry-utils-kafka-3.0.9-tests.jar:/home/runner/.m2/repository/org/eclipse/microprofile/config/microprofile-config-api/3.1/microprofile-config-api-3.1.jar:/home/runner/.m2/repository/org/apache/kafka/kafka-clients/3.9.0/kafka-clients-3.9.0.jar:/home/runner/.m2/repository/com/github/luben/zstd-jni/1.5.6-4/zstd-jni-1.5.6-4.jar:/home/runner/.m2/repository/org/lz4/lz4-java/1.8.0/lz4-java-1.8.0.jar:/home/runner/.m2/repository/org/xerial/snappy/snappy-java/1.1.10.5/snappy-java-1.1.10.5.jar:/home/runner/.m2/repository/org/slf4j/slf4j-api/2.0.6/slf4j-api-2.0.6.jar:/home/runner/work/apicurio-testing/apicurio-testing/clusters/ci419/namespaces/kafkasql/tests/integration/apicurio-registry/utils/tests/target/apicurio-registry-utils-tests-3.0.9.jar:/home/runner/work/apicurio-testing/apicurio-testing/clusters/ci419/namespaces/kafkasql/tests/integration/apicurio-registry/common/target/apicurio-registry-common-3.0.9.jar:/home/runner/.m2/repository/jakarta/validation/jakarta.validation-api/3.0.2/jakarta.validation-api-3.0.2.jar:/home/runner/.m2/repository/com/github/dasniko/testcontainers-keycloak/3.6.0/testcontainers-keycloak-3.6.0.jar:/home/runner/.m2/repository/org/testcontainers/testcontainers/1.20.1/testcontainers-1.20.1.jar:/home/runner/.m2/repository/org/rnorth/duct-tape/duct-tape/1.0.8/duct-tape-1.0.8.jar:/home/runner/.m2/repository/org/jetbrains/annotations/24.1.0/annotations-24.1.0.jar:/home/runner/.m2/repository/com/github/docker-java/docker-java-transport-zerodep/3.4.0/docker-java-transport-zerodep-3.4.0.jar:/home/runner/.m2/repository/com/github/docker-java/docker-java-transport/3.4.0/docker-java-transport-3.4.0.jar:/home/runner/.m2/repository/net/java/dev/jna/jna/5.8.0/jna-5.8.0.jar:/home/runner/.m2/repository/io/quarkus/quarkus-junit4-mock/3.15.4/quarkus-junit4-mock-3.15.4.jar:/home/runner/.m2/repository/org/jboss/shrinkwrap/shrinkwrap-api/2.0.0-beta-2/shrinkwrap-api-2.0.0-beta-2.jar:/home/runner/.m2/repository/org/jboss/shrinkwrap/shrinkwrap-impl-base/2.0.0-beta-2/shrinkwrap-impl-base-2.0.0-beta-2.jar:/home/runner/.m2/repository/org/jboss/shrinkwrap/shrinkwrap-spi/2.0.0-beta-2/shrinkwrap-spi-2.0.0-beta-2.jar:/home/runner/.m2/repository/org/keycloak/keycloak-admin-client/25.0.6/keycloak-admin-client-25.0.6.jar:/home/runner/.m2/repository/org/keycloak/keycloak-core/25.0.6/keycloak-core-25.0.6.jar:/home/runner/.m2/repository/org/keycloak/keycloak-common/25.0.6/keycloak-common-25.0.6.jar:/home/runner/.m2/repository/org/jboss/resteasy/resteasy-client/6.2.9.Final/resteasy-client-6.2.9.Final.jar:/home/runner/.m2/repository/org/jboss/resteasy/resteasy-client-api/6.2.9.Final/resteasy-client-api-6.2.9.Final.jar:/home/runner/.m2/repository/org/jboss/resteasy/resteasy-core-spi/6.2.9.Final/resteasy-core-spi-6.2.9.Final.jar:/home/runner/.m2/repository/org/jboss/resteasy/resteasy-core/6.2.9.Final/resteasy-core-6.2.9.Final.jar:/home/runner/.m2/repository/org/eclipse/angus/angus-activation/2.0.2/angus-activation-2.0.2.jar:/home/runner/.m2/repository/com/ibm/async/asyncutil/0.1.0/asyncutil-0.1.0.jar:/home/runner/.m2/repository/org/reactivestreams/reactive-streams/1.0.4/reactive-streams-1.0.4.jar:/home/runner/.m2/repository/org/jboss/resteasy/resteasy-multipart-provider/6.2.9.Final/resteasy-multipart-provider-6.2.9.Final.jar:/home/runner/.m2/repository/jakarta/mail/jakarta.mail-api/2.1.2/jakarta.mail-api-2.1.2.jar:/home/runner/.m2/repository/org/eclipse/angus/angus-mail/2.0.3/angus-mail-2.0.3.jar:/home/runner/.m2/repository/org/apache/james/apache-mime4j-dom/0.8.11/apache-mime4j-dom-0.8.11.jar:/home/runner/.m2/repository/org/apache/james/apache-mime4j-core/0.8.11/apache-mime4j-core-0.8.11.jar:/home/runner/.m2/repository/org/apache/james/apache-mime4j-storage/0.8.11/apache-mime4j-storage-0.8.11.jar:/home/runner/.m2/repository/org/jboss/resteasy/resteasy-jackson2-provider/6.2.9.Final/resteasy-jackson2-provider-6.2.9.Final.jar:/home/runner/.m2/repository/com/fasterxml/jackson/jakarta/rs/jackson-jakarta-rs-base/2.17.2/jackson-jakarta-rs-base-2.17.2.jar:/home/runner/.m2/repository/com/fasterxml/jackson/jakarta/rs/jackson-jakarta-rs-json-provider/2.17.2/jackson-jakarta-rs-json-provider-2.17.2.jar:/home/runner/.m2/repository/com/fasterxml/jackson/module/jackson-module-jakarta-xmlbind-annotations/2.17.2/jackson-module-jakarta-xmlbind-annotations-2.17.2.jar:/home/runner/.m2/repository/com/github/java-json-tools/json-patch/1.13/json-patch-1.13.jar:/home/runner/.m2/repository/com/github/java-json-tools/msg-simple/1.2/msg-simple-1.2.jar:/home/runner/.m2/repository/com/github/java-json-tools/btf/1.3/btf-1.3.jar:/home/runner/.m2/repository/com/github/java-json-tools/jackson-coreutils/2.0/jackson-coreutils-2.0.jar:/home/runner/.m2/repository/org/jboss/resteasy/resteasy-jaxb-provider/6.2.9.Final/resteasy-jaxb-provider-6.2.9.Final.jar:/home/runner/.m2/repository/org/glassfish/jaxb/codemodel/4.0.3/codemodel-4.0.3.jar:/home/runner/.m2/repository/org/glassfish/jaxb/jaxb-core/4.0.5/jaxb-core-4.0.5.jar:/home/runner/.m2/repository/org/glassfish/jaxb/jaxb-jxc/4.0.3/jaxb-jxc-4.0.3.jar:/home/runner/.m2/repository/org/glassfish/jaxb/jaxb-runtime/4.0.5/jaxb-runtime-4.0.5.jar:/home/runner/.m2/repository/org/glassfish/jaxb/txw2/4.0.5/txw2-4.0.5.jar:/home/runner/.m2/repository/org/glassfish/jaxb/jaxb-xjc/4.0.3/jaxb-xjc-4.0.3.jar:/home/runner/.m2/repository/org/glassfish/jaxb/xsom/4.0.3/xsom-4.0.3.jar:/home/runner/.m2/repository/com/sun/istack/istack-commons-runtime/4.1.2/istack-commons-runtime-4.1.2.jar:/home/runner/.m2/repository/com/sun/istack/istack-commons-tools/4.1.2/istack-commons-tools-4.1.2.jar:/home/runner/.m2/repository/com/sun/xml/bind/external/relaxng-datatype/4.0.3/relaxng-datatype-4.0.3.jar:/home/runner/.m2/repository/com/sun/xml/bind/external/rngom/4.0.3/rngom-4.0.3.jar:/home/runner/.m2/repository/org/testcontainers/mssqlserver/1.20.1/mssqlserver-1.20.1.jar:/home/runner/.m2/repository/org/testcontainers/jdbc/1.20.1/jdbc-1.20.1.jar:/home/runner/.m2/repository/org/testcontainers/database-commons/1.20.1/database-commons-1.20.1.jar:/home/runner/.m2/repository/org/testcontainers/mysql/1.20.1/mysql-1.20.1.jar:/home/runner/.m2/repository/io/strimzi/strimzi-test-container/0.107.0/strimzi-test-container-0.107.0.jar:/home/runner/.m2/repository/org/testcontainers/toxiproxy/1.20.1/toxiproxy-1.20.1.jar:/home/runner/.m2/repository/com/github/docker-java/docker-java-api/3.4.0/docker-java-api-3.4.0.jar:/home/runner/.m2/repository/eu/rekawek/toxiproxy/toxiproxy-java/2.1.7/toxiproxy-java-2.1.7.jar:/home/runner/.m2/repository/junit/junit/4.13.2/junit-4.13.2.jar:/home/runner/.m2/repository/org/hamcrest/hamcrest-core/1.3/hamcrest-core-1.3.jar:/home/runner/.m2/repository/org/testcontainers/pulsar/1.20.4/pulsar-1.20.4.jar:/home/runner/.m2/repository/io/debezium/debezium-testing-testcontainers/2.6.2.Final/debezium-testing-testcontainers-2.6.2.Final.jar:/home/runner/.m2/repository/org/testcontainers/kafka/1.20.1/kafka-1.20.1.jar:/home/runner/.m2/repository/com/squareup/okhttp3/okhttp/4.8.1/okhttp-4.8.1.jar:/home/runner/.m2/repository/com/squareup/okio/okio/3.10.2/okio-3.10.2.jar:/home/runner/.m2/repository/com/squareup/okio/okio-jvm/3.10.2/okio-jvm-3.10.2.jar:/home/runner/.m2/repository/org/jetbrains/kotlin/kotlin-stdlib/2.0.10/kotlin-stdlib-2.0.10.jar:/home/runner/.m2/repository/org/awaitility/awaitility/4.2.2/awaitility-4.2.2.jar:/home/runner/.m2/repository/org/testcontainers/mongodb/1.20.1/mongodb-1.20.1.jar:/home/runner/.m2/repository/org/testcontainers/oracle-xe/1.20.1/oracle-xe-1.20.1.jar:/home/runner/.m2/repository/org/testcontainers/postgresql/1.20.1/postgresql-1.20.1.jar:/home/runner/.m2/repository/org/wiremock/wiremock/3.0.1/wiremock-3.0.1.jar:/home/runner/.m2/repository/org/eclipse/jetty/jetty-server/11.0.15/jetty-server-11.0.15.jar:/home/runner/.m2/repository/org/eclipse/jetty/toolchain/jetty-jakarta-servlet-api/5.0.2/jetty-jakarta-servlet-api-5.0.2.jar:/home/runner/.m2/repository/org/eclipse/jetty/jetty-http/11.0.15/jetty-http-11.0.15.jar:/home/runner/.m2/repository/org/eclipse/jetty/jetty-io/11.0.15/jetty-io-11.0.15.jar:/home/runner/.m2/repository/org/eclipse/jetty/jetty-servlet/11.0.15/jetty-servlet-11.0.15.jar:/home/runner/.m2/repository/org/eclipse/jetty/jetty-security/11.0.15/jetty-security-11.0.15.jar:/home/runner/.m2/repository/org/eclipse/jetty/jetty-servlets/11.0.15/jetty-servlets-11.0.15.jar:/home/runner/.m2/repository/org/eclipse/jetty/jetty-util/11.0.15/jetty-util-11.0.15.jar:/home/runner/.m2/repository/org/eclipse/jetty/jetty-webapp/11.0.15/jetty-webapp-11.0.15.jar:/home/runner/.m2/repository/org/eclipse/jetty/jetty-xml/11.0.15/jetty-xml-11.0.15.jar:/home/runner/.m2/repository/org/eclipse/jetty/jetty-proxy/11.0.15/jetty-proxy-11.0.15.jar:/home/runner/.m2/repository/org/eclipse/jetty/jetty-client/11.0.15/jetty-client-11.0.15.jar:/home/runner/.m2/repository/org/eclipse/jetty/http2/http2-server/11.0.15/http2-server-11.0.15.jar:/home/runner/.m2/repository/org/eclipse/jetty/http2/http2-common/11.0.15/http2-common-11.0.15.jar:/home/runner/.m2/repository/org/eclipse/jetty/http2/http2-hpack/11.0.15/http2-hpack-11.0.15.jar:/home/runner/.m2/repository/org/eclipse/jetty/jetty-alpn-server/11.0.15/jetty-alpn-server-11.0.15.jar:/home/runner/.m2/repository/org/eclipse/jetty/jetty-alpn-java-server/11.0.15/jetty-alpn-java-server-11.0.15.jar:/home/runner/.m2/repository/org/eclipse/jetty/jetty-alpn-java-client/11.0.15/jetty-alpn-java-client-11.0.15.jar:/home/runner/.m2/repository/org/eclipse/jetty/jetty-alpn-client/11.0.15/jetty-alpn-client-11.0.15.jar:/home/runner/.m2/repository/org/apache/httpcomponents/client5/httpclient5/5.2.1/httpclient5-5.2.1.jar:/home/runner/.m2/repository/org/apache/httpcomponents/core5/httpcore5/5.2/httpcore5-5.2.jar:/home/runner/.m2/repository/org/apache/httpcomponents/core5/httpcore5-h2/5.2/httpcore5-h2-5.2.jar:/home/runner/.m2/repository/org/xmlunit/xmlunit-core/2.9.1/xmlunit-core-2.9.1.jar:/home/runner/.m2/repository/jakarta/xml/bind/jakarta.xml.bind-api/4.0.2/jakarta.xml.bind-api-4.0.2.jar:/home/runner/.m2/repository/jakarta/activation/jakarta.activation-api/2.1.3/jakarta.activation-api-2.1.3.jar:/home/runner/.m2/repository/org/xmlunit/xmlunit-legacy/2.9.1/xmlunit-legacy-2.9.1.jar:/home/runner/.m2/repository/org/xmlunit/xmlunit-placeholders/2.9.1/xmlunit-placeholders-2.9.1.jar:/home/runner/.m2/repository/net/javacrumbs/json-unit/json-unit-core/2.38.0/json-unit-core-2.38.0.jar:/home/runner/.m2/repository/com/jayway/jsonpath/json-path/2.8.0/json-path-2.8.0.jar:/home/runner/.m2/repository/net/minidev/json-smart/2.4.10/json-smart-2.4.10.jar:/home/runner/.m2/repository/net/minidev/accessors-smart/2.4.9/accessors-smart-2.4.9.jar:/home/runner/.m2/repository/org/ow2/asm/asm/9.7/asm-9.7.jar:/home/runner/.m2/repository/net/sf/jopt-simple/jopt-simple/5.0.4/jopt-simple-5.0.4.jar:/home/runner/.m2/repository/com/github/jknack/handlebars/4.3.1/handlebars-4.3.1.jar:/home/runner/.m2/repository/com/github/jknack/handlebars-helpers/4.3.1/handlebars-helpers-4.3.1.jar:/home/runner/.m2/repository/commons-fileupload/commons-fileupload/1.5/commons-fileupload-1.5.jar:/home/runner/.m2/repository/com/networknt/json-schema-validator/1.5.5/json-schema-validator-1.5.5.jar:/home/runner/.m2/repository/com/ethlo/time/itu/1.10.3/itu-1.10.3.jar:/home/runner/.m2/repository/io/quarkus/quarkus-smallrye-jwt-build/3.15.4/quarkus-smallrye-jwt-build-3.15.4.jar:/home/runner/.m2/repository/io/smallrye/smallrye-jwt-build/4.5.3/smallrye-jwt-build-4.5.3.jar:/home/runner/.m2/repository/org/eclipse/microprofile/jwt/microprofile-jwt-auth-api/2.1/microprofile-jwt-auth-api-2.1.jar:/home/runner/.m2/repository/org/bitbucket/b_c/jose4j/0.9.6/jose4j-0.9.6.jar:/home/runner/.m2/repository/io/smallrye/smallrye-jwt-common/4.5.3/smallrye-jwt-common-4.5.3.jar:/home/runner/.m2/repository/io/quarkus/quarkus-jsonp/3.15.4/quarkus-jsonp-3.15.4.jar:/home/runner/.m2/repository/io/quarkus/quarkus-arc/3.15.4/quarkus-arc-3.15.4.jar:/home/runner/.m2/repository/io/quarkus/arc/arc/3.15.4/arc-3.15.4.jar:/home/runner/.m2/repository/jakarta/transaction/jakarta.transaction-api/2.0.1/jakarta.transaction-api-2.0.1.jar:/home/runner/.m2/repository/io/smallrye/reactive/mutiny/2.6.2/mutiny-2.6.2.jar:/home/runner/.m2/repository/org/jctools/jctools-core/4.0.5/jctools-core-4.0.5.jar:/home/runner/.m2/repository/org/eclipse/microprofile/context-propagation/microprofile-context-propagation-api/1.3/microprofile-context-propagation-api-1.3.jar:/home/runner/.m2/repository/io/apicurio/apicurio-common-rest-client-common/0.1.18.Final/apicurio-common-rest-client-common-0.1.18.Final.jar:/home/runner/work/apicurio-testing/apicurio-testing/clusters/ci419/namespaces/kafkasql/tests/integration/apicurio-registry/utils/maven-plugin/target/apicurio-registry-maven-plugin-3.0.9.jar:/home/runner/.m2/repository/com/fasterxml/jackson/core/jackson-databind/2.17.2/jackson-databind-2.17.2.jar:/home/runner/.m2/repository/org/apache/avro/avro/1.12.0/avro-1.12.0.jar:/home/runner/.m2/repository/com/google/protobuf/protobuf-java/3.25.8/protobuf-java-3.25.8.jar:/home/runner/.m2/repository/com/google/protobuf/protobuf-java-util/3.25.8/protobuf-java-util-3.25.8.jar:/home/runner/.m2/repository/com/google/code/findbugs/jsr305/3.0.2/jsr305-3.0.2.jar:/home/runner/.m2/repository/com/google/code/gson/gson/2.11.0/gson-2.11.0.jar:/home/runner/.m2/repository/com/google/errorprone/error_prone_annotations/2.30.0/error_prone_annotations-2.30.0.jar:/home/runner/.m2/repository/com/google/j2objc/j2objc-annotations/2.8/j2objc-annotations-2.8.jar:/home/runner/work/apicurio-testing/apicurio-testing/clusters/ci419/namespaces/kafkasql/tests/integration/apicurio-registry/schema-util/util-provider/target/apicurio-registry-schema-util-provider-3.0.9.jar:/home/runner/work/apicurio-testing/apicurio-testing/clusters/ci419/namespaces/kafkasql/tests/integration/apicurio-registry/schema-util/common/target/apicurio-registry-schema-util-common-3.0.9.jar:/home/runner/.m2/repository/com/fasterxml/jackson/module/jackson-module-parameter-names/2.17.2/jackson-module-parameter-names-2.17.2.jar:/home/runner/.m2/repository/com/fasterxml/jackson/datatype/jackson-datatype-json-org/2.18.2/jackson-datatype-json-org-2.18.2.jar:/home/runner/work/apicurio-testing/apicurio-testing/clusters/ci419/namespaces/kafkasql/tests/integration/apicurio-registry/schema-util/json/target/apicurio-registry-schema-util-json-3.0.9.jar:/home/runner/.m2/repository/com/github/erosb/everit-json-schema/1.14.5/everit-json-schema-1.14.5.jar:/home/runner/.m2/repository/commons-validator/commons-validator/1.9.0/commons-validator-1.9.0.jar:/home/runner/.m2/repository/commons-digester/commons-digester/2.1/commons-digester-2.1.jar:/home/runner/.m2/repository/commons-collections/commons-collections/3.2.2/commons-collections-3.2.2.jar:/home/runner/.m2/repository/com/damnhandy/handy-uri-templates/2.1.8/handy-uri-templates-2.1.8.jar:/home/runner/.m2/repository/joda-time/joda-time/2.10.2/joda-time-2.10.2.jar:/home/runner/.m2/repository/com/github/erosb/json-sKema/0.20.0/json-sKema-0.20.0.jar:/home/runner/.m2/repository/io/vertx/vertx-json-schema/4.5.13/vertx-json-schema-4.5.13.jar:/home/runner/work/apicurio-testing/apicurio-testing/clusters/ci419/namespaces/kafkasql/tests/integration/apicurio-registry/schema-util/protobuf/target/apicurio-registry-schema-util-protobuf-3.0.9.jar:/home/runner/work/apicurio-testing/apicurio-testing/clusters/ci419/namespaces/kafkasql/tests/integration/apicurio-registry/utils/protobuf-schema-utilities/target/apicurio-registry-protobuf-schema-utilities-3.0.9.jar:/home/runner/.m2/repository/com/google/api/grpc/proto-google-common-protos/2.52.0/proto-google-common-protos-2.52.0.jar:/home/runner/.m2/repository/com/squareup/wire/wire-schema-jvm/5.1.0/wire-schema-jvm-5.1.0.jar:/home/runner/.m2/repository/com/squareup/javapoet/1.13.0/javapoet-1.13.0.jar:/home/runner/.m2/repository/com/squareup/kotlinpoet-jvm/1.18.1/kotlinpoet-jvm-1.18.1.jar:/home/runner/.m2/repository/org/jetbrains/kotlin/kotlin-reflect/2.0.10/kotlin-reflect-2.0.10.jar:/home/runner/.m2/repository/com/squareup/wire/wire-runtime-jvm/5.1.0/wire-runtime-jvm-5.1.0.jar:/home/runner/.m2/repository/com/ibm/icu/icu4j/76.1/icu4j-76.1.jar:/home/runner/.m2/repository/com/squareup/okio/okio-fakefilesystem/3.10.2/okio-fakefilesystem-3.10.2.jar:/home/runner/.m2/repository/com/squareup/okio/okio-fakefilesystem-jvm/3.10.2/okio-fakefilesystem-jvm-3.10.2.jar:/home/runner/.m2/repository/org/jetbrains/kotlinx/kotlinx-datetime-jvm/0.6.1/kotlinx-datetime-jvm-0.6.1.jar:/home/runner/work/apicurio-testing/apicurio-testing/clusters/ci419/namespaces/kafkasql/tests/integration/apicurio-registry/schema-util/asyncapi/target/apicurio-registry-schema-util-asyncapi-3.0.9.jar:/home/runner/work/apicurio-testing/apicurio-testing/clusters/ci419/namespaces/kafkasql/tests/integration/apicurio-registry/schema-util/avro/target/apicurio-registry-schema-util-avro-3.0.9.jar:/home/runner/work/apicurio-testing/apicurio-testing/clusters/ci419/namespaces/kafkasql/tests/integration/apicurio-registry/schema-util/graphql/target/apicurio-registry-schema-util-graphql-3.0.9.jar:/home/runner/.m2/repository/com/graphql-java/graphql-java/22.3/graphql-java-22.3.jar:/home/runner/.m2/repository/com/graphql-java/java-dataloader/3.3.0/java-dataloader-3.3.0.jar:/home/runner/work/apicurio-testing/apicurio-testing/clusters/ci419/namespaces/kafkasql/tests/integration/apicurio-registry/schema-util/kconnect/target/apicurio-registry-schema-util-kconnect-3.0.9.jar:/home/runner/work/apicurio-testing/apicurio-testing/clusters/ci419/namespaces/kafkasql/tests/integration/apicurio-registry/schema-util/openapi/target/apicurio-registry-schema-util-openapi-3.0.9.jar:/home/runner/.m2/repository/io/apicurio/apicurio-data-models/2.2.1/apicurio-data-models-2.2.1.jar:/home/runner/.m2/repository/org/openapitools/openapidiff/openapi-diff-core/2.0.1/openapi-diff-core-2.0.1.jar:/home/runner/.m2/repository/io/swagger/parser/v3/swagger-parser/2.0.28/swagger-parser-2.0.28.jar:/home/runner/.m2/repository/io/swagger/parser/v3/swagger-parser-v2-converter/2.0.28/swagger-parser-v2-converter-2.0.28.jar:/home/runner/.m2/repository/io/swagger/swagger-core/1.6.3/swagger-core-1.6.3.jar:/home/runner/.m2/repository/io/swagger/swagger-models/1.6.3/swagger-models-1.6.3.jar:/home/runner/.m2/repository/io/swagger/swagger-annotations/1.6.3/swagger-annotations-1.6.3.jar:/home/runner/.m2/repository/io/swagger/swagger-parser/1.0.56/swagger-parser-1.0.56.jar:/home/runner/.m2/repository/io/swagger/swagger-compat-spec-parser/1.0.56/swagger-compat-spec-parser-1.0.56.jar:/home/runner/.m2/repository/com/github/java-json-tools/json-schema-validator/2.2.14/json-schema-validator-2.2.14.jar:/home/runner/.m2/repository/com/github/java-json-tools/jackson-coreutils-equivalence/1.0/jackson-coreutils-equivalence-1.0.jar:/home/runner/.m2/repository/com/github/java-json-tools/json-schema-core/1.2.14/json-schema-core-1.2.14.jar:/home/runner/.m2/repository/com/github/java-json-tools/uri-template/0.10/uri-template-0.10.jar:/home/runner/.m2/repository/com/sun/mail/mailapi/1.6.2/mailapi-1.6.2.jar:/home/runner/.m2/repository/com/googlecode/libphonenumber/libphonenumber/8.11.1/libphonenumber-8.11.1.jar:/home/runner/.m2/repository/com/j2html/j2html/1.5.0/j2html-1.5.0.jar:/home/runner/.m2/repository/org/apache/commons/commons-collections4/4.4/commons-collections4-4.4.jar:/home/runner/.m2/repository/commons-httpclient/commons-httpclient/3.1/commons-httpclient-3.1.jar:/home/runner/.m2/repository/io/swagger/parser/v3/swagger-parser-v3/2.1.25/swagger-parser-v3-2.1.25.jar:/home/runner/.m2/repository/io/swagger/core/v3/swagger-models/2.2.28/swagger-models-2.2.28.jar:/home/runner/.m2/repository/io/swagger/core/v3/swagger-core/2.2.28/swagger-core-2.2.28.jar:/home/runner/.m2/repository/io/swagger/parser/v3/swagger-parser-core/2.1.25/swagger-parser-core-2.1.25.jar:/home/runner/.m2/repository/io/swagger/parser/v3/swagger-parser-safe-url-resolver/2.1.25/swagger-parser-safe-url-resolver-2.1.25.jar:/home/runner/work/apicurio-testing/apicurio-testing/clusters/ci419/namespaces/kafkasql/tests/integration/apicurio-registry/schema-util/wsdl/target/apicurio-registry-schema-util-wsdl-3.0.9.jar:/home/runner/.m2/repository/wsdl4j/wsdl4j/1.6.3/wsdl4j-1.6.3.jar:/home/runner/work/apicurio-testing/apicurio-testing/clusters/ci419/namespaces/kafkasql/tests/integration/apicurio-registry/schema-util/xml/target/apicurio-registry-schema-util-xml-3.0.9.jar:/home/runner/.m2/repository/org/apache/santuario/xmlsec/4.0.3/xmlsec-4.0.3.jar:/home/runner/.m2/repository/com/fasterxml/woodstox/woodstox-core/7.1.0/woodstox-core-7.1.0.jar:/home/runner/.m2/repository/org/codehaus/woodstox/stax2-api/4.2.2/stax2-api-4.2.2.jar:/home/runner/work/apicurio-testing/apicurio-testing/clusters/ci419/namespaces/kafkasql/tests/integration/apicurio-registry/schema-util/xsd/target/apicurio-registry-schema-util-xsd-3.0.9.jar:/home/runner/work/apicurio-testing/apicurio-testing/clusters/ci419/namespaces/kafkasql/tests/integration/apicurio-registry/serdes/kafka/jsonschema-serde/target/apicurio-registry-jsonschema-serde-kafka-3.0.9.jar:/home/runner/work/apicurio-testing/apicurio-testing/clusters/ci419/namespaces/kafkasql/tests/integration/apicurio-registry/serdes/kafka/serde-kafka-common/target/apicurio-registry-serde-kafka-common-3.0.9.jar:/home/runner/work/apicurio-testing/apicurio-testing/clusters/ci419/namespaces/kafkasql/tests/integration/apicurio-registry/serdes/generic/serde-common/target/apicurio-registry-serde-common-3.0.9.jar:/home/runner/work/apicurio-testing/apicurio-testing/clusters/ci419/namespaces/kafkasql/tests/integration/apicurio-registry/schema-resolver/target/apicurio-registry-schema-resolver-3.0.9.jar:/home/runner/work/apicurio-testing/apicurio-testing/clusters/ci419/namespaces/kafkasql/tests/integration/apicurio-registry/serdes/generic/serde-common-jsonschema/target/apicurio-registry-serde-common-jsonschema-3.0.9.jar:/home/runner/.m2/repository/org/json/json/20250107/json-20250107.jar:/home/runner/work/apicurio-testing/apicurio-testing/clusters/ci419/namespaces/kafkasql/tests/integration/apicurio-registry/serdes/kafka/avro-serde/target/apicurio-registry-avro-serde-kafka-3.0.9.jar:/home/runner/work/apicurio-testing/apicurio-testing/clusters/ci419/namespaces/kafkasql/tests/integration/apicurio-registry/serdes/generic/serde-common-avro/target/apicurio-registry-serde-common-avro-3.0.9.jar:/home/runner/work/apicurio-testing/apicurio-testing/clusters/ci419/namespaces/kafkasql/tests/integration/apicurio-registry/serdes/kafka/protobuf-serde/target/apicurio-registry-protobuf-serde-kafka-3.0.9.jar:/home/runner/work/apicurio-testing/apicurio-testing/clusters/ci419/namespaces/kafkasql/tests/integration/apicurio-registry/serdes/generic/serde-common-protobuf/target/apicurio-registry-serde-common-protobuf-3.0.9.jar:/home/runner/.m2/repository/com/squareup/wire/wire-schema/5.1.0/wire-schema-5.1.0.jar:/home/runner/.m2/repository/com/squareup/wire/wire-runtime/5.1.0/wire-runtime-5.1.0.jar:/home/runner/work/apicurio-testing/apicurio-testing/clusters/ci419/namespaces/kafkasql/tests/integration/apicurio-registry/serdes/pulsar/avro-serde/target/apicurio-registry-avro-serde-pulsar-3.0.9.jar:/home/runner/.m2/repository/org/apache/pulsar/pulsar-functions-api/3.3.4/pulsar-functions-api-3.3.4.jar:/home/runner/work/apicurio-testing/apicurio-testing/clusters/ci419/namespaces/kafkasql/tests/integration/apicurio-registry/serdes/nats/avro-serde/target/apicurio-registry-avro-serde-nats-3.0.9.jar:/home/runner/.m2/repository/io/nats/jnats/2.20.5/jnats-2.20.5.jar:/home/runner/.m2/repository/net/i2p/crypto/eddsa/0.3.0/eddsa-0.3.0.jar:/home/runner/work/apicurio-testing/apicurio-testing/clusters/ci419/namespaces/kafkasql/tests/integration/apicurio-registry/utils/converter/target/apicurio-registry-utils-converter-3.0.9.jar:/home/runner/.m2/repository/org/apache/kafka/connect-api/3.9.1/connect-api-3.9.1.jar:/home/runner/.m2/repository/javax/ws/rs/javax.ws.rs-api/2.1.1/javax.ws.rs-api-2.1.1.jar:/home/runner/.m2/repository/org/apache/kafka/connect-json/3.9.1/connect-json-3.9.1.jar:/home/runner/.m2/repository/com/fasterxml/jackson/datatype/jackson-datatype-jdk8/2.17.2/jackson-datatype-jdk8-2.17.2.jar:/home/runner/.m2/repository/com/fasterxml/jackson/module/jackson-module-afterburner/2.17.2/jackson-module-afterburner-2.17.2.jar:/home/runner/work/apicurio-testing/apicurio-testing/clusters/ci419/namespaces/kafkasql/tests/integration/apicurio-registry/utils/kafka/target/apicurio-registry-utils-kafka-3.0.9.jar:/home/runner/.m2/repository/org/apache/pulsar/pulsar-client/3.3.4/pulsar-client-3.3.4.jar:/home/runner/.m2/repository/org/apache/pulsar/pulsar-client-api/3.3.4/pulsar-client-api-3.3.4.jar:/home/runner/.m2/repository/org/apache/pulsar/pulsar-client-admin-api/3.3.4/pulsar-client-admin-api-3.3.4.jar:/home/runner/.m2/repository/org/apache/pulsar/bouncy-castle-bc/3.3.4/bouncy-castle-bc-3.3.4-pkg.jar:/home/runner/.m2/repository/org/bouncycastle/bcpkix-jdk18on/1.78.1/bcpkix-jdk18on-1.78.1.jar:/home/runner/.m2/repository/org/bouncycastle/bcutil-jdk18on/1.78.1/bcutil-jdk18on-1.78.1.jar:/home/runner/.m2/repository/org/bouncycastle/bcprov-jdk18on/1.78.1/bcprov-jdk18on-1.78.1.jar:/home/runner/.m2/repository/io/opentelemetry/opentelemetry-api/1.39.0/opentelemetry-api-1.39.0.jar:/home/runner/.m2/repository/io/opentelemetry/opentelemetry-context/1.39.0/opentelemetry-context-1.39.0.jar:/home/runner/.m2/repository/io/opentelemetry/opentelemetry-api-incubator/1.39.0-alpha/opentelemetry-api-incubator-1.39.0-alpha.jar:/home/runner/.m2/repository/com/fasterxml/jackson/core/jackson-annotations/2.17.2/jackson-annotations-2.17.2.jar:/home/runner/.m2/repository/javax/validation/validation-api/1.1.0.Final/validation-api-1.1.0.Final.jar:/home/runner/.m2/repository/io/confluent/kafka-avro-serializer/7.9.0/kafka-avro-serializer-7.9.0.jar:/home/runner/.m2/repository/org/apache/commons/commons-compress/1.27.0/commons-compress-1.27.0.jar:/home/runner/.m2/repository/io/confluent/kafka-schema-serializer/7.9.0/kafka-schema-serializer-7.9.0.jar:/home/runner/.m2/repository/com/fasterxml/jackson/dataformat/jackson-dataformat-csv/2.17.2/jackson-dataformat-csv-2.17.2.jar:/home/runner/.m2/repository/io/confluent/kafka-schema-registry-client/7.9.0/kafka-schema-registry-client-7.9.0.jar:/home/runner/.m2/repository/org/yaml/snakeyaml/2.2/snakeyaml-2.2.jar:/home/runner/.m2/repository/io/swagger/core/v3/swagger-annotations/2.1.10/swagger-annotations-2.1.10.jar:/home/runner/.m2/repository/com/google/guava/guava/33.2.1-jre/guava-33.2.1-jre.jar:/home/runner/.m2/repository/com/google/guava/failureaccess/1.0.1/failureaccess-1.0.1.jar:/home/runner/.m2/repository/org/checkerframework/checker-qual/3.46.0/checker-qual-3.46.0.jar:/home/runner/.m2/repository/io/confluent/logredactor/1.0.12/logredactor-1.0.12.jar:/home/runner/.m2/repository/com/google/re2j/re2j/1.6/re2j-1.6.jar:/home/runner/.m2/repository/io/confluent/logredactor-metrics/1.0.12/logredactor-metrics-1.0.12.jar:/home/runner/.m2/repository/com/eclipsesource/minimal-json/minimal-json/0.9.5/minimal-json-0.9.5.jar:/home/runner/.m2/repository/io/confluent/common-utils/7.9.0/common-utils-7.9.0.jar:/home/runner/.m2/repository/io/confluent/kafka-connect-avro-converter/7.9.0/kafka-connect-avro-converter-7.9.0.jar:/home/runner/.m2/repository/io/confluent/kafka-connect-avro-data/7.9.0/kafka-connect-avro-data-7.9.0.jar:/home/runner/.m2/repository/io/confluent/kafka-schema-converter/7.9.0/kafka-schema-converter-7.9.0.jar:/home/runner/.m2/repository/io/rest-assured/rest-assured/5.5.0/rest-assured-5.5.0.jar:/home/runner/.m2/repository/org/apache/groovy/groovy/4.0.22/groovy-4.0.22.jar:/home/runner/.m2/repository/org/apache/groovy/groovy-xml/4.0.22/groovy-xml-4.0.22.jar:/home/runner/.m2/repository/org/apache/httpcomponents/httpclient/4.5.14/httpclient-4.5.14.jar:/home/runner/.m2/repository/org/apache/httpcomponents/httpcore/4.4.16/httpcore-4.4.16.jar:/home/runner/.m2/repository/org/apache/httpcomponents/httpmime/4.5.14/httpmime-4.5.14.jar:/home/runner/.m2/repository/org/hamcrest/hamcrest/2.2/hamcrest-2.2.jar:/home/runner/.m2/repository/org/ccil/cowan/tagsoup/tagsoup/1.2.1/tagsoup-1.2.1.jar:/home/runner/.m2/repository/io/rest-assured/json-path/5.5.0/json-path-5.5.0.jar:/home/runner/.m2/repository/org/apache/groovy/groovy-json/4.0.22/groovy-json-4.0.22.jar:/home/runner/.m2/repository/io/rest-assured/rest-assured-common/5.5.0/rest-assured-common-5.5.0.jar:/home/runner/.m2/repository/io/rest-assured/xml-path/5.5.0/xml-path-5.5.0.jar:/home/runner/.m2/repository/io/zonky/test/embedded-postgres/2.1.0/embedded-postgres-2.1.0.jar:/home/runner/.m2/repository/io/zonky/test/postgres/embedded-postgres-binaries-windows-amd64/14.15.0/embedded-postgres-binaries-windows-amd64-14.15.0.jar:/home/runner/.m2/repository/io/zonky/test/postgres/embedded-postgres-binaries-darwin-amd64/14.15.0/embedded-postgres-binaries-darwin-amd64-14.15.0.jar:/home/runner/.m2/repository/io/zonky/test/postgres/embedded-postgres-binaries-linux-amd64/14.15.0/embedded-postgres-binaries-linux-amd64-14.15.0.jar:/home/runner/.m2/repository/io/zonky/test/postgres/embedded-postgres-binaries-linux-amd64-alpine/14.15.0/embedded-postgres-binaries-linux-amd64-alpine-14.15.0.jar:/home/runner/.m2/repository/org/apache/commons/commons-lang3/3.14.0/commons-lang3-3.14.0.jar:/home/runner/.m2/repository/org/tukaani/xz/1.10/xz-1.10.jar:/home/runner/.m2/repository/commons-codec/commons-codec/1.18.0/commons-codec-1.18.0.jar:/home/runner/.m2/repository/org/postgresql/postgresql/42.7.4/postgresql-42.7.4.jar:/home/runner/.m2/repository/commons-io/commons-io/2.16.1/commons-io-2.16.1.jar:/home/runner/work/apicurio-testing/apicurio-testing/clusters/ci419/namespaces/kafkasql/tests/integration/apicurio-registry/utils/importexport/target/apicurio-registry-utils-import-export-3.0.9.jar:/home/runner/.m2/repository/io/vertx/vertx-core/4.5.13/vertx-core-4.5.13.jar:/home/runner/.m2/repository/io/netty/netty-common/4.1.118.Final/netty-common-4.1.118.Final.jar:/home/runner/.m2/repository/io/netty/netty-buffer/4.1.118.Final/netty-buffer-4.1.118.Final.jar:/home/runner/.m2/repository/io/netty/netty-transport/4.1.118.Final/netty-transport-4.1.118.Final.jar:/home/runner/.m2/repository/io/netty/netty-handler/4.1.118.Final/netty-handler-4.1.118.Final.jar:/home/runner/.m2/repository/io/netty/netty-transport-native-unix-common/4.1.118.Final/netty-transport-native-unix-common-4.1.118.Final.jar:/home/runner/.m2/repository/io/netty/netty-codec/4.1.118.Final/netty-codec-4.1.118.Final.jar:/home/runner/.m2/repository/io/netty/netty-handler-proxy/4.1.118.Final/netty-handler-proxy-4.1.118.Final.jar:/home/runner/.m2/repository/io/netty/netty-codec-socks/4.1.118.Final/netty-codec-socks-4.1.118.Final.jar:/home/runner/.m2/repository/io/netty/netty-codec-http/4.1.118.Final/netty-codec-http-4.1.118.Final.jar:/home/runner/.m2/repository/io/netty/netty-codec-http2/4.1.118.Final/netty-codec-http2-4.1.118.Final.jar:/home/runner/.m2/repository/io/netty/netty-resolver/4.1.118.Final/netty-resolver-4.1.118.Final.jar:/home/runner/.m2/repository/io/netty/netty-resolver-dns/4.1.118.Final/netty-resolver-dns-4.1.118.Final.jar:/home/runner/.m2/repository/io/netty/netty-codec-dns/4.1.118.Final/netty-codec-dns-4.1.118.Final.jar:/home/runner/.m2/repository/com/fasterxml/jackson/core/jackson-core/2.17.2/jackson-core-2.17.2.jar:"/>
    <property name="java.vm.vendor" value="Eclipse Adoptium"/>
    <property name="maven.javadoc.skip" value="true"/>
    <property name="sun.arch.data.model" value="64"/>
    <property name="java.vendor.url" value="https://adoptium.net/"/>
    <property name="user.timezone" value="Etc/UTC"/>
    <property name="os.name" value="Linux"/>
    <property name="java.vm.specification.version" value="17"/>
    <property name="sun.java.launcher" value="SUN_STANDARD"/>
    <property name="quarkus.http.test-port" value="80"/>
    <property name="sun.boot.library.path" value="/usr/lib/jvm/temurin-17-jdk-amd64/lib"/>
    <property name="sun.java.command" value="/home/runner/work/apicurio-testing/apicurio-testing/clusters/ci419/namespaces/kafkasql/tests/integration/apicurio-registry/integration-tests/target/surefire/surefirebooter-20250731155212032_3.jar /home/runner/work/apicurio-testing/apicurio-testing/clusters/ci419/namespaces/kafkasql/tests/integration/apicurio-registry/integration-tests/target/surefire 2025-07-31T15-52-11_968-jvmRun1 surefire-20250731155212032_1tmp surefire_0-20250731155212032_2tmp"/>
    <property name="maven.home" value="/home/runner/.m2/wrapper/dists/apache-maven-3.9.8-bin/4fnp1ql35bgk2a0p7m31ovbgb0/apache-maven-3.9.8"/>
    <property name="jdk.debug" value="release"/>
    <property name="surefire.test.class.path" value="/home/runner/work/apicurio-testing/apicurio-testing/clusters/ci419/namespaces/kafkasql/tests/integration/apicurio-registry/integration-tests/target/test-classes:/home/runner/work/apicurio-testing/apicurio-testing/clusters/ci419/namespaces/kafkasql/tests/integration/apicurio-registry/integration-tests/target/apicurio-registry-integration-tests-3.0.9.jar:/home/runner/.m2/repository/io/quarkus/quarkus-junit5/3.15.4/quarkus-junit5-3.15.4.jar:/home/runner/.m2/repository/io/quarkus/quarkus-bootstrap-core/3.15.4/quarkus-bootstrap-core-3.15.4.jar:/home/runner/.m2/repository/io/quarkus/quarkus-classloader-commons/3.15.4/quarkus-classloader-commons-3.15.4.jar:/home/runner/.m2/repository/io/quarkus/quarkus-bootstrap-app-model/3.15.4/quarkus-bootstrap-app-model-3.15.4.jar:/home/runner/.m2/repository/io/smallrye/common/smallrye-common-io/2.6.1/smallrye-common-io-2.6.1.jar:/home/runner/.m2/repository/org/eclipse/sisu/org.eclipse.sisu.inject/0.9.0.M3/org.eclipse.sisu.inject-0.9.0.M3.jar:/home/runner/.m2/repository/io/quarkus/quarkus-test-common/3.15.4/quarkus-test-common-3.15.4.jar:/home/runner/.m2/repository/io/quarkus/quarkus-core-deployment/3.15.4/quarkus-core-deployment-3.15.4.jar:/home/runner/.m2/repository/org/aesh/readline/2.6/readline-2.6.jar:/home/runner/.m2/repository/org/fusesource/jansi/jansi/2.4.0/jansi-2.4.0.jar:/home/runner/.m2/repository/org/aesh/aesh/2.8.2/aesh-2.8.2.jar:/home/runner/.m2/repository/io/quarkus/gizmo/gizmo/1.8.0/gizmo-1.8.0.jar:/home/runner/.m2/repository/org/ow2/asm/asm-util/9.7/asm-util-9.7.jar:/home/runner/.m2/repository/org/ow2/asm/asm-analysis/9.7/asm-analysis-9.7.jar:/home/runner/.m2/repository/org/ow2/asm/asm-commons/9.7/asm-commons-9.7.jar:/home/runner/.m2/repository/org/ow2/asm/asm-tree/9.7/asm-tree-9.7.jar:/home/runner/.m2/repository/io/quarkus/quarkus-hibernate-validator-spi/3.15.4/quarkus-hibernate-validator-spi-3.15.4.jar:/home/runner/.m2/repository/io/quarkus/quarkus-class-change-agent/3.15.4/quarkus-class-change-agent-3.15.4.jar:/home/runner/.m2/repository/io/quarkus/quarkus-devtools-utilities/3.15.4/quarkus-devtools-utilities-3.15.4.jar:/home/runner/.m2/repository/io/quarkus/quarkus-builder/3.15.4/quarkus-builder-3.15.4.jar:/home/runner/.m2/repository/org/graalvm/sdk/nativeimage/23.1.2/nativeimage-23.1.2.jar:/home/runner/.m2/repository/org/graalvm/sdk/word/23.1.2/word-23.1.2.jar:/home/runner/.m2/repository/io/quarkus/quarkus-bootstrap-maven-resolver/3.15.4/quarkus-bootstrap-maven-resolver-3.15.4.jar:/home/runner/.m2/repository/io/smallrye/beanbag/smallrye-beanbag-maven/1.5.2/smallrye-beanbag-maven-1.5.2.jar:/home/runner/.m2/repository/io/smallrye/beanbag/smallrye-beanbag-sisu/1.5.2/smallrye-beanbag-sisu-1.5.2.jar:/home/runner/.m2/repository/io/smallrye/beanbag/smallrye-beanbag/1.5.2/smallrye-beanbag-1.5.2.jar:/home/runner/.m2/repository/javax/inject/javax.inject/1/javax.inject-1.jar:/home/runner/.m2/repository/org/apache/maven/maven-artifact/3.9.8/maven-artifact-3.9.8.jar:/home/runner/.m2/repository/org/apache/maven/maven-builder-support/3.9.8/maven-builder-support-3.9.8.jar:/home/runner/.m2/repository/org/apache/maven/maven-model/3.9.8/maven-model-3.9.8.jar:/home/runner/.m2/repository/org/apache/maven/maven-model-builder/3.9.8/maven-model-builder-3.9.8.jar:/home/runner/.m2/repository/org/apache/maven/maven-repository-metadata/3.9.8/maven-repository-metadata-3.9.8.jar:/home/runner/.m2/repository/org/apache/maven/maven-settings/3.9.8/maven-settings-3.9.8.jar:/home/runner/.m2/repository/org/apache/maven/resolver/maven-resolver-api/1.9.22/maven-resolver-api-1.9.22.jar:/home/runner/.m2/repository/org/apache/maven/resolver/maven-resolver-impl/1.9.22/maven-resolver-impl-1.9.22.jar:/home/runner/.m2/repository/org/apache/maven/resolver/maven-resolver-named-locks/1.9.22/maven-resolver-named-locks-1.9.22.jar:/home/runner/.m2/repository/org/apache/maven/resolver/maven-resolver-spi/1.9.22/maven-resolver-spi-1.9.22.jar:/home/runner/.m2/repository/org/apache/maven/resolver/maven-resolver-util/1.9.22/maven-resolver-util-1.9.22.jar:/home/runner/.m2/repository/org/apache/maven/resolver/maven-resolver-transport-http/1.9.20/maven-resolver-transport-http-1.9.20.jar:/home/runner/.m2/repository/org/apache/maven/wagon/wagon-provider-api/3.5.3/wagon-provider-api-3.5.3.jar:/home/runner/.m2/repository/org/apache/maven/wagon/wagon-http-shared/3.5.3/wagon-http-shared-3.5.3.jar:/home/runner/.m2/repository/org/codehaus/plexus/plexus-interpolation/1.26/plexus-interpolation-1.26.jar:/home/runner/.m2/repository/org/codehaus/plexus/plexus-utils/3.5.1/plexus-utils-3.5.1.jar:/home/runner/.m2/repository/org/codehaus/plexus/plexus-xml/4.0.1/plexus-xml-4.0.1.jar:/home/runner/.m2/repository/org/apache/maven/maven-xml-impl/4.0.0-alpha-5/maven-xml-impl-4.0.0-alpha-5.jar:/home/runner/.m2/repository/org/apache/maven/maven-api-xml/4.0.0-alpha-5/maven-api-xml-4.0.0-alpha-5.jar:/home/runner/.m2/repository/org/apache/maven/maven-api-meta/4.0.0-alpha-5/maven-api-meta-4.0.0-alpha-5.jar:/home/runner/.m2/repository/org/codehaus/plexus/plexus-cipher/2.0/plexus-cipher-2.0.jar:/home/runner/.m2/repository/org/codehaus/plexus/plexus-sec-dispatcher/2.0/plexus-sec-dispatcher-2.0.jar:/home/runner/.m2/repository/org/apache/maven/maven-embedder/3.9.8/maven-embedder-3.9.8.jar:/home/runner/.m2/repository/org/apache/maven/maven-core/3.9.8/maven-core-3.9.8.jar:/home/runner/.m2/repository/org/codehaus/plexus/plexus-component-annotations/2.1.0/plexus-component-annotations-2.1.0.jar:/home/runner/.m2/repository/org/apache/maven/maven-plugin-api/3.9.8/maven-plugin-api-3.9.8.jar:/home/runner/.m2/repository/org/apache/maven/shared/maven-shared-utils/3.4.2/maven-shared-utils-3.4.2.jar:/home/runner/.m2/repository/com/google/inject/guice/5.1.0/guice-5.1.0.jar:/home/runner/.m2/repository/aopalliance/aopalliance/1.0/aopalliance-1.0.jar:/home/runner/.m2/repository/javax/annotation/javax.annotation-api/1.3.2/javax.annotation-api-1.3.2.jar:/home/runner/.m2/repository/org/codehaus/plexus/plexus-classworlds/2.6.0/plexus-classworlds-2.6.0.jar:/home/runner/.m2/repository/commons-cli/commons-cli/1.8.0/commons-cli-1.8.0.jar:/home/runner/.m2/repository/org/eclipse/sisu/org.eclipse.sisu.plexus/0.9.0.M3/org.eclipse.sisu.plexus-0.9.0.M3.jar:/home/runner/.m2/repository/org/apache/maven/maven-settings-builder/3.9.8/maven-settings-builder-3.9.8.jar:/home/runner/.m2/repository/org/apache/maven/maven-resolver-provider/3.9.8/maven-resolver-provider-3.9.8.jar:/home/runner/.m2/repository/org/apache/maven/resolver/maven-resolver-connector-basic/1.9.22/maven-resolver-connector-basic-1.9.22.jar:/home/runner/.m2/repository/org/apache/maven/resolver/maven-resolver-transport-wagon/1.9.22/maven-resolver-transport-wagon-1.9.22.jar:/home/runner/.m2/repository/org/apache/maven/wagon/wagon-http/3.5.3/wagon-http-3.5.3.jar:/home/runner/.m2/repository/org/apache/maven/wagon/wagon-file/3.5.3/wagon-file-3.5.3.jar:/home/runner/.m2/repository/io/quarkus/quarkus-bootstrap-gradle-resolver/3.15.4/quarkus-bootstrap-gradle-resolver-3.15.4.jar:/home/runner/.m2/repository/io/smallrye/jandex/3.2.3/jandex-3.2.3.jar:/home/runner/.m2/repository/org/jboss/logging/commons-logging-jboss-logging/1.0.0.Final/commons-logging-jboss-logging-1.0.0.Final.jar:/home/runner/.m2/repository/io/quarkus/quarkus-junit5-properties/3.15.4/quarkus-junit5-properties-3.15.4.jar:/home/runner/.m2/repository/org/junit/jupiter/junit-jupiter/5.10.3/junit-jupiter-5.10.3.jar:/home/runner/.m2/repository/org/junit/jupiter/junit-jupiter-api/5.10.3/junit-jupiter-api-5.10.3.jar:/home/runner/.m2/repository/org/junit/jupiter/junit-jupiter-params/5.10.3/junit-jupiter-params-5.10.3.jar:/home/runner/.m2/repository/org/junit/jupiter/junit-jupiter-engine/5.10.3/junit-jupiter-engine-5.10.3.jar:/home/runner/.m2/repository/io/quarkus/quarkus-core/3.15.4/quarkus-core-3.15.4.jar:/home/runner/.m2/repository/jakarta/enterprise/jakarta.enterprise.cdi-api/4.1.0/jakarta.enterprise.cdi-api-4.1.0.jar:/home/runner/.m2/repository/jakarta/enterprise/jakarta.enterprise.lang-model/4.1.0/jakarta.enterprise.lang-model-4.1.0.jar:/home/runner/.m2/repository/jakarta/el/jakarta.el-api/5.0.1/jakarta.el-api-5.0.1.jar:/home/runner/.m2/repository/jakarta/interceptor/jakarta.interceptor-api/2.2.0/jakarta.interceptor-api-2.2.0.jar:/home/runner/.m2/repository/jakarta/inject/jakarta.inject-api/2.0.1/jakarta.inject-api-2.0.1.jar:/home/runner/.m2/repository/io/smallrye/common/smallrye-common-os/2.6.1/smallrye-common-os-2.6.1.jar:/home/runner/.m2/repository/io/quarkus/quarkus-ide-launcher/3.15.4/quarkus-ide-launcher-3.15.4.jar:/home/runner/.m2/repository/io/quarkus/quarkus-development-mode-spi/3.15.4/quarkus-development-mode-spi-3.15.4.jar:/home/runner/.m2/repository/io/smallrye/config/smallrye-config/3.9.1/smallrye-config-3.9.1.jar:/home/runner/.m2/repository/io/smallrye/config/smallrye-config-core/3.9.1/smallrye-config-core-3.9.1.jar:/home/runner/.m2/repository/io/smallrye/common/smallrye-common-annotation/2.6.1/smallrye-common-annotation-2.6.1.jar:/home/runner/.m2/repository/io/smallrye/common/smallrye-common-classloader/2.6.1/smallrye-common-classloader-2.6.1.jar:/home/runner/.m2/repository/io/smallrye/config/smallrye-config-common/3.9.1/smallrye-config-common-3.9.1.jar:/home/runner/.m2/repository/org/jboss/logging/jboss-logging/3.6.0.Final/jboss-logging-3.6.0.Final.jar:/home/runner/.m2/repository/org/jboss/logmanager/jboss-logmanager/3.1.1.Final/jboss-logmanager-3.1.1.Final.jar:/home/runner/.m2/repository/io/smallrye/common/smallrye-common-constraint/2.6.1/smallrye-common-constraint-2.6.1.jar:/home/runner/.m2/repository/io/smallrye/common/smallrye-common-cpu/2.6.1/smallrye-common-cpu-2.6.1.jar:/home/runner/.m2/repository/io/smallrye/common/smallrye-common-expression/2.6.1/smallrye-common-expression-2.6.1.jar:/home/runner/.m2/repository/io/smallrye/common/smallrye-common-function/2.6.1/smallrye-common-function-2.6.1.jar:/home/runner/.m2/repository/io/smallrye/common/smallrye-common-net/2.6.1/smallrye-common-net-2.6.1.jar:/home/runner/.m2/repository/io/smallrye/common/smallrye-common-ref/2.6.1/smallrye-common-ref-2.6.1.jar:/home/runner/.m2/repository/jakarta/json/jakarta.json-api/2.1.3/jakarta.json-api-2.1.3.jar:/home/runner/.m2/repository/org/eclipse/parsson/parsson/1.1.7/parsson-1.1.7.jar:/home/runner/.m2/repository/org/jboss/logging/jboss-logging-annotations/3.0.1.Final/jboss-logging-annotations-3.0.1.Final.jar:/home/runner/.m2/repository/org/jboss/threads/jboss-threads/3.6.1.Final/jboss-threads-3.6.1.Final.jar:/home/runner/.m2/repository/org/jboss/slf4j/slf4j-jboss-logmanager/2.0.0.Final/slf4j-jboss-logmanager-2.0.0.Final.jar:/home/runner/.m2/repository/org/wildfly/common/wildfly-common/1.7.0.Final/wildfly-common-1.7.0.Final.jar:/home/runner/.m2/repository/io/quarkus/quarkus-bootstrap-runner/3.15.4/quarkus-bootstrap-runner-3.15.4.jar:/home/runner/.m2/repository/io/github/crac/org-crac/0.1.3/org-crac-0.1.3.jar:/home/runner/.m2/repository/io/quarkus/quarkus-fs-util/0.0.10/quarkus-fs-util-0.0.10.jar:/home/runner/.m2/repository/org/jboss/marshalling/jboss-marshalling/2.2.1.Final/jboss-marshalling-2.2.1.Final.jar:/home/runner/.m2/repository/io/fabric8/kubernetes-client/6.13.5/kubernetes-client-6.13.5.jar:/home/runner/.m2/repository/io/fabric8/kubernetes-client-api/6.13.5/kubernetes-client-api-6.13.5.jar:/home/runner/.m2/repository/io/fabric8/kubernetes-model-core/6.13.5/kubernetes-model-core-6.13.5.jar:/home/runner/.m2/repository/io/fabric8/kubernetes-model-common/6.13.5/kubernetes-model-common-6.13.5.jar:/home/runner/.m2/repository/io/fabric8/kubernetes-model-gatewayapi/6.13.5/kubernetes-model-gatewayapi-6.13.5.jar:/home/runner/.m2/repository/io/fabric8/kubernetes-model-resource/6.13.5/kubernetes-model-resource-6.13.5.jar:/home/runner/.m2/repository/io/fabric8/kubernetes-model-rbac/6.13.5/kubernetes-model-rbac-6.13.5.jar:/home/runner/.m2/repository/io/fabric8/kubernetes-model-admissionregistration/6.13.5/kubernetes-model-admissionregistration-6.13.5.jar:/home/runner/.m2/repository/io/fabric8/kubernetes-model-apps/6.13.5/kubernetes-model-apps-6.13.5.jar:/home/runner/.m2/repository/io/fabric8/kubernetes-model-autoscaling/6.13.5/kubernetes-model-autoscaling-6.13.5.jar:/home/runner/.m2/repository/io/fabric8/kubernetes-model-apiextensions/6.13.5/kubernetes-model-apiextensions-6.13.5.jar:/home/runner/.m2/repository/io/fabric8/kubernetes-model-batch/6.13.5/kubernetes-model-batch-6.13.5.jar:/home/runner/.m2/repository/io/fabric8/kubernetes-model-certificates/6.13.5/kubernetes-model-certificates-6.13.5.jar:/home/runner/.m2/repository/io/fabric8/kubernetes-model-coordination/6.13.5/kubernetes-model-coordination-6.13.5.jar:/home/runner/.m2/repository/io/fabric8/kubernetes-model-discovery/6.13.5/kubernetes-model-discovery-6.13.5.jar:/home/runner/.m2/repository/io/fabric8/kubernetes-model-events/6.13.5/kubernetes-model-events-6.13.5.jar:/home/runner/.m2/repository/io/fabric8/kubernetes-model-extensions/6.13.5/kubernetes-model-extensions-6.13.5.jar:/home/runner/.m2/repository/io/fabric8/kubernetes-model-flowcontrol/6.13.5/kubernetes-model-flowcontrol-6.13.5.jar:/home/runner/.m2/repository/io/fabric8/kubernetes-model-networking/6.13.5/kubernetes-model-networking-6.13.5.jar:/home/runner/.m2/repository/io/fabric8/kubernetes-model-metrics/6.13.5/kubernetes-model-metrics-6.13.5.jar:/home/runner/.m2/repository/io/fabric8/kubernetes-model-policy/6.13.5/kubernetes-model-policy-6.13.5.jar:/home/runner/.m2/repository/io/fabric8/kubernetes-model-scheduling/6.13.5/kubernetes-model-scheduling-6.13.5.jar:/home/runner/.m2/repository/io/fabric8/kubernetes-model-storageclass/6.13.5/kubernetes-model-storageclass-6.13.5.jar:/home/runner/.m2/repository/io/fabric8/kubernetes-model-node/6.13.5/kubernetes-model-node-6.13.5.jar:/home/runner/.m2/repository/org/snakeyaml/snakeyaml-engine/2.7/snakeyaml-engine-2.7.jar:/home/runner/.m2/repository/com/fasterxml/jackson/dataformat/jackson-dataformat-yaml/2.15.2/jackson-dataformat-yaml-2.15.2.jar:/home/runner/.m2/repository/com/fasterxml/jackson/datatype/jackson-datatype-jsr310/2.17.2/jackson-datatype-jsr310-2.17.2.jar:/home/runner/.m2/repository/io/fabric8/zjsonpatch/0.3.0/zjsonpatch-0.3.0.jar:/home/runner/.m2/repository/io/fabric8/kubernetes-httpclient-vertx/6.13.5/kubernetes-httpclient-vertx-6.13.5.jar:/home/runner/.m2/repository/io/vertx/vertx-web-client/4.5.13/vertx-web-client-4.5.13.jar:/home/runner/.m2/repository/io/vertx/vertx-web-common/4.5.13/vertx-web-common-4.5.13.jar:/home/runner/.m2/repository/io/vertx/vertx-auth-common/4.5.13/vertx-auth-common-4.5.13.jar:/home/runner/.m2/repository/io/vertx/vertx-uri-template/4.5.13/vertx-uri-template-4.5.13.jar:/home/runner/.m2/repository/io/fabric8/openshift-client/6.13.5/openshift-client-6.13.5.jar:/home/runner/.m2/repository/io/fabric8/openshift-client-api/6.13.5/openshift-client-api-6.13.5.jar:/home/runner/.m2/repository/io/fabric8/openshift-model/6.13.5/openshift-model-6.13.5.jar:/home/runner/.m2/repository/io/fabric8/openshift-model-clusterautoscaling/6.13.5/openshift-model-clusterautoscaling-6.13.5.jar:/home/runner/.m2/repository/io/fabric8/openshift-model-operator/6.13.5/openshift-model-operator-6.13.5.jar:/home/runner/.m2/repository/io/fabric8/openshift-model-operatorhub/6.13.5/openshift-model-operatorhub-6.13.5.jar:/home/runner/.m2/repository/io/fabric8/openshift-model-machine/6.13.5/openshift-model-machine-6.13.5.jar:/home/runner/.m2/repository/io/fabric8/openshift-model-whereabouts/6.13.5/openshift-model-whereabouts-6.13.5.jar:/home/runner/.m2/repository/io/fabric8/openshift-model-monitoring/6.13.5/openshift-model-monitoring-6.13.5.jar:/home/runner/.m2/repository/io/fabric8/openshift-model-storageversionmigrator/6.13.5/openshift-model-storageversionmigrator-6.13.5.jar:/home/runner/.m2/repository/io/fabric8/openshift-model-tuned/6.13.5/openshift-model-tuned-6.13.5.jar:/home/runner/.m2/repository/io/fabric8/openshift-model-console/6.13.5/openshift-model-console-6.13.5.jar:/home/runner/.m2/repository/io/fabric8/openshift-model-config/6.13.5/openshift-model-config-6.13.5.jar:/home/runner/.m2/repository/io/fabric8/openshift-model-machineconfig/6.13.5/openshift-model-machineconfig-6.13.5.jar:/home/runner/.m2/repository/io/fabric8/openshift-model-miscellaneous/6.13.5/openshift-model-miscellaneous-6.13.5.jar:/home/runner/.m2/repository/io/fabric8/openshift-model-hive/6.13.5/openshift-model-hive-6.13.5.jar:/home/runner/.m2/repository/io/fabric8/openshift-model-installer/6.13.5/openshift-model-installer-6.13.5.jar:/home/runner/.m2/repository/com/github/mifmif/generex/1.0.2/generex-1.0.2.jar:/home/runner/.m2/repository/dk/brics/automaton/automaton/1.11-8/automaton-1.11-8.jar:/home/runner/.m2/repository/org/junit/platform/junit-platform-launcher/1.10.3/junit-platform-launcher-1.10.3.jar:/home/runner/.m2/repository/org/junit/platform/junit-platform-engine/1.10.3/junit-platform-engine-1.10.3.jar:/home/runner/.m2/repository/org/opentest4j/opentest4j/1.3.0/opentest4j-1.3.0.jar:/home/runner/.m2/repository/org/junit/platform/junit-platform-commons/1.10.3/junit-platform-commons-1.10.3.jar:/home/runner/.m2/repository/org/apiguardian/apiguardian-api/1.1.2/apiguardian-api-1.1.2.jar:/home/runner/.m2/repository/jakarta/ws/rs/jakarta.ws.rs-api/3.1.0/jakarta.ws.rs-api-3.1.0.jar:/home/runner/work/apicurio-testing/apicurio-testing/clusters/ci419/namespaces/kafkasql/tests/integration/apicurio-registry/java-sdk/target/apicurio-registry-java-sdk-3.0.9.jar:/home/runner/.m2/repository/com/microsoft/kiota/microsoft-kiota-abstractions/1.8.4/microsoft-kiota-abstractions-1.8.4.jar:/home/runner/.m2/repository/io/github/std-uritemplate/std-uritemplate/2.0.0/std-uritemplate-2.0.0.jar:/home/runner/.m2/repository/io/kiota/kiota-http-jdk/0.0.21/kiota-http-jdk-0.0.21.jar:/home/runner/.m2/repository/io/kiota/kiota-http-vertx/0.0.21/kiota-http-vertx-0.0.21.jar:/home/runner/.m2/repository/io/kiota/kiota-serialization-jackson/0.0.21/kiota-serialization-jackson-0.0.21.jar:/home/runner/.m2/repository/com/microsoft/kiota/microsoft-kiota-serialization-text/1.8.4/microsoft-kiota-serialization-text-1.8.4.jar:/home/runner/.m2/repository/com/microsoft/kiota/microsoft-kiota-serialization-form/1.8.4/microsoft-kiota-serialization-form-1.8.4.jar:/home/runner/.m2/repository/com/microsoft/kiota/microsoft-kiota-serialization-multipart/1.8.4/microsoft-kiota-serialization-multipart-1.8.4.jar:/home/runner/.m2/repository/jakarta/annotation/jakarta.annotation-api/3.0.0/jakarta.annotation-api-3.0.0.jar:/home/runner/.m2/repository/io/vertx/vertx-auth-oauth2/4.5.13/vertx-auth-oauth2-4.5.13.jar:/home/runner/work/apicurio-testing/apicurio-testing/clusters/ci419/namespaces/kafkasql/tests/integration/apicurio-registry/java-sdk-v2/target/apicurio-registry-v2-java-sdk-3.0.9.jar:/home/runner/work/apicurio-testing/apicurio-testing/clusters/ci419/namespaces/kafkasql/tests/integration/apicurio-registry/utils/kafka/target/apicurio-registry-utils-kafka-3.0.9-tests.jar:/home/runner/.m2/repository/org/eclipse/microprofile/config/microprofile-config-api/3.1/microprofile-config-api-3.1.jar:/home/runner/.m2/repository/org/apache/kafka/kafka-clients/3.9.0/kafka-clients-3.9.0.jar:/home/runner/.m2/repository/com/github/luben/zstd-jni/1.5.6-4/zstd-jni-1.5.6-4.jar:/home/runner/.m2/repository/org/lz4/lz4-java/1.8.0/lz4-java-1.8.0.jar:/home/runner/.m2/repository/org/xerial/snappy/snappy-java/1.1.10.5/snappy-java-1.1.10.5.jar:/home/runner/.m2/repository/org/slf4j/slf4j-api/2.0.6/slf4j-api-2.0.6.jar:/home/runner/work/apicurio-testing/apicurio-testing/clusters/ci419/namespaces/kafkasql/tests/integration/apicurio-registry/utils/tests/target/apicurio-registry-utils-tests-3.0.9.jar:/home/runner/work/apicurio-testing/apicurio-testing/clusters/ci419/namespaces/kafkasql/tests/integration/apicurio-registry/common/target/apicurio-registry-common-3.0.9.jar:/home/runner/.m2/repository/jakarta/validation/jakarta.validation-api/3.0.2/jakarta.validation-api-3.0.2.jar:/home/runner/.m2/repository/com/github/dasniko/testcontainers-keycloak/3.6.0/testcontainers-keycloak-3.6.0.jar:/home/runner/.m2/repository/org/testcontainers/testcontainers/1.20.1/testcontainers-1.20.1.jar:/home/runner/.m2/repository/org/rnorth/duct-tape/duct-tape/1.0.8/duct-tape-1.0.8.jar:/home/runner/.m2/repository/org/jetbrains/annotations/24.1.0/annotations-24.1.0.jar:/home/runner/.m2/repository/com/github/docker-java/docker-java-transport-zerodep/3.4.0/docker-java-transport-zerodep-3.4.0.jar:/home/runner/.m2/repository/com/github/docker-java/docker-java-transport/3.4.0/docker-java-transport-3.4.0.jar:/home/runner/.m2/repository/net/java/dev/jna/jna/5.8.0/jna-5.8.0.jar:/home/runner/.m2/repository/io/quarkus/quarkus-junit4-mock/3.15.4/quarkus-junit4-mock-3.15.4.jar:/home/runner/.m2/repository/org/jboss/shrinkwrap/shrinkwrap-api/2.0.0-beta-2/shrinkwrap-api-2.0.0-beta-2.jar:/home/runner/.m2/repository/org/jboss/shrinkwrap/shrinkwrap-impl-base/2.0.0-beta-2/shrinkwrap-impl-base-2.0.0-beta-2.jar:/home/runner/.m2/repository/org/jboss/shrinkwrap/shrinkwrap-spi/2.0.0-beta-2/shrinkwrap-spi-2.0.0-beta-2.jar:/home/runner/.m2/repository/org/keycloak/keycloak-admin-client/25.0.6/keycloak-admin-client-25.0.6.jar:/home/runner/.m2/repository/org/keycloak/keycloak-core/25.0.6/keycloak-core-25.0.6.jar:/home/runner/.m2/repository/org/keycloak/keycloak-common/25.0.6/keycloak-common-25.0.6.jar:/home/runner/.m2/repository/org/jboss/resteasy/resteasy-client/6.2.9.Final/resteasy-client-6.2.9.Final.jar:/home/runner/.m2/repository/org/jboss/resteasy/resteasy-client-api/6.2.9.Final/resteasy-client-api-6.2.9.Final.jar:/home/runner/.m2/repository/org/jboss/resteasy/resteasy-core-spi/6.2.9.Final/resteasy-core-spi-6.2.9.Final.jar:/home/runner/.m2/repository/org/jboss/resteasy/resteasy-core/6.2.9.Final/resteasy-core-6.2.9.Final.jar:/home/runner/.m2/repository/org/eclipse/angus/angus-activation/2.0.2/angus-activation-2.0.2.jar:/home/runner/.m2/repository/com/ibm/async/asyncutil/0.1.0/asyncutil-0.1.0.jar:/home/runner/.m2/repository/org/reactivestreams/reactive-streams/1.0.4/reactive-streams-1.0.4.jar:/home/runner/.m2/repository/org/jboss/resteasy/resteasy-multipart-provider/6.2.9.Final/resteasy-multipart-provider-6.2.9.Final.jar:/home/runner/.m2/repository/jakarta/mail/jakarta.mail-api/2.1.2/jakarta.mail-api-2.1.2.jar:/home/runner/.m2/repository/org/eclipse/angus/angus-mail/2.0.3/angus-mail-2.0.3.jar:/home/runner/.m2/repository/org/apache/james/apache-mime4j-dom/0.8.11/apache-mime4j-dom-0.8.11.jar:/home/runner/.m2/repository/org/apache/james/apache-mime4j-core/0.8.11/apache-mime4j-core-0.8.11.jar:/home/runner/.m2/repository/org/apache/james/apache-mime4j-storage/0.8.11/apache-mime4j-storage-0.8.11.jar:/home/runner/.m2/repository/org/jboss/resteasy/resteasy-jackson2-provider/6.2.9.Final/resteasy-jackson2-provider-6.2.9.Final.jar:/home/runner/.m2/repository/com/fasterxml/jackson/jakarta/rs/jackson-jakarta-rs-base/2.17.2/jackson-jakarta-rs-base-2.17.2.jar:/home/runner/.m2/repository/com/fasterxml/jackson/jakarta/rs/jackson-jakarta-rs-json-provider/2.17.2/jackson-jakarta-rs-json-provider-2.17.2.jar:/home/runner/.m2/repository/com/fasterxml/jackson/module/jackson-module-jakarta-xmlbind-annotations/2.17.2/jackson-module-jakarta-xmlbind-annotations-2.17.2.jar:/home/runner/.m2/repository/com/github/java-json-tools/json-patch/1.13/json-patch-1.13.jar:/home/runner/.m2/repository/com/github/java-json-tools/msg-simple/1.2/msg-simple-1.2.jar:/home/runner/.m2/repository/com/github/java-json-tools/btf/1.3/btf-1.3.jar:/home/runner/.m2/repository/com/github/java-json-tools/jackson-coreutils/2.0/jackson-coreutils-2.0.jar:/home/runner/.m2/repository/org/jboss/resteasy/resteasy-jaxb-provider/6.2.9.Final/resteasy-jaxb-provider-6.2.9.Final.jar:/home/runner/.m2/repository/org/glassfish/jaxb/codemodel/4.0.3/codemodel-4.0.3.jar:/home/runner/.m2/repository/org/glassfish/jaxb/jaxb-core/4.0.5/jaxb-core-4.0.5.jar:/home/runner/.m2/repository/org/glassfish/jaxb/jaxb-jxc/4.0.3/jaxb-jxc-4.0.3.jar:/home/runner/.m2/repository/org/glassfish/jaxb/jaxb-runtime/4.0.5/jaxb-runtime-4.0.5.jar:/home/runner/.m2/repository/org/glassfish/jaxb/txw2/4.0.5/txw2-4.0.5.jar:/home/runner/.m2/repository/org/glassfish/jaxb/jaxb-xjc/4.0.3/jaxb-xjc-4.0.3.jar:/home/runner/.m2/repository/org/glassfish/jaxb/xsom/4.0.3/xsom-4.0.3.jar:/home/runner/.m2/repository/com/sun/istack/istack-commons-runtime/4.1.2/istack-commons-runtime-4.1.2.jar:/home/runner/.m2/repository/com/sun/istack/istack-commons-tools/4.1.2/istack-commons-tools-4.1.2.jar:/home/runner/.m2/repository/com/sun/xml/bind/external/relaxng-datatype/4.0.3/relaxng-datatype-4.0.3.jar:/home/runner/.m2/repository/com/sun/xml/bind/external/rngom/4.0.3/rngom-4.0.3.jar:/home/runner/.m2/repository/org/testcontainers/mssqlserver/1.20.1/mssqlserver-1.20.1.jar:/home/runner/.m2/repository/org/testcontainers/jdbc/1.20.1/jdbc-1.20.1.jar:/home/runner/.m2/repository/org/testcontainers/database-commons/1.20.1/database-commons-1.20.1.jar:/home/runner/.m2/repository/org/testcontainers/mysql/1.20.1/mysql-1.20.1.jar:/home/runner/.m2/repository/io/strimzi/strimzi-test-container/0.107.0/strimzi-test-container-0.107.0.jar:/home/runner/.m2/repository/org/testcontainers/toxiproxy/1.20.1/toxiproxy-1.20.1.jar:/home/runner/.m2/repository/com/github/docker-java/docker-java-api/3.4.0/docker-java-api-3.4.0.jar:/home/runner/.m2/repository/eu/rekawek/toxiproxy/toxiproxy-java/2.1.7/toxiproxy-java-2.1.7.jar:/home/runner/.m2/repository/junit/junit/4.13.2/junit-4.13.2.jar:/home/runner/.m2/repository/org/hamcrest/hamcrest-core/1.3/hamcrest-core-1.3.jar:/home/runner/.m2/repository/org/testcontainers/pulsar/1.20.4/pulsar-1.20.4.jar:/home/runner/.m2/repository/io/debezium/debezium-testing-testcontainers/2.6.2.Final/debezium-testing-testcontainers-2.6.2.Final.jar:/home/runner/.m2/repository/org/testcontainers/kafka/1.20.1/kafka-1.20.1.jar:/home/runner/.m2/repository/com/squareup/okhttp3/okhttp/4.8.1/okhttp-4.8.1.jar:/home/runner/.m2/repository/com/squareup/okio/okio/3.10.2/okio-3.10.2.jar:/home/runner/.m2/repository/com/squareup/okio/okio-jvm/3.10.2/okio-jvm-3.10.2.jar:/home/runner/.m2/repository/org/jetbrains/kotlin/kotlin-stdlib/2.0.10/kotlin-stdlib-2.0.10.jar:/home/runner/.m2/repository/org/awaitility/awaitility/4.2.2/awaitility-4.2.2.jar:/home/runner/.m2/repository/org/testcontainers/mongodb/1.20.1/mongodb-1.20.1.jar:/home/runner/.m2/repository/org/testcontainers/oracle-xe/1.20.1/oracle-xe-1.20.1.jar:/home/runner/.m2/repository/org/testcontainers/postgresql/1.20.1/postgresql-1.20.1.jar:/home/runner/.m2/repository/org/wiremock/wiremock/3.0.1/wiremock-3.0.1.jar:/home/runner/.m2/repository/org/eclipse/jetty/jetty-server/11.0.15/jetty-server-11.0.15.jar:/home/runner/.m2/repository/org/eclipse/jetty/toolchain/jetty-jakarta-servlet-api/5.0.2/jetty-jakarta-servlet-api-5.0.2.jar:/home/runner/.m2/repository/org/eclipse/jetty/jetty-http/11.0.15/jetty-http-11.0.15.jar:/home/runner/.m2/repository/org/eclipse/jetty/jetty-io/11.0.15/jetty-io-11.0.15.jar:/home/runner/.m2/repository/org/eclipse/jetty/jetty-servlet/11.0.15/jetty-servlet-11.0.15.jar:/home/runner/.m2/repository/org/eclipse/jetty/jetty-security/11.0.15/jetty-security-11.0.15.jar:/home/runner/.m2/repository/org/eclipse/jetty/jetty-servlets/11.0.15/jetty-servlets-11.0.15.jar:/home/runner/.m2/repository/org/eclipse/jetty/jetty-util/11.0.15/jetty-util-11.0.15.jar:/home/runner/.m2/repository/org/eclipse/jetty/jetty-webapp/11.0.15/jetty-webapp-11.0.15.jar:/home/runner/.m2/repository/org/eclipse/jetty/jetty-xml/11.0.15/jetty-xml-11.0.15.jar:/home/runner/.m2/repository/org/eclipse/jetty/jetty-proxy/11.0.15/jetty-proxy-11.0.15.jar:/home/runner/.m2/repository/org/eclipse/jetty/jetty-client/11.0.15/jetty-client-11.0.15.jar:/home/runner/.m2/repository/org/eclipse/jetty/http2/http2-server/11.0.15/http2-server-11.0.15.jar:/home/runner/.m2/repository/org/eclipse/jetty/http2/http2-common/11.0.15/http2-common-11.0.15.jar:/home/runner/.m2/repository/org/eclipse/jetty/http2/http2-hpack/11.0.15/http2-hpack-11.0.15.jar:/home/runner/.m2/repository/org/eclipse/jetty/jetty-alpn-server/11.0.15/jetty-alpn-server-11.0.15.jar:/home/runner/.m2/repository/org/eclipse/jetty/jetty-alpn-java-server/11.0.15/jetty-alpn-java-server-11.0.15.jar:/home/runner/.m2/repository/org/eclipse/jetty/jetty-alpn-java-client/11.0.15/jetty-alpn-java-client-11.0.15.jar:/home/runner/.m2/repository/org/eclipse/jetty/jetty-alpn-client/11.0.15/jetty-alpn-client-11.0.15.jar:/home/runner/.m2/repository/org/apache/httpcomponents/client5/httpclient5/5.2.1/httpclient5-5.2.1.jar:/home/runner/.m2/repository/org/apache/httpcomponents/core5/httpcore5/5.2/httpcore5-5.2.jar:/home/runner/.m2/repository/org/apache/httpcomponents/core5/httpcore5-h2/5.2/httpcore5-h2-5.2.jar:/home/runner/.m2/repository/org/xmlunit/xmlunit-core/2.9.1/xmlunit-core-2.9.1.jar:/home/runner/.m2/repository/jakarta/xml/bind/jakarta.xml.bind-api/4.0.2/jakarta.xml.bind-api-4.0.2.jar:/home/runner/.m2/repository/jakarta/activation/jakarta.activation-api/2.1.3/jakarta.activation-api-2.1.3.jar:/home/runner/.m2/repository/org/xmlunit/xmlunit-legacy/2.9.1/xmlunit-legacy-2.9.1.jar:/home/runner/.m2/repository/org/xmlunit/xmlunit-placeholders/2.9.1/xmlunit-placeholders-2.9.1.jar:/home/runner/.m2/repository/net/javacrumbs/json-unit/json-unit-core/2.38.0/json-unit-core-2.38.0.jar:/home/runner/.m2/repository/com/jayway/jsonpath/json-path/2.8.0/json-path-2.8.0.jar:/home/runner/.m2/repository/net/minidev/json-smart/2.4.10/json-smart-2.4.10.jar:/home/runner/.m2/repository/net/minidev/accessors-smart/2.4.9/accessors-smart-2.4.9.jar:/home/runner/.m2/repository/org/ow2/asm/asm/9.7/asm-9.7.jar:/home/runner/.m2/repository/net/sf/jopt-simple/jopt-simple/5.0.4/jopt-simple-5.0.4.jar:/home/runner/.m2/repository/com/github/jknack/handlebars/4.3.1/handlebars-4.3.1.jar:/home/runner/.m2/repository/com/github/jknack/handlebars-helpers/4.3.1/handlebars-helpers-4.3.1.jar:/home/runner/.m2/repository/commons-fileupload/commons-fileupload/1.5/commons-fileupload-1.5.jar:/home/runner/.m2/repository/com/networknt/json-schema-validator/1.5.5/json-schema-validator-1.5.5.jar:/home/runner/.m2/repository/com/ethlo/time/itu/1.10.3/itu-1.10.3.jar:/home/runner/.m2/repository/io/quarkus/quarkus-smallrye-jwt-build/3.15.4/quarkus-smallrye-jwt-build-3.15.4.jar:/home/runner/.m2/repository/io/smallrye/smallrye-jwt-build/4.5.3/smallrye-jwt-build-4.5.3.jar:/home/runner/.m2/repository/org/eclipse/microprofile/jwt/microprofile-jwt-auth-api/2.1/microprofile-jwt-auth-api-2.1.jar:/home/runner/.m2/repository/org/bitbucket/b_c/jose4j/0.9.6/jose4j-0.9.6.jar:/home/runner/.m2/repository/io/smallrye/smallrye-jwt-common/4.5.3/smallrye-jwt-common-4.5.3.jar:/home/runner/.m2/repository/io/quarkus/quarkus-jsonp/3.15.4/quarkus-jsonp-3.15.4.jar:/home/runner/.m2/repository/io/quarkus/quarkus-arc/3.15.4/quarkus-arc-3.15.4.jar:/home/runner/.m2/repository/io/quarkus/arc/arc/3.15.4/arc-3.15.4.jar:/home/runner/.m2/repository/jakarta/transaction/jakarta.transaction-api/2.0.1/jakarta.transaction-api-2.0.1.jar:/home/runner/.m2/repository/io/smallrye/reactive/mutiny/2.6.2/mutiny-2.6.2.jar:/home/runner/.m2/repository/org/jctools/jctools-core/4.0.5/jctools-core-4.0.5.jar:/home/runner/.m2/repository/org/eclipse/microprofile/context-propagation/microprofile-context-propagation-api/1.3/microprofile-context-propagation-api-1.3.jar:/home/runner/.m2/repository/io/apicurio/apicurio-common-rest-client-common/0.1.18.Final/apicurio-common-rest-client-common-0.1.18.Final.jar:/home/runner/work/apicurio-testing/apicurio-testing/clusters/ci419/namespaces/kafkasql/tests/integration/apicurio-registry/utils/maven-plugin/target/apicurio-registry-maven-plugin-3.0.9.jar:/home/runner/.m2/repository/com/fasterxml/jackson/core/jackson-databind/2.17.2/jackson-databind-2.17.2.jar:/home/runner/.m2/repository/org/apache/avro/avro/1.12.0/avro-1.12.0.jar:/home/runner/.m2/repository/com/google/protobuf/protobuf-java/3.25.8/protobuf-java-3.25.8.jar:/home/runner/.m2/repository/com/google/protobuf/protobuf-java-util/3.25.8/protobuf-java-util-3.25.8.jar:/home/runner/.m2/repository/com/google/code/findbugs/jsr305/3.0.2/jsr305-3.0.2.jar:/home/runner/.m2/repository/com/google/code/gson/gson/2.11.0/gson-2.11.0.jar:/home/runner/.m2/repository/com/google/errorprone/error_prone_annotations/2.30.0/error_prone_annotations-2.30.0.jar:/home/runner/.m2/repository/com/google/j2objc/j2objc-annotations/2.8/j2objc-annotations-2.8.jar:/home/runner/work/apicurio-testing/apicurio-testing/clusters/ci419/namespaces/kafkasql/tests/integration/apicurio-registry/schema-util/util-provider/target/apicurio-registry-schema-util-provider-3.0.9.jar:/home/runner/work/apicurio-testing/apicurio-testing/clusters/ci419/namespaces/kafkasql/tests/integration/apicurio-registry/schema-util/common/target/apicurio-registry-schema-util-common-3.0.9.jar:/home/runner/.m2/repository/com/fasterxml/jackson/module/jackson-module-parameter-names/2.17.2/jackson-module-parameter-names-2.17.2.jar:/home/runner/.m2/repository/com/fasterxml/jackson/datatype/jackson-datatype-json-org/2.18.2/jackson-datatype-json-org-2.18.2.jar:/home/runner/work/apicurio-testing/apicurio-testing/clusters/ci419/namespaces/kafkasql/tests/integration/apicurio-registry/schema-util/json/target/apicurio-registry-schema-util-json-3.0.9.jar:/home/runner/.m2/repository/com/github/erosb/everit-json-schema/1.14.5/everit-json-schema-1.14.5.jar:/home/runner/.m2/repository/commons-validator/commons-validator/1.9.0/commons-validator-1.9.0.jar:/home/runner/.m2/repository/commons-digester/commons-digester/2.1/commons-digester-2.1.jar:/home/runner/.m2/repository/commons-collections/commons-collections/3.2.2/commons-collections-3.2.2.jar:/home/runner/.m2/repository/com/damnhandy/handy-uri-templates/2.1.8/handy-uri-templates-2.1.8.jar:/home/runner/.m2/repository/joda-time/joda-time/2.10.2/joda-time-2.10.2.jar:/home/runner/.m2/repository/com/github/erosb/json-sKema/0.20.0/json-sKema-0.20.0.jar:/home/runner/.m2/repository/io/vertx/vertx-json-schema/4.5.13/vertx-json-schema-4.5.13.jar:/home/runner/work/apicurio-testing/apicurio-testing/clusters/ci419/namespaces/kafkasql/tests/integration/apicurio-registry/schema-util/protobuf/target/apicurio-registry-schema-util-protobuf-3.0.9.jar:/home/runner/work/apicurio-testing/apicurio-testing/clusters/ci419/namespaces/kafkasql/tests/integration/apicurio-registry/utils/protobuf-schema-utilities/target/apicurio-registry-protobuf-schema-utilities-3.0.9.jar:/home/runner/.m2/repository/com/google/api/grpc/proto-google-common-protos/2.52.0/proto-google-common-protos-2.52.0.jar:/home/runner/.m2/repository/com/squareup/wire/wire-schema-jvm/5.1.0/wire-schema-jvm-5.1.0.jar:/home/runner/.m2/repository/com/squareup/javapoet/1.13.0/javapoet-1.13.0.jar:/home/runner/.m2/repository/com/squareup/kotlinpoet-jvm/1.18.1/kotlinpoet-jvm-1.18.1.jar:/home/runner/.m2/repository/org/jetbrains/kotlin/kotlin-reflect/2.0.10/kotlin-reflect-2.0.10.jar:/home/runner/.m2/repository/com/squareup/wire/wire-runtime-jvm/5.1.0/wire-runtime-jvm-5.1.0.jar:/home/runner/.m2/repository/com/ibm/icu/icu4j/76.1/icu4j-76.1.jar:/home/runner/.m2/repository/com/squareup/okio/okio-fakefilesystem/3.10.2/okio-fakefilesystem-3.10.2.jar:/home/runner/.m2/repository/com/squareup/okio/okio-fakefilesystem-jvm/3.10.2/okio-fakefilesystem-jvm-3.10.2.jar:/home/runner/.m2/repository/org/jetbrains/kotlinx/kotlinx-datetime-jvm/0.6.1/kotlinx-datetime-jvm-0.6.1.jar:/home/runner/work/apicurio-testing/apicurio-testing/clusters/ci419/namespaces/kafkasql/tests/integration/apicurio-registry/schema-util/asyncapi/target/apicurio-registry-schema-util-asyncapi-3.0.9.jar:/home/runner/work/apicurio-testing/apicurio-testing/clusters/ci419/namespaces/kafkasql/tests/integration/apicurio-registry/schema-util/avro/target/apicurio-registry-schema-util-avro-3.0.9.jar:/home/runner/work/apicurio-testing/apicurio-testing/clusters/ci419/namespaces/kafkasql/tests/integration/apicurio-registry/schema-util/graphql/target/apicurio-registry-schema-util-graphql-3.0.9.jar:/home/runner/.m2/repository/com/graphql-java/graphql-java/22.3/graphql-java-22.3.jar:/home/runner/.m2/repository/com/graphql-java/java-dataloader/3.3.0/java-dataloader-3.3.0.jar:/home/runner/work/apicurio-testing/apicurio-testing/clusters/ci419/namespaces/kafkasql/tests/integration/apicurio-registry/schema-util/kconnect/target/apicurio-registry-schema-util-kconnect-3.0.9.jar:/home/runner/work/apicurio-testing/apicurio-testing/clusters/ci419/namespaces/kafkasql/tests/integration/apicurio-registry/schema-util/openapi/target/apicurio-registry-schema-util-openapi-3.0.9.jar:/home/runner/.m2/repository/io/apicurio/apicurio-data-models/2.2.1/apicurio-data-models-2.2.1.jar:/home/runner/.m2/repository/org/openapitools/openapidiff/openapi-diff-core/2.0.1/openapi-diff-core-2.0.1.jar:/home/runner/.m2/repository/io/swagger/parser/v3/swagger-parser/2.0.28/swagger-parser-2.0.28.jar:/home/runner/.m2/repository/io/swagger/parser/v3/swagger-parser-v2-converter/2.0.28/swagger-parser-v2-converter-2.0.28.jar:/home/runner/.m2/repository/io/swagger/swagger-core/1.6.3/swagger-core-1.6.3.jar:/home/runner/.m2/repository/io/swagger/swagger-models/1.6.3/swagger-models-1.6.3.jar:/home/runner/.m2/repository/io/swagger/swagger-annotations/1.6.3/swagger-annotations-1.6.3.jar:/home/runner/.m2/repository/io/swagger/swagger-parser/1.0.56/swagger-parser-1.0.56.jar:/home/runner/.m2/repository/io/swagger/swagger-compat-spec-parser/1.0.56/swagger-compat-spec-parser-1.0.56.jar:/home/runner/.m2/repository/com/github/java-json-tools/json-schema-validator/2.2.14/json-schema-validator-2.2.14.jar:/home/runner/.m2/repository/com/github/java-json-tools/jackson-coreutils-equivalence/1.0/jackson-coreutils-equivalence-1.0.jar:/home/runner/.m2/repository/com/github/java-json-tools/json-schema-core/1.2.14/json-schema-core-1.2.14.jar:/home/runner/.m2/repository/com/github/java-json-tools/uri-template/0.10/uri-template-0.10.jar:/home/runner/.m2/repository/com/sun/mail/mailapi/1.6.2/mailapi-1.6.2.jar:/home/runner/.m2/repository/com/googlecode/libphonenumber/libphonenumber/8.11.1/libphonenumber-8.11.1.jar:/home/runner/.m2/repository/com/j2html/j2html/1.5.0/j2html-1.5.0.jar:/home/runner/.m2/repository/org/apache/commons/commons-collections4/4.4/commons-collections4-4.4.jar:/home/runner/.m2/repository/commons-httpclient/commons-httpclient/3.1/commons-httpclient-3.1.jar:/home/runner/.m2/repository/io/swagger/parser/v3/swagger-parser-v3/2.1.25/swagger-parser-v3-2.1.25.jar:/home/runner/.m2/repository/io/swagger/core/v3/swagger-models/2.2.28/swagger-models-2.2.28.jar:/home/runner/.m2/repository/io/swagger/core/v3/swagger-core/2.2.28/swagger-core-2.2.28.jar:/home/runner/.m2/repository/io/swagger/parser/v3/swagger-parser-core/2.1.25/swagger-parser-core-2.1.25.jar:/home/runner/.m2/repository/io/swagger/parser/v3/swagger-parser-safe-url-resolver/2.1.25/swagger-parser-safe-url-resolver-2.1.25.jar:/home/runner/work/apicurio-testing/apicurio-testing/clusters/ci419/namespaces/kafkasql/tests/integration/apicurio-registry/schema-util/wsdl/target/apicurio-registry-schema-util-wsdl-3.0.9.jar:/home/runner/.m2/repository/wsdl4j/wsdl4j/1.6.3/wsdl4j-1.6.3.jar:/home/runner/work/apicurio-testing/apicurio-testing/clusters/ci419/namespaces/kafkasql/tests/integration/apicurio-registry/schema-util/xml/target/apicurio-registry-schema-util-xml-3.0.9.jar:/home/runner/.m2/repository/org/apache/santuario/xmlsec/4.0.3/xmlsec-4.0.3.jar:/home/runner/.m2/repository/com/fasterxml/woodstox/woodstox-core/7.1.0/woodstox-core-7.1.0.jar:/home/runner/.m2/repository/org/codehaus/woodstox/stax2-api/4.2.2/stax2-api-4.2.2.jar:/home/runner/work/apicurio-testing/apicurio-testing/clusters/ci419/namespaces/kafkasql/tests/integration/apicurio-registry/schema-util/xsd/target/apicurio-registry-schema-util-xsd-3.0.9.jar:/home/runner/work/apicurio-testing/apicurio-testing/clusters/ci419/namespaces/kafkasql/tests/integration/apicurio-registry/serdes/kafka/jsonschema-serde/target/apicurio-registry-jsonschema-serde-kafka-3.0.9.jar:/home/runner/work/apicurio-testing/apicurio-testing/clusters/ci419/namespaces/kafkasql/tests/integration/apicurio-registry/serdes/kafka/serde-kafka-common/target/apicurio-registry-serde-kafka-common-3.0.9.jar:/home/runner/work/apicurio-testing/apicurio-testing/clusters/ci419/namespaces/kafkasql/tests/integration/apicurio-registry/serdes/generic/serde-common/target/apicurio-registry-serde-common-3.0.9.jar:/home/runner/work/apicurio-testing/apicurio-testing/clusters/ci419/namespaces/kafkasql/tests/integration/apicurio-registry/schema-resolver/target/apicurio-registry-schema-resolver-3.0.9.jar:/home/runner/work/apicurio-testing/apicurio-testing/clusters/ci419/namespaces/kafkasql/tests/integration/apicurio-registry/serdes/generic/serde-common-jsonschema/target/apicurio-registry-serde-common-jsonschema-3.0.9.jar:/home/runner/.m2/repository/org/json/json/20250107/json-20250107.jar:/home/runner/work/apicurio-testing/apicurio-testing/clusters/ci419/namespaces/kafkasql/tests/integration/apicurio-registry/serdes/kafka/avro-serde/target/apicurio-registry-avro-serde-kafka-3.0.9.jar:/home/runner/work/apicurio-testing/apicurio-testing/clusters/ci419/namespaces/kafkasql/tests/integration/apicurio-registry/serdes/generic/serde-common-avro/target/apicurio-registry-serde-common-avro-3.0.9.jar:/home/runner/work/apicurio-testing/apicurio-testing/clusters/ci419/namespaces/kafkasql/tests/integration/apicurio-registry/serdes/kafka/protobuf-serde/target/apicurio-registry-protobuf-serde-kafka-3.0.9.jar:/home/runner/work/apicurio-testing/apicurio-testing/clusters/ci419/namespaces/kafkasql/tests/integration/apicurio-registry/serdes/generic/serde-common-protobuf/target/apicurio-registry-serde-common-protobuf-3.0.9.jar:/home/runner/.m2/repository/com/squareup/wire/wire-schema/5.1.0/wire-schema-5.1.0.jar:/home/runner/.m2/repository/com/squareup/wire/wire-runtime/5.1.0/wire-runtime-5.1.0.jar:/home/runner/work/apicurio-testing/apicurio-testing/clusters/ci419/namespaces/kafkasql/tests/integration/apicurio-registry/serdes/pulsar/avro-serde/target/apicurio-registry-avro-serde-pulsar-3.0.9.jar:/home/runner/.m2/repository/org/apache/pulsar/pulsar-functions-api/3.3.4/pulsar-functions-api-3.3.4.jar:/home/runner/work/apicurio-testing/apicurio-testing/clusters/ci419/namespaces/kafkasql/tests/integration/apicurio-registry/serdes/nats/avro-serde/target/apicurio-registry-avro-serde-nats-3.0.9.jar:/home/runner/.m2/repository/io/nats/jnats/2.20.5/jnats-2.20.5.jar:/home/runner/.m2/repository/net/i2p/crypto/eddsa/0.3.0/eddsa-0.3.0.jar:/home/runner/work/apicurio-testing/apicurio-testing/clusters/ci419/namespaces/kafkasql/tests/integration/apicurio-registry/utils/converter/target/apicurio-registry-utils-converter-3.0.9.jar:/home/runner/.m2/repository/org/apache/kafka/connect-api/3.9.1/connect-api-3.9.1.jar:/home/runner/.m2/repository/javax/ws/rs/javax.ws.rs-api/2.1.1/javax.ws.rs-api-2.1.1.jar:/home/runner/.m2/repository/org/apache/kafka/connect-json/3.9.1/connect-json-3.9.1.jar:/home/runner/.m2/repository/com/fasterxml/jackson/datatype/jackson-datatype-jdk8/2.17.2/jackson-datatype-jdk8-2.17.2.jar:/home/runner/.m2/repository/com/fasterxml/jackson/module/jackson-module-afterburner/2.17.2/jackson-module-afterburner-2.17.2.jar:/home/runner/work/apicurio-testing/apicurio-testing/clusters/ci419/namespaces/kafkasql/tests/integration/apicurio-registry/utils/kafka/target/apicurio-registry-utils-kafka-3.0.9.jar:/home/runner/.m2/repository/org/apache/pulsar/pulsar-client/3.3.4/pulsar-client-3.3.4.jar:/home/runner/.m2/repository/org/apache/pulsar/pulsar-client-api/3.3.4/pulsar-client-api-3.3.4.jar:/home/runner/.m2/repository/org/apache/pulsar/pulsar-client-admin-api/3.3.4/pulsar-client-admin-api-3.3.4.jar:/home/runner/.m2/repository/org/apache/pulsar/bouncy-castle-bc/3.3.4/bouncy-castle-bc-3.3.4-pkg.jar:/home/runner/.m2/repository/org/bouncycastle/bcpkix-jdk18on/1.78.1/bcpkix-jdk18on-1.78.1.jar:/home/runner/.m2/repository/org/bouncycastle/bcutil-jdk18on/1.78.1/bcutil-jdk18on-1.78.1.jar:/home/runner/.m2/repository/org/bouncycastle/bcprov-jdk18on/1.78.1/bcprov-jdk18on-1.78.1.jar:/home/runner/.m2/repository/io/opentelemetry/opentelemetry-api/1.39.0/opentelemetry-api-1.39.0.jar:/home/runner/.m2/repository/io/opentelemetry/opentelemetry-context/1.39.0/opentelemetry-context-1.39.0.jar:/home/runner/.m2/repository/io/opentelemetry/opentelemetry-api-incubator/1.39.0-alpha/opentelemetry-api-incubator-1.39.0-alpha.jar:/home/runner/.m2/repository/com/fasterxml/jackson/core/jackson-annotations/2.17.2/jackson-annotations-2.17.2.jar:/home/runner/.m2/repository/javax/validation/validation-api/1.1.0.Final/validation-api-1.1.0.Final.jar:/home/runner/.m2/repository/io/confluent/kafka-avro-serializer/7.9.0/kafka-avro-serializer-7.9.0.jar:/home/runner/.m2/repository/org/apache/commons/commons-compress/1.27.0/commons-compress-1.27.0.jar:/home/runner/.m2/repository/io/confluent/kafka-schema-serializer/7.9.0/kafka-schema-serializer-7.9.0.jar:/home/runner/.m2/repository/com/fasterxml/jackson/dataformat/jackson-dataformat-csv/2.17.2/jackson-dataformat-csv-2.17.2.jar:/home/runner/.m2/repository/io/confluent/kafka-schema-registry-client/7.9.0/kafka-schema-registry-client-7.9.0.jar:/home/runner/.m2/repository/org/yaml/snakeyaml/2.2/snakeyaml-2.2.jar:/home/runner/.m2/repository/io/swagger/core/v3/swagger-annotations/2.1.10/swagger-annotations-2.1.10.jar:/home/runner/.m2/repository/com/google/guava/guava/33.2.1-jre/guava-33.2.1-jre.jar:/home/runner/.m2/repository/com/google/guava/failureaccess/1.0.1/failureaccess-1.0.1.jar:/home/runner/.m2/repository/org/checkerframework/checker-qual/3.46.0/checker-qual-3.46.0.jar:/home/runner/.m2/repository/io/confluent/logredactor/1.0.12/logredactor-1.0.12.jar:/home/runner/.m2/repository/com/google/re2j/re2j/1.6/re2j-1.6.jar:/home/runner/.m2/repository/io/confluent/logredactor-metrics/1.0.12/logredactor-metrics-1.0.12.jar:/home/runner/.m2/repository/com/eclipsesource/minimal-json/minimal-json/0.9.5/minimal-json-0.9.5.jar:/home/runner/.m2/repository/io/confluent/common-utils/7.9.0/common-utils-7.9.0.jar:/home/runner/.m2/repository/io/confluent/kafka-connect-avro-converter/7.9.0/kafka-connect-avro-converter-7.9.0.jar:/home/runner/.m2/repository/io/confluent/kafka-connect-avro-data/7.9.0/kafka-connect-avro-data-7.9.0.jar:/home/runner/.m2/repository/io/confluent/kafka-schema-converter/7.9.0/kafka-schema-converter-7.9.0.jar:/home/runner/.m2/repository/io/rest-assured/rest-assured/5.5.0/rest-assured-5.5.0.jar:/home/runner/.m2/repository/org/apache/groovy/groovy/4.0.22/groovy-4.0.22.jar:/home/runner/.m2/repository/org/apache/groovy/groovy-xml/4.0.22/groovy-xml-4.0.22.jar:/home/runner/.m2/repository/org/apache/httpcomponents/httpclient/4.5.14/httpclient-4.5.14.jar:/home/runner/.m2/repository/org/apache/httpcomponents/httpcore/4.4.16/httpcore-4.4.16.jar:/home/runner/.m2/repository/org/apache/httpcomponents/httpmime/4.5.14/httpmime-4.5.14.jar:/home/runner/.m2/repository/org/hamcrest/hamcrest/2.2/hamcrest-2.2.jar:/home/runner/.m2/repository/org/ccil/cowan/tagsoup/tagsoup/1.2.1/tagsoup-1.2.1.jar:/home/runner/.m2/repository/io/rest-assured/json-path/5.5.0/json-path-5.5.0.jar:/home/runner/.m2/repository/org/apache/groovy/groovy-json/4.0.22/groovy-json-4.0.22.jar:/home/runner/.m2/repository/io/rest-assured/rest-assured-common/5.5.0/rest-assured-common-5.5.0.jar:/home/runner/.m2/repository/io/rest-assured/xml-path/5.5.0/xml-path-5.5.0.jar:/home/runner/.m2/repository/io/zonky/test/embedded-postgres/2.1.0/embedded-postgres-2.1.0.jar:/home/runner/.m2/repository/io/zonky/test/postgres/embedded-postgres-binaries-windows-amd64/14.15.0/embedded-postgres-binaries-windows-amd64-14.15.0.jar:/home/runner/.m2/repository/io/zonky/test/postgres/embedded-postgres-binaries-darwin-amd64/14.15.0/embedded-postgres-binaries-darwin-amd64-14.15.0.jar:/home/runner/.m2/repository/io/zonky/test/postgres/embedded-postgres-binaries-linux-amd64/14.15.0/embedded-postgres-binaries-linux-amd64-14.15.0.jar:/home/runner/.m2/repository/io/zonky/test/postgres/embedded-postgres-binaries-linux-amd64-alpine/14.15.0/embedded-postgres-binaries-linux-amd64-alpine-14.15.0.jar:/home/runner/.m2/repository/org/apache/commons/commons-lang3/3.14.0/commons-lang3-3.14.0.jar:/home/runner/.m2/repository/org/tukaani/xz/1.10/xz-1.10.jar:/home/runner/.m2/repository/commons-codec/commons-codec/1.18.0/commons-codec-1.18.0.jar:/home/runner/.m2/repository/org/postgresql/postgresql/42.7.4/postgresql-42.7.4.jar:/home/runner/.m2/repository/commons-io/commons-io/2.16.1/commons-io-2.16.1.jar:/home/runner/work/apicurio-testing/apicurio-testing/clusters/ci419/namespaces/kafkasql/tests/integration/apicurio-registry/utils/importexport/target/apicurio-registry-utils-import-export-3.0.9.jar:/home/runner/.m2/repository/io/vertx/vertx-core/4.5.13/vertx-core-4.5.13.jar:/home/runner/.m2/repository/io/netty/netty-common/4.1.118.Final/netty-common-4.1.118.Final.jar:/home/runner/.m2/repository/io/netty/netty-buffer/4.1.118.Final/netty-buffer-4.1.118.Final.jar:/home/runner/.m2/repository/io/netty/netty-transport/4.1.118.Final/netty-transport-4.1.118.Final.jar:/home/runner/.m2/repository/io/netty/netty-handler/4.1.118.Final/netty-handler-4.1.118.Final.jar:/home/runner/.m2/repository/io/netty/netty-transport-native-unix-common/4.1.118.Final/netty-transport-native-unix-common-4.1.118.Final.jar:/home/runner/.m2/repository/io/netty/netty-codec/4.1.118.Final/netty-codec-4.1.118.Final.jar:/home/runner/.m2/repository/io/netty/netty-handler-proxy/4.1.118.Final/netty-handler-proxy-4.1.118.Final.jar:/home/runner/.m2/repository/io/netty/netty-codec-socks/4.1.118.Final/netty-codec-socks-4.1.118.Final.jar:/home/runner/.m2/repository/io/netty/netty-codec-http/4.1.118.Final/netty-codec-http-4.1.118.Final.jar:/home/runner/.m2/repository/io/netty/netty-codec-http2/4.1.118.Final/netty-codec-http2-4.1.118.Final.jar:/home/runner/.m2/repository/io/netty/netty-resolver/4.1.118.Final/netty-resolver-4.1.118.Final.jar:/home/runner/.m2/repository/io/netty/netty-resolver-dns/4.1.118.Final/netty-resolver-dns-4.1.118.Final.jar:/home/runner/.m2/repository/io/netty/netty-codec-dns/4.1.118.Final/netty-codec-dns-4.1.118.Final.jar:/home/runner/.m2/repository/com/fasterxml/jackson/core/jackson-core/2.17.2/jackson-core-2.17.2.jar:"/>
    <property name="sun.cpu.endian" value="little"/>
    <property name="user.home" value="/home/runner"/>
    <property name="user.language" value="en"/>
    <property name="jboss.log-version" value="false"/>
    <property name="java.specification.vendor" value="Oracle Corporation"/>
    <property name="java.version.date" value="2025-07-15"/>
    <property name="java.home" value="/usr/lib/jvm/temurin-17-jdk-amd64"/>
    <property name="file.separator" value="/"/>
    <property name="basedir" value="/home/runner/work/apicurio-testing/apicurio-testing/clusters/ci419/namespaces/kafkasql/tests/integration/apicurio-registry/integration-tests"/>
    <property name="java.vm.compressedOopsMode" value="32-bit"/>
    <property name="line.separator" value="&#10;"/>
    <property name="java.specification.name" value="Java Platform API Specification"/>
    <property name="java.vm.specification.vendor" value="Oracle Corporation"/>
    <property name="quarkus.http.test-host" value="registry-app-kafkasql.apps.ci419.apicurio-testing.org"/>
    <property name="surefire.real.class.path" value="/home/runner/work/apicurio-testing/apicurio-testing/clusters/ci419/namespaces/kafkasql/tests/integration/apicurio-registry/integration-tests/target/surefire/surefirebooter-20250731155212032_3.jar"/>
    <property name="sun.management.compiler" value="HotSpot 64-Bit Tiered Compilers"/>
    <property name="org.eclipse.jetty.http.HttpGenerator.STRICT" value="true"/>
    <property name="java.runtime.version" value="17.0.16+8"/>
    <property name="user.name" value="runner"/>
    <property name="path.separator" value=":"/>
    <property name="os.version" value="6.8.0-1031-azure"/>
    <property name="java.runtime.name" value="OpenJDK Runtime Environment"/>
    <property name="file.encoding" value="UTF-8"/>
    <property name="jnidispatch.path" value="/home/runner/.cache/JNA/temp/jna11036274471916526921.tmp"/>
    <property name="java.vm.name" value="OpenJDK 64-Bit Server VM"/>
    <property name="jna.platform.library.path" value="/usr/lib/x86_64-linux-gnu:/lib/x86_64-linux-gnu:/usr/lib64:/lib64:/usr/lib:/lib:/lib32:/usr/local/lib:/usr/lib/x86_64-linux-gnu/libfakeroot"/>
    <property name="java.vendor.version" value="Temurin-17.0.16+8"/>
    <property name="quarkus.oidc.token-path" value="https://keycloak-kafkasql.apps.ci419.apicurio-testing.org/realms/registry/protocol/openid-connect/token"/>
    <property name="quarkus.http.host" value="registry-app-kafkasql.apps.ci419.apicurio-testing.org"/>
    <property name="localRepository" value="/home/runner/.m2/repository"/>
    <property name="javax.xml.xpath.XPathFactory:http://java.sun.com/jaxp/xpath/dom" value="com.sun.org.apache.xpath.internal.jaxp.XPathFactoryImpl"/>
    <property name="jna.loaded" value="true"/>
    <property name="java.vendor.url.bug" value="https://github.com/adoptium/adoptium-support/issues"/>
    <property name="jetty.git.hash" value="5bc5e562c8d05c5862505aebe5cf83a61bdbcb96"/>
    <property name="java.io.tmpdir" value="/tmp"/>
    <property name="quarkus.http.test-protocol" value="http"/>
    <property name="java.version" value="17.0.16"/>
    <property name="user.dir" value="/home/runner/work/apicurio-testing/apicurio-testing/clusters/ci419/namespaces/kafkasql/tests/integration/apicurio-registry/integration-tests"/>
    <property name="os.arch" value="amd64"/>
    <property name="groups" value="( smoke | serdes | acceptance | ui)"/>
    <property name="java.vm.specification.name" value="Java Virtual Machine Specification"/>
    <property name="native.encoding" value="UTF-8"/>
    <property name="java.util.logging.manager" value="org.jboss.logmanager.LogManager"/>
    <property name="java.library.path" value="/usr/java/packages/lib:/usr/lib64:/lib64:/lib:/usr/lib"/>
    <property name="jdk.console" value="java.base"/>
    <property name="java.vm.info" value="mixed mode, sharing"/>
    <property name="java.vendor" value="Eclipse Adoptium"/>
    <property name="java.vm.version" value="17.0.16+8"/>
    <property name="java.specification.maintenance.version" value="1"/>
    <property name="sun.io.unicode.encoding" value="UnicodeLittle"/>
    <property name="javax.xml.transform.TransformerFactory" value="com.sun.org.apache.xalan.internal.xsltc.trax.TransformerFactoryImpl"/>
    <property name="java.class.version" value="61.0"/>
  </properties>
  <testcase name="testGlobalIdInHeaders" classname="io.apicurio.tests.serdes.apicurio.AvroSerdeIT" time="4.252">
    <system-out><![CDATA[2025-07-31 15:52:24,808 INFO  [io.api.tes.ser.api.AvroSerdeIT] (main) RestAssured configured with http://registry-app-kafkasql.apps.ci419.apicurio-testing.org:80/apis/registry/v3
2025-07-31 15:52:24,808 INFO  [io.api.tes.uti.KafkaFacade] (main) Starting kafka container
2025-07-31 15:52:24,883 INFO  [org.tes.ima.PullPolicy] (main) Image pull policy will be performed by: DefaultPullPolicy()
2025-07-31 15:52:24,886 INFO  [org.tes.uti.ImageNameSubstitutor] (main) Image name substitution will be performed by: DefaultImageNameSubstitutor (composite of 'ConfigurationFileImageNameSubstitutor' and 'PrefixingImageNameSubstitutor')
2025-07-31 15:52:24,896 INFO  [org.tes.DockerClientFactory] (main) Testcontainers version: 1.20.1
2025-07-31 15:52:25,398 INFO  [org.tes.doc.DockerClientProviderStrategy] (main) Found Docker environment with local Unix socket (unix:///var/run/docker.sock)
2025-07-31 15:52:25,407 INFO  [org.tes.DockerClientFactory] (main) Docker host IP address is localhost
2025-07-31 15:52:25,434 INFO  [org.tes.DockerClientFactory] (main) Connected to docker: 
  Server Version: 28.0.4
  API Version: 1.48
  Operating System: Ubuntu 22.04.5 LTS
  Total Memory: 7944 MB
2025-07-31 15:52:25,470 INFO  [tc.tes.8.1] (main) Pulling docker image: testcontainers/ryuk:0.8.1. Please be patient; this may take some time but only needs to be done once.
2025-07-31 15:52:26,448 INFO  [tc.tes.8.1] (docker-java-stream-1689030468) Starting to pull image
2025-07-31 15:52:26,466 INFO  [tc.tes.8.1] (docker-java-stream-1689030468) Pulling image layers:  0 pending,  0 downloaded,  0 extracted, (0 bytes/0 bytes)
2025-07-31 15:52:26,994 INFO  [tc.tes.8.1] (docker-java-stream-1689030468) Pulling image layers:  2 pending,  1 downloaded,  0 extracted, (317 KB/? MB)
2025-07-31 15:52:27,110 INFO  [tc.tes.8.1] (docker-java-stream-1689030468) Pulling image layers:  1 pending,  2 downloaded,  0 extracted, (2 MB/? MB)
2025-07-31 15:52:27,590 INFO  [tc.tes.8.1] (docker-java-stream-1689030468) Pulling image layers:  0 pending,  3 downloaded,  0 extracted, (5 MB/6 MB)
2025-07-31 15:52:27,711 INFO  [tc.tes.8.1] (docker-java-stream-1689030468) Pulling image layers:  0 pending,  3 downloaded,  1 extracted, (5 MB/6 MB)
2025-07-31 15:52:28,724 INFO  [tc.tes.8.1] (docker-java-stream-1689030468) Pulling image layers:  0 pending,  3 downloaded,  2 extracted, (5 MB/6 MB)
2025-07-31 15:52:28,792 INFO  [tc.tes.8.1] (docker-java-stream-1689030468) Pulling image layers:  0 pending,  3 downloaded,  3 extracted, (6 MB/6 MB)
2025-07-31 15:52:28,800 INFO  [tc.tes.8.1] (docker-java-stream-1689030468) Pull complete. 3 layers, pulled in 2s (downloaded 6 MB at 3 MB/s)
2025-07-31 15:52:28,800 INFO  [tc.tes.8.1] (main) Image testcontainers/ryuk:0.8.1 pull took PT3.328794694S
2025-07-31 15:52:28,820 INFO  [tc.tes.8.1] (main) Creating container for image: testcontainers/ryuk:0.8.1
2025-07-31 15:52:28,922 INFO  [tc.tes.8.1] (main) Container testcontainers/ryuk:0.8.1 is starting: 6c14c2eeac0d4c6501b7e97ef4d7c9a208e8c03ef26866e7766d0a0c9b80a728
2025-07-31 15:52:29,247 INFO  [tc.tes.8.1] (main) Container testcontainers/ryuk:0.8.1 started in PT0.427061087S
2025-07-31 15:52:29,253 INFO  [org.tes.uti.RyukResourceReaper] (main) Ryuk started - will monitor and terminate Testcontainers containers on JVM exit
2025-07-31 15:52:29,253 INFO  [org.tes.DockerClientFactory] (main) Checking the system...
2025-07-31 15:52:29,254 INFO  [org.tes.DockerClientFactory] (main) ✔︎ Docker server version should be at least 1.6.0
2025-07-31 15:52:29,257 INFO  [io.str.tes.con.KafkaVersionService] (main) Latest release of Kafka is:LogicalKafkaVersionEntity{version='3.7.1', image='quay.io/strimzi-test-container/test-container:0.107.0-kafka-3.7.1'}
2025-07-31 15:52:29,257 INFO  [io.str.tes.con.KafkaVersionService] (main) Latest release of Kafka is:LogicalKafkaVersionEntity{version='3.7.1', image='quay.io/strimzi-test-container/test-container:0.107.0-kafka-3.7.1'}
2025-07-31 15:52:29,257 INFO  [io.str.tes.con.KafkaVersionService] (main) No Kafka version specified. Using latest release: quay.io/strimzi-test-container/test-container:0.107.0-kafka-3.7.1
2025-07-31 15:52:29,260 INFO  [tc.qua.io/.107.0-k.7.1] (main) Pulling docker image: quay.io/strimzi-test-container/test-container:0.107.0-kafka-3.7.1. Please be patient; this may take some time but only needs to be done once.
2025-07-31 15:52:30,282 INFO  [tc.qua.io/.107.0-k.7.1] (docker-java-stream--720530420) Starting to pull image
2025-07-31 15:52:30,284 INFO  [tc.qua.io/.107.0-k.7.1] (docker-java-stream--720530420) Pulling image layers:  0 pending,  0 downloaded,  0 extracted, (0 bytes/0 bytes)
2025-07-31 15:52:30,813 INFO  [tc.qua.io/.107.0-k.7.1] (docker-java-stream--720530420) Pulling image layers:  4 pending,  1 downloaded,  0 extracted, (997 bytes/? MB)
2025-07-31 15:52:31,659 INFO  [tc.qua.io/.107.0-k.7.1] (docker-java-stream--720530420) Pulling image layers:  3 pending,  2 downloaded,  0 extracted, (72 MB/? MB)
2025-07-31 15:52:31,892 INFO  [tc.qua.io/.107.0-k.7.1] (docker-java-stream--720530420) Pulling image layers:  2 pending,  3 downloaded,  0 extracted, (93 MB/? MB)
2025-07-31 15:52:32,685 INFO  [tc.qua.io/.107.0-k.7.1] (docker-java-stream--720530420) Pulling image layers:  2 pending,  3 downloaded,  1 extracted, (168 MB/? MB)
2025-07-31 15:52:33,039 INFO  [tc.qua.io/.107.0-k.7.1] (docker-java-stream--720530420) Pulling image layers:  1 pending,  4 downloaded,  1 extracted, (192 MB/? MB)
2025-07-31 15:52:33,969 INFO  [tc.qua.io/.107.0-k.7.1] (docker-java-stream--720530420) Pulling image layers:  0 pending,  5 downloaded,  1 extracted, (228 MB/231 MB)
2025-07-31 15:52:37,067 INFO  [tc.qua.io/.107.0-k.7.1] (docker-java-stream--720530420) Pulling image layers:  0 pending,  5 downloaded,  2 extracted, (231 MB/231 MB)
2025-07-31 15:52:37,085 INFO  [tc.qua.io/.107.0-k.7.1] (docker-java-stream--720530420) Pulling image layers:  0 pending,  5 downloaded,  3 extracted, (231 MB/231 MB)
2025-07-31 15:52:38,122 INFO  [tc.qua.io/.107.0-k.7.1] (docker-java-stream--720530420) Pulling image layers:  0 pending,  5 downloaded,  4 extracted, (231 MB/231 MB)
2025-07-31 15:52:38,136 INFO  [tc.qua.io/.107.0-k.7.1] (docker-java-stream--720530420) Pulling image layers:  0 pending,  5 downloaded,  5 extracted, (231 MB/231 MB)
2025-07-31 15:52:38,142 INFO  [tc.qua.io/.107.0-k.7.1] (main) Image quay.io/strimzi-test-container/test-container:0.107.0-kafka-3.7.1 pull took PT8.881861608S
2025-07-31 15:52:38,144 INFO  [tc.qua.io/.107.0-k.7.1] (docker-java-stream--720530420) Pull complete. 5 layers, pulled in 7s (downloaded 231 MB at 33 MB/s)
2025-07-31 15:52:38,146 INFO  [tc.qua.io/.107.0-k.7.1] (main) Creating container for image: quay.io/strimzi-test-container/test-container:0.107.0-kafka-3.7.1
2025-07-31 15:52:38,226 INFO  [tc.qua.io/.107.0-k.7.1] (main) Container quay.io/strimzi-test-container/test-container:0.107.0-kafka-3.7.1 is starting: 6ec3b6d170c01c0eee26cf2f1689f07c5040d4aecd62b5f0a376ad97ea5f33b5
2025-07-31 15:52:38,433 INFO  [io.str.tes.con.StrimziKafkaContainer] (main) Mapped port: 32770
2025-07-31 15:52:38,433 INFO  [io.str.tes.con.StrimziKafkaContainer] (main) This is all advertised listeners for Kafka PLAINTEXT://localhost:32770,BROKER1://172.18.0.2:9093
2025-07-31 15:52:38,435 INFO  [io.str.tes.con.StrimziKafkaContainer] (main) Using internal ZooKeeper 'zookeeper.connect=localhost:2181.'
2025-07-31 15:52:38,436 INFO  [io.str.tes.con.StrimziKafkaContainer] (main) Copying command to 'STARTER_SCRIPT' script.
2025-07-31 15:52:42,545 INFO  [tc.qua.io/.107.0-k.7.1] (main) Container quay.io/strimzi-test-container/test-container:0.107.0-kafka-3.7.1 started in PT4.399070362S
2025-07-31 15:52:42,554 INFO  [io.api.tes.uti.TestSeparator] (main) ############################################################################
2025-07-31 15:52:42,554 INFO  [io.api.tes.uti.TestSeparator] (main) io.apicurio.tests.serdes.apicurio.AvroSerdeIT.testGlobalIdInHeaders-STARTED
2025-07-31 15:52:42,580 INFO  [org.apa.kaf.cli.adm.AdminClientConfig] (main) AdminClientConfig values: 
	auto.include.jmx.reporter = true
	bootstrap.controllers = []
	bootstrap.servers = [PLAINTEXT://localhost:32770]
	client.dns.lookup = use_all_dns_ips
	client.id = 
	connections.max.idle.ms = 10000
	default.api.timeout.ms = 60000
	enable.metrics.push = true
	metadata.max.age.ms = 300000
	metadata.recovery.strategy = none
	metric.reporters = []
	metrics.num.samples = 2
	metrics.recording.level = INFO
	metrics.sample.window.ms = 30000
	receive.buffer.bytes = 65536
	reconnect.backoff.max.ms = 1000
	reconnect.backoff.ms = 50
	request.timeout.ms = 5000
	retries = 2147483647
	retry.backoff.max.ms = 1000
	retry.backoff.ms = 100
	sasl.client.callback.handler.class = null
	sasl.jaas.config = null
	sasl.kerberos.kinit.cmd = /usr/bin/kinit
	sasl.kerberos.min.time.before.relogin = 60000
	sasl.kerberos.service.name = null
	sasl.kerberos.ticket.renew.jitter = 0.05
	sasl.kerberos.ticket.renew.window.factor = 0.8
	sasl.login.callback.handler.class = null
	sasl.login.class = null
	sasl.login.connect.timeout.ms = null
	sasl.login.read.timeout.ms = null
	sasl.login.refresh.buffer.seconds = 300
	sasl.login.refresh.min.period.seconds = 60
	sasl.login.refresh.window.factor = 0.8
	sasl.login.refresh.window.jitter = 0.05
	sasl.login.retry.backoff.max.ms = 10000
	sasl.login.retry.backoff.ms = 100
	sasl.mechanism = GSSAPI
	sasl.oauthbearer.clock.skew.seconds = 30
	sasl.oauthbearer.expected.audience = null
	sasl.oauthbearer.expected.issuer = null
	sasl.oauthbearer.header.urlencode = false
	sasl.oauthbearer.jwks.endpoint.refresh.ms = 3600000
	sasl.oauthbearer.jwks.endpoint.retry.backoff.max.ms = 10000
	sasl.oauthbearer.jwks.endpoint.retry.backoff.ms = 100
	sasl.oauthbearer.jwks.endpoint.url = null
	sasl.oauthbearer.scope.claim.name = scope
	sasl.oauthbearer.sub.claim.name = sub
	sasl.oauthbearer.token.endpoint.url = null
	security.protocol = PLAINTEXT
	security.providers = null
	send.buffer.bytes = 131072
	socket.connection.setup.timeout.max.ms = 30000
	socket.connection.setup.timeout.ms = 10000
	ssl.cipher.suites = null
	ssl.enabled.protocols = [TLSv1.2, TLSv1.3]
	ssl.endpoint.identification.algorithm = https
	ssl.engine.factory.class = null
	ssl.key.password = null
	ssl.keymanager.algorithm = SunX509
	ssl.keystore.certificate.chain = null
	ssl.keystore.key = null
	ssl.keystore.location = null
	ssl.keystore.password = null
	ssl.keystore.type = JKS
	ssl.protocol = TLSv1.3
	ssl.provider = null
	ssl.secure.random.implementation = null
	ssl.trustmanager.algorithm = PKIX
	ssl.truststore.certificates = null
	ssl.truststore.location = null
	ssl.truststore.password = null
	ssl.truststore.type = JKS

2025-07-31 15:52:43,000 INFO  [org.apa.kaf.com.uti.AppInfoParser] (main) Kafka version: 3.9.0
2025-07-31 15:52:43,000 INFO  [org.apa.kaf.com.uti.AppInfoParser] (main) Kafka commitId: 84caaa6e9da06435
2025-07-31 15:52:43,000 INFO  [org.apa.kaf.com.uti.AppInfoParser] (main) Kafka startTimeMs: 1753977162998
2025-07-31 15:52:43,084 INFO  [org.apa.kaf.cli.pro.ProducerConfig] (main) ProducerConfig values: 
	acks = -1
	auto.include.jmx.reporter = true
	batch.size = 16384
	bootstrap.servers = [PLAINTEXT://localhost:32770]
	buffer.memory = 33554432
	client.dns.lookup = use_all_dns_ips
	client.id = Producer-topic-865d6677_3cf9_4b56_8232_91f2d32d74a2
	compression.gzip.level = -1
	compression.lz4.level = 9
	compression.type = none
	compression.zstd.level = 3
	connections.max.idle.ms = 10000
	delivery.timeout.ms = 120000
	enable.idempotence = true
	enable.metrics.push = true
	interceptor.classes = []
	key.serializer = class org.apache.kafka.common.serialization.StringSerializer
	linger.ms = 0
	max.block.ms = 60000
	max.in.flight.requests.per.connection = 5
	max.request.size = 1048576
	metadata.max.age.ms = 300000
	metadata.max.idle.ms = 300000
	metadata.recovery.strategy = none
	metric.reporters = []
	metrics.num.samples = 2
	metrics.recording.level = INFO
	metrics.sample.window.ms = 30000
	partitioner.adaptive.partitioning.enable = true
	partitioner.availability.timeout.ms = 0
	partitioner.class = null
	partitioner.ignore.keys = false
	receive.buffer.bytes = 32768
	reconnect.backoff.max.ms = 1000
	reconnect.backoff.ms = 50
	request.timeout.ms = 5000
	retries = 2147483647
	retry.backoff.max.ms = 1000
	retry.backoff.ms = 100
	sasl.client.callback.handler.class = null
	sasl.jaas.config = null
	sasl.kerberos.kinit.cmd = /usr/bin/kinit
	sasl.kerberos.min.time.before.relogin = 60000
	sasl.kerberos.service.name = null
	sasl.kerberos.ticket.renew.jitter = 0.05
	sasl.kerberos.ticket.renew.window.factor = 0.8
	sasl.login.callback.handler.class = null
	sasl.login.class = null
	sasl.login.connect.timeout.ms = null
	sasl.login.read.timeout.ms = null
	sasl.login.refresh.buffer.seconds = 300
	sasl.login.refresh.min.period.seconds = 60
	sasl.login.refresh.window.factor = 0.8
	sasl.login.refresh.window.jitter = 0.05
	sasl.login.retry.backoff.max.ms = 10000
	sasl.login.retry.backoff.ms = 100
	sasl.mechanism = GSSAPI
	sasl.oauthbearer.clock.skew.seconds = 30
	sasl.oauthbearer.expected.audience = null
	sasl.oauthbearer.expected.issuer = null
	sasl.oauthbearer.header.urlencode = false
	sasl.oauthbearer.jwks.endpoint.refresh.ms = 3600000
	sasl.oauthbearer.jwks.endpoint.retry.backoff.max.ms = 10000
	sasl.oauthbearer.jwks.endpoint.retry.backoff.ms = 100
	sasl.oauthbearer.jwks.endpoint.url = null
	sasl.oauthbearer.scope.claim.name = scope
	sasl.oauthbearer.sub.claim.name = sub
	sasl.oauthbearer.token.endpoint.url = null
	security.protocol = PLAINTEXT
	security.providers = null
	send.buffer.bytes = 131072
	socket.connection.setup.timeout.max.ms = 30000
	socket.connection.setup.timeout.ms = 10000
	ssl.cipher.suites = null
	ssl.enabled.protocols = [TLSv1.2, TLSv1.3]
	ssl.endpoint.identification.algorithm = https
	ssl.engine.factory.class = null
	ssl.key.password = null
	ssl.keymanager.algorithm = SunX509
	ssl.keystore.certificate.chain = null
	ssl.keystore.key = null
	ssl.keystore.location = null
	ssl.keystore.password = null
	ssl.keystore.type = JKS
	ssl.protocol = TLSv1.3
	ssl.provider = null
	ssl.secure.random.implementation = null
	ssl.trustmanager.algorithm = PKIX
	ssl.truststore.certificates = null
	ssl.truststore.location = null
	ssl.truststore.password = null
	ssl.truststore.type = JKS
	transaction.timeout.ms = 60000
	transactional.id = null
	value.serializer = class io.apicurio.registry.serde.avro.AvroKafkaSerializer

2025-07-31 15:52:43,135 INFO  [org.apa.kaf.com.tel.int.KafkaMetricsCollector] (main) initializing Kafka metrics collector
2025-07-31 15:52:43,182 INFO  [org.apa.kaf.cli.pro.KafkaProducer] (main) [Producer clientId=Producer-topic-865d6677_3cf9_4b56_8232_91f2d32d74a2] Instantiated an idempotent producer.
2025-07-31 15:52:43,266 INFO  [org.apa.kaf.cli.pro.ProducerConfig] (main) These configurations '[apicurio.registry.url, apicurio.registry.auto-register, apicurio.registry.use-id, apicurio.registry.artifact-resolver-strategy]' were supplied but are not used yet.
2025-07-31 15:52:43,267 INFO  [org.apa.kaf.com.uti.AppInfoParser] (main) Kafka version: 3.9.0
2025-07-31 15:52:43,267 INFO  [org.apa.kaf.com.uti.AppInfoParser] (main) Kafka commitId: 84caaa6e9da06435
2025-07-31 15:52:43,267 INFO  [org.apa.kaf.com.uti.AppInfoParser] (main) Kafka startTimeMs: 1753977163267
2025-07-31 15:52:43,267 INFO  [io.api.tes.ser.api.SimpleSerdesTesterBuilder$SimpleSerdesTester] (main) Using producer configuration: {apicurio.registry.url=http://registry-app-kafkasql.apps.ci419.apicurio-testing.org:80/apis/registry/v3, apicurio.registry.auto-register=true, apicurio.registry.use-id=globalId, apicurio.registry.artifact-resolver-strategy=io.apicurio.registry.serde.strategy.TopicIdStrategy, value.serializer=io.apicurio.registry.serde.avro.AvroKafkaSerializer, request.timeout.ms=5000, acks=all, bootstrap.servers=PLAINTEXT://localhost:32770, connections.max.idle.ms=10000, key.serializer=org.apache.kafka.common.serialization.StringSerializer, client.id=Producer-topic-865d6677_3cf9_4b56_8232_91f2d32d74a2}
2025-07-31 15:52:43,268 INFO  [io.api.tes.ser.api.SimpleSerdesTesterBuilder$SimpleSerdesTester] (main) Using consumer configuration: {apicurio.registry.use-id=globalId}
2025-07-31 15:52:43,286 INFO  [io.api.tes.ser.api.KafkaSerdesTester] (Thread-120) Sending message {"key11753977163033": "value-0"} to topic topic-865d6677_3cf9_4b56_8232_91f2d32d74a2
2025-07-31 15:52:43,741 WARN  [org.apa.kaf.cli.NetworkClient] (kafka-producer-network-thread | Producer-topic-865d6677_3cf9_4b56_8232_91f2d32d74a2) [Producer clientId=Producer-topic-865d6677_3cf9_4b56_8232_91f2d32d74a2] The metadata response from the cluster reported a recoverable issue with correlation id 2 : {topic-865d6677_3cf9_4b56_8232_91f2d32d74a2=LEADER_NOT_AVAILABLE}
2025-07-31 15:52:43,742 INFO  [org.apa.kaf.cli.Metadata] (kafka-producer-network-thread | Producer-topic-865d6677_3cf9_4b56_8232_91f2d32d74a2) [Producer clientId=Producer-topic-865d6677_3cf9_4b56_8232_91f2d32d74a2] Cluster ID: k5QcScx1TGu5ZEx470RFLw
2025-07-31 15:52:43,909 INFO  [org.apa.kaf.cli.pro.int.TransactionManager] (kafka-producer-network-thread | Producer-topic-865d6677_3cf9_4b56_8232_91f2d32d74a2) [Producer clientId=Producer-topic-865d6677_3cf9_4b56_8232_91f2d32d74a2] ProducerId set to 0 with epoch 0
2025-07-31 15:52:43,919 WARN  [org.apa.kaf.cli.NetworkClient] (kafka-producer-network-thread | Producer-topic-865d6677_3cf9_4b56_8232_91f2d32d74a2) [Producer clientId=Producer-topic-865d6677_3cf9_4b56_8232_91f2d32d74a2] The metadata response from the cluster reported a recoverable issue with correlation id 8 : {topic-865d6677_3cf9_4b56_8232_91f2d32d74a2=LEADER_NOT_AVAILABLE}
2025-07-31 15:52:44,426 INFO  [io.api.tes.ser.api.KafkaSerdesTester] (Thread-120) Sending message {"key11753977163033": "value-1"} to topic topic-865d6677_3cf9_4b56_8232_91f2d32d74a2
2025-07-31 15:52:44,434 INFO  [io.api.tes.ser.api.KafkaSerdesTester] (Thread-120) Sending message {"key11753977163033": "value-2"} to topic topic-865d6677_3cf9_4b56_8232_91f2d32d74a2
2025-07-31 15:52:44,439 INFO  [io.api.tes.ser.api.KafkaSerdesTester] (Thread-120) Sending message {"key11753977163033": "value-3"} to topic topic-865d6677_3cf9_4b56_8232_91f2d32d74a2
2025-07-31 15:52:44,445 INFO  [io.api.tes.ser.api.KafkaSerdesTester] (Thread-120) Sending message {"key11753977163033": "value-4"} to topic topic-865d6677_3cf9_4b56_8232_91f2d32d74a2
2025-07-31 15:52:44,451 INFO  [io.api.tes.ser.api.KafkaSerdesTester] (Thread-120) Sending message {"key11753977163033": "value-5"} to topic topic-865d6677_3cf9_4b56_8232_91f2d32d74a2
2025-07-31 15:52:44,459 INFO  [io.api.tes.ser.api.KafkaSerdesTester] (Thread-120) Sending message {"key11753977163033": "value-6"} to topic topic-865d6677_3cf9_4b56_8232_91f2d32d74a2
2025-07-31 15:52:44,463 INFO  [io.api.tes.ser.api.KafkaSerdesTester] (Thread-120) Sending message {"key11753977163033": "value-7"} to topic topic-865d6677_3cf9_4b56_8232_91f2d32d74a2
2025-07-31 15:52:44,468 INFO  [io.api.tes.ser.api.KafkaSerdesTester] (Thread-120) Sending message {"key11753977163033": "value-8"} to topic topic-865d6677_3cf9_4b56_8232_91f2d32d74a2
2025-07-31 15:52:44,472 INFO  [io.api.tes.ser.api.KafkaSerdesTester] (Thread-120) Sending message {"key11753977163033": "value-9"} to topic topic-865d6677_3cf9_4b56_8232_91f2d32d74a2
2025-07-31 15:52:44,477 INFO  [io.api.tes.ser.api.KafkaSerdesTester] (Thread-120) Produced 10 messages
2025-07-31 15:52:44,478 INFO  [org.apa.kaf.cli.pro.KafkaProducer] (Thread-120) [Producer clientId=Producer-topic-865d6677_3cf9_4b56_8232_91f2d32d74a2] Closing the Kafka producer with timeoutMillis = 9223372036854775807 ms.
2025-07-31 15:52:44,504 INFO  [org.apa.kaf.com.met.Metrics] (Thread-120) Metrics scheduler closed
2025-07-31 15:52:44,504 INFO  [org.apa.kaf.com.met.Metrics] (Thread-120) Closing reporter org.apache.kafka.common.metrics.JmxReporter
2025-07-31 15:52:44,504 INFO  [org.apa.kaf.com.met.Metrics] (Thread-120) Closing reporter org.apache.kafka.common.telemetry.internals.ClientTelemetryReporter
2025-07-31 15:52:44,504 INFO  [org.apa.kaf.com.met.Metrics] (Thread-120) Metrics reporters closed
2025-07-31 15:52:44,505 INFO  [org.apa.kaf.com.uti.AppInfoParser] (Thread-120) App info kafka.producer for Producer-topic-865d6677_3cf9_4b56_8232_91f2d32d74a2 unregistered
2025-07-31 15:52:44,704 INFO  [org.apa.kaf.cli.con.ConsumerConfig] (main) ConsumerConfig values: 
	allow.auto.create.topics = true
	auto.commit.interval.ms = 500
	auto.include.jmx.reporter = true
	auto.offset.reset = earliest
	bootstrap.servers = [PLAINTEXT://localhost:32770]
	check.crcs = true
	client.dns.lookup = use_all_dns_ips
	client.id = consumer-Consumer-topic-865d6677_3cf9_4b56_8232_91f2d32d74a2-1
	client.rack = 
	connections.max.idle.ms = 10000
	default.api.timeout.ms = 60000
	enable.auto.commit = true
	enable.metrics.push = true
	exclude.internal.topics = true
	fetch.max.bytes = 52428800
	fetch.max.wait.ms = 500
	fetch.min.bytes = 1
	group.id = Consumer-topic-865d6677_3cf9_4b56_8232_91f2d32d74a2
	group.instance.id = null
	group.protocol = classic
	group.remote.assignor = null
	heartbeat.interval.ms = 3000
	interceptor.classes = []
	internal.leave.group.on.close = true
	internal.throw.on.fetch.stable.offset.unsupported = false
	isolation.level = read_uncommitted
	key.deserializer = class org.apache.kafka.common.serialization.StringDeserializer
	max.partition.fetch.bytes = 1048576
	max.poll.interval.ms = 300000
	max.poll.records = 500
	metadata.max.age.ms = 300000
	metadata.recovery.strategy = none
	metric.reporters = []
	metrics.num.samples = 2
	metrics.recording.level = INFO
	metrics.sample.window.ms = 30000
	partition.assignment.strategy = [class org.apache.kafka.clients.consumer.RangeAssignor, class org.apache.kafka.clients.consumer.CooperativeStickyAssignor]
	receive.buffer.bytes = 65536
	reconnect.backoff.max.ms = 1000
	reconnect.backoff.ms = 50
	request.timeout.ms = 5000
	retry.backoff.max.ms = 1000
	retry.backoff.ms = 100
	sasl.client.callback.handler.class = null
	sasl.jaas.config = null
	sasl.kerberos.kinit.cmd = /usr/bin/kinit
	sasl.kerberos.min.time.before.relogin = 60000
	sasl.kerberos.service.name = null
	sasl.kerberos.ticket.renew.jitter = 0.05
	sasl.kerberos.ticket.renew.window.factor = 0.8
	sasl.login.callback.handler.class = null
	sasl.login.class = null
	sasl.login.connect.timeout.ms = null
	sasl.login.read.timeout.ms = null
	sasl.login.refresh.buffer.seconds = 300
	sasl.login.refresh.min.period.seconds = 60
	sasl.login.refresh.window.factor = 0.8
	sasl.login.refresh.window.jitter = 0.05
	sasl.login.retry.backoff.max.ms = 10000
	sasl.login.retry.backoff.ms = 100
	sasl.mechanism = GSSAPI
	sasl.oauthbearer.clock.skew.seconds = 30
	sasl.oauthbearer.expected.audience = null
	sasl.oauthbearer.expected.issuer = null
	sasl.oauthbearer.header.urlencode = false
	sasl.oauthbearer.jwks.endpoint.refresh.ms = 3600000
	sasl.oauthbearer.jwks.endpoint.retry.backoff.max.ms = 10000
	sasl.oauthbearer.jwks.endpoint.retry.backoff.ms = 100
	sasl.oauthbearer.jwks.endpoint.url = null
	sasl.oauthbearer.scope.claim.name = scope
	sasl.oauthbearer.sub.claim.name = sub
	sasl.oauthbearer.token.endpoint.url = null
	security.protocol = PLAINTEXT
	security.providers = null
	send.buffer.bytes = 131072
	session.timeout.ms = 45000
	socket.connection.setup.timeout.max.ms = 30000
	socket.connection.setup.timeout.ms = 10000
	ssl.cipher.suites = null
	ssl.enabled.protocols = [TLSv1.2, TLSv1.3]
	ssl.endpoint.identification.algorithm = https
	ssl.engine.factory.class = null
	ssl.key.password = null
	ssl.keymanager.algorithm = SunX509
	ssl.keystore.certificate.chain = null
	ssl.keystore.key = null
	ssl.keystore.location = null
	ssl.keystore.password = null
	ssl.keystore.type = JKS
	ssl.protocol = TLSv1.3
	ssl.provider = null
	ssl.secure.random.implementation = null
	ssl.trustmanager.algorithm = PKIX
	ssl.truststore.certificates = null
	ssl.truststore.location = null
	ssl.truststore.password = null
	ssl.truststore.type = JKS
	value.deserializer = class io.apicurio.registry.serde.avro.AvroKafkaDeserializer

2025-07-31 15:52:44,713 INFO  [org.apa.kaf.com.tel.int.KafkaMetricsCollector] (main) initializing Kafka metrics collector
2025-07-31 15:52:44,757 INFO  [org.apa.kaf.cli.con.ConsumerConfig] (main) These configurations '[apicurio.registry.url, apicurio.registry.use-id]' were supplied but are not used yet.
2025-07-31 15:52:44,757 INFO  [org.apa.kaf.com.uti.AppInfoParser] (main) Kafka version: 3.9.0
2025-07-31 15:52:44,757 INFO  [org.apa.kaf.com.uti.AppInfoParser] (main) Kafka commitId: 84caaa6e9da06435
2025-07-31 15:52:44,757 INFO  [org.apa.kaf.com.uti.AppInfoParser] (main) Kafka startTimeMs: 1753977164757
2025-07-31 15:52:44,759 INFO  [org.apa.kaf.cli.con.int.ClassicKafkaConsumer] (Thread-123) [Consumer clientId=consumer-Consumer-topic-865d6677_3cf9_4b56_8232_91f2d32d74a2-1, groupId=Consumer-topic-865d6677_3cf9_4b56_8232_91f2d32d74a2] Subscribed to topic(s): topic-865d6677_3cf9_4b56_8232_91f2d32d74a2
2025-07-31 15:52:44,776 INFO  [org.apa.kaf.cli.Metadata] (Thread-123) [Consumer clientId=consumer-Consumer-topic-865d6677_3cf9_4b56_8232_91f2d32d74a2-1, groupId=Consumer-topic-865d6677_3cf9_4b56_8232_91f2d32d74a2] Cluster ID: k5QcScx1TGu5ZEx470RFLw
2025-07-31 15:52:45,763 INFO  [io.api.tes.ser.api.KafkaSerdesTester] (Thread-123) None found
2025-07-31 15:52:45,769 INFO  [org.apa.kaf.cli.con.int.ConsumerCoordinator] (Thread-123) [Consumer clientId=consumer-Consumer-topic-865d6677_3cf9_4b56_8232_91f2d32d74a2-1, groupId=Consumer-topic-865d6677_3cf9_4b56_8232_91f2d32d74a2] Discovered group coordinator localhost:32770 (id: 2147483647 rack: null)
2025-07-31 15:52:45,776 INFO  [org.apa.kaf.cli.con.int.ConsumerCoordinator] (Thread-123) [Consumer clientId=consumer-Consumer-topic-865d6677_3cf9_4b56_8232_91f2d32d74a2-1, groupId=Consumer-topic-865d6677_3cf9_4b56_8232_91f2d32d74a2] (Re-)joining group
2025-07-31 15:52:45,802 INFO  [org.apa.kaf.cli.con.int.ConsumerCoordinator] (Thread-123) [Consumer clientId=consumer-Consumer-topic-865d6677_3cf9_4b56_8232_91f2d32d74a2-1, groupId=Consumer-topic-865d6677_3cf9_4b56_8232_91f2d32d74a2] Request joining group due to: need to re-join with the given member-id: consumer-Consumer-topic-865d6677_3cf9_4b56_8232_91f2d32d74a2-1-02c0c396-921a-4a57-9424-55536dbe1eee
2025-07-31 15:52:45,803 INFO  [org.apa.kaf.cli.con.int.ConsumerCoordinator] (Thread-123) [Consumer clientId=consumer-Consumer-topic-865d6677_3cf9_4b56_8232_91f2d32d74a2-1, groupId=Consumer-topic-865d6677_3cf9_4b56_8232_91f2d32d74a2] (Re-)joining group
2025-07-31 15:52:45,832 INFO  [org.apa.kaf.cli.con.int.ConsumerCoordinator] (Thread-123) [Consumer clientId=consumer-Consumer-topic-865d6677_3cf9_4b56_8232_91f2d32d74a2-1, groupId=Consumer-topic-865d6677_3cf9_4b56_8232_91f2d32d74a2] Successfully joined group with generation Generation{generationId=1, memberId='consumer-Consumer-topic-865d6677_3cf9_4b56_8232_91f2d32d74a2-1-02c0c396-921a-4a57-9424-55536dbe1eee', protocol='range'}
2025-07-31 15:52:45,942 INFO  [org.apa.kaf.cli.con.int.ConsumerCoordinator] (Thread-123) [Consumer clientId=consumer-Consumer-topic-865d6677_3cf9_4b56_8232_91f2d32d74a2-1, groupId=Consumer-topic-865d6677_3cf9_4b56_8232_91f2d32d74a2] Finished assignment for group at generation 1: {consumer-Consumer-topic-865d6677_3cf9_4b56_8232_91f2d32d74a2-1-02c0c396-921a-4a57-9424-55536dbe1eee=Assignment(partitions=[topic-865d6677_3cf9_4b56_8232_91f2d32d74a2-0])}
2025-07-31 15:52:45,965 INFO  [org.apa.kaf.cli.con.int.ConsumerCoordinator] (Thread-123) [Consumer clientId=consumer-Consumer-topic-865d6677_3cf9_4b56_8232_91f2d32d74a2-1, groupId=Consumer-topic-865d6677_3cf9_4b56_8232_91f2d32d74a2] Successfully synced group in generation Generation{generationId=1, memberId='consumer-Consumer-topic-865d6677_3cf9_4b56_8232_91f2d32d74a2-1-02c0c396-921a-4a57-9424-55536dbe1eee', protocol='range'}
2025-07-31 15:52:45,966 INFO  [org.apa.kaf.cli.con.int.ConsumerCoordinator] (Thread-123) [Consumer clientId=consumer-Consumer-topic-865d6677_3cf9_4b56_8232_91f2d32d74a2-1, groupId=Consumer-topic-865d6677_3cf9_4b56_8232_91f2d32d74a2] Notifying assignor about the new Assignment(partitions=[topic-865d6677_3cf9_4b56_8232_91f2d32d74a2-0])
2025-07-31 15:52:45,969 INFO  [org.apa.kaf.cli.con.int.ConsumerRebalanceListenerInvoker] (Thread-123) [Consumer clientId=consumer-Consumer-topic-865d6677_3cf9_4b56_8232_91f2d32d74a2-1, groupId=Consumer-topic-865d6677_3cf9_4b56_8232_91f2d32d74a2] Adding newly assigned partitions: topic-865d6677_3cf9_4b56_8232_91f2d32d74a2-0
2025-07-31 15:52:45,985 INFO  [org.apa.kaf.cli.con.int.ConsumerCoordinator] (Thread-123) [Consumer clientId=consumer-Consumer-topic-865d6677_3cf9_4b56_8232_91f2d32d74a2-1, groupId=Consumer-topic-865d6677_3cf9_4b56_8232_91f2d32d74a2] Found no committed offset for partition topic-865d6677_3cf9_4b56_8232_91f2d32d74a2-0
2025-07-31 15:52:46,007 INFO  [org.apa.kaf.cli.con.int.SubscriptionState] (Thread-123) [Consumer clientId=consumer-Consumer-topic-865d6677_3cf9_4b56_8232_91f2d32d74a2-1, groupId=Consumer-topic-865d6677_3cf9_4b56_8232_91f2d32d74a2] Resetting offset for partition topic-865d6677_3cf9_4b56_8232_91f2d32d74a2-0 to position FetchPosition{offset=0, offsetEpoch=Optional.empty, currentLeader=LeaderAndEpoch{leader=Optional[localhost:32770 (id: 0 rack: null)], epoch=0}}.
2025-07-31 15:52:46,259 INFO  [io.api.tes.ser.api.KafkaSerdesTester] (Thread-123) topic-865d6677_3cf9_4b56_8232_91f2d32d74a2 0 0 {"key11753977163033": "value-0"}
2025-07-31 15:52:46,259 INFO  [io.api.tes.ser.api.KafkaSerdesTester] (Thread-123) topic-865d6677_3cf9_4b56_8232_91f2d32d74a2 0 1 {"key11753977163033": "value-1"}
2025-07-31 15:52:46,259 INFO  [io.api.tes.ser.api.KafkaSerdesTester] (Thread-123) topic-865d6677_3cf9_4b56_8232_91f2d32d74a2 0 2 {"key11753977163033": "value-2"}
2025-07-31 15:52:46,259 INFO  [io.api.tes.ser.api.KafkaSerdesTester] (Thread-123) topic-865d6677_3cf9_4b56_8232_91f2d32d74a2 0 3 {"key11753977163033": "value-3"}
2025-07-31 15:52:46,259 INFO  [io.api.tes.ser.api.KafkaSerdesTester] (Thread-123) topic-865d6677_3cf9_4b56_8232_91f2d32d74a2 0 4 {"key11753977163033": "value-4"}
2025-07-31 15:52:46,259 INFO  [io.api.tes.ser.api.KafkaSerdesTester] (Thread-123) topic-865d6677_3cf9_4b56_8232_91f2d32d74a2 0 5 {"key11753977163033": "value-5"}
2025-07-31 15:52:46,259 INFO  [io.api.tes.ser.api.KafkaSerdesTester] (Thread-123) topic-865d6677_3cf9_4b56_8232_91f2d32d74a2 0 6 {"key11753977163033": "value-6"}
2025-07-31 15:52:46,259 INFO  [io.api.tes.ser.api.KafkaSerdesTester] (Thread-123) topic-865d6677_3cf9_4b56_8232_91f2d32d74a2 0 7 {"key11753977163033": "value-7"}
2025-07-31 15:52:46,260 INFO  [io.api.tes.ser.api.KafkaSerdesTester] (Thread-123) topic-865d6677_3cf9_4b56_8232_91f2d32d74a2 0 8 {"key11753977163033": "value-8"}
2025-07-31 15:52:46,260 INFO  [io.api.tes.ser.api.KafkaSerdesTester] (Thread-123) topic-865d6677_3cf9_4b56_8232_91f2d32d74a2 0 9 {"key11753977163033": "value-9"}
2025-07-31 15:52:46,260 INFO  [io.api.tes.ser.api.KafkaSerdesTester] (Thread-123) Consumed 10 messages
2025-07-31 15:52:46,288 INFO  [org.apa.kaf.cli.con.int.ConsumerRebalanceListenerInvoker] (Thread-123) [Consumer clientId=consumer-Consumer-topic-865d6677_3cf9_4b56_8232_91f2d32d74a2-1, groupId=Consumer-topic-865d6677_3cf9_4b56_8232_91f2d32d74a2] Revoke previously assigned partitions topic-865d6677_3cf9_4b56_8232_91f2d32d74a2-0
2025-07-31 15:52:46,288 INFO  [org.apa.kaf.cli.con.int.ConsumerCoordinator] (Thread-123) [Consumer clientId=consumer-Consumer-topic-865d6677_3cf9_4b56_8232_91f2d32d74a2-1, groupId=Consumer-topic-865d6677_3cf9_4b56_8232_91f2d32d74a2] Member consumer-Consumer-topic-865d6677_3cf9_4b56_8232_91f2d32d74a2-1-02c0c396-921a-4a57-9424-55536dbe1eee sending LeaveGroup request to coordinator localhost:32770 (id: 2147483647 rack: null) due to the consumer is being closed
2025-07-31 15:52:46,289 INFO  [org.apa.kaf.cli.con.int.ConsumerCoordinator] (Thread-123) [Consumer clientId=consumer-Consumer-topic-865d6677_3cf9_4b56_8232_91f2d32d74a2-1, groupId=Consumer-topic-865d6677_3cf9_4b56_8232_91f2d32d74a2] Resetting generation and member id due to: consumer pro-actively leaving the group
2025-07-31 15:52:46,289 INFO  [org.apa.kaf.cli.con.int.ConsumerCoordinator] (Thread-123) [Consumer clientId=consumer-Consumer-topic-865d6677_3cf9_4b56_8232_91f2d32d74a2-1, groupId=Consumer-topic-865d6677_3cf9_4b56_8232_91f2d32d74a2] Request joining group due to: consumer pro-actively leaving the group
2025-07-31 15:52:46,785 INFO  [org.apa.kaf.com.met.Metrics] (Thread-123) Metrics scheduler closed
2025-07-31 15:52:46,786 INFO  [org.apa.kaf.com.met.Metrics] (Thread-123) Closing reporter org.apache.kafka.common.metrics.JmxReporter
2025-07-31 15:52:46,786 INFO  [org.apa.kaf.com.met.Metrics] (Thread-123) Closing reporter org.apache.kafka.common.telemetry.internals.ClientTelemetryReporter
2025-07-31 15:52:46,787 INFO  [org.apa.kaf.com.met.Metrics] (Thread-123) Metrics reporters closed
2025-07-31 15:52:46,797 INFO  [org.apa.kaf.com.uti.AppInfoParser] (Thread-123) App info kafka.consumer for consumer-Consumer-topic-865d6677_3cf9_4b56_8232_91f2d32d74a2-1 unregistered
2025-07-31 15:52:46,799 INFO  [io.api.tes.uti.TestSeparator] (main) io.apicurio.tests.serdes.apicurio.AvroSerdeIT.testGlobalIdInHeaders-FINISHED
2025-07-31 15:52:46,799 INFO  [io.api.tes.uti.TestSeparator] (main) ############################################################################
]]></system-out>
  </testcase>
  <testcase name="testSimpleTopicIdStrategyFindLatest" classname="io.apicurio.tests.serdes.apicurio.AvroSerdeIT" time="2.276">
    <system-out><![CDATA[2025-07-31 15:52:46,803 INFO  [io.api.tes.uti.TestSeparator] (main) ############################################################################
2025-07-31 15:52:46,803 INFO  [io.api.tes.uti.TestSeparator] (main) io.apicurio.tests.serdes.apicurio.AvroSerdeIT.testSimpleTopicIdStrategyFindLatest-STARTED
2025-07-31 15:52:46,804 INFO  [io.api.tes.ser.api.AvroSerdeIT] (main) Registering Avro Schema: {"type":"record","name":"myrecordapicurio1","fields":[{"name":"key11753977166803","type":"string"}]}
2025-07-31 15:52:47,980 INFO  [org.apa.kaf.cli.pro.ProducerConfig] (main) ProducerConfig values: 
	acks = -1
	auto.include.jmx.reporter = true
	batch.size = 16384
	bootstrap.servers = [PLAINTEXT://localhost:32770]
	buffer.memory = 33554432
	client.dns.lookup = use_all_dns_ips
	client.id = Producer-topic-d7df58e2_8fe0_493d_9803_c56bc418bca9
	compression.gzip.level = -1
	compression.lz4.level = 9
	compression.type = none
	compression.zstd.level = 3
	connections.max.idle.ms = 10000
	delivery.timeout.ms = 120000
	enable.idempotence = true
	enable.metrics.push = true
	interceptor.classes = []
	key.serializer = class org.apache.kafka.common.serialization.StringSerializer
	linger.ms = 0
	max.block.ms = 60000
	max.in.flight.requests.per.connection = 5
	max.request.size = 1048576
	metadata.max.age.ms = 300000
	metadata.max.idle.ms = 300000
	metadata.recovery.strategy = none
	metric.reporters = []
	metrics.num.samples = 2
	metrics.recording.level = INFO
	metrics.sample.window.ms = 30000
	partitioner.adaptive.partitioning.enable = true
	partitioner.availability.timeout.ms = 0
	partitioner.class = null
	partitioner.ignore.keys = false
	receive.buffer.bytes = 32768
	reconnect.backoff.max.ms = 1000
	reconnect.backoff.ms = 50
	request.timeout.ms = 5000
	retries = 2147483647
	retry.backoff.max.ms = 1000
	retry.backoff.ms = 100
	sasl.client.callback.handler.class = null
	sasl.jaas.config = null
	sasl.kerberos.kinit.cmd = /usr/bin/kinit
	sasl.kerberos.min.time.before.relogin = 60000
	sasl.kerberos.service.name = null
	sasl.kerberos.ticket.renew.jitter = 0.05
	sasl.kerberos.ticket.renew.window.factor = 0.8
	sasl.login.callback.handler.class = null
	sasl.login.class = null
	sasl.login.connect.timeout.ms = null
	sasl.login.read.timeout.ms = null
	sasl.login.refresh.buffer.seconds = 300
	sasl.login.refresh.min.period.seconds = 60
	sasl.login.refresh.window.factor = 0.8
	sasl.login.refresh.window.jitter = 0.05
	sasl.login.retry.backoff.max.ms = 10000
	sasl.login.retry.backoff.ms = 100
	sasl.mechanism = GSSAPI
	sasl.oauthbearer.clock.skew.seconds = 30
	sasl.oauthbearer.expected.audience = null
	sasl.oauthbearer.expected.issuer = null
	sasl.oauthbearer.header.urlencode = false
	sasl.oauthbearer.jwks.endpoint.refresh.ms = 3600000
	sasl.oauthbearer.jwks.endpoint.retry.backoff.max.ms = 10000
	sasl.oauthbearer.jwks.endpoint.retry.backoff.ms = 100
	sasl.oauthbearer.jwks.endpoint.url = null
	sasl.oauthbearer.scope.claim.name = scope
	sasl.oauthbearer.sub.claim.name = sub
	sasl.oauthbearer.token.endpoint.url = null
	security.protocol = PLAINTEXT
	security.providers = null
	send.buffer.bytes = 131072
	socket.connection.setup.timeout.max.ms = 30000
	socket.connection.setup.timeout.ms = 10000
	ssl.cipher.suites = null
	ssl.enabled.protocols = [TLSv1.2, TLSv1.3]
	ssl.endpoint.identification.algorithm = https
	ssl.engine.factory.class = null
	ssl.key.password = null
	ssl.keymanager.algorithm = SunX509
	ssl.keystore.certificate.chain = null
	ssl.keystore.key = null
	ssl.keystore.location = null
	ssl.keystore.password = null
	ssl.keystore.type = JKS
	ssl.protocol = TLSv1.3
	ssl.provider = null
	ssl.secure.random.implementation = null
	ssl.trustmanager.algorithm = PKIX
	ssl.truststore.certificates = null
	ssl.truststore.location = null
	ssl.truststore.password = null
	ssl.truststore.type = JKS
	transaction.timeout.ms = 60000
	transactional.id = null
	value.serializer = class io.apicurio.registry.serde.avro.AvroKafkaSerializer

2025-07-31 15:52:47,981 INFO  [org.apa.kaf.com.tel.int.KafkaMetricsCollector] (main) initializing Kafka metrics collector
2025-07-31 15:52:47,986 INFO  [org.apa.kaf.cli.pro.KafkaProducer] (main) [Producer clientId=Producer-topic-d7df58e2_8fe0_493d_9803_c56bc418bca9] Instantiated an idempotent producer.
2025-07-31 15:52:47,995 INFO  [org.apa.kaf.cli.pro.ProducerConfig] (main) These configurations '[apicurio.registry.find-latest, apicurio.registry.artifact.group-id, apicurio.registry.url, apicurio.registry.artifact-resolver-strategy]' were supplied but are not used yet.
2025-07-31 15:52:47,995 INFO  [org.apa.kaf.com.uti.AppInfoParser] (main) Kafka version: 3.9.0
2025-07-31 15:52:47,995 INFO  [org.apa.kaf.com.uti.AppInfoParser] (main) Kafka commitId: 84caaa6e9da06435
2025-07-31 15:52:47,995 INFO  [org.apa.kaf.com.uti.AppInfoParser] (main) Kafka startTimeMs: 1753977167995
2025-07-31 15:52:47,995 INFO  [io.api.tes.ser.api.SimpleSerdesTesterBuilder$SimpleSerdesTester] (main) Using producer configuration: {apicurio.registry.find-latest=true, apicurio.registry.artifact.group-id=topic-d7df58e2_8fe0_493d_9803_c56bc418bca9, apicurio.registry.url=http://registry-app-kafkasql.apps.ci419.apicurio-testing.org:80/apis/registry/v3, apicurio.registry.artifact-resolver-strategy=io.apicurio.registry.serde.strategy.SimpleTopicIdStrategy, value.serializer=io.apicurio.registry.serde.avro.AvroKafkaSerializer, request.timeout.ms=5000, acks=all, bootstrap.servers=PLAINTEXT://localhost:32770, connections.max.idle.ms=10000, key.serializer=org.apache.kafka.common.serialization.StringSerializer, client.id=Producer-topic-d7df58e2_8fe0_493d_9803_c56bc418bca9}
2025-07-31 15:52:47,996 INFO  [io.api.tes.ser.api.SimpleSerdesTesterBuilder$SimpleSerdesTester] (main) Using consumer configuration: {}
2025-07-31 15:52:47,998 INFO  [io.api.tes.ser.api.KafkaSerdesTester] (Thread-126) Sending message {"key11753977166803": "value-0"} to topic topic-d7df58e2_8fe0_493d_9803_c56bc418bca9
2025-07-31 15:52:48,010 INFO  [org.apa.kaf.cli.Metadata] (kafka-producer-network-thread | Producer-topic-d7df58e2_8fe0_493d_9803_c56bc418bca9) [Producer clientId=Producer-topic-d7df58e2_8fe0_493d_9803_c56bc418bca9] Cluster ID: k5QcScx1TGu5ZEx470RFLw
2025-07-31 15:52:48,012 INFO  [org.apa.kaf.cli.pro.int.TransactionManager] (kafka-producer-network-thread | Producer-topic-d7df58e2_8fe0_493d_9803_c56bc418bca9) [Producer clientId=Producer-topic-d7df58e2_8fe0_493d_9803_c56bc418bca9] ProducerId set to 1 with epoch 0
2025-07-31 15:52:48,268 INFO  [io.api.tes.ser.api.KafkaSerdesTester] (Thread-126) Sending message {"key11753977166803": "value-1"} to topic topic-d7df58e2_8fe0_493d_9803_c56bc418bca9
2025-07-31 15:52:48,271 INFO  [io.api.tes.ser.api.KafkaSerdesTester] (Thread-126) Sending message {"key11753977166803": "value-2"} to topic topic-d7df58e2_8fe0_493d_9803_c56bc418bca9
2025-07-31 15:52:48,274 INFO  [io.api.tes.ser.api.KafkaSerdesTester] (Thread-126) Sending message {"key11753977166803": "value-3"} to topic topic-d7df58e2_8fe0_493d_9803_c56bc418bca9
2025-07-31 15:52:48,277 INFO  [io.api.tes.ser.api.KafkaSerdesTester] (Thread-126) Sending message {"key11753977166803": "value-4"} to topic topic-d7df58e2_8fe0_493d_9803_c56bc418bca9
2025-07-31 15:52:48,283 INFO  [io.api.tes.ser.api.KafkaSerdesTester] (Thread-126) Sending message {"key11753977166803": "value-5"} to topic topic-d7df58e2_8fe0_493d_9803_c56bc418bca9
2025-07-31 15:52:48,288 INFO  [io.api.tes.ser.api.KafkaSerdesTester] (Thread-126) Sending message {"key11753977166803": "value-6"} to topic topic-d7df58e2_8fe0_493d_9803_c56bc418bca9
2025-07-31 15:52:48,291 INFO  [io.api.tes.ser.api.KafkaSerdesTester] (Thread-126) Sending message {"key11753977166803": "value-7"} to topic topic-d7df58e2_8fe0_493d_9803_c56bc418bca9
2025-07-31 15:52:48,295 INFO  [io.api.tes.ser.api.KafkaSerdesTester] (Thread-126) Sending message {"key11753977166803": "value-8"} to topic topic-d7df58e2_8fe0_493d_9803_c56bc418bca9
2025-07-31 15:52:48,300 INFO  [io.api.tes.ser.api.KafkaSerdesTester] (Thread-126) Sending message {"key11753977166803": "value-9"} to topic topic-d7df58e2_8fe0_493d_9803_c56bc418bca9
2025-07-31 15:52:48,303 INFO  [io.api.tes.ser.api.KafkaSerdesTester] (Thread-126) Produced 10 messages
2025-07-31 15:52:48,303 INFO  [org.apa.kaf.cli.pro.KafkaProducer] (Thread-126) [Producer clientId=Producer-topic-d7df58e2_8fe0_493d_9803_c56bc418bca9] Closing the Kafka producer with timeoutMillis = 9223372036854775807 ms.
2025-07-31 15:52:48,308 INFO  [org.apa.kaf.com.met.Metrics] (Thread-126) Metrics scheduler closed
2025-07-31 15:52:48,308 INFO  [org.apa.kaf.com.met.Metrics] (Thread-126) Closing reporter org.apache.kafka.common.metrics.JmxReporter
2025-07-31 15:52:48,308 INFO  [org.apa.kaf.com.met.Metrics] (Thread-126) Closing reporter org.apache.kafka.common.telemetry.internals.ClientTelemetryReporter
2025-07-31 15:52:48,308 INFO  [org.apa.kaf.com.met.Metrics] (Thread-126) Metrics reporters closed
2025-07-31 15:52:48,308 INFO  [org.apa.kaf.com.uti.AppInfoParser] (Thread-126) App info kafka.producer for Producer-topic-d7df58e2_8fe0_493d_9803_c56bc418bca9 unregistered
2025-07-31 15:52:48,309 INFO  [org.apa.kaf.cli.con.ConsumerConfig] (main) ConsumerConfig values: 
	allow.auto.create.topics = true
	auto.commit.interval.ms = 500
	auto.include.jmx.reporter = true
	auto.offset.reset = earliest
	bootstrap.servers = [PLAINTEXT://localhost:32770]
	check.crcs = true
	client.dns.lookup = use_all_dns_ips
	client.id = consumer-Consumer-topic-d7df58e2_8fe0_493d_9803_c56bc418bca9-2
	client.rack = 
	connections.max.idle.ms = 10000
	default.api.timeout.ms = 60000
	enable.auto.commit = true
	enable.metrics.push = true
	exclude.internal.topics = true
	fetch.max.bytes = 52428800
	fetch.max.wait.ms = 500
	fetch.min.bytes = 1
	group.id = Consumer-topic-d7df58e2_8fe0_493d_9803_c56bc418bca9
	group.instance.id = null
	group.protocol = classic
	group.remote.assignor = null
	heartbeat.interval.ms = 3000
	interceptor.classes = []
	internal.leave.group.on.close = true
	internal.throw.on.fetch.stable.offset.unsupported = false
	isolation.level = read_uncommitted
	key.deserializer = class org.apache.kafka.common.serialization.StringDeserializer
	max.partition.fetch.bytes = 1048576
	max.poll.interval.ms = 300000
	max.poll.records = 500
	metadata.max.age.ms = 300000
	metadata.recovery.strategy = none
	metric.reporters = []
	metrics.num.samples = 2
	metrics.recording.level = INFO
	metrics.sample.window.ms = 30000
	partition.assignment.strategy = [class org.apache.kafka.clients.consumer.RangeAssignor, class org.apache.kafka.clients.consumer.CooperativeStickyAssignor]
	receive.buffer.bytes = 65536
	reconnect.backoff.max.ms = 1000
	reconnect.backoff.ms = 50
	request.timeout.ms = 5000
	retry.backoff.max.ms = 1000
	retry.backoff.ms = 100
	sasl.client.callback.handler.class = null
	sasl.jaas.config = null
	sasl.kerberos.kinit.cmd = /usr/bin/kinit
	sasl.kerberos.min.time.before.relogin = 60000
	sasl.kerberos.service.name = null
	sasl.kerberos.ticket.renew.jitter = 0.05
	sasl.kerberos.ticket.renew.window.factor = 0.8
	sasl.login.callback.handler.class = null
	sasl.login.class = null
	sasl.login.connect.timeout.ms = null
	sasl.login.read.timeout.ms = null
	sasl.login.refresh.buffer.seconds = 300
	sasl.login.refresh.min.period.seconds = 60
	sasl.login.refresh.window.factor = 0.8
	sasl.login.refresh.window.jitter = 0.05
	sasl.login.retry.backoff.max.ms = 10000
	sasl.login.retry.backoff.ms = 100
	sasl.mechanism = GSSAPI
	sasl.oauthbearer.clock.skew.seconds = 30
	sasl.oauthbearer.expected.audience = null
	sasl.oauthbearer.expected.issuer = null
	sasl.oauthbearer.header.urlencode = false
	sasl.oauthbearer.jwks.endpoint.refresh.ms = 3600000
	sasl.oauthbearer.jwks.endpoint.retry.backoff.max.ms = 10000
	sasl.oauthbearer.jwks.endpoint.retry.backoff.ms = 100
	sasl.oauthbearer.jwks.endpoint.url = null
	sasl.oauthbearer.scope.claim.name = scope
	sasl.oauthbearer.sub.claim.name = sub
	sasl.oauthbearer.token.endpoint.url = null
	security.protocol = PLAINTEXT
	security.providers = null
	send.buffer.bytes = 131072
	session.timeout.ms = 45000
	socket.connection.setup.timeout.max.ms = 30000
	socket.connection.setup.timeout.ms = 10000
	ssl.cipher.suites = null
	ssl.enabled.protocols = [TLSv1.2, TLSv1.3]
	ssl.endpoint.identification.algorithm = https
	ssl.engine.factory.class = null
	ssl.key.password = null
	ssl.keymanager.algorithm = SunX509
	ssl.keystore.certificate.chain = null
	ssl.keystore.key = null
	ssl.keystore.location = null
	ssl.keystore.password = null
	ssl.keystore.type = JKS
	ssl.protocol = TLSv1.3
	ssl.provider = null
	ssl.secure.random.implementation = null
	ssl.trustmanager.algorithm = PKIX
	ssl.truststore.certificates = null
	ssl.truststore.location = null
	ssl.truststore.password = null
	ssl.truststore.type = JKS
	value.deserializer = class io.apicurio.registry.serde.avro.AvroKafkaDeserializer

2025-07-31 15:52:48,310 INFO  [org.apa.kaf.com.tel.int.KafkaMetricsCollector] (main) initializing Kafka metrics collector
2025-07-31 15:52:48,323 INFO  [org.apa.kaf.cli.con.ConsumerConfig] (main) These configurations '[apicurio.registry.url]' were supplied but are not used yet.
2025-07-31 15:52:48,323 INFO  [org.apa.kaf.com.uti.AppInfoParser] (main) Kafka version: 3.9.0
2025-07-31 15:52:48,323 INFO  [org.apa.kaf.com.uti.AppInfoParser] (main) Kafka commitId: 84caaa6e9da06435
2025-07-31 15:52:48,323 INFO  [org.apa.kaf.com.uti.AppInfoParser] (main) Kafka startTimeMs: 1753977168323
2025-07-31 15:52:48,324 INFO  [org.apa.kaf.cli.con.int.ClassicKafkaConsumer] (Thread-129) [Consumer clientId=consumer-Consumer-topic-d7df58e2_8fe0_493d_9803_c56bc418bca9-2, groupId=Consumer-topic-d7df58e2_8fe0_493d_9803_c56bc418bca9] Subscribed to topic(s): topic-d7df58e2_8fe0_493d_9803_c56bc418bca9
2025-07-31 15:52:48,336 INFO  [org.apa.kaf.cli.Metadata] (Thread-129) [Consumer clientId=consumer-Consumer-topic-d7df58e2_8fe0_493d_9803_c56bc418bca9-2, groupId=Consumer-topic-d7df58e2_8fe0_493d_9803_c56bc418bca9] Cluster ID: k5QcScx1TGu5ZEx470RFLw
2025-07-31 15:52:48,337 INFO  [org.apa.kaf.cli.con.int.ConsumerCoordinator] (Thread-129) [Consumer clientId=consumer-Consumer-topic-d7df58e2_8fe0_493d_9803_c56bc418bca9-2, groupId=Consumer-topic-d7df58e2_8fe0_493d_9803_c56bc418bca9] Discovered group coordinator localhost:32770 (id: 2147483647 rack: null)
2025-07-31 15:52:48,346 INFO  [org.apa.kaf.cli.con.int.ConsumerCoordinator] (Thread-129) [Consumer clientId=consumer-Consumer-topic-d7df58e2_8fe0_493d_9803_c56bc418bca9-2, groupId=Consumer-topic-d7df58e2_8fe0_493d_9803_c56bc418bca9] (Re-)joining group
2025-07-31 15:52:48,352 INFO  [org.apa.kaf.cli.con.int.ConsumerCoordinator] (Thread-129) [Consumer clientId=consumer-Consumer-topic-d7df58e2_8fe0_493d_9803_c56bc418bca9-2, groupId=Consumer-topic-d7df58e2_8fe0_493d_9803_c56bc418bca9] Request joining group due to: need to re-join with the given member-id: consumer-Consumer-topic-d7df58e2_8fe0_493d_9803_c56bc418bca9-2-2e3d29e9-6a4c-47dd-9cf2-cdc15bfd9c66
2025-07-31 15:52:48,352 INFO  [org.apa.kaf.cli.con.int.ConsumerCoordinator] (Thread-129) [Consumer clientId=consumer-Consumer-topic-d7df58e2_8fe0_493d_9803_c56bc418bca9-2, groupId=Consumer-topic-d7df58e2_8fe0_493d_9803_c56bc418bca9] (Re-)joining group
2025-07-31 15:52:48,359 INFO  [org.apa.kaf.cli.con.int.ConsumerCoordinator] (Thread-129) [Consumer clientId=consumer-Consumer-topic-d7df58e2_8fe0_493d_9803_c56bc418bca9-2, groupId=Consumer-topic-d7df58e2_8fe0_493d_9803_c56bc418bca9] Successfully joined group with generation Generation{generationId=1, memberId='consumer-Consumer-topic-d7df58e2_8fe0_493d_9803_c56bc418bca9-2-2e3d29e9-6a4c-47dd-9cf2-cdc15bfd9c66', protocol='range'}
2025-07-31 15:52:48,360 INFO  [org.apa.kaf.cli.con.int.ConsumerCoordinator] (Thread-129) [Consumer clientId=consumer-Consumer-topic-d7df58e2_8fe0_493d_9803_c56bc418bca9-2, groupId=Consumer-topic-d7df58e2_8fe0_493d_9803_c56bc418bca9] Finished assignment for group at generation 1: {consumer-Consumer-topic-d7df58e2_8fe0_493d_9803_c56bc418bca9-2-2e3d29e9-6a4c-47dd-9cf2-cdc15bfd9c66=Assignment(partitions=[topic-d7df58e2_8fe0_493d_9803_c56bc418bca9-0])}
2025-07-31 15:52:48,364 INFO  [org.apa.kaf.cli.con.int.ConsumerCoordinator] (Thread-129) [Consumer clientId=consumer-Consumer-topic-d7df58e2_8fe0_493d_9803_c56bc418bca9-2, groupId=Consumer-topic-d7df58e2_8fe0_493d_9803_c56bc418bca9] Successfully synced group in generation Generation{generationId=1, memberId='consumer-Consumer-topic-d7df58e2_8fe0_493d_9803_c56bc418bca9-2-2e3d29e9-6a4c-47dd-9cf2-cdc15bfd9c66', protocol='range'}
2025-07-31 15:52:48,364 INFO  [org.apa.kaf.cli.con.int.ConsumerCoordinator] (Thread-129) [Consumer clientId=consumer-Consumer-topic-d7df58e2_8fe0_493d_9803_c56bc418bca9-2, groupId=Consumer-topic-d7df58e2_8fe0_493d_9803_c56bc418bca9] Notifying assignor about the new Assignment(partitions=[topic-d7df58e2_8fe0_493d_9803_c56bc418bca9-0])
2025-07-31 15:52:48,365 INFO  [org.apa.kaf.cli.con.int.ConsumerRebalanceListenerInvoker] (Thread-129) [Consumer clientId=consumer-Consumer-topic-d7df58e2_8fe0_493d_9803_c56bc418bca9-2, groupId=Consumer-topic-d7df58e2_8fe0_493d_9803_c56bc418bca9] Adding newly assigned partitions: topic-d7df58e2_8fe0_493d_9803_c56bc418bca9-0
2025-07-31 15:52:48,366 INFO  [org.apa.kaf.cli.con.int.ConsumerCoordinator] (Thread-129) [Consumer clientId=consumer-Consumer-topic-d7df58e2_8fe0_493d_9803_c56bc418bca9-2, groupId=Consumer-topic-d7df58e2_8fe0_493d_9803_c56bc418bca9] Found no committed offset for partition topic-d7df58e2_8fe0_493d_9803_c56bc418bca9-0
2025-07-31 15:52:48,372 INFO  [org.apa.kaf.cli.con.int.SubscriptionState] (Thread-129) [Consumer clientId=consumer-Consumer-topic-d7df58e2_8fe0_493d_9803_c56bc418bca9-2, groupId=Consumer-topic-d7df58e2_8fe0_493d_9803_c56bc418bca9] Resetting offset for partition topic-d7df58e2_8fe0_493d_9803_c56bc418bca9-0 to position FetchPosition{offset=0, offsetEpoch=Optional.empty, currentLeader=LeaderAndEpoch{leader=Optional[localhost:32770 (id: 0 rack: null)], epoch=0}}.
2025-07-31 15:52:48,559 INFO  [io.api.tes.ser.api.KafkaSerdesTester] (Thread-129) topic-d7df58e2_8fe0_493d_9803_c56bc418bca9 0 0 {"key11753977166803": "value-0"}
2025-07-31 15:52:48,559 INFO  [io.api.tes.ser.api.KafkaSerdesTester] (Thread-129) topic-d7df58e2_8fe0_493d_9803_c56bc418bca9 0 1 {"key11753977166803": "value-1"}
2025-07-31 15:52:48,560 INFO  [io.api.tes.ser.api.KafkaSerdesTester] (Thread-129) topic-d7df58e2_8fe0_493d_9803_c56bc418bca9 0 2 {"key11753977166803": "value-2"}
2025-07-31 15:52:48,560 INFO  [io.api.tes.ser.api.KafkaSerdesTester] (Thread-129) topic-d7df58e2_8fe0_493d_9803_c56bc418bca9 0 3 {"key11753977166803": "value-3"}
2025-07-31 15:52:48,560 INFO  [io.api.tes.ser.api.KafkaSerdesTester] (Thread-129) topic-d7df58e2_8fe0_493d_9803_c56bc418bca9 0 4 {"key11753977166803": "value-4"}
2025-07-31 15:52:48,560 INFO  [io.api.tes.ser.api.KafkaSerdesTester] (Thread-129) topic-d7df58e2_8fe0_493d_9803_c56bc418bca9 0 5 {"key11753977166803": "value-5"}
2025-07-31 15:52:48,560 INFO  [io.api.tes.ser.api.KafkaSerdesTester] (Thread-129) topic-d7df58e2_8fe0_493d_9803_c56bc418bca9 0 6 {"key11753977166803": "value-6"}
2025-07-31 15:52:48,560 INFO  [io.api.tes.ser.api.KafkaSerdesTester] (Thread-129) topic-d7df58e2_8fe0_493d_9803_c56bc418bca9 0 7 {"key11753977166803": "value-7"}
2025-07-31 15:52:48,560 INFO  [io.api.tes.ser.api.KafkaSerdesTester] (Thread-129) topic-d7df58e2_8fe0_493d_9803_c56bc418bca9 0 8 {"key11753977166803": "value-8"}
2025-07-31 15:52:48,560 INFO  [io.api.tes.ser.api.KafkaSerdesTester] (Thread-129) topic-d7df58e2_8fe0_493d_9803_c56bc418bca9 0 9 {"key11753977166803": "value-9"}
2025-07-31 15:52:48,561 INFO  [io.api.tes.ser.api.KafkaSerdesTester] (Thread-129) Consumed 10 messages
2025-07-31 15:52:48,568 INFO  [org.apa.kaf.cli.con.int.ConsumerRebalanceListenerInvoker] (Thread-129) [Consumer clientId=consumer-Consumer-topic-d7df58e2_8fe0_493d_9803_c56bc418bca9-2, groupId=Consumer-topic-d7df58e2_8fe0_493d_9803_c56bc418bca9] Revoke previously assigned partitions topic-d7df58e2_8fe0_493d_9803_c56bc418bca9-0
2025-07-31 15:52:48,568 INFO  [org.apa.kaf.cli.con.int.ConsumerCoordinator] (Thread-129) [Consumer clientId=consumer-Consumer-topic-d7df58e2_8fe0_493d_9803_c56bc418bca9-2, groupId=Consumer-topic-d7df58e2_8fe0_493d_9803_c56bc418bca9] Member consumer-Consumer-topic-d7df58e2_8fe0_493d_9803_c56bc418bca9-2-2e3d29e9-6a4c-47dd-9cf2-cdc15bfd9c66 sending LeaveGroup request to coordinator localhost:32770 (id: 2147483647 rack: null) due to the consumer is being closed
2025-07-31 15:52:48,571 INFO  [org.apa.kaf.cli.con.int.ConsumerCoordinator] (Thread-129) [Consumer clientId=consumer-Consumer-topic-d7df58e2_8fe0_493d_9803_c56bc418bca9-2, groupId=Consumer-topic-d7df58e2_8fe0_493d_9803_c56bc418bca9] Resetting generation and member id due to: consumer pro-actively leaving the group
2025-07-31 15:52:48,571 INFO  [org.apa.kaf.cli.con.int.ConsumerCoordinator] (Thread-129) [Consumer clientId=consumer-Consumer-topic-d7df58e2_8fe0_493d_9803_c56bc418bca9-2, groupId=Consumer-topic-d7df58e2_8fe0_493d_9803_c56bc418bca9] Request joining group due to: consumer pro-actively leaving the group
2025-07-31 15:52:49,065 INFO  [org.apa.kaf.com.met.Metrics] (Thread-129) Metrics scheduler closed
2025-07-31 15:52:49,066 INFO  [org.apa.kaf.com.met.Metrics] (Thread-129) Closing reporter org.apache.kafka.common.metrics.JmxReporter
2025-07-31 15:52:49,066 INFO  [org.apa.kaf.com.met.Metrics] (Thread-129) Closing reporter org.apache.kafka.common.telemetry.internals.ClientTelemetryReporter
2025-07-31 15:52:49,066 INFO  [org.apa.kaf.com.met.Metrics] (Thread-129) Metrics reporters closed
2025-07-31 15:52:49,074 INFO  [org.apa.kaf.com.uti.AppInfoParser] (Thread-129) App info kafka.consumer for consumer-Consumer-topic-d7df58e2_8fe0_493d_9803_c56bc418bca9-2 unregistered
2025-07-31 15:52:49,075 INFO  [io.api.tes.uti.TestSeparator] (main) io.apicurio.tests.serdes.apicurio.AvroSerdeIT.testSimpleTopicIdStrategyFindLatest-FINISHED
2025-07-31 15:52:49,076 INFO  [io.api.tes.uti.TestSeparator] (main) ############################################################################
]]></system-out>
  </testcase>
  <testcase name="testWrongSchema" classname="io.apicurio.tests.serdes.apicurio.AvroSerdeIT" time="1.344">
    <system-out><![CDATA[2025-07-31 15:52:49,078 INFO  [io.api.tes.uti.TestSeparator] (main) ############################################################################
2025-07-31 15:52:49,079 INFO  [io.api.tes.uti.TestSeparator] (main) io.apicurio.tests.serdes.apicurio.AvroSerdeIT.testWrongSchema-STARTED
2025-07-31 15:52:50,251 INFO  [org.apa.kaf.cli.pro.ProducerConfig] (main) ProducerConfig values: 
	acks = -1
	auto.include.jmx.reporter = true
	batch.size = 16384
	bootstrap.servers = [PLAINTEXT://localhost:32770]
	buffer.memory = 33554432
	client.dns.lookup = use_all_dns_ips
	client.id = Producer-s450d6485xe665x4ef2xab38xffe8cfd9345f
	compression.gzip.level = -1
	compression.lz4.level = 9
	compression.type = none
	compression.zstd.level = 3
	connections.max.idle.ms = 10000
	delivery.timeout.ms = 120000
	enable.idempotence = true
	enable.metrics.push = true
	interceptor.classes = []
	key.serializer = class org.apache.kafka.common.serialization.StringSerializer
	linger.ms = 0
	max.block.ms = 60000
	max.in.flight.requests.per.connection = 5
	max.request.size = 1048576
	metadata.max.age.ms = 300000
	metadata.max.idle.ms = 300000
	metadata.recovery.strategy = none
	metric.reporters = []
	metrics.num.samples = 2
	metrics.recording.level = INFO
	metrics.sample.window.ms = 30000
	partitioner.adaptive.partitioning.enable = true
	partitioner.availability.timeout.ms = 0
	partitioner.class = null
	partitioner.ignore.keys = false
	receive.buffer.bytes = 32768
	reconnect.backoff.max.ms = 1000
	reconnect.backoff.ms = 50
	request.timeout.ms = 5000
	retries = 2147483647
	retry.backoff.max.ms = 1000
	retry.backoff.ms = 100
	sasl.client.callback.handler.class = null
	sasl.jaas.config = null
	sasl.kerberos.kinit.cmd = /usr/bin/kinit
	sasl.kerberos.min.time.before.relogin = 60000
	sasl.kerberos.service.name = null
	sasl.kerberos.ticket.renew.jitter = 0.05
	sasl.kerberos.ticket.renew.window.factor = 0.8
	sasl.login.callback.handler.class = null
	sasl.login.class = null
	sasl.login.connect.timeout.ms = null
	sasl.login.read.timeout.ms = null
	sasl.login.refresh.buffer.seconds = 300
	sasl.login.refresh.min.period.seconds = 60
	sasl.login.refresh.window.factor = 0.8
	sasl.login.refresh.window.jitter = 0.05
	sasl.login.retry.backoff.max.ms = 10000
	sasl.login.retry.backoff.ms = 100
	sasl.mechanism = GSSAPI
	sasl.oauthbearer.clock.skew.seconds = 30
	sasl.oauthbearer.expected.audience = null
	sasl.oauthbearer.expected.issuer = null
	sasl.oauthbearer.header.urlencode = false
	sasl.oauthbearer.jwks.endpoint.refresh.ms = 3600000
	sasl.oauthbearer.jwks.endpoint.retry.backoff.max.ms = 10000
	sasl.oauthbearer.jwks.endpoint.retry.backoff.ms = 100
	sasl.oauthbearer.jwks.endpoint.url = null
	sasl.oauthbearer.scope.claim.name = scope
	sasl.oauthbearer.sub.claim.name = sub
	sasl.oauthbearer.token.endpoint.url = null
	security.protocol = PLAINTEXT
	security.providers = null
	send.buffer.bytes = 131072
	socket.connection.setup.timeout.max.ms = 30000
	socket.connection.setup.timeout.ms = 10000
	ssl.cipher.suites = null
	ssl.enabled.protocols = [TLSv1.2, TLSv1.3]
	ssl.endpoint.identification.algorithm = https
	ssl.engine.factory.class = null
	ssl.key.password = null
	ssl.keymanager.algorithm = SunX509
	ssl.keystore.certificate.chain = null
	ssl.keystore.key = null
	ssl.keystore.location = null
	ssl.keystore.password = null
	ssl.keystore.type = JKS
	ssl.protocol = TLSv1.3
	ssl.provider = null
	ssl.secure.random.implementation = null
	ssl.trustmanager.algorithm = PKIX
	ssl.truststore.certificates = null
	ssl.truststore.location = null
	ssl.truststore.password = null
	ssl.truststore.type = JKS
	transaction.timeout.ms = 60000
	transactional.id = null
	value.serializer = class io.apicurio.registry.serde.avro.AvroKafkaSerializer

2025-07-31 15:52:50,252 INFO  [org.apa.kaf.com.tel.int.KafkaMetricsCollector] (main) initializing Kafka metrics collector
2025-07-31 15:52:50,255 INFO  [org.apa.kaf.cli.pro.KafkaProducer] (main) [Producer clientId=Producer-s450d6485xe665x4ef2xab38xffe8cfd9345f] Instantiated an idempotent producer.
2025-07-31 15:52:50,259 INFO  [org.apa.kaf.cli.pro.ProducerConfig] (main) These configurations '[apicurio.registry.find-latest, apicurio.registry.url, apicurio.registry.artifact-resolver-strategy]' were supplied but are not used yet.
2025-07-31 15:52:50,260 INFO  [org.apa.kaf.com.uti.AppInfoParser] (main) Kafka version: 3.9.0
2025-07-31 15:52:50,260 INFO  [org.apa.kaf.com.uti.AppInfoParser] (main) Kafka commitId: 84caaa6e9da06435
2025-07-31 15:52:50,260 INFO  [org.apa.kaf.com.uti.AppInfoParser] (main) Kafka startTimeMs: 1753977170260
2025-07-31 15:52:50,263 INFO  [io.api.tes.ser.api.KafkaSerdesTester] (Thread-132) Sending message {"keyB": "value-0"} to topic s450d6485xe665x4ef2xab38xffe8cfd9345f
2025-07-31 15:52:50,269 INFO  [org.apa.kaf.cli.Metadata] (kafka-producer-network-thread | Producer-s450d6485xe665x4ef2xab38xffe8cfd9345f) [Producer clientId=Producer-s450d6485xe665x4ef2xab38xffe8cfd9345f] Cluster ID: k5QcScx1TGu5ZEx470RFLw
2025-07-31 15:52:50,273 INFO  [org.apa.kaf.cli.pro.int.TransactionManager] (kafka-producer-network-thread | Producer-s450d6485xe665x4ef2xab38xffe8cfd9345f) [Producer clientId=Producer-s450d6485xe665x4ef2xab38xffe8cfd9345f] ProducerId set to 2 with epoch 0
2025-07-31 15:52:50,415 INFO  [org.apa.kaf.cli.pro.KafkaProducer] (Thread-132) [Producer clientId=Producer-s450d6485xe665x4ef2xab38xffe8cfd9345f] Closing the Kafka producer with timeoutMillis = 9223372036854775807 ms.
2025-07-31 15:52:50,419 INFO  [org.apa.kaf.com.met.Metrics] (Thread-132) Metrics scheduler closed
2025-07-31 15:52:50,419 INFO  [org.apa.kaf.com.met.Metrics] (Thread-132) Closing reporter org.apache.kafka.common.metrics.JmxReporter
2025-07-31 15:52:50,419 INFO  [org.apa.kaf.com.met.Metrics] (Thread-132) Closing reporter org.apache.kafka.common.telemetry.internals.ClientTelemetryReporter
2025-07-31 15:52:50,419 INFO  [org.apa.kaf.com.met.Metrics] (Thread-132) Metrics reporters closed
2025-07-31 15:52:50,419 INFO  [org.apa.kaf.com.uti.AppInfoParser] (Thread-132) App info kafka.producer for Producer-s450d6485xe665x4ef2xab38xffe8cfd9345f unregistered
2025-07-31 15:52:50,420 INFO  [io.api.tes.uti.TestSeparator] (main) io.apicurio.tests.serdes.apicurio.AvroSerdeIT.testWrongSchema-FINISHED
2025-07-31 15:52:50,421 INFO  [io.api.tes.uti.TestSeparator] (main) ############################################################################
]]></system-out>
    <system-err><![CDATA[io.apicurio.registry.rest.client.models.ProblemDetails
	at io.apicurio.registry.rest.client.models.ProblemDetails.createFromDiscriminatorValue(ProblemDetails.java:58)
	at io.kiota.serialization.json.JsonParseNode.getObjectValue(JsonParseNode.java:247)
	at io.kiota.http.vertx.VertXRequestAdapter.lambda$throwIfFailedResponse$0(VertXRequestAdapter.java:400)
	at com.microsoft.kiota.ApiExceptionBuilder.<init>(ApiExceptionBuilder.java:26)
	at io.kiota.http.vertx.VertXRequestAdapter.throwIfFailedResponse(VertXRequestAdapter.java:399)
	at io.kiota.http.vertx.VertXRequestAdapter.send(VertXRequestAdapter.java:170)
	at io.apicurio.registry.rest.client.groups.item.artifacts.item.versions.item.WithVersionExpressionItemRequestBuilder.get(WithVersionExpressionItemRequestBuilder.java:128)
	at io.apicurio.registry.rest.client.groups.item.artifacts.item.versions.item.WithVersionExpressionItemRequestBuilder.get(WithVersionExpressionItemRequestBuilder.java:111)
	at io.apicurio.registry.resolver.DefaultSchemaResolver.resolveByCoordinates(DefaultSchemaResolver.java:469)
	at io.apicurio.registry.resolver.DefaultSchemaResolver.lambda$resolveSchemaByArtifactReferenceCached$12(DefaultSchemaResolver.java:451)
	at io.apicurio.registry.resolver.ERCache.lambda$getValue$0(ERCache.java:181)
	at io.apicurio.registry.resolver.ERCache.retry(ERCache.java:234)
	at io.apicurio.registry.resolver.ERCache.getValue(ERCache.java:180)
	at io.apicurio.registry.resolver.ERCache.getByArtifactCoordinates(ERCache.java:165)
	at io.apicurio.registry.resolver.DefaultSchemaResolver.resolveSchemaByArtifactReferenceCached(DefaultSchemaResolver.java:449)
	at io.apicurio.registry.resolver.DefaultSchemaResolver.resolveSchemaByCoordinates(DefaultSchemaResolver.java:201)
	at io.apicurio.registry.resolver.DefaultSchemaResolver.getSchemaFromRegistry(DefaultSchemaResolver.java:134)
	at io.apicurio.registry.resolver.DefaultSchemaResolver.lambda$resolveSchema$0(DefaultSchemaResolver.java:86)
	at java.base/java.util.Optional.orElseGet(Optional.java:364)
	at io.apicurio.registry.resolver.DefaultSchemaResolver.resolveSchema(DefaultSchemaResolver.java:86)
	at io.apicurio.registry.serde.AbstractSerializer.serializeData(AbstractSerializer.java:62)
	at io.apicurio.registry.serde.KafkaSerializer.serialize(KafkaSerializer.java:77)
	at org.apache.kafka.clients.producer.KafkaProducer.doSend(KafkaProducer.java:1046)
	at org.apache.kafka.clients.producer.KafkaProducer.send(KafkaProducer.java:993)
	at org.apache.kafka.clients.producer.KafkaProducer.send(KafkaProducer.java:875)
	at io.apicurio.tests.serdes.apicurio.KafkaSerdesTester.lambda$produceMessages$3(KafkaSerdesTester.java:138)
	at java.base/java.util.concurrent.CompletableFuture$AsyncSupply.run(CompletableFuture.java:1768)
	at java.base/java.lang.Thread.run(Thread.java:840)
]]></system-err>
  </testcase>
  <testcase name="testAvroJSON" classname="io.apicurio.tests.serdes.apicurio.AvroSerdeIT" time="1.265">
    <system-out><![CDATA[2025-07-31 15:52:50,423 INFO  [io.api.tes.uti.TestSeparator] (main) ############################################################################
2025-07-31 15:52:50,424 INFO  [io.api.tes.uti.TestSeparator] (main) io.apicurio.tests.serdes.apicurio.AvroSerdeIT.testAvroJSON-STARTED
2025-07-31 15:52:50,440 INFO  [org.apa.kaf.cli.pro.ProducerConfig] (main) ProducerConfig values: 
	acks = -1
	auto.include.jmx.reporter = true
	batch.size = 16384
	bootstrap.servers = [PLAINTEXT://localhost:32770]
	buffer.memory = 33554432
	client.dns.lookup = use_all_dns_ips
	client.id = Producer-topic-3c4b923e_dfd8_4d31_9397_bf9679e2ca1d
	compression.gzip.level = -1
	compression.lz4.level = 9
	compression.type = none
	compression.zstd.level = 3
	connections.max.idle.ms = 10000
	delivery.timeout.ms = 120000
	enable.idempotence = true
	enable.metrics.push = true
	interceptor.classes = []
	key.serializer = class org.apache.kafka.common.serialization.StringSerializer
	linger.ms = 0
	max.block.ms = 60000
	max.in.flight.requests.per.connection = 5
	max.request.size = 1048576
	metadata.max.age.ms = 300000
	metadata.max.idle.ms = 300000
	metadata.recovery.strategy = none
	metric.reporters = []
	metrics.num.samples = 2
	metrics.recording.level = INFO
	metrics.sample.window.ms = 30000
	partitioner.adaptive.partitioning.enable = true
	partitioner.availability.timeout.ms = 0
	partitioner.class = null
	partitioner.ignore.keys = false
	receive.buffer.bytes = 32768
	reconnect.backoff.max.ms = 1000
	reconnect.backoff.ms = 50
	request.timeout.ms = 5000
	retries = 2147483647
	retry.backoff.max.ms = 1000
	retry.backoff.ms = 100
	sasl.client.callback.handler.class = null
	sasl.jaas.config = null
	sasl.kerberos.kinit.cmd = /usr/bin/kinit
	sasl.kerberos.min.time.before.relogin = 60000
	sasl.kerberos.service.name = null
	sasl.kerberos.ticket.renew.jitter = 0.05
	sasl.kerberos.ticket.renew.window.factor = 0.8
	sasl.login.callback.handler.class = null
	sasl.login.class = null
	sasl.login.connect.timeout.ms = null
	sasl.login.read.timeout.ms = null
	sasl.login.refresh.buffer.seconds = 300
	sasl.login.refresh.min.period.seconds = 60
	sasl.login.refresh.window.factor = 0.8
	sasl.login.refresh.window.jitter = 0.05
	sasl.login.retry.backoff.max.ms = 10000
	sasl.login.retry.backoff.ms = 100
	sasl.mechanism = GSSAPI
	sasl.oauthbearer.clock.skew.seconds = 30
	sasl.oauthbearer.expected.audience = null
	sasl.oauthbearer.expected.issuer = null
	sasl.oauthbearer.header.urlencode = false
	sasl.oauthbearer.jwks.endpoint.refresh.ms = 3600000
	sasl.oauthbearer.jwks.endpoint.retry.backoff.max.ms = 10000
	sasl.oauthbearer.jwks.endpoint.retry.backoff.ms = 100
	sasl.oauthbearer.jwks.endpoint.url = null
	sasl.oauthbearer.scope.claim.name = scope
	sasl.oauthbearer.sub.claim.name = sub
	sasl.oauthbearer.token.endpoint.url = null
	security.protocol = PLAINTEXT
	security.providers = null
	send.buffer.bytes = 131072
	socket.connection.setup.timeout.max.ms = 30000
	socket.connection.setup.timeout.ms = 10000
	ssl.cipher.suites = null
	ssl.enabled.protocols = [TLSv1.2, TLSv1.3]
	ssl.endpoint.identification.algorithm = https
	ssl.engine.factory.class = null
	ssl.key.password = null
	ssl.keymanager.algorithm = SunX509
	ssl.keystore.certificate.chain = null
	ssl.keystore.key = null
	ssl.keystore.location = null
	ssl.keystore.password = null
	ssl.keystore.type = JKS
	ssl.protocol = TLSv1.3
	ssl.provider = null
	ssl.secure.random.implementation = null
	ssl.trustmanager.algorithm = PKIX
	ssl.truststore.certificates = null
	ssl.truststore.location = null
	ssl.truststore.password = null
	ssl.truststore.type = JKS
	transaction.timeout.ms = 60000
	transactional.id = null
	value.serializer = class io.apicurio.registry.serde.avro.AvroKafkaSerializer

2025-07-31 15:52:50,440 INFO  [org.apa.kaf.com.tel.int.KafkaMetricsCollector] (main) initializing Kafka metrics collector
2025-07-31 15:52:50,451 INFO  [org.apa.kaf.cli.pro.KafkaProducer] (main) [Producer clientId=Producer-topic-3c4b923e_dfd8_4d31_9397_bf9679e2ca1d] Instantiated an idempotent producer.
2025-07-31 15:52:50,461 INFO  [org.apa.kaf.cli.pro.ProducerConfig] (main) These configurations '[apicurio.registry.avro.encoding, apicurio.registry.url, apicurio.registry.auto-register, apicurio.registry.artifact-resolver-strategy]' were supplied but are not used yet.
2025-07-31 15:52:50,462 INFO  [org.apa.kaf.com.uti.AppInfoParser] (main) Kafka version: 3.9.0
2025-07-31 15:52:50,462 INFO  [org.apa.kaf.com.uti.AppInfoParser] (main) Kafka commitId: 84caaa6e9da06435
2025-07-31 15:52:50,462 INFO  [org.apa.kaf.com.uti.AppInfoParser] (main) Kafka startTimeMs: 1753977170462
2025-07-31 15:52:50,463 INFO  [io.api.tes.ser.api.SimpleSerdesTesterBuilder$SimpleSerdesTester] (main) Using producer configuration: {apicurio.registry.avro.encoding=JSON, apicurio.registry.url=http://registry-app-kafkasql.apps.ci419.apicurio-testing.org:80/apis/registry/v3, apicurio.registry.auto-register=true, apicurio.registry.artifact-resolver-strategy=io.apicurio.registry.serde.strategy.TopicIdStrategy, value.serializer=io.apicurio.registry.serde.avro.AvroKafkaSerializer, request.timeout.ms=5000, acks=all, bootstrap.servers=PLAINTEXT://localhost:32770, connections.max.idle.ms=10000, key.serializer=org.apache.kafka.common.serialization.StringSerializer, client.id=Producer-topic-3c4b923e_dfd8_4d31_9397_bf9679e2ca1d}
2025-07-31 15:52:50,463 INFO  [io.api.tes.ser.api.SimpleSerdesTesterBuilder$SimpleSerdesTester] (main) Using consumer configuration: {apicurio.registry.avro.encoding=JSON}
2025-07-31 15:52:50,464 INFO  [io.api.tes.ser.api.KafkaSerdesTester] (Thread-135) Sending message {"bar": "value-0"} to topic topic-3c4b923e_dfd8_4d31_9397_bf9679e2ca1d
2025-07-31 15:52:50,484 WARN  [org.apa.kaf.cli.NetworkClient] (kafka-producer-network-thread | Producer-topic-3c4b923e_dfd8_4d31_9397_bf9679e2ca1d) [Producer clientId=Producer-topic-3c4b923e_dfd8_4d31_9397_bf9679e2ca1d] The metadata response from the cluster reported a recoverable issue with correlation id 2 : {topic-3c4b923e_dfd8_4d31_9397_bf9679e2ca1d=LEADER_NOT_AVAILABLE}
2025-07-31 15:52:50,485 INFO  [org.apa.kaf.cli.Metadata] (kafka-producer-network-thread | Producer-topic-3c4b923e_dfd8_4d31_9397_bf9679e2ca1d) [Producer clientId=Producer-topic-3c4b923e_dfd8_4d31_9397_bf9679e2ca1d] Cluster ID: k5QcScx1TGu5ZEx470RFLw
2025-07-31 15:52:50,485 INFO  [org.apa.kaf.cli.pro.int.TransactionManager] (kafka-producer-network-thread | Producer-topic-3c4b923e_dfd8_4d31_9397_bf9679e2ca1d) [Producer clientId=Producer-topic-3c4b923e_dfd8_4d31_9397_bf9679e2ca1d] ProducerId set to 3 with epoch 0
2025-07-31 15:52:50,775 INFO  [io.api.tes.ser.api.KafkaSerdesTester] (Thread-135) Sending message {"bar": "value-1"} to topic topic-3c4b923e_dfd8_4d31_9397_bf9679e2ca1d
2025-07-31 15:52:50,778 INFO  [io.api.tes.ser.api.KafkaSerdesTester] (Thread-135) Sending message {"bar": "value-2"} to topic topic-3c4b923e_dfd8_4d31_9397_bf9679e2ca1d
2025-07-31 15:52:50,780 INFO  [io.api.tes.ser.api.KafkaSerdesTester] (Thread-135) Sending message {"bar": "value-3"} to topic topic-3c4b923e_dfd8_4d31_9397_bf9679e2ca1d
2025-07-31 15:52:50,783 INFO  [io.api.tes.ser.api.KafkaSerdesTester] (Thread-135) Sending message {"bar": "value-4"} to topic topic-3c4b923e_dfd8_4d31_9397_bf9679e2ca1d
2025-07-31 15:52:50,786 INFO  [io.api.tes.ser.api.KafkaSerdesTester] (Thread-135) Sending message {"bar": "value-5"} to topic topic-3c4b923e_dfd8_4d31_9397_bf9679e2ca1d
2025-07-31 15:52:50,791 INFO  [io.api.tes.ser.api.KafkaSerdesTester] (Thread-135) Sending message {"bar": "value-6"} to topic topic-3c4b923e_dfd8_4d31_9397_bf9679e2ca1d
2025-07-31 15:52:50,794 INFO  [io.api.tes.ser.api.KafkaSerdesTester] (Thread-135) Sending message {"bar": "value-7"} to topic topic-3c4b923e_dfd8_4d31_9397_bf9679e2ca1d
2025-07-31 15:52:50,798 INFO  [io.api.tes.ser.api.KafkaSerdesTester] (Thread-135) Sending message {"bar": "value-8"} to topic topic-3c4b923e_dfd8_4d31_9397_bf9679e2ca1d
2025-07-31 15:52:50,802 INFO  [io.api.tes.ser.api.KafkaSerdesTester] (Thread-135) Sending message {"bar": "value-9"} to topic topic-3c4b923e_dfd8_4d31_9397_bf9679e2ca1d
2025-07-31 15:52:50,805 INFO  [io.api.tes.ser.api.KafkaSerdesTester] (Thread-135) Produced 10 messages
2025-07-31 15:52:50,805 INFO  [org.apa.kaf.cli.pro.KafkaProducer] (Thread-135) [Producer clientId=Producer-topic-3c4b923e_dfd8_4d31_9397_bf9679e2ca1d] Closing the Kafka producer with timeoutMillis = 9223372036854775807 ms.
2025-07-31 15:52:50,809 INFO  [org.apa.kaf.com.met.Metrics] (Thread-135) Metrics scheduler closed
2025-07-31 15:52:50,809 INFO  [org.apa.kaf.com.met.Metrics] (Thread-135) Closing reporter org.apache.kafka.common.metrics.JmxReporter
2025-07-31 15:52:50,810 INFO  [org.apa.kaf.com.met.Metrics] (Thread-135) Closing reporter org.apache.kafka.common.telemetry.internals.ClientTelemetryReporter
2025-07-31 15:52:50,810 INFO  [org.apa.kaf.com.met.Metrics] (Thread-135) Metrics reporters closed
2025-07-31 15:52:50,810 INFO  [org.apa.kaf.com.uti.AppInfoParser] (Thread-135) App info kafka.producer for Producer-topic-3c4b923e_dfd8_4d31_9397_bf9679e2ca1d unregistered
2025-07-31 15:52:50,935 INFO  [org.apa.kaf.cli.con.ConsumerConfig] (main) ConsumerConfig values: 
	allow.auto.create.topics = true
	auto.commit.interval.ms = 500
	auto.include.jmx.reporter = true
	auto.offset.reset = earliest
	bootstrap.servers = [PLAINTEXT://localhost:32770]
	check.crcs = true
	client.dns.lookup = use_all_dns_ips
	client.id = consumer-Consumer-topic-3c4b923e_dfd8_4d31_9397_bf9679e2ca1d-3
	client.rack = 
	connections.max.idle.ms = 10000
	default.api.timeout.ms = 60000
	enable.auto.commit = true
	enable.metrics.push = true
	exclude.internal.topics = true
	fetch.max.bytes = 52428800
	fetch.max.wait.ms = 500
	fetch.min.bytes = 1
	group.id = Consumer-topic-3c4b923e_dfd8_4d31_9397_bf9679e2ca1d
	group.instance.id = null
	group.protocol = classic
	group.remote.assignor = null
	heartbeat.interval.ms = 3000
	interceptor.classes = []
	internal.leave.group.on.close = true
	internal.throw.on.fetch.stable.offset.unsupported = false
	isolation.level = read_uncommitted
	key.deserializer = class org.apache.kafka.common.serialization.StringDeserializer
	max.partition.fetch.bytes = 1048576
	max.poll.interval.ms = 300000
	max.poll.records = 500
	metadata.max.age.ms = 300000
	metadata.recovery.strategy = none
	metric.reporters = []
	metrics.num.samples = 2
	metrics.recording.level = INFO
	metrics.sample.window.ms = 30000
	partition.assignment.strategy = [class org.apache.kafka.clients.consumer.RangeAssignor, class org.apache.kafka.clients.consumer.CooperativeStickyAssignor]
	receive.buffer.bytes = 65536
	reconnect.backoff.max.ms = 1000
	reconnect.backoff.ms = 50
	request.timeout.ms = 5000
	retry.backoff.max.ms = 1000
	retry.backoff.ms = 100
	sasl.client.callback.handler.class = null
	sasl.jaas.config = null
	sasl.kerberos.kinit.cmd = /usr/bin/kinit
	sasl.kerberos.min.time.before.relogin = 60000
	sasl.kerberos.service.name = null
	sasl.kerberos.ticket.renew.jitter = 0.05
	sasl.kerberos.ticket.renew.window.factor = 0.8
	sasl.login.callback.handler.class = null
	sasl.login.class = null
	sasl.login.connect.timeout.ms = null
	sasl.login.read.timeout.ms = null
	sasl.login.refresh.buffer.seconds = 300
	sasl.login.refresh.min.period.seconds = 60
	sasl.login.refresh.window.factor = 0.8
	sasl.login.refresh.window.jitter = 0.05
	sasl.login.retry.backoff.max.ms = 10000
	sasl.login.retry.backoff.ms = 100
	sasl.mechanism = GSSAPI
	sasl.oauthbearer.clock.skew.seconds = 30
	sasl.oauthbearer.expected.audience = null
	sasl.oauthbearer.expected.issuer = null
	sasl.oauthbearer.header.urlencode = false
	sasl.oauthbearer.jwks.endpoint.refresh.ms = 3600000
	sasl.oauthbearer.jwks.endpoint.retry.backoff.max.ms = 10000
	sasl.oauthbearer.jwks.endpoint.retry.backoff.ms = 100
	sasl.oauthbearer.jwks.endpoint.url = null
	sasl.oauthbearer.scope.claim.name = scope
	sasl.oauthbearer.sub.claim.name = sub
	sasl.oauthbearer.token.endpoint.url = null
	security.protocol = PLAINTEXT
	security.providers = null
	send.buffer.bytes = 131072
	session.timeout.ms = 45000
	socket.connection.setup.timeout.max.ms = 30000
	socket.connection.setup.timeout.ms = 10000
	ssl.cipher.suites = null
	ssl.enabled.protocols = [TLSv1.2, TLSv1.3]
	ssl.endpoint.identification.algorithm = https
	ssl.engine.factory.class = null
	ssl.key.password = null
	ssl.keymanager.algorithm = SunX509
	ssl.keystore.certificate.chain = null
	ssl.keystore.key = null
	ssl.keystore.location = null
	ssl.keystore.password = null
	ssl.keystore.type = JKS
	ssl.protocol = TLSv1.3
	ssl.provider = null
	ssl.secure.random.implementation = null
	ssl.trustmanager.algorithm = PKIX
	ssl.truststore.certificates = null
	ssl.truststore.location = null
	ssl.truststore.password = null
	ssl.truststore.type = JKS
	value.deserializer = class io.apicurio.registry.serde.avro.AvroKafkaDeserializer

2025-07-31 15:52:50,935 INFO  [org.apa.kaf.com.tel.int.KafkaMetricsCollector] (main) initializing Kafka metrics collector
2025-07-31 15:52:50,942 INFO  [org.apa.kaf.cli.con.ConsumerConfig] (main) These configurations '[apicurio.registry.avro.encoding, apicurio.registry.url]' were supplied but are not used yet.
2025-07-31 15:52:50,942 INFO  [org.apa.kaf.com.uti.AppInfoParser] (main) Kafka version: 3.9.0
2025-07-31 15:52:50,942 INFO  [org.apa.kaf.com.uti.AppInfoParser] (main) Kafka commitId: 84caaa6e9da06435
2025-07-31 15:52:50,942 INFO  [org.apa.kaf.com.uti.AppInfoParser] (main) Kafka startTimeMs: 1753977170942
2025-07-31 15:52:50,943 INFO  [org.apa.kaf.cli.con.int.ClassicKafkaConsumer] (Thread-138) [Consumer clientId=consumer-Consumer-topic-3c4b923e_dfd8_4d31_9397_bf9679e2ca1d-3, groupId=Consumer-topic-3c4b923e_dfd8_4d31_9397_bf9679e2ca1d] Subscribed to topic(s): topic-3c4b923e_dfd8_4d31_9397_bf9679e2ca1d
2025-07-31 15:52:50,953 INFO  [org.apa.kaf.cli.Metadata] (Thread-138) [Consumer clientId=consumer-Consumer-topic-3c4b923e_dfd8_4d31_9397_bf9679e2ca1d-3, groupId=Consumer-topic-3c4b923e_dfd8_4d31_9397_bf9679e2ca1d] Cluster ID: k5QcScx1TGu5ZEx470RFLw
2025-07-31 15:52:50,954 INFO  [org.apa.kaf.cli.con.int.ConsumerCoordinator] (Thread-138) [Consumer clientId=consumer-Consumer-topic-3c4b923e_dfd8_4d31_9397_bf9679e2ca1d-3, groupId=Consumer-topic-3c4b923e_dfd8_4d31_9397_bf9679e2ca1d] Discovered group coordinator localhost:32770 (id: 2147483647 rack: null)
2025-07-31 15:52:50,956 INFO  [org.apa.kaf.cli.con.int.ConsumerCoordinator] (Thread-138) [Consumer clientId=consumer-Consumer-topic-3c4b923e_dfd8_4d31_9397_bf9679e2ca1d-3, groupId=Consumer-topic-3c4b923e_dfd8_4d31_9397_bf9679e2ca1d] (Re-)joining group
2025-07-31 15:52:50,960 INFO  [org.apa.kaf.cli.con.int.ConsumerCoordinator] (Thread-138) [Consumer clientId=consumer-Consumer-topic-3c4b923e_dfd8_4d31_9397_bf9679e2ca1d-3, groupId=Consumer-topic-3c4b923e_dfd8_4d31_9397_bf9679e2ca1d] Request joining group due to: need to re-join with the given member-id: consumer-Consumer-topic-3c4b923e_dfd8_4d31_9397_bf9679e2ca1d-3-d6c0f7c5-6455-4673-b4e9-a6f7ac3e7e44
2025-07-31 15:52:50,960 INFO  [org.apa.kaf.cli.con.int.ConsumerCoordinator] (Thread-138) [Consumer clientId=consumer-Consumer-topic-3c4b923e_dfd8_4d31_9397_bf9679e2ca1d-3, groupId=Consumer-topic-3c4b923e_dfd8_4d31_9397_bf9679e2ca1d] (Re-)joining group
2025-07-31 15:52:50,964 INFO  [org.apa.kaf.cli.con.int.ConsumerCoordinator] (Thread-138) [Consumer clientId=consumer-Consumer-topic-3c4b923e_dfd8_4d31_9397_bf9679e2ca1d-3, groupId=Consumer-topic-3c4b923e_dfd8_4d31_9397_bf9679e2ca1d] Successfully joined group with generation Generation{generationId=1, memberId='consumer-Consumer-topic-3c4b923e_dfd8_4d31_9397_bf9679e2ca1d-3-d6c0f7c5-6455-4673-b4e9-a6f7ac3e7e44', protocol='range'}
2025-07-31 15:52:50,964 INFO  [org.apa.kaf.cli.con.int.ConsumerCoordinator] (Thread-138) [Consumer clientId=consumer-Consumer-topic-3c4b923e_dfd8_4d31_9397_bf9679e2ca1d-3, groupId=Consumer-topic-3c4b923e_dfd8_4d31_9397_bf9679e2ca1d] Finished assignment for group at generation 1: {consumer-Consumer-topic-3c4b923e_dfd8_4d31_9397_bf9679e2ca1d-3-d6c0f7c5-6455-4673-b4e9-a6f7ac3e7e44=Assignment(partitions=[topic-3c4b923e_dfd8_4d31_9397_bf9679e2ca1d-0])}
2025-07-31 15:52:50,968 INFO  [org.apa.kaf.cli.con.int.ConsumerCoordinator] (Thread-138) [Consumer clientId=consumer-Consumer-topic-3c4b923e_dfd8_4d31_9397_bf9679e2ca1d-3, groupId=Consumer-topic-3c4b923e_dfd8_4d31_9397_bf9679e2ca1d] Successfully synced group in generation Generation{generationId=1, memberId='consumer-Consumer-topic-3c4b923e_dfd8_4d31_9397_bf9679e2ca1d-3-d6c0f7c5-6455-4673-b4e9-a6f7ac3e7e44', protocol='range'}
2025-07-31 15:52:50,968 INFO  [org.apa.kaf.cli.con.int.ConsumerCoordinator] (Thread-138) [Consumer clientId=consumer-Consumer-topic-3c4b923e_dfd8_4d31_9397_bf9679e2ca1d-3, groupId=Consumer-topic-3c4b923e_dfd8_4d31_9397_bf9679e2ca1d] Notifying assignor about the new Assignment(partitions=[topic-3c4b923e_dfd8_4d31_9397_bf9679e2ca1d-0])
2025-07-31 15:52:50,968 INFO  [org.apa.kaf.cli.con.int.ConsumerRebalanceListenerInvoker] (Thread-138) [Consumer clientId=consumer-Consumer-topic-3c4b923e_dfd8_4d31_9397_bf9679e2ca1d-3, groupId=Consumer-topic-3c4b923e_dfd8_4d31_9397_bf9679e2ca1d] Adding newly assigned partitions: topic-3c4b923e_dfd8_4d31_9397_bf9679e2ca1d-0
2025-07-31 15:52:50,970 INFO  [org.apa.kaf.cli.con.int.ConsumerCoordinator] (Thread-138) [Consumer clientId=consumer-Consumer-topic-3c4b923e_dfd8_4d31_9397_bf9679e2ca1d-3, groupId=Consumer-topic-3c4b923e_dfd8_4d31_9397_bf9679e2ca1d] Found no committed offset for partition topic-3c4b923e_dfd8_4d31_9397_bf9679e2ca1d-0
2025-07-31 15:52:50,975 INFO  [org.apa.kaf.cli.con.int.SubscriptionState] (Thread-138) [Consumer clientId=consumer-Consumer-topic-3c4b923e_dfd8_4d31_9397_bf9679e2ca1d-3, groupId=Consumer-topic-3c4b923e_dfd8_4d31_9397_bf9679e2ca1d] Resetting offset for partition topic-3c4b923e_dfd8_4d31_9397_bf9679e2ca1d-0 to position FetchPosition{offset=0, offsetEpoch=Optional.empty, currentLeader=LeaderAndEpoch{leader=Optional[localhost:32770 (id: 0 rack: null)], epoch=0}}.
2025-07-31 15:52:51,178 INFO  [io.api.tes.ser.api.KafkaSerdesTester] (Thread-138) topic-3c4b923e_dfd8_4d31_9397_bf9679e2ca1d 0 0 {"bar": "value-0"}
2025-07-31 15:52:51,178 INFO  [io.api.tes.ser.api.KafkaSerdesTester] (Thread-138) topic-3c4b923e_dfd8_4d31_9397_bf9679e2ca1d 0 1 {"bar": "value-1"}
2025-07-31 15:52:51,178 INFO  [io.api.tes.ser.api.KafkaSerdesTester] (Thread-138) topic-3c4b923e_dfd8_4d31_9397_bf9679e2ca1d 0 2 {"bar": "value-2"}
2025-07-31 15:52:51,178 INFO  [io.api.tes.ser.api.KafkaSerdesTester] (Thread-138) topic-3c4b923e_dfd8_4d31_9397_bf9679e2ca1d 0 3 {"bar": "value-3"}
2025-07-31 15:52:51,178 INFO  [io.api.tes.ser.api.KafkaSerdesTester] (Thread-138) topic-3c4b923e_dfd8_4d31_9397_bf9679e2ca1d 0 4 {"bar": "value-4"}
2025-07-31 15:52:51,178 INFO  [io.api.tes.ser.api.KafkaSerdesTester] (Thread-138) topic-3c4b923e_dfd8_4d31_9397_bf9679e2ca1d 0 5 {"bar": "value-5"}
2025-07-31 15:52:51,179 INFO  [io.api.tes.ser.api.KafkaSerdesTester] (Thread-138) topic-3c4b923e_dfd8_4d31_9397_bf9679e2ca1d 0 6 {"bar": "value-6"}
2025-07-31 15:52:51,179 INFO  [io.api.tes.ser.api.KafkaSerdesTester] (Thread-138) topic-3c4b923e_dfd8_4d31_9397_bf9679e2ca1d 0 7 {"bar": "value-7"}
2025-07-31 15:52:51,179 INFO  [io.api.tes.ser.api.KafkaSerdesTester] (Thread-138) topic-3c4b923e_dfd8_4d31_9397_bf9679e2ca1d 0 8 {"bar": "value-8"}
2025-07-31 15:52:51,179 INFO  [io.api.tes.ser.api.KafkaSerdesTester] (Thread-138) topic-3c4b923e_dfd8_4d31_9397_bf9679e2ca1d 0 9 {"bar": "value-9"}
2025-07-31 15:52:51,179 INFO  [io.api.tes.ser.api.KafkaSerdesTester] (Thread-138) Consumed 10 messages
2025-07-31 15:52:51,184 INFO  [org.apa.kaf.cli.con.int.ConsumerRebalanceListenerInvoker] (Thread-138) [Consumer clientId=consumer-Consumer-topic-3c4b923e_dfd8_4d31_9397_bf9679e2ca1d-3, groupId=Consumer-topic-3c4b923e_dfd8_4d31_9397_bf9679e2ca1d] Revoke previously assigned partitions topic-3c4b923e_dfd8_4d31_9397_bf9679e2ca1d-0
2025-07-31 15:52:51,184 INFO  [org.apa.kaf.cli.con.int.ConsumerCoordinator] (Thread-138) [Consumer clientId=consumer-Consumer-topic-3c4b923e_dfd8_4d31_9397_bf9679e2ca1d-3, groupId=Consumer-topic-3c4b923e_dfd8_4d31_9397_bf9679e2ca1d] Member consumer-Consumer-topic-3c4b923e_dfd8_4d31_9397_bf9679e2ca1d-3-d6c0f7c5-6455-4673-b4e9-a6f7ac3e7e44 sending LeaveGroup request to coordinator localhost:32770 (id: 2147483647 rack: null) due to the consumer is being closed
2025-07-31 15:52:51,184 INFO  [org.apa.kaf.cli.con.int.ConsumerCoordinator] (Thread-138) [Consumer clientId=consumer-Consumer-topic-3c4b923e_dfd8_4d31_9397_bf9679e2ca1d-3, groupId=Consumer-topic-3c4b923e_dfd8_4d31_9397_bf9679e2ca1d] Resetting generation and member id due to: consumer pro-actively leaving the group
2025-07-31 15:52:51,185 INFO  [org.apa.kaf.cli.con.int.ConsumerCoordinator] (Thread-138) [Consumer clientId=consumer-Consumer-topic-3c4b923e_dfd8_4d31_9397_bf9679e2ca1d-3, groupId=Consumer-topic-3c4b923e_dfd8_4d31_9397_bf9679e2ca1d] Request joining group due to: consumer pro-actively leaving the group
2025-07-31 15:52:51,682 INFO  [org.apa.kaf.com.met.Metrics] (Thread-138) Metrics scheduler closed
2025-07-31 15:52:51,682 INFO  [org.apa.kaf.com.met.Metrics] (Thread-138) Closing reporter org.apache.kafka.common.metrics.JmxReporter
2025-07-31 15:52:51,682 INFO  [org.apa.kaf.com.met.Metrics] (Thread-138) Closing reporter org.apache.kafka.common.telemetry.internals.ClientTelemetryReporter
2025-07-31 15:52:51,682 INFO  [org.apa.kaf.com.met.Metrics] (Thread-138) Metrics reporters closed
2025-07-31 15:52:51,684 INFO  [org.apa.kaf.com.uti.AppInfoParser] (Thread-138) App info kafka.consumer for consumer-Consumer-topic-3c4b923e_dfd8_4d31_9397_bf9679e2ca1d-3 unregistered
2025-07-31 15:52:51,685 INFO  [io.api.tes.uti.TestSeparator] (main) io.apicurio.tests.serdes.apicurio.AvroSerdeIT.testAvroJSON-FINISHED
2025-07-31 15:52:51,685 INFO  [io.api.tes.uti.TestSeparator] (main) ############################################################################
]]></system-out>
  </testcase>
  <testcase name="testTopicIdStrategyAutoRegister" classname="io.apicurio.tests.serdes.apicurio.AvroSerdeIT" time="1.375">
    <system-out><![CDATA[2025-07-31 15:52:51,688 INFO  [io.api.tes.uti.TestSeparator] (main) ############################################################################
2025-07-31 15:52:51,689 INFO  [io.api.tes.uti.TestSeparator] (main) io.apicurio.tests.serdes.apicurio.AvroSerdeIT.testTopicIdStrategyAutoRegister-STARTED
2025-07-31 15:52:51,698 INFO  [org.apa.kaf.cli.pro.ProducerConfig] (main) ProducerConfig values: 
	acks = -1
	auto.include.jmx.reporter = true
	batch.size = 16384
	bootstrap.servers = [PLAINTEXT://localhost:32770]
	buffer.memory = 33554432
	client.dns.lookup = use_all_dns_ips
	client.id = Producer-topic-0699a2f1_3c55_405c_9984_7fb010558989
	compression.gzip.level = -1
	compression.lz4.level = 9
	compression.type = none
	compression.zstd.level = 3
	connections.max.idle.ms = 10000
	delivery.timeout.ms = 120000
	enable.idempotence = true
	enable.metrics.push = true
	interceptor.classes = []
	key.serializer = class org.apache.kafka.common.serialization.StringSerializer
	linger.ms = 0
	max.block.ms = 60000
	max.in.flight.requests.per.connection = 5
	max.request.size = 1048576
	metadata.max.age.ms = 300000
	metadata.max.idle.ms = 300000
	metadata.recovery.strategy = none
	metric.reporters = []
	metrics.num.samples = 2
	metrics.recording.level = INFO
	metrics.sample.window.ms = 30000
	partitioner.adaptive.partitioning.enable = true
	partitioner.availability.timeout.ms = 0
	partitioner.class = null
	partitioner.ignore.keys = false
	receive.buffer.bytes = 32768
	reconnect.backoff.max.ms = 1000
	reconnect.backoff.ms = 50
	request.timeout.ms = 5000
	retries = 2147483647
	retry.backoff.max.ms = 1000
	retry.backoff.ms = 100
	sasl.client.callback.handler.class = null
	sasl.jaas.config = null
	sasl.kerberos.kinit.cmd = /usr/bin/kinit
	sasl.kerberos.min.time.before.relogin = 60000
	sasl.kerberos.service.name = null
	sasl.kerberos.ticket.renew.jitter = 0.05
	sasl.kerberos.ticket.renew.window.factor = 0.8
	sasl.login.callback.handler.class = null
	sasl.login.class = null
	sasl.login.connect.timeout.ms = null
	sasl.login.read.timeout.ms = null
	sasl.login.refresh.buffer.seconds = 300
	sasl.login.refresh.min.period.seconds = 60
	sasl.login.refresh.window.factor = 0.8
	sasl.login.refresh.window.jitter = 0.05
	sasl.login.retry.backoff.max.ms = 10000
	sasl.login.retry.backoff.ms = 100
	sasl.mechanism = GSSAPI
	sasl.oauthbearer.clock.skew.seconds = 30
	sasl.oauthbearer.expected.audience = null
	sasl.oauthbearer.expected.issuer = null
	sasl.oauthbearer.header.urlencode = false
	sasl.oauthbearer.jwks.endpoint.refresh.ms = 3600000
	sasl.oauthbearer.jwks.endpoint.retry.backoff.max.ms = 10000
	sasl.oauthbearer.jwks.endpoint.retry.backoff.ms = 100
	sasl.oauthbearer.jwks.endpoint.url = null
	sasl.oauthbearer.scope.claim.name = scope
	sasl.oauthbearer.sub.claim.name = sub
	sasl.oauthbearer.token.endpoint.url = null
	security.protocol = PLAINTEXT
	security.providers = null
	send.buffer.bytes = 131072
	socket.connection.setup.timeout.max.ms = 30000
	socket.connection.setup.timeout.ms = 10000
	ssl.cipher.suites = null
	ssl.enabled.protocols = [TLSv1.2, TLSv1.3]
	ssl.endpoint.identification.algorithm = https
	ssl.engine.factory.class = null
	ssl.key.password = null
	ssl.keymanager.algorithm = SunX509
	ssl.keystore.certificate.chain = null
	ssl.keystore.key = null
	ssl.keystore.location = null
	ssl.keystore.password = null
	ssl.keystore.type = JKS
	ssl.protocol = TLSv1.3
	ssl.provider = null
	ssl.secure.random.implementation = null
	ssl.trustmanager.algorithm = PKIX
	ssl.truststore.certificates = null
	ssl.truststore.location = null
	ssl.truststore.password = null
	ssl.truststore.type = JKS
	transaction.timeout.ms = 60000
	transactional.id = null
	value.serializer = class io.apicurio.registry.serde.avro.AvroKafkaSerializer

2025-07-31 15:52:51,699 INFO  [org.apa.kaf.com.tel.int.KafkaMetricsCollector] (main) initializing Kafka metrics collector
2025-07-31 15:52:51,707 INFO  [org.apa.kaf.cli.pro.KafkaProducer] (main) [Producer clientId=Producer-topic-0699a2f1_3c55_405c_9984_7fb010558989] Instantiated an idempotent producer.
2025-07-31 15:52:51,714 INFO  [org.apa.kaf.cli.pro.ProducerConfig] (main) These configurations '[apicurio.registry.url, apicurio.registry.auto-register, apicurio.registry.artifact-resolver-strategy]' were supplied but are not used yet.
2025-07-31 15:52:51,714 INFO  [org.apa.kaf.com.uti.AppInfoParser] (main) Kafka version: 3.9.0
2025-07-31 15:52:51,717 INFO  [org.apa.kaf.com.uti.AppInfoParser] (main) Kafka commitId: 84caaa6e9da06435
2025-07-31 15:52:51,717 INFO  [org.apa.kaf.com.uti.AppInfoParser] (main) Kafka startTimeMs: 1753977171714
2025-07-31 15:52:51,717 INFO  [io.api.tes.ser.api.SimpleSerdesTesterBuilder$SimpleSerdesTester] (main) Using producer configuration: {apicurio.registry.url=http://registry-app-kafkasql.apps.ci419.apicurio-testing.org:80/apis/registry/v3, apicurio.registry.auto-register=true, apicurio.registry.artifact-resolver-strategy=io.apicurio.registry.serde.strategy.TopicIdStrategy, value.serializer=io.apicurio.registry.serde.avro.AvroKafkaSerializer, request.timeout.ms=5000, acks=all, bootstrap.servers=PLAINTEXT://localhost:32770, connections.max.idle.ms=10000, key.serializer=org.apache.kafka.common.serialization.StringSerializer, client.id=Producer-topic-0699a2f1_3c55_405c_9984_7fb010558989}
2025-07-31 15:52:51,718 INFO  [io.api.tes.ser.api.SimpleSerdesTesterBuilder$SimpleSerdesTester] (main) Using consumer configuration: {}
2025-07-31 15:52:51,724 INFO  [io.api.tes.ser.api.KafkaSerdesTester] (Thread-141) Sending message {"key11753977171692": "value-0"} to topic topic-0699a2f1_3c55_405c_9984_7fb010558989
2025-07-31 15:52:51,726 INFO  [org.apa.kaf.cli.Metadata] (kafka-producer-network-thread | Producer-topic-0699a2f1_3c55_405c_9984_7fb010558989) [Producer clientId=Producer-topic-0699a2f1_3c55_405c_9984_7fb010558989] Cluster ID: k5QcScx1TGu5ZEx470RFLw
2025-07-31 15:52:51,731 INFO  [org.apa.kaf.cli.pro.int.TransactionManager] (kafka-producer-network-thread | Producer-topic-0699a2f1_3c55_405c_9984_7fb010558989) [Producer clientId=Producer-topic-0699a2f1_3c55_405c_9984_7fb010558989] ProducerId set to 4 with epoch 0
2025-07-31 15:52:51,748 WARN  [org.apa.kaf.cli.NetworkClient] (kafka-producer-network-thread | Producer-topic-0699a2f1_3c55_405c_9984_7fb010558989) [Producer clientId=Producer-topic-0699a2f1_3c55_405c_9984_7fb010558989] The metadata response from the cluster reported a recoverable issue with correlation id 7 : {topic-0699a2f1_3c55_405c_9984_7fb010558989=LEADER_NOT_AVAILABLE}
2025-07-31 15:52:52,039 INFO  [io.api.tes.ser.api.KafkaSerdesTester] (Thread-141) Sending message {"key11753977171692": "value-1"} to topic topic-0699a2f1_3c55_405c_9984_7fb010558989
2025-07-31 15:52:52,045 INFO  [io.api.tes.ser.api.KafkaSerdesTester] (Thread-141) Sending message {"key11753977171692": "value-2"} to topic topic-0699a2f1_3c55_405c_9984_7fb010558989
2025-07-31 15:52:52,049 INFO  [io.api.tes.ser.api.KafkaSerdesTester] (Thread-141) Sending message {"key11753977171692": "value-3"} to topic topic-0699a2f1_3c55_405c_9984_7fb010558989
2025-07-31 15:52:52,052 INFO  [io.api.tes.ser.api.KafkaSerdesTester] (Thread-141) Sending message {"key11753977171692": "value-4"} to topic topic-0699a2f1_3c55_405c_9984_7fb010558989
2025-07-31 15:52:52,055 INFO  [io.api.tes.ser.api.KafkaSerdesTester] (Thread-141) Sending message {"key11753977171692": "value-5"} to topic topic-0699a2f1_3c55_405c_9984_7fb010558989
2025-07-31 15:52:52,060 INFO  [io.api.tes.ser.api.KafkaSerdesTester] (Thread-141) Sending message {"key11753977171692": "value-6"} to topic topic-0699a2f1_3c55_405c_9984_7fb010558989
2025-07-31 15:52:52,064 INFO  [io.api.tes.ser.api.KafkaSerdesTester] (Thread-141) Sending message {"key11753977171692": "value-7"} to topic topic-0699a2f1_3c55_405c_9984_7fb010558989
2025-07-31 15:52:52,067 INFO  [io.api.tes.ser.api.KafkaSerdesTester] (Thread-141) Sending message {"key11753977171692": "value-8"} to topic topic-0699a2f1_3c55_405c_9984_7fb010558989
2025-07-31 15:52:52,070 INFO  [io.api.tes.ser.api.KafkaSerdesTester] (Thread-141) Sending message {"key11753977171692": "value-9"} to topic topic-0699a2f1_3c55_405c_9984_7fb010558989
2025-07-31 15:52:52,072 INFO  [io.api.tes.ser.api.KafkaSerdesTester] (Thread-141) Produced 10 messages
2025-07-31 15:52:52,072 INFO  [org.apa.kaf.cli.pro.KafkaProducer] (Thread-141) [Producer clientId=Producer-topic-0699a2f1_3c55_405c_9984_7fb010558989] Closing the Kafka producer with timeoutMillis = 9223372036854775807 ms.
2025-07-31 15:52:52,076 INFO  [org.apa.kaf.com.met.Metrics] (Thread-141) Metrics scheduler closed
2025-07-31 15:52:52,076 INFO  [org.apa.kaf.com.met.Metrics] (Thread-141) Closing reporter org.apache.kafka.common.metrics.JmxReporter
2025-07-31 15:52:52,077 INFO  [org.apa.kaf.com.met.Metrics] (Thread-141) Closing reporter org.apache.kafka.common.telemetry.internals.ClientTelemetryReporter
2025-07-31 15:52:52,077 INFO  [org.apa.kaf.com.met.Metrics] (Thread-141) Metrics reporters closed
2025-07-31 15:52:52,077 INFO  [org.apa.kaf.com.uti.AppInfoParser] (Thread-141) App info kafka.producer for Producer-topic-0699a2f1_3c55_405c_9984_7fb010558989 unregistered
2025-07-31 15:52:52,202 INFO  [org.apa.kaf.cli.con.ConsumerConfig] (main) ConsumerConfig values: 
	allow.auto.create.topics = true
	auto.commit.interval.ms = 500
	auto.include.jmx.reporter = true
	auto.offset.reset = earliest
	bootstrap.servers = [PLAINTEXT://localhost:32770]
	check.crcs = true
	client.dns.lookup = use_all_dns_ips
	client.id = consumer-Consumer-topic-0699a2f1_3c55_405c_9984_7fb010558989-4
	client.rack = 
	connections.max.idle.ms = 10000
	default.api.timeout.ms = 60000
	enable.auto.commit = true
	enable.metrics.push = true
	exclude.internal.topics = true
	fetch.max.bytes = 52428800
	fetch.max.wait.ms = 500
	fetch.min.bytes = 1
	group.id = Consumer-topic-0699a2f1_3c55_405c_9984_7fb010558989
	group.instance.id = null
	group.protocol = classic
	group.remote.assignor = null
	heartbeat.interval.ms = 3000
	interceptor.classes = []
	internal.leave.group.on.close = true
	internal.throw.on.fetch.stable.offset.unsupported = false
	isolation.level = read_uncommitted
	key.deserializer = class org.apache.kafka.common.serialization.StringDeserializer
	max.partition.fetch.bytes = 1048576
	max.poll.interval.ms = 300000
	max.poll.records = 500
	metadata.max.age.ms = 300000
	metadata.recovery.strategy = none
	metric.reporters = []
	metrics.num.samples = 2
	metrics.recording.level = INFO
	metrics.sample.window.ms = 30000
	partition.assignment.strategy = [class org.apache.kafka.clients.consumer.RangeAssignor, class org.apache.kafka.clients.consumer.CooperativeStickyAssignor]
	receive.buffer.bytes = 65536
	reconnect.backoff.max.ms = 1000
	reconnect.backoff.ms = 50
	request.timeout.ms = 5000
	retry.backoff.max.ms = 1000
	retry.backoff.ms = 100
	sasl.client.callback.handler.class = null
	sasl.jaas.config = null
	sasl.kerberos.kinit.cmd = /usr/bin/kinit
	sasl.kerberos.min.time.before.relogin = 60000
	sasl.kerberos.service.name = null
	sasl.kerberos.ticket.renew.jitter = 0.05
	sasl.kerberos.ticket.renew.window.factor = 0.8
	sasl.login.callback.handler.class = null
	sasl.login.class = null
	sasl.login.connect.timeout.ms = null
	sasl.login.read.timeout.ms = null
	sasl.login.refresh.buffer.seconds = 300
	sasl.login.refresh.min.period.seconds = 60
	sasl.login.refresh.window.factor = 0.8
	sasl.login.refresh.window.jitter = 0.05
	sasl.login.retry.backoff.max.ms = 10000
	sasl.login.retry.backoff.ms = 100
	sasl.mechanism = GSSAPI
	sasl.oauthbearer.clock.skew.seconds = 30
	sasl.oauthbearer.expected.audience = null
	sasl.oauthbearer.expected.issuer = null
	sasl.oauthbearer.header.urlencode = false
	sasl.oauthbearer.jwks.endpoint.refresh.ms = 3600000
	sasl.oauthbearer.jwks.endpoint.retry.backoff.max.ms = 10000
	sasl.oauthbearer.jwks.endpoint.retry.backoff.ms = 100
	sasl.oauthbearer.jwks.endpoint.url = null
	sasl.oauthbearer.scope.claim.name = scope
	sasl.oauthbearer.sub.claim.name = sub
	sasl.oauthbearer.token.endpoint.url = null
	security.protocol = PLAINTEXT
	security.providers = null
	send.buffer.bytes = 131072
	session.timeout.ms = 45000
	socket.connection.setup.timeout.max.ms = 30000
	socket.connection.setup.timeout.ms = 10000
	ssl.cipher.suites = null
	ssl.enabled.protocols = [TLSv1.2, TLSv1.3]
	ssl.endpoint.identification.algorithm = https
	ssl.engine.factory.class = null
	ssl.key.password = null
	ssl.keymanager.algorithm = SunX509
	ssl.keystore.certificate.chain = null
	ssl.keystore.key = null
	ssl.keystore.location = null
	ssl.keystore.password = null
	ssl.keystore.type = JKS
	ssl.protocol = TLSv1.3
	ssl.provider = null
	ssl.secure.random.implementation = null
	ssl.trustmanager.algorithm = PKIX
	ssl.truststore.certificates = null
	ssl.truststore.location = null
	ssl.truststore.password = null
	ssl.truststore.type = JKS
	value.deserializer = class io.apicurio.registry.serde.avro.AvroKafkaDeserializer

2025-07-31 15:52:52,202 INFO  [org.apa.kaf.com.tel.int.KafkaMetricsCollector] (main) initializing Kafka metrics collector
2025-07-31 15:52:52,210 INFO  [org.apa.kaf.cli.con.ConsumerConfig] (main) These configurations '[apicurio.registry.url]' were supplied but are not used yet.
2025-07-31 15:52:52,210 INFO  [org.apa.kaf.com.uti.AppInfoParser] (main) Kafka version: 3.9.0
2025-07-31 15:52:52,210 INFO  [org.apa.kaf.com.uti.AppInfoParser] (main) Kafka commitId: 84caaa6e9da06435
2025-07-31 15:52:52,210 INFO  [org.apa.kaf.com.uti.AppInfoParser] (main) Kafka startTimeMs: 1753977172210
2025-07-31 15:52:52,211 INFO  [org.apa.kaf.cli.con.int.ClassicKafkaConsumer] (Thread-144) [Consumer clientId=consumer-Consumer-topic-0699a2f1_3c55_405c_9984_7fb010558989-4, groupId=Consumer-topic-0699a2f1_3c55_405c_9984_7fb010558989] Subscribed to topic(s): topic-0699a2f1_3c55_405c_9984_7fb010558989
2025-07-31 15:52:52,224 INFO  [org.apa.kaf.cli.Metadata] (Thread-144) [Consumer clientId=consumer-Consumer-topic-0699a2f1_3c55_405c_9984_7fb010558989-4, groupId=Consumer-topic-0699a2f1_3c55_405c_9984_7fb010558989] Cluster ID: k5QcScx1TGu5ZEx470RFLw
2025-07-31 15:52:52,225 INFO  [org.apa.kaf.cli.con.int.ConsumerCoordinator] (Thread-144) [Consumer clientId=consumer-Consumer-topic-0699a2f1_3c55_405c_9984_7fb010558989-4, groupId=Consumer-topic-0699a2f1_3c55_405c_9984_7fb010558989] Discovered group coordinator localhost:32770 (id: 2147483647 rack: null)
2025-07-31 15:52:52,228 INFO  [org.apa.kaf.cli.con.int.ConsumerCoordinator] (Thread-144) [Consumer clientId=consumer-Consumer-topic-0699a2f1_3c55_405c_9984_7fb010558989-4, groupId=Consumer-topic-0699a2f1_3c55_405c_9984_7fb010558989] (Re-)joining group
2025-07-31 15:52:52,231 INFO  [org.apa.kaf.cli.con.int.ConsumerCoordinator] (Thread-144) [Consumer clientId=consumer-Consumer-topic-0699a2f1_3c55_405c_9984_7fb010558989-4, groupId=Consumer-topic-0699a2f1_3c55_405c_9984_7fb010558989] Request joining group due to: need to re-join with the given member-id: consumer-Consumer-topic-0699a2f1_3c55_405c_9984_7fb010558989-4-f1cfd46b-dcdd-4d83-80aa-f4106ceaa73d
2025-07-31 15:52:52,231 INFO  [org.apa.kaf.cli.con.int.ConsumerCoordinator] (Thread-144) [Consumer clientId=consumer-Consumer-topic-0699a2f1_3c55_405c_9984_7fb010558989-4, groupId=Consumer-topic-0699a2f1_3c55_405c_9984_7fb010558989] (Re-)joining group
2025-07-31 15:52:52,234 INFO  [org.apa.kaf.cli.con.int.ConsumerCoordinator] (Thread-144) [Consumer clientId=consumer-Consumer-topic-0699a2f1_3c55_405c_9984_7fb010558989-4, groupId=Consumer-topic-0699a2f1_3c55_405c_9984_7fb010558989] Successfully joined group with generation Generation{generationId=1, memberId='consumer-Consumer-topic-0699a2f1_3c55_405c_9984_7fb010558989-4-f1cfd46b-dcdd-4d83-80aa-f4106ceaa73d', protocol='range'}
2025-07-31 15:52:52,235 INFO  [org.apa.kaf.cli.con.int.ConsumerCoordinator] (Thread-144) [Consumer clientId=consumer-Consumer-topic-0699a2f1_3c55_405c_9984_7fb010558989-4, groupId=Consumer-topic-0699a2f1_3c55_405c_9984_7fb010558989] Finished assignment for group at generation 1: {consumer-Consumer-topic-0699a2f1_3c55_405c_9984_7fb010558989-4-f1cfd46b-dcdd-4d83-80aa-f4106ceaa73d=Assignment(partitions=[topic-0699a2f1_3c55_405c_9984_7fb010558989-0])}
2025-07-31 15:52:52,238 INFO  [org.apa.kaf.cli.con.int.ConsumerCoordinator] (Thread-144) [Consumer clientId=consumer-Consumer-topic-0699a2f1_3c55_405c_9984_7fb010558989-4, groupId=Consumer-topic-0699a2f1_3c55_405c_9984_7fb010558989] Successfully synced group in generation Generation{generationId=1, memberId='consumer-Consumer-topic-0699a2f1_3c55_405c_9984_7fb010558989-4-f1cfd46b-dcdd-4d83-80aa-f4106ceaa73d', protocol='range'}
2025-07-31 15:52:52,238 INFO  [org.apa.kaf.cli.con.int.ConsumerCoordinator] (Thread-144) [Consumer clientId=consumer-Consumer-topic-0699a2f1_3c55_405c_9984_7fb010558989-4, groupId=Consumer-topic-0699a2f1_3c55_405c_9984_7fb010558989] Notifying assignor about the new Assignment(partitions=[topic-0699a2f1_3c55_405c_9984_7fb010558989-0])
2025-07-31 15:52:52,238 INFO  [org.apa.kaf.cli.con.int.ConsumerRebalanceListenerInvoker] (Thread-144) [Consumer clientId=consumer-Consumer-topic-0699a2f1_3c55_405c_9984_7fb010558989-4, groupId=Consumer-topic-0699a2f1_3c55_405c_9984_7fb010558989] Adding newly assigned partitions: topic-0699a2f1_3c55_405c_9984_7fb010558989-0
2025-07-31 15:52:52,240 INFO  [org.apa.kaf.cli.con.int.ConsumerCoordinator] (Thread-144) [Consumer clientId=consumer-Consumer-topic-0699a2f1_3c55_405c_9984_7fb010558989-4, groupId=Consumer-topic-0699a2f1_3c55_405c_9984_7fb010558989] Found no committed offset for partition topic-0699a2f1_3c55_405c_9984_7fb010558989-0
2025-07-31 15:52:52,247 INFO  [org.apa.kaf.cli.con.int.SubscriptionState] (Thread-144) [Consumer clientId=consumer-Consumer-topic-0699a2f1_3c55_405c_9984_7fb010558989-4, groupId=Consumer-topic-0699a2f1_3c55_405c_9984_7fb010558989] Resetting offset for partition topic-0699a2f1_3c55_405c_9984_7fb010558989-0 to position FetchPosition{offset=0, offsetEpoch=Optional.empty, currentLeader=LeaderAndEpoch{leader=Optional[localhost:32770 (id: 0 rack: null)], epoch=0}}.
2025-07-31 15:52:52,430 INFO  [io.api.tes.ser.api.KafkaSerdesTester] (Thread-144) topic-0699a2f1_3c55_405c_9984_7fb010558989 0 0 {"key11753977171692": "value-0"}
2025-07-31 15:52:52,430 INFO  [io.api.tes.ser.api.KafkaSerdesTester] (Thread-144) topic-0699a2f1_3c55_405c_9984_7fb010558989 0 1 {"key11753977171692": "value-1"}
2025-07-31 15:52:52,430 INFO  [io.api.tes.ser.api.KafkaSerdesTester] (Thread-144) topic-0699a2f1_3c55_405c_9984_7fb010558989 0 2 {"key11753977171692": "value-2"}
2025-07-31 15:52:52,430 INFO  [io.api.tes.ser.api.KafkaSerdesTester] (Thread-144) topic-0699a2f1_3c55_405c_9984_7fb010558989 0 3 {"key11753977171692": "value-3"}
2025-07-31 15:52:52,430 INFO  [io.api.tes.ser.api.KafkaSerdesTester] (Thread-144) topic-0699a2f1_3c55_405c_9984_7fb010558989 0 4 {"key11753977171692": "value-4"}
2025-07-31 15:52:52,430 INFO  [io.api.tes.ser.api.KafkaSerdesTester] (Thread-144) topic-0699a2f1_3c55_405c_9984_7fb010558989 0 5 {"key11753977171692": "value-5"}
2025-07-31 15:52:52,430 INFO  [io.api.tes.ser.api.KafkaSerdesTester] (Thread-144) topic-0699a2f1_3c55_405c_9984_7fb010558989 0 6 {"key11753977171692": "value-6"}
2025-07-31 15:52:52,431 INFO  [io.api.tes.ser.api.KafkaSerdesTester] (Thread-144) topic-0699a2f1_3c55_405c_9984_7fb010558989 0 7 {"key11753977171692": "value-7"}
2025-07-31 15:52:52,431 INFO  [io.api.tes.ser.api.KafkaSerdesTester] (Thread-144) topic-0699a2f1_3c55_405c_9984_7fb010558989 0 8 {"key11753977171692": "value-8"}
2025-07-31 15:52:52,431 INFO  [io.api.tes.ser.api.KafkaSerdesTester] (Thread-144) topic-0699a2f1_3c55_405c_9984_7fb010558989 0 9 {"key11753977171692": "value-9"}
2025-07-31 15:52:52,431 INFO  [io.api.tes.ser.api.KafkaSerdesTester] (Thread-144) Consumed 10 messages
2025-07-31 15:52:52,434 INFO  [org.apa.kaf.cli.con.int.ConsumerRebalanceListenerInvoker] (Thread-144) [Consumer clientId=consumer-Consumer-topic-0699a2f1_3c55_405c_9984_7fb010558989-4, groupId=Consumer-topic-0699a2f1_3c55_405c_9984_7fb010558989] Revoke previously assigned partitions topic-0699a2f1_3c55_405c_9984_7fb010558989-0
2025-07-31 15:52:52,434 INFO  [org.apa.kaf.cli.con.int.ConsumerCoordinator] (Thread-144) [Consumer clientId=consumer-Consumer-topic-0699a2f1_3c55_405c_9984_7fb010558989-4, groupId=Consumer-topic-0699a2f1_3c55_405c_9984_7fb010558989] Member consumer-Consumer-topic-0699a2f1_3c55_405c_9984_7fb010558989-4-f1cfd46b-dcdd-4d83-80aa-f4106ceaa73d sending LeaveGroup request to coordinator localhost:32770 (id: 2147483647 rack: null) due to the consumer is being closed
2025-07-31 15:52:52,434 INFO  [org.apa.kaf.cli.con.int.ConsumerCoordinator] (Thread-144) [Consumer clientId=consumer-Consumer-topic-0699a2f1_3c55_405c_9984_7fb010558989-4, groupId=Consumer-topic-0699a2f1_3c55_405c_9984_7fb010558989] Resetting generation and member id due to: consumer pro-actively leaving the group
2025-07-31 15:52:52,435 INFO  [org.apa.kaf.cli.con.int.ConsumerCoordinator] (Thread-144) [Consumer clientId=consumer-Consumer-topic-0699a2f1_3c55_405c_9984_7fb010558989-4, groupId=Consumer-topic-0699a2f1_3c55_405c_9984_7fb010558989] Request joining group due to: consumer pro-actively leaving the group
2025-07-31 15:52:52,934 INFO  [org.apa.kaf.com.met.Metrics] (Thread-144) Metrics scheduler closed
2025-07-31 15:52:52,934 INFO  [org.apa.kaf.com.met.Metrics] (Thread-144) Closing reporter org.apache.kafka.common.metrics.JmxReporter
2025-07-31 15:52:52,934 INFO  [org.apa.kaf.com.met.Metrics] (Thread-144) Closing reporter org.apache.kafka.common.telemetry.internals.ClientTelemetryReporter
2025-07-31 15:52:52,934 INFO  [org.apa.kaf.com.met.Metrics] (Thread-144) Metrics reporters closed
2025-07-31 15:52:52,939 INFO  [org.apa.kaf.com.uti.AppInfoParser] (Thread-144) App info kafka.consumer for consumer-Consumer-topic-0699a2f1_3c55_405c_9984_7fb010558989-4 unregistered
2025-07-31 15:52:53,062 INFO  [io.api.tes.uti.TestSeparator] (main) io.apicurio.tests.serdes.apicurio.AvroSerdeIT.testTopicIdStrategyAutoRegister-FINISHED
2025-07-31 15:52:53,062 INFO  [io.api.tes.uti.TestSeparator] (main) ############################################################################
]]></system-out>
  </testcase>
  <testcase name="testRecordIdStrategydFindLatest" classname="io.apicurio.tests.serdes.apicurio.AvroSerdeIT" time="2.22">
    <system-out><![CDATA[2025-07-31 15:52:53,064 INFO  [io.api.tes.uti.TestSeparator] (main) ############################################################################
2025-07-31 15:52:53,064 INFO  [io.api.tes.uti.TestSeparator] (main) io.apicurio.tests.serdes.apicurio.AvroSerdeIT.testRecordIdStrategydFindLatest-STARTED
2025-07-31 15:52:53,065 INFO  [io.api.tes.ser.api.AvroSerdeIT] (main) Registering Avro Schema: {"type":"record","name":"saed82397x8223x440bx84c7x449ecbd19b45","namespace":"s1033b695x41c3x454cxbb96xe5063c1339d8","fields":[{"name":"key11753977173064","type":"string"}]}
2025-07-31 15:52:54,234 INFO  [org.apa.kaf.cli.pro.ProducerConfig] (main) ProducerConfig values: 
	acks = -1
	auto.include.jmx.reporter = true
	batch.size = 16384
	bootstrap.servers = [PLAINTEXT://localhost:32770]
	buffer.memory = 33554432
	client.dns.lookup = use_all_dns_ips
	client.id = Producer-topic-5e4c4547_2a30_40e7_b130_431a315db3fb
	compression.gzip.level = -1
	compression.lz4.level = 9
	compression.type = none
	compression.zstd.level = 3
	connections.max.idle.ms = 10000
	delivery.timeout.ms = 120000
	enable.idempotence = true
	enable.metrics.push = true
	interceptor.classes = []
	key.serializer = class org.apache.kafka.common.serialization.StringSerializer
	linger.ms = 0
	max.block.ms = 60000
	max.in.flight.requests.per.connection = 5
	max.request.size = 1048576
	metadata.max.age.ms = 300000
	metadata.max.idle.ms = 300000
	metadata.recovery.strategy = none
	metric.reporters = []
	metrics.num.samples = 2
	metrics.recording.level = INFO
	metrics.sample.window.ms = 30000
	partitioner.adaptive.partitioning.enable = true
	partitioner.availability.timeout.ms = 0
	partitioner.class = null
	partitioner.ignore.keys = false
	receive.buffer.bytes = 32768
	reconnect.backoff.max.ms = 1000
	reconnect.backoff.ms = 50
	request.timeout.ms = 5000
	retries = 2147483647
	retry.backoff.max.ms = 1000
	retry.backoff.ms = 100
	sasl.client.callback.handler.class = null
	sasl.jaas.config = null
	sasl.kerberos.kinit.cmd = /usr/bin/kinit
	sasl.kerberos.min.time.before.relogin = 60000
	sasl.kerberos.service.name = null
	sasl.kerberos.ticket.renew.jitter = 0.05
	sasl.kerberos.ticket.renew.window.factor = 0.8
	sasl.login.callback.handler.class = null
	sasl.login.class = null
	sasl.login.connect.timeout.ms = null
	sasl.login.read.timeout.ms = null
	sasl.login.refresh.buffer.seconds = 300
	sasl.login.refresh.min.period.seconds = 60
	sasl.login.refresh.window.factor = 0.8
	sasl.login.refresh.window.jitter = 0.05
	sasl.login.retry.backoff.max.ms = 10000
	sasl.login.retry.backoff.ms = 100
	sasl.mechanism = GSSAPI
	sasl.oauthbearer.clock.skew.seconds = 30
	sasl.oauthbearer.expected.audience = null
	sasl.oauthbearer.expected.issuer = null
	sasl.oauthbearer.header.urlencode = false
	sasl.oauthbearer.jwks.endpoint.refresh.ms = 3600000
	sasl.oauthbearer.jwks.endpoint.retry.backoff.max.ms = 10000
	sasl.oauthbearer.jwks.endpoint.retry.backoff.ms = 100
	sasl.oauthbearer.jwks.endpoint.url = null
	sasl.oauthbearer.scope.claim.name = scope
	sasl.oauthbearer.sub.claim.name = sub
	sasl.oauthbearer.token.endpoint.url = null
	security.protocol = PLAINTEXT
	security.providers = null
	send.buffer.bytes = 131072
	socket.connection.setup.timeout.max.ms = 30000
	socket.connection.setup.timeout.ms = 10000
	ssl.cipher.suites = null
	ssl.enabled.protocols = [TLSv1.2, TLSv1.3]
	ssl.endpoint.identification.algorithm = https
	ssl.engine.factory.class = null
	ssl.key.password = null
	ssl.keymanager.algorithm = SunX509
	ssl.keystore.certificate.chain = null
	ssl.keystore.key = null
	ssl.keystore.location = null
	ssl.keystore.password = null
	ssl.keystore.type = JKS
	ssl.protocol = TLSv1.3
	ssl.provider = null
	ssl.secure.random.implementation = null
	ssl.trustmanager.algorithm = PKIX
	ssl.truststore.certificates = null
	ssl.truststore.location = null
	ssl.truststore.password = null
	ssl.truststore.type = JKS
	transaction.timeout.ms = 60000
	transactional.id = null
	value.serializer = class io.apicurio.registry.serde.avro.AvroKafkaSerializer

2025-07-31 15:52:54,235 INFO  [org.apa.kaf.com.tel.int.KafkaMetricsCollector] (main) initializing Kafka metrics collector
2025-07-31 15:52:54,238 INFO  [org.apa.kaf.cli.pro.KafkaProducer] (main) [Producer clientId=Producer-topic-5e4c4547_2a30_40e7_b130_431a315db3fb] Instantiated an idempotent producer.
2025-07-31 15:52:54,240 INFO  [org.apa.kaf.cli.pro.ProducerConfig] (main) These configurations '[apicurio.registry.find-latest, apicurio.registry.url, apicurio.registry.artifact-resolver-strategy]' were supplied but are not used yet.
2025-07-31 15:52:54,240 INFO  [org.apa.kaf.com.uti.AppInfoParser] (main) Kafka version: 3.9.0
2025-07-31 15:52:54,240 INFO  [org.apa.kaf.com.uti.AppInfoParser] (main) Kafka commitId: 84caaa6e9da06435
2025-07-31 15:52:54,240 INFO  [org.apa.kaf.com.uti.AppInfoParser] (main) Kafka startTimeMs: 1753977174240
2025-07-31 15:52:54,240 INFO  [io.api.tes.ser.api.SimpleSerdesTesterBuilder$SimpleSerdesTester] (main) Using producer configuration: {apicurio.registry.find-latest=true, apicurio.registry.url=http://registry-app-kafkasql.apps.ci419.apicurio-testing.org:80/apis/registry/v3, apicurio.registry.artifact-resolver-strategy=io.apicurio.registry.serde.avro.strategy.RecordIdStrategy, value.serializer=io.apicurio.registry.serde.avro.AvroKafkaSerializer, request.timeout.ms=5000, acks=all, bootstrap.servers=PLAINTEXT://localhost:32770, connections.max.idle.ms=10000, key.serializer=org.apache.kafka.common.serialization.StringSerializer, client.id=Producer-topic-5e4c4547_2a30_40e7_b130_431a315db3fb}
2025-07-31 15:52:54,240 INFO  [io.api.tes.ser.api.SimpleSerdesTesterBuilder$SimpleSerdesTester] (main) Using consumer configuration: {}
2025-07-31 15:52:54,241 INFO  [io.api.tes.ser.api.KafkaSerdesTester] (Thread-147) Sending message {"key11753977173064": "value-0"} to topic topic-5e4c4547_2a30_40e7_b130_431a315db3fb
2025-07-31 15:52:54,246 INFO  [org.apa.kaf.cli.Metadata] (kafka-producer-network-thread | Producer-topic-5e4c4547_2a30_40e7_b130_431a315db3fb) [Producer clientId=Producer-topic-5e4c4547_2a30_40e7_b130_431a315db3fb] Cluster ID: k5QcScx1TGu5ZEx470RFLw
2025-07-31 15:52:54,246 INFO  [org.apa.kaf.cli.pro.int.TransactionManager] (kafka-producer-network-thread | Producer-topic-5e4c4547_2a30_40e7_b130_431a315db3fb) [Producer clientId=Producer-topic-5e4c4547_2a30_40e7_b130_431a315db3fb] ProducerId set to 5 with epoch 0
2025-07-31 15:52:54,492 INFO  [io.api.tes.ser.api.KafkaSerdesTester] (Thread-147) Sending message {"key11753977173064": "value-1"} to topic topic-5e4c4547_2a30_40e7_b130_431a315db3fb
2025-07-31 15:52:54,494 INFO  [io.api.tes.ser.api.KafkaSerdesTester] (Thread-147) Sending message {"key11753977173064": "value-2"} to topic topic-5e4c4547_2a30_40e7_b130_431a315db3fb
2025-07-31 15:52:54,497 INFO  [io.api.tes.ser.api.KafkaSerdesTester] (Thread-147) Sending message {"key11753977173064": "value-3"} to topic topic-5e4c4547_2a30_40e7_b130_431a315db3fb
2025-07-31 15:52:54,499 INFO  [io.api.tes.ser.api.KafkaSerdesTester] (Thread-147) Sending message {"key11753977173064": "value-4"} to topic topic-5e4c4547_2a30_40e7_b130_431a315db3fb
2025-07-31 15:52:54,501 INFO  [io.api.tes.ser.api.KafkaSerdesTester] (Thread-147) Sending message {"key11753977173064": "value-5"} to topic topic-5e4c4547_2a30_40e7_b130_431a315db3fb
2025-07-31 15:52:54,503 INFO  [io.api.tes.ser.api.KafkaSerdesTester] (Thread-147) Sending message {"key11753977173064": "value-6"} to topic topic-5e4c4547_2a30_40e7_b130_431a315db3fb
2025-07-31 15:52:54,506 INFO  [io.api.tes.ser.api.KafkaSerdesTester] (Thread-147) Sending message {"key11753977173064": "value-7"} to topic topic-5e4c4547_2a30_40e7_b130_431a315db3fb
2025-07-31 15:52:54,508 INFO  [io.api.tes.ser.api.KafkaSerdesTester] (Thread-147) Sending message {"key11753977173064": "value-8"} to topic topic-5e4c4547_2a30_40e7_b130_431a315db3fb
2025-07-31 15:52:54,510 INFO  [io.api.tes.ser.api.KafkaSerdesTester] (Thread-147) Sending message {"key11753977173064": "value-9"} to topic topic-5e4c4547_2a30_40e7_b130_431a315db3fb
2025-07-31 15:52:54,513 INFO  [io.api.tes.ser.api.KafkaSerdesTester] (Thread-147) Produced 10 messages
2025-07-31 15:52:54,513 INFO  [org.apa.kaf.cli.pro.KafkaProducer] (Thread-147) [Producer clientId=Producer-topic-5e4c4547_2a30_40e7_b130_431a315db3fb] Closing the Kafka producer with timeoutMillis = 9223372036854775807 ms.
2025-07-31 15:52:54,516 INFO  [org.apa.kaf.com.met.Metrics] (Thread-147) Metrics scheduler closed
2025-07-31 15:52:54,516 INFO  [org.apa.kaf.com.met.Metrics] (Thread-147) Closing reporter org.apache.kafka.common.metrics.JmxReporter
2025-07-31 15:52:54,516 INFO  [org.apa.kaf.com.met.Metrics] (Thread-147) Closing reporter org.apache.kafka.common.telemetry.internals.ClientTelemetryReporter
2025-07-31 15:52:54,516 INFO  [org.apa.kaf.com.met.Metrics] (Thread-147) Metrics reporters closed
2025-07-31 15:52:54,516 INFO  [org.apa.kaf.com.uti.AppInfoParser] (Thread-147) App info kafka.producer for Producer-topic-5e4c4547_2a30_40e7_b130_431a315db3fb unregistered
2025-07-31 15:52:54,519 INFO  [org.apa.kaf.cli.con.ConsumerConfig] (main) ConsumerConfig values: 
	allow.auto.create.topics = true
	auto.commit.interval.ms = 500
	auto.include.jmx.reporter = true
	auto.offset.reset = earliest
	bootstrap.servers = [PLAINTEXT://localhost:32770]
	check.crcs = true
	client.dns.lookup = use_all_dns_ips
	client.id = consumer-Consumer-topic-5e4c4547_2a30_40e7_b130_431a315db3fb-5
	client.rack = 
	connections.max.idle.ms = 10000
	default.api.timeout.ms = 60000
	enable.auto.commit = true
	enable.metrics.push = true
	exclude.internal.topics = true
	fetch.max.bytes = 52428800
	fetch.max.wait.ms = 500
	fetch.min.bytes = 1
	group.id = Consumer-topic-5e4c4547_2a30_40e7_b130_431a315db3fb
	group.instance.id = null
	group.protocol = classic
	group.remote.assignor = null
	heartbeat.interval.ms = 3000
	interceptor.classes = []
	internal.leave.group.on.close = true
	internal.throw.on.fetch.stable.offset.unsupported = false
	isolation.level = read_uncommitted
	key.deserializer = class org.apache.kafka.common.serialization.StringDeserializer
	max.partition.fetch.bytes = 1048576
	max.poll.interval.ms = 300000
	max.poll.records = 500
	metadata.max.age.ms = 300000
	metadata.recovery.strategy = none
	metric.reporters = []
	metrics.num.samples = 2
	metrics.recording.level = INFO
	metrics.sample.window.ms = 30000
	partition.assignment.strategy = [class org.apache.kafka.clients.consumer.RangeAssignor, class org.apache.kafka.clients.consumer.CooperativeStickyAssignor]
	receive.buffer.bytes = 65536
	reconnect.backoff.max.ms = 1000
	reconnect.backoff.ms = 50
	request.timeout.ms = 5000
	retry.backoff.max.ms = 1000
	retry.backoff.ms = 100
	sasl.client.callback.handler.class = null
	sasl.jaas.config = null
	sasl.kerberos.kinit.cmd = /usr/bin/kinit
	sasl.kerberos.min.time.before.relogin = 60000
	sasl.kerberos.service.name = null
	sasl.kerberos.ticket.renew.jitter = 0.05
	sasl.kerberos.ticket.renew.window.factor = 0.8
	sasl.login.callback.handler.class = null
	sasl.login.class = null
	sasl.login.connect.timeout.ms = null
	sasl.login.read.timeout.ms = null
	sasl.login.refresh.buffer.seconds = 300
	sasl.login.refresh.min.period.seconds = 60
	sasl.login.refresh.window.factor = 0.8
	sasl.login.refresh.window.jitter = 0.05
	sasl.login.retry.backoff.max.ms = 10000
	sasl.login.retry.backoff.ms = 100
	sasl.mechanism = GSSAPI
	sasl.oauthbearer.clock.skew.seconds = 30
	sasl.oauthbearer.expected.audience = null
	sasl.oauthbearer.expected.issuer = null
	sasl.oauthbearer.header.urlencode = false
	sasl.oauthbearer.jwks.endpoint.refresh.ms = 3600000
	sasl.oauthbearer.jwks.endpoint.retry.backoff.max.ms = 10000
	sasl.oauthbearer.jwks.endpoint.retry.backoff.ms = 100
	sasl.oauthbearer.jwks.endpoint.url = null
	sasl.oauthbearer.scope.claim.name = scope
	sasl.oauthbearer.sub.claim.name = sub
	sasl.oauthbearer.token.endpoint.url = null
	security.protocol = PLAINTEXT
	security.providers = null
	send.buffer.bytes = 131072
	session.timeout.ms = 45000
	socket.connection.setup.timeout.max.ms = 30000
	socket.connection.setup.timeout.ms = 10000
	ssl.cipher.suites = null
	ssl.enabled.protocols = [TLSv1.2, TLSv1.3]
	ssl.endpoint.identification.algorithm = https
	ssl.engine.factory.class = null
	ssl.key.password = null
	ssl.keymanager.algorithm = SunX509
	ssl.keystore.certificate.chain = null
	ssl.keystore.key = null
	ssl.keystore.location = null
	ssl.keystore.password = null
	ssl.keystore.type = JKS
	ssl.protocol = TLSv1.3
	ssl.provider = null
	ssl.secure.random.implementation = null
	ssl.trustmanager.algorithm = PKIX
	ssl.truststore.certificates = null
	ssl.truststore.location = null
	ssl.truststore.password = null
	ssl.truststore.type = JKS
	value.deserializer = class io.apicurio.registry.serde.avro.AvroKafkaDeserializer

2025-07-31 15:52:54,519 INFO  [org.apa.kaf.com.tel.int.KafkaMetricsCollector] (main) initializing Kafka metrics collector
2025-07-31 15:52:54,529 INFO  [org.apa.kaf.cli.con.ConsumerConfig] (main) These configurations '[apicurio.registry.url]' were supplied but are not used yet.
2025-07-31 15:52:54,530 INFO  [org.apa.kaf.com.uti.AppInfoParser] (main) Kafka version: 3.9.0
2025-07-31 15:52:54,530 INFO  [org.apa.kaf.com.uti.AppInfoParser] (main) Kafka commitId: 84caaa6e9da06435
2025-07-31 15:52:54,530 INFO  [org.apa.kaf.com.uti.AppInfoParser] (main) Kafka startTimeMs: 1753977174530
2025-07-31 15:52:54,530 INFO  [org.apa.kaf.cli.con.int.ClassicKafkaConsumer] (Thread-150) [Consumer clientId=consumer-Consumer-topic-5e4c4547_2a30_40e7_b130_431a315db3fb-5, groupId=Consumer-topic-5e4c4547_2a30_40e7_b130_431a315db3fb] Subscribed to topic(s): topic-5e4c4547_2a30_40e7_b130_431a315db3fb
2025-07-31 15:52:54,539 INFO  [org.apa.kaf.cli.Metadata] (Thread-150) [Consumer clientId=consumer-Consumer-topic-5e4c4547_2a30_40e7_b130_431a315db3fb-5, groupId=Consumer-topic-5e4c4547_2a30_40e7_b130_431a315db3fb] Cluster ID: k5QcScx1TGu5ZEx470RFLw
2025-07-31 15:52:54,540 INFO  [org.apa.kaf.cli.con.int.ConsumerCoordinator] (Thread-150) [Consumer clientId=consumer-Consumer-topic-5e4c4547_2a30_40e7_b130_431a315db3fb-5, groupId=Consumer-topic-5e4c4547_2a30_40e7_b130_431a315db3fb] Discovered group coordinator localhost:32770 (id: 2147483647 rack: null)
2025-07-31 15:52:54,542 INFO  [org.apa.kaf.cli.con.int.ConsumerCoordinator] (Thread-150) [Consumer clientId=consumer-Consumer-topic-5e4c4547_2a30_40e7_b130_431a315db3fb-5, groupId=Consumer-topic-5e4c4547_2a30_40e7_b130_431a315db3fb] (Re-)joining group
2025-07-31 15:52:54,551 INFO  [org.apa.kaf.cli.con.int.ConsumerCoordinator] (Thread-150) [Consumer clientId=consumer-Consumer-topic-5e4c4547_2a30_40e7_b130_431a315db3fb-5, groupId=Consumer-topic-5e4c4547_2a30_40e7_b130_431a315db3fb] Request joining group due to: need to re-join with the given member-id: consumer-Consumer-topic-5e4c4547_2a30_40e7_b130_431a315db3fb-5-7f59aeee-59d7-4087-9619-0961efab5c20
2025-07-31 15:52:54,552 INFO  [org.apa.kaf.cli.con.int.ConsumerCoordinator] (Thread-150) [Consumer clientId=consumer-Consumer-topic-5e4c4547_2a30_40e7_b130_431a315db3fb-5, groupId=Consumer-topic-5e4c4547_2a30_40e7_b130_431a315db3fb] (Re-)joining group
2025-07-31 15:52:54,557 INFO  [org.apa.kaf.cli.con.int.ConsumerCoordinator] (Thread-150) [Consumer clientId=consumer-Consumer-topic-5e4c4547_2a30_40e7_b130_431a315db3fb-5, groupId=Consumer-topic-5e4c4547_2a30_40e7_b130_431a315db3fb] Successfully joined group with generation Generation{generationId=1, memberId='consumer-Consumer-topic-5e4c4547_2a30_40e7_b130_431a315db3fb-5-7f59aeee-59d7-4087-9619-0961efab5c20', protocol='range'}
2025-07-31 15:52:54,557 INFO  [org.apa.kaf.cli.con.int.ConsumerCoordinator] (Thread-150) [Consumer clientId=consumer-Consumer-topic-5e4c4547_2a30_40e7_b130_431a315db3fb-5, groupId=Consumer-topic-5e4c4547_2a30_40e7_b130_431a315db3fb] Finished assignment for group at generation 1: {consumer-Consumer-topic-5e4c4547_2a30_40e7_b130_431a315db3fb-5-7f59aeee-59d7-4087-9619-0961efab5c20=Assignment(partitions=[topic-5e4c4547_2a30_40e7_b130_431a315db3fb-0])}
2025-07-31 15:52:54,563 INFO  [org.apa.kaf.cli.con.int.ConsumerCoordinator] (Thread-150) [Consumer clientId=consumer-Consumer-topic-5e4c4547_2a30_40e7_b130_431a315db3fb-5, groupId=Consumer-topic-5e4c4547_2a30_40e7_b130_431a315db3fb] Successfully synced group in generation Generation{generationId=1, memberId='consumer-Consumer-topic-5e4c4547_2a30_40e7_b130_431a315db3fb-5-7f59aeee-59d7-4087-9619-0961efab5c20', protocol='range'}
2025-07-31 15:52:54,563 INFO  [org.apa.kaf.cli.con.int.ConsumerCoordinator] (Thread-150) [Consumer clientId=consumer-Consumer-topic-5e4c4547_2a30_40e7_b130_431a315db3fb-5, groupId=Consumer-topic-5e4c4547_2a30_40e7_b130_431a315db3fb] Notifying assignor about the new Assignment(partitions=[topic-5e4c4547_2a30_40e7_b130_431a315db3fb-0])
2025-07-31 15:52:54,563 INFO  [org.apa.kaf.cli.con.int.ConsumerRebalanceListenerInvoker] (Thread-150) [Consumer clientId=consumer-Consumer-topic-5e4c4547_2a30_40e7_b130_431a315db3fb-5, groupId=Consumer-topic-5e4c4547_2a30_40e7_b130_431a315db3fb] Adding newly assigned partitions: topic-5e4c4547_2a30_40e7_b130_431a315db3fb-0
2025-07-31 15:52:54,565 INFO  [org.apa.kaf.cli.con.int.ConsumerCoordinator] (Thread-150) [Consumer clientId=consumer-Consumer-topic-5e4c4547_2a30_40e7_b130_431a315db3fb-5, groupId=Consumer-topic-5e4c4547_2a30_40e7_b130_431a315db3fb] Found no committed offset for partition topic-5e4c4547_2a30_40e7_b130_431a315db3fb-0
2025-07-31 15:52:54,573 INFO  [org.apa.kaf.cli.con.int.SubscriptionState] (Thread-150) [Consumer clientId=consumer-Consumer-topic-5e4c4547_2a30_40e7_b130_431a315db3fb-5, groupId=Consumer-topic-5e4c4547_2a30_40e7_b130_431a315db3fb] Resetting offset for partition topic-5e4c4547_2a30_40e7_b130_431a315db3fb-0 to position FetchPosition{offset=0, offsetEpoch=Optional.empty, currentLeader=LeaderAndEpoch{leader=Optional[localhost:32770 (id: 0 rack: null)], epoch=0}}.
2025-07-31 15:52:54,771 INFO  [io.api.tes.ser.api.KafkaSerdesTester] (Thread-150) topic-5e4c4547_2a30_40e7_b130_431a315db3fb 0 0 {"key11753977173064": "value-0"}
2025-07-31 15:52:54,771 INFO  [io.api.tes.ser.api.KafkaSerdesTester] (Thread-150) topic-5e4c4547_2a30_40e7_b130_431a315db3fb 0 1 {"key11753977173064": "value-1"}
2025-07-31 15:52:54,771 INFO  [io.api.tes.ser.api.KafkaSerdesTester] (Thread-150) topic-5e4c4547_2a30_40e7_b130_431a315db3fb 0 2 {"key11753977173064": "value-2"}
2025-07-31 15:52:54,771 INFO  [io.api.tes.ser.api.KafkaSerdesTester] (Thread-150) topic-5e4c4547_2a30_40e7_b130_431a315db3fb 0 3 {"key11753977173064": "value-3"}
2025-07-31 15:52:54,771 INFO  [io.api.tes.ser.api.KafkaSerdesTester] (Thread-150) topic-5e4c4547_2a30_40e7_b130_431a315db3fb 0 4 {"key11753977173064": "value-4"}
2025-07-31 15:52:54,771 INFO  [io.api.tes.ser.api.KafkaSerdesTester] (Thread-150) topic-5e4c4547_2a30_40e7_b130_431a315db3fb 0 5 {"key11753977173064": "value-5"}
2025-07-31 15:52:54,771 INFO  [io.api.tes.ser.api.KafkaSerdesTester] (Thread-150) topic-5e4c4547_2a30_40e7_b130_431a315db3fb 0 6 {"key11753977173064": "value-6"}
2025-07-31 15:52:54,771 INFO  [io.api.tes.ser.api.KafkaSerdesTester] (Thread-150) topic-5e4c4547_2a30_40e7_b130_431a315db3fb 0 7 {"key11753977173064": "value-7"}
2025-07-31 15:52:54,771 INFO  [io.api.tes.ser.api.KafkaSerdesTester] (Thread-150) topic-5e4c4547_2a30_40e7_b130_431a315db3fb 0 8 {"key11753977173064": "value-8"}
2025-07-31 15:52:54,771 INFO  [io.api.tes.ser.api.KafkaSerdesTester] (Thread-150) topic-5e4c4547_2a30_40e7_b130_431a315db3fb 0 9 {"key11753977173064": "value-9"}
2025-07-31 15:52:54,771 INFO  [io.api.tes.ser.api.KafkaSerdesTester] (Thread-150) Consumed 10 messages
2025-07-31 15:52:54,775 INFO  [org.apa.kaf.cli.con.int.ConsumerRebalanceListenerInvoker] (Thread-150) [Consumer clientId=consumer-Consumer-topic-5e4c4547_2a30_40e7_b130_431a315db3fb-5, groupId=Consumer-topic-5e4c4547_2a30_40e7_b130_431a315db3fb] Revoke previously assigned partitions topic-5e4c4547_2a30_40e7_b130_431a315db3fb-0
2025-07-31 15:52:54,775 INFO  [org.apa.kaf.cli.con.int.ConsumerCoordinator] (Thread-150) [Consumer clientId=consumer-Consumer-topic-5e4c4547_2a30_40e7_b130_431a315db3fb-5, groupId=Consumer-topic-5e4c4547_2a30_40e7_b130_431a315db3fb] Member consumer-Consumer-topic-5e4c4547_2a30_40e7_b130_431a315db3fb-5-7f59aeee-59d7-4087-9619-0961efab5c20 sending LeaveGroup request to coordinator localhost:32770 (id: 2147483647 rack: null) due to the consumer is being closed
2025-07-31 15:52:54,775 INFO  [org.apa.kaf.cli.con.int.ConsumerCoordinator] (Thread-150) [Consumer clientId=consumer-Consumer-topic-5e4c4547_2a30_40e7_b130_431a315db3fb-5, groupId=Consumer-topic-5e4c4547_2a30_40e7_b130_431a315db3fb] Resetting generation and member id due to: consumer pro-actively leaving the group
2025-07-31 15:52:54,775 INFO  [org.apa.kaf.cli.con.int.ConsumerCoordinator] (Thread-150) [Consumer clientId=consumer-Consumer-topic-5e4c4547_2a30_40e7_b130_431a315db3fb-5, groupId=Consumer-topic-5e4c4547_2a30_40e7_b130_431a315db3fb] Request joining group due to: consumer pro-actively leaving the group
2025-07-31 15:52:55,276 INFO  [org.apa.kaf.com.met.Metrics] (Thread-150) Metrics scheduler closed
2025-07-31 15:52:55,276 INFO  [org.apa.kaf.com.met.Metrics] (Thread-150) Closing reporter org.apache.kafka.common.metrics.JmxReporter
2025-07-31 15:52:55,276 INFO  [org.apa.kaf.com.met.Metrics] (Thread-150) Closing reporter org.apache.kafka.common.telemetry.internals.ClientTelemetryReporter
2025-07-31 15:52:55,277 INFO  [org.apa.kaf.com.met.Metrics] (Thread-150) Metrics reporters closed
2025-07-31 15:52:55,282 INFO  [org.apa.kaf.com.uti.AppInfoParser] (Thread-150) App info kafka.consumer for consumer-Consumer-topic-5e4c4547_2a30_40e7_b130_431a315db3fb-5 unregistered
2025-07-31 15:52:55,283 INFO  [io.api.tes.uti.TestSeparator] (main) io.apicurio.tests.serdes.apicurio.AvroSerdeIT.testRecordIdStrategydFindLatest-FINISHED
2025-07-31 15:52:55,283 INFO  [io.api.tes.uti.TestSeparator] (main) ############################################################################
]]></system-out>
  </testcase>
  <testcase name="testReflectAutoRegister" classname="io.apicurio.tests.serdes.apicurio.AvroSerdeIT" time="1.255">
    <system-out><![CDATA[2025-07-31 15:52:55,287 INFO  [io.api.tes.uti.TestSeparator] (main) ############################################################################
2025-07-31 15:52:55,287 INFO  [io.api.tes.uti.TestSeparator] (main) io.apicurio.tests.serdes.apicurio.AvroSerdeIT.testReflectAutoRegister-STARTED
2025-07-31 15:52:55,293 INFO  [org.apa.kaf.cli.pro.ProducerConfig] (main) ProducerConfig values: 
	acks = -1
	auto.include.jmx.reporter = true
	batch.size = 16384
	bootstrap.servers = [PLAINTEXT://localhost:32770]
	buffer.memory = 33554432
	client.dns.lookup = use_all_dns_ips
	client.id = Producer-topic-f4faf204_fd84_4896_acdf_9823137b69f7
	compression.gzip.level = -1
	compression.lz4.level = 9
	compression.type = none
	compression.zstd.level = 3
	connections.max.idle.ms = 10000
	delivery.timeout.ms = 120000
	enable.idempotence = true
	enable.metrics.push = true
	interceptor.classes = []
	key.serializer = class org.apache.kafka.common.serialization.StringSerializer
	linger.ms = 0
	max.block.ms = 60000
	max.in.flight.requests.per.connection = 5
	max.request.size = 1048576
	metadata.max.age.ms = 300000
	metadata.max.idle.ms = 300000
	metadata.recovery.strategy = none
	metric.reporters = []
	metrics.num.samples = 2
	metrics.recording.level = INFO
	metrics.sample.window.ms = 30000
	partitioner.adaptive.partitioning.enable = true
	partitioner.availability.timeout.ms = 0
	partitioner.class = null
	partitioner.ignore.keys = false
	receive.buffer.bytes = 32768
	reconnect.backoff.max.ms = 1000
	reconnect.backoff.ms = 50
	request.timeout.ms = 5000
	retries = 2147483647
	retry.backoff.max.ms = 1000
	retry.backoff.ms = 100
	sasl.client.callback.handler.class = null
	sasl.jaas.config = null
	sasl.kerberos.kinit.cmd = /usr/bin/kinit
	sasl.kerberos.min.time.before.relogin = 60000
	sasl.kerberos.service.name = null
	sasl.kerberos.ticket.renew.jitter = 0.05
	sasl.kerberos.ticket.renew.window.factor = 0.8
	sasl.login.callback.handler.class = null
	sasl.login.class = null
	sasl.login.connect.timeout.ms = null
	sasl.login.read.timeout.ms = null
	sasl.login.refresh.buffer.seconds = 300
	sasl.login.refresh.min.period.seconds = 60
	sasl.login.refresh.window.factor = 0.8
	sasl.login.refresh.window.jitter = 0.05
	sasl.login.retry.backoff.max.ms = 10000
	sasl.login.retry.backoff.ms = 100
	sasl.mechanism = GSSAPI
	sasl.oauthbearer.clock.skew.seconds = 30
	sasl.oauthbearer.expected.audience = null
	sasl.oauthbearer.expected.issuer = null
	sasl.oauthbearer.header.urlencode = false
	sasl.oauthbearer.jwks.endpoint.refresh.ms = 3600000
	sasl.oauthbearer.jwks.endpoint.retry.backoff.max.ms = 10000
	sasl.oauthbearer.jwks.endpoint.retry.backoff.ms = 100
	sasl.oauthbearer.jwks.endpoint.url = null
	sasl.oauthbearer.scope.claim.name = scope
	sasl.oauthbearer.sub.claim.name = sub
	sasl.oauthbearer.token.endpoint.url = null
	security.protocol = PLAINTEXT
	security.providers = null
	send.buffer.bytes = 131072
	socket.connection.setup.timeout.max.ms = 30000
	socket.connection.setup.timeout.ms = 10000
	ssl.cipher.suites = null
	ssl.enabled.protocols = [TLSv1.2, TLSv1.3]
	ssl.endpoint.identification.algorithm = https
	ssl.engine.factory.class = null
	ssl.key.password = null
	ssl.keymanager.algorithm = SunX509
	ssl.keystore.certificate.chain = null
	ssl.keystore.key = null
	ssl.keystore.location = null
	ssl.keystore.password = null
	ssl.keystore.type = JKS
	ssl.protocol = TLSv1.3
	ssl.provider = null
	ssl.secure.random.implementation = null
	ssl.trustmanager.algorithm = PKIX
	ssl.truststore.certificates = null
	ssl.truststore.location = null
	ssl.truststore.password = null
	ssl.truststore.type = JKS
	transaction.timeout.ms = 60000
	transactional.id = null
	value.serializer = class io.apicurio.registry.serde.avro.AvroKafkaSerializer

2025-07-31 15:52:55,293 INFO  [org.apa.kaf.com.tel.int.KafkaMetricsCollector] (main) initializing Kafka metrics collector
2025-07-31 15:52:55,320 INFO  [org.apa.kaf.cli.pro.KafkaProducer] (main) [Producer clientId=Producer-topic-f4faf204_fd84_4896_acdf_9823137b69f7] Instantiated an idempotent producer.
2025-07-31 15:52:55,329 INFO  [org.apa.kaf.cli.pro.ProducerConfig] (main) These configurations '[apicurio.registry.url, apicurio.registry.auto-register, apicurio.registry.artifact-resolver-strategy, apicurio.registry.avro-datum-provider]' were supplied but are not used yet.
2025-07-31 15:52:55,329 INFO  [org.apa.kaf.com.uti.AppInfoParser] (main) Kafka version: 3.9.0
2025-07-31 15:52:55,329 INFO  [org.apa.kaf.com.uti.AppInfoParser] (main) Kafka commitId: 84caaa6e9da06435
2025-07-31 15:52:55,329 INFO  [org.apa.kaf.com.uti.AppInfoParser] (main) Kafka startTimeMs: 1753977175329
2025-07-31 15:52:55,329 INFO  [io.api.tes.ser.api.SimpleSerdesTesterBuilder$SimpleSerdesTester] (main) Using producer configuration: {apicurio.registry.url=http://registry-app-kafkasql.apps.ci419.apicurio-testing.org:80/apis/registry/v3, apicurio.registry.auto-register=true, apicurio.registry.artifact-resolver-strategy=io.apicurio.registry.serde.strategy.TopicIdStrategy, value.serializer=io.apicurio.registry.serde.avro.AvroKafkaSerializer, request.timeout.ms=5000, acks=all, bootstrap.servers=PLAINTEXT://localhost:32770, connections.max.idle.ms=10000, key.serializer=org.apache.kafka.common.serialization.StringSerializer, apicurio.registry.avro-datum-provider=io.apicurio.registry.serde.avro.ReflectAvroDatumProvider, client.id=Producer-topic-f4faf204_fd84_4896_acdf_9823137b69f7}
2025-07-31 15:52:55,329 INFO  [io.api.tes.ser.api.SimpleSerdesTesterBuilder$SimpleSerdesTester] (main) Using consumer configuration: {apicurio.registry.avro-datum-provider=io.apicurio.registry.serde.avro.ReflectAvroDatumProvider}
2025-07-31 15:52:55,331 INFO  [io.api.tes.ser.api.KafkaSerdesTester] (Thread-153) Sending message io.apicurio.tests.common.serdes.TestObject@3dbd29cb to topic topic-f4faf204_fd84_4896_acdf_9823137b69f7
2025-07-31 15:52:55,352 WARN  [org.apa.kaf.cli.NetworkClient] (kafka-producer-network-thread | Producer-topic-f4faf204_fd84_4896_acdf_9823137b69f7) [Producer clientId=Producer-topic-f4faf204_fd84_4896_acdf_9823137b69f7] The metadata response from the cluster reported a recoverable issue with correlation id 2 : {topic-f4faf204_fd84_4896_acdf_9823137b69f7=LEADER_NOT_AVAILABLE}
2025-07-31 15:52:55,352 INFO  [org.apa.kaf.cli.Metadata] (kafka-producer-network-thread | Producer-topic-f4faf204_fd84_4896_acdf_9823137b69f7) [Producer clientId=Producer-topic-f4faf204_fd84_4896_acdf_9823137b69f7] Cluster ID: k5QcScx1TGu5ZEx470RFLw
2025-07-31 15:52:55,352 INFO  [org.apa.kaf.cli.pro.int.TransactionManager] (kafka-producer-network-thread | Producer-topic-f4faf204_fd84_4896_acdf_9823137b69f7) [Producer clientId=Producer-topic-f4faf204_fd84_4896_acdf_9823137b69f7] ProducerId set to 6 with epoch 0
2025-07-31 15:52:55,658 INFO  [io.api.tes.ser.api.KafkaSerdesTester] (Thread-153) Sending message io.apicurio.tests.common.serdes.TestObject@3dbd29cb to topic topic-f4faf204_fd84_4896_acdf_9823137b69f7
2025-07-31 15:52:55,660 INFO  [io.api.tes.ser.api.KafkaSerdesTester] (Thread-153) Sending message io.apicurio.tests.common.serdes.TestObject@3dbd29cb to topic topic-f4faf204_fd84_4896_acdf_9823137b69f7
2025-07-31 15:52:55,663 INFO  [io.api.tes.ser.api.KafkaSerdesTester] (Thread-153) Sending message io.apicurio.tests.common.serdes.TestObject@3dbd29cb to topic topic-f4faf204_fd84_4896_acdf_9823137b69f7
2025-07-31 15:52:55,666 INFO  [io.api.tes.ser.api.KafkaSerdesTester] (Thread-153) Sending message io.apicurio.tests.common.serdes.TestObject@3dbd29cb to topic topic-f4faf204_fd84_4896_acdf_9823137b69f7
2025-07-31 15:52:55,669 INFO  [io.api.tes.ser.api.KafkaSerdesTester] (Thread-153) Sending message io.apicurio.tests.common.serdes.TestObject@3dbd29cb to topic topic-f4faf204_fd84_4896_acdf_9823137b69f7
2025-07-31 15:52:55,671 INFO  [io.api.tes.ser.api.KafkaSerdesTester] (Thread-153) Sending message io.apicurio.tests.common.serdes.TestObject@3dbd29cb to topic topic-f4faf204_fd84_4896_acdf_9823137b69f7
2025-07-31 15:52:55,674 INFO  [io.api.tes.ser.api.KafkaSerdesTester] (Thread-153) Sending message io.apicurio.tests.common.serdes.TestObject@3dbd29cb to topic topic-f4faf204_fd84_4896_acdf_9823137b69f7
2025-07-31 15:52:55,676 INFO  [io.api.tes.ser.api.KafkaSerdesTester] (Thread-153) Sending message io.apicurio.tests.common.serdes.TestObject@3dbd29cb to topic topic-f4faf204_fd84_4896_acdf_9823137b69f7
2025-07-31 15:52:55,678 INFO  [io.api.tes.ser.api.KafkaSerdesTester] (Thread-153) Sending message io.apicurio.tests.common.serdes.TestObject@3dbd29cb to topic topic-f4faf204_fd84_4896_acdf_9823137b69f7
2025-07-31 15:52:55,680 INFO  [io.api.tes.ser.api.KafkaSerdesTester] (Thread-153) Produced 10 messages
2025-07-31 15:52:55,680 INFO  [org.apa.kaf.cli.pro.KafkaProducer] (Thread-153) [Producer clientId=Producer-topic-f4faf204_fd84_4896_acdf_9823137b69f7] Closing the Kafka producer with timeoutMillis = 9223372036854775807 ms.
2025-07-31 15:52:55,683 INFO  [org.apa.kaf.com.met.Metrics] (Thread-153) Metrics scheduler closed
2025-07-31 15:52:55,683 INFO  [org.apa.kaf.com.met.Metrics] (Thread-153) Closing reporter org.apache.kafka.common.metrics.JmxReporter
2025-07-31 15:52:55,683 INFO  [org.apa.kaf.com.met.Metrics] (Thread-153) Closing reporter org.apache.kafka.common.telemetry.internals.ClientTelemetryReporter
2025-07-31 15:52:55,683 INFO  [org.apa.kaf.com.met.Metrics] (Thread-153) Metrics reporters closed
2025-07-31 15:52:55,684 INFO  [org.apa.kaf.com.uti.AppInfoParser] (Thread-153) App info kafka.producer for Producer-topic-f4faf204_fd84_4896_acdf_9823137b69f7 unregistered
2025-07-31 15:52:55,810 INFO  [org.apa.kaf.cli.con.ConsumerConfig] (main) ConsumerConfig values: 
	allow.auto.create.topics = true
	auto.commit.interval.ms = 500
	auto.include.jmx.reporter = true
	auto.offset.reset = earliest
	bootstrap.servers = [PLAINTEXT://localhost:32770]
	check.crcs = true
	client.dns.lookup = use_all_dns_ips
	client.id = consumer-Consumer-topic-f4faf204_fd84_4896_acdf_9823137b69f7-6
	client.rack = 
	connections.max.idle.ms = 10000
	default.api.timeout.ms = 60000
	enable.auto.commit = true
	enable.metrics.push = true
	exclude.internal.topics = true
	fetch.max.bytes = 52428800
	fetch.max.wait.ms = 500
	fetch.min.bytes = 1
	group.id = Consumer-topic-f4faf204_fd84_4896_acdf_9823137b69f7
	group.instance.id = null
	group.protocol = classic
	group.remote.assignor = null
	heartbeat.interval.ms = 3000
	interceptor.classes = []
	internal.leave.group.on.close = true
	internal.throw.on.fetch.stable.offset.unsupported = false
	isolation.level = read_uncommitted
	key.deserializer = class org.apache.kafka.common.serialization.StringDeserializer
	max.partition.fetch.bytes = 1048576
	max.poll.interval.ms = 300000
	max.poll.records = 500
	metadata.max.age.ms = 300000
	metadata.recovery.strategy = none
	metric.reporters = []
	metrics.num.samples = 2
	metrics.recording.level = INFO
	metrics.sample.window.ms = 30000
	partition.assignment.strategy = [class org.apache.kafka.clients.consumer.RangeAssignor, class org.apache.kafka.clients.consumer.CooperativeStickyAssignor]
	receive.buffer.bytes = 65536
	reconnect.backoff.max.ms = 1000
	reconnect.backoff.ms = 50
	request.timeout.ms = 5000
	retry.backoff.max.ms = 1000
	retry.backoff.ms = 100
	sasl.client.callback.handler.class = null
	sasl.jaas.config = null
	sasl.kerberos.kinit.cmd = /usr/bin/kinit
	sasl.kerberos.min.time.before.relogin = 60000
	sasl.kerberos.service.name = null
	sasl.kerberos.ticket.renew.jitter = 0.05
	sasl.kerberos.ticket.renew.window.factor = 0.8
	sasl.login.callback.handler.class = null
	sasl.login.class = null
	sasl.login.connect.timeout.ms = null
	sasl.login.read.timeout.ms = null
	sasl.login.refresh.buffer.seconds = 300
	sasl.login.refresh.min.period.seconds = 60
	sasl.login.refresh.window.factor = 0.8
	sasl.login.refresh.window.jitter = 0.05
	sasl.login.retry.backoff.max.ms = 10000
	sasl.login.retry.backoff.ms = 100
	sasl.mechanism = GSSAPI
	sasl.oauthbearer.clock.skew.seconds = 30
	sasl.oauthbearer.expected.audience = null
	sasl.oauthbearer.expected.issuer = null
	sasl.oauthbearer.header.urlencode = false
	sasl.oauthbearer.jwks.endpoint.refresh.ms = 3600000
	sasl.oauthbearer.jwks.endpoint.retry.backoff.max.ms = 10000
	sasl.oauthbearer.jwks.endpoint.retry.backoff.ms = 100
	sasl.oauthbearer.jwks.endpoint.url = null
	sasl.oauthbearer.scope.claim.name = scope
	sasl.oauthbearer.sub.claim.name = sub
	sasl.oauthbearer.token.endpoint.url = null
	security.protocol = PLAINTEXT
	security.providers = null
	send.buffer.bytes = 131072
	session.timeout.ms = 45000
	socket.connection.setup.timeout.max.ms = 30000
	socket.connection.setup.timeout.ms = 10000
	ssl.cipher.suites = null
	ssl.enabled.protocols = [TLSv1.2, TLSv1.3]
	ssl.endpoint.identification.algorithm = https
	ssl.engine.factory.class = null
	ssl.key.password = null
	ssl.keymanager.algorithm = SunX509
	ssl.keystore.certificate.chain = null
	ssl.keystore.key = null
	ssl.keystore.location = null
	ssl.keystore.password = null
	ssl.keystore.type = JKS
	ssl.protocol = TLSv1.3
	ssl.provider = null
	ssl.secure.random.implementation = null
	ssl.trustmanager.algorithm = PKIX
	ssl.truststore.certificates = null
	ssl.truststore.location = null
	ssl.truststore.password = null
	ssl.truststore.type = JKS
	value.deserializer = class io.apicurio.registry.serde.avro.AvroKafkaDeserializer

2025-07-31 15:52:55,811 INFO  [org.apa.kaf.com.tel.int.KafkaMetricsCollector] (main) initializing Kafka metrics collector
2025-07-31 15:52:55,818 INFO  [org.apa.kaf.cli.con.ConsumerConfig] (main) These configurations '[apicurio.registry.url, apicurio.registry.avro-datum-provider]' were supplied but are not used yet.
2025-07-31 15:52:55,818 INFO  [org.apa.kaf.com.uti.AppInfoParser] (main) Kafka version: 3.9.0
2025-07-31 15:52:55,818 INFO  [org.apa.kaf.com.uti.AppInfoParser] (main) Kafka commitId: 84caaa6e9da06435
2025-07-31 15:52:55,818 INFO  [org.apa.kaf.com.uti.AppInfoParser] (main) Kafka startTimeMs: 1753977175818
2025-07-31 15:52:55,819 INFO  [org.apa.kaf.cli.con.int.ClassicKafkaConsumer] (Thread-156) [Consumer clientId=consumer-Consumer-topic-f4faf204_fd84_4896_acdf_9823137b69f7-6, groupId=Consumer-topic-f4faf204_fd84_4896_acdf_9823137b69f7] Subscribed to topic(s): topic-f4faf204_fd84_4896_acdf_9823137b69f7
2025-07-31 15:52:55,827 INFO  [org.apa.kaf.cli.Metadata] (Thread-156) [Consumer clientId=consumer-Consumer-topic-f4faf204_fd84_4896_acdf_9823137b69f7-6, groupId=Consumer-topic-f4faf204_fd84_4896_acdf_9823137b69f7] Cluster ID: k5QcScx1TGu5ZEx470RFLw
2025-07-31 15:52:55,828 INFO  [org.apa.kaf.cli.con.int.ConsumerCoordinator] (Thread-156) [Consumer clientId=consumer-Consumer-topic-f4faf204_fd84_4896_acdf_9823137b69f7-6, groupId=Consumer-topic-f4faf204_fd84_4896_acdf_9823137b69f7] Discovered group coordinator localhost:32770 (id: 2147483647 rack: null)
2025-07-31 15:52:55,829 INFO  [org.apa.kaf.cli.con.int.ConsumerCoordinator] (Thread-156) [Consumer clientId=consumer-Consumer-topic-f4faf204_fd84_4896_acdf_9823137b69f7-6, groupId=Consumer-topic-f4faf204_fd84_4896_acdf_9823137b69f7] (Re-)joining group
2025-07-31 15:52:55,833 INFO  [org.apa.kaf.cli.con.int.ConsumerCoordinator] (Thread-156) [Consumer clientId=consumer-Consumer-topic-f4faf204_fd84_4896_acdf_9823137b69f7-6, groupId=Consumer-topic-f4faf204_fd84_4896_acdf_9823137b69f7] Request joining group due to: need to re-join with the given member-id: consumer-Consumer-topic-f4faf204_fd84_4896_acdf_9823137b69f7-6-edae1dee-fa90-43ab-aeeb-12395aa0da01
2025-07-31 15:52:55,833 INFO  [org.apa.kaf.cli.con.int.ConsumerCoordinator] (Thread-156) [Consumer clientId=consumer-Consumer-topic-f4faf204_fd84_4896_acdf_9823137b69f7-6, groupId=Consumer-topic-f4faf204_fd84_4896_acdf_9823137b69f7] (Re-)joining group
2025-07-31 15:52:55,836 INFO  [org.apa.kaf.cli.con.int.ConsumerCoordinator] (Thread-156) [Consumer clientId=consumer-Consumer-topic-f4faf204_fd84_4896_acdf_9823137b69f7-6, groupId=Consumer-topic-f4faf204_fd84_4896_acdf_9823137b69f7] Successfully joined group with generation Generation{generationId=1, memberId='consumer-Consumer-topic-f4faf204_fd84_4896_acdf_9823137b69f7-6-edae1dee-fa90-43ab-aeeb-12395aa0da01', protocol='range'}
2025-07-31 15:52:55,836 INFO  [org.apa.kaf.cli.con.int.ConsumerCoordinator] (Thread-156) [Consumer clientId=consumer-Consumer-topic-f4faf204_fd84_4896_acdf_9823137b69f7-6, groupId=Consumer-topic-f4faf204_fd84_4896_acdf_9823137b69f7] Finished assignment for group at generation 1: {consumer-Consumer-topic-f4faf204_fd84_4896_acdf_9823137b69f7-6-edae1dee-fa90-43ab-aeeb-12395aa0da01=Assignment(partitions=[topic-f4faf204_fd84_4896_acdf_9823137b69f7-0])}
2025-07-31 15:52:55,839 INFO  [org.apa.kaf.cli.con.int.ConsumerCoordinator] (Thread-156) [Consumer clientId=consumer-Consumer-topic-f4faf204_fd84_4896_acdf_9823137b69f7-6, groupId=Consumer-topic-f4faf204_fd84_4896_acdf_9823137b69f7] Successfully synced group in generation Generation{generationId=1, memberId='consumer-Consumer-topic-f4faf204_fd84_4896_acdf_9823137b69f7-6-edae1dee-fa90-43ab-aeeb-12395aa0da01', protocol='range'}
2025-07-31 15:52:55,839 INFO  [org.apa.kaf.cli.con.int.ConsumerCoordinator] (Thread-156) [Consumer clientId=consumer-Consumer-topic-f4faf204_fd84_4896_acdf_9823137b69f7-6, groupId=Consumer-topic-f4faf204_fd84_4896_acdf_9823137b69f7] Notifying assignor about the new Assignment(partitions=[topic-f4faf204_fd84_4896_acdf_9823137b69f7-0])
2025-07-31 15:52:55,839 INFO  [org.apa.kaf.cli.con.int.ConsumerRebalanceListenerInvoker] (Thread-156) [Consumer clientId=consumer-Consumer-topic-f4faf204_fd84_4896_acdf_9823137b69f7-6, groupId=Consumer-topic-f4faf204_fd84_4896_acdf_9823137b69f7] Adding newly assigned partitions: topic-f4faf204_fd84_4896_acdf_9823137b69f7-0
2025-07-31 15:52:55,840 INFO  [org.apa.kaf.cli.con.int.ConsumerCoordinator] (Thread-156) [Consumer clientId=consumer-Consumer-topic-f4faf204_fd84_4896_acdf_9823137b69f7-6, groupId=Consumer-topic-f4faf204_fd84_4896_acdf_9823137b69f7] Found no committed offset for partition topic-f4faf204_fd84_4896_acdf_9823137b69f7-0
2025-07-31 15:52:55,845 INFO  [org.apa.kaf.cli.con.int.SubscriptionState] (Thread-156) [Consumer clientId=consumer-Consumer-topic-f4faf204_fd84_4896_acdf_9823137b69f7-6, groupId=Consumer-topic-f4faf204_fd84_4896_acdf_9823137b69f7] Resetting offset for partition topic-f4faf204_fd84_4896_acdf_9823137b69f7-0 to position FetchPosition{offset=0, offsetEpoch=Optional.empty, currentLeader=LeaderAndEpoch{leader=Optional[localhost:32770 (id: 0 rack: null)], epoch=0}}.
2025-07-31 15:52:56,029 INFO  [io.api.tes.ser.api.KafkaSerdesTester] (Thread-156) topic-f4faf204_fd84_4896_acdf_9823137b69f7 0 0 io.apicurio.tests.common.serdes.TestObject@3dbd29cb
2025-07-31 15:52:56,029 INFO  [io.api.tes.ser.api.KafkaSerdesTester] (Thread-156) topic-f4faf204_fd84_4896_acdf_9823137b69f7 0 1 io.apicurio.tests.common.serdes.TestObject@3dbd29cb
2025-07-31 15:52:56,029 INFO  [io.api.tes.ser.api.KafkaSerdesTester] (Thread-156) topic-f4faf204_fd84_4896_acdf_9823137b69f7 0 2 io.apicurio.tests.common.serdes.TestObject@3dbd29cb
2025-07-31 15:52:56,029 INFO  [io.api.tes.ser.api.KafkaSerdesTester] (Thread-156) topic-f4faf204_fd84_4896_acdf_9823137b69f7 0 3 io.apicurio.tests.common.serdes.TestObject@3dbd29cb
2025-07-31 15:52:56,029 INFO  [io.api.tes.ser.api.KafkaSerdesTester] (Thread-156) topic-f4faf204_fd84_4896_acdf_9823137b69f7 0 4 io.apicurio.tests.common.serdes.TestObject@3dbd29cb
2025-07-31 15:52:56,029 INFO  [io.api.tes.ser.api.KafkaSerdesTester] (Thread-156) topic-f4faf204_fd84_4896_acdf_9823137b69f7 0 5 io.apicurio.tests.common.serdes.TestObject@3dbd29cb
2025-07-31 15:52:56,029 INFO  [io.api.tes.ser.api.KafkaSerdesTester] (Thread-156) topic-f4faf204_fd84_4896_acdf_9823137b69f7 0 6 io.apicurio.tests.common.serdes.TestObject@3dbd29cb
2025-07-31 15:52:56,029 INFO  [io.api.tes.ser.api.KafkaSerdesTester] (Thread-156) topic-f4faf204_fd84_4896_acdf_9823137b69f7 0 7 io.apicurio.tests.common.serdes.TestObject@3dbd29cb
2025-07-31 15:52:56,029 INFO  [io.api.tes.ser.api.KafkaSerdesTester] (Thread-156) topic-f4faf204_fd84_4896_acdf_9823137b69f7 0 8 io.apicurio.tests.common.serdes.TestObject@3dbd29cb
2025-07-31 15:52:56,029 INFO  [io.api.tes.ser.api.KafkaSerdesTester] (Thread-156) topic-f4faf204_fd84_4896_acdf_9823137b69f7 0 9 io.apicurio.tests.common.serdes.TestObject@3dbd29cb
2025-07-31 15:52:56,029 INFO  [io.api.tes.ser.api.KafkaSerdesTester] (Thread-156) Consumed 10 messages
2025-07-31 15:52:56,033 INFO  [org.apa.kaf.cli.con.int.ConsumerRebalanceListenerInvoker] (Thread-156) [Consumer clientId=consumer-Consumer-topic-f4faf204_fd84_4896_acdf_9823137b69f7-6, groupId=Consumer-topic-f4faf204_fd84_4896_acdf_9823137b69f7] Revoke previously assigned partitions topic-f4faf204_fd84_4896_acdf_9823137b69f7-0
2025-07-31 15:52:56,033 INFO  [org.apa.kaf.cli.con.int.ConsumerCoordinator] (Thread-156) [Consumer clientId=consumer-Consumer-topic-f4faf204_fd84_4896_acdf_9823137b69f7-6, groupId=Consumer-topic-f4faf204_fd84_4896_acdf_9823137b69f7] Member consumer-Consumer-topic-f4faf204_fd84_4896_acdf_9823137b69f7-6-edae1dee-fa90-43ab-aeeb-12395aa0da01 sending LeaveGroup request to coordinator localhost:32770 (id: 2147483647 rack: null) due to the consumer is being closed
2025-07-31 15:52:56,033 INFO  [org.apa.kaf.cli.con.int.ConsumerCoordinator] (Thread-156) [Consumer clientId=consumer-Consumer-topic-f4faf204_fd84_4896_acdf_9823137b69f7-6, groupId=Consumer-topic-f4faf204_fd84_4896_acdf_9823137b69f7] Resetting generation and member id due to: consumer pro-actively leaving the group
2025-07-31 15:52:56,033 INFO  [org.apa.kaf.cli.con.int.ConsumerCoordinator] (Thread-156) [Consumer clientId=consumer-Consumer-topic-f4faf204_fd84_4896_acdf_9823137b69f7-6, groupId=Consumer-topic-f4faf204_fd84_4896_acdf_9823137b69f7] Request joining group due to: consumer pro-actively leaving the group
2025-07-31 15:52:56,535 INFO  [org.apa.kaf.com.met.Metrics] (Thread-156) Metrics scheduler closed
2025-07-31 15:52:56,535 INFO  [org.apa.kaf.com.met.Metrics] (Thread-156) Closing reporter org.apache.kafka.common.metrics.JmxReporter
2025-07-31 15:52:56,536 INFO  [org.apa.kaf.com.met.Metrics] (Thread-156) Closing reporter org.apache.kafka.common.telemetry.internals.ClientTelemetryReporter
2025-07-31 15:52:56,536 INFO  [org.apa.kaf.com.met.Metrics] (Thread-156) Metrics reporters closed
2025-07-31 15:52:56,540 INFO  [org.apa.kaf.com.uti.AppInfoParser] (Thread-156) App info kafka.consumer for consumer-Consumer-topic-f4faf204_fd84_4896_acdf_9823137b69f7-6 unregistered
2025-07-31 15:52:56,540 INFO  [io.api.tes.uti.TestSeparator] (main) io.apicurio.tests.serdes.apicurio.AvroSerdeIT.testReflectAutoRegister-FINISHED
2025-07-31 15:52:56,540 INFO  [io.api.tes.uti.TestSeparator] (main) ############################################################################
]]></system-out>
  </testcase>
  <testcase name="testArtifactNotFound" classname="io.apicurio.tests.serdes.apicurio.AvroSerdeIT" time="0.377">
    <system-out><![CDATA[2025-07-31 15:52:56,546 INFO  [io.api.tes.uti.TestSeparator] (main) ############################################################################
2025-07-31 15:52:56,546 INFO  [io.api.tes.uti.TestSeparator] (main) io.apicurio.tests.serdes.apicurio.AvroSerdeIT.testArtifactNotFound-STARTED
2025-07-31 15:52:56,555 INFO  [org.apa.kaf.cli.pro.ProducerConfig] (main) ProducerConfig values: 
	acks = -1
	auto.include.jmx.reporter = true
	batch.size = 16384
	bootstrap.servers = [PLAINTEXT://localhost:32770]
	buffer.memory = 33554432
	client.dns.lookup = use_all_dns_ips
	client.id = Producer-s9e4d5619xf852x4898x878cx9c6198f1617e
	compression.gzip.level = -1
	compression.lz4.level = 9
	compression.type = none
	compression.zstd.level = 3
	connections.max.idle.ms = 10000
	delivery.timeout.ms = 120000
	enable.idempotence = true
	enable.metrics.push = true
	interceptor.classes = []
	key.serializer = class org.apache.kafka.common.serialization.StringSerializer
	linger.ms = 0
	max.block.ms = 60000
	max.in.flight.requests.per.connection = 5
	max.request.size = 1048576
	metadata.max.age.ms = 300000
	metadata.max.idle.ms = 300000
	metadata.recovery.strategy = none
	metric.reporters = []
	metrics.num.samples = 2
	metrics.recording.level = INFO
	metrics.sample.window.ms = 30000
	partitioner.adaptive.partitioning.enable = true
	partitioner.availability.timeout.ms = 0
	partitioner.class = null
	partitioner.ignore.keys = false
	receive.buffer.bytes = 32768
	reconnect.backoff.max.ms = 1000
	reconnect.backoff.ms = 50
	request.timeout.ms = 5000
	retries = 2147483647
	retry.backoff.max.ms = 1000
	retry.backoff.ms = 100
	sasl.client.callback.handler.class = null
	sasl.jaas.config = null
	sasl.kerberos.kinit.cmd = /usr/bin/kinit
	sasl.kerberos.min.time.before.relogin = 60000
	sasl.kerberos.service.name = null
	sasl.kerberos.ticket.renew.jitter = 0.05
	sasl.kerberos.ticket.renew.window.factor = 0.8
	sasl.login.callback.handler.class = null
	sasl.login.class = null
	sasl.login.connect.timeout.ms = null
	sasl.login.read.timeout.ms = null
	sasl.login.refresh.buffer.seconds = 300
	sasl.login.refresh.min.period.seconds = 60
	sasl.login.refresh.window.factor = 0.8
	sasl.login.refresh.window.jitter = 0.05
	sasl.login.retry.backoff.max.ms = 10000
	sasl.login.retry.backoff.ms = 100
	sasl.mechanism = GSSAPI
	sasl.oauthbearer.clock.skew.seconds = 30
	sasl.oauthbearer.expected.audience = null
	sasl.oauthbearer.expected.issuer = null
	sasl.oauthbearer.header.urlencode = false
	sasl.oauthbearer.jwks.endpoint.refresh.ms = 3600000
	sasl.oauthbearer.jwks.endpoint.retry.backoff.max.ms = 10000
	sasl.oauthbearer.jwks.endpoint.retry.backoff.ms = 100
	sasl.oauthbearer.jwks.endpoint.url = null
	sasl.oauthbearer.scope.claim.name = scope
	sasl.oauthbearer.sub.claim.name = sub
	sasl.oauthbearer.token.endpoint.url = null
	security.protocol = PLAINTEXT
	security.providers = null
	send.buffer.bytes = 131072
	socket.connection.setup.timeout.max.ms = 30000
	socket.connection.setup.timeout.ms = 10000
	ssl.cipher.suites = null
	ssl.enabled.protocols = [TLSv1.2, TLSv1.3]
	ssl.endpoint.identification.algorithm = https
	ssl.engine.factory.class = null
	ssl.key.password = null
	ssl.keymanager.algorithm = SunX509
	ssl.keystore.certificate.chain = null
	ssl.keystore.key = null
	ssl.keystore.location = null
	ssl.keystore.password = null
	ssl.keystore.type = JKS
	ssl.protocol = TLSv1.3
	ssl.provider = null
	ssl.secure.random.implementation = null
	ssl.trustmanager.algorithm = PKIX
	ssl.truststore.certificates = null
	ssl.truststore.location = null
	ssl.truststore.password = null
	ssl.truststore.type = JKS
	transaction.timeout.ms = 60000
	transactional.id = null
	value.serializer = class io.apicurio.registry.serde.avro.AvroKafkaSerializer

2025-07-31 15:52:56,555 INFO  [org.apa.kaf.com.tel.int.KafkaMetricsCollector] (main) initializing Kafka metrics collector
2025-07-31 15:52:56,568 INFO  [org.apa.kaf.cli.pro.KafkaProducer] (main) [Producer clientId=Producer-s9e4d5619xf852x4898x878cx9c6198f1617e] Instantiated an idempotent producer.
2025-07-31 15:52:56,582 INFO  [org.apa.kaf.cli.pro.ProducerConfig] (main) These configurations '[apicurio.registry.url, apicurio.registry.artifact-resolver-strategy]' were supplied but are not used yet.
2025-07-31 15:52:56,582 INFO  [org.apa.kaf.com.uti.AppInfoParser] (main) Kafka version: 3.9.0
2025-07-31 15:52:56,582 INFO  [org.apa.kaf.com.uti.AppInfoParser] (main) Kafka commitId: 84caaa6e9da06435
2025-07-31 15:52:56,582 INFO  [org.apa.kaf.com.uti.AppInfoParser] (main) Kafka startTimeMs: 1753977176582
2025-07-31 15:52:56,585 INFO  [io.api.tes.ser.api.KafkaSerdesTester] (Thread-159) Sending message {"keyB": "value-0"} to topic s9e4d5619xf852x4898x878cx9c6198f1617e
2025-07-31 15:52:56,606 WARN  [org.apa.kaf.cli.NetworkClient] (kafka-producer-network-thread | Producer-s9e4d5619xf852x4898x878cx9c6198f1617e) [Producer clientId=Producer-s9e4d5619xf852x4898x878cx9c6198f1617e] The metadata response from the cluster reported a recoverable issue with correlation id 2 : {s9e4d5619xf852x4898x878cx9c6198f1617e=LEADER_NOT_AVAILABLE}
2025-07-31 15:52:56,606 INFO  [org.apa.kaf.cli.Metadata] (kafka-producer-network-thread | Producer-s9e4d5619xf852x4898x878cx9c6198f1617e) [Producer clientId=Producer-s9e4d5619xf852x4898x878cx9c6198f1617e] Cluster ID: k5QcScx1TGu5ZEx470RFLw
2025-07-31 15:52:56,609 INFO  [org.apa.kaf.cli.pro.int.TransactionManager] (kafka-producer-network-thread | Producer-s9e4d5619xf852x4898x878cx9c6198f1617e) [Producer clientId=Producer-s9e4d5619xf852x4898x878cx9c6198f1617e] ProducerId set to 7 with epoch 0
2025-07-31 15:52:56,728 INFO  [DefaultSchemaResolver] (Thread-159) Retrieving schema content using string: {"type":"record","name":"myrecord","namespace":"mygroup","fields":[{"name":"keyB","type":"string"}]}
2025-07-31 15:52:56,914 INFO  [org.apa.kaf.cli.pro.KafkaProducer] (Thread-159) [Producer clientId=Producer-s9e4d5619xf852x4898x878cx9c6198f1617e] Closing the Kafka producer with timeoutMillis = 9223372036854775807 ms.
2025-07-31 15:52:56,916 INFO  [org.apa.kaf.com.met.Metrics] (Thread-159) Metrics scheduler closed
2025-07-31 15:52:56,916 INFO  [org.apa.kaf.com.met.Metrics] (Thread-159) Closing reporter org.apache.kafka.common.metrics.JmxReporter
2025-07-31 15:52:56,916 INFO  [org.apa.kaf.com.met.Metrics] (Thread-159) Closing reporter org.apache.kafka.common.telemetry.internals.ClientTelemetryReporter
2025-07-31 15:52:56,916 INFO  [org.apa.kaf.com.met.Metrics] (Thread-159) Metrics reporters closed
2025-07-31 15:52:56,916 INFO  [org.apa.kaf.com.uti.AppInfoParser] (Thread-159) App info kafka.producer for Producer-s9e4d5619xf852x4898x878cx9c6198f1617e unregistered
2025-07-31 15:52:56,917 INFO  [io.api.tes.uti.TestSeparator] (main) io.apicurio.tests.serdes.apicurio.AvroSerdeIT.testArtifactNotFound-FINISHED
2025-07-31 15:52:56,917 INFO  [io.api.tes.uti.TestSeparator] (main) ############################################################################
]]></system-out>
    <system-err><![CDATA[java.lang.RuntimeException: Could not resolve artifact reference by content: {"type":"record","name":"myrecord","namespace":"mygroup","fields":[{"name":"keyB","type":"string"}]}&ArtifactReference [groupId=default, artifactId=s9e4d5619xf852x4898x878cx9c6198f1617e-value, version=null, globalId=null, contentId=null, contentHash=null]
	at io.apicurio.registry.resolver.DefaultSchemaResolver.lambda$handleResolveSchemaByContent$5(DefaultSchemaResolver.java:300)
	at io.apicurio.registry.resolver.ERCache.lambda$getValue$0(ERCache.java:181)
	at io.apicurio.registry.resolver.ERCache.retry(ERCache.java:234)
	at io.apicurio.registry.resolver.ERCache.getValue(ERCache.java:180)
	at io.apicurio.registry.resolver.ERCache.getByContent(ERCache.java:154)
	at io.apicurio.registry.resolver.DefaultSchemaResolver.handleResolveSchemaByContent(DefaultSchemaResolver.java:269)
	at io.apicurio.registry.resolver.DefaultSchemaResolver.getSchemaFromRegistry(DefaultSchemaResolver.java:142)
	at io.apicurio.registry.resolver.DefaultSchemaResolver.lambda$resolveSchema$0(DefaultSchemaResolver.java:86)
	at java.base/java.util.Optional.orElseGet(Optional.java:364)
	at io.apicurio.registry.resolver.DefaultSchemaResolver.resolveSchema(DefaultSchemaResolver.java:86)
	at io.apicurio.registry.serde.AbstractSerializer.serializeData(AbstractSerializer.java:62)
	at io.apicurio.registry.serde.KafkaSerializer.serialize(KafkaSerializer.java:77)
	at org.apache.kafka.clients.producer.KafkaProducer.doSend(KafkaProducer.java:1046)
	at org.apache.kafka.clients.producer.KafkaProducer.send(KafkaProducer.java:993)
	at org.apache.kafka.clients.producer.KafkaProducer.send(KafkaProducer.java:875)
	at io.apicurio.tests.serdes.apicurio.KafkaSerdesTester.lambda$produceMessages$3(KafkaSerdesTester.java:138)
	at java.base/java.util.concurrent.CompletableFuture$AsyncSupply.run(CompletableFuture.java:1768)
	at java.base/java.lang.Thread.run(Thread.java:840)
]]></system-err>
  </testcase>
  <testcase name="testAvroSerDesFailDifferentSchemaByRecordName" classname="io.apicurio.tests.serdes.apicurio.AvroSerdeIT" time="1.316">
    <system-out><![CDATA[2025-07-31 15:52:56,920 INFO  [io.api.tes.uti.TestSeparator] (main) ############################################################################
2025-07-31 15:52:56,920 INFO  [io.api.tes.uti.TestSeparator] (main) io.apicurio.tests.serdes.apicurio.AvroSerdeIT.testAvroSerDesFailDifferentSchemaByRecordName-STARTED
2025-07-31 15:52:58,096 INFO  [org.apa.kaf.cli.pro.ProducerConfig] (main) ProducerConfig values: 
	acks = -1
	auto.include.jmx.reporter = true
	batch.size = 16384
	bootstrap.servers = [PLAINTEXT://localhost:32770]
	buffer.memory = 33554432
	client.dns.lookup = use_all_dns_ips
	client.id = Producer-topic-92a96d18_98af_49d6_9f0c_20e65c809b82
	compression.gzip.level = -1
	compression.lz4.level = 9
	compression.type = none
	compression.zstd.level = 3
	connections.max.idle.ms = 10000
	delivery.timeout.ms = 120000
	enable.idempotence = true
	enable.metrics.push = true
	interceptor.classes = []
	key.serializer = class org.apache.kafka.common.serialization.StringSerializer
	linger.ms = 0
	max.block.ms = 60000
	max.in.flight.requests.per.connection = 5
	max.request.size = 1048576
	metadata.max.age.ms = 300000
	metadata.max.idle.ms = 300000
	metadata.recovery.strategy = none
	metric.reporters = []
	metrics.num.samples = 2
	metrics.recording.level = INFO
	metrics.sample.window.ms = 30000
	partitioner.adaptive.partitioning.enable = true
	partitioner.availability.timeout.ms = 0
	partitioner.class = null
	partitioner.ignore.keys = false
	receive.buffer.bytes = 32768
	reconnect.backoff.max.ms = 1000
	reconnect.backoff.ms = 50
	request.timeout.ms = 5000
	retries = 2147483647
	retry.backoff.max.ms = 1000
	retry.backoff.ms = 100
	sasl.client.callback.handler.class = null
	sasl.jaas.config = null
	sasl.kerberos.kinit.cmd = /usr/bin/kinit
	sasl.kerberos.min.time.before.relogin = 60000
	sasl.kerberos.service.name = null
	sasl.kerberos.ticket.renew.jitter = 0.05
	sasl.kerberos.ticket.renew.window.factor = 0.8
	sasl.login.callback.handler.class = null
	sasl.login.class = null
	sasl.login.connect.timeout.ms = null
	sasl.login.read.timeout.ms = null
	sasl.login.refresh.buffer.seconds = 300
	sasl.login.refresh.min.period.seconds = 60
	sasl.login.refresh.window.factor = 0.8
	sasl.login.refresh.window.jitter = 0.05
	sasl.login.retry.backoff.max.ms = 10000
	sasl.login.retry.backoff.ms = 100
	sasl.mechanism = GSSAPI
	sasl.oauthbearer.clock.skew.seconds = 30
	sasl.oauthbearer.expected.audience = null
	sasl.oauthbearer.expected.issuer = null
	sasl.oauthbearer.header.urlencode = false
	sasl.oauthbearer.jwks.endpoint.refresh.ms = 3600000
	sasl.oauthbearer.jwks.endpoint.retry.backoff.max.ms = 10000
	sasl.oauthbearer.jwks.endpoint.retry.backoff.ms = 100
	sasl.oauthbearer.jwks.endpoint.url = null
	sasl.oauthbearer.scope.claim.name = scope
	sasl.oauthbearer.sub.claim.name = sub
	sasl.oauthbearer.token.endpoint.url = null
	security.protocol = PLAINTEXT
	security.providers = null
	send.buffer.bytes = 131072
	socket.connection.setup.timeout.max.ms = 30000
	socket.connection.setup.timeout.ms = 10000
	ssl.cipher.suites = null
	ssl.enabled.protocols = [TLSv1.2, TLSv1.3]
	ssl.endpoint.identification.algorithm = https
	ssl.engine.factory.class = null
	ssl.key.password = null
	ssl.keymanager.algorithm = SunX509
	ssl.keystore.certificate.chain = null
	ssl.keystore.key = null
	ssl.keystore.location = null
	ssl.keystore.password = null
	ssl.keystore.type = JKS
	ssl.protocol = TLSv1.3
	ssl.provider = null
	ssl.secure.random.implementation = null
	ssl.trustmanager.algorithm = PKIX
	ssl.truststore.certificates = null
	ssl.truststore.location = null
	ssl.truststore.password = null
	ssl.truststore.type = JKS
	transaction.timeout.ms = 60000
	transactional.id = null
	value.serializer = class io.apicurio.registry.serde.avro.AvroKafkaSerializer

2025-07-31 15:52:58,096 INFO  [org.apa.kaf.com.tel.int.KafkaMetricsCollector] (main) initializing Kafka metrics collector
2025-07-31 15:52:58,099 INFO  [org.apa.kaf.cli.pro.KafkaProducer] (main) [Producer clientId=Producer-topic-92a96d18_98af_49d6_9f0c_20e65c809b82] Instantiated an idempotent producer.
2025-07-31 15:52:58,102 INFO  [org.apa.kaf.cli.pro.ProducerConfig] (main) These configurations '[apicurio.registry.find-latest, apicurio.registry.url, apicurio.registry.artifact-resolver-strategy]' were supplied but are not used yet.
2025-07-31 15:52:58,102 INFO  [org.apa.kaf.com.uti.AppInfoParser] (main) Kafka version: 3.9.0
2025-07-31 15:52:58,102 INFO  [org.apa.kaf.com.uti.AppInfoParser] (main) Kafka commitId: 84caaa6e9da06435
2025-07-31 15:52:58,102 INFO  [org.apa.kaf.com.uti.AppInfoParser] (main) Kafka startTimeMs: 1753977178102
2025-07-31 15:52:58,105 INFO  [io.api.tes.ser.api.KafkaSerdesTester] (Thread-162) Sending message {"keyB": "value-0"} to topic topic-92a96d18_98af_49d6_9f0c_20e65c809b82
2025-07-31 15:52:58,108 INFO  [org.apa.kaf.cli.Metadata] (kafka-producer-network-thread | Producer-topic-92a96d18_98af_49d6_9f0c_20e65c809b82) [Producer clientId=Producer-topic-92a96d18_98af_49d6_9f0c_20e65c809b82] Cluster ID: k5QcScx1TGu5ZEx470RFLw
2025-07-31 15:52:58,108 INFO  [org.apa.kaf.cli.pro.int.TransactionManager] (kafka-producer-network-thread | Producer-topic-92a96d18_98af_49d6_9f0c_20e65c809b82) [Producer clientId=Producer-topic-92a96d18_98af_49d6_9f0c_20e65c809b82] ProducerId set to 8 with epoch 0
2025-07-31 15:52:58,232 INFO  [org.apa.kaf.cli.pro.KafkaProducer] (Thread-162) [Producer clientId=Producer-topic-92a96d18_98af_49d6_9f0c_20e65c809b82] Closing the Kafka producer with timeoutMillis = 9223372036854775807 ms.
2025-07-31 15:52:58,234 INFO  [org.apa.kaf.com.met.Metrics] (Thread-162) Metrics scheduler closed
2025-07-31 15:52:58,234 INFO  [org.apa.kaf.com.met.Metrics] (Thread-162) Closing reporter org.apache.kafka.common.metrics.JmxReporter
2025-07-31 15:52:58,234 INFO  [org.apa.kaf.com.met.Metrics] (Thread-162) Closing reporter org.apache.kafka.common.telemetry.internals.ClientTelemetryReporter
2025-07-31 15:52:58,234 INFO  [org.apa.kaf.com.met.Metrics] (Thread-162) Metrics reporters closed
2025-07-31 15:52:58,234 INFO  [org.apa.kaf.com.uti.AppInfoParser] (Thread-162) App info kafka.producer for Producer-topic-92a96d18_98af_49d6_9f0c_20e65c809b82 unregistered
2025-07-31 15:52:58,235 INFO  [io.api.tes.uti.TestSeparator] (main) io.apicurio.tests.serdes.apicurio.AvroSerdeIT.testAvroSerDesFailDifferentSchemaByRecordName-FINISHED
2025-07-31 15:52:58,235 INFO  [io.api.tes.uti.TestSeparator] (main) ############################################################################
]]></system-out>
    <system-err><![CDATA[io.apicurio.registry.rest.client.models.ProblemDetails
	at io.apicurio.registry.rest.client.models.ProblemDetails.createFromDiscriminatorValue(ProblemDetails.java:58)
	at io.kiota.serialization.json.JsonParseNode.getObjectValue(JsonParseNode.java:247)
	at io.kiota.http.vertx.VertXRequestAdapter.lambda$throwIfFailedResponse$0(VertXRequestAdapter.java:400)
	at com.microsoft.kiota.ApiExceptionBuilder.<init>(ApiExceptionBuilder.java:26)
	at io.kiota.http.vertx.VertXRequestAdapter.throwIfFailedResponse(VertXRequestAdapter.java:399)
	at io.kiota.http.vertx.VertXRequestAdapter.send(VertXRequestAdapter.java:170)
	at io.apicurio.registry.rest.client.groups.item.artifacts.item.versions.item.WithVersionExpressionItemRequestBuilder.get(WithVersionExpressionItemRequestBuilder.java:128)
	at io.apicurio.registry.rest.client.groups.item.artifacts.item.versions.item.WithVersionExpressionItemRequestBuilder.get(WithVersionExpressionItemRequestBuilder.java:111)
	at io.apicurio.registry.resolver.DefaultSchemaResolver.resolveByCoordinates(DefaultSchemaResolver.java:469)
	at io.apicurio.registry.resolver.DefaultSchemaResolver.lambda$resolveSchemaByArtifactReferenceCached$12(DefaultSchemaResolver.java:451)
	at io.apicurio.registry.resolver.ERCache.lambda$getValue$0(ERCache.java:181)
	at io.apicurio.registry.resolver.ERCache.retry(ERCache.java:234)
	at io.apicurio.registry.resolver.ERCache.getValue(ERCache.java:180)
	at io.apicurio.registry.resolver.ERCache.getByArtifactCoordinates(ERCache.java:165)
	at io.apicurio.registry.resolver.DefaultSchemaResolver.resolveSchemaByArtifactReferenceCached(DefaultSchemaResolver.java:449)
	at io.apicurio.registry.resolver.DefaultSchemaResolver.resolveSchemaByCoordinates(DefaultSchemaResolver.java:201)
	at io.apicurio.registry.resolver.DefaultSchemaResolver.getSchemaFromRegistry(DefaultSchemaResolver.java:134)
	at io.apicurio.registry.resolver.DefaultSchemaResolver.lambda$resolveSchema$0(DefaultSchemaResolver.java:86)
	at java.base/java.util.Optional.orElseGet(Optional.java:364)
	at io.apicurio.registry.resolver.DefaultSchemaResolver.resolveSchema(DefaultSchemaResolver.java:86)
	at io.apicurio.registry.serde.AbstractSerializer.serializeData(AbstractSerializer.java:62)
	at io.apicurio.registry.serde.KafkaSerializer.serialize(KafkaSerializer.java:77)
	at org.apache.kafka.clients.producer.KafkaProducer.doSend(KafkaProducer.java:1046)
	at org.apache.kafka.clients.producer.KafkaProducer.send(KafkaProducer.java:993)
	at org.apache.kafka.clients.producer.KafkaProducer.send(KafkaProducer.java:875)
	at io.apicurio.tests.serdes.apicurio.KafkaSerdesTester.lambda$produceMessages$3(KafkaSerdesTester.java:138)
	at java.base/java.util.concurrent.CompletableFuture$AsyncSupply.run(CompletableFuture.java:1768)
	at java.base/java.lang.Thread.run(Thread.java:840)
]]></system-err>
  </testcase>
  <testcase name="testTopicIdStrategyFindLatest" classname="io.apicurio.tests.serdes.apicurio.AvroSerdeIT" time="2.255">
    <system-out><![CDATA[2025-07-31 15:52:58,236 INFO  [io.api.tes.uti.TestSeparator] (main) ############################################################################
2025-07-31 15:52:58,237 INFO  [io.api.tes.uti.TestSeparator] (main) io.apicurio.tests.serdes.apicurio.AvroSerdeIT.testTopicIdStrategyFindLatest-STARTED
2025-07-31 15:52:58,239 INFO  [io.api.tes.ser.api.AvroSerdeIT] (main) Registering Avro Schema: {"type":"record","name":"myrecordapicurio1","fields":[{"name":"key11753977178238","type":"string"}]}
2025-07-31 15:52:59,400 INFO  [org.apa.kaf.cli.pro.ProducerConfig] (main) ProducerConfig values: 
	acks = -1
	auto.include.jmx.reporter = true
	batch.size = 16384
	bootstrap.servers = [PLAINTEXT://localhost:32770]
	buffer.memory = 33554432
	client.dns.lookup = use_all_dns_ips
	client.id = Producer-topic-223b9951_388c_46ad_9930_a11473d11e4a
	compression.gzip.level = -1
	compression.lz4.level = 9
	compression.type = none
	compression.zstd.level = 3
	connections.max.idle.ms = 10000
	delivery.timeout.ms = 120000
	enable.idempotence = true
	enable.metrics.push = true
	interceptor.classes = []
	key.serializer = class org.apache.kafka.common.serialization.StringSerializer
	linger.ms = 0
	max.block.ms = 60000
	max.in.flight.requests.per.connection = 5
	max.request.size = 1048576
	metadata.max.age.ms = 300000
	metadata.max.idle.ms = 300000
	metadata.recovery.strategy = none
	metric.reporters = []
	metrics.num.samples = 2
	metrics.recording.level = INFO
	metrics.sample.window.ms = 30000
	partitioner.adaptive.partitioning.enable = true
	partitioner.availability.timeout.ms = 0
	partitioner.class = null
	partitioner.ignore.keys = false
	receive.buffer.bytes = 32768
	reconnect.backoff.max.ms = 1000
	reconnect.backoff.ms = 50
	request.timeout.ms = 5000
	retries = 2147483647
	retry.backoff.max.ms = 1000
	retry.backoff.ms = 100
	sasl.client.callback.handler.class = null
	sasl.jaas.config = null
	sasl.kerberos.kinit.cmd = /usr/bin/kinit
	sasl.kerberos.min.time.before.relogin = 60000
	sasl.kerberos.service.name = null
	sasl.kerberos.ticket.renew.jitter = 0.05
	sasl.kerberos.ticket.renew.window.factor = 0.8
	sasl.login.callback.handler.class = null
	sasl.login.class = null
	sasl.login.connect.timeout.ms = null
	sasl.login.read.timeout.ms = null
	sasl.login.refresh.buffer.seconds = 300
	sasl.login.refresh.min.period.seconds = 60
	sasl.login.refresh.window.factor = 0.8
	sasl.login.refresh.window.jitter = 0.05
	sasl.login.retry.backoff.max.ms = 10000
	sasl.login.retry.backoff.ms = 100
	sasl.mechanism = GSSAPI
	sasl.oauthbearer.clock.skew.seconds = 30
	sasl.oauthbearer.expected.audience = null
	sasl.oauthbearer.expected.issuer = null
	sasl.oauthbearer.header.urlencode = false
	sasl.oauthbearer.jwks.endpoint.refresh.ms = 3600000
	sasl.oauthbearer.jwks.endpoint.retry.backoff.max.ms = 10000
	sasl.oauthbearer.jwks.endpoint.retry.backoff.ms = 100
	sasl.oauthbearer.jwks.endpoint.url = null
	sasl.oauthbearer.scope.claim.name = scope
	sasl.oauthbearer.sub.claim.name = sub
	sasl.oauthbearer.token.endpoint.url = null
	security.protocol = PLAINTEXT
	security.providers = null
	send.buffer.bytes = 131072
	socket.connection.setup.timeout.max.ms = 30000
	socket.connection.setup.timeout.ms = 10000
	ssl.cipher.suites = null
	ssl.enabled.protocols = [TLSv1.2, TLSv1.3]
	ssl.endpoint.identification.algorithm = https
	ssl.engine.factory.class = null
	ssl.key.password = null
	ssl.keymanager.algorithm = SunX509
	ssl.keystore.certificate.chain = null
	ssl.keystore.key = null
	ssl.keystore.location = null
	ssl.keystore.password = null
	ssl.keystore.type = JKS
	ssl.protocol = TLSv1.3
	ssl.provider = null
	ssl.secure.random.implementation = null
	ssl.trustmanager.algorithm = PKIX
	ssl.truststore.certificates = null
	ssl.truststore.location = null
	ssl.truststore.password = null
	ssl.truststore.type = JKS
	transaction.timeout.ms = 60000
	transactional.id = null
	value.serializer = class io.apicurio.registry.serde.avro.AvroKafkaSerializer

2025-07-31 15:52:59,400 INFO  [org.apa.kaf.com.tel.int.KafkaMetricsCollector] (main) initializing Kafka metrics collector
2025-07-31 15:52:59,404 INFO  [org.apa.kaf.cli.pro.KafkaProducer] (main) [Producer clientId=Producer-topic-223b9951_388c_46ad_9930_a11473d11e4a] Instantiated an idempotent producer.
2025-07-31 15:52:59,406 INFO  [org.apa.kaf.cli.pro.ProducerConfig] (main) These configurations '[apicurio.registry.find-latest, apicurio.registry.url, apicurio.registry.artifact-resolver-strategy]' were supplied but are not used yet.
2025-07-31 15:52:59,406 INFO  [org.apa.kaf.com.uti.AppInfoParser] (main) Kafka version: 3.9.0
2025-07-31 15:52:59,406 INFO  [org.apa.kaf.com.uti.AppInfoParser] (main) Kafka commitId: 84caaa6e9da06435
2025-07-31 15:52:59,406 INFO  [org.apa.kaf.com.uti.AppInfoParser] (main) Kafka startTimeMs: 1753977179406
2025-07-31 15:52:59,406 INFO  [io.api.tes.ser.api.SimpleSerdesTesterBuilder$SimpleSerdesTester] (main) Using producer configuration: {apicurio.registry.find-latest=true, apicurio.registry.url=http://registry-app-kafkasql.apps.ci419.apicurio-testing.org:80/apis/registry/v3, apicurio.registry.artifact-resolver-strategy=io.apicurio.registry.serde.strategy.TopicIdStrategy, value.serializer=io.apicurio.registry.serde.avro.AvroKafkaSerializer, request.timeout.ms=5000, acks=all, bootstrap.servers=PLAINTEXT://localhost:32770, connections.max.idle.ms=10000, key.serializer=org.apache.kafka.common.serialization.StringSerializer, client.id=Producer-topic-223b9951_388c_46ad_9930_a11473d11e4a}
2025-07-31 15:52:59,406 INFO  [io.api.tes.ser.api.SimpleSerdesTesterBuilder$SimpleSerdesTester] (main) Using consumer configuration: {}
2025-07-31 15:52:59,407 INFO  [io.api.tes.ser.api.KafkaSerdesTester] (Thread-165) Sending message {"key11753977178238": "value-0"} to topic topic-223b9951_388c_46ad_9930_a11473d11e4a
2025-07-31 15:52:59,412 INFO  [org.apa.kaf.cli.Metadata] (kafka-producer-network-thread | Producer-topic-223b9951_388c_46ad_9930_a11473d11e4a) [Producer clientId=Producer-topic-223b9951_388c_46ad_9930_a11473d11e4a] Cluster ID: k5QcScx1TGu5ZEx470RFLw
2025-07-31 15:52:59,412 INFO  [org.apa.kaf.cli.pro.int.TransactionManager] (kafka-producer-network-thread | Producer-topic-223b9951_388c_46ad_9930_a11473d11e4a) [Producer clientId=Producer-topic-223b9951_388c_46ad_9930_a11473d11e4a] ProducerId set to 9 with epoch 0
2025-07-31 15:52:59,662 INFO  [io.api.tes.ser.api.KafkaSerdesTester] (Thread-165) Sending message {"key11753977178238": "value-1"} to topic topic-223b9951_388c_46ad_9930_a11473d11e4a
2025-07-31 15:52:59,665 INFO  [io.api.tes.ser.api.KafkaSerdesTester] (Thread-165) Sending message {"key11753977178238": "value-2"} to topic topic-223b9951_388c_46ad_9930_a11473d11e4a
2025-07-31 15:52:59,668 INFO  [io.api.tes.ser.api.KafkaSerdesTester] (Thread-165) Sending message {"key11753977178238": "value-3"} to topic topic-223b9951_388c_46ad_9930_a11473d11e4a
2025-07-31 15:52:59,673 INFO  [io.api.tes.ser.api.KafkaSerdesTester] (Thread-165) Sending message {"key11753977178238": "value-4"} to topic topic-223b9951_388c_46ad_9930_a11473d11e4a
2025-07-31 15:52:59,677 INFO  [io.api.tes.ser.api.KafkaSerdesTester] (Thread-165) Sending message {"key11753977178238": "value-5"} to topic topic-223b9951_388c_46ad_9930_a11473d11e4a
2025-07-31 15:52:59,685 INFO  [io.api.tes.ser.api.KafkaSerdesTester] (Thread-165) Sending message {"key11753977178238": "value-6"} to topic topic-223b9951_388c_46ad_9930_a11473d11e4a
2025-07-31 15:52:59,687 INFO  [io.api.tes.ser.api.KafkaSerdesTester] (Thread-165) Sending message {"key11753977178238": "value-7"} to topic topic-223b9951_388c_46ad_9930_a11473d11e4a
2025-07-31 15:52:59,693 INFO  [io.api.tes.ser.api.KafkaSerdesTester] (Thread-165) Sending message {"key11753977178238": "value-8"} to topic topic-223b9951_388c_46ad_9930_a11473d11e4a
2025-07-31 15:52:59,696 INFO  [io.api.tes.ser.api.KafkaSerdesTester] (Thread-165) Sending message {"key11753977178238": "value-9"} to topic topic-223b9951_388c_46ad_9930_a11473d11e4a
2025-07-31 15:52:59,700 INFO  [io.api.tes.ser.api.KafkaSerdesTester] (Thread-165) Produced 10 messages
2025-07-31 15:52:59,700 INFO  [org.apa.kaf.cli.pro.KafkaProducer] (Thread-165) [Producer clientId=Producer-topic-223b9951_388c_46ad_9930_a11473d11e4a] Closing the Kafka producer with timeoutMillis = 9223372036854775807 ms.
2025-07-31 15:52:59,703 INFO  [org.apa.kaf.com.met.Metrics] (Thread-165) Metrics scheduler closed
2025-07-31 15:52:59,703 INFO  [org.apa.kaf.com.met.Metrics] (Thread-165) Closing reporter org.apache.kafka.common.metrics.JmxReporter
2025-07-31 15:52:59,703 INFO  [org.apa.kaf.com.met.Metrics] (Thread-165) Closing reporter org.apache.kafka.common.telemetry.internals.ClientTelemetryReporter
2025-07-31 15:52:59,703 INFO  [org.apa.kaf.com.met.Metrics] (Thread-165) Metrics reporters closed
2025-07-31 15:52:59,704 INFO  [org.apa.kaf.com.uti.AppInfoParser] (Thread-165) App info kafka.producer for Producer-topic-223b9951_388c_46ad_9930_a11473d11e4a unregistered
2025-07-31 15:52:59,704 INFO  [org.apa.kaf.cli.con.ConsumerConfig] (main) ConsumerConfig values: 
	allow.auto.create.topics = true
	auto.commit.interval.ms = 500
	auto.include.jmx.reporter = true
	auto.offset.reset = earliest
	bootstrap.servers = [PLAINTEXT://localhost:32770]
	check.crcs = true
	client.dns.lookup = use_all_dns_ips
	client.id = consumer-Consumer-topic-223b9951_388c_46ad_9930_a11473d11e4a-7
	client.rack = 
	connections.max.idle.ms = 10000
	default.api.timeout.ms = 60000
	enable.auto.commit = true
	enable.metrics.push = true
	exclude.internal.topics = true
	fetch.max.bytes = 52428800
	fetch.max.wait.ms = 500
	fetch.min.bytes = 1
	group.id = Consumer-topic-223b9951_388c_46ad_9930_a11473d11e4a
	group.instance.id = null
	group.protocol = classic
	group.remote.assignor = null
	heartbeat.interval.ms = 3000
	interceptor.classes = []
	internal.leave.group.on.close = true
	internal.throw.on.fetch.stable.offset.unsupported = false
	isolation.level = read_uncommitted
	key.deserializer = class org.apache.kafka.common.serialization.StringDeserializer
	max.partition.fetch.bytes = 1048576
	max.poll.interval.ms = 300000
	max.poll.records = 500
	metadata.max.age.ms = 300000
	metadata.recovery.strategy = none
	metric.reporters = []
	metrics.num.samples = 2
	metrics.recording.level = INFO
	metrics.sample.window.ms = 30000
	partition.assignment.strategy = [class org.apache.kafka.clients.consumer.RangeAssignor, class org.apache.kafka.clients.consumer.CooperativeStickyAssignor]
	receive.buffer.bytes = 65536
	reconnect.backoff.max.ms = 1000
	reconnect.backoff.ms = 50
	request.timeout.ms = 5000
	retry.backoff.max.ms = 1000
	retry.backoff.ms = 100
	sasl.client.callback.handler.class = null
	sasl.jaas.config = null
	sasl.kerberos.kinit.cmd = /usr/bin/kinit
	sasl.kerberos.min.time.before.relogin = 60000
	sasl.kerberos.service.name = null
	sasl.kerberos.ticket.renew.jitter = 0.05
	sasl.kerberos.ticket.renew.window.factor = 0.8
	sasl.login.callback.handler.class = null
	sasl.login.class = null
	sasl.login.connect.timeout.ms = null
	sasl.login.read.timeout.ms = null
	sasl.login.refresh.buffer.seconds = 300
	sasl.login.refresh.min.period.seconds = 60
	sasl.login.refresh.window.factor = 0.8
	sasl.login.refresh.window.jitter = 0.05
	sasl.login.retry.backoff.max.ms = 10000
	sasl.login.retry.backoff.ms = 100
	sasl.mechanism = GSSAPI
	sasl.oauthbearer.clock.skew.seconds = 30
	sasl.oauthbearer.expected.audience = null
	sasl.oauthbearer.expected.issuer = null
	sasl.oauthbearer.header.urlencode = false
	sasl.oauthbearer.jwks.endpoint.refresh.ms = 3600000
	sasl.oauthbearer.jwks.endpoint.retry.backoff.max.ms = 10000
	sasl.oauthbearer.jwks.endpoint.retry.backoff.ms = 100
	sasl.oauthbearer.jwks.endpoint.url = null
	sasl.oauthbearer.scope.claim.name = scope
	sasl.oauthbearer.sub.claim.name = sub
	sasl.oauthbearer.token.endpoint.url = null
	security.protocol = PLAINTEXT
	security.providers = null
	send.buffer.bytes = 131072
	session.timeout.ms = 45000
	socket.connection.setup.timeout.max.ms = 30000
	socket.connection.setup.timeout.ms = 10000
	ssl.cipher.suites = null
	ssl.enabled.protocols = [TLSv1.2, TLSv1.3]
	ssl.endpoint.identification.algorithm = https
	ssl.engine.factory.class = null
	ssl.key.password = null
	ssl.keymanager.algorithm = SunX509
	ssl.keystore.certificate.chain = null
	ssl.keystore.key = null
	ssl.keystore.location = null
	ssl.keystore.password = null
	ssl.keystore.type = JKS
	ssl.protocol = TLSv1.3
	ssl.provider = null
	ssl.secure.random.implementation = null
	ssl.trustmanager.algorithm = PKIX
	ssl.truststore.certificates = null
	ssl.truststore.location = null
	ssl.truststore.password = null
	ssl.truststore.type = JKS
	value.deserializer = class io.apicurio.registry.serde.avro.AvroKafkaDeserializer

2025-07-31 15:52:59,705 INFO  [org.apa.kaf.com.tel.int.KafkaMetricsCollector] (main) initializing Kafka metrics collector
2025-07-31 15:52:59,726 INFO  [org.apa.kaf.cli.con.ConsumerConfig] (main) These configurations '[apicurio.registry.url]' were supplied but are not used yet.
2025-07-31 15:52:59,726 INFO  [org.apa.kaf.com.uti.AppInfoParser] (main) Kafka version: 3.9.0
2025-07-31 15:52:59,726 INFO  [org.apa.kaf.com.uti.AppInfoParser] (main) Kafka commitId: 84caaa6e9da06435
2025-07-31 15:52:59,727 INFO  [org.apa.kaf.com.uti.AppInfoParser] (main) Kafka startTimeMs: 1753977179726
2025-07-31 15:52:59,729 INFO  [org.apa.kaf.cli.con.int.ClassicKafkaConsumer] (Thread-168) [Consumer clientId=consumer-Consumer-topic-223b9951_388c_46ad_9930_a11473d11e4a-7, groupId=Consumer-topic-223b9951_388c_46ad_9930_a11473d11e4a] Subscribed to topic(s): topic-223b9951_388c_46ad_9930_a11473d11e4a
2025-07-31 15:52:59,745 INFO  [org.apa.kaf.cli.Metadata] (Thread-168) [Consumer clientId=consumer-Consumer-topic-223b9951_388c_46ad_9930_a11473d11e4a-7, groupId=Consumer-topic-223b9951_388c_46ad_9930_a11473d11e4a] Cluster ID: k5QcScx1TGu5ZEx470RFLw
2025-07-31 15:52:59,745 INFO  [org.apa.kaf.cli.con.int.ConsumerCoordinator] (Thread-168) [Consumer clientId=consumer-Consumer-topic-223b9951_388c_46ad_9930_a11473d11e4a-7, groupId=Consumer-topic-223b9951_388c_46ad_9930_a11473d11e4a] Discovered group coordinator localhost:32770 (id: 2147483647 rack: null)
2025-07-31 15:52:59,751 INFO  [org.apa.kaf.cli.con.int.ConsumerCoordinator] (Thread-168) [Consumer clientId=consumer-Consumer-topic-223b9951_388c_46ad_9930_a11473d11e4a-7, groupId=Consumer-topic-223b9951_388c_46ad_9930_a11473d11e4a] (Re-)joining group
2025-07-31 15:52:59,754 INFO  [org.apa.kaf.cli.con.int.ConsumerCoordinator] (Thread-168) [Consumer clientId=consumer-Consumer-topic-223b9951_388c_46ad_9930_a11473d11e4a-7, groupId=Consumer-topic-223b9951_388c_46ad_9930_a11473d11e4a] Request joining group due to: need to re-join with the given member-id: consumer-Consumer-topic-223b9951_388c_46ad_9930_a11473d11e4a-7-a76024ca-fc20-4144-bda6-c459232c0b72
2025-07-31 15:52:59,755 INFO  [org.apa.kaf.cli.con.int.ConsumerCoordinator] (Thread-168) [Consumer clientId=consumer-Consumer-topic-223b9951_388c_46ad_9930_a11473d11e4a-7, groupId=Consumer-topic-223b9951_388c_46ad_9930_a11473d11e4a] (Re-)joining group
2025-07-31 15:52:59,762 INFO  [org.apa.kaf.cli.con.int.ConsumerCoordinator] (Thread-168) [Consumer clientId=consumer-Consumer-topic-223b9951_388c_46ad_9930_a11473d11e4a-7, groupId=Consumer-topic-223b9951_388c_46ad_9930_a11473d11e4a] Successfully joined group with generation Generation{generationId=1, memberId='consumer-Consumer-topic-223b9951_388c_46ad_9930_a11473d11e4a-7-a76024ca-fc20-4144-bda6-c459232c0b72', protocol='range'}
2025-07-31 15:52:59,762 INFO  [org.apa.kaf.cli.con.int.ConsumerCoordinator] (Thread-168) [Consumer clientId=consumer-Consumer-topic-223b9951_388c_46ad_9930_a11473d11e4a-7, groupId=Consumer-topic-223b9951_388c_46ad_9930_a11473d11e4a] Finished assignment for group at generation 1: {consumer-Consumer-topic-223b9951_388c_46ad_9930_a11473d11e4a-7-a76024ca-fc20-4144-bda6-c459232c0b72=Assignment(partitions=[topic-223b9951_388c_46ad_9930_a11473d11e4a-0])}
2025-07-31 15:52:59,769 INFO  [org.apa.kaf.cli.con.int.ConsumerCoordinator] (kafka-coordinator-heartbeat-thread | Consumer-topic-223b9951_388c_46ad_9930_a11473d11e4a) [Consumer clientId=consumer-Consumer-topic-223b9951_388c_46ad_9930_a11473d11e4a-7, groupId=Consumer-topic-223b9951_388c_46ad_9930_a11473d11e4a] Successfully synced group in generation Generation{generationId=1, memberId='consumer-Consumer-topic-223b9951_388c_46ad_9930_a11473d11e4a-7-a76024ca-fc20-4144-bda6-c459232c0b72', protocol='range'}
2025-07-31 15:52:59,770 INFO  [org.apa.kaf.cli.con.int.ConsumerCoordinator] (Thread-168) [Consumer clientId=consumer-Consumer-topic-223b9951_388c_46ad_9930_a11473d11e4a-7, groupId=Consumer-topic-223b9951_388c_46ad_9930_a11473d11e4a] Notifying assignor about the new Assignment(partitions=[topic-223b9951_388c_46ad_9930_a11473d11e4a-0])
2025-07-31 15:52:59,770 INFO  [org.apa.kaf.cli.con.int.ConsumerRebalanceListenerInvoker] (Thread-168) [Consumer clientId=consumer-Consumer-topic-223b9951_388c_46ad_9930_a11473d11e4a-7, groupId=Consumer-topic-223b9951_388c_46ad_9930_a11473d11e4a] Adding newly assigned partitions: topic-223b9951_388c_46ad_9930_a11473d11e4a-0
2025-07-31 15:52:59,773 INFO  [org.apa.kaf.cli.con.int.ConsumerCoordinator] (Thread-168) [Consumer clientId=consumer-Consumer-topic-223b9951_388c_46ad_9930_a11473d11e4a-7, groupId=Consumer-topic-223b9951_388c_46ad_9930_a11473d11e4a] Found no committed offset for partition topic-223b9951_388c_46ad_9930_a11473d11e4a-0
2025-07-31 15:52:59,783 INFO  [org.apa.kaf.cli.con.int.SubscriptionState] (Thread-168) [Consumer clientId=consumer-Consumer-topic-223b9951_388c_46ad_9930_a11473d11e4a-7, groupId=Consumer-topic-223b9951_388c_46ad_9930_a11473d11e4a] Resetting offset for partition topic-223b9951_388c_46ad_9930_a11473d11e4a-0 to position FetchPosition{offset=0, offsetEpoch=Optional.empty, currentLeader=LeaderAndEpoch{leader=Optional[localhost:32770 (id: 0 rack: null)], epoch=0}}.
2025-07-31 15:52:59,983 INFO  [io.api.tes.ser.api.KafkaSerdesTester] (Thread-168) topic-223b9951_388c_46ad_9930_a11473d11e4a 0 0 {"key11753977178238": "value-0"}
2025-07-31 15:52:59,983 INFO  [io.api.tes.ser.api.KafkaSerdesTester] (Thread-168) topic-223b9951_388c_46ad_9930_a11473d11e4a 0 1 {"key11753977178238": "value-1"}
2025-07-31 15:52:59,983 INFO  [io.api.tes.ser.api.KafkaSerdesTester] (Thread-168) topic-223b9951_388c_46ad_9930_a11473d11e4a 0 2 {"key11753977178238": "value-2"}
2025-07-31 15:52:59,983 INFO  [io.api.tes.ser.api.KafkaSerdesTester] (Thread-168) topic-223b9951_388c_46ad_9930_a11473d11e4a 0 3 {"key11753977178238": "value-3"}
2025-07-31 15:52:59,983 INFO  [io.api.tes.ser.api.KafkaSerdesTester] (Thread-168) topic-223b9951_388c_46ad_9930_a11473d11e4a 0 4 {"key11753977178238": "value-4"}
2025-07-31 15:52:59,983 INFO  [io.api.tes.ser.api.KafkaSerdesTester] (Thread-168) topic-223b9951_388c_46ad_9930_a11473d11e4a 0 5 {"key11753977178238": "value-5"}
2025-07-31 15:52:59,983 INFO  [io.api.tes.ser.api.KafkaSerdesTester] (Thread-168) topic-223b9951_388c_46ad_9930_a11473d11e4a 0 6 {"key11753977178238": "value-6"}
2025-07-31 15:52:59,984 INFO  [io.api.tes.ser.api.KafkaSerdesTester] (Thread-168) topic-223b9951_388c_46ad_9930_a11473d11e4a 0 7 {"key11753977178238": "value-7"}
2025-07-31 15:52:59,984 INFO  [io.api.tes.ser.api.KafkaSerdesTester] (Thread-168) topic-223b9951_388c_46ad_9930_a11473d11e4a 0 8 {"key11753977178238": "value-8"}
2025-07-31 15:52:59,984 INFO  [io.api.tes.ser.api.KafkaSerdesTester] (Thread-168) topic-223b9951_388c_46ad_9930_a11473d11e4a 0 9 {"key11753977178238": "value-9"}
2025-07-31 15:52:59,984 INFO  [io.api.tes.ser.api.KafkaSerdesTester] (Thread-168) Consumed 10 messages
2025-07-31 15:52:59,987 INFO  [org.apa.kaf.cli.con.int.ConsumerRebalanceListenerInvoker] (Thread-168) [Consumer clientId=consumer-Consumer-topic-223b9951_388c_46ad_9930_a11473d11e4a-7, groupId=Consumer-topic-223b9951_388c_46ad_9930_a11473d11e4a] Revoke previously assigned partitions topic-223b9951_388c_46ad_9930_a11473d11e4a-0
2025-07-31 15:52:59,987 INFO  [org.apa.kaf.cli.con.int.ConsumerCoordinator] (Thread-168) [Consumer clientId=consumer-Consumer-topic-223b9951_388c_46ad_9930_a11473d11e4a-7, groupId=Consumer-topic-223b9951_388c_46ad_9930_a11473d11e4a] Member consumer-Consumer-topic-223b9951_388c_46ad_9930_a11473d11e4a-7-a76024ca-fc20-4144-bda6-c459232c0b72 sending LeaveGroup request to coordinator localhost:32770 (id: 2147483647 rack: null) due to the consumer is being closed
2025-07-31 15:52:59,987 INFO  [org.apa.kaf.cli.con.int.ConsumerCoordinator] (Thread-168) [Consumer clientId=consumer-Consumer-topic-223b9951_388c_46ad_9930_a11473d11e4a-7, groupId=Consumer-topic-223b9951_388c_46ad_9930_a11473d11e4a] Resetting generation and member id due to: consumer pro-actively leaving the group
2025-07-31 15:52:59,987 INFO  [org.apa.kaf.cli.con.int.ConsumerCoordinator] (Thread-168) [Consumer clientId=consumer-Consumer-topic-223b9951_388c_46ad_9930_a11473d11e4a-7, groupId=Consumer-topic-223b9951_388c_46ad_9930_a11473d11e4a] Request joining group due to: consumer pro-actively leaving the group
2025-07-31 15:53:00,488 INFO  [org.apa.kaf.com.met.Metrics] (Thread-168) Metrics scheduler closed
2025-07-31 15:53:00,488 INFO  [org.apa.kaf.com.met.Metrics] (Thread-168) Closing reporter org.apache.kafka.common.metrics.JmxReporter
2025-07-31 15:53:00,488 INFO  [org.apa.kaf.com.met.Metrics] (Thread-168) Closing reporter org.apache.kafka.common.telemetry.internals.ClientTelemetryReporter
2025-07-31 15:53:00,489 INFO  [org.apa.kaf.com.met.Metrics] (Thread-168) Metrics reporters closed
2025-07-31 15:53:00,491 INFO  [org.apa.kaf.com.uti.AppInfoParser] (Thread-168) App info kafka.consumer for consumer-Consumer-topic-223b9951_388c_46ad_9930_a11473d11e4a-7 unregistered
2025-07-31 15:53:00,491 INFO  [io.api.tes.uti.TestSeparator] (main) io.apicurio.tests.serdes.apicurio.AvroSerdeIT.testTopicIdStrategyFindLatest-FINISHED
2025-07-31 15:53:00,491 INFO  [io.api.tes.uti.TestSeparator] (main) ############################################################################
]]></system-out>
  </testcase>
  <testcase name="testAvroUnionWithSpecificReader" classname="io.apicurio.tests.serdes.apicurio.AvroSerdeIT" time="1.655">
    <system-out><![CDATA[2025-07-31 15:53:00,494 INFO  [io.api.tes.uti.TestSeparator] (main) ############################################################################
2025-07-31 15:53:00,494 INFO  [io.api.tes.uti.TestSeparator] (main) io.apicurio.tests.serdes.apicurio.AvroSerdeIT.testAvroUnionWithSpecificReader-STARTED
2025-07-31 15:53:00,502 INFO  [org.apa.kaf.cli.pro.ProducerConfig] (main) ProducerConfig values: 
	acks = -1
	auto.include.jmx.reporter = true
	batch.size = 16384
	bootstrap.servers = [PLAINTEXT://localhost:32770]
	buffer.memory = 33554432
	client.dns.lookup = use_all_dns_ips
	client.id = Producer-topic-e42f7e7f_dfa1_406c_a805_e3e0ef62f68b
	compression.gzip.level = -1
	compression.lz4.level = 9
	compression.type = none
	compression.zstd.level = 3
	connections.max.idle.ms = 10000
	delivery.timeout.ms = 120000
	enable.idempotence = true
	enable.metrics.push = true
	interceptor.classes = []
	key.serializer = class org.apache.kafka.common.serialization.StringSerializer
	linger.ms = 0
	max.block.ms = 60000
	max.in.flight.requests.per.connection = 5
	max.request.size = 1048576
	metadata.max.age.ms = 300000
	metadata.max.idle.ms = 300000
	metadata.recovery.strategy = none
	metric.reporters = []
	metrics.num.samples = 2
	metrics.recording.level = INFO
	metrics.sample.window.ms = 30000
	partitioner.adaptive.partitioning.enable = true
	partitioner.availability.timeout.ms = 0
	partitioner.class = null
	partitioner.ignore.keys = false
	receive.buffer.bytes = 32768
	reconnect.backoff.max.ms = 1000
	reconnect.backoff.ms = 50
	request.timeout.ms = 5000
	retries = 2147483647
	retry.backoff.max.ms = 1000
	retry.backoff.ms = 100
	sasl.client.callback.handler.class = null
	sasl.jaas.config = null
	sasl.kerberos.kinit.cmd = /usr/bin/kinit
	sasl.kerberos.min.time.before.relogin = 60000
	sasl.kerberos.service.name = null
	sasl.kerberos.ticket.renew.jitter = 0.05
	sasl.kerberos.ticket.renew.window.factor = 0.8
	sasl.login.callback.handler.class = null
	sasl.login.class = null
	sasl.login.connect.timeout.ms = null
	sasl.login.read.timeout.ms = null
	sasl.login.refresh.buffer.seconds = 300
	sasl.login.refresh.min.period.seconds = 60
	sasl.login.refresh.window.factor = 0.8
	sasl.login.refresh.window.jitter = 0.05
	sasl.login.retry.backoff.max.ms = 10000
	sasl.login.retry.backoff.ms = 100
	sasl.mechanism = GSSAPI
	sasl.oauthbearer.clock.skew.seconds = 30
	sasl.oauthbearer.expected.audience = null
	sasl.oauthbearer.expected.issuer = null
	sasl.oauthbearer.header.urlencode = false
	sasl.oauthbearer.jwks.endpoint.refresh.ms = 3600000
	sasl.oauthbearer.jwks.endpoint.retry.backoff.max.ms = 10000
	sasl.oauthbearer.jwks.endpoint.retry.backoff.ms = 100
	sasl.oauthbearer.jwks.endpoint.url = null
	sasl.oauthbearer.scope.claim.name = scope
	sasl.oauthbearer.sub.claim.name = sub
	sasl.oauthbearer.token.endpoint.url = null
	security.protocol = PLAINTEXT
	security.providers = null
	send.buffer.bytes = 131072
	socket.connection.setup.timeout.max.ms = 30000
	socket.connection.setup.timeout.ms = 10000
	ssl.cipher.suites = null
	ssl.enabled.protocols = [TLSv1.2, TLSv1.3]
	ssl.endpoint.identification.algorithm = https
	ssl.engine.factory.class = null
	ssl.key.password = null
	ssl.keymanager.algorithm = SunX509
	ssl.keystore.certificate.chain = null
	ssl.keystore.key = null
	ssl.keystore.location = null
	ssl.keystore.password = null
	ssl.keystore.type = JKS
	ssl.protocol = TLSv1.3
	ssl.provider = null
	ssl.secure.random.implementation = null
	ssl.trustmanager.algorithm = PKIX
	ssl.truststore.certificates = null
	ssl.truststore.location = null
	ssl.truststore.password = null
	ssl.truststore.type = JKS
	transaction.timeout.ms = 60000
	transactional.id = null
	value.serializer = class io.apicurio.registry.serde.avro.AvroKafkaSerializer

2025-07-31 15:53:00,502 INFO  [org.apa.kaf.com.tel.int.KafkaMetricsCollector] (main) initializing Kafka metrics collector
2025-07-31 15:53:00,508 INFO  [org.apa.kaf.cli.pro.KafkaProducer] (main) [Producer clientId=Producer-topic-e42f7e7f_dfa1_406c_a805_e3e0ef62f68b] Instantiated an idempotent producer.
2025-07-31 15:53:00,517 INFO  [org.apa.kaf.cli.pro.ProducerConfig] (main) These configurations '[apicurio.registry.url, apicurio.registry.auto-register, apicurio.registry.artifact-resolver-strategy]' were supplied but are not used yet.
2025-07-31 15:53:00,517 INFO  [org.apa.kaf.com.uti.AppInfoParser] (main) Kafka version: 3.9.0
2025-07-31 15:53:00,517 INFO  [org.apa.kaf.com.uti.AppInfoParser] (main) Kafka commitId: 84caaa6e9da06435
2025-07-31 15:53:00,517 INFO  [org.apa.kaf.com.uti.AppInfoParser] (main) Kafka startTimeMs: 1753977180517
2025-07-31 15:53:00,517 INFO  [io.api.tes.ser.api.SimpleSerdesTesterBuilder$SimpleSerdesTester] (main) Using producer configuration: {apicurio.registry.url=http://registry-app-kafkasql.apps.ci419.apicurio-testing.org:80/apis/registry/v3, apicurio.registry.auto-register=true, apicurio.registry.artifact-resolver-strategy=io.apicurio.registry.serde.strategy.TopicIdStrategy, value.serializer=io.apicurio.registry.serde.avro.AvroKafkaSerializer, request.timeout.ms=5000, acks=all, bootstrap.servers=PLAINTEXT://localhost:32770, connections.max.idle.ms=10000, key.serializer=org.apache.kafka.common.serialization.StringSerializer, client.id=Producer-topic-e42f7e7f_dfa1_406c_a805_e3e0ef62f68b}
2025-07-31 15:53:00,517 INFO  [io.api.tes.ser.api.SimpleSerdesTesterBuilder$SimpleSerdesTester] (main) Using consumer configuration: {}
2025-07-31 15:53:00,520 INFO  [io.api.tes.ser.api.KafkaSerdesTester] (Thread-171) Sending message {"id": "record-0"} to topic topic-e42f7e7f_dfa1_406c_a805_e3e0ef62f68b
2025-07-31 15:53:00,538 WARN  [org.apa.kaf.cli.NetworkClient] (kafka-producer-network-thread | Producer-topic-e42f7e7f_dfa1_406c_a805_e3e0ef62f68b) [Producer clientId=Producer-topic-e42f7e7f_dfa1_406c_a805_e3e0ef62f68b] The metadata response from the cluster reported a recoverable issue with correlation id 2 : {topic-e42f7e7f_dfa1_406c_a805_e3e0ef62f68b=LEADER_NOT_AVAILABLE}
2025-07-31 15:53:00,539 INFO  [org.apa.kaf.cli.Metadata] (kafka-producer-network-thread | Producer-topic-e42f7e7f_dfa1_406c_a805_e3e0ef62f68b) [Producer clientId=Producer-topic-e42f7e7f_dfa1_406c_a805_e3e0ef62f68b] Cluster ID: k5QcScx1TGu5ZEx470RFLw
2025-07-31 15:53:00,540 INFO  [org.apa.kaf.cli.pro.int.TransactionManager] (kafka-producer-network-thread | Producer-topic-e42f7e7f_dfa1_406c_a805_e3e0ef62f68b) [Producer clientId=Producer-topic-e42f7e7f_dfa1_406c_a805_e3e0ef62f68b] ProducerId set to 10 with epoch 0
2025-07-31 15:53:00,826 INFO  [io.api.tes.ser.api.KafkaSerdesTester] (Thread-171) Sending message {"value": 1} to topic topic-e42f7e7f_dfa1_406c_a805_e3e0ef62f68b
2025-07-31 15:53:00,938 INFO  [io.api.tes.ser.api.KafkaSerdesTester] (Thread-171) Sending message {"active": true} to topic topic-e42f7e7f_dfa1_406c_a805_e3e0ef62f68b
2025-07-31 15:53:01,050 INFO  [io.api.tes.ser.api.KafkaSerdesTester] (Thread-171) Sending message {"id": "record-3"} to topic topic-e42f7e7f_dfa1_406c_a805_e3e0ef62f68b
2025-07-31 15:53:01,052 INFO  [io.api.tes.ser.api.KafkaSerdesTester] (Thread-171) Sending message {"value": 4} to topic topic-e42f7e7f_dfa1_406c_a805_e3e0ef62f68b
2025-07-31 15:53:01,055 INFO  [io.api.tes.ser.api.KafkaSerdesTester] (Thread-171) Sending message {"active": false} to topic topic-e42f7e7f_dfa1_406c_a805_e3e0ef62f68b
2025-07-31 15:53:01,057 INFO  [io.api.tes.ser.api.KafkaSerdesTester] (Thread-171) Sending message {"id": "record-6"} to topic topic-e42f7e7f_dfa1_406c_a805_e3e0ef62f68b
2025-07-31 15:53:01,059 INFO  [io.api.tes.ser.api.KafkaSerdesTester] (Thread-171) Sending message {"value": 7} to topic topic-e42f7e7f_dfa1_406c_a805_e3e0ef62f68b
2025-07-31 15:53:01,061 INFO  [io.api.tes.ser.api.KafkaSerdesTester] (Thread-171) Sending message {"active": true} to topic topic-e42f7e7f_dfa1_406c_a805_e3e0ef62f68b
2025-07-31 15:53:01,062 INFO  [io.api.tes.ser.api.KafkaSerdesTester] (Thread-171) Sending message {"id": "record-9"} to topic topic-e42f7e7f_dfa1_406c_a805_e3e0ef62f68b
2025-07-31 15:53:01,063 INFO  [io.api.tes.ser.api.KafkaSerdesTester] (Thread-171) Produced 10 messages
2025-07-31 15:53:01,063 INFO  [org.apa.kaf.cli.pro.KafkaProducer] (Thread-171) [Producer clientId=Producer-topic-e42f7e7f_dfa1_406c_a805_e3e0ef62f68b] Closing the Kafka producer with timeoutMillis = 9223372036854775807 ms.
2025-07-31 15:53:01,065 INFO  [org.apa.kaf.com.met.Metrics] (Thread-171) Metrics scheduler closed
2025-07-31 15:53:01,065 INFO  [org.apa.kaf.com.met.Metrics] (Thread-171) Closing reporter org.apache.kafka.common.metrics.JmxReporter
2025-07-31 15:53:01,065 INFO  [org.apa.kaf.com.met.Metrics] (Thread-171) Closing reporter org.apache.kafka.common.telemetry.internals.ClientTelemetryReporter
2025-07-31 15:53:01,065 INFO  [org.apa.kaf.com.met.Metrics] (Thread-171) Metrics reporters closed
2025-07-31 15:53:01,066 INFO  [org.apa.kaf.com.uti.AppInfoParser] (Thread-171) App info kafka.producer for Producer-topic-e42f7e7f_dfa1_406c_a805_e3e0ef62f68b unregistered
2025-07-31 15:53:01,128 INFO  [io.api.tes.ser.api.AvroSerdeIT] (main) Artifact topic-e42f7e7f_dfa1_406c_a805_e3e0ef62f68b-value found in registry with globalId 20
2025-07-31 15:53:01,128 INFO  [org.apa.kaf.cli.con.ConsumerConfig] (main) ConsumerConfig values: 
	allow.auto.create.topics = true
	auto.commit.interval.ms = 500
	auto.include.jmx.reporter = true
	auto.offset.reset = earliest
	bootstrap.servers = [PLAINTEXT://localhost:32770]
	check.crcs = true
	client.dns.lookup = use_all_dns_ips
	client.id = consumer-Consumer-topic-e42f7e7f_dfa1_406c_a805_e3e0ef62f68b-8
	client.rack = 
	connections.max.idle.ms = 10000
	default.api.timeout.ms = 60000
	enable.auto.commit = true
	enable.metrics.push = true
	exclude.internal.topics = true
	fetch.max.bytes = 52428800
	fetch.max.wait.ms = 500
	fetch.min.bytes = 1
	group.id = Consumer-topic-e42f7e7f_dfa1_406c_a805_e3e0ef62f68b
	group.instance.id = null
	group.protocol = classic
	group.remote.assignor = null
	heartbeat.interval.ms = 3000
	interceptor.classes = []
	internal.leave.group.on.close = true
	internal.throw.on.fetch.stable.offset.unsupported = false
	isolation.level = read_uncommitted
	key.deserializer = class org.apache.kafka.common.serialization.StringDeserializer
	max.partition.fetch.bytes = 1048576
	max.poll.interval.ms = 300000
	max.poll.records = 500
	metadata.max.age.ms = 300000
	metadata.recovery.strategy = none
	metric.reporters = []
	metrics.num.samples = 2
	metrics.recording.level = INFO
	metrics.sample.window.ms = 30000
	partition.assignment.strategy = [class org.apache.kafka.clients.consumer.RangeAssignor, class org.apache.kafka.clients.consumer.CooperativeStickyAssignor]
	receive.buffer.bytes = 65536
	reconnect.backoff.max.ms = 1000
	reconnect.backoff.ms = 50
	request.timeout.ms = 5000
	retry.backoff.max.ms = 1000
	retry.backoff.ms = 100
	sasl.client.callback.handler.class = null
	sasl.jaas.config = null
	sasl.kerberos.kinit.cmd = /usr/bin/kinit
	sasl.kerberos.min.time.before.relogin = 60000
	sasl.kerberos.service.name = null
	sasl.kerberos.ticket.renew.jitter = 0.05
	sasl.kerberos.ticket.renew.window.factor = 0.8
	sasl.login.callback.handler.class = null
	sasl.login.class = null
	sasl.login.connect.timeout.ms = null
	sasl.login.read.timeout.ms = null
	sasl.login.refresh.buffer.seconds = 300
	sasl.login.refresh.min.period.seconds = 60
	sasl.login.refresh.window.factor = 0.8
	sasl.login.refresh.window.jitter = 0.05
	sasl.login.retry.backoff.max.ms = 10000
	sasl.login.retry.backoff.ms = 100
	sasl.mechanism = GSSAPI
	sasl.oauthbearer.clock.skew.seconds = 30
	sasl.oauthbearer.expected.audience = null
	sasl.oauthbearer.expected.issuer = null
	sasl.oauthbearer.header.urlencode = false
	sasl.oauthbearer.jwks.endpoint.refresh.ms = 3600000
	sasl.oauthbearer.jwks.endpoint.retry.backoff.max.ms = 10000
	sasl.oauthbearer.jwks.endpoint.retry.backoff.ms = 100
	sasl.oauthbearer.jwks.endpoint.url = null
	sasl.oauthbearer.scope.claim.name = scope
	sasl.oauthbearer.sub.claim.name = sub
	sasl.oauthbearer.token.endpoint.url = null
	security.protocol = PLAINTEXT
	security.providers = null
	send.buffer.bytes = 131072
	session.timeout.ms = 45000
	socket.connection.setup.timeout.max.ms = 30000
	socket.connection.setup.timeout.ms = 10000
	ssl.cipher.suites = null
	ssl.enabled.protocols = [TLSv1.2, TLSv1.3]
	ssl.endpoint.identification.algorithm = https
	ssl.engine.factory.class = null
	ssl.key.password = null
	ssl.keymanager.algorithm = SunX509
	ssl.keystore.certificate.chain = null
	ssl.keystore.key = null
	ssl.keystore.location = null
	ssl.keystore.password = null
	ssl.keystore.type = JKS
	ssl.protocol = TLSv1.3
	ssl.provider = null
	ssl.secure.random.implementation = null
	ssl.trustmanager.algorithm = PKIX
	ssl.truststore.certificates = null
	ssl.truststore.location = null
	ssl.truststore.password = null
	ssl.truststore.type = JKS
	value.deserializer = class io.apicurio.registry.serde.avro.AvroKafkaDeserializer

2025-07-31 15:53:01,128 INFO  [org.apa.kaf.com.tel.int.KafkaMetricsCollector] (main) initializing Kafka metrics collector
2025-07-31 15:53:01,133 INFO  [org.apa.kaf.cli.con.ConsumerConfig] (main) These configurations '[apicurio.registry.url]' were supplied but are not used yet.
2025-07-31 15:53:01,133 INFO  [org.apa.kaf.com.uti.AppInfoParser] (main) Kafka version: 3.9.0
2025-07-31 15:53:01,133 INFO  [org.apa.kaf.com.uti.AppInfoParser] (main) Kafka commitId: 84caaa6e9da06435
2025-07-31 15:53:01,133 INFO  [org.apa.kaf.com.uti.AppInfoParser] (main) Kafka startTimeMs: 1753977181133
2025-07-31 15:53:01,134 INFO  [org.apa.kaf.cli.con.int.ClassicKafkaConsumer] (Thread-174) [Consumer clientId=consumer-Consumer-topic-e42f7e7f_dfa1_406c_a805_e3e0ef62f68b-8, groupId=Consumer-topic-e42f7e7f_dfa1_406c_a805_e3e0ef62f68b] Subscribed to topic(s): topic-e42f7e7f_dfa1_406c_a805_e3e0ef62f68b
2025-07-31 15:53:01,138 INFO  [org.apa.kaf.cli.Metadata] (Thread-174) [Consumer clientId=consumer-Consumer-topic-e42f7e7f_dfa1_406c_a805_e3e0ef62f68b-8, groupId=Consumer-topic-e42f7e7f_dfa1_406c_a805_e3e0ef62f68b] Cluster ID: k5QcScx1TGu5ZEx470RFLw
2025-07-31 15:53:01,139 INFO  [org.apa.kaf.cli.con.int.ConsumerCoordinator] (Thread-174) [Consumer clientId=consumer-Consumer-topic-e42f7e7f_dfa1_406c_a805_e3e0ef62f68b-8, groupId=Consumer-topic-e42f7e7f_dfa1_406c_a805_e3e0ef62f68b] Discovered group coordinator localhost:32770 (id: 2147483647 rack: null)
2025-07-31 15:53:01,141 INFO  [org.apa.kaf.cli.con.int.ConsumerCoordinator] (Thread-174) [Consumer clientId=consumer-Consumer-topic-e42f7e7f_dfa1_406c_a805_e3e0ef62f68b-8, groupId=Consumer-topic-e42f7e7f_dfa1_406c_a805_e3e0ef62f68b] (Re-)joining group
2025-07-31 15:53:01,147 INFO  [org.apa.kaf.cli.con.int.ConsumerCoordinator] (Thread-174) [Consumer clientId=consumer-Consumer-topic-e42f7e7f_dfa1_406c_a805_e3e0ef62f68b-8, groupId=Consumer-topic-e42f7e7f_dfa1_406c_a805_e3e0ef62f68b] Request joining group due to: need to re-join with the given member-id: consumer-Consumer-topic-e42f7e7f_dfa1_406c_a805_e3e0ef62f68b-8-d9f720cf-e27e-4b0e-a593-d70a5accd6c7
2025-07-31 15:53:01,147 INFO  [org.apa.kaf.cli.con.int.ConsumerCoordinator] (Thread-174) [Consumer clientId=consumer-Consumer-topic-e42f7e7f_dfa1_406c_a805_e3e0ef62f68b-8, groupId=Consumer-topic-e42f7e7f_dfa1_406c_a805_e3e0ef62f68b] (Re-)joining group
2025-07-31 15:53:01,149 INFO  [org.apa.kaf.cli.con.int.ConsumerCoordinator] (Thread-174) [Consumer clientId=consumer-Consumer-topic-e42f7e7f_dfa1_406c_a805_e3e0ef62f68b-8, groupId=Consumer-topic-e42f7e7f_dfa1_406c_a805_e3e0ef62f68b] Successfully joined group with generation Generation{generationId=1, memberId='consumer-Consumer-topic-e42f7e7f_dfa1_406c_a805_e3e0ef62f68b-8-d9f720cf-e27e-4b0e-a593-d70a5accd6c7', protocol='range'}
2025-07-31 15:53:01,150 INFO  [org.apa.kaf.cli.con.int.ConsumerCoordinator] (Thread-174) [Consumer clientId=consumer-Consumer-topic-e42f7e7f_dfa1_406c_a805_e3e0ef62f68b-8, groupId=Consumer-topic-e42f7e7f_dfa1_406c_a805_e3e0ef62f68b] Finished assignment for group at generation 1: {consumer-Consumer-topic-e42f7e7f_dfa1_406c_a805_e3e0ef62f68b-8-d9f720cf-e27e-4b0e-a593-d70a5accd6c7=Assignment(partitions=[topic-e42f7e7f_dfa1_406c_a805_e3e0ef62f68b-0])}
2025-07-31 15:53:01,153 INFO  [org.apa.kaf.cli.con.int.ConsumerCoordinator] (Thread-174) [Consumer clientId=consumer-Consumer-topic-e42f7e7f_dfa1_406c_a805_e3e0ef62f68b-8, groupId=Consumer-topic-e42f7e7f_dfa1_406c_a805_e3e0ef62f68b] Successfully synced group in generation Generation{generationId=1, memberId='consumer-Consumer-topic-e42f7e7f_dfa1_406c_a805_e3e0ef62f68b-8-d9f720cf-e27e-4b0e-a593-d70a5accd6c7', protocol='range'}
2025-07-31 15:53:01,153 INFO  [org.apa.kaf.cli.con.int.ConsumerCoordinator] (Thread-174) [Consumer clientId=consumer-Consumer-topic-e42f7e7f_dfa1_406c_a805_e3e0ef62f68b-8, groupId=Consumer-topic-e42f7e7f_dfa1_406c_a805_e3e0ef62f68b] Notifying assignor about the new Assignment(partitions=[topic-e42f7e7f_dfa1_406c_a805_e3e0ef62f68b-0])
2025-07-31 15:53:01,153 INFO  [org.apa.kaf.cli.con.int.ConsumerRebalanceListenerInvoker] (Thread-174) [Consumer clientId=consumer-Consumer-topic-e42f7e7f_dfa1_406c_a805_e3e0ef62f68b-8, groupId=Consumer-topic-e42f7e7f_dfa1_406c_a805_e3e0ef62f68b] Adding newly assigned partitions: topic-e42f7e7f_dfa1_406c_a805_e3e0ef62f68b-0
2025-07-31 15:53:01,155 INFO  [org.apa.kaf.cli.con.int.ConsumerCoordinator] (Thread-174) [Consumer clientId=consumer-Consumer-topic-e42f7e7f_dfa1_406c_a805_e3e0ef62f68b-8, groupId=Consumer-topic-e42f7e7f_dfa1_406c_a805_e3e0ef62f68b] Found no committed offset for partition topic-e42f7e7f_dfa1_406c_a805_e3e0ef62f68b-0
2025-07-31 15:53:01,160 INFO  [org.apa.kaf.cli.con.int.SubscriptionState] (Thread-174) [Consumer clientId=consumer-Consumer-topic-e42f7e7f_dfa1_406c_a805_e3e0ef62f68b-8, groupId=Consumer-topic-e42f7e7f_dfa1_406c_a805_e3e0ef62f68b] Resetting offset for partition topic-e42f7e7f_dfa1_406c_a805_e3e0ef62f68b-0 to position FetchPosition{offset=0, offsetEpoch=Optional.empty, currentLeader=LeaderAndEpoch{leader=Optional[localhost:32770 (id: 0 rack: null)], epoch=0}}.
2025-07-31 15:53:01,638 INFO  [io.api.tes.ser.api.KafkaSerdesTester] (Thread-174) topic-e42f7e7f_dfa1_406c_a805_e3e0ef62f68b 0 0 {"id": "record-0"}
2025-07-31 15:53:01,638 INFO  [io.api.tes.ser.api.KafkaSerdesTester] (Thread-174) topic-e42f7e7f_dfa1_406c_a805_e3e0ef62f68b 0 1 {"value": 1}
2025-07-31 15:53:01,638 INFO  [io.api.tes.ser.api.KafkaSerdesTester] (Thread-174) topic-e42f7e7f_dfa1_406c_a805_e3e0ef62f68b 0 2 {"active": true}
2025-07-31 15:53:01,638 INFO  [io.api.tes.ser.api.KafkaSerdesTester] (Thread-174) topic-e42f7e7f_dfa1_406c_a805_e3e0ef62f68b 0 3 {"id": "record-3"}
2025-07-31 15:53:01,638 INFO  [io.api.tes.ser.api.KafkaSerdesTester] (Thread-174) topic-e42f7e7f_dfa1_406c_a805_e3e0ef62f68b 0 4 {"value": 4}
2025-07-31 15:53:01,638 INFO  [io.api.tes.ser.api.KafkaSerdesTester] (Thread-174) topic-e42f7e7f_dfa1_406c_a805_e3e0ef62f68b 0 5 {"active": false}
2025-07-31 15:53:01,638 INFO  [io.api.tes.ser.api.KafkaSerdesTester] (Thread-174) topic-e42f7e7f_dfa1_406c_a805_e3e0ef62f68b 0 6 {"id": "record-6"}
2025-07-31 15:53:01,638 INFO  [io.api.tes.ser.api.KafkaSerdesTester] (Thread-174) topic-e42f7e7f_dfa1_406c_a805_e3e0ef62f68b 0 7 {"value": 7}
2025-07-31 15:53:01,638 INFO  [io.api.tes.ser.api.KafkaSerdesTester] (Thread-174) topic-e42f7e7f_dfa1_406c_a805_e3e0ef62f68b 0 8 {"active": true}
2025-07-31 15:53:01,638 INFO  [io.api.tes.ser.api.KafkaSerdesTester] (Thread-174) topic-e42f7e7f_dfa1_406c_a805_e3e0ef62f68b 0 9 {"id": "record-9"}
2025-07-31 15:53:01,638 INFO  [io.api.tes.ser.api.KafkaSerdesTester] (Thread-174) Consumed 10 messages
2025-07-31 15:53:01,641 INFO  [org.apa.kaf.cli.con.int.ConsumerRebalanceListenerInvoker] (Thread-174) [Consumer clientId=consumer-Consumer-topic-e42f7e7f_dfa1_406c_a805_e3e0ef62f68b-8, groupId=Consumer-topic-e42f7e7f_dfa1_406c_a805_e3e0ef62f68b] Revoke previously assigned partitions topic-e42f7e7f_dfa1_406c_a805_e3e0ef62f68b-0
2025-07-31 15:53:01,641 INFO  [org.apa.kaf.cli.con.int.ConsumerCoordinator] (Thread-174) [Consumer clientId=consumer-Consumer-topic-e42f7e7f_dfa1_406c_a805_e3e0ef62f68b-8, groupId=Consumer-topic-e42f7e7f_dfa1_406c_a805_e3e0ef62f68b] Member consumer-Consumer-topic-e42f7e7f_dfa1_406c_a805_e3e0ef62f68b-8-d9f720cf-e27e-4b0e-a593-d70a5accd6c7 sending LeaveGroup request to coordinator localhost:32770 (id: 2147483647 rack: null) due to the consumer is being closed
2025-07-31 15:53:01,641 INFO  [org.apa.kaf.cli.con.int.ConsumerCoordinator] (Thread-174) [Consumer clientId=consumer-Consumer-topic-e42f7e7f_dfa1_406c_a805_e3e0ef62f68b-8, groupId=Consumer-topic-e42f7e7f_dfa1_406c_a805_e3e0ef62f68b] Resetting generation and member id due to: consumer pro-actively leaving the group
2025-07-31 15:53:01,641 INFO  [org.apa.kaf.cli.con.int.ConsumerCoordinator] (Thread-174) [Consumer clientId=consumer-Consumer-topic-e42f7e7f_dfa1_406c_a805_e3e0ef62f68b-8, groupId=Consumer-topic-e42f7e7f_dfa1_406c_a805_e3e0ef62f68b] Request joining group due to: consumer pro-actively leaving the group
2025-07-31 15:53:02,141 INFO  [org.apa.kaf.com.met.Metrics] (Thread-174) Metrics scheduler closed
2025-07-31 15:53:02,142 INFO  [org.apa.kaf.com.met.Metrics] (Thread-174) Closing reporter org.apache.kafka.common.metrics.JmxReporter
2025-07-31 15:53:02,142 INFO  [org.apa.kaf.com.met.Metrics] (Thread-174) Closing reporter org.apache.kafka.common.telemetry.internals.ClientTelemetryReporter
2025-07-31 15:53:02,142 INFO  [org.apa.kaf.com.met.Metrics] (Thread-174) Metrics reporters closed
2025-07-31 15:53:02,146 INFO  [org.apa.kaf.com.uti.AppInfoParser] (Thread-174) App info kafka.consumer for consumer-Consumer-topic-e42f7e7f_dfa1_406c_a805_e3e0ef62f68b-8 unregistered
2025-07-31 15:53:02,147 INFO  [io.api.tes.uti.TestSeparator] (main) io.apicurio.tests.serdes.apicurio.AvroSerdeIT.testAvroUnionWithSpecificReader-FINISHED
2025-07-31 15:53:02,147 INFO  [io.api.tes.uti.TestSeparator] (main) ############################################################################
]]></system-out>
  </testcase>
  <testcase name="testEvolveAvroApicurioReusingClient" classname="io.apicurio.tests.serdes.apicurio.AvroSerdeIT" time="4.926">
    <system-out><![CDATA[2025-07-31 15:53:02,151 INFO  [io.api.tes.uti.TestSeparator] (main) ############################################################################
2025-07-31 15:53:02,151 INFO  [io.api.tes.uti.TestSeparator] (main) io.apicurio.tests.serdes.apicurio.AvroSerdeIT.testEvolveAvroApicurioReusingClient-STARTED
2025-07-31 15:53:02,152 INFO  [io.api.tes.ser.api.AvroSerdeIT] (main) Registering Avro Schema: {"type":"record","name":"se5479838xd437x45a9x92aax259c9f39d5df","namespace":"ns_5aeb4d24_0486_4a10_835f_d6b77e0db259","fields":[{"name":"key11753977182152","type":"string"}]}
2025-07-31 15:53:03,319 INFO  [org.apa.kaf.cli.pro.ProducerConfig] (main) ProducerConfig values: 
	acks = -1
	auto.include.jmx.reporter = true
	batch.size = 16384
	bootstrap.servers = [PLAINTEXT://localhost:32770]
	buffer.memory = 33554432
	client.dns.lookup = use_all_dns_ips
	client.id = Producer-topic-fc5034b4_4a69_4f19_ace7_d9fdd859b191
	compression.gzip.level = -1
	compression.lz4.level = 9
	compression.type = none
	compression.zstd.level = 3
	connections.max.idle.ms = 10000
	delivery.timeout.ms = 120000
	enable.idempotence = true
	enable.metrics.push = true
	interceptor.classes = []
	key.serializer = class org.apache.kafka.common.serialization.StringSerializer
	linger.ms = 0
	max.block.ms = 60000
	max.in.flight.requests.per.connection = 5
	max.request.size = 1048576
	metadata.max.age.ms = 300000
	metadata.max.idle.ms = 300000
	metadata.recovery.strategy = none
	metric.reporters = []
	metrics.num.samples = 2
	metrics.recording.level = INFO
	metrics.sample.window.ms = 30000
	partitioner.adaptive.partitioning.enable = true
	partitioner.availability.timeout.ms = 0
	partitioner.class = null
	partitioner.ignore.keys = false
	receive.buffer.bytes = 32768
	reconnect.backoff.max.ms = 1000
	reconnect.backoff.ms = 50
	request.timeout.ms = 5000
	retries = 2147483647
	retry.backoff.max.ms = 1000
	retry.backoff.ms = 100
	sasl.client.callback.handler.class = null
	sasl.jaas.config = null
	sasl.kerberos.kinit.cmd = /usr/bin/kinit
	sasl.kerberos.min.time.before.relogin = 60000
	sasl.kerberos.service.name = null
	sasl.kerberos.ticket.renew.jitter = 0.05
	sasl.kerberos.ticket.renew.window.factor = 0.8
	sasl.login.callback.handler.class = null
	sasl.login.class = null
	sasl.login.connect.timeout.ms = null
	sasl.login.read.timeout.ms = null
	sasl.login.refresh.buffer.seconds = 300
	sasl.login.refresh.min.period.seconds = 60
	sasl.login.refresh.window.factor = 0.8
	sasl.login.refresh.window.jitter = 0.05
	sasl.login.retry.backoff.max.ms = 10000
	sasl.login.retry.backoff.ms = 100
	sasl.mechanism = GSSAPI
	sasl.oauthbearer.clock.skew.seconds = 30
	sasl.oauthbearer.expected.audience = null
	sasl.oauthbearer.expected.issuer = null
	sasl.oauthbearer.header.urlencode = false
	sasl.oauthbearer.jwks.endpoint.refresh.ms = 3600000
	sasl.oauthbearer.jwks.endpoint.retry.backoff.max.ms = 10000
	sasl.oauthbearer.jwks.endpoint.retry.backoff.ms = 100
	sasl.oauthbearer.jwks.endpoint.url = null
	sasl.oauthbearer.scope.claim.name = scope
	sasl.oauthbearer.sub.claim.name = sub
	sasl.oauthbearer.token.endpoint.url = null
	security.protocol = PLAINTEXT
	security.providers = null
	send.buffer.bytes = 131072
	socket.connection.setup.timeout.max.ms = 30000
	socket.connection.setup.timeout.ms = 10000
	ssl.cipher.suites = null
	ssl.enabled.protocols = [TLSv1.2, TLSv1.3]
	ssl.endpoint.identification.algorithm = https
	ssl.engine.factory.class = null
	ssl.key.password = null
	ssl.keymanager.algorithm = SunX509
	ssl.keystore.certificate.chain = null
	ssl.keystore.key = null
	ssl.keystore.location = null
	ssl.keystore.password = null
	ssl.keystore.type = JKS
	ssl.protocol = TLSv1.3
	ssl.provider = null
	ssl.secure.random.implementation = null
	ssl.trustmanager.algorithm = PKIX
	ssl.truststore.certificates = null
	ssl.truststore.location = null
	ssl.truststore.password = null
	ssl.truststore.type = JKS
	transaction.timeout.ms = 60000
	transactional.id = null
	value.serializer = class io.apicurio.registry.serde.avro.AvroKafkaSerializer

2025-07-31 15:53:03,319 INFO  [org.apa.kaf.com.tel.int.KafkaMetricsCollector] (main) initializing Kafka metrics collector
2025-07-31 15:53:03,322 INFO  [org.apa.kaf.cli.pro.KafkaProducer] (main) [Producer clientId=Producer-topic-fc5034b4_4a69_4f19_ace7_d9fdd859b191] Instantiated an idempotent producer.
2025-07-31 15:53:03,325 INFO  [org.apa.kaf.cli.pro.ProducerConfig] (main) These configurations '[apicurio.registry.url, apicurio.registry.artifact-resolver-strategy]' were supplied but are not used yet.
2025-07-31 15:53:03,325 INFO  [org.apa.kaf.com.uti.AppInfoParser] (main) Kafka version: 3.9.0
2025-07-31 15:53:03,325 INFO  [org.apa.kaf.com.uti.AppInfoParser] (main) Kafka commitId: 84caaa6e9da06435
2025-07-31 15:53:03,325 INFO  [org.apa.kaf.com.uti.AppInfoParser] (main) Kafka startTimeMs: 1753977183325
2025-07-31 15:53:03,325 INFO  [org.apa.kaf.cli.con.ConsumerConfig] (main) ConsumerConfig values: 
	allow.auto.create.topics = true
	auto.commit.interval.ms = 500
	auto.include.jmx.reporter = true
	auto.offset.reset = earliest
	bootstrap.servers = [PLAINTEXT://localhost:32770]
	check.crcs = true
	client.dns.lookup = use_all_dns_ips
	client.id = consumer-Consumer-topic-fc5034b4_4a69_4f19_ace7_d9fdd859b191-9
	client.rack = 
	connections.max.idle.ms = 10000
	default.api.timeout.ms = 60000
	enable.auto.commit = true
	enable.metrics.push = true
	exclude.internal.topics = true
	fetch.max.bytes = 52428800
	fetch.max.wait.ms = 500
	fetch.min.bytes = 1
	group.id = Consumer-topic-fc5034b4_4a69_4f19_ace7_d9fdd859b191
	group.instance.id = null
	group.protocol = classic
	group.remote.assignor = null
	heartbeat.interval.ms = 3000
	interceptor.classes = []
	internal.leave.group.on.close = true
	internal.throw.on.fetch.stable.offset.unsupported = false
	isolation.level = read_uncommitted
	key.deserializer = class org.apache.kafka.common.serialization.StringDeserializer
	max.partition.fetch.bytes = 1048576
	max.poll.interval.ms = 300000
	max.poll.records = 500
	metadata.max.age.ms = 300000
	metadata.recovery.strategy = none
	metric.reporters = []
	metrics.num.samples = 2
	metrics.recording.level = INFO
	metrics.sample.window.ms = 30000
	partition.assignment.strategy = [class org.apache.kafka.clients.consumer.RangeAssignor, class org.apache.kafka.clients.consumer.CooperativeStickyAssignor]
	receive.buffer.bytes = 65536
	reconnect.backoff.max.ms = 1000
	reconnect.backoff.ms = 50
	request.timeout.ms = 5000
	retry.backoff.max.ms = 1000
	retry.backoff.ms = 100
	sasl.client.callback.handler.class = null
	sasl.jaas.config = null
	sasl.kerberos.kinit.cmd = /usr/bin/kinit
	sasl.kerberos.min.time.before.relogin = 60000
	sasl.kerberos.service.name = null
	sasl.kerberos.ticket.renew.jitter = 0.05
	sasl.kerberos.ticket.renew.window.factor = 0.8
	sasl.login.callback.handler.class = null
	sasl.login.class = null
	sasl.login.connect.timeout.ms = null
	sasl.login.read.timeout.ms = null
	sasl.login.refresh.buffer.seconds = 300
	sasl.login.refresh.min.period.seconds = 60
	sasl.login.refresh.window.factor = 0.8
	sasl.login.refresh.window.jitter = 0.05
	sasl.login.retry.backoff.max.ms = 10000
	sasl.login.retry.backoff.ms = 100
	sasl.mechanism = GSSAPI
	sasl.oauthbearer.clock.skew.seconds = 30
	sasl.oauthbearer.expected.audience = null
	sasl.oauthbearer.expected.issuer = null
	sasl.oauthbearer.header.urlencode = false
	sasl.oauthbearer.jwks.endpoint.refresh.ms = 3600000
	sasl.oauthbearer.jwks.endpoint.retry.backoff.max.ms = 10000
	sasl.oauthbearer.jwks.endpoint.retry.backoff.ms = 100
	sasl.oauthbearer.jwks.endpoint.url = null
	sasl.oauthbearer.scope.claim.name = scope
	sasl.oauthbearer.sub.claim.name = sub
	sasl.oauthbearer.token.endpoint.url = null
	security.protocol = PLAINTEXT
	security.providers = null
	send.buffer.bytes = 131072
	session.timeout.ms = 45000
	socket.connection.setup.timeout.max.ms = 30000
	socket.connection.setup.timeout.ms = 10000
	ssl.cipher.suites = null
	ssl.enabled.protocols = [TLSv1.2, TLSv1.3]
	ssl.endpoint.identification.algorithm = https
	ssl.engine.factory.class = null
	ssl.key.password = null
	ssl.keymanager.algorithm = SunX509
	ssl.keystore.certificate.chain = null
	ssl.keystore.key = null
	ssl.keystore.location = null
	ssl.keystore.password = null
	ssl.keystore.type = JKS
	ssl.protocol = TLSv1.3
	ssl.provider = null
	ssl.secure.random.implementation = null
	ssl.trustmanager.algorithm = PKIX
	ssl.truststore.certificates = null
	ssl.truststore.location = null
	ssl.truststore.password = null
	ssl.truststore.type = JKS
	value.deserializer = class io.apicurio.registry.serde.avro.AvroKafkaDeserializer

2025-07-31 15:53:03,325 INFO  [org.apa.kaf.com.tel.int.KafkaMetricsCollector] (main) initializing Kafka metrics collector
2025-07-31 15:53:03,333 INFO  [org.apa.kaf.cli.Metadata] (kafka-producer-network-thread | Producer-topic-fc5034b4_4a69_4f19_ace7_d9fdd859b191) [Producer clientId=Producer-topic-fc5034b4_4a69_4f19_ace7_d9fdd859b191] Cluster ID: k5QcScx1TGu5ZEx470RFLw
2025-07-31 15:53:03,333 INFO  [org.apa.kaf.cli.pro.int.TransactionManager] (kafka-producer-network-thread | Producer-topic-fc5034b4_4a69_4f19_ace7_d9fdd859b191) [Producer clientId=Producer-topic-fc5034b4_4a69_4f19_ace7_d9fdd859b191] ProducerId set to 11 with epoch 0
2025-07-31 15:53:03,336 INFO  [org.apa.kaf.cli.con.ConsumerConfig] (main) These configurations '[apicurio.registry.url]' were supplied but are not used yet.
2025-07-31 15:53:03,336 INFO  [org.apa.kaf.com.uti.AppInfoParser] (main) Kafka version: 3.9.0
2025-07-31 15:53:03,336 INFO  [org.apa.kaf.com.uti.AppInfoParser] (main) Kafka commitId: 84caaa6e9da06435
2025-07-31 15:53:03,336 INFO  [org.apa.kaf.com.uti.AppInfoParser] (main) Kafka startTimeMs: 1753977183336
2025-07-31 15:53:03,339 INFO  [io.api.tes.ser.api.KafkaSerdesTester] (Thread-179) Sending message {"key11753977182152": "value-0"} to topic topic-fc5034b4_4a69_4f19_ace7_d9fdd859b191
2025-07-31 15:53:03,343 INFO  [DefaultSchemaResolver] (Thread-179) Retrieving schema content using string: {"type":"record","name":"se5479838xd437x45a9x92aax259c9f39d5df","namespace":"ns_5aeb4d24_0486_4a10_835f_d6b77e0db259","fields":[{"name":"key11753977182152","type":"string"}]}
2025-07-31 15:53:03,467 INFO  [io.api.tes.ser.api.KafkaSerdesTester] (Thread-179) Sending message {"key11753977182152": "value-1"} to topic topic-fc5034b4_4a69_4f19_ace7_d9fdd859b191
2025-07-31 15:53:03,471 INFO  [io.api.tes.ser.api.KafkaSerdesTester] (Thread-179) Sending message {"key11753977182152": "value-2"} to topic topic-fc5034b4_4a69_4f19_ace7_d9fdd859b191
2025-07-31 15:53:03,474 INFO  [io.api.tes.ser.api.KafkaSerdesTester] (Thread-179) Sending message {"key11753977182152": "value-3"} to topic topic-fc5034b4_4a69_4f19_ace7_d9fdd859b191
2025-07-31 15:53:03,478 INFO  [io.api.tes.ser.api.KafkaSerdesTester] (Thread-179) Sending message {"key11753977182152": "value-4"} to topic topic-fc5034b4_4a69_4f19_ace7_d9fdd859b191
2025-07-31 15:53:03,482 INFO  [io.api.tes.ser.api.KafkaSerdesTester] (Thread-179) Sending message {"key11753977182152": "value-5"} to topic topic-fc5034b4_4a69_4f19_ace7_d9fdd859b191
2025-07-31 15:53:03,485 INFO  [io.api.tes.ser.api.KafkaSerdesTester] (Thread-179) Sending message {"key11753977182152": "value-6"} to topic topic-fc5034b4_4a69_4f19_ace7_d9fdd859b191
2025-07-31 15:53:03,489 INFO  [io.api.tes.ser.api.KafkaSerdesTester] (Thread-179) Sending message {"key11753977182152": "value-7"} to topic topic-fc5034b4_4a69_4f19_ace7_d9fdd859b191
2025-07-31 15:53:03,492 INFO  [io.api.tes.ser.api.KafkaSerdesTester] (Thread-179) Sending message {"key11753977182152": "value-8"} to topic topic-fc5034b4_4a69_4f19_ace7_d9fdd859b191
2025-07-31 15:53:03,496 INFO  [io.api.tes.ser.api.KafkaSerdesTester] (Thread-179) Sending message {"key11753977182152": "value-9"} to topic topic-fc5034b4_4a69_4f19_ace7_d9fdd859b191
2025-07-31 15:53:03,500 INFO  [io.api.tes.ser.api.KafkaSerdesTester] (Thread-179) Produced 10 messages
2025-07-31 15:53:03,501 INFO  [org.apa.kaf.cli.con.int.ClassicKafkaConsumer] (Thread-180) [Consumer clientId=consumer-Consumer-topic-fc5034b4_4a69_4f19_ace7_d9fdd859b191-9, groupId=Consumer-topic-fc5034b4_4a69_4f19_ace7_d9fdd859b191] Subscribed to topic(s): topic-fc5034b4_4a69_4f19_ace7_d9fdd859b191
2025-07-31 15:53:03,508 INFO  [org.apa.kaf.cli.Metadata] (Thread-180) [Consumer clientId=consumer-Consumer-topic-fc5034b4_4a69_4f19_ace7_d9fdd859b191-9, groupId=Consumer-topic-fc5034b4_4a69_4f19_ace7_d9fdd859b191] Cluster ID: k5QcScx1TGu5ZEx470RFLw
2025-07-31 15:53:03,509 INFO  [org.apa.kaf.cli.con.int.ConsumerCoordinator] (Thread-180) [Consumer clientId=consumer-Consumer-topic-fc5034b4_4a69_4f19_ace7_d9fdd859b191-9, groupId=Consumer-topic-fc5034b4_4a69_4f19_ace7_d9fdd859b191] Discovered group coordinator localhost:32770 (id: 2147483647 rack: null)
2025-07-31 15:53:03,510 INFO  [org.apa.kaf.cli.con.int.ConsumerCoordinator] (Thread-180) [Consumer clientId=consumer-Consumer-topic-fc5034b4_4a69_4f19_ace7_d9fdd859b191-9, groupId=Consumer-topic-fc5034b4_4a69_4f19_ace7_d9fdd859b191] (Re-)joining group
2025-07-31 15:53:03,513 INFO  [org.apa.kaf.cli.con.int.ConsumerCoordinator] (Thread-180) [Consumer clientId=consumer-Consumer-topic-fc5034b4_4a69_4f19_ace7_d9fdd859b191-9, groupId=Consumer-topic-fc5034b4_4a69_4f19_ace7_d9fdd859b191] Request joining group due to: need to re-join with the given member-id: consumer-Consumer-topic-fc5034b4_4a69_4f19_ace7_d9fdd859b191-9-5a87888c-36d5-4fbb-85ef-6bb2055bb82e
2025-07-31 15:53:03,513 INFO  [org.apa.kaf.cli.con.int.ConsumerCoordinator] (Thread-180) [Consumer clientId=consumer-Consumer-topic-fc5034b4_4a69_4f19_ace7_d9fdd859b191-9, groupId=Consumer-topic-fc5034b4_4a69_4f19_ace7_d9fdd859b191] (Re-)joining group
2025-07-31 15:53:03,516 INFO  [org.apa.kaf.cli.con.int.ConsumerCoordinator] (Thread-180) [Consumer clientId=consumer-Consumer-topic-fc5034b4_4a69_4f19_ace7_d9fdd859b191-9, groupId=Consumer-topic-fc5034b4_4a69_4f19_ace7_d9fdd859b191] Successfully joined group with generation Generation{generationId=1, memberId='consumer-Consumer-topic-fc5034b4_4a69_4f19_ace7_d9fdd859b191-9-5a87888c-36d5-4fbb-85ef-6bb2055bb82e', protocol='range'}
2025-07-31 15:53:03,516 INFO  [org.apa.kaf.cli.con.int.ConsumerCoordinator] (Thread-180) [Consumer clientId=consumer-Consumer-topic-fc5034b4_4a69_4f19_ace7_d9fdd859b191-9, groupId=Consumer-topic-fc5034b4_4a69_4f19_ace7_d9fdd859b191] Finished assignment for group at generation 1: {consumer-Consumer-topic-fc5034b4_4a69_4f19_ace7_d9fdd859b191-9-5a87888c-36d5-4fbb-85ef-6bb2055bb82e=Assignment(partitions=[topic-fc5034b4_4a69_4f19_ace7_d9fdd859b191-0])}
2025-07-31 15:53:03,521 INFO  [org.apa.kaf.cli.con.int.ConsumerCoordinator] (Thread-180) [Consumer clientId=consumer-Consumer-topic-fc5034b4_4a69_4f19_ace7_d9fdd859b191-9, groupId=Consumer-topic-fc5034b4_4a69_4f19_ace7_d9fdd859b191] Successfully synced group in generation Generation{generationId=1, memberId='consumer-Consumer-topic-fc5034b4_4a69_4f19_ace7_d9fdd859b191-9-5a87888c-36d5-4fbb-85ef-6bb2055bb82e', protocol='range'}
2025-07-31 15:53:03,521 INFO  [org.apa.kaf.cli.con.int.ConsumerCoordinator] (Thread-180) [Consumer clientId=consumer-Consumer-topic-fc5034b4_4a69_4f19_ace7_d9fdd859b191-9, groupId=Consumer-topic-fc5034b4_4a69_4f19_ace7_d9fdd859b191] Notifying assignor about the new Assignment(partitions=[topic-fc5034b4_4a69_4f19_ace7_d9fdd859b191-0])
2025-07-31 15:53:03,521 INFO  [org.apa.kaf.cli.con.int.ConsumerRebalanceListenerInvoker] (Thread-180) [Consumer clientId=consumer-Consumer-topic-fc5034b4_4a69_4f19_ace7_d9fdd859b191-9, groupId=Consumer-topic-fc5034b4_4a69_4f19_ace7_d9fdd859b191] Adding newly assigned partitions: topic-fc5034b4_4a69_4f19_ace7_d9fdd859b191-0
2025-07-31 15:53:03,526 INFO  [org.apa.kaf.cli.con.int.ConsumerCoordinator] (Thread-180) [Consumer clientId=consumer-Consumer-topic-fc5034b4_4a69_4f19_ace7_d9fdd859b191-9, groupId=Consumer-topic-fc5034b4_4a69_4f19_ace7_d9fdd859b191] Found no committed offset for partition topic-fc5034b4_4a69_4f19_ace7_d9fdd859b191-0
2025-07-31 15:53:03,534 INFO  [org.apa.kaf.cli.con.int.SubscriptionState] (Thread-180) [Consumer clientId=consumer-Consumer-topic-fc5034b4_4a69_4f19_ace7_d9fdd859b191-9, groupId=Consumer-topic-fc5034b4_4a69_4f19_ace7_d9fdd859b191] Resetting offset for partition topic-fc5034b4_4a69_4f19_ace7_d9fdd859b191-0 to position FetchPosition{offset=0, offsetEpoch=Optional.empty, currentLeader=LeaderAndEpoch{leader=Optional[localhost:32770 (id: 0 rack: null)], epoch=0}}.
2025-07-31 15:53:03,730 INFO  [io.api.tes.ser.api.KafkaSerdesTester] (Thread-180) topic-fc5034b4_4a69_4f19_ace7_d9fdd859b191 0 0 {"key11753977182152": "value-0"}
2025-07-31 15:53:03,730 INFO  [io.api.tes.ser.api.KafkaSerdesTester] (Thread-180) topic-fc5034b4_4a69_4f19_ace7_d9fdd859b191 0 1 {"key11753977182152": "value-1"}
2025-07-31 15:53:03,730 INFO  [io.api.tes.ser.api.KafkaSerdesTester] (Thread-180) topic-fc5034b4_4a69_4f19_ace7_d9fdd859b191 0 2 {"key11753977182152": "value-2"}
2025-07-31 15:53:03,730 INFO  [io.api.tes.ser.api.KafkaSerdesTester] (Thread-180) topic-fc5034b4_4a69_4f19_ace7_d9fdd859b191 0 3 {"key11753977182152": "value-3"}
2025-07-31 15:53:03,731 INFO  [io.api.tes.ser.api.KafkaSerdesTester] (Thread-180) topic-fc5034b4_4a69_4f19_ace7_d9fdd859b191 0 4 {"key11753977182152": "value-4"}
2025-07-31 15:53:03,731 INFO  [io.api.tes.ser.api.KafkaSerdesTester] (Thread-180) topic-fc5034b4_4a69_4f19_ace7_d9fdd859b191 0 5 {"key11753977182152": "value-5"}
2025-07-31 15:53:03,733 INFO  [io.api.tes.ser.api.KafkaSerdesTester] (Thread-180) topic-fc5034b4_4a69_4f19_ace7_d9fdd859b191 0 6 {"key11753977182152": "value-6"}
2025-07-31 15:53:03,733 INFO  [io.api.tes.ser.api.KafkaSerdesTester] (Thread-180) topic-fc5034b4_4a69_4f19_ace7_d9fdd859b191 0 7 {"key11753977182152": "value-7"}
2025-07-31 15:53:03,733 INFO  [io.api.tes.ser.api.KafkaSerdesTester] (Thread-180) topic-fc5034b4_4a69_4f19_ace7_d9fdd859b191 0 8 {"key11753977182152": "value-8"}
2025-07-31 15:53:03,733 INFO  [io.api.tes.ser.api.KafkaSerdesTester] (Thread-180) topic-fc5034b4_4a69_4f19_ace7_d9fdd859b191 0 9 {"key11753977182152": "value-9"}
2025-07-31 15:53:03,733 INFO  [io.api.tes.ser.api.KafkaSerdesTester] (Thread-180) Consumed 10 messages
2025-07-31 15:53:03,735 INFO  [io.api.tes.ser.api.AvroSerdeIT] (main) Registering Avro Schema 2: {"type":"record","name":"se5479838xd437x45a9x92aax259c9f39d5df","namespace":"ns_5aeb4d24_0486_4a10_835f_d6b77e0db259","fields":[{"name":"key11753977182152","type":"string"},{"name":"key21753977183734","type":"string"}]}
2025-07-31 15:53:04,894 INFO  [io.api.tes.ser.api.KafkaSerdesTester] (Thread-181) Sending message {"key11753977182152": "value-0", "key21753977183734": "value-0"} to topic topic-fc5034b4_4a69_4f19_ace7_d9fdd859b191
2025-07-31 15:53:04,895 INFO  [DefaultSchemaResolver] (Thread-181) Retrieving schema content using string: {"type":"record","name":"se5479838xd437x45a9x92aax259c9f39d5df","namespace":"ns_5aeb4d24_0486_4a10_835f_d6b77e0db259","fields":[{"name":"key11753977182152","type":"string"},{"name":"key21753977183734","type":"string"}]}
2025-07-31 15:53:04,969 INFO  [io.api.tes.ser.api.KafkaSerdesTester] (Thread-181) Sending message {"key11753977182152": "value-1", "key21753977183734": "value-1"} to topic topic-fc5034b4_4a69_4f19_ace7_d9fdd859b191
2025-07-31 15:53:04,971 INFO  [io.api.tes.ser.api.KafkaSerdesTester] (Thread-181) Sending message {"key11753977182152": "value-2", "key21753977183734": "value-2"} to topic topic-fc5034b4_4a69_4f19_ace7_d9fdd859b191
2025-07-31 15:53:04,972 INFO  [io.api.tes.ser.api.KafkaSerdesTester] (Thread-181) Sending message {"key11753977182152": "value-3", "key21753977183734": "value-3"} to topic topic-fc5034b4_4a69_4f19_ace7_d9fdd859b191
2025-07-31 15:53:04,974 INFO  [io.api.tes.ser.api.KafkaSerdesTester] (Thread-181) Sending message {"key11753977182152": "value-4", "key21753977183734": "value-4"} to topic topic-fc5034b4_4a69_4f19_ace7_d9fdd859b191
2025-07-31 15:53:04,976 INFO  [io.api.tes.ser.api.KafkaSerdesTester] (Thread-181) Sending message {"key11753977182152": "value-5", "key21753977183734": "value-5"} to topic topic-fc5034b4_4a69_4f19_ace7_d9fdd859b191
2025-07-31 15:53:04,977 INFO  [io.api.tes.ser.api.KafkaSerdesTester] (Thread-181) Sending message {"key11753977182152": "value-6", "key21753977183734": "value-6"} to topic topic-fc5034b4_4a69_4f19_ace7_d9fdd859b191
2025-07-31 15:53:04,979 INFO  [io.api.tes.ser.api.KafkaSerdesTester] (Thread-181) Sending message {"key11753977182152": "value-7", "key21753977183734": "value-7"} to topic topic-fc5034b4_4a69_4f19_ace7_d9fdd859b191
2025-07-31 15:53:04,980 INFO  [io.api.tes.ser.api.KafkaSerdesTester] (Thread-181) Sending message {"key11753977182152": "value-8", "key21753977183734": "value-8"} to topic topic-fc5034b4_4a69_4f19_ace7_d9fdd859b191
2025-07-31 15:53:04,983 INFO  [io.api.tes.ser.api.KafkaSerdesTester] (Thread-181) Sending message {"key11753977182152": "value-9", "key21753977183734": "value-9"} to topic topic-fc5034b4_4a69_4f19_ace7_d9fdd859b191
2025-07-31 15:53:04,984 INFO  [io.api.tes.ser.api.KafkaSerdesTester] (Thread-181) Produced 10 messages
2025-07-31 15:53:04,985 INFO  [io.api.tes.ser.api.KafkaSerdesTester] (Thread-182) Sending message {"key11753977182152": "value-0"} to topic topic-fc5034b4_4a69_4f19_ace7_d9fdd859b191
2025-07-31 15:53:04,986 INFO  [io.api.tes.ser.api.KafkaSerdesTester] (Thread-182) Sending message {"key11753977182152": "value-1"} to topic topic-fc5034b4_4a69_4f19_ace7_d9fdd859b191
2025-07-31 15:53:04,988 INFO  [io.api.tes.ser.api.KafkaSerdesTester] (Thread-182) Sending message {"key11753977182152": "value-2"} to topic topic-fc5034b4_4a69_4f19_ace7_d9fdd859b191
2025-07-31 15:53:04,991 INFO  [io.api.tes.ser.api.KafkaSerdesTester] (Thread-182) Sending message {"key11753977182152": "value-3"} to topic topic-fc5034b4_4a69_4f19_ace7_d9fdd859b191
2025-07-31 15:53:04,992 INFO  [io.api.tes.ser.api.KafkaSerdesTester] (Thread-182) Sending message {"key11753977182152": "value-4"} to topic topic-fc5034b4_4a69_4f19_ace7_d9fdd859b191
2025-07-31 15:53:04,994 INFO  [io.api.tes.ser.api.KafkaSerdesTester] (Thread-182) Sending message {"key11753977182152": "value-5"} to topic topic-fc5034b4_4a69_4f19_ace7_d9fdd859b191
2025-07-31 15:53:04,997 INFO  [io.api.tes.ser.api.KafkaSerdesTester] (Thread-182) Sending message {"key11753977182152": "value-6"} to topic topic-fc5034b4_4a69_4f19_ace7_d9fdd859b191
2025-07-31 15:53:05,000 INFO  [io.api.tes.ser.api.KafkaSerdesTester] (Thread-182) Sending message {"key11753977182152": "value-7"} to topic topic-fc5034b4_4a69_4f19_ace7_d9fdd859b191
2025-07-31 15:53:05,003 INFO  [io.api.tes.ser.api.KafkaSerdesTester] (Thread-182) Sending message {"key11753977182152": "value-8"} to topic topic-fc5034b4_4a69_4f19_ace7_d9fdd859b191
2025-07-31 15:53:05,004 INFO  [io.api.tes.ser.api.KafkaSerdesTester] (Thread-182) Sending message {"key11753977182152": "value-9"} to topic topic-fc5034b4_4a69_4f19_ace7_d9fdd859b191
2025-07-31 15:53:05,006 INFO  [io.api.tes.ser.api.KafkaSerdesTester] (Thread-182) Produced 10 messages
2025-07-31 15:53:05,007 INFO  [org.apa.kaf.cli.con.int.ClassicKafkaConsumer] (Thread-183) [Consumer clientId=consumer-Consumer-topic-fc5034b4_4a69_4f19_ace7_d9fdd859b191-9, groupId=Consumer-topic-fc5034b4_4a69_4f19_ace7_d9fdd859b191] Subscribed to topic(s): topic-fc5034b4_4a69_4f19_ace7_d9fdd859b191
2025-07-31 15:53:05,140 INFO  [io.api.tes.ser.api.KafkaSerdesTester] (Thread-183) topic-fc5034b4_4a69_4f19_ace7_d9fdd859b191 0 10 {"key11753977182152": "value-0", "key21753977183734": "value-0"}
2025-07-31 15:53:05,140 INFO  [io.api.tes.ser.api.KafkaSerdesTester] (Thread-183) topic-fc5034b4_4a69_4f19_ace7_d9fdd859b191 0 11 {"key11753977182152": "value-1", "key21753977183734": "value-1"}
2025-07-31 15:53:05,140 INFO  [io.api.tes.ser.api.KafkaSerdesTester] (Thread-183) topic-fc5034b4_4a69_4f19_ace7_d9fdd859b191 0 12 {"key11753977182152": "value-2", "key21753977183734": "value-2"}
2025-07-31 15:53:05,140 INFO  [io.api.tes.ser.api.KafkaSerdesTester] (Thread-183) topic-fc5034b4_4a69_4f19_ace7_d9fdd859b191 0 13 {"key11753977182152": "value-3", "key21753977183734": "value-3"}
2025-07-31 15:53:05,140 INFO  [io.api.tes.ser.api.KafkaSerdesTester] (Thread-183) topic-fc5034b4_4a69_4f19_ace7_d9fdd859b191 0 14 {"key11753977182152": "value-4", "key21753977183734": "value-4"}
2025-07-31 15:53:05,140 INFO  [io.api.tes.ser.api.KafkaSerdesTester] (Thread-183) topic-fc5034b4_4a69_4f19_ace7_d9fdd859b191 0 15 {"key11753977182152": "value-5", "key21753977183734": "value-5"}
2025-07-31 15:53:05,140 INFO  [io.api.tes.ser.api.KafkaSerdesTester] (Thread-183) topic-fc5034b4_4a69_4f19_ace7_d9fdd859b191 0 16 {"key11753977182152": "value-6", "key21753977183734": "value-6"}
2025-07-31 15:53:05,140 INFO  [io.api.tes.ser.api.KafkaSerdesTester] (Thread-183) topic-fc5034b4_4a69_4f19_ace7_d9fdd859b191 0 17 {"key11753977182152": "value-7", "key21753977183734": "value-7"}
2025-07-31 15:53:05,140 INFO  [io.api.tes.ser.api.KafkaSerdesTester] (Thread-183) topic-fc5034b4_4a69_4f19_ace7_d9fdd859b191 0 18 {"key11753977182152": "value-8", "key21753977183734": "value-8"}
2025-07-31 15:53:05,141 INFO  [io.api.tes.ser.api.KafkaSerdesTester] (Thread-183) topic-fc5034b4_4a69_4f19_ace7_d9fdd859b191 0 19 {"key11753977182152": "value-9", "key21753977183734": "value-9"}
2025-07-31 15:53:05,141 INFO  [io.api.tes.ser.api.KafkaSerdesTester] (Thread-183) topic-fc5034b4_4a69_4f19_ace7_d9fdd859b191 0 20 {"key11753977182152": "value-0"}
2025-07-31 15:53:05,141 INFO  [io.api.tes.ser.api.KafkaSerdesTester] (Thread-183) topic-fc5034b4_4a69_4f19_ace7_d9fdd859b191 0 21 {"key11753977182152": "value-1"}
2025-07-31 15:53:05,141 INFO  [io.api.tes.ser.api.KafkaSerdesTester] (Thread-183) topic-fc5034b4_4a69_4f19_ace7_d9fdd859b191 0 22 {"key11753977182152": "value-2"}
2025-07-31 15:53:05,141 INFO  [io.api.tes.ser.api.KafkaSerdesTester] (Thread-183) topic-fc5034b4_4a69_4f19_ace7_d9fdd859b191 0 23 {"key11753977182152": "value-3"}
2025-07-31 15:53:05,141 INFO  [io.api.tes.ser.api.KafkaSerdesTester] (Thread-183) topic-fc5034b4_4a69_4f19_ace7_d9fdd859b191 0 24 {"key11753977182152": "value-4"}
2025-07-31 15:53:05,141 INFO  [io.api.tes.ser.api.KafkaSerdesTester] (Thread-183) topic-fc5034b4_4a69_4f19_ace7_d9fdd859b191 0 25 {"key11753977182152": "value-5"}
2025-07-31 15:53:05,141 INFO  [io.api.tes.ser.api.KafkaSerdesTester] (Thread-183) topic-fc5034b4_4a69_4f19_ace7_d9fdd859b191 0 26 {"key11753977182152": "value-6"}
2025-07-31 15:53:05,141 INFO  [io.api.tes.ser.api.KafkaSerdesTester] (Thread-183) topic-fc5034b4_4a69_4f19_ace7_d9fdd859b191 0 27 {"key11753977182152": "value-7"}
2025-07-31 15:53:05,141 INFO  [io.api.tes.ser.api.KafkaSerdesTester] (Thread-183) topic-fc5034b4_4a69_4f19_ace7_d9fdd859b191 0 28 {"key11753977182152": "value-8"}
2025-07-31 15:53:05,141 INFO  [io.api.tes.ser.api.KafkaSerdesTester] (Thread-183) topic-fc5034b4_4a69_4f19_ace7_d9fdd859b191 0 29 {"key11753977182152": "value-9"}
2025-07-31 15:53:05,141 INFO  [io.api.tes.ser.api.KafkaSerdesTester] (Thread-183) Consumed 20 messages
2025-07-31 15:53:05,142 INFO  [io.api.tes.ser.api.AvroSerdeIT] (main) Registering Avro Schema 3: {"type":"record","name":"se5479838xd437x45a9x92aax259c9f39d5df","namespace":"ns_5aeb4d24_0486_4a10_835f_d6b77e0db259","fields":[{"name":"key11753977182152","type":"string"},{"name":"key21753977183734","type":"string"},{"name":"key31753977185141","type":"string"}]}
2025-07-31 15:53:06,293 INFO  [io.api.tes.ser.api.KafkaSerdesTester] (Thread-184) Sending message {"key11753977182152": "value-0", "key21753977183734": "value-0", "key31753977185141": "value-0"} to topic topic-fc5034b4_4a69_4f19_ace7_d9fdd859b191
2025-07-31 15:53:06,306 INFO  [DefaultSchemaResolver] (Thread-184) Retrieving schema content using string: {"type":"record","name":"se5479838xd437x45a9x92aax259c9f39d5df","namespace":"ns_5aeb4d24_0486_4a10_835f_d6b77e0db259","fields":[{"name":"key11753977182152","type":"string"},{"name":"key21753977183734","type":"string"},{"name":"key31753977185141","type":"string"}]}
2025-07-31 15:53:06,371 INFO  [io.api.tes.ser.api.KafkaSerdesTester] (Thread-184) Sending message {"key11753977182152": "value-1", "key21753977183734": "value-1", "key31753977185141": "value-1"} to topic topic-fc5034b4_4a69_4f19_ace7_d9fdd859b191
2025-07-31 15:53:06,372 INFO  [io.api.tes.ser.api.KafkaSerdesTester] (Thread-184) Sending message {"key11753977182152": "value-2", "key21753977183734": "value-2", "key31753977185141": "value-2"} to topic topic-fc5034b4_4a69_4f19_ace7_d9fdd859b191
2025-07-31 15:53:06,374 INFO  [io.api.tes.ser.api.KafkaSerdesTester] (Thread-184) Sending message {"key11753977182152": "value-3", "key21753977183734": "value-3", "key31753977185141": "value-3"} to topic topic-fc5034b4_4a69_4f19_ace7_d9fdd859b191
2025-07-31 15:53:06,375 INFO  [io.api.tes.ser.api.KafkaSerdesTester] (Thread-184) Sending message {"key11753977182152": "value-4", "key21753977183734": "value-4", "key31753977185141": "value-4"} to topic topic-fc5034b4_4a69_4f19_ace7_d9fdd859b191
2025-07-31 15:53:06,377 INFO  [io.api.tes.ser.api.KafkaSerdesTester] (Thread-184) Sending message {"key11753977182152": "value-5", "key21753977183734": "value-5", "key31753977185141": "value-5"} to topic topic-fc5034b4_4a69_4f19_ace7_d9fdd859b191
2025-07-31 15:53:06,381 INFO  [io.api.tes.ser.api.KafkaSerdesTester] (Thread-184) Sending message {"key11753977182152": "value-6", "key21753977183734": "value-6", "key31753977185141": "value-6"} to topic topic-fc5034b4_4a69_4f19_ace7_d9fdd859b191
2025-07-31 15:53:06,385 INFO  [io.api.tes.ser.api.KafkaSerdesTester] (Thread-184) Sending message {"key11753977182152": "value-7", "key21753977183734": "value-7", "key31753977185141": "value-7"} to topic topic-fc5034b4_4a69_4f19_ace7_d9fdd859b191
2025-07-31 15:53:06,388 INFO  [io.api.tes.ser.api.KafkaSerdesTester] (Thread-184) Sending message {"key11753977182152": "value-8", "key21753977183734": "value-8", "key31753977185141": "value-8"} to topic topic-fc5034b4_4a69_4f19_ace7_d9fdd859b191
2025-07-31 15:53:06,389 INFO  [io.api.tes.ser.api.KafkaSerdesTester] (Thread-184) Sending message {"key11753977182152": "value-9", "key21753977183734": "value-9", "key31753977185141": "value-9"} to topic topic-fc5034b4_4a69_4f19_ace7_d9fdd859b191
2025-07-31 15:53:06,392 INFO  [io.api.tes.ser.api.KafkaSerdesTester] (Thread-184) Produced 10 messages
2025-07-31 15:53:06,393 INFO  [io.api.tes.ser.api.KafkaSerdesTester] (Thread-185) Sending message {"key11753977182152": "value-0", "key21753977183734": "value-0"} to topic topic-fc5034b4_4a69_4f19_ace7_d9fdd859b191
2025-07-31 15:53:06,395 INFO  [io.api.tes.ser.api.KafkaSerdesTester] (Thread-185) Sending message {"key11753977182152": "value-1", "key21753977183734": "value-1"} to topic topic-fc5034b4_4a69_4f19_ace7_d9fdd859b191
2025-07-31 15:53:06,396 INFO  [io.api.tes.ser.api.KafkaSerdesTester] (Thread-185) Sending message {"key11753977182152": "value-2", "key21753977183734": "value-2"} to topic topic-fc5034b4_4a69_4f19_ace7_d9fdd859b191
2025-07-31 15:53:06,398 INFO  [io.api.tes.ser.api.KafkaSerdesTester] (Thread-185) Sending message {"key11753977182152": "value-3", "key21753977183734": "value-3"} to topic topic-fc5034b4_4a69_4f19_ace7_d9fdd859b191
2025-07-31 15:53:06,399 INFO  [io.api.tes.ser.api.KafkaSerdesTester] (Thread-185) Sending message {"key11753977182152": "value-4", "key21753977183734": "value-4"} to topic topic-fc5034b4_4a69_4f19_ace7_d9fdd859b191
2025-07-31 15:53:06,400 INFO  [io.api.tes.ser.api.KafkaSerdesTester] (Thread-185) Sending message {"key11753977182152": "value-5", "key21753977183734": "value-5"} to topic topic-fc5034b4_4a69_4f19_ace7_d9fdd859b191
2025-07-31 15:53:06,402 INFO  [io.api.tes.ser.api.KafkaSerdesTester] (Thread-185) Sending message {"key11753977182152": "value-6", "key21753977183734": "value-6"} to topic topic-fc5034b4_4a69_4f19_ace7_d9fdd859b191
2025-07-31 15:53:06,403 INFO  [io.api.tes.ser.api.KafkaSerdesTester] (Thread-185) Sending message {"key11753977182152": "value-7", "key21753977183734": "value-7"} to topic topic-fc5034b4_4a69_4f19_ace7_d9fdd859b191
2025-07-31 15:53:06,409 INFO  [io.api.tes.ser.api.KafkaSerdesTester] (Thread-185) Sending message {"key11753977182152": "value-8", "key21753977183734": "value-8"} to topic topic-fc5034b4_4a69_4f19_ace7_d9fdd859b191
2025-07-31 15:53:06,410 INFO  [io.api.tes.ser.api.KafkaSerdesTester] (Thread-185) Sending message {"key11753977182152": "value-9", "key21753977183734": "value-9"} to topic topic-fc5034b4_4a69_4f19_ace7_d9fdd859b191
2025-07-31 15:53:06,411 INFO  [io.api.tes.ser.api.KafkaSerdesTester] (Thread-185) Produced 10 messages
2025-07-31 15:53:06,412 INFO  [io.api.tes.ser.api.KafkaSerdesTester] (Thread-186) Sending message {"key11753977182152": "value-0"} to topic topic-fc5034b4_4a69_4f19_ace7_d9fdd859b191
2025-07-31 15:53:06,413 INFO  [io.api.tes.ser.api.KafkaSerdesTester] (Thread-186) Sending message {"key11753977182152": "value-1"} to topic topic-fc5034b4_4a69_4f19_ace7_d9fdd859b191
2025-07-31 15:53:06,414 INFO  [io.api.tes.ser.api.KafkaSerdesTester] (Thread-186) Sending message {"key11753977182152": "value-2"} to topic topic-fc5034b4_4a69_4f19_ace7_d9fdd859b191
2025-07-31 15:53:06,416 INFO  [io.api.tes.ser.api.KafkaSerdesTester] (Thread-186) Sending message {"key11753977182152": "value-3"} to topic topic-fc5034b4_4a69_4f19_ace7_d9fdd859b191
2025-07-31 15:53:06,417 INFO  [io.api.tes.ser.api.KafkaSerdesTester] (Thread-186) Sending message {"key11753977182152": "value-4"} to topic topic-fc5034b4_4a69_4f19_ace7_d9fdd859b191
2025-07-31 15:53:06,419 INFO  [io.api.tes.ser.api.KafkaSerdesTester] (Thread-186) Sending message {"key11753977182152": "value-5"} to topic topic-fc5034b4_4a69_4f19_ace7_d9fdd859b191
2025-07-31 15:53:06,423 INFO  [io.api.tes.ser.api.KafkaSerdesTester] (Thread-186) Sending message {"key11753977182152": "value-6"} to topic topic-fc5034b4_4a69_4f19_ace7_d9fdd859b191
2025-07-31 15:53:06,426 INFO  [io.api.tes.ser.api.KafkaSerdesTester] (Thread-186) Sending message {"key11753977182152": "value-7"} to topic topic-fc5034b4_4a69_4f19_ace7_d9fdd859b191
2025-07-31 15:53:06,427 INFO  [io.api.tes.ser.api.KafkaSerdesTester] (Thread-186) Sending message {"key11753977182152": "value-8"} to topic topic-fc5034b4_4a69_4f19_ace7_d9fdd859b191
2025-07-31 15:53:06,429 INFO  [io.api.tes.ser.api.KafkaSerdesTester] (Thread-186) Sending message {"key11753977182152": "value-9"} to topic topic-fc5034b4_4a69_4f19_ace7_d9fdd859b191
2025-07-31 15:53:06,431 INFO  [io.api.tes.ser.api.KafkaSerdesTester] (Thread-186) Produced 10 messages
2025-07-31 15:53:06,432 INFO  [org.apa.kaf.cli.con.int.ClassicKafkaConsumer] (Thread-187) [Consumer clientId=consumer-Consumer-topic-fc5034b4_4a69_4f19_ace7_d9fdd859b191-9, groupId=Consumer-topic-fc5034b4_4a69_4f19_ace7_d9fdd859b191] Subscribed to topic(s): topic-fc5034b4_4a69_4f19_ace7_d9fdd859b191
2025-07-31 15:53:06,567 INFO  [io.api.tes.ser.api.KafkaSerdesTester] (Thread-187) topic-fc5034b4_4a69_4f19_ace7_d9fdd859b191 0 30 {"key11753977182152": "value-0", "key21753977183734": "value-0", "key31753977185141": "value-0"}
2025-07-31 15:53:06,567 INFO  [io.api.tes.ser.api.KafkaSerdesTester] (Thread-187) topic-fc5034b4_4a69_4f19_ace7_d9fdd859b191 0 31 {"key11753977182152": "value-1", "key21753977183734": "value-1", "key31753977185141": "value-1"}
2025-07-31 15:53:06,567 INFO  [io.api.tes.ser.api.KafkaSerdesTester] (Thread-187) topic-fc5034b4_4a69_4f19_ace7_d9fdd859b191 0 32 {"key11753977182152": "value-2", "key21753977183734": "value-2", "key31753977185141": "value-2"}
2025-07-31 15:53:06,568 INFO  [io.api.tes.ser.api.KafkaSerdesTester] (Thread-187) topic-fc5034b4_4a69_4f19_ace7_d9fdd859b191 0 33 {"key11753977182152": "value-3", "key21753977183734": "value-3", "key31753977185141": "value-3"}
2025-07-31 15:53:06,568 INFO  [io.api.tes.ser.api.KafkaSerdesTester] (Thread-187) topic-fc5034b4_4a69_4f19_ace7_d9fdd859b191 0 34 {"key11753977182152": "value-4", "key21753977183734": "value-4", "key31753977185141": "value-4"}
2025-07-31 15:53:06,568 INFO  [io.api.tes.ser.api.KafkaSerdesTester] (Thread-187) topic-fc5034b4_4a69_4f19_ace7_d9fdd859b191 0 35 {"key11753977182152": "value-5", "key21753977183734": "value-5", "key31753977185141": "value-5"}
2025-07-31 15:53:06,568 INFO  [io.api.tes.ser.api.KafkaSerdesTester] (Thread-187) topic-fc5034b4_4a69_4f19_ace7_d9fdd859b191 0 36 {"key11753977182152": "value-6", "key21753977183734": "value-6", "key31753977185141": "value-6"}
2025-07-31 15:53:06,568 INFO  [io.api.tes.ser.api.KafkaSerdesTester] (Thread-187) topic-fc5034b4_4a69_4f19_ace7_d9fdd859b191 0 37 {"key11753977182152": "value-7", "key21753977183734": "value-7", "key31753977185141": "value-7"}
2025-07-31 15:53:06,568 INFO  [io.api.tes.ser.api.KafkaSerdesTester] (Thread-187) topic-fc5034b4_4a69_4f19_ace7_d9fdd859b191 0 38 {"key11753977182152": "value-8", "key21753977183734": "value-8", "key31753977185141": "value-8"}
2025-07-31 15:53:06,568 INFO  [io.api.tes.ser.api.KafkaSerdesTester] (Thread-187) topic-fc5034b4_4a69_4f19_ace7_d9fdd859b191 0 39 {"key11753977182152": "value-9", "key21753977183734": "value-9", "key31753977185141": "value-9"}
2025-07-31 15:53:06,568 INFO  [io.api.tes.ser.api.KafkaSerdesTester] (Thread-187) topic-fc5034b4_4a69_4f19_ace7_d9fdd859b191 0 40 {"key11753977182152": "value-0", "key21753977183734": "value-0"}
2025-07-31 15:53:06,568 INFO  [io.api.tes.ser.api.KafkaSerdesTester] (Thread-187) topic-fc5034b4_4a69_4f19_ace7_d9fdd859b191 0 41 {"key11753977182152": "value-1", "key21753977183734": "value-1"}
2025-07-31 15:53:06,568 INFO  [io.api.tes.ser.api.KafkaSerdesTester] (Thread-187) topic-fc5034b4_4a69_4f19_ace7_d9fdd859b191 0 42 {"key11753977182152": "value-2", "key21753977183734": "value-2"}
2025-07-31 15:53:06,568 INFO  [io.api.tes.ser.api.KafkaSerdesTester] (Thread-187) topic-fc5034b4_4a69_4f19_ace7_d9fdd859b191 0 43 {"key11753977182152": "value-3", "key21753977183734": "value-3"}
2025-07-31 15:53:06,568 INFO  [io.api.tes.ser.api.KafkaSerdesTester] (Thread-187) topic-fc5034b4_4a69_4f19_ace7_d9fdd859b191 0 44 {"key11753977182152": "value-4", "key21753977183734": "value-4"}
2025-07-31 15:53:06,568 INFO  [io.api.tes.ser.api.KafkaSerdesTester] (Thread-187) topic-fc5034b4_4a69_4f19_ace7_d9fdd859b191 0 45 {"key11753977182152": "value-5", "key21753977183734": "value-5"}
2025-07-31 15:53:06,568 INFO  [io.api.tes.ser.api.KafkaSerdesTester] (Thread-187) topic-fc5034b4_4a69_4f19_ace7_d9fdd859b191 0 46 {"key11753977182152": "value-6", "key21753977183734": "value-6"}
2025-07-31 15:53:06,569 INFO  [io.api.tes.ser.api.KafkaSerdesTester] (Thread-187) topic-fc5034b4_4a69_4f19_ace7_d9fdd859b191 0 47 {"key11753977182152": "value-7", "key21753977183734": "value-7"}
2025-07-31 15:53:06,569 INFO  [io.api.tes.ser.api.KafkaSerdesTester] (Thread-187) topic-fc5034b4_4a69_4f19_ace7_d9fdd859b191 0 48 {"key11753977182152": "value-8", "key21753977183734": "value-8"}
2025-07-31 15:53:06,569 INFO  [io.api.tes.ser.api.KafkaSerdesTester] (Thread-187) topic-fc5034b4_4a69_4f19_ace7_d9fdd859b191 0 49 {"key11753977182152": "value-9", "key21753977183734": "value-9"}
2025-07-31 15:53:06,569 INFO  [io.api.tes.ser.api.KafkaSerdesTester] (Thread-187) topic-fc5034b4_4a69_4f19_ace7_d9fdd859b191 0 50 {"key11753977182152": "value-0"}
2025-07-31 15:53:06,569 INFO  [io.api.tes.ser.api.KafkaSerdesTester] (Thread-187) topic-fc5034b4_4a69_4f19_ace7_d9fdd859b191 0 51 {"key11753977182152": "value-1"}
2025-07-31 15:53:06,569 INFO  [io.api.tes.ser.api.KafkaSerdesTester] (Thread-187) topic-fc5034b4_4a69_4f19_ace7_d9fdd859b191 0 52 {"key11753977182152": "value-2"}
2025-07-31 15:53:06,569 INFO  [io.api.tes.ser.api.KafkaSerdesTester] (Thread-187) topic-fc5034b4_4a69_4f19_ace7_d9fdd859b191 0 53 {"key11753977182152": "value-3"}
2025-07-31 15:53:06,569 INFO  [io.api.tes.ser.api.KafkaSerdesTester] (Thread-187) topic-fc5034b4_4a69_4f19_ace7_d9fdd859b191 0 54 {"key11753977182152": "value-4"}
2025-07-31 15:53:06,569 INFO  [io.api.tes.ser.api.KafkaSerdesTester] (Thread-187) topic-fc5034b4_4a69_4f19_ace7_d9fdd859b191 0 55 {"key11753977182152": "value-5"}
2025-07-31 15:53:06,569 INFO  [io.api.tes.ser.api.KafkaSerdesTester] (Thread-187) topic-fc5034b4_4a69_4f19_ace7_d9fdd859b191 0 56 {"key11753977182152": "value-6"}
2025-07-31 15:53:06,569 INFO  [io.api.tes.ser.api.KafkaSerdesTester] (Thread-187) topic-fc5034b4_4a69_4f19_ace7_d9fdd859b191 0 57 {"key11753977182152": "value-7"}
2025-07-31 15:53:06,569 INFO  [io.api.tes.ser.api.KafkaSerdesTester] (Thread-187) topic-fc5034b4_4a69_4f19_ace7_d9fdd859b191 0 58 {"key11753977182152": "value-8"}
2025-07-31 15:53:06,569 INFO  [io.api.tes.ser.api.KafkaSerdesTester] (Thread-187) topic-fc5034b4_4a69_4f19_ace7_d9fdd859b191 0 59 {"key11753977182152": "value-9"}
2025-07-31 15:53:06,569 INFO  [io.api.tes.ser.api.KafkaSerdesTester] (Thread-187) Consumed 30 messages
2025-07-31 15:53:06,569 INFO  [org.apa.kaf.cli.pro.KafkaProducer] (main) [Producer clientId=Producer-topic-fc5034b4_4a69_4f19_ace7_d9fdd859b191] Closing the Kafka producer with timeoutMillis = 9223372036854775807 ms.
2025-07-31 15:53:06,573 INFO  [org.apa.kaf.com.met.Metrics] (main) Metrics scheduler closed
2025-07-31 15:53:06,573 INFO  [org.apa.kaf.com.met.Metrics] (main) Closing reporter org.apache.kafka.common.metrics.JmxReporter
2025-07-31 15:53:06,573 INFO  [org.apa.kaf.com.met.Metrics] (main) Closing reporter org.apache.kafka.common.telemetry.internals.ClientTelemetryReporter
2025-07-31 15:53:06,573 INFO  [org.apa.kaf.com.met.Metrics] (main) Metrics reporters closed
2025-07-31 15:53:06,574 INFO  [org.apa.kaf.com.uti.AppInfoParser] (main) App info kafka.producer for Producer-topic-fc5034b4_4a69_4f19_ace7_d9fdd859b191 unregistered
2025-07-31 15:53:06,578 INFO  [org.apa.kaf.cli.con.int.ConsumerRebalanceListenerInvoker] (main) [Consumer clientId=consumer-Consumer-topic-fc5034b4_4a69_4f19_ace7_d9fdd859b191-9, groupId=Consumer-topic-fc5034b4_4a69_4f19_ace7_d9fdd859b191] Revoke previously assigned partitions topic-fc5034b4_4a69_4f19_ace7_d9fdd859b191-0
2025-07-31 15:53:06,578 INFO  [org.apa.kaf.cli.con.int.ConsumerCoordinator] (main) [Consumer clientId=consumer-Consumer-topic-fc5034b4_4a69_4f19_ace7_d9fdd859b191-9, groupId=Consumer-topic-fc5034b4_4a69_4f19_ace7_d9fdd859b191] Member consumer-Consumer-topic-fc5034b4_4a69_4f19_ace7_d9fdd859b191-9-5a87888c-36d5-4fbb-85ef-6bb2055bb82e sending LeaveGroup request to coordinator localhost:32770 (id: 2147483647 rack: null) due to the consumer is being closed
2025-07-31 15:53:06,579 INFO  [org.apa.kaf.cli.con.int.ConsumerCoordinator] (main) [Consumer clientId=consumer-Consumer-topic-fc5034b4_4a69_4f19_ace7_d9fdd859b191-9, groupId=Consumer-topic-fc5034b4_4a69_4f19_ace7_d9fdd859b191] Resetting generation and member id due to: consumer pro-actively leaving the group
2025-07-31 15:53:06,579 INFO  [org.apa.kaf.cli.con.int.ConsumerCoordinator] (main) [Consumer clientId=consumer-Consumer-topic-fc5034b4_4a69_4f19_ace7_d9fdd859b191-9, groupId=Consumer-topic-fc5034b4_4a69_4f19_ace7_d9fdd859b191] Request joining group due to: consumer pro-actively leaving the group
2025-07-31 15:53:07,070 INFO  [org.apa.kaf.com.met.Metrics] (main) Metrics scheduler closed
2025-07-31 15:53:07,070 INFO  [org.apa.kaf.com.met.Metrics] (main) Closing reporter org.apache.kafka.common.metrics.JmxReporter
2025-07-31 15:53:07,070 INFO  [org.apa.kaf.com.met.Metrics] (main) Closing reporter org.apache.kafka.common.telemetry.internals.ClientTelemetryReporter
2025-07-31 15:53:07,070 INFO  [org.apa.kaf.com.met.Metrics] (main) Metrics reporters closed
2025-07-31 15:53:07,073 INFO  [org.apa.kaf.com.uti.AppInfoParser] (main) App info kafka.consumer for consumer-Consumer-topic-fc5034b4_4a69_4f19_ace7_d9fdd859b191-9 unregistered
2025-07-31 15:53:07,073 INFO  [io.api.tes.uti.TestSeparator] (main) io.apicurio.tests.serdes.apicurio.AvroSerdeIT.testEvolveAvroApicurioReusingClient-FINISHED
2025-07-31 15:53:07,073 INFO  [io.api.tes.uti.TestSeparator] (main) ############################################################################
]]></system-out>
  </testcase>
  <testcase name="testProducerUsesDefaultConsumerUsesGlobalId" classname="io.apicurio.tests.serdes.apicurio.AvroSerdeIT" time="0.0">
    <skipped message="void io.apicurio.tests.serdes.apicurio.AvroSerdeIT.testProducerUsesDefaultConsumerUsesGlobalId() throws java.lang.Exception is @Disabled"/>
  </testcase>
  <testcase name="testEvolveAvroApicurio" classname="io.apicurio.tests.serdes.apicurio.AvroSerdeIT" time="7.199">
    <system-out><![CDATA[2025-07-31 15:53:07,077 INFO  [io.api.tes.uti.TestSeparator] (main) ############################################################################
2025-07-31 15:53:07,077 INFO  [io.api.tes.uti.TestSeparator] (main) io.apicurio.tests.serdes.apicurio.AvroSerdeIT.testEvolveAvroApicurio-STARTED
2025-07-31 15:53:07,080 INFO  [io.api.tes.ser.api.AvroSerdeIT] (main) Registering Avro Schema: {"type":"record","name":"s9da63fd6xde1fx4747xb74dx61c0b9d9114a","namespace":"ns_e4ee1fa6_a970_49b4_abf6_4837a8f7b191","fields":[{"name":"key11753977187078","type":"string"}]}
2025-07-31 15:53:08,245 INFO  [org.apa.kaf.cli.pro.ProducerConfig] (main) ProducerConfig values: 
	acks = -1
	auto.include.jmx.reporter = true
	batch.size = 16384
	bootstrap.servers = [PLAINTEXT://localhost:32770]
	buffer.memory = 33554432
	client.dns.lookup = use_all_dns_ips
	client.id = Producer-topic-363eff47_1042_4ca6_a5f9_f9bff3f402c5
	compression.gzip.level = -1
	compression.lz4.level = 9
	compression.type = none
	compression.zstd.level = 3
	connections.max.idle.ms = 10000
	delivery.timeout.ms = 120000
	enable.idempotence = true
	enable.metrics.push = true
	interceptor.classes = []
	key.serializer = class org.apache.kafka.common.serialization.StringSerializer
	linger.ms = 0
	max.block.ms = 60000
	max.in.flight.requests.per.connection = 5
	max.request.size = 1048576
	metadata.max.age.ms = 300000
	metadata.max.idle.ms = 300000
	metadata.recovery.strategy = none
	metric.reporters = []
	metrics.num.samples = 2
	metrics.recording.level = INFO
	metrics.sample.window.ms = 30000
	partitioner.adaptive.partitioning.enable = true
	partitioner.availability.timeout.ms = 0
	partitioner.class = null
	partitioner.ignore.keys = false
	receive.buffer.bytes = 32768
	reconnect.backoff.max.ms = 1000
	reconnect.backoff.ms = 50
	request.timeout.ms = 5000
	retries = 2147483647
	retry.backoff.max.ms = 1000
	retry.backoff.ms = 100
	sasl.client.callback.handler.class = null
	sasl.jaas.config = null
	sasl.kerberos.kinit.cmd = /usr/bin/kinit
	sasl.kerberos.min.time.before.relogin = 60000
	sasl.kerberos.service.name = null
	sasl.kerberos.ticket.renew.jitter = 0.05
	sasl.kerberos.ticket.renew.window.factor = 0.8
	sasl.login.callback.handler.class = null
	sasl.login.class = null
	sasl.login.connect.timeout.ms = null
	sasl.login.read.timeout.ms = null
	sasl.login.refresh.buffer.seconds = 300
	sasl.login.refresh.min.period.seconds = 60
	sasl.login.refresh.window.factor = 0.8
	sasl.login.refresh.window.jitter = 0.05
	sasl.login.retry.backoff.max.ms = 10000
	sasl.login.retry.backoff.ms = 100
	sasl.mechanism = GSSAPI
	sasl.oauthbearer.clock.skew.seconds = 30
	sasl.oauthbearer.expected.audience = null
	sasl.oauthbearer.expected.issuer = null
	sasl.oauthbearer.header.urlencode = false
	sasl.oauthbearer.jwks.endpoint.refresh.ms = 3600000
	sasl.oauthbearer.jwks.endpoint.retry.backoff.max.ms = 10000
	sasl.oauthbearer.jwks.endpoint.retry.backoff.ms = 100
	sasl.oauthbearer.jwks.endpoint.url = null
	sasl.oauthbearer.scope.claim.name = scope
	sasl.oauthbearer.sub.claim.name = sub
	sasl.oauthbearer.token.endpoint.url = null
	security.protocol = PLAINTEXT
	security.providers = null
	send.buffer.bytes = 131072
	socket.connection.setup.timeout.max.ms = 30000
	socket.connection.setup.timeout.ms = 10000
	ssl.cipher.suites = null
	ssl.enabled.protocols = [TLSv1.2, TLSv1.3]
	ssl.endpoint.identification.algorithm = https
	ssl.engine.factory.class = null
	ssl.key.password = null
	ssl.keymanager.algorithm = SunX509
	ssl.keystore.certificate.chain = null
	ssl.keystore.key = null
	ssl.keystore.location = null
	ssl.keystore.password = null
	ssl.keystore.type = JKS
	ssl.protocol = TLSv1.3
	ssl.provider = null
	ssl.secure.random.implementation = null
	ssl.trustmanager.algorithm = PKIX
	ssl.truststore.certificates = null
	ssl.truststore.location = null
	ssl.truststore.password = null
	ssl.truststore.type = JKS
	transaction.timeout.ms = 60000
	transactional.id = null
	value.serializer = class io.apicurio.registry.serde.avro.AvroKafkaSerializer

2025-07-31 15:53:08,245 INFO  [org.apa.kaf.com.tel.int.KafkaMetricsCollector] (main) initializing Kafka metrics collector
2025-07-31 15:53:08,249 INFO  [org.apa.kaf.cli.pro.KafkaProducer] (main) [Producer clientId=Producer-topic-363eff47_1042_4ca6_a5f9_f9bff3f402c5] Instantiated an idempotent producer.
2025-07-31 15:53:08,251 INFO  [org.apa.kaf.cli.pro.ProducerConfig] (main) These configurations '[apicurio.registry.url, apicurio.registry.artifact-resolver-strategy]' were supplied but are not used yet.
2025-07-31 15:53:08,251 INFO  [org.apa.kaf.com.uti.AppInfoParser] (main) Kafka version: 3.9.0
2025-07-31 15:53:08,251 INFO  [org.apa.kaf.com.uti.AppInfoParser] (main) Kafka commitId: 84caaa6e9da06435
2025-07-31 15:53:08,251 INFO  [org.apa.kaf.com.uti.AppInfoParser] (main) Kafka startTimeMs: 1753977188251
2025-07-31 15:53:08,252 INFO  [org.apa.kaf.cli.con.ConsumerConfig] (main) ConsumerConfig values: 
	allow.auto.create.topics = true
	auto.commit.interval.ms = 500
	auto.include.jmx.reporter = true
	auto.offset.reset = earliest
	bootstrap.servers = [PLAINTEXT://localhost:32770]
	check.crcs = true
	client.dns.lookup = use_all_dns_ips
	client.id = consumer-Consumer-topic-363eff47_1042_4ca6_a5f9_f9bff3f402c5-10
	client.rack = 
	connections.max.idle.ms = 10000
	default.api.timeout.ms = 60000
	enable.auto.commit = true
	enable.metrics.push = true
	exclude.internal.topics = true
	fetch.max.bytes = 52428800
	fetch.max.wait.ms = 500
	fetch.min.bytes = 1
	group.id = Consumer-topic-363eff47_1042_4ca6_a5f9_f9bff3f402c5
	group.instance.id = null
	group.protocol = classic
	group.remote.assignor = null
	heartbeat.interval.ms = 3000
	interceptor.classes = []
	internal.leave.group.on.close = true
	internal.throw.on.fetch.stable.offset.unsupported = false
	isolation.level = read_uncommitted
	key.deserializer = class org.apache.kafka.common.serialization.StringDeserializer
	max.partition.fetch.bytes = 1048576
	max.poll.interval.ms = 300000
	max.poll.records = 500
	metadata.max.age.ms = 300000
	metadata.recovery.strategy = none
	metric.reporters = []
	metrics.num.samples = 2
	metrics.recording.level = INFO
	metrics.sample.window.ms = 30000
	partition.assignment.strategy = [class org.apache.kafka.clients.consumer.RangeAssignor, class org.apache.kafka.clients.consumer.CooperativeStickyAssignor]
	receive.buffer.bytes = 65536
	reconnect.backoff.max.ms = 1000
	reconnect.backoff.ms = 50
	request.timeout.ms = 5000
	retry.backoff.max.ms = 1000
	retry.backoff.ms = 100
	sasl.client.callback.handler.class = null
	sasl.jaas.config = null
	sasl.kerberos.kinit.cmd = /usr/bin/kinit
	sasl.kerberos.min.time.before.relogin = 60000
	sasl.kerberos.service.name = null
	sasl.kerberos.ticket.renew.jitter = 0.05
	sasl.kerberos.ticket.renew.window.factor = 0.8
	sasl.login.callback.handler.class = null
	sasl.login.class = null
	sasl.login.connect.timeout.ms = null
	sasl.login.read.timeout.ms = null
	sasl.login.refresh.buffer.seconds = 300
	sasl.login.refresh.min.period.seconds = 60
	sasl.login.refresh.window.factor = 0.8
	sasl.login.refresh.window.jitter = 0.05
	sasl.login.retry.backoff.max.ms = 10000
	sasl.login.retry.backoff.ms = 100
	sasl.mechanism = GSSAPI
	sasl.oauthbearer.clock.skew.seconds = 30
	sasl.oauthbearer.expected.audience = null
	sasl.oauthbearer.expected.issuer = null
	sasl.oauthbearer.header.urlencode = false
	sasl.oauthbearer.jwks.endpoint.refresh.ms = 3600000
	sasl.oauthbearer.jwks.endpoint.retry.backoff.max.ms = 10000
	sasl.oauthbearer.jwks.endpoint.retry.backoff.ms = 100
	sasl.oauthbearer.jwks.endpoint.url = null
	sasl.oauthbearer.scope.claim.name = scope
	sasl.oauthbearer.sub.claim.name = sub
	sasl.oauthbearer.token.endpoint.url = null
	security.protocol = PLAINTEXT
	security.providers = null
	send.buffer.bytes = 131072
	session.timeout.ms = 45000
	socket.connection.setup.timeout.max.ms = 30000
	socket.connection.setup.timeout.ms = 10000
	ssl.cipher.suites = null
	ssl.enabled.protocols = [TLSv1.2, TLSv1.3]
	ssl.endpoint.identification.algorithm = https
	ssl.engine.factory.class = null
	ssl.key.password = null
	ssl.keymanager.algorithm = SunX509
	ssl.keystore.certificate.chain = null
	ssl.keystore.key = null
	ssl.keystore.location = null
	ssl.keystore.password = null
	ssl.keystore.type = JKS
	ssl.protocol = TLSv1.3
	ssl.provider = null
	ssl.secure.random.implementation = null
	ssl.trustmanager.algorithm = PKIX
	ssl.truststore.certificates = null
	ssl.truststore.location = null
	ssl.truststore.password = null
	ssl.truststore.type = JKS
	value.deserializer = class io.apicurio.registry.serde.avro.AvroKafkaDeserializer

2025-07-31 15:53:08,252 INFO  [org.apa.kaf.com.tel.int.KafkaMetricsCollector] (main) initializing Kafka metrics collector
2025-07-31 15:53:08,260 INFO  [org.apa.kaf.cli.con.ConsumerConfig] (main) These configurations '[apicurio.registry.url]' were supplied but are not used yet.
2025-07-31 15:53:08,260 INFO  [org.apa.kaf.cli.Metadata] (kafka-producer-network-thread | Producer-topic-363eff47_1042_4ca6_a5f9_f9bff3f402c5) [Producer clientId=Producer-topic-363eff47_1042_4ca6_a5f9_f9bff3f402c5] Cluster ID: k5QcScx1TGu5ZEx470RFLw
2025-07-31 15:53:08,260 INFO  [org.apa.kaf.com.uti.AppInfoParser] (main) Kafka version: 3.9.0
2025-07-31 15:53:08,260 INFO  [org.apa.kaf.com.uti.AppInfoParser] (main) Kafka commitId: 84caaa6e9da06435
2025-07-31 15:53:08,260 INFO  [org.apa.kaf.com.uti.AppInfoParser] (main) Kafka startTimeMs: 1753977188260
2025-07-31 15:53:08,260 INFO  [org.apa.kaf.cli.pro.int.TransactionManager] (kafka-producer-network-thread | Producer-topic-363eff47_1042_4ca6_a5f9_f9bff3f402c5) [Producer clientId=Producer-topic-363eff47_1042_4ca6_a5f9_f9bff3f402c5] ProducerId set to 12 with epoch 0
2025-07-31 15:53:08,264 INFO  [io.api.tes.ser.api.KafkaSerdesTester] (Thread-192) Sending message {"key11753977187078": "value-0"} to topic topic-363eff47_1042_4ca6_a5f9_f9bff3f402c5
2025-07-31 15:53:08,268 INFO  [DefaultSchemaResolver] (Thread-192) Retrieving schema content using string: {"type":"record","name":"s9da63fd6xde1fx4747xb74dx61c0b9d9114a","namespace":"ns_e4ee1fa6_a970_49b4_abf6_4837a8f7b191","fields":[{"name":"key11753977187078","type":"string"}]}
2025-07-31 15:53:08,392 INFO  [io.api.tes.ser.api.KafkaSerdesTester] (Thread-192) Sending message {"key11753977187078": "value-1"} to topic topic-363eff47_1042_4ca6_a5f9_f9bff3f402c5
2025-07-31 15:53:08,394 INFO  [io.api.tes.ser.api.KafkaSerdesTester] (Thread-192) Sending message {"key11753977187078": "value-2"} to topic topic-363eff47_1042_4ca6_a5f9_f9bff3f402c5
2025-07-31 15:53:08,395 INFO  [io.api.tes.ser.api.KafkaSerdesTester] (Thread-192) Sending message {"key11753977187078": "value-3"} to topic topic-363eff47_1042_4ca6_a5f9_f9bff3f402c5
2025-07-31 15:53:08,397 INFO  [io.api.tes.ser.api.KafkaSerdesTester] (Thread-192) Sending message {"key11753977187078": "value-4"} to topic topic-363eff47_1042_4ca6_a5f9_f9bff3f402c5
2025-07-31 15:53:08,399 INFO  [io.api.tes.ser.api.KafkaSerdesTester] (Thread-192) Sending message {"key11753977187078": "value-5"} to topic topic-363eff47_1042_4ca6_a5f9_f9bff3f402c5
2025-07-31 15:53:08,400 INFO  [io.api.tes.ser.api.KafkaSerdesTester] (Thread-192) Sending message {"key11753977187078": "value-6"} to topic topic-363eff47_1042_4ca6_a5f9_f9bff3f402c5
2025-07-31 15:53:08,401 INFO  [io.api.tes.ser.api.KafkaSerdesTester] (Thread-192) Sending message {"key11753977187078": "value-7"} to topic topic-363eff47_1042_4ca6_a5f9_f9bff3f402c5
2025-07-31 15:53:08,402 INFO  [io.api.tes.ser.api.KafkaSerdesTester] (Thread-192) Sending message {"key11753977187078": "value-8"} to topic topic-363eff47_1042_4ca6_a5f9_f9bff3f402c5
2025-07-31 15:53:08,404 INFO  [io.api.tes.ser.api.KafkaSerdesTester] (Thread-192) Sending message {"key11753977187078": "value-9"} to topic topic-363eff47_1042_4ca6_a5f9_f9bff3f402c5
2025-07-31 15:53:08,405 INFO  [io.api.tes.ser.api.KafkaSerdesTester] (Thread-192) Produced 10 messages
2025-07-31 15:53:08,405 INFO  [org.apa.kaf.cli.pro.KafkaProducer] (Thread-192) [Producer clientId=Producer-topic-363eff47_1042_4ca6_a5f9_f9bff3f402c5] Closing the Kafka producer with timeoutMillis = 9223372036854775807 ms.
2025-07-31 15:53:08,407 INFO  [org.apa.kaf.com.met.Metrics] (Thread-192) Metrics scheduler closed
2025-07-31 15:53:08,407 INFO  [org.apa.kaf.com.met.Metrics] (Thread-192) Closing reporter org.apache.kafka.common.metrics.JmxReporter
2025-07-31 15:53:08,407 INFO  [org.apa.kaf.com.met.Metrics] (Thread-192) Closing reporter org.apache.kafka.common.telemetry.internals.ClientTelemetryReporter
2025-07-31 15:53:08,407 INFO  [org.apa.kaf.com.met.Metrics] (Thread-192) Metrics reporters closed
2025-07-31 15:53:08,408 INFO  [org.apa.kaf.com.uti.AppInfoParser] (Thread-192) App info kafka.producer for Producer-topic-363eff47_1042_4ca6_a5f9_f9bff3f402c5 unregistered
2025-07-31 15:53:08,408 INFO  [org.apa.kaf.cli.con.int.ClassicKafkaConsumer] (Thread-193) [Consumer clientId=consumer-Consumer-topic-363eff47_1042_4ca6_a5f9_f9bff3f402c5-10, groupId=Consumer-topic-363eff47_1042_4ca6_a5f9_f9bff3f402c5] Subscribed to topic(s): topic-363eff47_1042_4ca6_a5f9_f9bff3f402c5
2025-07-31 15:53:08,416 INFO  [org.apa.kaf.cli.Metadata] (Thread-193) [Consumer clientId=consumer-Consumer-topic-363eff47_1042_4ca6_a5f9_f9bff3f402c5-10, groupId=Consumer-topic-363eff47_1042_4ca6_a5f9_f9bff3f402c5] Cluster ID: k5QcScx1TGu5ZEx470RFLw
2025-07-31 15:53:08,417 INFO  [org.apa.kaf.cli.con.int.ConsumerCoordinator] (Thread-193) [Consumer clientId=consumer-Consumer-topic-363eff47_1042_4ca6_a5f9_f9bff3f402c5-10, groupId=Consumer-topic-363eff47_1042_4ca6_a5f9_f9bff3f402c5] Discovered group coordinator localhost:32770 (id: 2147483647 rack: null)
2025-07-31 15:53:08,419 INFO  [org.apa.kaf.cli.con.int.ConsumerCoordinator] (Thread-193) [Consumer clientId=consumer-Consumer-topic-363eff47_1042_4ca6_a5f9_f9bff3f402c5-10, groupId=Consumer-topic-363eff47_1042_4ca6_a5f9_f9bff3f402c5] (Re-)joining group
2025-07-31 15:53:08,425 INFO  [org.apa.kaf.cli.con.int.ConsumerCoordinator] (Thread-193) [Consumer clientId=consumer-Consumer-topic-363eff47_1042_4ca6_a5f9_f9bff3f402c5-10, groupId=Consumer-topic-363eff47_1042_4ca6_a5f9_f9bff3f402c5] Request joining group due to: need to re-join with the given member-id: consumer-Consumer-topic-363eff47_1042_4ca6_a5f9_f9bff3f402c5-10-8c208c8b-6935-4958-9585-9e69eed68608
2025-07-31 15:53:08,426 INFO  [org.apa.kaf.cli.con.int.ConsumerCoordinator] (Thread-193) [Consumer clientId=consumer-Consumer-topic-363eff47_1042_4ca6_a5f9_f9bff3f402c5-10, groupId=Consumer-topic-363eff47_1042_4ca6_a5f9_f9bff3f402c5] (Re-)joining group
2025-07-31 15:53:08,431 INFO  [org.apa.kaf.cli.con.int.ConsumerCoordinator] (Thread-193) [Consumer clientId=consumer-Consumer-topic-363eff47_1042_4ca6_a5f9_f9bff3f402c5-10, groupId=Consumer-topic-363eff47_1042_4ca6_a5f9_f9bff3f402c5] Successfully joined group with generation Generation{generationId=1, memberId='consumer-Consumer-topic-363eff47_1042_4ca6_a5f9_f9bff3f402c5-10-8c208c8b-6935-4958-9585-9e69eed68608', protocol='range'}
2025-07-31 15:53:08,431 INFO  [org.apa.kaf.cli.con.int.ConsumerCoordinator] (Thread-193) [Consumer clientId=consumer-Consumer-topic-363eff47_1042_4ca6_a5f9_f9bff3f402c5-10, groupId=Consumer-topic-363eff47_1042_4ca6_a5f9_f9bff3f402c5] Finished assignment for group at generation 1: {consumer-Consumer-topic-363eff47_1042_4ca6_a5f9_f9bff3f402c5-10-8c208c8b-6935-4958-9585-9e69eed68608=Assignment(partitions=[topic-363eff47_1042_4ca6_a5f9_f9bff3f402c5-0])}
2025-07-31 15:53:08,445 INFO  [org.apa.kaf.cli.con.int.ConsumerCoordinator] (Thread-193) [Consumer clientId=consumer-Consumer-topic-363eff47_1042_4ca6_a5f9_f9bff3f402c5-10, groupId=Consumer-topic-363eff47_1042_4ca6_a5f9_f9bff3f402c5] Successfully synced group in generation Generation{generationId=1, memberId='consumer-Consumer-topic-363eff47_1042_4ca6_a5f9_f9bff3f402c5-10-8c208c8b-6935-4958-9585-9e69eed68608', protocol='range'}
2025-07-31 15:53:08,445 INFO  [org.apa.kaf.cli.con.int.ConsumerCoordinator] (Thread-193) [Consumer clientId=consumer-Consumer-topic-363eff47_1042_4ca6_a5f9_f9bff3f402c5-10, groupId=Consumer-topic-363eff47_1042_4ca6_a5f9_f9bff3f402c5] Notifying assignor about the new Assignment(partitions=[topic-363eff47_1042_4ca6_a5f9_f9bff3f402c5-0])
2025-07-31 15:53:08,445 INFO  [org.apa.kaf.cli.con.int.ConsumerRebalanceListenerInvoker] (Thread-193) [Consumer clientId=consumer-Consumer-topic-363eff47_1042_4ca6_a5f9_f9bff3f402c5-10, groupId=Consumer-topic-363eff47_1042_4ca6_a5f9_f9bff3f402c5] Adding newly assigned partitions: topic-363eff47_1042_4ca6_a5f9_f9bff3f402c5-0
2025-07-31 15:53:08,446 INFO  [org.apa.kaf.cli.con.int.ConsumerCoordinator] (Thread-193) [Consumer clientId=consumer-Consumer-topic-363eff47_1042_4ca6_a5f9_f9bff3f402c5-10, groupId=Consumer-topic-363eff47_1042_4ca6_a5f9_f9bff3f402c5] Found no committed offset for partition topic-363eff47_1042_4ca6_a5f9_f9bff3f402c5-0
2025-07-31 15:53:08,455 INFO  [org.apa.kaf.cli.con.int.SubscriptionState] (Thread-193) [Consumer clientId=consumer-Consumer-topic-363eff47_1042_4ca6_a5f9_f9bff3f402c5-10, groupId=Consumer-topic-363eff47_1042_4ca6_a5f9_f9bff3f402c5] Resetting offset for partition topic-363eff47_1042_4ca6_a5f9_f9bff3f402c5-0 to position FetchPosition{offset=0, offsetEpoch=Optional.empty, currentLeader=LeaderAndEpoch{leader=Optional[localhost:32770 (id: 0 rack: null)], epoch=0}}.
2025-07-31 15:53:08,639 INFO  [io.api.tes.ser.api.KafkaSerdesTester] (Thread-193) topic-363eff47_1042_4ca6_a5f9_f9bff3f402c5 0 0 {"key11753977187078": "value-0"}
2025-07-31 15:53:08,639 INFO  [io.api.tes.ser.api.KafkaSerdesTester] (Thread-193) topic-363eff47_1042_4ca6_a5f9_f9bff3f402c5 0 1 {"key11753977187078": "value-1"}
2025-07-31 15:53:08,640 INFO  [io.api.tes.ser.api.KafkaSerdesTester] (Thread-193) topic-363eff47_1042_4ca6_a5f9_f9bff3f402c5 0 2 {"key11753977187078": "value-2"}
2025-07-31 15:53:08,640 INFO  [io.api.tes.ser.api.KafkaSerdesTester] (Thread-193) topic-363eff47_1042_4ca6_a5f9_f9bff3f402c5 0 3 {"key11753977187078": "value-3"}
2025-07-31 15:53:08,640 INFO  [io.api.tes.ser.api.KafkaSerdesTester] (Thread-193) topic-363eff47_1042_4ca6_a5f9_f9bff3f402c5 0 4 {"key11753977187078": "value-4"}
2025-07-31 15:53:08,640 INFO  [io.api.tes.ser.api.KafkaSerdesTester] (Thread-193) topic-363eff47_1042_4ca6_a5f9_f9bff3f402c5 0 5 {"key11753977187078": "value-5"}
2025-07-31 15:53:08,650 INFO  [io.api.tes.ser.api.KafkaSerdesTester] (Thread-193) topic-363eff47_1042_4ca6_a5f9_f9bff3f402c5 0 6 {"key11753977187078": "value-6"}
2025-07-31 15:53:08,650 INFO  [io.api.tes.ser.api.KafkaSerdesTester] (Thread-193) topic-363eff47_1042_4ca6_a5f9_f9bff3f402c5 0 7 {"key11753977187078": "value-7"}
2025-07-31 15:53:08,650 INFO  [io.api.tes.ser.api.KafkaSerdesTester] (Thread-193) topic-363eff47_1042_4ca6_a5f9_f9bff3f402c5 0 8 {"key11753977187078": "value-8"}
2025-07-31 15:53:08,650 INFO  [io.api.tes.ser.api.KafkaSerdesTester] (Thread-193) topic-363eff47_1042_4ca6_a5f9_f9bff3f402c5 0 9 {"key11753977187078": "value-9"}
2025-07-31 15:53:08,650 INFO  [io.api.tes.ser.api.KafkaSerdesTester] (Thread-193) Consumed 10 messages
2025-07-31 15:53:08,652 INFO  [org.apa.kaf.cli.con.int.ConsumerRebalanceListenerInvoker] (Thread-193) [Consumer clientId=consumer-Consumer-topic-363eff47_1042_4ca6_a5f9_f9bff3f402c5-10, groupId=Consumer-topic-363eff47_1042_4ca6_a5f9_f9bff3f402c5] Revoke previously assigned partitions topic-363eff47_1042_4ca6_a5f9_f9bff3f402c5-0
2025-07-31 15:53:08,652 INFO  [org.apa.kaf.cli.con.int.ConsumerCoordinator] (Thread-193) [Consumer clientId=consumer-Consumer-topic-363eff47_1042_4ca6_a5f9_f9bff3f402c5-10, groupId=Consumer-topic-363eff47_1042_4ca6_a5f9_f9bff3f402c5] Member consumer-Consumer-topic-363eff47_1042_4ca6_a5f9_f9bff3f402c5-10-8c208c8b-6935-4958-9585-9e69eed68608 sending LeaveGroup request to coordinator localhost:32770 (id: 2147483647 rack: null) due to the consumer is being closed
2025-07-31 15:53:08,653 INFO  [org.apa.kaf.cli.con.int.ConsumerCoordinator] (Thread-193) [Consumer clientId=consumer-Consumer-topic-363eff47_1042_4ca6_a5f9_f9bff3f402c5-10, groupId=Consumer-topic-363eff47_1042_4ca6_a5f9_f9bff3f402c5] Resetting generation and member id due to: consumer pro-actively leaving the group
2025-07-31 15:53:08,653 INFO  [org.apa.kaf.cli.con.int.ConsumerCoordinator] (Thread-193) [Consumer clientId=consumer-Consumer-topic-363eff47_1042_4ca6_a5f9_f9bff3f402c5-10, groupId=Consumer-topic-363eff47_1042_4ca6_a5f9_f9bff3f402c5] Request joining group due to: consumer pro-actively leaving the group
2025-07-31 15:53:09,142 INFO  [org.apa.kaf.com.met.Metrics] (Thread-193) Metrics scheduler closed
2025-07-31 15:53:09,143 INFO  [org.apa.kaf.com.met.Metrics] (Thread-193) Closing reporter org.apache.kafka.common.metrics.JmxReporter
2025-07-31 15:53:09,143 INFO  [org.apa.kaf.com.met.Metrics] (Thread-193) Closing reporter org.apache.kafka.common.telemetry.internals.ClientTelemetryReporter
2025-07-31 15:53:09,143 INFO  [org.apa.kaf.com.met.Metrics] (Thread-193) Metrics reporters closed
2025-07-31 15:53:09,146 INFO  [org.apa.kaf.com.uti.AppInfoParser] (Thread-193) App info kafka.consumer for consumer-Consumer-topic-363eff47_1042_4ca6_a5f9_f9bff3f402c5-10 unregistered
2025-07-31 15:53:09,147 INFO  [io.api.tes.ser.api.AvroSerdeIT] (main) Registering Avro Schema 2: {"type":"record","name":"s9da63fd6xde1fx4747xb74dx61c0b9d9114a","namespace":"ns_e4ee1fa6_a970_49b4_abf6_4837a8f7b191","fields":[{"name":"key11753977187078","type":"string"},{"name":"key21753977189146","type":"string"}]}
2025-07-31 15:53:10,306 INFO  [org.apa.kaf.cli.pro.ProducerConfig] (main) ProducerConfig values: 
	acks = -1
	auto.include.jmx.reporter = true
	batch.size = 16384
	bootstrap.servers = [PLAINTEXT://localhost:32770]
	buffer.memory = 33554432
	client.dns.lookup = use_all_dns_ips
	client.id = Producer-topic-363eff47_1042_4ca6_a5f9_f9bff3f402c5
	compression.gzip.level = -1
	compression.lz4.level = 9
	compression.type = none
	compression.zstd.level = 3
	connections.max.idle.ms = 10000
	delivery.timeout.ms = 120000
	enable.idempotence = true
	enable.metrics.push = true
	interceptor.classes = []
	key.serializer = class org.apache.kafka.common.serialization.StringSerializer
	linger.ms = 0
	max.block.ms = 60000
	max.in.flight.requests.per.connection = 5
	max.request.size = 1048576
	metadata.max.age.ms = 300000
	metadata.max.idle.ms = 300000
	metadata.recovery.strategy = none
	metric.reporters = []
	metrics.num.samples = 2
	metrics.recording.level = INFO
	metrics.sample.window.ms = 30000
	partitioner.adaptive.partitioning.enable = true
	partitioner.availability.timeout.ms = 0
	partitioner.class = null
	partitioner.ignore.keys = false
	receive.buffer.bytes = 32768
	reconnect.backoff.max.ms = 1000
	reconnect.backoff.ms = 50
	request.timeout.ms = 5000
	retries = 2147483647
	retry.backoff.max.ms = 1000
	retry.backoff.ms = 100
	sasl.client.callback.handler.class = null
	sasl.jaas.config = null
	sasl.kerberos.kinit.cmd = /usr/bin/kinit
	sasl.kerberos.min.time.before.relogin = 60000
	sasl.kerberos.service.name = null
	sasl.kerberos.ticket.renew.jitter = 0.05
	sasl.kerberos.ticket.renew.window.factor = 0.8
	sasl.login.callback.handler.class = null
	sasl.login.class = null
	sasl.login.connect.timeout.ms = null
	sasl.login.read.timeout.ms = null
	sasl.login.refresh.buffer.seconds = 300
	sasl.login.refresh.min.period.seconds = 60
	sasl.login.refresh.window.factor = 0.8
	sasl.login.refresh.window.jitter = 0.05
	sasl.login.retry.backoff.max.ms = 10000
	sasl.login.retry.backoff.ms = 100
	sasl.mechanism = GSSAPI
	sasl.oauthbearer.clock.skew.seconds = 30
	sasl.oauthbearer.expected.audience = null
	sasl.oauthbearer.expected.issuer = null
	sasl.oauthbearer.header.urlencode = false
	sasl.oauthbearer.jwks.endpoint.refresh.ms = 3600000
	sasl.oauthbearer.jwks.endpoint.retry.backoff.max.ms = 10000
	sasl.oauthbearer.jwks.endpoint.retry.backoff.ms = 100
	sasl.oauthbearer.jwks.endpoint.url = null
	sasl.oauthbearer.scope.claim.name = scope
	sasl.oauthbearer.sub.claim.name = sub
	sasl.oauthbearer.token.endpoint.url = null
	security.protocol = PLAINTEXT
	security.providers = null
	send.buffer.bytes = 131072
	socket.connection.setup.timeout.max.ms = 30000
	socket.connection.setup.timeout.ms = 10000
	ssl.cipher.suites = null
	ssl.enabled.protocols = [TLSv1.2, TLSv1.3]
	ssl.endpoint.identification.algorithm = https
	ssl.engine.factory.class = null
	ssl.key.password = null
	ssl.keymanager.algorithm = SunX509
	ssl.keystore.certificate.chain = null
	ssl.keystore.key = null
	ssl.keystore.location = null
	ssl.keystore.password = null
	ssl.keystore.type = JKS
	ssl.protocol = TLSv1.3
	ssl.provider = null
	ssl.secure.random.implementation = null
	ssl.trustmanager.algorithm = PKIX
	ssl.truststore.certificates = null
	ssl.truststore.location = null
	ssl.truststore.password = null
	ssl.truststore.type = JKS
	transaction.timeout.ms = 60000
	transactional.id = null
	value.serializer = class io.apicurio.registry.serde.avro.AvroKafkaSerializer

2025-07-31 15:53:10,306 INFO  [org.apa.kaf.com.tel.int.KafkaMetricsCollector] (main) initializing Kafka metrics collector
2025-07-31 15:53:10,309 INFO  [org.apa.kaf.cli.pro.KafkaProducer] (main) [Producer clientId=Producer-topic-363eff47_1042_4ca6_a5f9_f9bff3f402c5] Instantiated an idempotent producer.
2025-07-31 15:53:10,311 INFO  [org.apa.kaf.cli.pro.ProducerConfig] (main) These configurations '[apicurio.registry.url, apicurio.registry.artifact-resolver-strategy]' were supplied but are not used yet.
2025-07-31 15:53:10,311 INFO  [org.apa.kaf.com.uti.AppInfoParser] (main) Kafka version: 3.9.0
2025-07-31 15:53:10,311 INFO  [org.apa.kaf.com.uti.AppInfoParser] (main) Kafka commitId: 84caaa6e9da06435
2025-07-31 15:53:10,311 INFO  [org.apa.kaf.com.uti.AppInfoParser] (main) Kafka startTimeMs: 1753977190311
2025-07-31 15:53:10,313 INFO  [io.api.tes.ser.api.KafkaSerdesTester] (Thread-196) Sending message {"key11753977187078": "value-0", "key21753977189146": "value-0"} to topic topic-363eff47_1042_4ca6_a5f9_f9bff3f402c5
2025-07-31 15:53:10,316 INFO  [org.apa.kaf.cli.Metadata] (kafka-producer-network-thread | Producer-topic-363eff47_1042_4ca6_a5f9_f9bff3f402c5) [Producer clientId=Producer-topic-363eff47_1042_4ca6_a5f9_f9bff3f402c5] Cluster ID: k5QcScx1TGu5ZEx470RFLw
2025-07-31 15:53:10,316 INFO  [DefaultSchemaResolver] (Thread-196) Retrieving schema content using string: {"type":"record","name":"s9da63fd6xde1fx4747xb74dx61c0b9d9114a","namespace":"ns_e4ee1fa6_a970_49b4_abf6_4837a8f7b191","fields":[{"name":"key11753977187078","type":"string"},{"name":"key21753977189146","type":"string"}]}
2025-07-31 15:53:10,317 INFO  [org.apa.kaf.cli.pro.int.TransactionManager] (kafka-producer-network-thread | Producer-topic-363eff47_1042_4ca6_a5f9_f9bff3f402c5) [Producer clientId=Producer-topic-363eff47_1042_4ca6_a5f9_f9bff3f402c5] ProducerId set to 13 with epoch 0
2025-07-31 15:53:10,441 INFO  [io.api.tes.ser.api.KafkaSerdesTester] (Thread-196) Sending message {"key11753977187078": "value-1", "key21753977189146": "value-1"} to topic topic-363eff47_1042_4ca6_a5f9_f9bff3f402c5
2025-07-31 15:53:10,443 INFO  [io.api.tes.ser.api.KafkaSerdesTester] (Thread-196) Sending message {"key11753977187078": "value-2", "key21753977189146": "value-2"} to topic topic-363eff47_1042_4ca6_a5f9_f9bff3f402c5
2025-07-31 15:53:10,444 INFO  [io.api.tes.ser.api.KafkaSerdesTester] (Thread-196) Sending message {"key11753977187078": "value-3", "key21753977189146": "value-3"} to topic topic-363eff47_1042_4ca6_a5f9_f9bff3f402c5
2025-07-31 15:53:10,445 INFO  [io.api.tes.ser.api.KafkaSerdesTester] (Thread-196) Sending message {"key11753977187078": "value-4", "key21753977189146": "value-4"} to topic topic-363eff47_1042_4ca6_a5f9_f9bff3f402c5
2025-07-31 15:53:10,446 INFO  [io.api.tes.ser.api.KafkaSerdesTester] (Thread-196) Sending message {"key11753977187078": "value-5", "key21753977189146": "value-5"} to topic topic-363eff47_1042_4ca6_a5f9_f9bff3f402c5
2025-07-31 15:53:10,448 INFO  [io.api.tes.ser.api.KafkaSerdesTester] (Thread-196) Sending message {"key11753977187078": "value-6", "key21753977189146": "value-6"} to topic topic-363eff47_1042_4ca6_a5f9_f9bff3f402c5
2025-07-31 15:53:10,449 INFO  [io.api.tes.ser.api.KafkaSerdesTester] (Thread-196) Sending message {"key11753977187078": "value-7", "key21753977189146": "value-7"} to topic topic-363eff47_1042_4ca6_a5f9_f9bff3f402c5
2025-07-31 15:53:10,450 INFO  [io.api.tes.ser.api.KafkaSerdesTester] (Thread-196) Sending message {"key11753977187078": "value-8", "key21753977189146": "value-8"} to topic topic-363eff47_1042_4ca6_a5f9_f9bff3f402c5
2025-07-31 15:53:10,454 INFO  [io.api.tes.ser.api.KafkaSerdesTester] (Thread-196) Sending message {"key11753977187078": "value-9", "key21753977189146": "value-9"} to topic topic-363eff47_1042_4ca6_a5f9_f9bff3f402c5
2025-07-31 15:53:10,456 INFO  [io.api.tes.ser.api.KafkaSerdesTester] (Thread-196) Produced 10 messages
2025-07-31 15:53:10,456 INFO  [org.apa.kaf.cli.pro.KafkaProducer] (Thread-196) [Producer clientId=Producer-topic-363eff47_1042_4ca6_a5f9_f9bff3f402c5] Closing the Kafka producer with timeoutMillis = 9223372036854775807 ms.
2025-07-31 15:53:10,459 INFO  [org.apa.kaf.com.met.Metrics] (Thread-196) Metrics scheduler closed
2025-07-31 15:53:10,459 INFO  [org.apa.kaf.com.met.Metrics] (Thread-196) Closing reporter org.apache.kafka.common.metrics.JmxReporter
2025-07-31 15:53:10,459 INFO  [org.apa.kaf.com.met.Metrics] (Thread-196) Closing reporter org.apache.kafka.common.telemetry.internals.ClientTelemetryReporter
2025-07-31 15:53:10,459 INFO  [org.apa.kaf.com.met.Metrics] (Thread-196) Metrics reporters closed
2025-07-31 15:53:10,459 INFO  [org.apa.kaf.com.uti.AppInfoParser] (Thread-196) App info kafka.producer for Producer-topic-363eff47_1042_4ca6_a5f9_f9bff3f402c5 unregistered
2025-07-31 15:53:10,461 INFO  [org.apa.kaf.cli.pro.ProducerConfig] (main) ProducerConfig values: 
	acks = -1
	auto.include.jmx.reporter = true
	batch.size = 16384
	bootstrap.servers = [PLAINTEXT://localhost:32770]
	buffer.memory = 33554432
	client.dns.lookup = use_all_dns_ips
	client.id = Producer-topic-363eff47_1042_4ca6_a5f9_f9bff3f402c5
	compression.gzip.level = -1
	compression.lz4.level = 9
	compression.type = none
	compression.zstd.level = 3
	connections.max.idle.ms = 10000
	delivery.timeout.ms = 120000
	enable.idempotence = true
	enable.metrics.push = true
	interceptor.classes = []
	key.serializer = class org.apache.kafka.common.serialization.StringSerializer
	linger.ms = 0
	max.block.ms = 60000
	max.in.flight.requests.per.connection = 5
	max.request.size = 1048576
	metadata.max.age.ms = 300000
	metadata.max.idle.ms = 300000
	metadata.recovery.strategy = none
	metric.reporters = []
	metrics.num.samples = 2
	metrics.recording.level = INFO
	metrics.sample.window.ms = 30000
	partitioner.adaptive.partitioning.enable = true
	partitioner.availability.timeout.ms = 0
	partitioner.class = null
	partitioner.ignore.keys = false
	receive.buffer.bytes = 32768
	reconnect.backoff.max.ms = 1000
	reconnect.backoff.ms = 50
	request.timeout.ms = 5000
	retries = 2147483647
	retry.backoff.max.ms = 1000
	retry.backoff.ms = 100
	sasl.client.callback.handler.class = null
	sasl.jaas.config = null
	sasl.kerberos.kinit.cmd = /usr/bin/kinit
	sasl.kerberos.min.time.before.relogin = 60000
	sasl.kerberos.service.name = null
	sasl.kerberos.ticket.renew.jitter = 0.05
	sasl.kerberos.ticket.renew.window.factor = 0.8
	sasl.login.callback.handler.class = null
	sasl.login.class = null
	sasl.login.connect.timeout.ms = null
	sasl.login.read.timeout.ms = null
	sasl.login.refresh.buffer.seconds = 300
	sasl.login.refresh.min.period.seconds = 60
	sasl.login.refresh.window.factor = 0.8
	sasl.login.refresh.window.jitter = 0.05
	sasl.login.retry.backoff.max.ms = 10000
	sasl.login.retry.backoff.ms = 100
	sasl.mechanism = GSSAPI
	sasl.oauthbearer.clock.skew.seconds = 30
	sasl.oauthbearer.expected.audience = null
	sasl.oauthbearer.expected.issuer = null
	sasl.oauthbearer.header.urlencode = false
	sasl.oauthbearer.jwks.endpoint.refresh.ms = 3600000
	sasl.oauthbearer.jwks.endpoint.retry.backoff.max.ms = 10000
	sasl.oauthbearer.jwks.endpoint.retry.backoff.ms = 100
	sasl.oauthbearer.jwks.endpoint.url = null
	sasl.oauthbearer.scope.claim.name = scope
	sasl.oauthbearer.sub.claim.name = sub
	sasl.oauthbearer.token.endpoint.url = null
	security.protocol = PLAINTEXT
	security.providers = null
	send.buffer.bytes = 131072
	socket.connection.setup.timeout.max.ms = 30000
	socket.connection.setup.timeout.ms = 10000
	ssl.cipher.suites = null
	ssl.enabled.protocols = [TLSv1.2, TLSv1.3]
	ssl.endpoint.identification.algorithm = https
	ssl.engine.factory.class = null
	ssl.key.password = null
	ssl.keymanager.algorithm = SunX509
	ssl.keystore.certificate.chain = null
	ssl.keystore.key = null
	ssl.keystore.location = null
	ssl.keystore.password = null
	ssl.keystore.type = JKS
	ssl.protocol = TLSv1.3
	ssl.provider = null
	ssl.secure.random.implementation = null
	ssl.trustmanager.algorithm = PKIX
	ssl.truststore.certificates = null
	ssl.truststore.location = null
	ssl.truststore.password = null
	ssl.truststore.type = JKS
	transaction.timeout.ms = 60000
	transactional.id = null
	value.serializer = class io.apicurio.registry.serde.avro.AvroKafkaSerializer

2025-07-31 15:53:10,461 INFO  [org.apa.kaf.com.tel.int.KafkaMetricsCollector] (main) initializing Kafka metrics collector
2025-07-31 15:53:10,466 INFO  [org.apa.kaf.cli.pro.KafkaProducer] (main) [Producer clientId=Producer-topic-363eff47_1042_4ca6_a5f9_f9bff3f402c5] Instantiated an idempotent producer.
2025-07-31 15:53:10,467 INFO  [org.apa.kaf.cli.pro.ProducerConfig] (main) These configurations '[apicurio.registry.url, apicurio.registry.artifact-resolver-strategy]' were supplied but are not used yet.
2025-07-31 15:53:10,467 INFO  [org.apa.kaf.com.uti.AppInfoParser] (main) Kafka version: 3.9.0
2025-07-31 15:53:10,467 INFO  [org.apa.kaf.com.uti.AppInfoParser] (main) Kafka commitId: 84caaa6e9da06435
2025-07-31 15:53:10,467 INFO  [org.apa.kaf.com.uti.AppInfoParser] (main) Kafka startTimeMs: 1753977190467
2025-07-31 15:53:10,469 INFO  [io.api.tes.ser.api.KafkaSerdesTester] (Thread-199) Sending message {"key11753977187078": "value-0"} to topic topic-363eff47_1042_4ca6_a5f9_f9bff3f402c5
2025-07-31 15:53:10,473 INFO  [org.apa.kaf.cli.Metadata] (kafka-producer-network-thread | Producer-topic-363eff47_1042_4ca6_a5f9_f9bff3f402c5) [Producer clientId=Producer-topic-363eff47_1042_4ca6_a5f9_f9bff3f402c5] Cluster ID: k5QcScx1TGu5ZEx470RFLw
2025-07-31 15:53:10,473 INFO  [DefaultSchemaResolver] (Thread-199) Retrieving schema content using string: {"type":"record","name":"s9da63fd6xde1fx4747xb74dx61c0b9d9114a","namespace":"ns_e4ee1fa6_a970_49b4_abf6_4837a8f7b191","fields":[{"name":"key11753977187078","type":"string"}]}
2025-07-31 15:53:10,475 INFO  [org.apa.kaf.cli.pro.int.TransactionManager] (kafka-producer-network-thread | Producer-topic-363eff47_1042_4ca6_a5f9_f9bff3f402c5) [Producer clientId=Producer-topic-363eff47_1042_4ca6_a5f9_f9bff3f402c5] ProducerId set to 14 with epoch 0
2025-07-31 15:53:10,606 INFO  [io.api.tes.ser.api.KafkaSerdesTester] (Thread-199) Sending message {"key11753977187078": "value-1"} to topic topic-363eff47_1042_4ca6_a5f9_f9bff3f402c5
2025-07-31 15:53:10,608 INFO  [io.api.tes.ser.api.KafkaSerdesTester] (Thread-199) Sending message {"key11753977187078": "value-2"} to topic topic-363eff47_1042_4ca6_a5f9_f9bff3f402c5
2025-07-31 15:53:10,609 INFO  [io.api.tes.ser.api.KafkaSerdesTester] (Thread-199) Sending message {"key11753977187078": "value-3"} to topic topic-363eff47_1042_4ca6_a5f9_f9bff3f402c5
2025-07-31 15:53:10,611 INFO  [io.api.tes.ser.api.KafkaSerdesTester] (Thread-199) Sending message {"key11753977187078": "value-4"} to topic topic-363eff47_1042_4ca6_a5f9_f9bff3f402c5
2025-07-31 15:53:10,612 INFO  [io.api.tes.ser.api.KafkaSerdesTester] (Thread-199) Sending message {"key11753977187078": "value-5"} to topic topic-363eff47_1042_4ca6_a5f9_f9bff3f402c5
2025-07-31 15:53:10,613 INFO  [io.api.tes.ser.api.KafkaSerdesTester] (Thread-199) Sending message {"key11753977187078": "value-6"} to topic topic-363eff47_1042_4ca6_a5f9_f9bff3f402c5
2025-07-31 15:53:10,615 INFO  [io.api.tes.ser.api.KafkaSerdesTester] (Thread-199) Sending message {"key11753977187078": "value-7"} to topic topic-363eff47_1042_4ca6_a5f9_f9bff3f402c5
2025-07-31 15:53:10,617 INFO  [io.api.tes.ser.api.KafkaSerdesTester] (Thread-199) Sending message {"key11753977187078": "value-8"} to topic topic-363eff47_1042_4ca6_a5f9_f9bff3f402c5
2025-07-31 15:53:10,618 INFO  [io.api.tes.ser.api.KafkaSerdesTester] (Thread-199) Sending message {"key11753977187078": "value-9"} to topic topic-363eff47_1042_4ca6_a5f9_f9bff3f402c5
2025-07-31 15:53:10,620 INFO  [io.api.tes.ser.api.KafkaSerdesTester] (Thread-199) Produced 10 messages
2025-07-31 15:53:10,620 INFO  [org.apa.kaf.cli.pro.KafkaProducer] (Thread-199) [Producer clientId=Producer-topic-363eff47_1042_4ca6_a5f9_f9bff3f402c5] Closing the Kafka producer with timeoutMillis = 9223372036854775807 ms.
2025-07-31 15:53:10,624 INFO  [org.apa.kaf.com.met.Metrics] (Thread-199) Metrics scheduler closed
2025-07-31 15:53:10,624 INFO  [org.apa.kaf.com.met.Metrics] (Thread-199) Closing reporter org.apache.kafka.common.metrics.JmxReporter
2025-07-31 15:53:10,624 INFO  [org.apa.kaf.com.met.Metrics] (Thread-199) Closing reporter org.apache.kafka.common.telemetry.internals.ClientTelemetryReporter
2025-07-31 15:53:10,624 INFO  [org.apa.kaf.com.met.Metrics] (Thread-199) Metrics reporters closed
2025-07-31 15:53:10,624 INFO  [org.apa.kaf.com.uti.AppInfoParser] (Thread-199) App info kafka.producer for Producer-topic-363eff47_1042_4ca6_a5f9_f9bff3f402c5 unregistered
2025-07-31 15:53:10,625 INFO  [org.apa.kaf.cli.con.ConsumerConfig] (main) ConsumerConfig values: 
	allow.auto.create.topics = true
	auto.commit.interval.ms = 500
	auto.include.jmx.reporter = true
	auto.offset.reset = earliest
	bootstrap.servers = [PLAINTEXT://localhost:32770]
	check.crcs = true
	client.dns.lookup = use_all_dns_ips
	client.id = consumer-Consumer-topic-363eff47_1042_4ca6_a5f9_f9bff3f402c5-11
	client.rack = 
	connections.max.idle.ms = 10000
	default.api.timeout.ms = 60000
	enable.auto.commit = true
	enable.metrics.push = true
	exclude.internal.topics = true
	fetch.max.bytes = 52428800
	fetch.max.wait.ms = 500
	fetch.min.bytes = 1
	group.id = Consumer-topic-363eff47_1042_4ca6_a5f9_f9bff3f402c5
	group.instance.id = null
	group.protocol = classic
	group.remote.assignor = null
	heartbeat.interval.ms = 3000
	interceptor.classes = []
	internal.leave.group.on.close = true
	internal.throw.on.fetch.stable.offset.unsupported = false
	isolation.level = read_uncommitted
	key.deserializer = class org.apache.kafka.common.serialization.StringDeserializer
	max.partition.fetch.bytes = 1048576
	max.poll.interval.ms = 300000
	max.poll.records = 500
	metadata.max.age.ms = 300000
	metadata.recovery.strategy = none
	metric.reporters = []
	metrics.num.samples = 2
	metrics.recording.level = INFO
	metrics.sample.window.ms = 30000
	partition.assignment.strategy = [class org.apache.kafka.clients.consumer.RangeAssignor, class org.apache.kafka.clients.consumer.CooperativeStickyAssignor]
	receive.buffer.bytes = 65536
	reconnect.backoff.max.ms = 1000
	reconnect.backoff.ms = 50
	request.timeout.ms = 5000
	retry.backoff.max.ms = 1000
	retry.backoff.ms = 100
	sasl.client.callback.handler.class = null
	sasl.jaas.config = null
	sasl.kerberos.kinit.cmd = /usr/bin/kinit
	sasl.kerberos.min.time.before.relogin = 60000
	sasl.kerberos.service.name = null
	sasl.kerberos.ticket.renew.jitter = 0.05
	sasl.kerberos.ticket.renew.window.factor = 0.8
	sasl.login.callback.handler.class = null
	sasl.login.class = null
	sasl.login.connect.timeout.ms = null
	sasl.login.read.timeout.ms = null
	sasl.login.refresh.buffer.seconds = 300
	sasl.login.refresh.min.period.seconds = 60
	sasl.login.refresh.window.factor = 0.8
	sasl.login.refresh.window.jitter = 0.05
	sasl.login.retry.backoff.max.ms = 10000
	sasl.login.retry.backoff.ms = 100
	sasl.mechanism = GSSAPI
	sasl.oauthbearer.clock.skew.seconds = 30
	sasl.oauthbearer.expected.audience = null
	sasl.oauthbearer.expected.issuer = null
	sasl.oauthbearer.header.urlencode = false
	sasl.oauthbearer.jwks.endpoint.refresh.ms = 3600000
	sasl.oauthbearer.jwks.endpoint.retry.backoff.max.ms = 10000
	sasl.oauthbearer.jwks.endpoint.retry.backoff.ms = 100
	sasl.oauthbearer.jwks.endpoint.url = null
	sasl.oauthbearer.scope.claim.name = scope
	sasl.oauthbearer.sub.claim.name = sub
	sasl.oauthbearer.token.endpoint.url = null
	security.protocol = PLAINTEXT
	security.providers = null
	send.buffer.bytes = 131072
	session.timeout.ms = 45000
	socket.connection.setup.timeout.max.ms = 30000
	socket.connection.setup.timeout.ms = 10000
	ssl.cipher.suites = null
	ssl.enabled.protocols = [TLSv1.2, TLSv1.3]
	ssl.endpoint.identification.algorithm = https
	ssl.engine.factory.class = null
	ssl.key.password = null
	ssl.keymanager.algorithm = SunX509
	ssl.keystore.certificate.chain = null
	ssl.keystore.key = null
	ssl.keystore.location = null
	ssl.keystore.password = null
	ssl.keystore.type = JKS
	ssl.protocol = TLSv1.3
	ssl.provider = null
	ssl.secure.random.implementation = null
	ssl.trustmanager.algorithm = PKIX
	ssl.truststore.certificates = null
	ssl.truststore.location = null
	ssl.truststore.password = null
	ssl.truststore.type = JKS
	value.deserializer = class io.apicurio.registry.serde.avro.AvroKafkaDeserializer

2025-07-31 15:53:10,625 INFO  [org.apa.kaf.com.tel.int.KafkaMetricsCollector] (main) initializing Kafka metrics collector
2025-07-31 15:53:10,632 INFO  [org.apa.kaf.cli.con.ConsumerConfig] (main) These configurations '[apicurio.registry.url]' were supplied but are not used yet.
2025-07-31 15:53:10,632 INFO  [org.apa.kaf.com.uti.AppInfoParser] (main) Kafka version: 3.9.0
2025-07-31 15:53:10,632 INFO  [org.apa.kaf.com.uti.AppInfoParser] (main) Kafka commitId: 84caaa6e9da06435
2025-07-31 15:53:10,632 INFO  [org.apa.kaf.com.uti.AppInfoParser] (main) Kafka startTimeMs: 1753977190632
2025-07-31 15:53:10,633 INFO  [org.apa.kaf.cli.con.int.ClassicKafkaConsumer] (Thread-202) [Consumer clientId=consumer-Consumer-topic-363eff47_1042_4ca6_a5f9_f9bff3f402c5-11, groupId=Consumer-topic-363eff47_1042_4ca6_a5f9_f9bff3f402c5] Subscribed to topic(s): topic-363eff47_1042_4ca6_a5f9_f9bff3f402c5
2025-07-31 15:53:10,638 INFO  [org.apa.kaf.cli.Metadata] (Thread-202) [Consumer clientId=consumer-Consumer-topic-363eff47_1042_4ca6_a5f9_f9bff3f402c5-11, groupId=Consumer-topic-363eff47_1042_4ca6_a5f9_f9bff3f402c5] Cluster ID: k5QcScx1TGu5ZEx470RFLw
2025-07-31 15:53:10,640 INFO  [org.apa.kaf.cli.con.int.ConsumerCoordinator] (Thread-202) [Consumer clientId=consumer-Consumer-topic-363eff47_1042_4ca6_a5f9_f9bff3f402c5-11, groupId=Consumer-topic-363eff47_1042_4ca6_a5f9_f9bff3f402c5] Discovered group coordinator localhost:32770 (id: 2147483647 rack: null)
2025-07-31 15:53:10,642 INFO  [org.apa.kaf.cli.con.int.ConsumerCoordinator] (Thread-202) [Consumer clientId=consumer-Consumer-topic-363eff47_1042_4ca6_a5f9_f9bff3f402c5-11, groupId=Consumer-topic-363eff47_1042_4ca6_a5f9_f9bff3f402c5] (Re-)joining group
2025-07-31 15:53:10,648 INFO  [org.apa.kaf.cli.con.int.ConsumerCoordinator] (Thread-202) [Consumer clientId=consumer-Consumer-topic-363eff47_1042_4ca6_a5f9_f9bff3f402c5-11, groupId=Consumer-topic-363eff47_1042_4ca6_a5f9_f9bff3f402c5] Request joining group due to: need to re-join with the given member-id: consumer-Consumer-topic-363eff47_1042_4ca6_a5f9_f9bff3f402c5-11-4abd1d8a-ce8d-4d78-becc-05cf2b2acf20
2025-07-31 15:53:10,648 INFO  [org.apa.kaf.cli.con.int.ConsumerCoordinator] (Thread-202) [Consumer clientId=consumer-Consumer-topic-363eff47_1042_4ca6_a5f9_f9bff3f402c5-11, groupId=Consumer-topic-363eff47_1042_4ca6_a5f9_f9bff3f402c5] (Re-)joining group
2025-07-31 15:53:10,653 INFO  [org.apa.kaf.cli.con.int.ConsumerCoordinator] (Thread-202) [Consumer clientId=consumer-Consumer-topic-363eff47_1042_4ca6_a5f9_f9bff3f402c5-11, groupId=Consumer-topic-363eff47_1042_4ca6_a5f9_f9bff3f402c5] Successfully joined group with generation Generation{generationId=3, memberId='consumer-Consumer-topic-363eff47_1042_4ca6_a5f9_f9bff3f402c5-11-4abd1d8a-ce8d-4d78-becc-05cf2b2acf20', protocol='range'}
2025-07-31 15:53:10,653 INFO  [org.apa.kaf.cli.con.int.ConsumerCoordinator] (Thread-202) [Consumer clientId=consumer-Consumer-topic-363eff47_1042_4ca6_a5f9_f9bff3f402c5-11, groupId=Consumer-topic-363eff47_1042_4ca6_a5f9_f9bff3f402c5] Finished assignment for group at generation 3: {consumer-Consumer-topic-363eff47_1042_4ca6_a5f9_f9bff3f402c5-11-4abd1d8a-ce8d-4d78-becc-05cf2b2acf20=Assignment(partitions=[topic-363eff47_1042_4ca6_a5f9_f9bff3f402c5-0])}
2025-07-31 15:53:10,657 INFO  [org.apa.kaf.cli.con.int.ConsumerCoordinator] (Thread-202) [Consumer clientId=consumer-Consumer-topic-363eff47_1042_4ca6_a5f9_f9bff3f402c5-11, groupId=Consumer-topic-363eff47_1042_4ca6_a5f9_f9bff3f402c5] Successfully synced group in generation Generation{generationId=3, memberId='consumer-Consumer-topic-363eff47_1042_4ca6_a5f9_f9bff3f402c5-11-4abd1d8a-ce8d-4d78-becc-05cf2b2acf20', protocol='range'}
2025-07-31 15:53:10,657 INFO  [org.apa.kaf.cli.con.int.ConsumerCoordinator] (Thread-202) [Consumer clientId=consumer-Consumer-topic-363eff47_1042_4ca6_a5f9_f9bff3f402c5-11, groupId=Consumer-topic-363eff47_1042_4ca6_a5f9_f9bff3f402c5] Notifying assignor about the new Assignment(partitions=[topic-363eff47_1042_4ca6_a5f9_f9bff3f402c5-0])
2025-07-31 15:53:10,657 INFO  [org.apa.kaf.cli.con.int.ConsumerRebalanceListenerInvoker] (Thread-202) [Consumer clientId=consumer-Consumer-topic-363eff47_1042_4ca6_a5f9_f9bff3f402c5-11, groupId=Consumer-topic-363eff47_1042_4ca6_a5f9_f9bff3f402c5] Adding newly assigned partitions: topic-363eff47_1042_4ca6_a5f9_f9bff3f402c5-0
2025-07-31 15:53:10,660 INFO  [org.apa.kaf.cli.con.int.ConsumerUtils] (Thread-202) Setting offset for partition topic-363eff47_1042_4ca6_a5f9_f9bff3f402c5-0 to the committed offset FetchPosition{offset=10, offsetEpoch=Optional[0], currentLeader=LeaderAndEpoch{leader=Optional[localhost:32770 (id: 0 rack: null)], epoch=0}}
2025-07-31 15:53:10,971 INFO  [io.api.tes.ser.api.KafkaSerdesTester] (Thread-202) topic-363eff47_1042_4ca6_a5f9_f9bff3f402c5 0 10 {"key11753977187078": "value-0", "key21753977189146": "value-0"}
2025-07-31 15:53:10,971 INFO  [io.api.tes.ser.api.KafkaSerdesTester] (Thread-202) topic-363eff47_1042_4ca6_a5f9_f9bff3f402c5 0 11 {"key11753977187078": "value-1", "key21753977189146": "value-1"}
2025-07-31 15:53:10,971 INFO  [io.api.tes.ser.api.KafkaSerdesTester] (Thread-202) topic-363eff47_1042_4ca6_a5f9_f9bff3f402c5 0 12 {"key11753977187078": "value-2", "key21753977189146": "value-2"}
2025-07-31 15:53:10,971 INFO  [io.api.tes.ser.api.KafkaSerdesTester] (Thread-202) topic-363eff47_1042_4ca6_a5f9_f9bff3f402c5 0 13 {"key11753977187078": "value-3", "key21753977189146": "value-3"}
2025-07-31 15:53:10,971 INFO  [io.api.tes.ser.api.KafkaSerdesTester] (Thread-202) topic-363eff47_1042_4ca6_a5f9_f9bff3f402c5 0 14 {"key11753977187078": "value-4", "key21753977189146": "value-4"}
2025-07-31 15:53:10,971 INFO  [io.api.tes.ser.api.KafkaSerdesTester] (Thread-202) topic-363eff47_1042_4ca6_a5f9_f9bff3f402c5 0 15 {"key11753977187078": "value-5", "key21753977189146": "value-5"}
2025-07-31 15:53:10,972 INFO  [io.api.tes.ser.api.KafkaSerdesTester] (Thread-202) topic-363eff47_1042_4ca6_a5f9_f9bff3f402c5 0 16 {"key11753977187078": "value-6", "key21753977189146": "value-6"}
2025-07-31 15:53:10,972 INFO  [io.api.tes.ser.api.KafkaSerdesTester] (Thread-202) topic-363eff47_1042_4ca6_a5f9_f9bff3f402c5 0 17 {"key11753977187078": "value-7", "key21753977189146": "value-7"}
2025-07-31 15:53:10,972 INFO  [io.api.tes.ser.api.KafkaSerdesTester] (Thread-202) topic-363eff47_1042_4ca6_a5f9_f9bff3f402c5 0 18 {"key11753977187078": "value-8", "key21753977189146": "value-8"}
2025-07-31 15:53:10,972 INFO  [io.api.tes.ser.api.KafkaSerdesTester] (Thread-202) topic-363eff47_1042_4ca6_a5f9_f9bff3f402c5 0 19 {"key11753977187078": "value-9", "key21753977189146": "value-9"}
2025-07-31 15:53:10,972 INFO  [io.api.tes.ser.api.KafkaSerdesTester] (Thread-202) topic-363eff47_1042_4ca6_a5f9_f9bff3f402c5 0 20 {"key11753977187078": "value-0"}
2025-07-31 15:53:10,972 INFO  [io.api.tes.ser.api.KafkaSerdesTester] (Thread-202) topic-363eff47_1042_4ca6_a5f9_f9bff3f402c5 0 21 {"key11753977187078": "value-1"}
2025-07-31 15:53:10,972 INFO  [io.api.tes.ser.api.KafkaSerdesTester] (Thread-202) topic-363eff47_1042_4ca6_a5f9_f9bff3f402c5 0 22 {"key11753977187078": "value-2"}
2025-07-31 15:53:10,972 INFO  [io.api.tes.ser.api.KafkaSerdesTester] (Thread-202) topic-363eff47_1042_4ca6_a5f9_f9bff3f402c5 0 23 {"key11753977187078": "value-3"}
2025-07-31 15:53:10,972 INFO  [io.api.tes.ser.api.KafkaSerdesTester] (Thread-202) topic-363eff47_1042_4ca6_a5f9_f9bff3f402c5 0 24 {"key11753977187078": "value-4"}
2025-07-31 15:53:10,972 INFO  [io.api.tes.ser.api.KafkaSerdesTester] (Thread-202) topic-363eff47_1042_4ca6_a5f9_f9bff3f402c5 0 25 {"key11753977187078": "value-5"}
2025-07-31 15:53:10,972 INFO  [io.api.tes.ser.api.KafkaSerdesTester] (Thread-202) topic-363eff47_1042_4ca6_a5f9_f9bff3f402c5 0 26 {"key11753977187078": "value-6"}
2025-07-31 15:53:10,972 INFO  [io.api.tes.ser.api.KafkaSerdesTester] (Thread-202) topic-363eff47_1042_4ca6_a5f9_f9bff3f402c5 0 27 {"key11753977187078": "value-7"}
2025-07-31 15:53:10,972 INFO  [io.api.tes.ser.api.KafkaSerdesTester] (Thread-202) topic-363eff47_1042_4ca6_a5f9_f9bff3f402c5 0 28 {"key11753977187078": "value-8"}
2025-07-31 15:53:10,972 INFO  [io.api.tes.ser.api.KafkaSerdesTester] (Thread-202) topic-363eff47_1042_4ca6_a5f9_f9bff3f402c5 0 29 {"key11753977187078": "value-9"}
2025-07-31 15:53:10,972 INFO  [io.api.tes.ser.api.KafkaSerdesTester] (Thread-202) Consumed 20 messages
2025-07-31 15:53:10,978 INFO  [org.apa.kaf.cli.con.int.ConsumerRebalanceListenerInvoker] (Thread-202) [Consumer clientId=consumer-Consumer-topic-363eff47_1042_4ca6_a5f9_f9bff3f402c5-11, groupId=Consumer-topic-363eff47_1042_4ca6_a5f9_f9bff3f402c5] Revoke previously assigned partitions topic-363eff47_1042_4ca6_a5f9_f9bff3f402c5-0
2025-07-31 15:53:10,978 INFO  [org.apa.kaf.cli.con.int.ConsumerCoordinator] (Thread-202) [Consumer clientId=consumer-Consumer-topic-363eff47_1042_4ca6_a5f9_f9bff3f402c5-11, groupId=Consumer-topic-363eff47_1042_4ca6_a5f9_f9bff3f402c5] Member consumer-Consumer-topic-363eff47_1042_4ca6_a5f9_f9bff3f402c5-11-4abd1d8a-ce8d-4d78-becc-05cf2b2acf20 sending LeaveGroup request to coordinator localhost:32770 (id: 2147483647 rack: null) due to the consumer is being closed
2025-07-31 15:53:10,978 INFO  [org.apa.kaf.cli.con.int.ConsumerCoordinator] (Thread-202) [Consumer clientId=consumer-Consumer-topic-363eff47_1042_4ca6_a5f9_f9bff3f402c5-11, groupId=Consumer-topic-363eff47_1042_4ca6_a5f9_f9bff3f402c5] Resetting generation and member id due to: consumer pro-actively leaving the group
2025-07-31 15:53:10,978 INFO  [org.apa.kaf.cli.con.int.ConsumerCoordinator] (Thread-202) [Consumer clientId=consumer-Consumer-topic-363eff47_1042_4ca6_a5f9_f9bff3f402c5-11, groupId=Consumer-topic-363eff47_1042_4ca6_a5f9_f9bff3f402c5] Request joining group due to: consumer pro-actively leaving the group
2025-07-31 15:53:11,472 INFO  [org.apa.kaf.com.met.Metrics] (Thread-202) Metrics scheduler closed
2025-07-31 15:53:11,472 INFO  [org.apa.kaf.com.met.Metrics] (Thread-202) Closing reporter org.apache.kafka.common.metrics.JmxReporter
2025-07-31 15:53:11,472 INFO  [org.apa.kaf.com.met.Metrics] (Thread-202) Closing reporter org.apache.kafka.common.telemetry.internals.ClientTelemetryReporter
2025-07-31 15:53:11,472 INFO  [org.apa.kaf.com.met.Metrics] (Thread-202) Metrics reporters closed
2025-07-31 15:53:11,475 INFO  [org.apa.kaf.com.uti.AppInfoParser] (Thread-202) App info kafka.consumer for consumer-Consumer-topic-363eff47_1042_4ca6_a5f9_f9bff3f402c5-11 unregistered
2025-07-31 15:53:11,477 INFO  [io.api.tes.ser.api.AvroSerdeIT] (main) Registering Avro Schema 3: {"type":"record","name":"s9da63fd6xde1fx4747xb74dx61c0b9d9114a","namespace":"ns_e4ee1fa6_a970_49b4_abf6_4837a8f7b191","fields":[{"name":"key11753977187078","type":"string"},{"name":"key21753977189146","type":"string"},{"name":"key31753977191477","type":"string"}]}
2025-07-31 15:53:12,634 INFO  [org.apa.kaf.cli.pro.ProducerConfig] (main) ProducerConfig values: 
	acks = -1
	auto.include.jmx.reporter = true
	batch.size = 16384
	bootstrap.servers = [PLAINTEXT://localhost:32770]
	buffer.memory = 33554432
	client.dns.lookup = use_all_dns_ips
	client.id = Producer-topic-363eff47_1042_4ca6_a5f9_f9bff3f402c5
	compression.gzip.level = -1
	compression.lz4.level = 9
	compression.type = none
	compression.zstd.level = 3
	connections.max.idle.ms = 10000
	delivery.timeout.ms = 120000
	enable.idempotence = true
	enable.metrics.push = true
	interceptor.classes = []
	key.serializer = class org.apache.kafka.common.serialization.StringSerializer
	linger.ms = 0
	max.block.ms = 60000
	max.in.flight.requests.per.connection = 5
	max.request.size = 1048576
	metadata.max.age.ms = 300000
	metadata.max.idle.ms = 300000
	metadata.recovery.strategy = none
	metric.reporters = []
	metrics.num.samples = 2
	metrics.recording.level = INFO
	metrics.sample.window.ms = 30000
	partitioner.adaptive.partitioning.enable = true
	partitioner.availability.timeout.ms = 0
	partitioner.class = null
	partitioner.ignore.keys = false
	receive.buffer.bytes = 32768
	reconnect.backoff.max.ms = 1000
	reconnect.backoff.ms = 50
	request.timeout.ms = 5000
	retries = 2147483647
	retry.backoff.max.ms = 1000
	retry.backoff.ms = 100
	sasl.client.callback.handler.class = null
	sasl.jaas.config = null
	sasl.kerberos.kinit.cmd = /usr/bin/kinit
	sasl.kerberos.min.time.before.relogin = 60000
	sasl.kerberos.service.name = null
	sasl.kerberos.ticket.renew.jitter = 0.05
	sasl.kerberos.ticket.renew.window.factor = 0.8
	sasl.login.callback.handler.class = null
	sasl.login.class = null
	sasl.login.connect.timeout.ms = null
	sasl.login.read.timeout.ms = null
	sasl.login.refresh.buffer.seconds = 300
	sasl.login.refresh.min.period.seconds = 60
	sasl.login.refresh.window.factor = 0.8
	sasl.login.refresh.window.jitter = 0.05
	sasl.login.retry.backoff.max.ms = 10000
	sasl.login.retry.backoff.ms = 100
	sasl.mechanism = GSSAPI
	sasl.oauthbearer.clock.skew.seconds = 30
	sasl.oauthbearer.expected.audience = null
	sasl.oauthbearer.expected.issuer = null
	sasl.oauthbearer.header.urlencode = false
	sasl.oauthbearer.jwks.endpoint.refresh.ms = 3600000
	sasl.oauthbearer.jwks.endpoint.retry.backoff.max.ms = 10000
	sasl.oauthbearer.jwks.endpoint.retry.backoff.ms = 100
	sasl.oauthbearer.jwks.endpoint.url = null
	sasl.oauthbearer.scope.claim.name = scope
	sasl.oauthbearer.sub.claim.name = sub
	sasl.oauthbearer.token.endpoint.url = null
	security.protocol = PLAINTEXT
	security.providers = null
	send.buffer.bytes = 131072
	socket.connection.setup.timeout.max.ms = 30000
	socket.connection.setup.timeout.ms = 10000
	ssl.cipher.suites = null
	ssl.enabled.protocols = [TLSv1.2, TLSv1.3]
	ssl.endpoint.identification.algorithm = https
	ssl.engine.factory.class = null
	ssl.key.password = null
	ssl.keymanager.algorithm = SunX509
	ssl.keystore.certificate.chain = null
	ssl.keystore.key = null
	ssl.keystore.location = null
	ssl.keystore.password = null
	ssl.keystore.type = JKS
	ssl.protocol = TLSv1.3
	ssl.provider = null
	ssl.secure.random.implementation = null
	ssl.trustmanager.algorithm = PKIX
	ssl.truststore.certificates = null
	ssl.truststore.location = null
	ssl.truststore.password = null
	ssl.truststore.type = JKS
	transaction.timeout.ms = 60000
	transactional.id = null
	value.serializer = class io.apicurio.registry.serde.avro.AvroKafkaSerializer

2025-07-31 15:53:12,634 INFO  [org.apa.kaf.com.tel.int.KafkaMetricsCollector] (main) initializing Kafka metrics collector
2025-07-31 15:53:12,637 INFO  [org.apa.kaf.cli.pro.KafkaProducer] (main) [Producer clientId=Producer-topic-363eff47_1042_4ca6_a5f9_f9bff3f402c5] Instantiated an idempotent producer.
2025-07-31 15:53:12,639 INFO  [org.apa.kaf.cli.pro.ProducerConfig] (main) These configurations '[apicurio.registry.url, apicurio.registry.artifact-resolver-strategy]' were supplied but are not used yet.
2025-07-31 15:53:12,639 INFO  [org.apa.kaf.com.uti.AppInfoParser] (main) Kafka version: 3.9.0
2025-07-31 15:53:12,639 INFO  [org.apa.kaf.com.uti.AppInfoParser] (main) Kafka commitId: 84caaa6e9da06435
2025-07-31 15:53:12,639 INFO  [org.apa.kaf.com.uti.AppInfoParser] (main) Kafka startTimeMs: 1753977192639
2025-07-31 15:53:12,641 INFO  [io.api.tes.ser.api.KafkaSerdesTester] (Thread-205) Sending message {"key11753977187078": "value-0", "key21753977189146": "value-0", "key31753977191477": "value-0"} to topic topic-363eff47_1042_4ca6_a5f9_f9bff3f402c5
2025-07-31 15:53:12,643 INFO  [org.apa.kaf.cli.Metadata] (kafka-producer-network-thread | Producer-topic-363eff47_1042_4ca6_a5f9_f9bff3f402c5) [Producer clientId=Producer-topic-363eff47_1042_4ca6_a5f9_f9bff3f402c5] Cluster ID: k5QcScx1TGu5ZEx470RFLw
2025-07-31 15:53:12,643 INFO  [DefaultSchemaResolver] (Thread-205) Retrieving schema content using string: {"type":"record","name":"s9da63fd6xde1fx4747xb74dx61c0b9d9114a","namespace":"ns_e4ee1fa6_a970_49b4_abf6_4837a8f7b191","fields":[{"name":"key11753977187078","type":"string"},{"name":"key21753977189146","type":"string"},{"name":"key31753977191477","type":"string"}]}
2025-07-31 15:53:12,644 INFO  [org.apa.kaf.cli.pro.int.TransactionManager] (kafka-producer-network-thread | Producer-topic-363eff47_1042_4ca6_a5f9_f9bff3f402c5) [Producer clientId=Producer-topic-363eff47_1042_4ca6_a5f9_f9bff3f402c5] ProducerId set to 15 with epoch 0
2025-07-31 15:53:12,775 INFO  [io.api.tes.ser.api.KafkaSerdesTester] (Thread-205) Sending message {"key11753977187078": "value-1", "key21753977189146": "value-1", "key31753977191477": "value-1"} to topic topic-363eff47_1042_4ca6_a5f9_f9bff3f402c5
2025-07-31 15:53:12,778 INFO  [io.api.tes.ser.api.KafkaSerdesTester] (Thread-205) Sending message {"key11753977187078": "value-2", "key21753977189146": "value-2", "key31753977191477": "value-2"} to topic topic-363eff47_1042_4ca6_a5f9_f9bff3f402c5
2025-07-31 15:53:12,780 INFO  [io.api.tes.ser.api.KafkaSerdesTester] (Thread-205) Sending message {"key11753977187078": "value-3", "key21753977189146": "value-3", "key31753977191477": "value-3"} to topic topic-363eff47_1042_4ca6_a5f9_f9bff3f402c5
2025-07-31 15:53:12,782 INFO  [io.api.tes.ser.api.KafkaSerdesTester] (Thread-205) Sending message {"key11753977187078": "value-4", "key21753977189146": "value-4", "key31753977191477": "value-4"} to topic topic-363eff47_1042_4ca6_a5f9_f9bff3f402c5
2025-07-31 15:53:12,785 INFO  [io.api.tes.ser.api.KafkaSerdesTester] (Thread-205) Sending message {"key11753977187078": "value-5", "key21753977189146": "value-5", "key31753977191477": "value-5"} to topic topic-363eff47_1042_4ca6_a5f9_f9bff3f402c5
2025-07-31 15:53:12,792 INFO  [io.api.tes.ser.api.KafkaSerdesTester] (Thread-205) Sending message {"key11753977187078": "value-6", "key21753977189146": "value-6", "key31753977191477": "value-6"} to topic topic-363eff47_1042_4ca6_a5f9_f9bff3f402c5
2025-07-31 15:53:12,795 INFO  [io.api.tes.ser.api.KafkaSerdesTester] (Thread-205) Sending message {"key11753977187078": "value-7", "key21753977189146": "value-7", "key31753977191477": "value-7"} to topic topic-363eff47_1042_4ca6_a5f9_f9bff3f402c5
2025-07-31 15:53:12,796 INFO  [io.api.tes.ser.api.KafkaSerdesTester] (Thread-205) Sending message {"key11753977187078": "value-8", "key21753977189146": "value-8", "key31753977191477": "value-8"} to topic topic-363eff47_1042_4ca6_a5f9_f9bff3f402c5
2025-07-31 15:53:12,798 INFO  [io.api.tes.ser.api.KafkaSerdesTester] (Thread-205) Sending message {"key11753977187078": "value-9", "key21753977189146": "value-9", "key31753977191477": "value-9"} to topic topic-363eff47_1042_4ca6_a5f9_f9bff3f402c5
2025-07-31 15:53:12,802 INFO  [io.api.tes.ser.api.KafkaSerdesTester] (Thread-205) Produced 10 messages
2025-07-31 15:53:12,802 INFO  [org.apa.kaf.cli.pro.KafkaProducer] (Thread-205) [Producer clientId=Producer-topic-363eff47_1042_4ca6_a5f9_f9bff3f402c5] Closing the Kafka producer with timeoutMillis = 9223372036854775807 ms.
2025-07-31 15:53:12,805 INFO  [org.apa.kaf.com.met.Metrics] (Thread-205) Metrics scheduler closed
2025-07-31 15:53:12,805 INFO  [org.apa.kaf.com.met.Metrics] (Thread-205) Closing reporter org.apache.kafka.common.metrics.JmxReporter
2025-07-31 15:53:12,807 INFO  [org.apa.kaf.com.met.Metrics] (Thread-205) Closing reporter org.apache.kafka.common.telemetry.internals.ClientTelemetryReporter
2025-07-31 15:53:12,807 INFO  [org.apa.kaf.com.met.Metrics] (Thread-205) Metrics reporters closed
2025-07-31 15:53:12,807 INFO  [org.apa.kaf.com.uti.AppInfoParser] (Thread-205) App info kafka.producer for Producer-topic-363eff47_1042_4ca6_a5f9_f9bff3f402c5 unregistered
2025-07-31 15:53:12,808 INFO  [org.apa.kaf.cli.pro.ProducerConfig] (main) ProducerConfig values: 
	acks = -1
	auto.include.jmx.reporter = true
	batch.size = 16384
	bootstrap.servers = [PLAINTEXT://localhost:32770]
	buffer.memory = 33554432
	client.dns.lookup = use_all_dns_ips
	client.id = Producer-topic-363eff47_1042_4ca6_a5f9_f9bff3f402c5
	compression.gzip.level = -1
	compression.lz4.level = 9
	compression.type = none
	compression.zstd.level = 3
	connections.max.idle.ms = 10000
	delivery.timeout.ms = 120000
	enable.idempotence = true
	enable.metrics.push = true
	interceptor.classes = []
	key.serializer = class org.apache.kafka.common.serialization.StringSerializer
	linger.ms = 0
	max.block.ms = 60000
	max.in.flight.requests.per.connection = 5
	max.request.size = 1048576
	metadata.max.age.ms = 300000
	metadata.max.idle.ms = 300000
	metadata.recovery.strategy = none
	metric.reporters = []
	metrics.num.samples = 2
	metrics.recording.level = INFO
	metrics.sample.window.ms = 30000
	partitioner.adaptive.partitioning.enable = true
	partitioner.availability.timeout.ms = 0
	partitioner.class = null
	partitioner.ignore.keys = false
	receive.buffer.bytes = 32768
	reconnect.backoff.max.ms = 1000
	reconnect.backoff.ms = 50
	request.timeout.ms = 5000
	retries = 2147483647
	retry.backoff.max.ms = 1000
	retry.backoff.ms = 100
	sasl.client.callback.handler.class = null
	sasl.jaas.config = null
	sasl.kerberos.kinit.cmd = /usr/bin/kinit
	sasl.kerberos.min.time.before.relogin = 60000
	sasl.kerberos.service.name = null
	sasl.kerberos.ticket.renew.jitter = 0.05
	sasl.kerberos.ticket.renew.window.factor = 0.8
	sasl.login.callback.handler.class = null
	sasl.login.class = null
	sasl.login.connect.timeout.ms = null
	sasl.login.read.timeout.ms = null
	sasl.login.refresh.buffer.seconds = 300
	sasl.login.refresh.min.period.seconds = 60
	sasl.login.refresh.window.factor = 0.8
	sasl.login.refresh.window.jitter = 0.05
	sasl.login.retry.backoff.max.ms = 10000
	sasl.login.retry.backoff.ms = 100
	sasl.mechanism = GSSAPI
	sasl.oauthbearer.clock.skew.seconds = 30
	sasl.oauthbearer.expected.audience = null
	sasl.oauthbearer.expected.issuer = null
	sasl.oauthbearer.header.urlencode = false
	sasl.oauthbearer.jwks.endpoint.refresh.ms = 3600000
	sasl.oauthbearer.jwks.endpoint.retry.backoff.max.ms = 10000
	sasl.oauthbearer.jwks.endpoint.retry.backoff.ms = 100
	sasl.oauthbearer.jwks.endpoint.url = null
	sasl.oauthbearer.scope.claim.name = scope
	sasl.oauthbearer.sub.claim.name = sub
	sasl.oauthbearer.token.endpoint.url = null
	security.protocol = PLAINTEXT
	security.providers = null
	send.buffer.bytes = 131072
	socket.connection.setup.timeout.max.ms = 30000
	socket.connection.setup.timeout.ms = 10000
	ssl.cipher.suites = null
	ssl.enabled.protocols = [TLSv1.2, TLSv1.3]
	ssl.endpoint.identification.algorithm = https
	ssl.engine.factory.class = null
	ssl.key.password = null
	ssl.keymanager.algorithm = SunX509
	ssl.keystore.certificate.chain = null
	ssl.keystore.key = null
	ssl.keystore.location = null
	ssl.keystore.password = null
	ssl.keystore.type = JKS
	ssl.protocol = TLSv1.3
	ssl.provider = null
	ssl.secure.random.implementation = null
	ssl.trustmanager.algorithm = PKIX
	ssl.truststore.certificates = null
	ssl.truststore.location = null
	ssl.truststore.password = null
	ssl.truststore.type = JKS
	transaction.timeout.ms = 60000
	transactional.id = null
	value.serializer = class io.apicurio.registry.serde.avro.AvroKafkaSerializer

2025-07-31 15:53:12,808 INFO  [org.apa.kaf.com.tel.int.KafkaMetricsCollector] (main) initializing Kafka metrics collector
2025-07-31 15:53:12,817 INFO  [org.apa.kaf.cli.pro.KafkaProducer] (main) [Producer clientId=Producer-topic-363eff47_1042_4ca6_a5f9_f9bff3f402c5] Instantiated an idempotent producer.
2025-07-31 15:53:12,819 INFO  [org.apa.kaf.cli.pro.ProducerConfig] (main) These configurations '[apicurio.registry.url, apicurio.registry.artifact-resolver-strategy]' were supplied but are not used yet.
2025-07-31 15:53:12,819 INFO  [org.apa.kaf.com.uti.AppInfoParser] (main) Kafka version: 3.9.0
2025-07-31 15:53:12,819 INFO  [org.apa.kaf.com.uti.AppInfoParser] (main) Kafka commitId: 84caaa6e9da06435
2025-07-31 15:53:12,819 INFO  [org.apa.kaf.com.uti.AppInfoParser] (main) Kafka startTimeMs: 1753977192819
2025-07-31 15:53:12,821 INFO  [io.api.tes.ser.api.KafkaSerdesTester] (Thread-208) Sending message {"key11753977187078": "value-0", "key21753977189146": "value-0"} to topic topic-363eff47_1042_4ca6_a5f9_f9bff3f402c5
2025-07-31 15:53:12,824 INFO  [org.apa.kaf.cli.Metadata] (kafka-producer-network-thread | Producer-topic-363eff47_1042_4ca6_a5f9_f9bff3f402c5) [Producer clientId=Producer-topic-363eff47_1042_4ca6_a5f9_f9bff3f402c5] Cluster ID: k5QcScx1TGu5ZEx470RFLw
2025-07-31 15:53:12,825 INFO  [DefaultSchemaResolver] (Thread-208) Retrieving schema content using string: {"type":"record","name":"s9da63fd6xde1fx4747xb74dx61c0b9d9114a","namespace":"ns_e4ee1fa6_a970_49b4_abf6_4837a8f7b191","fields":[{"name":"key11753977187078","type":"string"},{"name":"key21753977189146","type":"string"}]}
2025-07-31 15:53:12,825 INFO  [org.apa.kaf.cli.pro.int.TransactionManager] (kafka-producer-network-thread | Producer-topic-363eff47_1042_4ca6_a5f9_f9bff3f402c5) [Producer clientId=Producer-topic-363eff47_1042_4ca6_a5f9_f9bff3f402c5] ProducerId set to 16 with epoch 0
2025-07-31 15:53:12,949 INFO  [io.api.tes.ser.api.KafkaSerdesTester] (Thread-208) Sending message {"key11753977187078": "value-1", "key21753977189146": "value-1"} to topic topic-363eff47_1042_4ca6_a5f9_f9bff3f402c5
2025-07-31 15:53:12,952 INFO  [io.api.tes.ser.api.KafkaSerdesTester] (Thread-208) Sending message {"key11753977187078": "value-2", "key21753977189146": "value-2"} to topic topic-363eff47_1042_4ca6_a5f9_f9bff3f402c5
2025-07-31 15:53:12,953 INFO  [io.api.tes.ser.api.KafkaSerdesTester] (Thread-208) Sending message {"key11753977187078": "value-3", "key21753977189146": "value-3"} to topic topic-363eff47_1042_4ca6_a5f9_f9bff3f402c5
2025-07-31 15:53:12,955 INFO  [io.api.tes.ser.api.KafkaSerdesTester] (Thread-208) Sending message {"key11753977187078": "value-4", "key21753977189146": "value-4"} to topic topic-363eff47_1042_4ca6_a5f9_f9bff3f402c5
2025-07-31 15:53:12,956 INFO  [io.api.tes.ser.api.KafkaSerdesTester] (Thread-208) Sending message {"key11753977187078": "value-5", "key21753977189146": "value-5"} to topic topic-363eff47_1042_4ca6_a5f9_f9bff3f402c5
2025-07-31 15:53:12,958 INFO  [io.api.tes.ser.api.KafkaSerdesTester] (Thread-208) Sending message {"key11753977187078": "value-6", "key21753977189146": "value-6"} to topic topic-363eff47_1042_4ca6_a5f9_f9bff3f402c5
2025-07-31 15:53:12,960 INFO  [io.api.tes.ser.api.KafkaSerdesTester] (Thread-208) Sending message {"key11753977187078": "value-7", "key21753977189146": "value-7"} to topic topic-363eff47_1042_4ca6_a5f9_f9bff3f402c5
2025-07-31 15:53:12,961 INFO  [io.api.tes.ser.api.KafkaSerdesTester] (Thread-208) Sending message {"key11753977187078": "value-8", "key21753977189146": "value-8"} to topic topic-363eff47_1042_4ca6_a5f9_f9bff3f402c5
2025-07-31 15:53:12,963 INFO  [io.api.tes.ser.api.KafkaSerdesTester] (Thread-208) Sending message {"key11753977187078": "value-9", "key21753977189146": "value-9"} to topic topic-363eff47_1042_4ca6_a5f9_f9bff3f402c5
2025-07-31 15:53:12,964 INFO  [io.api.tes.ser.api.KafkaSerdesTester] (Thread-208) Produced 10 messages
2025-07-31 15:53:12,964 INFO  [org.apa.kaf.cli.pro.KafkaProducer] (Thread-208) [Producer clientId=Producer-topic-363eff47_1042_4ca6_a5f9_f9bff3f402c5] Closing the Kafka producer with timeoutMillis = 9223372036854775807 ms.
2025-07-31 15:53:12,967 INFO  [org.apa.kaf.com.met.Metrics] (Thread-208) Metrics scheduler closed
2025-07-31 15:53:12,967 INFO  [org.apa.kaf.com.met.Metrics] (Thread-208) Closing reporter org.apache.kafka.common.metrics.JmxReporter
2025-07-31 15:53:12,967 INFO  [org.apa.kaf.com.met.Metrics] (Thread-208) Closing reporter org.apache.kafka.common.telemetry.internals.ClientTelemetryReporter
2025-07-31 15:53:12,967 INFO  [org.apa.kaf.com.met.Metrics] (Thread-208) Metrics reporters closed
2025-07-31 15:53:12,967 INFO  [org.apa.kaf.com.uti.AppInfoParser] (Thread-208) App info kafka.producer for Producer-topic-363eff47_1042_4ca6_a5f9_f9bff3f402c5 unregistered
2025-07-31 15:53:12,968 INFO  [org.apa.kaf.cli.pro.ProducerConfig] (main) ProducerConfig values: 
	acks = -1
	auto.include.jmx.reporter = true
	batch.size = 16384
	bootstrap.servers = [PLAINTEXT://localhost:32770]
	buffer.memory = 33554432
	client.dns.lookup = use_all_dns_ips
	client.id = Producer-topic-363eff47_1042_4ca6_a5f9_f9bff3f402c5
	compression.gzip.level = -1
	compression.lz4.level = 9
	compression.type = none
	compression.zstd.level = 3
	connections.max.idle.ms = 10000
	delivery.timeout.ms = 120000
	enable.idempotence = true
	enable.metrics.push = true
	interceptor.classes = []
	key.serializer = class org.apache.kafka.common.serialization.StringSerializer
	linger.ms = 0
	max.block.ms = 60000
	max.in.flight.requests.per.connection = 5
	max.request.size = 1048576
	metadata.max.age.ms = 300000
	metadata.max.idle.ms = 300000
	metadata.recovery.strategy = none
	metric.reporters = []
	metrics.num.samples = 2
	metrics.recording.level = INFO
	metrics.sample.window.ms = 30000
	partitioner.adaptive.partitioning.enable = true
	partitioner.availability.timeout.ms = 0
	partitioner.class = null
	partitioner.ignore.keys = false
	receive.buffer.bytes = 32768
	reconnect.backoff.max.ms = 1000
	reconnect.backoff.ms = 50
	request.timeout.ms = 5000
	retries = 2147483647
	retry.backoff.max.ms = 1000
	retry.backoff.ms = 100
	sasl.client.callback.handler.class = null
	sasl.jaas.config = null
	sasl.kerberos.kinit.cmd = /usr/bin/kinit
	sasl.kerberos.min.time.before.relogin = 60000
	sasl.kerberos.service.name = null
	sasl.kerberos.ticket.renew.jitter = 0.05
	sasl.kerberos.ticket.renew.window.factor = 0.8
	sasl.login.callback.handler.class = null
	sasl.login.class = null
	sasl.login.connect.timeout.ms = null
	sasl.login.read.timeout.ms = null
	sasl.login.refresh.buffer.seconds = 300
	sasl.login.refresh.min.period.seconds = 60
	sasl.login.refresh.window.factor = 0.8
	sasl.login.refresh.window.jitter = 0.05
	sasl.login.retry.backoff.max.ms = 10000
	sasl.login.retry.backoff.ms = 100
	sasl.mechanism = GSSAPI
	sasl.oauthbearer.clock.skew.seconds = 30
	sasl.oauthbearer.expected.audience = null
	sasl.oauthbearer.expected.issuer = null
	sasl.oauthbearer.header.urlencode = false
	sasl.oauthbearer.jwks.endpoint.refresh.ms = 3600000
	sasl.oauthbearer.jwks.endpoint.retry.backoff.max.ms = 10000
	sasl.oauthbearer.jwks.endpoint.retry.backoff.ms = 100
	sasl.oauthbearer.jwks.endpoint.url = null
	sasl.oauthbearer.scope.claim.name = scope
	sasl.oauthbearer.sub.claim.name = sub
	sasl.oauthbearer.token.endpoint.url = null
	security.protocol = PLAINTEXT
	security.providers = null
	send.buffer.bytes = 131072
	socket.connection.setup.timeout.max.ms = 30000
	socket.connection.setup.timeout.ms = 10000
	ssl.cipher.suites = null
	ssl.enabled.protocols = [TLSv1.2, TLSv1.3]
	ssl.endpoint.identification.algorithm = https
	ssl.engine.factory.class = null
	ssl.key.password = null
	ssl.keymanager.algorithm = SunX509
	ssl.keystore.certificate.chain = null
	ssl.keystore.key = null
	ssl.keystore.location = null
	ssl.keystore.password = null
	ssl.keystore.type = JKS
	ssl.protocol = TLSv1.3
	ssl.provider = null
	ssl.secure.random.implementation = null
	ssl.trustmanager.algorithm = PKIX
	ssl.truststore.certificates = null
	ssl.truststore.location = null
	ssl.truststore.password = null
	ssl.truststore.type = JKS
	transaction.timeout.ms = 60000
	transactional.id = null
	value.serializer = class io.apicurio.registry.serde.avro.AvroKafkaSerializer

2025-07-31 15:53:12,968 INFO  [org.apa.kaf.com.tel.int.KafkaMetricsCollector] (main) initializing Kafka metrics collector
2025-07-31 15:53:12,973 INFO  [org.apa.kaf.cli.pro.KafkaProducer] (main) [Producer clientId=Producer-topic-363eff47_1042_4ca6_a5f9_f9bff3f402c5] Instantiated an idempotent producer.
2025-07-31 15:53:12,976 INFO  [org.apa.kaf.cli.pro.ProducerConfig] (main) These configurations '[apicurio.registry.url, apicurio.registry.artifact-resolver-strategy]' were supplied but are not used yet.
2025-07-31 15:53:12,976 INFO  [org.apa.kaf.com.uti.AppInfoParser] (main) Kafka version: 3.9.0
2025-07-31 15:53:12,976 INFO  [org.apa.kaf.com.uti.AppInfoParser] (main) Kafka commitId: 84caaa6e9da06435
2025-07-31 15:53:12,976 INFO  [org.apa.kaf.com.uti.AppInfoParser] (main) Kafka startTimeMs: 1753977192976
2025-07-31 15:53:12,977 INFO  [io.api.tes.ser.api.KafkaSerdesTester] (Thread-211) Sending message {"key11753977187078": "value-0"} to topic topic-363eff47_1042_4ca6_a5f9_f9bff3f402c5
2025-07-31 15:53:12,981 INFO  [org.apa.kaf.cli.Metadata] (kafka-producer-network-thread | Producer-topic-363eff47_1042_4ca6_a5f9_f9bff3f402c5) [Producer clientId=Producer-topic-363eff47_1042_4ca6_a5f9_f9bff3f402c5] Cluster ID: k5QcScx1TGu5ZEx470RFLw
2025-07-31 15:53:12,981 INFO  [DefaultSchemaResolver] (Thread-211) Retrieving schema content using string: {"type":"record","name":"s9da63fd6xde1fx4747xb74dx61c0b9d9114a","namespace":"ns_e4ee1fa6_a970_49b4_abf6_4837a8f7b191","fields":[{"name":"key11753977187078","type":"string"}]}
2025-07-31 15:53:12,982 INFO  [org.apa.kaf.cli.pro.int.TransactionManager] (kafka-producer-network-thread | Producer-topic-363eff47_1042_4ca6_a5f9_f9bff3f402c5) [Producer clientId=Producer-topic-363eff47_1042_4ca6_a5f9_f9bff3f402c5] ProducerId set to 17 with epoch 0
2025-07-31 15:53:13,104 INFO  [io.api.tes.ser.api.KafkaSerdesTester] (Thread-211) Sending message {"key11753977187078": "value-1"} to topic topic-363eff47_1042_4ca6_a5f9_f9bff3f402c5
2025-07-31 15:53:13,107 INFO  [io.api.tes.ser.api.KafkaSerdesTester] (Thread-211) Sending message {"key11753977187078": "value-2"} to topic topic-363eff47_1042_4ca6_a5f9_f9bff3f402c5
2025-07-31 15:53:13,109 INFO  [io.api.tes.ser.api.KafkaSerdesTester] (Thread-211) Sending message {"key11753977187078": "value-3"} to topic topic-363eff47_1042_4ca6_a5f9_f9bff3f402c5
2025-07-31 15:53:13,110 INFO  [io.api.tes.ser.api.KafkaSerdesTester] (Thread-211) Sending message {"key11753977187078": "value-4"} to topic topic-363eff47_1042_4ca6_a5f9_f9bff3f402c5
2025-07-31 15:53:13,111 INFO  [io.api.tes.ser.api.KafkaSerdesTester] (Thread-211) Sending message {"key11753977187078": "value-5"} to topic topic-363eff47_1042_4ca6_a5f9_f9bff3f402c5
2025-07-31 15:53:13,112 INFO  [io.api.tes.ser.api.KafkaSerdesTester] (Thread-211) Sending message {"key11753977187078": "value-6"} to topic topic-363eff47_1042_4ca6_a5f9_f9bff3f402c5
2025-07-31 15:53:13,114 INFO  [io.api.tes.ser.api.KafkaSerdesTester] (Thread-211) Sending message {"key11753977187078": "value-7"} to topic topic-363eff47_1042_4ca6_a5f9_f9bff3f402c5
2025-07-31 15:53:13,115 INFO  [io.api.tes.ser.api.KafkaSerdesTester] (Thread-211) Sending message {"key11753977187078": "value-8"} to topic topic-363eff47_1042_4ca6_a5f9_f9bff3f402c5
2025-07-31 15:53:13,116 INFO  [io.api.tes.ser.api.KafkaSerdesTester] (Thread-211) Sending message {"key11753977187078": "value-9"} to topic topic-363eff47_1042_4ca6_a5f9_f9bff3f402c5
2025-07-31 15:53:13,117 INFO  [io.api.tes.ser.api.KafkaSerdesTester] (Thread-211) Produced 10 messages
2025-07-31 15:53:13,117 INFO  [org.apa.kaf.cli.pro.KafkaProducer] (Thread-211) [Producer clientId=Producer-topic-363eff47_1042_4ca6_a5f9_f9bff3f402c5] Closing the Kafka producer with timeoutMillis = 9223372036854775807 ms.
2025-07-31 15:53:13,119 INFO  [org.apa.kaf.com.met.Metrics] (Thread-211) Metrics scheduler closed
2025-07-31 15:53:13,119 INFO  [org.apa.kaf.com.met.Metrics] (Thread-211) Closing reporter org.apache.kafka.common.metrics.JmxReporter
2025-07-31 15:53:13,119 INFO  [org.apa.kaf.com.met.Metrics] (Thread-211) Closing reporter org.apache.kafka.common.telemetry.internals.ClientTelemetryReporter
2025-07-31 15:53:13,119 INFO  [org.apa.kaf.com.met.Metrics] (Thread-211) Metrics reporters closed
2025-07-31 15:53:13,119 INFO  [org.apa.kaf.com.uti.AppInfoParser] (Thread-211) App info kafka.producer for Producer-topic-363eff47_1042_4ca6_a5f9_f9bff3f402c5 unregistered
2025-07-31 15:53:13,120 INFO  [org.apa.kaf.cli.con.ConsumerConfig] (main) ConsumerConfig values: 
	allow.auto.create.topics = true
	auto.commit.interval.ms = 500
	auto.include.jmx.reporter = true
	auto.offset.reset = earliest
	bootstrap.servers = [PLAINTEXT://localhost:32770]
	check.crcs = true
	client.dns.lookup = use_all_dns_ips
	client.id = consumer-Consumer-topic-363eff47_1042_4ca6_a5f9_f9bff3f402c5-12
	client.rack = 
	connections.max.idle.ms = 10000
	default.api.timeout.ms = 60000
	enable.auto.commit = true
	enable.metrics.push = true
	exclude.internal.topics = true
	fetch.max.bytes = 52428800
	fetch.max.wait.ms = 500
	fetch.min.bytes = 1
	group.id = Consumer-topic-363eff47_1042_4ca6_a5f9_f9bff3f402c5
	group.instance.id = null
	group.protocol = classic
	group.remote.assignor = null
	heartbeat.interval.ms = 3000
	interceptor.classes = []
	internal.leave.group.on.close = true
	internal.throw.on.fetch.stable.offset.unsupported = false
	isolation.level = read_uncommitted
	key.deserializer = class org.apache.kafka.common.serialization.StringDeserializer
	max.partition.fetch.bytes = 1048576
	max.poll.interval.ms = 300000
	max.poll.records = 500
	metadata.max.age.ms = 300000
	metadata.recovery.strategy = none
	metric.reporters = []
	metrics.num.samples = 2
	metrics.recording.level = INFO
	metrics.sample.window.ms = 30000
	partition.assignment.strategy = [class org.apache.kafka.clients.consumer.RangeAssignor, class org.apache.kafka.clients.consumer.CooperativeStickyAssignor]
	receive.buffer.bytes = 65536
	reconnect.backoff.max.ms = 1000
	reconnect.backoff.ms = 50
	request.timeout.ms = 5000
	retry.backoff.max.ms = 1000
	retry.backoff.ms = 100
	sasl.client.callback.handler.class = null
	sasl.jaas.config = null
	sasl.kerberos.kinit.cmd = /usr/bin/kinit
	sasl.kerberos.min.time.before.relogin = 60000
	sasl.kerberos.service.name = null
	sasl.kerberos.ticket.renew.jitter = 0.05
	sasl.kerberos.ticket.renew.window.factor = 0.8
	sasl.login.callback.handler.class = null
	sasl.login.class = null
	sasl.login.connect.timeout.ms = null
	sasl.login.read.timeout.ms = null
	sasl.login.refresh.buffer.seconds = 300
	sasl.login.refresh.min.period.seconds = 60
	sasl.login.refresh.window.factor = 0.8
	sasl.login.refresh.window.jitter = 0.05
	sasl.login.retry.backoff.max.ms = 10000
	sasl.login.retry.backoff.ms = 100
	sasl.mechanism = GSSAPI
	sasl.oauthbearer.clock.skew.seconds = 30
	sasl.oauthbearer.expected.audience = null
	sasl.oauthbearer.expected.issuer = null
	sasl.oauthbearer.header.urlencode = false
	sasl.oauthbearer.jwks.endpoint.refresh.ms = 3600000
	sasl.oauthbearer.jwks.endpoint.retry.backoff.max.ms = 10000
	sasl.oauthbearer.jwks.endpoint.retry.backoff.ms = 100
	sasl.oauthbearer.jwks.endpoint.url = null
	sasl.oauthbearer.scope.claim.name = scope
	sasl.oauthbearer.sub.claim.name = sub
	sasl.oauthbearer.token.endpoint.url = null
	security.protocol = PLAINTEXT
	security.providers = null
	send.buffer.bytes = 131072
	session.timeout.ms = 45000
	socket.connection.setup.timeout.max.ms = 30000
	socket.connection.setup.timeout.ms = 10000
	ssl.cipher.suites = null
	ssl.enabled.protocols = [TLSv1.2, TLSv1.3]
	ssl.endpoint.identification.algorithm = https
	ssl.engine.factory.class = null
	ssl.key.password = null
	ssl.keymanager.algorithm = SunX509
	ssl.keystore.certificate.chain = null
	ssl.keystore.key = null
	ssl.keystore.location = null
	ssl.keystore.password = null
	ssl.keystore.type = JKS
	ssl.protocol = TLSv1.3
	ssl.provider = null
	ssl.secure.random.implementation = null
	ssl.trustmanager.algorithm = PKIX
	ssl.truststore.certificates = null
	ssl.truststore.location = null
	ssl.truststore.password = null
	ssl.truststore.type = JKS
	value.deserializer = class io.apicurio.registry.serde.avro.AvroKafkaDeserializer

2025-07-31 15:53:13,120 INFO  [org.apa.kaf.com.tel.int.KafkaMetricsCollector] (main) initializing Kafka metrics collector
2025-07-31 15:53:13,126 INFO  [org.apa.kaf.cli.con.ConsumerConfig] (main) These configurations '[apicurio.registry.url]' were supplied but are not used yet.
2025-07-31 15:53:13,126 INFO  [org.apa.kaf.com.uti.AppInfoParser] (main) Kafka version: 3.9.0
2025-07-31 15:53:13,126 INFO  [org.apa.kaf.com.uti.AppInfoParser] (main) Kafka commitId: 84caaa6e9da06435
2025-07-31 15:53:13,126 INFO  [org.apa.kaf.com.uti.AppInfoParser] (main) Kafka startTimeMs: 1753977193126
2025-07-31 15:53:13,127 INFO  [org.apa.kaf.cli.con.int.ClassicKafkaConsumer] (Thread-214) [Consumer clientId=consumer-Consumer-topic-363eff47_1042_4ca6_a5f9_f9bff3f402c5-12, groupId=Consumer-topic-363eff47_1042_4ca6_a5f9_f9bff3f402c5] Subscribed to topic(s): topic-363eff47_1042_4ca6_a5f9_f9bff3f402c5
2025-07-31 15:53:13,130 INFO  [org.apa.kaf.cli.Metadata] (Thread-214) [Consumer clientId=consumer-Consumer-topic-363eff47_1042_4ca6_a5f9_f9bff3f402c5-12, groupId=Consumer-topic-363eff47_1042_4ca6_a5f9_f9bff3f402c5] Cluster ID: k5QcScx1TGu5ZEx470RFLw
2025-07-31 15:53:13,131 INFO  [org.apa.kaf.cli.con.int.ConsumerCoordinator] (Thread-214) [Consumer clientId=consumer-Consumer-topic-363eff47_1042_4ca6_a5f9_f9bff3f402c5-12, groupId=Consumer-topic-363eff47_1042_4ca6_a5f9_f9bff3f402c5] Discovered group coordinator localhost:32770 (id: 2147483647 rack: null)
2025-07-31 15:53:13,132 INFO  [org.apa.kaf.cli.con.int.ConsumerCoordinator] (Thread-214) [Consumer clientId=consumer-Consumer-topic-363eff47_1042_4ca6_a5f9_f9bff3f402c5-12, groupId=Consumer-topic-363eff47_1042_4ca6_a5f9_f9bff3f402c5] (Re-)joining group
2025-07-31 15:53:13,137 INFO  [org.apa.kaf.cli.con.int.ConsumerCoordinator] (Thread-214) [Consumer clientId=consumer-Consumer-topic-363eff47_1042_4ca6_a5f9_f9bff3f402c5-12, groupId=Consumer-topic-363eff47_1042_4ca6_a5f9_f9bff3f402c5] Request joining group due to: need to re-join with the given member-id: consumer-Consumer-topic-363eff47_1042_4ca6_a5f9_f9bff3f402c5-12-d92dd3c0-8868-4ec4-858b-50bfac04db08
2025-07-31 15:53:13,137 INFO  [org.apa.kaf.cli.con.int.ConsumerCoordinator] (Thread-214) [Consumer clientId=consumer-Consumer-topic-363eff47_1042_4ca6_a5f9_f9bff3f402c5-12, groupId=Consumer-topic-363eff47_1042_4ca6_a5f9_f9bff3f402c5] (Re-)joining group
2025-07-31 15:53:13,139 INFO  [org.apa.kaf.cli.con.int.ConsumerCoordinator] (Thread-214) [Consumer clientId=consumer-Consumer-topic-363eff47_1042_4ca6_a5f9_f9bff3f402c5-12, groupId=Consumer-topic-363eff47_1042_4ca6_a5f9_f9bff3f402c5] Successfully joined group with generation Generation{generationId=5, memberId='consumer-Consumer-topic-363eff47_1042_4ca6_a5f9_f9bff3f402c5-12-d92dd3c0-8868-4ec4-858b-50bfac04db08', protocol='range'}
2025-07-31 15:53:13,139 INFO  [org.apa.kaf.cli.con.int.ConsumerCoordinator] (Thread-214) [Consumer clientId=consumer-Consumer-topic-363eff47_1042_4ca6_a5f9_f9bff3f402c5-12, groupId=Consumer-topic-363eff47_1042_4ca6_a5f9_f9bff3f402c5] Finished assignment for group at generation 5: {consumer-Consumer-topic-363eff47_1042_4ca6_a5f9_f9bff3f402c5-12-d92dd3c0-8868-4ec4-858b-50bfac04db08=Assignment(partitions=[topic-363eff47_1042_4ca6_a5f9_f9bff3f402c5-0])}
2025-07-31 15:53:13,142 INFO  [org.apa.kaf.cli.con.int.ConsumerCoordinator] (Thread-214) [Consumer clientId=consumer-Consumer-topic-363eff47_1042_4ca6_a5f9_f9bff3f402c5-12, groupId=Consumer-topic-363eff47_1042_4ca6_a5f9_f9bff3f402c5] Successfully synced group in generation Generation{generationId=5, memberId='consumer-Consumer-topic-363eff47_1042_4ca6_a5f9_f9bff3f402c5-12-d92dd3c0-8868-4ec4-858b-50bfac04db08', protocol='range'}
2025-07-31 15:53:13,142 INFO  [org.apa.kaf.cli.con.int.ConsumerCoordinator] (Thread-214) [Consumer clientId=consumer-Consumer-topic-363eff47_1042_4ca6_a5f9_f9bff3f402c5-12, groupId=Consumer-topic-363eff47_1042_4ca6_a5f9_f9bff3f402c5] Notifying assignor about the new Assignment(partitions=[topic-363eff47_1042_4ca6_a5f9_f9bff3f402c5-0])
2025-07-31 15:53:13,142 INFO  [org.apa.kaf.cli.con.int.ConsumerRebalanceListenerInvoker] (Thread-214) [Consumer clientId=consumer-Consumer-topic-363eff47_1042_4ca6_a5f9_f9bff3f402c5-12, groupId=Consumer-topic-363eff47_1042_4ca6_a5f9_f9bff3f402c5] Adding newly assigned partitions: topic-363eff47_1042_4ca6_a5f9_f9bff3f402c5-0
2025-07-31 15:53:13,143 INFO  [org.apa.kaf.cli.con.int.ConsumerUtils] (Thread-214) Setting offset for partition topic-363eff47_1042_4ca6_a5f9_f9bff3f402c5-0 to the committed offset FetchPosition{offset=30, offsetEpoch=Optional[0], currentLeader=LeaderAndEpoch{leader=Optional[localhost:32770 (id: 0 rack: null)], epoch=0}}
2025-07-31 15:53:13,767 INFO  [io.api.tes.ser.api.KafkaSerdesTester] (Thread-214) topic-363eff47_1042_4ca6_a5f9_f9bff3f402c5 0 30 {"key11753977187078": "value-0", "key21753977189146": "value-0", "key31753977191477": "value-0"}
2025-07-31 15:53:13,767 INFO  [io.api.tes.ser.api.KafkaSerdesTester] (Thread-214) topic-363eff47_1042_4ca6_a5f9_f9bff3f402c5 0 31 {"key11753977187078": "value-1", "key21753977189146": "value-1", "key31753977191477": "value-1"}
2025-07-31 15:53:13,767 INFO  [io.api.tes.ser.api.KafkaSerdesTester] (Thread-214) topic-363eff47_1042_4ca6_a5f9_f9bff3f402c5 0 32 {"key11753977187078": "value-2", "key21753977189146": "value-2", "key31753977191477": "value-2"}
2025-07-31 15:53:13,767 INFO  [io.api.tes.ser.api.KafkaSerdesTester] (Thread-214) topic-363eff47_1042_4ca6_a5f9_f9bff3f402c5 0 33 {"key11753977187078": "value-3", "key21753977189146": "value-3", "key31753977191477": "value-3"}
2025-07-31 15:53:13,767 INFO  [io.api.tes.ser.api.KafkaSerdesTester] (Thread-214) topic-363eff47_1042_4ca6_a5f9_f9bff3f402c5 0 34 {"key11753977187078": "value-4", "key21753977189146": "value-4", "key31753977191477": "value-4"}
2025-07-31 15:53:13,767 INFO  [io.api.tes.ser.api.KafkaSerdesTester] (Thread-214) topic-363eff47_1042_4ca6_a5f9_f9bff3f402c5 0 35 {"key11753977187078": "value-5", "key21753977189146": "value-5", "key31753977191477": "value-5"}
2025-07-31 15:53:13,768 INFO  [io.api.tes.ser.api.KafkaSerdesTester] (Thread-214) topic-363eff47_1042_4ca6_a5f9_f9bff3f402c5 0 36 {"key11753977187078": "value-6", "key21753977189146": "value-6", "key31753977191477": "value-6"}
2025-07-31 15:53:13,768 INFO  [io.api.tes.ser.api.KafkaSerdesTester] (Thread-214) topic-363eff47_1042_4ca6_a5f9_f9bff3f402c5 0 37 {"key11753977187078": "value-7", "key21753977189146": "value-7", "key31753977191477": "value-7"}
2025-07-31 15:53:13,768 INFO  [io.api.tes.ser.api.KafkaSerdesTester] (Thread-214) topic-363eff47_1042_4ca6_a5f9_f9bff3f402c5 0 38 {"key11753977187078": "value-8", "key21753977189146": "value-8", "key31753977191477": "value-8"}
2025-07-31 15:53:13,768 INFO  [io.api.tes.ser.api.KafkaSerdesTester] (Thread-214) topic-363eff47_1042_4ca6_a5f9_f9bff3f402c5 0 39 {"key11753977187078": "value-9", "key21753977189146": "value-9", "key31753977191477": "value-9"}
2025-07-31 15:53:13,768 INFO  [io.api.tes.ser.api.KafkaSerdesTester] (Thread-214) topic-363eff47_1042_4ca6_a5f9_f9bff3f402c5 0 40 {"key11753977187078": "value-0", "key21753977189146": "value-0"}
2025-07-31 15:53:13,768 INFO  [io.api.tes.ser.api.KafkaSerdesTester] (Thread-214) topic-363eff47_1042_4ca6_a5f9_f9bff3f402c5 0 41 {"key11753977187078": "value-1", "key21753977189146": "value-1"}
2025-07-31 15:53:13,768 INFO  [io.api.tes.ser.api.KafkaSerdesTester] (Thread-214) topic-363eff47_1042_4ca6_a5f9_f9bff3f402c5 0 42 {"key11753977187078": "value-2", "key21753977189146": "value-2"}
2025-07-31 15:53:13,768 INFO  [io.api.tes.ser.api.KafkaSerdesTester] (Thread-214) topic-363eff47_1042_4ca6_a5f9_f9bff3f402c5 0 43 {"key11753977187078": "value-3", "key21753977189146": "value-3"}
2025-07-31 15:53:13,769 INFO  [io.api.tes.ser.api.KafkaSerdesTester] (Thread-214) topic-363eff47_1042_4ca6_a5f9_f9bff3f402c5 0 44 {"key11753977187078": "value-4", "key21753977189146": "value-4"}
2025-07-31 15:53:13,769 INFO  [io.api.tes.ser.api.KafkaSerdesTester] (Thread-214) topic-363eff47_1042_4ca6_a5f9_f9bff3f402c5 0 45 {"key11753977187078": "value-5", "key21753977189146": "value-5"}
2025-07-31 15:53:13,769 INFO  [io.api.tes.ser.api.KafkaSerdesTester] (Thread-214) topic-363eff47_1042_4ca6_a5f9_f9bff3f402c5 0 46 {"key11753977187078": "value-6", "key21753977189146": "value-6"}
2025-07-31 15:53:13,769 INFO  [io.api.tes.ser.api.KafkaSerdesTester] (Thread-214) topic-363eff47_1042_4ca6_a5f9_f9bff3f402c5 0 47 {"key11753977187078": "value-7", "key21753977189146": "value-7"}
2025-07-31 15:53:13,769 INFO  [io.api.tes.ser.api.KafkaSerdesTester] (Thread-214) topic-363eff47_1042_4ca6_a5f9_f9bff3f402c5 0 48 {"key11753977187078": "value-8", "key21753977189146": "value-8"}
2025-07-31 15:53:13,770 INFO  [io.api.tes.ser.api.KafkaSerdesTester] (Thread-214) topic-363eff47_1042_4ca6_a5f9_f9bff3f402c5 0 49 {"key11753977187078": "value-9", "key21753977189146": "value-9"}
2025-07-31 15:53:13,770 INFO  [io.api.tes.ser.api.KafkaSerdesTester] (Thread-214) topic-363eff47_1042_4ca6_a5f9_f9bff3f402c5 0 50 {"key11753977187078": "value-0"}
2025-07-31 15:53:13,770 INFO  [io.api.tes.ser.api.KafkaSerdesTester] (Thread-214) topic-363eff47_1042_4ca6_a5f9_f9bff3f402c5 0 51 {"key11753977187078": "value-1"}
2025-07-31 15:53:13,770 INFO  [io.api.tes.ser.api.KafkaSerdesTester] (Thread-214) topic-363eff47_1042_4ca6_a5f9_f9bff3f402c5 0 52 {"key11753977187078": "value-2"}
2025-07-31 15:53:13,770 INFO  [io.api.tes.ser.api.KafkaSerdesTester] (Thread-214) topic-363eff47_1042_4ca6_a5f9_f9bff3f402c5 0 53 {"key11753977187078": "value-3"}
2025-07-31 15:53:13,770 INFO  [io.api.tes.ser.api.KafkaSerdesTester] (Thread-214) topic-363eff47_1042_4ca6_a5f9_f9bff3f402c5 0 54 {"key11753977187078": "value-4"}
2025-07-31 15:53:13,770 INFO  [io.api.tes.ser.api.KafkaSerdesTester] (Thread-214) topic-363eff47_1042_4ca6_a5f9_f9bff3f402c5 0 55 {"key11753977187078": "value-5"}
2025-07-31 15:53:13,770 INFO  [io.api.tes.ser.api.KafkaSerdesTester] (Thread-214) topic-363eff47_1042_4ca6_a5f9_f9bff3f402c5 0 56 {"key11753977187078": "value-6"}
2025-07-31 15:53:13,770 INFO  [io.api.tes.ser.api.KafkaSerdesTester] (Thread-214) topic-363eff47_1042_4ca6_a5f9_f9bff3f402c5 0 57 {"key11753977187078": "value-7"}
2025-07-31 15:53:13,770 INFO  [io.api.tes.ser.api.KafkaSerdesTester] (Thread-214) topic-363eff47_1042_4ca6_a5f9_f9bff3f402c5 0 58 {"key11753977187078": "value-8"}
2025-07-31 15:53:13,770 INFO  [io.api.tes.ser.api.KafkaSerdesTester] (Thread-214) topic-363eff47_1042_4ca6_a5f9_f9bff3f402c5 0 59 {"key11753977187078": "value-9"}
2025-07-31 15:53:13,771 INFO  [io.api.tes.ser.api.KafkaSerdesTester] (Thread-214) Consumed 30 messages
2025-07-31 15:53:13,772 INFO  [org.apa.kaf.cli.con.int.ConsumerRebalanceListenerInvoker] (Thread-214) [Consumer clientId=consumer-Consumer-topic-363eff47_1042_4ca6_a5f9_f9bff3f402c5-12, groupId=Consumer-topic-363eff47_1042_4ca6_a5f9_f9bff3f402c5] Revoke previously assigned partitions topic-363eff47_1042_4ca6_a5f9_f9bff3f402c5-0
2025-07-31 15:53:13,772 INFO  [org.apa.kaf.cli.con.int.ConsumerCoordinator] (Thread-214) [Consumer clientId=consumer-Consumer-topic-363eff47_1042_4ca6_a5f9_f9bff3f402c5-12, groupId=Consumer-topic-363eff47_1042_4ca6_a5f9_f9bff3f402c5] Member consumer-Consumer-topic-363eff47_1042_4ca6_a5f9_f9bff3f402c5-12-d92dd3c0-8868-4ec4-858b-50bfac04db08 sending LeaveGroup request to coordinator localhost:32770 (id: 2147483647 rack: null) due to the consumer is being closed
2025-07-31 15:53:13,773 INFO  [org.apa.kaf.cli.con.int.ConsumerCoordinator] (Thread-214) [Consumer clientId=consumer-Consumer-topic-363eff47_1042_4ca6_a5f9_f9bff3f402c5-12, groupId=Consumer-topic-363eff47_1042_4ca6_a5f9_f9bff3f402c5] Resetting generation and member id due to: consumer pro-actively leaving the group
2025-07-31 15:53:13,773 INFO  [org.apa.kaf.cli.con.int.ConsumerCoordinator] (Thread-214) [Consumer clientId=consumer-Consumer-topic-363eff47_1042_4ca6_a5f9_f9bff3f402c5-12, groupId=Consumer-topic-363eff47_1042_4ca6_a5f9_f9bff3f402c5] Request joining group due to: consumer pro-actively leaving the group
2025-07-31 15:53:14,272 INFO  [org.apa.kaf.com.met.Metrics] (Thread-214) Metrics scheduler closed
2025-07-31 15:53:14,272 INFO  [org.apa.kaf.com.met.Metrics] (Thread-214) Closing reporter org.apache.kafka.common.metrics.JmxReporter
2025-07-31 15:53:14,272 INFO  [org.apa.kaf.com.met.Metrics] (Thread-214) Closing reporter org.apache.kafka.common.telemetry.internals.ClientTelemetryReporter
2025-07-31 15:53:14,272 INFO  [org.apa.kaf.com.met.Metrics] (Thread-214) Metrics reporters closed
2025-07-31 15:53:14,273 INFO  [org.apa.kaf.com.uti.AppInfoParser] (Thread-214) App info kafka.consumer for consumer-Consumer-topic-363eff47_1042_4ca6_a5f9_f9bff3f402c5-12 unregistered
2025-07-31 15:53:14,275 INFO  [org.apa.kaf.cli.pro.KafkaProducer] (main) [Producer clientId=Producer-topic-363eff47_1042_4ca6_a5f9_f9bff3f402c5] Closing the Kafka producer with timeoutMillis = 9223372036854775807 ms.
2025-07-31 15:53:14,275 INFO  [org.apa.kaf.com.met.Metrics] (main) Metrics scheduler closed
2025-07-31 15:53:14,275 INFO  [org.apa.kaf.com.met.Metrics] (main) Closing reporter org.apache.kafka.common.metrics.JmxReporter
2025-07-31 15:53:14,276 INFO  [org.apa.kaf.com.met.Metrics] (main) Closing reporter org.apache.kafka.common.telemetry.internals.ClientTelemetryReporter
2025-07-31 15:53:14,276 INFO  [org.apa.kaf.com.met.Metrics] (main) Metrics reporters closed
2025-07-31 15:53:14,276 INFO  [org.apa.kaf.com.uti.AppInfoParser] (main) App info kafka.producer for Producer-topic-363eff47_1042_4ca6_a5f9_f9bff3f402c5 unregistered
2025-07-31 15:53:14,276 INFO  [io.api.tes.uti.TestSeparator] (main) io.apicurio.tests.serdes.apicurio.AvroSerdeIT.testEvolveAvroApicurio-FINISHED
2025-07-31 15:53:14,276 INFO  [io.api.tes.uti.TestSeparator] (main) ############################################################################
]]></system-out>
  </testcase>
  <testcase name="testTopicRecordIdStrategydFindLatest" classname="io.apicurio.tests.serdes.apicurio.AvroSerdeIT" time="2.192">
    <system-out><![CDATA[2025-07-31 15:53:14,277 INFO  [io.api.tes.uti.TestSeparator] (main) ############################################################################
2025-07-31 15:53:14,277 INFO  [io.api.tes.uti.TestSeparator] (main) io.apicurio.tests.serdes.apicurio.AvroSerdeIT.testTopicRecordIdStrategydFindLatest-STARTED
2025-07-31 15:53:14,284 INFO  [io.api.tes.ser.api.AvroSerdeIT] (main) Registering Avro Schema: {"type":"record","name":"s5d81b29axa726x4a9cx8dc3x54ea259a538c","namespace":"seeee4febxa742x440cxb871x7c4fea8518c7","fields":[{"name":"key11753977194280","type":"string"}]}
2025-07-31 15:53:15,448 INFO  [org.apa.kaf.cli.pro.ProducerConfig] (main) ProducerConfig values: 
	acks = -1
	auto.include.jmx.reporter = true
	batch.size = 16384
	bootstrap.servers = [PLAINTEXT://localhost:32770]
	buffer.memory = 33554432
	client.dns.lookup = use_all_dns_ips
	client.id = Producer-topic-ea78fbce_e147_47fb_86e4_6de7c8f03f83
	compression.gzip.level = -1
	compression.lz4.level = 9
	compression.type = none
	compression.zstd.level = 3
	connections.max.idle.ms = 10000
	delivery.timeout.ms = 120000
	enable.idempotence = true
	enable.metrics.push = true
	interceptor.classes = []
	key.serializer = class org.apache.kafka.common.serialization.StringSerializer
	linger.ms = 0
	max.block.ms = 60000
	max.in.flight.requests.per.connection = 5
	max.request.size = 1048576
	metadata.max.age.ms = 300000
	metadata.max.idle.ms = 300000
	metadata.recovery.strategy = none
	metric.reporters = []
	metrics.num.samples = 2
	metrics.recording.level = INFO
	metrics.sample.window.ms = 30000
	partitioner.adaptive.partitioning.enable = true
	partitioner.availability.timeout.ms = 0
	partitioner.class = null
	partitioner.ignore.keys = false
	receive.buffer.bytes = 32768
	reconnect.backoff.max.ms = 1000
	reconnect.backoff.ms = 50
	request.timeout.ms = 5000
	retries = 2147483647
	retry.backoff.max.ms = 1000
	retry.backoff.ms = 100
	sasl.client.callback.handler.class = null
	sasl.jaas.config = null
	sasl.kerberos.kinit.cmd = /usr/bin/kinit
	sasl.kerberos.min.time.before.relogin = 60000
	sasl.kerberos.service.name = null
	sasl.kerberos.ticket.renew.jitter = 0.05
	sasl.kerberos.ticket.renew.window.factor = 0.8
	sasl.login.callback.handler.class = null
	sasl.login.class = null
	sasl.login.connect.timeout.ms = null
	sasl.login.read.timeout.ms = null
	sasl.login.refresh.buffer.seconds = 300
	sasl.login.refresh.min.period.seconds = 60
	sasl.login.refresh.window.factor = 0.8
	sasl.login.refresh.window.jitter = 0.05
	sasl.login.retry.backoff.max.ms = 10000
	sasl.login.retry.backoff.ms = 100
	sasl.mechanism = GSSAPI
	sasl.oauthbearer.clock.skew.seconds = 30
	sasl.oauthbearer.expected.audience = null
	sasl.oauthbearer.expected.issuer = null
	sasl.oauthbearer.header.urlencode = false
	sasl.oauthbearer.jwks.endpoint.refresh.ms = 3600000
	sasl.oauthbearer.jwks.endpoint.retry.backoff.max.ms = 10000
	sasl.oauthbearer.jwks.endpoint.retry.backoff.ms = 100
	sasl.oauthbearer.jwks.endpoint.url = null
	sasl.oauthbearer.scope.claim.name = scope
	sasl.oauthbearer.sub.claim.name = sub
	sasl.oauthbearer.token.endpoint.url = null
	security.protocol = PLAINTEXT
	security.providers = null
	send.buffer.bytes = 131072
	socket.connection.setup.timeout.max.ms = 30000
	socket.connection.setup.timeout.ms = 10000
	ssl.cipher.suites = null
	ssl.enabled.protocols = [TLSv1.2, TLSv1.3]
	ssl.endpoint.identification.algorithm = https
	ssl.engine.factory.class = null
	ssl.key.password = null
	ssl.keymanager.algorithm = SunX509
	ssl.keystore.certificate.chain = null
	ssl.keystore.key = null
	ssl.keystore.location = null
	ssl.keystore.password = null
	ssl.keystore.type = JKS
	ssl.protocol = TLSv1.3
	ssl.provider = null
	ssl.secure.random.implementation = null
	ssl.trustmanager.algorithm = PKIX
	ssl.truststore.certificates = null
	ssl.truststore.location = null
	ssl.truststore.password = null
	ssl.truststore.type = JKS
	transaction.timeout.ms = 60000
	transactional.id = null
	value.serializer = class io.apicurio.registry.serde.avro.AvroKafkaSerializer

2025-07-31 15:53:15,448 INFO  [org.apa.kaf.com.tel.int.KafkaMetricsCollector] (main) initializing Kafka metrics collector
2025-07-31 15:53:15,451 INFO  [org.apa.kaf.cli.pro.KafkaProducer] (main) [Producer clientId=Producer-topic-ea78fbce_e147_47fb_86e4_6de7c8f03f83] Instantiated an idempotent producer.
2025-07-31 15:53:15,453 INFO  [org.apa.kaf.cli.pro.ProducerConfig] (main) These configurations '[apicurio.registry.find-latest, apicurio.registry.url, apicurio.registry.artifact-resolver-strategy]' were supplied but are not used yet.
2025-07-31 15:53:15,453 INFO  [org.apa.kaf.com.uti.AppInfoParser] (main) Kafka version: 3.9.0
2025-07-31 15:53:15,453 INFO  [org.apa.kaf.com.uti.AppInfoParser] (main) Kafka commitId: 84caaa6e9da06435
2025-07-31 15:53:15,453 INFO  [org.apa.kaf.com.uti.AppInfoParser] (main) Kafka startTimeMs: 1753977195453
2025-07-31 15:53:15,453 INFO  [io.api.tes.ser.api.SimpleSerdesTesterBuilder$SimpleSerdesTester] (main) Using producer configuration: {apicurio.registry.find-latest=true, apicurio.registry.url=http://registry-app-kafkasql.apps.ci419.apicurio-testing.org:80/apis/registry/v3, apicurio.registry.artifact-resolver-strategy=io.apicurio.registry.serde.avro.strategy.TopicRecordIdStrategy, value.serializer=io.apicurio.registry.serde.avro.AvroKafkaSerializer, request.timeout.ms=5000, acks=all, bootstrap.servers=PLAINTEXT://localhost:32770, connections.max.idle.ms=10000, key.serializer=org.apache.kafka.common.serialization.StringSerializer, client.id=Producer-topic-ea78fbce_e147_47fb_86e4_6de7c8f03f83}
2025-07-31 15:53:15,453 INFO  [io.api.tes.ser.api.SimpleSerdesTesterBuilder$SimpleSerdesTester] (main) Using consumer configuration: {}
2025-07-31 15:53:15,454 INFO  [io.api.tes.ser.api.KafkaSerdesTester] (Thread-217) Sending message {"key11753977194280": "value-0"} to topic topic-ea78fbce_e147_47fb_86e4_6de7c8f03f83
2025-07-31 15:53:15,458 INFO  [org.apa.kaf.cli.Metadata] (kafka-producer-network-thread | Producer-topic-ea78fbce_e147_47fb_86e4_6de7c8f03f83) [Producer clientId=Producer-topic-ea78fbce_e147_47fb_86e4_6de7c8f03f83] Cluster ID: k5QcScx1TGu5ZEx470RFLw
2025-07-31 15:53:15,460 INFO  [org.apa.kaf.cli.pro.int.TransactionManager] (kafka-producer-network-thread | Producer-topic-ea78fbce_e147_47fb_86e4_6de7c8f03f83) [Producer clientId=Producer-topic-ea78fbce_e147_47fb_86e4_6de7c8f03f83] ProducerId set to 18 with epoch 0
2025-07-31 15:53:15,711 INFO  [io.api.tes.ser.api.KafkaSerdesTester] (Thread-217) Sending message {"key11753977194280": "value-1"} to topic topic-ea78fbce_e147_47fb_86e4_6de7c8f03f83
2025-07-31 15:53:15,713 INFO  [io.api.tes.ser.api.KafkaSerdesTester] (Thread-217) Sending message {"key11753977194280": "value-2"} to topic topic-ea78fbce_e147_47fb_86e4_6de7c8f03f83
2025-07-31 15:53:15,715 INFO  [io.api.tes.ser.api.KafkaSerdesTester] (Thread-217) Sending message {"key11753977194280": "value-3"} to topic topic-ea78fbce_e147_47fb_86e4_6de7c8f03f83
2025-07-31 15:53:15,716 INFO  [io.api.tes.ser.api.KafkaSerdesTester] (Thread-217) Sending message {"key11753977194280": "value-4"} to topic topic-ea78fbce_e147_47fb_86e4_6de7c8f03f83
2025-07-31 15:53:15,718 INFO  [io.api.tes.ser.api.KafkaSerdesTester] (Thread-217) Sending message {"key11753977194280": "value-5"} to topic topic-ea78fbce_e147_47fb_86e4_6de7c8f03f83
2025-07-31 15:53:15,719 INFO  [io.api.tes.ser.api.KafkaSerdesTester] (Thread-217) Sending message {"key11753977194280": "value-6"} to topic topic-ea78fbce_e147_47fb_86e4_6de7c8f03f83
2025-07-31 15:53:15,721 INFO  [io.api.tes.ser.api.KafkaSerdesTester] (Thread-217) Sending message {"key11753977194280": "value-7"} to topic topic-ea78fbce_e147_47fb_86e4_6de7c8f03f83
2025-07-31 15:53:15,722 INFO  [io.api.tes.ser.api.KafkaSerdesTester] (Thread-217) Sending message {"key11753977194280": "value-8"} to topic topic-ea78fbce_e147_47fb_86e4_6de7c8f03f83
2025-07-31 15:53:15,723 INFO  [io.api.tes.ser.api.KafkaSerdesTester] (Thread-217) Sending message {"key11753977194280": "value-9"} to topic topic-ea78fbce_e147_47fb_86e4_6de7c8f03f83
2025-07-31 15:53:15,725 INFO  [io.api.tes.ser.api.KafkaSerdesTester] (Thread-217) Produced 10 messages
2025-07-31 15:53:15,725 INFO  [org.apa.kaf.cli.pro.KafkaProducer] (Thread-217) [Producer clientId=Producer-topic-ea78fbce_e147_47fb_86e4_6de7c8f03f83] Closing the Kafka producer with timeoutMillis = 9223372036854775807 ms.
2025-07-31 15:53:15,727 INFO  [org.apa.kaf.com.met.Metrics] (Thread-217) Metrics scheduler closed
2025-07-31 15:53:15,727 INFO  [org.apa.kaf.com.met.Metrics] (Thread-217) Closing reporter org.apache.kafka.common.metrics.JmxReporter
2025-07-31 15:53:15,727 INFO  [org.apa.kaf.com.met.Metrics] (Thread-217) Closing reporter org.apache.kafka.common.telemetry.internals.ClientTelemetryReporter
2025-07-31 15:53:15,727 INFO  [org.apa.kaf.com.met.Metrics] (Thread-217) Metrics reporters closed
2025-07-31 15:53:15,728 INFO  [org.apa.kaf.com.uti.AppInfoParser] (Thread-217) App info kafka.producer for Producer-topic-ea78fbce_e147_47fb_86e4_6de7c8f03f83 unregistered
2025-07-31 15:53:15,728 INFO  [org.apa.kaf.cli.con.ConsumerConfig] (main) ConsumerConfig values: 
	allow.auto.create.topics = true
	auto.commit.interval.ms = 500
	auto.include.jmx.reporter = true
	auto.offset.reset = earliest
	bootstrap.servers = [PLAINTEXT://localhost:32770]
	check.crcs = true
	client.dns.lookup = use_all_dns_ips
	client.id = consumer-Consumer-topic-ea78fbce_e147_47fb_86e4_6de7c8f03f83-13
	client.rack = 
	connections.max.idle.ms = 10000
	default.api.timeout.ms = 60000
	enable.auto.commit = true
	enable.metrics.push = true
	exclude.internal.topics = true
	fetch.max.bytes = 52428800
	fetch.max.wait.ms = 500
	fetch.min.bytes = 1
	group.id = Consumer-topic-ea78fbce_e147_47fb_86e4_6de7c8f03f83
	group.instance.id = null
	group.protocol = classic
	group.remote.assignor = null
	heartbeat.interval.ms = 3000
	interceptor.classes = []
	internal.leave.group.on.close = true
	internal.throw.on.fetch.stable.offset.unsupported = false
	isolation.level = read_uncommitted
	key.deserializer = class org.apache.kafka.common.serialization.StringDeserializer
	max.partition.fetch.bytes = 1048576
	max.poll.interval.ms = 300000
	max.poll.records = 500
	metadata.max.age.ms = 300000
	metadata.recovery.strategy = none
	metric.reporters = []
	metrics.num.samples = 2
	metrics.recording.level = INFO
	metrics.sample.window.ms = 30000
	partition.assignment.strategy = [class org.apache.kafka.clients.consumer.RangeAssignor, class org.apache.kafka.clients.consumer.CooperativeStickyAssignor]
	receive.buffer.bytes = 65536
	reconnect.backoff.max.ms = 1000
	reconnect.backoff.ms = 50
	request.timeout.ms = 5000
	retry.backoff.max.ms = 1000
	retry.backoff.ms = 100
	sasl.client.callback.handler.class = null
	sasl.jaas.config = null
	sasl.kerberos.kinit.cmd = /usr/bin/kinit
	sasl.kerberos.min.time.before.relogin = 60000
	sasl.kerberos.service.name = null
	sasl.kerberos.ticket.renew.jitter = 0.05
	sasl.kerberos.ticket.renew.window.factor = 0.8
	sasl.login.callback.handler.class = null
	sasl.login.class = null
	sasl.login.connect.timeout.ms = null
	sasl.login.read.timeout.ms = null
	sasl.login.refresh.buffer.seconds = 300
	sasl.login.refresh.min.period.seconds = 60
	sasl.login.refresh.window.factor = 0.8
	sasl.login.refresh.window.jitter = 0.05
	sasl.login.retry.backoff.max.ms = 10000
	sasl.login.retry.backoff.ms = 100
	sasl.mechanism = GSSAPI
	sasl.oauthbearer.clock.skew.seconds = 30
	sasl.oauthbearer.expected.audience = null
	sasl.oauthbearer.expected.issuer = null
	sasl.oauthbearer.header.urlencode = false
	sasl.oauthbearer.jwks.endpoint.refresh.ms = 3600000
	sasl.oauthbearer.jwks.endpoint.retry.backoff.max.ms = 10000
	sasl.oauthbearer.jwks.endpoint.retry.backoff.ms = 100
	sasl.oauthbearer.jwks.endpoint.url = null
	sasl.oauthbearer.scope.claim.name = scope
	sasl.oauthbearer.sub.claim.name = sub
	sasl.oauthbearer.token.endpoint.url = null
	security.protocol = PLAINTEXT
	security.providers = null
	send.buffer.bytes = 131072
	session.timeout.ms = 45000
	socket.connection.setup.timeout.max.ms = 30000
	socket.connection.setup.timeout.ms = 10000
	ssl.cipher.suites = null
	ssl.enabled.protocols = [TLSv1.2, TLSv1.3]
	ssl.endpoint.identification.algorithm = https
	ssl.engine.factory.class = null
	ssl.key.password = null
	ssl.keymanager.algorithm = SunX509
	ssl.keystore.certificate.chain = null
	ssl.keystore.key = null
	ssl.keystore.location = null
	ssl.keystore.password = null
	ssl.keystore.type = JKS
	ssl.protocol = TLSv1.3
	ssl.provider = null
	ssl.secure.random.implementation = null
	ssl.trustmanager.algorithm = PKIX
	ssl.truststore.certificates = null
	ssl.truststore.location = null
	ssl.truststore.password = null
	ssl.truststore.type = JKS
	value.deserializer = class io.apicurio.registry.serde.avro.AvroKafkaDeserializer

2025-07-31 15:53:15,729 INFO  [org.apa.kaf.com.tel.int.KafkaMetricsCollector] (main) initializing Kafka metrics collector
2025-07-31 15:53:15,741 INFO  [org.apa.kaf.cli.con.ConsumerConfig] (main) These configurations '[apicurio.registry.url]' were supplied but are not used yet.
2025-07-31 15:53:15,741 INFO  [org.apa.kaf.com.uti.AppInfoParser] (main) Kafka version: 3.9.0
2025-07-31 15:53:15,741 INFO  [org.apa.kaf.com.uti.AppInfoParser] (main) Kafka commitId: 84caaa6e9da06435
2025-07-31 15:53:15,741 INFO  [org.apa.kaf.com.uti.AppInfoParser] (main) Kafka startTimeMs: 1753977195741
2025-07-31 15:53:15,745 INFO  [org.apa.kaf.cli.con.int.ClassicKafkaConsumer] (Thread-220) [Consumer clientId=consumer-Consumer-topic-ea78fbce_e147_47fb_86e4_6de7c8f03f83-13, groupId=Consumer-topic-ea78fbce_e147_47fb_86e4_6de7c8f03f83] Subscribed to topic(s): topic-ea78fbce_e147_47fb_86e4_6de7c8f03f83
2025-07-31 15:53:15,749 INFO  [org.apa.kaf.cli.Metadata] (Thread-220) [Consumer clientId=consumer-Consumer-topic-ea78fbce_e147_47fb_86e4_6de7c8f03f83-13, groupId=Consumer-topic-ea78fbce_e147_47fb_86e4_6de7c8f03f83] Cluster ID: k5QcScx1TGu5ZEx470RFLw
2025-07-31 15:53:15,750 INFO  [org.apa.kaf.cli.con.int.ConsumerCoordinator] (Thread-220) [Consumer clientId=consumer-Consumer-topic-ea78fbce_e147_47fb_86e4_6de7c8f03f83-13, groupId=Consumer-topic-ea78fbce_e147_47fb_86e4_6de7c8f03f83] Discovered group coordinator localhost:32770 (id: 2147483647 rack: null)
2025-07-31 15:53:15,753 INFO  [org.apa.kaf.cli.con.int.ConsumerCoordinator] (Thread-220) [Consumer clientId=consumer-Consumer-topic-ea78fbce_e147_47fb_86e4_6de7c8f03f83-13, groupId=Consumer-topic-ea78fbce_e147_47fb_86e4_6de7c8f03f83] (Re-)joining group
2025-07-31 15:53:15,756 INFO  [org.apa.kaf.cli.con.int.ConsumerCoordinator] (Thread-220) [Consumer clientId=consumer-Consumer-topic-ea78fbce_e147_47fb_86e4_6de7c8f03f83-13, groupId=Consumer-topic-ea78fbce_e147_47fb_86e4_6de7c8f03f83] Request joining group due to: need to re-join with the given member-id: consumer-Consumer-topic-ea78fbce_e147_47fb_86e4_6de7c8f03f83-13-3a889910-eb6c-4394-85f2-9cfbcc24d873
2025-07-31 15:53:15,757 INFO  [org.apa.kaf.cli.con.int.ConsumerCoordinator] (Thread-220) [Consumer clientId=consumer-Consumer-topic-ea78fbce_e147_47fb_86e4_6de7c8f03f83-13, groupId=Consumer-topic-ea78fbce_e147_47fb_86e4_6de7c8f03f83] (Re-)joining group
2025-07-31 15:53:15,759 INFO  [org.apa.kaf.cli.con.int.ConsumerCoordinator] (Thread-220) [Consumer clientId=consumer-Consumer-topic-ea78fbce_e147_47fb_86e4_6de7c8f03f83-13, groupId=Consumer-topic-ea78fbce_e147_47fb_86e4_6de7c8f03f83] Successfully joined group with generation Generation{generationId=1, memberId='consumer-Consumer-topic-ea78fbce_e147_47fb_86e4_6de7c8f03f83-13-3a889910-eb6c-4394-85f2-9cfbcc24d873', protocol='range'}
2025-07-31 15:53:15,760 INFO  [org.apa.kaf.cli.con.int.ConsumerCoordinator] (Thread-220) [Consumer clientId=consumer-Consumer-topic-ea78fbce_e147_47fb_86e4_6de7c8f03f83-13, groupId=Consumer-topic-ea78fbce_e147_47fb_86e4_6de7c8f03f83] Finished assignment for group at generation 1: {consumer-Consumer-topic-ea78fbce_e147_47fb_86e4_6de7c8f03f83-13-3a889910-eb6c-4394-85f2-9cfbcc24d873=Assignment(partitions=[topic-ea78fbce_e147_47fb_86e4_6de7c8f03f83-0])}
2025-07-31 15:53:15,764 INFO  [org.apa.kaf.cli.con.int.ConsumerCoordinator] (Thread-220) [Consumer clientId=consumer-Consumer-topic-ea78fbce_e147_47fb_86e4_6de7c8f03f83-13, groupId=Consumer-topic-ea78fbce_e147_47fb_86e4_6de7c8f03f83] Successfully synced group in generation Generation{generationId=1, memberId='consumer-Consumer-topic-ea78fbce_e147_47fb_86e4_6de7c8f03f83-13-3a889910-eb6c-4394-85f2-9cfbcc24d873', protocol='range'}
2025-07-31 15:53:15,764 INFO  [org.apa.kaf.cli.con.int.ConsumerCoordinator] (Thread-220) [Consumer clientId=consumer-Consumer-topic-ea78fbce_e147_47fb_86e4_6de7c8f03f83-13, groupId=Consumer-topic-ea78fbce_e147_47fb_86e4_6de7c8f03f83] Notifying assignor about the new Assignment(partitions=[topic-ea78fbce_e147_47fb_86e4_6de7c8f03f83-0])
2025-07-31 15:53:15,764 INFO  [org.apa.kaf.cli.con.int.ConsumerRebalanceListenerInvoker] (Thread-220) [Consumer clientId=consumer-Consumer-topic-ea78fbce_e147_47fb_86e4_6de7c8f03f83-13, groupId=Consumer-topic-ea78fbce_e147_47fb_86e4_6de7c8f03f83] Adding newly assigned partitions: topic-ea78fbce_e147_47fb_86e4_6de7c8f03f83-0
2025-07-31 15:53:15,765 INFO  [org.apa.kaf.cli.con.int.ConsumerCoordinator] (Thread-220) [Consumer clientId=consumer-Consumer-topic-ea78fbce_e147_47fb_86e4_6de7c8f03f83-13, groupId=Consumer-topic-ea78fbce_e147_47fb_86e4_6de7c8f03f83] Found no committed offset for partition topic-ea78fbce_e147_47fb_86e4_6de7c8f03f83-0
2025-07-31 15:53:15,773 INFO  [org.apa.kaf.cli.con.int.SubscriptionState] (Thread-220) [Consumer clientId=consumer-Consumer-topic-ea78fbce_e147_47fb_86e4_6de7c8f03f83-13, groupId=Consumer-topic-ea78fbce_e147_47fb_86e4_6de7c8f03f83] Resetting offset for partition topic-ea78fbce_e147_47fb_86e4_6de7c8f03f83-0 to position FetchPosition{offset=0, offsetEpoch=Optional.empty, currentLeader=LeaderAndEpoch{leader=Optional[localhost:32770 (id: 0 rack: null)], epoch=0}}.
2025-07-31 15:53:15,962 INFO  [io.api.tes.ser.api.KafkaSerdesTester] (Thread-220) topic-ea78fbce_e147_47fb_86e4_6de7c8f03f83 0 0 {"key11753977194280": "value-0"}
2025-07-31 15:53:15,962 INFO  [io.api.tes.ser.api.KafkaSerdesTester] (Thread-220) topic-ea78fbce_e147_47fb_86e4_6de7c8f03f83 0 1 {"key11753977194280": "value-1"}
2025-07-31 15:53:15,962 INFO  [io.api.tes.ser.api.KafkaSerdesTester] (Thread-220) topic-ea78fbce_e147_47fb_86e4_6de7c8f03f83 0 2 {"key11753977194280": "value-2"}
2025-07-31 15:53:15,962 INFO  [io.api.tes.ser.api.KafkaSerdesTester] (Thread-220) topic-ea78fbce_e147_47fb_86e4_6de7c8f03f83 0 3 {"key11753977194280": "value-3"}
2025-07-31 15:53:15,962 INFO  [io.api.tes.ser.api.KafkaSerdesTester] (Thread-220) topic-ea78fbce_e147_47fb_86e4_6de7c8f03f83 0 4 {"key11753977194280": "value-4"}
2025-07-31 15:53:15,962 INFO  [io.api.tes.ser.api.KafkaSerdesTester] (Thread-220) topic-ea78fbce_e147_47fb_86e4_6de7c8f03f83 0 5 {"key11753977194280": "value-5"}
2025-07-31 15:53:15,962 INFO  [io.api.tes.ser.api.KafkaSerdesTester] (Thread-220) topic-ea78fbce_e147_47fb_86e4_6de7c8f03f83 0 6 {"key11753977194280": "value-6"}
2025-07-31 15:53:15,962 INFO  [io.api.tes.ser.api.KafkaSerdesTester] (Thread-220) topic-ea78fbce_e147_47fb_86e4_6de7c8f03f83 0 7 {"key11753977194280": "value-7"}
2025-07-31 15:53:15,962 INFO  [io.api.tes.ser.api.KafkaSerdesTester] (Thread-220) topic-ea78fbce_e147_47fb_86e4_6de7c8f03f83 0 8 {"key11753977194280": "value-8"}
2025-07-31 15:53:15,962 INFO  [io.api.tes.ser.api.KafkaSerdesTester] (Thread-220) topic-ea78fbce_e147_47fb_86e4_6de7c8f03f83 0 9 {"key11753977194280": "value-9"}
2025-07-31 15:53:15,962 INFO  [io.api.tes.ser.api.KafkaSerdesTester] (Thread-220) Consumed 10 messages
2025-07-31 15:53:15,966 INFO  [org.apa.kaf.cli.con.int.ConsumerRebalanceListenerInvoker] (Thread-220) [Consumer clientId=consumer-Consumer-topic-ea78fbce_e147_47fb_86e4_6de7c8f03f83-13, groupId=Consumer-topic-ea78fbce_e147_47fb_86e4_6de7c8f03f83] Revoke previously assigned partitions topic-ea78fbce_e147_47fb_86e4_6de7c8f03f83-0
2025-07-31 15:53:15,966 INFO  [org.apa.kaf.cli.con.int.ConsumerCoordinator] (Thread-220) [Consumer clientId=consumer-Consumer-topic-ea78fbce_e147_47fb_86e4_6de7c8f03f83-13, groupId=Consumer-topic-ea78fbce_e147_47fb_86e4_6de7c8f03f83] Member consumer-Consumer-topic-ea78fbce_e147_47fb_86e4_6de7c8f03f83-13-3a889910-eb6c-4394-85f2-9cfbcc24d873 sending LeaveGroup request to coordinator localhost:32770 (id: 2147483647 rack: null) due to the consumer is being closed
2025-07-31 15:53:15,966 INFO  [org.apa.kaf.cli.con.int.ConsumerCoordinator] (Thread-220) [Consumer clientId=consumer-Consumer-topic-ea78fbce_e147_47fb_86e4_6de7c8f03f83-13, groupId=Consumer-topic-ea78fbce_e147_47fb_86e4_6de7c8f03f83] Resetting generation and member id due to: consumer pro-actively leaving the group
2025-07-31 15:53:15,966 INFO  [org.apa.kaf.cli.con.int.ConsumerCoordinator] (Thread-220) [Consumer clientId=consumer-Consumer-topic-ea78fbce_e147_47fb_86e4_6de7c8f03f83-13, groupId=Consumer-topic-ea78fbce_e147_47fb_86e4_6de7c8f03f83] Request joining group due to: consumer pro-actively leaving the group
2025-07-31 15:53:16,465 INFO  [org.apa.kaf.com.met.Metrics] (Thread-220) Metrics scheduler closed
2025-07-31 15:53:16,465 INFO  [org.apa.kaf.com.met.Metrics] (Thread-220) Closing reporter org.apache.kafka.common.metrics.JmxReporter
2025-07-31 15:53:16,465 INFO  [org.apa.kaf.com.met.Metrics] (Thread-220) Closing reporter org.apache.kafka.common.telemetry.internals.ClientTelemetryReporter
2025-07-31 15:53:16,465 INFO  [org.apa.kaf.com.met.Metrics] (Thread-220) Metrics reporters closed
2025-07-31 15:53:16,468 INFO  [org.apa.kaf.com.uti.AppInfoParser] (Thread-220) App info kafka.consumer for consumer-Consumer-topic-ea78fbce_e147_47fb_86e4_6de7c8f03f83-13 unregistered
2025-07-31 15:53:16,468 INFO  [io.api.tes.uti.TestSeparator] (main) io.apicurio.tests.serdes.apicurio.AvroSerdeIT.testTopicRecordIdStrategydFindLatest-FINISHED
2025-07-31 15:53:16,468 INFO  [io.api.tes.uti.TestSeparator] (main) ############################################################################
]]></system-out>
  </testcase>
  <testcase name="testAvroConfluentForMultipleTopics" classname="io.apicurio.tests.serdes.apicurio.AvroSerdeIT" time="3.82">
    <system-out><![CDATA[2025-07-31 15:53:16,471 INFO  [io.api.tes.uti.TestSeparator] (main) ############################################################################
2025-07-31 15:53:16,471 INFO  [io.api.tes.uti.TestSeparator] (main) io.apicurio.tests.serdes.apicurio.AvroSerdeIT.testAvroConfluentForMultipleTopics-STARTED
2025-07-31 15:53:16,473 INFO  [io.api.tes.ser.api.AvroSerdeIT] (main) Registering Avro Schema: {"type":"record","name":"myrecordconfluent","fields":[{"name":"key11753977196472","type":"string"}]}
2025-07-31 15:53:17,639 INFO  [org.apa.kaf.cli.pro.ProducerConfig] (main) ProducerConfig values: 
	acks = -1
	auto.include.jmx.reporter = true
	batch.size = 16384
	bootstrap.servers = [PLAINTEXT://localhost:32770]
	buffer.memory = 33554432
	client.dns.lookup = use_all_dns_ips
	client.id = Producer-topic-3d611bfd_84f1_4772_b496_16be093682ae
	compression.gzip.level = -1
	compression.lz4.level = 9
	compression.type = none
	compression.zstd.level = 3
	connections.max.idle.ms = 10000
	delivery.timeout.ms = 120000
	enable.idempotence = true
	enable.metrics.push = true
	interceptor.classes = []
	key.serializer = class org.apache.kafka.common.serialization.StringSerializer
	linger.ms = 0
	max.block.ms = 60000
	max.in.flight.requests.per.connection = 5
	max.request.size = 1048576
	metadata.max.age.ms = 300000
	metadata.max.idle.ms = 300000
	metadata.recovery.strategy = none
	metric.reporters = []
	metrics.num.samples = 2
	metrics.recording.level = INFO
	metrics.sample.window.ms = 30000
	partitioner.adaptive.partitioning.enable = true
	partitioner.availability.timeout.ms = 0
	partitioner.class = null
	partitioner.ignore.keys = false
	receive.buffer.bytes = 32768
	reconnect.backoff.max.ms = 1000
	reconnect.backoff.ms = 50
	request.timeout.ms = 5000
	retries = 2147483647
	retry.backoff.max.ms = 1000
	retry.backoff.ms = 100
	sasl.client.callback.handler.class = null
	sasl.jaas.config = null
	sasl.kerberos.kinit.cmd = /usr/bin/kinit
	sasl.kerberos.min.time.before.relogin = 60000
	sasl.kerberos.service.name = null
	sasl.kerberos.ticket.renew.jitter = 0.05
	sasl.kerberos.ticket.renew.window.factor = 0.8
	sasl.login.callback.handler.class = null
	sasl.login.class = null
	sasl.login.connect.timeout.ms = null
	sasl.login.read.timeout.ms = null
	sasl.login.refresh.buffer.seconds = 300
	sasl.login.refresh.min.period.seconds = 60
	sasl.login.refresh.window.factor = 0.8
	sasl.login.refresh.window.jitter = 0.05
	sasl.login.retry.backoff.max.ms = 10000
	sasl.login.retry.backoff.ms = 100
	sasl.mechanism = GSSAPI
	sasl.oauthbearer.clock.skew.seconds = 30
	sasl.oauthbearer.expected.audience = null
	sasl.oauthbearer.expected.issuer = null
	sasl.oauthbearer.header.urlencode = false
	sasl.oauthbearer.jwks.endpoint.refresh.ms = 3600000
	sasl.oauthbearer.jwks.endpoint.retry.backoff.max.ms = 10000
	sasl.oauthbearer.jwks.endpoint.retry.backoff.ms = 100
	sasl.oauthbearer.jwks.endpoint.url = null
	sasl.oauthbearer.scope.claim.name = scope
	sasl.oauthbearer.sub.claim.name = sub
	sasl.oauthbearer.token.endpoint.url = null
	security.protocol = PLAINTEXT
	security.providers = null
	send.buffer.bytes = 131072
	socket.connection.setup.timeout.max.ms = 30000
	socket.connection.setup.timeout.ms = 10000
	ssl.cipher.suites = null
	ssl.enabled.protocols = [TLSv1.2, TLSv1.3]
	ssl.endpoint.identification.algorithm = https
	ssl.engine.factory.class = null
	ssl.key.password = null
	ssl.keymanager.algorithm = SunX509
	ssl.keystore.certificate.chain = null
	ssl.keystore.key = null
	ssl.keystore.location = null
	ssl.keystore.password = null
	ssl.keystore.type = JKS
	ssl.protocol = TLSv1.3
	ssl.provider = null
	ssl.secure.random.implementation = null
	ssl.trustmanager.algorithm = PKIX
	ssl.truststore.certificates = null
	ssl.truststore.location = null
	ssl.truststore.password = null
	ssl.truststore.type = JKS
	transaction.timeout.ms = 60000
	transactional.id = null
	value.serializer = class io.apicurio.registry.serde.avro.AvroKafkaSerializer

2025-07-31 15:53:17,640 INFO  [org.apa.kaf.com.tel.int.KafkaMetricsCollector] (main) initializing Kafka metrics collector
2025-07-31 15:53:17,642 INFO  [org.apa.kaf.cli.pro.KafkaProducer] (main) [Producer clientId=Producer-topic-3d611bfd_84f1_4772_b496_16be093682ae] Instantiated an idempotent producer.
2025-07-31 15:53:17,644 INFO  [org.apa.kaf.cli.pro.ProducerConfig] (main) These configurations '[apicurio.registry.url, apicurio.registry.artifact-resolver-strategy]' were supplied but are not used yet.
2025-07-31 15:53:17,644 INFO  [org.apa.kaf.com.uti.AppInfoParser] (main) Kafka version: 3.9.0
2025-07-31 15:53:17,644 INFO  [org.apa.kaf.com.uti.AppInfoParser] (main) Kafka commitId: 84caaa6e9da06435
2025-07-31 15:53:17,645 INFO  [org.apa.kaf.com.uti.AppInfoParser] (main) Kafka startTimeMs: 1753977197644
2025-07-31 15:53:17,645 INFO  [org.apa.kaf.cli.pro.ProducerConfig] (main) ProducerConfig values: 
	acks = -1
	auto.include.jmx.reporter = true
	batch.size = 16384
	bootstrap.servers = [PLAINTEXT://localhost:32770]
	buffer.memory = 33554432
	client.dns.lookup = use_all_dns_ips
	client.id = Producer-topic-e317f9fa_a959_4ea2_b8ed_9446e923e2ac
	compression.gzip.level = -1
	compression.lz4.level = 9
	compression.type = none
	compression.zstd.level = 3
	connections.max.idle.ms = 10000
	delivery.timeout.ms = 120000
	enable.idempotence = true
	enable.metrics.push = true
	interceptor.classes = []
	key.serializer = class org.apache.kafka.common.serialization.StringSerializer
	linger.ms = 0
	max.block.ms = 60000
	max.in.flight.requests.per.connection = 5
	max.request.size = 1048576
	metadata.max.age.ms = 300000
	metadata.max.idle.ms = 300000
	metadata.recovery.strategy = none
	metric.reporters = []
	metrics.num.samples = 2
	metrics.recording.level = INFO
	metrics.sample.window.ms = 30000
	partitioner.adaptive.partitioning.enable = true
	partitioner.availability.timeout.ms = 0
	partitioner.class = null
	partitioner.ignore.keys = false
	receive.buffer.bytes = 32768
	reconnect.backoff.max.ms = 1000
	reconnect.backoff.ms = 50
	request.timeout.ms = 5000
	retries = 2147483647
	retry.backoff.max.ms = 1000
	retry.backoff.ms = 100
	sasl.client.callback.handler.class = null
	sasl.jaas.config = null
	sasl.kerberos.kinit.cmd = /usr/bin/kinit
	sasl.kerberos.min.time.before.relogin = 60000
	sasl.kerberos.service.name = null
	sasl.kerberos.ticket.renew.jitter = 0.05
	sasl.kerberos.ticket.renew.window.factor = 0.8
	sasl.login.callback.handler.class = null
	sasl.login.class = null
	sasl.login.connect.timeout.ms = null
	sasl.login.read.timeout.ms = null
	sasl.login.refresh.buffer.seconds = 300
	sasl.login.refresh.min.period.seconds = 60
	sasl.login.refresh.window.factor = 0.8
	sasl.login.refresh.window.jitter = 0.05
	sasl.login.retry.backoff.max.ms = 10000
	sasl.login.retry.backoff.ms = 100
	sasl.mechanism = GSSAPI
	sasl.oauthbearer.clock.skew.seconds = 30
	sasl.oauthbearer.expected.audience = null
	sasl.oauthbearer.expected.issuer = null
	sasl.oauthbearer.header.urlencode = false
	sasl.oauthbearer.jwks.endpoint.refresh.ms = 3600000
	sasl.oauthbearer.jwks.endpoint.retry.backoff.max.ms = 10000
	sasl.oauthbearer.jwks.endpoint.retry.backoff.ms = 100
	sasl.oauthbearer.jwks.endpoint.url = null
	sasl.oauthbearer.scope.claim.name = scope
	sasl.oauthbearer.sub.claim.name = sub
	sasl.oauthbearer.token.endpoint.url = null
	security.protocol = PLAINTEXT
	security.providers = null
	send.buffer.bytes = 131072
	socket.connection.setup.timeout.max.ms = 30000
	socket.connection.setup.timeout.ms = 10000
	ssl.cipher.suites = null
	ssl.enabled.protocols = [TLSv1.2, TLSv1.3]
	ssl.endpoint.identification.algorithm = https
	ssl.engine.factory.class = null
	ssl.key.password = null
	ssl.keymanager.algorithm = SunX509
	ssl.keystore.certificate.chain = null
	ssl.keystore.key = null
	ssl.keystore.location = null
	ssl.keystore.password = null
	ssl.keystore.type = JKS
	ssl.protocol = TLSv1.3
	ssl.provider = null
	ssl.secure.random.implementation = null
	ssl.trustmanager.algorithm = PKIX
	ssl.truststore.certificates = null
	ssl.truststore.location = null
	ssl.truststore.password = null
	ssl.truststore.type = JKS
	transaction.timeout.ms = 60000
	transactional.id = null
	value.serializer = class io.apicurio.registry.serde.avro.AvroKafkaSerializer

2025-07-31 15:53:17,645 INFO  [org.apa.kaf.com.tel.int.KafkaMetricsCollector] (main) initializing Kafka metrics collector
2025-07-31 15:53:17,650 INFO  [org.apa.kaf.cli.Metadata] (kafka-producer-network-thread | Producer-topic-3d611bfd_84f1_4772_b496_16be093682ae) [Producer clientId=Producer-topic-3d611bfd_84f1_4772_b496_16be093682ae] Cluster ID: k5QcScx1TGu5ZEx470RFLw
2025-07-31 15:53:17,652 INFO  [org.apa.kaf.cli.pro.int.TransactionManager] (kafka-producer-network-thread | Producer-topic-3d611bfd_84f1_4772_b496_16be093682ae) [Producer clientId=Producer-topic-3d611bfd_84f1_4772_b496_16be093682ae] ProducerId set to 19 with epoch 0
2025-07-31 15:53:17,653 INFO  [org.apa.kaf.cli.pro.KafkaProducer] (main) [Producer clientId=Producer-topic-e317f9fa_a959_4ea2_b8ed_9446e923e2ac] Instantiated an idempotent producer.
2025-07-31 15:53:17,655 INFO  [org.apa.kaf.cli.pro.ProducerConfig] (main) These configurations '[apicurio.registry.url, apicurio.registry.artifact-resolver-strategy]' were supplied but are not used yet.
2025-07-31 15:53:17,655 INFO  [org.apa.kaf.com.uti.AppInfoParser] (main) Kafka version: 3.9.0
2025-07-31 15:53:17,655 INFO  [org.apa.kaf.com.uti.AppInfoParser] (main) Kafka commitId: 84caaa6e9da06435
2025-07-31 15:53:17,656 INFO  [org.apa.kaf.com.uti.AppInfoParser] (main) Kafka startTimeMs: 1753977197655
2025-07-31 15:53:17,657 INFO  [org.apa.kaf.cli.pro.ProducerConfig] (main) ProducerConfig values: 
	acks = -1
	auto.include.jmx.reporter = true
	batch.size = 16384
	bootstrap.servers = [PLAINTEXT://localhost:32770]
	buffer.memory = 33554432
	client.dns.lookup = use_all_dns_ips
	client.id = Producer-topic-1f45a0d1_d996_4130_9261_c33a79b1ce2a
	compression.gzip.level = -1
	compression.lz4.level = 9
	compression.type = none
	compression.zstd.level = 3
	connections.max.idle.ms = 10000
	delivery.timeout.ms = 120000
	enable.idempotence = true
	enable.metrics.push = true
	interceptor.classes = []
	key.serializer = class org.apache.kafka.common.serialization.StringSerializer
	linger.ms = 0
	max.block.ms = 60000
	max.in.flight.requests.per.connection = 5
	max.request.size = 1048576
	metadata.max.age.ms = 300000
	metadata.max.idle.ms = 300000
	metadata.recovery.strategy = none
	metric.reporters = []
	metrics.num.samples = 2
	metrics.recording.level = INFO
	metrics.sample.window.ms = 30000
	partitioner.adaptive.partitioning.enable = true
	partitioner.availability.timeout.ms = 0
	partitioner.class = null
	partitioner.ignore.keys = false
	receive.buffer.bytes = 32768
	reconnect.backoff.max.ms = 1000
	reconnect.backoff.ms = 50
	request.timeout.ms = 5000
	retries = 2147483647
	retry.backoff.max.ms = 1000
	retry.backoff.ms = 100
	sasl.client.callback.handler.class = null
	sasl.jaas.config = null
	sasl.kerberos.kinit.cmd = /usr/bin/kinit
	sasl.kerberos.min.time.before.relogin = 60000
	sasl.kerberos.service.name = null
	sasl.kerberos.ticket.renew.jitter = 0.05
	sasl.kerberos.ticket.renew.window.factor = 0.8
	sasl.login.callback.handler.class = null
	sasl.login.class = null
	sasl.login.connect.timeout.ms = null
	sasl.login.read.timeout.ms = null
	sasl.login.refresh.buffer.seconds = 300
	sasl.login.refresh.min.period.seconds = 60
	sasl.login.refresh.window.factor = 0.8
	sasl.login.refresh.window.jitter = 0.05
	sasl.login.retry.backoff.max.ms = 10000
	sasl.login.retry.backoff.ms = 100
	sasl.mechanism = GSSAPI
	sasl.oauthbearer.clock.skew.seconds = 30
	sasl.oauthbearer.expected.audience = null
	sasl.oauthbearer.expected.issuer = null
	sasl.oauthbearer.header.urlencode = false
	sasl.oauthbearer.jwks.endpoint.refresh.ms = 3600000
	sasl.oauthbearer.jwks.endpoint.retry.backoff.max.ms = 10000
	sasl.oauthbearer.jwks.endpoint.retry.backoff.ms = 100
	sasl.oauthbearer.jwks.endpoint.url = null
	sasl.oauthbearer.scope.claim.name = scope
	sasl.oauthbearer.sub.claim.name = sub
	sasl.oauthbearer.token.endpoint.url = null
	security.protocol = PLAINTEXT
	security.providers = null
	send.buffer.bytes = 131072
	socket.connection.setup.timeout.max.ms = 30000
	socket.connection.setup.timeout.ms = 10000
	ssl.cipher.suites = null
	ssl.enabled.protocols = [TLSv1.2, TLSv1.3]
	ssl.endpoint.identification.algorithm = https
	ssl.engine.factory.class = null
	ssl.key.password = null
	ssl.keymanager.algorithm = SunX509
	ssl.keystore.certificate.chain = null
	ssl.keystore.key = null
	ssl.keystore.location = null
	ssl.keystore.password = null
	ssl.keystore.type = JKS
	ssl.protocol = TLSv1.3
	ssl.provider = null
	ssl.secure.random.implementation = null
	ssl.trustmanager.algorithm = PKIX
	ssl.truststore.certificates = null
	ssl.truststore.location = null
	ssl.truststore.password = null
	ssl.truststore.type = JKS
	transaction.timeout.ms = 60000
	transactional.id = null
	value.serializer = class io.apicurio.registry.serde.avro.AvroKafkaSerializer

2025-07-31 15:53:17,657 INFO  [org.apa.kaf.com.tel.int.KafkaMetricsCollector] (main) initializing Kafka metrics collector
2025-07-31 15:53:17,660 INFO  [org.apa.kaf.cli.Metadata] (kafka-producer-network-thread | Producer-topic-e317f9fa_a959_4ea2_b8ed_9446e923e2ac) [Producer clientId=Producer-topic-e317f9fa_a959_4ea2_b8ed_9446e923e2ac] Cluster ID: k5QcScx1TGu5ZEx470RFLw
2025-07-31 15:53:17,663 INFO  [org.apa.kaf.cli.pro.int.TransactionManager] (kafka-producer-network-thread | Producer-topic-e317f9fa_a959_4ea2_b8ed_9446e923e2ac) [Producer clientId=Producer-topic-e317f9fa_a959_4ea2_b8ed_9446e923e2ac] ProducerId set to 20 with epoch 0
2025-07-31 15:53:17,663 INFO  [org.apa.kaf.cli.pro.KafkaProducer] (main) [Producer clientId=Producer-topic-1f45a0d1_d996_4130_9261_c33a79b1ce2a] Instantiated an idempotent producer.
2025-07-31 15:53:17,665 INFO  [org.apa.kaf.cli.pro.ProducerConfig] (main) These configurations '[apicurio.registry.url, apicurio.registry.artifact-resolver-strategy]' were supplied but are not used yet.
2025-07-31 15:53:17,665 INFO  [org.apa.kaf.com.uti.AppInfoParser] (main) Kafka version: 3.9.0
2025-07-31 15:53:17,665 INFO  [org.apa.kaf.com.uti.AppInfoParser] (main) Kafka commitId: 84caaa6e9da06435
2025-07-31 15:53:17,665 INFO  [org.apa.kaf.com.uti.AppInfoParser] (main) Kafka startTimeMs: 1753977197665
2025-07-31 15:53:17,667 INFO  [org.apa.kaf.cli.con.ConsumerConfig] (main) ConsumerConfig values: 
	allow.auto.create.topics = true
	auto.commit.interval.ms = 500
	auto.include.jmx.reporter = true
	auto.offset.reset = earliest
	bootstrap.servers = [PLAINTEXT://localhost:32770]
	check.crcs = true
	client.dns.lookup = use_all_dns_ips
	client.id = consumer-Consumer-topic-3d611bfd_84f1_4772_b496_16be093682ae-14
	client.rack = 
	connections.max.idle.ms = 10000
	default.api.timeout.ms = 60000
	enable.auto.commit = true
	enable.metrics.push = true
	exclude.internal.topics = true
	fetch.max.bytes = 52428800
	fetch.max.wait.ms = 500
	fetch.min.bytes = 1
	group.id = Consumer-topic-3d611bfd_84f1_4772_b496_16be093682ae
	group.instance.id = null
	group.protocol = classic
	group.remote.assignor = null
	heartbeat.interval.ms = 3000
	interceptor.classes = []
	internal.leave.group.on.close = true
	internal.throw.on.fetch.stable.offset.unsupported = false
	isolation.level = read_uncommitted
	key.deserializer = class org.apache.kafka.common.serialization.StringDeserializer
	max.partition.fetch.bytes = 1048576
	max.poll.interval.ms = 300000
	max.poll.records = 500
	metadata.max.age.ms = 300000
	metadata.recovery.strategy = none
	metric.reporters = []
	metrics.num.samples = 2
	metrics.recording.level = INFO
	metrics.sample.window.ms = 30000
	partition.assignment.strategy = [class org.apache.kafka.clients.consumer.RangeAssignor, class org.apache.kafka.clients.consumer.CooperativeStickyAssignor]
	receive.buffer.bytes = 65536
	reconnect.backoff.max.ms = 1000
	reconnect.backoff.ms = 50
	request.timeout.ms = 5000
	retry.backoff.max.ms = 1000
	retry.backoff.ms = 100
	sasl.client.callback.handler.class = null
	sasl.jaas.config = null
	sasl.kerberos.kinit.cmd = /usr/bin/kinit
	sasl.kerberos.min.time.before.relogin = 60000
	sasl.kerberos.service.name = null
	sasl.kerberos.ticket.renew.jitter = 0.05
	sasl.kerberos.ticket.renew.window.factor = 0.8
	sasl.login.callback.handler.class = null
	sasl.login.class = null
	sasl.login.connect.timeout.ms = null
	sasl.login.read.timeout.ms = null
	sasl.login.refresh.buffer.seconds = 300
	sasl.login.refresh.min.period.seconds = 60
	sasl.login.refresh.window.factor = 0.8
	sasl.login.refresh.window.jitter = 0.05
	sasl.login.retry.backoff.max.ms = 10000
	sasl.login.retry.backoff.ms = 100
	sasl.mechanism = GSSAPI
	sasl.oauthbearer.clock.skew.seconds = 30
	sasl.oauthbearer.expected.audience = null
	sasl.oauthbearer.expected.issuer = null
	sasl.oauthbearer.header.urlencode = false
	sasl.oauthbearer.jwks.endpoint.refresh.ms = 3600000
	sasl.oauthbearer.jwks.endpoint.retry.backoff.max.ms = 10000
	sasl.oauthbearer.jwks.endpoint.retry.backoff.ms = 100
	sasl.oauthbearer.jwks.endpoint.url = null
	sasl.oauthbearer.scope.claim.name = scope
	sasl.oauthbearer.sub.claim.name = sub
	sasl.oauthbearer.token.endpoint.url = null
	security.protocol = PLAINTEXT
	security.providers = null
	send.buffer.bytes = 131072
	session.timeout.ms = 45000
	socket.connection.setup.timeout.max.ms = 30000
	socket.connection.setup.timeout.ms = 10000
	ssl.cipher.suites = null
	ssl.enabled.protocols = [TLSv1.2, TLSv1.3]
	ssl.endpoint.identification.algorithm = https
	ssl.engine.factory.class = null
	ssl.key.password = null
	ssl.keymanager.algorithm = SunX509
	ssl.keystore.certificate.chain = null
	ssl.keystore.key = null
	ssl.keystore.location = null
	ssl.keystore.password = null
	ssl.keystore.type = JKS
	ssl.protocol = TLSv1.3
	ssl.provider = null
	ssl.secure.random.implementation = null
	ssl.trustmanager.algorithm = PKIX
	ssl.truststore.certificates = null
	ssl.truststore.location = null
	ssl.truststore.password = null
	ssl.truststore.type = JKS
	value.deserializer = class io.apicurio.registry.serde.avro.AvroKafkaDeserializer

2025-07-31 15:53:17,667 INFO  [org.apa.kaf.com.tel.int.KafkaMetricsCollector] (main) initializing Kafka metrics collector
2025-07-31 15:53:17,680 INFO  [org.apa.kaf.cli.Metadata] (kafka-producer-network-thread | Producer-topic-1f45a0d1_d996_4130_9261_c33a79b1ce2a) [Producer clientId=Producer-topic-1f45a0d1_d996_4130_9261_c33a79b1ce2a] Cluster ID: k5QcScx1TGu5ZEx470RFLw
2025-07-31 15:53:17,680 INFO  [org.apa.kaf.cli.pro.int.TransactionManager] (kafka-producer-network-thread | Producer-topic-1f45a0d1_d996_4130_9261_c33a79b1ce2a) [Producer clientId=Producer-topic-1f45a0d1_d996_4130_9261_c33a79b1ce2a] ProducerId set to 21 with epoch 0
2025-07-31 15:53:17,685 INFO  [org.apa.kaf.cli.con.ConsumerConfig] (main) These configurations '[apicurio.registry.url]' were supplied but are not used yet.
2025-07-31 15:53:17,685 INFO  [org.apa.kaf.com.uti.AppInfoParser] (main) Kafka version: 3.9.0
2025-07-31 15:53:17,685 INFO  [org.apa.kaf.com.uti.AppInfoParser] (main) Kafka commitId: 84caaa6e9da06435
2025-07-31 15:53:17,685 INFO  [org.apa.kaf.com.uti.AppInfoParser] (main) Kafka startTimeMs: 1753977197685
2025-07-31 15:53:17,687 INFO  [org.apa.kaf.cli.con.ConsumerConfig] (main) ConsumerConfig values: 
	allow.auto.create.topics = true
	auto.commit.interval.ms = 500
	auto.include.jmx.reporter = true
	auto.offset.reset = earliest
	bootstrap.servers = [PLAINTEXT://localhost:32770]
	check.crcs = true
	client.dns.lookup = use_all_dns_ips
	client.id = consumer-Consumer-topic-e317f9fa_a959_4ea2_b8ed_9446e923e2ac-15
	client.rack = 
	connections.max.idle.ms = 10000
	default.api.timeout.ms = 60000
	enable.auto.commit = true
	enable.metrics.push = true
	exclude.internal.topics = true
	fetch.max.bytes = 52428800
	fetch.max.wait.ms = 500
	fetch.min.bytes = 1
	group.id = Consumer-topic-e317f9fa_a959_4ea2_b8ed_9446e923e2ac
	group.instance.id = null
	group.protocol = classic
	group.remote.assignor = null
	heartbeat.interval.ms = 3000
	interceptor.classes = []
	internal.leave.group.on.close = true
	internal.throw.on.fetch.stable.offset.unsupported = false
	isolation.level = read_uncommitted
	key.deserializer = class org.apache.kafka.common.serialization.StringDeserializer
	max.partition.fetch.bytes = 1048576
	max.poll.interval.ms = 300000
	max.poll.records = 500
	metadata.max.age.ms = 300000
	metadata.recovery.strategy = none
	metric.reporters = []
	metrics.num.samples = 2
	metrics.recording.level = INFO
	metrics.sample.window.ms = 30000
	partition.assignment.strategy = [class org.apache.kafka.clients.consumer.RangeAssignor, class org.apache.kafka.clients.consumer.CooperativeStickyAssignor]
	receive.buffer.bytes = 65536
	reconnect.backoff.max.ms = 1000
	reconnect.backoff.ms = 50
	request.timeout.ms = 5000
	retry.backoff.max.ms = 1000
	retry.backoff.ms = 100
	sasl.client.callback.handler.class = null
	sasl.jaas.config = null
	sasl.kerberos.kinit.cmd = /usr/bin/kinit
	sasl.kerberos.min.time.before.relogin = 60000
	sasl.kerberos.service.name = null
	sasl.kerberos.ticket.renew.jitter = 0.05
	sasl.kerberos.ticket.renew.window.factor = 0.8
	sasl.login.callback.handler.class = null
	sasl.login.class = null
	sasl.login.connect.timeout.ms = null
	sasl.login.read.timeout.ms = null
	sasl.login.refresh.buffer.seconds = 300
	sasl.login.refresh.min.period.seconds = 60
	sasl.login.refresh.window.factor = 0.8
	sasl.login.refresh.window.jitter = 0.05
	sasl.login.retry.backoff.max.ms = 10000
	sasl.login.retry.backoff.ms = 100
	sasl.mechanism = GSSAPI
	sasl.oauthbearer.clock.skew.seconds = 30
	sasl.oauthbearer.expected.audience = null
	sasl.oauthbearer.expected.issuer = null
	sasl.oauthbearer.header.urlencode = false
	sasl.oauthbearer.jwks.endpoint.refresh.ms = 3600000
	sasl.oauthbearer.jwks.endpoint.retry.backoff.max.ms = 10000
	sasl.oauthbearer.jwks.endpoint.retry.backoff.ms = 100
	sasl.oauthbearer.jwks.endpoint.url = null
	sasl.oauthbearer.scope.claim.name = scope
	sasl.oauthbearer.sub.claim.name = sub
	sasl.oauthbearer.token.endpoint.url = null
	security.protocol = PLAINTEXT
	security.providers = null
	send.buffer.bytes = 131072
	session.timeout.ms = 45000
	socket.connection.setup.timeout.max.ms = 30000
	socket.connection.setup.timeout.ms = 10000
	ssl.cipher.suites = null
	ssl.enabled.protocols = [TLSv1.2, TLSv1.3]
	ssl.endpoint.identification.algorithm = https
	ssl.engine.factory.class = null
	ssl.key.password = null
	ssl.keymanager.algorithm = SunX509
	ssl.keystore.certificate.chain = null
	ssl.keystore.key = null
	ssl.keystore.location = null
	ssl.keystore.password = null
	ssl.keystore.type = JKS
	ssl.protocol = TLSv1.3
	ssl.provider = null
	ssl.secure.random.implementation = null
	ssl.trustmanager.algorithm = PKIX
	ssl.truststore.certificates = null
	ssl.truststore.location = null
	ssl.truststore.password = null
	ssl.truststore.type = JKS
	value.deserializer = class io.apicurio.registry.serde.avro.AvroKafkaDeserializer

2025-07-31 15:53:17,690 INFO  [org.apa.kaf.com.tel.int.KafkaMetricsCollector] (main) initializing Kafka metrics collector
2025-07-31 15:53:17,701 INFO  [org.apa.kaf.cli.con.ConsumerConfig] (main) These configurations '[apicurio.registry.url]' were supplied but are not used yet.
2025-07-31 15:53:17,702 INFO  [org.apa.kaf.com.uti.AppInfoParser] (main) Kafka version: 3.9.0
2025-07-31 15:53:17,702 INFO  [org.apa.kaf.com.uti.AppInfoParser] (main) Kafka commitId: 84caaa6e9da06435
2025-07-31 15:53:17,702 INFO  [org.apa.kaf.com.uti.AppInfoParser] (main) Kafka startTimeMs: 1753977197701
2025-07-31 15:53:17,702 INFO  [org.apa.kaf.cli.con.ConsumerConfig] (main) ConsumerConfig values: 
	allow.auto.create.topics = true
	auto.commit.interval.ms = 500
	auto.include.jmx.reporter = true
	auto.offset.reset = earliest
	bootstrap.servers = [PLAINTEXT://localhost:32770]
	check.crcs = true
	client.dns.lookup = use_all_dns_ips
	client.id = consumer-Consumer-topic-1f45a0d1_d996_4130_9261_c33a79b1ce2a-16
	client.rack = 
	connections.max.idle.ms = 10000
	default.api.timeout.ms = 60000
	enable.auto.commit = true
	enable.metrics.push = true
	exclude.internal.topics = true
	fetch.max.bytes = 52428800
	fetch.max.wait.ms = 500
	fetch.min.bytes = 1
	group.id = Consumer-topic-1f45a0d1_d996_4130_9261_c33a79b1ce2a
	group.instance.id = null
	group.protocol = classic
	group.remote.assignor = null
	heartbeat.interval.ms = 3000
	interceptor.classes = []
	internal.leave.group.on.close = true
	internal.throw.on.fetch.stable.offset.unsupported = false
	isolation.level = read_uncommitted
	key.deserializer = class org.apache.kafka.common.serialization.StringDeserializer
	max.partition.fetch.bytes = 1048576
	max.poll.interval.ms = 300000
	max.poll.records = 500
	metadata.max.age.ms = 300000
	metadata.recovery.strategy = none
	metric.reporters = []
	metrics.num.samples = 2
	metrics.recording.level = INFO
	metrics.sample.window.ms = 30000
	partition.assignment.strategy = [class org.apache.kafka.clients.consumer.RangeAssignor, class org.apache.kafka.clients.consumer.CooperativeStickyAssignor]
	receive.buffer.bytes = 65536
	reconnect.backoff.max.ms = 1000
	reconnect.backoff.ms = 50
	request.timeout.ms = 5000
	retry.backoff.max.ms = 1000
	retry.backoff.ms = 100
	sasl.client.callback.handler.class = null
	sasl.jaas.config = null
	sasl.kerberos.kinit.cmd = /usr/bin/kinit
	sasl.kerberos.min.time.before.relogin = 60000
	sasl.kerberos.service.name = null
	sasl.kerberos.ticket.renew.jitter = 0.05
	sasl.kerberos.ticket.renew.window.factor = 0.8
	sasl.login.callback.handler.class = null
	sasl.login.class = null
	sasl.login.connect.timeout.ms = null
	sasl.login.read.timeout.ms = null
	sasl.login.refresh.buffer.seconds = 300
	sasl.login.refresh.min.period.seconds = 60
	sasl.login.refresh.window.factor = 0.8
	sasl.login.refresh.window.jitter = 0.05
	sasl.login.retry.backoff.max.ms = 10000
	sasl.login.retry.backoff.ms = 100
	sasl.mechanism = GSSAPI
	sasl.oauthbearer.clock.skew.seconds = 30
	sasl.oauthbearer.expected.audience = null
	sasl.oauthbearer.expected.issuer = null
	sasl.oauthbearer.header.urlencode = false
	sasl.oauthbearer.jwks.endpoint.refresh.ms = 3600000
	sasl.oauthbearer.jwks.endpoint.retry.backoff.max.ms = 10000
	sasl.oauthbearer.jwks.endpoint.retry.backoff.ms = 100
	sasl.oauthbearer.jwks.endpoint.url = null
	sasl.oauthbearer.scope.claim.name = scope
	sasl.oauthbearer.sub.claim.name = sub
	sasl.oauthbearer.token.endpoint.url = null
	security.protocol = PLAINTEXT
	security.providers = null
	send.buffer.bytes = 131072
	session.timeout.ms = 45000
	socket.connection.setup.timeout.max.ms = 30000
	socket.connection.setup.timeout.ms = 10000
	ssl.cipher.suites = null
	ssl.enabled.protocols = [TLSv1.2, TLSv1.3]
	ssl.endpoint.identification.algorithm = https
	ssl.engine.factory.class = null
	ssl.key.password = null
	ssl.keymanager.algorithm = SunX509
	ssl.keystore.certificate.chain = null
	ssl.keystore.key = null
	ssl.keystore.location = null
	ssl.keystore.password = null
	ssl.keystore.type = JKS
	ssl.protocol = TLSv1.3
	ssl.provider = null
	ssl.secure.random.implementation = null
	ssl.trustmanager.algorithm = PKIX
	ssl.truststore.certificates = null
	ssl.truststore.location = null
	ssl.truststore.password = null
	ssl.truststore.type = JKS
	value.deserializer = class io.apicurio.registry.serde.avro.AvroKafkaDeserializer

2025-07-31 15:53:17,703 INFO  [org.apa.kaf.com.tel.int.KafkaMetricsCollector] (main) initializing Kafka metrics collector
2025-07-31 15:53:17,709 INFO  [org.apa.kaf.cli.con.ConsumerConfig] (main) These configurations '[apicurio.registry.url]' were supplied but are not used yet.
2025-07-31 15:53:17,709 INFO  [org.apa.kaf.com.uti.AppInfoParser] (main) Kafka version: 3.9.0
2025-07-31 15:53:17,709 INFO  [org.apa.kaf.com.uti.AppInfoParser] (main) Kafka commitId: 84caaa6e9da06435
2025-07-31 15:53:17,709 INFO  [org.apa.kaf.com.uti.AppInfoParser] (main) Kafka startTimeMs: 1753977197709
2025-07-31 15:53:17,709 INFO  [io.api.tes.ser.api.KafkaSerdesTester] (Thread-233) Sending message {"key11753977196472": "value-0"} to topic topic-3d611bfd_84f1_4772_b496_16be093682ae
2025-07-31 15:53:17,714 INFO  [DefaultSchemaResolver] (Thread-233) Retrieving schema content using string: {"type":"record","name":"myrecordconfluent","fields":[{"name":"key11753977196472","type":"string"}]}
2025-07-31 15:53:17,835 INFO  [io.api.tes.ser.api.KafkaSerdesTester] (Thread-233) Sending message {"key11753977196472": "value-1"} to topic topic-3d611bfd_84f1_4772_b496_16be093682ae
2025-07-31 15:53:17,836 INFO  [io.api.tes.ser.api.KafkaSerdesTester] (Thread-233) Sending message {"key11753977196472": "value-2"} to topic topic-3d611bfd_84f1_4772_b496_16be093682ae
2025-07-31 15:53:17,838 INFO  [io.api.tes.ser.api.KafkaSerdesTester] (Thread-233) Sending message {"key11753977196472": "value-3"} to topic topic-3d611bfd_84f1_4772_b496_16be093682ae
2025-07-31 15:53:17,839 INFO  [io.api.tes.ser.api.KafkaSerdesTester] (Thread-233) Sending message {"key11753977196472": "value-4"} to topic topic-3d611bfd_84f1_4772_b496_16be093682ae
2025-07-31 15:53:17,841 INFO  [io.api.tes.ser.api.KafkaSerdesTester] (Thread-233) Sending message {"key11753977196472": "value-5"} to topic topic-3d611bfd_84f1_4772_b496_16be093682ae
2025-07-31 15:53:17,842 INFO  [io.api.tes.ser.api.KafkaSerdesTester] (Thread-233) Sending message {"key11753977196472": "value-6"} to topic topic-3d611bfd_84f1_4772_b496_16be093682ae
2025-07-31 15:53:17,843 INFO  [io.api.tes.ser.api.KafkaSerdesTester] (Thread-233) Sending message {"key11753977196472": "value-7"} to topic topic-3d611bfd_84f1_4772_b496_16be093682ae
2025-07-31 15:53:17,845 INFO  [io.api.tes.ser.api.KafkaSerdesTester] (Thread-233) Sending message {"key11753977196472": "value-8"} to topic topic-3d611bfd_84f1_4772_b496_16be093682ae
2025-07-31 15:53:17,846 INFO  [io.api.tes.ser.api.KafkaSerdesTester] (Thread-233) Sending message {"key11753977196472": "value-9"} to topic topic-3d611bfd_84f1_4772_b496_16be093682ae
2025-07-31 15:53:17,847 INFO  [io.api.tes.ser.api.KafkaSerdesTester] (Thread-233) Produced 10 messages
2025-07-31 15:53:17,847 INFO  [org.apa.kaf.cli.pro.KafkaProducer] (Thread-233) [Producer clientId=Producer-topic-3d611bfd_84f1_4772_b496_16be093682ae] Closing the Kafka producer with timeoutMillis = 9223372036854775807 ms.
2025-07-31 15:53:17,849 INFO  [org.apa.kaf.com.met.Metrics] (Thread-233) Metrics scheduler closed
2025-07-31 15:53:17,849 INFO  [org.apa.kaf.com.met.Metrics] (Thread-233) Closing reporter org.apache.kafka.common.metrics.JmxReporter
2025-07-31 15:53:17,849 INFO  [org.apa.kaf.com.met.Metrics] (Thread-233) Closing reporter org.apache.kafka.common.telemetry.internals.ClientTelemetryReporter
2025-07-31 15:53:17,849 INFO  [org.apa.kaf.com.met.Metrics] (Thread-233) Metrics reporters closed
2025-07-31 15:53:17,850 INFO  [org.apa.kaf.com.uti.AppInfoParser] (Thread-233) App info kafka.producer for Producer-topic-3d611bfd_84f1_4772_b496_16be093682ae unregistered
2025-07-31 15:53:17,852 INFO  [io.api.tes.ser.api.KafkaSerdesTester] (Thread-234) Sending message {"key11753977196472": "value-0"} to topic topic-e317f9fa_a959_4ea2_b8ed_9446e923e2ac
2025-07-31 15:53:17,856 INFO  [DefaultSchemaResolver] (Thread-234) Retrieving schema content using string: {"type":"record","name":"myrecordconfluent","fields":[{"name":"key11753977196472","type":"string"}]}
2025-07-31 15:53:17,977 INFO  [io.api.tes.ser.api.KafkaSerdesTester] (Thread-234) Sending message {"key11753977196472": "value-1"} to topic topic-e317f9fa_a959_4ea2_b8ed_9446e923e2ac
2025-07-31 15:53:17,979 INFO  [io.api.tes.ser.api.KafkaSerdesTester] (Thread-234) Sending message {"key11753977196472": "value-2"} to topic topic-e317f9fa_a959_4ea2_b8ed_9446e923e2ac
2025-07-31 15:53:17,980 INFO  [io.api.tes.ser.api.KafkaSerdesTester] (Thread-234) Sending message {"key11753977196472": "value-3"} to topic topic-e317f9fa_a959_4ea2_b8ed_9446e923e2ac
2025-07-31 15:53:17,981 INFO  [io.api.tes.ser.api.KafkaSerdesTester] (Thread-234) Sending message {"key11753977196472": "value-4"} to topic topic-e317f9fa_a959_4ea2_b8ed_9446e923e2ac
2025-07-31 15:53:17,983 INFO  [io.api.tes.ser.api.KafkaSerdesTester] (Thread-234) Sending message {"key11753977196472": "value-5"} to topic topic-e317f9fa_a959_4ea2_b8ed_9446e923e2ac
2025-07-31 15:53:17,985 INFO  [io.api.tes.ser.api.KafkaSerdesTester] (Thread-234) Sending message {"key11753977196472": "value-6"} to topic topic-e317f9fa_a959_4ea2_b8ed_9446e923e2ac
2025-07-31 15:53:17,987 INFO  [io.api.tes.ser.api.KafkaSerdesTester] (Thread-234) Sending message {"key11753977196472": "value-7"} to topic topic-e317f9fa_a959_4ea2_b8ed_9446e923e2ac
2025-07-31 15:53:17,988 INFO  [io.api.tes.ser.api.KafkaSerdesTester] (Thread-234) Sending message {"key11753977196472": "value-8"} to topic topic-e317f9fa_a959_4ea2_b8ed_9446e923e2ac
2025-07-31 15:53:17,989 INFO  [io.api.tes.ser.api.KafkaSerdesTester] (Thread-234) Sending message {"key11753977196472": "value-9"} to topic topic-e317f9fa_a959_4ea2_b8ed_9446e923e2ac
2025-07-31 15:53:17,990 INFO  [io.api.tes.ser.api.KafkaSerdesTester] (Thread-234) Produced 10 messages
2025-07-31 15:53:17,990 INFO  [org.apa.kaf.cli.pro.KafkaProducer] (Thread-234) [Producer clientId=Producer-topic-e317f9fa_a959_4ea2_b8ed_9446e923e2ac] Closing the Kafka producer with timeoutMillis = 9223372036854775807 ms.
2025-07-31 15:53:17,991 INFO  [org.apa.kaf.com.met.Metrics] (Thread-234) Metrics scheduler closed
2025-07-31 15:53:17,992 INFO  [org.apa.kaf.com.met.Metrics] (Thread-234) Closing reporter org.apache.kafka.common.metrics.JmxReporter
2025-07-31 15:53:17,992 INFO  [org.apa.kaf.com.met.Metrics] (Thread-234) Closing reporter org.apache.kafka.common.telemetry.internals.ClientTelemetryReporter
2025-07-31 15:53:17,992 INFO  [org.apa.kaf.com.met.Metrics] (Thread-234) Metrics reporters closed
2025-07-31 15:53:17,992 INFO  [org.apa.kaf.com.uti.AppInfoParser] (Thread-234) App info kafka.producer for Producer-topic-e317f9fa_a959_4ea2_b8ed_9446e923e2ac unregistered
2025-07-31 15:53:17,993 INFO  [io.api.tes.ser.api.KafkaSerdesTester] (Thread-235) Sending message {"key11753977196472": "value-0"} to topic topic-1f45a0d1_d996_4130_9261_c33a79b1ce2a
2025-07-31 15:53:17,997 INFO  [DefaultSchemaResolver] (Thread-235) Retrieving schema content using string: {"type":"record","name":"myrecordconfluent","fields":[{"name":"key11753977196472","type":"string"}]}
2025-07-31 15:53:18,129 INFO  [io.api.tes.ser.api.KafkaSerdesTester] (Thread-235) Sending message {"key11753977196472": "value-1"} to topic topic-1f45a0d1_d996_4130_9261_c33a79b1ce2a
2025-07-31 15:53:18,130 INFO  [io.api.tes.ser.api.KafkaSerdesTester] (Thread-235) Sending message {"key11753977196472": "value-2"} to topic topic-1f45a0d1_d996_4130_9261_c33a79b1ce2a
2025-07-31 15:53:18,132 INFO  [io.api.tes.ser.api.KafkaSerdesTester] (Thread-235) Sending message {"key11753977196472": "value-3"} to topic topic-1f45a0d1_d996_4130_9261_c33a79b1ce2a
2025-07-31 15:53:18,133 INFO  [io.api.tes.ser.api.KafkaSerdesTester] (Thread-235) Sending message {"key11753977196472": "value-4"} to topic topic-1f45a0d1_d996_4130_9261_c33a79b1ce2a
2025-07-31 15:53:18,134 INFO  [io.api.tes.ser.api.KafkaSerdesTester] (Thread-235) Sending message {"key11753977196472": "value-5"} to topic topic-1f45a0d1_d996_4130_9261_c33a79b1ce2a
2025-07-31 15:53:18,135 INFO  [io.api.tes.ser.api.KafkaSerdesTester] (Thread-235) Sending message {"key11753977196472": "value-6"} to topic topic-1f45a0d1_d996_4130_9261_c33a79b1ce2a
2025-07-31 15:53:18,136 INFO  [io.api.tes.ser.api.KafkaSerdesTester] (Thread-235) Sending message {"key11753977196472": "value-7"} to topic topic-1f45a0d1_d996_4130_9261_c33a79b1ce2a
2025-07-31 15:53:18,138 INFO  [io.api.tes.ser.api.KafkaSerdesTester] (Thread-235) Sending message {"key11753977196472": "value-8"} to topic topic-1f45a0d1_d996_4130_9261_c33a79b1ce2a
2025-07-31 15:53:18,140 INFO  [io.api.tes.ser.api.KafkaSerdesTester] (Thread-235) Sending message {"key11753977196472": "value-9"} to topic topic-1f45a0d1_d996_4130_9261_c33a79b1ce2a
2025-07-31 15:53:18,141 INFO  [io.api.tes.ser.api.KafkaSerdesTester] (Thread-235) Produced 10 messages
2025-07-31 15:53:18,142 INFO  [org.apa.kaf.cli.pro.KafkaProducer] (Thread-235) [Producer clientId=Producer-topic-1f45a0d1_d996_4130_9261_c33a79b1ce2a] Closing the Kafka producer with timeoutMillis = 9223372036854775807 ms.
2025-07-31 15:53:18,144 INFO  [org.apa.kaf.com.met.Metrics] (Thread-235) Metrics scheduler closed
2025-07-31 15:53:18,144 INFO  [org.apa.kaf.com.met.Metrics] (Thread-235) Closing reporter org.apache.kafka.common.metrics.JmxReporter
2025-07-31 15:53:18,144 INFO  [org.apa.kaf.com.met.Metrics] (Thread-235) Closing reporter org.apache.kafka.common.telemetry.internals.ClientTelemetryReporter
2025-07-31 15:53:18,144 INFO  [org.apa.kaf.com.met.Metrics] (Thread-235) Metrics reporters closed
2025-07-31 15:53:18,144 INFO  [org.apa.kaf.com.uti.AppInfoParser] (Thread-235) App info kafka.producer for Producer-topic-1f45a0d1_d996_4130_9261_c33a79b1ce2a unregistered
2025-07-31 15:53:18,146 INFO  [org.apa.kaf.cli.con.int.ClassicKafkaConsumer] (Thread-236) [Consumer clientId=consumer-Consumer-topic-3d611bfd_84f1_4772_b496_16be093682ae-14, groupId=Consumer-topic-3d611bfd_84f1_4772_b496_16be093682ae] Subscribed to topic(s): topic-3d611bfd_84f1_4772_b496_16be093682ae
2025-07-31 15:53:18,151 INFO  [org.apa.kaf.cli.Metadata] (Thread-236) [Consumer clientId=consumer-Consumer-topic-3d611bfd_84f1_4772_b496_16be093682ae-14, groupId=Consumer-topic-3d611bfd_84f1_4772_b496_16be093682ae] Cluster ID: k5QcScx1TGu5ZEx470RFLw
2025-07-31 15:53:18,151 INFO  [org.apa.kaf.cli.con.int.ConsumerCoordinator] (Thread-236) [Consumer clientId=consumer-Consumer-topic-3d611bfd_84f1_4772_b496_16be093682ae-14, groupId=Consumer-topic-3d611bfd_84f1_4772_b496_16be093682ae] Discovered group coordinator localhost:32770 (id: 2147483647 rack: null)
2025-07-31 15:53:18,152 INFO  [org.apa.kaf.cli.con.int.ConsumerCoordinator] (Thread-236) [Consumer clientId=consumer-Consumer-topic-3d611bfd_84f1_4772_b496_16be093682ae-14, groupId=Consumer-topic-3d611bfd_84f1_4772_b496_16be093682ae] (Re-)joining group
2025-07-31 15:53:18,155 INFO  [org.apa.kaf.cli.con.int.ConsumerCoordinator] (Thread-236) [Consumer clientId=consumer-Consumer-topic-3d611bfd_84f1_4772_b496_16be093682ae-14, groupId=Consumer-topic-3d611bfd_84f1_4772_b496_16be093682ae] Request joining group due to: need to re-join with the given member-id: consumer-Consumer-topic-3d611bfd_84f1_4772_b496_16be093682ae-14-083db769-4a1b-4c3a-9754-ad59452e0558
2025-07-31 15:53:18,155 INFO  [org.apa.kaf.cli.con.int.ConsumerCoordinator] (Thread-236) [Consumer clientId=consumer-Consumer-topic-3d611bfd_84f1_4772_b496_16be093682ae-14, groupId=Consumer-topic-3d611bfd_84f1_4772_b496_16be093682ae] (Re-)joining group
2025-07-31 15:53:18,157 INFO  [org.apa.kaf.cli.con.int.ConsumerCoordinator] (Thread-236) [Consumer clientId=consumer-Consumer-topic-3d611bfd_84f1_4772_b496_16be093682ae-14, groupId=Consumer-topic-3d611bfd_84f1_4772_b496_16be093682ae] Successfully joined group with generation Generation{generationId=1, memberId='consumer-Consumer-topic-3d611bfd_84f1_4772_b496_16be093682ae-14-083db769-4a1b-4c3a-9754-ad59452e0558', protocol='range'}
2025-07-31 15:53:18,157 INFO  [org.apa.kaf.cli.con.int.ConsumerCoordinator] (Thread-236) [Consumer clientId=consumer-Consumer-topic-3d611bfd_84f1_4772_b496_16be093682ae-14, groupId=Consumer-topic-3d611bfd_84f1_4772_b496_16be093682ae] Finished assignment for group at generation 1: {consumer-Consumer-topic-3d611bfd_84f1_4772_b496_16be093682ae-14-083db769-4a1b-4c3a-9754-ad59452e0558=Assignment(partitions=[topic-3d611bfd_84f1_4772_b496_16be093682ae-0])}
2025-07-31 15:53:18,158 INFO  [org.apa.kaf.cli.con.int.ConsumerCoordinator] (Thread-236) [Consumer clientId=consumer-Consumer-topic-3d611bfd_84f1_4772_b496_16be093682ae-14, groupId=Consumer-topic-3d611bfd_84f1_4772_b496_16be093682ae] Successfully synced group in generation Generation{generationId=1, memberId='consumer-Consumer-topic-3d611bfd_84f1_4772_b496_16be093682ae-14-083db769-4a1b-4c3a-9754-ad59452e0558', protocol='range'}
2025-07-31 15:53:18,159 INFO  [org.apa.kaf.cli.con.int.ConsumerCoordinator] (Thread-236) [Consumer clientId=consumer-Consumer-topic-3d611bfd_84f1_4772_b496_16be093682ae-14, groupId=Consumer-topic-3d611bfd_84f1_4772_b496_16be093682ae] Notifying assignor about the new Assignment(partitions=[topic-3d611bfd_84f1_4772_b496_16be093682ae-0])
2025-07-31 15:53:18,159 INFO  [org.apa.kaf.cli.con.int.ConsumerRebalanceListenerInvoker] (Thread-236) [Consumer clientId=consumer-Consumer-topic-3d611bfd_84f1_4772_b496_16be093682ae-14, groupId=Consumer-topic-3d611bfd_84f1_4772_b496_16be093682ae] Adding newly assigned partitions: topic-3d611bfd_84f1_4772_b496_16be093682ae-0
2025-07-31 15:53:18,160 INFO  [org.apa.kaf.cli.con.int.ConsumerCoordinator] (Thread-236) [Consumer clientId=consumer-Consumer-topic-3d611bfd_84f1_4772_b496_16be093682ae-14, groupId=Consumer-topic-3d611bfd_84f1_4772_b496_16be093682ae] Found no committed offset for partition topic-3d611bfd_84f1_4772_b496_16be093682ae-0
2025-07-31 15:53:18,164 INFO  [org.apa.kaf.cli.con.int.SubscriptionState] (Thread-236) [Consumer clientId=consumer-Consumer-topic-3d611bfd_84f1_4772_b496_16be093682ae-14, groupId=Consumer-topic-3d611bfd_84f1_4772_b496_16be093682ae] Resetting offset for partition topic-3d611bfd_84f1_4772_b496_16be093682ae-0 to position FetchPosition{offset=0, offsetEpoch=Optional.empty, currentLeader=LeaderAndEpoch{leader=Optional[localhost:32770 (id: 0 rack: null)], epoch=0}}.
2025-07-31 15:53:18,360 INFO  [io.api.tes.ser.api.KafkaSerdesTester] (Thread-236) topic-3d611bfd_84f1_4772_b496_16be093682ae 0 0 {"key11753977196472": "value-0"}
2025-07-31 15:53:18,360 INFO  [io.api.tes.ser.api.KafkaSerdesTester] (Thread-236) topic-3d611bfd_84f1_4772_b496_16be093682ae 0 1 {"key11753977196472": "value-1"}
2025-07-31 15:53:18,360 INFO  [io.api.tes.ser.api.KafkaSerdesTester] (Thread-236) topic-3d611bfd_84f1_4772_b496_16be093682ae 0 2 {"key11753977196472": "value-2"}
2025-07-31 15:53:18,360 INFO  [io.api.tes.ser.api.KafkaSerdesTester] (Thread-236) topic-3d611bfd_84f1_4772_b496_16be093682ae 0 3 {"key11753977196472": "value-3"}
2025-07-31 15:53:18,360 INFO  [io.api.tes.ser.api.KafkaSerdesTester] (Thread-236) topic-3d611bfd_84f1_4772_b496_16be093682ae 0 4 {"key11753977196472": "value-4"}
2025-07-31 15:53:18,360 INFO  [io.api.tes.ser.api.KafkaSerdesTester] (Thread-236) topic-3d611bfd_84f1_4772_b496_16be093682ae 0 5 {"key11753977196472": "value-5"}
2025-07-31 15:53:18,360 INFO  [io.api.tes.ser.api.KafkaSerdesTester] (Thread-236) topic-3d611bfd_84f1_4772_b496_16be093682ae 0 6 {"key11753977196472": "value-6"}
2025-07-31 15:53:18,360 INFO  [io.api.tes.ser.api.KafkaSerdesTester] (Thread-236) topic-3d611bfd_84f1_4772_b496_16be093682ae 0 7 {"key11753977196472": "value-7"}
2025-07-31 15:53:18,360 INFO  [io.api.tes.ser.api.KafkaSerdesTester] (Thread-236) topic-3d611bfd_84f1_4772_b496_16be093682ae 0 8 {"key11753977196472": "value-8"}
2025-07-31 15:53:18,360 INFO  [io.api.tes.ser.api.KafkaSerdesTester] (Thread-236) topic-3d611bfd_84f1_4772_b496_16be093682ae 0 9 {"key11753977196472": "value-9"}
2025-07-31 15:53:18,360 INFO  [io.api.tes.ser.api.KafkaSerdesTester] (Thread-236) Consumed 10 messages
2025-07-31 15:53:18,363 INFO  [org.apa.kaf.cli.con.int.ConsumerRebalanceListenerInvoker] (Thread-236) [Consumer clientId=consumer-Consumer-topic-3d611bfd_84f1_4772_b496_16be093682ae-14, groupId=Consumer-topic-3d611bfd_84f1_4772_b496_16be093682ae] Revoke previously assigned partitions topic-3d611bfd_84f1_4772_b496_16be093682ae-0
2025-07-31 15:53:18,363 INFO  [org.apa.kaf.cli.con.int.ConsumerCoordinator] (Thread-236) [Consumer clientId=consumer-Consumer-topic-3d611bfd_84f1_4772_b496_16be093682ae-14, groupId=Consumer-topic-3d611bfd_84f1_4772_b496_16be093682ae] Member consumer-Consumer-topic-3d611bfd_84f1_4772_b496_16be093682ae-14-083db769-4a1b-4c3a-9754-ad59452e0558 sending LeaveGroup request to coordinator localhost:32770 (id: 2147483647 rack: null) due to the consumer is being closed
2025-07-31 15:53:18,363 INFO  [org.apa.kaf.cli.con.int.ConsumerCoordinator] (Thread-236) [Consumer clientId=consumer-Consumer-topic-3d611bfd_84f1_4772_b496_16be093682ae-14, groupId=Consumer-topic-3d611bfd_84f1_4772_b496_16be093682ae] Resetting generation and member id due to: consumer pro-actively leaving the group
2025-07-31 15:53:18,363 INFO  [org.apa.kaf.cli.con.int.ConsumerCoordinator] (Thread-236) [Consumer clientId=consumer-Consumer-topic-3d611bfd_84f1_4772_b496_16be093682ae-14, groupId=Consumer-topic-3d611bfd_84f1_4772_b496_16be093682ae] Request joining group due to: consumer pro-actively leaving the group
2025-07-31 15:53:18,864 INFO  [org.apa.kaf.com.met.Metrics] (Thread-236) Metrics scheduler closed
2025-07-31 15:53:18,864 INFO  [org.apa.kaf.com.met.Metrics] (Thread-236) Closing reporter org.apache.kafka.common.metrics.JmxReporter
2025-07-31 15:53:18,864 INFO  [org.apa.kaf.com.met.Metrics] (Thread-236) Closing reporter org.apache.kafka.common.telemetry.internals.ClientTelemetryReporter
2025-07-31 15:53:18,864 INFO  [org.apa.kaf.com.met.Metrics] (Thread-236) Metrics reporters closed
2025-07-31 15:53:18,866 INFO  [org.apa.kaf.com.uti.AppInfoParser] (Thread-236) App info kafka.consumer for consumer-Consumer-topic-3d611bfd_84f1_4772_b496_16be093682ae-14 unregistered
2025-07-31 15:53:18,867 INFO  [org.apa.kaf.cli.con.int.ClassicKafkaConsumer] (Thread-237) [Consumer clientId=consumer-Consumer-topic-e317f9fa_a959_4ea2_b8ed_9446e923e2ac-15, groupId=Consumer-topic-e317f9fa_a959_4ea2_b8ed_9446e923e2ac] Subscribed to topic(s): topic-e317f9fa_a959_4ea2_b8ed_9446e923e2ac
2025-07-31 15:53:18,874 INFO  [org.apa.kaf.cli.Metadata] (Thread-237) [Consumer clientId=consumer-Consumer-topic-e317f9fa_a959_4ea2_b8ed_9446e923e2ac-15, groupId=Consumer-topic-e317f9fa_a959_4ea2_b8ed_9446e923e2ac] Cluster ID: k5QcScx1TGu5ZEx470RFLw
2025-07-31 15:53:18,876 INFO  [org.apa.kaf.cli.con.int.ConsumerCoordinator] (Thread-237) [Consumer clientId=consumer-Consumer-topic-e317f9fa_a959_4ea2_b8ed_9446e923e2ac-15, groupId=Consumer-topic-e317f9fa_a959_4ea2_b8ed_9446e923e2ac] Discovered group coordinator localhost:32770 (id: 2147483647 rack: null)
2025-07-31 15:53:18,878 INFO  [org.apa.kaf.cli.con.int.ConsumerCoordinator] (Thread-237) [Consumer clientId=consumer-Consumer-topic-e317f9fa_a959_4ea2_b8ed_9446e923e2ac-15, groupId=Consumer-topic-e317f9fa_a959_4ea2_b8ed_9446e923e2ac] (Re-)joining group
2025-07-31 15:53:18,881 INFO  [org.apa.kaf.cli.con.int.ConsumerCoordinator] (Thread-237) [Consumer clientId=consumer-Consumer-topic-e317f9fa_a959_4ea2_b8ed_9446e923e2ac-15, groupId=Consumer-topic-e317f9fa_a959_4ea2_b8ed_9446e923e2ac] Request joining group due to: need to re-join with the given member-id: consumer-Consumer-topic-e317f9fa_a959_4ea2_b8ed_9446e923e2ac-15-355709a7-16b8-467f-af06-e265a87558c7
2025-07-31 15:53:18,881 INFO  [org.apa.kaf.cli.con.int.ConsumerCoordinator] (Thread-237) [Consumer clientId=consumer-Consumer-topic-e317f9fa_a959_4ea2_b8ed_9446e923e2ac-15, groupId=Consumer-topic-e317f9fa_a959_4ea2_b8ed_9446e923e2ac] (Re-)joining group
2025-07-31 15:53:18,885 INFO  [org.apa.kaf.cli.con.int.ConsumerCoordinator] (Thread-237) [Consumer clientId=consumer-Consumer-topic-e317f9fa_a959_4ea2_b8ed_9446e923e2ac-15, groupId=Consumer-topic-e317f9fa_a959_4ea2_b8ed_9446e923e2ac] Successfully joined group with generation Generation{generationId=1, memberId='consumer-Consumer-topic-e317f9fa_a959_4ea2_b8ed_9446e923e2ac-15-355709a7-16b8-467f-af06-e265a87558c7', protocol='range'}
2025-07-31 15:53:18,885 INFO  [org.apa.kaf.cli.con.int.ConsumerCoordinator] (Thread-237) [Consumer clientId=consumer-Consumer-topic-e317f9fa_a959_4ea2_b8ed_9446e923e2ac-15, groupId=Consumer-topic-e317f9fa_a959_4ea2_b8ed_9446e923e2ac] Finished assignment for group at generation 1: {consumer-Consumer-topic-e317f9fa_a959_4ea2_b8ed_9446e923e2ac-15-355709a7-16b8-467f-af06-e265a87558c7=Assignment(partitions=[topic-e317f9fa_a959_4ea2_b8ed_9446e923e2ac-0])}
2025-07-31 15:53:18,888 INFO  [org.apa.kaf.cli.con.int.ConsumerCoordinator] (Thread-237) [Consumer clientId=consumer-Consumer-topic-e317f9fa_a959_4ea2_b8ed_9446e923e2ac-15, groupId=Consumer-topic-e317f9fa_a959_4ea2_b8ed_9446e923e2ac] Successfully synced group in generation Generation{generationId=1, memberId='consumer-Consumer-topic-e317f9fa_a959_4ea2_b8ed_9446e923e2ac-15-355709a7-16b8-467f-af06-e265a87558c7', protocol='range'}
2025-07-31 15:53:18,888 INFO  [org.apa.kaf.cli.con.int.ConsumerCoordinator] (Thread-237) [Consumer clientId=consumer-Consumer-topic-e317f9fa_a959_4ea2_b8ed_9446e923e2ac-15, groupId=Consumer-topic-e317f9fa_a959_4ea2_b8ed_9446e923e2ac] Notifying assignor about the new Assignment(partitions=[topic-e317f9fa_a959_4ea2_b8ed_9446e923e2ac-0])
2025-07-31 15:53:18,888 INFO  [org.apa.kaf.cli.con.int.ConsumerRebalanceListenerInvoker] (Thread-237) [Consumer clientId=consumer-Consumer-topic-e317f9fa_a959_4ea2_b8ed_9446e923e2ac-15, groupId=Consumer-topic-e317f9fa_a959_4ea2_b8ed_9446e923e2ac] Adding newly assigned partitions: topic-e317f9fa_a959_4ea2_b8ed_9446e923e2ac-0
2025-07-31 15:53:18,889 INFO  [org.apa.kaf.cli.con.int.ConsumerCoordinator] (Thread-237) [Consumer clientId=consumer-Consumer-topic-e317f9fa_a959_4ea2_b8ed_9446e923e2ac-15, groupId=Consumer-topic-e317f9fa_a959_4ea2_b8ed_9446e923e2ac] Found no committed offset for partition topic-e317f9fa_a959_4ea2_b8ed_9446e923e2ac-0
2025-07-31 15:53:18,890 INFO  [org.apa.kaf.cli.con.int.SubscriptionState] (Thread-237) [Consumer clientId=consumer-Consumer-topic-e317f9fa_a959_4ea2_b8ed_9446e923e2ac-15, groupId=Consumer-topic-e317f9fa_a959_4ea2_b8ed_9446e923e2ac] Resetting offset for partition topic-e317f9fa_a959_4ea2_b8ed_9446e923e2ac-0 to position FetchPosition{offset=0, offsetEpoch=Optional.empty, currentLeader=LeaderAndEpoch{leader=Optional[localhost:32770 (id: 0 rack: null)], epoch=0}}.
2025-07-31 15:53:19,071 INFO  [io.api.tes.ser.api.KafkaSerdesTester] (Thread-237) topic-e317f9fa_a959_4ea2_b8ed_9446e923e2ac 0 0 {"key11753977196472": "value-0"}
2025-07-31 15:53:19,072 INFO  [io.api.tes.ser.api.KafkaSerdesTester] (Thread-237) topic-e317f9fa_a959_4ea2_b8ed_9446e923e2ac 0 1 {"key11753977196472": "value-1"}
2025-07-31 15:53:19,072 INFO  [io.api.tes.ser.api.KafkaSerdesTester] (Thread-237) topic-e317f9fa_a959_4ea2_b8ed_9446e923e2ac 0 2 {"key11753977196472": "value-2"}
2025-07-31 15:53:19,072 INFO  [io.api.tes.ser.api.KafkaSerdesTester] (Thread-237) topic-e317f9fa_a959_4ea2_b8ed_9446e923e2ac 0 3 {"key11753977196472": "value-3"}
2025-07-31 15:53:19,072 INFO  [io.api.tes.ser.api.KafkaSerdesTester] (Thread-237) topic-e317f9fa_a959_4ea2_b8ed_9446e923e2ac 0 4 {"key11753977196472": "value-4"}
2025-07-31 15:53:19,072 INFO  [io.api.tes.ser.api.KafkaSerdesTester] (Thread-237) topic-e317f9fa_a959_4ea2_b8ed_9446e923e2ac 0 5 {"key11753977196472": "value-5"}
2025-07-31 15:53:19,072 INFO  [io.api.tes.ser.api.KafkaSerdesTester] (Thread-237) topic-e317f9fa_a959_4ea2_b8ed_9446e923e2ac 0 6 {"key11753977196472": "value-6"}
2025-07-31 15:53:19,072 INFO  [io.api.tes.ser.api.KafkaSerdesTester] (Thread-237) topic-e317f9fa_a959_4ea2_b8ed_9446e923e2ac 0 7 {"key11753977196472": "value-7"}
2025-07-31 15:53:19,072 INFO  [io.api.tes.ser.api.KafkaSerdesTester] (Thread-237) topic-e317f9fa_a959_4ea2_b8ed_9446e923e2ac 0 8 {"key11753977196472": "value-8"}
2025-07-31 15:53:19,072 INFO  [io.api.tes.ser.api.KafkaSerdesTester] (Thread-237) topic-e317f9fa_a959_4ea2_b8ed_9446e923e2ac 0 9 {"key11753977196472": "value-9"}
2025-07-31 15:53:19,072 INFO  [io.api.tes.ser.api.KafkaSerdesTester] (Thread-237) Consumed 10 messages
2025-07-31 15:53:19,074 INFO  [org.apa.kaf.cli.con.int.ConsumerRebalanceListenerInvoker] (Thread-237) [Consumer clientId=consumer-Consumer-topic-e317f9fa_a959_4ea2_b8ed_9446e923e2ac-15, groupId=Consumer-topic-e317f9fa_a959_4ea2_b8ed_9446e923e2ac] Revoke previously assigned partitions topic-e317f9fa_a959_4ea2_b8ed_9446e923e2ac-0
2025-07-31 15:53:19,074 INFO  [org.apa.kaf.cli.con.int.ConsumerCoordinator] (Thread-237) [Consumer clientId=consumer-Consumer-topic-e317f9fa_a959_4ea2_b8ed_9446e923e2ac-15, groupId=Consumer-topic-e317f9fa_a959_4ea2_b8ed_9446e923e2ac] Member consumer-Consumer-topic-e317f9fa_a959_4ea2_b8ed_9446e923e2ac-15-355709a7-16b8-467f-af06-e265a87558c7 sending LeaveGroup request to coordinator localhost:32770 (id: 2147483647 rack: null) due to the consumer is being closed
2025-07-31 15:53:19,074 INFO  [org.apa.kaf.cli.con.int.ConsumerCoordinator] (Thread-237) [Consumer clientId=consumer-Consumer-topic-e317f9fa_a959_4ea2_b8ed_9446e923e2ac-15, groupId=Consumer-topic-e317f9fa_a959_4ea2_b8ed_9446e923e2ac] Resetting generation and member id due to: consumer pro-actively leaving the group
2025-07-31 15:53:19,074 INFO  [org.apa.kaf.cli.con.int.ConsumerCoordinator] (Thread-237) [Consumer clientId=consumer-Consumer-topic-e317f9fa_a959_4ea2_b8ed_9446e923e2ac-15, groupId=Consumer-topic-e317f9fa_a959_4ea2_b8ed_9446e923e2ac] Request joining group due to: consumer pro-actively leaving the group
2025-07-31 15:53:19,575 INFO  [org.apa.kaf.com.met.Metrics] (Thread-237) Metrics scheduler closed
2025-07-31 15:53:19,576 INFO  [org.apa.kaf.com.met.Metrics] (Thread-237) Closing reporter org.apache.kafka.common.metrics.JmxReporter
2025-07-31 15:53:19,576 INFO  [org.apa.kaf.com.met.Metrics] (Thread-237) Closing reporter org.apache.kafka.common.telemetry.internals.ClientTelemetryReporter
2025-07-31 15:53:19,576 INFO  [org.apa.kaf.com.met.Metrics] (Thread-237) Metrics reporters closed
2025-07-31 15:53:19,577 INFO  [org.apa.kaf.com.uti.AppInfoParser] (Thread-237) App info kafka.consumer for consumer-Consumer-topic-e317f9fa_a959_4ea2_b8ed_9446e923e2ac-15 unregistered
2025-07-31 15:53:19,579 INFO  [org.apa.kaf.cli.con.int.ClassicKafkaConsumer] (Thread-238) [Consumer clientId=consumer-Consumer-topic-1f45a0d1_d996_4130_9261_c33a79b1ce2a-16, groupId=Consumer-topic-1f45a0d1_d996_4130_9261_c33a79b1ce2a] Subscribed to topic(s): topic-1f45a0d1_d996_4130_9261_c33a79b1ce2a
2025-07-31 15:53:19,585 INFO  [org.apa.kaf.cli.Metadata] (Thread-238) [Consumer clientId=consumer-Consumer-topic-1f45a0d1_d996_4130_9261_c33a79b1ce2a-16, groupId=Consumer-topic-1f45a0d1_d996_4130_9261_c33a79b1ce2a] Cluster ID: k5QcScx1TGu5ZEx470RFLw
2025-07-31 15:53:19,585 INFO  [org.apa.kaf.cli.con.int.ConsumerCoordinator] (Thread-238) [Consumer clientId=consumer-Consumer-topic-1f45a0d1_d996_4130_9261_c33a79b1ce2a-16, groupId=Consumer-topic-1f45a0d1_d996_4130_9261_c33a79b1ce2a] Discovered group coordinator localhost:32770 (id: 2147483647 rack: null)
2025-07-31 15:53:19,586 INFO  [org.apa.kaf.cli.con.int.ConsumerCoordinator] (Thread-238) [Consumer clientId=consumer-Consumer-topic-1f45a0d1_d996_4130_9261_c33a79b1ce2a-16, groupId=Consumer-topic-1f45a0d1_d996_4130_9261_c33a79b1ce2a] (Re-)joining group
2025-07-31 15:53:19,592 INFO  [org.apa.kaf.cli.con.int.ConsumerCoordinator] (Thread-238) [Consumer clientId=consumer-Consumer-topic-1f45a0d1_d996_4130_9261_c33a79b1ce2a-16, groupId=Consumer-topic-1f45a0d1_d996_4130_9261_c33a79b1ce2a] Request joining group due to: need to re-join with the given member-id: consumer-Consumer-topic-1f45a0d1_d996_4130_9261_c33a79b1ce2a-16-fb70a56c-fe3a-4d9e-9431-1b1d76708f41
2025-07-31 15:53:19,592 INFO  [org.apa.kaf.cli.con.int.ConsumerCoordinator] (Thread-238) [Consumer clientId=consumer-Consumer-topic-1f45a0d1_d996_4130_9261_c33a79b1ce2a-16, groupId=Consumer-topic-1f45a0d1_d996_4130_9261_c33a79b1ce2a] (Re-)joining group
2025-07-31 15:53:19,595 INFO  [org.apa.kaf.cli.con.int.ConsumerCoordinator] (Thread-238) [Consumer clientId=consumer-Consumer-topic-1f45a0d1_d996_4130_9261_c33a79b1ce2a-16, groupId=Consumer-topic-1f45a0d1_d996_4130_9261_c33a79b1ce2a] Successfully joined group with generation Generation{generationId=1, memberId='consumer-Consumer-topic-1f45a0d1_d996_4130_9261_c33a79b1ce2a-16-fb70a56c-fe3a-4d9e-9431-1b1d76708f41', protocol='range'}
2025-07-31 15:53:19,595 INFO  [org.apa.kaf.cli.con.int.ConsumerCoordinator] (Thread-238) [Consumer clientId=consumer-Consumer-topic-1f45a0d1_d996_4130_9261_c33a79b1ce2a-16, groupId=Consumer-topic-1f45a0d1_d996_4130_9261_c33a79b1ce2a] Finished assignment for group at generation 1: {consumer-Consumer-topic-1f45a0d1_d996_4130_9261_c33a79b1ce2a-16-fb70a56c-fe3a-4d9e-9431-1b1d76708f41=Assignment(partitions=[topic-1f45a0d1_d996_4130_9261_c33a79b1ce2a-0])}
2025-07-31 15:53:19,598 INFO  [org.apa.kaf.cli.con.int.ConsumerCoordinator] (Thread-238) [Consumer clientId=consumer-Consumer-topic-1f45a0d1_d996_4130_9261_c33a79b1ce2a-16, groupId=Consumer-topic-1f45a0d1_d996_4130_9261_c33a79b1ce2a] Successfully synced group in generation Generation{generationId=1, memberId='consumer-Consumer-topic-1f45a0d1_d996_4130_9261_c33a79b1ce2a-16-fb70a56c-fe3a-4d9e-9431-1b1d76708f41', protocol='range'}
2025-07-31 15:53:19,598 INFO  [org.apa.kaf.cli.con.int.ConsumerCoordinator] (Thread-238) [Consumer clientId=consumer-Consumer-topic-1f45a0d1_d996_4130_9261_c33a79b1ce2a-16, groupId=Consumer-topic-1f45a0d1_d996_4130_9261_c33a79b1ce2a] Notifying assignor about the new Assignment(partitions=[topic-1f45a0d1_d996_4130_9261_c33a79b1ce2a-0])
2025-07-31 15:53:19,598 INFO  [org.apa.kaf.cli.con.int.ConsumerRebalanceListenerInvoker] (Thread-238) [Consumer clientId=consumer-Consumer-topic-1f45a0d1_d996_4130_9261_c33a79b1ce2a-16, groupId=Consumer-topic-1f45a0d1_d996_4130_9261_c33a79b1ce2a] Adding newly assigned partitions: topic-1f45a0d1_d996_4130_9261_c33a79b1ce2a-0
2025-07-31 15:53:19,600 INFO  [org.apa.kaf.cli.con.int.ConsumerCoordinator] (Thread-238) [Consumer clientId=consumer-Consumer-topic-1f45a0d1_d996_4130_9261_c33a79b1ce2a-16, groupId=Consumer-topic-1f45a0d1_d996_4130_9261_c33a79b1ce2a] Found no committed offset for partition topic-1f45a0d1_d996_4130_9261_c33a79b1ce2a-0
2025-07-31 15:53:19,604 INFO  [org.apa.kaf.cli.con.int.SubscriptionState] (Thread-238) [Consumer clientId=consumer-Consumer-topic-1f45a0d1_d996_4130_9261_c33a79b1ce2a-16, groupId=Consumer-topic-1f45a0d1_d996_4130_9261_c33a79b1ce2a] Resetting offset for partition topic-1f45a0d1_d996_4130_9261_c33a79b1ce2a-0 to position FetchPosition{offset=0, offsetEpoch=Optional.empty, currentLeader=LeaderAndEpoch{leader=Optional[localhost:32770 (id: 0 rack: null)], epoch=0}}.
2025-07-31 15:53:19,783 INFO  [io.api.tes.ser.api.KafkaSerdesTester] (Thread-238) topic-1f45a0d1_d996_4130_9261_c33a79b1ce2a 0 0 {"key11753977196472": "value-0"}
2025-07-31 15:53:19,783 INFO  [io.api.tes.ser.api.KafkaSerdesTester] (Thread-238) topic-1f45a0d1_d996_4130_9261_c33a79b1ce2a 0 1 {"key11753977196472": "value-1"}
2025-07-31 15:53:19,783 INFO  [io.api.tes.ser.api.KafkaSerdesTester] (Thread-238) topic-1f45a0d1_d996_4130_9261_c33a79b1ce2a 0 2 {"key11753977196472": "value-2"}
2025-07-31 15:53:19,783 INFO  [io.api.tes.ser.api.KafkaSerdesTester] (Thread-238) topic-1f45a0d1_d996_4130_9261_c33a79b1ce2a 0 3 {"key11753977196472": "value-3"}
2025-07-31 15:53:19,783 INFO  [io.api.tes.ser.api.KafkaSerdesTester] (Thread-238) topic-1f45a0d1_d996_4130_9261_c33a79b1ce2a 0 4 {"key11753977196472": "value-4"}
2025-07-31 15:53:19,783 INFO  [io.api.tes.ser.api.KafkaSerdesTester] (Thread-238) topic-1f45a0d1_d996_4130_9261_c33a79b1ce2a 0 5 {"key11753977196472": "value-5"}
2025-07-31 15:53:19,783 INFO  [io.api.tes.ser.api.KafkaSerdesTester] (Thread-238) topic-1f45a0d1_d996_4130_9261_c33a79b1ce2a 0 6 {"key11753977196472": "value-6"}
2025-07-31 15:53:19,783 INFO  [io.api.tes.ser.api.KafkaSerdesTester] (Thread-238) topic-1f45a0d1_d996_4130_9261_c33a79b1ce2a 0 7 {"key11753977196472": "value-7"}
2025-07-31 15:53:19,783 INFO  [io.api.tes.ser.api.KafkaSerdesTester] (Thread-238) topic-1f45a0d1_d996_4130_9261_c33a79b1ce2a 0 8 {"key11753977196472": "value-8"}
2025-07-31 15:53:19,783 INFO  [io.api.tes.ser.api.KafkaSerdesTester] (Thread-238) topic-1f45a0d1_d996_4130_9261_c33a79b1ce2a 0 9 {"key11753977196472": "value-9"}
2025-07-31 15:53:19,784 INFO  [io.api.tes.ser.api.KafkaSerdesTester] (Thread-238) Consumed 10 messages
2025-07-31 15:53:19,787 INFO  [org.apa.kaf.cli.con.int.ConsumerRebalanceListenerInvoker] (Thread-238) [Consumer clientId=consumer-Consumer-topic-1f45a0d1_d996_4130_9261_c33a79b1ce2a-16, groupId=Consumer-topic-1f45a0d1_d996_4130_9261_c33a79b1ce2a] Revoke previously assigned partitions topic-1f45a0d1_d996_4130_9261_c33a79b1ce2a-0
2025-07-31 15:53:19,787 INFO  [org.apa.kaf.cli.con.int.ConsumerCoordinator] (Thread-238) [Consumer clientId=consumer-Consumer-topic-1f45a0d1_d996_4130_9261_c33a79b1ce2a-16, groupId=Consumer-topic-1f45a0d1_d996_4130_9261_c33a79b1ce2a] Member consumer-Consumer-topic-1f45a0d1_d996_4130_9261_c33a79b1ce2a-16-fb70a56c-fe3a-4d9e-9431-1b1d76708f41 sending LeaveGroup request to coordinator localhost:32770 (id: 2147483647 rack: null) due to the consumer is being closed
2025-07-31 15:53:19,787 INFO  [org.apa.kaf.cli.con.int.ConsumerCoordinator] (Thread-238) [Consumer clientId=consumer-Consumer-topic-1f45a0d1_d996_4130_9261_c33a79b1ce2a-16, groupId=Consumer-topic-1f45a0d1_d996_4130_9261_c33a79b1ce2a] Resetting generation and member id due to: consumer pro-actively leaving the group
2025-07-31 15:53:19,787 INFO  [org.apa.kaf.cli.con.int.ConsumerCoordinator] (Thread-238) [Consumer clientId=consumer-Consumer-topic-1f45a0d1_d996_4130_9261_c33a79b1ce2a-16, groupId=Consumer-topic-1f45a0d1_d996_4130_9261_c33a79b1ce2a] Request joining group due to: consumer pro-actively leaving the group
2025-07-31 15:53:20,286 INFO  [org.apa.kaf.com.met.Metrics] (Thread-238) Metrics scheduler closed
2025-07-31 15:53:20,286 INFO  [org.apa.kaf.com.met.Metrics] (Thread-238) Closing reporter org.apache.kafka.common.metrics.JmxReporter
2025-07-31 15:53:20,286 INFO  [org.apa.kaf.com.met.Metrics] (Thread-238) Closing reporter org.apache.kafka.common.telemetry.internals.ClientTelemetryReporter
2025-07-31 15:53:20,286 INFO  [org.apa.kaf.com.met.Metrics] (Thread-238) Metrics reporters closed
2025-07-31 15:53:20,288 INFO  [org.apa.kaf.com.uti.AppInfoParser] (Thread-238) App info kafka.consumer for consumer-Consumer-topic-1f45a0d1_d996_4130_9261_c33a79b1ce2a-16 unregistered
2025-07-31 15:53:20,289 INFO  [io.api.tes.uti.TestSeparator] (main) io.apicurio.tests.serdes.apicurio.AvroSerdeIT.testAvroConfluentForMultipleTopics-FINISHED
2025-07-31 15:53:20,289 INFO  [io.api.tes.uti.TestSeparator] (main) ############################################################################
]]></system-out>
  </testcase>
  <testcase name="testFirstRequestFailsRateLimited" classname="io.apicurio.tests.serdes.apicurio.AvroSerdeIT" time="0.957">
    <system-out><![CDATA[2025-07-31 15:53:20,290 INFO  [io.api.tes.uti.TestSeparator] (main) ############################################################################
2025-07-31 15:53:20,290 INFO  [io.api.tes.uti.TestSeparator] (main) io.apicurio.tests.serdes.apicurio.AvroSerdeIT.testFirstRequestFailsRateLimited-STARTED
2025-07-31 15:53:20,762 WARN  [org.ecl.jet.ser.AbstractConnector] (main) Acceptors should be <= availableProcessors: NetworkTrafficServerConnector@138617da{HTTP/1.1, (http/1.1, h2c)}{0.0.0.0:0} 
2025-07-31 15:53:20,891 INFO  [org.ecl.jet.ser.Server] (main) jetty-11.0.15; built: 2023-04-11T18:37:53.775Z; git: 5bc5e562c8d05c5862505aebe5cf83a61bdbcb96; jvm 17.0.16+8
2025-07-31 15:53:20,917 INFO  [org.ecl.jet.ser.han.ContextHandler] (main) Started o.e.j.s.ServletContextHandler@7e3f3a34{/__admin,null,AVAILABLE}
2025-07-31 15:53:20,925 INFO  [org.ecl.jet.ser.han.Con.ROOT] (main) RequestHandlerClass from context returned com.github.tomakehurst.wiremock.http.StubRequestHandler. Normalized mapped under returned 'null'
2025-07-31 15:53:20,926 INFO  [org.ecl.jet.ser.han.ContextHandler] (main) Started o.e.j.s.ServletContextHandler@2e79acec{/,null,AVAILABLE}
2025-07-31 15:53:20,933 INFO  [org.ecl.jet.ser.AbstractConnector] (main) Started NetworkTrafficServerConnector@138617da{HTTP/1.1, (http/1.1, h2c)}{0.0.0.0:41891}
2025-07-31 15:53:20,934 INFO  [org.ecl.jet.ser.Server] (main) Started Server@32394a4b{STARTING}[11.0.15,sto=1000] @68835ms
2025-07-31 15:53:20,948 INFO  [org.apa.kaf.cli.pro.ProducerConfig] (main) ProducerConfig values: 
	acks = -1
	auto.include.jmx.reporter = true
	batch.size = 16384
	bootstrap.servers = [PLAINTEXT://localhost:32770]
	buffer.memory = 33554432
	client.dns.lookup = use_all_dns_ips
	client.id = Producer-topic-e280796b_2b8b_4e9e_955b_7e4f0d8bbbb5
	compression.gzip.level = -1
	compression.lz4.level = 9
	compression.type = none
	compression.zstd.level = 3
	connections.max.idle.ms = 10000
	delivery.timeout.ms = 120000
	enable.idempotence = true
	enable.metrics.push = true
	interceptor.classes = []
	key.serializer = class org.apache.kafka.common.serialization.StringSerializer
	linger.ms = 0
	max.block.ms = 60000
	max.in.flight.requests.per.connection = 5
	max.request.size = 1048576
	metadata.max.age.ms = 300000
	metadata.max.idle.ms = 300000
	metadata.recovery.strategy = none
	metric.reporters = []
	metrics.num.samples = 2
	metrics.recording.level = INFO
	metrics.sample.window.ms = 30000
	partitioner.adaptive.partitioning.enable = true
	partitioner.availability.timeout.ms = 0
	partitioner.class = null
	partitioner.ignore.keys = false
	receive.buffer.bytes = 32768
	reconnect.backoff.max.ms = 1000
	reconnect.backoff.ms = 50
	request.timeout.ms = 5000
	retries = 2147483647
	retry.backoff.max.ms = 1000
	retry.backoff.ms = 100
	sasl.client.callback.handler.class = null
	sasl.jaas.config = null
	sasl.kerberos.kinit.cmd = /usr/bin/kinit
	sasl.kerberos.min.time.before.relogin = 60000
	sasl.kerberos.service.name = null
	sasl.kerberos.ticket.renew.jitter = 0.05
	sasl.kerberos.ticket.renew.window.factor = 0.8
	sasl.login.callback.handler.class = null
	sasl.login.class = null
	sasl.login.connect.timeout.ms = null
	sasl.login.read.timeout.ms = null
	sasl.login.refresh.buffer.seconds = 300
	sasl.login.refresh.min.period.seconds = 60
	sasl.login.refresh.window.factor = 0.8
	sasl.login.refresh.window.jitter = 0.05
	sasl.login.retry.backoff.max.ms = 10000
	sasl.login.retry.backoff.ms = 100
	sasl.mechanism = GSSAPI
	sasl.oauthbearer.clock.skew.seconds = 30
	sasl.oauthbearer.expected.audience = null
	sasl.oauthbearer.expected.issuer = null
	sasl.oauthbearer.header.urlencode = false
	sasl.oauthbearer.jwks.endpoint.refresh.ms = 3600000
	sasl.oauthbearer.jwks.endpoint.retry.backoff.max.ms = 10000
	sasl.oauthbearer.jwks.endpoint.retry.backoff.ms = 100
	sasl.oauthbearer.jwks.endpoint.url = null
	sasl.oauthbearer.scope.claim.name = scope
	sasl.oauthbearer.sub.claim.name = sub
	sasl.oauthbearer.token.endpoint.url = null
	security.protocol = PLAINTEXT
	security.providers = null
	send.buffer.bytes = 131072
	socket.connection.setup.timeout.max.ms = 30000
	socket.connection.setup.timeout.ms = 10000
	ssl.cipher.suites = null
	ssl.enabled.protocols = [TLSv1.2, TLSv1.3]
	ssl.endpoint.identification.algorithm = https
	ssl.engine.factory.class = null
	ssl.key.password = null
	ssl.keymanager.algorithm = SunX509
	ssl.keystore.certificate.chain = null
	ssl.keystore.key = null
	ssl.keystore.location = null
	ssl.keystore.password = null
	ssl.keystore.type = JKS
	ssl.protocol = TLSv1.3
	ssl.provider = null
	ssl.secure.random.implementation = null
	ssl.trustmanager.algorithm = PKIX
	ssl.truststore.certificates = null
	ssl.truststore.location = null
	ssl.truststore.password = null
	ssl.truststore.type = JKS
	transaction.timeout.ms = 60000
	transactional.id = null
	value.serializer = class io.apicurio.registry.serde.avro.AvroKafkaSerializer

2025-07-31 15:53:20,949 INFO  [org.apa.kaf.com.tel.int.KafkaMetricsCollector] (main) initializing Kafka metrics collector
2025-07-31 15:53:20,953 INFO  [org.apa.kaf.cli.pro.KafkaProducer] (main) [Producer clientId=Producer-topic-e280796b_2b8b_4e9e_955b_7e4f0d8bbbb5] Instantiated an idempotent producer.
2025-07-31 15:53:20,956 INFO  [org.apa.kaf.cli.pro.ProducerConfig] (main) These configurations '[apicurio.registry.url, apicurio.registry.artifact-resolver-strategy]' were supplied but are not used yet.
2025-07-31 15:53:20,956 INFO  [org.apa.kaf.com.uti.AppInfoParser] (main) Kafka version: 3.9.0
2025-07-31 15:53:20,957 INFO  [org.apa.kaf.com.uti.AppInfoParser] (main) Kafka commitId: 84caaa6e9da06435
2025-07-31 15:53:20,957 INFO  [org.apa.kaf.com.uti.AppInfoParser] (main) Kafka startTimeMs: 1753977200956
2025-07-31 15:53:20,959 INFO  [io.api.tes.ser.api.KafkaSerdesTester] (Thread-249) Sending message {"keyB": "value-0"} to topic topic-e280796b_2b8b_4e9e_955b_7e4f0d8bbbb5
2025-07-31 15:53:20,974 WARN  [org.apa.kaf.cli.NetworkClient] (kafka-producer-network-thread | Producer-topic-e280796b_2b8b_4e9e_955b_7e4f0d8bbbb5) [Producer clientId=Producer-topic-e280796b_2b8b_4e9e_955b_7e4f0d8bbbb5] The metadata response from the cluster reported a recoverable issue with correlation id 2 : {topic-e280796b_2b8b_4e9e_955b_7e4f0d8bbbb5=LEADER_NOT_AVAILABLE}
2025-07-31 15:53:20,974 INFO  [org.apa.kaf.cli.Metadata] (kafka-producer-network-thread | Producer-topic-e280796b_2b8b_4e9e_955b_7e4f0d8bbbb5) [Producer clientId=Producer-topic-e280796b_2b8b_4e9e_955b_7e4f0d8bbbb5] Cluster ID: k5QcScx1TGu5ZEx470RFLw
2025-07-31 15:53:20,975 INFO  [org.apa.kaf.cli.pro.int.TransactionManager] (kafka-producer-network-thread | Producer-topic-e280796b_2b8b_4e9e_955b_7e4f0d8bbbb5) [Producer clientId=Producer-topic-e280796b_2b8b_4e9e_955b_7e4f0d8bbbb5] ProducerId set to 22 with epoch 0
2025-07-31 15:53:21,092 INFO  [DefaultSchemaResolver] (Thread-249) Retrieving schema content using string: {"type":"record","name":"myrecord","namespace":"mygroup","fields":[{"name":"keyB","type":"string"}]}
2025-07-31 15:53:21,228 INFO  [org.apa.kaf.cli.pro.KafkaProducer] (Thread-249) [Producer clientId=Producer-topic-e280796b_2b8b_4e9e_955b_7e4f0d8bbbb5] Closing the Kafka producer with timeoutMillis = 9223372036854775807 ms.
2025-07-31 15:53:21,231 INFO  [org.apa.kaf.com.met.Metrics] (Thread-249) Metrics scheduler closed
2025-07-31 15:53:21,231 INFO  [org.apa.kaf.com.met.Metrics] (Thread-249) Closing reporter org.apache.kafka.common.metrics.JmxReporter
2025-07-31 15:53:21,231 INFO  [org.apa.kaf.com.met.Metrics] (Thread-249) Closing reporter org.apache.kafka.common.telemetry.internals.ClientTelemetryReporter
2025-07-31 15:53:21,231 INFO  [org.apa.kaf.com.met.Metrics] (Thread-249) Metrics reporters closed
2025-07-31 15:53:21,232 INFO  [org.apa.kaf.com.uti.AppInfoParser] (Thread-249) App info kafka.producer for Producer-topic-e280796b_2b8b_4e9e_955b_7e4f0d8bbbb5 unregistered
2025-07-31 15:53:21,235 INFO  [org.ecl.jet.ser.Server] (main) Stopped Server@32394a4b{STOPPING}[11.0.15,sto=1000]
2025-07-31 15:53:21,235 INFO  [org.ecl.jet.ser.Server] (main) Shutdown Server@32394a4b{STOPPING}[11.0.15,sto=1000]
2025-07-31 15:53:21,240 INFO  [org.ecl.jet.ser.AbstractConnector] (main) Stopped NetworkTrafficServerConnector@138617da{HTTP/1.1, (http/1.1, h2c)}{0.0.0.0:0}
2025-07-31 15:53:21,242 INFO  [org.ecl.jet.ser.han.ContextHandler] (main) Stopped o.e.j.s.ServletContextHandler@2e79acec{/,null,STOPPED}
2025-07-31 15:53:21,242 INFO  [org.ecl.jet.ser.han.ContextHandler] (main) Stopped o.e.j.s.ServletContextHandler@7e3f3a34{/__admin,null,STOPPED}
2025-07-31 15:53:21,245 INFO  [io.api.tes.uti.TestSeparator] (main) io.apicurio.tests.serdes.apicurio.AvroSerdeIT.testFirstRequestFailsRateLimited-FINISHED
2025-07-31 15:53:21,245 INFO  [io.api.tes.uti.TestSeparator] (main) ############################################################################
]]></system-out>
    <system-err><![CDATA[com.microsoft.kiota.ApiException: the server returned an unexpected status code and no error class is registered for this code 429
	at com.microsoft.kiota.ApiExceptionBuilder.withMessage(ApiExceptionBuilder.java:45)
	at io.kiota.http.vertx.VertXRequestAdapter.throwIfFailedResponse(VertXRequestAdapter.java:370)
	at io.kiota.http.vertx.VertXRequestAdapter.send(VertXRequestAdapter.java:170)
	at io.apicurio.registry.rest.client.search.versions.VersionsRequestBuilder.post(VersionsRequestBuilder.java:94)
	at io.apicurio.registry.resolver.DefaultSchemaResolver.lambda$handleResolveSchemaByContent$5(DefaultSchemaResolver.java:276)
	at io.apicurio.registry.resolver.ERCache.lambda$getValue$0(ERCache.java:181)
	at io.apicurio.registry.resolver.ERCache.retry(ERCache.java:234)
	at io.apicurio.registry.resolver.ERCache.getValue(ERCache.java:180)
	at io.apicurio.registry.resolver.ERCache.getByContent(ERCache.java:154)
	at io.apicurio.registry.resolver.DefaultSchemaResolver.handleResolveSchemaByContent(DefaultSchemaResolver.java:269)
	at io.apicurio.registry.resolver.DefaultSchemaResolver.getSchemaFromRegistry(DefaultSchemaResolver.java:142)
	at io.apicurio.registry.resolver.DefaultSchemaResolver.lambda$resolveSchema$0(DefaultSchemaResolver.java:86)
	at java.base/java.util.Optional.orElseGet(Optional.java:364)
	at io.apicurio.registry.resolver.DefaultSchemaResolver.resolveSchema(DefaultSchemaResolver.java:86)
	at io.apicurio.registry.serde.AbstractSerializer.serializeData(AbstractSerializer.java:62)
	at io.apicurio.registry.serde.KafkaSerializer.serialize(KafkaSerializer.java:77)
	at org.apache.kafka.clients.producer.KafkaProducer.doSend(KafkaProducer.java:1046)
	at org.apache.kafka.clients.producer.KafkaProducer.send(KafkaProducer.java:993)
	at org.apache.kafka.clients.producer.KafkaProducer.send(KafkaProducer.java:875)
	at io.apicurio.tests.serdes.apicurio.KafkaSerdesTester.lambda$produceMessages$3(KafkaSerdesTester.java:138)
	at java.base/java.util.concurrent.CompletableFuture$AsyncSupply.run(CompletableFuture.java:1768)
	at java.base/java.lang.Thread.run(Thread.java:840)
]]></system-err>
  </testcase>
  <testcase name="testFirstEmptyFieldConfusedAsMagicByte" classname="io.apicurio.tests.serdes.apicurio.AvroSerdeIT" time="1.334">
    <system-out><![CDATA[2025-07-31 15:53:21,252 INFO  [io.api.tes.uti.TestSeparator] (main) ############################################################################
2025-07-31 15:53:21,252 INFO  [io.api.tes.uti.TestSeparator] (main) io.apicurio.tests.serdes.apicurio.AvroSerdeIT.testFirstEmptyFieldConfusedAsMagicByte-STARTED
2025-07-31 15:53:21,255 INFO  [org.apa.kaf.cli.pro.ProducerConfig] (main) ProducerConfig values: 
	acks = -1
	auto.include.jmx.reporter = true
	batch.size = 16384
	bootstrap.servers = [PLAINTEXT://localhost:32770]
	buffer.memory = 33554432
	client.dns.lookup = use_all_dns_ips
	client.id = Producer-topic-b04e85fe_445c_4491_82b9_4d2db7abc4d0
	compression.gzip.level = -1
	compression.lz4.level = 9
	compression.type = none
	compression.zstd.level = 3
	connections.max.idle.ms = 10000
	delivery.timeout.ms = 120000
	enable.idempotence = true
	enable.metrics.push = true
	interceptor.classes = []
	key.serializer = class org.apache.kafka.common.serialization.StringSerializer
	linger.ms = 0
	max.block.ms = 60000
	max.in.flight.requests.per.connection = 5
	max.request.size = 1048576
	metadata.max.age.ms = 300000
	metadata.max.idle.ms = 300000
	metadata.recovery.strategy = none
	metric.reporters = []
	metrics.num.samples = 2
	metrics.recording.level = INFO
	metrics.sample.window.ms = 30000
	partitioner.adaptive.partitioning.enable = true
	partitioner.availability.timeout.ms = 0
	partitioner.class = null
	partitioner.ignore.keys = false
	receive.buffer.bytes = 32768
	reconnect.backoff.max.ms = 1000
	reconnect.backoff.ms = 50
	request.timeout.ms = 5000
	retries = 2147483647
	retry.backoff.max.ms = 1000
	retry.backoff.ms = 100
	sasl.client.callback.handler.class = null
	sasl.jaas.config = null
	sasl.kerberos.kinit.cmd = /usr/bin/kinit
	sasl.kerberos.min.time.before.relogin = 60000
	sasl.kerberos.service.name = null
	sasl.kerberos.ticket.renew.jitter = 0.05
	sasl.kerberos.ticket.renew.window.factor = 0.8
	sasl.login.callback.handler.class = null
	sasl.login.class = null
	sasl.login.connect.timeout.ms = null
	sasl.login.read.timeout.ms = null
	sasl.login.refresh.buffer.seconds = 300
	sasl.login.refresh.min.period.seconds = 60
	sasl.login.refresh.window.factor = 0.8
	sasl.login.refresh.window.jitter = 0.05
	sasl.login.retry.backoff.max.ms = 10000
	sasl.login.retry.backoff.ms = 100
	sasl.mechanism = GSSAPI
	sasl.oauthbearer.clock.skew.seconds = 30
	sasl.oauthbearer.expected.audience = null
	sasl.oauthbearer.expected.issuer = null
	sasl.oauthbearer.header.urlencode = false
	sasl.oauthbearer.jwks.endpoint.refresh.ms = 3600000
	sasl.oauthbearer.jwks.endpoint.retry.backoff.max.ms = 10000
	sasl.oauthbearer.jwks.endpoint.retry.backoff.ms = 100
	sasl.oauthbearer.jwks.endpoint.url = null
	sasl.oauthbearer.scope.claim.name = scope
	sasl.oauthbearer.sub.claim.name = sub
	sasl.oauthbearer.token.endpoint.url = null
	security.protocol = PLAINTEXT
	security.providers = null
	send.buffer.bytes = 131072
	socket.connection.setup.timeout.max.ms = 30000
	socket.connection.setup.timeout.ms = 10000
	ssl.cipher.suites = null
	ssl.enabled.protocols = [TLSv1.2, TLSv1.3]
	ssl.endpoint.identification.algorithm = https
	ssl.engine.factory.class = null
	ssl.key.password = null
	ssl.keymanager.algorithm = SunX509
	ssl.keystore.certificate.chain = null
	ssl.keystore.key = null
	ssl.keystore.location = null
	ssl.keystore.password = null
	ssl.keystore.type = JKS
	ssl.protocol = TLSv1.3
	ssl.provider = null
	ssl.secure.random.implementation = null
	ssl.trustmanager.algorithm = PKIX
	ssl.truststore.certificates = null
	ssl.truststore.location = null
	ssl.truststore.password = null
	ssl.truststore.type = JKS
	transaction.timeout.ms = 60000
	transactional.id = null
	value.serializer = class io.apicurio.registry.serde.avro.AvroKafkaSerializer

2025-07-31 15:53:21,255 INFO  [org.apa.kaf.com.tel.int.KafkaMetricsCollector] (main) initializing Kafka metrics collector
2025-07-31 15:53:21,267 INFO  [org.apa.kaf.cli.pro.KafkaProducer] (main) [Producer clientId=Producer-topic-b04e85fe_445c_4491_82b9_4d2db7abc4d0] Instantiated an idempotent producer.
2025-07-31 15:53:21,273 INFO  [org.apa.kaf.cli.pro.ProducerConfig] (main) These configurations '[apicurio.registry.url, apicurio.registry.auto-register, apicurio.registry.artifact-resolver-strategy]' were supplied but are not used yet.
2025-07-31 15:53:21,273 INFO  [org.apa.kaf.com.uti.AppInfoParser] (main) Kafka version: 3.9.0
2025-07-31 15:53:21,273 INFO  [org.apa.kaf.com.uti.AppInfoParser] (main) Kafka commitId: 84caaa6e9da06435
2025-07-31 15:53:21,273 INFO  [org.apa.kaf.com.uti.AppInfoParser] (main) Kafka startTimeMs: 1753977201273
2025-07-31 15:53:21,273 INFO  [io.api.tes.ser.api.SimpleSerdesTesterBuilder$SimpleSerdesTester] (main) Using producer configuration: {apicurio.registry.url=http://registry-app-kafkasql.apps.ci419.apicurio-testing.org:80/apis/registry/v3, apicurio.registry.auto-register=true, apicurio.registry.artifact-resolver-strategy=io.apicurio.registry.serde.strategy.SimpleTopicIdStrategy, value.serializer=io.apicurio.registry.serde.avro.AvroKafkaSerializer, request.timeout.ms=5000, acks=all, bootstrap.servers=PLAINTEXT://localhost:32770, connections.max.idle.ms=10000, key.serializer=org.apache.kafka.common.serialization.StringSerializer, client.id=Producer-topic-b04e85fe_445c_4491_82b9_4d2db7abc4d0}
2025-07-31 15:53:21,273 INFO  [io.api.tes.ser.api.SimpleSerdesTesterBuilder$SimpleSerdesTester] (main) Using consumer configuration: {}
2025-07-31 15:53:21,275 INFO  [io.api.tes.ser.api.KafkaSerdesTester] (Thread-252) Sending message {"username": null} to topic topic-b04e85fe_445c_4491_82b9_4d2db7abc4d0
2025-07-31 15:53:21,299 WARN  [org.apa.kaf.cli.NetworkClient] (kafka-producer-network-thread | Producer-topic-b04e85fe_445c_4491_82b9_4d2db7abc4d0) [Producer clientId=Producer-topic-b04e85fe_445c_4491_82b9_4d2db7abc4d0] The metadata response from the cluster reported a recoverable issue with correlation id 2 : {topic-b04e85fe_445c_4491_82b9_4d2db7abc4d0=LEADER_NOT_AVAILABLE}
2025-07-31 15:53:21,299 INFO  [org.apa.kaf.cli.Metadata] (kafka-producer-network-thread | Producer-topic-b04e85fe_445c_4491_82b9_4d2db7abc4d0) [Producer clientId=Producer-topic-b04e85fe_445c_4491_82b9_4d2db7abc4d0] Cluster ID: k5QcScx1TGu5ZEx470RFLw
2025-07-31 15:53:21,300 INFO  [org.apa.kaf.cli.pro.int.TransactionManager] (kafka-producer-network-thread | Producer-topic-b04e85fe_445c_4491_82b9_4d2db7abc4d0) [Producer clientId=Producer-topic-b04e85fe_445c_4491_82b9_4d2db7abc4d0] ProducerId set to 23 with epoch 0
2025-07-31 15:53:21,587 INFO  [io.api.tes.ser.api.KafkaSerdesTester] (Thread-252) Sending message {"username": null} to topic topic-b04e85fe_445c_4491_82b9_4d2db7abc4d0
2025-07-31 15:53:21,591 INFO  [io.api.tes.ser.api.KafkaSerdesTester] (Thread-252) Sending message {"username": "value-2"} to topic topic-b04e85fe_445c_4491_82b9_4d2db7abc4d0
2025-07-31 15:53:21,592 INFO  [io.api.tes.ser.api.KafkaSerdesTester] (Thread-252) Sending message {"username": null} to topic topic-b04e85fe_445c_4491_82b9_4d2db7abc4d0
2025-07-31 15:53:21,595 INFO  [io.api.tes.ser.api.KafkaSerdesTester] (Thread-252) Sending message {"username": "value-4"} to topic topic-b04e85fe_445c_4491_82b9_4d2db7abc4d0
2025-07-31 15:53:21,596 INFO  [io.api.tes.ser.api.KafkaSerdesTester] (Thread-252) Sending message {"username": null} to topic topic-b04e85fe_445c_4491_82b9_4d2db7abc4d0
2025-07-31 15:53:21,598 INFO  [io.api.tes.ser.api.KafkaSerdesTester] (Thread-252) Sending message {"username": "value-6"} to topic topic-b04e85fe_445c_4491_82b9_4d2db7abc4d0
2025-07-31 15:53:21,600 INFO  [io.api.tes.ser.api.KafkaSerdesTester] (Thread-252) Sending message {"username": null} to topic topic-b04e85fe_445c_4491_82b9_4d2db7abc4d0
2025-07-31 15:53:21,602 INFO  [io.api.tes.ser.api.KafkaSerdesTester] (Thread-252) Sending message {"username": "value-8"} to topic topic-b04e85fe_445c_4491_82b9_4d2db7abc4d0
2025-07-31 15:53:21,603 INFO  [io.api.tes.ser.api.KafkaSerdesTester] (Thread-252) Sending message {"username": null} to topic topic-b04e85fe_445c_4491_82b9_4d2db7abc4d0
2025-07-31 15:53:21,604 INFO  [io.api.tes.ser.api.KafkaSerdesTester] (Thread-252) Produced 10 messages
2025-07-31 15:53:21,604 INFO  [org.apa.kaf.cli.pro.KafkaProducer] (Thread-252) [Producer clientId=Producer-topic-b04e85fe_445c_4491_82b9_4d2db7abc4d0] Closing the Kafka producer with timeoutMillis = 9223372036854775807 ms.
2025-07-31 15:53:21,605 INFO  [org.apa.kaf.com.met.Metrics] (Thread-252) Metrics scheduler closed
2025-07-31 15:53:21,605 INFO  [org.apa.kaf.com.met.Metrics] (Thread-252) Closing reporter org.apache.kafka.common.metrics.JmxReporter
2025-07-31 15:53:21,605 INFO  [org.apa.kaf.com.met.Metrics] (Thread-252) Closing reporter org.apache.kafka.common.telemetry.internals.ClientTelemetryReporter
2025-07-31 15:53:21,605 INFO  [org.apa.kaf.com.met.Metrics] (Thread-252) Metrics reporters closed
2025-07-31 15:53:21,606 INFO  [org.apa.kaf.com.uti.AppInfoParser] (Thread-252) App info kafka.producer for Producer-topic-b04e85fe_445c_4491_82b9_4d2db7abc4d0 unregistered
2025-07-31 15:53:21,726 INFO  [org.apa.kaf.cli.con.ConsumerConfig] (main) ConsumerConfig values: 
	allow.auto.create.topics = true
	auto.commit.interval.ms = 500
	auto.include.jmx.reporter = true
	auto.offset.reset = earliest
	bootstrap.servers = [PLAINTEXT://localhost:32770]
	check.crcs = true
	client.dns.lookup = use_all_dns_ips
	client.id = consumer-Consumer-topic-b04e85fe_445c_4491_82b9_4d2db7abc4d0-17
	client.rack = 
	connections.max.idle.ms = 10000
	default.api.timeout.ms = 60000
	enable.auto.commit = true
	enable.metrics.push = true
	exclude.internal.topics = true
	fetch.max.bytes = 52428800
	fetch.max.wait.ms = 500
	fetch.min.bytes = 1
	group.id = Consumer-topic-b04e85fe_445c_4491_82b9_4d2db7abc4d0
	group.instance.id = null
	group.protocol = classic
	group.remote.assignor = null
	heartbeat.interval.ms = 3000
	interceptor.classes = []
	internal.leave.group.on.close = true
	internal.throw.on.fetch.stable.offset.unsupported = false
	isolation.level = read_uncommitted
	key.deserializer = class org.apache.kafka.common.serialization.StringDeserializer
	max.partition.fetch.bytes = 1048576
	max.poll.interval.ms = 300000
	max.poll.records = 500
	metadata.max.age.ms = 300000
	metadata.recovery.strategy = none
	metric.reporters = []
	metrics.num.samples = 2
	metrics.recording.level = INFO
	metrics.sample.window.ms = 30000
	partition.assignment.strategy = [class org.apache.kafka.clients.consumer.RangeAssignor, class org.apache.kafka.clients.consumer.CooperativeStickyAssignor]
	receive.buffer.bytes = 65536
	reconnect.backoff.max.ms = 1000
	reconnect.backoff.ms = 50
	request.timeout.ms = 5000
	retry.backoff.max.ms = 1000
	retry.backoff.ms = 100
	sasl.client.callback.handler.class = null
	sasl.jaas.config = null
	sasl.kerberos.kinit.cmd = /usr/bin/kinit
	sasl.kerberos.min.time.before.relogin = 60000
	sasl.kerberos.service.name = null
	sasl.kerberos.ticket.renew.jitter = 0.05
	sasl.kerberos.ticket.renew.window.factor = 0.8
	sasl.login.callback.handler.class = null
	sasl.login.class = null
	sasl.login.connect.timeout.ms = null
	sasl.login.read.timeout.ms = null
	sasl.login.refresh.buffer.seconds = 300
	sasl.login.refresh.min.period.seconds = 60
	sasl.login.refresh.window.factor = 0.8
	sasl.login.refresh.window.jitter = 0.05
	sasl.login.retry.backoff.max.ms = 10000
	sasl.login.retry.backoff.ms = 100
	sasl.mechanism = GSSAPI
	sasl.oauthbearer.clock.skew.seconds = 30
	sasl.oauthbearer.expected.audience = null
	sasl.oauthbearer.expected.issuer = null
	sasl.oauthbearer.header.urlencode = false
	sasl.oauthbearer.jwks.endpoint.refresh.ms = 3600000
	sasl.oauthbearer.jwks.endpoint.retry.backoff.max.ms = 10000
	sasl.oauthbearer.jwks.endpoint.retry.backoff.ms = 100
	sasl.oauthbearer.jwks.endpoint.url = null
	sasl.oauthbearer.scope.claim.name = scope
	sasl.oauthbearer.sub.claim.name = sub
	sasl.oauthbearer.token.endpoint.url = null
	security.protocol = PLAINTEXT
	security.providers = null
	send.buffer.bytes = 131072
	session.timeout.ms = 45000
	socket.connection.setup.timeout.max.ms = 30000
	socket.connection.setup.timeout.ms = 10000
	ssl.cipher.suites = null
	ssl.enabled.protocols = [TLSv1.2, TLSv1.3]
	ssl.endpoint.identification.algorithm = https
	ssl.engine.factory.class = null
	ssl.key.password = null
	ssl.keymanager.algorithm = SunX509
	ssl.keystore.certificate.chain = null
	ssl.keystore.key = null
	ssl.keystore.location = null
	ssl.keystore.password = null
	ssl.keystore.type = JKS
	ssl.protocol = TLSv1.3
	ssl.provider = null
	ssl.secure.random.implementation = null
	ssl.trustmanager.algorithm = PKIX
	ssl.truststore.certificates = null
	ssl.truststore.location = null
	ssl.truststore.password = null
	ssl.truststore.type = JKS
	value.deserializer = class io.apicurio.registry.serde.avro.AvroKafkaDeserializer

2025-07-31 15:53:21,727 INFO  [org.apa.kaf.com.tel.int.KafkaMetricsCollector] (main) initializing Kafka metrics collector
2025-07-31 15:53:21,732 INFO  [org.apa.kaf.cli.con.ConsumerConfig] (main) These configurations '[apicurio.registry.url]' were supplied but are not used yet.
2025-07-31 15:53:21,732 INFO  [org.apa.kaf.com.uti.AppInfoParser] (main) Kafka version: 3.9.0
2025-07-31 15:53:21,732 INFO  [org.apa.kaf.com.uti.AppInfoParser] (main) Kafka commitId: 84caaa6e9da06435
2025-07-31 15:53:21,732 INFO  [org.apa.kaf.com.uti.AppInfoParser] (main) Kafka startTimeMs: 1753977201732
2025-07-31 15:53:21,732 INFO  [org.apa.kaf.cli.con.int.ClassicKafkaConsumer] (Thread-255) [Consumer clientId=consumer-Consumer-topic-b04e85fe_445c_4491_82b9_4d2db7abc4d0-17, groupId=Consumer-topic-b04e85fe_445c_4491_82b9_4d2db7abc4d0] Subscribed to topic(s): topic-b04e85fe_445c_4491_82b9_4d2db7abc4d0
2025-07-31 15:53:21,736 INFO  [org.apa.kaf.cli.Metadata] (Thread-255) [Consumer clientId=consumer-Consumer-topic-b04e85fe_445c_4491_82b9_4d2db7abc4d0-17, groupId=Consumer-topic-b04e85fe_445c_4491_82b9_4d2db7abc4d0] Cluster ID: k5QcScx1TGu5ZEx470RFLw
2025-07-31 15:53:21,736 INFO  [org.apa.kaf.cli.con.int.ConsumerCoordinator] (Thread-255) [Consumer clientId=consumer-Consumer-topic-b04e85fe_445c_4491_82b9_4d2db7abc4d0-17, groupId=Consumer-topic-b04e85fe_445c_4491_82b9_4d2db7abc4d0] Discovered group coordinator localhost:32770 (id: 2147483647 rack: null)
2025-07-31 15:53:21,737 INFO  [org.apa.kaf.cli.con.int.ConsumerCoordinator] (Thread-255) [Consumer clientId=consumer-Consumer-topic-b04e85fe_445c_4491_82b9_4d2db7abc4d0-17, groupId=Consumer-topic-b04e85fe_445c_4491_82b9_4d2db7abc4d0] (Re-)joining group
2025-07-31 15:53:21,741 INFO  [org.apa.kaf.cli.con.int.ConsumerCoordinator] (Thread-255) [Consumer clientId=consumer-Consumer-topic-b04e85fe_445c_4491_82b9_4d2db7abc4d0-17, groupId=Consumer-topic-b04e85fe_445c_4491_82b9_4d2db7abc4d0] Request joining group due to: need to re-join with the given member-id: consumer-Consumer-topic-b04e85fe_445c_4491_82b9_4d2db7abc4d0-17-5a1f03f8-f614-4982-848b-efa2d022621b
2025-07-31 15:53:21,741 INFO  [org.apa.kaf.cli.con.int.ConsumerCoordinator] (Thread-255) [Consumer clientId=consumer-Consumer-topic-b04e85fe_445c_4491_82b9_4d2db7abc4d0-17, groupId=Consumer-topic-b04e85fe_445c_4491_82b9_4d2db7abc4d0] (Re-)joining group
2025-07-31 15:53:21,744 INFO  [org.apa.kaf.cli.con.int.ConsumerCoordinator] (Thread-255) [Consumer clientId=consumer-Consumer-topic-b04e85fe_445c_4491_82b9_4d2db7abc4d0-17, groupId=Consumer-topic-b04e85fe_445c_4491_82b9_4d2db7abc4d0] Successfully joined group with generation Generation{generationId=1, memberId='consumer-Consumer-topic-b04e85fe_445c_4491_82b9_4d2db7abc4d0-17-5a1f03f8-f614-4982-848b-efa2d022621b', protocol='range'}
2025-07-31 15:53:21,744 INFO  [org.apa.kaf.cli.con.int.ConsumerCoordinator] (Thread-255) [Consumer clientId=consumer-Consumer-topic-b04e85fe_445c_4491_82b9_4d2db7abc4d0-17, groupId=Consumer-topic-b04e85fe_445c_4491_82b9_4d2db7abc4d0] Finished assignment for group at generation 1: {consumer-Consumer-topic-b04e85fe_445c_4491_82b9_4d2db7abc4d0-17-5a1f03f8-f614-4982-848b-efa2d022621b=Assignment(partitions=[topic-b04e85fe_445c_4491_82b9_4d2db7abc4d0-0])}
2025-07-31 15:53:21,746 INFO  [org.apa.kaf.cli.con.int.ConsumerCoordinator] (Thread-255) [Consumer clientId=consumer-Consumer-topic-b04e85fe_445c_4491_82b9_4d2db7abc4d0-17, groupId=Consumer-topic-b04e85fe_445c_4491_82b9_4d2db7abc4d0] Successfully synced group in generation Generation{generationId=1, memberId='consumer-Consumer-topic-b04e85fe_445c_4491_82b9_4d2db7abc4d0-17-5a1f03f8-f614-4982-848b-efa2d022621b', protocol='range'}
2025-07-31 15:53:21,746 INFO  [org.apa.kaf.cli.con.int.ConsumerCoordinator] (Thread-255) [Consumer clientId=consumer-Consumer-topic-b04e85fe_445c_4491_82b9_4d2db7abc4d0-17, groupId=Consumer-topic-b04e85fe_445c_4491_82b9_4d2db7abc4d0] Notifying assignor about the new Assignment(partitions=[topic-b04e85fe_445c_4491_82b9_4d2db7abc4d0-0])
2025-07-31 15:53:21,746 INFO  [org.apa.kaf.cli.con.int.ConsumerRebalanceListenerInvoker] (Thread-255) [Consumer clientId=consumer-Consumer-topic-b04e85fe_445c_4491_82b9_4d2db7abc4d0-17, groupId=Consumer-topic-b04e85fe_445c_4491_82b9_4d2db7abc4d0] Adding newly assigned partitions: topic-b04e85fe_445c_4491_82b9_4d2db7abc4d0-0
2025-07-31 15:53:21,747 INFO  [org.apa.kaf.cli.con.int.ConsumerCoordinator] (Thread-255) [Consumer clientId=consumer-Consumer-topic-b04e85fe_445c_4491_82b9_4d2db7abc4d0-17, groupId=Consumer-topic-b04e85fe_445c_4491_82b9_4d2db7abc4d0] Found no committed offset for partition topic-b04e85fe_445c_4491_82b9_4d2db7abc4d0-0
2025-07-31 15:53:21,750 INFO  [org.apa.kaf.cli.con.int.SubscriptionState] (Thread-255) [Consumer clientId=consumer-Consumer-topic-b04e85fe_445c_4491_82b9_4d2db7abc4d0-17, groupId=Consumer-topic-b04e85fe_445c_4491_82b9_4d2db7abc4d0] Resetting offset for partition topic-b04e85fe_445c_4491_82b9_4d2db7abc4d0-0 to position FetchPosition{offset=0, offsetEpoch=Optional.empty, currentLeader=LeaderAndEpoch{leader=Optional[localhost:32770 (id: 0 rack: null)], epoch=0}}.
2025-07-31 15:53:22,077 INFO  [io.api.tes.ser.api.KafkaSerdesTester] (Thread-255) topic-b04e85fe_445c_4491_82b9_4d2db7abc4d0 0 0 {"username": null}
2025-07-31 15:53:22,077 INFO  [io.api.tes.ser.api.KafkaSerdesTester] (Thread-255) topic-b04e85fe_445c_4491_82b9_4d2db7abc4d0 0 1 {"username": null}
2025-07-31 15:53:22,077 INFO  [io.api.tes.ser.api.KafkaSerdesTester] (Thread-255) topic-b04e85fe_445c_4491_82b9_4d2db7abc4d0 0 2 {"username": "value-2"}
2025-07-31 15:53:22,077 INFO  [io.api.tes.ser.api.KafkaSerdesTester] (Thread-255) topic-b04e85fe_445c_4491_82b9_4d2db7abc4d0 0 3 {"username": null}
2025-07-31 15:53:22,077 INFO  [io.api.tes.ser.api.KafkaSerdesTester] (Thread-255) topic-b04e85fe_445c_4491_82b9_4d2db7abc4d0 0 4 {"username": "value-4"}
2025-07-31 15:53:22,077 INFO  [io.api.tes.ser.api.KafkaSerdesTester] (Thread-255) topic-b04e85fe_445c_4491_82b9_4d2db7abc4d0 0 5 {"username": null}
2025-07-31 15:53:22,077 INFO  [io.api.tes.ser.api.KafkaSerdesTester] (Thread-255) topic-b04e85fe_445c_4491_82b9_4d2db7abc4d0 0 6 {"username": "value-6"}
2025-07-31 15:53:22,077 INFO  [io.api.tes.ser.api.KafkaSerdesTester] (Thread-255) topic-b04e85fe_445c_4491_82b9_4d2db7abc4d0 0 7 {"username": null}
2025-07-31 15:53:22,077 INFO  [io.api.tes.ser.api.KafkaSerdesTester] (Thread-255) topic-b04e85fe_445c_4491_82b9_4d2db7abc4d0 0 8 {"username": "value-8"}
2025-07-31 15:53:22,077 INFO  [io.api.tes.ser.api.KafkaSerdesTester] (Thread-255) topic-b04e85fe_445c_4491_82b9_4d2db7abc4d0 0 9 {"username": null}
2025-07-31 15:53:22,077 INFO  [io.api.tes.ser.api.KafkaSerdesTester] (Thread-255) Consumed 10 messages
2025-07-31 15:53:22,080 INFO  [org.apa.kaf.cli.con.int.ConsumerRebalanceListenerInvoker] (Thread-255) [Consumer clientId=consumer-Consumer-topic-b04e85fe_445c_4491_82b9_4d2db7abc4d0-17, groupId=Consumer-topic-b04e85fe_445c_4491_82b9_4d2db7abc4d0] Revoke previously assigned partitions topic-b04e85fe_445c_4491_82b9_4d2db7abc4d0-0
2025-07-31 15:53:22,080 INFO  [org.apa.kaf.cli.con.int.ConsumerCoordinator] (Thread-255) [Consumer clientId=consumer-Consumer-topic-b04e85fe_445c_4491_82b9_4d2db7abc4d0-17, groupId=Consumer-topic-b04e85fe_445c_4491_82b9_4d2db7abc4d0] Member consumer-Consumer-topic-b04e85fe_445c_4491_82b9_4d2db7abc4d0-17-5a1f03f8-f614-4982-848b-efa2d022621b sending LeaveGroup request to coordinator localhost:32770 (id: 2147483647 rack: null) due to the consumer is being closed
2025-07-31 15:53:22,080 INFO  [org.apa.kaf.cli.con.int.ConsumerCoordinator] (Thread-255) [Consumer clientId=consumer-Consumer-topic-b04e85fe_445c_4491_82b9_4d2db7abc4d0-17, groupId=Consumer-topic-b04e85fe_445c_4491_82b9_4d2db7abc4d0] Resetting generation and member id due to: consumer pro-actively leaving the group
2025-07-31 15:53:22,080 INFO  [org.apa.kaf.cli.con.int.ConsumerCoordinator] (Thread-255) [Consumer clientId=consumer-Consumer-topic-b04e85fe_445c_4491_82b9_4d2db7abc4d0-17, groupId=Consumer-topic-b04e85fe_445c_4491_82b9_4d2db7abc4d0] Request joining group due to: consumer pro-actively leaving the group
2025-07-31 15:53:22,580 INFO  [org.apa.kaf.com.met.Metrics] (Thread-255) Metrics scheduler closed
2025-07-31 15:53:22,580 INFO  [org.apa.kaf.com.met.Metrics] (Thread-255) Closing reporter org.apache.kafka.common.metrics.JmxReporter
2025-07-31 15:53:22,580 INFO  [org.apa.kaf.com.met.Metrics] (Thread-255) Closing reporter org.apache.kafka.common.telemetry.internals.ClientTelemetryReporter
2025-07-31 15:53:22,580 INFO  [org.apa.kaf.com.met.Metrics] (Thread-255) Metrics reporters closed
2025-07-31 15:53:22,582 INFO  [org.apa.kaf.com.uti.AppInfoParser] (Thread-255) App info kafka.consumer for consumer-Consumer-topic-b04e85fe_445c_4491_82b9_4d2db7abc4d0-17 unregistered
2025-07-31 15:53:22,583 INFO  [io.api.tes.uti.TestSeparator] (main) io.apicurio.tests.serdes.apicurio.AvroSerdeIT.testFirstEmptyFieldConfusedAsMagicByte-FINISHED
2025-07-31 15:53:22,583 INFO  [io.api.tes.uti.TestSeparator] (main) ############################################################################
]]></system-out>
  </testcase>
  <testcase name="testAvroSerDesFailDifferentSchemaByContent" classname="io.apicurio.tests.serdes.apicurio.AvroSerdeIT" time="1.361">
    <system-out><![CDATA[2025-07-31 15:53:22,586 INFO  [io.api.tes.uti.TestSeparator] (main) ############################################################################
2025-07-31 15:53:22,586 INFO  [io.api.tes.uti.TestSeparator] (main) io.apicurio.tests.serdes.apicurio.AvroSerdeIT.testAvroSerDesFailDifferentSchemaByContent-STARTED
2025-07-31 15:53:23,751 INFO  [org.apa.kaf.cli.pro.ProducerConfig] (main) ProducerConfig values: 
	acks = -1
	auto.include.jmx.reporter = true
	batch.size = 16384
	bootstrap.servers = [PLAINTEXT://localhost:32770]
	buffer.memory = 33554432
	client.dns.lookup = use_all_dns_ips
	client.id = Producer-topic-41682e23_3b89_4918_82d6_62b8223df8f2
	compression.gzip.level = -1
	compression.lz4.level = 9
	compression.type = none
	compression.zstd.level = 3
	connections.max.idle.ms = 10000
	delivery.timeout.ms = 120000
	enable.idempotence = true
	enable.metrics.push = true
	interceptor.classes = []
	key.serializer = class org.apache.kafka.common.serialization.StringSerializer
	linger.ms = 0
	max.block.ms = 60000
	max.in.flight.requests.per.connection = 5
	max.request.size = 1048576
	metadata.max.age.ms = 300000
	metadata.max.idle.ms = 300000
	metadata.recovery.strategy = none
	metric.reporters = []
	metrics.num.samples = 2
	metrics.recording.level = INFO
	metrics.sample.window.ms = 30000
	partitioner.adaptive.partitioning.enable = true
	partitioner.availability.timeout.ms = 0
	partitioner.class = null
	partitioner.ignore.keys = false
	receive.buffer.bytes = 32768
	reconnect.backoff.max.ms = 1000
	reconnect.backoff.ms = 50
	request.timeout.ms = 5000
	retries = 2147483647
	retry.backoff.max.ms = 1000
	retry.backoff.ms = 100
	sasl.client.callback.handler.class = null
	sasl.jaas.config = null
	sasl.kerberos.kinit.cmd = /usr/bin/kinit
	sasl.kerberos.min.time.before.relogin = 60000
	sasl.kerberos.service.name = null
	sasl.kerberos.ticket.renew.jitter = 0.05
	sasl.kerberos.ticket.renew.window.factor = 0.8
	sasl.login.callback.handler.class = null
	sasl.login.class = null
	sasl.login.connect.timeout.ms = null
	sasl.login.read.timeout.ms = null
	sasl.login.refresh.buffer.seconds = 300
	sasl.login.refresh.min.period.seconds = 60
	sasl.login.refresh.window.factor = 0.8
	sasl.login.refresh.window.jitter = 0.05
	sasl.login.retry.backoff.max.ms = 10000
	sasl.login.retry.backoff.ms = 100
	sasl.mechanism = GSSAPI
	sasl.oauthbearer.clock.skew.seconds = 30
	sasl.oauthbearer.expected.audience = null
	sasl.oauthbearer.expected.issuer = null
	sasl.oauthbearer.header.urlencode = false
	sasl.oauthbearer.jwks.endpoint.refresh.ms = 3600000
	sasl.oauthbearer.jwks.endpoint.retry.backoff.max.ms = 10000
	sasl.oauthbearer.jwks.endpoint.retry.backoff.ms = 100
	sasl.oauthbearer.jwks.endpoint.url = null
	sasl.oauthbearer.scope.claim.name = scope
	sasl.oauthbearer.sub.claim.name = sub
	sasl.oauthbearer.token.endpoint.url = null
	security.protocol = PLAINTEXT
	security.providers = null
	send.buffer.bytes = 131072
	socket.connection.setup.timeout.max.ms = 30000
	socket.connection.setup.timeout.ms = 10000
	ssl.cipher.suites = null
	ssl.enabled.protocols = [TLSv1.2, TLSv1.3]
	ssl.endpoint.identification.algorithm = https
	ssl.engine.factory.class = null
	ssl.key.password = null
	ssl.keymanager.algorithm = SunX509
	ssl.keystore.certificate.chain = null
	ssl.keystore.key = null
	ssl.keystore.location = null
	ssl.keystore.password = null
	ssl.keystore.type = JKS
	ssl.protocol = TLSv1.3
	ssl.provider = null
	ssl.secure.random.implementation = null
	ssl.trustmanager.algorithm = PKIX
	ssl.truststore.certificates = null
	ssl.truststore.location = null
	ssl.truststore.password = null
	ssl.truststore.type = JKS
	transaction.timeout.ms = 60000
	transactional.id = null
	value.serializer = class io.apicurio.registry.serde.avro.AvroKafkaSerializer

2025-07-31 15:53:23,751 INFO  [org.apa.kaf.com.tel.int.KafkaMetricsCollector] (main) initializing Kafka metrics collector
2025-07-31 15:53:23,754 INFO  [org.apa.kaf.cli.pro.KafkaProducer] (main) [Producer clientId=Producer-topic-41682e23_3b89_4918_82d6_62b8223df8f2] Instantiated an idempotent producer.
2025-07-31 15:53:23,756 INFO  [org.apa.kaf.cli.pro.ProducerConfig] (main) These configurations '[apicurio.registry.url, apicurio.registry.artifact-resolver-strategy]' were supplied but are not used yet.
2025-07-31 15:53:23,756 INFO  [org.apa.kaf.com.uti.AppInfoParser] (main) Kafka version: 3.9.0
2025-07-31 15:53:23,756 INFO  [org.apa.kaf.com.uti.AppInfoParser] (main) Kafka commitId: 84caaa6e9da06435
2025-07-31 15:53:23,756 INFO  [org.apa.kaf.com.uti.AppInfoParser] (main) Kafka startTimeMs: 1753977203756
2025-07-31 15:53:23,757 INFO  [io.api.tes.ser.api.KafkaSerdesTester] (Thread-258) Sending message {"keyB": "value-0"} to topic topic-41682e23_3b89_4918_82d6_62b8223df8f2
2025-07-31 15:53:23,760 INFO  [org.apa.kaf.cli.Metadata] (kafka-producer-network-thread | Producer-topic-41682e23_3b89_4918_82d6_62b8223df8f2) [Producer clientId=Producer-topic-41682e23_3b89_4918_82d6_62b8223df8f2] Cluster ID: k5QcScx1TGu5ZEx470RFLw
2025-07-31 15:53:23,760 INFO  [org.apa.kaf.cli.pro.int.TransactionManager] (kafka-producer-network-thread | Producer-topic-41682e23_3b89_4918_82d6_62b8223df8f2) [Producer clientId=Producer-topic-41682e23_3b89_4918_82d6_62b8223df8f2] ProducerId set to 24 with epoch 0
2025-07-31 15:53:23,760 INFO  [DefaultSchemaResolver] (Thread-258) Retrieving schema content using string: {"type":"record","name":"s235bfb2cx5a29x4688x849dx201eb5aac82e","namespace":"s712d2c48x4f03x4194xb7e8x63de68036686","fields":[{"name":"keyB","type":"string"}]}
2025-07-31 15:53:23,942 INFO  [org.apa.kaf.cli.pro.KafkaProducer] (Thread-258) [Producer clientId=Producer-topic-41682e23_3b89_4918_82d6_62b8223df8f2] Closing the Kafka producer with timeoutMillis = 9223372036854775807 ms.
2025-07-31 15:53:23,943 INFO  [org.apa.kaf.com.met.Metrics] (Thread-258) Metrics scheduler closed
2025-07-31 15:53:23,943 INFO  [org.apa.kaf.com.met.Metrics] (Thread-258) Closing reporter org.apache.kafka.common.metrics.JmxReporter
2025-07-31 15:53:23,943 INFO  [org.apa.kaf.com.met.Metrics] (Thread-258) Closing reporter org.apache.kafka.common.telemetry.internals.ClientTelemetryReporter
2025-07-31 15:53:23,943 INFO  [org.apa.kaf.com.met.Metrics] (Thread-258) Metrics reporters closed
2025-07-31 15:53:23,944 INFO  [org.apa.kaf.com.uti.AppInfoParser] (Thread-258) App info kafka.producer for Producer-topic-41682e23_3b89_4918_82d6_62b8223df8f2 unregistered
2025-07-31 15:53:23,945 INFO  [io.api.tes.uti.TestSeparator] (main) io.apicurio.tests.serdes.apicurio.AvroSerdeIT.testAvroSerDesFailDifferentSchemaByContent-FINISHED
2025-07-31 15:53:23,945 INFO  [io.api.tes.uti.TestSeparator] (main) ############################################################################
]]></system-out>
    <system-err><![CDATA[java.lang.RuntimeException: Could not resolve artifact reference by content: {"type":"record","name":"s235bfb2cx5a29x4688x849dx201eb5aac82e","namespace":"s712d2c48x4f03x4194xb7e8x63de68036686","fields":[{"name":"keyB","type":"string"}]}&ArtifactReference [groupId=s712d2c48x4f03x4194xb7e8x63de68036686, artifactId=s235bfb2cx5a29x4688x849dx201eb5aac82e, version=null, globalId=null, contentId=null, contentHash=null]
	at io.apicurio.registry.resolver.DefaultSchemaResolver.lambda$handleResolveSchemaByContent$5(DefaultSchemaResolver.java:300)
	at io.apicurio.registry.resolver.ERCache.lambda$getValue$0(ERCache.java:181)
	at io.apicurio.registry.resolver.ERCache.retry(ERCache.java:234)
	at io.apicurio.registry.resolver.ERCache.getValue(ERCache.java:180)
	at io.apicurio.registry.resolver.ERCache.getByContent(ERCache.java:154)
	at io.apicurio.registry.resolver.DefaultSchemaResolver.handleResolveSchemaByContent(DefaultSchemaResolver.java:269)
	at io.apicurio.registry.resolver.DefaultSchemaResolver.getSchemaFromRegistry(DefaultSchemaResolver.java:142)
	at io.apicurio.registry.resolver.DefaultSchemaResolver.lambda$resolveSchema$0(DefaultSchemaResolver.java:86)
	at java.base/java.util.Optional.orElseGet(Optional.java:364)
	at io.apicurio.registry.resolver.DefaultSchemaResolver.resolveSchema(DefaultSchemaResolver.java:86)
	at io.apicurio.registry.serde.AbstractSerializer.serializeData(AbstractSerializer.java:62)
	at io.apicurio.registry.serde.KafkaSerializer.serialize(KafkaSerializer.java:77)
	at org.apache.kafka.clients.producer.KafkaProducer.doSend(KafkaProducer.java:1046)
	at org.apache.kafka.clients.producer.KafkaProducer.send(KafkaProducer.java:993)
	at org.apache.kafka.clients.producer.KafkaProducer.send(KafkaProducer.java:875)
	at io.apicurio.tests.serdes.apicurio.KafkaSerdesTester.lambda$produceMessages$3(KafkaSerdesTester.java:138)
	at java.base/java.util.concurrent.CompletableFuture$AsyncSupply.run(CompletableFuture.java:1768)
	at java.base/java.lang.Thread.run(Thread.java:840)
]]></system-err>
  </testcase>
  <testcase name="testGlobalIdInBody" classname="io.apicurio.tests.serdes.apicurio.AvroSerdeIT" time="1.168">
    <system-out><![CDATA[2025-07-31 15:53:23,949 INFO  [io.api.tes.uti.TestSeparator] (main) ############################################################################
2025-07-31 15:53:23,949 INFO  [io.api.tes.uti.TestSeparator] (main) io.apicurio.tests.serdes.apicurio.AvroSerdeIT.testGlobalIdInBody-STARTED
2025-07-31 15:53:23,953 INFO  [org.apa.kaf.cli.pro.ProducerConfig] (main) ProducerConfig values: 
	acks = -1
	auto.include.jmx.reporter = true
	batch.size = 16384
	bootstrap.servers = [PLAINTEXT://localhost:32770]
	buffer.memory = 33554432
	client.dns.lookup = use_all_dns_ips
	client.id = Producer-topic-89d4fa1b_280f_4ed1_81e2_fbe05caad049
	compression.gzip.level = -1
	compression.lz4.level = 9
	compression.type = none
	compression.zstd.level = 3
	connections.max.idle.ms = 10000
	delivery.timeout.ms = 120000
	enable.idempotence = true
	enable.metrics.push = true
	interceptor.classes = []
	key.serializer = class org.apache.kafka.common.serialization.StringSerializer
	linger.ms = 0
	max.block.ms = 60000
	max.in.flight.requests.per.connection = 5
	max.request.size = 1048576
	metadata.max.age.ms = 300000
	metadata.max.idle.ms = 300000
	metadata.recovery.strategy = none
	metric.reporters = []
	metrics.num.samples = 2
	metrics.recording.level = INFO
	metrics.sample.window.ms = 30000
	partitioner.adaptive.partitioning.enable = true
	partitioner.availability.timeout.ms = 0
	partitioner.class = null
	partitioner.ignore.keys = false
	receive.buffer.bytes = 32768
	reconnect.backoff.max.ms = 1000
	reconnect.backoff.ms = 50
	request.timeout.ms = 5000
	retries = 2147483647
	retry.backoff.max.ms = 1000
	retry.backoff.ms = 100
	sasl.client.callback.handler.class = null
	sasl.jaas.config = null
	sasl.kerberos.kinit.cmd = /usr/bin/kinit
	sasl.kerberos.min.time.before.relogin = 60000
	sasl.kerberos.service.name = null
	sasl.kerberos.ticket.renew.jitter = 0.05
	sasl.kerberos.ticket.renew.window.factor = 0.8
	sasl.login.callback.handler.class = null
	sasl.login.class = null
	sasl.login.connect.timeout.ms = null
	sasl.login.read.timeout.ms = null
	sasl.login.refresh.buffer.seconds = 300
	sasl.login.refresh.min.period.seconds = 60
	sasl.login.refresh.window.factor = 0.8
	sasl.login.refresh.window.jitter = 0.05
	sasl.login.retry.backoff.max.ms = 10000
	sasl.login.retry.backoff.ms = 100
	sasl.mechanism = GSSAPI
	sasl.oauthbearer.clock.skew.seconds = 30
	sasl.oauthbearer.expected.audience = null
	sasl.oauthbearer.expected.issuer = null
	sasl.oauthbearer.header.urlencode = false
	sasl.oauthbearer.jwks.endpoint.refresh.ms = 3600000
	sasl.oauthbearer.jwks.endpoint.retry.backoff.max.ms = 10000
	sasl.oauthbearer.jwks.endpoint.retry.backoff.ms = 100
	sasl.oauthbearer.jwks.endpoint.url = null
	sasl.oauthbearer.scope.claim.name = scope
	sasl.oauthbearer.sub.claim.name = sub
	sasl.oauthbearer.token.endpoint.url = null
	security.protocol = PLAINTEXT
	security.providers = null
	send.buffer.bytes = 131072
	socket.connection.setup.timeout.max.ms = 30000
	socket.connection.setup.timeout.ms = 10000
	ssl.cipher.suites = null
	ssl.enabled.protocols = [TLSv1.2, TLSv1.3]
	ssl.endpoint.identification.algorithm = https
	ssl.engine.factory.class = null
	ssl.key.password = null
	ssl.keymanager.algorithm = SunX509
	ssl.keystore.certificate.chain = null
	ssl.keystore.key = null
	ssl.keystore.location = null
	ssl.keystore.password = null
	ssl.keystore.type = JKS
	ssl.protocol = TLSv1.3
	ssl.provider = null
	ssl.secure.random.implementation = null
	ssl.trustmanager.algorithm = PKIX
	ssl.truststore.certificates = null
	ssl.truststore.location = null
	ssl.truststore.password = null
	ssl.truststore.type = JKS
	transaction.timeout.ms = 60000
	transactional.id = null
	value.serializer = class io.apicurio.registry.serde.avro.AvroKafkaSerializer

2025-07-31 15:53:23,953 INFO  [org.apa.kaf.com.tel.int.KafkaMetricsCollector] (main) initializing Kafka metrics collector
2025-07-31 15:53:23,960 INFO  [org.apa.kaf.cli.pro.KafkaProducer] (main) [Producer clientId=Producer-topic-89d4fa1b_280f_4ed1_81e2_fbe05caad049] Instantiated an idempotent producer.
2025-07-31 15:53:23,965 INFO  [org.apa.kaf.cli.pro.ProducerConfig] (main) These configurations '[apicurio.registry.url, apicurio.registry.auto-register, apicurio.registry.use-id, apicurio.registry.artifact-resolver-strategy]' were supplied but are not used yet.
2025-07-31 15:53:23,965 INFO  [org.apa.kaf.com.uti.AppInfoParser] (main) Kafka version: 3.9.0
2025-07-31 15:53:23,965 INFO  [org.apa.kaf.com.uti.AppInfoParser] (main) Kafka commitId: 84caaa6e9da06435
2025-07-31 15:53:23,965 INFO  [org.apa.kaf.com.uti.AppInfoParser] (main) Kafka startTimeMs: 1753977203965
2025-07-31 15:53:23,965 INFO  [io.api.tes.ser.api.SimpleSerdesTesterBuilder$SimpleSerdesTester] (main) Using producer configuration: {apicurio.registry.url=http://registry-app-kafkasql.apps.ci419.apicurio-testing.org:80/apis/registry/v3, apicurio.registry.auto-register=true, apicurio.registry.use-id=globalId, apicurio.registry.artifact-resolver-strategy=io.apicurio.registry.serde.strategy.TopicIdStrategy, value.serializer=io.apicurio.registry.serde.avro.AvroKafkaSerializer, request.timeout.ms=5000, acks=all, bootstrap.servers=PLAINTEXT://localhost:32770, connections.max.idle.ms=10000, key.serializer=org.apache.kafka.common.serialization.StringSerializer, client.id=Producer-topic-89d4fa1b_280f_4ed1_81e2_fbe05caad049}
2025-07-31 15:53:23,965 INFO  [io.api.tes.ser.api.SimpleSerdesTesterBuilder$SimpleSerdesTester] (main) Using consumer configuration: {apicurio.registry.use-id=globalId}
2025-07-31 15:53:23,969 INFO  [io.api.tes.ser.api.KafkaSerdesTester] (Thread-261) Sending message {"key11753977203949": "value-0"} to topic topic-89d4fa1b_280f_4ed1_81e2_fbe05caad049
2025-07-31 15:53:23,982 WARN  [org.apa.kaf.cli.NetworkClient] (kafka-producer-network-thread | Producer-topic-89d4fa1b_280f_4ed1_81e2_fbe05caad049) [Producer clientId=Producer-topic-89d4fa1b_280f_4ed1_81e2_fbe05caad049] The metadata response from the cluster reported a recoverable issue with correlation id 2 : {topic-89d4fa1b_280f_4ed1_81e2_fbe05caad049=LEADER_NOT_AVAILABLE}
2025-07-31 15:53:23,982 INFO  [org.apa.kaf.cli.Metadata] (kafka-producer-network-thread | Producer-topic-89d4fa1b_280f_4ed1_81e2_fbe05caad049) [Producer clientId=Producer-topic-89d4fa1b_280f_4ed1_81e2_fbe05caad049] Cluster ID: k5QcScx1TGu5ZEx470RFLw
2025-07-31 15:53:23,983 INFO  [org.apa.kaf.cli.pro.int.TransactionManager] (kafka-producer-network-thread | Producer-topic-89d4fa1b_280f_4ed1_81e2_fbe05caad049) [Producer clientId=Producer-topic-89d4fa1b_280f_4ed1_81e2_fbe05caad049] ProducerId set to 25 with epoch 0
2025-07-31 15:53:24,251 INFO  [io.api.tes.ser.api.KafkaSerdesTester] (Thread-261) Sending message {"key11753977203949": "value-1"} to topic topic-89d4fa1b_280f_4ed1_81e2_fbe05caad049
2025-07-31 15:53:24,254 INFO  [io.api.tes.ser.api.KafkaSerdesTester] (Thread-261) Sending message {"key11753977203949": "value-2"} to topic topic-89d4fa1b_280f_4ed1_81e2_fbe05caad049
2025-07-31 15:53:24,255 INFO  [io.api.tes.ser.api.KafkaSerdesTester] (Thread-261) Sending message {"key11753977203949": "value-3"} to topic topic-89d4fa1b_280f_4ed1_81e2_fbe05caad049
2025-07-31 15:53:24,257 INFO  [io.api.tes.ser.api.KafkaSerdesTester] (Thread-261) Sending message {"key11753977203949": "value-4"} to topic topic-89d4fa1b_280f_4ed1_81e2_fbe05caad049
2025-07-31 15:53:24,260 INFO  [io.api.tes.ser.api.KafkaSerdesTester] (Thread-261) Sending message {"key11753977203949": "value-5"} to topic topic-89d4fa1b_280f_4ed1_81e2_fbe05caad049
2025-07-31 15:53:24,263 INFO  [io.api.tes.ser.api.KafkaSerdesTester] (Thread-261) Sending message {"key11753977203949": "value-6"} to topic topic-89d4fa1b_280f_4ed1_81e2_fbe05caad049
2025-07-31 15:53:24,265 INFO  [io.api.tes.ser.api.KafkaSerdesTester] (Thread-261) Sending message {"key11753977203949": "value-7"} to topic topic-89d4fa1b_280f_4ed1_81e2_fbe05caad049
2025-07-31 15:53:24,266 INFO  [io.api.tes.ser.api.KafkaSerdesTester] (Thread-261) Sending message {"key11753977203949": "value-8"} to topic topic-89d4fa1b_280f_4ed1_81e2_fbe05caad049
2025-07-31 15:53:24,268 INFO  [io.api.tes.ser.api.KafkaSerdesTester] (Thread-261) Sending message {"key11753977203949": "value-9"} to topic topic-89d4fa1b_280f_4ed1_81e2_fbe05caad049
2025-07-31 15:53:24,270 INFO  [io.api.tes.ser.api.KafkaSerdesTester] (Thread-261) Produced 10 messages
2025-07-31 15:53:24,270 INFO  [org.apa.kaf.cli.pro.KafkaProducer] (Thread-261) [Producer clientId=Producer-topic-89d4fa1b_280f_4ed1_81e2_fbe05caad049] Closing the Kafka producer with timeoutMillis = 9223372036854775807 ms.
2025-07-31 15:53:24,272 INFO  [org.apa.kaf.com.met.Metrics] (Thread-261) Metrics scheduler closed
2025-07-31 15:53:24,272 INFO  [org.apa.kaf.com.met.Metrics] (Thread-261) Closing reporter org.apache.kafka.common.metrics.JmxReporter
2025-07-31 15:53:24,272 INFO  [org.apa.kaf.com.met.Metrics] (Thread-261) Closing reporter org.apache.kafka.common.telemetry.internals.ClientTelemetryReporter
2025-07-31 15:53:24,272 INFO  [org.apa.kaf.com.met.Metrics] (Thread-261) Metrics reporters closed
2025-07-31 15:53:24,273 INFO  [org.apa.kaf.com.uti.AppInfoParser] (Thread-261) App info kafka.producer for Producer-topic-89d4fa1b_280f_4ed1_81e2_fbe05caad049 unregistered
2025-07-31 15:53:24,393 INFO  [org.apa.kaf.cli.con.ConsumerConfig] (main) ConsumerConfig values: 
	allow.auto.create.topics = true
	auto.commit.interval.ms = 500
	auto.include.jmx.reporter = true
	auto.offset.reset = earliest
	bootstrap.servers = [PLAINTEXT://localhost:32770]
	check.crcs = true
	client.dns.lookup = use_all_dns_ips
	client.id = consumer-Consumer-topic-89d4fa1b_280f_4ed1_81e2_fbe05caad049-18
	client.rack = 
	connections.max.idle.ms = 10000
	default.api.timeout.ms = 60000
	enable.auto.commit = true
	enable.metrics.push = true
	exclude.internal.topics = true
	fetch.max.bytes = 52428800
	fetch.max.wait.ms = 500
	fetch.min.bytes = 1
	group.id = Consumer-topic-89d4fa1b_280f_4ed1_81e2_fbe05caad049
	group.instance.id = null
	group.protocol = classic
	group.remote.assignor = null
	heartbeat.interval.ms = 3000
	interceptor.classes = []
	internal.leave.group.on.close = true
	internal.throw.on.fetch.stable.offset.unsupported = false
	isolation.level = read_uncommitted
	key.deserializer = class org.apache.kafka.common.serialization.StringDeserializer
	max.partition.fetch.bytes = 1048576
	max.poll.interval.ms = 300000
	max.poll.records = 500
	metadata.max.age.ms = 300000
	metadata.recovery.strategy = none
	metric.reporters = []
	metrics.num.samples = 2
	metrics.recording.level = INFO
	metrics.sample.window.ms = 30000
	partition.assignment.strategy = [class org.apache.kafka.clients.consumer.RangeAssignor, class org.apache.kafka.clients.consumer.CooperativeStickyAssignor]
	receive.buffer.bytes = 65536
	reconnect.backoff.max.ms = 1000
	reconnect.backoff.ms = 50
	request.timeout.ms = 5000
	retry.backoff.max.ms = 1000
	retry.backoff.ms = 100
	sasl.client.callback.handler.class = null
	sasl.jaas.config = null
	sasl.kerberos.kinit.cmd = /usr/bin/kinit
	sasl.kerberos.min.time.before.relogin = 60000
	sasl.kerberos.service.name = null
	sasl.kerberos.ticket.renew.jitter = 0.05
	sasl.kerberos.ticket.renew.window.factor = 0.8
	sasl.login.callback.handler.class = null
	sasl.login.class = null
	sasl.login.connect.timeout.ms = null
	sasl.login.read.timeout.ms = null
	sasl.login.refresh.buffer.seconds = 300
	sasl.login.refresh.min.period.seconds = 60
	sasl.login.refresh.window.factor = 0.8
	sasl.login.refresh.window.jitter = 0.05
	sasl.login.retry.backoff.max.ms = 10000
	sasl.login.retry.backoff.ms = 100
	sasl.mechanism = GSSAPI
	sasl.oauthbearer.clock.skew.seconds = 30
	sasl.oauthbearer.expected.audience = null
	sasl.oauthbearer.expected.issuer = null
	sasl.oauthbearer.header.urlencode = false
	sasl.oauthbearer.jwks.endpoint.refresh.ms = 3600000
	sasl.oauthbearer.jwks.endpoint.retry.backoff.max.ms = 10000
	sasl.oauthbearer.jwks.endpoint.retry.backoff.ms = 100
	sasl.oauthbearer.jwks.endpoint.url = null
	sasl.oauthbearer.scope.claim.name = scope
	sasl.oauthbearer.sub.claim.name = sub
	sasl.oauthbearer.token.endpoint.url = null
	security.protocol = PLAINTEXT
	security.providers = null
	send.buffer.bytes = 131072
	session.timeout.ms = 45000
	socket.connection.setup.timeout.max.ms = 30000
	socket.connection.setup.timeout.ms = 10000
	ssl.cipher.suites = null
	ssl.enabled.protocols = [TLSv1.2, TLSv1.3]
	ssl.endpoint.identification.algorithm = https
	ssl.engine.factory.class = null
	ssl.key.password = null
	ssl.keymanager.algorithm = SunX509
	ssl.keystore.certificate.chain = null
	ssl.keystore.key = null
	ssl.keystore.location = null
	ssl.keystore.password = null
	ssl.keystore.type = JKS
	ssl.protocol = TLSv1.3
	ssl.provider = null
	ssl.secure.random.implementation = null
	ssl.trustmanager.algorithm = PKIX
	ssl.truststore.certificates = null
	ssl.truststore.location = null
	ssl.truststore.password = null
	ssl.truststore.type = JKS
	value.deserializer = class io.apicurio.registry.serde.avro.AvroKafkaDeserializer

2025-07-31 15:53:24,393 INFO  [org.apa.kaf.com.tel.int.KafkaMetricsCollector] (main) initializing Kafka metrics collector
2025-07-31 15:53:24,398 INFO  [org.apa.kaf.cli.con.ConsumerConfig] (main) These configurations '[apicurio.registry.url, apicurio.registry.use-id]' were supplied but are not used yet.
2025-07-31 15:53:24,398 INFO  [org.apa.kaf.com.uti.AppInfoParser] (main) Kafka version: 3.9.0
2025-07-31 15:53:24,398 INFO  [org.apa.kaf.com.uti.AppInfoParser] (main) Kafka commitId: 84caaa6e9da06435
2025-07-31 15:53:24,398 INFO  [org.apa.kaf.com.uti.AppInfoParser] (main) Kafka startTimeMs: 1753977204398
2025-07-31 15:53:24,399 INFO  [org.apa.kaf.cli.con.int.ClassicKafkaConsumer] (Thread-264) [Consumer clientId=consumer-Consumer-topic-89d4fa1b_280f_4ed1_81e2_fbe05caad049-18, groupId=Consumer-topic-89d4fa1b_280f_4ed1_81e2_fbe05caad049] Subscribed to topic(s): topic-89d4fa1b_280f_4ed1_81e2_fbe05caad049
2025-07-31 15:53:24,404 INFO  [org.apa.kaf.cli.Metadata] (Thread-264) [Consumer clientId=consumer-Consumer-topic-89d4fa1b_280f_4ed1_81e2_fbe05caad049-18, groupId=Consumer-topic-89d4fa1b_280f_4ed1_81e2_fbe05caad049] Cluster ID: k5QcScx1TGu5ZEx470RFLw
2025-07-31 15:53:24,405 INFO  [org.apa.kaf.cli.con.int.ConsumerCoordinator] (Thread-264) [Consumer clientId=consumer-Consumer-topic-89d4fa1b_280f_4ed1_81e2_fbe05caad049-18, groupId=Consumer-topic-89d4fa1b_280f_4ed1_81e2_fbe05caad049] Discovered group coordinator localhost:32770 (id: 2147483647 rack: null)
2025-07-31 15:53:24,406 INFO  [org.apa.kaf.cli.con.int.ConsumerCoordinator] (Thread-264) [Consumer clientId=consumer-Consumer-topic-89d4fa1b_280f_4ed1_81e2_fbe05caad049-18, groupId=Consumer-topic-89d4fa1b_280f_4ed1_81e2_fbe05caad049] (Re-)joining group
2025-07-31 15:53:24,409 INFO  [org.apa.kaf.cli.con.int.ConsumerCoordinator] (Thread-264) [Consumer clientId=consumer-Consumer-topic-89d4fa1b_280f_4ed1_81e2_fbe05caad049-18, groupId=Consumer-topic-89d4fa1b_280f_4ed1_81e2_fbe05caad049] Request joining group due to: need to re-join with the given member-id: consumer-Consumer-topic-89d4fa1b_280f_4ed1_81e2_fbe05caad049-18-4558ed9b-b780-4305-b9a7-244eeaea3271
2025-07-31 15:53:24,409 INFO  [org.apa.kaf.cli.con.int.ConsumerCoordinator] (Thread-264) [Consumer clientId=consumer-Consumer-topic-89d4fa1b_280f_4ed1_81e2_fbe05caad049-18, groupId=Consumer-topic-89d4fa1b_280f_4ed1_81e2_fbe05caad049] (Re-)joining group
2025-07-31 15:53:24,411 INFO  [org.apa.kaf.cli.con.int.ConsumerCoordinator] (Thread-264) [Consumer clientId=consumer-Consumer-topic-89d4fa1b_280f_4ed1_81e2_fbe05caad049-18, groupId=Consumer-topic-89d4fa1b_280f_4ed1_81e2_fbe05caad049] Successfully joined group with generation Generation{generationId=1, memberId='consumer-Consumer-topic-89d4fa1b_280f_4ed1_81e2_fbe05caad049-18-4558ed9b-b780-4305-b9a7-244eeaea3271', protocol='range'}
2025-07-31 15:53:24,411 INFO  [org.apa.kaf.cli.con.int.ConsumerCoordinator] (Thread-264) [Consumer clientId=consumer-Consumer-topic-89d4fa1b_280f_4ed1_81e2_fbe05caad049-18, groupId=Consumer-topic-89d4fa1b_280f_4ed1_81e2_fbe05caad049] Finished assignment for group at generation 1: {consumer-Consumer-topic-89d4fa1b_280f_4ed1_81e2_fbe05caad049-18-4558ed9b-b780-4305-b9a7-244eeaea3271=Assignment(partitions=[topic-89d4fa1b_280f_4ed1_81e2_fbe05caad049-0])}
2025-07-31 15:53:24,414 INFO  [org.apa.kaf.cli.con.int.ConsumerCoordinator] (Thread-264) [Consumer clientId=consumer-Consumer-topic-89d4fa1b_280f_4ed1_81e2_fbe05caad049-18, groupId=Consumer-topic-89d4fa1b_280f_4ed1_81e2_fbe05caad049] Successfully synced group in generation Generation{generationId=1, memberId='consumer-Consumer-topic-89d4fa1b_280f_4ed1_81e2_fbe05caad049-18-4558ed9b-b780-4305-b9a7-244eeaea3271', protocol='range'}
2025-07-31 15:53:24,414 INFO  [org.apa.kaf.cli.con.int.ConsumerCoordinator] (Thread-264) [Consumer clientId=consumer-Consumer-topic-89d4fa1b_280f_4ed1_81e2_fbe05caad049-18, groupId=Consumer-topic-89d4fa1b_280f_4ed1_81e2_fbe05caad049] Notifying assignor about the new Assignment(partitions=[topic-89d4fa1b_280f_4ed1_81e2_fbe05caad049-0])
2025-07-31 15:53:24,414 INFO  [org.apa.kaf.cli.con.int.ConsumerRebalanceListenerInvoker] (Thread-264) [Consumer clientId=consumer-Consumer-topic-89d4fa1b_280f_4ed1_81e2_fbe05caad049-18, groupId=Consumer-topic-89d4fa1b_280f_4ed1_81e2_fbe05caad049] Adding newly assigned partitions: topic-89d4fa1b_280f_4ed1_81e2_fbe05caad049-0
2025-07-31 15:53:24,421 INFO  [org.apa.kaf.cli.con.int.ConsumerCoordinator] (Thread-264) [Consumer clientId=consumer-Consumer-topic-89d4fa1b_280f_4ed1_81e2_fbe05caad049-18, groupId=Consumer-topic-89d4fa1b_280f_4ed1_81e2_fbe05caad049] Found no committed offset for partition topic-89d4fa1b_280f_4ed1_81e2_fbe05caad049-0
2025-07-31 15:53:24,425 INFO  [org.apa.kaf.cli.con.int.SubscriptionState] (Thread-264) [Consumer clientId=consumer-Consumer-topic-89d4fa1b_280f_4ed1_81e2_fbe05caad049-18, groupId=Consumer-topic-89d4fa1b_280f_4ed1_81e2_fbe05caad049] Resetting offset for partition topic-89d4fa1b_280f_4ed1_81e2_fbe05caad049-0 to position FetchPosition{offset=0, offsetEpoch=Optional.empty, currentLeader=LeaderAndEpoch{leader=Optional[localhost:32770 (id: 0 rack: null)], epoch=0}}.
2025-07-31 15:53:24,605 INFO  [io.api.tes.ser.api.KafkaSerdesTester] (Thread-264) topic-89d4fa1b_280f_4ed1_81e2_fbe05caad049 0 0 {"key11753977203949": "value-0"}
2025-07-31 15:53:24,606 INFO  [io.api.tes.ser.api.KafkaSerdesTester] (Thread-264) topic-89d4fa1b_280f_4ed1_81e2_fbe05caad049 0 1 {"key11753977203949": "value-1"}
2025-07-31 15:53:24,606 INFO  [io.api.tes.ser.api.KafkaSerdesTester] (Thread-264) topic-89d4fa1b_280f_4ed1_81e2_fbe05caad049 0 2 {"key11753977203949": "value-2"}
2025-07-31 15:53:24,606 INFO  [io.api.tes.ser.api.KafkaSerdesTester] (Thread-264) topic-89d4fa1b_280f_4ed1_81e2_fbe05caad049 0 3 {"key11753977203949": "value-3"}
2025-07-31 15:53:24,606 INFO  [io.api.tes.ser.api.KafkaSerdesTester] (Thread-264) topic-89d4fa1b_280f_4ed1_81e2_fbe05caad049 0 4 {"key11753977203949": "value-4"}
2025-07-31 15:53:24,606 INFO  [io.api.tes.ser.api.KafkaSerdesTester] (Thread-264) topic-89d4fa1b_280f_4ed1_81e2_fbe05caad049 0 5 {"key11753977203949": "value-5"}
2025-07-31 15:53:24,606 INFO  [io.api.tes.ser.api.KafkaSerdesTester] (Thread-264) topic-89d4fa1b_280f_4ed1_81e2_fbe05caad049 0 6 {"key11753977203949": "value-6"}
2025-07-31 15:53:24,606 INFO  [io.api.tes.ser.api.KafkaSerdesTester] (Thread-264) topic-89d4fa1b_280f_4ed1_81e2_fbe05caad049 0 7 {"key11753977203949": "value-7"}
2025-07-31 15:53:24,606 INFO  [io.api.tes.ser.api.KafkaSerdesTester] (Thread-264) topic-89d4fa1b_280f_4ed1_81e2_fbe05caad049 0 8 {"key11753977203949": "value-8"}
2025-07-31 15:53:24,606 INFO  [io.api.tes.ser.api.KafkaSerdesTester] (Thread-264) topic-89d4fa1b_280f_4ed1_81e2_fbe05caad049 0 9 {"key11753977203949": "value-9"}
2025-07-31 15:53:24,606 INFO  [io.api.tes.ser.api.KafkaSerdesTester] (Thread-264) Consumed 10 messages
2025-07-31 15:53:24,609 INFO  [org.apa.kaf.cli.con.int.ConsumerRebalanceListenerInvoker] (Thread-264) [Consumer clientId=consumer-Consumer-topic-89d4fa1b_280f_4ed1_81e2_fbe05caad049-18, groupId=Consumer-topic-89d4fa1b_280f_4ed1_81e2_fbe05caad049] Revoke previously assigned partitions topic-89d4fa1b_280f_4ed1_81e2_fbe05caad049-0
2025-07-31 15:53:24,609 INFO  [org.apa.kaf.cli.con.int.ConsumerCoordinator] (Thread-264) [Consumer clientId=consumer-Consumer-topic-89d4fa1b_280f_4ed1_81e2_fbe05caad049-18, groupId=Consumer-topic-89d4fa1b_280f_4ed1_81e2_fbe05caad049] Member consumer-Consumer-topic-89d4fa1b_280f_4ed1_81e2_fbe05caad049-18-4558ed9b-b780-4305-b9a7-244eeaea3271 sending LeaveGroup request to coordinator localhost:32770 (id: 2147483647 rack: null) due to the consumer is being closed
2025-07-31 15:53:24,609 INFO  [org.apa.kaf.cli.con.int.ConsumerCoordinator] (Thread-264) [Consumer clientId=consumer-Consumer-topic-89d4fa1b_280f_4ed1_81e2_fbe05caad049-18, groupId=Consumer-topic-89d4fa1b_280f_4ed1_81e2_fbe05caad049] Resetting generation and member id due to: consumer pro-actively leaving the group
2025-07-31 15:53:24,609 INFO  [org.apa.kaf.cli.con.int.ConsumerCoordinator] (Thread-264) [Consumer clientId=consumer-Consumer-topic-89d4fa1b_280f_4ed1_81e2_fbe05caad049-18, groupId=Consumer-topic-89d4fa1b_280f_4ed1_81e2_fbe05caad049] Request joining group due to: consumer pro-actively leaving the group
2025-07-31 15:53:25,110 INFO  [org.apa.kaf.com.met.Metrics] (Thread-264) Metrics scheduler closed
2025-07-31 15:53:25,110 INFO  [org.apa.kaf.com.met.Metrics] (Thread-264) Closing reporter org.apache.kafka.common.metrics.JmxReporter
2025-07-31 15:53:25,110 INFO  [org.apa.kaf.com.met.Metrics] (Thread-264) Closing reporter org.apache.kafka.common.telemetry.internals.ClientTelemetryReporter
2025-07-31 15:53:25,110 INFO  [org.apa.kaf.com.met.Metrics] (Thread-264) Metrics reporters closed
2025-07-31 15:53:25,112 INFO  [org.apa.kaf.com.uti.AppInfoParser] (Thread-264) App info kafka.consumer for consumer-Consumer-topic-89d4fa1b_280f_4ed1_81e2_fbe05caad049-18 unregistered
2025-07-31 15:53:25,113 INFO  [io.api.tes.uti.TestSeparator] (main) io.apicurio.tests.serdes.apicurio.AvroSerdeIT.testGlobalIdInBody-FINISHED
2025-07-31 15:53:25,113 INFO  [io.api.tes.uti.TestSeparator] (main) ############################################################################
]]></system-out>
  </testcase>
  <testcase name="testProducerUsesGlobalIdConsumerUsesDefault" classname="io.apicurio.tests.serdes.apicurio.AvroSerdeIT" time="0.0">
    <skipped message="void io.apicurio.tests.serdes.apicurio.AvroSerdeIT.testProducerUsesGlobalIdConsumerUsesDefault() throws java.lang.Exception is @Disabled"/>
  </testcase>
</testsuite>