<?xml version="1.0" encoding="UTF-8"?>
<testsuite xmlns:xsi="http://www.w3.org/2001/XMLSchema-instance" xsi:noNamespaceSchemaLocation="https://maven.apache.org/surefire/maven-failsafe-plugin/xsd/failsafe-test-report.xsd" version="3.0.2" name="io.apicurio.tests.serdes.confluent.BasicConfluentSerDesIT" time="17.436" tests="8" errors="0" skipped="0" failures="0">
  <properties>
    <property name="java.specification.version" value="17"/>
    <property name="sun.jnu.encoding" value="UTF-8"/>
    <property name="java.class.path" value="/home/runner/work/apicurio-testing/apicurio-testing/clusters/ci419/namespaces/kafkasql/tests/integration/apicurio-registry/integration-tests/target/test-classes:/home/runner/work/apicurio-testing/apicurio-testing/clusters/ci419/namespaces/kafkasql/tests/integration/apicurio-registry/integration-tests/target/apicurio-registry-integration-tests-3.0.9.jar:/home/runner/.m2/repository/io/quarkus/quarkus-junit5/3.15.4/quarkus-junit5-3.15.4.jar:/home/runner/.m2/repository/io/quarkus/quarkus-bootstrap-core/3.15.4/quarkus-bootstrap-core-3.15.4.jar:/home/runner/.m2/repository/io/quarkus/quarkus-classloader-commons/3.15.4/quarkus-classloader-commons-3.15.4.jar:/home/runner/.m2/repository/io/quarkus/quarkus-bootstrap-app-model/3.15.4/quarkus-bootstrap-app-model-3.15.4.jar:/home/runner/.m2/repository/io/smallrye/common/smallrye-common-io/2.6.1/smallrye-common-io-2.6.1.jar:/home/runner/.m2/repository/org/eclipse/sisu/org.eclipse.sisu.inject/0.9.0.M3/org.eclipse.sisu.inject-0.9.0.M3.jar:/home/runner/.m2/repository/io/quarkus/quarkus-test-common/3.15.4/quarkus-test-common-3.15.4.jar:/home/runner/.m2/repository/io/quarkus/quarkus-core-deployment/3.15.4/quarkus-core-deployment-3.15.4.jar:/home/runner/.m2/repository/org/aesh/readline/2.6/readline-2.6.jar:/home/runner/.m2/repository/org/fusesource/jansi/jansi/2.4.0/jansi-2.4.0.jar:/home/runner/.m2/repository/org/aesh/aesh/2.8.2/aesh-2.8.2.jar:/home/runner/.m2/repository/io/quarkus/gizmo/gizmo/1.8.0/gizmo-1.8.0.jar:/home/runner/.m2/repository/org/ow2/asm/asm-util/9.7/asm-util-9.7.jar:/home/runner/.m2/repository/org/ow2/asm/asm-analysis/9.7/asm-analysis-9.7.jar:/home/runner/.m2/repository/org/ow2/asm/asm-commons/9.7/asm-commons-9.7.jar:/home/runner/.m2/repository/org/ow2/asm/asm-tree/9.7/asm-tree-9.7.jar:/home/runner/.m2/repository/io/quarkus/quarkus-hibernate-validator-spi/3.15.4/quarkus-hibernate-validator-spi-3.15.4.jar:/home/runner/.m2/repository/io/quarkus/quarkus-class-change-agent/3.15.4/quarkus-class-change-agent-3.15.4.jar:/home/runner/.m2/repository/io/quarkus/quarkus-devtools-utilities/3.15.4/quarkus-devtools-utilities-3.15.4.jar:/home/runner/.m2/repository/io/quarkus/quarkus-builder/3.15.4/quarkus-builder-3.15.4.jar:/home/runner/.m2/repository/org/graalvm/sdk/nativeimage/23.1.2/nativeimage-23.1.2.jar:/home/runner/.m2/repository/org/graalvm/sdk/word/23.1.2/word-23.1.2.jar:/home/runner/.m2/repository/io/quarkus/quarkus-bootstrap-maven-resolver/3.15.4/quarkus-bootstrap-maven-resolver-3.15.4.jar:/home/runner/.m2/repository/io/smallrye/beanbag/smallrye-beanbag-maven/1.5.2/smallrye-beanbag-maven-1.5.2.jar:/home/runner/.m2/repository/io/smallrye/beanbag/smallrye-beanbag-sisu/1.5.2/smallrye-beanbag-sisu-1.5.2.jar:/home/runner/.m2/repository/io/smallrye/beanbag/smallrye-beanbag/1.5.2/smallrye-beanbag-1.5.2.jar:/home/runner/.m2/repository/javax/inject/javax.inject/1/javax.inject-1.jar:/home/runner/.m2/repository/org/apache/maven/maven-artifact/3.9.8/maven-artifact-3.9.8.jar:/home/runner/.m2/repository/org/apache/maven/maven-builder-support/3.9.8/maven-builder-support-3.9.8.jar:/home/runner/.m2/repository/org/apache/maven/maven-model/3.9.8/maven-model-3.9.8.jar:/home/runner/.m2/repository/org/apache/maven/maven-model-builder/3.9.8/maven-model-builder-3.9.8.jar:/home/runner/.m2/repository/org/apache/maven/maven-repository-metadata/3.9.8/maven-repository-metadata-3.9.8.jar:/home/runner/.m2/repository/org/apache/maven/maven-settings/3.9.8/maven-settings-3.9.8.jar:/home/runner/.m2/repository/org/apache/maven/resolver/maven-resolver-api/1.9.22/maven-resolver-api-1.9.22.jar:/home/runner/.m2/repository/org/apache/maven/resolver/maven-resolver-impl/1.9.22/maven-resolver-impl-1.9.22.jar:/home/runner/.m2/repository/org/apache/maven/resolver/maven-resolver-named-locks/1.9.22/maven-resolver-named-locks-1.9.22.jar:/home/runner/.m2/repository/org/apache/maven/resolver/maven-resolver-spi/1.9.22/maven-resolver-spi-1.9.22.jar:/home/runner/.m2/repository/org/apache/maven/resolver/maven-resolver-util/1.9.22/maven-resolver-util-1.9.22.jar:/home/runner/.m2/repository/org/apache/maven/resolver/maven-resolver-transport-http/1.9.20/maven-resolver-transport-http-1.9.20.jar:/home/runner/.m2/repository/org/apache/maven/wagon/wagon-provider-api/3.5.3/wagon-provider-api-3.5.3.jar:/home/runner/.m2/repository/org/apache/maven/wagon/wagon-http-shared/3.5.3/wagon-http-shared-3.5.3.jar:/home/runner/.m2/repository/org/codehaus/plexus/plexus-interpolation/1.26/plexus-interpolation-1.26.jar:/home/runner/.m2/repository/org/codehaus/plexus/plexus-utils/3.5.1/plexus-utils-3.5.1.jar:/home/runner/.m2/repository/org/codehaus/plexus/plexus-xml/4.0.1/plexus-xml-4.0.1.jar:/home/runner/.m2/repository/org/apache/maven/maven-xml-impl/4.0.0-alpha-5/maven-xml-impl-4.0.0-alpha-5.jar:/home/runner/.m2/repository/org/apache/maven/maven-api-xml/4.0.0-alpha-5/maven-api-xml-4.0.0-alpha-5.jar:/home/runner/.m2/repository/org/apache/maven/maven-api-meta/4.0.0-alpha-5/maven-api-meta-4.0.0-alpha-5.jar:/home/runner/.m2/repository/org/codehaus/plexus/plexus-cipher/2.0/plexus-cipher-2.0.jar:/home/runner/.m2/repository/org/codehaus/plexus/plexus-sec-dispatcher/2.0/plexus-sec-dispatcher-2.0.jar:/home/runner/.m2/repository/org/apache/maven/maven-embedder/3.9.8/maven-embedder-3.9.8.jar:/home/runner/.m2/repository/org/apache/maven/maven-core/3.9.8/maven-core-3.9.8.jar:/home/runner/.m2/repository/org/codehaus/plexus/plexus-component-annotations/2.1.0/plexus-component-annotations-2.1.0.jar:/home/runner/.m2/repository/org/apache/maven/maven-plugin-api/3.9.8/maven-plugin-api-3.9.8.jar:/home/runner/.m2/repository/org/apache/maven/shared/maven-shared-utils/3.4.2/maven-shared-utils-3.4.2.jar:/home/runner/.m2/repository/com/google/inject/guice/5.1.0/guice-5.1.0.jar:/home/runner/.m2/repository/aopalliance/aopalliance/1.0/aopalliance-1.0.jar:/home/runner/.m2/repository/javax/annotation/javax.annotation-api/1.3.2/javax.annotation-api-1.3.2.jar:/home/runner/.m2/repository/org/codehaus/plexus/plexus-classworlds/2.6.0/plexus-classworlds-2.6.0.jar:/home/runner/.m2/repository/commons-cli/commons-cli/1.8.0/commons-cli-1.8.0.jar:/home/runner/.m2/repository/org/eclipse/sisu/org.eclipse.sisu.plexus/0.9.0.M3/org.eclipse.sisu.plexus-0.9.0.M3.jar:/home/runner/.m2/repository/org/apache/maven/maven-settings-builder/3.9.8/maven-settings-builder-3.9.8.jar:/home/runner/.m2/repository/org/apache/maven/maven-resolver-provider/3.9.8/maven-resolver-provider-3.9.8.jar:/home/runner/.m2/repository/org/apache/maven/resolver/maven-resolver-connector-basic/1.9.22/maven-resolver-connector-basic-1.9.22.jar:/home/runner/.m2/repository/org/apache/maven/resolver/maven-resolver-transport-wagon/1.9.22/maven-resolver-transport-wagon-1.9.22.jar:/home/runner/.m2/repository/org/apache/maven/wagon/wagon-http/3.5.3/wagon-http-3.5.3.jar:/home/runner/.m2/repository/org/apache/maven/wagon/wagon-file/3.5.3/wagon-file-3.5.3.jar:/home/runner/.m2/repository/io/quarkus/quarkus-bootstrap-gradle-resolver/3.15.4/quarkus-bootstrap-gradle-resolver-3.15.4.jar:/home/runner/.m2/repository/io/smallrye/jandex/3.2.3/jandex-3.2.3.jar:/home/runner/.m2/repository/org/jboss/logging/commons-logging-jboss-logging/1.0.0.Final/commons-logging-jboss-logging-1.0.0.Final.jar:/home/runner/.m2/repository/io/quarkus/quarkus-junit5-properties/3.15.4/quarkus-junit5-properties-3.15.4.jar:/home/runner/.m2/repository/org/junit/jupiter/junit-jupiter/5.10.3/junit-jupiter-5.10.3.jar:/home/runner/.m2/repository/org/junit/jupiter/junit-jupiter-api/5.10.3/junit-jupiter-api-5.10.3.jar:/home/runner/.m2/repository/org/junit/jupiter/junit-jupiter-params/5.10.3/junit-jupiter-params-5.10.3.jar:/home/runner/.m2/repository/org/junit/jupiter/junit-jupiter-engine/5.10.3/junit-jupiter-engine-5.10.3.jar:/home/runner/.m2/repository/io/quarkus/quarkus-core/3.15.4/quarkus-core-3.15.4.jar:/home/runner/.m2/repository/jakarta/enterprise/jakarta.enterprise.cdi-api/4.1.0/jakarta.enterprise.cdi-api-4.1.0.jar:/home/runner/.m2/repository/jakarta/enterprise/jakarta.enterprise.lang-model/4.1.0/jakarta.enterprise.lang-model-4.1.0.jar:/home/runner/.m2/repository/jakarta/el/jakarta.el-api/5.0.1/jakarta.el-api-5.0.1.jar:/home/runner/.m2/repository/jakarta/interceptor/jakarta.interceptor-api/2.2.0/jakarta.interceptor-api-2.2.0.jar:/home/runner/.m2/repository/jakarta/inject/jakarta.inject-api/2.0.1/jakarta.inject-api-2.0.1.jar:/home/runner/.m2/repository/io/smallrye/common/smallrye-common-os/2.6.1/smallrye-common-os-2.6.1.jar:/home/runner/.m2/repository/io/quarkus/quarkus-ide-launcher/3.15.4/quarkus-ide-launcher-3.15.4.jar:/home/runner/.m2/repository/io/quarkus/quarkus-development-mode-spi/3.15.4/quarkus-development-mode-spi-3.15.4.jar:/home/runner/.m2/repository/io/smallrye/config/smallrye-config/3.9.1/smallrye-config-3.9.1.jar:/home/runner/.m2/repository/io/smallrye/config/smallrye-config-core/3.9.1/smallrye-config-core-3.9.1.jar:/home/runner/.m2/repository/io/smallrye/common/smallrye-common-annotation/2.6.1/smallrye-common-annotation-2.6.1.jar:/home/runner/.m2/repository/io/smallrye/common/smallrye-common-classloader/2.6.1/smallrye-common-classloader-2.6.1.jar:/home/runner/.m2/repository/io/smallrye/config/smallrye-config-common/3.9.1/smallrye-config-common-3.9.1.jar:/home/runner/.m2/repository/org/jboss/logging/jboss-logging/3.6.0.Final/jboss-logging-3.6.0.Final.jar:/home/runner/.m2/repository/org/jboss/logmanager/jboss-logmanager/3.1.1.Final/jboss-logmanager-3.1.1.Final.jar:/home/runner/.m2/repository/io/smallrye/common/smallrye-common-constraint/2.6.1/smallrye-common-constraint-2.6.1.jar:/home/runner/.m2/repository/io/smallrye/common/smallrye-common-cpu/2.6.1/smallrye-common-cpu-2.6.1.jar:/home/runner/.m2/repository/io/smallrye/common/smallrye-common-expression/2.6.1/smallrye-common-expression-2.6.1.jar:/home/runner/.m2/repository/io/smallrye/common/smallrye-common-function/2.6.1/smallrye-common-function-2.6.1.jar:/home/runner/.m2/repository/io/smallrye/common/smallrye-common-net/2.6.1/smallrye-common-net-2.6.1.jar:/home/runner/.m2/repository/io/smallrye/common/smallrye-common-ref/2.6.1/smallrye-common-ref-2.6.1.jar:/home/runner/.m2/repository/jakarta/json/jakarta.json-api/2.1.3/jakarta.json-api-2.1.3.jar:/home/runner/.m2/repository/org/eclipse/parsson/parsson/1.1.7/parsson-1.1.7.jar:/home/runner/.m2/repository/org/jboss/logging/jboss-logging-annotations/3.0.1.Final/jboss-logging-annotations-3.0.1.Final.jar:/home/runner/.m2/repository/org/jboss/threads/jboss-threads/3.6.1.Final/jboss-threads-3.6.1.Final.jar:/home/runner/.m2/repository/org/jboss/slf4j/slf4j-jboss-logmanager/2.0.0.Final/slf4j-jboss-logmanager-2.0.0.Final.jar:/home/runner/.m2/repository/org/wildfly/common/wildfly-common/1.7.0.Final/wildfly-common-1.7.0.Final.jar:/home/runner/.m2/repository/io/quarkus/quarkus-bootstrap-runner/3.15.4/quarkus-bootstrap-runner-3.15.4.jar:/home/runner/.m2/repository/io/github/crac/org-crac/0.1.3/org-crac-0.1.3.jar:/home/runner/.m2/repository/io/quarkus/quarkus-fs-util/0.0.10/quarkus-fs-util-0.0.10.jar:/home/runner/.m2/repository/org/jboss/marshalling/jboss-marshalling/2.2.1.Final/jboss-marshalling-2.2.1.Final.jar:/home/runner/.m2/repository/io/fabric8/kubernetes-client/6.13.5/kubernetes-client-6.13.5.jar:/home/runner/.m2/repository/io/fabric8/kubernetes-client-api/6.13.5/kubernetes-client-api-6.13.5.jar:/home/runner/.m2/repository/io/fabric8/kubernetes-model-core/6.13.5/kubernetes-model-core-6.13.5.jar:/home/runner/.m2/repository/io/fabric8/kubernetes-model-common/6.13.5/kubernetes-model-common-6.13.5.jar:/home/runner/.m2/repository/io/fabric8/kubernetes-model-gatewayapi/6.13.5/kubernetes-model-gatewayapi-6.13.5.jar:/home/runner/.m2/repository/io/fabric8/kubernetes-model-resource/6.13.5/kubernetes-model-resource-6.13.5.jar:/home/runner/.m2/repository/io/fabric8/kubernetes-model-rbac/6.13.5/kubernetes-model-rbac-6.13.5.jar:/home/runner/.m2/repository/io/fabric8/kubernetes-model-admissionregistration/6.13.5/kubernetes-model-admissionregistration-6.13.5.jar:/home/runner/.m2/repository/io/fabric8/kubernetes-model-apps/6.13.5/kubernetes-model-apps-6.13.5.jar:/home/runner/.m2/repository/io/fabric8/kubernetes-model-autoscaling/6.13.5/kubernetes-model-autoscaling-6.13.5.jar:/home/runner/.m2/repository/io/fabric8/kubernetes-model-apiextensions/6.13.5/kubernetes-model-apiextensions-6.13.5.jar:/home/runner/.m2/repository/io/fabric8/kubernetes-model-batch/6.13.5/kubernetes-model-batch-6.13.5.jar:/home/runner/.m2/repository/io/fabric8/kubernetes-model-certificates/6.13.5/kubernetes-model-certificates-6.13.5.jar:/home/runner/.m2/repository/io/fabric8/kubernetes-model-coordination/6.13.5/kubernetes-model-coordination-6.13.5.jar:/home/runner/.m2/repository/io/fabric8/kubernetes-model-discovery/6.13.5/kubernetes-model-discovery-6.13.5.jar:/home/runner/.m2/repository/io/fabric8/kubernetes-model-events/6.13.5/kubernetes-model-events-6.13.5.jar:/home/runner/.m2/repository/io/fabric8/kubernetes-model-extensions/6.13.5/kubernetes-model-extensions-6.13.5.jar:/home/runner/.m2/repository/io/fabric8/kubernetes-model-flowcontrol/6.13.5/kubernetes-model-flowcontrol-6.13.5.jar:/home/runner/.m2/repository/io/fabric8/kubernetes-model-networking/6.13.5/kubernetes-model-networking-6.13.5.jar:/home/runner/.m2/repository/io/fabric8/kubernetes-model-metrics/6.13.5/kubernetes-model-metrics-6.13.5.jar:/home/runner/.m2/repository/io/fabric8/kubernetes-model-policy/6.13.5/kubernetes-model-policy-6.13.5.jar:/home/runner/.m2/repository/io/fabric8/kubernetes-model-scheduling/6.13.5/kubernetes-model-scheduling-6.13.5.jar:/home/runner/.m2/repository/io/fabric8/kubernetes-model-storageclass/6.13.5/kubernetes-model-storageclass-6.13.5.jar:/home/runner/.m2/repository/io/fabric8/kubernetes-model-node/6.13.5/kubernetes-model-node-6.13.5.jar:/home/runner/.m2/repository/org/snakeyaml/snakeyaml-engine/2.7/snakeyaml-engine-2.7.jar:/home/runner/.m2/repository/com/fasterxml/jackson/dataformat/jackson-dataformat-yaml/2.15.2/jackson-dataformat-yaml-2.15.2.jar:/home/runner/.m2/repository/com/fasterxml/jackson/datatype/jackson-datatype-jsr310/2.17.2/jackson-datatype-jsr310-2.17.2.jar:/home/runner/.m2/repository/io/fabric8/zjsonpatch/0.3.0/zjsonpatch-0.3.0.jar:/home/runner/.m2/repository/io/fabric8/kubernetes-httpclient-vertx/6.13.5/kubernetes-httpclient-vertx-6.13.5.jar:/home/runner/.m2/repository/io/vertx/vertx-web-client/4.5.13/vertx-web-client-4.5.13.jar:/home/runner/.m2/repository/io/vertx/vertx-web-common/4.5.13/vertx-web-common-4.5.13.jar:/home/runner/.m2/repository/io/vertx/vertx-auth-common/4.5.13/vertx-auth-common-4.5.13.jar:/home/runner/.m2/repository/io/vertx/vertx-uri-template/4.5.13/vertx-uri-template-4.5.13.jar:/home/runner/.m2/repository/io/fabric8/openshift-client/6.13.5/openshift-client-6.13.5.jar:/home/runner/.m2/repository/io/fabric8/openshift-client-api/6.13.5/openshift-client-api-6.13.5.jar:/home/runner/.m2/repository/io/fabric8/openshift-model/6.13.5/openshift-model-6.13.5.jar:/home/runner/.m2/repository/io/fabric8/openshift-model-clusterautoscaling/6.13.5/openshift-model-clusterautoscaling-6.13.5.jar:/home/runner/.m2/repository/io/fabric8/openshift-model-operator/6.13.5/openshift-model-operator-6.13.5.jar:/home/runner/.m2/repository/io/fabric8/openshift-model-operatorhub/6.13.5/openshift-model-operatorhub-6.13.5.jar:/home/runner/.m2/repository/io/fabric8/openshift-model-machine/6.13.5/openshift-model-machine-6.13.5.jar:/home/runner/.m2/repository/io/fabric8/openshift-model-whereabouts/6.13.5/openshift-model-whereabouts-6.13.5.jar:/home/runner/.m2/repository/io/fabric8/openshift-model-monitoring/6.13.5/openshift-model-monitoring-6.13.5.jar:/home/runner/.m2/repository/io/fabric8/openshift-model-storageversionmigrator/6.13.5/openshift-model-storageversionmigrator-6.13.5.jar:/home/runner/.m2/repository/io/fabric8/openshift-model-tuned/6.13.5/openshift-model-tuned-6.13.5.jar:/home/runner/.m2/repository/io/fabric8/openshift-model-console/6.13.5/openshift-model-console-6.13.5.jar:/home/runner/.m2/repository/io/fabric8/openshift-model-config/6.13.5/openshift-model-config-6.13.5.jar:/home/runner/.m2/repository/io/fabric8/openshift-model-machineconfig/6.13.5/openshift-model-machineconfig-6.13.5.jar:/home/runner/.m2/repository/io/fabric8/openshift-model-miscellaneous/6.13.5/openshift-model-miscellaneous-6.13.5.jar:/home/runner/.m2/repository/io/fabric8/openshift-model-hive/6.13.5/openshift-model-hive-6.13.5.jar:/home/runner/.m2/repository/io/fabric8/openshift-model-installer/6.13.5/openshift-model-installer-6.13.5.jar:/home/runner/.m2/repository/com/github/mifmif/generex/1.0.2/generex-1.0.2.jar:/home/runner/.m2/repository/dk/brics/automaton/automaton/1.11-8/automaton-1.11-8.jar:/home/runner/.m2/repository/org/junit/platform/junit-platform-launcher/1.10.3/junit-platform-launcher-1.10.3.jar:/home/runner/.m2/repository/org/junit/platform/junit-platform-engine/1.10.3/junit-platform-engine-1.10.3.jar:/home/runner/.m2/repository/org/opentest4j/opentest4j/1.3.0/opentest4j-1.3.0.jar:/home/runner/.m2/repository/org/junit/platform/junit-platform-commons/1.10.3/junit-platform-commons-1.10.3.jar:/home/runner/.m2/repository/org/apiguardian/apiguardian-api/1.1.2/apiguardian-api-1.1.2.jar:/home/runner/.m2/repository/jakarta/ws/rs/jakarta.ws.rs-api/3.1.0/jakarta.ws.rs-api-3.1.0.jar:/home/runner/work/apicurio-testing/apicurio-testing/clusters/ci419/namespaces/kafkasql/tests/integration/apicurio-registry/java-sdk/target/apicurio-registry-java-sdk-3.0.9.jar:/home/runner/.m2/repository/com/microsoft/kiota/microsoft-kiota-abstractions/1.8.4/microsoft-kiota-abstractions-1.8.4.jar:/home/runner/.m2/repository/io/github/std-uritemplate/std-uritemplate/2.0.0/std-uritemplate-2.0.0.jar:/home/runner/.m2/repository/io/kiota/kiota-http-jdk/0.0.21/kiota-http-jdk-0.0.21.jar:/home/runner/.m2/repository/io/kiota/kiota-http-vertx/0.0.21/kiota-http-vertx-0.0.21.jar:/home/runner/.m2/repository/io/kiota/kiota-serialization-jackson/0.0.21/kiota-serialization-jackson-0.0.21.jar:/home/runner/.m2/repository/com/microsoft/kiota/microsoft-kiota-serialization-text/1.8.4/microsoft-kiota-serialization-text-1.8.4.jar:/home/runner/.m2/repository/com/microsoft/kiota/microsoft-kiota-serialization-form/1.8.4/microsoft-kiota-serialization-form-1.8.4.jar:/home/runner/.m2/repository/com/microsoft/kiota/microsoft-kiota-serialization-multipart/1.8.4/microsoft-kiota-serialization-multipart-1.8.4.jar:/home/runner/.m2/repository/jakarta/annotation/jakarta.annotation-api/3.0.0/jakarta.annotation-api-3.0.0.jar:/home/runner/.m2/repository/io/vertx/vertx-auth-oauth2/4.5.13/vertx-auth-oauth2-4.5.13.jar:/home/runner/work/apicurio-testing/apicurio-testing/clusters/ci419/namespaces/kafkasql/tests/integration/apicurio-registry/java-sdk-v2/target/apicurio-registry-v2-java-sdk-3.0.9.jar:/home/runner/work/apicurio-testing/apicurio-testing/clusters/ci419/namespaces/kafkasql/tests/integration/apicurio-registry/utils/kafka/target/apicurio-registry-utils-kafka-3.0.9-tests.jar:/home/runner/.m2/repository/org/eclipse/microprofile/config/microprofile-config-api/3.1/microprofile-config-api-3.1.jar:/home/runner/.m2/repository/org/apache/kafka/kafka-clients/3.9.0/kafka-clients-3.9.0.jar:/home/runner/.m2/repository/com/github/luben/zstd-jni/1.5.6-4/zstd-jni-1.5.6-4.jar:/home/runner/.m2/repository/org/lz4/lz4-java/1.8.0/lz4-java-1.8.0.jar:/home/runner/.m2/repository/org/xerial/snappy/snappy-java/1.1.10.5/snappy-java-1.1.10.5.jar:/home/runner/.m2/repository/org/slf4j/slf4j-api/2.0.6/slf4j-api-2.0.6.jar:/home/runner/work/apicurio-testing/apicurio-testing/clusters/ci419/namespaces/kafkasql/tests/integration/apicurio-registry/utils/tests/target/apicurio-registry-utils-tests-3.0.9.jar:/home/runner/work/apicurio-testing/apicurio-testing/clusters/ci419/namespaces/kafkasql/tests/integration/apicurio-registry/common/target/apicurio-registry-common-3.0.9.jar:/home/runner/.m2/repository/jakarta/validation/jakarta.validation-api/3.0.2/jakarta.validation-api-3.0.2.jar:/home/runner/.m2/repository/com/github/dasniko/testcontainers-keycloak/3.6.0/testcontainers-keycloak-3.6.0.jar:/home/runner/.m2/repository/org/testcontainers/testcontainers/1.20.1/testcontainers-1.20.1.jar:/home/runner/.m2/repository/org/rnorth/duct-tape/duct-tape/1.0.8/duct-tape-1.0.8.jar:/home/runner/.m2/repository/org/jetbrains/annotations/24.1.0/annotations-24.1.0.jar:/home/runner/.m2/repository/com/github/docker-java/docker-java-transport-zerodep/3.4.0/docker-java-transport-zerodep-3.4.0.jar:/home/runner/.m2/repository/com/github/docker-java/docker-java-transport/3.4.0/docker-java-transport-3.4.0.jar:/home/runner/.m2/repository/net/java/dev/jna/jna/5.8.0/jna-5.8.0.jar:/home/runner/.m2/repository/io/quarkus/quarkus-junit4-mock/3.15.4/quarkus-junit4-mock-3.15.4.jar:/home/runner/.m2/repository/org/jboss/shrinkwrap/shrinkwrap-api/2.0.0-beta-2/shrinkwrap-api-2.0.0-beta-2.jar:/home/runner/.m2/repository/org/jboss/shrinkwrap/shrinkwrap-impl-base/2.0.0-beta-2/shrinkwrap-impl-base-2.0.0-beta-2.jar:/home/runner/.m2/repository/org/jboss/shrinkwrap/shrinkwrap-spi/2.0.0-beta-2/shrinkwrap-spi-2.0.0-beta-2.jar:/home/runner/.m2/repository/org/keycloak/keycloak-admin-client/25.0.6/keycloak-admin-client-25.0.6.jar:/home/runner/.m2/repository/org/keycloak/keycloak-core/25.0.6/keycloak-core-25.0.6.jar:/home/runner/.m2/repository/org/keycloak/keycloak-common/25.0.6/keycloak-common-25.0.6.jar:/home/runner/.m2/repository/org/jboss/resteasy/resteasy-client/6.2.9.Final/resteasy-client-6.2.9.Final.jar:/home/runner/.m2/repository/org/jboss/resteasy/resteasy-client-api/6.2.9.Final/resteasy-client-api-6.2.9.Final.jar:/home/runner/.m2/repository/org/jboss/resteasy/resteasy-core-spi/6.2.9.Final/resteasy-core-spi-6.2.9.Final.jar:/home/runner/.m2/repository/org/jboss/resteasy/resteasy-core/6.2.9.Final/resteasy-core-6.2.9.Final.jar:/home/runner/.m2/repository/org/eclipse/angus/angus-activation/2.0.2/angus-activation-2.0.2.jar:/home/runner/.m2/repository/com/ibm/async/asyncutil/0.1.0/asyncutil-0.1.0.jar:/home/runner/.m2/repository/org/reactivestreams/reactive-streams/1.0.4/reactive-streams-1.0.4.jar:/home/runner/.m2/repository/org/jboss/resteasy/resteasy-multipart-provider/6.2.9.Final/resteasy-multipart-provider-6.2.9.Final.jar:/home/runner/.m2/repository/jakarta/mail/jakarta.mail-api/2.1.2/jakarta.mail-api-2.1.2.jar:/home/runner/.m2/repository/org/eclipse/angus/angus-mail/2.0.3/angus-mail-2.0.3.jar:/home/runner/.m2/repository/org/apache/james/apache-mime4j-dom/0.8.11/apache-mime4j-dom-0.8.11.jar:/home/runner/.m2/repository/org/apache/james/apache-mime4j-core/0.8.11/apache-mime4j-core-0.8.11.jar:/home/runner/.m2/repository/org/apache/james/apache-mime4j-storage/0.8.11/apache-mime4j-storage-0.8.11.jar:/home/runner/.m2/repository/org/jboss/resteasy/resteasy-jackson2-provider/6.2.9.Final/resteasy-jackson2-provider-6.2.9.Final.jar:/home/runner/.m2/repository/com/fasterxml/jackson/jakarta/rs/jackson-jakarta-rs-base/2.17.2/jackson-jakarta-rs-base-2.17.2.jar:/home/runner/.m2/repository/com/fasterxml/jackson/jakarta/rs/jackson-jakarta-rs-json-provider/2.17.2/jackson-jakarta-rs-json-provider-2.17.2.jar:/home/runner/.m2/repository/com/fasterxml/jackson/module/jackson-module-jakarta-xmlbind-annotations/2.17.2/jackson-module-jakarta-xmlbind-annotations-2.17.2.jar:/home/runner/.m2/repository/com/github/java-json-tools/json-patch/1.13/json-patch-1.13.jar:/home/runner/.m2/repository/com/github/java-json-tools/msg-simple/1.2/msg-simple-1.2.jar:/home/runner/.m2/repository/com/github/java-json-tools/btf/1.3/btf-1.3.jar:/home/runner/.m2/repository/com/github/java-json-tools/jackson-coreutils/2.0/jackson-coreutils-2.0.jar:/home/runner/.m2/repository/org/jboss/resteasy/resteasy-jaxb-provider/6.2.9.Final/resteasy-jaxb-provider-6.2.9.Final.jar:/home/runner/.m2/repository/org/glassfish/jaxb/codemodel/4.0.3/codemodel-4.0.3.jar:/home/runner/.m2/repository/org/glassfish/jaxb/jaxb-core/4.0.5/jaxb-core-4.0.5.jar:/home/runner/.m2/repository/org/glassfish/jaxb/jaxb-jxc/4.0.3/jaxb-jxc-4.0.3.jar:/home/runner/.m2/repository/org/glassfish/jaxb/jaxb-runtime/4.0.5/jaxb-runtime-4.0.5.jar:/home/runner/.m2/repository/org/glassfish/jaxb/txw2/4.0.5/txw2-4.0.5.jar:/home/runner/.m2/repository/org/glassfish/jaxb/jaxb-xjc/4.0.3/jaxb-xjc-4.0.3.jar:/home/runner/.m2/repository/org/glassfish/jaxb/xsom/4.0.3/xsom-4.0.3.jar:/home/runner/.m2/repository/com/sun/istack/istack-commons-runtime/4.1.2/istack-commons-runtime-4.1.2.jar:/home/runner/.m2/repository/com/sun/istack/istack-commons-tools/4.1.2/istack-commons-tools-4.1.2.jar:/home/runner/.m2/repository/com/sun/xml/bind/external/relaxng-datatype/4.0.3/relaxng-datatype-4.0.3.jar:/home/runner/.m2/repository/com/sun/xml/bind/external/rngom/4.0.3/rngom-4.0.3.jar:/home/runner/.m2/repository/org/testcontainers/mssqlserver/1.20.1/mssqlserver-1.20.1.jar:/home/runner/.m2/repository/org/testcontainers/jdbc/1.20.1/jdbc-1.20.1.jar:/home/runner/.m2/repository/org/testcontainers/database-commons/1.20.1/database-commons-1.20.1.jar:/home/runner/.m2/repository/org/testcontainers/mysql/1.20.1/mysql-1.20.1.jar:/home/runner/.m2/repository/io/strimzi/strimzi-test-container/0.107.0/strimzi-test-container-0.107.0.jar:/home/runner/.m2/repository/org/testcontainers/toxiproxy/1.20.1/toxiproxy-1.20.1.jar:/home/runner/.m2/repository/com/github/docker-java/docker-java-api/3.4.0/docker-java-api-3.4.0.jar:/home/runner/.m2/repository/eu/rekawek/toxiproxy/toxiproxy-java/2.1.7/toxiproxy-java-2.1.7.jar:/home/runner/.m2/repository/junit/junit/4.13.2/junit-4.13.2.jar:/home/runner/.m2/repository/org/hamcrest/hamcrest-core/1.3/hamcrest-core-1.3.jar:/home/runner/.m2/repository/org/testcontainers/pulsar/1.20.4/pulsar-1.20.4.jar:/home/runner/.m2/repository/io/debezium/debezium-testing-testcontainers/2.6.2.Final/debezium-testing-testcontainers-2.6.2.Final.jar:/home/runner/.m2/repository/org/testcontainers/kafka/1.20.1/kafka-1.20.1.jar:/home/runner/.m2/repository/com/squareup/okhttp3/okhttp/4.8.1/okhttp-4.8.1.jar:/home/runner/.m2/repository/com/squareup/okio/okio/3.10.2/okio-3.10.2.jar:/home/runner/.m2/repository/com/squareup/okio/okio-jvm/3.10.2/okio-jvm-3.10.2.jar:/home/runner/.m2/repository/org/jetbrains/kotlin/kotlin-stdlib/2.0.10/kotlin-stdlib-2.0.10.jar:/home/runner/.m2/repository/org/awaitility/awaitility/4.2.2/awaitility-4.2.2.jar:/home/runner/.m2/repository/org/testcontainers/mongodb/1.20.1/mongodb-1.20.1.jar:/home/runner/.m2/repository/org/testcontainers/oracle-xe/1.20.1/oracle-xe-1.20.1.jar:/home/runner/.m2/repository/org/testcontainers/postgresql/1.20.1/postgresql-1.20.1.jar:/home/runner/.m2/repository/org/wiremock/wiremock/3.0.1/wiremock-3.0.1.jar:/home/runner/.m2/repository/org/eclipse/jetty/jetty-server/11.0.15/jetty-server-11.0.15.jar:/home/runner/.m2/repository/org/eclipse/jetty/toolchain/jetty-jakarta-servlet-api/5.0.2/jetty-jakarta-servlet-api-5.0.2.jar:/home/runner/.m2/repository/org/eclipse/jetty/jetty-http/11.0.15/jetty-http-11.0.15.jar:/home/runner/.m2/repository/org/eclipse/jetty/jetty-io/11.0.15/jetty-io-11.0.15.jar:/home/runner/.m2/repository/org/eclipse/jetty/jetty-servlet/11.0.15/jetty-servlet-11.0.15.jar:/home/runner/.m2/repository/org/eclipse/jetty/jetty-security/11.0.15/jetty-security-11.0.15.jar:/home/runner/.m2/repository/org/eclipse/jetty/jetty-servlets/11.0.15/jetty-servlets-11.0.15.jar:/home/runner/.m2/repository/org/eclipse/jetty/jetty-util/11.0.15/jetty-util-11.0.15.jar:/home/runner/.m2/repository/org/eclipse/jetty/jetty-webapp/11.0.15/jetty-webapp-11.0.15.jar:/home/runner/.m2/repository/org/eclipse/jetty/jetty-xml/11.0.15/jetty-xml-11.0.15.jar:/home/runner/.m2/repository/org/eclipse/jetty/jetty-proxy/11.0.15/jetty-proxy-11.0.15.jar:/home/runner/.m2/repository/org/eclipse/jetty/jetty-client/11.0.15/jetty-client-11.0.15.jar:/home/runner/.m2/repository/org/eclipse/jetty/http2/http2-server/11.0.15/http2-server-11.0.15.jar:/home/runner/.m2/repository/org/eclipse/jetty/http2/http2-common/11.0.15/http2-common-11.0.15.jar:/home/runner/.m2/repository/org/eclipse/jetty/http2/http2-hpack/11.0.15/http2-hpack-11.0.15.jar:/home/runner/.m2/repository/org/eclipse/jetty/jetty-alpn-server/11.0.15/jetty-alpn-server-11.0.15.jar:/home/runner/.m2/repository/org/eclipse/jetty/jetty-alpn-java-server/11.0.15/jetty-alpn-java-server-11.0.15.jar:/home/runner/.m2/repository/org/eclipse/jetty/jetty-alpn-java-client/11.0.15/jetty-alpn-java-client-11.0.15.jar:/home/runner/.m2/repository/org/eclipse/jetty/jetty-alpn-client/11.0.15/jetty-alpn-client-11.0.15.jar:/home/runner/.m2/repository/org/apache/httpcomponents/client5/httpclient5/5.2.1/httpclient5-5.2.1.jar:/home/runner/.m2/repository/org/apache/httpcomponents/core5/httpcore5/5.2/httpcore5-5.2.jar:/home/runner/.m2/repository/org/apache/httpcomponents/core5/httpcore5-h2/5.2/httpcore5-h2-5.2.jar:/home/runner/.m2/repository/org/xmlunit/xmlunit-core/2.9.1/xmlunit-core-2.9.1.jar:/home/runner/.m2/repository/jakarta/xml/bind/jakarta.xml.bind-api/4.0.2/jakarta.xml.bind-api-4.0.2.jar:/home/runner/.m2/repository/jakarta/activation/jakarta.activation-api/2.1.3/jakarta.activation-api-2.1.3.jar:/home/runner/.m2/repository/org/xmlunit/xmlunit-legacy/2.9.1/xmlunit-legacy-2.9.1.jar:/home/runner/.m2/repository/org/xmlunit/xmlunit-placeholders/2.9.1/xmlunit-placeholders-2.9.1.jar:/home/runner/.m2/repository/net/javacrumbs/json-unit/json-unit-core/2.38.0/json-unit-core-2.38.0.jar:/home/runner/.m2/repository/com/jayway/jsonpath/json-path/2.8.0/json-path-2.8.0.jar:/home/runner/.m2/repository/net/minidev/json-smart/2.4.10/json-smart-2.4.10.jar:/home/runner/.m2/repository/net/minidev/accessors-smart/2.4.9/accessors-smart-2.4.9.jar:/home/runner/.m2/repository/org/ow2/asm/asm/9.7/asm-9.7.jar:/home/runner/.m2/repository/net/sf/jopt-simple/jopt-simple/5.0.4/jopt-simple-5.0.4.jar:/home/runner/.m2/repository/com/github/jknack/handlebars/4.3.1/handlebars-4.3.1.jar:/home/runner/.m2/repository/com/github/jknack/handlebars-helpers/4.3.1/handlebars-helpers-4.3.1.jar:/home/runner/.m2/repository/commons-fileupload/commons-fileupload/1.5/commons-fileupload-1.5.jar:/home/runner/.m2/repository/com/networknt/json-schema-validator/1.5.5/json-schema-validator-1.5.5.jar:/home/runner/.m2/repository/com/ethlo/time/itu/1.10.3/itu-1.10.3.jar:/home/runner/.m2/repository/io/quarkus/quarkus-smallrye-jwt-build/3.15.4/quarkus-smallrye-jwt-build-3.15.4.jar:/home/runner/.m2/repository/io/smallrye/smallrye-jwt-build/4.5.3/smallrye-jwt-build-4.5.3.jar:/home/runner/.m2/repository/org/eclipse/microprofile/jwt/microprofile-jwt-auth-api/2.1/microprofile-jwt-auth-api-2.1.jar:/home/runner/.m2/repository/org/bitbucket/b_c/jose4j/0.9.6/jose4j-0.9.6.jar:/home/runner/.m2/repository/io/smallrye/smallrye-jwt-common/4.5.3/smallrye-jwt-common-4.5.3.jar:/home/runner/.m2/repository/io/quarkus/quarkus-jsonp/3.15.4/quarkus-jsonp-3.15.4.jar:/home/runner/.m2/repository/io/quarkus/quarkus-arc/3.15.4/quarkus-arc-3.15.4.jar:/home/runner/.m2/repository/io/quarkus/arc/arc/3.15.4/arc-3.15.4.jar:/home/runner/.m2/repository/jakarta/transaction/jakarta.transaction-api/2.0.1/jakarta.transaction-api-2.0.1.jar:/home/runner/.m2/repository/io/smallrye/reactive/mutiny/2.6.2/mutiny-2.6.2.jar:/home/runner/.m2/repository/org/jctools/jctools-core/4.0.5/jctools-core-4.0.5.jar:/home/runner/.m2/repository/org/eclipse/microprofile/context-propagation/microprofile-context-propagation-api/1.3/microprofile-context-propagation-api-1.3.jar:/home/runner/.m2/repository/io/apicurio/apicurio-common-rest-client-common/0.1.18.Final/apicurio-common-rest-client-common-0.1.18.Final.jar:/home/runner/work/apicurio-testing/apicurio-testing/clusters/ci419/namespaces/kafkasql/tests/integration/apicurio-registry/utils/maven-plugin/target/apicurio-registry-maven-plugin-3.0.9.jar:/home/runner/.m2/repository/com/fasterxml/jackson/core/jackson-databind/2.17.2/jackson-databind-2.17.2.jar:/home/runner/.m2/repository/org/apache/avro/avro/1.12.0/avro-1.12.0.jar:/home/runner/.m2/repository/com/google/protobuf/protobuf-java/3.25.8/protobuf-java-3.25.8.jar:/home/runner/.m2/repository/com/google/protobuf/protobuf-java-util/3.25.8/protobuf-java-util-3.25.8.jar:/home/runner/.m2/repository/com/google/code/findbugs/jsr305/3.0.2/jsr305-3.0.2.jar:/home/runner/.m2/repository/com/google/code/gson/gson/2.11.0/gson-2.11.0.jar:/home/runner/.m2/repository/com/google/errorprone/error_prone_annotations/2.30.0/error_prone_annotations-2.30.0.jar:/home/runner/.m2/repository/com/google/j2objc/j2objc-annotations/2.8/j2objc-annotations-2.8.jar:/home/runner/work/apicurio-testing/apicurio-testing/clusters/ci419/namespaces/kafkasql/tests/integration/apicurio-registry/schema-util/util-provider/target/apicurio-registry-schema-util-provider-3.0.9.jar:/home/runner/work/apicurio-testing/apicurio-testing/clusters/ci419/namespaces/kafkasql/tests/integration/apicurio-registry/schema-util/common/target/apicurio-registry-schema-util-common-3.0.9.jar:/home/runner/.m2/repository/com/fasterxml/jackson/module/jackson-module-parameter-names/2.17.2/jackson-module-parameter-names-2.17.2.jar:/home/runner/.m2/repository/com/fasterxml/jackson/datatype/jackson-datatype-json-org/2.18.2/jackson-datatype-json-org-2.18.2.jar:/home/runner/work/apicurio-testing/apicurio-testing/clusters/ci419/namespaces/kafkasql/tests/integration/apicurio-registry/schema-util/json/target/apicurio-registry-schema-util-json-3.0.9.jar:/home/runner/.m2/repository/com/github/erosb/everit-json-schema/1.14.5/everit-json-schema-1.14.5.jar:/home/runner/.m2/repository/commons-validator/commons-validator/1.9.0/commons-validator-1.9.0.jar:/home/runner/.m2/repository/commons-digester/commons-digester/2.1/commons-digester-2.1.jar:/home/runner/.m2/repository/commons-collections/commons-collections/3.2.2/commons-collections-3.2.2.jar:/home/runner/.m2/repository/com/damnhandy/handy-uri-templates/2.1.8/handy-uri-templates-2.1.8.jar:/home/runner/.m2/repository/joda-time/joda-time/2.10.2/joda-time-2.10.2.jar:/home/runner/.m2/repository/com/github/erosb/json-sKema/0.20.0/json-sKema-0.20.0.jar:/home/runner/.m2/repository/io/vertx/vertx-json-schema/4.5.13/vertx-json-schema-4.5.13.jar:/home/runner/work/apicurio-testing/apicurio-testing/clusters/ci419/namespaces/kafkasql/tests/integration/apicurio-registry/schema-util/protobuf/target/apicurio-registry-schema-util-protobuf-3.0.9.jar:/home/runner/work/apicurio-testing/apicurio-testing/clusters/ci419/namespaces/kafkasql/tests/integration/apicurio-registry/utils/protobuf-schema-utilities/target/apicurio-registry-protobuf-schema-utilities-3.0.9.jar:/home/runner/.m2/repository/com/google/api/grpc/proto-google-common-protos/2.52.0/proto-google-common-protos-2.52.0.jar:/home/runner/.m2/repository/com/squareup/wire/wire-schema-jvm/5.1.0/wire-schema-jvm-5.1.0.jar:/home/runner/.m2/repository/com/squareup/javapoet/1.13.0/javapoet-1.13.0.jar:/home/runner/.m2/repository/com/squareup/kotlinpoet-jvm/1.18.1/kotlinpoet-jvm-1.18.1.jar:/home/runner/.m2/repository/org/jetbrains/kotlin/kotlin-reflect/2.0.10/kotlin-reflect-2.0.10.jar:/home/runner/.m2/repository/com/squareup/wire/wire-runtime-jvm/5.1.0/wire-runtime-jvm-5.1.0.jar:/home/runner/.m2/repository/com/ibm/icu/icu4j/76.1/icu4j-76.1.jar:/home/runner/.m2/repository/com/squareup/okio/okio-fakefilesystem/3.10.2/okio-fakefilesystem-3.10.2.jar:/home/runner/.m2/repository/com/squareup/okio/okio-fakefilesystem-jvm/3.10.2/okio-fakefilesystem-jvm-3.10.2.jar:/home/runner/.m2/repository/org/jetbrains/kotlinx/kotlinx-datetime-jvm/0.6.1/kotlinx-datetime-jvm-0.6.1.jar:/home/runner/work/apicurio-testing/apicurio-testing/clusters/ci419/namespaces/kafkasql/tests/integration/apicurio-registry/schema-util/asyncapi/target/apicurio-registry-schema-util-asyncapi-3.0.9.jar:/home/runner/work/apicurio-testing/apicurio-testing/clusters/ci419/namespaces/kafkasql/tests/integration/apicurio-registry/schema-util/avro/target/apicurio-registry-schema-util-avro-3.0.9.jar:/home/runner/work/apicurio-testing/apicurio-testing/clusters/ci419/namespaces/kafkasql/tests/integration/apicurio-registry/schema-util/graphql/target/apicurio-registry-schema-util-graphql-3.0.9.jar:/home/runner/.m2/repository/com/graphql-java/graphql-java/22.3/graphql-java-22.3.jar:/home/runner/.m2/repository/com/graphql-java/java-dataloader/3.3.0/java-dataloader-3.3.0.jar:/home/runner/work/apicurio-testing/apicurio-testing/clusters/ci419/namespaces/kafkasql/tests/integration/apicurio-registry/schema-util/kconnect/target/apicurio-registry-schema-util-kconnect-3.0.9.jar:/home/runner/work/apicurio-testing/apicurio-testing/clusters/ci419/namespaces/kafkasql/tests/integration/apicurio-registry/schema-util/openapi/target/apicurio-registry-schema-util-openapi-3.0.9.jar:/home/runner/.m2/repository/io/apicurio/apicurio-data-models/2.2.1/apicurio-data-models-2.2.1.jar:/home/runner/.m2/repository/org/openapitools/openapidiff/openapi-diff-core/2.0.1/openapi-diff-core-2.0.1.jar:/home/runner/.m2/repository/io/swagger/parser/v3/swagger-parser/2.0.28/swagger-parser-2.0.28.jar:/home/runner/.m2/repository/io/swagger/parser/v3/swagger-parser-v2-converter/2.0.28/swagger-parser-v2-converter-2.0.28.jar:/home/runner/.m2/repository/io/swagger/swagger-core/1.6.3/swagger-core-1.6.3.jar:/home/runner/.m2/repository/io/swagger/swagger-models/1.6.3/swagger-models-1.6.3.jar:/home/runner/.m2/repository/io/swagger/swagger-annotations/1.6.3/swagger-annotations-1.6.3.jar:/home/runner/.m2/repository/io/swagger/swagger-parser/1.0.56/swagger-parser-1.0.56.jar:/home/runner/.m2/repository/io/swagger/swagger-compat-spec-parser/1.0.56/swagger-compat-spec-parser-1.0.56.jar:/home/runner/.m2/repository/com/github/java-json-tools/json-schema-validator/2.2.14/json-schema-validator-2.2.14.jar:/home/runner/.m2/repository/com/github/java-json-tools/jackson-coreutils-equivalence/1.0/jackson-coreutils-equivalence-1.0.jar:/home/runner/.m2/repository/com/github/java-json-tools/json-schema-core/1.2.14/json-schema-core-1.2.14.jar:/home/runner/.m2/repository/com/github/java-json-tools/uri-template/0.10/uri-template-0.10.jar:/home/runner/.m2/repository/com/sun/mail/mailapi/1.6.2/mailapi-1.6.2.jar:/home/runner/.m2/repository/com/googlecode/libphonenumber/libphonenumber/8.11.1/libphonenumber-8.11.1.jar:/home/runner/.m2/repository/com/j2html/j2html/1.5.0/j2html-1.5.0.jar:/home/runner/.m2/repository/org/apache/commons/commons-collections4/4.4/commons-collections4-4.4.jar:/home/runner/.m2/repository/commons-httpclient/commons-httpclient/3.1/commons-httpclient-3.1.jar:/home/runner/.m2/repository/io/swagger/parser/v3/swagger-parser-v3/2.1.25/swagger-parser-v3-2.1.25.jar:/home/runner/.m2/repository/io/swagger/core/v3/swagger-models/2.2.28/swagger-models-2.2.28.jar:/home/runner/.m2/repository/io/swagger/core/v3/swagger-core/2.2.28/swagger-core-2.2.28.jar:/home/runner/.m2/repository/io/swagger/parser/v3/swagger-parser-core/2.1.25/swagger-parser-core-2.1.25.jar:/home/runner/.m2/repository/io/swagger/parser/v3/swagger-parser-safe-url-resolver/2.1.25/swagger-parser-safe-url-resolver-2.1.25.jar:/home/runner/work/apicurio-testing/apicurio-testing/clusters/ci419/namespaces/kafkasql/tests/integration/apicurio-registry/schema-util/wsdl/target/apicurio-registry-schema-util-wsdl-3.0.9.jar:/home/runner/.m2/repository/wsdl4j/wsdl4j/1.6.3/wsdl4j-1.6.3.jar:/home/runner/work/apicurio-testing/apicurio-testing/clusters/ci419/namespaces/kafkasql/tests/integration/apicurio-registry/schema-util/xml/target/apicurio-registry-schema-util-xml-3.0.9.jar:/home/runner/.m2/repository/org/apache/santuario/xmlsec/4.0.3/xmlsec-4.0.3.jar:/home/runner/.m2/repository/com/fasterxml/woodstox/woodstox-core/7.1.0/woodstox-core-7.1.0.jar:/home/runner/.m2/repository/org/codehaus/woodstox/stax2-api/4.2.2/stax2-api-4.2.2.jar:/home/runner/work/apicurio-testing/apicurio-testing/clusters/ci419/namespaces/kafkasql/tests/integration/apicurio-registry/schema-util/xsd/target/apicurio-registry-schema-util-xsd-3.0.9.jar:/home/runner/work/apicurio-testing/apicurio-testing/clusters/ci419/namespaces/kafkasql/tests/integration/apicurio-registry/serdes/kafka/jsonschema-serde/target/apicurio-registry-jsonschema-serde-kafka-3.0.9.jar:/home/runner/work/apicurio-testing/apicurio-testing/clusters/ci419/namespaces/kafkasql/tests/integration/apicurio-registry/serdes/kafka/serde-kafka-common/target/apicurio-registry-serde-kafka-common-3.0.9.jar:/home/runner/work/apicurio-testing/apicurio-testing/clusters/ci419/namespaces/kafkasql/tests/integration/apicurio-registry/serdes/generic/serde-common/target/apicurio-registry-serde-common-3.0.9.jar:/home/runner/work/apicurio-testing/apicurio-testing/clusters/ci419/namespaces/kafkasql/tests/integration/apicurio-registry/schema-resolver/target/apicurio-registry-schema-resolver-3.0.9.jar:/home/runner/work/apicurio-testing/apicurio-testing/clusters/ci419/namespaces/kafkasql/tests/integration/apicurio-registry/serdes/generic/serde-common-jsonschema/target/apicurio-registry-serde-common-jsonschema-3.0.9.jar:/home/runner/.m2/repository/org/json/json/20250107/json-20250107.jar:/home/runner/work/apicurio-testing/apicurio-testing/clusters/ci419/namespaces/kafkasql/tests/integration/apicurio-registry/serdes/kafka/avro-serde/target/apicurio-registry-avro-serde-kafka-3.0.9.jar:/home/runner/work/apicurio-testing/apicurio-testing/clusters/ci419/namespaces/kafkasql/tests/integration/apicurio-registry/serdes/generic/serde-common-avro/target/apicurio-registry-serde-common-avro-3.0.9.jar:/home/runner/work/apicurio-testing/apicurio-testing/clusters/ci419/namespaces/kafkasql/tests/integration/apicurio-registry/serdes/kafka/protobuf-serde/target/apicurio-registry-protobuf-serde-kafka-3.0.9.jar:/home/runner/work/apicurio-testing/apicurio-testing/clusters/ci419/namespaces/kafkasql/tests/integration/apicurio-registry/serdes/generic/serde-common-protobuf/target/apicurio-registry-serde-common-protobuf-3.0.9.jar:/home/runner/.m2/repository/com/squareup/wire/wire-schema/5.1.0/wire-schema-5.1.0.jar:/home/runner/.m2/repository/com/squareup/wire/wire-runtime/5.1.0/wire-runtime-5.1.0.jar:/home/runner/work/apicurio-testing/apicurio-testing/clusters/ci419/namespaces/kafkasql/tests/integration/apicurio-registry/serdes/pulsar/avro-serde/target/apicurio-registry-avro-serde-pulsar-3.0.9.jar:/home/runner/.m2/repository/org/apache/pulsar/pulsar-functions-api/3.3.4/pulsar-functions-api-3.3.4.jar:/home/runner/work/apicurio-testing/apicurio-testing/clusters/ci419/namespaces/kafkasql/tests/integration/apicurio-registry/serdes/nats/avro-serde/target/apicurio-registry-avro-serde-nats-3.0.9.jar:/home/runner/.m2/repository/io/nats/jnats/2.20.5/jnats-2.20.5.jar:/home/runner/.m2/repository/net/i2p/crypto/eddsa/0.3.0/eddsa-0.3.0.jar:/home/runner/work/apicurio-testing/apicurio-testing/clusters/ci419/namespaces/kafkasql/tests/integration/apicurio-registry/utils/converter/target/apicurio-registry-utils-converter-3.0.9.jar:/home/runner/.m2/repository/org/apache/kafka/connect-api/3.9.1/connect-api-3.9.1.jar:/home/runner/.m2/repository/javax/ws/rs/javax.ws.rs-api/2.1.1/javax.ws.rs-api-2.1.1.jar:/home/runner/.m2/repository/org/apache/kafka/connect-json/3.9.1/connect-json-3.9.1.jar:/home/runner/.m2/repository/com/fasterxml/jackson/datatype/jackson-datatype-jdk8/2.17.2/jackson-datatype-jdk8-2.17.2.jar:/home/runner/.m2/repository/com/fasterxml/jackson/module/jackson-module-afterburner/2.17.2/jackson-module-afterburner-2.17.2.jar:/home/runner/work/apicurio-testing/apicurio-testing/clusters/ci419/namespaces/kafkasql/tests/integration/apicurio-registry/utils/kafka/target/apicurio-registry-utils-kafka-3.0.9.jar:/home/runner/.m2/repository/org/apache/pulsar/pulsar-client/3.3.4/pulsar-client-3.3.4.jar:/home/runner/.m2/repository/org/apache/pulsar/pulsar-client-api/3.3.4/pulsar-client-api-3.3.4.jar:/home/runner/.m2/repository/org/apache/pulsar/pulsar-client-admin-api/3.3.4/pulsar-client-admin-api-3.3.4.jar:/home/runner/.m2/repository/org/apache/pulsar/bouncy-castle-bc/3.3.4/bouncy-castle-bc-3.3.4-pkg.jar:/home/runner/.m2/repository/org/bouncycastle/bcpkix-jdk18on/1.78.1/bcpkix-jdk18on-1.78.1.jar:/home/runner/.m2/repository/org/bouncycastle/bcutil-jdk18on/1.78.1/bcutil-jdk18on-1.78.1.jar:/home/runner/.m2/repository/org/bouncycastle/bcprov-jdk18on/1.78.1/bcprov-jdk18on-1.78.1.jar:/home/runner/.m2/repository/io/opentelemetry/opentelemetry-api/1.39.0/opentelemetry-api-1.39.0.jar:/home/runner/.m2/repository/io/opentelemetry/opentelemetry-context/1.39.0/opentelemetry-context-1.39.0.jar:/home/runner/.m2/repository/io/opentelemetry/opentelemetry-api-incubator/1.39.0-alpha/opentelemetry-api-incubator-1.39.0-alpha.jar:/home/runner/.m2/repository/com/fasterxml/jackson/core/jackson-annotations/2.17.2/jackson-annotations-2.17.2.jar:/home/runner/.m2/repository/javax/validation/validation-api/1.1.0.Final/validation-api-1.1.0.Final.jar:/home/runner/.m2/repository/io/confluent/kafka-avro-serializer/7.9.0/kafka-avro-serializer-7.9.0.jar:/home/runner/.m2/repository/org/apache/commons/commons-compress/1.27.0/commons-compress-1.27.0.jar:/home/runner/.m2/repository/io/confluent/kafka-schema-serializer/7.9.0/kafka-schema-serializer-7.9.0.jar:/home/runner/.m2/repository/com/fasterxml/jackson/dataformat/jackson-dataformat-csv/2.17.2/jackson-dataformat-csv-2.17.2.jar:/home/runner/.m2/repository/io/confluent/kafka-schema-registry-client/7.9.0/kafka-schema-registry-client-7.9.0.jar:/home/runner/.m2/repository/org/yaml/snakeyaml/2.2/snakeyaml-2.2.jar:/home/runner/.m2/repository/io/swagger/core/v3/swagger-annotations/2.1.10/swagger-annotations-2.1.10.jar:/home/runner/.m2/repository/com/google/guava/guava/33.2.1-jre/guava-33.2.1-jre.jar:/home/runner/.m2/repository/com/google/guava/failureaccess/1.0.1/failureaccess-1.0.1.jar:/home/runner/.m2/repository/org/checkerframework/checker-qual/3.46.0/checker-qual-3.46.0.jar:/home/runner/.m2/repository/io/confluent/logredactor/1.0.12/logredactor-1.0.12.jar:/home/runner/.m2/repository/com/google/re2j/re2j/1.6/re2j-1.6.jar:/home/runner/.m2/repository/io/confluent/logredactor-metrics/1.0.12/logredactor-metrics-1.0.12.jar:/home/runner/.m2/repository/com/eclipsesource/minimal-json/minimal-json/0.9.5/minimal-json-0.9.5.jar:/home/runner/.m2/repository/io/confluent/common-utils/7.9.0/common-utils-7.9.0.jar:/home/runner/.m2/repository/io/confluent/kafka-connect-avro-converter/7.9.0/kafka-connect-avro-converter-7.9.0.jar:/home/runner/.m2/repository/io/confluent/kafka-connect-avro-data/7.9.0/kafka-connect-avro-data-7.9.0.jar:/home/runner/.m2/repository/io/confluent/kafka-schema-converter/7.9.0/kafka-schema-converter-7.9.0.jar:/home/runner/.m2/repository/io/rest-assured/rest-assured/5.5.0/rest-assured-5.5.0.jar:/home/runner/.m2/repository/org/apache/groovy/groovy/4.0.22/groovy-4.0.22.jar:/home/runner/.m2/repository/org/apache/groovy/groovy-xml/4.0.22/groovy-xml-4.0.22.jar:/home/runner/.m2/repository/org/apache/httpcomponents/httpclient/4.5.14/httpclient-4.5.14.jar:/home/runner/.m2/repository/org/apache/httpcomponents/httpcore/4.4.16/httpcore-4.4.16.jar:/home/runner/.m2/repository/org/apache/httpcomponents/httpmime/4.5.14/httpmime-4.5.14.jar:/home/runner/.m2/repository/org/hamcrest/hamcrest/2.2/hamcrest-2.2.jar:/home/runner/.m2/repository/org/ccil/cowan/tagsoup/tagsoup/1.2.1/tagsoup-1.2.1.jar:/home/runner/.m2/repository/io/rest-assured/json-path/5.5.0/json-path-5.5.0.jar:/home/runner/.m2/repository/org/apache/groovy/groovy-json/4.0.22/groovy-json-4.0.22.jar:/home/runner/.m2/repository/io/rest-assured/rest-assured-common/5.5.0/rest-assured-common-5.5.0.jar:/home/runner/.m2/repository/io/rest-assured/xml-path/5.5.0/xml-path-5.5.0.jar:/home/runner/.m2/repository/io/zonky/test/embedded-postgres/2.1.0/embedded-postgres-2.1.0.jar:/home/runner/.m2/repository/io/zonky/test/postgres/embedded-postgres-binaries-windows-amd64/14.15.0/embedded-postgres-binaries-windows-amd64-14.15.0.jar:/home/runner/.m2/repository/io/zonky/test/postgres/embedded-postgres-binaries-darwin-amd64/14.15.0/embedded-postgres-binaries-darwin-amd64-14.15.0.jar:/home/runner/.m2/repository/io/zonky/test/postgres/embedded-postgres-binaries-linux-amd64/14.15.0/embedded-postgres-binaries-linux-amd64-14.15.0.jar:/home/runner/.m2/repository/io/zonky/test/postgres/embedded-postgres-binaries-linux-amd64-alpine/14.15.0/embedded-postgres-binaries-linux-amd64-alpine-14.15.0.jar:/home/runner/.m2/repository/org/apache/commons/commons-lang3/3.14.0/commons-lang3-3.14.0.jar:/home/runner/.m2/repository/org/tukaani/xz/1.10/xz-1.10.jar:/home/runner/.m2/repository/commons-codec/commons-codec/1.18.0/commons-codec-1.18.0.jar:/home/runner/.m2/repository/org/postgresql/postgresql/42.7.4/postgresql-42.7.4.jar:/home/runner/.m2/repository/commons-io/commons-io/2.16.1/commons-io-2.16.1.jar:/home/runner/work/apicurio-testing/apicurio-testing/clusters/ci419/namespaces/kafkasql/tests/integration/apicurio-registry/utils/importexport/target/apicurio-registry-utils-import-export-3.0.9.jar:/home/runner/.m2/repository/io/vertx/vertx-core/4.5.13/vertx-core-4.5.13.jar:/home/runner/.m2/repository/io/netty/netty-common/4.1.118.Final/netty-common-4.1.118.Final.jar:/home/runner/.m2/repository/io/netty/netty-buffer/4.1.118.Final/netty-buffer-4.1.118.Final.jar:/home/runner/.m2/repository/io/netty/netty-transport/4.1.118.Final/netty-transport-4.1.118.Final.jar:/home/runner/.m2/repository/io/netty/netty-handler/4.1.118.Final/netty-handler-4.1.118.Final.jar:/home/runner/.m2/repository/io/netty/netty-transport-native-unix-common/4.1.118.Final/netty-transport-native-unix-common-4.1.118.Final.jar:/home/runner/.m2/repository/io/netty/netty-codec/4.1.118.Final/netty-codec-4.1.118.Final.jar:/home/runner/.m2/repository/io/netty/netty-handler-proxy/4.1.118.Final/netty-handler-proxy-4.1.118.Final.jar:/home/runner/.m2/repository/io/netty/netty-codec-socks/4.1.118.Final/netty-codec-socks-4.1.118.Final.jar:/home/runner/.m2/repository/io/netty/netty-codec-http/4.1.118.Final/netty-codec-http-4.1.118.Final.jar:/home/runner/.m2/repository/io/netty/netty-codec-http2/4.1.118.Final/netty-codec-http2-4.1.118.Final.jar:/home/runner/.m2/repository/io/netty/netty-resolver/4.1.118.Final/netty-resolver-4.1.118.Final.jar:/home/runner/.m2/repository/io/netty/netty-resolver-dns/4.1.118.Final/netty-resolver-dns-4.1.118.Final.jar:/home/runner/.m2/repository/io/netty/netty-codec-dns/4.1.118.Final/netty-codec-dns-4.1.118.Final.jar:/home/runner/.m2/repository/com/fasterxml/jackson/core/jackson-core/2.17.2/jackson-core-2.17.2.jar:"/>
    <property name="java.vm.vendor" value="Eclipse Adoptium"/>
    <property name="maven.javadoc.skip" value="true"/>
    <property name="sun.arch.data.model" value="64"/>
    <property name="java.vendor.url" value="https://adoptium.net/"/>
    <property name="user.timezone" value="Etc/UTC"/>
    <property name="os.name" value="Linux"/>
    <property name="java.vm.specification.version" value="17"/>
    <property name="sun.java.launcher" value="SUN_STANDARD"/>
    <property name="quarkus.http.test-port" value="80"/>
    <property name="sun.boot.library.path" value="/usr/lib/jvm/temurin-17-jdk-amd64/lib"/>
    <property name="sun.java.command" value="/home/runner/work/apicurio-testing/apicurio-testing/clusters/ci419/namespaces/kafkasql/tests/integration/apicurio-registry/integration-tests/target/surefire/surefirebooter-20250731155212032_3.jar /home/runner/work/apicurio-testing/apicurio-testing/clusters/ci419/namespaces/kafkasql/tests/integration/apicurio-registry/integration-tests/target/surefire 2025-07-31T15-52-11_968-jvmRun1 surefire-20250731155212032_1tmp surefire_0-20250731155212032_2tmp"/>
    <property name="maven.home" value="/home/runner/.m2/wrapper/dists/apache-maven-3.9.8-bin/4fnp1ql35bgk2a0p7m31ovbgb0/apache-maven-3.9.8"/>
    <property name="jdk.debug" value="release"/>
    <property name="surefire.test.class.path" value="/home/runner/work/apicurio-testing/apicurio-testing/clusters/ci419/namespaces/kafkasql/tests/integration/apicurio-registry/integration-tests/target/test-classes:/home/runner/work/apicurio-testing/apicurio-testing/clusters/ci419/namespaces/kafkasql/tests/integration/apicurio-registry/integration-tests/target/apicurio-registry-integration-tests-3.0.9.jar:/home/runner/.m2/repository/io/quarkus/quarkus-junit5/3.15.4/quarkus-junit5-3.15.4.jar:/home/runner/.m2/repository/io/quarkus/quarkus-bootstrap-core/3.15.4/quarkus-bootstrap-core-3.15.4.jar:/home/runner/.m2/repository/io/quarkus/quarkus-classloader-commons/3.15.4/quarkus-classloader-commons-3.15.4.jar:/home/runner/.m2/repository/io/quarkus/quarkus-bootstrap-app-model/3.15.4/quarkus-bootstrap-app-model-3.15.4.jar:/home/runner/.m2/repository/io/smallrye/common/smallrye-common-io/2.6.1/smallrye-common-io-2.6.1.jar:/home/runner/.m2/repository/org/eclipse/sisu/org.eclipse.sisu.inject/0.9.0.M3/org.eclipse.sisu.inject-0.9.0.M3.jar:/home/runner/.m2/repository/io/quarkus/quarkus-test-common/3.15.4/quarkus-test-common-3.15.4.jar:/home/runner/.m2/repository/io/quarkus/quarkus-core-deployment/3.15.4/quarkus-core-deployment-3.15.4.jar:/home/runner/.m2/repository/org/aesh/readline/2.6/readline-2.6.jar:/home/runner/.m2/repository/org/fusesource/jansi/jansi/2.4.0/jansi-2.4.0.jar:/home/runner/.m2/repository/org/aesh/aesh/2.8.2/aesh-2.8.2.jar:/home/runner/.m2/repository/io/quarkus/gizmo/gizmo/1.8.0/gizmo-1.8.0.jar:/home/runner/.m2/repository/org/ow2/asm/asm-util/9.7/asm-util-9.7.jar:/home/runner/.m2/repository/org/ow2/asm/asm-analysis/9.7/asm-analysis-9.7.jar:/home/runner/.m2/repository/org/ow2/asm/asm-commons/9.7/asm-commons-9.7.jar:/home/runner/.m2/repository/org/ow2/asm/asm-tree/9.7/asm-tree-9.7.jar:/home/runner/.m2/repository/io/quarkus/quarkus-hibernate-validator-spi/3.15.4/quarkus-hibernate-validator-spi-3.15.4.jar:/home/runner/.m2/repository/io/quarkus/quarkus-class-change-agent/3.15.4/quarkus-class-change-agent-3.15.4.jar:/home/runner/.m2/repository/io/quarkus/quarkus-devtools-utilities/3.15.4/quarkus-devtools-utilities-3.15.4.jar:/home/runner/.m2/repository/io/quarkus/quarkus-builder/3.15.4/quarkus-builder-3.15.4.jar:/home/runner/.m2/repository/org/graalvm/sdk/nativeimage/23.1.2/nativeimage-23.1.2.jar:/home/runner/.m2/repository/org/graalvm/sdk/word/23.1.2/word-23.1.2.jar:/home/runner/.m2/repository/io/quarkus/quarkus-bootstrap-maven-resolver/3.15.4/quarkus-bootstrap-maven-resolver-3.15.4.jar:/home/runner/.m2/repository/io/smallrye/beanbag/smallrye-beanbag-maven/1.5.2/smallrye-beanbag-maven-1.5.2.jar:/home/runner/.m2/repository/io/smallrye/beanbag/smallrye-beanbag-sisu/1.5.2/smallrye-beanbag-sisu-1.5.2.jar:/home/runner/.m2/repository/io/smallrye/beanbag/smallrye-beanbag/1.5.2/smallrye-beanbag-1.5.2.jar:/home/runner/.m2/repository/javax/inject/javax.inject/1/javax.inject-1.jar:/home/runner/.m2/repository/org/apache/maven/maven-artifact/3.9.8/maven-artifact-3.9.8.jar:/home/runner/.m2/repository/org/apache/maven/maven-builder-support/3.9.8/maven-builder-support-3.9.8.jar:/home/runner/.m2/repository/org/apache/maven/maven-model/3.9.8/maven-model-3.9.8.jar:/home/runner/.m2/repository/org/apache/maven/maven-model-builder/3.9.8/maven-model-builder-3.9.8.jar:/home/runner/.m2/repository/org/apache/maven/maven-repository-metadata/3.9.8/maven-repository-metadata-3.9.8.jar:/home/runner/.m2/repository/org/apache/maven/maven-settings/3.9.8/maven-settings-3.9.8.jar:/home/runner/.m2/repository/org/apache/maven/resolver/maven-resolver-api/1.9.22/maven-resolver-api-1.9.22.jar:/home/runner/.m2/repository/org/apache/maven/resolver/maven-resolver-impl/1.9.22/maven-resolver-impl-1.9.22.jar:/home/runner/.m2/repository/org/apache/maven/resolver/maven-resolver-named-locks/1.9.22/maven-resolver-named-locks-1.9.22.jar:/home/runner/.m2/repository/org/apache/maven/resolver/maven-resolver-spi/1.9.22/maven-resolver-spi-1.9.22.jar:/home/runner/.m2/repository/org/apache/maven/resolver/maven-resolver-util/1.9.22/maven-resolver-util-1.9.22.jar:/home/runner/.m2/repository/org/apache/maven/resolver/maven-resolver-transport-http/1.9.20/maven-resolver-transport-http-1.9.20.jar:/home/runner/.m2/repository/org/apache/maven/wagon/wagon-provider-api/3.5.3/wagon-provider-api-3.5.3.jar:/home/runner/.m2/repository/org/apache/maven/wagon/wagon-http-shared/3.5.3/wagon-http-shared-3.5.3.jar:/home/runner/.m2/repository/org/codehaus/plexus/plexus-interpolation/1.26/plexus-interpolation-1.26.jar:/home/runner/.m2/repository/org/codehaus/plexus/plexus-utils/3.5.1/plexus-utils-3.5.1.jar:/home/runner/.m2/repository/org/codehaus/plexus/plexus-xml/4.0.1/plexus-xml-4.0.1.jar:/home/runner/.m2/repository/org/apache/maven/maven-xml-impl/4.0.0-alpha-5/maven-xml-impl-4.0.0-alpha-5.jar:/home/runner/.m2/repository/org/apache/maven/maven-api-xml/4.0.0-alpha-5/maven-api-xml-4.0.0-alpha-5.jar:/home/runner/.m2/repository/org/apache/maven/maven-api-meta/4.0.0-alpha-5/maven-api-meta-4.0.0-alpha-5.jar:/home/runner/.m2/repository/org/codehaus/plexus/plexus-cipher/2.0/plexus-cipher-2.0.jar:/home/runner/.m2/repository/org/codehaus/plexus/plexus-sec-dispatcher/2.0/plexus-sec-dispatcher-2.0.jar:/home/runner/.m2/repository/org/apache/maven/maven-embedder/3.9.8/maven-embedder-3.9.8.jar:/home/runner/.m2/repository/org/apache/maven/maven-core/3.9.8/maven-core-3.9.8.jar:/home/runner/.m2/repository/org/codehaus/plexus/plexus-component-annotations/2.1.0/plexus-component-annotations-2.1.0.jar:/home/runner/.m2/repository/org/apache/maven/maven-plugin-api/3.9.8/maven-plugin-api-3.9.8.jar:/home/runner/.m2/repository/org/apache/maven/shared/maven-shared-utils/3.4.2/maven-shared-utils-3.4.2.jar:/home/runner/.m2/repository/com/google/inject/guice/5.1.0/guice-5.1.0.jar:/home/runner/.m2/repository/aopalliance/aopalliance/1.0/aopalliance-1.0.jar:/home/runner/.m2/repository/javax/annotation/javax.annotation-api/1.3.2/javax.annotation-api-1.3.2.jar:/home/runner/.m2/repository/org/codehaus/plexus/plexus-classworlds/2.6.0/plexus-classworlds-2.6.0.jar:/home/runner/.m2/repository/commons-cli/commons-cli/1.8.0/commons-cli-1.8.0.jar:/home/runner/.m2/repository/org/eclipse/sisu/org.eclipse.sisu.plexus/0.9.0.M3/org.eclipse.sisu.plexus-0.9.0.M3.jar:/home/runner/.m2/repository/org/apache/maven/maven-settings-builder/3.9.8/maven-settings-builder-3.9.8.jar:/home/runner/.m2/repository/org/apache/maven/maven-resolver-provider/3.9.8/maven-resolver-provider-3.9.8.jar:/home/runner/.m2/repository/org/apache/maven/resolver/maven-resolver-connector-basic/1.9.22/maven-resolver-connector-basic-1.9.22.jar:/home/runner/.m2/repository/org/apache/maven/resolver/maven-resolver-transport-wagon/1.9.22/maven-resolver-transport-wagon-1.9.22.jar:/home/runner/.m2/repository/org/apache/maven/wagon/wagon-http/3.5.3/wagon-http-3.5.3.jar:/home/runner/.m2/repository/org/apache/maven/wagon/wagon-file/3.5.3/wagon-file-3.5.3.jar:/home/runner/.m2/repository/io/quarkus/quarkus-bootstrap-gradle-resolver/3.15.4/quarkus-bootstrap-gradle-resolver-3.15.4.jar:/home/runner/.m2/repository/io/smallrye/jandex/3.2.3/jandex-3.2.3.jar:/home/runner/.m2/repository/org/jboss/logging/commons-logging-jboss-logging/1.0.0.Final/commons-logging-jboss-logging-1.0.0.Final.jar:/home/runner/.m2/repository/io/quarkus/quarkus-junit5-properties/3.15.4/quarkus-junit5-properties-3.15.4.jar:/home/runner/.m2/repository/org/junit/jupiter/junit-jupiter/5.10.3/junit-jupiter-5.10.3.jar:/home/runner/.m2/repository/org/junit/jupiter/junit-jupiter-api/5.10.3/junit-jupiter-api-5.10.3.jar:/home/runner/.m2/repository/org/junit/jupiter/junit-jupiter-params/5.10.3/junit-jupiter-params-5.10.3.jar:/home/runner/.m2/repository/org/junit/jupiter/junit-jupiter-engine/5.10.3/junit-jupiter-engine-5.10.3.jar:/home/runner/.m2/repository/io/quarkus/quarkus-core/3.15.4/quarkus-core-3.15.4.jar:/home/runner/.m2/repository/jakarta/enterprise/jakarta.enterprise.cdi-api/4.1.0/jakarta.enterprise.cdi-api-4.1.0.jar:/home/runner/.m2/repository/jakarta/enterprise/jakarta.enterprise.lang-model/4.1.0/jakarta.enterprise.lang-model-4.1.0.jar:/home/runner/.m2/repository/jakarta/el/jakarta.el-api/5.0.1/jakarta.el-api-5.0.1.jar:/home/runner/.m2/repository/jakarta/interceptor/jakarta.interceptor-api/2.2.0/jakarta.interceptor-api-2.2.0.jar:/home/runner/.m2/repository/jakarta/inject/jakarta.inject-api/2.0.1/jakarta.inject-api-2.0.1.jar:/home/runner/.m2/repository/io/smallrye/common/smallrye-common-os/2.6.1/smallrye-common-os-2.6.1.jar:/home/runner/.m2/repository/io/quarkus/quarkus-ide-launcher/3.15.4/quarkus-ide-launcher-3.15.4.jar:/home/runner/.m2/repository/io/quarkus/quarkus-development-mode-spi/3.15.4/quarkus-development-mode-spi-3.15.4.jar:/home/runner/.m2/repository/io/smallrye/config/smallrye-config/3.9.1/smallrye-config-3.9.1.jar:/home/runner/.m2/repository/io/smallrye/config/smallrye-config-core/3.9.1/smallrye-config-core-3.9.1.jar:/home/runner/.m2/repository/io/smallrye/common/smallrye-common-annotation/2.6.1/smallrye-common-annotation-2.6.1.jar:/home/runner/.m2/repository/io/smallrye/common/smallrye-common-classloader/2.6.1/smallrye-common-classloader-2.6.1.jar:/home/runner/.m2/repository/io/smallrye/config/smallrye-config-common/3.9.1/smallrye-config-common-3.9.1.jar:/home/runner/.m2/repository/org/jboss/logging/jboss-logging/3.6.0.Final/jboss-logging-3.6.0.Final.jar:/home/runner/.m2/repository/org/jboss/logmanager/jboss-logmanager/3.1.1.Final/jboss-logmanager-3.1.1.Final.jar:/home/runner/.m2/repository/io/smallrye/common/smallrye-common-constraint/2.6.1/smallrye-common-constraint-2.6.1.jar:/home/runner/.m2/repository/io/smallrye/common/smallrye-common-cpu/2.6.1/smallrye-common-cpu-2.6.1.jar:/home/runner/.m2/repository/io/smallrye/common/smallrye-common-expression/2.6.1/smallrye-common-expression-2.6.1.jar:/home/runner/.m2/repository/io/smallrye/common/smallrye-common-function/2.6.1/smallrye-common-function-2.6.1.jar:/home/runner/.m2/repository/io/smallrye/common/smallrye-common-net/2.6.1/smallrye-common-net-2.6.1.jar:/home/runner/.m2/repository/io/smallrye/common/smallrye-common-ref/2.6.1/smallrye-common-ref-2.6.1.jar:/home/runner/.m2/repository/jakarta/json/jakarta.json-api/2.1.3/jakarta.json-api-2.1.3.jar:/home/runner/.m2/repository/org/eclipse/parsson/parsson/1.1.7/parsson-1.1.7.jar:/home/runner/.m2/repository/org/jboss/logging/jboss-logging-annotations/3.0.1.Final/jboss-logging-annotations-3.0.1.Final.jar:/home/runner/.m2/repository/org/jboss/threads/jboss-threads/3.6.1.Final/jboss-threads-3.6.1.Final.jar:/home/runner/.m2/repository/org/jboss/slf4j/slf4j-jboss-logmanager/2.0.0.Final/slf4j-jboss-logmanager-2.0.0.Final.jar:/home/runner/.m2/repository/org/wildfly/common/wildfly-common/1.7.0.Final/wildfly-common-1.7.0.Final.jar:/home/runner/.m2/repository/io/quarkus/quarkus-bootstrap-runner/3.15.4/quarkus-bootstrap-runner-3.15.4.jar:/home/runner/.m2/repository/io/github/crac/org-crac/0.1.3/org-crac-0.1.3.jar:/home/runner/.m2/repository/io/quarkus/quarkus-fs-util/0.0.10/quarkus-fs-util-0.0.10.jar:/home/runner/.m2/repository/org/jboss/marshalling/jboss-marshalling/2.2.1.Final/jboss-marshalling-2.2.1.Final.jar:/home/runner/.m2/repository/io/fabric8/kubernetes-client/6.13.5/kubernetes-client-6.13.5.jar:/home/runner/.m2/repository/io/fabric8/kubernetes-client-api/6.13.5/kubernetes-client-api-6.13.5.jar:/home/runner/.m2/repository/io/fabric8/kubernetes-model-core/6.13.5/kubernetes-model-core-6.13.5.jar:/home/runner/.m2/repository/io/fabric8/kubernetes-model-common/6.13.5/kubernetes-model-common-6.13.5.jar:/home/runner/.m2/repository/io/fabric8/kubernetes-model-gatewayapi/6.13.5/kubernetes-model-gatewayapi-6.13.5.jar:/home/runner/.m2/repository/io/fabric8/kubernetes-model-resource/6.13.5/kubernetes-model-resource-6.13.5.jar:/home/runner/.m2/repository/io/fabric8/kubernetes-model-rbac/6.13.5/kubernetes-model-rbac-6.13.5.jar:/home/runner/.m2/repository/io/fabric8/kubernetes-model-admissionregistration/6.13.5/kubernetes-model-admissionregistration-6.13.5.jar:/home/runner/.m2/repository/io/fabric8/kubernetes-model-apps/6.13.5/kubernetes-model-apps-6.13.5.jar:/home/runner/.m2/repository/io/fabric8/kubernetes-model-autoscaling/6.13.5/kubernetes-model-autoscaling-6.13.5.jar:/home/runner/.m2/repository/io/fabric8/kubernetes-model-apiextensions/6.13.5/kubernetes-model-apiextensions-6.13.5.jar:/home/runner/.m2/repository/io/fabric8/kubernetes-model-batch/6.13.5/kubernetes-model-batch-6.13.5.jar:/home/runner/.m2/repository/io/fabric8/kubernetes-model-certificates/6.13.5/kubernetes-model-certificates-6.13.5.jar:/home/runner/.m2/repository/io/fabric8/kubernetes-model-coordination/6.13.5/kubernetes-model-coordination-6.13.5.jar:/home/runner/.m2/repository/io/fabric8/kubernetes-model-discovery/6.13.5/kubernetes-model-discovery-6.13.5.jar:/home/runner/.m2/repository/io/fabric8/kubernetes-model-events/6.13.5/kubernetes-model-events-6.13.5.jar:/home/runner/.m2/repository/io/fabric8/kubernetes-model-extensions/6.13.5/kubernetes-model-extensions-6.13.5.jar:/home/runner/.m2/repository/io/fabric8/kubernetes-model-flowcontrol/6.13.5/kubernetes-model-flowcontrol-6.13.5.jar:/home/runner/.m2/repository/io/fabric8/kubernetes-model-networking/6.13.5/kubernetes-model-networking-6.13.5.jar:/home/runner/.m2/repository/io/fabric8/kubernetes-model-metrics/6.13.5/kubernetes-model-metrics-6.13.5.jar:/home/runner/.m2/repository/io/fabric8/kubernetes-model-policy/6.13.5/kubernetes-model-policy-6.13.5.jar:/home/runner/.m2/repository/io/fabric8/kubernetes-model-scheduling/6.13.5/kubernetes-model-scheduling-6.13.5.jar:/home/runner/.m2/repository/io/fabric8/kubernetes-model-storageclass/6.13.5/kubernetes-model-storageclass-6.13.5.jar:/home/runner/.m2/repository/io/fabric8/kubernetes-model-node/6.13.5/kubernetes-model-node-6.13.5.jar:/home/runner/.m2/repository/org/snakeyaml/snakeyaml-engine/2.7/snakeyaml-engine-2.7.jar:/home/runner/.m2/repository/com/fasterxml/jackson/dataformat/jackson-dataformat-yaml/2.15.2/jackson-dataformat-yaml-2.15.2.jar:/home/runner/.m2/repository/com/fasterxml/jackson/datatype/jackson-datatype-jsr310/2.17.2/jackson-datatype-jsr310-2.17.2.jar:/home/runner/.m2/repository/io/fabric8/zjsonpatch/0.3.0/zjsonpatch-0.3.0.jar:/home/runner/.m2/repository/io/fabric8/kubernetes-httpclient-vertx/6.13.5/kubernetes-httpclient-vertx-6.13.5.jar:/home/runner/.m2/repository/io/vertx/vertx-web-client/4.5.13/vertx-web-client-4.5.13.jar:/home/runner/.m2/repository/io/vertx/vertx-web-common/4.5.13/vertx-web-common-4.5.13.jar:/home/runner/.m2/repository/io/vertx/vertx-auth-common/4.5.13/vertx-auth-common-4.5.13.jar:/home/runner/.m2/repository/io/vertx/vertx-uri-template/4.5.13/vertx-uri-template-4.5.13.jar:/home/runner/.m2/repository/io/fabric8/openshift-client/6.13.5/openshift-client-6.13.5.jar:/home/runner/.m2/repository/io/fabric8/openshift-client-api/6.13.5/openshift-client-api-6.13.5.jar:/home/runner/.m2/repository/io/fabric8/openshift-model/6.13.5/openshift-model-6.13.5.jar:/home/runner/.m2/repository/io/fabric8/openshift-model-clusterautoscaling/6.13.5/openshift-model-clusterautoscaling-6.13.5.jar:/home/runner/.m2/repository/io/fabric8/openshift-model-operator/6.13.5/openshift-model-operator-6.13.5.jar:/home/runner/.m2/repository/io/fabric8/openshift-model-operatorhub/6.13.5/openshift-model-operatorhub-6.13.5.jar:/home/runner/.m2/repository/io/fabric8/openshift-model-machine/6.13.5/openshift-model-machine-6.13.5.jar:/home/runner/.m2/repository/io/fabric8/openshift-model-whereabouts/6.13.5/openshift-model-whereabouts-6.13.5.jar:/home/runner/.m2/repository/io/fabric8/openshift-model-monitoring/6.13.5/openshift-model-monitoring-6.13.5.jar:/home/runner/.m2/repository/io/fabric8/openshift-model-storageversionmigrator/6.13.5/openshift-model-storageversionmigrator-6.13.5.jar:/home/runner/.m2/repository/io/fabric8/openshift-model-tuned/6.13.5/openshift-model-tuned-6.13.5.jar:/home/runner/.m2/repository/io/fabric8/openshift-model-console/6.13.5/openshift-model-console-6.13.5.jar:/home/runner/.m2/repository/io/fabric8/openshift-model-config/6.13.5/openshift-model-config-6.13.5.jar:/home/runner/.m2/repository/io/fabric8/openshift-model-machineconfig/6.13.5/openshift-model-machineconfig-6.13.5.jar:/home/runner/.m2/repository/io/fabric8/openshift-model-miscellaneous/6.13.5/openshift-model-miscellaneous-6.13.5.jar:/home/runner/.m2/repository/io/fabric8/openshift-model-hive/6.13.5/openshift-model-hive-6.13.5.jar:/home/runner/.m2/repository/io/fabric8/openshift-model-installer/6.13.5/openshift-model-installer-6.13.5.jar:/home/runner/.m2/repository/com/github/mifmif/generex/1.0.2/generex-1.0.2.jar:/home/runner/.m2/repository/dk/brics/automaton/automaton/1.11-8/automaton-1.11-8.jar:/home/runner/.m2/repository/org/junit/platform/junit-platform-launcher/1.10.3/junit-platform-launcher-1.10.3.jar:/home/runner/.m2/repository/org/junit/platform/junit-platform-engine/1.10.3/junit-platform-engine-1.10.3.jar:/home/runner/.m2/repository/org/opentest4j/opentest4j/1.3.0/opentest4j-1.3.0.jar:/home/runner/.m2/repository/org/junit/platform/junit-platform-commons/1.10.3/junit-platform-commons-1.10.3.jar:/home/runner/.m2/repository/org/apiguardian/apiguardian-api/1.1.2/apiguardian-api-1.1.2.jar:/home/runner/.m2/repository/jakarta/ws/rs/jakarta.ws.rs-api/3.1.0/jakarta.ws.rs-api-3.1.0.jar:/home/runner/work/apicurio-testing/apicurio-testing/clusters/ci419/namespaces/kafkasql/tests/integration/apicurio-registry/java-sdk/target/apicurio-registry-java-sdk-3.0.9.jar:/home/runner/.m2/repository/com/microsoft/kiota/microsoft-kiota-abstractions/1.8.4/microsoft-kiota-abstractions-1.8.4.jar:/home/runner/.m2/repository/io/github/std-uritemplate/std-uritemplate/2.0.0/std-uritemplate-2.0.0.jar:/home/runner/.m2/repository/io/kiota/kiota-http-jdk/0.0.21/kiota-http-jdk-0.0.21.jar:/home/runner/.m2/repository/io/kiota/kiota-http-vertx/0.0.21/kiota-http-vertx-0.0.21.jar:/home/runner/.m2/repository/io/kiota/kiota-serialization-jackson/0.0.21/kiota-serialization-jackson-0.0.21.jar:/home/runner/.m2/repository/com/microsoft/kiota/microsoft-kiota-serialization-text/1.8.4/microsoft-kiota-serialization-text-1.8.4.jar:/home/runner/.m2/repository/com/microsoft/kiota/microsoft-kiota-serialization-form/1.8.4/microsoft-kiota-serialization-form-1.8.4.jar:/home/runner/.m2/repository/com/microsoft/kiota/microsoft-kiota-serialization-multipart/1.8.4/microsoft-kiota-serialization-multipart-1.8.4.jar:/home/runner/.m2/repository/jakarta/annotation/jakarta.annotation-api/3.0.0/jakarta.annotation-api-3.0.0.jar:/home/runner/.m2/repository/io/vertx/vertx-auth-oauth2/4.5.13/vertx-auth-oauth2-4.5.13.jar:/home/runner/work/apicurio-testing/apicurio-testing/clusters/ci419/namespaces/kafkasql/tests/integration/apicurio-registry/java-sdk-v2/target/apicurio-registry-v2-java-sdk-3.0.9.jar:/home/runner/work/apicurio-testing/apicurio-testing/clusters/ci419/namespaces/kafkasql/tests/integration/apicurio-registry/utils/kafka/target/apicurio-registry-utils-kafka-3.0.9-tests.jar:/home/runner/.m2/repository/org/eclipse/microprofile/config/microprofile-config-api/3.1/microprofile-config-api-3.1.jar:/home/runner/.m2/repository/org/apache/kafka/kafka-clients/3.9.0/kafka-clients-3.9.0.jar:/home/runner/.m2/repository/com/github/luben/zstd-jni/1.5.6-4/zstd-jni-1.5.6-4.jar:/home/runner/.m2/repository/org/lz4/lz4-java/1.8.0/lz4-java-1.8.0.jar:/home/runner/.m2/repository/org/xerial/snappy/snappy-java/1.1.10.5/snappy-java-1.1.10.5.jar:/home/runner/.m2/repository/org/slf4j/slf4j-api/2.0.6/slf4j-api-2.0.6.jar:/home/runner/work/apicurio-testing/apicurio-testing/clusters/ci419/namespaces/kafkasql/tests/integration/apicurio-registry/utils/tests/target/apicurio-registry-utils-tests-3.0.9.jar:/home/runner/work/apicurio-testing/apicurio-testing/clusters/ci419/namespaces/kafkasql/tests/integration/apicurio-registry/common/target/apicurio-registry-common-3.0.9.jar:/home/runner/.m2/repository/jakarta/validation/jakarta.validation-api/3.0.2/jakarta.validation-api-3.0.2.jar:/home/runner/.m2/repository/com/github/dasniko/testcontainers-keycloak/3.6.0/testcontainers-keycloak-3.6.0.jar:/home/runner/.m2/repository/org/testcontainers/testcontainers/1.20.1/testcontainers-1.20.1.jar:/home/runner/.m2/repository/org/rnorth/duct-tape/duct-tape/1.0.8/duct-tape-1.0.8.jar:/home/runner/.m2/repository/org/jetbrains/annotations/24.1.0/annotations-24.1.0.jar:/home/runner/.m2/repository/com/github/docker-java/docker-java-transport-zerodep/3.4.0/docker-java-transport-zerodep-3.4.0.jar:/home/runner/.m2/repository/com/github/docker-java/docker-java-transport/3.4.0/docker-java-transport-3.4.0.jar:/home/runner/.m2/repository/net/java/dev/jna/jna/5.8.0/jna-5.8.0.jar:/home/runner/.m2/repository/io/quarkus/quarkus-junit4-mock/3.15.4/quarkus-junit4-mock-3.15.4.jar:/home/runner/.m2/repository/org/jboss/shrinkwrap/shrinkwrap-api/2.0.0-beta-2/shrinkwrap-api-2.0.0-beta-2.jar:/home/runner/.m2/repository/org/jboss/shrinkwrap/shrinkwrap-impl-base/2.0.0-beta-2/shrinkwrap-impl-base-2.0.0-beta-2.jar:/home/runner/.m2/repository/org/jboss/shrinkwrap/shrinkwrap-spi/2.0.0-beta-2/shrinkwrap-spi-2.0.0-beta-2.jar:/home/runner/.m2/repository/org/keycloak/keycloak-admin-client/25.0.6/keycloak-admin-client-25.0.6.jar:/home/runner/.m2/repository/org/keycloak/keycloak-core/25.0.6/keycloak-core-25.0.6.jar:/home/runner/.m2/repository/org/keycloak/keycloak-common/25.0.6/keycloak-common-25.0.6.jar:/home/runner/.m2/repository/org/jboss/resteasy/resteasy-client/6.2.9.Final/resteasy-client-6.2.9.Final.jar:/home/runner/.m2/repository/org/jboss/resteasy/resteasy-client-api/6.2.9.Final/resteasy-client-api-6.2.9.Final.jar:/home/runner/.m2/repository/org/jboss/resteasy/resteasy-core-spi/6.2.9.Final/resteasy-core-spi-6.2.9.Final.jar:/home/runner/.m2/repository/org/jboss/resteasy/resteasy-core/6.2.9.Final/resteasy-core-6.2.9.Final.jar:/home/runner/.m2/repository/org/eclipse/angus/angus-activation/2.0.2/angus-activation-2.0.2.jar:/home/runner/.m2/repository/com/ibm/async/asyncutil/0.1.0/asyncutil-0.1.0.jar:/home/runner/.m2/repository/org/reactivestreams/reactive-streams/1.0.4/reactive-streams-1.0.4.jar:/home/runner/.m2/repository/org/jboss/resteasy/resteasy-multipart-provider/6.2.9.Final/resteasy-multipart-provider-6.2.9.Final.jar:/home/runner/.m2/repository/jakarta/mail/jakarta.mail-api/2.1.2/jakarta.mail-api-2.1.2.jar:/home/runner/.m2/repository/org/eclipse/angus/angus-mail/2.0.3/angus-mail-2.0.3.jar:/home/runner/.m2/repository/org/apache/james/apache-mime4j-dom/0.8.11/apache-mime4j-dom-0.8.11.jar:/home/runner/.m2/repository/org/apache/james/apache-mime4j-core/0.8.11/apache-mime4j-core-0.8.11.jar:/home/runner/.m2/repository/org/apache/james/apache-mime4j-storage/0.8.11/apache-mime4j-storage-0.8.11.jar:/home/runner/.m2/repository/org/jboss/resteasy/resteasy-jackson2-provider/6.2.9.Final/resteasy-jackson2-provider-6.2.9.Final.jar:/home/runner/.m2/repository/com/fasterxml/jackson/jakarta/rs/jackson-jakarta-rs-base/2.17.2/jackson-jakarta-rs-base-2.17.2.jar:/home/runner/.m2/repository/com/fasterxml/jackson/jakarta/rs/jackson-jakarta-rs-json-provider/2.17.2/jackson-jakarta-rs-json-provider-2.17.2.jar:/home/runner/.m2/repository/com/fasterxml/jackson/module/jackson-module-jakarta-xmlbind-annotations/2.17.2/jackson-module-jakarta-xmlbind-annotations-2.17.2.jar:/home/runner/.m2/repository/com/github/java-json-tools/json-patch/1.13/json-patch-1.13.jar:/home/runner/.m2/repository/com/github/java-json-tools/msg-simple/1.2/msg-simple-1.2.jar:/home/runner/.m2/repository/com/github/java-json-tools/btf/1.3/btf-1.3.jar:/home/runner/.m2/repository/com/github/java-json-tools/jackson-coreutils/2.0/jackson-coreutils-2.0.jar:/home/runner/.m2/repository/org/jboss/resteasy/resteasy-jaxb-provider/6.2.9.Final/resteasy-jaxb-provider-6.2.9.Final.jar:/home/runner/.m2/repository/org/glassfish/jaxb/codemodel/4.0.3/codemodel-4.0.3.jar:/home/runner/.m2/repository/org/glassfish/jaxb/jaxb-core/4.0.5/jaxb-core-4.0.5.jar:/home/runner/.m2/repository/org/glassfish/jaxb/jaxb-jxc/4.0.3/jaxb-jxc-4.0.3.jar:/home/runner/.m2/repository/org/glassfish/jaxb/jaxb-runtime/4.0.5/jaxb-runtime-4.0.5.jar:/home/runner/.m2/repository/org/glassfish/jaxb/txw2/4.0.5/txw2-4.0.5.jar:/home/runner/.m2/repository/org/glassfish/jaxb/jaxb-xjc/4.0.3/jaxb-xjc-4.0.3.jar:/home/runner/.m2/repository/org/glassfish/jaxb/xsom/4.0.3/xsom-4.0.3.jar:/home/runner/.m2/repository/com/sun/istack/istack-commons-runtime/4.1.2/istack-commons-runtime-4.1.2.jar:/home/runner/.m2/repository/com/sun/istack/istack-commons-tools/4.1.2/istack-commons-tools-4.1.2.jar:/home/runner/.m2/repository/com/sun/xml/bind/external/relaxng-datatype/4.0.3/relaxng-datatype-4.0.3.jar:/home/runner/.m2/repository/com/sun/xml/bind/external/rngom/4.0.3/rngom-4.0.3.jar:/home/runner/.m2/repository/org/testcontainers/mssqlserver/1.20.1/mssqlserver-1.20.1.jar:/home/runner/.m2/repository/org/testcontainers/jdbc/1.20.1/jdbc-1.20.1.jar:/home/runner/.m2/repository/org/testcontainers/database-commons/1.20.1/database-commons-1.20.1.jar:/home/runner/.m2/repository/org/testcontainers/mysql/1.20.1/mysql-1.20.1.jar:/home/runner/.m2/repository/io/strimzi/strimzi-test-container/0.107.0/strimzi-test-container-0.107.0.jar:/home/runner/.m2/repository/org/testcontainers/toxiproxy/1.20.1/toxiproxy-1.20.1.jar:/home/runner/.m2/repository/com/github/docker-java/docker-java-api/3.4.0/docker-java-api-3.4.0.jar:/home/runner/.m2/repository/eu/rekawek/toxiproxy/toxiproxy-java/2.1.7/toxiproxy-java-2.1.7.jar:/home/runner/.m2/repository/junit/junit/4.13.2/junit-4.13.2.jar:/home/runner/.m2/repository/org/hamcrest/hamcrest-core/1.3/hamcrest-core-1.3.jar:/home/runner/.m2/repository/org/testcontainers/pulsar/1.20.4/pulsar-1.20.4.jar:/home/runner/.m2/repository/io/debezium/debezium-testing-testcontainers/2.6.2.Final/debezium-testing-testcontainers-2.6.2.Final.jar:/home/runner/.m2/repository/org/testcontainers/kafka/1.20.1/kafka-1.20.1.jar:/home/runner/.m2/repository/com/squareup/okhttp3/okhttp/4.8.1/okhttp-4.8.1.jar:/home/runner/.m2/repository/com/squareup/okio/okio/3.10.2/okio-3.10.2.jar:/home/runner/.m2/repository/com/squareup/okio/okio-jvm/3.10.2/okio-jvm-3.10.2.jar:/home/runner/.m2/repository/org/jetbrains/kotlin/kotlin-stdlib/2.0.10/kotlin-stdlib-2.0.10.jar:/home/runner/.m2/repository/org/awaitility/awaitility/4.2.2/awaitility-4.2.2.jar:/home/runner/.m2/repository/org/testcontainers/mongodb/1.20.1/mongodb-1.20.1.jar:/home/runner/.m2/repository/org/testcontainers/oracle-xe/1.20.1/oracle-xe-1.20.1.jar:/home/runner/.m2/repository/org/testcontainers/postgresql/1.20.1/postgresql-1.20.1.jar:/home/runner/.m2/repository/org/wiremock/wiremock/3.0.1/wiremock-3.0.1.jar:/home/runner/.m2/repository/org/eclipse/jetty/jetty-server/11.0.15/jetty-server-11.0.15.jar:/home/runner/.m2/repository/org/eclipse/jetty/toolchain/jetty-jakarta-servlet-api/5.0.2/jetty-jakarta-servlet-api-5.0.2.jar:/home/runner/.m2/repository/org/eclipse/jetty/jetty-http/11.0.15/jetty-http-11.0.15.jar:/home/runner/.m2/repository/org/eclipse/jetty/jetty-io/11.0.15/jetty-io-11.0.15.jar:/home/runner/.m2/repository/org/eclipse/jetty/jetty-servlet/11.0.15/jetty-servlet-11.0.15.jar:/home/runner/.m2/repository/org/eclipse/jetty/jetty-security/11.0.15/jetty-security-11.0.15.jar:/home/runner/.m2/repository/org/eclipse/jetty/jetty-servlets/11.0.15/jetty-servlets-11.0.15.jar:/home/runner/.m2/repository/org/eclipse/jetty/jetty-util/11.0.15/jetty-util-11.0.15.jar:/home/runner/.m2/repository/org/eclipse/jetty/jetty-webapp/11.0.15/jetty-webapp-11.0.15.jar:/home/runner/.m2/repository/org/eclipse/jetty/jetty-xml/11.0.15/jetty-xml-11.0.15.jar:/home/runner/.m2/repository/org/eclipse/jetty/jetty-proxy/11.0.15/jetty-proxy-11.0.15.jar:/home/runner/.m2/repository/org/eclipse/jetty/jetty-client/11.0.15/jetty-client-11.0.15.jar:/home/runner/.m2/repository/org/eclipse/jetty/http2/http2-server/11.0.15/http2-server-11.0.15.jar:/home/runner/.m2/repository/org/eclipse/jetty/http2/http2-common/11.0.15/http2-common-11.0.15.jar:/home/runner/.m2/repository/org/eclipse/jetty/http2/http2-hpack/11.0.15/http2-hpack-11.0.15.jar:/home/runner/.m2/repository/org/eclipse/jetty/jetty-alpn-server/11.0.15/jetty-alpn-server-11.0.15.jar:/home/runner/.m2/repository/org/eclipse/jetty/jetty-alpn-java-server/11.0.15/jetty-alpn-java-server-11.0.15.jar:/home/runner/.m2/repository/org/eclipse/jetty/jetty-alpn-java-client/11.0.15/jetty-alpn-java-client-11.0.15.jar:/home/runner/.m2/repository/org/eclipse/jetty/jetty-alpn-client/11.0.15/jetty-alpn-client-11.0.15.jar:/home/runner/.m2/repository/org/apache/httpcomponents/client5/httpclient5/5.2.1/httpclient5-5.2.1.jar:/home/runner/.m2/repository/org/apache/httpcomponents/core5/httpcore5/5.2/httpcore5-5.2.jar:/home/runner/.m2/repository/org/apache/httpcomponents/core5/httpcore5-h2/5.2/httpcore5-h2-5.2.jar:/home/runner/.m2/repository/org/xmlunit/xmlunit-core/2.9.1/xmlunit-core-2.9.1.jar:/home/runner/.m2/repository/jakarta/xml/bind/jakarta.xml.bind-api/4.0.2/jakarta.xml.bind-api-4.0.2.jar:/home/runner/.m2/repository/jakarta/activation/jakarta.activation-api/2.1.3/jakarta.activation-api-2.1.3.jar:/home/runner/.m2/repository/org/xmlunit/xmlunit-legacy/2.9.1/xmlunit-legacy-2.9.1.jar:/home/runner/.m2/repository/org/xmlunit/xmlunit-placeholders/2.9.1/xmlunit-placeholders-2.9.1.jar:/home/runner/.m2/repository/net/javacrumbs/json-unit/json-unit-core/2.38.0/json-unit-core-2.38.0.jar:/home/runner/.m2/repository/com/jayway/jsonpath/json-path/2.8.0/json-path-2.8.0.jar:/home/runner/.m2/repository/net/minidev/json-smart/2.4.10/json-smart-2.4.10.jar:/home/runner/.m2/repository/net/minidev/accessors-smart/2.4.9/accessors-smart-2.4.9.jar:/home/runner/.m2/repository/org/ow2/asm/asm/9.7/asm-9.7.jar:/home/runner/.m2/repository/net/sf/jopt-simple/jopt-simple/5.0.4/jopt-simple-5.0.4.jar:/home/runner/.m2/repository/com/github/jknack/handlebars/4.3.1/handlebars-4.3.1.jar:/home/runner/.m2/repository/com/github/jknack/handlebars-helpers/4.3.1/handlebars-helpers-4.3.1.jar:/home/runner/.m2/repository/commons-fileupload/commons-fileupload/1.5/commons-fileupload-1.5.jar:/home/runner/.m2/repository/com/networknt/json-schema-validator/1.5.5/json-schema-validator-1.5.5.jar:/home/runner/.m2/repository/com/ethlo/time/itu/1.10.3/itu-1.10.3.jar:/home/runner/.m2/repository/io/quarkus/quarkus-smallrye-jwt-build/3.15.4/quarkus-smallrye-jwt-build-3.15.4.jar:/home/runner/.m2/repository/io/smallrye/smallrye-jwt-build/4.5.3/smallrye-jwt-build-4.5.3.jar:/home/runner/.m2/repository/org/eclipse/microprofile/jwt/microprofile-jwt-auth-api/2.1/microprofile-jwt-auth-api-2.1.jar:/home/runner/.m2/repository/org/bitbucket/b_c/jose4j/0.9.6/jose4j-0.9.6.jar:/home/runner/.m2/repository/io/smallrye/smallrye-jwt-common/4.5.3/smallrye-jwt-common-4.5.3.jar:/home/runner/.m2/repository/io/quarkus/quarkus-jsonp/3.15.4/quarkus-jsonp-3.15.4.jar:/home/runner/.m2/repository/io/quarkus/quarkus-arc/3.15.4/quarkus-arc-3.15.4.jar:/home/runner/.m2/repository/io/quarkus/arc/arc/3.15.4/arc-3.15.4.jar:/home/runner/.m2/repository/jakarta/transaction/jakarta.transaction-api/2.0.1/jakarta.transaction-api-2.0.1.jar:/home/runner/.m2/repository/io/smallrye/reactive/mutiny/2.6.2/mutiny-2.6.2.jar:/home/runner/.m2/repository/org/jctools/jctools-core/4.0.5/jctools-core-4.0.5.jar:/home/runner/.m2/repository/org/eclipse/microprofile/context-propagation/microprofile-context-propagation-api/1.3/microprofile-context-propagation-api-1.3.jar:/home/runner/.m2/repository/io/apicurio/apicurio-common-rest-client-common/0.1.18.Final/apicurio-common-rest-client-common-0.1.18.Final.jar:/home/runner/work/apicurio-testing/apicurio-testing/clusters/ci419/namespaces/kafkasql/tests/integration/apicurio-registry/utils/maven-plugin/target/apicurio-registry-maven-plugin-3.0.9.jar:/home/runner/.m2/repository/com/fasterxml/jackson/core/jackson-databind/2.17.2/jackson-databind-2.17.2.jar:/home/runner/.m2/repository/org/apache/avro/avro/1.12.0/avro-1.12.0.jar:/home/runner/.m2/repository/com/google/protobuf/protobuf-java/3.25.8/protobuf-java-3.25.8.jar:/home/runner/.m2/repository/com/google/protobuf/protobuf-java-util/3.25.8/protobuf-java-util-3.25.8.jar:/home/runner/.m2/repository/com/google/code/findbugs/jsr305/3.0.2/jsr305-3.0.2.jar:/home/runner/.m2/repository/com/google/code/gson/gson/2.11.0/gson-2.11.0.jar:/home/runner/.m2/repository/com/google/errorprone/error_prone_annotations/2.30.0/error_prone_annotations-2.30.0.jar:/home/runner/.m2/repository/com/google/j2objc/j2objc-annotations/2.8/j2objc-annotations-2.8.jar:/home/runner/work/apicurio-testing/apicurio-testing/clusters/ci419/namespaces/kafkasql/tests/integration/apicurio-registry/schema-util/util-provider/target/apicurio-registry-schema-util-provider-3.0.9.jar:/home/runner/work/apicurio-testing/apicurio-testing/clusters/ci419/namespaces/kafkasql/tests/integration/apicurio-registry/schema-util/common/target/apicurio-registry-schema-util-common-3.0.9.jar:/home/runner/.m2/repository/com/fasterxml/jackson/module/jackson-module-parameter-names/2.17.2/jackson-module-parameter-names-2.17.2.jar:/home/runner/.m2/repository/com/fasterxml/jackson/datatype/jackson-datatype-json-org/2.18.2/jackson-datatype-json-org-2.18.2.jar:/home/runner/work/apicurio-testing/apicurio-testing/clusters/ci419/namespaces/kafkasql/tests/integration/apicurio-registry/schema-util/json/target/apicurio-registry-schema-util-json-3.0.9.jar:/home/runner/.m2/repository/com/github/erosb/everit-json-schema/1.14.5/everit-json-schema-1.14.5.jar:/home/runner/.m2/repository/commons-validator/commons-validator/1.9.0/commons-validator-1.9.0.jar:/home/runner/.m2/repository/commons-digester/commons-digester/2.1/commons-digester-2.1.jar:/home/runner/.m2/repository/commons-collections/commons-collections/3.2.2/commons-collections-3.2.2.jar:/home/runner/.m2/repository/com/damnhandy/handy-uri-templates/2.1.8/handy-uri-templates-2.1.8.jar:/home/runner/.m2/repository/joda-time/joda-time/2.10.2/joda-time-2.10.2.jar:/home/runner/.m2/repository/com/github/erosb/json-sKema/0.20.0/json-sKema-0.20.0.jar:/home/runner/.m2/repository/io/vertx/vertx-json-schema/4.5.13/vertx-json-schema-4.5.13.jar:/home/runner/work/apicurio-testing/apicurio-testing/clusters/ci419/namespaces/kafkasql/tests/integration/apicurio-registry/schema-util/protobuf/target/apicurio-registry-schema-util-protobuf-3.0.9.jar:/home/runner/work/apicurio-testing/apicurio-testing/clusters/ci419/namespaces/kafkasql/tests/integration/apicurio-registry/utils/protobuf-schema-utilities/target/apicurio-registry-protobuf-schema-utilities-3.0.9.jar:/home/runner/.m2/repository/com/google/api/grpc/proto-google-common-protos/2.52.0/proto-google-common-protos-2.52.0.jar:/home/runner/.m2/repository/com/squareup/wire/wire-schema-jvm/5.1.0/wire-schema-jvm-5.1.0.jar:/home/runner/.m2/repository/com/squareup/javapoet/1.13.0/javapoet-1.13.0.jar:/home/runner/.m2/repository/com/squareup/kotlinpoet-jvm/1.18.1/kotlinpoet-jvm-1.18.1.jar:/home/runner/.m2/repository/org/jetbrains/kotlin/kotlin-reflect/2.0.10/kotlin-reflect-2.0.10.jar:/home/runner/.m2/repository/com/squareup/wire/wire-runtime-jvm/5.1.0/wire-runtime-jvm-5.1.0.jar:/home/runner/.m2/repository/com/ibm/icu/icu4j/76.1/icu4j-76.1.jar:/home/runner/.m2/repository/com/squareup/okio/okio-fakefilesystem/3.10.2/okio-fakefilesystem-3.10.2.jar:/home/runner/.m2/repository/com/squareup/okio/okio-fakefilesystem-jvm/3.10.2/okio-fakefilesystem-jvm-3.10.2.jar:/home/runner/.m2/repository/org/jetbrains/kotlinx/kotlinx-datetime-jvm/0.6.1/kotlinx-datetime-jvm-0.6.1.jar:/home/runner/work/apicurio-testing/apicurio-testing/clusters/ci419/namespaces/kafkasql/tests/integration/apicurio-registry/schema-util/asyncapi/target/apicurio-registry-schema-util-asyncapi-3.0.9.jar:/home/runner/work/apicurio-testing/apicurio-testing/clusters/ci419/namespaces/kafkasql/tests/integration/apicurio-registry/schema-util/avro/target/apicurio-registry-schema-util-avro-3.0.9.jar:/home/runner/work/apicurio-testing/apicurio-testing/clusters/ci419/namespaces/kafkasql/tests/integration/apicurio-registry/schema-util/graphql/target/apicurio-registry-schema-util-graphql-3.0.9.jar:/home/runner/.m2/repository/com/graphql-java/graphql-java/22.3/graphql-java-22.3.jar:/home/runner/.m2/repository/com/graphql-java/java-dataloader/3.3.0/java-dataloader-3.3.0.jar:/home/runner/work/apicurio-testing/apicurio-testing/clusters/ci419/namespaces/kafkasql/tests/integration/apicurio-registry/schema-util/kconnect/target/apicurio-registry-schema-util-kconnect-3.0.9.jar:/home/runner/work/apicurio-testing/apicurio-testing/clusters/ci419/namespaces/kafkasql/tests/integration/apicurio-registry/schema-util/openapi/target/apicurio-registry-schema-util-openapi-3.0.9.jar:/home/runner/.m2/repository/io/apicurio/apicurio-data-models/2.2.1/apicurio-data-models-2.2.1.jar:/home/runner/.m2/repository/org/openapitools/openapidiff/openapi-diff-core/2.0.1/openapi-diff-core-2.0.1.jar:/home/runner/.m2/repository/io/swagger/parser/v3/swagger-parser/2.0.28/swagger-parser-2.0.28.jar:/home/runner/.m2/repository/io/swagger/parser/v3/swagger-parser-v2-converter/2.0.28/swagger-parser-v2-converter-2.0.28.jar:/home/runner/.m2/repository/io/swagger/swagger-core/1.6.3/swagger-core-1.6.3.jar:/home/runner/.m2/repository/io/swagger/swagger-models/1.6.3/swagger-models-1.6.3.jar:/home/runner/.m2/repository/io/swagger/swagger-annotations/1.6.3/swagger-annotations-1.6.3.jar:/home/runner/.m2/repository/io/swagger/swagger-parser/1.0.56/swagger-parser-1.0.56.jar:/home/runner/.m2/repository/io/swagger/swagger-compat-spec-parser/1.0.56/swagger-compat-spec-parser-1.0.56.jar:/home/runner/.m2/repository/com/github/java-json-tools/json-schema-validator/2.2.14/json-schema-validator-2.2.14.jar:/home/runner/.m2/repository/com/github/java-json-tools/jackson-coreutils-equivalence/1.0/jackson-coreutils-equivalence-1.0.jar:/home/runner/.m2/repository/com/github/java-json-tools/json-schema-core/1.2.14/json-schema-core-1.2.14.jar:/home/runner/.m2/repository/com/github/java-json-tools/uri-template/0.10/uri-template-0.10.jar:/home/runner/.m2/repository/com/sun/mail/mailapi/1.6.2/mailapi-1.6.2.jar:/home/runner/.m2/repository/com/googlecode/libphonenumber/libphonenumber/8.11.1/libphonenumber-8.11.1.jar:/home/runner/.m2/repository/com/j2html/j2html/1.5.0/j2html-1.5.0.jar:/home/runner/.m2/repository/org/apache/commons/commons-collections4/4.4/commons-collections4-4.4.jar:/home/runner/.m2/repository/commons-httpclient/commons-httpclient/3.1/commons-httpclient-3.1.jar:/home/runner/.m2/repository/io/swagger/parser/v3/swagger-parser-v3/2.1.25/swagger-parser-v3-2.1.25.jar:/home/runner/.m2/repository/io/swagger/core/v3/swagger-models/2.2.28/swagger-models-2.2.28.jar:/home/runner/.m2/repository/io/swagger/core/v3/swagger-core/2.2.28/swagger-core-2.2.28.jar:/home/runner/.m2/repository/io/swagger/parser/v3/swagger-parser-core/2.1.25/swagger-parser-core-2.1.25.jar:/home/runner/.m2/repository/io/swagger/parser/v3/swagger-parser-safe-url-resolver/2.1.25/swagger-parser-safe-url-resolver-2.1.25.jar:/home/runner/work/apicurio-testing/apicurio-testing/clusters/ci419/namespaces/kafkasql/tests/integration/apicurio-registry/schema-util/wsdl/target/apicurio-registry-schema-util-wsdl-3.0.9.jar:/home/runner/.m2/repository/wsdl4j/wsdl4j/1.6.3/wsdl4j-1.6.3.jar:/home/runner/work/apicurio-testing/apicurio-testing/clusters/ci419/namespaces/kafkasql/tests/integration/apicurio-registry/schema-util/xml/target/apicurio-registry-schema-util-xml-3.0.9.jar:/home/runner/.m2/repository/org/apache/santuario/xmlsec/4.0.3/xmlsec-4.0.3.jar:/home/runner/.m2/repository/com/fasterxml/woodstox/woodstox-core/7.1.0/woodstox-core-7.1.0.jar:/home/runner/.m2/repository/org/codehaus/woodstox/stax2-api/4.2.2/stax2-api-4.2.2.jar:/home/runner/work/apicurio-testing/apicurio-testing/clusters/ci419/namespaces/kafkasql/tests/integration/apicurio-registry/schema-util/xsd/target/apicurio-registry-schema-util-xsd-3.0.9.jar:/home/runner/work/apicurio-testing/apicurio-testing/clusters/ci419/namespaces/kafkasql/tests/integration/apicurio-registry/serdes/kafka/jsonschema-serde/target/apicurio-registry-jsonschema-serde-kafka-3.0.9.jar:/home/runner/work/apicurio-testing/apicurio-testing/clusters/ci419/namespaces/kafkasql/tests/integration/apicurio-registry/serdes/kafka/serde-kafka-common/target/apicurio-registry-serde-kafka-common-3.0.9.jar:/home/runner/work/apicurio-testing/apicurio-testing/clusters/ci419/namespaces/kafkasql/tests/integration/apicurio-registry/serdes/generic/serde-common/target/apicurio-registry-serde-common-3.0.9.jar:/home/runner/work/apicurio-testing/apicurio-testing/clusters/ci419/namespaces/kafkasql/tests/integration/apicurio-registry/schema-resolver/target/apicurio-registry-schema-resolver-3.0.9.jar:/home/runner/work/apicurio-testing/apicurio-testing/clusters/ci419/namespaces/kafkasql/tests/integration/apicurio-registry/serdes/generic/serde-common-jsonschema/target/apicurio-registry-serde-common-jsonschema-3.0.9.jar:/home/runner/.m2/repository/org/json/json/20250107/json-20250107.jar:/home/runner/work/apicurio-testing/apicurio-testing/clusters/ci419/namespaces/kafkasql/tests/integration/apicurio-registry/serdes/kafka/avro-serde/target/apicurio-registry-avro-serde-kafka-3.0.9.jar:/home/runner/work/apicurio-testing/apicurio-testing/clusters/ci419/namespaces/kafkasql/tests/integration/apicurio-registry/serdes/generic/serde-common-avro/target/apicurio-registry-serde-common-avro-3.0.9.jar:/home/runner/work/apicurio-testing/apicurio-testing/clusters/ci419/namespaces/kafkasql/tests/integration/apicurio-registry/serdes/kafka/protobuf-serde/target/apicurio-registry-protobuf-serde-kafka-3.0.9.jar:/home/runner/work/apicurio-testing/apicurio-testing/clusters/ci419/namespaces/kafkasql/tests/integration/apicurio-registry/serdes/generic/serde-common-protobuf/target/apicurio-registry-serde-common-protobuf-3.0.9.jar:/home/runner/.m2/repository/com/squareup/wire/wire-schema/5.1.0/wire-schema-5.1.0.jar:/home/runner/.m2/repository/com/squareup/wire/wire-runtime/5.1.0/wire-runtime-5.1.0.jar:/home/runner/work/apicurio-testing/apicurio-testing/clusters/ci419/namespaces/kafkasql/tests/integration/apicurio-registry/serdes/pulsar/avro-serde/target/apicurio-registry-avro-serde-pulsar-3.0.9.jar:/home/runner/.m2/repository/org/apache/pulsar/pulsar-functions-api/3.3.4/pulsar-functions-api-3.3.4.jar:/home/runner/work/apicurio-testing/apicurio-testing/clusters/ci419/namespaces/kafkasql/tests/integration/apicurio-registry/serdes/nats/avro-serde/target/apicurio-registry-avro-serde-nats-3.0.9.jar:/home/runner/.m2/repository/io/nats/jnats/2.20.5/jnats-2.20.5.jar:/home/runner/.m2/repository/net/i2p/crypto/eddsa/0.3.0/eddsa-0.3.0.jar:/home/runner/work/apicurio-testing/apicurio-testing/clusters/ci419/namespaces/kafkasql/tests/integration/apicurio-registry/utils/converter/target/apicurio-registry-utils-converter-3.0.9.jar:/home/runner/.m2/repository/org/apache/kafka/connect-api/3.9.1/connect-api-3.9.1.jar:/home/runner/.m2/repository/javax/ws/rs/javax.ws.rs-api/2.1.1/javax.ws.rs-api-2.1.1.jar:/home/runner/.m2/repository/org/apache/kafka/connect-json/3.9.1/connect-json-3.9.1.jar:/home/runner/.m2/repository/com/fasterxml/jackson/datatype/jackson-datatype-jdk8/2.17.2/jackson-datatype-jdk8-2.17.2.jar:/home/runner/.m2/repository/com/fasterxml/jackson/module/jackson-module-afterburner/2.17.2/jackson-module-afterburner-2.17.2.jar:/home/runner/work/apicurio-testing/apicurio-testing/clusters/ci419/namespaces/kafkasql/tests/integration/apicurio-registry/utils/kafka/target/apicurio-registry-utils-kafka-3.0.9.jar:/home/runner/.m2/repository/org/apache/pulsar/pulsar-client/3.3.4/pulsar-client-3.3.4.jar:/home/runner/.m2/repository/org/apache/pulsar/pulsar-client-api/3.3.4/pulsar-client-api-3.3.4.jar:/home/runner/.m2/repository/org/apache/pulsar/pulsar-client-admin-api/3.3.4/pulsar-client-admin-api-3.3.4.jar:/home/runner/.m2/repository/org/apache/pulsar/bouncy-castle-bc/3.3.4/bouncy-castle-bc-3.3.4-pkg.jar:/home/runner/.m2/repository/org/bouncycastle/bcpkix-jdk18on/1.78.1/bcpkix-jdk18on-1.78.1.jar:/home/runner/.m2/repository/org/bouncycastle/bcutil-jdk18on/1.78.1/bcutil-jdk18on-1.78.1.jar:/home/runner/.m2/repository/org/bouncycastle/bcprov-jdk18on/1.78.1/bcprov-jdk18on-1.78.1.jar:/home/runner/.m2/repository/io/opentelemetry/opentelemetry-api/1.39.0/opentelemetry-api-1.39.0.jar:/home/runner/.m2/repository/io/opentelemetry/opentelemetry-context/1.39.0/opentelemetry-context-1.39.0.jar:/home/runner/.m2/repository/io/opentelemetry/opentelemetry-api-incubator/1.39.0-alpha/opentelemetry-api-incubator-1.39.0-alpha.jar:/home/runner/.m2/repository/com/fasterxml/jackson/core/jackson-annotations/2.17.2/jackson-annotations-2.17.2.jar:/home/runner/.m2/repository/javax/validation/validation-api/1.1.0.Final/validation-api-1.1.0.Final.jar:/home/runner/.m2/repository/io/confluent/kafka-avro-serializer/7.9.0/kafka-avro-serializer-7.9.0.jar:/home/runner/.m2/repository/org/apache/commons/commons-compress/1.27.0/commons-compress-1.27.0.jar:/home/runner/.m2/repository/io/confluent/kafka-schema-serializer/7.9.0/kafka-schema-serializer-7.9.0.jar:/home/runner/.m2/repository/com/fasterxml/jackson/dataformat/jackson-dataformat-csv/2.17.2/jackson-dataformat-csv-2.17.2.jar:/home/runner/.m2/repository/io/confluent/kafka-schema-registry-client/7.9.0/kafka-schema-registry-client-7.9.0.jar:/home/runner/.m2/repository/org/yaml/snakeyaml/2.2/snakeyaml-2.2.jar:/home/runner/.m2/repository/io/swagger/core/v3/swagger-annotations/2.1.10/swagger-annotations-2.1.10.jar:/home/runner/.m2/repository/com/google/guava/guava/33.2.1-jre/guava-33.2.1-jre.jar:/home/runner/.m2/repository/com/google/guava/failureaccess/1.0.1/failureaccess-1.0.1.jar:/home/runner/.m2/repository/org/checkerframework/checker-qual/3.46.0/checker-qual-3.46.0.jar:/home/runner/.m2/repository/io/confluent/logredactor/1.0.12/logredactor-1.0.12.jar:/home/runner/.m2/repository/com/google/re2j/re2j/1.6/re2j-1.6.jar:/home/runner/.m2/repository/io/confluent/logredactor-metrics/1.0.12/logredactor-metrics-1.0.12.jar:/home/runner/.m2/repository/com/eclipsesource/minimal-json/minimal-json/0.9.5/minimal-json-0.9.5.jar:/home/runner/.m2/repository/io/confluent/common-utils/7.9.0/common-utils-7.9.0.jar:/home/runner/.m2/repository/io/confluent/kafka-connect-avro-converter/7.9.0/kafka-connect-avro-converter-7.9.0.jar:/home/runner/.m2/repository/io/confluent/kafka-connect-avro-data/7.9.0/kafka-connect-avro-data-7.9.0.jar:/home/runner/.m2/repository/io/confluent/kafka-schema-converter/7.9.0/kafka-schema-converter-7.9.0.jar:/home/runner/.m2/repository/io/rest-assured/rest-assured/5.5.0/rest-assured-5.5.0.jar:/home/runner/.m2/repository/org/apache/groovy/groovy/4.0.22/groovy-4.0.22.jar:/home/runner/.m2/repository/org/apache/groovy/groovy-xml/4.0.22/groovy-xml-4.0.22.jar:/home/runner/.m2/repository/org/apache/httpcomponents/httpclient/4.5.14/httpclient-4.5.14.jar:/home/runner/.m2/repository/org/apache/httpcomponents/httpcore/4.4.16/httpcore-4.4.16.jar:/home/runner/.m2/repository/org/apache/httpcomponents/httpmime/4.5.14/httpmime-4.5.14.jar:/home/runner/.m2/repository/org/hamcrest/hamcrest/2.2/hamcrest-2.2.jar:/home/runner/.m2/repository/org/ccil/cowan/tagsoup/tagsoup/1.2.1/tagsoup-1.2.1.jar:/home/runner/.m2/repository/io/rest-assured/json-path/5.5.0/json-path-5.5.0.jar:/home/runner/.m2/repository/org/apache/groovy/groovy-json/4.0.22/groovy-json-4.0.22.jar:/home/runner/.m2/repository/io/rest-assured/rest-assured-common/5.5.0/rest-assured-common-5.5.0.jar:/home/runner/.m2/repository/io/rest-assured/xml-path/5.5.0/xml-path-5.5.0.jar:/home/runner/.m2/repository/io/zonky/test/embedded-postgres/2.1.0/embedded-postgres-2.1.0.jar:/home/runner/.m2/repository/io/zonky/test/postgres/embedded-postgres-binaries-windows-amd64/14.15.0/embedded-postgres-binaries-windows-amd64-14.15.0.jar:/home/runner/.m2/repository/io/zonky/test/postgres/embedded-postgres-binaries-darwin-amd64/14.15.0/embedded-postgres-binaries-darwin-amd64-14.15.0.jar:/home/runner/.m2/repository/io/zonky/test/postgres/embedded-postgres-binaries-linux-amd64/14.15.0/embedded-postgres-binaries-linux-amd64-14.15.0.jar:/home/runner/.m2/repository/io/zonky/test/postgres/embedded-postgres-binaries-linux-amd64-alpine/14.15.0/embedded-postgres-binaries-linux-amd64-alpine-14.15.0.jar:/home/runner/.m2/repository/org/apache/commons/commons-lang3/3.14.0/commons-lang3-3.14.0.jar:/home/runner/.m2/repository/org/tukaani/xz/1.10/xz-1.10.jar:/home/runner/.m2/repository/commons-codec/commons-codec/1.18.0/commons-codec-1.18.0.jar:/home/runner/.m2/repository/org/postgresql/postgresql/42.7.4/postgresql-42.7.4.jar:/home/runner/.m2/repository/commons-io/commons-io/2.16.1/commons-io-2.16.1.jar:/home/runner/work/apicurio-testing/apicurio-testing/clusters/ci419/namespaces/kafkasql/tests/integration/apicurio-registry/utils/importexport/target/apicurio-registry-utils-import-export-3.0.9.jar:/home/runner/.m2/repository/io/vertx/vertx-core/4.5.13/vertx-core-4.5.13.jar:/home/runner/.m2/repository/io/netty/netty-common/4.1.118.Final/netty-common-4.1.118.Final.jar:/home/runner/.m2/repository/io/netty/netty-buffer/4.1.118.Final/netty-buffer-4.1.118.Final.jar:/home/runner/.m2/repository/io/netty/netty-transport/4.1.118.Final/netty-transport-4.1.118.Final.jar:/home/runner/.m2/repository/io/netty/netty-handler/4.1.118.Final/netty-handler-4.1.118.Final.jar:/home/runner/.m2/repository/io/netty/netty-transport-native-unix-common/4.1.118.Final/netty-transport-native-unix-common-4.1.118.Final.jar:/home/runner/.m2/repository/io/netty/netty-codec/4.1.118.Final/netty-codec-4.1.118.Final.jar:/home/runner/.m2/repository/io/netty/netty-handler-proxy/4.1.118.Final/netty-handler-proxy-4.1.118.Final.jar:/home/runner/.m2/repository/io/netty/netty-codec-socks/4.1.118.Final/netty-codec-socks-4.1.118.Final.jar:/home/runner/.m2/repository/io/netty/netty-codec-http/4.1.118.Final/netty-codec-http-4.1.118.Final.jar:/home/runner/.m2/repository/io/netty/netty-codec-http2/4.1.118.Final/netty-codec-http2-4.1.118.Final.jar:/home/runner/.m2/repository/io/netty/netty-resolver/4.1.118.Final/netty-resolver-4.1.118.Final.jar:/home/runner/.m2/repository/io/netty/netty-resolver-dns/4.1.118.Final/netty-resolver-dns-4.1.118.Final.jar:/home/runner/.m2/repository/io/netty/netty-codec-dns/4.1.118.Final/netty-codec-dns-4.1.118.Final.jar:/home/runner/.m2/repository/com/fasterxml/jackson/core/jackson-core/2.17.2/jackson-core-2.17.2.jar:"/>
    <property name="sun.cpu.endian" value="little"/>
    <property name="user.home" value="/home/runner"/>
    <property name="user.language" value="en"/>
    <property name="jboss.log-version" value="false"/>
    <property name="java.specification.vendor" value="Oracle Corporation"/>
    <property name="java.version.date" value="2025-07-15"/>
    <property name="java.home" value="/usr/lib/jvm/temurin-17-jdk-amd64"/>
    <property name="file.separator" value="/"/>
    <property name="basedir" value="/home/runner/work/apicurio-testing/apicurio-testing/clusters/ci419/namespaces/kafkasql/tests/integration/apicurio-registry/integration-tests"/>
    <property name="java.vm.compressedOopsMode" value="32-bit"/>
    <property name="line.separator" value="&#10;"/>
    <property name="java.specification.name" value="Java Platform API Specification"/>
    <property name="java.vm.specification.vendor" value="Oracle Corporation"/>
    <property name="quarkus.http.test-host" value="registry-app-kafkasql.apps.ci419.apicurio-testing.org"/>
    <property name="surefire.real.class.path" value="/home/runner/work/apicurio-testing/apicurio-testing/clusters/ci419/namespaces/kafkasql/tests/integration/apicurio-registry/integration-tests/target/surefire/surefirebooter-20250731155212032_3.jar"/>
    <property name="sun.management.compiler" value="HotSpot 64-Bit Tiered Compilers"/>
    <property name="org.eclipse.jetty.http.HttpGenerator.STRICT" value="true"/>
    <property name="java.runtime.version" value="17.0.16+8"/>
    <property name="user.name" value="runner"/>
    <property name="path.separator" value=":"/>
    <property name="os.version" value="6.8.0-1031-azure"/>
    <property name="java.runtime.name" value="OpenJDK Runtime Environment"/>
    <property name="file.encoding" value="UTF-8"/>
    <property name="jnidispatch.path" value="/home/runner/.cache/JNA/temp/jna11036274471916526921.tmp"/>
    <property name="java.vm.name" value="OpenJDK 64-Bit Server VM"/>
    <property name="jna.platform.library.path" value="/usr/lib/x86_64-linux-gnu:/lib/x86_64-linux-gnu:/usr/lib64:/lib64:/usr/lib:/lib:/lib32:/usr/local/lib:/usr/lib/x86_64-linux-gnu/libfakeroot"/>
    <property name="java.vendor.version" value="Temurin-17.0.16+8"/>
    <property name="quarkus.oidc.token-path" value="https://keycloak-kafkasql.apps.ci419.apicurio-testing.org/realms/registry/protocol/openid-connect/token"/>
    <property name="quarkus.http.host" value="registry-app-kafkasql.apps.ci419.apicurio-testing.org"/>
    <property name="localRepository" value="/home/runner/.m2/repository"/>
    <property name="javax.xml.xpath.XPathFactory:http://java.sun.com/jaxp/xpath/dom" value="com.sun.org.apache.xpath.internal.jaxp.XPathFactoryImpl"/>
    <property name="jna.loaded" value="true"/>
    <property name="java.vendor.url.bug" value="https://github.com/adoptium/adoptium-support/issues"/>
    <property name="jetty.git.hash" value="5bc5e562c8d05c5862505aebe5cf83a61bdbcb96"/>
    <property name="java.io.tmpdir" value="/tmp"/>
    <property name="quarkus.http.test-protocol" value="http"/>
    <property name="java.version" value="17.0.16"/>
    <property name="user.dir" value="/home/runner/work/apicurio-testing/apicurio-testing/clusters/ci419/namespaces/kafkasql/tests/integration/apicurio-registry/integration-tests"/>
    <property name="os.arch" value="amd64"/>
    <property name="groups" value="( smoke | serdes | acceptance | ui)"/>
    <property name="java.vm.specification.name" value="Java Virtual Machine Specification"/>
    <property name="native.encoding" value="UTF-8"/>
    <property name="java.util.logging.manager" value="org.jboss.logmanager.LogManager"/>
    <property name="java.library.path" value="/usr/java/packages/lib:/usr/lib64:/lib64:/lib:/usr/lib"/>
    <property name="jdk.console" value="java.base"/>
    <property name="java.vm.info" value="mixed mode, sharing"/>
    <property name="java.vendor" value="Eclipse Adoptium"/>
    <property name="java.vm.version" value="17.0.16+8"/>
    <property name="java.specification.maintenance.version" value="1"/>
    <property name="sun.io.unicode.encoding" value="UnicodeLittle"/>
    <property name="javax.xml.transform.TransformerFactory" value="com.sun.org.apache.xalan.internal.xsltc.trax.TransformerFactoryImpl"/>
    <property name="java.class.version" value="61.0"/>
  </properties>
  <testcase name="testEvolveAvroConfluent" classname="io.apicurio.tests.serdes.confluent.BasicConfluentSerDesIT" time="5.442">
    <system-out><![CDATA[2025-07-31 15:54:37,967 INFO  [io.api.tes.ser.con.BasicConfluentSerDesIT] (main) RestAssured configured with http://registry-app-kafkasql.apps.ci419.apicurio-testing.org:80/apis/registry/v3
2025-07-31 15:54:38,324 INFO  [io.api.tes.ser.con.BasicConfluentSerDesIT] (main) Deleting confluent schema subj_58eb497e_c55d_49ce_90c1_f7eedfa2442b-value
2025-07-31 15:54:38,468 INFO  [io.api.tes.ser.con.BasicConfluentSerDesIT] (main) Deleting confluent schema subj_9478cbd8_5e21_47cd_8424_12cfbf51393e-value
2025-07-31 15:54:38,553 INFO  [io.api.tes.ser.con.BasicConfluentSerDesIT] (main) Deleting confluent schema subj_2aa3d761_4336_4b83_a8de_f6633a35e5d3-value
2025-07-31 15:54:38,635 INFO  [io.api.tes.ser.con.BasicConfluentSerDesIT] (main) Deleting confluent schema topic-865d6677_3cf9_4b56_8232_91f2d32d74a2-value
2025-07-31 15:54:38,719 INFO  [io.api.tes.ser.con.BasicConfluentSerDesIT] (main) Deleting confluent schema topic-3c4b923e_dfd8_4d31_9397_bf9679e2ca1d-value
2025-07-31 15:54:38,802 INFO  [io.api.tes.ser.con.BasicConfluentSerDesIT] (main) Deleting confluent schema topic-0699a2f1_3c55_405c_9984_7fb010558989-value
2025-07-31 15:54:38,887 INFO  [io.api.tes.ser.con.BasicConfluentSerDesIT] (main) Deleting confluent schema topic-f4faf204_fd84_4896_acdf_9823137b69f7-value
2025-07-31 15:54:38,973 INFO  [io.api.tes.ser.con.BasicConfluentSerDesIT] (main) Deleting confluent schema topic-223b9951_388c_46ad_9930_a11473d11e4a-value
2025-07-31 15:54:39,057 INFO  [io.api.tes.ser.con.BasicConfluentSerDesIT] (main) Deleting confluent schema topic-e42f7e7f_dfa1_406c_a805_e3e0ef62f68b-value
2025-07-31 15:54:39,143 INFO  [io.api.tes.ser.con.BasicConfluentSerDesIT] (main) Deleting confluent schema myrecordconfluent
2025-07-31 15:54:39,228 INFO  [io.api.tes.ser.con.BasicConfluentSerDesIT] (main) Deleting confluent schema topic-b04e85fe_445c_4491_82b9_4d2db7abc4d0
2025-07-31 15:54:39,311 INFO  [io.api.tes.ser.con.BasicConfluentSerDesIT] (main) Deleting confluent schema topic-89d4fa1b_280f_4ed1_81e2_fbe05caad049-value
2025-07-31 15:54:39,395 INFO  [io.api.tes.ser.con.BasicConfluentSerDesIT] (main) Deleting confluent schema topic-6cf79c07_8eb6_483a_8c10_74851afd6fcc
2025-07-31 15:54:39,478 INFO  [io.api.tes.ser.con.BasicConfluentSerDesIT] (main) Deleting confluent schema topic-86c59e4e_0cac_4dc7_97ac_1362b00043fb-value
2025-07-31 15:54:39,561 INFO  [io.api.tes.ser.con.BasicConfluentSerDesIT] (main) Deleting confluent schema topic-8f7022db_3b8e_4646_b39d_5f2251fc28a7
2025-07-31 15:54:39,644 INFO  [io.api.tes.ser.con.BasicConfluentSerDesIT] (main) Deleting confluent schema topic-7788b75c_4f8a_40c2_b1bf_1d92eea86d69
2025-07-31 15:54:39,730 INFO  [io.api.tes.ser.con.BasicConfluentSerDesIT] (main) Deleting confluent schema topic-d114298d_7f5c_40ca_a584_1bcf0556502a-value
2025-07-31 15:54:39,813 INFO  [io.api.tes.ser.con.BasicConfluentSerDesIT] (main) Deleting confluent schema s908b4587x0887x40d1xb802x72d00b38aa51-value
2025-07-31 15:54:39,898 INFO  [io.api.tes.ser.con.BasicConfluentSerDesIT] (main) Deleting confluent schema google/protobuf/timestamp.proto
2025-07-31 15:54:39,981 INFO  [io.api.tes.ser.con.BasicConfluentSerDesIT] (main) Deleting confluent schema topic-b5742d59_81c6_49dd_87c0_e34e5e239dbc-value
2025-07-31 15:54:40,062 INFO  [io.api.tes.ser.con.BasicConfluentSerDesIT] (main) Deleting confluent schema topic-bf2c2246_222b_4e0e_bc7e_998f97d793f1-value
2025-07-31 15:54:40,147 INFO  [io.api.tes.ser.con.BasicConfluentSerDesIT] (main) Deleting confluent schema s9cd85071xa5eex4970x9091x284636e71943-value
2025-07-31 15:54:40,230 INFO  [io.api.tes.ser.con.BasicConfluentSerDesIT] (main) Deleting confluent schema topic-17a7f16e_5913_4636_b137_1ce2a3f575de-value
2025-07-31 15:54:40,312 INFO  [io.api.tes.ser.con.BasicConfluentSerDesIT] (main) Deleting confluent schema s89d3be69x892dx4518xafaax88f6ed87eaf5-value
2025-07-31 15:54:40,402 INFO  [io.api.tes.ser.con.BasicConfluentSerDesIT] (main) Deleting confluent schema topic-5ec6f8c0_e2ba_4a24_8279_c9fa54871bd5-value
2025-07-31 15:54:40,485 INFO  [io.api.tes.ser.con.BasicConfluentSerDesIT] (main) Deleting confluent schema topic-74581473_a1e7_4969_98a7_dcb468a2272c-value
2025-07-31 15:54:40,570 INFO  [io.api.tes.ser.con.BasicConfluentSerDesIT] (main) Deleting confluent schema topic-54dc142b_8692_417c_9db9_54fcb2701ba7
2025-07-31 15:54:40,651 INFO  [io.api.tes.ser.con.BasicConfluentSerDesIT] (main) Deleting confluent schema topic-7500fa0b_3c12_4a94_82a4_223046af5ffb
2025-07-31 15:54:40,734 INFO  [io.api.tes.ser.con.BasicConfluentSerDesIT] (main) Deleting confluent schema topic-045a9d1b_39af_4954_adba_d52610753d98-value
2025-07-31 15:54:40,821 INFO  [io.api.tes.ser.con.BasicConfluentSerDesIT] (main) Deleting confluent schema topic-ca24b6a0_f473_412e_8a2c_b9d622015c88-value
2025-07-31 15:54:40,904 INFO  [io.api.tes.ser.con.BasicConfluentSerDesIT] (main) Deleting confluent schema topic-f60757a9_81ea_47df_afdb_f18b1bc5fe0b-value
2025-07-31 15:54:40,994 INFO  [io.api.tes.uti.KafkaFacade] (main) Skipping deployment of kafka, because it's already deployed
2025-07-31 15:54:40,995 INFO  [io.api.tes.uti.TestSeparator] (main) ############################################################################
2025-07-31 15:54:40,995 INFO  [io.api.tes.uti.TestSeparator] (main) io.apicurio.tests.serdes.confluent.BasicConfluentSerDesIT.testEvolveAvroConfluent-STARTED
2025-07-31 15:54:40,997 INFO  [org.apa.kaf.cli.adm.AdminClientConfig] (main) AdminClientConfig values: 
	auto.include.jmx.reporter = true
	bootstrap.controllers = []
	bootstrap.servers = [PLAINTEXT://localhost:32770]
	client.dns.lookup = use_all_dns_ips
	client.id = 
	connections.max.idle.ms = 10000
	default.api.timeout.ms = 60000
	enable.metrics.push = true
	metadata.max.age.ms = 300000
	metadata.recovery.strategy = none
	metric.reporters = []
	metrics.num.samples = 2
	metrics.recording.level = INFO
	metrics.sample.window.ms = 30000
	receive.buffer.bytes = 65536
	reconnect.backoff.max.ms = 1000
	reconnect.backoff.ms = 50
	request.timeout.ms = 5000
	retries = 2147483647
	retry.backoff.max.ms = 1000
	retry.backoff.ms = 100
	sasl.client.callback.handler.class = null
	sasl.jaas.config = null
	sasl.kerberos.kinit.cmd = /usr/bin/kinit
	sasl.kerberos.min.time.before.relogin = 60000
	sasl.kerberos.service.name = null
	sasl.kerberos.ticket.renew.jitter = 0.05
	sasl.kerberos.ticket.renew.window.factor = 0.8
	sasl.login.callback.handler.class = null
	sasl.login.class = null
	sasl.login.connect.timeout.ms = null
	sasl.login.read.timeout.ms = null
	sasl.login.refresh.buffer.seconds = 300
	sasl.login.refresh.min.period.seconds = 60
	sasl.login.refresh.window.factor = 0.8
	sasl.login.refresh.window.jitter = 0.05
	sasl.login.retry.backoff.max.ms = 10000
	sasl.login.retry.backoff.ms = 100
	sasl.mechanism = GSSAPI
	sasl.oauthbearer.clock.skew.seconds = 30
	sasl.oauthbearer.expected.audience = null
	sasl.oauthbearer.expected.issuer = null
	sasl.oauthbearer.header.urlencode = false
	sasl.oauthbearer.jwks.endpoint.refresh.ms = 3600000
	sasl.oauthbearer.jwks.endpoint.retry.backoff.max.ms = 10000
	sasl.oauthbearer.jwks.endpoint.retry.backoff.ms = 100
	sasl.oauthbearer.jwks.endpoint.url = null
	sasl.oauthbearer.scope.claim.name = scope
	sasl.oauthbearer.sub.claim.name = sub
	sasl.oauthbearer.token.endpoint.url = null
	security.protocol = PLAINTEXT
	security.providers = null
	send.buffer.bytes = 131072
	socket.connection.setup.timeout.max.ms = 30000
	socket.connection.setup.timeout.ms = 10000
	ssl.cipher.suites = null
	ssl.enabled.protocols = [TLSv1.2, TLSv1.3]
	ssl.endpoint.identification.algorithm = https
	ssl.engine.factory.class = null
	ssl.key.password = null
	ssl.keymanager.algorithm = SunX509
	ssl.keystore.certificate.chain = null
	ssl.keystore.key = null
	ssl.keystore.location = null
	ssl.keystore.password = null
	ssl.keystore.type = JKS
	ssl.protocol = TLSv1.3
	ssl.provider = null
	ssl.secure.random.implementation = null
	ssl.trustmanager.algorithm = PKIX
	ssl.truststore.certificates = null
	ssl.truststore.location = null
	ssl.truststore.password = null
	ssl.truststore.type = JKS

2025-07-31 15:54:40,998 INFO  [org.apa.kaf.com.uti.AppInfoParser] (main) Kafka version: 3.9.0
2025-07-31 15:54:40,998 INFO  [org.apa.kaf.com.uti.AppInfoParser] (main) Kafka commitId: 84caaa6e9da06435
2025-07-31 15:54:40,998 INFO  [org.apa.kaf.com.uti.AppInfoParser] (main) Kafka startTimeMs: 1753977280998
2025-07-31 15:54:41,274 INFO  [io.api.tes.ser.con.BasicConfluentSerDesIT] (main) Checking that created schema is equal to the get schema
2025-07-31 15:54:41,346 INFO  [io.api.tes.ser.con.BasicConfluentSerDesIT] (main) Created schema with id:65 and name:sc24c59abx08fcx47b1xb88axce1474bb592f
2025-07-31 15:54:41,351 INFO  [org.apa.kaf.cli.pro.ProducerConfig] (main) ProducerConfig values: 
	acks = -1
	auto.include.jmx.reporter = true
	batch.size = 16384
	bootstrap.servers = [PLAINTEXT://localhost:32770]
	buffer.memory = 33554432
	client.dns.lookup = use_all_dns_ips
	client.id = Producer-topic-bf55101f_5d2c_48f3_b7cd_bd8f813e2429
	compression.gzip.level = -1
	compression.lz4.level = 9
	compression.type = none
	compression.zstd.level = 3
	connections.max.idle.ms = 10000
	delivery.timeout.ms = 120000
	enable.idempotence = true
	enable.metrics.push = true
	interceptor.classes = []
	key.serializer = class org.apache.kafka.common.serialization.StringSerializer
	linger.ms = 0
	max.block.ms = 60000
	max.in.flight.requests.per.connection = 5
	max.request.size = 1048576
	metadata.max.age.ms = 300000
	metadata.max.idle.ms = 300000
	metadata.recovery.strategy = none
	metric.reporters = []
	metrics.num.samples = 2
	metrics.recording.level = INFO
	metrics.sample.window.ms = 30000
	partitioner.adaptive.partitioning.enable = true
	partitioner.availability.timeout.ms = 0
	partitioner.class = null
	partitioner.ignore.keys = false
	receive.buffer.bytes = 32768
	reconnect.backoff.max.ms = 1000
	reconnect.backoff.ms = 50
	request.timeout.ms = 5000
	retries = 2147483647
	retry.backoff.max.ms = 1000
	retry.backoff.ms = 100
	sasl.client.callback.handler.class = null
	sasl.jaas.config = null
	sasl.kerberos.kinit.cmd = /usr/bin/kinit
	sasl.kerberos.min.time.before.relogin = 60000
	sasl.kerberos.service.name = null
	sasl.kerberos.ticket.renew.jitter = 0.05
	sasl.kerberos.ticket.renew.window.factor = 0.8
	sasl.login.callback.handler.class = null
	sasl.login.class = null
	sasl.login.connect.timeout.ms = null
	sasl.login.read.timeout.ms = null
	sasl.login.refresh.buffer.seconds = 300
	sasl.login.refresh.min.period.seconds = 60
	sasl.login.refresh.window.factor = 0.8
	sasl.login.refresh.window.jitter = 0.05
	sasl.login.retry.backoff.max.ms = 10000
	sasl.login.retry.backoff.ms = 100
	sasl.mechanism = GSSAPI
	sasl.oauthbearer.clock.skew.seconds = 30
	sasl.oauthbearer.expected.audience = null
	sasl.oauthbearer.expected.issuer = null
	sasl.oauthbearer.header.urlencode = false
	sasl.oauthbearer.jwks.endpoint.refresh.ms = 3600000
	sasl.oauthbearer.jwks.endpoint.retry.backoff.max.ms = 10000
	sasl.oauthbearer.jwks.endpoint.retry.backoff.ms = 100
	sasl.oauthbearer.jwks.endpoint.url = null
	sasl.oauthbearer.scope.claim.name = scope
	sasl.oauthbearer.sub.claim.name = sub
	sasl.oauthbearer.token.endpoint.url = null
	security.protocol = PLAINTEXT
	security.providers = null
	send.buffer.bytes = 131072
	socket.connection.setup.timeout.max.ms = 30000
	socket.connection.setup.timeout.ms = 10000
	ssl.cipher.suites = null
	ssl.enabled.protocols = [TLSv1.2, TLSv1.3]
	ssl.endpoint.identification.algorithm = https
	ssl.engine.factory.class = null
	ssl.key.password = null
	ssl.keymanager.algorithm = SunX509
	ssl.keystore.certificate.chain = null
	ssl.keystore.key = null
	ssl.keystore.location = null
	ssl.keystore.password = null
	ssl.keystore.type = JKS
	ssl.protocol = TLSv1.3
	ssl.provider = null
	ssl.secure.random.implementation = null
	ssl.trustmanager.algorithm = PKIX
	ssl.truststore.certificates = null
	ssl.truststore.location = null
	ssl.truststore.password = null
	ssl.truststore.type = JKS
	transaction.timeout.ms = 60000
	transactional.id = null
	value.serializer = class io.confluent.kafka.serializers.KafkaAvroSerializer

2025-07-31 15:54:41,351 INFO  [org.apa.kaf.com.tel.int.KafkaMetricsCollector] (main) initializing Kafka metrics collector
2025-07-31 15:54:41,353 INFO  [io.con.kaf.ser.KafkaAvroSerializerConfig] (main) KafkaAvroSerializerConfig values: 
	auto.register.schemas = false
	avro.reflection.allow.null = false
	avro.remove.java.properties = false
	avro.use.logical.type.converters = false
	basic.auth.credentials.source = URL
	basic.auth.user.info = [hidden]
	bearer.auth.cache.expiry.buffer.seconds = 300
	bearer.auth.client.id = null
	bearer.auth.client.secret = null
	bearer.auth.credentials.source = STATIC_TOKEN
	bearer.auth.custom.provider.class = null
	bearer.auth.identity.pool.id = null
	bearer.auth.issuer.endpoint.url = null
	bearer.auth.logical.cluster = null
	bearer.auth.scope = null
	bearer.auth.scope.claim.name = scope
	bearer.auth.sub.claim.name = sub
	bearer.auth.token = [hidden]
	context.name.strategy = class io.confluent.kafka.serializers.context.NullContextNameStrategy
	http.connect.timeout.ms = 60000
	http.read.timeout.ms = 60000
	id.compatibility.strict = true
	key.subject.name.strategy = class io.confluent.kafka.serializers.subject.TopicNameStrategy
	latest.cache.size = 1000
	latest.cache.ttl.sec = -1
	latest.compatibility.strict = true
	max.retries = 3
	max.schemas.per.subject = 1000
	normalize.schemas = false
	propagate.schema.tags = false
	proxy.host = 
	proxy.port = -1
	retries.max.wait.ms = 20000
	retries.wait.ms = 1000
	rule.actions = []
	rule.executors = []
	rule.service.loader.enable = true
	schema.format = null
	schema.reflection = false
	schema.registry.basic.auth.user.info = [hidden]
	schema.registry.ssl.cipher.suites = null
	schema.registry.ssl.enabled.protocols = [TLSv1.2, TLSv1.3]
	schema.registry.ssl.endpoint.identification.algorithm = https
	schema.registry.ssl.engine.factory.class = null
	schema.registry.ssl.key.password = null
	schema.registry.ssl.keymanager.algorithm = SunX509
	schema.registry.ssl.keystore.certificate.chain = null
	schema.registry.ssl.keystore.key = null
	schema.registry.ssl.keystore.location = null
	schema.registry.ssl.keystore.password = null
	schema.registry.ssl.keystore.type = JKS
	schema.registry.ssl.protocol = TLSv1.3
	schema.registry.ssl.provider = null
	schema.registry.ssl.secure.random.implementation = null
	schema.registry.ssl.trustmanager.algorithm = PKIX
	schema.registry.ssl.truststore.certificates = null
	schema.registry.ssl.truststore.location = null
	schema.registry.ssl.truststore.password = null
	schema.registry.ssl.truststore.type = JKS
	schema.registry.url = [http://registry-app-kafkasql.apps.ci419.apicurio-testing.org:80/apis/ccompat/v7]
	use.latest.version = false
	use.latest.with.metadata = null
	use.schema.id = -1
	value.subject.name.strategy = class io.confluent.kafka.serializers.subject.TopicRecordNameStrategy

2025-07-31 15:54:41,364 INFO  [org.apa.kaf.cli.pro.KafkaProducer] (main) [Producer clientId=Producer-topic-bf55101f_5d2c_48f3_b7cd_bd8f813e2429] Instantiated an idempotent producer.
2025-07-31 15:54:41,366 INFO  [org.apa.kaf.cli.pro.ProducerConfig] (main) These configurations '[schema.registry.url, auto.register.schemas, value.subject.name.strategy]' were supplied but are not used yet.
2025-07-31 15:54:41,366 INFO  [org.apa.kaf.com.uti.AppInfoParser] (main) Kafka version: 3.9.0
2025-07-31 15:54:41,366 INFO  [org.apa.kaf.com.uti.AppInfoParser] (main) Kafka commitId: 84caaa6e9da06435
2025-07-31 15:54:41,366 INFO  [org.apa.kaf.com.uti.AppInfoParser] (main) Kafka startTimeMs: 1753977281366
2025-07-31 15:54:41,371 INFO  [org.apa.kaf.cli.con.ConsumerConfig] (main) ConsumerConfig values: 
	allow.auto.create.topics = true
	auto.commit.interval.ms = 500
	auto.include.jmx.reporter = true
	auto.offset.reset = earliest
	bootstrap.servers = [PLAINTEXT://localhost:32770]
	check.crcs = true
	client.dns.lookup = use_all_dns_ips
	client.id = consumer-Consumer-topic-bf55101f_5d2c_48f3_b7cd_bd8f813e2429-34
	client.rack = 
	connections.max.idle.ms = 10000
	default.api.timeout.ms = 60000
	enable.auto.commit = true
	enable.metrics.push = true
	exclude.internal.topics = true
	fetch.max.bytes = 52428800
	fetch.max.wait.ms = 500
	fetch.min.bytes = 1
	group.id = Consumer-topic-bf55101f_5d2c_48f3_b7cd_bd8f813e2429
	group.instance.id = null
	group.protocol = classic
	group.remote.assignor = null
	heartbeat.interval.ms = 3000
	interceptor.classes = []
	internal.leave.group.on.close = true
	internal.throw.on.fetch.stable.offset.unsupported = false
	isolation.level = read_uncommitted
	key.deserializer = class org.apache.kafka.common.serialization.StringDeserializer
	max.partition.fetch.bytes = 1048576
	max.poll.interval.ms = 300000
	max.poll.records = 500
	metadata.max.age.ms = 300000
	metadata.recovery.strategy = none
	metric.reporters = []
	metrics.num.samples = 2
	metrics.recording.level = INFO
	metrics.sample.window.ms = 30000
	partition.assignment.strategy = [class org.apache.kafka.clients.consumer.RangeAssignor, class org.apache.kafka.clients.consumer.CooperativeStickyAssignor]
	receive.buffer.bytes = 65536
	reconnect.backoff.max.ms = 1000
	reconnect.backoff.ms = 50
	request.timeout.ms = 5000
	retry.backoff.max.ms = 1000
	retry.backoff.ms = 100
	sasl.client.callback.handler.class = null
	sasl.jaas.config = null
	sasl.kerberos.kinit.cmd = /usr/bin/kinit
	sasl.kerberos.min.time.before.relogin = 60000
	sasl.kerberos.service.name = null
	sasl.kerberos.ticket.renew.jitter = 0.05
	sasl.kerberos.ticket.renew.window.factor = 0.8
	sasl.login.callback.handler.class = null
	sasl.login.class = null
	sasl.login.connect.timeout.ms = null
	sasl.login.read.timeout.ms = null
	sasl.login.refresh.buffer.seconds = 300
	sasl.login.refresh.min.period.seconds = 60
	sasl.login.refresh.window.factor = 0.8
	sasl.login.refresh.window.jitter = 0.05
	sasl.login.retry.backoff.max.ms = 10000
	sasl.login.retry.backoff.ms = 100
	sasl.mechanism = GSSAPI
	sasl.oauthbearer.clock.skew.seconds = 30
	sasl.oauthbearer.expected.audience = null
	sasl.oauthbearer.expected.issuer = null
	sasl.oauthbearer.header.urlencode = false
	sasl.oauthbearer.jwks.endpoint.refresh.ms = 3600000
	sasl.oauthbearer.jwks.endpoint.retry.backoff.max.ms = 10000
	sasl.oauthbearer.jwks.endpoint.retry.backoff.ms = 100
	sasl.oauthbearer.jwks.endpoint.url = null
	sasl.oauthbearer.scope.claim.name = scope
	sasl.oauthbearer.sub.claim.name = sub
	sasl.oauthbearer.token.endpoint.url = null
	security.protocol = PLAINTEXT
	security.providers = null
	send.buffer.bytes = 131072
	session.timeout.ms = 45000
	socket.connection.setup.timeout.max.ms = 30000
	socket.connection.setup.timeout.ms = 10000
	ssl.cipher.suites = null
	ssl.enabled.protocols = [TLSv1.2, TLSv1.3]
	ssl.endpoint.identification.algorithm = https
	ssl.engine.factory.class = null
	ssl.key.password = null
	ssl.keymanager.algorithm = SunX509
	ssl.keystore.certificate.chain = null
	ssl.keystore.key = null
	ssl.keystore.location = null
	ssl.keystore.password = null
	ssl.keystore.type = JKS
	ssl.protocol = TLSv1.3
	ssl.provider = null
	ssl.secure.random.implementation = null
	ssl.trustmanager.algorithm = PKIX
	ssl.truststore.certificates = null
	ssl.truststore.location = null
	ssl.truststore.password = null
	ssl.truststore.type = JKS
	value.deserializer = class io.confluent.kafka.serializers.KafkaAvroDeserializer

2025-07-31 15:54:41,371 INFO  [org.apa.kaf.com.tel.int.KafkaMetricsCollector] (main) initializing Kafka metrics collector
2025-07-31 15:54:41,373 INFO  [org.apa.kaf.cli.Metadata] (kafka-producer-network-thread | Producer-topic-bf55101f_5d2c_48f3_b7cd_bd8f813e2429) [Producer clientId=Producer-topic-bf55101f_5d2c_48f3_b7cd_bd8f813e2429] Cluster ID: k5QcScx1TGu5ZEx470RFLw
2025-07-31 15:54:41,375 INFO  [org.apa.kaf.cli.pro.int.TransactionManager] (kafka-producer-network-thread | Producer-topic-bf55101f_5d2c_48f3_b7cd_bd8f813e2429) [Producer clientId=Producer-topic-bf55101f_5d2c_48f3_b7cd_bd8f813e2429] ProducerId set to 44 with epoch 0
2025-07-31 15:54:41,377 INFO  [io.con.kaf.ser.KafkaAvroDeserializerConfig] (main) KafkaAvroDeserializerConfig values: 
	auto.register.schemas = true
	avro.reflection.allow.null = false
	avro.use.logical.type.converters = false
	basic.auth.credentials.source = URL
	basic.auth.user.info = [hidden]
	bearer.auth.cache.expiry.buffer.seconds = 300
	bearer.auth.client.id = null
	bearer.auth.client.secret = null
	bearer.auth.credentials.source = STATIC_TOKEN
	bearer.auth.custom.provider.class = null
	bearer.auth.identity.pool.id = null
	bearer.auth.issuer.endpoint.url = null
	bearer.auth.logical.cluster = null
	bearer.auth.scope = null
	bearer.auth.scope.claim.name = scope
	bearer.auth.sub.claim.name = sub
	bearer.auth.token = [hidden]
	context.name.strategy = class io.confluent.kafka.serializers.context.NullContextNameStrategy
	http.connect.timeout.ms = 60000
	http.read.timeout.ms = 60000
	id.compatibility.strict = true
	key.subject.name.strategy = class io.confluent.kafka.serializers.subject.TopicNameStrategy
	latest.cache.size = 1000
	latest.cache.ttl.sec = -1
	latest.compatibility.strict = true
	max.retries = 3
	max.schemas.per.subject = 1000
	normalize.schemas = false
	propagate.schema.tags = false
	proxy.host = 
	proxy.port = -1
	retries.max.wait.ms = 20000
	retries.wait.ms = 1000
	rule.actions = []
	rule.executors = []
	rule.service.loader.enable = true
	schema.format = null
	schema.reflection = false
	schema.registry.basic.auth.user.info = [hidden]
	schema.registry.ssl.cipher.suites = null
	schema.registry.ssl.enabled.protocols = [TLSv1.2, TLSv1.3]
	schema.registry.ssl.endpoint.identification.algorithm = https
	schema.registry.ssl.engine.factory.class = null
	schema.registry.ssl.key.password = null
	schema.registry.ssl.keymanager.algorithm = SunX509
	schema.registry.ssl.keystore.certificate.chain = null
	schema.registry.ssl.keystore.key = null
	schema.registry.ssl.keystore.location = null
	schema.registry.ssl.keystore.password = null
	schema.registry.ssl.keystore.type = JKS
	schema.registry.ssl.protocol = TLSv1.3
	schema.registry.ssl.provider = null
	schema.registry.ssl.secure.random.implementation = null
	schema.registry.ssl.trustmanager.algorithm = PKIX
	schema.registry.ssl.truststore.certificates = null
	schema.registry.ssl.truststore.location = null
	schema.registry.ssl.truststore.password = null
	schema.registry.ssl.truststore.type = JKS
	schema.registry.url = [http://registry-app-kafkasql.apps.ci419.apicurio-testing.org:80/apis/ccompat/v7]
	specific.avro.key.type = null
	specific.avro.reader = false
	specific.avro.value.type = null
	use.latest.version = false
	use.latest.with.metadata = null
	use.schema.id = -1
	value.subject.name.strategy = class io.confluent.kafka.serializers.subject.TopicNameStrategy

2025-07-31 15:54:41,377 INFO  [io.con.kaf.ser.KafkaAvroDeserializerConfig] (main) KafkaAvroDeserializerConfig values: 
	auto.register.schemas = true
	avro.reflection.allow.null = false
	avro.use.logical.type.converters = false
	basic.auth.credentials.source = URL
	basic.auth.user.info = [hidden]
	bearer.auth.cache.expiry.buffer.seconds = 300
	bearer.auth.client.id = null
	bearer.auth.client.secret = null
	bearer.auth.credentials.source = STATIC_TOKEN
	bearer.auth.custom.provider.class = null
	bearer.auth.identity.pool.id = null
	bearer.auth.issuer.endpoint.url = null
	bearer.auth.logical.cluster = null
	bearer.auth.scope = null
	bearer.auth.scope.claim.name = scope
	bearer.auth.sub.claim.name = sub
	bearer.auth.token = [hidden]
	context.name.strategy = class io.confluent.kafka.serializers.context.NullContextNameStrategy
	http.connect.timeout.ms = 60000
	http.read.timeout.ms = 60000
	id.compatibility.strict = true
	key.subject.name.strategy = class io.confluent.kafka.serializers.subject.TopicNameStrategy
	latest.cache.size = 1000
	latest.cache.ttl.sec = -1
	latest.compatibility.strict = true
	max.retries = 3
	max.schemas.per.subject = 1000
	normalize.schemas = false
	propagate.schema.tags = false
	proxy.host = 
	proxy.port = -1
	retries.max.wait.ms = 20000
	retries.wait.ms = 1000
	rule.actions = []
	rule.executors = []
	rule.service.loader.enable = true
	schema.format = null
	schema.reflection = false
	schema.registry.basic.auth.user.info = [hidden]
	schema.registry.ssl.cipher.suites = null
	schema.registry.ssl.enabled.protocols = [TLSv1.2, TLSv1.3]
	schema.registry.ssl.endpoint.identification.algorithm = https
	schema.registry.ssl.engine.factory.class = null
	schema.registry.ssl.key.password = null
	schema.registry.ssl.keymanager.algorithm = SunX509
	schema.registry.ssl.keystore.certificate.chain = null
	schema.registry.ssl.keystore.key = null
	schema.registry.ssl.keystore.location = null
	schema.registry.ssl.keystore.password = null
	schema.registry.ssl.keystore.type = JKS
	schema.registry.ssl.protocol = TLSv1.3
	schema.registry.ssl.provider = null
	schema.registry.ssl.secure.random.implementation = null
	schema.registry.ssl.trustmanager.algorithm = PKIX
	schema.registry.ssl.truststore.certificates = null
	schema.registry.ssl.truststore.location = null
	schema.registry.ssl.truststore.password = null
	schema.registry.ssl.truststore.type = JKS
	schema.registry.url = [http://registry-app-kafkasql.apps.ci419.apicurio-testing.org:80/apis/ccompat/v7]
	specific.avro.key.type = null
	specific.avro.reader = false
	specific.avro.value.type = null
	use.latest.version = false
	use.latest.with.metadata = null
	use.schema.id = -1
	value.subject.name.strategy = class io.confluent.kafka.serializers.subject.TopicNameStrategy

2025-07-31 15:54:41,381 INFO  [org.apa.kaf.cli.con.ConsumerConfig] (main) These configurations '[schema.registry.url]' were supplied but are not used yet.
2025-07-31 15:54:41,381 INFO  [org.apa.kaf.com.uti.AppInfoParser] (main) Kafka version: 3.9.0
2025-07-31 15:54:41,381 INFO  [org.apa.kaf.com.uti.AppInfoParser] (main) Kafka commitId: 84caaa6e9da06435
2025-07-31 15:54:41,381 INFO  [org.apa.kaf.com.uti.AppInfoParser] (main) Kafka startTimeMs: 1753977281381
2025-07-31 15:54:41,382 INFO  [io.api.tes.ser.api.KafkaSerdesTester] (Thread-392) Sending message {"key1": "value-0"} to topic topic-bf55101f_5d2c_48f3_b7cd_bd8f813e2429
2025-07-31 15:54:41,472 INFO  [io.api.tes.ser.api.KafkaSerdesTester] (Thread-392) Sending message {"key1": "value-1"} to topic topic-bf55101f_5d2c_48f3_b7cd_bd8f813e2429
2025-07-31 15:54:41,479 INFO  [io.api.tes.ser.api.KafkaSerdesTester] (Thread-392) Sending message {"key1": "value-2"} to topic topic-bf55101f_5d2c_48f3_b7cd_bd8f813e2429
2025-07-31 15:54:41,484 INFO  [io.api.tes.ser.api.KafkaSerdesTester] (Thread-392) Sending message {"key1": "value-3"} to topic topic-bf55101f_5d2c_48f3_b7cd_bd8f813e2429
2025-07-31 15:54:41,488 INFO  [io.api.tes.ser.api.KafkaSerdesTester] (Thread-392) Sending message {"key1": "value-4"} to topic topic-bf55101f_5d2c_48f3_b7cd_bd8f813e2429
2025-07-31 15:54:41,490 INFO  [io.api.tes.ser.api.KafkaSerdesTester] (Thread-392) Sending message {"key1": "value-5"} to topic topic-bf55101f_5d2c_48f3_b7cd_bd8f813e2429
2025-07-31 15:54:41,492 INFO  [io.api.tes.ser.api.KafkaSerdesTester] (Thread-392) Sending message {"key1": "value-6"} to topic topic-bf55101f_5d2c_48f3_b7cd_bd8f813e2429
2025-07-31 15:54:41,493 INFO  [io.api.tes.ser.api.KafkaSerdesTester] (Thread-392) Sending message {"key1": "value-7"} to topic topic-bf55101f_5d2c_48f3_b7cd_bd8f813e2429
2025-07-31 15:54:41,494 INFO  [io.api.tes.ser.api.KafkaSerdesTester] (Thread-392) Sending message {"key1": "value-8"} to topic topic-bf55101f_5d2c_48f3_b7cd_bd8f813e2429
2025-07-31 15:54:41,496 INFO  [io.api.tes.ser.api.KafkaSerdesTester] (Thread-392) Sending message {"key1": "value-9"} to topic topic-bf55101f_5d2c_48f3_b7cd_bd8f813e2429
2025-07-31 15:54:41,497 INFO  [io.api.tes.ser.api.KafkaSerdesTester] (Thread-392) Produced 10 messages
2025-07-31 15:54:41,497 INFO  [org.apa.kaf.cli.pro.KafkaProducer] (Thread-392) [Producer clientId=Producer-topic-bf55101f_5d2c_48f3_b7cd_bd8f813e2429] Closing the Kafka producer with timeoutMillis = 9223372036854775807 ms.
2025-07-31 15:54:41,500 INFO  [org.apa.kaf.com.met.Metrics] (Thread-392) Metrics scheduler closed
2025-07-31 15:54:41,500 INFO  [org.apa.kaf.com.met.Metrics] (Thread-392) Closing reporter org.apache.kafka.common.metrics.JmxReporter
2025-07-31 15:54:41,500 INFO  [org.apa.kaf.com.met.Metrics] (Thread-392) Closing reporter org.apache.kafka.common.telemetry.internals.ClientTelemetryReporter
2025-07-31 15:54:41,500 INFO  [org.apa.kaf.com.met.Metrics] (Thread-392) Metrics reporters closed
2025-07-31 15:54:41,500 INFO  [org.apa.kaf.com.uti.AppInfoParser] (Thread-392) App info kafka.producer for Producer-topic-bf55101f_5d2c_48f3_b7cd_bd8f813e2429 unregistered
2025-07-31 15:54:41,501 INFO  [org.apa.kaf.cli.con.int.ClassicKafkaConsumer] (Thread-393) [Consumer clientId=consumer-Consumer-topic-bf55101f_5d2c_48f3_b7cd_bd8f813e2429-34, groupId=Consumer-topic-bf55101f_5d2c_48f3_b7cd_bd8f813e2429] Subscribed to topic(s): topic-bf55101f_5d2c_48f3_b7cd_bd8f813e2429
2025-07-31 15:54:41,505 INFO  [org.apa.kaf.cli.Metadata] (Thread-393) [Consumer clientId=consumer-Consumer-topic-bf55101f_5d2c_48f3_b7cd_bd8f813e2429-34, groupId=Consumer-topic-bf55101f_5d2c_48f3_b7cd_bd8f813e2429] Cluster ID: k5QcScx1TGu5ZEx470RFLw
2025-07-31 15:54:41,505 INFO  [org.apa.kaf.cli.con.int.ConsumerCoordinator] (Thread-393) [Consumer clientId=consumer-Consumer-topic-bf55101f_5d2c_48f3_b7cd_bd8f813e2429-34, groupId=Consumer-topic-bf55101f_5d2c_48f3_b7cd_bd8f813e2429] Discovered group coordinator localhost:32770 (id: 2147483647 rack: null)
2025-07-31 15:54:41,507 INFO  [org.apa.kaf.cli.con.int.ConsumerCoordinator] (Thread-393) [Consumer clientId=consumer-Consumer-topic-bf55101f_5d2c_48f3_b7cd_bd8f813e2429-34, groupId=Consumer-topic-bf55101f_5d2c_48f3_b7cd_bd8f813e2429] (Re-)joining group
2025-07-31 15:54:41,510 INFO  [org.apa.kaf.cli.con.int.ConsumerCoordinator] (Thread-393) [Consumer clientId=consumer-Consumer-topic-bf55101f_5d2c_48f3_b7cd_bd8f813e2429-34, groupId=Consumer-topic-bf55101f_5d2c_48f3_b7cd_bd8f813e2429] Request joining group due to: need to re-join with the given member-id: consumer-Consumer-topic-bf55101f_5d2c_48f3_b7cd_bd8f813e2429-34-7041dfd3-bcf1-40d4-9135-eaef328ca21b
2025-07-31 15:54:41,510 INFO  [org.apa.kaf.cli.con.int.ConsumerCoordinator] (Thread-393) [Consumer clientId=consumer-Consumer-topic-bf55101f_5d2c_48f3_b7cd_bd8f813e2429-34, groupId=Consumer-topic-bf55101f_5d2c_48f3_b7cd_bd8f813e2429] (Re-)joining group
2025-07-31 15:54:41,513 INFO  [org.apa.kaf.cli.con.int.ConsumerCoordinator] (Thread-393) [Consumer clientId=consumer-Consumer-topic-bf55101f_5d2c_48f3_b7cd_bd8f813e2429-34, groupId=Consumer-topic-bf55101f_5d2c_48f3_b7cd_bd8f813e2429] Successfully joined group with generation Generation{generationId=1, memberId='consumer-Consumer-topic-bf55101f_5d2c_48f3_b7cd_bd8f813e2429-34-7041dfd3-bcf1-40d4-9135-eaef328ca21b', protocol='range'}
2025-07-31 15:54:41,513 INFO  [org.apa.kaf.cli.con.int.ConsumerCoordinator] (Thread-393) [Consumer clientId=consumer-Consumer-topic-bf55101f_5d2c_48f3_b7cd_bd8f813e2429-34, groupId=Consumer-topic-bf55101f_5d2c_48f3_b7cd_bd8f813e2429] Finished assignment for group at generation 1: {consumer-Consumer-topic-bf55101f_5d2c_48f3_b7cd_bd8f813e2429-34-7041dfd3-bcf1-40d4-9135-eaef328ca21b=Assignment(partitions=[topic-bf55101f_5d2c_48f3_b7cd_bd8f813e2429-0])}
2025-07-31 15:54:41,516 INFO  [org.apa.kaf.cli.con.int.ConsumerCoordinator] (Thread-393) [Consumer clientId=consumer-Consumer-topic-bf55101f_5d2c_48f3_b7cd_bd8f813e2429-34, groupId=Consumer-topic-bf55101f_5d2c_48f3_b7cd_bd8f813e2429] Successfully synced group in generation Generation{generationId=1, memberId='consumer-Consumer-topic-bf55101f_5d2c_48f3_b7cd_bd8f813e2429-34-7041dfd3-bcf1-40d4-9135-eaef328ca21b', protocol='range'}
2025-07-31 15:54:41,516 INFO  [org.apa.kaf.cli.con.int.ConsumerCoordinator] (Thread-393) [Consumer clientId=consumer-Consumer-topic-bf55101f_5d2c_48f3_b7cd_bd8f813e2429-34, groupId=Consumer-topic-bf55101f_5d2c_48f3_b7cd_bd8f813e2429] Notifying assignor about the new Assignment(partitions=[topic-bf55101f_5d2c_48f3_b7cd_bd8f813e2429-0])
2025-07-31 15:54:41,516 INFO  [org.apa.kaf.cli.con.int.ConsumerRebalanceListenerInvoker] (Thread-393) [Consumer clientId=consumer-Consumer-topic-bf55101f_5d2c_48f3_b7cd_bd8f813e2429-34, groupId=Consumer-topic-bf55101f_5d2c_48f3_b7cd_bd8f813e2429] Adding newly assigned partitions: topic-bf55101f_5d2c_48f3_b7cd_bd8f813e2429-0
2025-07-31 15:54:41,517 INFO  [org.apa.kaf.cli.con.int.ConsumerCoordinator] (Thread-393) [Consumer clientId=consumer-Consumer-topic-bf55101f_5d2c_48f3_b7cd_bd8f813e2429-34, groupId=Consumer-topic-bf55101f_5d2c_48f3_b7cd_bd8f813e2429] Found no committed offset for partition topic-bf55101f_5d2c_48f3_b7cd_bd8f813e2429-0
2025-07-31 15:54:41,522 INFO  [org.apa.kaf.cli.con.int.SubscriptionState] (Thread-393) [Consumer clientId=consumer-Consumer-topic-bf55101f_5d2c_48f3_b7cd_bd8f813e2429-34, groupId=Consumer-topic-bf55101f_5d2c_48f3_b7cd_bd8f813e2429] Resetting offset for partition topic-bf55101f_5d2c_48f3_b7cd_bd8f813e2429-0 to position FetchPosition{offset=0, offsetEpoch=Optional.empty, currentLeader=LeaderAndEpoch{leader=Optional[localhost:32770 (id: 0 rack: null)], epoch=0}}.
2025-07-31 15:54:41,589 INFO  [io.api.tes.ser.api.KafkaSerdesTester] (Thread-393) topic-bf55101f_5d2c_48f3_b7cd_bd8f813e2429 0 0 {"key1": "value-0"}
2025-07-31 15:54:41,589 INFO  [io.api.tes.ser.api.KafkaSerdesTester] (Thread-393) topic-bf55101f_5d2c_48f3_b7cd_bd8f813e2429 0 1 {"key1": "value-1"}
2025-07-31 15:54:41,589 INFO  [io.api.tes.ser.api.KafkaSerdesTester] (Thread-393) topic-bf55101f_5d2c_48f3_b7cd_bd8f813e2429 0 2 {"key1": "value-2"}
2025-07-31 15:54:41,589 INFO  [io.api.tes.ser.api.KafkaSerdesTester] (Thread-393) topic-bf55101f_5d2c_48f3_b7cd_bd8f813e2429 0 3 {"key1": "value-3"}
2025-07-31 15:54:41,589 INFO  [io.api.tes.ser.api.KafkaSerdesTester] (Thread-393) topic-bf55101f_5d2c_48f3_b7cd_bd8f813e2429 0 4 {"key1": "value-4"}
2025-07-31 15:54:41,589 INFO  [io.api.tes.ser.api.KafkaSerdesTester] (Thread-393) topic-bf55101f_5d2c_48f3_b7cd_bd8f813e2429 0 5 {"key1": "value-5"}
2025-07-31 15:54:41,589 INFO  [io.api.tes.ser.api.KafkaSerdesTester] (Thread-393) topic-bf55101f_5d2c_48f3_b7cd_bd8f813e2429 0 6 {"key1": "value-6"}
2025-07-31 15:54:41,589 INFO  [io.api.tes.ser.api.KafkaSerdesTester] (Thread-393) topic-bf55101f_5d2c_48f3_b7cd_bd8f813e2429 0 7 {"key1": "value-7"}
2025-07-31 15:54:41,589 INFO  [io.api.tes.ser.api.KafkaSerdesTester] (Thread-393) topic-bf55101f_5d2c_48f3_b7cd_bd8f813e2429 0 8 {"key1": "value-8"}
2025-07-31 15:54:41,589 INFO  [io.api.tes.ser.api.KafkaSerdesTester] (Thread-393) topic-bf55101f_5d2c_48f3_b7cd_bd8f813e2429 0 9 {"key1": "value-9"}
2025-07-31 15:54:41,589 INFO  [io.api.tes.ser.api.KafkaSerdesTester] (Thread-393) Consumed 10 messages
2025-07-31 15:54:41,592 INFO  [org.apa.kaf.cli.con.int.ConsumerRebalanceListenerInvoker] (Thread-393) [Consumer clientId=consumer-Consumer-topic-bf55101f_5d2c_48f3_b7cd_bd8f813e2429-34, groupId=Consumer-topic-bf55101f_5d2c_48f3_b7cd_bd8f813e2429] Revoke previously assigned partitions topic-bf55101f_5d2c_48f3_b7cd_bd8f813e2429-0
2025-07-31 15:54:41,592 INFO  [org.apa.kaf.cli.con.int.ConsumerCoordinator] (Thread-393) [Consumer clientId=consumer-Consumer-topic-bf55101f_5d2c_48f3_b7cd_bd8f813e2429-34, groupId=Consumer-topic-bf55101f_5d2c_48f3_b7cd_bd8f813e2429] Member consumer-Consumer-topic-bf55101f_5d2c_48f3_b7cd_bd8f813e2429-34-7041dfd3-bcf1-40d4-9135-eaef328ca21b sending LeaveGroup request to coordinator localhost:32770 (id: 2147483647 rack: null) due to the consumer is being closed
2025-07-31 15:54:41,594 INFO  [org.apa.kaf.cli.con.int.ConsumerCoordinator] (Thread-393) [Consumer clientId=consumer-Consumer-topic-bf55101f_5d2c_48f3_b7cd_bd8f813e2429-34, groupId=Consumer-topic-bf55101f_5d2c_48f3_b7cd_bd8f813e2429] Resetting generation and member id due to: consumer pro-actively leaving the group
2025-07-31 15:54:41,594 INFO  [org.apa.kaf.cli.con.int.ConsumerCoordinator] (Thread-393) [Consumer clientId=consumer-Consumer-topic-bf55101f_5d2c_48f3_b7cd_bd8f813e2429-34, groupId=Consumer-topic-bf55101f_5d2c_48f3_b7cd_bd8f813e2429] Request joining group due to: consumer pro-actively leaving the group
2025-07-31 15:54:42,092 INFO  [org.apa.kaf.com.met.Metrics] (Thread-393) Metrics scheduler closed
2025-07-31 15:54:42,092 INFO  [org.apa.kaf.com.met.Metrics] (Thread-393) Closing reporter org.apache.kafka.common.metrics.JmxReporter
2025-07-31 15:54:42,092 INFO  [org.apa.kaf.com.met.Metrics] (Thread-393) Closing reporter org.apache.kafka.common.telemetry.internals.ClientTelemetryReporter
2025-07-31 15:54:42,092 INFO  [org.apa.kaf.com.met.Metrics] (Thread-393) Metrics reporters closed
2025-07-31 15:54:42,093 INFO  [org.apa.kaf.com.uti.AppInfoParser] (Thread-393) App info kafka.consumer for consumer-Consumer-topic-bf55101f_5d2c_48f3_b7cd_bd8f813e2429-34 unregistered
2025-07-31 15:54:43,244 INFO  [org.apa.kaf.cli.pro.ProducerConfig] (main) ProducerConfig values: 
	acks = -1
	auto.include.jmx.reporter = true
	batch.size = 16384
	bootstrap.servers = [PLAINTEXT://localhost:32770]
	buffer.memory = 33554432
	client.dns.lookup = use_all_dns_ips
	client.id = Producer-topic-bf55101f_5d2c_48f3_b7cd_bd8f813e2429
	compression.gzip.level = -1
	compression.lz4.level = 9
	compression.type = none
	compression.zstd.level = 3
	connections.max.idle.ms = 10000
	delivery.timeout.ms = 120000
	enable.idempotence = true
	enable.metrics.push = true
	interceptor.classes = []
	key.serializer = class org.apache.kafka.common.serialization.StringSerializer
	linger.ms = 0
	max.block.ms = 60000
	max.in.flight.requests.per.connection = 5
	max.request.size = 1048576
	metadata.max.age.ms = 300000
	metadata.max.idle.ms = 300000
	metadata.recovery.strategy = none
	metric.reporters = []
	metrics.num.samples = 2
	metrics.recording.level = INFO
	metrics.sample.window.ms = 30000
	partitioner.adaptive.partitioning.enable = true
	partitioner.availability.timeout.ms = 0
	partitioner.class = null
	partitioner.ignore.keys = false
	receive.buffer.bytes = 32768
	reconnect.backoff.max.ms = 1000
	reconnect.backoff.ms = 50
	request.timeout.ms = 5000
	retries = 2147483647
	retry.backoff.max.ms = 1000
	retry.backoff.ms = 100
	sasl.client.callback.handler.class = null
	sasl.jaas.config = null
	sasl.kerberos.kinit.cmd = /usr/bin/kinit
	sasl.kerberos.min.time.before.relogin = 60000
	sasl.kerberos.service.name = null
	sasl.kerberos.ticket.renew.jitter = 0.05
	sasl.kerberos.ticket.renew.window.factor = 0.8
	sasl.login.callback.handler.class = null
	sasl.login.class = null
	sasl.login.connect.timeout.ms = null
	sasl.login.read.timeout.ms = null
	sasl.login.refresh.buffer.seconds = 300
	sasl.login.refresh.min.period.seconds = 60
	sasl.login.refresh.window.factor = 0.8
	sasl.login.refresh.window.jitter = 0.05
	sasl.login.retry.backoff.max.ms = 10000
	sasl.login.retry.backoff.ms = 100
	sasl.mechanism = GSSAPI
	sasl.oauthbearer.clock.skew.seconds = 30
	sasl.oauthbearer.expected.audience = null
	sasl.oauthbearer.expected.issuer = null
	sasl.oauthbearer.header.urlencode = false
	sasl.oauthbearer.jwks.endpoint.refresh.ms = 3600000
	sasl.oauthbearer.jwks.endpoint.retry.backoff.max.ms = 10000
	sasl.oauthbearer.jwks.endpoint.retry.backoff.ms = 100
	sasl.oauthbearer.jwks.endpoint.url = null
	sasl.oauthbearer.scope.claim.name = scope
	sasl.oauthbearer.sub.claim.name = sub
	sasl.oauthbearer.token.endpoint.url = null
	security.protocol = PLAINTEXT
	security.providers = null
	send.buffer.bytes = 131072
	socket.connection.setup.timeout.max.ms = 30000
	socket.connection.setup.timeout.ms = 10000
	ssl.cipher.suites = null
	ssl.enabled.protocols = [TLSv1.2, TLSv1.3]
	ssl.endpoint.identification.algorithm = https
	ssl.engine.factory.class = null
	ssl.key.password = null
	ssl.keymanager.algorithm = SunX509
	ssl.keystore.certificate.chain = null
	ssl.keystore.key = null
	ssl.keystore.location = null
	ssl.keystore.password = null
	ssl.keystore.type = JKS
	ssl.protocol = TLSv1.3
	ssl.provider = null
	ssl.secure.random.implementation = null
	ssl.trustmanager.algorithm = PKIX
	ssl.truststore.certificates = null
	ssl.truststore.location = null
	ssl.truststore.password = null
	ssl.truststore.type = JKS
	transaction.timeout.ms = 60000
	transactional.id = null
	value.serializer = class io.confluent.kafka.serializers.KafkaAvroSerializer

2025-07-31 15:54:43,244 INFO  [org.apa.kaf.com.tel.int.KafkaMetricsCollector] (main) initializing Kafka metrics collector
2025-07-31 15:54:43,245 INFO  [io.con.kaf.ser.KafkaAvroSerializerConfig] (main) KafkaAvroSerializerConfig values: 
	auto.register.schemas = false
	avro.reflection.allow.null = false
	avro.remove.java.properties = false
	avro.use.logical.type.converters = false
	basic.auth.credentials.source = URL
	basic.auth.user.info = [hidden]
	bearer.auth.cache.expiry.buffer.seconds = 300
	bearer.auth.client.id = null
	bearer.auth.client.secret = null
	bearer.auth.credentials.source = STATIC_TOKEN
	bearer.auth.custom.provider.class = null
	bearer.auth.identity.pool.id = null
	bearer.auth.issuer.endpoint.url = null
	bearer.auth.logical.cluster = null
	bearer.auth.scope = null
	bearer.auth.scope.claim.name = scope
	bearer.auth.sub.claim.name = sub
	bearer.auth.token = [hidden]
	context.name.strategy = class io.confluent.kafka.serializers.context.NullContextNameStrategy
	http.connect.timeout.ms = 60000
	http.read.timeout.ms = 60000
	id.compatibility.strict = true
	key.subject.name.strategy = class io.confluent.kafka.serializers.subject.TopicNameStrategy
	latest.cache.size = 1000
	latest.cache.ttl.sec = -1
	latest.compatibility.strict = true
	max.retries = 3
	max.schemas.per.subject = 1000
	normalize.schemas = false
	propagate.schema.tags = false
	proxy.host = 
	proxy.port = -1
	retries.max.wait.ms = 20000
	retries.wait.ms = 1000
	rule.actions = []
	rule.executors = []
	rule.service.loader.enable = true
	schema.format = null
	schema.reflection = false
	schema.registry.basic.auth.user.info = [hidden]
	schema.registry.ssl.cipher.suites = null
	schema.registry.ssl.enabled.protocols = [TLSv1.2, TLSv1.3]
	schema.registry.ssl.endpoint.identification.algorithm = https
	schema.registry.ssl.engine.factory.class = null
	schema.registry.ssl.key.password = null
	schema.registry.ssl.keymanager.algorithm = SunX509
	schema.registry.ssl.keystore.certificate.chain = null
	schema.registry.ssl.keystore.key = null
	schema.registry.ssl.keystore.location = null
	schema.registry.ssl.keystore.password = null
	schema.registry.ssl.keystore.type = JKS
	schema.registry.ssl.protocol = TLSv1.3
	schema.registry.ssl.provider = null
	schema.registry.ssl.secure.random.implementation = null
	schema.registry.ssl.trustmanager.algorithm = PKIX
	schema.registry.ssl.truststore.certificates = null
	schema.registry.ssl.truststore.location = null
	schema.registry.ssl.truststore.password = null
	schema.registry.ssl.truststore.type = JKS
	schema.registry.url = [http://registry-app-kafkasql.apps.ci419.apicurio-testing.org:80/apis/ccompat/v7]
	use.latest.version = false
	use.latest.with.metadata = null
	use.schema.id = -1
	value.subject.name.strategy = class io.confluent.kafka.serializers.subject.TopicRecordNameStrategy

2025-07-31 15:54:43,246 INFO  [org.apa.kaf.cli.pro.KafkaProducer] (main) [Producer clientId=Producer-topic-bf55101f_5d2c_48f3_b7cd_bd8f813e2429] Instantiated an idempotent producer.
2025-07-31 15:54:43,248 INFO  [org.apa.kaf.cli.pro.ProducerConfig] (main) These configurations '[schema.registry.url, auto.register.schemas, value.subject.name.strategy]' were supplied but are not used yet.
2025-07-31 15:54:43,248 INFO  [org.apa.kaf.com.uti.AppInfoParser] (main) Kafka version: 3.9.0
2025-07-31 15:54:43,248 INFO  [org.apa.kaf.com.uti.AppInfoParser] (main) Kafka commitId: 84caaa6e9da06435
2025-07-31 15:54:43,248 INFO  [org.apa.kaf.com.uti.AppInfoParser] (main) Kafka startTimeMs: 1753977283248
2025-07-31 15:54:43,249 INFO  [io.api.tes.ser.api.KafkaSerdesTester] (Thread-394) Sending message {"key1": "value-0", "key2": "value-0"} to topic topic-bf55101f_5d2c_48f3_b7cd_bd8f813e2429
2025-07-31 15:54:43,252 INFO  [org.apa.kaf.cli.Metadata] (kafka-producer-network-thread | Producer-topic-bf55101f_5d2c_48f3_b7cd_bd8f813e2429) [Producer clientId=Producer-topic-bf55101f_5d2c_48f3_b7cd_bd8f813e2429] Cluster ID: k5QcScx1TGu5ZEx470RFLw
2025-07-31 15:54:43,252 INFO  [org.apa.kaf.cli.pro.int.TransactionManager] (kafka-producer-network-thread | Producer-topic-bf55101f_5d2c_48f3_b7cd_bd8f813e2429) [Producer clientId=Producer-topic-bf55101f_5d2c_48f3_b7cd_bd8f813e2429] ProducerId set to 45 with epoch 0
2025-07-31 15:54:43,320 INFO  [io.api.tes.ser.api.KafkaSerdesTester] (Thread-394) Sending message {"key1": "value-1", "key2": "value-1"} to topic topic-bf55101f_5d2c_48f3_b7cd_bd8f813e2429
2025-07-31 15:54:43,322 INFO  [io.api.tes.ser.api.KafkaSerdesTester] (Thread-394) Sending message {"key1": "value-2", "key2": "value-2"} to topic topic-bf55101f_5d2c_48f3_b7cd_bd8f813e2429
2025-07-31 15:54:43,323 INFO  [io.api.tes.ser.api.KafkaSerdesTester] (Thread-394) Sending message {"key1": "value-3", "key2": "value-3"} to topic topic-bf55101f_5d2c_48f3_b7cd_bd8f813e2429
2025-07-31 15:54:43,325 INFO  [io.api.tes.ser.api.KafkaSerdesTester] (Thread-394) Sending message {"key1": "value-4", "key2": "value-4"} to topic topic-bf55101f_5d2c_48f3_b7cd_bd8f813e2429
2025-07-31 15:54:43,326 INFO  [io.api.tes.ser.api.KafkaSerdesTester] (Thread-394) Sending message {"key1": "value-5", "key2": "value-5"} to topic topic-bf55101f_5d2c_48f3_b7cd_bd8f813e2429
2025-07-31 15:54:43,327 INFO  [io.api.tes.ser.api.KafkaSerdesTester] (Thread-394) Sending message {"key1": "value-6", "key2": "value-6"} to topic topic-bf55101f_5d2c_48f3_b7cd_bd8f813e2429
2025-07-31 15:54:43,329 INFO  [io.api.tes.ser.api.KafkaSerdesTester] (Thread-394) Sending message {"key1": "value-7", "key2": "value-7"} to topic topic-bf55101f_5d2c_48f3_b7cd_bd8f813e2429
2025-07-31 15:54:43,330 INFO  [io.api.tes.ser.api.KafkaSerdesTester] (Thread-394) Sending message {"key1": "value-8", "key2": "value-8"} to topic topic-bf55101f_5d2c_48f3_b7cd_bd8f813e2429
2025-07-31 15:54:43,331 INFO  [io.api.tes.ser.api.KafkaSerdesTester] (Thread-394) Sending message {"key1": "value-9", "key2": "value-9"} to topic topic-bf55101f_5d2c_48f3_b7cd_bd8f813e2429
2025-07-31 15:54:43,332 INFO  [io.api.tes.ser.api.KafkaSerdesTester] (Thread-394) Produced 10 messages
2025-07-31 15:54:43,332 INFO  [org.apa.kaf.cli.pro.KafkaProducer] (Thread-394) [Producer clientId=Producer-topic-bf55101f_5d2c_48f3_b7cd_bd8f813e2429] Closing the Kafka producer with timeoutMillis = 9223372036854775807 ms.
2025-07-31 15:54:43,334 INFO  [org.apa.kaf.com.met.Metrics] (Thread-394) Metrics scheduler closed
2025-07-31 15:54:43,334 INFO  [org.apa.kaf.com.met.Metrics] (Thread-394) Closing reporter org.apache.kafka.common.metrics.JmxReporter
2025-07-31 15:54:43,334 INFO  [org.apa.kaf.com.met.Metrics] (Thread-394) Closing reporter org.apache.kafka.common.telemetry.internals.ClientTelemetryReporter
2025-07-31 15:54:43,334 INFO  [org.apa.kaf.com.met.Metrics] (Thread-394) Metrics reporters closed
2025-07-31 15:54:43,334 INFO  [org.apa.kaf.com.uti.AppInfoParser] (Thread-394) App info kafka.producer for Producer-topic-bf55101f_5d2c_48f3_b7cd_bd8f813e2429 unregistered
2025-07-31 15:54:43,334 INFO  [org.apa.kaf.cli.pro.ProducerConfig] (main) ProducerConfig values: 
	acks = -1
	auto.include.jmx.reporter = true
	batch.size = 16384
	bootstrap.servers = [PLAINTEXT://localhost:32770]
	buffer.memory = 33554432
	client.dns.lookup = use_all_dns_ips
	client.id = Producer-topic-bf55101f_5d2c_48f3_b7cd_bd8f813e2429
	compression.gzip.level = -1
	compression.lz4.level = 9
	compression.type = none
	compression.zstd.level = 3
	connections.max.idle.ms = 10000
	delivery.timeout.ms = 120000
	enable.idempotence = true
	enable.metrics.push = true
	interceptor.classes = []
	key.serializer = class org.apache.kafka.common.serialization.StringSerializer
	linger.ms = 0
	max.block.ms = 60000
	max.in.flight.requests.per.connection = 5
	max.request.size = 1048576
	metadata.max.age.ms = 300000
	metadata.max.idle.ms = 300000
	metadata.recovery.strategy = none
	metric.reporters = []
	metrics.num.samples = 2
	metrics.recording.level = INFO
	metrics.sample.window.ms = 30000
	partitioner.adaptive.partitioning.enable = true
	partitioner.availability.timeout.ms = 0
	partitioner.class = null
	partitioner.ignore.keys = false
	receive.buffer.bytes = 32768
	reconnect.backoff.max.ms = 1000
	reconnect.backoff.ms = 50
	request.timeout.ms = 5000
	retries = 2147483647
	retry.backoff.max.ms = 1000
	retry.backoff.ms = 100
	sasl.client.callback.handler.class = null
	sasl.jaas.config = null
	sasl.kerberos.kinit.cmd = /usr/bin/kinit
	sasl.kerberos.min.time.before.relogin = 60000
	sasl.kerberos.service.name = null
	sasl.kerberos.ticket.renew.jitter = 0.05
	sasl.kerberos.ticket.renew.window.factor = 0.8
	sasl.login.callback.handler.class = null
	sasl.login.class = null
	sasl.login.connect.timeout.ms = null
	sasl.login.read.timeout.ms = null
	sasl.login.refresh.buffer.seconds = 300
	sasl.login.refresh.min.period.seconds = 60
	sasl.login.refresh.window.factor = 0.8
	sasl.login.refresh.window.jitter = 0.05
	sasl.login.retry.backoff.max.ms = 10000
	sasl.login.retry.backoff.ms = 100
	sasl.mechanism = GSSAPI
	sasl.oauthbearer.clock.skew.seconds = 30
	sasl.oauthbearer.expected.audience = null
	sasl.oauthbearer.expected.issuer = null
	sasl.oauthbearer.header.urlencode = false
	sasl.oauthbearer.jwks.endpoint.refresh.ms = 3600000
	sasl.oauthbearer.jwks.endpoint.retry.backoff.max.ms = 10000
	sasl.oauthbearer.jwks.endpoint.retry.backoff.ms = 100
	sasl.oauthbearer.jwks.endpoint.url = null
	sasl.oauthbearer.scope.claim.name = scope
	sasl.oauthbearer.sub.claim.name = sub
	sasl.oauthbearer.token.endpoint.url = null
	security.protocol = PLAINTEXT
	security.providers = null
	send.buffer.bytes = 131072
	socket.connection.setup.timeout.max.ms = 30000
	socket.connection.setup.timeout.ms = 10000
	ssl.cipher.suites = null
	ssl.enabled.protocols = [TLSv1.2, TLSv1.3]
	ssl.endpoint.identification.algorithm = https
	ssl.engine.factory.class = null
	ssl.key.password = null
	ssl.keymanager.algorithm = SunX509
	ssl.keystore.certificate.chain = null
	ssl.keystore.key = null
	ssl.keystore.location = null
	ssl.keystore.password = null
	ssl.keystore.type = JKS
	ssl.protocol = TLSv1.3
	ssl.provider = null
	ssl.secure.random.implementation = null
	ssl.trustmanager.algorithm = PKIX
	ssl.truststore.certificates = null
	ssl.truststore.location = null
	ssl.truststore.password = null
	ssl.truststore.type = JKS
	transaction.timeout.ms = 60000
	transactional.id = null
	value.serializer = class io.confluent.kafka.serializers.KafkaAvroSerializer

2025-07-31 15:54:43,335 INFO  [org.apa.kaf.com.tel.int.KafkaMetricsCollector] (main) initializing Kafka metrics collector
2025-07-31 15:54:43,335 INFO  [io.con.kaf.ser.KafkaAvroSerializerConfig] (main) KafkaAvroSerializerConfig values: 
	auto.register.schemas = false
	avro.reflection.allow.null = false
	avro.remove.java.properties = false
	avro.use.logical.type.converters = false
	basic.auth.credentials.source = URL
	basic.auth.user.info = [hidden]
	bearer.auth.cache.expiry.buffer.seconds = 300
	bearer.auth.client.id = null
	bearer.auth.client.secret = null
	bearer.auth.credentials.source = STATIC_TOKEN
	bearer.auth.custom.provider.class = null
	bearer.auth.identity.pool.id = null
	bearer.auth.issuer.endpoint.url = null
	bearer.auth.logical.cluster = null
	bearer.auth.scope = null
	bearer.auth.scope.claim.name = scope
	bearer.auth.sub.claim.name = sub
	bearer.auth.token = [hidden]
	context.name.strategy = class io.confluent.kafka.serializers.context.NullContextNameStrategy
	http.connect.timeout.ms = 60000
	http.read.timeout.ms = 60000
	id.compatibility.strict = true
	key.subject.name.strategy = class io.confluent.kafka.serializers.subject.TopicNameStrategy
	latest.cache.size = 1000
	latest.cache.ttl.sec = -1
	latest.compatibility.strict = true
	max.retries = 3
	max.schemas.per.subject = 1000
	normalize.schemas = false
	propagate.schema.tags = false
	proxy.host = 
	proxy.port = -1
	retries.max.wait.ms = 20000
	retries.wait.ms = 1000
	rule.actions = []
	rule.executors = []
	rule.service.loader.enable = true
	schema.format = null
	schema.reflection = false
	schema.registry.basic.auth.user.info = [hidden]
	schema.registry.ssl.cipher.suites = null
	schema.registry.ssl.enabled.protocols = [TLSv1.2, TLSv1.3]
	schema.registry.ssl.endpoint.identification.algorithm = https
	schema.registry.ssl.engine.factory.class = null
	schema.registry.ssl.key.password = null
	schema.registry.ssl.keymanager.algorithm = SunX509
	schema.registry.ssl.keystore.certificate.chain = null
	schema.registry.ssl.keystore.key = null
	schema.registry.ssl.keystore.location = null
	schema.registry.ssl.keystore.password = null
	schema.registry.ssl.keystore.type = JKS
	schema.registry.ssl.protocol = TLSv1.3
	schema.registry.ssl.provider = null
	schema.registry.ssl.secure.random.implementation = null
	schema.registry.ssl.trustmanager.algorithm = PKIX
	schema.registry.ssl.truststore.certificates = null
	schema.registry.ssl.truststore.location = null
	schema.registry.ssl.truststore.password = null
	schema.registry.ssl.truststore.type = JKS
	schema.registry.url = [http://registry-app-kafkasql.apps.ci419.apicurio-testing.org:80/apis/ccompat/v7]
	use.latest.version = false
	use.latest.with.metadata = null
	use.schema.id = -1
	value.subject.name.strategy = class io.confluent.kafka.serializers.subject.TopicRecordNameStrategy

2025-07-31 15:54:43,337 INFO  [org.apa.kaf.cli.pro.KafkaProducer] (main) [Producer clientId=Producer-topic-bf55101f_5d2c_48f3_b7cd_bd8f813e2429] Instantiated an idempotent producer.
2025-07-31 15:54:43,338 INFO  [org.apa.kaf.cli.pro.ProducerConfig] (main) These configurations '[schema.registry.url, auto.register.schemas, value.subject.name.strategy]' were supplied but are not used yet.
2025-07-31 15:54:43,338 INFO  [org.apa.kaf.com.uti.AppInfoParser] (main) Kafka version: 3.9.0
2025-07-31 15:54:43,338 INFO  [org.apa.kaf.com.uti.AppInfoParser] (main) Kafka commitId: 84caaa6e9da06435
2025-07-31 15:54:43,338 INFO  [org.apa.kaf.com.uti.AppInfoParser] (main) Kafka startTimeMs: 1753977283338
2025-07-31 15:54:43,340 INFO  [io.api.tes.ser.api.KafkaSerdesTester] (Thread-395) Sending message {"key1": "value-0"} to topic topic-bf55101f_5d2c_48f3_b7cd_bd8f813e2429
2025-07-31 15:54:43,344 INFO  [org.apa.kaf.cli.Metadata] (kafka-producer-network-thread | Producer-topic-bf55101f_5d2c_48f3_b7cd_bd8f813e2429) [Producer clientId=Producer-topic-bf55101f_5d2c_48f3_b7cd_bd8f813e2429] Cluster ID: k5QcScx1TGu5ZEx470RFLw
2025-07-31 15:54:43,344 INFO  [org.apa.kaf.cli.pro.int.TransactionManager] (kafka-producer-network-thread | Producer-topic-bf55101f_5d2c_48f3_b7cd_bd8f813e2429) [Producer clientId=Producer-topic-bf55101f_5d2c_48f3_b7cd_bd8f813e2429] ProducerId set to 46 with epoch 0
2025-07-31 15:54:43,409 INFO  [io.api.tes.ser.api.KafkaSerdesTester] (Thread-395) Sending message {"key1": "value-1"} to topic topic-bf55101f_5d2c_48f3_b7cd_bd8f813e2429
2025-07-31 15:54:43,410 INFO  [io.api.tes.ser.api.KafkaSerdesTester] (Thread-395) Sending message {"key1": "value-2"} to topic topic-bf55101f_5d2c_48f3_b7cd_bd8f813e2429
2025-07-31 15:54:43,412 INFO  [io.api.tes.ser.api.KafkaSerdesTester] (Thread-395) Sending message {"key1": "value-3"} to topic topic-bf55101f_5d2c_48f3_b7cd_bd8f813e2429
2025-07-31 15:54:43,413 INFO  [io.api.tes.ser.api.KafkaSerdesTester] (Thread-395) Sending message {"key1": "value-4"} to topic topic-bf55101f_5d2c_48f3_b7cd_bd8f813e2429
2025-07-31 15:54:43,414 INFO  [io.api.tes.ser.api.KafkaSerdesTester] (Thread-395) Sending message {"key1": "value-5"} to topic topic-bf55101f_5d2c_48f3_b7cd_bd8f813e2429
2025-07-31 15:54:43,415 INFO  [io.api.tes.ser.api.KafkaSerdesTester] (Thread-395) Sending message {"key1": "value-6"} to topic topic-bf55101f_5d2c_48f3_b7cd_bd8f813e2429
2025-07-31 15:54:43,416 INFO  [io.api.tes.ser.api.KafkaSerdesTester] (Thread-395) Sending message {"key1": "value-7"} to topic topic-bf55101f_5d2c_48f3_b7cd_bd8f813e2429
2025-07-31 15:54:43,418 INFO  [io.api.tes.ser.api.KafkaSerdesTester] (Thread-395) Sending message {"key1": "value-8"} to topic topic-bf55101f_5d2c_48f3_b7cd_bd8f813e2429
2025-07-31 15:54:43,419 INFO  [io.api.tes.ser.api.KafkaSerdesTester] (Thread-395) Sending message {"key1": "value-9"} to topic topic-bf55101f_5d2c_48f3_b7cd_bd8f813e2429
2025-07-31 15:54:43,422 INFO  [io.api.tes.ser.api.KafkaSerdesTester] (Thread-395) Produced 10 messages
2025-07-31 15:54:43,422 INFO  [org.apa.kaf.cli.pro.KafkaProducer] (Thread-395) [Producer clientId=Producer-topic-bf55101f_5d2c_48f3_b7cd_bd8f813e2429] Closing the Kafka producer with timeoutMillis = 9223372036854775807 ms.
2025-07-31 15:54:43,424 INFO  [org.apa.kaf.com.met.Metrics] (Thread-395) Metrics scheduler closed
2025-07-31 15:54:43,424 INFO  [org.apa.kaf.com.met.Metrics] (Thread-395) Closing reporter org.apache.kafka.common.metrics.JmxReporter
2025-07-31 15:54:43,424 INFO  [org.apa.kaf.com.met.Metrics] (Thread-395) Closing reporter org.apache.kafka.common.telemetry.internals.ClientTelemetryReporter
2025-07-31 15:54:43,424 INFO  [org.apa.kaf.com.met.Metrics] (Thread-395) Metrics reporters closed
2025-07-31 15:54:43,424 INFO  [org.apa.kaf.com.uti.AppInfoParser] (Thread-395) App info kafka.producer for Producer-topic-bf55101f_5d2c_48f3_b7cd_bd8f813e2429 unregistered
2025-07-31 15:54:43,424 INFO  [org.apa.kaf.cli.con.ConsumerConfig] (main) ConsumerConfig values: 
	allow.auto.create.topics = true
	auto.commit.interval.ms = 500
	auto.include.jmx.reporter = true
	auto.offset.reset = earliest
	bootstrap.servers = [PLAINTEXT://localhost:32770]
	check.crcs = true
	client.dns.lookup = use_all_dns_ips
	client.id = consumer-Consumer-topic-bf55101f_5d2c_48f3_b7cd_bd8f813e2429-35
	client.rack = 
	connections.max.idle.ms = 10000
	default.api.timeout.ms = 60000
	enable.auto.commit = true
	enable.metrics.push = true
	exclude.internal.topics = true
	fetch.max.bytes = 52428800
	fetch.max.wait.ms = 500
	fetch.min.bytes = 1
	group.id = Consumer-topic-bf55101f_5d2c_48f3_b7cd_bd8f813e2429
	group.instance.id = null
	group.protocol = classic
	group.remote.assignor = null
	heartbeat.interval.ms = 3000
	interceptor.classes = []
	internal.leave.group.on.close = true
	internal.throw.on.fetch.stable.offset.unsupported = false
	isolation.level = read_uncommitted
	key.deserializer = class org.apache.kafka.common.serialization.StringDeserializer
	max.partition.fetch.bytes = 1048576
	max.poll.interval.ms = 300000
	max.poll.records = 500
	metadata.max.age.ms = 300000
	metadata.recovery.strategy = none
	metric.reporters = []
	metrics.num.samples = 2
	metrics.recording.level = INFO
	metrics.sample.window.ms = 30000
	partition.assignment.strategy = [class org.apache.kafka.clients.consumer.RangeAssignor, class org.apache.kafka.clients.consumer.CooperativeStickyAssignor]
	receive.buffer.bytes = 65536
	reconnect.backoff.max.ms = 1000
	reconnect.backoff.ms = 50
	request.timeout.ms = 5000
	retry.backoff.max.ms = 1000
	retry.backoff.ms = 100
	sasl.client.callback.handler.class = null
	sasl.jaas.config = null
	sasl.kerberos.kinit.cmd = /usr/bin/kinit
	sasl.kerberos.min.time.before.relogin = 60000
	sasl.kerberos.service.name = null
	sasl.kerberos.ticket.renew.jitter = 0.05
	sasl.kerberos.ticket.renew.window.factor = 0.8
	sasl.login.callback.handler.class = null
	sasl.login.class = null
	sasl.login.connect.timeout.ms = null
	sasl.login.read.timeout.ms = null
	sasl.login.refresh.buffer.seconds = 300
	sasl.login.refresh.min.period.seconds = 60
	sasl.login.refresh.window.factor = 0.8
	sasl.login.refresh.window.jitter = 0.05
	sasl.login.retry.backoff.max.ms = 10000
	sasl.login.retry.backoff.ms = 100
	sasl.mechanism = GSSAPI
	sasl.oauthbearer.clock.skew.seconds = 30
	sasl.oauthbearer.expected.audience = null
	sasl.oauthbearer.expected.issuer = null
	sasl.oauthbearer.header.urlencode = false
	sasl.oauthbearer.jwks.endpoint.refresh.ms = 3600000
	sasl.oauthbearer.jwks.endpoint.retry.backoff.max.ms = 10000
	sasl.oauthbearer.jwks.endpoint.retry.backoff.ms = 100
	sasl.oauthbearer.jwks.endpoint.url = null
	sasl.oauthbearer.scope.claim.name = scope
	sasl.oauthbearer.sub.claim.name = sub
	sasl.oauthbearer.token.endpoint.url = null
	security.protocol = PLAINTEXT
	security.providers = null
	send.buffer.bytes = 131072
	session.timeout.ms = 45000
	socket.connection.setup.timeout.max.ms = 30000
	socket.connection.setup.timeout.ms = 10000
	ssl.cipher.suites = null
	ssl.enabled.protocols = [TLSv1.2, TLSv1.3]
	ssl.endpoint.identification.algorithm = https
	ssl.engine.factory.class = null
	ssl.key.password = null
	ssl.keymanager.algorithm = SunX509
	ssl.keystore.certificate.chain = null
	ssl.keystore.key = null
	ssl.keystore.location = null
	ssl.keystore.password = null
	ssl.keystore.type = JKS
	ssl.protocol = TLSv1.3
	ssl.provider = null
	ssl.secure.random.implementation = null
	ssl.trustmanager.algorithm = PKIX
	ssl.truststore.certificates = null
	ssl.truststore.location = null
	ssl.truststore.password = null
	ssl.truststore.type = JKS
	value.deserializer = class io.confluent.kafka.serializers.KafkaAvroDeserializer

2025-07-31 15:54:43,425 INFO  [org.apa.kaf.com.tel.int.KafkaMetricsCollector] (main) initializing Kafka metrics collector
2025-07-31 15:54:43,425 INFO  [io.con.kaf.ser.KafkaAvroDeserializerConfig] (main) KafkaAvroDeserializerConfig values: 
	auto.register.schemas = true
	avro.reflection.allow.null = false
	avro.use.logical.type.converters = false
	basic.auth.credentials.source = URL
	basic.auth.user.info = [hidden]
	bearer.auth.cache.expiry.buffer.seconds = 300
	bearer.auth.client.id = null
	bearer.auth.client.secret = null
	bearer.auth.credentials.source = STATIC_TOKEN
	bearer.auth.custom.provider.class = null
	bearer.auth.identity.pool.id = null
	bearer.auth.issuer.endpoint.url = null
	bearer.auth.logical.cluster = null
	bearer.auth.scope = null
	bearer.auth.scope.claim.name = scope
	bearer.auth.sub.claim.name = sub
	bearer.auth.token = [hidden]
	context.name.strategy = class io.confluent.kafka.serializers.context.NullContextNameStrategy
	http.connect.timeout.ms = 60000
	http.read.timeout.ms = 60000
	id.compatibility.strict = true
	key.subject.name.strategy = class io.confluent.kafka.serializers.subject.TopicNameStrategy
	latest.cache.size = 1000
	latest.cache.ttl.sec = -1
	latest.compatibility.strict = true
	max.retries = 3
	max.schemas.per.subject = 1000
	normalize.schemas = false
	propagate.schema.tags = false
	proxy.host = 
	proxy.port = -1
	retries.max.wait.ms = 20000
	retries.wait.ms = 1000
	rule.actions = []
	rule.executors = []
	rule.service.loader.enable = true
	schema.format = null
	schema.reflection = false
	schema.registry.basic.auth.user.info = [hidden]
	schema.registry.ssl.cipher.suites = null
	schema.registry.ssl.enabled.protocols = [TLSv1.2, TLSv1.3]
	schema.registry.ssl.endpoint.identification.algorithm = https
	schema.registry.ssl.engine.factory.class = null
	schema.registry.ssl.key.password = null
	schema.registry.ssl.keymanager.algorithm = SunX509
	schema.registry.ssl.keystore.certificate.chain = null
	schema.registry.ssl.keystore.key = null
	schema.registry.ssl.keystore.location = null
	schema.registry.ssl.keystore.password = null
	schema.registry.ssl.keystore.type = JKS
	schema.registry.ssl.protocol = TLSv1.3
	schema.registry.ssl.provider = null
	schema.registry.ssl.secure.random.implementation = null
	schema.registry.ssl.trustmanager.algorithm = PKIX
	schema.registry.ssl.truststore.certificates = null
	schema.registry.ssl.truststore.location = null
	schema.registry.ssl.truststore.password = null
	schema.registry.ssl.truststore.type = JKS
	schema.registry.url = [http://registry-app-kafkasql.apps.ci419.apicurio-testing.org:80/apis/ccompat/v7]
	specific.avro.key.type = null
	specific.avro.reader = false
	specific.avro.value.type = null
	use.latest.version = false
	use.latest.with.metadata = null
	use.schema.id = -1
	value.subject.name.strategy = class io.confluent.kafka.serializers.subject.TopicNameStrategy

2025-07-31 15:54:43,425 INFO  [io.con.kaf.ser.KafkaAvroDeserializerConfig] (main) KafkaAvroDeserializerConfig values: 
	auto.register.schemas = true
	avro.reflection.allow.null = false
	avro.use.logical.type.converters = false
	basic.auth.credentials.source = URL
	basic.auth.user.info = [hidden]
	bearer.auth.cache.expiry.buffer.seconds = 300
	bearer.auth.client.id = null
	bearer.auth.client.secret = null
	bearer.auth.credentials.source = STATIC_TOKEN
	bearer.auth.custom.provider.class = null
	bearer.auth.identity.pool.id = null
	bearer.auth.issuer.endpoint.url = null
	bearer.auth.logical.cluster = null
	bearer.auth.scope = null
	bearer.auth.scope.claim.name = scope
	bearer.auth.sub.claim.name = sub
	bearer.auth.token = [hidden]
	context.name.strategy = class io.confluent.kafka.serializers.context.NullContextNameStrategy
	http.connect.timeout.ms = 60000
	http.read.timeout.ms = 60000
	id.compatibility.strict = true
	key.subject.name.strategy = class io.confluent.kafka.serializers.subject.TopicNameStrategy
	latest.cache.size = 1000
	latest.cache.ttl.sec = -1
	latest.compatibility.strict = true
	max.retries = 3
	max.schemas.per.subject = 1000
	normalize.schemas = false
	propagate.schema.tags = false
	proxy.host = 
	proxy.port = -1
	retries.max.wait.ms = 20000
	retries.wait.ms = 1000
	rule.actions = []
	rule.executors = []
	rule.service.loader.enable = true
	schema.format = null
	schema.reflection = false
	schema.registry.basic.auth.user.info = [hidden]
	schema.registry.ssl.cipher.suites = null
	schema.registry.ssl.enabled.protocols = [TLSv1.2, TLSv1.3]
	schema.registry.ssl.endpoint.identification.algorithm = https
	schema.registry.ssl.engine.factory.class = null
	schema.registry.ssl.key.password = null
	schema.registry.ssl.keymanager.algorithm = SunX509
	schema.registry.ssl.keystore.certificate.chain = null
	schema.registry.ssl.keystore.key = null
	schema.registry.ssl.keystore.location = null
	schema.registry.ssl.keystore.password = null
	schema.registry.ssl.keystore.type = JKS
	schema.registry.ssl.protocol = TLSv1.3
	schema.registry.ssl.provider = null
	schema.registry.ssl.secure.random.implementation = null
	schema.registry.ssl.trustmanager.algorithm = PKIX
	schema.registry.ssl.truststore.certificates = null
	schema.registry.ssl.truststore.location = null
	schema.registry.ssl.truststore.password = null
	schema.registry.ssl.truststore.type = JKS
	schema.registry.url = [http://registry-app-kafkasql.apps.ci419.apicurio-testing.org:80/apis/ccompat/v7]
	specific.avro.key.type = null
	specific.avro.reader = false
	specific.avro.value.type = null
	use.latest.version = false
	use.latest.with.metadata = null
	use.schema.id = -1
	value.subject.name.strategy = class io.confluent.kafka.serializers.subject.TopicNameStrategy

2025-07-31 15:54:43,429 INFO  [org.apa.kaf.cli.con.ConsumerConfig] (main) These configurations '[schema.registry.url]' were supplied but are not used yet.
2025-07-31 15:54:43,429 INFO  [org.apa.kaf.com.uti.AppInfoParser] (main) Kafka version: 3.9.0
2025-07-31 15:54:43,429 INFO  [org.apa.kaf.com.uti.AppInfoParser] (main) Kafka commitId: 84caaa6e9da06435
2025-07-31 15:54:43,429 INFO  [org.apa.kaf.com.uti.AppInfoParser] (main) Kafka startTimeMs: 1753977283429
2025-07-31 15:54:43,429 INFO  [org.apa.kaf.cli.con.int.ClassicKafkaConsumer] (Thread-396) [Consumer clientId=consumer-Consumer-topic-bf55101f_5d2c_48f3_b7cd_bd8f813e2429-35, groupId=Consumer-topic-bf55101f_5d2c_48f3_b7cd_bd8f813e2429] Subscribed to topic(s): topic-bf55101f_5d2c_48f3_b7cd_bd8f813e2429
2025-07-31 15:54:43,432 INFO  [org.apa.kaf.cli.Metadata] (Thread-396) [Consumer clientId=consumer-Consumer-topic-bf55101f_5d2c_48f3_b7cd_bd8f813e2429-35, groupId=Consumer-topic-bf55101f_5d2c_48f3_b7cd_bd8f813e2429] Cluster ID: k5QcScx1TGu5ZEx470RFLw
2025-07-31 15:54:43,433 INFO  [org.apa.kaf.cli.con.int.ConsumerCoordinator] (Thread-396) [Consumer clientId=consumer-Consumer-topic-bf55101f_5d2c_48f3_b7cd_bd8f813e2429-35, groupId=Consumer-topic-bf55101f_5d2c_48f3_b7cd_bd8f813e2429] Discovered group coordinator localhost:32770 (id: 2147483647 rack: null)
2025-07-31 15:54:43,434 INFO  [org.apa.kaf.cli.con.int.ConsumerCoordinator] (Thread-396) [Consumer clientId=consumer-Consumer-topic-bf55101f_5d2c_48f3_b7cd_bd8f813e2429-35, groupId=Consumer-topic-bf55101f_5d2c_48f3_b7cd_bd8f813e2429] (Re-)joining group
2025-07-31 15:54:43,436 INFO  [org.apa.kaf.cli.con.int.ConsumerCoordinator] (Thread-396) [Consumer clientId=consumer-Consumer-topic-bf55101f_5d2c_48f3_b7cd_bd8f813e2429-35, groupId=Consumer-topic-bf55101f_5d2c_48f3_b7cd_bd8f813e2429] Request joining group due to: need to re-join with the given member-id: consumer-Consumer-topic-bf55101f_5d2c_48f3_b7cd_bd8f813e2429-35-9478e5c1-5ced-4013-b72f-61a0ee201665
2025-07-31 15:54:43,436 INFO  [org.apa.kaf.cli.con.int.ConsumerCoordinator] (Thread-396) [Consumer clientId=consumer-Consumer-topic-bf55101f_5d2c_48f3_b7cd_bd8f813e2429-35, groupId=Consumer-topic-bf55101f_5d2c_48f3_b7cd_bd8f813e2429] (Re-)joining group
2025-07-31 15:54:43,437 INFO  [org.apa.kaf.cli.con.int.ConsumerCoordinator] (Thread-396) [Consumer clientId=consumer-Consumer-topic-bf55101f_5d2c_48f3_b7cd_bd8f813e2429-35, groupId=Consumer-topic-bf55101f_5d2c_48f3_b7cd_bd8f813e2429] Successfully joined group with generation Generation{generationId=3, memberId='consumer-Consumer-topic-bf55101f_5d2c_48f3_b7cd_bd8f813e2429-35-9478e5c1-5ced-4013-b72f-61a0ee201665', protocol='range'}
2025-07-31 15:54:43,438 INFO  [org.apa.kaf.cli.con.int.ConsumerCoordinator] (Thread-396) [Consumer clientId=consumer-Consumer-topic-bf55101f_5d2c_48f3_b7cd_bd8f813e2429-35, groupId=Consumer-topic-bf55101f_5d2c_48f3_b7cd_bd8f813e2429] Finished assignment for group at generation 3: {consumer-Consumer-topic-bf55101f_5d2c_48f3_b7cd_bd8f813e2429-35-9478e5c1-5ced-4013-b72f-61a0ee201665=Assignment(partitions=[topic-bf55101f_5d2c_48f3_b7cd_bd8f813e2429-0])}
2025-07-31 15:54:43,439 INFO  [org.apa.kaf.cli.con.int.ConsumerCoordinator] (Thread-396) [Consumer clientId=consumer-Consumer-topic-bf55101f_5d2c_48f3_b7cd_bd8f813e2429-35, groupId=Consumer-topic-bf55101f_5d2c_48f3_b7cd_bd8f813e2429] Successfully synced group in generation Generation{generationId=3, memberId='consumer-Consumer-topic-bf55101f_5d2c_48f3_b7cd_bd8f813e2429-35-9478e5c1-5ced-4013-b72f-61a0ee201665', protocol='range'}
2025-07-31 15:54:43,439 INFO  [org.apa.kaf.cli.con.int.ConsumerCoordinator] (Thread-396) [Consumer clientId=consumer-Consumer-topic-bf55101f_5d2c_48f3_b7cd_bd8f813e2429-35, groupId=Consumer-topic-bf55101f_5d2c_48f3_b7cd_bd8f813e2429] Notifying assignor about the new Assignment(partitions=[topic-bf55101f_5d2c_48f3_b7cd_bd8f813e2429-0])
2025-07-31 15:54:43,440 INFO  [org.apa.kaf.cli.con.int.ConsumerRebalanceListenerInvoker] (Thread-396) [Consumer clientId=consumer-Consumer-topic-bf55101f_5d2c_48f3_b7cd_bd8f813e2429-35, groupId=Consumer-topic-bf55101f_5d2c_48f3_b7cd_bd8f813e2429] Adding newly assigned partitions: topic-bf55101f_5d2c_48f3_b7cd_bd8f813e2429-0
2025-07-31 15:54:43,444 INFO  [org.apa.kaf.cli.con.int.ConsumerUtils] (Thread-396) Setting offset for partition topic-bf55101f_5d2c_48f3_b7cd_bd8f813e2429-0 to the committed offset FetchPosition{offset=10, offsetEpoch=Optional[0], currentLeader=LeaderAndEpoch{leader=Optional[localhost:32770 (id: 0 rack: null)], epoch=0}}
2025-07-31 15:54:43,578 INFO  [io.api.tes.ser.api.KafkaSerdesTester] (Thread-396) topic-bf55101f_5d2c_48f3_b7cd_bd8f813e2429 0 10 {"key1": "value-0", "key2": "value-0"}
2025-07-31 15:54:43,578 INFO  [io.api.tes.ser.api.KafkaSerdesTester] (Thread-396) topic-bf55101f_5d2c_48f3_b7cd_bd8f813e2429 0 11 {"key1": "value-1", "key2": "value-1"}
2025-07-31 15:54:43,578 INFO  [io.api.tes.ser.api.KafkaSerdesTester] (Thread-396) topic-bf55101f_5d2c_48f3_b7cd_bd8f813e2429 0 12 {"key1": "value-2", "key2": "value-2"}
2025-07-31 15:54:43,578 INFO  [io.api.tes.ser.api.KafkaSerdesTester] (Thread-396) topic-bf55101f_5d2c_48f3_b7cd_bd8f813e2429 0 13 {"key1": "value-3", "key2": "value-3"}
2025-07-31 15:54:43,578 INFO  [io.api.tes.ser.api.KafkaSerdesTester] (Thread-396) topic-bf55101f_5d2c_48f3_b7cd_bd8f813e2429 0 14 {"key1": "value-4", "key2": "value-4"}
2025-07-31 15:54:43,578 INFO  [io.api.tes.ser.api.KafkaSerdesTester] (Thread-396) topic-bf55101f_5d2c_48f3_b7cd_bd8f813e2429 0 15 {"key1": "value-5", "key2": "value-5"}
2025-07-31 15:54:43,578 INFO  [io.api.tes.ser.api.KafkaSerdesTester] (Thread-396) topic-bf55101f_5d2c_48f3_b7cd_bd8f813e2429 0 16 {"key1": "value-6", "key2": "value-6"}
2025-07-31 15:54:43,578 INFO  [io.api.tes.ser.api.KafkaSerdesTester] (Thread-396) topic-bf55101f_5d2c_48f3_b7cd_bd8f813e2429 0 17 {"key1": "value-7", "key2": "value-7"}
2025-07-31 15:54:43,578 INFO  [io.api.tes.ser.api.KafkaSerdesTester] (Thread-396) topic-bf55101f_5d2c_48f3_b7cd_bd8f813e2429 0 18 {"key1": "value-8", "key2": "value-8"}
2025-07-31 15:54:43,578 INFO  [io.api.tes.ser.api.KafkaSerdesTester] (Thread-396) topic-bf55101f_5d2c_48f3_b7cd_bd8f813e2429 0 19 {"key1": "value-9", "key2": "value-9"}
2025-07-31 15:54:43,578 INFO  [io.api.tes.ser.api.KafkaSerdesTester] (Thread-396) topic-bf55101f_5d2c_48f3_b7cd_bd8f813e2429 0 20 {"key1": "value-0"}
2025-07-31 15:54:43,579 INFO  [io.api.tes.ser.api.KafkaSerdesTester] (Thread-396) topic-bf55101f_5d2c_48f3_b7cd_bd8f813e2429 0 21 {"key1": "value-1"}
2025-07-31 15:54:43,579 INFO  [io.api.tes.ser.api.KafkaSerdesTester] (Thread-396) topic-bf55101f_5d2c_48f3_b7cd_bd8f813e2429 0 22 {"key1": "value-2"}
2025-07-31 15:54:43,579 INFO  [io.api.tes.ser.api.KafkaSerdesTester] (Thread-396) topic-bf55101f_5d2c_48f3_b7cd_bd8f813e2429 0 23 {"key1": "value-3"}
2025-07-31 15:54:43,579 INFO  [io.api.tes.ser.api.KafkaSerdesTester] (Thread-396) topic-bf55101f_5d2c_48f3_b7cd_bd8f813e2429 0 24 {"key1": "value-4"}
2025-07-31 15:54:43,580 INFO  [io.api.tes.ser.api.KafkaSerdesTester] (Thread-396) topic-bf55101f_5d2c_48f3_b7cd_bd8f813e2429 0 25 {"key1": "value-5"}
2025-07-31 15:54:43,580 INFO  [io.api.tes.ser.api.KafkaSerdesTester] (Thread-396) topic-bf55101f_5d2c_48f3_b7cd_bd8f813e2429 0 26 {"key1": "value-6"}
2025-07-31 15:54:43,580 INFO  [io.api.tes.ser.api.KafkaSerdesTester] (Thread-396) topic-bf55101f_5d2c_48f3_b7cd_bd8f813e2429 0 27 {"key1": "value-7"}
2025-07-31 15:54:43,580 INFO  [io.api.tes.ser.api.KafkaSerdesTester] (Thread-396) topic-bf55101f_5d2c_48f3_b7cd_bd8f813e2429 0 28 {"key1": "value-8"}
2025-07-31 15:54:43,580 INFO  [io.api.tes.ser.api.KafkaSerdesTester] (Thread-396) topic-bf55101f_5d2c_48f3_b7cd_bd8f813e2429 0 29 {"key1": "value-9"}
2025-07-31 15:54:43,580 INFO  [io.api.tes.ser.api.KafkaSerdesTester] (Thread-396) Consumed 20 messages
2025-07-31 15:54:43,582 INFO  [org.apa.kaf.cli.con.int.ConsumerRebalanceListenerInvoker] (Thread-396) [Consumer clientId=consumer-Consumer-topic-bf55101f_5d2c_48f3_b7cd_bd8f813e2429-35, groupId=Consumer-topic-bf55101f_5d2c_48f3_b7cd_bd8f813e2429] Revoke previously assigned partitions topic-bf55101f_5d2c_48f3_b7cd_bd8f813e2429-0
2025-07-31 15:54:43,582 INFO  [org.apa.kaf.cli.con.int.ConsumerCoordinator] (Thread-396) [Consumer clientId=consumer-Consumer-topic-bf55101f_5d2c_48f3_b7cd_bd8f813e2429-35, groupId=Consumer-topic-bf55101f_5d2c_48f3_b7cd_bd8f813e2429] Member consumer-Consumer-topic-bf55101f_5d2c_48f3_b7cd_bd8f813e2429-35-9478e5c1-5ced-4013-b72f-61a0ee201665 sending LeaveGroup request to coordinator localhost:32770 (id: 2147483647 rack: null) due to the consumer is being closed
2025-07-31 15:54:43,582 INFO  [org.apa.kaf.cli.con.int.ConsumerCoordinator] (Thread-396) [Consumer clientId=consumer-Consumer-topic-bf55101f_5d2c_48f3_b7cd_bd8f813e2429-35, groupId=Consumer-topic-bf55101f_5d2c_48f3_b7cd_bd8f813e2429] Resetting generation and member id due to: consumer pro-actively leaving the group
2025-07-31 15:54:43,582 INFO  [org.apa.kaf.cli.con.int.ConsumerCoordinator] (Thread-396) [Consumer clientId=consumer-Consumer-topic-bf55101f_5d2c_48f3_b7cd_bd8f813e2429-35, groupId=Consumer-topic-bf55101f_5d2c_48f3_b7cd_bd8f813e2429] Request joining group due to: consumer pro-actively leaving the group
2025-07-31 15:54:44,080 INFO  [org.apa.kaf.com.met.Metrics] (Thread-396) Metrics scheduler closed
2025-07-31 15:54:44,081 INFO  [org.apa.kaf.com.met.Metrics] (Thread-396) Closing reporter org.apache.kafka.common.metrics.JmxReporter
2025-07-31 15:54:44,081 INFO  [org.apa.kaf.com.met.Metrics] (Thread-396) Closing reporter org.apache.kafka.common.telemetry.internals.ClientTelemetryReporter
2025-07-31 15:54:44,081 INFO  [org.apa.kaf.com.met.Metrics] (Thread-396) Metrics reporters closed
2025-07-31 15:54:44,097 INFO  [org.apa.kaf.com.uti.AppInfoParser] (Thread-396) App info kafka.consumer for consumer-Consumer-topic-bf55101f_5d2c_48f3_b7cd_bd8f813e2429-35 unregistered
2025-07-31 15:54:45,251 INFO  [org.apa.kaf.cli.pro.ProducerConfig] (main) ProducerConfig values: 
	acks = -1
	auto.include.jmx.reporter = true
	batch.size = 16384
	bootstrap.servers = [PLAINTEXT://localhost:32770]
	buffer.memory = 33554432
	client.dns.lookup = use_all_dns_ips
	client.id = Producer-topic-bf55101f_5d2c_48f3_b7cd_bd8f813e2429
	compression.gzip.level = -1
	compression.lz4.level = 9
	compression.type = none
	compression.zstd.level = 3
	connections.max.idle.ms = 10000
	delivery.timeout.ms = 120000
	enable.idempotence = true
	enable.metrics.push = true
	interceptor.classes = []
	key.serializer = class org.apache.kafka.common.serialization.StringSerializer
	linger.ms = 0
	max.block.ms = 60000
	max.in.flight.requests.per.connection = 5
	max.request.size = 1048576
	metadata.max.age.ms = 300000
	metadata.max.idle.ms = 300000
	metadata.recovery.strategy = none
	metric.reporters = []
	metrics.num.samples = 2
	metrics.recording.level = INFO
	metrics.sample.window.ms = 30000
	partitioner.adaptive.partitioning.enable = true
	partitioner.availability.timeout.ms = 0
	partitioner.class = null
	partitioner.ignore.keys = false
	receive.buffer.bytes = 32768
	reconnect.backoff.max.ms = 1000
	reconnect.backoff.ms = 50
	request.timeout.ms = 5000
	retries = 2147483647
	retry.backoff.max.ms = 1000
	retry.backoff.ms = 100
	sasl.client.callback.handler.class = null
	sasl.jaas.config = null
	sasl.kerberos.kinit.cmd = /usr/bin/kinit
	sasl.kerberos.min.time.before.relogin = 60000
	sasl.kerberos.service.name = null
	sasl.kerberos.ticket.renew.jitter = 0.05
	sasl.kerberos.ticket.renew.window.factor = 0.8
	sasl.login.callback.handler.class = null
	sasl.login.class = null
	sasl.login.connect.timeout.ms = null
	sasl.login.read.timeout.ms = null
	sasl.login.refresh.buffer.seconds = 300
	sasl.login.refresh.min.period.seconds = 60
	sasl.login.refresh.window.factor = 0.8
	sasl.login.refresh.window.jitter = 0.05
	sasl.login.retry.backoff.max.ms = 10000
	sasl.login.retry.backoff.ms = 100
	sasl.mechanism = GSSAPI
	sasl.oauthbearer.clock.skew.seconds = 30
	sasl.oauthbearer.expected.audience = null
	sasl.oauthbearer.expected.issuer = null
	sasl.oauthbearer.header.urlencode = false
	sasl.oauthbearer.jwks.endpoint.refresh.ms = 3600000
	sasl.oauthbearer.jwks.endpoint.retry.backoff.max.ms = 10000
	sasl.oauthbearer.jwks.endpoint.retry.backoff.ms = 100
	sasl.oauthbearer.jwks.endpoint.url = null
	sasl.oauthbearer.scope.claim.name = scope
	sasl.oauthbearer.sub.claim.name = sub
	sasl.oauthbearer.token.endpoint.url = null
	security.protocol = PLAINTEXT
	security.providers = null
	send.buffer.bytes = 131072
	socket.connection.setup.timeout.max.ms = 30000
	socket.connection.setup.timeout.ms = 10000
	ssl.cipher.suites = null
	ssl.enabled.protocols = [TLSv1.2, TLSv1.3]
	ssl.endpoint.identification.algorithm = https
	ssl.engine.factory.class = null
	ssl.key.password = null
	ssl.keymanager.algorithm = SunX509
	ssl.keystore.certificate.chain = null
	ssl.keystore.key = null
	ssl.keystore.location = null
	ssl.keystore.password = null
	ssl.keystore.type = JKS
	ssl.protocol = TLSv1.3
	ssl.provider = null
	ssl.secure.random.implementation = null
	ssl.trustmanager.algorithm = PKIX
	ssl.truststore.certificates = null
	ssl.truststore.location = null
	ssl.truststore.password = null
	ssl.truststore.type = JKS
	transaction.timeout.ms = 60000
	transactional.id = null
	value.serializer = class io.confluent.kafka.serializers.KafkaAvroSerializer

2025-07-31 15:54:45,251 INFO  [org.apa.kaf.com.tel.int.KafkaMetricsCollector] (main) initializing Kafka metrics collector
2025-07-31 15:54:45,251 INFO  [io.con.kaf.ser.KafkaAvroSerializerConfig] (main) KafkaAvroSerializerConfig values: 
	auto.register.schemas = false
	avro.reflection.allow.null = false
	avro.remove.java.properties = false
	avro.use.logical.type.converters = false
	basic.auth.credentials.source = URL
	basic.auth.user.info = [hidden]
	bearer.auth.cache.expiry.buffer.seconds = 300
	bearer.auth.client.id = null
	bearer.auth.client.secret = null
	bearer.auth.credentials.source = STATIC_TOKEN
	bearer.auth.custom.provider.class = null
	bearer.auth.identity.pool.id = null
	bearer.auth.issuer.endpoint.url = null
	bearer.auth.logical.cluster = null
	bearer.auth.scope = null
	bearer.auth.scope.claim.name = scope
	bearer.auth.sub.claim.name = sub
	bearer.auth.token = [hidden]
	context.name.strategy = class io.confluent.kafka.serializers.context.NullContextNameStrategy
	http.connect.timeout.ms = 60000
	http.read.timeout.ms = 60000
	id.compatibility.strict = true
	key.subject.name.strategy = class io.confluent.kafka.serializers.subject.TopicNameStrategy
	latest.cache.size = 1000
	latest.cache.ttl.sec = -1
	latest.compatibility.strict = true
	max.retries = 3
	max.schemas.per.subject = 1000
	normalize.schemas = false
	propagate.schema.tags = false
	proxy.host = 
	proxy.port = -1
	retries.max.wait.ms = 20000
	retries.wait.ms = 1000
	rule.actions = []
	rule.executors = []
	rule.service.loader.enable = true
	schema.format = null
	schema.reflection = false
	schema.registry.basic.auth.user.info = [hidden]
	schema.registry.ssl.cipher.suites = null
	schema.registry.ssl.enabled.protocols = [TLSv1.2, TLSv1.3]
	schema.registry.ssl.endpoint.identification.algorithm = https
	schema.registry.ssl.engine.factory.class = null
	schema.registry.ssl.key.password = null
	schema.registry.ssl.keymanager.algorithm = SunX509
	schema.registry.ssl.keystore.certificate.chain = null
	schema.registry.ssl.keystore.key = null
	schema.registry.ssl.keystore.location = null
	schema.registry.ssl.keystore.password = null
	schema.registry.ssl.keystore.type = JKS
	schema.registry.ssl.protocol = TLSv1.3
	schema.registry.ssl.provider = null
	schema.registry.ssl.secure.random.implementation = null
	schema.registry.ssl.trustmanager.algorithm = PKIX
	schema.registry.ssl.truststore.certificates = null
	schema.registry.ssl.truststore.location = null
	schema.registry.ssl.truststore.password = null
	schema.registry.ssl.truststore.type = JKS
	schema.registry.url = [http://registry-app-kafkasql.apps.ci419.apicurio-testing.org:80/apis/ccompat/v7]
	use.latest.version = false
	use.latest.with.metadata = null
	use.schema.id = -1
	value.subject.name.strategy = class io.confluent.kafka.serializers.subject.TopicRecordNameStrategy

2025-07-31 15:54:45,253 INFO  [org.apa.kaf.cli.pro.KafkaProducer] (main) [Producer clientId=Producer-topic-bf55101f_5d2c_48f3_b7cd_bd8f813e2429] Instantiated an idempotent producer.
2025-07-31 15:54:45,254 INFO  [org.apa.kaf.cli.pro.ProducerConfig] (main) These configurations '[schema.registry.url, auto.register.schemas, value.subject.name.strategy]' were supplied but are not used yet.
2025-07-31 15:54:45,254 INFO  [org.apa.kaf.com.uti.AppInfoParser] (main) Kafka version: 3.9.0
2025-07-31 15:54:45,254 INFO  [org.apa.kaf.com.uti.AppInfoParser] (main) Kafka commitId: 84caaa6e9da06435
2025-07-31 15:54:45,254 INFO  [org.apa.kaf.com.uti.AppInfoParser] (main) Kafka startTimeMs: 1753977285254
2025-07-31 15:54:45,255 INFO  [io.api.tes.ser.api.KafkaSerdesTester] (Thread-397) Sending message {"key1": "value-0", "key2": "value-0", "key3": "value-0"} to topic topic-bf55101f_5d2c_48f3_b7cd_bd8f813e2429
2025-07-31 15:54:45,258 INFO  [org.apa.kaf.cli.Metadata] (kafka-producer-network-thread | Producer-topic-bf55101f_5d2c_48f3_b7cd_bd8f813e2429) [Producer clientId=Producer-topic-bf55101f_5d2c_48f3_b7cd_bd8f813e2429] Cluster ID: k5QcScx1TGu5ZEx470RFLw
2025-07-31 15:54:45,259 INFO  [org.apa.kaf.cli.pro.int.TransactionManager] (kafka-producer-network-thread | Producer-topic-bf55101f_5d2c_48f3_b7cd_bd8f813e2429) [Producer clientId=Producer-topic-bf55101f_5d2c_48f3_b7cd_bd8f813e2429] ProducerId set to 47 with epoch 0
2025-07-31 15:54:45,326 INFO  [io.api.tes.ser.api.KafkaSerdesTester] (Thread-397) Sending message {"key1": "value-1", "key2": "value-1", "key3": "value-1"} to topic topic-bf55101f_5d2c_48f3_b7cd_bd8f813e2429
2025-07-31 15:54:45,327 INFO  [io.api.tes.ser.api.KafkaSerdesTester] (Thread-397) Sending message {"key1": "value-2", "key2": "value-2", "key3": "value-2"} to topic topic-bf55101f_5d2c_48f3_b7cd_bd8f813e2429
2025-07-31 15:54:45,328 INFO  [io.api.tes.ser.api.KafkaSerdesTester] (Thread-397) Sending message {"key1": "value-3", "key2": "value-3", "key3": "value-3"} to topic topic-bf55101f_5d2c_48f3_b7cd_bd8f813e2429
2025-07-31 15:54:45,329 INFO  [io.api.tes.ser.api.KafkaSerdesTester] (Thread-397) Sending message {"key1": "value-4", "key2": "value-4", "key3": "value-4"} to topic topic-bf55101f_5d2c_48f3_b7cd_bd8f813e2429
2025-07-31 15:54:45,331 INFO  [io.api.tes.ser.api.KafkaSerdesTester] (Thread-397) Sending message {"key1": "value-5", "key2": "value-5", "key3": "value-5"} to topic topic-bf55101f_5d2c_48f3_b7cd_bd8f813e2429
2025-07-31 15:54:45,332 INFO  [io.api.tes.ser.api.KafkaSerdesTester] (Thread-397) Sending message {"key1": "value-6", "key2": "value-6", "key3": "value-6"} to topic topic-bf55101f_5d2c_48f3_b7cd_bd8f813e2429
2025-07-31 15:54:45,333 INFO  [io.api.tes.ser.api.KafkaSerdesTester] (Thread-397) Sending message {"key1": "value-7", "key2": "value-7", "key3": "value-7"} to topic topic-bf55101f_5d2c_48f3_b7cd_bd8f813e2429
2025-07-31 15:54:45,334 INFO  [io.api.tes.ser.api.KafkaSerdesTester] (Thread-397) Sending message {"key1": "value-8", "key2": "value-8", "key3": "value-8"} to topic topic-bf55101f_5d2c_48f3_b7cd_bd8f813e2429
2025-07-31 15:54:45,335 INFO  [io.api.tes.ser.api.KafkaSerdesTester] (Thread-397) Sending message {"key1": "value-9", "key2": "value-9", "key3": "value-9"} to topic topic-bf55101f_5d2c_48f3_b7cd_bd8f813e2429
2025-07-31 15:54:45,337 INFO  [io.api.tes.ser.api.KafkaSerdesTester] (Thread-397) Produced 10 messages
2025-07-31 15:54:45,337 INFO  [org.apa.kaf.cli.pro.KafkaProducer] (Thread-397) [Producer clientId=Producer-topic-bf55101f_5d2c_48f3_b7cd_bd8f813e2429] Closing the Kafka producer with timeoutMillis = 9223372036854775807 ms.
2025-07-31 15:54:45,339 INFO  [org.apa.kaf.com.met.Metrics] (Thread-397) Metrics scheduler closed
2025-07-31 15:54:45,339 INFO  [org.apa.kaf.com.met.Metrics] (Thread-397) Closing reporter org.apache.kafka.common.metrics.JmxReporter
2025-07-31 15:54:45,339 INFO  [org.apa.kaf.com.met.Metrics] (Thread-397) Closing reporter org.apache.kafka.common.telemetry.internals.ClientTelemetryReporter
2025-07-31 15:54:45,339 INFO  [org.apa.kaf.com.met.Metrics] (Thread-397) Metrics reporters closed
2025-07-31 15:54:45,340 INFO  [org.apa.kaf.com.uti.AppInfoParser] (Thread-397) App info kafka.producer for Producer-topic-bf55101f_5d2c_48f3_b7cd_bd8f813e2429 unregistered
2025-07-31 15:54:45,340 INFO  [org.apa.kaf.cli.pro.ProducerConfig] (main) ProducerConfig values: 
	acks = -1
	auto.include.jmx.reporter = true
	batch.size = 16384
	bootstrap.servers = [PLAINTEXT://localhost:32770]
	buffer.memory = 33554432
	client.dns.lookup = use_all_dns_ips
	client.id = Producer-topic-bf55101f_5d2c_48f3_b7cd_bd8f813e2429
	compression.gzip.level = -1
	compression.lz4.level = 9
	compression.type = none
	compression.zstd.level = 3
	connections.max.idle.ms = 10000
	delivery.timeout.ms = 120000
	enable.idempotence = true
	enable.metrics.push = true
	interceptor.classes = []
	key.serializer = class org.apache.kafka.common.serialization.StringSerializer
	linger.ms = 0
	max.block.ms = 60000
	max.in.flight.requests.per.connection = 5
	max.request.size = 1048576
	metadata.max.age.ms = 300000
	metadata.max.idle.ms = 300000
	metadata.recovery.strategy = none
	metric.reporters = []
	metrics.num.samples = 2
	metrics.recording.level = INFO
	metrics.sample.window.ms = 30000
	partitioner.adaptive.partitioning.enable = true
	partitioner.availability.timeout.ms = 0
	partitioner.class = null
	partitioner.ignore.keys = false
	receive.buffer.bytes = 32768
	reconnect.backoff.max.ms = 1000
	reconnect.backoff.ms = 50
	request.timeout.ms = 5000
	retries = 2147483647
	retry.backoff.max.ms = 1000
	retry.backoff.ms = 100
	sasl.client.callback.handler.class = null
	sasl.jaas.config = null
	sasl.kerberos.kinit.cmd = /usr/bin/kinit
	sasl.kerberos.min.time.before.relogin = 60000
	sasl.kerberos.service.name = null
	sasl.kerberos.ticket.renew.jitter = 0.05
	sasl.kerberos.ticket.renew.window.factor = 0.8
	sasl.login.callback.handler.class = null
	sasl.login.class = null
	sasl.login.connect.timeout.ms = null
	sasl.login.read.timeout.ms = null
	sasl.login.refresh.buffer.seconds = 300
	sasl.login.refresh.min.period.seconds = 60
	sasl.login.refresh.window.factor = 0.8
	sasl.login.refresh.window.jitter = 0.05
	sasl.login.retry.backoff.max.ms = 10000
	sasl.login.retry.backoff.ms = 100
	sasl.mechanism = GSSAPI
	sasl.oauthbearer.clock.skew.seconds = 30
	sasl.oauthbearer.expected.audience = null
	sasl.oauthbearer.expected.issuer = null
	sasl.oauthbearer.header.urlencode = false
	sasl.oauthbearer.jwks.endpoint.refresh.ms = 3600000
	sasl.oauthbearer.jwks.endpoint.retry.backoff.max.ms = 10000
	sasl.oauthbearer.jwks.endpoint.retry.backoff.ms = 100
	sasl.oauthbearer.jwks.endpoint.url = null
	sasl.oauthbearer.scope.claim.name = scope
	sasl.oauthbearer.sub.claim.name = sub
	sasl.oauthbearer.token.endpoint.url = null
	security.protocol = PLAINTEXT
	security.providers = null
	send.buffer.bytes = 131072
	socket.connection.setup.timeout.max.ms = 30000
	socket.connection.setup.timeout.ms = 10000
	ssl.cipher.suites = null
	ssl.enabled.protocols = [TLSv1.2, TLSv1.3]
	ssl.endpoint.identification.algorithm = https
	ssl.engine.factory.class = null
	ssl.key.password = null
	ssl.keymanager.algorithm = SunX509
	ssl.keystore.certificate.chain = null
	ssl.keystore.key = null
	ssl.keystore.location = null
	ssl.keystore.password = null
	ssl.keystore.type = JKS
	ssl.protocol = TLSv1.3
	ssl.provider = null
	ssl.secure.random.implementation = null
	ssl.trustmanager.algorithm = PKIX
	ssl.truststore.certificates = null
	ssl.truststore.location = null
	ssl.truststore.password = null
	ssl.truststore.type = JKS
	transaction.timeout.ms = 60000
	transactional.id = null
	value.serializer = class io.confluent.kafka.serializers.KafkaAvroSerializer

2025-07-31 15:54:45,340 INFO  [org.apa.kaf.com.tel.int.KafkaMetricsCollector] (main) initializing Kafka metrics collector
2025-07-31 15:54:45,341 INFO  [io.con.kaf.ser.KafkaAvroSerializerConfig] (main) KafkaAvroSerializerConfig values: 
	auto.register.schemas = false
	avro.reflection.allow.null = false
	avro.remove.java.properties = false
	avro.use.logical.type.converters = false
	basic.auth.credentials.source = URL
	basic.auth.user.info = [hidden]
	bearer.auth.cache.expiry.buffer.seconds = 300
	bearer.auth.client.id = null
	bearer.auth.client.secret = null
	bearer.auth.credentials.source = STATIC_TOKEN
	bearer.auth.custom.provider.class = null
	bearer.auth.identity.pool.id = null
	bearer.auth.issuer.endpoint.url = null
	bearer.auth.logical.cluster = null
	bearer.auth.scope = null
	bearer.auth.scope.claim.name = scope
	bearer.auth.sub.claim.name = sub
	bearer.auth.token = [hidden]
	context.name.strategy = class io.confluent.kafka.serializers.context.NullContextNameStrategy
	http.connect.timeout.ms = 60000
	http.read.timeout.ms = 60000
	id.compatibility.strict = true
	key.subject.name.strategy = class io.confluent.kafka.serializers.subject.TopicNameStrategy
	latest.cache.size = 1000
	latest.cache.ttl.sec = -1
	latest.compatibility.strict = true
	max.retries = 3
	max.schemas.per.subject = 1000
	normalize.schemas = false
	propagate.schema.tags = false
	proxy.host = 
	proxy.port = -1
	retries.max.wait.ms = 20000
	retries.wait.ms = 1000
	rule.actions = []
	rule.executors = []
	rule.service.loader.enable = true
	schema.format = null
	schema.reflection = false
	schema.registry.basic.auth.user.info = [hidden]
	schema.registry.ssl.cipher.suites = null
	schema.registry.ssl.enabled.protocols = [TLSv1.2, TLSv1.3]
	schema.registry.ssl.endpoint.identification.algorithm = https
	schema.registry.ssl.engine.factory.class = null
	schema.registry.ssl.key.password = null
	schema.registry.ssl.keymanager.algorithm = SunX509
	schema.registry.ssl.keystore.certificate.chain = null
	schema.registry.ssl.keystore.key = null
	schema.registry.ssl.keystore.location = null
	schema.registry.ssl.keystore.password = null
	schema.registry.ssl.keystore.type = JKS
	schema.registry.ssl.protocol = TLSv1.3
	schema.registry.ssl.provider = null
	schema.registry.ssl.secure.random.implementation = null
	schema.registry.ssl.trustmanager.algorithm = PKIX
	schema.registry.ssl.truststore.certificates = null
	schema.registry.ssl.truststore.location = null
	schema.registry.ssl.truststore.password = null
	schema.registry.ssl.truststore.type = JKS
	schema.registry.url = [http://registry-app-kafkasql.apps.ci419.apicurio-testing.org:80/apis/ccompat/v7]
	use.latest.version = false
	use.latest.with.metadata = null
	use.schema.id = -1
	value.subject.name.strategy = class io.confluent.kafka.serializers.subject.TopicRecordNameStrategy

2025-07-31 15:54:45,343 INFO  [org.apa.kaf.cli.pro.KafkaProducer] (main) [Producer clientId=Producer-topic-bf55101f_5d2c_48f3_b7cd_bd8f813e2429] Instantiated an idempotent producer.
2025-07-31 15:54:45,345 INFO  [org.apa.kaf.cli.pro.ProducerConfig] (main) These configurations '[schema.registry.url, auto.register.schemas, value.subject.name.strategy]' were supplied but are not used yet.
2025-07-31 15:54:45,345 INFO  [org.apa.kaf.com.uti.AppInfoParser] (main) Kafka version: 3.9.0
2025-07-31 15:54:45,345 INFO  [org.apa.kaf.com.uti.AppInfoParser] (main) Kafka commitId: 84caaa6e9da06435
2025-07-31 15:54:45,345 INFO  [org.apa.kaf.com.uti.AppInfoParser] (main) Kafka startTimeMs: 1753977285345
2025-07-31 15:54:45,347 INFO  [io.api.tes.ser.api.KafkaSerdesTester] (Thread-398) Sending message {"key1": "value-0", "key2": "value-0"} to topic topic-bf55101f_5d2c_48f3_b7cd_bd8f813e2429
2025-07-31 15:54:45,348 INFO  [org.apa.kaf.cli.Metadata] (kafka-producer-network-thread | Producer-topic-bf55101f_5d2c_48f3_b7cd_bd8f813e2429) [Producer clientId=Producer-topic-bf55101f_5d2c_48f3_b7cd_bd8f813e2429] Cluster ID: k5QcScx1TGu5ZEx470RFLw
2025-07-31 15:54:45,348 INFO  [org.apa.kaf.cli.pro.int.TransactionManager] (kafka-producer-network-thread | Producer-topic-bf55101f_5d2c_48f3_b7cd_bd8f813e2429) [Producer clientId=Producer-topic-bf55101f_5d2c_48f3_b7cd_bd8f813e2429] ProducerId set to 48 with epoch 0
2025-07-31 15:54:45,414 INFO  [io.api.tes.ser.api.KafkaSerdesTester] (Thread-398) Sending message {"key1": "value-1", "key2": "value-1"} to topic topic-bf55101f_5d2c_48f3_b7cd_bd8f813e2429
2025-07-31 15:54:45,415 INFO  [io.api.tes.ser.api.KafkaSerdesTester] (Thread-398) Sending message {"key1": "value-2", "key2": "value-2"} to topic topic-bf55101f_5d2c_48f3_b7cd_bd8f813e2429
2025-07-31 15:54:45,417 INFO  [io.api.tes.ser.api.KafkaSerdesTester] (Thread-398) Sending message {"key1": "value-3", "key2": "value-3"} to topic topic-bf55101f_5d2c_48f3_b7cd_bd8f813e2429
2025-07-31 15:54:45,418 INFO  [io.api.tes.ser.api.KafkaSerdesTester] (Thread-398) Sending message {"key1": "value-4", "key2": "value-4"} to topic topic-bf55101f_5d2c_48f3_b7cd_bd8f813e2429
2025-07-31 15:54:45,419 INFO  [io.api.tes.ser.api.KafkaSerdesTester] (Thread-398) Sending message {"key1": "value-5", "key2": "value-5"} to topic topic-bf55101f_5d2c_48f3_b7cd_bd8f813e2429
2025-07-31 15:54:45,421 INFO  [io.api.tes.ser.api.KafkaSerdesTester] (Thread-398) Sending message {"key1": "value-6", "key2": "value-6"} to topic topic-bf55101f_5d2c_48f3_b7cd_bd8f813e2429
2025-07-31 15:54:45,423 INFO  [io.api.tes.ser.api.KafkaSerdesTester] (Thread-398) Sending message {"key1": "value-7", "key2": "value-7"} to topic topic-bf55101f_5d2c_48f3_b7cd_bd8f813e2429
2025-07-31 15:54:45,425 INFO  [io.api.tes.ser.api.KafkaSerdesTester] (Thread-398) Sending message {"key1": "value-8", "key2": "value-8"} to topic topic-bf55101f_5d2c_48f3_b7cd_bd8f813e2429
2025-07-31 15:54:45,427 INFO  [io.api.tes.ser.api.KafkaSerdesTester] (Thread-398) Sending message {"key1": "value-9", "key2": "value-9"} to topic topic-bf55101f_5d2c_48f3_b7cd_bd8f813e2429
2025-07-31 15:54:45,428 INFO  [io.api.tes.ser.api.KafkaSerdesTester] (Thread-398) Produced 10 messages
2025-07-31 15:54:45,428 INFO  [org.apa.kaf.cli.pro.KafkaProducer] (Thread-398) [Producer clientId=Producer-topic-bf55101f_5d2c_48f3_b7cd_bd8f813e2429] Closing the Kafka producer with timeoutMillis = 9223372036854775807 ms.
2025-07-31 15:54:45,430 INFO  [org.apa.kaf.com.met.Metrics] (Thread-398) Metrics scheduler closed
2025-07-31 15:54:45,430 INFO  [org.apa.kaf.com.met.Metrics] (Thread-398) Closing reporter org.apache.kafka.common.metrics.JmxReporter
2025-07-31 15:54:45,430 INFO  [org.apa.kaf.com.met.Metrics] (Thread-398) Closing reporter org.apache.kafka.common.telemetry.internals.ClientTelemetryReporter
2025-07-31 15:54:45,430 INFO  [org.apa.kaf.com.met.Metrics] (Thread-398) Metrics reporters closed
2025-07-31 15:54:45,430 INFO  [org.apa.kaf.com.uti.AppInfoParser] (Thread-398) App info kafka.producer for Producer-topic-bf55101f_5d2c_48f3_b7cd_bd8f813e2429 unregistered
2025-07-31 15:54:45,430 INFO  [org.apa.kaf.cli.pro.ProducerConfig] (main) ProducerConfig values: 
	acks = -1
	auto.include.jmx.reporter = true
	batch.size = 16384
	bootstrap.servers = [PLAINTEXT://localhost:32770]
	buffer.memory = 33554432
	client.dns.lookup = use_all_dns_ips
	client.id = Producer-topic-bf55101f_5d2c_48f3_b7cd_bd8f813e2429
	compression.gzip.level = -1
	compression.lz4.level = 9
	compression.type = none
	compression.zstd.level = 3
	connections.max.idle.ms = 10000
	delivery.timeout.ms = 120000
	enable.idempotence = true
	enable.metrics.push = true
	interceptor.classes = []
	key.serializer = class org.apache.kafka.common.serialization.StringSerializer
	linger.ms = 0
	max.block.ms = 60000
	max.in.flight.requests.per.connection = 5
	max.request.size = 1048576
	metadata.max.age.ms = 300000
	metadata.max.idle.ms = 300000
	metadata.recovery.strategy = none
	metric.reporters = []
	metrics.num.samples = 2
	metrics.recording.level = INFO
	metrics.sample.window.ms = 30000
	partitioner.adaptive.partitioning.enable = true
	partitioner.availability.timeout.ms = 0
	partitioner.class = null
	partitioner.ignore.keys = false
	receive.buffer.bytes = 32768
	reconnect.backoff.max.ms = 1000
	reconnect.backoff.ms = 50
	request.timeout.ms = 5000
	retries = 2147483647
	retry.backoff.max.ms = 1000
	retry.backoff.ms = 100
	sasl.client.callback.handler.class = null
	sasl.jaas.config = null
	sasl.kerberos.kinit.cmd = /usr/bin/kinit
	sasl.kerberos.min.time.before.relogin = 60000
	sasl.kerberos.service.name = null
	sasl.kerberos.ticket.renew.jitter = 0.05
	sasl.kerberos.ticket.renew.window.factor = 0.8
	sasl.login.callback.handler.class = null
	sasl.login.class = null
	sasl.login.connect.timeout.ms = null
	sasl.login.read.timeout.ms = null
	sasl.login.refresh.buffer.seconds = 300
	sasl.login.refresh.min.period.seconds = 60
	sasl.login.refresh.window.factor = 0.8
	sasl.login.refresh.window.jitter = 0.05
	sasl.login.retry.backoff.max.ms = 10000
	sasl.login.retry.backoff.ms = 100
	sasl.mechanism = GSSAPI
	sasl.oauthbearer.clock.skew.seconds = 30
	sasl.oauthbearer.expected.audience = null
	sasl.oauthbearer.expected.issuer = null
	sasl.oauthbearer.header.urlencode = false
	sasl.oauthbearer.jwks.endpoint.refresh.ms = 3600000
	sasl.oauthbearer.jwks.endpoint.retry.backoff.max.ms = 10000
	sasl.oauthbearer.jwks.endpoint.retry.backoff.ms = 100
	sasl.oauthbearer.jwks.endpoint.url = null
	sasl.oauthbearer.scope.claim.name = scope
	sasl.oauthbearer.sub.claim.name = sub
	sasl.oauthbearer.token.endpoint.url = null
	security.protocol = PLAINTEXT
	security.providers = null
	send.buffer.bytes = 131072
	socket.connection.setup.timeout.max.ms = 30000
	socket.connection.setup.timeout.ms = 10000
	ssl.cipher.suites = null
	ssl.enabled.protocols = [TLSv1.2, TLSv1.3]
	ssl.endpoint.identification.algorithm = https
	ssl.engine.factory.class = null
	ssl.key.password = null
	ssl.keymanager.algorithm = SunX509
	ssl.keystore.certificate.chain = null
	ssl.keystore.key = null
	ssl.keystore.location = null
	ssl.keystore.password = null
	ssl.keystore.type = JKS
	ssl.protocol = TLSv1.3
	ssl.provider = null
	ssl.secure.random.implementation = null
	ssl.trustmanager.algorithm = PKIX
	ssl.truststore.certificates = null
	ssl.truststore.location = null
	ssl.truststore.password = null
	ssl.truststore.type = JKS
	transaction.timeout.ms = 60000
	transactional.id = null
	value.serializer = class io.confluent.kafka.serializers.KafkaAvroSerializer

2025-07-31 15:54:45,431 INFO  [org.apa.kaf.com.tel.int.KafkaMetricsCollector] (main) initializing Kafka metrics collector
2025-07-31 15:54:45,431 INFO  [io.con.kaf.ser.KafkaAvroSerializerConfig] (main) KafkaAvroSerializerConfig values: 
	auto.register.schemas = false
	avro.reflection.allow.null = false
	avro.remove.java.properties = false
	avro.use.logical.type.converters = false
	basic.auth.credentials.source = URL
	basic.auth.user.info = [hidden]
	bearer.auth.cache.expiry.buffer.seconds = 300
	bearer.auth.client.id = null
	bearer.auth.client.secret = null
	bearer.auth.credentials.source = STATIC_TOKEN
	bearer.auth.custom.provider.class = null
	bearer.auth.identity.pool.id = null
	bearer.auth.issuer.endpoint.url = null
	bearer.auth.logical.cluster = null
	bearer.auth.scope = null
	bearer.auth.scope.claim.name = scope
	bearer.auth.sub.claim.name = sub
	bearer.auth.token = [hidden]
	context.name.strategy = class io.confluent.kafka.serializers.context.NullContextNameStrategy
	http.connect.timeout.ms = 60000
	http.read.timeout.ms = 60000
	id.compatibility.strict = true
	key.subject.name.strategy = class io.confluent.kafka.serializers.subject.TopicNameStrategy
	latest.cache.size = 1000
	latest.cache.ttl.sec = -1
	latest.compatibility.strict = true
	max.retries = 3
	max.schemas.per.subject = 1000
	normalize.schemas = false
	propagate.schema.tags = false
	proxy.host = 
	proxy.port = -1
	retries.max.wait.ms = 20000
	retries.wait.ms = 1000
	rule.actions = []
	rule.executors = []
	rule.service.loader.enable = true
	schema.format = null
	schema.reflection = false
	schema.registry.basic.auth.user.info = [hidden]
	schema.registry.ssl.cipher.suites = null
	schema.registry.ssl.enabled.protocols = [TLSv1.2, TLSv1.3]
	schema.registry.ssl.endpoint.identification.algorithm = https
	schema.registry.ssl.engine.factory.class = null
	schema.registry.ssl.key.password = null
	schema.registry.ssl.keymanager.algorithm = SunX509
	schema.registry.ssl.keystore.certificate.chain = null
	schema.registry.ssl.keystore.key = null
	schema.registry.ssl.keystore.location = null
	schema.registry.ssl.keystore.password = null
	schema.registry.ssl.keystore.type = JKS
	schema.registry.ssl.protocol = TLSv1.3
	schema.registry.ssl.provider = null
	schema.registry.ssl.secure.random.implementation = null
	schema.registry.ssl.trustmanager.algorithm = PKIX
	schema.registry.ssl.truststore.certificates = null
	schema.registry.ssl.truststore.location = null
	schema.registry.ssl.truststore.password = null
	schema.registry.ssl.truststore.type = JKS
	schema.registry.url = [http://registry-app-kafkasql.apps.ci419.apicurio-testing.org:80/apis/ccompat/v7]
	use.latest.version = false
	use.latest.with.metadata = null
	use.schema.id = -1
	value.subject.name.strategy = class io.confluent.kafka.serializers.subject.TopicRecordNameStrategy

2025-07-31 15:54:45,433 INFO  [org.apa.kaf.cli.pro.KafkaProducer] (main) [Producer clientId=Producer-topic-bf55101f_5d2c_48f3_b7cd_bd8f813e2429] Instantiated an idempotent producer.
2025-07-31 15:54:45,434 INFO  [org.apa.kaf.cli.pro.ProducerConfig] (main) These configurations '[schema.registry.url, auto.register.schemas, value.subject.name.strategy]' were supplied but are not used yet.
2025-07-31 15:54:45,434 INFO  [org.apa.kaf.com.uti.AppInfoParser] (main) Kafka version: 3.9.0
2025-07-31 15:54:45,434 INFO  [org.apa.kaf.com.uti.AppInfoParser] (main) Kafka commitId: 84caaa6e9da06435
2025-07-31 15:54:45,434 INFO  [org.apa.kaf.com.uti.AppInfoParser] (main) Kafka startTimeMs: 1753977285434
2025-07-31 15:54:45,435 INFO  [io.api.tes.ser.api.KafkaSerdesTester] (Thread-399) Sending message {"key1": "value-0"} to topic topic-bf55101f_5d2c_48f3_b7cd_bd8f813e2429
2025-07-31 15:54:45,437 INFO  [org.apa.kaf.cli.Metadata] (kafka-producer-network-thread | Producer-topic-bf55101f_5d2c_48f3_b7cd_bd8f813e2429) [Producer clientId=Producer-topic-bf55101f_5d2c_48f3_b7cd_bd8f813e2429] Cluster ID: k5QcScx1TGu5ZEx470RFLw
2025-07-31 15:54:45,437 INFO  [org.apa.kaf.cli.pro.int.TransactionManager] (kafka-producer-network-thread | Producer-topic-bf55101f_5d2c_48f3_b7cd_bd8f813e2429) [Producer clientId=Producer-topic-bf55101f_5d2c_48f3_b7cd_bd8f813e2429] ProducerId set to 49 with epoch 0
2025-07-31 15:54:45,500 INFO  [io.api.tes.ser.api.KafkaSerdesTester] (Thread-399) Sending message {"key1": "value-1"} to topic topic-bf55101f_5d2c_48f3_b7cd_bd8f813e2429
2025-07-31 15:54:45,501 INFO  [io.api.tes.ser.api.KafkaSerdesTester] (Thread-399) Sending message {"key1": "value-2"} to topic topic-bf55101f_5d2c_48f3_b7cd_bd8f813e2429
2025-07-31 15:54:45,502 INFO  [io.api.tes.ser.api.KafkaSerdesTester] (Thread-399) Sending message {"key1": "value-3"} to topic topic-bf55101f_5d2c_48f3_b7cd_bd8f813e2429
2025-07-31 15:54:45,503 INFO  [io.api.tes.ser.api.KafkaSerdesTester] (Thread-399) Sending message {"key1": "value-4"} to topic topic-bf55101f_5d2c_48f3_b7cd_bd8f813e2429
2025-07-31 15:54:45,504 INFO  [io.api.tes.ser.api.KafkaSerdesTester] (Thread-399) Sending message {"key1": "value-5"} to topic topic-bf55101f_5d2c_48f3_b7cd_bd8f813e2429
2025-07-31 15:54:45,506 INFO  [io.api.tes.ser.api.KafkaSerdesTester] (Thread-399) Sending message {"key1": "value-6"} to topic topic-bf55101f_5d2c_48f3_b7cd_bd8f813e2429
2025-07-31 15:54:45,507 INFO  [io.api.tes.ser.api.KafkaSerdesTester] (Thread-399) Sending message {"key1": "value-7"} to topic topic-bf55101f_5d2c_48f3_b7cd_bd8f813e2429
2025-07-31 15:54:45,508 INFO  [io.api.tes.ser.api.KafkaSerdesTester] (Thread-399) Sending message {"key1": "value-8"} to topic topic-bf55101f_5d2c_48f3_b7cd_bd8f813e2429
2025-07-31 15:54:45,509 INFO  [io.api.tes.ser.api.KafkaSerdesTester] (Thread-399) Sending message {"key1": "value-9"} to topic topic-bf55101f_5d2c_48f3_b7cd_bd8f813e2429
2025-07-31 15:54:45,510 INFO  [io.api.tes.ser.api.KafkaSerdesTester] (Thread-399) Produced 10 messages
2025-07-31 15:54:45,510 INFO  [org.apa.kaf.cli.pro.KafkaProducer] (Thread-399) [Producer clientId=Producer-topic-bf55101f_5d2c_48f3_b7cd_bd8f813e2429] Closing the Kafka producer with timeoutMillis = 9223372036854775807 ms.
2025-07-31 15:54:45,512 INFO  [org.apa.kaf.com.met.Metrics] (Thread-399) Metrics scheduler closed
2025-07-31 15:54:45,513 INFO  [org.apa.kaf.com.met.Metrics] (Thread-399) Closing reporter org.apache.kafka.common.metrics.JmxReporter
2025-07-31 15:54:45,513 INFO  [org.apa.kaf.com.met.Metrics] (Thread-399) Closing reporter org.apache.kafka.common.telemetry.internals.ClientTelemetryReporter
2025-07-31 15:54:45,513 INFO  [org.apa.kaf.com.met.Metrics] (Thread-399) Metrics reporters closed
2025-07-31 15:54:45,513 INFO  [org.apa.kaf.com.uti.AppInfoParser] (Thread-399) App info kafka.producer for Producer-topic-bf55101f_5d2c_48f3_b7cd_bd8f813e2429 unregistered
2025-07-31 15:54:45,513 INFO  [org.apa.kaf.cli.con.ConsumerConfig] (main) ConsumerConfig values: 
	allow.auto.create.topics = true
	auto.commit.interval.ms = 500
	auto.include.jmx.reporter = true
	auto.offset.reset = earliest
	bootstrap.servers = [PLAINTEXT://localhost:32770]
	check.crcs = true
	client.dns.lookup = use_all_dns_ips
	client.id = consumer-Consumer-topic-bf55101f_5d2c_48f3_b7cd_bd8f813e2429-36
	client.rack = 
	connections.max.idle.ms = 10000
	default.api.timeout.ms = 60000
	enable.auto.commit = true
	enable.metrics.push = true
	exclude.internal.topics = true
	fetch.max.bytes = 52428800
	fetch.max.wait.ms = 500
	fetch.min.bytes = 1
	group.id = Consumer-topic-bf55101f_5d2c_48f3_b7cd_bd8f813e2429
	group.instance.id = null
	group.protocol = classic
	group.remote.assignor = null
	heartbeat.interval.ms = 3000
	interceptor.classes = []
	internal.leave.group.on.close = true
	internal.throw.on.fetch.stable.offset.unsupported = false
	isolation.level = read_uncommitted
	key.deserializer = class org.apache.kafka.common.serialization.StringDeserializer
	max.partition.fetch.bytes = 1048576
	max.poll.interval.ms = 300000
	max.poll.records = 500
	metadata.max.age.ms = 300000
	metadata.recovery.strategy = none
	metric.reporters = []
	metrics.num.samples = 2
	metrics.recording.level = INFO
	metrics.sample.window.ms = 30000
	partition.assignment.strategy = [class org.apache.kafka.clients.consumer.RangeAssignor, class org.apache.kafka.clients.consumer.CooperativeStickyAssignor]
	receive.buffer.bytes = 65536
	reconnect.backoff.max.ms = 1000
	reconnect.backoff.ms = 50
	request.timeout.ms = 5000
	retry.backoff.max.ms = 1000
	retry.backoff.ms = 100
	sasl.client.callback.handler.class = null
	sasl.jaas.config = null
	sasl.kerberos.kinit.cmd = /usr/bin/kinit
	sasl.kerberos.min.time.before.relogin = 60000
	sasl.kerberos.service.name = null
	sasl.kerberos.ticket.renew.jitter = 0.05
	sasl.kerberos.ticket.renew.window.factor = 0.8
	sasl.login.callback.handler.class = null
	sasl.login.class = null
	sasl.login.connect.timeout.ms = null
	sasl.login.read.timeout.ms = null
	sasl.login.refresh.buffer.seconds = 300
	sasl.login.refresh.min.period.seconds = 60
	sasl.login.refresh.window.factor = 0.8
	sasl.login.refresh.window.jitter = 0.05
	sasl.login.retry.backoff.max.ms = 10000
	sasl.login.retry.backoff.ms = 100
	sasl.mechanism = GSSAPI
	sasl.oauthbearer.clock.skew.seconds = 30
	sasl.oauthbearer.expected.audience = null
	sasl.oauthbearer.expected.issuer = null
	sasl.oauthbearer.header.urlencode = false
	sasl.oauthbearer.jwks.endpoint.refresh.ms = 3600000
	sasl.oauthbearer.jwks.endpoint.retry.backoff.max.ms = 10000
	sasl.oauthbearer.jwks.endpoint.retry.backoff.ms = 100
	sasl.oauthbearer.jwks.endpoint.url = null
	sasl.oauthbearer.scope.claim.name = scope
	sasl.oauthbearer.sub.claim.name = sub
	sasl.oauthbearer.token.endpoint.url = null
	security.protocol = PLAINTEXT
	security.providers = null
	send.buffer.bytes = 131072
	session.timeout.ms = 45000
	socket.connection.setup.timeout.max.ms = 30000
	socket.connection.setup.timeout.ms = 10000
	ssl.cipher.suites = null
	ssl.enabled.protocols = [TLSv1.2, TLSv1.3]
	ssl.endpoint.identification.algorithm = https
	ssl.engine.factory.class = null
	ssl.key.password = null
	ssl.keymanager.algorithm = SunX509
	ssl.keystore.certificate.chain = null
	ssl.keystore.key = null
	ssl.keystore.location = null
	ssl.keystore.password = null
	ssl.keystore.type = JKS
	ssl.protocol = TLSv1.3
	ssl.provider = null
	ssl.secure.random.implementation = null
	ssl.trustmanager.algorithm = PKIX
	ssl.truststore.certificates = null
	ssl.truststore.location = null
	ssl.truststore.password = null
	ssl.truststore.type = JKS
	value.deserializer = class io.confluent.kafka.serializers.KafkaAvroDeserializer

2025-07-31 15:54:45,514 INFO  [org.apa.kaf.com.tel.int.KafkaMetricsCollector] (main) initializing Kafka metrics collector
2025-07-31 15:54:45,514 INFO  [io.con.kaf.ser.KafkaAvroDeserializerConfig] (main) KafkaAvroDeserializerConfig values: 
	auto.register.schemas = true
	avro.reflection.allow.null = false
	avro.use.logical.type.converters = false
	basic.auth.credentials.source = URL
	basic.auth.user.info = [hidden]
	bearer.auth.cache.expiry.buffer.seconds = 300
	bearer.auth.client.id = null
	bearer.auth.client.secret = null
	bearer.auth.credentials.source = STATIC_TOKEN
	bearer.auth.custom.provider.class = null
	bearer.auth.identity.pool.id = null
	bearer.auth.issuer.endpoint.url = null
	bearer.auth.logical.cluster = null
	bearer.auth.scope = null
	bearer.auth.scope.claim.name = scope
	bearer.auth.sub.claim.name = sub
	bearer.auth.token = [hidden]
	context.name.strategy = class io.confluent.kafka.serializers.context.NullContextNameStrategy
	http.connect.timeout.ms = 60000
	http.read.timeout.ms = 60000
	id.compatibility.strict = true
	key.subject.name.strategy = class io.confluent.kafka.serializers.subject.TopicNameStrategy
	latest.cache.size = 1000
	latest.cache.ttl.sec = -1
	latest.compatibility.strict = true
	max.retries = 3
	max.schemas.per.subject = 1000
	normalize.schemas = false
	propagate.schema.tags = false
	proxy.host = 
	proxy.port = -1
	retries.max.wait.ms = 20000
	retries.wait.ms = 1000
	rule.actions = []
	rule.executors = []
	rule.service.loader.enable = true
	schema.format = null
	schema.reflection = false
	schema.registry.basic.auth.user.info = [hidden]
	schema.registry.ssl.cipher.suites = null
	schema.registry.ssl.enabled.protocols = [TLSv1.2, TLSv1.3]
	schema.registry.ssl.endpoint.identification.algorithm = https
	schema.registry.ssl.engine.factory.class = null
	schema.registry.ssl.key.password = null
	schema.registry.ssl.keymanager.algorithm = SunX509
	schema.registry.ssl.keystore.certificate.chain = null
	schema.registry.ssl.keystore.key = null
	schema.registry.ssl.keystore.location = null
	schema.registry.ssl.keystore.password = null
	schema.registry.ssl.keystore.type = JKS
	schema.registry.ssl.protocol = TLSv1.3
	schema.registry.ssl.provider = null
	schema.registry.ssl.secure.random.implementation = null
	schema.registry.ssl.trustmanager.algorithm = PKIX
	schema.registry.ssl.truststore.certificates = null
	schema.registry.ssl.truststore.location = null
	schema.registry.ssl.truststore.password = null
	schema.registry.ssl.truststore.type = JKS
	schema.registry.url = [http://registry-app-kafkasql.apps.ci419.apicurio-testing.org:80/apis/ccompat/v7]
	specific.avro.key.type = null
	specific.avro.reader = false
	specific.avro.value.type = null
	use.latest.version = false
	use.latest.with.metadata = null
	use.schema.id = -1
	value.subject.name.strategy = class io.confluent.kafka.serializers.subject.TopicNameStrategy

2025-07-31 15:54:45,514 INFO  [io.con.kaf.ser.KafkaAvroDeserializerConfig] (main) KafkaAvroDeserializerConfig values: 
	auto.register.schemas = true
	avro.reflection.allow.null = false
	avro.use.logical.type.converters = false
	basic.auth.credentials.source = URL
	basic.auth.user.info = [hidden]
	bearer.auth.cache.expiry.buffer.seconds = 300
	bearer.auth.client.id = null
	bearer.auth.client.secret = null
	bearer.auth.credentials.source = STATIC_TOKEN
	bearer.auth.custom.provider.class = null
	bearer.auth.identity.pool.id = null
	bearer.auth.issuer.endpoint.url = null
	bearer.auth.logical.cluster = null
	bearer.auth.scope = null
	bearer.auth.scope.claim.name = scope
	bearer.auth.sub.claim.name = sub
	bearer.auth.token = [hidden]
	context.name.strategy = class io.confluent.kafka.serializers.context.NullContextNameStrategy
	http.connect.timeout.ms = 60000
	http.read.timeout.ms = 60000
	id.compatibility.strict = true
	key.subject.name.strategy = class io.confluent.kafka.serializers.subject.TopicNameStrategy
	latest.cache.size = 1000
	latest.cache.ttl.sec = -1
	latest.compatibility.strict = true
	max.retries = 3
	max.schemas.per.subject = 1000
	normalize.schemas = false
	propagate.schema.tags = false
	proxy.host = 
	proxy.port = -1
	retries.max.wait.ms = 20000
	retries.wait.ms = 1000
	rule.actions = []
	rule.executors = []
	rule.service.loader.enable = true
	schema.format = null
	schema.reflection = false
	schema.registry.basic.auth.user.info = [hidden]
	schema.registry.ssl.cipher.suites = null
	schema.registry.ssl.enabled.protocols = [TLSv1.2, TLSv1.3]
	schema.registry.ssl.endpoint.identification.algorithm = https
	schema.registry.ssl.engine.factory.class = null
	schema.registry.ssl.key.password = null
	schema.registry.ssl.keymanager.algorithm = SunX509
	schema.registry.ssl.keystore.certificate.chain = null
	schema.registry.ssl.keystore.key = null
	schema.registry.ssl.keystore.location = null
	schema.registry.ssl.keystore.password = null
	schema.registry.ssl.keystore.type = JKS
	schema.registry.ssl.protocol = TLSv1.3
	schema.registry.ssl.provider = null
	schema.registry.ssl.secure.random.implementation = null
	schema.registry.ssl.trustmanager.algorithm = PKIX
	schema.registry.ssl.truststore.certificates = null
	schema.registry.ssl.truststore.location = null
	schema.registry.ssl.truststore.password = null
	schema.registry.ssl.truststore.type = JKS
	schema.registry.url = [http://registry-app-kafkasql.apps.ci419.apicurio-testing.org:80/apis/ccompat/v7]
	specific.avro.key.type = null
	specific.avro.reader = false
	specific.avro.value.type = null
	use.latest.version = false
	use.latest.with.metadata = null
	use.schema.id = -1
	value.subject.name.strategy = class io.confluent.kafka.serializers.subject.TopicNameStrategy

2025-07-31 15:54:45,518 INFO  [org.apa.kaf.cli.con.ConsumerConfig] (main) These configurations '[schema.registry.url]' were supplied but are not used yet.
2025-07-31 15:54:45,518 INFO  [org.apa.kaf.com.uti.AppInfoParser] (main) Kafka version: 3.9.0
2025-07-31 15:54:45,518 INFO  [org.apa.kaf.com.uti.AppInfoParser] (main) Kafka commitId: 84caaa6e9da06435
2025-07-31 15:54:45,518 INFO  [org.apa.kaf.com.uti.AppInfoParser] (main) Kafka startTimeMs: 1753977285518
2025-07-31 15:54:45,519 INFO  [org.apa.kaf.cli.con.int.ClassicKafkaConsumer] (Thread-400) [Consumer clientId=consumer-Consumer-topic-bf55101f_5d2c_48f3_b7cd_bd8f813e2429-36, groupId=Consumer-topic-bf55101f_5d2c_48f3_b7cd_bd8f813e2429] Subscribed to topic(s): topic-bf55101f_5d2c_48f3_b7cd_bd8f813e2429
2025-07-31 15:54:45,525 INFO  [org.apa.kaf.cli.Metadata] (Thread-400) [Consumer clientId=consumer-Consumer-topic-bf55101f_5d2c_48f3_b7cd_bd8f813e2429-36, groupId=Consumer-topic-bf55101f_5d2c_48f3_b7cd_bd8f813e2429] Cluster ID: k5QcScx1TGu5ZEx470RFLw
2025-07-31 15:54:45,525 INFO  [org.apa.kaf.cli.con.int.ConsumerCoordinator] (Thread-400) [Consumer clientId=consumer-Consumer-topic-bf55101f_5d2c_48f3_b7cd_bd8f813e2429-36, groupId=Consumer-topic-bf55101f_5d2c_48f3_b7cd_bd8f813e2429] Discovered group coordinator localhost:32770 (id: 2147483647 rack: null)
2025-07-31 15:54:45,526 INFO  [org.apa.kaf.cli.con.int.ConsumerCoordinator] (Thread-400) [Consumer clientId=consumer-Consumer-topic-bf55101f_5d2c_48f3_b7cd_bd8f813e2429-36, groupId=Consumer-topic-bf55101f_5d2c_48f3_b7cd_bd8f813e2429] (Re-)joining group
2025-07-31 15:54:45,530 INFO  [org.apa.kaf.cli.con.int.ConsumerCoordinator] (Thread-400) [Consumer clientId=consumer-Consumer-topic-bf55101f_5d2c_48f3_b7cd_bd8f813e2429-36, groupId=Consumer-topic-bf55101f_5d2c_48f3_b7cd_bd8f813e2429] Request joining group due to: need to re-join with the given member-id: consumer-Consumer-topic-bf55101f_5d2c_48f3_b7cd_bd8f813e2429-36-8c92cda7-0f1d-48f0-b72d-446452379536
2025-07-31 15:54:45,530 INFO  [org.apa.kaf.cli.con.int.ConsumerCoordinator] (Thread-400) [Consumer clientId=consumer-Consumer-topic-bf55101f_5d2c_48f3_b7cd_bd8f813e2429-36, groupId=Consumer-topic-bf55101f_5d2c_48f3_b7cd_bd8f813e2429] (Re-)joining group
2025-07-31 15:54:45,532 INFO  [org.apa.kaf.cli.con.int.ConsumerCoordinator] (Thread-400) [Consumer clientId=consumer-Consumer-topic-bf55101f_5d2c_48f3_b7cd_bd8f813e2429-36, groupId=Consumer-topic-bf55101f_5d2c_48f3_b7cd_bd8f813e2429] Successfully joined group with generation Generation{generationId=5, memberId='consumer-Consumer-topic-bf55101f_5d2c_48f3_b7cd_bd8f813e2429-36-8c92cda7-0f1d-48f0-b72d-446452379536', protocol='range'}
2025-07-31 15:54:45,532 INFO  [org.apa.kaf.cli.con.int.ConsumerCoordinator] (Thread-400) [Consumer clientId=consumer-Consumer-topic-bf55101f_5d2c_48f3_b7cd_bd8f813e2429-36, groupId=Consumer-topic-bf55101f_5d2c_48f3_b7cd_bd8f813e2429] Finished assignment for group at generation 5: {consumer-Consumer-topic-bf55101f_5d2c_48f3_b7cd_bd8f813e2429-36-8c92cda7-0f1d-48f0-b72d-446452379536=Assignment(partitions=[topic-bf55101f_5d2c_48f3_b7cd_bd8f813e2429-0])}
2025-07-31 15:54:45,534 INFO  [org.apa.kaf.cli.con.int.ConsumerCoordinator] (Thread-400) [Consumer clientId=consumer-Consumer-topic-bf55101f_5d2c_48f3_b7cd_bd8f813e2429-36, groupId=Consumer-topic-bf55101f_5d2c_48f3_b7cd_bd8f813e2429] Successfully synced group in generation Generation{generationId=5, memberId='consumer-Consumer-topic-bf55101f_5d2c_48f3_b7cd_bd8f813e2429-36-8c92cda7-0f1d-48f0-b72d-446452379536', protocol='range'}
2025-07-31 15:54:45,534 INFO  [org.apa.kaf.cli.con.int.ConsumerCoordinator] (Thread-400) [Consumer clientId=consumer-Consumer-topic-bf55101f_5d2c_48f3_b7cd_bd8f813e2429-36, groupId=Consumer-topic-bf55101f_5d2c_48f3_b7cd_bd8f813e2429] Notifying assignor about the new Assignment(partitions=[topic-bf55101f_5d2c_48f3_b7cd_bd8f813e2429-0])
2025-07-31 15:54:45,535 INFO  [org.apa.kaf.cli.con.int.ConsumerRebalanceListenerInvoker] (Thread-400) [Consumer clientId=consumer-Consumer-topic-bf55101f_5d2c_48f3_b7cd_bd8f813e2429-36, groupId=Consumer-topic-bf55101f_5d2c_48f3_b7cd_bd8f813e2429] Adding newly assigned partitions: topic-bf55101f_5d2c_48f3_b7cd_bd8f813e2429-0
2025-07-31 15:54:45,535 INFO  [org.apa.kaf.cli.con.int.ConsumerUtils] (Thread-400) Setting offset for partition topic-bf55101f_5d2c_48f3_b7cd_bd8f813e2429-0 to the committed offset FetchPosition{offset=30, offsetEpoch=Optional[0], currentLeader=LeaderAndEpoch{leader=Optional[localhost:32770 (id: 0 rack: null)], epoch=0}}
2025-07-31 15:54:45,727 INFO  [io.api.tes.ser.api.KafkaSerdesTester] (Thread-400) topic-bf55101f_5d2c_48f3_b7cd_bd8f813e2429 0 30 {"key1": "value-0", "key2": "value-0", "key3": "value-0"}
2025-07-31 15:54:45,727 INFO  [io.api.tes.ser.api.KafkaSerdesTester] (Thread-400) topic-bf55101f_5d2c_48f3_b7cd_bd8f813e2429 0 31 {"key1": "value-1", "key2": "value-1", "key3": "value-1"}
2025-07-31 15:54:45,727 INFO  [io.api.tes.ser.api.KafkaSerdesTester] (Thread-400) topic-bf55101f_5d2c_48f3_b7cd_bd8f813e2429 0 32 {"key1": "value-2", "key2": "value-2", "key3": "value-2"}
2025-07-31 15:54:45,727 INFO  [io.api.tes.ser.api.KafkaSerdesTester] (Thread-400) topic-bf55101f_5d2c_48f3_b7cd_bd8f813e2429 0 33 {"key1": "value-3", "key2": "value-3", "key3": "value-3"}
2025-07-31 15:54:45,727 INFO  [io.api.tes.ser.api.KafkaSerdesTester] (Thread-400) topic-bf55101f_5d2c_48f3_b7cd_bd8f813e2429 0 34 {"key1": "value-4", "key2": "value-4", "key3": "value-4"}
2025-07-31 15:54:45,727 INFO  [io.api.tes.ser.api.KafkaSerdesTester] (Thread-400) topic-bf55101f_5d2c_48f3_b7cd_bd8f813e2429 0 35 {"key1": "value-5", "key2": "value-5", "key3": "value-5"}
2025-07-31 15:54:45,727 INFO  [io.api.tes.ser.api.KafkaSerdesTester] (Thread-400) topic-bf55101f_5d2c_48f3_b7cd_bd8f813e2429 0 36 {"key1": "value-6", "key2": "value-6", "key3": "value-6"}
2025-07-31 15:54:45,727 INFO  [io.api.tes.ser.api.KafkaSerdesTester] (Thread-400) topic-bf55101f_5d2c_48f3_b7cd_bd8f813e2429 0 37 {"key1": "value-7", "key2": "value-7", "key3": "value-7"}
2025-07-31 15:54:45,727 INFO  [io.api.tes.ser.api.KafkaSerdesTester] (Thread-400) topic-bf55101f_5d2c_48f3_b7cd_bd8f813e2429 0 38 {"key1": "value-8", "key2": "value-8", "key3": "value-8"}
2025-07-31 15:54:45,727 INFO  [io.api.tes.ser.api.KafkaSerdesTester] (Thread-400) topic-bf55101f_5d2c_48f3_b7cd_bd8f813e2429 0 39 {"key1": "value-9", "key2": "value-9", "key3": "value-9"}
2025-07-31 15:54:45,727 INFO  [io.api.tes.ser.api.KafkaSerdesTester] (Thread-400) topic-bf55101f_5d2c_48f3_b7cd_bd8f813e2429 0 40 {"key1": "value-0", "key2": "value-0"}
2025-07-31 15:54:45,728 INFO  [io.api.tes.ser.api.KafkaSerdesTester] (Thread-400) topic-bf55101f_5d2c_48f3_b7cd_bd8f813e2429 0 41 {"key1": "value-1", "key2": "value-1"}
2025-07-31 15:54:45,728 INFO  [io.api.tes.ser.api.KafkaSerdesTester] (Thread-400) topic-bf55101f_5d2c_48f3_b7cd_bd8f813e2429 0 42 {"key1": "value-2", "key2": "value-2"}
2025-07-31 15:54:45,728 INFO  [io.api.tes.ser.api.KafkaSerdesTester] (Thread-400) topic-bf55101f_5d2c_48f3_b7cd_bd8f813e2429 0 43 {"key1": "value-3", "key2": "value-3"}
2025-07-31 15:54:45,728 INFO  [io.api.tes.ser.api.KafkaSerdesTester] (Thread-400) topic-bf55101f_5d2c_48f3_b7cd_bd8f813e2429 0 44 {"key1": "value-4", "key2": "value-4"}
2025-07-31 15:54:45,728 INFO  [io.api.tes.ser.api.KafkaSerdesTester] (Thread-400) topic-bf55101f_5d2c_48f3_b7cd_bd8f813e2429 0 45 {"key1": "value-5", "key2": "value-5"}
2025-07-31 15:54:45,728 INFO  [io.api.tes.ser.api.KafkaSerdesTester] (Thread-400) topic-bf55101f_5d2c_48f3_b7cd_bd8f813e2429 0 46 {"key1": "value-6", "key2": "value-6"}
2025-07-31 15:54:45,728 INFO  [io.api.tes.ser.api.KafkaSerdesTester] (Thread-400) topic-bf55101f_5d2c_48f3_b7cd_bd8f813e2429 0 47 {"key1": "value-7", "key2": "value-7"}
2025-07-31 15:54:45,728 INFO  [io.api.tes.ser.api.KafkaSerdesTester] (Thread-400) topic-bf55101f_5d2c_48f3_b7cd_bd8f813e2429 0 48 {"key1": "value-8", "key2": "value-8"}
2025-07-31 15:54:45,728 INFO  [io.api.tes.ser.api.KafkaSerdesTester] (Thread-400) topic-bf55101f_5d2c_48f3_b7cd_bd8f813e2429 0 49 {"key1": "value-9", "key2": "value-9"}
2025-07-31 15:54:45,728 INFO  [io.api.tes.ser.api.KafkaSerdesTester] (Thread-400) topic-bf55101f_5d2c_48f3_b7cd_bd8f813e2429 0 50 {"key1": "value-0"}
2025-07-31 15:54:45,728 INFO  [io.api.tes.ser.api.KafkaSerdesTester] (Thread-400) topic-bf55101f_5d2c_48f3_b7cd_bd8f813e2429 0 51 {"key1": "value-1"}
2025-07-31 15:54:45,728 INFO  [io.api.tes.ser.api.KafkaSerdesTester] (Thread-400) topic-bf55101f_5d2c_48f3_b7cd_bd8f813e2429 0 52 {"key1": "value-2"}
2025-07-31 15:54:45,728 INFO  [io.api.tes.ser.api.KafkaSerdesTester] (Thread-400) topic-bf55101f_5d2c_48f3_b7cd_bd8f813e2429 0 53 {"key1": "value-3"}
2025-07-31 15:54:45,728 INFO  [io.api.tes.ser.api.KafkaSerdesTester] (Thread-400) topic-bf55101f_5d2c_48f3_b7cd_bd8f813e2429 0 54 {"key1": "value-4"}
2025-07-31 15:54:45,728 INFO  [io.api.tes.ser.api.KafkaSerdesTester] (Thread-400) topic-bf55101f_5d2c_48f3_b7cd_bd8f813e2429 0 55 {"key1": "value-5"}
2025-07-31 15:54:45,728 INFO  [io.api.tes.ser.api.KafkaSerdesTester] (Thread-400) topic-bf55101f_5d2c_48f3_b7cd_bd8f813e2429 0 56 {"key1": "value-6"}
2025-07-31 15:54:45,728 INFO  [io.api.tes.ser.api.KafkaSerdesTester] (Thread-400) topic-bf55101f_5d2c_48f3_b7cd_bd8f813e2429 0 57 {"key1": "value-7"}
2025-07-31 15:54:45,728 INFO  [io.api.tes.ser.api.KafkaSerdesTester] (Thread-400) topic-bf55101f_5d2c_48f3_b7cd_bd8f813e2429 0 58 {"key1": "value-8"}
2025-07-31 15:54:45,728 INFO  [io.api.tes.ser.api.KafkaSerdesTester] (Thread-400) topic-bf55101f_5d2c_48f3_b7cd_bd8f813e2429 0 59 {"key1": "value-9"}
2025-07-31 15:54:45,728 INFO  [io.api.tes.ser.api.KafkaSerdesTester] (Thread-400) Consumed 30 messages
2025-07-31 15:54:45,731 INFO  [org.apa.kaf.cli.con.int.ConsumerRebalanceListenerInvoker] (Thread-400) [Consumer clientId=consumer-Consumer-topic-bf55101f_5d2c_48f3_b7cd_bd8f813e2429-36, groupId=Consumer-topic-bf55101f_5d2c_48f3_b7cd_bd8f813e2429] Revoke previously assigned partitions topic-bf55101f_5d2c_48f3_b7cd_bd8f813e2429-0
2025-07-31 15:54:45,731 INFO  [org.apa.kaf.cli.con.int.ConsumerCoordinator] (Thread-400) [Consumer clientId=consumer-Consumer-topic-bf55101f_5d2c_48f3_b7cd_bd8f813e2429-36, groupId=Consumer-topic-bf55101f_5d2c_48f3_b7cd_bd8f813e2429] Member consumer-Consumer-topic-bf55101f_5d2c_48f3_b7cd_bd8f813e2429-36-8c92cda7-0f1d-48f0-b72d-446452379536 sending LeaveGroup request to coordinator localhost:32770 (id: 2147483647 rack: null) due to the consumer is being closed
2025-07-31 15:54:45,731 INFO  [org.apa.kaf.cli.con.int.ConsumerCoordinator] (Thread-400) [Consumer clientId=consumer-Consumer-topic-bf55101f_5d2c_48f3_b7cd_bd8f813e2429-36, groupId=Consumer-topic-bf55101f_5d2c_48f3_b7cd_bd8f813e2429] Resetting generation and member id due to: consumer pro-actively leaving the group
2025-07-31 15:54:45,731 INFO  [org.apa.kaf.cli.con.int.ConsumerCoordinator] (Thread-400) [Consumer clientId=consumer-Consumer-topic-bf55101f_5d2c_48f3_b7cd_bd8f813e2429-36, groupId=Consumer-topic-bf55101f_5d2c_48f3_b7cd_bd8f813e2429] Request joining group due to: consumer pro-actively leaving the group
2025-07-31 15:54:46,231 INFO  [org.apa.kaf.com.met.Metrics] (Thread-400) Metrics scheduler closed
2025-07-31 15:54:46,231 INFO  [org.apa.kaf.com.met.Metrics] (Thread-400) Closing reporter org.apache.kafka.common.metrics.JmxReporter
2025-07-31 15:54:46,231 INFO  [org.apa.kaf.com.met.Metrics] (Thread-400) Closing reporter org.apache.kafka.common.telemetry.internals.ClientTelemetryReporter
2025-07-31 15:54:46,231 INFO  [org.apa.kaf.com.met.Metrics] (Thread-400) Metrics reporters closed
2025-07-31 15:54:46,232 INFO  [org.apa.kaf.com.uti.AppInfoParser] (Thread-400) App info kafka.consumer for consumer-Consumer-topic-bf55101f_5d2c_48f3_b7cd_bd8f813e2429-36 unregistered
2025-07-31 15:54:46,233 INFO  [org.apa.kaf.cli.pro.KafkaProducer] (main) [Producer clientId=Producer-topic-bf55101f_5d2c_48f3_b7cd_bd8f813e2429] Closing the Kafka producer with timeoutMillis = 9223372036854775807 ms.
2025-07-31 15:54:46,233 INFO  [org.apa.kaf.com.met.Metrics] (main) Metrics scheduler closed
2025-07-31 15:54:46,233 INFO  [org.apa.kaf.com.met.Metrics] (main) Closing reporter org.apache.kafka.common.metrics.JmxReporter
2025-07-31 15:54:46,233 INFO  [org.apa.kaf.com.met.Metrics] (main) Closing reporter org.apache.kafka.common.telemetry.internals.ClientTelemetryReporter
2025-07-31 15:54:46,233 INFO  [org.apa.kaf.com.met.Metrics] (main) Metrics reporters closed
2025-07-31 15:54:46,233 INFO  [org.apa.kaf.com.uti.AppInfoParser] (main) App info kafka.producer for Producer-topic-bf55101f_5d2c_48f3_b7cd_bd8f813e2429 unregistered
2025-07-31 15:54:46,352 INFO  [io.api.tes.ser.con.BasicConfluentSerDesIT] (main) Deleting confluent schema topic-bf55101f_5d2c_48f3_b7cd_bd8f813e2429-sc24c59abx08fcx47b1xb88axce1474bb592f
2025-07-31 15:54:46,435 INFO  [io.api.tes.uti.TestSeparator] (main) io.apicurio.tests.serdes.confluent.BasicConfluentSerDesIT.testEvolveAvroConfluent-FINISHED
2025-07-31 15:54:46,436 INFO  [io.api.tes.uti.TestSeparator] (main) ############################################################################
]]></system-out>
  </testcase>
  <testcase name="testAvroConfluentSerDes" classname="io.apicurio.tests.serdes.confluent.BasicConfluentSerDesIT" time="1.093">
    <system-out><![CDATA[2025-07-31 15:54:46,437 INFO  [io.api.tes.uti.TestSeparator] (main) ############################################################################
2025-07-31 15:54:46,437 INFO  [io.api.tes.uti.TestSeparator] (main) io.apicurio.tests.serdes.confluent.BasicConfluentSerDesIT.testAvroConfluentSerDes-STARTED
2025-07-31 15:54:46,599 INFO  [io.api.tes.ser.con.BasicConfluentSerDesIT] (main) Checking that created schema is equal to the get schema
2025-07-31 15:54:46,658 INFO  [io.api.tes.ser.con.BasicConfluentSerDesIT] (main) Created schema with id:68 and name:myrecordconfluent1
2025-07-31 15:54:46,659 INFO  [org.apa.kaf.cli.pro.ProducerConfig] (main) ProducerConfig values: 
	acks = -1
	auto.include.jmx.reporter = true
	batch.size = 16384
	bootstrap.servers = [PLAINTEXT://localhost:32770]
	buffer.memory = 33554432
	client.dns.lookup = use_all_dns_ips
	client.id = Producer-topic-79f02f9d_8eaf_48d3_8c9e_c081eabc426c
	compression.gzip.level = -1
	compression.lz4.level = 9
	compression.type = none
	compression.zstd.level = 3
	connections.max.idle.ms = 10000
	delivery.timeout.ms = 120000
	enable.idempotence = true
	enable.metrics.push = true
	interceptor.classes = []
	key.serializer = class org.apache.kafka.common.serialization.StringSerializer
	linger.ms = 0
	max.block.ms = 60000
	max.in.flight.requests.per.connection = 5
	max.request.size = 1048576
	metadata.max.age.ms = 300000
	metadata.max.idle.ms = 300000
	metadata.recovery.strategy = none
	metric.reporters = []
	metrics.num.samples = 2
	metrics.recording.level = INFO
	metrics.sample.window.ms = 30000
	partitioner.adaptive.partitioning.enable = true
	partitioner.availability.timeout.ms = 0
	partitioner.class = null
	partitioner.ignore.keys = false
	receive.buffer.bytes = 32768
	reconnect.backoff.max.ms = 1000
	reconnect.backoff.ms = 50
	request.timeout.ms = 5000
	retries = 2147483647
	retry.backoff.max.ms = 1000
	retry.backoff.ms = 100
	sasl.client.callback.handler.class = null
	sasl.jaas.config = null
	sasl.kerberos.kinit.cmd = /usr/bin/kinit
	sasl.kerberos.min.time.before.relogin = 60000
	sasl.kerberos.service.name = null
	sasl.kerberos.ticket.renew.jitter = 0.05
	sasl.kerberos.ticket.renew.window.factor = 0.8
	sasl.login.callback.handler.class = null
	sasl.login.class = null
	sasl.login.connect.timeout.ms = null
	sasl.login.read.timeout.ms = null
	sasl.login.refresh.buffer.seconds = 300
	sasl.login.refresh.min.period.seconds = 60
	sasl.login.refresh.window.factor = 0.8
	sasl.login.refresh.window.jitter = 0.05
	sasl.login.retry.backoff.max.ms = 10000
	sasl.login.retry.backoff.ms = 100
	sasl.mechanism = GSSAPI
	sasl.oauthbearer.clock.skew.seconds = 30
	sasl.oauthbearer.expected.audience = null
	sasl.oauthbearer.expected.issuer = null
	sasl.oauthbearer.header.urlencode = false
	sasl.oauthbearer.jwks.endpoint.refresh.ms = 3600000
	sasl.oauthbearer.jwks.endpoint.retry.backoff.max.ms = 10000
	sasl.oauthbearer.jwks.endpoint.retry.backoff.ms = 100
	sasl.oauthbearer.jwks.endpoint.url = null
	sasl.oauthbearer.scope.claim.name = scope
	sasl.oauthbearer.sub.claim.name = sub
	sasl.oauthbearer.token.endpoint.url = null
	security.protocol = PLAINTEXT
	security.providers = null
	send.buffer.bytes = 131072
	socket.connection.setup.timeout.max.ms = 30000
	socket.connection.setup.timeout.ms = 10000
	ssl.cipher.suites = null
	ssl.enabled.protocols = [TLSv1.2, TLSv1.3]
	ssl.endpoint.identification.algorithm = https
	ssl.engine.factory.class = null
	ssl.key.password = null
	ssl.keymanager.algorithm = SunX509
	ssl.keystore.certificate.chain = null
	ssl.keystore.key = null
	ssl.keystore.location = null
	ssl.keystore.password = null
	ssl.keystore.type = JKS
	ssl.protocol = TLSv1.3
	ssl.provider = null
	ssl.secure.random.implementation = null
	ssl.trustmanager.algorithm = PKIX
	ssl.truststore.certificates = null
	ssl.truststore.location = null
	ssl.truststore.password = null
	ssl.truststore.type = JKS
	transaction.timeout.ms = 60000
	transactional.id = null
	value.serializer = class io.confluent.kafka.serializers.KafkaAvroSerializer

2025-07-31 15:54:46,659 INFO  [org.apa.kaf.com.tel.int.KafkaMetricsCollector] (main) initializing Kafka metrics collector
2025-07-31 15:54:46,660 INFO  [io.con.kaf.ser.KafkaAvroSerializerConfig] (main) KafkaAvroSerializerConfig values: 
	auto.register.schemas = false
	avro.reflection.allow.null = false
	avro.remove.java.properties = false
	avro.use.logical.type.converters = false
	basic.auth.credentials.source = URL
	basic.auth.user.info = [hidden]
	bearer.auth.cache.expiry.buffer.seconds = 300
	bearer.auth.client.id = null
	bearer.auth.client.secret = null
	bearer.auth.credentials.source = STATIC_TOKEN
	bearer.auth.custom.provider.class = null
	bearer.auth.identity.pool.id = null
	bearer.auth.issuer.endpoint.url = null
	bearer.auth.logical.cluster = null
	bearer.auth.scope = null
	bearer.auth.scope.claim.name = scope
	bearer.auth.sub.claim.name = sub
	bearer.auth.token = [hidden]
	context.name.strategy = class io.confluent.kafka.serializers.context.NullContextNameStrategy
	http.connect.timeout.ms = 60000
	http.read.timeout.ms = 60000
	id.compatibility.strict = true
	key.subject.name.strategy = class io.confluent.kafka.serializers.subject.TopicNameStrategy
	latest.cache.size = 1000
	latest.cache.ttl.sec = -1
	latest.compatibility.strict = true
	max.retries = 3
	max.schemas.per.subject = 1000
	normalize.schemas = false
	propagate.schema.tags = false
	proxy.host = 
	proxy.port = -1
	retries.max.wait.ms = 20000
	retries.wait.ms = 1000
	rule.actions = []
	rule.executors = []
	rule.service.loader.enable = true
	schema.format = null
	schema.reflection = false
	schema.registry.basic.auth.user.info = [hidden]
	schema.registry.ssl.cipher.suites = null
	schema.registry.ssl.enabled.protocols = [TLSv1.2, TLSv1.3]
	schema.registry.ssl.endpoint.identification.algorithm = https
	schema.registry.ssl.engine.factory.class = null
	schema.registry.ssl.key.password = null
	schema.registry.ssl.keymanager.algorithm = SunX509
	schema.registry.ssl.keystore.certificate.chain = null
	schema.registry.ssl.keystore.key = null
	schema.registry.ssl.keystore.location = null
	schema.registry.ssl.keystore.password = null
	schema.registry.ssl.keystore.type = JKS
	schema.registry.ssl.protocol = TLSv1.3
	schema.registry.ssl.provider = null
	schema.registry.ssl.secure.random.implementation = null
	schema.registry.ssl.trustmanager.algorithm = PKIX
	schema.registry.ssl.truststore.certificates = null
	schema.registry.ssl.truststore.location = null
	schema.registry.ssl.truststore.password = null
	schema.registry.ssl.truststore.type = JKS
	schema.registry.url = [http://registry-app-kafkasql.apps.ci419.apicurio-testing.org:80/apis/ccompat/v7]
	use.latest.version = false
	use.latest.with.metadata = null
	use.schema.id = -1
	value.subject.name.strategy = class io.confluent.kafka.serializers.subject.TopicNameStrategy

2025-07-31 15:54:46,662 INFO  [org.apa.kaf.cli.pro.KafkaProducer] (main) [Producer clientId=Producer-topic-79f02f9d_8eaf_48d3_8c9e_c081eabc426c] Instantiated an idempotent producer.
2025-07-31 15:54:46,663 INFO  [org.apa.kaf.cli.pro.ProducerConfig] (main) These configurations '[schema.registry.url, auto.register.schemas, value.subject.name.strategy]' were supplied but are not used yet.
2025-07-31 15:54:46,663 INFO  [org.apa.kaf.com.uti.AppInfoParser] (main) Kafka version: 3.9.0
2025-07-31 15:54:46,663 INFO  [org.apa.kaf.com.uti.AppInfoParser] (main) Kafka commitId: 84caaa6e9da06435
2025-07-31 15:54:46,663 INFO  [org.apa.kaf.com.uti.AppInfoParser] (main) Kafka startTimeMs: 1753977286663
2025-07-31 15:54:46,663 INFO  [io.api.tes.ser.api.SimpleSerdesTesterBuilder$SimpleSerdesTester] (main) Using producer configuration: {schema.registry.url=http://registry-app-kafkasql.apps.ci419.apicurio-testing.org:80/apis/ccompat/v7, value.serializer=io.confluent.kafka.serializers.KafkaAvroSerializer, request.timeout.ms=5000, auto.register.schemas=false, acks=all, bootstrap.servers=PLAINTEXT://localhost:32770, connections.max.idle.ms=10000, key.serializer=org.apache.kafka.common.serialization.StringSerializer, value.subject.name.strategy=io.confluent.kafka.serializers.subject.TopicNameStrategy, client.id=Producer-topic-79f02f9d_8eaf_48d3_8c9e_c081eabc426c}
2025-07-31 15:54:46,663 INFO  [io.api.tes.ser.api.SimpleSerdesTesterBuilder$SimpleSerdesTester] (main) Using consumer configuration: {}
2025-07-31 15:54:46,663 INFO  [io.api.tes.ser.api.KafkaSerdesTester] (Thread-401) Sending message {"key1": "value-0"} to topic topic-79f02f9d_8eaf_48d3_8c9e_c081eabc426c
2025-07-31 15:54:46,666 INFO  [org.apa.kaf.cli.Metadata] (kafka-producer-network-thread | Producer-topic-79f02f9d_8eaf_48d3_8c9e_c081eabc426c) [Producer clientId=Producer-topic-79f02f9d_8eaf_48d3_8c9e_c081eabc426c] Cluster ID: k5QcScx1TGu5ZEx470RFLw
2025-07-31 15:54:46,666 INFO  [org.apa.kaf.cli.pro.int.TransactionManager] (kafka-producer-network-thread | Producer-topic-79f02f9d_8eaf_48d3_8c9e_c081eabc426c) [Producer clientId=Producer-topic-79f02f9d_8eaf_48d3_8c9e_c081eabc426c] ProducerId set to 50 with epoch 0
2025-07-31 15:54:46,731 INFO  [io.api.tes.ser.api.KafkaSerdesTester] (Thread-401) Sending message {"key1": "value-1"} to topic topic-79f02f9d_8eaf_48d3_8c9e_c081eabc426c
2025-07-31 15:54:46,733 INFO  [io.api.tes.ser.api.KafkaSerdesTester] (Thread-401) Sending message {"key1": "value-2"} to topic topic-79f02f9d_8eaf_48d3_8c9e_c081eabc426c
2025-07-31 15:54:46,734 INFO  [io.api.tes.ser.api.KafkaSerdesTester] (Thread-401) Sending message {"key1": "value-3"} to topic topic-79f02f9d_8eaf_48d3_8c9e_c081eabc426c
2025-07-31 15:54:46,735 INFO  [io.api.tes.ser.api.KafkaSerdesTester] (Thread-401) Sending message {"key1": "value-4"} to topic topic-79f02f9d_8eaf_48d3_8c9e_c081eabc426c
2025-07-31 15:54:46,736 INFO  [io.api.tes.ser.api.KafkaSerdesTester] (Thread-401) Sending message {"key1": "value-5"} to topic topic-79f02f9d_8eaf_48d3_8c9e_c081eabc426c
2025-07-31 15:54:46,737 INFO  [io.api.tes.ser.api.KafkaSerdesTester] (Thread-401) Sending message {"key1": "value-6"} to topic topic-79f02f9d_8eaf_48d3_8c9e_c081eabc426c
2025-07-31 15:54:46,738 INFO  [io.api.tes.ser.api.KafkaSerdesTester] (Thread-401) Sending message {"key1": "value-7"} to topic topic-79f02f9d_8eaf_48d3_8c9e_c081eabc426c
2025-07-31 15:54:46,739 INFO  [io.api.tes.ser.api.KafkaSerdesTester] (Thread-401) Sending message {"key1": "value-8"} to topic topic-79f02f9d_8eaf_48d3_8c9e_c081eabc426c
2025-07-31 15:54:46,740 INFO  [io.api.tes.ser.api.KafkaSerdesTester] (Thread-401) Sending message {"key1": "value-9"} to topic topic-79f02f9d_8eaf_48d3_8c9e_c081eabc426c
2025-07-31 15:54:46,741 INFO  [io.api.tes.ser.api.KafkaSerdesTester] (Thread-401) Produced 10 messages
2025-07-31 15:54:46,741 INFO  [org.apa.kaf.cli.pro.KafkaProducer] (Thread-401) [Producer clientId=Producer-topic-79f02f9d_8eaf_48d3_8c9e_c081eabc426c] Closing the Kafka producer with timeoutMillis = 9223372036854775807 ms.
2025-07-31 15:54:46,742 INFO  [org.apa.kaf.com.met.Metrics] (Thread-401) Metrics scheduler closed
2025-07-31 15:54:46,742 INFO  [org.apa.kaf.com.met.Metrics] (Thread-401) Closing reporter org.apache.kafka.common.metrics.JmxReporter
2025-07-31 15:54:46,742 INFO  [org.apa.kaf.com.met.Metrics] (Thread-401) Closing reporter org.apache.kafka.common.telemetry.internals.ClientTelemetryReporter
2025-07-31 15:54:46,742 INFO  [org.apa.kaf.com.met.Metrics] (Thread-401) Metrics reporters closed
2025-07-31 15:54:46,743 INFO  [org.apa.kaf.com.uti.AppInfoParser] (Thread-401) App info kafka.producer for Producer-topic-79f02f9d_8eaf_48d3_8c9e_c081eabc426c unregistered
2025-07-31 15:54:46,743 INFO  [org.apa.kaf.cli.con.ConsumerConfig] (main) ConsumerConfig values: 
	allow.auto.create.topics = true
	auto.commit.interval.ms = 500
	auto.include.jmx.reporter = true
	auto.offset.reset = earliest
	bootstrap.servers = [PLAINTEXT://localhost:32770]
	check.crcs = true
	client.dns.lookup = use_all_dns_ips
	client.id = consumer-Consumer-topic-79f02f9d_8eaf_48d3_8c9e_c081eabc426c-37
	client.rack = 
	connections.max.idle.ms = 10000
	default.api.timeout.ms = 60000
	enable.auto.commit = true
	enable.metrics.push = true
	exclude.internal.topics = true
	fetch.max.bytes = 52428800
	fetch.max.wait.ms = 500
	fetch.min.bytes = 1
	group.id = Consumer-topic-79f02f9d_8eaf_48d3_8c9e_c081eabc426c
	group.instance.id = null
	group.protocol = classic
	group.remote.assignor = null
	heartbeat.interval.ms = 3000
	interceptor.classes = []
	internal.leave.group.on.close = true
	internal.throw.on.fetch.stable.offset.unsupported = false
	isolation.level = read_uncommitted
	key.deserializer = class org.apache.kafka.common.serialization.StringDeserializer
	max.partition.fetch.bytes = 1048576
	max.poll.interval.ms = 300000
	max.poll.records = 500
	metadata.max.age.ms = 300000
	metadata.recovery.strategy = none
	metric.reporters = []
	metrics.num.samples = 2
	metrics.recording.level = INFO
	metrics.sample.window.ms = 30000
	partition.assignment.strategy = [class org.apache.kafka.clients.consumer.RangeAssignor, class org.apache.kafka.clients.consumer.CooperativeStickyAssignor]
	receive.buffer.bytes = 65536
	reconnect.backoff.max.ms = 1000
	reconnect.backoff.ms = 50
	request.timeout.ms = 5000
	retry.backoff.max.ms = 1000
	retry.backoff.ms = 100
	sasl.client.callback.handler.class = null
	sasl.jaas.config = null
	sasl.kerberos.kinit.cmd = /usr/bin/kinit
	sasl.kerberos.min.time.before.relogin = 60000
	sasl.kerberos.service.name = null
	sasl.kerberos.ticket.renew.jitter = 0.05
	sasl.kerberos.ticket.renew.window.factor = 0.8
	sasl.login.callback.handler.class = null
	sasl.login.class = null
	sasl.login.connect.timeout.ms = null
	sasl.login.read.timeout.ms = null
	sasl.login.refresh.buffer.seconds = 300
	sasl.login.refresh.min.period.seconds = 60
	sasl.login.refresh.window.factor = 0.8
	sasl.login.refresh.window.jitter = 0.05
	sasl.login.retry.backoff.max.ms = 10000
	sasl.login.retry.backoff.ms = 100
	sasl.mechanism = GSSAPI
	sasl.oauthbearer.clock.skew.seconds = 30
	sasl.oauthbearer.expected.audience = null
	sasl.oauthbearer.expected.issuer = null
	sasl.oauthbearer.header.urlencode = false
	sasl.oauthbearer.jwks.endpoint.refresh.ms = 3600000
	sasl.oauthbearer.jwks.endpoint.retry.backoff.max.ms = 10000
	sasl.oauthbearer.jwks.endpoint.retry.backoff.ms = 100
	sasl.oauthbearer.jwks.endpoint.url = null
	sasl.oauthbearer.scope.claim.name = scope
	sasl.oauthbearer.sub.claim.name = sub
	sasl.oauthbearer.token.endpoint.url = null
	security.protocol = PLAINTEXT
	security.providers = null
	send.buffer.bytes = 131072
	session.timeout.ms = 45000
	socket.connection.setup.timeout.max.ms = 30000
	socket.connection.setup.timeout.ms = 10000
	ssl.cipher.suites = null
	ssl.enabled.protocols = [TLSv1.2, TLSv1.3]
	ssl.endpoint.identification.algorithm = https
	ssl.engine.factory.class = null
	ssl.key.password = null
	ssl.keymanager.algorithm = SunX509
	ssl.keystore.certificate.chain = null
	ssl.keystore.key = null
	ssl.keystore.location = null
	ssl.keystore.password = null
	ssl.keystore.type = JKS
	ssl.protocol = TLSv1.3
	ssl.provider = null
	ssl.secure.random.implementation = null
	ssl.trustmanager.algorithm = PKIX
	ssl.truststore.certificates = null
	ssl.truststore.location = null
	ssl.truststore.password = null
	ssl.truststore.type = JKS
	value.deserializer = class io.confluent.kafka.serializers.KafkaAvroDeserializer

2025-07-31 15:54:46,743 INFO  [org.apa.kaf.com.tel.int.KafkaMetricsCollector] (main) initializing Kafka metrics collector
2025-07-31 15:54:46,743 INFO  [io.con.kaf.ser.KafkaAvroDeserializerConfig] (main) KafkaAvroDeserializerConfig values: 
	auto.register.schemas = true
	avro.reflection.allow.null = false
	avro.use.logical.type.converters = false
	basic.auth.credentials.source = URL
	basic.auth.user.info = [hidden]
	bearer.auth.cache.expiry.buffer.seconds = 300
	bearer.auth.client.id = null
	bearer.auth.client.secret = null
	bearer.auth.credentials.source = STATIC_TOKEN
	bearer.auth.custom.provider.class = null
	bearer.auth.identity.pool.id = null
	bearer.auth.issuer.endpoint.url = null
	bearer.auth.logical.cluster = null
	bearer.auth.scope = null
	bearer.auth.scope.claim.name = scope
	bearer.auth.sub.claim.name = sub
	bearer.auth.token = [hidden]
	context.name.strategy = class io.confluent.kafka.serializers.context.NullContextNameStrategy
	http.connect.timeout.ms = 60000
	http.read.timeout.ms = 60000
	id.compatibility.strict = true
	key.subject.name.strategy = class io.confluent.kafka.serializers.subject.TopicNameStrategy
	latest.cache.size = 1000
	latest.cache.ttl.sec = -1
	latest.compatibility.strict = true
	max.retries = 3
	max.schemas.per.subject = 1000
	normalize.schemas = false
	propagate.schema.tags = false
	proxy.host = 
	proxy.port = -1
	retries.max.wait.ms = 20000
	retries.wait.ms = 1000
	rule.actions = []
	rule.executors = []
	rule.service.loader.enable = true
	schema.format = null
	schema.reflection = false
	schema.registry.basic.auth.user.info = [hidden]
	schema.registry.ssl.cipher.suites = null
	schema.registry.ssl.enabled.protocols = [TLSv1.2, TLSv1.3]
	schema.registry.ssl.endpoint.identification.algorithm = https
	schema.registry.ssl.engine.factory.class = null
	schema.registry.ssl.key.password = null
	schema.registry.ssl.keymanager.algorithm = SunX509
	schema.registry.ssl.keystore.certificate.chain = null
	schema.registry.ssl.keystore.key = null
	schema.registry.ssl.keystore.location = null
	schema.registry.ssl.keystore.password = null
	schema.registry.ssl.keystore.type = JKS
	schema.registry.ssl.protocol = TLSv1.3
	schema.registry.ssl.provider = null
	schema.registry.ssl.secure.random.implementation = null
	schema.registry.ssl.trustmanager.algorithm = PKIX
	schema.registry.ssl.truststore.certificates = null
	schema.registry.ssl.truststore.location = null
	schema.registry.ssl.truststore.password = null
	schema.registry.ssl.truststore.type = JKS
	schema.registry.url = [http://registry-app-kafkasql.apps.ci419.apicurio-testing.org:80/apis/ccompat/v7]
	specific.avro.key.type = null
	specific.avro.reader = false
	specific.avro.value.type = null
	use.latest.version = false
	use.latest.with.metadata = null
	use.schema.id = -1
	value.subject.name.strategy = class io.confluent.kafka.serializers.subject.TopicNameStrategy

2025-07-31 15:54:46,744 INFO  [io.con.kaf.ser.KafkaAvroDeserializerConfig] (main) KafkaAvroDeserializerConfig values: 
	auto.register.schemas = true
	avro.reflection.allow.null = false
	avro.use.logical.type.converters = false
	basic.auth.credentials.source = URL
	basic.auth.user.info = [hidden]
	bearer.auth.cache.expiry.buffer.seconds = 300
	bearer.auth.client.id = null
	bearer.auth.client.secret = null
	bearer.auth.credentials.source = STATIC_TOKEN
	bearer.auth.custom.provider.class = null
	bearer.auth.identity.pool.id = null
	bearer.auth.issuer.endpoint.url = null
	bearer.auth.logical.cluster = null
	bearer.auth.scope = null
	bearer.auth.scope.claim.name = scope
	bearer.auth.sub.claim.name = sub
	bearer.auth.token = [hidden]
	context.name.strategy = class io.confluent.kafka.serializers.context.NullContextNameStrategy
	http.connect.timeout.ms = 60000
	http.read.timeout.ms = 60000
	id.compatibility.strict = true
	key.subject.name.strategy = class io.confluent.kafka.serializers.subject.TopicNameStrategy
	latest.cache.size = 1000
	latest.cache.ttl.sec = -1
	latest.compatibility.strict = true
	max.retries = 3
	max.schemas.per.subject = 1000
	normalize.schemas = false
	propagate.schema.tags = false
	proxy.host = 
	proxy.port = -1
	retries.max.wait.ms = 20000
	retries.wait.ms = 1000
	rule.actions = []
	rule.executors = []
	rule.service.loader.enable = true
	schema.format = null
	schema.reflection = false
	schema.registry.basic.auth.user.info = [hidden]
	schema.registry.ssl.cipher.suites = null
	schema.registry.ssl.enabled.protocols = [TLSv1.2, TLSv1.3]
	schema.registry.ssl.endpoint.identification.algorithm = https
	schema.registry.ssl.engine.factory.class = null
	schema.registry.ssl.key.password = null
	schema.registry.ssl.keymanager.algorithm = SunX509
	schema.registry.ssl.keystore.certificate.chain = null
	schema.registry.ssl.keystore.key = null
	schema.registry.ssl.keystore.location = null
	schema.registry.ssl.keystore.password = null
	schema.registry.ssl.keystore.type = JKS
	schema.registry.ssl.protocol = TLSv1.3
	schema.registry.ssl.provider = null
	schema.registry.ssl.secure.random.implementation = null
	schema.registry.ssl.trustmanager.algorithm = PKIX
	schema.registry.ssl.truststore.certificates = null
	schema.registry.ssl.truststore.location = null
	schema.registry.ssl.truststore.password = null
	schema.registry.ssl.truststore.type = JKS
	schema.registry.url = [http://registry-app-kafkasql.apps.ci419.apicurio-testing.org:80/apis/ccompat/v7]
	specific.avro.key.type = null
	specific.avro.reader = false
	specific.avro.value.type = null
	use.latest.version = false
	use.latest.with.metadata = null
	use.schema.id = -1
	value.subject.name.strategy = class io.confluent.kafka.serializers.subject.TopicNameStrategy

2025-07-31 15:54:46,747 INFO  [org.apa.kaf.cli.con.ConsumerConfig] (main) These configurations '[schema.registry.url]' were supplied but are not used yet.
2025-07-31 15:54:46,747 INFO  [org.apa.kaf.com.uti.AppInfoParser] (main) Kafka version: 3.9.0
2025-07-31 15:54:46,747 INFO  [org.apa.kaf.com.uti.AppInfoParser] (main) Kafka commitId: 84caaa6e9da06435
2025-07-31 15:54:46,747 INFO  [org.apa.kaf.com.uti.AppInfoParser] (main) Kafka startTimeMs: 1753977286747
2025-07-31 15:54:46,747 INFO  [org.apa.kaf.cli.con.int.ClassicKafkaConsumer] (Thread-402) [Consumer clientId=consumer-Consumer-topic-79f02f9d_8eaf_48d3_8c9e_c081eabc426c-37, groupId=Consumer-topic-79f02f9d_8eaf_48d3_8c9e_c081eabc426c] Subscribed to topic(s): topic-79f02f9d_8eaf_48d3_8c9e_c081eabc426c
2025-07-31 15:54:46,751 INFO  [org.apa.kaf.cli.Metadata] (Thread-402) [Consumer clientId=consumer-Consumer-topic-79f02f9d_8eaf_48d3_8c9e_c081eabc426c-37, groupId=Consumer-topic-79f02f9d_8eaf_48d3_8c9e_c081eabc426c] Cluster ID: k5QcScx1TGu5ZEx470RFLw
2025-07-31 15:54:46,751 INFO  [org.apa.kaf.cli.con.int.ConsumerCoordinator] (Thread-402) [Consumer clientId=consumer-Consumer-topic-79f02f9d_8eaf_48d3_8c9e_c081eabc426c-37, groupId=Consumer-topic-79f02f9d_8eaf_48d3_8c9e_c081eabc426c] Discovered group coordinator localhost:32770 (id: 2147483647 rack: null)
2025-07-31 15:54:46,752 INFO  [org.apa.kaf.cli.con.int.ConsumerCoordinator] (Thread-402) [Consumer clientId=consumer-Consumer-topic-79f02f9d_8eaf_48d3_8c9e_c081eabc426c-37, groupId=Consumer-topic-79f02f9d_8eaf_48d3_8c9e_c081eabc426c] (Re-)joining group
2025-07-31 15:54:46,754 INFO  [org.apa.kaf.cli.con.int.ConsumerCoordinator] (Thread-402) [Consumer clientId=consumer-Consumer-topic-79f02f9d_8eaf_48d3_8c9e_c081eabc426c-37, groupId=Consumer-topic-79f02f9d_8eaf_48d3_8c9e_c081eabc426c] Request joining group due to: need to re-join with the given member-id: consumer-Consumer-topic-79f02f9d_8eaf_48d3_8c9e_c081eabc426c-37-bd1a2fc6-efb4-49c0-ab1b-02b770002d4f
2025-07-31 15:54:46,754 INFO  [org.apa.kaf.cli.con.int.ConsumerCoordinator] (Thread-402) [Consumer clientId=consumer-Consumer-topic-79f02f9d_8eaf_48d3_8c9e_c081eabc426c-37, groupId=Consumer-topic-79f02f9d_8eaf_48d3_8c9e_c081eabc426c] (Re-)joining group
2025-07-31 15:54:46,757 INFO  [org.apa.kaf.cli.con.int.ConsumerCoordinator] (Thread-402) [Consumer clientId=consumer-Consumer-topic-79f02f9d_8eaf_48d3_8c9e_c081eabc426c-37, groupId=Consumer-topic-79f02f9d_8eaf_48d3_8c9e_c081eabc426c] Successfully joined group with generation Generation{generationId=1, memberId='consumer-Consumer-topic-79f02f9d_8eaf_48d3_8c9e_c081eabc426c-37-bd1a2fc6-efb4-49c0-ab1b-02b770002d4f', protocol='range'}
2025-07-31 15:54:46,757 INFO  [org.apa.kaf.cli.con.int.ConsumerCoordinator] (Thread-402) [Consumer clientId=consumer-Consumer-topic-79f02f9d_8eaf_48d3_8c9e_c081eabc426c-37, groupId=Consumer-topic-79f02f9d_8eaf_48d3_8c9e_c081eabc426c] Finished assignment for group at generation 1: {consumer-Consumer-topic-79f02f9d_8eaf_48d3_8c9e_c081eabc426c-37-bd1a2fc6-efb4-49c0-ab1b-02b770002d4f=Assignment(partitions=[topic-79f02f9d_8eaf_48d3_8c9e_c081eabc426c-0])}
2025-07-31 15:54:46,758 INFO  [org.apa.kaf.cli.con.int.ConsumerCoordinator] (Thread-402) [Consumer clientId=consumer-Consumer-topic-79f02f9d_8eaf_48d3_8c9e_c081eabc426c-37, groupId=Consumer-topic-79f02f9d_8eaf_48d3_8c9e_c081eabc426c] Successfully synced group in generation Generation{generationId=1, memberId='consumer-Consumer-topic-79f02f9d_8eaf_48d3_8c9e_c081eabc426c-37-bd1a2fc6-efb4-49c0-ab1b-02b770002d4f', protocol='range'}
2025-07-31 15:54:46,758 INFO  [org.apa.kaf.cli.con.int.ConsumerCoordinator] (Thread-402) [Consumer clientId=consumer-Consumer-topic-79f02f9d_8eaf_48d3_8c9e_c081eabc426c-37, groupId=Consumer-topic-79f02f9d_8eaf_48d3_8c9e_c081eabc426c] Notifying assignor about the new Assignment(partitions=[topic-79f02f9d_8eaf_48d3_8c9e_c081eabc426c-0])
2025-07-31 15:54:46,758 INFO  [org.apa.kaf.cli.con.int.ConsumerRebalanceListenerInvoker] (Thread-402) [Consumer clientId=consumer-Consumer-topic-79f02f9d_8eaf_48d3_8c9e_c081eabc426c-37, groupId=Consumer-topic-79f02f9d_8eaf_48d3_8c9e_c081eabc426c] Adding newly assigned partitions: topic-79f02f9d_8eaf_48d3_8c9e_c081eabc426c-0
2025-07-31 15:54:46,759 INFO  [org.apa.kaf.cli.con.int.ConsumerCoordinator] (Thread-402) [Consumer clientId=consumer-Consumer-topic-79f02f9d_8eaf_48d3_8c9e_c081eabc426c-37, groupId=Consumer-topic-79f02f9d_8eaf_48d3_8c9e_c081eabc426c] Found no committed offset for partition topic-79f02f9d_8eaf_48d3_8c9e_c081eabc426c-0
2025-07-31 15:54:46,762 INFO  [org.apa.kaf.cli.con.int.SubscriptionState] (Thread-402) [Consumer clientId=consumer-Consumer-topic-79f02f9d_8eaf_48d3_8c9e_c081eabc426c-37, groupId=Consumer-topic-79f02f9d_8eaf_48d3_8c9e_c081eabc426c] Resetting offset for partition topic-79f02f9d_8eaf_48d3_8c9e_c081eabc426c-0 to position FetchPosition{offset=0, offsetEpoch=Optional.empty, currentLeader=LeaderAndEpoch{leader=Optional[localhost:32770 (id: 0 rack: null)], epoch=0}}.
2025-07-31 15:54:46,823 INFO  [io.api.tes.ser.api.KafkaSerdesTester] (Thread-402) topic-79f02f9d_8eaf_48d3_8c9e_c081eabc426c 0 0 {"key1": "value-0"}
2025-07-31 15:54:46,823 INFO  [io.api.tes.ser.api.KafkaSerdesTester] (Thread-402) topic-79f02f9d_8eaf_48d3_8c9e_c081eabc426c 0 1 {"key1": "value-1"}
2025-07-31 15:54:46,823 INFO  [io.api.tes.ser.api.KafkaSerdesTester] (Thread-402) topic-79f02f9d_8eaf_48d3_8c9e_c081eabc426c 0 2 {"key1": "value-2"}
2025-07-31 15:54:46,823 INFO  [io.api.tes.ser.api.KafkaSerdesTester] (Thread-402) topic-79f02f9d_8eaf_48d3_8c9e_c081eabc426c 0 3 {"key1": "value-3"}
2025-07-31 15:54:46,823 INFO  [io.api.tes.ser.api.KafkaSerdesTester] (Thread-402) topic-79f02f9d_8eaf_48d3_8c9e_c081eabc426c 0 4 {"key1": "value-4"}
2025-07-31 15:54:46,823 INFO  [io.api.tes.ser.api.KafkaSerdesTester] (Thread-402) topic-79f02f9d_8eaf_48d3_8c9e_c081eabc426c 0 5 {"key1": "value-5"}
2025-07-31 15:54:46,823 INFO  [io.api.tes.ser.api.KafkaSerdesTester] (Thread-402) topic-79f02f9d_8eaf_48d3_8c9e_c081eabc426c 0 6 {"key1": "value-6"}
2025-07-31 15:54:46,823 INFO  [io.api.tes.ser.api.KafkaSerdesTester] (Thread-402) topic-79f02f9d_8eaf_48d3_8c9e_c081eabc426c 0 7 {"key1": "value-7"}
2025-07-31 15:54:46,823 INFO  [io.api.tes.ser.api.KafkaSerdesTester] (Thread-402) topic-79f02f9d_8eaf_48d3_8c9e_c081eabc426c 0 8 {"key1": "value-8"}
2025-07-31 15:54:46,823 INFO  [io.api.tes.ser.api.KafkaSerdesTester] (Thread-402) topic-79f02f9d_8eaf_48d3_8c9e_c081eabc426c 0 9 {"key1": "value-9"}
2025-07-31 15:54:46,824 INFO  [io.api.tes.ser.api.KafkaSerdesTester] (Thread-402) Consumed 10 messages
2025-07-31 15:54:46,825 INFO  [org.apa.kaf.cli.con.int.ConsumerRebalanceListenerInvoker] (Thread-402) [Consumer clientId=consumer-Consumer-topic-79f02f9d_8eaf_48d3_8c9e_c081eabc426c-37, groupId=Consumer-topic-79f02f9d_8eaf_48d3_8c9e_c081eabc426c] Revoke previously assigned partitions topic-79f02f9d_8eaf_48d3_8c9e_c081eabc426c-0
2025-07-31 15:54:46,826 INFO  [org.apa.kaf.cli.con.int.ConsumerCoordinator] (Thread-402) [Consumer clientId=consumer-Consumer-topic-79f02f9d_8eaf_48d3_8c9e_c081eabc426c-37, groupId=Consumer-topic-79f02f9d_8eaf_48d3_8c9e_c081eabc426c] Member consumer-Consumer-topic-79f02f9d_8eaf_48d3_8c9e_c081eabc426c-37-bd1a2fc6-efb4-49c0-ab1b-02b770002d4f sending LeaveGroup request to coordinator localhost:32770 (id: 2147483647 rack: null) due to the consumer is being closed
2025-07-31 15:54:46,826 INFO  [org.apa.kaf.cli.con.int.ConsumerCoordinator] (Thread-402) [Consumer clientId=consumer-Consumer-topic-79f02f9d_8eaf_48d3_8c9e_c081eabc426c-37, groupId=Consumer-topic-79f02f9d_8eaf_48d3_8c9e_c081eabc426c] Resetting generation and member id due to: consumer pro-actively leaving the group
2025-07-31 15:54:46,826 INFO  [org.apa.kaf.cli.con.int.ConsumerCoordinator] (Thread-402) [Consumer clientId=consumer-Consumer-topic-79f02f9d_8eaf_48d3_8c9e_c081eabc426c-37, groupId=Consumer-topic-79f02f9d_8eaf_48d3_8c9e_c081eabc426c] Request joining group due to: consumer pro-actively leaving the group
2025-07-31 15:54:47,325 INFO  [org.apa.kaf.com.met.Metrics] (Thread-402) Metrics scheduler closed
2025-07-31 15:54:47,325 INFO  [org.apa.kaf.com.met.Metrics] (Thread-402) Closing reporter org.apache.kafka.common.metrics.JmxReporter
2025-07-31 15:54:47,325 INFO  [org.apa.kaf.com.met.Metrics] (Thread-402) Closing reporter org.apache.kafka.common.telemetry.internals.ClientTelemetryReporter
2025-07-31 15:54:47,325 INFO  [org.apa.kaf.com.met.Metrics] (Thread-402) Metrics reporters closed
2025-07-31 15:54:47,327 INFO  [org.apa.kaf.com.uti.AppInfoParser] (Thread-402) App info kafka.consumer for consumer-Consumer-topic-79f02f9d_8eaf_48d3_8c9e_c081eabc426c-37 unregistered
2025-07-31 15:54:47,445 INFO  [io.api.tes.ser.con.BasicConfluentSerDesIT] (main) Deleting confluent schema topic-79f02f9d_8eaf_48d3_8c9e_c081eabc426c-value
2025-07-31 15:54:47,528 INFO  [io.api.tes.uti.TestSeparator] (main) io.apicurio.tests.serdes.confluent.BasicConfluentSerDesIT.testAvroConfluentSerDes-FINISHED
2025-07-31 15:54:47,528 INFO  [io.api.tes.uti.TestSeparator] (main) ############################################################################
]]></system-out>
  </testcase>
  <testcase name="testAvroConfluentForMultipleTopics" classname="io.apicurio.tests.serdes.confluent.BasicConfluentSerDesIT" time="3.038">
    <system-out><![CDATA[2025-07-31 15:54:47,530 INFO  [io.api.tes.uti.TestSeparator] (main) ############################################################################
2025-07-31 15:54:47,530 INFO  [io.api.tes.uti.TestSeparator] (main) io.apicurio.tests.serdes.confluent.BasicConfluentSerDesIT.testAvroConfluentForMultipleTopics-STARTED
2025-07-31 15:54:47,693 INFO  [io.api.tes.ser.con.BasicConfluentSerDesIT] (main) Checking that created schema is equal to the get schema
2025-07-31 15:54:47,752 INFO  [io.api.tes.ser.con.BasicConfluentSerDesIT] (main) Created schema with id:69 and name:myrecordconfluent6
2025-07-31 15:54:47,752 INFO  [org.apa.kaf.cli.pro.ProducerConfig] (main) ProducerConfig values: 
	acks = -1
	auto.include.jmx.reporter = true
	batch.size = 16384
	bootstrap.servers = [PLAINTEXT://localhost:32770]
	buffer.memory = 33554432
	client.dns.lookup = use_all_dns_ips
	client.id = Producer-topic-7b5e9971_e590_48a8_bd5c_45cdc46f7031
	compression.gzip.level = -1
	compression.lz4.level = 9
	compression.type = none
	compression.zstd.level = 3
	connections.max.idle.ms = 10000
	delivery.timeout.ms = 120000
	enable.idempotence = true
	enable.metrics.push = true
	interceptor.classes = []
	key.serializer = class org.apache.kafka.common.serialization.StringSerializer
	linger.ms = 0
	max.block.ms = 60000
	max.in.flight.requests.per.connection = 5
	max.request.size = 1048576
	metadata.max.age.ms = 300000
	metadata.max.idle.ms = 300000
	metadata.recovery.strategy = none
	metric.reporters = []
	metrics.num.samples = 2
	metrics.recording.level = INFO
	metrics.sample.window.ms = 30000
	partitioner.adaptive.partitioning.enable = true
	partitioner.availability.timeout.ms = 0
	partitioner.class = null
	partitioner.ignore.keys = false
	receive.buffer.bytes = 32768
	reconnect.backoff.max.ms = 1000
	reconnect.backoff.ms = 50
	request.timeout.ms = 5000
	retries = 2147483647
	retry.backoff.max.ms = 1000
	retry.backoff.ms = 100
	sasl.client.callback.handler.class = null
	sasl.jaas.config = null
	sasl.kerberos.kinit.cmd = /usr/bin/kinit
	sasl.kerberos.min.time.before.relogin = 60000
	sasl.kerberos.service.name = null
	sasl.kerberos.ticket.renew.jitter = 0.05
	sasl.kerberos.ticket.renew.window.factor = 0.8
	sasl.login.callback.handler.class = null
	sasl.login.class = null
	sasl.login.connect.timeout.ms = null
	sasl.login.read.timeout.ms = null
	sasl.login.refresh.buffer.seconds = 300
	sasl.login.refresh.min.period.seconds = 60
	sasl.login.refresh.window.factor = 0.8
	sasl.login.refresh.window.jitter = 0.05
	sasl.login.retry.backoff.max.ms = 10000
	sasl.login.retry.backoff.ms = 100
	sasl.mechanism = GSSAPI
	sasl.oauthbearer.clock.skew.seconds = 30
	sasl.oauthbearer.expected.audience = null
	sasl.oauthbearer.expected.issuer = null
	sasl.oauthbearer.header.urlencode = false
	sasl.oauthbearer.jwks.endpoint.refresh.ms = 3600000
	sasl.oauthbearer.jwks.endpoint.retry.backoff.max.ms = 10000
	sasl.oauthbearer.jwks.endpoint.retry.backoff.ms = 100
	sasl.oauthbearer.jwks.endpoint.url = null
	sasl.oauthbearer.scope.claim.name = scope
	sasl.oauthbearer.sub.claim.name = sub
	sasl.oauthbearer.token.endpoint.url = null
	security.protocol = PLAINTEXT
	security.providers = null
	send.buffer.bytes = 131072
	socket.connection.setup.timeout.max.ms = 30000
	socket.connection.setup.timeout.ms = 10000
	ssl.cipher.suites = null
	ssl.enabled.protocols = [TLSv1.2, TLSv1.3]
	ssl.endpoint.identification.algorithm = https
	ssl.engine.factory.class = null
	ssl.key.password = null
	ssl.keymanager.algorithm = SunX509
	ssl.keystore.certificate.chain = null
	ssl.keystore.key = null
	ssl.keystore.location = null
	ssl.keystore.password = null
	ssl.keystore.type = JKS
	ssl.protocol = TLSv1.3
	ssl.provider = null
	ssl.secure.random.implementation = null
	ssl.trustmanager.algorithm = PKIX
	ssl.truststore.certificates = null
	ssl.truststore.location = null
	ssl.truststore.password = null
	ssl.truststore.type = JKS
	transaction.timeout.ms = 60000
	transactional.id = null
	value.serializer = class io.apicurio.registry.serde.avro.AvroKafkaSerializer

2025-07-31 15:54:47,752 INFO  [org.apa.kaf.com.tel.int.KafkaMetricsCollector] (main) initializing Kafka metrics collector
2025-07-31 15:54:47,755 INFO  [org.apa.kaf.cli.pro.KafkaProducer] (main) [Producer clientId=Producer-topic-7b5e9971_e590_48a8_bd5c_45cdc46f7031] Instantiated an idempotent producer.
2025-07-31 15:54:47,756 INFO  [org.apa.kaf.cli.pro.ProducerConfig] (main) These configurations '[apicurio.registry.url, apicurio.registry.artifact-resolver-strategy]' were supplied but are not used yet.
2025-07-31 15:54:47,756 INFO  [org.apa.kaf.com.uti.AppInfoParser] (main) Kafka version: 3.9.0
2025-07-31 15:54:47,756 INFO  [org.apa.kaf.com.uti.AppInfoParser] (main) Kafka commitId: 84caaa6e9da06435
2025-07-31 15:54:47,756 INFO  [org.apa.kaf.com.uti.AppInfoParser] (main) Kafka startTimeMs: 1753977287756
2025-07-31 15:54:47,756 INFO  [org.apa.kaf.cli.pro.ProducerConfig] (main) ProducerConfig values: 
	acks = -1
	auto.include.jmx.reporter = true
	batch.size = 16384
	bootstrap.servers = [PLAINTEXT://localhost:32770]
	buffer.memory = 33554432
	client.dns.lookup = use_all_dns_ips
	client.id = Producer-topic-b5f21f39_fdc3_4398_a380_be907a77e029
	compression.gzip.level = -1
	compression.lz4.level = 9
	compression.type = none
	compression.zstd.level = 3
	connections.max.idle.ms = 10000
	delivery.timeout.ms = 120000
	enable.idempotence = true
	enable.metrics.push = true
	interceptor.classes = []
	key.serializer = class org.apache.kafka.common.serialization.StringSerializer
	linger.ms = 0
	max.block.ms = 60000
	max.in.flight.requests.per.connection = 5
	max.request.size = 1048576
	metadata.max.age.ms = 300000
	metadata.max.idle.ms = 300000
	metadata.recovery.strategy = none
	metric.reporters = []
	metrics.num.samples = 2
	metrics.recording.level = INFO
	metrics.sample.window.ms = 30000
	partitioner.adaptive.partitioning.enable = true
	partitioner.availability.timeout.ms = 0
	partitioner.class = null
	partitioner.ignore.keys = false
	receive.buffer.bytes = 32768
	reconnect.backoff.max.ms = 1000
	reconnect.backoff.ms = 50
	request.timeout.ms = 5000
	retries = 2147483647
	retry.backoff.max.ms = 1000
	retry.backoff.ms = 100
	sasl.client.callback.handler.class = null
	sasl.jaas.config = null
	sasl.kerberos.kinit.cmd = /usr/bin/kinit
	sasl.kerberos.min.time.before.relogin = 60000
	sasl.kerberos.service.name = null
	sasl.kerberos.ticket.renew.jitter = 0.05
	sasl.kerberos.ticket.renew.window.factor = 0.8
	sasl.login.callback.handler.class = null
	sasl.login.class = null
	sasl.login.connect.timeout.ms = null
	sasl.login.read.timeout.ms = null
	sasl.login.refresh.buffer.seconds = 300
	sasl.login.refresh.min.period.seconds = 60
	sasl.login.refresh.window.factor = 0.8
	sasl.login.refresh.window.jitter = 0.05
	sasl.login.retry.backoff.max.ms = 10000
	sasl.login.retry.backoff.ms = 100
	sasl.mechanism = GSSAPI
	sasl.oauthbearer.clock.skew.seconds = 30
	sasl.oauthbearer.expected.audience = null
	sasl.oauthbearer.expected.issuer = null
	sasl.oauthbearer.header.urlencode = false
	sasl.oauthbearer.jwks.endpoint.refresh.ms = 3600000
	sasl.oauthbearer.jwks.endpoint.retry.backoff.max.ms = 10000
	sasl.oauthbearer.jwks.endpoint.retry.backoff.ms = 100
	sasl.oauthbearer.jwks.endpoint.url = null
	sasl.oauthbearer.scope.claim.name = scope
	sasl.oauthbearer.sub.claim.name = sub
	sasl.oauthbearer.token.endpoint.url = null
	security.protocol = PLAINTEXT
	security.providers = null
	send.buffer.bytes = 131072
	socket.connection.setup.timeout.max.ms = 30000
	socket.connection.setup.timeout.ms = 10000
	ssl.cipher.suites = null
	ssl.enabled.protocols = [TLSv1.2, TLSv1.3]
	ssl.endpoint.identification.algorithm = https
	ssl.engine.factory.class = null
	ssl.key.password = null
	ssl.keymanager.algorithm = SunX509
	ssl.keystore.certificate.chain = null
	ssl.keystore.key = null
	ssl.keystore.location = null
	ssl.keystore.password = null
	ssl.keystore.type = JKS
	ssl.protocol = TLSv1.3
	ssl.provider = null
	ssl.secure.random.implementation = null
	ssl.trustmanager.algorithm = PKIX
	ssl.truststore.certificates = null
	ssl.truststore.location = null
	ssl.truststore.password = null
	ssl.truststore.type = JKS
	transaction.timeout.ms = 60000
	transactional.id = null
	value.serializer = class io.apicurio.registry.serde.avro.AvroKafkaSerializer

2025-07-31 15:54:47,756 INFO  [org.apa.kaf.com.tel.int.KafkaMetricsCollector] (main) initializing Kafka metrics collector
2025-07-31 15:54:47,759 INFO  [org.apa.kaf.cli.pro.KafkaProducer] (main) [Producer clientId=Producer-topic-b5f21f39_fdc3_4398_a380_be907a77e029] Instantiated an idempotent producer.
2025-07-31 15:54:47,761 INFO  [org.apa.kaf.cli.pro.ProducerConfig] (main) These configurations '[apicurio.registry.url, apicurio.registry.artifact-resolver-strategy]' were supplied but are not used yet.
2025-07-31 15:54:47,761 INFO  [org.apa.kaf.com.uti.AppInfoParser] (main) Kafka version: 3.9.0
2025-07-31 15:54:47,761 INFO  [org.apa.kaf.com.uti.AppInfoParser] (main) Kafka commitId: 84caaa6e9da06435
2025-07-31 15:54:47,761 INFO  [org.apa.kaf.cli.Metadata] (kafka-producer-network-thread | Producer-topic-7b5e9971_e590_48a8_bd5c_45cdc46f7031) [Producer clientId=Producer-topic-7b5e9971_e590_48a8_bd5c_45cdc46f7031] Cluster ID: k5QcScx1TGu5ZEx470RFLw
2025-07-31 15:54:47,761 INFO  [org.apa.kaf.cli.pro.int.TransactionManager] (kafka-producer-network-thread | Producer-topic-7b5e9971_e590_48a8_bd5c_45cdc46f7031) [Producer clientId=Producer-topic-7b5e9971_e590_48a8_bd5c_45cdc46f7031] ProducerId set to 51 with epoch 0
2025-07-31 15:54:47,761 INFO  [org.apa.kaf.com.uti.AppInfoParser] (main) Kafka startTimeMs: 1753977287761
2025-07-31 15:54:47,762 INFO  [org.apa.kaf.cli.pro.ProducerConfig] (main) ProducerConfig values: 
	acks = -1
	auto.include.jmx.reporter = true
	batch.size = 16384
	bootstrap.servers = [PLAINTEXT://localhost:32770]
	buffer.memory = 33554432
	client.dns.lookup = use_all_dns_ips
	client.id = Producer-topic-372c9038_5709_40d9_9ed7_95264482ba24
	compression.gzip.level = -1
	compression.lz4.level = 9
	compression.type = none
	compression.zstd.level = 3
	connections.max.idle.ms = 10000
	delivery.timeout.ms = 120000
	enable.idempotence = true
	enable.metrics.push = true
	interceptor.classes = []
	key.serializer = class org.apache.kafka.common.serialization.StringSerializer
	linger.ms = 0
	max.block.ms = 60000
	max.in.flight.requests.per.connection = 5
	max.request.size = 1048576
	metadata.max.age.ms = 300000
	metadata.max.idle.ms = 300000
	metadata.recovery.strategy = none
	metric.reporters = []
	metrics.num.samples = 2
	metrics.recording.level = INFO
	metrics.sample.window.ms = 30000
	partitioner.adaptive.partitioning.enable = true
	partitioner.availability.timeout.ms = 0
	partitioner.class = null
	partitioner.ignore.keys = false
	receive.buffer.bytes = 32768
	reconnect.backoff.max.ms = 1000
	reconnect.backoff.ms = 50
	request.timeout.ms = 5000
	retries = 2147483647
	retry.backoff.max.ms = 1000
	retry.backoff.ms = 100
	sasl.client.callback.handler.class = null
	sasl.jaas.config = null
	sasl.kerberos.kinit.cmd = /usr/bin/kinit
	sasl.kerberos.min.time.before.relogin = 60000
	sasl.kerberos.service.name = null
	sasl.kerberos.ticket.renew.jitter = 0.05
	sasl.kerberos.ticket.renew.window.factor = 0.8
	sasl.login.callback.handler.class = null
	sasl.login.class = null
	sasl.login.connect.timeout.ms = null
	sasl.login.read.timeout.ms = null
	sasl.login.refresh.buffer.seconds = 300
	sasl.login.refresh.min.period.seconds = 60
	sasl.login.refresh.window.factor = 0.8
	sasl.login.refresh.window.jitter = 0.05
	sasl.login.retry.backoff.max.ms = 10000
	sasl.login.retry.backoff.ms = 100
	sasl.mechanism = GSSAPI
	sasl.oauthbearer.clock.skew.seconds = 30
	sasl.oauthbearer.expected.audience = null
	sasl.oauthbearer.expected.issuer = null
	sasl.oauthbearer.header.urlencode = false
	sasl.oauthbearer.jwks.endpoint.refresh.ms = 3600000
	sasl.oauthbearer.jwks.endpoint.retry.backoff.max.ms = 10000
	sasl.oauthbearer.jwks.endpoint.retry.backoff.ms = 100
	sasl.oauthbearer.jwks.endpoint.url = null
	sasl.oauthbearer.scope.claim.name = scope
	sasl.oauthbearer.sub.claim.name = sub
	sasl.oauthbearer.token.endpoint.url = null
	security.protocol = PLAINTEXT
	security.providers = null
	send.buffer.bytes = 131072
	socket.connection.setup.timeout.max.ms = 30000
	socket.connection.setup.timeout.ms = 10000
	ssl.cipher.suites = null
	ssl.enabled.protocols = [TLSv1.2, TLSv1.3]
	ssl.endpoint.identification.algorithm = https
	ssl.engine.factory.class = null
	ssl.key.password = null
	ssl.keymanager.algorithm = SunX509
	ssl.keystore.certificate.chain = null
	ssl.keystore.key = null
	ssl.keystore.location = null
	ssl.keystore.password = null
	ssl.keystore.type = JKS
	ssl.protocol = TLSv1.3
	ssl.provider = null
	ssl.secure.random.implementation = null
	ssl.trustmanager.algorithm = PKIX
	ssl.truststore.certificates = null
	ssl.truststore.location = null
	ssl.truststore.password = null
	ssl.truststore.type = JKS
	transaction.timeout.ms = 60000
	transactional.id = null
	value.serializer = class io.apicurio.registry.serde.avro.AvroKafkaSerializer

2025-07-31 15:54:47,762 INFO  [org.apa.kaf.com.tel.int.KafkaMetricsCollector] (main) initializing Kafka metrics collector
2025-07-31 15:54:47,764 INFO  [org.apa.kaf.cli.Metadata] (kafka-producer-network-thread | Producer-topic-b5f21f39_fdc3_4398_a380_be907a77e029) [Producer clientId=Producer-topic-b5f21f39_fdc3_4398_a380_be907a77e029] Cluster ID: k5QcScx1TGu5ZEx470RFLw
2025-07-31 15:54:47,766 INFO  [org.apa.kaf.cli.pro.int.TransactionManager] (kafka-producer-network-thread | Producer-topic-b5f21f39_fdc3_4398_a380_be907a77e029) [Producer clientId=Producer-topic-b5f21f39_fdc3_4398_a380_be907a77e029] ProducerId set to 52 with epoch 0
2025-07-31 15:54:47,767 INFO  [org.apa.kaf.cli.pro.KafkaProducer] (main) [Producer clientId=Producer-topic-372c9038_5709_40d9_9ed7_95264482ba24] Instantiated an idempotent producer.
2025-07-31 15:54:47,769 INFO  [org.apa.kaf.cli.pro.ProducerConfig] (main) These configurations '[apicurio.registry.url, apicurio.registry.artifact-resolver-strategy]' were supplied but are not used yet.
2025-07-31 15:54:47,769 INFO  [org.apa.kaf.com.uti.AppInfoParser] (main) Kafka version: 3.9.0
2025-07-31 15:54:47,769 INFO  [org.apa.kaf.com.uti.AppInfoParser] (main) Kafka commitId: 84caaa6e9da06435
2025-07-31 15:54:47,769 INFO  [org.apa.kaf.com.uti.AppInfoParser] (main) Kafka startTimeMs: 1753977287769
2025-07-31 15:54:47,769 INFO  [org.apa.kaf.cli.con.ConsumerConfig] (main) ConsumerConfig values: 
	allow.auto.create.topics = true
	auto.commit.interval.ms = 500
	auto.include.jmx.reporter = true
	auto.offset.reset = earliest
	bootstrap.servers = [PLAINTEXT://localhost:32770]
	check.crcs = true
	client.dns.lookup = use_all_dns_ips
	client.id = consumer-Consumer-topic-7b5e9971_e590_48a8_bd5c_45cdc46f7031-38
	client.rack = 
	connections.max.idle.ms = 10000
	default.api.timeout.ms = 60000
	enable.auto.commit = true
	enable.metrics.push = true
	exclude.internal.topics = true
	fetch.max.bytes = 52428800
	fetch.max.wait.ms = 500
	fetch.min.bytes = 1
	group.id = Consumer-topic-7b5e9971_e590_48a8_bd5c_45cdc46f7031
	group.instance.id = null
	group.protocol = classic
	group.remote.assignor = null
	heartbeat.interval.ms = 3000
	interceptor.classes = []
	internal.leave.group.on.close = true
	internal.throw.on.fetch.stable.offset.unsupported = false
	isolation.level = read_uncommitted
	key.deserializer = class org.apache.kafka.common.serialization.StringDeserializer
	max.partition.fetch.bytes = 1048576
	max.poll.interval.ms = 300000
	max.poll.records = 500
	metadata.max.age.ms = 300000
	metadata.recovery.strategy = none
	metric.reporters = []
	metrics.num.samples = 2
	metrics.recording.level = INFO
	metrics.sample.window.ms = 30000
	partition.assignment.strategy = [class org.apache.kafka.clients.consumer.RangeAssignor, class org.apache.kafka.clients.consumer.CooperativeStickyAssignor]
	receive.buffer.bytes = 65536
	reconnect.backoff.max.ms = 1000
	reconnect.backoff.ms = 50
	request.timeout.ms = 5000
	retry.backoff.max.ms = 1000
	retry.backoff.ms = 100
	sasl.client.callback.handler.class = null
	sasl.jaas.config = null
	sasl.kerberos.kinit.cmd = /usr/bin/kinit
	sasl.kerberos.min.time.before.relogin = 60000
	sasl.kerberos.service.name = null
	sasl.kerberos.ticket.renew.jitter = 0.05
	sasl.kerberos.ticket.renew.window.factor = 0.8
	sasl.login.callback.handler.class = null
	sasl.login.class = null
	sasl.login.connect.timeout.ms = null
	sasl.login.read.timeout.ms = null
	sasl.login.refresh.buffer.seconds = 300
	sasl.login.refresh.min.period.seconds = 60
	sasl.login.refresh.window.factor = 0.8
	sasl.login.refresh.window.jitter = 0.05
	sasl.login.retry.backoff.max.ms = 10000
	sasl.login.retry.backoff.ms = 100
	sasl.mechanism = GSSAPI
	sasl.oauthbearer.clock.skew.seconds = 30
	sasl.oauthbearer.expected.audience = null
	sasl.oauthbearer.expected.issuer = null
	sasl.oauthbearer.header.urlencode = false
	sasl.oauthbearer.jwks.endpoint.refresh.ms = 3600000
	sasl.oauthbearer.jwks.endpoint.retry.backoff.max.ms = 10000
	sasl.oauthbearer.jwks.endpoint.retry.backoff.ms = 100
	sasl.oauthbearer.jwks.endpoint.url = null
	sasl.oauthbearer.scope.claim.name = scope
	sasl.oauthbearer.sub.claim.name = sub
	sasl.oauthbearer.token.endpoint.url = null
	security.protocol = PLAINTEXT
	security.providers = null
	send.buffer.bytes = 131072
	session.timeout.ms = 45000
	socket.connection.setup.timeout.max.ms = 30000
	socket.connection.setup.timeout.ms = 10000
	ssl.cipher.suites = null
	ssl.enabled.protocols = [TLSv1.2, TLSv1.3]
	ssl.endpoint.identification.algorithm = https
	ssl.engine.factory.class = null
	ssl.key.password = null
	ssl.keymanager.algorithm = SunX509
	ssl.keystore.certificate.chain = null
	ssl.keystore.key = null
	ssl.keystore.location = null
	ssl.keystore.password = null
	ssl.keystore.type = JKS
	ssl.protocol = TLSv1.3
	ssl.provider = null
	ssl.secure.random.implementation = null
	ssl.trustmanager.algorithm = PKIX
	ssl.truststore.certificates = null
	ssl.truststore.location = null
	ssl.truststore.password = null
	ssl.truststore.type = JKS
	value.deserializer = class io.apicurio.registry.serde.avro.AvroKafkaDeserializer

2025-07-31 15:54:47,770 INFO  [org.apa.kaf.com.tel.int.KafkaMetricsCollector] (main) initializing Kafka metrics collector
2025-07-31 15:54:47,771 INFO  [org.apa.kaf.cli.Metadata] (kafka-producer-network-thread | Producer-topic-372c9038_5709_40d9_9ed7_95264482ba24) [Producer clientId=Producer-topic-372c9038_5709_40d9_9ed7_95264482ba24] Cluster ID: k5QcScx1TGu5ZEx470RFLw
2025-07-31 15:54:47,772 INFO  [org.apa.kaf.cli.pro.int.TransactionManager] (kafka-producer-network-thread | Producer-topic-372c9038_5709_40d9_9ed7_95264482ba24) [Producer clientId=Producer-topic-372c9038_5709_40d9_9ed7_95264482ba24] ProducerId set to 53 with epoch 0
2025-07-31 15:54:47,774 INFO  [org.apa.kaf.cli.con.ConsumerConfig] (main) These configurations '[apicurio.registry.url]' were supplied but are not used yet.
2025-07-31 15:54:47,774 INFO  [org.apa.kaf.com.uti.AppInfoParser] (main) Kafka version: 3.9.0
2025-07-31 15:54:47,774 INFO  [org.apa.kaf.com.uti.AppInfoParser] (main) Kafka commitId: 84caaa6e9da06435
2025-07-31 15:54:47,774 INFO  [org.apa.kaf.com.uti.AppInfoParser] (main) Kafka startTimeMs: 1753977287774
2025-07-31 15:54:47,774 INFO  [org.apa.kaf.cli.con.ConsumerConfig] (main) ConsumerConfig values: 
	allow.auto.create.topics = true
	auto.commit.interval.ms = 500
	auto.include.jmx.reporter = true
	auto.offset.reset = earliest
	bootstrap.servers = [PLAINTEXT://localhost:32770]
	check.crcs = true
	client.dns.lookup = use_all_dns_ips
	client.id = consumer-Consumer-topic-b5f21f39_fdc3_4398_a380_be907a77e029-39
	client.rack = 
	connections.max.idle.ms = 10000
	default.api.timeout.ms = 60000
	enable.auto.commit = true
	enable.metrics.push = true
	exclude.internal.topics = true
	fetch.max.bytes = 52428800
	fetch.max.wait.ms = 500
	fetch.min.bytes = 1
	group.id = Consumer-topic-b5f21f39_fdc3_4398_a380_be907a77e029
	group.instance.id = null
	group.protocol = classic
	group.remote.assignor = null
	heartbeat.interval.ms = 3000
	interceptor.classes = []
	internal.leave.group.on.close = true
	internal.throw.on.fetch.stable.offset.unsupported = false
	isolation.level = read_uncommitted
	key.deserializer = class org.apache.kafka.common.serialization.StringDeserializer
	max.partition.fetch.bytes = 1048576
	max.poll.interval.ms = 300000
	max.poll.records = 500
	metadata.max.age.ms = 300000
	metadata.recovery.strategy = none
	metric.reporters = []
	metrics.num.samples = 2
	metrics.recording.level = INFO
	metrics.sample.window.ms = 30000
	partition.assignment.strategy = [class org.apache.kafka.clients.consumer.RangeAssignor, class org.apache.kafka.clients.consumer.CooperativeStickyAssignor]
	receive.buffer.bytes = 65536
	reconnect.backoff.max.ms = 1000
	reconnect.backoff.ms = 50
	request.timeout.ms = 5000
	retry.backoff.max.ms = 1000
	retry.backoff.ms = 100
	sasl.client.callback.handler.class = null
	sasl.jaas.config = null
	sasl.kerberos.kinit.cmd = /usr/bin/kinit
	sasl.kerberos.min.time.before.relogin = 60000
	sasl.kerberos.service.name = null
	sasl.kerberos.ticket.renew.jitter = 0.05
	sasl.kerberos.ticket.renew.window.factor = 0.8
	sasl.login.callback.handler.class = null
	sasl.login.class = null
	sasl.login.connect.timeout.ms = null
	sasl.login.read.timeout.ms = null
	sasl.login.refresh.buffer.seconds = 300
	sasl.login.refresh.min.period.seconds = 60
	sasl.login.refresh.window.factor = 0.8
	sasl.login.refresh.window.jitter = 0.05
	sasl.login.retry.backoff.max.ms = 10000
	sasl.login.retry.backoff.ms = 100
	sasl.mechanism = GSSAPI
	sasl.oauthbearer.clock.skew.seconds = 30
	sasl.oauthbearer.expected.audience = null
	sasl.oauthbearer.expected.issuer = null
	sasl.oauthbearer.header.urlencode = false
	sasl.oauthbearer.jwks.endpoint.refresh.ms = 3600000
	sasl.oauthbearer.jwks.endpoint.retry.backoff.max.ms = 10000
	sasl.oauthbearer.jwks.endpoint.retry.backoff.ms = 100
	sasl.oauthbearer.jwks.endpoint.url = null
	sasl.oauthbearer.scope.claim.name = scope
	sasl.oauthbearer.sub.claim.name = sub
	sasl.oauthbearer.token.endpoint.url = null
	security.protocol = PLAINTEXT
	security.providers = null
	send.buffer.bytes = 131072
	session.timeout.ms = 45000
	socket.connection.setup.timeout.max.ms = 30000
	socket.connection.setup.timeout.ms = 10000
	ssl.cipher.suites = null
	ssl.enabled.protocols = [TLSv1.2, TLSv1.3]
	ssl.endpoint.identification.algorithm = https
	ssl.engine.factory.class = null
	ssl.key.password = null
	ssl.keymanager.algorithm = SunX509
	ssl.keystore.certificate.chain = null
	ssl.keystore.key = null
	ssl.keystore.location = null
	ssl.keystore.password = null
	ssl.keystore.type = JKS
	ssl.protocol = TLSv1.3
	ssl.provider = null
	ssl.secure.random.implementation = null
	ssl.trustmanager.algorithm = PKIX
	ssl.truststore.certificates = null
	ssl.truststore.location = null
	ssl.truststore.password = null
	ssl.truststore.type = JKS
	value.deserializer = class io.apicurio.registry.serde.avro.AvroKafkaDeserializer

2025-07-31 15:54:47,774 INFO  [org.apa.kaf.com.tel.int.KafkaMetricsCollector] (main) initializing Kafka metrics collector
2025-07-31 15:54:47,778 INFO  [org.apa.kaf.cli.con.ConsumerConfig] (main) These configurations '[apicurio.registry.url]' were supplied but are not used yet.
2025-07-31 15:54:47,778 INFO  [org.apa.kaf.com.uti.AppInfoParser] (main) Kafka version: 3.9.0
2025-07-31 15:54:47,778 INFO  [org.apa.kaf.com.uti.AppInfoParser] (main) Kafka commitId: 84caaa6e9da06435
2025-07-31 15:54:47,778 INFO  [org.apa.kaf.com.uti.AppInfoParser] (main) Kafka startTimeMs: 1753977287778
2025-07-31 15:54:47,779 INFO  [org.apa.kaf.cli.con.ConsumerConfig] (main) ConsumerConfig values: 
	allow.auto.create.topics = true
	auto.commit.interval.ms = 500
	auto.include.jmx.reporter = true
	auto.offset.reset = earliest
	bootstrap.servers = [PLAINTEXT://localhost:32770]
	check.crcs = true
	client.dns.lookup = use_all_dns_ips
	client.id = consumer-Consumer-topic-372c9038_5709_40d9_9ed7_95264482ba24-40
	client.rack = 
	connections.max.idle.ms = 10000
	default.api.timeout.ms = 60000
	enable.auto.commit = true
	enable.metrics.push = true
	exclude.internal.topics = true
	fetch.max.bytes = 52428800
	fetch.max.wait.ms = 500
	fetch.min.bytes = 1
	group.id = Consumer-topic-372c9038_5709_40d9_9ed7_95264482ba24
	group.instance.id = null
	group.protocol = classic
	group.remote.assignor = null
	heartbeat.interval.ms = 3000
	interceptor.classes = []
	internal.leave.group.on.close = true
	internal.throw.on.fetch.stable.offset.unsupported = false
	isolation.level = read_uncommitted
	key.deserializer = class org.apache.kafka.common.serialization.StringDeserializer
	max.partition.fetch.bytes = 1048576
	max.poll.interval.ms = 300000
	max.poll.records = 500
	metadata.max.age.ms = 300000
	metadata.recovery.strategy = none
	metric.reporters = []
	metrics.num.samples = 2
	metrics.recording.level = INFO
	metrics.sample.window.ms = 30000
	partition.assignment.strategy = [class org.apache.kafka.clients.consumer.RangeAssignor, class org.apache.kafka.clients.consumer.CooperativeStickyAssignor]
	receive.buffer.bytes = 65536
	reconnect.backoff.max.ms = 1000
	reconnect.backoff.ms = 50
	request.timeout.ms = 5000
	retry.backoff.max.ms = 1000
	retry.backoff.ms = 100
	sasl.client.callback.handler.class = null
	sasl.jaas.config = null
	sasl.kerberos.kinit.cmd = /usr/bin/kinit
	sasl.kerberos.min.time.before.relogin = 60000
	sasl.kerberos.service.name = null
	sasl.kerberos.ticket.renew.jitter = 0.05
	sasl.kerberos.ticket.renew.window.factor = 0.8
	sasl.login.callback.handler.class = null
	sasl.login.class = null
	sasl.login.connect.timeout.ms = null
	sasl.login.read.timeout.ms = null
	sasl.login.refresh.buffer.seconds = 300
	sasl.login.refresh.min.period.seconds = 60
	sasl.login.refresh.window.factor = 0.8
	sasl.login.refresh.window.jitter = 0.05
	sasl.login.retry.backoff.max.ms = 10000
	sasl.login.retry.backoff.ms = 100
	sasl.mechanism = GSSAPI
	sasl.oauthbearer.clock.skew.seconds = 30
	sasl.oauthbearer.expected.audience = null
	sasl.oauthbearer.expected.issuer = null
	sasl.oauthbearer.header.urlencode = false
	sasl.oauthbearer.jwks.endpoint.refresh.ms = 3600000
	sasl.oauthbearer.jwks.endpoint.retry.backoff.max.ms = 10000
	sasl.oauthbearer.jwks.endpoint.retry.backoff.ms = 100
	sasl.oauthbearer.jwks.endpoint.url = null
	sasl.oauthbearer.scope.claim.name = scope
	sasl.oauthbearer.sub.claim.name = sub
	sasl.oauthbearer.token.endpoint.url = null
	security.protocol = PLAINTEXT
	security.providers = null
	send.buffer.bytes = 131072
	session.timeout.ms = 45000
	socket.connection.setup.timeout.max.ms = 30000
	socket.connection.setup.timeout.ms = 10000
	ssl.cipher.suites = null
	ssl.enabled.protocols = [TLSv1.2, TLSv1.3]
	ssl.endpoint.identification.algorithm = https
	ssl.engine.factory.class = null
	ssl.key.password = null
	ssl.keymanager.algorithm = SunX509
	ssl.keystore.certificate.chain = null
	ssl.keystore.key = null
	ssl.keystore.location = null
	ssl.keystore.password = null
	ssl.keystore.type = JKS
	ssl.protocol = TLSv1.3
	ssl.provider = null
	ssl.secure.random.implementation = null
	ssl.trustmanager.algorithm = PKIX
	ssl.truststore.certificates = null
	ssl.truststore.location = null
	ssl.truststore.password = null
	ssl.truststore.type = JKS
	value.deserializer = class io.apicurio.registry.serde.avro.AvroKafkaDeserializer

2025-07-31 15:54:47,779 INFO  [org.apa.kaf.com.tel.int.KafkaMetricsCollector] (main) initializing Kafka metrics collector
2025-07-31 15:54:47,783 INFO  [org.apa.kaf.cli.con.ConsumerConfig] (main) These configurations '[apicurio.registry.url]' were supplied but are not used yet.
2025-07-31 15:54:47,783 INFO  [org.apa.kaf.com.uti.AppInfoParser] (main) Kafka version: 3.9.0
2025-07-31 15:54:47,783 INFO  [org.apa.kaf.com.uti.AppInfoParser] (main) Kafka commitId: 84caaa6e9da06435
2025-07-31 15:54:47,783 INFO  [org.apa.kaf.com.uti.AppInfoParser] (main) Kafka startTimeMs: 1753977287783
2025-07-31 15:54:47,784 INFO  [io.api.tes.ser.api.KafkaSerdesTester] (Thread-415) Sending message {"key1": "value-0"} to topic topic-7b5e9971_e590_48a8_bd5c_45cdc46f7031
2025-07-31 15:54:47,787 INFO  [DefaultSchemaResolver] (Thread-415) Retrieving schema content using string: {"type":"record","name":"myrecordconfluent6","fields":[{"name":"key1","type":"string"}]}
2025-07-31 15:54:47,908 INFO  [io.api.tes.ser.api.KafkaSerdesTester] (Thread-415) Sending message {"key1": "value-1"} to topic topic-7b5e9971_e590_48a8_bd5c_45cdc46f7031
2025-07-31 15:54:47,909 INFO  [io.api.tes.ser.api.KafkaSerdesTester] (Thread-415) Sending message {"key1": "value-2"} to topic topic-7b5e9971_e590_48a8_bd5c_45cdc46f7031
2025-07-31 15:54:47,910 INFO  [io.api.tes.ser.api.KafkaSerdesTester] (Thread-415) Sending message {"key1": "value-3"} to topic topic-7b5e9971_e590_48a8_bd5c_45cdc46f7031
2025-07-31 15:54:47,911 INFO  [io.api.tes.ser.api.KafkaSerdesTester] (Thread-415) Sending message {"key1": "value-4"} to topic topic-7b5e9971_e590_48a8_bd5c_45cdc46f7031
2025-07-31 15:54:47,912 INFO  [io.api.tes.ser.api.KafkaSerdesTester] (Thread-415) Sending message {"key1": "value-5"} to topic topic-7b5e9971_e590_48a8_bd5c_45cdc46f7031
2025-07-31 15:54:47,913 INFO  [io.api.tes.ser.api.KafkaSerdesTester] (Thread-415) Sending message {"key1": "value-6"} to topic topic-7b5e9971_e590_48a8_bd5c_45cdc46f7031
2025-07-31 15:54:47,914 INFO  [io.api.tes.ser.api.KafkaSerdesTester] (Thread-415) Sending message {"key1": "value-7"} to topic topic-7b5e9971_e590_48a8_bd5c_45cdc46f7031
2025-07-31 15:54:47,915 INFO  [io.api.tes.ser.api.KafkaSerdesTester] (Thread-415) Sending message {"key1": "value-8"} to topic topic-7b5e9971_e590_48a8_bd5c_45cdc46f7031
2025-07-31 15:54:47,916 INFO  [io.api.tes.ser.api.KafkaSerdesTester] (Thread-415) Sending message {"key1": "value-9"} to topic topic-7b5e9971_e590_48a8_bd5c_45cdc46f7031
2025-07-31 15:54:47,917 INFO  [io.api.tes.ser.api.KafkaSerdesTester] (Thread-415) Produced 10 messages
2025-07-31 15:54:47,917 INFO  [org.apa.kaf.cli.pro.KafkaProducer] (Thread-415) [Producer clientId=Producer-topic-7b5e9971_e590_48a8_bd5c_45cdc46f7031] Closing the Kafka producer with timeoutMillis = 9223372036854775807 ms.
2025-07-31 15:54:47,919 INFO  [org.apa.kaf.com.met.Metrics] (Thread-415) Metrics scheduler closed
2025-07-31 15:54:47,919 INFO  [org.apa.kaf.com.met.Metrics] (Thread-415) Closing reporter org.apache.kafka.common.metrics.JmxReporter
2025-07-31 15:54:47,919 INFO  [org.apa.kaf.com.met.Metrics] (Thread-415) Closing reporter org.apache.kafka.common.telemetry.internals.ClientTelemetryReporter
2025-07-31 15:54:47,919 INFO  [org.apa.kaf.com.met.Metrics] (Thread-415) Metrics reporters closed
2025-07-31 15:54:47,919 INFO  [org.apa.kaf.com.uti.AppInfoParser] (Thread-415) App info kafka.producer for Producer-topic-7b5e9971_e590_48a8_bd5c_45cdc46f7031 unregistered
2025-07-31 15:54:47,920 INFO  [io.api.tes.ser.api.KafkaSerdesTester] (Thread-416) Sending message {"key1": "value-0"} to topic topic-b5f21f39_fdc3_4398_a380_be907a77e029
2025-07-31 15:54:47,921 INFO  [DefaultSchemaResolver] (Thread-416) Retrieving schema content using string: {"type":"record","name":"myrecordconfluent6","fields":[{"name":"key1","type":"string"}]}
2025-07-31 15:54:48,050 INFO  [io.api.tes.ser.api.KafkaSerdesTester] (Thread-416) Sending message {"key1": "value-1"} to topic topic-b5f21f39_fdc3_4398_a380_be907a77e029
2025-07-31 15:54:48,051 INFO  [io.api.tes.ser.api.KafkaSerdesTester] (Thread-416) Sending message {"key1": "value-2"} to topic topic-b5f21f39_fdc3_4398_a380_be907a77e029
2025-07-31 15:54:48,052 INFO  [io.api.tes.ser.api.KafkaSerdesTester] (Thread-416) Sending message {"key1": "value-3"} to topic topic-b5f21f39_fdc3_4398_a380_be907a77e029
2025-07-31 15:54:48,053 INFO  [io.api.tes.ser.api.KafkaSerdesTester] (Thread-416) Sending message {"key1": "value-4"} to topic topic-b5f21f39_fdc3_4398_a380_be907a77e029
2025-07-31 15:54:48,054 INFO  [io.api.tes.ser.api.KafkaSerdesTester] (Thread-416) Sending message {"key1": "value-5"} to topic topic-b5f21f39_fdc3_4398_a380_be907a77e029
2025-07-31 15:54:48,055 INFO  [io.api.tes.ser.api.KafkaSerdesTester] (Thread-416) Sending message {"key1": "value-6"} to topic topic-b5f21f39_fdc3_4398_a380_be907a77e029
2025-07-31 15:54:48,056 INFO  [io.api.tes.ser.api.KafkaSerdesTester] (Thread-416) Sending message {"key1": "value-7"} to topic topic-b5f21f39_fdc3_4398_a380_be907a77e029
2025-07-31 15:54:48,057 INFO  [io.api.tes.ser.api.KafkaSerdesTester] (Thread-416) Sending message {"key1": "value-8"} to topic topic-b5f21f39_fdc3_4398_a380_be907a77e029
2025-07-31 15:54:48,060 INFO  [io.api.tes.ser.api.KafkaSerdesTester] (Thread-416) Sending message {"key1": "value-9"} to topic topic-b5f21f39_fdc3_4398_a380_be907a77e029
2025-07-31 15:54:48,062 INFO  [io.api.tes.ser.api.KafkaSerdesTester] (Thread-416) Produced 10 messages
2025-07-31 15:54:48,062 INFO  [org.apa.kaf.cli.pro.KafkaProducer] (Thread-416) [Producer clientId=Producer-topic-b5f21f39_fdc3_4398_a380_be907a77e029] Closing the Kafka producer with timeoutMillis = 9223372036854775807 ms.
2025-07-31 15:54:48,065 INFO  [org.apa.kaf.com.met.Metrics] (Thread-416) Metrics scheduler closed
2025-07-31 15:54:48,065 INFO  [org.apa.kaf.com.met.Metrics] (Thread-416) Closing reporter org.apache.kafka.common.metrics.JmxReporter
2025-07-31 15:54:48,065 INFO  [org.apa.kaf.com.met.Metrics] (Thread-416) Closing reporter org.apache.kafka.common.telemetry.internals.ClientTelemetryReporter
2025-07-31 15:54:48,065 INFO  [org.apa.kaf.com.met.Metrics] (Thread-416) Metrics reporters closed
2025-07-31 15:54:48,065 INFO  [org.apa.kaf.com.uti.AppInfoParser] (Thread-416) App info kafka.producer for Producer-topic-b5f21f39_fdc3_4398_a380_be907a77e029 unregistered
2025-07-31 15:54:48,067 INFO  [io.api.tes.ser.api.KafkaSerdesTester] (Thread-417) Sending message {"key1": "value-0"} to topic topic-372c9038_5709_40d9_9ed7_95264482ba24
2025-07-31 15:54:48,071 INFO  [DefaultSchemaResolver] (Thread-417) Retrieving schema content using string: {"type":"record","name":"myrecordconfluent6","fields":[{"name":"key1","type":"string"}]}
2025-07-31 15:54:48,200 INFO  [io.api.tes.ser.api.KafkaSerdesTester] (Thread-417) Sending message {"key1": "value-1"} to topic topic-372c9038_5709_40d9_9ed7_95264482ba24
2025-07-31 15:54:48,201 INFO  [io.api.tes.ser.api.KafkaSerdesTester] (Thread-417) Sending message {"key1": "value-2"} to topic topic-372c9038_5709_40d9_9ed7_95264482ba24
2025-07-31 15:54:48,202 INFO  [io.api.tes.ser.api.KafkaSerdesTester] (Thread-417) Sending message {"key1": "value-3"} to topic topic-372c9038_5709_40d9_9ed7_95264482ba24
2025-07-31 15:54:48,203 INFO  [io.api.tes.ser.api.KafkaSerdesTester] (Thread-417) Sending message {"key1": "value-4"} to topic topic-372c9038_5709_40d9_9ed7_95264482ba24
2025-07-31 15:54:48,204 INFO  [io.api.tes.ser.api.KafkaSerdesTester] (Thread-417) Sending message {"key1": "value-5"} to topic topic-372c9038_5709_40d9_9ed7_95264482ba24
2025-07-31 15:54:48,206 INFO  [io.api.tes.ser.api.KafkaSerdesTester] (Thread-417) Sending message {"key1": "value-6"} to topic topic-372c9038_5709_40d9_9ed7_95264482ba24
2025-07-31 15:54:48,207 INFO  [io.api.tes.ser.api.KafkaSerdesTester] (Thread-417) Sending message {"key1": "value-7"} to topic topic-372c9038_5709_40d9_9ed7_95264482ba24
2025-07-31 15:54:48,207 INFO  [io.api.tes.ser.api.KafkaSerdesTester] (Thread-417) Sending message {"key1": "value-8"} to topic topic-372c9038_5709_40d9_9ed7_95264482ba24
2025-07-31 15:54:48,209 INFO  [io.api.tes.ser.api.KafkaSerdesTester] (Thread-417) Sending message {"key1": "value-9"} to topic topic-372c9038_5709_40d9_9ed7_95264482ba24
2025-07-31 15:54:48,211 INFO  [io.api.tes.ser.api.KafkaSerdesTester] (Thread-417) Produced 10 messages
2025-07-31 15:54:48,211 INFO  [org.apa.kaf.cli.pro.KafkaProducer] (Thread-417) [Producer clientId=Producer-topic-372c9038_5709_40d9_9ed7_95264482ba24] Closing the Kafka producer with timeoutMillis = 9223372036854775807 ms.
2025-07-31 15:54:48,214 INFO  [org.apa.kaf.com.met.Metrics] (Thread-417) Metrics scheduler closed
2025-07-31 15:54:48,214 INFO  [org.apa.kaf.com.met.Metrics] (Thread-417) Closing reporter org.apache.kafka.common.metrics.JmxReporter
2025-07-31 15:54:48,214 INFO  [org.apa.kaf.com.met.Metrics] (Thread-417) Closing reporter org.apache.kafka.common.telemetry.internals.ClientTelemetryReporter
2025-07-31 15:54:48,214 INFO  [org.apa.kaf.com.met.Metrics] (Thread-417) Metrics reporters closed
2025-07-31 15:54:48,214 INFO  [org.apa.kaf.com.uti.AppInfoParser] (Thread-417) App info kafka.producer for Producer-topic-372c9038_5709_40d9_9ed7_95264482ba24 unregistered
2025-07-31 15:54:48,217 INFO  [org.apa.kaf.cli.con.int.ClassicKafkaConsumer] (Thread-418) [Consumer clientId=consumer-Consumer-topic-7b5e9971_e590_48a8_bd5c_45cdc46f7031-38, groupId=Consumer-topic-7b5e9971_e590_48a8_bd5c_45cdc46f7031] Subscribed to topic(s): topic-7b5e9971_e590_48a8_bd5c_45cdc46f7031
2025-07-31 15:54:48,226 INFO  [org.apa.kaf.cli.Metadata] (Thread-418) [Consumer clientId=consumer-Consumer-topic-7b5e9971_e590_48a8_bd5c_45cdc46f7031-38, groupId=Consumer-topic-7b5e9971_e590_48a8_bd5c_45cdc46f7031] Cluster ID: k5QcScx1TGu5ZEx470RFLw
2025-07-31 15:54:48,227 INFO  [org.apa.kaf.cli.con.int.ConsumerCoordinator] (Thread-418) [Consumer clientId=consumer-Consumer-topic-7b5e9971_e590_48a8_bd5c_45cdc46f7031-38, groupId=Consumer-topic-7b5e9971_e590_48a8_bd5c_45cdc46f7031] Discovered group coordinator localhost:32770 (id: 2147483647 rack: null)
2025-07-31 15:54:48,228 INFO  [org.apa.kaf.cli.con.int.ConsumerCoordinator] (Thread-418) [Consumer clientId=consumer-Consumer-topic-7b5e9971_e590_48a8_bd5c_45cdc46f7031-38, groupId=Consumer-topic-7b5e9971_e590_48a8_bd5c_45cdc46f7031] (Re-)joining group
2025-07-31 15:54:48,229 INFO  [org.apa.kaf.cli.con.int.ConsumerCoordinator] (Thread-418) [Consumer clientId=consumer-Consumer-topic-7b5e9971_e590_48a8_bd5c_45cdc46f7031-38, groupId=Consumer-topic-7b5e9971_e590_48a8_bd5c_45cdc46f7031] Request joining group due to: need to re-join with the given member-id: consumer-Consumer-topic-7b5e9971_e590_48a8_bd5c_45cdc46f7031-38-a724aedd-e3ef-47ba-997c-557393b6a335
2025-07-31 15:54:48,229 INFO  [org.apa.kaf.cli.con.int.ConsumerCoordinator] (Thread-418) [Consumer clientId=consumer-Consumer-topic-7b5e9971_e590_48a8_bd5c_45cdc46f7031-38, groupId=Consumer-topic-7b5e9971_e590_48a8_bd5c_45cdc46f7031] (Re-)joining group
2025-07-31 15:54:48,231 INFO  [org.apa.kaf.cli.con.int.ConsumerCoordinator] (Thread-418) [Consumer clientId=consumer-Consumer-topic-7b5e9971_e590_48a8_bd5c_45cdc46f7031-38, groupId=Consumer-topic-7b5e9971_e590_48a8_bd5c_45cdc46f7031] Successfully joined group with generation Generation{generationId=1, memberId='consumer-Consumer-topic-7b5e9971_e590_48a8_bd5c_45cdc46f7031-38-a724aedd-e3ef-47ba-997c-557393b6a335', protocol='range'}
2025-07-31 15:54:48,231 INFO  [org.apa.kaf.cli.con.int.ConsumerCoordinator] (Thread-418) [Consumer clientId=consumer-Consumer-topic-7b5e9971_e590_48a8_bd5c_45cdc46f7031-38, groupId=Consumer-topic-7b5e9971_e590_48a8_bd5c_45cdc46f7031] Finished assignment for group at generation 1: {consumer-Consumer-topic-7b5e9971_e590_48a8_bd5c_45cdc46f7031-38-a724aedd-e3ef-47ba-997c-557393b6a335=Assignment(partitions=[topic-7b5e9971_e590_48a8_bd5c_45cdc46f7031-0])}
2025-07-31 15:54:48,233 INFO  [org.apa.kaf.cli.con.int.ConsumerCoordinator] (Thread-418) [Consumer clientId=consumer-Consumer-topic-7b5e9971_e590_48a8_bd5c_45cdc46f7031-38, groupId=Consumer-topic-7b5e9971_e590_48a8_bd5c_45cdc46f7031] Successfully synced group in generation Generation{generationId=1, memberId='consumer-Consumer-topic-7b5e9971_e590_48a8_bd5c_45cdc46f7031-38-a724aedd-e3ef-47ba-997c-557393b6a335', protocol='range'}
2025-07-31 15:54:48,233 INFO  [org.apa.kaf.cli.con.int.ConsumerCoordinator] (Thread-418) [Consumer clientId=consumer-Consumer-topic-7b5e9971_e590_48a8_bd5c_45cdc46f7031-38, groupId=Consumer-topic-7b5e9971_e590_48a8_bd5c_45cdc46f7031] Notifying assignor about the new Assignment(partitions=[topic-7b5e9971_e590_48a8_bd5c_45cdc46f7031-0])
2025-07-31 15:54:48,233 INFO  [org.apa.kaf.cli.con.int.ConsumerRebalanceListenerInvoker] (Thread-418) [Consumer clientId=consumer-Consumer-topic-7b5e9971_e590_48a8_bd5c_45cdc46f7031-38, groupId=Consumer-topic-7b5e9971_e590_48a8_bd5c_45cdc46f7031] Adding newly assigned partitions: topic-7b5e9971_e590_48a8_bd5c_45cdc46f7031-0
2025-07-31 15:54:48,234 INFO  [org.apa.kaf.cli.con.int.ConsumerCoordinator] (Thread-418) [Consumer clientId=consumer-Consumer-topic-7b5e9971_e590_48a8_bd5c_45cdc46f7031-38, groupId=Consumer-topic-7b5e9971_e590_48a8_bd5c_45cdc46f7031] Found no committed offset for partition topic-7b5e9971_e590_48a8_bd5c_45cdc46f7031-0
2025-07-31 15:54:48,237 INFO  [org.apa.kaf.cli.con.int.SubscriptionState] (Thread-418) [Consumer clientId=consumer-Consumer-topic-7b5e9971_e590_48a8_bd5c_45cdc46f7031-38, groupId=Consumer-topic-7b5e9971_e590_48a8_bd5c_45cdc46f7031] Resetting offset for partition topic-7b5e9971_e590_48a8_bd5c_45cdc46f7031-0 to position FetchPosition{offset=0, offsetEpoch=Optional.empty, currentLeader=LeaderAndEpoch{leader=Optional[localhost:32770 (id: 0 rack: null)], epoch=0}}.
2025-07-31 15:54:48,435 INFO  [io.api.tes.ser.api.KafkaSerdesTester] (Thread-418) topic-7b5e9971_e590_48a8_bd5c_45cdc46f7031 0 0 {"key1": "value-0"}
2025-07-31 15:54:48,435 INFO  [io.api.tes.ser.api.KafkaSerdesTester] (Thread-418) topic-7b5e9971_e590_48a8_bd5c_45cdc46f7031 0 1 {"key1": "value-1"}
2025-07-31 15:54:48,435 INFO  [io.api.tes.ser.api.KafkaSerdesTester] (Thread-418) topic-7b5e9971_e590_48a8_bd5c_45cdc46f7031 0 2 {"key1": "value-2"}
2025-07-31 15:54:48,435 INFO  [io.api.tes.ser.api.KafkaSerdesTester] (Thread-418) topic-7b5e9971_e590_48a8_bd5c_45cdc46f7031 0 3 {"key1": "value-3"}
2025-07-31 15:54:48,435 INFO  [io.api.tes.ser.api.KafkaSerdesTester] (Thread-418) topic-7b5e9971_e590_48a8_bd5c_45cdc46f7031 0 4 {"key1": "value-4"}
2025-07-31 15:54:48,435 INFO  [io.api.tes.ser.api.KafkaSerdesTester] (Thread-418) topic-7b5e9971_e590_48a8_bd5c_45cdc46f7031 0 5 {"key1": "value-5"}
2025-07-31 15:54:48,435 INFO  [io.api.tes.ser.api.KafkaSerdesTester] (Thread-418) topic-7b5e9971_e590_48a8_bd5c_45cdc46f7031 0 6 {"key1": "value-6"}
2025-07-31 15:54:48,435 INFO  [io.api.tes.ser.api.KafkaSerdesTester] (Thread-418) topic-7b5e9971_e590_48a8_bd5c_45cdc46f7031 0 7 {"key1": "value-7"}
2025-07-31 15:54:48,435 INFO  [io.api.tes.ser.api.KafkaSerdesTester] (Thread-418) topic-7b5e9971_e590_48a8_bd5c_45cdc46f7031 0 8 {"key1": "value-8"}
2025-07-31 15:54:48,435 INFO  [io.api.tes.ser.api.KafkaSerdesTester] (Thread-418) topic-7b5e9971_e590_48a8_bd5c_45cdc46f7031 0 9 {"key1": "value-9"}
2025-07-31 15:54:48,435 INFO  [io.api.tes.ser.api.KafkaSerdesTester] (Thread-418) Consumed 10 messages
2025-07-31 15:54:48,437 INFO  [org.apa.kaf.cli.con.int.ConsumerRebalanceListenerInvoker] (Thread-418) [Consumer clientId=consumer-Consumer-topic-7b5e9971_e590_48a8_bd5c_45cdc46f7031-38, groupId=Consumer-topic-7b5e9971_e590_48a8_bd5c_45cdc46f7031] Revoke previously assigned partitions topic-7b5e9971_e590_48a8_bd5c_45cdc46f7031-0
2025-07-31 15:54:48,437 INFO  [org.apa.kaf.cli.con.int.ConsumerCoordinator] (Thread-418) [Consumer clientId=consumer-Consumer-topic-7b5e9971_e590_48a8_bd5c_45cdc46f7031-38, groupId=Consumer-topic-7b5e9971_e590_48a8_bd5c_45cdc46f7031] Member consumer-Consumer-topic-7b5e9971_e590_48a8_bd5c_45cdc46f7031-38-a724aedd-e3ef-47ba-997c-557393b6a335 sending LeaveGroup request to coordinator localhost:32770 (id: 2147483647 rack: null) due to the consumer is being closed
2025-07-31 15:54:48,437 INFO  [org.apa.kaf.cli.con.int.ConsumerCoordinator] (Thread-418) [Consumer clientId=consumer-Consumer-topic-7b5e9971_e590_48a8_bd5c_45cdc46f7031-38, groupId=Consumer-topic-7b5e9971_e590_48a8_bd5c_45cdc46f7031] Resetting generation and member id due to: consumer pro-actively leaving the group
2025-07-31 15:54:48,437 INFO  [org.apa.kaf.cli.con.int.ConsumerCoordinator] (Thread-418) [Consumer clientId=consumer-Consumer-topic-7b5e9971_e590_48a8_bd5c_45cdc46f7031-38, groupId=Consumer-topic-7b5e9971_e590_48a8_bd5c_45cdc46f7031] Request joining group due to: consumer pro-actively leaving the group
2025-07-31 15:54:48,937 INFO  [org.apa.kaf.com.met.Metrics] (Thread-418) Metrics scheduler closed
2025-07-31 15:54:48,937 INFO  [org.apa.kaf.com.met.Metrics] (Thread-418) Closing reporter org.apache.kafka.common.metrics.JmxReporter
2025-07-31 15:54:48,937 INFO  [org.apa.kaf.com.met.Metrics] (Thread-418) Closing reporter org.apache.kafka.common.telemetry.internals.ClientTelemetryReporter
2025-07-31 15:54:48,937 INFO  [org.apa.kaf.com.met.Metrics] (Thread-418) Metrics reporters closed
2025-07-31 15:54:48,939 INFO  [org.apa.kaf.com.uti.AppInfoParser] (Thread-418) App info kafka.consumer for consumer-Consumer-topic-7b5e9971_e590_48a8_bd5c_45cdc46f7031-38 unregistered
2025-07-31 15:54:48,941 INFO  [org.apa.kaf.cli.con.int.ClassicKafkaConsumer] (Thread-419) [Consumer clientId=consumer-Consumer-topic-b5f21f39_fdc3_4398_a380_be907a77e029-39, groupId=Consumer-topic-b5f21f39_fdc3_4398_a380_be907a77e029] Subscribed to topic(s): topic-b5f21f39_fdc3_4398_a380_be907a77e029
2025-07-31 15:54:48,945 INFO  [org.apa.kaf.cli.Metadata] (Thread-419) [Consumer clientId=consumer-Consumer-topic-b5f21f39_fdc3_4398_a380_be907a77e029-39, groupId=Consumer-topic-b5f21f39_fdc3_4398_a380_be907a77e029] Cluster ID: k5QcScx1TGu5ZEx470RFLw
2025-07-31 15:54:48,945 INFO  [org.apa.kaf.cli.con.int.ConsumerCoordinator] (Thread-419) [Consumer clientId=consumer-Consumer-topic-b5f21f39_fdc3_4398_a380_be907a77e029-39, groupId=Consumer-topic-b5f21f39_fdc3_4398_a380_be907a77e029] Discovered group coordinator localhost:32770 (id: 2147483647 rack: null)
2025-07-31 15:54:48,948 INFO  [org.apa.kaf.cli.con.int.ConsumerCoordinator] (Thread-419) [Consumer clientId=consumer-Consumer-topic-b5f21f39_fdc3_4398_a380_be907a77e029-39, groupId=Consumer-topic-b5f21f39_fdc3_4398_a380_be907a77e029] (Re-)joining group
2025-07-31 15:54:48,949 INFO  [org.apa.kaf.cli.con.int.ConsumerCoordinator] (Thread-419) [Consumer clientId=consumer-Consumer-topic-b5f21f39_fdc3_4398_a380_be907a77e029-39, groupId=Consumer-topic-b5f21f39_fdc3_4398_a380_be907a77e029] Request joining group due to: need to re-join with the given member-id: consumer-Consumer-topic-b5f21f39_fdc3_4398_a380_be907a77e029-39-0a2bf853-0f9b-4bf5-a467-3cc6765802d9
2025-07-31 15:54:48,949 INFO  [org.apa.kaf.cli.con.int.ConsumerCoordinator] (Thread-419) [Consumer clientId=consumer-Consumer-topic-b5f21f39_fdc3_4398_a380_be907a77e029-39, groupId=Consumer-topic-b5f21f39_fdc3_4398_a380_be907a77e029] (Re-)joining group
2025-07-31 15:54:48,951 INFO  [org.apa.kaf.cli.con.int.ConsumerCoordinator] (Thread-419) [Consumer clientId=consumer-Consumer-topic-b5f21f39_fdc3_4398_a380_be907a77e029-39, groupId=Consumer-topic-b5f21f39_fdc3_4398_a380_be907a77e029] Successfully joined group with generation Generation{generationId=1, memberId='consumer-Consumer-topic-b5f21f39_fdc3_4398_a380_be907a77e029-39-0a2bf853-0f9b-4bf5-a467-3cc6765802d9', protocol='range'}
2025-07-31 15:54:48,951 INFO  [org.apa.kaf.cli.con.int.ConsumerCoordinator] (Thread-419) [Consumer clientId=consumer-Consumer-topic-b5f21f39_fdc3_4398_a380_be907a77e029-39, groupId=Consumer-topic-b5f21f39_fdc3_4398_a380_be907a77e029] Finished assignment for group at generation 1: {consumer-Consumer-topic-b5f21f39_fdc3_4398_a380_be907a77e029-39-0a2bf853-0f9b-4bf5-a467-3cc6765802d9=Assignment(partitions=[topic-b5f21f39_fdc3_4398_a380_be907a77e029-0])}
2025-07-31 15:54:48,953 INFO  [org.apa.kaf.cli.con.int.ConsumerCoordinator] (Thread-419) [Consumer clientId=consumer-Consumer-topic-b5f21f39_fdc3_4398_a380_be907a77e029-39, groupId=Consumer-topic-b5f21f39_fdc3_4398_a380_be907a77e029] Successfully synced group in generation Generation{generationId=1, memberId='consumer-Consumer-topic-b5f21f39_fdc3_4398_a380_be907a77e029-39-0a2bf853-0f9b-4bf5-a467-3cc6765802d9', protocol='range'}
2025-07-31 15:54:48,954 INFO  [org.apa.kaf.cli.con.int.ConsumerCoordinator] (Thread-419) [Consumer clientId=consumer-Consumer-topic-b5f21f39_fdc3_4398_a380_be907a77e029-39, groupId=Consumer-topic-b5f21f39_fdc3_4398_a380_be907a77e029] Notifying assignor about the new Assignment(partitions=[topic-b5f21f39_fdc3_4398_a380_be907a77e029-0])
2025-07-31 15:54:48,954 INFO  [org.apa.kaf.cli.con.int.ConsumerRebalanceListenerInvoker] (Thread-419) [Consumer clientId=consumer-Consumer-topic-b5f21f39_fdc3_4398_a380_be907a77e029-39, groupId=Consumer-topic-b5f21f39_fdc3_4398_a380_be907a77e029] Adding newly assigned partitions: topic-b5f21f39_fdc3_4398_a380_be907a77e029-0
2025-07-31 15:54:48,956 INFO  [org.apa.kaf.cli.con.int.ConsumerCoordinator] (Thread-419) [Consumer clientId=consumer-Consumer-topic-b5f21f39_fdc3_4398_a380_be907a77e029-39, groupId=Consumer-topic-b5f21f39_fdc3_4398_a380_be907a77e029] Found no committed offset for partition topic-b5f21f39_fdc3_4398_a380_be907a77e029-0
2025-07-31 15:54:48,960 INFO  [org.apa.kaf.cli.con.int.SubscriptionState] (Thread-419) [Consumer clientId=consumer-Consumer-topic-b5f21f39_fdc3_4398_a380_be907a77e029-39, groupId=Consumer-topic-b5f21f39_fdc3_4398_a380_be907a77e029] Resetting offset for partition topic-b5f21f39_fdc3_4398_a380_be907a77e029-0 to position FetchPosition{offset=0, offsetEpoch=Optional.empty, currentLeader=LeaderAndEpoch{leader=Optional[localhost:32770 (id: 0 rack: null)], epoch=0}}.
2025-07-31 15:54:49,157 INFO  [io.api.tes.ser.api.KafkaSerdesTester] (Thread-419) topic-b5f21f39_fdc3_4398_a380_be907a77e029 0 0 {"key1": "value-0"}
2025-07-31 15:54:49,157 INFO  [io.api.tes.ser.api.KafkaSerdesTester] (Thread-419) topic-b5f21f39_fdc3_4398_a380_be907a77e029 0 1 {"key1": "value-1"}
2025-07-31 15:54:49,157 INFO  [io.api.tes.ser.api.KafkaSerdesTester] (Thread-419) topic-b5f21f39_fdc3_4398_a380_be907a77e029 0 2 {"key1": "value-2"}
2025-07-31 15:54:49,157 INFO  [io.api.tes.ser.api.KafkaSerdesTester] (Thread-419) topic-b5f21f39_fdc3_4398_a380_be907a77e029 0 3 {"key1": "value-3"}
2025-07-31 15:54:49,157 INFO  [io.api.tes.ser.api.KafkaSerdesTester] (Thread-419) topic-b5f21f39_fdc3_4398_a380_be907a77e029 0 4 {"key1": "value-4"}
2025-07-31 15:54:49,160 INFO  [io.api.tes.ser.api.KafkaSerdesTester] (Thread-419) topic-b5f21f39_fdc3_4398_a380_be907a77e029 0 5 {"key1": "value-5"}
2025-07-31 15:54:49,160 INFO  [io.api.tes.ser.api.KafkaSerdesTester] (Thread-419) topic-b5f21f39_fdc3_4398_a380_be907a77e029 0 6 {"key1": "value-6"}
2025-07-31 15:54:49,160 INFO  [io.api.tes.ser.api.KafkaSerdesTester] (Thread-419) topic-b5f21f39_fdc3_4398_a380_be907a77e029 0 7 {"key1": "value-7"}
2025-07-31 15:54:49,160 INFO  [io.api.tes.ser.api.KafkaSerdesTester] (Thread-419) topic-b5f21f39_fdc3_4398_a380_be907a77e029 0 8 {"key1": "value-8"}
2025-07-31 15:54:49,160 INFO  [io.api.tes.ser.api.KafkaSerdesTester] (Thread-419) topic-b5f21f39_fdc3_4398_a380_be907a77e029 0 9 {"key1": "value-9"}
2025-07-31 15:54:49,160 INFO  [io.api.tes.ser.api.KafkaSerdesTester] (Thread-419) Consumed 10 messages
2025-07-31 15:54:49,162 INFO  [org.apa.kaf.cli.con.int.ConsumerRebalanceListenerInvoker] (Thread-419) [Consumer clientId=consumer-Consumer-topic-b5f21f39_fdc3_4398_a380_be907a77e029-39, groupId=Consumer-topic-b5f21f39_fdc3_4398_a380_be907a77e029] Revoke previously assigned partitions topic-b5f21f39_fdc3_4398_a380_be907a77e029-0
2025-07-31 15:54:49,163 INFO  [org.apa.kaf.cli.con.int.ConsumerCoordinator] (Thread-419) [Consumer clientId=consumer-Consumer-topic-b5f21f39_fdc3_4398_a380_be907a77e029-39, groupId=Consumer-topic-b5f21f39_fdc3_4398_a380_be907a77e029] Member consumer-Consumer-topic-b5f21f39_fdc3_4398_a380_be907a77e029-39-0a2bf853-0f9b-4bf5-a467-3cc6765802d9 sending LeaveGroup request to coordinator localhost:32770 (id: 2147483647 rack: null) due to the consumer is being closed
2025-07-31 15:54:49,163 INFO  [org.apa.kaf.cli.con.int.ConsumerCoordinator] (Thread-419) [Consumer clientId=consumer-Consumer-topic-b5f21f39_fdc3_4398_a380_be907a77e029-39, groupId=Consumer-topic-b5f21f39_fdc3_4398_a380_be907a77e029] Resetting generation and member id due to: consumer pro-actively leaving the group
2025-07-31 15:54:49,163 INFO  [org.apa.kaf.cli.con.int.ConsumerCoordinator] (Thread-419) [Consumer clientId=consumer-Consumer-topic-b5f21f39_fdc3_4398_a380_be907a77e029-39, groupId=Consumer-topic-b5f21f39_fdc3_4398_a380_be907a77e029] Request joining group due to: consumer pro-actively leaving the group
2025-07-31 15:54:49,661 INFO  [org.apa.kaf.com.met.Metrics] (Thread-419) Metrics scheduler closed
2025-07-31 15:54:49,661 INFO  [org.apa.kaf.com.met.Metrics] (Thread-419) Closing reporter org.apache.kafka.common.metrics.JmxReporter
2025-07-31 15:54:49,661 INFO  [org.apa.kaf.com.met.Metrics] (Thread-419) Closing reporter org.apache.kafka.common.telemetry.internals.ClientTelemetryReporter
2025-07-31 15:54:49,661 INFO  [org.apa.kaf.com.met.Metrics] (Thread-419) Metrics reporters closed
2025-07-31 15:54:49,663 INFO  [org.apa.kaf.com.uti.AppInfoParser] (Thread-419) App info kafka.consumer for consumer-Consumer-topic-b5f21f39_fdc3_4398_a380_be907a77e029-39 unregistered
2025-07-31 15:54:49,664 INFO  [org.apa.kaf.cli.con.int.ClassicKafkaConsumer] (Thread-420) [Consumer clientId=consumer-Consumer-topic-372c9038_5709_40d9_9ed7_95264482ba24-40, groupId=Consumer-topic-372c9038_5709_40d9_9ed7_95264482ba24] Subscribed to topic(s): topic-372c9038_5709_40d9_9ed7_95264482ba24
2025-07-31 15:54:49,669 INFO  [org.apa.kaf.cli.Metadata] (Thread-420) [Consumer clientId=consumer-Consumer-topic-372c9038_5709_40d9_9ed7_95264482ba24-40, groupId=Consumer-topic-372c9038_5709_40d9_9ed7_95264482ba24] Cluster ID: k5QcScx1TGu5ZEx470RFLw
2025-07-31 15:54:49,669 INFO  [org.apa.kaf.cli.con.int.ConsumerCoordinator] (Thread-420) [Consumer clientId=consumer-Consumer-topic-372c9038_5709_40d9_9ed7_95264482ba24-40, groupId=Consumer-topic-372c9038_5709_40d9_9ed7_95264482ba24] Discovered group coordinator localhost:32770 (id: 2147483647 rack: null)
2025-07-31 15:54:49,670 INFO  [org.apa.kaf.cli.con.int.ConsumerCoordinator] (Thread-420) [Consumer clientId=consumer-Consumer-topic-372c9038_5709_40d9_9ed7_95264482ba24-40, groupId=Consumer-topic-372c9038_5709_40d9_9ed7_95264482ba24] (Re-)joining group
2025-07-31 15:54:49,673 INFO  [org.apa.kaf.cli.con.int.ConsumerCoordinator] (Thread-420) [Consumer clientId=consumer-Consumer-topic-372c9038_5709_40d9_9ed7_95264482ba24-40, groupId=Consumer-topic-372c9038_5709_40d9_9ed7_95264482ba24] Request joining group due to: need to re-join with the given member-id: consumer-Consumer-topic-372c9038_5709_40d9_9ed7_95264482ba24-40-e0cdd932-e528-4135-bcd2-e5150ab49b68
2025-07-31 15:54:49,673 INFO  [org.apa.kaf.cli.con.int.ConsumerCoordinator] (Thread-420) [Consumer clientId=consumer-Consumer-topic-372c9038_5709_40d9_9ed7_95264482ba24-40, groupId=Consumer-topic-372c9038_5709_40d9_9ed7_95264482ba24] (Re-)joining group
2025-07-31 15:54:49,675 INFO  [org.apa.kaf.cli.con.int.ConsumerCoordinator] (Thread-420) [Consumer clientId=consumer-Consumer-topic-372c9038_5709_40d9_9ed7_95264482ba24-40, groupId=Consumer-topic-372c9038_5709_40d9_9ed7_95264482ba24] Successfully joined group with generation Generation{generationId=1, memberId='consumer-Consumer-topic-372c9038_5709_40d9_9ed7_95264482ba24-40-e0cdd932-e528-4135-bcd2-e5150ab49b68', protocol='range'}
2025-07-31 15:54:49,675 INFO  [org.apa.kaf.cli.con.int.ConsumerCoordinator] (Thread-420) [Consumer clientId=consumer-Consumer-topic-372c9038_5709_40d9_9ed7_95264482ba24-40, groupId=Consumer-topic-372c9038_5709_40d9_9ed7_95264482ba24] Finished assignment for group at generation 1: {consumer-Consumer-topic-372c9038_5709_40d9_9ed7_95264482ba24-40-e0cdd932-e528-4135-bcd2-e5150ab49b68=Assignment(partitions=[topic-372c9038_5709_40d9_9ed7_95264482ba24-0])}
2025-07-31 15:54:49,677 INFO  [org.apa.kaf.cli.con.int.ConsumerCoordinator] (Thread-420) [Consumer clientId=consumer-Consumer-topic-372c9038_5709_40d9_9ed7_95264482ba24-40, groupId=Consumer-topic-372c9038_5709_40d9_9ed7_95264482ba24] Successfully synced group in generation Generation{generationId=1, memberId='consumer-Consumer-topic-372c9038_5709_40d9_9ed7_95264482ba24-40-e0cdd932-e528-4135-bcd2-e5150ab49b68', protocol='range'}
2025-07-31 15:54:49,677 INFO  [org.apa.kaf.cli.con.int.ConsumerCoordinator] (Thread-420) [Consumer clientId=consumer-Consumer-topic-372c9038_5709_40d9_9ed7_95264482ba24-40, groupId=Consumer-topic-372c9038_5709_40d9_9ed7_95264482ba24] Notifying assignor about the new Assignment(partitions=[topic-372c9038_5709_40d9_9ed7_95264482ba24-0])
2025-07-31 15:54:49,677 INFO  [org.apa.kaf.cli.con.int.ConsumerRebalanceListenerInvoker] (Thread-420) [Consumer clientId=consumer-Consumer-topic-372c9038_5709_40d9_9ed7_95264482ba24-40, groupId=Consumer-topic-372c9038_5709_40d9_9ed7_95264482ba24] Adding newly assigned partitions: topic-372c9038_5709_40d9_9ed7_95264482ba24-0
2025-07-31 15:54:49,678 INFO  [org.apa.kaf.cli.con.int.ConsumerCoordinator] (Thread-420) [Consumer clientId=consumer-Consumer-topic-372c9038_5709_40d9_9ed7_95264482ba24-40, groupId=Consumer-topic-372c9038_5709_40d9_9ed7_95264482ba24] Found no committed offset for partition topic-372c9038_5709_40d9_9ed7_95264482ba24-0
2025-07-31 15:54:49,681 INFO  [org.apa.kaf.cli.con.int.SubscriptionState] (Thread-420) [Consumer clientId=consumer-Consumer-topic-372c9038_5709_40d9_9ed7_95264482ba24-40, groupId=Consumer-topic-372c9038_5709_40d9_9ed7_95264482ba24] Resetting offset for partition topic-372c9038_5709_40d9_9ed7_95264482ba24-0 to position FetchPosition{offset=0, offsetEpoch=Optional.empty, currentLeader=LeaderAndEpoch{leader=Optional[localhost:32770 (id: 0 rack: null)], epoch=0}}.
2025-07-31 15:54:49,862 INFO  [io.api.tes.ser.api.KafkaSerdesTester] (Thread-420) topic-372c9038_5709_40d9_9ed7_95264482ba24 0 0 {"key1": "value-0"}
2025-07-31 15:54:49,862 INFO  [io.api.tes.ser.api.KafkaSerdesTester] (Thread-420) topic-372c9038_5709_40d9_9ed7_95264482ba24 0 1 {"key1": "value-1"}
2025-07-31 15:54:49,862 INFO  [io.api.tes.ser.api.KafkaSerdesTester] (Thread-420) topic-372c9038_5709_40d9_9ed7_95264482ba24 0 2 {"key1": "value-2"}
2025-07-31 15:54:49,862 INFO  [io.api.tes.ser.api.KafkaSerdesTester] (Thread-420) topic-372c9038_5709_40d9_9ed7_95264482ba24 0 3 {"key1": "value-3"}
2025-07-31 15:54:49,862 INFO  [io.api.tes.ser.api.KafkaSerdesTester] (Thread-420) topic-372c9038_5709_40d9_9ed7_95264482ba24 0 4 {"key1": "value-4"}
2025-07-31 15:54:49,862 INFO  [io.api.tes.ser.api.KafkaSerdesTester] (Thread-420) topic-372c9038_5709_40d9_9ed7_95264482ba24 0 5 {"key1": "value-5"}
2025-07-31 15:54:49,862 INFO  [io.api.tes.ser.api.KafkaSerdesTester] (Thread-420) topic-372c9038_5709_40d9_9ed7_95264482ba24 0 6 {"key1": "value-6"}
2025-07-31 15:54:49,862 INFO  [io.api.tes.ser.api.KafkaSerdesTester] (Thread-420) topic-372c9038_5709_40d9_9ed7_95264482ba24 0 7 {"key1": "value-7"}
2025-07-31 15:54:49,862 INFO  [io.api.tes.ser.api.KafkaSerdesTester] (Thread-420) topic-372c9038_5709_40d9_9ed7_95264482ba24 0 8 {"key1": "value-8"}
2025-07-31 15:54:49,862 INFO  [io.api.tes.ser.api.KafkaSerdesTester] (Thread-420) topic-372c9038_5709_40d9_9ed7_95264482ba24 0 9 {"key1": "value-9"}
2025-07-31 15:54:49,862 INFO  [io.api.tes.ser.api.KafkaSerdesTester] (Thread-420) Consumed 10 messages
2025-07-31 15:54:49,864 INFO  [org.apa.kaf.cli.con.int.ConsumerRebalanceListenerInvoker] (Thread-420) [Consumer clientId=consumer-Consumer-topic-372c9038_5709_40d9_9ed7_95264482ba24-40, groupId=Consumer-topic-372c9038_5709_40d9_9ed7_95264482ba24] Revoke previously assigned partitions topic-372c9038_5709_40d9_9ed7_95264482ba24-0
2025-07-31 15:54:49,864 INFO  [org.apa.kaf.cli.con.int.ConsumerCoordinator] (Thread-420) [Consumer clientId=consumer-Consumer-topic-372c9038_5709_40d9_9ed7_95264482ba24-40, groupId=Consumer-topic-372c9038_5709_40d9_9ed7_95264482ba24] Member consumer-Consumer-topic-372c9038_5709_40d9_9ed7_95264482ba24-40-e0cdd932-e528-4135-bcd2-e5150ab49b68 sending LeaveGroup request to coordinator localhost:32770 (id: 2147483647 rack: null) due to the consumer is being closed
2025-07-31 15:54:49,864 INFO  [org.apa.kaf.cli.con.int.ConsumerCoordinator] (Thread-420) [Consumer clientId=consumer-Consumer-topic-372c9038_5709_40d9_9ed7_95264482ba24-40, groupId=Consumer-topic-372c9038_5709_40d9_9ed7_95264482ba24] Resetting generation and member id due to: consumer pro-actively leaving the group
2025-07-31 15:54:49,864 INFO  [org.apa.kaf.cli.con.int.ConsumerCoordinator] (Thread-420) [Consumer clientId=consumer-Consumer-topic-372c9038_5709_40d9_9ed7_95264482ba24-40, groupId=Consumer-topic-372c9038_5709_40d9_9ed7_95264482ba24] Request joining group due to: consumer pro-actively leaving the group
2025-07-31 15:54:50,365 INFO  [org.apa.kaf.com.met.Metrics] (Thread-420) Metrics scheduler closed
2025-07-31 15:54:50,365 INFO  [org.apa.kaf.com.met.Metrics] (Thread-420) Closing reporter org.apache.kafka.common.metrics.JmxReporter
2025-07-31 15:54:50,365 INFO  [org.apa.kaf.com.met.Metrics] (Thread-420) Closing reporter org.apache.kafka.common.telemetry.internals.ClientTelemetryReporter
2025-07-31 15:54:50,365 INFO  [org.apa.kaf.com.met.Metrics] (Thread-420) Metrics reporters closed
2025-07-31 15:54:50,366 INFO  [org.apa.kaf.com.uti.AppInfoParser] (Thread-420) App info kafka.consumer for consumer-Consumer-topic-372c9038_5709_40d9_9ed7_95264482ba24-40 unregistered
2025-07-31 15:54:50,483 INFO  [io.api.tes.ser.con.BasicConfluentSerDesIT] (main) Deleting confluent schema myrecordconfluent6
2025-07-31 15:54:50,567 INFO  [io.api.tes.uti.TestSeparator] (main) io.apicurio.tests.serdes.confluent.BasicConfluentSerDesIT.testAvroConfluentForMultipleTopics-FINISHED
2025-07-31 15:54:50,567 INFO  [io.api.tes.uti.TestSeparator] (main) ############################################################################
]]></system-out>
  </testcase>
  <testcase name="testAvroConfluentApicurio" classname="io.apicurio.tests.serdes.confluent.BasicConfluentSerDesIT" time="1.228">
    <system-out><![CDATA[2025-07-31 15:54:50,568 INFO  [io.api.tes.uti.TestSeparator] (main) ############################################################################
2025-07-31 15:54:50,568 INFO  [io.api.tes.uti.TestSeparator] (main) io.apicurio.tests.serdes.confluent.BasicConfluentSerDesIT.testAvroConfluentApicurio-STARTED
2025-07-31 15:54:50,730 INFO  [io.api.tes.ser.con.BasicConfluentSerDesIT] (main) Checking that created schema is equal to the get schema
2025-07-31 15:54:50,789 INFO  [io.api.tes.ser.con.BasicConfluentSerDesIT] (main) Created schema with id:70 and name:myrecordconfluent1
2025-07-31 15:54:50,790 INFO  [org.apa.kaf.cli.pro.ProducerConfig] (main) ProducerConfig values: 
	acks = -1
	auto.include.jmx.reporter = true
	batch.size = 16384
	bootstrap.servers = [PLAINTEXT://localhost:32770]
	buffer.memory = 33554432
	client.dns.lookup = use_all_dns_ips
	client.id = Producer-topic-aea6ebf4_3226_4a35_a96e_0f74dcd7db41
	compression.gzip.level = -1
	compression.lz4.level = 9
	compression.type = none
	compression.zstd.level = 3
	connections.max.idle.ms = 10000
	delivery.timeout.ms = 120000
	enable.idempotence = true
	enable.metrics.push = true
	interceptor.classes = []
	key.serializer = class org.apache.kafka.common.serialization.StringSerializer
	linger.ms = 0
	max.block.ms = 60000
	max.in.flight.requests.per.connection = 5
	max.request.size = 1048576
	metadata.max.age.ms = 300000
	metadata.max.idle.ms = 300000
	metadata.recovery.strategy = none
	metric.reporters = []
	metrics.num.samples = 2
	metrics.recording.level = INFO
	metrics.sample.window.ms = 30000
	partitioner.adaptive.partitioning.enable = true
	partitioner.availability.timeout.ms = 0
	partitioner.class = null
	partitioner.ignore.keys = false
	receive.buffer.bytes = 32768
	reconnect.backoff.max.ms = 1000
	reconnect.backoff.ms = 50
	request.timeout.ms = 5000
	retries = 2147483647
	retry.backoff.max.ms = 1000
	retry.backoff.ms = 100
	sasl.client.callback.handler.class = null
	sasl.jaas.config = null
	sasl.kerberos.kinit.cmd = /usr/bin/kinit
	sasl.kerberos.min.time.before.relogin = 60000
	sasl.kerberos.service.name = null
	sasl.kerberos.ticket.renew.jitter = 0.05
	sasl.kerberos.ticket.renew.window.factor = 0.8
	sasl.login.callback.handler.class = null
	sasl.login.class = null
	sasl.login.connect.timeout.ms = null
	sasl.login.read.timeout.ms = null
	sasl.login.refresh.buffer.seconds = 300
	sasl.login.refresh.min.period.seconds = 60
	sasl.login.refresh.window.factor = 0.8
	sasl.login.refresh.window.jitter = 0.05
	sasl.login.retry.backoff.max.ms = 10000
	sasl.login.retry.backoff.ms = 100
	sasl.mechanism = GSSAPI
	sasl.oauthbearer.clock.skew.seconds = 30
	sasl.oauthbearer.expected.audience = null
	sasl.oauthbearer.expected.issuer = null
	sasl.oauthbearer.header.urlencode = false
	sasl.oauthbearer.jwks.endpoint.refresh.ms = 3600000
	sasl.oauthbearer.jwks.endpoint.retry.backoff.max.ms = 10000
	sasl.oauthbearer.jwks.endpoint.retry.backoff.ms = 100
	sasl.oauthbearer.jwks.endpoint.url = null
	sasl.oauthbearer.scope.claim.name = scope
	sasl.oauthbearer.sub.claim.name = sub
	sasl.oauthbearer.token.endpoint.url = null
	security.protocol = PLAINTEXT
	security.providers = null
	send.buffer.bytes = 131072
	socket.connection.setup.timeout.max.ms = 30000
	socket.connection.setup.timeout.ms = 10000
	ssl.cipher.suites = null
	ssl.enabled.protocols = [TLSv1.2, TLSv1.3]
	ssl.endpoint.identification.algorithm = https
	ssl.engine.factory.class = null
	ssl.key.password = null
	ssl.keymanager.algorithm = SunX509
	ssl.keystore.certificate.chain = null
	ssl.keystore.key = null
	ssl.keystore.location = null
	ssl.keystore.password = null
	ssl.keystore.type = JKS
	ssl.protocol = TLSv1.3
	ssl.provider = null
	ssl.secure.random.implementation = null
	ssl.trustmanager.algorithm = PKIX
	ssl.truststore.certificates = null
	ssl.truststore.location = null
	ssl.truststore.password = null
	ssl.truststore.type = JKS
	transaction.timeout.ms = 60000
	transactional.id = null
	value.serializer = class io.confluent.kafka.serializers.KafkaAvroSerializer

2025-07-31 15:54:50,790 INFO  [org.apa.kaf.com.tel.int.KafkaMetricsCollector] (main) initializing Kafka metrics collector
2025-07-31 15:54:50,790 INFO  [io.con.kaf.ser.KafkaAvroSerializerConfig] (main) KafkaAvroSerializerConfig values: 
	auto.register.schemas = false
	avro.reflection.allow.null = false
	avro.remove.java.properties = false
	avro.use.logical.type.converters = false
	basic.auth.credentials.source = URL
	basic.auth.user.info = [hidden]
	bearer.auth.cache.expiry.buffer.seconds = 300
	bearer.auth.client.id = null
	bearer.auth.client.secret = null
	bearer.auth.credentials.source = STATIC_TOKEN
	bearer.auth.custom.provider.class = null
	bearer.auth.identity.pool.id = null
	bearer.auth.issuer.endpoint.url = null
	bearer.auth.logical.cluster = null
	bearer.auth.scope = null
	bearer.auth.scope.claim.name = scope
	bearer.auth.sub.claim.name = sub
	bearer.auth.token = [hidden]
	context.name.strategy = class io.confluent.kafka.serializers.context.NullContextNameStrategy
	http.connect.timeout.ms = 60000
	http.read.timeout.ms = 60000
	id.compatibility.strict = true
	key.subject.name.strategy = class io.confluent.kafka.serializers.subject.TopicNameStrategy
	latest.cache.size = 1000
	latest.cache.ttl.sec = -1
	latest.compatibility.strict = true
	max.retries = 3
	max.schemas.per.subject = 1000
	normalize.schemas = false
	propagate.schema.tags = false
	proxy.host = 
	proxy.port = -1
	retries.max.wait.ms = 20000
	retries.wait.ms = 1000
	rule.actions = []
	rule.executors = []
	rule.service.loader.enable = true
	schema.format = null
	schema.reflection = false
	schema.registry.basic.auth.user.info = [hidden]
	schema.registry.ssl.cipher.suites = null
	schema.registry.ssl.enabled.protocols = [TLSv1.2, TLSv1.3]
	schema.registry.ssl.endpoint.identification.algorithm = https
	schema.registry.ssl.engine.factory.class = null
	schema.registry.ssl.key.password = null
	schema.registry.ssl.keymanager.algorithm = SunX509
	schema.registry.ssl.keystore.certificate.chain = null
	schema.registry.ssl.keystore.key = null
	schema.registry.ssl.keystore.location = null
	schema.registry.ssl.keystore.password = null
	schema.registry.ssl.keystore.type = JKS
	schema.registry.ssl.protocol = TLSv1.3
	schema.registry.ssl.provider = null
	schema.registry.ssl.secure.random.implementation = null
	schema.registry.ssl.trustmanager.algorithm = PKIX
	schema.registry.ssl.truststore.certificates = null
	schema.registry.ssl.truststore.location = null
	schema.registry.ssl.truststore.password = null
	schema.registry.ssl.truststore.type = JKS
	schema.registry.url = [http://registry-app-kafkasql.apps.ci419.apicurio-testing.org:80/apis/ccompat/v7]
	use.latest.version = false
	use.latest.with.metadata = null
	use.schema.id = -1
	value.subject.name.strategy = class io.confluent.kafka.serializers.subject.TopicNameStrategy

2025-07-31 15:54:50,792 INFO  [org.apa.kaf.cli.pro.KafkaProducer] (main) [Producer clientId=Producer-topic-aea6ebf4_3226_4a35_a96e_0f74dcd7db41] Instantiated an idempotent producer.
2025-07-31 15:54:50,793 INFO  [org.apa.kaf.cli.pro.ProducerConfig] (main) These configurations '[schema.registry.url, auto.register.schemas, value.subject.name.strategy]' were supplied but are not used yet.
2025-07-31 15:54:50,793 INFO  [org.apa.kaf.com.uti.AppInfoParser] (main) Kafka version: 3.9.0
2025-07-31 15:54:50,793 INFO  [org.apa.kaf.com.uti.AppInfoParser] (main) Kafka commitId: 84caaa6e9da06435
2025-07-31 15:54:50,793 INFO  [org.apa.kaf.com.uti.AppInfoParser] (main) Kafka startTimeMs: 1753977290793
2025-07-31 15:54:50,793 INFO  [io.api.tes.ser.api.SimpleSerdesTesterBuilder$SimpleSerdesTester] (main) Using producer configuration: {schema.registry.url=http://registry-app-kafkasql.apps.ci419.apicurio-testing.org:80/apis/ccompat/v7, value.serializer=io.confluent.kafka.serializers.KafkaAvroSerializer, request.timeout.ms=5000, auto.register.schemas=false, acks=all, bootstrap.servers=PLAINTEXT://localhost:32770, connections.max.idle.ms=10000, key.serializer=org.apache.kafka.common.serialization.StringSerializer, value.subject.name.strategy=io.confluent.kafka.serializers.subject.TopicNameStrategy, client.id=Producer-topic-aea6ebf4_3226_4a35_a96e_0f74dcd7db41}
2025-07-31 15:54:50,793 INFO  [io.api.tes.ser.api.SimpleSerdesTesterBuilder$SimpleSerdesTester] (main) Using consumer configuration: {}
2025-07-31 15:54:50,794 INFO  [io.api.tes.ser.api.KafkaSerdesTester] (Thread-421) Sending message {"key1": "value-0"} to topic topic-aea6ebf4_3226_4a35_a96e_0f74dcd7db41
2025-07-31 15:54:50,796 INFO  [org.apa.kaf.cli.Metadata] (kafka-producer-network-thread | Producer-topic-aea6ebf4_3226_4a35_a96e_0f74dcd7db41) [Producer clientId=Producer-topic-aea6ebf4_3226_4a35_a96e_0f74dcd7db41] Cluster ID: k5QcScx1TGu5ZEx470RFLw
2025-07-31 15:54:50,797 INFO  [org.apa.kaf.cli.pro.int.TransactionManager] (kafka-producer-network-thread | Producer-topic-aea6ebf4_3226_4a35_a96e_0f74dcd7db41) [Producer clientId=Producer-topic-aea6ebf4_3226_4a35_a96e_0f74dcd7db41] ProducerId set to 54 with epoch 0
2025-07-31 15:54:50,861 INFO  [io.api.tes.ser.api.KafkaSerdesTester] (Thread-421) Sending message {"key1": "value-1"} to topic topic-aea6ebf4_3226_4a35_a96e_0f74dcd7db41
2025-07-31 15:54:50,866 INFO  [io.api.tes.ser.api.KafkaSerdesTester] (Thread-421) Sending message {"key1": "value-2"} to topic topic-aea6ebf4_3226_4a35_a96e_0f74dcd7db41
2025-07-31 15:54:50,869 INFO  [io.api.tes.ser.api.KafkaSerdesTester] (Thread-421) Sending message {"key1": "value-3"} to topic topic-aea6ebf4_3226_4a35_a96e_0f74dcd7db41
2025-07-31 15:54:50,870 INFO  [io.api.tes.ser.api.KafkaSerdesTester] (Thread-421) Sending message {"key1": "value-4"} to topic topic-aea6ebf4_3226_4a35_a96e_0f74dcd7db41
2025-07-31 15:54:50,871 INFO  [io.api.tes.ser.api.KafkaSerdesTester] (Thread-421) Sending message {"key1": "value-5"} to topic topic-aea6ebf4_3226_4a35_a96e_0f74dcd7db41
2025-07-31 15:54:50,873 INFO  [io.api.tes.ser.api.KafkaSerdesTester] (Thread-421) Sending message {"key1": "value-6"} to topic topic-aea6ebf4_3226_4a35_a96e_0f74dcd7db41
2025-07-31 15:54:50,874 INFO  [io.api.tes.ser.api.KafkaSerdesTester] (Thread-421) Sending message {"key1": "value-7"} to topic topic-aea6ebf4_3226_4a35_a96e_0f74dcd7db41
2025-07-31 15:54:50,875 INFO  [io.api.tes.ser.api.KafkaSerdesTester] (Thread-421) Sending message {"key1": "value-8"} to topic topic-aea6ebf4_3226_4a35_a96e_0f74dcd7db41
2025-07-31 15:54:50,876 INFO  [io.api.tes.ser.api.KafkaSerdesTester] (Thread-421) Sending message {"key1": "value-9"} to topic topic-aea6ebf4_3226_4a35_a96e_0f74dcd7db41
2025-07-31 15:54:50,881 INFO  [io.api.tes.ser.api.KafkaSerdesTester] (Thread-421) Produced 10 messages
2025-07-31 15:54:50,881 INFO  [org.apa.kaf.cli.pro.KafkaProducer] (Thread-421) [Producer clientId=Producer-topic-aea6ebf4_3226_4a35_a96e_0f74dcd7db41] Closing the Kafka producer with timeoutMillis = 9223372036854775807 ms.
2025-07-31 15:54:50,883 INFO  [org.apa.kaf.com.met.Metrics] (Thread-421) Metrics scheduler closed
2025-07-31 15:54:50,883 INFO  [org.apa.kaf.com.met.Metrics] (Thread-421) Closing reporter org.apache.kafka.common.metrics.JmxReporter
2025-07-31 15:54:50,883 INFO  [org.apa.kaf.com.met.Metrics] (Thread-421) Closing reporter org.apache.kafka.common.telemetry.internals.ClientTelemetryReporter
2025-07-31 15:54:50,884 INFO  [org.apa.kaf.com.met.Metrics] (Thread-421) Metrics reporters closed
2025-07-31 15:54:50,884 INFO  [org.apa.kaf.com.uti.AppInfoParser] (Thread-421) App info kafka.producer for Producer-topic-aea6ebf4_3226_4a35_a96e_0f74dcd7db41 unregistered
2025-07-31 15:54:50,884 INFO  [org.apa.kaf.cli.con.ConsumerConfig] (main) ConsumerConfig values: 
	allow.auto.create.topics = true
	auto.commit.interval.ms = 500
	auto.include.jmx.reporter = true
	auto.offset.reset = earliest
	bootstrap.servers = [PLAINTEXT://localhost:32770]
	check.crcs = true
	client.dns.lookup = use_all_dns_ips
	client.id = consumer-Consumer-topic-aea6ebf4_3226_4a35_a96e_0f74dcd7db41-41
	client.rack = 
	connections.max.idle.ms = 10000
	default.api.timeout.ms = 60000
	enable.auto.commit = true
	enable.metrics.push = true
	exclude.internal.topics = true
	fetch.max.bytes = 52428800
	fetch.max.wait.ms = 500
	fetch.min.bytes = 1
	group.id = Consumer-topic-aea6ebf4_3226_4a35_a96e_0f74dcd7db41
	group.instance.id = null
	group.protocol = classic
	group.remote.assignor = null
	heartbeat.interval.ms = 3000
	interceptor.classes = []
	internal.leave.group.on.close = true
	internal.throw.on.fetch.stable.offset.unsupported = false
	isolation.level = read_uncommitted
	key.deserializer = class org.apache.kafka.common.serialization.StringDeserializer
	max.partition.fetch.bytes = 1048576
	max.poll.interval.ms = 300000
	max.poll.records = 500
	metadata.max.age.ms = 300000
	metadata.recovery.strategy = none
	metric.reporters = []
	metrics.num.samples = 2
	metrics.recording.level = INFO
	metrics.sample.window.ms = 30000
	partition.assignment.strategy = [class org.apache.kafka.clients.consumer.RangeAssignor, class org.apache.kafka.clients.consumer.CooperativeStickyAssignor]
	receive.buffer.bytes = 65536
	reconnect.backoff.max.ms = 1000
	reconnect.backoff.ms = 50
	request.timeout.ms = 5000
	retry.backoff.max.ms = 1000
	retry.backoff.ms = 100
	sasl.client.callback.handler.class = null
	sasl.jaas.config = null
	sasl.kerberos.kinit.cmd = /usr/bin/kinit
	sasl.kerberos.min.time.before.relogin = 60000
	sasl.kerberos.service.name = null
	sasl.kerberos.ticket.renew.jitter = 0.05
	sasl.kerberos.ticket.renew.window.factor = 0.8
	sasl.login.callback.handler.class = null
	sasl.login.class = null
	sasl.login.connect.timeout.ms = null
	sasl.login.read.timeout.ms = null
	sasl.login.refresh.buffer.seconds = 300
	sasl.login.refresh.min.period.seconds = 60
	sasl.login.refresh.window.factor = 0.8
	sasl.login.refresh.window.jitter = 0.05
	sasl.login.retry.backoff.max.ms = 10000
	sasl.login.retry.backoff.ms = 100
	sasl.mechanism = GSSAPI
	sasl.oauthbearer.clock.skew.seconds = 30
	sasl.oauthbearer.expected.audience = null
	sasl.oauthbearer.expected.issuer = null
	sasl.oauthbearer.header.urlencode = false
	sasl.oauthbearer.jwks.endpoint.refresh.ms = 3600000
	sasl.oauthbearer.jwks.endpoint.retry.backoff.max.ms = 10000
	sasl.oauthbearer.jwks.endpoint.retry.backoff.ms = 100
	sasl.oauthbearer.jwks.endpoint.url = null
	sasl.oauthbearer.scope.claim.name = scope
	sasl.oauthbearer.sub.claim.name = sub
	sasl.oauthbearer.token.endpoint.url = null
	security.protocol = PLAINTEXT
	security.providers = null
	send.buffer.bytes = 131072
	session.timeout.ms = 45000
	socket.connection.setup.timeout.max.ms = 30000
	socket.connection.setup.timeout.ms = 10000
	ssl.cipher.suites = null
	ssl.enabled.protocols = [TLSv1.2, TLSv1.3]
	ssl.endpoint.identification.algorithm = https
	ssl.engine.factory.class = null
	ssl.key.password = null
	ssl.keymanager.algorithm = SunX509
	ssl.keystore.certificate.chain = null
	ssl.keystore.key = null
	ssl.keystore.location = null
	ssl.keystore.password = null
	ssl.keystore.type = JKS
	ssl.protocol = TLSv1.3
	ssl.provider = null
	ssl.secure.random.implementation = null
	ssl.trustmanager.algorithm = PKIX
	ssl.truststore.certificates = null
	ssl.truststore.location = null
	ssl.truststore.password = null
	ssl.truststore.type = JKS
	value.deserializer = class io.apicurio.registry.serde.avro.AvroKafkaDeserializer

2025-07-31 15:54:50,884 INFO  [org.apa.kaf.com.tel.int.KafkaMetricsCollector] (main) initializing Kafka metrics collector
2025-07-31 15:54:50,893 INFO  [org.apa.kaf.cli.con.ConsumerConfig] (main) These configurations '[apicurio.registry.url]' were supplied but are not used yet.
2025-07-31 15:54:50,893 INFO  [org.apa.kaf.com.uti.AppInfoParser] (main) Kafka version: 3.9.0
2025-07-31 15:54:50,893 INFO  [org.apa.kaf.com.uti.AppInfoParser] (main) Kafka commitId: 84caaa6e9da06435
2025-07-31 15:54:50,893 INFO  [org.apa.kaf.com.uti.AppInfoParser] (main) Kafka startTimeMs: 1753977290893
2025-07-31 15:54:50,893 INFO  [org.apa.kaf.cli.con.int.ClassicKafkaConsumer] (Thread-424) [Consumer clientId=consumer-Consumer-topic-aea6ebf4_3226_4a35_a96e_0f74dcd7db41-41, groupId=Consumer-topic-aea6ebf4_3226_4a35_a96e_0f74dcd7db41] Subscribed to topic(s): topic-aea6ebf4_3226_4a35_a96e_0f74dcd7db41
2025-07-31 15:54:50,897 INFO  [org.apa.kaf.cli.Metadata] (Thread-424) [Consumer clientId=consumer-Consumer-topic-aea6ebf4_3226_4a35_a96e_0f74dcd7db41-41, groupId=Consumer-topic-aea6ebf4_3226_4a35_a96e_0f74dcd7db41] Cluster ID: k5QcScx1TGu5ZEx470RFLw
2025-07-31 15:54:50,899 INFO  [org.apa.kaf.cli.con.int.ConsumerCoordinator] (Thread-424) [Consumer clientId=consumer-Consumer-topic-aea6ebf4_3226_4a35_a96e_0f74dcd7db41-41, groupId=Consumer-topic-aea6ebf4_3226_4a35_a96e_0f74dcd7db41] Discovered group coordinator localhost:32770 (id: 2147483647 rack: null)
2025-07-31 15:54:50,901 INFO  [org.apa.kaf.cli.con.int.ConsumerCoordinator] (Thread-424) [Consumer clientId=consumer-Consumer-topic-aea6ebf4_3226_4a35_a96e_0f74dcd7db41-41, groupId=Consumer-topic-aea6ebf4_3226_4a35_a96e_0f74dcd7db41] (Re-)joining group
2025-07-31 15:54:50,903 INFO  [org.apa.kaf.cli.con.int.ConsumerCoordinator] (Thread-424) [Consumer clientId=consumer-Consumer-topic-aea6ebf4_3226_4a35_a96e_0f74dcd7db41-41, groupId=Consumer-topic-aea6ebf4_3226_4a35_a96e_0f74dcd7db41] Request joining group due to: need to re-join with the given member-id: consumer-Consumer-topic-aea6ebf4_3226_4a35_a96e_0f74dcd7db41-41-f87e9e59-ea3a-48b0-a70a-0441f7b0617c
2025-07-31 15:54:50,903 INFO  [org.apa.kaf.cli.con.int.ConsumerCoordinator] (Thread-424) [Consumer clientId=consumer-Consumer-topic-aea6ebf4_3226_4a35_a96e_0f74dcd7db41-41, groupId=Consumer-topic-aea6ebf4_3226_4a35_a96e_0f74dcd7db41] (Re-)joining group
2025-07-31 15:54:50,906 INFO  [org.apa.kaf.cli.con.int.ConsumerCoordinator] (Thread-424) [Consumer clientId=consumer-Consumer-topic-aea6ebf4_3226_4a35_a96e_0f74dcd7db41-41, groupId=Consumer-topic-aea6ebf4_3226_4a35_a96e_0f74dcd7db41] Successfully joined group with generation Generation{generationId=1, memberId='consumer-Consumer-topic-aea6ebf4_3226_4a35_a96e_0f74dcd7db41-41-f87e9e59-ea3a-48b0-a70a-0441f7b0617c', protocol='range'}
2025-07-31 15:54:50,906 INFO  [org.apa.kaf.cli.con.int.ConsumerCoordinator] (Thread-424) [Consumer clientId=consumer-Consumer-topic-aea6ebf4_3226_4a35_a96e_0f74dcd7db41-41, groupId=Consumer-topic-aea6ebf4_3226_4a35_a96e_0f74dcd7db41] Finished assignment for group at generation 1: {consumer-Consumer-topic-aea6ebf4_3226_4a35_a96e_0f74dcd7db41-41-f87e9e59-ea3a-48b0-a70a-0441f7b0617c=Assignment(partitions=[topic-aea6ebf4_3226_4a35_a96e_0f74dcd7db41-0])}
2025-07-31 15:54:50,908 INFO  [org.apa.kaf.cli.con.int.ConsumerCoordinator] (Thread-424) [Consumer clientId=consumer-Consumer-topic-aea6ebf4_3226_4a35_a96e_0f74dcd7db41-41, groupId=Consumer-topic-aea6ebf4_3226_4a35_a96e_0f74dcd7db41] Successfully synced group in generation Generation{generationId=1, memberId='consumer-Consumer-topic-aea6ebf4_3226_4a35_a96e_0f74dcd7db41-41-f87e9e59-ea3a-48b0-a70a-0441f7b0617c', protocol='range'}
2025-07-31 15:54:50,908 INFO  [org.apa.kaf.cli.con.int.ConsumerCoordinator] (Thread-424) [Consumer clientId=consumer-Consumer-topic-aea6ebf4_3226_4a35_a96e_0f74dcd7db41-41, groupId=Consumer-topic-aea6ebf4_3226_4a35_a96e_0f74dcd7db41] Notifying assignor about the new Assignment(partitions=[topic-aea6ebf4_3226_4a35_a96e_0f74dcd7db41-0])
2025-07-31 15:54:50,908 INFO  [org.apa.kaf.cli.con.int.ConsumerRebalanceListenerInvoker] (Thread-424) [Consumer clientId=consumer-Consumer-topic-aea6ebf4_3226_4a35_a96e_0f74dcd7db41-41, groupId=Consumer-topic-aea6ebf4_3226_4a35_a96e_0f74dcd7db41] Adding newly assigned partitions: topic-aea6ebf4_3226_4a35_a96e_0f74dcd7db41-0
2025-07-31 15:54:50,909 INFO  [org.apa.kaf.cli.con.int.ConsumerCoordinator] (Thread-424) [Consumer clientId=consumer-Consumer-topic-aea6ebf4_3226_4a35_a96e_0f74dcd7db41-41, groupId=Consumer-topic-aea6ebf4_3226_4a35_a96e_0f74dcd7db41] Found no committed offset for partition topic-aea6ebf4_3226_4a35_a96e_0f74dcd7db41-0
2025-07-31 15:54:50,910 INFO  [org.apa.kaf.cli.con.int.SubscriptionState] (Thread-424) [Consumer clientId=consumer-Consumer-topic-aea6ebf4_3226_4a35_a96e_0f74dcd7db41-41, groupId=Consumer-topic-aea6ebf4_3226_4a35_a96e_0f74dcd7db41] Resetting offset for partition topic-aea6ebf4_3226_4a35_a96e_0f74dcd7db41-0 to position FetchPosition{offset=0, offsetEpoch=Optional.empty, currentLeader=LeaderAndEpoch{leader=Optional[localhost:32770 (id: 0 rack: null)], epoch=0}}.
2025-07-31 15:54:51,090 INFO  [io.api.tes.ser.api.KafkaSerdesTester] (Thread-424) topic-aea6ebf4_3226_4a35_a96e_0f74dcd7db41 0 0 {"key1": "value-0"}
2025-07-31 15:54:51,090 INFO  [io.api.tes.ser.api.KafkaSerdesTester] (Thread-424) topic-aea6ebf4_3226_4a35_a96e_0f74dcd7db41 0 1 {"key1": "value-1"}
2025-07-31 15:54:51,091 INFO  [io.api.tes.ser.api.KafkaSerdesTester] (Thread-424) topic-aea6ebf4_3226_4a35_a96e_0f74dcd7db41 0 2 {"key1": "value-2"}
2025-07-31 15:54:51,091 INFO  [io.api.tes.ser.api.KafkaSerdesTester] (Thread-424) topic-aea6ebf4_3226_4a35_a96e_0f74dcd7db41 0 3 {"key1": "value-3"}
2025-07-31 15:54:51,091 INFO  [io.api.tes.ser.api.KafkaSerdesTester] (Thread-424) topic-aea6ebf4_3226_4a35_a96e_0f74dcd7db41 0 4 {"key1": "value-4"}
2025-07-31 15:54:51,091 INFO  [io.api.tes.ser.api.KafkaSerdesTester] (Thread-424) topic-aea6ebf4_3226_4a35_a96e_0f74dcd7db41 0 5 {"key1": "value-5"}
2025-07-31 15:54:51,091 INFO  [io.api.tes.ser.api.KafkaSerdesTester] (Thread-424) topic-aea6ebf4_3226_4a35_a96e_0f74dcd7db41 0 6 {"key1": "value-6"}
2025-07-31 15:54:51,091 INFO  [io.api.tes.ser.api.KafkaSerdesTester] (Thread-424) topic-aea6ebf4_3226_4a35_a96e_0f74dcd7db41 0 7 {"key1": "value-7"}
2025-07-31 15:54:51,091 INFO  [io.api.tes.ser.api.KafkaSerdesTester] (Thread-424) topic-aea6ebf4_3226_4a35_a96e_0f74dcd7db41 0 8 {"key1": "value-8"}
2025-07-31 15:54:51,091 INFO  [io.api.tes.ser.api.KafkaSerdesTester] (Thread-424) topic-aea6ebf4_3226_4a35_a96e_0f74dcd7db41 0 9 {"key1": "value-9"}
2025-07-31 15:54:51,091 INFO  [io.api.tes.ser.api.KafkaSerdesTester] (Thread-424) Consumed 10 messages
2025-07-31 15:54:51,094 INFO  [org.apa.kaf.cli.con.int.ConsumerRebalanceListenerInvoker] (Thread-424) [Consumer clientId=consumer-Consumer-topic-aea6ebf4_3226_4a35_a96e_0f74dcd7db41-41, groupId=Consumer-topic-aea6ebf4_3226_4a35_a96e_0f74dcd7db41] Revoke previously assigned partitions topic-aea6ebf4_3226_4a35_a96e_0f74dcd7db41-0
2025-07-31 15:54:51,094 INFO  [org.apa.kaf.cli.con.int.ConsumerCoordinator] (Thread-424) [Consumer clientId=consumer-Consumer-topic-aea6ebf4_3226_4a35_a96e_0f74dcd7db41-41, groupId=Consumer-topic-aea6ebf4_3226_4a35_a96e_0f74dcd7db41] Member consumer-Consumer-topic-aea6ebf4_3226_4a35_a96e_0f74dcd7db41-41-f87e9e59-ea3a-48b0-a70a-0441f7b0617c sending LeaveGroup request to coordinator localhost:32770 (id: 2147483647 rack: null) due to the consumer is being closed
2025-07-31 15:54:51,094 INFO  [org.apa.kaf.cli.con.int.ConsumerCoordinator] (Thread-424) [Consumer clientId=consumer-Consumer-topic-aea6ebf4_3226_4a35_a96e_0f74dcd7db41-41, groupId=Consumer-topic-aea6ebf4_3226_4a35_a96e_0f74dcd7db41] Resetting generation and member id due to: consumer pro-actively leaving the group
2025-07-31 15:54:51,094 INFO  [org.apa.kaf.cli.con.int.ConsumerCoordinator] (Thread-424) [Consumer clientId=consumer-Consumer-topic-aea6ebf4_3226_4a35_a96e_0f74dcd7db41-41, groupId=Consumer-topic-aea6ebf4_3226_4a35_a96e_0f74dcd7db41] Request joining group due to: consumer pro-actively leaving the group
2025-07-31 15:54:51,593 INFO  [org.apa.kaf.com.met.Metrics] (Thread-424) Metrics scheduler closed
2025-07-31 15:54:51,593 INFO  [org.apa.kaf.com.met.Metrics] (Thread-424) Closing reporter org.apache.kafka.common.metrics.JmxReporter
2025-07-31 15:54:51,593 INFO  [org.apa.kaf.com.met.Metrics] (Thread-424) Closing reporter org.apache.kafka.common.telemetry.internals.ClientTelemetryReporter
2025-07-31 15:54:51,594 INFO  [org.apa.kaf.com.met.Metrics] (Thread-424) Metrics reporters closed
2025-07-31 15:54:51,595 INFO  [org.apa.kaf.com.uti.AppInfoParser] (Thread-424) App info kafka.consumer for consumer-Consumer-topic-aea6ebf4_3226_4a35_a96e_0f74dcd7db41-41 unregistered
2025-07-31 15:54:51,713 INFO  [io.api.tes.ser.con.BasicConfluentSerDesIT] (main) Deleting confluent schema topic-aea6ebf4_3226_4a35_a96e_0f74dcd7db41-value
2025-07-31 15:54:51,796 INFO  [io.api.tes.uti.TestSeparator] (main) io.apicurio.tests.serdes.confluent.BasicConfluentSerDesIT.testAvroConfluentApicurio-FINISHED
2025-07-31 15:54:51,796 INFO  [io.api.tes.uti.TestSeparator] (main) ############################################################################
]]></system-out>
  </testcase>
  <testcase name="testAvroConfluentSerDesWrongStrategyTopic" classname="io.apicurio.tests.serdes.confluent.BasicConfluentSerDesIT" time="0.497">
    <system-out><![CDATA[2025-07-31 15:54:51,798 INFO  [io.api.tes.uti.TestSeparator] (main) ############################################################################
2025-07-31 15:54:51,798 INFO  [io.api.tes.uti.TestSeparator] (main) io.apicurio.tests.serdes.confluent.BasicConfluentSerDesIT.testAvroConfluentSerDesWrongStrategyTopic-STARTED
2025-07-31 15:54:51,957 INFO  [io.api.tes.ser.con.BasicConfluentSerDesIT] (main) Checking that created schema is equal to the get schema
2025-07-31 15:54:52,016 INFO  [io.api.tes.ser.con.BasicConfluentSerDesIT] (main) Created schema with id:71 and name:myrecordconfluent3
2025-07-31 15:54:52,017 INFO  [org.apa.kaf.cli.pro.ProducerConfig] (main) ProducerConfig values: 
	acks = -1
	auto.include.jmx.reporter = true
	batch.size = 16384
	bootstrap.servers = [PLAINTEXT://localhost:32770]
	buffer.memory = 33554432
	client.dns.lookup = use_all_dns_ips
	client.id = Producer-topic-4e8dacef_bc55_497a_97ab_39fe5f569225
	compression.gzip.level = -1
	compression.lz4.level = 9
	compression.type = none
	compression.zstd.level = 3
	connections.max.idle.ms = 10000
	delivery.timeout.ms = 120000
	enable.idempotence = true
	enable.metrics.push = true
	interceptor.classes = []
	key.serializer = class org.apache.kafka.common.serialization.StringSerializer
	linger.ms = 0
	max.block.ms = 60000
	max.in.flight.requests.per.connection = 5
	max.request.size = 1048576
	metadata.max.age.ms = 300000
	metadata.max.idle.ms = 300000
	metadata.recovery.strategy = none
	metric.reporters = []
	metrics.num.samples = 2
	metrics.recording.level = INFO
	metrics.sample.window.ms = 30000
	partitioner.adaptive.partitioning.enable = true
	partitioner.availability.timeout.ms = 0
	partitioner.class = null
	partitioner.ignore.keys = false
	receive.buffer.bytes = 32768
	reconnect.backoff.max.ms = 1000
	reconnect.backoff.ms = 50
	request.timeout.ms = 5000
	retries = 2147483647
	retry.backoff.max.ms = 1000
	retry.backoff.ms = 100
	sasl.client.callback.handler.class = null
	sasl.jaas.config = null
	sasl.kerberos.kinit.cmd = /usr/bin/kinit
	sasl.kerberos.min.time.before.relogin = 60000
	sasl.kerberos.service.name = null
	sasl.kerberos.ticket.renew.jitter = 0.05
	sasl.kerberos.ticket.renew.window.factor = 0.8
	sasl.login.callback.handler.class = null
	sasl.login.class = null
	sasl.login.connect.timeout.ms = null
	sasl.login.read.timeout.ms = null
	sasl.login.refresh.buffer.seconds = 300
	sasl.login.refresh.min.period.seconds = 60
	sasl.login.refresh.window.factor = 0.8
	sasl.login.refresh.window.jitter = 0.05
	sasl.login.retry.backoff.max.ms = 10000
	sasl.login.retry.backoff.ms = 100
	sasl.mechanism = GSSAPI
	sasl.oauthbearer.clock.skew.seconds = 30
	sasl.oauthbearer.expected.audience = null
	sasl.oauthbearer.expected.issuer = null
	sasl.oauthbearer.header.urlencode = false
	sasl.oauthbearer.jwks.endpoint.refresh.ms = 3600000
	sasl.oauthbearer.jwks.endpoint.retry.backoff.max.ms = 10000
	sasl.oauthbearer.jwks.endpoint.retry.backoff.ms = 100
	sasl.oauthbearer.jwks.endpoint.url = null
	sasl.oauthbearer.scope.claim.name = scope
	sasl.oauthbearer.sub.claim.name = sub
	sasl.oauthbearer.token.endpoint.url = null
	security.protocol = PLAINTEXT
	security.providers = null
	send.buffer.bytes = 131072
	socket.connection.setup.timeout.max.ms = 30000
	socket.connection.setup.timeout.ms = 10000
	ssl.cipher.suites = null
	ssl.enabled.protocols = [TLSv1.2, TLSv1.3]
	ssl.endpoint.identification.algorithm = https
	ssl.engine.factory.class = null
	ssl.key.password = null
	ssl.keymanager.algorithm = SunX509
	ssl.keystore.certificate.chain = null
	ssl.keystore.key = null
	ssl.keystore.location = null
	ssl.keystore.password = null
	ssl.keystore.type = JKS
	ssl.protocol = TLSv1.3
	ssl.provider = null
	ssl.secure.random.implementation = null
	ssl.trustmanager.algorithm = PKIX
	ssl.truststore.certificates = null
	ssl.truststore.location = null
	ssl.truststore.password = null
	ssl.truststore.type = JKS
	transaction.timeout.ms = 60000
	transactional.id = null
	value.serializer = class io.confluent.kafka.serializers.KafkaAvroSerializer

2025-07-31 15:54:52,017 INFO  [org.apa.kaf.com.tel.int.KafkaMetricsCollector] (main) initializing Kafka metrics collector
2025-07-31 15:54:52,017 INFO  [io.con.kaf.ser.KafkaAvroSerializerConfig] (main) KafkaAvroSerializerConfig values: 
	auto.register.schemas = false
	avro.reflection.allow.null = false
	avro.remove.java.properties = false
	avro.use.logical.type.converters = false
	basic.auth.credentials.source = URL
	basic.auth.user.info = [hidden]
	bearer.auth.cache.expiry.buffer.seconds = 300
	bearer.auth.client.id = null
	bearer.auth.client.secret = null
	bearer.auth.credentials.source = STATIC_TOKEN
	bearer.auth.custom.provider.class = null
	bearer.auth.identity.pool.id = null
	bearer.auth.issuer.endpoint.url = null
	bearer.auth.logical.cluster = null
	bearer.auth.scope = null
	bearer.auth.scope.claim.name = scope
	bearer.auth.sub.claim.name = sub
	bearer.auth.token = [hidden]
	context.name.strategy = class io.confluent.kafka.serializers.context.NullContextNameStrategy
	http.connect.timeout.ms = 60000
	http.read.timeout.ms = 60000
	id.compatibility.strict = true
	key.subject.name.strategy = class io.confluent.kafka.serializers.subject.TopicNameStrategy
	latest.cache.size = 1000
	latest.cache.ttl.sec = -1
	latest.compatibility.strict = true
	max.retries = 3
	max.schemas.per.subject = 1000
	normalize.schemas = false
	propagate.schema.tags = false
	proxy.host = 
	proxy.port = -1
	retries.max.wait.ms = 20000
	retries.wait.ms = 1000
	rule.actions = []
	rule.executors = []
	rule.service.loader.enable = true
	schema.format = null
	schema.reflection = false
	schema.registry.basic.auth.user.info = [hidden]
	schema.registry.ssl.cipher.suites = null
	schema.registry.ssl.enabled.protocols = [TLSv1.2, TLSv1.3]
	schema.registry.ssl.endpoint.identification.algorithm = https
	schema.registry.ssl.engine.factory.class = null
	schema.registry.ssl.key.password = null
	schema.registry.ssl.keymanager.algorithm = SunX509
	schema.registry.ssl.keystore.certificate.chain = null
	schema.registry.ssl.keystore.key = null
	schema.registry.ssl.keystore.location = null
	schema.registry.ssl.keystore.password = null
	schema.registry.ssl.keystore.type = JKS
	schema.registry.ssl.protocol = TLSv1.3
	schema.registry.ssl.provider = null
	schema.registry.ssl.secure.random.implementation = null
	schema.registry.ssl.trustmanager.algorithm = PKIX
	schema.registry.ssl.truststore.certificates = null
	schema.registry.ssl.truststore.location = null
	schema.registry.ssl.truststore.password = null
	schema.registry.ssl.truststore.type = JKS
	schema.registry.url = [http://registry-app-kafkasql.apps.ci419.apicurio-testing.org:80/apis/ccompat/v7]
	use.latest.version = false
	use.latest.with.metadata = null
	use.schema.id = -1
	value.subject.name.strategy = class io.confluent.kafka.serializers.subject.TopicNameStrategy

2025-07-31 15:54:52,019 INFO  [org.apa.kaf.cli.pro.KafkaProducer] (main) [Producer clientId=Producer-topic-4e8dacef_bc55_497a_97ab_39fe5f569225] Instantiated an idempotent producer.
2025-07-31 15:54:52,020 INFO  [org.apa.kaf.cli.pro.ProducerConfig] (main) These configurations '[schema.registry.url, auto.register.schemas, value.subject.name.strategy]' were supplied but are not used yet.
2025-07-31 15:54:52,020 INFO  [org.apa.kaf.com.uti.AppInfoParser] (main) Kafka version: 3.9.0
2025-07-31 15:54:52,020 INFO  [org.apa.kaf.com.uti.AppInfoParser] (main) Kafka commitId: 84caaa6e9da06435
2025-07-31 15:54:52,020 INFO  [org.apa.kaf.com.uti.AppInfoParser] (main) Kafka startTimeMs: 1753977292020
2025-07-31 15:54:52,020 INFO  [io.api.tes.ser.api.KafkaSerdesTester] (Thread-425) Sending message {"key1": "value-0"} to topic topic-4e8dacef_bc55_497a_97ab_39fe5f569225
2025-07-31 15:54:52,024 INFO  [org.apa.kaf.cli.Metadata] (kafka-producer-network-thread | Producer-topic-4e8dacef_bc55_497a_97ab_39fe5f569225) [Producer clientId=Producer-topic-4e8dacef_bc55_497a_97ab_39fe5f569225] Cluster ID: k5QcScx1TGu5ZEx470RFLw
2025-07-31 15:54:52,024 INFO  [org.apa.kaf.cli.pro.int.TransactionManager] (kafka-producer-network-thread | Producer-topic-4e8dacef_bc55_497a_97ab_39fe5f569225) [Producer clientId=Producer-topic-4e8dacef_bc55_497a_97ab_39fe5f569225] ProducerId set to 55 with epoch 0
2025-07-31 15:54:52,090 INFO  [org.apa.kaf.cli.pro.KafkaProducer] (Thread-425) [Producer clientId=Producer-topic-4e8dacef_bc55_497a_97ab_39fe5f569225] Closing the Kafka producer with timeoutMillis = 9223372036854775807 ms.
2025-07-31 15:54:52,092 INFO  [org.apa.kaf.com.met.Metrics] (Thread-425) Metrics scheduler closed
2025-07-31 15:54:52,092 INFO  [org.apa.kaf.com.met.Metrics] (Thread-425) Closing reporter org.apache.kafka.common.metrics.JmxReporter
2025-07-31 15:54:52,092 INFO  [org.apa.kaf.com.met.Metrics] (Thread-425) Closing reporter org.apache.kafka.common.telemetry.internals.ClientTelemetryReporter
2025-07-31 15:54:52,092 INFO  [org.apa.kaf.com.met.Metrics] (Thread-425) Metrics reporters closed
2025-07-31 15:54:52,092 INFO  [org.apa.kaf.com.uti.AppInfoParser] (Thread-425) App info kafka.producer for Producer-topic-4e8dacef_bc55_497a_97ab_39fe5f569225 unregistered
2025-07-31 15:54:52,210 INFO  [io.api.tes.ser.con.BasicConfluentSerDesIT] (main) Deleting confluent schema myrecordconfluent3
2025-07-31 15:54:52,294 INFO  [io.api.tes.uti.TestSeparator] (main) io.apicurio.tests.serdes.confluent.BasicConfluentSerDesIT.testAvroConfluentSerDesWrongStrategyTopic-FINISHED
2025-07-31 15:54:52,294 INFO  [io.api.tes.uti.TestSeparator] (main) ############################################################################
]]></system-out>
  </testcase>
  <testcase name="testAvroApicurioConfluent" classname="io.apicurio.tests.serdes.confluent.BasicConfluentSerDesIT" time="2.109">
    <system-out><![CDATA[2025-07-31 15:54:52,295 INFO  [io.api.tes.uti.TestSeparator] (main) ############################################################################
2025-07-31 15:54:52,295 INFO  [io.api.tes.uti.TestSeparator] (main) io.apicurio.tests.serdes.confluent.BasicConfluentSerDesIT.testAvroApicurioConfluent-STARTED
2025-07-31 15:54:53,452 INFO  [org.apa.kaf.cli.pro.ProducerConfig] (main) ProducerConfig values: 
	acks = -1
	auto.include.jmx.reporter = true
	batch.size = 16384
	bootstrap.servers = [PLAINTEXT://localhost:32770]
	buffer.memory = 33554432
	client.dns.lookup = use_all_dns_ips
	client.id = Producer-topic-88a7365a_2afd_401e_9106_7573ba372fdb
	compression.gzip.level = -1
	compression.lz4.level = 9
	compression.type = none
	compression.zstd.level = 3
	connections.max.idle.ms = 10000
	delivery.timeout.ms = 120000
	enable.idempotence = true
	enable.metrics.push = true
	interceptor.classes = []
	key.serializer = class org.apache.kafka.common.serialization.StringSerializer
	linger.ms = 0
	max.block.ms = 60000
	max.in.flight.requests.per.connection = 5
	max.request.size = 1048576
	metadata.max.age.ms = 300000
	metadata.max.idle.ms = 300000
	metadata.recovery.strategy = none
	metric.reporters = []
	metrics.num.samples = 2
	metrics.recording.level = INFO
	metrics.sample.window.ms = 30000
	partitioner.adaptive.partitioning.enable = true
	partitioner.availability.timeout.ms = 0
	partitioner.class = null
	partitioner.ignore.keys = false
	receive.buffer.bytes = 32768
	reconnect.backoff.max.ms = 1000
	reconnect.backoff.ms = 50
	request.timeout.ms = 5000
	retries = 2147483647
	retry.backoff.max.ms = 1000
	retry.backoff.ms = 100
	sasl.client.callback.handler.class = null
	sasl.jaas.config = null
	sasl.kerberos.kinit.cmd = /usr/bin/kinit
	sasl.kerberos.min.time.before.relogin = 60000
	sasl.kerberos.service.name = null
	sasl.kerberos.ticket.renew.jitter = 0.05
	sasl.kerberos.ticket.renew.window.factor = 0.8
	sasl.login.callback.handler.class = null
	sasl.login.class = null
	sasl.login.connect.timeout.ms = null
	sasl.login.read.timeout.ms = null
	sasl.login.refresh.buffer.seconds = 300
	sasl.login.refresh.min.period.seconds = 60
	sasl.login.refresh.window.factor = 0.8
	sasl.login.refresh.window.jitter = 0.05
	sasl.login.retry.backoff.max.ms = 10000
	sasl.login.retry.backoff.ms = 100
	sasl.mechanism = GSSAPI
	sasl.oauthbearer.clock.skew.seconds = 30
	sasl.oauthbearer.expected.audience = null
	sasl.oauthbearer.expected.issuer = null
	sasl.oauthbearer.header.urlencode = false
	sasl.oauthbearer.jwks.endpoint.refresh.ms = 3600000
	sasl.oauthbearer.jwks.endpoint.retry.backoff.max.ms = 10000
	sasl.oauthbearer.jwks.endpoint.retry.backoff.ms = 100
	sasl.oauthbearer.jwks.endpoint.url = null
	sasl.oauthbearer.scope.claim.name = scope
	sasl.oauthbearer.sub.claim.name = sub
	sasl.oauthbearer.token.endpoint.url = null
	security.protocol = PLAINTEXT
	security.providers = null
	send.buffer.bytes = 131072
	socket.connection.setup.timeout.max.ms = 30000
	socket.connection.setup.timeout.ms = 10000
	ssl.cipher.suites = null
	ssl.enabled.protocols = [TLSv1.2, TLSv1.3]
	ssl.endpoint.identification.algorithm = https
	ssl.engine.factory.class = null
	ssl.key.password = null
	ssl.keymanager.algorithm = SunX509
	ssl.keystore.certificate.chain = null
	ssl.keystore.key = null
	ssl.keystore.location = null
	ssl.keystore.password = null
	ssl.keystore.type = JKS
	ssl.protocol = TLSv1.3
	ssl.provider = null
	ssl.secure.random.implementation = null
	ssl.trustmanager.algorithm = PKIX
	ssl.truststore.certificates = null
	ssl.truststore.location = null
	ssl.truststore.password = null
	ssl.truststore.type = JKS
	transaction.timeout.ms = 60000
	transactional.id = null
	value.serializer = class io.apicurio.registry.serde.avro.AvroKafkaSerializer

2025-07-31 15:54:53,452 INFO  [org.apa.kaf.com.tel.int.KafkaMetricsCollector] (main) initializing Kafka metrics collector
2025-07-31 15:54:53,456 INFO  [org.apa.kaf.cli.pro.KafkaProducer] (main) [Producer clientId=Producer-topic-88a7365a_2afd_401e_9106_7573ba372fdb] Instantiated an idempotent producer.
2025-07-31 15:54:53,457 INFO  [org.apa.kaf.cli.pro.ProducerConfig] (main) These configurations '[apicurio.registry.url, apicurio.registry.artifact-resolver-strategy]' were supplied but are not used yet.
2025-07-31 15:54:53,457 INFO  [org.apa.kaf.com.uti.AppInfoParser] (main) Kafka version: 3.9.0
2025-07-31 15:54:53,457 INFO  [org.apa.kaf.com.uti.AppInfoParser] (main) Kafka commitId: 84caaa6e9da06435
2025-07-31 15:54:53,457 INFO  [org.apa.kaf.com.uti.AppInfoParser] (main) Kafka startTimeMs: 1753977293457
2025-07-31 15:54:53,457 INFO  [io.api.tes.ser.api.SimpleSerdesTesterBuilder$SimpleSerdesTester] (main) Using producer configuration: {apicurio.registry.url=http://registry-app-kafkasql.apps.ci419.apicurio-testing.org:80/apis/registry/v3, apicurio.registry.artifact-resolver-strategy=io.apicurio.registry.serde.strategy.TopicIdStrategy, value.serializer=io.apicurio.registry.serde.avro.AvroKafkaSerializer, request.timeout.ms=5000, acks=all, bootstrap.servers=PLAINTEXT://localhost:32770, connections.max.idle.ms=10000, key.serializer=org.apache.kafka.common.serialization.StringSerializer, client.id=Producer-topic-88a7365a_2afd_401e_9106_7573ba372fdb}
2025-07-31 15:54:53,458 INFO  [io.api.tes.ser.api.SimpleSerdesTesterBuilder$SimpleSerdesTester] (main) Using consumer configuration: {}
2025-07-31 15:54:53,458 INFO  [io.api.tes.ser.api.KafkaSerdesTester] (Thread-428) Sending message {"key1": "value-0"} to topic topic-88a7365a_2afd_401e_9106_7573ba372fdb
2025-07-31 15:54:53,461 INFO  [org.apa.kaf.cli.Metadata] (kafka-producer-network-thread | Producer-topic-88a7365a_2afd_401e_9106_7573ba372fdb) [Producer clientId=Producer-topic-88a7365a_2afd_401e_9106_7573ba372fdb] Cluster ID: k5QcScx1TGu5ZEx470RFLw
2025-07-31 15:54:53,461 INFO  [DefaultSchemaResolver] (Thread-428) Retrieving schema content using string: {"type":"record","name":"myrecordconfluent1","fields":[{"name":"key1","type":"string"}]}
2025-07-31 15:54:53,461 INFO  [org.apa.kaf.cli.pro.int.TransactionManager] (kafka-producer-network-thread | Producer-topic-88a7365a_2afd_401e_9106_7573ba372fdb) [Producer clientId=Producer-topic-88a7365a_2afd_401e_9106_7573ba372fdb] ProducerId set to 56 with epoch 0
2025-07-31 15:54:53,591 INFO  [io.api.tes.ser.api.KafkaSerdesTester] (Thread-428) Sending message {"key1": "value-1"} to topic topic-88a7365a_2afd_401e_9106_7573ba372fdb
2025-07-31 15:54:53,592 INFO  [io.api.tes.ser.api.KafkaSerdesTester] (Thread-428) Sending message {"key1": "value-2"} to topic topic-88a7365a_2afd_401e_9106_7573ba372fdb
2025-07-31 15:54:53,594 INFO  [io.api.tes.ser.api.KafkaSerdesTester] (Thread-428) Sending message {"key1": "value-3"} to topic topic-88a7365a_2afd_401e_9106_7573ba372fdb
2025-07-31 15:54:53,595 INFO  [io.api.tes.ser.api.KafkaSerdesTester] (Thread-428) Sending message {"key1": "value-4"} to topic topic-88a7365a_2afd_401e_9106_7573ba372fdb
2025-07-31 15:54:53,596 INFO  [io.api.tes.ser.api.KafkaSerdesTester] (Thread-428) Sending message {"key1": "value-5"} to topic topic-88a7365a_2afd_401e_9106_7573ba372fdb
2025-07-31 15:54:53,597 INFO  [io.api.tes.ser.api.KafkaSerdesTester] (Thread-428) Sending message {"key1": "value-6"} to topic topic-88a7365a_2afd_401e_9106_7573ba372fdb
2025-07-31 15:54:53,598 INFO  [io.api.tes.ser.api.KafkaSerdesTester] (Thread-428) Sending message {"key1": "value-7"} to topic topic-88a7365a_2afd_401e_9106_7573ba372fdb
2025-07-31 15:54:53,599 INFO  [io.api.tes.ser.api.KafkaSerdesTester] (Thread-428) Sending message {"key1": "value-8"} to topic topic-88a7365a_2afd_401e_9106_7573ba372fdb
2025-07-31 15:54:53,600 INFO  [io.api.tes.ser.api.KafkaSerdesTester] (Thread-428) Sending message {"key1": "value-9"} to topic topic-88a7365a_2afd_401e_9106_7573ba372fdb
2025-07-31 15:54:53,601 INFO  [io.api.tes.ser.api.KafkaSerdesTester] (Thread-428) Produced 10 messages
2025-07-31 15:54:53,602 INFO  [org.apa.kaf.cli.pro.KafkaProducer] (Thread-428) [Producer clientId=Producer-topic-88a7365a_2afd_401e_9106_7573ba372fdb] Closing the Kafka producer with timeoutMillis = 9223372036854775807 ms.
2025-07-31 15:54:53,604 INFO  [org.apa.kaf.com.met.Metrics] (Thread-428) Metrics scheduler closed
2025-07-31 15:54:53,604 INFO  [org.apa.kaf.com.met.Metrics] (Thread-428) Closing reporter org.apache.kafka.common.metrics.JmxReporter
2025-07-31 15:54:53,604 INFO  [org.apa.kaf.com.met.Metrics] (Thread-428) Closing reporter org.apache.kafka.common.telemetry.internals.ClientTelemetryReporter
2025-07-31 15:54:53,604 INFO  [org.apa.kaf.com.met.Metrics] (Thread-428) Metrics reporters closed
2025-07-31 15:54:53,604 INFO  [org.apa.kaf.com.uti.AppInfoParser] (Thread-428) App info kafka.producer for Producer-topic-88a7365a_2afd_401e_9106_7573ba372fdb unregistered
2025-07-31 15:54:53,605 INFO  [org.apa.kaf.cli.con.ConsumerConfig] (main) ConsumerConfig values: 
	allow.auto.create.topics = true
	auto.commit.interval.ms = 500
	auto.include.jmx.reporter = true
	auto.offset.reset = earliest
	bootstrap.servers = [PLAINTEXT://localhost:32770]
	check.crcs = true
	client.dns.lookup = use_all_dns_ips
	client.id = consumer-Consumer-topic-88a7365a_2afd_401e_9106_7573ba372fdb-42
	client.rack = 
	connections.max.idle.ms = 10000
	default.api.timeout.ms = 60000
	enable.auto.commit = true
	enable.metrics.push = true
	exclude.internal.topics = true
	fetch.max.bytes = 52428800
	fetch.max.wait.ms = 500
	fetch.min.bytes = 1
	group.id = Consumer-topic-88a7365a_2afd_401e_9106_7573ba372fdb
	group.instance.id = null
	group.protocol = classic
	group.remote.assignor = null
	heartbeat.interval.ms = 3000
	interceptor.classes = []
	internal.leave.group.on.close = true
	internal.throw.on.fetch.stable.offset.unsupported = false
	isolation.level = read_uncommitted
	key.deserializer = class org.apache.kafka.common.serialization.StringDeserializer
	max.partition.fetch.bytes = 1048576
	max.poll.interval.ms = 300000
	max.poll.records = 500
	metadata.max.age.ms = 300000
	metadata.recovery.strategy = none
	metric.reporters = []
	metrics.num.samples = 2
	metrics.recording.level = INFO
	metrics.sample.window.ms = 30000
	partition.assignment.strategy = [class org.apache.kafka.clients.consumer.RangeAssignor, class org.apache.kafka.clients.consumer.CooperativeStickyAssignor]
	receive.buffer.bytes = 65536
	reconnect.backoff.max.ms = 1000
	reconnect.backoff.ms = 50
	request.timeout.ms = 5000
	retry.backoff.max.ms = 1000
	retry.backoff.ms = 100
	sasl.client.callback.handler.class = null
	sasl.jaas.config = null
	sasl.kerberos.kinit.cmd = /usr/bin/kinit
	sasl.kerberos.min.time.before.relogin = 60000
	sasl.kerberos.service.name = null
	sasl.kerberos.ticket.renew.jitter = 0.05
	sasl.kerberos.ticket.renew.window.factor = 0.8
	sasl.login.callback.handler.class = null
	sasl.login.class = null
	sasl.login.connect.timeout.ms = null
	sasl.login.read.timeout.ms = null
	sasl.login.refresh.buffer.seconds = 300
	sasl.login.refresh.min.period.seconds = 60
	sasl.login.refresh.window.factor = 0.8
	sasl.login.refresh.window.jitter = 0.05
	sasl.login.retry.backoff.max.ms = 10000
	sasl.login.retry.backoff.ms = 100
	sasl.mechanism = GSSAPI
	sasl.oauthbearer.clock.skew.seconds = 30
	sasl.oauthbearer.expected.audience = null
	sasl.oauthbearer.expected.issuer = null
	sasl.oauthbearer.header.urlencode = false
	sasl.oauthbearer.jwks.endpoint.refresh.ms = 3600000
	sasl.oauthbearer.jwks.endpoint.retry.backoff.max.ms = 10000
	sasl.oauthbearer.jwks.endpoint.retry.backoff.ms = 100
	sasl.oauthbearer.jwks.endpoint.url = null
	sasl.oauthbearer.scope.claim.name = scope
	sasl.oauthbearer.sub.claim.name = sub
	sasl.oauthbearer.token.endpoint.url = null
	security.protocol = PLAINTEXT
	security.providers = null
	send.buffer.bytes = 131072
	session.timeout.ms = 45000
	socket.connection.setup.timeout.max.ms = 30000
	socket.connection.setup.timeout.ms = 10000
	ssl.cipher.suites = null
	ssl.enabled.protocols = [TLSv1.2, TLSv1.3]
	ssl.endpoint.identification.algorithm = https
	ssl.engine.factory.class = null
	ssl.key.password = null
	ssl.keymanager.algorithm = SunX509
	ssl.keystore.certificate.chain = null
	ssl.keystore.key = null
	ssl.keystore.location = null
	ssl.keystore.password = null
	ssl.keystore.type = JKS
	ssl.protocol = TLSv1.3
	ssl.provider = null
	ssl.secure.random.implementation = null
	ssl.trustmanager.algorithm = PKIX
	ssl.truststore.certificates = null
	ssl.truststore.location = null
	ssl.truststore.password = null
	ssl.truststore.type = JKS
	value.deserializer = class io.confluent.kafka.serializers.KafkaAvroDeserializer

2025-07-31 15:54:53,605 INFO  [org.apa.kaf.com.tel.int.KafkaMetricsCollector] (main) initializing Kafka metrics collector
2025-07-31 15:54:53,605 INFO  [io.con.kaf.ser.KafkaAvroDeserializerConfig] (main) KafkaAvroDeserializerConfig values: 
	auto.register.schemas = true
	avro.reflection.allow.null = false
	avro.use.logical.type.converters = false
	basic.auth.credentials.source = URL
	basic.auth.user.info = [hidden]
	bearer.auth.cache.expiry.buffer.seconds = 300
	bearer.auth.client.id = null
	bearer.auth.client.secret = null
	bearer.auth.credentials.source = STATIC_TOKEN
	bearer.auth.custom.provider.class = null
	bearer.auth.identity.pool.id = null
	bearer.auth.issuer.endpoint.url = null
	bearer.auth.logical.cluster = null
	bearer.auth.scope = null
	bearer.auth.scope.claim.name = scope
	bearer.auth.sub.claim.name = sub
	bearer.auth.token = [hidden]
	context.name.strategy = class io.confluent.kafka.serializers.context.NullContextNameStrategy
	http.connect.timeout.ms = 60000
	http.read.timeout.ms = 60000
	id.compatibility.strict = true
	key.subject.name.strategy = class io.confluent.kafka.serializers.subject.TopicNameStrategy
	latest.cache.size = 1000
	latest.cache.ttl.sec = -1
	latest.compatibility.strict = true
	max.retries = 3
	max.schemas.per.subject = 1000
	normalize.schemas = false
	propagate.schema.tags = false
	proxy.host = 
	proxy.port = -1
	retries.max.wait.ms = 20000
	retries.wait.ms = 1000
	rule.actions = []
	rule.executors = []
	rule.service.loader.enable = true
	schema.format = null
	schema.reflection = false
	schema.registry.basic.auth.user.info = [hidden]
	schema.registry.ssl.cipher.suites = null
	schema.registry.ssl.enabled.protocols = [TLSv1.2, TLSv1.3]
	schema.registry.ssl.endpoint.identification.algorithm = https
	schema.registry.ssl.engine.factory.class = null
	schema.registry.ssl.key.password = null
	schema.registry.ssl.keymanager.algorithm = SunX509
	schema.registry.ssl.keystore.certificate.chain = null
	schema.registry.ssl.keystore.key = null
	schema.registry.ssl.keystore.location = null
	schema.registry.ssl.keystore.password = null
	schema.registry.ssl.keystore.type = JKS
	schema.registry.ssl.protocol = TLSv1.3
	schema.registry.ssl.provider = null
	schema.registry.ssl.secure.random.implementation = null
	schema.registry.ssl.trustmanager.algorithm = PKIX
	schema.registry.ssl.truststore.certificates = null
	schema.registry.ssl.truststore.location = null
	schema.registry.ssl.truststore.password = null
	schema.registry.ssl.truststore.type = JKS
	schema.registry.url = [http://registry-app-kafkasql.apps.ci419.apicurio-testing.org:80/apis/ccompat/v7]
	specific.avro.key.type = null
	specific.avro.reader = false
	specific.avro.value.type = null
	use.latest.version = false
	use.latest.with.metadata = null
	use.schema.id = -1
	value.subject.name.strategy = class io.confluent.kafka.serializers.subject.TopicNameStrategy

2025-07-31 15:54:53,605 INFO  [io.con.kaf.ser.KafkaAvroDeserializerConfig] (main) KafkaAvroDeserializerConfig values: 
	auto.register.schemas = true
	avro.reflection.allow.null = false
	avro.use.logical.type.converters = false
	basic.auth.credentials.source = URL
	basic.auth.user.info = [hidden]
	bearer.auth.cache.expiry.buffer.seconds = 300
	bearer.auth.client.id = null
	bearer.auth.client.secret = null
	bearer.auth.credentials.source = STATIC_TOKEN
	bearer.auth.custom.provider.class = null
	bearer.auth.identity.pool.id = null
	bearer.auth.issuer.endpoint.url = null
	bearer.auth.logical.cluster = null
	bearer.auth.scope = null
	bearer.auth.scope.claim.name = scope
	bearer.auth.sub.claim.name = sub
	bearer.auth.token = [hidden]
	context.name.strategy = class io.confluent.kafka.serializers.context.NullContextNameStrategy
	http.connect.timeout.ms = 60000
	http.read.timeout.ms = 60000
	id.compatibility.strict = true
	key.subject.name.strategy = class io.confluent.kafka.serializers.subject.TopicNameStrategy
	latest.cache.size = 1000
	latest.cache.ttl.sec = -1
	latest.compatibility.strict = true
	max.retries = 3
	max.schemas.per.subject = 1000
	normalize.schemas = false
	propagate.schema.tags = false
	proxy.host = 
	proxy.port = -1
	retries.max.wait.ms = 20000
	retries.wait.ms = 1000
	rule.actions = []
	rule.executors = []
	rule.service.loader.enable = true
	schema.format = null
	schema.reflection = false
	schema.registry.basic.auth.user.info = [hidden]
	schema.registry.ssl.cipher.suites = null
	schema.registry.ssl.enabled.protocols = [TLSv1.2, TLSv1.3]
	schema.registry.ssl.endpoint.identification.algorithm = https
	schema.registry.ssl.engine.factory.class = null
	schema.registry.ssl.key.password = null
	schema.registry.ssl.keymanager.algorithm = SunX509
	schema.registry.ssl.keystore.certificate.chain = null
	schema.registry.ssl.keystore.key = null
	schema.registry.ssl.keystore.location = null
	schema.registry.ssl.keystore.password = null
	schema.registry.ssl.keystore.type = JKS
	schema.registry.ssl.protocol = TLSv1.3
	schema.registry.ssl.provider = null
	schema.registry.ssl.secure.random.implementation = null
	schema.registry.ssl.trustmanager.algorithm = PKIX
	schema.registry.ssl.truststore.certificates = null
	schema.registry.ssl.truststore.location = null
	schema.registry.ssl.truststore.password = null
	schema.registry.ssl.truststore.type = JKS
	schema.registry.url = [http://registry-app-kafkasql.apps.ci419.apicurio-testing.org:80/apis/ccompat/v7]
	specific.avro.key.type = null
	specific.avro.reader = false
	specific.avro.value.type = null
	use.latest.version = false
	use.latest.with.metadata = null
	use.schema.id = -1
	value.subject.name.strategy = class io.confluent.kafka.serializers.subject.TopicNameStrategy

2025-07-31 15:54:53,611 INFO  [org.apa.kaf.cli.con.ConsumerConfig] (main) These configurations '[schema.registry.url]' were supplied but are not used yet.
2025-07-31 15:54:53,611 INFO  [org.apa.kaf.com.uti.AppInfoParser] (main) Kafka version: 3.9.0
2025-07-31 15:54:53,611 INFO  [org.apa.kaf.com.uti.AppInfoParser] (main) Kafka commitId: 84caaa6e9da06435
2025-07-31 15:54:53,611 INFO  [org.apa.kaf.com.uti.AppInfoParser] (main) Kafka startTimeMs: 1753977293611
2025-07-31 15:54:53,611 INFO  [org.apa.kaf.cli.con.int.ClassicKafkaConsumer] (Thread-429) [Consumer clientId=consumer-Consumer-topic-88a7365a_2afd_401e_9106_7573ba372fdb-42, groupId=Consumer-topic-88a7365a_2afd_401e_9106_7573ba372fdb] Subscribed to topic(s): topic-88a7365a_2afd_401e_9106_7573ba372fdb
2025-07-31 15:54:53,615 INFO  [org.apa.kaf.cli.Metadata] (Thread-429) [Consumer clientId=consumer-Consumer-topic-88a7365a_2afd_401e_9106_7573ba372fdb-42, groupId=Consumer-topic-88a7365a_2afd_401e_9106_7573ba372fdb] Cluster ID: k5QcScx1TGu5ZEx470RFLw
2025-07-31 15:54:53,615 INFO  [org.apa.kaf.cli.con.int.ConsumerCoordinator] (Thread-429) [Consumer clientId=consumer-Consumer-topic-88a7365a_2afd_401e_9106_7573ba372fdb-42, groupId=Consumer-topic-88a7365a_2afd_401e_9106_7573ba372fdb] Discovered group coordinator localhost:32770 (id: 2147483647 rack: null)
2025-07-31 15:54:53,616 INFO  [org.apa.kaf.cli.con.int.ConsumerCoordinator] (Thread-429) [Consumer clientId=consumer-Consumer-topic-88a7365a_2afd_401e_9106_7573ba372fdb-42, groupId=Consumer-topic-88a7365a_2afd_401e_9106_7573ba372fdb] (Re-)joining group
2025-07-31 15:54:53,618 INFO  [org.apa.kaf.cli.con.int.ConsumerCoordinator] (Thread-429) [Consumer clientId=consumer-Consumer-topic-88a7365a_2afd_401e_9106_7573ba372fdb-42, groupId=Consumer-topic-88a7365a_2afd_401e_9106_7573ba372fdb] Request joining group due to: need to re-join with the given member-id: consumer-Consumer-topic-88a7365a_2afd_401e_9106_7573ba372fdb-42-976c2a7b-fd07-4a7c-9d3b-14b8a380c5fa
2025-07-31 15:54:53,618 INFO  [org.apa.kaf.cli.con.int.ConsumerCoordinator] (Thread-429) [Consumer clientId=consumer-Consumer-topic-88a7365a_2afd_401e_9106_7573ba372fdb-42, groupId=Consumer-topic-88a7365a_2afd_401e_9106_7573ba372fdb] (Re-)joining group
2025-07-31 15:54:53,621 INFO  [org.apa.kaf.cli.con.int.ConsumerCoordinator] (Thread-429) [Consumer clientId=consumer-Consumer-topic-88a7365a_2afd_401e_9106_7573ba372fdb-42, groupId=Consumer-topic-88a7365a_2afd_401e_9106_7573ba372fdb] Successfully joined group with generation Generation{generationId=1, memberId='consumer-Consumer-topic-88a7365a_2afd_401e_9106_7573ba372fdb-42-976c2a7b-fd07-4a7c-9d3b-14b8a380c5fa', protocol='range'}
2025-07-31 15:54:53,621 INFO  [org.apa.kaf.cli.con.int.ConsumerCoordinator] (Thread-429) [Consumer clientId=consumer-Consumer-topic-88a7365a_2afd_401e_9106_7573ba372fdb-42, groupId=Consumer-topic-88a7365a_2afd_401e_9106_7573ba372fdb] Finished assignment for group at generation 1: {consumer-Consumer-topic-88a7365a_2afd_401e_9106_7573ba372fdb-42-976c2a7b-fd07-4a7c-9d3b-14b8a380c5fa=Assignment(partitions=[topic-88a7365a_2afd_401e_9106_7573ba372fdb-0])}
2025-07-31 15:54:53,624 INFO  [org.apa.kaf.cli.con.int.ConsumerCoordinator] (Thread-429) [Consumer clientId=consumer-Consumer-topic-88a7365a_2afd_401e_9106_7573ba372fdb-42, groupId=Consumer-topic-88a7365a_2afd_401e_9106_7573ba372fdb] Successfully synced group in generation Generation{generationId=1, memberId='consumer-Consumer-topic-88a7365a_2afd_401e_9106_7573ba372fdb-42-976c2a7b-fd07-4a7c-9d3b-14b8a380c5fa', protocol='range'}
2025-07-31 15:54:53,624 INFO  [org.apa.kaf.cli.con.int.ConsumerCoordinator] (Thread-429) [Consumer clientId=consumer-Consumer-topic-88a7365a_2afd_401e_9106_7573ba372fdb-42, groupId=Consumer-topic-88a7365a_2afd_401e_9106_7573ba372fdb] Notifying assignor about the new Assignment(partitions=[topic-88a7365a_2afd_401e_9106_7573ba372fdb-0])
2025-07-31 15:54:53,624 INFO  [org.apa.kaf.cli.con.int.ConsumerRebalanceListenerInvoker] (Thread-429) [Consumer clientId=consumer-Consumer-topic-88a7365a_2afd_401e_9106_7573ba372fdb-42, groupId=Consumer-topic-88a7365a_2afd_401e_9106_7573ba372fdb] Adding newly assigned partitions: topic-88a7365a_2afd_401e_9106_7573ba372fdb-0
2025-07-31 15:54:53,626 INFO  [org.apa.kaf.cli.con.int.ConsumerCoordinator] (Thread-429) [Consumer clientId=consumer-Consumer-topic-88a7365a_2afd_401e_9106_7573ba372fdb-42, groupId=Consumer-topic-88a7365a_2afd_401e_9106_7573ba372fdb] Found no committed offset for partition topic-88a7365a_2afd_401e_9106_7573ba372fdb-0
2025-07-31 15:54:53,631 INFO  [org.apa.kaf.cli.con.int.SubscriptionState] (Thread-429) [Consumer clientId=consumer-Consumer-topic-88a7365a_2afd_401e_9106_7573ba372fdb-42, groupId=Consumer-topic-88a7365a_2afd_401e_9106_7573ba372fdb] Resetting offset for partition topic-88a7365a_2afd_401e_9106_7573ba372fdb-0 to position FetchPosition{offset=0, offsetEpoch=Optional.empty, currentLeader=LeaderAndEpoch{leader=Optional[localhost:32770 (id: 0 rack: null)], epoch=0}}.
2025-07-31 15:54:53,694 INFO  [io.api.tes.ser.api.KafkaSerdesTester] (Thread-429) topic-88a7365a_2afd_401e_9106_7573ba372fdb 0 0 {"key1": "value-0"}
2025-07-31 15:54:53,694 INFO  [io.api.tes.ser.api.KafkaSerdesTester] (Thread-429) topic-88a7365a_2afd_401e_9106_7573ba372fdb 0 1 {"key1": "value-1"}
2025-07-31 15:54:53,694 INFO  [io.api.tes.ser.api.KafkaSerdesTester] (Thread-429) topic-88a7365a_2afd_401e_9106_7573ba372fdb 0 2 {"key1": "value-2"}
2025-07-31 15:54:53,694 INFO  [io.api.tes.ser.api.KafkaSerdesTester] (Thread-429) topic-88a7365a_2afd_401e_9106_7573ba372fdb 0 3 {"key1": "value-3"}
2025-07-31 15:54:53,694 INFO  [io.api.tes.ser.api.KafkaSerdesTester] (Thread-429) topic-88a7365a_2afd_401e_9106_7573ba372fdb 0 4 {"key1": "value-4"}
2025-07-31 15:54:53,695 INFO  [io.api.tes.ser.api.KafkaSerdesTester] (Thread-429) topic-88a7365a_2afd_401e_9106_7573ba372fdb 0 5 {"key1": "value-5"}
2025-07-31 15:54:53,695 INFO  [io.api.tes.ser.api.KafkaSerdesTester] (Thread-429) topic-88a7365a_2afd_401e_9106_7573ba372fdb 0 6 {"key1": "value-6"}
2025-07-31 15:54:53,695 INFO  [io.api.tes.ser.api.KafkaSerdesTester] (Thread-429) topic-88a7365a_2afd_401e_9106_7573ba372fdb 0 7 {"key1": "value-7"}
2025-07-31 15:54:53,695 INFO  [io.api.tes.ser.api.KafkaSerdesTester] (Thread-429) topic-88a7365a_2afd_401e_9106_7573ba372fdb 0 8 {"key1": "value-8"}
2025-07-31 15:54:53,695 INFO  [io.api.tes.ser.api.KafkaSerdesTester] (Thread-429) topic-88a7365a_2afd_401e_9106_7573ba372fdb 0 9 {"key1": "value-9"}
2025-07-31 15:54:53,695 INFO  [io.api.tes.ser.api.KafkaSerdesTester] (Thread-429) Consumed 10 messages
2025-07-31 15:54:53,698 INFO  [org.apa.kaf.cli.con.int.ConsumerRebalanceListenerInvoker] (Thread-429) [Consumer clientId=consumer-Consumer-topic-88a7365a_2afd_401e_9106_7573ba372fdb-42, groupId=Consumer-topic-88a7365a_2afd_401e_9106_7573ba372fdb] Revoke previously assigned partitions topic-88a7365a_2afd_401e_9106_7573ba372fdb-0
2025-07-31 15:54:53,698 INFO  [org.apa.kaf.cli.con.int.ConsumerCoordinator] (Thread-429) [Consumer clientId=consumer-Consumer-topic-88a7365a_2afd_401e_9106_7573ba372fdb-42, groupId=Consumer-topic-88a7365a_2afd_401e_9106_7573ba372fdb] Member consumer-Consumer-topic-88a7365a_2afd_401e_9106_7573ba372fdb-42-976c2a7b-fd07-4a7c-9d3b-14b8a380c5fa sending LeaveGroup request to coordinator localhost:32770 (id: 2147483647 rack: null) due to the consumer is being closed
2025-07-31 15:54:53,698 INFO  [org.apa.kaf.cli.con.int.ConsumerCoordinator] (Thread-429) [Consumer clientId=consumer-Consumer-topic-88a7365a_2afd_401e_9106_7573ba372fdb-42, groupId=Consumer-topic-88a7365a_2afd_401e_9106_7573ba372fdb] Resetting generation and member id due to: consumer pro-actively leaving the group
2025-07-31 15:54:53,698 INFO  [org.apa.kaf.cli.con.int.ConsumerCoordinator] (Thread-429) [Consumer clientId=consumer-Consumer-topic-88a7365a_2afd_401e_9106_7573ba372fdb-42, groupId=Consumer-topic-88a7365a_2afd_401e_9106_7573ba372fdb] Request joining group due to: consumer pro-actively leaving the group
2025-07-31 15:54:54,197 INFO  [org.apa.kaf.com.met.Metrics] (Thread-429) Metrics scheduler closed
2025-07-31 15:54:54,197 INFO  [org.apa.kaf.com.met.Metrics] (Thread-429) Closing reporter org.apache.kafka.common.metrics.JmxReporter
2025-07-31 15:54:54,198 INFO  [org.apa.kaf.com.met.Metrics] (Thread-429) Closing reporter org.apache.kafka.common.telemetry.internals.ClientTelemetryReporter
2025-07-31 15:54:54,198 INFO  [org.apa.kaf.com.met.Metrics] (Thread-429) Metrics reporters closed
2025-07-31 15:54:54,199 INFO  [org.apa.kaf.com.uti.AppInfoParser] (Thread-429) App info kafka.consumer for consumer-Consumer-topic-88a7365a_2afd_401e_9106_7573ba372fdb-42 unregistered
2025-07-31 15:54:54,319 INFO  [io.api.tes.ser.con.BasicConfluentSerDesIT] (main) Deleting confluent schema topic-88a7365a_2afd_401e_9106_7573ba372fdb-value
2025-07-31 15:54:54,403 INFO  [io.api.tes.uti.TestSeparator] (main) io.apicurio.tests.serdes.confluent.BasicConfluentSerDesIT.testAvroApicurioConfluent-FINISHED
2025-07-31 15:54:54,403 INFO  [io.api.tes.uti.TestSeparator] (main) ############################################################################
]]></system-out>
  </testcase>
  <testcase name="testAvroConfluentSerDesFail" classname="io.apicurio.tests.serdes.confluent.BasicConfluentSerDesIT" time="0.496">
    <system-out><![CDATA[2025-07-31 15:54:54,404 INFO  [io.api.tes.uti.TestSeparator] (main) ############################################################################
2025-07-31 15:54:54,404 INFO  [io.api.tes.uti.TestSeparator] (main) io.apicurio.tests.serdes.confluent.BasicConfluentSerDesIT.testAvroConfluentSerDesFail-STARTED
2025-07-31 15:54:54,565 INFO  [io.api.tes.ser.con.BasicConfluentSerDesIT] (main) Checking that created schema is equal to the get schema
2025-07-31 15:54:54,623 INFO  [io.api.tes.ser.con.BasicConfluentSerDesIT] (main) Created schema with id:73 and name:myrecordconfluent2
2025-07-31 15:54:54,624 INFO  [org.apa.kaf.cli.pro.ProducerConfig] (main) ProducerConfig values: 
	acks = -1
	auto.include.jmx.reporter = true
	batch.size = 16384
	bootstrap.servers = [PLAINTEXT://localhost:32770]
	buffer.memory = 33554432
	client.dns.lookup = use_all_dns_ips
	client.id = Producer-topic-7e9bd156_8ec2_4182_bfc7_2a36710f2c59
	compression.gzip.level = -1
	compression.lz4.level = 9
	compression.type = none
	compression.zstd.level = 3
	connections.max.idle.ms = 10000
	delivery.timeout.ms = 120000
	enable.idempotence = true
	enable.metrics.push = true
	interceptor.classes = []
	key.serializer = class org.apache.kafka.common.serialization.StringSerializer
	linger.ms = 0
	max.block.ms = 60000
	max.in.flight.requests.per.connection = 5
	max.request.size = 1048576
	metadata.max.age.ms = 300000
	metadata.max.idle.ms = 300000
	metadata.recovery.strategy = none
	metric.reporters = []
	metrics.num.samples = 2
	metrics.recording.level = INFO
	metrics.sample.window.ms = 30000
	partitioner.adaptive.partitioning.enable = true
	partitioner.availability.timeout.ms = 0
	partitioner.class = null
	partitioner.ignore.keys = false
	receive.buffer.bytes = 32768
	reconnect.backoff.max.ms = 1000
	reconnect.backoff.ms = 50
	request.timeout.ms = 5000
	retries = 2147483647
	retry.backoff.max.ms = 1000
	retry.backoff.ms = 100
	sasl.client.callback.handler.class = null
	sasl.jaas.config = null
	sasl.kerberos.kinit.cmd = /usr/bin/kinit
	sasl.kerberos.min.time.before.relogin = 60000
	sasl.kerberos.service.name = null
	sasl.kerberos.ticket.renew.jitter = 0.05
	sasl.kerberos.ticket.renew.window.factor = 0.8
	sasl.login.callback.handler.class = null
	sasl.login.class = null
	sasl.login.connect.timeout.ms = null
	sasl.login.read.timeout.ms = null
	sasl.login.refresh.buffer.seconds = 300
	sasl.login.refresh.min.period.seconds = 60
	sasl.login.refresh.window.factor = 0.8
	sasl.login.refresh.window.jitter = 0.05
	sasl.login.retry.backoff.max.ms = 10000
	sasl.login.retry.backoff.ms = 100
	sasl.mechanism = GSSAPI
	sasl.oauthbearer.clock.skew.seconds = 30
	sasl.oauthbearer.expected.audience = null
	sasl.oauthbearer.expected.issuer = null
	sasl.oauthbearer.header.urlencode = false
	sasl.oauthbearer.jwks.endpoint.refresh.ms = 3600000
	sasl.oauthbearer.jwks.endpoint.retry.backoff.max.ms = 10000
	sasl.oauthbearer.jwks.endpoint.retry.backoff.ms = 100
	sasl.oauthbearer.jwks.endpoint.url = null
	sasl.oauthbearer.scope.claim.name = scope
	sasl.oauthbearer.sub.claim.name = sub
	sasl.oauthbearer.token.endpoint.url = null
	security.protocol = PLAINTEXT
	security.providers = null
	send.buffer.bytes = 131072
	socket.connection.setup.timeout.max.ms = 30000
	socket.connection.setup.timeout.ms = 10000
	ssl.cipher.suites = null
	ssl.enabled.protocols = [TLSv1.2, TLSv1.3]
	ssl.endpoint.identification.algorithm = https
	ssl.engine.factory.class = null
	ssl.key.password = null
	ssl.keymanager.algorithm = SunX509
	ssl.keystore.certificate.chain = null
	ssl.keystore.key = null
	ssl.keystore.location = null
	ssl.keystore.password = null
	ssl.keystore.type = JKS
	ssl.protocol = TLSv1.3
	ssl.provider = null
	ssl.secure.random.implementation = null
	ssl.trustmanager.algorithm = PKIX
	ssl.truststore.certificates = null
	ssl.truststore.location = null
	ssl.truststore.password = null
	ssl.truststore.type = JKS
	transaction.timeout.ms = 60000
	transactional.id = null
	value.serializer = class io.confluent.kafka.serializers.KafkaAvroSerializer

2025-07-31 15:54:54,624 INFO  [org.apa.kaf.com.tel.int.KafkaMetricsCollector] (main) initializing Kafka metrics collector
2025-07-31 15:54:54,625 INFO  [io.con.kaf.ser.KafkaAvroSerializerConfig] (main) KafkaAvroSerializerConfig values: 
	auto.register.schemas = false
	avro.reflection.allow.null = false
	avro.remove.java.properties = false
	avro.use.logical.type.converters = false
	basic.auth.credentials.source = URL
	basic.auth.user.info = [hidden]
	bearer.auth.cache.expiry.buffer.seconds = 300
	bearer.auth.client.id = null
	bearer.auth.client.secret = null
	bearer.auth.credentials.source = STATIC_TOKEN
	bearer.auth.custom.provider.class = null
	bearer.auth.identity.pool.id = null
	bearer.auth.issuer.endpoint.url = null
	bearer.auth.logical.cluster = null
	bearer.auth.scope = null
	bearer.auth.scope.claim.name = scope
	bearer.auth.sub.claim.name = sub
	bearer.auth.token = [hidden]
	context.name.strategy = class io.confluent.kafka.serializers.context.NullContextNameStrategy
	http.connect.timeout.ms = 60000
	http.read.timeout.ms = 60000
	id.compatibility.strict = true
	key.subject.name.strategy = class io.confluent.kafka.serializers.subject.TopicNameStrategy
	latest.cache.size = 1000
	latest.cache.ttl.sec = -1
	latest.compatibility.strict = true
	max.retries = 3
	max.schemas.per.subject = 1000
	normalize.schemas = false
	propagate.schema.tags = false
	proxy.host = 
	proxy.port = -1
	retries.max.wait.ms = 20000
	retries.wait.ms = 1000
	rule.actions = []
	rule.executors = []
	rule.service.loader.enable = true
	schema.format = null
	schema.reflection = false
	schema.registry.basic.auth.user.info = [hidden]
	schema.registry.ssl.cipher.suites = null
	schema.registry.ssl.enabled.protocols = [TLSv1.2, TLSv1.3]
	schema.registry.ssl.endpoint.identification.algorithm = https
	schema.registry.ssl.engine.factory.class = null
	schema.registry.ssl.key.password = null
	schema.registry.ssl.keymanager.algorithm = SunX509
	schema.registry.ssl.keystore.certificate.chain = null
	schema.registry.ssl.keystore.key = null
	schema.registry.ssl.keystore.location = null
	schema.registry.ssl.keystore.password = null
	schema.registry.ssl.keystore.type = JKS
	schema.registry.ssl.protocol = TLSv1.3
	schema.registry.ssl.provider = null
	schema.registry.ssl.secure.random.implementation = null
	schema.registry.ssl.trustmanager.algorithm = PKIX
	schema.registry.ssl.truststore.certificates = null
	schema.registry.ssl.truststore.location = null
	schema.registry.ssl.truststore.password = null
	schema.registry.ssl.truststore.type = JKS
	schema.registry.url = [http://registry-app-kafkasql.apps.ci419.apicurio-testing.org:80/apis/ccompat/v7]
	use.latest.version = false
	use.latest.with.metadata = null
	use.schema.id = -1
	value.subject.name.strategy = class io.confluent.kafka.serializers.subject.RecordNameStrategy

2025-07-31 15:54:54,626 INFO  [org.apa.kaf.cli.pro.KafkaProducer] (main) [Producer clientId=Producer-topic-7e9bd156_8ec2_4182_bfc7_2a36710f2c59] Instantiated an idempotent producer.
2025-07-31 15:54:54,628 INFO  [org.apa.kaf.cli.pro.ProducerConfig] (main) These configurations '[schema.registry.url, auto.register.schemas, value.subject.name.strategy]' were supplied but are not used yet.
2025-07-31 15:54:54,628 INFO  [org.apa.kaf.com.uti.AppInfoParser] (main) Kafka version: 3.9.0
2025-07-31 15:54:54,628 INFO  [org.apa.kaf.com.uti.AppInfoParser] (main) Kafka commitId: 84caaa6e9da06435
2025-07-31 15:54:54,628 INFO  [org.apa.kaf.com.uti.AppInfoParser] (main) Kafka startTimeMs: 1753977294628
2025-07-31 15:54:54,630 INFO  [io.api.tes.ser.api.KafkaSerdesTester] (Thread-430) Sending message {"wrongkey": "value-0"} to topic topic-7e9bd156_8ec2_4182_bfc7_2a36710f2c59
2025-07-31 15:54:54,634 INFO  [org.apa.kaf.cli.Metadata] (kafka-producer-network-thread | Producer-topic-7e9bd156_8ec2_4182_bfc7_2a36710f2c59) [Producer clientId=Producer-topic-7e9bd156_8ec2_4182_bfc7_2a36710f2c59] Cluster ID: k5QcScx1TGu5ZEx470RFLw
2025-07-31 15:54:54,635 INFO  [org.apa.kaf.cli.pro.int.TransactionManager] (kafka-producer-network-thread | Producer-topic-7e9bd156_8ec2_4182_bfc7_2a36710f2c59) [Producer clientId=Producer-topic-7e9bd156_8ec2_4182_bfc7_2a36710f2c59] ProducerId set to 57 with epoch 0
2025-07-31 15:54:54,694 INFO  [org.apa.kaf.cli.pro.KafkaProducer] (Thread-430) [Producer clientId=Producer-topic-7e9bd156_8ec2_4182_bfc7_2a36710f2c59] Closing the Kafka producer with timeoutMillis = 9223372036854775807 ms.
2025-07-31 15:54:54,696 INFO  [org.apa.kaf.com.met.Metrics] (Thread-430) Metrics scheduler closed
2025-07-31 15:54:54,696 INFO  [org.apa.kaf.com.met.Metrics] (Thread-430) Closing reporter org.apache.kafka.common.metrics.JmxReporter
2025-07-31 15:54:54,696 INFO  [org.apa.kaf.com.met.Metrics] (Thread-430) Closing reporter org.apache.kafka.common.telemetry.internals.ClientTelemetryReporter
2025-07-31 15:54:54,696 INFO  [org.apa.kaf.com.met.Metrics] (Thread-430) Metrics reporters closed
2025-07-31 15:54:54,696 INFO  [org.apa.kaf.com.uti.AppInfoParser] (Thread-430) App info kafka.producer for Producer-topic-7e9bd156_8ec2_4182_bfc7_2a36710f2c59 unregistered
2025-07-31 15:54:54,814 INFO  [io.api.tes.ser.con.BasicConfluentSerDesIT] (main) Deleting confluent schema myrecordconfluent2
2025-07-31 15:54:54,899 INFO  [io.api.tes.uti.TestSeparator] (main) io.apicurio.tests.serdes.confluent.BasicConfluentSerDesIT.testAvroConfluentSerDesFail-FINISHED
2025-07-31 15:54:54,899 INFO  [io.api.tes.uti.TestSeparator] (main) ############################################################################
]]></system-out>
  </testcase>
  <testcase name="testAvroConfluentSerDesWrongStrategyRecord" classname="io.apicurio.tests.serdes.confluent.BasicConfluentSerDesIT" time="0.487">
    <system-out><![CDATA[2025-07-31 15:54:54,900 INFO  [io.api.tes.uti.TestSeparator] (main) ############################################################################
2025-07-31 15:54:54,900 INFO  [io.api.tes.uti.TestSeparator] (main) io.apicurio.tests.serdes.confluent.BasicConfluentSerDesIT.testAvroConfluentSerDesWrongStrategyRecord-STARTED
2025-07-31 15:54:55,056 INFO  [io.api.tes.ser.con.BasicConfluentSerDesIT] (main) Checking that created schema is equal to the get schema
2025-07-31 15:54:55,116 INFO  [io.api.tes.ser.con.BasicConfluentSerDesIT] (main) Created schema with id:74 and name:myrecordconfluent4
2025-07-31 15:54:55,117 INFO  [org.apa.kaf.cli.pro.ProducerConfig] (main) ProducerConfig values: 
	acks = -1
	auto.include.jmx.reporter = true
	batch.size = 16384
	bootstrap.servers = [PLAINTEXT://localhost:32770]
	buffer.memory = 33554432
	client.dns.lookup = use_all_dns_ips
	client.id = Producer-topic-59834c91_d332_48e1_928b_542b22a9fffb
	compression.gzip.level = -1
	compression.lz4.level = 9
	compression.type = none
	compression.zstd.level = 3
	connections.max.idle.ms = 10000
	delivery.timeout.ms = 120000
	enable.idempotence = true
	enable.metrics.push = true
	interceptor.classes = []
	key.serializer = class org.apache.kafka.common.serialization.StringSerializer
	linger.ms = 0
	max.block.ms = 60000
	max.in.flight.requests.per.connection = 5
	max.request.size = 1048576
	metadata.max.age.ms = 300000
	metadata.max.idle.ms = 300000
	metadata.recovery.strategy = none
	metric.reporters = []
	metrics.num.samples = 2
	metrics.recording.level = INFO
	metrics.sample.window.ms = 30000
	partitioner.adaptive.partitioning.enable = true
	partitioner.availability.timeout.ms = 0
	partitioner.class = null
	partitioner.ignore.keys = false
	receive.buffer.bytes = 32768
	reconnect.backoff.max.ms = 1000
	reconnect.backoff.ms = 50
	request.timeout.ms = 5000
	retries = 2147483647
	retry.backoff.max.ms = 1000
	retry.backoff.ms = 100
	sasl.client.callback.handler.class = null
	sasl.jaas.config = null
	sasl.kerberos.kinit.cmd = /usr/bin/kinit
	sasl.kerberos.min.time.before.relogin = 60000
	sasl.kerberos.service.name = null
	sasl.kerberos.ticket.renew.jitter = 0.05
	sasl.kerberos.ticket.renew.window.factor = 0.8
	sasl.login.callback.handler.class = null
	sasl.login.class = null
	sasl.login.connect.timeout.ms = null
	sasl.login.read.timeout.ms = null
	sasl.login.refresh.buffer.seconds = 300
	sasl.login.refresh.min.period.seconds = 60
	sasl.login.refresh.window.factor = 0.8
	sasl.login.refresh.window.jitter = 0.05
	sasl.login.retry.backoff.max.ms = 10000
	sasl.login.retry.backoff.ms = 100
	sasl.mechanism = GSSAPI
	sasl.oauthbearer.clock.skew.seconds = 30
	sasl.oauthbearer.expected.audience = null
	sasl.oauthbearer.expected.issuer = null
	sasl.oauthbearer.header.urlencode = false
	sasl.oauthbearer.jwks.endpoint.refresh.ms = 3600000
	sasl.oauthbearer.jwks.endpoint.retry.backoff.max.ms = 10000
	sasl.oauthbearer.jwks.endpoint.retry.backoff.ms = 100
	sasl.oauthbearer.jwks.endpoint.url = null
	sasl.oauthbearer.scope.claim.name = scope
	sasl.oauthbearer.sub.claim.name = sub
	sasl.oauthbearer.token.endpoint.url = null
	security.protocol = PLAINTEXT
	security.providers = null
	send.buffer.bytes = 131072
	socket.connection.setup.timeout.max.ms = 30000
	socket.connection.setup.timeout.ms = 10000
	ssl.cipher.suites = null
	ssl.enabled.protocols = [TLSv1.2, TLSv1.3]
	ssl.endpoint.identification.algorithm = https
	ssl.engine.factory.class = null
	ssl.key.password = null
	ssl.keymanager.algorithm = SunX509
	ssl.keystore.certificate.chain = null
	ssl.keystore.key = null
	ssl.keystore.location = null
	ssl.keystore.password = null
	ssl.keystore.type = JKS
	ssl.protocol = TLSv1.3
	ssl.provider = null
	ssl.secure.random.implementation = null
	ssl.trustmanager.algorithm = PKIX
	ssl.truststore.certificates = null
	ssl.truststore.location = null
	ssl.truststore.password = null
	ssl.truststore.type = JKS
	transaction.timeout.ms = 60000
	transactional.id = null
	value.serializer = class io.confluent.kafka.serializers.KafkaAvroSerializer

2025-07-31 15:54:55,117 INFO  [org.apa.kaf.com.tel.int.KafkaMetricsCollector] (main) initializing Kafka metrics collector
2025-07-31 15:54:55,117 INFO  [io.con.kaf.ser.KafkaAvroSerializerConfig] (main) KafkaAvroSerializerConfig values: 
	auto.register.schemas = false
	avro.reflection.allow.null = false
	avro.remove.java.properties = false
	avro.use.logical.type.converters = false
	basic.auth.credentials.source = URL
	basic.auth.user.info = [hidden]
	bearer.auth.cache.expiry.buffer.seconds = 300
	bearer.auth.client.id = null
	bearer.auth.client.secret = null
	bearer.auth.credentials.source = STATIC_TOKEN
	bearer.auth.custom.provider.class = null
	bearer.auth.identity.pool.id = null
	bearer.auth.issuer.endpoint.url = null
	bearer.auth.logical.cluster = null
	bearer.auth.scope = null
	bearer.auth.scope.claim.name = scope
	bearer.auth.sub.claim.name = sub
	bearer.auth.token = [hidden]
	context.name.strategy = class io.confluent.kafka.serializers.context.NullContextNameStrategy
	http.connect.timeout.ms = 60000
	http.read.timeout.ms = 60000
	id.compatibility.strict = true
	key.subject.name.strategy = class io.confluent.kafka.serializers.subject.TopicNameStrategy
	latest.cache.size = 1000
	latest.cache.ttl.sec = -1
	latest.compatibility.strict = true
	max.retries = 3
	max.schemas.per.subject = 1000
	normalize.schemas = false
	propagate.schema.tags = false
	proxy.host = 
	proxy.port = -1
	retries.max.wait.ms = 20000
	retries.wait.ms = 1000
	rule.actions = []
	rule.executors = []
	rule.service.loader.enable = true
	schema.format = null
	schema.reflection = false
	schema.registry.basic.auth.user.info = [hidden]
	schema.registry.ssl.cipher.suites = null
	schema.registry.ssl.enabled.protocols = [TLSv1.2, TLSv1.3]
	schema.registry.ssl.endpoint.identification.algorithm = https
	schema.registry.ssl.engine.factory.class = null
	schema.registry.ssl.key.password = null
	schema.registry.ssl.keymanager.algorithm = SunX509
	schema.registry.ssl.keystore.certificate.chain = null
	schema.registry.ssl.keystore.key = null
	schema.registry.ssl.keystore.location = null
	schema.registry.ssl.keystore.password = null
	schema.registry.ssl.keystore.type = JKS
	schema.registry.ssl.protocol = TLSv1.3
	schema.registry.ssl.provider = null
	schema.registry.ssl.secure.random.implementation = null
	schema.registry.ssl.trustmanager.algorithm = PKIX
	schema.registry.ssl.truststore.certificates = null
	schema.registry.ssl.truststore.location = null
	schema.registry.ssl.truststore.password = null
	schema.registry.ssl.truststore.type = JKS
	schema.registry.url = [http://registry-app-kafkasql.apps.ci419.apicurio-testing.org:80/apis/ccompat/v7]
	use.latest.version = false
	use.latest.with.metadata = null
	use.schema.id = -1
	value.subject.name.strategy = class io.confluent.kafka.serializers.subject.RecordNameStrategy

2025-07-31 15:54:55,119 INFO  [org.apa.kaf.cli.pro.KafkaProducer] (main) [Producer clientId=Producer-topic-59834c91_d332_48e1_928b_542b22a9fffb] Instantiated an idempotent producer.
2025-07-31 15:54:55,121 INFO  [org.apa.kaf.cli.pro.ProducerConfig] (main) These configurations '[schema.registry.url, auto.register.schemas, value.subject.name.strategy]' were supplied but are not used yet.
2025-07-31 15:54:55,121 INFO  [org.apa.kaf.com.uti.AppInfoParser] (main) Kafka version: 3.9.0
2025-07-31 15:54:55,121 INFO  [org.apa.kaf.com.uti.AppInfoParser] (main) Kafka commitId: 84caaa6e9da06435
2025-07-31 15:54:55,121 INFO  [org.apa.kaf.com.uti.AppInfoParser] (main) Kafka startTimeMs: 1753977295121
2025-07-31 15:54:55,121 INFO  [io.api.tes.ser.api.KafkaSerdesTester] (Thread-431) Sending message {"wrongkey": "value-0"} to topic topic-59834c91_d332_48e1_928b_542b22a9fffb
2025-07-31 15:54:55,125 INFO  [org.apa.kaf.cli.Metadata] (kafka-producer-network-thread | Producer-topic-59834c91_d332_48e1_928b_542b22a9fffb) [Producer clientId=Producer-topic-59834c91_d332_48e1_928b_542b22a9fffb] Cluster ID: k5QcScx1TGu5ZEx470RFLw
2025-07-31 15:54:55,125 INFO  [org.apa.kaf.cli.pro.int.TransactionManager] (kafka-producer-network-thread | Producer-topic-59834c91_d332_48e1_928b_542b22a9fffb) [Producer clientId=Producer-topic-59834c91_d332_48e1_928b_542b22a9fffb] ProducerId set to 58 with epoch 0
2025-07-31 15:54:55,184 INFO  [org.apa.kaf.cli.pro.KafkaProducer] (Thread-431) [Producer clientId=Producer-topic-59834c91_d332_48e1_928b_542b22a9fffb] Closing the Kafka producer with timeoutMillis = 9223372036854775807 ms.
2025-07-31 15:54:55,185 INFO  [org.apa.kaf.com.met.Metrics] (Thread-431) Metrics scheduler closed
2025-07-31 15:54:55,185 INFO  [org.apa.kaf.com.met.Metrics] (Thread-431) Closing reporter org.apache.kafka.common.metrics.JmxReporter
2025-07-31 15:54:55,185 INFO  [org.apa.kaf.com.met.Metrics] (Thread-431) Closing reporter org.apache.kafka.common.telemetry.internals.ClientTelemetryReporter
2025-07-31 15:54:55,185 INFO  [org.apa.kaf.com.met.Metrics] (Thread-431) Metrics reporters closed
2025-07-31 15:54:55,185 INFO  [org.apa.kaf.com.uti.AppInfoParser] (Thread-431) App info kafka.producer for Producer-topic-59834c91_d332_48e1_928b_542b22a9fffb unregistered
2025-07-31 15:54:55,303 INFO  [io.api.tes.ser.con.BasicConfluentSerDesIT] (main) Deleting confluent schema topic-59834c91_d332_48e1_928b_542b22a9fffb-value
2025-07-31 15:54:55,386 INFO  [io.api.tes.uti.TestSeparator] (main) io.apicurio.tests.serdes.confluent.BasicConfluentSerDesIT.testAvroConfluentSerDesWrongStrategyRecord-FINISHED
2025-07-31 15:54:55,386 INFO  [io.api.tes.uti.TestSeparator] (main) ############################################################################
]]></system-out>
  </testcase>
</testsuite>